<?xml version="1.0" encoding="UTF-8"?>
<TestRun id="9e4872f8-a696-4c4b-96e7-ebc6224819d2" name="dlab@DDBLD061B 2015-04-27 07:08:06" runUser="REDMOND\dlab" xmlns="http://microsoft.com/schemas/VisualStudio/TeamTest/2010">
  <Times creation="2015-04-27T07:08:06.7328758-07:00" queuing="2015-04-27T07:08:06.7328758-07:00" start="2015-04-27T07:08:06.7485005-07:00" finish="2014-04-27T07:09:28.3733150-07:00" />
  <TestSettings name="default" id="f37991ca-0be0-4857-b7e6-380405116cd2">
    <Execution>
      <TestTypeSpecific />
    </Execution>
    <Deployment runDeploymentRoot="dlab_DDBLD061B 2015-04-27 07_08_06" />
    <Properties />
  </TestSettings>
  <Results>
    <UnitTestResult executionId="a7d8dedd-2342-479f-966e-7ea60af7cb2d" testId="aba2fb0b-419a-4914-880f-88f9e78deda6" testName="V1" computerName="DDBLD061B" duration="00:00:00.0150000" startTime="2015-04-27T07:08:07.1391206-07:00" endTime="2014-03-27T07:08:07.1391206-07:00" testType="13cdc9d9-ddb5-4fa4-a97d-d965ccfc6d4b" outcome="Passed" testListId="8c84fa94-04c1-424b-9868-57a2d4851a1d" relativeResultsDirectory="a7d8dedd-2342-479f-966e-7ea60af7cb2d" />
    <UnitTestResult executionId="c64d3461-ccac-4567-bc86-de6f29595257" testId="134f8a33-7aba-4d1d-b697-ed1e2b090f0f" testName="V1" computerName="DDBLD061B" duration="00:00:00.0100000" startTime="2015-04-27T07:08:07.1547451-07:00" endTime="2015-04-27T07:08:07.1547451-07:00" testType="13cdc9d9-ddb5-4fa4-a97d-d965ccfc6d4b" outcome="Passed" testListId="8c84fa94-04c1-424b-9868-57a2d4851a1d" relativeResultsDirectory="c64d3461-ccac-4567-bc86-de6f29595257" />
    <UnitTestResult executionId="3bc310f3-c3b8-4d79-ad93-01e34a089886" testId="92109f0c-dc76-47f2-8a05-2c0dabc81083" testName="V2" computerName="DDBLD061B" duration="00:00:00.0970000" startTime="2015-04-27T07:08:07.1547451-07:00" endTime="2015-04-27T07:08:07.1547451-07:00" testType="13cdc9d9-ddb5-4fa4-a97d-d965ccfc6d4b" outcome="Passed" testListId="8c84fa94-04c1-424b-9868-57a2d4851a1d" relativeResultsDirectory="3bc310f3-c3b8-4d79-ad93-01e34a089886" />
    <UnitTestResult executionId="d2c5f706-ef99-43e1-a282-c04afa7246a6" testId="83dc89b0-340a-41a5-a0c1-cbd86c610f08" testName="V2" computerName="DDBLD061B" duration="00:00:00.0990000" startTime="2015-04-27T07:08:07.1547451-07:00" endTime="2015-04-27T07:08:07.1547451-07:00" testType="13cdc9d9-ddb5-4fa4-a97d-d965ccfc6d4b" outcome="Passed" testListId="8c84fa94-04c1-424b-9868-57a2d4851a1d" relativeResultsDirectory="d2c5f706-ef99-43e1-a282-c04afa7246a6" />
    <UnitTestResult executionId="fcc71934-d2ac-408c-bd9c-e4d475445ac6" testId="1acf7c91-30f6-4ff1-9341-93d93c116db9" testName="V2" computerName="DDBLD061B" duration="00:00:00.0040000" startTime="2015-04-27T07:08:07.1547451-07:00" endTime="2015-04-27T07:08:07.1547451-07:00" testType="13cdc9d9-ddb5-4fa4-a97d-d965ccfc6d4b" outcome="Passed" testListId="8c84fa94-04c1-424b-9868-57a2d4851a1d" relativeResultsDirectory="fcc71934-d2ac-408c-bd9c-e4d475445ac6" />
    <UnitTestResult executionId="0a547a1f-4fcf-471f-bd42-af99363139ef" testId="04e60502-56a3-43c8-98c2-1e6888bc54fd" testName="As" computerName="DDBLD061B" duration="00:00:00.0010000" startTime="2015-04-27T07:08:07.1547451-07:00" endTime="2015-04-27T07:08:07.1547451-07:00" testType="13cdc9d9-ddb5-4fa4-a97d-d965ccfc6d4b" outcome="Passed" testListId="8c84fa94-04c1-424b-9868-57a2d4851a1d" relativeResultsDirectory="0a547a1f-4fcf-471f-bd42-af99363139ef" />
    <UnitTestResult executionId="97eab464-64c8-4d2d-9568-5a7e7504013d" testId="4222e116-5d29-4564-98a5-85c062ab06dc" testName="FromValue" computerName="DDBLD061B" duration="00:00:00.0010000" startTime="2015-04-27T07:08:07.1547451-07:00" endTime="2015-04-27T07:08:07.1547451-07:00" testType="13cdc9d9-ddb5-4fa4-a97d-d965ccfc6d4b" outcome="Passed" testListId="8c84fa94-04c1-424b-9868-57a2d4851a1d" relativeResultsDirectory="97eab464-64c8-4d2d-9568-5a7e7504013d" />
    <UnitTestResult executionId="43822672-e554-45d7-b8a3-b81b8b6dae5d" testId="d1663bea-23e1-47da-bd21-c34a68cc0834" testName="V1" computerName="DDBLD061B" duration="00:00:00.0150000" startTime="2015-04-27T07:08:07.1547451-07:00" endTime="2015-04-27T07:08:07.1547451-07:00" testType="13cdc9d9-ddb5-4fa4-a97d-d965ccfc6d4b" outcome="Passed" testListId="8c84fa94-04c1-424b-9868-57a2d4851a1d" relativeResultsDirectory="43822672-e554-45d7-b8a3-b81b8b6dae5d" />
    <UnitTestResult executionId="8b54e780-6d3f-4854-a7ee-c6e3e89f87c5" testId="80baf119-fb33-406d-859c-1e4bae4c7b47" testName="V1" computerName="DDBLD061B" duration="00:00:00.0010000" startTime="2015-04-27T07:08:07.1547451-07:00" endTime="2015-04-27T07:08:07.1547451-07:00" testType="13cdc9d9-ddb5-4fa4-a97d-d965ccfc6d4b" outcome="Passed" testListId="8c84fa94-04c1-424b-9868-57a2d4851a1d" relativeResultsDirectory="8b54e780-6d3f-4854-a7ee-c6e3e89f87c5" />
    <UnitTestResult executionId="5207fc7d-95e3-43e9-b300-2c06ec6960b0" testId="885d9c10-4a57-4cbb-ab08-6cfe16dfe265" testName="V2" computerName="DDBLD061B" duration="00:00:00.0020000" startTime="2015-04-27T07:08:07.1547451-07:00" endTime="2015-04-27T07:08:07.1547451-07:00" testType="13cdc9d9-ddb5-4fa4-a97d-d965ccfc6d4b" outcome="Passed" testListId="8c84fa94-04c1-424b-9868-57a2d4851a1d" relativeResultsDirectory="5207fc7d-95e3-43e9-b300-2c06ec6960b0" />
    <UnitTestResult executionId="117e6845-51f7-4d8d-9c41-294f691e4809" testId="d97a109e-943c-440a-af0f-94954f11eb96" testName="V1" computerName="DDBLD061B" duration="00:00:00.0020000" startTime="2015-04-27T07:08:07.1547451-07:00" endTime="2015-04-27T07:08:07.1547451-07:00" testType="13cdc9d9-ddb5-4fa4-a97d-d965ccfc6d4b" outcome="Passed" testListId="8c84fa94-04c1-424b-9868-57a2d4851a1d" relativeResultsDirectory="117e6845-51f7-4d8d-9c41-294f691e4809" />
    <UnitTestResult executionId="11684649-e563-4edc-9f4d-99102a147a05" testId="e4f1fc70-b8e9-4ad5-ad20-c3119f7f9706" testName="V1" computerName="DDBLD061B" duration="00:00:00.0120000" startTime="2015-04-27T07:08:07.1547451-07:00" endTime="2015-04-27T07:08:07.1547451-07:00" testType="13cdc9d9-ddb5-4fa4-a97d-d965ccfc6d4b" outcome="Passed" testListId="8c84fa94-04c1-424b-9868-57a2d4851a1d" relativeResultsDirectory="11684649-e563-4edc-9f4d-99102a147a05" />
    <UnitTestResult executionId="01ddf934-e86c-456a-8466-e78cb597ff77" testId="0b3726cd-6678-4de7-8b4e-a5539c49e5bd" testName="V1" computerName="DDBLD061B" duration="00:00:00.0010000" startTime="2015-04-27T07:08:07.7953633-07:00" endTime="2015-04-27T07:08:07.7953633-07:00" testType="13cdc9d9-ddb5-4fa4-a97d-d965ccfc6d4b" outcome="Passed" testListId="8c84fa94-04c1-424b-9868-57a2d4851a1d" relativeResultsDirectory="01ddf934-e86c-456a-8466-e78cb597ff77" />
    <UnitTestResult executionId="82fd639c-1ba5-4ea5-82b6-43ac6a0835e2" testId="71aceecb-d725-4626-8f5b-6e3d6528dd14" testName="V2" computerName="DDBLD061B" duration="00:00:00.0030000" startTime="2015-04-27T07:08:07.7953633-07:00" endTime="2015-04-27T07:08:07.7953633-07:00" testType="13cdc9d9-ddb5-4fa4-a97d-d965ccfc6d4b" outcome="Passed" testListId="8c84fa94-04c1-424b-9868-57a2d4851a1d" relativeResultsDirectory="82fd639c-1ba5-4ea5-82b6-43ac6a0835e2" />
    <UnitTestResult executionId="e897538f-e6fb-490d-9135-40948b1f489e" testId="bc8b2cf3-f4d5-4c96-8bda-2ff3ed45b8e8" testName="V1" computerName="DDBLD061B" duration="00:00:00.0010000" startTime="2015-04-27T07:08:07.7953633-07:00" endTime="2015-04-27T07:08:07.7953633-07:00" testType="13cdc9d9-ddb5-4fa4-a97d-d965ccfc6d4b" outcome="Passed" testListId="8c84fa94-04c1-424b-9868-57a2d4851a1d" relativeResultsDirectory="e897538f-e6fb-490d-9135-40948b1f489e" />
    <UnitTestResult executionId="b6be722e-a2cc-4c0c-bac6-6c1e98f4a6b9" testId="7dae8158-858d-4963-9d15-c5457898b604" testName="V2" computerName="DDBLD061B" duration="00:00:00.0030000" startTime="2015-04-27T07:08:07.7953633-07:00" endTime="2015-04-27T07:08:07.7953633-07:00" testType="13cdc9d9-ddb5-4fa4-a97d-d965ccfc6d4b" outcome="Passed" testListId="8c84fa94-04c1-424b-9868-57a2d4851a1d" relativeResultsDirectory="b6be722e-a2cc-4c0c-bac6-6c1e98f4a6b9" />
    <UnitTestResult executionId="11d7b480-8b7e-43c7-9531-21795b24a6b8" testId="c5d54a71-7bc5-4a89-9b5c-37cce50d9047" testName="V2" computerName="DDBLD061B" duration="00:00:00.0010000" startTime="2015-04-27T07:08:07.7953633-07:00" endTime="2015-04-27T07:08:07.7953633-07:00" testType="13cdc9d9-ddb5-4fa4-a97d-d965ccfc6d4b" outcome="Passed" testListId="8c84fa94-04c1-424b-9868-57a2d4851a1d" relativeResultsDirectory="11d7b480-8b7e-43c7-9531-21795b24a6b8" />
    <UnitTestResult executionId="627a52e3-34db-4856-8054-43ae9c0e265c" testId="ffa50db9-df7b-483c-95cf-c03455fed013" testName="V1" computerName="DDBLD061B" duration="00:00:00.1330000" startTime="2015-04-27T07:08:07.7953633-07:00" endTime="2015-04-27T07:08:07.7953633-07:00" testType="13cdc9d9-ddb5-4fa4-a97d-d965ccfc6d4b" outcome="Passed" testListId="8c84fa94-04c1-424b-9868-57a2d4851a1d" relativeResultsDirectory="627a52e3-34db-4856-8054-43ae9c0e265c" />
    <UnitTestResult executionId="93a91a6a-d819-4a01-af01-e06ca5e88178" testId="1415f51d-c884-4a5e-bda4-406e76399401" testName="V2" computerName="DDBLD061B" duration="00:00:00.0070000" startTime="2015-04-27T07:08:07.8109879-07:00" endTime="2015-04-27T07:08:07.8109879-07:00" testType="13cdc9d9-ddb5-4fa4-a97d-d965ccfc6d4b" outcome="Passed" testListId="8c84fa94-04c1-424b-9868-57a2d4851a1d" relativeResultsDirectory="93a91a6a-d819-4a01-af01-e06ca5e88178" />
    <UnitTestResult executionId="633921d0-1a64-454b-be10-ab76af9807f1" testId="964f3b9a-f7db-4ed2-9c4a-6e73074058db" testName="V1" computerName="DDBLD061B" duration="00:00:00.0020000" startTime="2015-04-27T07:08:08.4203551-07:00" endTime="2015-04-27T07:08:08.4203551-07:00" testType="13cdc9d9-ddb5-4fa4-a97d-d965ccfc6d4b" outcome="Passed" testListId="8c84fa94-04c1-424b-9868-57a2d4851a1d" relativeResultsDirectory="633921d0-1a64-454b-be10-ab76af9807f1" />
    <UnitTestResult executionId="f6913999-e9cb-4d67-ba19-a1d364d5d251" testId="a9eb4be0-f9c6-42c5-961b-d9f7a1f9b20c" testName="MissingRequiredImport" computerName="DDBLD061B" duration="00:00:00.0200000" startTime="2015-04-27T07:08:08.4203551-07:00" endTime="2015-04-27T07:08:08.4203551-07:00" testType="13cdc9d9-ddb5-4fa4-a97d-d965ccfc6d4b" outcome="Passed" testListId="8c84fa94-04c1-424b-9868-57a2d4851a1d" relativeResultsDirectory="f6913999-e9cb-4d67-ba19-a1d364d5d251" />
    <UnitTestResult executionId="f22ff48f-bc12-406b-8b99-cb10938daad4" testId="62f03d0a-03a8-463a-a8d1-f7b69f7f1338" testName="V1" computerName="DDBLD061B" duration="00:00:00.0180000" startTime="2015-04-27T07:08:08.4203551-07:00" endTime="2015-04-27T07:08:08.4203551-07:00" testType="13cdc9d9-ddb5-4fa4-a97d-d965ccfc6d4b" outcome="Passed" testListId="8c84fa94-04c1-424b-9868-57a2d4851a1d" relativeResultsDirectory="f22ff48f-bc12-406b-8b99-cb10938daad4" />
    <UnitTestResult executionId="adeb9097-48e0-4a5a-9721-823d90aa6209" testId="d2af13b6-2081-4e1f-963a-81a623fe6786" testName="V2" computerName="DDBLD061B" duration="00:00:00.0190000" startTime="2015-04-27T07:08:08.4203551-07:00" endTime="2015-04-27T07:08:08.4203551-07:00" testType="13cdc9d9-ddb5-4fa4-a97d-d965ccfc6d4b" outcome="Passed" testListId="8c84fa94-04c1-424b-9868-57a2d4851a1d" relativeResultsDirectory="adeb9097-48e0-4a5a-9721-823d90aa6209" />
    <UnitTestResult executionId="37436f0e-8251-4a1e-bcf1-0d3df46bb2c8" testId="a71d709e-e996-463d-aadc-2241eb49ccf8" testName="V1" computerName="DDBLD061B" duration="00:00:00.0050000" startTime="2015-04-27T07:08:08.4203551-07:00" endTime="2015-04-27T07:08:08.4203551-07:00" testType="13cdc9d9-ddb5-4fa4-a97d-d965ccfc6d4b" outcome="Passed" testListId="8c84fa94-04c1-424b-9868-57a2d4851a1d" relativeResultsDirectory="37436f0e-8251-4a1e-bcf1-0d3df46bb2c8" />
    <UnitTestResult executionId="08386920-4ece-42b1-b04d-229c42e7a213" testId="1451a16b-0bf4-43ed-a459-910cb463f7c4" testName="EqualsConsidersMetadataWithArrays" computerName="DDBLD061B" duration="00:00:00.0060000" startTime="2015-04-27T07:08:08.4203551-07:00" endTime="2015-04-27T07:08:08.4203551-07:00" testType="13cdc9d9-ddb5-4fa4-a97d-d965ccfc6d4b" outcome="Passed" testListId="8c84fa94-04c1-424b-9868-57a2d4851a1d" relativeResultsDirectory="08386920-4ece-42b1-b04d-229c42e7a213" />
    <UnitTestResult executionId="1aac5509-9138-4a06-aad2-2f85dd549232" testId="1af55a62-58ee-4d1a-9c30-4521ceb9b928" testName="V1" computerName="DDBLD061B" duration="00:00:00.0020000" startTime="2015-04-27T07:08:08.8734738-07:00" endTime="2015-04-27T07:08:08.8734738-07:00" testType="13cdc9d9-ddb5-4fa4-a97d-d965ccfc6d4b" outcome="Passed" testListId="8c84fa94-04c1-424b-9868-57a2d4851a1d" relativeResultsDirectory="1aac5509-9138-4a06-aad2-2f85dd549232" />
    <UnitTestResult executionId="17ee9da9-4186-4c07-ad6d-1c159b1a576e" testId="140b9ba7-ede3-4971-a6b1-e3a4c38b04e5" testName="V2" computerName="DDBLD061B" duration="00:00:00.0020000" startTime="2015-04-27T07:08:08.8734738-07:00" endTime="2015-04-27T07:08:08.8734738-07:00" testType="13cdc9d9-ddb5-4fa4-a97d-d965ccfc6d4b" outcome="Passed" testListId="8c84fa94-04c1-424b-9868-57a2d4851a1d" relativeResultsDirectory="17ee9da9-4186-4c07-ad6d-1c159b1a576e" />
    <UnitTestResult executionId="3056e290-1b81-48e5-ba6a-89b011d9c202" testId="6820c66a-2cc9-4df8-b0d6-752c03bc9d0b" testName="V1" computerName="DDBLD061B" duration="00:00:00.0010000" startTime="2015-04-27T07:08:08.8734738-07:00" endTime="2015-04-27T07:08:08.8734738-07:00" testType="13cdc9d9-ddb5-4fa4-a97d-d965ccfc6d4b" outcome="Passed" testListId="8c84fa94-04c1-424b-9868-57a2d4851a1d" relativeResultsDirectory="3056e290-1b81-48e5-ba6a-89b011d9c202" />
    <UnitTestResult executionId="59ad60b0-058a-4980-a39a-6bdd3229e15c" testId="1f3df6eb-3039-48f6-91d3-e055ab76d6c6" testName="V1" computerName="DDBLD061B" duration="00:00:00.0010000" startTime="2015-04-27T07:08:08.8734738-07:00" endTime="2015-04-27T07:08:08.8734738-07:00" testType="13cdc9d9-ddb5-4fa4-a97d-d965ccfc6d4b" outcome="Passed" testListId="8c84fa94-04c1-424b-9868-57a2d4851a1d" relativeResultsDirectory="59ad60b0-058a-4980-a39a-6bdd3229e15c" />
    <UnitTestResult executionId="30bcfec7-39bc-4bd0-9df5-137cd1dec3d2" testId="cc0f3ac0-692d-4dcd-ad54-27303aaf7128" testName="V2" computerName="DDBLD061B" duration="00:00:00.0010000" startTime="2015-04-27T07:08:08.8734738-07:00" endTime="2015-04-27T07:08:08.8734738-07:00" testType="13cdc9d9-ddb5-4fa4-a97d-d965ccfc6d4b" outcome="Passed" testListId="8c84fa94-04c1-424b-9868-57a2d4851a1d" relativeResultsDirectory="30bcfec7-39bc-4bd0-9df5-137cd1dec3d2" />
    <UnitTestResult executionId="d1d23fe1-df21-4128-8764-45d9c525ec02" testId="52296eda-5d75-436f-803f-6db5c70c59cc" testName="V1" computerName="DDBLD061B" duration="00:00:00.0020000" startTime="2015-04-27T07:08:08.8734738-07:00" endTime="2015-04-27T07:08:08.8734738-07:00" testType="13cdc9d9-ddb5-4fa4-a97d-d965ccfc6d4b" outcome="Passed" testListId="8c84fa94-04c1-424b-9868-57a2d4851a1d" relativeResultsDirectory="d1d23fe1-df21-4128-8764-45d9c525ec02" />
    <UnitTestResult executionId="2a790410-ef10-4ef8-99f3-bb40bd1cfc19" testId="2da2a3b9-89ee-4347-bca7-e382bfc8a6a8" testName="V1" computerName="DDBLD061B" duration="00:00:00.0030000" startTime="2015-04-27T07:08:08.8734738-07:00" endTime="2015-04-27T07:08:08.8734738-07:00" testType="13cdc9d9-ddb5-4fa4-a97d-d965ccfc6d4b" outcome="Passed" testListId="8c84fa94-04c1-424b-9868-57a2d4851a1d" relativeResultsDirectory="2a790410-ef10-4ef8-99f3-bb40bd1cfc19" />
    <UnitTestResult executionId="c145f0de-6c53-42fc-a4e4-0240082af198" testId="2fa5a36e-6c17-4b66-9ce6-98b444edd1eb" testName="V2" computerName="DDBLD061B" duration="00:00:00.0010000" startTime="2015-04-27T07:08:09.6859629-07:00" endTime="2015-04-27T07:08:09.6859629-07:00" testType="13cdc9d9-ddb5-4fa4-a97d-d965ccfc6d4b" outcome="Passed" testListId="8c84fa94-04c1-424b-9868-57a2d4851a1d" relativeResultsDirectory="c145f0de-6c53-42fc-a4e4-0240082af198" />
    <UnitTestResult executionId="00514587-8e83-4170-a307-beae38b6a03a" testId="f2488af1-457b-4771-97f2-2422a0beb0b3" testName="EqualsDistinguishesArrays" computerName="DDBLD061B" duration="00:00:00.0040000" startTime="2015-04-27T07:08:09.6859629-07:00" endTime="2015-04-27T07:08:09.6859629-07:00" testType="13cdc9d9-ddb5-4fa4-a97d-d965ccfc6d4b" outcome="Passed" testListId="8c84fa94-04c1-424b-9868-57a2d4851a1d" relativeResultsDirectory="00514587-8e83-4170-a307-beae38b6a03a" />
    <UnitTestResult executionId="1b081333-e3e8-4c0d-98ed-99b272a8de02" testId="d34af85c-d8a8-4d10-98a0-8f13a22fe2fd" testName="V2" computerName="DDBLD061B" duration="00:00:00.0040000" startTime="2015-04-27T07:08:09.6859629-07:00" endTime="2015-04-27T07:08:09.6859629-07:00" testType="13cdc9d9-ddb5-4fa4-a97d-d965ccfc6d4b" outcome="Passed" testListId="8c84fa94-04c1-424b-9868-57a2d4851a1d" relativeResultsDirectory="1b081333-e3e8-4c0d-98ed-99b272a8de02" />
    <UnitTestResult executionId="cbe6ba57-d6a0-4735-95c6-1e690b404d2f" testId="c72ce569-6378-40ca-bc37-d592b436123c" testName="V1" computerName="DDBLD061B" duration="00:00:00.0020000" startTime="2015-04-27T07:08:09.6859629-07:00" endTime="2015-04-27T07:08:09.6859629-07:00" testType="13cdc9d9-ddb5-4fa4-a97d-d965ccfc6d4b" outcome="Passed" testListId="8c84fa94-04c1-424b-9868-57a2d4851a1d" relativeResultsDirectory="cbe6ba57-d6a0-4735-95c6-1e690b404d2f" />
    <UnitTestResult executionId="1f22c88a-9f2a-454c-a062-9791d3f96d16" testId="af9f59aa-a541-4710-bef8-1fd7049575e9" testName="V1" computerName="DDBLD061B" duration="00:00:00.0010000" startTime="2015-04-27T07:08:09.6859629-07:00" endTime="2015-04-27T07:08:09.6859629-07:00" testType="13cdc9d9-ddb5-4fa4-a97d-d965ccfc6d4b" outcome="Passed" testListId="8c84fa94-04c1-424b-9868-57a2d4851a1d" relativeResultsDirectory="1f22c88a-9f2a-454c-a062-9791d3f96d16" />
    <UnitTestResult executionId="f4529286-279d-460e-bae9-c5cb041d8112" testId="b871d0ed-03f4-4caa-9fed-3181f4612ebf" testName="V1" computerName="DDBLD061B" duration="00:00:00.0020000" startTime="2015-04-27T07:08:09.6859629-07:00" endTime="2015-04-27T07:08:09.6859629-07:00" testType="13cdc9d9-ddb5-4fa4-a97d-d965ccfc6d4b" outcome="Passed" testListId="8c84fa94-04c1-424b-9868-57a2d4851a1d" relativeResultsDirectory="f4529286-279d-460e-bae9-c5cb041d8112" />
    <UnitTestResult executionId="ea24c68b-48d0-4fd7-83a4-5f809503398b" testId="18880851-0b09-40ba-9014-17cb8806b787" testName="V2" computerName="DDBLD061B" duration="00:00:00.0060000" startTime="2015-04-27T07:08:10.1234568-07:00" endTime="2015-04-27T07:08:10.1234568-07:00" testType="13cdc9d9-ddb5-4fa4-a97d-d965ccfc6d4b" outcome="Passed" testListId="8c84fa94-04c1-424b-9868-57a2d4851a1d" relativeResultsDirectory="ea24c68b-48d0-4fd7-83a4-5f809503398b" />
    <UnitTestResult executionId="3910c5aa-827d-46d3-9640-b3a001d5ffff" testId="79177cd3-f8bd-468e-a4e6-e98983030682" testName="V1" computerName="DDBLD061B" duration="00:00:00.0020000" startTime="2015-04-27T07:08:10.1234568-07:00" endTime="2015-04-27T07:08:10.1234568-07:00" testType="13cdc9d9-ddb5-4fa4-a97d-d965ccfc6d4b" outcome="Passed" testListId="8c84fa94-04c1-424b-9868-57a2d4851a1d" relativeResultsDirectory="3910c5aa-827d-46d3-9640-b3a001d5ffff" />
    <UnitTestResult executionId="678b5ed4-52cd-4151-a972-1a106f3272bd" testId="8186ebce-647e-4521-b140-b96a98c8113a" testName="V1" computerName="DDBLD061B" duration="00:00:00.0020000" startTime="2015-04-27T07:08:10.1234568-07:00" endTime="2015-04-27T07:08:10.1234568-07:00" testType="13cdc9d9-ddb5-4fa4-a97d-d965ccfc6d4b" outcome="Passed" testListId="8c84fa94-04c1-424b-9868-57a2d4851a1d" relativeResultsDirectory="678b5ed4-52cd-4151-a972-1a106f3272bd" />
    <UnitTestResult executionId="a1b393ba-1478-4db0-b8b9-9cfa87cb2f1f" testId="7f62cc87-bcc8-4c6a-ad69-e9f9c1597a70" testName="V2" computerName="DDBLD061B" duration="00:00:00.0010000" startTime="2015-04-27T07:08:10.1234568-07:00" endTime="2015-04-27T07:08:10.1234568-07:00" testType="13cdc9d9-ddb5-4fa4-a97d-d965ccfc6d4b" outcome="Passed" testListId="8c84fa94-04c1-424b-9868-57a2d4851a1d" relativeResultsDirectory="a1b393ba-1478-4db0-b8b9-9cfa87cb2f1f" />
    <UnitTestResult executionId="f7cf26f7-24b9-449e-9bb9-6fa96000abeb" testId="00213236-8d6c-4c9d-b336-55892feae6ef" testName="V2" computerName="DDBLD061B" duration="00:00:00.0340000" startTime="2015-04-27T07:08:10.1234568-07:00" endTime="2015-04-27T07:08:10.1234568-07:00" testType="13cdc9d9-ddb5-4fa4-a97d-d965ccfc6d4b" outcome="Passed" testListId="8c84fa94-04c1-424b-9868-57a2d4851a1d" relativeResultsDirectory="f7cf26f7-24b9-449e-9bb9-6fa96000abeb" />
    <UnitTestResult executionId="bd54c421-2161-4a1a-b92e-335ae6dc0a16" testId="cd8c0792-024f-4937-9d3c-cd3af6d5fdab" testName="V1" computerName="DDBLD061B" duration="00:00:00.0020000" startTime="2015-04-27T07:08:10.1234568-07:00" endTime="2015-04-27T07:08:10.1234568-07:00" testType="13cdc9d9-ddb5-4fa4-a97d-d965ccfc6d4b" outcome="Passed" testListId="8c84fa94-04c1-424b-9868-57a2d4851a1d" relativeResultsDirectory="bd54c421-2161-4a1a-b92e-335ae6dc0a16" />
    <UnitTestResult executionId="1d6c440a-1873-4872-b25d-4c7ce4aa2d8e" testId="d10b2973-d88d-4c32-b289-4189dae23c21" testName="V2" computerName="DDBLD061B" duration="00:00:00.0050000" startTime="2015-04-27T07:08:10.7796993-07:00" endTime="2015-04-27T07:08:10.7796993-07:00" testType="13cdc9d9-ddb5-4fa4-a97d-d965ccfc6d4b" outcome="Passed" testListId="8c84fa94-04c1-424b-9868-57a2d4851a1d" relativeResultsDirectory="1d6c440a-1873-4872-b25d-4c7ce4aa2d8e" />
    <UnitTestResult executionId="2f551efe-9b63-4c6a-a4eb-737e6d2eec2c" testId="8cb452d3-fb25-4683-a602-5d224f171081" testName="V1" computerName="DDBLD061B" duration="00:00:00.0010000" startTime="2015-04-27T07:08:10.7796993-07:00" endTime="2015-04-27T07:08:10.7796993-07:00" testType="13cdc9d9-ddb5-4fa4-a97d-d965ccfc6d4b" outcome="Passed" testListId="8c84fa94-04c1-424b-9868-57a2d4851a1d" relativeResultsDirectory="2f551efe-9b63-4c6a-a4eb-737e6d2eec2c" />
    <UnitTestResult executionId="1e93d3d6-56f1-431a-a267-9473bd3a187e" testId="238b67a3-2874-413b-a24b-162203d4f319" testName="V2" computerName="DDBLD061B" duration="00:00:00.0020000" startTime="2015-04-27T07:08:10.7796993-07:00" endTime="2015-04-27T07:08:10.7796993-07:00" testType="13cdc9d9-ddb5-4fa4-a97d-d965ccfc6d4b" outcome="Passed" testListId="8c84fa94-04c1-424b-9868-57a2d4851a1d" relativeResultsDirectory="1e93d3d6-56f1-431a-a267-9473bd3a187e" />
    <UnitTestResult executionId="ce6c83d5-4c48-423c-a79d-a19b6a6be803" testId="2b265d69-a154-4f4f-94c5-e48fdadf0999" testName="V2" computerName="DDBLD061B" duration="00:00:00.0010000" startTime="2015-04-27T07:08:10.7796993-07:00" endTime="2015-04-27T07:08:10.7796993-07:00" testType="13cdc9d9-ddb5-4fa4-a97d-d965ccfc6d4b" outcome="Passed" testListId="8c84fa94-04c1-424b-9868-57a2d4851a1d" relativeResultsDirectory="ce6c83d5-4c48-423c-a79d-a19b6a6be803" />
    <UnitTestResult executionId="9cc4458f-f883-4314-a0f1-9a8548c2a86c" testId="ad6b3aca-a73e-4076-a840-138541557d36" testName="V1" computerName="DDBLD061B" duration="00:00:00.0010000" startTime="2015-04-27T07:08:10.7796993-07:00" endTime="2015-04-27T07:08:10.7796993-07:00" testType="13cdc9d9-ddb5-4fa4-a97d-d965ccfc6d4b" outcome="Passed" testListId="8c84fa94-04c1-424b-9868-57a2d4851a1d" relativeResultsDirectory="9cc4458f-f883-4314-a0f1-9a8548c2a86c" />
    <UnitTestResult executionId="932e1ef1-9e2c-4d33-9777-211ddc2f69af" testId="59e2d5da-8234-402c-a5f3-cb2099533e39" testName="V1" computerName="DDBLD061B" duration="00:00:00.0020000" startTime="2015-04-27T07:08:10.7796993-07:00" endTime="2015-04-27T07:08:10.7796993-07:00" testType="13cdc9d9-ddb5-4fa4-a97d-d965ccfc6d4b" outcome="Passed" testListId="8c84fa94-04c1-424b-9868-57a2d4851a1d" relativeResultsDirectory="932e1ef1-9e2c-4d33-9777-211ddc2f69af" />
    <UnitTestResult executionId="d9b222cb-00bc-4551-aa1a-4694b4613447" testId="49a0af53-a5c3-44c6-b3fa-c18830387865" testName="V2" computerName="DDBLD061B" duration="00:00:00.0020000" startTime="2015-04-27T07:08:10.7796993-07:00" endTime="2015-04-27T07:08:10.7796993-07:00" testType="13cdc9d9-ddb5-4fa4-a97d-d965ccfc6d4b" outcome="Passed" testListId="8c84fa94-04c1-424b-9868-57a2d4851a1d" relativeResultsDirectory="d9b222cb-00bc-4551-aa1a-4694b4613447" />
    <UnitTestResult executionId="20d0186d-7bac-4001-a1a3-f92a6e61d6fa" testId="33eb410c-a18b-4f14-989b-ed9ad76b5b47" testName="StrongTypeLazyWrapperFactoryWithMetadata" computerName="DDBLD061B" duration="00:00:00.0060000" startTime="2015-04-27T07:08:10.7796993-07:00" endTime="2015-04-27T07:08:10.7796993-07:00" testType="13cdc9d9-ddb5-4fa4-a97d-d965ccfc6d4b" outcome="Passed" testListId="8c84fa94-04c1-424b-9868-57a2d4851a1d" relativeResultsDirectory="20d0186d-7bac-4001-a1a3-f92a6e61d6fa" />
    <UnitTestResult executionId="6ef10a42-a812-47de-b1ee-959a23945b16" testId="5620e539-52a1-4711-b632-f9ccbb2bb947" testName="StrongTypeLazyWrapperFactory" computerName="DDBLD061B" duration="00:00:00.0010000" startTime="2015-04-27T07:08:11.1546947-07:00" endTime="2015-04-27T07:08:11.1546947-07:00" testType="13cdc9d9-ddb5-4fa4-a97d-d965ccfc6d4b" outcome="Passed" testListId="8c84fa94-04c1-424b-9868-57a2d4851a1d" relativeResultsDirectory="6ef10a42-a812-47de-b1ee-959a23945b16" />
    <UnitTestResult executionId="713126cb-e678-4696-9fc5-12f36bb2aeaf" testId="052ce46f-0fc3-44e0-94e9-6e13f9b17e19" testName="IsAnyLazyType" computerName="DDBLD061B" duration="00:00:00.0010000" startTime="2015-04-27T07:08:11.1546947-07:00" endTime="2015-04-27T07:08:11.1546947-07:00" testType="13cdc9d9-ddb5-4fa4-a97d-d965ccfc6d4b" outcome="Passed" testListId="8c84fa94-04c1-424b-9868-57a2d4851a1d" relativeResultsDirectory="713126cb-e678-4696-9fc5-12f36bb2aeaf" />
    <UnitTestResult executionId="dd1933f8-456e-4b6c-b455-b91a0d0584bf" testId="77963157-0959-4efb-add1-fcc7a199c4cb" testName="V1" computerName="DDBLD061B" duration="00:00:00.0010000" startTime="2015-04-27T07:08:11.1546947-07:00" endTime="2015-04-27T07:08:11.1546947-07:00" testType="13cdc9d9-ddb5-4fa4-a97d-d965ccfc6d4b" outcome="Passed" testListId="8c84fa94-04c1-424b-9868-57a2d4851a1d" relativeResultsDirectory="dd1933f8-456e-4b6c-b455-b91a0d0584bf" />
    <UnitTestResult executionId="178e2ec4-e8d7-41d7-91a0-177209df2bac" testId="37da1efd-dc65-4c0b-a4d5-506950f931c3" testName="V1" computerName="DDBLD061B" duration="00:00:00.0030000" startTime="2015-04-27T07:08:11.1546947-07:00" endTime="2015-04-27T07:08:11.1546947-07:00" testType="13cdc9d9-ddb5-4fa4-a97d-d965ccfc6d4b" outcome="Passed" testListId="8c84fa94-04c1-424b-9868-57a2d4851a1d" relativeResultsDirectory="178e2ec4-e8d7-41d7-91a0-177209df2bac" />
    <UnitTestResult executionId="36e9f94f-bb28-475c-ade0-ced630270284" testId="ebc6f982-256e-481b-8f28-bc79394af974" testName="V2" computerName="DDBLD061B" duration="00:00:00.0070000" startTime="2015-04-27T07:08:11.1546947-07:00" endTime="2015-04-27T07:08:11.1546947-07:00" testType="13cdc9d9-ddb5-4fa4-a97d-d965ccfc6d4b" outcome="Passed" testListId="8c84fa94-04c1-424b-9868-57a2d4851a1d" relativeResultsDirectory="36e9f94f-bb28-475c-ade0-ced630270284" />
    <UnitTestResult executionId="556d6da5-be95-485a-885e-e913c42d61c0" testId="d5ef26c3-aeac-49e8-9d7d-e3e1155d06cd" testName="V1" computerName="DDBLD061B" duration="00:00:00.0030000" startTime="2015-04-27T07:08:11.1546947-07:00" endTime="2015-04-27T07:08:11.1546947-07:00" testType="13cdc9d9-ddb5-4fa4-a97d-d965ccfc6d4b" outcome="Passed" testListId="8c84fa94-04c1-424b-9868-57a2d4851a1d" relativeResultsDirectory="556d6da5-be95-485a-885e-e913c42d61c0" />
    <UnitTestResult executionId="6ad284c3-9a53-4c00-890a-9a4eff4956eb" testId="ae69ad37-f28d-4e79-95ad-6eb9782d34d9" testName="V1" computerName="DDBLD061B" duration="00:00:00.0020000" startTime="2015-04-27T07:08:11.1546947-07:00" endTime="2015-04-27T07:08:11.1546947-07:00" testType="13cdc9d9-ddb5-4fa4-a97d-d965ccfc6d4b" outcome="Passed" testListId="8c84fa94-04c1-424b-9868-57a2d4851a1d" relativeResultsDirectory="6ad284c3-9a53-4c00-890a-9a4eff4956eb" />
    <UnitTestResult executionId="8056d1e9-1eba-472f-833a-3bdbded2bd79" testId="ce9e5a60-3ca3-41da-b485-7e6c22d6993a" testName="V2" computerName="DDBLD061B" duration="00:00:00.0030000" startTime="2015-04-27T07:08:11.4984374-07:00" endTime="2015-04-27T07:08:11.4984374-07:00" testType="13cdc9d9-ddb5-4fa4-a97d-d965ccfc6d4b" outcome="Passed" testListId="8c84fa94-04c1-424b-9868-57a2d4851a1d" relativeResultsDirectory="8056d1e9-1eba-472f-833a-3bdbded2bd79" />
    <UnitTestResult executionId="657d6bed-9402-4468-ad6f-bacc4d4289ba" testId="0ad12737-a7b6-47c5-9f1e-b876cc7cc000" testName="V2" computerName="DDBLD061B" duration="00:00:00.0160000" startTime="2015-04-27T07:08:11.4984374-07:00" endTime="2015-04-27T07:08:11.4984374-07:00" testType="13cdc9d9-ddb5-4fa4-a97d-d965ccfc6d4b" outcome="Passed" testListId="8c84fa94-04c1-424b-9868-57a2d4851a1d" relativeResultsDirectory="657d6bed-9402-4468-ad6f-bacc4d4289ba" />
    <UnitTestResult executionId="a11ebcd8-83d6-4bfe-992d-a3aee78c7196" testId="8eb9c6fd-268b-4558-8908-889f19b808ef" testName="InstantiateFromCustomAttributeDataCtor" computerName="DDBLD061B" duration="00:00:00.1650000" startTime="2015-04-27T07:08:11.4984374-07:00" endTime="2015-04-27T07:08:11.4984374-07:00" testType="13cdc9d9-ddb5-4fa4-a97d-d965ccfc6d4b" outcome="Passed" testListId="8c84fa94-04c1-424b-9868-57a2d4851a1d" relativeResultsDirectory="a11ebcd8-83d6-4bfe-992d-a3aee78c7196" />
    <UnitTestResult executionId="e731786a-bdfd-481a-a538-026217717efa" testId="b5da420e-e995-4fd2-9e63-944de0e2c8e8" testName="V1" computerName="DDBLD061B" duration="00:00:00.0140000" startTime="2015-04-27T07:08:11.4984374-07:00" endTime="2015-04-27T07:08:11.4984374-07:00" testType="13cdc9d9-ddb5-4fa4-a97d-d965ccfc6d4b" outcome="Passed" testListId="8c84fa94-04c1-424b-9868-57a2d4851a1d" relativeResultsDirectory="e731786a-bdfd-481a-a538-026217717efa" />
    <UnitTestResult executionId="c2ceab51-ca44-4861-9b78-7779efdb6137" testId="557d8cad-5c3d-4759-a622-431f488c8227" testName="V1" computerName="DDBLD061B" duration="00:00:00.0030000" startTime="2015-04-27T07:08:11.4984374-07:00" endTime="2015-04-27T07:08:11.4984374-07:00" testType="13cdc9d9-ddb5-4fa4-a97d-d965ccfc6d4b" outcome="Passed" testListId="8c84fa94-04c1-424b-9868-57a2d4851a1d" relativeResultsDirectory="c2ceab51-ca44-4861-9b78-7779efdb6137" />
    <UnitTestResult executionId="3e57d3b2-2a77-4f36-b397-575662b400bb" testId="1fd6e7b0-93ee-4cc9-b48b-0b55c0e66ce9" testName="V2" computerName="DDBLD061B" duration="00:00:00.0040000" startTime="2015-04-27T07:08:11.4984374-07:00" endTime="2015-04-27T07:08:11.4984374-07:00" testType="13cdc9d9-ddb5-4fa4-a97d-d965ccfc6d4b" outcome="Passed" testListId="8c84fa94-04c1-424b-9868-57a2d4851a1d" relativeResultsDirectory="3e57d3b2-2a77-4f36-b397-575662b400bb" />
    <UnitTestResult executionId="814db859-d6d7-42ca-bf10-a14f88ff43e7" testId="04459783-112c-4638-a6c9-2707ec677625" testName="V2" computerName="DDBLD061B" duration="00:00:00.0030000" startTime="2015-04-27T07:08:11.4984374-07:00" endTime="2015-04-27T07:08:11.4984374-07:00" testType="13cdc9d9-ddb5-4fa4-a97d-d965ccfc6d4b" outcome="Passed" testListId="8c84fa94-04c1-424b-9868-57a2d4851a1d" relativeResultsDirectory="814db859-d6d7-42ca-bf10-a14f88ff43e7" />
    <UnitTestResult executionId="265919f9-ac74-4c45-8fb6-bd37c5593a8a" testId="0f50c382-e95a-45ea-aba4-7b880b6ad517" testName="V2" computerName="DDBLD061B" duration="00:00:00.0020000" startTime="2015-04-27T07:08:11.4984374-07:00" endTime="2015-04-27T07:08:11.4984374-07:00" testType="13cdc9d9-ddb5-4fa4-a97d-d965ccfc6d4b" outcome="Passed" testListId="8c84fa94-04c1-424b-9868-57a2d4851a1d" relativeResultsDirectory="265919f9-ac74-4c45-8fb6-bd37c5593a8a" />
    <UnitTestResult executionId="35551028-d6f3-4009-959a-ffb43f510ef2" testId="5a37be25-902c-46ee-96ff-e7a65cbd99da" testName="V2" computerName="DDBLD061B" duration="00:00:00.0100000" startTime="2015-04-27T07:08:11.9046848-07:00" endTime="2015-04-27T07:08:11.9046848-07:00" testType="13cdc9d9-ddb5-4fa4-a97d-d965ccfc6d4b" outcome="Passed" testListId="8c84fa94-04c1-424b-9868-57a2d4851a1d" relativeResultsDirectory="35551028-d6f3-4009-959a-ffb43f510ef2" />
    <UnitTestResult executionId="38649af7-b0c6-47ae-a191-2ce604d9c77d" testId="e98bcf82-b45a-4289-b085-cb574ed4e87c" testName="V1" computerName="DDBLD061B" duration="00:00:00.0020000" startTime="2015-04-27T07:08:11.9046848-07:00" endTime="2015-04-27T07:08:11.9046848-07:00" testType="13cdc9d9-ddb5-4fa4-a97d-d965ccfc6d4b" outcome="Passed" testListId="8c84fa94-04c1-424b-9868-57a2d4851a1d" relativeResultsDirectory="38649af7-b0c6-47ae-a191-2ce604d9c77d" />
    <UnitTestResult executionId="2f6c3df9-f8da-4fd5-8a7f-f31c33d75ba6" testId="d264a483-1ea9-4eb0-8da8-d9515c04f94a" testName="V2" computerName="DDBLD061B" duration="00:00:00.0020000" startTime="2015-04-27T07:08:11.9046848-07:00" endTime="2015-04-27T07:08:11.9046848-07:00" testType="13cdc9d9-ddb5-4fa4-a97d-d965ccfc6d4b" outcome="Passed" testListId="8c84fa94-04c1-424b-9868-57a2d4851a1d" relativeResultsDirectory="2f6c3df9-f8da-4fd5-8a7f-f31c33d75ba6" />
    <UnitTestResult executionId="fa927600-0746-4e74-8276-88887c8c8b6c" testId="79a0b334-05c1-4091-b57b-3f0f3e3a36fe" testName="CompressedUIntReadWrite" computerName="DDBLD061B" duration="00:00:00.0040000" startTime="2015-04-27T07:08:11.9046848-07:00" endTime="2015-04-27T07:08:11.9046848-07:00" testType="13cdc9d9-ddb5-4fa4-a97d-d965ccfc6d4b" outcome="Passed" testListId="8c84fa94-04c1-424b-9868-57a2d4851a1d" relativeResultsDirectory="fa927600-0746-4e74-8276-88887c8c8b6c" />
    <UnitTestResult executionId="c7e0d5fc-8208-4840-877b-b89ff2ab0022" testId="640cc889-cbba-45ef-b762-4beb9c914a4f" testName="V1" computerName="DDBLD061B" duration="00:00:00.0030000" startTime="2015-04-27T07:08:11.9046848-07:00" endTime="2015-04-27T07:08:11.9046848-07:00" testType="13cdc9d9-ddb5-4fa4-a97d-d965ccfc6d4b" outcome="Passed" testListId="8c84fa94-04c1-424b-9868-57a2d4851a1d" relativeResultsDirectory="c7e0d5fc-8208-4840-877b-b89ff2ab0022" />
    <UnitTestResult executionId="05b4dd32-223b-4f82-8995-7b7814fb287e" testId="eb34ed28-19fd-42b8-9fe2-65c3c326d629" testName="V2" computerName="DDBLD061B" duration="00:00:00.0020000" startTime="2015-04-27T07:08:11.9046848-07:00" endTime="2015-04-27T07:08:11.9046848-07:00" testType="13cdc9d9-ddb5-4fa4-a97d-d965ccfc6d4b" outcome="Passed" testListId="8c84fa94-04c1-424b-9868-57a2d4851a1d" relativeResultsDirectory="05b4dd32-223b-4f82-8995-7b7814fb287e" />
    <UnitTestResult executionId="8d3d3165-6720-4c95-aaf4-221cf715324c" testId="a84af1c6-7c10-4f84-9448-fbd43c21001d" testName="V1" computerName="DDBLD061B" duration="00:00:00.0010000" startTime="2015-04-27T07:08:11.9046848-07:00" endTime="2015-04-27T07:08:11.9046848-07:00" testType="13cdc9d9-ddb5-4fa4-a97d-d965ccfc6d4b" outcome="Passed" testListId="8c84fa94-04c1-424b-9868-57a2d4851a1d" relativeResultsDirectory="8d3d3165-6720-4c95-aaf4-221cf715324c" />
    <UnitTestResult executionId="f8998338-c133-4b66-b577-2b743a586629" testId="36635fe1-2fb8-4437-bfae-b7205ae8898e" testName="V2" computerName="DDBLD061B" duration="00:00:00.0080000" startTime="2015-04-27T07:08:11.9046848-07:00" endTime="2015-04-27T07:08:11.9046848-07:00" testType="13cdc9d9-ddb5-4fa4-a97d-d965ccfc6d4b" outcome="Passed" testListId="8c84fa94-04c1-424b-9868-57a2d4851a1d" relativeResultsDirectory="f8998338-c133-4b66-b577-2b743a586629" />
    <UnitTestResult executionId="7bc07f90-616a-47aa-8631-4f01b8c41780" testId="5b62b5ef-6b7f-4c7d-a4dc-9fd4a1eae5d3" testName="V2" computerName="DDBLD061B" duration="00:00:00.0040000" startTime="2015-04-27T07:08:12.2796798-07:00" endTime="2015-04-27T07:08:12.2796798-07:00" testType="13cdc9d9-ddb5-4fa4-a97d-d965ccfc6d4b" outcome="Passed" testListId="8c84fa94-04c1-424b-9868-57a2d4851a1d" relativeResultsDirectory="7bc07f90-616a-47aa-8631-4f01b8c41780" />
    <UnitTestResult executionId="23b71f8b-ef99-454f-9e18-bd0ec1ad294f" testId="1f2bc82f-19d9-44fb-8cbe-e4c66d097976" testName="V2" computerName="DDBLD061B" duration="00:00:00.0100000" startTime="2015-04-27T07:08:12.2796798-07:00" endTime="2015-04-27T07:08:12.2796798-07:00" testType="13cdc9d9-ddb5-4fa4-a97d-d965ccfc6d4b" outcome="Passed" testListId="8c84fa94-04c1-424b-9868-57a2d4851a1d" relativeResultsDirectory="23b71f8b-ef99-454f-9e18-bd0ec1ad294f" />
    <UnitTestResult executionId="ec05c944-8210-4c9d-9a94-e98eab0d1748" testId="56f13e6d-b228-4629-9234-84c117c2bb22" testName="AddExportConstraint" computerName="DDBLD061B" duration="00:00:00.0040000" startTime="2015-04-27T07:08:12.2796798-07:00" endTime="2015-04-27T07:08:12.2796798-07:00" testType="13cdc9d9-ddb5-4fa4-a97d-d965ccfc6d4b" outcome="Passed" testListId="8c84fa94-04c1-424b-9868-57a2d4851a1d" relativeResultsDirectory="ec05c944-8210-4c9d-9a94-e98eab0d1748" />
    <UnitTestResult executionId="932fa361-2955-4f36-8a12-c43dd8c01aa9" testId="50ce6bd1-4f5e-49ca-843c-c1524e860e49" testName="V1" computerName="DDBLD061B" duration="00:00:00.0030000" startTime="2015-04-27T07:08:12.2796798-07:00" endTime="2015-04-27T07:08:12.2796798-07:00" testType="13cdc9d9-ddb5-4fa4-a97d-d965ccfc6d4b" outcome="Passed" testListId="8c84fa94-04c1-424b-9868-57a2d4851a1d" relativeResultsDirectory="932fa361-2955-4f36-8a12-c43dd8c01aa9" />
    <UnitTestResult executionId="4c21555f-e755-46a2-8346-7cd97e2f1ba1" testId="5decbace-ee3d-488e-b36a-5163a3cf3f51" testName="V1" computerName="DDBLD061B" duration="00:00:00.0020000" startTime="2015-04-27T07:08:12.2796798-07:00" endTime="2015-04-27T07:08:12.2796798-07:00" testType="13cdc9d9-ddb5-4fa4-a97d-d965ccfc6d4b" outcome="Passed" testListId="8c84fa94-04c1-424b-9868-57a2d4851a1d" relativeResultsDirectory="4c21555f-e755-46a2-8346-7cd97e2f1ba1" />
    <UnitTestResult executionId="caa1ed4e-5462-438b-af76-6030c4d8b2b0" testId="32e013bc-4ba3-4e92-a038-d18dc6ba1d89" testName="WithExportConstraints" computerName="DDBLD061B" duration="00:00:00.0030000" startTime="2015-04-27T07:08:12.2796798-07:00" endTime="2015-04-27T07:08:12.2796798-07:00" testType="13cdc9d9-ddb5-4fa4-a97d-d965ccfc6d4b" outcome="Passed" testListId="8c84fa94-04c1-424b-9868-57a2d4851a1d" relativeResultsDirectory="caa1ed4e-5462-438b-af76-6030c4d8b2b0" />
    <UnitTestResult executionId="b16924a6-be7d-4237-8281-835c41d06bce" testId="5ac256e7-7f2d-47c5-937e-c796bcd7a230" testName="V2" computerName="DDBLD061B" duration="00:00:00.0020000" startTime="2015-04-27T07:08:12.2796798-07:00" endTime="2015-04-27T07:08:12.2796798-07:00" testType="13cdc9d9-ddb5-4fa4-a97d-d965ccfc6d4b" outcome="Passed" testListId="8c84fa94-04c1-424b-9868-57a2d4851a1d" relativeResultsDirectory="b16924a6-be7d-4237-8281-835c41d06bce" />
    <UnitTestResult executionId="83598210-9f34-4c89-a440-acb2ec0a4692" testId="7cbffc95-a573-43de-9660-99e8ba67caeb" testName="V1" computerName="DDBLD061B" duration="00:00:00.0020000" startTime="2015-04-27T07:08:12.2796798-07:00" endTime="2015-04-27T07:08:12.2796798-07:00" testType="13cdc9d9-ddb5-4fa4-a97d-d965ccfc6d4b" outcome="Passed" testListId="8c84fa94-04c1-424b-9868-57a2d4851a1d" relativeResultsDirectory="83598210-9f34-4c89-a440-acb2ec0a4692" />
    <UnitTestResult executionId="f71fab82-9cc2-422a-9cb2-ed4238eeddd1" testId="d219c54e-599f-4bf8-befc-5b9381325197" testName="V1" computerName="DDBLD061B" duration="00:00:00.3680000" startTime="2015-04-27T07:08:12.2796798-07:00" endTime="2015-04-27T07:08:12.2796798-07:00" testType="13cdc9d9-ddb5-4fa4-a97d-d965ccfc6d4b" outcome="Passed" testListId="8c84fa94-04c1-424b-9868-57a2d4851a1d" relativeResultsDirectory="f71fab82-9cc2-422a-9cb2-ed4238eeddd1" />
    <UnitTestResult executionId="b3e13d17-a419-40a8-9a60-685c0e93559a" testId="aa230a49-b620-41e8-b0b2-e1effc935428" testName="V3 composition (V2)" computerName="DDBLD061B" duration="00:00:01.1210000" startTime="2015-04-27T07:08:12.2796798-07:00" endTime="2015-04-27T07:08:12.2796798-07:00" testType="13cdc9d9-ddb5-4fa4-a97d-d965ccfc6d4b" outcome="Passed" testListId="8c84fa94-04c1-424b-9868-57a2d4851a1d" relativeResultsDirectory="b3e13d17-a419-40a8-9a60-685c0e93559a" />
    <UnitTestResult executionId="a76d70bc-3635-49e2-b35f-bdb16faf6e38" testId="e285e510-f969-4d8d-8583-69a1d2656205" testName="V3 composition (V1)" computerName="DDBLD061B" duration="00:00:01.0240000" startTime="2015-04-27T07:08:12.4515520-07:00" endTime="2015-04-27T07:08:12.4515520-07:00" testType="13cdc9d9-ddb5-4fa4-a97d-d965ccfc6d4b" outcome="Passed" testListId="8c84fa94-04c1-424b-9868-57a2d4851a1d" relativeResultsDirectory="a76d70bc-3635-49e2-b35f-bdb16faf6e38" />
    <UnitTestResult executionId="45f246e1-51d4-4146-9d64-ed74a0a6dfaf" testId="6a448d9a-330e-47fa-9a65-acdbded4f956" testName="V1" computerName="DDBLD061B" duration="00:00:00.0010000" startTime="2015-04-27T07:08:12.4515520-07:00" endTime="2015-04-27T07:08:12.4515520-07:00" testType="13cdc9d9-ddb5-4fa4-a97d-d965ccfc6d4b" outcome="Passed" testListId="8c84fa94-04c1-424b-9868-57a2d4851a1d" relativeResultsDirectory="45f246e1-51d4-4146-9d64-ed74a0a6dfaf" />
    <UnitTestResult executionId="fc31f23c-32ea-415d-a7cd-831eae0b5875" testId="129fde84-43e5-4eb3-a156-5b732fa656e3" testName="V3 composition (V1+V2)" computerName="DDBLD061B" duration="00:00:00.8830000" startTime="2015-04-27T07:08:12.4515520-07:00" endTime="2015-04-27T07:08:12.4515520-07:00" testType="13cdc9d9-ddb5-4fa4-a97d-d965ccfc6d4b" outcome="Passed" testListId="8c84fa94-04c1-424b-9868-57a2d4851a1d" relativeResultsDirectory="fc31f23c-32ea-415d-a7cd-831eae0b5875" />
    <UnitTestResult executionId="340f89fc-9b85-4b85-8f86-a57f18afbc01" testId="5c8a8b73-4bea-4ce0-91e6-fe0776761138" testName="V3 composition (V1)" computerName="DDBLD061B" duration="00:00:00.8550000" startTime="2015-04-27T07:08:12.4515520-07:00" endTime="2015-04-27T07:08:12.4515520-07:00" testType="13cdc9d9-ddb5-4fa4-a97d-d965ccfc6d4b" outcome="Passed" testListId="8c84fa94-04c1-424b-9868-57a2d4851a1d" relativeResultsDirectory="340f89fc-9b85-4b85-8f86-a57f18afbc01" />
    <UnitTestResult executionId="dfe4f3da-5e57-40fb-87f7-80be83481106" testId="444e1368-a9af-4557-a56b-9bc6e043c1fd" testName="V3 composition (V1)" computerName="DDBLD061B" duration="00:00:00.8790000" startTime="2015-04-27T07:08:12.4515520-07:00" endTime="2015-04-27T07:08:12.4515520-07:00" testType="13cdc9d9-ddb5-4fa4-a97d-d965ccfc6d4b" outcome="Passed" testListId="8c84fa94-04c1-424b-9868-57a2d4851a1d" relativeResultsDirectory="dfe4f3da-5e57-40fb-87f7-80be83481106" />
    <UnitTestResult executionId="9941d5b8-d9f8-4728-aeec-d91e67ebf4a1" testId="482e8be5-2b1e-4115-9123-1d517ba2a9f9" testName="V3 composition (V2)" computerName="DDBLD061B" duration="00:00:00.8930000" startTime="2015-04-27T07:08:12.4515520-07:00" endTime="2015-04-27T07:08:12.4515520-07:00" testType="13cdc9d9-ddb5-4fa4-a97d-d965ccfc6d4b" outcome="Passed" testListId="8c84fa94-04c1-424b-9868-57a2d4851a1d" relativeResultsDirectory="9941d5b8-d9f8-4728-aeec-d91e67ebf4a1" />
    <UnitTestResult executionId="1bd65132-39cf-48aa-9657-b1d601af5848" testId="efd4bfc3-c287-4721-a4d0-18533e309374" testName="V3 composition (V1)" computerName="DDBLD061B" duration="00:00:00.7230000" startTime="2015-04-27T07:08:12.4515520-07:00" endTime="2015-04-27T07:08:12.4515520-07:00" testType="13cdc9d9-ddb5-4fa4-a97d-d965ccfc6d4b" outcome="Passed" testListId="8c84fa94-04c1-424b-9868-57a2d4851a1d" relativeResultsDirectory="1bd65132-39cf-48aa-9657-b1d601af5848" />
    <UnitTestResult executionId="dbd908c1-7262-461b-88fb-70facd2612d2" testId="0a522495-d184-4dcf-9d1d-57920076842f" testName="V3 composition (V2)" computerName="DDBLD061B" duration="00:00:00.7290000" startTime="2015-04-27T07:08:12.4515520-07:00" endTime="2015-04-27T07:08:12.4515520-07:00" testType="13cdc9d9-ddb5-4fa4-a97d-d965ccfc6d4b" outcome="Passed" testListId="8c84fa94-04c1-424b-9868-57a2d4851a1d" relativeResultsDirectory="dbd908c1-7262-461b-88fb-70facd2612d2" />
    <UnitTestResult executionId="8c8963a1-89ac-4805-8408-b591a3025bda" testId="4dc3988c-1f9e-420c-a2c7-d43676c35360" testName="V3 composition (V2)" computerName="DDBLD061B" duration="00:00:00.7200000" startTime="2015-04-27T07:08:12.4515520-07:00" endTime="2015-04-27T07:08:12.4515520-07:00" testType="13cdc9d9-ddb5-4fa4-a97d-d965ccfc6d4b" outcome="Passed" testListId="8c84fa94-04c1-424b-9868-57a2d4851a1d" relativeResultsDirectory="8c8963a1-89ac-4805-8408-b591a3025bda" />
    <UnitTestResult executionId="9996be3f-125c-44db-ab62-1a5e5e278edf" testId="8316f3eb-41f4-45a1-a0f7-8a4516b24df7" testName="V3 composition (V1)" computerName="DDBLD061B" duration="00:00:00.7190000" startTime="2015-04-27T07:08:12.4515520-07:00" endTime="2015-04-27T07:08:12.4515520-07:00" testType="13cdc9d9-ddb5-4fa4-a97d-d965ccfc6d4b" outcome="Passed" testListId="8c84fa94-04c1-424b-9868-57a2d4851a1d" relativeResultsDirectory="9996be3f-125c-44db-ab62-1a5e5e278edf" />
    <UnitTestResult executionId="22cb681c-334d-4fe5-818c-b60752bc1fe0" testId="dfd683c3-0134-4d56-bec8-4605b1af0082" testName="V3 composition (V2)" computerName="DDBLD061B" duration="00:00:00.9570000" startTime="2015-04-27T07:08:12.5922324-07:00" endTime="2015-04-27T07:08:12.5922324-07:00" testType="13cdc9d9-ddb5-4fa4-a97d-d965ccfc6d4b" outcome="Passed" testListId="8c84fa94-04c1-424b-9868-57a2d4851a1d" relativeResultsDirectory="22cb681c-334d-4fe5-818c-b60752bc1fe0" />
    <UnitTestResult executionId="a98c0cdc-d2d1-4cee-ad21-3b9b80103aab" testId="28ede6bf-bbf9-4d87-8b54-328d63a12a67" testName="V3 composition (V1)" computerName="DDBLD061B" duration="00:00:00.7140000" startTime="2015-04-27T07:08:12.5922324-07:00" endTime="2015-04-27T07:08:12.5922324-07:00" testType="13cdc9d9-ddb5-4fa4-a97d-d965ccfc6d4b" outcome="Passed" testListId="8c84fa94-04c1-424b-9868-57a2d4851a1d" relativeResultsDirectory="a98c0cdc-d2d1-4cee-ad21-3b9b80103aab" />
    <UnitTestResult executionId="a70bdd6f-58c6-45d2-b960-1f0dfcbdd625" testId="b2ba013d-38b2-489e-92c3-81ef68d23fbe" testName="V3 composition (V1)" computerName="DDBLD061B" duration="00:00:00.6900000" startTime="2015-04-27T07:08:12.5922324-07:00" endTime="2015-04-27T07:08:12.5922324-07:00" testType="13cdc9d9-ddb5-4fa4-a97d-d965ccfc6d4b" outcome="Passed" testListId="8c84fa94-04c1-424b-9868-57a2d4851a1d" relativeResultsDirectory="a70bdd6f-58c6-45d2-b960-1f0dfcbdd625" />
    <UnitTestResult executionId="7c327942-5a29-4f28-9537-35d6aba4e994" testId="0dedb395-3525-4073-9272-65788f4521d9" testName="V3 composition (V1)" computerName="DDBLD061B" duration="00:00:00.6820000" startTime="2015-04-27T07:08:12.5922324-07:00" endTime="2015-04-27T07:08:12.5922324-07:00" testType="13cdc9d9-ddb5-4fa4-a97d-d965ccfc6d4b" outcome="Passed" testListId="8c84fa94-04c1-424b-9868-57a2d4851a1d" relativeResultsDirectory="7c327942-5a29-4f28-9537-35d6aba4e994" />
    <UnitTestResult executionId="2c67c384-d7af-47d5-972d-8b429c6b6d8c" testId="b3823bcb-9b26-4160-8a09-010814e8aaa1" testName="V3 composition (V1)" computerName="DDBLD061B" duration="00:00:00.6900000" startTime="2015-04-27T07:08:12.5922324-07:00" endTime="2015-04-27T07:08:12.5922324-07:00" testType="13cdc9d9-ddb5-4fa4-a97d-d965ccfc6d4b" outcome="Passed" testListId="8c84fa94-04c1-424b-9868-57a2d4851a1d" relativeResultsDirectory="2c67c384-d7af-47d5-972d-8b429c6b6d8c" />
    <UnitTestResult executionId="63af9df3-c31f-4948-8fdf-79fe611c85ef" testId="cabbae5e-7305-481e-a310-0b98f6f4c796" testName="V3 composition (V2)" computerName="DDBLD061B" duration="00:00:00.6870000" startTime="2015-04-27T07:08:12.5922324-07:00" endTime="2015-04-27T07:08:12.5922324-07:00" testType="13cdc9d9-ddb5-4fa4-a97d-d965ccfc6d4b" outcome="Passed" testListId="8c84fa94-04c1-424b-9868-57a2d4851a1d" relativeResultsDirectory="63af9df3-c31f-4948-8fdf-79fe611c85ef" />
    <UnitTestResult executionId="726ef467-9d80-4a0d-b2e6-c70131c4dd55" testId="e9b77683-f1b9-4504-be45-4edbe24e0931" testName="V3 composition (V1)" computerName="DDBLD061B" duration="00:00:00.6890000" startTime="2015-04-27T07:08:12.5922324-07:00" endTime="2015-04-27T07:08:12.5922324-07:00" testType="13cdc9d9-ddb5-4fa4-a97d-d965ccfc6d4b" outcome="Passed" testListId="8c84fa94-04c1-424b-9868-57a2d4851a1d" relativeResultsDirectory="726ef467-9d80-4a0d-b2e6-c70131c4dd55" />
    <UnitTestResult executionId="ee5febf6-4882-4c2e-a150-087ccb6d43b3" testId="c3887537-0cf3-494e-bd3d-76d1ae09cae6" testName="V3 composition (V1)" computerName="DDBLD061B" duration="00:00:00.8970000" startTime="2015-04-27T07:08:12.5922324-07:00" endTime="2015-04-27T07:08:12.5922324-07:00" testType="13cdc9d9-ddb5-4fa4-a97d-d965ccfc6d4b" outcome="Passed" testListId="8c84fa94-04c1-424b-9868-57a2d4851a1d" relativeResultsDirectory="ee5febf6-4882-4c2e-a150-087ccb6d43b3" />
    <UnitTestResult executionId="677eba54-f3a1-4863-826a-aaee45452428" testId="ec484865-e56f-4474-a630-61a17c0721e3" testName="V3 composition (V1)" computerName="DDBLD061B" duration="00:00:00.6910000" startTime="2015-04-27T07:08:12.5922324-07:00" endTime="2015-04-27T07:08:12.5922324-07:00" testType="13cdc9d9-ddb5-4fa4-a97d-d965ccfc6d4b" outcome="Passed" testListId="8c84fa94-04c1-424b-9868-57a2d4851a1d" relativeResultsDirectory="677eba54-f3a1-4863-826a-aaee45452428" />
    <UnitTestResult executionId="2474c939-9666-4b8e-98d3-8785a41f9e24" testId="90adfae5-7281-477d-baf3-808bdaa6e6d4" testName="V3 composition (V2)" computerName="DDBLD061B" duration="00:00:00.6850000" startTime="2015-04-27T07:08:13.1234207-07:00" endTime="2015-04-27T07:08:13.1234207-07:00" testType="13cdc9d9-ddb5-4fa4-a97d-d965ccfc6d4b" outcome="Passed" testListId="8c84fa94-04c1-424b-9868-57a2d4851a1d" relativeResultsDirectory="2474c939-9666-4b8e-98d3-8785a41f9e24" />
    <UnitTestResult executionId="701b6df5-3e1f-404b-9750-bd4ecb6845e9" testId="c8e27a07-6231-4389-ba4b-9140f11c3f39" testName="V3 composition (V1)" computerName="DDBLD061B" duration="00:00:00.6850000" startTime="2015-04-27T07:08:13.1234207-07:00" endTime="2015-04-27T07:08:13.1234207-07:00" testType="13cdc9d9-ddb5-4fa4-a97d-d965ccfc6d4b" outcome="Passed" testListId="8c84fa94-04c1-424b-9868-57a2d4851a1d" relativeResultsDirectory="701b6df5-3e1f-404b-9750-bd4ecb6845e9" />
    <UnitTestResult executionId="5fd534df-73d5-4166-822b-6d4568e92163" testId="6a2cd374-eade-43c6-9b83-5d99a8c8e02a" testName="V3 composition (V2)" computerName="DDBLD061B" duration="00:00:00.7430000" startTime="2015-04-27T07:08:13.1234207-07:00" endTime="2015-04-27T07:08:13.1234207-07:00" testType="13cdc9d9-ddb5-4fa4-a97d-d965ccfc6d4b" outcome="Passed" testListId="8c84fa94-04c1-424b-9868-57a2d4851a1d" relativeResultsDirectory="5fd534df-73d5-4166-822b-6d4568e92163" />
    <UnitTestResult executionId="96f317b0-0615-427f-9e2c-695c08546577" testId="d1d4f6b7-4cca-4b25-9f8b-0dba6f7ff78d" testName="V3 composition (V1+V2)" computerName="DDBLD061B" duration="00:00:01.1610000" startTime="2015-04-27T07:08:13.1234207-07:00" endTime="2015-04-27T07:08:13.1234207-07:00" testType="13cdc9d9-ddb5-4fa4-a97d-d965ccfc6d4b" outcome="Passed" testListId="8c84fa94-04c1-424b-9868-57a2d4851a1d" relativeResultsDirectory="96f317b0-0615-427f-9e2c-695c08546577" />
    <UnitTestResult executionId="f358d239-1e25-4203-99b0-d5154f3cacf9" testId="43feaed8-2f9d-4118-acc2-cd181997a6b1" testName="V3 composition (V2)" computerName="DDBLD061B" duration="00:00:00.6830000" startTime="2015-04-27T07:08:13.1234207-07:00" endTime="2015-04-27T07:08:13.1234207-07:00" testType="13cdc9d9-ddb5-4fa4-a97d-d965ccfc6d4b" outcome="Passed" testListId="8c84fa94-04c1-424b-9868-57a2d4851a1d" relativeResultsDirectory="f358d239-1e25-4203-99b0-d5154f3cacf9" />
    <UnitTestResult executionId="b350ff14-7379-4ac4-8570-db236b170a3f" testId="052f6f69-6ab7-49ee-a38c-f1317d5d3498" testName="V3 composition (V1)" computerName="DDBLD061B" duration="00:00:00.6760000" startTime="2015-04-27T07:08:13.1234207-07:00" endTime="2015-04-27T07:08:13.1234207-07:00" testType="13cdc9d9-ddb5-4fa4-a97d-d965ccfc6d4b" outcome="Passed" testListId="8c84fa94-04c1-424b-9868-57a2d4851a1d" relativeResultsDirectory="b350ff14-7379-4ac4-8570-db236b170a3f" />
    <UnitTestResult executionId="62c451b7-1833-41ac-911f-f2bb9f69e5d3" testId="a4846517-2645-458d-a647-11dc5d939673" testName="V3 composition (V1)" computerName="DDBLD061B" duration="00:00:00.7280000" startTime="2015-04-27T07:08:13.1234207-07:00" endTime="2015-04-27T07:08:13.1234207-07:00" testType="13cdc9d9-ddb5-4fa4-a97d-d965ccfc6d4b" outcome="Passed" testListId="8c84fa94-04c1-424b-9868-57a2d4851a1d" relativeResultsDirectory="62c451b7-1833-41ac-911f-f2bb9f69e5d3" />
    <UnitTestResult executionId="6f497804-5b64-43fb-800d-d2d1d18c038b" testId="04e8f715-fe3c-4b51-8669-20f5f0cfb200" testName="V3 composition (V1)" computerName="DDBLD061B" duration="00:00:00.6390000" startTime="2015-04-27T07:08:13.1234207-07:00" endTime="2015-04-27T07:08:13.1234207-07:00" testType="13cdc9d9-ddb5-4fa4-a97d-d965ccfc6d4b" outcome="Passed" testListId="8c84fa94-04c1-424b-9868-57a2d4851a1d" relativeResultsDirectory="6f497804-5b64-43fb-800d-d2d1d18c038b" />
    <UnitTestResult executionId="e71b9233-be8e-45e7-b6b7-655d4ce04b98" testId="382bd879-b9bc-4081-9780-13db0a818104" testName="V3 composition (V1)" computerName="DDBLD061B" duration="00:00:00.6990000" startTime="2015-04-27T07:08:13.1234207-07:00" endTime="2015-04-27T07:08:13.1234207-07:00" testType="13cdc9d9-ddb5-4fa4-a97d-d965ccfc6d4b" outcome="Passed" testListId="8c84fa94-04c1-424b-9868-57a2d4851a1d" relativeResultsDirectory="e71b9233-be8e-45e7-b6b7-655d4ce04b98">
      <Output>
        <StdOut>Catalog BeforeSerialization vs. AfterSerialization
      Part
          Type: Microsoft.VisualStudio.Composition.ExportMetadataViewInterfaceEmitProxy+MetadataViewProxyProvider
          Part metadata:
              VsMEFDgmlCategories = System.String[]
          SharingBoundary: &lt;null&gt;
          IsSharingBoundaryInferred: False
          CreationPolicy: NonShared
          OnImportsSatisfied: &lt;null&gt;
          ExportedTypes:
              ExportDefinition
                  ContractName: Microsoft.VisualStudio.Composition.IMetadataViewProvider
                  Metadata:
                      ExportTypeIdentity = Microsoft.VisualStudio.Composition.IMetadataViewProvider
                      System.ComponentModel.Composition.CreationPolicy = NonShared
                      OrderPrecedence = 50
          ExportingMembers:
          ImportingMembers:
          ImportingConstructor:
      Part
          Type: Microsoft.VisualStudio.Composition.NetFxAdapters+CompositionService
          Part metadata:
              VsMEFDgmlCategories = System.String[]
          SharingBoundary: &lt;null&gt;
          IsSharingBoundaryInferred: False
          CreationPolicy: NonShared
          OnImportsSatisfied: &lt;null&gt;
          ExportedTypes:
              ExportDefinition
                  ContractName: System.ComponentModel.Composition.ICompositionService
                  Metadata:
                      ExportTypeIdentity = System.ComponentModel.Composition.ICompositionService
                      System.ComponentModel.Composition.CreationPolicy = NonShared
          ExportingMembers:
          ImportingMembers:
          ImportingConstructor:
              ImportDefinition:
                  ContractName: Microsoft.VisualStudio.Composition.ExportProvider
                  Cardinality: ExactlyOne
                  Metadata:
                  ExportFactorySharingBoundaries: 
                  ExportConstraints: 
                      ExportTypeIdentityConstraint
                          TypeIdentityName: Microsoft.VisualStudio.Composition.ExportProvider
              ComposablePartType: Microsoft.VisualStudio.Composition.NetFxAdapters+CompositionService
              ImportingMember: 
              ParameterInfo: Microsoft.VisualStudio.Composition.ExportProvider exportProvider
              ImportingSiteType: Microsoft.VisualStudio.Composition.ExportProvider
      Part
          Type: Microsoft.VisualStudio.Composition.NetFxAdapters+MetadataViewImplProxy
          Part metadata:
              VsMEFDgmlCategories = System.String[]
          SharingBoundary: 
          IsSharingBoundaryInferred: True
          CreationPolicy: Any
          OnImportsSatisfied: &lt;null&gt;
          ExportedTypes:
              ExportDefinition
                  ContractName: Microsoft.VisualStudio.Composition.IMetadataViewProvider
                  Metadata:
                      ExportTypeIdentity = Microsoft.VisualStudio.Composition.IMetadataViewProvider
                      OrderPrecedence = 100
          ExportingMembers:
          ImportingMembers:
          ImportingConstructor:
      Part
          Type: Microsoft.VisualStudio.Composition.NetFxAdapters+AssemblyLoadCodeBasePathLoader
          Part metadata:
              VsMEFDgmlCategories = System.String[]
          SharingBoundary: 
          IsSharingBoundaryInferred: True
          CreationPolicy: Any
          OnImportsSatisfied: &lt;null&gt;
          ExportedTypes:
              ExportDefinition
                  ContractName: Microsoft.VisualStudio.Composition.IAssemblyLoader
                  Metadata:
                      ExportTypeIdentity = Microsoft.VisualStudio.Composition.IAssemblyLoader
                      OrderPrecedence = 100
          ExportingMembers:
          ImportingMembers:
          ImportingConstructor:
      Part
          Type: Microsoft.VisualStudio.Composition.Tests.StaticMemberExportsTests+PartWithStaticExports
          SharingBoundary: 
          IsSharingBoundaryInferred: True
          CreationPolicy: Any
          OnImportsSatisfied: &lt;null&gt;
          ExportedTypes:
          ExportingMembers:
+             ExportingField
+                 ContractName: Field
+                 Metadata:
+                     ExportTypeIdentity = System.String
+                     SomeName = SomeValue
              ExportingMethod
                  ContractName: Method
                  Metadata:
                      ExportTypeIdentity = System.String()
                      SomeName = SomeValue
              ExportingProperty
                  ContractName: Property
-                 Metadata:
-                     ExportTypeIdentity = System.String
-                     SomeName = SomeValue
-             ExportingField
-                 ContractName: Field
                  Metadata:
                      ExportTypeIdentity = System.String
                      SomeName = SomeValue
          ImportingMembers:
          ImportingConstructor:
      Part
          Type: Microsoft.VisualStudio.Composition.Tests.StaticMemberExportsTests+ImportingPart
          SharingBoundary: 
          IsSharingBoundaryInferred: True
          CreationPolicy: Any
          OnImportsSatisfied: &lt;null&gt;
          ExportedTypes:
              ExportDefinition
                  ContractName: Microsoft.VisualStudio.Composition.Tests.StaticMemberExportsTests+ImportingPart
                  Metadata:
                      ExportTypeIdentity = Microsoft.VisualStudio.Composition.Tests.StaticMemberExportsTests+ImportingPart
          ExportingMembers:
          ImportingMembers:
              ImportDefinition:
                  ContractName: Field
                  Cardinality: OneOrZero
                  Metadata:
                  ExportFactorySharingBoundaries: 
                  ExportConstraints: 
                      ExportTypeIdentityConstraint
                          TypeIdentityName: System.String
              ComposablePartType: Microsoft.VisualStudio.Composition.Tests.StaticMemberExportsTests+ImportingPart
              ImportingMember: System.String ImportOfField
              ParameterInfo: 
              ImportingSiteType: System.String
              ImportDefinition:
                  ContractName: Property
                  Cardinality: ExactlyOne
                  Metadata:
                  ExportFactorySharingBoundaries: 
                  ExportConstraints: 
                      ExportTypeIdentityConstraint
                          TypeIdentityName: System.String
              ComposablePartType: Microsoft.VisualStudio.Composition.Tests.StaticMemberExportsTests+ImportingPart
              ImportingMember: System.String ImportOfProperty
              ParameterInfo: 
              ImportingSiteType: System.String
              ImportDefinition:
                  ContractName: Method
                  Cardinality: OneOrZero
                  Metadata:
                      System.ComponentModel.Composition.GenericContractName = System.Func({0})+TResult()
                      System.ComponentModel.Composition.GenericParameters = System.Type[]
                  ExportFactorySharingBoundaries: 
                  ExportConstraints: 
                      ExportTypeIdentityConstraint
                          TypeIdentityName: System.String()
              ComposablePartType: Microsoft.VisualStudio.Composition.Tests.StaticMemberExportsTests+ImportingPart
              ImportingMember: System.Func`1[System.String] ImportOfMethod
              ParameterInfo: 
              ImportingSiteType: System.Func`1[System.String]
          ImportingConstructor:</StdOut>
      </Output>
    </UnitTestResult>
    <UnitTestResult executionId="10e205ab-bfe2-4897-9e97-688ecb47e922" testId="5160382b-8fe4-4f4a-8043-9f26d2f2b0c0" testName="V3 composition (V2)" computerName="DDBLD061B" duration="00:00:00.7280000" startTime="2015-04-27T07:08:13.1234207-07:00" endTime="2015-04-27T07:08:13.1234207-07:00" testType="13cdc9d9-ddb5-4fa4-a97d-d965ccfc6d4b" outcome="Passed" testListId="8c84fa94-04c1-424b-9868-57a2d4851a1d" relativeResultsDirectory="10e205ab-bfe2-4897-9e97-688ecb47e922" />
    <UnitTestResult executionId="941b5109-e4da-46d4-bffa-7118dc994ce6" testId="01adaec5-3e62-481d-8840-4a0954604fc5" testName="V3 composition (V2)" computerName="DDBLD061B" duration="00:00:00.6330000" startTime="2015-04-27T07:08:13.8422190-07:00" endTime="2015-04-27T07:08:13.8422190-07:00" testType="13cdc9d9-ddb5-4fa4-a97d-d965ccfc6d4b" outcome="Passed" testListId="8c84fa94-04c1-424b-9868-57a2d4851a1d" relativeResultsDirectory="941b5109-e4da-46d4-bffa-7118dc994ce6" />
    <UnitTestResult executionId="07639d9b-fc64-433d-ac62-6d504fd631fc" testId="acdc9b65-d2e8-47ff-bde0-0c967fe471b3" testName="V3 composition (V2)" computerName="DDBLD061B" duration="00:00:00.6070000" startTime="2015-04-27T07:08:13.8422190-07:00" endTime="2015-04-27T07:08:13.8422190-07:00" testType="13cdc9d9-ddb5-4fa4-a97d-d965ccfc6d4b" outcome="Passed" testListId="8c84fa94-04c1-424b-9868-57a2d4851a1d" relativeResultsDirectory="07639d9b-fc64-433d-ac62-6d504fd631fc" />
    <UnitTestResult executionId="6219398a-83e8-46bb-b856-d7fb47373b27" testId="88cb392a-c4ff-4bf6-ad23-d267296f63aa" testName="V3 composition (V1)" computerName="DDBLD061B" duration="00:00:00.6310000" startTime="2015-04-27T07:08:13.8422190-07:00" endTime="2015-04-27T07:08:13.8422190-07:00" testType="13cdc9d9-ddb5-4fa4-a97d-d965ccfc6d4b" outcome="Passed" testListId="8c84fa94-04c1-424b-9868-57a2d4851a1d" relativeResultsDirectory="6219398a-83e8-46bb-b856-d7fb47373b27" />
    <UnitTestResult executionId="a56c3395-c345-49c5-bb08-5d2abe11695e" testId="32a91743-646f-4efc-9045-551692665ad2" testName="V3 composition (V1)" computerName="DDBLD061B" duration="00:00:00.6510000" startTime="2015-04-27T07:08:13.8422190-07:00" endTime="2015-04-27T07:08:13.8422190-07:00" testType="13cdc9d9-ddb5-4fa4-a97d-d965ccfc6d4b" outcome="Passed" testListId="8c84fa94-04c1-424b-9868-57a2d4851a1d" relativeResultsDirectory="a56c3395-c345-49c5-bb08-5d2abe11695e" />
    <UnitTestResult executionId="8e5b43b9-6381-4dd0-9323-7f6277edbab2" testId="3d376a57-b651-4535-a6e6-bb55b7c4eb1d" testName="V3 composition (V2)" computerName="DDBLD061B" duration="00:00:00.7230000" startTime="2015-04-27T07:08:13.8422190-07:00" endTime="2015-04-27T07:08:13.8422190-07:00" testType="13cdc9d9-ddb5-4fa4-a97d-d965ccfc6d4b" outcome="Passed" testListId="8c84fa94-04c1-424b-9868-57a2d4851a1d" relativeResultsDirectory="8e5b43b9-6381-4dd0-9323-7f6277edbab2" />
    <UnitTestResult executionId="39e2d18f-075b-4537-a83b-cde30a3162d6" testId="be98baf6-9010-4a11-be1a-5e12df603659" testName="V3 composition (V2)" computerName="DDBLD061B" duration="00:00:00.7000000" startTime="2015-04-27T07:08:13.8422190-07:00" endTime="2015-04-27T07:08:13.8422190-07:00" testType="13cdc9d9-ddb5-4fa4-a97d-d965ccfc6d4b" outcome="Passed" testListId="8c84fa94-04c1-424b-9868-57a2d4851a1d" relativeResultsDirectory="39e2d18f-075b-4537-a83b-cde30a3162d6" />
    <UnitTestResult executionId="98807a0e-9187-421d-af0b-4ecb2bde6d42" testId="96c3c5b4-c9b9-4743-8dd8-52e7b4b50014" testName="V3 composition (V1)" computerName="DDBLD061B" duration="00:00:00.4950000" startTime="2015-04-27T07:08:13.8422190-07:00" endTime="2015-04-27T07:08:13.8422190-07:00" testType="13cdc9d9-ddb5-4fa4-a97d-d965ccfc6d4b" outcome="Passed" testListId="8c84fa94-04c1-424b-9868-57a2d4851a1d" relativeResultsDirectory="98807a0e-9187-421d-af0b-4ecb2bde6d42" />
    <UnitTestResult executionId="a7e557a1-7072-41f1-b43c-690368f1c37d" testId="6d5559d6-cb3c-4674-8800-bf17ab61fadd" testName="V3 composition (V2)" computerName="DDBLD061B" duration="00:00:00.5870000" startTime="2015-04-27T07:08:13.8422190-07:00" endTime="2015-04-27T07:08:13.8422190-07:00" testType="13cdc9d9-ddb5-4fa4-a97d-d965ccfc6d4b" outcome="Passed" testListId="8c84fa94-04c1-424b-9868-57a2d4851a1d" relativeResultsDirectory="a7e557a1-7072-41f1-b43c-690368f1c37d" />
    <UnitTestResult executionId="0b1e2204-612f-4ed8-acc9-e444090b5c20" testId="c90d0915-842d-4fe6-8d5b-44df67e119ba" testName="V3 composition (V2)" computerName="DDBLD061B" duration="00:00:00.7820000" startTime="2015-04-27T07:08:13.8422190-07:00" endTime="2015-04-27T07:08:13.8422190-07:00" testType="13cdc9d9-ddb5-4fa4-a97d-d965ccfc6d4b" outcome="Passed" testListId="8c84fa94-04c1-424b-9868-57a2d4851a1d" relativeResultsDirectory="0b1e2204-612f-4ed8-acc9-e444090b5c20" />
    <UnitTestResult executionId="c9c2fdc9-36cc-4b24-be26-0fb91b75596f" testId="f538e843-d5c7-4823-bcff-5de719696ed0" testName="V3 composition (V1)" computerName="DDBLD061B" duration="00:00:00.7350000" startTime="2015-04-27T07:08:13.8422190-07:00" endTime="2015-04-27T07:08:13.8422190-07:00" testType="13cdc9d9-ddb5-4fa4-a97d-d965ccfc6d4b" outcome="Passed" testListId="8c84fa94-04c1-424b-9868-57a2d4851a1d" relativeResultsDirectory="c9c2fdc9-36cc-4b24-be26-0fb91b75596f">
      <Output>
        <StdOut>Catalog BeforeSerialization vs. AfterSerialization
      Part
          Type: Microsoft.VisualStudio.Composition.ExportMetadataViewInterfaceEmitProxy+MetadataViewProxyProvider
          Part metadata:
              VsMEFDgmlCategories = System.String[]
          SharingBoundary: &lt;null&gt;
          IsSharingBoundaryInferred: False
          CreationPolicy: NonShared
          OnImportsSatisfied: &lt;null&gt;
          ExportedTypes:
              ExportDefinition
                  ContractName: Microsoft.VisualStudio.Composition.IMetadataViewProvider
                  Metadata:
                      ExportTypeIdentity = Microsoft.VisualStudio.Composition.IMetadataViewProvider
                      System.ComponentModel.Composition.CreationPolicy = NonShared
                      OrderPrecedence = 50
          ExportingMembers:
          ImportingMembers:
          ImportingConstructor:
      Part
          Type: Microsoft.VisualStudio.Composition.NetFxAdapters+CompositionService
          Part metadata:
              VsMEFDgmlCategories = System.String[]
          SharingBoundary: &lt;null&gt;
          IsSharingBoundaryInferred: False
          CreationPolicy: NonShared
          OnImportsSatisfied: &lt;null&gt;
          ExportedTypes:
              ExportDefinition
                  ContractName: System.ComponentModel.Composition.ICompositionService
                  Metadata:
                      ExportTypeIdentity = System.ComponentModel.Composition.ICompositionService
                      System.ComponentModel.Composition.CreationPolicy = NonShared
          ExportingMembers:
          ImportingMembers:
          ImportingConstructor:
              ImportDefinition:
                  ContractName: Microsoft.VisualStudio.Composition.ExportProvider
                  Cardinality: ExactlyOne
                  Metadata:
                  ExportFactorySharingBoundaries: 
                  ExportConstraints: 
                      ExportTypeIdentityConstraint
                          TypeIdentityName: Microsoft.VisualStudio.Composition.ExportProvider
              ComposablePartType: Microsoft.VisualStudio.Composition.NetFxAdapters+CompositionService
              ImportingMember: 
              ParameterInfo: Microsoft.VisualStudio.Composition.ExportProvider exportProvider
              ImportingSiteType: Microsoft.VisualStudio.Composition.ExportProvider
      Part
          Type: Microsoft.VisualStudio.Composition.NetFxAdapters+MetadataViewImplProxy
          Part metadata:
              VsMEFDgmlCategories = System.String[]
          SharingBoundary: 
          IsSharingBoundaryInferred: True
          CreationPolicy: Any
          OnImportsSatisfied: &lt;null&gt;
          ExportedTypes:
              ExportDefinition
                  ContractName: Microsoft.VisualStudio.Composition.IMetadataViewProvider
                  Metadata:
                      ExportTypeIdentity = Microsoft.VisualStudio.Composition.IMetadataViewProvider
                      OrderPrecedence = 100
          ExportingMembers:
          ImportingMembers:
          ImportingConstructor:
      Part
          Type: Microsoft.VisualStudio.Composition.NetFxAdapters+AssemblyLoadCodeBasePathLoader
          Part metadata:
              VsMEFDgmlCategories = System.String[]
          SharingBoundary: 
          IsSharingBoundaryInferred: True
          CreationPolicy: Any
          OnImportsSatisfied: &lt;null&gt;
          ExportedTypes:
              ExportDefinition
                  ContractName: Microsoft.VisualStudio.Composition.IAssemblyLoader
                  Metadata:
                      ExportTypeIdentity = Microsoft.VisualStudio.Composition.IAssemblyLoader
                      OrderPrecedence = 100
          ExportingMembers:
          ImportingMembers:
          ImportingConstructor:
      Part
          Type: Microsoft.VisualStudio.Composition.Tests.ExportingMembersTests+ImportingClass
          SharingBoundary: 
          IsSharingBoundaryInferred: True
          CreationPolicy: Any
          OnImportsSatisfied: &lt;null&gt;
          ExportedTypes:
              ExportDefinition
                  ContractName: Microsoft.VisualStudio.Composition.Tests.ExportingMembersTests+ImportingClass
                  Metadata:
                      ExportTypeIdentity = Microsoft.VisualStudio.Composition.Tests.ExportingMembersTests+ImportingClass
          ExportingMembers:
          ImportingMembers:
              ImportDefinition:
                  ContractName: Method
                  Cardinality: ExactlyOne
                  Metadata:
                      System.ComponentModel.Composition.GenericContractName = System.Func({0},{1},{2})+TResult(System.Func({0},{1},{2})+T1,System.Func({0},{1},{2})+T2)
                      System.ComponentModel.Composition.GenericParameters = System.Type[]
                  ExportFactorySharingBoundaries: 
                  ExportConstraints: 
                      ExportTypeIdentityConstraint
                          TypeIdentityName: System.Boolean(System.Int32,System.String)
              ComposablePartType: Microsoft.VisualStudio.Composition.Tests.ExportingMembersTests+ImportingClass
              ImportingMember: System.Func`3[System.Int32,System.String,System.Boolean] FuncOf2
              ParameterInfo: 
              ImportingSiteType: System.Func`3[System.Int32,System.String,System.Boolean]
              ImportDefinition:
                  ContractName: Method
                  Cardinality: OneOrZero
                  Metadata:
                      System.ComponentModel.Composition.GenericContractName = System.Func({0},{1},{2})+TResult(System.Func({0},{1},{2})+T1,System.Func({0},{1},{2})+T2)
                      System.ComponentModel.Composition.GenericParameters = System.Type[]
                  ExportFactorySharingBoundaries: 
                  ExportConstraints: 
                      ExportTypeIdentityConstraint
                          TypeIdentityName: System.Boolean(System.String,System.String)
              ComposablePartType: Microsoft.VisualStudio.Composition.Tests.ExportingMembersTests+ImportingClass
              ImportingMember: System.Func`3[System.String,System.String,System.Boolean] FuncOf2WrongTypeArgs
              ParameterInfo: 
              ImportingSiteType: System.Func`3[System.String,System.String,System.Boolean]
          ImportingConstructor:
      Part
          Type: Microsoft.VisualStudio.Composition.Tests.ExportingMembersTests+ExportingMembersClass
          SharingBoundary: 
          IsSharingBoundaryInferred: True
          CreationPolicy: Any
          OnImportsSatisfied: &lt;null&gt;
          ExportedTypes:
          ExportingMembers:
+             Field
+                 ContractName: Field
+                 Metadata:
+                     ExportTypeIdentity = System.String
+                 ContractName: Field_Extra_Export
+                 Metadata:
+                     ExportTypeIdentity = System.String
              SomeAction
                  ContractName: Method
                  Metadata:
                      ExportTypeIdentity = System.Void()
                      A = b
                  ContractName: Method_Extra_Export
                  Metadata:
                      ExportTypeIdentity = System.Void()
                      A = b
              SomeAction
                  ContractName: Method
                  Metadata:
                      ExportTypeIdentity = System.Void(System.Int32,System.String)
                      A = b
              SomeFunc
                  ContractName: Method
                  Metadata:
                      ExportTypeIdentity = System.Boolean()
                      A = b
              SomeFunc
                  ContractName: Method
                  Metadata:
                      ExportTypeIdentity = System.Boolean(System.Int32,System.String)
                      A = b
              Property
                  ContractName: Property
                  Metadata:
                      ExportTypeIdentity = System.String
                  ContractName: Property_Extra_Export
                  Metadata:
                      ExportTypeIdentity = System.String
              PropertyGenericType
                  ContractName: PropertyGenericType
                  Metadata:
                      ExportTypeIdentity = System.Collections.Generic.Comparer(System.Int32)
              DelegateReturningProperty
                  ContractName: DelegateReturningProperty
                  Metadata:
                      ExportTypeIdentity = System.String(System.String)
                      A = b
-             Field
-                 ContractName: Field
-                 Metadata:
-                     ExportTypeIdentity = System.String
-                 ContractName: Field_Extra_Export
-                 Metadata:
-                     ExportTypeIdentity = System.String
          ImportingMembers:
          ImportingConstructor:</StdOut>
      </Output>
    </UnitTestResult>
    <UnitTestResult executionId="90385bb3-994c-498c-a1cb-2e5cb670160a" testId="a14ae607-a5c7-41bb-9395-a097063d4b57" testName="V3 composition (V2)" computerName="DDBLD061B" duration="00:00:00.5780000" startTime="2015-04-27T07:08:15.3577642-07:00" endTime="2015-04-27T07:08:15.3577642-07:00" testType="13cdc9d9-ddb5-4fa4-a97d-d965ccfc6d4b" outcome="Passed" testListId="8c84fa94-04c1-424b-9868-57a2d4851a1d" relativeResultsDirectory="90385bb3-994c-498c-a1cb-2e5cb670160a" />
    <UnitTestResult executionId="36597c83-8e73-432e-bebc-0ab56aa58320" testId="5d50a05d-62ae-4759-86e0-3d9d704bf9fa" testName="V3 composition (V1)" computerName="DDBLD061B" duration="00:00:00.4790000" startTime="2015-04-27T07:08:15.3577642-07:00" endTime="2015-04-27T07:08:15.3577642-07:00" testType="13cdc9d9-ddb5-4fa4-a97d-d965ccfc6d4b" outcome="Passed" testListId="8c84fa94-04c1-424b-9868-57a2d4851a1d" relativeResultsDirectory="36597c83-8e73-432e-bebc-0ab56aa58320" />
    <UnitTestResult executionId="6394f69b-c8cf-4655-8016-cf1d73632c2d" testId="b47e3b03-c6ab-43e1-b6a4-2f91537c4a19" testName="V3 composition (V2)" computerName="DDBLD061B" duration="00:00:00.4980000" startTime="2015-04-27T07:08:15.3577642-07:00" endTime="2015-04-27T07:08:15.3577642-07:00" testType="13cdc9d9-ddb5-4fa4-a97d-d965ccfc6d4b" outcome="Passed" testListId="8c84fa94-04c1-424b-9868-57a2d4851a1d" relativeResultsDirectory="6394f69b-c8cf-4655-8016-cf1d73632c2d" />
    <UnitTestResult executionId="27471539-0c77-4f5e-a164-00621b7ba8cf" testId="eb792c30-0c72-4ba0-90a5-c0af9da8e71f" testName="V3 engine (runtime)" computerName="DDBLD061B" duration="00:00:00.0080000" startTime="2015-04-27T07:08:15.3577642-07:00" endTime="2015-04-27T07:08:15.3577642-07:00" testType="13cdc9d9-ddb5-4fa4-a97d-d965ccfc6d4b" outcome="Passed" testListId="8c84fa94-04c1-424b-9868-57a2d4851a1d" relativeResultsDirectory="27471539-0c77-4f5e-a164-00621b7ba8cf" />
    <UnitTestResult executionId="de305af2-dce5-4c23-ace5-3c8bc34d29e5" testId="97493e66-ecd5-462a-a511-c8f4767515e2" testName="V1" computerName="DDBLD061B" duration="00:00:00.0010000" startTime="2015-04-27T07:08:15.3577642-07:00" endTime="2015-04-27T07:08:15.3577642-07:00" testType="13cdc9d9-ddb5-4fa4-a97d-d965ccfc6d4b" outcome="Passed" testListId="8c84fa94-04c1-424b-9868-57a2d4851a1d" relativeResultsDirectory="de305af2-dce5-4c23-ace5-3c8bc34d29e5" />
    <UnitTestResult executionId="8e199b3d-30f7-4434-a0a5-9739fe130d1a" testId="9c46c462-7d81-4c39-b583-c31b1ce3c8bf" testName="V3 composition (V1)" computerName="DDBLD061B" duration="00:00:00.3770000" startTime="2015-04-27T07:08:16.7796437-07:00" endTime="2015-04-27T07:08:16.7796437-07:00" testType="13cdc9d9-ddb5-4fa4-a97d-d965ccfc6d4b" outcome="Passed" testListId="8c84fa94-04c1-424b-9868-57a2d4851a1d" relativeResultsDirectory="8e199b3d-30f7-4434-a0a5-9739fe130d1a" />
    <UnitTestResult executionId="5b15dbb3-0dab-4411-9805-cace3ead379c" testId="ff13dca6-2c08-42a3-b6db-bcfce219c1b2" testName="V3 composition (V1, V2)" computerName="DDBLD061B" duration="00:00:00.8650000" startTime="2015-04-27T07:08:16.7796437-07:00" endTime="2015-04-27T07:08:16.7796437-07:00" testType="13cdc9d9-ddb5-4fa4-a97d-d965ccfc6d4b" outcome="Passed" testListId="8c84fa94-04c1-424b-9868-57a2d4851a1d" relativeResultsDirectory="5b15dbb3-0dab-4411-9805-cace3ead379c" />
    <UnitTestResult executionId="c9476e21-2ad5-409f-bafe-81399cedda22" testId="49c74a7a-561d-45fe-96ad-801f03108e50" testName="V3 engine (runtime)" computerName="DDBLD061B" duration="00:00:00.0030000" startTime="2015-04-27T07:08:16.7796437-07:00" endTime="2015-04-27T07:08:16.7796437-07:00" testType="13cdc9d9-ddb5-4fa4-a97d-d965ccfc6d4b" outcome="Passed" testListId="8c84fa94-04c1-424b-9868-57a2d4851a1d" relativeResultsDirectory="c9476e21-2ad5-409f-bafe-81399cedda22" />
    <UnitTestResult executionId="7b855466-042a-48de-826d-8e102efd78d0" testId="5b724497-6e21-4f6b-b96b-466471056cc4" testName="V3 engine (runtime)" computerName="DDBLD061B" duration="00:00:00.0090000" startTime="2015-04-27T07:08:16.7796437-07:00" endTime="2015-04-27T07:08:16.7796437-07:00" testType="13cdc9d9-ddb5-4fa4-a97d-d965ccfc6d4b" outcome="Passed" testListId="8c84fa94-04c1-424b-9868-57a2d4851a1d" relativeResultsDirectory="7b855466-042a-48de-826d-8e102efd78d0" />
    <UnitTestResult executionId="8beb2577-184d-4878-8d42-e0987f4a0436" testId="3397f2ed-f33a-423d-95b4-343d4ede0bbe" testName="V3 engine (runtime)" computerName="DDBLD061B" duration="00:00:00.0090000" startTime="2015-04-27T07:08:16.7796437-07:00" endTime="2015-04-27T07:08:16.7796437-07:00" testType="13cdc9d9-ddb5-4fa4-a97d-d965ccfc6d4b" outcome="Passed" testListId="8c84fa94-04c1-424b-9868-57a2d4851a1d" relativeResultsDirectory="8beb2577-184d-4878-8d42-e0987f4a0436" />
    <UnitTestResult executionId="83c79a65-c446-4fd1-a364-8a0d5916e773" testId="8f00a133-f490-44b2-b6ec-1a6fab330b16" testName="V3 engine (runtime)" computerName="DDBLD061B" duration="00:00:00.0020000" startTime="2015-04-27T07:08:16.7796437-07:00" endTime="2015-04-27T07:08:16.7796437-07:00" testType="13cdc9d9-ddb5-4fa4-a97d-d965ccfc6d4b" outcome="Passed" testListId="8c84fa94-04c1-424b-9868-57a2d4851a1d" relativeResultsDirectory="83c79a65-c446-4fd1-a364-8a0d5916e773" />
    <UnitTestResult executionId="e74b51d1-8bbd-447d-aa44-4cde19e0d32d" testId="2249706f-0b83-4a88-8e7f-7e1ef2614884" testName="V3 engine (runtime)" computerName="DDBLD061B" duration="00:00:00.0040000" startTime="2015-04-27T07:08:16.7796437-07:00" endTime="2015-04-27T07:08:16.7796437-07:00" testType="13cdc9d9-ddb5-4fa4-a97d-d965ccfc6d4b" outcome="Passed" testListId="8c84fa94-04c1-424b-9868-57a2d4851a1d" relativeResultsDirectory="e74b51d1-8bbd-447d-aa44-4cde19e0d32d" />
    <UnitTestResult executionId="f7147ddf-e5c9-454c-a279-84503f15f3b4" testId="53e865da-cc23-4a42-8f7c-244e5ef34608" testName="V3 engine (runtime)" computerName="DDBLD061B" duration="00:00:00.0030000" startTime="2015-04-27T07:08:16.7796437-07:00" endTime="2015-04-27T07:08:16.7796437-07:00" testType="13cdc9d9-ddb5-4fa4-a97d-d965ccfc6d4b" outcome="Passed" testListId="8c84fa94-04c1-424b-9868-57a2d4851a1d" relativeResultsDirectory="f7147ddf-e5c9-454c-a279-84503f15f3b4" />
    <UnitTestResult executionId="20f5b4e9-05a4-49be-b16a-46fb3f9d3c07" testId="d1e923fd-a9a6-4f4d-99e1-4d19791d263c" testName="V3 engine (runtime)" computerName="DDBLD061B" duration="00:00:00.0050000" startTime="2015-04-27T07:08:16.9672025-07:00" endTime="2015-04-27T07:08:16.9672025-07:00" testType="13cdc9d9-ddb5-4fa4-a97d-d965ccfc6d4b" outcome="Passed" testListId="8c84fa94-04c1-424b-9868-57a2d4851a1d" relativeResultsDirectory="20f5b4e9-05a4-49be-b16a-46fb3f9d3c07" />
    <UnitTestResult executionId="df041f68-60eb-4996-ad55-601026d9a3b6" testId="acf721cc-bee7-4d06-8add-92266debbcfd" testName="V3 composition (V1, V2)" computerName="DDBLD061B" duration="00:00:00.8210000" startTime="2015-04-27T07:08:16.9672025-07:00" endTime="2015-04-27T07:08:16.9672025-07:00" testType="13cdc9d9-ddb5-4fa4-a97d-d965ccfc6d4b" outcome="Passed" testListId="8c84fa94-04c1-424b-9868-57a2d4851a1d" relativeResultsDirectory="df041f68-60eb-4996-ad55-601026d9a3b6" />
    <UnitTestResult executionId="6a9108fa-35bf-4352-92ea-5524b3195c08" testId="633cf244-dd9a-4281-ae3d-7b83c4fa3165" testName="V1" computerName="DDBLD061B" duration="00:00:00.0010000" startTime="2015-04-27T07:08:16.9672025-07:00" endTime="2015-04-27T07:08:16.9672025-07:00" testType="13cdc9d9-ddb5-4fa4-a97d-d965ccfc6d4b" outcome="Passed" testListId="8c84fa94-04c1-424b-9868-57a2d4851a1d" relativeResultsDirectory="6a9108fa-35bf-4352-92ea-5524b3195c08" />
    <UnitTestResult executionId="ea1ea1c6-376b-4986-a1d4-82fc3a312b65" testId="d5eacb47-0585-4c74-afab-e83ee83d0727" testName="V2" computerName="DDBLD061B" duration="00:00:00.0030000" startTime="2015-04-27T07:08:16.9672025-07:00" endTime="2015-04-27T07:08:16.9672025-07:00" testType="13cdc9d9-ddb5-4fa4-a97d-d965ccfc6d4b" outcome="Passed" testListId="8c84fa94-04c1-424b-9868-57a2d4851a1d" relativeResultsDirectory="ea1ea1c6-376b-4986-a1d4-82fc3a312b65" />
    <UnitTestResult executionId="465e43ab-e622-462d-84ba-1def87b1ef56" testId="59747c6a-2aa5-4cad-906a-2e8b4dcea64e" testName="V2" computerName="DDBLD061B" duration="00:00:00.0020000" startTime="2015-04-27T07:08:16.9672025-07:00" endTime="2015-04-27T07:08:16.9672025-07:00" testType="13cdc9d9-ddb5-4fa4-a97d-d965ccfc6d4b" outcome="Passed" testListId="8c84fa94-04c1-424b-9868-57a2d4851a1d" relativeResultsDirectory="465e43ab-e622-462d-84ba-1def87b1ef56" />
    <UnitTestResult executionId="9d2af7ec-1c16-4dbc-948e-d3a1e6dffe17" testId="81620d6a-6fb2-43cc-a7c6-986b9c031d8d" testName="V3 engine (runtime)" computerName="DDBLD061B" duration="00:00:00.0040000" startTime="2015-04-27T07:08:16.9672025-07:00" endTime="2015-04-27T07:08:16.9672025-07:00" testType="13cdc9d9-ddb5-4fa4-a97d-d965ccfc6d4b" outcome="Passed" testListId="8c84fa94-04c1-424b-9868-57a2d4851a1d" relativeResultsDirectory="9d2af7ec-1c16-4dbc-948e-d3a1e6dffe17" />
    <UnitTestResult executionId="1aeea3ec-ef1c-4ddc-a7aa-066c5f9d7690" testId="0484c895-74d8-476b-a019-e9371b33e389" testName="V3 engine (runtime)" computerName="DDBLD061B" duration="00:00:00.0010000" startTime="2015-04-27T07:08:16.9672025-07:00" endTime="2015-04-27T07:08:16.9672025-07:00" testType="13cdc9d9-ddb5-4fa4-a97d-d965ccfc6d4b" outcome="Passed" testListId="8c84fa94-04c1-424b-9868-57a2d4851a1d" relativeResultsDirectory="1aeea3ec-ef1c-4ddc-a7aa-066c5f9d7690" />
    <UnitTestResult executionId="793b0842-04fd-4d7b-8610-af2cebaf6654" testId="daf4e7ea-416e-4917-99ee-2c4c6402c4f2" testName="V1" computerName="DDBLD061B" duration="00:00:00.0020000" startTime="2015-04-27T07:08:17.2171486-07:00" endTime="2015-04-27T07:08:17.2171486-07:00" testType="13cdc9d9-ddb5-4fa4-a97d-d965ccfc6d4b" outcome="Passed" testListId="8c84fa94-04c1-424b-9868-57a2d4851a1d" relativeResultsDirectory="793b0842-04fd-4d7b-8610-af2cebaf6654" />
    <UnitTestResult executionId="9fecf00f-12ba-4098-854f-3d2a10c47bb0" testId="d0221c8e-bc5a-44ef-b125-ac5342231adb" testName="V3 engine (runtime)" computerName="DDBLD061B" duration="00:00:00.0020000" startTime="2015-04-27T07:08:17.2171486-07:00" endTime="2015-04-27T07:08:17.2171486-07:00" testType="13cdc9d9-ddb5-4fa4-a97d-d965ccfc6d4b" outcome="Passed" testListId="8c84fa94-04c1-424b-9868-57a2d4851a1d" relativeResultsDirectory="9fecf00f-12ba-4098-854f-3d2a10c47bb0" />
    <UnitTestResult executionId="a689308a-4b42-42d2-ad55-d5d1030afd09" testId="3833b9d7-a682-47aa-b4b2-0afa60e8d8fb" testName="V3 engine (runtime)" computerName="DDBLD061B" duration="00:00:00.0020000" startTime="2015-04-27T07:08:17.2171486-07:00" endTime="2015-04-27T07:08:17.2171486-07:00" testType="13cdc9d9-ddb5-4fa4-a97d-d965ccfc6d4b" outcome="Passed" testListId="8c84fa94-04c1-424b-9868-57a2d4851a1d" relativeResultsDirectory="a689308a-4b42-42d2-ad55-d5d1030afd09" />
    <UnitTestResult executionId="4df6c203-bf91-4dd8-931e-013f2f84ff63" testId="4c49e70d-095b-447a-bf84-bb7fcb5f52e0" testName="V3 engine (runtime)" computerName="DDBLD061B" duration="00:00:00.0060000" startTime="2015-04-27T07:08:17.2171486-07:00" endTime="2015-04-27T07:08:17.2171486-07:00" testType="13cdc9d9-ddb5-4fa4-a97d-d965ccfc6d4b" outcome="Passed" testListId="8c84fa94-04c1-424b-9868-57a2d4851a1d" relativeResultsDirectory="4df6c203-bf91-4dd8-931e-013f2f84ff63" />
    <UnitTestResult executionId="702a434d-c4b4-455b-8605-f89ee18482a3" testId="ac911fd9-9a7b-4ffc-bb02-6082cd3af318" testName="V3 engine (runtime)" computerName="DDBLD061B" duration="00:00:00.0010000" startTime="2015-04-27T07:08:17.2171486-07:00" endTime="2015-04-27T07:08:17.2171486-07:00" testType="13cdc9d9-ddb5-4fa4-a97d-d965ccfc6d4b" outcome="Passed" testListId="8c84fa94-04c1-424b-9868-57a2d4851a1d" relativeResultsDirectory="702a434d-c4b4-455b-8605-f89ee18482a3" />
    <UnitTestResult executionId="37f4bffe-a44a-4418-a4d7-9c21f0402955" testId="3c17b1d8-b7f8-4ccb-97ea-e2609f67e612" testName="V1" computerName="DDBLD061B" duration="00:00:00.0040000" startTime="2015-04-27T07:08:17.2171486-07:00" endTime="2015-04-27T07:08:17.2171486-07:00" testType="13cdc9d9-ddb5-4fa4-a97d-d965ccfc6d4b" outcome="Passed" testListId="8c84fa94-04c1-424b-9868-57a2d4851a1d" relativeResultsDirectory="37f4bffe-a44a-4418-a4d7-9c21f0402955" />
    <UnitTestResult executionId="6696f94e-5d2c-4cfb-800a-00c515da994a" testId="0360637e-ba7c-4740-a85f-a55fd2a1cab0" testName="V2" computerName="DDBLD061B" duration="00:00:00.0010000" startTime="2015-04-27T07:08:17.2171486-07:00" endTime="2015-04-27T07:08:17.2171486-07:00" testType="13cdc9d9-ddb5-4fa4-a97d-d965ccfc6d4b" outcome="Passed" testListId="8c84fa94-04c1-424b-9868-57a2d4851a1d" relativeResultsDirectory="6696f94e-5d2c-4cfb-800a-00c515da994a" />
    <UnitTestResult executionId="12e462aa-b1b9-4ca4-8e37-c4976b0f86cb" testId="f0251c3f-cf69-48e8-96e1-6ab3950c148c" testName="V2" computerName="DDBLD061B" duration="00:00:00.0090000" startTime="2015-04-27T07:08:17.4515294-07:00" endTime="2015-04-27T07:08:17.4515294-07:00" testType="13cdc9d9-ddb5-4fa4-a97d-d965ccfc6d4b" outcome="Passed" testListId="8c84fa94-04c1-424b-9868-57a2d4851a1d" relativeResultsDirectory="12e462aa-b1b9-4ca4-8e37-c4976b0f86cb" />
    <UnitTestResult executionId="926e0fac-4326-4e47-8248-421044127127" testId="11b79765-984d-4b9e-95f7-92df0077b39d" testName="V3 composition (V1, V2)" computerName="DDBLD061B" duration="00:00:00.8270000" startTime="2015-04-27T07:08:17.4515294-07:00" endTime="2015-04-27T07:08:17.4515294-07:00" testType="13cdc9d9-ddb5-4fa4-a97d-d965ccfc6d4b" outcome="Passed" testListId="8c84fa94-04c1-424b-9868-57a2d4851a1d" relativeResultsDirectory="926e0fac-4326-4e47-8248-421044127127" />
    <UnitTestResult executionId="1b4bd2c1-ec44-41e7-967c-76e905766439" testId="9edf6e73-f387-45a1-affc-1c57adbf6c2c" testName="V3 engine (runtime)" computerName="DDBLD061B" duration="00:00:00.0020000" startTime="2015-04-27T07:08:17.4515294-07:00" endTime="2015-04-27T07:08:17.4515294-07:00" testType="13cdc9d9-ddb5-4fa4-a97d-d965ccfc6d4b" outcome="Passed" testListId="8c84fa94-04c1-424b-9868-57a2d4851a1d" relativeResultsDirectory="1b4bd2c1-ec44-41e7-967c-76e905766439" />
    <UnitTestResult executionId="7e98377e-f1de-4563-a9e9-a953ca087093" testId="802e31be-0dfe-4c7e-8dc2-2fbc5534dc20" testName="V1" computerName="DDBLD061B" duration="00:00:00.0200000" startTime="2015-04-27T07:08:17.4515294-07:00" endTime="2015-04-27T07:08:17.4515294-07:00" testType="13cdc9d9-ddb5-4fa4-a97d-d965ccfc6d4b" outcome="Passed" testListId="8c84fa94-04c1-424b-9868-57a2d4851a1d" relativeResultsDirectory="7e98377e-f1de-4563-a9e9-a953ca087093" />
    <UnitTestResult executionId="35aa3a9c-94ec-437e-8cae-d37f9d09cbeb" testId="d2d841e9-0a1e-4e32-b935-3bebb43da729" testName="V3 engine (runtime)" computerName="DDBLD061B" duration="00:00:00.0070000" startTime="2015-04-27T07:08:17.4515294-07:00" endTime="2015-04-27T07:08:17.4515294-07:00" testType="13cdc9d9-ddb5-4fa4-a97d-d965ccfc6d4b" outcome="Passed" testListId="8c84fa94-04c1-424b-9868-57a2d4851a1d" relativeResultsDirectory="35aa3a9c-94ec-437e-8cae-d37f9d09cbeb" />
    <UnitTestResult executionId="db8a713f-bba3-4899-b1cf-b84bae36e922" testId="ee3bc0d6-28d3-4030-812a-cdbb0b0b851b" testName="V1" computerName="DDBLD061B" duration="00:00:00.0020000" startTime="2015-04-27T07:08:17.4515294-07:00" endTime="2015-04-27T07:08:17.4515294-07:00" testType="13cdc9d9-ddb5-4fa4-a97d-d965ccfc6d4b" outcome="Passed" testListId="8c84fa94-04c1-424b-9868-57a2d4851a1d" relativeResultsDirectory="db8a713f-bba3-4899-b1cf-b84bae36e922" />
    <UnitTestResult executionId="b43ea454-bd8b-4944-9fa6-2eca3ef4cb63" testId="e6d001f5-a910-4cbf-8664-b194155bce49" testName="V2" computerName="DDBLD061B" duration="00:00:00.0010000" startTime="2015-04-27T07:08:17.4515294-07:00" endTime="2015-04-27T07:08:17.4515294-07:00" testType="13cdc9d9-ddb5-4fa4-a97d-d965ccfc6d4b" outcome="Passed" testListId="8c84fa94-04c1-424b-9868-57a2d4851a1d" relativeResultsDirectory="b43ea454-bd8b-4944-9fa6-2eca3ef4cb63" />
    <UnitTestResult executionId="27d48cb8-03be-4a15-a17d-df1ac0dff938" testId="c615ab94-1661-4fde-aeb9-279b9e46b07e" testName="V3 engine (runtime)" computerName="DDBLD061B" duration="00:00:00.0020000" startTime="2015-04-27T07:08:17.6703390-07:00" endTime="2015-04-27T07:08:17.6703390-07:00" testType="13cdc9d9-ddb5-4fa4-a97d-d965ccfc6d4b" outcome="Passed" testListId="8c84fa94-04c1-424b-9868-57a2d4851a1d" relativeResultsDirectory="27d48cb8-03be-4a15-a17d-df1ac0dff938" />
    <UnitTestResult executionId="ac7ec968-22d6-4754-bb02-beb517022d14" testId="f9d1c150-2ea6-4a46-885a-fc2d9ddffdd8" testName="V1" computerName="DDBLD061B" duration="00:00:00.0010000" startTime="2015-04-27T07:08:17.6703390-07:00" endTime="2015-04-27T07:08:17.6703390-07:00" testType="13cdc9d9-ddb5-4fa4-a97d-d965ccfc6d4b" outcome="Passed" testListId="8c84fa94-04c1-424b-9868-57a2d4851a1d" relativeResultsDirectory="ac7ec968-22d6-4754-bb02-beb517022d14" />
    <UnitTestResult executionId="f1771f53-4eaf-4872-8c81-4bdcadc4c07c" testId="a83d27d0-7d6f-489c-9014-7f0fc9ab85c8" testName="V1" computerName="DDBLD061B" duration="00:00:00.1620000" startTime="2015-04-27T07:08:17.6703390-07:00" endTime="2015-04-27T07:08:17.6703390-07:00" testType="13cdc9d9-ddb5-4fa4-a97d-d965ccfc6d4b" outcome="Passed" testListId="8c84fa94-04c1-424b-9868-57a2d4851a1d" relativeResultsDirectory="f1771f53-4eaf-4872-8c81-4bdcadc4c07c" />
    <UnitTestResult executionId="fd38645d-781e-4293-a9e0-ec8a9ca8e7cb" testId="2bd280ef-b08b-48b9-ac3d-e3e93002734f" testName="V3 engine (runtime)" computerName="DDBLD061B" duration="00:00:00.0090000" startTime="2015-04-27T07:08:17.6703390-07:00" endTime="2015-04-27T07:08:17.6703390-07:00" testType="13cdc9d9-ddb5-4fa4-a97d-d965ccfc6d4b" outcome="Passed" testListId="8c84fa94-04c1-424b-9868-57a2d4851a1d" relativeResultsDirectory="fd38645d-781e-4293-a9e0-ec8a9ca8e7cb" />
    <UnitTestResult executionId="386e142f-e6af-4f0a-969d-1d1517c7a5a8" testId="37000a88-bead-4155-b1a9-dc4572c691bc" testName="V3 engine (runtime)" computerName="DDBLD061B" duration="00:00:00.0060000" startTime="2015-04-27T07:08:17.6703390-07:00" endTime="2015-04-27T07:08:17.6703390-07:00" testType="13cdc9d9-ddb5-4fa4-a97d-d965ccfc6d4b" outcome="Passed" testListId="8c84fa94-04c1-424b-9868-57a2d4851a1d" relativeResultsDirectory="386e142f-e6af-4f0a-969d-1d1517c7a5a8" />
    <UnitTestResult executionId="f8ac2bda-0c89-47fe-a032-2511fe8b0c82" testId="3dd1bea5-3649-4840-acdf-a1afedcdb9a3" testName="V3 engine (runtime)" computerName="DDBLD061B" duration="00:00:00.0150000" startTime="2015-04-27T07:08:17.6703390-07:00" endTime="2015-04-27T07:08:17.6703390-07:00" testType="13cdc9d9-ddb5-4fa4-a97d-d965ccfc6d4b" outcome="Passed" testListId="8c84fa94-04c1-424b-9868-57a2d4851a1d" relativeResultsDirectory="f8ac2bda-0c89-47fe-a032-2511fe8b0c82" />
    <UnitTestResult executionId="a363dadf-b55c-402b-93f0-e39f8989bcb0" testId="92b8f12b-fb9c-4e75-a75d-ba293a21e651" testName="V3 engine (runtime)" computerName="DDBLD061B" duration="00:00:00.0030000" startTime="2015-04-27T07:08:17.6703390-07:00" endTime="2015-04-27T07:08:17.6703390-07:00" testType="13cdc9d9-ddb5-4fa4-a97d-d965ccfc6d4b" outcome="Passed" testListId="8c84fa94-04c1-424b-9868-57a2d4851a1d" relativeResultsDirectory="a363dadf-b55c-402b-93f0-e39f8989bcb0" />
    <UnitTestResult executionId="57b18fa7-89bf-413f-8ded-1ba4e5cbf0e7" testId="27e53b63-aab4-4095-9ec1-0d2b5593f40e" testName="V3 engine (runtime)" computerName="DDBLD061B" duration="00:00:00.0010000" startTime="2015-04-27T07:08:17.6703390-07:00" endTime="2015-04-27T07:08:17.6703390-07:00" testType="13cdc9d9-ddb5-4fa4-a97d-d965ccfc6d4b" outcome="Passed" testListId="8c84fa94-04c1-424b-9868-57a2d4851a1d" relativeResultsDirectory="57b18fa7-89bf-413f-8ded-1ba4e5cbf0e7" />
    <UnitTestResult executionId="43fd5d2e-8a3a-4e8e-b13e-befbf73f81bc" testId="4c49ff45-d952-4fd6-a5ab-50840493673e" testName="V3 composition (V1, V2)" computerName="DDBLD061B" duration="00:00:00.8140000" startTime="2015-04-27T07:08:17.9046580-07:00" endTime="2015-04-27T07:08:17.9046580-07:00" testType="13cdc9d9-ddb5-4fa4-a97d-d965ccfc6d4b" outcome="Passed" testListId="8c84fa94-04c1-424b-9868-57a2d4851a1d" relativeResultsDirectory="43fd5d2e-8a3a-4e8e-b13e-befbf73f81bc" />
    <UnitTestResult executionId="6cee2b64-802a-4ec8-8b32-8b8372d140c8" testId="cdfb84f8-ee55-4cd4-bca2-e04304136b2b" testName="V3 engine (runtime)" computerName="DDBLD061B" duration="00:00:00.0060000" startTime="2015-04-27T07:08:17.9046580-07:00" endTime="2015-04-27T07:08:17.9046580-07:00" testType="13cdc9d9-ddb5-4fa4-a97d-d965ccfc6d4b" outcome="Passed" testListId="8c84fa94-04c1-424b-9868-57a2d4851a1d" relativeResultsDirectory="6cee2b64-802a-4ec8-8b32-8b8372d140c8" />
    <UnitTestResult executionId="548d8acf-03f8-4443-92d0-81d846dd06ec" testId="0bda9d09-5f97-4d27-a3eb-32941e9d5e26" testName="V3 engine (runtime)" computerName="DDBLD061B" duration="00:00:00.0050000" startTime="2015-04-27T07:08:17.9046580-07:00" endTime="2015-04-27T07:08:17.9046580-07:00" testType="13cdc9d9-ddb5-4fa4-a97d-d965ccfc6d4b" outcome="Passed" testListId="8c84fa94-04c1-424b-9868-57a2d4851a1d" relativeResultsDirectory="548d8acf-03f8-4443-92d0-81d846dd06ec" />
    <UnitTestResult executionId="4dcade02-359d-4dbc-a97c-6abc42ade8a9" testId="40788585-5b54-4395-8ce0-42aac63f2ca8" testName="V3 engine (runtime)" computerName="DDBLD061B" duration="00:00:00.0010000" startTime="2015-04-27T07:08:17.9046580-07:00" endTime="2015-04-27T07:08:17.9046580-07:00" testType="13cdc9d9-ddb5-4fa4-a97d-d965ccfc6d4b" outcome="Passed" testListId="8c84fa94-04c1-424b-9868-57a2d4851a1d" relativeResultsDirectory="4dcade02-359d-4dbc-a97c-6abc42ade8a9" />
    <UnitTestResult executionId="87889d2f-e22e-4c0c-ad54-f66a4963277b" testId="19059efb-ffa2-43bf-b45c-aba825d239bd" testName="V1" computerName="DDBLD061B" duration="00:00:00.0080000" startTime="2015-04-27T07:08:17.9046580-07:00" endTime="2015-04-27T07:08:17.9046580-07:00" testType="13cdc9d9-ddb5-4fa4-a97d-d965ccfc6d4b" outcome="Passed" testListId="8c84fa94-04c1-424b-9868-57a2d4851a1d" relativeResultsDirectory="87889d2f-e22e-4c0c-ad54-f66a4963277b" />
    <UnitTestResult executionId="2f693552-7b23-4b4c-95dd-e776835de886" testId="c952ac8e-8426-4480-a5a7-1a651d41011e" testName="GetAssemblyInputs_IdentifiesAssembliesDefiningBaseTypesOfParts" computerName="DDBLD061B" duration="00:00:00.9310000" startTime="2015-04-27T07:08:17.9046580-07:00" endTime="2015-04-27T07:08:17.9046580-07:00" testType="13cdc9d9-ddb5-4fa4-a97d-d965ccfc6d4b" outcome="Passed" testListId="8c84fa94-04c1-424b-9868-57a2d4851a1d" relativeResultsDirectory="2f693552-7b23-4b4c-95dd-e776835de886" />
    <UnitTestResult executionId="be580e2a-1b21-4f42-95b8-6d7c3b1460d6" testId="35da009b-3a58-47ed-9382-2ada91e0993b" testName="V1" computerName="DDBLD061B" duration="00:00:00.0020000" startTime="2015-04-27T07:08:17.9046580-07:00" endTime="2015-04-27T07:08:17.9046580-07:00" testType="13cdc9d9-ddb5-4fa4-a97d-d965ccfc6d4b" outcome="Passed" testListId="8c84fa94-04c1-424b-9868-57a2d4851a1d" relativeResultsDirectory="be580e2a-1b21-4f42-95b8-6d7c3b1460d6" />
    <UnitTestResult executionId="0870a601-4aeb-40a7-ad0e-6519a58afb51" testId="0d09202b-9232-4501-8bb4-efb391ebd037" testName="MetadataAddedAfterDiscoveryIsAvailableAtRuntime" computerName="DDBLD061B" duration="00:00:00.6570000" startTime="2015-04-27T07:08:17.9046580-07:00" endTime="2015-04-27T07:08:17.9046580-07:00" testType="13cdc9d9-ddb5-4fa4-a97d-d965ccfc6d4b" outcome="Passed" testListId="8c84fa94-04c1-424b-9868-57a2d4851a1d" relativeResultsDirectory="0870a601-4aeb-40a7-ad0e-6519a58afb51" />
    <UnitTestResult executionId="dc3920c2-8e7d-4488-bb1e-8a8ce7d8a611" testId="1c2fb252-23a4-4aa1-a3cc-ed8f5473334c" testName="V1" computerName="DDBLD061B" duration="00:00:00.0030000" startTime="2015-04-27T07:08:18.1702866-07:00" endTime="2015-04-27T07:08:18.1702866-07:00" testType="13cdc9d9-ddb5-4fa4-a97d-d965ccfc6d4b" outcome="Passed" testListId="8c84fa94-04c1-424b-9868-57a2d4851a1d" relativeResultsDirectory="dc3920c2-8e7d-4488-bb1e-8a8ce7d8a611" />
    <UnitTestResult executionId="9124f7ff-56b9-4910-9014-b8bca1d309fe" testId="3ec55aba-7562-40c4-b4fa-7f40039d1506" testName="V1" computerName="DDBLD061B" duration="00:00:00.0020000" startTime="2015-04-27T07:08:18.1702866-07:00" endTime="2015-04-27T07:08:18.1702866-07:00" testType="13cdc9d9-ddb5-4fa4-a97d-d965ccfc6d4b" outcome="Passed" testListId="8c84fa94-04c1-424b-9868-57a2d4851a1d" relativeResultsDirectory="9124f7ff-56b9-4910-9014-b8bca1d309fe" />
    <UnitTestResult executionId="690d6b18-4473-4ded-b8eb-c8a84b9fd8fd" testId="80e015fa-608f-480f-ab5b-7601cc286849" testName="V3 engine (runtime)" computerName="DDBLD061B" duration="00:00:00.0010000" startTime="2015-04-27T07:08:18.1702866-07:00" endTime="2015-04-27T07:08:18.1702866-07:00" testType="13cdc9d9-ddb5-4fa4-a97d-d965ccfc6d4b" outcome="Passed" testListId="8c84fa94-04c1-424b-9868-57a2d4851a1d" relativeResultsDirectory="690d6b18-4473-4ded-b8eb-c8a84b9fd8fd" />
    <UnitTestResult executionId="c8a8fbde-09d3-42e8-a90c-bf9200720441" testId="e1644f8c-f3c2-4837-b434-b94b79c37cd7" testName="V1" computerName="DDBLD061B" duration="00:00:00.0010000" startTime="2015-04-27T07:08:18.1702866-07:00" endTime="2015-04-27T07:08:18.1702866-07:00" testType="13cdc9d9-ddb5-4fa4-a97d-d965ccfc6d4b" outcome="Passed" testListId="8c84fa94-04c1-424b-9868-57a2d4851a1d" relativeResultsDirectory="c8a8fbde-09d3-42e8-a90c-bf9200720441" />
    <UnitTestResult executionId="199ad551-377d-41bc-bef2-0e8aeb23cfdf" testId="6a73ffb9-ae10-4635-b250-f5548e5ca5b4" testName="V3 engine (runtime)" computerName="DDBLD061B" duration="00:00:00.0020000" startTime="2015-04-27T07:08:18.1702866-07:00" endTime="2015-04-27T07:08:18.1702866-07:00" testType="13cdc9d9-ddb5-4fa4-a97d-d965ccfc6d4b" outcome="Passed" testListId="8c84fa94-04c1-424b-9868-57a2d4851a1d" relativeResultsDirectory="199ad551-377d-41bc-bef2-0e8aeb23cfdf" />
    <UnitTestResult executionId="d45eb2db-d9a2-4eab-b6fd-581c9d93c178" testId="686c1039-3404-4cb6-88e0-ecd582fb4bd6" testName="V2" computerName="DDBLD061B" duration="00:00:00.0050000" startTime="2015-04-27T07:08:18.1702866-07:00" endTime="2015-04-27T07:08:18.1702866-07:00" testType="13cdc9d9-ddb5-4fa4-a97d-d965ccfc6d4b" outcome="Passed" testListId="8c84fa94-04c1-424b-9868-57a2d4851a1d" relativeResultsDirectory="d45eb2db-d9a2-4eab-b6fd-581c9d93c178" />
    <UnitTestResult executionId="57a55ef7-964e-48d4-a4c5-656ab2a0962e" testId="371cc81a-9381-4e24-8594-70b605274620" testName="V3 engine (runtime)" computerName="DDBLD061B" duration="00:00:00.0030000" startTime="2015-04-27T07:08:18.1702866-07:00" endTime="2015-04-27T07:08:18.1702866-07:00" testType="13cdc9d9-ddb5-4fa4-a97d-d965ccfc6d4b" outcome="Passed" testListId="8c84fa94-04c1-424b-9868-57a2d4851a1d" relativeResultsDirectory="57a55ef7-964e-48d4-a4c5-656ab2a0962e" />
    <UnitTestResult executionId="648488b8-b12b-4aba-b388-77df20dca875" testId="72a30806-d45a-482b-a173-3182938042ca" testName="V3 engine (runtime)" computerName="DDBLD061B" duration="00:00:00.0010000" startTime="2015-04-27T07:08:18.1702866-07:00" endTime="2015-04-27T07:08:18.1702866-07:00" testType="13cdc9d9-ddb5-4fa4-a97d-d965ccfc6d4b" outcome="Passed" testListId="8c84fa94-04c1-424b-9868-57a2d4851a1d" relativeResultsDirectory="648488b8-b12b-4aba-b388-77df20dca875" />
    <UnitTestResult executionId="f21b04e6-885d-41c0-b3c9-d243560b088b" testId="d7a35c11-96bd-4035-b8ae-6fa69b540ad5" testName="V1" computerName="DDBLD061B" duration="00:00:00.0010000" startTime="2015-04-27T07:08:18.3578573-07:00" endTime="2015-04-27T07:08:18.3578573-07:00" testType="13cdc9d9-ddb5-4fa4-a97d-d965ccfc6d4b" outcome="Passed" testListId="8c84fa94-04c1-424b-9868-57a2d4851a1d" relativeResultsDirectory="f21b04e6-885d-41c0-b3c9-d243560b088b" />
    <UnitTestResult executionId="2e418ebc-a5d5-445d-923c-032b3873de17" testId="ff5e64a9-7345-4375-a588-a096d5e20d05" testName="V3 engine (runtime)" computerName="DDBLD061B" duration="00:00:00.0010000" startTime="2015-04-27T07:08:18.3578573-07:00" endTime="2015-04-27T07:08:18.3578573-07:00" testType="13cdc9d9-ddb5-4fa4-a97d-d965ccfc6d4b" outcome="Passed" testListId="8c84fa94-04c1-424b-9868-57a2d4851a1d" relativeResultsDirectory="2e418ebc-a5d5-445d-923c-032b3873de17" />
    <UnitTestResult executionId="2bbceed1-acf5-43cc-a1eb-1441a72f9fcf" testId="300872b4-7242-466d-b6f4-9b40d754a44d" testName="V1" computerName="DDBLD061B" duration="00:00:00.0020000" startTime="2015-04-27T07:08:18.3734317-07:00" endTime="2015-04-27T07:08:18.3734317-07:00" testType="13cdc9d9-ddb5-4fa4-a97d-d965ccfc6d4b" outcome="Passed" testListId="8c84fa94-04c1-424b-9868-57a2d4851a1d" relativeResultsDirectory="2bbceed1-acf5-43cc-a1eb-1441a72f9fcf" />
    <UnitTestResult executionId="1c32ada9-e60f-4109-8399-15225512f2ac" testId="a749729e-09bf-4b66-92af-15afa8b12fb7" testName="V3 composition (V1, V2)" computerName="DDBLD061B" duration="00:00:00.7510000" startTime="2015-04-27T07:08:18.3734317-07:00" endTime="2015-04-27T07:08:18.3734317-07:00" testType="13cdc9d9-ddb5-4fa4-a97d-d965ccfc6d4b" outcome="Passed" testListId="8c84fa94-04c1-424b-9868-57a2d4851a1d" relativeResultsDirectory="1c32ada9-e60f-4109-8399-15225512f2ac" />
    <UnitTestResult executionId="97234fd9-0749-4524-ab27-d6a71a58f654" testId="c4f92243-8541-4ab0-a77e-b215a994f3ec" testName="V2" computerName="DDBLD061B" duration="00:00:00.0060000" startTime="2015-04-27T07:08:18.3734317-07:00" endTime="2015-04-27T07:08:18.3734317-07:00" testType="13cdc9d9-ddb5-4fa4-a97d-d965ccfc6d4b" outcome="Passed" testListId="8c84fa94-04c1-424b-9868-57a2d4851a1d" relativeResultsDirectory="97234fd9-0749-4524-ab27-d6a71a58f654" />
    <UnitTestResult executionId="fb24397b-9d77-46a4-af2d-a692a1f2a0a9" testId="39fd8c73-ae05-496b-82fd-21bb7e4f73fe" testName="V3 composition (V1, V2)" computerName="DDBLD061B" duration="00:00:00.7760000" startTime="2015-04-27T07:08:18.3734317-07:00" endTime="2015-04-27T07:08:18.3734317-07:00" testType="13cdc9d9-ddb5-4fa4-a97d-d965ccfc6d4b" outcome="Passed" testListId="8c84fa94-04c1-424b-9868-57a2d4851a1d" relativeResultsDirectory="fb24397b-9d77-46a4-af2d-a692a1f2a0a9" />
    <UnitTestResult executionId="c670930d-8d43-4cc6-b35f-17091800adff" testId="2c0b6168-ad94-4f45-a4a3-952cee874e9a" testName="V1" computerName="DDBLD061B" duration="00:00:00.0020000" startTime="2015-04-27T07:08:18.3734317-07:00" endTime="2015-04-27T07:08:18.3734317-07:00" testType="13cdc9d9-ddb5-4fa4-a97d-d965ccfc6d4b" outcome="Passed" testListId="8c84fa94-04c1-424b-9868-57a2d4851a1d" relativeResultsDirectory="c670930d-8d43-4cc6-b35f-17091800adff" />
    <UnitTestResult executionId="cfd913a0-6b55-4955-8150-97e2c3300e47" testId="0c806ab6-8ab4-4168-8f4c-73745c8a21f2" testName="V3 engine (runtime)" computerName="DDBLD061B" duration="00:00:00.0010000" startTime="2015-04-27T07:08:18.5921676-07:00" endTime="2015-04-27T07:08:18.5921676-07:00" testType="13cdc9d9-ddb5-4fa4-a97d-d965ccfc6d4b" outcome="Passed" testListId="8c84fa94-04c1-424b-9868-57a2d4851a1d" relativeResultsDirectory="cfd913a0-6b55-4955-8150-97e2c3300e47" />
    <UnitTestResult executionId="f737b0bb-9006-40d8-9150-5db9da9572ac" testId="7f2d7775-5469-4242-b9bb-578a5d07cff1" testName="V3 engine (runtime)" computerName="DDBLD061B" duration="00:00:00.0020000" startTime="2015-04-27T07:08:18.5921676-07:00" endTime="2015-04-27T07:08:18.5921676-07:00" testType="13cdc9d9-ddb5-4fa4-a97d-d965ccfc6d4b" outcome="Passed" testListId="8c84fa94-04c1-424b-9868-57a2d4851a1d" relativeResultsDirectory="f737b0bb-9006-40d8-9150-5db9da9572ac" />
    <UnitTestResult executionId="355fa5b4-dfd8-40c8-acab-2dae75478876" testId="bf0592d3-2715-4997-b986-9b15077e029d" testName="V3 engine (runtime)" computerName="DDBLD061B" duration="00:00:00.0020000" startTime="2015-04-27T07:08:18.5921676-07:00" endTime="2015-04-27T07:08:18.5921676-07:00" testType="13cdc9d9-ddb5-4fa4-a97d-d965ccfc6d4b" outcome="Passed" testListId="8c84fa94-04c1-424b-9868-57a2d4851a1d" relativeResultsDirectory="355fa5b4-dfd8-40c8-acab-2dae75478876" />
    <UnitTestResult executionId="606fdfff-fac2-44dc-a4af-cd01fd71836f" testId="dd4c3284-396b-4c4a-a49e-2ce623f919a9" testName="V3 engine (runtime)" computerName="DDBLD061B" duration="00:00:00.0730000" startTime="2015-04-27T07:08:18.5921676-07:00" endTime="2015-04-27T07:08:18.5921676-07:00" testType="13cdc9d9-ddb5-4fa4-a97d-d965ccfc6d4b" outcome="Passed" testListId="8c84fa94-04c1-424b-9868-57a2d4851a1d" relativeResultsDirectory="606fdfff-fac2-44dc-a4af-cd01fd71836f" />
    <UnitTestResult executionId="7e66d214-11e2-42e2-8eb3-c6273df0f196" testId="e13e7ca9-ccdd-4292-892a-44e924e30a43" testName="V3 engine (runtime)" computerName="DDBLD061B" duration="00:00:00.0010000" startTime="2015-04-27T07:08:18.5921676-07:00" endTime="2015-04-27T07:08:18.5921676-07:00" testType="13cdc9d9-ddb5-4fa4-a97d-d965ccfc6d4b" outcome="Passed" testListId="8c84fa94-04c1-424b-9868-57a2d4851a1d" relativeResultsDirectory="7e66d214-11e2-42e2-8eb3-c6273df0f196" />
    <UnitTestResult executionId="87556dec-d1b3-4724-936f-d9e9e5456673" testId="b136abc4-1582-46eb-83fc-aacd2c1b2340" testName="V2" computerName="DDBLD061B" duration="00:00:00.0030000" startTime="2015-04-27T07:08:18.5921676-07:00" endTime="2015-04-27T07:08:18.5921676-07:00" testType="13cdc9d9-ddb5-4fa4-a97d-d965ccfc6d4b" outcome="Passed" testListId="8c84fa94-04c1-424b-9868-57a2d4851a1d" relativeResultsDirectory="87556dec-d1b3-4724-936f-d9e9e5456673" />
    <UnitTestResult executionId="2128082d-7a06-4cfd-b846-3ca95651d1b2" testId="b62987f1-7362-4845-8c02-f90441a522f8" testName="V1" computerName="DDBLD061B" duration="00:00:00.0020000" startTime="2015-04-27T07:08:18.5921676-07:00" endTime="2015-04-27T07:08:18.5921676-07:00" testType="13cdc9d9-ddb5-4fa4-a97d-d965ccfc6d4b" outcome="Passed" testListId="8c84fa94-04c1-424b-9868-57a2d4851a1d" relativeResultsDirectory="2128082d-7a06-4cfd-b846-3ca95651d1b2" />
    <UnitTestResult executionId="c8b8eb33-b7fd-45fd-b73a-14143fc3e7a0" testId="33b736b7-526b-4aae-9af4-5efec1602541" testName="V3 composition (V1, V2)" computerName="DDBLD061B" duration="00:00:00.6700000" startTime="2015-04-27T07:08:18.5921676-07:00" endTime="2015-04-27T07:08:18.5921676-07:00" testType="13cdc9d9-ddb5-4fa4-a97d-d965ccfc6d4b" outcome="Passed" testListId="8c84fa94-04c1-424b-9868-57a2d4851a1d" relativeResultsDirectory="c8b8eb33-b7fd-45fd-b73a-14143fc3e7a0" />
    <UnitTestResult executionId="bfa4c4be-18bc-4350-8de5-5bff159913b1" testId="0311c36a-6178-4acc-9512-8e0bdba29eb5" testName="V3 engine (runtime)" computerName="DDBLD061B" duration="00:00:00.0030000" startTime="2015-04-27T07:08:18.8422105-07:00" endTime="2015-04-27T07:08:18.8422105-07:00" testType="13cdc9d9-ddb5-4fa4-a97d-d965ccfc6d4b" outcome="Passed" testListId="8c84fa94-04c1-424b-9868-57a2d4851a1d" relativeResultsDirectory="bfa4c4be-18bc-4350-8de5-5bff159913b1" />
    <UnitTestResult executionId="de839eaa-6357-41b0-83b1-45c6df85db73" testId="3317f930-a32f-46b6-abe5-c68d6282c051" testName="V3 engine (runtime)" computerName="DDBLD061B" duration="00:00:00.0020000" startTime="2015-04-27T07:08:18.8422105-07:00" endTime="2015-04-27T07:08:18.8422105-07:00" testType="13cdc9d9-ddb5-4fa4-a97d-d965ccfc6d4b" outcome="Passed" testListId="8c84fa94-04c1-424b-9868-57a2d4851a1d" relativeResultsDirectory="de839eaa-6357-41b0-83b1-45c6df85db73" />
    <UnitTestResult executionId="513d8aa3-4b44-475d-8c35-028699b57937" testId="5c788a8f-78e0-4f03-b1e5-3ec29088478a" testName="V3 composition (V1)" computerName="DDBLD061B" duration="00:00:00.2740000" startTime="2015-04-27T07:08:18.8422105-07:00" endTime="2015-04-27T07:08:18.8422105-07:00" testType="13cdc9d9-ddb5-4fa4-a97d-d965ccfc6d4b" outcome="Passed" testListId="8c84fa94-04c1-424b-9868-57a2d4851a1d" relativeResultsDirectory="513d8aa3-4b44-475d-8c35-028699b57937" />
    <UnitTestResult executionId="4b801fb6-1472-46d0-ae7b-2eb92447f8db" testId="93c8e569-1ecf-4a35-a2e6-7a0629cd5a46" testName="V3 engine (runtime)" computerName="DDBLD061B" duration="00:00:00.0010000" startTime="2015-04-27T07:08:18.8422105-07:00" endTime="2015-04-27T07:08:18.8422105-07:00" testType="13cdc9d9-ddb5-4fa4-a97d-d965ccfc6d4b" outcome="Passed" testListId="8c84fa94-04c1-424b-9868-57a2d4851a1d" relativeResultsDirectory="4b801fb6-1472-46d0-ae7b-2eb92447f8db" />
    <UnitTestResult executionId="dc3387dd-5dc9-4eaf-b987-40290b0acc30" testId="c0f7003b-7e00-493a-92b5-da0b7e475330" testName="V3 engine (runtime)" computerName="DDBLD061B" duration="00:00:00.0010000" startTime="2015-04-27T07:08:18.8422105-07:00" endTime="2015-04-27T07:08:18.8422105-07:00" testType="13cdc9d9-ddb5-4fa4-a97d-d965ccfc6d4b" outcome="Passed" testListId="8c84fa94-04c1-424b-9868-57a2d4851a1d" relativeResultsDirectory="dc3387dd-5dc9-4eaf-b987-40290b0acc30" />
    <UnitTestResult executionId="098f7425-d795-4b7d-bc61-16ba7e82f9e7" testId="95ab6e1d-8cff-4ee3-ba3b-8280a512b98a" testName="V2" computerName="DDBLD061B" duration="00:00:00.0080000" startTime="2015-04-27T07:08:18.8422105-07:00" endTime="2015-04-27T07:08:18.8422105-07:00" testType="13cdc9d9-ddb5-4fa4-a97d-d965ccfc6d4b" outcome="Passed" testListId="8c84fa94-04c1-424b-9868-57a2d4851a1d" relativeResultsDirectory="098f7425-d795-4b7d-bc61-16ba7e82f9e7" />
    <UnitTestResult executionId="237c1a40-d78a-4b21-a3ad-b583b77747a4" testId="3d2c2b2f-50e4-477e-9ce8-929f2dd9214e" testName="V3 engine (runtime)" computerName="DDBLD061B" duration="00:00:00.0200000" startTime="2015-04-27T07:08:18.8422105-07:00" endTime="2015-04-27T07:08:18.8422105-07:00" testType="13cdc9d9-ddb5-4fa4-a97d-d965ccfc6d4b" outcome="Passed" testListId="8c84fa94-04c1-424b-9868-57a2d4851a1d" relativeResultsDirectory="237c1a40-d78a-4b21-a3ad-b583b77747a4" />
    <UnitTestResult executionId="f827e61c-c94a-4dd1-a82d-21c61a9e5976" testId="5acb7c9c-e9e6-402f-8463-e7b56e83557d" testName="V3 composition (V1, V2)" computerName="DDBLD061B" duration="00:00:01.4070000" startTime="2015-04-27T07:08:18.8422105-07:00" endTime="2015-04-27T07:08:18.8422105-07:00" testType="13cdc9d9-ddb5-4fa4-a97d-d965ccfc6d4b" outcome="Passed" testListId="8c84fa94-04c1-424b-9868-57a2d4851a1d" relativeResultsDirectory="f827e61c-c94a-4dd1-a82d-21c61a9e5976">
      <Output>
        <StdOut>Catalog AttributedPartDiscoveryV1 vs. AttributedPartDiscovery
      Part
          Type: Microsoft.VisualStudio.Composition.Tests.GuidMetadataTests+ImportingPart
-         SharingBoundary: 
-         IsSharingBoundaryInferred: True
-         CreationPolicy: Any
+         SharingBoundary: &lt;null&gt;
+         IsSharingBoundaryInferred: False
+         CreationPolicy: NonShared
          OnImportsSatisfied: &lt;null&gt;
          ExportedTypes:
              ExportDefinition
                  ContractName: Microsoft.VisualStudio.Composition.Tests.GuidMetadataTests+ImportingPart
                  Metadata:
                      ExportTypeIdentity = Microsoft.VisualStudio.Composition.Tests.GuidMetadataTests+ImportingPart
+                     System.ComponentModel.Composition.CreationPolicy = NonShared
          ExportingMembers:
          ImportingMembers:
              ImportDefinition:
                  ContractName: Microsoft.VisualStudio.Composition.Tests.GuidMetadataTests+ExportedPart
                  Cardinality: ExactlyOne
                  Metadata:
                  ExportFactorySharingBoundaries: 
                  ExportConstraints: 
                      ExportTypeIdentityConstraint
                          TypeIdentityName: Microsoft.VisualStudio.Composition.Tests.GuidMetadataTests+ExportedPart
                      ImportMetadataViewConstraint
                          ServiceGuid = System.Guid (required: True)
              ComposablePartType: Microsoft.VisualStudio.Composition.Tests.GuidMetadataTests+ImportingPart
              ImportingMember: System.Lazy`2[Microsoft.VisualStudio.Composition.Tests.GuidMetadataTests+ExportedPart,Microsoft.VisualStudio.Composition.Tests.GuidMetadataTests+IProfferedServiceMetadataView] ImportingProperty
              ParameterInfo: 
              ImportingSiteType: System.Lazy`2[Microsoft.VisualStudio.Composition.Tests.GuidMetadataTests+ExportedPart,Microsoft.VisualStudio.Composition.Tests.GuidMetadataTests+IProfferedServiceMetadataView]
          ImportingConstructor:
      Part
          Type: Microsoft.VisualStudio.Composition.Tests.GuidMetadataTests+ExportedPart
-         SharingBoundary: 
-         IsSharingBoundaryInferred: True
-         CreationPolicy: Any
+         SharingBoundary: &lt;null&gt;
+         IsSharingBoundaryInferred: False
+         CreationPolicy: NonShared
          OnImportsSatisfied: &lt;null&gt;
          ExportedTypes:
              ExportDefinition
                  ContractName: Microsoft.VisualStudio.Composition.Tests.GuidMetadataTests+ExportedPart
                  Metadata:
                      ExportTypeIdentity = Microsoft.VisualStudio.Composition.Tests.GuidMetadataTests+ExportedPart
                      ServiceGuid = a97c49f7-8e06-41d1-a0a5-2e0135e17a2e
+                     System.ComponentModel.Composition.CreationPolicy = NonShared
                      ContractType = 
                      ContractName = 
          ExportingMembers:
          ImportingMembers:
          ImportingConstructor:</StdOut>
      </Output>
    </UnitTestResult>
    <UnitTestResult executionId="3893d51b-ae5d-4f73-b8c3-9d523a1a2a54" testId="8a0770f5-a14c-4b8f-89ec-dcb2ff1c8b1f" testName="V2" computerName="DDBLD061B" duration="00:00:00.0040000" startTime="2015-04-27T07:08:18.9984628-07:00" endTime="2015-04-27T07:08:18.9984628-07:00" testType="13cdc9d9-ddb5-4fa4-a97d-d965ccfc6d4b" outcome="Passed" testListId="8c84fa94-04c1-424b-9868-57a2d4851a1d" relativeResultsDirectory="3893d51b-ae5d-4f73-b8c3-9d523a1a2a54" />
    <UnitTestResult executionId="9df2501e-c669-4524-8de1-2e1251e34f48" testId="8861ca3c-75b6-4cef-b5dc-8e1b69cd10ae" testName="V3 composition (V1, V2)" computerName="DDBLD061B" duration="00:00:01.0050000" startTime="2015-04-27T07:08:18.9984628-07:00" endTime="2015-04-27T07:08:18.9984628-07:00" testType="13cdc9d9-ddb5-4fa4-a97d-d965ccfc6d4b" outcome="Passed" testListId="8c84fa94-04c1-424b-9868-57a2d4851a1d" relativeResultsDirectory="9df2501e-c669-4524-8de1-2e1251e34f48">
      <Output>
        <StdOut>Catalog AttributedPartDiscoveryV1 vs. AttributedPartDiscovery
      Part
          Type: Microsoft.VisualStudio.Composition.Tests.AmbiguousPartNamesTests+Namespace1+SomePart
-         SharingBoundary: 
-         IsSharingBoundaryInferred: True
-         CreationPolicy: Any
+         SharingBoundary: &lt;null&gt;
+         IsSharingBoundaryInferred: False
+         CreationPolicy: NonShared
          OnImportsSatisfied: &lt;null&gt;
          ExportedTypes:
              ExportDefinition
                  ContractName: Microsoft.VisualStudio.Composition.Tests.AmbiguousPartNamesTests+Namespace1+SomePart
                  Metadata:
                      ExportTypeIdentity = Microsoft.VisualStudio.Composition.Tests.AmbiguousPartNamesTests+Namespace1+SomePart
+                     System.ComponentModel.Composition.CreationPolicy = NonShared
          ExportingMembers:
          ImportingMembers:
          ImportingConstructor:
      Part
          Type: Microsoft.VisualStudio.Composition.Tests.AmbiguousPartNamesTests+Namespace2+SomePart
-         SharingBoundary: 
-         IsSharingBoundaryInferred: True
-         CreationPolicy: Any
+         SharingBoundary: &lt;null&gt;
+         IsSharingBoundaryInferred: False
+         CreationPolicy: NonShared
          OnImportsSatisfied: &lt;null&gt;
          ExportedTypes:
              ExportDefinition
                  ContractName: Microsoft.VisualStudio.Composition.Tests.AmbiguousPartNamesTests+Namespace2+SomePart
                  Metadata:
                      ExportTypeIdentity = Microsoft.VisualStudio.Composition.Tests.AmbiguousPartNamesTests+Namespace2+SomePart
+                     System.ComponentModel.Composition.CreationPolicy = NonShared
          ExportingMembers:
          ImportingMembers:
          ImportingConstructor:</StdOut>
      </Output>
    </UnitTestResult>
    <UnitTestResult executionId="ba10475f-9576-43df-9f9a-8b998e33e756" testId="4d1e8ecc-03d9-4e2a-b088-9f19281406ca" testName="V3 composition (V1, V2)" computerName="DDBLD061B" duration="00:00:01.2280000" startTime="2015-04-27T07:08:18.9984628-07:00" endTime="2015-04-27T07:08:18.9984628-07:00" testType="13cdc9d9-ddb5-4fa4-a97d-d965ccfc6d4b" outcome="Passed" testListId="8c84fa94-04c1-424b-9868-57a2d4851a1d" relativeResultsDirectory="ba10475f-9576-43df-9f9a-8b998e33e756">
      <Output>
        <StdOut>Catalog AttributedPartDiscoveryV1 vs. AttributedPartDiscovery
      Part
          Type: Microsoft.VisualStudio.Composition.Tests.MixedGenericExportsTests+Forest
+         Part metadata:
+             SharingBoundary = 
          SharingBoundary: 
-         IsSharingBoundaryInferred: True
-         CreationPolicy: Any
+         IsSharingBoundaryInferred: False
+         CreationPolicy: Shared
          OnImportsSatisfied: &lt;null&gt;
          ExportedTypes:
          ExportingMembers:
              AppleTree
                  ContractName: Microsoft.VisualStudio.Composition.Tests.MixedGenericExportsTests+Tree(Microsoft.VisualStudio.Composition.Tests.MixedGenericExportsTests+Apple)
                  Metadata:
                      ExportTypeIdentity = Microsoft.VisualStudio.Composition.Tests.MixedGenericExportsTests+Tree(Microsoft.VisualStudio.Composition.Tests.MixedGenericExportsTests+Apple)
+                     System.ComponentModel.Composition.CreationPolicy = Shared
                      Origin = Forest
          ImportingMembers:
          ImportingConstructor:
      Part
          Type: Microsoft.VisualStudio.Composition.Tests.MixedGenericExportsTests+Tree`1
+         Part metadata:
+             SharingBoundary = 
          SharingBoundary: 
-         IsSharingBoundaryInferred: True
-         CreationPolicy: Any
+         IsSharingBoundaryInferred: False
+         CreationPolicy: Shared
          OnImportsSatisfied: &lt;null&gt;
          ExportedTypes:
              ExportDefinition
                  ContractName: Microsoft.VisualStudio.Composition.Tests.MixedGenericExportsTests+Tree({0})
                  Metadata:
                      ExportTypeIdentity = Microsoft.VisualStudio.Composition.Tests.MixedGenericExportsTests+Tree({0})
+                     System.ComponentModel.Composition.CreationPolicy = Shared
                      Origin = Lone
          ExportingMembers:
          ImportingMembers:
          ImportingConstructor:
      Part
          Type: Microsoft.VisualStudio.Composition.Tests.MixedGenericExportsTests+ImportingPart
+         Part metadata:
+             SharingBoundary = 
          SharingBoundary: 
-         IsSharingBoundaryInferred: True
-         CreationPolicy: Any
+         IsSharingBoundaryInferred: False
+         CreationPolicy: Shared
          OnImportsSatisfied: &lt;null&gt;
          ExportedTypes:
              ExportDefinition
                  ContractName: Microsoft.VisualStudio.Composition.Tests.MixedGenericExportsTests+ImportingPart
                  Metadata:
                      ExportTypeIdentity = Microsoft.VisualStudio.Composition.Tests.MixedGenericExportsTests+ImportingPart
+                     System.ComponentModel.Composition.CreationPolicy = Shared
          ExportingMembers:
          ImportingMembers:
              ImportDefinition:
                  ContractName: Microsoft.VisualStudio.Composition.Tests.MixedGenericExportsTests+Tree(Microsoft.VisualStudio.Composition.Tests.MixedGenericExportsTests+Apple)
                  Cardinality: ZeroOrMore
                  Metadata:
                      System.ComponentModel.Composition.GenericContractName = Microsoft.VisualStudio.Composition.Tests.MixedGenericExportsTests+Tree({0})
                      System.ComponentModel.Composition.GenericParameters = System.Type[]
                  ExportFactorySharingBoundaries: 
                  ExportConstraints: 
                      ExportTypeIdentityConstraint
                          TypeIdentityName: Microsoft.VisualStudio.Composition.Tests.MixedGenericExportsTests+Tree(Microsoft.VisualStudio.Composition.Tests.MixedGenericExportsTests+Apple)
                      ImportMetadataViewConstraint
              ComposablePartType: Microsoft.VisualStudio.Composition.Tests.MixedGenericExportsTests+ImportingPart
              ImportingMember: System.Lazy`2[Microsoft.VisualStudio.Composition.Tests.MixedGenericExportsTests+Tree`1[Microsoft.VisualStudio.Composition.Tests.MixedGenericExportsTests+Apple],System.Collections.Generic.IDictionary`2[System.String,System.Object]][] AppleTrees
              ParameterInfo: 
              ImportingSiteType: System.Lazy`2[Microsoft.VisualStudio.Composition.Tests.MixedGenericExportsTests+Tree`1[Microsoft.VisualStudio.Composition.Tests.MixedGenericExportsTests+Apple],System.Collections.Generic.IDictionary`2[System.String,System.Object]][]
              ImportDefinition:
                  ContractName: Microsoft.VisualStudio.Composition.Tests.MixedGenericExportsTests+Tree(Microsoft.VisualStudio.Composition.Tests.MixedGenericExportsTests+Pear)
                  Cardinality: ZeroOrMore
                  Metadata:
                      System.ComponentModel.Composition.GenericContractName = Microsoft.VisualStudio.Composition.Tests.MixedGenericExportsTests+Tree({0})
                      System.ComponentModel.Composition.GenericParameters = System.Type[]
                  ExportFactorySharingBoundaries: 
                  ExportConstraints: 
                      ExportTypeIdentityConstraint
                          TypeIdentityName: Microsoft.VisualStudio.Composition.Tests.MixedGenericExportsTests+Tree(Microsoft.VisualStudio.Composition.Tests.MixedGenericExportsTests+Pear)
                      ImportMetadataViewConstraint
              ComposablePartType: Microsoft.VisualStudio.Composition.Tests.MixedGenericExportsTests+ImportingPart
              ImportingMember: System.Lazy`2[Microsoft.VisualStudio.Composition.Tests.MixedGenericExportsTests+Tree`1[Microsoft.VisualStudio.Composition.Tests.MixedGenericExportsTests+Pear],System.Collections.Generic.IDictionary`2[System.String,System.Object]][] PearTrees
              ParameterInfo: 
              ImportingSiteType: System.Lazy`2[Microsoft.VisualStudio.Composition.Tests.MixedGenericExportsTests+Tree`1[Microsoft.VisualStudio.Composition.Tests.MixedGenericExportsTests+Pear],System.Collections.Generic.IDictionary`2[System.String,System.Object]][]
          ImportingConstructor:</StdOut>
      </Output>
    </UnitTestResult>
    <UnitTestResult executionId="55c16298-c2f3-4c7f-ac4b-36e292122e4e" testId="afc388d0-a2db-4e36-b458-0d3565235e5c" testName="V3 composition (V1, V2)" computerName="DDBLD061B" duration="00:00:00.9240000" startTime="2015-04-27T07:08:18.9984628-07:00" endTime="2015-04-27T07:08:18.9984628-07:00" testType="13cdc9d9-ddb5-4fa4-a97d-d965ccfc6d4b" outcome="Passed" testListId="8c84fa94-04c1-424b-9868-57a2d4851a1d" relativeResultsDirectory="55c16298-c2f3-4c7f-ac4b-36e292122e4e">
      <Output>
        <StdOut>Catalog AttributedPartDiscoveryV1 vs. AttributedPartDiscovery
      Part
          Type: Microsoft.VisualStudio.Composition.Tests.ExportMetadataNonStringValuesTests+PartWithNegativeIntMetadataValues
-         SharingBoundary: 
-         IsSharingBoundaryInferred: True
-         CreationPolicy: Any
+         SharingBoundary: &lt;null&gt;
+         IsSharingBoundaryInferred: False
+         CreationPolicy: NonShared
          OnImportsSatisfied: &lt;null&gt;
          ExportedTypes:
              ExportDefinition
                  ContractName: Microsoft.VisualStudio.Composition.Tests.ExportMetadataNonStringValuesTests+PartWithNegativeIntMetadataValues
                  Metadata:
                      ExportTypeIdentity = Microsoft.VisualStudio.Composition.Tests.ExportMetadataNonStringValuesTests+PartWithNegativeIntMetadataValues
                      a = -5
+                     System.ComponentModel.Composition.CreationPolicy = NonShared
          ExportingMembers:
          ImportingMembers:
          ImportingConstructor:
      Part
          Type: Microsoft.VisualStudio.Composition.Tests.ExportMetadataNonStringValuesTests+ImportingPart
-         SharingBoundary: 
-         IsSharingBoundaryInferred: True
-         CreationPolicy: Any
+         SharingBoundary: &lt;null&gt;
+         IsSharingBoundaryInferred: False
+         CreationPolicy: NonShared
          OnImportsSatisfied: &lt;null&gt;
          ExportedTypes:
              ExportDefinition
                  ContractName: Microsoft.VisualStudio.Composition.Tests.ExportMetadataNonStringValuesTests+ImportingPart
                  Metadata:
                      ExportTypeIdentity = Microsoft.VisualStudio.Composition.Tests.ExportMetadataNonStringValuesTests+ImportingPart
+                     System.ComponentModel.Composition.CreationPolicy = NonShared
          ExportingMembers:
          ImportingMembers:
              ImportDefinition:
                  ContractName: Microsoft.VisualStudio.Composition.Tests.ExportMetadataNonStringValuesTests+PartWithNegativeIntMetadataValues
                  Cardinality: OneOrZero
                  Metadata:
                  ExportFactorySharingBoundaries: 
                  ExportConstraints: 
                      ExportTypeIdentityConstraint
                          TypeIdentityName: Microsoft.VisualStudio.Composition.Tests.ExportMetadataNonStringValuesTests+PartWithNegativeIntMetadataValues
                      ImportMetadataViewConstraint
              ComposablePartType: Microsoft.VisualStudio.Composition.Tests.ExportMetadataNonStringValuesTests+ImportingPart
              ImportingMember: System.Lazy`2[Microsoft.VisualStudio.Composition.Tests.ExportMetadataNonStringValuesTests+PartWithNegativeIntMetadataValues,System.Collections.Generic.IDictionary`2[System.String,System.Object]] NegativeMetadataImport
              ParameterInfo: 
              ImportingSiteType: System.Lazy`2[Microsoft.VisualStudio.Composition.Tests.ExportMetadataNonStringValuesTests+PartWithNegativeIntMetadataValues,System.Collections.Generic.IDictionary`2[System.String,System.Object]]
              ImportDefinition:
                  ContractName: Microsoft.VisualStudio.Composition.Tests.ExportMetadataNonStringValuesTests+PartWithIntMetadataValues
                  Cardinality: OneOrZero
                  Metadata:
                  ExportFactorySharingBoundaries: 
                  ExportConstraints: 
                      ExportTypeIdentityConstraint
                          TypeIdentityName: Microsoft.VisualStudio.Composition.Tests.ExportMetadataNonStringValuesTests+PartWithIntMetadataValues
                      ImportMetadataViewConstraint
              ComposablePartType: Microsoft.VisualStudio.Composition.Tests.ExportMetadataNonStringValuesTests+ImportingPart
              ImportingMember: System.Lazy`2[Microsoft.VisualStudio.Composition.Tests.ExportMetadataNonStringValuesTests+PartWithIntMetadataValues,System.Collections.Generic.IDictionary`2[System.String,System.Object]] ImportingProperty
              ParameterInfo: 
              ImportingSiteType: System.Lazy`2[Microsoft.VisualStudio.Composition.Tests.ExportMetadataNonStringValuesTests+PartWithIntMetadataValues,System.Collections.Generic.IDictionary`2[System.String,System.Object]]
          ImportingConstructor:</StdOut>
      </Output>
    </UnitTestResult>
    <UnitTestResult executionId="88ec650c-2b0d-4cf7-b3b9-6f1a8cb58024" testId="5b2737b8-9bb8-4650-aecf-09a61f3a2502" testName="V3 composition (V1, V2)" computerName="DDBLD061B" duration="00:00:00.9240000" startTime="2015-04-27T07:08:18.9984628-07:00" endTime="2015-04-27T07:08:18.9984628-07:00" testType="13cdc9d9-ddb5-4fa4-a97d-d965ccfc6d4b" outcome="Passed" testListId="8c84fa94-04c1-424b-9868-57a2d4851a1d" relativeResultsDirectory="88ec650c-2b0d-4cf7-b3b9-6f1a8cb58024">
      <Output>
        <StdOut>Catalog AttributedPartDiscoveryV1 vs. AttributedPartDiscovery
      Part
          Type: Microsoft.VisualStudio.Composition.Tests.MultipleExportsOnPartTests+NonSharedExport
          SharingBoundary: &lt;null&gt;
          IsSharingBoundaryInferred: False
          CreationPolicy: NonShared
          OnImportsSatisfied: &lt;null&gt;
          ExportedTypes:
              ExportDefinition
                  ContractName: Microsoft.VisualStudio.Composition.Tests.MultipleExportsOnPartTests+NonSharedExport
                  Metadata:
                      ExportTypeIdentity = Microsoft.VisualStudio.Composition.Tests.MultipleExportsOnPartTests+NonSharedExport
                      System.ComponentModel.Composition.CreationPolicy = NonShared
              ExportDefinition
                  ContractName: NonSharedExport
                  Metadata:
                      ExportTypeIdentity = System.Object
                      System.ComponentModel.Composition.CreationPolicy = NonShared
          ExportingMembers:
          ImportingMembers:
          ImportingConstructor:
      Part
          Type: Microsoft.VisualStudio.Composition.Tests.MultipleExportsOnPartTests+SharedExport
+         Part metadata:
+             SharingBoundary = 
          SharingBoundary: 
-         IsSharingBoundaryInferred: True
-         CreationPolicy: Any
+         IsSharingBoundaryInferred: False
+         CreationPolicy: Shared
          OnImportsSatisfied: &lt;null&gt;
          ExportedTypes:
              ExportDefinition
                  ContractName: Microsoft.VisualStudio.Composition.Tests.MultipleExportsOnPartTests+SharedExport
                  Metadata:
                      ExportTypeIdentity = Microsoft.VisualStudio.Composition.Tests.MultipleExportsOnPartTests+SharedExport
+                     System.ComponentModel.Composition.CreationPolicy = Shared
              ExportDefinition
                  ContractName: SharedExport
                  Metadata:
                      ExportTypeIdentity = System.Object
+                     System.ComponentModel.Composition.CreationPolicy = Shared
          ExportingMembers:
          ImportingMembers:
          ImportingConstructor:
      Part
          Type: Microsoft.VisualStudio.Composition.Tests.MultipleExportsOnPartTests+MultipleImportsForSamePart
          SharingBoundary: &lt;null&gt;
          IsSharingBoundaryInferred: False
          CreationPolicy: NonShared
          OnImportsSatisfied: &lt;null&gt;
          ExportedTypes:
              ExportDefinition
                  ContractName: Microsoft.VisualStudio.Composition.Tests.MultipleExportsOnPartTests+MultipleImportsForSamePart
                  Metadata:
                      ExportTypeIdentity = Microsoft.VisualStudio.Composition.Tests.MultipleExportsOnPartTests+MultipleImportsForSamePart
                      System.ComponentModel.Composition.CreationPolicy = NonShared
          ExportingMembers:
          ImportingMembers:
              ImportDefinition:
                  ContractName: NonSharedExport
                  Cardinality: ExactlyOne
                  Metadata:
                  ExportFactorySharingBoundaries: 
                  ExportConstraints: 
              ComposablePartType: Microsoft.VisualStudio.Composition.Tests.MultipleExportsOnPartTests+MultipleImportsForSamePart
              ImportingMember: System.Object NonSharedExport2
              ParameterInfo: 
              ImportingSiteType: System.Object
              ImportDefinition:
                  ContractName: Microsoft.VisualStudio.Composition.Tests.MultipleExportsOnPartTests+NonSharedExport
                  Cardinality: ExactlyOne
                  Metadata:
                  ExportFactorySharingBoundaries: 
                  ExportConstraints: 
                      ExportTypeIdentityConstraint
                          TypeIdentityName: Microsoft.VisualStudio.Composition.Tests.MultipleExportsOnPartTests+NonSharedExport
              ComposablePartType: Microsoft.VisualStudio.Composition.Tests.MultipleExportsOnPartTests+MultipleImportsForSamePart
              ImportingMember: NonSharedExport NonSharedExport1
              ParameterInfo: 
              ImportingSiteType: Microsoft.VisualStudio.Composition.Tests.MultipleExportsOnPartTests+NonSharedExport
              ImportDefinition:
                  ContractName: SharedExport
                  Cardinality: ExactlyOne
                  Metadata:
                  ExportFactorySharingBoundaries: 
                  ExportConstraints: 
              ComposablePartType: Microsoft.VisualStudio.Composition.Tests.MultipleExportsOnPartTests+MultipleImportsForSamePart
              ImportingMember: System.Object SharedExport2
              ParameterInfo: 
              ImportingSiteType: System.Object
              ImportDefinition:
                  ContractName: Microsoft.VisualStudio.Composition.Tests.MultipleExportsOnPartTests+SharedExport
                  Cardinality: ExactlyOne
                  Metadata:
                  ExportFactorySharingBoundaries: 
                  ExportConstraints: 
                      ExportTypeIdentityConstraint
                          TypeIdentityName: Microsoft.VisualStudio.Composition.Tests.MultipleExportsOnPartTests+SharedExport
              ComposablePartType: Microsoft.VisualStudio.Composition.Tests.MultipleExportsOnPartTests+MultipleImportsForSamePart
              ImportingMember: SharedExport SharedExport1
              ParameterInfo: 
              ImportingSiteType: Microsoft.VisualStudio.Composition.Tests.MultipleExportsOnPartTests+SharedExport
          ImportingConstructor:</StdOut>
      </Output>
    </UnitTestResult>
    <UnitTestResult executionId="62743d0d-8e1d-4885-81c7-371fbe1d1d63" testId="4503ce31-6d36-47f8-8c46-dc70f8a8524f" testName="V3 composition (V1, V2)" computerName="DDBLD061B" duration="00:00:00.9340000" startTime="2015-04-27T07:08:18.9984628-07:00" endTime="2015-04-27T07:08:18.9984628-07:00" testType="13cdc9d9-ddb5-4fa4-a97d-d965ccfc6d4b" outcome="Passed" testListId="8c84fa94-04c1-424b-9868-57a2d4851a1d" relativeResultsDirectory="62743d0d-8e1d-4885-81c7-371fbe1d1d63">
      <Output>
        <StdOut>Catalog AttributedPartDiscoveryV1 vs. AttributedPartDiscovery
      Part
          Type: Microsoft.VisualStudio.Composition.Tests.InvalidGraphTests+PartExportingIComparableAsTypeWithoutImplementing
-         SharingBoundary: 
-         IsSharingBoundaryInferred: True
-         CreationPolicy: Any
+         SharingBoundary: &lt;null&gt;
+         IsSharingBoundaryInferred: False
+         CreationPolicy: NonShared
          OnImportsSatisfied: &lt;null&gt;
          ExportedTypes:
              ExportDefinition
                  ContractName: System.IComparable
                  Metadata:
                      ExportTypeIdentity = System.IComparable
+                     System.ComponentModel.Composition.CreationPolicy = NonShared
          ExportingMembers:
          ImportingMembers:
          ImportingConstructor:
      Part
          Type: Microsoft.VisualStudio.Composition.Tests.InvalidGraphTests+PartThatImportsIComparableDirectly
+         Part metadata:
+             SharingBoundary = 
          SharingBoundary: 
-         IsSharingBoundaryInferred: True
-         CreationPolicy: Any
+         IsSharingBoundaryInferred: False
+         CreationPolicy: Shared
          OnImportsSatisfied: &lt;null&gt;
          ExportedTypes:
              ExportDefinition
                  ContractName: Microsoft.VisualStudio.Composition.Tests.InvalidGraphTests+PartThatImportsIComparableDirectly
                  Metadata:
                      ExportTypeIdentity = Microsoft.VisualStudio.Composition.Tests.InvalidGraphTests+PartThatImportsIComparableDirectly
+                     System.ComponentModel.Composition.CreationPolicy = Shared
          ExportingMembers:
          ImportingMembers:
              ImportDefinition:
                  ContractName: System.IComparable
                  Cardinality: ExactlyOne
                  Metadata:
                  ExportFactorySharingBoundaries: 
                  ExportConstraints: 
                      ExportTypeIdentityConstraint
                          TypeIdentityName: System.IComparable
              ComposablePartType: Microsoft.VisualStudio.Composition.Tests.InvalidGraphTests+PartThatImportsIComparableDirectly
              ImportingMember: System.IComparable ComparableImport
              ParameterInfo: 
              ImportingSiteType: System.IComparable
          ImportingConstructor:</StdOut>
      </Output>
    </UnitTestResult>
    <UnitTestResult executionId="bc44b42e-91d5-4cc7-a1ce-896791f64434" testId="8e303182-e87e-497e-8ac3-0adf4aeb9620" testName="CreateDgmlFromConfigurationWithScopes" computerName="DDBLD061B" duration="00:00:00.7660000" startTime="2015-04-27T07:08:18.9984628-07:00" endTime="2015-04-27T07:08:18.9984628-07:00" testType="13cdc9d9-ddb5-4fa4-a97d-d965ccfc6d4b" outcome="Passed" testListId="8c84fa94-04c1-424b-9868-57a2d4851a1d" relativeResultsDirectory="bc44b42e-91d5-4cc7-a1ce-896791f64434">
      <Output>
        <StdOut>DGML written to: "D:\Temp\mfgxwzj4.frq.dgml"
&lt;DirectedGraph Layout="Sugiyama" GraphDirection="RightToLeft" xmlns="http://schemas.microsoft.com/vs/2009/dgml"&gt;
  &lt;Nodes&gt;
    &lt;Node Id="Scope1" Label="Scope1" Group="Expanded" /&gt;
    &lt;Node Id="Microsoft_VisualStudio_Composition_Tests_DgmlProduction_Root" Label="Microsoft.VisualStudio.Composition.Tests.DgmlProduction.Root" /&gt;
    &lt;Node Id="Microsoft_VisualStudio_Composition_MetadataViewClassProvider" Label="Microsoft.VisualStudio.Composition.MetadataViewClassProvider" Category="VsMEFBuiltIn" /&gt;
    &lt;Node Id="Microsoft_VisualStudio_Composition_PassthroughMetadataViewProvider" Label="Microsoft.VisualStudio.Composition.PassthroughMetadataViewProvider" Category="VsMEFBuiltIn" /&gt;
    &lt;Node Id="Microsoft_VisualStudio_Composition_Tests_DgmlProduction_PartInScope1" Label="Microsoft.VisualStudio.Composition.Tests.DgmlProduction.PartInScope1" /&gt;
    &lt;Node Id="Microsoft_VisualStudio_Composition_ExportProvider_ExportProviderAsExport" Label="Microsoft.VisualStudio.Composition.ExportProvider.ExportProviderAsExport" Category="VsMEFBuiltIn" /&gt;
  &lt;/Nodes&gt;
  &lt;Links&gt;
    &lt;Link Source="Microsoft_VisualStudio_Composition_Tests_DgmlProduction_PartInScope1" Target="Microsoft_VisualStudio_Composition_Tests_DgmlProduction_Root" Category="ExportFactory" /&gt;
    &lt;Link Source="Scope1" Target="Microsoft_VisualStudio_Composition_Tests_DgmlProduction_PartInScope1" Category="Contains" /&gt;
  &lt;/Links&gt;
  &lt;Categories&gt;
    &lt;Category Id="Contains" IsContainment="True" /&gt;
  &lt;/Categories&gt;
  &lt;Styles&gt;
    &lt;Style TargetType="Link" GroupLabel="ExportFactory"&gt;
      &lt;Condition Expression="HasCategory('ExportFactory')" /&gt;
      &lt;Setter Property="StrokeDashArray" Value="2,2" /&gt;
    &lt;/Style&gt;
    &lt;Style TargetType="Node" GroupLabel="VsMEFBuiltIn"&gt;
      &lt;Condition Expression="HasCategory('VsMEFBuiltIn')" /&gt;
      &lt;Setter Property="Visibility" Value="Hidden" /&gt;
    &lt;/Style&gt;
  &lt;/Styles&gt;
&lt;/DirectedGraph&gt;</StdOut>
      </Output>
    </UnitTestResult>
    <UnitTestResult executionId="3727e299-ee25-4644-a43e-ff05077129e3" testId="34ea6164-5c38-4a25-b586-cb1afae22d4c" testName="V2" computerName="DDBLD061B" duration="00:00:00.0110000" startTime="2015-04-27T07:08:18.9984628-07:00" endTime="2015-04-27T07:08:18.9984628-07:00" testType="13cdc9d9-ddb5-4fa4-a97d-d965ccfc6d4b" outcome="Passed" testListId="8c84fa94-04c1-424b-9868-57a2d4851a1d" relativeResultsDirectory="3727e299-ee25-4644-a43e-ff05077129e3" />
    <UnitTestResult executionId="81a54866-fc44-4ccf-a11a-5887b02e1199" testId="61034144-a4ba-4d84-b29a-e6328f1bd387" testName="V2" computerName="DDBLD061B" duration="00:00:00.0010000" startTime="2015-04-27T07:08:18.9984628-07:00" endTime="2015-04-27T07:08:18.9984628-07:00" testType="13cdc9d9-ddb5-4fa4-a97d-d965ccfc6d4b" outcome="Passed" testListId="8c84fa94-04c1-424b-9868-57a2d4851a1d" relativeResultsDirectory="81a54866-fc44-4ccf-a11a-5887b02e1199" />
    <UnitTestResult executionId="f9a76235-bbd0-4996-97e6-06e10cf80659" testId="60a88587-69d3-4487-a58f-ff4e1fa5fb0b" testName="V3 composition (V1, V2)" computerName="DDBLD061B" duration="00:00:00.8670000" startTime="2015-04-27T07:08:19.1391111-07:00" endTime="2015-04-27T07:08:19.1391111-07:00" testType="13cdc9d9-ddb5-4fa4-a97d-d965ccfc6d4b" outcome="Passed" testListId="8c84fa94-04c1-424b-9868-57a2d4851a1d" relativeResultsDirectory="f9a76235-bbd0-4996-97e6-06e10cf80659">
      <Output>
        <StdOut>Catalog AttributedPartDiscoveryV1 vs. AttributedPartDiscovery
      Part
          Type: Microsoft.VisualStudio.Composition.Tests.OnImportsSatisfiedTests+SpecialPart
-         SharingBoundary: 
-         IsSharingBoundaryInferred: True
-         CreationPolicy: Any
-         OnImportsSatisfied: Void OnImportsSatisfied()
+         SharingBoundary: &lt;null&gt;
+         IsSharingBoundaryInferred: False
+         CreationPolicy: NonShared
+         OnImportsSatisfied: Void ImportsSatisfied()
          ExportedTypes:
              ExportDefinition
                  ContractName: Microsoft.VisualStudio.Composition.Tests.OnImportsSatisfiedTests+SpecialPart
                  Metadata:
                      ExportTypeIdentity = Microsoft.VisualStudio.Composition.Tests.OnImportsSatisfiedTests+SpecialPart
+                     System.ComponentModel.Composition.CreationPolicy = NonShared
          ExportingMembers:
          ImportingMembers:
              ImportDefinition:
                  ContractName: Microsoft.VisualStudio.Composition.Tests.OnImportsSatisfiedTests+SomeRandomPart
                  Cardinality: ExactlyOne
                  Metadata:
                  ExportFactorySharingBoundaries: 
                  ExportConstraints: 
                      ExportTypeIdentityConstraint
                          TypeIdentityName: Microsoft.VisualStudio.Composition.Tests.OnImportsSatisfiedTests+SomeRandomPart
              ComposablePartType: Microsoft.VisualStudio.Composition.Tests.OnImportsSatisfiedTests+SpecialPart
              ImportingMember: SomeRandomPart SomeImport
              ParameterInfo: 
              ImportingSiteType: Microsoft.VisualStudio.Composition.Tests.OnImportsSatisfiedTests+SomeRandomPart
          ImportingConstructor:
      Part
          Type: Microsoft.VisualStudio.Composition.Tests.OnImportsSatisfiedTests+SomeRandomPart
-         SharingBoundary: 
-         IsSharingBoundaryInferred: True
-         CreationPolicy: Any
+         SharingBoundary: &lt;null&gt;
+         IsSharingBoundaryInferred: False
+         CreationPolicy: NonShared
          OnImportsSatisfied: &lt;null&gt;
          ExportedTypes:
              ExportDefinition
                  ContractName: Microsoft.VisualStudio.Composition.Tests.OnImportsSatisfiedTests+SomeRandomPart
                  Metadata:
                      ExportTypeIdentity = Microsoft.VisualStudio.Composition.Tests.OnImportsSatisfiedTests+SomeRandomPart
+                     System.ComponentModel.Composition.CreationPolicy = NonShared
          ExportingMembers:
          ImportingMembers:
          ImportingConstructor:</StdOut>
      </Output>
    </UnitTestResult>
    <UnitTestResult executionId="23436e8d-1be8-4ae8-b996-864134a88feb" testId="fb84e361-5889-4537-b29b-d3cf4909dcd4" testName="V3 composition (V1, V2)" computerName="DDBLD061B" duration="00:00:00.8280000" startTime="2015-04-27T07:08:19.1391111-07:00" endTime="2015-04-27T07:08:19.1391111-07:00" testType="13cdc9d9-ddb5-4fa4-a97d-d965ccfc6d4b" outcome="Passed" testListId="8c84fa94-04c1-424b-9868-57a2d4851a1d" relativeResultsDirectory="23436e8d-1be8-4ae8-b996-864134a88feb">
      <Output>
        <StdOut>Catalog AttributedPartDiscoveryV1 vs. AttributedPartDiscovery
      Part
          Type: Microsoft.VisualStudio.Composition.Tests.NonSharedPartTests+EnumerableImportManyOfNonSharedPart
+         Part metadata:
+             SharingBoundary = 
          SharingBoundary: 
-         IsSharingBoundaryInferred: True
-         CreationPolicy: Any
+         IsSharingBoundaryInferred: False
+         CreationPolicy: Shared
          OnImportsSatisfied: &lt;null&gt;
          ExportedTypes:
              ExportDefinition
                  ContractName: Microsoft.VisualStudio.Composition.Tests.NonSharedPartTests+EnumerableImportManyOfNonSharedPart
                  Metadata:
                      ExportTypeIdentity = Microsoft.VisualStudio.Composition.Tests.NonSharedPartTests+EnumerableImportManyOfNonSharedPart
+                     System.ComponentModel.Composition.CreationPolicy = Shared
          ExportingMembers:
          ImportingMembers:
              ImportDefinition:
                  ContractName: Microsoft.VisualStudio.Composition.Tests.NonSharedPartTests+NonSharedPart
                  Cardinality: ZeroOrMore
                  Metadata:
                  ExportFactorySharingBoundaries: 
                  ExportConstraints: 
                      ExportTypeIdentityConstraint
                          TypeIdentityName: Microsoft.VisualStudio.Composition.Tests.NonSharedPartTests+NonSharedPart
              ComposablePartType: Microsoft.VisualStudio.Composition.Tests.NonSharedPartTests+EnumerableImportManyOfNonSharedPart
              ImportingMember: System.Collections.Generic.IEnumerable`1[Microsoft.VisualStudio.Composition.Tests.NonSharedPartTests+NonSharedPart] NonSharedParts
              ParameterInfo: 
              ImportingSiteType: System.Collections.Generic.IEnumerable`1[Microsoft.VisualStudio.Composition.Tests.NonSharedPartTests+NonSharedPart]
              ImportDefinition:
                  ContractName: Microsoft.VisualStudio.Composition.Tests.NonSharedPartTests+NonSharedPart
                  Cardinality: ZeroOrMore
                  Metadata:
                  ExportFactorySharingBoundaries: 
                  ExportConstraints: 
                      ExportTypeIdentityConstraint
                          TypeIdentityName: Microsoft.VisualStudio.Composition.Tests.NonSharedPartTests+NonSharedPart
              ComposablePartType: Microsoft.VisualStudio.Composition.Tests.NonSharedPartTests+EnumerableImportManyOfNonSharedPart
              ImportingMember: System.Collections.Generic.IEnumerable`1[System.Lazy`1[Microsoft.VisualStudio.Composition.Tests.NonSharedPartTests+NonSharedPart]] LazyNonSharedParts
              ParameterInfo: 
              ImportingSiteType: System.Collections.Generic.IEnumerable`1[System.Lazy`1[Microsoft.VisualStudio.Composition.Tests.NonSharedPartTests+NonSharedPart]]
          ImportingConstructor:
      Part
          Type: Microsoft.VisualStudio.Composition.Tests.NonSharedPartTests+NonSharedPart
          SharingBoundary: &lt;null&gt;
          IsSharingBoundaryInferred: False
          CreationPolicy: NonShared
          OnImportsSatisfied: &lt;null&gt;
          ExportedTypes:
              ExportDefinition
                  ContractName: Microsoft.VisualStudio.Composition.Tests.NonSharedPartTests+NonSharedPart
                  Metadata:
                      ExportTypeIdentity = Microsoft.VisualStudio.Composition.Tests.NonSharedPartTests+NonSharedPart
                      System.ComponentModel.Composition.CreationPolicy = NonShared
          ExportingMembers:
          ImportingMembers:
          ImportingConstructor:</StdOut>
      </Output>
    </UnitTestResult>
    <UnitTestResult executionId="0fe1caa6-78fe-49ea-8c97-b8cc0ea98e1a" testId="e66e65ab-1c54-4035-8008-dcad68a33b81" testName="V3 composition (V1, V2)" computerName="DDBLD061B" duration="00:00:00.9370000" startTime="2015-04-27T07:08:19.1391111-07:00" endTime="2015-04-27T07:08:19.1391111-07:00" testType="13cdc9d9-ddb5-4fa4-a97d-d965ccfc6d4b" outcome="Passed" testListId="8c84fa94-04c1-424b-9868-57a2d4851a1d" relativeResultsDirectory="0fe1caa6-78fe-49ea-8c97-b8cc0ea98e1a">
      <Output>
        <StdOut>Catalog AttributedPartDiscoveryV1 vs. AttributedPartDiscovery
      Part
          Type: Microsoft.VisualStudio.Composition.Tests.ClosedGenericExportedTypeTests+Tree`1
+         Part metadata:
+             SharingBoundary = 
          SharingBoundary: 
-         IsSharingBoundaryInferred: True
-         CreationPolicy: Any
+         IsSharingBoundaryInferred: False
+         CreationPolicy: Shared
          OnImportsSatisfied: &lt;null&gt;
          ExportedTypes:
              ExportDefinition
                  ContractName: Microsoft.VisualStudio.Composition.Tests.ClosedGenericExportedTypeTests+Tree(Microsoft.VisualStudio.Composition.Tests.ClosedGenericExportedTypeTests+Apple)
                  Metadata:
                      ExportTypeIdentity = Microsoft.VisualStudio.Composition.Tests.ClosedGenericExportedTypeTests+Tree(Microsoft.VisualStudio.Composition.Tests.ClosedGenericExportedTypeTests+Apple)
+                     System.ComponentModel.Composition.CreationPolicy = Shared
          ExportingMembers:
          ImportingMembers:
          ImportingConstructor:</StdOut>
      </Output>
    </UnitTestResult>
    <UnitTestResult executionId="de749cc1-6b2e-4bdf-947f-b2269fd6ca82" testId="c888def3-67aa-4f1f-8aa4-8b2f3d2c3e77" testName="V3 composition (V1, V2)" computerName="DDBLD061B" duration="00:00:01.1730000" startTime="2015-04-27T07:08:19.1391111-07:00" endTime="2015-04-27T07:08:19.1391111-07:00" testType="13cdc9d9-ddb5-4fa4-a97d-d965ccfc6d4b" outcome="Passed" testListId="8c84fa94-04c1-424b-9868-57a2d4851a1d" relativeResultsDirectory="de749cc1-6b2e-4bdf-947f-b2269fd6ca82">
      <Output>
        <StdOut>Catalog AttributedPartDiscoveryV1 vs. AttributedPartDiscovery
      Part
          Type: Microsoft.VisualStudio.Composition.Tests.NamedTypedExportTests+Apple
+         Part metadata:
+             SharingBoundary = 
          SharingBoundary: 
-         IsSharingBoundaryInferred: True
-         CreationPolicy: Any
+         IsSharingBoundaryInferred: False
+         CreationPolicy: Shared
          OnImportsSatisfied: &lt;null&gt;
          ExportedTypes:
              ExportDefinition
                  ContractName: Microsoft.VisualStudio.Composition.Tests.NamedTypedExportTests+Fruit
                  Metadata:
                      ExportTypeIdentity = Microsoft.VisualStudio.Composition.Tests.NamedTypedExportTests+Fruit
+                     System.ComponentModel.Composition.CreationPolicy = Shared
          ExportingMembers:
          ImportingMembers:
          ImportingConstructor:</StdOut>
      </Output>
    </UnitTestResult>
    <UnitTestResult executionId="3ec48ed1-0e90-4b60-8130-c801ab81479f" testId="c0c643b2-9a6c-4772-acd2-99832948b955" testName="V3 composition (V1, V2)" computerName="DDBLD061B" duration="00:00:00.8460000" startTime="2015-04-27T07:08:19.1391111-07:00" endTime="2015-04-27T07:08:19.1391111-07:00" testType="13cdc9d9-ddb5-4fa4-a97d-d965ccfc6d4b" outcome="Passed" testListId="8c84fa94-04c1-424b-9868-57a2d4851a1d" relativeResultsDirectory="3ec48ed1-0e90-4b60-8130-c801ab81479f">
      <Output>
        <StdOut>Catalog AttributedPartDiscoveryV1 vs. AttributedPartDiscovery
      Part
          Type: Microsoft.VisualStudio.Composition.Tests.GenericImportTests+PartThatImportsT`1
+         Part metadata:
+             SharingBoundary = 
          SharingBoundary: 
-         IsSharingBoundaryInferred: True
-         CreationPolicy: Any
+         IsSharingBoundaryInferred: False
+         CreationPolicy: Shared
          OnImportsSatisfied: &lt;null&gt;
          ExportedTypes:
              ExportDefinition
                  ContractName: Microsoft.VisualStudio.Composition.Tests.GenericImportTests+PartThatImportsT({0})
                  Metadata:
                      ExportTypeIdentity = Microsoft.VisualStudio.Composition.Tests.GenericImportTests+PartThatImportsT({0})
+                     System.ComponentModel.Composition.CreationPolicy = Shared
          ExportingMembers:
          ImportingMembers:
              ImportDefinition:
                  ContractName: {0}
                  Cardinality: ExactlyOne
                  Metadata:
                  ExportFactorySharingBoundaries: 
                  ExportConstraints: 
                      ExportTypeIdentityConstraint
                          TypeIdentityName: {0}
              ComposablePartType: Microsoft.VisualStudio.Composition.Tests.GenericImportTests+PartThatImportsT`1
              ImportingMember: T Value
              ParameterInfo: 
              ImportingSiteType: T
          ImportingConstructor:
      Part
          Type: Microsoft.VisualStudio.Composition.Tests.GenericImportTests+PartThatImportsLazyT`1
+         Part metadata:
+             SharingBoundary = 
          SharingBoundary: 
-         IsSharingBoundaryInferred: True
-         CreationPolicy: Any
+         IsSharingBoundaryInferred: False
+         CreationPolicy: Shared
          OnImportsSatisfied: &lt;null&gt;
          ExportedTypes:
              ExportDefinition
                  ContractName: Microsoft.VisualStudio.Composition.Tests.GenericImportTests+PartThatImportsLazyT({0})
                  Metadata:
                      ExportTypeIdentity = Microsoft.VisualStudio.Composition.Tests.GenericImportTests+PartThatImportsLazyT({0})
+                     System.ComponentModel.Composition.CreationPolicy = Shared
          ExportingMembers:
          ImportingMembers:
              ImportDefinition:
                  ContractName: {0}
                  Cardinality: ExactlyOne
                  Metadata:
                  ExportFactorySharingBoundaries: 
                  ExportConstraints: 
                      ExportTypeIdentityConstraint
                          TypeIdentityName: {0}
              ComposablePartType: Microsoft.VisualStudio.Composition.Tests.GenericImportTests+PartThatImportsLazyT`1
              ImportingMember: System.Lazy`1[T] Value
              ParameterInfo: 
              ImportingSiteType: System.Lazy`1[T]
          ImportingConstructor:
      Part
          Type: Microsoft.VisualStudio.Composition.Tests.GenericImportTests+PartThatImportsArrayOfT`1
+         Part metadata:
+             SharingBoundary = 
          SharingBoundary: 
-         IsSharingBoundaryInferred: True
-         CreationPolicy: Any
+         IsSharingBoundaryInferred: False
+         CreationPolicy: Shared
          OnImportsSatisfied: &lt;null&gt;
          ExportedTypes:
              ExportDefinition
                  ContractName: Microsoft.VisualStudio.Composition.Tests.GenericImportTests+PartThatImportsArrayOfT({0})
                  Metadata:
                      ExportTypeIdentity = Microsoft.VisualStudio.Composition.Tests.GenericImportTests+PartThatImportsArrayOfT({0})
+                     System.ComponentModel.Composition.CreationPolicy = Shared
          ExportingMembers:
          ImportingMembers:
              ImportDefinition:
                  ContractName: {0}
                  Cardinality: ZeroOrMore
                  Metadata:
                  ExportFactorySharingBoundaries: 
                  ExportConstraints: 
                      ExportTypeIdentityConstraint
                          TypeIdentityName: {0}
              ComposablePartType: Microsoft.VisualStudio.Composition.Tests.GenericImportTests+PartThatImportsArrayOfT`1
              ImportingMember: T[] Value
              ParameterInfo: 
              ImportingSiteType: T[]
          ImportingConstructor:
      Part
          Type: Microsoft.VisualStudio.Composition.Tests.GenericImportTests+PartThatImportsEnumerableOfT`1
+         Part metadata:
+             SharingBoundary = 
          SharingBoundary: 
-         IsSharingBoundaryInferred: True
-         CreationPolicy: Any
+         IsSharingBoundaryInferred: False
+         CreationPolicy: Shared
          OnImportsSatisfied: &lt;null&gt;
          ExportedTypes:
              ExportDefinition
                  ContractName: Microsoft.VisualStudio.Composition.Tests.GenericImportTests+PartThatImportsEnumerableOfT({0})
                  Metadata:
                      ExportTypeIdentity = Microsoft.VisualStudio.Composition.Tests.GenericImportTests+PartThatImportsEnumerableOfT({0})
+                     System.ComponentModel.Composition.CreationPolicy = Shared
          ExportingMembers:
          ImportingMembers:
              ImportDefinition:
                  ContractName: {0}
                  Cardinality: ZeroOrMore
                  Metadata:
                  ExportFactorySharingBoundaries: 
                  ExportConstraints: 
                      ExportTypeIdentityConstraint
                          TypeIdentityName: {0}
              ComposablePartType: Microsoft.VisualStudio.Composition.Tests.GenericImportTests+PartThatImportsEnumerableOfT`1
              ImportingMember: System.Collections.Generic.IEnumerable`1[T] Value
              ParameterInfo: 
              ImportingSiteType: System.Collections.Generic.IEnumerable`1[T]
          ImportingConstructor:
      Part
          Type: Microsoft.VisualStudio.Composition.Tests.GenericImportTests+SomeOtherPart
+         Part metadata:
+             SharingBoundary = 
          SharingBoundary: 
-         IsSharingBoundaryInferred: True
-         CreationPolicy: Any
+         IsSharingBoundaryInferred: False
+         CreationPolicy: Shared
          OnImportsSatisfied: &lt;null&gt;
          ExportedTypes:
              ExportDefinition
                  ContractName: Microsoft.VisualStudio.Composition.Tests.GenericImportTests+SomeOtherPart
                  Metadata:
                      ExportTypeIdentity = Microsoft.VisualStudio.Composition.Tests.GenericImportTests+SomeOtherPart
+                     System.ComponentModel.Composition.CreationPolicy = Shared
          ExportingMembers:
          ImportingMembers:
          ImportingConstructor:</StdOut>
      </Output>
    </UnitTestResult>
    <UnitTestResult executionId="7b0bb6d0-816b-4e84-b8c3-1e4a79e2e02f" testId="d1553e85-54cf-4e08-b4a0-1754cb02a300" testName="CacheAndReload" computerName="DDBLD061B" duration="00:00:01.0070000" startTime="2015-04-27T07:08:19.1391111-07:00" endTime="2015-04-27T07:08:19.1391111-07:00" testType="13cdc9d9-ddb5-4fa4-a97d-d965ccfc6d4b" outcome="Passed" testListId="8c84fa94-04c1-424b-9868-57a2d4851a1d" relativeResultsDirectory="7b0bb6d0-816b-4e84-b8c3-1e4a79e2e02f" />
    <UnitTestResult executionId="c09a402a-6dad-4ba7-97f9-4a1b13c991c7" testId="f8d17a10-3082-4222-b97a-bd5a00b0b16c" testName="V3 composition (V1, V2)" computerName="DDBLD061B" duration="00:00:00.8000000" startTime="2015-04-27T07:08:19.1391111-07:00" endTime="2015-04-27T07:08:19.1391111-07:00" testType="13cdc9d9-ddb5-4fa4-a97d-d965ccfc6d4b" outcome="Passed" testListId="8c84fa94-04c1-424b-9868-57a2d4851a1d" relativeResultsDirectory="c09a402a-6dad-4ba7-97f9-4a1b13c991c7">
      <Output>
        <StdOut>Catalog AttributedPartDiscoveryV1 vs. AttributedPartDiscovery
      Part
          Type: Microsoft.VisualStudio.Composition.Tests.ExportMetadataMultipleTests+PartWithMultipleMetadata
-         SharingBoundary: 
-         IsSharingBoundaryInferred: True
-         CreationPolicy: Any
+         SharingBoundary: &lt;null&gt;
+         IsSharingBoundaryInferred: False
+         CreationPolicy: NonShared
          OnImportsSatisfied: &lt;null&gt;
          ExportedTypes:
              ExportDefinition
                  ContractName: Microsoft.VisualStudio.Composition.Tests.ExportMetadataMultipleTests+PartWithMultipleMetadata
                  Metadata:
                      ExportTypeIdentity = Microsoft.VisualStudio.Composition.Tests.ExportMetadataMultipleTests+PartWithMultipleMetadata
+                     System.ComponentModel.Composition.CreationPolicy = NonShared
                      SomeName = System.String[]
          ExportingMembers:
          ImportingMembers:
          ImportingConstructor:
      Part
          Type: Microsoft.VisualStudio.Composition.Tests.ExportMetadataMultipleTests+ImportingPart
-         SharingBoundary: 
-         IsSharingBoundaryInferred: True
-         CreationPolicy: Any
+         SharingBoundary: &lt;null&gt;
+         IsSharingBoundaryInferred: False
+         CreationPolicy: NonShared
          OnImportsSatisfied: &lt;null&gt;
          ExportedTypes:
              ExportDefinition
                  ContractName: Microsoft.VisualStudio.Composition.Tests.ExportMetadataMultipleTests+ImportingPart
                  Metadata:
                      ExportTypeIdentity = Microsoft.VisualStudio.Composition.Tests.ExportMetadataMultipleTests+ImportingPart
+                     System.ComponentModel.Composition.CreationPolicy = NonShared
          ExportingMembers:
          ImportingMembers:
              ImportDefinition:
                  ContractName: Microsoft.VisualStudio.Composition.Tests.ExportMetadataMultipleTests+PartWithSingleCustomMetadata
                  Cardinality: OneOrZero
                  Metadata:
                  ExportFactorySharingBoundaries: 
                  ExportConstraints: 
                      ExportTypeIdentityConstraint
                          TypeIdentityName: Microsoft.VisualStudio.Composition.Tests.ExportMetadataMultipleTests+PartWithSingleCustomMetadata
                      ImportMetadataViewConstraint
              ComposablePartType: Microsoft.VisualStudio.Composition.Tests.ExportMetadataMultipleTests+ImportingPart
              ImportingMember: System.Lazy`2[Microsoft.VisualStudio.Composition.Tests.ExportMetadataMultipleTests+PartWithSingleCustomMetadata,System.Collections.Generic.IDictionary`2[System.String,System.Object]] SingleCustomMetadataImport
              ParameterInfo: 
              ImportingSiteType: System.Lazy`2[Microsoft.VisualStudio.Composition.Tests.ExportMetadataMultipleTests+PartWithSingleCustomMetadata,System.Collections.Generic.IDictionary`2[System.String,System.Object]]
              ImportDefinition:
                  ContractName: Microsoft.VisualStudio.Composition.Tests.ExportMetadataMultipleTests+PartWithMultipleCustomMetadata
                  Cardinality: OneOrZero
                  Metadata:
                  ExportFactorySharingBoundaries: 
                  ExportConstraints: 
                      ExportTypeIdentityConstraint
                          TypeIdentityName: Microsoft.VisualStudio.Composition.Tests.ExportMetadataMultipleTests+PartWithMultipleCustomMetadata
                      ImportMetadataViewConstraint
              ComposablePartType: Microsoft.VisualStudio.Composition.Tests.ExportMetadataMultipleTests+ImportingPart
              ImportingMember: System.Lazy`2[Microsoft.VisualStudio.Composition.Tests.ExportMetadataMultipleTests+PartWithMultipleCustomMetadata,System.Collections.Generic.IDictionary`2[System.String,System.Object]] CustomMetadataImport
              ParameterInfo: 
              ImportingSiteType: System.Lazy`2[Microsoft.VisualStudio.Composition.Tests.ExportMetadataMultipleTests+PartWithMultipleCustomMetadata,System.Collections.Generic.IDictionary`2[System.String,System.Object]]
              ImportDefinition:
                  ContractName: Microsoft.VisualStudio.Composition.Tests.ExportMetadataMultipleTests+PartWithMultipleMetadata
                  Cardinality: OneOrZero
                  Metadata:
                  ExportFactorySharingBoundaries: 
                  ExportConstraints: 
                      ExportTypeIdentityConstraint
                          TypeIdentityName: Microsoft.VisualStudio.Composition.Tests.ExportMetadataMultipleTests+PartWithMultipleMetadata
                      ImportMetadataViewConstraint
              ComposablePartType: Microsoft.VisualStudio.Composition.Tests.ExportMetadataMultipleTests+ImportingPart
              ImportingMember: System.Lazy`2[Microsoft.VisualStudio.Composition.Tests.ExportMetadataMultipleTests+PartWithMultipleMetadata,System.Collections.Generic.IDictionary`2[System.String,System.Object]] ImportingProperty
              ParameterInfo: 
              ImportingSiteType: System.Lazy`2[Microsoft.VisualStudio.Composition.Tests.ExportMetadataMultipleTests+PartWithMultipleMetadata,System.Collections.Generic.IDictionary`2[System.String,System.Object]]
          ImportingConstructor:</StdOut>
      </Output>
    </UnitTestResult>
    <UnitTestResult executionId="28b02bac-f965-47af-8e14-8d588735638a" testId="fac3932b-e8f4-4d3d-8d19-80bbbc369b74" testName="V3 composition (V1, V2)" computerName="DDBLD061B" duration="00:00:00.7090000" startTime="2015-04-27T07:08:19.1391111-07:00" endTime="2015-04-27T07:08:19.1391111-07:00" testType="13cdc9d9-ddb5-4fa4-a97d-d965ccfc6d4b" outcome="Passed" testListId="8c84fa94-04c1-424b-9868-57a2d4851a1d" relativeResultsDirectory="28b02bac-f965-47af-8e14-8d588735638a">
      <Output>
        <StdOut>Catalog AttributedPartDiscoveryV1 vs. AttributedPartDiscovery
      Part
          Type: Microsoft.VisualStudio.Composition.Tests.FaultyPartsTests+ImportingPropertySetterThrowsPart
+         Part metadata:
+             SharingBoundary = 
          SharingBoundary: 
-         IsSharingBoundaryInferred: True
-         CreationPolicy: Any
+         IsSharingBoundaryInferred: False
+         CreationPolicy: Shared
          OnImportsSatisfied: &lt;null&gt;
          ExportedTypes:
              ExportDefinition
                  ContractName: Microsoft.VisualStudio.Composition.Tests.FaultyPartsTests+ImportingPropertySetterThrowsPart
                  Metadata:
                      ExportTypeIdentity = Microsoft.VisualStudio.Composition.Tests.FaultyPartsTests+ImportingPropertySetterThrowsPart
+                     System.ComponentModel.Composition.CreationPolicy = Shared
          ExportingMembers:
          ImportingMembers:
              ImportDefinition:
                  ContractName: Microsoft.VisualStudio.Composition.Tests.FaultyPartsTests+OrdinaryPart
                  Cardinality: ExactlyOne
                  Metadata:
                  ExportFactorySharingBoundaries: 
                  ExportConstraints: 
                      ExportTypeIdentityConstraint
                          TypeIdentityName: Microsoft.VisualStudio.Composition.Tests.FaultyPartsTests+OrdinaryPart
              ComposablePartType: Microsoft.VisualStudio.Composition.Tests.FaultyPartsTests+ImportingPropertySetterThrowsPart
              ImportingMember: OrdinaryPart ImportingProperty
              ParameterInfo: 
              ImportingSiteType: Microsoft.VisualStudio.Composition.Tests.FaultyPartsTests+OrdinaryPart
          ImportingConstructor:
      Part
          Type: Microsoft.VisualStudio.Composition.Tests.FaultyPartsTests+OrdinaryPart
+         Part metadata:
+             SharingBoundary = 
          SharingBoundary: 
-         IsSharingBoundaryInferred: True
-         CreationPolicy: Any
+         IsSharingBoundaryInferred: False
+         CreationPolicy: Shared
          OnImportsSatisfied: &lt;null&gt;
          ExportedTypes:
              ExportDefinition
                  ContractName: Microsoft.VisualStudio.Composition.Tests.FaultyPartsTests+OrdinaryPart
                  Metadata:
                      ExportTypeIdentity = Microsoft.VisualStudio.Composition.Tests.FaultyPartsTests+OrdinaryPart
+                     System.ComponentModel.Composition.CreationPolicy = Shared
          ExportingMembers:
          ImportingMembers:
          ImportingConstructor:</StdOut>
      </Output>
    </UnitTestResult>
    <UnitTestResult executionId="7d18dff0-0138-4a15-bd12-a955eb0bb969" testId="2c7db291-1db3-4b80-a064-d4cfbe2f415c" testName="V3 engine (runtime)" computerName="DDBLD061B" duration="00:00:00.0010000" startTime="2015-04-27T07:08:19.1391111-07:00" endTime="2015-04-27T07:08:19.1391111-07:00" testType="13cdc9d9-ddb5-4fa4-a97d-d965ccfc6d4b" outcome="Passed" testListId="8c84fa94-04c1-424b-9868-57a2d4851a1d" relativeResultsDirectory="7d18dff0-0138-4a15-bd12-a955eb0bb969" />
    <UnitTestResult executionId="482c31f8-7855-462f-bac8-20dd60067f72" testId="fcd7a3e8-52c7-4ea0-9fd6-9c42fdb31fa2" testName="AssemblyDiscoveryDropsProblematicTypesAndSalvagesOthersInSameAssembly" computerName="DDBLD061B" duration="00:00:00.7440000" startTime="2015-04-27T07:08:19.1391111-07:00" endTime="2015-04-27T07:08:19.1391111-07:00" testType="13cdc9d9-ddb5-4fa4-a97d-d965ccfc6d4b" outcome="Passed" testListId="8c84fa94-04c1-424b-9868-57a2d4851a1d" relativeResultsDirectory="482c31f8-7855-462f-bac8-20dd60067f72" />
    <UnitTestResult executionId="7871aee6-8aec-47df-b5f6-3fc58e72b30d" testId="5b5d7136-e03d-4603-87fa-a665c262d252" testName="MissingImportingConstructor" computerName="DDBLD061B" duration="00:00:00.0010000" startTime="2015-04-27T07:08:19.3890704-07:00" endTime="2015-04-27T07:08:19.3890704-07:00" testType="13cdc9d9-ddb5-4fa4-a97d-d965ccfc6d4b" outcome="Passed" testListId="8c84fa94-04c1-424b-9868-57a2d4851a1d" relativeResultsDirectory="7871aee6-8aec-47df-b5f6-3fc58e72b30d" />
    <UnitTestResult executionId="8de010fc-151f-4597-b2eb-2c9cfe82fe57" testId="6844afe1-cd40-4b15-a307-002a2f855e92" testName="IndexerInDerivedAndBase" computerName="DDBLD061B" duration="00:00:00.0010000" startTime="2015-04-27T07:08:19.3890704-07:00" endTime="2015-04-27T07:08:19.3890704-07:00" testType="13cdc9d9-ddb5-4fa4-a97d-d965ccfc6d4b" outcome="Passed" testListId="8c84fa94-04c1-424b-9868-57a2d4851a1d" relativeResultsDirectory="8de010fc-151f-4597-b2eb-2c9cfe82fe57" />
    <UnitTestResult executionId="f9bf2da0-024c-4ec8-866f-ed13d74e3dc2" testId="5a155deb-9fe1-4877-95b1-7618e3dd6dbc" testName="V3 engine (runtime)" computerName="DDBLD061B" duration="00:00:00.0010000" startTime="2015-04-27T07:08:19.3890704-07:00" endTime="2015-04-27T07:08:19.3890704-07:00" testType="13cdc9d9-ddb5-4fa4-a97d-d965ccfc6d4b" outcome="Passed" testListId="8c84fa94-04c1-424b-9868-57a2d4851a1d" relativeResultsDirectory="f9bf2da0-024c-4ec8-866f-ed13d74e3dc2" />
    <UnitTestResult executionId="ca9a6e96-8595-4b4c-90a5-f96dfc865e59" testId="aeecd1a9-1ea6-43cc-a192-d862486c47c5" testName="V1" computerName="DDBLD061B" duration="00:00:00.0020000" startTime="2015-04-27T07:08:19.3890704-07:00" endTime="2015-04-27T07:08:19.3890704-07:00" testType="13cdc9d9-ddb5-4fa4-a97d-d965ccfc6d4b" outcome="Passed" testListId="8c84fa94-04c1-424b-9868-57a2d4851a1d" relativeResultsDirectory="ca9a6e96-8595-4b4c-90a5-f96dfc865e59" />
    <UnitTestResult executionId="53009c48-9678-46ae-8d8a-680e81736166" testId="529e7d94-f4f9-44a2-bcfc-b4189a0375af" testName="V2" computerName="DDBLD061B" duration="00:00:00.0030000" startTime="2015-04-27T07:08:19.3890704-07:00" endTime="2015-04-27T07:08:19.3890704-07:00" testType="13cdc9d9-ddb5-4fa4-a97d-d965ccfc6d4b" outcome="Passed" testListId="8c84fa94-04c1-424b-9868-57a2d4851a1d" relativeResultsDirectory="53009c48-9678-46ae-8d8a-680e81736166" />
    <UnitTestResult executionId="b5a7dd5d-6b25-408c-a3fc-8ebcd9957762" testId="d1cdcef5-b351-4881-b1ea-506ae0c8fec7" testName="V3 engine (runtime)" computerName="DDBLD061B" duration="00:00:00.0010000" startTime="2015-04-27T07:08:19.3890704-07:00" endTime="2015-04-27T07:08:19.3890704-07:00" testType="13cdc9d9-ddb5-4fa4-a97d-d965ccfc6d4b" outcome="Passed" testListId="8c84fa94-04c1-424b-9868-57a2d4851a1d" relativeResultsDirectory="b5a7dd5d-6b25-408c-a3fc-8ebcd9957762" />
    <UnitTestResult executionId="f0a7b134-cca0-4a76-bc9d-b9b1014d7545" testId="fa12b446-57db-4fb9-a34e-9ea7cd89ab60" testName="V3 engine (runtime)" computerName="DDBLD061B" duration="00:00:00.0010000" startTime="2015-04-27T07:08:19.6703060-07:00" endTime="2015-04-27T07:08:19.6703060-07:00" testType="13cdc9d9-ddb5-4fa4-a97d-d965ccfc6d4b" outcome="Passed" testListId="8c84fa94-04c1-424b-9868-57a2d4851a1d" relativeResultsDirectory="f0a7b134-cca0-4a76-bc9d-b9b1014d7545" />
    <UnitTestResult executionId="128bab8a-b523-40d7-b557-592da765a746" testId="d7151430-1631-4861-bc48-087684697078" testName="V1" computerName="DDBLD061B" duration="00:00:00.0020000" startTime="2015-04-27T07:08:19.6703060-07:00" endTime="2015-04-27T07:08:19.6703060-07:00" testType="13cdc9d9-ddb5-4fa4-a97d-d965ccfc6d4b" outcome="Passed" testListId="8c84fa94-04c1-424b-9868-57a2d4851a1d" relativeResultsDirectory="128bab8a-b523-40d7-b557-592da765a746" />
    <UnitTestResult executionId="cb65c76d-6e67-4d4d-b087-747b5e536eb1" testId="1b82e7bb-c9e0-4d54-a780-96e8d7b17a11" testName="V3 engine (runtime)" computerName="DDBLD061B" duration="00:00:00.0090000" startTime="2015-04-27T07:08:19.6703060-07:00" endTime="2015-04-27T07:08:19.6703060-07:00" testType="13cdc9d9-ddb5-4fa4-a97d-d965ccfc6d4b" outcome="Passed" testListId="8c84fa94-04c1-424b-9868-57a2d4851a1d" relativeResultsDirectory="cb65c76d-6e67-4d4d-b087-747b5e536eb1" />
    <UnitTestResult executionId="d252b688-c807-48f0-9f66-532432cc86e1" testId="9f8c70e2-146b-4760-b48b-205a8b8127d5" testName="V2" computerName="DDBLD061B" duration="00:00:00.0030000" startTime="2015-04-27T07:08:19.6703060-07:00" endTime="2015-04-27T07:08:19.6703060-07:00" testType="13cdc9d9-ddb5-4fa4-a97d-d965ccfc6d4b" outcome="Passed" testListId="8c84fa94-04c1-424b-9868-57a2d4851a1d" relativeResultsDirectory="d252b688-c807-48f0-9f66-532432cc86e1" />
    <UnitTestResult executionId="242a3580-1a54-416d-8beb-82054165cfab" testId="c5d0c36b-1e1e-46eb-b141-a0e3a4a2490b" testName="V1" computerName="DDBLD061B" duration="00:00:00.0030000" startTime="2015-04-27T07:08:19.6703060-07:00" endTime="2015-04-27T07:08:19.6703060-07:00" testType="13cdc9d9-ddb5-4fa4-a97d-d965ccfc6d4b" outcome="Passed" testListId="8c84fa94-04c1-424b-9868-57a2d4851a1d" relativeResultsDirectory="242a3580-1a54-416d-8beb-82054165cfab" />
    <UnitTestResult executionId="1bea9c67-d602-4c1e-8a1d-42ace69f999a" testId="86495350-fb51-4711-988f-09d304f878c4" testName="V3 engine (runtime)" computerName="DDBLD061B" duration="00:00:00.0020000" startTime="2015-04-27T07:08:19.6703060-07:00" endTime="2015-04-27T07:08:19.6703060-07:00" testType="13cdc9d9-ddb5-4fa4-a97d-d965ccfc6d4b" outcome="Passed" testListId="8c84fa94-04c1-424b-9868-57a2d4851a1d" relativeResultsDirectory="1bea9c67-d602-4c1e-8a1d-42ace69f999a" />
    <UnitTestResult executionId="75810bf7-08dc-465a-b958-4518f3b79f1b" testId="02a16c7b-401e-4968-8ef7-22351580ef9d" testName="Combined_IncrementalProgressUpdates" computerName="DDBLD061B" duration="00:00:01" startTime="2015-04-27T07:08:19.6703060-07:00" endTime="2015-04-27T07:08:19.6703060-07:00" testType="13cdc9d9-ddb5-4fa4-a97d-d965ccfc6d4b" outcome="Passed" testListId="8c84fa94-04c1-424b-9868-57a2d4851a1d" relativeResultsDirectory="75810bf7-08dc-465a-b958-4518f3b79f1b">
      <Output>
        <StdOut>Completion reported: 0.001069519 (1/935): Scanning MEF assemblies...
Completion reported: 0.01176471 (11/935): Scanning MEF assemblies...
Completion reported: 0.02245989 (21/935): Scanning MEF assemblies...
Completion reported: 0.03315508 (31/935): Scanning MEF assemblies...
Completion reported: 0.04385027 (41/935): Scanning MEF assemblies...
Completion reported: 0.05454545 (51/935): Scanning MEF assemblies...
Completion reported: 0.06524064 (61/935): Scanning MEF assemblies...
Completion reported: 0.07593583 (71/935): Scanning MEF assemblies...
Completion reported: 0.08663101 (81/935): Scanning MEF assemblies...
Completion reported: 0.0973262 (91/935): Scanning MEF assemblies...
Completion reported: 0.1080214 (101/935): Scanning MEF assemblies...
Completion reported: 0.1187166 (111/935): Scanning MEF assemblies...
Completion reported: 0.1294118 (121/935): Scanning MEF assemblies...
Completion reported: 0.1401069 (131/935): Scanning MEF assemblies...
Completion reported: 0.1508021 (141/935): Scanning MEF assemblies...
Completion reported: 0.1614973 (151/935): Scanning MEF assemblies...
Completion reported: 0.1721925 (161/935): Scanning MEF assemblies...
Completion reported: 0.1828877 (171/935): Scanning MEF assemblies...
Completion reported: 0.1935829 (181/935): Scanning MEF assemblies...
Completion reported: 0.2042781 (191/935): Scanning MEF assemblies...
Completion reported: 0.2149733 (201/935): Scanning MEF assemblies...
Completion reported: 0.2256684 (211/935): Scanning MEF assemblies...
Completion reported: 0.2363636 (221/935): Scanning MEF assemblies...
Completion reported: 0.2470588 (231/935): Scanning MEF assemblies...
Completion reported: 0.257754 (241/935): Scanning MEF assemblies...
Completion reported: 0.2684492 (251/935): Scanning MEF assemblies...
Completion reported: 0.2791444 (261/935): Scanning MEF assemblies...
Completion reported: 0.2898396 (271/935): Scanning MEF assemblies...
Completion reported: 0.3005348 (281/935): Scanning MEF assemblies...
Completion reported: 0.3112299 (291/935): Scanning MEF assemblies...
Completion reported: 0.3219251 (301/935): Scanning MEF assemblies...
Completion reported: 0.3326203 (311/935): Scanning MEF assemblies...
Completion reported: 0.3433155 (321/935): Scanning MEF assemblies...
Completion reported: 0.3540107 (331/935): Scanning MEF assemblies...
Completion reported: 0.3647059 (341/935): Scanning MEF assemblies...
Completion reported: 0.3754011 (351/935): Scanning MEF assemblies...
Completion reported: 0.3860963 (361/935): Scanning MEF assemblies...
Completion reported: 0.3967915 (371/935): Scanning MEF assemblies...
Completion reported: 0.4074866 (381/935): Scanning MEF assemblies...
Completion reported: 0.4181818 (391/935): Scanning MEF assemblies...
Completion reported: 0.428877 (401/935): Scanning MEF assemblies...
Completion reported: 0.4395722 (411/935): Scanning MEF assemblies...
Completion reported: 0.4502674 (421/935): Scanning MEF assemblies...
Completion reported: 0.4609626 (431/935): Scanning MEF assemblies...
Completion reported: 0.4716578 (441/935): Scanning MEF assemblies...
Completion reported: 0.4823529 (451/935): Scanning MEF assemblies...
Completion reported: 0.4930481 (461/935): Scanning MEF assemblies...
Completion reported: 0.5037433 (471/935): Scanning MEF assemblies...
Completion reported: 0.5144385 (481/935): Scanning MEF assemblies...
Completion reported: 0.5251337 (491/935): Scanning MEF assemblies...
Completion reported: 0.5358289 (501/935): Scanning MEF assemblies...
Completion reported: 0.546524 (511/935): Scanning MEF assemblies...
Completion reported: 0.5572193 (521/935): Scanning MEF assemblies...
Completion reported: 0.5679144 (531/935): Scanning MEF assemblies...
Completion reported: 0.5786096 (541/935): Scanning MEF assemblies...
Completion reported: 0.5893048 (551/935): Scanning MEF assemblies...
Completion reported: 0.6 (561/935): Scanning MEF assemblies...
Completion reported: 0.6106952 (571/935): Scanning MEF assemblies...
Completion reported: 0.6213904 (581/935): Scanning MEF assemblies...
Completion reported: 0.6320856 (591/935): Scanning MEF assemblies...
Completion reported: 0.6427807 (601/935): Scanning MEF assemblies...
Completion reported: 0.6534759 (611/935): Scanning MEF assemblies...
Completion reported: 0.6641711 (621/935): Scanning MEF assemblies...
Completion reported: 0.6748663 (631/935): Scanning MEF assemblies...
Completion reported: 0.6855615 (641/935): Scanning MEF assemblies...
Completion reported: 0.6962567 (651/935): Scanning MEF assemblies...
Completion reported: 0.7069519 (661/935): Scanning MEF assemblies...
Completion reported: 0.7176471 (671/935): Scanning MEF assemblies...
Completion reported: 0.7283422 (681/935): Scanning MEF assemblies...
Completion reported: 0.7390375 (691/935): Scanning MEF assemblies...
Completion reported: 0.7497326 (701/935): Scanning MEF assemblies...
Completion reported: 0.7604278 (711/935): Scanning MEF assemblies...
Completion reported: 0.771123 (721/935): Scanning MEF assemblies...
Completion reported: 0.7818182 (731/935): Scanning MEF assemblies...
Completion reported: 0.7925134 (741/935): Scanning MEF assemblies...
Completion reported: 0.8032085 (751/935): Scanning MEF assemblies...
Completion reported: 0.8139037 (761/935): Scanning MEF assemblies...
Completion reported: 0.8245989 (771/935): Scanning MEF assemblies...
Completion reported: 0.8352941 (781/935): Scanning MEF assemblies...
Completion reported: 0.8459893 (791/935): Scanning MEF assemblies...
Completion reported: 0.8566845 (801/935): Scanning MEF assemblies...
Completion reported: 0.8673797 (811/935): Scanning MEF assemblies...
Completion reported: 0.8780749 (821/935): Scanning MEF assemblies...
Completion reported: 0.88877 (831/935): Scanning MEF assemblies...
Completion reported: 0.8994653 (841/935): Scanning MEF assemblies...
Completion reported: 0.9101604 (851/935): Scanning MEF assemblies...
Completion reported: 0.9208556 (861/935): Scanning MEF assemblies...
Completion reported: 0.9315508 (871/935): Scanning MEF assemblies...
Completion reported: 0.942246 (881/935): Scanning MEF assemblies...
Completion reported: 0.9529412 (891/935): Scanning MEF assemblies...
Completion reported: 0.9636363 (901/935): Scanning MEF assemblies...
Completion reported: 0.9743316 (911/935): Scanning MEF assemblies...
Completion reported: 0.9850267 (921/935): Scanning MEF assemblies...
Completion reported: 0.9957219 (931/935): Scanning MEF assemblies...</StdOut>
      </Output>
    </UnitTestResult>
    <UnitTestResult executionId="207d3b21-c760-44a2-93dc-220c469d246a" testId="28743c0a-154a-4c0d-ac13-0cf1843b13db" testName="V3 engine (runtime)" computerName="DDBLD061B" duration="00:00:00.0010000" startTime="2015-04-27T07:08:19.6703060-07:00" endTime="2015-04-27T07:08:19.6703060-07:00" testType="13cdc9d9-ddb5-4fa4-a97d-d965ccfc6d4b" outcome="Passed" testListId="8c84fa94-04c1-424b-9868-57a2d4851a1d" relativeResultsDirectory="207d3b21-c760-44a2-93dc-220c469d246a" />
    <UnitTestResult executionId="a9184da0-f31f-4171-bf7d-ef23804cd146" testId="c652fda6-51d5-4291-8ac6-65287164a09f" testName="V3 engine (runtime)" computerName="DDBLD061B" duration="00:00:00.0050000" startTime="2015-04-27T07:08:19.8421840-07:00" endTime="2015-04-27T07:08:19.8421840-07:00" testType="13cdc9d9-ddb5-4fa4-a97d-d965ccfc6d4b" outcome="Passed" testListId="8c84fa94-04c1-424b-9868-57a2d4851a1d" relativeResultsDirectory="a9184da0-f31f-4171-bf7d-ef23804cd146" />
    <UnitTestResult executionId="ba533cff-6a69-4bbf-86b9-ccf88aad45fa" testId="c984ff31-de62-493f-8274-449b7295497e" testName="V3 composition (V1)" computerName="DDBLD061B" duration="00:00:00.2620000" startTime="2015-04-27T07:08:19.8421840-07:00" endTime="2015-04-27T07:08:19.8421840-07:00" testType="13cdc9d9-ddb5-4fa4-a97d-d965ccfc6d4b" outcome="Passed" testListId="8c84fa94-04c1-424b-9868-57a2d4851a1d" relativeResultsDirectory="ba533cff-6a69-4bbf-86b9-ccf88aad45fa" />
    <UnitTestResult executionId="28eabdff-0947-499c-bad0-0711e4158c7f" testId="38ea1582-f7dd-4449-9e9b-481436309f4d" testName="V3 composition (V1, V2)" computerName="DDBLD061B" duration="00:00:00.7850000" startTime="2015-04-27T07:08:19.8421840-07:00" endTime="2015-04-27T07:08:19.8421840-07:00" testType="13cdc9d9-ddb5-4fa4-a97d-d965ccfc6d4b" outcome="Passed" testListId="8c84fa94-04c1-424b-9868-57a2d4851a1d" relativeResultsDirectory="28eabdff-0947-499c-bad0-0711e4158c7f">
      <Output>
        <StdOut>Catalog AttributedPartDiscoveryV1 vs. AttributedPartDiscovery
      Part
          Type: Microsoft.VisualStudio.Composition.Tests.ExportProviderTests+PartThatImportsExportProvider
+         Part metadata:
+             SharingBoundary = 
          SharingBoundary: 
-         IsSharingBoundaryInferred: True
-         CreationPolicy: Any
+         IsSharingBoundaryInferred: False
+         CreationPolicy: Shared
          OnImportsSatisfied: &lt;null&gt;
          ExportedTypes:
              ExportDefinition
                  ContractName: Microsoft.VisualStudio.Composition.Tests.ExportProviderTests+PartThatImportsExportProvider
                  Metadata:
                      ExportTypeIdentity = Microsoft.VisualStudio.Composition.Tests.ExportProviderTests+PartThatImportsExportProvider
+                     System.ComponentModel.Composition.CreationPolicy = Shared
          ExportingMembers:
          ImportingMembers:
              ImportDefinition:
                  ContractName: Microsoft.VisualStudio.Composition.ExportProvider
                  Cardinality: ExactlyOne
                  Metadata:
                  ExportFactorySharingBoundaries: 
                  ExportConstraints: 
                      ExportTypeIdentityConstraint
                          TypeIdentityName: Microsoft.VisualStudio.Composition.ExportProvider
              ComposablePartType: Microsoft.VisualStudio.Composition.Tests.ExportProviderTests+PartThatImportsExportProvider
              ImportingMember: Microsoft.VisualStudio.Composition.ExportProvider ExportProvider
              ParameterInfo: 
              ImportingSiteType: Microsoft.VisualStudio.Composition.ExportProvider
          ImportingConstructor:
      Part
          Type: Microsoft.VisualStudio.Composition.Tests.ExportProviderTests+SomeOtherPart
+         Part metadata:
+             SharingBoundary = 
          SharingBoundary: 
-         IsSharingBoundaryInferred: True
-         CreationPolicy: Any
+         IsSharingBoundaryInferred: False
+         CreationPolicy: Shared
          OnImportsSatisfied: &lt;null&gt;
          ExportedTypes:
              ExportDefinition
                  ContractName: Microsoft.VisualStudio.Composition.Tests.ExportProviderTests+SomeOtherPart
                  Metadata:
                      ExportTypeIdentity = Microsoft.VisualStudio.Composition.Tests.ExportProviderTests+SomeOtherPart
                      A = 1
+                     System.ComponentModel.Composition.CreationPolicy = Shared
          ExportingMembers:
          ImportingMembers:
          ImportingConstructor:</StdOut>
      </Output>
    </UnitTestResult>
    <UnitTestResult executionId="bfd13e2c-160f-4cac-8b61-39310afc153b" testId="4cf831a5-4741-4546-a944-54a9505c93ad" testName="V3 composition (V2)" computerName="DDBLD061B" duration="00:00:00.2290000" startTime="2015-04-27T07:08:19.8421840-07:00" endTime="2015-04-27T07:08:19.8421840-07:00" testType="13cdc9d9-ddb5-4fa4-a97d-d965ccfc6d4b" outcome="Passed" testListId="8c84fa94-04c1-424b-9868-57a2d4851a1d" relativeResultsDirectory="bfd13e2c-160f-4cac-8b61-39310afc153b" />
    <UnitTestResult executionId="a72b8903-2d1a-4624-a435-218bd609b49b" testId="26b97211-07b1-4be2-8d49-7acddf241baa" testName="V3 composition (V2)" computerName="DDBLD061B" duration="00:00:00.2230000" startTime="2015-04-27T07:08:19.8421840-07:00" endTime="2015-04-27T07:08:19.8421840-07:00" testType="13cdc9d9-ddb5-4fa4-a97d-d965ccfc6d4b" outcome="Passed" testListId="8c84fa94-04c1-424b-9868-57a2d4851a1d" relativeResultsDirectory="a72b8903-2d1a-4624-a435-218bd609b49b" />
    <UnitTestResult executionId="fd492bb5-392f-42e2-b2db-363863295799" testId="143d988b-116c-4bea-b03b-3a249368264a" testName="V3 composition (V1)" computerName="DDBLD061B" duration="00:00:00.2230000" startTime="2015-04-27T07:08:19.8421840-07:00" endTime="2015-04-27T07:08:19.8421840-07:00" testType="13cdc9d9-ddb5-4fa4-a97d-d965ccfc6d4b" outcome="Passed" testListId="8c84fa94-04c1-424b-9868-57a2d4851a1d" relativeResultsDirectory="fd492bb5-392f-42e2-b2db-363863295799" />
    <UnitTestResult executionId="d12ffc83-f95f-4299-b41a-66c8bf438316" testId="2d029c15-5525-4072-868a-918dd6885c70" testName="V1" computerName="DDBLD061B" duration="00:00:00.0400000" startTime="2015-04-27T07:08:19.8421840-07:00" endTime="2015-04-27T07:08:19.8421840-07:00" testType="13cdc9d9-ddb5-4fa4-a97d-d965ccfc6d4b" outcome="Passed" testListId="8c84fa94-04c1-424b-9868-57a2d4851a1d" relativeResultsDirectory="d12ffc83-f95f-4299-b41a-66c8bf438316" />
    <UnitTestResult executionId="f970325c-d16c-43c5-92fb-19a8b82db622" testId="714959ce-0ad4-4356-8a82-2f16cc56b9ae" testName="V3 composition (V1)" computerName="DDBLD061B" duration="00:00:00.1960000" startTime="2015-04-27T07:08:19.8421840-07:00" endTime="2015-04-27T07:08:19.8421840-07:00" testType="13cdc9d9-ddb5-4fa4-a97d-d965ccfc6d4b" outcome="Passed" testListId="8c84fa94-04c1-424b-9868-57a2d4851a1d" relativeResultsDirectory="f970325c-d16c-43c5-92fb-19a8b82db622" />
    <UnitTestResult executionId="2c98935a-fb68-44f1-981e-ed50fca8b186" testId="09eae6d8-38f9-4210-8322-ceecee168d50" testName="V3 engine (runtime)" computerName="DDBLD061B" duration="00:00:00.0010000" startTime="2015-04-27T07:08:20.4516252-07:00" endTime="2015-04-27T07:08:20.4516252-07:00" testType="13cdc9d9-ddb5-4fa4-a97d-d965ccfc6d4b" outcome="Passed" testListId="8c84fa94-04c1-424b-9868-57a2d4851a1d" relativeResultsDirectory="2c98935a-fb68-44f1-981e-ed50fca8b186" />
    <UnitTestResult executionId="393c2aff-c4db-44ae-84a2-c1930980ccee" testId="7b525b37-fb4f-4619-a42b-876b7705689c" testName="V3 composition (V1)" computerName="DDBLD061B" duration="00:00:00.1990000" startTime="2015-04-27T07:08:20.4516252-07:00" endTime="2015-04-27T07:08:20.4516252-07:00" testType="13cdc9d9-ddb5-4fa4-a97d-d965ccfc6d4b" outcome="Passed" testListId="8c84fa94-04c1-424b-9868-57a2d4851a1d" relativeResultsDirectory="393c2aff-c4db-44ae-84a2-c1930980ccee" />
    <UnitTestResult executionId="855cfa4f-f4bd-4510-89ae-33345b3db56b" testId="4e84cf38-c72e-4883-a348-a8e528fdfc08" testName="V3 engine (runtime)" computerName="DDBLD061B" duration="00:00:00.0020000" startTime="2015-04-27T07:08:20.4516252-07:00" endTime="2015-04-27T07:08:20.4516252-07:00" testType="13cdc9d9-ddb5-4fa4-a97d-d965ccfc6d4b" outcome="Passed" testListId="8c84fa94-04c1-424b-9868-57a2d4851a1d" relativeResultsDirectory="855cfa4f-f4bd-4510-89ae-33345b3db56b" />
    <UnitTestResult executionId="71159260-d4e9-4c0f-9883-2229cf5e4a33" testId="fff3828a-0a96-4196-9230-9dafa2f7f06b" testName="V3 engine (runtime)" computerName="DDBLD061B" duration="00:00:00.0030000" startTime="2015-04-27T07:08:20.4516252-07:00" endTime="2015-04-27T07:08:20.4516252-07:00" testType="13cdc9d9-ddb5-4fa4-a97d-d965ccfc6d4b" outcome="Passed" testListId="8c84fa94-04c1-424b-9868-57a2d4851a1d" relativeResultsDirectory="71159260-d4e9-4c0f-9883-2229cf5e4a33" />
    <UnitTestResult executionId="631a1abd-7dcd-4e32-8a76-71aa93c9c8fd" testId="54f439ae-aecf-49f4-a0e5-bb9fbdca87cd" testName="V3 engine (runtime)" computerName="DDBLD061B" duration="00:00:00.0020000" startTime="2015-04-27T07:08:20.4516252-07:00" endTime="2015-04-27T07:08:20.4516252-07:00" testType="13cdc9d9-ddb5-4fa4-a97d-d965ccfc6d4b" outcome="Passed" testListId="8c84fa94-04c1-424b-9868-57a2d4851a1d" relativeResultsDirectory="631a1abd-7dcd-4e32-8a76-71aa93c9c8fd" />
    <UnitTestResult executionId="9ba07016-b961-4405-96f7-11148a5a4048" testId="a682808d-be80-4ad9-97c6-4042f2fb9522" testName="V3 composition (V1)" computerName="DDBLD061B" duration="00:00:00.1740000" startTime="2015-04-27T07:08:20.4516252-07:00" endTime="2015-04-27T07:08:20.4516252-07:00" testType="13cdc9d9-ddb5-4fa4-a97d-d965ccfc6d4b" outcome="Passed" testListId="8c84fa94-04c1-424b-9868-57a2d4851a1d" relativeResultsDirectory="9ba07016-b961-4405-96f7-11148a5a4048" />
    <UnitTestResult executionId="979c37d1-c1e5-475a-8274-8f858bcfdc82" testId="218fa7d6-23af-4949-89db-de8197f00473" testName="V3 composition (V1)" computerName="DDBLD061B" duration="00:00:00.1740000" startTime="2015-04-27T07:08:20.4516252-07:00" endTime="2015-04-27T07:08:20.4516252-07:00" testType="13cdc9d9-ddb5-4fa4-a97d-d965ccfc6d4b" outcome="Passed" testListId="8c84fa94-04c1-424b-9868-57a2d4851a1d" relativeResultsDirectory="979c37d1-c1e5-475a-8274-8f858bcfdc82" />
    <UnitTestResult executionId="239748e9-e161-4c24-b88a-5c06fd3ed393" testId="2e2a4cd9-44a1-4794-b16d-7fa8e2363216" testName="V3 composition (V1+V2)" computerName="DDBLD061B" duration="00:00:00.2460000" startTime="2015-04-27T07:08:20.4516252-07:00" endTime="2015-04-27T07:08:20.4516252-07:00" testType="13cdc9d9-ddb5-4fa4-a97d-d965ccfc6d4b" outcome="Passed" testListId="8c84fa94-04c1-424b-9868-57a2d4851a1d" relativeResultsDirectory="239748e9-e161-4c24-b88a-5c06fd3ed393" />
    <UnitTestResult executionId="3ed3915d-611f-4d5e-8aa1-3a351412cb44" testId="b996fa5a-b17c-4fbd-b06c-48b40b8d27d2" testName="V3 engine (runtime)" computerName="DDBLD061B" duration="00:00:00.0020000" startTime="2015-04-27T07:08:20.4516252-07:00" endTime="2015-04-27T07:08:20.4516252-07:00" testType="13cdc9d9-ddb5-4fa4-a97d-d965ccfc6d4b" outcome="Passed" testListId="8c84fa94-04c1-424b-9868-57a2d4851a1d" relativeResultsDirectory="3ed3915d-611f-4d5e-8aa1-3a351412cb44" />
    <UnitTestResult executionId="8b304847-c26e-4e8a-9032-c5296baa89ca" testId="09ef1eea-4a6f-47eb-98db-dd03eebbe6f1" testName="V3 composition (V1)" computerName="DDBLD061B" duration="00:00:00.1730000" startTime="2015-04-27T07:08:20.6546938-07:00" endTime="2015-04-27T07:08:20.6546938-07:00" testType="13cdc9d9-ddb5-4fa4-a97d-d965ccfc6d4b" outcome="Passed" testListId="8c84fa94-04c1-424b-9868-57a2d4851a1d" relativeResultsDirectory="8b304847-c26e-4e8a-9032-c5296baa89ca">
      <Output>
        <StdOut>Catalog BeforeSerialization vs. AfterSerialization
      Part
          Type: Microsoft.VisualStudio.Composition.ExportMetadataViewInterfaceEmitProxy+MetadataViewProxyProvider
          Part metadata:
              VsMEFDgmlCategories = System.String[]
          SharingBoundary: &lt;null&gt;
          IsSharingBoundaryInferred: False
          CreationPolicy: NonShared
          OnImportsSatisfied: &lt;null&gt;
          ExportedTypes:
              ExportDefinition
                  ContractName: Microsoft.VisualStudio.Composition.IMetadataViewProvider
                  Metadata:
                      ExportTypeIdentity = Microsoft.VisualStudio.Composition.IMetadataViewProvider
                      System.ComponentModel.Composition.CreationPolicy = NonShared
                      OrderPrecedence = 50
          ExportingMembers:
          ImportingMembers:
          ImportingConstructor:
      Part
          Type: Microsoft.VisualStudio.Composition.NetFxAdapters+CompositionService
          Part metadata:
              VsMEFDgmlCategories = System.String[]
          SharingBoundary: &lt;null&gt;
          IsSharingBoundaryInferred: False
          CreationPolicy: NonShared
          OnImportsSatisfied: &lt;null&gt;
          ExportedTypes:
              ExportDefinition
                  ContractName: System.ComponentModel.Composition.ICompositionService
                  Metadata:
                      ExportTypeIdentity = System.ComponentModel.Composition.ICompositionService
                      System.ComponentModel.Composition.CreationPolicy = NonShared
          ExportingMembers:
          ImportingMembers:
          ImportingConstructor:
              ImportDefinition:
                  ContractName: Microsoft.VisualStudio.Composition.ExportProvider
                  Cardinality: ExactlyOne
                  Metadata:
                  ExportFactorySharingBoundaries: 
                  ExportConstraints: 
                      ExportTypeIdentityConstraint
                          TypeIdentityName: Microsoft.VisualStudio.Composition.ExportProvider
              ComposablePartType: Microsoft.VisualStudio.Composition.NetFxAdapters+CompositionService
              ImportingMember: 
              ParameterInfo: Microsoft.VisualStudio.Composition.ExportProvider exportProvider
              ImportingSiteType: Microsoft.VisualStudio.Composition.ExportProvider
      Part
          Type: Microsoft.VisualStudio.Composition.NetFxAdapters+MetadataViewImplProxy
          Part metadata:
              VsMEFDgmlCategories = System.String[]
          SharingBoundary: 
          IsSharingBoundaryInferred: True
          CreationPolicy: Any
          OnImportsSatisfied: &lt;null&gt;
          ExportedTypes:
              ExportDefinition
                  ContractName: Microsoft.VisualStudio.Composition.IMetadataViewProvider
                  Metadata:
                      ExportTypeIdentity = Microsoft.VisualStudio.Composition.IMetadataViewProvider
                      OrderPrecedence = 100
          ExportingMembers:
          ImportingMembers:
          ImportingConstructor:
      Part
          Type: Microsoft.VisualStudio.Composition.NetFxAdapters+AssemblyLoadCodeBasePathLoader
          Part metadata:
              VsMEFDgmlCategories = System.String[]
          SharingBoundary: 
          IsSharingBoundaryInferred: True
          CreationPolicy: Any
          OnImportsSatisfied: &lt;null&gt;
          ExportedTypes:
              ExportDefinition
                  ContractName: Microsoft.VisualStudio.Composition.IAssemblyLoader
                  Metadata:
                      ExportTypeIdentity = Microsoft.VisualStudio.Composition.IAssemblyLoader
                      OrderPrecedence = 100
          ExportingMembers:
          ImportingMembers:
          ImportingConstructor:
      Part
          Type: Microsoft.VisualStudio.Composition.Tests.StaticMemberExportsTests+PartWithStaticExports
          SharingBoundary: 
          IsSharingBoundaryInferred: True
          CreationPolicy: Any
          OnImportsSatisfied: &lt;null&gt;
          ExportedTypes:
          ExportingMembers:
+             ExportingField
+                 ContractName: Field
+                 Metadata:
+                     ExportTypeIdentity = System.String
+                     SomeName = SomeValue
              ExportingMethod
                  ContractName: Method
                  Metadata:
                      ExportTypeIdentity = System.String()
                      SomeName = SomeValue
              ExportingProperty
                  ContractName: Property
-                 Metadata:
-                     ExportTypeIdentity = System.String
-                     SomeName = SomeValue
-             ExportingField
-                 ContractName: Field
                  Metadata:
                      ExportTypeIdentity = System.String
                      SomeName = SomeValue
          ImportingMembers:
          ImportingConstructor:
      Part
          Type: Microsoft.VisualStudio.Composition.Tests.StaticMemberExportsTests+ImportingPart
          SharingBoundary: 
          IsSharingBoundaryInferred: True
          CreationPolicy: Any
          OnImportsSatisfied: &lt;null&gt;
          ExportedTypes:
              ExportDefinition
                  ContractName: Microsoft.VisualStudio.Composition.Tests.StaticMemberExportsTests+ImportingPart
                  Metadata:
                      ExportTypeIdentity = Microsoft.VisualStudio.Composition.Tests.StaticMemberExportsTests+ImportingPart
          ExportingMembers:
          ImportingMembers:
              ImportDefinition:
                  ContractName: Field
                  Cardinality: OneOrZero
                  Metadata:
                  ExportFactorySharingBoundaries: 
                  ExportConstraints: 
                      ExportTypeIdentityConstraint
                          TypeIdentityName: System.String
              ComposablePartType: Microsoft.VisualStudio.Composition.Tests.StaticMemberExportsTests+ImportingPart
              ImportingMember: System.String ImportOfField
              ParameterInfo: 
              ImportingSiteType: System.String
              ImportDefinition:
                  ContractName: Property
                  Cardinality: ExactlyOne
                  Metadata:
                  ExportFactorySharingBoundaries: 
                  ExportConstraints: 
                      ExportTypeIdentityConstraint
                          TypeIdentityName: System.String
              ComposablePartType: Microsoft.VisualStudio.Composition.Tests.StaticMemberExportsTests+ImportingPart
              ImportingMember: System.String ImportOfProperty
              ParameterInfo: 
              ImportingSiteType: System.String
              ImportDefinition:
                  ContractName: Method
                  Cardinality: OneOrZero
                  Metadata:
                      System.ComponentModel.Composition.GenericContractName = System.Func({0})+TResult()
                      System.ComponentModel.Composition.GenericParameters = System.Type[]
                  ExportFactorySharingBoundaries: 
                  ExportConstraints: 
                      ExportTypeIdentityConstraint
                          TypeIdentityName: System.String()
              ComposablePartType: Microsoft.VisualStudio.Composition.Tests.StaticMemberExportsTests+ImportingPart
              ImportingMember: System.Func`1[System.String] ImportOfMethod
              ParameterInfo: 
              ImportingSiteType: System.Func`1[System.String]
          ImportingConstructor:</StdOut>
      </Output>
    </UnitTestResult>
    <UnitTestResult executionId="37920eea-dbc4-4d9f-8376-ed0083b704ff" testId="0accf139-c1d2-40bf-8ecd-7573ef113cd9" testName="V3 composition (V1)" computerName="DDBLD061B" duration="00:00:00.1710000" startTime="2015-04-27T07:08:20.6546938-07:00" endTime="2015-04-27T07:08:20.6546938-07:00" testType="13cdc9d9-ddb5-4fa4-a97d-d965ccfc6d4b" outcome="Passed" testListId="8c84fa94-04c1-424b-9868-57a2d4851a1d" relativeResultsDirectory="37920eea-dbc4-4d9f-8376-ed0083b704ff" />
    <UnitTestResult executionId="c5f34121-577d-4f1b-9700-a4763d50442d" testId="1ef1e7a4-e40b-4291-a7d6-b957d54d653e" testName="V3 engine (runtime)" computerName="DDBLD061B" duration="00:00:00.0010000" startTime="2015-04-27T07:08:20.6546938-07:00" endTime="2015-04-27T07:08:20.6546938-07:00" testType="13cdc9d9-ddb5-4fa4-a97d-d965ccfc6d4b" outcome="Passed" testListId="8c84fa94-04c1-424b-9868-57a2d4851a1d" relativeResultsDirectory="c5f34121-577d-4f1b-9700-a4763d50442d" />
    <UnitTestResult executionId="4839491b-fe43-4116-8ace-ca94e327170c" testId="7e4ba15c-7ef8-432e-8ba0-2bd9d7231124" testName="V2" computerName="DDBLD061B" duration="00:00:00.8820000" startTime="2015-04-27T07:08:20.6703187-07:00" endTime="2015-04-27T07:08:20.6546938-07:00" testType="13cdc9d9-ddb5-4fa4-a97d-d965ccfc6d4b" outcome="Passed" testListId="8c84fa94-04c1-424b-9868-57a2d4851a1d" relativeResultsDirectory="4839491b-fe43-4116-8ace-ca94e327170c">
      <Output>
        <StdOut>Part1 being requested on thread 10
Part2 being requested on thread 16
Timed out waiting for Part2 to hit the importing property setter.
Part1 OnImportsSatisfied invoked on thread 10
Part2 OnImportsSatisfied invoked on thread 10
Each part initialized from unique threads: False</StdOut>
      </Output>
    </UnitTestResult>
    <UnitTestResult executionId="cd2bff9f-408f-472e-84b0-adf841d51955" testId="c601c6f3-6b1a-4e39-8f29-aa17bcadfc95" testName="V3 engine (runtime)" computerName="DDBLD061B" duration="00:00:00.0010000" startTime="2015-04-27T07:08:20.6703187-07:00" endTime="2015-04-27T07:08:20.6703187-07:00" testType="13cdc9d9-ddb5-4fa4-a97d-d965ccfc6d4b" outcome="Passed" testListId="8c84fa94-04c1-424b-9868-57a2d4851a1d" relativeResultsDirectory="cd2bff9f-408f-472e-84b0-adf841d51955" />
    <UnitTestResult executionId="84a9555d-9332-4c37-983c-9c37cd128d23" testId="2d4f09f2-694c-4e1b-8e07-ce668fd831b2" testName="V3 composition (V2)" computerName="DDBLD061B" duration="00:00:00.2240000" startTime="2015-04-27T07:08:20.6703187-07:00" endTime="2015-04-27T07:08:20.6703187-07:00" testType="13cdc9d9-ddb5-4fa4-a97d-d965ccfc6d4b" outcome="Passed" testListId="8c84fa94-04c1-424b-9868-57a2d4851a1d" relativeResultsDirectory="84a9555d-9332-4c37-983c-9c37cd128d23" />
    <UnitTestResult executionId="3f9a070e-456b-4463-b674-48ca8498e0ee" testId="7e9748ae-234b-4e3f-a4ed-028853238d1d" testName="V3 composition (V2)" computerName="DDBLD061B" duration="00:00:00.1740000" startTime="2015-04-27T07:08:20.6703187-07:00" endTime="2015-04-27T07:08:20.6703187-07:00" testType="13cdc9d9-ddb5-4fa4-a97d-d965ccfc6d4b" outcome="Passed" testListId="8c84fa94-04c1-424b-9868-57a2d4851a1d" relativeResultsDirectory="3f9a070e-456b-4463-b674-48ca8498e0ee" />
    <UnitTestResult executionId="82de86c9-e156-4412-a8c5-4367e0161cd6" testId="95bc7e20-a1f7-439e-9943-f36e58207f86" testName="V3 engine (runtime)" computerName="DDBLD061B" duration="00:00:00.0010000" startTime="2015-04-27T07:08:20.6703187-07:00" endTime="2015-04-27T07:08:20.6703187-07:00" testType="13cdc9d9-ddb5-4fa4-a97d-d965ccfc6d4b" outcome="Passed" testListId="8c84fa94-04c1-424b-9868-57a2d4851a1d" relativeResultsDirectory="82de86c9-e156-4412-a8c5-4367e0161cd6" />
    <UnitTestResult executionId="f1759749-a6b2-46d7-a5a8-eae286b46688" testId="d1be6df3-002b-41f9-bdf5-a1487c5b6cd4" testName="V3 composition (V2)" computerName="DDBLD061B" duration="00:00:00.1710000" startTime="2015-04-27T07:08:20.8421954-07:00" endTime="2015-04-27T07:08:20.8421954-07:00" testType="13cdc9d9-ddb5-4fa4-a97d-d965ccfc6d4b" outcome="Passed" testListId="8c84fa94-04c1-424b-9868-57a2d4851a1d" relativeResultsDirectory="f1759749-a6b2-46d7-a5a8-eae286b46688" />
    <UnitTestResult executionId="b5a18365-62ac-494a-aaf2-6d6d8f3e60be" testId="d83ef694-a1e8-4412-83a6-12ac760259a9" testName="V3 composition (V1)" computerName="DDBLD061B" duration="00:00:00.2360000" startTime="2015-04-27T07:08:20.8421954-07:00" endTime="2015-04-27T07:08:20.8421954-07:00" testType="13cdc9d9-ddb5-4fa4-a97d-d965ccfc6d4b" outcome="Passed" testListId="8c84fa94-04c1-424b-9868-57a2d4851a1d" relativeResultsDirectory="b5a18365-62ac-494a-aaf2-6d6d8f3e60be" />
    <UnitTestResult executionId="af579e23-43b4-462c-9b51-4a572fbe0894" testId="1c350560-7090-487f-a3ed-ad9304a652cd" testName="V3 composition (V2)" computerName="DDBLD061B" duration="00:00:00.1500000" startTime="2015-04-27T07:08:20.8421954-07:00" endTime="2015-04-27T07:08:20.8421954-07:00" testType="13cdc9d9-ddb5-4fa4-a97d-d965ccfc6d4b" outcome="Passed" testListId="8c84fa94-04c1-424b-9868-57a2d4851a1d" relativeResultsDirectory="af579e23-43b4-462c-9b51-4a572fbe0894" />
    <UnitTestResult executionId="3f505c14-dc3e-4e84-8b18-4bbd3f6346a9" testId="95c26852-a440-41f2-9739-3ffbac5d33e4" testName="V3 engine (runtime)" computerName="DDBLD061B" duration="00:00:00.0070000" startTime="2015-04-27T07:08:20.8421954-07:00" endTime="2015-04-27T07:08:20.8421954-07:00" testType="13cdc9d9-ddb5-4fa4-a97d-d965ccfc6d4b" outcome="Passed" testListId="8c84fa94-04c1-424b-9868-57a2d4851a1d" relativeResultsDirectory="3f505c14-dc3e-4e84-8b18-4bbd3f6346a9" />
    <UnitTestResult executionId="e7f3e4c4-5de3-4220-a111-d4b648674db6" testId="d0f4b253-2321-449c-a382-2e060c7f7c2f" testName="V3 composition (V1)" computerName="DDBLD061B" duration="00:00:00.1500000" startTime="2015-04-27T07:08:20.8421954-07:00" endTime="2015-04-27T07:08:20.8421954-07:00" testType="13cdc9d9-ddb5-4fa4-a97d-d965ccfc6d4b" outcome="Passed" testListId="8c84fa94-04c1-424b-9868-57a2d4851a1d" relativeResultsDirectory="e7f3e4c4-5de3-4220-a111-d4b648674db6" />
    <UnitTestResult executionId="10c31fd2-91d1-4213-8393-355fd8b946c9" testId="06aa356d-a9a9-4825-892a-9c71849d48e9" testName="V3 engine (runtime)" computerName="DDBLD061B" duration="00:00:00.0070000" startTime="2015-04-27T07:08:20.8421954-07:00" endTime="2015-04-27T07:08:20.8421954-07:00" testType="13cdc9d9-ddb5-4fa4-a97d-d965ccfc6d4b" outcome="Passed" testListId="8c84fa94-04c1-424b-9868-57a2d4851a1d" relativeResultsDirectory="10c31fd2-91d1-4213-8393-355fd8b946c9" />
    <UnitTestResult executionId="be799fac-475d-4699-94c3-eb7d3a01ffa0" testId="792829fb-8acd-44e6-991b-599c37b351b6" testName="V3 composition (V1)" computerName="DDBLD061B" duration="00:00:00.1730000" startTime="2015-04-27T07:08:20.8421954-07:00" endTime="2015-04-27T07:08:20.8421954-07:00" testType="13cdc9d9-ddb5-4fa4-a97d-d965ccfc6d4b" outcome="Passed" testListId="8c84fa94-04c1-424b-9868-57a2d4851a1d" relativeResultsDirectory="be799fac-475d-4699-94c3-eb7d3a01ffa0" />
    <UnitTestResult executionId="656c8b44-9351-4aa5-bad4-e8ec4167c1f2" testId="cff08c4d-658f-465d-928a-888fd0e096ef" testName="V3 engine (runtime)" computerName="DDBLD061B" duration="00:00:00.0010000" startTime="2015-04-27T07:08:20.8421954-07:00" endTime="2015-04-27T07:08:20.8421954-07:00" testType="13cdc9d9-ddb5-4fa4-a97d-d965ccfc6d4b" outcome="Passed" testListId="8c84fa94-04c1-424b-9868-57a2d4851a1d" relativeResultsDirectory="656c8b44-9351-4aa5-bad4-e8ec4167c1f2" />
    <UnitTestResult executionId="dae4b504-e8b4-4a90-a710-33f24d7e32c5" testId="2fc24076-dc4b-4d53-af13-2d0402be6426" testName="V3 composition (V2)" computerName="DDBLD061B" duration="00:00:00.2190000" startTime="2015-04-27T07:08:20.8578219-07:00" endTime="2015-04-27T07:08:20.8578219-07:00" testType="13cdc9d9-ddb5-4fa4-a97d-d965ccfc6d4b" outcome="Passed" testListId="8c84fa94-04c1-424b-9868-57a2d4851a1d" relativeResultsDirectory="dae4b504-e8b4-4a90-a710-33f24d7e32c5" />
    <UnitTestResult executionId="23a3727d-f22d-487d-87c0-7af468b735ed" testId="f934197a-24e7-4772-9b0f-4ccafdde8c8c" testName="V3 composition (V2)" computerName="DDBLD061B" duration="00:00:00.1430000" startTime="2015-04-27T07:08:21.4672030-07:00" endTime="2015-04-27T07:08:21.4672030-07:00" testType="13cdc9d9-ddb5-4fa4-a97d-d965ccfc6d4b" outcome="Passed" testListId="8c84fa94-04c1-424b-9868-57a2d4851a1d" relativeResultsDirectory="23a3727d-f22d-487d-87c0-7af468b735ed" />
    <UnitTestResult executionId="dee0fa91-13e2-4b01-882a-edb43d3e30b9" testId="ddc7b403-108d-4eb0-865a-3e6367e8169c" testName="V3 engine (runtime)" computerName="DDBLD061B" duration="00:00:00.0020000" startTime="2015-04-27T07:08:21.4672030-07:00" endTime="2015-04-27T07:08:21.4672030-07:00" testType="13cdc9d9-ddb5-4fa4-a97d-d965ccfc6d4b" outcome="Passed" testListId="8c84fa94-04c1-424b-9868-57a2d4851a1d" relativeResultsDirectory="dee0fa91-13e2-4b01-882a-edb43d3e30b9" />
    <UnitTestResult executionId="84e59cf9-ca08-4f8a-8449-e07cc9fc1c9c" testId="d59eef4f-6217-4d82-bede-1ec7bf925437" testName="V3 engine (runtime)" computerName="DDBLD061B" duration="00:00:00.0010000" startTime="2015-04-27T07:08:21.4672030-07:00" endTime="2015-04-27T07:08:21.4672030-07:00" testType="13cdc9d9-ddb5-4fa4-a97d-d965ccfc6d4b" outcome="Passed" testListId="8c84fa94-04c1-424b-9868-57a2d4851a1d" relativeResultsDirectory="84e59cf9-ca08-4f8a-8449-e07cc9fc1c9c" />
    <UnitTestResult executionId="62e9255b-553c-493a-b4f2-cead23fff59c" testId="1d83a65b-fa18-47bb-82db-9f67b34cf2a7" testName="V1" computerName="DDBLD061B" duration="00:00:00.0010000" startTime="2015-04-27T07:08:21.4672030-07:00" endTime="2015-04-27T07:08:21.4672030-07:00" testType="13cdc9d9-ddb5-4fa4-a97d-d965ccfc6d4b" outcome="Passed" testListId="8c84fa94-04c1-424b-9868-57a2d4851a1d" relativeResultsDirectory="62e9255b-553c-493a-b4f2-cead23fff59c" />
    <UnitTestResult executionId="1d0fe7ec-5b99-46bc-b6cb-266cf1efbedc" testId="db2ab3be-4a7b-4af1-8252-7ad1fba9c9c5" testName="V2" computerName="DDBLD061B" duration="00:00:00.0010000" startTime="2015-04-27T07:08:21.4672030-07:00" endTime="2015-04-27T07:08:21.4672030-07:00" testType="13cdc9d9-ddb5-4fa4-a97d-d965ccfc6d4b" outcome="Passed" testListId="8c84fa94-04c1-424b-9868-57a2d4851a1d" relativeResultsDirectory="1d0fe7ec-5b99-46bc-b6cb-266cf1efbedc" />
    <UnitTestResult executionId="0418c7dd-731c-44fa-8b9e-cdd926376afd" testId="a7d89a1a-afb2-4237-a980-0a9632588fde" testName="V3 composition (V2)" computerName="DDBLD061B" duration="00:00:00.1500000" startTime="2015-04-27T07:08:21.4672030-07:00" endTime="2015-04-27T07:08:21.4672030-07:00" testType="13cdc9d9-ddb5-4fa4-a97d-d965ccfc6d4b" outcome="Passed" testListId="8c84fa94-04c1-424b-9868-57a2d4851a1d" relativeResultsDirectory="0418c7dd-731c-44fa-8b9e-cdd926376afd" />
    <UnitTestResult executionId="87346eae-cdcd-4c01-b39a-58bf908d56fa" testId="7bdd0595-41f3-45c0-b7ab-ebbb49f0afb8" testName="V3 composition (V2)" computerName="DDBLD061B" duration="00:00:00.1510000" startTime="2015-04-27T07:08:21.4672030-07:00" endTime="2015-04-27T07:08:21.4672030-07:00" testType="13cdc9d9-ddb5-4fa4-a97d-d965ccfc6d4b" outcome="Passed" testListId="8c84fa94-04c1-424b-9868-57a2d4851a1d" relativeResultsDirectory="87346eae-cdcd-4c01-b39a-58bf908d56fa" />
    <UnitTestResult executionId="52a4bb7d-3173-49ed-95fb-e6bc73ffcbfd" testId="dd89f257-e562-4014-b694-4578d488267e" testName="TwoContainersDoNotShareAnyExports" computerName="DDBLD061B" duration="00:00:00.9960000" startTime="2015-04-27T07:08:21.4672030-07:00" endTime="2015-04-27T07:08:21.4672030-07:00" testType="13cdc9d9-ddb5-4fa4-a97d-d965ccfc6d4b" outcome="Passed" testListId="8c84fa94-04c1-424b-9868-57a2d4851a1d" relativeResultsDirectory="52a4bb7d-3173-49ed-95fb-e6bc73ffcbfd">
      <Output>
        <StdOut>Cache file size: 1009
Cache file size: 1009</StdOut>
      </Output>
    </UnitTestResult>
    <UnitTestResult executionId="f3889394-ca20-427c-b985-29a7c40c4660" testId="6a89e6ff-e596-45bb-9210-42793aeec4ee" testName="V3 composition (V2)" computerName="DDBLD061B" duration="00:00:00.1590000" startTime="2015-04-27T07:08:21.4672030-07:00" endTime="2015-04-27T07:08:21.4672030-07:00" testType="13cdc9d9-ddb5-4fa4-a97d-d965ccfc6d4b" outcome="Passed" testListId="8c84fa94-04c1-424b-9868-57a2d4851a1d" relativeResultsDirectory="f3889394-ca20-427c-b985-29a7c40c4660" />
    <UnitTestResult executionId="26da2356-87c2-4fd6-b390-cdbdaae65e7a" testId="d54e87ff-9814-4bb0-9e3a-8abf6bf63c26" testName="V3 engine (runtime)" computerName="DDBLD061B" duration="00:00:00.0010000" startTime="2015-04-27T07:08:21.7484586-07:00" endTime="2015-04-27T07:08:21.7484586-07:00" testType="13cdc9d9-ddb5-4fa4-a97d-d965ccfc6d4b" outcome="Passed" testListId="8c84fa94-04c1-424b-9868-57a2d4851a1d" relativeResultsDirectory="26da2356-87c2-4fd6-b390-cdbdaae65e7a" />
    <UnitTestResult executionId="42e75adb-b9d2-4ed0-ba66-fdf41cd8807c" testId="5ca72111-7164-4454-b50f-cb49fa577145" testName="V3 composition (V2)" computerName="DDBLD061B" duration="00:00:00.1620000" startTime="2015-04-27T07:08:21.7484586-07:00" endTime="2015-04-27T07:08:21.7484586-07:00" testType="13cdc9d9-ddb5-4fa4-a97d-d965ccfc6d4b" outcome="Passed" testListId="8c84fa94-04c1-424b-9868-57a2d4851a1d" relativeResultsDirectory="42e75adb-b9d2-4ed0-ba66-fdf41cd8807c" />
    <UnitTestResult executionId="df33cece-c797-416e-9467-7423513b8056" testId="962fb76b-b9d4-432a-b585-0f34dfc56002" testName="V1" computerName="DDBLD061B" duration="00:00:00.0020000" startTime="2015-04-27T07:08:21.7484586-07:00" endTime="2015-04-27T07:08:21.7484586-07:00" testType="13cdc9d9-ddb5-4fa4-a97d-d965ccfc6d4b" outcome="Passed" testListId="8c84fa94-04c1-424b-9868-57a2d4851a1d" relativeResultsDirectory="df33cece-c797-416e-9467-7423513b8056" />
    <UnitTestResult executionId="c3eb7093-a390-4005-84be-03bc19f5d3df" testId="a1239626-69da-4f6b-a29f-388a859303c5" testName="V2" computerName="DDBLD061B" duration="00:00:00.0010000" startTime="2015-04-27T07:08:21.7484586-07:00" endTime="2015-04-27T07:08:21.7484586-07:00" testType="13cdc9d9-ddb5-4fa4-a97d-d965ccfc6d4b" outcome="Passed" testListId="8c84fa94-04c1-424b-9868-57a2d4851a1d" relativeResultsDirectory="c3eb7093-a390-4005-84be-03bc19f5d3df" />
    <UnitTestResult executionId="41ea14b6-cfc6-4d01-b6c9-c0fbfe3dfa73" testId="628c94ff-0c89-485b-85ff-c659790e4e36" testName="V3 engine (runtime)" computerName="DDBLD061B" duration="00:00:00.0020000" startTime="2015-04-27T07:08:21.7484586-07:00" endTime="2015-04-27T07:08:21.7484586-07:00" testType="13cdc9d9-ddb5-4fa4-a97d-d965ccfc6d4b" outcome="Passed" testListId="8c84fa94-04c1-424b-9868-57a2d4851a1d" relativeResultsDirectory="41ea14b6-cfc6-4d01-b6c9-c0fbfe3dfa73" />
    <UnitTestResult executionId="744096c7-a4de-4057-b402-c032a1937d0c" testId="1716a663-ca32-48d8-b348-4d5f2ab1ff6c" testName="V3 engine (runtime)" computerName="DDBLD061B" duration="00:00:00.0010000" startTime="2015-04-27T07:08:21.7484586-07:00" endTime="2015-04-27T07:08:21.7484586-07:00" testType="13cdc9d9-ddb5-4fa4-a97d-d965ccfc6d4b" outcome="Passed" testListId="8c84fa94-04c1-424b-9868-57a2d4851a1d" relativeResultsDirectory="744096c7-a4de-4057-b402-c032a1937d0c" />
    <UnitTestResult executionId="c3ce2364-ed97-4e1a-9204-e01308b217d4" testId="e9ecc70e-49d6-4522-a78a-3b0f77b592c9" testName="V3 engine (runtime)" computerName="DDBLD061B" duration="00:00:00.0020000" startTime="2015-04-27T07:08:21.7484586-07:00" endTime="2015-04-27T07:08:21.7484586-07:00" testType="13cdc9d9-ddb5-4fa4-a97d-d965ccfc6d4b" outcome="Passed" testListId="8c84fa94-04c1-424b-9868-57a2d4851a1d" relativeResultsDirectory="c3ce2364-ed97-4e1a-9204-e01308b217d4" />
    <UnitTestResult executionId="31d7f697-b450-458e-914a-b203646f5dbb" testId="63708a99-28bf-493d-8aa2-c84b4d95e99e" testName="V3 engine (runtime)" computerName="DDBLD061B" duration="00:00:00.0020000" startTime="2015-04-27T07:08:21.9828381-07:00" endTime="2015-04-27T07:08:21.9828381-07:00" testType="13cdc9d9-ddb5-4fa4-a97d-d965ccfc6d4b" outcome="Passed" testListId="8c84fa94-04c1-424b-9868-57a2d4851a1d" relativeResultsDirectory="31d7f697-b450-458e-914a-b203646f5dbb" />
    <UnitTestResult executionId="99a214a4-f53a-41e6-966b-8026da710d0f" testId="296f0c39-67e5-4130-aeeb-e9dc48e4aec6" testName="V3 engine (runtime)" computerName="DDBLD061B" duration="00:00:00.0010000" startTime="2015-04-27T07:08:21.9828381-07:00" endTime="2015-04-27T07:08:21.9828381-07:00" testType="13cdc9d9-ddb5-4fa4-a97d-d965ccfc6d4b" outcome="Passed" testListId="8c84fa94-04c1-424b-9868-57a2d4851a1d" relativeResultsDirectory="99a214a4-f53a-41e6-966b-8026da710d0f" />
    <UnitTestResult executionId="13542b70-a525-4d75-b13c-84bce8d5dd10" testId="bb8fce63-9531-4172-a4a4-1432cf01ab52" testName="V1" computerName="DDBLD061B" duration="00:00:00.0010000" startTime="2015-04-27T07:08:21.9828381-07:00" endTime="2015-04-27T07:08:21.9828381-07:00" testType="13cdc9d9-ddb5-4fa4-a97d-d965ccfc6d4b" outcome="Passed" testListId="8c84fa94-04c1-424b-9868-57a2d4851a1d" relativeResultsDirectory="13542b70-a525-4d75-b13c-84bce8d5dd10" />
    <UnitTestResult executionId="e5a7096e-92e6-4dbb-bee3-510c44b19784" testId="4078f3b8-0731-4e57-8e23-2e0f3d8eb466" testName="V3 engine (runtime)" computerName="DDBLD061B" duration="00:00:00.0010000" startTime="2015-04-27T07:08:21.9828381-07:00" endTime="2015-04-27T07:08:21.9828381-07:00" testType="13cdc9d9-ddb5-4fa4-a97d-d965ccfc6d4b" outcome="Passed" testListId="8c84fa94-04c1-424b-9868-57a2d4851a1d" relativeResultsDirectory="e5a7096e-92e6-4dbb-bee3-510c44b19784" />
    <UnitTestResult executionId="b4eeb550-c32b-41e5-a74c-d226c0e21fd5" testId="990ef077-3fe2-45a0-8721-a59dbd083cb0" testName="V1" computerName="DDBLD061B" duration="00:00:00.0010000" startTime="2015-04-27T07:08:21.9828381-07:00" endTime="2015-04-27T07:08:21.9828381-07:00" testType="13cdc9d9-ddb5-4fa4-a97d-d965ccfc6d4b" outcome="Passed" testListId="8c84fa94-04c1-424b-9868-57a2d4851a1d" relativeResultsDirectory="b4eeb550-c32b-41e5-a74c-d226c0e21fd5" />
    <UnitTestResult executionId="3d4b2f9f-e112-4ff6-a394-015ce229dcde" testId="34dcb670-930a-4416-866d-4476fcfe7968" testName="V1" computerName="DDBLD061B" duration="00:00:00.0010000" startTime="2015-04-27T07:08:21.9828381-07:00" endTime="2015-04-27T07:08:21.9828381-07:00" testType="13cdc9d9-ddb5-4fa4-a97d-d965ccfc6d4b" outcome="Passed" testListId="8c84fa94-04c1-424b-9868-57a2d4851a1d" relativeResultsDirectory="3d4b2f9f-e112-4ff6-a394-015ce229dcde" />
    <UnitTestResult executionId="849a8e3c-4bb7-414e-a7c5-65152525fdec" testId="4fdbf435-4e75-4abf-83f9-d32f6e7735d9" testName="V3 engine (runtime)" computerName="DDBLD061B" duration="00:00:00.0010000" startTime="2015-04-27T07:08:21.9828381-07:00" endTime="2015-04-27T07:08:21.9828381-07:00" testType="13cdc9d9-ddb5-4fa4-a97d-d965ccfc6d4b" outcome="Passed" testListId="8c84fa94-04c1-424b-9868-57a2d4851a1d" relativeResultsDirectory="849a8e3c-4bb7-414e-a7c5-65152525fdec" />
    <UnitTestResult executionId="28190080-b370-419c-83e5-a886d5984a7f" testId="ab700b1d-fae9-4f62-bc26-2a9d1d87d9fa" testName="V2" computerName="DDBLD061B" duration="00:00:00.0020000" startTime="2015-04-27T07:08:21.9828381-07:00" endTime="2015-04-27T07:08:21.9828381-07:00" testType="13cdc9d9-ddb5-4fa4-a97d-d965ccfc6d4b" outcome="Passed" testListId="8c84fa94-04c1-424b-9868-57a2d4851a1d" relativeResultsDirectory="28190080-b370-419c-83e5-a886d5984a7f" />
    <UnitTestResult executionId="72d994bb-84ca-4b5c-a050-ad5ed4f5e255" testId="30e5d350-9e65-49f2-b893-5ea4939ad4bb" testName="V1" computerName="DDBLD061B" duration="00:00:00.0050000" startTime="2015-04-27T07:08:21.9828381-07:00" endTime="2015-04-27T07:08:21.9828381-07:00" testType="13cdc9d9-ddb5-4fa4-a97d-d965ccfc6d4b" outcome="Passed" testListId="8c84fa94-04c1-424b-9868-57a2d4851a1d" relativeResultsDirectory="72d994bb-84ca-4b5c-a050-ad5ed4f5e255" />
    <UnitTestResult executionId="3a0284e2-2e26-44c5-be07-920bb4fa9037" testId="c1ee0d9e-c857-4597-acf0-48d494c906e7" testName="V1" computerName="DDBLD061B" duration="00:00:00.0020000" startTime="2015-04-27T07:08:22.2172785-07:00" endTime="2015-04-27T07:08:22.2172785-07:00" testType="13cdc9d9-ddb5-4fa4-a97d-d965ccfc6d4b" outcome="Passed" testListId="8c84fa94-04c1-424b-9868-57a2d4851a1d" relativeResultsDirectory="3a0284e2-2e26-44c5-be07-920bb4fa9037" />
    <UnitTestResult executionId="88dbf7d0-0dce-4c16-b52b-e5a60ec9d8e0" testId="4a471ed5-3e3c-48f3-a84f-dd00388f7602" testName="CreateFromTypesOmitsNonPartsV2" computerName="DDBLD061B" duration="00:00:00.1780000" startTime="2015-04-27T07:08:22.2172785-07:00" endTime="2015-04-27T07:08:22.2172785-07:00" testType="13cdc9d9-ddb5-4fa4-a97d-d965ccfc6d4b" outcome="Passed" testListId="8c84fa94-04c1-424b-9868-57a2d4851a1d" relativeResultsDirectory="88dbf7d0-0dce-4c16-b52b-e5a60ec9d8e0" />
    <UnitTestResult executionId="5e16c574-0070-4e4b-8e87-de64d33288a7" testId="7bd8628f-9c08-449f-900c-150b0305ca05" testName="V3 engine (runtime)" computerName="DDBLD061B" duration="00:00:00.0010000" startTime="2015-04-27T07:08:22.2172785-07:00" endTime="2015-04-27T07:08:22.2172785-07:00" testType="13cdc9d9-ddb5-4fa4-a97d-d965ccfc6d4b" outcome="Passed" testListId="8c84fa94-04c1-424b-9868-57a2d4851a1d" relativeResultsDirectory="5e16c574-0070-4e4b-8e87-de64d33288a7" />
    <UnitTestResult executionId="20f518ea-4f75-4d6f-8095-b15924253d90" testId="aeeead4e-c49d-4331-8393-6806ec6d73de" testName="GetAssemblyInputs_Empty" computerName="DDBLD061B" duration="00:00:00.0010000" startTime="2015-04-27T07:08:22.2172785-07:00" endTime="2015-04-27T07:08:22.2172785-07:00" testType="13cdc9d9-ddb5-4fa4-a97d-d965ccfc6d4b" outcome="Passed" testListId="8c84fa94-04c1-424b-9868-57a2d4851a1d" relativeResultsDirectory="20f518ea-4f75-4d6f-8095-b15924253d90" />
    <UnitTestResult executionId="8dacfcfb-8aad-4c47-9c86-58bcf01f24b7" testId="be570153-ccc1-4178-a9af-32eff8f798e1" testName="V1" computerName="DDBLD061B" duration="00:00:00.0030000" startTime="2015-04-27T07:08:22.2172785-07:00" endTime="2015-04-27T07:08:22.2172785-07:00" testType="13cdc9d9-ddb5-4fa4-a97d-d965ccfc6d4b" outcome="Passed" testListId="8c84fa94-04c1-424b-9868-57a2d4851a1d" relativeResultsDirectory="8dacfcfb-8aad-4c47-9c86-58bcf01f24b7" />
    <UnitTestResult executionId="2ca9f803-016e-4b82-9a6d-27497b1ff1b8" testId="f728207e-9ec2-4eb6-9ebc-5312be2830e0" testName="V3 engine (runtime)" computerName="DDBLD061B" duration="00:00:00.0010000" startTime="2015-04-27T07:08:22.2172785-07:00" endTime="2015-04-27T07:08:22.2172785-07:00" testType="13cdc9d9-ddb5-4fa4-a97d-d965ccfc6d4b" outcome="Passed" testListId="8c84fa94-04c1-424b-9868-57a2d4851a1d" relativeResultsDirectory="2ca9f803-016e-4b82-9a6d-27497b1ff1b8" />
    <UnitTestResult executionId="cf676e76-59b3-4c58-a6dd-2f89bbd6bc21" testId="1ca7f371-3a7a-4ea7-be5a-54c8fba981e2" testName="V3 engine (runtime)" computerName="DDBLD061B" duration="00:00:00.0020000" startTime="2015-04-27T07:08:22.4984658-07:00" endTime="2015-04-27T07:08:22.4984658-07:00" testType="13cdc9d9-ddb5-4fa4-a97d-d965ccfc6d4b" outcome="Passed" testListId="8c84fa94-04c1-424b-9868-57a2d4851a1d" relativeResultsDirectory="cf676e76-59b3-4c58-a6dd-2f89bbd6bc21" />
    <UnitTestResult executionId="db7b5ad3-eb28-479d-98c2-829d07a9194b" testId="c10f2c1e-f4e5-48b5-8fe9-6194c69aa5eb" testName="V1" computerName="DDBLD061B" duration="00:00:00.0020000" startTime="2015-04-27T07:08:22.4984658-07:00" endTime="2015-04-27T07:08:22.4984658-07:00" testType="13cdc9d9-ddb5-4fa4-a97d-d965ccfc6d4b" outcome="Passed" testListId="8c84fa94-04c1-424b-9868-57a2d4851a1d" relativeResultsDirectory="db7b5ad3-eb28-479d-98c2-829d07a9194b" />
    <UnitTestResult executionId="8193e371-2837-4033-ac2f-671d03ccecd7" testId="f5a712b4-954f-4399-9513-1cfd9565acc3" testName="V1" computerName="DDBLD061B" duration="00:00:00.0010000" startTime="2015-04-27T07:08:22.4984658-07:00" endTime="2015-04-27T07:08:22.4984658-07:00" testType="13cdc9d9-ddb5-4fa4-a97d-d965ccfc6d4b" outcome="Passed" testListId="8c84fa94-04c1-424b-9868-57a2d4851a1d" relativeResultsDirectory="8193e371-2837-4033-ac2f-671d03ccecd7" />
    <UnitTestResult executionId="c7982333-6fbd-4c32-8a40-950812704e7e" testId="81b1e620-7a10-45b5-a4b0-a7fb023412b1" testName="V3 engine (runtime)" computerName="DDBLD061B" duration="00:00:00.0010000" startTime="2015-04-27T07:08:22.4984658-07:00" endTime="2015-04-27T07:08:22.4984658-07:00" testType="13cdc9d9-ddb5-4fa4-a97d-d965ccfc6d4b" outcome="Passed" testListId="8c84fa94-04c1-424b-9868-57a2d4851a1d" relativeResultsDirectory="c7982333-6fbd-4c32-8a40-950812704e7e" />
    <UnitTestResult executionId="d0dfe2ec-2477-496f-948d-9f4d3d5660cc" testId="130f4895-ea27-4ea8-a857-3b132cfc5357" testName="V2" computerName="DDBLD061B" duration="00:00:00.0080000" startTime="2015-04-27T07:08:22.4984658-07:00" endTime="2015-04-27T07:08:22.4984658-07:00" testType="13cdc9d9-ddb5-4fa4-a97d-d965ccfc6d4b" outcome="Passed" testListId="8c84fa94-04c1-424b-9868-57a2d4851a1d" relativeResultsDirectory="d0dfe2ec-2477-496f-948d-9f4d3d5660cc" />
    <UnitTestResult executionId="670d18af-5a5e-42c8-b66a-bcbfcc772ece" testId="12b50c1e-e0c6-40b5-98b4-1f3fd27b999e" testName="V1" computerName="DDBLD061B" duration="00:00:00.0010000" startTime="2015-04-27T07:08:22.4984658-07:00" endTime="2015-04-27T07:08:22.4984658-07:00" testType="13cdc9d9-ddb5-4fa4-a97d-d965ccfc6d4b" outcome="Passed" testListId="8c84fa94-04c1-424b-9868-57a2d4851a1d" relativeResultsDirectory="670d18af-5a5e-42c8-b66a-bcbfcc772ece" />
    <UnitTestResult executionId="fee3c40e-38ff-4668-ac11-7045d4f6773f" testId="3e81dfd2-ad89-4bcb-b274-de557369b7f6" testName="V2" computerName="DDBLD061B" duration="00:00:00.0020000" startTime="2015-04-27T07:08:22.4984658-07:00" endTime="2015-04-27T07:08:22.4984658-07:00" testType="13cdc9d9-ddb5-4fa4-a97d-d965ccfc6d4b" outcome="Passed" testListId="8c84fa94-04c1-424b-9868-57a2d4851a1d" relativeResultsDirectory="fee3c40e-38ff-4668-ac11-7045d4f6773f" />
    <UnitTestResult executionId="c32b01bc-5652-4b3c-aee0-f436bd7a5142" testId="6e771606-d806-494b-8bb7-bb542f0431d1" testName="V3 engine (runtime)" computerName="DDBLD061B" duration="00:00:00.0010000" startTime="2015-04-27T07:08:22.4984658-07:00" endTime="2015-04-27T07:08:22.4984658-07:00" testType="13cdc9d9-ddb5-4fa4-a97d-d965ccfc6d4b" outcome="Passed" testListId="8c84fa94-04c1-424b-9868-57a2d4851a1d" relativeResultsDirectory="c32b01bc-5652-4b3c-aee0-f436bd7a5142" />
    <UnitTestResult executionId="338e3693-b871-4f66-9d47-2b66bf164a5a" testId="d9edfeeb-b76c-4d96-8eea-c204a79c4d55" testName="V3 engine (runtime)" computerName="DDBLD061B" duration="00:00:00.0010000" startTime="2015-04-27T07:08:22.4984658-07:00" endTime="2015-04-27T07:08:22.4984658-07:00" testType="13cdc9d9-ddb5-4fa4-a97d-d965ccfc6d4b" outcome="Passed" testListId="8c84fa94-04c1-424b-9868-57a2d4851a1d" relativeResultsDirectory="338e3693-b871-4f66-9d47-2b66bf164a5a" />
    <UnitTestResult executionId="08d54668-acf2-4b24-b3b0-1ed35b2c890f" testId="2050886f-9375-409a-8330-245a3014a12b" testName="V3 engine (runtime)" computerName="DDBLD061B" duration="00:00:00.0010000" startTime="2015-04-27T07:08:22.7953463-07:00" endTime="2015-04-27T07:08:22.7953463-07:00" testType="13cdc9d9-ddb5-4fa4-a97d-d965ccfc6d4b" outcome="Passed" testListId="8c84fa94-04c1-424b-9868-57a2d4851a1d" relativeResultsDirectory="08d54668-acf2-4b24-b3b0-1ed35b2c890f" />
    <UnitTestResult executionId="2806a3b1-8dfc-44a9-a5ad-d5e993ecdd19" testId="6df08d8d-921f-4ec2-a975-ab1512b2be74" testName="V3 engine (runtime)" computerName="DDBLD061B" duration="00:00:00.0010000" startTime="2015-04-27T07:08:22.7953463-07:00" endTime="2015-04-27T07:08:22.7953463-07:00" testType="13cdc9d9-ddb5-4fa4-a97d-d965ccfc6d4b" outcome="Passed" testListId="8c84fa94-04c1-424b-9868-57a2d4851a1d" relativeResultsDirectory="2806a3b1-8dfc-44a9-a5ad-d5e993ecdd19" />
    <UnitTestResult executionId="1190f72c-84b1-481c-baec-e016cea79ab2" testId="cade4287-6bf8-46b7-9d86-409a05180878" testName="V3 engine (runtime)" computerName="DDBLD061B" duration="00:00:00.0440000" startTime="2015-04-27T07:08:22.7953463-07:00" endTime="2015-04-27T07:08:22.7953463-07:00" testType="13cdc9d9-ddb5-4fa4-a97d-d965ccfc6d4b" outcome="Passed" testListId="8c84fa94-04c1-424b-9868-57a2d4851a1d" relativeResultsDirectory="1190f72c-84b1-481c-baec-e016cea79ab2" />
    <UnitTestResult executionId="dfaedfd6-e24c-4bb9-906b-a81a807bd777" testId="56d1a08e-c2e1-40ec-b5be-ae6b7f799e88" testName="V3 engine (runtime)" computerName="DDBLD061B" duration="00:00:00.0010000" startTime="2015-04-27T07:08:22.7953463-07:00" endTime="2015-04-27T07:08:22.7953463-07:00" testType="13cdc9d9-ddb5-4fa4-a97d-d965ccfc6d4b" outcome="Passed" testListId="8c84fa94-04c1-424b-9868-57a2d4851a1d" relativeResultsDirectory="dfaedfd6-e24c-4bb9-906b-a81a807bd777" />
    <UnitTestResult executionId="5c1ed59f-b539-4f40-9912-cd02a6ced1bb" testId="1a9df4dd-b974-4ec7-8b86-3831d0cd1bde" testName="V2" computerName="DDBLD061B" duration="00:00:00.0030000" startTime="2015-04-27T07:08:22.7953463-07:00" endTime="2015-04-27T07:08:22.7953463-07:00" testType="13cdc9d9-ddb5-4fa4-a97d-d965ccfc6d4b" outcome="Passed" testListId="8c84fa94-04c1-424b-9868-57a2d4851a1d" relativeResultsDirectory="5c1ed59f-b539-4f40-9912-cd02a6ced1bb" />
    <UnitTestResult executionId="25baba3a-6c6f-4f00-9992-84bd169a4e5b" testId="d52d0e80-553a-4c97-8560-88167a4abba5" testName="V3 engine (runtime)" computerName="DDBLD061B" duration="00:00:00.0010000" startTime="2015-04-27T07:08:22.7953463-07:00" endTime="2015-04-27T07:08:22.7953463-07:00" testType="13cdc9d9-ddb5-4fa4-a97d-d965ccfc6d4b" outcome="Passed" testListId="8c84fa94-04c1-424b-9868-57a2d4851a1d" relativeResultsDirectory="25baba3a-6c6f-4f00-9992-84bd169a4e5b" />
    <UnitTestResult executionId="095ea07f-de56-411b-af21-dc55d93dae67" testId="ecf03ce4-ddd2-47a9-b495-0773151721ee" testName="V3 engine (runtime)" computerName="DDBLD061B" duration="00:00:00.0010000" startTime="2015-04-27T07:08:22.7953463-07:00" endTime="2015-04-27T07:08:22.7953463-07:00" testType="13cdc9d9-ddb5-4fa4-a97d-d965ccfc6d4b" outcome="Passed" testListId="8c84fa94-04c1-424b-9868-57a2d4851a1d" relativeResultsDirectory="095ea07f-de56-411b-af21-dc55d93dae67" />
    <UnitTestResult executionId="cc19c099-81d7-4486-86ec-65174c28403a" testId="a89b37a2-357d-49cb-ad48-28a70b002cd1" testName="V1" computerName="DDBLD061B" duration="00:00:00.0540000" startTime="2015-04-27T07:08:23.0453490-07:00" endTime="2015-04-27T07:08:23.0453490-07:00" testType="13cdc9d9-ddb5-4fa4-a97d-d965ccfc6d4b" outcome="Passed" testListId="8c84fa94-04c1-424b-9868-57a2d4851a1d" relativeResultsDirectory="cc19c099-81d7-4486-86ec-65174c28403a" />
    <UnitTestResult executionId="f9c53c56-2fdd-426b-99a3-372b3646e2f9" testId="0fc00bcf-655f-44de-8e4b-e7067c6e538c" testName="V1" computerName="DDBLD061B" duration="00:00:00.0010000" startTime="2015-04-27T07:08:23.0453490-07:00" endTime="2015-04-27T07:08:23.0453490-07:00" testType="13cdc9d9-ddb5-4fa4-a97d-d965ccfc6d4b" outcome="Passed" testListId="8c84fa94-04c1-424b-9868-57a2d4851a1d" relativeResultsDirectory="f9c53c56-2fdd-426b-99a3-372b3646e2f9" />
    <UnitTestResult executionId="e255bc4d-f8d5-4936-af61-55029cdd0343" testId="3f7da54c-9356-4524-b9d6-21f43a68ff41" testName="V3 engine (runtime)" computerName="DDBLD061B" duration="00:00:00.0010000" startTime="2015-04-27T07:08:23.0453490-07:00" endTime="2015-04-27T07:08:23.0453490-07:00" testType="13cdc9d9-ddb5-4fa4-a97d-d965ccfc6d4b" outcome="Passed" testListId="8c84fa94-04c1-424b-9868-57a2d4851a1d" relativeResultsDirectory="e255bc4d-f8d5-4936-af61-55029cdd0343" />
    <UnitTestResult executionId="9b7998ed-89b8-4e7e-94d1-929bdb3609d4" testId="481ea5da-8d87-4206-8ade-c07b660f530c" testName="V2" computerName="DDBLD061B" duration="00:00:00.0010000" startTime="2015-04-27T07:08:23.0453490-07:00" endTime="2015-04-27T07:08:23.0453490-07:00" testType="13cdc9d9-ddb5-4fa4-a97d-d965ccfc6d4b" outcome="Passed" testListId="8c84fa94-04c1-424b-9868-57a2d4851a1d" relativeResultsDirectory="9b7998ed-89b8-4e7e-94d1-929bdb3609d4" />
    <UnitTestResult executionId="0462e4f5-e968-4f54-9e8f-c166d04d8452" testId="765a0043-a63d-43ec-930c-2145b14fb4d8" testName="V3 engine (runtime)" computerName="DDBLD061B" duration="00:00:00.0010000" startTime="2015-04-27T07:08:23.0453490-07:00" endTime="2015-04-27T07:08:23.0453490-07:00" testType="13cdc9d9-ddb5-4fa4-a97d-d965ccfc6d4b" outcome="Passed" testListId="8c84fa94-04c1-424b-9868-57a2d4851a1d" relativeResultsDirectory="0462e4f5-e968-4f54-9e8f-c166d04d8452" />
    <UnitTestResult executionId="7b6b5c84-f4a2-4484-8af5-8c3202da4334" testId="129f46d8-4125-4643-93f8-dee4559ff7bb" testName="V2" computerName="DDBLD061B" duration="00:00:00.0020000" startTime="2015-04-27T07:08:23.0453490-07:00" endTime="2015-04-27T07:08:23.0453490-07:00" testType="13cdc9d9-ddb5-4fa4-a97d-d965ccfc6d4b" outcome="Passed" testListId="8c84fa94-04c1-424b-9868-57a2d4851a1d" relativeResultsDirectory="7b6b5c84-f4a2-4484-8af5-8c3202da4334" />
    <UnitTestResult executionId="c18f8660-25c7-4e5b-95d2-ab2737467fc7" testId="35534fed-0e17-44f6-b65a-2db185b69df6" testName="V3 engine (runtime)" computerName="DDBLD061B" duration="00:00:00.0010000" startTime="2015-04-27T07:08:23.0453490-07:00" endTime="2015-04-27T07:08:23.0453490-07:00" testType="13cdc9d9-ddb5-4fa4-a97d-d965ccfc6d4b" outcome="Passed" testListId="8c84fa94-04c1-424b-9868-57a2d4851a1d" relativeResultsDirectory="c18f8660-25c7-4e5b-95d2-ab2737467fc7" />
    <UnitTestResult executionId="d2e382b6-8d7b-4348-b636-94d23287f7c5" testId="97b278c6-48a2-4db2-b5fc-4c29668a8912" testName="V3 engine (runtime)" computerName="DDBLD061B" duration="00:00:00.0010000" startTime="2015-04-27T07:08:23.3109783-07:00" endTime="2015-04-27T07:08:23.3109783-07:00" testType="13cdc9d9-ddb5-4fa4-a97d-d965ccfc6d4b" outcome="Passed" testListId="8c84fa94-04c1-424b-9868-57a2d4851a1d" relativeResultsDirectory="d2e382b6-8d7b-4348-b636-94d23287f7c5" />
    <UnitTestResult executionId="9cfb70c0-5c7e-4ec9-a20e-b54cad885670" testId="2040c766-2169-4d2d-a66b-64f6944787b6" testName="V3 engine (runtime)" computerName="DDBLD061B" duration="00:00:00.0020000" startTime="2015-04-27T07:08:23.3109783-07:00" endTime="2015-04-27T07:08:23.3109783-07:00" testType="13cdc9d9-ddb5-4fa4-a97d-d965ccfc6d4b" outcome="Passed" testListId="8c84fa94-04c1-424b-9868-57a2d4851a1d" relativeResultsDirectory="9cfb70c0-5c7e-4ec9-a20e-b54cad885670" />
    <UnitTestResult executionId="753eb289-e614-400d-a240-55bf33b528f1" testId="bb6e7b9e-c207-439e-9dab-b5bef12fd5ea" testName="V1" computerName="DDBLD061B" duration="00:00:00.0020000" startTime="2015-04-27T07:08:23.3109783-07:00" endTime="2015-04-27T07:08:23.3109783-07:00" testType="13cdc9d9-ddb5-4fa4-a97d-d965ccfc6d4b" outcome="Passed" testListId="8c84fa94-04c1-424b-9868-57a2d4851a1d" relativeResultsDirectory="753eb289-e614-400d-a240-55bf33b528f1" />
    <UnitTestResult executionId="aab836e5-6df1-4846-ac4c-72b818c1f06d" testId="bd41d8ac-74d0-4610-998e-93a32e7a489c" testName="V2" computerName="DDBLD061B" duration="00:00:00.0010000" startTime="2015-04-27T07:08:23.3109783-07:00" endTime="2015-04-27T07:08:23.3109783-07:00" testType="13cdc9d9-ddb5-4fa4-a97d-d965ccfc6d4b" outcome="Passed" testListId="8c84fa94-04c1-424b-9868-57a2d4851a1d" relativeResultsDirectory="aab836e5-6df1-4846-ac4c-72b818c1f06d" />
    <UnitTestResult executionId="ff2ca3b7-6458-4eba-bfb1-ffb6b338e96d" testId="82bf9f8b-9753-48cb-b74b-40de135f55c7" testName="V1" computerName="DDBLD061B" duration="00:00:00.0020000" startTime="2015-04-27T07:08:23.3109783-07:00" endTime="2015-04-27T07:08:23.3109783-07:00" testType="13cdc9d9-ddb5-4fa4-a97d-d965ccfc6d4b" outcome="Passed" testListId="8c84fa94-04c1-424b-9868-57a2d4851a1d" relativeResultsDirectory="ff2ca3b7-6458-4eba-bfb1-ffb6b338e96d" />
    <UnitTestResult executionId="c1b0a472-3a17-4a7a-a4c4-34cc1a3ffd58" testId="4eb04091-dc25-4c59-9c00-4fc7215ad00e" testName="V2" computerName="DDBLD061B" duration="00:00:00.0060000" startTime="2015-04-27T07:08:23.3109783-07:00" endTime="2015-04-27T07:08:23.3109783-07:00" testType="13cdc9d9-ddb5-4fa4-a97d-d965ccfc6d4b" outcome="Passed" testListId="8c84fa94-04c1-424b-9868-57a2d4851a1d" relativeResultsDirectory="c1b0a472-3a17-4a7a-a4c4-34cc1a3ffd58" />
    <UnitTestResult executionId="1bb0a0d5-b729-4533-9ba9-a69020e517c2" testId="cfd96765-11ce-4a06-9846-d6331267386e" testName="V3 engine (runtime)" computerName="DDBLD061B" duration="00:00:00.0010000" startTime="2015-04-27T07:08:23.3109783-07:00" endTime="2015-04-27T07:08:23.3109783-07:00" testType="13cdc9d9-ddb5-4fa4-a97d-d965ccfc6d4b" outcome="Passed" testListId="8c84fa94-04c1-424b-9868-57a2d4851a1d" relativeResultsDirectory="1bb0a0d5-b729-4533-9ba9-a69020e517c2" />
    <UnitTestResult executionId="56eb41d0-ff1c-4572-a176-2c5b1f521c4f" testId="c38bf6fc-b910-4e45-84d4-07621753d755" testName="V3 engine (runtime)" computerName="DDBLD061B" duration="00:00:00.0010000" startTime="2015-04-27T07:08:23.5609829-07:00" endTime="2015-04-27T07:08:23.5609829-07:00" testType="13cdc9d9-ddb5-4fa4-a97d-d965ccfc6d4b" outcome="Passed" testListId="8c84fa94-04c1-424b-9868-57a2d4851a1d" relativeResultsDirectory="56eb41d0-ff1c-4572-a176-2c5b1f521c4f" />
    <UnitTestResult executionId="8d31a2ca-efae-4932-a4ce-6ed03773abd8" testId="f15eacf0-535d-4ba0-b776-347139f29d4a" testName="V3 engine (runtime)" computerName="DDBLD061B" duration="00:00:00.0010000" startTime="2015-04-27T07:08:23.5609829-07:00" endTime="2015-04-27T07:08:23.5609829-07:00" testType="13cdc9d9-ddb5-4fa4-a97d-d965ccfc6d4b" outcome="Passed" testListId="8c84fa94-04c1-424b-9868-57a2d4851a1d" relativeResultsDirectory="8d31a2ca-efae-4932-a4ce-6ed03773abd8" />
    <UnitTestResult executionId="492702d3-9306-420a-aebd-2039e7e7c558" testId="13e24231-74b3-4a8e-b1f5-cba2de4bdcc3" testName="V2" computerName="DDBLD061B" duration="00:00:00.0020000" startTime="2015-04-27T07:08:23.5609829-07:00" endTime="2015-04-27T07:08:23.5609829-07:00" testType="13cdc9d9-ddb5-4fa4-a97d-d965ccfc6d4b" outcome="Passed" testListId="8c84fa94-04c1-424b-9868-57a2d4851a1d" relativeResultsDirectory="492702d3-9306-420a-aebd-2039e7e7c558" />
    <UnitTestResult executionId="31781cc4-2e46-42b0-b552-cac23f0a7c1f" testId="abf873b4-1b1f-4bea-a7ae-f60a089ac046" testName="V2" computerName="DDBLD061B" duration="00:00:00.0020000" startTime="2015-04-27T07:08:23.5609829-07:00" endTime="2015-04-27T07:08:23.5609829-07:00" testType="13cdc9d9-ddb5-4fa4-a97d-d965ccfc6d4b" outcome="Passed" testListId="8c84fa94-04c1-424b-9868-57a2d4851a1d" relativeResultsDirectory="31781cc4-2e46-42b0-b552-cac23f0a7c1f" />
    <UnitTestResult executionId="df1aa5ce-ccf0-466e-a253-b716f9056b25" testId="4b98b6de-91c0-494b-8178-b2f80c736f85" testName="V1" computerName="DDBLD061B" duration="00:00:00.0090000" startTime="2015-04-27T07:08:23.5609829-07:00" endTime="2015-04-27T07:08:23.5609829-07:00" testType="13cdc9d9-ddb5-4fa4-a97d-d965ccfc6d4b" outcome="Passed" testListId="8c84fa94-04c1-424b-9868-57a2d4851a1d" relativeResultsDirectory="df1aa5ce-ccf0-466e-a253-b716f9056b25" />
    <UnitTestResult executionId="ac482c02-6951-43e1-bae0-34705b1e2fdb" testId="cba9a19f-5049-4f8a-b621-8c1bf84031a5" testName="V2" computerName="DDBLD061B" duration="00:00:00.0040000" startTime="2015-04-27T07:08:23.5609829-07:00" endTime="2015-04-27T07:08:23.5609829-07:00" testType="13cdc9d9-ddb5-4fa4-a97d-d965ccfc6d4b" outcome="Passed" testListId="8c84fa94-04c1-424b-9868-57a2d4851a1d" relativeResultsDirectory="ac482c02-6951-43e1-bae0-34705b1e2fdb" />
    <UnitTestResult executionId="26bb7ee4-5248-4ab1-81bb-3daa7d37d7fe" testId="b2d03c88-4121-497d-9537-4dd12f587969" testName="V3 engine (runtime)" computerName="DDBLD061B" duration="00:00:00.0020000" startTime="2015-04-27T07:08:23.5609829-07:00" endTime="2015-04-27T07:08:23.5609829-07:00" testType="13cdc9d9-ddb5-4fa4-a97d-d965ccfc6d4b" outcome="Passed" testListId="8c84fa94-04c1-424b-9868-57a2d4851a1d" relativeResultsDirectory="26bb7ee4-5248-4ab1-81bb-3daa7d37d7fe" />
    <UnitTestResult executionId="7aea2a73-3ddc-4351-903a-a9d742432f93" testId="0e364c22-5f2d-4373-8599-07068ce7aa5a" testName="V1" computerName="DDBLD061B" duration="00:00:00.0010000" startTime="2015-04-27T07:08:23.7797989-07:00" endTime="2015-04-27T07:08:23.7797989-07:00" testType="13cdc9d9-ddb5-4fa4-a97d-d965ccfc6d4b" outcome="Passed" testListId="8c84fa94-04c1-424b-9868-57a2d4851a1d" relativeResultsDirectory="7aea2a73-3ddc-4351-903a-a9d742432f93" />
    <UnitTestResult executionId="2601e361-465b-4bc8-ab5e-7a576219d9a1" testId="ab1d6d0a-8bcc-4e04-8ec6-6548b42a7964" testName="V3 engine (runtime)" computerName="DDBLD061B" duration="00:00:00.0020000" startTime="2015-04-27T07:08:23.7797989-07:00" endTime="2015-04-27T07:08:23.7797989-07:00" testType="13cdc9d9-ddb5-4fa4-a97d-d965ccfc6d4b" outcome="Passed" testListId="8c84fa94-04c1-424b-9868-57a2d4851a1d" relativeResultsDirectory="2601e361-465b-4bc8-ab5e-7a576219d9a1" />
    <UnitTestResult executionId="2eb9ad76-f5a1-4856-a2ab-3a70a2aa03b4" testId="526beab6-8c60-4601-aaea-814f57ec4d6a" testName="V2" computerName="DDBLD061B" duration="00:00:00.0020000" startTime="2015-04-27T07:08:23.7797989-07:00" endTime="2015-04-27T07:08:23.7797989-07:00" testType="13cdc9d9-ddb5-4fa4-a97d-d965ccfc6d4b" outcome="Passed" testListId="8c84fa94-04c1-424b-9868-57a2d4851a1d" relativeResultsDirectory="2eb9ad76-f5a1-4856-a2ab-3a70a2aa03b4" />
    <UnitTestResult executionId="a2f52464-30a5-4fd4-a46e-904a514310dc" testId="69fafe8c-da58-486a-862d-b77585956ae1" testName="V3 engine (runtime)" computerName="DDBLD061B" duration="00:00:00.0010000" startTime="2015-04-27T07:08:23.7797989-07:00" endTime="2015-04-27T07:08:23.7797989-07:00" testType="13cdc9d9-ddb5-4fa4-a97d-d965ccfc6d4b" outcome="Passed" testListId="8c84fa94-04c1-424b-9868-57a2d4851a1d" relativeResultsDirectory="a2f52464-30a5-4fd4-a46e-904a514310dc" />
    <UnitTestResult executionId="cc3809ab-ed7d-4055-bb2c-2a2fc2a08a96" testId="e493c852-f73f-4839-8693-7acc7734ab35" testName="V2" computerName="DDBLD061B" duration="00:00:00.0060000" startTime="2015-04-27T07:08:23.7797989-07:00" endTime="2015-04-27T07:08:23.7797989-07:00" testType="13cdc9d9-ddb5-4fa4-a97d-d965ccfc6d4b" outcome="Passed" testListId="8c84fa94-04c1-424b-9868-57a2d4851a1d" relativeResultsDirectory="cc3809ab-ed7d-4055-bb2c-2a2fc2a08a96" />
    <UnitTestResult executionId="e88a63ce-7bf5-479b-9bc2-efe699556b95" testId="674ea9e9-8588-4ed5-9700-f9df94219883" testName="V3 composition (V1, V2)" computerName="DDBLD061B" duration="00:00:00.3750000" startTime="2015-04-27T07:08:23.7797989-07:00" endTime="2015-04-27T07:08:23.7797989-07:00" testType="13cdc9d9-ddb5-4fa4-a97d-d965ccfc6d4b" outcome="Passed" testListId="8c84fa94-04c1-424b-9868-57a2d4851a1d" relativeResultsDirectory="e88a63ce-7bf5-479b-9bc2-efe699556b95" />
    <UnitTestResult executionId="7d2619b5-f18d-43de-9929-9690853a56bb" testId="830ad73e-6bf2-4e5c-b8a3-6631a4f56735" testName="V2" computerName="DDBLD061B" duration="00:00:00.0030000" startTime="2015-04-27T07:08:23.7797989-07:00" endTime="2015-04-27T07:08:23.7797989-07:00" testType="13cdc9d9-ddb5-4fa4-a97d-d965ccfc6d4b" outcome="Passed" testListId="8c84fa94-04c1-424b-9868-57a2d4851a1d" relativeResultsDirectory="7d2619b5-f18d-43de-9929-9690853a56bb" />
    <UnitTestResult executionId="3c36be4e-3b2d-4614-af99-90e9aa25807f" testId="813a19a3-9ce7-4f00-9f52-18283576f5d7" testName="V1" computerName="DDBLD061B" duration="00:00:00.0100000" startTime="2015-04-27T07:08:23.7797989-07:00" endTime="2015-04-27T07:08:23.7797989-07:00" testType="13cdc9d9-ddb5-4fa4-a97d-d965ccfc6d4b" outcome="Passed" testListId="8c84fa94-04c1-424b-9868-57a2d4851a1d" relativeResultsDirectory="3c36be4e-3b2d-4614-af99-90e9aa25807f" />
    <UnitTestResult executionId="b2b54700-24f9-47da-8ac2-90754825785d" testId="18bce0db-ffe1-4627-886d-0670babc5be5" testName="V3 engine (runtime)" computerName="DDBLD061B" duration="00:00:00.0020000" startTime="2015-04-27T07:08:24.1391146-07:00" endTime="2015-04-27T07:08:24.1391146-07:00" testType="13cdc9d9-ddb5-4fa4-a97d-d965ccfc6d4b" outcome="Passed" testListId="8c84fa94-04c1-424b-9868-57a2d4851a1d" relativeResultsDirectory="b2b54700-24f9-47da-8ac2-90754825785d" />
    <UnitTestResult executionId="97067237-edc4-49f8-94a1-89d6b6fd0d59" testId="10d3fd08-1804-4183-85b5-9c98e18424f3" testName="V3 engine (runtime)" computerName="DDBLD061B" duration="00:00:00.0010000" startTime="2015-04-27T07:08:24.1391146-07:00" endTime="2015-04-27T07:08:24.1391146-07:00" testType="13cdc9d9-ddb5-4fa4-a97d-d965ccfc6d4b" outcome="Passed" testListId="8c84fa94-04c1-424b-9868-57a2d4851a1d" relativeResultsDirectory="97067237-edc4-49f8-94a1-89d6b6fd0d59" />
    <UnitTestResult executionId="f513f1bf-2025-4971-a878-b7b4d39a1cd9" testId="9312d638-1eb1-4b54-85e9-1b1a35fcf738" testName="V1" computerName="DDBLD061B" duration="00:00:00.0010000" startTime="2015-04-27T07:08:24.1391146-07:00" endTime="2015-04-27T07:08:24.1391146-07:00" testType="13cdc9d9-ddb5-4fa4-a97d-d965ccfc6d4b" outcome="Passed" testListId="8c84fa94-04c1-424b-9868-57a2d4851a1d" relativeResultsDirectory="f513f1bf-2025-4971-a878-b7b4d39a1cd9" />
    <UnitTestResult executionId="e797f0ca-5738-44fc-a282-a86d7eb0c4eb" testId="593ab8d3-bcd3-4082-9c52-d04d25915c72" testName="V3 composition (V1)" computerName="DDBLD061B" duration="00:00:00.2240000" startTime="2015-04-27T07:08:24.1391146-07:00" endTime="2015-04-27T07:08:24.1391146-07:00" testType="13cdc9d9-ddb5-4fa4-a97d-d965ccfc6d4b" outcome="Passed" testListId="8c84fa94-04c1-424b-9868-57a2d4851a1d" relativeResultsDirectory="e797f0ca-5738-44fc-a282-a86d7eb0c4eb" />
    <UnitTestResult executionId="bb397dda-043c-4b90-8db2-1e536dc4c851" testId="aec005f2-17ac-4f89-9833-20b5fc4adb5e" testName="V3 composition (V1, V2)" computerName="DDBLD061B" duration="00:00:00.3670000" startTime="2015-04-27T07:08:24.1547399-07:00" endTime="2015-04-27T07:08:24.1547399-07:00" testType="13cdc9d9-ddb5-4fa4-a97d-d965ccfc6d4b" outcome="Passed" testListId="8c84fa94-04c1-424b-9868-57a2d4851a1d" relativeResultsDirectory="bb397dda-043c-4b90-8db2-1e536dc4c851">
      <Output>
        <StdOut>Catalog AttributedPartDiscoveryV1 vs. AttributedPartDiscovery
      Part
-         Type: Microsoft.VisualStudio.Composition.Tests.RejectionTests+SomePartWithoutImportingConstructor
-         SharingBoundary: 
-         IsSharingBoundaryInferred: True
-         CreationPolicy: Any
-         OnImportsSatisfied: &lt;null&gt;
-         ExportedTypes:
-             ExportDefinition
-                 ContractName: Microsoft.VisualStudio.Composition.Tests.RejectionTests+SomePartWithoutImportingConstructor
-                 Metadata:
-                     ExportTypeIdentity = Microsoft.VisualStudio.Composition.Tests.RejectionTests+SomePartWithoutImportingConstructor
-         ExportingMembers:
-         ImportingMembers:
-         ImportingConstructor: &lt;null&gt;
-     Part
          Type: Microsoft.VisualStudio.Composition.Tests.RejectionTests+PartThatUnconditionallyImportsBrokenPart
-         SharingBoundary: 
-         IsSharingBoundaryInferred: True
-         CreationPolicy: Any
+         SharingBoundary: &lt;null&gt;
+         IsSharingBoundaryInferred: False
+         CreationPolicy: NonShared
          OnImportsSatisfied: &lt;null&gt;
          ExportedTypes:
              ExportDefinition
                  ContractName: Microsoft.VisualStudio.Composition.Tests.RejectionTests+PartThatUnconditionallyImportsBrokenPart
                  Metadata:
                      ExportTypeIdentity = Microsoft.VisualStudio.Composition.Tests.RejectionTests+PartThatUnconditionallyImportsBrokenPart
+                     System.ComponentModel.Composition.CreationPolicy = NonShared
          ExportingMembers:
          ImportingMembers:
              ImportDefinition:
                  ContractName: Microsoft.VisualStudio.Composition.Tests.RejectionTests+SomePartWithoutImportingConstructor
                  Cardinality: ExactlyOne
                  Metadata:
                  ExportFactorySharingBoundaries: 
                  ExportConstraints: 
                      ExportTypeIdentityConstraint
                          TypeIdentityName: Microsoft.VisualStudio.Composition.Tests.RejectionTests+SomePartWithoutImportingConstructor
              ComposablePartType: Microsoft.VisualStudio.Composition.Tests.RejectionTests+PartThatUnconditionallyImportsBrokenPart
              ImportingMember: SomePartWithoutImportingConstructor ImportOfBrokenPart
              ParameterInfo: 
              ImportingSiteType: Microsoft.VisualStudio.Composition.Tests.RejectionTests+SomePartWithoutImportingConstructor
          ImportingConstructor:</StdOut>
      </Output>
    </UnitTestResult>
    <UnitTestResult executionId="30aaef73-0c01-4342-a768-551a66fd92b9" testId="3355a55c-83e4-401a-a758-07bbec76a925" testName="V3 composition (V1, V2)" computerName="DDBLD061B" duration="00:00:00.3980000" startTime="2015-04-27T07:08:24.1547399-07:00" endTime="2015-04-27T07:08:24.1547399-07:00" testType="13cdc9d9-ddb5-4fa4-a97d-d965ccfc6d4b" outcome="Passed" testListId="8c84fa94-04c1-424b-9868-57a2d4851a1d" relativeResultsDirectory="30aaef73-0c01-4342-a768-551a66fd92b9">
      <Output>
        <StdOut>Catalog AttributedPartDiscoveryV1 vs. AttributedPartDiscovery
      Part
          Type: Microsoft.VisualStudio.Composition.Tests.ImportingConstructorTests+PartWithAllowDefaultStructImportingConstructor
-         SharingBoundary: 
-         IsSharingBoundaryInferred: True
-         CreationPolicy: Any
+         SharingBoundary: &lt;null&gt;
+         IsSharingBoundaryInferred: False
+         CreationPolicy: NonShared
          OnImportsSatisfied: &lt;null&gt;
          ExportedTypes:
              ExportDefinition
                  ContractName: Microsoft.VisualStudio.Composition.Tests.ImportingConstructorTests+PartWithAllowDefaultStructImportingConstructor
                  Metadata:
                      ExportTypeIdentity = Microsoft.VisualStudio.Composition.Tests.ImportingConstructorTests+PartWithAllowDefaultStructImportingConstructor
+                     System.ComponentModel.Composition.CreationPolicy = NonShared
          ExportingMembers:
          ImportingMembers:
          ImportingConstructor:
              ImportDefinition:
                  ContractName: System.Int32
                  Cardinality: OneOrZero
                  Metadata:
                  ExportFactorySharingBoundaries: 
                  ExportConstraints: 
                      ExportTypeIdentityConstraint
                          TypeIdentityName: System.Int32
              ComposablePartType: Microsoft.VisualStudio.Composition.Tests.ImportingConstructorTests+PartWithAllowDefaultStructImportingConstructor
              ImportingMember: 
              ParameterInfo: Int32 export
              ImportingSiteType: System.Int32</StdOut>
      </Output>
    </UnitTestResult>
    <UnitTestResult executionId="2b6a25af-088e-4faf-931d-55b313729aee" testId="65d66ef5-4c1b-4ca4-a069-dae05e331c08" testName="V3 composition (V1)" computerName="DDBLD061B" duration="00:00:00.1750000" startTime="2015-04-27T07:08:24.1547399-07:00" endTime="2015-04-27T07:08:24.1547399-07:00" testType="13cdc9d9-ddb5-4fa4-a97d-d965ccfc6d4b" outcome="Passed" testListId="8c84fa94-04c1-424b-9868-57a2d4851a1d" relativeResultsDirectory="2b6a25af-088e-4faf-931d-55b313729aee" />
    <UnitTestResult executionId="b341e52a-fa2c-4ec8-bf7c-4f82e5827f7b" testId="5780d328-133b-4d55-a238-1572b094d31c" testName="V3 composition (V1, V2)" computerName="DDBLD061B" duration="00:00:00.3180000" startTime="2015-04-27T07:08:24.1547399-07:00" endTime="2015-04-27T07:08:24.1547399-07:00" testType="13cdc9d9-ddb5-4fa4-a97d-d965ccfc6d4b" outcome="Passed" testListId="8c84fa94-04c1-424b-9868-57a2d4851a1d" relativeResultsDirectory="b341e52a-fa2c-4ec8-bf7c-4f82e5827f7b">
      <Output>
        <StdOut>Catalog AttributedPartDiscoveryV1 vs. AttributedPartDiscovery
      Part
          Type: Microsoft.VisualStudio.Composition.Tests.CustomMetadataAttributeTests+ExportedTypeWithAllowMultipleDerivedMetadata
-         SharingBoundary: 
-         IsSharingBoundaryInferred: True
-         CreationPolicy: Any
+         SharingBoundary: &lt;null&gt;
+         IsSharingBoundaryInferred: False
+         CreationPolicy: NonShared
          OnImportsSatisfied: &lt;null&gt;
          ExportedTypes:
              ExportDefinition
                  ContractName: Microsoft.VisualStudio.Composition.Tests.CustomMetadataAttributeTests+ExportedTypeWithAllowMultipleDerivedMetadata
                  Metadata:
                      ExportTypeIdentity = Microsoft.VisualStudio.Composition.Tests.CustomMetadataAttributeTests+ExportedTypeWithAllowMultipleDerivedMetadata
+                     System.ComponentModel.Composition.CreationPolicy = NonShared
                      Name = System.String[]
                      OtherProperty = System.String[]
          ExportingMembers:
          ImportingMembers:
          ImportingConstructor:
      Part
          Type: Microsoft.VisualStudio.Composition.Tests.CustomMetadataAttributeTests+PartThatImportsExportWithDerivedMetadata
-         SharingBoundary: 
-         IsSharingBoundaryInferred: True
-         CreationPolicy: Any
+         SharingBoundary: &lt;null&gt;
+         IsSharingBoundaryInferred: False
+         CreationPolicy: NonShared
          OnImportsSatisfied: &lt;null&gt;
          ExportedTypes:
              ExportDefinition
                  ContractName: Microsoft.VisualStudio.Composition.Tests.CustomMetadataAttributeTests+PartThatImportsExportWithDerivedMetadata
                  Metadata:
                      ExportTypeIdentity = Microsoft.VisualStudio.Composition.Tests.CustomMetadataAttributeTests+PartThatImportsExportWithDerivedMetadata
+                     System.ComponentModel.Composition.CreationPolicy = NonShared
          ExportingMembers:
          ImportingMembers:
              ImportDefinition:
                  ContractName: Microsoft.VisualStudio.Composition.Tests.CustomMetadataAttributeTests+ExportedTypeWithAllowMultipleDerivedMetadata
                  Cardinality: OneOrZero
                  Metadata:
                  ExportFactorySharingBoundaries: 
                  ExportConstraints: 
                      ExportTypeIdentityConstraint
                          TypeIdentityName: Microsoft.VisualStudio.Composition.Tests.CustomMetadataAttributeTests+ExportedTypeWithAllowMultipleDerivedMetadata
                      ImportMetadataViewConstraint
              ComposablePartType: Microsoft.VisualStudio.Composition.Tests.CustomMetadataAttributeTests+PartThatImportsExportWithDerivedMetadata
              ImportingMember: System.Lazy`2[Microsoft.VisualStudio.Composition.Tests.CustomMetadataAttributeTests+ExportedTypeWithAllowMultipleDerivedMetadata,System.Collections.Generic.IDictionary`2[System.String,System.Object]] ImportingAllowMultiple
              ParameterInfo: 
              ImportingSiteType: System.Lazy`2[Microsoft.VisualStudio.Composition.Tests.CustomMetadataAttributeTests+ExportedTypeWithAllowMultipleDerivedMetadata,System.Collections.Generic.IDictionary`2[System.String,System.Object]]
              ImportDefinition:
                  ContractName: Microsoft.VisualStudio.Composition.Tests.CustomMetadataAttributeTests+ExportedTypeWithDerivedMetadata
                  Cardinality: OneOrZero
                  Metadata:
                  ExportFactorySharingBoundaries: 
                  ExportConstraints: 
                      ExportTypeIdentityConstraint
                          TypeIdentityName: Microsoft.VisualStudio.Composition.Tests.CustomMetadataAttributeTests+ExportedTypeWithDerivedMetadata
                      ImportMetadataViewConstraint
              ComposablePartType: Microsoft.VisualStudio.Composition.Tests.CustomMetadataAttributeTests+PartThatImportsExportWithDerivedMetadata
              ImportingMember: System.Lazy`2[Microsoft.VisualStudio.Composition.Tests.CustomMetadataAttributeTests+ExportedTypeWithDerivedMetadata,System.Collections.Generic.IDictionary`2[System.String,System.Object]] ImportingProperty
              ParameterInfo: 
              ImportingSiteType: System.Lazy`2[Microsoft.VisualStudio.Composition.Tests.CustomMetadataAttributeTests+ExportedTypeWithDerivedMetadata,System.Collections.Generic.IDictionary`2[System.String,System.Object]]
          ImportingConstructor:</StdOut>
      </Output>
    </UnitTestResult>
    <UnitTestResult executionId="81419e70-14ee-4ec2-924f-fa3343d06895" testId="30dffc66-abb9-49d3-9bec-50f0909de734" testName="AssemblyDiscoveryFindsTopLevelParts" computerName="DDBLD061B" duration="00:00:00.2150000" startTime="2015-04-27T07:08:24.1547399-07:00" endTime="2015-04-27T07:08:24.1547399-07:00" testType="13cdc9d9-ddb5-4fa4-a97d-d965ccfc6d4b" outcome="Passed" testListId="8c84fa94-04c1-424b-9868-57a2d4851a1d" relativeResultsDirectory="81419e70-14ee-4ec2-924f-fa3343d06895" />
    <UnitTestResult executionId="b50ce8da-44d2-4a33-bc68-3d3b7be89185" testId="068c9c90-2d21-4888-b649-a1017bb422f0" testName="SharedPartProduction" computerName="DDBLD061B" duration="00:00:00.0010000" startTime="2015-04-27T07:08:24.5141193-07:00" endTime="2015-04-27T07:08:24.5141193-07:00" testType="13cdc9d9-ddb5-4fa4-a97d-d965ccfc6d4b" outcome="Passed" testListId="8c84fa94-04c1-424b-9868-57a2d4851a1d" relativeResultsDirectory="b50ce8da-44d2-4a33-bc68-3d3b7be89185" />
    <UnitTestResult executionId="5ed264f7-db64-4b9e-9df9-9190e751a217" testId="16a270c2-e5b9-4c41-900c-e9aa0bc7556f" testName="V1" computerName="DDBLD061B" duration="00:00:00.0010000" startTime="2015-04-27T07:08:24.5141193-07:00" endTime="2015-04-27T07:08:24.5141193-07:00" testType="13cdc9d9-ddb5-4fa4-a97d-d965ccfc6d4b" outcome="Passed" testListId="8c84fa94-04c1-424b-9868-57a2d4851a1d" relativeResultsDirectory="5ed264f7-db64-4b9e-9df9-9190e751a217" />
    <UnitTestResult executionId="b616a15f-ae1d-4211-9396-614d2ef37dcb" testId="4c7d4fb0-af50-4448-a31d-805072b4e40f" testName="V2" computerName="DDBLD061B" duration="00:00:00.0010000" startTime="2015-04-27T07:08:24.5141193-07:00" endTime="2015-04-27T07:08:24.5141193-07:00" testType="13cdc9d9-ddb5-4fa4-a97d-d965ccfc6d4b" outcome="Passed" testListId="8c84fa94-04c1-424b-9868-57a2d4851a1d" relativeResultsDirectory="b616a15f-ae1d-4211-9396-614d2ef37dcb" />
    <UnitTestResult executionId="a45cab76-d53a-4c49-8866-e6e9234aed69" testId="1e1fa64d-dedf-4f91-9acc-ca2a787acb68" testName="AssemblyDiscoveryDropsProblematicTypesAndSalvagesOthersInSameAssembly" computerName="DDBLD061B" duration="00:00:00.2060000" startTime="2015-04-27T07:08:24.5141193-07:00" endTime="2015-04-27T07:08:24.5141193-07:00" testType="13cdc9d9-ddb5-4fa4-a97d-d965ccfc6d4b" outcome="Passed" testListId="8c84fa94-04c1-424b-9868-57a2d4851a1d" relativeResultsDirectory="a45cab76-d53a-4c49-8866-e6e9234aed69" />
    <UnitTestResult executionId="37343f24-0dc3-48d2-8ea9-b1732015d9ad" testId="81a4cded-140f-4251-b0de-842ae682c848" testName="WithCatalogs_MergesErrors" computerName="DDBLD061B" duration="00:00:00.3030000" startTime="2015-04-27T07:08:24.5141193-07:00" endTime="2015-04-27T07:08:24.5141193-07:00" testType="13cdc9d9-ddb5-4fa4-a97d-d965ccfc6d4b" outcome="Passed" testListId="8c84fa94-04c1-424b-9868-57a2d4851a1d" relativeResultsDirectory="37343f24-0dc3-48d2-8ea9-b1732015d9ad" />
    <UnitTestResult executionId="4108f607-af6a-4872-bc3b-cbace3828ce3" testId="ce6e5190-fa0b-487b-b270-8c00ff0f3246" testName="V3 engine (runtime)" computerName="DDBLD061B" duration="00:00:00.0010000" startTime="2015-04-27T07:08:24.9828744-07:00" endTime="2015-04-27T07:08:24.9828744-07:00" testType="13cdc9d9-ddb5-4fa4-a97d-d965ccfc6d4b" outcome="Passed" testListId="8c84fa94-04c1-424b-9868-57a2d4851a1d" relativeResultsDirectory="4108f607-af6a-4872-bc3b-cbace3828ce3" />
    <UnitTestResult executionId="e16c3bf5-56fe-47b5-966c-49ce66b92385" testId="1d439250-973e-4c33-997d-a4dbe39b6900" testName="V3 engine (runtime)" computerName="DDBLD061B" duration="00:00:00.0210000" startTime="2015-04-27T07:08:24.9828744-07:00" endTime="2015-04-27T07:08:24.9828744-07:00" testType="13cdc9d9-ddb5-4fa4-a97d-d965ccfc6d4b" outcome="Passed" testListId="8c84fa94-04c1-424b-9868-57a2d4851a1d" relativeResultsDirectory="e16c3bf5-56fe-47b5-966c-49ce66b92385" />
    <UnitTestResult executionId="283f2d6e-5c0c-45bf-a4b8-747c905597de" testId="d4f8ddfd-36a3-4b18-a1ee-a09c2cb36df0" testName="V2" computerName="DDBLD061B" duration="00:00:00.0410000" startTime="2015-04-27T07:08:24.9828744-07:00" endTime="2015-04-27T07:08:24.9828744-07:00" testType="13cdc9d9-ddb5-4fa4-a97d-d965ccfc6d4b" outcome="Passed" testListId="8c84fa94-04c1-424b-9868-57a2d4851a1d" relativeResultsDirectory="283f2d6e-5c0c-45bf-a4b8-747c905597de" />
    <UnitTestResult executionId="5ac1d784-8fbc-4f62-951e-2a4266d259de" testId="54c9e1ff-6765-4c2e-a70f-846c6ad677db" testName="V1" computerName="DDBLD061B" duration="00:00:00.0020000" startTime="2015-04-27T07:08:24.9828744-07:00" endTime="2015-04-27T07:08:24.9828744-07:00" testType="13cdc9d9-ddb5-4fa4-a97d-d965ccfc6d4b" outcome="Passed" testListId="8c84fa94-04c1-424b-9868-57a2d4851a1d" relativeResultsDirectory="5ac1d784-8fbc-4f62-951e-2a4266d259de" />
    <UnitTestResult executionId="f0325ea6-929a-4601-823c-6b83d5f96694" testId="3c56bb65-30fa-4aaf-b574-1a4b24d7bdf1" testName="CatalogAssemblyLoadFailure" computerName="DDBLD061B" duration="00:00:00.2150000" startTime="2015-04-27T07:08:24.9828744-07:00" endTime="2015-04-27T07:08:24.9828744-07:00" testType="13cdc9d9-ddb5-4fa4-a97d-d965ccfc6d4b" outcome="Passed" testListId="8c84fa94-04c1-424b-9868-57a2d4851a1d" relativeResultsDirectory="f0325ea6-929a-4601-823c-6b83d5f96694" />
    <UnitTestResult executionId="e47ddd4c-89a0-4499-82d6-22e0b8a75ac4" testId="aed0f296-b3e5-4187-89e8-22e7494b0b5d" testName="V3 engine (runtime)" computerName="DDBLD061B" duration="00:00:00.0940000" startTime="2015-04-27T07:08:24.9828744-07:00" endTime="2015-04-27T07:08:24.9828744-07:00" testType="13cdc9d9-ddb5-4fa4-a97d-d965ccfc6d4b" outcome="Passed" testListId="8c84fa94-04c1-424b-9868-57a2d4851a1d" relativeResultsDirectory="e47ddd4c-89a0-4499-82d6-22e0b8a75ac4" />
    <UnitTestResult executionId="eaa703fb-0663-4688-b68d-18a55cef57b8" testId="d3248a96-1e36-4cf8-90d2-59f380dde38c" testName="V2" computerName="DDBLD061B" duration="00:00:00.0710000" startTime="2015-04-27T07:08:24.9828744-07:00" endTime="2015-04-27T07:08:24.9828744-07:00" testType="13cdc9d9-ddb5-4fa4-a97d-d965ccfc6d4b" outcome="Passed" testListId="8c84fa94-04c1-424b-9868-57a2d4851a1d" relativeResultsDirectory="eaa703fb-0663-4688-b68d-18a55cef57b8" />
    <UnitTestResult executionId="d0c8b2b1-6a52-4bbf-bd6b-a74f468dfffd" testId="1e9c8532-08a3-4bb9-b2f0-ec9500f845ef" testName="CreateDgmlFromConfiguration" computerName="DDBLD061B" duration="00:00:00.2680000" startTime="2015-04-27T07:08:24.9828744-07:00" endTime="2015-04-27T07:08:24.9828744-07:00" testType="13cdc9d9-ddb5-4fa4-a97d-d965ccfc6d4b" outcome="Passed" testListId="8c84fa94-04c1-424b-9868-57a2d4851a1d" relativeResultsDirectory="d0c8b2b1-6a52-4bbf-bd6b-a74f468dfffd">
      <Output>
        <StdOut>DGML written to: "D:\Temp\m5vayi2u.x1y.dgml"
&lt;DirectedGraph Layout="Sugiyama" GraphDirection="RightToLeft" xmlns="http://schemas.microsoft.com/vs/2009/dgml"&gt;
  &lt;Nodes&gt;
    &lt;Node Id="Microsoft_VisualStudio_Composition_PassthroughMetadataViewProvider" Label="Microsoft.VisualStudio.Composition.PassthroughMetadataViewProvider" Category="VsMEFBuiltIn" /&gt;
    &lt;Node Id="Microsoft_VisualStudio_Composition_Tests_DgmlProduction_Exporter" Label="Microsoft.VisualStudio.Composition.Tests.DgmlProduction.Exporter" /&gt;
    &lt;Node Id="Microsoft_VisualStudio_Composition_ExportProvider_ExportProviderAsExport" Label="Microsoft.VisualStudio.Composition.ExportProvider.ExportProviderAsExport" Category="VsMEFBuiltIn" /&gt;
    &lt;Node Id="Microsoft_VisualStudio_Composition_MetadataViewClassProvider" Label="Microsoft.VisualStudio.Composition.MetadataViewClassProvider" Category="VsMEFBuiltIn" /&gt;
    &lt;Node Id="Microsoft_VisualStudio_Composition_Tests_DgmlProduction_Importer" Label="Microsoft.VisualStudio.Composition.Tests.DgmlProduction.Importer" /&gt;
  &lt;/Nodes&gt;
  &lt;Links&gt;
    &lt;Link Source="Microsoft_VisualStudio_Composition_Tests_DgmlProduction_Exporter" Target="Microsoft_VisualStudio_Composition_Tests_DgmlProduction_Importer" /&gt;
  &lt;/Links&gt;
  &lt;Categories&gt;
    &lt;Category Id="Contains" IsContainment="True" /&gt;
  &lt;/Categories&gt;
  &lt;Styles&gt;
    &lt;Style TargetType="Link" GroupLabel="ExportFactory"&gt;
      &lt;Condition Expression="HasCategory('ExportFactory')" /&gt;
      &lt;Setter Property="StrokeDashArray" Value="2,2" /&gt;
    &lt;/Style&gt;
    &lt;Style TargetType="Node" GroupLabel="VsMEFBuiltIn"&gt;
      &lt;Condition Expression="HasCategory('VsMEFBuiltIn')" /&gt;
      &lt;Setter Property="Visibility" Value="Hidden" /&gt;
    &lt;/Style&gt;
  &lt;/Styles&gt;
&lt;/DirectedGraph&gt;</StdOut>
      </Output>
    </UnitTestResult>
    <UnitTestResult executionId="7b710f52-3fe6-46f4-89db-d4e6e2052166" testId="ea6c0777-8e75-4ca9-9b2c-246cbc48497b" testName="V3 composition (V1, V2)" computerName="DDBLD061B" duration="00:00:00.3530000" startTime="2015-04-27T07:08:25.4360376-07:00" endTime="2015-04-27T07:08:25.4360376-07:00" testType="13cdc9d9-ddb5-4fa4-a97d-d965ccfc6d4b" outcome="Passed" testListId="8c84fa94-04c1-424b-9868-57a2d4851a1d" relativeResultsDirectory="7b710f52-3fe6-46f4-89db-d4e6e2052166" />
    <UnitTestResult executionId="50988a0d-0fad-4e9f-928b-3c142317b257" testId="8cf78b99-52c8-4eca-aa8d-2cc02daf0873" testName="V3 engine (runtime)" computerName="DDBLD061B" duration="00:00:00.0020000" startTime="2015-04-27T07:08:25.4360376-07:00" endTime="2015-04-27T07:08:25.4360376-07:00" testType="13cdc9d9-ddb5-4fa4-a97d-d965ccfc6d4b" outcome="Passed" testListId="8c84fa94-04c1-424b-9868-57a2d4851a1d" relativeResultsDirectory="50988a0d-0fad-4e9f-928b-3c142317b257" />
    <UnitTestResult executionId="1de1b2bd-38f0-4229-8a55-d1858311d4d4" testId="46e75746-c655-4689-a725-b83e023e5eef" testName="V3 composition (V1)" computerName="DDBLD061B" duration="00:00:00.2090000" startTime="2015-04-27T07:08:25.4360376-07:00" endTime="2015-04-27T07:08:25.4360376-07:00" testType="13cdc9d9-ddb5-4fa4-a97d-d965ccfc6d4b" outcome="Passed" testListId="8c84fa94-04c1-424b-9868-57a2d4851a1d" relativeResultsDirectory="1de1b2bd-38f0-4229-8a55-d1858311d4d4" />
    <UnitTestResult executionId="ebe01cf5-c183-4e7b-8bb8-cb98f6c3a691" testId="d5c91f60-c28d-4c00-a68b-f4e157cee571" testName="V3 composition (V1)" computerName="DDBLD061B" duration="00:00:00.2130000" startTime="2015-04-27T07:08:25.4360376-07:00" endTime="2015-04-27T07:08:25.4360376-07:00" testType="13cdc9d9-ddb5-4fa4-a97d-d965ccfc6d4b" outcome="Passed" testListId="8c84fa94-04c1-424b-9868-57a2d4851a1d" relativeResultsDirectory="ebe01cf5-c183-4e7b-8bb8-cb98f6c3a691" />
    <UnitTestResult executionId="820d8d94-9bd1-4a70-818f-d6a29cf41e2e" testId="2772aa7c-6e31-4eb1-ac97-fa685b7183f5" testName="V1" computerName="DDBLD061B" duration="00:00:00.0020000" startTime="2015-04-27T07:08:25.4360376-07:00" endTime="2015-04-27T07:08:25.4360376-07:00" testType="13cdc9d9-ddb5-4fa4-a97d-d965ccfc6d4b" outcome="Passed" testListId="8c84fa94-04c1-424b-9868-57a2d4851a1d" relativeResultsDirectory="820d8d94-9bd1-4a70-818f-d6a29cf41e2e" />
    <UnitTestResult executionId="a614746b-5b75-4a10-a6c6-ab423ca4d0a0" testId="66c2c25a-ce8b-4f18-ba2d-37e17fd5e578" testName="V3 composition (V1)" computerName="DDBLD061B" duration="00:00:00.2030000" startTime="2015-04-27T07:08:25.4360376-07:00" endTime="2015-04-27T07:08:25.4360376-07:00" testType="13cdc9d9-ddb5-4fa4-a97d-d965ccfc6d4b" outcome="Passed" testListId="8c84fa94-04c1-424b-9868-57a2d4851a1d" relativeResultsDirectory="a614746b-5b75-4a10-a6c6-ab423ca4d0a0" />
    <UnitTestResult executionId="1098ac8b-7fc9-4d0f-a732-95c19c99b3a1" testId="9049e62d-ddf8-41b5-8763-57f1e36b08a2" testName="V3 composition (V1)" computerName="DDBLD061B" duration="00:00:00.2010000" startTime="2015-04-27T07:08:25.4360376-07:00" endTime="2015-04-27T07:08:25.4360376-07:00" testType="13cdc9d9-ddb5-4fa4-a97d-d965ccfc6d4b" outcome="Passed" testListId="8c84fa94-04c1-424b-9868-57a2d4851a1d" relativeResultsDirectory="1098ac8b-7fc9-4d0f-a732-95c19c99b3a1" />
    <UnitTestResult executionId="0ca116f1-d06b-46b3-a4f9-9c53a8ebbe02" testId="c4150646-50ac-4ba5-8b5e-e164b9014029" testName="V1" computerName="DDBLD061B" duration="00:00:00.0010000" startTime="2015-04-27T07:08:25.4360376-07:00" endTime="2015-04-27T07:08:25.4360376-07:00" testType="13cdc9d9-ddb5-4fa4-a97d-d965ccfc6d4b" outcome="Passed" testListId="8c84fa94-04c1-424b-9868-57a2d4851a1d" relativeResultsDirectory="0ca116f1-d06b-46b3-a4f9-9c53a8ebbe02" />
    <UnitTestResult executionId="f1640d5d-1631-4f13-b84b-9741b70e3239" testId="dd7e6c22-de9d-4d52-a035-2c5d2ddcad04" testName="V3 engine (runtime)" computerName="DDBLD061B" duration="00:00:00.0010000" startTime="2015-04-27T07:08:25.9360124-07:00" endTime="2015-04-27T07:08:25.9360124-07:00" testType="13cdc9d9-ddb5-4fa4-a97d-d965ccfc6d4b" outcome="Passed" testListId="8c84fa94-04c1-424b-9868-57a2d4851a1d" relativeResultsDirectory="f1640d5d-1631-4f13-b84b-9741b70e3239" />
    <UnitTestResult executionId="1d98987c-d04f-470b-8db9-0f9f5b32e0a6" testId="8f790ce8-4403-47dd-962b-481ee9b610a8" testName="V3 composition (V1)" computerName="DDBLD061B" duration="00:00:00.2010000" startTime="2015-04-27T07:08:25.9360124-07:00" endTime="2015-04-27T07:08:25.9360124-07:00" testType="13cdc9d9-ddb5-4fa4-a97d-d965ccfc6d4b" outcome="Passed" testListId="8c84fa94-04c1-424b-9868-57a2d4851a1d" relativeResultsDirectory="1d98987c-d04f-470b-8db9-0f9f5b32e0a6">
      <Output>
        <StdOut>Catalog BeforeSerialization vs. AfterSerialization
      Part
          Type: Microsoft.VisualStudio.Composition.ExportMetadataViewInterfaceEmitProxy+MetadataViewProxyProvider
          Part metadata:
              VsMEFDgmlCategories = System.String[]
          SharingBoundary: &lt;null&gt;
          IsSharingBoundaryInferred: False
          CreationPolicy: NonShared
          OnImportsSatisfied: &lt;null&gt;
          ExportedTypes:
              ExportDefinition
                  ContractName: Microsoft.VisualStudio.Composition.IMetadataViewProvider
                  Metadata:
                      ExportTypeIdentity = Microsoft.VisualStudio.Composition.IMetadataViewProvider
                      System.ComponentModel.Composition.CreationPolicy = NonShared
                      OrderPrecedence = 50
          ExportingMembers:
          ImportingMembers:
          ImportingConstructor:
      Part
          Type: Microsoft.VisualStudio.Composition.NetFxAdapters+CompositionService
          Part metadata:
              VsMEFDgmlCategories = System.String[]
          SharingBoundary: &lt;null&gt;
          IsSharingBoundaryInferred: False
          CreationPolicy: NonShared
          OnImportsSatisfied: &lt;null&gt;
          ExportedTypes:
              ExportDefinition
                  ContractName: System.ComponentModel.Composition.ICompositionService
                  Metadata:
                      ExportTypeIdentity = System.ComponentModel.Composition.ICompositionService
                      System.ComponentModel.Composition.CreationPolicy = NonShared
          ExportingMembers:
          ImportingMembers:
          ImportingConstructor:
              ImportDefinition:
                  ContractName: Microsoft.VisualStudio.Composition.ExportProvider
                  Cardinality: ExactlyOne
                  Metadata:
                  ExportFactorySharingBoundaries: 
                  ExportConstraints: 
                      ExportTypeIdentityConstraint
                          TypeIdentityName: Microsoft.VisualStudio.Composition.ExportProvider
              ComposablePartType: Microsoft.VisualStudio.Composition.NetFxAdapters+CompositionService
              ImportingMember: 
              ParameterInfo: Microsoft.VisualStudio.Composition.ExportProvider exportProvider
              ImportingSiteType: Microsoft.VisualStudio.Composition.ExportProvider
      Part
          Type: Microsoft.VisualStudio.Composition.NetFxAdapters+MetadataViewImplProxy
          Part metadata:
              VsMEFDgmlCategories = System.String[]
          SharingBoundary: 
          IsSharingBoundaryInferred: True
          CreationPolicy: Any
          OnImportsSatisfied: &lt;null&gt;
          ExportedTypes:
              ExportDefinition
                  ContractName: Microsoft.VisualStudio.Composition.IMetadataViewProvider
                  Metadata:
                      ExportTypeIdentity = Microsoft.VisualStudio.Composition.IMetadataViewProvider
                      OrderPrecedence = 100
          ExportingMembers:
          ImportingMembers:
          ImportingConstructor:
      Part
          Type: Microsoft.VisualStudio.Composition.NetFxAdapters+AssemblyLoadCodeBasePathLoader
          Part metadata:
              VsMEFDgmlCategories = System.String[]
          SharingBoundary: 
          IsSharingBoundaryInferred: True
          CreationPolicy: Any
          OnImportsSatisfied: &lt;null&gt;
          ExportedTypes:
              ExportDefinition
                  ContractName: Microsoft.VisualStudio.Composition.IAssemblyLoader
                  Metadata:
                      ExportTypeIdentity = Microsoft.VisualStudio.Composition.IAssemblyLoader
                      OrderPrecedence = 100
          ExportingMembers:
          ImportingMembers:
          ImportingConstructor:
      Part
          Type: Microsoft.VisualStudio.Composition.Tests.StaticMemberExportsTests+UninstantiablePartWithMetadataOnExports
          SharingBoundary: 
          IsSharingBoundaryInferred: True
          CreationPolicy: Any
          OnImportsSatisfied: &lt;null&gt;
          ExportedTypes:
          ExportingMembers:
-             InstanceExportingProperty
-                 ContractName: Property
+             StaticExportingField
+                 ContractName: Field
                  Metadata:
                      ExportTypeIdentity = System.String
                      SomeName = SomeValue
-             StaticExportingField
-                 ContractName: Field
+             InstanceExportingProperty
+                 ContractName: Property
                  Metadata:
                      ExportTypeIdentity = System.String
                      SomeName = SomeValue
          ImportingMembers:
          ImportingConstructor: &lt;null&gt;
      Part
          Type: Microsoft.VisualStudio.Composition.Tests.StaticMemberExportsTests+PartImportingNonInstantiablePartExports
          SharingBoundary: 
          IsSharingBoundaryInferred: True
          CreationPolicy: Any
          OnImportsSatisfied: &lt;null&gt;
          ExportedTypes:
              ExportDefinition
                  ContractName: Microsoft.VisualStudio.Composition.Tests.StaticMemberExportsTests+PartImportingNonInstantiablePartExports
                  Metadata:
                      ExportTypeIdentity = Microsoft.VisualStudio.Composition.Tests.StaticMemberExportsTests+PartImportingNonInstantiablePartExports
          ExportingMembers:
          ImportingMembers:
              ImportDefinition:
                  ContractName: Field
                  Cardinality: ExactlyOne
                  Metadata:
                  ExportFactorySharingBoundaries: 
                  ExportConstraints: 
                      ExportTypeIdentityConstraint
                          TypeIdentityName: System.String
                      ImportMetadataViewConstraint
              ComposablePartType: Microsoft.VisualStudio.Composition.Tests.StaticMemberExportsTests+PartImportingNonInstantiablePartExports
              ImportingMember: System.Lazy`2[System.String,System.Collections.Generic.IDictionary`2[System.String,System.Object]] FieldImportingMember
              ParameterInfo: 
              ImportingSiteType: System.Lazy`2[System.String,System.Collections.Generic.IDictionary`2[System.String,System.Object]]
              ImportDefinition:
                  ContractName: Property
                  Cardinality: ExactlyOne
                  Metadata:
                  ExportFactorySharingBoundaries: 
                  ExportConstraints: 
                      ExportTypeIdentityConstraint
                          TypeIdentityName: System.String
                      ImportMetadataViewConstraint
              ComposablePartType: Microsoft.VisualStudio.Composition.Tests.StaticMemberExportsTests+PartImportingNonInstantiablePartExports
              ImportingMember: System.Lazy`2[System.String,System.Collections.Generic.IDictionary`2[System.String,System.Object]] PropertyImportingMember
              ParameterInfo: 
              ImportingSiteType: System.Lazy`2[System.String,System.Collections.Generic.IDictionary`2[System.String,System.Object]]
          ImportingConstructor:</StdOut>
      </Output>
    </UnitTestResult>
    <UnitTestResult executionId="82c38440-3376-430a-9fbd-47cd8c35526b" testId="d02ceee7-bca5-44c6-9f05-d296b746f4bf" testName="V3 composition (V2)" computerName="DDBLD061B" duration="00:00:00.1500000" startTime="2015-04-27T07:08:25.9360124-07:00" endTime="2015-04-27T07:08:25.9360124-07:00" testType="13cdc9d9-ddb5-4fa4-a97d-d965ccfc6d4b" outcome="Passed" testListId="8c84fa94-04c1-424b-9868-57a2d4851a1d" relativeResultsDirectory="82c38440-3376-430a-9fbd-47cd8c35526b" />
    <UnitTestResult executionId="40e48b4f-37aa-4a73-bf29-4f85b2b1ab0f" testId="a068ed97-2eef-4eac-9a9b-1096802efdef" testName="V3 composition (V1)" computerName="DDBLD061B" duration="00:00:00.2170000" startTime="2015-04-27T07:08:25.9360124-07:00" endTime="2015-04-27T07:08:25.9360124-07:00" testType="13cdc9d9-ddb5-4fa4-a97d-d965ccfc6d4b" outcome="Passed" testListId="8c84fa94-04c1-424b-9868-57a2d4851a1d" relativeResultsDirectory="40e48b4f-37aa-4a73-bf29-4f85b2b1ab0f" />
    <UnitTestResult executionId="da902500-d789-4668-96d5-281f2b0a230f" testId="0a9e1420-b749-4634-9964-0c5e93ab4edf" testName="V3 engine (runtime)" computerName="DDBLD061B" duration="00:00:00.0030000" startTime="2015-04-27T07:08:25.9360124-07:00" endTime="2015-04-27T07:08:25.9360124-07:00" testType="13cdc9d9-ddb5-4fa4-a97d-d965ccfc6d4b" outcome="Passed" testListId="8c84fa94-04c1-424b-9868-57a2d4851a1d" relativeResultsDirectory="da902500-d789-4668-96d5-281f2b0a230f" />
    <UnitTestResult executionId="8d989eba-7086-4bf7-ba6e-02a61d232480" testId="73d41b13-4461-4403-b040-89e97e30e267" testName="V1" computerName="DDBLD061B" duration="00:00:00.0010000" startTime="2015-04-27T07:08:25.9360124-07:00" endTime="2015-04-27T07:08:25.9360124-07:00" testType="13cdc9d9-ddb5-4fa4-a97d-d965ccfc6d4b" outcome="Passed" testListId="8c84fa94-04c1-424b-9868-57a2d4851a1d" relativeResultsDirectory="8d989eba-7086-4bf7-ba6e-02a61d232480" />
    <UnitTestResult executionId="2cb0e436-c63f-4f7f-8f60-d1fdc47448f4" testId="dec40997-139f-4c72-bf19-2ecd06996b35" testName="V3 composition (V1, V2)" computerName="DDBLD061B" duration="00:00:00.3480000" startTime="2015-04-27T07:08:25.9360124-07:00" endTime="2015-04-27T07:08:25.9360124-07:00" testType="13cdc9d9-ddb5-4fa4-a97d-d965ccfc6d4b" outcome="Passed" testListId="8c84fa94-04c1-424b-9868-57a2d4851a1d" relativeResultsDirectory="2cb0e436-c63f-4f7f-8f60-d1fdc47448f4">
      <Output>
        <StdOut>Catalog AttributedPartDiscoveryV1 vs. AttributedPartDiscovery
      Part
          Type: Microsoft.VisualStudio.Composition.Tests.OpenGenericExportTests+SharedUseful`1
+         Part metadata:
+             SharingBoundary = 
          SharingBoundary: 
-         IsSharingBoundaryInferred: True
-         CreationPolicy: Any
+         IsSharingBoundaryInferred: False
+         CreationPolicy: Shared
          OnImportsSatisfied: &lt;null&gt;
          ExportedTypes:
              ExportDefinition
                  ContractName: Microsoft.VisualStudio.Composition.Tests.OpenGenericExportTests+SharedUseful({0})
                  Metadata:
                      ExportTypeIdentity = Microsoft.VisualStudio.Composition.Tests.OpenGenericExportTests+SharedUseful({0})
+                     System.ComponentModel.Composition.CreationPolicy = Shared
          ExportingMembers:
          ImportingMembers:
          ImportingConstructor:
      Part
          Type: Microsoft.VisualStudio.Composition.Tests.OpenGenericExportTests+SharedUserOfSharedUseful
+         Part metadata:
+             SharingBoundary = 
          SharingBoundary: 
-         IsSharingBoundaryInferred: True
-         CreationPolicy: Any
+         IsSharingBoundaryInferred: False
+         CreationPolicy: Shared
          OnImportsSatisfied: &lt;null&gt;
          ExportedTypes:
              ExportDefinition
                  ContractName: Microsoft.VisualStudio.Composition.Tests.OpenGenericExportTests+SharedUserOfSharedUseful
                  Metadata:
                      ExportTypeIdentity = Microsoft.VisualStudio.Composition.Tests.OpenGenericExportTests+SharedUserOfSharedUseful
+                     System.ComponentModel.Composition.CreationPolicy = Shared
          ExportingMembers:
          ImportingMembers:
              ImportDefinition:
                  ContractName: Microsoft.VisualStudio.Composition.Tests.OpenGenericExportTests+SharedUseful(System.IDisposable)
                  Cardinality: ExactlyOne
                  Metadata:
                      System.ComponentModel.Composition.GenericContractName = Microsoft.VisualStudio.Composition.Tests.OpenGenericExportTests+SharedUseful({0})
                      System.ComponentModel.Composition.GenericParameters = System.Type[]
                  ExportFactorySharingBoundaries: 
                  ExportConstraints: 
                      ExportTypeIdentityConstraint
                          TypeIdentityName: Microsoft.VisualStudio.Composition.Tests.OpenGenericExportTests+SharedUseful(System.IDisposable)
              ComposablePartType: Microsoft.VisualStudio.Composition.Tests.OpenGenericExportTests+SharedUserOfSharedUseful
              ImportingMember: SharedUseful`1 Disposable
              ParameterInfo: 
              ImportingSiteType: Microsoft.VisualStudio.Composition.Tests.OpenGenericExportTests+SharedUseful`1[System.IDisposable]
              ImportDefinition:
                  ContractName: Microsoft.VisualStudio.Composition.Tests.OpenGenericExportTests+SharedUseful(Microsoft.VisualStudio.Composition.Tests.IContainer)
                  Cardinality: ExactlyOne
                  Metadata:
                      System.ComponentModel.Composition.GenericContractName = Microsoft.VisualStudio.Composition.Tests.OpenGenericExportTests+SharedUseful({0})
                      System.ComponentModel.Composition.GenericParameters = System.Type[]
                  ExportFactorySharingBoundaries: 
                  ExportConstraints: 
                      ExportTypeIdentityConstraint
                          TypeIdentityName: Microsoft.VisualStudio.Composition.Tests.OpenGenericExportTests+SharedUseful(Microsoft.VisualStudio.Composition.Tests.IContainer)
              ComposablePartType: Microsoft.VisualStudio.Composition.Tests.OpenGenericExportTests+SharedUserOfSharedUseful
              ImportingMember: SharedUseful`1 Container
              ParameterInfo: 
              ImportingSiteType: Microsoft.VisualStudio.Composition.Tests.OpenGenericExportTests+SharedUseful`1[Microsoft.VisualStudio.Composition.Tests.IContainer]
          ImportingConstructor:</StdOut>
      </Output>
    </UnitTestResult>
    <UnitTestResult executionId="1ef17f28-9d67-4e64-8992-7422c0a60d4d" testId="dbd48dee-c261-4f91-8122-44fcc90ba0df" testName="V3 engine (runtime)" computerName="DDBLD061B" duration="00:00:00.0010000" startTime="2015-04-27T07:08:26.9047744-07:00" endTime="2015-04-27T07:08:26.9047744-07:00" testType="13cdc9d9-ddb5-4fa4-a97d-d965ccfc6d4b" outcome="Passed" testListId="8c84fa94-04c1-424b-9868-57a2d4851a1d" relativeResultsDirectory="1ef17f28-9d67-4e64-8992-7422c0a60d4d" />
    <UnitTestResult executionId="4064a2e9-cef0-4cb0-8e89-156823a3d91e" testId="71de3adf-8431-4a59-a55e-5738b70a57b8" testName="V3 composition (V2)" computerName="DDBLD061B" duration="00:00:00.1370000" startTime="2015-04-27T07:08:26.9047744-07:00" endTime="2015-04-27T07:08:26.9047744-07:00" testType="13cdc9d9-ddb5-4fa4-a97d-d965ccfc6d4b" outcome="Passed" testListId="8c84fa94-04c1-424b-9868-57a2d4851a1d" relativeResultsDirectory="4064a2e9-cef0-4cb0-8e89-156823a3d91e" />
    <UnitTestResult executionId="a82d440c-d1b5-44c0-a346-d489f2903626" testId="fc7dff27-2ef3-4dec-953a-b1c18b8aac9d" testName="V3 engine (runtime)" computerName="DDBLD061B" duration="00:00:00.0010000" startTime="2015-04-27T07:08:26.9047744-07:00" endTime="2015-04-27T07:08:26.9047744-07:00" testType="13cdc9d9-ddb5-4fa4-a97d-d965ccfc6d4b" outcome="Passed" testListId="8c84fa94-04c1-424b-9868-57a2d4851a1d" relativeResultsDirectory="a82d440c-d1b5-44c0-a346-d489f2903626" />
    <UnitTestResult executionId="7aa7b9c6-2da9-4ba0-9748-ea63c3c1f8c2" testId="9ec4f381-88a0-4431-8d82-ab923d7b5119" testName="V1" computerName="DDBLD061B" duration="00:00:00.0080000" startTime="2015-04-27T07:08:26.9047744-07:00" endTime="2015-04-27T07:08:26.9047744-07:00" testType="13cdc9d9-ddb5-4fa4-a97d-d965ccfc6d4b" outcome="Passed" testListId="8c84fa94-04c1-424b-9868-57a2d4851a1d" relativeResultsDirectory="7aa7b9c6-2da9-4ba0-9748-ea63c3c1f8c2" />
    <UnitTestResult executionId="6c10167d-615a-4220-9e9a-230fa783797e" testId="18ee4a45-56c7-4950-958d-5f5b7ce00d48" testName="V3 composition (V2)" computerName="DDBLD061B" duration="00:00:00.1440000" startTime="2015-04-27T07:08:26.9047744-07:00" endTime="2015-04-27T07:08:26.9047744-07:00" testType="13cdc9d9-ddb5-4fa4-a97d-d965ccfc6d4b" outcome="Passed" testListId="8c84fa94-04c1-424b-9868-57a2d4851a1d" relativeResultsDirectory="6c10167d-615a-4220-9e9a-230fa783797e" />
    <UnitTestResult executionId="f5ede78a-3a54-4cae-a020-f8f83474c5b0" testId="dd2c86b3-68b7-4ee6-9efd-9da2a1bc215a" testName="V3 composition (V1)" computerName="DDBLD061B" duration="00:00:00.1510000" startTime="2015-04-27T07:08:26.9047744-07:00" endTime="2015-04-27T07:08:26.9047744-07:00" testType="13cdc9d9-ddb5-4fa4-a97d-d965ccfc6d4b" outcome="Passed" testListId="8c84fa94-04c1-424b-9868-57a2d4851a1d" relativeResultsDirectory="f5ede78a-3a54-4cae-a020-f8f83474c5b0">
      <Output>
        <StdOut>Catalog BeforeSerialization vs. AfterSerialization
      Part
          Type: Microsoft.VisualStudio.Composition.ExportMetadataViewInterfaceEmitProxy+MetadataViewProxyProvider
          Part metadata:
              VsMEFDgmlCategories = System.String[]
          SharingBoundary: &lt;null&gt;
          IsSharingBoundaryInferred: False
          CreationPolicy: NonShared
          OnImportsSatisfied: &lt;null&gt;
          ExportedTypes:
              ExportDefinition
                  ContractName: Microsoft.VisualStudio.Composition.IMetadataViewProvider
                  Metadata:
                      ExportTypeIdentity = Microsoft.VisualStudio.Composition.IMetadataViewProvider
                      System.ComponentModel.Composition.CreationPolicy = NonShared
                      OrderPrecedence = 50
          ExportingMembers:
          ImportingMembers:
          ImportingConstructor:
      Part
          Type: Microsoft.VisualStudio.Composition.NetFxAdapters+CompositionService
          Part metadata:
              VsMEFDgmlCategories = System.String[]
          SharingBoundary: &lt;null&gt;
          IsSharingBoundaryInferred: False
          CreationPolicy: NonShared
          OnImportsSatisfied: &lt;null&gt;
          ExportedTypes:
              ExportDefinition
                  ContractName: System.ComponentModel.Composition.ICompositionService
                  Metadata:
                      ExportTypeIdentity = System.ComponentModel.Composition.ICompositionService
                      System.ComponentModel.Composition.CreationPolicy = NonShared
          ExportingMembers:
          ImportingMembers:
          ImportingConstructor:
              ImportDefinition:
                  ContractName: Microsoft.VisualStudio.Composition.ExportProvider
                  Cardinality: ExactlyOne
                  Metadata:
                  ExportFactorySharingBoundaries: 
                  ExportConstraints: 
                      ExportTypeIdentityConstraint
                          TypeIdentityName: Microsoft.VisualStudio.Composition.ExportProvider
              ComposablePartType: Microsoft.VisualStudio.Composition.NetFxAdapters+CompositionService
              ImportingMember: 
              ParameterInfo: Microsoft.VisualStudio.Composition.ExportProvider exportProvider
              ImportingSiteType: Microsoft.VisualStudio.Composition.ExportProvider
      Part
          Type: Microsoft.VisualStudio.Composition.NetFxAdapters+MetadataViewImplProxy
          Part metadata:
              VsMEFDgmlCategories = System.String[]
          SharingBoundary: 
          IsSharingBoundaryInferred: True
          CreationPolicy: Any
          OnImportsSatisfied: &lt;null&gt;
          ExportedTypes:
              ExportDefinition
                  ContractName: Microsoft.VisualStudio.Composition.IMetadataViewProvider
                  Metadata:
                      ExportTypeIdentity = Microsoft.VisualStudio.Composition.IMetadataViewProvider
                      OrderPrecedence = 100
          ExportingMembers:
          ImportingMembers:
          ImportingConstructor:
      Part
          Type: Microsoft.VisualStudio.Composition.NetFxAdapters+AssemblyLoadCodeBasePathLoader
          Part metadata:
              VsMEFDgmlCategories = System.String[]
          SharingBoundary: 
          IsSharingBoundaryInferred: True
          CreationPolicy: Any
          OnImportsSatisfied: &lt;null&gt;
          ExportedTypes:
              ExportDefinition
                  ContractName: Microsoft.VisualStudio.Composition.IAssemblyLoader
                  Metadata:
                      ExportTypeIdentity = Microsoft.VisualStudio.Composition.IAssemblyLoader
                      OrderPrecedence = 100
          ExportingMembers:
          ImportingMembers:
          ImportingConstructor:
      Part
          Type: Microsoft.VisualStudio.Composition.Tests.ExportingMembersTests+ExportingMembersClass
          SharingBoundary: 
          IsSharingBoundaryInferred: True
          CreationPolicy: Any
          OnImportsSatisfied: &lt;null&gt;
          ExportedTypes:
          ExportingMembers:
+             Field
+                 ContractName: Field
+                 Metadata:
+                     ExportTypeIdentity = System.String
+                 ContractName: Field_Extra_Export
+                 Metadata:
+                     ExportTypeIdentity = System.String
              SomeAction
                  ContractName: Method
                  Metadata:
                      ExportTypeIdentity = System.Void()
                      A = b
                  ContractName: Method_Extra_Export
                  Metadata:
                      ExportTypeIdentity = System.Void()
                      A = b
              SomeAction
                  ContractName: Method
                  Metadata:
                      ExportTypeIdentity = System.Void(System.Int32,System.String)
                      A = b
              SomeFunc
                  ContractName: Method
                  Metadata:
                      ExportTypeIdentity = System.Boolean()
                      A = b
              SomeFunc
                  ContractName: Method
                  Metadata:
                      ExportTypeIdentity = System.Boolean(System.Int32,System.String)
                      A = b
              Property
                  ContractName: Property
                  Metadata:
                      ExportTypeIdentity = System.String
                  ContractName: Property_Extra_Export
                  Metadata:
                      ExportTypeIdentity = System.String
              PropertyGenericType
                  ContractName: PropertyGenericType
                  Metadata:
                      ExportTypeIdentity = System.Collections.Generic.Comparer(System.Int32)
              DelegateReturningProperty
                  ContractName: DelegateReturningProperty
                  Metadata:
                      ExportTypeIdentity = System.String(System.String)
                      A = b
-             Field
-                 ContractName: Field
-                 Metadata:
-                     ExportTypeIdentity = System.String
-                 ContractName: Field_Extra_Export
-                 Metadata:
-                     ExportTypeIdentity = System.String
          ImportingMembers:
          ImportingConstructor:</StdOut>
      </Output>
    </UnitTestResult>
    <UnitTestResult executionId="8ba6db5f-6679-4ae1-a4a2-03019d080104" testId="a40a7107-795e-4b0f-90e2-b06533fa01b6" testName="V3 composition (V2)" computerName="DDBLD061B" duration="00:00:00.1510000" startTime="2015-04-27T07:08:26.9047744-07:00" endTime="2015-04-27T07:08:26.9047744-07:00" testType="13cdc9d9-ddb5-4fa4-a97d-d965ccfc6d4b" outcome="Passed" testListId="8c84fa94-04c1-424b-9868-57a2d4851a1d" relativeResultsDirectory="8ba6db5f-6679-4ae1-a4a2-03019d080104" />
    <UnitTestResult executionId="a1426013-170e-4d44-9320-53f5e0b19805" testId="18c07490-3fc6-4b25-bcf3-8bb992f95499" testName="V3 composition (V1)" computerName="DDBLD061B" duration="00:00:00.1360000" startTime="2015-04-27T07:08:26.9047744-07:00" endTime="2015-04-27T07:08:26.9047744-07:00" testType="13cdc9d9-ddb5-4fa4-a97d-d965ccfc6d4b" outcome="Passed" testListId="8c84fa94-04c1-424b-9868-57a2d4851a1d" relativeResultsDirectory="a1426013-170e-4d44-9320-53f5e0b19805" />
    <UnitTestResult executionId="9c22aed0-4f67-4f37-843d-13efa689e420" testId="8dc3fdef-f480-49b8-aaf8-7a9b3b391419" testName="V3 composition (V2)" computerName="DDBLD061B" duration="00:00:00.1440000" startTime="2015-04-27T07:08:26.9203991-07:00" endTime="2015-04-27T07:08:26.9203991-07:00" testType="13cdc9d9-ddb5-4fa4-a97d-d965ccfc6d4b" outcome="Passed" testListId="8c84fa94-04c1-424b-9868-57a2d4851a1d" relativeResultsDirectory="9c22aed0-4f67-4f37-843d-13efa689e420" />
    <UnitTestResult executionId="57f4c3e9-f12a-47fb-a8ac-26e61d6cf5f4" testId="426479b4-c4d4-4112-add7-6a20a9925ca4" testName="V3 composition (V1)" computerName="DDBLD061B" duration="00:00:00.1390000" startTime="2015-04-27T07:08:26.9203991-07:00" endTime="2015-04-27T07:08:26.9203991-07:00" testType="13cdc9d9-ddb5-4fa4-a97d-d965ccfc6d4b" outcome="Passed" testListId="8c84fa94-04c1-424b-9868-57a2d4851a1d" relativeResultsDirectory="57f4c3e9-f12a-47fb-a8ac-26e61d6cf5f4" />
    <UnitTestResult executionId="2800ad1e-0ac9-43a3-9769-b3f79989ea6d" testId="7b9dc443-e965-4ca6-ab8c-a585b4f818de" testName="V3 engine (runtime)" computerName="DDBLD061B" duration="00:00:00.0180000" startTime="2015-04-27T07:08:28.4204819-07:00" endTime="2015-04-27T07:08:28.4204819-07:00" testType="13cdc9d9-ddb5-4fa4-a97d-d965ccfc6d4b" outcome="Passed" testListId="8c84fa94-04c1-424b-9868-57a2d4851a1d" relativeResultsDirectory="2800ad1e-0ac9-43a3-9769-b3f79989ea6d" />
    <UnitTestResult executionId="2c52eb44-8a83-4579-a753-d4a50dc7235e" testId="b6f1842c-2d13-42c5-8dfe-7907b9ba6741" testName="V3 composition (V1, V2)" computerName="DDBLD061B" duration="00:00:00.3010000" startTime="2015-04-27T07:08:28.9673017-07:00" endTime="2015-04-27T07:08:28.9673017-07:00" testType="13cdc9d9-ddb5-4fa4-a97d-d965ccfc6d4b" outcome="Passed" testListId="8c84fa94-04c1-424b-9868-57a2d4851a1d" relativeResultsDirectory="2c52eb44-8a83-4579-a753-d4a50dc7235e">
      <Output>
        <StdOut>Catalog AttributedPartDiscoveryV1 vs. AttributedPartDiscovery
      Part
          Type: Microsoft.VisualStudio.Composition.Tests.DisposablePartsTests+DisposeOrderTracker
+         Part metadata:
+             SharingBoundary = 
          SharingBoundary: 
-         IsSharingBoundaryInferred: True
-         CreationPolicy: Any
+         IsSharingBoundaryInferred: False
+         CreationPolicy: Shared
          OnImportsSatisfied: &lt;null&gt;
          ExportedTypes:
              ExportDefinition
                  ContractName: Microsoft.VisualStudio.Composition.Tests.DisposablePartsTests+DisposeOrderTracker
                  Metadata:
                      ExportTypeIdentity = Microsoft.VisualStudio.Composition.Tests.DisposablePartsTests+DisposeOrderTracker
+                     System.ComponentModel.Composition.CreationPolicy = Shared
          ExportingMembers:
          ImportingMembers:
          ImportingConstructor:
      Part
          Type: Microsoft.VisualStudio.Composition.Tests.DisposablePartsTests+PartThrowsInDispose
-         SharingBoundary: 
-         IsSharingBoundaryInferred: True
-         CreationPolicy: Any
+         SharingBoundary: &lt;null&gt;
+         IsSharingBoundaryInferred: False
+         CreationPolicy: NonShared
          OnImportsSatisfied: &lt;null&gt;
          ExportedTypes:
              ExportDefinition
                  ContractName: Microsoft.VisualStudio.Composition.Tests.DisposablePartsTests+PartThrowsInDispose
                  Metadata:
                      ExportTypeIdentity = Microsoft.VisualStudio.Composition.Tests.DisposablePartsTests+PartThrowsInDispose
+                     System.ComponentModel.Composition.CreationPolicy = NonShared
          ExportingMembers:
          ImportingMembers:
              ImportDefinition:
                  ContractName: Microsoft.VisualStudio.Composition.Tests.DisposablePartsTests+DisposeOrderTracker
                  Cardinality: ExactlyOne
                  Metadata:
                  ExportFactorySharingBoundaries: 
                  ExportConstraints: 
                      ExportTypeIdentityConstraint
                          TypeIdentityName: Microsoft.VisualStudio.Composition.Tests.DisposablePartsTests+DisposeOrderTracker
              ComposablePartType: Microsoft.VisualStudio.Composition.Tests.DisposablePartsTests+PartThrowsInDispose
              ImportingMember: DisposeOrderTracker Tracker
              ParameterInfo: 
              ImportingSiteType: Microsoft.VisualStudio.Composition.Tests.DisposablePartsTests+DisposeOrderTracker
          ImportingConstructor:
      Part
          Type: Microsoft.VisualStudio.Composition.Tests.DisposablePartsTests+NoThrow1
-         SharingBoundary: 
-         IsSharingBoundaryInferred: True
-         CreationPolicy: Any
+         SharingBoundary: &lt;null&gt;
+         IsSharingBoundaryInferred: False
+         CreationPolicy: NonShared
          OnImportsSatisfied: &lt;null&gt;
          ExportedTypes:
              ExportDefinition
                  ContractName: Microsoft.VisualStudio.Composition.Tests.DisposablePartsTests+NoThrow1
                  Metadata:
                      ExportTypeIdentity = Microsoft.VisualStudio.Composition.Tests.DisposablePartsTests+NoThrow1
+                     System.ComponentModel.Composition.CreationPolicy = NonShared
          ExportingMembers:
          ImportingMembers:
              ImportDefinition:
                  ContractName: Microsoft.VisualStudio.Composition.Tests.DisposablePartsTests+DisposeOrderTracker
                  Cardinality: ExactlyOne
                  Metadata:
                  ExportFactorySharingBoundaries: 
                  ExportConstraints: 
                      ExportTypeIdentityConstraint
                          TypeIdentityName: Microsoft.VisualStudio.Composition.Tests.DisposablePartsTests+DisposeOrderTracker
              ComposablePartType: Microsoft.VisualStudio.Composition.Tests.DisposablePartsTests+NoThrow1
              ImportingMember: DisposeOrderTracker Tracker
              ParameterInfo: 
              ImportingSiteType: Microsoft.VisualStudio.Composition.Tests.DisposablePartsTests+DisposeOrderTracker
          ImportingConstructor:</StdOut>
      </Output>
    </UnitTestResult>
    <UnitTestResult executionId="c0260370-4524-42ab-a54d-e66eaf98da6c" testId="dcac9380-3b23-4ca7-83c2-8c6dc98c009f" testName="V3 composition (V1, V2)" computerName="DDBLD061B" duration="00:00:00.3130000" startTime="2015-04-27T07:08:28.9673017-07:00" endTime="2015-04-27T07:08:28.9673017-07:00" testType="13cdc9d9-ddb5-4fa4-a97d-d965ccfc6d4b" outcome="Passed" testListId="8c84fa94-04c1-424b-9868-57a2d4851a1d" relativeResultsDirectory="c0260370-4524-42ab-a54d-e66eaf98da6c">
      <Output>
        <StdOut>Catalog AttributedPartDiscoveryV1 vs. AttributedPartDiscovery
      Part
          Type: Microsoft.VisualStudio.Composition.Tests.ThreadSafetyTests+CircularDependencySharedPart1
+         Part metadata:
+             SharingBoundary = 
          SharingBoundary: 
-         IsSharingBoundaryInferred: True
-         CreationPolicy: Any
+         IsSharingBoundaryInferred: False
+         CreationPolicy: Shared
          OnImportsSatisfied: Void OnImportsSatisfied()
          ExportedTypes:
              ExportDefinition
                  ContractName: Microsoft.VisualStudio.Composition.Tests.ThreadSafetyTests+CircularDependencySharedPart1
                  Metadata:
                      ExportTypeIdentity = Microsoft.VisualStudio.Composition.Tests.ThreadSafetyTests+CircularDependencySharedPart1
+                     System.ComponentModel.Composition.CreationPolicy = Shared
          ExportingMembers:
          ImportingMembers:
              ImportDefinition:
                  ContractName: System.Object
                  Cardinality: ZeroOrMore
                  Metadata:
                  ExportFactorySharingBoundaries: 
                  ExportConstraints: 
              ComposablePartType: Microsoft.VisualStudio.Composition.Tests.ThreadSafetyTests+CircularDependencySharedPart1
              ImportingMember: System.Object[] DummyImporter
              ParameterInfo: 
              ImportingSiteType: System.Object[]
              ImportDefinition:
                  ContractName: Microsoft.VisualStudio.Composition.Tests.ThreadSafetyTests+CircularDependencySharedPart2
                  Cardinality: ExactlyOne
                  Metadata:
                  ExportFactorySharingBoundaries: 
                  ExportConstraints: 
                      ExportTypeIdentityConstraint
                          TypeIdentityName: Microsoft.VisualStudio.Composition.Tests.ThreadSafetyTests+CircularDependencySharedPart2
              ComposablePartType: Microsoft.VisualStudio.Composition.Tests.ThreadSafetyTests+CircularDependencySharedPart1
              ImportingMember: CircularDependencySharedPart2 Part2
              ParameterInfo: 
              ImportingSiteType: Microsoft.VisualStudio.Composition.Tests.ThreadSafetyTests+CircularDependencySharedPart2
          ImportingConstructor:
      Part
          Type: Microsoft.VisualStudio.Composition.Tests.ThreadSafetyTests+CircularDependencySharedPart2
+         Part metadata:
+             SharingBoundary = 
          SharingBoundary: 
-         IsSharingBoundaryInferred: True
-         CreationPolicy: Any
+         IsSharingBoundaryInferred: False
+         CreationPolicy: Shared
          OnImportsSatisfied: Void OnImportsSatisfied()
          ExportedTypes:
              ExportDefinition
                  ContractName: Microsoft.VisualStudio.Composition.Tests.ThreadSafetyTests+CircularDependencySharedPart2
                  Metadata:
                      ExportTypeIdentity = Microsoft.VisualStudio.Composition.Tests.ThreadSafetyTests+CircularDependencySharedPart2
+                     System.ComponentModel.Composition.CreationPolicy = Shared
          ExportingMembers:
          ImportingMembers:
              ImportDefinition:
                  ContractName: System.Object
                  Cardinality: ZeroOrMore
                  Metadata:
                  ExportFactorySharingBoundaries: 
                  ExportConstraints: 
              ComposablePartType: Microsoft.VisualStudio.Composition.Tests.ThreadSafetyTests+CircularDependencySharedPart2
              ImportingMember: System.Object[] DummyImporter
              ParameterInfo: 
              ImportingSiteType: System.Object[]
              ImportDefinition:
                  ContractName: Microsoft.VisualStudio.Composition.Tests.ThreadSafetyTests+CircularDependencySharedPart1
                  Cardinality: ExactlyOne
                  Metadata:
                  ExportFactorySharingBoundaries: 
                  ExportConstraints: 
                      ExportTypeIdentityConstraint
                          TypeIdentityName: Microsoft.VisualStudio.Composition.Tests.ThreadSafetyTests+CircularDependencySharedPart1
              ComposablePartType: Microsoft.VisualStudio.Composition.Tests.ThreadSafetyTests+CircularDependencySharedPart2
              ImportingMember: CircularDependencySharedPart1 Part1
              ParameterInfo: 
              ImportingSiteType: Microsoft.VisualStudio.Composition.Tests.ThreadSafetyTests+CircularDependencySharedPart1
          ImportingConstructor:</StdOut>
      </Output>
    </UnitTestResult>
    <UnitTestResult executionId="b0a6dd1b-a3e5-47a7-8808-0c0306ae06e3" testId="e8c0507a-9410-4eb9-a009-b76ab95963d6" testName="V3 engine (runtime)" computerName="DDBLD061B" duration="00:00:00.0010000" startTime="2015-04-27T07:08:28.9673017-07:00" endTime="2015-04-27T07:08:28.9673017-07:00" testType="13cdc9d9-ddb5-4fa4-a97d-d965ccfc6d4b" outcome="Passed" testListId="8c84fa94-04c1-424b-9868-57a2d4851a1d" relativeResultsDirectory="b0a6dd1b-a3e5-47a7-8808-0c0306ae06e3" />
    <UnitTestResult executionId="fbe1b434-c7b4-45f0-ba6f-86aa2f0f1d4a" testId="ea748c00-a34d-475b-990a-06029f701cc7" testName="V1" computerName="DDBLD061B" duration="00:00:00.0020000" startTime="2015-04-27T07:08:28.9673017-07:00" endTime="2015-04-27T07:08:28.9673017-07:00" testType="13cdc9d9-ddb5-4fa4-a97d-d965ccfc6d4b" outcome="Passed" testListId="8c84fa94-04c1-424b-9868-57a2d4851a1d" relativeResultsDirectory="fbe1b434-c7b4-45f0-ba6f-86aa2f0f1d4a" />
    <UnitTestResult executionId="cdb0b497-cd82-46ac-94e2-5bdc25d06634" testId="4d951103-e799-43b3-b61e-1c200ed90299" testName="V2" computerName="DDBLD061B" duration="00:00:00.0010000" startTime="2015-04-27T07:08:28.9673017-07:00" endTime="2015-04-27T07:08:28.9673017-07:00" testType="13cdc9d9-ddb5-4fa4-a97d-d965ccfc6d4b" outcome="Passed" testListId="8c84fa94-04c1-424b-9868-57a2d4851a1d" relativeResultsDirectory="cdb0b497-cd82-46ac-94e2-5bdc25d06634" />
    <UnitTestResult executionId="5af9bb15-ebdc-46ef-9336-e8313d8f29a4" testId="a580bb42-b57d-495c-8164-d1331dfe71e8" testName="V3 engine (runtime)" computerName="DDBLD061B" duration="00:00:00.0010000" startTime="2015-04-27T07:08:28.9673017-07:00" endTime="2015-04-27T07:08:28.9673017-07:00" testType="13cdc9d9-ddb5-4fa4-a97d-d965ccfc6d4b" outcome="Passed" testListId="8c84fa94-04c1-424b-9868-57a2d4851a1d" relativeResultsDirectory="5af9bb15-ebdc-46ef-9336-e8313d8f29a4" />
    <UnitTestResult executionId="db3da05a-aef2-48a8-a0ad-57244ab0b6cf" testId="da1c88f4-2e0c-4aa4-9a37-f24edc4bf089" testName="GetAssemblyInputs_IdentifiesAssembliesDefiningParts" computerName="DDBLD061B" duration="00:00:00.2110000" startTime="2015-04-27T07:08:28.9673017-07:00" endTime="2015-04-27T07:08:28.9673017-07:00" testType="13cdc9d9-ddb5-4fa4-a97d-d965ccfc6d4b" outcome="Passed" testListId="8c84fa94-04c1-424b-9868-57a2d4851a1d" relativeResultsDirectory="db3da05a-aef2-48a8-a0ad-57244ab0b6cf" />
    <UnitTestResult executionId="447d9248-6e7e-41a5-beee-b486f4bac960" testId="96c83ddc-f14c-49c9-94a3-3588af3979f5" testName="V3 composition (V1, V2)" computerName="DDBLD061B" duration="00:00:00.2990000" startTime="2015-04-27T07:08:28.9673017-07:00" endTime="2015-04-27T07:08:28.9673017-07:00" testType="13cdc9d9-ddb5-4fa4-a97d-d965ccfc6d4b" outcome="Passed" testListId="8c84fa94-04c1-424b-9868-57a2d4851a1d" relativeResultsDirectory="447d9248-6e7e-41a5-beee-b486f4bac960">
      <Output>
        <StdOut>Catalog AttributedPartDiscoveryV1 vs. AttributedPartDiscovery
      Part
          Type: Microsoft.VisualStudio.Composition.Tests.ObsoleteAttributeTests+PartWithObsoleteImportingProperty
-         SharingBoundary: 
-         IsSharingBoundaryInferred: True
-         CreationPolicy: Any
+         SharingBoundary: &lt;null&gt;
+         IsSharingBoundaryInferred: False
+         CreationPolicy: NonShared
          OnImportsSatisfied: &lt;null&gt;
          ExportedTypes:
              ExportDefinition
                  ContractName: Microsoft.VisualStudio.Composition.Tests.ObsoleteAttributeTests+PartWithObsoleteImportingProperty
                  Metadata:
                      ExportTypeIdentity = Microsoft.VisualStudio.Composition.Tests.ObsoleteAttributeTests+PartWithObsoleteImportingProperty
+                     System.ComponentModel.Composition.CreationPolicy = NonShared
          ExportingMembers:
          ImportingMembers:
              ImportDefinition:
                  ContractName: Microsoft.VisualStudio.Composition.Tests.ObsoleteAttributeTests+SomeExportedValue
                  Cardinality: ExactlyOne
                  Metadata:
                  ExportFactorySharingBoundaries: 
                  ExportConstraints: 
                      ExportTypeIdentityConstraint
                          TypeIdentityName: Microsoft.VisualStudio.Composition.Tests.ObsoleteAttributeTests+SomeExportedValue
              ComposablePartType: Microsoft.VisualStudio.Composition.Tests.ObsoleteAttributeTests+PartWithObsoleteImportingProperty
              ImportingMember: SomeExportedValue ObsoleteProperty
              ParameterInfo: 
              ImportingSiteType: Microsoft.VisualStudio.Composition.Tests.ObsoleteAttributeTests+SomeExportedValue
          ImportingConstructor:
      Part
          Type: Microsoft.VisualStudio.Composition.Tests.ObsoleteAttributeTests+SomeExportedValue
-         SharingBoundary: 
-         IsSharingBoundaryInferred: True
-         CreationPolicy: Any
+         SharingBoundary: &lt;null&gt;
+         IsSharingBoundaryInferred: False
+         CreationPolicy: NonShared
          OnImportsSatisfied: &lt;null&gt;
          ExportedTypes:
              ExportDefinition
                  ContractName: Microsoft.VisualStudio.Composition.Tests.ObsoleteAttributeTests+SomeExportedValue
                  Metadata:
                      ExportTypeIdentity = Microsoft.VisualStudio.Composition.Tests.ObsoleteAttributeTests+SomeExportedValue
+                     System.ComponentModel.Composition.CreationPolicy = NonShared
          ExportingMembers:
          ImportingMembers:
          ImportingConstructor:</StdOut>
      </Output>
    </UnitTestResult>
    <UnitTestResult executionId="df290c5a-f3f8-481e-9dc8-0e00ea47b62e" testId="6f37e7ef-8a02-45c0-af62-be11aeac540f" testName="V3 engine (runtime)" computerName="DDBLD061B" duration="00:00:00.0010000" startTime="2015-04-27T07:08:29.3423872-07:00" endTime="2015-04-27T07:08:29.3423872-07:00" testType="13cdc9d9-ddb5-4fa4-a97d-d965ccfc6d4b" outcome="Passed" testListId="8c84fa94-04c1-424b-9868-57a2d4851a1d" relativeResultsDirectory="df290c5a-f3f8-481e-9dc8-0e00ea47b62e" />
    <UnitTestResult executionId="f4a98c57-2739-479d-bf77-a364126aac75" testId="6b8ac36d-29ad-4c5d-b7b0-2bcd1d638855" testName="V3 engine (runtime)" computerName="DDBLD061B" duration="00:00:00.0010000" startTime="2015-04-27T07:08:29.3579309-07:00" endTime="2015-04-27T07:08:29.3579309-07:00" testType="13cdc9d9-ddb5-4fa4-a97d-d965ccfc6d4b" outcome="Passed" testListId="8c84fa94-04c1-424b-9868-57a2d4851a1d" relativeResultsDirectory="f4a98c57-2739-479d-bf77-a364126aac75" />
    <UnitTestResult executionId="d566b7d7-49ea-496b-8acf-c95dbcedefbe" testId="5d632f27-1fff-48b9-873d-6a4ccda1f3cc" testName="V3 engine (runtime)" computerName="DDBLD061B" duration="00:00:00.0010000" startTime="2015-04-27T07:08:29.3579309-07:00" endTime="2015-04-27T07:08:29.3579309-07:00" testType="13cdc9d9-ddb5-4fa4-a97d-d965ccfc6d4b" outcome="Passed" testListId="8c84fa94-04c1-424b-9868-57a2d4851a1d" relativeResultsDirectory="d566b7d7-49ea-496b-8acf-c95dbcedefbe" />
    <UnitTestResult executionId="25b5e936-00d1-477b-949b-ff789052bf0a" testId="a0cf6183-eff9-4901-ad2b-c8828976dca5" testName="V1" computerName="DDBLD061B" duration="00:00:00.0020000" startTime="2015-04-27T07:08:29.3579309-07:00" endTime="2015-04-27T07:08:29.3579309-07:00" testType="13cdc9d9-ddb5-4fa4-a97d-d965ccfc6d4b" outcome="Passed" testListId="8c84fa94-04c1-424b-9868-57a2d4851a1d" relativeResultsDirectory="25b5e936-00d1-477b-949b-ff789052bf0a" />
    <UnitTestResult executionId="811197c0-8028-43dc-befa-11dc139f740c" testId="d02b2206-9a3d-403a-a2d3-b4e18bf3c3e2" testName="V3 engine (runtime)" computerName="DDBLD061B" duration="00:00:00.0010000" startTime="2015-04-27T07:08:29.3579309-07:00" endTime="2015-04-27T07:08:29.3579309-07:00" testType="13cdc9d9-ddb5-4fa4-a97d-d965ccfc6d4b" outcome="Passed" testListId="8c84fa94-04c1-424b-9868-57a2d4851a1d" relativeResultsDirectory="811197c0-8028-43dc-befa-11dc139f740c" />
    <UnitTestResult executionId="b61e13cb-0d91-4287-ab51-61c0fdea1993" testId="75bfb490-3c4a-4f76-b27c-5f999842c917" testName="V3 engine (runtime)" computerName="DDBLD061B" duration="00:00:00.0030000" startTime="2015-04-27T07:08:29.3579309-07:00" endTime="2015-04-27T07:08:29.3579309-07:00" testType="13cdc9d9-ddb5-4fa4-a97d-d965ccfc6d4b" outcome="Passed" testListId="8c84fa94-04c1-424b-9868-57a2d4851a1d" relativeResultsDirectory="b61e13cb-0d91-4287-ab51-61c0fdea1993" />
    <UnitTestResult executionId="e1433975-df10-46db-9d47-80c331dd7175" testId="e387c9e1-6a78-4778-9dc3-dc31cebd07ae" testName="V1" computerName="DDBLD061B" duration="00:00:00.0020000" startTime="2015-04-27T07:08:29.3579309-07:00" endTime="2015-04-27T07:08:29.3579309-07:00" testType="13cdc9d9-ddb5-4fa4-a97d-d965ccfc6d4b" outcome="Passed" testListId="8c84fa94-04c1-424b-9868-57a2d4851a1d" relativeResultsDirectory="e1433975-df10-46db-9d47-80c331dd7175" />
    <UnitTestResult executionId="97aebd83-70bc-4813-8647-df41068b78b4" testId="27a9504e-df6e-4eda-95eb-4036226290f6" testName="V2" computerName="DDBLD061B" duration="00:00:00.0020000" startTime="2015-04-27T07:08:29.3579309-07:00" endTime="2015-04-27T07:08:29.3579309-07:00" testType="13cdc9d9-ddb5-4fa4-a97d-d965ccfc6d4b" outcome="Passed" testListId="8c84fa94-04c1-424b-9868-57a2d4851a1d" relativeResultsDirectory="97aebd83-70bc-4813-8647-df41068b78b4" />
    <UnitTestResult executionId="d7a84b17-1316-4ded-9b0f-f9bea18f728a" testId="c281e67d-76bf-46a7-8fe1-d381e8883e3e" testName="V1" computerName="DDBLD061B" duration="00:00:00.0020000" startTime="2015-04-27T07:08:29.3579309-07:00" endTime="2015-04-27T07:08:29.3579309-07:00" testType="13cdc9d9-ddb5-4fa4-a97d-d965ccfc6d4b" outcome="Passed" testListId="8c84fa94-04c1-424b-9868-57a2d4851a1d" relativeResultsDirectory="d7a84b17-1316-4ded-9b0f-f9bea18f728a" />
    <UnitTestResult executionId="3ca3ef94-bc90-40b0-beab-7fe05cc8a68e" testId="0fe3a0e3-7022-409a-b6bf-7cc3a1fa86c7" testName="V2" computerName="DDBLD061B" duration="00:00:00.0020000" startTime="2015-04-27T07:08:29.6079962-07:00" endTime="2015-04-27T07:08:29.6079962-07:00" testType="13cdc9d9-ddb5-4fa4-a97d-d965ccfc6d4b" outcome="Passed" testListId="8c84fa94-04c1-424b-9868-57a2d4851a1d" relativeResultsDirectory="3ca3ef94-bc90-40b0-beab-7fe05cc8a68e" />
    <UnitTestResult executionId="911b3633-45dd-4dc5-acc8-fc22b79b2b42" testId="4e6fcace-1fc1-4f6c-b173-7b812d470e1b" testName="V3 composition (V2)" computerName="DDBLD061B" duration="00:00:00.0830000" startTime="2015-04-27T07:08:29.6079962-07:00" endTime="2015-04-27T07:08:29.6079962-07:00" testType="13cdc9d9-ddb5-4fa4-a97d-d965ccfc6d4b" outcome="Passed" testListId="8c84fa94-04c1-424b-9868-57a2d4851a1d" relativeResultsDirectory="911b3633-45dd-4dc5-acc8-fc22b79b2b42" />
    <UnitTestResult executionId="cb091a5c-edc7-493d-93a1-b97ae0f0e0ef" testId="7d5e0e6c-5d06-4dc1-b8ba-ba1c6b05bad6" testName="V1" computerName="DDBLD061B" duration="00:00:00.0020000" startTime="2015-04-27T07:08:29.6079962-07:00" endTime="2015-04-27T07:08:29.6079962-07:00" testType="13cdc9d9-ddb5-4fa4-a97d-d965ccfc6d4b" outcome="Passed" testListId="8c84fa94-04c1-424b-9868-57a2d4851a1d" relativeResultsDirectory="cb091a5c-edc7-493d-93a1-b97ae0f0e0ef" />
    <UnitTestResult executionId="786fd8ec-a1f5-4240-bf22-3f28ba03c5c3" testId="4419ea25-4a97-4128-b9bf-de4a0042ced5" testName="V3 engine (runtime)" computerName="DDBLD061B" duration="00:00:00.0620000" startTime="2015-04-27T07:08:29.6079962-07:00" endTime="2015-04-27T07:08:29.6079962-07:00" testType="13cdc9d9-ddb5-4fa4-a97d-d965ccfc6d4b" outcome="Passed" testListId="8c84fa94-04c1-424b-9868-57a2d4851a1d" relativeResultsDirectory="786fd8ec-a1f5-4240-bf22-3f28ba03c5c3" />
    <UnitTestResult executionId="bd6bd57b-3e6e-40e7-81d3-96696fab7a21" testId="0c9ba3b4-93ea-4175-83d0-19ac13485111" testName="V1" computerName="DDBLD061B" duration="00:00:00.0010000" startTime="2015-04-27T07:08:29.6079962-07:00" endTime="2015-04-27T07:08:29.6079962-07:00" testType="13cdc9d9-ddb5-4fa4-a97d-d965ccfc6d4b" outcome="Passed" testListId="8c84fa94-04c1-424b-9868-57a2d4851a1d" relativeResultsDirectory="bd6bd57b-3e6e-40e7-81d3-96696fab7a21" />
    <UnitTestResult executionId="a9c632f6-c793-4867-a511-8ec20bfd6790" testId="a9d9ee23-a783-45bc-923b-a8c6fcf462dc" testName="V3 engine (runtime)" computerName="DDBLD061B" duration="00:00:00.0010000" startTime="2015-04-27T07:08:29.6079962-07:00" endTime="2015-04-27T07:08:29.6079962-07:00" testType="13cdc9d9-ddb5-4fa4-a97d-d965ccfc6d4b" outcome="Passed" testListId="8c84fa94-04c1-424b-9868-57a2d4851a1d" relativeResultsDirectory="a9c632f6-c793-4867-a511-8ec20bfd6790" />
    <UnitTestResult executionId="04e3bce3-e898-4313-b383-5ea66dc3d7eb" testId="0e771a91-05dd-4496-9950-22fcb1b7c624" testName="V3 engine (runtime)" computerName="DDBLD061B" duration="00:00:00.0010000" startTime="2015-04-27T07:08:29.6079962-07:00" endTime="2015-04-27T07:08:29.6079962-07:00" testType="13cdc9d9-ddb5-4fa4-a97d-d965ccfc6d4b" outcome="Passed" testListId="8c84fa94-04c1-424b-9868-57a2d4851a1d" relativeResultsDirectory="04e3bce3-e898-4313-b383-5ea66dc3d7eb" />
    <UnitTestResult executionId="2f6aa599-4b0c-4e38-a137-006006c9fad2" testId="6552f5bb-c16d-4ea7-831b-798a3b645ab0" testName="V1" computerName="DDBLD061B" duration="00:00:00.0020000" startTime="2015-04-27T07:08:29.6079962-07:00" endTime="2015-04-27T07:08:29.6079962-07:00" testType="13cdc9d9-ddb5-4fa4-a97d-d965ccfc6d4b" outcome="Passed" testListId="8c84fa94-04c1-424b-9868-57a2d4851a1d" relativeResultsDirectory="2f6aa599-4b0c-4e38-a137-006006c9fad2" />
    <UnitTestResult executionId="5a7a3a99-ebad-4fb4-be88-6fa3bb3c5c1e" testId="9cbf2bdd-8168-4523-938e-68d9cee31077" testName="V1" computerName="DDBLD061B" duration="00:00:00.0030000" startTime="2015-04-27T07:08:29.8579367-07:00" endTime="2015-04-27T07:08:29.8579367-07:00" testType="13cdc9d9-ddb5-4fa4-a97d-d965ccfc6d4b" outcome="Passed" testListId="8c84fa94-04c1-424b-9868-57a2d4851a1d" relativeResultsDirectory="5a7a3a99-ebad-4fb4-be88-6fa3bb3c5c1e" />
    <UnitTestResult executionId="a6e9a756-39f2-43d6-bb12-8c9504b31b2f" testId="c9b465df-c797-422c-82bf-f24624f87750" testName="V2" computerName="DDBLD061B" duration="00:00:00.0020000" startTime="2015-04-27T07:08:29.8579367-07:00" endTime="2015-04-27T07:08:29.8579367-07:00" testType="13cdc9d9-ddb5-4fa4-a97d-d965ccfc6d4b" outcome="Passed" testListId="8c84fa94-04c1-424b-9868-57a2d4851a1d" relativeResultsDirectory="a6e9a756-39f2-43d6-bb12-8c9504b31b2f" />
    <UnitTestResult executionId="95b22636-bd4b-42c4-9e70-0d4386794cc2" testId="48d34947-91a0-4f55-b191-3a26e3058627" testName="V3 engine (runtime)" computerName="DDBLD061B" duration="00:00:00.0010000" startTime="2015-04-27T07:08:29.8579367-07:00" endTime="2015-04-27T07:08:29.8579367-07:00" testType="13cdc9d9-ddb5-4fa4-a97d-d965ccfc6d4b" outcome="Passed" testListId="8c84fa94-04c1-424b-9868-57a2d4851a1d" relativeResultsDirectory="95b22636-bd4b-42c4-9e70-0d4386794cc2" />
    <UnitTestResult executionId="303394ea-7ae0-416f-bf55-2247edfb0eb2" testId="0d87a45e-39ee-4320-b1d1-633a26f39d91" testName="V3 engine (runtime)" computerName="DDBLD061B" duration="00:00:00.0010000" startTime="2015-04-27T07:08:29.8579367-07:00" endTime="2015-04-27T07:08:29.8579367-07:00" testType="13cdc9d9-ddb5-4fa4-a97d-d965ccfc6d4b" outcome="Passed" testListId="8c84fa94-04c1-424b-9868-57a2d4851a1d" relativeResultsDirectory="303394ea-7ae0-416f-bf55-2247edfb0eb2" />
    <UnitTestResult executionId="c13218a7-d363-467b-bbd4-5e39b0d2a0b0" testId="6118fc4f-acfa-4f86-9d50-7aa5690ac87e" testName="V1" computerName="DDBLD061B" duration="00:00:00.0020000" startTime="2015-04-27T07:08:29.8579367-07:00" endTime="2015-04-27T07:08:29.8579367-07:00" testType="13cdc9d9-ddb5-4fa4-a97d-d965ccfc6d4b" outcome="Passed" testListId="8c84fa94-04c1-424b-9868-57a2d4851a1d" relativeResultsDirectory="c13218a7-d363-467b-bbd4-5e39b0d2a0b0" />
    <UnitTestResult executionId="2b51f412-08b0-47ab-b368-192df674cc99" testId="e361a16f-f5e7-443b-91cb-53d656e9ed51" testName="V3 composition (V1, V2)" computerName="DDBLD061B" duration="00:00:00.3700000" startTime="2015-04-27T07:08:29.8579367-07:00" endTime="2015-04-27T07:08:29.8579367-07:00" testType="13cdc9d9-ddb5-4fa4-a97d-d965ccfc6d4b" outcome="Passed" testListId="8c84fa94-04c1-424b-9868-57a2d4851a1d" relativeResultsDirectory="2b51f412-08b0-47ab-b368-192df674cc99">
      <Output>
        <StdOut>Catalog AttributedPartDiscoveryV1 vs. AttributedPartDiscovery
      Part
          Type: Microsoft.VisualStudio.Composition.Tests.ImportedExportProviderTests+PartThatImportsExportProvider
+         Part metadata:
+             SharingBoundary = 
          SharingBoundary: 
-         IsSharingBoundaryInferred: True
-         CreationPolicy: Any
+         IsSharingBoundaryInferred: False
+         CreationPolicy: Shared
          OnImportsSatisfied: &lt;null&gt;
          ExportedTypes:
              ExportDefinition
                  ContractName: Microsoft.VisualStudio.Composition.Tests.ImportedExportProviderTests+PartThatImportsExportProvider
                  Metadata:
                      ExportTypeIdentity = Microsoft.VisualStudio.Composition.Tests.ImportedExportProviderTests+PartThatImportsExportProvider
+                     System.ComponentModel.Composition.CreationPolicy = Shared
          ExportingMembers:
          ImportingMembers:
              ImportDefinition:
                  ContractName: Microsoft.VisualStudio.Composition.ExportProvider
                  Cardinality: ExactlyOne
                  Metadata:
                  ExportFactorySharingBoundaries: 
                  ExportConstraints: 
                      ExportTypeIdentityConstraint
                          TypeIdentityName: Microsoft.VisualStudio.Composition.ExportProvider
              ComposablePartType: Microsoft.VisualStudio.Composition.Tests.ImportedExportProviderTests+PartThatImportsExportProvider
              ImportingMember: Microsoft.VisualStudio.Composition.ExportProvider ExportProvider
              ParameterInfo: 
              ImportingSiteType: Microsoft.VisualStudio.Composition.ExportProvider
          ImportingConstructor:
      Part
          Type: Microsoft.VisualStudio.Composition.Tests.ImportedExportProviderTests+SomeOtherPart
+         Part metadata:
+             SharingBoundary = 
          SharingBoundary: 
-         IsSharingBoundaryInferred: True
-         CreationPolicy: Any
+         IsSharingBoundaryInferred: False
+         CreationPolicy: Shared
          OnImportsSatisfied: &lt;null&gt;
          ExportedTypes:
              ExportDefinition
                  ContractName: Microsoft.VisualStudio.Composition.Tests.ImportedExportProviderTests+SomeOtherPart
                  Metadata:
                      ExportTypeIdentity = Microsoft.VisualStudio.Composition.Tests.ImportedExportProviderTests+SomeOtherPart
+                     System.ComponentModel.Composition.CreationPolicy = Shared
          ExportingMembers:
          ImportingMembers:
          ImportingConstructor:</StdOut>
      </Output>
    </UnitTestResult>
    <UnitTestResult executionId="5a692845-d839-4aa8-be77-b82bde7c628a" testId="31779586-3921-450d-b908-8dcc084839f0" testName="V3 engine (runtime)" computerName="DDBLD061B" duration="00:00:00.0050000" startTime="2015-04-27T07:08:29.8579367-07:00" endTime="2015-04-27T07:08:29.8579367-07:00" testType="13cdc9d9-ddb5-4fa4-a97d-d965ccfc6d4b" outcome="Passed" testListId="8c84fa94-04c1-424b-9868-57a2d4851a1d" relativeResultsDirectory="5a692845-d839-4aa8-be77-b82bde7c628a" />
    <UnitTestResult executionId="cb4b31e5-396f-4186-976f-acf4e0f2a4e2" testId="a2a37453-7d11-4f5c-9be1-3938d3dba24b" testName="V3 engine (runtime)" computerName="DDBLD061B" duration="00:00:00.0010000" startTime="2015-04-27T07:08:30.0611286-07:00" endTime="2015-04-27T07:08:30.0611286-07:00" testType="13cdc9d9-ddb5-4fa4-a97d-d965ccfc6d4b" outcome="Passed" testListId="8c84fa94-04c1-424b-9868-57a2d4851a1d" relativeResultsDirectory="cb4b31e5-396f-4186-976f-acf4e0f2a4e2" />
    <UnitTestResult executionId="08c54b1e-6bfe-4a25-85d3-8cfdf5d1d203" testId="646b1924-083e-4404-8657-5ba911e0b6fe" testName="V2" computerName="DDBLD061B" duration="00:00:00.0020000" startTime="2015-04-27T07:08:30.0611286-07:00" endTime="2015-04-27T07:08:30.0611286-07:00" testType="13cdc9d9-ddb5-4fa4-a97d-d965ccfc6d4b" outcome="Passed" testListId="8c84fa94-04c1-424b-9868-57a2d4851a1d" relativeResultsDirectory="08c54b1e-6bfe-4a25-85d3-8cfdf5d1d203" />
    <UnitTestResult executionId="fb220f3f-79c9-4fd5-8595-576681a62fb0" testId="be2322e0-2dc3-45c6-88e2-8ee464030cf3" testName="V3 engine (runtime)" computerName="DDBLD061B" duration="00:00:00.0020000" startTime="2015-04-27T07:08:30.0611286-07:00" endTime="2015-04-27T07:08:30.0611286-07:00" testType="13cdc9d9-ddb5-4fa4-a97d-d965ccfc6d4b" outcome="Passed" testListId="8c84fa94-04c1-424b-9868-57a2d4851a1d" relativeResultsDirectory="fb220f3f-79c9-4fd5-8595-576681a62fb0" />
    <UnitTestResult executionId="0c9e2595-d306-4c59-aa2e-e5e16984e313" testId="326270bf-fcec-4aa4-b77d-602055b09e7f" testName="V1" computerName="DDBLD061B" duration="00:00:00.0020000" startTime="2015-04-27T07:08:30.0611286-07:00" endTime="2015-04-27T07:08:30.0611286-07:00" testType="13cdc9d9-ddb5-4fa4-a97d-d965ccfc6d4b" outcome="Passed" testListId="8c84fa94-04c1-424b-9868-57a2d4851a1d" relativeResultsDirectory="0c9e2595-d306-4c59-aa2e-e5e16984e313" />
    <UnitTestResult executionId="f0f798f7-08c4-4a74-8956-41081b7e0887" testId="66bb8131-d857-45a9-8016-d342bd51931f" testName="V3 engine (runtime)" computerName="DDBLD061B" duration="00:00:00.0020000" startTime="2015-04-27T07:08:30.0611286-07:00" endTime="2015-04-27T07:08:30.0611286-07:00" testType="13cdc9d9-ddb5-4fa4-a97d-d965ccfc6d4b" outcome="Passed" testListId="8c84fa94-04c1-424b-9868-57a2d4851a1d" relativeResultsDirectory="f0f798f7-08c4-4a74-8956-41081b7e0887" />
    <UnitTestResult executionId="35cb86af-b9c0-4aaf-8800-6aabd00b1aad" testId="a5480677-bb4c-4ac9-b843-571df949c6a6" testName="V3 composition (V1, V2)" computerName="DDBLD061B" duration="00:00:00.3800000" startTime="2015-04-27T07:08:30.0611286-07:00" endTime="2015-04-27T07:08:30.0611286-07:00" testType="13cdc9d9-ddb5-4fa4-a97d-d965ccfc6d4b" outcome="Passed" testListId="8c84fa94-04c1-424b-9868-57a2d4851a1d" relativeResultsDirectory="35cb86af-b9c0-4aaf-8800-6aabd00b1aad">
      <Output>
        <StdOut>Catalog AttributedPartDiscoveryV1 vs. AttributedPartDiscovery
      Part
-         Type: Microsoft.VisualStudio.Composition.Tests.InvalidGraphTests+UncreatablePart
-         SharingBoundary: 
-         IsSharingBoundaryInferred: True
-         CreationPolicy: Any
-         OnImportsSatisfied: &lt;null&gt;
-         ExportedTypes:
-             ExportDefinition
-                 ContractName: Microsoft.VisualStudio.Composition.Tests.InvalidGraphTests+UncreatablePart
-                 Metadata:
-                     ExportTypeIdentity = Microsoft.VisualStudio.Composition.Tests.InvalidGraphTests+UncreatablePart
-         ExportingMembers:
-         ImportingMembers:
-         ImportingConstructor: &lt;null&gt;
-     Part
          Type: Microsoft.VisualStudio.Composition.Tests.InvalidGraphTests+PartThatImportsUncreatablePart
-         SharingBoundary: 
-         IsSharingBoundaryInferred: True
-         CreationPolicy: Any
+         SharingBoundary: &lt;null&gt;
+         IsSharingBoundaryInferred: False
+         CreationPolicy: NonShared
          OnImportsSatisfied: &lt;null&gt;
          ExportedTypes:
              ExportDefinition
                  ContractName: Microsoft.VisualStudio.Composition.Tests.InvalidGraphTests+PartThatImportsUncreatablePart
                  Metadata:
                      ExportTypeIdentity = Microsoft.VisualStudio.Composition.Tests.InvalidGraphTests+PartThatImportsUncreatablePart
+                     System.ComponentModel.Composition.CreationPolicy = NonShared
          ExportingMembers:
          ImportingMembers:
              ImportDefinition:
                  ContractName: Microsoft.VisualStudio.Composition.Tests.InvalidGraphTests+UncreatablePart
                  Cardinality: ExactlyOne
                  Metadata:
                  ExportFactorySharingBoundaries: 
                  ExportConstraints: 
                      ExportTypeIdentityConstraint
                          TypeIdentityName: Microsoft.VisualStudio.Composition.Tests.InvalidGraphTests+UncreatablePart
              ComposablePartType: Microsoft.VisualStudio.Composition.Tests.InvalidGraphTests+PartThatImportsUncreatablePart
              ImportingMember: UncreatablePart ImportOfUncreatablePart
              ParameterInfo: 
              ImportingSiteType: Microsoft.VisualStudio.Composition.Tests.InvalidGraphTests+UncreatablePart
          ImportingConstructor:</StdOut>
      </Output>
    </UnitTestResult>
    <UnitTestResult executionId="e0b253ae-759f-4b2a-9e29-d7ea70d6aab6" testId="e03655f0-4ee5-4ad5-b24a-a0eeea1a8c1a" testName="V1" computerName="DDBLD061B" duration="00:00:00.0040000" startTime="2015-04-27T07:08:30.0611286-07:00" endTime="2015-04-27T07:08:30.0611286-07:00" testType="13cdc9d9-ddb5-4fa4-a97d-d965ccfc6d4b" outcome="Passed" testListId="8c84fa94-04c1-424b-9868-57a2d4851a1d" relativeResultsDirectory="e0b253ae-759f-4b2a-9e29-d7ea70d6aab6" />
    <UnitTestResult executionId="461939bc-2d85-456f-abc0-6bfb2e01b0cc" testId="a70815d9-df09-4a2d-a38c-6cf683b9d169" testName="ComposableAssembliesLazyLoadedWhenCustomMetadataIsRequired" computerName="DDBLD061B" duration="00:00:01.5800000" startTime="2015-04-27T07:08:30.3579429-07:00" endTime="2015-04-27T07:08:30.3579429-07:00" testType="13cdc9d9-ddb5-4fa4-a97d-d965ccfc6d4b" outcome="Passed" testListId="8c84fa94-04c1-424b-9868-57a2d4851a1d" relativeResultsDirectory="461939bc-2d85-456f-abc0-6bfb2e01b0cc" />
    <UnitTestResult executionId="c411387c-a528-46e1-a571-2dae512ac46d" testId="1576ca7b-f139-4f06-974a-76dd4951f33d" testName="V2" computerName="DDBLD061B" duration="00:00:00.0070000" startTime="2015-04-27T07:08:30.3579429-07:00" endTime="2015-04-27T07:08:30.3579429-07:00" testType="13cdc9d9-ddb5-4fa4-a97d-d965ccfc6d4b" outcome="Passed" testListId="8c84fa94-04c1-424b-9868-57a2d4851a1d" relativeResultsDirectory="c411387c-a528-46e1-a571-2dae512ac46d" />
    <UnitTestResult executionId="ea388480-cd99-464f-84e2-c0fa1e97989a" testId="49ec1561-ac2e-4bf1-85a6-17fd4ff11d3b" testName="V2" computerName="DDBLD061B" duration="00:00:00.0040000" startTime="2015-04-27T07:08:30.3579429-07:00" endTime="2015-04-27T07:08:30.3579429-07:00" testType="13cdc9d9-ddb5-4fa4-a97d-d965ccfc6d4b" outcome="Passed" testListId="8c84fa94-04c1-424b-9868-57a2d4851a1d" relativeResultsDirectory="ea388480-cd99-464f-84e2-c0fa1e97989a" />
    <UnitTestResult executionId="31b82e21-cb4c-419c-9a79-2083c9ed29d7" testId="e60b2fa4-9660-4f5d-917d-0c8ae74cd5c8" testName="V3 composition (V1, V2)" computerName="DDBLD061B" duration="00:00:00.3800000" startTime="2015-04-27T07:08:30.3579429-07:00" endTime="2015-04-27T07:08:30.3579429-07:00" testType="13cdc9d9-ddb5-4fa4-a97d-d965ccfc6d4b" outcome="Passed" testListId="8c84fa94-04c1-424b-9868-57a2d4851a1d" relativeResultsDirectory="31b82e21-cb4c-419c-9a79-2083c9ed29d7">
      <Output>
        <StdOut>Catalog AttributedPartDiscoveryV1 vs. AttributedPartDiscovery
      Part
          Type: Microsoft.VisualStudio.Composition.Tests.ExportMetadataNonStringValuesTests+PartWithIntMetadataValues
-         SharingBoundary: 
-         IsSharingBoundaryInferred: True
-         CreationPolicy: Any
+         SharingBoundary: &lt;null&gt;
+         IsSharingBoundaryInferred: False
+         CreationPolicy: NonShared
          OnImportsSatisfied: &lt;null&gt;
          ExportedTypes:
              ExportDefinition
                  ContractName: Microsoft.VisualStudio.Composition.Tests.ExportMetadataNonStringValuesTests+PartWithIntMetadataValues
                  Metadata:
                      ExportTypeIdentity = Microsoft.VisualStudio.Composition.Tests.ExportMetadataNonStringValuesTests+PartWithIntMetadataValues
                      a = 5
+                     System.ComponentModel.Composition.CreationPolicy = NonShared
          ExportingMembers:
          ImportingMembers:
          ImportingConstructor:
      Part
          Type: Microsoft.VisualStudio.Composition.Tests.ExportMetadataNonStringValuesTests+ImportingPart
-         SharingBoundary: 
-         IsSharingBoundaryInferred: True
-         CreationPolicy: Any
+         SharingBoundary: &lt;null&gt;
+         IsSharingBoundaryInferred: False
+         CreationPolicy: NonShared
          OnImportsSatisfied: &lt;null&gt;
          ExportedTypes:
              ExportDefinition
                  ContractName: Microsoft.VisualStudio.Composition.Tests.ExportMetadataNonStringValuesTests+ImportingPart
                  Metadata:
                      ExportTypeIdentity = Microsoft.VisualStudio.Composition.Tests.ExportMetadataNonStringValuesTests+ImportingPart
+                     System.ComponentModel.Composition.CreationPolicy = NonShared
          ExportingMembers:
          ImportingMembers:
              ImportDefinition:
                  ContractName: Microsoft.VisualStudio.Composition.Tests.ExportMetadataNonStringValuesTests+PartWithNegativeIntMetadataValues
                  Cardinality: OneOrZero
                  Metadata:
                  ExportFactorySharingBoundaries: 
                  ExportConstraints: 
                      ExportTypeIdentityConstraint
                          TypeIdentityName: Microsoft.VisualStudio.Composition.Tests.ExportMetadataNonStringValuesTests+PartWithNegativeIntMetadataValues
                      ImportMetadataViewConstraint
              ComposablePartType: Microsoft.VisualStudio.Composition.Tests.ExportMetadataNonStringValuesTests+ImportingPart
              ImportingMember: System.Lazy`2[Microsoft.VisualStudio.Composition.Tests.ExportMetadataNonStringValuesTests+PartWithNegativeIntMetadataValues,System.Collections.Generic.IDictionary`2[System.String,System.Object]] NegativeMetadataImport
              ParameterInfo: 
              ImportingSiteType: System.Lazy`2[Microsoft.VisualStudio.Composition.Tests.ExportMetadataNonStringValuesTests+PartWithNegativeIntMetadataValues,System.Collections.Generic.IDictionary`2[System.String,System.Object]]
              ImportDefinition:
                  ContractName: Microsoft.VisualStudio.Composition.Tests.ExportMetadataNonStringValuesTests+PartWithIntMetadataValues
                  Cardinality: OneOrZero
                  Metadata:
                  ExportFactorySharingBoundaries: 
                  ExportConstraints: 
                      ExportTypeIdentityConstraint
                          TypeIdentityName: Microsoft.VisualStudio.Composition.Tests.ExportMetadataNonStringValuesTests+PartWithIntMetadataValues
                      ImportMetadataViewConstraint
              ComposablePartType: Microsoft.VisualStudio.Composition.Tests.ExportMetadataNonStringValuesTests+ImportingPart
              ImportingMember: System.Lazy`2[Microsoft.VisualStudio.Composition.Tests.ExportMetadataNonStringValuesTests+PartWithIntMetadataValues,System.Collections.Generic.IDictionary`2[System.String,System.Object]] ImportingProperty
              ParameterInfo: 
              ImportingSiteType: System.Lazy`2[Microsoft.VisualStudio.Composition.Tests.ExportMetadataNonStringValuesTests+PartWithIntMetadataValues,System.Collections.Generic.IDictionary`2[System.String,System.Object]]
          ImportingConstructor:</StdOut>
      </Output>
    </UnitTestResult>
    <UnitTestResult executionId="b3a070be-1df3-4612-9116-79d2f1f35846" testId="d1156baf-f470-4c34-bf85-7dec62dbc646" testName="V3 composition (V1, V2)" computerName="DDBLD061B" duration="00:00:00.3100000" startTime="2015-04-27T07:08:30.3579429-07:00" endTime="2015-04-27T07:08:30.3579429-07:00" testType="13cdc9d9-ddb5-4fa4-a97d-d965ccfc6d4b" outcome="Passed" testListId="8c84fa94-04c1-424b-9868-57a2d4851a1d" relativeResultsDirectory="b3a070be-1df3-4612-9116-79d2f1f35846" />
    <UnitTestResult executionId="c9d24b32-841f-412e-b8a7-a45d08475da0" testId="54b953d6-b492-490c-98f3-9aed63a4fd9a" testName="V3 composition (V1)" computerName="DDBLD061B" duration="00:00:00.1720000" startTime="2015-04-27T07:08:30.3579429-07:00" endTime="2015-04-27T07:08:30.3579429-07:00" testType="13cdc9d9-ddb5-4fa4-a97d-d965ccfc6d4b" outcome="Passed" testListId="8c84fa94-04c1-424b-9868-57a2d4851a1d" relativeResultsDirectory="c9d24b32-841f-412e-b8a7-a45d08475da0" />
    <UnitTestResult executionId="7ce3a1e7-b642-4dd2-afbf-b27b54b16b1a" testId="9ce71cc7-b11b-481c-a09d-00a62e07c62c" testName="V3 engine (runtime)" computerName="DDBLD061B" duration="00:00:00.0010000" startTime="2015-04-27T07:08:30.3579429-07:00" endTime="2015-04-27T07:08:30.3579429-07:00" testType="13cdc9d9-ddb5-4fa4-a97d-d965ccfc6d4b" outcome="Passed" testListId="8c84fa94-04c1-424b-9868-57a2d4851a1d" relativeResultsDirectory="7ce3a1e7-b642-4dd2-afbf-b27b54b16b1a" />
    <UnitTestResult executionId="194e3921-1410-4158-b918-a149b3f91299" testId="a4ef9819-ea07-40cf-b450-f2eac1fbf3cd" testName="V1" computerName="DDBLD061B" duration="00:00:00.0060000" startTime="2015-04-27T07:08:30.7330072-07:00" endTime="2015-04-27T07:08:30.7330072-07:00" testType="13cdc9d9-ddb5-4fa4-a97d-d965ccfc6d4b" outcome="Passed" testListId="8c84fa94-04c1-424b-9868-57a2d4851a1d" relativeResultsDirectory="194e3921-1410-4158-b918-a149b3f91299" />
    <UnitTestResult executionId="66605857-694e-4e17-9d60-238d70488d88" testId="b3faf42c-ae11-489f-90b7-2bac65b22b89" testName="V3 engine (runtime)" computerName="DDBLD061B" duration="00:00:00.0160000" startTime="2015-04-27T07:08:30.7330072-07:00" endTime="2015-04-27T07:08:30.7330072-07:00" testType="13cdc9d9-ddb5-4fa4-a97d-d965ccfc6d4b" outcome="Passed" testListId="8c84fa94-04c1-424b-9868-57a2d4851a1d" relativeResultsDirectory="66605857-694e-4e17-9d60-238d70488d88">
      <Output>
        <StdOut>DGML written to: "D:\Temp\jyg1tafi.k33.dgml"
&lt;DirectedGraph Layout="Sugiyama" GraphDirection="RightToLeft" xmlns="http://schemas.microsoft.com/vs/2009/dgml"&gt;
  &lt;Nodes&gt;
    &lt;Node Id="Project" Label="Project" Group="Expanded" /&gt;
    &lt;Node Id="ConfiguredProject" Label="ConfiguredProject" Group="Expanded" /&gt;
    &lt;Node Id="Microsoft_VisualStudio_Composition_ExportProvider_ExportProviderAsExport" Label="Microsoft.VisualStudio.Composition.ExportProvider.ExportProviderAsExport" Category="VsMEFBuiltIn" /&gt;
    &lt;Node Id="Microsoft_VisualStudio_Composition_Tests_ProjectSystemMockTests_ProjectLock" Label="Microsoft.VisualStudio.Composition.Tests.ProjectSystemMockTests.ProjectLock" /&gt;
    &lt;Node Id="Microsoft_VisualStudio_Composition_Tests_ProjectSystemMockTests_ProjectPartB" Label="Microsoft.VisualStudio.Composition.Tests.ProjectSystemMockTests.ProjectPartB" /&gt;
    &lt;Node Id="Microsoft_VisualStudio_Composition_Tests_ProjectSystemMockTests_ProjectService" Label="Microsoft.VisualStudio.Composition.Tests.ProjectSystemMockTests.ProjectService" /&gt;
    &lt;Node Id="Microsoft_VisualStudio_Composition_Tests_ProjectSystemMockTests_ActiveConfiguredProject_1" Label="Microsoft.VisualStudio.Composition.Tests.ProjectSystemMockTests.ActiveConfiguredProject&amp;lt;T&amp;gt;" /&gt;
    &lt;Node Id="Microsoft_VisualStudio_Composition_MetadataViewClassProvider" Label="Microsoft.VisualStudio.Composition.MetadataViewClassProvider" Category="VsMEFBuiltIn" /&gt;
    &lt;Node Id="Microsoft_VisualStudio_Composition_NetFxAdapters_CompositionService" Label="Microsoft.VisualStudio.Composition.NetFxAdapters.CompositionService" Category="VsMEFBuiltIn" /&gt;
    &lt;Node Id="Microsoft_VisualStudio_Composition_Tests_ProjectSystemMockTests_ProjectPartA" Label="Microsoft.VisualStudio.Composition.Tests.ProjectSystemMockTests.ProjectPartA" /&gt;
    &lt;Node Id="Microsoft_VisualStudio_Composition_Tests_ProjectSystemMockTests_ActiveConfiguredProjectSubscriptionService" Label="Microsoft.VisualStudio.Composition.Tests.ProjectSystemMockTests.ActiveConfiguredProjectSubscriptionService" /&gt;
    &lt;Node Id="Microsoft_VisualStudio_Composition_ExportMetadataViewInterfaceEmitProxy_MetadataViewProxyProvider" Label="Microsoft.VisualStudio.Composition.ExportMetadataViewInterfaceEmitProxy.MetadataViewProxyProvider" Category="VsMEFBuiltIn" /&gt;
    &lt;Node Id="Microsoft_VisualStudio_Composition_PassthroughMetadataViewProvider" Label="Microsoft.VisualStudio.Composition.PassthroughMetadataViewProvider" Category="VsMEFBuiltIn" /&gt;
    &lt;Node Id="Microsoft_VisualStudio_Composition_Tests_ProjectSystemMockTests_ProjectActiveConfiguration" Label="Microsoft.VisualStudio.Composition.Tests.ProjectSystemMockTests.ProjectActiveConfiguration" /&gt;
    &lt;Node Id="Microsoft_VisualStudio_Composition_Tests_ProjectSystemMockTests_ConfiguredProject" Label="Microsoft.VisualStudio.Composition.Tests.ProjectSystemMockTests.ConfiguredProject" /&gt;
    &lt;Node Id="Microsoft_VisualStudio_Composition_Tests_ProjectSystemMockTests_Project" Label="Microsoft.VisualStudio.Composition.Tests.ProjectSystemMockTests.Project" /&gt;
    &lt;Node Id="Microsoft_VisualStudio_Composition_NetFxAdapters_AssemblyLoadCodeBasePathLoader" Label="Microsoft.VisualStudio.Composition.NetFxAdapters.AssemblyLoadCodeBasePathLoader" Category="VsMEFBuiltIn" /&gt;
    &lt;Node Id="Microsoft_VisualStudio_Composition_Tests_ProjectSystemMockTests_ProjectSubscriptionService" Label="Microsoft.VisualStudio.Composition.Tests.ProjectSystemMockTests.ProjectSubscriptionService" /&gt;
    &lt;Node Id="Microsoft_VisualStudio_Composition_NetFxAdapters_MetadataViewImplProxy" Label="Microsoft.VisualStudio.Composition.NetFxAdapters.MetadataViewImplProxy" Category="VsMEFBuiltIn" /&gt;
  &lt;/Nodes&gt;
  &lt;Links&gt;
    &lt;Link Source="Microsoft_VisualStudio_Composition_Tests_ProjectSystemMockTests_Project" Target="Microsoft_VisualStudio_Composition_Tests_ProjectSystemMockTests_ProjectService" Category="ExportFactory" /&gt;
    &lt;Link Source="Project" Target="Microsoft_VisualStudio_Composition_Tests_ProjectSystemMockTests_ActiveConfiguredProject_1" Category="Contains" /&gt;
    &lt;Link Source="Microsoft_VisualStudio_Composition_ExportProvider_ExportProviderAsExport" Target="Microsoft_VisualStudio_Composition_NetFxAdapters_CompositionService" /&gt;
    &lt;Link Source="Project" Target="Microsoft_VisualStudio_Composition_Tests_ProjectSystemMockTests_ActiveConfiguredProjectSubscriptionService" Category="Contains" /&gt;
    &lt;Link Source="Project" Target="Microsoft_VisualStudio_Composition_Tests_ProjectSystemMockTests_ProjectActiveConfiguration" Category="Contains" /&gt;
    &lt;Link Source="Microsoft_VisualStudio_Composition_Tests_ProjectSystemMockTests_Project" Target="Microsoft_VisualStudio_Composition_Tests_ProjectSystemMockTests_ProjectActiveConfiguration" /&gt;
    &lt;Link Source="ConfiguredProject" Target="Microsoft_VisualStudio_Composition_Tests_ProjectSystemMockTests_ConfiguredProject" Category="Contains" /&gt;
    &lt;Link Source="Microsoft_VisualStudio_Composition_Tests_ProjectSystemMockTests_ProjectSubscriptionService" Target="Microsoft_VisualStudio_Composition_Tests_ProjectSystemMockTests_ConfiguredProject" /&gt;
    &lt;Link Source="Microsoft_VisualStudio_Composition_Tests_ProjectSystemMockTests_Project" Target="Microsoft_VisualStudio_Composition_Tests_ProjectSystemMockTests_ConfiguredProject" /&gt;
    &lt;Link Source="Project" Target="Microsoft_VisualStudio_Composition_Tests_ProjectSystemMockTests_Project" Category="Contains" /&gt;
    &lt;Link Source="Microsoft_VisualStudio_Composition_Tests_ProjectSystemMockTests_ProjectService" Target="Microsoft_VisualStudio_Composition_Tests_ProjectSystemMockTests_Project" /&gt;
    &lt;Link Source="Microsoft_VisualStudio_Composition_Tests_ProjectSystemMockTests_ProjectActiveConfiguration" Target="Microsoft_VisualStudio_Composition_Tests_ProjectSystemMockTests_Project" /&gt;
    &lt;Link Source="Microsoft_VisualStudio_Composition_Tests_ProjectSystemMockTests_ActiveConfiguredProjectSubscriptionService" Target="Microsoft_VisualStudio_Composition_Tests_ProjectSystemMockTests_Project" /&gt;
    &lt;Link Source="Microsoft_VisualStudio_Composition_Tests_ProjectSystemMockTests_ConfiguredProject" Target="Microsoft_VisualStudio_Composition_Tests_ProjectSystemMockTests_Project" Category="ExportFactory" /&gt;
    &lt;Link Source="Microsoft_VisualStudio_Composition_Tests_ProjectSystemMockTests_ProjectPartA" Target="Microsoft_VisualStudio_Composition_Tests_ProjectSystemMockTests_Project" /&gt;
    &lt;Link Source="Microsoft_VisualStudio_Composition_Tests_ProjectSystemMockTests_ProjectPartB" Target="Microsoft_VisualStudio_Composition_Tests_ProjectSystemMockTests_Project" /&gt;
    &lt;Link Source="ConfiguredProject" Target="Microsoft_VisualStudio_Composition_Tests_ProjectSystemMockTests_ProjectSubscriptionService" Category="Contains" /&gt;
  &lt;/Links&gt;
  &lt;Categories&gt;
    &lt;Category Id="Contains" IsContainment="True" /&gt;
  &lt;/Categories&gt;
  &lt;Styles&gt;
    &lt;Style TargetType="Link" GroupLabel="ExportFactory"&gt;
      &lt;Condition Expression="HasCategory('ExportFactory')" /&gt;
      &lt;Setter Property="StrokeDashArray" Value="2,2" /&gt;
    &lt;/Style&gt;
    &lt;Style TargetType="Node" GroupLabel="VsMEFBuiltIn"&gt;
      &lt;Condition Expression="HasCategory('VsMEFBuiltIn')" /&gt;
      &lt;Setter Property="Visibility" Value="Hidden" /&gt;
    &lt;/Style&gt;
  &lt;/Styles&gt;
&lt;/DirectedGraph&gt;</StdOut>
      </Output>
    </UnitTestResult>
    <UnitTestResult executionId="080a5bb4-3e48-4ff2-b984-cca4f7ee3393" testId="6f3ec548-68b4-453f-8162-f7091f075f6c" testName="V2" computerName="DDBLD061B" duration="00:00:00.0090000" startTime="2015-04-27T07:08:30.7330072-07:00" endTime="2015-04-27T07:08:30.7330072-07:00" testType="13cdc9d9-ddb5-4fa4-a97d-d965ccfc6d4b" outcome="Passed" testListId="8c84fa94-04c1-424b-9868-57a2d4851a1d" relativeResultsDirectory="080a5bb4-3e48-4ff2-b984-cca4f7ee3393" />
    <UnitTestResult executionId="6fc981f1-aa24-443c-9464-e6539ffcddc2" testId="4effc2f7-31d2-4c23-a780-3d842fa8115f" testName="V3 composition (V1, V2)" computerName="DDBLD061B" duration="00:00:00.3900000" startTime="2015-04-27T07:08:30.7330072-07:00" endTime="2015-04-27T07:08:30.7330072-07:00" testType="13cdc9d9-ddb5-4fa4-a97d-d965ccfc6d4b" outcome="Passed" testListId="8c84fa94-04c1-424b-9868-57a2d4851a1d" relativeResultsDirectory="6fc981f1-aa24-443c-9464-e6539ffcddc2">
      <Output>
        <StdOut>Catalog AttributedPartDiscoveryV1 vs. AttributedPartDiscovery
      Part
          Type: Microsoft.VisualStudio.Composition.Tests.MixedGenericExportsTests+Forest
+         Part metadata:
+             SharingBoundary = 
          SharingBoundary: 
-         IsSharingBoundaryInferred: True
-         CreationPolicy: Any
+         IsSharingBoundaryInferred: False
+         CreationPolicy: Shared
          OnImportsSatisfied: &lt;null&gt;
          ExportedTypes:
          ExportingMembers:
              AppleTree
                  ContractName: Microsoft.VisualStudio.Composition.Tests.MixedGenericExportsTests+Tree(Microsoft.VisualStudio.Composition.Tests.MixedGenericExportsTests+Apple)
                  Metadata:
                      ExportTypeIdentity = Microsoft.VisualStudio.Composition.Tests.MixedGenericExportsTests+Tree(Microsoft.VisualStudio.Composition.Tests.MixedGenericExportsTests+Apple)
+                     System.ComponentModel.Composition.CreationPolicy = Shared
                      Origin = Forest
          ImportingMembers:
          ImportingConstructor:
      Part
          Type: Microsoft.VisualStudio.Composition.Tests.MixedGenericExportsTests+Tree`1
+         Part metadata:
+             SharingBoundary = 
          SharingBoundary: 
-         IsSharingBoundaryInferred: True
-         CreationPolicy: Any
+         IsSharingBoundaryInferred: False
+         CreationPolicy: Shared
          OnImportsSatisfied: &lt;null&gt;
          ExportedTypes:
              ExportDefinition
                  ContractName: Microsoft.VisualStudio.Composition.Tests.MixedGenericExportsTests+Tree({0})
                  Metadata:
                      ExportTypeIdentity = Microsoft.VisualStudio.Composition.Tests.MixedGenericExportsTests+Tree({0})
+                     System.ComponentModel.Composition.CreationPolicy = Shared
                      Origin = Lone
          ExportingMembers:
          ImportingMembers:
          ImportingConstructor:</StdOut>
      </Output>
    </UnitTestResult>
    <UnitTestResult executionId="f8a4de03-a7f7-46b1-b881-6f819ed224af" testId="6d4683a1-c922-43b0-818e-c0ebe4bac426" testName="V3 composition (V1)" computerName="DDBLD061B" duration="00:00:00.1830000" startTime="2015-04-27T07:08:30.7330072-07:00" endTime="2015-04-27T07:08:30.7330072-07:00" testType="13cdc9d9-ddb5-4fa4-a97d-d965ccfc6d4b" outcome="Passed" testListId="8c84fa94-04c1-424b-9868-57a2d4851a1d" relativeResultsDirectory="f8a4de03-a7f7-46b1-b881-6f819ed224af" />
    <UnitTestResult executionId="d1fe943a-3aac-423f-8997-c1960ad8f49e" testId="e069d54b-9632-4575-9dcc-b283a2ef6893" testName="V2" computerName="DDBLD061B" duration="00:00:00.0210000" startTime="2015-04-27T07:08:30.7330072-07:00" endTime="2015-04-27T07:08:30.7330072-07:00" testType="13cdc9d9-ddb5-4fa4-a97d-d965ccfc6d4b" outcome="Passed" testListId="8c84fa94-04c1-424b-9868-57a2d4851a1d" relativeResultsDirectory="d1fe943a-3aac-423f-8997-c1960ad8f49e" />
    <UnitTestResult executionId="715e3207-6f20-4f36-bb43-675e8f81afb8" testId="3a92ab3a-d30a-4a53-b072-76607f02eac0" testName="V3 composition (V1, V2)" computerName="DDBLD061B" duration="00:00:00.3300000" startTime="2015-04-27T07:08:30.7330072-07:00" endTime="2015-04-27T07:08:30.7330072-07:00" testType="13cdc9d9-ddb5-4fa4-a97d-d965ccfc6d4b" outcome="Passed" testListId="8c84fa94-04c1-424b-9868-57a2d4851a1d" relativeResultsDirectory="715e3207-6f20-4f36-bb43-675e8f81afb8">
      <Output>
        <StdOut>Catalog AttributedPartDiscoveryV1 vs. AttributedPartDiscovery
      Part
          Type: Microsoft.VisualStudio.Composition.Tests.ExportMetadataTests+ExportWithBoolMetadata
-         SharingBoundary: 
-         IsSharingBoundaryInferred: True
-         CreationPolicy: Any
+         SharingBoundary: &lt;null&gt;
+         IsSharingBoundaryInferred: False
+         CreationPolicy: NonShared
          OnImportsSatisfied: &lt;null&gt;
          ExportedTypes:
              ExportDefinition
                  ContractName: Microsoft.VisualStudio.Composition.Tests.ExportMetadataTests+ExportWithBoolMetadata
                  Metadata:
                      ExportTypeIdentity = Microsoft.VisualStudio.Composition.Tests.ExportMetadataTests+ExportWithBoolMetadata
+                     System.ComponentModel.Composition.CreationPolicy = NonShared
                      SomeName = True
          ExportingMembers:
          ImportingMembers:
          ImportingConstructor:
      Part
          Type: Microsoft.VisualStudio.Composition.Tests.ExportMetadataTests+PartThatImportsBoolMetadata
-         SharingBoundary: 
-         IsSharingBoundaryInferred: True
-         CreationPolicy: Any
+         SharingBoundary: &lt;null&gt;
+         IsSharingBoundaryInferred: False
+         CreationPolicy: NonShared
          OnImportsSatisfied: &lt;null&gt;
          ExportedTypes:
              ExportDefinition
                  ContractName: Microsoft.VisualStudio.Composition.Tests.ExportMetadataTests+PartThatImportsBoolMetadata
                  Metadata:
                      ExportTypeIdentity = Microsoft.VisualStudio.Composition.Tests.ExportMetadataTests+PartThatImportsBoolMetadata
+                     System.ComponentModel.Composition.CreationPolicy = NonShared
          ExportingMembers:
          ImportingMembers:
              ImportDefinition:
                  ContractName: Microsoft.VisualStudio.Composition.Tests.ExportMetadataTests+ExportWithBoolMetadata
                  Cardinality: ExactlyOne
                  Metadata:
                  ExportFactorySharingBoundaries: 
                  ExportConstraints: 
                      ExportTypeIdentityConstraint
                          TypeIdentityName: Microsoft.VisualStudio.Composition.Tests.ExportMetadataTests+ExportWithBoolMetadata
                      ImportMetadataViewConstraint
              ComposablePartType: Microsoft.VisualStudio.Composition.Tests.ExportMetadataTests+PartThatImportsBoolMetadata
              ImportingMember: System.Lazy`2[Microsoft.VisualStudio.Composition.Tests.ExportMetadataTests+ExportWithBoolMetadata,System.Collections.Generic.IDictionary`2[System.String,System.Object]] ImportingProperty
              ParameterInfo: 
              ImportingSiteType: System.Lazy`2[Microsoft.VisualStudio.Composition.Tests.ExportMetadataTests+ExportWithBoolMetadata,System.Collections.Generic.IDictionary`2[System.String,System.Object]]
          ImportingConstructor:</StdOut>
      </Output>
    </UnitTestResult>
    <UnitTestResult executionId="fa9c48aa-9c46-4824-ad0a-4de743853a7e" testId="d80ea29b-5e21-40ca-8457-9a84547c5ccc" testName="V3 composition (V1, V2)" computerName="DDBLD061B" duration="00:00:00.3460000" startTime="2015-04-27T07:08:30.7330072-07:00" endTime="2015-04-27T07:08:30.7330072-07:00" testType="13cdc9d9-ddb5-4fa4-a97d-d965ccfc6d4b" outcome="Passed" testListId="8c84fa94-04c1-424b-9868-57a2d4851a1d" relativeResultsDirectory="fa9c48aa-9c46-4824-ad0a-4de743853a7e">
      <Output>
        <StdOut>Catalog AttributedPartDiscoveryV1 vs. AttributedPartDiscovery
      Part
          Type: Microsoft.VisualStudio.Composition.Tests.NamedTypedExportTests+Apple
+         Part metadata:
+             SharingBoundary = 
          SharingBoundary: 
-         IsSharingBoundaryInferred: True
-         CreationPolicy: Any
+         IsSharingBoundaryInferred: False
+         CreationPolicy: Shared
          OnImportsSatisfied: &lt;null&gt;
          ExportedTypes:
              ExportDefinition
                  ContractName: Microsoft.VisualStudio.Composition.Tests.NamedTypedExportTests+Fruit
                  Metadata:
                      ExportTypeIdentity = Microsoft.VisualStudio.Composition.Tests.NamedTypedExportTests+Fruit
+                     System.ComponentModel.Composition.CreationPolicy = Shared
          ExportingMembers:
          ImportingMembers:
          ImportingConstructor:</StdOut>
      </Output>
    </UnitTestResult>
    <UnitTestResult executionId="b1700317-5b96-492c-bc4b-8239d6b90336" testId="667763ee-6fda-435b-8bf2-bef15a8af354" testName="V3 composition (V1, V2)" computerName="DDBLD061B" duration="00:00:00.3120000" startTime="2015-04-27T07:08:30.7330072-07:00" endTime="2015-04-27T07:08:30.7330072-07:00" testType="13cdc9d9-ddb5-4fa4-a97d-d965ccfc6d4b" outcome="Passed" testListId="8c84fa94-04c1-424b-9868-57a2d4851a1d" relativeResultsDirectory="b1700317-5b96-492c-bc4b-8239d6b90336" />
    <UnitTestResult executionId="1aa3fe8f-b803-403a-9647-167775c1d0b1" testId="7bbc1e3a-2ee6-4a2a-a55f-8cd76e47d848" testName="V3 composition (V1)" computerName="DDBLD061B" duration="00:00:00.2020000" startTime="2015-04-27T07:08:30.9361355-07:00" endTime="2015-04-27T07:08:30.9361355-07:00" testType="13cdc9d9-ddb5-4fa4-a97d-d965ccfc6d4b" outcome="Passed" testListId="8c84fa94-04c1-424b-9868-57a2d4851a1d" relativeResultsDirectory="1aa3fe8f-b803-403a-9647-167775c1d0b1" />
    <UnitTestResult executionId="c77ba19d-7675-41db-a6e8-d32aec3a62f9" testId="61a8be6c-2467-46ba-b3cd-c12698304137" testName="V3 composition (V1)" computerName="DDBLD061B" duration="00:00:00.1950000" startTime="2015-04-27T07:08:30.9361355-07:00" endTime="2015-04-27T07:08:30.9361355-07:00" testType="13cdc9d9-ddb5-4fa4-a97d-d965ccfc6d4b" outcome="Passed" testListId="8c84fa94-04c1-424b-9868-57a2d4851a1d" relativeResultsDirectory="c77ba19d-7675-41db-a6e8-d32aec3a62f9" />
    <UnitTestResult executionId="0d3689c9-ee52-43c8-b4b3-dd5862d7a610" testId="04ca4cdd-1633-4d99-8427-eca1de3cd1d0" testName="V3 composition (V1, V2)" computerName="DDBLD061B" duration="00:00:00.4150000" startTime="2015-04-27T07:08:30.9361355-07:00" endTime="2015-04-27T07:08:30.9361355-07:00" testType="13cdc9d9-ddb5-4fa4-a97d-d965ccfc6d4b" outcome="Passed" testListId="8c84fa94-04c1-424b-9868-57a2d4851a1d" relativeResultsDirectory="0d3689c9-ee52-43c8-b4b3-dd5862d7a610">
      <Output>
        <StdOut>Catalog AttributedPartDiscoveryV1 vs. AttributedPartDiscovery
      Part
          Type: Microsoft.VisualStudio.Composition.Tests.LazyImportTests+Link1
+         Part metadata:
+             SharingBoundary = 
          SharingBoundary: 
-         IsSharingBoundaryInferred: True
-         CreationPolicy: Any
+         IsSharingBoundaryInferred: False
+         CreationPolicy: Shared
          OnImportsSatisfied: &lt;null&gt;
          ExportedTypes:
              ExportDefinition
                  ContractName: Microsoft.VisualStudio.Composition.Tests.LazyImportTests+Link1
                  Metadata:
                      ExportTypeIdentity = Microsoft.VisualStudio.Composition.Tests.LazyImportTests+Link1
+                     System.ComponentModel.Composition.CreationPolicy = Shared
          ExportingMembers:
          ImportingMembers:
              ImportDefinition:
                  ContractName: Microsoft.VisualStudio.Composition.Tests.LazyImportTests+Link2
                  Cardinality: ExactlyOne
                  Metadata:
                  ExportFactorySharingBoundaries: 
                  ExportConstraints: 
                      ExportTypeIdentityConstraint
                          TypeIdentityName: Microsoft.VisualStudio.Composition.Tests.LazyImportTests+Link2
              ComposablePartType: Microsoft.VisualStudio.Composition.Tests.LazyImportTests+Link1
              ImportingMember: System.Lazy`1[Microsoft.VisualStudio.Composition.Tests.LazyImportTests+Link2] Link
              ParameterInfo: 
              ImportingSiteType: System.Lazy`1[Microsoft.VisualStudio.Composition.Tests.LazyImportTests+Link2]
          ImportingConstructor:
      Part
          Type: Microsoft.VisualStudio.Composition.Tests.LazyImportTests+Link2
+         Part metadata:
+             SharingBoundary = 
          SharingBoundary: 
-         IsSharingBoundaryInferred: True
-         CreationPolicy: Any
+         IsSharingBoundaryInferred: False
+         CreationPolicy: Shared
          OnImportsSatisfied: &lt;null&gt;
          ExportedTypes:
              ExportDefinition
                  ContractName: Microsoft.VisualStudio.Composition.Tests.LazyImportTests+Link2
                  Metadata:
                      ExportTypeIdentity = Microsoft.VisualStudio.Composition.Tests.LazyImportTests+Link2
+                     System.ComponentModel.Composition.CreationPolicy = Shared
          ExportingMembers:
          ImportingMembers:
              ImportDefinition:
                  ContractName: Microsoft.VisualStudio.Composition.Tests.LazyImportTests+Link3
                  Cardinality: ExactlyOne
                  Metadata:
                  ExportFactorySharingBoundaries: 
                  ExportConstraints: 
                      ExportTypeIdentityConstraint
                          TypeIdentityName: Microsoft.VisualStudio.Composition.Tests.LazyImportTests+Link3
              ComposablePartType: Microsoft.VisualStudio.Composition.Tests.LazyImportTests+Link2
              ImportingMember: Link3 Link
              ParameterInfo: 
              ImportingSiteType: Microsoft.VisualStudio.Composition.Tests.LazyImportTests+Link3
          ImportingConstructor:
      Part
          Type: Microsoft.VisualStudio.Composition.Tests.LazyImportTests+Link3
+         Part metadata:
+             SharingBoundary = 
          SharingBoundary: 
-         IsSharingBoundaryInferred: True
-         CreationPolicy: Any
+         IsSharingBoundaryInferred: False
+         CreationPolicy: Shared
          OnImportsSatisfied: &lt;null&gt;
          ExportedTypes:
              ExportDefinition
                  ContractName: Microsoft.VisualStudio.Composition.Tests.LazyImportTests+Link3
                  Metadata:
                      ExportTypeIdentity = Microsoft.VisualStudio.Composition.Tests.LazyImportTests+Link3
+                     System.ComponentModel.Composition.CreationPolicy = Shared
          ExportingMembers:
          ImportingMembers:
              ImportDefinition:
                  ContractName: Microsoft.VisualStudio.Composition.Tests.LazyImportTests+Link4
                  Cardinality: ExactlyOne
                  Metadata:
                  ExportFactorySharingBoundaries: 
                  ExportConstraints: 
                      ExportTypeIdentityConstraint
                          TypeIdentityName: Microsoft.VisualStudio.Composition.Tests.LazyImportTests+Link4
              ComposablePartType: Microsoft.VisualStudio.Composition.Tests.LazyImportTests+Link3
              ImportingMember: Link4 Link
              ParameterInfo: 
              ImportingSiteType: Microsoft.VisualStudio.Composition.Tests.LazyImportTests+Link4
          ImportingConstructor:
      Part
          Type: Microsoft.VisualStudio.Composition.Tests.LazyImportTests+Link4
+         Part metadata:
+             SharingBoundary = 
          SharingBoundary: 
-         IsSharingBoundaryInferred: True
-         CreationPolicy: Any
+         IsSharingBoundaryInferred: False
+         CreationPolicy: Shared
          OnImportsSatisfied: &lt;null&gt;
          ExportedTypes:
              ExportDefinition
                  ContractName: Microsoft.VisualStudio.Composition.Tests.LazyImportTests+Link4
                  Metadata:
                      ExportTypeIdentity = Microsoft.VisualStudio.Composition.Tests.LazyImportTests+Link4
+                     System.ComponentModel.Composition.CreationPolicy = Shared
          ExportingMembers:
          ImportingMembers:
              ImportDefinition:
                  ContractName: Microsoft.VisualStudio.Composition.Tests.LazyImportTests+Link5
                  Cardinality: ExactlyOne
                  Metadata:
                  ExportFactorySharingBoundaries: 
                  ExportConstraints: 
                      ExportTypeIdentityConstraint
                          TypeIdentityName: Microsoft.VisualStudio.Composition.Tests.LazyImportTests+Link5
              ComposablePartType: Microsoft.VisualStudio.Composition.Tests.LazyImportTests+Link4
              ImportingMember: Link5 Link
              ParameterInfo: 
              ImportingSiteType: Microsoft.VisualStudio.Composition.Tests.LazyImportTests+Link5
          ImportingConstructor:
      Part
          Type: Microsoft.VisualStudio.Composition.Tests.LazyImportTests+Link5
+         Part metadata:
+             SharingBoundary = 
          SharingBoundary: 
-         IsSharingBoundaryInferred: True
-         CreationPolicy: Any
+         IsSharingBoundaryInferred: False
+         CreationPolicy: Shared
          OnImportsSatisfied: &lt;null&gt;
          ExportedTypes:
              ExportDefinition
                  ContractName: Microsoft.VisualStudio.Composition.Tests.LazyImportTests+Link5
                  Metadata:
                      ExportTypeIdentity = Microsoft.VisualStudio.Composition.Tests.LazyImportTests+Link5
+                     System.ComponentModel.Composition.CreationPolicy = Shared
          ExportingMembers:
          ImportingMembers:
              ImportDefinition:
                  ContractName: Microsoft.VisualStudio.Composition.Tests.LazyImportTests+Link6
                  Cardinality: ExactlyOne
                  Metadata:
                  ExportFactorySharingBoundaries: 
                  ExportConstraints: 
                      ExportTypeIdentityConstraint
                          TypeIdentityName: Microsoft.VisualStudio.Composition.Tests.LazyImportTests+Link6
              ComposablePartType: Microsoft.VisualStudio.Composition.Tests.LazyImportTests+Link5
              ImportingMember: Link6 Link
              ParameterInfo: 
              ImportingSiteType: Microsoft.VisualStudio.Composition.Tests.LazyImportTests+Link6
          ImportingConstructor:
      Part
          Type: Microsoft.VisualStudio.Composition.Tests.LazyImportTests+Link6
+         Part metadata:
+             SharingBoundary = 
          SharingBoundary: 
-         IsSharingBoundaryInferred: True
-         CreationPolicy: Any
+         IsSharingBoundaryInferred: False
+         CreationPolicy: Shared
          OnImportsSatisfied: &lt;null&gt;
          ExportedTypes:
              ExportDefinition
                  ContractName: Microsoft.VisualStudio.Composition.Tests.LazyImportTests+Link6
                  Metadata:
                      ExportTypeIdentity = Microsoft.VisualStudio.Composition.Tests.LazyImportTests+Link6
+                     System.ComponentModel.Composition.CreationPolicy = Shared
          ExportingMembers:
          ImportingMembers:
              ImportDefinition:
                  ContractName: Microsoft.VisualStudio.Composition.Tests.LazyImportTests+Link7
                  Cardinality: ExactlyOne
                  Metadata:
                  ExportFactorySharingBoundaries: 
                  ExportConstraints: 
                      ExportTypeIdentityConstraint
                          TypeIdentityName: Microsoft.VisualStudio.Composition.Tests.LazyImportTests+Link7
              ComposablePartType: Microsoft.VisualStudio.Composition.Tests.LazyImportTests+Link6
              ImportingMember: Link7 Link
              ParameterInfo: 
              ImportingSiteType: Microsoft.VisualStudio.Composition.Tests.LazyImportTests+Link7
          ImportingConstructor:
      Part
          Type: Microsoft.VisualStudio.Composition.Tests.LazyImportTests+Link7
+         Part metadata:
+             SharingBoundary = 
          SharingBoundary: 
-         IsSharingBoundaryInferred: True
-         CreationPolicy: Any
+         IsSharingBoundaryInferred: False
+         CreationPolicy: Shared
          OnImportsSatisfied: &lt;null&gt;
          ExportedTypes:
              ExportDefinition
                  ContractName: Microsoft.VisualStudio.Composition.Tests.LazyImportTests+Link7
                  Metadata:
                      ExportTypeIdentity = Microsoft.VisualStudio.Composition.Tests.LazyImportTests+Link7
+                     System.ComponentModel.Composition.CreationPolicy = Shared
          ExportingMembers:
          ImportingMembers:
              ImportDefinition:
                  ContractName: Microsoft.VisualStudio.Composition.Tests.LazyImportTests+Link8
                  Cardinality: ExactlyOne
                  Metadata:
                  ExportFactorySharingBoundaries: 
                  ExportConstraints: 
                      ExportTypeIdentityConstraint
                          TypeIdentityName: Microsoft.VisualStudio.Composition.Tests.LazyImportTests+Link8
              ComposablePartType: Microsoft.VisualStudio.Composition.Tests.LazyImportTests+Link7
              ImportingMember: Link8 Link
              ParameterInfo: 
              ImportingSiteType: Microsoft.VisualStudio.Composition.Tests.LazyImportTests+Link8
          ImportingConstructor:
      Part
          Type: Microsoft.VisualStudio.Composition.Tests.LazyImportTests+Link8
+         Part metadata:
+             SharingBoundary = 
          SharingBoundary: 
-         IsSharingBoundaryInferred: True
-         CreationPolicy: Any
+         IsSharingBoundaryInferred: False
+         CreationPolicy: Shared
          OnImportsSatisfied: &lt;null&gt;
          ExportedTypes:
              ExportDefinition
                  ContractName: Microsoft.VisualStudio.Composition.Tests.LazyImportTests+Link8
                  Metadata:
                      ExportTypeIdentity = Microsoft.VisualStudio.Composition.Tests.LazyImportTests+Link8
+                     System.ComponentModel.Composition.CreationPolicy = Shared
          ExportingMembers:
          ImportingMembers:
              ImportDefinition:
                  ContractName: Microsoft.VisualStudio.Composition.Tests.LazyImportTests+Link9
                  Cardinality: ExactlyOne
                  Metadata:
                  ExportFactorySharingBoundaries: 
                  ExportConstraints: 
                      ExportTypeIdentityConstraint
                          TypeIdentityName: Microsoft.VisualStudio.Composition.Tests.LazyImportTests+Link9
              ComposablePartType: Microsoft.VisualStudio.Composition.Tests.LazyImportTests+Link8
              ImportingMember: Link9 Link
              ParameterInfo: 
              ImportingSiteType: Microsoft.VisualStudio.Composition.Tests.LazyImportTests+Link9
          ImportingConstructor:
      Part
          Type: Microsoft.VisualStudio.Composition.Tests.LazyImportTests+Link9
+         Part metadata:
+             SharingBoundary = 
          SharingBoundary: 
-         IsSharingBoundaryInferred: True
-         CreationPolicy: Any
+         IsSharingBoundaryInferred: False
+         CreationPolicy: Shared
          OnImportsSatisfied: &lt;null&gt;
          ExportedTypes:
              ExportDefinition
                  ContractName: Microsoft.VisualStudio.Composition.Tests.LazyImportTests+Link9
                  Metadata:
                      ExportTypeIdentity = Microsoft.VisualStudio.Composition.Tests.LazyImportTests+Link9
+                     System.ComponentModel.Composition.CreationPolicy = Shared
          ExportingMembers:
          ImportingMembers:
              ImportDefinition:
                  ContractName: Microsoft.VisualStudio.Composition.Tests.LazyImportTests+AnotherExport
                  Cardinality: ExactlyOne
                  Metadata:
                  ExportFactorySharingBoundaries: 
                  ExportConstraints: 
                      ExportTypeIdentityConstraint
                          TypeIdentityName: Microsoft.VisualStudio.Composition.Tests.LazyImportTests+AnotherExport
              ComposablePartType: Microsoft.VisualStudio.Composition.Tests.LazyImportTests+Link9
              ImportingMember: AnotherExport Link
              ParameterInfo: 
              ImportingSiteType: Microsoft.VisualStudio.Composition.Tests.LazyImportTests+AnotherExport
          ImportingConstructor:
      Part
          Type: Microsoft.VisualStudio.Composition.Tests.LazyImportTests+AnotherExport
-         SharingBoundary: 
-         IsSharingBoundaryInferred: True
-         CreationPolicy: Any
+         SharingBoundary: &lt;null&gt;
+         IsSharingBoundaryInferred: False
+         CreationPolicy: NonShared
          OnImportsSatisfied: &lt;null&gt;
          ExportedTypes:
+             ExportDefinition
+                 ContractName: AnotherExport
+                 Metadata:
+                     ExportTypeIdentity = System.Object
+                     System.ComponentModel.Composition.CreationPolicy = NonShared
              ExportDefinition
                  ContractName: Microsoft.VisualStudio.Composition.Tests.LazyImportTests+AnotherExport
                  Metadata:
                      ExportTypeIdentity = Microsoft.VisualStudio.Composition.Tests.LazyImportTests+AnotherExport
+                     System.ComponentModel.Composition.CreationPolicy = NonShared
          ExportingMembers:
          ImportingMembers:
          ImportingConstructor:</StdOut>
      </Output>
    </UnitTestResult>
    <UnitTestResult executionId="a7a95b3d-6158-41f9-b21f-a36a1ff330eb" testId="722ea122-73bb-4ba5-b616-05e0e4a5ff1a" testName="V3 composition (V1, V2)" computerName="DDBLD061B" duration="00:00:00.4180000" startTime="2015-04-27T07:08:30.9361355-07:00" endTime="2015-04-27T07:08:30.9361355-07:00" testType="13cdc9d9-ddb5-4fa4-a97d-d965ccfc6d4b" outcome="Passed" testListId="8c84fa94-04c1-424b-9868-57a2d4851a1d" relativeResultsDirectory="a7a95b3d-6158-41f9-b21f-a36a1ff330eb">
      <Output>
        <StdOut>Catalog AttributedPartDiscoveryV1 vs. AttributedPartDiscovery
      Part
          Type: Microsoft.VisualStudio.Composition.Tests.MultipleExportsOnPartTests+NonSharedExport
          SharingBoundary: &lt;null&gt;
          IsSharingBoundaryInferred: False
          CreationPolicy: NonShared
          OnImportsSatisfied: &lt;null&gt;
          ExportedTypes:
              ExportDefinition
                  ContractName: Microsoft.VisualStudio.Composition.Tests.MultipleExportsOnPartTests+NonSharedExport
                  Metadata:
                      ExportTypeIdentity = Microsoft.VisualStudio.Composition.Tests.MultipleExportsOnPartTests+NonSharedExport
                      System.ComponentModel.Composition.CreationPolicy = NonShared
              ExportDefinition
                  ContractName: NonSharedExport
                  Metadata:
                      ExportTypeIdentity = System.Object
                      System.ComponentModel.Composition.CreationPolicy = NonShared
          ExportingMembers:
          ImportingMembers:
          ImportingConstructor:
      Part
          Type: Microsoft.VisualStudio.Composition.Tests.MultipleExportsOnPartTests+SharedExport
+         Part metadata:
+             SharingBoundary = 
          SharingBoundary: 
-         IsSharingBoundaryInferred: True
-         CreationPolicy: Any
+         IsSharingBoundaryInferred: False
+         CreationPolicy: Shared
          OnImportsSatisfied: &lt;null&gt;
          ExportedTypes:
              ExportDefinition
                  ContractName: Microsoft.VisualStudio.Composition.Tests.MultipleExportsOnPartTests+SharedExport
                  Metadata:
                      ExportTypeIdentity = Microsoft.VisualStudio.Composition.Tests.MultipleExportsOnPartTests+SharedExport
+                     System.ComponentModel.Composition.CreationPolicy = Shared
              ExportDefinition
                  ContractName: SharedExport
                  Metadata:
                      ExportTypeIdentity = System.Object
+                     System.ComponentModel.Composition.CreationPolicy = Shared
          ExportingMembers:
          ImportingMembers:
          ImportingConstructor:
      Part
          Type: Microsoft.VisualStudio.Composition.Tests.MultipleExportsOnPartTests+MultipleImportsForSamePart
          SharingBoundary: &lt;null&gt;
          IsSharingBoundaryInferred: False
          CreationPolicy: NonShared
          OnImportsSatisfied: &lt;null&gt;
          ExportedTypes:
              ExportDefinition
                  ContractName: Microsoft.VisualStudio.Composition.Tests.MultipleExportsOnPartTests+MultipleImportsForSamePart
                  Metadata:
                      ExportTypeIdentity = Microsoft.VisualStudio.Composition.Tests.MultipleExportsOnPartTests+MultipleImportsForSamePart
                      System.ComponentModel.Composition.CreationPolicy = NonShared
          ExportingMembers:
          ImportingMembers:
              ImportDefinition:
                  ContractName: NonSharedExport
                  Cardinality: ExactlyOne
                  Metadata:
                  ExportFactorySharingBoundaries: 
                  ExportConstraints: 
              ComposablePartType: Microsoft.VisualStudio.Composition.Tests.MultipleExportsOnPartTests+MultipleImportsForSamePart
              ImportingMember: System.Object NonSharedExport2
              ParameterInfo: 
              ImportingSiteType: System.Object
              ImportDefinition:
                  ContractName: Microsoft.VisualStudio.Composition.Tests.MultipleExportsOnPartTests+NonSharedExport
                  Cardinality: ExactlyOne
                  Metadata:
                  ExportFactorySharingBoundaries: 
                  ExportConstraints: 
                      ExportTypeIdentityConstraint
                          TypeIdentityName: Microsoft.VisualStudio.Composition.Tests.MultipleExportsOnPartTests+NonSharedExport
              ComposablePartType: Microsoft.VisualStudio.Composition.Tests.MultipleExportsOnPartTests+MultipleImportsForSamePart
              ImportingMember: NonSharedExport NonSharedExport1
              ParameterInfo: 
              ImportingSiteType: Microsoft.VisualStudio.Composition.Tests.MultipleExportsOnPartTests+NonSharedExport
              ImportDefinition:
                  ContractName: SharedExport
                  Cardinality: ExactlyOne
                  Metadata:
                  ExportFactorySharingBoundaries: 
                  ExportConstraints: 
              ComposablePartType: Microsoft.VisualStudio.Composition.Tests.MultipleExportsOnPartTests+MultipleImportsForSamePart
              ImportingMember: System.Object SharedExport2
              ParameterInfo: 
              ImportingSiteType: System.Object
              ImportDefinition:
                  ContractName: Microsoft.VisualStudio.Composition.Tests.MultipleExportsOnPartTests+SharedExport
                  Cardinality: ExactlyOne
                  Metadata:
                  ExportFactorySharingBoundaries: 
                  ExportConstraints: 
                      ExportTypeIdentityConstraint
                          TypeIdentityName: Microsoft.VisualStudio.Composition.Tests.MultipleExportsOnPartTests+SharedExport
              ComposablePartType: Microsoft.VisualStudio.Composition.Tests.MultipleExportsOnPartTests+MultipleImportsForSamePart
              ImportingMember: SharedExport SharedExport1
              ParameterInfo: 
              ImportingSiteType: Microsoft.VisualStudio.Composition.Tests.MultipleExportsOnPartTests+SharedExport
          ImportingConstructor:</StdOut>
      </Output>
    </UnitTestResult>
    <UnitTestResult executionId="7891c6cb-07a2-4d36-bff0-b6de308cb9f1" testId="af805f1d-fb27-401f-83c8-e49aa4f1855d" testName="V3 engine (runtime)" computerName="DDBLD061B" duration="00:00:00.0020000" startTime="2015-04-27T07:08:30.9361355-07:00" endTime="2015-04-27T07:08:30.9361355-07:00" testType="13cdc9d9-ddb5-4fa4-a97d-d965ccfc6d4b" outcome="Passed" testListId="8c84fa94-04c1-424b-9868-57a2d4851a1d" relativeResultsDirectory="7891c6cb-07a2-4d36-bff0-b6de308cb9f1" />
    <UnitTestResult executionId="e8a85936-a6e4-4ead-8f4f-6969b48f78d6" testId="3c18c47a-a3fb-49ca-92d4-73446079469c" testName="V3 engine (runtime)" computerName="DDBLD061B" duration="00:00:00.0370000" startTime="2015-04-27T07:08:30.9361355-07:00" endTime="2015-04-27T07:08:30.9361355-07:00" testType="13cdc9d9-ddb5-4fa4-a97d-d965ccfc6d4b" outcome="Passed" testListId="8c84fa94-04c1-424b-9868-57a2d4851a1d" relativeResultsDirectory="e8a85936-a6e4-4ead-8f4f-6969b48f78d6" />
    <UnitTestResult executionId="508da5d0-b4fd-42f2-8d77-e7d8b8872012" testId="09f4fad0-089b-4112-889b-4b4d473d7dcf" testName="V3 composition (V1, V2)" computerName="DDBLD061B" duration="00:00:00.3650000" startTime="2015-04-27T07:08:30.9361355-07:00" endTime="2015-04-27T07:08:30.9361355-07:00" testType="13cdc9d9-ddb5-4fa4-a97d-d965ccfc6d4b" outcome="Passed" testListId="8c84fa94-04c1-424b-9868-57a2d4851a1d" relativeResultsDirectory="508da5d0-b4fd-42f2-8d77-e7d8b8872012">
      <Output>
        <StdOut>Catalog AttributedPartDiscoveryV1 vs. AttributedPartDiscovery
      Part
          Type: Microsoft.VisualStudio.Composition.Tests.OnImportsSatisfiedTests+PartThatQueriesForItself
+         Part metadata:
+             SharingBoundary = 
          SharingBoundary: 
-         IsSharingBoundaryInferred: True
-         CreationPolicy: Any
+         IsSharingBoundaryInferred: False
+         CreationPolicy: Shared
          OnImportsSatisfied: Void OnImportsSatisfied()
          ExportedTypes:
              ExportDefinition
                  ContractName: Microsoft.VisualStudio.Composition.Tests.OnImportsSatisfiedTests+PartThatQueriesForItself
                  Metadata:
                      ExportTypeIdentity = Microsoft.VisualStudio.Composition.Tests.OnImportsSatisfiedTests+PartThatQueriesForItself
+                     System.ComponentModel.Composition.CreationPolicy = Shared
          ExportingMembers:
          ImportingMembers:
          ImportingConstructor:</StdOut>
      </Output>
    </UnitTestResult>
    <UnitTestResult executionId="2f75c087-23d0-4fb0-9c1b-06630f8324be" testId="3b94b98d-899e-4c2c-9ea4-6def2bbfb8e3" testName="AssemblyDiscoveryDropsTypesWithProblematicAttributes" computerName="DDBLD061B" duration="00:00:00.1860000" startTime="2015-04-27T07:08:30.9361355-07:00" endTime="2015-04-27T07:08:30.9361355-07:00" testType="13cdc9d9-ddb5-4fa4-a97d-d965ccfc6d4b" outcome="Passed" testListId="8c84fa94-04c1-424b-9868-57a2d4851a1d" relativeResultsDirectory="2f75c087-23d0-4fb0-9c1b-06630f8324be" />
    <UnitTestResult executionId="09b0d36f-f47b-4c17-9b11-49b3557c350b" testId="2ecdd755-1b78-4055-b6b7-c4756fbbcdea" testName="TypeDiscoveryIgnoresPartNotDiscoverableAttribute" computerName="DDBLD061B" duration="00:00:00.0010000" startTime="2015-04-27T07:08:31.2173305-07:00" endTime="2015-04-27T07:08:31.2173305-07:00" testType="13cdc9d9-ddb5-4fa4-a97d-d965ccfc6d4b" outcome="Passed" testListId="8c84fa94-04c1-424b-9868-57a2d4851a1d" relativeResultsDirectory="09b0d36f-f47b-4c17-9b11-49b3557c350b" />
    <UnitTestResult executionId="880ce77c-faca-45d5-945d-db76748355c7" testId="1d3981ed-a1c4-44bb-9a44-bd7b2aa40ac8" testName="SharedPartProduction" computerName="DDBLD061B" duration="00:00:00.0010000" startTime="2015-04-27T07:08:31.2173305-07:00" endTime="2015-04-27T07:08:31.2173305-07:00" testType="13cdc9d9-ddb5-4fa4-a97d-d965ccfc6d4b" outcome="Passed" testListId="8c84fa94-04c1-424b-9868-57a2d4851a1d" relativeResultsDirectory="880ce77c-faca-45d5-945d-db76748355c7" />
    <UnitTestResult executionId="449db6c1-d08c-4611-bb8b-73eb2b711a0b" testId="e99f8efd-65c1-4d7a-8aaf-40abcf09e370" testName="PartMetadataInCatalogIsPresent" computerName="DDBLD061B" duration="00:00:00.0010000" startTime="2015-04-27T07:08:31.2173305-07:00" endTime="2015-04-27T07:08:31.2173305-07:00" testType="13cdc9d9-ddb5-4fa4-a97d-d965ccfc6d4b" outcome="Passed" testListId="8c84fa94-04c1-424b-9868-57a2d4851a1d" relativeResultsDirectory="449db6c1-d08c-4611-bb8b-73eb2b711a0b" />
    <UnitTestResult executionId="c4dca823-d0c1-4e94-b1ea-34426f65922d" testId="9bc7cdda-f98a-4433-87cb-ed9e61ec38ab" testName="CreatePartsAsync_Assembly_ResilientAgainstReflectionErrors" computerName="DDBLD061B" duration="00:00:00.2220000" startTime="2015-04-27T07:08:31.2173305-07:00" endTime="2015-04-27T07:08:31.2173305-07:00" testType="13cdc9d9-ddb5-4fa4-a97d-d965ccfc6d4b" outcome="Passed" testListId="8c84fa94-04c1-424b-9868-57a2d4851a1d" relativeResultsDirectory="c4dca823-d0c1-4e94-b1ea-34426f65922d" />
    <UnitTestResult executionId="9b47afcd-e52d-4635-8647-3fd497f99c2c" testId="8ba554e0-5507-465c-a7b8-e7ebe22cd2d4" testName="V3 engine (runtime)" computerName="DDBLD061B" duration="00:00:00.0570000" startTime="2015-04-27T07:08:31.2173305-07:00" endTime="2015-04-27T07:08:31.2173305-07:00" testType="13cdc9d9-ddb5-4fa4-a97d-d965ccfc6d4b" outcome="Passed" testListId="8c84fa94-04c1-424b-9868-57a2d4851a1d" relativeResultsDirectory="9b47afcd-e52d-4635-8647-3fd497f99c2c" />
    <UnitTestResult executionId="a688990f-89e5-4fa5-a173-4ea005e56cc1" testId="1565892e-0086-4703-bcf9-1f04dd979979" testName="V3 engine (runtime)" computerName="DDBLD061B" duration="00:00:00.0010000" startTime="2015-04-27T07:08:31.2173305-07:00" endTime="2015-04-27T07:08:31.2173305-07:00" testType="13cdc9d9-ddb5-4fa4-a97d-d965ccfc6d4b" outcome="Passed" testListId="8c84fa94-04c1-424b-9868-57a2d4851a1d" relativeResultsDirectory="a688990f-89e5-4fa5-a173-4ea005e56cc1" />
    <UnitTestResult executionId="1cad46fd-3958-4a21-8de2-752e6ce40280" testId="02d95f8a-c0c1-4d88-b057-3c1942464f68" testName="V3 engine (runtime)" computerName="DDBLD061B" duration="00:00:00.0010000" startTime="2015-04-27T07:08:31.4673321-07:00" endTime="2015-04-27T07:08:31.4673321-07:00" testType="13cdc9d9-ddb5-4fa4-a97d-d965ccfc6d4b" outcome="Passed" testListId="8c84fa94-04c1-424b-9868-57a2d4851a1d" relativeResultsDirectory="1cad46fd-3958-4a21-8de2-752e6ce40280" />
    <UnitTestResult executionId="018f9b77-e153-4364-80a9-fbc1b904d47b" testId="665fcebe-8a06-4892-93ae-f68f7e8fa5e1" testName="V1" computerName="DDBLD061B" duration="00:00:00.0020000" startTime="2015-04-27T07:08:31.4673321-07:00" endTime="2015-04-27T07:08:31.4673321-07:00" testType="13cdc9d9-ddb5-4fa4-a97d-d965ccfc6d4b" outcome="Passed" testListId="8c84fa94-04c1-424b-9868-57a2d4851a1d" relativeResultsDirectory="018f9b77-e153-4364-80a9-fbc1b904d47b" />
    <UnitTestResult executionId="f4471b9b-016b-438e-9215-989006442996" testId="218abe83-1187-47ca-9796-448604ff4532" testName="V3 engine (runtime)" computerName="DDBLD061B" duration="00:00:00.0010000" startTime="2015-04-27T07:08:31.4673321-07:00" endTime="2015-04-27T07:08:31.4673321-07:00" testType="13cdc9d9-ddb5-4fa4-a97d-d965ccfc6d4b" outcome="Passed" testListId="8c84fa94-04c1-424b-9868-57a2d4851a1d" relativeResultsDirectory="f4471b9b-016b-438e-9215-989006442996" />
    <UnitTestResult executionId="a3e78660-81a4-48d5-8e14-2460be724a9b" testId="96dd742a-0102-416d-b2af-658a58f4c9a3" testName="V3 engine (runtime)" computerName="DDBLD061B" duration="00:00:00.0010000" startTime="2015-04-27T07:08:31.4673321-07:00" endTime="2015-04-27T07:08:31.4673321-07:00" testType="13cdc9d9-ddb5-4fa4-a97d-d965ccfc6d4b" outcome="Passed" testListId="8c84fa94-04c1-424b-9868-57a2d4851a1d" relativeResultsDirectory="a3e78660-81a4-48d5-8e14-2460be724a9b" />
    <UnitTestResult executionId="0986b00b-6f80-43bf-9601-162f4440f92e" testId="c7e1d536-db38-4935-ba02-fdc4e9d1dc94" testName="V1" computerName="DDBLD061B" duration="00:00:00.0010000" startTime="2015-04-27T07:08:31.4673321-07:00" endTime="2015-04-27T07:08:31.4673321-07:00" testType="13cdc9d9-ddb5-4fa4-a97d-d965ccfc6d4b" outcome="Passed" testListId="8c84fa94-04c1-424b-9868-57a2d4851a1d" relativeResultsDirectory="0986b00b-6f80-43bf-9601-162f4440f92e" />
    <UnitTestResult executionId="eb807c4c-a5da-4701-af85-6b400583e176" testId="d325e133-ce1a-4aae-a911-08186a1e197d" testName="V2" computerName="DDBLD061B" duration="00:00:00.0010000" startTime="2015-04-27T07:08:31.4673321-07:00" endTime="2015-04-27T07:08:31.4673321-07:00" testType="13cdc9d9-ddb5-4fa4-a97d-d965ccfc6d4b" outcome="Passed" testListId="8c84fa94-04c1-424b-9868-57a2d4851a1d" relativeResultsDirectory="eb807c4c-a5da-4701-af85-6b400583e176" />
    <UnitTestResult executionId="7292fb8e-8464-45cc-8ced-28aa10a76a06" testId="4719cebb-ab7c-499f-977d-ebe7b6e3acc3" testName="V3 composition (V1, V2)" computerName="DDBLD061B" duration="00:00:00.4450000" startTime="2015-04-27T07:08:31.4673321-07:00" endTime="2015-04-27T07:08:31.4673321-07:00" testType="13cdc9d9-ddb5-4fa4-a97d-d965ccfc6d4b" outcome="Passed" testListId="8c84fa94-04c1-424b-9868-57a2d4851a1d" relativeResultsDirectory="7292fb8e-8464-45cc-8ced-28aa10a76a06">
      <Output>
        <StdOut>Catalog AttributedPartDiscoveryV1 vs. AttributedPartDiscovery
      Part
          Type: Microsoft.VisualStudio.Composition.Tests.ClosedGenericExportedTypeTests+Tree`1
+         Part metadata:
+             SharingBoundary = 
          SharingBoundary: 
-         IsSharingBoundaryInferred: True
-         CreationPolicy: Any
+         IsSharingBoundaryInferred: False
+         CreationPolicy: Shared
          OnImportsSatisfied: &lt;null&gt;
          ExportedTypes:
              ExportDefinition
                  ContractName: Microsoft.VisualStudio.Composition.Tests.ClosedGenericExportedTypeTests+Tree(Microsoft.VisualStudio.Composition.Tests.ClosedGenericExportedTypeTests+Apple)
                  Metadata:
                      ExportTypeIdentity = Microsoft.VisualStudio.Composition.Tests.ClosedGenericExportedTypeTests+Tree(Microsoft.VisualStudio.Composition.Tests.ClosedGenericExportedTypeTests+Apple)
+                     System.ComponentModel.Composition.CreationPolicy = Shared
          ExportingMembers:
          ImportingMembers:
          ImportingConstructor:</StdOut>
      </Output>
    </UnitTestResult>
    <UnitTestResult executionId="2bf843ad-c638-4fa5-b607-a433a7366ced" testId="f0f2ba4c-6db6-4015-ac3f-aa98d46554ff" testName="V3 engine (runtime)" computerName="DDBLD061B" duration="00:00:00.0100000" startTime="2015-04-27T07:08:31.4673321-07:00" endTime="2015-04-27T07:08:31.4673321-07:00" testType="13cdc9d9-ddb5-4fa4-a97d-d965ccfc6d4b" outcome="Passed" testListId="8c84fa94-04c1-424b-9868-57a2d4851a1d" relativeResultsDirectory="2bf843ad-c638-4fa5-b607-a433a7366ced" />
    <UnitTestResult executionId="dcd60b6a-21b7-49e3-9b54-eae56919c59a" testId="551abc53-06f3-40b0-a06d-8bfd4dd55c16" testName="V2" computerName="DDBLD061B" duration="00:00:00.0100000" startTime="2015-04-27T07:08:31.7017105-07:00" endTime="2015-04-27T07:08:31.7017105-07:00" testType="13cdc9d9-ddb5-4fa4-a97d-d965ccfc6d4b" outcome="Passed" testListId="8c84fa94-04c1-424b-9868-57a2d4851a1d" relativeResultsDirectory="dcd60b6a-21b7-49e3-9b54-eae56919c59a" />
    <UnitTestResult executionId="95945be3-ecee-4ad4-8652-28cd4dc8fb6b" testId="9d66659d-ae06-460b-9aaa-3ede96c0a9cd" testName="V3 engine (runtime)" computerName="DDBLD061B" duration="00:00:00.0010000" startTime="2015-04-27T07:08:31.7017105-07:00" endTime="2015-04-27T07:08:31.7017105-07:00" testType="13cdc9d9-ddb5-4fa4-a97d-d965ccfc6d4b" outcome="Passed" testListId="8c84fa94-04c1-424b-9868-57a2d4851a1d" relativeResultsDirectory="95945be3-ecee-4ad4-8652-28cd4dc8fb6b" />
    <UnitTestResult executionId="5a1b4dca-5b67-451e-90fc-efd68bbf2d3d" testId="c10fb9d3-b6e9-4547-932d-d21292509015" testName="WithCatalog_MergesErrors" computerName="DDBLD061B" duration="00:00:00.3070000" startTime="2015-04-27T07:08:31.7017105-07:00" endTime="2015-04-27T07:08:31.7017105-07:00" testType="13cdc9d9-ddb5-4fa4-a97d-d965ccfc6d4b" outcome="Passed" testListId="8c84fa94-04c1-424b-9868-57a2d4851a1d" relativeResultsDirectory="5a1b4dca-5b67-451e-90fc-efd68bbf2d3d" />
    <UnitTestResult executionId="fdf57d93-d298-4ae0-a2d4-49b18e1a9f30" testId="969f298a-0556-44a5-982f-f3f1cd968b2e" testName="V3 composition (V1, V2)" computerName="DDBLD061B" duration="00:00:00.3910000" startTime="2015-04-27T07:08:31.7017105-07:00" endTime="2015-04-27T07:08:31.7017105-07:00" testType="13cdc9d9-ddb5-4fa4-a97d-d965ccfc6d4b" outcome="Passed" testListId="8c84fa94-04c1-424b-9868-57a2d4851a1d" relativeResultsDirectory="fdf57d93-d298-4ae0-a2d4-49b18e1a9f30">
      <Output>
        <StdOut>Catalog AttributedPartDiscoveryV1 vs. AttributedPartDiscovery
      Part
          Type: Microsoft.VisualStudio.Composition.Tests.ExportProviderTests+Foo1
+         Part metadata:
+             SharingBoundary = 
          SharingBoundary: 
-         IsSharingBoundaryInferred: True
-         CreationPolicy: Any
+         IsSharingBoundaryInferred: False
+         CreationPolicy: Shared
          OnImportsSatisfied: &lt;null&gt;
          ExportedTypes:
              ExportDefinition
                  ContractName: Microsoft.VisualStudio.Composition.Tests.ExportProviderTests+IFoo
                  Metadata:
                      ExportTypeIdentity = Microsoft.VisualStudio.Composition.Tests.ExportProviderTests+IFoo
+                     System.ComponentModel.Composition.CreationPolicy = Shared
          ExportingMembers:
          ImportingMembers:
          ImportingConstructor:
      Part
          Type: Microsoft.VisualStudio.Composition.Tests.ExportProviderTests+Foo2
+         Part metadata:
+             SharingBoundary = 
          SharingBoundary: 
-         IsSharingBoundaryInferred: True
-         CreationPolicy: Any
+         IsSharingBoundaryInferred: False
+         CreationPolicy: Shared
          OnImportsSatisfied: &lt;null&gt;
          ExportedTypes:
              ExportDefinition
                  ContractName: Microsoft.VisualStudio.Composition.Tests.ExportProviderTests+IFoo
                  Metadata:
                      ExportTypeIdentity = Microsoft.VisualStudio.Composition.Tests.ExportProviderTests+IFoo
+                     System.ComponentModel.Composition.CreationPolicy = Shared
          ExportingMembers:
          ImportingMembers:
          ImportingConstructor:</StdOut>
      </Output>
    </UnitTestResult>
    <UnitTestResult executionId="d552fbdc-f4e0-4406-a3c0-c6ba454c3528" testId="9dc9050a-4423-4f8f-a05a-d40c57ae751f" testName="V1" computerName="DDBLD061B" duration="00:00:00.0010000" startTime="2015-04-27T07:08:31.7017105-07:00" endTime="2015-04-27T07:08:31.7017105-07:00" testType="13cdc9d9-ddb5-4fa4-a97d-d965ccfc6d4b" outcome="Passed" testListId="8c84fa94-04c1-424b-9868-57a2d4851a1d" relativeResultsDirectory="d552fbdc-f4e0-4406-a3c0-c6ba454c3528" />
    <UnitTestResult executionId="bec34646-85cc-4707-9778-2ca092bd5464" testId="ed91588b-c59b-4ec4-b56e-d822e91d9455" testName="V3 composition (V2)" computerName="DDBLD061B" duration="00:00:00.2360000" startTime="2015-04-27T07:08:31.7017105-07:00" endTime="2015-04-27T07:08:31.7017105-07:00" testType="13cdc9d9-ddb5-4fa4-a97d-d965ccfc6d4b" outcome="Passed" testListId="8c84fa94-04c1-424b-9868-57a2d4851a1d" relativeResultsDirectory="bec34646-85cc-4707-9778-2ca092bd5464" />
    <UnitTestResult executionId="ee60ecb0-9928-41b6-86ff-1f27ed35b2a4" testId="74284f65-6500-4011-ba9b-d00f8674e562" testName="V2" computerName="DDBLD061B" duration="00:00:00.0010000" startTime="2015-04-27T07:08:31.7017105-07:00" endTime="2015-04-27T07:08:31.7017105-07:00" testType="13cdc9d9-ddb5-4fa4-a97d-d965ccfc6d4b" outcome="Passed" testListId="8c84fa94-04c1-424b-9868-57a2d4851a1d" relativeResultsDirectory="ee60ecb0-9928-41b6-86ff-1f27ed35b2a4" />
    <UnitTestResult executionId="6be2739a-7379-47af-9837-4f1e7a5077c8" testId="c7da3949-0519-4ca1-b0a5-af168afffdcf" testName="V3 engine (runtime)" computerName="DDBLD061B" duration="00:00:00.0010000" startTime="2015-04-27T07:08:31.7017105-07:00" endTime="2015-04-27T07:08:31.7017105-07:00" testType="13cdc9d9-ddb5-4fa4-a97d-d965ccfc6d4b" outcome="Passed" testListId="8c84fa94-04c1-424b-9868-57a2d4851a1d" relativeResultsDirectory="6be2739a-7379-47af-9837-4f1e7a5077c8" />
    <UnitTestResult executionId="1711eec1-6ede-45e5-b1aa-2e1cafd180a8" testId="b9b5a0fd-3a42-42e9-a519-efa66352aff0" testName="V3 engine (runtime)" computerName="DDBLD061B" duration="00:00:00.0010000" startTime="2015-04-27T07:08:31.9048994-07:00" endTime="2015-04-27T07:08:31.9048994-07:00" testType="13cdc9d9-ddb5-4fa4-a97d-d965ccfc6d4b" outcome="Passed" testListId="8c84fa94-04c1-424b-9868-57a2d4851a1d" relativeResultsDirectory="1711eec1-6ede-45e5-b1aa-2e1cafd180a8" />
    <UnitTestResult executionId="79f59b13-c0cc-47d2-96ab-0deab9ad136e" testId="dce2878e-989a-4dd7-918e-e41cdb6320ea" testName="V1" computerName="DDBLD061B" duration="00:00:00.0010000" startTime="2015-04-27T07:08:31.9048994-07:00" endTime="2015-04-27T07:08:31.9048994-07:00" testType="13cdc9d9-ddb5-4fa4-a97d-d965ccfc6d4b" outcome="Passed" testListId="8c84fa94-04c1-424b-9868-57a2d4851a1d" relativeResultsDirectory="79f59b13-c0cc-47d2-96ab-0deab9ad136e" />
    <UnitTestResult executionId="dff739e0-188d-47e7-be3a-9063c31e1edd" testId="0b3b39df-8733-4e75-ac7b-e121b0d62f52" testName="V3 composition (V1)" computerName="DDBLD061B" duration="00:00:00.2440000" startTime="2015-04-27T07:08:31.9048994-07:00" endTime="2015-04-27T07:08:31.9048994-07:00" testType="13cdc9d9-ddb5-4fa4-a97d-d965ccfc6d4b" outcome="Passed" testListId="8c84fa94-04c1-424b-9868-57a2d4851a1d" relativeResultsDirectory="dff739e0-188d-47e7-be3a-9063c31e1edd" />
    <UnitTestResult executionId="21fe148a-e68a-4f10-bf28-e558e35b8757" testId="22ddb6e2-5cc8-4d8f-9c8b-6f07872d220f" testName="V3 engine (runtime)" computerName="DDBLD061B" duration="00:00:00.0010000" startTime="2015-04-27T07:08:31.9048994-07:00" endTime="2015-04-27T07:08:31.9048994-07:00" testType="13cdc9d9-ddb5-4fa4-a97d-d965ccfc6d4b" outcome="Passed" testListId="8c84fa94-04c1-424b-9868-57a2d4851a1d" relativeResultsDirectory="21fe148a-e68a-4f10-bf28-e558e35b8757" />
    <UnitTestResult executionId="878ec242-273d-4500-9191-3922fbb50c9f" testId="7ca884b9-7c20-4558-a6c8-da6bb8102944" testName="V3 engine (runtime)" computerName="DDBLD061B" duration="00:00:00.0010000" startTime="2015-04-27T07:08:31.9048994-07:00" endTime="2015-04-27T07:08:31.9048994-07:00" testType="13cdc9d9-ddb5-4fa4-a97d-d965ccfc6d4b" outcome="Passed" testListId="8c84fa94-04c1-424b-9868-57a2d4851a1d" relativeResultsDirectory="878ec242-273d-4500-9191-3922fbb50c9f" />
    <UnitTestResult executionId="5bbab3b5-8632-4879-8c74-b1165e1ad760" testId="c2023033-1b3a-401a-899a-20129e490549" testName="PartMetadataInCatalogIsPresent" computerName="DDBLD061B" duration="00:00:00.0010000" startTime="2015-04-27T07:08:31.9048994-07:00" endTime="2015-04-27T07:08:31.9048994-07:00" testType="13cdc9d9-ddb5-4fa4-a97d-d965ccfc6d4b" outcome="Passed" testListId="8c84fa94-04c1-424b-9868-57a2d4851a1d" relativeResultsDirectory="5bbab3b5-8632-4879-8c74-b1165e1ad760" />
    <UnitTestResult executionId="34e9c7cd-29c3-431c-b2bc-3799945346b7" testId="0ab0cadf-3850-4abd-95c5-9097502e1cb4" testName="V3 composition (V1)" computerName="DDBLD061B" duration="00:00:00.2490000" startTime="2015-04-27T07:08:31.9048994-07:00" endTime="2015-04-27T07:08:31.9048994-07:00" testType="13cdc9d9-ddb5-4fa4-a97d-d965ccfc6d4b" outcome="Passed" testListId="8c84fa94-04c1-424b-9868-57a2d4851a1d" relativeResultsDirectory="34e9c7cd-29c3-431c-b2bc-3799945346b7" />
    <UnitTestResult executionId="da577109-9062-4f0d-9cbf-35ab160d1cea" testId="292cef7d-82ad-469e-84a8-1c0525e34de3" testName="V3 engine (runtime)" computerName="DDBLD061B" duration="00:00:00.0010000" startTime="2015-04-27T07:08:31.9048994-07:00" endTime="2015-04-27T07:08:31.9048994-07:00" testType="13cdc9d9-ddb5-4fa4-a97d-d965ccfc6d4b" outcome="Passed" testListId="8c84fa94-04c1-424b-9868-57a2d4851a1d" relativeResultsDirectory="da577109-9062-4f0d-9cbf-35ab160d1cea" />
    <UnitTestResult executionId="acf4367a-56dd-42ee-9309-671adc070cbd" testId="814fb73a-efb9-40fc-b9d6-2f47312db76d" testName="V3 engine (runtime)" computerName="DDBLD061B" duration="00:00:00.0010000" startTime="2015-04-27T07:08:32.4986570-07:00" endTime="2015-04-27T07:08:32.4986570-07:00" testType="13cdc9d9-ddb5-4fa4-a97d-d965ccfc6d4b" outcome="Passed" testListId="8c84fa94-04c1-424b-9868-57a2d4851a1d" relativeResultsDirectory="acf4367a-56dd-42ee-9309-671adc070cbd" />
    <UnitTestResult executionId="1e199eda-531b-4101-9844-d121f521da3a" testId="b34cb9c8-9d71-48f6-b329-e734295656ce" testName="V3 engine (runtime)" computerName="DDBLD061B" duration="00:00:00.0010000" startTime="2015-04-27T07:08:32.4986570-07:00" endTime="2015-04-27T07:08:32.4986570-07:00" testType="13cdc9d9-ddb5-4fa4-a97d-d965ccfc6d4b" outcome="Passed" testListId="8c84fa94-04c1-424b-9868-57a2d4851a1d" relativeResultsDirectory="1e199eda-531b-4101-9844-d121f521da3a" />
    <UnitTestResult executionId="9d492a80-841c-4888-bc9d-8db40844ba62" testId="7c1456a7-6f2a-4750-b3fb-b512c0ae2cae" testName="V1" computerName="DDBLD061B" duration="00:00:00.0030000" startTime="2015-04-27T07:08:32.4986570-07:00" endTime="2015-04-27T07:08:32.4986570-07:00" testType="13cdc9d9-ddb5-4fa4-a97d-d965ccfc6d4b" outcome="Passed" testListId="8c84fa94-04c1-424b-9868-57a2d4851a1d" relativeResultsDirectory="9d492a80-841c-4888-bc9d-8db40844ba62" />
    <UnitTestResult executionId="a4baceb7-f95c-4129-9f3a-a0ee5b3163a0" testId="6d5661d6-a727-4403-9148-dbcf8a1cfee8" testName="V3 engine (runtime)" computerName="DDBLD061B" duration="00:00:00.0020000" startTime="2015-04-27T07:08:32.4986570-07:00" endTime="2015-04-27T07:08:32.4986570-07:00" testType="13cdc9d9-ddb5-4fa4-a97d-d965ccfc6d4b" outcome="Passed" testListId="8c84fa94-04c1-424b-9868-57a2d4851a1d" relativeResultsDirectory="a4baceb7-f95c-4129-9f3a-a0ee5b3163a0" />
    <UnitTestResult executionId="e273306f-21db-4240-9742-21db397e8608" testId="f952be56-82b1-46ee-a213-5be8f98e4de6" testName="V3 composition (V1)" computerName="DDBLD061B" duration="00:00:00.1820000" startTime="2015-04-27T07:08:32.4986570-07:00" endTime="2015-04-27T07:08:32.4986570-07:00" testType="13cdc9d9-ddb5-4fa4-a97d-d965ccfc6d4b" outcome="Passed" testListId="8c84fa94-04c1-424b-9868-57a2d4851a1d" relativeResultsDirectory="e273306f-21db-4240-9742-21db397e8608" />
    <UnitTestResult executionId="98a6fb9b-1bfd-4b1e-91f0-539095e11647" testId="1f59e16b-5d83-44c0-b9e9-bc6d8f322d6d" testName="V3 composition (V1)" computerName="DDBLD061B" duration="00:00:00.1640000" startTime="2015-04-27T07:08:32.4986570-07:00" endTime="2015-04-27T07:08:32.4986570-07:00" testType="13cdc9d9-ddb5-4fa4-a97d-d965ccfc6d4b" outcome="Passed" testListId="8c84fa94-04c1-424b-9868-57a2d4851a1d" relativeResultsDirectory="98a6fb9b-1bfd-4b1e-91f0-539095e11647" />
    <UnitTestResult executionId="cc0478c4-bcb5-46b8-836b-f7255e594844" testId="05d1272f-3e4f-4e13-b2fd-6984b4343da5" testName="V3 composition (V1, V2)" computerName="DDBLD061B" duration="00:00:00.4000000" startTime="2015-04-27T07:08:32.4986570-07:00" endTime="2015-04-27T07:08:32.4986570-07:00" testType="13cdc9d9-ddb5-4fa4-a97d-d965ccfc6d4b" outcome="Passed" testListId="8c84fa94-04c1-424b-9868-57a2d4851a1d" relativeResultsDirectory="cc0478c4-bcb5-46b8-836b-f7255e594844">
      <Output>
        <StdOut>Catalog AttributedPartDiscoveryV1 vs. AttributedPartDiscovery
      Part
          Type: Microsoft.VisualStudio.Composition.Tests.FaultyPartsTests+ImportingConstructorThrowsPart
+         Part metadata:
+             SharingBoundary = 
          SharingBoundary: 
-         IsSharingBoundaryInferred: True
-         CreationPolicy: Any
+         IsSharingBoundaryInferred: False
+         CreationPolicy: Shared
          OnImportsSatisfied: &lt;null&gt;
          ExportedTypes:
              ExportDefinition
                  ContractName: Microsoft.VisualStudio.Composition.Tests.FaultyPartsTests+ImportingConstructorThrowsPart
                  Metadata:
                      ExportTypeIdentity = Microsoft.VisualStudio.Composition.Tests.FaultyPartsTests+ImportingConstructorThrowsPart
+                     System.ComponentModel.Composition.CreationPolicy = Shared
          ExportingMembers:
          ImportingMembers:
          ImportingConstructor:
      Part
          Type: Microsoft.VisualStudio.Composition.Tests.FaultyPartsTests+PartImportsPartThatThrowsViaImportingConstructor
+         Part metadata:
+             SharingBoundary = 
          SharingBoundary: 
-         IsSharingBoundaryInferred: True
-         CreationPolicy: Any
+         IsSharingBoundaryInferred: False
+         CreationPolicy: Shared
          OnImportsSatisfied: &lt;null&gt;
          ExportedTypes:
              ExportDefinition
                  ContractName: Microsoft.VisualStudio.Composition.Tests.FaultyPartsTests+PartImportsPartThatThrowsViaImportingConstructor
                  Metadata:
                      ExportTypeIdentity = Microsoft.VisualStudio.Composition.Tests.FaultyPartsTests+PartImportsPartThatThrowsViaImportingConstructor
+                     System.ComponentModel.Composition.CreationPolicy = Shared
          ExportingMembers:
          ImportingMembers:
          ImportingConstructor:
              ImportDefinition:
                  ContractName: Microsoft.VisualStudio.Composition.Tests.FaultyPartsTests+ImportingConstructorThrowsPart
                  Cardinality: ExactlyOne
                  Metadata:
                  ExportFactorySharingBoundaries: 
                  ExportConstraints: 
                      ExportTypeIdentityConstraint
                          TypeIdentityName: Microsoft.VisualStudio.Composition.Tests.FaultyPartsTests+ImportingConstructorThrowsPart
              ComposablePartType: Microsoft.VisualStudio.Composition.Tests.FaultyPartsTests+PartImportsPartThatThrowsViaImportingConstructor
              ImportingMember: 
              ParameterInfo: ImportingConstructorThrowsPart part
              ImportingSiteType: Microsoft.VisualStudio.Composition.Tests.FaultyPartsTests+ImportingConstructorThrowsPart</StdOut>
      </Output>
    </UnitTestResult>
    <UnitTestResult executionId="9e6d6562-03d3-47cf-94fe-965ea5ce80fd" testId="521da37a-c14a-4c53-a454-3313ff956955" testName="V3 engine (runtime)" computerName="DDBLD061B" duration="00:00:00.0010000" startTime="2015-04-27T07:08:32.4986570-07:00" endTime="2015-04-27T07:08:32.4986570-07:00" testType="13cdc9d9-ddb5-4fa4-a97d-d965ccfc6d4b" outcome="Passed" testListId="8c84fa94-04c1-424b-9868-57a2d4851a1d" relativeResultsDirectory="9e6d6562-03d3-47cf-94fe-965ea5ce80fd" />
    <UnitTestResult executionId="c68360b5-b91d-49f6-905f-dfc90fa60cfa" testId="624e23a1-4066-4581-8f85-2775cf9fa2a0" testName="V3 composition (V2)" computerName="DDBLD061B" duration="00:00:00.1570000" startTime="2015-04-27T07:08:32.4986570-07:00" endTime="2015-04-27T07:08:32.4986570-07:00" testType="13cdc9d9-ddb5-4fa4-a97d-d965ccfc6d4b" outcome="Passed" testListId="8c84fa94-04c1-424b-9868-57a2d4851a1d" relativeResultsDirectory="c68360b5-b91d-49f6-905f-dfc90fa60cfa" />
    <UnitTestResult executionId="459bce00-c71c-4a3f-94cc-d9674fe6a86d" testId="ea6fc9df-b317-48ab-bcb7-e2e1729fc934" testName="V3 engine (runtime)" computerName="DDBLD061B" duration="00:00:00.0010000" startTime="2015-04-27T07:08:33.2329790-07:00" endTime="2015-04-27T07:08:33.2329790-07:00" testType="13cdc9d9-ddb5-4fa4-a97d-d965ccfc6d4b" outcome="Passed" testListId="8c84fa94-04c1-424b-9868-57a2d4851a1d" relativeResultsDirectory="459bce00-c71c-4a3f-94cc-d9674fe6a86d" />
    <UnitTestResult executionId="95be8296-3da5-47c9-afa6-d45cb28cb183" testId="d61f2626-1c17-4977-9a15-4b7ba6c9cd0f" testName="V3 engine (runtime)" computerName="DDBLD061B" duration="00:00:00.0020000" startTime="2015-04-27T07:08:33.2329790-07:00" endTime="2015-04-27T07:08:33.2329790-07:00" testType="13cdc9d9-ddb5-4fa4-a97d-d965ccfc6d4b" outcome="Passed" testListId="8c84fa94-04c1-424b-9868-57a2d4851a1d" relativeResultsDirectory="95be8296-3da5-47c9-afa6-d45cb28cb183" />
    <UnitTestResult executionId="bfe5fb4f-3ec5-4393-80e0-8f4f408d86d8" testId="f8db4e92-a069-4fe0-b087-9f971e960ac7" testName="V2" computerName="DDBLD061B" duration="00:00:00.0050000" startTime="2015-04-27T07:08:33.2329790-07:00" endTime="2015-04-27T07:08:33.2329790-07:00" testType="13cdc9d9-ddb5-4fa4-a97d-d965ccfc6d4b" outcome="Passed" testListId="8c84fa94-04c1-424b-9868-57a2d4851a1d" relativeResultsDirectory="bfe5fb4f-3ec5-4393-80e0-8f4f408d86d8" />
    <UnitTestResult executionId="7044847a-11b5-4960-aff5-e55545e8915e" testId="a0b059ad-f8d8-4add-9246-fede4b569d57" testName="V3 engine (runtime)" computerName="DDBLD061B" duration="00:00:00.0020000" startTime="2015-04-27T07:08:33.2329790-07:00" endTime="2015-04-27T07:08:33.2329790-07:00" testType="13cdc9d9-ddb5-4fa4-a97d-d965ccfc6d4b" outcome="Passed" testListId="8c84fa94-04c1-424b-9868-57a2d4851a1d" relativeResultsDirectory="7044847a-11b5-4960-aff5-e55545e8915e" />
    <UnitTestResult executionId="76a3e0fd-57bc-4b24-b5de-1a747c248784" testId="eb8b31cb-564b-4e54-85c0-3cbc163dc520" testName="V2" computerName="DDBLD061B" duration="00:00:00.0030000" startTime="2015-04-27T07:08:33.2329790-07:00" endTime="2015-04-27T07:08:33.2329790-07:00" testType="13cdc9d9-ddb5-4fa4-a97d-d965ccfc6d4b" outcome="Passed" testListId="8c84fa94-04c1-424b-9868-57a2d4851a1d" relativeResultsDirectory="76a3e0fd-57bc-4b24-b5de-1a747c248784" />
    <UnitTestResult executionId="f7588c11-0c8d-4b92-829c-5a7692892750" testId="3e896061-0e82-492a-813f-faa8977a33f4" testName="V3 composition (V1)" computerName="DDBLD061B" duration="00:00:00.1690000" startTime="2015-04-27T07:08:33.2329790-07:00" endTime="2015-04-27T07:08:33.2329790-07:00" testType="13cdc9d9-ddb5-4fa4-a97d-d965ccfc6d4b" outcome="Passed" testListId="8c84fa94-04c1-424b-9868-57a2d4851a1d" relativeResultsDirectory="f7588c11-0c8d-4b92-829c-5a7692892750" />
    <UnitTestResult executionId="c85fba5d-8bd2-4c07-b1a9-b717c89f2c9e" testId="5997cb8a-d7ce-4e08-83cf-15c335817cbc" testName="V3 composition (V1)" computerName="DDBLD061B" duration="00:00:00.2800000" startTime="2015-04-27T07:08:33.2329790-07:00" endTime="2015-04-27T07:08:33.2329790-07:00" testType="13cdc9d9-ddb5-4fa4-a97d-d965ccfc6d4b" outcome="Passed" testListId="8c84fa94-04c1-424b-9868-57a2d4851a1d" relativeResultsDirectory="c85fba5d-8bd2-4c07-b1a9-b717c89f2c9e">
      <Output>
        <StdOut>Catalog BeforeSerialization vs. AfterSerialization
      Part
          Type: Microsoft.VisualStudio.Composition.ExportMetadataViewInterfaceEmitProxy+MetadataViewProxyProvider
          Part metadata:
              VsMEFDgmlCategories = System.String[]
          SharingBoundary: &lt;null&gt;
          IsSharingBoundaryInferred: False
          CreationPolicy: NonShared
          OnImportsSatisfied: &lt;null&gt;
          ExportedTypes:
              ExportDefinition
                  ContractName: Microsoft.VisualStudio.Composition.IMetadataViewProvider
                  Metadata:
                      ExportTypeIdentity = Microsoft.VisualStudio.Composition.IMetadataViewProvider
                      System.ComponentModel.Composition.CreationPolicy = NonShared
                      OrderPrecedence = 50
          ExportingMembers:
          ImportingMembers:
          ImportingConstructor:
      Part
          Type: Microsoft.VisualStudio.Composition.NetFxAdapters+CompositionService
          Part metadata:
              VsMEFDgmlCategories = System.String[]
          SharingBoundary: &lt;null&gt;
          IsSharingBoundaryInferred: False
          CreationPolicy: NonShared
          OnImportsSatisfied: &lt;null&gt;
          ExportedTypes:
              ExportDefinition
                  ContractName: System.ComponentModel.Composition.ICompositionService
                  Metadata:
                      ExportTypeIdentity = System.ComponentModel.Composition.ICompositionService
                      System.ComponentModel.Composition.CreationPolicy = NonShared
          ExportingMembers:
          ImportingMembers:
          ImportingConstructor:
              ImportDefinition:
                  ContractName: Microsoft.VisualStudio.Composition.ExportProvider
                  Cardinality: ExactlyOne
                  Metadata:
                  ExportFactorySharingBoundaries: 
                  ExportConstraints: 
                      ExportTypeIdentityConstraint
                          TypeIdentityName: Microsoft.VisualStudio.Composition.ExportProvider
              ComposablePartType: Microsoft.VisualStudio.Composition.NetFxAdapters+CompositionService
              ImportingMember: 
              ParameterInfo: Microsoft.VisualStudio.Composition.ExportProvider exportProvider
              ImportingSiteType: Microsoft.VisualStudio.Composition.ExportProvider
      Part
          Type: Microsoft.VisualStudio.Composition.NetFxAdapters+MetadataViewImplProxy
          Part metadata:
              VsMEFDgmlCategories = System.String[]
          SharingBoundary: 
          IsSharingBoundaryInferred: True
          CreationPolicy: Any
          OnImportsSatisfied: &lt;null&gt;
          ExportedTypes:
              ExportDefinition
                  ContractName: Microsoft.VisualStudio.Composition.IMetadataViewProvider
                  Metadata:
                      ExportTypeIdentity = Microsoft.VisualStudio.Composition.IMetadataViewProvider
                      OrderPrecedence = 100
          ExportingMembers:
          ImportingMembers:
          ImportingConstructor:
      Part
          Type: Microsoft.VisualStudio.Composition.NetFxAdapters+AssemblyLoadCodeBasePathLoader
          Part metadata:
              VsMEFDgmlCategories = System.String[]
          SharingBoundary: 
          IsSharingBoundaryInferred: True
          CreationPolicy: Any
          OnImportsSatisfied: &lt;null&gt;
          ExportedTypes:
              ExportDefinition
                  ContractName: Microsoft.VisualStudio.Composition.IAssemblyLoader
                  Metadata:
                      ExportTypeIdentity = Microsoft.VisualStudio.Composition.IAssemblyLoader
                      OrderPrecedence = 100
          ExportingMembers:
          ImportingMembers:
          ImportingConstructor:
      Part
          Type: Microsoft.VisualStudio.Composition.Tests.StaticMemberExportsTests+PartWithStaticExports
          SharingBoundary: 
          IsSharingBoundaryInferred: True
          CreationPolicy: Any
          OnImportsSatisfied: &lt;null&gt;
          ExportedTypes:
          ExportingMembers:
+             ExportingField
+                 ContractName: Field
+                 Metadata:
+                     ExportTypeIdentity = System.String
+                     SomeName = SomeValue
              ExportingMethod
                  ContractName: Method
                  Metadata:
                      ExportTypeIdentity = System.String()
                      SomeName = SomeValue
              ExportingProperty
                  ContractName: Property
-                 Metadata:
-                     ExportTypeIdentity = System.String
-                     SomeName = SomeValue
-             ExportingField
-                 ContractName: Field
                  Metadata:
                      ExportTypeIdentity = System.String
                      SomeName = SomeValue
          ImportingMembers:
          ImportingConstructor:
      Part
          Type: Microsoft.VisualStudio.Composition.Tests.StaticMemberExportsTests+ImportManyWithMetadataPart
          SharingBoundary: 
          IsSharingBoundaryInferred: True
          CreationPolicy: Any
          OnImportsSatisfied: &lt;null&gt;
          ExportedTypes:
              ExportDefinition
                  ContractName: Microsoft.VisualStudio.Composition.Tests.StaticMemberExportsTests+ImportManyWithMetadataPart
                  Metadata:
                      ExportTypeIdentity = Microsoft.VisualStudio.Composition.Tests.StaticMemberExportsTests+ImportManyWithMetadataPart
          ExportingMembers:
          ImportingMembers:
              ImportDefinition:
                  ContractName: Property
                  Cardinality: ZeroOrMore
                  Metadata:
                  ExportFactorySharingBoundaries: 
                  ExportConstraints: 
                      ExportTypeIdentityConstraint
                          TypeIdentityName: System.String
                      ImportMetadataViewConstraint
              ComposablePartType: Microsoft.VisualStudio.Composition.Tests.StaticMemberExportsTests+ImportManyWithMetadataPart
              ImportingMember: System.Collections.Generic.List`1[System.Lazy`2[System.String,System.Collections.Generic.IDictionary`2[System.String,System.Object]]] ImportingMember
              ParameterInfo: 
              ImportingSiteType: System.Collections.Generic.List`1[System.Lazy`2[System.String,System.Collections.Generic.IDictionary`2[System.String,System.Object]]]
          ImportingConstructor:</StdOut>
      </Output>
    </UnitTestResult>
    <UnitTestResult executionId="32a31d48-ecb2-4b7e-a528-f7079ccf07ab" testId="1b82c352-4a7e-4188-95fe-7769e842b454" testName="V1" computerName="DDBLD061B" duration="00:00:00.0010000" startTime="2015-04-27T07:08:33.2329790-07:00" endTime="2015-04-27T07:08:33.2329790-07:00" testType="13cdc9d9-ddb5-4fa4-a97d-d965ccfc6d4b" outcome="Passed" testListId="8c84fa94-04c1-424b-9868-57a2d4851a1d" relativeResultsDirectory="32a31d48-ecb2-4b7e-a528-f7079ccf07ab" />
    <UnitTestResult executionId="916341ec-b852-49c3-a127-4479a7ddb350" testId="e20f5fb1-71b9-4429-b49d-5adb82eedc65" testName="V3 composition (V2)" computerName="DDBLD061B" duration="00:00:00.1860000" startTime="2015-04-27T07:08:33.2329790-07:00" endTime="2015-04-27T07:08:33.2329790-07:00" testType="13cdc9d9-ddb5-4fa4-a97d-d965ccfc6d4b" outcome="Passed" testListId="8c84fa94-04c1-424b-9868-57a2d4851a1d" relativeResultsDirectory="916341ec-b852-49c3-a127-4479a7ddb350" />
    <UnitTestResult executionId="3fdc544a-40e8-4792-b3a5-bea34120273f" testId="a6083850-9693-4176-a0fd-ebc5d2e6d9a6" testName="CreateFromTypesOmitsNonPartsV1" computerName="DDBLD061B" duration="00:00:00.2500000" startTime="2015-04-27T07:08:33.2329790-07:00" endTime="2015-04-27T07:08:33.2329790-07:00" testType="13cdc9d9-ddb5-4fa4-a97d-d965ccfc6d4b" outcome="Passed" testListId="8c84fa94-04c1-424b-9868-57a2d4851a1d" relativeResultsDirectory="3fdc544a-40e8-4792-b3a5-bea34120273f" />
    <UnitTestResult executionId="85f88188-6c2c-4494-b4b1-dd988b1bb857" testId="96c6047e-d3e9-4110-a035-9f58adce1a64" testName="WithPartNullThrows" computerName="DDBLD061B" duration="00:00:00.0010000" startTime="2015-04-27T07:08:33.7642567-07:00" endTime="2015-04-27T07:08:33.7642567-07:00" testType="13cdc9d9-ddb5-4fa4-a97d-d965ccfc6d4b" outcome="Passed" testListId="8c84fa94-04c1-424b-9868-57a2d4851a1d" relativeResultsDirectory="85f88188-6c2c-4494-b4b1-dd988b1bb857" />
    <UnitTestResult executionId="a6a98c88-25a9-4cb9-bb06-a438a373802a" testId="6b9e7d3d-dc1c-46b7-b500-991bec799430" testName="V1" computerName="DDBLD061B" duration="00:00:00.0380000" startTime="2015-04-27T07:08:33.7642567-07:00" endTime="2015-04-27T07:08:33.7642567-07:00" testType="13cdc9d9-ddb5-4fa4-a97d-d965ccfc6d4b" outcome="Passed" testListId="8c84fa94-04c1-424b-9868-57a2d4851a1d" relativeResultsDirectory="a6a98c88-25a9-4cb9-bb06-a438a373802a" />
    <UnitTestResult executionId="c6db41b9-0f81-4725-b150-498c4a861c64" testId="1b467101-45a0-40f9-9c9e-156cad38071f" testName="V2" computerName="DDBLD061B" duration="00:00:00.0010000" startTime="2015-04-27T07:08:33.7642567-07:00" endTime="2015-04-27T07:08:33.7642567-07:00" testType="13cdc9d9-ddb5-4fa4-a97d-d965ccfc6d4b" outcome="Passed" testListId="8c84fa94-04c1-424b-9868-57a2d4851a1d" relativeResultsDirectory="c6db41b9-0f81-4725-b150-498c4a861c64" />
    <UnitTestResult executionId="7701b66b-38e5-4300-86a9-e8343ce48aab" testId="59448297-ee65-4093-b207-24727ba8d312" testName="V3 composition (V2)" computerName="DDBLD061B" duration="00:00:00.1590000" startTime="2015-04-27T07:08:33.7642567-07:00" endTime="2015-04-27T07:08:33.7642567-07:00" testType="13cdc9d9-ddb5-4fa4-a97d-d965ccfc6d4b" outcome="Passed" testListId="8c84fa94-04c1-424b-9868-57a2d4851a1d" relativeResultsDirectory="7701b66b-38e5-4300-86a9-e8343ce48aab" />
    <UnitTestResult executionId="d0aef663-b4b8-4cb7-946c-77a79d0cb062" testId="a392c6cc-92e6-4599-a799-1e5094df1323" testName="V3 engine (runtime)" computerName="DDBLD061B" duration="00:00:00.0010000" startTime="2015-04-27T07:08:33.7642567-07:00" endTime="2015-04-27T07:08:33.7642567-07:00" testType="13cdc9d9-ddb5-4fa4-a97d-d965ccfc6d4b" outcome="Passed" testListId="8c84fa94-04c1-424b-9868-57a2d4851a1d" relativeResultsDirectory="d0aef663-b4b8-4cb7-946c-77a79d0cb062" />
    <UnitTestResult executionId="441391dc-a471-4533-8ef8-062f178040ff" testId="d3b62117-a6e5-4fcf-b7be-a28a4273bfa3" testName="V1" computerName="DDBLD061B" duration="00:00:00.0010000" startTime="2015-04-27T07:08:33.7642567-07:00" endTime="2015-04-27T07:08:33.7642567-07:00" testType="13cdc9d9-ddb5-4fa4-a97d-d965ccfc6d4b" outcome="Passed" testListId="8c84fa94-04c1-424b-9868-57a2d4851a1d" relativeResultsDirectory="441391dc-a471-4533-8ef8-062f178040ff" />
    <UnitTestResult executionId="960e8d15-237a-4de3-b8fd-ed6ea13b8765" testId="0b27db68-d812-4809-9c11-c43fcdbdaed0" testName="V3 engine (runtime)" computerName="DDBLD061B" duration="00:00:00.0010000" startTime="2015-04-27T07:08:33.9829891-07:00" endTime="2015-04-27T07:08:33.9829891-07:00" testType="13cdc9d9-ddb5-4fa4-a97d-d965ccfc6d4b" outcome="Passed" testListId="8c84fa94-04c1-424b-9868-57a2d4851a1d" relativeResultsDirectory="960e8d15-237a-4de3-b8fd-ed6ea13b8765" />
    <UnitTestResult executionId="3bbfc6fd-7817-4e61-a08e-d26f6040000d" testId="1c035161-096a-4ac5-bb5b-d984f9ec4d98" testName="V3 engine (runtime)" computerName="DDBLD061B" duration="00:00:00.0010000" startTime="2015-04-27T07:08:33.9829891-07:00" endTime="2015-04-27T07:08:33.9829891-07:00" testType="13cdc9d9-ddb5-4fa4-a97d-d965ccfc6d4b" outcome="Passed" testListId="8c84fa94-04c1-424b-9868-57a2d4851a1d" relativeResultsDirectory="3bbfc6fd-7817-4e61-a08e-d26f6040000d" />
    <UnitTestResult executionId="0d99e6c2-9b07-48d3-ad72-b88f97b76772" testId="58b8cf6f-f05d-409f-b344-49d87690f0f1" testName="V3 engine (runtime)" computerName="DDBLD061B" duration="00:00:00.0010000" startTime="2015-04-27T07:08:33.9829891-07:00" endTime="2015-04-27T07:08:33.9829891-07:00" testType="13cdc9d9-ddb5-4fa4-a97d-d965ccfc6d4b" outcome="Passed" testListId="8c84fa94-04c1-424b-9868-57a2d4851a1d" relativeResultsDirectory="0d99e6c2-9b07-48d3-ad72-b88f97b76772" />
    <UnitTestResult executionId="6239ef48-9eeb-4863-bfa0-ff65823e566b" testId="6e5b1d8e-30d9-44a6-8afb-59b3f5036a63" testName="V2" computerName="DDBLD061B" duration="00:00:00.0020000" startTime="2015-04-27T07:08:33.9829891-07:00" endTime="2015-04-27T07:08:33.9829891-07:00" testType="13cdc9d9-ddb5-4fa4-a97d-d965ccfc6d4b" outcome="Passed" testListId="8c84fa94-04c1-424b-9868-57a2d4851a1d" relativeResultsDirectory="6239ef48-9eeb-4863-bfa0-ff65823e566b" />
    <UnitTestResult executionId="f8226df9-900e-4fbd-bb8b-1ad6fca851a0" testId="b0b5c5ff-48a4-4b4b-a522-d08bd223e972" testName="V3 composition (V1, V2)" computerName="DDBLD061B" duration="00:00:00.3230000" startTime="2015-04-27T07:08:33.9829891-07:00" endTime="2015-04-27T07:08:33.9829891-07:00" testType="13cdc9d9-ddb5-4fa4-a97d-d965ccfc6d4b" outcome="Passed" testListId="8c84fa94-04c1-424b-9868-57a2d4851a1d" relativeResultsDirectory="f8226df9-900e-4fbd-bb8b-1ad6fca851a0" />
    <UnitTestResult executionId="d542ead2-041b-418e-a0ad-bc323c31e17f" testId="bee0d159-5366-4f73-862d-8e32dcee9eec" testName="V3 engine (runtime)" computerName="DDBLD061B" duration="00:00:00.0020000" startTime="2015-04-27T07:08:33.9829891-07:00" endTime="2015-04-27T07:08:33.9829891-07:00" testType="13cdc9d9-ddb5-4fa4-a97d-d965ccfc6d4b" outcome="Passed" testListId="8c84fa94-04c1-424b-9868-57a2d4851a1d" relativeResultsDirectory="d542ead2-041b-418e-a0ad-bc323c31e17f" />
    <UnitTestResult executionId="664192ae-befc-4974-bab8-561d636e73d2" testId="e7e44d91-6ce9-4019-9206-360e112c1fb9" testName="V3 engine (runtime)" computerName="DDBLD061B" duration="00:00:00.0010000" startTime="2015-04-27T07:08:33.9829891-07:00" endTime="2015-04-27T07:08:33.9829891-07:00" testType="13cdc9d9-ddb5-4fa4-a97d-d965ccfc6d4b" outcome="Passed" testListId="8c84fa94-04c1-424b-9868-57a2d4851a1d" relativeResultsDirectory="664192ae-befc-4974-bab8-561d636e73d2" />
    <UnitTestResult executionId="a248ad63-824d-4b80-acbb-c9b328673313" testId="c08a26b3-01f4-4e95-8454-61daf0b9c24f" testName="V3 engine (runtime)" computerName="DDBLD061B" duration="00:00:00.0010000" startTime="2015-04-27T07:08:33.9829891-07:00" endTime="2015-04-27T07:08:33.9829891-07:00" testType="13cdc9d9-ddb5-4fa4-a97d-d965ccfc6d4b" outcome="Passed" testListId="8c84fa94-04c1-424b-9868-57a2d4851a1d" relativeResultsDirectory="a248ad63-824d-4b80-acbb-c9b328673313" />
    <UnitTestResult executionId="5c8d98be-d5cf-4fce-8ace-357d8b40d29b" testId="1fb3fdc0-e82f-41ec-8a62-369ab6049b77" testName="V1" computerName="DDBLD061B" duration="00:00:00.0020000" startTime="2015-04-27T07:08:34.2954944-07:00" endTime="2015-04-27T07:08:34.2954944-07:00" testType="13cdc9d9-ddb5-4fa4-a97d-d965ccfc6d4b" outcome="Passed" testListId="8c84fa94-04c1-424b-9868-57a2d4851a1d" relativeResultsDirectory="5c8d98be-d5cf-4fce-8ace-357d8b40d29b" />
    <UnitTestResult executionId="ecc2be6d-4ebc-4273-ab4e-37ab26108684" testId="23bc65a5-e30e-4553-b9ea-d7e0a4423849" testName="V3 engine (runtime)" computerName="DDBLD061B" duration="00:00:00.0010000" startTime="2015-04-27T07:08:34.2954944-07:00" endTime="2015-04-27T07:08:34.2954944-07:00" testType="13cdc9d9-ddb5-4fa4-a97d-d965ccfc6d4b" outcome="Passed" testListId="8c84fa94-04c1-424b-9868-57a2d4851a1d" relativeResultsDirectory="ecc2be6d-4ebc-4273-ab4e-37ab26108684" />
    <UnitTestResult executionId="165f612d-af04-4496-9954-00ba5c3c3764" testId="1222872f-2fbd-4960-a893-3c93d594d878" testName="V1" computerName="DDBLD061B" duration="00:00:00.0020000" startTime="2015-04-27T07:08:34.2954944-07:00" endTime="2015-04-27T07:08:34.2954944-07:00" testType="13cdc9d9-ddb5-4fa4-a97d-d965ccfc6d4b" outcome="Passed" testListId="8c84fa94-04c1-424b-9868-57a2d4851a1d" relativeResultsDirectory="165f612d-af04-4496-9954-00ba5c3c3764" />
    <UnitTestResult executionId="7a0527af-34d3-4e0f-9e77-9ee63935fbb4" testId="d0f2d604-159e-49b5-9278-bedd48fce267" testName="V3 engine (runtime)" computerName="DDBLD061B" duration="00:00:00.0010000" startTime="2015-04-27T07:08:34.2954944-07:00" endTime="2015-04-27T07:08:34.2954944-07:00" testType="13cdc9d9-ddb5-4fa4-a97d-d965ccfc6d4b" outcome="Passed" testListId="8c84fa94-04c1-424b-9868-57a2d4851a1d" relativeResultsDirectory="7a0527af-34d3-4e0f-9e77-9ee63935fbb4" />
    <UnitTestResult executionId="60188439-7fe9-4f6b-97da-02d5720dd1d2" testId="a7463cc9-2f3c-4a3f-9525-839dcca1be81" testName="V3 engine (runtime)" computerName="DDBLD061B" duration="00:00:00.0010000" startTime="2015-04-27T07:08:34.2954944-07:00" endTime="2015-04-27T07:08:34.2954944-07:00" testType="13cdc9d9-ddb5-4fa4-a97d-d965ccfc6d4b" outcome="Passed" testListId="8c84fa94-04c1-424b-9868-57a2d4851a1d" relativeResultsDirectory="60188439-7fe9-4f6b-97da-02d5720dd1d2" />
    <UnitTestResult executionId="6c83078a-1268-45ed-9b22-729fa56ecb2b" testId="f6a11c46-a994-4246-88c5-50c57e6402c5" testName="V1" computerName="DDBLD061B" duration="00:00:00.0010000" startTime="2015-04-27T07:08:34.2954944-07:00" endTime="2015-04-27T07:08:34.2954944-07:00" testType="13cdc9d9-ddb5-4fa4-a97d-d965ccfc6d4b" outcome="Passed" testListId="8c84fa94-04c1-424b-9868-57a2d4851a1d" relativeResultsDirectory="6c83078a-1268-45ed-9b22-729fa56ecb2b" />
    <UnitTestResult executionId="b9fd2fb1-072f-4a16-9e61-4385747ed4b0" testId="f712dcb7-2fe8-41e1-9251-515821f0b68a" testName="V1" computerName="DDBLD061B" duration="00:00:00.0020000" startTime="2015-04-27T07:08:34.2954944-07:00" endTime="2015-04-27T07:08:34.2954944-07:00" testType="13cdc9d9-ddb5-4fa4-a97d-d965ccfc6d4b" outcome="Passed" testListId="8c84fa94-04c1-424b-9868-57a2d4851a1d" relativeResultsDirectory="b9fd2fb1-072f-4a16-9e61-4385747ed4b0" />
    <UnitTestResult executionId="908fbaa6-17a1-4049-8d40-b071f758e2ca" testId="5f6600df-a6f4-4437-9ef1-14d64f25d339" testName="V2" computerName="DDBLD061B" duration="00:00:00.0020000" startTime="2015-04-27T07:08:34.2954944-07:00" endTime="2015-04-27T07:08:34.2954944-07:00" testType="13cdc9d9-ddb5-4fa4-a97d-d965ccfc6d4b" outcome="Passed" testListId="8c84fa94-04c1-424b-9868-57a2d4851a1d" relativeResultsDirectory="908fbaa6-17a1-4049-8d40-b071f758e2ca" />
    <UnitTestResult executionId="bb815c4c-effa-474d-bfdb-12a3af6cd4e1" testId="02a28aee-2eec-4e4c-b107-28f2ed1eac3e" testName="V3 engine (runtime)" computerName="DDBLD061B" duration="00:00:00.0010000" startTime="2015-04-27T07:08:34.2954944-07:00" endTime="2015-04-27T07:08:34.2954944-07:00" testType="13cdc9d9-ddb5-4fa4-a97d-d965ccfc6d4b" outcome="Passed" testListId="8c84fa94-04c1-424b-9868-57a2d4851a1d" relativeResultsDirectory="bb815c4c-effa-474d-bfdb-12a3af6cd4e1" />
    <UnitTestResult executionId="25cc10a4-71c9-4d41-822c-9972d76a1ae4" testId="ce039aa3-2ec3-4bad-b6fa-f8ab21517b22" testName="V1" computerName="DDBLD061B" duration="00:00:00.0260000" startTime="2015-04-27T07:08:34.5142914-07:00" endTime="2015-04-27T07:08:34.5142914-07:00" testType="13cdc9d9-ddb5-4fa4-a97d-d965ccfc6d4b" outcome="Passed" testListId="8c84fa94-04c1-424b-9868-57a2d4851a1d" relativeResultsDirectory="25cc10a4-71c9-4d41-822c-9972d76a1ae4" />
    <UnitTestResult executionId="3e2b4c51-82f7-44c5-b2db-8e3bb9a73114" testId="733f957b-ffbb-4b4b-963d-01bf01a9d099" testName="V1" computerName="DDBLD061B" duration="00:00:00.0390000" startTime="2015-04-27T07:08:34.5142914-07:00" endTime="2015-04-27T07:08:34.5142914-07:00" testType="13cdc9d9-ddb5-4fa4-a97d-d965ccfc6d4b" outcome="Passed" testListId="8c84fa94-04c1-424b-9868-57a2d4851a1d" relativeResultsDirectory="3e2b4c51-82f7-44c5-b2db-8e3bb9a73114" />
    <UnitTestResult executionId="31593e3b-2d69-4f83-a8a2-8ac296727db6" testId="7899efa6-7d28-4fe8-8d8b-cbd43260640e" testName="V2" computerName="DDBLD061B" duration="00:00:00.0020000" startTime="2015-04-27T07:08:34.5142914-07:00" endTime="2015-04-27T07:08:34.5142914-07:00" testType="13cdc9d9-ddb5-4fa4-a97d-d965ccfc6d4b" outcome="Passed" testListId="8c84fa94-04c1-424b-9868-57a2d4851a1d" relativeResultsDirectory="31593e3b-2d69-4f83-a8a2-8ac296727db6" />
    <UnitTestResult executionId="e71eb36e-1aee-4bc5-979e-55d3413d5586" testId="d084ae12-6d0d-473b-acff-1512bceb4d6e" testName="V3 engine (runtime)" computerName="DDBLD061B" duration="00:00:00.0010000" startTime="2015-04-27T07:08:34.5142914-07:00" endTime="2015-04-27T07:08:34.5142914-07:00" testType="13cdc9d9-ddb5-4fa4-a97d-d965ccfc6d4b" outcome="Passed" testListId="8c84fa94-04c1-424b-9868-57a2d4851a1d" relativeResultsDirectory="e71eb36e-1aee-4bc5-979e-55d3413d5586" />
    <UnitTestResult executionId="41718296-2e92-4b60-9c82-c7c79abc432b" testId="3fd9b80b-cc42-4a04-84ee-c0316def9bec" testName="V3 engine (runtime)" computerName="DDBLD061B" duration="00:00:00.0010000" startTime="2015-04-27T07:08:34.5142914-07:00" endTime="2015-04-27T07:08:34.5142914-07:00" testType="13cdc9d9-ddb5-4fa4-a97d-d965ccfc6d4b" outcome="Passed" testListId="8c84fa94-04c1-424b-9868-57a2d4851a1d" relativeResultsDirectory="41718296-2e92-4b60-9c82-c7c79abc432b" />
    <UnitTestResult executionId="311b3f98-bc48-49db-bbb6-5a0b9b9685b7" testId="88ce8ba1-3a1f-423b-a511-cf99c5b82844" testName="V1" computerName="DDBLD061B" duration="00:00:00.0030000" startTime="2015-04-27T07:08:34.5142914-07:00" endTime="2015-04-27T07:08:34.5142914-07:00" testType="13cdc9d9-ddb5-4fa4-a97d-d965ccfc6d4b" outcome="Passed" testListId="8c84fa94-04c1-424b-9868-57a2d4851a1d" relativeResultsDirectory="311b3f98-bc48-49db-bbb6-5a0b9b9685b7" />
    <UnitTestResult executionId="83675489-be71-44ed-a0de-e12e1cd8848b" testId="99ee70d7-6336-4200-bf33-e4a2be9ad83c" testName="V3 composition (V1, V2)" computerName="DDBLD061B" duration="00:00:00.2690000" startTime="2015-04-27T07:08:34.5142914-07:00" endTime="2015-04-27T07:08:34.5142914-07:00" testType="13cdc9d9-ddb5-4fa4-a97d-d965ccfc6d4b" outcome="Passed" testListId="8c84fa94-04c1-424b-9868-57a2d4851a1d" relativeResultsDirectory="83675489-be71-44ed-a0de-e12e1cd8848b">
      <Output>
        <StdOut>Catalog AttributedPartDiscoveryV1 vs. AttributedPartDiscovery
      Part
          Type: Microsoft.VisualStudio.Composition.Tests.CustomMetadataAttributeTests+ExportWithMultipleMetadataAttributesAndComplementingMetadataValues
-         SharingBoundary: 
-         IsSharingBoundaryInferred: True
-         CreationPolicy: Any
+         SharingBoundary: &lt;null&gt;
+         IsSharingBoundaryInferred: False
+         CreationPolicy: NonShared
          OnImportsSatisfied: &lt;null&gt;
          ExportedTypes:
              ExportDefinition
                  ContractName: Microsoft.VisualStudio.Composition.Tests.CustomMetadataAttributeTests+ExportWithMultipleMetadataAttributesAndComplementingMetadataValues
                  Metadata:
                      ExportTypeIdentity = Microsoft.VisualStudio.Composition.Tests.CustomMetadataAttributeTests+ExportWithMultipleMetadataAttributesAndComplementingMetadataValues
                      Before = System.String[]
+                     System.ComponentModel.Composition.CreationPolicy = NonShared
                      After = System.String[]
          ExportingMembers:
          ImportingMembers:
          ImportingConstructor:
      Part
          Type: Microsoft.VisualStudio.Composition.Tests.CustomMetadataAttributeTests+PartThatImportsAnExportWithMultipleComplementingMetadata
-         SharingBoundary: 
-         IsSharingBoundaryInferred: True
-         CreationPolicy: Any
+         SharingBoundary: &lt;null&gt;
+         IsSharingBoundaryInferred: False
+         CreationPolicy: NonShared
          OnImportsSatisfied: &lt;null&gt;
          ExportedTypes:
              ExportDefinition
                  ContractName: Microsoft.VisualStudio.Composition.Tests.CustomMetadataAttributeTests+PartThatImportsAnExportWithMultipleComplementingMetadata
                  Metadata:
                      ExportTypeIdentity = Microsoft.VisualStudio.Composition.Tests.CustomMetadataAttributeTests+PartThatImportsAnExportWithMultipleComplementingMetadata
+                     System.ComponentModel.Composition.CreationPolicy = NonShared
          ExportingMembers:
          ImportingMembers:
              ImportDefinition:
                  ContractName: Microsoft.VisualStudio.Composition.Tests.CustomMetadataAttributeTests+ExportWithMultipleMetadataAttributesAndComplementingMetadataValues
                  Cardinality: ExactlyOne
                  Metadata:
                  ExportFactorySharingBoundaries: 
                  ExportConstraints: 
                      ExportTypeIdentityConstraint
                          TypeIdentityName: Microsoft.VisualStudio.Composition.Tests.CustomMetadataAttributeTests+ExportWithMultipleMetadataAttributesAndComplementingMetadataValues
                      ImportMetadataViewConstraint
              ComposablePartType: Microsoft.VisualStudio.Composition.Tests.CustomMetadataAttributeTests+PartThatImportsAnExportWithMultipleComplementingMetadata
              ImportingMember: System.Lazy`2[Microsoft.VisualStudio.Composition.Tests.CustomMetadataAttributeTests+ExportWithMultipleMetadataAttributesAndComplementingMetadataValues,System.Collections.Generic.IDictionary`2[System.String,System.Object]] ImportingProperty
              ParameterInfo: 
              ImportingSiteType: System.Lazy`2[Microsoft.VisualStudio.Composition.Tests.CustomMetadataAttributeTests+ExportWithMultipleMetadataAttributesAndComplementingMetadataValues,System.Collections.Generic.IDictionary`2[System.String,System.Object]]
          ImportingConstructor:</StdOut>
      </Output>
    </UnitTestResult>
    <UnitTestResult executionId="94122011-5534-447f-abf5-31def7fede31" testId="0862de8c-daa2-4048-98f4-c276623b48ab" testName="V2" computerName="DDBLD061B" duration="00:00:00.0030000" startTime="2015-04-27T07:08:34.5142914-07:00" endTime="2015-04-27T07:08:34.5142914-07:00" testType="13cdc9d9-ddb5-4fa4-a97d-d965ccfc6d4b" outcome="Passed" testListId="8c84fa94-04c1-424b-9868-57a2d4851a1d" relativeResultsDirectory="94122011-5534-447f-abf5-31def7fede31" />
    <UnitTestResult executionId="941215d9-d7c5-48ef-8ea1-911f693f0a1e" testId="366a46f2-609d-495d-b432-bf105b3cf50f" testName="V3 engine (runtime)" computerName="DDBLD061B" duration="00:00:00.0020000" startTime="2015-04-27T07:08:35.0767942-07:00" endTime="2015-04-27T07:08:35.0767942-07:00" testType="13cdc9d9-ddb5-4fa4-a97d-d965ccfc6d4b" outcome="Passed" testListId="8c84fa94-04c1-424b-9868-57a2d4851a1d" relativeResultsDirectory="941215d9-d7c5-48ef-8ea1-911f693f0a1e" />
    <UnitTestResult executionId="073727cc-f35a-4668-91bc-1720187d8d43" testId="733b0eb7-6af4-46f0-9895-47de174f387b" testName="V3 engine (runtime)" computerName="DDBLD061B" duration="00:00:00.0010000" startTime="2015-04-27T07:08:35.0767942-07:00" endTime="2015-04-27T07:08:35.0767942-07:00" testType="13cdc9d9-ddb5-4fa4-a97d-d965ccfc6d4b" outcome="Passed" testListId="8c84fa94-04c1-424b-9868-57a2d4851a1d" relativeResultsDirectory="073727cc-f35a-4668-91bc-1720187d8d43" />
    <UnitTestResult executionId="61e51518-220c-4c90-a5ac-d8931d2b5942" testId="59aa9284-c3ad-4adc-b501-ec92150732ab" testName="V1" computerName="DDBLD061B" duration="00:00:00.0010000" startTime="2015-04-27T07:08:35.0767942-07:00" endTime="2015-04-27T07:08:35.0767942-07:00" testType="13cdc9d9-ddb5-4fa4-a97d-d965ccfc6d4b" outcome="Passed" testListId="8c84fa94-04c1-424b-9868-57a2d4851a1d" relativeResultsDirectory="61e51518-220c-4c90-a5ac-d8931d2b5942" />
    <UnitTestResult executionId="9238d34d-3fb8-4cbc-9903-739219a42b78" testId="59f2b6f0-8116-4d91-a8d1-3c1f63b51b64" testName="V2" computerName="DDBLD061B" duration="00:00:00.0140000" startTime="2015-04-27T07:08:35.0767942-07:00" endTime="2015-04-27T07:08:35.0767942-07:00" testType="13cdc9d9-ddb5-4fa4-a97d-d965ccfc6d4b" outcome="Passed" testListId="8c84fa94-04c1-424b-9868-57a2d4851a1d" relativeResultsDirectory="9238d34d-3fb8-4cbc-9903-739219a42b78" />
    <UnitTestResult executionId="14efb50c-2029-4c1d-ae6a-783b7087979a" testId="7df390fd-fe35-497f-b857-88f3767a3b55" testName="V3 engine (runtime)" computerName="DDBLD061B" duration="00:00:00.0010000" startTime="2015-04-27T07:08:35.0767942-07:00" endTime="2015-04-27T07:08:35.0767942-07:00" testType="13cdc9d9-ddb5-4fa4-a97d-d965ccfc6d4b" outcome="Passed" testListId="8c84fa94-04c1-424b-9868-57a2d4851a1d" relativeResultsDirectory="14efb50c-2029-4c1d-ae6a-783b7087979a" />
    <UnitTestResult executionId="587b5299-4d71-495b-8099-cba7a78d9962" testId="7ed24799-f85f-41d5-996b-78b51534f908" testName="V3 engine (runtime)" computerName="DDBLD061B" duration="00:00:00.0010000" startTime="2015-04-27T07:08:35.0767942-07:00" endTime="2015-04-27T07:08:35.0767942-07:00" testType="13cdc9d9-ddb5-4fa4-a97d-d965ccfc6d4b" outcome="Passed" testListId="8c84fa94-04c1-424b-9868-57a2d4851a1d" relativeResultsDirectory="587b5299-4d71-495b-8099-cba7a78d9962" />
    <UnitTestResult executionId="93a2a60e-9e5b-4667-8db5-b24a42d47d0a" testId="5c420eaa-fb4c-4b0f-b711-9009066d76ad" testName="V3 engine (runtime)" computerName="DDBLD061B" duration="00:00:00.0010000" startTime="2015-04-27T07:08:35.0767942-07:00" endTime="2015-04-27T07:08:35.0767942-07:00" testType="13cdc9d9-ddb5-4fa4-a97d-d965ccfc6d4b" outcome="Passed" testListId="8c84fa94-04c1-424b-9868-57a2d4851a1d" relativeResultsDirectory="93a2a60e-9e5b-4667-8db5-b24a42d47d0a" />
    <UnitTestResult executionId="5e5cb278-64fd-492f-b5ee-22063c3dabf8" testId="b4f4fbf1-476b-46b0-a431-c0bb51d0a154" testName="V1" computerName="DDBLD061B" duration="00:00:00.0010000" startTime="2015-04-27T07:08:35.0767942-07:00" endTime="2015-04-27T07:08:35.0767942-07:00" testType="13cdc9d9-ddb5-4fa4-a97d-d965ccfc6d4b" outcome="Passed" testListId="8c84fa94-04c1-424b-9868-57a2d4851a1d" relativeResultsDirectory="5e5cb278-64fd-492f-b5ee-22063c3dabf8" />
    <UnitTestResult executionId="fbc19bb4-37d6-4fa3-8daa-58d7a745ae74" testId="ab607f3f-2aaf-4337-8942-85e4ada2116c" testName="V1" computerName="DDBLD061B" duration="00:00:00.0020000" startTime="2015-04-27T07:08:35.0767942-07:00" endTime="2015-04-27T07:08:35.0767942-07:00" testType="13cdc9d9-ddb5-4fa4-a97d-d965ccfc6d4b" outcome="Passed" testListId="8c84fa94-04c1-424b-9868-57a2d4851a1d" relativeResultsDirectory="fbc19bb4-37d6-4fa3-8daa-58d7a745ae74" />
    <UnitTestResult executionId="357a3915-243b-4d81-a781-3206b820e796" testId="22d14fcf-c5e4-4e00-97a4-cb0f2d993a8b" testName="V2" computerName="DDBLD061B" duration="00:00:00.0010000" startTime="2015-04-27T07:08:35.3111756-07:00" endTime="2015-04-27T07:08:35.3111756-07:00" testType="13cdc9d9-ddb5-4fa4-a97d-d965ccfc6d4b" outcome="Passed" testListId="8c84fa94-04c1-424b-9868-57a2d4851a1d" relativeResultsDirectory="357a3915-243b-4d81-a781-3206b820e796" />
    <UnitTestResult executionId="960ea56e-aa3c-4856-8d96-da1133f75a5b" testId="6b6db568-baff-40f7-b059-6468d59499ad" testName="V3 composition (V2)" computerName="DDBLD061B" duration="00:00:00.1250000" startTime="2015-04-27T07:08:35.3111756-07:00" endTime="2015-04-27T07:08:35.3111756-07:00" testType="13cdc9d9-ddb5-4fa4-a97d-d965ccfc6d4b" outcome="Passed" testListId="8c84fa94-04c1-424b-9868-57a2d4851a1d" relativeResultsDirectory="960ea56e-aa3c-4856-8d96-da1133f75a5b" />
    <UnitTestResult executionId="513c828d-55f8-47f6-abd5-71f1e4f7c41d" testId="499062ba-2d35-445f-be75-3397632890d8" testName="V3 engine (runtime)" computerName="DDBLD061B" duration="00:00:00.0030000" startTime="2015-04-27T07:08:35.3111756-07:00" endTime="2015-04-27T07:08:35.3111756-07:00" testType="13cdc9d9-ddb5-4fa4-a97d-d965ccfc6d4b" outcome="Passed" testListId="8c84fa94-04c1-424b-9868-57a2d4851a1d" relativeResultsDirectory="513c828d-55f8-47f6-abd5-71f1e4f7c41d" />
    <UnitTestResult executionId="dbb3d36b-5d3e-4c47-b4d3-365be2f2256f" testId="b97f7171-aba1-47a2-ada7-312c366b39ab" testName="V3 engine (runtime)" computerName="DDBLD061B" duration="00:00:00.0010000" startTime="2015-04-27T07:08:35.3111756-07:00" endTime="2015-04-27T07:08:35.3111756-07:00" testType="13cdc9d9-ddb5-4fa4-a97d-d965ccfc6d4b" outcome="Passed" testListId="8c84fa94-04c1-424b-9868-57a2d4851a1d" relativeResultsDirectory="dbb3d36b-5d3e-4c47-b4d3-365be2f2256f" />
    <UnitTestResult executionId="00d560c5-5cd2-4540-8d68-01b95cd4d586" testId="6f03514a-1503-42b6-a3f8-136c2ea942d0" testName="V1" computerName="DDBLD061B" duration="00:00:00.0010000" startTime="2015-04-27T07:08:35.3111756-07:00" endTime="2015-04-27T07:08:35.3111756-07:00" testType="13cdc9d9-ddb5-4fa4-a97d-d965ccfc6d4b" outcome="Passed" testListId="8c84fa94-04c1-424b-9868-57a2d4851a1d" relativeResultsDirectory="00d560c5-5cd2-4540-8d68-01b95cd4d586" />
    <UnitTestResult executionId="45995ef9-96fc-459b-ac95-fea07d041932" testId="029ebc1d-4e99-4d02-a39d-0e287433b632" testName="V3 composition (V1, V2)" computerName="DDBLD061B" duration="00:00:00.3010000" startTime="2015-04-27T07:08:35.3111756-07:00" endTime="2015-04-27T07:08:35.3111756-07:00" testType="13cdc9d9-ddb5-4fa4-a97d-d965ccfc6d4b" outcome="Passed" testListId="8c84fa94-04c1-424b-9868-57a2d4851a1d" relativeResultsDirectory="45995ef9-96fc-459b-ac95-fea07d041932">
      <Output>
        <StdOut>Catalog AttributedPartDiscoveryV1 vs. AttributedPartDiscovery
      Part
          Type: Microsoft.VisualStudio.Composition.EmbeddedTypeReceiver.PartThatImportsEmbeddedType
-         SharingBoundary: 
-         IsSharingBoundaryInferred: True
-         CreationPolicy: Any
+         SharingBoundary: &lt;null&gt;
+         IsSharingBoundaryInferred: False
+         CreationPolicy: NonShared
          OnImportsSatisfied: &lt;null&gt;
          ExportedTypes:
              ExportDefinition
                  ContractName: Microsoft.VisualStudio.Composition.EmbeddedTypeReceiver.PartThatImportsEmbeddedType
                  Metadata:
                      ExportTypeIdentity = Microsoft.VisualStudio.Composition.EmbeddedTypeReceiver.PartThatImportsEmbeddedType
+                     System.ComponentModel.Composition.CreationPolicy = NonShared
          ExportingMembers:
          ImportingMembers:
              ImportDefinition:
                  ContractName: Microsoft.VisualStudio.Shell.Interop.IVsRetargetProjectAsync
                  Cardinality: ExactlyOne
                  Metadata:
                  ExportFactorySharingBoundaries: 
                  ExportConstraints: 
                      ExportTypeIdentityConstraint
                          TypeIdentityName: Microsoft.VisualStudio.Shell.Interop.IVsRetargetProjectAsync
              ComposablePartType: Microsoft.VisualStudio.Composition.EmbeddedTypeReceiver.PartThatImportsEmbeddedType
              ImportingMember: Microsoft.VisualStudio.Shell.Interop.IVsRetargetProjectAsync RetargetProject
              ParameterInfo: 
              ImportingSiteType: Microsoft.VisualStudio.Shell.Interop.IVsRetargetProjectAsync
          ImportingConstructor:
      Part
          Type: Microsoft.VisualStudio.Composition.Tests.EmbeddableTypesTests+PartThatExportsEmbeddedType
+         Part metadata:
+             SharingBoundary = 
          SharingBoundary: 
-         IsSharingBoundaryInferred: True
-         CreationPolicy: Any
+         IsSharingBoundaryInferred: False
+         CreationPolicy: Shared
          OnImportsSatisfied: &lt;null&gt;
          ExportedTypes:
              ExportDefinition
                  ContractName: Microsoft.VisualStudio.Shell.Interop.IVsRetargetProjectAsync
                  Metadata:
                      ExportTypeIdentity = Microsoft.VisualStudio.Shell.Interop.IVsRetargetProjectAsync
+                     System.ComponentModel.Composition.CreationPolicy = Shared
          ExportingMembers:
          ImportingMembers:
          ImportingConstructor:</StdOut>
      </Output>
    </UnitTestResult>
    <UnitTestResult executionId="ed7896ff-df82-462e-b9d7-2e3100a0c7f2" testId="8f23a8d3-05f5-4f28-823f-4eebe1417f03" testName="V3 engine (runtime)" computerName="DDBLD061B" duration="00:00:00.0020000" startTime="2015-04-27T07:08:35.3111756-07:00" endTime="2015-04-27T07:08:35.3111756-07:00" testType="13cdc9d9-ddb5-4fa4-a97d-d965ccfc6d4b" outcome="Passed" testListId="8c84fa94-04c1-424b-9868-57a2d4851a1d" relativeResultsDirectory="ed7896ff-df82-462e-b9d7-2e3100a0c7f2" />
    <UnitTestResult executionId="cfc264d9-1624-49c1-ab3b-a9ef29b82831" testId="72fc93ea-c967-40d0-868d-5524d6325b6f" testName="V3 composition (V1)" computerName="DDBLD061B" duration="00:00:00.1270000" startTime="2015-04-27T07:08:35.3111756-07:00" endTime="2015-04-27T07:08:35.3111756-07:00" testType="13cdc9d9-ddb5-4fa4-a97d-d965ccfc6d4b" outcome="Passed" testListId="8c84fa94-04c1-424b-9868-57a2d4851a1d" relativeResultsDirectory="cfc264d9-1624-49c1-ab3b-a9ef29b82831" />
    <UnitTestResult executionId="43404682-9dcf-41de-8e9e-8524a5a0979d" testId="36a92f9d-4d8d-4557-a749-2ac85d5309a2" testName="V3 composition (V1)" computerName="DDBLD061B" duration="00:00:00.1370000" startTime="2015-04-27T07:08:35.5455098-07:00" endTime="2015-04-27T07:08:35.5455098-07:00" testType="13cdc9d9-ddb5-4fa4-a97d-d965ccfc6d4b" outcome="Passed" testListId="8c84fa94-04c1-424b-9868-57a2d4851a1d" relativeResultsDirectory="43404682-9dcf-41de-8e9e-8524a5a0979d" />
    <UnitTestResult executionId="32453f47-3711-4ffc-95b2-cdbcfd6f2455" testId="fe3a8013-3e58-47f4-9166-09d4a721b366" testName="V1" computerName="DDBLD061B" duration="00:00:00.0170000" startTime="2015-04-27T07:08:35.5455098-07:00" endTime="2015-04-27T07:08:35.5455098-07:00" testType="13cdc9d9-ddb5-4fa4-a97d-d965ccfc6d4b" outcome="Passed" testListId="8c84fa94-04c1-424b-9868-57a2d4851a1d" relativeResultsDirectory="32453f47-3711-4ffc-95b2-cdbcfd6f2455" />
    <UnitTestResult executionId="e80b9762-b9ad-42de-839f-7120d2c80128" testId="12e7e9b6-c941-493f-b639-4f4f319cabfd" testName="V3 composition (V1, V2)" computerName="DDBLD061B" duration="00:00:00.3230000" startTime="2015-04-27T07:08:35.5455098-07:00" endTime="2015-04-27T07:08:35.5455098-07:00" testType="13cdc9d9-ddb5-4fa4-a97d-d965ccfc6d4b" outcome="Passed" testListId="8c84fa94-04c1-424b-9868-57a2d4851a1d" relativeResultsDirectory="e80b9762-b9ad-42de-839f-7120d2c80128">
      <Output>
        <StdOut>Catalog AttributedPartDiscoveryV1 vs. AttributedPartDiscovery
      Part
          Type: Microsoft.VisualStudio.Composition.Tests.ExportMetadataMultipleTests+PartWithMultipleCustomMetadata
-         SharingBoundary: 
-         IsSharingBoundaryInferred: True
-         CreationPolicy: Any
+         SharingBoundary: &lt;null&gt;
+         IsSharingBoundaryInferred: False
+         CreationPolicy: NonShared
          OnImportsSatisfied: &lt;null&gt;
          ExportedTypes:
              ExportDefinition
                  ContractName: Microsoft.VisualStudio.Composition.Tests.ExportMetadataMultipleTests+PartWithMultipleCustomMetadata
                  Metadata:
                      ExportTypeIdentity = Microsoft.VisualStudio.Composition.Tests.ExportMetadataMultipleTests+PartWithMultipleCustomMetadata
+                     System.ComponentModel.Composition.CreationPolicy = NonShared
                      SomeName = System.String[]
          ExportingMembers:
          ImportingMembers:
          ImportingConstructor:
      Part
          Type: Microsoft.VisualStudio.Composition.Tests.ExportMetadataMultipleTests+ImportingPart
-         SharingBoundary: 
-         IsSharingBoundaryInferred: True
-         CreationPolicy: Any
+         SharingBoundary: &lt;null&gt;
+         IsSharingBoundaryInferred: False
+         CreationPolicy: NonShared
          OnImportsSatisfied: &lt;null&gt;
          ExportedTypes:
              ExportDefinition
                  ContractName: Microsoft.VisualStudio.Composition.Tests.ExportMetadataMultipleTests+ImportingPart
                  Metadata:
                      ExportTypeIdentity = Microsoft.VisualStudio.Composition.Tests.ExportMetadataMultipleTests+ImportingPart
+                     System.ComponentModel.Composition.CreationPolicy = NonShared
          ExportingMembers:
          ImportingMembers:
              ImportDefinition:
                  ContractName: Microsoft.VisualStudio.Composition.Tests.ExportMetadataMultipleTests+PartWithSingleCustomMetadata
                  Cardinality: OneOrZero
                  Metadata:
                  ExportFactorySharingBoundaries: 
                  ExportConstraints: 
                      ExportTypeIdentityConstraint
                          TypeIdentityName: Microsoft.VisualStudio.Composition.Tests.ExportMetadataMultipleTests+PartWithSingleCustomMetadata
                      ImportMetadataViewConstraint
              ComposablePartType: Microsoft.VisualStudio.Composition.Tests.ExportMetadataMultipleTests+ImportingPart
              ImportingMember: System.Lazy`2[Microsoft.VisualStudio.Composition.Tests.ExportMetadataMultipleTests+PartWithSingleCustomMetadata,System.Collections.Generic.IDictionary`2[System.String,System.Object]] SingleCustomMetadataImport
              ParameterInfo: 
              ImportingSiteType: System.Lazy`2[Microsoft.VisualStudio.Composition.Tests.ExportMetadataMultipleTests+PartWithSingleCustomMetadata,System.Collections.Generic.IDictionary`2[System.String,System.Object]]
              ImportDefinition:
                  ContractName: Microsoft.VisualStudio.Composition.Tests.ExportMetadataMultipleTests+PartWithMultipleCustomMetadata
                  Cardinality: OneOrZero
                  Metadata:
                  ExportFactorySharingBoundaries: 
                  ExportConstraints: 
                      ExportTypeIdentityConstraint
                          TypeIdentityName: Microsoft.VisualStudio.Composition.Tests.ExportMetadataMultipleTests+PartWithMultipleCustomMetadata
                      ImportMetadataViewConstraint
              ComposablePartType: Microsoft.VisualStudio.Composition.Tests.ExportMetadataMultipleTests+ImportingPart
              ImportingMember: System.Lazy`2[Microsoft.VisualStudio.Composition.Tests.ExportMetadataMultipleTests+PartWithMultipleCustomMetadata,System.Collections.Generic.IDictionary`2[System.String,System.Object]] CustomMetadataImport
              ParameterInfo: 
              ImportingSiteType: System.Lazy`2[Microsoft.VisualStudio.Composition.Tests.ExportMetadataMultipleTests+PartWithMultipleCustomMetadata,System.Collections.Generic.IDictionary`2[System.String,System.Object]]
              ImportDefinition:
                  ContractName: Microsoft.VisualStudio.Composition.Tests.ExportMetadataMultipleTests+PartWithMultipleMetadata
                  Cardinality: OneOrZero
                  Metadata:
                  ExportFactorySharingBoundaries: 
                  ExportConstraints: 
                      ExportTypeIdentityConstraint
                          TypeIdentityName: Microsoft.VisualStudio.Composition.Tests.ExportMetadataMultipleTests+PartWithMultipleMetadata
                      ImportMetadataViewConstraint
              ComposablePartType: Microsoft.VisualStudio.Composition.Tests.ExportMetadataMultipleTests+ImportingPart
              ImportingMember: System.Lazy`2[Microsoft.VisualStudio.Composition.Tests.ExportMetadataMultipleTests+PartWithMultipleMetadata,System.Collections.Generic.IDictionary`2[System.String,System.Object]] ImportingProperty
              ParameterInfo: 
              ImportingSiteType: System.Lazy`2[Microsoft.VisualStudio.Composition.Tests.ExportMetadataMultipleTests+PartWithMultipleMetadata,System.Collections.Generic.IDictionary`2[System.String,System.Object]]
          ImportingConstructor:</StdOut>
      </Output>
    </UnitTestResult>
    <UnitTestResult executionId="c46c0625-fd9e-4b42-bc16-d224a1951b70" testId="c93f99a8-9c88-47a0-b924-db7eba9d06f8" testName="V3 engine (runtime)" computerName="DDBLD061B" duration="00:00:00.0010000" startTime="2015-04-27T07:08:35.5455098-07:00" endTime="2015-04-27T07:08:35.5455098-07:00" testType="13cdc9d9-ddb5-4fa4-a97d-d965ccfc6d4b" outcome="Passed" testListId="8c84fa94-04c1-424b-9868-57a2d4851a1d" relativeResultsDirectory="c46c0625-fd9e-4b42-bc16-d224a1951b70" />
    <UnitTestResult executionId="08771f85-ceee-425e-8975-48f3e679b533" testId="c1bbbe8e-3b44-43ba-9ea0-cba2891cdbc9" testName="V3 engine (runtime)" computerName="DDBLD061B" duration="00:00:00.0010000" startTime="2015-04-27T07:08:35.5455098-07:00" endTime="2015-04-27T07:08:35.5455098-07:00" testType="13cdc9d9-ddb5-4fa4-a97d-d965ccfc6d4b" outcome="Passed" testListId="8c84fa94-04c1-424b-9868-57a2d4851a1d" relativeResultsDirectory="08771f85-ceee-425e-8975-48f3e679b533" />
    <UnitTestResult executionId="71e1fd24-ecec-4c09-80d6-87835fc7d8d3" testId="c00ae534-a9af-4fb0-9586-85e5e8739cc4" testName="V1" computerName="DDBLD061B" duration="00:00:00.0010000" startTime="2015-04-27T07:08:35.5455098-07:00" endTime="2015-04-27T07:08:35.5455098-07:00" testType="13cdc9d9-ddb5-4fa4-a97d-d965ccfc6d4b" outcome="Passed" testListId="8c84fa94-04c1-424b-9868-57a2d4851a1d" relativeResultsDirectory="71e1fd24-ecec-4c09-80d6-87835fc7d8d3" />
    <UnitTestResult executionId="5a5857dd-6904-4070-aba1-c2c88387b1a0" testId="65d9ccf4-f7a1-4577-b235-c115ccda31bf" testName="V3 engine (runtime)" computerName="DDBLD061B" duration="00:00:00.0010000" startTime="2015-04-27T07:08:35.5455098-07:00" endTime="2015-04-27T07:08:35.5455098-07:00" testType="13cdc9d9-ddb5-4fa4-a97d-d965ccfc6d4b" outcome="Passed" testListId="8c84fa94-04c1-424b-9868-57a2d4851a1d" relativeResultsDirectory="5a5857dd-6904-4070-aba1-c2c88387b1a0" />
    <UnitTestResult executionId="85eb198d-a1b4-4e2f-9f4f-4f02df1ac9df" testId="7065a417-6f86-4bae-b7f0-80ad6b7f6619" testName="V1" computerName="DDBLD061B" duration="00:00:00.0010000" startTime="2015-04-27T07:08:35.5455098-07:00" endTime="2015-04-27T07:08:35.5455098-07:00" testType="13cdc9d9-ddb5-4fa4-a97d-d965ccfc6d4b" outcome="Passed" testListId="8c84fa94-04c1-424b-9868-57a2d4851a1d" relativeResultsDirectory="85eb198d-a1b4-4e2f-9f4f-4f02df1ac9df" />
    <UnitTestResult executionId="cb5e9202-73fd-4505-bd98-52daf465674a" testId="60531937-8266-4479-a73a-e880d759ca1b" testName="V2" computerName="DDBLD061B" duration="00:00:00.0010000" startTime="2015-04-27T07:08:35.5455098-07:00" endTime="2015-04-27T07:08:35.5455098-07:00" testType="13cdc9d9-ddb5-4fa4-a97d-d965ccfc6d4b" outcome="Passed" testListId="8c84fa94-04c1-424b-9868-57a2d4851a1d" relativeResultsDirectory="cb5e9202-73fd-4505-bd98-52daf465674a" />
    <UnitTestResult executionId="77b17d9a-d80d-4b9e-96c1-1ebb2ce79ebb" testId="f8fd2327-1220-4308-a94c-d03abc11ef69" testName="V2" computerName="DDBLD061B" duration="00:00:00.0020000" startTime="2015-04-27T07:08:35.7486578-07:00" endTime="2015-04-27T07:08:35.7486578-07:00" testType="13cdc9d9-ddb5-4fa4-a97d-d965ccfc6d4b" outcome="Passed" testListId="8c84fa94-04c1-424b-9868-57a2d4851a1d" relativeResultsDirectory="77b17d9a-d80d-4b9e-96c1-1ebb2ce79ebb" />
    <UnitTestResult executionId="2d4ad4f0-43c3-4165-95d0-8c73c9401bf0" testId="c1c2cb34-26fc-4efe-80e7-f1d7b8b3ac98" testName="V3 composition (V1, V2)" computerName="DDBLD061B" duration="00:00:00.3170000" startTime="2015-04-27T07:08:35.7486578-07:00" endTime="2015-04-27T07:08:35.7486578-07:00" testType="13cdc9d9-ddb5-4fa4-a97d-d965ccfc6d4b" outcome="Passed" testListId="8c84fa94-04c1-424b-9868-57a2d4851a1d" relativeResultsDirectory="2d4ad4f0-43c3-4165-95d0-8c73c9401bf0">
      <Output>
        <StdOut>Catalog AttributedPartDiscoveryV1 vs. AttributedPartDiscovery
      Part
          Type: Microsoft.VisualStudio.Composition.Tests.CircularDependencyTests+PartWithLazyImportingProperty
+         Part metadata:
+             SharingBoundary = 
          SharingBoundary: 
-         IsSharingBoundaryInferred: True
-         CreationPolicy: Any
+         IsSharingBoundaryInferred: False
+         CreationPolicy: Shared
          OnImportsSatisfied: &lt;null&gt;
          ExportedTypes:
              ExportDefinition
                  ContractName: Microsoft.VisualStudio.Composition.Tests.CircularDependencyTests+PartWithLazyImportingProperty
                  Metadata:
                      ExportTypeIdentity = Microsoft.VisualStudio.Composition.Tests.CircularDependencyTests+PartWithLazyImportingProperty
+                     System.ComponentModel.Composition.CreationPolicy = Shared
          ExportingMembers:
          ImportingMembers:
              ImportDefinition:
                  ContractName: Microsoft.VisualStudio.Composition.Tests.CircularDependencyTests+PartWithImportingConstructorOfPartWithLazyImportingProperty
                  Cardinality: ExactlyOne
                  Metadata:
                  ExportFactorySharingBoundaries: 
                  ExportConstraints: 
                      ExportTypeIdentityConstraint
                          TypeIdentityName: Microsoft.VisualStudio.Composition.Tests.CircularDependencyTests+PartWithImportingConstructorOfPartWithLazyImportingProperty
              ComposablePartType: Microsoft.VisualStudio.Composition.Tests.CircularDependencyTests+PartWithLazyImportingProperty
              ImportingMember: System.Lazy`1[Microsoft.VisualStudio.Composition.Tests.CircularDependencyTests+PartWithImportingConstructorOfPartWithLazyImportingProperty] PartWithImportingConstructor
              ParameterInfo: 
              ImportingSiteType: System.Lazy`1[Microsoft.VisualStudio.Composition.Tests.CircularDependencyTests+PartWithImportingConstructorOfPartWithLazyImportingProperty]
          ImportingConstructor:
      Part
          Type: Microsoft.VisualStudio.Composition.Tests.CircularDependencyTests+PartWithImportingConstructorOfPartWithLazyImportingProperty
+         Part metadata:
+             SharingBoundary = 
          SharingBoundary: 
-         IsSharingBoundaryInferred: True
-         CreationPolicy: Any
+         IsSharingBoundaryInferred: False
+         CreationPolicy: Shared
          OnImportsSatisfied: &lt;null&gt;
          ExportedTypes:
              ExportDefinition
                  ContractName: Microsoft.VisualStudio.Composition.Tests.CircularDependencyTests+PartWithImportingConstructorOfPartWithLazyImportingProperty
                  Metadata:
                      ExportTypeIdentity = Microsoft.VisualStudio.Composition.Tests.CircularDependencyTests+PartWithImportingConstructorOfPartWithLazyImportingProperty
+                     System.ComponentModel.Composition.CreationPolicy = Shared
          ExportingMembers:
          ImportingMembers:
          ImportingConstructor:
              ImportDefinition:
                  ContractName: Microsoft.VisualStudio.Composition.Tests.CircularDependencyTests+PartWithLazyImportingProperty
                  Cardinality: ExactlyOne
                  Metadata:
                  ExportFactorySharingBoundaries: 
                  ExportConstraints: 
                      ExportTypeIdentityConstraint
                          TypeIdentityName: Microsoft.VisualStudio.Composition.Tests.CircularDependencyTests+PartWithLazyImportingProperty
              ComposablePartType: Microsoft.VisualStudio.Composition.Tests.CircularDependencyTests+PartWithImportingConstructorOfPartWithLazyImportingProperty
              ImportingMember: 
              ParameterInfo: PartWithLazyImportingProperty other
              ImportingSiteType: Microsoft.VisualStudio.Composition.Tests.CircularDependencyTests+PartWithLazyImportingProperty</StdOut>
      </Output>
    </UnitTestResult>
    <UnitTestResult executionId="b4089fef-b47e-4037-b65d-6f7fe4e7a3d8" testId="4cf30b51-862d-47f5-801b-40b28db65c94" testName="V3 engine (runtime)" computerName="DDBLD061B" duration="00:00:00.0010000" startTime="2015-04-27T07:08:35.7486578-07:00" endTime="2015-04-27T07:08:35.7486578-07:00" testType="13cdc9d9-ddb5-4fa4-a97d-d965ccfc6d4b" outcome="Passed" testListId="8c84fa94-04c1-424b-9868-57a2d4851a1d" relativeResultsDirectory="b4089fef-b47e-4037-b65d-6f7fe4e7a3d8" />
    <UnitTestResult executionId="ed37f7a7-7825-464d-8fc8-5d6a849ccd50" testId="2b44d72b-c61c-444d-bbaf-a0583c520c73" testName="V3 composition (V1)" computerName="DDBLD061B" duration="00:00:00.1380000" startTime="2015-04-27T07:08:35.7486578-07:00" endTime="2015-04-27T07:08:35.7486578-07:00" testType="13cdc9d9-ddb5-4fa4-a97d-d965ccfc6d4b" outcome="Passed" testListId="8c84fa94-04c1-424b-9868-57a2d4851a1d" relativeResultsDirectory="ed37f7a7-7825-464d-8fc8-5d6a849ccd50" />
    <UnitTestResult executionId="b220c001-75e9-4683-8331-37630bdf5aa6" testId="2788ae8f-0d92-4312-ac87-19dfafea9d81" testName="V3 composition (V1, V2)" computerName="DDBLD061B" duration="00:00:00.3380000" startTime="2015-04-27T07:08:35.7486578-07:00" endTime="2015-04-27T07:08:35.7486578-07:00" testType="13cdc9d9-ddb5-4fa4-a97d-d965ccfc6d4b" outcome="Passed" testListId="8c84fa94-04c1-424b-9868-57a2d4851a1d" relativeResultsDirectory="b220c001-75e9-4683-8331-37630bdf5aa6">
      <Output>
        <StdOut>Catalog AttributedPartDiscoveryV1 vs. AttributedPartDiscovery
      Part
          Type: Microsoft.VisualStudio.Composition.Tests.ExportingMembersTests+ExportingMembersClass
-         SharingBoundary: 
-         IsSharingBoundaryInferred: True
-         CreationPolicy: Any
+         SharingBoundary: &lt;null&gt;
+         IsSharingBoundaryInferred: False
+         CreationPolicy: NonShared
          OnImportsSatisfied: &lt;null&gt;
          ExportedTypes:
          ExportingMembers:
-             SomeAction
-                 ContractName: Method
-                 Metadata:
-                     ExportTypeIdentity = System.Void()
-                     A = b
-                 ContractName: Method_Extra_Export
-                 Metadata:
-                     ExportTypeIdentity = System.Void()
-                     A = b
-             SomeAction
-                 ContractName: Method
-                 Metadata:
-                     ExportTypeIdentity = System.Void(System.Int32,System.String)
-                     A = b
-             SomeFunc
-                 ContractName: Method
-                 Metadata:
-                     ExportTypeIdentity = System.Boolean()
-                     A = b
-             SomeFunc
-                 ContractName: Method
-                 Metadata:
-                     ExportTypeIdentity = System.Boolean(System.Int32,System.String)
-                     A = b
              Property
                  ContractName: Property
                  Metadata:
                      ExportTypeIdentity = System.String
+                     System.ComponentModel.Composition.CreationPolicy = NonShared
                  ContractName: Property_Extra_Export
                  Metadata:
                      ExportTypeIdentity = System.String
+                     System.ComponentModel.Composition.CreationPolicy = NonShared
              PropertyGenericType
                  ContractName: PropertyGenericType
                  Metadata:
                      ExportTypeIdentity = System.Collections.Generic.Comparer(System.Int32)
-             DelegateReturningProperty
+                     System.ComponentModel.Composition.CreationPolicy = NonShared
-                 ContractName: DelegateReturningProperty
-                 Metadata:
-                     ExportTypeIdentity = System.String(System.String)
-                     A = b
-             Field
-                 ContractName: Field
-                 Metadata:
-                     ExportTypeIdentity = System.String
-                 ContractName: Field_Extra_Export
-                 Metadata:
-                     ExportTypeIdentity = System.String
          ImportingMembers:
          ImportingConstructor:
  
Catalog BeforeSerialization vs. AfterSerialization
      Part
          Type: Microsoft.VisualStudio.Composition.ExportMetadataViewInterfaceEmitProxy+MetadataViewProxyProvider
          Part metadata:
              VsMEFDgmlCategories = System.String[]
          SharingBoundary: &lt;null&gt;
          IsSharingBoundaryInferred: False
          CreationPolicy: NonShared
          OnImportsSatisfied: &lt;null&gt;
          ExportedTypes:
              ExportDefinition
                  ContractName: Microsoft.VisualStudio.Composition.IMetadataViewProvider
                  Metadata:
                      ExportTypeIdentity = Microsoft.VisualStudio.Composition.IMetadataViewProvider
                      System.ComponentModel.Composition.CreationPolicy = NonShared
                      OrderPrecedence = 50
          ExportingMembers:
          ImportingMembers:
          ImportingConstructor:
      Part
          Type: Microsoft.VisualStudio.Composition.NetFxAdapters+CompositionService
          Part metadata:
              VsMEFDgmlCategories = System.String[]
          SharingBoundary: &lt;null&gt;
          IsSharingBoundaryInferred: False
          CreationPolicy: NonShared
          OnImportsSatisfied: &lt;null&gt;
          ExportedTypes:
              ExportDefinition
                  ContractName: System.ComponentModel.Composition.ICompositionService
                  Metadata:
                      ExportTypeIdentity = System.ComponentModel.Composition.ICompositionService
                      System.ComponentModel.Composition.CreationPolicy = NonShared
          ExportingMembers:
          ImportingMembers:
          ImportingConstructor:
              ImportDefinition:
                  ContractName: Microsoft.VisualStudio.Composition.ExportProvider
                  Cardinality: ExactlyOne
                  Metadata:
                  ExportFactorySharingBoundaries: 
                  ExportConstraints: 
                      ExportTypeIdentityConstraint
                          TypeIdentityName: Microsoft.VisualStudio.Composition.ExportProvider
              ComposablePartType: Microsoft.VisualStudio.Composition.NetFxAdapters+CompositionService
              ImportingMember: 
              ParameterInfo: Microsoft.VisualStudio.Composition.ExportProvider exportProvider
              ImportingSiteType: Microsoft.VisualStudio.Composition.ExportProvider
      Part
          Type: Microsoft.VisualStudio.Composition.NetFxAdapters+MetadataViewImplProxy
          Part metadata:
              VsMEFDgmlCategories = System.String[]
          SharingBoundary: 
          IsSharingBoundaryInferred: True
          CreationPolicy: Any
          OnImportsSatisfied: &lt;null&gt;
          ExportedTypes:
              ExportDefinition
                  ContractName: Microsoft.VisualStudio.Composition.IMetadataViewProvider
                  Metadata:
                      ExportTypeIdentity = Microsoft.VisualStudio.Composition.IMetadataViewProvider
                      OrderPrecedence = 100
          ExportingMembers:
          ImportingMembers:
          ImportingConstructor:
      Part
          Type: Microsoft.VisualStudio.Composition.NetFxAdapters+AssemblyLoadCodeBasePathLoader
          Part metadata:
              VsMEFDgmlCategories = System.String[]
          SharingBoundary: 
          IsSharingBoundaryInferred: True
          CreationPolicy: Any
          OnImportsSatisfied: &lt;null&gt;
          ExportedTypes:
              ExportDefinition
                  ContractName: Microsoft.VisualStudio.Composition.IAssemblyLoader
                  Metadata:
                      ExportTypeIdentity = Microsoft.VisualStudio.Composition.IAssemblyLoader
                      OrderPrecedence = 100
          ExportingMembers:
          ImportingMembers:
          ImportingConstructor:
      Part
          Type: Microsoft.VisualStudio.Composition.Tests.ExportingMembersTests+ExportingMembersClass
          SharingBoundary: 
          IsSharingBoundaryInferred: True
          CreationPolicy: Any
          OnImportsSatisfied: &lt;null&gt;
          ExportedTypes:
          ExportingMembers:
+             Field
+                 ContractName: Field
+                 Metadata:
+                     ExportTypeIdentity = System.String
+                 ContractName: Field_Extra_Export
+                 Metadata:
+                     ExportTypeIdentity = System.String
              SomeAction
                  ContractName: Method
                  Metadata:
                      ExportTypeIdentity = System.Void()
                      A = b
                  ContractName: Method_Extra_Export
                  Metadata:
                      ExportTypeIdentity = System.Void()
                      A = b
              SomeAction
                  ContractName: Method
                  Metadata:
                      ExportTypeIdentity = System.Void(System.Int32,System.String)
                      A = b
              SomeFunc
                  ContractName: Method
                  Metadata:
                      ExportTypeIdentity = System.Boolean()
                      A = b
              SomeFunc
                  ContractName: Method
                  Metadata:
                      ExportTypeIdentity = System.Boolean(System.Int32,System.String)
                      A = b
              Property
                  ContractName: Property
                  Metadata:
                      ExportTypeIdentity = System.String
                  ContractName: Property_Extra_Export
                  Metadata:
                      ExportTypeIdentity = System.String
              PropertyGenericType
                  ContractName: PropertyGenericType
                  Metadata:
                      ExportTypeIdentity = System.Collections.Generic.Comparer(System.Int32)
              DelegateReturningProperty
                  ContractName: DelegateReturningProperty
                  Metadata:
                      ExportTypeIdentity = System.String(System.String)
                      A = b
-             Field
-                 ContractName: Field
-                 Metadata:
-                     ExportTypeIdentity = System.String
-                 ContractName: Field_Extra_Export
-                 Metadata:
-                     ExportTypeIdentity = System.String
          ImportingMembers:
          ImportingConstructor:</StdOut>
      </Output>
    </UnitTestResult>
    <UnitTestResult executionId="1d0346e5-ced8-444f-b072-f87a0daf7896" testId="d2d4b7ea-a817-44bd-a6e3-fe3b9fc32feb" testName="V2" computerName="DDBLD061B" duration="00:00:00.0080000" startTime="2015-04-27T07:08:35.7486578-07:00" endTime="2015-04-27T07:08:35.7486578-07:00" testType="13cdc9d9-ddb5-4fa4-a97d-d965ccfc6d4b" outcome="Passed" testListId="8c84fa94-04c1-424b-9868-57a2d4851a1d" relativeResultsDirectory="1d0346e5-ced8-444f-b072-f87a0daf7896" />
    <UnitTestResult executionId="4e97be44-754c-4d57-a97f-ef842fe91867" testId="06a064a6-a8cf-4120-b3da-57e583b0cdbc" testName="V3 composition (V1, V2)" computerName="DDBLD061B" duration="00:00:00.1990000" startTime="2015-04-27T07:08:35.7486578-07:00" endTime="2015-04-27T07:08:35.7486578-07:00" testType="13cdc9d9-ddb5-4fa4-a97d-d965ccfc6d4b" outcome="Passed" testListId="8c84fa94-04c1-424b-9868-57a2d4851a1d" relativeResultsDirectory="4e97be44-754c-4d57-a97f-ef842fe91867" />
    <UnitTestResult executionId="96eb477c-9480-4c5f-b0c6-5ad4c76c67d3" testId="4d4867a8-6120-4522-9a9c-cf77b183bc15" testName="V3 engine (runtime)" computerName="DDBLD061B" duration="00:00:00.0010000" startTime="2015-04-27T07:08:35.7486578-07:00" endTime="2015-04-27T07:08:35.7486578-07:00" testType="13cdc9d9-ddb5-4fa4-a97d-d965ccfc6d4b" outcome="Passed" testListId="8c84fa94-04c1-424b-9868-57a2d4851a1d" relativeResultsDirectory="96eb477c-9480-4c5f-b0c6-5ad4c76c67d3" />
    <UnitTestResult executionId="7d447283-9e20-451f-8a3d-a0ea3dd78fdb" testId="90dbf3ea-ae55-40de-b5ad-ee733ad41596" testName="V3 engine (runtime)" computerName="DDBLD061B" duration="00:00:00.0010000" startTime="2015-04-27T07:08:35.7486578-07:00" endTime="2015-04-27T07:08:35.7486578-07:00" testType="13cdc9d9-ddb5-4fa4-a97d-d965ccfc6d4b" outcome="Passed" testListId="8c84fa94-04c1-424b-9868-57a2d4851a1d" relativeResultsDirectory="7d447283-9e20-451f-8a3d-a0ea3dd78fdb" />
    <UnitTestResult executionId="39122017-2e1b-40b7-bb85-d6c09cd28024" testId="2975b446-0af1-4d79-b99b-8318ff5706d6" testName="V2" computerName="DDBLD061B" duration="00:00:00.0020000" startTime="2015-04-27T07:08:35.9049339-07:00" endTime="2015-04-27T07:08:35.9049339-07:00" testType="13cdc9d9-ddb5-4fa4-a97d-d965ccfc6d4b" outcome="Passed" testListId="8c84fa94-04c1-424b-9868-57a2d4851a1d" relativeResultsDirectory="39122017-2e1b-40b7-bb85-d6c09cd28024" />
    <UnitTestResult executionId="2277617d-637a-4a22-a4fd-33514e281730" testId="909be1de-2c18-4b22-801a-6e254f65c703" testName="V2" computerName="DDBLD061B" duration="00:00:00.0020000" startTime="2015-04-27T07:08:35.9049339-07:00" endTime="2015-04-27T07:08:35.9049339-07:00" testType="13cdc9d9-ddb5-4fa4-a97d-d965ccfc6d4b" outcome="Passed" testListId="8c84fa94-04c1-424b-9868-57a2d4851a1d" relativeResultsDirectory="2277617d-637a-4a22-a4fd-33514e281730" />
    <UnitTestResult executionId="909dc5ac-4c3c-40d9-b685-67e6359e6db7" testId="70f8dede-9c08-4eb0-ab95-4fba2f0568df" testName="V3 composition (V1, V2)" computerName="DDBLD061B" duration="00:00:00.2130000" startTime="2015-04-27T07:08:35.9049339-07:00" endTime="2015-04-27T07:08:35.9049339-07:00" testType="13cdc9d9-ddb5-4fa4-a97d-d965ccfc6d4b" outcome="Passed" testListId="8c84fa94-04c1-424b-9868-57a2d4851a1d" relativeResultsDirectory="909dc5ac-4c3c-40d9-b685-67e6359e6db7" />
    <UnitTestResult executionId="2f25f897-d428-41cd-866e-d9572c3d237b" testId="cab8e6d5-b72c-4b76-b337-a310b13a5e34" testName="V3 composition (V2)" computerName="DDBLD061B" duration="00:00:00.1540000" startTime="2015-04-27T07:08:35.9049339-07:00" endTime="2015-04-27T07:08:35.9049339-07:00" testType="13cdc9d9-ddb5-4fa4-a97d-d965ccfc6d4b" outcome="Passed" testListId="8c84fa94-04c1-424b-9868-57a2d4851a1d" relativeResultsDirectory="2f25f897-d428-41cd-866e-d9572c3d237b" />
    <UnitTestResult executionId="0560a1d3-85a8-4dcf-a122-79031b88c872" testId="b924e610-3071-43a6-b74a-672045aff610" testName="V1" computerName="DDBLD061B" duration="00:00:00.0030000" startTime="2015-04-27T07:08:35.9049339-07:00" endTime="2015-04-27T07:08:35.9049339-07:00" testType="13cdc9d9-ddb5-4fa4-a97d-d965ccfc6d4b" outcome="Passed" testListId="8c84fa94-04c1-424b-9868-57a2d4851a1d" relativeResultsDirectory="0560a1d3-85a8-4dcf-a122-79031b88c872" />
    <UnitTestResult executionId="3d57338e-267f-402d-be8b-517d5197efa4" testId="bc56c329-8226-4e67-b761-396cf3a95ded" testName="V1" computerName="DDBLD061B" duration="00:00:00.0130000" startTime="2015-04-27T07:08:35.9049339-07:00" endTime="2015-04-27T07:08:35.9049339-07:00" testType="13cdc9d9-ddb5-4fa4-a97d-d965ccfc6d4b" outcome="Passed" testListId="8c84fa94-04c1-424b-9868-57a2d4851a1d" relativeResultsDirectory="3d57338e-267f-402d-be8b-517d5197efa4" />
    <UnitTestResult executionId="35cb9a93-00ee-461f-9fe7-3b4d02ad9723" testId="15e8d61a-d5af-4d1b-8dfc-5c760e791269" testName="AssemblyDiscoveryFindsNestedParts" computerName="DDBLD061B" duration="00:00:00.2100000" startTime="2015-04-27T07:08:35.9049339-07:00" endTime="2015-04-27T07:08:35.9049339-07:00" testType="13cdc9d9-ddb5-4fa4-a97d-d965ccfc6d4b" outcome="Passed" testListId="8c84fa94-04c1-424b-9868-57a2d4851a1d" relativeResultsDirectory="35cb9a93-00ee-461f-9fe7-3b4d02ad9723" />
    <UnitTestResult executionId="381176dd-4209-4931-81e8-f603c0b7d3a1" testId="b7787ff4-3ef3-4dfe-9553-d6253736867f" testName="PartMetadataInCatalogOmitsBaseClassMetadata" computerName="DDBLD061B" duration="00:00:00.0010000" startTime="2015-04-27T07:08:35.9049339-07:00" endTime="2015-04-27T07:08:35.9049339-07:00" testType="13cdc9d9-ddb5-4fa4-a97d-d965ccfc6d4b" outcome="Passed" testListId="8c84fa94-04c1-424b-9868-57a2d4851a1d" relativeResultsDirectory="381176dd-4209-4931-81e8-f603c0b7d3a1" />
    <UnitTestResult executionId="5a7b214f-bd50-4fa2-a16e-020e2fb2ef0a" testId="4004ce87-e895-4756-92ca-f39045784892" testName="V2" computerName="DDBLD061B" duration="00:00:00.0030000" startTime="2015-04-27T07:08:36.0923939-07:00" endTime="2015-04-27T07:08:36.0923939-07:00" testType="13cdc9d9-ddb5-4fa4-a97d-d965ccfc6d4b" outcome="Passed" testListId="8c84fa94-04c1-424b-9868-57a2d4851a1d" relativeResultsDirectory="5a7b214f-bd50-4fa2-a16e-020e2fb2ef0a" />
    <UnitTestResult executionId="f3f630f8-3005-4e1c-b68a-d8140d862bd6" testId="99d13e76-f017-4cb0-a1f0-8d6e9dbea0e3" testName="Combined_CreatePartsAsync_TypeArray_ResilientAgainstReflectionErrors" computerName="DDBLD061B" duration="00:00:00.2090000" startTime="2015-04-27T07:08:36.0923939-07:00" endTime="2015-04-27T07:08:36.0923939-07:00" testType="13cdc9d9-ddb5-4fa4-a97d-d965ccfc6d4b" outcome="Passed" testListId="8c84fa94-04c1-424b-9868-57a2d4851a1d" relativeResultsDirectory="f3f630f8-3005-4e1c-b68a-d8140d862bd6" />
    <UnitTestResult executionId="3a51bc1f-af92-4778-bddb-19d0e21d8908" testId="a4f03678-3773-4a45-b255-e6233402eba2" testName="PartMetadataInCatalogDoesNotPropagateToExportMetadata" computerName="DDBLD061B" duration="00:00:00.0020000" startTime="2015-04-27T07:08:36.0923939-07:00" endTime="2015-04-27T07:08:36.0923939-07:00" testType="13cdc9d9-ddb5-4fa4-a97d-d965ccfc6d4b" outcome="Passed" testListId="8c84fa94-04c1-424b-9868-57a2d4851a1d" relativeResultsDirectory="3a51bc1f-af92-4778-bddb-19d0e21d8908" />
    <UnitTestResult executionId="7a6b048c-9d4b-46fc-accf-e2359e258b46" testId="26677472-708e-4f61-b8ea-e21e491acb32" testName="MissingImportingConstructor" computerName="DDBLD061B" duration="00:00:00.0010000" startTime="2015-04-27T07:08:36.0923939-07:00" endTime="2015-04-27T07:08:36.0923939-07:00" testType="13cdc9d9-ddb5-4fa4-a97d-d965ccfc6d4b" outcome="Passed" testListId="8c84fa94-04c1-424b-9868-57a2d4851a1d" relativeResultsDirectory="7a6b048c-9d4b-46fc-accf-e2359e258b46" />
    <UnitTestResult executionId="5f9d0787-a1f3-47d5-b77b-17d55809b40f" testId="5186d0b6-f948-4916-bef6-83ce495331be" testName="NonSharedPartProduction" computerName="DDBLD061B" duration="00:00:00.0010000" startTime="2015-04-27T07:08:36.0923939-07:00" endTime="2015-04-27T07:08:36.0923939-07:00" testType="13cdc9d9-ddb5-4fa4-a97d-d965ccfc6d4b" outcome="Passed" testListId="8c84fa94-04c1-424b-9868-57a2d4851a1d" relativeResultsDirectory="5f9d0787-a1f3-47d5-b77b-17d55809b40f" />
    <UnitTestResult executionId="83aec3fb-0e43-4338-b104-d82937542d0b" testId="31687560-1f28-4e56-a10f-7efca4917be5" testName="V3 composition (V1, V2)" computerName="DDBLD061B" duration="00:00:00.2270000" startTime="2015-04-27T07:08:36.0923939-07:00" endTime="2015-04-27T07:08:36.0923939-07:00" testType="13cdc9d9-ddb5-4fa4-a97d-d965ccfc6d4b" outcome="Passed" testListId="8c84fa94-04c1-424b-9868-57a2d4851a1d" relativeResultsDirectory="83aec3fb-0e43-4338-b104-d82937542d0b" />
    <UnitTestResult executionId="1625b3f1-1cd5-4bc8-8521-bce52f1a4163" testId="35f35c14-612c-41c3-b473-6db5cb9e3046" testName="V3 engine (runtime)" computerName="DDBLD061B" duration="00:00:00.0010000" startTime="2015-04-27T07:08:36.0923939-07:00" endTime="2015-04-27T07:08:36.0923939-07:00" testType="13cdc9d9-ddb5-4fa4-a97d-d965ccfc6d4b" outcome="Passed" testListId="8c84fa94-04c1-424b-9868-57a2d4851a1d" relativeResultsDirectory="1625b3f1-1cd5-4bc8-8521-bce52f1a4163" />
    <UnitTestResult executionId="acd714b5-28f3-4072-8a7d-88b8e0149e22" testId="0d1b666d-4c90-45e8-aa2d-833bc92a77b3" testName="V3 composition (V1)" computerName="DDBLD061B" duration="00:00:00.1770000" startTime="2015-04-27T07:08:36.2799192-07:00" endTime="2015-04-27T07:08:36.2799192-07:00" testType="13cdc9d9-ddb5-4fa4-a97d-d965ccfc6d4b" outcome="Passed" testListId="8c84fa94-04c1-424b-9868-57a2d4851a1d" relativeResultsDirectory="acd714b5-28f3-4072-8a7d-88b8e0149e22" />
    <UnitTestResult executionId="ae706f13-2788-42c9-b898-84de1ff37d5a" testId="77183b0d-a092-44de-a2e7-9956125b4000" testName="V3 engine (runtime)" computerName="DDBLD061B" duration="00:00:00.2440000" startTime="2015-04-27T07:08:36.2799192-07:00" endTime="2015-04-27T07:08:36.2799192-07:00" testType="13cdc9d9-ddb5-4fa4-a97d-d965ccfc6d4b" outcome="Passed" testListId="8c84fa94-04c1-424b-9868-57a2d4851a1d" relativeResultsDirectory="ae706f13-2788-42c9-b898-84de1ff37d5a">
      <Output>
        <StdOut>Part1 being requested on thread 26
Part2 being requested on thread 13
Part2 OnImportsSatisfied invoked on thread 13
Part1 OnImportsSatisfied invoked on thread 13
Each part initialized from unique threads: True</StdOut>
      </Output>
    </UnitTestResult>
    <UnitTestResult executionId="19c83213-36c3-4486-9167-d252b8a4ff88" testId="6c7d61e2-4497-4e97-ad08-94fa6875d7fa" testName="V2" computerName="DDBLD061B" duration="00:00:00.0110000" startTime="2015-04-27T07:08:36.2799192-07:00" endTime="2015-04-27T07:08:36.2799192-07:00" testType="13cdc9d9-ddb5-4fa4-a97d-d965ccfc6d4b" outcome="Passed" testListId="8c84fa94-04c1-424b-9868-57a2d4851a1d" relativeResultsDirectory="19c83213-36c3-4486-9167-d252b8a4ff88" />
    <UnitTestResult executionId="2973ccf7-deb1-4da4-b7e6-372107c62edd" testId="344b8a41-6468-4d5b-90f6-df4dbe23f9cc" testName="V3 composition (V1)" computerName="DDBLD061B" duration="00:00:00.1750000" startTime="2015-04-27T07:08:36.2799192-07:00" endTime="2015-04-27T07:08:36.2799192-07:00" testType="13cdc9d9-ddb5-4fa4-a97d-d965ccfc6d4b" outcome="Passed" testListId="8c84fa94-04c1-424b-9868-57a2d4851a1d" relativeResultsDirectory="2973ccf7-deb1-4da4-b7e6-372107c62edd" />
    <UnitTestResult executionId="10e3cf2f-bfe4-4464-91c5-83d27ece07c3" testId="2503ab6c-05b6-4199-8a97-fda650890339" testName="V3 engine (runtime)" computerName="DDBLD061B" duration="00:00:00.0010000" startTime="2015-04-27T07:08:36.2799192-07:00" endTime="2015-04-27T07:08:36.2799192-07:00" testType="13cdc9d9-ddb5-4fa4-a97d-d965ccfc6d4b" outcome="Passed" testListId="8c84fa94-04c1-424b-9868-57a2d4851a1d" relativeResultsDirectory="10e3cf2f-bfe4-4464-91c5-83d27ece07c3" />
    <UnitTestResult executionId="ef36c2b4-4301-43a3-b9f6-d67337a63516" testId="0572c1dd-dc64-438b-9344-d853deac1fbf" testName="V3 composition (V1)" computerName="DDBLD061B" duration="00:00:00.1850000" startTime="2015-04-27T07:08:36.2799192-07:00" endTime="2015-04-27T07:08:36.2799192-07:00" testType="13cdc9d9-ddb5-4fa4-a97d-d965ccfc6d4b" outcome="Passed" testListId="8c84fa94-04c1-424b-9868-57a2d4851a1d" relativeResultsDirectory="ef36c2b4-4301-43a3-b9f6-d67337a63516" />
    <UnitTestResult executionId="92226829-1209-48bf-b589-72742b4bbef7" testId="b35d7137-8dcf-4021-a59c-b9b4b5c5ba59" testName="V3 engine (runtime)" computerName="DDBLD061B" duration="00:00:00.0010000" startTime="2015-04-27T07:08:36.2799192-07:00" endTime="2015-04-27T07:08:36.2799192-07:00" testType="13cdc9d9-ddb5-4fa4-a97d-d965ccfc6d4b" outcome="Passed" testListId="8c84fa94-04c1-424b-9868-57a2d4851a1d" relativeResultsDirectory="92226829-1209-48bf-b589-72742b4bbef7" />
    <UnitTestResult executionId="5bb43fad-358a-46b8-a6b3-3a9f07d2457b" testId="492b4630-794b-47c1-8062-c339c326cd8d" testName="V3 engine (runtime)" computerName="DDBLD061B" duration="00:00:00.0010000" startTime="2015-04-27T07:08:36.2799192-07:00" endTime="2015-04-27T07:08:36.2799192-07:00" testType="13cdc9d9-ddb5-4fa4-a97d-d965ccfc6d4b" outcome="Passed" testListId="8c84fa94-04c1-424b-9868-57a2d4851a1d" relativeResultsDirectory="5bb43fad-358a-46b8-a6b3-3a9f07d2457b" />
    <UnitTestResult executionId="89d36640-ac2a-4faf-a6f9-a4302ef688e6" testId="f0caf02f-ef13-42e5-834b-e4e7861dfa30" testName="V1" computerName="DDBLD061B" duration="00:00:00.0010000" startTime="2015-04-27T07:08:36.4361713-07:00" endTime="2015-04-27T07:08:36.4361713-07:00" testType="13cdc9d9-ddb5-4fa4-a97d-d965ccfc6d4b" outcome="Passed" testListId="8c84fa94-04c1-424b-9868-57a2d4851a1d" relativeResultsDirectory="89d36640-ac2a-4faf-a6f9-a4302ef688e6" />
    <UnitTestResult executionId="24d21a38-afae-4d0a-9ed3-573a28006538" testId="bcfbfe74-ebb3-47f2-81bb-05367e2e982f" testName="V1" computerName="DDBLD061B" duration="00:00:00.0020000" startTime="2015-04-27T07:08:36.4361713-07:00" endTime="2015-04-27T07:08:36.4361713-07:00" testType="13cdc9d9-ddb5-4fa4-a97d-d965ccfc6d4b" outcome="Passed" testListId="8c84fa94-04c1-424b-9868-57a2d4851a1d" relativeResultsDirectory="24d21a38-afae-4d0a-9ed3-573a28006538" />
    <UnitTestResult executionId="b1513694-9b25-4a98-ae04-54cfce676231" testId="114281b5-e5e4-495b-9dc8-31e470eebc2d" testName="V3 composition (V1, V2)" computerName="DDBLD061B" duration="00:00:00.2570000" startTime="2015-04-27T07:08:36.4361713-07:00" endTime="2015-04-27T07:08:36.4361713-07:00" testType="13cdc9d9-ddb5-4fa4-a97d-d965ccfc6d4b" outcome="Passed" testListId="8c84fa94-04c1-424b-9868-57a2d4851a1d" relativeResultsDirectory="b1513694-9b25-4a98-ae04-54cfce676231" />
    <UnitTestResult executionId="22babc22-dba4-4c44-af25-1be29b299b82" testId="76cd6069-e027-4d9a-ae09-4c6fb4fa9c30" testName="V3 composition (V1)" computerName="DDBLD061B" duration="00:00:00.1590000" startTime="2015-04-27T07:08:36.4361713-07:00" endTime="2015-04-27T07:08:36.4361713-07:00" testType="13cdc9d9-ddb5-4fa4-a97d-d965ccfc6d4b" outcome="Passed" testListId="8c84fa94-04c1-424b-9868-57a2d4851a1d" relativeResultsDirectory="22babc22-dba4-4c44-af25-1be29b299b82" />
    <UnitTestResult executionId="1d6509bc-786e-4638-a2cd-fd75d23929ef" testId="02b76067-7e93-4e5b-bf17-b5f5371cbb83" testName="V3 composition (V1)" computerName="DDBLD061B" duration="00:00:00.1520000" startTime="2015-04-27T07:08:36.4361713-07:00" endTime="2015-04-27T07:08:36.4361713-07:00" testType="13cdc9d9-ddb5-4fa4-a97d-d965ccfc6d4b" outcome="Passed" testListId="8c84fa94-04c1-424b-9868-57a2d4851a1d" relativeResultsDirectory="1d6509bc-786e-4638-a2cd-fd75d23929ef" />
    <UnitTestResult executionId="3597f4e2-ba08-4fb5-8d34-3da3d48d6932" testId="f9e2ee54-d8fb-4024-8091-eda1e98222ee" testName="V3 engine (runtime)" computerName="DDBLD061B" duration="00:00:00.0010000" startTime="2015-04-27T07:08:36.4361713-07:00" endTime="2015-04-27T07:08:36.4361713-07:00" testType="13cdc9d9-ddb5-4fa4-a97d-d965ccfc6d4b" outcome="Passed" testListId="8c84fa94-04c1-424b-9868-57a2d4851a1d" relativeResultsDirectory="3597f4e2-ba08-4fb5-8d34-3da3d48d6932" />
    <UnitTestResult executionId="359dd632-e4a7-4862-8dcb-d6bbc90ca4b0" testId="08ff16a1-e5eb-49c9-9473-f1cb55363e98" testName="AssemblyDiscoveryOmitsNonDiscoverableParts" computerName="DDBLD061B" duration="00:00:00.1720000" startTime="2015-04-27T07:08:36.4361713-07:00" endTime="2015-04-27T07:08:36.4361713-07:00" testType="13cdc9d9-ddb5-4fa4-a97d-d965ccfc6d4b" outcome="Passed" testListId="8c84fa94-04c1-424b-9868-57a2d4851a1d" relativeResultsDirectory="359dd632-e4a7-4862-8dcb-d6bbc90ca4b0" />
    <UnitTestResult executionId="033acf51-6a1b-45c3-a9c6-a49c97e982f6" testId="d743e9e9-2589-4561-a7c0-aa13a15f7692" testName="NonSharedPartProduction" computerName="DDBLD061B" duration="00:00:00.0010000" startTime="2015-04-27T07:08:36.4361713-07:00" endTime="2015-04-27T07:08:36.4361713-07:00" testType="13cdc9d9-ddb5-4fa4-a97d-d965ccfc6d4b" outcome="Passed" testListId="8c84fa94-04c1-424b-9868-57a2d4851a1d" relativeResultsDirectory="033acf51-6a1b-45c3-a9c6-a49c97e982f6" />
    <UnitTestResult executionId="acc71a45-a7eb-4e6e-8c52-4396cb0e4ce2" testId="2070ead2-aec2-4621-a3cf-67335a92def9" testName="V3 composition (V1)" computerName="DDBLD061B" duration="00:00:00.1510000" startTime="2015-04-27T07:08:36.4361713-07:00" endTime="2015-04-27T07:08:36.4361713-07:00" testType="13cdc9d9-ddb5-4fa4-a97d-d965ccfc6d4b" outcome="Passed" testListId="8c84fa94-04c1-424b-9868-57a2d4851a1d" relativeResultsDirectory="acc71a45-a7eb-4e6e-8c52-4396cb0e4ce2" />
    <UnitTestResult executionId="57d5cf2e-79c1-44e9-8f53-e6f74324a8fa" testId="9f233d46-0673-4df0-b523-7db2ddd6d8f5" testName="PartMetadataInCatalogDoesNotPropagateToExportMetadata" computerName="DDBLD061B" duration="00:00:00.0010000" startTime="2015-04-27T07:08:37.0142978-07:00" endTime="2015-04-27T07:08:37.0142978-07:00" testType="13cdc9d9-ddb5-4fa4-a97d-d965ccfc6d4b" outcome="Passed" testListId="8c84fa94-04c1-424b-9868-57a2d4851a1d" relativeResultsDirectory="57d5cf2e-79c1-44e9-8f53-e6f74324a8fa" />
    <UnitTestResult executionId="5cd70d5c-6955-45cb-bad7-3215d04a209a" testId="c5b4c5f0-ead7-4824-9e52-545bcee40771" testName="TypeDiscoveryIgnoresPartNotDiscoverableAttribute" computerName="DDBLD061B" duration="00:00:00.0010000" startTime="2015-04-27T07:08:37.0142978-07:00" endTime="2015-04-27T07:08:37.0142978-07:00" testType="13cdc9d9-ddb5-4fa4-a97d-d965ccfc6d4b" outcome="Passed" testListId="8c84fa94-04c1-424b-9868-57a2d4851a1d" relativeResultsDirectory="5cd70d5c-6955-45cb-bad7-3215d04a209a" />
    <UnitTestResult executionId="fb20ca77-dd74-474a-94c9-2e7d3daecd3d" testId="dfaa3b5e-c4dc-4e4d-b56a-bc2045ab657b" testName="V3 composition (V2)" computerName="DDBLD061B" duration="00:00:00.1640000" startTime="2015-04-27T07:08:37.0142978-07:00" endTime="2015-04-27T07:08:37.0142978-07:00" testType="13cdc9d9-ddb5-4fa4-a97d-d965ccfc6d4b" outcome="Passed" testListId="8c84fa94-04c1-424b-9868-57a2d4851a1d" relativeResultsDirectory="fb20ca77-dd74-474a-94c9-2e7d3daecd3d" />
    <UnitTestResult executionId="ed9a336a-a959-49e1-b119-acc1f54de161" testId="3fc7b92e-6b56-46cb-91f3-fdd28794e053" testName="V3 engine (runtime)" computerName="DDBLD061B" duration="00:00:00.0010000" startTime="2015-04-27T07:08:37.0142978-07:00" endTime="2015-04-27T07:08:37.0142978-07:00" testType="13cdc9d9-ddb5-4fa4-a97d-d965ccfc6d4b" outcome="Passed" testListId="8c84fa94-04c1-424b-9868-57a2d4851a1d" relativeResultsDirectory="ed9a336a-a959-49e1-b119-acc1f54de161" />
    <UnitTestResult executionId="c28aac7a-714f-4e76-9cd9-18fc626da8df" testId="b8089b99-20da-4b91-b9e6-6f99f3f1fba3" testName="V3 engine (runtime)" computerName="DDBLD061B" duration="00:00:00.0010000" startTime="2015-04-27T07:08:37.0142978-07:00" endTime="2015-04-27T07:08:37.0142978-07:00" testType="13cdc9d9-ddb5-4fa4-a97d-d965ccfc6d4b" outcome="Passed" testListId="8c84fa94-04c1-424b-9868-57a2d4851a1d" relativeResultsDirectory="c28aac7a-714f-4e76-9cd9-18fc626da8df" />
    <UnitTestResult executionId="7abb9023-edab-4c8e-ba50-9564aa523de6" testId="4207917a-7918-4f8e-8067-258fbdbdf2bd" testName="V1" computerName="DDBLD061B" duration="00:00:00.0010000" startTime="2015-04-27T07:08:37.0142978-07:00" endTime="2015-04-27T07:08:37.0142978-07:00" testType="13cdc9d9-ddb5-4fa4-a97d-d965ccfc6d4b" outcome="Passed" testListId="8c84fa94-04c1-424b-9868-57a2d4851a1d" relativeResultsDirectory="7abb9023-edab-4c8e-ba50-9564aa523de6" />
    <UnitTestResult executionId="04c98df2-7016-4b72-9a46-26f2157c7618" testId="597dd23e-4bbb-4349-bf65-8871b36aeee3" testName="V2" computerName="DDBLD061B" duration="00:00:00.0010000" startTime="2015-04-27T07:08:37.0142978-07:00" endTime="2015-04-27T07:08:37.0142978-07:00" testType="13cdc9d9-ddb5-4fa4-a97d-d965ccfc6d4b" outcome="Passed" testListId="8c84fa94-04c1-424b-9868-57a2d4851a1d" relativeResultsDirectory="04c98df2-7016-4b72-9a46-26f2157c7618" />
    <UnitTestResult executionId="bca06a87-ba86-4d31-b1d0-30d649c8f360" testId="9e02c720-488c-4e86-89ef-51b3839b9702" testName="V3 engine (runtime)" computerName="DDBLD061B" duration="00:00:00.0010000" startTime="2015-04-27T07:08:37.0142978-07:00" endTime="2015-04-27T07:08:37.0142978-07:00" testType="13cdc9d9-ddb5-4fa4-a97d-d965ccfc6d4b" outcome="Passed" testListId="8c84fa94-04c1-424b-9868-57a2d4851a1d" relativeResultsDirectory="bca06a87-ba86-4d31-b1d0-30d649c8f360" />
    <UnitTestResult executionId="6a37e760-7197-4b19-aa5c-fd0a59a8748e" testId="11d01b65-62a1-43e0-854a-091814ecc7b4" testName="V3 engine (runtime)" computerName="DDBLD061B" duration="00:00:00.0010000" startTime="2015-04-27T07:08:37.4205578-07:00" endTime="2015-04-27T07:08:37.4205578-07:00" testType="13cdc9d9-ddb5-4fa4-a97d-d965ccfc6d4b" outcome="Passed" testListId="8c84fa94-04c1-424b-9868-57a2d4851a1d" relativeResultsDirectory="6a37e760-7197-4b19-aa5c-fd0a59a8748e" />
    <UnitTestResult executionId="403f4bf3-9a9a-4fa1-9f4b-723a57cc3f27" testId="35095adc-469a-4256-bd0e-e92efbebe3fe" testName="V1" computerName="DDBLD061B" duration="00:00:00.0020000" startTime="2015-04-27T07:08:37.4205578-07:00" endTime="2015-04-27T07:08:37.4205578-07:00" testType="13cdc9d9-ddb5-4fa4-a97d-d965ccfc6d4b" outcome="Passed" testListId="8c84fa94-04c1-424b-9868-57a2d4851a1d" relativeResultsDirectory="403f4bf3-9a9a-4fa1-9f4b-723a57cc3f27" />
    <UnitTestResult executionId="d53ef805-390a-4b52-919a-7826ed9327dd" testId="e7143ae1-46d3-413f-8874-7320e11abb24" testName="V2" computerName="DDBLD061B" duration="00:00:00.0020000" startTime="2015-04-27T07:08:37.4205578-07:00" endTime="2015-04-27T07:08:37.4205578-07:00" testType="13cdc9d9-ddb5-4fa4-a97d-d965ccfc6d4b" outcome="Passed" testListId="8c84fa94-04c1-424b-9868-57a2d4851a1d" relativeResultsDirectory="d53ef805-390a-4b52-919a-7826ed9327dd" />
    <UnitTestResult executionId="d344bc1c-406a-4bdc-835b-c2fc3243e209" testId="5ea3dbf1-e14f-4537-9250-5da89c905c39" testName="V3 engine (runtime)" computerName="DDBLD061B" duration="00:00:00.0010000" startTime="2015-04-27T07:08:37.4205578-07:00" endTime="2015-04-27T07:08:37.4205578-07:00" testType="13cdc9d9-ddb5-4fa4-a97d-d965ccfc6d4b" outcome="Passed" testListId="8c84fa94-04c1-424b-9868-57a2d4851a1d" relativeResultsDirectory="d344bc1c-406a-4bdc-835b-c2fc3243e209" />
    <UnitTestResult executionId="5b24a6ae-1b1e-4123-9f4c-be354f587e9b" testId="20443668-1b8f-440b-a02f-28dd852f3b9e" testName="V1" computerName="DDBLD061B" duration="00:00:00.0060000" startTime="2015-04-27T07:08:37.4205578-07:00" endTime="2015-04-27T07:08:37.4205578-07:00" testType="13cdc9d9-ddb5-4fa4-a97d-d965ccfc6d4b" outcome="Passed" testListId="8c84fa94-04c1-424b-9868-57a2d4851a1d" relativeResultsDirectory="5b24a6ae-1b1e-4123-9f4c-be354f587e9b" />
    <UnitTestResult executionId="e1e4292c-ba61-4f61-83ac-7a4096d17b1b" testId="100f9c62-bd6e-4364-af70-552f26a07c3a" testName="V3 composition (V1)" computerName="DDBLD061B" duration="00:00:00.1710000" startTime="2015-04-27T07:08:37.4205578-07:00" endTime="2015-04-27T07:08:37.4205578-07:00" testType="13cdc9d9-ddb5-4fa4-a97d-d965ccfc6d4b" outcome="Passed" testListId="8c84fa94-04c1-424b-9868-57a2d4851a1d" relativeResultsDirectory="e1e4292c-ba61-4f61-83ac-7a4096d17b1b" />
    <UnitTestResult executionId="cb223acb-942f-4aef-b4f4-f20dcef867e3" testId="2fb2f80b-660b-470d-9ace-db30f9268b3f" testName="GetAssemblyInputs_IdentifiesAssembliesDefiningInterfacesOfParts" computerName="DDBLD061B" duration="00:00:00.1790000" startTime="2015-04-27T07:08:37.4205578-07:00" endTime="2015-04-27T07:08:37.4205578-07:00" testType="13cdc9d9-ddb5-4fa4-a97d-d965ccfc6d4b" outcome="Passed" testListId="8c84fa94-04c1-424b-9868-57a2d4851a1d" relativeResultsDirectory="cb223acb-942f-4aef-b4f4-f20dcef867e3" />
    <UnitTestResult executionId="65c9a109-0317-4e4b-904b-462ea0ab453b" testId="f1a679ce-73d9-49aa-ac14-6024c6d27245" testName="V3 engine (runtime)" computerName="DDBLD061B" duration="00:00:00.0010000" startTime="2015-04-27T07:08:37.4205578-07:00" endTime="2015-04-27T07:08:37.4205578-07:00" testType="13cdc9d9-ddb5-4fa4-a97d-d965ccfc6d4b" outcome="Passed" testListId="8c84fa94-04c1-424b-9868-57a2d4851a1d" relativeResultsDirectory="65c9a109-0317-4e4b-904b-462ea0ab453b" />
    <UnitTestResult executionId="8aff9fee-297f-416f-8d33-d9eb30c2152e" testId="a6126c95-478c-46e3-81aa-d5caf6e977c2" testName="V3 engine (runtime)" computerName="DDBLD061B" duration="00:00:00.0010000" startTime="2015-04-27T07:08:37.4205578-07:00" endTime="2015-04-27T07:08:37.4205578-07:00" testType="13cdc9d9-ddb5-4fa4-a97d-d965ccfc6d4b" outcome="Passed" testListId="8c84fa94-04c1-424b-9868-57a2d4851a1d" relativeResultsDirectory="8aff9fee-297f-416f-8d33-d9eb30c2152e" />
    <UnitTestResult executionId="a9b7d025-0eb6-4da5-92b7-a54132a6fcd8" testId="a2dd8c0c-ba9c-4770-b26c-abc524cc913c" testName="V1" computerName="DDBLD061B" duration="00:00:00.0030000" startTime="2015-04-27T07:08:37.6862073-07:00" endTime="2015-04-27T07:08:37.6862073-07:00" testType="13cdc9d9-ddb5-4fa4-a97d-d965ccfc6d4b" outcome="Passed" testListId="8c84fa94-04c1-424b-9868-57a2d4851a1d" relativeResultsDirectory="a9b7d025-0eb6-4da5-92b7-a54132a6fcd8" />
    <UnitTestResult executionId="6f17e9cc-cbc3-4fd7-b524-486d39c4e784" testId="aaf664b8-49d6-44e2-b61f-bdcccba5d085" testName="V3 engine (runtime)" computerName="DDBLD061B" duration="00:00:00.0010000" startTime="2015-04-27T07:08:37.6862073-07:00" endTime="2015-04-27T07:08:37.6862073-07:00" testType="13cdc9d9-ddb5-4fa4-a97d-d965ccfc6d4b" outcome="Passed" testListId="8c84fa94-04c1-424b-9868-57a2d4851a1d" relativeResultsDirectory="6f17e9cc-cbc3-4fd7-b524-486d39c4e784" />
    <UnitTestResult executionId="49dddaf2-3db3-4f3c-b3d0-da8011809853" testId="8ad701bc-178b-4751-b554-5bae2f274e18" testName="V3 composition (V1)" computerName="DDBLD061B" duration="00:00:00.2260000" startTime="2015-04-27T07:08:37.6862073-07:00" endTime="2015-04-27T07:08:37.6862073-07:00" testType="13cdc9d9-ddb5-4fa4-a97d-d965ccfc6d4b" outcome="Passed" testListId="8c84fa94-04c1-424b-9868-57a2d4851a1d" relativeResultsDirectory="49dddaf2-3db3-4f3c-b3d0-da8011809853" />
    <UnitTestResult executionId="8b9defbb-37bb-40dd-bd06-e4996f3d3f56" testId="104aafe8-e7ca-4dfe-930e-960f2743a350" testName="V3 engine (runtime)" computerName="DDBLD061B" duration="00:00:00.0020000" startTime="2015-04-27T07:08:37.6862073-07:00" endTime="2015-04-27T07:08:37.6862073-07:00" testType="13cdc9d9-ddb5-4fa4-a97d-d965ccfc6d4b" outcome="Passed" testListId="8c84fa94-04c1-424b-9868-57a2d4851a1d" relativeResultsDirectory="8b9defbb-37bb-40dd-bd06-e4996f3d3f56" />
    <UnitTestResult executionId="e9921798-acba-4c69-be21-f595dfd140c2" testId="6512658e-e3fd-422b-ad06-881ef4767325" testName="V3 engine (runtime)" computerName="DDBLD061B" duration="00:00:00.0010000" startTime="2015-04-27T07:08:37.6862073-07:00" endTime="2015-04-27T07:08:37.6862073-07:00" testType="13cdc9d9-ddb5-4fa4-a97d-d965ccfc6d4b" outcome="Passed" testListId="8c84fa94-04c1-424b-9868-57a2d4851a1d" relativeResultsDirectory="e9921798-acba-4c69-be21-f595dfd140c2" />
    <UnitTestResult executionId="6595624f-9da7-45d2-ac5e-49eb33c199d7" testId="e43292be-cca5-4053-9c41-75852e876f46" testName="V3 engine (runtime)" computerName="DDBLD061B" duration="00:00:00.0010000" startTime="2015-04-27T07:08:37.6862073-07:00" endTime="2015-04-27T07:08:37.6862073-07:00" testType="13cdc9d9-ddb5-4fa4-a97d-d965ccfc6d4b" outcome="Passed" testListId="8c84fa94-04c1-424b-9868-57a2d4851a1d" relativeResultsDirectory="6595624f-9da7-45d2-ac5e-49eb33c199d7" />
    <UnitTestResult executionId="560a5a61-b700-4e77-9b0f-bd7956b8635c" testId="18f24010-82bc-4281-b901-a41e84c30276" testName="V1" computerName="DDBLD061B" duration="00:00:00.0020000" startTime="2015-04-27T07:08:37.6862073-07:00" endTime="2015-04-27T07:08:37.6862073-07:00" testType="13cdc9d9-ddb5-4fa4-a97d-d965ccfc6d4b" outcome="Passed" testListId="8c84fa94-04c1-424b-9868-57a2d4851a1d" relativeResultsDirectory="560a5a61-b700-4e77-9b0f-bd7956b8635c" />
    <UnitTestResult executionId="c602a9b1-5816-46f2-a48b-f71d602c46a0" testId="9c71c339-4d2f-49db-b49f-3c659d894b03" testName="V2" computerName="DDBLD061B" duration="00:00:00.2290000" startTime="2015-04-27T07:08:37.6862073-07:00" endTime="2015-04-27T07:08:37.6862073-07:00" testType="13cdc9d9-ddb5-4fa4-a97d-d965ccfc6d4b" outcome="Passed" testListId="8c84fa94-04c1-424b-9868-57a2d4851a1d" relativeResultsDirectory="c602a9b1-5816-46f2-a48b-f71d602c46a0" />
    <UnitTestResult executionId="93490779-6bcd-4d18-9503-23c8df9af97f" testId="ac2f2427-cc22-4190-a58d-b3dc47d6f192" testName="V2" computerName="DDBLD061B" duration="00:00:00.0090000" startTime="2015-04-27T07:08:37.9205800-07:00" endTime="2015-04-27T07:08:37.9205800-07:00" testType="13cdc9d9-ddb5-4fa4-a97d-d965ccfc6d4b" outcome="Passed" testListId="8c84fa94-04c1-424b-9868-57a2d4851a1d" relativeResultsDirectory="93490779-6bcd-4d18-9503-23c8df9af97f" />
    <UnitTestResult executionId="726ea659-97f8-44ce-aab5-94957dc400ad" testId="6e6a8cbf-de2b-44e3-9e6a-5be12d31eb09" testName="V3 composition (V2)" computerName="DDBLD061B" duration="00:00:00.1840000" startTime="2015-04-27T07:08:37.9205800-07:00" endTime="2015-04-27T07:08:37.9205800-07:00" testType="13cdc9d9-ddb5-4fa4-a97d-d965ccfc6d4b" outcome="Passed" testListId="8c84fa94-04c1-424b-9868-57a2d4851a1d" relativeResultsDirectory="726ea659-97f8-44ce-aab5-94957dc400ad" />
    <UnitTestResult executionId="4eecd750-8d53-4842-88c3-93eb95105bb7" testId="4832c676-723f-4353-90c2-e07e0a800a30" testName="V3 engine (runtime)" computerName="DDBLD061B" duration="00:00:00.0010000" startTime="2015-04-27T07:08:37.9205800-07:00" endTime="2015-04-27T07:08:37.9205800-07:00" testType="13cdc9d9-ddb5-4fa4-a97d-d965ccfc6d4b" outcome="Passed" testListId="8c84fa94-04c1-424b-9868-57a2d4851a1d" relativeResultsDirectory="4eecd750-8d53-4842-88c3-93eb95105bb7" />
    <UnitTestResult executionId="03faaae0-5fc2-440c-8f25-a3c877e3fe83" testId="cadfb717-79d6-4f62-af9b-64cb54f87de5" testName="V3 engine (runtime)" computerName="DDBLD061B" duration="00:00:00.0010000" startTime="2015-04-27T07:08:37.9205800-07:00" endTime="2015-04-27T07:08:37.9205800-07:00" testType="13cdc9d9-ddb5-4fa4-a97d-d965ccfc6d4b" outcome="Passed" testListId="8c84fa94-04c1-424b-9868-57a2d4851a1d" relativeResultsDirectory="03faaae0-5fc2-440c-8f25-a3c877e3fe83" />
    <UnitTestResult executionId="e5a5f589-3f0c-4aa2-96ca-4021529f67c7" testId="81c90428-a64e-4b03-be23-1fe351f733cb" testName="V3 engine (runtime)" computerName="DDBLD061B" duration="00:00:00.0010000" startTime="2015-04-27T07:08:37.9205800-07:00" endTime="2015-04-27T07:08:37.9205800-07:00" testType="13cdc9d9-ddb5-4fa4-a97d-d965ccfc6d4b" outcome="Passed" testListId="8c84fa94-04c1-424b-9868-57a2d4851a1d" relativeResultsDirectory="e5a5f589-3f0c-4aa2-96ca-4021529f67c7" />
    <UnitTestResult executionId="09dfb9cf-d9e8-4bd9-b565-4280fe465fc1" testId="b438f79f-9a5c-4706-893b-3e72b7129855" testName="V3 engine (runtime)" computerName="DDBLD061B" duration="00:00:00.0010000" startTime="2015-04-27T07:08:37.9205800-07:00" endTime="2015-04-27T07:08:37.9205800-07:00" testType="13cdc9d9-ddb5-4fa4-a97d-d965ccfc6d4b" outcome="Passed" testListId="8c84fa94-04c1-424b-9868-57a2d4851a1d" relativeResultsDirectory="09dfb9cf-d9e8-4bd9-b565-4280fe465fc1" />
    <UnitTestResult executionId="13b6bd1d-5f46-41e5-960d-47c508fc6b4d" testId="99d0be1f-29f3-4a76-9712-98e31be74bfd" testName="V1" computerName="DDBLD061B" duration="00:00:00.0040000" startTime="2015-04-27T07:08:37.9205800-07:00" endTime="2015-04-27T07:08:37.9205800-07:00" testType="13cdc9d9-ddb5-4fa4-a97d-d965ccfc6d4b" outcome="Passed" testListId="8c84fa94-04c1-424b-9868-57a2d4851a1d" relativeResultsDirectory="13b6bd1d-5f46-41e5-960d-47c508fc6b4d" />
    <UnitTestResult executionId="07bf6833-b6af-4509-a0af-70ba7991a6c1" testId="e03bbd5f-3e8c-427b-9ce1-18eb0e7b296a" testName="V1" computerName="DDBLD061B" duration="00:00:00.0020000" startTime="2015-04-27T07:08:37.9205800-07:00" endTime="2015-04-27T07:08:37.9205800-07:00" testType="13cdc9d9-ddb5-4fa4-a97d-d965ccfc6d4b" outcome="Passed" testListId="8c84fa94-04c1-424b-9868-57a2d4851a1d" relativeResultsDirectory="07bf6833-b6af-4509-a0af-70ba7991a6c1" />
    <UnitTestResult executionId="654fd06e-2e3e-42e1-aed4-ff9757ebc1cb" testId="61e97e77-84b0-4b78-9930-a8eeaa61ac33" testName="V2" computerName="DDBLD061B" duration="00:00:00.0040000" startTime="2015-04-27T07:08:38.1080411-07:00" endTime="2015-04-27T07:08:38.1080411-07:00" testType="13cdc9d9-ddb5-4fa4-a97d-d965ccfc6d4b" outcome="Passed" testListId="8c84fa94-04c1-424b-9868-57a2d4851a1d" relativeResultsDirectory="654fd06e-2e3e-42e1-aed4-ff9757ebc1cb" />
    <UnitTestResult executionId="548a6f67-0114-48f1-af66-4b38e163a90d" testId="8f0eefc1-e4ae-4e17-81ce-d55da790553b" testName="V3 engine (runtime)" computerName="DDBLD061B" duration="00:00:00.0020000" startTime="2015-04-27T07:08:38.1080411-07:00" endTime="2015-04-27T07:08:38.1080411-07:00" testType="13cdc9d9-ddb5-4fa4-a97d-d965ccfc6d4b" outcome="Passed" testListId="8c84fa94-04c1-424b-9868-57a2d4851a1d" relativeResultsDirectory="548a6f67-0114-48f1-af66-4b38e163a90d" />
    <UnitTestResult executionId="50dd4aa7-0c2c-4c42-99d7-f08cc4b205d3" testId="1e3d10e1-7b1e-4b32-b193-cfbfae3058e6" testName="V3 engine (runtime)" computerName="DDBLD061B" duration="00:00:00.0010000" startTime="2015-04-27T07:08:38.1080411-07:00" endTime="2015-04-27T07:08:38.1080411-07:00" testType="13cdc9d9-ddb5-4fa4-a97d-d965ccfc6d4b" outcome="Passed" testListId="8c84fa94-04c1-424b-9868-57a2d4851a1d" relativeResultsDirectory="50dd4aa7-0c2c-4c42-99d7-f08cc4b205d3" />
    <UnitTestResult executionId="13b15be1-c5eb-40ec-9e49-66cb74f4ff51" testId="751d5dc4-13b5-47a7-b475-3cd40c113fc4" testName="V3 composition (V2)" computerName="DDBLD061B" duration="00:00:00.1430000" startTime="2015-04-27T07:08:38.1080411-07:00" endTime="2015-04-27T07:08:38.1080411-07:00" testType="13cdc9d9-ddb5-4fa4-a97d-d965ccfc6d4b" outcome="Passed" testListId="8c84fa94-04c1-424b-9868-57a2d4851a1d" relativeResultsDirectory="13b15be1-c5eb-40ec-9e49-66cb74f4ff51" />
    <UnitTestResult executionId="13870ae7-0aa6-4e69-a351-ac3832c69eab" testId="e72f7a2d-2733-4bf1-985a-2481ad3dbfa8" testName="V3 composition (V1, V2)" computerName="DDBLD061B" duration="00:00:00.3270000" startTime="2015-04-27T07:08:38.1080411-07:00" endTime="2015-04-27T07:08:38.1080411-07:00" testType="13cdc9d9-ddb5-4fa4-a97d-d965ccfc6d4b" outcome="Passed" testListId="8c84fa94-04c1-424b-9868-57a2d4851a1d" relativeResultsDirectory="13870ae7-0aa6-4e69-a351-ac3832c69eab">
      <Output>
        <StdOut>Catalog AttributedPartDiscoveryV1 vs. AttributedPartDiscovery
      Part
          Type: Microsoft.VisualStudio.Composition.Tests.ImportedExportProviderTests+PartThatImportsExportProvider
+         Part metadata:
+             SharingBoundary = 
          SharingBoundary: 
-         IsSharingBoundaryInferred: True
-         CreationPolicy: Any
+         IsSharingBoundaryInferred: False
+         CreationPolicy: Shared
          OnImportsSatisfied: &lt;null&gt;
          ExportedTypes:
              ExportDefinition
                  ContractName: Microsoft.VisualStudio.Composition.Tests.ImportedExportProviderTests+PartThatImportsExportProvider
                  Metadata:
                      ExportTypeIdentity = Microsoft.VisualStudio.Composition.Tests.ImportedExportProviderTests+PartThatImportsExportProvider
+                     System.ComponentModel.Composition.CreationPolicy = Shared
          ExportingMembers:
          ImportingMembers:
              ImportDefinition:
                  ContractName: Microsoft.VisualStudio.Composition.ExportProvider
                  Cardinality: ExactlyOne
                  Metadata:
                  ExportFactorySharingBoundaries: 
                  ExportConstraints: 
                      ExportTypeIdentityConstraint
                          TypeIdentityName: Microsoft.VisualStudio.Composition.ExportProvider
              ComposablePartType: Microsoft.VisualStudio.Composition.Tests.ImportedExportProviderTests+PartThatImportsExportProvider
              ImportingMember: Microsoft.VisualStudio.Composition.ExportProvider ExportProvider
              ParameterInfo: 
              ImportingSiteType: Microsoft.VisualStudio.Composition.ExportProvider
          ImportingConstructor:</StdOut>
      </Output>
    </UnitTestResult>
    <UnitTestResult executionId="0f7af375-e548-4736-9fca-938e13ca547a" testId="34e54ca4-fdf5-4754-9047-9c1cd4dfe4a6" testName="V3 composition (V1, V2)" computerName="DDBLD061B" duration="00:00:00.3350000" startTime="2015-04-27T07:08:38.1080411-07:00" endTime="2015-04-27T07:08:38.1080411-07:00" testType="13cdc9d9-ddb5-4fa4-a97d-d965ccfc6d4b" outcome="Passed" testListId="8c84fa94-04c1-424b-9868-57a2d4851a1d" relativeResultsDirectory="0f7af375-e548-4736-9fca-938e13ca547a">
      <Output>
        <StdOut>Catalog AttributedPartDiscoveryV1 vs. AttributedPartDiscovery
      Part
          Type: Microsoft.VisualStudio.Composition.Tests.ObsoleteAttributeTests+PartWithObsoleteExportingProperty
-         SharingBoundary: 
-         IsSharingBoundaryInferred: True
-         CreationPolicy: Any
+         SharingBoundary: &lt;null&gt;
+         IsSharingBoundaryInferred: False
+         CreationPolicy: NonShared
          OnImportsSatisfied: &lt;null&gt;
          ExportedTypes:
          ExportingMembers:
              Foo
                  ContractName: System.String
                  Metadata:
                      ExportTypeIdentity = System.String
+                     System.ComponentModel.Composition.CreationPolicy = NonShared
          ImportingMembers:
          ImportingConstructor:</StdOut>
      </Output>
    </UnitTestResult>
    <UnitTestResult executionId="058124fb-d676-4577-9ac2-d596abba07af" testId="4d892c07-433e-4eac-b6da-505b5d8f2f17" testName="V3 engine (runtime)" computerName="DDBLD061B" duration="00:00:00.0010000" startTime="2015-04-27T07:08:38.1080411-07:00" endTime="2015-04-27T07:08:38.1080411-07:00" testType="13cdc9d9-ddb5-4fa4-a97d-d965ccfc6d4b" outcome="Passed" testListId="8c84fa94-04c1-424b-9868-57a2d4851a1d" relativeResultsDirectory="058124fb-d676-4577-9ac2-d596abba07af" />
    <UnitTestResult executionId="e4e46537-b62a-4824-88a0-79be1fa16ba2" testId="a2b1573b-069e-453a-abf7-3917218fb96f" testName="V1" computerName="DDBLD061B" duration="00:00:00.0020000" startTime="2015-04-27T07:08:38.3893212-07:00" endTime="2015-04-27T07:08:38.3893212-07:00" testType="13cdc9d9-ddb5-4fa4-a97d-d965ccfc6d4b" outcome="Passed" testListId="8c84fa94-04c1-424b-9868-57a2d4851a1d" relativeResultsDirectory="e4e46537-b62a-4824-88a0-79be1fa16ba2" />
    <UnitTestResult executionId="6547c7fe-da7f-4b6c-960d-635536eee364" testId="62a65b75-a433-41b2-a178-aefe8f82ffa4" testName="V3 composition (V1)" computerName="DDBLD061B" duration="00:00:00.1340000" startTime="2015-04-27T07:08:38.3893212-07:00" endTime="2015-04-27T07:08:38.3893212-07:00" testType="13cdc9d9-ddb5-4fa4-a97d-d965ccfc6d4b" outcome="Passed" testListId="8c84fa94-04c1-424b-9868-57a2d4851a1d" relativeResultsDirectory="6547c7fe-da7f-4b6c-960d-635536eee364" />
    <UnitTestResult executionId="700ec91d-e198-4bf7-8e16-4532fcf71e22" testId="b22e09b5-e740-4986-b305-dd6840eb097d" testName="V1" computerName="DDBLD061B" duration="00:00:00.0010000" startTime="2015-04-27T07:08:38.3893212-07:00" endTime="2015-04-27T07:08:38.3893212-07:00" testType="13cdc9d9-ddb5-4fa4-a97d-d965ccfc6d4b" outcome="Passed" testListId="8c84fa94-04c1-424b-9868-57a2d4851a1d" relativeResultsDirectory="700ec91d-e198-4bf7-8e16-4532fcf71e22" />
    <UnitTestResult executionId="d0e7f673-b183-4c6c-a51d-a98f012dd524" testId="215f3f1e-38a8-46e3-a27b-6297d39dc69f" testName="V3 engine (runtime)" computerName="DDBLD061B" duration="00:00:00.0490000" startTime="2015-04-27T07:08:38.3893212-07:00" endTime="2015-04-27T07:08:38.3893212-07:00" testType="13cdc9d9-ddb5-4fa4-a97d-d965ccfc6d4b" outcome="Passed" testListId="8c84fa94-04c1-424b-9868-57a2d4851a1d" relativeResultsDirectory="d0e7f673-b183-4c6c-a51d-a98f012dd524" />
    <UnitTestResult executionId="3a7131b8-530a-467e-85f9-698efd93f64e" testId="6e1e1981-3ef0-487c-8ca4-0afd499638b6" testName="V3 composition (V1)" computerName="DDBLD061B" duration="00:00:00.1590000" startTime="2015-04-27T07:08:38.3893212-07:00" endTime="2015-04-27T07:08:38.3893212-07:00" testType="13cdc9d9-ddb5-4fa4-a97d-d965ccfc6d4b" outcome="Passed" testListId="8c84fa94-04c1-424b-9868-57a2d4851a1d" relativeResultsDirectory="3a7131b8-530a-467e-85f9-698efd93f64e" />
    <UnitTestResult executionId="4fd5c76c-6661-4f36-9621-c8adb5eaacb2" testId="43849863-85c7-40a8-94e0-d9992c8e9ea4" testName="V3 composition (V1, V2)" computerName="DDBLD061B" duration="00:00:00.3490000" startTime="2015-04-27T07:08:38.3893212-07:00" endTime="2015-04-27T07:08:38.3893212-07:00" testType="13cdc9d9-ddb5-4fa4-a97d-d965ccfc6d4b" outcome="Passed" testListId="8c84fa94-04c1-424b-9868-57a2d4851a1d" relativeResultsDirectory="4fd5c76c-6661-4f36-9621-c8adb5eaacb2">
      <Output>
        <StdOut>Catalog AttributedPartDiscoveryV1 vs. AttributedPartDiscovery
      Part
          Type: Microsoft.VisualStudio.Composition.Tests.NamedTypedExportTests+SomeClass
-         SharingBoundary: 
-         IsSharingBoundaryInferred: True
-         CreationPolicy: Any
+         SharingBoundary: &lt;null&gt;
+         IsSharingBoundaryInferred: False
+         CreationPolicy: NonShared
          OnImportsSatisfied: &lt;null&gt;
          ExportedTypes:
              ExportDefinition
                  ContractName: Microsoft.VisualStudio.Composition.Tests.NamedTypedExportTests+SomeClass
                  Metadata:
                      ExportTypeIdentity = Microsoft.VisualStudio.Composition.Tests.NamedTypedExportTests+SomeClass
+                     System.ComponentModel.Composition.CreationPolicy = NonShared
          ExportingMembers:
          ImportingMembers:
              ImportDefinition:
                  ContractName: SomeContractName
                  Cardinality: ZeroOrMore
                  Metadata:
                  ExportFactorySharingBoundaries: 
                  ExportConstraints: 
                      ExportTypeIdentityConstraint
                          TypeIdentityName: Microsoft.VisualStudio.Composition.Tests.NamedTypedExportTests+ISomeOtherInterface
              ComposablePartType: Microsoft.VisualStudio.Composition.Tests.NamedTypedExportTests+SomeClass
              ImportingMember: System.Collections.Generic.IEnumerable`1[Microsoft.VisualStudio.Composition.Tests.NamedTypedExportTests+ISomeOtherInterface] ImportManyProperty
              ParameterInfo: 
              ImportingSiteType: System.Collections.Generic.IEnumerable`1[Microsoft.VisualStudio.Composition.Tests.NamedTypedExportTests+ISomeOtherInterface]
              ImportDefinition:
                  ContractName: SomeContractName
                  Cardinality: OneOrZero
                  Metadata:
                  ExportFactorySharingBoundaries: 
                  ExportConstraints: 
                      ExportTypeIdentityConstraint
                          TypeIdentityName: Microsoft.VisualStudio.Composition.Tests.NamedTypedExportTests+ISomeOtherInterface
              ComposablePartType: Microsoft.VisualStudio.Composition.Tests.NamedTypedExportTests+SomeClass
              ImportingMember: ISomeOtherInterface ImportProperty
              ParameterInfo: 
              ImportingSiteType: Microsoft.VisualStudio.Composition.Tests.NamedTypedExportTests+ISomeOtherInterface
+         ImportingConstructor:
+     Part
+         Type: Microsoft.VisualStudio.Composition.Tests.NamedTypedExportTests+SomeOtherExport
+         SharingBoundary: &lt;null&gt;
+         IsSharingBoundaryInferred: False
+         CreationPolicy: NonShared
+         OnImportsSatisfied: &lt;null&gt;
+         ExportedTypes:
+             ExportDefinition
+                 ContractName: SomeContractName
+                 Metadata:
+                     ExportTypeIdentity = Microsoft.VisualStudio.Composition.Tests.NamedTypedExportTests+SomeOtherExport
+                     System.ComponentModel.Composition.CreationPolicy = NonShared
+         ExportingMembers:
+         ImportingMembers:
          ImportingConstructor:</StdOut>
      </Output>
    </UnitTestResult>
    <UnitTestResult executionId="cb885793-567d-4365-966e-1f31fd1eb56c" testId="129597af-dc6a-4f4f-93a1-38ac10910753" testName="V3 composition (V1, V2)" computerName="DDBLD061B" duration="00:00:00.2590000" startTime="2015-04-27T07:08:38.3893212-07:00" endTime="2015-04-27T07:08:38.3893212-07:00" testType="13cdc9d9-ddb5-4fa4-a97d-d965ccfc6d4b" outcome="Passed" testListId="8c84fa94-04c1-424b-9868-57a2d4851a1d" relativeResultsDirectory="cb885793-567d-4365-966e-1f31fd1eb56c" />
    <UnitTestResult executionId="7bdfdec6-529f-4782-8ff4-6c1aba49b8b8" testId="9abbe558-2a9e-4265-9ccb-1834de40df8d" testName="V3 composition (V1, V2)" computerName="DDBLD061B" duration="00:00:00.2560000" startTime="2015-04-27T07:08:38.3893212-07:00" endTime="2015-04-27T07:08:38.3893212-07:00" testType="13cdc9d9-ddb5-4fa4-a97d-d965ccfc6d4b" outcome="Passed" testListId="8c84fa94-04c1-424b-9868-57a2d4851a1d" relativeResultsDirectory="7bdfdec6-529f-4782-8ff4-6c1aba49b8b8" />
    <UnitTestResult executionId="0b0b74c1-61fb-4c85-a724-e75382bc5cd8" testId="3d458b18-eeea-4b84-8e4e-410ae388d969" testName="V3 composition (V1, V2)" computerName="DDBLD061B" duration="00:00:00.3350000" startTime="2015-04-27T07:08:38.3893212-07:00" endTime="2015-04-27T07:08:38.3893212-07:00" testType="13cdc9d9-ddb5-4fa4-a97d-d965ccfc6d4b" outcome="Passed" testListId="8c84fa94-04c1-424b-9868-57a2d4851a1d" relativeResultsDirectory="0b0b74c1-61fb-4c85-a724-e75382bc5cd8">
      <Output>
        <StdOut>Catalog AttributedPartDiscoveryV1 vs. AttributedPartDiscovery
      Part
          Type: Microsoft.VisualStudio.Composition.Tests.ExportMetadataTests+PartWithExtremeValues
-         SharingBoundary: 
-         IsSharingBoundaryInferred: True
-         CreationPolicy: Any
+         SharingBoundary: &lt;null&gt;
+         IsSharingBoundaryInferred: False
+         CreationPolicy: NonShared
          OnImportsSatisfied: &lt;null&gt;
          ExportedTypes:
              ExportDefinition
                  ContractName: Microsoft.VisualStudio.Composition.Tests.ExportMetadataTests+PartWithExtremeValues
                  Metadata:
                      ExportTypeIdentity = Microsoft.VisualStudio.Composition.Tests.ExportMetadataTests+PartWithExtremeValues
+                     System.ComponentModel.Composition.CreationPolicy = NonShared
                      floatMaxValue = 3.402823E+38
                      floatMinValue = -3.402823E+38
                      doubleMinValue = -1.79769313486232E+308
                      doubleMaxValue = 1.79769313486232E+308
          ExportingMembers:
          ImportingMembers:
          ImportingConstructor:
      Part
          Type: Microsoft.VisualStudio.Composition.Tests.ExportMetadataTests+PartImportingExtremeValues
-         SharingBoundary: 
-         IsSharingBoundaryInferred: True
-         CreationPolicy: Any
+         SharingBoundary: &lt;null&gt;
+         IsSharingBoundaryInferred: False
+         CreationPolicy: NonShared
          OnImportsSatisfied: &lt;null&gt;
          ExportedTypes:
              ExportDefinition
                  ContractName: Microsoft.VisualStudio.Composition.Tests.ExportMetadataTests+PartImportingExtremeValues
                  Metadata:
                      ExportTypeIdentity = Microsoft.VisualStudio.Composition.Tests.ExportMetadataTests+PartImportingExtremeValues
+                     System.ComponentModel.Composition.CreationPolicy = NonShared
          ExportingMembers:
          ImportingMembers:
              ImportDefinition:
                  ContractName: Microsoft.VisualStudio.Composition.Tests.ExportMetadataTests+PartWithExtremeValues
                  Cardinality: ExactlyOne
                  Metadata:
                  ExportFactorySharingBoundaries: 
                  ExportConstraints: 
                      ExportTypeIdentityConstraint
                          TypeIdentityName: Microsoft.VisualStudio.Composition.Tests.ExportMetadataTests+PartWithExtremeValues
                      ImportMetadataViewConstraint
              ComposablePartType: Microsoft.VisualStudio.Composition.Tests.ExportMetadataTests+PartImportingExtremeValues
              ImportingMember: System.Lazy`2[Microsoft.VisualStudio.Composition.Tests.ExportMetadataTests+PartWithExtremeValues,System.Collections.Generic.IDictionary`2[System.String,System.Object]] ImportingProperty
              ParameterInfo: 
              ImportingSiteType: System.Lazy`2[Microsoft.VisualStudio.Composition.Tests.ExportMetadataTests+PartWithExtremeValues,System.Collections.Generic.IDictionary`2[System.String,System.Object]]
          ImportingConstructor:</StdOut>
      </Output>
    </UnitTestResult>
    <UnitTestResult executionId="fcfd69d3-85c7-4bdd-b2f1-3d9fd25deea4" testId="7395a029-b7c7-4dac-817a-43709f1267f3" testName="V3 engine (runtime)" computerName="DDBLD061B" duration="00:00:00.0620000" startTime="2015-04-27T07:08:39.0455780-07:00" endTime="2015-04-27T07:08:39.0455780-07:00" testType="13cdc9d9-ddb5-4fa4-a97d-d965ccfc6d4b" outcome="Passed" testListId="8c84fa94-04c1-424b-9868-57a2d4851a1d" relativeResultsDirectory="fcfd69d3-85c7-4bdd-b2f1-3d9fd25deea4" />
    <UnitTestResult executionId="2ede650c-cd3f-4e5f-81c0-b93be1c20260" testId="07532a08-d3ad-4fcd-a566-950baedd4574" testName="V1" computerName="DDBLD061B" duration="00:00:00.0020000" startTime="2015-04-27T07:08:39.0455780-07:00" endTime="2015-04-27T07:08:39.0455780-07:00" testType="13cdc9d9-ddb5-4fa4-a97d-d965ccfc6d4b" outcome="Passed" testListId="8c84fa94-04c1-424b-9868-57a2d4851a1d" relativeResultsDirectory="2ede650c-cd3f-4e5f-81c0-b93be1c20260" />
    <UnitTestResult executionId="52fcd899-257b-439d-bdde-1d460b05f731" testId="daddc749-2a92-405b-a301-e312ae8b3def" testName="V1" computerName="DDBLD061B" duration="00:00:00.0270000" startTime="2015-04-27T07:08:39.0455780-07:00" endTime="2015-04-27T07:08:39.0455780-07:00" testType="13cdc9d9-ddb5-4fa4-a97d-d965ccfc6d4b" outcome="Passed" testListId="8c84fa94-04c1-424b-9868-57a2d4851a1d" relativeResultsDirectory="52fcd899-257b-439d-bdde-1d460b05f731" />
    <UnitTestResult executionId="668f5cbc-3d89-4e37-b0ec-ae6f45457781" testId="7bc440b6-2e20-4a11-9419-a0d1a4a18c87" testName="V2" computerName="DDBLD061B" duration="00:00:00.0020000" startTime="2015-04-27T07:08:39.0455780-07:00" endTime="2015-04-27T07:08:39.0455780-07:00" testType="13cdc9d9-ddb5-4fa4-a97d-d965ccfc6d4b" outcome="Passed" testListId="8c84fa94-04c1-424b-9868-57a2d4851a1d" relativeResultsDirectory="668f5cbc-3d89-4e37-b0ec-ae6f45457781" />
    <UnitTestResult executionId="e37a92d5-e766-47b2-874a-d936820ef4e7" testId="98643ee2-aed6-4224-9077-29edc8fd96a8" testName="V3 engine (runtime)" computerName="DDBLD061B" duration="00:00:00.0010000" startTime="2015-04-27T07:08:39.0455780-07:00" endTime="2015-04-27T07:08:39.0455780-07:00" testType="13cdc9d9-ddb5-4fa4-a97d-d965ccfc6d4b" outcome="Passed" testListId="8c84fa94-04c1-424b-9868-57a2d4851a1d" relativeResultsDirectory="e37a92d5-e766-47b2-874a-d936820ef4e7" />
    <UnitTestResult executionId="810dbacb-47bc-4abd-9b59-7446ca86786b" testId="797e603e-7904-44e3-9ca5-c269a747d5b8" testName="V3 composition (V1, V2)" computerName="DDBLD061B" duration="00:00:00.3320000" startTime="2015-04-27T07:08:39.0455780-07:00" endTime="2015-04-27T07:08:39.0455780-07:00" testType="13cdc9d9-ddb5-4fa4-a97d-d965ccfc6d4b" outcome="Passed" testListId="8c84fa94-04c1-424b-9868-57a2d4851a1d" relativeResultsDirectory="810dbacb-47bc-4abd-9b59-7446ca86786b">
      <Output>
        <StdOut>Catalog AttributedPartDiscoveryV1 vs. AttributedPartDiscovery
      Part
          Type: Microsoft.VisualStudio.Composition.Tests.MixedGenericExportsTests+Forest
+         Part metadata:
+             SharingBoundary = 
          SharingBoundary: 
-         IsSharingBoundaryInferred: True
-         CreationPolicy: Any
+         IsSharingBoundaryInferred: False
+         CreationPolicy: Shared
          OnImportsSatisfied: &lt;null&gt;
          ExportedTypes:
          ExportingMembers:
              AppleTree
                  ContractName: Microsoft.VisualStudio.Composition.Tests.MixedGenericExportsTests+Tree(Microsoft.VisualStudio.Composition.Tests.MixedGenericExportsTests+Apple)
                  Metadata:
                      ExportTypeIdentity = Microsoft.VisualStudio.Composition.Tests.MixedGenericExportsTests+Tree(Microsoft.VisualStudio.Composition.Tests.MixedGenericExportsTests+Apple)
+                     System.ComponentModel.Composition.CreationPolicy = Shared
                      Origin = Forest
          ImportingMembers:
          ImportingConstructor:
      Part
          Type: Microsoft.VisualStudio.Composition.Tests.MixedGenericExportsTests+Tree`1
+         Part metadata:
+             SharingBoundary = 
          SharingBoundary: 
-         IsSharingBoundaryInferred: True
-         CreationPolicy: Any
+         IsSharingBoundaryInferred: False
+         CreationPolicy: Shared
          OnImportsSatisfied: &lt;null&gt;
          ExportedTypes:
              ExportDefinition
                  ContractName: Microsoft.VisualStudio.Composition.Tests.MixedGenericExportsTests+Tree({0})
                  Metadata:
                      ExportTypeIdentity = Microsoft.VisualStudio.Composition.Tests.MixedGenericExportsTests+Tree({0})
+                     System.ComponentModel.Composition.CreationPolicy = Shared
                      Origin = Lone
          ExportingMembers:
          ImportingMembers:
          ImportingConstructor:</StdOut>
      </Output>
    </UnitTestResult>
    <UnitTestResult executionId="b456d83e-1501-4cb6-aa82-423af3ee9d76" testId="30202241-53e0-4258-915c-46fb1ab01855" testName="V3 engine (runtime)" computerName="DDBLD061B" duration="00:00:00.0010000" startTime="2015-04-27T07:08:39.0455780-07:00" endTime="2015-04-27T07:08:39.0455780-07:00" testType="13cdc9d9-ddb5-4fa4-a97d-d965ccfc6d4b" outcome="Passed" testListId="8c84fa94-04c1-424b-9868-57a2d4851a1d" relativeResultsDirectory="b456d83e-1501-4cb6-aa82-423af3ee9d76" />
    <UnitTestResult executionId="a665974a-582d-44a3-9005-216d2c93f478" testId="29a339b8-25af-4f42-9dfb-f2f863bfdd7b" testName="V1" computerName="DDBLD061B" duration="00:00:00.0670000" startTime="2015-04-27T07:08:39.0455780-07:00" endTime="2015-04-27T07:08:39.0455780-07:00" testType="13cdc9d9-ddb5-4fa4-a97d-d965ccfc6d4b" outcome="Passed" testListId="8c84fa94-04c1-424b-9868-57a2d4851a1d" relativeResultsDirectory="a665974a-582d-44a3-9005-216d2c93f478" />
    <UnitTestResult executionId="17c346e8-2c9b-457c-a373-48d7f10c08fa" testId="475bec46-a836-41b5-a0d4-0a828a45c2b0" testName="V3 composition (V1)" computerName="DDBLD061B" duration="00:00:00.1320000" startTime="2015-04-27T07:08:39.0455780-07:00" endTime="2015-04-27T07:08:39.0455780-07:00" testType="13cdc9d9-ddb5-4fa4-a97d-d965ccfc6d4b" outcome="Passed" testListId="8c84fa94-04c1-424b-9868-57a2d4851a1d" relativeResultsDirectory="17c346e8-2c9b-457c-a373-48d7f10c08fa" />
    <UnitTestResult executionId="108a75da-ccc2-4e97-a31f-6c5e27ece0d2" testId="b87d0c19-0ad3-453d-9791-1011ffb93d21" testName="CreatePartsAsync_TypeArray_ResilientAgainstReflectionErrors" computerName="DDBLD061B" duration="00:00:00.1680000" startTime="2015-04-27T07:08:39.3111816-07:00" endTime="2015-04-27T07:08:39.3111816-07:00" testType="13cdc9d9-ddb5-4fa4-a97d-d965ccfc6d4b" outcome="Passed" testListId="8c84fa94-04c1-424b-9868-57a2d4851a1d" relativeResultsDirectory="108a75da-ccc2-4e97-a31f-6c5e27ece0d2" />
    <UnitTestResult executionId="96f0f165-0e08-4af2-8b1b-bc894847eb49" testId="b31030a7-8cde-432d-942d-e81fc84e337b" testName="V2" computerName="DDBLD061B" duration="00:00:00.0130000" startTime="2015-04-27T07:08:39.3111816-07:00" endTime="2015-04-27T07:08:39.3111816-07:00" testType="13cdc9d9-ddb5-4fa4-a97d-d965ccfc6d4b" outcome="Passed" testListId="8c84fa94-04c1-424b-9868-57a2d4851a1d" relativeResultsDirectory="96f0f165-0e08-4af2-8b1b-bc894847eb49" />
    <UnitTestResult executionId="ea85d84b-04e8-49e3-9ed9-04546b38e362" testId="aaa54d42-e18e-4dda-9126-f6c9507a476a" testName="V3 engine (runtime)" computerName="DDBLD061B" duration="00:00:00.0010000" startTime="2015-04-27T07:08:39.3111816-07:00" endTime="2015-04-27T07:08:39.3111816-07:00" testType="13cdc9d9-ddb5-4fa4-a97d-d965ccfc6d4b" outcome="Passed" testListId="8c84fa94-04c1-424b-9868-57a2d4851a1d" relativeResultsDirectory="ea85d84b-04e8-49e3-9ed9-04546b38e362" />
    <UnitTestResult executionId="09bf004f-eea7-4a19-b081-371881ca822e" testId="5e58e921-e9c3-4131-8f08-e7a8afe37dd4" testName="V3 composition (V1)" computerName="DDBLD061B" duration="00:00:00.1300000" startTime="2015-04-27T07:08:39.3111816-07:00" endTime="2015-04-27T07:08:39.3111816-07:00" testType="13cdc9d9-ddb5-4fa4-a97d-d965ccfc6d4b" outcome="Passed" testListId="8c84fa94-04c1-424b-9868-57a2d4851a1d" relativeResultsDirectory="09bf004f-eea7-4a19-b081-371881ca822e" />
    <UnitTestResult executionId="296c04b7-fc02-421d-aab2-af269e54c66f" testId="86d928fc-8b32-4b7a-af81-c9a620c01709" testName="V2" computerName="DDBLD061B" duration="00:00:00.0100000" startTime="2015-04-27T07:08:39.3111816-07:00" endTime="2015-04-27T07:08:39.3111816-07:00" testType="13cdc9d9-ddb5-4fa4-a97d-d965ccfc6d4b" outcome="Passed" testListId="8c84fa94-04c1-424b-9868-57a2d4851a1d" relativeResultsDirectory="296c04b7-fc02-421d-aab2-af269e54c66f" />
    <UnitTestResult executionId="ba6e46c6-79ff-477d-8db0-af7009956e62" testId="7a8fc51e-d508-4153-bb12-4fe9ccc596a7" testName="V3 engine (runtime)" computerName="DDBLD061B" duration="00:00:00.0340000" startTime="2015-04-27T07:08:39.3111816-07:00" endTime="2015-04-27T07:08:39.3111816-07:00" testType="13cdc9d9-ddb5-4fa4-a97d-d965ccfc6d4b" outcome="Passed" testListId="8c84fa94-04c1-424b-9868-57a2d4851a1d" relativeResultsDirectory="ba6e46c6-79ff-477d-8db0-af7009956e62" />
    <UnitTestResult executionId="0e1b16b9-c2f8-4714-82d7-1db76c5336fb" testId="aaf2a78f-f911-4e03-b170-e98406317609" testName="V3 engine (runtime)" computerName="DDBLD061B" duration="00:00:00.0010000" startTime="2015-04-27T07:08:39.3111816-07:00" endTime="2015-04-27T07:08:39.3111816-07:00" testType="13cdc9d9-ddb5-4fa4-a97d-d965ccfc6d4b" outcome="Passed" testListId="8c84fa94-04c1-424b-9868-57a2d4851a1d" relativeResultsDirectory="0e1b16b9-c2f8-4714-82d7-1db76c5336fb" />
    <UnitTestResult executionId="7bf3f88a-fc55-4d10-b05f-9ef554630ff7" testId="3584d22d-152c-4894-a34d-bd3321a38743" testName="V3 composition (V2)" computerName="DDBLD061B" duration="00:00:00.1350000" startTime="2015-04-27T07:08:39.3111816-07:00" endTime="2015-04-27T07:08:39.3111816-07:00" testType="13cdc9d9-ddb5-4fa4-a97d-d965ccfc6d4b" outcome="Passed" testListId="8c84fa94-04c1-424b-9868-57a2d4851a1d" relativeResultsDirectory="7bf3f88a-fc55-4d10-b05f-9ef554630ff7" />
    <UnitTestResult executionId="db75ae4a-c50a-4813-a792-30246c979ddb" testId="dcbfa406-5ae4-4e68-845a-0d3137824dc7" testName="V3 engine (runtime)" computerName="DDBLD061B" duration="00:00:00.0010000" startTime="2015-04-27T07:08:39.4674767-07:00" endTime="2015-04-27T07:08:39.4674767-07:00" testType="13cdc9d9-ddb5-4fa4-a97d-d965ccfc6d4b" outcome="Passed" testListId="8c84fa94-04c1-424b-9868-57a2d4851a1d" relativeResultsDirectory="db75ae4a-c50a-4813-a792-30246c979ddb" />
    <UnitTestResult executionId="f4fb55c8-f54d-4a5f-9416-e2373164bd3e" testId="7265f8e3-d64a-4c7f-94c8-fbfd27cb8887" testName="V1" computerName="DDBLD061B" duration="00:00:00.0020000" startTime="2015-04-27T07:08:39.4674767-07:00" endTime="2015-04-27T07:08:39.4674767-07:00" testType="13cdc9d9-ddb5-4fa4-a97d-d965ccfc6d4b" outcome="Passed" testListId="8c84fa94-04c1-424b-9868-57a2d4851a1d" relativeResultsDirectory="f4fb55c8-f54d-4a5f-9416-e2373164bd3e" />
    <UnitTestResult executionId="556201bd-9383-4782-99a8-e13af8587048" testId="bc5943e6-d597-495a-9949-839866d2178e" testName="V3 engine (runtime)" computerName="DDBLD061B" duration="00:00:00.0010000" startTime="2015-04-27T07:08:39.4674767-07:00" endTime="2015-04-27T07:08:39.4674767-07:00" testType="13cdc9d9-ddb5-4fa4-a97d-d965ccfc6d4b" outcome="Passed" testListId="8c84fa94-04c1-424b-9868-57a2d4851a1d" relativeResultsDirectory="556201bd-9383-4782-99a8-e13af8587048" />
    <UnitTestResult executionId="d6a3b7d7-bddf-4822-8f20-085292f4d5e6" testId="145c8245-f3c9-43a5-aa78-59e5329e6f3e" testName="V3 composition (V2)" computerName="DDBLD061B" duration="00:00:00.1420000" startTime="2015-04-27T07:08:39.4674767-07:00" endTime="2015-04-27T07:08:39.4674767-07:00" testType="13cdc9d9-ddb5-4fa4-a97d-d965ccfc6d4b" outcome="Passed" testListId="8c84fa94-04c1-424b-9868-57a2d4851a1d" relativeResultsDirectory="d6a3b7d7-bddf-4822-8f20-085292f4d5e6" />
    <UnitTestResult executionId="1f641f78-cda3-4c52-b470-dac6f5d93481" testId="82d45057-a494-4719-8218-e6af65a7d29b" testName="V3 composition (V1)" computerName="DDBLD061B" duration="00:00:00.1350000" startTime="2015-04-27T07:08:39.4674767-07:00" endTime="2015-04-27T07:08:39.4674767-07:00" testType="13cdc9d9-ddb5-4fa4-a97d-d965ccfc6d4b" outcome="Passed" testListId="8c84fa94-04c1-424b-9868-57a2d4851a1d" relativeResultsDirectory="1f641f78-cda3-4c52-b470-dac6f5d93481" />
    <UnitTestResult executionId="ddef11ce-b509-445c-a85b-bef5cf89fc51" testId="44efd3fb-c297-4d6b-87e9-e4fd87c2a44f" testName="AssemblyDiscoveryOmitsNonDiscoverableParts_Combined" computerName="DDBLD061B" duration="00:00:00.2100000" startTime="2015-04-27T07:08:39.4674767-07:00" endTime="2015-04-27T07:08:39.4674767-07:00" testType="13cdc9d9-ddb5-4fa4-a97d-d965ccfc6d4b" outcome="Passed" testListId="8c84fa94-04c1-424b-9868-57a2d4851a1d" relativeResultsDirectory="ddef11ce-b509-445c-a85b-bef5cf89fc51" />
    <UnitTestResult executionId="d3f2dfe9-5e05-416b-a31d-5b40cc5b3a4f" testId="43379619-efc0-439e-8727-4a314ab0bca3" testName="V3 composition (V1)" computerName="DDBLD061B" duration="00:00:00.1370000" startTime="2015-04-27T07:08:39.4674767-07:00" endTime="2015-04-27T07:08:39.4674767-07:00" testType="13cdc9d9-ddb5-4fa4-a97d-d965ccfc6d4b" outcome="Passed" testListId="8c84fa94-04c1-424b-9868-57a2d4851a1d" relativeResultsDirectory="d3f2dfe9-5e05-416b-a31d-5b40cc5b3a4f" />
    <UnitTestResult executionId="a9635641-5509-4fa5-a7df-992fe7852f5f" testId="e7df1bd3-c0e0-4ad9-b9a0-5197c7dbf444" testName="V3 composition (V2)" computerName="DDBLD061B" duration="00:00:00.1420000" startTime="2015-04-27T07:08:39.4674767-07:00" endTime="2015-04-27T07:08:39.4674767-07:00" testType="13cdc9d9-ddb5-4fa4-a97d-d965ccfc6d4b" outcome="Passed" testListId="8c84fa94-04c1-424b-9868-57a2d4851a1d" relativeResultsDirectory="a9635641-5509-4fa5-a7df-992fe7852f5f" />
    <UnitTestResult executionId="856d54e7-5375-4b69-85ef-9aa4e0a7b12c" testId="32243cce-e1b7-47c5-ad95-efd1bb5cbba0" testName="V3 engine (runtime)" computerName="DDBLD061B" duration="00:00:00.0010000" startTime="2015-04-27T07:08:40.2799456-07:00" endTime="2015-04-27T07:08:40.2799456-07:00" testType="13cdc9d9-ddb5-4fa4-a97d-d965ccfc6d4b" outcome="Passed" testListId="8c84fa94-04c1-424b-9868-57a2d4851a1d" relativeResultsDirectory="856d54e7-5375-4b69-85ef-9aa4e0a7b12c" />
    <UnitTestResult executionId="86baca13-b17f-4280-9cbf-80023656b1a7" testId="5f294f17-09ac-4706-a836-78da1bbc6f00" testName="V1" computerName="DDBLD061B" duration="00:00:00.0020000" startTime="2015-04-27T07:08:40.2799456-07:00" endTime="2015-04-27T07:08:40.2799456-07:00" testType="13cdc9d9-ddb5-4fa4-a97d-d965ccfc6d4b" outcome="Passed" testListId="8c84fa94-04c1-424b-9868-57a2d4851a1d" relativeResultsDirectory="86baca13-b17f-4280-9cbf-80023656b1a7" />
    <UnitTestResult executionId="340477f5-b766-4cba-b3d2-3f73b4b1dd7b" testId="a5aedc55-a6e2-48c0-ae09-4b8d0c801af6" testName="V3 engine (runtime)" computerName="DDBLD061B" duration="00:00:00.0020000" startTime="2015-04-27T07:08:40.2799456-07:00" endTime="2015-04-27T07:08:40.2799456-07:00" testType="13cdc9d9-ddb5-4fa4-a97d-d965ccfc6d4b" outcome="Passed" testListId="8c84fa94-04c1-424b-9868-57a2d4851a1d" relativeResultsDirectory="340477f5-b766-4cba-b3d2-3f73b4b1dd7b" />
    <UnitTestResult executionId="5e278f55-8c4a-4ff2-9712-17979e11ea16" testId="0bbe15b0-afde-4327-ac03-6105743c5793" testName="V1" computerName="DDBLD061B" duration="00:00:00.0010000" startTime="2015-04-27T07:08:40.2799456-07:00" endTime="2015-04-27T07:08:40.2799456-07:00" testType="13cdc9d9-ddb5-4fa4-a97d-d965ccfc6d4b" outcome="Passed" testListId="8c84fa94-04c1-424b-9868-57a2d4851a1d" relativeResultsDirectory="5e278f55-8c4a-4ff2-9712-17979e11ea16" />
    <UnitTestResult executionId="43c6c3dd-3841-43d4-b61f-6a474219dfdd" testId="6b1396c6-a9d9-4d80-a1b0-844ee832e77b" testName="V3 composition (V2)" computerName="DDBLD061B" duration="00:00:00.1740000" startTime="2015-04-27T07:08:40.2799456-07:00" endTime="2015-04-27T07:08:40.2799456-07:00" testType="13cdc9d9-ddb5-4fa4-a97d-d965ccfc6d4b" outcome="Passed" testListId="8c84fa94-04c1-424b-9868-57a2d4851a1d" relativeResultsDirectory="43c6c3dd-3841-43d4-b61f-6a474219dfdd" />
    <UnitTestResult executionId="cd89769b-93a8-47a2-95e0-9f7e42c3e388" testId="cfdf190a-4c9b-487c-bb4c-8b4295796b98" testName="V3 engine (runtime)" computerName="DDBLD061B" duration="00:00:00.0010000" startTime="2015-04-27T07:08:40.2799456-07:00" endTime="2015-04-27T07:08:40.2799456-07:00" testType="13cdc9d9-ddb5-4fa4-a97d-d965ccfc6d4b" outcome="Passed" testListId="8c84fa94-04c1-424b-9868-57a2d4851a1d" relativeResultsDirectory="cd89769b-93a8-47a2-95e0-9f7e42c3e388" />
    <UnitTestResult executionId="5bdf748a-64f9-41ad-8b98-d0310ea63fbb" testId="266c992f-7d90-416a-b354-d3f23ccf4761" testName="V3 composition (V1, V2)" computerName="DDBLD061B" duration="00:00:00.3170000" startTime="2015-04-27T07:08:40.2799456-07:00" endTime="2015-04-27T07:08:40.2799456-07:00" testType="13cdc9d9-ddb5-4fa4-a97d-d965ccfc6d4b" outcome="Passed" testListId="8c84fa94-04c1-424b-9868-57a2d4851a1d" relativeResultsDirectory="5bdf748a-64f9-41ad-8b98-d0310ea63fbb">
      <Output>
        <StdOut>Catalog AttributedPartDiscoveryV1 vs. AttributedPartDiscovery
      Part
          Type: Microsoft.VisualStudio.Composition.Tests.FaultyPartsTests+ImportingConstructorThrowsPart
+         Part metadata:
+             SharingBoundary = 
          SharingBoundary: 
-         IsSharingBoundaryInferred: True
-         CreationPolicy: Any
+         IsSharingBoundaryInferred: False
+         CreationPolicy: Shared
          OnImportsSatisfied: &lt;null&gt;
          ExportedTypes:
              ExportDefinition
                  ContractName: Microsoft.VisualStudio.Composition.Tests.FaultyPartsTests+ImportingConstructorThrowsPart
                  Metadata:
                      ExportTypeIdentity = Microsoft.VisualStudio.Composition.Tests.FaultyPartsTests+ImportingConstructorThrowsPart
+                     System.ComponentModel.Composition.CreationPolicy = Shared
          ExportingMembers:
          ImportingMembers:
          ImportingConstructor:
      Part
          Type: Microsoft.VisualStudio.Composition.Tests.FaultyPartsTests+PartImportsPartThatThrowsViaLazyProperty
+         Part metadata:
+             SharingBoundary = 
          SharingBoundary: 
-         IsSharingBoundaryInferred: True
-         CreationPolicy: Any
+         IsSharingBoundaryInferred: False
+         CreationPolicy: Shared
          OnImportsSatisfied: &lt;null&gt;
          ExportedTypes:
              ExportDefinition
                  ContractName: Microsoft.VisualStudio.Composition.Tests.FaultyPartsTests+PartImportsPartThatThrowsViaLazyProperty
                  Metadata:
                      ExportTypeIdentity = Microsoft.VisualStudio.Composition.Tests.FaultyPartsTests+PartImportsPartThatThrowsViaLazyProperty
+                     System.ComponentModel.Composition.CreationPolicy = Shared
          ExportingMembers:
          ImportingMembers:
              ImportDefinition:
                  ContractName: Microsoft.VisualStudio.Composition.Tests.FaultyPartsTests+ImportingConstructorThrowsPart
                  Cardinality: ExactlyOne
                  Metadata:
                  ExportFactorySharingBoundaries: 
                  ExportConstraints: 
                      ExportTypeIdentityConstraint
                          TypeIdentityName: Microsoft.VisualStudio.Composition.Tests.FaultyPartsTests+ImportingConstructorThrowsPart
              ComposablePartType: Microsoft.VisualStudio.Composition.Tests.FaultyPartsTests+PartImportsPartThatThrowsViaLazyProperty
              ImportingMember: System.Lazy`1[Microsoft.VisualStudio.Composition.Tests.FaultyPartsTests+ImportingConstructorThrowsPart] Import
              ParameterInfo: 
              ImportingSiteType: System.Lazy`1[Microsoft.VisualStudio.Composition.Tests.FaultyPartsTests+ImportingConstructorThrowsPart]
          ImportingConstructor:</StdOut>
      </Output>
    </UnitTestResult>
    <UnitTestResult executionId="b8680a50-f0ef-4637-800b-b66f19c90f5d" testId="79322499-fdd1-4fe3-95a5-0a56078e7e8c" testName="AssemblyDiscoveryDropsTypesWithProblematicAttributes" computerName="DDBLD061B" duration="00:00:00.1810000" startTime="2015-04-27T07:08:40.2799456-07:00" endTime="2015-04-27T07:08:40.2799456-07:00" testType="13cdc9d9-ddb5-4fa4-a97d-d965ccfc6d4b" outcome="Passed" testListId="8c84fa94-04c1-424b-9868-57a2d4851a1d" relativeResultsDirectory="b8680a50-f0ef-4637-800b-b66f19c90f5d" />
    <UnitTestResult executionId="4e90f55c-30c0-4a86-b34c-3990cb503895" testId="95ed1b42-fa39-4498-bca8-28697723fb33" testName="V2" computerName="DDBLD061B" duration="00:00:00.0240000" startTime="2015-04-27T07:08:40.9674536-07:00" endTime="2015-04-27T07:08:40.9674536-07:00" testType="13cdc9d9-ddb5-4fa4-a97d-d965ccfc6d4b" outcome="Passed" testListId="8c84fa94-04c1-424b-9868-57a2d4851a1d" relativeResultsDirectory="4e90f55c-30c0-4a86-b34c-3990cb503895" />
    <UnitTestResult executionId="123ee979-f07a-4730-afaf-7f820e71d1c0" testId="73158f16-b8ed-4576-a524-6ec218fb9f70" testName="V3 composition (V1, V2)" computerName="DDBLD061B" duration="00:00:00.3260000" startTime="2015-04-27T07:08:40.9674536-07:00" endTime="2015-04-27T07:08:40.9674536-07:00" testType="13cdc9d9-ddb5-4fa4-a97d-d965ccfc6d4b" outcome="Passed" testListId="8c84fa94-04c1-424b-9868-57a2d4851a1d" relativeResultsDirectory="123ee979-f07a-4730-afaf-7f820e71d1c0">
      <Output>
        <StdOut>Catalog AttributedPartDiscoveryV1 vs. AttributedPartDiscovery
      Part
          Type: Microsoft.VisualStudio.Composition.Tests.InvalidGraphTests+PartWithMissingImport
-         SharingBoundary: 
-         IsSharingBoundaryInferred: True
-         CreationPolicy: Any
+         SharingBoundary: &lt;null&gt;
+         IsSharingBoundaryInferred: False
+         CreationPolicy: NonShared
          OnImportsSatisfied: &lt;null&gt;
          ExportedTypes:
              ExportDefinition
                  ContractName: Microsoft.VisualStudio.Composition.Tests.InvalidGraphTests+PartWithMissingImport
                  Metadata:
                      ExportTypeIdentity = Microsoft.VisualStudio.Composition.Tests.InvalidGraphTests+PartWithMissingImport
+                     System.ComponentModel.Composition.CreationPolicy = NonShared
          ExportingMembers:
          ImportingMembers:
              ImportDefinition:
                  ContractName: System.IFormattable
                  Cardinality: ExactlyOne
                  Metadata:
                  ExportFactorySharingBoundaries: 
                  ExportConstraints: 
                      ExportTypeIdentityConstraint
                          TypeIdentityName: System.IFormattable
              ComposablePartType: Microsoft.VisualStudio.Composition.Tests.InvalidGraphTests+PartWithMissingImport
              ImportingMember: System.IFormattable MissingImportProperty
              ParameterInfo: 
              ImportingSiteType: System.IFormattable
          ImportingConstructor:
      Part
          Type: Microsoft.VisualStudio.Composition.Tests.InvalidGraphTests+PartThatRequiresPartWithMissingImport
-         SharingBoundary: 
-         IsSharingBoundaryInferred: True
-         CreationPolicy: Any
+         SharingBoundary: &lt;null&gt;
+         IsSharingBoundaryInferred: False
+         CreationPolicy: NonShared
          OnImportsSatisfied: &lt;null&gt;
          ExportedTypes:
              ExportDefinition
                  ContractName: Microsoft.VisualStudio.Composition.Tests.InvalidGraphTests+PartThatRequiresPartWithMissingImport
                  Metadata:
                      ExportTypeIdentity = Microsoft.VisualStudio.Composition.Tests.InvalidGraphTests+PartThatRequiresPartWithMissingImport
+                     System.ComponentModel.Composition.CreationPolicy = NonShared
          ExportingMembers:
          ImportingMembers:
              ImportDefinition:
                  ContractName: Microsoft.VisualStudio.Composition.Tests.InvalidGraphTests+PartWithMissingImport
                  Cardinality: ExactlyOne
                  Metadata:
                  ExportFactorySharingBoundaries: 
                  ExportConstraints: 
                      ExportTypeIdentityConstraint
                          TypeIdentityName: Microsoft.VisualStudio.Composition.Tests.InvalidGraphTests+PartWithMissingImport
              ComposablePartType: Microsoft.VisualStudio.Composition.Tests.InvalidGraphTests+PartThatRequiresPartWithMissingImport
              ImportingMember: PartWithMissingImport ImportOfPartWithMissingImport
              ParameterInfo: 
              ImportingSiteType: Microsoft.VisualStudio.Composition.Tests.InvalidGraphTests+PartWithMissingImport
          ImportingConstructor:
      Part
          Type: Microsoft.VisualStudio.Composition.Tests.InvalidGraphTests+PartWithSatisfiedImports
-         SharingBoundary: 
-         IsSharingBoundaryInferred: True
-         CreationPolicy: Any
+         SharingBoundary: &lt;null&gt;
+         IsSharingBoundaryInferred: False
+         CreationPolicy: NonShared
          OnImportsSatisfied: &lt;null&gt;
          ExportedTypes:
              ExportDefinition
                  ContractName: Microsoft.VisualStudio.Composition.Tests.InvalidGraphTests+PartWithSatisfiedImports
                  Metadata:
                      ExportTypeIdentity = Microsoft.VisualStudio.Composition.Tests.InvalidGraphTests+PartWithSatisfiedImports
+                     System.ComponentModel.Composition.CreationPolicy = NonShared
          ExportingMembers:
          ImportingMembers:
              ImportDefinition:
                  ContractName: Microsoft.VisualStudio.Composition.Tests.InvalidGraphTests+SomePart
                  Cardinality: ExactlyOne
                  Metadata:
                  ExportFactorySharingBoundaries: 
                  ExportConstraints: 
                      ExportTypeIdentityConstraint
                          TypeIdentityName: Microsoft.VisualStudio.Composition.Tests.InvalidGraphTests+SomePart
              ComposablePartType: Microsoft.VisualStudio.Composition.Tests.InvalidGraphTests+PartWithSatisfiedImports
              ImportingMember: SomePart SatisfiedImport
              ParameterInfo: 
              ImportingSiteType: Microsoft.VisualStudio.Composition.Tests.InvalidGraphTests+SomePart
          ImportingConstructor:
      Part
          Type: Microsoft.VisualStudio.Composition.Tests.InvalidGraphTests+SomePart
-         SharingBoundary: 
-         IsSharingBoundaryInferred: True
-         CreationPolicy: Any
+         SharingBoundary: &lt;null&gt;
+         IsSharingBoundaryInferred: False
+         CreationPolicy: NonShared
          OnImportsSatisfied: &lt;null&gt;
          ExportedTypes:
              ExportDefinition
                  ContractName: Microsoft.VisualStudio.Composition.Tests.InvalidGraphTests+SomePart
                  Metadata:
                      ExportTypeIdentity = Microsoft.VisualStudio.Composition.Tests.InvalidGraphTests+SomePart
+                     System.ComponentModel.Composition.CreationPolicy = NonShared
          ExportingMembers:
          ImportingMembers:
          ImportingConstructor:</StdOut>
      </Output>
    </UnitTestResult>
    <UnitTestResult executionId="e2646a3b-9f5c-4429-b85e-b5243c4aa3c5" testId="741759c8-782a-440c-949d-381804467f84" testName="V3 engine (runtime)" computerName="DDBLD061B" duration="00:00:00.0010000" startTime="2015-04-27T07:08:40.9674536-07:00" endTime="2015-04-27T07:08:40.9674536-07:00" testType="13cdc9d9-ddb5-4fa4-a97d-d965ccfc6d4b" outcome="Passed" testListId="8c84fa94-04c1-424b-9868-57a2d4851a1d" relativeResultsDirectory="e2646a3b-9f5c-4429-b85e-b5243c4aa3c5" />
    <UnitTestResult executionId="18302b94-2621-4723-b06a-715b896e3e8b" testId="a1678f25-91d2-41dc-99c6-0c9c9c40a018" testName="V3 composition (V1, V2)" computerName="DDBLD061B" duration="00:00:00.2410000" startTime="2015-04-27T07:08:40.9674536-07:00" endTime="2015-04-27T07:08:40.9674536-07:00" testType="13cdc9d9-ddb5-4fa4-a97d-d965ccfc6d4b" outcome="Passed" testListId="8c84fa94-04c1-424b-9868-57a2d4851a1d" relativeResultsDirectory="18302b94-2621-4723-b06a-715b896e3e8b" />
    <UnitTestResult executionId="a0248942-8668-46c3-a3d4-5abf0a5b2dde" testId="a53c45d6-92dd-407d-be07-ed7a10c56573" testName="V3 composition (V1, V2)" computerName="DDBLD061B" duration="00:00:00.4320000" startTime="2015-04-27T07:08:40.9674536-07:00" endTime="2015-04-27T07:08:40.9674536-07:00" testType="13cdc9d9-ddb5-4fa4-a97d-d965ccfc6d4b" outcome="Passed" testListId="8c84fa94-04c1-424b-9868-57a2d4851a1d" relativeResultsDirectory="a0248942-8668-46c3-a3d4-5abf0a5b2dde">
      <Output>
        <StdOut>Catalog AttributedPartDiscoveryV1 vs. AttributedPartDiscovery
      Part
          Type: Microsoft.VisualStudio.Composition.Tests.MultipleExportsOnPartTests+NonSharedExport
          SharingBoundary: &lt;null&gt;
          IsSharingBoundaryInferred: False
          CreationPolicy: NonShared
          OnImportsSatisfied: &lt;null&gt;
          ExportedTypes:
              ExportDefinition
                  ContractName: Microsoft.VisualStudio.Composition.Tests.MultipleExportsOnPartTests+NonSharedExport
                  Metadata:
                      ExportTypeIdentity = Microsoft.VisualStudio.Composition.Tests.MultipleExportsOnPartTests+NonSharedExport
                      System.ComponentModel.Composition.CreationPolicy = NonShared
              ExportDefinition
                  ContractName: NonSharedExport
                  Metadata:
                      ExportTypeIdentity = System.Object
                      System.ComponentModel.Composition.CreationPolicy = NonShared
          ExportingMembers:
          ImportingMembers:
          ImportingConstructor:
      Part
          Type: Microsoft.VisualStudio.Composition.Tests.MultipleExportsOnPartTests+SharedExport
+         Part metadata:
+             SharingBoundary = 
          SharingBoundary: 
-         IsSharingBoundaryInferred: True
-         CreationPolicy: Any
+         IsSharingBoundaryInferred: False
+         CreationPolicy: Shared
          OnImportsSatisfied: &lt;null&gt;
          ExportedTypes:
              ExportDefinition
                  ContractName: Microsoft.VisualStudio.Composition.Tests.MultipleExportsOnPartTests+SharedExport
                  Metadata:
                      ExportTypeIdentity = Microsoft.VisualStudio.Composition.Tests.MultipleExportsOnPartTests+SharedExport
+                     System.ComponentModel.Composition.CreationPolicy = Shared
              ExportDefinition
                  ContractName: SharedExport
                  Metadata:
                      ExportTypeIdentity = System.Object
+                     System.ComponentModel.Composition.CreationPolicy = Shared
          ExportingMembers:
          ImportingMembers:
          ImportingConstructor:
      Part
          Type: Microsoft.VisualStudio.Composition.Tests.MultipleExportsOnPartTests+MultipleImportsForSamePart
          SharingBoundary: &lt;null&gt;
          IsSharingBoundaryInferred: False
          CreationPolicy: NonShared
          OnImportsSatisfied: &lt;null&gt;
          ExportedTypes:
              ExportDefinition
                  ContractName: Microsoft.VisualStudio.Composition.Tests.MultipleExportsOnPartTests+MultipleImportsForSamePart
                  Metadata:
                      ExportTypeIdentity = Microsoft.VisualStudio.Composition.Tests.MultipleExportsOnPartTests+MultipleImportsForSamePart
                      System.ComponentModel.Composition.CreationPolicy = NonShared
          ExportingMembers:
          ImportingMembers:
              ImportDefinition:
                  ContractName: NonSharedExport
                  Cardinality: ExactlyOne
                  Metadata:
                  ExportFactorySharingBoundaries: 
                  ExportConstraints: 
              ComposablePartType: Microsoft.VisualStudio.Composition.Tests.MultipleExportsOnPartTests+MultipleImportsForSamePart
              ImportingMember: System.Object NonSharedExport2
              ParameterInfo: 
              ImportingSiteType: System.Object
              ImportDefinition:
                  ContractName: Microsoft.VisualStudio.Composition.Tests.MultipleExportsOnPartTests+NonSharedExport
                  Cardinality: ExactlyOne
                  Metadata:
                  ExportFactorySharingBoundaries: 
                  ExportConstraints: 
                      ExportTypeIdentityConstraint
                          TypeIdentityName: Microsoft.VisualStudio.Composition.Tests.MultipleExportsOnPartTests+NonSharedExport
              ComposablePartType: Microsoft.VisualStudio.Composition.Tests.MultipleExportsOnPartTests+MultipleImportsForSamePart
              ImportingMember: NonSharedExport NonSharedExport1
              ParameterInfo: 
              ImportingSiteType: Microsoft.VisualStudio.Composition.Tests.MultipleExportsOnPartTests+NonSharedExport
              ImportDefinition:
                  ContractName: SharedExport
                  Cardinality: ExactlyOne
                  Metadata:
                  ExportFactorySharingBoundaries: 
                  ExportConstraints: 
              ComposablePartType: Microsoft.VisualStudio.Composition.Tests.MultipleExportsOnPartTests+MultipleImportsForSamePart
              ImportingMember: System.Object SharedExport2
              ParameterInfo: 
              ImportingSiteType: System.Object
              ImportDefinition:
                  ContractName: Microsoft.VisualStudio.Composition.Tests.MultipleExportsOnPartTests+SharedExport
                  Cardinality: ExactlyOne
                  Metadata:
                  ExportFactorySharingBoundaries: 
                  ExportConstraints: 
                      ExportTypeIdentityConstraint
                          TypeIdentityName: Microsoft.VisualStudio.Composition.Tests.MultipleExportsOnPartTests+SharedExport
              ComposablePartType: Microsoft.VisualStudio.Composition.Tests.MultipleExportsOnPartTests+MultipleImportsForSamePart
              ImportingMember: SharedExport SharedExport1
              ParameterInfo: 
              ImportingSiteType: Microsoft.VisualStudio.Composition.Tests.MultipleExportsOnPartTests+SharedExport
          ImportingConstructor:</StdOut>
      </Output>
    </UnitTestResult>
    <UnitTestResult executionId="88c47e7b-9290-41d0-8d86-4a4635ede3fb" testId="a3664b43-149e-4a3f-8b20-3be84d4abbbe" testName="V3 engine (runtime)" computerName="DDBLD061B" duration="00:00:00.1120000" startTime="2015-04-27T07:08:40.9674536-07:00" endTime="2015-04-27T07:08:40.9674536-07:00" testType="13cdc9d9-ddb5-4fa4-a97d-d965ccfc6d4b" outcome="Passed" testListId="8c84fa94-04c1-424b-9868-57a2d4851a1d" relativeResultsDirectory="88c47e7b-9290-41d0-8d86-4a4635ede3fb">
      <Output>
        <StdOut>Part1 being requested on thread 34
Part2 being requested on thread 28
Part2 OnImportsSatisfied invoked on thread 28
Part1 OnImportsSatisfied invoked on thread 28
Each part initialized from unique threads: True</StdOut>
      </Output>
    </UnitTestResult>
    <UnitTestResult executionId="06835ed1-bd03-4dbd-8009-b214ca24b33f" testId="f913bf53-5df4-4ae0-9756-27d2c3b75b68" testName="V3 engine (runtime)" computerName="DDBLD061B" duration="00:00:00.0010000" startTime="2015-04-27T07:08:40.9674536-07:00" endTime="2015-04-27T07:08:40.9674536-07:00" testType="13cdc9d9-ddb5-4fa4-a97d-d965ccfc6d4b" outcome="Passed" testListId="8c84fa94-04c1-424b-9868-57a2d4851a1d" relativeResultsDirectory="06835ed1-bd03-4dbd-8009-b214ca24b33f" />
    <UnitTestResult executionId="5a293b50-ee3f-4e62-b0f6-ec306a1bb0aa" testId="2b3d01b0-0dd0-43ea-84b4-9af2af9c9b6d" testName="V2" computerName="DDBLD061B" duration="00:00:00.0020000" startTime="2015-04-27T07:08:40.9674536-07:00" endTime="2015-04-27T07:08:40.9674536-07:00" testType="13cdc9d9-ddb5-4fa4-a97d-d965ccfc6d4b" outcome="Passed" testListId="8c84fa94-04c1-424b-9868-57a2d4851a1d" relativeResultsDirectory="5a293b50-ee3f-4e62-b0f6-ec306a1bb0aa" />
    <UnitTestResult executionId="e3dae1e3-63fe-46b8-9ebf-5314915fee59" testId="4d590d5e-badf-44ff-94c7-13d0a5115867" testName="V3 composition (V1)" computerName="DDBLD061B" duration="00:00:00.1470000" startTime="2015-04-27T07:08:40.9674536-07:00" endTime="2015-04-27T07:08:40.9674536-07:00" testType="13cdc9d9-ddb5-4fa4-a97d-d965ccfc6d4b" outcome="Passed" testListId="8c84fa94-04c1-424b-9868-57a2d4851a1d" relativeResultsDirectory="e3dae1e3-63fe-46b8-9ebf-5314915fee59">
      <Output>
        <StdOut>Catalog BeforeSerialization vs. AfterSerialization
      Part
          Type: Microsoft.VisualStudio.Composition.ExportMetadataViewInterfaceEmitProxy+MetadataViewProxyProvider
          Part metadata:
              VsMEFDgmlCategories = System.String[]
          SharingBoundary: &lt;null&gt;
          IsSharingBoundaryInferred: False
          CreationPolicy: NonShared
          OnImportsSatisfied: &lt;null&gt;
          ExportedTypes:
              ExportDefinition
                  ContractName: Microsoft.VisualStudio.Composition.IMetadataViewProvider
                  Metadata:
                      ExportTypeIdentity = Microsoft.VisualStudio.Composition.IMetadataViewProvider
                      System.ComponentModel.Composition.CreationPolicy = NonShared
                      OrderPrecedence = 50
          ExportingMembers:
          ImportingMembers:
          ImportingConstructor:
      Part
          Type: Microsoft.VisualStudio.Composition.NetFxAdapters+CompositionService
          Part metadata:
              VsMEFDgmlCategories = System.String[]
          SharingBoundary: &lt;null&gt;
          IsSharingBoundaryInferred: False
          CreationPolicy: NonShared
          OnImportsSatisfied: &lt;null&gt;
          ExportedTypes:
              ExportDefinition
                  ContractName: System.ComponentModel.Composition.ICompositionService
                  Metadata:
                      ExportTypeIdentity = System.ComponentModel.Composition.ICompositionService
                      System.ComponentModel.Composition.CreationPolicy = NonShared
          ExportingMembers:
          ImportingMembers:
          ImportingConstructor:
              ImportDefinition:
                  ContractName: Microsoft.VisualStudio.Composition.ExportProvider
                  Cardinality: ExactlyOne
                  Metadata:
                  ExportFactorySharingBoundaries: 
                  ExportConstraints: 
                      ExportTypeIdentityConstraint
                          TypeIdentityName: Microsoft.VisualStudio.Composition.ExportProvider
              ComposablePartType: Microsoft.VisualStudio.Composition.NetFxAdapters+CompositionService
              ImportingMember: 
              ParameterInfo: Microsoft.VisualStudio.Composition.ExportProvider exportProvider
              ImportingSiteType: Microsoft.VisualStudio.Composition.ExportProvider
      Part
          Type: Microsoft.VisualStudio.Composition.NetFxAdapters+MetadataViewImplProxy
          Part metadata:
              VsMEFDgmlCategories = System.String[]
          SharingBoundary: 
          IsSharingBoundaryInferred: True
          CreationPolicy: Any
          OnImportsSatisfied: &lt;null&gt;
          ExportedTypes:
              ExportDefinition
                  ContractName: Microsoft.VisualStudio.Composition.IMetadataViewProvider
                  Metadata:
                      ExportTypeIdentity = Microsoft.VisualStudio.Composition.IMetadataViewProvider
                      OrderPrecedence = 100
          ExportingMembers:
          ImportingMembers:
          ImportingConstructor:
      Part
          Type: Microsoft.VisualStudio.Composition.NetFxAdapters+AssemblyLoadCodeBasePathLoader
          Part metadata:
              VsMEFDgmlCategories = System.String[]
          SharingBoundary: 
          IsSharingBoundaryInferred: True
          CreationPolicy: Any
          OnImportsSatisfied: &lt;null&gt;
          ExportedTypes:
              ExportDefinition
                  ContractName: Microsoft.VisualStudio.Composition.IAssemblyLoader
                  Metadata:
                      ExportTypeIdentity = Microsoft.VisualStudio.Composition.IAssemblyLoader
                      OrderPrecedence = 100
          ExportingMembers:
          ImportingMembers:
          ImportingConstructor:
      Part
          Type: Microsoft.VisualStudio.Composition.Tests.StaticMemberExportsTests+InternalUninstantiablePartWithMetadataOnExports
          SharingBoundary: 
          IsSharingBoundaryInferred: True
          CreationPolicy: Any
          OnImportsSatisfied: &lt;null&gt;
          ExportedTypes:
          ExportingMembers:
-             InstanceExportingProperty
-                 ContractName: Property
+             StaticExportingField
+                 ContractName: Field
                  Metadata:
                      ExportTypeIdentity = System.String
                      SomeName = SomeValue
-             StaticExportingField
-                 ContractName: Field
+             InstanceExportingProperty
+                 ContractName: Property
                  Metadata:
                      ExportTypeIdentity = System.String
                      SomeName = SomeValue
          ImportingMembers:
          ImportingConstructor: &lt;null&gt;
      Part
          Type: Microsoft.VisualStudio.Composition.Tests.StaticMemberExportsTests+PartImportingNonInstantiablePartExports
          SharingBoundary: 
          IsSharingBoundaryInferred: True
          CreationPolicy: Any
          OnImportsSatisfied: &lt;null&gt;
          ExportedTypes:
              ExportDefinition
                  ContractName: Microsoft.VisualStudio.Composition.Tests.StaticMemberExportsTests+PartImportingNonInstantiablePartExports
                  Metadata:
                      ExportTypeIdentity = Microsoft.VisualStudio.Composition.Tests.StaticMemberExportsTests+PartImportingNonInstantiablePartExports
          ExportingMembers:
          ImportingMembers:
              ImportDefinition:
                  ContractName: Field
                  Cardinality: ExactlyOne
                  Metadata:
                  ExportFactorySharingBoundaries: 
                  ExportConstraints: 
                      ExportTypeIdentityConstraint
                          TypeIdentityName: System.String
                      ImportMetadataViewConstraint
              ComposablePartType: Microsoft.VisualStudio.Composition.Tests.StaticMemberExportsTests+PartImportingNonInstantiablePartExports
              ImportingMember: System.Lazy`2[System.String,System.Collections.Generic.IDictionary`2[System.String,System.Object]] FieldImportingMember
              ParameterInfo: 
              ImportingSiteType: System.Lazy`2[System.String,System.Collections.Generic.IDictionary`2[System.String,System.Object]]
              ImportDefinition:
                  ContractName: Property
                  Cardinality: ExactlyOne
                  Metadata:
                  ExportFactorySharingBoundaries: 
                  ExportConstraints: 
                      ExportTypeIdentityConstraint
                          TypeIdentityName: System.String
                      ImportMetadataViewConstraint
              ComposablePartType: Microsoft.VisualStudio.Composition.Tests.StaticMemberExportsTests+PartImportingNonInstantiablePartExports
              ImportingMember: System.Lazy`2[System.String,System.Collections.Generic.IDictionary`2[System.String,System.Object]] PropertyImportingMember
              ParameterInfo: 
              ImportingSiteType: System.Lazy`2[System.String,System.Collections.Generic.IDictionary`2[System.String,System.Object]]
          ImportingConstructor:</StdOut>
      </Output>
    </UnitTestResult>
    <UnitTestResult executionId="39d95cee-d9b5-49ed-98e6-900c41b6bc79" testId="75d4efa9-93f8-4c76-8953-f940db6734c7" testName="V3 engine (runtime)" computerName="DDBLD061B" duration="00:00:00.0010000" startTime="2015-04-27T07:08:41.4049857-07:00" endTime="2015-04-27T07:08:41.4049857-07:00" testType="13cdc9d9-ddb5-4fa4-a97d-d965ccfc6d4b" outcome="Passed" testListId="8c84fa94-04c1-424b-9868-57a2d4851a1d" relativeResultsDirectory="39d95cee-d9b5-49ed-98e6-900c41b6bc79" />
    <UnitTestResult executionId="ac10a3ac-164f-4547-b2bf-851f5e45d026" testId="d084c1a4-ff8f-4d40-a16b-86a799ccfe33" testName="V3 engine (runtime)" computerName="DDBLD061B" duration="00:00:00.0010000" startTime="2015-04-27T07:08:41.4049857-07:00" endTime="2015-04-27T07:08:41.4049857-07:00" testType="13cdc9d9-ddb5-4fa4-a97d-d965ccfc6d4b" outcome="Passed" testListId="8c84fa94-04c1-424b-9868-57a2d4851a1d" relativeResultsDirectory="ac10a3ac-164f-4547-b2bf-851f5e45d026" />
    <UnitTestResult executionId="ff3fab1d-3ede-4eb8-8ed6-0d95eb1ceff8" testId="4e9d1c1a-088b-40e8-95a0-c844b9d90ac5" testName="V3 engine (runtime)" computerName="DDBLD061B" duration="00:00:00.0010000" startTime="2015-04-27T07:08:41.4049857-07:00" endTime="2015-04-27T07:08:41.4049857-07:00" testType="13cdc9d9-ddb5-4fa4-a97d-d965ccfc6d4b" outcome="Passed" testListId="8c84fa94-04c1-424b-9868-57a2d4851a1d" relativeResultsDirectory="ff3fab1d-3ede-4eb8-8ed6-0d95eb1ceff8" />
    <UnitTestResult executionId="e937263b-840f-4d48-a6b9-93048dbbf020" testId="51fa5d4c-142b-4ae4-a609-247b86c394e1" testName="V3 engine (runtime)" computerName="DDBLD061B" duration="00:00:00.0010000" startTime="2015-04-27T07:08:41.4049857-07:00" endTime="2015-04-27T07:08:41.4049857-07:00" testType="13cdc9d9-ddb5-4fa4-a97d-d965ccfc6d4b" outcome="Passed" testListId="8c84fa94-04c1-424b-9868-57a2d4851a1d" relativeResultsDirectory="e937263b-840f-4d48-a6b9-93048dbbf020" />
    <UnitTestResult executionId="a467cff5-d97d-4b78-b75d-4388f5e65942" testId="c68b1ed3-8b6d-457c-b670-5c5d779293db" testName="V3 engine (runtime)" computerName="DDBLD061B" duration="00:00:00.0020000" startTime="2015-04-27T07:08:41.4049857-07:00" endTime="2015-04-27T07:08:41.4049857-07:00" testType="13cdc9d9-ddb5-4fa4-a97d-d965ccfc6d4b" outcome="Passed" testListId="8c84fa94-04c1-424b-9868-57a2d4851a1d" relativeResultsDirectory="a467cff5-d97d-4b78-b75d-4388f5e65942" />
    <UnitTestResult executionId="d513daa6-23ab-466b-9b8f-d651948ea77b" testId="dc287697-914d-4a35-becc-304ad4d6a99c" testName="V3 engine (runtime)" computerName="DDBLD061B" duration="00:00:00.0010000" startTime="2015-04-27T07:08:41.4049857-07:00" endTime="2015-04-27T07:08:41.4049857-07:00" testType="13cdc9d9-ddb5-4fa4-a97d-d965ccfc6d4b" outcome="Passed" testListId="8c84fa94-04c1-424b-9868-57a2d4851a1d" relativeResultsDirectory="d513daa6-23ab-466b-9b8f-d651948ea77b" />
    <UnitTestResult executionId="71a38ad7-de08-4a61-96b8-be6fbc2cb833" testId="e397b749-885e-47f7-8367-20ff2fa78ba0" testName="V3 engine (runtime)" computerName="DDBLD061B" duration="00:00:00.0010000" startTime="2015-04-27T07:08:41.4049857-07:00" endTime="2015-04-27T07:08:41.4049857-07:00" testType="13cdc9d9-ddb5-4fa4-a97d-d965ccfc6d4b" outcome="Passed" testListId="8c84fa94-04c1-424b-9868-57a2d4851a1d" relativeResultsDirectory="71a38ad7-de08-4a61-96b8-be6fbc2cb833" />
    <UnitTestResult executionId="35946edb-ba00-4d49-8987-2f869b9110a9" testId="340bfce9-8a52-48ad-b76f-cf986b43c676" testName="V2" computerName="DDBLD061B" duration="00:00:00.0060000" startTime="2015-04-27T07:08:41.4049857-07:00" endTime="2015-04-27T07:08:41.4049857-07:00" testType="13cdc9d9-ddb5-4fa4-a97d-d965ccfc6d4b" outcome="Passed" testListId="8c84fa94-04c1-424b-9868-57a2d4851a1d" relativeResultsDirectory="35946edb-ba00-4d49-8987-2f869b9110a9" />
    <UnitTestResult executionId="90b6560c-ea20-4250-92c9-b31a4f052b89" testId="b89d1714-3470-48b2-a7b7-962c96ca1594" testName="V3 engine (runtime)" computerName="DDBLD061B" duration="00:00:00.0010000" startTime="2015-04-27T07:08:41.4049857-07:00" endTime="2015-04-27T07:08:41.4049857-07:00" testType="13cdc9d9-ddb5-4fa4-a97d-d965ccfc6d4b" outcome="Passed" testListId="8c84fa94-04c1-424b-9868-57a2d4851a1d" relativeResultsDirectory="90b6560c-ea20-4250-92c9-b31a4f052b89" />
    <UnitTestResult executionId="2f60fd7e-52d3-4856-8746-a5241a328c0c" testId="3130bc85-1567-4ef5-bc50-3b8b380784e3" testName="V1" computerName="DDBLD061B" duration="00:00:00.0030000" startTime="2015-04-27T07:08:41.5924612-07:00" endTime="2015-04-27T07:08:41.5924612-07:00" testType="13cdc9d9-ddb5-4fa4-a97d-d965ccfc6d4b" outcome="Passed" testListId="8c84fa94-04c1-424b-9868-57a2d4851a1d" relativeResultsDirectory="2f60fd7e-52d3-4856-8746-a5241a328c0c" />
    <UnitTestResult executionId="f350e3ed-1b03-4623-bec8-1b975024aa1b" testId="739db7ee-09b5-43ec-ac17-f891ddce3fce" testName="V1" computerName="DDBLD061B" duration="00:00:00.0050000" startTime="2015-04-27T07:08:41.5924612-07:00" endTime="2015-04-27T07:08:41.5924612-07:00" testType="13cdc9d9-ddb5-4fa4-a97d-d965ccfc6d4b" outcome="Passed" testListId="8c84fa94-04c1-424b-9868-57a2d4851a1d" relativeResultsDirectory="f350e3ed-1b03-4623-bec8-1b975024aa1b" />
    <UnitTestResult executionId="e70875c2-d4b4-4d87-b16f-ef4e8ab76edf" testId="535f5603-26b5-47dc-8cf9-2dac3a5d1ee4" testName="V1" computerName="DDBLD061B" duration="00:00:00.0050000" startTime="2015-04-27T07:08:41.5924612-07:00" endTime="2015-04-27T07:08:41.5924612-07:00" testType="13cdc9d9-ddb5-4fa4-a97d-d965ccfc6d4b" outcome="Passed" testListId="8c84fa94-04c1-424b-9868-57a2d4851a1d" relativeResultsDirectory="e70875c2-d4b4-4d87-b16f-ef4e8ab76edf" />
    <UnitTestResult executionId="30672d8f-744d-41bc-8a18-6f9a4808ee06" testId="04d60e58-871e-493d-81ec-140405c4f273" testName="V2" computerName="DDBLD061B" duration="00:00:00.0010000" startTime="2015-04-27T07:08:41.5924612-07:00" endTime="2015-04-27T07:08:41.5924612-07:00" testType="13cdc9d9-ddb5-4fa4-a97d-d965ccfc6d4b" outcome="Passed" testListId="8c84fa94-04c1-424b-9868-57a2d4851a1d" relativeResultsDirectory="30672d8f-744d-41bc-8a18-6f9a4808ee06" />
    <UnitTestResult executionId="43be27bc-158c-46fd-886e-50ee418d5768" testId="e525d001-1827-4dd8-aebd-04c046b791f1" testName="V3 engine (runtime)" computerName="DDBLD061B" duration="00:00:00.0010000" startTime="2015-04-27T07:08:41.5924612-07:00" endTime="2015-04-27T07:08:41.5924612-07:00" testType="13cdc9d9-ddb5-4fa4-a97d-d965ccfc6d4b" outcome="Passed" testListId="8c84fa94-04c1-424b-9868-57a2d4851a1d" relativeResultsDirectory="43be27bc-158c-46fd-886e-50ee418d5768" />
    <UnitTestResult executionId="a9d0da14-6200-48c1-888e-3f6c8900ecb5" testId="77b70b19-b1a2-407f-8886-19dc01660dfc" testName="V3 composition (V1, V2)" computerName="DDBLD061B" duration="00:00:00.5650000" startTime="2015-04-27T07:08:41.5924612-07:00" endTime="2015-04-27T07:08:41.5924612-07:00" testType="13cdc9d9-ddb5-4fa4-a97d-d965ccfc6d4b" outcome="Passed" testListId="8c84fa94-04c1-424b-9868-57a2d4851a1d" relativeResultsDirectory="a9d0da14-6200-48c1-888e-3f6c8900ecb5">
      <Output>
        <StdOut>Catalog AttributedPartDiscoveryV1 vs. AttributedPartDiscovery
      Part
          Type: Microsoft.VisualStudio.Composition.Tests.DisposablePartsTests+DisposableSharedPart
+         Part metadata:
+             SharingBoundary = 
          SharingBoundary: 
-         IsSharingBoundaryInferred: True
-         CreationPolicy: Any
+         IsSharingBoundaryInferred: False
+         CreationPolicy: Shared
          OnImportsSatisfied: &lt;null&gt;
          ExportedTypes:
              ExportDefinition
                  ContractName: Microsoft.VisualStudio.Composition.Tests.DisposablePartsTests+DisposableSharedPart
                  Metadata:
                      ExportTypeIdentity = Microsoft.VisualStudio.Composition.Tests.DisposablePartsTests+DisposableSharedPart
+                     System.ComponentModel.Composition.CreationPolicy = Shared
          ExportingMembers:
          ImportingMembers:
          ImportingConstructor:</StdOut>
      </Output>
    </UnitTestResult>
    <UnitTestResult executionId="6b6f03e5-2468-40e6-be75-2e2c230a464e" testId="d0fb8d19-86e7-4845-97e4-947b7cc9c62f" testName="V3 composition (V1)" computerName="DDBLD061B" duration="00:00:00.3910000" startTime="2015-04-27T07:08:41.5924612-07:00" endTime="2015-04-27T07:08:41.5924612-07:00" testType="13cdc9d9-ddb5-4fa4-a97d-d965ccfc6d4b" outcome="Passed" testListId="8c84fa94-04c1-424b-9868-57a2d4851a1d" relativeResultsDirectory="6b6f03e5-2468-40e6-be75-2e2c230a464e" />
    <UnitTestResult executionId="03116089-b028-4c4b-91c7-9f2c83c05780" testId="a6fe88b2-a5c3-4fc6-9193-ddff198e76a8" testName="V3 engine (runtime)" computerName="DDBLD061B" duration="00:00:00.0030000" startTime="2015-04-27T07:08:41.5924612-07:00" endTime="2015-04-27T07:08:41.5924612-07:00" testType="13cdc9d9-ddb5-4fa4-a97d-d965ccfc6d4b" outcome="Passed" testListId="8c84fa94-04c1-424b-9868-57a2d4851a1d" relativeResultsDirectory="03116089-b028-4c4b-91c7-9f2c83c05780" />
    <UnitTestResult executionId="04228801-3d41-470e-af8d-e61fb000a4ee" testId="5badb08e-1ebc-4f46-a802-f00fc75c74c0" testName="V1" computerName="DDBLD061B" duration="00:00:00.0010000" startTime="2015-04-27T07:08:41.9362368-07:00" endTime="2015-04-27T07:08:41.9362368-07:00" testType="13cdc9d9-ddb5-4fa4-a97d-d965ccfc6d4b" outcome="Passed" testListId="8c84fa94-04c1-424b-9868-57a2d4851a1d" relativeResultsDirectory="04228801-3d41-470e-af8d-e61fb000a4ee" />
    <UnitTestResult executionId="5b180b13-7260-4f49-965d-013ba8c363b3" testId="fffe39af-3a23-4643-a743-03206e4cf484" testName="V3 engine (runtime)" computerName="DDBLD061B" duration="00:00:00.0020000" startTime="2015-04-27T07:08:41.9362368-07:00" endTime="2015-04-27T07:08:41.9362368-07:00" testType="13cdc9d9-ddb5-4fa4-a97d-d965ccfc6d4b" outcome="Passed" testListId="8c84fa94-04c1-424b-9868-57a2d4851a1d" relativeResultsDirectory="5b180b13-7260-4f49-965d-013ba8c363b3" />
    <UnitTestResult executionId="8b1d31f7-2ae2-47e5-9946-ea17187d7830" testId="ffe17a19-57df-4073-b3e8-638ec5c0846f" testName="V3 composition (V1)" computerName="DDBLD061B" duration="00:00:00.4500000" startTime="2015-04-27T07:08:41.9362368-07:00" endTime="2015-04-27T07:08:41.9362368-07:00" testType="13cdc9d9-ddb5-4fa4-a97d-d965ccfc6d4b" outcome="Passed" testListId="8c84fa94-04c1-424b-9868-57a2d4851a1d" relativeResultsDirectory="8b1d31f7-2ae2-47e5-9946-ea17187d7830" />
    <UnitTestResult executionId="e101d2f0-27f4-408d-b93f-220e9b2e6806" testId="f57f0ed8-e854-40d9-b707-16924d279d24" testName="V1" computerName="DDBLD061B" duration="00:00:00.0010000" startTime="2015-04-27T07:08:41.9362368-07:00" endTime="2015-04-27T07:08:41.9362368-07:00" testType="13cdc9d9-ddb5-4fa4-a97d-d965ccfc6d4b" outcome="Passed" testListId="8c84fa94-04c1-424b-9868-57a2d4851a1d" relativeResultsDirectory="e101d2f0-27f4-408d-b93f-220e9b2e6806" />
    <UnitTestResult executionId="77ae75c5-e740-44d9-9a99-a2879e1122d0" testId="2c639d96-23ef-41e8-971d-615fe8323531" testName="V3 engine (runtime)" computerName="DDBLD061B" duration="00:00:00.0020000" startTime="2015-04-27T07:08:41.9362368-07:00" endTime="2015-04-27T07:08:41.9362368-07:00" testType="13cdc9d9-ddb5-4fa4-a97d-d965ccfc6d4b" outcome="Passed" testListId="8c84fa94-04c1-424b-9868-57a2d4851a1d" relativeResultsDirectory="77ae75c5-e740-44d9-9a99-a2879e1122d0" />
    <UnitTestResult executionId="fbb8503c-cd42-49ad-acd6-a60c1c302541" testId="9e878762-6deb-4f01-a30c-b7ba87ff67bc" testName="V3 engine (runtime)" computerName="DDBLD061B" duration="00:00:00.0010000" startTime="2015-04-27T07:08:41.9362368-07:00" endTime="2015-04-27T07:08:41.9362368-07:00" testType="13cdc9d9-ddb5-4fa4-a97d-d965ccfc6d4b" outcome="Passed" testListId="8c84fa94-04c1-424b-9868-57a2d4851a1d" relativeResultsDirectory="fbb8503c-cd42-49ad-acd6-a60c1c302541" />
    <UnitTestResult executionId="85834f3b-197f-4af1-83c1-562574ed51c2" testId="abf63b2b-144f-4381-bb8e-57696352f0b3" testName="V3 composition (V2)" computerName="DDBLD061B" duration="00:00:00.4000000" startTime="2015-04-27T07:08:41.9362368-07:00" endTime="2015-04-27T07:08:41.9362368-07:00" testType="13cdc9d9-ddb5-4fa4-a97d-d965ccfc6d4b" outcome="Passed" testListId="8c84fa94-04c1-424b-9868-57a2d4851a1d" relativeResultsDirectory="85834f3b-197f-4af1-83c1-562574ed51c2" />
    <UnitTestResult executionId="f57a0dba-7589-4226-af30-89d5923ee592" testId="1452a4b2-b0f6-4564-af47-3a6dcadf4f88" testName="V1" computerName="DDBLD061B" duration="00:00:00.0030000" startTime="2015-04-27T07:08:41.9362368-07:00" endTime="2015-04-27T07:08:41.9362368-07:00" testType="13cdc9d9-ddb5-4fa4-a97d-d965ccfc6d4b" outcome="Passed" testListId="8c84fa94-04c1-424b-9868-57a2d4851a1d" relativeResultsDirectory="f57a0dba-7589-4226-af30-89d5923ee592" />
    <UnitTestResult executionId="6e2275db-1a70-4290-859b-0f67dad6b328" testId="699c8367-6386-407d-b4c8-c6520c93ba47" testName="V3 composition (V1)" computerName="DDBLD061B" duration="00:00:00.4240000" startTime="2015-04-27T07:08:42.1393434-07:00" endTime="2015-04-27T07:08:42.1393434-07:00" testType="13cdc9d9-ddb5-4fa4-a97d-d965ccfc6d4b" outcome="Passed" testListId="8c84fa94-04c1-424b-9868-57a2d4851a1d" relativeResultsDirectory="6e2275db-1a70-4290-859b-0f67dad6b328" />
    <UnitTestResult executionId="dc355c97-313b-4563-8d9f-ec3cca19285e" testId="5a958daa-2cc7-48b2-a670-b8a150eeda6a" testName="V3 composition (V1, V2)" computerName="DDBLD061B" duration="00:00:00.5640000" startTime="2015-04-27T07:08:42.1393434-07:00" endTime="2015-04-27T07:08:42.1393434-07:00" testType="13cdc9d9-ddb5-4fa4-a97d-d965ccfc6d4b" outcome="Passed" testListId="8c84fa94-04c1-424b-9868-57a2d4851a1d" relativeResultsDirectory="dc355c97-313b-4563-8d9f-ec3cca19285e">
      <Output>
        <StdOut>Catalog AttributedPartDiscoveryV1 vs. AttributedPartDiscovery
      Part
          Type: Microsoft.VisualStudio.Composition.Tests.CustomMetadataAttributeTests+ImportingPart
          SharingBoundary: &lt;null&gt;
          IsSharingBoundaryInferred: False
          CreationPolicy: NonShared
          OnImportsSatisfied: &lt;null&gt;
          ExportedTypes:
              ExportDefinition
                  ContractName: Microsoft.VisualStudio.Composition.Tests.CustomMetadataAttributeTests+ImportingPart
                  Metadata:
                      ExportTypeIdentity = Microsoft.VisualStudio.Composition.Tests.CustomMetadataAttributeTests+ImportingPart
                      System.ComponentModel.Composition.CreationPolicy = NonShared
          ExportingMembers:
          ImportingMembers:
              ImportDefinition:
                  ContractName: Microsoft.VisualStudio.Composition.Tests.CustomMetadataAttributeTests+ExportedTypeWithMultipleMetadata
                  Cardinality: OneOrZero
                  Metadata:
                  ExportFactorySharingBoundaries: 
                  ExportConstraints: 
                      ExportTypeIdentityConstraint
                          TypeIdentityName: Microsoft.VisualStudio.Composition.Tests.CustomMetadataAttributeTests+ExportedTypeWithMultipleMetadata
                      ImportMetadataViewConstraint
              ComposablePartType: Microsoft.VisualStudio.Composition.Tests.CustomMetadataAttributeTests+ImportingPart
              ImportingMember: System.Lazy`2[Microsoft.VisualStudio.Composition.Tests.CustomMetadataAttributeTests+ExportedTypeWithMultipleMetadata,System.Collections.Generic.IDictionary`2[System.String,System.Object]] ImportOfTypeWithMultipleMetadata
              ParameterInfo: 
              ImportingSiteType: System.Lazy`2[Microsoft.VisualStudio.Composition.Tests.CustomMetadataAttributeTests+ExportedTypeWithMultipleMetadata,System.Collections.Generic.IDictionary`2[System.String,System.Object]]
              ImportDefinition:
                  ContractName: Microsoft.VisualStudio.Composition.Tests.CustomMetadataAttributeTests+ExportedTypeWithMetadata
                  Cardinality: ExactlyOne
                  Metadata:
                  ExportFactorySharingBoundaries: 
                  ExportConstraints: 
                      ExportTypeIdentityConstraint
                          TypeIdentityName: Microsoft.VisualStudio.Composition.Tests.CustomMetadataAttributeTests+ExportedTypeWithMetadata
                      ImportMetadataViewConstraint
              ComposablePartType: Microsoft.VisualStudio.Composition.Tests.CustomMetadataAttributeTests+ImportingPart
              ImportingMember: System.Lazy`2[Microsoft.VisualStudio.Composition.Tests.CustomMetadataAttributeTests+ExportedTypeWithMetadata,System.Collections.Generic.IDictionary`2[System.String,System.Object]] ImportOfType
              ParameterInfo: 
              ImportingSiteType: System.Lazy`2[Microsoft.VisualStudio.Composition.Tests.CustomMetadataAttributeTests+ExportedTypeWithMetadata,System.Collections.Generic.IDictionary`2[System.String,System.Object]]
              ImportDefinition:
                  ContractName: System.String
                  Cardinality: ExactlyOne
                  Metadata:
                  ExportFactorySharingBoundaries: 
                  ExportConstraints: 
                      ExportTypeIdentityConstraint
                          TypeIdentityName: System.String
                      ImportMetadataViewConstraint
              ComposablePartType: Microsoft.VisualStudio.Composition.Tests.CustomMetadataAttributeTests+ImportingPart
              ImportingMember: System.Lazy`2[System.String,System.Collections.Generic.IDictionary`2[System.String,System.Object]] ImportOfProperty
              ParameterInfo: 
              ImportingSiteType: System.Lazy`2[System.String,System.Collections.Generic.IDictionary`2[System.String,System.Object]]
          ImportingConstructor:
      Part
          Type: Microsoft.VisualStudio.Composition.Tests.CustomMetadataAttributeTests+ExportedTypeWithMetadata
          SharingBoundary: &lt;null&gt;
          IsSharingBoundaryInferred: False
          CreationPolicy: NonShared
          OnImportsSatisfied: &lt;null&gt;
          ExportedTypes:
              ExportDefinition
                  ContractName: Microsoft.VisualStudio.Composition.Tests.CustomMetadataAttributeTests+ExportedTypeWithMetadata
                  Metadata:
                      ExportTypeIdentity = Microsoft.VisualStudio.Composition.Tests.CustomMetadataAttributeTests+ExportedTypeWithMetadata
                      System.ComponentModel.Composition.CreationPolicy = NonShared
                      Name = Andrew
                      Age = 4
          ExportingMembers:
          ImportingMembers:
          ImportingConstructor:
      Part
          Type: Microsoft.VisualStudio.Composition.Tests.CustomMetadataAttributeTests+ExportedTypeWithDerivedMetadata
-         SharingBoundary: 
-         IsSharingBoundaryInferred: True
-         CreationPolicy: Any
+         SharingBoundary: &lt;null&gt;
+         IsSharingBoundaryInferred: False
+         CreationPolicy: NonShared
          OnImportsSatisfied: &lt;null&gt;
          ExportedTypes:
              ExportDefinition
                  ContractName: Microsoft.VisualStudio.Composition.Tests.CustomMetadataAttributeTests+ExportedTypeWithDerivedMetadata
                  Metadata:
                      ExportTypeIdentity = Microsoft.VisualStudio.Composition.Tests.CustomMetadataAttributeTests+ExportedTypeWithDerivedMetadata
-                     Name = Andrew
+                     System.ComponentModel.Composition.CreationPolicy = NonShared
          ExportingMembers:
          ImportingMembers:
          ImportingConstructor:
      Part
          Type: Microsoft.VisualStudio.Composition.Tests.CustomMetadataAttributeTests+ExportedTypeWithAllowMultipleDerivedMetadata
-         SharingBoundary: 
-         IsSharingBoundaryInferred: True
-         CreationPolicy: Any
+         SharingBoundary: &lt;null&gt;
+         IsSharingBoundaryInferred: False
+         CreationPolicy: NonShared
          OnImportsSatisfied: &lt;null&gt;
          ExportedTypes:
              ExportDefinition
                  ContractName: Microsoft.VisualStudio.Composition.Tests.CustomMetadataAttributeTests+ExportedTypeWithAllowMultipleDerivedMetadata
                  Metadata:
                      ExportTypeIdentity = Microsoft.VisualStudio.Composition.Tests.CustomMetadataAttributeTests+ExportedTypeWithAllowMultipleDerivedMetadata
+                     System.ComponentModel.Composition.CreationPolicy = NonShared
                      Name = System.String[]
                      OtherProperty = System.String[]
          ExportingMembers:
          ImportingMembers:
          ImportingConstructor:
      Part
          Type: Microsoft.VisualStudio.Composition.Tests.CustomMetadataAttributeTests+PartThatImportsExportWithDerivedMetadata
-         SharingBoundary: 
-         IsSharingBoundaryInferred: True
-         CreationPolicy: Any
+         SharingBoundary: &lt;null&gt;
+         IsSharingBoundaryInferred: False
+         CreationPolicy: NonShared
          OnImportsSatisfied: &lt;null&gt;
          ExportedTypes:
              ExportDefinition
                  ContractName: Microsoft.VisualStudio.Composition.Tests.CustomMetadataAttributeTests+PartThatImportsExportWithDerivedMetadata
                  Metadata:
                      ExportTypeIdentity = Microsoft.VisualStudio.Composition.Tests.CustomMetadataAttributeTests+PartThatImportsExportWithDerivedMetadata
+                     System.ComponentModel.Composition.CreationPolicy = NonShared
          ExportingMembers:
          ImportingMembers:
              ImportDefinition:
                  ContractName: Microsoft.VisualStudio.Composition.Tests.CustomMetadataAttributeTests+ExportedTypeWithAllowMultipleDerivedMetadata
                  Cardinality: OneOrZero
                  Metadata:
                  ExportFactorySharingBoundaries: 
                  ExportConstraints: 
                      ExportTypeIdentityConstraint
                          TypeIdentityName: Microsoft.VisualStudio.Composition.Tests.CustomMetadataAttributeTests+ExportedTypeWithAllowMultipleDerivedMetadata
                      ImportMetadataViewConstraint
              ComposablePartType: Microsoft.VisualStudio.Composition.Tests.CustomMetadataAttributeTests+PartThatImportsExportWithDerivedMetadata
              ImportingMember: System.Lazy`2[Microsoft.VisualStudio.Composition.Tests.CustomMetadataAttributeTests+ExportedTypeWithAllowMultipleDerivedMetadata,System.Collections.Generic.IDictionary`2[System.String,System.Object]] ImportingAllowMultiple
              ParameterInfo: 
              ImportingSiteType: System.Lazy`2[Microsoft.VisualStudio.Composition.Tests.CustomMetadataAttributeTests+ExportedTypeWithAllowMultipleDerivedMetadata,System.Collections.Generic.IDictionary`2[System.String,System.Object]]
              ImportDefinition:
                  ContractName: Microsoft.VisualStudio.Composition.Tests.CustomMetadataAttributeTests+ExportedTypeWithDerivedMetadata
                  Cardinality: OneOrZero
                  Metadata:
                  ExportFactorySharingBoundaries: 
                  ExportConstraints: 
                      ExportTypeIdentityConstraint
                          TypeIdentityName: Microsoft.VisualStudio.Composition.Tests.CustomMetadataAttributeTests+ExportedTypeWithDerivedMetadata
                      ImportMetadataViewConstraint
              ComposablePartType: Microsoft.VisualStudio.Composition.Tests.CustomMetadataAttributeTests+PartThatImportsExportWithDerivedMetadata
              ImportingMember: System.Lazy`2[Microsoft.VisualStudio.Composition.Tests.CustomMetadataAttributeTests+ExportedTypeWithDerivedMetadata,System.Collections.Generic.IDictionary`2[System.String,System.Object]] ImportingProperty
              ParameterInfo: 
              ImportingSiteType: System.Lazy`2[Microsoft.VisualStudio.Composition.Tests.CustomMetadataAttributeTests+ExportedTypeWithDerivedMetadata,System.Collections.Generic.IDictionary`2[System.String,System.Object]]
          ImportingConstructor:
      Part
          Type: Microsoft.VisualStudio.Composition.Tests.CustomMetadataAttributeTests+TypeWithExportingMemberAndMetadata
          SharingBoundary: &lt;null&gt;
          IsSharingBoundaryInferred: False
          CreationPolicy: NonShared
          OnImportsSatisfied: &lt;null&gt;
          ExportedTypes:
          ExportingMembers:
              SomeValue
                  ContractName: System.String
                  Metadata:
                      ExportTypeIdentity = System.String
                      System.ComponentModel.Composition.CreationPolicy = NonShared
                      Name = Andrew
                      Age = 4
          ImportingMembers:
          ImportingConstructor:
      Part
          Type: Microsoft.VisualStudio.Composition.Tests.CustomMetadataAttributeTests+ExportedTypeWithMultipleMetadata
-         SharingBoundary: 
-         IsSharingBoundaryInferred: True
-         CreationPolicy: Any
+         SharingBoundary: &lt;null&gt;
+         IsSharingBoundaryInferred: False
+         CreationPolicy: NonShared
          OnImportsSatisfied: &lt;null&gt;
          ExportedTypes:
              ExportDefinition
                  ContractName: Microsoft.VisualStudio.Composition.Tests.CustomMetadataAttributeTests+ExportedTypeWithMultipleMetadata
                  Metadata:
                      ExportTypeIdentity = Microsoft.VisualStudio.Composition.Tests.CustomMetadataAttributeTests+ExportedTypeWithMultipleMetadata
+                     System.ComponentModel.Composition.CreationPolicy = NonShared
                      Name = System.String[]
          ExportingMembers:
          ImportingMembers:
          ImportingConstructor:
      Part
          Type: Microsoft.VisualStudio.Composition.Tests.CustomMetadataAttributeTests+ExportWithMultipleMetadataAttributesAndComplementingMetadataValues
-         SharingBoundary: 
-         IsSharingBoundaryInferred: True
-         CreationPolicy: Any
+         SharingBoundary: &lt;null&gt;
+         IsSharingBoundaryInferred: False
+         CreationPolicy: NonShared
          OnImportsSatisfied: &lt;null&gt;
          ExportedTypes:
              ExportDefinition
                  ContractName: Microsoft.VisualStudio.Composition.Tests.CustomMetadataAttributeTests+ExportWithMultipleMetadataAttributesAndComplementingMetadataValues
                  Metadata:
                      ExportTypeIdentity = Microsoft.VisualStudio.Composition.Tests.CustomMetadataAttributeTests+ExportWithMultipleMetadataAttributesAndComplementingMetadataValues
                      Before = System.String[]
+                     System.ComponentModel.Composition.CreationPolicy = NonShared
                      After = System.String[]
          ExportingMembers:
          ImportingMembers:
          ImportingConstructor:
      Part
          Type: Microsoft.VisualStudio.Composition.Tests.CustomMetadataAttributeTests+PartThatImportsAnExportWithMultipleComplementingMetadata
-         SharingBoundary: 
-         IsSharingBoundaryInferred: True
-         CreationPolicy: Any
+         SharingBoundary: &lt;null&gt;
+         IsSharingBoundaryInferred: False
+         CreationPolicy: NonShared
          OnImportsSatisfied: &lt;null&gt;
          ExportedTypes:
              ExportDefinition
                  ContractName: Microsoft.VisualStudio.Composition.Tests.CustomMetadataAttributeTests+PartThatImportsAnExportWithMultipleComplementingMetadata
                  Metadata:
                      ExportTypeIdentity = Microsoft.VisualStudio.Composition.Tests.CustomMetadataAttributeTests+PartThatImportsAnExportWithMultipleComplementingMetadata
+                     System.ComponentModel.Composition.CreationPolicy = NonShared
          ExportingMembers:
          ImportingMembers:
              ImportDefinition:
                  ContractName: Microsoft.VisualStudio.Composition.Tests.CustomMetadataAttributeTests+ExportWithMultipleMetadataAttributesAndComplementingMetadataValues
                  Cardinality: ExactlyOne
                  Metadata:
                  ExportFactorySharingBoundaries: 
                  ExportConstraints: 
                      ExportTypeIdentityConstraint
                          TypeIdentityName: Microsoft.VisualStudio.Composition.Tests.CustomMetadataAttributeTests+ExportWithMultipleMetadataAttributesAndComplementingMetadataValues
                      ImportMetadataViewConstraint
              ComposablePartType: Microsoft.VisualStudio.Composition.Tests.CustomMetadataAttributeTests+PartThatImportsAnExportWithMultipleComplementingMetadata
              ImportingMember: System.Lazy`2[Microsoft.VisualStudio.Composition.Tests.CustomMetadataAttributeTests+ExportWithMultipleMetadataAttributesAndComplementingMetadataValues,System.Collections.Generic.IDictionary`2[System.String,System.Object]] ImportingProperty
              ParameterInfo: 
              ImportingSiteType: System.Lazy`2[Microsoft.VisualStudio.Composition.Tests.CustomMetadataAttributeTests+ExportWithMultipleMetadataAttributesAndComplementingMetadataValues,System.Collections.Generic.IDictionary`2[System.String,System.Object]]
          ImportingConstructor:
      Part
          Type: Microsoft.VisualStudio.Composition.Tests.CustomMetadataAttributeTests+PartThatImportsLotsOfTypesAndVisibilitiesAttribute
-         SharingBoundary: 
-         IsSharingBoundaryInferred: True
-         CreationPolicy: Any
+         SharingBoundary: &lt;null&gt;
+         IsSharingBoundaryInferred: False
+         CreationPolicy: NonShared
          OnImportsSatisfied: &lt;null&gt;
          ExportedTypes:
              ExportDefinition
                  ContractName: Microsoft.VisualStudio.Composition.Tests.CustomMetadataAttributeTests+PartThatImportsLotsOfTypesAndVisibilitiesAttribute
                  Metadata:
                      ExportTypeIdentity = Microsoft.VisualStudio.Composition.Tests.CustomMetadataAttributeTests+PartThatImportsLotsOfTypesAndVisibilitiesAttribute
+                     System.ComponentModel.Composition.CreationPolicy = NonShared
          ExportingMembers:
          ImportingMembers:
              ImportDefinition:
                  ContractName: Microsoft.VisualStudio.Composition.Tests.CustomMetadataAttributeTests+PartWithLotsOfTypesAndVisibilitiesAttribute
                  Cardinality: ExactlyOne
                  Metadata:
                  ExportFactorySharingBoundaries: 
                  ExportConstraints: 
                      ExportTypeIdentityConstraint
                          TypeIdentityName: Microsoft.VisualStudio.Composition.Tests.CustomMetadataAttributeTests+PartWithLotsOfTypesAndVisibilitiesAttribute
                      ImportMetadataViewConstraint
              ComposablePartType: Microsoft.VisualStudio.Composition.Tests.CustomMetadataAttributeTests+PartThatImportsLotsOfTypesAndVisibilitiesAttribute
              ImportingMember: System.Lazy`2[Microsoft.VisualStudio.Composition.Tests.CustomMetadataAttributeTests+PartWithLotsOfTypesAndVisibilitiesAttribute,System.Collections.Generic.IDictionary`2[System.String,System.Object]] ImportingProperty
              ParameterInfo: 
              ImportingSiteType: System.Lazy`2[Microsoft.VisualStudio.Composition.Tests.CustomMetadataAttributeTests+PartWithLotsOfTypesAndVisibilitiesAttribute,System.Collections.Generic.IDictionary`2[System.String,System.Object]]
          ImportingConstructor:
      Part
          Type: Microsoft.VisualStudio.Composition.Tests.CustomMetadataAttributeTests+PartWithLotsOfTypesAndVisibilitiesAttribute
-         SharingBoundary: 
-         IsSharingBoundaryInferred: True
-         CreationPolicy: Any
+         SharingBoundary: &lt;null&gt;
+         IsSharingBoundaryInferred: False
+         CreationPolicy: NonShared
          OnImportsSatisfied: &lt;null&gt;
          ExportedTypes:
              ExportDefinition
                  ContractName: Microsoft.VisualStudio.Composition.Tests.CustomMetadataAttributeTests+PartWithLotsOfTypesAndVisibilitiesAttribute
                  Metadata:
+                     InternalProperty = True
                      ExportTypeIdentity = Microsoft.VisualStudio.Composition.Tests.CustomMetadataAttributeTests+PartWithLotsOfTypesAndVisibilitiesAttribute
+                     System.ComponentModel.Composition.CreationPolicy = NonShared
                      PublicProperty = True
          ExportingMembers:
          ImportingMembers:
          ImportingConstructor:</StdOut>
      </Output>
    </UnitTestResult>
    <UnitTestResult executionId="35daa417-12eb-4027-867f-e26c9d9963b9" testId="e7f24264-487e-441c-af97-298fbcdfff73" testName="V2" computerName="DDBLD061B" duration="00:00:00.0100000" startTime="2015-04-27T07:08:42.1393434-07:00" endTime="2015-04-27T07:08:42.1393434-07:00" testType="13cdc9d9-ddb5-4fa4-a97d-d965ccfc6d4b" outcome="Passed" testListId="8c84fa94-04c1-424b-9868-57a2d4851a1d" relativeResultsDirectory="35daa417-12eb-4027-867f-e26c9d9963b9" />
    <UnitTestResult executionId="57360aee-bb4f-4275-8c14-6015201b0f1d" testId="4b628aa2-9aee-4dd3-93ce-0dbf7d36233b" testName="V1" computerName="DDBLD061B" duration="00:00:00.0020000" startTime="2015-04-27T07:08:42.1393434-07:00" endTime="2015-04-27T07:08:42.1393434-07:00" testType="13cdc9d9-ddb5-4fa4-a97d-d965ccfc6d4b" outcome="Passed" testListId="8c84fa94-04c1-424b-9868-57a2d4851a1d" relativeResultsDirectory="57360aee-bb4f-4275-8c14-6015201b0f1d" />
    <UnitTestResult executionId="d77c1e9f-d31c-4549-b17b-90b03bc372cb" testId="82a2e2e8-1278-4e97-8ef8-97f102653d56" testName="V3 engine (runtime)" computerName="DDBLD061B" duration="00:00:00.0010000" startTime="2015-04-27T07:08:42.1393434-07:00" endTime="2015-04-27T07:08:42.1393434-07:00" testType="13cdc9d9-ddb5-4fa4-a97d-d965ccfc6d4b" outcome="Passed" testListId="8c84fa94-04c1-424b-9868-57a2d4851a1d" relativeResultsDirectory="d77c1e9f-d31c-4549-b17b-90b03bc372cb" />
    <UnitTestResult executionId="7ee99b57-b447-4f5e-911a-0d3fd3cf3583" testId="6874c611-062c-41fe-bb8a-d39230a23caa" testName="V3 composition (V1)" computerName="DDBLD061B" duration="00:00:00.3900000" startTime="2015-04-27T07:08:42.1393434-07:00" endTime="2015-04-27T07:08:42.1393434-07:00" testType="13cdc9d9-ddb5-4fa4-a97d-d965ccfc6d4b" outcome="Passed" testListId="8c84fa94-04c1-424b-9868-57a2d4851a1d" relativeResultsDirectory="7ee99b57-b447-4f5e-911a-0d3fd3cf3583" />
    <UnitTestResult executionId="4a6eb5b0-5f4c-4445-af6e-45abf8e471fe" testId="f36a4d68-1d01-4801-bea5-c871ec73bbed" testName="V3 composition (V2)" computerName="DDBLD061B" duration="00:00:00.4020000" startTime="2015-04-27T07:08:42.1393434-07:00" endTime="2015-04-27T07:08:42.1393434-07:00" testType="13cdc9d9-ddb5-4fa4-a97d-d965ccfc6d4b" outcome="Passed" testListId="8c84fa94-04c1-424b-9868-57a2d4851a1d" relativeResultsDirectory="4a6eb5b0-5f4c-4445-af6e-45abf8e471fe" />
    <UnitTestResult executionId="d9071327-aa1e-4a26-a0fb-cfcae058e028" testId="bf9d22d8-76f9-4df0-8446-f2590dd6893d" testName="V3 engine (runtime)" computerName="DDBLD061B" duration="00:00:00.0010000" startTime="2015-04-27T07:08:42.1393434-07:00" endTime="2015-04-27T07:08:42.1393434-07:00" testType="13cdc9d9-ddb5-4fa4-a97d-d965ccfc6d4b" outcome="Passed" testListId="8c84fa94-04c1-424b-9868-57a2d4851a1d" relativeResultsDirectory="d9071327-aa1e-4a26-a0fb-cfcae058e028" />
    <UnitTestResult executionId="79c72e57-2a9c-4b5b-b5ab-5cdf64c37ef8" testId="d6f5d8c4-9fca-400f-aef1-c64a6b512317" testName="V1" computerName="DDBLD061B" duration="00:00:00.0010000" startTime="2015-04-27T07:08:42.4206599-07:00" endTime="2015-04-27T07:08:42.4206599-07:00" testType="13cdc9d9-ddb5-4fa4-a97d-d965ccfc6d4b" outcome="Passed" testListId="8c84fa94-04c1-424b-9868-57a2d4851a1d" relativeResultsDirectory="79c72e57-2a9c-4b5b-b5ab-5cdf64c37ef8" />
    <UnitTestResult executionId="d7662d3d-9172-4505-bde9-d18c774bb4eb" testId="4505d253-789f-4822-b94c-f261017effd9" testName="V3 engine (runtime)" computerName="DDBLD061B" duration="00:00:00.0010000" startTime="2015-04-27T07:08:42.4206599-07:00" endTime="2015-04-27T07:08:42.4206599-07:00" testType="13cdc9d9-ddb5-4fa4-a97d-d965ccfc6d4b" outcome="Passed" testListId="8c84fa94-04c1-424b-9868-57a2d4851a1d" relativeResultsDirectory="d7662d3d-9172-4505-bde9-d18c774bb4eb" />
    <UnitTestResult executionId="7c15ab91-728b-4f3f-ab1e-851d9979053f" testId="abfe6183-7760-42f0-b49c-b458a00298bc" testName="V2" computerName="DDBLD061B" duration="00:00:00.0010000" startTime="2015-04-27T07:08:42.4206599-07:00" endTime="2015-04-27T07:08:42.4206599-07:00" testType="13cdc9d9-ddb5-4fa4-a97d-d965ccfc6d4b" outcome="Passed" testListId="8c84fa94-04c1-424b-9868-57a2d4851a1d" relativeResultsDirectory="7c15ab91-728b-4f3f-ab1e-851d9979053f" />
    <UnitTestResult executionId="3042a552-2e28-469f-9e2b-4a338240f755" testId="8e37d19c-a507-491d-b540-a005664f8405" testName="V3 engine (runtime)" computerName="DDBLD061B" duration="00:00:00.0010000" startTime="2015-04-27T07:08:42.4206599-07:00" endTime="2015-04-27T07:08:42.4206599-07:00" testType="13cdc9d9-ddb5-4fa4-a97d-d965ccfc6d4b" outcome="Passed" testListId="8c84fa94-04c1-424b-9868-57a2d4851a1d" relativeResultsDirectory="3042a552-2e28-469f-9e2b-4a338240f755" />
    <UnitTestResult executionId="5be9e0f4-9375-4e9c-8e34-2d6fc5376c63" testId="895f78bd-d803-4590-938c-8ab61a56c2e9" testName="V3 engine (runtime)" computerName="DDBLD061B" duration="00:00:00.0020000" startTime="2015-04-27T07:08:42.4206599-07:00" endTime="2015-04-27T07:08:42.4206599-07:00" testType="13cdc9d9-ddb5-4fa4-a97d-d965ccfc6d4b" outcome="Passed" testListId="8c84fa94-04c1-424b-9868-57a2d4851a1d" relativeResultsDirectory="5be9e0f4-9375-4e9c-8e34-2d6fc5376c63" />
    <UnitTestResult executionId="01646332-924e-4956-b009-ad8f21a0dbfe" testId="7600305d-daf7-403a-9d0d-8414878eb69e" testName="V1" computerName="DDBLD061B" duration="00:00:00.0050000" startTime="2015-04-27T07:08:42.4206599-07:00" endTime="2015-04-27T07:08:42.4206599-07:00" testType="13cdc9d9-ddb5-4fa4-a97d-d965ccfc6d4b" outcome="Passed" testListId="8c84fa94-04c1-424b-9868-57a2d4851a1d" relativeResultsDirectory="01646332-924e-4956-b009-ad8f21a0dbfe" />
    <UnitTestResult executionId="0ce5ed12-034e-4914-8d33-f0345b937a02" testId="2707f4ab-d132-4041-99c5-4c8415610ba0" testName="V3 engine (runtime)" computerName="DDBLD061B" duration="00:00:00.0010000" startTime="2015-04-27T07:08:42.4206599-07:00" endTime="2015-04-27T07:08:42.4206599-07:00" testType="13cdc9d9-ddb5-4fa4-a97d-d965ccfc6d4b" outcome="Passed" testListId="8c84fa94-04c1-424b-9868-57a2d4851a1d" relativeResultsDirectory="0ce5ed12-034e-4914-8d33-f0345b937a02" />
    <UnitTestResult executionId="734fe1e8-2513-44ec-9cff-04dc18670fc3" testId="b9401232-2913-4ca3-8ba4-5c903b574db1" testName="V1" computerName="DDBLD061B" duration="00:00:00.0740000" startTime="2015-04-27T07:08:42.4206599-07:00" endTime="2015-04-27T07:08:42.4206599-07:00" testType="13cdc9d9-ddb5-4fa4-a97d-d965ccfc6d4b" outcome="Passed" testListId="8c84fa94-04c1-424b-9868-57a2d4851a1d" relativeResultsDirectory="734fe1e8-2513-44ec-9cff-04dc18670fc3" />
    <UnitTestResult executionId="ddca5e5b-390f-4449-8733-61c7ae49a351" testId="710d9c5b-7f05-40db-bccb-37f996279cd3" testName="V3 engine (runtime)" computerName="DDBLD061B" duration="00:00:00.0010000" startTime="2015-04-27T07:08:42.4206599-07:00" endTime="2015-04-27T07:08:42.4206599-07:00" testType="13cdc9d9-ddb5-4fa4-a97d-d965ccfc6d4b" outcome="Passed" testListId="8c84fa94-04c1-424b-9868-57a2d4851a1d" relativeResultsDirectory="ddca5e5b-390f-4449-8733-61c7ae49a351" />
    <UnitTestResult executionId="67b8435e-a03a-4818-ab3f-c611e44aad42" testId="e23e6e6b-995c-4650-8ede-1c87eb74739a" testName="V1" computerName="DDBLD061B" duration="00:00:00.0020000" startTime="2015-04-27T07:08:42.6080992-07:00" endTime="2015-04-27T07:08:42.6080992-07:00" testType="13cdc9d9-ddb5-4fa4-a97d-d965ccfc6d4b" outcome="Passed" testListId="8c84fa94-04c1-424b-9868-57a2d4851a1d" relativeResultsDirectory="67b8435e-a03a-4818-ab3f-c611e44aad42" />
    <UnitTestResult executionId="496df605-6641-44d2-9bec-68463f7f986a" testId="353a0076-5920-4426-a5c3-1ac3be8a3321" testName="V2" computerName="DDBLD061B" duration="00:00:00.0020000" startTime="2015-04-27T07:08:42.6080992-07:00" endTime="2015-04-27T07:08:42.6080992-07:00" testType="13cdc9d9-ddb5-4fa4-a97d-d965ccfc6d4b" outcome="Passed" testListId="8c84fa94-04c1-424b-9868-57a2d4851a1d" relativeResultsDirectory="496df605-6641-44d2-9bec-68463f7f986a" />
    <UnitTestResult executionId="adcaebc6-a045-4c37-9982-255158369b57" testId="55e1f67b-63b1-4d47-9ce3-645367a93e35" testName="V3 composition (V1)" computerName="DDBLD061B" duration="00:00:00.4130000" startTime="2015-04-27T07:08:42.6080992-07:00" endTime="2015-04-27T07:08:42.6080992-07:00" testType="13cdc9d9-ddb5-4fa4-a97d-d965ccfc6d4b" outcome="Passed" testListId="8c84fa94-04c1-424b-9868-57a2d4851a1d" relativeResultsDirectory="adcaebc6-a045-4c37-9982-255158369b57" />
    <UnitTestResult executionId="bb244449-d704-497f-81bb-13adb1b83494" testId="7586630c-426e-4947-b53d-f237ff10031c" testName="V3 composition (V1, V2)" computerName="DDBLD061B" duration="00:00:00.5510000" startTime="2015-04-27T07:08:42.6080992-07:00" endTime="2015-04-27T07:08:42.6080992-07:00" testType="13cdc9d9-ddb5-4fa4-a97d-d965ccfc6d4b" outcome="Passed" testListId="8c84fa94-04c1-424b-9868-57a2d4851a1d" relativeResultsDirectory="bb244449-d704-497f-81bb-13adb1b83494">
      <Output>
        <StdOut>Catalog AttributedPartDiscoveryV1 vs. AttributedPartDiscovery
      Part
          Type: Microsoft.VisualStudio.Composition.Tests.OnImportsSatisfiedTests+RequestedPart
+         Part metadata:
+             SharingBoundary = 
          SharingBoundary: 
-         IsSharingBoundaryInferred: True
-         CreationPolicy: Any
+         IsSharingBoundaryInferred: False
+         CreationPolicy: Shared
          OnImportsSatisfied: &lt;null&gt;
          ExportedTypes:
              ExportDefinition
                  ContractName: Microsoft.VisualStudio.Composition.Tests.OnImportsSatisfiedTests+RequestedPart
                  Metadata:
                      ExportTypeIdentity = Microsoft.VisualStudio.Composition.Tests.OnImportsSatisfiedTests+RequestedPart
+                     System.ComponentModel.Composition.CreationPolicy = Shared
          ExportingMembers:
          ImportingMembers:
              ImportDefinition:
                  ContractName: Microsoft.VisualStudio.Composition.Tests.OnImportsSatisfiedTests+TransitivePart
                  Cardinality: ExactlyOne
                  Metadata:
                  ExportFactorySharingBoundaries: 
                  ExportConstraints: 
                      ExportTypeIdentityConstraint
                          TypeIdentityName: Microsoft.VisualStudio.Composition.Tests.OnImportsSatisfiedTests+TransitivePart
              ComposablePartType: Microsoft.VisualStudio.Composition.Tests.OnImportsSatisfiedTests+RequestedPart
              ImportingMember: TransitivePart TransitivePart
              ParameterInfo: 
              ImportingSiteType: Microsoft.VisualStudio.Composition.Tests.OnImportsSatisfiedTests+TransitivePart
          ImportingConstructor:
      Part
          Type: Microsoft.VisualStudio.Composition.Tests.OnImportsSatisfiedTests+TransitivePart
+         Part metadata:
+             SharingBoundary = 
          SharingBoundary: 
-         IsSharingBoundaryInferred: True
-         CreationPolicy: Any
+         IsSharingBoundaryInferred: False
+         CreationPolicy: Shared
          OnImportsSatisfied: Void OnImportsSatisfied()
          ExportedTypes:
              ExportDefinition
                  ContractName: Microsoft.VisualStudio.Composition.Tests.OnImportsSatisfiedTests+TransitivePart
                  Metadata:
                      ExportTypeIdentity = Microsoft.VisualStudio.Composition.Tests.OnImportsSatisfiedTests+TransitivePart
+                     System.ComponentModel.Composition.CreationPolicy = Shared
          ExportingMembers:
          ImportingMembers:
              ImportDefinition:
                  ContractName: Microsoft.VisualStudio.Composition.Tests.OnImportsSatisfiedTests+RequestedPart
                  Cardinality: ExactlyOne
                  Metadata:
                  ExportFactorySharingBoundaries: 
                  ExportConstraints: 
                      ExportTypeIdentityConstraint
                          TypeIdentityName: Microsoft.VisualStudio.Composition.Tests.OnImportsSatisfiedTests+RequestedPart
              ComposablePartType: Microsoft.VisualStudio.Composition.Tests.OnImportsSatisfiedTests+TransitivePart
              ImportingMember: RequestedPart RequestedPart
              ParameterInfo: 
              ImportingSiteType: Microsoft.VisualStudio.Composition.Tests.OnImportsSatisfiedTests+RequestedPart
          ImportingConstructor:</StdOut>
      </Output>
    </UnitTestResult>
    <UnitTestResult executionId="e9c604d9-1110-4ba9-b124-0033f5069a13" testId="a269fa5e-b0b9-40a6-b3b4-f123568d0ec0" testName="V3 engine (runtime)" computerName="DDBLD061B" duration="00:00:00.0010000" startTime="2015-04-27T07:08:42.6080992-07:00" endTime="2015-04-27T07:08:42.6080992-07:00" testType="13cdc9d9-ddb5-4fa4-a97d-d965ccfc6d4b" outcome="Passed" testListId="8c84fa94-04c1-424b-9868-57a2d4851a1d" relativeResultsDirectory="e9c604d9-1110-4ba9-b124-0033f5069a13" />
    <UnitTestResult executionId="e44d7697-5975-41a5-a708-36d6be84fc41" testId="014f1fe1-e060-4923-a005-c5750399dfdc" testName="V3 composition (V2)" computerName="DDBLD061B" duration="00:00:00.3400000" startTime="2015-04-27T07:08:42.6080992-07:00" endTime="2015-04-27T07:08:42.6080992-07:00" testType="13cdc9d9-ddb5-4fa4-a97d-d965ccfc6d4b" outcome="Passed" testListId="8c84fa94-04c1-424b-9868-57a2d4851a1d" relativeResultsDirectory="e44d7697-5975-41a5-a708-36d6be84fc41" />
    <UnitTestResult executionId="db1bdb9c-38b7-400c-ba7a-5262bcd80539" testId="0dec541c-1337-43b3-b83e-c9fd6021f144" testName="V3 engine (runtime)" computerName="DDBLD061B" duration="00:00:00.0010000" startTime="2015-04-27T07:08:42.6080992-07:00" endTime="2015-04-27T07:08:42.6080992-07:00" testType="13cdc9d9-ddb5-4fa4-a97d-d965ccfc6d4b" outcome="Passed" testListId="8c84fa94-04c1-424b-9868-57a2d4851a1d" relativeResultsDirectory="db1bdb9c-38b7-400c-ba7a-5262bcd80539" />
    <UnitTestResult executionId="1782411e-e7a0-459c-9a3f-221138c471ca" testId="880d9306-0d40-4cdb-b555-ec72f0a80b9e" testName="V3 composition (V1)" computerName="DDBLD061B" duration="00:00:00.3340000" startTime="2015-04-27T07:08:42.6080992-07:00" endTime="2015-04-27T07:08:42.6080992-07:00" testType="13cdc9d9-ddb5-4fa4-a97d-d965ccfc6d4b" outcome="Passed" testListId="8c84fa94-04c1-424b-9868-57a2d4851a1d" relativeResultsDirectory="1782411e-e7a0-459c-9a3f-221138c471ca" />
    <UnitTestResult executionId="aeced93a-bb04-4be1-9ae5-5cadc6fc1625" testId="65c19b38-4cc9-45d4-b252-74a7bd1a3d83" testName="V1" computerName="DDBLD061B" duration="00:00:00.0020000" startTime="2015-04-27T07:08:42.8424771-07:00" endTime="2015-04-27T07:08:42.8424771-07:00" testType="13cdc9d9-ddb5-4fa4-a97d-d965ccfc6d4b" outcome="Passed" testListId="8c84fa94-04c1-424b-9868-57a2d4851a1d" relativeResultsDirectory="aeced93a-bb04-4be1-9ae5-5cadc6fc1625" />
    <UnitTestResult executionId="af00f5dd-2b03-45c8-a687-1675ba82eb96" testId="d40399c6-4ec9-4141-9b5c-c0b77ae88991" testName="V3 engine (runtime)" computerName="DDBLD061B" duration="00:00:00.0010000" startTime="2015-04-27T07:08:42.8424771-07:00" endTime="2015-04-27T07:08:42.8424771-07:00" testType="13cdc9d9-ddb5-4fa4-a97d-d965ccfc6d4b" outcome="Passed" testListId="8c84fa94-04c1-424b-9868-57a2d4851a1d" relativeResultsDirectory="af00f5dd-2b03-45c8-a687-1675ba82eb96" />
    <UnitTestResult executionId="633f546c-2aab-402a-b97c-04426c7921e1" testId="b6614940-964f-4c03-893e-9172a5e6d8ea" testName="V3 engine (runtime)" computerName="DDBLD061B" duration="00:00:00.0010000" startTime="2015-04-27T07:08:42.8424771-07:00" endTime="2015-04-27T07:08:42.8424771-07:00" testType="13cdc9d9-ddb5-4fa4-a97d-d965ccfc6d4b" outcome="Passed" testListId="8c84fa94-04c1-424b-9868-57a2d4851a1d" relativeResultsDirectory="633f546c-2aab-402a-b97c-04426c7921e1" />
    <UnitTestResult executionId="d8d3ce22-c02a-4c64-8d11-5f084fca1f1e" testId="d94e4612-4686-4048-9e30-e395d5fb8417" testName="V1" computerName="DDBLD061B" duration="00:00:00.0010000" startTime="2015-04-27T07:08:42.8424771-07:00" endTime="2015-04-27T07:08:42.8424771-07:00" testType="13cdc9d9-ddb5-4fa4-a97d-d965ccfc6d4b" outcome="Passed" testListId="8c84fa94-04c1-424b-9868-57a2d4851a1d" relativeResultsDirectory="d8d3ce22-c02a-4c64-8d11-5f084fca1f1e" />
    <UnitTestResult executionId="2e71d8e4-a82a-4ad4-9f4a-c116d7a51f66" testId="5a237e98-7247-4e20-b79a-65a77bd07746" testName="V3 engine (runtime)" computerName="DDBLD061B" duration="00:00:00.0010000" startTime="2015-04-27T07:08:42.8424771-07:00" endTime="2015-04-27T07:08:42.8424771-07:00" testType="13cdc9d9-ddb5-4fa4-a97d-d965ccfc6d4b" outcome="Passed" testListId="8c84fa94-04c1-424b-9868-57a2d4851a1d" relativeResultsDirectory="2e71d8e4-a82a-4ad4-9f4a-c116d7a51f66" />
    <UnitTestResult executionId="cb8e1e65-c6dc-4a40-836a-1d1f3d541c97" testId="f80a3c52-6d44-4e70-b07c-3f09055d981c" testName="V3 engine (runtime)" computerName="DDBLD061B" duration="00:00:00.0010000" startTime="2015-04-27T07:08:42.8424771-07:00" endTime="2015-04-27T07:08:42.8424771-07:00" testType="13cdc9d9-ddb5-4fa4-a97d-d965ccfc6d4b" outcome="Passed" testListId="8c84fa94-04c1-424b-9868-57a2d4851a1d" relativeResultsDirectory="cb8e1e65-c6dc-4a40-836a-1d1f3d541c97" />
    <UnitTestResult executionId="0196f362-2b3b-4bd9-962f-551a1b0fe509" testId="2f7f32e5-cb51-4c8f-bf77-28d47a7707b3" testName="V2" computerName="DDBLD061B" duration="00:00:00.0070000" startTime="2015-04-27T07:08:42.8424771-07:00" endTime="2015-04-27T07:08:42.8424771-07:00" testType="13cdc9d9-ddb5-4fa4-a97d-d965ccfc6d4b" outcome="Passed" testListId="8c84fa94-04c1-424b-9868-57a2d4851a1d" relativeResultsDirectory="0196f362-2b3b-4bd9-962f-551a1b0fe509" />
    <UnitTestResult executionId="f0918de8-0009-4424-a359-a599142fded0" testId="0964517e-efdd-4057-abd4-dbcc01e3ecee" testName="V3 engine (runtime)" computerName="DDBLD061B" duration="00:00:00.0010000" startTime="2015-04-27T07:08:42.8424771-07:00" endTime="2015-04-27T07:08:42.8424771-07:00" testType="13cdc9d9-ddb5-4fa4-a97d-d965ccfc6d4b" outcome="Passed" testListId="8c84fa94-04c1-424b-9868-57a2d4851a1d" relativeResultsDirectory="f0918de8-0009-4424-a359-a599142fded0" />
    <UnitTestResult executionId="ccd48e07-44b7-4ffd-9209-ed4684ea13fc" testId="f96cee3f-5573-47d8-90ce-3b26bae632de" testName="V1" computerName="DDBLD061B" duration="00:00:00.0010000" startTime="2015-04-27T07:08:42.8424771-07:00" endTime="2015-04-27T07:08:42.8424771-07:00" testType="13cdc9d9-ddb5-4fa4-a97d-d965ccfc6d4b" outcome="Passed" testListId="8c84fa94-04c1-424b-9868-57a2d4851a1d" relativeResultsDirectory="ccd48e07-44b7-4ffd-9209-ed4684ea13fc" />
    <UnitTestResult executionId="a8e40ab3-486c-45a5-8793-4a02c36eb91a" testId="d675f054-f570-46ba-b972-e7c0ec76fbd9" testName="V1" computerName="DDBLD061B" duration="00:00:00.0010000" startTime="2015-04-27T07:08:43.2956079-07:00" endTime="2015-04-27T07:08:43.2956079-07:00" testType="13cdc9d9-ddb5-4fa4-a97d-d965ccfc6d4b" outcome="Passed" testListId="8c84fa94-04c1-424b-9868-57a2d4851a1d" relativeResultsDirectory="a8e40ab3-486c-45a5-8793-4a02c36eb91a" />
    <UnitTestResult executionId="28f47172-e7fd-4033-88f3-60de4524c485" testId="687f13bd-d57b-4b48-861f-08319e705aa5" testName="V3 composition (V1, V2)" computerName="DDBLD061B" duration="00:00:00.5470000" startTime="2015-04-27T07:08:43.2956079-07:00" endTime="2015-04-27T07:08:43.2956079-07:00" testType="13cdc9d9-ddb5-4fa4-a97d-d965ccfc6d4b" outcome="Passed" testListId="8c84fa94-04c1-424b-9868-57a2d4851a1d" relativeResultsDirectory="28f47172-e7fd-4033-88f3-60de4524c485">
      <Output>
        <StdOut>Catalog AttributedPartDiscoveryV1 vs. AttributedPartDiscovery
      Part
          Type: Microsoft.VisualStudio.Composition.Tests.ImportingConstructorTests+PartWithImportingConstructorOfPartWithLazyLoopbackImportingProperty
+         Part metadata:
+             SharingBoundary = 
          SharingBoundary: 
-         IsSharingBoundaryInferred: True
-         CreationPolicy: Any
+         IsSharingBoundaryInferred: False
+         CreationPolicy: Shared
          OnImportsSatisfied: &lt;null&gt;
          ExportedTypes:
              ExportDefinition
                  ContractName: Microsoft.VisualStudio.Composition.Tests.ImportingConstructorTests+PartWithImportingConstructorOfPartWithLazyLoopbackImportingProperty
                  Metadata:
                      ExportTypeIdentity = Microsoft.VisualStudio.Composition.Tests.ImportingConstructorTests+PartWithImportingConstructorOfPartWithLazyLoopbackImportingProperty
+                     System.ComponentModel.Composition.CreationPolicy = Shared
          ExportingMembers:
          ImportingMembers:
          ImportingConstructor:
              ImportDefinition:
                  ContractName: Microsoft.VisualStudio.Composition.Tests.ImportingConstructorTests+PartWithLazyLoopbackImportingProperty
                  Cardinality: ExactlyOne
                  Metadata:
                  ExportFactorySharingBoundaries: 
                  ExportConstraints: 
                      ExportTypeIdentityConstraint
                          TypeIdentityName: Microsoft.VisualStudio.Composition.Tests.ImportingConstructorTests+PartWithLazyLoopbackImportingProperty
              ComposablePartType: Microsoft.VisualStudio.Composition.Tests.ImportingConstructorTests+PartWithImportingConstructorOfPartWithLazyLoopbackImportingProperty
              ImportingMember: 
              ParameterInfo: PartWithLazyLoopbackImportingProperty other
              ImportingSiteType: Microsoft.VisualStudio.Composition.Tests.ImportingConstructorTests+PartWithLazyLoopbackImportingProperty
      Part
          Type: Microsoft.VisualStudio.Composition.Tests.ImportingConstructorTests+PartWithLazyLoopbackImportingProperty
+         Part metadata:
+             SharingBoundary = 
          SharingBoundary: 
-         IsSharingBoundaryInferred: True
-         CreationPolicy: Any
+         IsSharingBoundaryInferred: False
+         CreationPolicy: Shared
          OnImportsSatisfied: &lt;null&gt;
          ExportedTypes:
              ExportDefinition
                  ContractName: Microsoft.VisualStudio.Composition.Tests.ImportingConstructorTests+PartWithLazyLoopbackImportingProperty
                  Metadata:
                      ExportTypeIdentity = Microsoft.VisualStudio.Composition.Tests.ImportingConstructorTests+PartWithLazyLoopbackImportingProperty
+                     System.ComponentModel.Composition.CreationPolicy = Shared
          ExportingMembers:
          ImportingMembers:
              ImportDefinition:
                  ContractName: Microsoft.VisualStudio.Composition.Tests.ImportingConstructorTests+PartWithImportingConstructorOfPartWithLazyLoopbackImportingProperty
                  Cardinality: ZeroOrMore
                  Metadata:
                  ExportFactorySharingBoundaries: 
                  ExportConstraints: 
                      ExportTypeIdentityConstraint
                          TypeIdentityName: Microsoft.VisualStudio.Composition.Tests.ImportingConstructorTests+PartWithImportingConstructorOfPartWithLazyLoopbackImportingProperty
              ComposablePartType: Microsoft.VisualStudio.Composition.Tests.ImportingConstructorTests+PartWithLazyLoopbackImportingProperty
              ImportingMember: System.Lazy`1[Microsoft.VisualStudio.Composition.Tests.ImportingConstructorTests+PartWithImportingConstructorOfPartWithLazyLoopbackImportingProperty][] OtherLazy
              ParameterInfo: 
              ImportingSiteType: System.Lazy`1[Microsoft.VisualStudio.Composition.Tests.ImportingConstructorTests+PartWithImportingConstructorOfPartWithLazyLoopbackImportingProperty][]
          ImportingConstructor:</StdOut>
      </Output>
    </UnitTestResult>
    <UnitTestResult executionId="b14dced2-48fe-42a3-a8e4-a9085ae25580" testId="6d2edcde-f437-46bc-8798-d0a6cfbd838f" testName="V2" computerName="DDBLD061B" duration="00:00:00.0020000" startTime="2015-04-27T07:08:43.2956079-07:00" endTime="2015-04-27T07:08:43.2956079-07:00" testType="13cdc9d9-ddb5-4fa4-a97d-d965ccfc6d4b" outcome="Passed" testListId="8c84fa94-04c1-424b-9868-57a2d4851a1d" relativeResultsDirectory="b14dced2-48fe-42a3-a8e4-a9085ae25580" />
    <UnitTestResult executionId="8145dd50-70a9-4717-af87-f9fb8fa17744" testId="b05bd012-68f1-410a-a1c8-5aba95f2e737" testName="V3 composition (V1)" computerName="DDBLD061B" duration="00:00:00.1130000" startTime="2015-04-27T07:08:43.2956079-07:00" endTime="2015-04-27T07:08:43.2956079-07:00" testType="13cdc9d9-ddb5-4fa4-a97d-d965ccfc6d4b" outcome="Passed" testListId="8c84fa94-04c1-424b-9868-57a2d4851a1d" relativeResultsDirectory="8145dd50-70a9-4717-af87-f9fb8fa17744" />
    <UnitTestResult executionId="cb5f7e3d-1a71-44b3-8668-c40872baa48c" testId="66f6347f-810d-4c1c-9f5b-945426ed1d99" testName="ComposableAssembliesLazyLoadedByLazyTMetadata" computerName="DDBLD061B" duration="00:00:01.0570000" startTime="2015-04-27T07:08:43.2956079-07:00" endTime="2015-04-27T07:08:43.2956079-07:00" testType="13cdc9d9-ddb5-4fa4-a97d-d965ccfc6d4b" outcome="Passed" testListId="8c84fa94-04c1-424b-9868-57a2d4851a1d" relativeResultsDirectory="cb5f7e3d-1a71-44b3-8668-c40872baa48c" />
    <UnitTestResult executionId="d54bd9ef-5b54-4da2-9fe0-cdf0d8954784" testId="a9d218c5-28a4-4d57-9a21-8be2737c8ba5" testName="V3 composition (V1)" computerName="DDBLD061B" duration="00:00:00.1110000" startTime="2015-04-27T07:08:43.2956079-07:00" endTime="2015-04-27T07:08:43.2956079-07:00" testType="13cdc9d9-ddb5-4fa4-a97d-d965ccfc6d4b" outcome="Passed" testListId="8c84fa94-04c1-424b-9868-57a2d4851a1d" relativeResultsDirectory="d54bd9ef-5b54-4da2-9fe0-cdf0d8954784">
      <Output>
        <StdOut>Catalog BeforeSerialization vs. AfterSerialization
      Part
          Type: Microsoft.VisualStudio.Composition.ExportMetadataViewInterfaceEmitProxy+MetadataViewProxyProvider
          Part metadata:
              VsMEFDgmlCategories = System.String[]
          SharingBoundary: &lt;null&gt;
          IsSharingBoundaryInferred: False
          CreationPolicy: NonShared
          OnImportsSatisfied: &lt;null&gt;
          ExportedTypes:
              ExportDefinition
                  ContractName: Microsoft.VisualStudio.Composition.IMetadataViewProvider
                  Metadata:
                      ExportTypeIdentity = Microsoft.VisualStudio.Composition.IMetadataViewProvider
                      System.ComponentModel.Composition.CreationPolicy = NonShared
                      OrderPrecedence = 50
          ExportingMembers:
          ImportingMembers:
          ImportingConstructor:
      Part
          Type: Microsoft.VisualStudio.Composition.NetFxAdapters+CompositionService
          Part metadata:
              VsMEFDgmlCategories = System.String[]
          SharingBoundary: &lt;null&gt;
          IsSharingBoundaryInferred: False
          CreationPolicy: NonShared
          OnImportsSatisfied: &lt;null&gt;
          ExportedTypes:
              ExportDefinition
                  ContractName: System.ComponentModel.Composition.ICompositionService
                  Metadata:
                      ExportTypeIdentity = System.ComponentModel.Composition.ICompositionService
                      System.ComponentModel.Composition.CreationPolicy = NonShared
          ExportingMembers:
          ImportingMembers:
          ImportingConstructor:
              ImportDefinition:
                  ContractName: Microsoft.VisualStudio.Composition.ExportProvider
                  Cardinality: ExactlyOne
                  Metadata:
                  ExportFactorySharingBoundaries: 
                  ExportConstraints: 
                      ExportTypeIdentityConstraint
                          TypeIdentityName: Microsoft.VisualStudio.Composition.ExportProvider
              ComposablePartType: Microsoft.VisualStudio.Composition.NetFxAdapters+CompositionService
              ImportingMember: 
              ParameterInfo: Microsoft.VisualStudio.Composition.ExportProvider exportProvider
              ImportingSiteType: Microsoft.VisualStudio.Composition.ExportProvider
      Part
          Type: Microsoft.VisualStudio.Composition.NetFxAdapters+MetadataViewImplProxy
          Part metadata:
              VsMEFDgmlCategories = System.String[]
          SharingBoundary: 
          IsSharingBoundaryInferred: True
          CreationPolicy: Any
          OnImportsSatisfied: &lt;null&gt;
          ExportedTypes:
              ExportDefinition
                  ContractName: Microsoft.VisualStudio.Composition.IMetadataViewProvider
                  Metadata:
                      ExportTypeIdentity = Microsoft.VisualStudio.Composition.IMetadataViewProvider
                      OrderPrecedence = 100
          ExportingMembers:
          ImportingMembers:
          ImportingConstructor:
      Part
          Type: Microsoft.VisualStudio.Composition.NetFxAdapters+AssemblyLoadCodeBasePathLoader
          Part metadata:
              VsMEFDgmlCategories = System.String[]
          SharingBoundary: 
          IsSharingBoundaryInferred: True
          CreationPolicy: Any
          OnImportsSatisfied: &lt;null&gt;
          ExportedTypes:
              ExportDefinition
                  ContractName: Microsoft.VisualStudio.Composition.IAssemblyLoader
                  Metadata:
                      ExportTypeIdentity = Microsoft.VisualStudio.Composition.IAssemblyLoader
                      OrderPrecedence = 100
          ExportingMembers:
          ImportingMembers:
          ImportingConstructor:
      Part
          Type: Microsoft.VisualStudio.Composition.Tests.ExportingMembersTests+ExportingMembersClass
          SharingBoundary: 
          IsSharingBoundaryInferred: True
          CreationPolicy: Any
          OnImportsSatisfied: &lt;null&gt;
          ExportedTypes:
          ExportingMembers:
+             Field
+                 ContractName: Field
+                 Metadata:
+                     ExportTypeIdentity = System.String
+                 ContractName: Field_Extra_Export
+                 Metadata:
+                     ExportTypeIdentity = System.String
              SomeAction
                  ContractName: Method
                  Metadata:
                      ExportTypeIdentity = System.Void()
                      A = b
                  ContractName: Method_Extra_Export
                  Metadata:
                      ExportTypeIdentity = System.Void()
                      A = b
              SomeAction
                  ContractName: Method
                  Metadata:
                      ExportTypeIdentity = System.Void(System.Int32,System.String)
                      A = b
              SomeFunc
                  ContractName: Method
                  Metadata:
                      ExportTypeIdentity = System.Boolean()
                      A = b
              SomeFunc
                  ContractName: Method
                  Metadata:
                      ExportTypeIdentity = System.Boolean(System.Int32,System.String)
                      A = b
              Property
                  ContractName: Property
                  Metadata:
                      ExportTypeIdentity = System.String
                  ContractName: Property_Extra_Export
                  Metadata:
                      ExportTypeIdentity = System.String
              PropertyGenericType
                  ContractName: PropertyGenericType
                  Metadata:
                      ExportTypeIdentity = System.Collections.Generic.Comparer(System.Int32)
              DelegateReturningProperty
                  ContractName: DelegateReturningProperty
                  Metadata:
                      ExportTypeIdentity = System.String(System.String)
                      A = b
-             Field
-                 ContractName: Field
-                 Metadata:
-                     ExportTypeIdentity = System.String
-                 ContractName: Field_Extra_Export
-                 Metadata:
-                     ExportTypeIdentity = System.String
          ImportingMembers:
          ImportingConstructor:</StdOut>
      </Output>
    </UnitTestResult>
    <UnitTestResult executionId="d3164d30-532f-49af-9319-38821707f054" testId="17b104eb-93f2-4c9e-8ce7-392e30071a33" testName="AssemblyDiscoveryOmitsNonDiscoverableParts" computerName="DDBLD061B" duration="00:00:00.4040000" startTime="2015-04-27T07:08:43.2956079-07:00" endTime="2015-04-27T07:08:43.2956079-07:00" testType="13cdc9d9-ddb5-4fa4-a97d-d965ccfc6d4b" outcome="Passed" testListId="8c84fa94-04c1-424b-9868-57a2d4851a1d" relativeResultsDirectory="d3164d30-532f-49af-9319-38821707f054" />
    <UnitTestResult executionId="acdf2bcd-fbe6-46e4-a63d-e4a0a849b0db" testId="e983c501-5ade-4314-a913-ca2061f12ffc" testName="V3 composition (V1)" computerName="DDBLD061B" duration="00:00:00.1120000" startTime="2015-04-27T07:08:43.7175298-07:00" endTime="2015-04-27T07:08:43.7175298-07:00" testType="13cdc9d9-ddb5-4fa4-a97d-d965ccfc6d4b" outcome="Passed" testListId="8c84fa94-04c1-424b-9868-57a2d4851a1d" relativeResultsDirectory="acdf2bcd-fbe6-46e4-a63d-e4a0a849b0db" />
    <UnitTestResult executionId="7a12ef80-1802-4897-937f-db576bb229b9" testId="32637771-8dd0-482a-ab33-82195c7cc13c" testName="V3 composition (V1)" computerName="DDBLD061B" duration="00:00:00.1170000" startTime="2015-04-27T07:08:43.7175298-07:00" endTime="2015-04-27T07:08:43.7175298-07:00" testType="13cdc9d9-ddb5-4fa4-a97d-d965ccfc6d4b" outcome="Passed" testListId="8c84fa94-04c1-424b-9868-57a2d4851a1d" relativeResultsDirectory="7a12ef80-1802-4897-937f-db576bb229b9" />
    <UnitTestResult executionId="307ad57a-409e-4285-a572-169063d746ef" testId="f1bbe5dd-5ad5-47ab-a32d-b9cdcd22375b" testName="V3 composition (V1, V2)" computerName="DDBLD061B" duration="00:00:00.5140000" startTime="2015-04-27T07:08:43.7175298-07:00" endTime="2015-04-27T07:08:43.7175298-07:00" testType="13cdc9d9-ddb5-4fa4-a97d-d965ccfc6d4b" outcome="Passed" testListId="8c84fa94-04c1-424b-9868-57a2d4851a1d" relativeResultsDirectory="307ad57a-409e-4285-a572-169063d746ef">
      <Output>
        <StdOut>Catalog AttributedPartDiscoveryV1 vs. AttributedPartDiscovery
      Part
          Type: Microsoft.VisualStudio.Composition.Tests.CircularDependencyTests+PartWithImportingPropertyOfLazyImportingConstructor
+         Part metadata:
+             SharingBoundary = 
          SharingBoundary: 
-         IsSharingBoundaryInferred: True
-         CreationPolicy: Any
+         IsSharingBoundaryInferred: False
+         CreationPolicy: Shared
          OnImportsSatisfied: &lt;null&gt;
          ExportedTypes:
              ExportDefinition
                  ContractName: Microsoft.VisualStudio.Composition.Tests.CircularDependencyTests+PartWithImportingPropertyOfLazyImportingConstructor
                  Metadata:
                      ExportTypeIdentity = Microsoft.VisualStudio.Composition.Tests.CircularDependencyTests+PartWithImportingPropertyOfLazyImportingConstructor
+                     System.ComponentModel.Composition.CreationPolicy = Shared
          ExportingMembers:
          ImportingMembers:
              ImportDefinition:
                  ContractName: Microsoft.VisualStudio.Composition.Tests.CircularDependencyTests+PartWithLazyImportingConstructorOfPartWithImportingProperty
                  Cardinality: ExactlyOne
                  Metadata:
                  ExportFactorySharingBoundaries: 
                  ExportConstraints: 
                      ExportTypeIdentityConstraint
                          TypeIdentityName: Microsoft.VisualStudio.Composition.Tests.CircularDependencyTests+PartWithLazyImportingConstructorOfPartWithImportingProperty
              ComposablePartType: Microsoft.VisualStudio.Composition.Tests.CircularDependencyTests+PartWithImportingPropertyOfLazyImportingConstructor
              ImportingMember: PartWithLazyImportingConstructorOfPartWithImportingProperty PartWithImportingConstructor
              ParameterInfo: 
              ImportingSiteType: Microsoft.VisualStudio.Composition.Tests.CircularDependencyTests+PartWithLazyImportingConstructorOfPartWithImportingProperty
          ImportingConstructor:
      Part
          Type: Microsoft.VisualStudio.Composition.Tests.CircularDependencyTests+PartWithLazyImportingConstructorOfPartWithImportingProperty
+         Part metadata:
+             SharingBoundary = 
          SharingBoundary: 
-         IsSharingBoundaryInferred: True
-         CreationPolicy: Any
+         IsSharingBoundaryInferred: False
+         CreationPolicy: Shared
          OnImportsSatisfied: &lt;null&gt;
          ExportedTypes:
              ExportDefinition
                  ContractName: Microsoft.VisualStudio.Composition.Tests.CircularDependencyTests+PartWithLazyImportingConstructorOfPartWithImportingProperty
                  Metadata:
                      ExportTypeIdentity = Microsoft.VisualStudio.Composition.Tests.CircularDependencyTests+PartWithLazyImportingConstructorOfPartWithImportingProperty
+                     System.ComponentModel.Composition.CreationPolicy = Shared
          ExportingMembers:
          ImportingMembers:
          ImportingConstructor:
              ImportDefinition:
                  ContractName: Microsoft.VisualStudio.Composition.Tests.CircularDependencyTests+PartWithImportingPropertyOfLazyImportingConstructor
                  Cardinality: ExactlyOne
                  Metadata:
                  ExportFactorySharingBoundaries: 
                  ExportConstraints: 
                      ExportTypeIdentityConstraint
                          TypeIdentityName: Microsoft.VisualStudio.Composition.Tests.CircularDependencyTests+PartWithImportingPropertyOfLazyImportingConstructor
              ComposablePartType: Microsoft.VisualStudio.Composition.Tests.CircularDependencyTests+PartWithLazyImportingConstructorOfPartWithImportingProperty
              ImportingMember: 
              ParameterInfo: System.Lazy`1[Microsoft.VisualStudio.Composition.Tests.CircularDependencyTests+PartWithImportingPropertyOfLazyImportingConstructor] other
              ImportingSiteType: System.Lazy`1[Microsoft.VisualStudio.Composition.Tests.CircularDependencyTests+PartWithImportingPropertyOfLazyImportingConstructor]</StdOut>
      </Output>
    </UnitTestResult>
    <UnitTestResult executionId="f3ea7392-f3a0-45ee-8959-4e3af4d7e7d7" testId="ad42c751-5060-4265-be8e-133833abaefa" testName="V3 composition (V1, V2)" computerName="DDBLD061B" duration="00:00:00.4150000" startTime="2015-04-27T07:08:43.7175298-07:00" endTime="2015-04-27T07:08:43.7175298-07:00" testType="13cdc9d9-ddb5-4fa4-a97d-d965ccfc6d4b" outcome="Passed" testListId="8c84fa94-04c1-424b-9868-57a2d4851a1d" relativeResultsDirectory="f3ea7392-f3a0-45ee-8959-4e3af4d7e7d7" />
    <UnitTestResult executionId="b4f24c40-998b-41ac-83a8-ec7f5186111b" testId="659786c4-a7fb-4393-8fc7-0f8533e9d302" testName="V3 engine (runtime)" computerName="DDBLD061B" duration="00:00:00.0010000" startTime="2015-04-27T07:08:43.7175298-07:00" endTime="2015-04-27T07:08:43.7175298-07:00" testType="13cdc9d9-ddb5-4fa4-a97d-d965ccfc6d4b" outcome="Passed" testListId="8c84fa94-04c1-424b-9868-57a2d4851a1d" relativeResultsDirectory="b4f24c40-998b-41ac-83a8-ec7f5186111b" />
    <UnitTestResult executionId="ce71a263-7406-4462-8481-e0146476f3b2" testId="5c9983d0-57e6-4570-a968-c6ddc56adeb9" testName="V3 composition (V2)" computerName="DDBLD061B" duration="00:00:00.1400000" startTime="2015-04-27T07:08:43.7175298-07:00" endTime="2015-04-27T07:08:43.7175298-07:00" testType="13cdc9d9-ddb5-4fa4-a97d-d965ccfc6d4b" outcome="Passed" testListId="8c84fa94-04c1-424b-9868-57a2d4851a1d" relativeResultsDirectory="ce71a263-7406-4462-8481-e0146476f3b2" />
    <UnitTestResult executionId="41813437-57a4-4db0-af90-07d63f029dbe" testId="afacc13e-8539-438c-aef2-19fc75701700" testName="V1" computerName="DDBLD061B" duration="00:00:00.3810000" startTime="2015-04-27T07:08:43.7175298-07:00" endTime="2015-04-27T07:08:43.7175298-07:00" testType="13cdc9d9-ddb5-4fa4-a97d-d965ccfc6d4b" outcome="Passed" testListId="8c84fa94-04c1-424b-9868-57a2d4851a1d" relativeResultsDirectory="41813437-57a4-4db0-af90-07d63f029dbe" />
    <UnitTestResult executionId="d4a8b185-747d-4831-be2c-e4832525cc4b" testId="f524edbc-5f45-4243-a131-db45c0b39621" testName="V2" computerName="DDBLD061B" duration="00:00:00.0270000" startTime="2015-04-27T07:08:43.7175298-07:00" endTime="2015-04-27T07:08:43.7175298-07:00" testType="13cdc9d9-ddb5-4fa4-a97d-d965ccfc6d4b" outcome="Passed" testListId="8c84fa94-04c1-424b-9868-57a2d4851a1d" relativeResultsDirectory="d4a8b185-747d-4831-be2c-e4832525cc4b" />
    <UnitTestResult executionId="a930f678-066e-499e-bd30-4358e80dfa29" testId="cbe114e2-e6f1-479d-8186-d78a618f9d95" testName="V1" computerName="DDBLD061B" duration="00:00:00.0060000" startTime="2015-04-27T07:08:43.9831171-07:00" endTime="2015-04-27T07:08:43.9831171-07:00" testType="13cdc9d9-ddb5-4fa4-a97d-d965ccfc6d4b" outcome="Passed" testListId="8c84fa94-04c1-424b-9868-57a2d4851a1d" relativeResultsDirectory="a930f678-066e-499e-bd30-4358e80dfa29" />
    <UnitTestResult executionId="8f450b60-254a-4130-baea-a9225f5afa4a" testId="8b98184e-bfb5-407c-a789-d5831a1c25d1" testName="V3 engine (runtime)" computerName="DDBLD061B" duration="00:00:00.0010000" startTime="2015-04-27T07:08:43.9831171-07:00" endTime="2015-04-27T07:08:43.9831171-07:00" testType="13cdc9d9-ddb5-4fa4-a97d-d965ccfc6d4b" outcome="Passed" testListId="8c84fa94-04c1-424b-9868-57a2d4851a1d" relativeResultsDirectory="8f450b60-254a-4130-baea-a9225f5afa4a" />
    <UnitTestResult executionId="c7b0999d-cbfb-43f0-bbe5-e8b30e18a960" testId="0d380e74-65c0-4895-9c44-e637ef4e075f" testName="V2" computerName="DDBLD061B" duration="00:00:00.0010000" startTime="2015-04-27T07:08:43.9831171-07:00" endTime="2015-04-27T07:08:43.9831171-07:00" testType="13cdc9d9-ddb5-4fa4-a97d-d965ccfc6d4b" outcome="Passed" testListId="8c84fa94-04c1-424b-9868-57a2d4851a1d" relativeResultsDirectory="c7b0999d-cbfb-43f0-bbe5-e8b30e18a960" />
    <UnitTestResult executionId="1d17e709-fda9-416f-8438-c31a7e72329b" testId="af106872-bdba-4dd9-b1d2-4af951e91709" testName="V3 engine (runtime)" computerName="DDBLD061B" duration="00:00:00.0010000" startTime="2015-04-27T07:08:43.9831171-07:00" endTime="2015-04-27T07:08:43.9831171-07:00" testType="13cdc9d9-ddb5-4fa4-a97d-d965ccfc6d4b" outcome="Passed" testListId="8c84fa94-04c1-424b-9868-57a2d4851a1d" relativeResultsDirectory="1d17e709-fda9-416f-8438-c31a7e72329b" />
    <UnitTestResult executionId="8e72557a-794e-43ac-8e0e-e729a48f3f10" testId="0b7bd325-7776-4da5-9a30-7a47ca523944" testName="V3 engine (runtime)" computerName="DDBLD061B" duration="00:00:00.0010000" startTime="2015-04-27T07:08:43.9831171-07:00" endTime="2015-04-27T07:08:43.9831171-07:00" testType="13cdc9d9-ddb5-4fa4-a97d-d965ccfc6d4b" outcome="Passed" testListId="8c84fa94-04c1-424b-9868-57a2d4851a1d" relativeResultsDirectory="8e72557a-794e-43ac-8e0e-e729a48f3f10" />
    <UnitTestResult executionId="613870b7-65ee-422a-9b36-4656d05e8be4" testId="47479cc1-bd1e-4dc9-89fe-a557f8f5ff53" testName="V1" computerName="DDBLD061B" duration="00:00:00.0010000" startTime="2015-04-27T07:08:43.9831171-07:00" endTime="2015-04-27T07:08:43.9831171-07:00" testType="13cdc9d9-ddb5-4fa4-a97d-d965ccfc6d4b" outcome="Passed" testListId="8c84fa94-04c1-424b-9868-57a2d4851a1d" relativeResultsDirectory="613870b7-65ee-422a-9b36-4656d05e8be4" />
    <UnitTestResult executionId="45b04eba-7b1f-43ca-9392-3906eda8dae9" testId="3b552291-0265-45dd-80e2-91f05a4f17ec" testName="V3 engine (runtime)" computerName="DDBLD061B" duration="00:00:00.0030000" startTime="2015-04-27T07:08:43.9831171-07:00" endTime="2015-04-27T07:08:43.9831171-07:00" testType="13cdc9d9-ddb5-4fa4-a97d-d965ccfc6d4b" outcome="Passed" testListId="8c84fa94-04c1-424b-9868-57a2d4851a1d" relativeResultsDirectory="45b04eba-7b1f-43ca-9392-3906eda8dae9" />
    <UnitTestResult executionId="41a68a53-985b-481a-808b-9c85223ffc2d" testId="af9de094-eaf6-4158-a7fc-f505f713cb24" testName="AssemblyLoadContext" computerName="DDBLD061B" duration="00:00:00.4150000" startTime="2015-04-27T07:08:43.9831171-07:00" endTime="2015-04-27T07:08:43.9831171-07:00" testType="13cdc9d9-ddb5-4fa4-a97d-d965ccfc6d4b" outcome="Passed" testListId="8c84fa94-04c1-424b-9868-57a2d4851a1d" relativeResultsDirectory="41a68a53-985b-481a-808b-9c85223ffc2d" />
    <UnitTestResult executionId="527a2c5f-cf2d-48a0-81b0-67722f4f34a9" testId="c22a429b-ca87-4eb2-baea-77df292a4969" testName="V3 engine (runtime)" computerName="DDBLD061B" duration="00:00:00.0010000" startTime="2015-04-27T07:08:44.3738077-07:00" endTime="2015-04-27T07:08:44.3738077-07:00" testType="13cdc9d9-ddb5-4fa4-a97d-d965ccfc6d4b" outcome="Passed" testListId="8c84fa94-04c1-424b-9868-57a2d4851a1d" relativeResultsDirectory="527a2c5f-cf2d-48a0-81b0-67722f4f34a9" />
    <UnitTestResult executionId="a5f54bfe-0f97-4b5f-a25f-e30d63e29a3e" testId="3f55cc2b-3577-4993-9667-c85ea5a6828c" testName="V3 composition (V1)" computerName="DDBLD061B" duration="00:00:00.0930000" startTime="2015-04-27T07:08:44.3738077-07:00" endTime="2015-04-27T07:08:44.3738077-07:00" testType="13cdc9d9-ddb5-4fa4-a97d-d965ccfc6d4b" outcome="Passed" testListId="8c84fa94-04c1-424b-9868-57a2d4851a1d" relativeResultsDirectory="a5f54bfe-0f97-4b5f-a25f-e30d63e29a3e" />
    <UnitTestResult executionId="b23d3b68-07c8-49ad-9559-5fbdcb932ef8" testId="e149dc2f-c1a4-43c0-86c6-5d476f18fd04" testName="Combined_CreatePartsAsync_AssemblyPathEnumerable" computerName="DDBLD061B" duration="00:00:00.4970000" startTime="2015-04-27T07:08:44.3738077-07:00" endTime="2015-04-27T07:08:44.3738077-07:00" testType="13cdc9d9-ddb5-4fa4-a97d-d965ccfc6d4b" outcome="Passed" testListId="8c84fa94-04c1-424b-9868-57a2d4851a1d" relativeResultsDirectory="b23d3b68-07c8-49ad-9559-5fbdcb932ef8" />
    <UnitTestResult executionId="e93a3f63-f657-4a49-a981-5740a9833457" testId="461504da-701f-407c-b46d-d6baf4d14088" testName="V1" computerName="DDBLD061B" duration="00:00:00.0020000" startTime="2015-04-27T07:08:44.3738077-07:00" endTime="2015-04-27T07:08:44.3738077-07:00" testType="13cdc9d9-ddb5-4fa4-a97d-d965ccfc6d4b" outcome="Passed" testListId="8c84fa94-04c1-424b-9868-57a2d4851a1d" relativeResultsDirectory="e93a3f63-f657-4a49-a981-5740a9833457" />
    <UnitTestResult executionId="9acb54b9-c745-48a4-94aa-069886cf13d3" testId="adca6fcb-5dcf-4b37-b470-9283827b6dc6" testName="V3 engine (runtime)" computerName="DDBLD061B" duration="00:00:00.0010000" startTime="2015-04-27T07:08:44.3738077-07:00" endTime="2015-04-27T07:08:44.3738077-07:00" testType="13cdc9d9-ddb5-4fa4-a97d-d965ccfc6d4b" outcome="Passed" testListId="8c84fa94-04c1-424b-9868-57a2d4851a1d" relativeResultsDirectory="9acb54b9-c745-48a4-94aa-069886cf13d3" />
    <UnitTestResult executionId="cfa265d4-79d6-4d3d-8c00-591b8c3d3377" testId="4f9d891b-3ea7-4c14-a8fe-ea2bf2db2511" testName="V2" computerName="DDBLD061B" duration="00:00:00.0150000" startTime="2015-04-27T07:08:44.3738077-07:00" endTime="2015-04-27T07:08:44.3738077-07:00" testType="13cdc9d9-ddb5-4fa4-a97d-d965ccfc6d4b" outcome="Passed" testListId="8c84fa94-04c1-424b-9868-57a2d4851a1d" relativeResultsDirectory="cfa265d4-79d6-4d3d-8c00-591b8c3d3377" />
    <UnitTestResult executionId="1d6752d7-168e-40aa-b5fe-d37399a2d6c8" testId="a975564b-5d37-4fcf-a985-d90f70f90d02" testName="V3 composition (V1)" computerName="DDBLD061B" duration="00:00:00.0720000" startTime="2015-04-27T07:08:44.3738077-07:00" endTime="2015-04-27T07:08:44.3738077-07:00" testType="13cdc9d9-ddb5-4fa4-a97d-d965ccfc6d4b" outcome="Passed" testListId="8c84fa94-04c1-424b-9868-57a2d4851a1d" relativeResultsDirectory="1d6752d7-168e-40aa-b5fe-d37399a2d6c8" />
    <UnitTestResult executionId="7fa08c54-1de4-49a6-a1d0-535643f59dbf" testId="5fbaf806-cd83-46e5-844f-84f635c9c609" testName="V3 engine (runtime)" computerName="DDBLD061B" duration="00:00:00.0010000" startTime="2015-04-27T07:08:44.6238125-07:00" endTime="2015-04-27T07:08:44.6238125-07:00" testType="13cdc9d9-ddb5-4fa4-a97d-d965ccfc6d4b" outcome="Passed" testListId="8c84fa94-04c1-424b-9868-57a2d4851a1d" relativeResultsDirectory="7fa08c54-1de4-49a6-a1d0-535643f59dbf" />
    <UnitTestResult executionId="1a406532-6c31-4fa4-8439-1b028835c854" testId="3fab12ec-0cbf-4074-9220-74ae81529a4e" testName="V3 engine (runtime)" computerName="DDBLD061B" duration="00:00:00.0180000" startTime="2015-04-27T07:08:44.6238125-07:00" endTime="2015-04-27T07:08:44.6238125-07:00" testType="13cdc9d9-ddb5-4fa4-a97d-d965ccfc6d4b" outcome="Passed" testListId="8c84fa94-04c1-424b-9868-57a2d4851a1d" relativeResultsDirectory="1a406532-6c31-4fa4-8439-1b028835c854" />
    <UnitTestResult executionId="04632f1d-56ea-472b-8109-a9eb2e9fb580" testId="95d81801-8310-47f5-bdc2-f57c027ab39e" testName="V1" computerName="DDBLD061B" duration="00:00:00.0020000" startTime="2015-04-27T07:08:44.6238125-07:00" endTime="2015-04-27T07:08:44.6238125-07:00" testType="13cdc9d9-ddb5-4fa4-a97d-d965ccfc6d4b" outcome="Passed" testListId="8c84fa94-04c1-424b-9868-57a2d4851a1d" relativeResultsDirectory="04632f1d-56ea-472b-8109-a9eb2e9fb580" />
    <UnitTestResult executionId="d8d4f7e7-9815-49ab-85a1-c0fec56639ad" testId="1904c494-5861-4d27-96df-a9bbc9dbcb51" testName="V3 engine (runtime)" computerName="DDBLD061B" duration="00:00:00.0010000" startTime="2015-04-27T07:08:44.6238125-07:00" endTime="2015-04-27T07:08:44.6238125-07:00" testType="13cdc9d9-ddb5-4fa4-a97d-d965ccfc6d4b" outcome="Passed" testListId="8c84fa94-04c1-424b-9868-57a2d4851a1d" relativeResultsDirectory="d8d4f7e7-9815-49ab-85a1-c0fec56639ad" />
    <UnitTestResult executionId="913d3056-e9b5-4fb1-8436-ec02f6d81ebe" testId="d4c2ad05-5455-4a5b-bd03-fa254649fbc0" testName="V3 composition (V1)" computerName="DDBLD061B" duration="00:00:00.0630000" startTime="2015-04-27T07:08:44.6238125-07:00" endTime="2015-04-27T07:08:44.6238125-07:00" testType="13cdc9d9-ddb5-4fa4-a97d-d965ccfc6d4b" outcome="Passed" testListId="8c84fa94-04c1-424b-9868-57a2d4851a1d" relativeResultsDirectory="913d3056-e9b5-4fb1-8436-ec02f6d81ebe" />
    <UnitTestResult executionId="c33c2018-0f2b-40be-8f90-a323fefc2491" testId="11de9bb9-2c69-48de-a0df-e40eb4370b3e" testName="V1" computerName="DDBLD061B" duration="00:00:00.0010000" startTime="2015-04-27T07:08:44.6238125-07:00" endTime="2015-04-27T07:08:44.6238125-07:00" testType="13cdc9d9-ddb5-4fa4-a97d-d965ccfc6d4b" outcome="Passed" testListId="8c84fa94-04c1-424b-9868-57a2d4851a1d" relativeResultsDirectory="c33c2018-0f2b-40be-8f90-a323fefc2491" />
    <UnitTestResult executionId="e7405cbc-34c9-4a04-bc2e-f569f9252415" testId="eebce1fa-0695-48cf-9eaf-a4338d1215f8" testName="V3 engine (runtime)" computerName="DDBLD061B" duration="00:00:00.0010000" startTime="2015-04-27T07:08:44.6238125-07:00" endTime="2015-04-27T07:08:44.6238125-07:00" testType="13cdc9d9-ddb5-4fa4-a97d-d965ccfc6d4b" outcome="Passed" testListId="8c84fa94-04c1-424b-9868-57a2d4851a1d" relativeResultsDirectory="e7405cbc-34c9-4a04-bc2e-f569f9252415" />
    <UnitTestResult executionId="2e2dd50e-f1fd-42ac-b1ed-7c8a32af9fbf" testId="fc888e97-3ba0-49e6-ac54-cfb2b72ef9c6" testName="V3 engine (runtime)" computerName="DDBLD061B" duration="00:00:00.0010000" startTime="2015-04-27T07:08:44.6238125-07:00" endTime="2015-04-27T07:08:44.6238125-07:00" testType="13cdc9d9-ddb5-4fa4-a97d-d965ccfc6d4b" outcome="Passed" testListId="8c84fa94-04c1-424b-9868-57a2d4851a1d" relativeResultsDirectory="2e2dd50e-f1fd-42ac-b1ed-7c8a32af9fbf" />
    <UnitTestResult executionId="b6d76600-acce-4a3f-975b-c70b10aaa81b" testId="071b0c01-01bd-4e77-9b29-233351d04b8b" testName="V3 composition (V1)" computerName="DDBLD061B" duration="00:00:00.0630000" startTime="2015-04-27T07:08:44.6238125-07:00" endTime="2015-04-27T07:08:44.6238125-07:00" testType="13cdc9d9-ddb5-4fa4-a97d-d965ccfc6d4b" outcome="Passed" testListId="8c84fa94-04c1-424b-9868-57a2d4851a1d" relativeResultsDirectory="b6d76600-acce-4a3f-975b-c70b10aaa81b" />
    <UnitTestResult executionId="7098c31d-cf9a-416d-a6cd-fff22baca501" testId="0f21975e-bac7-4e9c-9322-6b88a44ab135" testName="V3 engine (runtime)" computerName="DDBLD061B" duration="00:00:00.0010000" startTime="2015-04-27T07:08:45.2019507-07:00" endTime="2015-04-27T07:08:45.2019507-07:00" testType="13cdc9d9-ddb5-4fa4-a97d-d965ccfc6d4b" outcome="Passed" testListId="8c84fa94-04c1-424b-9868-57a2d4851a1d" relativeResultsDirectory="7098c31d-cf9a-416d-a6cd-fff22baca501" />
    <UnitTestResult executionId="c7837caa-8652-4f0f-9076-f7ed6a6e4a29" testId="1381c86e-c9a9-4ef8-8f52-d7baa8027b38" testName="V3 composition (V1, V2)" computerName="DDBLD061B" duration="00:00:00.1610000" startTime="2015-04-27T07:08:45.2019507-07:00" endTime="2015-04-27T07:08:45.2019507-07:00" testType="13cdc9d9-ddb5-4fa4-a97d-d965ccfc6d4b" outcome="Passed" testListId="8c84fa94-04c1-424b-9868-57a2d4851a1d" relativeResultsDirectory="c7837caa-8652-4f0f-9076-f7ed6a6e4a29">
      <Output>
        <StdOut>Catalog AttributedPartDiscoveryV1 vs. AttributedPartDiscovery
      Part
          Type: Microsoft.VisualStudio.Composition.Tests.ObsoleteAttributeTests+PartWithObsoleteConstructor
-         SharingBoundary: 
-         IsSharingBoundaryInferred: True
-         CreationPolicy: Any
+         SharingBoundary: &lt;null&gt;
+         IsSharingBoundaryInferred: False
+         CreationPolicy: NonShared
          OnImportsSatisfied: &lt;null&gt;
          ExportedTypes:
              ExportDefinition
                  ContractName: Microsoft.VisualStudio.Composition.Tests.ObsoleteAttributeTests+PartWithObsoleteConstructor
                  Metadata:
                      ExportTypeIdentity = Microsoft.VisualStudio.Composition.Tests.ObsoleteAttributeTests+PartWithObsoleteConstructor
+                     System.ComponentModel.Composition.CreationPolicy = NonShared
          ExportingMembers:
          ImportingMembers:
          ImportingConstructor:</StdOut>
      </Output>
    </UnitTestResult>
    <UnitTestResult executionId="37e1af7e-8192-41d9-96e4-5e504cecbd61" testId="8b7737e5-bf5b-4f61-ad56-f1bedd57a804" testName="V3 composition (V1)" computerName="DDBLD061B" duration="00:00:00.0740000" startTime="2015-04-27T07:08:45.2019507-07:00" endTime="2015-04-27T07:08:45.2019507-07:00" testType="13cdc9d9-ddb5-4fa4-a97d-d965ccfc6d4b" outcome="Passed" testListId="8c84fa94-04c1-424b-9868-57a2d4851a1d" relativeResultsDirectory="37e1af7e-8192-41d9-96e4-5e504cecbd61" />
    <UnitTestResult executionId="d3aa7ea9-09b1-4b91-965a-936621177d98" testId="d521cc50-709e-43bc-b93d-c7a2a140248d" testName="V3 engine (runtime)" computerName="DDBLD061B" duration="00:00:00.0010000" startTime="2015-04-27T07:08:45.2019507-07:00" endTime="2015-04-27T07:08:45.2019507-07:00" testType="13cdc9d9-ddb5-4fa4-a97d-d965ccfc6d4b" outcome="Passed" testListId="8c84fa94-04c1-424b-9868-57a2d4851a1d" relativeResultsDirectory="d3aa7ea9-09b1-4b91-965a-936621177d98" />
    <UnitTestResult executionId="5552c91a-d1d0-468f-8ad5-727aac00e8a6" testId="64b7ee2f-f9b5-4afa-aaa3-6a6191e51d8b" testName="V3 composition (V1, V2)" computerName="DDBLD061B" duration="00:00:00.1610000" startTime="2015-04-27T07:08:45.2019507-07:00" endTime="2015-04-27T07:08:45.2019507-07:00" testType="13cdc9d9-ddb5-4fa4-a97d-d965ccfc6d4b" outcome="Passed" testListId="8c84fa94-04c1-424b-9868-57a2d4851a1d" relativeResultsDirectory="5552c91a-d1d0-468f-8ad5-727aac00e8a6">
      <Output>
        <StdOut>Catalog AttributedPartDiscoveryV1 vs. AttributedPartDiscovery
      Part
          Type: Microsoft.VisualStudio.Composition.EmbeddedTypeReceiver.PartThatImportsLazyOfEmbeddedType
-         SharingBoundary: 
-         IsSharingBoundaryInferred: True
-         CreationPolicy: Any
+         SharingBoundary: &lt;null&gt;
+         IsSharingBoundaryInferred: False
+         CreationPolicy: NonShared
          OnImportsSatisfied: &lt;null&gt;
          ExportedTypes:
              ExportDefinition
                  ContractName: Microsoft.VisualStudio.Composition.EmbeddedTypeReceiver.PartThatImportsLazyOfEmbeddedType
                  Metadata:
                      ExportTypeIdentity = Microsoft.VisualStudio.Composition.EmbeddedTypeReceiver.PartThatImportsLazyOfEmbeddedType
+                     System.ComponentModel.Composition.CreationPolicy = NonShared
          ExportingMembers:
          ImportingMembers:
              ImportDefinition:
                  ContractName: Microsoft.VisualStudio.Shell.Interop.IVsRetargetProjectAsync
                  Cardinality: ExactlyOne
                  Metadata:
                  ExportFactorySharingBoundaries: 
                  ExportConstraints: 
                      ExportTypeIdentityConstraint
                          TypeIdentityName: Microsoft.VisualStudio.Shell.Interop.IVsRetargetProjectAsync
              ComposablePartType: Microsoft.VisualStudio.Composition.EmbeddedTypeReceiver.PartThatImportsLazyOfEmbeddedType
              ImportingMember: System.Lazy`1[Microsoft.VisualStudio.Shell.Interop.IVsRetargetProjectAsync] RetargetProject
              ParameterInfo: 
              ImportingSiteType: System.Lazy`1[Microsoft.VisualStudio.Shell.Interop.IVsRetargetProjectAsync]
          ImportingConstructor:
      Part
          Type: Microsoft.VisualStudio.Composition.Tests.EmbeddableTypesTests+PartThatExportsEmbeddedType
+         Part metadata:
+             SharingBoundary = 
          SharingBoundary: 
-         IsSharingBoundaryInferred: True
-         CreationPolicy: Any
+         IsSharingBoundaryInferred: False
+         CreationPolicy: Shared
          OnImportsSatisfied: &lt;null&gt;
          ExportedTypes:
              ExportDefinition
                  ContractName: Microsoft.VisualStudio.Shell.Interop.IVsRetargetProjectAsync
                  Metadata:
                      ExportTypeIdentity = Microsoft.VisualStudio.Shell.Interop.IVsRetargetProjectAsync
+                     System.ComponentModel.Composition.CreationPolicy = Shared
          ExportingMembers:
          ImportingMembers:
          ImportingConstructor:</StdOut>
      </Output>
    </UnitTestResult>
    <UnitTestResult executionId="9a6ff6bc-733f-4687-a6be-6e8bc5f0622d" testId="08b4812a-7683-4e95-86c4-e1082c070828" testName="V3 composition (V1, V2)" computerName="DDBLD061B" duration="00:00:00.1190000" startTime="2015-04-27T07:08:45.2019507-07:00" endTime="2015-04-27T07:08:45.2019507-07:00" testType="13cdc9d9-ddb5-4fa4-a97d-d965ccfc6d4b" outcome="Passed" testListId="8c84fa94-04c1-424b-9868-57a2d4851a1d" relativeResultsDirectory="9a6ff6bc-733f-4687-a6be-6e8bc5f0622d" />
    <UnitTestResult executionId="449c4b4b-5ccb-4786-ab70-3411e2b0ebdc" testId="fc7f1688-d50d-4ebb-88ba-671bf88f1d4e" testName="V3 engine (runtime)" computerName="DDBLD061B" duration="00:00:00.0010000" startTime="2015-04-27T07:08:45.2019507-07:00" endTime="2015-04-27T07:08:45.2019507-07:00" testType="13cdc9d9-ddb5-4fa4-a97d-d965ccfc6d4b" outcome="Passed" testListId="8c84fa94-04c1-424b-9868-57a2d4851a1d" relativeResultsDirectory="449c4b4b-5ccb-4786-ab70-3411e2b0ebdc" />
    <UnitTestResult executionId="a3ad1947-f5e3-4b57-8ab4-ae5919b7d261" testId="91ad5afd-99b8-44c1-a087-eb89ba3ae2dd" testName="V2" computerName="DDBLD061B" duration="00:00:00.0180000" startTime="2015-04-27T07:08:45.2019507-07:00" endTime="2015-04-27T07:08:45.2019507-07:00" testType="13cdc9d9-ddb5-4fa4-a97d-d965ccfc6d4b" outcome="Passed" testListId="8c84fa94-04c1-424b-9868-57a2d4851a1d" relativeResultsDirectory="a3ad1947-f5e3-4b57-8ab4-ae5919b7d261" />
    <UnitTestResult executionId="bab3d5e0-b218-4f2e-9912-c9b93d71ea6a" testId="93b4be93-8b14-4a5f-af06-028e72ab3afb" testName="V3 engine (runtime)" computerName="DDBLD061B" duration="00:00:00.0010000" startTime="2015-04-27T07:08:45.7800769-07:00" endTime="2015-04-27T07:08:45.7800769-07:00" testType="13cdc9d9-ddb5-4fa4-a97d-d965ccfc6d4b" outcome="Passed" testListId="8c84fa94-04c1-424b-9868-57a2d4851a1d" relativeResultsDirectory="bab3d5e0-b218-4f2e-9912-c9b93d71ea6a" />
    <UnitTestResult executionId="71938a7e-74cf-47be-9604-522336d7a78c" testId="c040e726-22e1-407f-b18a-428797048b07" testName="V1" computerName="DDBLD061B" duration="00:00:00.0010000" startTime="2015-04-27T07:08:45.7800769-07:00" endTime="2015-04-27T07:08:45.7800769-07:00" testType="13cdc9d9-ddb5-4fa4-a97d-d965ccfc6d4b" outcome="Passed" testListId="8c84fa94-04c1-424b-9868-57a2d4851a1d" relativeResultsDirectory="71938a7e-74cf-47be-9604-522336d7a78c" />
    <UnitTestResult executionId="40301a9b-42b1-40ef-b15a-89302e354a9d" testId="d81bfb96-3dfe-4d52-8629-54b34dd7050c" testName="V3 composition (V1, V2)" computerName="DDBLD061B" duration="00:00:00.1470000" startTime="2015-04-27T07:08:45.7800769-07:00" endTime="2015-04-27T07:08:45.7800769-07:00" testType="13cdc9d9-ddb5-4fa4-a97d-d965ccfc6d4b" outcome="Passed" testListId="8c84fa94-04c1-424b-9868-57a2d4851a1d" relativeResultsDirectory="40301a9b-42b1-40ef-b15a-89302e354a9d">
      <Output>
        <StdOut>Catalog AttributedPartDiscoveryV1 vs. AttributedPartDiscovery
      Part
          Type: Microsoft.VisualStudio.Composition.Tests.NamedTypedExportTests+Pear
-         SharingBoundary: 
-         IsSharingBoundaryInferred: True
-         CreationPolicy: Any
+         SharingBoundary: &lt;null&gt;
+         IsSharingBoundaryInferred: False
+         CreationPolicy: NonShared
          OnImportsSatisfied: &lt;null&gt;
          ExportedTypes:
              ExportDefinition
                  ContractName: Pear
                  Metadata:
                      ExportTypeIdentity = Microsoft.VisualStudio.Composition.Tests.NamedTypedExportTests+Fruit
+                     System.ComponentModel.Composition.CreationPolicy = NonShared
          ExportingMembers:
          ImportingMembers:
          ImportingConstructor:
      Part
          Type: Microsoft.VisualStudio.Composition.Tests.NamedTypedExportTests+Apple
+         Part metadata:
+             SharingBoundary = 
          SharingBoundary: 
-         IsSharingBoundaryInferred: True
-         CreationPolicy: Any
+         IsSharingBoundaryInferred: False
+         CreationPolicy: Shared
          OnImportsSatisfied: &lt;null&gt;
          ExportedTypes:
              ExportDefinition
                  ContractName: Microsoft.VisualStudio.Composition.Tests.NamedTypedExportTests+Fruit
                  Metadata:
                      ExportTypeIdentity = Microsoft.VisualStudio.Composition.Tests.NamedTypedExportTests+Fruit
+                     System.ComponentModel.Composition.CreationPolicy = Shared
          ExportingMembers:
          ImportingMembers:
          ImportingConstructor:
      Part
          Type: Microsoft.VisualStudio.Composition.Tests.NamedTypedExportTests+FruitTree
-         SharingBoundary: 
-         IsSharingBoundaryInferred: True
-         CreationPolicy: Any
+         SharingBoundary: &lt;null&gt;
+         IsSharingBoundaryInferred: False
+         CreationPolicy: NonShared
          OnImportsSatisfied: &lt;null&gt;
          ExportedTypes:
              ExportDefinition
                  ContractName: Microsoft.VisualStudio.Composition.Tests.NamedTypedExportTests+FruitTree
                  Metadata:
                      ExportTypeIdentity = Microsoft.VisualStudio.Composition.Tests.NamedTypedExportTests+FruitTree
+                     System.ComponentModel.Composition.CreationPolicy = NonShared
          ExportingMembers:
          ImportingMembers:
              ImportDefinition:
                  ContractName: Pear
                  Cardinality: ExactlyOne
                  Metadata:
                  ExportFactorySharingBoundaries: 
                  ExportConstraints: 
                      ExportTypeIdentityConstraint
                          TypeIdentityName: Microsoft.VisualStudio.Composition.Tests.NamedTypedExportTests+Fruit
              ComposablePartType: Microsoft.VisualStudio.Composition.Tests.NamedTypedExportTests+FruitTree
              ImportingMember: Fruit Pear
              ParameterInfo: 
              ImportingSiteType: Microsoft.VisualStudio.Composition.Tests.NamedTypedExportTests+Fruit
          ImportingConstructor:</StdOut>
      </Output>
    </UnitTestResult>
    <UnitTestResult executionId="736bc375-b8fd-4d94-b84d-0a6c5c29e845" testId="83306167-2c5f-4200-90b8-c3ff6d104d4a" testName="V1" computerName="DDBLD061B" duration="00:00:00.0030000" startTime="2015-04-27T07:08:45.7956429-07:00" endTime="2015-04-27T07:08:45.7956429-07:00" testType="13cdc9d9-ddb5-4fa4-a97d-d965ccfc6d4b" outcome="Passed" testListId="8c84fa94-04c1-424b-9868-57a2d4851a1d" relativeResultsDirectory="736bc375-b8fd-4d94-b84d-0a6c5c29e845" />
    <UnitTestResult executionId="7183e731-46ae-4ab0-b2cc-832086b911da" testId="8956b4d7-53ff-4523-8461-576802230c66" testName="V3 engine (runtime)" computerName="DDBLD061B" duration="00:00:00.0380000" startTime="2015-04-27T07:08:45.7956429-07:00" endTime="2015-04-27T07:08:45.7956429-07:00" testType="13cdc9d9-ddb5-4fa4-a97d-d965ccfc6d4b" outcome="Passed" testListId="8c84fa94-04c1-424b-9868-57a2d4851a1d" relativeResultsDirectory="7183e731-46ae-4ab0-b2cc-832086b911da" />
    <UnitTestResult executionId="358744fd-c702-4b85-ac81-6b119f213323" testId="a4c8d3c1-5e14-4756-8942-15f658ab803c" testName="V3 composition (V2)" computerName="DDBLD061B" duration="00:00:00.0900000" startTime="2015-04-27T07:08:45.7956429-07:00" endTime="2015-04-27T07:08:45.7956429-07:00" testType="13cdc9d9-ddb5-4fa4-a97d-d965ccfc6d4b" outcome="Passed" testListId="8c84fa94-04c1-424b-9868-57a2d4851a1d" relativeResultsDirectory="358744fd-c702-4b85-ac81-6b119f213323" />
    <UnitTestResult executionId="ac251d30-5988-4ebe-93a6-6807b04cd639" testId="c02c775b-5135-4f28-a706-8d816a0c1837" testName="V2" computerName="DDBLD061B" duration="00:00:00.0030000" startTime="2015-04-27T07:08:45.7956429-07:00" endTime="2015-04-27T07:08:45.7956429-07:00" testType="13cdc9d9-ddb5-4fa4-a97d-d965ccfc6d4b" outcome="Passed" testListId="8c84fa94-04c1-424b-9868-57a2d4851a1d" relativeResultsDirectory="ac251d30-5988-4ebe-93a6-6807b04cd639" />
    <UnitTestResult executionId="bb59e7b2-ace1-46af-bb8a-e255221f43ef" testId="c7b381bf-738d-4589-a5bb-dac39d39f9e9" testName="V1" computerName="DDBLD061B" duration="00:00:00.0010000" startTime="2015-04-27T07:08:45.7956429-07:00" endTime="2015-04-27T07:08:45.7956429-07:00" testType="13cdc9d9-ddb5-4fa4-a97d-d965ccfc6d4b" outcome="Passed" testListId="8c84fa94-04c1-424b-9868-57a2d4851a1d" relativeResultsDirectory="bb59e7b2-ace1-46af-bb8a-e255221f43ef" />
    <UnitTestResult executionId="11241460-6d1f-496e-a0e9-52f836d6836a" testId="886711c5-bb81-456a-914c-31566a453e49" testName="V3 composition (V1)" computerName="DDBLD061B" duration="00:00:00.0630000" startTime="2015-04-27T07:08:45.7956429-07:00" endTime="2015-04-27T07:08:45.7956429-07:00" testType="13cdc9d9-ddb5-4fa4-a97d-d965ccfc6d4b" outcome="Passed" testListId="8c84fa94-04c1-424b-9868-57a2d4851a1d" relativeResultsDirectory="11241460-6d1f-496e-a0e9-52f836d6836a" />
    <UnitTestResult executionId="7de63b5f-6581-4be2-9885-8c24eff76f22" testId="6ebb2f63-3823-4c72-bcb4-cc26e5a58094" testName="V2" computerName="DDBLD061B" duration="00:00:00.0010000" startTime="2015-04-27T07:08:46.0144621-07:00" endTime="2015-04-27T07:08:46.0144621-07:00" testType="13cdc9d9-ddb5-4fa4-a97d-d965ccfc6d4b" outcome="Passed" testListId="8c84fa94-04c1-424b-9868-57a2d4851a1d" relativeResultsDirectory="7de63b5f-6581-4be2-9885-8c24eff76f22" />
    <UnitTestResult executionId="aaa4e823-78f5-459a-95de-2b7ee74376b0" testId="6bf2da24-e649-4d80-b2ac-3baf4c001287" testName="V3 composition (V2)" computerName="DDBLD061B" duration="00:00:00.0640000" startTime="2015-04-27T07:08:46.0144621-07:00" endTime="2015-04-27T07:08:46.0144621-07:00" testType="13cdc9d9-ddb5-4fa4-a97d-d965ccfc6d4b" outcome="Passed" testListId="8c84fa94-04c1-424b-9868-57a2d4851a1d" relativeResultsDirectory="aaa4e823-78f5-459a-95de-2b7ee74376b0" />
    <UnitTestResult executionId="c6e6598f-f688-497b-a65e-d61b3e683ba0" testId="0299aac9-28d8-4d7b-9f87-957ff4d0d33c" testName="V3 engine (runtime)" computerName="DDBLD061B" duration="00:00:00.0040000" startTime="2015-04-27T07:08:46.0144621-07:00" endTime="2015-04-27T07:08:46.0144621-07:00" testType="13cdc9d9-ddb5-4fa4-a97d-d965ccfc6d4b" outcome="Passed" testListId="8c84fa94-04c1-424b-9868-57a2d4851a1d" relativeResultsDirectory="c6e6598f-f688-497b-a65e-d61b3e683ba0" />
    <UnitTestResult executionId="23677aa3-d2e3-4a48-bbdb-e69f6ce01c80" testId="1f4e8130-7d47-4353-85e5-c6a1403e132c" testName="V3 composition (V2)" computerName="DDBLD061B" duration="00:00:00.0670000" startTime="2015-04-27T07:08:46.0144621-07:00" endTime="2015-04-27T07:08:46.0144621-07:00" testType="13cdc9d9-ddb5-4fa4-a97d-d965ccfc6d4b" outcome="Passed" testListId="8c84fa94-04c1-424b-9868-57a2d4851a1d" relativeResultsDirectory="23677aa3-d2e3-4a48-bbdb-e69f6ce01c80" />
    <UnitTestResult executionId="02331763-2b52-4526-aa90-b69b2d709878" testId="26af7246-fc55-41a1-b3cb-9b49f349e7ec" testName="V1" computerName="DDBLD061B" duration="00:00:00.0020000" startTime="2015-04-27T07:08:46.0144621-07:00" endTime="2015-04-27T07:08:46.0144621-07:00" testType="13cdc9d9-ddb5-4fa4-a97d-d965ccfc6d4b" outcome="Passed" testListId="8c84fa94-04c1-424b-9868-57a2d4851a1d" relativeResultsDirectory="02331763-2b52-4526-aa90-b69b2d709878" />
    <UnitTestResult executionId="283b6861-2a5b-407d-8260-293d318fe7fc" testId="d9258569-7e48-454d-8562-f833fff01f68" testName="V3 composition (V1)" computerName="DDBLD061B" duration="00:00:00.0640000" startTime="2015-04-27T07:08:46.0144621-07:00" endTime="2015-04-27T07:08:46.0144621-07:00" testType="13cdc9d9-ddb5-4fa4-a97d-d965ccfc6d4b" outcome="Passed" testListId="8c84fa94-04c1-424b-9868-57a2d4851a1d" relativeResultsDirectory="283b6861-2a5b-407d-8260-293d318fe7fc" />
    <UnitTestResult executionId="8cf2bb9b-bcc2-4478-af25-c0affa9b8bb8" testId="ea980438-2248-4dbf-b219-b7ada8281600" testName="V3 composition (V2)" computerName="DDBLD061B" duration="00:00:00.0650000" startTime="2015-04-27T07:08:46.0144621-07:00" endTime="2015-04-27T07:08:46.0144621-07:00" testType="13cdc9d9-ddb5-4fa4-a97d-d965ccfc6d4b" outcome="Passed" testListId="8c84fa94-04c1-424b-9868-57a2d4851a1d" relativeResultsDirectory="8cf2bb9b-bcc2-4478-af25-c0affa9b8bb8" />
    <UnitTestResult executionId="08e5bc94-fab4-445e-915e-5e8ebd222de4" testId="ccaa3e6e-4d7e-4337-a86c-61452e9bcd48" testName="V3 engine (runtime)" computerName="DDBLD061B" duration="00:00:00.0010000" startTime="2015-04-27T07:08:46.0144621-07:00" endTime="2015-04-27T07:08:46.0144621-07:00" testType="13cdc9d9-ddb5-4fa4-a97d-d965ccfc6d4b" outcome="Passed" testListId="8c84fa94-04c1-424b-9868-57a2d4851a1d" relativeResultsDirectory="08e5bc94-fab4-445e-915e-5e8ebd222de4" />
    <UnitTestResult executionId="ce185d86-ea30-4efa-bebe-fe1b50c875f2" testId="419d08b3-e4e6-4546-b895-70aad5848284" testName="V3 engine (runtime)" computerName="DDBLD061B" duration="00:00:00.0010000" startTime="2015-04-27T07:08:46.0144621-07:00" endTime="2015-04-27T07:08:46.0144621-07:00" testType="13cdc9d9-ddb5-4fa4-a97d-d965ccfc6d4b" outcome="Passed" testListId="8c84fa94-04c1-424b-9868-57a2d4851a1d" relativeResultsDirectory="ce185d86-ea30-4efa-bebe-fe1b50c875f2" />
    <UnitTestResult executionId="001ecd5e-f4b0-4a3b-a30a-48479af72a33" testId="ff959bfa-7a31-46de-b8a2-f9eb9a197386" testName="V1" computerName="DDBLD061B" duration="00:00:00.0160000" startTime="2015-04-27T07:08:46.2956471-07:00" endTime="2015-04-27T07:08:46.2956471-07:00" testType="13cdc9d9-ddb5-4fa4-a97d-d965ccfc6d4b" outcome="Passed" testListId="8c84fa94-04c1-424b-9868-57a2d4851a1d" relativeResultsDirectory="001ecd5e-f4b0-4a3b-a30a-48479af72a33" />
    <UnitTestResult executionId="b66ce355-0ada-4289-9ea6-c55b2be81d2b" testId="d99567dd-cc0a-4480-b836-474f93b7b6ed" testName="V3 engine (runtime)" computerName="DDBLD061B" duration="00:00:00.0200000" startTime="2015-04-27T07:08:46.2956471-07:00" endTime="2015-04-27T07:08:46.2956471-07:00" testType="13cdc9d9-ddb5-4fa4-a97d-d965ccfc6d4b" outcome="Passed" testListId="8c84fa94-04c1-424b-9868-57a2d4851a1d" relativeResultsDirectory="b66ce355-0ada-4289-9ea6-c55b2be81d2b" />
    <UnitTestResult executionId="2a258a03-f78b-4838-9034-32906132c1dd" testId="ca3edfa9-757b-4ebd-acbc-254ccd73f248" testName="V1" computerName="DDBLD061B" duration="00:00:00.0010000" startTime="2015-04-27T07:08:46.2956471-07:00" endTime="2015-04-27T07:08:46.2956471-07:00" testType="13cdc9d9-ddb5-4fa4-a97d-d965ccfc6d4b" outcome="Passed" testListId="8c84fa94-04c1-424b-9868-57a2d4851a1d" relativeResultsDirectory="2a258a03-f78b-4838-9034-32906132c1dd" />
    <UnitTestResult executionId="cbfb541e-05c5-49e0-b01c-8072e9fcf2f2" testId="483890dd-0754-44af-b42a-0764ae64e2d7" testName="V3 engine (runtime)" computerName="DDBLD061B" duration="00:00:00.0010000" startTime="2015-04-27T07:08:46.2956471-07:00" endTime="2015-04-27T07:08:46.2956471-07:00" testType="13cdc9d9-ddb5-4fa4-a97d-d965ccfc6d4b" outcome="Passed" testListId="8c84fa94-04c1-424b-9868-57a2d4851a1d" relativeResultsDirectory="cbfb541e-05c5-49e0-b01c-8072e9fcf2f2" />
    <UnitTestResult executionId="31c1444c-4d9e-4d24-8667-851ae55232c0" testId="2eb347ce-5d48-4692-85bf-30c103b44e24" testName="V3 engine (runtime)" computerName="DDBLD061B" duration="00:00:00.0010000" startTime="2015-04-27T07:08:46.2956471-07:00" endTime="2015-04-27T07:08:46.2956471-07:00" testType="13cdc9d9-ddb5-4fa4-a97d-d965ccfc6d4b" outcome="Passed" testListId="8c84fa94-04c1-424b-9868-57a2d4851a1d" relativeResultsDirectory="31c1444c-4d9e-4d24-8667-851ae55232c0" />
    <UnitTestResult executionId="e79b3862-10ba-4954-bfdb-f592acf881df" testId="9e4c252d-81d5-4347-9cfc-53ad6260cb62" testName="V3 engine (runtime)" computerName="DDBLD061B" duration="00:00:00.0010000" startTime="2015-04-27T07:08:46.2956471-07:00" endTime="2015-04-27T07:08:46.2956471-07:00" testType="13cdc9d9-ddb5-4fa4-a97d-d965ccfc6d4b" outcome="Passed" testListId="8c84fa94-04c1-424b-9868-57a2d4851a1d" relativeResultsDirectory="e79b3862-10ba-4954-bfdb-f592acf881df" />
    <UnitTestResult executionId="11790ec1-4bd9-476c-8848-b6434e84322d" testId="533430a8-3485-4bd3-a5d5-6d0cbd6c3bce" testName="V3 composition (V2)" computerName="DDBLD061B" duration="00:00:00.0790000" startTime="2015-04-27T07:08:46.2956471-07:00" endTime="2015-04-27T07:08:46.2956471-07:00" testType="13cdc9d9-ddb5-4fa4-a97d-d965ccfc6d4b" outcome="Passed" testListId="8c84fa94-04c1-424b-9868-57a2d4851a1d" relativeResultsDirectory="11790ec1-4bd9-476c-8848-b6434e84322d" />
    <UnitTestResult executionId="9fb3bbb6-4c4e-47f0-ba4a-55b1a57498e7" testId="d270c609-3d59-4438-acf6-f8aac4013370" testName="V1" computerName="DDBLD061B" duration="00:00:00.0010000" startTime="2015-04-27T07:08:46.2956471-07:00" endTime="2015-04-27T07:08:46.2956471-07:00" testType="13cdc9d9-ddb5-4fa4-a97d-d965ccfc6d4b" outcome="Passed" testListId="8c84fa94-04c1-424b-9868-57a2d4851a1d" relativeResultsDirectory="9fb3bbb6-4c4e-47f0-ba4a-55b1a57498e7" />
    <UnitTestResult executionId="19839ba5-5b83-4488-84c8-f3bd1902501f" testId="149d0dfe-d14d-4f96-a4ab-6f6ee34108f2" testName="V3 engine (runtime)" computerName="DDBLD061B" duration="00:00:00.0010000" startTime="2015-04-27T07:08:46.4832081-07:00" endTime="2015-04-27T07:08:46.4832081-07:00" testType="13cdc9d9-ddb5-4fa4-a97d-d965ccfc6d4b" outcome="Passed" testListId="8c84fa94-04c1-424b-9868-57a2d4851a1d" relativeResultsDirectory="19839ba5-5b83-4488-84c8-f3bd1902501f" />
    <UnitTestResult executionId="6d311aa0-dfe2-4cc4-b1ce-d2e99816733b" testId="fc283c17-2dbf-43a3-846e-c4c9144fcc03" testName="V3 engine (runtime)" computerName="DDBLD061B" duration="00:00:00.0010000" startTime="2015-04-27T07:08:46.4832081-07:00" endTime="2015-04-27T07:08:46.4832081-07:00" testType="13cdc9d9-ddb5-4fa4-a97d-d965ccfc6d4b" outcome="Passed" testListId="8c84fa94-04c1-424b-9868-57a2d4851a1d" relativeResultsDirectory="6d311aa0-dfe2-4cc4-b1ce-d2e99816733b" />
    <UnitTestResult executionId="f93f6dcf-f155-4716-9844-bc9ce9ef4993" testId="01c223d4-8ec5-4593-8e66-ef701feb9807" testName="V1" computerName="DDBLD061B" duration="00:00:00.0010000" startTime="2015-04-27T07:08:46.4832081-07:00" endTime="2015-04-27T07:08:46.4832081-07:00" testType="13cdc9d9-ddb5-4fa4-a97d-d965ccfc6d4b" outcome="Passed" testListId="8c84fa94-04c1-424b-9868-57a2d4851a1d" relativeResultsDirectory="f93f6dcf-f155-4716-9844-bc9ce9ef4993" />
    <UnitTestResult executionId="7bc018d6-35c0-4ddb-8844-8ab99342b94b" testId="a56c69a5-b561-4390-b3e8-328a4dffb297" testName="V3 composition (V1)" computerName="DDBLD061B" duration="00:00:00.0800000" startTime="2015-04-27T07:08:46.4832081-07:00" endTime="2015-04-27T07:08:46.4832081-07:00" testType="13cdc9d9-ddb5-4fa4-a97d-d965ccfc6d4b" outcome="Passed" testListId="8c84fa94-04c1-424b-9868-57a2d4851a1d" relativeResultsDirectory="7bc018d6-35c0-4ddb-8844-8ab99342b94b" />
    <UnitTestResult executionId="fcd3f8cd-f8c5-4843-b3c1-9f2a3242cee1" testId="ff53628f-f96f-4b85-b659-2038c036075f" testName="V2" computerName="DDBLD061B" duration="00:00:00.0010000" startTime="2015-04-27T07:08:46.4832081-07:00" endTime="2015-04-27T07:08:46.4832081-07:00" testType="13cdc9d9-ddb5-4fa4-a97d-d965ccfc6d4b" outcome="Passed" testListId="8c84fa94-04c1-424b-9868-57a2d4851a1d" relativeResultsDirectory="fcd3f8cd-f8c5-4843-b3c1-9f2a3242cee1" />
    <UnitTestResult executionId="97a41dd9-d56d-4cd0-8050-5112e59383ba" testId="e512f4e4-adb9-452b-8acd-fd56a8a8ca69" testName="V3 composition (V1)" computerName="DDBLD061B" duration="00:00:00.0780000" startTime="2015-04-27T07:08:46.4832081-07:00" endTime="2015-04-27T07:08:46.4832081-07:00" testType="13cdc9d9-ddb5-4fa4-a97d-d965ccfc6d4b" outcome="Passed" testListId="8c84fa94-04c1-424b-9868-57a2d4851a1d" relativeResultsDirectory="97a41dd9-d56d-4cd0-8050-5112e59383ba" />
    <UnitTestResult executionId="6ff9fda0-5f8a-4e25-a47c-67baeb81f2cf" testId="16afe28d-b90c-420f-9f42-e3825b2fbe1b" testName="AssemblyDiscoveryFindsTopLevelParts" computerName="DDBLD061B" duration="00:00:00.0710000" startTime="2015-04-27T07:08:46.4832081-07:00" endTime="2015-04-27T07:08:46.4832081-07:00" testType="13cdc9d9-ddb5-4fa4-a97d-d965ccfc6d4b" outcome="Passed" testListId="8c84fa94-04c1-424b-9868-57a2d4851a1d" relativeResultsDirectory="6ff9fda0-5f8a-4e25-a47c-67baeb81f2cf" />
    <UnitTestResult executionId="9d48679c-57f9-4221-835d-c5c653383ddc" testId="c8dd8799-dcd7-4b75-998e-ecab5a7a24fc" testName="IndexerInDerivedAndBase" computerName="DDBLD061B" duration="00:00:00.0010000" startTime="2015-04-27T07:08:46.4832081-07:00" endTime="2015-04-27T07:08:46.4832081-07:00" testType="13cdc9d9-ddb5-4fa4-a97d-d965ccfc6d4b" outcome="Passed" testListId="8c84fa94-04c1-424b-9868-57a2d4851a1d" relativeResultsDirectory="9d48679c-57f9-4221-835d-c5c653383ddc" />
    <UnitTestResult executionId="c86aa903-c69a-448c-ac02-739de174faf4" testId="44bd9264-ffca-411c-af6c-ad6a799c7f15" testName="V3 composition (V1, V2)" computerName="DDBLD061B" duration="00:00:00.1500000" startTime="2015-04-27T07:08:46.4832081-07:00" endTime="2015-04-27T07:08:46.4832081-07:00" testType="13cdc9d9-ddb5-4fa4-a97d-d965ccfc6d4b" outcome="Passed" testListId="8c84fa94-04c1-424b-9868-57a2d4851a1d" relativeResultsDirectory="c86aa903-c69a-448c-ac02-739de174faf4">
      <Output>
        <StdOut>Catalog AttributedPartDiscoveryV1 vs. AttributedPartDiscovery
      Part
          Type: Microsoft.VisualStudio.Composition.Tests.ExportMetadataTests+PartWithExhaustiveMetadataValueTypes
-         SharingBoundary: 
-         IsSharingBoundaryInferred: True
-         CreationPolicy: Any
+         SharingBoundary: &lt;null&gt;
+         IsSharingBoundaryInferred: False
+         CreationPolicy: NonShared
          OnImportsSatisfied: &lt;null&gt;
          ExportedTypes:
              ExportDefinition
                  ContractName: Microsoft.VisualStudio.Composition.Tests.ExportMetadataTests+PartWithExhaustiveMetadataValueTypes
                  Metadata:
                      long = 9223372036854775807
                      floatMin = -3.402823E+38
                      int = 2147483647
                      array_ulong = System.UInt64[]
                      array_string = System.String[]
                      array_double = System.Double[]
                      ExportTypeIdentity = Microsoft.VisualStudio.Composition.Tests.ExportMetadataTests+PartWithExhaustiveMetadataValueTypes
                      array_int = System.Int32[]
                      array_bool = System.Boolean[]
                      type = System.String
                      ulong = 18446744073709551615
                      ushort = 65535
                      floatMax = 3.402823E+38
                      char = a
                      uint = 4294967295
+                     System.ComponentModel.Composition.CreationPolicy = NonShared
                      array_short = System.Int16[]
                      array_ushort = System.UInt16[]
                      array_float = System.Single[]
                      array_char = System.Char[]
                      array_long = System.Int64[]
                      doubleMin = -1.79769313486232E+308
                      array_enum = Microsoft.VisualStudio.Composition.CreationPolicy[]
                      array_byte = System.Byte[]
                      array_type = System.Type[]
                      array_floatMin = System.Single[]
                      array_floatMax = System.Single[]
                      bool = True
                      float = 5
                      sbyte = 127
                      double = 5
                      enum = NonShared
                      string = value
                      byte = 255
                      array_doubleMax = System.Double[]
                      array_doubleMin = System.Double[]
                      short = 32767
                      doubleMax = 1.79769313486232E+308
                      array_sbyte = System.SByte[]
                      array_uint = System.UInt32[]
          ExportingMembers:
          ImportingMembers:
          ImportingConstructor:
      Part
          Type: Microsoft.VisualStudio.Composition.Tests.ExportMetadataTests+PartThatImportsPartWithExhaustiveMetadataValueTypes
-         SharingBoundary: 
-         IsSharingBoundaryInferred: True
-         CreationPolicy: Any
+         SharingBoundary: &lt;null&gt;
+         IsSharingBoundaryInferred: False
+         CreationPolicy: NonShared
          OnImportsSatisfied: &lt;null&gt;
          ExportedTypes:
              ExportDefinition
                  ContractName: Microsoft.VisualStudio.Composition.Tests.ExportMetadataTests+PartThatImportsPartWithExhaustiveMetadataValueTypes
                  Metadata:
                      ExportTypeIdentity = Microsoft.VisualStudio.Composition.Tests.ExportMetadataTests+PartThatImportsPartWithExhaustiveMetadataValueTypes
+                     System.ComponentModel.Composition.CreationPolicy = NonShared
          ExportingMembers:
          ImportingMembers:
              ImportDefinition:
                  ContractName: Microsoft.VisualStudio.Composition.Tests.ExportMetadataTests+PartWithExhaustiveMetadataValueTypes
                  Cardinality: ExactlyOne
                  Metadata:
                  ExportFactorySharingBoundaries: 
                  ExportConstraints: 
                      ExportTypeIdentityConstraint
                          TypeIdentityName: Microsoft.VisualStudio.Composition.Tests.ExportMetadataTests+PartWithExhaustiveMetadataValueTypes
                      ImportMetadataViewConstraint
              ComposablePartType: Microsoft.VisualStudio.Composition.Tests.ExportMetadataTests+PartThatImportsPartWithExhaustiveMetadataValueTypes
              ImportingMember: System.Lazy`2[Microsoft.VisualStudio.Composition.Tests.ExportMetadataTests+PartWithExhaustiveMetadataValueTypes,System.Collections.Generic.IDictionary`2[System.String,System.Object]] ImportingProperty
              ParameterInfo: 
              ImportingSiteType: System.Lazy`2[Microsoft.VisualStudio.Composition.Tests.ExportMetadataTests+PartWithExhaustiveMetadataValueTypes,System.Collections.Generic.IDictionary`2[System.String,System.Object]]
          ImportingConstructor:</StdOut>
      </Output>
    </UnitTestResult>
    <UnitTestResult executionId="3ac2e753-4bb1-4cb3-9c48-37f900e8a59c" testId="c1011efa-2254-402f-90a3-d5ae02ebcde7" testName="V3 composition (V1, V2)" computerName="DDBLD061B" duration="00:00:00.1300000" startTime="2015-04-27T07:08:46.8269034-07:00" endTime="2015-04-27T07:08:46.8269034-07:00" testType="13cdc9d9-ddb5-4fa4-a97d-d965ccfc6d4b" outcome="Passed" testListId="8c84fa94-04c1-424b-9868-57a2d4851a1d" relativeResultsDirectory="3ac2e753-4bb1-4cb3-9c48-37f900e8a59c">
      <Output>
        <StdOut>Catalog AttributedPartDiscoveryV1 vs. AttributedPartDiscovery
      Part
          Type: Microsoft.VisualStudio.Composition.Tests.MultipleExportsOnPartTests+NonSharedExport
          SharingBoundary: &lt;null&gt;
          IsSharingBoundaryInferred: False
          CreationPolicy: NonShared
          OnImportsSatisfied: &lt;null&gt;
          ExportedTypes:
              ExportDefinition
                  ContractName: Microsoft.VisualStudio.Composition.Tests.MultipleExportsOnPartTests+NonSharedExport
                  Metadata:
                      ExportTypeIdentity = Microsoft.VisualStudio.Composition.Tests.MultipleExportsOnPartTests+NonSharedExport
                      System.ComponentModel.Composition.CreationPolicy = NonShared
              ExportDefinition
                  ContractName: NonSharedExport
                  Metadata:
                      ExportTypeIdentity = System.Object
                      System.ComponentModel.Composition.CreationPolicy = NonShared
          ExportingMembers:
          ImportingMembers:
          ImportingConstructor:
      Part
          Type: Microsoft.VisualStudio.Composition.Tests.MultipleExportsOnPartTests+SharedExport
+         Part metadata:
+             SharingBoundary = 
          SharingBoundary: 
-         IsSharingBoundaryInferred: True
-         CreationPolicy: Any
+         IsSharingBoundaryInferred: False
+         CreationPolicy: Shared
          OnImportsSatisfied: &lt;null&gt;
          ExportedTypes:
              ExportDefinition
                  ContractName: Microsoft.VisualStudio.Composition.Tests.MultipleExportsOnPartTests+SharedExport
                  Metadata:
                      ExportTypeIdentity = Microsoft.VisualStudio.Composition.Tests.MultipleExportsOnPartTests+SharedExport
+                     System.ComponentModel.Composition.CreationPolicy = Shared
              ExportDefinition
                  ContractName: SharedExport
                  Metadata:
                      ExportTypeIdentity = System.Object
+                     System.ComponentModel.Composition.CreationPolicy = Shared
          ExportingMembers:
          ImportingMembers:
          ImportingConstructor:
      Part
          Type: Microsoft.VisualStudio.Composition.Tests.MultipleExportsOnPartTests+MultipleImportsForSamePart
          SharingBoundary: &lt;null&gt;
          IsSharingBoundaryInferred: False
          CreationPolicy: NonShared
          OnImportsSatisfied: &lt;null&gt;
          ExportedTypes:
              ExportDefinition
                  ContractName: Microsoft.VisualStudio.Composition.Tests.MultipleExportsOnPartTests+MultipleImportsForSamePart
                  Metadata:
                      ExportTypeIdentity = Microsoft.VisualStudio.Composition.Tests.MultipleExportsOnPartTests+MultipleImportsForSamePart
                      System.ComponentModel.Composition.CreationPolicy = NonShared
          ExportingMembers:
          ImportingMembers:
              ImportDefinition:
                  ContractName: NonSharedExport
                  Cardinality: ExactlyOne
                  Metadata:
                  ExportFactorySharingBoundaries: 
                  ExportConstraints: 
              ComposablePartType: Microsoft.VisualStudio.Composition.Tests.MultipleExportsOnPartTests+MultipleImportsForSamePart
              ImportingMember: System.Object NonSharedExport2
              ParameterInfo: 
              ImportingSiteType: System.Object
              ImportDefinition:
                  ContractName: Microsoft.VisualStudio.Composition.Tests.MultipleExportsOnPartTests+NonSharedExport
                  Cardinality: ExactlyOne
                  Metadata:
                  ExportFactorySharingBoundaries: 
                  ExportConstraints: 
                      ExportTypeIdentityConstraint
                          TypeIdentityName: Microsoft.VisualStudio.Composition.Tests.MultipleExportsOnPartTests+NonSharedExport
              ComposablePartType: Microsoft.VisualStudio.Composition.Tests.MultipleExportsOnPartTests+MultipleImportsForSamePart
              ImportingMember: NonSharedExport NonSharedExport1
              ParameterInfo: 
              ImportingSiteType: Microsoft.VisualStudio.Composition.Tests.MultipleExportsOnPartTests+NonSharedExport
              ImportDefinition:
                  ContractName: SharedExport
                  Cardinality: ExactlyOne
                  Metadata:
                  ExportFactorySharingBoundaries: 
                  ExportConstraints: 
              ComposablePartType: Microsoft.VisualStudio.Composition.Tests.MultipleExportsOnPartTests+MultipleImportsForSamePart
              ImportingMember: System.Object SharedExport2
              ParameterInfo: 
              ImportingSiteType: System.Object
              ImportDefinition:
                  ContractName: Microsoft.VisualStudio.Composition.Tests.MultipleExportsOnPartTests+SharedExport
                  Cardinality: ExactlyOne
                  Metadata:
                  ExportFactorySharingBoundaries: 
                  ExportConstraints: 
                      ExportTypeIdentityConstraint
                          TypeIdentityName: Microsoft.VisualStudio.Composition.Tests.MultipleExportsOnPartTests+SharedExport
              ComposablePartType: Microsoft.VisualStudio.Composition.Tests.MultipleExportsOnPartTests+MultipleImportsForSamePart
              ImportingMember: SharedExport SharedExport1
              ParameterInfo: 
              ImportingSiteType: Microsoft.VisualStudio.Composition.Tests.MultipleExportsOnPartTests+SharedExport
          ImportingConstructor:</StdOut>
      </Output>
    </UnitTestResult>
    <UnitTestResult executionId="a0b7a457-7890-4393-bfe5-6c7814fe2cc4" testId="f5d8736d-fe3e-468f-9f05-5333e6d9586b" testName="V3 engine (runtime)" computerName="DDBLD061B" duration="00:00:00.0020000" startTime="2015-04-27T07:08:46.8269034-07:00" endTime="2015-04-27T07:08:46.8269034-07:00" testType="13cdc9d9-ddb5-4fa4-a97d-d965ccfc6d4b" outcome="Passed" testListId="8c84fa94-04c1-424b-9868-57a2d4851a1d" relativeResultsDirectory="a0b7a457-7890-4393-bfe5-6c7814fe2cc4" />
    <UnitTestResult executionId="df09d636-2a28-4f16-8075-5ba78c647416" testId="ca060066-a73d-495f-a8df-48702f941d7c" testName="V3 engine (runtime)" computerName="DDBLD061B" duration="00:00:00.0010000" startTime="2015-04-27T07:08:46.8269034-07:00" endTime="2015-04-27T07:08:46.8269034-07:00" testType="13cdc9d9-ddb5-4fa4-a97d-d965ccfc6d4b" outcome="Passed" testListId="8c84fa94-04c1-424b-9868-57a2d4851a1d" relativeResultsDirectory="df09d636-2a28-4f16-8075-5ba78c647416" />
    <UnitTestResult executionId="d2118e37-869e-4916-856f-2873567a2641" testId="2e6baa4e-8418-44b9-8b5f-795f36da39a0" testName="V1" computerName="DDBLD061B" duration="00:00:00.0140000" startTime="2015-04-27T07:08:46.8425287-07:00" endTime="2015-04-27T07:08:46.8425287-07:00" testType="13cdc9d9-ddb5-4fa4-a97d-d965ccfc6d4b" outcome="Passed" testListId="8c84fa94-04c1-424b-9868-57a2d4851a1d" relativeResultsDirectory="d2118e37-869e-4916-856f-2873567a2641" />
    <UnitTestResult executionId="954d3bec-bf8b-4bdc-bac2-613fa1b5968c" testId="4861af45-272e-4ce1-b780-c1f8afda9047" testName="V2" computerName="DDBLD061B" duration="00:00:00.0010000" startTime="2015-04-27T07:08:46.8425287-07:00" endTime="2015-04-27T07:08:46.8425287-07:00" testType="13cdc9d9-ddb5-4fa4-a97d-d965ccfc6d4b" outcome="Passed" testListId="8c84fa94-04c1-424b-9868-57a2d4851a1d" relativeResultsDirectory="954d3bec-bf8b-4bdc-bac2-613fa1b5968c" />
    <UnitTestResult executionId="87eb4ab3-74b7-417e-9960-00d6f7c2bdc6" testId="b4f15c1b-fc05-4cd5-b38f-48baa848451b" testName="V3 engine (runtime)" computerName="DDBLD061B" duration="00:00:00.0010000" startTime="2015-04-27T07:08:46.8425287-07:00" endTime="2015-04-27T07:08:46.8425287-07:00" testType="13cdc9d9-ddb5-4fa4-a97d-d965ccfc6d4b" outcome="Passed" testListId="8c84fa94-04c1-424b-9868-57a2d4851a1d" relativeResultsDirectory="87eb4ab3-74b7-417e-9960-00d6f7c2bdc6" />
    <UnitTestResult executionId="c9ba683e-c515-481a-9fe1-c9f90f19a343" testId="bde3f023-1382-4050-84f9-299edf4bcbed" testName="V1" computerName="DDBLD061B" duration="00:00:00.0010000" startTime="2015-04-27T07:08:46.8425287-07:00" endTime="2015-04-27T07:08:46.8425287-07:00" testType="13cdc9d9-ddb5-4fa4-a97d-d965ccfc6d4b" outcome="Passed" testListId="8c84fa94-04c1-424b-9868-57a2d4851a1d" relativeResultsDirectory="c9ba683e-c515-481a-9fe1-c9f90f19a343" />
    <UnitTestResult executionId="b5712cbf-1d09-44f4-a4f0-407b126eae20" testId="f6ae0384-95ec-423c-8212-a201cb45a4be" testName="V3 engine (runtime)" computerName="DDBLD061B" duration="00:00:00.0010000" startTime="2015-04-27T07:08:46.8425287-07:00" endTime="2015-04-27T07:08:46.8425287-07:00" testType="13cdc9d9-ddb5-4fa4-a97d-d965ccfc6d4b" outcome="Passed" testListId="8c84fa94-04c1-424b-9868-57a2d4851a1d" relativeResultsDirectory="b5712cbf-1d09-44f4-a4f0-407b126eae20" />
    <UnitTestResult executionId="0d6dfb15-35c9-42e9-91c7-21b69bb014e6" testId="4b461d6e-b16c-4313-9e31-eb88f8a5e21e" testName="V3 engine (runtime)" computerName="DDBLD061B" duration="00:00:00.0010000" startTime="2015-04-27T07:08:46.8425287-07:00" endTime="2015-04-27T07:08:46.8425287-07:00" testType="13cdc9d9-ddb5-4fa4-a97d-d965ccfc6d4b" outcome="Passed" testListId="8c84fa94-04c1-424b-9868-57a2d4851a1d" relativeResultsDirectory="0d6dfb15-35c9-42e9-91c7-21b69bb014e6" />
    <UnitTestResult executionId="68dea241-180d-46e6-816e-8050ca35f0a6" testId="3d7c8e26-fb78-4d78-bad0-b57077640117" testName="V2" computerName="DDBLD061B" duration="00:00:00.0020000" startTime="2015-04-27T07:08:47.0613401-07:00" endTime="2015-04-27T07:08:47.0613401-07:00" testType="13cdc9d9-ddb5-4fa4-a97d-d965ccfc6d4b" outcome="Passed" testListId="8c84fa94-04c1-424b-9868-57a2d4851a1d" relativeResultsDirectory="68dea241-180d-46e6-816e-8050ca35f0a6" />
    <UnitTestResult executionId="1e77efd8-145d-4cad-90bf-bd485acec2d8" testId="3adeae30-15ce-4c39-9223-b19225987988" testName="V3 engine (runtime)" computerName="DDBLD061B" duration="00:00:00.0020000" startTime="2015-04-27T07:08:47.0613401-07:00" endTime="2015-04-27T07:08:47.0613401-07:00" testType="13cdc9d9-ddb5-4fa4-a97d-d965ccfc6d4b" outcome="Passed" testListId="8c84fa94-04c1-424b-9868-57a2d4851a1d" relativeResultsDirectory="1e77efd8-145d-4cad-90bf-bd485acec2d8" />
    <UnitTestResult executionId="49d538c1-5036-4ece-913f-e784d21255dd" testId="9beae5d9-f239-4b17-ba3d-f0e41252ad50" testName="V3 composition (V2)" computerName="DDBLD061B" duration="00:00:00.0960000" startTime="2015-04-27T07:08:47.0613401-07:00" endTime="2015-04-27T07:08:47.0613401-07:00" testType="13cdc9d9-ddb5-4fa4-a97d-d965ccfc6d4b" outcome="Passed" testListId="8c84fa94-04c1-424b-9868-57a2d4851a1d" relativeResultsDirectory="49d538c1-5036-4ece-913f-e784d21255dd" />
    <UnitTestResult executionId="1f824a16-f407-4c1d-a4e4-eec56e8114a4" testId="b8e0bffc-5968-44e3-ac7e-f30d2bf9963b" testName="V3 composition (V1)" computerName="DDBLD061B" duration="00:00:00.0970000" startTime="2015-04-27T07:08:47.0613401-07:00" endTime="2015-04-27T07:08:47.0613401-07:00" testType="13cdc9d9-ddb5-4fa4-a97d-d965ccfc6d4b" outcome="Passed" testListId="8c84fa94-04c1-424b-9868-57a2d4851a1d" relativeResultsDirectory="1f824a16-f407-4c1d-a4e4-eec56e8114a4" />
    <UnitTestResult executionId="28801183-97a8-4b20-ad86-0c8d15964742" testId="59dca177-4cec-48d1-9a03-281344a26bbf" testName="AssemblyDiscoveryFindsNestedParts" computerName="DDBLD061B" duration="00:00:00.0970000" startTime="2015-04-27T07:08:47.0613401-07:00" endTime="2015-04-27T07:08:47.0613401-07:00" testType="13cdc9d9-ddb5-4fa4-a97d-d965ccfc6d4b" outcome="Passed" testListId="8c84fa94-04c1-424b-9868-57a2d4851a1d" relativeResultsDirectory="28801183-97a8-4b20-ad86-0c8d15964742" />
    <UnitTestResult executionId="3b9b3c73-baa4-4d7b-8545-19d89e113c49" testId="db2631ed-f97c-4818-8883-f072633d9b0f" testName="PartMetadataInCatalogOmitsBaseClassMetadata" computerName="DDBLD061B" duration="00:00:00.0010000" startTime="2015-04-27T07:08:47.0613401-07:00" endTime="2015-04-27T07:08:47.0613401-07:00" testType="13cdc9d9-ddb5-4fa4-a97d-d965ccfc6d4b" outcome="Passed" testListId="8c84fa94-04c1-424b-9868-57a2d4851a1d" relativeResultsDirectory="3b9b3c73-baa4-4d7b-8545-19d89e113c49" />
    <UnitTestResult executionId="a8a609ab-1d23-4885-a672-233ff18d4089" testId="454ace1c-16b6-4c43-9629-9aa3bd9a1cf1" testName="V3 engine (runtime)" computerName="DDBLD061B" duration="00:00:00.0010000" startTime="2015-04-27T07:08:47.0613401-07:00" endTime="2015-04-27T07:08:47.0613401-07:00" testType="13cdc9d9-ddb5-4fa4-a97d-d965ccfc6d4b" outcome="Passed" testListId="8c84fa94-04c1-424b-9868-57a2d4851a1d" relativeResultsDirectory="a8a609ab-1d23-4885-a672-233ff18d4089" />
    <UnitTestResult executionId="107c1c87-7bd3-4704-b104-95e13ea44857" testId="67e856e1-4233-49af-97a4-226c23d46c5e" testName="V3 engine (runtime)" computerName="DDBLD061B" duration="00:00:00.0010000" startTime="2015-04-27T07:08:47.3269677-07:00" endTime="2015-04-27T07:08:47.3269677-07:00" testType="13cdc9d9-ddb5-4fa4-a97d-d965ccfc6d4b" outcome="Passed" testListId="8c84fa94-04c1-424b-9868-57a2d4851a1d" relativeResultsDirectory="107c1c87-7bd3-4704-b104-95e13ea44857" />
    <UnitTestResult executionId="f484c216-50fd-4e38-9882-17ad8147faf0" testId="09c5d715-fd05-4f29-8579-13d614489b65" testName="V1" computerName="DDBLD061B" duration="00:00:00.0010000" startTime="2015-04-27T07:08:47.3269677-07:00" endTime="2015-04-27T07:08:47.3269677-07:00" testType="13cdc9d9-ddb5-4fa4-a97d-d965ccfc6d4b" outcome="Passed" testListId="8c84fa94-04c1-424b-9868-57a2d4851a1d" relativeResultsDirectory="f484c216-50fd-4e38-9882-17ad8147faf0" />
    <UnitTestResult executionId="40652065-2d34-46ac-9957-4dcfed10c6d3" testId="192b52a4-9bd1-431b-ab3b-da7b00b9201a" testName="V1" computerName="DDBLD061B" duration="00:00:00.0010000" startTime="2015-04-27T07:08:47.3269677-07:00" endTime="2015-04-27T07:08:47.3269677-07:00" testType="13cdc9d9-ddb5-4fa4-a97d-d965ccfc6d4b" outcome="Passed" testListId="8c84fa94-04c1-424b-9868-57a2d4851a1d" relativeResultsDirectory="40652065-2d34-46ac-9957-4dcfed10c6d3" />
    <UnitTestResult executionId="c0c4c2b4-aca3-4290-9988-e959cb7a77e4" testId="6f26976f-96a0-4ff4-9240-8814107f29c7" testName="V3 engine (runtime)" computerName="DDBLD061B" duration="00:00:00.0010000" startTime="2015-04-27T07:08:47.3269677-07:00" endTime="2015-04-27T07:08:47.3269677-07:00" testType="13cdc9d9-ddb5-4fa4-a97d-d965ccfc6d4b" outcome="Passed" testListId="8c84fa94-04c1-424b-9868-57a2d4851a1d" relativeResultsDirectory="c0c4c2b4-aca3-4290-9988-e959cb7a77e4" />
    <UnitTestResult executionId="cb33608c-d658-4192-8b16-d70ea3b16ee2" testId="75c61cda-f645-4501-8a9f-592e5b6041fa" testName="AddCompositionServiceToCatalogTwice" computerName="DDBLD061B" duration="00:00:00.0010000" startTime="2015-04-27T07:08:47.3269677-07:00" endTime="2015-04-27T07:08:47.3269677-07:00" testType="13cdc9d9-ddb5-4fa4-a97d-d965ccfc6d4b" outcome="Passed" testListId="8c84fa94-04c1-424b-9868-57a2d4851a1d" relativeResultsDirectory="cb33608c-d658-4192-8b16-d70ea3b16ee2" />
    <UnitTestResult executionId="57e1a0b4-37d5-4173-a7c7-5414fa2da7fb" testId="c1f10190-db49-4991-9f5d-0a43b94600de" testName="V2" computerName="DDBLD061B" duration="00:00:00.0020000" startTime="2015-04-27T07:08:47.3269677-07:00" endTime="2015-04-27T07:08:47.3269677-07:00" testType="13cdc9d9-ddb5-4fa4-a97d-d965ccfc6d4b" outcome="Passed" testListId="8c84fa94-04c1-424b-9868-57a2d4851a1d" relativeResultsDirectory="57e1a0b4-37d5-4173-a7c7-5414fa2da7fb" />
    <UnitTestResult executionId="368ef46d-aec2-416a-b4d4-34b2f5da2acd" testId="b931e7f1-6411-440c-b0f1-9596bd34e441" testName="V3 composition (V1)" computerName="DDBLD061B" duration="00:00:00.0930000" startTime="2015-04-27T07:08:47.3269677-07:00" endTime="2015-04-27T07:08:47.3269677-07:00" testType="13cdc9d9-ddb5-4fa4-a97d-d965ccfc6d4b" outcome="Passed" testListId="8c84fa94-04c1-424b-9868-57a2d4851a1d" relativeResultsDirectory="368ef46d-aec2-416a-b4d4-34b2f5da2acd" />
    <UnitTestResult executionId="52868654-2c24-415a-ab7f-d57ff29d5d32" testId="87c20d9f-bced-4451-b469-783a787f4139" testName="V2" computerName="DDBLD061B" duration="00:00:00.0040000" startTime="2015-04-27T07:08:47.3269677-07:00" endTime="2015-04-27T07:08:47.3269677-07:00" testType="13cdc9d9-ddb5-4fa4-a97d-d965ccfc6d4b" outcome="Passed" testListId="8c84fa94-04c1-424b-9868-57a2d4851a1d" relativeResultsDirectory="52868654-2c24-415a-ab7f-d57ff29d5d32" />
    <UnitTestResult executionId="a4ea123a-ce9f-4a2f-994b-f94c2efb625f" testId="eb563a26-10c9-48d8-97e4-f7544fd7cd76" testName="V3 engine (runtime)" computerName="DDBLD061B" duration="00:00:00.0010000" startTime="2015-04-27T07:08:47.3269677-07:00" endTime="2015-04-27T07:08:47.3269677-07:00" testType="13cdc9d9-ddb5-4fa4-a97d-d965ccfc6d4b" outcome="Passed" testListId="8c84fa94-04c1-424b-9868-57a2d4851a1d" relativeResultsDirectory="a4ea123a-ce9f-4a2f-994b-f94c2efb625f" />
    <UnitTestResult executionId="16cd2f65-9a7a-4546-9e10-6fe508ff9831" testId="e940873b-94c8-492d-80f0-b6fd77795b1a" testName="V3 composition (V1)" computerName="DDBLD061B" duration="00:00:00.0750000" startTime="2015-04-27T07:08:48.1551028-07:00" endTime="2015-04-27T07:08:48.1551028-07:00" testType="13cdc9d9-ddb5-4fa4-a97d-d965ccfc6d4b" outcome="Passed" testListId="8c84fa94-04c1-424b-9868-57a2d4851a1d" relativeResultsDirectory="16cd2f65-9a7a-4546-9e10-6fe508ff9831" />
    <UnitTestResult executionId="e0f935ef-5511-4019-9207-a20f2f3a984b" testId="7d3b9326-dbcd-412d-a319-7d883527f914" testName="V3 engine (runtime)" computerName="DDBLD061B" duration="00:00:00.0010000" startTime="2015-04-27T07:08:48.1551028-07:00" endTime="2015-04-27T07:08:48.1551028-07:00" testType="13cdc9d9-ddb5-4fa4-a97d-d965ccfc6d4b" outcome="Passed" testListId="8c84fa94-04c1-424b-9868-57a2d4851a1d" relativeResultsDirectory="e0f935ef-5511-4019-9207-a20f2f3a984b" />
    <UnitTestResult executionId="13e2b03f-a73e-4c98-8746-9e6e93c822c3" testId="cf4f2ba5-62ca-477e-a81a-80ba6ec6ac0c" testName="V3 engine (runtime)" computerName="DDBLD061B" duration="00:00:00.0010000" startTime="2015-04-27T07:08:48.1551028-07:00" endTime="2015-04-27T07:08:48.1551028-07:00" testType="13cdc9d9-ddb5-4fa4-a97d-d965ccfc6d4b" outcome="Passed" testListId="8c84fa94-04c1-424b-9868-57a2d4851a1d" relativeResultsDirectory="13e2b03f-a73e-4c98-8746-9e6e93c822c3" />
    <UnitTestResult executionId="7872d4d8-6d81-4bce-a609-9f43f4231094" testId="403e7178-4def-43a9-a8a2-f31bf393f4d1" testName="V3 composition (V1)" computerName="DDBLD061B" duration="00:00:00.0700000" startTime="2015-04-27T07:08:48.1551028-07:00" endTime="2015-04-27T07:08:48.1551028-07:00" testType="13cdc9d9-ddb5-4fa4-a97d-d965ccfc6d4b" outcome="Passed" testListId="8c84fa94-04c1-424b-9868-57a2d4851a1d" relativeResultsDirectory="7872d4d8-6d81-4bce-a609-9f43f4231094" />
    <UnitTestResult executionId="568604b2-e685-49d0-8f7a-b9d3224d637a" testId="136b75a7-a343-4d8e-a0d9-06c6dbf8ddc4" testName="V1" computerName="DDBLD061B" duration="00:00:00.0010000" startTime="2015-04-27T07:08:48.1551028-07:00" endTime="2015-04-27T07:08:48.1551028-07:00" testType="13cdc9d9-ddb5-4fa4-a97d-d965ccfc6d4b" outcome="Passed" testListId="8c84fa94-04c1-424b-9868-57a2d4851a1d" relativeResultsDirectory="568604b2-e685-49d0-8f7a-b9d3224d637a" />
    <UnitTestResult executionId="675019b6-43da-4262-8d79-83c2e5c48f26" testId="c5670b81-1ed0-4fc4-93e2-7c23b9f4c148" testName="V3 composition (V1, V2)" computerName="DDBLD061B" duration="00:00:00.1940000" startTime="2015-04-27T07:08:48.1551028-07:00" endTime="2015-04-27T07:08:48.1551028-07:00" testType="13cdc9d9-ddb5-4fa4-a97d-d965ccfc6d4b" outcome="Passed" testListId="8c84fa94-04c1-424b-9868-57a2d4851a1d" relativeResultsDirectory="675019b6-43da-4262-8d79-83c2e5c48f26">
      <Output>
        <StdOut>Catalog AttributedPartDiscoveryV1 vs. AttributedPartDiscovery
      Part
          Type: Microsoft.VisualStudio.Composition.Tests.FaultyPartsTests+ImportingConstructorThrowsPart
+         Part metadata:
+             SharingBoundary = 
          SharingBoundary: 
-         IsSharingBoundaryInferred: True
-         CreationPolicy: Any
+         IsSharingBoundaryInferred: False
+         CreationPolicy: Shared
          OnImportsSatisfied: &lt;null&gt;
          ExportedTypes:
              ExportDefinition
                  ContractName: Microsoft.VisualStudio.Composition.Tests.FaultyPartsTests+ImportingConstructorThrowsPart
                  Metadata:
                      ExportTypeIdentity = Microsoft.VisualStudio.Composition.Tests.FaultyPartsTests+ImportingConstructorThrowsPart
+                     System.ComponentModel.Composition.CreationPolicy = Shared
          ExportingMembers:
          ImportingMembers:
          ImportingConstructor:</StdOut>
      </Output>
    </UnitTestResult>
    <UnitTestResult executionId="36c18e63-baf1-446a-bce0-4795b3fab593" testId="ee98d9ac-560b-4a6b-9fdc-a198eb92f4e1" testName="V3 engine (runtime)" computerName="DDBLD061B" duration="00:00:00.0010000" startTime="2015-04-27T07:08:48.1551028-07:00" endTime="2015-04-27T07:08:48.1551028-07:00" testType="13cdc9d9-ddb5-4fa4-a97d-d965ccfc6d4b" outcome="Passed" testListId="8c84fa94-04c1-424b-9868-57a2d4851a1d" relativeResultsDirectory="36c18e63-baf1-446a-bce0-4795b3fab593" />
    <UnitTestResult executionId="51a523a5-0898-4bea-91bb-b2aef182d664" testId="dbc3b802-264d-4881-b611-7e95a71fe3f7" testName="V3 engine (runtime)" computerName="DDBLD061B" duration="00:00:00.0010000" startTime="2015-04-27T07:08:48.1551028-07:00" endTime="2015-04-27T07:08:48.1551028-07:00" testType="13cdc9d9-ddb5-4fa4-a97d-d965ccfc6d4b" outcome="Passed" testListId="8c84fa94-04c1-424b-9868-57a2d4851a1d" relativeResultsDirectory="51a523a5-0898-4bea-91bb-b2aef182d664" />
    <UnitTestResult executionId="d1d2662c-5349-4384-a9d2-7de14f7114dd" testId="a1243033-908d-4fc5-a459-3b6371604307" testName="V3 composition (V1)" computerName="DDBLD061B" duration="00:00:00.0780000" startTime="2015-04-27T07:08:48.1551028-07:00" endTime="2015-04-27T07:08:48.1551028-07:00" testType="13cdc9d9-ddb5-4fa4-a97d-d965ccfc6d4b" outcome="Passed" testListId="8c84fa94-04c1-424b-9868-57a2d4851a1d" relativeResultsDirectory="d1d2662c-5349-4384-a9d2-7de14f7114dd" />
    <UnitTestResult executionId="04603afd-8cad-4efb-bb4b-0ca46d13cb4a" testId="ba040b8f-fa5c-4a34-ba20-56e5840af0a4" testName="V3 engine (runtime)" computerName="DDBLD061B" duration="00:00:00.0010000" startTime="2015-04-27T07:08:48.8269064-07:00" endTime="2015-04-27T07:08:48.8269064-07:00" testType="13cdc9d9-ddb5-4fa4-a97d-d965ccfc6d4b" outcome="Passed" testListId="8c84fa94-04c1-424b-9868-57a2d4851a1d" relativeResultsDirectory="04603afd-8cad-4efb-bb4b-0ca46d13cb4a" />
    <UnitTestResult executionId="4c1f1c6b-4b5c-4912-9da9-fad037271908" testId="9e6b7c6d-fda8-4549-bfd9-544c1502cdbc" testName="V1" computerName="DDBLD061B" duration="00:00:00.0020000" startTime="2015-04-27T07:08:48.8269064-07:00" endTime="2015-04-27T07:08:48.8269064-07:00" testType="13cdc9d9-ddb5-4fa4-a97d-d965ccfc6d4b" outcome="Passed" testListId="8c84fa94-04c1-424b-9868-57a2d4851a1d" relativeResultsDirectory="4c1f1c6b-4b5c-4912-9da9-fad037271908" />
    <UnitTestResult executionId="67d81195-f337-4813-a5fc-ede6a255907f" testId="8d899163-67e7-4b4a-9577-eb1e47a3403b" testName="V3 engine (runtime)" computerName="DDBLD061B" duration="00:00:00.0010000" startTime="2015-04-27T07:08:48.8269064-07:00" endTime="2015-04-27T07:08:48.8269064-07:00" testType="13cdc9d9-ddb5-4fa4-a97d-d965ccfc6d4b" outcome="Passed" testListId="8c84fa94-04c1-424b-9868-57a2d4851a1d" relativeResultsDirectory="67d81195-f337-4813-a5fc-ede6a255907f" />
    <UnitTestResult executionId="3251caf5-392b-488e-accf-2c37ea520913" testId="1fbbdc37-8d0f-4ed7-9efb-56599e1887e6" testName="V3 composition (V1, V2)" computerName="DDBLD061B" duration="00:00:00.1740000" startTime="2015-04-27T07:08:48.8269064-07:00" endTime="2015-04-27T07:08:48.8269064-07:00" testType="13cdc9d9-ddb5-4fa4-a97d-d965ccfc6d4b" outcome="Passed" testListId="8c84fa94-04c1-424b-9868-57a2d4851a1d" relativeResultsDirectory="3251caf5-392b-488e-accf-2c37ea520913" />
    <UnitTestResult executionId="0a809f27-407c-4e6b-a127-ab9b48cf6f6b" testId="7743ee84-ada5-4235-9c83-c42b88beea8a" testName="V3 engine (runtime)" computerName="DDBLD061B" duration="00:00:00.0010000" startTime="2015-04-27T07:08:48.8269064-07:00" endTime="2015-04-27T07:08:48.8269064-07:00" testType="13cdc9d9-ddb5-4fa4-a97d-d965ccfc6d4b" outcome="Passed" testListId="8c84fa94-04c1-424b-9868-57a2d4851a1d" relativeResultsDirectory="0a809f27-407c-4e6b-a127-ab9b48cf6f6b" />
    <UnitTestResult executionId="a5bcb39f-98ad-4c94-85df-e801e55ef0d5" testId="60b1dbc2-620d-49ed-96cb-6db09f148370" testName="V3 composition (V2)" computerName="DDBLD061B" duration="00:00:00.0630000" startTime="2015-04-27T07:08:48.8269064-07:00" endTime="2015-04-27T07:08:48.8269064-07:00" testType="13cdc9d9-ddb5-4fa4-a97d-d965ccfc6d4b" outcome="Passed" testListId="8c84fa94-04c1-424b-9868-57a2d4851a1d" relativeResultsDirectory="a5bcb39f-98ad-4c94-85df-e801e55ef0d5" />
    <UnitTestResult executionId="ea0595d6-52e0-4955-93e6-1765a7f3ff20" testId="e901e80f-3010-44e2-bf07-8335c5064f6f" testName="V1" computerName="DDBLD061B" duration="00:00:00.0030000" startTime="2015-04-27T07:08:48.8269064-07:00" endTime="2015-04-27T07:08:48.8269064-07:00" testType="13cdc9d9-ddb5-4fa4-a97d-d965ccfc6d4b" outcome="Passed" testListId="8c84fa94-04c1-424b-9868-57a2d4851a1d" relativeResultsDirectory="ea0595d6-52e0-4955-93e6-1765a7f3ff20" />
    <UnitTestResult executionId="dde00d4a-8e37-441a-bf07-094908f30673" testId="d37cc685-7bcc-419e-b82c-246fbb12dc2d" testName="V3 engine (runtime)" computerName="DDBLD061B" duration="00:00:00.0010000" startTime="2015-04-27T07:08:48.8269064-07:00" endTime="2015-04-27T07:08:48.8269064-07:00" testType="13cdc9d9-ddb5-4fa4-a97d-d965ccfc6d4b" outcome="Passed" testListId="8c84fa94-04c1-424b-9868-57a2d4851a1d" relativeResultsDirectory="dde00d4a-8e37-441a-bf07-094908f30673" />
    <UnitTestResult executionId="a64f82fb-874b-4f39-bd90-5617e6ee688e" testId="95ef57f1-0c6a-4dc6-bd37-27c5b9eb407e" testName="V3 engine (runtime)" computerName="DDBLD061B" duration="00:00:00.0010000" startTime="2015-04-27T07:08:48.8269064-07:00" endTime="2015-04-27T07:08:48.8269064-07:00" testType="13cdc9d9-ddb5-4fa4-a97d-d965ccfc6d4b" outcome="Passed" testListId="8c84fa94-04c1-424b-9868-57a2d4851a1d" relativeResultsDirectory="a64f82fb-874b-4f39-bd90-5617e6ee688e" />
    <UnitTestResult executionId="c901c13a-24d9-43d0-8a0b-9e4a5a94bca1" testId="588f12f2-6bad-4505-abbf-9235ec4db042" testName="V3 composition (V1)" computerName="DDBLD061B" duration="00:00:00.0730000" startTime="2015-04-27T07:08:48.8269064-07:00" endTime="2015-04-27T07:08:48.8269064-07:00" testType="13cdc9d9-ddb5-4fa4-a97d-d965ccfc6d4b" outcome="Passed" testListId="8c84fa94-04c1-424b-9868-57a2d4851a1d" relativeResultsDirectory="c901c13a-24d9-43d0-8a0b-9e4a5a94bca1" />
    <UnitTestResult executionId="8c0956b8-a275-4cd7-b6ea-3de3de63ec4b" testId="84f556e7-ebdf-4f10-90f6-223ba622e263" testName="V3 engine (runtime)" computerName="DDBLD061B" duration="00:00:00.0010000" startTime="2015-04-27T07:08:49.2800250-07:00" endTime="2015-04-27T07:08:49.2800250-07:00" testType="13cdc9d9-ddb5-4fa4-a97d-d965ccfc6d4b" outcome="Passed" testListId="8c84fa94-04c1-424b-9868-57a2d4851a1d" relativeResultsDirectory="8c0956b8-a275-4cd7-b6ea-3de3de63ec4b" />
    <UnitTestResult executionId="95f9b338-6290-495e-9713-dbb69bfb6052" testId="9b1902b1-f4b8-4c4a-8269-f7161ddcc1ba" testName="V3 engine (runtime)" computerName="DDBLD061B" duration="00:00:00.0010000" startTime="2015-04-27T07:08:49.2800250-07:00" endTime="2015-04-27T07:08:49.2800250-07:00" testType="13cdc9d9-ddb5-4fa4-a97d-d965ccfc6d4b" outcome="Passed" testListId="8c84fa94-04c1-424b-9868-57a2d4851a1d" relativeResultsDirectory="95f9b338-6290-495e-9713-dbb69bfb6052" />
    <UnitTestResult executionId="6d43a711-19dc-4eaa-b305-33a638c84740" testId="009554b0-24b2-4bec-9440-cf9f6a58b262" testName="V3 composition (V1, V2)" computerName="DDBLD061B" duration="00:00:00.1820000" startTime="2015-04-27T07:08:49.2800250-07:00" endTime="2015-04-27T07:08:49.2800250-07:00" testType="13cdc9d9-ddb5-4fa4-a97d-d965ccfc6d4b" outcome="Passed" testListId="8c84fa94-04c1-424b-9868-57a2d4851a1d" relativeResultsDirectory="6d43a711-19dc-4eaa-b305-33a638c84740">
      <Output>
        <StdOut>Catalog AttributedPartDiscoveryV1 vs. AttributedPartDiscovery
      Part
          Type: Microsoft.VisualStudio.Composition.Tests.ImportingConstructorTests+PartWithImportingConstructorOfLazyPartImportingThis1
+         Part metadata:
+             SharingBoundary = 
          SharingBoundary: 
-         IsSharingBoundaryInferred: True
-         CreationPolicy: Any
+         IsSharingBoundaryInferred: False
+         CreationPolicy: Shared
          OnImportsSatisfied: &lt;null&gt;
          ExportedTypes:
              ExportDefinition
                  ContractName: Microsoft.VisualStudio.Composition.Tests.ImportingConstructorTests+PartWithImportingConstructorOfLazyPartImportingThis1
                  Metadata:
                      ExportTypeIdentity = Microsoft.VisualStudio.Composition.Tests.ImportingConstructorTests+PartWithImportingConstructorOfLazyPartImportingThis1
+                     System.ComponentModel.Composition.CreationPolicy = Shared
          ExportingMembers:
          ImportingMembers:
          ImportingConstructor:
              ImportDefinition:
                  ContractName: Microsoft.VisualStudio.Composition.Tests.ImportingConstructorTests+PartThatImportsTwoPartsWithImportingConstructorsOfLazyThis
                  Cardinality: ExactlyOne
                  Metadata:
                  ExportFactorySharingBoundaries: 
                  ExportConstraints: 
                      ExportTypeIdentityConstraint
                          TypeIdentityName: Microsoft.VisualStudio.Composition.Tests.ImportingConstructorTests+PartThatImportsTwoPartsWithImportingConstructorsOfLazyThis
              ComposablePartType: Microsoft.VisualStudio.Composition.Tests.ImportingConstructorTests+PartWithImportingConstructorOfLazyPartImportingThis1
              ImportingMember: 
              ParameterInfo: System.Lazy`1[Microsoft.VisualStudio.Composition.Tests.ImportingConstructorTests+PartThatImportsTwoPartsWithImportingConstructorsOfLazyThis] c
              ImportingSiteType: System.Lazy`1[Microsoft.VisualStudio.Composition.Tests.ImportingConstructorTests+PartThatImportsTwoPartsWithImportingConstructorsOfLazyThis]
      Part
          Type: Microsoft.VisualStudio.Composition.Tests.ImportingConstructorTests+PartWithImportingConstructorOfLazyPartImportingThis2
+         Part metadata:
+             SharingBoundary = 
          SharingBoundary: 
-         IsSharingBoundaryInferred: True
-         CreationPolicy: Any
+         IsSharingBoundaryInferred: False
+         CreationPolicy: Shared
          OnImportsSatisfied: &lt;null&gt;
          ExportedTypes:
              ExportDefinition
                  ContractName: Microsoft.VisualStudio.Composition.Tests.ImportingConstructorTests+PartWithImportingConstructorOfLazyPartImportingThis2
                  Metadata:
                      ExportTypeIdentity = Microsoft.VisualStudio.Composition.Tests.ImportingConstructorTests+PartWithImportingConstructorOfLazyPartImportingThis2
+                     System.ComponentModel.Composition.CreationPolicy = Shared
          ExportingMembers:
          ImportingMembers:
          ImportingConstructor:
              ImportDefinition:
                  ContractName: Microsoft.VisualStudio.Composition.Tests.ImportingConstructorTests+PartThatImportsTwoPartsWithImportingConstructorsOfLazyThis
                  Cardinality: ExactlyOne
                  Metadata:
                  ExportFactorySharingBoundaries: 
                  ExportConstraints: 
                      ExportTypeIdentityConstraint
                          TypeIdentityName: Microsoft.VisualStudio.Composition.Tests.ImportingConstructorTests+PartThatImportsTwoPartsWithImportingConstructorsOfLazyThis
              ComposablePartType: Microsoft.VisualStudio.Composition.Tests.ImportingConstructorTests+PartWithImportingConstructorOfLazyPartImportingThis2
              ImportingMember: 
              ParameterInfo: System.Lazy`1[Microsoft.VisualStudio.Composition.Tests.ImportingConstructorTests+PartThatImportsTwoPartsWithImportingConstructorsOfLazyThis] c
              ImportingSiteType: System.Lazy`1[Microsoft.VisualStudio.Composition.Tests.ImportingConstructorTests+PartThatImportsTwoPartsWithImportingConstructorsOfLazyThis]
      Part
          Type: Microsoft.VisualStudio.Composition.Tests.ImportingConstructorTests+PartThatImportsTwoPartsWithImportingConstructorsOfLazyThis
+         Part metadata:
+             SharingBoundary = 
          SharingBoundary: 
-         IsSharingBoundaryInferred: True
-         CreationPolicy: Any
+         IsSharingBoundaryInferred: False
+         CreationPolicy: Shared
          OnImportsSatisfied: &lt;null&gt;
          ExportedTypes:
              ExportDefinition
                  ContractName: Microsoft.VisualStudio.Composition.Tests.ImportingConstructorTests+PartThatImportsTwoPartsWithImportingConstructorsOfLazyThis
                  Metadata:
                      ExportTypeIdentity = Microsoft.VisualStudio.Composition.Tests.ImportingConstructorTests+PartThatImportsTwoPartsWithImportingConstructorsOfLazyThis
+                     System.ComponentModel.Composition.CreationPolicy = Shared
          ExportingMembers:
          ImportingMembers:
              ImportDefinition:
                  ContractName: Microsoft.VisualStudio.Composition.Tests.ImportingConstructorTests+PartWithImportingConstructorOfLazyPartImportingThis2
                  Cardinality: ExactlyOne
                  Metadata:
                  ExportFactorySharingBoundaries: 
                  ExportConstraints: 
                      ExportTypeIdentityConstraint
                          TypeIdentityName: Microsoft.VisualStudio.Composition.Tests.ImportingConstructorTests+PartWithImportingConstructorOfLazyPartImportingThis2
              ComposablePartType: Microsoft.VisualStudio.Composition.Tests.ImportingConstructorTests+PartThatImportsTwoPartsWithImportingConstructorsOfLazyThis
              ImportingMember: PartWithImportingConstructorOfLazyPartImportingThis2 B
              ParameterInfo: 
              ImportingSiteType: Microsoft.VisualStudio.Composition.Tests.ImportingConstructorTests+PartWithImportingConstructorOfLazyPartImportingThis2
              ImportDefinition:
                  ContractName: Microsoft.VisualStudio.Composition.Tests.ImportingConstructorTests+PartWithImportingConstructorOfLazyPartImportingThis1
                  Cardinality: ExactlyOne
                  Metadata:
                  ExportFactorySharingBoundaries: 
                  ExportConstraints: 
                      ExportTypeIdentityConstraint
                          TypeIdentityName: Microsoft.VisualStudio.Composition.Tests.ImportingConstructorTests+PartWithImportingConstructorOfLazyPartImportingThis1
              ComposablePartType: Microsoft.VisualStudio.Composition.Tests.ImportingConstructorTests+PartThatImportsTwoPartsWithImportingConstructorsOfLazyThis
              ImportingMember: PartWithImportingConstructorOfLazyPartImportingThis1 A
              ParameterInfo: 
              ImportingSiteType: Microsoft.VisualStudio.Composition.Tests.ImportingConstructorTests+PartWithImportingConstructorOfLazyPartImportingThis1
          ImportingConstructor:</StdOut>
      </Output>
    </UnitTestResult>
    <UnitTestResult executionId="58992dc1-fead-4264-b720-ef770f819e62" testId="9f54c783-445e-4f84-854b-0fd5fc5cdc78" testName="V3 composition (V1+V2)" computerName="DDBLD061B" duration="00:00:00.1090000" startTime="2015-04-27T07:08:49.2800250-07:00" endTime="2015-04-27T07:08:49.2800250-07:00" testType="13cdc9d9-ddb5-4fa4-a97d-d965ccfc6d4b" outcome="Passed" testListId="8c84fa94-04c1-424b-9868-57a2d4851a1d" relativeResultsDirectory="58992dc1-fead-4264-b720-ef770f819e62" />
    <UnitTestResult executionId="3f6405e4-4271-44e4-80c4-7632c8ad822a" testId="6d303521-32b4-4075-aa51-83a862a7dd4f" testName="V3 engine (runtime)" computerName="DDBLD061B" duration="00:00:00.0010000" startTime="2015-04-27T07:08:49.2800250-07:00" endTime="2015-04-27T07:08:49.2800250-07:00" testType="13cdc9d9-ddb5-4fa4-a97d-d965ccfc6d4b" outcome="Passed" testListId="8c84fa94-04c1-424b-9868-57a2d4851a1d" relativeResultsDirectory="3f6405e4-4271-44e4-80c4-7632c8ad822a" />
    <UnitTestResult executionId="ab849965-cd2d-4702-912d-9f6cb9b375c7" testId="e0f661ec-36fc-44a1-8c69-ab38d26ba240" testName="V3 engine (runtime)" computerName="DDBLD061B" duration="00:00:00.0140000" startTime="2015-04-27T07:08:49.2800250-07:00" endTime="2015-04-27T07:08:49.2800250-07:00" testType="13cdc9d9-ddb5-4fa4-a97d-d965ccfc6d4b" outcome="Passed" testListId="8c84fa94-04c1-424b-9868-57a2d4851a1d" relativeResultsDirectory="ab849965-cd2d-4702-912d-9f6cb9b375c7" />
    <UnitTestResult executionId="ba7538bd-6093-4dd1-8794-69e5e7fa2061" testId="3aef8c0e-6c5d-4663-a6f0-e2969a77033f" testName="V1" computerName="DDBLD061B" duration="00:00:00.0010000" startTime="2015-04-27T07:08:49.2800250-07:00" endTime="2015-04-27T07:08:49.2800250-07:00" testType="13cdc9d9-ddb5-4fa4-a97d-d965ccfc6d4b" outcome="Passed" testListId="8c84fa94-04c1-424b-9868-57a2d4851a1d" relativeResultsDirectory="ba7538bd-6093-4dd1-8794-69e5e7fa2061" />
    <UnitTestResult executionId="1ab547b6-5ec3-4f2a-9f3c-e4164dd96b53" testId="404937e7-ec6a-4282-b29e-722b38381c1e" testName="V3 composition (V2)" computerName="DDBLD061B" duration="00:00:00.0850000" startTime="2015-04-27T07:08:49.2800250-07:00" endTime="2015-04-27T07:08:49.2800250-07:00" testType="13cdc9d9-ddb5-4fa4-a97d-d965ccfc6d4b" outcome="Passed" testListId="8c84fa94-04c1-424b-9868-57a2d4851a1d" relativeResultsDirectory="1ab547b6-5ec3-4f2a-9f3c-e4164dd96b53" />
    <UnitTestResult executionId="c125d986-edc2-4523-90f8-0bd41f6fb781" testId="24fcec6e-e61c-40a3-a6d2-02b3d89a2208" testName="V1" computerName="DDBLD061B" duration="00:00:00.0030000" startTime="2015-04-27T07:08:49.2800250-07:00" endTime="2015-04-27T07:08:49.2800250-07:00" testType="13cdc9d9-ddb5-4fa4-a97d-d965ccfc6d4b" outcome="Passed" testListId="8c84fa94-04c1-424b-9868-57a2d4851a1d" relativeResultsDirectory="c125d986-edc2-4523-90f8-0bd41f6fb781" />
    <UnitTestResult executionId="c83e1796-0135-42ea-a0e1-3ce07673ee1a" testId="c423d44c-fd98-4601-a480-a454a6586946" testName="V3 composition (V1, V2)" computerName="DDBLD061B" duration="00:00:00.1810000" startTime="2015-04-27T07:08:49.2800250-07:00" endTime="2015-04-27T07:08:49.2800250-07:00" testType="13cdc9d9-ddb5-4fa4-a97d-d965ccfc6d4b" outcome="Passed" testListId="8c84fa94-04c1-424b-9868-57a2d4851a1d" relativeResultsDirectory="c83e1796-0135-42ea-a0e1-3ce07673ee1a">
      <Output>
        <StdOut>Catalog AttributedPartDiscoveryV1 vs. AttributedPartDiscovery
      Part
          Type: Microsoft.VisualStudio.Composition.Tests.CircularDependencyTests+PartWithImportingPropertyOfLazyImportingConstructor
+         Part metadata:
+             SharingBoundary = 
          SharingBoundary: 
-         IsSharingBoundaryInferred: True
-         CreationPolicy: Any
+         IsSharingBoundaryInferred: False
+         CreationPolicy: Shared
          OnImportsSatisfied: &lt;null&gt;
          ExportedTypes:
              ExportDefinition
                  ContractName: Microsoft.VisualStudio.Composition.Tests.CircularDependencyTests+PartWithImportingPropertyOfLazyImportingConstructor
                  Metadata:
                      ExportTypeIdentity = Microsoft.VisualStudio.Composition.Tests.CircularDependencyTests+PartWithImportingPropertyOfLazyImportingConstructor
+                     System.ComponentModel.Composition.CreationPolicy = Shared
          ExportingMembers:
          ImportingMembers:
              ImportDefinition:
                  ContractName: Microsoft.VisualStudio.Composition.Tests.CircularDependencyTests+PartWithLazyImportingConstructorOfPartWithImportingProperty
                  Cardinality: ExactlyOne
                  Metadata:
                  ExportFactorySharingBoundaries: 
                  ExportConstraints: 
                      ExportTypeIdentityConstraint
                          TypeIdentityName: Microsoft.VisualStudio.Composition.Tests.CircularDependencyTests+PartWithLazyImportingConstructorOfPartWithImportingProperty
              ComposablePartType: Microsoft.VisualStudio.Composition.Tests.CircularDependencyTests+PartWithImportingPropertyOfLazyImportingConstructor
              ImportingMember: PartWithLazyImportingConstructorOfPartWithImportingProperty PartWithImportingConstructor
              ParameterInfo: 
              ImportingSiteType: Microsoft.VisualStudio.Composition.Tests.CircularDependencyTests+PartWithLazyImportingConstructorOfPartWithImportingProperty
          ImportingConstructor:
      Part
          Type: Microsoft.VisualStudio.Composition.Tests.CircularDependencyTests+PartWithLazyImportingConstructorOfPartWithImportingProperty
+         Part metadata:
+             SharingBoundary = 
          SharingBoundary: 
-         IsSharingBoundaryInferred: True
-         CreationPolicy: Any
+         IsSharingBoundaryInferred: False
+         CreationPolicy: Shared
          OnImportsSatisfied: &lt;null&gt;
          ExportedTypes:
              ExportDefinition
                  ContractName: Microsoft.VisualStudio.Composition.Tests.CircularDependencyTests+PartWithLazyImportingConstructorOfPartWithImportingProperty
                  Metadata:
                      ExportTypeIdentity = Microsoft.VisualStudio.Composition.Tests.CircularDependencyTests+PartWithLazyImportingConstructorOfPartWithImportingProperty
+                     System.ComponentModel.Composition.CreationPolicy = Shared
          ExportingMembers:
          ImportingMembers:
          ImportingConstructor:
              ImportDefinition:
                  ContractName: Microsoft.VisualStudio.Composition.Tests.CircularDependencyTests+PartWithImportingPropertyOfLazyImportingConstructor
                  Cardinality: ExactlyOne
                  Metadata:
                  ExportFactorySharingBoundaries: 
                  ExportConstraints: 
                      ExportTypeIdentityConstraint
                          TypeIdentityName: Microsoft.VisualStudio.Composition.Tests.CircularDependencyTests+PartWithImportingPropertyOfLazyImportingConstructor
              ComposablePartType: Microsoft.VisualStudio.Composition.Tests.CircularDependencyTests+PartWithLazyImportingConstructorOfPartWithImportingProperty
              ImportingMember: 
              ParameterInfo: System.Lazy`1[Microsoft.VisualStudio.Composition.Tests.CircularDependencyTests+PartWithImportingPropertyOfLazyImportingConstructor] other
              ImportingSiteType: System.Lazy`1[Microsoft.VisualStudio.Composition.Tests.CircularDependencyTests+PartWithImportingPropertyOfLazyImportingConstructor]</StdOut>
      </Output>
    </UnitTestResult>
    <UnitTestResult executionId="ab2e4da5-b680-4cc8-85ab-e69a2a42b66c" testId="3d4bd5dc-d94f-485b-a6f4-4896700f2f24" testName="V3 composition (V2)" computerName="DDBLD061B" duration="00:00:00.1350000" startTime="2015-04-27T07:08:49.7488333-07:00" endTime="2015-04-27T07:08:49.7488333-07:00" testType="13cdc9d9-ddb5-4fa4-a97d-d965ccfc6d4b" outcome="Passed" testListId="8c84fa94-04c1-424b-9868-57a2d4851a1d" relativeResultsDirectory="ab2e4da5-b680-4cc8-85ab-e69a2a42b66c" />
    <UnitTestResult executionId="0e51211d-080f-4ed9-96aa-2efc283add52" testId="1665c00a-fd95-48f1-b134-51665dda7b65" testName="V3 composition (V1, V2)" computerName="DDBLD061B" duration="00:00:00.1430000" startTime="2015-04-27T07:08:49.7488333-07:00" endTime="2015-04-27T07:08:49.7488333-07:00" testType="13cdc9d9-ddb5-4fa4-a97d-d965ccfc6d4b" outcome="Passed" testListId="8c84fa94-04c1-424b-9868-57a2d4851a1d" relativeResultsDirectory="0e51211d-080f-4ed9-96aa-2efc283add52" />
    <UnitTestResult executionId="0a90802e-df36-4704-9f43-ad1275e5998a" testId="75783d45-52a3-4ef0-b7f7-ed64d5868ddc" testName="V1" computerName="DDBLD061B" duration="00:00:00.0040000" startTime="2015-04-27T07:08:49.7488333-07:00" endTime="2015-04-27T07:08:49.7488333-07:00" testType="13cdc9d9-ddb5-4fa4-a97d-d965ccfc6d4b" outcome="Passed" testListId="8c84fa94-04c1-424b-9868-57a2d4851a1d" relativeResultsDirectory="0a90802e-df36-4704-9f43-ad1275e5998a" />
    <UnitTestResult executionId="33312f9c-5bb4-427d-a24b-d33c5a119dac" testId="667a59b7-c773-4cec-a9b3-205d95ef9865" testName="V3 composition (V1)" computerName="DDBLD061B" duration="00:00:00.0990000" startTime="2015-04-27T07:08:49.7488333-07:00" endTime="2015-04-27T07:08:49.7488333-07:00" testType="13cdc9d9-ddb5-4fa4-a97d-d965ccfc6d4b" outcome="Passed" testListId="8c84fa94-04c1-424b-9868-57a2d4851a1d" relativeResultsDirectory="33312f9c-5bb4-427d-a24b-d33c5a119dac" />
    <UnitTestResult executionId="f4b684ec-c911-4e1b-bf8f-9f9b083ee77b" testId="3575ebb4-f3b7-4169-bbdd-666e2ee0429e" testName="V3 composition (V1)" computerName="DDBLD061B" duration="00:00:00.0990000" startTime="2015-04-27T07:08:49.7488333-07:00" endTime="2015-04-27T07:08:49.7488333-07:00" testType="13cdc9d9-ddb5-4fa4-a97d-d965ccfc6d4b" outcome="Passed" testListId="8c84fa94-04c1-424b-9868-57a2d4851a1d" relativeResultsDirectory="f4b684ec-c911-4e1b-bf8f-9f9b083ee77b" />
    <UnitTestResult executionId="af00ecab-e702-4fba-8964-009e532e01a8" testId="8bf9616e-56be-4672-9208-44c6775ac158" testName="V3 composition (V1)" computerName="DDBLD061B" duration="00:00:00.1340000" startTime="2015-04-27T07:08:49.7488333-07:00" endTime="2015-04-27T07:08:49.7488333-07:00" testType="13cdc9d9-ddb5-4fa4-a97d-d965ccfc6d4b" outcome="Passed" testListId="8c84fa94-04c1-424b-9868-57a2d4851a1d" relativeResultsDirectory="af00ecab-e702-4fba-8964-009e532e01a8" />
    <UnitTestResult executionId="a459dd99-d24e-4ec8-9d40-ef85e373caec" testId="1c25246c-a9b1-412a-bbf2-313176aa2d27" testName="V3 composition (V1, V2)" computerName="DDBLD061B" duration="00:00:00.2040000" startTime="2015-04-27T07:08:49.7488333-07:00" endTime="2015-04-27T07:08:49.7488333-07:00" testType="13cdc9d9-ddb5-4fa4-a97d-d965ccfc6d4b" outcome="Passed" testListId="8c84fa94-04c1-424b-9868-57a2d4851a1d" relativeResultsDirectory="a459dd99-d24e-4ec8-9d40-ef85e373caec">
      <Output>
        <StdOut>Catalog AttributedPartDiscoveryV1 vs. AttributedPartDiscovery
      Part
          Type: Microsoft.VisualStudio.Composition.Tests.ExportingMembersTests+ExportingMembersClass
-         SharingBoundary: 
-         IsSharingBoundaryInferred: True
-         CreationPolicy: Any
+         SharingBoundary: &lt;null&gt;
+         IsSharingBoundaryInferred: False
+         CreationPolicy: NonShared
          OnImportsSatisfied: &lt;null&gt;
          ExportedTypes:
          ExportingMembers:
-             SomeAction
-                 ContractName: Method
-                 Metadata:
-                     ExportTypeIdentity = System.Void()
-                     A = b
-                 ContractName: Method_Extra_Export
-                 Metadata:
-                     ExportTypeIdentity = System.Void()
-                     A = b
-             SomeAction
-                 ContractName: Method
-                 Metadata:
-                     ExportTypeIdentity = System.Void(System.Int32,System.String)
-                     A = b
-             SomeFunc
-                 ContractName: Method
-                 Metadata:
-                     ExportTypeIdentity = System.Boolean()
-                     A = b
-             SomeFunc
-                 ContractName: Method
-                 Metadata:
-                     ExportTypeIdentity = System.Boolean(System.Int32,System.String)
-                     A = b
              Property
                  ContractName: Property
                  Metadata:
                      ExportTypeIdentity = System.String
+                     System.ComponentModel.Composition.CreationPolicy = NonShared
                  ContractName: Property_Extra_Export
                  Metadata:
                      ExportTypeIdentity = System.String
+                     System.ComponentModel.Composition.CreationPolicy = NonShared
              PropertyGenericType
                  ContractName: PropertyGenericType
                  Metadata:
                      ExportTypeIdentity = System.Collections.Generic.Comparer(System.Int32)
-             DelegateReturningProperty
+                     System.ComponentModel.Composition.CreationPolicy = NonShared
-                 ContractName: DelegateReturningProperty
-                 Metadata:
-                     ExportTypeIdentity = System.String(System.String)
-                     A = b
-             Field
-                 ContractName: Field
-                 Metadata:
-                     ExportTypeIdentity = System.String
-                 ContractName: Field_Extra_Export
-                 Metadata:
-                     ExportTypeIdentity = System.String
          ImportingMembers:
          ImportingConstructor:
  
Catalog BeforeSerialization vs. AfterSerialization
      Part
          Type: Microsoft.VisualStudio.Composition.ExportMetadataViewInterfaceEmitProxy+MetadataViewProxyProvider
          Part metadata:
              VsMEFDgmlCategories = System.String[]
          SharingBoundary: &lt;null&gt;
          IsSharingBoundaryInferred: False
          CreationPolicy: NonShared
          OnImportsSatisfied: &lt;null&gt;
          ExportedTypes:
              ExportDefinition
                  ContractName: Microsoft.VisualStudio.Composition.IMetadataViewProvider
                  Metadata:
                      ExportTypeIdentity = Microsoft.VisualStudio.Composition.IMetadataViewProvider
                      System.ComponentModel.Composition.CreationPolicy = NonShared
                      OrderPrecedence = 50
          ExportingMembers:
          ImportingMembers:
          ImportingConstructor:
      Part
          Type: Microsoft.VisualStudio.Composition.NetFxAdapters+CompositionService
          Part metadata:
              VsMEFDgmlCategories = System.String[]
          SharingBoundary: &lt;null&gt;
          IsSharingBoundaryInferred: False
          CreationPolicy: NonShared
          OnImportsSatisfied: &lt;null&gt;
          ExportedTypes:
              ExportDefinition
                  ContractName: System.ComponentModel.Composition.ICompositionService
                  Metadata:
                      ExportTypeIdentity = System.ComponentModel.Composition.ICompositionService
                      System.ComponentModel.Composition.CreationPolicy = NonShared
          ExportingMembers:
          ImportingMembers:
          ImportingConstructor:
              ImportDefinition:
                  ContractName: Microsoft.VisualStudio.Composition.ExportProvider
                  Cardinality: ExactlyOne
                  Metadata:
                  ExportFactorySharingBoundaries: 
                  ExportConstraints: 
                      ExportTypeIdentityConstraint
                          TypeIdentityName: Microsoft.VisualStudio.Composition.ExportProvider
              ComposablePartType: Microsoft.VisualStudio.Composition.NetFxAdapters+CompositionService
              ImportingMember: 
              ParameterInfo: Microsoft.VisualStudio.Composition.ExportProvider exportProvider
              ImportingSiteType: Microsoft.VisualStudio.Composition.ExportProvider
      Part
          Type: Microsoft.VisualStudio.Composition.NetFxAdapters+MetadataViewImplProxy
          Part metadata:
              VsMEFDgmlCategories = System.String[]
          SharingBoundary: 
          IsSharingBoundaryInferred: True
          CreationPolicy: Any
          OnImportsSatisfied: &lt;null&gt;
          ExportedTypes:
              ExportDefinition
                  ContractName: Microsoft.VisualStudio.Composition.IMetadataViewProvider
                  Metadata:
                      ExportTypeIdentity = Microsoft.VisualStudio.Composition.IMetadataViewProvider
                      OrderPrecedence = 100
          ExportingMembers:
          ImportingMembers:
          ImportingConstructor:
      Part
          Type: Microsoft.VisualStudio.Composition.NetFxAdapters+AssemblyLoadCodeBasePathLoader
          Part metadata:
              VsMEFDgmlCategories = System.String[]
          SharingBoundary: 
          IsSharingBoundaryInferred: True
          CreationPolicy: Any
          OnImportsSatisfied: &lt;null&gt;
          ExportedTypes:
              ExportDefinition
                  ContractName: Microsoft.VisualStudio.Composition.IAssemblyLoader
                  Metadata:
                      ExportTypeIdentity = Microsoft.VisualStudio.Composition.IAssemblyLoader
                      OrderPrecedence = 100
          ExportingMembers:
          ImportingMembers:
          ImportingConstructor:
      Part
          Type: Microsoft.VisualStudio.Composition.Tests.ExportingMembersTests+ExportingMembersClass
          SharingBoundary: 
          IsSharingBoundaryInferred: True
          CreationPolicy: Any
          OnImportsSatisfied: &lt;null&gt;
          ExportedTypes:
          ExportingMembers:
+             Field
+                 ContractName: Field
+                 Metadata:
+                     ExportTypeIdentity = System.String
+                 ContractName: Field_Extra_Export
+                 Metadata:
+                     ExportTypeIdentity = System.String
              SomeAction
                  ContractName: Method
                  Metadata:
                      ExportTypeIdentity = System.Void()
                      A = b
                  ContractName: Method_Extra_Export
                  Metadata:
                      ExportTypeIdentity = System.Void()
                      A = b
              SomeAction
                  ContractName: Method
                  Metadata:
                      ExportTypeIdentity = System.Void(System.Int32,System.String)
                      A = b
              SomeFunc
                  ContractName: Method
                  Metadata:
                      ExportTypeIdentity = System.Boolean()
                      A = b
              SomeFunc
                  ContractName: Method
                  Metadata:
                      ExportTypeIdentity = System.Boolean(System.Int32,System.String)
                      A = b
              Property
                  ContractName: Property
                  Metadata:
                      ExportTypeIdentity = System.String
                  ContractName: Property_Extra_Export
                  Metadata:
                      ExportTypeIdentity = System.String
              PropertyGenericType
                  ContractName: PropertyGenericType
                  Metadata:
                      ExportTypeIdentity = System.Collections.Generic.Comparer(System.Int32)
              DelegateReturningProperty
                  ContractName: DelegateReturningProperty
                  Metadata:
                      ExportTypeIdentity = System.String(System.String)
                      A = b
-             Field
-                 ContractName: Field
-                 Metadata:
-                     ExportTypeIdentity = System.String
-                 ContractName: Field_Extra_Export
-                 Metadata:
-                     ExportTypeIdentity = System.String
          ImportingMembers:
          ImportingConstructor:</StdOut>
      </Output>
    </UnitTestResult>
    <UnitTestResult executionId="dcc747d8-f09e-4585-9231-edb4891a5dd9" testId="11d71ac9-5fe9-44e2-bbaf-ca847ba20672" testName="V3 engine (runtime)" computerName="DDBLD061B" duration="00:00:00.0010000" startTime="2015-04-27T07:08:49.7488333-07:00" endTime="2015-04-27T07:08:49.7488333-07:00" testType="13cdc9d9-ddb5-4fa4-a97d-d965ccfc6d4b" outcome="Passed" testListId="8c84fa94-04c1-424b-9868-57a2d4851a1d" relativeResultsDirectory="dcc747d8-f09e-4585-9231-edb4891a5dd9" />
    <UnitTestResult executionId="81faede0-1cdb-4ad9-ae91-e3bfcd6d48d3" testId="6f4887b0-2bff-4480-9954-b5e6ce3235e9" testName="AssemblyLoadContext" computerName="DDBLD061B" duration="00:00:00.1290000" startTime="2015-04-27T07:08:49.7488333-07:00" endTime="2015-04-27T07:08:49.7488333-07:00" testType="13cdc9d9-ddb5-4fa4-a97d-d965ccfc6d4b" outcome="Passed" testListId="8c84fa94-04c1-424b-9868-57a2d4851a1d" relativeResultsDirectory="81faede0-1cdb-4ad9-ae91-e3bfcd6d48d3" />
    <UnitTestResult executionId="7fc48a41-2e76-438d-a608-8505ec4a5c10" testId="f55f2f6c-b006-4e4c-93bb-16e80dc10669" testName="AssemblyDiscoveryOmitsNonDiscoverableParts_Combined" computerName="DDBLD061B" duration="00:00:00.0870000" startTime="2015-04-27T07:08:50.1238296-07:00" endTime="2015-04-27T07:08:50.1238296-07:00" testType="13cdc9d9-ddb5-4fa4-a97d-d965ccfc6d4b" outcome="Passed" testListId="8c84fa94-04c1-424b-9868-57a2d4851a1d" relativeResultsDirectory="7fc48a41-2e76-438d-a608-8505ec4a5c10" />
    <UnitTestResult executionId="70398c4e-e7e9-47cb-845d-5966c6f22457" testId="02eb0415-0334-45a3-8ffb-0d7445efcd2f" testName="V3 engine (runtime)" computerName="DDBLD061B" duration="00:00:00.0010000" startTime="2015-04-27T07:08:50.1238296-07:00" endTime="2015-04-27T07:08:50.1238296-07:00" testType="13cdc9d9-ddb5-4fa4-a97d-d965ccfc6d4b" outcome="Passed" testListId="8c84fa94-04c1-424b-9868-57a2d4851a1d" relativeResultsDirectory="70398c4e-e7e9-47cb-845d-5966c6f22457" />
    <UnitTestResult executionId="f4fa4a9c-8779-4f0c-9f71-bf60aa164b9b" testId="5d2e2535-d20e-44a6-b545-960461ac32a5" testName="V1" computerName="DDBLD061B" duration="00:00:00.0020000" startTime="2015-04-27T07:08:50.1238296-07:00" endTime="2015-04-27T07:08:50.1238296-07:00" testType="13cdc9d9-ddb5-4fa4-a97d-d965ccfc6d4b" outcome="Passed" testListId="8c84fa94-04c1-424b-9868-57a2d4851a1d" relativeResultsDirectory="f4fa4a9c-8779-4f0c-9f71-bf60aa164b9b" />
    <UnitTestResult executionId="8237a2a1-6c36-434a-a22a-18cf28be936e" testId="c1972f76-be19-4e38-aea3-b6b39d1b35f8" testName="V2" computerName="DDBLD061B" duration="00:00:00.0030000" startTime="2015-04-27T07:08:50.1238296-07:00" endTime="2015-04-27T07:08:50.1238296-07:00" testType="13cdc9d9-ddb5-4fa4-a97d-d965ccfc6d4b" outcome="Passed" testListId="8c84fa94-04c1-424b-9868-57a2d4851a1d" relativeResultsDirectory="8237a2a1-6c36-434a-a22a-18cf28be936e" />
    <UnitTestResult executionId="fdeca494-4e6b-48a5-8936-3157e83c3866" testId="e0864b39-e793-4da3-b655-ff2fdb8412d2" testName="V3 engine (runtime)" computerName="DDBLD061B" duration="00:00:00.0010000" startTime="2015-04-27T07:08:50.1238296-07:00" endTime="2015-04-27T07:08:50.1238296-07:00" testType="13cdc9d9-ddb5-4fa4-a97d-d965ccfc6d4b" outcome="Passed" testListId="8c84fa94-04c1-424b-9868-57a2d4851a1d" relativeResultsDirectory="fdeca494-4e6b-48a5-8936-3157e83c3866" />
    <UnitTestResult executionId="a2789792-f9b8-4a6a-9134-241e97886898" testId="8e7c76a5-cc6a-4a77-af05-2b18c53f0664" testName="V2" computerName="DDBLD061B" duration="00:00:00.0020000" startTime="2015-04-27T07:08:50.1238296-07:00" endTime="2015-04-27T07:08:50.1238296-07:00" testType="13cdc9d9-ddb5-4fa4-a97d-d965ccfc6d4b" outcome="Passed" testListId="8c84fa94-04c1-424b-9868-57a2d4851a1d" relativeResultsDirectory="a2789792-f9b8-4a6a-9134-241e97886898" />
    <UnitTestResult executionId="fb6d0419-b102-4f6f-886b-c6970e0da899" testId="80382391-27ae-4ddb-becc-e2617e992719" testName="V3 engine (runtime)" computerName="DDBLD061B" duration="00:00:00.0010000" startTime="2015-04-27T07:08:50.1238296-07:00" endTime="2015-04-27T07:08:50.1238296-07:00" testType="13cdc9d9-ddb5-4fa4-a97d-d965ccfc6d4b" outcome="Passed" testListId="8c84fa94-04c1-424b-9868-57a2d4851a1d" relativeResultsDirectory="fb6d0419-b102-4f6f-886b-c6970e0da899" />
    <UnitTestResult executionId="9f86723e-abf5-4d9b-96ba-e0e4949b296d" testId="fe27aaa0-31c2-42bc-9964-19b5eafe49a1" testName="V3 composition (V1)" computerName="DDBLD061B" duration="00:00:00.0850000" startTime="2015-04-27T07:08:50.1238296-07:00" endTime="2015-04-27T07:08:50.1238296-07:00" testType="13cdc9d9-ddb5-4fa4-a97d-d965ccfc6d4b" outcome="Passed" testListId="8c84fa94-04c1-424b-9868-57a2d4851a1d" relativeResultsDirectory="9f86723e-abf5-4d9b-96ba-e0e4949b296d" />
    <UnitTestResult executionId="7cf0f1c1-be73-4b18-a584-02d60ff58e13" testId="8096cf8b-ed6e-452d-9f89-e2b14344ab7b" testName="V1" computerName="DDBLD061B" duration="00:00:00.0010000" startTime="2015-04-27T07:08:50.1238296-07:00" endTime="2015-04-27T07:08:50.1238296-07:00" testType="13cdc9d9-ddb5-4fa4-a97d-d965ccfc6d4b" outcome="Passed" testListId="8c84fa94-04c1-424b-9868-57a2d4851a1d" relativeResultsDirectory="7cf0f1c1-be73-4b18-a584-02d60ff58e13" />
    <UnitTestResult executionId="54b8e21e-b7e7-4677-9ace-a8805bba9e83" testId="dca7e703-dd53-4f9e-aae1-ff6d6fe129cb" testName="V3 engine (runtime)" computerName="DDBLD061B" duration="00:00:00.0020000" startTime="2015-04-27T07:08:50.5613226-07:00" endTime="2015-04-27T07:08:50.5613226-07:00" testType="13cdc9d9-ddb5-4fa4-a97d-d965ccfc6d4b" outcome="Passed" testListId="8c84fa94-04c1-424b-9868-57a2d4851a1d" relativeResultsDirectory="54b8e21e-b7e7-4677-9ace-a8805bba9e83" />
    <UnitTestResult executionId="a29d8982-cf37-4042-aae5-aa4d59aed61d" testId="0704bc62-cac2-416d-8f9c-f8b77e5106d9" testName="V3 engine (runtime)" computerName="DDBLD061B" duration="00:00:00.0030000" startTime="2015-04-27T07:08:50.5613226-07:00" endTime="2015-04-27T07:08:50.5613226-07:00" testType="13cdc9d9-ddb5-4fa4-a97d-d965ccfc6d4b" outcome="Passed" testListId="8c84fa94-04c1-424b-9868-57a2d4851a1d" relativeResultsDirectory="a29d8982-cf37-4042-aae5-aa4d59aed61d" />
    <UnitTestResult executionId="ab40b24b-fe49-471d-92c0-9599b593e367" testId="2d342664-4ed2-4e6d-9d87-665495164af4" testName="V2" computerName="DDBLD061B" duration="00:00:00.0080000" startTime="2015-04-27T07:08:50.5613226-07:00" endTime="2015-04-27T07:08:50.5613226-07:00" testType="13cdc9d9-ddb5-4fa4-a97d-d965ccfc6d4b" outcome="Passed" testListId="8c84fa94-04c1-424b-9868-57a2d4851a1d" relativeResultsDirectory="ab40b24b-fe49-471d-92c0-9599b593e367" />
    <UnitTestResult executionId="32106bee-3242-4226-959d-2fdb7a4cba06" testId="16821303-9a4b-410f-a22a-a972b17ad15f" testName="V3 engine (runtime)" computerName="DDBLD061B" duration="00:00:00.0020000" startTime="2015-04-27T07:08:50.5613226-07:00" endTime="2015-04-27T07:08:50.5613226-07:00" testType="13cdc9d9-ddb5-4fa4-a97d-d965ccfc6d4b" outcome="Passed" testListId="8c84fa94-04c1-424b-9868-57a2d4851a1d" relativeResultsDirectory="32106bee-3242-4226-959d-2fdb7a4cba06" />
    <UnitTestResult executionId="3accef0c-5044-4c27-9635-1f4964a9e4c3" testId="859ddaa3-dcb7-4fdd-b37b-1b3ea5f14cb9" testName="V3 engine (runtime)" computerName="DDBLD061B" duration="00:00:00.0020000" startTime="2015-04-27T07:08:50.5613226-07:00" endTime="2015-04-27T07:08:50.5613226-07:00" testType="13cdc9d9-ddb5-4fa4-a97d-d965ccfc6d4b" outcome="Passed" testListId="8c84fa94-04c1-424b-9868-57a2d4851a1d" relativeResultsDirectory="3accef0c-5044-4c27-9635-1f4964a9e4c3" />
    <UnitTestResult executionId="31a22321-935d-440c-af4e-5b51fdf64ab9" testId="147ba4fd-f0d5-4544-a986-742d8fefc6ea" testName="V3 engine (runtime)" computerName="DDBLD061B" duration="00:00:00.0130000" startTime="2015-04-27T07:08:50.5613226-07:00" endTime="2015-04-27T07:08:50.5613226-07:00" testType="13cdc9d9-ddb5-4fa4-a97d-d965ccfc6d4b" outcome="Passed" testListId="8c84fa94-04c1-424b-9868-57a2d4851a1d" relativeResultsDirectory="31a22321-935d-440c-af4e-5b51fdf64ab9" />
    <UnitTestResult executionId="78561e28-700a-4f5e-949d-fa4d71c3b9a5" testId="f3806ef1-0e28-42b1-beb7-3c6f3c06a040" testName="V3 engine (runtime)" computerName="DDBLD061B" duration="00:00:00.0010000" startTime="2015-04-27T07:08:50.5613226-07:00" endTime="2015-04-27T07:08:50.5613226-07:00" testType="13cdc9d9-ddb5-4fa4-a97d-d965ccfc6d4b" outcome="Passed" testListId="8c84fa94-04c1-424b-9868-57a2d4851a1d" relativeResultsDirectory="78561e28-700a-4f5e-949d-fa4d71c3b9a5" />
    <UnitTestResult executionId="274caf8c-2d13-4598-be6e-f4d962784c79" testId="7a5de51f-8913-47b0-8ec4-4ee450abf892" testName="V1" computerName="DDBLD061B" duration="00:00:00.0020000" startTime="2015-04-27T07:08:50.5613226-07:00" endTime="2015-04-27T07:08:50.5613226-07:00" testType="13cdc9d9-ddb5-4fa4-a97d-d965ccfc6d4b" outcome="Passed" testListId="8c84fa94-04c1-424b-9868-57a2d4851a1d" relativeResultsDirectory="274caf8c-2d13-4598-be6e-f4d962784c79" />
    <UnitTestResult executionId="bafc8802-f9d8-4a4f-98be-fe6fc21f04ca" testId="a2adfbef-a47c-4ad3-86ed-099b66bb3fc7" testName="V3 engine (runtime)" computerName="DDBLD061B" duration="00:00:00.0150000" startTime="2015-04-27T07:08:50.5613226-07:00" endTime="2015-04-27T07:08:50.5613226-07:00" testType="13cdc9d9-ddb5-4fa4-a97d-d965ccfc6d4b" outcome="Passed" testListId="8c84fa94-04c1-424b-9868-57a2d4851a1d" relativeResultsDirectory="bafc8802-f9d8-4a4f-98be-fe6fc21f04ca" />
    <UnitTestResult executionId="3df57e68-5245-4845-a289-5e5dd32e3534" testId="b0374416-5231-400d-a573-0ba0a8f654e8" testName="V3 engine (runtime)" computerName="DDBLD061B" duration="00:00:00.0010000" startTime="2015-04-27T07:08:51.2956853-07:00" endTime="2015-04-27T07:08:51.2956853-07:00" testType="13cdc9d9-ddb5-4fa4-a97d-d965ccfc6d4b" outcome="Passed" testListId="8c84fa94-04c1-424b-9868-57a2d4851a1d" relativeResultsDirectory="3df57e68-5245-4845-a289-5e5dd32e3534" />
    <UnitTestResult executionId="d7d7809f-de2d-49a9-8beb-12c2c750e2c9" testId="ac9f81c2-fc1a-48b3-b5d4-ed74af605a17" testName="V1" computerName="DDBLD061B" duration="00:00:00.0030000" startTime="2015-04-27T07:08:51.2956853-07:00" endTime="2015-04-27T07:08:51.2956853-07:00" testType="13cdc9d9-ddb5-4fa4-a97d-d965ccfc6d4b" outcome="Passed" testListId="8c84fa94-04c1-424b-9868-57a2d4851a1d" relativeResultsDirectory="d7d7809f-de2d-49a9-8beb-12c2c750e2c9" />
    <UnitTestResult executionId="7dc7eb77-c995-4fd8-96d0-da573ee6307d" testId="25fec5db-defc-4a56-9b63-c454f9b33dc2" testName="V1" computerName="DDBLD061B" duration="00:00:00.0020000" startTime="2015-04-27T07:08:51.2956853-07:00" endTime="2015-04-27T07:08:51.2956853-07:00" testType="13cdc9d9-ddb5-4fa4-a97d-d965ccfc6d4b" outcome="Passed" testListId="8c84fa94-04c1-424b-9868-57a2d4851a1d" relativeResultsDirectory="7dc7eb77-c995-4fd8-96d0-da573ee6307d" />
    <UnitTestResult executionId="7e804f57-e146-4940-a730-b3d94d8f1339" testId="01fcc03f-266c-4265-880b-16a28c9a7ac4" testName="V3 engine (runtime)" computerName="DDBLD061B" duration="00:00:00.0010000" startTime="2015-04-27T07:08:51.2956853-07:00" endTime="2015-04-27T07:08:51.2956853-07:00" testType="13cdc9d9-ddb5-4fa4-a97d-d965ccfc6d4b" outcome="Passed" testListId="8c84fa94-04c1-424b-9868-57a2d4851a1d" relativeResultsDirectory="7e804f57-e146-4940-a730-b3d94d8f1339" />
    <UnitTestResult executionId="5d4b8a07-d3ca-4625-86a5-537ec46e923c" testId="8ed341d8-60f3-48c9-8a76-2c28d3da0d68" testName="V2" computerName="DDBLD061B" duration="00:00:00.0010000" startTime="2015-04-27T07:08:51.2956853-07:00" endTime="2015-04-27T07:08:51.2956853-07:00" testType="13cdc9d9-ddb5-4fa4-a97d-d965ccfc6d4b" outcome="Passed" testListId="8c84fa94-04c1-424b-9868-57a2d4851a1d" relativeResultsDirectory="5d4b8a07-d3ca-4625-86a5-537ec46e923c" />
    <UnitTestResult executionId="952c5ece-e83e-4509-9ae0-c1de034d0b1a" testId="cb98a503-59f8-47c9-af19-e5806ce0f9d8" testName="V3 composition (V1, V2)" computerName="DDBLD061B" duration="00:00:00.1860000" startTime="2015-04-27T07:08:51.2956853-07:00" endTime="2015-04-27T07:08:51.2956853-07:00" testType="13cdc9d9-ddb5-4fa4-a97d-d965ccfc6d4b" outcome="Passed" testListId="8c84fa94-04c1-424b-9868-57a2d4851a1d" relativeResultsDirectory="952c5ece-e83e-4509-9ae0-c1de034d0b1a" />
    <UnitTestResult executionId="68ebc56f-2b45-47b0-9a1a-3719be946907" testId="9e42d50b-eddb-43ab-b246-dbecba12fd30" testName="V3 composition (V1)" computerName="DDBLD061B" duration="00:00:00.0720000" startTime="2015-04-27T07:08:51.2956853-07:00" endTime="2015-04-27T07:08:51.2956853-07:00" testType="13cdc9d9-ddb5-4fa4-a97d-d965ccfc6d4b" outcome="Passed" testListId="8c84fa94-04c1-424b-9868-57a2d4851a1d" relativeResultsDirectory="68ebc56f-2b45-47b0-9a1a-3719be946907" />
    <UnitTestResult executionId="5535c6a2-369b-47df-bc6c-a979995530b9" testId="8b5d2a69-1052-424f-b940-561d1d865687" testName="V3 composition (V1, V2)" computerName="DDBLD061B" duration="00:00:00.1780000" startTime="2015-04-27T07:08:51.2956853-07:00" endTime="2015-04-27T07:08:51.2956853-07:00" testType="13cdc9d9-ddb5-4fa4-a97d-d965ccfc6d4b" outcome="Passed" testListId="8c84fa94-04c1-424b-9868-57a2d4851a1d" relativeResultsDirectory="5535c6a2-369b-47df-bc6c-a979995530b9">
      <Output>
        <StdOut>Catalog AttributedPartDiscoveryV1 vs. AttributedPartDiscovery
      Part
          Type: Microsoft.VisualStudio.Composition.Tests.ImportedExportProviderTests+PartThatExportsExportProvider
-         SharingBoundary: 
-         IsSharingBoundaryInferred: True
-         CreationPolicy: Any
+         SharingBoundary: &lt;null&gt;
+         IsSharingBoundaryInferred: False
+         CreationPolicy: NonShared
          OnImportsSatisfied: &lt;null&gt;
          ExportedTypes:
          ExportingMembers:
              ExportProvider
                  ContractName: Microsoft.VisualStudio.Composition.ExportProvider
                  Metadata:
                      ExportTypeIdentity = Microsoft.VisualStudio.Composition.ExportProvider
+                     System.ComponentModel.Composition.CreationPolicy = NonShared
          ImportingMembers:
          ImportingConstructor:</StdOut>
      </Output>
    </UnitTestResult>
    <UnitTestResult executionId="8c9afbd6-93f2-4d2f-b6bf-87da724d56f5" testId="4f3c0588-8dfa-498c-99f7-11c796399c04" testName="V3 composition (V1, V2)" computerName="DDBLD061B" duration="00:00:00.1620000" startTime="2015-04-27T07:08:51.2956853-07:00" endTime="2015-04-27T07:08:51.2956853-07:00" testType="13cdc9d9-ddb5-4fa4-a97d-d965ccfc6d4b" outcome="Passed" testListId="8c84fa94-04c1-424b-9868-57a2d4851a1d" relativeResultsDirectory="8c9afbd6-93f2-4d2f-b6bf-87da724d56f5">
      <Output>
        <StdOut>Catalog AttributedPartDiscoveryV1 vs. AttributedPartDiscovery
      Part
          Type: Microsoft.VisualStudio.Composition.Tests.NamedTypedExportTests+Pear
-         SharingBoundary: 
-         IsSharingBoundaryInferred: True
-         CreationPolicy: Any
+         SharingBoundary: &lt;null&gt;
+         IsSharingBoundaryInferred: False
+         CreationPolicy: NonShared
          OnImportsSatisfied: &lt;null&gt;
          ExportedTypes:
              ExportDefinition
                  ContractName: Pear
                  Metadata:
                      ExportTypeIdentity = Microsoft.VisualStudio.Composition.Tests.NamedTypedExportTests+Fruit
+                     System.ComponentModel.Composition.CreationPolicy = NonShared
          ExportingMembers:
          ImportingMembers:
          ImportingConstructor:
      Part
          Type: Microsoft.VisualStudio.Composition.Tests.NamedTypedExportTests+Apple
+         Part metadata:
+             SharingBoundary = 
          SharingBoundary: 
-         IsSharingBoundaryInferred: True
-         CreationPolicy: Any
+         IsSharingBoundaryInferred: False
+         CreationPolicy: Shared
          OnImportsSatisfied: &lt;null&gt;
          ExportedTypes:
              ExportDefinition
                  ContractName: Microsoft.VisualStudio.Composition.Tests.NamedTypedExportTests+Fruit
                  Metadata:
                      ExportTypeIdentity = Microsoft.VisualStudio.Composition.Tests.NamedTypedExportTests+Fruit
+                     System.ComponentModel.Composition.CreationPolicy = Shared
          ExportingMembers:
          ImportingMembers:
          ImportingConstructor:
      Part
          Type: Microsoft.VisualStudio.Composition.Tests.NamedTypedExportTests+FruitTree
-         SharingBoundary: 
-         IsSharingBoundaryInferred: True
-         CreationPolicy: Any
+         SharingBoundary: &lt;null&gt;
+         IsSharingBoundaryInferred: False
+         CreationPolicy: NonShared
          OnImportsSatisfied: &lt;null&gt;
          ExportedTypes:
              ExportDefinition
                  ContractName: Microsoft.VisualStudio.Composition.Tests.NamedTypedExportTests+FruitTree
                  Metadata:
                      ExportTypeIdentity = Microsoft.VisualStudio.Composition.Tests.NamedTypedExportTests+FruitTree
+                     System.ComponentModel.Composition.CreationPolicy = NonShared
          ExportingMembers:
          ImportingMembers:
              ImportDefinition:
                  ContractName: Pear
                  Cardinality: ExactlyOne
                  Metadata:
                  ExportFactorySharingBoundaries: 
                  ExportConstraints: 
                      ExportTypeIdentityConstraint
                          TypeIdentityName: Microsoft.VisualStudio.Composition.Tests.NamedTypedExportTests+Fruit
              ComposablePartType: Microsoft.VisualStudio.Composition.Tests.NamedTypedExportTests+FruitTree
              ImportingMember: Fruit Pear
              ParameterInfo: 
              ImportingSiteType: Microsoft.VisualStudio.Composition.Tests.NamedTypedExportTests+Fruit
          ImportingConstructor:</StdOut>
      </Output>
    </UnitTestResult>
    <UnitTestResult executionId="2dbb8cb3-a56f-4a3f-828d-509dcf66a559" testId="b7a2b4f7-8568-401d-97a3-42b8f580815e" testName="V3 engine (runtime)" computerName="DDBLD061B" duration="00:00:00.0010000" startTime="2015-04-27T07:08:51.5926120-07:00" endTime="2015-04-27T07:08:51.5926120-07:00" testType="13cdc9d9-ddb5-4fa4-a97d-d965ccfc6d4b" outcome="Passed" testListId="8c84fa94-04c1-424b-9868-57a2d4851a1d" relativeResultsDirectory="2dbb8cb3-a56f-4a3f-828d-509dcf66a559" />
    <UnitTestResult executionId="b4b935be-112e-4211-af96-91e590c8594a" testId="35ff8fa2-3111-46a9-b3ca-ef02c971a671" testName="V3 composition (V1)" computerName="DDBLD061B" duration="00:00:00.0720000" startTime="2015-04-27T07:08:51.5926120-07:00" endTime="2015-04-27T07:08:51.5926120-07:00" testType="13cdc9d9-ddb5-4fa4-a97d-d965ccfc6d4b" outcome="Passed" testListId="8c84fa94-04c1-424b-9868-57a2d4851a1d" relativeResultsDirectory="b4b935be-112e-4211-af96-91e590c8594a" />
    <UnitTestResult executionId="05e1af9a-ca7a-4244-b245-6ba3e9b28515" testId="48d96bae-cbe7-4771-a791-d8293b71603b" testName="V1" computerName="DDBLD061B" duration="00:00:00.0010000" startTime="2015-04-27T07:08:51.5926120-07:00" endTime="2015-04-27T07:08:51.5926120-07:00" testType="13cdc9d9-ddb5-4fa4-a97d-d965ccfc6d4b" outcome="Passed" testListId="8c84fa94-04c1-424b-9868-57a2d4851a1d" relativeResultsDirectory="05e1af9a-ca7a-4244-b245-6ba3e9b28515" />
    <UnitTestResult executionId="41c9434a-363d-40f9-8a7c-e67b2750a740" testId="3e8db224-6bf5-41b0-aec1-6f28dec6a556" testName="V3 engine (runtime)" computerName="DDBLD061B" duration="00:00:00.0010000" startTime="2015-04-27T07:08:51.5926120-07:00" endTime="2015-04-27T07:08:51.5926120-07:00" testType="13cdc9d9-ddb5-4fa4-a97d-d965ccfc6d4b" outcome="Passed" testListId="8c84fa94-04c1-424b-9868-57a2d4851a1d" relativeResultsDirectory="41c9434a-363d-40f9-8a7c-e67b2750a740" />
    <UnitTestResult executionId="a5109472-340c-45c5-b903-fe3a73b5ca8f" testId="ff5fa0fc-5522-4b2a-adde-10fc8a126e42" testName="V3 composition (V2)" computerName="DDBLD061B" duration="00:00:00.0510000" startTime="2015-04-27T07:08:51.5926120-07:00" endTime="2015-04-27T07:08:51.5926120-07:00" testType="13cdc9d9-ddb5-4fa4-a97d-d965ccfc6d4b" outcome="Passed" testListId="8c84fa94-04c1-424b-9868-57a2d4851a1d" relativeResultsDirectory="a5109472-340c-45c5-b903-fe3a73b5ca8f" />
    <UnitTestResult executionId="54baabd7-09e9-477e-9f71-38f563c21ca0" testId="89ee8625-d9e0-47c5-9b16-6d19cd2e44f2" testName="V1" computerName="DDBLD061B" duration="00:00:00.0010000" startTime="2015-04-27T07:08:51.5926120-07:00" endTime="2015-04-27T07:08:51.5926120-07:00" testType="13cdc9d9-ddb5-4fa4-a97d-d965ccfc6d4b" outcome="Passed" testListId="8c84fa94-04c1-424b-9868-57a2d4851a1d" relativeResultsDirectory="54baabd7-09e9-477e-9f71-38f563c21ca0" />
    <UnitTestResult executionId="64843b34-536d-43f5-a571-eac780e40f64" testId="b5fc298a-7a52-43f7-9ffe-6dcdbdfd8a26" testName="V2" computerName="DDBLD061B" duration="00:00:00.0010000" startTime="2015-04-27T07:08:51.5926120-07:00" endTime="2015-04-27T07:08:51.5926120-07:00" testType="13cdc9d9-ddb5-4fa4-a97d-d965ccfc6d4b" outcome="Passed" testListId="8c84fa94-04c1-424b-9868-57a2d4851a1d" relativeResultsDirectory="64843b34-536d-43f5-a571-eac780e40f64" />
    <UnitTestResult executionId="77504bb9-ac92-4272-93f0-6e5da8925026" testId="12a06f08-7a26-4904-a1b1-ccf41742c358" testName="V3 engine (runtime)" computerName="DDBLD061B" duration="00:00:00.0010000" startTime="2015-04-27T07:08:51.5926120-07:00" endTime="2015-04-27T07:08:51.5926120-07:00" testType="13cdc9d9-ddb5-4fa4-a97d-d965ccfc6d4b" outcome="Passed" testListId="8c84fa94-04c1-424b-9868-57a2d4851a1d" relativeResultsDirectory="77504bb9-ac92-4272-93f0-6e5da8925026" />
    <UnitTestResult executionId="6417f6b0-98d5-4d8b-9e8e-11ebf76990a0" testId="31c90a4f-a817-4795-ac1f-1b0365e11b88" testName="V2" computerName="DDBLD061B" duration="00:00:00.0010000" startTime="2015-04-27T07:08:51.5926120-07:00" endTime="2015-04-27T07:08:51.5926120-07:00" testType="13cdc9d9-ddb5-4fa4-a97d-d965ccfc6d4b" outcome="Passed" testListId="8c84fa94-04c1-424b-9868-57a2d4851a1d" relativeResultsDirectory="6417f6b0-98d5-4d8b-9e8e-11ebf76990a0" />
    <UnitTestResult executionId="b8daa8f8-f65a-4622-8db2-96caa8e9b5fc" testId="5c39e060-0a36-486f-9bf6-94aa08a40779" testName="V3 composition (V1, V2)" computerName="DDBLD061B" duration="00:00:00.1030000" startTime="2015-04-27T07:08:51.5926120-07:00" endTime="2015-04-27T07:08:51.5926120-07:00" testType="13cdc9d9-ddb5-4fa4-a97d-d965ccfc6d4b" outcome="Passed" testListId="8c84fa94-04c1-424b-9868-57a2d4851a1d" relativeResultsDirectory="b8daa8f8-f65a-4622-8db2-96caa8e9b5fc" />
    <UnitTestResult executionId="bddfa515-fa4e-461e-8353-9f42cebaa64d" testId="60e405bb-9223-44d2-8c36-aafc119a5460" testName="V3 engine (runtime)" computerName="DDBLD061B" duration="00:00:00.0010000" startTime="2015-04-27T07:08:51.9362389-07:00" endTime="2015-04-27T07:08:51.9362389-07:00" testType="13cdc9d9-ddb5-4fa4-a97d-d965ccfc6d4b" outcome="Passed" testListId="8c84fa94-04c1-424b-9868-57a2d4851a1d" relativeResultsDirectory="bddfa515-fa4e-461e-8353-9f42cebaa64d" />
    <UnitTestResult executionId="2e6aaba5-13fe-4342-9a16-9b543fde30f6" testId="99d53e3d-a3ed-489c-89a6-ab8cd9f1a7f7" testName="V1" computerName="DDBLD061B" duration="00:00:00.0010000" startTime="2015-04-27T07:08:51.9362389-07:00" endTime="2015-04-27T07:08:51.9362389-07:00" testType="13cdc9d9-ddb5-4fa4-a97d-d965ccfc6d4b" outcome="Passed" testListId="8c84fa94-04c1-424b-9868-57a2d4851a1d" relativeResultsDirectory="2e6aaba5-13fe-4342-9a16-9b543fde30f6" />
    <UnitTestResult executionId="8ccd0937-823c-4ba5-9613-25d7ce1906f5" testId="1ffc6ef3-ca87-4678-b145-6bfbb3c2405f" testName="V3 engine (runtime)" computerName="DDBLD061B" duration="00:00:00.0010000" startTime="2015-04-27T07:08:51.9362389-07:00" endTime="2015-04-27T07:08:51.9362389-07:00" testType="13cdc9d9-ddb5-4fa4-a97d-d965ccfc6d4b" outcome="Passed" testListId="8c84fa94-04c1-424b-9868-57a2d4851a1d" relativeResultsDirectory="8ccd0937-823c-4ba5-9613-25d7ce1906f5" />
    <UnitTestResult executionId="e59a1057-1ab4-4588-9bdb-feae337d8eb5" testId="431ec02f-ecc8-49d5-a436-d4f6b3b32881" testName="V3 engine (runtime)" computerName="DDBLD061B" duration="00:00:00.0010000" startTime="2015-04-27T07:08:51.9362389-07:00" endTime="2015-04-27T07:08:51.9362389-07:00" testType="13cdc9d9-ddb5-4fa4-a97d-d965ccfc6d4b" outcome="Passed" testListId="8c84fa94-04c1-424b-9868-57a2d4851a1d" relativeResultsDirectory="e59a1057-1ab4-4588-9bdb-feae337d8eb5" />
    <UnitTestResult executionId="d1884283-2fde-46e0-a5d7-0b942a26bab8" testId="f3a2720e-3838-43b0-9f19-59f9c251b114" testName="V1" computerName="DDBLD061B" duration="00:00:00.0010000" startTime="2015-04-27T07:08:51.9362389-07:00" endTime="2015-04-27T07:08:51.9362389-07:00" testType="13cdc9d9-ddb5-4fa4-a97d-d965ccfc6d4b" outcome="Passed" testListId="8c84fa94-04c1-424b-9868-57a2d4851a1d" relativeResultsDirectory="d1884283-2fde-46e0-a5d7-0b942a26bab8" />
    <UnitTestResult executionId="7d832200-de79-4f54-ac05-c9b9d6279eb3" testId="79f2ef6b-09f6-4e18-b702-99786394b7ee" testName="V3 composition (V2)" computerName="DDBLD061B" duration="00:00:00.0650000" startTime="2015-04-27T07:08:51.9362389-07:00" endTime="2015-04-27T07:08:51.9362389-07:00" testType="13cdc9d9-ddb5-4fa4-a97d-d965ccfc6d4b" outcome="Passed" testListId="8c84fa94-04c1-424b-9868-57a2d4851a1d" relativeResultsDirectory="7d832200-de79-4f54-ac05-c9b9d6279eb3" />
    <UnitTestResult executionId="0b18a577-443e-4bf3-a7de-70f7770d8618" testId="b5ff07c1-1dbf-40f8-8d68-33cdbcb1b1f9" testName="V2" computerName="DDBLD061B" duration="00:00:00.3330000" startTime="2015-04-27T07:08:51.9362389-07:00" endTime="2015-04-27T07:08:51.9362389-07:00" testType="13cdc9d9-ddb5-4fa4-a97d-d965ccfc6d4b" outcome="Passed" testListId="8c84fa94-04c1-424b-9868-57a2d4851a1d" relativeResultsDirectory="0b18a577-443e-4bf3-a7de-70f7770d8618" />
    <UnitTestResult executionId="ece544fd-24c5-4765-81a7-6766d09ac582" testId="ba31aba4-e972-4b6a-b357-c774e2ccaffb" testName="V3 composition (V1)" computerName="DDBLD061B" duration="00:00:00.0530000" startTime="2015-04-27T07:08:51.9362389-07:00" endTime="2015-04-27T07:08:51.9362389-07:00" testType="13cdc9d9-ddb5-4fa4-a97d-d965ccfc6d4b" outcome="Passed" testListId="8c84fa94-04c1-424b-9868-57a2d4851a1d" relativeResultsDirectory="ece544fd-24c5-4765-81a7-6766d09ac582" />
    <UnitTestResult executionId="3e8cefc4-250c-49aa-b253-4c2b1bfd5e2b" testId="7905276d-7493-45cf-ac0d-96d6c57aecfd" testName="V3 engine (runtime)" computerName="DDBLD061B" duration="00:00:00.0010000" startTime="2015-04-27T07:08:52.1862380-07:00" endTime="2015-04-27T07:08:52.1862380-07:00" testType="13cdc9d9-ddb5-4fa4-a97d-d965ccfc6d4b" outcome="Passed" testListId="8c84fa94-04c1-424b-9868-57a2d4851a1d" relativeResultsDirectory="3e8cefc4-250c-49aa-b253-4c2b1bfd5e2b" />
    <UnitTestResult executionId="c96e7606-670d-4835-867d-cc99e6160522" testId="02ae68c5-352c-48d6-a1c9-b6907fd83479" testName="V3 composition (V1)" computerName="DDBLD061B" duration="00:00:00.0520000" startTime="2015-04-27T07:08:52.1862380-07:00" endTime="2015-04-27T07:08:52.1862380-07:00" testType="13cdc9d9-ddb5-4fa4-a97d-d965ccfc6d4b" outcome="Passed" testListId="8c84fa94-04c1-424b-9868-57a2d4851a1d" relativeResultsDirectory="c96e7606-670d-4835-867d-cc99e6160522" />
    <UnitTestResult executionId="c1b3f39a-c6b9-47ba-8a7a-dcb2066d0431" testId="9b194903-dea5-44e4-b112-fb5332f6c369" testName="V3 composition (V1, V2)" computerName="DDBLD061B" duration="00:00:00.1630000" startTime="2015-04-27T07:08:52.1862380-07:00" endTime="2015-04-27T07:08:52.1862380-07:00" testType="13cdc9d9-ddb5-4fa4-a97d-d965ccfc6d4b" outcome="Passed" testListId="8c84fa94-04c1-424b-9868-57a2d4851a1d" relativeResultsDirectory="c1b3f39a-c6b9-47ba-8a7a-dcb2066d0431">
      <Output>
        <StdOut>Catalog AttributedPartDiscoveryV1 vs. AttributedPartDiscovery
      Part
          Type: Microsoft.VisualStudio.Composition.Tests.InvalidGraphTests+PartWithMissingImport
-         SharingBoundary: 
-         IsSharingBoundaryInferred: True
-         CreationPolicy: Any
+         SharingBoundary: &lt;null&gt;
+         IsSharingBoundaryInferred: False
+         CreationPolicy: NonShared
          OnImportsSatisfied: &lt;null&gt;
          ExportedTypes:
              ExportDefinition
                  ContractName: Microsoft.VisualStudio.Composition.Tests.InvalidGraphTests+PartWithMissingImport
                  Metadata:
                      ExportTypeIdentity = Microsoft.VisualStudio.Composition.Tests.InvalidGraphTests+PartWithMissingImport
+                     System.ComponentModel.Composition.CreationPolicy = NonShared
          ExportingMembers:
          ImportingMembers:
              ImportDefinition:
                  ContractName: System.IFormattable
                  Cardinality: ExactlyOne
                  Metadata:
                  ExportFactorySharingBoundaries: 
                  ExportConstraints: 
                      ExportTypeIdentityConstraint
                          TypeIdentityName: System.IFormattable
              ComposablePartType: Microsoft.VisualStudio.Composition.Tests.InvalidGraphTests+PartWithMissingImport
              ImportingMember: System.IFormattable MissingImportProperty
              ParameterInfo: 
              ImportingSiteType: System.IFormattable
          ImportingConstructor:
      Part
          Type: Microsoft.VisualStudio.Composition.Tests.InvalidGraphTests+PartThatRequiresPartWithMissingImport
-         SharingBoundary: 
-         IsSharingBoundaryInferred: True
-         CreationPolicy: Any
+         SharingBoundary: &lt;null&gt;
+         IsSharingBoundaryInferred: False
+         CreationPolicy: NonShared
          OnImportsSatisfied: &lt;null&gt;
          ExportedTypes:
              ExportDefinition
                  ContractName: Microsoft.VisualStudio.Composition.Tests.InvalidGraphTests+PartThatRequiresPartWithMissingImport
                  Metadata:
                      ExportTypeIdentity = Microsoft.VisualStudio.Composition.Tests.InvalidGraphTests+PartThatRequiresPartWithMissingImport
+                     System.ComponentModel.Composition.CreationPolicy = NonShared
          ExportingMembers:
          ImportingMembers:
              ImportDefinition:
                  ContractName: Microsoft.VisualStudio.Composition.Tests.InvalidGraphTests+PartWithMissingImport
                  Cardinality: ExactlyOne
                  Metadata:
                  ExportFactorySharingBoundaries: 
                  ExportConstraints: 
                      ExportTypeIdentityConstraint
                          TypeIdentityName: Microsoft.VisualStudio.Composition.Tests.InvalidGraphTests+PartWithMissingImport
              ComposablePartType: Microsoft.VisualStudio.Composition.Tests.InvalidGraphTests+PartThatRequiresPartWithMissingImport
              ImportingMember: PartWithMissingImport ImportOfPartWithMissingImport
              ParameterInfo: 
              ImportingSiteType: Microsoft.VisualStudio.Composition.Tests.InvalidGraphTests+PartWithMissingImport
          ImportingConstructor:
      Part
          Type: Microsoft.VisualStudio.Composition.Tests.InvalidGraphTests+PartThatOptionallyImportsPartWithMissingImport
-         SharingBoundary: 
-         IsSharingBoundaryInferred: True
-         CreationPolicy: Any
+         SharingBoundary: &lt;null&gt;
+         IsSharingBoundaryInferred: False
+         CreationPolicy: NonShared
          OnImportsSatisfied: &lt;null&gt;
          ExportedTypes:
              ExportDefinition
                  ContractName: Microsoft.VisualStudio.Composition.Tests.InvalidGraphTests+PartThatOptionallyImportsPartWithMissingImport
                  Metadata:
                      ExportTypeIdentity = Microsoft.VisualStudio.Composition.Tests.InvalidGraphTests+PartThatOptionallyImportsPartWithMissingImport
+                     System.ComponentModel.Composition.CreationPolicy = NonShared
          ExportingMembers:
          ImportingMembers:
              ImportDefinition:
                  ContractName: Microsoft.VisualStudio.Composition.Tests.InvalidGraphTests+PartWithMissingImport
                  Cardinality: OneOrZero
                  Metadata:
                  ExportFactorySharingBoundaries: 
                  ExportConstraints: 
                      ExportTypeIdentityConstraint
                          TypeIdentityName: Microsoft.VisualStudio.Composition.Tests.InvalidGraphTests+PartWithMissingImport
              ComposablePartType: Microsoft.VisualStudio.Composition.Tests.InvalidGraphTests+PartThatOptionallyImportsPartWithMissingImport
              ImportingMember: PartWithMissingImport ImportOfPartWithMissingImport
              ParameterInfo: 
              ImportingSiteType: Microsoft.VisualStudio.Composition.Tests.InvalidGraphTests+PartWithMissingImport
          ImportingConstructor:
      Part
          Type: Microsoft.VisualStudio.Composition.Tests.InvalidGraphTests+PartWithSatisfiedImports
-         SharingBoundary: 
-         IsSharingBoundaryInferred: True
-         CreationPolicy: Any
+         SharingBoundary: &lt;null&gt;
+         IsSharingBoundaryInferred: False
+         CreationPolicy: NonShared
          OnImportsSatisfied: &lt;null&gt;
          ExportedTypes:
              ExportDefinition
                  ContractName: Microsoft.VisualStudio.Composition.Tests.InvalidGraphTests+PartWithSatisfiedImports
                  Metadata:
                      ExportTypeIdentity = Microsoft.VisualStudio.Composition.Tests.InvalidGraphTests+PartWithSatisfiedImports
+                     System.ComponentModel.Composition.CreationPolicy = NonShared
          ExportingMembers:
          ImportingMembers:
              ImportDefinition:
                  ContractName: Microsoft.VisualStudio.Composition.Tests.InvalidGraphTests+SomePart
                  Cardinality: ExactlyOne
                  Metadata:
                  ExportFactorySharingBoundaries: 
                  ExportConstraints: 
                      ExportTypeIdentityConstraint
                          TypeIdentityName: Microsoft.VisualStudio.Composition.Tests.InvalidGraphTests+SomePart
              ComposablePartType: Microsoft.VisualStudio.Composition.Tests.InvalidGraphTests+PartWithSatisfiedImports
              ImportingMember: SomePart SatisfiedImport
              ParameterInfo: 
              ImportingSiteType: Microsoft.VisualStudio.Composition.Tests.InvalidGraphTests+SomePart
          ImportingConstructor:
      Part
          Type: Microsoft.VisualStudio.Composition.Tests.InvalidGraphTests+SomePart
-         SharingBoundary: 
-         IsSharingBoundaryInferred: True
-         CreationPolicy: Any
+         SharingBoundary: &lt;null&gt;
+         IsSharingBoundaryInferred: False
+         CreationPolicy: NonShared
          OnImportsSatisfied: &lt;null&gt;
          ExportedTypes:
              ExportDefinition
                  ContractName: Microsoft.VisualStudio.Composition.Tests.InvalidGraphTests+SomePart
                  Metadata:
                      ExportTypeIdentity = Microsoft.VisualStudio.Composition.Tests.InvalidGraphTests+SomePart
+                     System.ComponentModel.Composition.CreationPolicy = NonShared
          ExportingMembers:
          ImportingMembers:
          ImportingConstructor:</StdOut>
      </Output>
    </UnitTestResult>
    <UnitTestResult executionId="ec2d7af1-2d2f-46db-ac61-318a8cb514ae" testId="74ccb9eb-cf13-47f0-90af-5cbb162de571" testName="V2" computerName="DDBLD061B" duration="00:00:00.0030000" startTime="2015-04-27T07:08:52.1862380-07:00" endTime="2015-04-27T07:08:52.1862380-07:00" testType="13cdc9d9-ddb5-4fa4-a97d-d965ccfc6d4b" outcome="Passed" testListId="8c84fa94-04c1-424b-9868-57a2d4851a1d" relativeResultsDirectory="ec2d7af1-2d2f-46db-ac61-318a8cb514ae" />
    <UnitTestResult executionId="c27522e4-277d-435a-9f02-161627a9c1b2" testId="96973a46-f875-4abd-b666-d068d40b4087" testName="V3 engine (runtime)" computerName="DDBLD061B" duration="00:00:00.0010000" startTime="2015-04-27T07:08:52.1862380-07:00" endTime="2015-04-27T07:08:52.1862380-07:00" testType="13cdc9d9-ddb5-4fa4-a97d-d965ccfc6d4b" outcome="Passed" testListId="8c84fa94-04c1-424b-9868-57a2d4851a1d" relativeResultsDirectory="c27522e4-277d-435a-9f02-161627a9c1b2" />
    <UnitTestResult executionId="c1424240-b013-4d00-b76f-a655066edaf4" testId="463ea82d-da2d-423b-b2ca-a737378c0f6f" testName="V3 composition (V1)" computerName="DDBLD061B" duration="00:00:00.0460000" startTime="2015-04-27T07:08:52.1862380-07:00" endTime="2015-04-27T07:08:52.1862380-07:00" testType="13cdc9d9-ddb5-4fa4-a97d-d965ccfc6d4b" outcome="Passed" testListId="8c84fa94-04c1-424b-9868-57a2d4851a1d" relativeResultsDirectory="c1424240-b013-4d00-b76f-a655066edaf4" />
    <UnitTestResult executionId="c26787f2-6eff-4039-8777-4d6b2187c30e" testId="f43853b0-99e9-4cc4-ab2d-8aef38f1771b" testName="V1" computerName="DDBLD061B" duration="00:00:00.0020000" startTime="2015-04-27T07:08:52.1862380-07:00" endTime="2015-04-27T07:08:52.1862380-07:00" testType="13cdc9d9-ddb5-4fa4-a97d-d965ccfc6d4b" outcome="Passed" testListId="8c84fa94-04c1-424b-9868-57a2d4851a1d" relativeResultsDirectory="c26787f2-6eff-4039-8777-4d6b2187c30e" />
    <UnitTestResult executionId="20ffccec-5505-4932-994b-eac4409b1a1f" testId="50bdb0f4-8648-4e38-a0cc-fad809773cd9" testName="V3 engine (runtime)" computerName="DDBLD061B" duration="00:00:00.0010000" startTime="2015-04-27T07:08:52.1862380-07:00" endTime="2015-04-27T07:08:52.1862380-07:00" testType="13cdc9d9-ddb5-4fa4-a97d-d965ccfc6d4b" outcome="Passed" testListId="8c84fa94-04c1-424b-9868-57a2d4851a1d" relativeResultsDirectory="20ffccec-5505-4932-994b-eac4409b1a1f" />
    <UnitTestResult executionId="d0c240c6-9329-41cd-9b17-496e410d254b" testId="85e5ef41-c839-42fe-8468-104ce40c312f" testName="V3 engine (runtime)" computerName="DDBLD061B" duration="00:00:00.0080000" startTime="2015-04-27T07:08:52.3737357-07:00" endTime="2015-04-27T07:08:52.3737357-07:00" testType="13cdc9d9-ddb5-4fa4-a97d-d965ccfc6d4b" outcome="Passed" testListId="8c84fa94-04c1-424b-9868-57a2d4851a1d" relativeResultsDirectory="d0c240c6-9329-41cd-9b17-496e410d254b" />
    <UnitTestResult executionId="d42e548d-ab88-4dac-9826-b32c3b5ec9a0" testId="8073e733-1582-4b38-995e-0e6bf902b7b8" testName="V2" computerName="DDBLD061B" duration="00:00:00.0090000" startTime="2015-04-27T07:08:52.3737357-07:00" endTime="2015-04-27T07:08:52.3737357-07:00" testType="13cdc9d9-ddb5-4fa4-a97d-d965ccfc6d4b" outcome="Passed" testListId="8c84fa94-04c1-424b-9868-57a2d4851a1d" relativeResultsDirectory="d42e548d-ab88-4dac-9826-b32c3b5ec9a0" />
    <UnitTestResult executionId="4162acfc-7235-41ca-8eca-abab482409bd" testId="19d29977-cf13-498a-9731-70eef7a48b68" testName="V3 composition (V1, V2)" computerName="DDBLD061B" duration="00:00:00.1040000" startTime="2015-04-27T07:08:52.3737357-07:00" endTime="2015-04-27T07:08:52.3737357-07:00" testType="13cdc9d9-ddb5-4fa4-a97d-d965ccfc6d4b" outcome="Passed" testListId="8c84fa94-04c1-424b-9868-57a2d4851a1d" relativeResultsDirectory="4162acfc-7235-41ca-8eca-abab482409bd" />
    <UnitTestResult executionId="10236e73-af05-4d0e-90ee-3e7a750adcb9" testId="345e21d1-c5bc-4b28-b1f8-8bfe7da9bda9" testName="V3 engine (runtime)" computerName="DDBLD061B" duration="00:00:00.0010000" startTime="2015-04-27T07:08:52.3737357-07:00" endTime="2015-04-27T07:08:52.3737357-07:00" testType="13cdc9d9-ddb5-4fa4-a97d-d965ccfc6d4b" outcome="Passed" testListId="8c84fa94-04c1-424b-9868-57a2d4851a1d" relativeResultsDirectory="10236e73-af05-4d0e-90ee-3e7a750adcb9" />
    <UnitTestResult executionId="7edb3821-d51c-48f3-b7f1-b0d86fea8a15" testId="fc62d6d9-ece0-43f4-955f-1aef2e161b50" testName="V3 composition (V2)" computerName="DDBLD061B" duration="00:00:00.0530000" startTime="2015-04-27T07:08:52.3737357-07:00" endTime="2015-04-27T07:08:52.3737357-07:00" testType="13cdc9d9-ddb5-4fa4-a97d-d965ccfc6d4b" outcome="Passed" testListId="8c84fa94-04c1-424b-9868-57a2d4851a1d" relativeResultsDirectory="7edb3821-d51c-48f3-b7f1-b0d86fea8a15" />
    <UnitTestResult executionId="e8d4ee17-1069-4d12-9dcc-4d1a88b1cecc" testId="6c9b9d10-6908-4eeb-a890-48f8316924e2" testName="V3 composition (V2)" computerName="DDBLD061B" duration="00:00:00.0620000" startTime="2015-04-27T07:08:52.3737357-07:00" endTime="2015-04-27T07:08:52.3737357-07:00" testType="13cdc9d9-ddb5-4fa4-a97d-d965ccfc6d4b" outcome="Passed" testListId="8c84fa94-04c1-424b-9868-57a2d4851a1d" relativeResultsDirectory="e8d4ee17-1069-4d12-9dcc-4d1a88b1cecc" />
    <UnitTestResult executionId="3965a7d8-23bd-40cb-9493-b139b54a30bc" testId="b06ab7fa-b80c-454f-969b-0047db2660eb" testName="V1" computerName="DDBLD061B" duration="00:00:00.0010000" startTime="2015-04-27T07:08:52.3737357-07:00" endTime="2015-04-27T07:08:52.3737357-07:00" testType="13cdc9d9-ddb5-4fa4-a97d-d965ccfc6d4b" outcome="Passed" testListId="8c84fa94-04c1-424b-9868-57a2d4851a1d" relativeResultsDirectory="3965a7d8-23bd-40cb-9493-b139b54a30bc" />
    <UnitTestResult executionId="d35d683a-6e8e-42fa-bb5f-96c056dc8c5a" testId="b4c26f55-0113-44b7-aa18-49a8e06d529a" testName="V3 engine (runtime)" computerName="DDBLD061B" duration="00:00:00.0020000" startTime="2015-04-27T07:08:53.1081606-07:00" endTime="2015-04-27T07:08:53.1081606-07:00" testType="13cdc9d9-ddb5-4fa4-a97d-d965ccfc6d4b" outcome="Passed" testListId="8c84fa94-04c1-424b-9868-57a2d4851a1d" relativeResultsDirectory="d35d683a-6e8e-42fa-bb5f-96c056dc8c5a" />
    <UnitTestResult executionId="82b7dc08-a9f9-48ed-9be0-e224587c4da0" testId="beb68ad4-e924-4031-93c3-9eb15ecd68e8" testName="V1" computerName="DDBLD061B" duration="00:00:00.0010000" startTime="2015-04-27T07:08:53.1081606-07:00" endTime="2015-04-27T07:08:53.1081606-07:00" testType="13cdc9d9-ddb5-4fa4-a97d-d965ccfc6d4b" outcome="Passed" testListId="8c84fa94-04c1-424b-9868-57a2d4851a1d" relativeResultsDirectory="82b7dc08-a9f9-48ed-9be0-e224587c4da0" />
    <UnitTestResult executionId="32b0e15e-27de-47df-99c3-401076f333da" testId="583cb97b-6eda-4b54-821a-a5162e68d404" testName="V2" computerName="DDBLD061B" duration="00:00:00.0020000" startTime="2015-04-27T07:08:53.1081606-07:00" endTime="2015-04-27T07:08:53.1081606-07:00" testType="13cdc9d9-ddb5-4fa4-a97d-d965ccfc6d4b" outcome="Passed" testListId="8c84fa94-04c1-424b-9868-57a2d4851a1d" relativeResultsDirectory="32b0e15e-27de-47df-99c3-401076f333da" />
    <UnitTestResult executionId="719c29f1-d7ab-4131-9d4a-55672b87dfa7" testId="4d4782f5-f4d4-4f17-a2cc-20652208f651" testName="V3 composition (V1, V2)" computerName="DDBLD061B" duration="00:00:00.1070000" startTime="2015-04-27T07:08:53.1081606-07:00" endTime="2015-04-27T07:08:53.1081606-07:00" testType="13cdc9d9-ddb5-4fa4-a97d-d965ccfc6d4b" outcome="Passed" testListId="8c84fa94-04c1-424b-9868-57a2d4851a1d" relativeResultsDirectory="719c29f1-d7ab-4131-9d4a-55672b87dfa7">
      <Output>
        <StdOut>Catalog AttributedPartDiscoveryV1 vs. AttributedPartDiscovery
      Part
          Type: Microsoft.VisualStudio.Composition.Tests.FaultyPartsTests+PartThrowsInOnImportsSatisfied
+         Part metadata:
+             SharingBoundary = 
          SharingBoundary: 
-         IsSharingBoundaryInferred: True
-         CreationPolicy: Any
+         IsSharingBoundaryInferred: False
+         CreationPolicy: Shared
          OnImportsSatisfied: Void OnImportsSatisfied()
          ExportedTypes:
              ExportDefinition
                  ContractName: Microsoft.VisualStudio.Composition.Tests.FaultyPartsTests+PartThrowsInOnImportsSatisfied
                  Metadata:
                      ExportTypeIdentity = Microsoft.VisualStudio.Composition.Tests.FaultyPartsTests+PartThrowsInOnImportsSatisfied
+                     System.ComponentModel.Composition.CreationPolicy = Shared
          ExportingMembers:
          ImportingMembers:
          ImportingConstructor:</StdOut>
      </Output>
    </UnitTestResult>
    <UnitTestResult executionId="c5710e36-45f6-4717-a420-412df5cfec31" testId="b5bbe4ca-42ba-4e6e-9604-d146b023d522" testName="V3 composition (V1, V2)" computerName="DDBLD061B" duration="00:00:00.0710000" startTime="2015-04-27T07:08:53.1081606-07:00" endTime="2015-04-27T07:08:53.1081606-07:00" testType="13cdc9d9-ddb5-4fa4-a97d-d965ccfc6d4b" outcome="Passed" testListId="8c84fa94-04c1-424b-9868-57a2d4851a1d" relativeResultsDirectory="c5710e36-45f6-4717-a420-412df5cfec31" />
    <UnitTestResult executionId="fd18be71-8e71-45ba-b24f-2d846550eeb9" testId="2c24622c-5a43-4473-ab26-f37359fc0918" testName="V1" computerName="DDBLD061B" duration="00:00:00.0070000" startTime="2015-04-27T07:08:53.1081606-07:00" endTime="2015-04-27T07:08:53.1081606-07:00" testType="13cdc9d9-ddb5-4fa4-a97d-d965ccfc6d4b" outcome="Passed" testListId="8c84fa94-04c1-424b-9868-57a2d4851a1d" relativeResultsDirectory="fd18be71-8e71-45ba-b24f-2d846550eeb9" />
    <UnitTestResult executionId="271306db-a764-4ac7-b908-f7aacaf026f7" testId="b78fb65c-f143-4d68-90cb-60a2af48350d" testName="V3 composition (V1)" computerName="DDBLD061B" duration="00:00:00.0560000" startTime="2015-04-27T07:08:53.1081606-07:00" endTime="2015-04-27T07:08:53.1081606-07:00" testType="13cdc9d9-ddb5-4fa4-a97d-d965ccfc6d4b" outcome="Passed" testListId="8c84fa94-04c1-424b-9868-57a2d4851a1d" relativeResultsDirectory="271306db-a764-4ac7-b908-f7aacaf026f7">
      <Output>
        <StdOut>Catalog BeforeSerialization vs. AfterSerialization
      Part
          Type: Microsoft.VisualStudio.Composition.ExportMetadataViewInterfaceEmitProxy+MetadataViewProxyProvider
          Part metadata:
              VsMEFDgmlCategories = System.String[]
          SharingBoundary: &lt;null&gt;
          IsSharingBoundaryInferred: False
          CreationPolicy: NonShared
          OnImportsSatisfied: &lt;null&gt;
          ExportedTypes:
              ExportDefinition
                  ContractName: Microsoft.VisualStudio.Composition.IMetadataViewProvider
                  Metadata:
                      ExportTypeIdentity = Microsoft.VisualStudio.Composition.IMetadataViewProvider
                      System.ComponentModel.Composition.CreationPolicy = NonShared
                      OrderPrecedence = 50
          ExportingMembers:
          ImportingMembers:
          ImportingConstructor:
      Part
          Type: Microsoft.VisualStudio.Composition.NetFxAdapters+CompositionService
          Part metadata:
              VsMEFDgmlCategories = System.String[]
          SharingBoundary: &lt;null&gt;
          IsSharingBoundaryInferred: False
          CreationPolicy: NonShared
          OnImportsSatisfied: &lt;null&gt;
          ExportedTypes:
              ExportDefinition
                  ContractName: System.ComponentModel.Composition.ICompositionService
                  Metadata:
                      ExportTypeIdentity = System.ComponentModel.Composition.ICompositionService
                      System.ComponentModel.Composition.CreationPolicy = NonShared
          ExportingMembers:
          ImportingMembers:
          ImportingConstructor:
              ImportDefinition:
                  ContractName: Microsoft.VisualStudio.Composition.ExportProvider
                  Cardinality: ExactlyOne
                  Metadata:
                  ExportFactorySharingBoundaries: 
                  ExportConstraints: 
                      ExportTypeIdentityConstraint
                          TypeIdentityName: Microsoft.VisualStudio.Composition.ExportProvider
              ComposablePartType: Microsoft.VisualStudio.Composition.NetFxAdapters+CompositionService
              ImportingMember: 
              ParameterInfo: Microsoft.VisualStudio.Composition.ExportProvider exportProvider
              ImportingSiteType: Microsoft.VisualStudio.Composition.ExportProvider
      Part
          Type: Microsoft.VisualStudio.Composition.NetFxAdapters+MetadataViewImplProxy
          Part metadata:
              VsMEFDgmlCategories = System.String[]
          SharingBoundary: 
          IsSharingBoundaryInferred: True
          CreationPolicy: Any
          OnImportsSatisfied: &lt;null&gt;
          ExportedTypes:
              ExportDefinition
                  ContractName: Microsoft.VisualStudio.Composition.IMetadataViewProvider
                  Metadata:
                      ExportTypeIdentity = Microsoft.VisualStudio.Composition.IMetadataViewProvider
                      OrderPrecedence = 100
          ExportingMembers:
          ImportingMembers:
          ImportingConstructor:
      Part
          Type: Microsoft.VisualStudio.Composition.NetFxAdapters+AssemblyLoadCodeBasePathLoader
          Part metadata:
              VsMEFDgmlCategories = System.String[]
          SharingBoundary: 
          IsSharingBoundaryInferred: True
          CreationPolicy: Any
          OnImportsSatisfied: &lt;null&gt;
          ExportedTypes:
              ExportDefinition
                  ContractName: Microsoft.VisualStudio.Composition.IAssemblyLoader
                  Metadata:
                      ExportTypeIdentity = Microsoft.VisualStudio.Composition.IAssemblyLoader
                      OrderPrecedence = 100
          ExportingMembers:
          ImportingMembers:
          ImportingConstructor:
      Part
          Type: Microsoft.VisualStudio.Composition.Tests.ExportingMembersTests+ExportingMembersClass
          SharingBoundary: 
          IsSharingBoundaryInferred: True
          CreationPolicy: Any
          OnImportsSatisfied: &lt;null&gt;
          ExportedTypes:
          ExportingMembers:
+             Field
+                 ContractName: Field
+                 Metadata:
+                     ExportTypeIdentity = System.String
+                 ContractName: Field_Extra_Export
+                 Metadata:
+                     ExportTypeIdentity = System.String
              SomeAction
                  ContractName: Method
                  Metadata:
                      ExportTypeIdentity = System.Void()
                      A = b
                  ContractName: Method_Extra_Export
                  Metadata:
                      ExportTypeIdentity = System.Void()
                      A = b
              SomeAction
                  ContractName: Method
                  Metadata:
                      ExportTypeIdentity = System.Void(System.Int32,System.String)
                      A = b
              SomeFunc
                  ContractName: Method
                  Metadata:
                      ExportTypeIdentity = System.Boolean()
                      A = b
              SomeFunc
                  ContractName: Method
                  Metadata:
                      ExportTypeIdentity = System.Boolean(System.Int32,System.String)
                      A = b
              Property
                  ContractName: Property
                  Metadata:
                      ExportTypeIdentity = System.String
                  ContractName: Property_Extra_Export
                  Metadata:
                      ExportTypeIdentity = System.String
              PropertyGenericType
                  ContractName: PropertyGenericType
                  Metadata:
                      ExportTypeIdentity = System.Collections.Generic.Comparer(System.Int32)
              DelegateReturningProperty
                  ContractName: DelegateReturningProperty
                  Metadata:
                      ExportTypeIdentity = System.String(System.String)
                      A = b
-             Field
-                 ContractName: Field
-                 Metadata:
-                     ExportTypeIdentity = System.String
-                 ContractName: Field_Extra_Export
-                 Metadata:
-                     ExportTypeIdentity = System.String
          ImportingMembers:
          ImportingConstructor:</StdOut>
      </Output>
    </UnitTestResult>
    <UnitTestResult executionId="410169b2-20ed-46d1-bbc0-8782f203b9eb" testId="e6605e82-35c4-4277-97d4-d6814e088cc7" testName="V2" computerName="DDBLD061B" duration="00:00:00.0020000" startTime="2015-04-27T07:08:53.1081606-07:00" endTime="2015-04-27T07:08:53.1081606-07:00" testType="13cdc9d9-ddb5-4fa4-a97d-d965ccfc6d4b" outcome="Passed" testListId="8c84fa94-04c1-424b-9868-57a2d4851a1d" relativeResultsDirectory="410169b2-20ed-46d1-bbc0-8782f203b9eb" />
    <UnitTestResult executionId="4960aaf2-8a62-4044-93df-d23aa6d62676" testId="7284924a-281d-4d32-8035-a385f288f223" testName="V3 composition (V1)" computerName="DDBLD061B" duration="00:00:00.0550000" startTime="2015-04-27T07:08:53.1081606-07:00" endTime="2015-04-27T07:08:53.1081606-07:00" testType="13cdc9d9-ddb5-4fa4-a97d-d965ccfc6d4b" outcome="Passed" testListId="8c84fa94-04c1-424b-9868-57a2d4851a1d" relativeResultsDirectory="4960aaf2-8a62-4044-93df-d23aa6d62676" />
    <UnitTestResult executionId="387e22dd-c39b-4140-b57a-0eceb10aa3de" testId="446ce771-6230-4047-b636-baac6b1a0a53" testName="V2" computerName="DDBLD061B" duration="00:00:00.0070000" startTime="2015-04-27T07:08:53.4362225-07:00" endTime="2015-04-27T07:08:53.4362225-07:00" testType="13cdc9d9-ddb5-4fa4-a97d-d965ccfc6d4b" outcome="Passed" testListId="8c84fa94-04c1-424b-9868-57a2d4851a1d" relativeResultsDirectory="387e22dd-c39b-4140-b57a-0eceb10aa3de" />
    <UnitTestResult executionId="07e087e0-177b-4464-857c-f9687033bd98" testId="4d3fa467-2f51-4a34-968e-889a0faa09a9" testName="V3 engine (runtime)" computerName="DDBLD061B" duration="00:00:00.0010000" startTime="2015-04-27T07:08:53.4362225-07:00" endTime="2015-04-27T07:08:53.4362225-07:00" testType="13cdc9d9-ddb5-4fa4-a97d-d965ccfc6d4b" outcome="Passed" testListId="8c84fa94-04c1-424b-9868-57a2d4851a1d" relativeResultsDirectory="07e087e0-177b-4464-857c-f9687033bd98" />
    <UnitTestResult executionId="ae4400b6-8f49-4adb-b16c-ebfbea5bcc47" testId="3902a969-2fdb-4cfa-8651-7f9e1bc2231f" testName="V3 composition (V2)" computerName="DDBLD061B" duration="00:00:00.0590000" startTime="2015-04-27T07:08:53.4362225-07:00" endTime="2015-04-27T07:08:53.4362225-07:00" testType="13cdc9d9-ddb5-4fa4-a97d-d965ccfc6d4b" outcome="Passed" testListId="8c84fa94-04c1-424b-9868-57a2d4851a1d" relativeResultsDirectory="ae4400b6-8f49-4adb-b16c-ebfbea5bcc47" />
    <UnitTestResult executionId="23648ab2-dcd1-4a1f-8bde-6fc6ddaa49d6" testId="ca529be9-786d-4e00-9516-488891f9a910" testName="V3 engine (runtime)" computerName="DDBLD061B" duration="00:00:00.0020000" startTime="2015-04-27T07:08:53.4362225-07:00" endTime="2015-04-27T07:08:53.4362225-07:00" testType="13cdc9d9-ddb5-4fa4-a97d-d965ccfc6d4b" outcome="Passed" testListId="8c84fa94-04c1-424b-9868-57a2d4851a1d" relativeResultsDirectory="23648ab2-dcd1-4a1f-8bde-6fc6ddaa49d6" />
    <UnitTestResult executionId="bb688a53-ae89-4e6a-a4ee-55c0a28ab909" testId="489b5549-777c-45d7-b549-ac03386d9b33" testName="V3 engine (runtime)" computerName="DDBLD061B" duration="00:00:00.0010000" startTime="2015-04-27T07:08:53.4362225-07:00" endTime="2015-04-27T07:08:53.4362225-07:00" testType="13cdc9d9-ddb5-4fa4-a97d-d965ccfc6d4b" outcome="Passed" testListId="8c84fa94-04c1-424b-9868-57a2d4851a1d" relativeResultsDirectory="bb688a53-ae89-4e6a-a4ee-55c0a28ab909" />
    <UnitTestResult executionId="edca6ad7-cc56-4c2e-9c9e-cce6781c0751" testId="baf117b2-3c7a-4439-8487-9d607407e43a" testName="V1" computerName="DDBLD061B" duration="00:00:00.0020000" startTime="2015-04-27T07:08:53.4362225-07:00" endTime="2015-04-27T07:08:53.4362225-07:00" testType="13cdc9d9-ddb5-4fa4-a97d-d965ccfc6d4b" outcome="Passed" testListId="8c84fa94-04c1-424b-9868-57a2d4851a1d" relativeResultsDirectory="edca6ad7-cc56-4c2e-9c9e-cce6781c0751" />
    <UnitTestResult executionId="451b40cf-223b-4199-aff6-946921a97aac" testId="fc8a9ff1-adbb-41f1-919f-fec0a8e291fe" testName="V3 engine (runtime)" computerName="DDBLD061B" duration="00:00:00.0010000" startTime="2015-04-27T07:08:53.4362225-07:00" endTime="2015-04-27T07:08:53.4362225-07:00" testType="13cdc9d9-ddb5-4fa4-a97d-d965ccfc6d4b" outcome="Passed" testListId="8c84fa94-04c1-424b-9868-57a2d4851a1d" relativeResultsDirectory="451b40cf-223b-4199-aff6-946921a97aac" />
    <UnitTestResult executionId="65cfcfee-184f-4b02-9087-4f7c2f5088a6" testId="2af65c13-cc4f-4287-888a-072fc70a4246" testName="V1" computerName="DDBLD061B" duration="00:00:00.0010000" startTime="2015-04-27T07:08:53.4362225-07:00" endTime="2015-04-27T07:08:53.4362225-07:00" testType="13cdc9d9-ddb5-4fa4-a97d-d965ccfc6d4b" outcome="Passed" testListId="8c84fa94-04c1-424b-9868-57a2d4851a1d" relativeResultsDirectory="65cfcfee-184f-4b02-9087-4f7c2f5088a6" />
    <UnitTestResult executionId="70c98a71-fc98-4706-b6e3-ea8caf035560" testId="1517d199-b54c-42a9-a3e2-7330509fd8b7" testName="V1" computerName="DDBLD061B" duration="00:00:00.0010000" startTime="2015-04-27T07:08:53.8424659-07:00" endTime="2015-04-27T07:08:53.8424659-07:00" testType="13cdc9d9-ddb5-4fa4-a97d-d965ccfc6d4b" outcome="Passed" testListId="8c84fa94-04c1-424b-9868-57a2d4851a1d" relativeResultsDirectory="70c98a71-fc98-4706-b6e3-ea8caf035560" />
    <UnitTestResult executionId="2f2671ea-90ca-4783-9a16-858f8210ff14" testId="ca094d3b-6c4b-47de-b5ab-41e6aac6c7db" testName="V3 engine (runtime)" computerName="DDBLD061B" duration="00:00:00.0010000" startTime="2015-04-27T07:08:53.8424659-07:00" endTime="2015-04-27T07:08:53.8424659-07:00" testType="13cdc9d9-ddb5-4fa4-a97d-d965ccfc6d4b" outcome="Passed" testListId="8c84fa94-04c1-424b-9868-57a2d4851a1d" relativeResultsDirectory="2f2671ea-90ca-4783-9a16-858f8210ff14" />
    <UnitTestResult executionId="7368b21c-a167-404d-8de6-dc17b81a70d8" testId="f4b6900d-81a9-45ed-8c71-02c51cbbb943" testName="V3 engine (runtime)" computerName="DDBLD061B" duration="00:00:00.0010000" startTime="2015-04-27T07:08:53.8424659-07:00" endTime="2015-04-27T07:08:53.8424659-07:00" testType="13cdc9d9-ddb5-4fa4-a97d-d965ccfc6d4b" outcome="Passed" testListId="8c84fa94-04c1-424b-9868-57a2d4851a1d" relativeResultsDirectory="7368b21c-a167-404d-8de6-dc17b81a70d8" />
    <UnitTestResult executionId="8146396d-532d-47a8-9e6d-d287ebf2a2f2" testId="54ab032c-7382-486a-bdb9-33008cacdf23" testName="V1" computerName="DDBLD061B" duration="00:00:00.0020000" startTime="2015-04-27T07:08:53.8424659-07:00" endTime="2015-04-27T07:08:53.8424659-07:00" testType="13cdc9d9-ddb5-4fa4-a97d-d965ccfc6d4b" outcome="Passed" testListId="8c84fa94-04c1-424b-9868-57a2d4851a1d" relativeResultsDirectory="8146396d-532d-47a8-9e6d-d287ebf2a2f2" />
    <UnitTestResult executionId="fb90a85f-52b7-4177-b17a-11280dd63255" testId="41d14ca0-f375-4a27-8f77-8d818b986b35" testName="V3 engine (runtime)" computerName="DDBLD061B" duration="00:00:00.0020000" startTime="2015-04-27T07:08:53.8424659-07:00" endTime="2015-04-27T07:08:53.8424659-07:00" testType="13cdc9d9-ddb5-4fa4-a97d-d965ccfc6d4b" outcome="Passed" testListId="8c84fa94-04c1-424b-9868-57a2d4851a1d" relativeResultsDirectory="fb90a85f-52b7-4177-b17a-11280dd63255" />
    <UnitTestResult executionId="fcd28433-2914-4186-83a6-5f5b932c2fdb" testId="9fcfd806-2894-4c99-9201-a8d602750154" testName="V3 engine (runtime)" computerName="DDBLD061B" duration="00:00:00.0010000" startTime="2015-04-27T07:08:53.8424659-07:00" endTime="2015-04-27T07:08:53.8424659-07:00" testType="13cdc9d9-ddb5-4fa4-a97d-d965ccfc6d4b" outcome="Passed" testListId="8c84fa94-04c1-424b-9868-57a2d4851a1d" relativeResultsDirectory="fcd28433-2914-4186-83a6-5f5b932c2fdb" />
    <UnitTestResult executionId="62caec19-a0a0-404c-9a5b-74c1c5cfc095" testId="1b051a58-94d5-4b94-a335-e79848bad97f" testName="V3 engine (runtime)" computerName="DDBLD061B" duration="00:00:00.0020000" startTime="2015-04-27T07:08:53.8424659-07:00" endTime="2015-04-27T07:08:53.8424659-07:00" testType="13cdc9d9-ddb5-4fa4-a97d-d965ccfc6d4b" outcome="Passed" testListId="8c84fa94-04c1-424b-9868-57a2d4851a1d" relativeResultsDirectory="62caec19-a0a0-404c-9a5b-74c1c5cfc095" />
    <UnitTestResult executionId="8ba1dac1-e4f7-406f-aea1-b67f729ff9eb" testId="0cca7017-57ec-4f7e-8889-df9f2761ef78" testName="V1" computerName="DDBLD061B" duration="00:00:00.0010000" startTime="2015-04-27T07:08:53.8424659-07:00" endTime="2015-04-27T07:08:53.8424659-07:00" testType="13cdc9d9-ddb5-4fa4-a97d-d965ccfc6d4b" outcome="Passed" testListId="8c84fa94-04c1-424b-9868-57a2d4851a1d" relativeResultsDirectory="8ba1dac1-e4f7-406f-aea1-b67f729ff9eb" />
    <UnitTestResult executionId="6b188c92-cfdf-4bf6-9fb4-691ec50dc73c" testId="d7ce59f1-ba7b-4174-904f-4bb92e5c4ad1" testName="V3 engine (runtime)" computerName="DDBLD061B" duration="00:00:00.0020000" startTime="2015-04-27T07:08:53.8424659-07:00" endTime="2015-04-27T07:08:53.8424659-07:00" testType="13cdc9d9-ddb5-4fa4-a97d-d965ccfc6d4b" outcome="Passed" testListId="8c84fa94-04c1-424b-9868-57a2d4851a1d" relativeResultsDirectory="6b188c92-cfdf-4bf6-9fb4-691ec50dc73c" />
    <UnitTestResult executionId="13d8197d-299f-499b-958c-5e6b9b787aa6" testId="8b397cf1-b9f5-492d-b445-bcd15339a13e" testName="V1" computerName="DDBLD061B" duration="00:00:00.0020000" startTime="2015-04-27T07:08:54.3268930-07:00" endTime="2015-04-27T07:08:54.3268930-07:00" testType="13cdc9d9-ddb5-4fa4-a97d-d965ccfc6d4b" outcome="Passed" testListId="8c84fa94-04c1-424b-9868-57a2d4851a1d" relativeResultsDirectory="13d8197d-299f-499b-958c-5e6b9b787aa6" />
    <UnitTestResult executionId="164f1027-d522-4a8c-a0b5-15f72a050f81" testId="9495400b-6474-49a5-a64e-22d803ebd65b" testName="V3 composition (V2)" computerName="DDBLD061B" duration="00:00:00.0280000" startTime="2015-04-27T07:08:54.3268930-07:00" endTime="2015-04-27T07:08:54.3268930-07:00" testType="13cdc9d9-ddb5-4fa4-a97d-d965ccfc6d4b" outcome="Passed" testListId="8c84fa94-04c1-424b-9868-57a2d4851a1d" relativeResultsDirectory="164f1027-d522-4a8c-a0b5-15f72a050f81" />
    <UnitTestResult executionId="740941c5-f8d7-47b7-bf19-1f2c23e82cab" testId="f0a9a7b5-e69b-41ef-a576-2abd2e7770e2" testName="V3 engine (runtime)" computerName="DDBLD061B" duration="00:00:00.0010000" startTime="2015-04-27T07:08:54.3268930-07:00" endTime="2015-04-27T07:08:54.3268930-07:00" testType="13cdc9d9-ddb5-4fa4-a97d-d965ccfc6d4b" outcome="Passed" testListId="8c84fa94-04c1-424b-9868-57a2d4851a1d" relativeResultsDirectory="740941c5-f8d7-47b7-bf19-1f2c23e82cab" />
    <UnitTestResult executionId="de0981bd-ab68-415a-b8ab-72ee7c5dd2cc" testId="c823478d-f692-44e7-a269-366b63bff6b6" testName="V3 engine (runtime)" computerName="DDBLD061B" duration="00:00:00.0170000" startTime="2015-04-27T07:08:54.3268930-07:00" endTime="2015-04-27T07:08:54.3268930-07:00" testType="13cdc9d9-ddb5-4fa4-a97d-d965ccfc6d4b" outcome="Passed" testListId="8c84fa94-04c1-424b-9868-57a2d4851a1d" relativeResultsDirectory="de0981bd-ab68-415a-b8ab-72ee7c5dd2cc" />
    <UnitTestResult executionId="b0f200ba-d0c4-49c5-ae19-d48ac775b497" testId="c211d392-dc33-4183-bc12-865d94731fce" testName="V1" computerName="DDBLD061B" duration="00:00:00.0170000" startTime="2015-04-27T07:08:54.3268930-07:00" endTime="2015-04-27T07:08:54.3268930-07:00" testType="13cdc9d9-ddb5-4fa4-a97d-d965ccfc6d4b" outcome="Passed" testListId="8c84fa94-04c1-424b-9868-57a2d4851a1d" relativeResultsDirectory="b0f200ba-d0c4-49c5-ae19-d48ac775b497" />
    <UnitTestResult executionId="10ef6201-f62a-4f24-9cd6-f394a2715ff7" testId="5ac9afca-57a5-4fae-8800-79df3f4e678e" testName="V1" computerName="DDBLD061B" duration="00:00:00.0010000" startTime="2015-04-27T07:08:54.3268930-07:00" endTime="2015-04-27T07:08:54.3268930-07:00" testType="13cdc9d9-ddb5-4fa4-a97d-d965ccfc6d4b" outcome="Passed" testListId="8c84fa94-04c1-424b-9868-57a2d4851a1d" relativeResultsDirectory="10ef6201-f62a-4f24-9cd6-f394a2715ff7" />
    <UnitTestResult executionId="026409bf-2de3-47c6-aa02-6d2be1ef1560" testId="7db5ac00-6f60-41b9-adcf-ca780403909c" testName="V3 composition (V1)" computerName="DDBLD061B" duration="00:00:00.0550000" startTime="2015-04-27T07:08:54.3268930-07:00" endTime="2015-04-27T07:08:54.3268930-07:00" testType="13cdc9d9-ddb5-4fa4-a97d-d965ccfc6d4b" outcome="Passed" testListId="8c84fa94-04c1-424b-9868-57a2d4851a1d" relativeResultsDirectory="026409bf-2de3-47c6-aa02-6d2be1ef1560" />
    <UnitTestResult executionId="c764895e-7603-45f2-99b3-145fa0f3063a" testId="d5eff3ba-c251-4a1a-a604-8bdb7d7d79e2" testName="V3 composition (V1, V2)" computerName="DDBLD061B" duration="00:00:00.0750000" startTime="2015-04-27T07:08:54.3268930-07:00" endTime="2015-04-27T07:08:54.3268930-07:00" testType="13cdc9d9-ddb5-4fa4-a97d-d965ccfc6d4b" outcome="Passed" testListId="8c84fa94-04c1-424b-9868-57a2d4851a1d" relativeResultsDirectory="c764895e-7603-45f2-99b3-145fa0f3063a" />
    <UnitTestResult executionId="4fa8358c-991a-4bee-bafd-ac59197dac68" testId="8e3f2aa4-a467-483c-8462-00c42707f5f8" testName="V3 engine (runtime)" computerName="DDBLD061B" duration="00:00:00.0010000" startTime="2015-04-27T07:08:54.3268930-07:00" endTime="2015-04-27T07:08:54.3268930-07:00" testType="13cdc9d9-ddb5-4fa4-a97d-d965ccfc6d4b" outcome="Passed" testListId="8c84fa94-04c1-424b-9868-57a2d4851a1d" relativeResultsDirectory="4fa8358c-991a-4bee-bafd-ac59197dac68" />
    <UnitTestResult executionId="eea025bc-e89e-4422-b11a-149d66c2a7c1" testId="e9fb471d-f91e-4011-b31b-0ef2e734c221" testName="V3 composition (V1)" computerName="DDBLD061B" duration="00:00:00.0490000" startTime="2015-04-27T07:08:54.3268930-07:00" endTime="2015-04-27T07:08:54.3268930-07:00" testType="13cdc9d9-ddb5-4fa4-a97d-d965ccfc6d4b" outcome="Passed" testListId="8c84fa94-04c1-424b-9868-57a2d4851a1d" relativeResultsDirectory="eea025bc-e89e-4422-b11a-149d66c2a7c1" />
    <UnitTestResult executionId="5edb708d-de44-4746-94a4-f5a886a4b2be" testId="d8a23fb4-0dc5-409a-8ac8-76bcf4905d55" testName="V3 composition (V1)" computerName="DDBLD061B" duration="00:00:00.0500000" startTime="2015-04-27T07:08:54.5143918-07:00" endTime="2015-04-27T07:08:54.5143918-07:00" testType="13cdc9d9-ddb5-4fa4-a97d-d965ccfc6d4b" outcome="Passed" testListId="8c84fa94-04c1-424b-9868-57a2d4851a1d" relativeResultsDirectory="5edb708d-de44-4746-94a4-f5a886a4b2be" />
    <UnitTestResult executionId="c5e2de58-c46e-4ecc-a8da-fa58e294cb2d" testId="d1e25933-2503-4e69-a025-a47489a82c38" testName="V3 composition (V1, V2)" computerName="DDBLD061B" duration="00:00:00.0640000" startTime="2015-04-27T07:08:54.5143918-07:00" endTime="2015-04-27T07:08:54.5143918-07:00" testType="13cdc9d9-ddb5-4fa4-a97d-d965ccfc6d4b" outcome="Passed" testListId="8c84fa94-04c1-424b-9868-57a2d4851a1d" relativeResultsDirectory="c5e2de58-c46e-4ecc-a8da-fa58e294cb2d" />
    <UnitTestResult executionId="9d87ad5a-4aef-4151-bb1a-4a625a9020b9" testId="1ddad26b-fd0d-4fc4-85bc-769b0c10eb91" testName="V3 composition (V2)" computerName="DDBLD061B" duration="00:00:00.0630000" startTime="2015-04-27T07:08:54.5143918-07:00" endTime="2015-04-27T07:08:54.5143918-07:00" testType="13cdc9d9-ddb5-4fa4-a97d-d965ccfc6d4b" outcome="Passed" testListId="8c84fa94-04c1-424b-9868-57a2d4851a1d" relativeResultsDirectory="9d87ad5a-4aef-4151-bb1a-4a625a9020b9" />
    <UnitTestResult executionId="4d6172d0-52d4-4414-b81c-826f9ffdda8f" testId="f49261f8-3810-4a8c-baf4-efac286ed63e" testName="V3 composition (V1)" computerName="DDBLD061B" duration="00:00:00.0600000" startTime="2015-04-27T07:08:54.5143918-07:00" endTime="2015-04-27T07:08:54.5143918-07:00" testType="13cdc9d9-ddb5-4fa4-a97d-d965ccfc6d4b" outcome="Passed" testListId="8c84fa94-04c1-424b-9868-57a2d4851a1d" relativeResultsDirectory="4d6172d0-52d4-4414-b81c-826f9ffdda8f" />
    <UnitTestResult executionId="efd8cbee-ee1f-4a88-9adb-ef65a1b1e6e3" testId="c7a58e41-c81c-4542-bd49-05d168d0b905" testName="V3 composition (V1)" computerName="DDBLD061B" duration="00:00:00.0600000" startTime="2015-04-27T07:08:54.5143918-07:00" endTime="2015-04-27T07:08:54.5143918-07:00" testType="13cdc9d9-ddb5-4fa4-a97d-d965ccfc6d4b" outcome="Passed" testListId="8c84fa94-04c1-424b-9868-57a2d4851a1d" relativeResultsDirectory="efd8cbee-ee1f-4a88-9adb-ef65a1b1e6e3" />
    <UnitTestResult executionId="caa6b079-e638-4cad-8bce-c9cb36228d46" testId="13a96c86-ee20-4894-8bd0-f3dc3fcfffe6" testName="V3 engine (runtime)" computerName="DDBLD061B" duration="00:00:00.0030000" startTime="2015-04-27T07:08:54.5143918-07:00" endTime="2015-04-27T07:08:54.5143918-07:00" testType="13cdc9d9-ddb5-4fa4-a97d-d965ccfc6d4b" outcome="Passed" testListId="8c84fa94-04c1-424b-9868-57a2d4851a1d" relativeResultsDirectory="caa6b079-e638-4cad-8bce-c9cb36228d46" />
    <UnitTestResult executionId="91d0880a-19ff-4d98-9760-6b343b62912a" testId="d67ee2c5-9cb1-4f66-9ce3-6e4b9e59b986" testName="V3 composition (V1, V2)" computerName="DDBLD061B" duration="00:00:00.0990000" startTime="2015-04-27T07:08:54.5143918-07:00" endTime="2015-04-27T07:08:54.5143918-07:00" testType="13cdc9d9-ddb5-4fa4-a97d-d965ccfc6d4b" outcome="Passed" testListId="8c84fa94-04c1-424b-9868-57a2d4851a1d" relativeResultsDirectory="91d0880a-19ff-4d98-9760-6b343b62912a">
      <Output>
        <StdOut>Catalog AttributedPartDiscoveryV1 vs. AttributedPartDiscovery
      Part
          Type: Microsoft.VisualStudio.Composition.Tests.ThreadSafetyTests+PartThatImportsSharedPartWithBlockableConstructor
          SharingBoundary: &lt;null&gt;
          IsSharingBoundaryInferred: False
          CreationPolicy: NonShared
          OnImportsSatisfied: &lt;null&gt;
          ExportedTypes:
              ExportDefinition
                  ContractName: Microsoft.VisualStudio.Composition.Tests.ThreadSafetyTests+PartThatImportsSharedPartWithBlockableConstructor
                  Metadata:
                      ExportTypeIdentity = Microsoft.VisualStudio.Composition.Tests.ThreadSafetyTests+PartThatImportsSharedPartWithBlockableConstructor
                      System.ComponentModel.Composition.CreationPolicy = NonShared
          ExportingMembers:
          ImportingMembers:
              ImportDefinition:
                  ContractName: Microsoft.VisualStudio.Composition.Tests.ThreadSafetyTests+SharedPartWithBlockableConstructor
                  Cardinality: ExactlyOne
                  Metadata:
                  ExportFactorySharingBoundaries: 
                  ExportConstraints: 
                      ExportTypeIdentityConstraint
                          TypeIdentityName: Microsoft.VisualStudio.Composition.Tests.ThreadSafetyTests+SharedPartWithBlockableConstructor
              ComposablePartType: Microsoft.VisualStudio.Composition.Tests.ThreadSafetyTests+PartThatImportsSharedPartWithBlockableConstructor
              ImportingMember: System.Lazy`1[Microsoft.VisualStudio.Composition.Tests.ThreadSafetyTests+SharedPartWithBlockableConstructor] ImportingProperty
              ParameterInfo: 
              ImportingSiteType: System.Lazy`1[Microsoft.VisualStudio.Composition.Tests.ThreadSafetyTests+SharedPartWithBlockableConstructor]
          ImportingConstructor:
      Part
          Type: Microsoft.VisualStudio.Composition.Tests.ThreadSafetyTests+SharedPartWithBlockableConstructor
+         Part metadata:
+             SharingBoundary = 
          SharingBoundary: 
-         IsSharingBoundaryInferred: True
-         CreationPolicy: Any
+         IsSharingBoundaryInferred: False
+         CreationPolicy: Shared
          OnImportsSatisfied: &lt;null&gt;
          ExportedTypes:
              ExportDefinition
                  ContractName: Microsoft.VisualStudio.Composition.Tests.ThreadSafetyTests+SharedPartWithBlockableConstructor
                  Metadata:
                      ExportTypeIdentity = Microsoft.VisualStudio.Composition.Tests.ThreadSafetyTests+SharedPartWithBlockableConstructor
+                     System.ComponentModel.Composition.CreationPolicy = Shared
          ExportingMembers:
          ImportingMembers:
          ImportingConstructor:</StdOut>
      </Output>
    </UnitTestResult>
    <UnitTestResult executionId="9c458629-5f00-4b8e-a3dc-e93c9fa98aed" testId="4c214a7e-2d1f-4dd6-b024-feebceb9e96d" testName="V1" computerName="DDBLD061B" duration="00:00:00.0020000" startTime="2015-04-27T07:08:54.5143918-07:00" endTime="2015-04-27T07:08:54.5143918-07:00" testType="13cdc9d9-ddb5-4fa4-a97d-d965ccfc6d4b" outcome="Passed" testListId="8c84fa94-04c1-424b-9868-57a2d4851a1d" relativeResultsDirectory="9c458629-5f00-4b8e-a3dc-e93c9fa98aed" />
    <UnitTestResult executionId="98e414be-b0c5-40ac-970c-d98ca232adaf" testId="251641f6-ddf3-4a6e-9135-619d1b0570e1" testName="V3 composition (V2)" computerName="DDBLD061B" duration="00:00:00.0650000" startTime="2015-04-27T07:08:54.5143918-07:00" endTime="2015-04-27T07:08:54.5143918-07:00" testType="13cdc9d9-ddb5-4fa4-a97d-d965ccfc6d4b" outcome="Passed" testListId="8c84fa94-04c1-424b-9868-57a2d4851a1d" relativeResultsDirectory="98e414be-b0c5-40ac-970c-d98ca232adaf" />
    <UnitTestResult executionId="13016f81-a5a3-4c80-8115-6204540af628" testId="8810d5a4-ede2-43b2-93dc-ec20cfd16db3" testName="V3 composition (V1, V2)" computerName="DDBLD061B" duration="00:00:00.0720000" startTime="2015-04-27T07:08:54.5143918-07:00" endTime="2015-04-27T07:08:54.5143918-07:00" testType="13cdc9d9-ddb5-4fa4-a97d-d965ccfc6d4b" outcome="Passed" testListId="8c84fa94-04c1-424b-9868-57a2d4851a1d" relativeResultsDirectory="13016f81-a5a3-4c80-8115-6204540af628" />
    <UnitTestResult executionId="9dc95c5d-d98d-4e3f-a0e3-79b0cfd77653" testId="047849fb-cdf8-4bf1-8063-121cbd7bf834" testName="V3 composition (V1, V2)" computerName="DDBLD061B" duration="00:00:00.1360000" startTime="2015-04-27T07:08:55.2643839-07:00" endTime="2015-04-27T07:08:55.2643839-07:00" testType="13cdc9d9-ddb5-4fa4-a97d-d965ccfc6d4b" outcome="Passed" testListId="8c84fa94-04c1-424b-9868-57a2d4851a1d" relativeResultsDirectory="9dc95c5d-d98d-4e3f-a0e3-79b0cfd77653">
      <Output>
        <StdOut>Catalog AttributedPartDiscoveryV1 vs. AttributedPartDiscovery
      Part
          Type: Microsoft.VisualStudio.Composition.Tests.ImportingConstructorTests+PartWithAllowDefaultImportingConstructor
-         SharingBoundary: 
-         IsSharingBoundaryInferred: True
-         CreationPolicy: Any
+         SharingBoundary: &lt;null&gt;
+         IsSharingBoundaryInferred: False
+         CreationPolicy: NonShared
          OnImportsSatisfied: &lt;null&gt;
          ExportedTypes:
              ExportDefinition
                  ContractName: Microsoft.VisualStudio.Composition.Tests.ImportingConstructorTests+PartWithAllowDefaultImportingConstructor
                  Metadata:
                      ExportTypeIdentity = Microsoft.VisualStudio.Composition.Tests.ImportingConstructorTests+PartWithAllowDefaultImportingConstructor
+                     System.ComponentModel.Composition.CreationPolicy = NonShared
          ExportingMembers:
          ImportingMembers:
          ImportingConstructor:
              ImportDefinition:
                  ContractName: Microsoft.VisualStudio.Composition.Tests.ImportingConstructorTests+RandomExport
                  Cardinality: OneOrZero
                  Metadata:
                  ExportFactorySharingBoundaries: 
                  ExportConstraints: 
                      ExportTypeIdentityConstraint
                          TypeIdentityName: Microsoft.VisualStudio.Composition.Tests.ImportingConstructorTests+RandomExport
              ComposablePartType: Microsoft.VisualStudio.Composition.Tests.ImportingConstructorTests+PartWithAllowDefaultImportingConstructor
              ImportingMember: 
              ParameterInfo: RandomExport export
              ImportingSiteType: Microsoft.VisualStudio.Composition.Tests.ImportingConstructorTests+RandomExport</StdOut>
      </Output>
    </UnitTestResult>
    <UnitTestResult executionId="b52d1613-b4f7-4293-a935-368b9da60f15" testId="efda6c6b-09b7-40ec-a0cf-87e70352447d" testName="V3 composition (V1)" computerName="DDBLD061B" duration="00:00:00.0570000" startTime="2015-04-27T07:08:55.2643839-07:00" endTime="2015-04-27T07:08:55.2643839-07:00" testType="13cdc9d9-ddb5-4fa4-a97d-d965ccfc6d4b" outcome="Passed" testListId="8c84fa94-04c1-424b-9868-57a2d4851a1d" relativeResultsDirectory="b52d1613-b4f7-4293-a935-368b9da60f15">
      <Output>
        <StdOut>Catalog BeforeSerialization vs. AfterSerialization
      Part
          Type: Microsoft.VisualStudio.Composition.ExportMetadataViewInterfaceEmitProxy+MetadataViewProxyProvider
          Part metadata:
              VsMEFDgmlCategories = System.String[]
          SharingBoundary: &lt;null&gt;
          IsSharingBoundaryInferred: False
          CreationPolicy: NonShared
          OnImportsSatisfied: &lt;null&gt;
          ExportedTypes:
              ExportDefinition
                  ContractName: Microsoft.VisualStudio.Composition.IMetadataViewProvider
                  Metadata:
                      ExportTypeIdentity = Microsoft.VisualStudio.Composition.IMetadataViewProvider
                      System.ComponentModel.Composition.CreationPolicy = NonShared
                      OrderPrecedence = 50
          ExportingMembers:
          ImportingMembers:
          ImportingConstructor:
      Part
          Type: Microsoft.VisualStudio.Composition.NetFxAdapters+CompositionService
          Part metadata:
              VsMEFDgmlCategories = System.String[]
          SharingBoundary: &lt;null&gt;
          IsSharingBoundaryInferred: False
          CreationPolicy: NonShared
          OnImportsSatisfied: &lt;null&gt;
          ExportedTypes:
              ExportDefinition
                  ContractName: System.ComponentModel.Composition.ICompositionService
                  Metadata:
                      ExportTypeIdentity = System.ComponentModel.Composition.ICompositionService
                      System.ComponentModel.Composition.CreationPolicy = NonShared
          ExportingMembers:
          ImportingMembers:
          ImportingConstructor:
              ImportDefinition:
                  ContractName: Microsoft.VisualStudio.Composition.ExportProvider
                  Cardinality: ExactlyOne
                  Metadata:
                  ExportFactorySharingBoundaries: 
                  ExportConstraints: 
                      ExportTypeIdentityConstraint
                          TypeIdentityName: Microsoft.VisualStudio.Composition.ExportProvider
              ComposablePartType: Microsoft.VisualStudio.Composition.NetFxAdapters+CompositionService
              ImportingMember: 
              ParameterInfo: Microsoft.VisualStudio.Composition.ExportProvider exportProvider
              ImportingSiteType: Microsoft.VisualStudio.Composition.ExportProvider
      Part
          Type: Microsoft.VisualStudio.Composition.NetFxAdapters+MetadataViewImplProxy
          Part metadata:
              VsMEFDgmlCategories = System.String[]
          SharingBoundary: 
          IsSharingBoundaryInferred: True
          CreationPolicy: Any
          OnImportsSatisfied: &lt;null&gt;
          ExportedTypes:
              ExportDefinition
                  ContractName: Microsoft.VisualStudio.Composition.IMetadataViewProvider
                  Metadata:
                      ExportTypeIdentity = Microsoft.VisualStudio.Composition.IMetadataViewProvider
                      OrderPrecedence = 100
          ExportingMembers:
          ImportingMembers:
          ImportingConstructor:
      Part
          Type: Microsoft.VisualStudio.Composition.NetFxAdapters+AssemblyLoadCodeBasePathLoader
          Part metadata:
              VsMEFDgmlCategories = System.String[]
          SharingBoundary: 
          IsSharingBoundaryInferred: True
          CreationPolicy: Any
          OnImportsSatisfied: &lt;null&gt;
          ExportedTypes:
              ExportDefinition
                  ContractName: Microsoft.VisualStudio.Composition.IAssemblyLoader
                  Metadata:
                      ExportTypeIdentity = Microsoft.VisualStudio.Composition.IAssemblyLoader
                      OrderPrecedence = 100
          ExportingMembers:
          ImportingMembers:
          ImportingConstructor:
      Part
          Type: Microsoft.VisualStudio.Composition.Tests.ExportingMembersTests+ExportingMembersClass
          SharingBoundary: 
          IsSharingBoundaryInferred: True
          CreationPolicy: Any
          OnImportsSatisfied: &lt;null&gt;
          ExportedTypes:
          ExportingMembers:
+             Field
+                 ContractName: Field
+                 Metadata:
+                     ExportTypeIdentity = System.String
+                 ContractName: Field_Extra_Export
+                 Metadata:
+                     ExportTypeIdentity = System.String
              SomeAction
                  ContractName: Method
                  Metadata:
                      ExportTypeIdentity = System.Void()
                      A = b
                  ContractName: Method_Extra_Export
                  Metadata:
                      ExportTypeIdentity = System.Void()
                      A = b
              SomeAction
                  ContractName: Method
                  Metadata:
                      ExportTypeIdentity = System.Void(System.Int32,System.String)
                      A = b
              SomeFunc
                  ContractName: Method
                  Metadata:
                      ExportTypeIdentity = System.Boolean()
                      A = b
              SomeFunc
                  ContractName: Method
                  Metadata:
                      ExportTypeIdentity = System.Boolean(System.Int32,System.String)
                      A = b
              Property
                  ContractName: Property
                  Metadata:
                      ExportTypeIdentity = System.String
                  ContractName: Property_Extra_Export
                  Metadata:
                      ExportTypeIdentity = System.String
              PropertyGenericType
                  ContractName: PropertyGenericType
                  Metadata:
                      ExportTypeIdentity = System.Collections.Generic.Comparer(System.Int32)
              DelegateReturningProperty
                  ContractName: DelegateReturningProperty
                  Metadata:
                      ExportTypeIdentity = System.String(System.String)
                      A = b
-             Field
-                 ContractName: Field
-                 Metadata:
-                     ExportTypeIdentity = System.String
-                 ContractName: Field_Extra_Export
-                 Metadata:
-                     ExportTypeIdentity = System.String
          ImportingMembers:
          ImportingConstructor:</StdOut>
      </Output>
    </UnitTestResult>
    <UnitTestResult executionId="d85877b9-3561-449d-823c-9358b25f5f9d" testId="b0948335-f405-4b0a-9332-d0ed0d945a1c" testName="V3 composition (V1)" computerName="DDBLD061B" duration="00:00:00.0550000" startTime="2015-04-27T07:08:55.2643839-07:00" endTime="2015-04-27T07:08:55.2643839-07:00" testType="13cdc9d9-ddb5-4fa4-a97d-d965ccfc6d4b" outcome="Passed" testListId="8c84fa94-04c1-424b-9868-57a2d4851a1d" relativeResultsDirectory="d85877b9-3561-449d-823c-9358b25f5f9d" />
    <UnitTestResult executionId="39751fdf-3729-4f5b-9bef-c049853b60e2" testId="5b4fe45a-4d3f-44d4-8495-789248963b1b" testName="V3 engine (runtime)" computerName="DDBLD061B" duration="00:00:00.0010000" startTime="2015-04-27T07:08:55.2643839-07:00" endTime="2015-04-27T07:08:55.2643839-07:00" testType="13cdc9d9-ddb5-4fa4-a97d-d965ccfc6d4b" outcome="Passed" testListId="8c84fa94-04c1-424b-9868-57a2d4851a1d" relativeResultsDirectory="39751fdf-3729-4f5b-9bef-c049853b60e2" />
    <UnitTestResult executionId="00df7bb2-0233-43c3-a6b2-c3a791164277" testId="ef8d01a5-e34e-4a51-8ce1-de6adf5d59b8" testName="V1" computerName="DDBLD061B" duration="00:00:00.0020000" startTime="2015-04-27T07:08:55.2643839-07:00" endTime="2015-04-27T07:08:55.2643839-07:00" testType="13cdc9d9-ddb5-4fa4-a97d-d965ccfc6d4b" outcome="Passed" testListId="8c84fa94-04c1-424b-9868-57a2d4851a1d" relativeResultsDirectory="00df7bb2-0233-43c3-a6b2-c3a791164277" />
    <UnitTestResult executionId="8edf76aa-d2e9-4d43-a2f1-2e2a51fdfbbb" testId="612d311f-57e1-49d3-a3e5-b91c7d1a70b7" testName="V3 engine (runtime)" computerName="DDBLD061B" duration="00:00:00.0010000" startTime="2015-04-27T07:08:55.2643839-07:00" endTime="2015-04-27T07:08:55.2643839-07:00" testType="13cdc9d9-ddb5-4fa4-a97d-d965ccfc6d4b" outcome="Passed" testListId="8c84fa94-04c1-424b-9868-57a2d4851a1d" relativeResultsDirectory="8edf76aa-d2e9-4d43-a2f1-2e2a51fdfbbb" />
    <UnitTestResult executionId="282c6c1a-f47f-40d9-b5ab-1a77db2b7bb3" testId="531a7cf1-fc1e-405e-b234-c8b04005af8d" testName="V1" computerName="DDBLD061B" duration="00:00:00.0010000" startTime="2015-04-27T07:08:55.2643839-07:00" endTime="2015-04-27T07:08:55.2643839-07:00" testType="13cdc9d9-ddb5-4fa4-a97d-d965ccfc6d4b" outcome="Passed" testListId="8c84fa94-04c1-424b-9868-57a2d4851a1d" relativeResultsDirectory="282c6c1a-f47f-40d9-b5ab-1a77db2b7bb3" />
    <UnitTestResult executionId="b6863d64-17a9-430a-b4fd-efac10da88b3" testId="2c9c4e8d-2330-47ea-b88d-e8a9e8c93f5c" testName="V3 engine (runtime)" computerName="DDBLD061B" duration="00:00:00.0010000" startTime="2015-04-27T07:08:55.2643839-07:00" endTime="2015-04-27T07:08:55.2643839-07:00" testType="13cdc9d9-ddb5-4fa4-a97d-d965ccfc6d4b" outcome="Passed" testListId="8c84fa94-04c1-424b-9868-57a2d4851a1d" relativeResultsDirectory="b6863d64-17a9-430a-b4fd-efac10da88b3" />
    <UnitTestResult executionId="f3361e9f-0202-42a5-8493-ca130ee6ef41" testId="ff2a0fd4-7723-4b52-b638-11904177c3a5" testName="V1" computerName="DDBLD061B" duration="00:00:00.0010000" startTime="2015-04-27T07:08:55.2643839-07:00" endTime="2015-04-27T07:08:55.2643839-07:00" testType="13cdc9d9-ddb5-4fa4-a97d-d965ccfc6d4b" outcome="Passed" testListId="8c84fa94-04c1-424b-9868-57a2d4851a1d" relativeResultsDirectory="f3361e9f-0202-42a5-8493-ca130ee6ef41" />
    <UnitTestResult executionId="e760092e-dbee-48b2-87dd-f44ea6eb0aa4" testId="9381cab8-7fe2-448c-bf13-414a92946cc0" testName="V3 engine (runtime)" computerName="DDBLD061B" duration="00:00:00.0020000" startTime="2015-04-27T07:08:55.7800011-07:00" endTime="2015-04-27T07:08:55.7800011-07:00" testType="13cdc9d9-ddb5-4fa4-a97d-d965ccfc6d4b" outcome="Passed" testListId="8c84fa94-04c1-424b-9868-57a2d4851a1d" relativeResultsDirectory="e760092e-dbee-48b2-87dd-f44ea6eb0aa4" />
    <UnitTestResult executionId="3dfb4ccc-0bea-4ec1-83a6-ca57081bfec4" testId="f42a4478-6ed4-411c-85dd-53af929222b7" testName="V1" computerName="DDBLD061B" duration="00:00:00.0010000" startTime="2015-04-27T07:08:55.7800011-07:00" endTime="2015-04-27T07:08:55.7800011-07:00" testType="13cdc9d9-ddb5-4fa4-a97d-d965ccfc6d4b" outcome="Passed" testListId="8c84fa94-04c1-424b-9868-57a2d4851a1d" relativeResultsDirectory="3dfb4ccc-0bea-4ec1-83a6-ca57081bfec4" />
    <UnitTestResult executionId="fbf1a422-3edb-48e9-95ed-d458b131d841" testId="b39ad1ec-22ad-4fbc-beff-ef065667cea6" testName="V3 engine (runtime)" computerName="DDBLD061B" duration="00:00:00.0010000" startTime="2015-04-27T07:08:55.7800011-07:00" endTime="2015-04-27T07:08:55.7800011-07:00" testType="13cdc9d9-ddb5-4fa4-a97d-d965ccfc6d4b" outcome="Passed" testListId="8c84fa94-04c1-424b-9868-57a2d4851a1d" relativeResultsDirectory="fbf1a422-3edb-48e9-95ed-d458b131d841" />
    <UnitTestResult executionId="ac6acdcc-19c9-4452-bacc-b7d894e0a379" testId="21e92ce9-f365-4c47-90f7-1449b8d85c30" testName="V3 engine (runtime)" computerName="DDBLD061B" duration="00:00:00.0010000" startTime="2015-04-27T07:08:55.7800011-07:00" endTime="2015-04-27T07:08:55.7800011-07:00" testType="13cdc9d9-ddb5-4fa4-a97d-d965ccfc6d4b" outcome="Passed" testListId="8c84fa94-04c1-424b-9868-57a2d4851a1d" relativeResultsDirectory="ac6acdcc-19c9-4452-bacc-b7d894e0a379" />
    <UnitTestResult executionId="58083523-0e7f-4291-8698-28582bfba29d" testId="1b357e2e-ccbd-4e66-943d-47cc004541d6" testName="V1" computerName="DDBLD061B" duration="00:00:00.0020000" startTime="2015-04-27T07:08:55.7800011-07:00" endTime="2015-04-27T07:08:55.7800011-07:00" testType="13cdc9d9-ddb5-4fa4-a97d-d965ccfc6d4b" outcome="Passed" testListId="8c84fa94-04c1-424b-9868-57a2d4851a1d" relativeResultsDirectory="58083523-0e7f-4291-8698-28582bfba29d" />
    <UnitTestResult executionId="cf6f141d-9751-4818-8114-2b3c105cfe23" testId="b83e3d2c-855a-405d-b6d4-413d682d42fc" testName="V3 engine (runtime)" computerName="DDBLD061B" duration="00:00:00.0010000" startTime="2015-04-27T07:08:55.7800011-07:00" endTime="2015-04-27T07:08:55.7800011-07:00" testType="13cdc9d9-ddb5-4fa4-a97d-d965ccfc6d4b" outcome="Passed" testListId="8c84fa94-04c1-424b-9868-57a2d4851a1d" relativeResultsDirectory="cf6f141d-9751-4818-8114-2b3c105cfe23" />
    <UnitTestResult executionId="b155627f-6105-4631-957c-8ea469ab55db" testId="65d98625-db1a-4cc3-a262-1570b2ff030d" testName="V3 engine (runtime)" computerName="DDBLD061B" duration="00:00:00.0010000" startTime="2015-04-27T07:08:55.7800011-07:00" endTime="2015-04-27T07:08:55.7800011-07:00" testType="13cdc9d9-ddb5-4fa4-a97d-d965ccfc6d4b" outcome="Passed" testListId="8c84fa94-04c1-424b-9868-57a2d4851a1d" relativeResultsDirectory="b155627f-6105-4631-957c-8ea469ab55db" />
    <UnitTestResult executionId="c945d175-15d4-4088-9acd-af59d7b2cc23" testId="ca96eace-a771-44bd-a919-6fc4d5896f6e" testName="V1" computerName="DDBLD061B" duration="00:00:00.0010000" startTime="2015-04-27T07:08:55.7800011-07:00" endTime="2015-04-27T07:08:55.7800011-07:00" testType="13cdc9d9-ddb5-4fa4-a97d-d965ccfc6d4b" outcome="Passed" testListId="8c84fa94-04c1-424b-9868-57a2d4851a1d" relativeResultsDirectory="c945d175-15d4-4088-9acd-af59d7b2cc23" />
    <UnitTestResult executionId="40e9e7a7-2bbc-4e86-a8df-1fef80927c98" testId="ab141fff-3583-466c-a495-9107f325f5a7" testName="V2" computerName="DDBLD061B" duration="00:00:00.0010000" startTime="2015-04-27T07:08:56.0456251-07:00" endTime="2015-04-27T07:08:56.0456251-07:00" testType="13cdc9d9-ddb5-4fa4-a97d-d965ccfc6d4b" outcome="Passed" testListId="8c84fa94-04c1-424b-9868-57a2d4851a1d" relativeResultsDirectory="40e9e7a7-2bbc-4e86-a8df-1fef80927c98" />
    <UnitTestResult executionId="a5f244ac-bcc6-4715-aa1a-64e64e8384a8" testId="1a1812b3-4c58-4de5-b30b-15dd0450f2fb" testName="V1" computerName="DDBLD061B" duration="00:00:00.0020000" startTime="2015-04-27T07:08:56.0456251-07:00" endTime="2015-04-27T07:08:56.0456251-07:00" testType="13cdc9d9-ddb5-4fa4-a97d-d965ccfc6d4b" outcome="Passed" testListId="8c84fa94-04c1-424b-9868-57a2d4851a1d" relativeResultsDirectory="a5f244ac-bcc6-4715-aa1a-64e64e8384a8" />
    <UnitTestResult executionId="ad07afa9-e806-46ef-a5aa-ed41e45cd402" testId="3eb5501f-e3d2-4fec-8887-8a8d22378237" testName="V2" computerName="DDBLD061B" duration="00:00:00.0080000" startTime="2015-04-27T07:08:56.0456251-07:00" endTime="2015-04-27T07:08:56.0456251-07:00" testType="13cdc9d9-ddb5-4fa4-a97d-d965ccfc6d4b" outcome="Passed" testListId="8c84fa94-04c1-424b-9868-57a2d4851a1d" relativeResultsDirectory="ad07afa9-e806-46ef-a5aa-ed41e45cd402" />
    <UnitTestResult executionId="2b09ec56-ff30-46fb-ad51-2fe65ccd8be8" testId="e761127a-2a9f-493e-b6c5-34e39ac911f7" testName="V3 engine (runtime)" computerName="DDBLD061B" duration="00:00:00.0010000" startTime="2015-04-27T07:08:56.0611881-07:00" endTime="2015-04-27T07:08:56.0611881-07:00" testType="13cdc9d9-ddb5-4fa4-a97d-d965ccfc6d4b" outcome="Passed" testListId="8c84fa94-04c1-424b-9868-57a2d4851a1d" relativeResultsDirectory="2b09ec56-ff30-46fb-ad51-2fe65ccd8be8" />
    <UnitTestResult executionId="21894a70-c68d-4ec9-8ff1-926b697ce793" testId="bbb4bc9c-df0a-46d9-9b69-5e65954ac4eb" testName="V1" computerName="DDBLD061B" duration="00:00:00.0020000" startTime="2015-04-27T07:08:56.0611881-07:00" endTime="2015-04-27T07:08:56.0611881-07:00" testType="13cdc9d9-ddb5-4fa4-a97d-d965ccfc6d4b" outcome="Passed" testListId="8c84fa94-04c1-424b-9868-57a2d4851a1d" relativeResultsDirectory="21894a70-c68d-4ec9-8ff1-926b697ce793" />
    <UnitTestResult executionId="815a63b7-4459-48a4-9134-8c53c62934dd" testId="dbbadd22-1bbc-4fd3-9ce6-5cce2969d33b" testName="V3 engine (runtime)" computerName="DDBLD061B" duration="00:00:00.0010000" startTime="2015-04-27T07:08:56.0611881-07:00" endTime="2015-04-27T07:08:56.0611881-07:00" testType="13cdc9d9-ddb5-4fa4-a97d-d965ccfc6d4b" outcome="Passed" testListId="8c84fa94-04c1-424b-9868-57a2d4851a1d" relativeResultsDirectory="815a63b7-4459-48a4-9134-8c53c62934dd" />
    <UnitTestResult executionId="0e91e827-5af8-4e6c-b3cb-8197af580215" testId="a2f517b4-b07c-4127-8250-1f4308d0e683" testName="V3 engine (runtime)" computerName="DDBLD061B" duration="00:00:00.0010000" startTime="2015-04-27T07:08:56.0611881-07:00" endTime="2015-04-27T07:08:56.0611881-07:00" testType="13cdc9d9-ddb5-4fa4-a97d-d965ccfc6d4b" outcome="Passed" testListId="8c84fa94-04c1-424b-9868-57a2d4851a1d" relativeResultsDirectory="0e91e827-5af8-4e6c-b3cb-8197af580215" />
    <UnitTestResult executionId="6ad4e13f-f334-4afd-92e7-bfe926f81f49" testId="1080e1cf-04de-4956-a2d4-98803b56bcd2" testName="V3 composition (V1)" computerName="DDBLD061B" duration="00:00:00.0870000" startTime="2015-04-27T07:08:56.0611881-07:00" endTime="2015-04-27T07:08:56.0611881-07:00" testType="13cdc9d9-ddb5-4fa4-a97d-d965ccfc6d4b" outcome="Passed" testListId="8c84fa94-04c1-424b-9868-57a2d4851a1d" relativeResultsDirectory="6ad4e13f-f334-4afd-92e7-bfe926f81f49" />
    <UnitTestResult executionId="f7f2b04b-eef9-4ef8-8bf6-34728b73b379" testId="bc96caea-cfa7-4748-be9b-99b27f535a60" testName="V1" computerName="DDBLD061B" duration="00:00:00.0010000" startTime="2015-04-27T07:08:56.2643100-07:00" endTime="2015-04-27T07:08:56.2643100-07:00" testType="13cdc9d9-ddb5-4fa4-a97d-d965ccfc6d4b" outcome="Passed" testListId="8c84fa94-04c1-424b-9868-57a2d4851a1d" relativeResultsDirectory="f7f2b04b-eef9-4ef8-8bf6-34728b73b379" />
    <UnitTestResult executionId="75a12f9a-9a3b-4ccf-9d53-b650db8baa7b" testId="a10ee253-081c-433b-9a76-28ee771b3178" testName="V3 engine (runtime)" computerName="DDBLD061B" duration="00:00:00.0010000" startTime="2015-04-27T07:08:56.2643100-07:00" endTime="2015-04-27T07:08:56.2643100-07:00" testType="13cdc9d9-ddb5-4fa4-a97d-d965ccfc6d4b" outcome="Passed" testListId="8c84fa94-04c1-424b-9868-57a2d4851a1d" relativeResultsDirectory="75a12f9a-9a3b-4ccf-9d53-b650db8baa7b" />
    <UnitTestResult executionId="21afd295-3be5-4259-a567-29e8a5b17859" testId="b952fdb8-4ce3-4748-b7d4-11cf98b3507e" testName="V3 composition (V1, V2)" computerName="DDBLD061B" duration="00:00:00.1520000" startTime="2015-04-27T07:08:56.2643100-07:00" endTime="2015-04-27T07:08:56.2643100-07:00" testType="13cdc9d9-ddb5-4fa4-a97d-d965ccfc6d4b" outcome="Passed" testListId="8c84fa94-04c1-424b-9868-57a2d4851a1d" relativeResultsDirectory="21afd295-3be5-4259-a567-29e8a5b17859">
      <Output>
        <StdOut>Catalog AttributedPartDiscoveryV1 vs. AttributedPartDiscovery
      Part
          Type: Microsoft.VisualStudio.Composition.Tests.OpenGenericExportTests+Useful`1
          SharingBoundary: &lt;null&gt;
          IsSharingBoundaryInferred: False
          CreationPolicy: NonShared
          OnImportsSatisfied: &lt;null&gt;
          ExportedTypes:
              ExportDefinition
                  ContractName: Microsoft.VisualStudio.Composition.Tests.OpenGenericExportTests+Useful({0})
                  Metadata:
                      ExportTypeIdentity = Microsoft.VisualStudio.Composition.Tests.OpenGenericExportTests+Useful({0})
                      System.ComponentModel.Composition.CreationPolicy = NonShared
          ExportingMembers:
          ImportingMembers:
          ImportingConstructor:
      Part
          Type: Microsoft.VisualStudio.Composition.Tests.OpenGenericExportTests+Useful`2
+         Part metadata:
+             SharingBoundary = 
          SharingBoundary: 
-         IsSharingBoundaryInferred: True
-         CreationPolicy: Any
+         IsSharingBoundaryInferred: False
+         CreationPolicy: Shared
          OnImportsSatisfied: &lt;null&gt;
          ExportedTypes:
              ExportDefinition
                  ContractName: Microsoft.VisualStudio.Composition.Tests.OpenGenericExportTests+Useful({0},{1})
                  Metadata:
                      ExportTypeIdentity = Microsoft.VisualStudio.Composition.Tests.OpenGenericExportTests+Useful({0},{1})
+                     System.ComponentModel.Composition.CreationPolicy = Shared
          ExportingMembers:
          ImportingMembers:
          ImportingConstructor:
      Part
          Type: Microsoft.VisualStudio.Composition.Tests.OpenGenericExportTests+User
          SharingBoundary: &lt;null&gt;
          IsSharingBoundaryInferred: False
          CreationPolicy: NonShared
          OnImportsSatisfied: &lt;null&gt;
          ExportedTypes:
              ExportDefinition
                  ContractName: Microsoft.VisualStudio.Composition.Tests.OpenGenericExportTests+User
                  Metadata:
                      ExportTypeIdentity = Microsoft.VisualStudio.Composition.Tests.OpenGenericExportTests+User
                      System.ComponentModel.Composition.CreationPolicy = NonShared
          ExportingMembers:
          ImportingMembers:
              ImportDefinition:
                  ContractName: Microsoft.VisualStudio.Composition.Tests.OpenGenericExportTests+Useful(System.Int32)
                  Cardinality: ExactlyOne
                  Metadata:
                      System.ComponentModel.Composition.GenericContractName = Microsoft.VisualStudio.Composition.Tests.OpenGenericExportTests+Useful({0})
                      System.ComponentModel.Composition.GenericParameters = System.Type[]
                  ExportFactorySharingBoundaries: 
                  ExportConstraints: 
                      ExportTypeIdentityConstraint
                          TypeIdentityName: Microsoft.VisualStudio.Composition.Tests.OpenGenericExportTests+Useful(System.Int32)
              ComposablePartType: Microsoft.VisualStudio.Composition.Tests.OpenGenericExportTests+User
              ImportingMember: Useful`1 Useful
              ParameterInfo: 
              ImportingSiteType: Microsoft.VisualStudio.Composition.Tests.OpenGenericExportTests+Useful`1[System.Int32]
          ImportingConstructor:
      Part
          Type: Microsoft.VisualStudio.Composition.Tests.OpenGenericExportTests+UserOfTwoArity
          SharingBoundary: &lt;null&gt;
          IsSharingBoundaryInferred: False
          CreationPolicy: NonShared
          OnImportsSatisfied: &lt;null&gt;
          ExportedTypes:
              ExportDefinition
                  ContractName: Microsoft.VisualStudio.Composition.Tests.OpenGenericExportTests+UserOfTwoArity
                  Metadata:
                      ExportTypeIdentity = Microsoft.VisualStudio.Composition.Tests.OpenGenericExportTests+UserOfTwoArity
                      System.ComponentModel.Composition.CreationPolicy = NonShared
          ExportingMembers:
          ImportingMembers:
              ImportDefinition:
                  ContractName: Microsoft.VisualStudio.Composition.Tests.OpenGenericExportTests+Useful(System.Int32,System.Byte)
                  Cardinality: ExactlyOne
                  Metadata:
                      System.ComponentModel.Composition.GenericContractName = Microsoft.VisualStudio.Composition.Tests.OpenGenericExportTests+Useful({0},{1})
                      System.ComponentModel.Composition.GenericParameters = System.Type[]
                  ExportFactorySharingBoundaries: 
                  ExportConstraints: 
                      ExportTypeIdentityConstraint
                          TypeIdentityName: Microsoft.VisualStudio.Composition.Tests.OpenGenericExportTests+Useful(System.Int32,System.Byte)
              ComposablePartType: Microsoft.VisualStudio.Composition.Tests.OpenGenericExportTests+UserOfTwoArity
              ImportingMember: Useful`2 Useful
              ParameterInfo: 
              ImportingSiteType: Microsoft.VisualStudio.Composition.Tests.OpenGenericExportTests+Useful`2[System.Int32,System.Byte]
          ImportingConstructor:</StdOut>
      </Output>
    </UnitTestResult>
    <UnitTestResult executionId="fb99a851-3784-4ddb-a5dd-efcb2ba489d3" testId="82b322a2-f17d-48f6-81be-bd38a8afeb2e" testName="V1" computerName="DDBLD061B" duration="00:00:00.0010000" startTime="2015-04-27T07:08:56.2643100-07:00" endTime="2015-04-27T07:08:56.2643100-07:00" testType="13cdc9d9-ddb5-4fa4-a97d-d965ccfc6d4b" outcome="Passed" testListId="8c84fa94-04c1-424b-9868-57a2d4851a1d" relativeResultsDirectory="fb99a851-3784-4ddb-a5dd-efcb2ba489d3" />
    <UnitTestResult executionId="d7a66b0d-678e-4765-b87a-8113abe5f75b" testId="a73441c2-cd1c-4fa3-a69f-09bf4642631c" testName="V3 composition (V1, V2)" computerName="DDBLD061B" duration="00:00:00.1640000" startTime="2015-04-27T07:08:56.2799345-07:00" endTime="2015-04-27T07:08:56.2799345-07:00" testType="13cdc9d9-ddb5-4fa4-a97d-d965ccfc6d4b" outcome="Passed" testListId="8c84fa94-04c1-424b-9868-57a2d4851a1d" relativeResultsDirectory="d7a66b0d-678e-4765-b87a-8113abe5f75b">
      <Output>
        <StdOut>Catalog AttributedPartDiscoveryV1 vs. AttributedPartDiscovery
      Part
          Type: Microsoft.VisualStudio.Composition.Tests.ExportProviderTests+Foo1
+         Part metadata:
+             SharingBoundary = 
          SharingBoundary: 
-         IsSharingBoundaryInferred: True
-         CreationPolicy: Any
+         IsSharingBoundaryInferred: False
+         CreationPolicy: Shared
          OnImportsSatisfied: &lt;null&gt;
          ExportedTypes:
              ExportDefinition
                  ContractName: Microsoft.VisualStudio.Composition.Tests.ExportProviderTests+IFoo
                  Metadata:
                      ExportTypeIdentity = Microsoft.VisualStudio.Composition.Tests.ExportProviderTests+IFoo
+                     System.ComponentModel.Composition.CreationPolicy = Shared
          ExportingMembers:
          ImportingMembers:
          ImportingConstructor:
      Part
          Type: Microsoft.VisualStudio.Composition.Tests.ExportProviderTests+Foo2
+         Part metadata:
+             SharingBoundary = 
          SharingBoundary: 
-         IsSharingBoundaryInferred: True
-         CreationPolicy: Any
+         IsSharingBoundaryInferred: False
+         CreationPolicy: Shared
          OnImportsSatisfied: &lt;null&gt;
          ExportedTypes:
              ExportDefinition
                  ContractName: Microsoft.VisualStudio.Composition.Tests.ExportProviderTests+IFoo
                  Metadata:
                      ExportTypeIdentity = Microsoft.VisualStudio.Composition.Tests.ExportProviderTests+IFoo
+                     System.ComponentModel.Composition.CreationPolicy = Shared
          ExportingMembers:
          ImportingMembers:
          ImportingConstructor:</StdOut>
      </Output>
    </UnitTestResult>
    <UnitTestResult executionId="3c47dfa4-0c59-48c6-8a36-67a00773ae2f" testId="986cc184-440a-4ce8-8931-22cfe7bc638e" testName="V3 engine (runtime)" computerName="DDBLD061B" duration="00:00:00.0010000" startTime="2015-04-27T07:08:56.2799345-07:00" endTime="2015-04-27T07:08:56.2799345-07:00" testType="13cdc9d9-ddb5-4fa4-a97d-d965ccfc6d4b" outcome="Passed" testListId="8c84fa94-04c1-424b-9868-57a2d4851a1d" relativeResultsDirectory="3c47dfa4-0c59-48c6-8a36-67a00773ae2f" />
    <UnitTestResult executionId="866bbe5a-e8b0-40ca-b519-e7ffed3aa4f3" testId="10db3c14-6c7a-4fcd-be6f-bc2f7e5e49af" testName="V3 composition (V1)" computerName="DDBLD061B" duration="00:00:00.1080000" startTime="2015-04-27T07:08:56.2799345-07:00" endTime="2015-04-27T07:08:56.2799345-07:00" testType="13cdc9d9-ddb5-4fa4-a97d-d965ccfc6d4b" outcome="Passed" testListId="8c84fa94-04c1-424b-9868-57a2d4851a1d" relativeResultsDirectory="866bbe5a-e8b0-40ca-b519-e7ffed3aa4f3" />
    <UnitTestResult executionId="e957f840-1cf2-4a30-854f-0bb5017fc325" testId="3fea1d66-3571-4143-a7a3-5b991f71ea91" testName="V3 composition (V1, V2)" computerName="DDBLD061B" duration="00:00:00.1380000" startTime="2015-04-27T07:08:56.2799345-07:00" endTime="2015-04-27T07:08:56.2799345-07:00" testType="13cdc9d9-ddb5-4fa4-a97d-d965ccfc6d4b" outcome="Passed" testListId="8c84fa94-04c1-424b-9868-57a2d4851a1d" relativeResultsDirectory="e957f840-1cf2-4a30-854f-0bb5017fc325">
      <Output>
        <StdOut>Catalog AttributedPartDiscoveryV1 vs. AttributedPartDiscovery
      Part
          Type: Microsoft.VisualStudio.Composition.Tests.DisposablePartsTests+PartWithDisposeThatEvaluatesLazyImport
+         Part metadata:
+             SharingBoundary = 
          SharingBoundary: 
-         IsSharingBoundaryInferred: True
-         CreationPolicy: Any
+         IsSharingBoundaryInferred: False
+         CreationPolicy: Shared
          OnImportsSatisfied: &lt;null&gt;
          ExportedTypes:
              ExportDefinition
                  ContractName: Microsoft.VisualStudio.Composition.Tests.DisposablePartsTests+PartWithDisposeThatEvaluatesLazyImport
                  Metadata:
                      ExportTypeIdentity = Microsoft.VisualStudio.Composition.Tests.DisposablePartsTests+PartWithDisposeThatEvaluatesLazyImport
+                     System.ComponentModel.Composition.CreationPolicy = Shared
          ExportingMembers:
          ImportingMembers:
              ImportDefinition:
                  ContractName: Microsoft.VisualStudio.Composition.Tests.DisposablePartsTests+PartThatImportsDisposeWithLazyImport
                  Cardinality: ExactlyOne
                  Metadata:
                  ExportFactorySharingBoundaries: 
                  ExportConstraints: 
                      ExportTypeIdentityConstraint
                          TypeIdentityName: Microsoft.VisualStudio.Composition.Tests.DisposablePartsTests+PartThatImportsDisposeWithLazyImport
              ComposablePartType: Microsoft.VisualStudio.Composition.Tests.DisposablePartsTests+PartWithDisposeThatEvaluatesLazyImport
              ImportingMember: System.Lazy`1[Microsoft.VisualStudio.Composition.Tests.DisposablePartsTests+PartThatImportsDisposeWithLazyImport] LazyImport
              ParameterInfo: 
              ImportingSiteType: System.Lazy`1[Microsoft.VisualStudio.Composition.Tests.DisposablePartsTests+PartThatImportsDisposeWithLazyImport]
          ImportingConstructor:
      Part
          Type: Microsoft.VisualStudio.Composition.Tests.DisposablePartsTests+PartThatImportsDisposeWithLazyImport
+         Part metadata:
+             SharingBoundary = 
          SharingBoundary: 
-         IsSharingBoundaryInferred: True
-         CreationPolicy: Any
+         IsSharingBoundaryInferred: False
+         CreationPolicy: Shared
          OnImportsSatisfied: &lt;null&gt;
          ExportedTypes:
              ExportDefinition
                  ContractName: Microsoft.VisualStudio.Composition.Tests.DisposablePartsTests+PartThatImportsDisposeWithLazyImport
                  Metadata:
                      ExportTypeIdentity = Microsoft.VisualStudio.Composition.Tests.DisposablePartsTests+PartThatImportsDisposeWithLazyImport
+                     System.ComponentModel.Composition.CreationPolicy = Shared
          ExportingMembers:
          ImportingMembers:
              ImportDefinition:
                  ContractName: Microsoft.VisualStudio.Composition.Tests.DisposablePartsTests+PartWithDisposeThatEvaluatesLazyImport
                  Cardinality: ExactlyOne
                  Metadata:
                  ExportFactorySharingBoundaries: 
                  ExportConstraints: 
                      ExportTypeIdentityConstraint
                          TypeIdentityName: Microsoft.VisualStudio.Composition.Tests.DisposablePartsTests+PartWithDisposeThatEvaluatesLazyImport
              ComposablePartType: Microsoft.VisualStudio.Composition.Tests.DisposablePartsTests+PartThatImportsDisposeWithLazyImport
              ImportingMember: PartWithDisposeThatEvaluatesLazyImport ImportingProperty
              ParameterInfo: 
              ImportingSiteType: Microsoft.VisualStudio.Composition.Tests.DisposablePartsTests+PartWithDisposeThatEvaluatesLazyImport
          ImportingConstructor:</StdOut>
      </Output>
    </UnitTestResult>
    <UnitTestResult executionId="d3322e93-e4d0-4a16-bb6d-2b53dc21296b" testId="53dd4e07-1210-4047-a77e-e5946e06445b" testName="V3 composition (V1)" computerName="DDBLD061B" duration="00:00:00.0800000" startTime="2015-04-27T07:08:56.2799345-07:00" endTime="2015-04-27T07:08:56.2799345-07:00" testType="13cdc9d9-ddb5-4fa4-a97d-d965ccfc6d4b" outcome="Passed" testListId="8c84fa94-04c1-424b-9868-57a2d4851a1d" relativeResultsDirectory="d3322e93-e4d0-4a16-bb6d-2b53dc21296b" />
    <UnitTestResult executionId="5e87fa59-81e7-4532-9e8f-ff59d293fdfd" testId="137578c8-6d1e-46ea-9b1a-7f2fd9884764" testName="V1" computerName="DDBLD061B" duration="00:00:00.0030000" startTime="2015-04-27T07:08:56.4987463-07:00" endTime="2015-04-27T07:08:56.4987463-07:00" testType="13cdc9d9-ddb5-4fa4-a97d-d965ccfc6d4b" outcome="Passed" testListId="8c84fa94-04c1-424b-9868-57a2d4851a1d" relativeResultsDirectory="5e87fa59-81e7-4532-9e8f-ff59d293fdfd" />
    <UnitTestResult executionId="adebd193-38d7-4561-b91c-49364f3880d5" testId="d29fdc42-ca1f-4ddf-a062-76d0d7f7d680" testName="V3 composition (V1)" computerName="DDBLD061B" duration="00:00:00.0850000" startTime="2015-04-27T07:08:56.4987463-07:00" endTime="2015-04-27T07:08:56.4987463-07:00" testType="13cdc9d9-ddb5-4fa4-a97d-d965ccfc6d4b" outcome="Passed" testListId="8c84fa94-04c1-424b-9868-57a2d4851a1d" relativeResultsDirectory="adebd193-38d7-4561-b91c-49364f3880d5" />
    <UnitTestResult executionId="9798db70-f0e2-4038-8900-aa78bdf94e91" testId="1376b486-6965-439e-8c05-74000af544dd" testName="V3 composition (V1)" computerName="DDBLD061B" duration="00:00:00.0820000" startTime="2015-04-27T07:08:56.4987463-07:00" endTime="2015-04-27T07:08:56.4987463-07:00" testType="13cdc9d9-ddb5-4fa4-a97d-d965ccfc6d4b" outcome="Passed" testListId="8c84fa94-04c1-424b-9868-57a2d4851a1d" relativeResultsDirectory="9798db70-f0e2-4038-8900-aa78bdf94e91" />
    <UnitTestResult executionId="a0fa95bc-e5c6-4f71-a5ff-54a726e527b6" testId="92c68964-9762-474b-bb93-e9e45a0caa8b" testName="V2" computerName="DDBLD061B" duration="00:00:00.0030000" startTime="2015-04-27T07:08:56.4987463-07:00" endTime="2015-04-27T07:08:56.4987463-07:00" testType="13cdc9d9-ddb5-4fa4-a97d-d965ccfc6d4b" outcome="Passed" testListId="8c84fa94-04c1-424b-9868-57a2d4851a1d" relativeResultsDirectory="a0fa95bc-e5c6-4f71-a5ff-54a726e527b6" />
    <UnitTestResult executionId="30163df2-2242-463f-863f-212ecfa1d148" testId="aa76e032-e20c-4728-baa7-0a89d9129ecc" testName="V3 engine (runtime)" computerName="DDBLD061B" duration="00:00:00.0010000" startTime="2015-04-27T07:08:56.4987463-07:00" endTime="2015-04-27T07:08:56.4987463-07:00" testType="13cdc9d9-ddb5-4fa4-a97d-d965ccfc6d4b" outcome="Passed" testListId="8c84fa94-04c1-424b-9868-57a2d4851a1d" relativeResultsDirectory="30163df2-2242-463f-863f-212ecfa1d148" />
    <UnitTestResult executionId="3b70b20a-2783-408f-83cd-8bd5eb009320" testId="ffab8d3e-5a48-45ca-b04f-ce1e44890f4c" testName="V3 composition (V1)" computerName="DDBLD061B" duration="00:00:00.0820000" startTime="2015-04-27T07:08:56.4987463-07:00" endTime="2015-04-27T07:08:56.4987463-07:00" testType="13cdc9d9-ddb5-4fa4-a97d-d965ccfc6d4b" outcome="Passed" testListId="8c84fa94-04c1-424b-9868-57a2d4851a1d" relativeResultsDirectory="3b70b20a-2783-408f-83cd-8bd5eb009320" />
    <UnitTestResult executionId="22df7c3f-be4d-4752-82eb-ababb415161b" testId="bce5525b-f661-4d82-95f2-569c4cd1f0d0" testName="V1" computerName="DDBLD061B" duration="00:00:00.0020000" startTime="2015-04-27T07:08:56.4987463-07:00" endTime="2015-04-27T07:08:56.4987463-07:00" testType="13cdc9d9-ddb5-4fa4-a97d-d965ccfc6d4b" outcome="Passed" testListId="8c84fa94-04c1-424b-9868-57a2d4851a1d" relativeResultsDirectory="22df7c3f-be4d-4752-82eb-ababb415161b" />
    <UnitTestResult executionId="c6e0d757-a026-44d2-b052-e0ccdf076ee2" testId="8bbc0160-5fbb-4bfc-ae32-00c27b8a4a18" testName="V3 engine (runtime)" computerName="DDBLD061B" duration="00:00:00.0010000" startTime="2015-04-27T07:08:56.4987463-07:00" endTime="2015-04-27T07:08:56.4987463-07:00" testType="13cdc9d9-ddb5-4fa4-a97d-d965ccfc6d4b" outcome="Passed" testListId="8c84fa94-04c1-424b-9868-57a2d4851a1d" relativeResultsDirectory="c6e0d757-a026-44d2-b052-e0ccdf076ee2" />
    <UnitTestResult executionId="fdaa19fd-bb92-4c46-834a-21886ab3d7fc" testId="93a3bbb3-7f63-4752-842b-d6382a299f11" testName="V1" computerName="DDBLD061B" duration="00:00:00.0260000" startTime="2015-04-27T07:08:57.2799217-07:00" endTime="2015-04-27T07:08:57.2799217-07:00" testType="13cdc9d9-ddb5-4fa4-a97d-d965ccfc6d4b" outcome="Passed" testListId="8c84fa94-04c1-424b-9868-57a2d4851a1d" relativeResultsDirectory="fdaa19fd-bb92-4c46-834a-21886ab3d7fc" />
    <UnitTestResult executionId="d02c21fc-a39d-4c95-b971-d4469a575957" testId="d01b8047-2a23-4368-9088-c6c4ff3cfb89" testName="V3 engine (runtime)" computerName="DDBLD061B" duration="00:00:00.0250000" startTime="2015-04-27T07:08:57.2799217-07:00" endTime="2015-04-27T07:08:57.2799217-07:00" testType="13cdc9d9-ddb5-4fa4-a97d-d965ccfc6d4b" outcome="Passed" testListId="8c84fa94-04c1-424b-9868-57a2d4851a1d" relativeResultsDirectory="d02c21fc-a39d-4c95-b971-d4469a575957" />
    <UnitTestResult executionId="edc95877-2a65-4b1a-b9f1-86f7938e8138" testId="2a0a795b-bcd4-45ce-9eff-3df4adc2fd4d" testName="V2" computerName="DDBLD061B" duration="00:00:00.0040000" startTime="2015-04-27T07:08:57.2799217-07:00" endTime="2015-04-27T07:08:57.2799217-07:00" testType="13cdc9d9-ddb5-4fa4-a97d-d965ccfc6d4b" outcome="Passed" testListId="8c84fa94-04c1-424b-9868-57a2d4851a1d" relativeResultsDirectory="edc95877-2a65-4b1a-b9f1-86f7938e8138" />
    <UnitTestResult executionId="d9ce3cb0-d064-47a6-adb3-219aff6c4b07" testId="3a324fc0-7004-487d-a18c-109491472018" testName="V3 composition (V1)" computerName="DDBLD061B" duration="00:00:00.1120000" startTime="2015-04-27T07:08:57.2799217-07:00" endTime="2015-04-27T07:08:57.2799217-07:00" testType="13cdc9d9-ddb5-4fa4-a97d-d965ccfc6d4b" outcome="Passed" testListId="8c84fa94-04c1-424b-9868-57a2d4851a1d" relativeResultsDirectory="d9ce3cb0-d064-47a6-adb3-219aff6c4b07" />
    <UnitTestResult executionId="35ff2678-0f1c-430c-a1b7-2a008ca4fbef" testId="6c4483e4-163f-40b4-b71b-84cfbfbdef6d" testName="V3 composition (V1)" computerName="DDBLD061B" duration="00:00:00.1090000" startTime="2015-04-27T07:08:57.2799217-07:00" endTime="2015-04-27T07:08:57.2799217-07:00" testType="13cdc9d9-ddb5-4fa4-a97d-d965ccfc6d4b" outcome="Passed" testListId="8c84fa94-04c1-424b-9868-57a2d4851a1d" relativeResultsDirectory="35ff2678-0f1c-430c-a1b7-2a008ca4fbef" />
    <UnitTestResult executionId="46675d62-f03a-4432-84df-62c3b666e7ad" testId="22e99422-eda6-453b-8084-482c289b5cdf" testName="V3 composition (V1)" computerName="DDBLD061B" duration="00:00:00.0960000" startTime="2015-04-27T07:08:57.2955480-07:00" endTime="2015-04-27T07:08:57.2955480-07:00" testType="13cdc9d9-ddb5-4fa4-a97d-d965ccfc6d4b" outcome="Passed" testListId="8c84fa94-04c1-424b-9868-57a2d4851a1d" relativeResultsDirectory="46675d62-f03a-4432-84df-62c3b666e7ad" />
    <UnitTestResult executionId="2c14e5e5-8a65-4301-adb7-195c8a3a30bd" testId="e7803303-6e85-4a6f-9bcf-74a35d5eb744" testName="V3 engine (runtime)" computerName="DDBLD061B" duration="00:00:00.0020000" startTime="2015-04-27T07:08:57.2955480-07:00" endTime="2015-04-27T07:08:57.2955480-07:00" testType="13cdc9d9-ddb5-4fa4-a97d-d965ccfc6d4b" outcome="Passed" testListId="8c84fa94-04c1-424b-9868-57a2d4851a1d" relativeResultsDirectory="2c14e5e5-8a65-4301-adb7-195c8a3a30bd" />
    <UnitTestResult executionId="42b44544-c235-4985-8de6-a0300c64d253" testId="f4df154c-7f85-45e9-b1f6-8df69bb093c1" testName="V3 composition (V2)" computerName="DDBLD061B" duration="00:00:00.1080000" startTime="2015-04-27T07:08:57.2955480-07:00" endTime="2015-04-27T07:08:57.2955480-07:00" testType="13cdc9d9-ddb5-4fa4-a97d-d965ccfc6d4b" outcome="Passed" testListId="8c84fa94-04c1-424b-9868-57a2d4851a1d" relativeResultsDirectory="42b44544-c235-4985-8de6-a0300c64d253" />
    <UnitTestResult executionId="807a3f64-88f9-40c3-b463-59a94d0d2f48" testId="1eb7cd87-696a-4c44-8f08-e2557ee72e7d" testName="V3 composition (V1)" computerName="DDBLD061B" duration="00:00:00.0980000" startTime="2015-04-27T07:08:57.2955480-07:00" endTime="2015-04-27T07:08:57.2955480-07:00" testType="13cdc9d9-ddb5-4fa4-a97d-d965ccfc6d4b" outcome="Passed" testListId="8c84fa94-04c1-424b-9868-57a2d4851a1d" relativeResultsDirectory="807a3f64-88f9-40c3-b463-59a94d0d2f48">
      <Output>
        <StdOut>Catalog BeforeSerialization vs. AfterSerialization
      Part
          Type: Microsoft.VisualStudio.Composition.ExportMetadataViewInterfaceEmitProxy+MetadataViewProxyProvider
          Part metadata:
              VsMEFDgmlCategories = System.String[]
          SharingBoundary: &lt;null&gt;
          IsSharingBoundaryInferred: False
          CreationPolicy: NonShared
          OnImportsSatisfied: &lt;null&gt;
          ExportedTypes:
              ExportDefinition
                  ContractName: Microsoft.VisualStudio.Composition.IMetadataViewProvider
                  Metadata:
                      ExportTypeIdentity = Microsoft.VisualStudio.Composition.IMetadataViewProvider
                      System.ComponentModel.Composition.CreationPolicy = NonShared
                      OrderPrecedence = 50
          ExportingMembers:
          ImportingMembers:
          ImportingConstructor:
      Part
          Type: Microsoft.VisualStudio.Composition.NetFxAdapters+CompositionService
          Part metadata:
              VsMEFDgmlCategories = System.String[]
          SharingBoundary: &lt;null&gt;
          IsSharingBoundaryInferred: False
          CreationPolicy: NonShared
          OnImportsSatisfied: &lt;null&gt;
          ExportedTypes:
              ExportDefinition
                  ContractName: System.ComponentModel.Composition.ICompositionService
                  Metadata:
                      ExportTypeIdentity = System.ComponentModel.Composition.ICompositionService
                      System.ComponentModel.Composition.CreationPolicy = NonShared
          ExportingMembers:
          ImportingMembers:
          ImportingConstructor:
              ImportDefinition:
                  ContractName: Microsoft.VisualStudio.Composition.ExportProvider
                  Cardinality: ExactlyOne
                  Metadata:
                  ExportFactorySharingBoundaries: 
                  ExportConstraints: 
                      ExportTypeIdentityConstraint
                          TypeIdentityName: Microsoft.VisualStudio.Composition.ExportProvider
              ComposablePartType: Microsoft.VisualStudio.Composition.NetFxAdapters+CompositionService
              ImportingMember: 
              ParameterInfo: Microsoft.VisualStudio.Composition.ExportProvider exportProvider
              ImportingSiteType: Microsoft.VisualStudio.Composition.ExportProvider
      Part
          Type: Microsoft.VisualStudio.Composition.NetFxAdapters+MetadataViewImplProxy
          Part metadata:
              VsMEFDgmlCategories = System.String[]
          SharingBoundary: 
          IsSharingBoundaryInferred: True
          CreationPolicy: Any
          OnImportsSatisfied: &lt;null&gt;
          ExportedTypes:
              ExportDefinition
                  ContractName: Microsoft.VisualStudio.Composition.IMetadataViewProvider
                  Metadata:
                      ExportTypeIdentity = Microsoft.VisualStudio.Composition.IMetadataViewProvider
                      OrderPrecedence = 100
          ExportingMembers:
          ImportingMembers:
          ImportingConstructor:
      Part
          Type: Microsoft.VisualStudio.Composition.NetFxAdapters+AssemblyLoadCodeBasePathLoader
          Part metadata:
              VsMEFDgmlCategories = System.String[]
          SharingBoundary: 
          IsSharingBoundaryInferred: True
          CreationPolicy: Any
          OnImportsSatisfied: &lt;null&gt;
          ExportedTypes:
              ExportDefinition
                  ContractName: Microsoft.VisualStudio.Composition.IAssemblyLoader
                  Metadata:
                      ExportTypeIdentity = Microsoft.VisualStudio.Composition.IAssemblyLoader
                      OrderPrecedence = 100
          ExportingMembers:
          ImportingMembers:
          ImportingConstructor:
      Part
          Type: Microsoft.VisualStudio.Composition.Tests.ExportingMembersTests+ExportingMembersClass
          SharingBoundary: 
          IsSharingBoundaryInferred: True
          CreationPolicy: Any
          OnImportsSatisfied: &lt;null&gt;
          ExportedTypes:
          ExportingMembers:
+             Field
+                 ContractName: Field
+                 Metadata:
+                     ExportTypeIdentity = System.String
+                 ContractName: Field_Extra_Export
+                 Metadata:
+                     ExportTypeIdentity = System.String
              SomeAction
                  ContractName: Method
                  Metadata:
                      ExportTypeIdentity = System.Void()
                      A = b
                  ContractName: Method_Extra_Export
                  Metadata:
                      ExportTypeIdentity = System.Void()
                      A = b
              SomeAction
                  ContractName: Method
                  Metadata:
                      ExportTypeIdentity = System.Void(System.Int32,System.String)
                      A = b
              SomeFunc
                  ContractName: Method
                  Metadata:
                      ExportTypeIdentity = System.Boolean()
                      A = b
              SomeFunc
                  ContractName: Method
                  Metadata:
                      ExportTypeIdentity = System.Boolean(System.Int32,System.String)
                      A = b
              Property
                  ContractName: Property
                  Metadata:
                      ExportTypeIdentity = System.String
                  ContractName: Property_Extra_Export
                  Metadata:
                      ExportTypeIdentity = System.String
              PropertyGenericType
                  ContractName: PropertyGenericType
                  Metadata:
                      ExportTypeIdentity = System.Collections.Generic.Comparer(System.Int32)
              DelegateReturningProperty
                  ContractName: DelegateReturningProperty
                  Metadata:
                      ExportTypeIdentity = System.String(System.String)
                      A = b
-             Field
-                 ContractName: Field
-                 Metadata:
-                     ExportTypeIdentity = System.String
-                 ContractName: Field_Extra_Export
-                 Metadata:
-                     ExportTypeIdentity = System.String
          ImportingMembers:
          ImportingConstructor:</StdOut>
      </Output>
    </UnitTestResult>
    <UnitTestResult executionId="3a749257-f4f0-4160-83c9-fb81eb645260" testId="9673b0ac-3087-47c0-9675-2e375d1efa9a" testName="V3 composition (V1)" computerName="DDBLD061B" duration="00:00:00.0970000" startTime="2015-04-27T07:08:57.5924174-07:00" endTime="2015-04-27T07:08:57.5924174-07:00" testType="13cdc9d9-ddb5-4fa4-a97d-d965ccfc6d4b" outcome="Passed" testListId="8c84fa94-04c1-424b-9868-57a2d4851a1d" relativeResultsDirectory="3a749257-f4f0-4160-83c9-fb81eb645260" />
    <UnitTestResult executionId="8c3b69a6-7ee5-4118-a11b-e74cd2fb8238" testId="5dff4cfb-ff10-4603-b9aa-62dde228d946" testName="V3 engine (runtime)" computerName="DDBLD061B" duration="00:00:00.0020000" startTime="2015-04-27T07:08:57.5924174-07:00" endTime="2015-04-27T07:08:57.5924174-07:00" testType="13cdc9d9-ddb5-4fa4-a97d-d965ccfc6d4b" outcome="Passed" testListId="8c84fa94-04c1-424b-9868-57a2d4851a1d" relativeResultsDirectory="8c3b69a6-7ee5-4118-a11b-e74cd2fb8238" />
    <UnitTestResult executionId="c6feeeb4-fb64-4e97-96c0-24b1f9c58f4c" testId="ddd023cb-c64b-4448-93c6-eb67b63e5044" testName="V3 engine (runtime)" computerName="DDBLD061B" duration="00:00:00.0010000" startTime="2015-04-27T07:08:57.5924174-07:00" endTime="2015-04-27T07:08:57.5924174-07:00" testType="13cdc9d9-ddb5-4fa4-a97d-d965ccfc6d4b" outcome="Passed" testListId="8c84fa94-04c1-424b-9868-57a2d4851a1d" relativeResultsDirectory="c6feeeb4-fb64-4e97-96c0-24b1f9c58f4c" />
    <UnitTestResult executionId="9f948aef-84d1-46c4-88d8-d1e48c4b84ae" testId="54bad574-8d10-4ac6-bc46-ad6cb6332759" testName="V3 engine (runtime)" computerName="DDBLD061B" duration="00:00:00.0020000" startTime="2015-04-27T07:08:57.5924174-07:00" endTime="2015-04-27T07:08:57.5924174-07:00" testType="13cdc9d9-ddb5-4fa4-a97d-d965ccfc6d4b" outcome="Passed" testListId="8c84fa94-04c1-424b-9868-57a2d4851a1d" relativeResultsDirectory="9f948aef-84d1-46c4-88d8-d1e48c4b84ae" />
    <UnitTestResult executionId="dfb61fda-8a04-4122-acdd-a2e8477d9be0" testId="4668c277-4b66-420a-8a19-69324823a168" testName="V1" computerName="DDBLD061B" duration="00:00:00.0010000" startTime="2015-04-27T07:08:57.5924174-07:00" endTime="2015-04-27T07:08:57.5924174-07:00" testType="13cdc9d9-ddb5-4fa4-a97d-d965ccfc6d4b" outcome="Passed" testListId="8c84fa94-04c1-424b-9868-57a2d4851a1d" relativeResultsDirectory="dfb61fda-8a04-4122-acdd-a2e8477d9be0" />
    <UnitTestResult executionId="b867c07f-49f5-44b1-a724-4eccc2bfb7c2" testId="70941d9f-f236-4872-86bb-709a2744341f" testName="V1" computerName="DDBLD061B" duration="00:00:00.0020000" startTime="2015-04-27T07:08:57.5924174-07:00" endTime="2015-04-27T07:08:57.5924174-07:00" testType="13cdc9d9-ddb5-4fa4-a97d-d965ccfc6d4b" outcome="Passed" testListId="8c84fa94-04c1-424b-9868-57a2d4851a1d" relativeResultsDirectory="b867c07f-49f5-44b1-a724-4eccc2bfb7c2" />
    <UnitTestResult executionId="4328e86b-0e58-4488-90bc-6c8d130b8051" testId="4a32fdc4-32ee-445e-8627-7a7de5120cb5" testName="V3 engine (runtime)" computerName="DDBLD061B" duration="00:00:00.0010000" startTime="2015-04-27T07:08:57.5924174-07:00" endTime="2015-04-27T07:08:57.5924174-07:00" testType="13cdc9d9-ddb5-4fa4-a97d-d965ccfc6d4b" outcome="Passed" testListId="8c84fa94-04c1-424b-9868-57a2d4851a1d" relativeResultsDirectory="4328e86b-0e58-4488-90bc-6c8d130b8051" />
    <UnitTestResult executionId="6ddacacb-1d95-4cdd-b96b-b438e0f31095" testId="090f5323-e531-434d-850f-887e1dfb2b31" testName="V1" computerName="DDBLD061B" duration="00:00:00.0010000" startTime="2015-04-27T07:08:57.5924174-07:00" endTime="2015-04-27T07:08:57.5924174-07:00" testType="13cdc9d9-ddb5-4fa4-a97d-d965ccfc6d4b" outcome="Passed" testListId="8c84fa94-04c1-424b-9868-57a2d4851a1d" relativeResultsDirectory="6ddacacb-1d95-4cdd-b96b-b438e0f31095" />
    <UnitTestResult executionId="8ebe09d7-e16e-4384-baf4-104d7da0605f" testId="d27ddbc8-f409-4fac-81af-84f56882e010" testName="V3 engine (runtime)" computerName="DDBLD061B" duration="00:00:00.0010000" startTime="2015-04-27T07:08:57.5924174-07:00" endTime="2015-04-27T07:08:57.5924174-07:00" testType="13cdc9d9-ddb5-4fa4-a97d-d965ccfc6d4b" outcome="Passed" testListId="8c84fa94-04c1-424b-9868-57a2d4851a1d" relativeResultsDirectory="8ebe09d7-e16e-4384-baf4-104d7da0605f" />
    <UnitTestResult executionId="4aed44ae-68d9-441f-86a0-e7ca822a0df2" testId="cf1e7e77-696c-410f-a4a0-ea22a2d989f3" testName="V1" computerName="DDBLD061B" duration="00:00:00.0020000" startTime="2015-04-27T07:08:57.9518488-07:00" endTime="2015-04-27T07:08:57.9518488-07:00" testType="13cdc9d9-ddb5-4fa4-a97d-d965ccfc6d4b" outcome="Passed" testListId="8c84fa94-04c1-424b-9868-57a2d4851a1d" relativeResultsDirectory="4aed44ae-68d9-441f-86a0-e7ca822a0df2" />
    <UnitTestResult executionId="a3417bdd-5480-4e23-bebd-acee28f52331" testId="6b15c06d-4561-4d12-899c-371185acd727" testName="V3 engine (runtime)" computerName="DDBLD061B" duration="00:00:00.0010000" startTime="2015-04-27T07:08:57.9674140-07:00" endTime="2015-04-27T07:08:57.9674140-07:00" testType="13cdc9d9-ddb5-4fa4-a97d-d965ccfc6d4b" outcome="Passed" testListId="8c84fa94-04c1-424b-9868-57a2d4851a1d" relativeResultsDirectory="a3417bdd-5480-4e23-bebd-acee28f52331" />
    <UnitTestResult executionId="f72a4d04-f026-4e8a-9c09-43d3cdff45cd" testId="4be139fa-b74e-449e-ab57-ea30500ec17e" testName="V3 engine (runtime)" computerName="DDBLD061B" duration="00:00:00.0010000" startTime="2015-04-27T07:08:57.9674140-07:00" endTime="2015-04-27T07:08:57.9674140-07:00" testType="13cdc9d9-ddb5-4fa4-a97d-d965ccfc6d4b" outcome="Passed" testListId="8c84fa94-04c1-424b-9868-57a2d4851a1d" relativeResultsDirectory="f72a4d04-f026-4e8a-9c09-43d3cdff45cd" />
    <UnitTestResult executionId="01e11885-1aed-4a2a-9bd3-34f1e53ae466" testId="9fd52d23-a6c5-470c-86d3-d7809502c13d" testName="V1" computerName="DDBLD061B" duration="00:00:00.0040000" startTime="2015-04-27T07:08:57.9674140-07:00" endTime="2015-04-27T07:08:57.9674140-07:00" testType="13cdc9d9-ddb5-4fa4-a97d-d965ccfc6d4b" outcome="Passed" testListId="8c84fa94-04c1-424b-9868-57a2d4851a1d" relativeResultsDirectory="01e11885-1aed-4a2a-9bd3-34f1e53ae466" />
    <UnitTestResult executionId="bac7e698-3b3a-49ec-9c83-07744ac39e36" testId="4dbf5c13-a432-42e9-946f-ef904c0bfd7f" testName="V3 engine (runtime)" computerName="DDBLD061B" duration="00:00:00.0010000" startTime="2015-04-27T07:08:57.9674140-07:00" endTime="2015-04-27T07:08:57.9674140-07:00" testType="13cdc9d9-ddb5-4fa4-a97d-d965ccfc6d4b" outcome="Passed" testListId="8c84fa94-04c1-424b-9868-57a2d4851a1d" relativeResultsDirectory="bac7e698-3b3a-49ec-9c83-07744ac39e36" />
    <UnitTestResult executionId="fd8b9ecf-7f10-4c7e-9e2b-d0e3fdc16fc7" testId="7b4cb302-215d-4806-94e9-537c80127ebb" testName="V2" computerName="DDBLD061B" duration="00:00:00.0020000" startTime="2015-04-27T07:08:57.9674140-07:00" endTime="2015-04-27T07:08:57.9674140-07:00" testType="13cdc9d9-ddb5-4fa4-a97d-d965ccfc6d4b" outcome="Passed" testListId="8c84fa94-04c1-424b-9868-57a2d4851a1d" relativeResultsDirectory="fd8b9ecf-7f10-4c7e-9e2b-d0e3fdc16fc7" />
    <UnitTestResult executionId="2ecce456-95ed-4c53-ac57-783cd973ddc0" testId="9baf0ef6-85f7-4d5a-9a94-bc879dc40f57" testName="V3 engine (runtime)" computerName="DDBLD061B" duration="00:00:00.0010000" startTime="2015-04-27T07:08:57.9674140-07:00" endTime="2015-04-27T07:08:57.9674140-07:00" testType="13cdc9d9-ddb5-4fa4-a97d-d965ccfc6d4b" outcome="Passed" testListId="8c84fa94-04c1-424b-9868-57a2d4851a1d" relativeResultsDirectory="2ecce456-95ed-4c53-ac57-783cd973ddc0" />
    <UnitTestResult executionId="e5d7efab-a4cf-465b-a012-2363ad436d70" testId="056aaf43-3b36-4d9a-816a-77ec11c32d8d" testName="V1" computerName="DDBLD061B" duration="00:00:00.0010000" startTime="2015-04-27T07:08:57.9674140-07:00" endTime="2015-04-27T07:08:57.9674140-07:00" testType="13cdc9d9-ddb5-4fa4-a97d-d965ccfc6d4b" outcome="Passed" testListId="8c84fa94-04c1-424b-9868-57a2d4851a1d" relativeResultsDirectory="e5d7efab-a4cf-465b-a012-2363ad436d70" />
    <UnitTestResult executionId="af74ea32-832e-4ce0-af8f-f1cfd2961a03" testId="aeb27478-f068-4ac7-a593-2b79fa18e777" testName="V1" computerName="DDBLD061B" duration="00:00:00.0210000" startTime="2015-04-27T07:08:58.2330370-07:00" endTime="2015-04-27T07:08:58.2330370-07:00" testType="13cdc9d9-ddb5-4fa4-a97d-d965ccfc6d4b" outcome="Passed" testListId="8c84fa94-04c1-424b-9868-57a2d4851a1d" relativeResultsDirectory="af74ea32-832e-4ce0-af8f-f1cfd2961a03" />
    <UnitTestResult executionId="e0e47a64-d954-4016-9ae8-cf7402d811eb" testId="8f3b0aa9-6ba6-477d-9908-fe446534200f" testName="V3 composition (V2)" computerName="DDBLD061B" duration="00:00:00.0780000" startTime="2015-04-27T07:08:58.2330370-07:00" endTime="2015-04-27T07:08:58.2330370-07:00" testType="13cdc9d9-ddb5-4fa4-a97d-d965ccfc6d4b" outcome="Passed" testListId="8c84fa94-04c1-424b-9868-57a2d4851a1d" relativeResultsDirectory="e0e47a64-d954-4016-9ae8-cf7402d811eb" />
    <UnitTestResult executionId="d2f1066b-d35b-4ced-b791-49ddeb8042ea" testId="77997b53-b98a-4b50-8038-4ef8c0a98be1" testName="V3 engine (runtime)" computerName="DDBLD061B" duration="00:00:00.0010000" startTime="2015-04-27T07:08:58.2330370-07:00" endTime="2015-04-27T07:08:58.2330370-07:00" testType="13cdc9d9-ddb5-4fa4-a97d-d965ccfc6d4b" outcome="Passed" testListId="8c84fa94-04c1-424b-9868-57a2d4851a1d" relativeResultsDirectory="d2f1066b-d35b-4ced-b791-49ddeb8042ea" />
    <UnitTestResult executionId="908d04d1-fbff-4c20-979e-e00f425e7f59" testId="66f0718d-68db-4d42-8361-d212be3cdfe5" testName="V3 engine (runtime)" computerName="DDBLD061B" duration="00:00:00.0010000" startTime="2015-04-27T07:08:58.2330370-07:00" endTime="2015-04-27T07:08:58.2330370-07:00" testType="13cdc9d9-ddb5-4fa4-a97d-d965ccfc6d4b" outcome="Passed" testListId="8c84fa94-04c1-424b-9868-57a2d4851a1d" relativeResultsDirectory="908d04d1-fbff-4c20-979e-e00f425e7f59" />
    <UnitTestResult executionId="894b0677-c643-47a1-ba3d-47d8f543019e" testId="a54bc53b-2c71-4052-9e48-9efd64045ca5" testName="V1" computerName="DDBLD061B" duration="00:00:00.0010000" startTime="2015-04-27T07:08:58.2330370-07:00" endTime="2015-04-27T07:08:58.2330370-07:00" testType="13cdc9d9-ddb5-4fa4-a97d-d965ccfc6d4b" outcome="Passed" testListId="8c84fa94-04c1-424b-9868-57a2d4851a1d" relativeResultsDirectory="894b0677-c643-47a1-ba3d-47d8f543019e" />
    <UnitTestResult executionId="e3d4ed1d-7246-4b4f-8ee6-9b3a7a8b2e8b" testId="b844bcad-5dd5-483a-8ed7-f2e1161f29ee" testName="V2" computerName="DDBLD061B" duration="00:00:00.0080000" startTime="2015-04-27T07:08:58.2330370-07:00" endTime="2015-04-27T07:08:58.2330370-07:00" testType="13cdc9d9-ddb5-4fa4-a97d-d965ccfc6d4b" outcome="Passed" testListId="8c84fa94-04c1-424b-9868-57a2d4851a1d" relativeResultsDirectory="e3d4ed1d-7246-4b4f-8ee6-9b3a7a8b2e8b" />
    <UnitTestResult executionId="5b4dcf32-1941-48cd-ae3c-ad6603d1df95" testId="d5aeda6c-6bd9-4601-a677-b048c75324e3" testName="V2" computerName="DDBLD061B" duration="00:00:00.0260000" startTime="2015-04-27T07:08:58.2330370-07:00" endTime="2015-04-27T07:08:58.2330370-07:00" testType="13cdc9d9-ddb5-4fa4-a97d-d965ccfc6d4b" outcome="Passed" testListId="8c84fa94-04c1-424b-9868-57a2d4851a1d" relativeResultsDirectory="5b4dcf32-1941-48cd-ae3c-ad6603d1df95" />
    <UnitTestResult executionId="862bc726-0711-42a0-b502-b4652688e2af" testId="136473ef-a758-4f77-bd39-5d5a1aa1cc03" testName="V3 engine (runtime)" computerName="DDBLD061B" duration="00:00:00.0010000" startTime="2015-04-27T07:08:58.2330370-07:00" endTime="2015-04-27T07:08:58.2330370-07:00" testType="13cdc9d9-ddb5-4fa4-a97d-d965ccfc6d4b" outcome="Passed" testListId="8c84fa94-04c1-424b-9868-57a2d4851a1d" relativeResultsDirectory="862bc726-0711-42a0-b502-b4652688e2af" />
    <UnitTestResult executionId="d30badea-39bc-4ac6-b5a9-69be6aaa81f3" testId="2a3567eb-20f1-4586-b98e-58170beec3a2" testName="V1" computerName="DDBLD061B" duration="00:00:00.0010000" startTime="2015-04-27T07:08:58.2330370-07:00" endTime="2015-04-27T07:08:58.2330370-07:00" testType="13cdc9d9-ddb5-4fa4-a97d-d965ccfc6d4b" outcome="Passed" testListId="8c84fa94-04c1-424b-9868-57a2d4851a1d" relativeResultsDirectory="d30badea-39bc-4ac6-b5a9-69be6aaa81f3" />
    <UnitTestResult executionId="58493fc4-32a5-4115-ab98-b40532fee6e2" testId="fbb87a46-f86a-433e-b164-6ff95ead61a2" testName="V3 engine (runtime)" computerName="DDBLD061B" duration="00:00:00.0010000" startTime="2015-04-27T07:08:58.4517817-07:00" endTime="2015-04-27T07:08:58.4517817-07:00" testType="13cdc9d9-ddb5-4fa4-a97d-d965ccfc6d4b" outcome="Passed" testListId="8c84fa94-04c1-424b-9868-57a2d4851a1d" relativeResultsDirectory="58493fc4-32a5-4115-ab98-b40532fee6e2" />
    <UnitTestResult executionId="62c0fbb0-7b32-4460-b161-df6d8166f116" testId="281a3834-7391-4862-ab68-6fcdf97ec163" testName="V1" computerName="DDBLD061B" duration="00:00:00.0010000" startTime="2015-04-27T07:08:58.4517817-07:00" endTime="2015-04-27T07:08:58.4517817-07:00" testType="13cdc9d9-ddb5-4fa4-a97d-d965ccfc6d4b" outcome="Passed" testListId="8c84fa94-04c1-424b-9868-57a2d4851a1d" relativeResultsDirectory="62c0fbb0-7b32-4460-b161-df6d8166f116" />
    <UnitTestResult executionId="e2b50170-7094-43fc-a101-26f10ea8cf13" testId="581fbdcb-397d-43c1-8c22-6d92a0b7f37b" testName="V2" computerName="DDBLD061B" duration="00:00:00.0010000" startTime="2015-04-27T07:08:58.4517817-07:00" endTime="2015-04-27T07:08:58.4517817-07:00" testType="13cdc9d9-ddb5-4fa4-a97d-d965ccfc6d4b" outcome="Passed" testListId="8c84fa94-04c1-424b-9868-57a2d4851a1d" relativeResultsDirectory="e2b50170-7094-43fc-a101-26f10ea8cf13" />
    <UnitTestResult executionId="1fa41b2d-9440-4abe-a0ad-e4ce0652c926" testId="1f55c9be-ebe4-4ad3-a79e-eb8e3bc9f44b" testName="V3 composition (V1)" computerName="DDBLD061B" duration="00:00:00.0870000" startTime="2015-04-27T07:08:58.4517817-07:00" endTime="2015-04-27T07:08:58.4517817-07:00" testType="13cdc9d9-ddb5-4fa4-a97d-d965ccfc6d4b" outcome="Passed" testListId="8c84fa94-04c1-424b-9868-57a2d4851a1d" relativeResultsDirectory="1fa41b2d-9440-4abe-a0ad-e4ce0652c926" />
    <UnitTestResult executionId="c1a84644-8cd9-4579-8c57-cd4d350f2010" testId="4893804a-8b6b-48f1-9a77-6fadfdc9cb96" testName="V3 composition (V1)" computerName="DDBLD061B" duration="00:00:00.0910000" startTime="2015-04-27T07:08:58.4517817-07:00" endTime="2015-04-27T07:08:58.4517817-07:00" testType="13cdc9d9-ddb5-4fa4-a97d-d965ccfc6d4b" outcome="Passed" testListId="8c84fa94-04c1-424b-9868-57a2d4851a1d" relativeResultsDirectory="c1a84644-8cd9-4579-8c57-cd4d350f2010" />
    <UnitTestResult executionId="283862d2-b267-4e1a-aac2-d57d8a5726c6" testId="9e9ed0ea-96d3-4b5b-9622-34b0379e0586" testName="V3 engine (runtime)" computerName="DDBLD061B" duration="00:00:00.0030000" startTime="2015-04-27T07:08:58.4517817-07:00" endTime="2015-04-27T07:08:58.4517817-07:00" testType="13cdc9d9-ddb5-4fa4-a97d-d965ccfc6d4b" outcome="Passed" testListId="8c84fa94-04c1-424b-9868-57a2d4851a1d" relativeResultsDirectory="283862d2-b267-4e1a-aac2-d57d8a5726c6" />
    <UnitTestResult executionId="8db15c63-3cc8-4c64-976b-0d6c2d164cd5" testId="133fad05-3d5d-465c-97c9-e8dcd0176072" testName="V3 composition (V1)" computerName="DDBLD061B" duration="00:00:00.0950000" startTime="2015-04-27T07:08:58.4517817-07:00" endTime="2015-04-27T07:08:58.4517817-07:00" testType="13cdc9d9-ddb5-4fa4-a97d-d965ccfc6d4b" outcome="Passed" testListId="8c84fa94-04c1-424b-9868-57a2d4851a1d" relativeResultsDirectory="8db15c63-3cc8-4c64-976b-0d6c2d164cd5" />
    <UnitTestResult executionId="376a8b09-c00e-4205-abce-e3e1d84cea98" testId="53378d30-184a-40da-9b19-306e9e294b71" testName="V3 composition (V1, V2)" computerName="DDBLD061B" duration="00:00:00.2220000" startTime="2015-04-27T07:08:58.4517817-07:00" endTime="2015-04-27T07:08:58.4517817-07:00" testType="13cdc9d9-ddb5-4fa4-a97d-d965ccfc6d4b" outcome="Passed" testListId="8c84fa94-04c1-424b-9868-57a2d4851a1d" relativeResultsDirectory="376a8b09-c00e-4205-abce-e3e1d84cea98">
      <Output>
        <StdOut>Catalog AttributedPartDiscoveryV1 vs. AttributedPartDiscovery
      Part
          Type: Microsoft.VisualStudio.Composition.Tests.NamedTypedExportTests+Pear
-         SharingBoundary: 
-         IsSharingBoundaryInferred: True
-         CreationPolicy: Any
+         SharingBoundary: &lt;null&gt;
+         IsSharingBoundaryInferred: False
+         CreationPolicy: NonShared
          OnImportsSatisfied: &lt;null&gt;
          ExportedTypes:
              ExportDefinition
                  ContractName: Pear
                  Metadata:
                      ExportTypeIdentity = Microsoft.VisualStudio.Composition.Tests.NamedTypedExportTests+Fruit
+                     System.ComponentModel.Composition.CreationPolicy = NonShared
          ExportingMembers:
          ImportingMembers:
          ImportingConstructor:
      Part
          Type: Microsoft.VisualStudio.Composition.Tests.NamedTypedExportTests+Apple
+         Part metadata:
+             SharingBoundary = 
          SharingBoundary: 
-         IsSharingBoundaryInferred: True
-         CreationPolicy: Any
+         IsSharingBoundaryInferred: False
+         CreationPolicy: Shared
          OnImportsSatisfied: &lt;null&gt;
          ExportedTypes:
              ExportDefinition
                  ContractName: Microsoft.VisualStudio.Composition.Tests.NamedTypedExportTests+Fruit
                  Metadata:
                      ExportTypeIdentity = Microsoft.VisualStudio.Composition.Tests.NamedTypedExportTests+Fruit
+                     System.ComponentModel.Composition.CreationPolicy = Shared
          ExportingMembers:
          ImportingMembers:
          ImportingConstructor:
      Part
          Type: Microsoft.VisualStudio.Composition.Tests.NamedTypedExportTests+FruitTree
-         SharingBoundary: 
-         IsSharingBoundaryInferred: True
-         CreationPolicy: Any
+         SharingBoundary: &lt;null&gt;
+         IsSharingBoundaryInferred: False
+         CreationPolicy: NonShared
          OnImportsSatisfied: &lt;null&gt;
          ExportedTypes:
              ExportDefinition
                  ContractName: Microsoft.VisualStudio.Composition.Tests.NamedTypedExportTests+FruitTree
                  Metadata:
                      ExportTypeIdentity = Microsoft.VisualStudio.Composition.Tests.NamedTypedExportTests+FruitTree
+                     System.ComponentModel.Composition.CreationPolicy = NonShared
          ExportingMembers:
          ImportingMembers:
              ImportDefinition:
                  ContractName: Pear
                  Cardinality: ExactlyOne
                  Metadata:
                  ExportFactorySharingBoundaries: 
                  ExportConstraints: 
                      ExportTypeIdentityConstraint
                          TypeIdentityName: Microsoft.VisualStudio.Composition.Tests.NamedTypedExportTests+Fruit
              ComposablePartType: Microsoft.VisualStudio.Composition.Tests.NamedTypedExportTests+FruitTree
              ImportingMember: Fruit Pear
              ParameterInfo: 
              ImportingSiteType: Microsoft.VisualStudio.Composition.Tests.NamedTypedExportTests+Fruit
          ImportingConstructor:</StdOut>
      </Output>
    </UnitTestResult>
    <UnitTestResult executionId="5b517302-5b7b-47f5-8f1c-f4770dfc9806" testId="e85f756a-d7fa-480a-9e21-a8961fd51a6b" testName="V3 composition (V1)" computerName="DDBLD061B" duration="00:00:00.1010000" startTime="2015-04-27T07:08:58.4517817-07:00" endTime="2015-04-27T07:08:58.4517817-07:00" testType="13cdc9d9-ddb5-4fa4-a97d-d965ccfc6d4b" outcome="Passed" testListId="8c84fa94-04c1-424b-9868-57a2d4851a1d" relativeResultsDirectory="5b517302-5b7b-47f5-8f1c-f4770dfc9806" />
    <UnitTestResult executionId="0615d4dd-bed8-483a-9f62-5874da653472" testId="3ebceb11-eaf8-4b36-b77c-d973a6e7bcd8" testName="V3 composition (V2)" computerName="DDBLD061B" duration="00:00:00.0920000" startTime="2015-04-27T07:08:58.9361500-07:00" endTime="2015-04-27T07:08:58.9361500-07:00" testType="13cdc9d9-ddb5-4fa4-a97d-d965ccfc6d4b" outcome="Passed" testListId="8c84fa94-04c1-424b-9868-57a2d4851a1d" relativeResultsDirectory="0615d4dd-bed8-483a-9f62-5874da653472" />
    <UnitTestResult executionId="751c579f-83a6-4890-b812-fb9be682cd2a" testId="aae23822-cc16-422b-a78b-ff573e597f35" testName="V3 composition (V1)" computerName="DDBLD061B" duration="00:00:00.0970000" startTime="2015-04-27T07:08:58.9361500-07:00" endTime="2015-04-27T07:08:58.9361500-07:00" testType="13cdc9d9-ddb5-4fa4-a97d-d965ccfc6d4b" outcome="Passed" testListId="8c84fa94-04c1-424b-9868-57a2d4851a1d" relativeResultsDirectory="751c579f-83a6-4890-b812-fb9be682cd2a" />
    <UnitTestResult executionId="8212e47f-4f91-4a7f-858e-09350b90d2b8" testId="e8517808-bdb5-459f-a6a1-519ea4aa2002" testName="V1" computerName="DDBLD061B" duration="00:00:00.0210000" startTime="2015-04-27T07:08:58.9361500-07:00" endTime="2015-04-27T07:08:58.9361500-07:00" testType="13cdc9d9-ddb5-4fa4-a97d-d965ccfc6d4b" outcome="Passed" testListId="8c84fa94-04c1-424b-9868-57a2d4851a1d" relativeResultsDirectory="8212e47f-4f91-4a7f-858e-09350b90d2b8" />
    <UnitTestResult executionId="ebdb5faa-38f8-4f8b-93e8-8a39b410d314" testId="fb95539b-23a4-4356-afe0-6cdeedc80a12" testName="V3 composition (V1)" computerName="DDBLD061B" duration="00:00:00.0920000" startTime="2015-04-27T07:08:58.9361500-07:00" endTime="2015-04-27T07:08:58.9361500-07:00" testType="13cdc9d9-ddb5-4fa4-a97d-d965ccfc6d4b" outcome="Passed" testListId="8c84fa94-04c1-424b-9868-57a2d4851a1d" relativeResultsDirectory="ebdb5faa-38f8-4f8b-93e8-8a39b410d314" />
    <UnitTestResult executionId="4db31c13-17ee-4666-bd52-1d1439a3465d" testId="574b096a-a6b2-47c0-94d7-f7535beef092" testName="V3 engine (runtime)" computerName="DDBLD061B" duration="00:00:00.0010000" startTime="2015-04-27T07:08:58.9361500-07:00" endTime="2015-04-27T07:08:58.9361500-07:00" testType="13cdc9d9-ddb5-4fa4-a97d-d965ccfc6d4b" outcome="Passed" testListId="8c84fa94-04c1-424b-9868-57a2d4851a1d" relativeResultsDirectory="4db31c13-17ee-4666-bd52-1d1439a3465d" />
    <UnitTestResult executionId="7c252c3a-2bb9-4ed7-8dc1-4bfecff8eb0f" testId="503e1170-68cf-4df9-8da9-50630e0fcf48" testName="V3 engine (runtime)" computerName="DDBLD061B" duration="00:00:00.0010000" startTime="2015-04-27T07:08:58.9361500-07:00" endTime="2015-04-27T07:08:58.9361500-07:00" testType="13cdc9d9-ddb5-4fa4-a97d-d965ccfc6d4b" outcome="Passed" testListId="8c84fa94-04c1-424b-9868-57a2d4851a1d" relativeResultsDirectory="7c252c3a-2bb9-4ed7-8dc1-4bfecff8eb0f" />
    <UnitTestResult executionId="7ece8605-4803-45aa-a620-464a4285682f" testId="57d05132-18f6-4403-89b5-ea07a207fae1" testName="V1" computerName="DDBLD061B" duration="00:00:00.0020000" startTime="2015-04-27T07:08:58.9361500-07:00" endTime="2015-04-27T07:08:58.9361500-07:00" testType="13cdc9d9-ddb5-4fa4-a97d-d965ccfc6d4b" outcome="Passed" testListId="8c84fa94-04c1-424b-9868-57a2d4851a1d" relativeResultsDirectory="7ece8605-4803-45aa-a620-464a4285682f" />
    <UnitTestResult executionId="74e845c9-1d35-42ca-b201-8edfbb2ecad8" testId="5f6c2e0e-c5e2-47d0-a1ad-2b48988d1f04" testName="V1" computerName="DDBLD061B" duration="00:00:00.0010000" startTime="2015-04-27T07:08:58.9361500-07:00" endTime="2015-04-27T07:08:58.9361500-07:00" testType="13cdc9d9-ddb5-4fa4-a97d-d965ccfc6d4b" outcome="Passed" testListId="8c84fa94-04c1-424b-9868-57a2d4851a1d" relativeResultsDirectory="74e845c9-1d35-42ca-b201-8edfbb2ecad8" />
    <UnitTestResult executionId="a0c083e1-bea1-4ea9-9413-4057a1f81de5" testId="67f931e8-110e-404b-b38e-e60185d61d86" testName="V3 engine (runtime)" computerName="DDBLD061B" duration="00:00:00.0010000" startTime="2015-04-27T07:08:58.9361500-07:00" endTime="2015-04-27T07:08:58.9361500-07:00" testType="13cdc9d9-ddb5-4fa4-a97d-d965ccfc6d4b" outcome="Passed" testListId="8c84fa94-04c1-424b-9868-57a2d4851a1d" relativeResultsDirectory="a0c083e1-bea1-4ea9-9413-4057a1f81de5" />
    <UnitTestResult executionId="d7d57373-d096-4706-ac7e-386c804cabfc" testId="c79db4c9-4149-46ba-be40-a922c49d3a0d" testName="V3 engine (runtime)" computerName="DDBLD061B" duration="00:00:00.0010000" startTime="2015-04-27T07:08:59.6236421-07:00" endTime="2015-04-27T07:08:59.6236421-07:00" testType="13cdc9d9-ddb5-4fa4-a97d-d965ccfc6d4b" outcome="Passed" testListId="8c84fa94-04c1-424b-9868-57a2d4851a1d" relativeResultsDirectory="d7d57373-d096-4706-ac7e-386c804cabfc" />
    <UnitTestResult executionId="42c4a71a-34a0-4a12-9dca-b42a86cc94f9" testId="8c738506-b646-4370-b451-3d12dec9dfc1" testName="V3 engine (runtime)" computerName="DDBLD061B" duration="00:00:00.0010000" startTime="2015-04-27T07:08:59.6236421-07:00" endTime="2015-04-27T07:08:59.6236421-07:00" testType="13cdc9d9-ddb5-4fa4-a97d-d965ccfc6d4b" outcome="Passed" testListId="8c84fa94-04c1-424b-9868-57a2d4851a1d" relativeResultsDirectory="42c4a71a-34a0-4a12-9dca-b42a86cc94f9" />
    <UnitTestResult executionId="f6a7d045-5cdb-49bb-a2fd-d1161c8db5b0" testId="6ef162b2-d84d-4bf8-ba3d-299fed9b6703" testName="V1" computerName="DDBLD061B" duration="00:00:00.0010000" startTime="2015-04-27T07:08:59.6236421-07:00" endTime="2015-04-27T07:08:59.6236421-07:00" testType="13cdc9d9-ddb5-4fa4-a97d-d965ccfc6d4b" outcome="Passed" testListId="8c84fa94-04c1-424b-9868-57a2d4851a1d" relativeResultsDirectory="f6a7d045-5cdb-49bb-a2fd-d1161c8db5b0" />
    <UnitTestResult executionId="e6120a69-bedc-4802-b38a-5e2ac7c93b1e" testId="72b59846-7265-4ec3-ae26-26bb0c121dfe" testName="V3 engine (runtime)" computerName="DDBLD061B" duration="00:00:00.0020000" startTime="2015-04-27T07:08:59.6236421-07:00" endTime="2015-04-27T07:08:59.6236421-07:00" testType="13cdc9d9-ddb5-4fa4-a97d-d965ccfc6d4b" outcome="Passed" testListId="8c84fa94-04c1-424b-9868-57a2d4851a1d" relativeResultsDirectory="e6120a69-bedc-4802-b38a-5e2ac7c93b1e" />
    <UnitTestResult executionId="b60ac561-eaf6-4fd5-bce7-60751fd28bdc" testId="851367da-7808-414f-8f0e-9482555891c1" testName="V1" computerName="DDBLD061B" duration="00:00:00.0020000" startTime="2015-04-27T07:08:59.6236421-07:00" endTime="2015-04-27T07:08:59.6236421-07:00" testType="13cdc9d9-ddb5-4fa4-a97d-d965ccfc6d4b" outcome="Passed" testListId="8c84fa94-04c1-424b-9868-57a2d4851a1d" relativeResultsDirectory="b60ac561-eaf6-4fd5-bce7-60751fd28bdc" />
    <UnitTestResult executionId="94cbe7b9-ab40-4a32-9730-b748c764a57e" testId="9436b5ce-6a6e-42c4-b195-3c02b14ef23e" testName="V2" computerName="DDBLD061B" duration="00:00:00.0020000" startTime="2015-04-27T07:08:59.6236421-07:00" endTime="2015-04-27T07:08:59.6236421-07:00" testType="13cdc9d9-ddb5-4fa4-a97d-d965ccfc6d4b" outcome="Passed" testListId="8c84fa94-04c1-424b-9868-57a2d4851a1d" relativeResultsDirectory="94cbe7b9-ab40-4a32-9730-b748c764a57e" />
    <UnitTestResult executionId="b81a68b0-4c77-4d96-ac83-bf33b2b257df" testId="e2a1fe7b-e932-4d52-9f44-809debfdb5f3" testName="V3 engine (runtime)" computerName="DDBLD061B" duration="00:00:00.0020000" startTime="2015-04-27T07:08:59.6236421-07:00" endTime="2015-04-27T07:08:59.6236421-07:00" testType="13cdc9d9-ddb5-4fa4-a97d-d965ccfc6d4b" outcome="Passed" testListId="8c84fa94-04c1-424b-9868-57a2d4851a1d" relativeResultsDirectory="b81a68b0-4c77-4d96-ac83-bf33b2b257df" />
    <UnitTestResult executionId="b67c7fda-6618-40f9-9694-22dce52fd5e8" testId="4cd0635d-4b13-4da2-81cc-21a274fc3890" testName="V3 composition (V1, V2)" computerName="DDBLD061B" duration="00:00:00.0960000" startTime="2015-04-27T07:08:59.6236421-07:00" endTime="2015-04-27T07:08:59.6236421-07:00" testType="13cdc9d9-ddb5-4fa4-a97d-d965ccfc6d4b" outcome="Passed" testListId="8c84fa94-04c1-424b-9868-57a2d4851a1d" relativeResultsDirectory="b67c7fda-6618-40f9-9694-22dce52fd5e8" />
    <UnitTestResult executionId="f57faba6-dbf9-4671-b81e-c9ed8aada692" testId="0f7c1058-f69d-4c11-bc36-07fd67b5f4b6" testName="V1" computerName="DDBLD061B" duration="00:00:00.0020000" startTime="2015-04-27T07:08:59.6236421-07:00" endTime="2015-04-27T07:08:59.6236421-07:00" testType="13cdc9d9-ddb5-4fa4-a97d-d965ccfc6d4b" outcome="Passed" testListId="8c84fa94-04c1-424b-9868-57a2d4851a1d" relativeResultsDirectory="f57faba6-dbf9-4671-b81e-c9ed8aada692" />
    <UnitTestResult executionId="1e0fa36e-e370-4adf-b080-c0e851c79117" testId="5979bce2-09fd-4e1b-a934-5fd4a1fc0b32" testName="V2" computerName="DDBLD061B" duration="00:00:00.0010000" startTime="2015-04-27T07:08:59.8736979-07:00" endTime="2015-04-27T07:08:59.8736979-07:00" testType="13cdc9d9-ddb5-4fa4-a97d-d965ccfc6d4b" outcome="Passed" testListId="8c84fa94-04c1-424b-9868-57a2d4851a1d" relativeResultsDirectory="1e0fa36e-e370-4adf-b080-c0e851c79117" />
    <UnitTestResult executionId="3c60c3b8-eac1-408d-8b0a-42820be9edd5" testId="cb6470df-c389-41a9-bdf3-65e950a297c9" testName="V3 composition (V1)" computerName="DDBLD061B" duration="00:00:00.0310000" startTime="2015-04-27T07:08:59.8736979-07:00" endTime="2015-04-27T07:08:59.8736979-07:00" testType="13cdc9d9-ddb5-4fa4-a97d-d965ccfc6d4b" outcome="Passed" testListId="8c84fa94-04c1-424b-9868-57a2d4851a1d" relativeResultsDirectory="3c60c3b8-eac1-408d-8b0a-42820be9edd5" />
    <UnitTestResult executionId="f0e45e61-0e6c-4055-931d-70fd0c76c32a" testId="a4622259-5a05-4495-afd6-a9bbb014ff07" testName="V1" computerName="DDBLD061B" duration="00:00:00.0020000" startTime="2015-04-27T07:08:59.8736979-07:00" endTime="2015-04-27T07:08:59.8736979-07:00" testType="13cdc9d9-ddb5-4fa4-a97d-d965ccfc6d4b" outcome="Passed" testListId="8c84fa94-04c1-424b-9868-57a2d4851a1d" relativeResultsDirectory="f0e45e61-0e6c-4055-931d-70fd0c76c32a" />
    <UnitTestResult executionId="8b754f8e-8022-4226-853e-390380c5f998" testId="d78e56cb-a24a-4928-b1e4-315ba0ad402e" testName="V3 composition (V1, V2)" computerName="DDBLD061B" duration="00:00:00.1060000" startTime="2015-04-27T07:08:59.8736979-07:00" endTime="2015-04-27T07:08:59.8736979-07:00" testType="13cdc9d9-ddb5-4fa4-a97d-d965ccfc6d4b" outcome="Passed" testListId="8c84fa94-04c1-424b-9868-57a2d4851a1d" relativeResultsDirectory="8b754f8e-8022-4226-853e-390380c5f998">
      <Output>
        <StdOut>Catalog AttributedPartDiscoveryV1 vs. AttributedPartDiscovery
      Part
          Type: Microsoft.VisualStudio.Composition.Tests.ExportProviderTests+SomeOtherPart
+         Part metadata:
+             SharingBoundary = 
          SharingBoundary: 
-         IsSharingBoundaryInferred: True
-         CreationPolicy: Any
+         IsSharingBoundaryInferred: False
+         CreationPolicy: Shared
          OnImportsSatisfied: &lt;null&gt;
          ExportedTypes:
              ExportDefinition
                  ContractName: Microsoft.VisualStudio.Composition.Tests.ExportProviderTests+SomeOtherPart
                  Metadata:
                      ExportTypeIdentity = Microsoft.VisualStudio.Composition.Tests.ExportProviderTests+SomeOtherPart
                      A = 1
+                     System.ComponentModel.Composition.CreationPolicy = Shared
          ExportingMembers:
          ImportingMembers:
          ImportingConstructor:</StdOut>
      </Output>
    </UnitTestResult>
    <UnitTestResult executionId="f91f4ee5-d4ae-4de0-bccc-1be957bbb352" testId="19f34f10-c7e6-4ca0-a547-9329d5558a9c" testName="V3 engine (runtime)" computerName="DDBLD061B" duration="00:00:00.0010000" startTime="2015-04-27T07:08:59.8736979-07:00" endTime="2015-04-27T07:08:59.8736979-07:00" testType="13cdc9d9-ddb5-4fa4-a97d-d965ccfc6d4b" outcome="Passed" testListId="8c84fa94-04c1-424b-9868-57a2d4851a1d" relativeResultsDirectory="f91f4ee5-d4ae-4de0-bccc-1be957bbb352" />
    <UnitTestResult executionId="fc6bf28c-8cdb-4e37-8224-213a63cd7c69" testId="c914159a-e7b3-472b-8a44-754ff0c5590a" testName="V1" computerName="DDBLD061B" duration="00:00:00.0010000" startTime="2015-04-27T07:08:59.8736979-07:00" endTime="2015-04-27T07:08:59.8736979-07:00" testType="13cdc9d9-ddb5-4fa4-a97d-d965ccfc6d4b" outcome="Passed" testListId="8c84fa94-04c1-424b-9868-57a2d4851a1d" relativeResultsDirectory="fc6bf28c-8cdb-4e37-8224-213a63cd7c69" />
    <UnitTestResult executionId="321682bc-0de5-42c2-a841-33741e472b72" testId="7eef494f-bbd8-48a2-8bb5-fdcb299240c6" testName="V3 composition (V1)" computerName="DDBLD061B" duration="00:00:00.0270000" startTime="2015-04-27T07:08:59.8736979-07:00" endTime="2015-04-27T07:08:59.8736979-07:00" testType="13cdc9d9-ddb5-4fa4-a97d-d965ccfc6d4b" outcome="Passed" testListId="8c84fa94-04c1-424b-9868-57a2d4851a1d" relativeResultsDirectory="321682bc-0de5-42c2-a841-33741e472b72" />
    <UnitTestResult executionId="0516a6f5-daa0-4ce1-8e13-c337fa86aec2" testId="6e9e7d7b-9a42-480c-ab64-7ff0b0ac91ef" testName="V3 engine (runtime)" computerName="DDBLD061B" duration="00:00:00.2730000" startTime="2015-04-27T07:08:59.8736979-07:00" endTime="2015-04-27T07:08:59.8736979-07:00" testType="13cdc9d9-ddb5-4fa4-a97d-d965ccfc6d4b" outcome="Passed" testListId="8c84fa94-04c1-424b-9868-57a2d4851a1d" relativeResultsDirectory="0516a6f5-daa0-4ce1-8e13-c337fa86aec2" />
    <UnitTestResult executionId="2fe7144d-577e-4a39-80e9-0251a2a9ae97" testId="b4a17f39-e01b-4214-87a1-b2fbba149095" testName="V3 composition (V1)" computerName="DDBLD061B" duration="00:00:00.0280000" startTime="2015-04-27T07:08:59.8736979-07:00" endTime="2015-04-27T07:08:59.8736979-07:00" testType="13cdc9d9-ddb5-4fa4-a97d-d965ccfc6d4b" outcome="Passed" testListId="8c84fa94-04c1-424b-9868-57a2d4851a1d" relativeResultsDirectory="2fe7144d-577e-4a39-80e9-0251a2a9ae97" />
    <UnitTestResult executionId="8dede749-9b93-4af8-ba0b-490791ae672b" testId="9565db60-c433-4d45-9a24-5e2a8d505003" testName="V2" computerName="DDBLD061B" duration="00:00:00.0050000" startTime="2015-04-27T07:09:00.2017623-07:00" endTime="2015-04-27T07:09:00.2017623-07:00" testType="13cdc9d9-ddb5-4fa4-a97d-d965ccfc6d4b" outcome="Passed" testListId="8c84fa94-04c1-424b-9868-57a2d4851a1d" relativeResultsDirectory="8dede749-9b93-4af8-ba0b-490791ae672b" />
    <UnitTestResult executionId="40e3bf10-17d3-4d1f-bab9-b38cc9529fb8" testId="c851ceaa-297f-418f-bcee-bd5a8b582a56" testName="V3 engine (runtime)" computerName="DDBLD061B" duration="00:00:00.0010000" startTime="2015-04-27T07:09:00.2017623-07:00" endTime="2015-04-27T07:09:00.2017623-07:00" testType="13cdc9d9-ddb5-4fa4-a97d-d965ccfc6d4b" outcome="Passed" testListId="8c84fa94-04c1-424b-9868-57a2d4851a1d" relativeResultsDirectory="40e3bf10-17d3-4d1f-bab9-b38cc9529fb8" />
    <UnitTestResult executionId="3615078c-7ebe-4f2b-9611-8d4081861182" testId="34e4c8b1-45a7-4aaf-99b2-9503d3dc6fab" testName="V1" computerName="DDBLD061B" duration="00:00:00.0240000" startTime="2015-04-27T07:09:00.2017623-07:00" endTime="2015-04-27T07:09:00.2017623-07:00" testType="13cdc9d9-ddb5-4fa4-a97d-d965ccfc6d4b" outcome="Passed" testListId="8c84fa94-04c1-424b-9868-57a2d4851a1d" relativeResultsDirectory="3615078c-7ebe-4f2b-9611-8d4081861182" />
    <UnitTestResult executionId="d25c0a45-6be7-4d18-8322-5239fa7ab4e8" testId="62ae9c22-02a0-48b0-b6e2-f81be7210a45" testName="V2" computerName="DDBLD061B" duration="00:00:00.0030000" startTime="2015-04-27T07:09:00.2017623-07:00" endTime="2015-04-27T07:09:00.2017623-07:00" testType="13cdc9d9-ddb5-4fa4-a97d-d965ccfc6d4b" outcome="Passed" testListId="8c84fa94-04c1-424b-9868-57a2d4851a1d" relativeResultsDirectory="d25c0a45-6be7-4d18-8322-5239fa7ab4e8" />
    <UnitTestResult executionId="a4d15733-6db7-4b40-81b8-1ca64f57615a" testId="70543b62-4b44-46ee-8bb1-6516bdc63527" testName="V3 engine (runtime)" computerName="DDBLD061B" duration="00:00:00.0010000" startTime="2015-04-27T07:09:00.2017623-07:00" endTime="2015-04-27T07:09:00.2017623-07:00" testType="13cdc9d9-ddb5-4fa4-a97d-d965ccfc6d4b" outcome="Passed" testListId="8c84fa94-04c1-424b-9868-57a2d4851a1d" relativeResultsDirectory="a4d15733-6db7-4b40-81b8-1ca64f57615a" />
    <UnitTestResult executionId="8cae0166-565e-416e-b82b-205089495cc6" testId="ad2ac1ee-74e0-4488-a4bc-2b93e936912b" testName="V3 engine (runtime)" computerName="DDBLD061B" duration="00:00:00.0010000" startTime="2015-04-27T07:09:00.2017623-07:00" endTime="2015-04-27T07:09:00.2017623-07:00" testType="13cdc9d9-ddb5-4fa4-a97d-d965ccfc6d4b" outcome="Passed" testListId="8c84fa94-04c1-424b-9868-57a2d4851a1d" relativeResultsDirectory="8cae0166-565e-416e-b82b-205089495cc6" />
    <UnitTestResult executionId="722ef2c6-ffcf-49c2-a3d2-df779c066341" testId="6b09216a-3354-4178-90c2-ceaf5180a1b8" testName="V1" computerName="DDBLD061B" duration="00:00:00.0010000" startTime="2015-04-27T07:09:00.2017623-07:00" endTime="2015-04-27T07:09:00.2017623-07:00" testType="13cdc9d9-ddb5-4fa4-a97d-d965ccfc6d4b" outcome="Passed" testListId="8c84fa94-04c1-424b-9868-57a2d4851a1d" relativeResultsDirectory="722ef2c6-ffcf-49c2-a3d2-df779c066341" />
    <UnitTestResult executionId="e1dcfd10-ed3b-4661-af52-98ba31280ec5" testId="8ece9772-28fc-4121-924d-88203d76c1c5" testName="V3 engine (runtime)" computerName="DDBLD061B" duration="00:00:00.0010000" startTime="2015-04-27T07:09:00.6861995-07:00" endTime="2015-04-27T07:09:00.6861995-07:00" testType="13cdc9d9-ddb5-4fa4-a97d-d965ccfc6d4b" outcome="Passed" testListId="8c84fa94-04c1-424b-9868-57a2d4851a1d" relativeResultsDirectory="e1dcfd10-ed3b-4661-af52-98ba31280ec5" />
    <UnitTestResult executionId="00cca321-8a4b-4421-9592-f16db0f90d2b" testId="a1c57a9b-b157-42b6-b604-a1d01a9814f2" testName="V1" computerName="DDBLD061B" duration="00:00:00.0010000" startTime="2015-04-27T07:09:00.6861995-07:00" endTime="2015-04-27T07:09:00.6861995-07:00" testType="13cdc9d9-ddb5-4fa4-a97d-d965ccfc6d4b" outcome="Passed" testListId="8c84fa94-04c1-424b-9868-57a2d4851a1d" relativeResultsDirectory="00cca321-8a4b-4421-9592-f16db0f90d2b" />
    <UnitTestResult executionId="00759ac8-8fcc-4828-aa75-0bc72108f21d" testId="d3b0643e-74cb-44a4-89fc-79c7050b1e3a" testName="V3 composition (V1, V2)" computerName="DDBLD061B" duration="00:00:00.1490000" startTime="2015-04-27T07:09:00.6861995-07:00" endTime="2015-04-27T07:09:00.6861995-07:00" testType="13cdc9d9-ddb5-4fa4-a97d-d965ccfc6d4b" outcome="Passed" testListId="8c84fa94-04c1-424b-9868-57a2d4851a1d" relativeResultsDirectory="00759ac8-8fcc-4828-aa75-0bc72108f21d">
      <Output>
        <StdOut>Catalog AttributedPartDiscoveryV1 vs. AttributedPartDiscovery
      Part
          Type: Microsoft.VisualStudio.Composition.Tests.ExportingMembersTests+ExportingMembersClass
-         SharingBoundary: 
-         IsSharingBoundaryInferred: True
-         CreationPolicy: Any
+         SharingBoundary: &lt;null&gt;
+         IsSharingBoundaryInferred: False
+         CreationPolicy: NonShared
          OnImportsSatisfied: &lt;null&gt;
          ExportedTypes:
          ExportingMembers:
-             SomeAction
-                 ContractName: Method
-                 Metadata:
-                     ExportTypeIdentity = System.Void()
-                     A = b
-                 ContractName: Method_Extra_Export
-                 Metadata:
-                     ExportTypeIdentity = System.Void()
-                     A = b
-             SomeAction
-                 ContractName: Method
-                 Metadata:
-                     ExportTypeIdentity = System.Void(System.Int32,System.String)
-                     A = b
-             SomeFunc
-                 ContractName: Method
-                 Metadata:
-                     ExportTypeIdentity = System.Boolean()
-                     A = b
-             SomeFunc
-                 ContractName: Method
-                 Metadata:
-                     ExportTypeIdentity = System.Boolean(System.Int32,System.String)
-                     A = b
              Property
                  ContractName: Property
                  Metadata:
                      ExportTypeIdentity = System.String
+                     System.ComponentModel.Composition.CreationPolicy = NonShared
                  ContractName: Property_Extra_Export
                  Metadata:
                      ExportTypeIdentity = System.String
+                     System.ComponentModel.Composition.CreationPolicy = NonShared
              PropertyGenericType
                  ContractName: PropertyGenericType
                  Metadata:
                      ExportTypeIdentity = System.Collections.Generic.Comparer(System.Int32)
-             DelegateReturningProperty
+                     System.ComponentModel.Composition.CreationPolicy = NonShared
-                 ContractName: DelegateReturningProperty
-                 Metadata:
-                     ExportTypeIdentity = System.String(System.String)
-                     A = b
-             Field
-                 ContractName: Field
-                 Metadata:
-                     ExportTypeIdentity = System.String
-                 ContractName: Field_Extra_Export
-                 Metadata:
-                     ExportTypeIdentity = System.String
          ImportingMembers:
          ImportingConstructor:
  
Catalog BeforeSerialization vs. AfterSerialization
      Part
          Type: Microsoft.VisualStudio.Composition.ExportMetadataViewInterfaceEmitProxy+MetadataViewProxyProvider
          Part metadata:
              VsMEFDgmlCategories = System.String[]
          SharingBoundary: &lt;null&gt;
          IsSharingBoundaryInferred: False
          CreationPolicy: NonShared
          OnImportsSatisfied: &lt;null&gt;
          ExportedTypes:
              ExportDefinition
                  ContractName: Microsoft.VisualStudio.Composition.IMetadataViewProvider
                  Metadata:
                      ExportTypeIdentity = Microsoft.VisualStudio.Composition.IMetadataViewProvider
                      System.ComponentModel.Composition.CreationPolicy = NonShared
                      OrderPrecedence = 50
          ExportingMembers:
          ImportingMembers:
          ImportingConstructor:
      Part
          Type: Microsoft.VisualStudio.Composition.NetFxAdapters+CompositionService
          Part metadata:
              VsMEFDgmlCategories = System.String[]
          SharingBoundary: &lt;null&gt;
          IsSharingBoundaryInferred: False
          CreationPolicy: NonShared
          OnImportsSatisfied: &lt;null&gt;
          ExportedTypes:
              ExportDefinition
                  ContractName: System.ComponentModel.Composition.ICompositionService
                  Metadata:
                      ExportTypeIdentity = System.ComponentModel.Composition.ICompositionService
                      System.ComponentModel.Composition.CreationPolicy = NonShared
          ExportingMembers:
          ImportingMembers:
          ImportingConstructor:
              ImportDefinition:
                  ContractName: Microsoft.VisualStudio.Composition.ExportProvider
                  Cardinality: ExactlyOne
                  Metadata:
                  ExportFactorySharingBoundaries: 
                  ExportConstraints: 
                      ExportTypeIdentityConstraint
                          TypeIdentityName: Microsoft.VisualStudio.Composition.ExportProvider
              ComposablePartType: Microsoft.VisualStudio.Composition.NetFxAdapters+CompositionService
              ImportingMember: 
              ParameterInfo: Microsoft.VisualStudio.Composition.ExportProvider exportProvider
              ImportingSiteType: Microsoft.VisualStudio.Composition.ExportProvider
      Part
          Type: Microsoft.VisualStudio.Composition.NetFxAdapters+MetadataViewImplProxy
          Part metadata:
              VsMEFDgmlCategories = System.String[]
          SharingBoundary: 
          IsSharingBoundaryInferred: True
          CreationPolicy: Any
          OnImportsSatisfied: &lt;null&gt;
          ExportedTypes:
              ExportDefinition
                  ContractName: Microsoft.VisualStudio.Composition.IMetadataViewProvider
                  Metadata:
                      ExportTypeIdentity = Microsoft.VisualStudio.Composition.IMetadataViewProvider
                      OrderPrecedence = 100
          ExportingMembers:
          ImportingMembers:
          ImportingConstructor:
      Part
          Type: Microsoft.VisualStudio.Composition.NetFxAdapters+AssemblyLoadCodeBasePathLoader
          Part metadata:
              VsMEFDgmlCategories = System.String[]
          SharingBoundary: 
          IsSharingBoundaryInferred: True
          CreationPolicy: Any
          OnImportsSatisfied: &lt;null&gt;
          ExportedTypes:
              ExportDefinition
                  ContractName: Microsoft.VisualStudio.Composition.IAssemblyLoader
                  Metadata:
                      ExportTypeIdentity = Microsoft.VisualStudio.Composition.IAssemblyLoader
                      OrderPrecedence = 100
          ExportingMembers:
          ImportingMembers:
          ImportingConstructor:
      Part
          Type: Microsoft.VisualStudio.Composition.Tests.ExportingMembersTests+ExportingMembersClass
          SharingBoundary: 
          IsSharingBoundaryInferred: True
          CreationPolicy: Any
          OnImportsSatisfied: &lt;null&gt;
          ExportedTypes:
          ExportingMembers:
+             Field
+                 ContractName: Field
+                 Metadata:
+                     ExportTypeIdentity = System.String
+                 ContractName: Field_Extra_Export
+                 Metadata:
+                     ExportTypeIdentity = System.String
              SomeAction
                  ContractName: Method
                  Metadata:
                      ExportTypeIdentity = System.Void()
                      A = b
                  ContractName: Method_Extra_Export
                  Metadata:
                      ExportTypeIdentity = System.Void()
                      A = b
              SomeAction
                  ContractName: Method
                  Metadata:
                      ExportTypeIdentity = System.Void(System.Int32,System.String)
                      A = b
              SomeFunc
                  ContractName: Method
                  Metadata:
                      ExportTypeIdentity = System.Boolean()
                      A = b
              SomeFunc
                  ContractName: Method
                  Metadata:
                      ExportTypeIdentity = System.Boolean(System.Int32,System.String)
                      A = b
              Property
                  ContractName: Property
                  Metadata:
                      ExportTypeIdentity = System.String
                  ContractName: Property_Extra_Export
                  Metadata:
                      ExportTypeIdentity = System.String
              PropertyGenericType
                  ContractName: PropertyGenericType
                  Metadata:
                      ExportTypeIdentity = System.Collections.Generic.Comparer(System.Int32)
              DelegateReturningProperty
                  ContractName: DelegateReturningProperty
                  Metadata:
                      ExportTypeIdentity = System.String(System.String)
                      A = b
-             Field
-                 ContractName: Field
-                 Metadata:
-                     ExportTypeIdentity = System.String
-                 ContractName: Field_Extra_Export
-                 Metadata:
-                     ExportTypeIdentity = System.String
          ImportingMembers:
          ImportingConstructor:</StdOut>
      </Output>
    </UnitTestResult>
    <UnitTestResult executionId="81e4b09d-6751-411c-b895-75df2cec88c5" testId="6d0447de-e282-45c0-b6d2-904644a93f1e" testName="V3 composition (V1, V2)" computerName="DDBLD061B" duration="00:00:00.0700000" startTime="2015-04-27T07:09:00.6861995-07:00" endTime="2015-04-27T07:09:00.6861995-07:00" testType="13cdc9d9-ddb5-4fa4-a97d-d965ccfc6d4b" outcome="Passed" testListId="8c84fa94-04c1-424b-9868-57a2d4851a1d" relativeResultsDirectory="81e4b09d-6751-411c-b895-75df2cec88c5" />
    <UnitTestResult executionId="1c38b1d2-b8a3-4798-9fcb-b7c97f99c475" testId="435e474b-f0e6-4abb-9ce5-56ab69036fd7" testName="V3 composition (V1, V2)" computerName="DDBLD061B" duration="00:00:00.0620000" startTime="2015-04-27T07:09:00.6861995-07:00" endTime="2015-04-27T07:09:00.6861995-07:00" testType="13cdc9d9-ddb5-4fa4-a97d-d965ccfc6d4b" outcome="Passed" testListId="8c84fa94-04c1-424b-9868-57a2d4851a1d" relativeResultsDirectory="1c38b1d2-b8a3-4798-9fcb-b7c97f99c475" />
    <UnitTestResult executionId="250e6ec2-23df-4121-a8e8-0a314bb9dccb" testId="02d9b266-4ab2-4f3f-b444-9519be590e02" testName="V1" computerName="DDBLD061B" duration="00:00:00.0750000" startTime="2015-04-27T07:09:00.6861995-07:00" endTime="2015-04-27T07:09:00.6861995-07:00" testType="13cdc9d9-ddb5-4fa4-a97d-d965ccfc6d4b" outcome="Passed" testListId="8c84fa94-04c1-424b-9868-57a2d4851a1d" relativeResultsDirectory="250e6ec2-23df-4121-a8e8-0a314bb9dccb" />
    <UnitTestResult executionId="b084fa3c-c9e9-49e4-998a-9f43f17d5c4f" testId="42543cc5-a8b6-473f-b517-6d8334284b44" testName="V2" computerName="DDBLD061B" duration="00:00:00.0210000" startTime="2015-04-27T07:09:00.6861995-07:00" endTime="2015-04-27T07:09:00.6861995-07:00" testType="13cdc9d9-ddb5-4fa4-a97d-d965ccfc6d4b" outcome="Passed" testListId="8c84fa94-04c1-424b-9868-57a2d4851a1d" relativeResultsDirectory="b084fa3c-c9e9-49e4-998a-9f43f17d5c4f" />
    <UnitTestResult executionId="3ce35aaa-1fd8-4421-9e4e-190dba684e5f" testId="36e4c4d2-ac00-481a-a2c1-f550e31e53a6" testName="V3 composition (V1, V2)" computerName="DDBLD061B" duration="00:00:00.1350000" startTime="2015-04-27T07:09:00.6861995-07:00" endTime="2015-04-27T07:09:00.6861995-07:00" testType="13cdc9d9-ddb5-4fa4-a97d-d965ccfc6d4b" outcome="Passed" testListId="8c84fa94-04c1-424b-9868-57a2d4851a1d" relativeResultsDirectory="3ce35aaa-1fd8-4421-9e4e-190dba684e5f" />
    <UnitTestResult executionId="42fc32c4-8e56-4038-b7ca-c37c8e5f96e7" testId="09263156-cda3-4d08-bd1b-f542d129253a" testName="V3 engine (runtime)" computerName="DDBLD061B" duration="00:00:00.0010000" startTime="2015-04-27T07:09:00.6861995-07:00" endTime="2015-04-27T07:09:00.6861995-07:00" testType="13cdc9d9-ddb5-4fa4-a97d-d965ccfc6d4b" outcome="Passed" testListId="8c84fa94-04c1-424b-9868-57a2d4851a1d" relativeResultsDirectory="42fc32c4-8e56-4038-b7ca-c37c8e5f96e7" />
    <UnitTestResult executionId="7ae23aa4-e1d7-4ddd-89c2-63d12e431d44" testId="01354d2a-d3f6-49b4-ac2f-b94dfa41a21e" testName="V1" computerName="DDBLD061B" duration="00:00:00.0030000" startTime="2015-04-27T07:09:01.3423705-07:00" endTime="2015-04-27T07:09:01.3423705-07:00" testType="13cdc9d9-ddb5-4fa4-a97d-d965ccfc6d4b" outcome="Passed" testListId="8c84fa94-04c1-424b-9868-57a2d4851a1d" relativeResultsDirectory="7ae23aa4-e1d7-4ddd-89c2-63d12e431d44" />
    <UnitTestResult executionId="27d637b7-7ec0-4ea1-930e-296d4a407c4e" testId="773d6747-c531-4093-a198-fe5ebc397cf9" testName="V3 composition (V1, V2)" computerName="DDBLD061B" duration="00:00:00.1480000" startTime="2015-04-27T07:09:01.3423705-07:00" endTime="2015-04-27T07:09:01.3423705-07:00" testType="13cdc9d9-ddb5-4fa4-a97d-d965ccfc6d4b" outcome="Passed" testListId="8c84fa94-04c1-424b-9868-57a2d4851a1d" relativeResultsDirectory="27d637b7-7ec0-4ea1-930e-296d4a407c4e">
      <Output>
        <StdOut>Catalog AttributedPartDiscoveryV1 vs. AttributedPartDiscovery
      Part
          Type: Microsoft.VisualStudio.Composition.Tests.ExportMetadataTests+PartWithMultipleTypedMetadata
-         SharingBoundary: 
-         IsSharingBoundaryInferred: True
-         CreationPolicy: Any
+         SharingBoundary: &lt;null&gt;
+         IsSharingBoundaryInferred: False
+         CreationPolicy: NonShared
          OnImportsSatisfied: &lt;null&gt;
          ExportedTypes:
              ExportDefinition
                  ContractName: Microsoft.VisualStudio.Composition.Tests.ExportMetadataTests+PartWithMultipleTypedMetadata
                  Metadata:
                      ExportTypeIdentity = Microsoft.VisualStudio.Composition.Tests.ExportMetadataTests+PartWithMultipleTypedMetadata
+                     System.ComponentModel.Composition.CreationPolicy = NonShared
                      Name = System.String[]
          ExportingMembers:
          ImportingMembers:
          ImportingConstructor:
      Part
          Type: Microsoft.VisualStudio.Composition.Tests.ExportMetadataTests+PartImportingExportsWithMultipleTypedMetadata
-         SharingBoundary: 
-         IsSharingBoundaryInferred: True
-         CreationPolicy: Any
+         SharingBoundary: &lt;null&gt;
+         IsSharingBoundaryInferred: False
+         CreationPolicy: NonShared
          OnImportsSatisfied: &lt;null&gt;
          ExportedTypes:
              ExportDefinition
                  ContractName: Microsoft.VisualStudio.Composition.Tests.ExportMetadataTests+PartImportingExportsWithMultipleTypedMetadata
                  Metadata:
                      ExportTypeIdentity = Microsoft.VisualStudio.Composition.Tests.ExportMetadataTests+PartImportingExportsWithMultipleTypedMetadata
+                     System.ComponentModel.Composition.CreationPolicy = NonShared
          ExportingMembers:
          ImportingMembers:
              ImportDefinition:
                  ContractName: Microsoft.VisualStudio.Composition.Tests.ExportMetadataTests+PartWithMultipleTypedMetadata
                  Cardinality: ExactlyOne
                  Metadata:
                  ExportFactorySharingBoundaries: 
                  ExportConstraints: 
                      ExportTypeIdentityConstraint
                          TypeIdentityName: Microsoft.VisualStudio.Composition.Tests.ExportMetadataTests+PartWithMultipleTypedMetadata
                      ImportMetadataViewConstraint
              ComposablePartType: Microsoft.VisualStudio.Composition.Tests.ExportMetadataTests+PartImportingExportsWithMultipleTypedMetadata
              ImportingMember: System.Lazy`2[Microsoft.VisualStudio.Composition.Tests.ExportMetadataTests+PartWithMultipleTypedMetadata,System.Collections.Generic.IDictionary`2[System.String,System.Object]] ImportingProperty
              ParameterInfo: 
              ImportingSiteType: System.Lazy`2[Microsoft.VisualStudio.Composition.Tests.ExportMetadataTests+PartWithMultipleTypedMetadata,System.Collections.Generic.IDictionary`2[System.String,System.Object]]
          ImportingConstructor:</StdOut>
      </Output>
    </UnitTestResult>
    <UnitTestResult executionId="70432a66-72ee-4123-b3de-ff8b1b3edd49" testId="651f0ecc-f6df-45a7-a9b7-2fccc1abec02" testName="V3 composition (V1)" computerName="DDBLD061B" duration="00:00:00.3330000" startTime="2015-04-27T07:09:01.3423705-07:00" endTime="2015-04-27T07:09:01.3423705-07:00" testType="13cdc9d9-ddb5-4fa4-a97d-d965ccfc6d4b" outcome="Passed" testListId="8c84fa94-04c1-424b-9868-57a2d4851a1d" relativeResultsDirectory="70432a66-72ee-4123-b3de-ff8b1b3edd49" />
    <UnitTestResult executionId="72e14df9-3243-4979-9b2c-3ccb07cc925e" testId="65b27952-e5f9-463e-a12e-42dfef8db62e" testName="V3 engine (runtime)" computerName="DDBLD061B" duration="00:00:00.0010000" startTime="2015-04-27T07:09:01.3423705-07:00" endTime="2015-04-27T07:09:01.3423705-07:00" testType="13cdc9d9-ddb5-4fa4-a97d-d965ccfc6d4b" outcome="Passed" testListId="8c84fa94-04c1-424b-9868-57a2d4851a1d" relativeResultsDirectory="72e14df9-3243-4979-9b2c-3ccb07cc925e" />
    <UnitTestResult executionId="6b91419a-c7c5-4df2-b285-faf9c9a4822c" testId="391959f6-18fe-446d-91af-6e6a3474a52f" testName="V3 engine (runtime)" computerName="DDBLD061B" duration="00:00:00.0010000" startTime="2015-04-27T07:09:01.3423705-07:00" endTime="2015-04-27T07:09:01.3423705-07:00" testType="13cdc9d9-ddb5-4fa4-a97d-d965ccfc6d4b" outcome="Passed" testListId="8c84fa94-04c1-424b-9868-57a2d4851a1d" relativeResultsDirectory="6b91419a-c7c5-4df2-b285-faf9c9a4822c" />
    <UnitTestResult executionId="20e6da65-fba5-4f91-9e48-eaeca744adfa" testId="2b6e7054-0eb1-4ed0-a7fd-3effb35cb1da" testName="V1" computerName="DDBLD061B" duration="00:00:00.0010000" startTime="2015-04-27T07:09:01.3423705-07:00" endTime="2015-04-27T07:09:01.3423705-07:00" testType="13cdc9d9-ddb5-4fa4-a97d-d965ccfc6d4b" outcome="Passed" testListId="8c84fa94-04c1-424b-9868-57a2d4851a1d" relativeResultsDirectory="20e6da65-fba5-4f91-9e48-eaeca744adfa" />
    <UnitTestResult executionId="75fbcde3-a132-4ff2-a197-a56fec92abce" testId="2bca754e-302d-4249-a790-40b7f5feffc3" testName="V3 engine (runtime)" computerName="DDBLD061B" duration="00:00:00.0050000" startTime="2015-04-27T07:09:01.3423705-07:00" endTime="2015-04-27T07:09:01.3423705-07:00" testType="13cdc9d9-ddb5-4fa4-a97d-d965ccfc6d4b" outcome="Passed" testListId="8c84fa94-04c1-424b-9868-57a2d4851a1d" relativeResultsDirectory="75fbcde3-a132-4ff2-a197-a56fec92abce" />
    <UnitTestResult executionId="ff21d8ec-c469-44d5-a0cc-015c33773727" testId="bb44b19e-b4c4-46e2-8f20-a0cf1d65b408" testName="V3 composition (V1, V2)" computerName="DDBLD061B" duration="00:00:00.3470000" startTime="2015-04-27T07:09:01.3423705-07:00" endTime="2015-04-27T07:09:01.3423705-07:00" testType="13cdc9d9-ddb5-4fa4-a97d-d965ccfc6d4b" outcome="Passed" testListId="8c84fa94-04c1-424b-9868-57a2d4851a1d" relativeResultsDirectory="ff21d8ec-c469-44d5-a0cc-015c33773727">
      <Output>
        <StdOut>Catalog AttributedPartDiscoveryV1 vs. AttributedPartDiscovery
      Part
          Type: Microsoft.VisualStudio.Composition.Tests.ImportedExportProviderTests+PartThatImportsExportProvider
+         Part metadata:
+             SharingBoundary = 
          SharingBoundary: 
-         IsSharingBoundaryInferred: True
-         CreationPolicy: Any
+         IsSharingBoundaryInferred: False
+         CreationPolicy: Shared
          OnImportsSatisfied: &lt;null&gt;
          ExportedTypes:
              ExportDefinition
                  ContractName: Microsoft.VisualStudio.Composition.Tests.ImportedExportProviderTests+PartThatImportsExportProvider
                  Metadata:
                      ExportTypeIdentity = Microsoft.VisualStudio.Composition.Tests.ImportedExportProviderTests+PartThatImportsExportProvider
+                     System.ComponentModel.Composition.CreationPolicy = Shared
          ExportingMembers:
          ImportingMembers:
              ImportDefinition:
                  ContractName: Microsoft.VisualStudio.Composition.ExportProvider
                  Cardinality: ExactlyOne
                  Metadata:
                  ExportFactorySharingBoundaries: 
                  ExportConstraints: 
                      ExportTypeIdentityConstraint
                          TypeIdentityName: Microsoft.VisualStudio.Composition.ExportProvider
              ComposablePartType: Microsoft.VisualStudio.Composition.Tests.ImportedExportProviderTests+PartThatImportsExportProvider
              ImportingMember: Microsoft.VisualStudio.Composition.ExportProvider ExportProvider
              ParameterInfo: 
              ImportingSiteType: Microsoft.VisualStudio.Composition.ExportProvider
          ImportingConstructor:</StdOut>
      </Output>
    </UnitTestResult>
    <UnitTestResult executionId="16595175-3f4c-4604-9fb7-958b698c639a" testId="4d7088c1-4fa4-429c-9f59-12401be50e22" testName="V1" computerName="DDBLD061B" duration="00:00:00.0020000" startTime="2015-04-27T07:09:01.3423705-07:00" endTime="2015-04-27T07:09:01.3423705-07:00" testType="13cdc9d9-ddb5-4fa4-a97d-d965ccfc6d4b" outcome="Passed" testListId="8c84fa94-04c1-424b-9868-57a2d4851a1d" relativeResultsDirectory="16595175-3f4c-4604-9fb7-958b698c639a" />
    <UnitTestResult executionId="794a61a1-07aa-4a24-860e-d31cb83ce788" testId="30fa409b-17df-414c-97ea-6f67fb04bf16" testName="V3 composition (V1)" computerName="DDBLD061B" duration="00:00:00.1050000" startTime="2015-04-27T07:09:01.9518006-07:00" endTime="2015-04-27T07:09:01.9518006-07:00" testType="13cdc9d9-ddb5-4fa4-a97d-d965ccfc6d4b" outcome="Passed" testListId="8c84fa94-04c1-424b-9868-57a2d4851a1d" relativeResultsDirectory="794a61a1-07aa-4a24-860e-d31cb83ce788" />
    <UnitTestResult executionId="5a72387c-9f6c-42bf-aeee-c66ccac70ad2" testId="4e19bd02-c0a1-4903-871a-477b0f33417e" testName="V2" computerName="DDBLD061B" duration="00:00:00.0020000" startTime="2015-04-27T07:09:01.9518006-07:00" endTime="2015-04-27T07:09:01.9518006-07:00" testType="13cdc9d9-ddb5-4fa4-a97d-d965ccfc6d4b" outcome="Passed" testListId="8c84fa94-04c1-424b-9868-57a2d4851a1d" relativeResultsDirectory="5a72387c-9f6c-42bf-aeee-c66ccac70ad2" />
    <UnitTestResult executionId="18f58ea7-f1b5-49e8-b025-72e5f6898a18" testId="36fe5855-98c5-44f8-99fb-73128d436e85" testName="ComposableAssembliesLazyLoadedByLazyImport" computerName="DDBLD061B" duration="00:00:00.9290000" startTime="2015-04-27T07:09:01.9518006-07:00" endTime="2015-04-27T07:09:01.9518006-07:00" testType="13cdc9d9-ddb5-4fa4-a97d-d965ccfc6d4b" outcome="Passed" testListId="8c84fa94-04c1-424b-9868-57a2d4851a1d" relativeResultsDirectory="18f58ea7-f1b5-49e8-b025-72e5f6898a18" />
    <UnitTestResult executionId="206188f3-f6b0-43d8-8788-5aadb1a21832" testId="9ff177b9-dc42-41bc-a4b1-6a48daa5d6ba" testName="V3 composition (V1)" computerName="DDBLD061B" duration="00:00:00.1060000" startTime="2015-04-27T07:09:01.9518006-07:00" endTime="2015-04-27T07:09:01.9518006-07:00" testType="13cdc9d9-ddb5-4fa4-a97d-d965ccfc6d4b" outcome="Passed" testListId="8c84fa94-04c1-424b-9868-57a2d4851a1d" relativeResultsDirectory="206188f3-f6b0-43d8-8788-5aadb1a21832" />
    <UnitTestResult executionId="3ecf45af-3e47-4f98-bd01-522155ffa9a7" testId="c4d11b95-c12a-4c4e-bed2-dfb697ec593c" testName="V3 engine (runtime)" computerName="DDBLD061B" duration="00:00:00.0010000" startTime="2015-04-27T07:09:01.9518006-07:00" endTime="2015-04-27T07:09:01.9518006-07:00" testType="13cdc9d9-ddb5-4fa4-a97d-d965ccfc6d4b" outcome="Passed" testListId="8c84fa94-04c1-424b-9868-57a2d4851a1d" relativeResultsDirectory="3ecf45af-3e47-4f98-bd01-522155ffa9a7" />
    <UnitTestResult executionId="17f17265-7498-44ae-8658-083aa1cc94f7" testId="2f429ead-85b6-4e9a-b69c-66df1a19175f" testName="V3 engine (runtime)" computerName="DDBLD061B" duration="00:00:00.0010000" startTime="2015-04-27T07:09:01.9518006-07:00" endTime="2015-04-27T07:09:01.9518006-07:00" testType="13cdc9d9-ddb5-4fa4-a97d-d965ccfc6d4b" outcome="Passed" testListId="8c84fa94-04c1-424b-9868-57a2d4851a1d" relativeResultsDirectory="17f17265-7498-44ae-8658-083aa1cc94f7" />
    <UnitTestResult executionId="2a0a6b5a-cdec-4d4e-af34-210ac39f56c3" testId="dc12201f-e3ec-46f8-8439-48af5aa5afe4" testName="V1" computerName="DDBLD061B" duration="00:00:00.0010000" startTime="2015-04-27T07:09:01.9518006-07:00" endTime="2015-04-27T07:09:01.9518006-07:00" testType="13cdc9d9-ddb5-4fa4-a97d-d965ccfc6d4b" outcome="Passed" testListId="8c84fa94-04c1-424b-9868-57a2d4851a1d" relativeResultsDirectory="2a0a6b5a-cdec-4d4e-af34-210ac39f56c3" />
    <UnitTestResult executionId="e667b7db-2726-4f59-b2c7-f06af5ba4917" testId="a543bce0-888f-433d-befa-5cb7214e87a3" testName="V2" computerName="DDBLD061B" duration="00:00:00.0020000" startTime="2015-04-27T07:09:01.9518006-07:00" endTime="2015-04-27T07:09:01.9518006-07:00" testType="13cdc9d9-ddb5-4fa4-a97d-d965ccfc6d4b" outcome="Passed" testListId="8c84fa94-04c1-424b-9868-57a2d4851a1d" relativeResultsDirectory="e667b7db-2726-4f59-b2c7-f06af5ba4917" />
    <UnitTestResult executionId="764f8b5e-d1cb-42c6-b75b-d2351e15233d" testId="bfdf4176-a19f-4499-ad87-398f585239e5" testName="V3 engine (runtime)" computerName="DDBLD061B" duration="00:00:00.0010000" startTime="2015-04-27T07:09:02.2642339-07:00" endTime="2015-04-27T07:09:02.2642339-07:00" testType="13cdc9d9-ddb5-4fa4-a97d-d965ccfc6d4b" outcome="Passed" testListId="8c84fa94-04c1-424b-9868-57a2d4851a1d" relativeResultsDirectory="764f8b5e-d1cb-42c6-b75b-d2351e15233d" />
    <UnitTestResult executionId="131ea6b7-46c5-4882-9af4-e1a33ae5b20b" testId="84ad467a-d536-4abe-9275-782f30185569" testName="V3 engine (runtime)" computerName="DDBLD061B" duration="00:00:00.0010000" startTime="2015-04-27T07:09:02.2642339-07:00" endTime="2015-04-27T07:09:02.2642339-07:00" testType="13cdc9d9-ddb5-4fa4-a97d-d965ccfc6d4b" outcome="Passed" testListId="8c84fa94-04c1-424b-9868-57a2d4851a1d" relativeResultsDirectory="131ea6b7-46c5-4882-9af4-e1a33ae5b20b" />
    <UnitTestResult executionId="b2707eef-460b-43fa-b2b2-74aa566f0cf3" testId="c7c99b87-415f-409d-8266-6125c616e9d1" testName="V3 engine (runtime)" computerName="DDBLD061B" duration="00:00:00.0010000" startTime="2015-04-27T07:09:02.2642339-07:00" endTime="2015-04-27T07:09:02.2642339-07:00" testType="13cdc9d9-ddb5-4fa4-a97d-d965ccfc6d4b" outcome="Passed" testListId="8c84fa94-04c1-424b-9868-57a2d4851a1d" relativeResultsDirectory="b2707eef-460b-43fa-b2b2-74aa566f0cf3" />
    <UnitTestResult executionId="ab9dfd5a-ae99-404e-8572-c4123000df88" testId="8c7867d6-9f81-43ef-be56-48fd08812a38" testName="V1" computerName="DDBLD061B" duration="00:00:00.0010000" startTime="2015-04-27T07:09:02.2642339-07:00" endTime="2015-04-27T07:09:02.2642339-07:00" testType="13cdc9d9-ddb5-4fa4-a97d-d965ccfc6d4b" outcome="Passed" testListId="8c84fa94-04c1-424b-9868-57a2d4851a1d" relativeResultsDirectory="ab9dfd5a-ae99-404e-8572-c4123000df88" />
    <UnitTestResult executionId="9a516b61-7b0f-4c6d-85e7-06f5c81cadbf" testId="a97b7f5b-ea19-4543-bdcf-9a2df086fadf" testName="V3 engine (runtime)" computerName="DDBLD061B" duration="00:00:00.0010000" startTime="2015-04-27T07:09:02.2642339-07:00" endTime="2015-04-27T07:09:02.2642339-07:00" testType="13cdc9d9-ddb5-4fa4-a97d-d965ccfc6d4b" outcome="Passed" testListId="8c84fa94-04c1-424b-9868-57a2d4851a1d" relativeResultsDirectory="9a516b61-7b0f-4c6d-85e7-06f5c81cadbf" />
    <UnitTestResult executionId="1e630770-486e-49cb-af97-cdfd0b44939a" testId="cf3d32b0-9b6d-4c34-8bec-cf12209ea97d" testName="V3 engine (runtime)" computerName="DDBLD061B" duration="00:00:00.0010000" startTime="2015-04-27T07:09:02.2642339-07:00" endTime="2015-04-27T07:09:02.2642339-07:00" testType="13cdc9d9-ddb5-4fa4-a97d-d965ccfc6d4b" outcome="Passed" testListId="8c84fa94-04c1-424b-9868-57a2d4851a1d" relativeResultsDirectory="1e630770-486e-49cb-af97-cdfd0b44939a" />
    <UnitTestResult executionId="aad887d7-25bf-4ef7-b5c7-7c41b1523503" testId="a87efaa6-ac82-4264-9d42-af07d0f4d885" testName="V2" computerName="DDBLD061B" duration="00:00:00.0010000" startTime="2015-04-27T07:09:02.2642339-07:00" endTime="2015-04-27T07:09:02.2642339-07:00" testType="13cdc9d9-ddb5-4fa4-a97d-d965ccfc6d4b" outcome="Passed" testListId="8c84fa94-04c1-424b-9868-57a2d4851a1d" relativeResultsDirectory="aad887d7-25bf-4ef7-b5c7-7c41b1523503" />
    <UnitTestResult executionId="80533a44-592b-481f-94b4-cda24ae64570" testId="d6210b7e-5409-4918-ae17-304b0c18ba2f" testName="V1" computerName="DDBLD061B" duration="00:00:00.0010000" startTime="2015-04-27T07:09:02.2642339-07:00" endTime="2015-04-27T07:09:02.2642339-07:00" testType="13cdc9d9-ddb5-4fa4-a97d-d965ccfc6d4b" outcome="Passed" testListId="8c84fa94-04c1-424b-9868-57a2d4851a1d" relativeResultsDirectory="80533a44-592b-481f-94b4-cda24ae64570" />
    <UnitTestResult executionId="79285937-3eb8-4efd-b95e-5f90ac445206" testId="0aa0817d-39c8-4ace-bff7-9a9acb98e0b2" testName="V3 engine (runtime)" computerName="DDBLD061B" duration="00:00:00.0010000" startTime="2015-04-27T07:09:02.2642339-07:00" endTime="2015-04-27T07:09:02.2642339-07:00" testType="13cdc9d9-ddb5-4fa4-a97d-d965ccfc6d4b" outcome="Passed" testListId="8c84fa94-04c1-424b-9868-57a2d4851a1d" relativeResultsDirectory="79285937-3eb8-4efd-b95e-5f90ac445206" />
    <UnitTestResult executionId="a3679249-120f-4089-b00c-e2459ea0e6cf" testId="cdb53d64-9b27-4414-bbc5-325642cdf6f5" testName="V3 composition (V1, V2)" computerName="DDBLD061B" duration="00:00:00.1630000" startTime="2015-04-27T07:09:02.2642339-07:00" endTime="2015-04-27T07:09:02.2642339-07:00" testType="13cdc9d9-ddb5-4fa4-a97d-d965ccfc6d4b" outcome="Passed" testListId="8c84fa94-04c1-424b-9868-57a2d4851a1d" relativeResultsDirectory="a3679249-120f-4089-b00c-e2459ea0e6cf">
      <Output>
        <StdOut>Catalog AttributedPartDiscoveryV1 vs. AttributedPartDiscovery
      Part
          Type: Microsoft.VisualStudio.Composition.Tests.CircularDependencyTests+PartWithImportingConstructorOfPartWithLazyImportOfPartiallyInitializedPart
+         Part metadata:
+             SharingBoundary = 
          SharingBoundary: 
-         IsSharingBoundaryInferred: True
-         CreationPolicy: Any
+         IsSharingBoundaryInferred: False
+         CreationPolicy: Shared
          OnImportsSatisfied: &lt;null&gt;
          ExportedTypes:
              ExportDefinition
                  ContractName: Microsoft.VisualStudio.Composition.Tests.CircularDependencyTests+PartWithImportingConstructorOfPartWithLazyImportOfPartiallyInitializedPart
                  Metadata:
                      ExportTypeIdentity = Microsoft.VisualStudio.Composition.Tests.CircularDependencyTests+PartWithImportingConstructorOfPartWithLazyImportOfPartiallyInitializedPart
+                     System.ComponentModel.Composition.CreationPolicy = Shared
          ExportingMembers:
          ImportingMembers:
          ImportingConstructor:
              ImportDefinition:
                  ContractName: Microsoft.VisualStudio.Composition.Tests.CircularDependencyTests+PartWithLazyImportOfPartiallyInitializedPart
                  Cardinality: ExactlyOne
                  Metadata:
                  ExportFactorySharingBoundaries: 
                  ExportConstraints: 
                      ExportTypeIdentityConstraint
                          TypeIdentityName: Microsoft.VisualStudio.Composition.Tests.CircularDependencyTests+PartWithLazyImportOfPartiallyInitializedPart
              ComposablePartType: Microsoft.VisualStudio.Composition.Tests.CircularDependencyTests+PartWithImportingConstructorOfPartWithLazyImportOfPartiallyInitializedPart
              ImportingMember: 
              ParameterInfo: PartWithLazyImportOfPartiallyInitializedPart b
              ImportingSiteType: Microsoft.VisualStudio.Composition.Tests.CircularDependencyTests+PartWithLazyImportOfPartiallyInitializedPart
      Part
          Type: Microsoft.VisualStudio.Composition.Tests.CircularDependencyTests+PartWithLazyImportOfPartiallyInitializedPart
+         Part metadata:
+             SharingBoundary = 
          SharingBoundary: 
-         IsSharingBoundaryInferred: True
-         CreationPolicy: Any
+         IsSharingBoundaryInferred: False
+         CreationPolicy: Shared
          OnImportsSatisfied: &lt;null&gt;
          ExportedTypes:
              ExportDefinition
                  ContractName: Microsoft.VisualStudio.Composition.Tests.CircularDependencyTests+PartWithLazyImportOfPartiallyInitializedPart
                  Metadata:
                      ExportTypeIdentity = Microsoft.VisualStudio.Composition.Tests.CircularDependencyTests+PartWithLazyImportOfPartiallyInitializedPart
+                     System.ComponentModel.Composition.CreationPolicy = Shared
          ExportingMembers:
          ImportingMembers:
              ImportDefinition:
                  ContractName: Microsoft.VisualStudio.Composition.Tests.CircularDependencyTests+PartiallyInitializedPart
                  Cardinality: ExactlyOne
                  Metadata:
                  ExportFactorySharingBoundaries: 
                  ExportConstraints: 
                      ExportTypeIdentityConstraint
                          TypeIdentityName: Microsoft.VisualStudio.Composition.Tests.CircularDependencyTests+PartiallyInitializedPart
              ComposablePartType: Microsoft.VisualStudio.Composition.Tests.CircularDependencyTests+PartWithLazyImportOfPartiallyInitializedPart
              ImportingMember: System.Lazy`1[Microsoft.VisualStudio.Composition.Tests.CircularDependencyTests+PartiallyInitializedPart] C
              ParameterInfo: 
              ImportingSiteType: System.Lazy`1[Microsoft.VisualStudio.Composition.Tests.CircularDependencyTests+PartiallyInitializedPart]
          ImportingConstructor:
      Part
          Type: Microsoft.VisualStudio.Composition.Tests.CircularDependencyTests+PartiallyInitializedPart
+         Part metadata:
+             SharingBoundary = 
          SharingBoundary: 
-         IsSharingBoundaryInferred: True
-         CreationPolicy: Any
+         IsSharingBoundaryInferred: False
+         CreationPolicy: Shared
          OnImportsSatisfied: &lt;null&gt;
          ExportedTypes:
              ExportDefinition
                  ContractName: Microsoft.VisualStudio.Composition.Tests.CircularDependencyTests+PartiallyInitializedPart
                  Metadata:
                      ExportTypeIdentity = Microsoft.VisualStudio.Composition.Tests.CircularDependencyTests+PartiallyInitializedPart
+                     System.ComponentModel.Composition.CreationPolicy = Shared
          ExportingMembers:
          ImportingMembers:
              ImportDefinition:
                  ContractName: Microsoft.VisualStudio.Composition.Tests.CircularDependencyTests+PartWithImportingConstructorOfPartWithLazyImportOfPartiallyInitializedPart
                  Cardinality: ExactlyOne
                  Metadata:
                  ExportFactorySharingBoundaries: 
                  ExportConstraints: 
                      ExportTypeIdentityConstraint
                          TypeIdentityName: Microsoft.VisualStudio.Composition.Tests.CircularDependencyTests+PartWithImportingConstructorOfPartWithLazyImportOfPartiallyInitializedPart
              ComposablePartType: Microsoft.VisualStudio.Composition.Tests.CircularDependencyTests+PartiallyInitializedPart
              ImportingMember: PartWithImportingConstructorOfPartWithLazyImportOfPartiallyInitializedPart A
              ParameterInfo: 
              ImportingSiteType: Microsoft.VisualStudio.Composition.Tests.CircularDependencyTests+PartWithImportingConstructorOfPartWithLazyImportOfPartiallyInitializedPart
          ImportingConstructor:</StdOut>
      </Output>
    </UnitTestResult>
    <UnitTestResult executionId="2353c59e-4982-4afb-9641-851aee0b1e7a" testId="19489fb1-9c4e-47e7-8470-e0098f1944d2" testName="V3 composition (V1)" computerName="DDBLD061B" duration="00:00:00.0280000" startTime="2015-04-27T07:09:02.5767288-07:00" endTime="2015-04-27T07:09:02.5767288-07:00" testType="13cdc9d9-ddb5-4fa4-a97d-d965ccfc6d4b" outcome="Passed" testListId="8c84fa94-04c1-424b-9868-57a2d4851a1d" relativeResultsDirectory="2353c59e-4982-4afb-9641-851aee0b1e7a" />
    <UnitTestResult executionId="0a3912e5-3002-4be6-a490-50cc69514d38" testId="66c700ba-1c31-40b3-8717-8c354dac7f96" testName="V3 engine (runtime)" computerName="DDBLD061B" duration="00:00:00.0010000" startTime="2015-04-27T07:09:02.5767288-07:00" endTime="2015-04-27T07:09:02.5767288-07:00" testType="13cdc9d9-ddb5-4fa4-a97d-d965ccfc6d4b" outcome="Passed" testListId="8c84fa94-04c1-424b-9868-57a2d4851a1d" relativeResultsDirectory="0a3912e5-3002-4be6-a490-50cc69514d38" />
    <UnitTestResult executionId="37988282-6322-489b-932c-d0ab189bed8f" testId="d59956f2-42d1-402a-8ac4-9b563ffe4578" testName="V1" computerName="DDBLD061B" duration="00:00:00.0020000" startTime="2015-04-27T07:09:02.5767288-07:00" endTime="2015-04-27T07:09:02.5767288-07:00" testType="13cdc9d9-ddb5-4fa4-a97d-d965ccfc6d4b" outcome="Passed" testListId="8c84fa94-04c1-424b-9868-57a2d4851a1d" relativeResultsDirectory="37988282-6322-489b-932c-d0ab189bed8f" />
    <UnitTestResult executionId="14e5e8e0-d943-4b6d-8733-8a6a36b0c29c" testId="4dd469b3-cf66-4b62-971f-01fba14ec28e" testName="V2" computerName="DDBLD061B" duration="00:00:00.0020000" startTime="2015-04-27T07:09:02.5767288-07:00" endTime="2015-04-27T07:09:02.5767288-07:00" testType="13cdc9d9-ddb5-4fa4-a97d-d965ccfc6d4b" outcome="Passed" testListId="8c84fa94-04c1-424b-9868-57a2d4851a1d" relativeResultsDirectory="14e5e8e0-d943-4b6d-8733-8a6a36b0c29c" />
    <UnitTestResult executionId="c51cd1dc-a170-4b82-99a0-73fdd1b91e83" testId="76042929-ea55-4277-ba26-7a852f67fcfd" testName="V3 composition (V1, V2)" computerName="DDBLD061B" duration="00:00:00.0670000" startTime="2015-04-27T07:09:02.5767288-07:00" endTime="2015-04-27T07:09:02.5767288-07:00" testType="13cdc9d9-ddb5-4fa4-a97d-d965ccfc6d4b" outcome="Passed" testListId="8c84fa94-04c1-424b-9868-57a2d4851a1d" relativeResultsDirectory="c51cd1dc-a170-4b82-99a0-73fdd1b91e83" />
    <UnitTestResult executionId="eba2ab26-3c2d-48bc-88d9-e78d05c479ec" testId="ce91ad0f-8da8-43d2-9efb-86d694254196" testName="V3 engine (runtime)" computerName="DDBLD061B" duration="00:00:00.0010000" startTime="2015-04-27T07:09:02.5767288-07:00" endTime="2015-04-27T07:09:02.5767288-07:00" testType="13cdc9d9-ddb5-4fa4-a97d-d965ccfc6d4b" outcome="Passed" testListId="8c84fa94-04c1-424b-9868-57a2d4851a1d" relativeResultsDirectory="eba2ab26-3c2d-48bc-88d9-e78d05c479ec" />
    <UnitTestResult executionId="c18ab95b-49d0-4863-b0cc-3c9e534f3c11" testId="8d4c7293-5766-43bd-8f96-a5f4520d9a54" testName="V3 composition (V1, V2)" computerName="DDBLD061B" duration="00:00:00.3630000" startTime="2015-04-27T07:09:02.5767288-07:00" endTime="2015-04-27T07:09:02.5767288-07:00" testType="13cdc9d9-ddb5-4fa4-a97d-d965ccfc6d4b" outcome="Passed" testListId="8c84fa94-04c1-424b-9868-57a2d4851a1d" relativeResultsDirectory="c18ab95b-49d0-4863-b0cc-3c9e534f3c11">
      <Output>
        <StdOut>Catalog AttributedPartDiscoveryV1 vs. AttributedPartDiscovery
      Part
          Type: Microsoft.VisualStudio.Composition.Tests.InvalidGraphTests+PartWithMissingImport
-         SharingBoundary: 
-         IsSharingBoundaryInferred: True
-         CreationPolicy: Any
+         SharingBoundary: &lt;null&gt;
+         IsSharingBoundaryInferred: False
+         CreationPolicy: NonShared
          OnImportsSatisfied: &lt;null&gt;
          ExportedTypes:
              ExportDefinition
                  ContractName: Microsoft.VisualStudio.Composition.Tests.InvalidGraphTests+PartWithMissingImport
                  Metadata:
                      ExportTypeIdentity = Microsoft.VisualStudio.Composition.Tests.InvalidGraphTests+PartWithMissingImport
+                     System.ComponentModel.Composition.CreationPolicy = NonShared
          ExportingMembers:
          ImportingMembers:
              ImportDefinition:
                  ContractName: System.IFormattable
                  Cardinality: ExactlyOne
                  Metadata:
                  ExportFactorySharingBoundaries: 
                  ExportConstraints: 
                      ExportTypeIdentityConstraint
                          TypeIdentityName: System.IFormattable
              ComposablePartType: Microsoft.VisualStudio.Composition.Tests.InvalidGraphTests+PartWithMissingImport
              ImportingMember: System.IFormattable MissingImportProperty
              ParameterInfo: 
              ImportingSiteType: System.IFormattable
          ImportingConstructor:
      Part
          Type: Microsoft.VisualStudio.Composition.Tests.InvalidGraphTests+PartThatRequiresPartWithMissingImport
-         SharingBoundary: 
-         IsSharingBoundaryInferred: True
-         CreationPolicy: Any
+         SharingBoundary: &lt;null&gt;
+         IsSharingBoundaryInferred: False
+         CreationPolicy: NonShared
          OnImportsSatisfied: &lt;null&gt;
          ExportedTypes:
              ExportDefinition
                  ContractName: Microsoft.VisualStudio.Composition.Tests.InvalidGraphTests+PartThatRequiresPartWithMissingImport
                  Metadata:
                      ExportTypeIdentity = Microsoft.VisualStudio.Composition.Tests.InvalidGraphTests+PartThatRequiresPartWithMissingImport
+                     System.ComponentModel.Composition.CreationPolicy = NonShared
          ExportingMembers:
          ImportingMembers:
              ImportDefinition:
                  ContractName: Microsoft.VisualStudio.Composition.Tests.InvalidGraphTests+PartWithMissingImport
                  Cardinality: ExactlyOne
                  Metadata:
                  ExportFactorySharingBoundaries: 
                  ExportConstraints: 
                      ExportTypeIdentityConstraint
                          TypeIdentityName: Microsoft.VisualStudio.Composition.Tests.InvalidGraphTests+PartWithMissingImport
              ComposablePartType: Microsoft.VisualStudio.Composition.Tests.InvalidGraphTests+PartThatRequiresPartWithMissingImport
              ImportingMember: PartWithMissingImport ImportOfPartWithMissingImport
              ParameterInfo: 
              ImportingSiteType: Microsoft.VisualStudio.Composition.Tests.InvalidGraphTests+PartWithMissingImport
          ImportingConstructor:
      Part
          Type: Microsoft.VisualStudio.Composition.Tests.InvalidGraphTests+PartWithSatisfiedImports
-         SharingBoundary: 
-         IsSharingBoundaryInferred: True
-         CreationPolicy: Any
+         SharingBoundary: &lt;null&gt;
+         IsSharingBoundaryInferred: False
+         CreationPolicy: NonShared
          OnImportsSatisfied: &lt;null&gt;
          ExportedTypes:
              ExportDefinition
                  ContractName: Microsoft.VisualStudio.Composition.Tests.InvalidGraphTests+PartWithSatisfiedImports
                  Metadata:
                      ExportTypeIdentity = Microsoft.VisualStudio.Composition.Tests.InvalidGraphTests+PartWithSatisfiedImports
+                     System.ComponentModel.Composition.CreationPolicy = NonShared
          ExportingMembers:
          ImportingMembers:
              ImportDefinition:
                  ContractName: Microsoft.VisualStudio.Composition.Tests.InvalidGraphTests+SomePart
                  Cardinality: ExactlyOne
                  Metadata:
                  ExportFactorySharingBoundaries: 
                  ExportConstraints: 
                      ExportTypeIdentityConstraint
                          TypeIdentityName: Microsoft.VisualStudio.Composition.Tests.InvalidGraphTests+SomePart
              ComposablePartType: Microsoft.VisualStudio.Composition.Tests.InvalidGraphTests+PartWithSatisfiedImports
              ImportingMember: SomePart SatisfiedImport
              ParameterInfo: 
              ImportingSiteType: Microsoft.VisualStudio.Composition.Tests.InvalidGraphTests+SomePart
          ImportingConstructor:
      Part
          Type: Microsoft.VisualStudio.Composition.Tests.InvalidGraphTests+SomePart
-         SharingBoundary: 
-         IsSharingBoundaryInferred: True
-         CreationPolicy: Any
+         SharingBoundary: &lt;null&gt;
+         IsSharingBoundaryInferred: False
+         CreationPolicy: NonShared
          OnImportsSatisfied: &lt;null&gt;
          ExportedTypes:
              ExportDefinition
                  ContractName: Microsoft.VisualStudio.Composition.Tests.InvalidGraphTests+SomePart
                  Metadata:
                      ExportTypeIdentity = Microsoft.VisualStudio.Composition.Tests.InvalidGraphTests+SomePart
+                     System.ComponentModel.Composition.CreationPolicy = NonShared
          ExportingMembers:
          ImportingMembers:
          ImportingConstructor:</StdOut>
      </Output>
    </UnitTestResult>
    <UnitTestResult executionId="0577ba88-279a-4f30-bef4-73e81bbc53da" testId="59b8c0c5-bb3b-49f3-b597-197749047b54" testName="V3 engine (runtime)" computerName="DDBLD061B" duration="00:00:00.0010000" startTime="2015-04-27T07:09:02.5767288-07:00" endTime="2015-04-27T07:09:02.5767288-07:00" testType="13cdc9d9-ddb5-4fa4-a97d-d965ccfc6d4b" outcome="Passed" testListId="8c84fa94-04c1-424b-9868-57a2d4851a1d" relativeResultsDirectory="0577ba88-279a-4f30-bef4-73e81bbc53da" />
    <UnitTestResult executionId="61959997-2770-480b-a6ae-8e12b1af4f10" testId="54dd68fc-2de5-4718-835d-8a26c1535b45" testName="V3 engine (runtime)" computerName="DDBLD061B" duration="00:00:00.0010000" startTime="2015-04-27T07:09:03.3424173-07:00" endTime="2015-04-27T07:09:03.3424173-07:00" testType="13cdc9d9-ddb5-4fa4-a97d-d965ccfc6d4b" outcome="Passed" testListId="8c84fa94-04c1-424b-9868-57a2d4851a1d" relativeResultsDirectory="61959997-2770-480b-a6ae-8e12b1af4f10" />
    <UnitTestResult executionId="2c13509f-4e49-4554-8990-c102d214b955" testId="82b7ac6b-2aca-4c14-bdc4-cbb547f6ba9c" testName="V3 composition (V1)" computerName="DDBLD061B" duration="00:00:00.0520000" startTime="2015-04-27T07:09:03.3424173-07:00" endTime="2015-04-27T07:09:03.3424173-07:00" testType="13cdc9d9-ddb5-4fa4-a97d-d965ccfc6d4b" outcome="Passed" testListId="8c84fa94-04c1-424b-9868-57a2d4851a1d" relativeResultsDirectory="2c13509f-4e49-4554-8990-c102d214b955">
      <Output>
        <StdOut>Catalog BeforeSerialization vs. AfterSerialization
      Part
          Type: Microsoft.VisualStudio.Composition.ExportMetadataViewInterfaceEmitProxy+MetadataViewProxyProvider
          Part metadata:
              VsMEFDgmlCategories = System.String[]
          SharingBoundary: &lt;null&gt;
          IsSharingBoundaryInferred: False
          CreationPolicy: NonShared
          OnImportsSatisfied: &lt;null&gt;
          ExportedTypes:
              ExportDefinition
                  ContractName: Microsoft.VisualStudio.Composition.IMetadataViewProvider
                  Metadata:
                      ExportTypeIdentity = Microsoft.VisualStudio.Composition.IMetadataViewProvider
                      System.ComponentModel.Composition.CreationPolicy = NonShared
                      OrderPrecedence = 50
          ExportingMembers:
          ImportingMembers:
          ImportingConstructor:
      Part
          Type: Microsoft.VisualStudio.Composition.NetFxAdapters+CompositionService
          Part metadata:
              VsMEFDgmlCategories = System.String[]
          SharingBoundary: &lt;null&gt;
          IsSharingBoundaryInferred: False
          CreationPolicy: NonShared
          OnImportsSatisfied: &lt;null&gt;
          ExportedTypes:
              ExportDefinition
                  ContractName: System.ComponentModel.Composition.ICompositionService
                  Metadata:
                      ExportTypeIdentity = System.ComponentModel.Composition.ICompositionService
                      System.ComponentModel.Composition.CreationPolicy = NonShared
          ExportingMembers:
          ImportingMembers:
          ImportingConstructor:
              ImportDefinition:
                  ContractName: Microsoft.VisualStudio.Composition.ExportProvider
                  Cardinality: ExactlyOne
                  Metadata:
                  ExportFactorySharingBoundaries: 
                  ExportConstraints: 
                      ExportTypeIdentityConstraint
                          TypeIdentityName: Microsoft.VisualStudio.Composition.ExportProvider
              ComposablePartType: Microsoft.VisualStudio.Composition.NetFxAdapters+CompositionService
              ImportingMember: 
              ParameterInfo: Microsoft.VisualStudio.Composition.ExportProvider exportProvider
              ImportingSiteType: Microsoft.VisualStudio.Composition.ExportProvider
      Part
          Type: Microsoft.VisualStudio.Composition.NetFxAdapters+MetadataViewImplProxy
          Part metadata:
              VsMEFDgmlCategories = System.String[]
          SharingBoundary: 
          IsSharingBoundaryInferred: True
          CreationPolicy: Any
          OnImportsSatisfied: &lt;null&gt;
          ExportedTypes:
              ExportDefinition
                  ContractName: Microsoft.VisualStudio.Composition.IMetadataViewProvider
                  Metadata:
                      ExportTypeIdentity = Microsoft.VisualStudio.Composition.IMetadataViewProvider
                      OrderPrecedence = 100
          ExportingMembers:
          ImportingMembers:
          ImportingConstructor:
      Part
          Type: Microsoft.VisualStudio.Composition.NetFxAdapters+AssemblyLoadCodeBasePathLoader
          Part metadata:
              VsMEFDgmlCategories = System.String[]
          SharingBoundary: 
          IsSharingBoundaryInferred: True
          CreationPolicy: Any
          OnImportsSatisfied: &lt;null&gt;
          ExportedTypes:
              ExportDefinition
                  ContractName: Microsoft.VisualStudio.Composition.IAssemblyLoader
                  Metadata:
                      ExportTypeIdentity = Microsoft.VisualStudio.Composition.IAssemblyLoader
                      OrderPrecedence = 100
          ExportingMembers:
          ImportingMembers:
          ImportingConstructor:
      Part
          Type: Microsoft.VisualStudio.Composition.Tests.ExportingMembersTests+ExportingMembersClass
          SharingBoundary: 
          IsSharingBoundaryInferred: True
          CreationPolicy: Any
          OnImportsSatisfied: &lt;null&gt;
          ExportedTypes:
          ExportingMembers:
+             Field
+                 ContractName: Field
+                 Metadata:
+                     ExportTypeIdentity = System.String
+                 ContractName: Field_Extra_Export
+                 Metadata:
+                     ExportTypeIdentity = System.String
              SomeAction
                  ContractName: Method
                  Metadata:
                      ExportTypeIdentity = System.Void()
                      A = b
                  ContractName: Method_Extra_Export
                  Metadata:
                      ExportTypeIdentity = System.Void()
                      A = b
              SomeAction
                  ContractName: Method
                  Metadata:
                      ExportTypeIdentity = System.Void(System.Int32,System.String)
                      A = b
              SomeFunc
                  ContractName: Method
                  Metadata:
                      ExportTypeIdentity = System.Boolean()
                      A = b
              SomeFunc
                  ContractName: Method
                  Metadata:
                      ExportTypeIdentity = System.Boolean(System.Int32,System.String)
                      A = b
              Property
                  ContractName: Property
                  Metadata:
                      ExportTypeIdentity = System.String
                  ContractName: Property_Extra_Export
                  Metadata:
                      ExportTypeIdentity = System.String
              PropertyGenericType
                  ContractName: PropertyGenericType
                  Metadata:
                      ExportTypeIdentity = System.Collections.Generic.Comparer(System.Int32)
              DelegateReturningProperty
                  ContractName: DelegateReturningProperty
                  Metadata:
                      ExportTypeIdentity = System.String(System.String)
                      A = b
-             Field
-                 ContractName: Field
-                 Metadata:
-                     ExportTypeIdentity = System.String
-                 ContractName: Field_Extra_Export
-                 Metadata:
-                     ExportTypeIdentity = System.String
          ImportingMembers:
          ImportingConstructor:</StdOut>
      </Output>
    </UnitTestResult>
    <UnitTestResult executionId="bb8a7962-0c1a-45ac-a59d-f7b1cd03c602" testId="23a3f12d-de3c-49bb-8691-0a4519e48109" testName="V1" computerName="DDBLD061B" duration="00:00:00.0040000" startTime="2015-04-27T07:09:03.3424173-07:00" endTime="2015-04-27T07:09:03.3424173-07:00" testType="13cdc9d9-ddb5-4fa4-a97d-d965ccfc6d4b" outcome="Passed" testListId="8c84fa94-04c1-424b-9868-57a2d4851a1d" relativeResultsDirectory="bb8a7962-0c1a-45ac-a59d-f7b1cd03c602" />
    <UnitTestResult executionId="a111ded7-6e86-43ae-a94c-8860c1bcfb74" testId="f6e3f586-4536-48b4-98d2-a15029feef9b" testName="V3 composition (V1, V2)" computerName="DDBLD061B" duration="00:00:00.2080000" startTime="2015-04-27T07:09:03.3424173-07:00" endTime="2015-04-27T07:09:03.3424173-07:00" testType="13cdc9d9-ddb5-4fa4-a97d-d965ccfc6d4b" outcome="Passed" testListId="8c84fa94-04c1-424b-9868-57a2d4851a1d" relativeResultsDirectory="a111ded7-6e86-43ae-a94c-8860c1bcfb74">
      <Output>
        <StdOut>Catalog AttributedPartDiscoveryV1 vs. AttributedPartDiscovery
      Part
          Type: Microsoft.VisualStudio.Composition.Tests.NamedTypedExportTests+Apple
+         Part metadata:
+             SharingBoundary = 
          SharingBoundary: 
-         IsSharingBoundaryInferred: True
-         CreationPolicy: Any
+         IsSharingBoundaryInferred: False
+         CreationPolicy: Shared
          OnImportsSatisfied: &lt;null&gt;
          ExportedTypes:
              ExportDefinition
                  ContractName: Microsoft.VisualStudio.Composition.Tests.NamedTypedExportTests+Fruit
                  Metadata:
                      ExportTypeIdentity = Microsoft.VisualStudio.Composition.Tests.NamedTypedExportTests+Fruit
+                     System.ComponentModel.Composition.CreationPolicy = Shared
          ExportingMembers:
          ImportingMembers:
          ImportingConstructor:</StdOut>
      </Output>
    </UnitTestResult>
    <UnitTestResult executionId="c977b108-bae2-4a0c-9689-3759e0f26628" testId="b16ef4c0-34a6-4ec5-821b-97125a2e0faa" testName="V3 composition (V1)" computerName="DDBLD061B" duration="00:00:00.0530000" startTime="2015-04-27T07:09:03.3424173-07:00" endTime="2015-04-27T07:09:03.3424173-07:00" testType="13cdc9d9-ddb5-4fa4-a97d-d965ccfc6d4b" outcome="Passed" testListId="8c84fa94-04c1-424b-9868-57a2d4851a1d" relativeResultsDirectory="c977b108-bae2-4a0c-9689-3759e0f26628" />
    <UnitTestResult executionId="dde27da9-1909-442b-9311-06668961993f" testId="f084a8fe-4b98-4597-96e6-58b855628f43" testName="V3 composition (V1, V2)" computerName="DDBLD061B" duration="00:00:00.0760000" startTime="2015-04-27T07:09:03.3424173-07:00" endTime="2015-04-27T07:09:03.3424173-07:00" testType="13cdc9d9-ddb5-4fa4-a97d-d965ccfc6d4b" outcome="Passed" testListId="8c84fa94-04c1-424b-9868-57a2d4851a1d" relativeResultsDirectory="dde27da9-1909-442b-9311-06668961993f" />
    <UnitTestResult executionId="34cfaf80-810c-40b3-96ec-7e757daadb81" testId="f9aad84b-0618-482e-8ec6-32c9bdbf5e7c" testName="V3 engine (runtime)" computerName="DDBLD061B" duration="00:00:00.0210000" startTime="2015-04-27T07:09:03.3424173-07:00" endTime="2015-04-27T07:09:03.3424173-07:00" testType="13cdc9d9-ddb5-4fa4-a97d-d965ccfc6d4b" outcome="Passed" testListId="8c84fa94-04c1-424b-9868-57a2d4851a1d" relativeResultsDirectory="34cfaf80-810c-40b3-96ec-7e757daadb81" />
    <UnitTestResult executionId="88a5668b-4fe6-45a5-84f2-d3bb811b9bb0" testId="e0308d13-4baf-4cc0-a273-5a6df3ceb40a" testName="V3 engine (runtime)" computerName="DDBLD061B" duration="00:00:00.0010000" startTime="2015-04-27T07:09:03.3424173-07:00" endTime="2015-04-27T07:09:03.3424173-07:00" testType="13cdc9d9-ddb5-4fa4-a97d-d965ccfc6d4b" outcome="Passed" testListId="8c84fa94-04c1-424b-9868-57a2d4851a1d" relativeResultsDirectory="88a5668b-4fe6-45a5-84f2-d3bb811b9bb0" />
    <UnitTestResult executionId="dd2d2439-98b3-4b26-97f0-eb5ec55ef634" testId="aae72449-5804-49fa-b6db-25cba238cf94" testName="V3 engine (runtime)" computerName="DDBLD061B" duration="00:00:00.0010000" startTime="2015-04-27T07:09:03.3424173-07:00" endTime="2015-04-27T07:09:03.3424173-07:00" testType="13cdc9d9-ddb5-4fa4-a97d-d965ccfc6d4b" outcome="Passed" testListId="8c84fa94-04c1-424b-9868-57a2d4851a1d" relativeResultsDirectory="dd2d2439-98b3-4b26-97f0-eb5ec55ef634" />
    <UnitTestResult executionId="6da6e345-56dc-4b76-ab2e-4d351a03bf6a" testId="d9bfe541-82e1-4bf3-bca4-ac1bdcc8a655" testName="V3 composition (V1, V2)" computerName="DDBLD061B" duration="00:00:00.0970000" startTime="2015-04-27T07:09:03.7017154-07:00" endTime="2015-04-27T07:09:03.7017154-07:00" testType="13cdc9d9-ddb5-4fa4-a97d-d965ccfc6d4b" outcome="Passed" testListId="8c84fa94-04c1-424b-9868-57a2d4851a1d" relativeResultsDirectory="6da6e345-56dc-4b76-ab2e-4d351a03bf6a" />
    <UnitTestResult executionId="1c00c011-d8a2-4b6a-adde-eee4fa2daded" testId="6741a883-645c-477b-a959-9a1032819f3b" testName="V3 engine (runtime)" computerName="DDBLD061B" duration="00:00:00.0020000" startTime="2015-04-27T07:09:03.7017154-07:00" endTime="2015-04-27T07:09:03.7017154-07:00" testType="13cdc9d9-ddb5-4fa4-a97d-d965ccfc6d4b" outcome="Passed" testListId="8c84fa94-04c1-424b-9868-57a2d4851a1d" relativeResultsDirectory="1c00c011-d8a2-4b6a-adde-eee4fa2daded" />
    <UnitTestResult executionId="f320ba4b-b490-4fc3-bc31-e4fc6b412709" testId="76ba81aa-fda2-40c2-8420-4eca1435e97f" testName="V3 composition (V1, V2)" computerName="DDBLD061B" duration="00:00:00.1140000" startTime="2015-04-27T07:09:03.7017154-07:00" endTime="2015-04-27T07:09:03.7017154-07:00" testType="13cdc9d9-ddb5-4fa4-a97d-d965ccfc6d4b" outcome="Passed" testListId="8c84fa94-04c1-424b-9868-57a2d4851a1d" relativeResultsDirectory="f320ba4b-b490-4fc3-bc31-e4fc6b412709">
      <Output>
        <StdOut>Catalog AttributedPartDiscoveryV1 vs. AttributedPartDiscovery
      Part
          Type: Microsoft.VisualStudio.Composition.Tests.ExportProviderTests+SomeOtherPart
+         Part metadata:
+             SharingBoundary = 
          SharingBoundary: 
-         IsSharingBoundaryInferred: True
-         CreationPolicy: Any
+         IsSharingBoundaryInferred: False
+         CreationPolicy: Shared
          OnImportsSatisfied: &lt;null&gt;
          ExportedTypes:
              ExportDefinition
                  ContractName: Microsoft.VisualStudio.Composition.Tests.ExportProviderTests+SomeOtherPart
                  Metadata:
                      ExportTypeIdentity = Microsoft.VisualStudio.Composition.Tests.ExportProviderTests+SomeOtherPart
                      A = 1
+                     System.ComponentModel.Composition.CreationPolicy = Shared
          ExportingMembers:
          ImportingMembers:
          ImportingConstructor:</StdOut>
      </Output>
    </UnitTestResult>
    <UnitTestResult executionId="cf7be3a1-8334-4d88-928f-d1c3f2578c61" testId="b87b7ca5-0f4d-43c7-a621-1d8907d75259" testName="V3 engine (runtime)" computerName="DDBLD061B" duration="00:00:00.0010000" startTime="2015-04-27T07:09:03.7017154-07:00" endTime="2015-04-27T07:09:03.7017154-07:00" testType="13cdc9d9-ddb5-4fa4-a97d-d965ccfc6d4b" outcome="Passed" testListId="8c84fa94-04c1-424b-9868-57a2d4851a1d" relativeResultsDirectory="cf7be3a1-8334-4d88-928f-d1c3f2578c61" />
    <UnitTestResult executionId="7aa6e6ee-039d-4b32-ad38-ec8c31fd67c0" testId="4005cab8-61bd-44e0-92ae-a1514311f0f8" testName="V1" computerName="DDBLD061B" duration="00:00:00.0030000" startTime="2015-04-27T07:09:03.7017154-07:00" endTime="2015-04-27T07:09:03.7017154-07:00" testType="13cdc9d9-ddb5-4fa4-a97d-d965ccfc6d4b" outcome="Passed" testListId="8c84fa94-04c1-424b-9868-57a2d4851a1d" relativeResultsDirectory="7aa6e6ee-039d-4b32-ad38-ec8c31fd67c0" />
    <UnitTestResult executionId="97747920-247c-47a3-b566-2784c51bf826" testId="4891b6fc-d80b-4f56-8676-2ec1367aba35" testName="V3 engine (runtime)" computerName="DDBLD061B" duration="00:00:00.0010000" startTime="2015-04-27T07:09:03.7017154-07:00" endTime="2015-04-27T07:09:03.7017154-07:00" testType="13cdc9d9-ddb5-4fa4-a97d-d965ccfc6d4b" outcome="Passed" testListId="8c84fa94-04c1-424b-9868-57a2d4851a1d" relativeResultsDirectory="97747920-247c-47a3-b566-2784c51bf826" />
    <UnitTestResult executionId="34600760-4cca-4d26-b60d-f6074ca136a9" testId="3b47fa33-5125-4c77-adf7-f39c2736e4d5" testName="V3 composition (V1)" computerName="DDBLD061B" duration="00:00:00.0460000" startTime="2015-04-27T07:09:03.7017154-07:00" endTime="2015-04-27T07:09:03.7017154-07:00" testType="13cdc9d9-ddb5-4fa4-a97d-d965ccfc6d4b" outcome="Passed" testListId="8c84fa94-04c1-424b-9868-57a2d4851a1d" relativeResultsDirectory="34600760-4cca-4d26-b60d-f6074ca136a9" />
    <UnitTestResult executionId="99ebb9f1-40c5-4e1f-8034-6788f6a0fe24" testId="d5c1eb50-f21f-48c9-b2ce-ac7fb21be54a" testName="V3 engine (runtime)" computerName="DDBLD061B" duration="00:00:00.2180000" startTime="2015-04-27T07:09:03.7017154-07:00" endTime="2015-04-27T07:09:03.7017154-07:00" testType="13cdc9d9-ddb5-4fa4-a97d-d965ccfc6d4b" outcome="Passed" testListId="8c84fa94-04c1-424b-9868-57a2d4851a1d" relativeResultsDirectory="99ebb9f1-40c5-4e1f-8034-6788f6a0fe24" />
    <UnitTestResult executionId="876263eb-7136-4dc9-8d4c-3c0bd2923918" testId="970105f7-cd6e-47d8-b9f5-f05fc416d1d1" testName="V1" computerName="DDBLD061B" duration="00:00:00.0010000" startTime="2015-04-27T07:09:03.7017154-07:00" endTime="2015-04-27T07:09:03.7017154-07:00" testType="13cdc9d9-ddb5-4fa4-a97d-d965ccfc6d4b" outcome="Passed" testListId="8c84fa94-04c1-424b-9868-57a2d4851a1d" relativeResultsDirectory="876263eb-7136-4dc9-8d4c-3c0bd2923918" />
    <UnitTestResult executionId="5d399a2e-2ca4-46ea-bfb8-8ddfd7f030bd" testId="d1eb8ac4-b2cc-4498-9489-8139dfafbf0b" testName="V3 engine (runtime)" computerName="DDBLD061B" duration="00:00:00.0010000" startTime="2015-04-27T07:09:04.0767099-07:00" endTime="2015-04-27T07:09:04.0767099-07:00" testType="13cdc9d9-ddb5-4fa4-a97d-d965ccfc6d4b" outcome="Passed" testListId="8c84fa94-04c1-424b-9868-57a2d4851a1d" relativeResultsDirectory="5d399a2e-2ca4-46ea-bfb8-8ddfd7f030bd" />
    <UnitTestResult executionId="2bfa2152-ab57-4125-ab87-3ea39dec58bc" testId="9a0432e6-ef34-48e7-a373-ec4a700b44bf" testName="V2" computerName="DDBLD061B" duration="00:00:00.0010000" startTime="2015-04-27T07:09:04.0767099-07:00" endTime="2015-04-27T07:09:04.0767099-07:00" testType="13cdc9d9-ddb5-4fa4-a97d-d965ccfc6d4b" outcome="Passed" testListId="8c84fa94-04c1-424b-9868-57a2d4851a1d" relativeResultsDirectory="2bfa2152-ab57-4125-ab87-3ea39dec58bc" />
    <UnitTestResult executionId="15ae0bb4-c750-42dd-9fbe-03089fecd841" testId="eda06243-5297-4721-8bbb-582cc0fd2eee" testName="ValidMultiplePaths" computerName="DDBLD061B" duration="00:00:00.0110000" startTime="2015-04-27T07:09:04.0767099-07:00" endTime="2015-04-27T07:09:04.0767099-07:00" testType="13cdc9d9-ddb5-4fa4-a97d-d965ccfc6d4b" outcome="Passed" testListId="8c84fa94-04c1-424b-9868-57a2d4851a1d" relativeResultsDirectory="15ae0bb4-c750-42dd-9fbe-03089fecd841" />
    <UnitTestResult executionId="ee287928-3acc-413e-85cb-f19e3b4ed866" testId="9e1c7612-dbe5-4ebd-811e-1d20c5a09d44" testName="V1" computerName="DDBLD061B" duration="00:00:00.0020000" startTime="2015-04-27T07:09:04.0767099-07:00" endTime="2015-04-27T07:09:04.0767099-07:00" testType="13cdc9d9-ddb5-4fa4-a97d-d965ccfc6d4b" outcome="Passed" testListId="8c84fa94-04c1-424b-9868-57a2d4851a1d" relativeResultsDirectory="ee287928-3acc-413e-85cb-f19e3b4ed866" />
    <UnitTestResult executionId="df493d1c-212d-4c2e-9fef-78748196e9bd" testId="86aa7ec9-d57c-4f47-a5b8-d0495b2c782e" testName="V2" computerName="DDBLD061B" duration="00:00:00.0020000" startTime="2015-04-27T07:09:04.0767099-07:00" endTime="2015-04-27T07:09:04.0767099-07:00" testType="13cdc9d9-ddb5-4fa4-a97d-d965ccfc6d4b" outcome="Passed" testListId="8c84fa94-04c1-424b-9868-57a2d4851a1d" relativeResultsDirectory="df493d1c-212d-4c2e-9fef-78748196e9bd" />
    <UnitTestResult executionId="604fb3c2-5800-4bfb-be69-cef9f9bfa7fa" testId="af6e0302-03f4-4c7a-89d3-e4c9031d0798" testName="V3 engine (runtime)" computerName="DDBLD061B" duration="00:00:00.0010000" startTime="2015-04-27T07:09:04.0767099-07:00" endTime="2015-04-27T07:09:04.0767099-07:00" testType="13cdc9d9-ddb5-4fa4-a97d-d965ccfc6d4b" outcome="Passed" testListId="8c84fa94-04c1-424b-9868-57a2d4851a1d" relativeResultsDirectory="604fb3c2-5800-4bfb-be69-cef9f9bfa7fa" />
    <UnitTestResult executionId="e58e0448-3c97-44e8-bae7-5d3fb50d5bc3" testId="1799135d-7ac5-4c04-8a46-a6df3baf470d" testName="V3 engine (runtime)" computerName="DDBLD061B" duration="00:00:00.0010000" startTime="2015-04-27T07:09:04.0767099-07:00" endTime="2015-04-27T07:09:04.0767099-07:00" testType="13cdc9d9-ddb5-4fa4-a97d-d965ccfc6d4b" outcome="Passed" testListId="8c84fa94-04c1-424b-9868-57a2d4851a1d" relativeResultsDirectory="e58e0448-3c97-44e8-bae7-5d3fb50d5bc3" />
    <UnitTestResult executionId="86890c96-1260-4661-b251-65961fb453ab" testId="2ffe4383-a2c4-418f-80d6-30054e0e3a51" testName="V3 engine (runtime)" computerName="DDBLD061B" duration="00:00:00.0010000" startTime="2015-04-27T07:09:04.0767099-07:00" endTime="2015-04-27T07:09:04.0767099-07:00" testType="13cdc9d9-ddb5-4fa4-a97d-d965ccfc6d4b" outcome="Passed" testListId="8c84fa94-04c1-424b-9868-57a2d4851a1d" relativeResultsDirectory="86890c96-1260-4661-b251-65961fb453ab" />
    <UnitTestResult executionId="3de69bf9-761c-4c5f-9610-63fa56ad7520" testId="c775a895-18aa-4d1b-b0c6-de202b5c9b17" testName="V1" computerName="DDBLD061B" duration="00:00:00.0020000" startTime="2015-04-27T07:09:04.3423312-07:00" endTime="2015-04-27T07:09:04.3423312-07:00" testType="13cdc9d9-ddb5-4fa4-a97d-d965ccfc6d4b" outcome="Passed" testListId="8c84fa94-04c1-424b-9868-57a2d4851a1d" relativeResultsDirectory="3de69bf9-761c-4c5f-9610-63fa56ad7520" />
    <UnitTestResult executionId="10a9ef62-6760-4e71-af08-fcdaac675e3e" testId="39ce2db5-eb2d-48e2-a49e-0b9698ca2076" testName="V1" computerName="DDBLD061B" duration="00:00:00.0020000" startTime="2015-04-27T07:09:04.3423312-07:00" endTime="2015-04-27T07:09:04.3423312-07:00" testType="13cdc9d9-ddb5-4fa4-a97d-d965ccfc6d4b" outcome="Passed" testListId="8c84fa94-04c1-424b-9868-57a2d4851a1d" relativeResultsDirectory="10a9ef62-6760-4e71-af08-fcdaac675e3e" />
    <UnitTestResult executionId="61bfa3de-3bb1-46ae-8504-d99e3299a7ea" testId="1009ceb0-b25d-4e97-8dd5-e5eeb02b4e3e" testName="V1" computerName="DDBLD061B" duration="00:00:00.0140000" startTime="2015-04-27T07:09:04.3423312-07:00" endTime="2015-04-27T07:09:04.3423312-07:00" testType="13cdc9d9-ddb5-4fa4-a97d-d965ccfc6d4b" outcome="Passed" testListId="8c84fa94-04c1-424b-9868-57a2d4851a1d" relativeResultsDirectory="61bfa3de-3bb1-46ae-8504-d99e3299a7ea" />
    <UnitTestResult executionId="7095a51e-99b5-42e8-bf44-fec258884b97" testId="f9738270-fe26-47ad-9a14-d622272a9553" testName="V2" computerName="DDBLD061B" duration="00:00:00.0080000" startTime="2015-04-27T07:09:04.3423312-07:00" endTime="2015-04-27T07:09:04.3423312-07:00" testType="13cdc9d9-ddb5-4fa4-a97d-d965ccfc6d4b" outcome="Passed" testListId="8c84fa94-04c1-424b-9868-57a2d4851a1d" relativeResultsDirectory="7095a51e-99b5-42e8-bf44-fec258884b97" />
    <UnitTestResult executionId="d6fb86e0-06f0-493f-9ed2-4fe70d8e703b" testId="18aa6010-7f72-4674-b91f-871d454e530f" testName="V3 engine (runtime)" computerName="DDBLD061B" duration="00:00:00.0010000" startTime="2015-04-27T07:09:04.3423312-07:00" endTime="2015-04-27T07:09:04.3423312-07:00" testType="13cdc9d9-ddb5-4fa4-a97d-d965ccfc6d4b" outcome="Passed" testListId="8c84fa94-04c1-424b-9868-57a2d4851a1d" relativeResultsDirectory="d6fb86e0-06f0-493f-9ed2-4fe70d8e703b" />
    <UnitTestResult executionId="53bed389-73d1-45c4-b51b-e86e32c5b00a" testId="9f1ee892-49c9-4d96-adbf-4fb21db3facd" testName="V3 composition (V1, V2)" computerName="DDBLD061B" duration="00:00:00.0870000" startTime="2015-04-27T07:09:04.3423312-07:00" endTime="2015-04-27T07:09:04.3423312-07:00" testType="13cdc9d9-ddb5-4fa4-a97d-d965ccfc6d4b" outcome="Passed" testListId="8c84fa94-04c1-424b-9868-57a2d4851a1d" relativeResultsDirectory="53bed389-73d1-45c4-b51b-e86e32c5b00a" />
    <UnitTestResult executionId="eabc4983-68ed-43d2-b09b-21c54d506bfd" testId="3fb966a2-252f-41d7-bc01-7795b1aa21dd" testName="V3 composition (V1, V2)" computerName="DDBLD061B" duration="00:00:00.1290000" startTime="2015-04-27T07:09:04.3423312-07:00" endTime="2015-04-27T07:09:04.3423312-07:00" testType="13cdc9d9-ddb5-4fa4-a97d-d965ccfc6d4b" outcome="Passed" testListId="8c84fa94-04c1-424b-9868-57a2d4851a1d" relativeResultsDirectory="eabc4983-68ed-43d2-b09b-21c54d506bfd">
      <Output>
        <StdOut>Catalog AttributedPartDiscoveryV1 vs. AttributedPartDiscovery
      Part
          Type: Microsoft.VisualStudio.Composition.Tests.ImportingConstructorTests+SimpleImportingConstructorPart
          SharingBoundary: &lt;null&gt;
          IsSharingBoundaryInferred: False
          CreationPolicy: NonShared
          OnImportsSatisfied: &lt;null&gt;
          ExportedTypes:
              ExportDefinition
                  ContractName: Microsoft.VisualStudio.Composition.Tests.ImportingConstructorTests+SimpleImportingConstructorPart
                  Metadata:
                      ExportTypeIdentity = Microsoft.VisualStudio.Composition.Tests.ImportingConstructorTests+SimpleImportingConstructorPart
                      System.ComponentModel.Composition.CreationPolicy = NonShared
          ExportingMembers:
          ImportingMembers:
          ImportingConstructor:
              ImportDefinition:
                  ContractName: Microsoft.VisualStudio.Composition.Tests.ImportingConstructorTests+RandomExport
                  Cardinality: ExactlyOne
                  Metadata:
                  ExportFactorySharingBoundaries: 
                  ExportConstraints: 
                      ExportTypeIdentityConstraint
                          TypeIdentityName: Microsoft.VisualStudio.Composition.Tests.ImportingConstructorTests+RandomExport
              ComposablePartType: Microsoft.VisualStudio.Composition.Tests.ImportingConstructorTests+SimpleImportingConstructorPart
              ImportingMember: 
              ParameterInfo: RandomExport export
              ImportingSiteType: Microsoft.VisualStudio.Composition.Tests.ImportingConstructorTests+RandomExport
      Part
          Type: Microsoft.VisualStudio.Composition.Tests.ImportingConstructorTests+RandomExport
          SharingBoundary: &lt;null&gt;
          IsSharingBoundaryInferred: False
          CreationPolicy: NonShared
          OnImportsSatisfied: &lt;null&gt;
          ExportedTypes:
              ExportDefinition
-                 ContractName: Microsoft.VisualStudio.Composition.Tests.ImportingConstructorTests+IRandomExport
-                 Metadata:
-                     ExportTypeIdentity = Microsoft.VisualStudio.Composition.Tests.ImportingConstructorTests+IRandomExport
-                     System.ComponentModel.Composition.CreationPolicy = NonShared
-                     SomeMetadata = 1
-             ExportDefinition
                  ContractName: Microsoft.VisualStudio.Composition.Tests.ImportingConstructorTests+RandomExport
                  Metadata:
                      ExportTypeIdentity = Microsoft.VisualStudio.Composition.Tests.ImportingConstructorTests+RandomExport
                      System.ComponentModel.Composition.CreationPolicy = NonShared
                      SomeMetadata = 1
          ExportingMembers:
          ImportingMembers:
          ImportingConstructor:</StdOut>
      </Output>
    </UnitTestResult>
    <UnitTestResult executionId="b5a39eae-c7d1-4359-987b-532c9f2706a1" testId="f809dbd4-00fd-456f-8007-d0d27eb2a987" testName="V1" computerName="DDBLD061B" duration="00:00:00.0030000" startTime="2015-04-27T07:09:04.8111383-07:00" endTime="2015-04-27T07:09:04.8111383-07:00" testType="13cdc9d9-ddb5-4fa4-a97d-d965ccfc6d4b" outcome="Passed" testListId="8c84fa94-04c1-424b-9868-57a2d4851a1d" relativeResultsDirectory="b5a39eae-c7d1-4359-987b-532c9f2706a1" />
    <UnitTestResult executionId="d2f047fc-f96d-4cdf-af01-e545a5860284" testId="d9dd9561-a8bd-48dd-a155-79650722458d" testName="V3 composition (V1)" computerName="DDBLD061B" duration="00:00:00.0350000" startTime="2015-04-27T07:09:04.8111383-07:00" endTime="2015-04-27T07:09:04.8111383-07:00" testType="13cdc9d9-ddb5-4fa4-a97d-d965ccfc6d4b" outcome="Passed" testListId="8c84fa94-04c1-424b-9868-57a2d4851a1d" relativeResultsDirectory="d2f047fc-f96d-4cdf-af01-e545a5860284" />
    <UnitTestResult executionId="357a9ca4-62b9-4bfd-9f4c-708f9ffe54e2" testId="92b567ca-c670-4ef3-82f6-6b66daf08e43" testName="V3 composition (V2)" computerName="DDBLD061B" duration="00:00:00.0360000" startTime="2015-04-27T07:09:04.8111383-07:00" endTime="2015-04-27T07:09:04.8111383-07:00" testType="13cdc9d9-ddb5-4fa4-a97d-d965ccfc6d4b" outcome="Passed" testListId="8c84fa94-04c1-424b-9868-57a2d4851a1d" relativeResultsDirectory="357a9ca4-62b9-4bfd-9f4c-708f9ffe54e2" />
    <UnitTestResult executionId="23ffdcbc-fb2d-457b-9c62-97eae8669fd4" testId="87ce9afe-da92-4ab1-b266-e97108946ac3" testName="V2" computerName="DDBLD061B" duration="00:00:00.0190000" startTime="2015-04-27T07:09:04.8111383-07:00" endTime="2015-04-27T07:09:04.8111383-07:00" testType="13cdc9d9-ddb5-4fa4-a97d-d965ccfc6d4b" outcome="Passed" testListId="8c84fa94-04c1-424b-9868-57a2d4851a1d" relativeResultsDirectory="23ffdcbc-fb2d-457b-9c62-97eae8669fd4" />
    <UnitTestResult executionId="ecc02c77-fd68-47a7-8962-8251c86afd7b" testId="d5472d8d-7eeb-4419-9496-d3d168e9ff71" testName="V3 engine (runtime)" computerName="DDBLD061B" duration="00:00:00.0010000" startTime="2015-04-27T07:09:04.8111383-07:00" endTime="2015-04-27T07:09:04.8111383-07:00" testType="13cdc9d9-ddb5-4fa4-a97d-d965ccfc6d4b" outcome="Passed" testListId="8c84fa94-04c1-424b-9868-57a2d4851a1d" relativeResultsDirectory="ecc02c77-fd68-47a7-8962-8251c86afd7b" />
    <UnitTestResult executionId="042c91b0-921b-40e8-a3f3-5fff3612995a" testId="7517f872-f4e8-4f4a-a73e-67343bf66149" testName="V3 composition (V1)" computerName="DDBLD061B" duration="00:00:00.0230000" startTime="2015-04-27T07:09:04.8111383-07:00" endTime="2015-04-27T07:09:04.8111383-07:00" testType="13cdc9d9-ddb5-4fa4-a97d-d965ccfc6d4b" outcome="Passed" testListId="8c84fa94-04c1-424b-9868-57a2d4851a1d" relativeResultsDirectory="042c91b0-921b-40e8-a3f3-5fff3612995a" />
    <UnitTestResult executionId="75943f3f-09c6-4fcb-be1f-6757ad99b75c" testId="be74043c-e259-4a4e-ae30-e04ffa55838a" testName="V3 engine (runtime)" computerName="DDBLD061B" duration="00:00:00.0110000" startTime="2015-04-27T07:09:04.8111383-07:00" endTime="2015-04-27T07:09:04.8111383-07:00" testType="13cdc9d9-ddb5-4fa4-a97d-d965ccfc6d4b" outcome="Passed" testListId="8c84fa94-04c1-424b-9868-57a2d4851a1d" relativeResultsDirectory="75943f3f-09c6-4fcb-be1f-6757ad99b75c" />
    <UnitTestResult executionId="b3be28a2-07b3-4a14-8b00-a59d2c54c185" testId="f3835c37-cab9-4820-a381-74e64c8e0f65" testName="V3 engine (runtime)" computerName="DDBLD061B" duration="00:00:00.0010000" startTime="2015-04-27T07:09:04.8111383-07:00" endTime="2015-04-27T07:09:04.8111383-07:00" testType="13cdc9d9-ddb5-4fa4-a97d-d965ccfc6d4b" outcome="Passed" testListId="8c84fa94-04c1-424b-9868-57a2d4851a1d" relativeResultsDirectory="b3be28a2-07b3-4a14-8b00-a59d2c54c185" />
    <UnitTestResult executionId="b365afe4-6250-4a5e-960b-44d0af94e240" testId="e5d0ef5a-4cfc-47b6-833f-54d414d20d2a" testName="V3 composition (V1)" computerName="DDBLD061B" duration="00:00:00.0120000" startTime="2015-04-27T07:09:04.8111383-07:00" endTime="2015-04-27T07:09:04.8111383-07:00" testType="13cdc9d9-ddb5-4fa4-a97d-d965ccfc6d4b" outcome="Passed" testListId="8c84fa94-04c1-424b-9868-57a2d4851a1d" relativeResultsDirectory="b365afe4-6250-4a5e-960b-44d0af94e240" />
    <UnitTestResult executionId="8261bfb4-3018-4e15-b694-555135bbb90b" testId="54fb00cd-8615-4645-b420-2a77193cef0a" testName="V3 engine (runtime)" computerName="DDBLD061B" duration="00:00:00.0010000" startTime="2015-04-27T07:09:05.1235708-07:00" endTime="2015-04-27T07:09:05.1235708-07:00" testType="13cdc9d9-ddb5-4fa4-a97d-d965ccfc6d4b" outcome="Passed" testListId="8c84fa94-04c1-424b-9868-57a2d4851a1d" relativeResultsDirectory="8261bfb4-3018-4e15-b694-555135bbb90b" />
    <UnitTestResult executionId="026e3a84-43c7-4447-97e7-dd0fb8750d51" testId="535cf483-03c6-4b96-a823-7e1880290d8b" testName="V1" computerName="DDBLD061B" duration="00:00:00.0020000" startTime="2015-04-27T07:09:05.1235708-07:00" endTime="2015-04-27T07:09:05.1235708-07:00" testType="13cdc9d9-ddb5-4fa4-a97d-d965ccfc6d4b" outcome="Passed" testListId="8c84fa94-04c1-424b-9868-57a2d4851a1d" relativeResultsDirectory="026e3a84-43c7-4447-97e7-dd0fb8750d51" />
    <UnitTestResult executionId="d8668846-1c2e-46a9-8a4e-0ae83c55f1d1" testId="22d096cc-7af7-40c3-a120-f63f2b83f7b7" testName="V3 engine (runtime)" computerName="DDBLD061B" duration="00:00:00.0010000" startTime="2015-04-27T07:09:05.1235708-07:00" endTime="2015-04-27T07:09:05.1235708-07:00" testType="13cdc9d9-ddb5-4fa4-a97d-d965ccfc6d4b" outcome="Passed" testListId="8c84fa94-04c1-424b-9868-57a2d4851a1d" relativeResultsDirectory="d8668846-1c2e-46a9-8a4e-0ae83c55f1d1" />
    <UnitTestResult executionId="731f9c9b-644c-411e-9682-42dadc0b47e3" testId="5ffd8839-e823-4dbd-9fd8-645b0f24f231" testName="V3 engine (runtime)" computerName="DDBLD061B" duration="00:00:00.0070000" startTime="2015-04-27T07:09:05.1235708-07:00" endTime="2015-04-27T07:09:05.1235708-07:00" testType="13cdc9d9-ddb5-4fa4-a97d-d965ccfc6d4b" outcome="Passed" testListId="8c84fa94-04c1-424b-9868-57a2d4851a1d" relativeResultsDirectory="731f9c9b-644c-411e-9682-42dadc0b47e3" />
    <UnitTestResult executionId="6dc2d08b-bd31-4402-b63d-23c57be107f3" testId="9998ad3d-3be5-4362-ac3c-8745ff570987" testName="V1" computerName="DDBLD061B" duration="00:00:00.0010000" startTime="2015-04-27T07:09:05.1235708-07:00" endTime="2015-04-27T07:09:05.1235708-07:00" testType="13cdc9d9-ddb5-4fa4-a97d-d965ccfc6d4b" outcome="Passed" testListId="8c84fa94-04c1-424b-9868-57a2d4851a1d" relativeResultsDirectory="6dc2d08b-bd31-4402-b63d-23c57be107f3" />
    <UnitTestResult executionId="2c71e921-818d-43c7-bfbc-fdef9b1762e2" testId="40a5a732-4bbf-4526-b011-e1e1df478c63" testName="V3 engine (runtime)" computerName="DDBLD061B" duration="00:00:00.0010000" startTime="2015-04-27T07:09:05.1235708-07:00" endTime="2015-04-27T07:09:05.1235708-07:00" testType="13cdc9d9-ddb5-4fa4-a97d-d965ccfc6d4b" outcome="Passed" testListId="8c84fa94-04c1-424b-9868-57a2d4851a1d" relativeResultsDirectory="2c71e921-818d-43c7-bfbc-fdef9b1762e2" />
    <UnitTestResult executionId="e5e519a2-ba75-4ace-bd63-5bdd8dabe648" testId="6c38c55e-c506-4db1-9517-6e7e422cfc44" testName="V3 composition (V1, V2)" computerName="DDBLD061B" duration="00:00:00.0480000" startTime="2015-04-27T07:09:05.3579436-07:00" endTime="2015-04-27T07:09:05.3579436-07:00" testType="13cdc9d9-ddb5-4fa4-a97d-d965ccfc6d4b" outcome="Passed" testListId="8c84fa94-04c1-424b-9868-57a2d4851a1d" relativeResultsDirectory="e5e519a2-ba75-4ace-bd63-5bdd8dabe648" />
    <UnitTestResult executionId="7bd0c577-ebbc-4f43-b0cc-8634e9bc0287" testId="886c63e4-8337-4e99-93ec-3274d10f6b01" testName="V1" computerName="DDBLD061B" duration="00:00:00.0010000" startTime="2015-04-27T07:09:05.3579436-07:00" endTime="2015-04-27T07:09:05.3579436-07:00" testType="13cdc9d9-ddb5-4fa4-a97d-d965ccfc6d4b" outcome="Passed" testListId="8c84fa94-04c1-424b-9868-57a2d4851a1d" relativeResultsDirectory="7bd0c577-ebbc-4f43-b0cc-8634e9bc0287" />
    <UnitTestResult executionId="6a714689-fdce-4fac-9110-3772dffd8183" testId="1aaec9cb-a4f5-47cb-8a76-d964637a74c9" testName="V1" computerName="DDBLD061B" duration="00:00:00.0010000" startTime="2015-04-27T07:09:05.3579436-07:00" endTime="2015-04-27T07:09:05.3579436-07:00" testType="13cdc9d9-ddb5-4fa4-a97d-d965ccfc6d4b" outcome="Passed" testListId="8c84fa94-04c1-424b-9868-57a2d4851a1d" relativeResultsDirectory="6a714689-fdce-4fac-9110-3772dffd8183" />
    <UnitTestResult executionId="4fae6b3a-cf60-4100-a879-fc64c87a2de5" testId="0d196169-47d1-4520-9902-8efe5fd26092" testName="V3 composition (V1, V2)" computerName="DDBLD061B" duration="00:00:00.0300000" startTime="2015-04-27T07:09:05.3579436-07:00" endTime="2015-04-27T07:09:05.3579436-07:00" testType="13cdc9d9-ddb5-4fa4-a97d-d965ccfc6d4b" outcome="Passed" testListId="8c84fa94-04c1-424b-9868-57a2d4851a1d" relativeResultsDirectory="4fae6b3a-cf60-4100-a879-fc64c87a2de5" />
    <UnitTestResult executionId="c7c541f9-79c0-4f32-b40d-e3790fb2cb79" testId="3bd04c1d-a808-41fd-b38d-291f2d612cb5" testName="V3 composition (V1, V2)" computerName="DDBLD061B" duration="00:00:00.0520000" startTime="2015-04-27T07:09:05.3579436-07:00" endTime="2015-04-27T07:09:05.3579436-07:00" testType="13cdc9d9-ddb5-4fa4-a97d-d965ccfc6d4b" outcome="Passed" testListId="8c84fa94-04c1-424b-9868-57a2d4851a1d" relativeResultsDirectory="c7c541f9-79c0-4f32-b40d-e3790fb2cb79">
      <Output>
        <StdOut>Catalog AttributedPartDiscoveryV1 vs. AttributedPartDiscovery
      Part
          Type: Microsoft.VisualStudio.Composition.Tests.InvalidGraphTests+PartWithMissingImport
-         SharingBoundary: 
-         IsSharingBoundaryInferred: True
-         CreationPolicy: Any
+         SharingBoundary: &lt;null&gt;
+         IsSharingBoundaryInferred: False
+         CreationPolicy: NonShared
          OnImportsSatisfied: &lt;null&gt;
          ExportedTypes:
              ExportDefinition
                  ContractName: Microsoft.VisualStudio.Composition.Tests.InvalidGraphTests+PartWithMissingImport
                  Metadata:
                      ExportTypeIdentity = Microsoft.VisualStudio.Composition.Tests.InvalidGraphTests+PartWithMissingImport
+                     System.ComponentModel.Composition.CreationPolicy = NonShared
          ExportingMembers:
          ImportingMembers:
              ImportDefinition:
                  ContractName: System.IFormattable
                  Cardinality: ExactlyOne
                  Metadata:
                  ExportFactorySharingBoundaries: 
                  ExportConstraints: 
                      ExportTypeIdentityConstraint
                          TypeIdentityName: System.IFormattable
              ComposablePartType: Microsoft.VisualStudio.Composition.Tests.InvalidGraphTests+PartWithMissingImport
              ImportingMember: System.IFormattable MissingImportProperty
              ParameterInfo: 
              ImportingSiteType: System.IFormattable
          ImportingConstructor:
      Part
          Type: Microsoft.VisualStudio.Composition.Tests.InvalidGraphTests+PartWithSatisfiedImports
-         SharingBoundary: 
-         IsSharingBoundaryInferred: True
-         CreationPolicy: Any
+         SharingBoundary: &lt;null&gt;
+         IsSharingBoundaryInferred: False
+         CreationPolicy: NonShared
          OnImportsSatisfied: &lt;null&gt;
          ExportedTypes:
              ExportDefinition
                  ContractName: Microsoft.VisualStudio.Composition.Tests.InvalidGraphTests+PartWithSatisfiedImports
                  Metadata:
                      ExportTypeIdentity = Microsoft.VisualStudio.Composition.Tests.InvalidGraphTests+PartWithSatisfiedImports
+                     System.ComponentModel.Composition.CreationPolicy = NonShared
          ExportingMembers:
          ImportingMembers:
              ImportDefinition:
                  ContractName: Microsoft.VisualStudio.Composition.Tests.InvalidGraphTests+SomePart
                  Cardinality: ExactlyOne
                  Metadata:
                  ExportFactorySharingBoundaries: 
                  ExportConstraints: 
                      ExportTypeIdentityConstraint
                          TypeIdentityName: Microsoft.VisualStudio.Composition.Tests.InvalidGraphTests+SomePart
              ComposablePartType: Microsoft.VisualStudio.Composition.Tests.InvalidGraphTests+PartWithSatisfiedImports
              ImportingMember: SomePart SatisfiedImport
              ParameterInfo: 
              ImportingSiteType: Microsoft.VisualStudio.Composition.Tests.InvalidGraphTests+SomePart
          ImportingConstructor:
      Part
          Type: Microsoft.VisualStudio.Composition.Tests.InvalidGraphTests+SomePart
-         SharingBoundary: 
-         IsSharingBoundaryInferred: True
-         CreationPolicy: Any
+         SharingBoundary: &lt;null&gt;
+         IsSharingBoundaryInferred: False
+         CreationPolicy: NonShared
          OnImportsSatisfied: &lt;null&gt;
          ExportedTypes:
              ExportDefinition
                  ContractName: Microsoft.VisualStudio.Composition.Tests.InvalidGraphTests+SomePart
                  Metadata:
                      ExportTypeIdentity = Microsoft.VisualStudio.Composition.Tests.InvalidGraphTests+SomePart
+                     System.ComponentModel.Composition.CreationPolicy = NonShared
          ExportingMembers:
          ImportingMembers:
          ImportingConstructor:</StdOut>
      </Output>
    </UnitTestResult>
    <UnitTestResult executionId="fb579070-6b4a-43a3-9b4c-1c1b41402e08" testId="bf620f38-c620-4c45-bb13-6fb6c3c77e6d" testName="V3 composition (V1)" computerName="DDBLD061B" duration="00:00:00.0210000" startTime="2015-04-27T07:09:05.3579436-07:00" endTime="2015-04-27T07:09:05.3579436-07:00" testType="13cdc9d9-ddb5-4fa4-a97d-d965ccfc6d4b" outcome="Passed" testListId="8c84fa94-04c1-424b-9868-57a2d4851a1d" relativeResultsDirectory="fb579070-6b4a-43a3-9b4c-1c1b41402e08" />
    <UnitTestResult executionId="f843e35c-17e6-4b0b-a71a-c92ea4355458" testId="3888aa4a-ae43-43b2-bb30-d545f4c9cbaf" testName="V1" computerName="DDBLD061B" duration="00:00:00.0030000" startTime="2015-04-27T07:09:05.3579436-07:00" endTime="2015-04-27T07:09:05.3579436-07:00" testType="13cdc9d9-ddb5-4fa4-a97d-d965ccfc6d4b" outcome="Passed" testListId="8c84fa94-04c1-424b-9868-57a2d4851a1d" relativeResultsDirectory="f843e35c-17e6-4b0b-a71a-c92ea4355458" />
    <UnitTestResult executionId="54647390-b4a5-4edf-aa07-efeeda3f56da" testId="cfeee072-3c36-4bb3-9435-97dfb1e9720c" testName="V2" computerName="DDBLD061B" duration="00:00:00.0040000" startTime="2015-04-27T07:09:05.3579436-07:00" endTime="2015-04-27T07:09:05.3579436-07:00" testType="13cdc9d9-ddb5-4fa4-a97d-d965ccfc6d4b" outcome="Passed" testListId="8c84fa94-04c1-424b-9868-57a2d4851a1d" relativeResultsDirectory="54647390-b4a5-4edf-aa07-efeeda3f56da" />
    <UnitTestResult executionId="1e00508e-b8a3-4ef6-993d-ed62f4613ec7" testId="226ec21b-1719-47a1-980e-f14dfef58e01" testName="V3 engine (runtime)" computerName="DDBLD061B" duration="00:00:00.0010000" startTime="2015-04-27T07:09:05.3579436-07:00" endTime="2015-04-27T07:09:05.3579436-07:00" testType="13cdc9d9-ddb5-4fa4-a97d-d965ccfc6d4b" outcome="Passed" testListId="8c84fa94-04c1-424b-9868-57a2d4851a1d" relativeResultsDirectory="1e00508e-b8a3-4ef6-993d-ed62f4613ec7" />
    <UnitTestResult executionId="9fff08db-9f3a-4e7c-8b29-58a4bb1119c4" testId="c2c07641-126f-49a8-b2f0-d7a42fca902e" testName="V1" computerName="DDBLD061B" duration="00:00:00.0020000" startTime="2015-04-27T07:09:06.2642498-07:00" endTime="2015-04-27T07:09:06.2642498-07:00" testType="13cdc9d9-ddb5-4fa4-a97d-d965ccfc6d4b" outcome="Passed" testListId="8c84fa94-04c1-424b-9868-57a2d4851a1d" relativeResultsDirectory="9fff08db-9f3a-4e7c-8b29-58a4bb1119c4" />
    <UnitTestResult executionId="fabb6640-c952-46ee-8c00-91baaa02f447" testId="a4f68dfe-368d-4e8c-b0ad-65427d04a87f" testName="V3 engine (runtime)" computerName="DDBLD061B" duration="00:00:00.0010000" startTime="2015-04-27T07:09:06.2642498-07:00" endTime="2015-04-27T07:09:06.2642498-07:00" testType="13cdc9d9-ddb5-4fa4-a97d-d965ccfc6d4b" outcome="Passed" testListId="8c84fa94-04c1-424b-9868-57a2d4851a1d" relativeResultsDirectory="fabb6640-c952-46ee-8c00-91baaa02f447" />
    <UnitTestResult executionId="cd8cb24d-9ec3-4cb2-9975-80dca4870d32" testId="f170bdd6-ca48-4d45-b260-7cc2becff579" testName="V1" computerName="DDBLD061B" duration="00:00:00.0010000" startTime="2015-04-27T07:09:06.2642498-07:00" endTime="2015-04-27T07:09:06.2642498-07:00" testType="13cdc9d9-ddb5-4fa4-a97d-d965ccfc6d4b" outcome="Passed" testListId="8c84fa94-04c1-424b-9868-57a2d4851a1d" relativeResultsDirectory="cd8cb24d-9ec3-4cb2-9975-80dca4870d32" />
    <UnitTestResult executionId="bf7aa5f5-3be4-47dc-83fd-6ec4138586e7" testId="ca16c766-23d8-4a80-8553-c47f6abe4482" testName="V3 engine (runtime)" computerName="DDBLD061B" duration="00:00:00.0010000" startTime="2015-04-27T07:09:06.2642498-07:00" endTime="2015-04-27T07:09:06.2642498-07:00" testType="13cdc9d9-ddb5-4fa4-a97d-d965ccfc6d4b" outcome="Passed" testListId="8c84fa94-04c1-424b-9868-57a2d4851a1d" relativeResultsDirectory="bf7aa5f5-3be4-47dc-83fd-6ec4138586e7" />
    <UnitTestResult executionId="55f45160-ea64-4dfb-8224-0b3d83f18922" testId="6043de53-7294-4659-9d1c-b159403b72ba" testName="V2" computerName="DDBLD061B" duration="00:00:00.0010000" startTime="2015-04-27T07:09:06.2642498-07:00" endTime="2015-04-27T07:09:06.2642498-07:00" testType="13cdc9d9-ddb5-4fa4-a97d-d965ccfc6d4b" outcome="Passed" testListId="8c84fa94-04c1-424b-9868-57a2d4851a1d" relativeResultsDirectory="55f45160-ea64-4dfb-8224-0b3d83f18922" />
    <UnitTestResult executionId="3fb999ff-ba96-45de-9048-7593ced0dbcc" testId="351bad00-5138-4ed4-8935-9978b51d4f82" testName="V3 composition (V1, V2)" computerName="DDBLD061B" duration="00:00:00.0670000" startTime="2015-04-27T07:09:06.2642498-07:00" endTime="2015-04-27T07:09:06.2642498-07:00" testType="13cdc9d9-ddb5-4fa4-a97d-d965ccfc6d4b" outcome="Passed" testListId="8c84fa94-04c1-424b-9868-57a2d4851a1d" relativeResultsDirectory="3fb999ff-ba96-45de-9048-7593ced0dbcc" />
    <UnitTestResult executionId="9d0ba1f3-3e84-45a5-ab6c-1793acf40990" testId="6f9d8089-42e9-4776-9630-cfe0e45d9733" testName="V3 engine (runtime)" computerName="DDBLD061B" duration="00:00:00.0020000" startTime="2015-04-27T07:09:06.2642498-07:00" endTime="2015-04-27T07:09:06.2642498-07:00" testType="13cdc9d9-ddb5-4fa4-a97d-d965ccfc6d4b" outcome="Passed" testListId="8c84fa94-04c1-424b-9868-57a2d4851a1d" relativeResultsDirectory="9d0ba1f3-3e84-45a5-ab6c-1793acf40990" />
    <UnitTestResult executionId="b80f7293-76e0-4406-88dc-ec6c6905dd9f" testId="29aa8f70-fdd4-4b72-9c8d-7e97457b99a6" testName="V1" computerName="DDBLD061B" duration="00:00:00.0030000" startTime="2015-04-27T07:09:06.2642498-07:00" endTime="2015-04-27T07:09:06.2642498-07:00" testType="13cdc9d9-ddb5-4fa4-a97d-d965ccfc6d4b" outcome="Passed" testListId="8c84fa94-04c1-424b-9868-57a2d4851a1d" relativeResultsDirectory="b80f7293-76e0-4406-88dc-ec6c6905dd9f" />
    <UnitTestResult executionId="f6f3f7ce-4a2b-4b64-9906-852a1dccbb2f" testId="b359a48d-515c-4d05-a3c3-4885cb605931" testName="V3 composition (V1)" computerName="DDBLD061B" duration="00:00:00.0690000" startTime="2015-04-27T07:09:06.2642498-07:00" endTime="2015-04-27T07:09:06.2642498-07:00" testType="13cdc9d9-ddb5-4fa4-a97d-d965ccfc6d4b" outcome="Passed" testListId="8c84fa94-04c1-424b-9868-57a2d4851a1d" relativeResultsDirectory="f6f3f7ce-4a2b-4b64-9906-852a1dccbb2f" />
    <UnitTestResult executionId="421cec7d-77a8-406f-9855-ccb753a36f41" testId="36e03fcd-a82b-4ac3-b163-787bfa423f4e" testName="V3 composition (V1)" computerName="DDBLD061B" duration="00:00:00.0670000" startTime="2015-04-27T07:09:06.2642498-07:00" endTime="2015-04-27T07:09:06.2642498-07:00" testType="13cdc9d9-ddb5-4fa4-a97d-d965ccfc6d4b" outcome="Passed" testListId="8c84fa94-04c1-424b-9868-57a2d4851a1d" relativeResultsDirectory="421cec7d-77a8-406f-9855-ccb753a36f41">
      <Output>
        <StdOut>Catalog BeforeSerialization vs. AfterSerialization
      Part
          Type: Microsoft.VisualStudio.Composition.ExportMetadataViewInterfaceEmitProxy+MetadataViewProxyProvider
          Part metadata:
              VsMEFDgmlCategories = System.String[]
          SharingBoundary: &lt;null&gt;
          IsSharingBoundaryInferred: False
          CreationPolicy: NonShared
          OnImportsSatisfied: &lt;null&gt;
          ExportedTypes:
              ExportDefinition
                  ContractName: Microsoft.VisualStudio.Composition.IMetadataViewProvider
                  Metadata:
                      ExportTypeIdentity = Microsoft.VisualStudio.Composition.IMetadataViewProvider
                      System.ComponentModel.Composition.CreationPolicy = NonShared
                      OrderPrecedence = 50
          ExportingMembers:
          ImportingMembers:
          ImportingConstructor:
      Part
          Type: Microsoft.VisualStudio.Composition.NetFxAdapters+CompositionService
          Part metadata:
              VsMEFDgmlCategories = System.String[]
          SharingBoundary: &lt;null&gt;
          IsSharingBoundaryInferred: False
          CreationPolicy: NonShared
          OnImportsSatisfied: &lt;null&gt;
          ExportedTypes:
              ExportDefinition
                  ContractName: System.ComponentModel.Composition.ICompositionService
                  Metadata:
                      ExportTypeIdentity = System.ComponentModel.Composition.ICompositionService
                      System.ComponentModel.Composition.CreationPolicy = NonShared
          ExportingMembers:
          ImportingMembers:
          ImportingConstructor:
              ImportDefinition:
                  ContractName: Microsoft.VisualStudio.Composition.ExportProvider
                  Cardinality: ExactlyOne
                  Metadata:
                  ExportFactorySharingBoundaries: 
                  ExportConstraints: 
                      ExportTypeIdentityConstraint
                          TypeIdentityName: Microsoft.VisualStudio.Composition.ExportProvider
              ComposablePartType: Microsoft.VisualStudio.Composition.NetFxAdapters+CompositionService
              ImportingMember: 
              ParameterInfo: Microsoft.VisualStudio.Composition.ExportProvider exportProvider
              ImportingSiteType: Microsoft.VisualStudio.Composition.ExportProvider
      Part
          Type: Microsoft.VisualStudio.Composition.NetFxAdapters+MetadataViewImplProxy
          Part metadata:
              VsMEFDgmlCategories = System.String[]
          SharingBoundary: 
          IsSharingBoundaryInferred: True
          CreationPolicy: Any
          OnImportsSatisfied: &lt;null&gt;
          ExportedTypes:
              ExportDefinition
                  ContractName: Microsoft.VisualStudio.Composition.IMetadataViewProvider
                  Metadata:
                      ExportTypeIdentity = Microsoft.VisualStudio.Composition.IMetadataViewProvider
                      OrderPrecedence = 100
          ExportingMembers:
          ImportingMembers:
          ImportingConstructor:
      Part
          Type: Microsoft.VisualStudio.Composition.NetFxAdapters+AssemblyLoadCodeBasePathLoader
          Part metadata:
              VsMEFDgmlCategories = System.String[]
          SharingBoundary: 
          IsSharingBoundaryInferred: True
          CreationPolicy: Any
          OnImportsSatisfied: &lt;null&gt;
          ExportedTypes:
              ExportDefinition
                  ContractName: Microsoft.VisualStudio.Composition.IAssemblyLoader
                  Metadata:
                      ExportTypeIdentity = Microsoft.VisualStudio.Composition.IAssemblyLoader
                      OrderPrecedence = 100
          ExportingMembers:
          ImportingMembers:
          ImportingConstructor:
      Part
          Type: Microsoft.VisualStudio.Composition.Tests.ExportingMembersTests+ExportingMembersClass
          SharingBoundary: 
          IsSharingBoundaryInferred: True
          CreationPolicy: Any
          OnImportsSatisfied: &lt;null&gt;
          ExportedTypes:
          ExportingMembers:
+             Field
+                 ContractName: Field
+                 Metadata:
+                     ExportTypeIdentity = System.String
+                 ContractName: Field_Extra_Export
+                 Metadata:
+                     ExportTypeIdentity = System.String
              SomeAction
                  ContractName: Method
                  Metadata:
                      ExportTypeIdentity = System.Void()
                      A = b
                  ContractName: Method_Extra_Export
                  Metadata:
                      ExportTypeIdentity = System.Void()
                      A = b
              SomeAction
                  ContractName: Method
                  Metadata:
                      ExportTypeIdentity = System.Void(System.Int32,System.String)
                      A = b
              SomeFunc
                  ContractName: Method
                  Metadata:
                      ExportTypeIdentity = System.Boolean()
                      A = b
              SomeFunc
                  ContractName: Method
                  Metadata:
                      ExportTypeIdentity = System.Boolean(System.Int32,System.String)
                      A = b
              Property
                  ContractName: Property
                  Metadata:
                      ExportTypeIdentity = System.String
                  ContractName: Property_Extra_Export
                  Metadata:
                      ExportTypeIdentity = System.String
              PropertyGenericType
                  ContractName: PropertyGenericType
                  Metadata:
                      ExportTypeIdentity = System.Collections.Generic.Comparer(System.Int32)
              DelegateReturningProperty
                  ContractName: DelegateReturningProperty
                  Metadata:
                      ExportTypeIdentity = System.String(System.String)
                      A = b
-             Field
-                 ContractName: Field
-                 Metadata:
-                     ExportTypeIdentity = System.String
-                 ContractName: Field_Extra_Export
-                 Metadata:
-                     ExportTypeIdentity = System.String
          ImportingMembers:
          ImportingConstructor:</StdOut>
      </Output>
    </UnitTestResult>
    <UnitTestResult executionId="fdc64bf7-bb99-43c2-9735-e8bb27441e96" testId="744c6675-503c-4d35-862a-aaeee05ca16e" testName="V3 engine (runtime)" computerName="DDBLD061B" duration="00:00:00.0010000" startTime="2015-04-27T07:09:07.0923703-07:00" endTime="2015-04-27T07:09:07.0923703-07:00" testType="13cdc9d9-ddb5-4fa4-a97d-d965ccfc6d4b" outcome="Passed" testListId="8c84fa94-04c1-424b-9868-57a2d4851a1d" relativeResultsDirectory="fdc64bf7-bb99-43c2-9735-e8bb27441e96" />
    <UnitTestResult executionId="c83fb44d-7a8c-4e1c-8bcc-19a4f33d5fb9" testId="442b613c-56a3-47f4-b0e1-479eea14e851" testName="V3 composition (V1)" computerName="DDBLD061B" duration="00:00:00.0710000" startTime="2015-04-27T07:09:07.0923703-07:00" endTime="2015-04-27T07:09:07.0923703-07:00" testType="13cdc9d9-ddb5-4fa4-a97d-d965ccfc6d4b" outcome="Passed" testListId="8c84fa94-04c1-424b-9868-57a2d4851a1d" relativeResultsDirectory="c83fb44d-7a8c-4e1c-8bcc-19a4f33d5fb9" />
    <UnitTestResult executionId="aba45a16-c0ec-43f9-b846-3e465fbfed80" testId="04fbba8e-58c1-42f4-97ba-32a35e626c4b" testName="V1" computerName="DDBLD061B" duration="00:00:00.0030000" startTime="2015-04-27T07:09:07.0923703-07:00" endTime="2015-04-27T07:09:07.0923703-07:00" testType="13cdc9d9-ddb5-4fa4-a97d-d965ccfc6d4b" outcome="Passed" testListId="8c84fa94-04c1-424b-9868-57a2d4851a1d" relativeResultsDirectory="aba45a16-c0ec-43f9-b846-3e465fbfed80" />
    <UnitTestResult executionId="aebb9260-436c-4072-83ca-1dfcfd0fb32a" testId="ac3a3166-b346-4c64-99af-86e583de09a7" testName="V3 engine (runtime)" computerName="DDBLD061B" duration="00:00:00.0010000" startTime="2015-04-27T07:09:07.0923703-07:00" endTime="2015-04-27T07:09:07.0923703-07:00" testType="13cdc9d9-ddb5-4fa4-a97d-d965ccfc6d4b" outcome="Passed" testListId="8c84fa94-04c1-424b-9868-57a2d4851a1d" relativeResultsDirectory="aebb9260-436c-4072-83ca-1dfcfd0fb32a" />
    <UnitTestResult executionId="847afa52-968a-4160-9cbf-58c33ef1c022" testId="895768ee-6402-42cd-ab9a-c19fcaca49a7" testName="V1" computerName="DDBLD061B" duration="00:00:00.0010000" startTime="2015-04-27T07:09:07.0923703-07:00" endTime="2015-04-27T07:09:07.0923703-07:00" testType="13cdc9d9-ddb5-4fa4-a97d-d965ccfc6d4b" outcome="Passed" testListId="8c84fa94-04c1-424b-9868-57a2d4851a1d" relativeResultsDirectory="847afa52-968a-4160-9cbf-58c33ef1c022" />
    <UnitTestResult executionId="12ad78c6-7bce-4612-8ae0-2fb3060bd567" testId="618fdac2-a749-4fbb-ab07-ada0ff8fa470" testName="V3 engine (runtime)" computerName="DDBLD061B" duration="00:00:00.0010000" startTime="2015-04-27T07:09:07.0923703-07:00" endTime="2015-04-27T07:09:07.0923703-07:00" testType="13cdc9d9-ddb5-4fa4-a97d-d965ccfc6d4b" outcome="Passed" testListId="8c84fa94-04c1-424b-9868-57a2d4851a1d" relativeResultsDirectory="12ad78c6-7bce-4612-8ae0-2fb3060bd567" />
    <UnitTestResult executionId="609de50d-223d-4836-bd14-26abc7a13e20" testId="77b4a77b-113e-41ac-90eb-895fb5689217" testName="V1" computerName="DDBLD061B" duration="00:00:00.0010000" startTime="2015-04-27T07:09:07.0923703-07:00" endTime="2015-04-27T07:09:07.0923703-07:00" testType="13cdc9d9-ddb5-4fa4-a97d-d965ccfc6d4b" outcome="Passed" testListId="8c84fa94-04c1-424b-9868-57a2d4851a1d" relativeResultsDirectory="609de50d-223d-4836-bd14-26abc7a13e20" />
    <UnitTestResult executionId="181b91a8-8258-44c5-8c4f-3f3440424fc0" testId="7561ba0b-d00e-428e-89fb-8820a94af456" testName="V3 engine (runtime)" computerName="DDBLD061B" duration="00:00:00.0090000" startTime="2015-04-27T07:09:07.0923703-07:00" endTime="2015-04-27T07:09:07.0923703-07:00" testType="13cdc9d9-ddb5-4fa4-a97d-d965ccfc6d4b" outcome="Passed" testListId="8c84fa94-04c1-424b-9868-57a2d4851a1d" relativeResultsDirectory="181b91a8-8258-44c5-8c4f-3f3440424fc0" />
    <UnitTestResult executionId="dd3e14d8-cb71-4206-a3a9-35a5b0159a21" testId="f877c7ba-4610-498d-b4d5-c882389a9883" testName="V3 composition (V1, V2)" computerName="DDBLD061B" duration="00:00:00.0920000" startTime="2015-04-27T07:09:07.0923703-07:00" endTime="2015-04-27T07:09:07.0923703-07:00" testType="13cdc9d9-ddb5-4fa4-a97d-d965ccfc6d4b" outcome="Passed" testListId="8c84fa94-04c1-424b-9868-57a2d4851a1d" relativeResultsDirectory="dd3e14d8-cb71-4206-a3a9-35a5b0159a21">
      <Output>
        <StdOut>Catalog AttributedPartDiscoveryV1 vs. AttributedPartDiscovery
      Part
          Type: Microsoft.VisualStudio.Composition.Tests.ExportProviderTests+Apple
-         SharingBoundary: 
-         IsSharingBoundaryInferred: True
-         CreationPolicy: Any
+         SharingBoundary: &lt;null&gt;
+         IsSharingBoundaryInferred: False
+         CreationPolicy: NonShared
          OnImportsSatisfied: &lt;null&gt;
          ExportedTypes:
              ExportDefinition
                  ContractName: SomeContract
                  Metadata:
                      ExportTypeIdentity = Microsoft.VisualStudio.Composition.Tests.ExportProviderTests+Apple
+                     System.ComponentModel.Composition.CreationPolicy = NonShared
          ExportingMembers:
          ImportingMembers:
          ImportingConstructor:</StdOut>
      </Output>
    </UnitTestResult>
    <UnitTestResult executionId="6c790805-1be8-45b5-9adc-36054f7f56c2" testId="b44fc142-dcdc-41eb-a7b7-9b2bff79b9c2" testName="V1" computerName="DDBLD061B" duration="00:00:00.0010000" startTime="2015-04-27T07:09:07.4047917-07:00" endTime="2015-04-27T07:09:07.4047917-07:00" testType="13cdc9d9-ddb5-4fa4-a97d-d965ccfc6d4b" outcome="Passed" testListId="8c84fa94-04c1-424b-9868-57a2d4851a1d" relativeResultsDirectory="6c790805-1be8-45b5-9adc-36054f7f56c2" />
    <UnitTestResult executionId="2631366b-1e8c-4b3f-a6d4-7cdd16343655" testId="da48d45f-81bb-44cd-a589-bd51a8021d47" testName="V3 engine (runtime)" computerName="DDBLD061B" duration="00:00:00.0010000" startTime="2015-04-27T07:09:07.4047917-07:00" endTime="2015-04-27T07:09:07.4047917-07:00" testType="13cdc9d9-ddb5-4fa4-a97d-d965ccfc6d4b" outcome="Passed" testListId="8c84fa94-04c1-424b-9868-57a2d4851a1d" relativeResultsDirectory="2631366b-1e8c-4b3f-a6d4-7cdd16343655" />
    <UnitTestResult executionId="ac1ad7fb-e789-420e-8baa-3e8688c27342" testId="b588eabf-13c7-4768-8bf5-ed26679145bf" testName="V3 composition (V1)" computerName="DDBLD061B" duration="00:00:00.0430000" startTime="2015-04-27T07:09:07.4047917-07:00" endTime="2015-04-27T07:09:07.4047917-07:00" testType="13cdc9d9-ddb5-4fa4-a97d-d965ccfc6d4b" outcome="Passed" testListId="8c84fa94-04c1-424b-9868-57a2d4851a1d" relativeResultsDirectory="ac1ad7fb-e789-420e-8baa-3e8688c27342" />
    <UnitTestResult executionId="816c6d00-1ff7-47e1-8ffd-b917c5bffc09" testId="174ecd1c-95f9-4bf0-a544-381cf19f97f9" testName="V1" computerName="DDBLD061B" duration="00:00:00.0020000" startTime="2015-04-27T07:09:07.4047917-07:00" endTime="2015-04-27T07:09:07.4047917-07:00" testType="13cdc9d9-ddb5-4fa4-a97d-d965ccfc6d4b" outcome="Passed" testListId="8c84fa94-04c1-424b-9868-57a2d4851a1d" relativeResultsDirectory="816c6d00-1ff7-47e1-8ffd-b917c5bffc09" />
    <UnitTestResult executionId="4e0aaebe-434c-41a1-84aa-82d374e9bb1f" testId="a8cbdf71-0be6-4ce6-b88a-2df74fa92241" testName="V3 composition (V1)" computerName="DDBLD061B" duration="00:00:00.0370000" startTime="2015-04-27T07:09:07.4047917-07:00" endTime="2015-04-27T07:09:07.4047917-07:00" testType="13cdc9d9-ddb5-4fa4-a97d-d965ccfc6d4b" outcome="Passed" testListId="8c84fa94-04c1-424b-9868-57a2d4851a1d" relativeResultsDirectory="4e0aaebe-434c-41a1-84aa-82d374e9bb1f" />
    <UnitTestResult executionId="d39a38df-bd54-4684-b05c-aa4f317fed25" testId="0fbf1286-50dc-468d-99a9-e3fe085bd3a6" testName="V3 composition (V1)" computerName="DDBLD061B" duration="00:00:00.0230000" startTime="2015-04-27T07:09:07.4047917-07:00" endTime="2015-04-27T07:09:07.4047917-07:00" testType="13cdc9d9-ddb5-4fa4-a97d-d965ccfc6d4b" outcome="Passed" testListId="8c84fa94-04c1-424b-9868-57a2d4851a1d" relativeResultsDirectory="d39a38df-bd54-4684-b05c-aa4f317fed25" />
    <UnitTestResult executionId="311e6ca9-7b8c-4b06-8754-b6d13abcb71a" testId="3cabda13-c1b9-491f-8a13-d8c6de0b79b3" testName="V2" computerName="DDBLD061B" duration="00:00:00.0030000" startTime="2015-04-27T07:09:07.4047917-07:00" endTime="2015-04-27T07:09:07.4047917-07:00" testType="13cdc9d9-ddb5-4fa4-a97d-d965ccfc6d4b" outcome="Passed" testListId="8c84fa94-04c1-424b-9868-57a2d4851a1d" relativeResultsDirectory="311e6ca9-7b8c-4b06-8754-b6d13abcb71a" />
    <UnitTestResult executionId="525af72e-e11b-4cc3-bf32-b9beb17f1ce6" testId="cf2b4e9a-be18-446b-86af-b32d2ab31957" testName="V3 composition (V1, V2)" computerName="DDBLD061B" duration="00:00:00.0820000" startTime="2015-04-27T07:09:07.4047917-07:00" endTime="2015-04-27T07:09:07.4047917-07:00" testType="13cdc9d9-ddb5-4fa4-a97d-d965ccfc6d4b" outcome="Passed" testListId="8c84fa94-04c1-424b-9868-57a2d4851a1d" relativeResultsDirectory="525af72e-e11b-4cc3-bf32-b9beb17f1ce6">
      <Output>
        <StdOut>Catalog AttributedPartDiscoveryV1 vs. AttributedPartDiscovery
      Part
          Type: Microsoft.VisualStudio.Composition.Tests.CircularDependencyTests+SelfImportingSharedPart
+         Part metadata:
+             SharingBoundary = 
          SharingBoundary: 
-         IsSharingBoundaryInferred: True
-         CreationPolicy: Any
+         IsSharingBoundaryInferred: False
+         CreationPolicy: Shared
          OnImportsSatisfied: &lt;null&gt;
          ExportedTypes:
              ExportDefinition
                  ContractName: Microsoft.VisualStudio.Composition.Tests.CircularDependencyTests+SelfImportingSharedPart
                  Metadata:
                      ExportTypeIdentity = Microsoft.VisualStudio.Composition.Tests.CircularDependencyTests+SelfImportingSharedPart
+                     System.ComponentModel.Composition.CreationPolicy = Shared
          ExportingMembers:
          ImportingMembers:
              ImportDefinition:
                  ContractName: Microsoft.VisualStudio.Composition.Tests.CircularDependencyTests+SelfImportingSharedPart
                  Cardinality: ExactlyOne
                  Metadata:
                  ExportFactorySharingBoundaries: 
                  ExportConstraints: 
                      ExportTypeIdentityConstraint
                          TypeIdentityName: Microsoft.VisualStudio.Composition.Tests.CircularDependencyTests+SelfImportingSharedPart
              ComposablePartType: Microsoft.VisualStudio.Composition.Tests.CircularDependencyTests+SelfImportingSharedPart
              ImportingMember: SelfImportingSharedPart Self
              ParameterInfo: 
              ImportingSiteType: Microsoft.VisualStudio.Composition.Tests.CircularDependencyTests+SelfImportingSharedPart
              ImportDefinition:
                  ContractName: Microsoft.VisualStudio.Composition.Tests.CircularDependencyTests+SelfImportingSharedPart
                  Cardinality: ExactlyOne
                  Metadata:
                  ExportFactorySharingBoundaries: 
                  ExportConstraints: 
                      ExportTypeIdentityConstraint
                          TypeIdentityName: Microsoft.VisualStudio.Composition.Tests.CircularDependencyTests+SelfImportingSharedPart
              ComposablePartType: Microsoft.VisualStudio.Composition.Tests.CircularDependencyTests+SelfImportingSharedPart
              ImportingMember: System.Lazy`1[Microsoft.VisualStudio.Composition.Tests.CircularDependencyTests+SelfImportingSharedPart] LazySelf
              ParameterInfo: 
              ImportingSiteType: System.Lazy`1[Microsoft.VisualStudio.Composition.Tests.CircularDependencyTests+SelfImportingSharedPart]
              ImportDefinition:
                  ContractName: Microsoft.VisualStudio.Composition.Tests.CircularDependencyTests+SelfImportingSharedPart
                  Cardinality: ExactlyOne
                  Metadata:
                  ExportFactorySharingBoundaries: 
                  ExportConstraints: 
                      ExportTypeIdentityConstraint
                          TypeIdentityName: Microsoft.VisualStudio.Composition.Tests.CircularDependencyTests+SelfImportingSharedPart
                      ImportMetadataViewConstraint
              ComposablePartType: Microsoft.VisualStudio.Composition.Tests.CircularDependencyTests+SelfImportingSharedPart
              ImportingMember: System.Lazy`2[Microsoft.VisualStudio.Composition.Tests.CircularDependencyTests+SelfImportingSharedPart,System.Collections.Generic.IDictionary`2[System.String,System.Object]] LazySelfMetadata
              ParameterInfo: 
              ImportingSiteType: System.Lazy`2[Microsoft.VisualStudio.Composition.Tests.CircularDependencyTests+SelfImportingSharedPart,System.Collections.Generic.IDictionary`2[System.String,System.Object]]
              ImportDefinition:
                  ContractName: Microsoft.VisualStudio.Composition.Tests.CircularDependencyTests+SelfImportingSharedPart
                  Cardinality: ZeroOrMore
                  Metadata:
                  ExportFactorySharingBoundaries: 
                  ExportConstraints: 
                      ExportTypeIdentityConstraint
                          TypeIdentityName: Microsoft.VisualStudio.Composition.Tests.CircularDependencyTests+SelfImportingSharedPart
              ComposablePartType: Microsoft.VisualStudio.Composition.Tests.CircularDependencyTests+SelfImportingSharedPart
              ImportingMember: SelfImportingSharedPart[] SelfMany
              ParameterInfo: 
              ImportingSiteType: Microsoft.VisualStudio.Composition.Tests.CircularDependencyTests+SelfImportingSharedPart[]
              ImportDefinition:
                  ContractName: Microsoft.VisualStudio.Composition.Tests.CircularDependencyTests+SelfImportingSharedPart
                  Cardinality: ZeroOrMore
                  Metadata:
                  ExportFactorySharingBoundaries: 
                  ExportConstraints: 
                      ExportTypeIdentityConstraint
                          TypeIdentityName: Microsoft.VisualStudio.Composition.Tests.CircularDependencyTests+SelfImportingSharedPart
              ComposablePartType: Microsoft.VisualStudio.Composition.Tests.CircularDependencyTests+SelfImportingSharedPart
              ImportingMember: System.Lazy`1[Microsoft.VisualStudio.Composition.Tests.CircularDependencyTests+SelfImportingSharedPart][] LazySelfMany
              ParameterInfo: 
              ImportingSiteType: System.Lazy`1[Microsoft.VisualStudio.Composition.Tests.CircularDependencyTests+SelfImportingSharedPart][]
              ImportDefinition:
                  ContractName: Microsoft.VisualStudio.Composition.Tests.CircularDependencyTests+SelfImportingSharedPart
                  Cardinality: ZeroOrMore
                  Metadata:
                  ExportFactorySharingBoundaries: 
                  ExportConstraints: 
                      ExportTypeIdentityConstraint
                          TypeIdentityName: Microsoft.VisualStudio.Composition.Tests.CircularDependencyTests+SelfImportingSharedPart
                      ImportMetadataViewConstraint
              ComposablePartType: Microsoft.VisualStudio.Composition.Tests.CircularDependencyTests+SelfImportingSharedPart
              ImportingMember: System.Lazy`2[Microsoft.VisualStudio.Composition.Tests.CircularDependencyTests+SelfImportingSharedPart,System.Collections.Generic.IDictionary`2[System.String,System.Object]][] LazySelfManyMetadata
              ParameterInfo: 
              ImportingSiteType: System.Lazy`2[Microsoft.VisualStudio.Composition.Tests.CircularDependencyTests+SelfImportingSharedPart,System.Collections.Generic.IDictionary`2[System.String,System.Object]][]
          ImportingConstructor:</StdOut>
      </Output>
    </UnitTestResult>
    <UnitTestResult executionId="dceea240-3450-4a0b-854f-935039884c0b" testId="08b50ae4-9c6c-4181-85f2-b4cc6f8313f7" testName="V3 composition (V1)" computerName="DDBLD061B" duration="00:00:00.0220000" startTime="2015-04-27T07:09:07.4047917-07:00" endTime="2015-04-27T07:09:07.4047917-07:00" testType="13cdc9d9-ddb5-4fa4-a97d-d965ccfc6d4b" outcome="Passed" testListId="8c84fa94-04c1-424b-9868-57a2d4851a1d" relativeResultsDirectory="dceea240-3450-4a0b-854f-935039884c0b" />
    <UnitTestResult executionId="09d0fef5-13ab-4a78-a9c7-e8d8b18aeba4" testId="d80529ed-acfc-4e28-a9f9-3e2e1c7350de" testName="V3 engine (runtime)" computerName="DDBLD061B" duration="00:00:00.0010000" startTime="2015-04-27T07:09:07.6391638-07:00" endTime="2015-04-27T07:09:07.6391638-07:00" testType="13cdc9d9-ddb5-4fa4-a97d-d965ccfc6d4b" outcome="Passed" testListId="8c84fa94-04c1-424b-9868-57a2d4851a1d" relativeResultsDirectory="09d0fef5-13ab-4a78-a9c7-e8d8b18aeba4" />
    <UnitTestResult executionId="dace1b04-53bd-4366-be41-edd032ac76c1" testId="25052fb3-26f9-4788-8e9e-78a25bd5d912" testName="V3 composition (V1, V2)" computerName="DDBLD061B" duration="00:00:00.0480000" startTime="2015-04-27T07:09:07.6391638-07:00" endTime="2015-04-27T07:09:07.6391638-07:00" testType="13cdc9d9-ddb5-4fa4-a97d-d965ccfc6d4b" outcome="Passed" testListId="8c84fa94-04c1-424b-9868-57a2d4851a1d" relativeResultsDirectory="dace1b04-53bd-4366-be41-edd032ac76c1">
      <Output>
        <StdOut>Catalog AttributedPartDiscoveryV1 vs. AttributedPartDiscovery
      Part
          Type: Microsoft.VisualStudio.Composition.Tests.OpenGenericExportTests+Useful`1
          SharingBoundary: &lt;null&gt;
          IsSharingBoundaryInferred: False
          CreationPolicy: NonShared
          OnImportsSatisfied: &lt;null&gt;
          ExportedTypes:
              ExportDefinition
                  ContractName: Microsoft.VisualStudio.Composition.Tests.OpenGenericExportTests+Useful({0})
                  Metadata:
                      ExportTypeIdentity = Microsoft.VisualStudio.Composition.Tests.OpenGenericExportTests+Useful({0})
                      System.ComponentModel.Composition.CreationPolicy = NonShared
          ExportingMembers:
          ImportingMembers:
          ImportingConstructor:
      Part
          Type: Microsoft.VisualStudio.Composition.Tests.OpenGenericExportTests+Useful`2
+         Part metadata:
+             SharingBoundary = 
          SharingBoundary: 
-         IsSharingBoundaryInferred: True
-         CreationPolicy: Any
+         IsSharingBoundaryInferred: False
+         CreationPolicy: Shared
          OnImportsSatisfied: &lt;null&gt;
          ExportedTypes:
              ExportDefinition
                  ContractName: Microsoft.VisualStudio.Composition.Tests.OpenGenericExportTests+Useful({0},{1})
                  Metadata:
                      ExportTypeIdentity = Microsoft.VisualStudio.Composition.Tests.OpenGenericExportTests+Useful({0},{1})
+                     System.ComponentModel.Composition.CreationPolicy = Shared
          ExportingMembers:
          ImportingMembers:
          ImportingConstructor:</StdOut>
      </Output>
    </UnitTestResult>
    <UnitTestResult executionId="eda89756-85ed-4a63-ba4c-d7ce96115d2b" testId="7b6ae051-64df-49e3-8b8e-a5bceda3a26f" testName="V3 engine (runtime)" computerName="DDBLD061B" duration="00:00:00.0010000" startTime="2015-04-27T07:09:07.6391638-07:00" endTime="2015-04-27T07:09:07.6391638-07:00" testType="13cdc9d9-ddb5-4fa4-a97d-d965ccfc6d4b" outcome="Passed" testListId="8c84fa94-04c1-424b-9868-57a2d4851a1d" relativeResultsDirectory="eda89756-85ed-4a63-ba4c-d7ce96115d2b" />
    <UnitTestResult executionId="cb6ae9ea-e194-4c70-8e17-1d7d42b8694d" testId="3e411ade-71ed-44c4-bddd-2bce56d3729a" testName="V3 composition (V1)" computerName="DDBLD061B" duration="00:00:00.0230000" startTime="2015-04-27T07:09:07.6391638-07:00" endTime="2015-04-27T07:09:07.6391638-07:00" testType="13cdc9d9-ddb5-4fa4-a97d-d965ccfc6d4b" outcome="Passed" testListId="8c84fa94-04c1-424b-9868-57a2d4851a1d" relativeResultsDirectory="cb6ae9ea-e194-4c70-8e17-1d7d42b8694d" />
    <UnitTestResult executionId="61bfc22e-e656-4f2a-9f37-2ec94a7a72d1" testId="a8f5c75d-92e4-4d81-b275-cd389c24abac" testName="V3 engine (runtime)" computerName="DDBLD061B" duration="00:00:00.0230000" startTime="2015-04-27T07:09:07.6391638-07:00" endTime="2015-04-27T07:09:07.6391638-07:00" testType="13cdc9d9-ddb5-4fa4-a97d-d965ccfc6d4b" outcome="Passed" testListId="8c84fa94-04c1-424b-9868-57a2d4851a1d" relativeResultsDirectory="61bfc22e-e656-4f2a-9f37-2ec94a7a72d1" />
    <UnitTestResult executionId="3e1e7209-5a18-4c5e-ba31-87e0d9984392" testId="7d39bab3-8dee-4482-bdf5-1ab0a2aea82a" testName="V3 engine (runtime)" computerName="DDBLD061B" duration="00:00:00.0010000" startTime="2015-04-27T07:09:07.6391638-07:00" endTime="2015-04-27T07:09:07.6391638-07:00" testType="13cdc9d9-ddb5-4fa4-a97d-d965ccfc6d4b" outcome="Passed" testListId="8c84fa94-04c1-424b-9868-57a2d4851a1d" relativeResultsDirectory="3e1e7209-5a18-4c5e-ba31-87e0d9984392" />
    <UnitTestResult executionId="00a3bdee-fc46-431a-b5f8-9fb5b82f77e7" testId="253a08c6-958a-4c78-9005-150dc9d20c4e" testName="V1" computerName="DDBLD061B" duration="00:00:00.0020000" startTime="2015-04-27T07:09:07.6391638-07:00" endTime="2015-04-27T07:09:07.6391638-07:00" testType="13cdc9d9-ddb5-4fa4-a97d-d965ccfc6d4b" outcome="Passed" testListId="8c84fa94-04c1-424b-9868-57a2d4851a1d" relativeResultsDirectory="00a3bdee-fc46-431a-b5f8-9fb5b82f77e7" />
    <UnitTestResult executionId="5694d21e-ebe1-4c2f-becf-6b6ed07c655c" testId="51b16c9b-118d-4745-b62d-426026a8c1f4" testName="V1" computerName="DDBLD061B" duration="00:00:00.0010000" startTime="2015-04-27T07:09:08.7798523-07:00" endTime="2015-04-27T07:09:08.7798523-07:00" testType="13cdc9d9-ddb5-4fa4-a97d-d965ccfc6d4b" outcome="Passed" testListId="8c84fa94-04c1-424b-9868-57a2d4851a1d" relativeResultsDirectory="5694d21e-ebe1-4c2f-becf-6b6ed07c655c" />
    <UnitTestResult executionId="3ff023ea-ce8e-4c77-ab21-f5b3161d132b" testId="96af271c-0fa2-4bdc-89fc-3358023cac02" testName="V3 engine (runtime)" computerName="DDBLD061B" duration="00:00:00.0010000" startTime="2015-04-27T07:09:08.7798523-07:00" endTime="2015-04-27T07:09:08.7798523-07:00" testType="13cdc9d9-ddb5-4fa4-a97d-d965ccfc6d4b" outcome="Passed" testListId="8c84fa94-04c1-424b-9868-57a2d4851a1d" relativeResultsDirectory="3ff023ea-ce8e-4c77-ab21-f5b3161d132b" />
    <UnitTestResult executionId="2c7437e5-998c-479c-8105-c9b3c2286aef" testId="a6ec4835-4f67-4871-bc0c-9f2ec26fd007" testName="V3 engine (runtime)" computerName="DDBLD061B" duration="00:00:00.0010000" startTime="2015-04-27T07:09:08.7798523-07:00" endTime="2015-04-27T07:09:08.7798523-07:00" testType="13cdc9d9-ddb5-4fa4-a97d-d965ccfc6d4b" outcome="Passed" testListId="8c84fa94-04c1-424b-9868-57a2d4851a1d" relativeResultsDirectory="2c7437e5-998c-479c-8105-c9b3c2286aef" />
    <UnitTestResult executionId="64b19189-4c3b-44db-860d-04395d75b085" testId="a764dea1-5bdd-4f6e-8b1c-1926daa13fa9" testName="V3 engine (runtime)" computerName="DDBLD061B" duration="00:00:00.0010000" startTime="2015-04-27T07:09:08.7798523-07:00" endTime="2015-04-27T07:09:08.7798523-07:00" testType="13cdc9d9-ddb5-4fa4-a97d-d965ccfc6d4b" outcome="Passed" testListId="8c84fa94-04c1-424b-9868-57a2d4851a1d" relativeResultsDirectory="64b19189-4c3b-44db-860d-04395d75b085" />
    <UnitTestResult executionId="05da06be-6477-4e3b-a1c9-f9f0d5f17159" testId="869946d8-badf-406c-a894-7f82909e08cf" testName="V3 engine (runtime)" computerName="DDBLD061B" duration="00:00:00.0010000" startTime="2015-04-27T07:09:08.7798523-07:00" endTime="2015-04-27T07:09:08.7798523-07:00" testType="13cdc9d9-ddb5-4fa4-a97d-d965ccfc6d4b" outcome="Passed" testListId="8c84fa94-04c1-424b-9868-57a2d4851a1d" relativeResultsDirectory="05da06be-6477-4e3b-a1c9-f9f0d5f17159" />
    <UnitTestResult executionId="2b5d9448-3e3b-4d5e-b7ea-1484821e6a5b" testId="95267cc7-b20c-48db-82bb-18bd67d29400" testName="V1" computerName="DDBLD061B" duration="00:00:00.0150000" startTime="2015-04-27T07:09:08.7798523-07:00" endTime="2015-04-27T07:09:08.7798523-07:00" testType="13cdc9d9-ddb5-4fa4-a97d-d965ccfc6d4b" outcome="Passed" testListId="8c84fa94-04c1-424b-9868-57a2d4851a1d" relativeResultsDirectory="2b5d9448-3e3b-4d5e-b7ea-1484821e6a5b" />
    <UnitTestResult executionId="29b7db54-baae-4770-acaa-59d89d4cca09" testId="a7fb8768-4092-4179-9b60-0793b133c17d" testName="V1" computerName="DDBLD061B" duration="00:00:00.0310000" startTime="2015-04-27T07:09:08.7798523-07:00" endTime="2015-04-27T07:09:08.7798523-07:00" testType="13cdc9d9-ddb5-4fa4-a97d-d965ccfc6d4b" outcome="Passed" testListId="8c84fa94-04c1-424b-9868-57a2d4851a1d" relativeResultsDirectory="29b7db54-baae-4770-acaa-59d89d4cca09" />
    <UnitTestResult executionId="00696a8a-6906-49ce-ac3c-0208f433c004" testId="126c18c0-2265-48c2-8f95-e237cd70e84f" testName="V2" computerName="DDBLD061B" duration="00:00:00.0020000" startTime="2015-04-27T07:09:08.7798523-07:00" endTime="2015-04-27T07:09:08.7798523-07:00" testType="13cdc9d9-ddb5-4fa4-a97d-d965ccfc6d4b" outcome="Passed" testListId="8c84fa94-04c1-424b-9868-57a2d4851a1d" relativeResultsDirectory="00696a8a-6906-49ce-ac3c-0208f433c004" />
    <UnitTestResult executionId="641b58b2-50d2-47ac-b22d-f94bc8dcf364" testId="332e0c8d-09de-4a79-b28a-fb72879192c7" testName="V3 composition (V1)" computerName="DDBLD061B" duration="00:00:00.0730000" startTime="2015-04-27T07:09:08.7798523-07:00" endTime="2015-04-27T07:09:08.7798523-07:00" testType="13cdc9d9-ddb5-4fa4-a97d-d965ccfc6d4b" outcome="Passed" testListId="8c84fa94-04c1-424b-9868-57a2d4851a1d" relativeResultsDirectory="641b58b2-50d2-47ac-b22d-f94bc8dcf364">
      <Output>
        <StdOut>Catalog BeforeSerialization vs. AfterSerialization
      Part
          Type: Microsoft.VisualStudio.Composition.ExportMetadataViewInterfaceEmitProxy+MetadataViewProxyProvider
          Part metadata:
              VsMEFDgmlCategories = System.String[]
          SharingBoundary: &lt;null&gt;
          IsSharingBoundaryInferred: False
          CreationPolicy: NonShared
          OnImportsSatisfied: &lt;null&gt;
          ExportedTypes:
              ExportDefinition
                  ContractName: Microsoft.VisualStudio.Composition.IMetadataViewProvider
                  Metadata:
                      ExportTypeIdentity = Microsoft.VisualStudio.Composition.IMetadataViewProvider
                      System.ComponentModel.Composition.CreationPolicy = NonShared
                      OrderPrecedence = 50
          ExportingMembers:
          ImportingMembers:
          ImportingConstructor:
      Part
          Type: Microsoft.VisualStudio.Composition.NetFxAdapters+CompositionService
          Part metadata:
              VsMEFDgmlCategories = System.String[]
          SharingBoundary: &lt;null&gt;
          IsSharingBoundaryInferred: False
          CreationPolicy: NonShared
          OnImportsSatisfied: &lt;null&gt;
          ExportedTypes:
              ExportDefinition
                  ContractName: System.ComponentModel.Composition.ICompositionService
                  Metadata:
                      ExportTypeIdentity = System.ComponentModel.Composition.ICompositionService
                      System.ComponentModel.Composition.CreationPolicy = NonShared
          ExportingMembers:
          ImportingMembers:
          ImportingConstructor:
              ImportDefinition:
                  ContractName: Microsoft.VisualStudio.Composition.ExportProvider
                  Cardinality: ExactlyOne
                  Metadata:
                  ExportFactorySharingBoundaries: 
                  ExportConstraints: 
                      ExportTypeIdentityConstraint
                          TypeIdentityName: Microsoft.VisualStudio.Composition.ExportProvider
              ComposablePartType: Microsoft.VisualStudio.Composition.NetFxAdapters+CompositionService
              ImportingMember: 
              ParameterInfo: Microsoft.VisualStudio.Composition.ExportProvider exportProvider
              ImportingSiteType: Microsoft.VisualStudio.Composition.ExportProvider
      Part
          Type: Microsoft.VisualStudio.Composition.NetFxAdapters+MetadataViewImplProxy
          Part metadata:
              VsMEFDgmlCategories = System.String[]
          SharingBoundary: 
          IsSharingBoundaryInferred: True
          CreationPolicy: Any
          OnImportsSatisfied: &lt;null&gt;
          ExportedTypes:
              ExportDefinition
                  ContractName: Microsoft.VisualStudio.Composition.IMetadataViewProvider
                  Metadata:
                      ExportTypeIdentity = Microsoft.VisualStudio.Composition.IMetadataViewProvider
                      OrderPrecedence = 100
          ExportingMembers:
          ImportingMembers:
          ImportingConstructor:
      Part
          Type: Microsoft.VisualStudio.Composition.NetFxAdapters+AssemblyLoadCodeBasePathLoader
          Part metadata:
              VsMEFDgmlCategories = System.String[]
          SharingBoundary: 
          IsSharingBoundaryInferred: True
          CreationPolicy: Any
          OnImportsSatisfied: &lt;null&gt;
          ExportedTypes:
              ExportDefinition
                  ContractName: Microsoft.VisualStudio.Composition.IAssemblyLoader
                  Metadata:
                      ExportTypeIdentity = Microsoft.VisualStudio.Composition.IAssemblyLoader
                      OrderPrecedence = 100
          ExportingMembers:
          ImportingMembers:
          ImportingConstructor:
      Part
          Type: Microsoft.VisualStudio.Composition.Tests.ExportingMembersTests+ImportingClass
          SharingBoundary: 
          IsSharingBoundaryInferred: True
          CreationPolicy: Any
          OnImportsSatisfied: &lt;null&gt;
          ExportedTypes:
              ExportDefinition
                  ContractName: Microsoft.VisualStudio.Composition.Tests.ExportingMembersTests+ImportingClass
                  Metadata:
                      ExportTypeIdentity = Microsoft.VisualStudio.Composition.Tests.ExportingMembersTests+ImportingClass
          ExportingMembers:
          ImportingMembers:
              ImportDefinition:
                  ContractName: Method
                  Cardinality: ExactlyOne
                  Metadata:
                      System.ComponentModel.Composition.GenericContractName = System.Func({0},{1},{2})+TResult(System.Func({0},{1},{2})+T1,System.Func({0},{1},{2})+T2)
                      System.ComponentModel.Composition.GenericParameters = System.Type[]
                  ExportFactorySharingBoundaries: 
                  ExportConstraints: 
                      ExportTypeIdentityConstraint
                          TypeIdentityName: System.Boolean(System.Int32,System.String)
              ComposablePartType: Microsoft.VisualStudio.Composition.Tests.ExportingMembersTests+ImportingClass
              ImportingMember: System.Func`3[System.Int32,System.String,System.Boolean] FuncOf2
              ParameterInfo: 
              ImportingSiteType: System.Func`3[System.Int32,System.String,System.Boolean]
              ImportDefinition:
                  ContractName: Method
                  Cardinality: OneOrZero
                  Metadata:
                      System.ComponentModel.Composition.GenericContractName = System.Func({0},{1},{2})+TResult(System.Func({0},{1},{2})+T1,System.Func({0},{1},{2})+T2)
                      System.ComponentModel.Composition.GenericParameters = System.Type[]
                  ExportFactorySharingBoundaries: 
                  ExportConstraints: 
                      ExportTypeIdentityConstraint
                          TypeIdentityName: System.Boolean(System.String,System.String)
              ComposablePartType: Microsoft.VisualStudio.Composition.Tests.ExportingMembersTests+ImportingClass
              ImportingMember: System.Func`3[System.String,System.String,System.Boolean] FuncOf2WrongTypeArgs
              ParameterInfo: 
              ImportingSiteType: System.Func`3[System.String,System.String,System.Boolean]
          ImportingConstructor:
      Part
          Type: Microsoft.VisualStudio.Composition.Tests.ExportingMembersTests+ExportingMembersClass
          SharingBoundary: 
          IsSharingBoundaryInferred: True
          CreationPolicy: Any
          OnImportsSatisfied: &lt;null&gt;
          ExportedTypes:
          ExportingMembers:
+             Field
+                 ContractName: Field
+                 Metadata:
+                     ExportTypeIdentity = System.String
+                 ContractName: Field_Extra_Export
+                 Metadata:
+                     ExportTypeIdentity = System.String
              SomeAction
                  ContractName: Method
                  Metadata:
                      ExportTypeIdentity = System.Void()
                      A = b
                  ContractName: Method_Extra_Export
                  Metadata:
                      ExportTypeIdentity = System.Void()
                      A = b
              SomeAction
                  ContractName: Method
                  Metadata:
                      ExportTypeIdentity = System.Void(System.Int32,System.String)
                      A = b
              SomeFunc
                  ContractName: Method
                  Metadata:
                      ExportTypeIdentity = System.Boolean()
                      A = b
              SomeFunc
                  ContractName: Method
                  Metadata:
                      ExportTypeIdentity = System.Boolean(System.Int32,System.String)
                      A = b
              Property
                  ContractName: Property
                  Metadata:
                      ExportTypeIdentity = System.String
                  ContractName: Property_Extra_Export
                  Metadata:
                      ExportTypeIdentity = System.String
              PropertyGenericType
                  ContractName: PropertyGenericType
                  Metadata:
                      ExportTypeIdentity = System.Collections.Generic.Comparer(System.Int32)
              DelegateReturningProperty
                  ContractName: DelegateReturningProperty
                  Metadata:
                      ExportTypeIdentity = System.String(System.String)
                      A = b
-             Field
-                 ContractName: Field
-                 Metadata:
-                     ExportTypeIdentity = System.String
-                 ContractName: Field_Extra_Export
-                 Metadata:
-                     ExportTypeIdentity = System.String
          ImportingMembers:
          ImportingConstructor:</StdOut>
      </Output>
    </UnitTestResult>
    <UnitTestResult executionId="1d7ed2fe-0888-42fc-8a35-b8f36533b85f" testId="584483f1-45e7-4d19-9a01-e8b2ec8b31fe" testName="V3 engine (runtime)" computerName="DDBLD061B" duration="00:00:00.0010000" startTime="2015-04-27T07:09:09.2329455-07:00" endTime="2015-04-27T07:09:09.2329455-07:00" testType="13cdc9d9-ddb5-4fa4-a97d-d965ccfc6d4b" outcome="Passed" testListId="8c84fa94-04c1-424b-9868-57a2d4851a1d" relativeResultsDirectory="1d7ed2fe-0888-42fc-8a35-b8f36533b85f" />
    <UnitTestResult executionId="ef126a8c-39a1-48e8-9042-b74a6053f665" testId="f3505ac3-7d49-46d7-9d15-8da88ac2ab8b" testName="V3 engine (runtime)" computerName="DDBLD061B" duration="00:00:00.0020000" startTime="2015-04-27T07:09:09.2329455-07:00" endTime="2015-04-27T07:09:09.2329455-07:00" testType="13cdc9d9-ddb5-4fa4-a97d-d965ccfc6d4b" outcome="Passed" testListId="8c84fa94-04c1-424b-9868-57a2d4851a1d" relativeResultsDirectory="ef126a8c-39a1-48e8-9042-b74a6053f665" />
    <UnitTestResult executionId="2c185266-f49a-4acc-9ac2-f03efc1620ae" testId="8a121b6f-e99c-4d6f-a5a1-7d939521e391" testName="V3 engine (runtime)" computerName="DDBLD061B" duration="00:00:00.0010000" startTime="2015-04-27T07:09:09.2329455-07:00" endTime="2015-04-27T07:09:09.2329455-07:00" testType="13cdc9d9-ddb5-4fa4-a97d-d965ccfc6d4b" outcome="Passed" testListId="8c84fa94-04c1-424b-9868-57a2d4851a1d" relativeResultsDirectory="2c185266-f49a-4acc-9ac2-f03efc1620ae" />
    <UnitTestResult executionId="6fdd4d53-9714-413d-8b0a-80f0d5cf6cd5" testId="3bcded28-9e72-4f8c-9e4b-0162f19e7e8e" testName="V1" computerName="DDBLD061B" duration="00:00:00.0020000" startTime="2015-04-27T07:09:09.2329455-07:00" endTime="2015-04-27T07:09:09.2329455-07:00" testType="13cdc9d9-ddb5-4fa4-a97d-d965ccfc6d4b" outcome="Passed" testListId="8c84fa94-04c1-424b-9868-57a2d4851a1d" relativeResultsDirectory="6fdd4d53-9714-413d-8b0a-80f0d5cf6cd5" />
    <UnitTestResult executionId="fa44a8d4-d9da-4ddb-b70c-cdddc5cc6403" testId="e67664ae-1c55-43fc-8377-410690df1d13" testName="V1" computerName="DDBLD061B" duration="00:00:00.0040000" startTime="2015-04-27T07:09:09.2329455-07:00" endTime="2015-04-27T07:09:09.2329455-07:00" testType="13cdc9d9-ddb5-4fa4-a97d-d965ccfc6d4b" outcome="Passed" testListId="8c84fa94-04c1-424b-9868-57a2d4851a1d" relativeResultsDirectory="fa44a8d4-d9da-4ddb-b70c-cdddc5cc6403" />
    <UnitTestResult executionId="7256e21c-1e8d-4387-8ec7-df30e0fd9481" testId="3049ff1c-5043-44de-b813-a4537c2194dd" testName="V1" computerName="DDBLD061B" duration="00:00:00.0020000" startTime="2015-04-27T07:09:09.2329455-07:00" endTime="2015-04-27T07:09:09.2329455-07:00" testType="13cdc9d9-ddb5-4fa4-a97d-d965ccfc6d4b" outcome="Passed" testListId="8c84fa94-04c1-424b-9868-57a2d4851a1d" relativeResultsDirectory="7256e21c-1e8d-4387-8ec7-df30e0fd9481" />
    <UnitTestResult executionId="d6b228dd-2162-4f41-bfdf-d13b19b6228e" testId="6573f2de-e898-4abc-a470-d7d24f4dbdbe" testName="V3 composition (V1)" computerName="DDBLD061B" duration="00:00:00.0440000" startTime="2015-04-27T07:09:09.2329455-07:00" endTime="2015-04-27T07:09:09.2329455-07:00" testType="13cdc9d9-ddb5-4fa4-a97d-d965ccfc6d4b" outcome="Passed" testListId="8c84fa94-04c1-424b-9868-57a2d4851a1d" relativeResultsDirectory="d6b228dd-2162-4f41-bfdf-d13b19b6228e" />
    <UnitTestResult executionId="c06b8cc0-46eb-46c3-8236-3560703dc19f" testId="6925ba78-daeb-4c22-b113-cd2eb67bbf13" testName="V3 composition (V1)" computerName="DDBLD061B" duration="00:00:00.0280000" startTime="2015-04-27T07:09:09.2329455-07:00" endTime="2015-04-27T07:09:09.2329455-07:00" testType="13cdc9d9-ddb5-4fa4-a97d-d965ccfc6d4b" outcome="Passed" testListId="8c84fa94-04c1-424b-9868-57a2d4851a1d" relativeResultsDirectory="c06b8cc0-46eb-46c3-8236-3560703dc19f" />
    <UnitTestResult executionId="a8b01299-f3ec-49a0-a7b8-ce1f5b573e66" testId="640dc5c3-c4d9-4dfe-bd3b-5cf6a0ce0526" testName="V3 engine (runtime)" computerName="DDBLD061B" duration="00:00:00.0010000" startTime="2015-04-27T07:09:09.2329455-07:00" endTime="2015-04-27T07:09:09.2329455-07:00" testType="13cdc9d9-ddb5-4fa4-a97d-d965ccfc6d4b" outcome="Passed" testListId="8c84fa94-04c1-424b-9868-57a2d4851a1d" relativeResultsDirectory="a8b01299-f3ec-49a0-a7b8-ce1f5b573e66" />
    <UnitTestResult executionId="ccbfc72e-d891-4af1-bc27-8d1451de0e12" testId="5d3ff8d8-95be-4ed5-bcf9-f80dcee0b388" testName="V1" computerName="DDBLD061B" duration="00:00:00.0010000" startTime="2015-04-27T07:09:09.8735772-07:00" endTime="2015-04-27T07:09:09.8735772-07:00" testType="13cdc9d9-ddb5-4fa4-a97d-d965ccfc6d4b" outcome="Passed" testListId="8c84fa94-04c1-424b-9868-57a2d4851a1d" relativeResultsDirectory="ccbfc72e-d891-4af1-bc27-8d1451de0e12" />
    <UnitTestResult executionId="527bef7b-8352-4f85-8234-022dfd0aa374" testId="3f867614-4988-41f6-ba25-257cc74bee71" testName="V3 composition (V1, V2)" computerName="DDBLD061B" duration="00:00:00.0750000" startTime="2015-04-27T07:09:09.8735772-07:00" endTime="2015-04-27T07:09:09.8735772-07:00" testType="13cdc9d9-ddb5-4fa4-a97d-d965ccfc6d4b" outcome="Passed" testListId="8c84fa94-04c1-424b-9868-57a2d4851a1d" relativeResultsDirectory="527bef7b-8352-4f85-8234-022dfd0aa374" />
    <UnitTestResult executionId="0e0df82a-113b-4597-a23f-b8bb638b9889" testId="49f92a59-8f48-4042-995f-68b1d924afd7" testName="V3 composition (V1, V2)" computerName="DDBLD061B" duration="00:00:00.0810000" startTime="2015-04-27T07:09:09.8735772-07:00" endTime="2015-04-27T07:09:09.8735772-07:00" testType="13cdc9d9-ddb5-4fa4-a97d-d965ccfc6d4b" outcome="Passed" testListId="8c84fa94-04c1-424b-9868-57a2d4851a1d" relativeResultsDirectory="0e0df82a-113b-4597-a23f-b8bb638b9889">
      <Output>
        <StdOut>Catalog AttributedPartDiscoveryV1 vs. AttributedPartDiscovery
      Part
          Type: Microsoft.VisualStudio.Composition.Tests.ImportingConstructorTests+RandomExport
          SharingBoundary: &lt;null&gt;
          IsSharingBoundaryInferred: False
          CreationPolicy: NonShared
          OnImportsSatisfied: &lt;null&gt;
          ExportedTypes:
              ExportDefinition
-                 ContractName: Microsoft.VisualStudio.Composition.Tests.ImportingConstructorTests+IRandomExport
-                 Metadata:
-                     ExportTypeIdentity = Microsoft.VisualStudio.Composition.Tests.ImportingConstructorTests+IRandomExport
-                     System.ComponentModel.Composition.CreationPolicy = NonShared
-                     SomeMetadata = 1
-             ExportDefinition
                  ContractName: Microsoft.VisualStudio.Composition.Tests.ImportingConstructorTests+RandomExport
                  Metadata:
                      ExportTypeIdentity = Microsoft.VisualStudio.Composition.Tests.ImportingConstructorTests+RandomExport
                      System.ComponentModel.Composition.CreationPolicy = NonShared
                      SomeMetadata = 1
          ExportingMembers:
          ImportingMembers:
          ImportingConstructor:
      Part
          Type: Microsoft.VisualStudio.Composition.Tests.ImportingConstructorTests+PartWithImportingConstructorOfPartThatInitializesLater
+         Part metadata:
+             SharingBoundary = 
          SharingBoundary: 
-         IsSharingBoundaryInferred: True
-         CreationPolicy: Any
+         IsSharingBoundaryInferred: False
+         CreationPolicy: Shared
          OnImportsSatisfied: &lt;null&gt;
          ExportedTypes:
              ExportDefinition
                  ContractName: Microsoft.VisualStudio.Composition.Tests.ImportingConstructorTests+PartWithImportingConstructorOfPartThatInitializesLater
                  Metadata:
                      ExportTypeIdentity = Microsoft.VisualStudio.Composition.Tests.ImportingConstructorTests+PartWithImportingConstructorOfPartThatInitializesLater
+                     System.ComponentModel.Composition.CreationPolicy = Shared
          ExportingMembers:
          ImportingMembers:
          ImportingConstructor:
              ImportDefinition:
                  ContractName: Microsoft.VisualStudio.Composition.Tests.ImportingConstructorTests+PartThatInitializesLater
                  Cardinality: ExactlyOne
                  Metadata:
                  ExportFactorySharingBoundaries: 
                  ExportConstraints: 
                      ExportTypeIdentityConstraint
                          TypeIdentityName: Microsoft.VisualStudio.Composition.Tests.ImportingConstructorTests+PartThatInitializesLater
              ComposablePartType: Microsoft.VisualStudio.Composition.Tests.ImportingConstructorTests+PartWithImportingConstructorOfPartThatInitializesLater
              ImportingMember: 
              ParameterInfo: System.Lazy`1[Microsoft.VisualStudio.Composition.Tests.ImportingConstructorTests+PartThatInitializesLater] laterPart
              ImportingSiteType: System.Lazy`1[Microsoft.VisualStudio.Composition.Tests.ImportingConstructorTests+PartThatInitializesLater]
      Part
          Type: Microsoft.VisualStudio.Composition.Tests.ImportingConstructorTests+PartThatInitializesLater
+         Part metadata:
+             SharingBoundary = 
          SharingBoundary: 
-         IsSharingBoundaryInferred: True
-         CreationPolicy: Any
+         IsSharingBoundaryInferred: False
+         CreationPolicy: Shared
          OnImportsSatisfied: &lt;null&gt;
          ExportedTypes:
              ExportDefinition
                  ContractName: Microsoft.VisualStudio.Composition.Tests.ImportingConstructorTests+PartThatInitializesLater
                  Metadata:
                      ExportTypeIdentity = Microsoft.VisualStudio.Composition.Tests.ImportingConstructorTests+PartThatInitializesLater
+                     System.ComponentModel.Composition.CreationPolicy = Shared
          ExportingMembers:
          ImportingMembers:
              ImportDefinition:
                  ContractName: Microsoft.VisualStudio.Composition.Tests.ImportingConstructorTests+PartWithImportingConstructorOfPartThatInitializesLater
                  Cardinality: ExactlyOne
                  Metadata:
                  ExportFactorySharingBoundaries: 
                  ExportConstraints: 
                      ExportTypeIdentityConstraint
                          TypeIdentityName: Microsoft.VisualStudio.Composition.Tests.ImportingConstructorTests+PartWithImportingConstructorOfPartThatInitializesLater
              ComposablePartType: Microsoft.VisualStudio.Composition.Tests.ImportingConstructorTests+PartThatInitializesLater
              ImportingMember: PartWithImportingConstructorOfPartThatInitializesLater ImportingConstructorPart
              ParameterInfo: 
              ImportingSiteType: Microsoft.VisualStudio.Composition.Tests.ImportingConstructorTests+PartWithImportingConstructorOfPartThatInitializesLater
              ImportDefinition:
                  ContractName: Microsoft.VisualStudio.Composition.Tests.ImportingConstructorTests+RandomExport
                  Cardinality: ExactlyOne
                  Metadata:
                  ExportFactorySharingBoundaries: 
                  ExportConstraints: 
                      ExportTypeIdentityConstraint
                          TypeIdentityName: Microsoft.VisualStudio.Composition.Tests.ImportingConstructorTests+RandomExport
              ComposablePartType: Microsoft.VisualStudio.Composition.Tests.ImportingConstructorTests+PartThatInitializesLater
              ImportingMember: RandomExport RandomExport
              ParameterInfo: 
              ImportingSiteType: Microsoft.VisualStudio.Composition.Tests.ImportingConstructorTests+RandomExport
          ImportingConstructor:</StdOut>
      </Output>
    </UnitTestResult>
    <UnitTestResult executionId="aaa46dfe-824b-430b-bbdc-ae1520c2df6e" testId="1790571f-5266-4ad1-bd33-e76d502f7688" testName="V3 composition (V1)" computerName="DDBLD061B" duration="00:00:00.0180000" startTime="2015-04-27T07:09:09.8735772-07:00" endTime="2015-04-27T07:09:09.8735772-07:00" testType="13cdc9d9-ddb5-4fa4-a97d-d965ccfc6d4b" outcome="Passed" testListId="8c84fa94-04c1-424b-9868-57a2d4851a1d" relativeResultsDirectory="aaa46dfe-824b-430b-bbdc-ae1520c2df6e" />
    <UnitTestResult executionId="0ce36dc2-380e-470d-a858-35aa29259403" testId="d38b8eb3-0f05-4ed8-952b-1d7cfa880029" testName="V3 engine (runtime)" computerName="DDBLD061B" duration="00:00:00.0010000" startTime="2015-04-27T07:09:09.8735772-07:00" endTime="2015-04-27T07:09:09.8735772-07:00" testType="13cdc9d9-ddb5-4fa4-a97d-d965ccfc6d4b" outcome="Passed" testListId="8c84fa94-04c1-424b-9868-57a2d4851a1d" relativeResultsDirectory="0ce36dc2-380e-470d-a858-35aa29259403" />
    <UnitTestResult executionId="4d5e7751-077b-4af0-a752-6e416ce8b9fd" testId="b9446f6b-61e6-4c66-a6cb-184bb9fb8eb6" testName="V1" computerName="DDBLD061B" duration="00:00:00.0020000" startTime="2015-04-27T07:09:09.8735772-07:00" endTime="2015-04-27T07:09:09.8735772-07:00" testType="13cdc9d9-ddb5-4fa4-a97d-d965ccfc6d4b" outcome="Passed" testListId="8c84fa94-04c1-424b-9868-57a2d4851a1d" relativeResultsDirectory="4d5e7751-077b-4af0-a752-6e416ce8b9fd" />
    <UnitTestResult executionId="2068a419-960d-4ca9-8cfe-3519a7641f8f" testId="52f559f7-bb5d-4ecd-bb5d-16ac2b1703dc" testName="V3 composition (V1)" computerName="DDBLD061B" duration="00:00:00.0240000" startTime="2015-04-27T07:09:09.8735772-07:00" endTime="2015-04-27T07:09:09.8735772-07:00" testType="13cdc9d9-ddb5-4fa4-a97d-d965ccfc6d4b" outcome="Passed" testListId="8c84fa94-04c1-424b-9868-57a2d4851a1d" relativeResultsDirectory="2068a419-960d-4ca9-8cfe-3519a7641f8f" />
    <UnitTestResult executionId="c9fc8d47-6e59-4b9e-89c2-59a5b47e8ffc" testId="69381013-213d-4084-b8f3-78c006024e11" testName="V3 engine (runtime)" computerName="DDBLD061B" duration="00:00:00.0010000" startTime="2015-04-27T07:09:09.8735772-07:00" endTime="2015-04-27T07:09:09.8735772-07:00" testType="13cdc9d9-ddb5-4fa4-a97d-d965ccfc6d4b" outcome="Passed" testListId="8c84fa94-04c1-424b-9868-57a2d4851a1d" relativeResultsDirectory="c9fc8d47-6e59-4b9e-89c2-59a5b47e8ffc" />
    <UnitTestResult executionId="177eae35-09bb-40b7-9539-ef1f570992bf" testId="0a17de1b-e9cc-47ab-a184-e39e0f26f862" testName="V3 composition (V1, V2)" computerName="DDBLD061B" duration="00:00:00.0880000" startTime="2015-04-27T07:09:09.8735772-07:00" endTime="2015-04-27T07:09:09.8735772-07:00" testType="13cdc9d9-ddb5-4fa4-a97d-d965ccfc6d4b" outcome="Passed" testListId="8c84fa94-04c1-424b-9868-57a2d4851a1d" relativeResultsDirectory="177eae35-09bb-40b7-9539-ef1f570992bf">
      <Output>
        <StdOut>Catalog AttributedPartDiscoveryV1 vs. AttributedPartDiscovery
      Part
          Type: Microsoft.VisualStudio.Composition.Tests.ExportProviderTests+SomeOtherPart
+         Part metadata:
+             SharingBoundary = 
          SharingBoundary: 
-         IsSharingBoundaryInferred: True
-         CreationPolicy: Any
+         IsSharingBoundaryInferred: False
+         CreationPolicy: Shared
          OnImportsSatisfied: &lt;null&gt;
          ExportedTypes:
              ExportDefinition
                  ContractName: Microsoft.VisualStudio.Composition.Tests.ExportProviderTests+SomeOtherPart
                  Metadata:
                      ExportTypeIdentity = Microsoft.VisualStudio.Composition.Tests.ExportProviderTests+SomeOtherPart
                      A = 1
+                     System.ComponentModel.Composition.CreationPolicy = Shared
          ExportingMembers:
          ImportingMembers:
          ImportingConstructor:</StdOut>
      </Output>
    </UnitTestResult>
    <UnitTestResult executionId="a3e9bd2f-b969-4342-af6f-66cf52b98227" testId="b3535a94-4e2d-4bf8-9250-7fa0bc13b438" testName="V3 engine (runtime)" computerName="DDBLD061B" duration="00:00:00.0010000" startTime="2015-04-27T07:09:10.5610017-07:00" endTime="2015-04-27T07:09:10.5610017-07:00" testType="13cdc9d9-ddb5-4fa4-a97d-d965ccfc6d4b" outcome="Passed" testListId="8c84fa94-04c1-424b-9868-57a2d4851a1d" relativeResultsDirectory="a3e9bd2f-b969-4342-af6f-66cf52b98227" />
    <UnitTestResult executionId="0a8d23b7-1628-4c51-a1c3-7d5d24f4873e" testId="bb13fd87-4a97-4800-8bed-4b32723e3561" testName="V3 composition (V1)" computerName="DDBLD061B" duration="00:00:00.0440000" startTime="2015-04-27T07:09:10.5610017-07:00" endTime="2015-04-27T07:09:10.5610017-07:00" testType="13cdc9d9-ddb5-4fa4-a97d-d965ccfc6d4b" outcome="Passed" testListId="8c84fa94-04c1-424b-9868-57a2d4851a1d" relativeResultsDirectory="0a8d23b7-1628-4c51-a1c3-7d5d24f4873e">
      <Output>
        <StdOut>Catalog BeforeSerialization vs. AfterSerialization
      Part
          Type: Microsoft.VisualStudio.Composition.ExportMetadataViewInterfaceEmitProxy+MetadataViewProxyProvider
          Part metadata:
              VsMEFDgmlCategories = System.String[]
          SharingBoundary: &lt;null&gt;
          IsSharingBoundaryInferred: False
          CreationPolicy: NonShared
          OnImportsSatisfied: &lt;null&gt;
          ExportedTypes:
              ExportDefinition
                  ContractName: Microsoft.VisualStudio.Composition.IMetadataViewProvider
                  Metadata:
                      ExportTypeIdentity = Microsoft.VisualStudio.Composition.IMetadataViewProvider
                      System.ComponentModel.Composition.CreationPolicy = NonShared
                      OrderPrecedence = 50
          ExportingMembers:
          ImportingMembers:
          ImportingConstructor:
      Part
          Type: Microsoft.VisualStudio.Composition.NetFxAdapters+CompositionService
          Part metadata:
              VsMEFDgmlCategories = System.String[]
          SharingBoundary: &lt;null&gt;
          IsSharingBoundaryInferred: False
          CreationPolicy: NonShared
          OnImportsSatisfied: &lt;null&gt;
          ExportedTypes:
              ExportDefinition
                  ContractName: System.ComponentModel.Composition.ICompositionService
                  Metadata:
                      ExportTypeIdentity = System.ComponentModel.Composition.ICompositionService
                      System.ComponentModel.Composition.CreationPolicy = NonShared
          ExportingMembers:
          ImportingMembers:
          ImportingConstructor:
              ImportDefinition:
                  ContractName: Microsoft.VisualStudio.Composition.ExportProvider
                  Cardinality: ExactlyOne
                  Metadata:
                  ExportFactorySharingBoundaries: 
                  ExportConstraints: 
                      ExportTypeIdentityConstraint
                          TypeIdentityName: Microsoft.VisualStudio.Composition.ExportProvider
              ComposablePartType: Microsoft.VisualStudio.Composition.NetFxAdapters+CompositionService
              ImportingMember: 
              ParameterInfo: Microsoft.VisualStudio.Composition.ExportProvider exportProvider
              ImportingSiteType: Microsoft.VisualStudio.Composition.ExportProvider
      Part
          Type: Microsoft.VisualStudio.Composition.NetFxAdapters+MetadataViewImplProxy
          Part metadata:
              VsMEFDgmlCategories = System.String[]
          SharingBoundary: 
          IsSharingBoundaryInferred: True
          CreationPolicy: Any
          OnImportsSatisfied: &lt;null&gt;
          ExportedTypes:
              ExportDefinition
                  ContractName: Microsoft.VisualStudio.Composition.IMetadataViewProvider
                  Metadata:
                      ExportTypeIdentity = Microsoft.VisualStudio.Composition.IMetadataViewProvider
                      OrderPrecedence = 100
          ExportingMembers:
          ImportingMembers:
          ImportingConstructor:
      Part
          Type: Microsoft.VisualStudio.Composition.NetFxAdapters+AssemblyLoadCodeBasePathLoader
          Part metadata:
              VsMEFDgmlCategories = System.String[]
          SharingBoundary: 
          IsSharingBoundaryInferred: True
          CreationPolicy: Any
          OnImportsSatisfied: &lt;null&gt;
          ExportedTypes:
              ExportDefinition
                  ContractName: Microsoft.VisualStudio.Composition.IAssemblyLoader
                  Metadata:
                      ExportTypeIdentity = Microsoft.VisualStudio.Composition.IAssemblyLoader
                      OrderPrecedence = 100
          ExportingMembers:
          ImportingMembers:
          ImportingConstructor:
      Part
          Type: Microsoft.VisualStudio.Composition.Tests.ExportingMembersTests+ExportingMembersClass
          SharingBoundary: 
          IsSharingBoundaryInferred: True
          CreationPolicy: Any
          OnImportsSatisfied: &lt;null&gt;
          ExportedTypes:
          ExportingMembers:
+             Field
+                 ContractName: Field
+                 Metadata:
+                     ExportTypeIdentity = System.String
+                 ContractName: Field_Extra_Export
+                 Metadata:
+                     ExportTypeIdentity = System.String
              SomeAction
                  ContractName: Method
                  Metadata:
                      ExportTypeIdentity = System.Void()
                      A = b
                  ContractName: Method_Extra_Export
                  Metadata:
                      ExportTypeIdentity = System.Void()
                      A = b
              SomeAction
                  ContractName: Method
                  Metadata:
                      ExportTypeIdentity = System.Void(System.Int32,System.String)
                      A = b
              SomeFunc
                  ContractName: Method
                  Metadata:
                      ExportTypeIdentity = System.Boolean()
                      A = b
              SomeFunc
                  ContractName: Method
                  Metadata:
                      ExportTypeIdentity = System.Boolean(System.Int32,System.String)
                      A = b
              Property
                  ContractName: Property
                  Metadata:
                      ExportTypeIdentity = System.String
                  ContractName: Property_Extra_Export
                  Metadata:
                      ExportTypeIdentity = System.String
              PropertyGenericType
                  ContractName: PropertyGenericType
                  Metadata:
                      ExportTypeIdentity = System.Collections.Generic.Comparer(System.Int32)
              DelegateReturningProperty
                  ContractName: DelegateReturningProperty
                  Metadata:
                      ExportTypeIdentity = System.String(System.String)
                      A = b
-             Field
-                 ContractName: Field
-                 Metadata:
-                     ExportTypeIdentity = System.String
-                 ContractName: Field_Extra_Export
-                 Metadata:
-                     ExportTypeIdentity = System.String
          ImportingMembers:
          ImportingConstructor:</StdOut>
      </Output>
    </UnitTestResult>
    <UnitTestResult executionId="e6cc8876-8616-4ea4-9332-46bd5a59f0aa" testId="b017e5b9-d1e7-4a04-aeaf-f3eea633ad0a" testName="V3 engine (runtime)" computerName="DDBLD061B" duration="00:00:00.0010000" startTime="2015-04-27T07:09:10.5610017-07:00" endTime="2015-04-27T07:09:10.5610017-07:00" testType="13cdc9d9-ddb5-4fa4-a97d-d965ccfc6d4b" outcome="Passed" testListId="8c84fa94-04c1-424b-9868-57a2d4851a1d" relativeResultsDirectory="e6cc8876-8616-4ea4-9332-46bd5a59f0aa" />
    <UnitTestResult executionId="b57c81f4-838b-46d9-ad86-a7d088fe3467" testId="4ebcf85e-000f-4ed7-b1dc-d8c37f4fe6f0" testName="V3 composition (V1, V2)" computerName="DDBLD061B" duration="00:00:00.0570000" startTime="2015-04-27T07:09:10.5610017-07:00" endTime="2015-04-27T07:09:10.5610017-07:00" testType="13cdc9d9-ddb5-4fa4-a97d-d965ccfc6d4b" outcome="Passed" testListId="8c84fa94-04c1-424b-9868-57a2d4851a1d" relativeResultsDirectory="b57c81f4-838b-46d9-ad86-a7d088fe3467">
      <Output>
        <StdOut>Catalog AttributedPartDiscoveryV1 vs. AttributedPartDiscovery
      Part
          Type: Microsoft.VisualStudio.Composition.Tests.ExportMetadataTests+ExportWithCharMetadata
-         SharingBoundary: 
-         IsSharingBoundaryInferred: True
-         CreationPolicy: Any
+         SharingBoundary: &lt;null&gt;
+         IsSharingBoundaryInferred: False
+         CreationPolicy: NonShared
          OnImportsSatisfied: &lt;null&gt;
          ExportedTypes:
              ExportDefinition
                  ContractName: Microsoft.VisualStudio.Composition.Tests.ExportMetadataTests+ExportWithCharMetadata
                  Metadata:
                      Apostrophe = '
                      ExportTypeIdentity = Microsoft.VisualStudio.Composition.Tests.ExportMetadataTests+ExportWithCharMetadata
+                     System.ComponentModel.Composition.CreationPolicy = NonShared
                      SomeName = a
          ExportingMembers:
          ImportingMembers:
          ImportingConstructor:
      Part
          Type: Microsoft.VisualStudio.Composition.Tests.ExportMetadataTests+PartThatImportsCharMetadata
-         SharingBoundary: 
-         IsSharingBoundaryInferred: True
-         CreationPolicy: Any
+         SharingBoundary: &lt;null&gt;
+         IsSharingBoundaryInferred: False
+         CreationPolicy: NonShared
          OnImportsSatisfied: &lt;null&gt;
          ExportedTypes:
              ExportDefinition
                  ContractName: Microsoft.VisualStudio.Composition.Tests.ExportMetadataTests+PartThatImportsCharMetadata
                  Metadata:
                      ExportTypeIdentity = Microsoft.VisualStudio.Composition.Tests.ExportMetadataTests+PartThatImportsCharMetadata
+                     System.ComponentModel.Composition.CreationPolicy = NonShared
          ExportingMembers:
          ImportingMembers:
              ImportDefinition:
                  ContractName: Microsoft.VisualStudio.Composition.Tests.ExportMetadataTests+ExportWithCharMetadata
                  Cardinality: ExactlyOne
                  Metadata:
                  ExportFactorySharingBoundaries: 
                  ExportConstraints: 
                      ExportTypeIdentityConstraint
                          TypeIdentityName: Microsoft.VisualStudio.Composition.Tests.ExportMetadataTests+ExportWithCharMetadata
                      ImportMetadataViewConstraint
              ComposablePartType: Microsoft.VisualStudio.Composition.Tests.ExportMetadataTests+PartThatImportsCharMetadata
              ImportingMember: System.Lazy`2[Microsoft.VisualStudio.Composition.Tests.ExportMetadataTests+ExportWithCharMetadata,System.Collections.Generic.IDictionary`2[System.String,System.Object]] ImportingProperty
              ParameterInfo: 
              ImportingSiteType: System.Lazy`2[Microsoft.VisualStudio.Composition.Tests.ExportMetadataTests+ExportWithCharMetadata,System.Collections.Generic.IDictionary`2[System.String,System.Object]]
          ImportingConstructor:</StdOut>
      </Output>
    </UnitTestResult>
    <UnitTestResult executionId="fb5f7447-5402-417b-bfda-67885601a7f9" testId="bb923325-0338-49af-999f-fff6180fe584" testName="V1" computerName="DDBLD061B" duration="00:00:00.0010000" startTime="2015-04-27T07:09:10.5610017-07:00" endTime="2015-04-27T07:09:10.5610017-07:00" testType="13cdc9d9-ddb5-4fa4-a97d-d965ccfc6d4b" outcome="Passed" testListId="8c84fa94-04c1-424b-9868-57a2d4851a1d" relativeResultsDirectory="fb5f7447-5402-417b-bfda-67885601a7f9" />
    <UnitTestResult executionId="456be990-2890-492c-b5d2-d1c6db107532" testId="86ef3d2f-5582-4c94-9d08-9109774c6edf" testName="V3 engine (runtime)" computerName="DDBLD061B" duration="00:00:00.0010000" startTime="2015-04-27T07:09:10.5610017-07:00" endTime="2015-04-27T07:09:10.5610017-07:00" testType="13cdc9d9-ddb5-4fa4-a97d-d965ccfc6d4b" outcome="Passed" testListId="8c84fa94-04c1-424b-9868-57a2d4851a1d" relativeResultsDirectory="456be990-2890-492c-b5d2-d1c6db107532" />
    <UnitTestResult executionId="ea3356f8-4d80-4001-9729-5451e8ca9045" testId="eaa17c7b-756d-4505-9f54-74782c9ed803" testName="V3 engine (runtime)" computerName="DDBLD061B" duration="00:00:00.0010000" startTime="2015-04-27T07:09:10.5610017-07:00" endTime="2015-04-27T07:09:10.5610017-07:00" testType="13cdc9d9-ddb5-4fa4-a97d-d965ccfc6d4b" outcome="Passed" testListId="8c84fa94-04c1-424b-9868-57a2d4851a1d" relativeResultsDirectory="ea3356f8-4d80-4001-9729-5451e8ca9045" />
    <UnitTestResult executionId="877c87a6-3c5f-4f5c-a08c-a98c751b308a" testId="508426a0-cb53-4775-beff-fdc6a5e13f42" testName="V2" computerName="DDBLD061B" duration="00:00:00.0030000" startTime="2015-04-27T07:09:10.5610017-07:00" endTime="2015-04-27T07:09:10.5610017-07:00" testType="13cdc9d9-ddb5-4fa4-a97d-d965ccfc6d4b" outcome="Passed" testListId="8c84fa94-04c1-424b-9868-57a2d4851a1d" relativeResultsDirectory="877c87a6-3c5f-4f5c-a08c-a98c751b308a" />
    <UnitTestResult executionId="198560c1-1428-4550-b884-a8b22aac41e7" testId="3799f6c9-b152-401f-9f3d-0e52d651dfda" testName="V3 composition (V1, V2)" computerName="DDBLD061B" duration="00:00:00.0570000" startTime="2015-04-27T07:09:10.5610017-07:00" endTime="2015-04-27T07:09:10.5610017-07:00" testType="13cdc9d9-ddb5-4fa4-a97d-d965ccfc6d4b" outcome="Passed" testListId="8c84fa94-04c1-424b-9868-57a2d4851a1d" relativeResultsDirectory="198560c1-1428-4550-b884-a8b22aac41e7">
      <Output>
        <StdOut>Catalog AttributedPartDiscoveryV1 vs. AttributedPartDiscovery
      Part
          Type: Microsoft.VisualStudio.Composition.Tests.OpenGenericExportTests+InternalSharedUseful`1
+         Part metadata:
+             SharingBoundary = 
          SharingBoundary: 
-         IsSharingBoundaryInferred: True
-         CreationPolicy: Any
+         IsSharingBoundaryInferred: False
+         CreationPolicy: Shared
          OnImportsSatisfied: &lt;null&gt;
          ExportedTypes:
              ExportDefinition
                  ContractName: Microsoft.VisualStudio.Composition.Tests.OpenGenericExportTests+InternalSharedUseful({0})
                  Metadata:
                      ExportTypeIdentity = Microsoft.VisualStudio.Composition.Tests.OpenGenericExportTests+InternalSharedUseful({0})
+                     System.ComponentModel.Composition.CreationPolicy = Shared
          ExportingMembers:
          ImportingMembers:
          ImportingConstructor:
      Part
          Type: Microsoft.VisualStudio.Composition.Tests.OpenGenericExportTests+SharedUserOfInternalSharedUseful
+         Part metadata:
+             SharingBoundary = 
          SharingBoundary: 
-         IsSharingBoundaryInferred: True
-         CreationPolicy: Any
+         IsSharingBoundaryInferred: False
+         CreationPolicy: Shared
          OnImportsSatisfied: &lt;null&gt;
          ExportedTypes:
              ExportDefinition
                  ContractName: Microsoft.VisualStudio.Composition.Tests.OpenGenericExportTests+SharedUserOfInternalSharedUseful
                  Metadata:
                      ExportTypeIdentity = Microsoft.VisualStudio.Composition.Tests.OpenGenericExportTests+SharedUserOfInternalSharedUseful
+                     System.ComponentModel.Composition.CreationPolicy = Shared
          ExportingMembers:
          ImportingMembers:
              ImportDefinition:
                  ContractName: Microsoft.VisualStudio.Composition.Tests.OpenGenericExportTests+InternalSharedUseful(Microsoft.VisualStudio.Composition.Tests.IContainer)
                  Cardinality: ExactlyOne
                  Metadata:
                      System.ComponentModel.Composition.GenericContractName = Microsoft.VisualStudio.Composition.Tests.OpenGenericExportTests+InternalSharedUseful({0})
                      System.ComponentModel.Composition.GenericParameters = System.Type[]
                  ExportFactorySharingBoundaries: 
                  ExportConstraints: 
                      ExportTypeIdentityConstraint
                          TypeIdentityName: Microsoft.VisualStudio.Composition.Tests.OpenGenericExportTests+InternalSharedUseful(Microsoft.VisualStudio.Composition.Tests.IContainer)
              ComposablePartType: Microsoft.VisualStudio.Composition.Tests.OpenGenericExportTests+SharedUserOfInternalSharedUseful
              ImportingMember: InternalSharedUseful`1 Container
              ParameterInfo: 
              ImportingSiteType: Microsoft.VisualStudio.Composition.Tests.OpenGenericExportTests+InternalSharedUseful`1[Microsoft.VisualStudio.Composition.Tests.IContainer]
              ImportDefinition:
                  ContractName: Microsoft.VisualStudio.Composition.Tests.OpenGenericExportTests+InternalSharedUseful(System.IDisposable)
                  Cardinality: ExactlyOne
                  Metadata:
                      System.ComponentModel.Composition.GenericContractName = Microsoft.VisualStudio.Composition.Tests.OpenGenericExportTests+InternalSharedUseful({0})
                      System.ComponentModel.Composition.GenericParameters = System.Type[]
                  ExportFactorySharingBoundaries: 
                  ExportConstraints: 
                      ExportTypeIdentityConstraint
                          TypeIdentityName: Microsoft.VisualStudio.Composition.Tests.OpenGenericExportTests+InternalSharedUseful(System.IDisposable)
              ComposablePartType: Microsoft.VisualStudio.Composition.Tests.OpenGenericExportTests+SharedUserOfInternalSharedUseful
              ImportingMember: InternalSharedUseful`1 Disposable
              ParameterInfo: 
              ImportingSiteType: Microsoft.VisualStudio.Composition.Tests.OpenGenericExportTests+InternalSharedUseful`1[System.IDisposable]
          ImportingConstructor:</StdOut>
      </Output>
    </UnitTestResult>
    <UnitTestResult executionId="67c7da55-97d5-4bd5-acc1-11469f344ebb" testId="c39c1189-12bc-42a1-a084-e4f69fcd276b" testName="V3 engine (runtime)" computerName="DDBLD061B" duration="00:00:00.0010000" startTime="2015-04-27T07:09:10.8266233-07:00" endTime="2015-04-27T07:09:10.8266233-07:00" testType="13cdc9d9-ddb5-4fa4-a97d-d965ccfc6d4b" outcome="Passed" testListId="8c84fa94-04c1-424b-9868-57a2d4851a1d" relativeResultsDirectory="67c7da55-97d5-4bd5-acc1-11469f344ebb" />
    <UnitTestResult executionId="cd862ae1-4fe3-41ea-bd6b-3f5ccbac205a" testId="16414653-5a4c-4406-b759-0465b7f5cafb" testName="V3 engine (runtime)" computerName="DDBLD061B" duration="00:00:00.0010000" startTime="2015-04-27T07:09:10.8266233-07:00" endTime="2015-04-27T07:09:10.8266233-07:00" testType="13cdc9d9-ddb5-4fa4-a97d-d965ccfc6d4b" outcome="Passed" testListId="8c84fa94-04c1-424b-9868-57a2d4851a1d" relativeResultsDirectory="cd862ae1-4fe3-41ea-bd6b-3f5ccbac205a" />
    <UnitTestResult executionId="ce1a7f83-e18f-4064-807f-197b77d3c826" testId="fe113048-2b7c-455f-9617-72731e382c90" testName="V1" computerName="DDBLD061B" duration="00:00:00.0010000" startTime="2015-04-27T07:09:10.8266233-07:00" endTime="2015-04-27T07:09:10.8266233-07:00" testType="13cdc9d9-ddb5-4fa4-a97d-d965ccfc6d4b" outcome="Passed" testListId="8c84fa94-04c1-424b-9868-57a2d4851a1d" relativeResultsDirectory="ce1a7f83-e18f-4064-807f-197b77d3c826" />
    <UnitTestResult executionId="77c4ac80-9b9d-43ec-906b-b5891e910d23" testId="31d05655-4300-46c5-b96b-7adc2243aef0" testName="V2" computerName="DDBLD061B" duration="00:00:00.0010000" startTime="2015-04-27T07:09:10.8266233-07:00" endTime="2015-04-27T07:09:10.8266233-07:00" testType="13cdc9d9-ddb5-4fa4-a97d-d965ccfc6d4b" outcome="Passed" testListId="8c84fa94-04c1-424b-9868-57a2d4851a1d" relativeResultsDirectory="77c4ac80-9b9d-43ec-906b-b5891e910d23" />
    <UnitTestResult executionId="464e4675-45da-4e22-9a0a-ddafa87b09ea" testId="54456ca7-8b49-4087-9b6b-c75fd34b510f" testName="V3 engine (runtime)" computerName="DDBLD061B" duration="00:00:00.0010000" startTime="2015-04-27T07:09:10.8266233-07:00" endTime="2015-04-27T07:09:10.8266233-07:00" testType="13cdc9d9-ddb5-4fa4-a97d-d965ccfc6d4b" outcome="Passed" testListId="8c84fa94-04c1-424b-9868-57a2d4851a1d" relativeResultsDirectory="464e4675-45da-4e22-9a0a-ddafa87b09ea" />
    <UnitTestResult executionId="04d7c983-f9b3-4fe0-a1b6-9c97c641151d" testId="5ca087c4-b0e1-4a60-a100-5f1a30ec3ffb" testName="V3 engine (runtime)" computerName="DDBLD061B" duration="00:00:00.0010000" startTime="2015-04-27T07:09:10.8266233-07:00" endTime="2015-04-27T07:09:10.8266233-07:00" testType="13cdc9d9-ddb5-4fa4-a97d-d965ccfc6d4b" outcome="Passed" testListId="8c84fa94-04c1-424b-9868-57a2d4851a1d" relativeResultsDirectory="04d7c983-f9b3-4fe0-a1b6-9c97c641151d" />
    <UnitTestResult executionId="e438e3f6-8899-43ff-a8f8-f6fcfa0cc3e5" testId="3f26c607-1317-4ae8-946a-09ac4db37969" testName="V3 composition (V1)" computerName="DDBLD061B" duration="00:00:00.0810000" startTime="2015-04-27T07:09:10.8266233-07:00" endTime="2015-04-27T07:09:10.8266233-07:00" testType="13cdc9d9-ddb5-4fa4-a97d-d965ccfc6d4b" outcome="Passed" testListId="8c84fa94-04c1-424b-9868-57a2d4851a1d" relativeResultsDirectory="e438e3f6-8899-43ff-a8f8-f6fcfa0cc3e5" />
    <UnitTestResult executionId="20c3fe73-2b1b-4f6b-b7a6-f0bbb1f648f3" testId="c679c53d-bc03-4766-a61a-3589d962de8f" testName="V3 composition (V1)" computerName="DDBLD061B" duration="00:00:00.0640000" startTime="2015-04-27T07:09:10.8266233-07:00" endTime="2015-04-27T07:09:10.8266233-07:00" testType="13cdc9d9-ddb5-4fa4-a97d-d965ccfc6d4b" outcome="Passed" testListId="8c84fa94-04c1-424b-9868-57a2d4851a1d" relativeResultsDirectory="20c3fe73-2b1b-4f6b-b7a6-f0bbb1f648f3" />
    <UnitTestResult executionId="2922b2d4-b454-4407-93dc-0bfdced39e47" testId="a3f2cd7e-5619-4182-8c1c-14ffd3c5b1f7" testName="V3 engine (runtime)" computerName="DDBLD061B" duration="00:00:00.0030000" startTime="2015-04-27T07:09:11.0922449-07:00" endTime="2015-04-27T07:09:11.0922449-07:00" testType="13cdc9d9-ddb5-4fa4-a97d-d965ccfc6d4b" outcome="Passed" testListId="8c84fa94-04c1-424b-9868-57a2d4851a1d" relativeResultsDirectory="2922b2d4-b454-4407-93dc-0bfdced39e47" />
    <UnitTestResult executionId="4d57ebbc-50a1-4dab-976b-df7bcb5f50d2" testId="b4998dd6-dd5d-4f66-95fd-8d5e7e22f634" testName="V3 engine (runtime)" computerName="DDBLD061B" duration="00:00:00.0010000" startTime="2015-04-27T07:09:11.0922449-07:00" endTime="2015-04-27T07:09:11.0922449-07:00" testType="13cdc9d9-ddb5-4fa4-a97d-d965ccfc6d4b" outcome="Passed" testListId="8c84fa94-04c1-424b-9868-57a2d4851a1d" relativeResultsDirectory="4d57ebbc-50a1-4dab-976b-df7bcb5f50d2" />
    <UnitTestResult executionId="fe1b47ba-229f-495b-b6fb-ab25388cac94" testId="d2d856d3-f073-470b-9129-e7f014c5b7fb" testName="V3 composition (V1)" computerName="DDBLD061B" duration="00:00:00.0960000" startTime="2015-04-27T07:09:11.0922449-07:00" endTime="2015-04-27T07:09:11.0922449-07:00" testType="13cdc9d9-ddb5-4fa4-a97d-d965ccfc6d4b" outcome="Passed" testListId="8c84fa94-04c1-424b-9868-57a2d4851a1d" relativeResultsDirectory="fe1b47ba-229f-495b-b6fb-ab25388cac94" />
    <UnitTestResult executionId="66f5af5c-db17-41da-9d15-0b2c9e4f9a54" testId="9724e141-7746-471b-a941-4b3000a5e96c" testName="V3 engine (runtime)" computerName="DDBLD061B" duration="00:00:00.0010000" startTime="2015-04-27T07:09:11.0922449-07:00" endTime="2015-04-27T07:09:11.0922449-07:00" testType="13cdc9d9-ddb5-4fa4-a97d-d965ccfc6d4b" outcome="Passed" testListId="8c84fa94-04c1-424b-9868-57a2d4851a1d" relativeResultsDirectory="66f5af5c-db17-41da-9d15-0b2c9e4f9a54" />
    <UnitTestResult executionId="518f1d6d-3f73-4951-850d-e7d54ebb675a" testId="d973ea2a-2401-46d9-9303-09ceddcbe523" testName="V3 engine (runtime)" computerName="DDBLD061B" duration="00:00:00.0010000" startTime="2015-04-27T07:09:11.0922449-07:00" endTime="2015-04-27T07:09:11.0922449-07:00" testType="13cdc9d9-ddb5-4fa4-a97d-d965ccfc6d4b" outcome="Passed" testListId="8c84fa94-04c1-424b-9868-57a2d4851a1d" relativeResultsDirectory="518f1d6d-3f73-4951-850d-e7d54ebb675a" />
    <UnitTestResult executionId="3d5a21e2-574a-4bc4-af63-3fe0b9abdb35" testId="35acdc72-f7d7-468b-abad-ccbefd67f992" testName="V3 engine (runtime)" computerName="DDBLD061B" duration="00:00:00.0010000" startTime="2015-04-27T07:09:11.0922449-07:00" endTime="2015-04-27T07:09:11.0922449-07:00" testType="13cdc9d9-ddb5-4fa4-a97d-d965ccfc6d4b" outcome="Passed" testListId="8c84fa94-04c1-424b-9868-57a2d4851a1d" relativeResultsDirectory="3d5a21e2-574a-4bc4-af63-3fe0b9abdb35" />
    <UnitTestResult executionId="dc8b9931-4d6b-45f4-a0fc-f8947bc8570f" testId="c01cc872-aad8-4c66-adaa-07ad3a2bf222" testName="V3 engine (runtime)" computerName="DDBLD061B" duration="00:00:00.3430000" startTime="2015-04-27T07:09:11.0922449-07:00" endTime="2015-04-27T07:09:11.0922449-07:00" testType="13cdc9d9-ddb5-4fa4-a97d-d965ccfc6d4b" outcome="Passed" testListId="8c84fa94-04c1-424b-9868-57a2d4851a1d" relativeResultsDirectory="dc8b9931-4d6b-45f4-a0fc-f8947bc8570f" />
    <UnitTestResult executionId="26ab4724-1e0f-4478-a54b-9bca32220744" testId="a9a3e7fd-c1c2-4137-876d-49ddbcd7b254" testName="V1" computerName="DDBLD061B" duration="00:00:00.1790000" startTime="2015-04-27T07:09:11.3891176-07:00" endTime="2015-04-27T07:09:11.3891176-07:00" testType="13cdc9d9-ddb5-4fa4-a97d-d965ccfc6d4b" outcome="Passed" testListId="8c84fa94-04c1-424b-9868-57a2d4851a1d" relativeResultsDirectory="26ab4724-1e0f-4478-a54b-9bca32220744" />
    <UnitTestResult executionId="5a5c3c94-ac45-49a1-bb8a-0db26513e278" testId="a4747573-54fa-4ce9-a2e1-70f363d756b7" testName="V1" computerName="DDBLD061B" duration="00:00:00.0010000" startTime="2015-04-27T07:09:11.3891176-07:00" endTime="2015-04-27T07:09:11.3891176-07:00" testType="13cdc9d9-ddb5-4fa4-a97d-d965ccfc6d4b" outcome="Passed" testListId="8c84fa94-04c1-424b-9868-57a2d4851a1d" relativeResultsDirectory="5a5c3c94-ac45-49a1-bb8a-0db26513e278" />
    <UnitTestResult executionId="cf86b02e-ca89-4328-b733-a3ca14e415c0" testId="c8dece35-8433-4ffb-8fc5-164823ee4b13" testName="V1" computerName="DDBLD061B" duration="00:00:00.0010000" startTime="2015-04-27T07:09:11.3891176-07:00" endTime="2015-04-27T07:09:11.3891176-07:00" testType="13cdc9d9-ddb5-4fa4-a97d-d965ccfc6d4b" outcome="Passed" testListId="8c84fa94-04c1-424b-9868-57a2d4851a1d" relativeResultsDirectory="cf86b02e-ca89-4328-b733-a3ca14e415c0" />
    <UnitTestResult executionId="3f84eeee-108d-4634-815a-1fccff30fa10" testId="a9d3dda1-2048-4162-93c9-3e5840bb9f06" testName="V1" computerName="DDBLD061B" duration="00:00:00.0020000" startTime="2015-04-27T07:09:11.3891176-07:00" endTime="2015-04-27T07:09:11.3891176-07:00" testType="13cdc9d9-ddb5-4fa4-a97d-d965ccfc6d4b" outcome="Passed" testListId="8c84fa94-04c1-424b-9868-57a2d4851a1d" relativeResultsDirectory="3f84eeee-108d-4634-815a-1fccff30fa10" />
    <UnitTestResult executionId="4049fb17-a1e0-49ce-b67e-fb82fff1a6e2" testId="7d70b1d3-2dd5-4fb3-b4ab-26ff9514ee5f" testName="V2" computerName="DDBLD061B" duration="00:00:00.0010000" startTime="2015-04-27T07:09:11.3891176-07:00" endTime="2015-04-27T07:09:11.3891176-07:00" testType="13cdc9d9-ddb5-4fa4-a97d-d965ccfc6d4b" outcome="Passed" testListId="8c84fa94-04c1-424b-9868-57a2d4851a1d" relativeResultsDirectory="4049fb17-a1e0-49ce-b67e-fb82fff1a6e2" />
    <UnitTestResult executionId="e55f2f3f-dcea-4877-9e7e-fff7bbdee0d7" testId="9bcaf7ef-12cb-4c5d-9d97-378095dc7467" testName="V3 composition (V2)" computerName="DDBLD061B" duration="00:00:00.1940000" startTime="2015-04-27T07:09:11.3891176-07:00" endTime="2015-04-27T07:09:11.3891176-07:00" testType="13cdc9d9-ddb5-4fa4-a97d-d965ccfc6d4b" outcome="Passed" testListId="8c84fa94-04c1-424b-9868-57a2d4851a1d" relativeResultsDirectory="e55f2f3f-dcea-4877-9e7e-fff7bbdee0d7" />
    <UnitTestResult executionId="589b99c1-fa1b-44f6-8e59-4bc5f4286f11" testId="12ff5eb8-9ac1-4890-9e57-25027a83d1fd" testName="V3 engine (runtime)" computerName="DDBLD061B" duration="00:00:00.0010000" startTime="2015-04-27T07:09:11.3891176-07:00" endTime="2015-04-27T07:09:11.3891176-07:00" testType="13cdc9d9-ddb5-4fa4-a97d-d965ccfc6d4b" outcome="Passed" testListId="8c84fa94-04c1-424b-9868-57a2d4851a1d" relativeResultsDirectory="589b99c1-fa1b-44f6-8e59-4bc5f4286f11" />
    <UnitTestResult executionId="a284bc37-cfaa-4028-923f-100f640d55ad" testId="128120c6-39ef-4d59-b62c-3516c00d601a" testName="V2" computerName="DDBLD061B" duration="00:00:00.0020000" startTime="2015-04-27T07:09:11.3891176-07:00" endTime="2015-04-27T07:09:11.3891176-07:00" testType="13cdc9d9-ddb5-4fa4-a97d-d965ccfc6d4b" outcome="Passed" testListId="8c84fa94-04c1-424b-9868-57a2d4851a1d" relativeResultsDirectory="a284bc37-cfaa-4028-923f-100f640d55ad" />
    <UnitTestResult executionId="2d5f3817-e9be-42c5-aaff-af6f9a1c1350" testId="5ba74623-e6fc-4573-91ea-d46e2e7ae6b2" testName="V3 composition (V1, V2)" computerName="DDBLD061B" duration="00:00:00.2020000" startTime="2015-04-27T07:09:12.7016007-07:00" endTime="2015-04-27T07:09:12.7016007-07:00" testType="13cdc9d9-ddb5-4fa4-a97d-d965ccfc6d4b" outcome="Passed" testListId="8c84fa94-04c1-424b-9868-57a2d4851a1d" relativeResultsDirectory="2d5f3817-e9be-42c5-aaff-af6f9a1c1350" />
    <UnitTestResult executionId="06d9f44b-24ba-49ce-b1d5-a5153922a2ee" testId="11e745a2-5820-4614-908e-926fb2c3efb4" testName="V1" computerName="DDBLD061B" duration="00:00:00.0010000" startTime="2015-04-27T07:09:12.7016007-07:00" endTime="2015-04-27T07:09:12.7016007-07:00" testType="13cdc9d9-ddb5-4fa4-a97d-d965ccfc6d4b" outcome="Passed" testListId="8c84fa94-04c1-424b-9868-57a2d4851a1d" relativeResultsDirectory="06d9f44b-24ba-49ce-b1d5-a5153922a2ee" />
    <UnitTestResult executionId="cae5e160-fea7-42ad-959c-20bf64cb4e49" testId="c1ee2209-2a84-4c84-82a9-7af070a7861c" testName="ComposableAssembliesLazyLoadedWithGenericTypeArg" computerName="DDBLD061B" duration="00:00:00.5770000" startTime="2015-04-27T07:09:12.7016007-07:00" endTime="2015-04-27T07:09:12.7016007-07:00" testType="13cdc9d9-ddb5-4fa4-a97d-d965ccfc6d4b" outcome="Passed" testListId="8c84fa94-04c1-424b-9868-57a2d4851a1d" relativeResultsDirectory="cae5e160-fea7-42ad-959c-20bf64cb4e49" />
    <UnitTestResult executionId="c52d48af-8d23-49da-acb9-db55a18b42e0" testId="e027f65e-b088-4535-9802-b6029c72a836" testName="V3 engine (runtime)" computerName="DDBLD061B" duration="00:00:00.0020000" startTime="2015-04-27T07:09:12.7016007-07:00" endTime="2015-04-27T07:09:12.7016007-07:00" testType="13cdc9d9-ddb5-4fa4-a97d-d965ccfc6d4b" outcome="Passed" testListId="8c84fa94-04c1-424b-9868-57a2d4851a1d" relativeResultsDirectory="c52d48af-8d23-49da-acb9-db55a18b42e0" />
    <UnitTestResult executionId="fd51e02f-6634-4c5b-98ad-9125f4d76897" testId="2efc0eba-59aa-4892-8b8d-928f31cba257" testName="V3 engine (runtime)" computerName="DDBLD061B" duration="00:00:00.0020000" startTime="2015-04-27T07:09:12.7016007-07:00" endTime="2015-04-27T07:09:12.7016007-07:00" testType="13cdc9d9-ddb5-4fa4-a97d-d965ccfc6d4b" outcome="Passed" testListId="8c84fa94-04c1-424b-9868-57a2d4851a1d" relativeResultsDirectory="fd51e02f-6634-4c5b-98ad-9125f4d76897" />
    <UnitTestResult executionId="1f4df46d-9a5e-4798-a469-b1320d1a0e21" testId="0fd552ff-d23f-4e34-98a2-137049f8e5a3" testName="V3 composition (V1)" computerName="DDBLD061B" duration="00:00:00.0080000" startTime="2015-04-27T07:09:12.7016007-07:00" endTime="2015-04-27T07:09:12.7016007-07:00" testType="13cdc9d9-ddb5-4fa4-a97d-d965ccfc6d4b" outcome="Passed" testListId="8c84fa94-04c1-424b-9868-57a2d4851a1d" relativeResultsDirectory="1f4df46d-9a5e-4798-a469-b1320d1a0e21" />
    <UnitTestResult executionId="5703c24d-e91e-4d4b-b737-3129dfdded61" testId="2c1bbbd7-abe4-44d0-80c5-e9bd281d85cd" testName="V3 engine (runtime)" computerName="DDBLD061B" duration="00:00:00.0010000" startTime="2015-04-27T07:09:12.7016007-07:00" endTime="2015-04-27T07:09:12.7016007-07:00" testType="13cdc9d9-ddb5-4fa4-a97d-d965ccfc6d4b" outcome="Passed" testListId="8c84fa94-04c1-424b-9868-57a2d4851a1d" relativeResultsDirectory="5703c24d-e91e-4d4b-b737-3129dfdded61" />
    <UnitTestResult executionId="2bd4d208-f00d-483f-8f33-eb188b360591" testId="d460106c-d491-4c12-bcff-e018d90d7815" testName="V1" computerName="DDBLD061B" duration="00:00:00.0010000" startTime="2015-04-27T07:09:12.7016007-07:00" endTime="2015-04-27T07:09:12.7016007-07:00" testType="13cdc9d9-ddb5-4fa4-a97d-d965ccfc6d4b" outcome="Passed" testListId="8c84fa94-04c1-424b-9868-57a2d4851a1d" relativeResultsDirectory="2bd4d208-f00d-483f-8f33-eb188b360591" />
    <UnitTestResult executionId="0220a2ae-f7f4-4ff1-a6ca-b79983e965d3" testId="87aff278-4dad-4879-a3bc-833fb4f51944" testName="V3 composition (V1, V2)" computerName="DDBLD061B" duration="00:00:00.1970000" startTime="2015-04-27T07:09:12.7016007-07:00" endTime="2015-04-27T07:09:12.7016007-07:00" testType="13cdc9d9-ddb5-4fa4-a97d-d965ccfc6d4b" outcome="Passed" testListId="8c84fa94-04c1-424b-9868-57a2d4851a1d" relativeResultsDirectory="0220a2ae-f7f4-4ff1-a6ca-b79983e965d3">
      <Output>
        <StdOut>Catalog AttributedPartDiscoveryV1 vs. AttributedPartDiscovery
      Part
          Type: Microsoft.VisualStudio.Composition.Tests.ExportingMembersTests+ExportingMembersClass
-         SharingBoundary: 
-         IsSharingBoundaryInferred: True
-         CreationPolicy: Any
+         SharingBoundary: &lt;null&gt;
+         IsSharingBoundaryInferred: False
+         CreationPolicy: NonShared
          OnImportsSatisfied: &lt;null&gt;
          ExportedTypes:
          ExportingMembers:
-             SomeAction
-                 ContractName: Method
-                 Metadata:
-                     ExportTypeIdentity = System.Void()
-                     A = b
-                 ContractName: Method_Extra_Export
-                 Metadata:
-                     ExportTypeIdentity = System.Void()
-                     A = b
-             SomeAction
-                 ContractName: Method
-                 Metadata:
-                     ExportTypeIdentity = System.Void(System.Int32,System.String)
-                     A = b
-             SomeFunc
-                 ContractName: Method
-                 Metadata:
-                     ExportTypeIdentity = System.Boolean()
-                     A = b
-             SomeFunc
-                 ContractName: Method
-                 Metadata:
-                     ExportTypeIdentity = System.Boolean(System.Int32,System.String)
-                     A = b
              Property
                  ContractName: Property
                  Metadata:
                      ExportTypeIdentity = System.String
+                     System.ComponentModel.Composition.CreationPolicy = NonShared
                  ContractName: Property_Extra_Export
                  Metadata:
                      ExportTypeIdentity = System.String
+                     System.ComponentModel.Composition.CreationPolicy = NonShared
              PropertyGenericType
                  ContractName: PropertyGenericType
                  Metadata:
                      ExportTypeIdentity = System.Collections.Generic.Comparer(System.Int32)
-             DelegateReturningProperty
+                     System.ComponentModel.Composition.CreationPolicy = NonShared
-                 ContractName: DelegateReturningProperty
-                 Metadata:
-                     ExportTypeIdentity = System.String(System.String)
-                     A = b
-             Field
-                 ContractName: Field
-                 Metadata:
-                     ExportTypeIdentity = System.String
-                 ContractName: Field_Extra_Export
-                 Metadata:
-                     ExportTypeIdentity = System.String
          ImportingMembers:
          ImportingConstructor:
  
Catalog BeforeSerialization vs. AfterSerialization
      Part
          Type: Microsoft.VisualStudio.Composition.ExportMetadataViewInterfaceEmitProxy+MetadataViewProxyProvider
          Part metadata:
              VsMEFDgmlCategories = System.String[]
          SharingBoundary: &lt;null&gt;
          IsSharingBoundaryInferred: False
          CreationPolicy: NonShared
          OnImportsSatisfied: &lt;null&gt;
          ExportedTypes:
              ExportDefinition
                  ContractName: Microsoft.VisualStudio.Composition.IMetadataViewProvider
                  Metadata:
                      ExportTypeIdentity = Microsoft.VisualStudio.Composition.IMetadataViewProvider
                      System.ComponentModel.Composition.CreationPolicy = NonShared
                      OrderPrecedence = 50
          ExportingMembers:
          ImportingMembers:
          ImportingConstructor:
      Part
          Type: Microsoft.VisualStudio.Composition.NetFxAdapters+CompositionService
          Part metadata:
              VsMEFDgmlCategories = System.String[]
          SharingBoundary: &lt;null&gt;
          IsSharingBoundaryInferred: False
          CreationPolicy: NonShared
          OnImportsSatisfied: &lt;null&gt;
          ExportedTypes:
              ExportDefinition
                  ContractName: System.ComponentModel.Composition.ICompositionService
                  Metadata:
                      ExportTypeIdentity = System.ComponentModel.Composition.ICompositionService
                      System.ComponentModel.Composition.CreationPolicy = NonShared
          ExportingMembers:
          ImportingMembers:
          ImportingConstructor:
              ImportDefinition:
                  ContractName: Microsoft.VisualStudio.Composition.ExportProvider
                  Cardinality: ExactlyOne
                  Metadata:
                  ExportFactorySharingBoundaries: 
                  ExportConstraints: 
                      ExportTypeIdentityConstraint
                          TypeIdentityName: Microsoft.VisualStudio.Composition.ExportProvider
              ComposablePartType: Microsoft.VisualStudio.Composition.NetFxAdapters+CompositionService
              ImportingMember: 
              ParameterInfo: Microsoft.VisualStudio.Composition.ExportProvider exportProvider
              ImportingSiteType: Microsoft.VisualStudio.Composition.ExportProvider
      Part
          Type: Microsoft.VisualStudio.Composition.NetFxAdapters+MetadataViewImplProxy
          Part metadata:
              VsMEFDgmlCategories = System.String[]
          SharingBoundary: 
          IsSharingBoundaryInferred: True
          CreationPolicy: Any
          OnImportsSatisfied: &lt;null&gt;
          ExportedTypes:
              ExportDefinition
                  ContractName: Microsoft.VisualStudio.Composition.IMetadataViewProvider
                  Metadata:
                      ExportTypeIdentity = Microsoft.VisualStudio.Composition.IMetadataViewProvider
                      OrderPrecedence = 100
          ExportingMembers:
          ImportingMembers:
          ImportingConstructor:
      Part
          Type: Microsoft.VisualStudio.Composition.NetFxAdapters+AssemblyLoadCodeBasePathLoader
          Part metadata:
              VsMEFDgmlCategories = System.String[]
          SharingBoundary: 
          IsSharingBoundaryInferred: True
          CreationPolicy: Any
          OnImportsSatisfied: &lt;null&gt;
          ExportedTypes:
              ExportDefinition
                  ContractName: Microsoft.VisualStudio.Composition.IAssemblyLoader
                  Metadata:
                      ExportTypeIdentity = Microsoft.VisualStudio.Composition.IAssemblyLoader
                      OrderPrecedence = 100
          ExportingMembers:
          ImportingMembers:
          ImportingConstructor:
      Part
          Type: Microsoft.VisualStudio.Composition.Tests.ExportingMembersTests+ExportingMembersClass
          SharingBoundary: 
          IsSharingBoundaryInferred: True
          CreationPolicy: Any
          OnImportsSatisfied: &lt;null&gt;
          ExportedTypes:
          ExportingMembers:
+             Field
+                 ContractName: Field
+                 Metadata:
+                     ExportTypeIdentity = System.String
+                 ContractName: Field_Extra_Export
+                 Metadata:
+                     ExportTypeIdentity = System.String
              SomeAction
                  ContractName: Method
                  Metadata:
                      ExportTypeIdentity = System.Void()
                      A = b
                  ContractName: Method_Extra_Export
                  Metadata:
                      ExportTypeIdentity = System.Void()
                      A = b
              SomeAction
                  ContractName: Method
                  Metadata:
                      ExportTypeIdentity = System.Void(System.Int32,System.String)
                      A = b
              SomeFunc
                  ContractName: Method
                  Metadata:
                      ExportTypeIdentity = System.Boolean()
                      A = b
              SomeFunc
                  ContractName: Method
                  Metadata:
                      ExportTypeIdentity = System.Boolean(System.Int32,System.String)
                      A = b
              Property
                  ContractName: Property
                  Metadata:
                      ExportTypeIdentity = System.String
                  ContractName: Property_Extra_Export
                  Metadata:
                      ExportTypeIdentity = System.String
              PropertyGenericType
                  ContractName: PropertyGenericType
                  Metadata:
                      ExportTypeIdentity = System.Collections.Generic.Comparer(System.Int32)
              DelegateReturningProperty
                  ContractName: DelegateReturningProperty
                  Metadata:
                      ExportTypeIdentity = System.String(System.String)
                      A = b
-             Field
-                 ContractName: Field
-                 Metadata:
-                     ExportTypeIdentity = System.String
-                 ContractName: Field_Extra_Export
-                 Metadata:
-                     ExportTypeIdentity = System.String
          ImportingMembers:
          ImportingConstructor:</StdOut>
      </Output>
    </UnitTestResult>
    <UnitTestResult executionId="67cb6819-b0f0-49d3-b488-a764602b8fe8" testId="15bc1e27-ec7a-48d8-b4d9-0fa2e7bbd4de" testName="V3 composition (V1)" computerName="DDBLD061B" duration="00:00:00.0270000" startTime="2015-04-27T07:09:13.1860226-07:00" endTime="2015-04-27T07:09:13.1860226-07:00" testType="13cdc9d9-ddb5-4fa4-a97d-d965ccfc6d4b" outcome="Passed" testListId="8c84fa94-04c1-424b-9868-57a2d4851a1d" relativeResultsDirectory="67cb6819-b0f0-49d3-b488-a764602b8fe8" />
    <UnitTestResult executionId="1fa41eb7-2878-4a7a-8ea4-724a2b214161" testId="3b6daaa5-290b-4ac0-80c4-6f2fc490552c" testName="V3 composition (V1)" computerName="DDBLD061B" duration="00:00:00.0250000" startTime="2015-04-27T07:09:13.1860226-07:00" endTime="2015-04-27T07:09:13.1860226-07:00" testType="13cdc9d9-ddb5-4fa4-a97d-d965ccfc6d4b" outcome="Passed" testListId="8c84fa94-04c1-424b-9868-57a2d4851a1d" relativeResultsDirectory="1fa41eb7-2878-4a7a-8ea4-724a2b214161" />
    <UnitTestResult executionId="fcd0836e-48a7-4109-9547-04b3dc134674" testId="1e66f76c-faa6-4713-ba07-4ae52940da27" testName="V3 engine (runtime)" computerName="DDBLD061B" duration="00:00:00.0010000" startTime="2015-04-27T07:09:13.1860226-07:00" endTime="2015-04-27T07:09:13.1860226-07:00" testType="13cdc9d9-ddb5-4fa4-a97d-d965ccfc6d4b" outcome="Passed" testListId="8c84fa94-04c1-424b-9868-57a2d4851a1d" relativeResultsDirectory="fcd0836e-48a7-4109-9547-04b3dc134674" />
    <UnitTestResult executionId="2dd5afdc-294d-45fe-9099-4c898c3e7b12" testId="600eea3b-4a60-455d-9e24-9970ade3b98c" testName="V3 composition (V1, V2)" computerName="DDBLD061B" duration="00:00:00.0270000" startTime="2015-04-27T07:09:13.1860226-07:00" endTime="2015-04-27T07:09:13.1860226-07:00" testType="13cdc9d9-ddb5-4fa4-a97d-d965ccfc6d4b" outcome="Passed" testListId="8c84fa94-04c1-424b-9868-57a2d4851a1d" relativeResultsDirectory="2dd5afdc-294d-45fe-9099-4c898c3e7b12">
      <Output>
        <StdOut>Catalog AttributedPartDiscoveryV1 vs. AttributedPartDiscovery
      Part
          Type: Microsoft.VisualStudio.Composition.Tests.ImportingConstructorTests+PartWithImportingConstructorOfPartWithImportingConstructor
+         Part metadata:
+             SharingBoundary = 
          SharingBoundary: 
-         IsSharingBoundaryInferred: True
-         CreationPolicy: Any
+         IsSharingBoundaryInferred: False
+         CreationPolicy: Shared
          OnImportsSatisfied: &lt;null&gt;
          ExportedTypes:
              ExportDefinition
                  ContractName: Microsoft.VisualStudio.Composition.Tests.ImportingConstructorTests+PartWithImportingConstructorOfPartWithImportingConstructor
                  Metadata:
                      ExportTypeIdentity = Microsoft.VisualStudio.Composition.Tests.ImportingConstructorTests+PartWithImportingConstructorOfPartWithImportingConstructor
+                     System.ComponentModel.Composition.CreationPolicy = Shared
          ExportingMembers:
          ImportingMembers:
          ImportingConstructor:
              ImportDefinition:
                  ContractName: Microsoft.VisualStudio.Composition.Tests.ImportingConstructorTests+PartWithImportingConstructorOfPartWithLazyImportingConstructor
                  Cardinality: ExactlyOne
                  Metadata:
                  ExportFactorySharingBoundaries: 
                  ExportConstraints: 
                      ExportTypeIdentityConstraint
                          TypeIdentityName: Microsoft.VisualStudio.Composition.Tests.ImportingConstructorTests+PartWithImportingConstructorOfPartWithLazyImportingConstructor
              ComposablePartType: Microsoft.VisualStudio.Composition.Tests.ImportingConstructorTests+PartWithImportingConstructorOfPartWithImportingConstructor
              ImportingMember: 
              ParameterInfo: System.Lazy`1[Microsoft.VisualStudio.Composition.Tests.ImportingConstructorTests+PartWithImportingConstructorOfPartWithLazyImportingConstructor] import
              ImportingSiteType: System.Lazy`1[Microsoft.VisualStudio.Composition.Tests.ImportingConstructorTests+PartWithImportingConstructorOfPartWithLazyImportingConstructor]
      Part
          Type: Microsoft.VisualStudio.Composition.Tests.ImportingConstructorTests+PartWithImportingConstructorOfPartWithLazyImportingConstructor
+         Part metadata:
+             SharingBoundary = 
          SharingBoundary: 
-         IsSharingBoundaryInferred: True
-         CreationPolicy: Any
+         IsSharingBoundaryInferred: False
+         CreationPolicy: Shared
          OnImportsSatisfied: &lt;null&gt;
          ExportedTypes:
              ExportDefinition
                  ContractName: Microsoft.VisualStudio.Composition.Tests.ImportingConstructorTests+PartWithImportingConstructorOfPartWithLazyImportingConstructor
                  Metadata:
                      ExportTypeIdentity = Microsoft.VisualStudio.Composition.Tests.ImportingConstructorTests+PartWithImportingConstructorOfPartWithLazyImportingConstructor
+                     System.ComponentModel.Composition.CreationPolicy = Shared
          ExportingMembers:
          ImportingMembers:
          ImportingConstructor:
              ImportDefinition:
                  ContractName: Microsoft.VisualStudio.Composition.Tests.ImportingConstructorTests+PartWithImportingConstructorOfPartWithImportingConstructor
                  Cardinality: ExactlyOne
                  Metadata:
                  ExportFactorySharingBoundaries: 
                  ExportConstraints: 
                      ExportTypeIdentityConstraint
                          TypeIdentityName: Microsoft.VisualStudio.Composition.Tests.ImportingConstructorTests+PartWithImportingConstructorOfPartWithImportingConstructor
              ComposablePartType: Microsoft.VisualStudio.Composition.Tests.ImportingConstructorTests+PartWithImportingConstructorOfPartWithLazyImportingConstructor
              ImportingMember: 
              ParameterInfo: PartWithImportingConstructorOfPartWithImportingConstructor other
              ImportingSiteType: Microsoft.VisualStudio.Composition.Tests.ImportingConstructorTests+PartWithImportingConstructorOfPartWithImportingConstructor</StdOut>
      </Output>
    </UnitTestResult>
    <UnitTestResult executionId="78d5504f-c7d0-42be-a601-1d2cce77071f" testId="5c2f8613-f4ee-4b46-b31a-289819de65c3" testName="V1" computerName="DDBLD061B" duration="00:00:02.8910000" startTime="2015-04-27T07:09:13.1860226-07:00" endTime="2015-04-27T07:09:13.1860226-07:00" testType="13cdc9d9-ddb5-4fa4-a97d-d965ccfc6d4b" outcome="Passed" testListId="8c84fa94-04c1-424b-9868-57a2d4851a1d" relativeResultsDirectory="78d5504f-c7d0-42be-a601-1d2cce77071f" />
    <UnitTestResult executionId="99adb0e0-2a41-4384-b932-fa8e4f1bd583" testId="b1a3cc8c-f3ea-4bde-9eb1-53946b040ded" testName="V3 engine (runtime)" computerName="DDBLD061B" duration="00:00:00.0010000" startTime="2015-04-27T07:09:13.1860226-07:00" endTime="2015-04-27T07:09:13.1860226-07:00" testType="13cdc9d9-ddb5-4fa4-a97d-d965ccfc6d4b" outcome="Passed" testListId="8c84fa94-04c1-424b-9868-57a2d4851a1d" relativeResultsDirectory="99adb0e0-2a41-4384-b932-fa8e4f1bd583" />
    <UnitTestResult executionId="d4267116-d041-4438-bb0b-c501bd71c4a9" testId="3d50928b-c4ef-48f7-a9d2-cd23de27d4c4" testName="V1" computerName="DDBLD061B" duration="00:00:00.0010000" startTime="2015-04-27T07:09:13.1860226-07:00" endTime="2015-04-27T07:09:13.1860226-07:00" testType="13cdc9d9-ddb5-4fa4-a97d-d965ccfc6d4b" outcome="Passed" testListId="8c84fa94-04c1-424b-9868-57a2d4851a1d" relativeResultsDirectory="d4267116-d041-4438-bb0b-c501bd71c4a9" />
    <UnitTestResult executionId="9dfc8272-e183-4a1d-bce7-0a2d6e336151" testId="20433303-819d-4341-a426-50b4854a2ae8" testName="V3 engine (runtime)" computerName="DDBLD061B" duration="00:00:00.0010000" startTime="2015-04-27T07:09:13.1860226-07:00" endTime="2015-04-27T07:09:13.1860226-07:00" testType="13cdc9d9-ddb5-4fa4-a97d-d965ccfc6d4b" outcome="Passed" testListId="8c84fa94-04c1-424b-9868-57a2d4851a1d" relativeResultsDirectory="9dfc8272-e183-4a1d-bce7-0a2d6e336151" />
    <UnitTestResult executionId="4bee0b97-396c-46a2-a8fd-9e43ba1831ea" testId="8e22fa3b-d39d-4d3d-9098-4bcac55912e7" testName="V2" computerName="DDBLD061B" duration="00:00:00.0010000" startTime="2015-04-27T07:09:13.5297146-07:00" endTime="2015-04-27T07:09:13.5297146-07:00" testType="13cdc9d9-ddb5-4fa4-a97d-d965ccfc6d4b" outcome="Passed" testListId="8c84fa94-04c1-424b-9868-57a2d4851a1d" relativeResultsDirectory="4bee0b97-396c-46a2-a8fd-9e43ba1831ea" />
    <UnitTestResult executionId="cc1bf178-0c00-4399-a173-2fe1da641896" testId="b86412e4-53ce-42d7-bd49-0bbbf0d5f40e" testName="V3 engine (runtime)" computerName="DDBLD061B" duration="00:00:00.0010000" startTime="2015-04-27T07:09:13.5297146-07:00" endTime="2015-04-27T07:09:13.5297146-07:00" testType="13cdc9d9-ddb5-4fa4-a97d-d965ccfc6d4b" outcome="Passed" testListId="8c84fa94-04c1-424b-9868-57a2d4851a1d" relativeResultsDirectory="cc1bf178-0c00-4399-a173-2fe1da641896" />
    <UnitTestResult executionId="cc726f73-9320-4599-9e1a-6145fd5e60d9" testId="52393e0d-d46f-4a15-aa44-885cc6b8264b" testName="V3 engine (runtime)" computerName="DDBLD061B" duration="00:00:00.0010000" startTime="2015-04-27T07:09:13.5297146-07:00" endTime="2015-04-27T07:09:13.5297146-07:00" testType="13cdc9d9-ddb5-4fa4-a97d-d965ccfc6d4b" outcome="Passed" testListId="8c84fa94-04c1-424b-9868-57a2d4851a1d" relativeResultsDirectory="cc726f73-9320-4599-9e1a-6145fd5e60d9" />
    <UnitTestResult executionId="e84c3ad2-85c1-4829-b104-40baf4264a1f" testId="df549f11-a508-4ea8-b2e5-cf07e94c3542" testName="V3 composition (V1, V2)" computerName="DDBLD061B" duration="00:00:00.0310000" startTime="2015-04-27T07:09:13.5297146-07:00" endTime="2015-04-27T07:09:13.5297146-07:00" testType="13cdc9d9-ddb5-4fa4-a97d-d965ccfc6d4b" outcome="Passed" testListId="8c84fa94-04c1-424b-9868-57a2d4851a1d" relativeResultsDirectory="e84c3ad2-85c1-4829-b104-40baf4264a1f">
      <Output>
        <StdOut>Catalog AttributedPartDiscoveryV1 vs. AttributedPartDiscovery
      Part
          Type: Microsoft.VisualStudio.Composition.Tests.ExportMetadataTests+ExportWithTypeMetadata
-         SharingBoundary: 
-         IsSharingBoundaryInferred: True
-         CreationPolicy: Any
+         SharingBoundary: &lt;null&gt;
+         IsSharingBoundaryInferred: False
+         CreationPolicy: NonShared
          OnImportsSatisfied: &lt;null&gt;
          ExportedTypes:
              ExportDefinition
                  ContractName: Microsoft.VisualStudio.Composition.Tests.ExportMetadataTests+ExportWithTypeMetadata
                  Metadata:
                      ExportTypeIdentity = Microsoft.VisualStudio.Composition.Tests.ExportMetadataTests+ExportWithTypeMetadata
+                     System.ComponentModel.Composition.CreationPolicy = NonShared
                      SomeName = System.Int32
          ExportingMembers:
          ImportingMembers:
          ImportingConstructor:
      Part
          Type: Microsoft.VisualStudio.Composition.Tests.ExportMetadataTests+PartThatImportsTypeMetadata
-         SharingBoundary: 
-         IsSharingBoundaryInferred: True
-         CreationPolicy: Any
+         SharingBoundary: &lt;null&gt;
+         IsSharingBoundaryInferred: False
+         CreationPolicy: NonShared
          OnImportsSatisfied: &lt;null&gt;
          ExportedTypes:
              ExportDefinition
                  ContractName: Microsoft.VisualStudio.Composition.Tests.ExportMetadataTests+PartThatImportsTypeMetadata
                  Metadata:
                      ExportTypeIdentity = Microsoft.VisualStudio.Composition.Tests.ExportMetadataTests+PartThatImportsTypeMetadata
+                     System.ComponentModel.Composition.CreationPolicy = NonShared
          ExportingMembers:
          ImportingMembers:
              ImportDefinition:
                  ContractName: Microsoft.VisualStudio.Composition.Tests.ExportMetadataTests+ExportWithTypeMetadata
                  Cardinality: ExactlyOne
                  Metadata:
                  ExportFactorySharingBoundaries: 
                  ExportConstraints: 
                      ExportTypeIdentityConstraint
                          TypeIdentityName: Microsoft.VisualStudio.Composition.Tests.ExportMetadataTests+ExportWithTypeMetadata
                      ImportMetadataViewConstraint
              ComposablePartType: Microsoft.VisualStudio.Composition.Tests.ExportMetadataTests+PartThatImportsTypeMetadata
              ImportingMember: System.Lazy`2[Microsoft.VisualStudio.Composition.Tests.ExportMetadataTests+ExportWithTypeMetadata,System.Collections.Generic.IDictionary`2[System.String,System.Object]] ImportingProperty
              ParameterInfo: 
              ImportingSiteType: System.Lazy`2[Microsoft.VisualStudio.Composition.Tests.ExportMetadataTests+ExportWithTypeMetadata,System.Collections.Generic.IDictionary`2[System.String,System.Object]]
          ImportingConstructor:</StdOut>
      </Output>
    </UnitTestResult>
    <UnitTestResult executionId="89d6995d-ea7b-4213-8e18-afa9eb763ba2" testId="58efc2a2-20f2-464b-9945-bb8d24e97bcd" testName="V3 composition (V1, V2)" computerName="DDBLD061B" duration="00:00:00.0230000" startTime="2015-04-27T07:09:13.5453389-07:00" endTime="2015-04-27T07:09:13.5453389-07:00" testType="13cdc9d9-ddb5-4fa4-a97d-d965ccfc6d4b" outcome="Passed" testListId="8c84fa94-04c1-424b-9868-57a2d4851a1d" relativeResultsDirectory="89d6995d-ea7b-4213-8e18-afa9eb763ba2" />
    <UnitTestResult executionId="9f42f37f-1087-46ec-afec-ece7fed13537" testId="0ffae8c4-e1ab-4468-8a1e-6e6f447c3e0d" testName="V1" computerName="DDBLD061B" duration="00:00:00.0020000" startTime="2015-04-27T07:09:13.5453389-07:00" endTime="2015-04-27T07:09:13.5453389-07:00" testType="13cdc9d9-ddb5-4fa4-a97d-d965ccfc6d4b" outcome="Passed" testListId="8c84fa94-04c1-424b-9868-57a2d4851a1d" relativeResultsDirectory="9f42f37f-1087-46ec-afec-ece7fed13537" />
    <UnitTestResult executionId="ffc350a1-cdf3-4f6b-9a42-5ad1d9ae7d38" testId="4a38679a-4533-49a6-982a-d1037e6545c1" testName="V3 engine (runtime)" computerName="DDBLD061B" duration="00:00:00.0010000" startTime="2015-04-27T07:09:13.5453389-07:00" endTime="2015-04-27T07:09:13.5453389-07:00" testType="13cdc9d9-ddb5-4fa4-a97d-d965ccfc6d4b" outcome="Passed" testListId="8c84fa94-04c1-424b-9868-57a2d4851a1d" relativeResultsDirectory="ffc350a1-cdf3-4f6b-9a42-5ad1d9ae7d38" />
    <UnitTestResult executionId="f3a03ff6-83a6-4f7b-8926-d643d9865955" testId="810a2134-8b81-4464-9ae6-3b5c3d2e112b" testName="V1" computerName="DDBLD061B" duration="00:00:00.0010000" startTime="2015-04-27T07:09:13.5453389-07:00" endTime="2015-04-27T07:09:13.5453389-07:00" testType="13cdc9d9-ddb5-4fa4-a97d-d965ccfc6d4b" outcome="Passed" testListId="8c84fa94-04c1-424b-9868-57a2d4851a1d" relativeResultsDirectory="f3a03ff6-83a6-4f7b-8926-d643d9865955" />
    <UnitTestResult executionId="ca919bea-5ab6-44da-a727-506ea3eda763" testId="1a8fda24-34d4-455a-b7e4-9e223022540e" testName="V3 engine (runtime)" computerName="DDBLD061B" duration="00:00:00.0010000" startTime="2015-04-27T07:09:14.1547723-07:00" endTime="2015-04-27T07:09:14.1547723-07:00" testType="13cdc9d9-ddb5-4fa4-a97d-d965ccfc6d4b" outcome="Passed" testListId="8c84fa94-04c1-424b-9868-57a2d4851a1d" relativeResultsDirectory="ca919bea-5ab6-44da-a727-506ea3eda763" />
    <UnitTestResult executionId="b0905a80-672c-4930-bc98-e75f0425f630" testId="9ae68a98-5f2a-41e5-9aae-26025ace2073" testName="V3 engine (runtime)" computerName="DDBLD061B" duration="00:00:00.0010000" startTime="2015-04-27T07:09:14.1547723-07:00" endTime="2015-04-27T07:09:14.1547723-07:00" testType="13cdc9d9-ddb5-4fa4-a97d-d965ccfc6d4b" outcome="Passed" testListId="8c84fa94-04c1-424b-9868-57a2d4851a1d" relativeResultsDirectory="b0905a80-672c-4930-bc98-e75f0425f630" />
    <UnitTestResult executionId="8a4bb471-a256-4125-a838-9c10c4f71c26" testId="ab062985-0dd7-4cb5-aab4-b7ef41f26f60" testName="V1" computerName="DDBLD061B" duration="00:00:00.0010000" startTime="2015-04-27T07:09:14.1547723-07:00" endTime="2015-04-27T07:09:14.1547723-07:00" testType="13cdc9d9-ddb5-4fa4-a97d-d965ccfc6d4b" outcome="Passed" testListId="8c84fa94-04c1-424b-9868-57a2d4851a1d" relativeResultsDirectory="8a4bb471-a256-4125-a838-9c10c4f71c26" />
    <UnitTestResult executionId="03b7a2fc-56a1-47b4-a8ce-9374efe101f0" testId="e86c7b5f-7533-44be-956a-ef3a66ec0f64" testName="V2" computerName="DDBLD061B" duration="00:00:00.0010000" startTime="2015-04-27T07:09:14.1547723-07:00" endTime="2015-04-27T07:09:14.1547723-07:00" testType="13cdc9d9-ddb5-4fa4-a97d-d965ccfc6d4b" outcome="Passed" testListId="8c84fa94-04c1-424b-9868-57a2d4851a1d" relativeResultsDirectory="03b7a2fc-56a1-47b4-a8ce-9374efe101f0" />
    <UnitTestResult executionId="48748447-32e7-4142-b437-635480ff3b9f" testId="172ae4a2-a0b3-41fc-8ee2-c117724fb138" testName="V3 engine (runtime)" computerName="DDBLD061B" duration="00:00:00.0010000" startTime="2015-04-27T07:09:14.1547723-07:00" endTime="2015-04-27T07:09:14.1547723-07:00" testType="13cdc9d9-ddb5-4fa4-a97d-d965ccfc6d4b" outcome="Passed" testListId="8c84fa94-04c1-424b-9868-57a2d4851a1d" relativeResultsDirectory="48748447-32e7-4142-b437-635480ff3b9f" />
    <UnitTestResult executionId="57d65a91-077d-4735-84f1-9589f3fe887b" testId="0ad4bd37-e5d5-4ae1-94de-c18702dedcd1" testName="V1" computerName="DDBLD061B" duration="00:00:00.0040000" startTime="2015-04-27T07:09:14.1547723-07:00" endTime="2015-04-27T07:09:14.1547723-07:00" testType="13cdc9d9-ddb5-4fa4-a97d-d965ccfc6d4b" outcome="Passed" testListId="8c84fa94-04c1-424b-9868-57a2d4851a1d" relativeResultsDirectory="57d65a91-077d-4735-84f1-9589f3fe887b" />
    <UnitTestResult executionId="e7a8e94b-16dd-49e3-aeb8-3254e22be1c0" testId="8e4878b8-edce-4205-8a96-fa66c8239fcf" testName="V3 composition (V1)" computerName="DDBLD061B" duration="00:00:00.0530000" startTime="2015-04-27T07:09:14.1547723-07:00" endTime="2015-04-27T07:09:14.1547723-07:00" testType="13cdc9d9-ddb5-4fa4-a97d-d965ccfc6d4b" outcome="Passed" testListId="8c84fa94-04c1-424b-9868-57a2d4851a1d" relativeResultsDirectory="e7a8e94b-16dd-49e3-aeb8-3254e22be1c0" />
    <UnitTestResult executionId="f4343c71-2112-4239-bce1-a089fa2c5443" testId="5f97c57c-3cdd-44f2-8297-ceb97c33ff35" testName="V3 composition (V1)" computerName="DDBLD061B" duration="00:00:00.0430000" startTime="2015-04-27T07:09:14.1547723-07:00" endTime="2015-04-27T07:09:14.1547723-07:00" testType="13cdc9d9-ddb5-4fa4-a97d-d965ccfc6d4b" outcome="Passed" testListId="8c84fa94-04c1-424b-9868-57a2d4851a1d" relativeResultsDirectory="f4343c71-2112-4239-bce1-a089fa2c5443" />
    <UnitTestResult executionId="8a43ce38-6163-4535-839d-63afbe3fdf85" testId="542096df-3932-4350-9416-ff852fafa73a" testName="V3 composition (V1, V2)" computerName="DDBLD061B" duration="00:00:00.0530000" startTime="2015-04-27T07:09:14.1547723-07:00" endTime="2015-04-27T07:09:14.1547723-07:00" testType="13cdc9d9-ddb5-4fa4-a97d-d965ccfc6d4b" outcome="Passed" testListId="8c84fa94-04c1-424b-9868-57a2d4851a1d" relativeResultsDirectory="8a43ce38-6163-4535-839d-63afbe3fdf85">
      <Output>
        <StdOut>Catalog AttributedPartDiscoveryV1 vs. AttributedPartDiscovery
      Part
          Type: Microsoft.VisualStudio.Composition.Tests.ImportingConstructorTests+PartThatImportsPartWithOwnImports
+         Part metadata:
+             SharingBoundary = 
          SharingBoundary: 
-         IsSharingBoundaryInferred: True
-         CreationPolicy: Any
+         IsSharingBoundaryInferred: False
+         CreationPolicy: Shared
          OnImportsSatisfied: &lt;null&gt;
          ExportedTypes:
              ExportDefinition
                  ContractName: Microsoft.VisualStudio.Composition.Tests.ImportingConstructorTests+PartThatImportsPartWithOwnImports
                  Metadata:
                      ExportTypeIdentity = Microsoft.VisualStudio.Composition.Tests.ImportingConstructorTests+PartThatImportsPartWithOwnImports
+                     System.ComponentModel.Composition.CreationPolicy = Shared
          ExportingMembers:
          ImportingMembers:
          ImportingConstructor:
              ImportDefinition:
                  ContractName: Microsoft.VisualStudio.Composition.Tests.ImportingConstructorTests+PartThatImportsRandomExport
                  Cardinality: ExactlyOne
                  Metadata:
                  ExportFactorySharingBoundaries: 
                  ExportConstraints: 
                      ExportTypeIdentityConstraint
                          TypeIdentityName: Microsoft.VisualStudio.Composition.Tests.ImportingConstructorTests+PartThatImportsRandomExport
              ComposablePartType: Microsoft.VisualStudio.Composition.Tests.ImportingConstructorTests+PartThatImportsPartWithOwnImports
              ImportingMember: 
              ParameterInfo: PartThatImportsRandomExport export
              ImportingSiteType: Microsoft.VisualStudio.Composition.Tests.ImportingConstructorTests+PartThatImportsRandomExport
      Part
          Type: Microsoft.VisualStudio.Composition.Tests.ImportingConstructorTests+PartThatImportsRandomExport
+         Part metadata:
+             SharingBoundary = 
          SharingBoundary: 
-         IsSharingBoundaryInferred: True
-         CreationPolicy: Any
+         IsSharingBoundaryInferred: False
+         CreationPolicy: Shared
          OnImportsSatisfied: &lt;null&gt;
          ExportedTypes:
              ExportDefinition
                  ContractName: Microsoft.VisualStudio.Composition.Tests.ImportingConstructorTests+PartThatImportsRandomExport
                  Metadata:
                      ExportTypeIdentity = Microsoft.VisualStudio.Composition.Tests.ImportingConstructorTests+PartThatImportsRandomExport
+                     System.ComponentModel.Composition.CreationPolicy = Shared
          ExportingMembers:
          ImportingMembers:
              ImportDefinition:
                  ContractName: Microsoft.VisualStudio.Composition.Tests.ImportingConstructorTests+RandomExport
                  Cardinality: ExactlyOne
                  Metadata:
                  ExportFactorySharingBoundaries: 
                  ExportConstraints: 
                      ExportTypeIdentityConstraint
                          TypeIdentityName: Microsoft.VisualStudio.Composition.Tests.ImportingConstructorTests+RandomExport
              ComposablePartType: Microsoft.VisualStudio.Composition.Tests.ImportingConstructorTests+PartThatImportsRandomExport
              ImportingMember: RandomExport RandomExport
              ParameterInfo: 
              ImportingSiteType: Microsoft.VisualStudio.Composition.Tests.ImportingConstructorTests+RandomExport
          ImportingConstructor:
      Part
          Type: Microsoft.VisualStudio.Composition.Tests.ImportingConstructorTests+RandomExport
          SharingBoundary: &lt;null&gt;
          IsSharingBoundaryInferred: False
          CreationPolicy: NonShared
          OnImportsSatisfied: &lt;null&gt;
          ExportedTypes:
-             ExportDefinition
-                 ContractName: Microsoft.VisualStudio.Composition.Tests.ImportingConstructorTests+IRandomExport
-                 Metadata:
-                     ExportTypeIdentity = Microsoft.VisualStudio.Composition.Tests.ImportingConstructorTests+IRandomExport
-                     System.ComponentModel.Composition.CreationPolicy = NonShared
-                     SomeMetadata = 1
              ExportDefinition
                  ContractName: Microsoft.VisualStudio.Composition.Tests.ImportingConstructorTests+RandomExport
                  Metadata:
                      ExportTypeIdentity = Microsoft.VisualStudio.Composition.Tests.ImportingConstructorTests+RandomExport
                      System.ComponentModel.Composition.CreationPolicy = NonShared
                      SomeMetadata = 1
          ExportingMembers:
          ImportingMembers:
          ImportingConstructor:</StdOut>
      </Output>
    </UnitTestResult>
    <UnitTestResult executionId="02ce325a-6403-4a20-bb3a-f214f09e2d3e" testId="10f043d0-0ee9-4ccc-b880-8891c2e46d99" testName="V3 composition (V1, V2)" computerName="DDBLD061B" duration="00:00:00.0590000" startTime="2015-04-27T07:09:14.1547723-07:00" endTime="2015-04-27T07:09:14.1547723-07:00" testType="13cdc9d9-ddb5-4fa4-a97d-d965ccfc6d4b" outcome="Passed" testListId="8c84fa94-04c1-424b-9868-57a2d4851a1d" relativeResultsDirectory="02ce325a-6403-4a20-bb3a-f214f09e2d3e">
      <Output>
        <StdOut>Catalog AttributedPartDiscoveryV1 vs. AttributedPartDiscovery
      Part
          Type: Microsoft.VisualStudio.Composition.Tests.ExportProviderTests+Apple
-         SharingBoundary: 
-         IsSharingBoundaryInferred: True
-         CreationPolicy: Any
+         SharingBoundary: &lt;null&gt;
+         IsSharingBoundaryInferred: False
+         CreationPolicy: NonShared
          OnImportsSatisfied: &lt;null&gt;
          ExportedTypes:
              ExportDefinition
                  ContractName: SomeContract
                  Metadata:
                      ExportTypeIdentity = Microsoft.VisualStudio.Composition.Tests.ExportProviderTests+Apple
+                     System.ComponentModel.Composition.CreationPolicy = NonShared
          ExportingMembers:
          ImportingMembers:
          ImportingConstructor:</StdOut>
      </Output>
    </UnitTestResult>
    <UnitTestResult executionId="46d1af49-2a64-456b-94d5-ef5eef763de1" testId="1b71005f-4166-4f31-a7ee-0c5942ea5daa" testName="V3 engine (runtime)" computerName="DDBLD061B" duration="00:00:00.0010000" startTime="2015-04-27T07:09:14.4515770-07:00" endTime="2015-04-27T07:09:14.4515770-07:00" testType="13cdc9d9-ddb5-4fa4-a97d-d965ccfc6d4b" outcome="Passed" testListId="8c84fa94-04c1-424b-9868-57a2d4851a1d" relativeResultsDirectory="46d1af49-2a64-456b-94d5-ef5eef763de1" />
    <UnitTestResult executionId="9876463c-d294-4637-9731-234eb42568fc" testId="bedd46d0-20dd-4444-8ce7-50d45c63c166" testName="V3 engine (runtime)" computerName="DDBLD061B" duration="00:00:00.0010000" startTime="2015-04-27T07:09:14.4515770-07:00" endTime="2015-04-27T07:09:14.4515770-07:00" testType="13cdc9d9-ddb5-4fa4-a97d-d965ccfc6d4b" outcome="Passed" testListId="8c84fa94-04c1-424b-9868-57a2d4851a1d" relativeResultsDirectory="9876463c-d294-4637-9731-234eb42568fc" />
    <UnitTestResult executionId="227610d9-ed9c-4a31-ac35-8c47a3ea96e5" testId="c5156db8-cf7a-496f-9a89-add88528cf6e" testName="V3 engine (runtime)" computerName="DDBLD061B" duration="00:00:00.0010000" startTime="2015-04-27T07:09:14.4515770-07:00" endTime="2015-04-27T07:09:14.4515770-07:00" testType="13cdc9d9-ddb5-4fa4-a97d-d965ccfc6d4b" outcome="Passed" testListId="8c84fa94-04c1-424b-9868-57a2d4851a1d" relativeResultsDirectory="227610d9-ed9c-4a31-ac35-8c47a3ea96e5" />
    <UnitTestResult executionId="82d33924-49b6-4662-a47d-99db0a49f1e1" testId="4f1aa771-91eb-49e6-ab73-234c9021321b" testName="V3 engine (runtime)" computerName="DDBLD061B" duration="00:00:00.0020000" startTime="2015-04-27T07:09:14.4515770-07:00" endTime="2015-04-27T07:09:14.4515770-07:00" testType="13cdc9d9-ddb5-4fa4-a97d-d965ccfc6d4b" outcome="Passed" testListId="8c84fa94-04c1-424b-9868-57a2d4851a1d" relativeResultsDirectory="82d33924-49b6-4662-a47d-99db0a49f1e1" />
    <UnitTestResult executionId="d31313e6-65c6-4318-b5a8-0024570c4cde" testId="00a93c62-958e-4015-838b-37cdeabdbff7" testName="V1" computerName="DDBLD061B" duration="00:00:00.0010000" startTime="2015-04-27T07:09:14.4515770-07:00" endTime="2015-04-27T07:09:14.4515770-07:00" testType="13cdc9d9-ddb5-4fa4-a97d-d965ccfc6d4b" outcome="Passed" testListId="8c84fa94-04c1-424b-9868-57a2d4851a1d" relativeResultsDirectory="d31313e6-65c6-4318-b5a8-0024570c4cde" />
    <UnitTestResult executionId="c9648aef-d829-4d4d-a2ee-8ce8df6ebbac" testId="58e79d0d-c17a-4e52-8eb0-0727e19351ad" testName="V1" computerName="DDBLD061B" duration="00:00:00.0130000" startTime="2015-04-27T07:09:14.4515770-07:00" endTime="2015-04-27T07:09:14.4515770-07:00" testType="13cdc9d9-ddb5-4fa4-a97d-d965ccfc6d4b" outcome="Passed" testListId="8c84fa94-04c1-424b-9868-57a2d4851a1d" relativeResultsDirectory="c9648aef-d829-4d4d-a2ee-8ce8df6ebbac" />
    <UnitTestResult executionId="0b1a7b34-dad3-4e95-9c66-f975b161eaae" testId="40ee80d7-31b7-425d-94da-cf8d1f96cf5c" testName="V1" computerName="DDBLD061B" duration="00:00:00.0290000" startTime="2015-04-27T07:09:15.0141351-07:00" endTime="2015-04-27T07:09:15.0141351-07:00" testType="13cdc9d9-ddb5-4fa4-a97d-d965ccfc6d4b" outcome="Passed" testListId="8c84fa94-04c1-424b-9868-57a2d4851a1d" relativeResultsDirectory="0b1a7b34-dad3-4e95-9c66-f975b161eaae" />
    <UnitTestResult executionId="49d010eb-8166-49d6-bc7b-710b7039d435" testId="0138a5a1-c46c-48b1-8b09-86611031e067" testName="V3 engine (runtime)" computerName="DDBLD061B" duration="00:00:00.0560000" startTime="2015-04-27T07:09:15.0141351-07:00" endTime="2015-04-27T07:09:15.0141351-07:00" testType="13cdc9d9-ddb5-4fa4-a97d-d965ccfc6d4b" outcome="Passed" testListId="8c84fa94-04c1-424b-9868-57a2d4851a1d" relativeResultsDirectory="49d010eb-8166-49d6-bc7b-710b7039d435" />
    <UnitTestResult executionId="4050f257-8bb7-482a-8e1a-effecea69a7a" testId="a3303368-48e6-4164-9294-d95960b7dc21" testName="V3 composition (V1, V2)" computerName="DDBLD061B" duration="00:00:00.1440000" startTime="2015-04-27T07:09:15.0141351-07:00" endTime="2015-04-27T07:09:15.0141351-07:00" testType="13cdc9d9-ddb5-4fa4-a97d-d965ccfc6d4b" outcome="Passed" testListId="8c84fa94-04c1-424b-9868-57a2d4851a1d" relativeResultsDirectory="4050f257-8bb7-482a-8e1a-effecea69a7a" />
    <UnitTestResult executionId="f850cf60-a178-4821-b309-035b8b3b7ecf" testId="2ba86e0f-c9d8-4058-ab86-972a0e2b5509" testName="V3 engine (runtime)" computerName="DDBLD061B" duration="00:00:00.0460000" startTime="2015-04-27T07:09:15.0141351-07:00" endTime="2015-04-27T07:09:15.0141351-07:00" testType="13cdc9d9-ddb5-4fa4-a97d-d965ccfc6d4b" outcome="Passed" testListId="8c84fa94-04c1-424b-9868-57a2d4851a1d" relativeResultsDirectory="f850cf60-a178-4821-b309-035b8b3b7ecf" />
    <UnitTestResult executionId="651640cd-07b3-493c-8877-63e2a9f666fd" testId="caba4710-8876-451c-87d9-e917508bf922" testName="V1" computerName="DDBLD061B" duration="00:00:00.0010000" startTime="2015-04-27T07:09:15.0141351-07:00" endTime="2015-04-27T07:09:15.0141351-07:00" testType="13cdc9d9-ddb5-4fa4-a97d-d965ccfc6d4b" outcome="Passed" testListId="8c84fa94-04c1-424b-9868-57a2d4851a1d" relativeResultsDirectory="651640cd-07b3-493c-8877-63e2a9f666fd" />
    <UnitTestResult executionId="c00533d0-8e95-4983-9ee3-707923835cbf" testId="729a3c17-479d-4697-8b22-585ee6c04e25" testName="V1" computerName="DDBLD061B" duration="00:00:00.0010000" startTime="2015-04-27T07:09:15.0141351-07:00" endTime="2015-04-27T07:09:15.0141351-07:00" testType="13cdc9d9-ddb5-4fa4-a97d-d965ccfc6d4b" outcome="Passed" testListId="8c84fa94-04c1-424b-9868-57a2d4851a1d" relativeResultsDirectory="c00533d0-8e95-4983-9ee3-707923835cbf" />
    <UnitTestResult executionId="897943de-22da-4d37-ba43-e95ce413dad1" testId="0621796f-1a8c-43c6-bdc0-5da3ddccacf5" testName="V2" computerName="DDBLD061B" duration="00:00:00.0010000" startTime="2015-04-27T07:09:15.0141351-07:00" endTime="2015-04-27T07:09:15.0141351-07:00" testType="13cdc9d9-ddb5-4fa4-a97d-d965ccfc6d4b" outcome="Passed" testListId="8c84fa94-04c1-424b-9868-57a2d4851a1d" relativeResultsDirectory="897943de-22da-4d37-ba43-e95ce413dad1" />
    <UnitTestResult executionId="81636430-99e3-4209-b5cd-23713469c120" testId="b4ecba90-04c3-4c38-ae3e-30e511e18b5a" testName="V2" computerName="DDBLD061B" duration="00:00:00.0770000" startTime="2015-04-27T07:09:15.0141351-07:00" endTime="2015-04-27T07:09:15.0141351-07:00" testType="13cdc9d9-ddb5-4fa4-a97d-d965ccfc6d4b" outcome="Passed" testListId="8c84fa94-04c1-424b-9868-57a2d4851a1d" relativeResultsDirectory="81636430-99e3-4209-b5cd-23713469c120" />
    <UnitTestResult executionId="51372930-ada8-46c7-a684-f51f5fdbd969" testId="27e96124-7896-4643-8ac0-5818b503d5d8" testName="V3 engine (runtime)" computerName="DDBLD061B" duration="00:00:00.0010000" startTime="2015-04-27T07:09:15.0141351-07:00" endTime="2015-04-27T07:09:15.0141351-07:00" testType="13cdc9d9-ddb5-4fa4-a97d-d965ccfc6d4b" outcome="Passed" testListId="8c84fa94-04c1-424b-9868-57a2d4851a1d" relativeResultsDirectory="51372930-ada8-46c7-a684-f51f5fdbd969" />
    <UnitTestResult executionId="bf0b01cf-fa54-4b12-a177-7579a268d56d" testId="0a613b00-c81c-4716-b9f6-1050855a8e26" testName="V3 composition (V1)" computerName="DDBLD061B" duration="00:00:00.0790000" startTime="2015-04-27T07:09:15.0141351-07:00" endTime="2015-04-27T07:09:15.0141351-07:00" testType="13cdc9d9-ddb5-4fa4-a97d-d965ccfc6d4b" outcome="Passed" testListId="8c84fa94-04c1-424b-9868-57a2d4851a1d" relativeResultsDirectory="bf0b01cf-fa54-4b12-a177-7579a268d56d">
      <Output>
        <StdOut>Catalog BeforeSerialization vs. AfterSerialization
      Part
          Type: Microsoft.VisualStudio.Composition.ExportMetadataViewInterfaceEmitProxy+MetadataViewProxyProvider
          Part metadata:
              VsMEFDgmlCategories = System.String[]
          SharingBoundary: &lt;null&gt;
          IsSharingBoundaryInferred: False
          CreationPolicy: NonShared
          OnImportsSatisfied: &lt;null&gt;
          ExportedTypes:
              ExportDefinition
                  ContractName: Microsoft.VisualStudio.Composition.IMetadataViewProvider
                  Metadata:
                      ExportTypeIdentity = Microsoft.VisualStudio.Composition.IMetadataViewProvider
                      System.ComponentModel.Composition.CreationPolicy = NonShared
                      OrderPrecedence = 50
          ExportingMembers:
          ImportingMembers:
          ImportingConstructor:
      Part
          Type: Microsoft.VisualStudio.Composition.NetFxAdapters+CompositionService
          Part metadata:
              VsMEFDgmlCategories = System.String[]
          SharingBoundary: &lt;null&gt;
          IsSharingBoundaryInferred: False
          CreationPolicy: NonShared
          OnImportsSatisfied: &lt;null&gt;
          ExportedTypes:
              ExportDefinition
                  ContractName: System.ComponentModel.Composition.ICompositionService
                  Metadata:
                      ExportTypeIdentity = System.ComponentModel.Composition.ICompositionService
                      System.ComponentModel.Composition.CreationPolicy = NonShared
          ExportingMembers:
          ImportingMembers:
          ImportingConstructor:
              ImportDefinition:
                  ContractName: Microsoft.VisualStudio.Composition.ExportProvider
                  Cardinality: ExactlyOne
                  Metadata:
                  ExportFactorySharingBoundaries: 
                  ExportConstraints: 
                      ExportTypeIdentityConstraint
                          TypeIdentityName: Microsoft.VisualStudio.Composition.ExportProvider
              ComposablePartType: Microsoft.VisualStudio.Composition.NetFxAdapters+CompositionService
              ImportingMember: 
              ParameterInfo: Microsoft.VisualStudio.Composition.ExportProvider exportProvider
              ImportingSiteType: Microsoft.VisualStudio.Composition.ExportProvider
      Part
          Type: Microsoft.VisualStudio.Composition.NetFxAdapters+MetadataViewImplProxy
          Part metadata:
              VsMEFDgmlCategories = System.String[]
          SharingBoundary: 
          IsSharingBoundaryInferred: True
          CreationPolicy: Any
          OnImportsSatisfied: &lt;null&gt;
          ExportedTypes:
              ExportDefinition
                  ContractName: Microsoft.VisualStudio.Composition.IMetadataViewProvider
                  Metadata:
                      ExportTypeIdentity = Microsoft.VisualStudio.Composition.IMetadataViewProvider
                      OrderPrecedence = 100
          ExportingMembers:
          ImportingMembers:
          ImportingConstructor:
      Part
          Type: Microsoft.VisualStudio.Composition.NetFxAdapters+AssemblyLoadCodeBasePathLoader
          Part metadata:
              VsMEFDgmlCategories = System.String[]
          SharingBoundary: 
          IsSharingBoundaryInferred: True
          CreationPolicy: Any
          OnImportsSatisfied: &lt;null&gt;
          ExportedTypes:
              ExportDefinition
                  ContractName: Microsoft.VisualStudio.Composition.IAssemblyLoader
                  Metadata:
                      ExportTypeIdentity = Microsoft.VisualStudio.Composition.IAssemblyLoader
                      OrderPrecedence = 100
          ExportingMembers:
          ImportingMembers:
          ImportingConstructor:
      Part
          Type: Microsoft.VisualStudio.Composition.Tests.ExportMetadataTests+ExportWithMultipleMetadata
          SharingBoundary: 
          IsSharingBoundaryInferred: True
          CreationPolicy: Any
          OnImportsSatisfied: &lt;null&gt;
          ExportedTypes:
              ExportDefinition
                  ContractName: Microsoft.VisualStudio.Composition.Tests.ExportMetadataTests+ExportWithMultipleMetadata
                  Metadata:
                      ExportTypeIdentity = Microsoft.VisualStudio.Composition.Tests.ExportMetadataTests+ExportWithMultipleMetadata
-                     Name = System.RuntimeType[]
+                     Name = System.Type[]
          ExportingMembers:
          ImportingMembers:
          ImportingConstructor:
      Part
          Type: Microsoft.VisualStudio.Composition.Tests.ExportMetadataTests+ImportOfMultipleMetadata
          SharingBoundary: 
          IsSharingBoundaryInferred: True
          CreationPolicy: Any
          OnImportsSatisfied: &lt;null&gt;
          ExportedTypes:
              ExportDefinition
                  ContractName: Microsoft.VisualStudio.Composition.Tests.ExportMetadataTests+ImportOfMultipleMetadata
                  Metadata:
                      ExportTypeIdentity = Microsoft.VisualStudio.Composition.Tests.ExportMetadataTests+ImportOfMultipleMetadata
          ExportingMembers:
          ImportingMembers:
              ImportDefinition:
                  ContractName: Microsoft.VisualStudio.Composition.Tests.ExportMetadataTests+ExportWithMultipleMetadata
                  Cardinality: ExactlyOne
                  Metadata:
                  ExportFactorySharingBoundaries: 
                  ExportConstraints: 
                      ExportTypeIdentityConstraint
                          TypeIdentityName: Microsoft.VisualStudio.Composition.Tests.ExportMetadataTests+ExportWithMultipleMetadata
                      ImportMetadataViewConstraint
                          Name = System.Collections.Generic.IEnumerable&lt;System.Type&gt; (required: True)
              ComposablePartType: Microsoft.VisualStudio.Composition.Tests.ExportMetadataTests+ImportOfMultipleMetadata
              ImportingMember: System.Lazy`2[Microsoft.VisualStudio.Composition.Tests.ExportMetadataTests+ExportWithMultipleMetadata,Microsoft.VisualStudio.Composition.Tests.ExportMetadataTests+IMetadataViewForMultipleValues] ImportingProperty
              ParameterInfo: 
              ImportingSiteType: System.Lazy`2[Microsoft.VisualStudio.Composition.Tests.ExportMetadataTests+ExportWithMultipleMetadata,Microsoft.VisualStudio.Composition.Tests.ExportMetadataTests+IMetadataViewForMultipleValues]
          ImportingConstructor:</StdOut>
      </Output>
    </UnitTestResult>
    <UnitTestResult executionId="2975e685-61f5-4e3d-98de-cdd13eb4fc32" testId="e57f74c0-bccd-4b56-af4e-9ab7f2fb8337" testName="V3 composition (V1)" computerName="DDBLD061B" duration="00:00:00.0280000" startTime="2015-04-27T07:09:15.3890643-07:00" endTime="2015-04-27T07:09:15.3890643-07:00" testType="13cdc9d9-ddb5-4fa4-a97d-d965ccfc6d4b" outcome="Passed" testListId="8c84fa94-04c1-424b-9868-57a2d4851a1d" relativeResultsDirectory="2975e685-61f5-4e3d-98de-cdd13eb4fc32" />
    <UnitTestResult executionId="fbc4622b-b532-4d37-89c4-de0b4de74c99" testId="c5f4c8a9-510e-441a-ac97-14d7de27c232" testName="V3 composition (V1, V2)" computerName="DDBLD061B" duration="00:00:00.0580000" startTime="2015-04-27T07:09:15.3890643-07:00" endTime="2015-04-27T07:09:15.3890643-07:00" testType="13cdc9d9-ddb5-4fa4-a97d-d965ccfc6d4b" outcome="Passed" testListId="8c84fa94-04c1-424b-9868-57a2d4851a1d" relativeResultsDirectory="fbc4622b-b532-4d37-89c4-de0b4de74c99" />
    <UnitTestResult executionId="c127baa2-fdeb-43d3-84d6-a6d3fcf9fe4b" testId="d3bf1ed7-0348-47f7-a086-be30cbda724e" testName="V3 engine (runtime)" computerName="DDBLD061B" duration="00:00:00.0020000" startTime="2015-04-27T07:09:15.3890643-07:00" endTime="2015-04-27T07:09:15.3890643-07:00" testType="13cdc9d9-ddb5-4fa4-a97d-d965ccfc6d4b" outcome="Passed" testListId="8c84fa94-04c1-424b-9868-57a2d4851a1d" relativeResultsDirectory="c127baa2-fdeb-43d3-84d6-a6d3fcf9fe4b" />
    <UnitTestResult executionId="8d51ab55-6ec5-467d-a14c-c9ebd3f2e169" testId="e6a9aa12-f258-4e3d-a01b-3b55c24d1359" testName="V1" computerName="DDBLD061B" duration="00:00:00.0020000" startTime="2015-04-27T07:09:15.3890643-07:00" endTime="2015-04-27T07:09:15.3890643-07:00" testType="13cdc9d9-ddb5-4fa4-a97d-d965ccfc6d4b" outcome="Passed" testListId="8c84fa94-04c1-424b-9868-57a2d4851a1d" relativeResultsDirectory="8d51ab55-6ec5-467d-a14c-c9ebd3f2e169" />
    <UnitTestResult executionId="58a95ea9-8cac-48e8-a99e-e09bd3008788" testId="b8c7daf2-9453-4da8-aa16-e853fd6ee25a" testName="V3 engine (runtime)" computerName="DDBLD061B" duration="00:00:00.0010000" startTime="2015-04-27T07:09:15.3890643-07:00" endTime="2015-04-27T07:09:15.3890643-07:00" testType="13cdc9d9-ddb5-4fa4-a97d-d965ccfc6d4b" outcome="Passed" testListId="8c84fa94-04c1-424b-9868-57a2d4851a1d" relativeResultsDirectory="58a95ea9-8cac-48e8-a99e-e09bd3008788" />
    <UnitTestResult executionId="e16d44a3-ea84-4f81-9fe7-b69aef12fd7f" testId="9e8034e3-b96c-4ba3-a46a-cc4c147d7436" testName="V1" computerName="DDBLD061B" duration="00:00:00.0040000" startTime="2015-04-27T07:09:15.3890643-07:00" endTime="2015-04-27T07:09:15.3890643-07:00" testType="13cdc9d9-ddb5-4fa4-a97d-d965ccfc6d4b" outcome="Passed" testListId="8c84fa94-04c1-424b-9868-57a2d4851a1d" relativeResultsDirectory="e16d44a3-ea84-4f81-9fe7-b69aef12fd7f" />
    <UnitTestResult executionId="67ee5d93-812d-4bb4-848a-cdfab81b545e" testId="89c4f443-4b17-4a19-a016-7e4316cb3c12" testName="V2" computerName="DDBLD061B" duration="00:00:00.0010000" startTime="2015-04-27T07:09:15.3890643-07:00" endTime="2015-04-27T07:09:15.3890643-07:00" testType="13cdc9d9-ddb5-4fa4-a97d-d965ccfc6d4b" outcome="Passed" testListId="8c84fa94-04c1-424b-9868-57a2d4851a1d" relativeResultsDirectory="67ee5d93-812d-4bb4-848a-cdfab81b545e" />
    <UnitTestResult executionId="b2c3a92b-d8f9-46ec-99ba-97d6ebb4bcf3" testId="5e03e2a7-2320-4422-b7ff-51ac2dbdafc4" testName="V3 engine (runtime)" computerName="DDBLD061B" duration="00:00:00.0010000" startTime="2015-04-27T07:09:15.3890643-07:00" endTime="2015-04-27T07:09:15.3890643-07:00" testType="13cdc9d9-ddb5-4fa4-a97d-d965ccfc6d4b" outcome="Passed" testListId="8c84fa94-04c1-424b-9868-57a2d4851a1d" relativeResultsDirectory="b2c3a92b-d8f9-46ec-99ba-97d6ebb4bcf3" />
    <UnitTestResult executionId="6a4bd414-c30c-4e1f-8ea1-119180919ec7" testId="4880a829-680e-4fce-85d3-eb0c367caf5c" testName="V1" computerName="DDBLD061B" duration="00:00:00.0020000" startTime="2015-04-27T07:09:15.3890643-07:00" endTime="2015-04-27T07:09:15.3890643-07:00" testType="13cdc9d9-ddb5-4fa4-a97d-d965ccfc6d4b" outcome="Passed" testListId="8c84fa94-04c1-424b-9868-57a2d4851a1d" relativeResultsDirectory="6a4bd414-c30c-4e1f-8ea1-119180919ec7" />
    <UnitTestResult executionId="1dc4e1d5-b8cb-4bc7-a414-2e707d2097de" testId="417d89f1-5e3d-4312-8195-aa455095b4d5" testName="V3 composition (V1)" computerName="DDBLD061B" duration="00:00:00.0620000" startTime="2015-04-27T07:09:15.3890643-07:00" endTime="2015-04-27T07:09:15.3890643-07:00" testType="13cdc9d9-ddb5-4fa4-a97d-d965ccfc6d4b" outcome="Passed" testListId="8c84fa94-04c1-424b-9868-57a2d4851a1d" relativeResultsDirectory="1dc4e1d5-b8cb-4bc7-a414-2e707d2097de" />
    <UnitTestResult executionId="c38141ef-b34e-4386-ab10-ed74740015f9" testId="355f5665-3de6-4cff-88e5-d44e8dde7687" testName="V3 composition (V1, V2)" computerName="DDBLD061B" duration="00:00:00.1410000" startTime="2015-04-27T07:09:16.9046704-07:00" endTime="2015-04-27T07:09:16.9046704-07:00" testType="13cdc9d9-ddb5-4fa4-a97d-d965ccfc6d4b" outcome="Passed" testListId="8c84fa94-04c1-424b-9868-57a2d4851a1d" relativeResultsDirectory="c38141ef-b34e-4386-ab10-ed74740015f9">
      <Output>
        <StdOut>Catalog AttributedPartDiscoveryV1 vs. AttributedPartDiscovery
      Part
          Type: Microsoft.VisualStudio.Composition.Tests.ExportProviderTests+Apple
-         SharingBoundary: 
-         IsSharingBoundaryInferred: True
-         CreationPolicy: Any
+         SharingBoundary: &lt;null&gt;
+         IsSharingBoundaryInferred: False
+         CreationPolicy: NonShared
          OnImportsSatisfied: &lt;null&gt;
          ExportedTypes:
              ExportDefinition
                  ContractName: SomeContract
                  Metadata:
                      ExportTypeIdentity = Microsoft.VisualStudio.Composition.Tests.ExportProviderTests+Apple
+                     System.ComponentModel.Composition.CreationPolicy = NonShared
          ExportingMembers:
          ImportingMembers:
          ImportingConstructor:</StdOut>
      </Output>
    </UnitTestResult>
    <UnitTestResult executionId="4453d156-cd01-4881-814b-ae064e991281" testId="68fce7d6-d31f-49c3-917e-c3ed2cd87b98" testName="V3 composition (V1)" computerName="DDBLD061B" duration="00:00:00.1910000" startTime="2015-04-27T07:09:16.9046704-07:00" endTime="2015-04-27T07:09:16.9046704-07:00" testType="13cdc9d9-ddb5-4fa4-a97d-d965ccfc6d4b" outcome="Passed" testListId="8c84fa94-04c1-424b-9868-57a2d4851a1d" relativeResultsDirectory="4453d156-cd01-4881-814b-ae064e991281" />
    <UnitTestResult executionId="c508d226-3552-41f6-a258-787130d2c784" testId="7df80a6b-4a07-49a5-ab4e-97767cfbb9d0" testName="V3 engine (runtime)" computerName="DDBLD061B" duration="00:00:00.0010000" startTime="2015-04-27T07:09:16.9046704-07:00" endTime="2015-04-27T07:09:16.9046704-07:00" testType="13cdc9d9-ddb5-4fa4-a97d-d965ccfc6d4b" outcome="Passed" testListId="8c84fa94-04c1-424b-9868-57a2d4851a1d" relativeResultsDirectory="c508d226-3552-41f6-a258-787130d2c784" />
    <UnitTestResult executionId="c6858d6c-8427-429f-b787-aed3ce66a770" testId="5005ccef-ed2c-4e33-8eda-491bec783efc" testName="V1" computerName="DDBLD061B" duration="00:00:00.0040000" startTime="2015-04-27T07:09:16.9046704-07:00" endTime="2015-04-27T07:09:16.9046704-07:00" testType="13cdc9d9-ddb5-4fa4-a97d-d965ccfc6d4b" outcome="Passed" testListId="8c84fa94-04c1-424b-9868-57a2d4851a1d" relativeResultsDirectory="c6858d6c-8427-429f-b787-aed3ce66a770" />
    <UnitTestResult executionId="aec30663-3bc0-4903-a4f4-cfee0e51f8de" testId="b413ec9f-f434-423e-82b3-53d2ccdcc2c3" testName="V3 engine (runtime)" computerName="DDBLD061B" duration="00:00:00.0010000" startTime="2015-04-27T07:09:16.9046704-07:00" endTime="2015-04-27T07:09:16.9046704-07:00" testType="13cdc9d9-ddb5-4fa4-a97d-d965ccfc6d4b" outcome="Passed" testListId="8c84fa94-04c1-424b-9868-57a2d4851a1d" relativeResultsDirectory="aec30663-3bc0-4903-a4f4-cfee0e51f8de" />
    <UnitTestResult executionId="bfc2eb24-c5af-40e4-b173-d0c6093a6971" testId="b59f3e0c-3458-487d-b36b-5d057c1a5e44" testName="V3 composition (V1)" computerName="DDBLD061B" duration="00:00:00.0700000" startTime="2015-04-27T07:09:17.7327842-07:00" endTime="2015-04-27T07:09:17.7327842-07:00" testType="13cdc9d9-ddb5-4fa4-a97d-d965ccfc6d4b" outcome="Passed" testListId="8c84fa94-04c1-424b-9868-57a2d4851a1d" relativeResultsDirectory="bfc2eb24-c5af-40e4-b173-d0c6093a6971" />
    <UnitTestResult executionId="0ac304b1-763e-491e-951e-ef59e7a4a47c" testId="395486c4-6b63-488b-a445-8ace78a8d0b8" testName="V3 engine (runtime)" computerName="DDBLD061B" duration="00:00:00.0010000" startTime="2015-04-27T07:09:17.7327842-07:00" endTime="2015-04-27T07:09:17.7327842-07:00" testType="13cdc9d9-ddb5-4fa4-a97d-d965ccfc6d4b" outcome="Passed" testListId="8c84fa94-04c1-424b-9868-57a2d4851a1d" relativeResultsDirectory="0ac304b1-763e-491e-951e-ef59e7a4a47c" />
    <UnitTestResult executionId="5d11e0e9-64bf-4d60-bff1-74be62160ffd" testId="d761ecb4-16d5-469f-87c1-29f50bf1a425" testName="V3 composition (V1)" computerName="DDBLD061B" duration="00:00:00.0160000" startTime="2015-04-27T07:09:17.7327842-07:00" endTime="2015-04-27T07:09:17.7327842-07:00" testType="13cdc9d9-ddb5-4fa4-a97d-d965ccfc6d4b" outcome="Passed" testListId="8c84fa94-04c1-424b-9868-57a2d4851a1d" relativeResultsDirectory="5d11e0e9-64bf-4d60-bff1-74be62160ffd" />
    <UnitTestResult executionId="4d89db60-ddc7-4be2-9c5d-bf6068fce632" testId="fadb1726-27f7-4998-8065-6f89bfd4237e" testName="V3 engine (runtime)" computerName="DDBLD061B" duration="00:00:00.0010000" startTime="2015-04-27T07:09:17.7327842-07:00" endTime="2015-04-27T07:09:17.7327842-07:00" testType="13cdc9d9-ddb5-4fa4-a97d-d965ccfc6d4b" outcome="Passed" testListId="8c84fa94-04c1-424b-9868-57a2d4851a1d" relativeResultsDirectory="4d89db60-ddc7-4be2-9c5d-bf6068fce632" />
    <UnitTestResult executionId="62201bf9-f723-4408-bfc5-ce7a757b29b8" testId="a4d07808-2a98-4518-98ff-a210dc39851e" testName="V1" computerName="DDBLD061B" duration="00:00:00.0010000" startTime="2015-04-27T07:09:17.7327842-07:00" endTime="2015-04-27T07:09:17.7327842-07:00" testType="13cdc9d9-ddb5-4fa4-a97d-d965ccfc6d4b" outcome="Passed" testListId="8c84fa94-04c1-424b-9868-57a2d4851a1d" relativeResultsDirectory="62201bf9-f723-4408-bfc5-ce7a757b29b8" />
    <UnitTestResult executionId="cddea5fe-fc6d-4ee0-8e7f-130602a41e46" testId="dab51815-da51-4523-8979-bdd10d15f22e" testName="V2" computerName="DDBLD061B" duration="00:00:00.0010000" startTime="2015-04-27T07:09:17.7327842-07:00" endTime="2015-04-27T07:09:17.7327842-07:00" testType="13cdc9d9-ddb5-4fa4-a97d-d965ccfc6d4b" outcome="Passed" testListId="8c84fa94-04c1-424b-9868-57a2d4851a1d" relativeResultsDirectory="cddea5fe-fc6d-4ee0-8e7f-130602a41e46" />
    <UnitTestResult executionId="7f7af404-08a9-477b-8de5-e5ed64637299" testId="0ae25712-639a-4eb8-9534-efe448a8c133" testName="V3 engine (runtime)" computerName="DDBLD061B" duration="00:00:00.0010000" startTime="2015-04-27T07:09:17.7327842-07:00" endTime="2015-04-27T07:09:17.7327842-07:00" testType="13cdc9d9-ddb5-4fa4-a97d-d965ccfc6d4b" outcome="Passed" testListId="8c84fa94-04c1-424b-9868-57a2d4851a1d" relativeResultsDirectory="7f7af404-08a9-477b-8de5-e5ed64637299" />
    <UnitTestResult executionId="248ad4fd-db76-4c0e-8061-dd27c7ed9234" testId="c39fc149-811c-41df-84c4-cb2a272e8820" testName="V1" computerName="DDBLD061B" duration="00:00:00.0020000" startTime="2015-04-27T07:09:17.7327842-07:00" endTime="2015-04-27T07:09:17.7327842-07:00" testType="13cdc9d9-ddb5-4fa4-a97d-d965ccfc6d4b" outcome="Passed" testListId="8c84fa94-04c1-424b-9868-57a2d4851a1d" relativeResultsDirectory="248ad4fd-db76-4c0e-8061-dd27c7ed9234" />
    <UnitTestResult executionId="abcb45dc-44db-4f6e-b9ff-b0ac143ccec3" testId="27364e0c-c064-4cc3-a0dc-5f0b3e1270c8" testName="V2" computerName="DDBLD061B" duration="00:00:00.0020000" startTime="2015-04-27T07:09:17.7327842-07:00" endTime="2015-04-27T07:09:17.7327842-07:00" testType="13cdc9d9-ddb5-4fa4-a97d-d965ccfc6d4b" outcome="Passed" testListId="8c84fa94-04c1-424b-9868-57a2d4851a1d" relativeResultsDirectory="abcb45dc-44db-4f6e-b9ff-b0ac143ccec3" />
    <UnitTestResult executionId="d0176a16-833f-4333-ba8c-1440d5039c0c" testId="aad0d804-0843-42cd-8470-e6c182ef499a" testName="V3 engine (runtime)" computerName="DDBLD061B" duration="00:00:00.0010000" startTime="2015-04-27T07:09:18.1390293-07:00" endTime="2015-04-27T07:09:18.1390293-07:00" testType="13cdc9d9-ddb5-4fa4-a97d-d965ccfc6d4b" outcome="Passed" testListId="8c84fa94-04c1-424b-9868-57a2d4851a1d" relativeResultsDirectory="d0176a16-833f-4333-ba8c-1440d5039c0c" />
    <UnitTestResult executionId="93d487a1-6380-49c3-a483-6f29dae8a68d" testId="7314cb7d-1f93-44ba-8313-408e4d6a36b7" testName="V1" computerName="DDBLD061B" duration="00:00:00.0010000" startTime="2015-04-27T07:09:18.1390293-07:00" endTime="2015-04-27T07:09:18.1390293-07:00" testType="13cdc9d9-ddb5-4fa4-a97d-d965ccfc6d4b" outcome="Passed" testListId="8c84fa94-04c1-424b-9868-57a2d4851a1d" relativeResultsDirectory="93d487a1-6380-49c3-a483-6f29dae8a68d" />
    <UnitTestResult executionId="496dcd27-b377-4405-94e7-ba832305e2a9" testId="5b772bec-02a9-42b2-8d3d-de0c6e2816ab" testName="V3 composition (V1, V2)" computerName="DDBLD061B" duration="00:00:00.0390000" startTime="2015-04-27T07:09:18.1390293-07:00" endTime="2015-04-27T07:09:18.1390293-07:00" testType="13cdc9d9-ddb5-4fa4-a97d-d965ccfc6d4b" outcome="Passed" testListId="8c84fa94-04c1-424b-9868-57a2d4851a1d" relativeResultsDirectory="496dcd27-b377-4405-94e7-ba832305e2a9" />
    <UnitTestResult executionId="e1f348b2-3ea9-4009-aead-a612691eebf3" testId="8c17005d-3158-4961-b19e-508ccc27b6cc" testName="V3 engine (runtime)" computerName="DDBLD061B" duration="00:00:00.0010000" startTime="2015-04-27T07:09:18.1390293-07:00" endTime="2015-04-27T07:09:18.1390293-07:00" testType="13cdc9d9-ddb5-4fa4-a97d-d965ccfc6d4b" outcome="Passed" testListId="8c84fa94-04c1-424b-9868-57a2d4851a1d" relativeResultsDirectory="e1f348b2-3ea9-4009-aead-a612691eebf3" />
    <UnitTestResult executionId="a7452af0-4b5d-49d3-84da-619d47d882dc" testId="156e7ca0-5252-4860-afa2-f3386489f678" testName="V3 composition (V1)" computerName="DDBLD061B" duration="00:00:00.0060000" startTime="2015-04-27T07:09:18.1390293-07:00" endTime="2015-04-27T07:09:18.1390293-07:00" testType="13cdc9d9-ddb5-4fa4-a97d-d965ccfc6d4b" outcome="Passed" testListId="8c84fa94-04c1-424b-9868-57a2d4851a1d" relativeResultsDirectory="a7452af0-4b5d-49d3-84da-619d47d882dc" />
    <UnitTestResult executionId="6fb26c82-243d-4431-b325-59470162add1" testId="5dfacd40-6183-448d-a16d-6b66d0517b20" testName="V1" computerName="DDBLD061B" duration="00:00:00.0010000" startTime="2015-04-27T07:09:18.1390293-07:00" endTime="2015-04-27T07:09:18.1390293-07:00" testType="13cdc9d9-ddb5-4fa4-a97d-d965ccfc6d4b" outcome="Passed" testListId="8c84fa94-04c1-424b-9868-57a2d4851a1d" relativeResultsDirectory="6fb26c82-243d-4431-b325-59470162add1" />
    <UnitTestResult executionId="07658483-94ab-478a-a7be-a41dcbf4a3cd" testId="02b12d89-5f5a-4617-b635-d47d69efbb33" testName="V3 composition (V1, V2)" computerName="DDBLD061B" duration="00:00:00.0310000" startTime="2015-04-27T07:09:18.1390293-07:00" endTime="2015-04-27T07:09:18.1390293-07:00" testType="13cdc9d9-ddb5-4fa4-a97d-d965ccfc6d4b" outcome="Passed" testListId="8c84fa94-04c1-424b-9868-57a2d4851a1d" relativeResultsDirectory="07658483-94ab-478a-a7be-a41dcbf4a3cd">
      <Output>
        <StdOut>Catalog AttributedPartDiscoveryV1 vs. AttributedPartDiscovery
      Part
          Type: Microsoft.VisualStudio.Composition.Tests.ExportMetadataTests+ExportWithEnumMetadata
-         SharingBoundary: 
-         IsSharingBoundaryInferred: True
-         CreationPolicy: Any
+         SharingBoundary: &lt;null&gt;
+         IsSharingBoundaryInferred: False
+         CreationPolicy: NonShared
          OnImportsSatisfied: &lt;null&gt;
          ExportedTypes:
              ExportDefinition
                  ContractName: Microsoft.VisualStudio.Composition.Tests.ExportMetadataTests+ExportWithEnumMetadata
                  Metadata:
                      ExportTypeIdentity = Microsoft.VisualStudio.Composition.Tests.ExportMetadataTests+ExportWithEnumMetadata
+                     System.ComponentModel.Composition.CreationPolicy = NonShared
                      SomeName = Value2
          ExportingMembers:
          ImportingMembers:
          ImportingConstructor:
      Part
          Type: Microsoft.VisualStudio.Composition.Tests.ExportMetadataTests+PartThatImportsEnumMetadata
-         SharingBoundary: 
-         IsSharingBoundaryInferred: True
-         CreationPolicy: Any
+         SharingBoundary: &lt;null&gt;
+         IsSharingBoundaryInferred: False
+         CreationPolicy: NonShared
          OnImportsSatisfied: &lt;null&gt;
          ExportedTypes:
              ExportDefinition
                  ContractName: Microsoft.VisualStudio.Composition.Tests.ExportMetadataTests+PartThatImportsEnumMetadata
                  Metadata:
                      ExportTypeIdentity = Microsoft.VisualStudio.Composition.Tests.ExportMetadataTests+PartThatImportsEnumMetadata
+                     System.ComponentModel.Composition.CreationPolicy = NonShared
          ExportingMembers:
          ImportingMembers:
              ImportDefinition:
                  ContractName: Microsoft.VisualStudio.Composition.Tests.ExportMetadataTests+ExportWithEnumMetadata
                  Cardinality: ExactlyOne
                  Metadata:
                  ExportFactorySharingBoundaries: 
                  ExportConstraints: 
                      ExportTypeIdentityConstraint
                          TypeIdentityName: Microsoft.VisualStudio.Composition.Tests.ExportMetadataTests+ExportWithEnumMetadata
                      ImportMetadataViewConstraint
              ComposablePartType: Microsoft.VisualStudio.Composition.Tests.ExportMetadataTests+PartThatImportsEnumMetadata
              ImportingMember: System.Lazy`2[Microsoft.VisualStudio.Composition.Tests.ExportMetadataTests+ExportWithEnumMetadata,System.Collections.Generic.IDictionary`2[System.String,System.Object]] ImportingProperty
              ParameterInfo: 
              ImportingSiteType: System.Lazy`2[Microsoft.VisualStudio.Composition.Tests.ExportMetadataTests+ExportWithEnumMetadata,System.Collections.Generic.IDictionary`2[System.String,System.Object]]
          ImportingConstructor:</StdOut>
      </Output>
    </UnitTestResult>
    <UnitTestResult executionId="36560893-7b50-4e52-888e-5fda580c8e8c" testId="10c981c0-b752-42ec-908a-2e8432c82b3f" testName="V3 composition (V1, V2)" computerName="DDBLD061B" duration="00:00:00.1510000" startTime="2015-04-27T07:09:18.1390293-07:00" endTime="2015-04-27T07:09:18.1390293-07:00" testType="13cdc9d9-ddb5-4fa4-a97d-d965ccfc6d4b" outcome="Passed" testListId="8c84fa94-04c1-424b-9868-57a2d4851a1d" relativeResultsDirectory="36560893-7b50-4e52-888e-5fda580c8e8c">
      <Output>
        <StdOut>Catalog AttributedPartDiscoveryV1 vs. AttributedPartDiscovery
      Part
          Type: Microsoft.VisualStudio.Composition.Tests.ImportingConstructorTests+PartThatImportsPartWithOwnImports
+         Part metadata:
+             SharingBoundary = 
          SharingBoundary: 
-         IsSharingBoundaryInferred: True
-         CreationPolicy: Any
+         IsSharingBoundaryInferred: False
+         CreationPolicy: Shared
          OnImportsSatisfied: &lt;null&gt;
          ExportedTypes:
              ExportDefinition
                  ContractName: Microsoft.VisualStudio.Composition.Tests.ImportingConstructorTests+PartThatImportsPartWithOwnImports
                  Metadata:
                      ExportTypeIdentity = Microsoft.VisualStudio.Composition.Tests.ImportingConstructorTests+PartThatImportsPartWithOwnImports
+                     System.ComponentModel.Composition.CreationPolicy = Shared
          ExportingMembers:
          ImportingMembers:
          ImportingConstructor:
              ImportDefinition:
                  ContractName: Microsoft.VisualStudio.Composition.Tests.ImportingConstructorTests+PartThatImportsRandomExport
                  Cardinality: ExactlyOne
                  Metadata:
                  ExportFactorySharingBoundaries: 
                  ExportConstraints: 
                      ExportTypeIdentityConstraint
                          TypeIdentityName: Microsoft.VisualStudio.Composition.Tests.ImportingConstructorTests+PartThatImportsRandomExport
              ComposablePartType: Microsoft.VisualStudio.Composition.Tests.ImportingConstructorTests+PartThatImportsPartWithOwnImports
              ImportingMember: 
              ParameterInfo: PartThatImportsRandomExport export
              ImportingSiteType: Microsoft.VisualStudio.Composition.Tests.ImportingConstructorTests+PartThatImportsRandomExport
      Part
          Type: Microsoft.VisualStudio.Composition.Tests.ImportingConstructorTests+PartThatImportsRandomExport
+         Part metadata:
+             SharingBoundary = 
          SharingBoundary: 
-         IsSharingBoundaryInferred: True
-         CreationPolicy: Any
+         IsSharingBoundaryInferred: False
+         CreationPolicy: Shared
          OnImportsSatisfied: &lt;null&gt;
          ExportedTypes:
              ExportDefinition
                  ContractName: Microsoft.VisualStudio.Composition.Tests.ImportingConstructorTests+PartThatImportsRandomExport
                  Metadata:
                      ExportTypeIdentity = Microsoft.VisualStudio.Composition.Tests.ImportingConstructorTests+PartThatImportsRandomExport
+                     System.ComponentModel.Composition.CreationPolicy = Shared
          ExportingMembers:
          ImportingMembers:
              ImportDefinition:
                  ContractName: Microsoft.VisualStudio.Composition.Tests.ImportingConstructorTests+RandomExport
                  Cardinality: ExactlyOne
                  Metadata:
                  ExportFactorySharingBoundaries: 
                  ExportConstraints: 
                      ExportTypeIdentityConstraint
                          TypeIdentityName: Microsoft.VisualStudio.Composition.Tests.ImportingConstructorTests+RandomExport
              ComposablePartType: Microsoft.VisualStudio.Composition.Tests.ImportingConstructorTests+PartThatImportsRandomExport
              ImportingMember: RandomExport RandomExport
              ParameterInfo: 
              ImportingSiteType: Microsoft.VisualStudio.Composition.Tests.ImportingConstructorTests+RandomExport
          ImportingConstructor:
      Part
          Type: Microsoft.VisualStudio.Composition.Tests.ImportingConstructorTests+PartWithAllowDefaultImportingConstructor
-         SharingBoundary: 
-         IsSharingBoundaryInferred: True
-         CreationPolicy: Any
+         SharingBoundary: &lt;null&gt;
+         IsSharingBoundaryInferred: False
+         CreationPolicy: NonShared
          OnImportsSatisfied: &lt;null&gt;
          ExportedTypes:
              ExportDefinition
                  ContractName: Microsoft.VisualStudio.Composition.Tests.ImportingConstructorTests+PartWithAllowDefaultImportingConstructor
                  Metadata:
                      ExportTypeIdentity = Microsoft.VisualStudio.Composition.Tests.ImportingConstructorTests+PartWithAllowDefaultImportingConstructor
+                     System.ComponentModel.Composition.CreationPolicy = NonShared
          ExportingMembers:
          ImportingMembers:
          ImportingConstructor:
              ImportDefinition:
                  ContractName: Microsoft.VisualStudio.Composition.Tests.ImportingConstructorTests+RandomExport
                  Cardinality: OneOrZero
                  Metadata:
                  ExportFactorySharingBoundaries: 
                  ExportConstraints: 
                      ExportTypeIdentityConstraint
                          TypeIdentityName: Microsoft.VisualStudio.Composition.Tests.ImportingConstructorTests+RandomExport
              ComposablePartType: Microsoft.VisualStudio.Composition.Tests.ImportingConstructorTests+PartWithAllowDefaultImportingConstructor
              ImportingMember: 
              ParameterInfo: RandomExport export
              ImportingSiteType: Microsoft.VisualStudio.Composition.Tests.ImportingConstructorTests+RandomExport
      Part
          Type: Microsoft.VisualStudio.Composition.Tests.ImportingConstructorTests+PartWithAllowDefaultStructImportingConstructor
-         SharingBoundary: 
-         IsSharingBoundaryInferred: True
-         CreationPolicy: Any
+         SharingBoundary: &lt;null&gt;
+         IsSharingBoundaryInferred: False
+         CreationPolicy: NonShared
          OnImportsSatisfied: &lt;null&gt;
          ExportedTypes:
              ExportDefinition
                  ContractName: Microsoft.VisualStudio.Composition.Tests.ImportingConstructorTests+PartWithAllowDefaultStructImportingConstructor
                  Metadata:
                      ExportTypeIdentity = Microsoft.VisualStudio.Composition.Tests.ImportingConstructorTests+PartWithAllowDefaultStructImportingConstructor
+                     System.ComponentModel.Composition.CreationPolicy = NonShared
          ExportingMembers:
          ImportingMembers:
          ImportingConstructor:
              ImportDefinition:
                  ContractName: System.Int32
                  Cardinality: OneOrZero
                  Metadata:
                  ExportFactorySharingBoundaries: 
                  ExportConstraints: 
                      ExportTypeIdentityConstraint
                          TypeIdentityName: System.Int32
              ComposablePartType: Microsoft.VisualStudio.Composition.Tests.ImportingConstructorTests+PartWithAllowDefaultStructImportingConstructor
              ImportingMember: 
              ParameterInfo: Int32 export
              ImportingSiteType: System.Int32
-     Part
-         Type: Microsoft.VisualStudio.Composition.Tests.ImportingConstructorTests+PartWithAllowDefaultNonPublicStructImportingConstructor
-         SharingBoundary: 
-         IsSharingBoundaryInferred: True
-         CreationPolicy: Any
-         OnImportsSatisfied: &lt;null&gt;
-         ExportedTypes:
-             ExportDefinition
-                 ContractName: Microsoft.VisualStudio.Composition.Tests.ImportingConstructorTests+PartWithAllowDefaultNonPublicStructImportingConstructor
-                 Metadata:
-                     ExportTypeIdentity = Microsoft.VisualStudio.Composition.Tests.ImportingConstructorTests+PartWithAllowDefaultNonPublicStructImportingConstructor
-         ExportingMembers:
-         ImportingMembers:
-         ImportingConstructor:
-             ImportDefinition:
-                 ContractName: Microsoft.VisualStudio.Composition.Tests.ImportingConstructorTests+NonPublicStruct
-                 Cardinality: OneOrZero
-                 Metadata:
-                 ExportFactorySharingBoundaries: 
-                 ExportConstraints: 
-                     ExportTypeIdentityConstraint
-                         TypeIdentityName: Microsoft.VisualStudio.Composition.Tests.ImportingConstructorTests+NonPublicStruct
-             ComposablePartType: Microsoft.VisualStudio.Composition.Tests.ImportingConstructorTests+PartWithAllowDefaultNonPublicStructImportingConstructor
-             ImportingMember: 
-             ParameterInfo: NonPublicStruct export
-             ImportingSiteType: Microsoft.VisualStudio.Composition.Tests.ImportingConstructorTests+NonPublicStruct
-     Part
-         Type: Microsoft.VisualStudio.Composition.Tests.ImportingConstructorTests+PrivateDefaultConstructorPart
-         SharingBoundary: &lt;null&gt;
-         IsSharingBoundaryInferred: False
-         CreationPolicy: NonShared
-         OnImportsSatisfied: &lt;null&gt;
-         ExportedTypes:
-             ExportDefinition
-                 ContractName: Microsoft.VisualStudio.Composition.Tests.ImportingConstructorTests+PrivateDefaultConstructorPart
-                 Metadata:
-                     ExportTypeIdentity = Microsoft.VisualStudio.Composition.Tests.ImportingConstructorTests+PrivateDefaultConstructorPart
-                     System.ComponentModel.Composition.CreationPolicy = NonShared
-         ExportingMembers:
-         ImportingMembers:
-         ImportingConstructor:
-     Part
-         Type: Microsoft.VisualStudio.Composition.Tests.ImportingConstructorTests+PrivateImportingConstructorPart
-         SharingBoundary: &lt;null&gt;
-         IsSharingBoundaryInferred: False
-         CreationPolicy: NonShared
-         OnImportsSatisfied: &lt;null&gt;
-         ExportedTypes:
-             ExportDefinition
-                 ContractName: Microsoft.VisualStudio.Composition.Tests.ImportingConstructorTests+PrivateImportingConstructorPart
-                 Metadata:
-                     ExportTypeIdentity = Microsoft.VisualStudio.Composition.Tests.ImportingConstructorTests+PrivateImportingConstructorPart
-                     System.ComponentModel.Composition.CreationPolicy = NonShared
-         ExportingMembers:
-         ImportingMembers:
-         ImportingConstructor:
-             ImportDefinition:
-                 ContractName: Microsoft.VisualStudio.Composition.Tests.ImportingConstructorTests+RandomExport
-                 Cardinality: ExactlyOne
-                 Metadata:
-                 ExportFactorySharingBoundaries: 
-                 ExportConstraints: 
-                     ExportTypeIdentityConstraint
-                         TypeIdentityName: Microsoft.VisualStudio.Composition.Tests.ImportingConstructorTests+RandomExport
-             ComposablePartType: Microsoft.VisualStudio.Composition.Tests.ImportingConstructorTests+PrivateImportingConstructorPart
-             ImportingMember: 
-             ParameterInfo: RandomExport export
-             ImportingSiteType: Microsoft.VisualStudio.Composition.Tests.ImportingConstructorTests+RandomExport
-     Part
-         Type: Microsoft.VisualStudio.Composition.Tests.ImportingConstructorTests+PrivateImportingConstructorOpenGenericPart`2
-         SharingBoundary: &lt;null&gt;
-         IsSharingBoundaryInferred: False
-         CreationPolicy: NonShared
-         OnImportsSatisfied: &lt;null&gt;
-         ExportedTypes:
-             ExportDefinition
-                 ContractName: Microsoft.VisualStudio.Composition.Tests.ImportingConstructorTests+PrivateImportingConstructorOpenGenericPart({0},{1})
-                 Metadata:
-                     ExportTypeIdentity = Microsoft.VisualStudio.Composition.Tests.ImportingConstructorTests+PrivateImportingConstructorOpenGenericPart({0},{1})
-                     System.ComponentModel.Composition.CreationPolicy = NonShared
-         ExportingMembers:
-         ImportingMembers:
-         ImportingConstructor:
-             ImportDefinition:
-                 ContractName: Microsoft.VisualStudio.Composition.Tests.ImportingConstructorTests+RandomExport
-                 Cardinality: ExactlyOne
-                 Metadata:
-                 ExportFactorySharingBoundaries: 
-                 ExportConstraints: 
-                     ExportTypeIdentityConstraint
-                         TypeIdentityName: Microsoft.VisualStudio.Composition.Tests.ImportingConstructorTests+RandomExport
-             ComposablePartType: Microsoft.VisualStudio.Composition.Tests.ImportingConstructorTests+PrivateImportingConstructorOpenGenericPart`2
-             ImportingMember: 
-             ParameterInfo: RandomExport export
-             ImportingSiteType: Microsoft.VisualStudio.Composition.Tests.ImportingConstructorTests+RandomExport
      Part
          Type: Microsoft.VisualStudio.Composition.Tests.ImportingConstructorTests+SimpleImportingConstructorPart
          SharingBoundary: &lt;null&gt;
          IsSharingBoundaryInferred: False
          CreationPolicy: NonShared
          OnImportsSatisfied: &lt;null&gt;
          ExportedTypes:
              ExportDefinition
                  ContractName: Microsoft.VisualStudio.Composition.Tests.ImportingConstructorTests+SimpleImportingConstructorPart
                  Metadata:
                      ExportTypeIdentity = Microsoft.VisualStudio.Composition.Tests.ImportingConstructorTests+SimpleImportingConstructorPart
                      System.ComponentModel.Composition.CreationPolicy = NonShared
          ExportingMembers:
          ImportingMembers:
          ImportingConstructor:
              ImportDefinition:
                  ContractName: Microsoft.VisualStudio.Composition.Tests.ImportingConstructorTests+RandomExport
                  Cardinality: ExactlyOne
                  Metadata:
                  ExportFactorySharingBoundaries: 
                  ExportConstraints: 
                      ExportTypeIdentityConstraint
                          TypeIdentityName: Microsoft.VisualStudio.Composition.Tests.ImportingConstructorTests+RandomExport
              ComposablePartType: Microsoft.VisualStudio.Composition.Tests.ImportingConstructorTests+SimpleImportingConstructorPart
              ImportingMember: 
              ParameterInfo: RandomExport export
              ImportingSiteType: Microsoft.VisualStudio.Composition.Tests.ImportingConstructorTests+RandomExport
      Part
          Type: Microsoft.VisualStudio.Composition.Tests.ImportingConstructorTests+LazyImportingConstructorPart
          SharingBoundary: &lt;null&gt;
          IsSharingBoundaryInferred: False
          CreationPolicy: NonShared
          OnImportsSatisfied: &lt;null&gt;
          ExportedTypes:
              ExportDefinition
                  ContractName: Microsoft.VisualStudio.Composition.Tests.ImportingConstructorTests+LazyImportingConstructorPart
                  Metadata:
                      ExportTypeIdentity = Microsoft.VisualStudio.Composition.Tests.ImportingConstructorTests+LazyImportingConstructorPart
                      System.ComponentModel.Composition.CreationPolicy = NonShared
          ExportingMembers:
          ImportingMembers:
          ImportingConstructor:
              ImportDefinition:
                  ContractName: Microsoft.VisualStudio.Composition.Tests.ImportingConstructorTests+RandomExport
                  Cardinality: ExactlyOne
                  Metadata:
                  ExportFactorySharingBoundaries: 
                  ExportConstraints: 
                      ExportTypeIdentityConstraint
                          TypeIdentityName: Microsoft.VisualStudio.Composition.Tests.ImportingConstructorTests+RandomExport
              ComposablePartType: Microsoft.VisualStudio.Composition.Tests.ImportingConstructorTests+LazyImportingConstructorPart
              ImportingMember: 
              ParameterInfo: System.Lazy`1[Microsoft.VisualStudio.Composition.Tests.ImportingConstructorTests+RandomExport] export
              ImportingSiteType: System.Lazy`1[Microsoft.VisualStudio.Composition.Tests.ImportingConstructorTests+RandomExport]
      Part
          Type: Microsoft.VisualStudio.Composition.Tests.ImportingConstructorTests+SpecialImportingConstructorPart
          SharingBoundary: &lt;null&gt;
          IsSharingBoundaryInferred: False
          CreationPolicy: NonShared
          OnImportsSatisfied: &lt;null&gt;
          ExportedTypes:
              ExportDefinition
                  ContractName: Microsoft.VisualStudio.Composition.Tests.ImportingConstructorTests+SpecialImportingConstructorPart
                  Metadata:
                      ExportTypeIdentity = Microsoft.VisualStudio.Composition.Tests.ImportingConstructorTests+SpecialImportingConstructorPart
                      System.ComponentModel.Composition.CreationPolicy = NonShared
          ExportingMembers:
          ImportingMembers:
          ImportingConstructor:
              ImportDefinition:
                  ContractName: Special
                  Cardinality: ExactlyOne
                  Metadata:
                  ExportFactorySharingBoundaries: 
                  ExportConstraints: 
                      ExportTypeIdentityConstraint
                          TypeIdentityName: Microsoft.VisualStudio.Composition.Tests.ImportingConstructorTests+RandomExportWithContractName
              ComposablePartType: Microsoft.VisualStudio.Composition.Tests.ImportingConstructorTests+SpecialImportingConstructorPart
              ImportingMember: 
              ParameterInfo: RandomExportWithContractName specialExport
              ImportingSiteType: Microsoft.VisualStudio.Composition.Tests.ImportingConstructorTests+RandomExportWithContractName
              ImportDefinition:
                  ContractName: Microsoft.VisualStudio.Composition.Tests.ImportingConstructorTests+RandomExport
                  Cardinality: ExactlyOne
                  Metadata:
                  ExportFactorySharingBoundaries: 
                  ExportConstraints: 
                      ExportTypeIdentityConstraint
                          TypeIdentityName: Microsoft.VisualStudio.Composition.Tests.ImportingConstructorTests+RandomExport
              ComposablePartType: Microsoft.VisualStudio.Composition.Tests.ImportingConstructorTests+SpecialImportingConstructorPart
              ImportingMember: 
              ParameterInfo: RandomExport randomExport
              ImportingSiteType: Microsoft.VisualStudio.Composition.Tests.ImportingConstructorTests+RandomExport
      Part
          Type: Microsoft.VisualStudio.Composition.Tests.ImportingConstructorTests+ImportingConstructorWithImportManyPart
          SharingBoundary: &lt;null&gt;
          IsSharingBoundaryInferred: False
          CreationPolicy: NonShared
          OnImportsSatisfied: &lt;null&gt;
          ExportedTypes:
              ExportDefinition
                  ContractName: Microsoft.VisualStudio.Composition.Tests.ImportingConstructorTests+ImportingConstructorWithImportManyPart
                  Metadata:
                      ExportTypeIdentity = Microsoft.VisualStudio.Composition.Tests.ImportingConstructorTests+ImportingConstructorWithImportManyPart
                      System.ComponentModel.Composition.CreationPolicy = NonShared
          ExportingMembers:
          ImportingMembers:
          ImportingConstructor:
              ImportDefinition:
                  ContractName: Microsoft.VisualStudio.Composition.Tests.ImportingConstructorTests+RandomExport
                  Cardinality: ZeroOrMore
                  Metadata:
                  ExportFactorySharingBoundaries: 
                  ExportConstraints: 
                      ExportTypeIdentityConstraint
                          TypeIdentityName: Microsoft.VisualStudio.Composition.Tests.ImportingConstructorTests+RandomExport
              ComposablePartType: Microsoft.VisualStudio.Composition.Tests.ImportingConstructorTests+ImportingConstructorWithImportManyPart
              ImportingMember: 
              ParameterInfo: RandomExport[] exports
              ImportingSiteType: Microsoft.VisualStudio.Composition.Tests.ImportingConstructorTests+RandomExport[]
      Part
          Type: Microsoft.VisualStudio.Composition.Tests.ImportingConstructorTests+RandomExport
          SharingBoundary: &lt;null&gt;
          IsSharingBoundaryInferred: False
          CreationPolicy: NonShared
          OnImportsSatisfied: &lt;null&gt;
          ExportedTypes:
-             ExportDefinition
-                 ContractName: Microsoft.VisualStudio.Composition.Tests.ImportingConstructorTests+IRandomExport
-                 Metadata:
-                     ExportTypeIdentity = Microsoft.VisualStudio.Composition.Tests.ImportingConstructorTests+IRandomExport
-                     System.ComponentModel.Composition.CreationPolicy = NonShared
-                     SomeMetadata = 1
              ExportDefinition
                  ContractName: Microsoft.VisualStudio.Composition.Tests.ImportingConstructorTests+RandomExport
                  Metadata:
                      ExportTypeIdentity = Microsoft.VisualStudio.Composition.Tests.ImportingConstructorTests+RandomExport
                      System.ComponentModel.Composition.CreationPolicy = NonShared
                      SomeMetadata = 1
          ExportingMembers:
          ImportingMembers:
          ImportingConstructor:
      Part
          Type: Microsoft.VisualStudio.Composition.Tests.ImportingConstructorTests+RandomExportWithContractName
          SharingBoundary: &lt;null&gt;
          IsSharingBoundaryInferred: False
          CreationPolicy: NonShared
          OnImportsSatisfied: &lt;null&gt;
          ExportedTypes:
              ExportDefinition
                  ContractName: Special
                  Metadata:
                      ExportTypeIdentity = Microsoft.VisualStudio.Composition.Tests.ImportingConstructorTests+RandomExportWithContractName
                      System.ComponentModel.Composition.CreationPolicy = NonShared
          ExportingMembers:
          ImportingMembers:
          ImportingConstructor:
      Part
          Type: Microsoft.VisualStudio.Composition.Tests.ImportingConstructorTests+PartWithImportingConstructorOfPartThatInitializesLater
+         Part metadata:
+             SharingBoundary = 
          SharingBoundary: 
-         IsSharingBoundaryInferred: True
-         CreationPolicy: Any
+         IsSharingBoundaryInferred: False
+         CreationPolicy: Shared
          OnImportsSatisfied: &lt;null&gt;
          ExportedTypes:
              ExportDefinition
                  ContractName: Microsoft.VisualStudio.Composition.Tests.ImportingConstructorTests+PartWithImportingConstructorOfPartThatInitializesLater
                  Metadata:
                      ExportTypeIdentity = Microsoft.VisualStudio.Composition.Tests.ImportingConstructorTests+PartWithImportingConstructorOfPartThatInitializesLater
+                     System.ComponentModel.Composition.CreationPolicy = Shared
          ExportingMembers:
          ImportingMembers:
          ImportingConstructor:
              ImportDefinition:
                  ContractName: Microsoft.VisualStudio.Composition.Tests.ImportingConstructorTests+PartThatInitializesLater
                  Cardinality: ExactlyOne
                  Metadata:
                  ExportFactorySharingBoundaries: 
                  ExportConstraints: 
                      ExportTypeIdentityConstraint
                          TypeIdentityName: Microsoft.VisualStudio.Composition.Tests.ImportingConstructorTests+PartThatInitializesLater
              ComposablePartType: Microsoft.VisualStudio.Composition.Tests.ImportingConstructorTests+PartWithImportingConstructorOfPartThatInitializesLater
              ImportingMember: 
              ParameterInfo: System.Lazy`1[Microsoft.VisualStudio.Composition.Tests.ImportingConstructorTests+PartThatInitializesLater] laterPart
              ImportingSiteType: System.Lazy`1[Microsoft.VisualStudio.Composition.Tests.ImportingConstructorTests+PartThatInitializesLater]
      Part
          Type: Microsoft.VisualStudio.Composition.Tests.ImportingConstructorTests+PartThatInitializesLater
+         Part metadata:
+             SharingBoundary = 
          SharingBoundary: 
-         IsSharingBoundaryInferred: True
-         CreationPolicy: Any
+         IsSharingBoundaryInferred: False
+         CreationPolicy: Shared
          OnImportsSatisfied: &lt;null&gt;
          ExportedTypes:
              ExportDefinition
                  ContractName: Microsoft.VisualStudio.Composition.Tests.ImportingConstructorTests+PartThatInitializesLater
                  Metadata:
                      ExportTypeIdentity = Microsoft.VisualStudio.Composition.Tests.ImportingConstructorTests+PartThatInitializesLater
+                     System.ComponentModel.Composition.CreationPolicy = Shared
          ExportingMembers:
          ImportingMembers:
              ImportDefinition:
                  ContractName: Microsoft.VisualStudio.Composition.Tests.ImportingConstructorTests+PartWithImportingConstructorOfPartThatInitializesLater
                  Cardinality: ExactlyOne
                  Metadata:
                  ExportFactorySharingBoundaries: 
                  ExportConstraints: 
                      ExportTypeIdentityConstraint
                          TypeIdentityName: Microsoft.VisualStudio.Composition.Tests.ImportingConstructorTests+PartWithImportingConstructorOfPartThatInitializesLater
              ComposablePartType: Microsoft.VisualStudio.Composition.Tests.ImportingConstructorTests+PartThatInitializesLater
              ImportingMember: PartWithImportingConstructorOfPartThatInitializesLater ImportingConstructorPart
              ParameterInfo: 
              ImportingSiteType: Microsoft.VisualStudio.Composition.Tests.ImportingConstructorTests+PartWithImportingConstructorOfPartThatInitializesLater
              ImportDefinition:
                  ContractName: Microsoft.VisualStudio.Composition.Tests.ImportingConstructorTests+RandomExport
                  Cardinality: ExactlyOne
                  Metadata:
                  ExportFactorySharingBoundaries: 
                  ExportConstraints: 
                      ExportTypeIdentityConstraint
                          TypeIdentityName: Microsoft.VisualStudio.Composition.Tests.ImportingConstructorTests+RandomExport
              ComposablePartType: Microsoft.VisualStudio.Composition.Tests.ImportingConstructorTests+PartThatInitializesLater
              ImportingMember: RandomExport RandomExport
              ParameterInfo: 
              ImportingSiteType: Microsoft.VisualStudio.Composition.Tests.ImportingConstructorTests+RandomExport
          ImportingConstructor:
      Part
          Type: Microsoft.VisualStudio.Composition.Tests.ImportingConstructorTests+PartWithImportingConstructorOfPartWithImportingConstructor
+         Part metadata:
+             SharingBoundary = 
          SharingBoundary: 
-         IsSharingBoundaryInferred: True
-         CreationPolicy: Any
+         IsSharingBoundaryInferred: False
+         CreationPolicy: Shared
          OnImportsSatisfied: &lt;null&gt;
          ExportedTypes:
              ExportDefinition
                  ContractName: Microsoft.VisualStudio.Composition.Tests.ImportingConstructorTests+PartWithImportingConstructorOfPartWithImportingConstructor
                  Metadata:
                      ExportTypeIdentity = Microsoft.VisualStudio.Composition.Tests.ImportingConstructorTests+PartWithImportingConstructorOfPartWithImportingConstructor
+                     System.ComponentModel.Composition.CreationPolicy = Shared
          ExportingMembers:
          ImportingMembers:
          ImportingConstructor:
              ImportDefinition:
                  ContractName: Microsoft.VisualStudio.Composition.Tests.ImportingConstructorTests+PartWithImportingConstructorOfPartWithLazyImportingConstructor
                  Cardinality: ExactlyOne
                  Metadata:
                  ExportFactorySharingBoundaries: 
                  ExportConstraints: 
                      ExportTypeIdentityConstraint
                          TypeIdentityName: Microsoft.VisualStudio.Composition.Tests.ImportingConstructorTests+PartWithImportingConstructorOfPartWithLazyImportingConstructor
              ComposablePartType: Microsoft.VisualStudio.Composition.Tests.ImportingConstructorTests+PartWithImportingConstructorOfPartWithImportingConstructor
              ImportingMember: 
              ParameterInfo: System.Lazy`1[Microsoft.VisualStudio.Composition.Tests.ImportingConstructorTests+PartWithImportingConstructorOfPartWithLazyImportingConstructor] import
              ImportingSiteType: System.Lazy`1[Microsoft.VisualStudio.Composition.Tests.ImportingConstructorTests+PartWithImportingConstructorOfPartWithLazyImportingConstructor]
      Part
          Type: Microsoft.VisualStudio.Composition.Tests.ImportingConstructorTests+PartWithImportingConstructorOfPartWithLazyImportingConstructor
+         Part metadata:
+             SharingBoundary = 
          SharingBoundary: 
-         IsSharingBoundaryInferred: True
-         CreationPolicy: Any
+         IsSharingBoundaryInferred: False
+         CreationPolicy: Shared
          OnImportsSatisfied: &lt;null&gt;
          ExportedTypes:
              ExportDefinition
                  ContractName: Microsoft.VisualStudio.Composition.Tests.ImportingConstructorTests+PartWithImportingConstructorOfPartWithLazyImportingConstructor
                  Metadata:
                      ExportTypeIdentity = Microsoft.VisualStudio.Composition.Tests.ImportingConstructorTests+PartWithImportingConstructorOfPartWithLazyImportingConstructor
+                     System.ComponentModel.Composition.CreationPolicy = Shared
          ExportingMembers:
          ImportingMembers:
          ImportingConstructor:
              ImportDefinition:
                  ContractName: Microsoft.VisualStudio.Composition.Tests.ImportingConstructorTests+PartWithImportingConstructorOfPartWithImportingConstructor
                  Cardinality: ExactlyOne
                  Metadata:
                  ExportFactorySharingBoundaries: 
                  ExportConstraints: 
                      ExportTypeIdentityConstraint
                          TypeIdentityName: Microsoft.VisualStudio.Composition.Tests.ImportingConstructorTests+PartWithImportingConstructorOfPartWithImportingConstructor
              ComposablePartType: Microsoft.VisualStudio.Composition.Tests.ImportingConstructorTests+PartWithImportingConstructorOfPartWithLazyImportingConstructor
              ImportingMember: 
              ParameterInfo: PartWithImportingConstructorOfPartWithImportingConstructor other
              ImportingSiteType: Microsoft.VisualStudio.Composition.Tests.ImportingConstructorTests+PartWithImportingConstructorOfPartWithImportingConstructor
      Part
          Type: Microsoft.VisualStudio.Composition.Tests.ImportingConstructorTests+PartWithImportingConstructorImportingOtherPartWithLazyLoopBack
+         Part metadata:
+             SharingBoundary = 
          SharingBoundary: 
-         IsSharingBoundaryInferred: True
-         CreationPolicy: Any
+         IsSharingBoundaryInferred: False
+         CreationPolicy: Shared
          OnImportsSatisfied: &lt;null&gt;
          ExportedTypes:
              ExportDefinition
                  ContractName: Microsoft.VisualStudio.Composition.Tests.ImportingConstructorTests+PartWithImportingConstructorImportingOtherPartWithLazyLoopBack
                  Metadata:
                      ExportTypeIdentity = Microsoft.VisualStudio.Composition.Tests.ImportingConstructorTests+PartWithImportingConstructorImportingOtherPartWithLazyLoopBack
+                     System.ComponentModel.Composition.CreationPolicy = Shared
          ExportingMembers:
          ImportingMembers:
          ImportingConstructor:
              ImportDefinition:
                  ContractName: Microsoft.VisualStudio.Composition.Tests.ImportingConstructorTests+PartWithImportingConstructorWithLazyLoopBack
                  Cardinality: ExactlyOne
                  Metadata:
                  ExportFactorySharingBoundaries: 
                  ExportConstraints: 
                      ExportTypeIdentityConstraint
                          TypeIdentityName: Microsoft.VisualStudio.Composition.Tests.ImportingConstructorTests+PartWithImportingConstructorWithLazyLoopBack
              ComposablePartType: Microsoft.VisualStudio.Composition.Tests.ImportingConstructorTests+PartWithImportingConstructorImportingOtherPartWithLazyLoopBack
              ImportingMember: 
              ParameterInfo: PartWithImportingConstructorWithLazyLoopBack other
              ImportingSiteType: Microsoft.VisualStudio.Composition.Tests.ImportingConstructorTests+PartWithImportingConstructorWithLazyLoopBack
      Part
          Type: Microsoft.VisualStudio.Composition.Tests.ImportingConstructorTests+PartWithImportingConstructorWithLazyLoopBack
+         Part metadata:
+             SharingBoundary = 
          SharingBoundary: 
-         IsSharingBoundaryInferred: True
-         CreationPolicy: Any
+         IsSharingBoundaryInferred: False
+         CreationPolicy: Shared
          OnImportsSatisfied: &lt;null&gt;
          ExportedTypes:
              ExportDefinition
                  ContractName: Microsoft.VisualStudio.Composition.Tests.ImportingConstructorTests+PartWithImportingConstructorWithLazyLoopBack
                  Metadata:
                      ExportTypeIdentity = Microsoft.VisualStudio.Composition.Tests.ImportingConstructorTests+PartWithImportingConstructorWithLazyLoopBack
+                     System.ComponentModel.Composition.CreationPolicy = Shared
          ExportingMembers:
          ImportingMembers:
          ImportingConstructor:
              ImportDefinition:
                  ContractName: Microsoft.VisualStudio.Composition.Tests.ImportingConstructorTests+PartWithImportingConstructorImportingOtherPartWithLazyLoopBack
                  Cardinality: ExactlyOne
                  Metadata:
                  ExportFactorySharingBoundaries: 
                  ExportConstraints: 
                      ExportTypeIdentityConstraint
                          TypeIdentityName: Microsoft.VisualStudio.Composition.Tests.ImportingConstructorTests+PartWithImportingConstructorImportingOtherPartWithLazyLoopBack
              ComposablePartType: Microsoft.VisualStudio.Composition.Tests.ImportingConstructorTests+PartWithImportingConstructorWithLazyLoopBack
              ImportingMember: 
              ParameterInfo: System.Lazy`1[Microsoft.VisualStudio.Composition.Tests.ImportingConstructorTests+PartWithImportingConstructorImportingOtherPartWithLazyLoopBack] other
              ImportingSiteType: System.Lazy`1[Microsoft.VisualStudio.Composition.Tests.ImportingConstructorTests+PartWithImportingConstructorImportingOtherPartWithLazyLoopBack]
      Part
          Type: Microsoft.VisualStudio.Composition.Tests.ImportingConstructorTests+PartWithImportingConstructorOfPartWithLazyLoopbackImportingProperty
+         Part metadata:
+             SharingBoundary = 
          SharingBoundary: 
-         IsSharingBoundaryInferred: True
-         CreationPolicy: Any
+         IsSharingBoundaryInferred: False
+         CreationPolicy: Shared
          OnImportsSatisfied: &lt;null&gt;
          ExportedTypes:
              ExportDefinition
                  ContractName: Microsoft.VisualStudio.Composition.Tests.ImportingConstructorTests+PartWithImportingConstructorOfPartWithLazyLoopbackImportingProperty
                  Metadata:
                      ExportTypeIdentity = Microsoft.VisualStudio.Composition.Tests.ImportingConstructorTests+PartWithImportingConstructorOfPartWithLazyLoopbackImportingProperty
+                     System.ComponentModel.Composition.CreationPolicy = Shared
          ExportingMembers:
          ImportingMembers:
          ImportingConstructor:
              ImportDefinition:
                  ContractName: Microsoft.VisualStudio.Composition.Tests.ImportingConstructorTests+PartWithLazyLoopbackImportingProperty
                  Cardinality: ExactlyOne
                  Metadata:
                  ExportFactorySharingBoundaries: 
                  ExportConstraints: 
                      ExportTypeIdentityConstraint
                          TypeIdentityName: Microsoft.VisualStudio.Composition.Tests.ImportingConstructorTests+PartWithLazyLoopbackImportingProperty
              ComposablePartType: Microsoft.VisualStudio.Composition.Tests.ImportingConstructorTests+PartWithImportingConstructorOfPartWithLazyLoopbackImportingProperty
              ImportingMember: 
              ParameterInfo: PartWithLazyLoopbackImportingProperty other
              ImportingSiteType: Microsoft.VisualStudio.Composition.Tests.ImportingConstructorTests+PartWithLazyLoopbackImportingProperty
      Part
          Type: Microsoft.VisualStudio.Composition.Tests.ImportingConstructorTests+PartWithLazyLoopbackImportingProperty
+         Part metadata:
+             SharingBoundary = 
          SharingBoundary: 
-         IsSharingBoundaryInferred: True
-         CreationPolicy: Any
+         IsSharingBoundaryInferred: False
+         CreationPolicy: Shared
          OnImportsSatisfied: &lt;null&gt;
          ExportedTypes:
              ExportDefinition
                  ContractName: Microsoft.VisualStudio.Composition.Tests.ImportingConstructorTests+PartWithLazyLoopbackImportingProperty
                  Metadata:
                      ExportTypeIdentity = Microsoft.VisualStudio.Composition.Tests.ImportingConstructorTests+PartWithLazyLoopbackImportingProperty
+                     System.ComponentModel.Composition.CreationPolicy = Shared
          ExportingMembers:
          ImportingMembers:
              ImportDefinition:
                  ContractName: Microsoft.VisualStudio.Composition.Tests.ImportingConstructorTests+PartWithImportingConstructorOfPartWithLazyLoopbackImportingProperty
                  Cardinality: ZeroOrMore
                  Metadata:
                  ExportFactorySharingBoundaries: 
                  ExportConstraints: 
                      ExportTypeIdentityConstraint
                          TypeIdentityName: Microsoft.VisualStudio.Composition.Tests.ImportingConstructorTests+PartWithImportingConstructorOfPartWithLazyLoopbackImportingProperty
              ComposablePartType: Microsoft.VisualStudio.Composition.Tests.ImportingConstructorTests+PartWithLazyLoopbackImportingProperty
              ImportingMember: System.Lazy`1[Microsoft.VisualStudio.Composition.Tests.ImportingConstructorTests+PartWithImportingConstructorOfPartWithLazyLoopbackImportingProperty][] OtherLazy
              ParameterInfo: 
              ImportingSiteType: System.Lazy`1[Microsoft.VisualStudio.Composition.Tests.ImportingConstructorTests+PartWithImportingConstructorOfPartWithLazyLoopbackImportingProperty][]
          ImportingConstructor:
      Part
          Type: Microsoft.VisualStudio.Composition.Tests.ImportingConstructorTests+PartWithImportingConstructorOfLazyPartImportingThis1
+         Part metadata:
+             SharingBoundary = 
          SharingBoundary: 
-         IsSharingBoundaryInferred: True
-         CreationPolicy: Any
+         IsSharingBoundaryInferred: False
+         CreationPolicy: Shared
          OnImportsSatisfied: &lt;null&gt;
          ExportedTypes:
              ExportDefinition
                  ContractName: Microsoft.VisualStudio.Composition.Tests.ImportingConstructorTests+PartWithImportingConstructorOfLazyPartImportingThis1
                  Metadata:
                      ExportTypeIdentity = Microsoft.VisualStudio.Composition.Tests.ImportingConstructorTests+PartWithImportingConstructorOfLazyPartImportingThis1
+                     System.ComponentModel.Composition.CreationPolicy = Shared
          ExportingMembers:
          ImportingMembers:
          ImportingConstructor:
              ImportDefinition:
                  ContractName: Microsoft.VisualStudio.Composition.Tests.ImportingConstructorTests+PartThatImportsTwoPartsWithImportingConstructorsOfLazyThis
                  Cardinality: ExactlyOne
                  Metadata:
                  ExportFactorySharingBoundaries: 
                  ExportConstraints: 
                      ExportTypeIdentityConstraint
                          TypeIdentityName: Microsoft.VisualStudio.Composition.Tests.ImportingConstructorTests+PartThatImportsTwoPartsWithImportingConstructorsOfLazyThis
              ComposablePartType: Microsoft.VisualStudio.Composition.Tests.ImportingConstructorTests+PartWithImportingConstructorOfLazyPartImportingThis1
              ImportingMember: 
              ParameterInfo: System.Lazy`1[Microsoft.VisualStudio.Composition.Tests.ImportingConstructorTests+PartThatImportsTwoPartsWithImportingConstructorsOfLazyThis] c
              ImportingSiteType: System.Lazy`1[Microsoft.VisualStudio.Composition.Tests.ImportingConstructorTests+PartThatImportsTwoPartsWithImportingConstructorsOfLazyThis]
      Part
          Type: Microsoft.VisualStudio.Composition.Tests.ImportingConstructorTests+PartWithImportingConstructorOfLazyPartImportingThis2
+         Part metadata:
+             SharingBoundary = 
          SharingBoundary: 
-         IsSharingBoundaryInferred: True
-         CreationPolicy: Any
+         IsSharingBoundaryInferred: False
+         CreationPolicy: Shared
          OnImportsSatisfied: &lt;null&gt;
          ExportedTypes:
              ExportDefinition
                  ContractName: Microsoft.VisualStudio.Composition.Tests.ImportingConstructorTests+PartWithImportingConstructorOfLazyPartImportingThis2
                  Metadata:
                      ExportTypeIdentity = Microsoft.VisualStudio.Composition.Tests.ImportingConstructorTests+PartWithImportingConstructorOfLazyPartImportingThis2
+                     System.ComponentModel.Composition.CreationPolicy = Shared
          ExportingMembers:
          ImportingMembers:
          ImportingConstructor:
              ImportDefinition:
                  ContractName: Microsoft.VisualStudio.Composition.Tests.ImportingConstructorTests+PartThatImportsTwoPartsWithImportingConstructorsOfLazyThis
                  Cardinality: ExactlyOne
                  Metadata:
                  ExportFactorySharingBoundaries: 
                  ExportConstraints: 
                      ExportTypeIdentityConstraint
                          TypeIdentityName: Microsoft.VisualStudio.Composition.Tests.ImportingConstructorTests+PartThatImportsTwoPartsWithImportingConstructorsOfLazyThis
              ComposablePartType: Microsoft.VisualStudio.Composition.Tests.ImportingConstructorTests+PartWithImportingConstructorOfLazyPartImportingThis2
              ImportingMember: 
              ParameterInfo: System.Lazy`1[Microsoft.VisualStudio.Composition.Tests.ImportingConstructorTests+PartThatImportsTwoPartsWithImportingConstructorsOfLazyThis] c
              ImportingSiteType: System.Lazy`1[Microsoft.VisualStudio.Composition.Tests.ImportingConstructorTests+PartThatImportsTwoPartsWithImportingConstructorsOfLazyThis]
      Part
          Type: Microsoft.VisualStudio.Composition.Tests.ImportingConstructorTests+PartThatImportsTwoPartsWithImportingConstructorsOfLazyThis
+         Part metadata:
+             SharingBoundary = 
          SharingBoundary: 
-         IsSharingBoundaryInferred: True
-         CreationPolicy: Any
+         IsSharingBoundaryInferred: False
+         CreationPolicy: Shared
          OnImportsSatisfied: &lt;null&gt;
          ExportedTypes:
              ExportDefinition
                  ContractName: Microsoft.VisualStudio.Composition.Tests.ImportingConstructorTests+PartThatImportsTwoPartsWithImportingConstructorsOfLazyThis
                  Metadata:
                      ExportTypeIdentity = Microsoft.VisualStudio.Composition.Tests.ImportingConstructorTests+PartThatImportsTwoPartsWithImportingConstructorsOfLazyThis
+                     System.ComponentModel.Composition.CreationPolicy = Shared
          ExportingMembers:
          ImportingMembers:
              ImportDefinition:
                  ContractName: Microsoft.VisualStudio.Composition.Tests.ImportingConstructorTests+PartWithImportingConstructorOfLazyPartImportingThis2
                  Cardinality: ExactlyOne
                  Metadata:
                  ExportFactorySharingBoundaries: 
                  ExportConstraints: 
                      ExportTypeIdentityConstraint
                          TypeIdentityName: Microsoft.VisualStudio.Composition.Tests.ImportingConstructorTests+PartWithImportingConstructorOfLazyPartImportingThis2
              ComposablePartType: Microsoft.VisualStudio.Composition.Tests.ImportingConstructorTests+PartThatImportsTwoPartsWithImportingConstructorsOfLazyThis
              ImportingMember: PartWithImportingConstructorOfLazyPartImportingThis2 B
              ParameterInfo: 
              ImportingSiteType: Microsoft.VisualStudio.Composition.Tests.ImportingConstructorTests+PartWithImportingConstructorOfLazyPartImportingThis2
              ImportDefinition:
                  ContractName: Microsoft.VisualStudio.Composition.Tests.ImportingConstructorTests+PartWithImportingConstructorOfLazyPartImportingThis1
                  Cardinality: ExactlyOne
                  Metadata:
                  ExportFactorySharingBoundaries: 
                  ExportConstraints: 
                      ExportTypeIdentityConstraint
                          TypeIdentityName: Microsoft.VisualStudio.Composition.Tests.ImportingConstructorTests+PartWithImportingConstructorOfLazyPartImportingThis1
              ComposablePartType: Microsoft.VisualStudio.Composition.Tests.ImportingConstructorTests+PartThatImportsTwoPartsWithImportingConstructorsOfLazyThis
              ImportingMember: PartWithImportingConstructorOfLazyPartImportingThis1 A
              ParameterInfo: 
              ImportingSiteType: Microsoft.VisualStudio.Composition.Tests.ImportingConstructorTests+PartWithImportingConstructorOfLazyPartImportingThis1
          ImportingConstructor:</StdOut>
      </Output>
    </UnitTestResult>
    <UnitTestResult executionId="6dac0120-36b7-468f-8b1c-c11ba1fe4623" testId="c170453f-1797-4a15-91a1-6bf066fb3109" testName="V3 engine (runtime)" computerName="DDBLD061B" duration="00:00:00.0010000" startTime="2015-04-27T07:09:18.1390293-07:00" endTime="2015-04-27T07:09:18.1390293-07:00" testType="13cdc9d9-ddb5-4fa4-a97d-d965ccfc6d4b" outcome="Passed" testListId="8c84fa94-04c1-424b-9868-57a2d4851a1d" relativeResultsDirectory="6dac0120-36b7-468f-8b1c-c11ba1fe4623" />
    <UnitTestResult executionId="606d4cb5-87c9-4b18-8c08-6b31c681c8df" testId="d292153f-28e7-4d6f-b190-39212d4fc32a" testName="V3 engine (runtime)" computerName="DDBLD061B" duration="00:00:00.0010000" startTime="2015-04-27T07:09:18.6078297-07:00" endTime="2015-04-27T07:09:18.6078297-07:00" testType="13cdc9d9-ddb5-4fa4-a97d-d965ccfc6d4b" outcome="Passed" testListId="8c84fa94-04c1-424b-9868-57a2d4851a1d" relativeResultsDirectory="606d4cb5-87c9-4b18-8c08-6b31c681c8df" />
    <UnitTestResult executionId="6856b15b-e8a6-4f3c-8827-cc41ce744abf" testId="d4628531-44a9-4a14-a730-de6f113ec120" testName="V3 engine (runtime)" computerName="DDBLD061B" duration="00:00:00.0010000" startTime="2015-04-27T07:09:18.6078297-07:00" endTime="2015-04-27T07:09:18.6078297-07:00" testType="13cdc9d9-ddb5-4fa4-a97d-d965ccfc6d4b" outcome="Passed" testListId="8c84fa94-04c1-424b-9868-57a2d4851a1d" relativeResultsDirectory="6856b15b-e8a6-4f3c-8827-cc41ce744abf" />
    <UnitTestResult executionId="a18bd445-946f-4f28-badd-efaa6fe339a7" testId="64efd569-9060-4bab-92f3-cefb61905211" testName="V1" computerName="DDBLD061B" duration="00:00:00.0010000" startTime="2015-04-27T07:09:18.6078297-07:00" endTime="2015-04-27T07:09:18.6078297-07:00" testType="13cdc9d9-ddb5-4fa4-a97d-d965ccfc6d4b" outcome="Passed" testListId="8c84fa94-04c1-424b-9868-57a2d4851a1d" relativeResultsDirectory="a18bd445-946f-4f28-badd-efaa6fe339a7" />
    <UnitTestResult executionId="4f6561fa-917e-4447-995b-6da25d7460f9" testId="9567840c-050b-4569-8b4f-8194b8e220dc" testName="V1" computerName="DDBLD061B" duration="00:00:00.0020000" startTime="2015-04-27T07:09:18.6078297-07:00" endTime="2015-04-27T07:09:18.6078297-07:00" testType="13cdc9d9-ddb5-4fa4-a97d-d965ccfc6d4b" outcome="Passed" testListId="8c84fa94-04c1-424b-9868-57a2d4851a1d" relativeResultsDirectory="4f6561fa-917e-4447-995b-6da25d7460f9" />
    <UnitTestResult executionId="4bda2b5a-434d-4e3b-95b0-60d3f45b367a" testId="79cf7e23-02c9-4626-ac3e-e6b4050edc47" testName="V2" computerName="DDBLD061B" duration="00:00:00.0010000" startTime="2015-04-27T07:09:18.6078297-07:00" endTime="2015-04-27T07:09:18.6078297-07:00" testType="13cdc9d9-ddb5-4fa4-a97d-d965ccfc6d4b" outcome="Passed" testListId="8c84fa94-04c1-424b-9868-57a2d4851a1d" relativeResultsDirectory="4bda2b5a-434d-4e3b-95b0-60d3f45b367a" />
    <UnitTestResult executionId="d922cb80-da08-4420-a866-031ae5739213" testId="86a78fcd-2cc2-4474-b45b-d59dde46fc59" testName="V3 engine (runtime)" computerName="DDBLD061B" duration="00:00:00.0010000" startTime="2015-04-27T07:09:18.6078297-07:00" endTime="2015-04-27T07:09:18.6078297-07:00" testType="13cdc9d9-ddb5-4fa4-a97d-d965ccfc6d4b" outcome="Passed" testListId="8c84fa94-04c1-424b-9868-57a2d4851a1d" relativeResultsDirectory="d922cb80-da08-4420-a866-031ae5739213" />
    <UnitTestResult executionId="f7d0fe4b-d45c-4319-b1bb-71e3b0851854" testId="82855412-e8df-49c6-b6cd-afd156a9762d" testName="V3 engine (runtime)" computerName="DDBLD061B" duration="00:00:00.0010000" startTime="2015-04-27T07:09:18.6078297-07:00" endTime="2015-04-27T07:09:18.6078297-07:00" testType="13cdc9d9-ddb5-4fa4-a97d-d965ccfc6d4b" outcome="Passed" testListId="8c84fa94-04c1-424b-9868-57a2d4851a1d" relativeResultsDirectory="f7d0fe4b-d45c-4319-b1bb-71e3b0851854" />
    <UnitTestResult executionId="42488c21-0224-47ab-8237-09753b5621a5" testId="bce76211-2c80-41dd-a6b4-cffd85017c88" testName="V1" computerName="DDBLD061B" duration="00:00:00.0020000" startTime="2015-04-27T07:09:18.6078297-07:00" endTime="2015-04-27T07:09:18.6078297-07:00" testType="13cdc9d9-ddb5-4fa4-a97d-d965ccfc6d4b" outcome="Passed" testListId="8c84fa94-04c1-424b-9868-57a2d4851a1d" relativeResultsDirectory="42488c21-0224-47ab-8237-09753b5621a5" />
    <UnitTestResult executionId="af3e85b8-49c7-49ca-b734-0b481e3feef1" testId="dac6a173-d0b8-4bc6-93b1-8d277b93837e" testName="V3 composition (V1)" computerName="DDBLD061B" duration="00:00:00.0070000" startTime="2015-04-27T07:09:18.6078297-07:00" endTime="2015-04-27T07:09:18.6078297-07:00" testType="13cdc9d9-ddb5-4fa4-a97d-d965ccfc6d4b" outcome="Passed" testListId="8c84fa94-04c1-424b-9868-57a2d4851a1d" relativeResultsDirectory="af3e85b8-49c7-49ca-b734-0b481e3feef1" />
    <UnitTestResult executionId="6bfed077-fd29-484d-abbe-8b9dc6f7f766" testId="5e285d39-f52f-42aa-8329-bd8f30856c2c" testName="V2" computerName="DDBLD061B" duration="00:00:00.0020000" startTime="2015-04-27T07:09:18.8890621-07:00" endTime="2015-04-27T07:09:18.8890621-07:00" testType="13cdc9d9-ddb5-4fa4-a97d-d965ccfc6d4b" outcome="Passed" testListId="8c84fa94-04c1-424b-9868-57a2d4851a1d" relativeResultsDirectory="6bfed077-fd29-484d-abbe-8b9dc6f7f766" />
    <UnitTestResult executionId="bf967708-f8a6-4abe-bff9-046a53e951f5" testId="a180bda6-c7b2-4fd8-91c3-e68fe42429a9" testName="V3 engine (runtime)" computerName="DDBLD061B" duration="00:00:00.0010000" startTime="2015-04-27T07:09:18.8890621-07:00" endTime="2015-04-27T07:09:18.8890621-07:00" testType="13cdc9d9-ddb5-4fa4-a97d-d965ccfc6d4b" outcome="Passed" testListId="8c84fa94-04c1-424b-9868-57a2d4851a1d" relativeResultsDirectory="bf967708-f8a6-4abe-bff9-046a53e951f5" />
    <UnitTestResult executionId="4d6afd31-20f7-4e4c-bcfb-205f1cbdcaa4" testId="82e251c1-c4cf-4d0e-aad0-442dbd864310" testName="V3 composition (V1, V2)" computerName="DDBLD061B" duration="00:00:00.0100000" startTime="2015-04-27T07:09:18.8890621-07:00" endTime="2015-04-27T07:09:18.8890621-07:00" testType="13cdc9d9-ddb5-4fa4-a97d-d965ccfc6d4b" outcome="Passed" testListId="8c84fa94-04c1-424b-9868-57a2d4851a1d" relativeResultsDirectory="4d6afd31-20f7-4e4c-bcfb-205f1cbdcaa4">
      <Output>
        <StdOut>Catalog AttributedPartDiscoveryV1 vs. AttributedPartDiscovery
      Part
          Type: Microsoft.VisualStudio.Composition.Tests.ImportingConstructorTests+PartWithAllowDefaultImportingConstructor
-         SharingBoundary: 
-         IsSharingBoundaryInferred: True
-         CreationPolicy: Any
+         SharingBoundary: &lt;null&gt;
+         IsSharingBoundaryInferred: False
+         CreationPolicy: NonShared
          OnImportsSatisfied: &lt;null&gt;
          ExportedTypes:
              ExportDefinition
                  ContractName: Microsoft.VisualStudio.Composition.Tests.ImportingConstructorTests+PartWithAllowDefaultImportingConstructor
                  Metadata:
                      ExportTypeIdentity = Microsoft.VisualStudio.Composition.Tests.ImportingConstructorTests+PartWithAllowDefaultImportingConstructor
+                     System.ComponentModel.Composition.CreationPolicy = NonShared
          ExportingMembers:
          ImportingMembers:
          ImportingConstructor:
              ImportDefinition:
                  ContractName: Microsoft.VisualStudio.Composition.Tests.ImportingConstructorTests+RandomExport
                  Cardinality: OneOrZero
                  Metadata:
                  ExportFactorySharingBoundaries: 
                  ExportConstraints: 
                      ExportTypeIdentityConstraint
                          TypeIdentityName: Microsoft.VisualStudio.Composition.Tests.ImportingConstructorTests+RandomExport
              ComposablePartType: Microsoft.VisualStudio.Composition.Tests.ImportingConstructorTests+PartWithAllowDefaultImportingConstructor
              ImportingMember: 
              ParameterInfo: RandomExport export
              ImportingSiteType: Microsoft.VisualStudio.Composition.Tests.ImportingConstructorTests+RandomExport
      Part
          Type: Microsoft.VisualStudio.Composition.Tests.ImportingConstructorTests+RandomExport
          SharingBoundary: &lt;null&gt;
          IsSharingBoundaryInferred: False
          CreationPolicy: NonShared
          OnImportsSatisfied: &lt;null&gt;
          ExportedTypes:
-             ExportDefinition
-                 ContractName: Microsoft.VisualStudio.Composition.Tests.ImportingConstructorTests+IRandomExport
-                 Metadata:
-                     ExportTypeIdentity = Microsoft.VisualStudio.Composition.Tests.ImportingConstructorTests+IRandomExport
-                     System.ComponentModel.Composition.CreationPolicy = NonShared
-                     SomeMetadata = 1
              ExportDefinition
                  ContractName: Microsoft.VisualStudio.Composition.Tests.ImportingConstructorTests+RandomExport
                  Metadata:
                      ExportTypeIdentity = Microsoft.VisualStudio.Composition.Tests.ImportingConstructorTests+RandomExport
                      System.ComponentModel.Composition.CreationPolicy = NonShared
                      SomeMetadata = 1
          ExportingMembers:
          ImportingMembers:
          ImportingConstructor:</StdOut>
      </Output>
    </UnitTestResult>
    <UnitTestResult executionId="c1b1de19-466d-4364-b928-c0cc857ac77b" testId="a4b9bb34-2cfa-4454-b7a3-a879585168d3" testName="V1" computerName="DDBLD061B" duration="00:00:00.0010000" startTime="2015-04-27T07:09:18.8890621-07:00" endTime="2015-04-27T07:09:18.8890621-07:00" testType="13cdc9d9-ddb5-4fa4-a97d-d965ccfc6d4b" outcome="Passed" testListId="8c84fa94-04c1-424b-9868-57a2d4851a1d" relativeResultsDirectory="c1b1de19-466d-4364-b928-c0cc857ac77b" />
    <UnitTestResult executionId="63ac7295-5e44-49c4-b996-aa0620ca3cf4" testId="8770a672-7da9-42d3-b872-2ee13afb8adb" testName="V2" computerName="DDBLD061B" duration="00:00:00.0010000" startTime="2015-04-27T07:09:18.8890621-07:00" endTime="2015-04-27T07:09:18.8890621-07:00" testType="13cdc9d9-ddb5-4fa4-a97d-d965ccfc6d4b" outcome="Passed" testListId="8c84fa94-04c1-424b-9868-57a2d4851a1d" relativeResultsDirectory="63ac7295-5e44-49c4-b996-aa0620ca3cf4" />
    <UnitTestResult executionId="92dffcbd-005d-44ea-8809-aaec0376ac82" testId="7204d3fd-1d3f-45f8-801e-82223e0a5a84" testName="V3 engine (runtime)" computerName="DDBLD061B" duration="00:00:00.0010000" startTime="2015-04-27T07:09:18.8890621-07:00" endTime="2015-04-27T07:09:18.8890621-07:00" testType="13cdc9d9-ddb5-4fa4-a97d-d965ccfc6d4b" outcome="Passed" testListId="8c84fa94-04c1-424b-9868-57a2d4851a1d" relativeResultsDirectory="92dffcbd-005d-44ea-8809-aaec0376ac82" />
    <UnitTestResult executionId="044e48e3-915a-4ebd-8364-0d62860292b6" testId="d3563506-6f94-4bfa-9c1a-23cfdaf21a66" testName="V3 composition (V1)" computerName="DDBLD061B" duration="00:00:00.0250000" startTime="2015-04-27T07:09:18.8890621-07:00" endTime="2015-04-27T07:09:18.8890621-07:00" testType="13cdc9d9-ddb5-4fa4-a97d-d965ccfc6d4b" outcome="Passed" testListId="8c84fa94-04c1-424b-9868-57a2d4851a1d" relativeResultsDirectory="044e48e3-915a-4ebd-8364-0d62860292b6" />
    <UnitTestResult executionId="4e17e39d-ab8b-4109-8e78-fd59101aaaa6" testId="315c5847-e3eb-4703-8870-ca47900d2f03" testName="V3 engine (runtime)" computerName="DDBLD061B" duration="00:00:00.0010000" startTime="2015-04-27T07:09:18.8890621-07:00" endTime="2015-04-27T07:09:18.8890621-07:00" testType="13cdc9d9-ddb5-4fa4-a97d-d965ccfc6d4b" outcome="Passed" testListId="8c84fa94-04c1-424b-9868-57a2d4851a1d" relativeResultsDirectory="4e17e39d-ab8b-4109-8e78-fd59101aaaa6" />
    <UnitTestResult executionId="8a27670d-3af5-444f-b3d2-f53ed43aa482" testId="5b1f9d59-5fa4-4dd9-bb5b-e53f95bbf2e7" testName="V1" computerName="DDBLD061B" duration="00:00:00.0010000" startTime="2015-04-27T07:09:18.8890621-07:00" endTime="2015-04-27T07:09:18.8890621-07:00" testType="13cdc9d9-ddb5-4fa4-a97d-d965ccfc6d4b" outcome="Passed" testListId="8c84fa94-04c1-424b-9868-57a2d4851a1d" relativeResultsDirectory="8a27670d-3af5-444f-b3d2-f53ed43aa482" />
    <UnitTestResult executionId="6575dee9-d881-4dfd-8435-26c7ce822e27" testId="943dfade-7d60-4eb7-80b3-196850ee1775" testName="V3 composition (V1, V2)" computerName="DDBLD061B" duration="00:00:00.0100000" startTime="2015-04-27T07:09:18.8890621-07:00" endTime="2015-04-27T07:09:18.8890621-07:00" testType="13cdc9d9-ddb5-4fa4-a97d-d965ccfc6d4b" outcome="Passed" testListId="8c84fa94-04c1-424b-9868-57a2d4851a1d" relativeResultsDirectory="6575dee9-d881-4dfd-8435-26c7ce822e27" />
    <UnitTestResult executionId="04eaf2a7-6aa5-41d8-9fc8-9c108957e668" testId="00a98d59-c6f6-4cdd-8489-71991ad32788" testName="V3 engine (runtime)" computerName="DDBLD061B" duration="00:00:00.0010000" startTime="2015-04-27T07:09:19.2796398-07:00" endTime="2015-04-27T07:09:19.2796398-07:00" testType="13cdc9d9-ddb5-4fa4-a97d-d965ccfc6d4b" outcome="Passed" testListId="8c84fa94-04c1-424b-9868-57a2d4851a1d" relativeResultsDirectory="04eaf2a7-6aa5-41d8-9fc8-9c108957e668" />
    <UnitTestResult executionId="aafe796c-d594-41cb-ad5e-83ea29a5876b" testId="3e242cdf-0340-4e00-b922-6da242047acc" testName="V3 composition (V1)" computerName="DDBLD061B" duration="00:00:00.0130000" startTime="2015-04-27T07:09:19.2796398-07:00" endTime="2015-04-27T07:09:19.2796398-07:00" testType="13cdc9d9-ddb5-4fa4-a97d-d965ccfc6d4b" outcome="Passed" testListId="8c84fa94-04c1-424b-9868-57a2d4851a1d" relativeResultsDirectory="aafe796c-d594-41cb-ad5e-83ea29a5876b" />
    <UnitTestResult executionId="46b5e129-4530-465d-9179-d06e4320907d" testId="27ee57bc-bff0-4818-98aa-0d0cf360152b" testName="V3 engine (runtime)" computerName="DDBLD061B" duration="00:00:00.0010000" startTime="2015-04-27T07:09:19.2796398-07:00" endTime="2015-04-27T07:09:19.2796398-07:00" testType="13cdc9d9-ddb5-4fa4-a97d-d965ccfc6d4b" outcome="Passed" testListId="8c84fa94-04c1-424b-9868-57a2d4851a1d" relativeResultsDirectory="46b5e129-4530-465d-9179-d06e4320907d" />
    <UnitTestResult executionId="ad59e86e-81d6-4a0a-a34b-3163a4ec8129" testId="eb37cc6a-9fb8-4984-866b-cd2e3aed9f0f" testName="V1" computerName="DDBLD061B" duration="00:00:00.0010000" startTime="2015-04-27T07:09:19.2796398-07:00" endTime="2015-04-27T07:09:19.2796398-07:00" testType="13cdc9d9-ddb5-4fa4-a97d-d965ccfc6d4b" outcome="Passed" testListId="8c84fa94-04c1-424b-9868-57a2d4851a1d" relativeResultsDirectory="ad59e86e-81d6-4a0a-a34b-3163a4ec8129" />
    <UnitTestResult executionId="bdedfed2-9fbd-4978-ab19-a0eb29b31d95" testId="3dc73711-62d2-4e5f-8294-5862efd2bd0c" testName="V1" computerName="DDBLD061B" duration="00:00:00.0010000" startTime="2015-04-27T07:09:19.2796398-07:00" endTime="2015-04-27T07:09:19.2796398-07:00" testType="13cdc9d9-ddb5-4fa4-a97d-d965ccfc6d4b" outcome="Passed" testListId="8c84fa94-04c1-424b-9868-57a2d4851a1d" relativeResultsDirectory="bdedfed2-9fbd-4978-ab19-a0eb29b31d95" />
    <UnitTestResult executionId="3510cec2-c358-40ad-9749-b34126947704" testId="9e1ddb8a-d3ba-461d-8820-5ead4135cadf" testName="V2" computerName="DDBLD061B" duration="00:00:00.0020000" startTime="2015-04-27T07:09:19.2796398-07:00" endTime="2015-04-27T07:09:19.2796398-07:00" testType="13cdc9d9-ddb5-4fa4-a97d-d965ccfc6d4b" outcome="Passed" testListId="8c84fa94-04c1-424b-9868-57a2d4851a1d" relativeResultsDirectory="3510cec2-c358-40ad-9749-b34126947704" />
    <UnitTestResult executionId="c6150fdb-105a-498c-9574-5e4b23cf51ba" testId="edd805d3-c494-4f10-93ff-d10397e69f25" testName="V2" computerName="DDBLD061B" duration="00:00:00.0020000" startTime="2015-04-27T07:09:19.2796398-07:00" endTime="2015-04-27T07:09:19.2796398-07:00" testType="13cdc9d9-ddb5-4fa4-a97d-d965ccfc6d4b" outcome="Passed" testListId="8c84fa94-04c1-424b-9868-57a2d4851a1d" relativeResultsDirectory="c6150fdb-105a-498c-9574-5e4b23cf51ba" />
    <UnitTestResult executionId="a9aa9f3c-66ac-4792-a9de-148e931ff703" testId="7ae15c59-ee78-4408-84c5-265e5fd2196e" testName="V3 engine (runtime)" computerName="DDBLD061B" duration="00:00:00.0010000" startTime="2015-04-27T07:09:19.2796398-07:00" endTime="2015-04-27T07:09:19.2796398-07:00" testType="13cdc9d9-ddb5-4fa4-a97d-d965ccfc6d4b" outcome="Passed" testListId="8c84fa94-04c1-424b-9868-57a2d4851a1d" relativeResultsDirectory="a9aa9f3c-66ac-4792-a9de-148e931ff703" />
    <UnitTestResult executionId="cd42d400-fa76-4122-b00e-3369f030fc34" testId="97918fbd-c908-4d17-bf52-0dd8a69c0e88" testName="V1" computerName="DDBLD061B" duration="00:00:00.0010000" startTime="2015-04-27T07:09:19.2796398-07:00" endTime="2015-04-27T07:09:19.2796398-07:00" testType="13cdc9d9-ddb5-4fa4-a97d-d965ccfc6d4b" outcome="Passed" testListId="8c84fa94-04c1-424b-9868-57a2d4851a1d" relativeResultsDirectory="cd42d400-fa76-4122-b00e-3369f030fc34" />
    <UnitTestResult executionId="9b3e479e-505a-4245-86fe-71a51ecd799e" testId="d87fda99-6557-4f7b-a148-1869631f50a1" testName="V3 composition (V1, V2)" computerName="DDBLD061B" duration="00:00:00.0050000" startTime="2015-04-27T07:09:19.2796398-07:00" endTime="2015-04-27T07:09:19.2796398-07:00" testType="13cdc9d9-ddb5-4fa4-a97d-d965ccfc6d4b" outcome="Passed" testListId="8c84fa94-04c1-424b-9868-57a2d4851a1d" relativeResultsDirectory="9b3e479e-505a-4245-86fe-71a51ecd799e" />
    <UnitTestResult executionId="6e94f73a-4b0a-42d2-bbf1-f7602f594ba7" testId="edcbd3c1-2de4-462a-abcb-41ec40bccda4" testName="V3 composition (V1)" computerName="DDBLD061B" duration="00:00:00.0040000" startTime="2015-04-27T07:09:19.5296609-07:00" endTime="2015-04-27T07:09:19.5296609-07:00" testType="13cdc9d9-ddb5-4fa4-a97d-d965ccfc6d4b" outcome="Passed" testListId="8c84fa94-04c1-424b-9868-57a2d4851a1d" relativeResultsDirectory="6e94f73a-4b0a-42d2-bbf1-f7602f594ba7" />
    <UnitTestResult executionId="573a8bb0-674d-4d20-aee2-ec89d8a443f4" testId="76e29fe9-5800-4660-a37d-b181d7134752" testName="V3 engine (runtime)" computerName="DDBLD061B" duration="00:00:00.0010000" startTime="2015-04-27T07:09:19.5296609-07:00" endTime="2015-04-27T07:09:19.5296609-07:00" testType="13cdc9d9-ddb5-4fa4-a97d-d965ccfc6d4b" outcome="Passed" testListId="8c84fa94-04c1-424b-9868-57a2d4851a1d" relativeResultsDirectory="573a8bb0-674d-4d20-aee2-ec89d8a443f4" />
    <UnitTestResult executionId="d1ad3da0-f79e-4904-8431-97cbd133a04a" testId="9d8b2247-cea1-4435-ab4c-b8503add984f" testName="V3 composition (V1, V2)" computerName="DDBLD061B" duration="00:00:00.0080000" startTime="2015-04-27T07:09:19.5296609-07:00" endTime="2015-04-27T07:09:19.5296609-07:00" testType="13cdc9d9-ddb5-4fa4-a97d-d965ccfc6d4b" outcome="Passed" testListId="8c84fa94-04c1-424b-9868-57a2d4851a1d" relativeResultsDirectory="d1ad3da0-f79e-4904-8431-97cbd133a04a">
      <Output>
        <StdOut>Catalog AttributedPartDiscoveryV1 vs. AttributedPartDiscovery
      Part
          Type: Microsoft.VisualStudio.Composition.Tests.ImportingConstructorTests+ImportingConstructorWithImportManyPart
          SharingBoundary: &lt;null&gt;
          IsSharingBoundaryInferred: False
          CreationPolicy: NonShared
          OnImportsSatisfied: &lt;null&gt;
          ExportedTypes:
              ExportDefinition
                  ContractName: Microsoft.VisualStudio.Composition.Tests.ImportingConstructorTests+ImportingConstructorWithImportManyPart
                  Metadata:
                      ExportTypeIdentity = Microsoft.VisualStudio.Composition.Tests.ImportingConstructorTests+ImportingConstructorWithImportManyPart
                      System.ComponentModel.Composition.CreationPolicy = NonShared
          ExportingMembers:
          ImportingMembers:
          ImportingConstructor:
              ImportDefinition:
                  ContractName: Microsoft.VisualStudio.Composition.Tests.ImportingConstructorTests+RandomExport
                  Cardinality: ZeroOrMore
                  Metadata:
                  ExportFactorySharingBoundaries: 
                  ExportConstraints: 
                      ExportTypeIdentityConstraint
                          TypeIdentityName: Microsoft.VisualStudio.Composition.Tests.ImportingConstructorTests+RandomExport
              ComposablePartType: Microsoft.VisualStudio.Composition.Tests.ImportingConstructorTests+ImportingConstructorWithImportManyPart
              ImportingMember: 
              ParameterInfo: RandomExport[] exports
              ImportingSiteType: Microsoft.VisualStudio.Composition.Tests.ImportingConstructorTests+RandomExport[]
      Part
          Type: Microsoft.VisualStudio.Composition.Tests.ImportingConstructorTests+RandomExport
          SharingBoundary: &lt;null&gt;
          IsSharingBoundaryInferred: False
          CreationPolicy: NonShared
          OnImportsSatisfied: &lt;null&gt;
          ExportedTypes:
              ExportDefinition
-                 ContractName: Microsoft.VisualStudio.Composition.Tests.ImportingConstructorTests+IRandomExport
-                 Metadata:
-                     ExportTypeIdentity = Microsoft.VisualStudio.Composition.Tests.ImportingConstructorTests+IRandomExport
-                     System.ComponentModel.Composition.CreationPolicy = NonShared
-                     SomeMetadata = 1
-             ExportDefinition
                  ContractName: Microsoft.VisualStudio.Composition.Tests.ImportingConstructorTests+RandomExport
                  Metadata:
                      ExportTypeIdentity = Microsoft.VisualStudio.Composition.Tests.ImportingConstructorTests+RandomExport
                      System.ComponentModel.Composition.CreationPolicy = NonShared
                      SomeMetadata = 1
          ExportingMembers:
          ImportingMembers:
          ImportingConstructor:</StdOut>
      </Output>
    </UnitTestResult>
    <UnitTestResult executionId="074dc8d3-79da-4c2d-988a-6e58fefbce46" testId="ca61c86f-c424-4a85-942a-58821994f856" testName="V1" computerName="DDBLD061B" duration="00:00:00.0020000" startTime="2015-04-27T07:09:19.5296609-07:00" endTime="2015-04-27T07:09:19.5296609-07:00" testType="13cdc9d9-ddb5-4fa4-a97d-d965ccfc6d4b" outcome="Passed" testListId="8c84fa94-04c1-424b-9868-57a2d4851a1d" relativeResultsDirectory="074dc8d3-79da-4c2d-988a-6e58fefbce46" />
    <UnitTestResult executionId="ae264e7f-fe9a-4c49-9753-b088a10dea99" testId="7bfce64c-e2b9-4234-88a1-86f5f37830a9" testName="ComposableAssembliesLazyLoadedByLazyMetadataDictionary" computerName="DDBLD061B" duration="00:00:00.4920000" startTime="2015-04-27T07:09:19.5296609-07:00" endTime="2015-04-27T07:09:19.5296609-07:00" testType="13cdc9d9-ddb5-4fa4-a97d-d965ccfc6d4b" outcome="Passed" testListId="8c84fa94-04c1-424b-9868-57a2d4851a1d" relativeResultsDirectory="ae264e7f-fe9a-4c49-9753-b088a10dea99" />
    <UnitTestResult executionId="e0d80a81-55eb-4890-a5af-59c829b168ab" testId="0f2769a2-fabe-4dd7-9c74-b417a708b633" testName="V3 engine (runtime)" computerName="DDBLD061B" duration="00:00:00.0090000" startTime="2015-04-27T07:09:19.5296609-07:00" endTime="2015-04-27T07:09:19.5296609-07:00" testType="13cdc9d9-ddb5-4fa4-a97d-d965ccfc6d4b" outcome="Passed" testListId="8c84fa94-04c1-424b-9868-57a2d4851a1d" relativeResultsDirectory="e0d80a81-55eb-4890-a5af-59c829b168ab" />
    <UnitTestResult executionId="6e97695c-1be9-452e-a0e1-8a28ce6847eb" testId="4a4cf3b6-37cc-4e15-8dc6-b36bff589567" testName="V3 engine (runtime)" computerName="DDBLD061B" duration="00:00:00.0110000" startTime="2015-04-27T07:09:19.5296609-07:00" endTime="2015-04-27T07:09:19.5296609-07:00" testType="13cdc9d9-ddb5-4fa4-a97d-d965ccfc6d4b" outcome="Passed" testListId="8c84fa94-04c1-424b-9868-57a2d4851a1d" relativeResultsDirectory="6e97695c-1be9-452e-a0e1-8a28ce6847eb" />
    <UnitTestResult executionId="cc308e38-dadd-4e05-a148-3c131b7d3ea4" testId="2d00a232-72b8-4693-91cf-9ce15f719567" testName="V1" computerName="DDBLD061B" duration="00:00:00.0010000" startTime="2015-04-27T07:09:19.5296609-07:00" endTime="2015-04-27T07:09:19.5296609-07:00" testType="13cdc9d9-ddb5-4fa4-a97d-d965ccfc6d4b" outcome="Passed" testListId="8c84fa94-04c1-424b-9868-57a2d4851a1d" relativeResultsDirectory="cc308e38-dadd-4e05-a148-3c131b7d3ea4" />
    <UnitTestResult executionId="b1935c37-153a-48dc-a0cc-7815add6ca09" testId="bb5b83fe-6abf-49de-a939-fac865406dc0" testName="V3 engine (runtime)" computerName="DDBLD061B" duration="00:00:00.0010000" startTime="2015-04-27T07:09:19.7640078-07:00" endTime="2015-04-27T07:09:19.7640078-07:00" testType="13cdc9d9-ddb5-4fa4-a97d-d965ccfc6d4b" outcome="Passed" testListId="8c84fa94-04c1-424b-9868-57a2d4851a1d" relativeResultsDirectory="b1935c37-153a-48dc-a0cc-7815add6ca09" />
    <UnitTestResult executionId="63ab6cc0-bc86-4e9f-9ff4-f51bbbb4b259" testId="0b7e61de-d845-43ca-91f4-a16533b26810" testName="V1" computerName="DDBLD061B" duration="00:00:00.0020000" startTime="2015-04-27T07:09:19.7640078-07:00" endTime="2015-04-27T07:09:19.7640078-07:00" testType="13cdc9d9-ddb5-4fa4-a97d-d965ccfc6d4b" outcome="Passed" testListId="8c84fa94-04c1-424b-9868-57a2d4851a1d" relativeResultsDirectory="63ab6cc0-bc86-4e9f-9ff4-f51bbbb4b259" />
    <UnitTestResult executionId="d497ccab-bd0e-48d5-a59f-72b79541ef2f" testId="bb63cf6e-3ce2-46bd-9862-58256fdfac9e" testName="V3 composition (V1, V2)" computerName="DDBLD061B" duration="00:00:00.0740000" startTime="2015-04-27T07:09:19.7640078-07:00" endTime="2015-04-27T07:09:19.7640078-07:00" testType="13cdc9d9-ddb5-4fa4-a97d-d965ccfc6d4b" outcome="Passed" testListId="8c84fa94-04c1-424b-9868-57a2d4851a1d" relativeResultsDirectory="d497ccab-bd0e-48d5-a59f-72b79541ef2f" />
    <UnitTestResult executionId="c56e24d3-8a8d-4048-9a62-3d3b4aa03bf3" testId="8a7226fb-7edf-404e-964b-4ae26e94533e" testName="V3 composition (V1)" computerName="DDBLD061B" duration="00:00:00.0160000" startTime="2015-04-27T07:09:19.7640078-07:00" endTime="2015-04-27T07:09:19.7640078-07:00" testType="13cdc9d9-ddb5-4fa4-a97d-d965ccfc6d4b" outcome="Passed" testListId="8c84fa94-04c1-424b-9868-57a2d4851a1d" relativeResultsDirectory="c56e24d3-8a8d-4048-9a62-3d3b4aa03bf3" />
    <UnitTestResult executionId="355d7639-af4b-4062-962e-731b62fafeea" testId="4038f3f9-4cdd-4e9d-bd3b-333102bdaffb" testName="V3 engine (runtime)" computerName="DDBLD061B" duration="00:00:00.0010000" startTime="2015-04-27T07:09:19.7640078-07:00" endTime="2015-04-27T07:09:19.7640078-07:00" testType="13cdc9d9-ddb5-4fa4-a97d-d965ccfc6d4b" outcome="Passed" testListId="8c84fa94-04c1-424b-9868-57a2d4851a1d" relativeResultsDirectory="355d7639-af4b-4062-962e-731b62fafeea" />
    <UnitTestResult executionId="1429cb2d-8fd0-42dd-8e92-6c36ce5c0b8d" testId="e1604dc9-c502-4ed1-b31b-a9559cb7389e" testName="V1" computerName="DDBLD061B" duration="00:00:00.0010000" startTime="2015-04-27T07:09:19.7640078-07:00" endTime="2015-04-27T07:09:19.7640078-07:00" testType="13cdc9d9-ddb5-4fa4-a97d-d965ccfc6d4b" outcome="Passed" testListId="8c84fa94-04c1-424b-9868-57a2d4851a1d" relativeResultsDirectory="1429cb2d-8fd0-42dd-8e92-6c36ce5c0b8d" />
    <UnitTestResult executionId="fc42963f-b400-4aa3-8922-eedc5280b4d3" testId="e8a59488-549d-47e8-8d23-6762a1ab2ca7" testName="V3 composition (V1)" computerName="DDBLD061B" duration="00:00:00.0040000" startTime="2015-04-27T07:09:19.7640078-07:00" endTime="2015-04-27T07:09:19.7640078-07:00" testType="13cdc9d9-ddb5-4fa4-a97d-d965ccfc6d4b" outcome="Passed" testListId="8c84fa94-04c1-424b-9868-57a2d4851a1d" relativeResultsDirectory="fc42963f-b400-4aa3-8922-eedc5280b4d3" />
    <UnitTestResult executionId="9b28c469-22a6-4264-864f-e3cbcdb319d4" testId="ef7b181a-491e-4410-bc6a-7ddf618c3660" testName="V3 engine (runtime)" computerName="DDBLD061B" duration="00:00:00.0010000" startTime="2015-04-27T07:09:19.7640078-07:00" endTime="2015-04-27T07:09:19.7640078-07:00" testType="13cdc9d9-ddb5-4fa4-a97d-d965ccfc6d4b" outcome="Passed" testListId="8c84fa94-04c1-424b-9868-57a2d4851a1d" relativeResultsDirectory="9b28c469-22a6-4264-864f-e3cbcdb319d4" />
    <UnitTestResult executionId="9c1a0cfe-5c7f-4e6b-9ef1-a56869156608" testId="0e448fbc-f7bc-43e4-8575-35e72509d9e4" testName="V1" computerName="DDBLD061B" duration="00:00:00.0010000" startTime="2015-04-27T07:09:19.7640078-07:00" endTime="2015-04-27T07:09:19.7640078-07:00" testType="13cdc9d9-ddb5-4fa4-a97d-d965ccfc6d4b" outcome="Passed" testListId="8c84fa94-04c1-424b-9868-57a2d4851a1d" relativeResultsDirectory="9c1a0cfe-5c7f-4e6b-9ef1-a56869156608" />
    <UnitTestResult executionId="07f4e764-ac05-464d-8e0f-4f670035eabe" testId="faf5924a-0913-4933-89d6-e97dc7847ec7" testName="V3 composition (V1)" computerName="DDBLD061B" duration="00:00:00.0080000" startTime="2015-04-27T07:09:20.0452559-07:00" endTime="2015-04-27T07:09:20.0452559-07:00" testType="13cdc9d9-ddb5-4fa4-a97d-d965ccfc6d4b" outcome="Passed" testListId="8c84fa94-04c1-424b-9868-57a2d4851a1d" relativeResultsDirectory="07f4e764-ac05-464d-8e0f-4f670035eabe" />
    <UnitTestResult executionId="a3f27cb7-22fa-4ef2-8f4c-4d743a201601" testId="3c0ce58d-1c04-4840-a98d-cc198edb2af8" testName="V2" computerName="DDBLD061B" duration="00:00:00.0010000" startTime="2015-04-27T07:09:20.0452559-07:00" endTime="2015-04-27T07:09:20.0452559-07:00" testType="13cdc9d9-ddb5-4fa4-a97d-d965ccfc6d4b" outcome="Passed" testListId="8c84fa94-04c1-424b-9868-57a2d4851a1d" relativeResultsDirectory="a3f27cb7-22fa-4ef2-8f4c-4d743a201601" />
    <UnitTestResult executionId="47ff5764-c6c6-4837-ab0a-b335b15a0137" testId="102e84ff-8751-4007-9e97-9f9016958984" testName="V3 engine (runtime)" computerName="DDBLD061B" duration="00:00:00.0010000" startTime="2015-04-27T07:09:20.0452559-07:00" endTime="2015-04-27T07:09:20.0452559-07:00" testType="13cdc9d9-ddb5-4fa4-a97d-d965ccfc6d4b" outcome="Passed" testListId="8c84fa94-04c1-424b-9868-57a2d4851a1d" relativeResultsDirectory="47ff5764-c6c6-4837-ab0a-b335b15a0137" />
    <UnitTestResult executionId="69ac8c22-e2fb-4e58-8285-2a2e7f04a754" testId="19ad95f0-51d1-46a4-aeef-fe30656549ed" testName="V3 engine (runtime)" computerName="DDBLD061B" duration="00:00:00.0010000" startTime="2015-04-27T07:09:20.0452559-07:00" endTime="2015-04-27T07:09:20.0452559-07:00" testType="13cdc9d9-ddb5-4fa4-a97d-d965ccfc6d4b" outcome="Passed" testListId="8c84fa94-04c1-424b-9868-57a2d4851a1d" relativeResultsDirectory="69ac8c22-e2fb-4e58-8285-2a2e7f04a754" />
    <UnitTestResult executionId="587694d2-4c63-480d-9eff-62e8afc99300" testId="27d585e7-4432-4122-bf07-2abd6cf9ef13" testName="V1" computerName="DDBLD061B" duration="00:00:00.0060000" startTime="2015-04-27T07:09:20.0608797-07:00" endTime="2015-04-27T07:09:20.0608797-07:00" testType="13cdc9d9-ddb5-4fa4-a97d-d965ccfc6d4b" outcome="Passed" testListId="8c84fa94-04c1-424b-9868-57a2d4851a1d" relativeResultsDirectory="587694d2-4c63-480d-9eff-62e8afc99300" />
    <UnitTestResult executionId="1fde33c5-6e7c-4ab0-ac93-8d8fd27421d1" testId="61f2fa80-747f-4b3b-8ec5-ae0ef2e4e6ff" testName="V1" computerName="DDBLD061B" duration="00:00:00.0010000" startTime="2015-04-27T07:09:20.0608797-07:00" endTime="2015-04-27T07:09:20.0608797-07:00" testType="13cdc9d9-ddb5-4fa4-a97d-d965ccfc6d4b" outcome="Passed" testListId="8c84fa94-04c1-424b-9868-57a2d4851a1d" relativeResultsDirectory="1fde33c5-6e7c-4ab0-ac93-8d8fd27421d1" />
    <UnitTestResult executionId="283dba5d-8b89-4f56-ad41-e4ad34c462ad" testId="a24723c4-2589-4cb1-adc3-be4fa7f19df1" testName="V3 composition (V1, V2)" computerName="DDBLD061B" duration="00:00:00.0120000" startTime="2015-04-27T07:09:20.0608797-07:00" endTime="2015-04-27T07:09:20.0608797-07:00" testType="13cdc9d9-ddb5-4fa4-a97d-d965ccfc6d4b" outcome="Passed" testListId="8c84fa94-04c1-424b-9868-57a2d4851a1d" relativeResultsDirectory="283dba5d-8b89-4f56-ad41-e4ad34c462ad" />
    <UnitTestResult executionId="1e0646fc-9f39-4f6f-b3fa-a37f7c002154" testId="e5615bb9-559a-4d37-8f5a-e7219b0eca07" testName="V3 composition (V1)" computerName="DDBLD061B" duration="00:00:00.0170000" startTime="2015-04-27T07:09:20.0608797-07:00" endTime="2015-04-27T07:09:20.0608797-07:00" testType="13cdc9d9-ddb5-4fa4-a97d-d965ccfc6d4b" outcome="Passed" testListId="8c84fa94-04c1-424b-9868-57a2d4851a1d" relativeResultsDirectory="1e0646fc-9f39-4f6f-b3fa-a37f7c002154" />
    <UnitTestResult executionId="c42ef04e-76b9-4ce3-926e-fd5215974a04" testId="73c605ed-8218-449e-ac3b-0d8b8208c289" testName="V3 engine (runtime)" computerName="DDBLD061B" duration="00:00:00.0010000" startTime="2015-04-27T07:09:20.6702480-07:00" endTime="2015-04-27T07:09:20.6702480-07:00" testType="13cdc9d9-ddb5-4fa4-a97d-d965ccfc6d4b" outcome="Passed" testListId="8c84fa94-04c1-424b-9868-57a2d4851a1d" relativeResultsDirectory="c42ef04e-76b9-4ce3-926e-fd5215974a04" />
    <UnitTestResult executionId="3162be64-c298-47b1-b7a9-7dde111e12e4" testId="d0d6c1bf-dfdf-4045-b226-c57a299a722b" testName="V3 engine (runtime)" computerName="DDBLD061B" duration="00:00:00.0010000" startTime="2015-04-27T07:09:20.6702480-07:00" endTime="2015-04-27T07:09:20.6702480-07:00" testType="13cdc9d9-ddb5-4fa4-a97d-d965ccfc6d4b" outcome="Passed" testListId="8c84fa94-04c1-424b-9868-57a2d4851a1d" relativeResultsDirectory="3162be64-c298-47b1-b7a9-7dde111e12e4" />
    <UnitTestResult executionId="be63b460-e2ed-43a6-af44-3a46e1adb1b4" testId="8c89423d-391d-44f0-804f-72503bd33143" testName="V3 composition (V1)" computerName="DDBLD061B" duration="00:00:00.0080000" startTime="2015-04-27T07:09:20.6702480-07:00" endTime="2015-04-27T07:09:20.6702480-07:00" testType="13cdc9d9-ddb5-4fa4-a97d-d965ccfc6d4b" outcome="Passed" testListId="8c84fa94-04c1-424b-9868-57a2d4851a1d" relativeResultsDirectory="be63b460-e2ed-43a6-af44-3a46e1adb1b4" />
    <UnitTestResult executionId="7f350b52-1468-4a94-a285-4733492bbdfc" testId="3b8ac7fa-bc9a-486c-bc59-f35210e3c3d2" testName="V3 composition (V1)" computerName="DDBLD061B" duration="00:00:00.0090000" startTime="2015-04-27T07:09:20.6702480-07:00" endTime="2015-04-27T07:09:20.6702480-07:00" testType="13cdc9d9-ddb5-4fa4-a97d-d965ccfc6d4b" outcome="Passed" testListId="8c84fa94-04c1-424b-9868-57a2d4851a1d" relativeResultsDirectory="7f350b52-1468-4a94-a285-4733492bbdfc" />
    <UnitTestResult executionId="c7cd5adc-3ff3-4bd7-a01c-9c2b7da2cdf8" testId="cd7b662a-1d3f-4ab0-af70-0eeff8d2f0c4" testName="V1" computerName="DDBLD061B" duration="00:00:00.0020000" startTime="2015-04-27T07:09:20.6702480-07:00" endTime="2015-04-27T07:09:20.6702480-07:00" testType="13cdc9d9-ddb5-4fa4-a97d-d965ccfc6d4b" outcome="Passed" testListId="8c84fa94-04c1-424b-9868-57a2d4851a1d" relativeResultsDirectory="c7cd5adc-3ff3-4bd7-a01c-9c2b7da2cdf8" />
    <UnitTestResult executionId="a907f1db-a207-4ec7-a154-7d451a6e7577" testId="7b4748df-dab4-4787-9b09-77b09d7d9b6a" testName="V1" computerName="DDBLD061B" duration="00:00:00.0020000" startTime="2015-04-27T07:09:20.6702480-07:00" endTime="2015-04-27T07:09:20.6702480-07:00" testType="13cdc9d9-ddb5-4fa4-a97d-d965ccfc6d4b" outcome="Passed" testListId="8c84fa94-04c1-424b-9868-57a2d4851a1d" relativeResultsDirectory="a907f1db-a207-4ec7-a154-7d451a6e7577" />
    <UnitTestResult executionId="7aa19dea-96b3-4892-8f7b-340b0bd4d72a" testId="dd1ef0b9-cf3b-4f54-8d87-88d27fb6faf4" testName="V3 engine (runtime)" computerName="DDBLD061B" duration="00:00:00.0010000" startTime="2015-04-27T07:09:20.6702480-07:00" endTime="2015-04-27T07:09:20.6702480-07:00" testType="13cdc9d9-ddb5-4fa4-a97d-d965ccfc6d4b" outcome="Passed" testListId="8c84fa94-04c1-424b-9868-57a2d4851a1d" relativeResultsDirectory="7aa19dea-96b3-4892-8f7b-340b0bd4d72a" />
    <UnitTestResult executionId="38ad4dc0-eec6-4ca7-98ca-c325cc5982fb" testId="69473fd8-6561-4aa4-bcd3-711ad3525e5b" testName="V1" computerName="DDBLD061B" duration="00:00:00.0020000" startTime="2015-04-27T07:09:20.6702480-07:00" endTime="2015-04-27T07:09:20.6702480-07:00" testType="13cdc9d9-ddb5-4fa4-a97d-d965ccfc6d4b" outcome="Passed" testListId="8c84fa94-04c1-424b-9868-57a2d4851a1d" relativeResultsDirectory="38ad4dc0-eec6-4ca7-98ca-c325cc5982fb" />
    <UnitTestResult executionId="373b61df-4170-49de-93c8-99e5d7ce2404" testId="3d62a30b-ffc2-4ba2-9372-663d5c7afa39" testName="V3 composition (V1, V2)" computerName="DDBLD061B" duration="00:00:00.0180000" startTime="2015-04-27T07:09:20.6702480-07:00" endTime="2015-04-27T07:09:20.6702480-07:00" testType="13cdc9d9-ddb5-4fa4-a97d-d965ccfc6d4b" outcome="Passed" testListId="8c84fa94-04c1-424b-9868-57a2d4851a1d" relativeResultsDirectory="373b61df-4170-49de-93c8-99e5d7ce2404" />
    <UnitTestResult executionId="8ccfaebb-224b-4d2c-ad58-f2d01e8c8336" testId="d423749b-5b5f-4c06-8a1a-c3eee22629f8" testName="V3 composition (V1)" computerName="DDBLD061B" duration="00:00:00.0180000" startTime="2015-04-27T07:09:20.6702480-07:00" endTime="2015-04-27T07:09:20.6702480-07:00" testType="13cdc9d9-ddb5-4fa4-a97d-d965ccfc6d4b" outcome="Passed" testListId="8c84fa94-04c1-424b-9868-57a2d4851a1d" relativeResultsDirectory="8ccfaebb-224b-4d2c-ad58-f2d01e8c8336" />
    <UnitTestResult executionId="33bdbb12-c30e-4663-8ef2-4a421ce5e300" testId="3fb7ef61-403c-4986-83ac-4cc84233e9ec" testName="V3 composition (V1, V2)" computerName="DDBLD061B" duration="00:00:00.0220000" startTime="2015-04-27T07:09:21.0609320-07:00" endTime="2015-04-27T07:09:21.0609320-07:00" testType="13cdc9d9-ddb5-4fa4-a97d-d965ccfc6d4b" outcome="Passed" testListId="8c84fa94-04c1-424b-9868-57a2d4851a1d" relativeResultsDirectory="33bdbb12-c30e-4663-8ef2-4a421ce5e300">
      <Output>
        <StdOut>Catalog AttributedPartDiscoveryV1 vs. AttributedPartDiscovery
      Part
          Type: Microsoft.VisualStudio.Composition.Tests.ImportingConstructorTests+PartWithImportingConstructorOfLazyPartImportingThis1
+         Part metadata:
+             SharingBoundary = 
          SharingBoundary: 
-         IsSharingBoundaryInferred: True
-         CreationPolicy: Any
+         IsSharingBoundaryInferred: False
+         CreationPolicy: Shared
          OnImportsSatisfied: &lt;null&gt;
          ExportedTypes:
              ExportDefinition
                  ContractName: Microsoft.VisualStudio.Composition.Tests.ImportingConstructorTests+PartWithImportingConstructorOfLazyPartImportingThis1
                  Metadata:
                      ExportTypeIdentity = Microsoft.VisualStudio.Composition.Tests.ImportingConstructorTests+PartWithImportingConstructorOfLazyPartImportingThis1
+                     System.ComponentModel.Composition.CreationPolicy = Shared
          ExportingMembers:
          ImportingMembers:
          ImportingConstructor:
              ImportDefinition:
                  ContractName: Microsoft.VisualStudio.Composition.Tests.ImportingConstructorTests+PartThatImportsTwoPartsWithImportingConstructorsOfLazyThis
                  Cardinality: ExactlyOne
                  Metadata:
                  ExportFactorySharingBoundaries: 
                  ExportConstraints: 
                      ExportTypeIdentityConstraint
                          TypeIdentityName: Microsoft.VisualStudio.Composition.Tests.ImportingConstructorTests+PartThatImportsTwoPartsWithImportingConstructorsOfLazyThis
              ComposablePartType: Microsoft.VisualStudio.Composition.Tests.ImportingConstructorTests+PartWithImportingConstructorOfLazyPartImportingThis1
              ImportingMember: 
              ParameterInfo: System.Lazy`1[Microsoft.VisualStudio.Composition.Tests.ImportingConstructorTests+PartThatImportsTwoPartsWithImportingConstructorsOfLazyThis] c
              ImportingSiteType: System.Lazy`1[Microsoft.VisualStudio.Composition.Tests.ImportingConstructorTests+PartThatImportsTwoPartsWithImportingConstructorsOfLazyThis]
      Part
          Type: Microsoft.VisualStudio.Composition.Tests.ImportingConstructorTests+PartWithImportingConstructorOfLazyPartImportingThis2
+         Part metadata:
+             SharingBoundary = 
          SharingBoundary: 
-         IsSharingBoundaryInferred: True
-         CreationPolicy: Any
+         IsSharingBoundaryInferred: False
+         CreationPolicy: Shared
          OnImportsSatisfied: &lt;null&gt;
          ExportedTypes:
              ExportDefinition
                  ContractName: Microsoft.VisualStudio.Composition.Tests.ImportingConstructorTests+PartWithImportingConstructorOfLazyPartImportingThis2
                  Metadata:
                      ExportTypeIdentity = Microsoft.VisualStudio.Composition.Tests.ImportingConstructorTests+PartWithImportingConstructorOfLazyPartImportingThis2
+                     System.ComponentModel.Composition.CreationPolicy = Shared
          ExportingMembers:
          ImportingMembers:
          ImportingConstructor:
              ImportDefinition:
                  ContractName: Microsoft.VisualStudio.Composition.Tests.ImportingConstructorTests+PartThatImportsTwoPartsWithImportingConstructorsOfLazyThis
                  Cardinality: ExactlyOne
                  Metadata:
                  ExportFactorySharingBoundaries: 
                  ExportConstraints: 
                      ExportTypeIdentityConstraint
                          TypeIdentityName: Microsoft.VisualStudio.Composition.Tests.ImportingConstructorTests+PartThatImportsTwoPartsWithImportingConstructorsOfLazyThis
              ComposablePartType: Microsoft.VisualStudio.Composition.Tests.ImportingConstructorTests+PartWithImportingConstructorOfLazyPartImportingThis2
              ImportingMember: 
              ParameterInfo: System.Lazy`1[Microsoft.VisualStudio.Composition.Tests.ImportingConstructorTests+PartThatImportsTwoPartsWithImportingConstructorsOfLazyThis] c
              ImportingSiteType: System.Lazy`1[Microsoft.VisualStudio.Composition.Tests.ImportingConstructorTests+PartThatImportsTwoPartsWithImportingConstructorsOfLazyThis]
      Part
          Type: Microsoft.VisualStudio.Composition.Tests.ImportingConstructorTests+PartThatImportsTwoPartsWithImportingConstructorsOfLazyThis
+         Part metadata:
+             SharingBoundary = 
          SharingBoundary: 
-         IsSharingBoundaryInferred: True
-         CreationPolicy: Any
+         IsSharingBoundaryInferred: False
+         CreationPolicy: Shared
          OnImportsSatisfied: &lt;null&gt;
          ExportedTypes:
              ExportDefinition
                  ContractName: Microsoft.VisualStudio.Composition.Tests.ImportingConstructorTests+PartThatImportsTwoPartsWithImportingConstructorsOfLazyThis
                  Metadata:
                      ExportTypeIdentity = Microsoft.VisualStudio.Composition.Tests.ImportingConstructorTests+PartThatImportsTwoPartsWithImportingConstructorsOfLazyThis
+                     System.ComponentModel.Composition.CreationPolicy = Shared
          ExportingMembers:
          ImportingMembers:
              ImportDefinition:
                  ContractName: Microsoft.VisualStudio.Composition.Tests.ImportingConstructorTests+PartWithImportingConstructorOfLazyPartImportingThis2
                  Cardinality: ExactlyOne
                  Metadata:
                  ExportFactorySharingBoundaries: 
                  ExportConstraints: 
                      ExportTypeIdentityConstraint
                          TypeIdentityName: Microsoft.VisualStudio.Composition.Tests.ImportingConstructorTests+PartWithImportingConstructorOfLazyPartImportingThis2
              ComposablePartType: Microsoft.VisualStudio.Composition.Tests.ImportingConstructorTests+PartThatImportsTwoPartsWithImportingConstructorsOfLazyThis
              ImportingMember: PartWithImportingConstructorOfLazyPartImportingThis2 B
              ParameterInfo: 
              ImportingSiteType: Microsoft.VisualStudio.Composition.Tests.ImportingConstructorTests+PartWithImportingConstructorOfLazyPartImportingThis2
              ImportDefinition:
                  ContractName: Microsoft.VisualStudio.Composition.Tests.ImportingConstructorTests+PartWithImportingConstructorOfLazyPartImportingThis1
                  Cardinality: ExactlyOne
                  Metadata:
                  ExportFactorySharingBoundaries: 
                  ExportConstraints: 
                      ExportTypeIdentityConstraint
                          TypeIdentityName: Microsoft.VisualStudio.Composition.Tests.ImportingConstructorTests+PartWithImportingConstructorOfLazyPartImportingThis1
              ComposablePartType: Microsoft.VisualStudio.Composition.Tests.ImportingConstructorTests+PartThatImportsTwoPartsWithImportingConstructorsOfLazyThis
              ImportingMember: PartWithImportingConstructorOfLazyPartImportingThis1 A
              ParameterInfo: 
              ImportingSiteType: Microsoft.VisualStudio.Composition.Tests.ImportingConstructorTests+PartWithImportingConstructorOfLazyPartImportingThis1
          ImportingConstructor:</StdOut>
      </Output>
    </UnitTestResult>
    <UnitTestResult executionId="0e345976-33b1-4a7d-92b3-5bd80cd3e09c" testId="34829af7-3699-4204-8f09-df819b35613b" testName="V3 engine (runtime)" computerName="DDBLD061B" duration="00:00:00.0010000" startTime="2015-04-27T07:09:21.0609320-07:00" endTime="2015-04-27T07:09:21.0609320-07:00" testType="13cdc9d9-ddb5-4fa4-a97d-d965ccfc6d4b" outcome="Passed" testListId="8c84fa94-04c1-424b-9868-57a2d4851a1d" relativeResultsDirectory="0e345976-33b1-4a7d-92b3-5bd80cd3e09c" />
    <UnitTestResult executionId="4b3f10db-cb9e-446c-b68a-14d9d79bfaa0" testId="6d00b237-dccd-410b-893c-5a6f6ff60293" testName="V1" computerName="DDBLD061B" duration="00:00:00.0010000" startTime="2015-04-27T07:09:21.0609320-07:00" endTime="2015-04-27T07:09:21.0609320-07:00" testType="13cdc9d9-ddb5-4fa4-a97d-d965ccfc6d4b" outcome="Passed" testListId="8c84fa94-04c1-424b-9868-57a2d4851a1d" relativeResultsDirectory="4b3f10db-cb9e-446c-b68a-14d9d79bfaa0" />
    <UnitTestResult executionId="0e4f9694-6bfd-4f89-a135-745d2534a237" testId="61e4cd32-8f35-42c7-9b00-43f7253ea1de" testName="V3 engine (runtime)" computerName="DDBLD061B" duration="00:00:00.0010000" startTime="2015-04-27T07:09:21.0609320-07:00" endTime="2015-04-27T07:09:21.0609320-07:00" testType="13cdc9d9-ddb5-4fa4-a97d-d965ccfc6d4b" outcome="Passed" testListId="8c84fa94-04c1-424b-9868-57a2d4851a1d" relativeResultsDirectory="0e4f9694-6bfd-4f89-a135-745d2534a237" />
    <UnitTestResult executionId="9073a02c-f266-4d72-bfc7-4d19ba23d515" testId="58021c3e-2f91-4921-997a-e8005c83afdd" testName="V3 engine (runtime)" computerName="DDBLD061B" duration="00:00:00.0010000" startTime="2015-04-27T07:09:21.0609320-07:00" endTime="2015-04-27T07:09:21.0609320-07:00" testType="13cdc9d9-ddb5-4fa4-a97d-d965ccfc6d4b" outcome="Passed" testListId="8c84fa94-04c1-424b-9868-57a2d4851a1d" relativeResultsDirectory="9073a02c-f266-4d72-bfc7-4d19ba23d515" />
    <UnitTestResult executionId="86a4398c-c101-4071-a6ea-b0b5369f33a4" testId="197fdc14-9c57-463d-a0ae-c45af3dc9d50" testName="V1" computerName="DDBLD061B" duration="00:00:00.0020000" startTime="2015-04-27T07:09:21.0609320-07:00" endTime="2015-04-27T07:09:21.0609320-07:00" testType="13cdc9d9-ddb5-4fa4-a97d-d965ccfc6d4b" outcome="Passed" testListId="8c84fa94-04c1-424b-9868-57a2d4851a1d" relativeResultsDirectory="86a4398c-c101-4071-a6ea-b0b5369f33a4" />
    <UnitTestResult executionId="6824eb7b-4ccc-4d48-942c-a2d96abc9f38" testId="2235bd72-d5d2-4b01-8337-3f409b3ee496" testName="V3 engine (runtime)" computerName="DDBLD061B" duration="00:00:00.0010000" startTime="2015-04-27T07:09:21.0609320-07:00" endTime="2015-04-27T07:09:21.0609320-07:00" testType="13cdc9d9-ddb5-4fa4-a97d-d965ccfc6d4b" outcome="Passed" testListId="8c84fa94-04c1-424b-9868-57a2d4851a1d" relativeResultsDirectory="6824eb7b-4ccc-4d48-942c-a2d96abc9f38" />
    <UnitTestResult executionId="d94113f1-9120-4214-9edf-453013e27e80" testId="7ff40eb7-153e-45c5-b705-2cb8f8966646" testName="V1" computerName="DDBLD061B" duration="00:00:00.0010000" startTime="2015-04-27T07:09:21.0609320-07:00" endTime="2015-04-27T07:09:21.0609320-07:00" testType="13cdc9d9-ddb5-4fa4-a97d-d965ccfc6d4b" outcome="Passed" testListId="8c84fa94-04c1-424b-9868-57a2d4851a1d" relativeResultsDirectory="d94113f1-9120-4214-9edf-453013e27e80" />
    <UnitTestResult executionId="c23648bc-04cc-41ad-a25a-25efcb72a1c4" testId="8bee5651-02db-4d31-a3a8-e19d53fe4f34" testName="V2" computerName="DDBLD061B" duration="00:00:00.0020000" startTime="2015-04-27T07:09:21.0609320-07:00" endTime="2015-04-27T07:09:21.0609320-07:00" testType="13cdc9d9-ddb5-4fa4-a97d-d965ccfc6d4b" outcome="Passed" testListId="8c84fa94-04c1-424b-9868-57a2d4851a1d" relativeResultsDirectory="c23648bc-04cc-41ad-a25a-25efcb72a1c4" />
    <UnitTestResult executionId="ff892b6e-41eb-4a3e-9185-9bdb0c0c300d" testId="75562b60-cb00-41b9-9087-be6347efd507" testName="V3 composition (V1)" computerName="DDBLD061B" duration="00:00:00.0090000" startTime="2015-04-27T07:09:21.0609320-07:00" endTime="2015-04-27T07:09:21.0609320-07:00" testType="13cdc9d9-ddb5-4fa4-a97d-d965ccfc6d4b" outcome="Passed" testListId="8c84fa94-04c1-424b-9868-57a2d4851a1d" relativeResultsDirectory="ff892b6e-41eb-4a3e-9185-9bdb0c0c300d" />
    <UnitTestResult executionId="104fb075-b320-4a13-94b6-214ddfe83f48" testId="a92ad1dc-b0a5-4529-89da-bec135e0a465" testName="V3 composition (V1)" computerName="DDBLD061B" duration="00:00:00.0080000" startTime="2015-04-27T07:09:21.5452361-07:00" endTime="2015-04-27T07:09:21.5452361-07:00" testType="13cdc9d9-ddb5-4fa4-a97d-d965ccfc6d4b" outcome="Passed" testListId="8c84fa94-04c1-424b-9868-57a2d4851a1d" relativeResultsDirectory="104fb075-b320-4a13-94b6-214ddfe83f48" />
    <UnitTestResult executionId="66d4e3c3-e42c-4b17-84be-b712c739eafd" testId="4f749208-d4c7-41f3-a34b-d62728b2de7c" testName="V3 engine (runtime)" computerName="DDBLD061B" duration="00:00:00.0010000" startTime="2015-04-27T07:09:21.5452361-07:00" endTime="2015-04-27T07:09:21.5452361-07:00" testType="13cdc9d9-ddb5-4fa4-a97d-d965ccfc6d4b" outcome="Passed" testListId="8c84fa94-04c1-424b-9868-57a2d4851a1d" relativeResultsDirectory="66d4e3c3-e42c-4b17-84be-b712c739eafd" />
    <UnitTestResult executionId="951877dc-da15-46bf-96cb-7e765fd157af" testId="f64dac14-f6e5-40ce-bf94-680bb870a251" testName="V1" computerName="DDBLD061B" duration="00:00:00.0010000" startTime="2015-04-27T07:09:21.5452361-07:00" endTime="2015-04-27T07:09:21.5452361-07:00" testType="13cdc9d9-ddb5-4fa4-a97d-d965ccfc6d4b" outcome="Passed" testListId="8c84fa94-04c1-424b-9868-57a2d4851a1d" relativeResultsDirectory="951877dc-da15-46bf-96cb-7e765fd157af" />
    <UnitTestResult executionId="2f48538e-614a-4715-8e33-b6b24d4201a8" testId="b4a0a30c-afeb-42a3-b6a6-a065ccb95728" testName="V3 engine (runtime)" computerName="DDBLD061B" duration="00:00:00.0010000" startTime="2015-04-27T07:09:21.5452361-07:00" endTime="2015-04-27T07:09:21.5452361-07:00" testType="13cdc9d9-ddb5-4fa4-a97d-d965ccfc6d4b" outcome="Passed" testListId="8c84fa94-04c1-424b-9868-57a2d4851a1d" relativeResultsDirectory="2f48538e-614a-4715-8e33-b6b24d4201a8" />
    <UnitTestResult executionId="daf51657-b944-4a77-99b3-1259de8cb12b" testId="157d13d4-8c2f-4df8-9e50-50ee08067c49" testName="V1" computerName="DDBLD061B" duration="00:00:00.0010000" startTime="2015-04-27T07:09:21.5452361-07:00" endTime="2015-04-27T07:09:21.5452361-07:00" testType="13cdc9d9-ddb5-4fa4-a97d-d965ccfc6d4b" outcome="Passed" testListId="8c84fa94-04c1-424b-9868-57a2d4851a1d" relativeResultsDirectory="daf51657-b944-4a77-99b3-1259de8cb12b" />
    <UnitTestResult executionId="dce49e03-9d7e-487e-a899-988c4d0402cc" testId="2b9d6f5e-0352-4227-b8a6-1cad6aa75f10" testName="V2" computerName="DDBLD061B" duration="00:00:00.0020000" startTime="2015-04-27T07:09:21.5452361-07:00" endTime="2015-04-27T07:09:21.5452361-07:00" testType="13cdc9d9-ddb5-4fa4-a97d-d965ccfc6d4b" outcome="Passed" testListId="8c84fa94-04c1-424b-9868-57a2d4851a1d" relativeResultsDirectory="dce49e03-9d7e-487e-a899-988c4d0402cc" />
    <UnitTestResult executionId="57c11078-e584-499b-a564-b8a804809100" testId="6e02a374-e419-45d6-affc-8b224595548a" testName="V2" computerName="DDBLD061B" duration="00:00:00.0010000" startTime="2015-04-27T07:09:21.5452361-07:00" endTime="2015-04-27T07:09:21.5452361-07:00" testType="13cdc9d9-ddb5-4fa4-a97d-d965ccfc6d4b" outcome="Passed" testListId="8c84fa94-04c1-424b-9868-57a2d4851a1d" relativeResultsDirectory="57c11078-e584-499b-a564-b8a804809100" />
    <UnitTestResult executionId="52175963-f19e-4d96-8773-f83841ebd057" testId="3f5fddda-dc14-41f0-aaad-a9c2a2e8d83d" testName="V3 composition (V1, V2)" computerName="DDBLD061B" duration="00:00:00.0170000" startTime="2015-04-27T07:09:21.5452361-07:00" endTime="2015-04-27T07:09:21.5452361-07:00" testType="13cdc9d9-ddb5-4fa4-a97d-d965ccfc6d4b" outcome="Passed" testListId="8c84fa94-04c1-424b-9868-57a2d4851a1d" relativeResultsDirectory="52175963-f19e-4d96-8773-f83841ebd057" />
    <UnitTestResult executionId="017cd6a1-b562-4ca7-a2e0-d1939e905ff8" testId="7e326e9f-be4b-4dec-8a5d-4ab7c04fc4a6" testName="V3 engine (runtime)" computerName="DDBLD061B" duration="00:00:00.0010000" startTime="2015-04-27T07:09:21.5452361-07:00" endTime="2015-04-27T07:09:21.5452361-07:00" testType="13cdc9d9-ddb5-4fa4-a97d-d965ccfc6d4b" outcome="Passed" testListId="8c84fa94-04c1-424b-9868-57a2d4851a1d" relativeResultsDirectory="017cd6a1-b562-4ca7-a2e0-d1939e905ff8" />
    <UnitTestResult executionId="6d930809-afef-4438-9330-96ecdbbd79e4" testId="a517be73-807c-40ee-b3dd-a8bffd594e4d" testName="V1" computerName="DDBLD061B" duration="00:00:00.0010000" startTime="2015-04-27T07:09:21.8264824-07:00" endTime="2015-04-27T07:09:21.8264824-07:00" testType="13cdc9d9-ddb5-4fa4-a97d-d965ccfc6d4b" outcome="Passed" testListId="8c84fa94-04c1-424b-9868-57a2d4851a1d" relativeResultsDirectory="6d930809-afef-4438-9330-96ecdbbd79e4" />
    <UnitTestResult executionId="b42fb1b1-ab8b-4c8e-8b1c-3e0611d05ef2" testId="8ded7687-c60b-4e8b-a006-d43eebe5f5de" testName="V3 composition (V1, V2)" computerName="DDBLD061B" duration="00:00:00.0210000" startTime="2015-04-27T07:09:21.8421071-07:00" endTime="2015-04-27T07:09:21.8421071-07:00" testType="13cdc9d9-ddb5-4fa4-a97d-d965ccfc6d4b" outcome="Passed" testListId="8c84fa94-04c1-424b-9868-57a2d4851a1d" relativeResultsDirectory="b42fb1b1-ab8b-4c8e-8b1c-3e0611d05ef2" />
    <UnitTestResult executionId="8887a25a-f1ad-4f10-bff3-7e89cd6f4178" testId="5f6450b0-3ac0-47e3-93c2-b744ea3be9dc" testName="V3 composition (V1)" computerName="DDBLD061B" duration="00:00:00.0040000" startTime="2015-04-27T07:09:21.8421071-07:00" endTime="2015-04-27T07:09:21.8421071-07:00" testType="13cdc9d9-ddb5-4fa4-a97d-d965ccfc6d4b" outcome="Passed" testListId="8c84fa94-04c1-424b-9868-57a2d4851a1d" relativeResultsDirectory="8887a25a-f1ad-4f10-bff3-7e89cd6f4178" />
    <UnitTestResult executionId="d124b56f-bf9e-49e3-9936-e4f3b9d9709e" testId="b4c589eb-2d6a-475b-bcf8-ce5e82446bc5" testName="V3 engine (runtime)" computerName="DDBLD061B" duration="00:00:00.0010000" startTime="2015-04-27T07:09:21.8421071-07:00" endTime="2015-04-27T07:09:21.8421071-07:00" testType="13cdc9d9-ddb5-4fa4-a97d-d965ccfc6d4b" outcome="Passed" testListId="8c84fa94-04c1-424b-9868-57a2d4851a1d" relativeResultsDirectory="d124b56f-bf9e-49e3-9936-e4f3b9d9709e" />
    <UnitTestResult executionId="0db48b38-5dd7-4641-bc44-4fd9bbb042b5" testId="b5df7ec8-6322-465a-8281-416e484be15a" testName="V1" computerName="DDBLD061B" duration="00:00:00.0020000" startTime="2015-04-27T07:09:21.8421071-07:00" endTime="2015-04-27T07:09:21.8421071-07:00" testType="13cdc9d9-ddb5-4fa4-a97d-d965ccfc6d4b" outcome="Passed" testListId="8c84fa94-04c1-424b-9868-57a2d4851a1d" relativeResultsDirectory="0db48b38-5dd7-4641-bc44-4fd9bbb042b5" />
    <UnitTestResult executionId="be669f76-ef5b-46de-b421-bf862ea05e16" testId="f35b821b-3f42-4283-87dc-bd7b934bd447" testName="V3 engine (runtime)" computerName="DDBLD061B" duration="00:00:00.0010000" startTime="2015-04-27T07:09:21.8421071-07:00" endTime="2015-04-27T07:09:21.8421071-07:00" testType="13cdc9d9-ddb5-4fa4-a97d-d965ccfc6d4b" outcome="Passed" testListId="8c84fa94-04c1-424b-9868-57a2d4851a1d" relativeResultsDirectory="be669f76-ef5b-46de-b421-bf862ea05e16" />
    <UnitTestResult executionId="e2e06dc7-26c8-49fb-b55f-821e88513a49" testId="a2f9c5d0-cffd-4b60-ba87-4acbad6323b5" testName="V3 composition (V1, V2)" computerName="DDBLD061B" duration="00:00:00.0370000" startTime="2015-04-27T07:09:21.8421071-07:00" endTime="2015-04-27T07:09:21.8421071-07:00" testType="13cdc9d9-ddb5-4fa4-a97d-d965ccfc6d4b" outcome="Passed" testListId="8c84fa94-04c1-424b-9868-57a2d4851a1d" relativeResultsDirectory="e2e06dc7-26c8-49fb-b55f-821e88513a49">
      <Output>
        <StdOut>Catalog AttributedPartDiscoveryV1 vs. AttributedPartDiscovery
      Part
          Type: Microsoft.VisualStudio.Composition.Tests.ImportingConstructorTests+LazyImportingConstructorPart
          SharingBoundary: &lt;null&gt;
          IsSharingBoundaryInferred: False
          CreationPolicy: NonShared
          OnImportsSatisfied: &lt;null&gt;
          ExportedTypes:
              ExportDefinition
                  ContractName: Microsoft.VisualStudio.Composition.Tests.ImportingConstructorTests+LazyImportingConstructorPart
                  Metadata:
                      ExportTypeIdentity = Microsoft.VisualStudio.Composition.Tests.ImportingConstructorTests+LazyImportingConstructorPart
                      System.ComponentModel.Composition.CreationPolicy = NonShared
          ExportingMembers:
          ImportingMembers:
          ImportingConstructor:
              ImportDefinition:
                  ContractName: Microsoft.VisualStudio.Composition.Tests.ImportingConstructorTests+RandomExport
                  Cardinality: ExactlyOne
                  Metadata:
                  ExportFactorySharingBoundaries: 
                  ExportConstraints: 
                      ExportTypeIdentityConstraint
                          TypeIdentityName: Microsoft.VisualStudio.Composition.Tests.ImportingConstructorTests+RandomExport
              ComposablePartType: Microsoft.VisualStudio.Composition.Tests.ImportingConstructorTests+LazyImportingConstructorPart
              ImportingMember: 
              ParameterInfo: System.Lazy`1[Microsoft.VisualStudio.Composition.Tests.ImportingConstructorTests+RandomExport] export
              ImportingSiteType: System.Lazy`1[Microsoft.VisualStudio.Composition.Tests.ImportingConstructorTests+RandomExport]
      Part
          Type: Microsoft.VisualStudio.Composition.Tests.ImportingConstructorTests+RandomExport
          SharingBoundary: &lt;null&gt;
          IsSharingBoundaryInferred: False
          CreationPolicy: NonShared
          OnImportsSatisfied: &lt;null&gt;
          ExportedTypes:
              ExportDefinition
-                 ContractName: Microsoft.VisualStudio.Composition.Tests.ImportingConstructorTests+IRandomExport
-                 Metadata:
-                     ExportTypeIdentity = Microsoft.VisualStudio.Composition.Tests.ImportingConstructorTests+IRandomExport
-                     System.ComponentModel.Composition.CreationPolicy = NonShared
-                     SomeMetadata = 1
-             ExportDefinition
                  ContractName: Microsoft.VisualStudio.Composition.Tests.ImportingConstructorTests+RandomExport
                  Metadata:
                      ExportTypeIdentity = Microsoft.VisualStudio.Composition.Tests.ImportingConstructorTests+RandomExport
                      System.ComponentModel.Composition.CreationPolicy = NonShared
                      SomeMetadata = 1
          ExportingMembers:
          ImportingMembers:
          ImportingConstructor:</StdOut>
      </Output>
    </UnitTestResult>
    <UnitTestResult executionId="e5814c43-159f-42d6-8167-db94c4b36fcc" testId="74ca1a21-80a6-4490-b2c3-45dc19ab638e" testName="V1" computerName="DDBLD061B" duration="00:00:00.0030000" startTime="2015-04-27T07:09:21.8421071-07:00" endTime="2015-04-27T07:09:21.8421071-07:00" testType="13cdc9d9-ddb5-4fa4-a97d-d965ccfc6d4b" outcome="Passed" testListId="8c84fa94-04c1-424b-9868-57a2d4851a1d" relativeResultsDirectory="e5814c43-159f-42d6-8167-db94c4b36fcc" />
    <UnitTestResult executionId="1c84ecdd-6703-4e3f-b874-83d42aa46c29" testId="cb50ec95-fbbc-4f32-a51c-c3a296831cbe" testName="V3 engine (runtime)" computerName="DDBLD061B" duration="00:00:00.0010000" startTime="2015-04-27T07:09:21.8421071-07:00" endTime="2015-04-27T07:09:21.8421071-07:00" testType="13cdc9d9-ddb5-4fa4-a97d-d965ccfc6d4b" outcome="Passed" testListId="8c84fa94-04c1-424b-9868-57a2d4851a1d" relativeResultsDirectory="1c84ecdd-6703-4e3f-b874-83d42aa46c29" />
    <UnitTestResult executionId="5f869d5f-452b-4b19-a6cd-1ad7036315d9" testId="6b79fcb7-b387-4246-a7e3-db569b878997" testName="V3 composition (V1)" computerName="DDBLD061B" duration="00:00:00.0090000" startTime="2015-04-27T07:09:21.8421071-07:00" endTime="2015-04-27T07:09:21.8421071-07:00" testType="13cdc9d9-ddb5-4fa4-a97d-d965ccfc6d4b" outcome="Passed" testListId="8c84fa94-04c1-424b-9868-57a2d4851a1d" relativeResultsDirectory="5f869d5f-452b-4b19-a6cd-1ad7036315d9" />
    <UnitTestResult executionId="d904cda0-4e17-4496-bbe7-e96c29aa7e44" testId="e8e525c3-76e7-4796-9c2a-1eafb525f22c" testName="V3 composition (V1)" computerName="DDBLD061B" duration="00:00:00.0070000" startTime="2015-04-27T07:09:22.3577843-07:00" endTime="2015-04-27T07:09:22.3577843-07:00" testType="13cdc9d9-ddb5-4fa4-a97d-d965ccfc6d4b" outcome="Passed" testListId="8c84fa94-04c1-424b-9868-57a2d4851a1d" relativeResultsDirectory="d904cda0-4e17-4496-bbe7-e96c29aa7e44" />
    <UnitTestResult executionId="9f7896b9-c8dc-42e3-bd5f-fe27ce5c171d" testId="2ddf6cf2-e5fd-4c72-a254-24afc056555c" testName="V3 engine (runtime)" computerName="DDBLD061B" duration="00:00:00.0010000" startTime="2015-04-27T07:09:22.3577843-07:00" endTime="2015-04-27T07:09:22.3577843-07:00" testType="13cdc9d9-ddb5-4fa4-a97d-d965ccfc6d4b" outcome="Passed" testListId="8c84fa94-04c1-424b-9868-57a2d4851a1d" relativeResultsDirectory="9f7896b9-c8dc-42e3-bd5f-fe27ce5c171d" />
    <UnitTestResult executionId="01619ec6-7957-408a-8516-6ee76232a36f" testId="c5e821f5-7a06-46b6-baa1-c639f4fa86f6" testName="V1" computerName="DDBLD061B" duration="00:00:00.0010000" startTime="2015-04-27T07:09:22.3577843-07:00" endTime="2015-04-27T07:09:22.3577843-07:00" testType="13cdc9d9-ddb5-4fa4-a97d-d965ccfc6d4b" outcome="Passed" testListId="8c84fa94-04c1-424b-9868-57a2d4851a1d" relativeResultsDirectory="01619ec6-7957-408a-8516-6ee76232a36f" />
    <UnitTestResult executionId="33ebf158-5221-4b00-b5ea-231cea6087cc" testId="f8e4c336-fa94-486d-afef-cffb9e7b3ce4" testName="V3 engine (runtime)" computerName="DDBLD061B" duration="00:00:00.0010000" startTime="2015-04-27T07:09:22.3577843-07:00" endTime="2015-04-27T07:09:22.3577843-07:00" testType="13cdc9d9-ddb5-4fa4-a97d-d965ccfc6d4b" outcome="Passed" testListId="8c84fa94-04c1-424b-9868-57a2d4851a1d" relativeResultsDirectory="33ebf158-5221-4b00-b5ea-231cea6087cc" />
    <UnitTestResult executionId="0daf7b52-ccc0-4922-8697-c01f2b386c02" testId="4d9b16c5-773e-457b-9915-7c653743249e" testName="V1" computerName="DDBLD061B" duration="00:00:00.0010000" startTime="2015-04-27T07:09:22.3577843-07:00" endTime="2015-04-27T07:09:22.3577843-07:00" testType="13cdc9d9-ddb5-4fa4-a97d-d965ccfc6d4b" outcome="Passed" testListId="8c84fa94-04c1-424b-9868-57a2d4851a1d" relativeResultsDirectory="0daf7b52-ccc0-4922-8697-c01f2b386c02" />
    <UnitTestResult executionId="5ac21ed7-9954-456a-b88f-2ed6e57782e2" testId="96407c6c-4878-43b4-bf7f-448a6ae845af" testName="V2" computerName="DDBLD061B" duration="00:00:00.0020000" startTime="2015-04-27T07:09:22.3577843-07:00" endTime="2015-04-27T07:09:22.3577843-07:00" testType="13cdc9d9-ddb5-4fa4-a97d-d965ccfc6d4b" outcome="Passed" testListId="8c84fa94-04c1-424b-9868-57a2d4851a1d" relativeResultsDirectory="5ac21ed7-9954-456a-b88f-2ed6e57782e2" />
    <UnitTestResult executionId="3f5d56a7-b8f2-4675-a6d3-414082496617" testId="5703fed9-7853-4a7a-8d26-ac0a21849922" testName="V3 engine (runtime)" computerName="DDBLD061B" duration="00:00:00.0010000" startTime="2015-04-27T07:09:22.3577843-07:00" endTime="2015-04-27T07:09:22.3577843-07:00" testType="13cdc9d9-ddb5-4fa4-a97d-d965ccfc6d4b" outcome="Passed" testListId="8c84fa94-04c1-424b-9868-57a2d4851a1d" relativeResultsDirectory="3f5d56a7-b8f2-4675-a6d3-414082496617" />
    <UnitTestResult executionId="f8439d93-6b97-4cbb-92be-52b9f715b4a5" testId="ef685342-cc39-47c6-82e3-08cf0ebc56c6" testName="V1" computerName="DDBLD061B" duration="00:00:00.0010000" startTime="2015-04-27T07:09:22.3577843-07:00" endTime="2015-04-27T07:09:22.3577843-07:00" testType="13cdc9d9-ddb5-4fa4-a97d-d965ccfc6d4b" outcome="Passed" testListId="8c84fa94-04c1-424b-9868-57a2d4851a1d" relativeResultsDirectory="f8439d93-6b97-4cbb-92be-52b9f715b4a5" />
    <UnitTestResult executionId="d3d5988b-5240-4303-950f-99b005934a9b" testId="625fbcd7-ce28-46f2-9737-978aa476097c" testName="V3 composition (V1)" computerName="DDBLD061B" duration="00:00:00.0050000" startTime="2015-04-27T07:09:22.3577843-07:00" endTime="2015-04-27T07:09:22.3577843-07:00" testType="13cdc9d9-ddb5-4fa4-a97d-d965ccfc6d4b" outcome="Passed" testListId="8c84fa94-04c1-424b-9868-57a2d4851a1d" relativeResultsDirectory="d3d5988b-5240-4303-950f-99b005934a9b" />
    <UnitTestResult executionId="ac9fccce-a763-4ac0-8558-a6fd87ad0cdd" testId="360de79c-eb58-4f10-8029-d423a16da1b6" testName="V3 engine (runtime)" computerName="DDBLD061B" duration="00:00:00.0010000" startTime="2015-04-27T07:09:22.6389734-07:00" endTime="2015-04-27T07:09:22.6389734-07:00" testType="13cdc9d9-ddb5-4fa4-a97d-d965ccfc6d4b" outcome="Passed" testListId="8c84fa94-04c1-424b-9868-57a2d4851a1d" relativeResultsDirectory="ac9fccce-a763-4ac0-8558-a6fd87ad0cdd" />
    <UnitTestResult executionId="da158a26-0217-4184-b46e-85687b588cf2" testId="9d442232-54de-43e5-a4e7-4325155252f2" testName="V3 composition (V1)" computerName="DDBLD061B" duration="00:00:00.0140000" startTime="2015-04-27T07:09:22.6389734-07:00" endTime="2015-04-27T07:09:22.6389734-07:00" testType="13cdc9d9-ddb5-4fa4-a97d-d965ccfc6d4b" outcome="Passed" testListId="8c84fa94-04c1-424b-9868-57a2d4851a1d" relativeResultsDirectory="da158a26-0217-4184-b46e-85687b588cf2" />
    <UnitTestResult executionId="e73021fa-9250-4c15-b9b2-b59b74864781" testId="c896d566-8e11-4040-b394-29960021ed80" testName="V1" computerName="DDBLD061B" duration="00:00:00.0030000" startTime="2015-04-27T07:09:22.6389734-07:00" endTime="2015-04-27T07:09:22.6389734-07:00" testType="13cdc9d9-ddb5-4fa4-a97d-d965ccfc6d4b" outcome="Passed" testListId="8c84fa94-04c1-424b-9868-57a2d4851a1d" relativeResultsDirectory="e73021fa-9250-4c15-b9b2-b59b74864781" />
    <UnitTestResult executionId="1075be1b-9d06-4a1d-a66e-d81a16abe805" testId="5bcdf1aa-d2fe-4dec-b068-14c151383220" testName="V3 composition (V1, V2)" computerName="DDBLD061B" duration="00:00:00.0230000" startTime="2015-04-27T07:09:22.6389734-07:00" endTime="2015-04-27T07:09:22.6389734-07:00" testType="13cdc9d9-ddb5-4fa4-a97d-d965ccfc6d4b" outcome="Passed" testListId="8c84fa94-04c1-424b-9868-57a2d4851a1d" relativeResultsDirectory="1075be1b-9d06-4a1d-a66e-d81a16abe805">
      <Output>
        <StdOut>Catalog AttributedPartDiscoveryV1 vs. AttributedPartDiscovery
      Part
          Type: Microsoft.VisualStudio.Composition.Tests.ImportingConstructorTests+SpecialImportingConstructorPart
          SharingBoundary: &lt;null&gt;
          IsSharingBoundaryInferred: False
          CreationPolicy: NonShared
          OnImportsSatisfied: &lt;null&gt;
          ExportedTypes:
              ExportDefinition
                  ContractName: Microsoft.VisualStudio.Composition.Tests.ImportingConstructorTests+SpecialImportingConstructorPart
                  Metadata:
                      ExportTypeIdentity = Microsoft.VisualStudio.Composition.Tests.ImportingConstructorTests+SpecialImportingConstructorPart
                      System.ComponentModel.Composition.CreationPolicy = NonShared
          ExportingMembers:
          ImportingMembers:
          ImportingConstructor:
              ImportDefinition:
                  ContractName: Special
                  Cardinality: ExactlyOne
                  Metadata:
                  ExportFactorySharingBoundaries: 
                  ExportConstraints: 
                      ExportTypeIdentityConstraint
                          TypeIdentityName: Microsoft.VisualStudio.Composition.Tests.ImportingConstructorTests+RandomExportWithContractName
              ComposablePartType: Microsoft.VisualStudio.Composition.Tests.ImportingConstructorTests+SpecialImportingConstructorPart
              ImportingMember: 
              ParameterInfo: RandomExportWithContractName specialExport
              ImportingSiteType: Microsoft.VisualStudio.Composition.Tests.ImportingConstructorTests+RandomExportWithContractName
              ImportDefinition:
                  ContractName: Microsoft.VisualStudio.Composition.Tests.ImportingConstructorTests+RandomExport
                  Cardinality: ExactlyOne
                  Metadata:
                  ExportFactorySharingBoundaries: 
                  ExportConstraints: 
                      ExportTypeIdentityConstraint
                          TypeIdentityName: Microsoft.VisualStudio.Composition.Tests.ImportingConstructorTests+RandomExport
              ComposablePartType: Microsoft.VisualStudio.Composition.Tests.ImportingConstructorTests+SpecialImportingConstructorPart
              ImportingMember: 
              ParameterInfo: RandomExport randomExport
              ImportingSiteType: Microsoft.VisualStudio.Composition.Tests.ImportingConstructorTests+RandomExport
      Part
          Type: Microsoft.VisualStudio.Composition.Tests.ImportingConstructorTests+RandomExport
          SharingBoundary: &lt;null&gt;
          IsSharingBoundaryInferred: False
          CreationPolicy: NonShared
          OnImportsSatisfied: &lt;null&gt;
          ExportedTypes:
              ExportDefinition
-                 ContractName: Microsoft.VisualStudio.Composition.Tests.ImportingConstructorTests+IRandomExport
-                 Metadata:
-                     ExportTypeIdentity = Microsoft.VisualStudio.Composition.Tests.ImportingConstructorTests+IRandomExport
-                     System.ComponentModel.Composition.CreationPolicy = NonShared
-                     SomeMetadata = 1
-             ExportDefinition
                  ContractName: Microsoft.VisualStudio.Composition.Tests.ImportingConstructorTests+RandomExport
                  Metadata:
                      ExportTypeIdentity = Microsoft.VisualStudio.Composition.Tests.ImportingConstructorTests+RandomExport
                      System.ComponentModel.Composition.CreationPolicy = NonShared
                      SomeMetadata = 1
          ExportingMembers:
          ImportingMembers:
          ImportingConstructor:
      Part
          Type: Microsoft.VisualStudio.Composition.Tests.ImportingConstructorTests+RandomExportWithContractName
          SharingBoundary: &lt;null&gt;
          IsSharingBoundaryInferred: False
          CreationPolicy: NonShared
          OnImportsSatisfied: &lt;null&gt;
          ExportedTypes:
              ExportDefinition
                  ContractName: Special
                  Metadata:
                      ExportTypeIdentity = Microsoft.VisualStudio.Composition.Tests.ImportingConstructorTests+RandomExportWithContractName
                      System.ComponentModel.Composition.CreationPolicy = NonShared
          ExportingMembers:
          ImportingMembers:
          ImportingConstructor:</StdOut>
      </Output>
    </UnitTestResult>
    <UnitTestResult executionId="98f6faf8-7748-427a-ad24-6c7f50b664ed" testId="a261425a-e5b7-4058-bf71-f08f723ec67e" testName="V3 composition (V1)" computerName="DDBLD061B" duration="00:00:00.1060000" startTime="2015-04-27T07:09:22.6389734-07:00" endTime="2015-04-27T07:09:22.6389734-07:00" testType="13cdc9d9-ddb5-4fa4-a97d-d965ccfc6d4b" outcome="Passed" testListId="8c84fa94-04c1-424b-9868-57a2d4851a1d" relativeResultsDirectory="98f6faf8-7748-427a-ad24-6c7f50b664ed" />
    <UnitTestResult executionId="e5e5e00c-b20f-49d9-8dd8-8ed14a531065" testId="383ea1ef-3766-4a94-9ddd-543c7c44077e" testName="V3 engine (runtime)" computerName="DDBLD061B" duration="00:00:00.0010000" startTime="2015-04-27T07:09:22.6389734-07:00" endTime="2015-04-27T07:09:22.6389734-07:00" testType="13cdc9d9-ddb5-4fa4-a97d-d965ccfc6d4b" outcome="Passed" testListId="8c84fa94-04c1-424b-9868-57a2d4851a1d" relativeResultsDirectory="e5e5e00c-b20f-49d9-8dd8-8ed14a531065" />
    <UnitTestResult executionId="6c54d6fa-646c-4bc2-80df-a1ae3599ff78" testId="e5b1db50-4d2a-428d-8c4a-fcbd3e3b6081" testName="V3 engine (runtime)" computerName="DDBLD061B" duration="00:00:00.0010000" startTime="2015-04-27T07:09:22.6389734-07:00" endTime="2015-04-27T07:09:22.6389734-07:00" testType="13cdc9d9-ddb5-4fa4-a97d-d965ccfc6d4b" outcome="Passed" testListId="8c84fa94-04c1-424b-9868-57a2d4851a1d" relativeResultsDirectory="6c54d6fa-646c-4bc2-80df-a1ae3599ff78" />
    <UnitTestResult executionId="d04ea92c-6630-48de-a850-9fc761ed9df2" testId="0d2ba8e3-3fbe-486e-8f13-4424ed62fc12" testName="V3 engine (runtime)" computerName="DDBLD061B" duration="00:00:00.0010000" startTime="2015-04-27T07:09:22.6389734-07:00" endTime="2015-04-27T07:09:22.6389734-07:00" testType="13cdc9d9-ddb5-4fa4-a97d-d965ccfc6d4b" outcome="Passed" testListId="8c84fa94-04c1-424b-9868-57a2d4851a1d" relativeResultsDirectory="d04ea92c-6630-48de-a850-9fc761ed9df2" />
    <UnitTestResult executionId="c0fe3c44-046d-4327-ba8a-fd290fb304b7" testId="4e4c898d-bd81-4c9f-917a-8ce2f6079043" testName="V1" computerName="DDBLD061B" duration="00:00:00.0010000" startTime="2015-04-27T07:09:23.1702754-07:00" endTime="2015-04-27T07:09:23.1702754-07:00" testType="13cdc9d9-ddb5-4fa4-a97d-d965ccfc6d4b" outcome="Passed" testListId="8c84fa94-04c1-424b-9868-57a2d4851a1d" relativeResultsDirectory="c0fe3c44-046d-4327-ba8a-fd290fb304b7" />
    <UnitTestResult executionId="c5b908f1-9dd2-423c-87ce-7f90667c9ab2" testId="1c966865-64c4-4e13-bd68-171c2fc02318" testName="V1" computerName="DDBLD061B" duration="00:00:00.0020000" startTime="2015-04-27T07:09:23.1702754-07:00" endTime="2015-04-27T07:09:23.1702754-07:00" testType="13cdc9d9-ddb5-4fa4-a97d-d965ccfc6d4b" outcome="Passed" testListId="8c84fa94-04c1-424b-9868-57a2d4851a1d" relativeResultsDirectory="c5b908f1-9dd2-423c-87ce-7f90667c9ab2" />
    <UnitTestResult executionId="51ccdedb-24c2-4229-a6f9-2ec42f162b38" testId="12458f57-6161-4404-8192-ddf8a6c35eac" testName="V2" computerName="DDBLD061B" duration="00:00:00.0020000" startTime="2015-04-27T07:09:23.1702754-07:00" endTime="2015-04-27T07:09:23.1702754-07:00" testType="13cdc9d9-ddb5-4fa4-a97d-d965ccfc6d4b" outcome="Passed" testListId="8c84fa94-04c1-424b-9868-57a2d4851a1d" relativeResultsDirectory="51ccdedb-24c2-4229-a6f9-2ec42f162b38" />
    <UnitTestResult executionId="9dec584d-6433-4c04-8b57-97b7496373bb" testId="cdd3bd46-a33b-421a-86d9-a9e0edcb77af" testName="V3 composition (V1)" computerName="DDBLD061B" duration="00:00:00.0320000" startTime="2015-04-27T07:09:23.1702754-07:00" endTime="2015-04-27T07:09:23.1702754-07:00" testType="13cdc9d9-ddb5-4fa4-a97d-d965ccfc6d4b" outcome="Passed" testListId="8c84fa94-04c1-424b-9868-57a2d4851a1d" relativeResultsDirectory="9dec584d-6433-4c04-8b57-97b7496373bb" />
    <UnitTestResult executionId="e669f18e-fa59-4694-9e91-b9abb0b19281" testId="c3d4dfe7-28fe-42cb-993c-3ba1fcf02f04" testName="V3 composition (V1)" computerName="DDBLD061B" duration="00:00:00.0110000" startTime="2015-04-27T07:09:23.1702754-07:00" endTime="2015-04-27T07:09:23.1702754-07:00" testType="13cdc9d9-ddb5-4fa4-a97d-d965ccfc6d4b" outcome="Passed" testListId="8c84fa94-04c1-424b-9868-57a2d4851a1d" relativeResultsDirectory="e669f18e-fa59-4694-9e91-b9abb0b19281" />
    <UnitTestResult executionId="9685ca02-3d32-404d-a882-0d627e0bd935" testId="ad7749b4-142a-45f3-9899-1c5672c81a41" testName="V3 engine (runtime)" computerName="DDBLD061B" duration="00:00:00.0010000" startTime="2015-04-27T07:09:23.1702754-07:00" endTime="2015-04-27T07:09:23.1702754-07:00" testType="13cdc9d9-ddb5-4fa4-a97d-d965ccfc6d4b" outcome="Passed" testListId="8c84fa94-04c1-424b-9868-57a2d4851a1d" relativeResultsDirectory="9685ca02-3d32-404d-a882-0d627e0bd935" />
    <UnitTestResult executionId="00df7bf8-2181-4159-86f9-70495da2d331" testId="fa6a71cf-0a89-463f-b9e3-d4eaccd322d2" testName="V2" computerName="DDBLD061B" duration="00:00:00.0030000" startTime="2015-04-27T07:09:23.1702754-07:00" endTime="2015-04-27T07:09:23.1702754-07:00" testType="13cdc9d9-ddb5-4fa4-a97d-d965ccfc6d4b" outcome="Passed" testListId="8c84fa94-04c1-424b-9868-57a2d4851a1d" relativeResultsDirectory="00df7bf8-2181-4159-86f9-70495da2d331" />
    <UnitTestResult executionId="9c371be6-3659-499c-adde-e144badbab37" testId="d21b2b96-f8c4-43d1-9904-198a69ae836f" testName="V3 engine (runtime)" computerName="DDBLD061B" duration="00:00:00.0010000" startTime="2015-04-27T07:09:23.1858407-07:00" endTime="2015-04-27T07:09:23.1858407-07:00" testType="13cdc9d9-ddb5-4fa4-a97d-d965ccfc6d4b" outcome="Passed" testListId="8c84fa94-04c1-424b-9868-57a2d4851a1d" relativeResultsDirectory="9c371be6-3659-499c-adde-e144badbab37" />
    <UnitTestResult executionId="bbdd6517-7644-47fa-8c0d-e5a8f2878e18" testId="a4602f92-2fbe-49cb-b324-a08549c356fd" testName="V3 engine (runtime)" computerName="DDBLD061B" duration="00:00:00.0010000" startTime="2015-04-27T07:09:23.4202121-07:00" endTime="2015-04-27T07:09:23.4202121-07:00" testType="13cdc9d9-ddb5-4fa4-a97d-d965ccfc6d4b" outcome="Passed" testListId="8c84fa94-04c1-424b-9868-57a2d4851a1d" relativeResultsDirectory="bbdd6517-7644-47fa-8c0d-e5a8f2878e18" />
    <UnitTestResult executionId="33177a54-405c-497c-b1aa-16ff50fd46f6" testId="f0911ee7-ec6a-4269-b0e4-147957003fb1" testName="V1" computerName="DDBLD061B" duration="00:00:00.0010000" startTime="2015-04-27T07:09:23.4202121-07:00" endTime="2015-04-27T07:09:23.4202121-07:00" testType="13cdc9d9-ddb5-4fa4-a97d-d965ccfc6d4b" outcome="Passed" testListId="8c84fa94-04c1-424b-9868-57a2d4851a1d" relativeResultsDirectory="33177a54-405c-497c-b1aa-16ff50fd46f6" />
    <UnitTestResult executionId="f151d6fa-5310-4947-81f8-58011c949df7" testId="656236f1-1ceb-48db-a567-6debc1ce343f" testName="V1" computerName="DDBLD061B" duration="00:00:00.0010000" startTime="2015-04-27T07:09:23.4202121-07:00" endTime="2015-04-27T07:09:23.4202121-07:00" testType="13cdc9d9-ddb5-4fa4-a97d-d965ccfc6d4b" outcome="Passed" testListId="8c84fa94-04c1-424b-9868-57a2d4851a1d" relativeResultsDirectory="f151d6fa-5310-4947-81f8-58011c949df7" />
    <UnitTestResult executionId="1b81a9b7-bc4d-4403-8dba-d290e76ec46e" testId="ed001285-3607-4af4-8dba-a47237430b2c" testName="V3 composition (V1, V2)" computerName="DDBLD061B" duration="00:00:00.0510000" startTime="2015-04-27T07:09:23.4202121-07:00" endTime="2015-04-27T07:09:23.4202121-07:00" testType="13cdc9d9-ddb5-4fa4-a97d-d965ccfc6d4b" outcome="Passed" testListId="8c84fa94-04c1-424b-9868-57a2d4851a1d" relativeResultsDirectory="1b81a9b7-bc4d-4403-8dba-d290e76ec46e">
      <Output>
        <StdOut>Catalog AttributedPartDiscoveryV1 vs. AttributedPartDiscovery
      Part
          Type: Microsoft.VisualStudio.Composition.Tests.ImportingConstructorTests+PartWithImportingConstructorOfLazyPartImportingThis1
+         Part metadata:
+             SharingBoundary = 
          SharingBoundary: 
-         IsSharingBoundaryInferred: True
-         CreationPolicy: Any
+         IsSharingBoundaryInferred: False
+         CreationPolicy: Shared
          OnImportsSatisfied: &lt;null&gt;
          ExportedTypes:
              ExportDefinition
                  ContractName: Microsoft.VisualStudio.Composition.Tests.ImportingConstructorTests+PartWithImportingConstructorOfLazyPartImportingThis1
                  Metadata:
                      ExportTypeIdentity = Microsoft.VisualStudio.Composition.Tests.ImportingConstructorTests+PartWithImportingConstructorOfLazyPartImportingThis1
+                     System.ComponentModel.Composition.CreationPolicy = Shared
          ExportingMembers:
          ImportingMembers:
          ImportingConstructor:
              ImportDefinition:
                  ContractName: Microsoft.VisualStudio.Composition.Tests.ImportingConstructorTests+PartThatImportsTwoPartsWithImportingConstructorsOfLazyThis
                  Cardinality: ExactlyOne
                  Metadata:
                  ExportFactorySharingBoundaries: 
                  ExportConstraints: 
                      ExportTypeIdentityConstraint
                          TypeIdentityName: Microsoft.VisualStudio.Composition.Tests.ImportingConstructorTests+PartThatImportsTwoPartsWithImportingConstructorsOfLazyThis
              ComposablePartType: Microsoft.VisualStudio.Composition.Tests.ImportingConstructorTests+PartWithImportingConstructorOfLazyPartImportingThis1
              ImportingMember: 
              ParameterInfo: System.Lazy`1[Microsoft.VisualStudio.Composition.Tests.ImportingConstructorTests+PartThatImportsTwoPartsWithImportingConstructorsOfLazyThis] c
              ImportingSiteType: System.Lazy`1[Microsoft.VisualStudio.Composition.Tests.ImportingConstructorTests+PartThatImportsTwoPartsWithImportingConstructorsOfLazyThis]
      Part
          Type: Microsoft.VisualStudio.Composition.Tests.ImportingConstructorTests+PartWithImportingConstructorOfLazyPartImportingThis2
+         Part metadata:
+             SharingBoundary = 
          SharingBoundary: 
-         IsSharingBoundaryInferred: True
-         CreationPolicy: Any
+         IsSharingBoundaryInferred: False
+         CreationPolicy: Shared
          OnImportsSatisfied: &lt;null&gt;
          ExportedTypes:
              ExportDefinition
                  ContractName: Microsoft.VisualStudio.Composition.Tests.ImportingConstructorTests+PartWithImportingConstructorOfLazyPartImportingThis2
                  Metadata:
                      ExportTypeIdentity = Microsoft.VisualStudio.Composition.Tests.ImportingConstructorTests+PartWithImportingConstructorOfLazyPartImportingThis2
+                     System.ComponentModel.Composition.CreationPolicy = Shared
          ExportingMembers:
          ImportingMembers:
          ImportingConstructor:
              ImportDefinition:
                  ContractName: Microsoft.VisualStudio.Composition.Tests.ImportingConstructorTests+PartThatImportsTwoPartsWithImportingConstructorsOfLazyThis
                  Cardinality: ExactlyOne
                  Metadata:
                  ExportFactorySharingBoundaries: 
                  ExportConstraints: 
                      ExportTypeIdentityConstraint
                          TypeIdentityName: Microsoft.VisualStudio.Composition.Tests.ImportingConstructorTests+PartThatImportsTwoPartsWithImportingConstructorsOfLazyThis
              ComposablePartType: Microsoft.VisualStudio.Composition.Tests.ImportingConstructorTests+PartWithImportingConstructorOfLazyPartImportingThis2
              ImportingMember: 
              ParameterInfo: System.Lazy`1[Microsoft.VisualStudio.Composition.Tests.ImportingConstructorTests+PartThatImportsTwoPartsWithImportingConstructorsOfLazyThis] c
              ImportingSiteType: System.Lazy`1[Microsoft.VisualStudio.Composition.Tests.ImportingConstructorTests+PartThatImportsTwoPartsWithImportingConstructorsOfLazyThis]
      Part
          Type: Microsoft.VisualStudio.Composition.Tests.ImportingConstructorTests+PartThatImportsTwoPartsWithImportingConstructorsOfLazyThis
+         Part metadata:
+             SharingBoundary = 
          SharingBoundary: 
-         IsSharingBoundaryInferred: True
-         CreationPolicy: Any
+         IsSharingBoundaryInferred: False
+         CreationPolicy: Shared
          OnImportsSatisfied: &lt;null&gt;
          ExportedTypes:
              ExportDefinition
                  ContractName: Microsoft.VisualStudio.Composition.Tests.ImportingConstructorTests+PartThatImportsTwoPartsWithImportingConstructorsOfLazyThis
                  Metadata:
                      ExportTypeIdentity = Microsoft.VisualStudio.Composition.Tests.ImportingConstructorTests+PartThatImportsTwoPartsWithImportingConstructorsOfLazyThis
+                     System.ComponentModel.Composition.CreationPolicy = Shared
          ExportingMembers:
          ImportingMembers:
              ImportDefinition:
                  ContractName: Microsoft.VisualStudio.Composition.Tests.ImportingConstructorTests+PartWithImportingConstructorOfLazyPartImportingThis2
                  Cardinality: ExactlyOne
                  Metadata:
                  ExportFactorySharingBoundaries: 
                  ExportConstraints: 
                      ExportTypeIdentityConstraint
                          TypeIdentityName: Microsoft.VisualStudio.Composition.Tests.ImportingConstructorTests+PartWithImportingConstructorOfLazyPartImportingThis2
              ComposablePartType: Microsoft.VisualStudio.Composition.Tests.ImportingConstructorTests+PartThatImportsTwoPartsWithImportingConstructorsOfLazyThis
              ImportingMember: PartWithImportingConstructorOfLazyPartImportingThis2 B
              ParameterInfo: 
              ImportingSiteType: Microsoft.VisualStudio.Composition.Tests.ImportingConstructorTests+PartWithImportingConstructorOfLazyPartImportingThis2
              ImportDefinition:
                  ContractName: Microsoft.VisualStudio.Composition.Tests.ImportingConstructorTests+PartWithImportingConstructorOfLazyPartImportingThis1
                  Cardinality: ExactlyOne
                  Metadata:
                  ExportFactorySharingBoundaries: 
                  ExportConstraints: 
                      ExportTypeIdentityConstraint
                          TypeIdentityName: Microsoft.VisualStudio.Composition.Tests.ImportingConstructorTests+PartWithImportingConstructorOfLazyPartImportingThis1
              ComposablePartType: Microsoft.VisualStudio.Composition.Tests.ImportingConstructorTests+PartThatImportsTwoPartsWithImportingConstructorsOfLazyThis
              ImportingMember: PartWithImportingConstructorOfLazyPartImportingThis1 A
              ParameterInfo: 
              ImportingSiteType: Microsoft.VisualStudio.Composition.Tests.ImportingConstructorTests+PartWithImportingConstructorOfLazyPartImportingThis1
          ImportingConstructor:</StdOut>
      </Output>
    </UnitTestResult>
    <UnitTestResult executionId="7d06f374-31f1-409f-a9f7-ad9299473179" testId="7b4acd14-3247-4ac5-91ac-12268f4e598d" testName="V3 composition (V1)" computerName="DDBLD061B" duration="00:00:00.0080000" startTime="2015-04-27T07:09:23.4202121-07:00" endTime="2015-04-27T07:09:23.4202121-07:00" testType="13cdc9d9-ddb5-4fa4-a97d-d965ccfc6d4b" outcome="Passed" testListId="8c84fa94-04c1-424b-9868-57a2d4851a1d" relativeResultsDirectory="7d06f374-31f1-409f-a9f7-ad9299473179" />
    <UnitTestResult executionId="e832a2ee-965a-43fe-a8a2-693c93860009" testId="35000864-589a-416e-ad35-526ca0ab0ecc" testName="V3 composition (V1)" computerName="DDBLD061B" duration="00:00:00.0100000" startTime="2015-04-27T07:09:23.4202121-07:00" endTime="2015-04-27T07:09:23.4202121-07:00" testType="13cdc9d9-ddb5-4fa4-a97d-d965ccfc6d4b" outcome="Passed" testListId="8c84fa94-04c1-424b-9868-57a2d4851a1d" relativeResultsDirectory="e832a2ee-965a-43fe-a8a2-693c93860009" />
    <UnitTestResult executionId="d63f05b7-0d11-4cfa-8593-c0c3a960c50a" testId="3757d50f-f449-407b-8d9e-b48dd6eca1a4" testName="V3 engine (runtime)" computerName="DDBLD061B" duration="00:00:00.0010000" startTime="2015-04-27T07:09:23.4358366-07:00" endTime="2015-04-27T07:09:23.4358366-07:00" testType="13cdc9d9-ddb5-4fa4-a97d-d965ccfc6d4b" outcome="Passed" testListId="8c84fa94-04c1-424b-9868-57a2d4851a1d" relativeResultsDirectory="d63f05b7-0d11-4cfa-8593-c0c3a960c50a" />
    <UnitTestResult executionId="165294a8-439b-4749-b8d2-157112e3feba" testId="1bba40df-14de-45cf-9715-a3bf3e6f410a" testName="V3 engine (runtime)" computerName="DDBLD061B" duration="00:00:00.0010000" startTime="2015-04-27T07:09:23.4358366-07:00" endTime="2015-04-27T07:09:23.4358366-07:00" testType="13cdc9d9-ddb5-4fa4-a97d-d965ccfc6d4b" outcome="Passed" testListId="8c84fa94-04c1-424b-9868-57a2d4851a1d" relativeResultsDirectory="165294a8-439b-4749-b8d2-157112e3feba" />
    <UnitTestResult executionId="4d560e23-a8d6-44c8-af10-df10e7ad5f15" testId="bea8cacb-fedc-48b1-92b5-d421de1e33bd" testName="V3 composition (V2)" computerName="DDBLD061B" duration="00:00:00.0560000" startTime="2015-04-27T07:09:23.4358366-07:00" endTime="2015-04-27T07:09:23.4358366-07:00" testType="13cdc9d9-ddb5-4fa4-a97d-d965ccfc6d4b" outcome="Passed" testListId="8c84fa94-04c1-424b-9868-57a2d4851a1d" relativeResultsDirectory="4d560e23-a8d6-44c8-af10-df10e7ad5f15" />
    <UnitTestResult executionId="82f9a1ff-cd07-4a2f-9755-70e728c07c32" testId="0fbcee68-eac9-4768-bb5f-c4dd8aefc329" testName="V3 engine (runtime)" computerName="DDBLD061B" duration="00:00:00.0010000" startTime="2015-04-27T07:09:23.7170834-07:00" endTime="2015-04-27T07:09:23.7170834-07:00" testType="13cdc9d9-ddb5-4fa4-a97d-d965ccfc6d4b" outcome="Passed" testListId="8c84fa94-04c1-424b-9868-57a2d4851a1d" relativeResultsDirectory="82f9a1ff-cd07-4a2f-9755-70e728c07c32" />
    <UnitTestResult executionId="f226cf48-1f54-442a-ad48-a220b9285334" testId="52eaa30c-f985-44b6-bb6f-adfe4b3158b8" testName="V1" computerName="DDBLD061B" duration="00:00:00.0010000" startTime="2015-04-27T07:09:23.7170834-07:00" endTime="2015-04-27T07:09:23.7170834-07:00" testType="13cdc9d9-ddb5-4fa4-a97d-d965ccfc6d4b" outcome="Passed" testListId="8c84fa94-04c1-424b-9868-57a2d4851a1d" relativeResultsDirectory="f226cf48-1f54-442a-ad48-a220b9285334" />
    <UnitTestResult executionId="8e81f2eb-c02d-4394-b2f3-2facd68a8f44" testId="a82be2de-768b-4c8d-864b-5ccc30443656" testName="V1" computerName="DDBLD061B" duration="00:00:00.0110000" startTime="2015-04-27T07:09:23.7170834-07:00" endTime="2015-04-27T07:09:23.7170834-07:00" testType="13cdc9d9-ddb5-4fa4-a97d-d965ccfc6d4b" outcome="Passed" testListId="8c84fa94-04c1-424b-9868-57a2d4851a1d" relativeResultsDirectory="8e81f2eb-c02d-4394-b2f3-2facd68a8f44" />
    <UnitTestResult executionId="31dd33fe-da01-46df-a6bc-b90fa2819fc9" testId="4c4ab070-22c0-4e1d-9dee-a32ec4b6714e" testName="V3 engine (runtime)" computerName="DDBLD061B" duration="00:00:00.0010000" startTime="2015-04-27T07:09:23.7170834-07:00" endTime="2015-04-27T07:09:23.7170834-07:00" testType="13cdc9d9-ddb5-4fa4-a97d-d965ccfc6d4b" outcome="Passed" testListId="8c84fa94-04c1-424b-9868-57a2d4851a1d" relativeResultsDirectory="31dd33fe-da01-46df-a6bc-b90fa2819fc9" />
    <UnitTestResult executionId="bc1b953e-2c97-4dff-a395-c8a6635c25f6" testId="7994c78f-f5b4-4112-a8fc-7ce7ec3c03c6" testName="V3 composition (V1)" computerName="DDBLD061B" duration="00:00:00.6990000" startTime="2015-04-27T07:09:23.7170834-07:00" endTime="2015-04-27T07:09:23.7170834-07:00" testType="13cdc9d9-ddb5-4fa4-a97d-d965ccfc6d4b" outcome="Passed" testListId="8c84fa94-04c1-424b-9868-57a2d4851a1d" relativeResultsDirectory="bc1b953e-2c97-4dff-a395-c8a6635c25f6" />
    <UnitTestResult executionId="43a86216-177e-46fc-bf54-3d04b0458ec2" testId="01bb50c1-496a-495e-a413-92d0e2fe2125" testName="V3 engine (runtime)" computerName="DDBLD061B" duration="00:00:00.0010000" startTime="2015-04-27T07:09:23.7170834-07:00" endTime="2015-04-27T07:09:23.7170834-07:00" testType="13cdc9d9-ddb5-4fa4-a97d-d965ccfc6d4b" outcome="Passed" testListId="8c84fa94-04c1-424b-9868-57a2d4851a1d" relativeResultsDirectory="43a86216-177e-46fc-bf54-3d04b0458ec2" />
    <UnitTestResult executionId="277f88c9-07ac-4e0c-9204-838300c3510c" testId="02e185aa-f24c-46ac-93fb-320085f6cbb3" testName="V1" computerName="DDBLD061B" duration="00:00:00.0010000" startTime="2015-04-27T07:09:23.7170834-07:00" endTime="2015-04-27T07:09:23.7170834-07:00" testType="13cdc9d9-ddb5-4fa4-a97d-d965ccfc6d4b" outcome="Passed" testListId="8c84fa94-04c1-424b-9868-57a2d4851a1d" relativeResultsDirectory="277f88c9-07ac-4e0c-9204-838300c3510c" />
    <UnitTestResult executionId="10191ec5-43fb-4219-801d-08eb4ae3be21" testId="a6d5def2-0553-4b65-b563-269b68943172" testName="V3 composition (V1)" computerName="DDBLD061B" duration="00:00:00.0070000" startTime="2015-04-27T07:09:23.7170834-07:00" endTime="2015-04-27T07:09:23.7170834-07:00" testType="13cdc9d9-ddb5-4fa4-a97d-d965ccfc6d4b" outcome="Passed" testListId="8c84fa94-04c1-424b-9868-57a2d4851a1d" relativeResultsDirectory="10191ec5-43fb-4219-801d-08eb4ae3be21" />
    <UnitTestResult executionId="9b2674f7-48e0-47fb-8ba2-1795f74220b5" testId="0daa03b2-0867-402b-9dc0-146ddbce0de8" testName="V3 composition (V1)" computerName="DDBLD061B" duration="00:00:00.0060000" startTime="2015-04-27T07:09:23.7170834-07:00" endTime="2015-04-27T07:09:23.7170834-07:00" testType="13cdc9d9-ddb5-4fa4-a97d-d965ccfc6d4b" outcome="Passed" testListId="8c84fa94-04c1-424b-9868-57a2d4851a1d" relativeResultsDirectory="9b2674f7-48e0-47fb-8ba2-1795f74220b5" />
    <UnitTestResult executionId="c52537fe-54a6-4afe-8eb7-703f96897f79" testId="2884164d-18da-4d4d-93e2-677c726cc567" testName="V3 engine (runtime)" computerName="DDBLD061B" duration="00:00:00.0010000" startTime="2015-04-27T07:09:24.1858273-07:00" endTime="2015-04-27T07:09:24.1858273-07:00" testType="13cdc9d9-ddb5-4fa4-a97d-d965ccfc6d4b" outcome="Passed" testListId="8c84fa94-04c1-424b-9868-57a2d4851a1d" relativeResultsDirectory="c52537fe-54a6-4afe-8eb7-703f96897f79" />
    <UnitTestResult executionId="6445cf10-0fdc-436f-afcb-b017f1973a96" testId="7a357c24-cd4e-4800-be7e-68569ed6cb4f" testName="V1" computerName="DDBLD061B" duration="00:00:00.0080000" startTime="2015-04-27T07:09:24.1858273-07:00" endTime="2015-04-27T07:09:24.1858273-07:00" testType="13cdc9d9-ddb5-4fa4-a97d-d965ccfc6d4b" outcome="Passed" testListId="8c84fa94-04c1-424b-9868-57a2d4851a1d" relativeResultsDirectory="6445cf10-0fdc-436f-afcb-b017f1973a96" />
    <UnitTestResult executionId="eccddf08-1330-4c16-9d68-1aa2592f54c1" testId="36c81860-645c-499f-92b0-2f404adb6c8f" testName="V3 engine (runtime)" computerName="DDBLD061B" duration="00:00:00.0010000" startTime="2015-04-27T07:09:24.1858273-07:00" endTime="2015-04-27T07:09:24.1858273-07:00" testType="13cdc9d9-ddb5-4fa4-a97d-d965ccfc6d4b" outcome="Passed" testListId="8c84fa94-04c1-424b-9868-57a2d4851a1d" relativeResultsDirectory="eccddf08-1330-4c16-9d68-1aa2592f54c1" />
    <UnitTestResult executionId="47fd4db7-d7ae-4098-ae22-e91a14eb9cad" testId="c890848f-778c-4c9d-a3a2-638957eceaef" testName="V1" computerName="DDBLD061B" duration="00:00:00.0010000" startTime="2015-04-27T07:09:24.1858273-07:00" endTime="2015-04-27T07:09:24.1858273-07:00" testType="13cdc9d9-ddb5-4fa4-a97d-d965ccfc6d4b" outcome="Passed" testListId="8c84fa94-04c1-424b-9868-57a2d4851a1d" relativeResultsDirectory="47fd4db7-d7ae-4098-ae22-e91a14eb9cad" />
    <UnitTestResult executionId="78179168-e070-4c87-b939-279c41c87216" testId="65eecd45-d4ef-471d-9211-4923608d662f" testName="V3 composition (V1)" computerName="DDBLD061B" duration="00:00:00.0040000" startTime="2015-04-27T07:09:24.1858273-07:00" endTime="2015-04-27T07:09:24.1858273-07:00" testType="13cdc9d9-ddb5-4fa4-a97d-d965ccfc6d4b" outcome="Passed" testListId="8c84fa94-04c1-424b-9868-57a2d4851a1d" relativeResultsDirectory="78179168-e070-4c87-b939-279c41c87216" />
    <UnitTestResult executionId="b970a9c0-e3dd-4e8e-8dfa-c18fd717862d" testId="940fa650-49ac-477f-97e8-5580c9469ded" testName="V3 engine (runtime)" computerName="DDBLD061B" duration="00:00:00.0010000" startTime="2015-04-27T07:09:24.1858273-07:00" endTime="2015-04-27T07:09:24.1858273-07:00" testType="13cdc9d9-ddb5-4fa4-a97d-d965ccfc6d4b" outcome="Passed" testListId="8c84fa94-04c1-424b-9868-57a2d4851a1d" relativeResultsDirectory="b970a9c0-e3dd-4e8e-8dfa-c18fd717862d" />
    <UnitTestResult executionId="a96ebb25-6e37-4a25-aaa5-29ba5f2c5086" testId="3ab4b077-724d-417d-817e-15351a57333a" testName="V1" computerName="DDBLD061B" duration="00:00:00.0030000" startTime="2015-04-27T07:09:24.1858273-07:00" endTime="2015-04-27T07:09:24.1858273-07:00" testType="13cdc9d9-ddb5-4fa4-a97d-d965ccfc6d4b" outcome="Passed" testListId="8c84fa94-04c1-424b-9868-57a2d4851a1d" relativeResultsDirectory="a96ebb25-6e37-4a25-aaa5-29ba5f2c5086" />
    <UnitTestResult executionId="49dcf681-7759-4d12-b1ed-4f905b84d3ec" testId="778f9905-e6fb-46eb-9a4b-7d73c978178e" testName="V3 composition (V1, V2)" computerName="DDBLD061B" duration="00:00:00.0160000" startTime="2015-04-27T07:09:24.1858273-07:00" endTime="2015-04-27T07:09:24.1858273-07:00" testType="13cdc9d9-ddb5-4fa4-a97d-d965ccfc6d4b" outcome="Passed" testListId="8c84fa94-04c1-424b-9868-57a2d4851a1d" relativeResultsDirectory="49dcf681-7759-4d12-b1ed-4f905b84d3ec">
      <Output>
        <StdOut>Catalog AttributedPartDiscoveryV1 vs. AttributedPartDiscovery
      Part
          Type: Microsoft.VisualStudio.Composition.Tests.NonPublicImportsExportsTests+InternalExport
+         Part metadata:
+             SharingBoundary = 
          SharingBoundary: 
-         IsSharingBoundaryInferred: True
-         CreationPolicy: Any
+         IsSharingBoundaryInferred: False
+         CreationPolicy: Shared
          OnImportsSatisfied: &lt;null&gt;
          ExportedTypes:
              ExportDefinition
                  ContractName: Microsoft.VisualStudio.Composition.Tests.NonPublicImportsExportsTests+InternalExport
                  Metadata:
                      ExportTypeIdentity = Microsoft.VisualStudio.Composition.Tests.NonPublicImportsExportsTests+InternalExport
+                     System.ComponentModel.Composition.CreationPolicy = Shared
          ExportingMembers:
          ImportingMembers:
              ImportDefinition:
                  ContractName: Microsoft.VisualStudio.Composition.Tests.NonPublicImportsExportsTests+PublicExport
                  Cardinality: ExactlyOne
                  Metadata:
                  ExportFactorySharingBoundaries: 
                  ExportConstraints: 
                      ExportTypeIdentityConstraint
                          TypeIdentityName: Microsoft.VisualStudio.Composition.Tests.NonPublicImportsExportsTests+PublicExport
              ComposablePartType: Microsoft.VisualStudio.Composition.Tests.NonPublicImportsExportsTests+InternalExport
              ImportingMember: PublicExport PublicImportingProperty
              ParameterInfo: 
              ImportingSiteType: Microsoft.VisualStudio.Composition.Tests.NonPublicImportsExportsTests+PublicExport
              ImportDefinition:
                  ContractName: Microsoft.VisualStudio.Composition.Tests.NonPublicImportsExportsTests+PublicExport
                  Cardinality: ExactlyOne
                  Metadata:
                  ExportFactorySharingBoundaries: 
                  ExportConstraints: 
                      ExportTypeIdentityConstraint
                          TypeIdentityName: Microsoft.VisualStudio.Composition.Tests.NonPublicImportsExportsTests+PublicExport
              ComposablePartType: Microsoft.VisualStudio.Composition.Tests.NonPublicImportsExportsTests+InternalExport
              ImportingMember: PublicExport InternalImportingProperty
              ParameterInfo: 
              ImportingSiteType: Microsoft.VisualStudio.Composition.Tests.NonPublicImportsExportsTests+PublicExport
          ImportingConstructor:
      Part
          Type: Microsoft.VisualStudio.Composition.Tests.NonPublicImportsExportsTests+PublicExport
+         Part metadata:
+             SharingBoundary = 
          SharingBoundary: 
-         IsSharingBoundaryInferred: True
-         CreationPolicy: Any
+         IsSharingBoundaryInferred: False
+         CreationPolicy: Shared
          OnImportsSatisfied: &lt;null&gt;
          ExportedTypes:
              ExportDefinition
                  ContractName: Microsoft.VisualStudio.Composition.Tests.NonPublicImportsExportsTests+PublicExport
                  Metadata:
                      ExportTypeIdentity = Microsoft.VisualStudio.Composition.Tests.NonPublicImportsExportsTests+PublicExport
+                     System.ComponentModel.Composition.CreationPolicy = Shared
          ExportingMembers:
          ImportingMembers:
          ImportingConstructor:</StdOut>
      </Output>
    </UnitTestResult>
    <UnitTestResult executionId="e102ac28-7797-49c2-a50c-b64b9fd8f340" testId="f7721c21-c521-4c3f-b841-2eebaeb33640" testName="V3 composition (V1)" computerName="DDBLD061B" duration="00:00:00.0060000" startTime="2015-04-27T07:09:24.1858273-07:00" endTime="2015-04-27T07:09:24.1858273-07:00" testType="13cdc9d9-ddb5-4fa4-a97d-d965ccfc6d4b" outcome="Passed" testListId="8c84fa94-04c1-424b-9868-57a2d4851a1d" relativeResultsDirectory="e102ac28-7797-49c2-a50c-b64b9fd8f340" />
    <UnitTestResult executionId="bdc5b357-350a-4a73-aeea-d85647f40815" testId="998e9af9-3c1d-4b61-a932-62cbb77f8ff2" testName="V3 engine (runtime)" computerName="DDBLD061B" duration="00:00:00.0010000" startTime="2015-04-27T07:09:24.5139481-07:00" endTime="2015-04-27T07:09:24.5139481-07:00" testType="13cdc9d9-ddb5-4fa4-a97d-d965ccfc6d4b" outcome="Passed" testListId="8c84fa94-04c1-424b-9868-57a2d4851a1d" relativeResultsDirectory="bdc5b357-350a-4a73-aeea-d85647f40815" />
    <UnitTestResult executionId="550708bb-10bd-4e33-9d82-1a4f10b311d1" testId="a8474554-ae9c-4894-a956-c679f72c7ac1" testName="V3 engine (runtime)" computerName="DDBLD061B" duration="00:00:00.0010000" startTime="2015-04-27T07:09:24.5139481-07:00" endTime="2015-04-27T07:09:24.5139481-07:00" testType="13cdc9d9-ddb5-4fa4-a97d-d965ccfc6d4b" outcome="Passed" testListId="8c84fa94-04c1-424b-9868-57a2d4851a1d" relativeResultsDirectory="550708bb-10bd-4e33-9d82-1a4f10b311d1" />
    <UnitTestResult executionId="1603d9ee-35b6-4942-91be-c19ad9905f84" testId="49c5b8b4-92cc-424e-92d5-ee80a1477d1b" testName="V1" computerName="DDBLD061B" duration="00:00:00.0010000" startTime="2015-04-27T07:09:24.5139481-07:00" endTime="2015-04-27T07:09:24.5139481-07:00" testType="13cdc9d9-ddb5-4fa4-a97d-d965ccfc6d4b" outcome="Passed" testListId="8c84fa94-04c1-424b-9868-57a2d4851a1d" relativeResultsDirectory="1603d9ee-35b6-4942-91be-c19ad9905f84" />
    <UnitTestResult executionId="e61973ac-4068-4be3-90c0-95ee9f7126d7" testId="3960c701-e721-4d11-876f-53462b254da6" testName="V2" computerName="DDBLD061B" duration="00:00:00.0010000" startTime="2015-04-27T07:09:24.5139481-07:00" endTime="2015-04-27T07:09:24.5139481-07:00" testType="13cdc9d9-ddb5-4fa4-a97d-d965ccfc6d4b" outcome="Passed" testListId="8c84fa94-04c1-424b-9868-57a2d4851a1d" relativeResultsDirectory="e61973ac-4068-4be3-90c0-95ee9f7126d7" />
    <UnitTestResult executionId="360aaea4-87df-4dc1-80a8-dad2bd6572d1" testId="6abaa9cb-5221-440f-8aae-42b66dc19fa4" testName="V3 composition (V1)" computerName="DDBLD061B" duration="00:00:00.0210000" startTime="2015-04-27T07:09:24.5139481-07:00" endTime="2015-04-27T07:09:24.5139481-07:00" testType="13cdc9d9-ddb5-4fa4-a97d-d965ccfc6d4b" outcome="Passed" testListId="8c84fa94-04c1-424b-9868-57a2d4851a1d" relativeResultsDirectory="360aaea4-87df-4dc1-80a8-dad2bd6572d1" />
    <UnitTestResult executionId="2155ef60-0811-491a-8ee6-2d5a3b7702e6" testId="4fec242c-c0fb-440f-bac0-d51630746b24" testName="V3 engine (runtime)" computerName="DDBLD061B" duration="00:00:00.0010000" startTime="2015-04-27T07:09:24.5139481-07:00" endTime="2015-04-27T07:09:24.5139481-07:00" testType="13cdc9d9-ddb5-4fa4-a97d-d965ccfc6d4b" outcome="Passed" testListId="8c84fa94-04c1-424b-9868-57a2d4851a1d" relativeResultsDirectory="2155ef60-0811-491a-8ee6-2d5a3b7702e6" />
    <UnitTestResult executionId="be053759-86e9-4729-82e8-b55e12472015" testId="68d51392-f23c-4aa2-97c4-d1731f10a61c" testName="V1" computerName="DDBLD061B" duration="00:00:00.0010000" startTime="2015-04-27T07:09:24.5139481-07:00" endTime="2015-04-27T07:09:24.5139481-07:00" testType="13cdc9d9-ddb5-4fa4-a97d-d965ccfc6d4b" outcome="Passed" testListId="8c84fa94-04c1-424b-9868-57a2d4851a1d" relativeResultsDirectory="be053759-86e9-4729-82e8-b55e12472015" />
    <UnitTestResult executionId="e1f5cf6f-209a-4774-88cd-5fb202d32e79" testId="cb258bc7-d06c-4658-8949-d344226d183c" testName="V3 engine (runtime)" computerName="DDBLD061B" duration="00:00:00.0010000" startTime="2015-04-27T07:09:24.5139481-07:00" endTime="2015-04-27T07:09:24.5139481-07:00" testType="13cdc9d9-ddb5-4fa4-a97d-d965ccfc6d4b" outcome="Passed" testListId="8c84fa94-04c1-424b-9868-57a2d4851a1d" relativeResultsDirectory="e1f5cf6f-209a-4774-88cd-5fb202d32e79" />
    <UnitTestResult executionId="65fdc2dc-851e-43f1-ab41-933af3c9eee2" testId="db3d2d21-bde7-4051-846a-05e406ca0d87" testName="V1" computerName="DDBLD061B" duration="00:00:00.0030000" startTime="2015-04-27T07:09:24.8420687-07:00" endTime="2015-04-27T07:09:24.8420687-07:00" testType="13cdc9d9-ddb5-4fa4-a97d-d965ccfc6d4b" outcome="Passed" testListId="8c84fa94-04c1-424b-9868-57a2d4851a1d" relativeResultsDirectory="65fdc2dc-851e-43f1-ab41-933af3c9eee2" />
    <UnitTestResult executionId="16f6d001-43e3-45f8-83b9-06930f68db28" testId="1186ca54-bd61-4a2b-8b9b-b0a99d5983c6" testName="V3 composition (V1)" computerName="DDBLD061B" duration="00:00:00.0200000" startTime="2015-04-27T07:09:24.8420687-07:00" endTime="2015-04-27T07:09:24.8420687-07:00" testType="13cdc9d9-ddb5-4fa4-a97d-d965ccfc6d4b" outcome="Passed" testListId="8c84fa94-04c1-424b-9868-57a2d4851a1d" relativeResultsDirectory="16f6d001-43e3-45f8-83b9-06930f68db28" />
    <UnitTestResult executionId="9b9ae1b8-6814-4832-b58a-6aa20b8373cb" testId="89045bc5-7927-4628-8bcc-d6782327449b" testName="V3 composition (V1, V2)" computerName="DDBLD061B" duration="00:00:00.0250000" startTime="2015-04-27T07:09:24.8420687-07:00" endTime="2015-04-27T07:09:24.8420687-07:00" testType="13cdc9d9-ddb5-4fa4-a97d-d965ccfc6d4b" outcome="Passed" testListId="8c84fa94-04c1-424b-9868-57a2d4851a1d" relativeResultsDirectory="9b9ae1b8-6814-4832-b58a-6aa20b8373cb" />
    <UnitTestResult executionId="8f553e48-480f-4105-969e-56ca0e17d37a" testId="be71b553-59a0-406f-af7a-5d099bed95c3" testName="V3 engine (runtime)" computerName="DDBLD061B" duration="00:00:00.0010000" startTime="2015-04-27T07:09:24.8420687-07:00" endTime="2015-04-27T07:09:24.8420687-07:00" testType="13cdc9d9-ddb5-4fa4-a97d-d965ccfc6d4b" outcome="Passed" testListId="8c84fa94-04c1-424b-9868-57a2d4851a1d" relativeResultsDirectory="8f553e48-480f-4105-969e-56ca0e17d37a" />
    <UnitTestResult executionId="9ed7cb56-eb18-48d1-8d23-55760f947589" testId="11a75546-d9d8-4fdd-944e-2cc3a5da2c0c" testName="V1" computerName="DDBLD061B" duration="00:00:00.0010000" startTime="2015-04-27T07:09:24.8420687-07:00" endTime="2015-04-27T07:09:24.8420687-07:00" testType="13cdc9d9-ddb5-4fa4-a97d-d965ccfc6d4b" outcome="Passed" testListId="8c84fa94-04c1-424b-9868-57a2d4851a1d" relativeResultsDirectory="9ed7cb56-eb18-48d1-8d23-55760f947589" />
    <UnitTestResult executionId="8b80ca67-7b9b-47c9-be92-bf58340be74f" testId="90e14511-e90f-445c-b70f-507a41962643" testName="V3 engine (runtime)" computerName="DDBLD061B" duration="00:00:00.0010000" startTime="2015-04-27T07:09:24.8420687-07:00" endTime="2015-04-27T07:09:24.8420687-07:00" testType="13cdc9d9-ddb5-4fa4-a97d-d965ccfc6d4b" outcome="Passed" testListId="8c84fa94-04c1-424b-9868-57a2d4851a1d" relativeResultsDirectory="8b80ca67-7b9b-47c9-be92-bf58340be74f" />
    <UnitTestResult executionId="7b8280a3-66db-4da6-bf50-c70a734f8bab" testId="942cf037-05ee-43c3-9bf2-d57b2cd79fc0" testName="V1" computerName="DDBLD061B" duration="00:00:00.0010000" startTime="2015-04-27T07:09:24.8420687-07:00" endTime="2015-04-27T07:09:24.8420687-07:00" testType="13cdc9d9-ddb5-4fa4-a97d-d965ccfc6d4b" outcome="Passed" testListId="8c84fa94-04c1-424b-9868-57a2d4851a1d" relativeResultsDirectory="7b8280a3-66db-4da6-bf50-c70a734f8bab" />
    <UnitTestResult executionId="382383b7-0159-4290-a558-69069ff29c53" testId="9d749512-e341-4fd6-80d8-650a864f4020" testName="V3 composition (V1)" computerName="DDBLD061B" duration="00:00:00.0060000" startTime="2015-04-27T07:09:24.8420687-07:00" endTime="2015-04-27T07:09:24.8420687-07:00" testType="13cdc9d9-ddb5-4fa4-a97d-d965ccfc6d4b" outcome="Passed" testListId="8c84fa94-04c1-424b-9868-57a2d4851a1d" relativeResultsDirectory="382383b7-0159-4290-a558-69069ff29c53" />
    <UnitTestResult executionId="3eaec9ef-6f43-4447-8205-873ebd1a7449" testId="bec6416e-e28c-466a-8a2e-b547ec4a76e0" testName="V3 composition (V1)" computerName="DDBLD061B" duration="00:00:00.0050000" startTime="2015-04-27T07:09:24.8420687-07:00" endTime="2015-04-27T07:09:24.8420687-07:00" testType="13cdc9d9-ddb5-4fa4-a97d-d965ccfc6d4b" outcome="Passed" testListId="8c84fa94-04c1-424b-9868-57a2d4851a1d" relativeResultsDirectory="3eaec9ef-6f43-4447-8205-873ebd1a7449" />
    <UnitTestResult executionId="f639e828-37c3-492c-b274-7af04c18cf12" testId="f749da00-b474-458d-afe3-23eab92a7845" testName="V3 engine (runtime)" computerName="DDBLD061B" duration="00:00:00.0010000" startTime="2015-04-27T07:09:25.1858142-07:00" endTime="2015-04-27T07:09:25.1858142-07:00" testType="13cdc9d9-ddb5-4fa4-a97d-d965ccfc6d4b" outcome="Passed" testListId="8c84fa94-04c1-424b-9868-57a2d4851a1d" relativeResultsDirectory="f639e828-37c3-492c-b274-7af04c18cf12" />
    <UnitTestResult executionId="d29e2794-2e81-4697-95e3-f644ff999464" testId="9f60c7d6-950f-4f7c-ac1a-fa9fe892573e" testName="V3 engine (runtime)" computerName="DDBLD061B" duration="00:00:00.0010000" startTime="2015-04-27T07:09:25.1858142-07:00" endTime="2015-04-27T07:09:25.1858142-07:00" testType="13cdc9d9-ddb5-4fa4-a97d-d965ccfc6d4b" outcome="Passed" testListId="8c84fa94-04c1-424b-9868-57a2d4851a1d" relativeResultsDirectory="d29e2794-2e81-4697-95e3-f644ff999464" />
    <UnitTestResult executionId="65a906e0-982f-47c7-8478-2162424aaada" testId="d1e2a13c-a09a-43c9-ab76-e8d213223001" testName="V3 composition (V1)" computerName="DDBLD061B" duration="00:00:00.0350000" startTime="2015-04-27T07:09:25.1858142-07:00" endTime="2015-04-27T07:09:25.1858142-07:00" testType="13cdc9d9-ddb5-4fa4-a97d-d965ccfc6d4b" outcome="Passed" testListId="8c84fa94-04c1-424b-9868-57a2d4851a1d" relativeResultsDirectory="65a906e0-982f-47c7-8478-2162424aaada" />
    <UnitTestResult executionId="42c017f0-9743-46df-8e0e-bb17749f1e88" testId="3f4666ce-74a8-4c60-811e-6838beaa477b" testName="V3 engine (runtime)" computerName="DDBLD061B" duration="00:00:00.0400000" startTime="2015-04-27T07:09:25.1858142-07:00" endTime="2015-04-27T07:09:25.1858142-07:00" testType="13cdc9d9-ddb5-4fa4-a97d-d965ccfc6d4b" outcome="Passed" testListId="8c84fa94-04c1-424b-9868-57a2d4851a1d" relativeResultsDirectory="42c017f0-9743-46df-8e0e-bb17749f1e88" />
    <UnitTestResult executionId="db492bf5-43a7-4508-b925-d67efd559137" testId="515d7eca-38a0-44b6-b689-fb3058c9c72e" testName="V3 engine (runtime)" computerName="DDBLD061B" duration="00:00:00.0010000" startTime="2015-04-27T07:09:25.1858142-07:00" endTime="2015-04-27T07:09:25.1858142-07:00" testType="13cdc9d9-ddb5-4fa4-a97d-d965ccfc6d4b" outcome="Passed" testListId="8c84fa94-04c1-424b-9868-57a2d4851a1d" relativeResultsDirectory="db492bf5-43a7-4508-b925-d67efd559137" />
    <UnitTestResult executionId="1bd0d332-826b-4745-80f0-df83e5b9b943" testId="b9767bb7-20e7-4649-9515-87c08446bfe7" testName="V1" computerName="DDBLD061B" duration="00:00:00.0020000" startTime="2015-04-27T07:09:25.1858142-07:00" endTime="2015-04-27T07:09:25.1858142-07:00" testType="13cdc9d9-ddb5-4fa4-a97d-d965ccfc6d4b" outcome="Passed" testListId="8c84fa94-04c1-424b-9868-57a2d4851a1d" relativeResultsDirectory="1bd0d332-826b-4745-80f0-df83e5b9b943" />
    <UnitTestResult executionId="7a749e3d-6ea8-4fa9-b492-48ca999afb1b" testId="884c8975-2a14-4fce-9418-a80f434812cd" testName="V1" computerName="DDBLD061B" duration="00:00:00.0010000" startTime="2015-04-27T07:09:25.1858142-07:00" endTime="2015-04-27T07:09:25.1858142-07:00" testType="13cdc9d9-ddb5-4fa4-a97d-d965ccfc6d4b" outcome="Passed" testListId="8c84fa94-04c1-424b-9868-57a2d4851a1d" relativeResultsDirectory="7a749e3d-6ea8-4fa9-b492-48ca999afb1b" />
    <UnitTestResult executionId="564d7411-5c04-4d4c-b734-b78999442676" testId="d516c482-0d58-4cff-a291-d16a1f37a661" testName="V2" computerName="DDBLD061B" duration="00:00:00.0010000" startTime="2015-04-27T07:09:25.1858142-07:00" endTime="2015-04-27T07:09:25.1858142-07:00" testType="13cdc9d9-ddb5-4fa4-a97d-d965ccfc6d4b" outcome="Passed" testListId="8c84fa94-04c1-424b-9868-57a2d4851a1d" relativeResultsDirectory="564d7411-5c04-4d4c-b734-b78999442676" />
    <UnitTestResult executionId="0808650a-3abe-44e8-86e5-804d8c301c09" testId="1ab153b2-30b3-4061-908d-a0fa2eba80c0" testName="V3 composition (V1, V2)" computerName="DDBLD061B" duration="00:00:00.0040000" startTime="2015-04-27T07:09:25.1858142-07:00" endTime="2015-04-27T07:09:25.1858142-07:00" testType="13cdc9d9-ddb5-4fa4-a97d-d965ccfc6d4b" outcome="Passed" testListId="8c84fa94-04c1-424b-9868-57a2d4851a1d" relativeResultsDirectory="0808650a-3abe-44e8-86e5-804d8c301c09" />
    <UnitTestResult executionId="7b107430-8ba0-48da-9b7a-19324bf9c95f" testId="7912b336-5122-42d3-a222-6643ac3a9bfa" testName="V3 engine (runtime)" computerName="DDBLD061B" duration="00:00:00.0010000" startTime="2015-04-27T07:09:25.7796196-07:00" endTime="2015-04-27T07:09:25.7796196-07:00" testType="13cdc9d9-ddb5-4fa4-a97d-d965ccfc6d4b" outcome="Passed" testListId="8c84fa94-04c1-424b-9868-57a2d4851a1d" relativeResultsDirectory="7b107430-8ba0-48da-9b7a-19324bf9c95f" />
    <UnitTestResult executionId="ee3508c8-6179-4bdd-8360-35b78c3a1489" testId="102f268e-4b17-4b64-8d76-2b1ffa758a33" testName="ComposableAssembliesLazyLoadedWhenQueried" computerName="DDBLD061B" duration="00:00:00.3590000" startTime="2015-04-27T07:09:25.7796196-07:00" endTime="2015-04-27T07:09:25.7796196-07:00" testType="13cdc9d9-ddb5-4fa4-a97d-d965ccfc6d4b" outcome="Passed" testListId="8c84fa94-04c1-424b-9868-57a2d4851a1d" relativeResultsDirectory="ee3508c8-6179-4bdd-8360-35b78c3a1489" />
    <UnitTestResult executionId="52b5651b-3ff2-497f-81cd-b46779451166" testId="24792fb0-ecfc-4614-a672-eb2383a575e0" testName="V2" computerName="DDBLD061B" duration="00:00:01.1640000" startTime="2015-04-27T07:09:25.7796196-07:00" endTime="2015-04-27T07:09:25.7796196-07:00" testType="13cdc9d9-ddb5-4fa4-a97d-d965ccfc6d4b" outcome="Passed" testListId="8c84fa94-04c1-424b-9868-57a2d4851a1d" relativeResultsDirectory="52b5651b-3ff2-497f-81cd-b46779451166" />
    <UnitTestResult executionId="1696a9c7-d2fc-4af5-bf97-88a57969c134" testId="a380fe0d-ec21-4285-bb16-46b6d815e6b3" testName="V3 composition (V2)" computerName="DDBLD061B" duration="00:00:00.0040000" startTime="2015-04-27T07:09:25.7796196-07:00" endTime="2015-04-27T07:09:25.7796196-07:00" testType="13cdc9d9-ddb5-4fa4-a97d-d965ccfc6d4b" outcome="Passed" testListId="8c84fa94-04c1-424b-9868-57a2d4851a1d" relativeResultsDirectory="1696a9c7-d2fc-4af5-bf97-88a57969c134" />
    <UnitTestResult executionId="61d56246-5971-434f-850f-5b5db7c8f83e" testId="2085524d-183f-4673-9fa6-4a08001ff9fe" testName="V3 engine (runtime)" computerName="DDBLD061B" duration="00:00:00.7100000" startTime="2015-04-27T07:09:25.7796196-07:00" endTime="2015-04-27T07:09:25.7796196-07:00" testType="13cdc9d9-ddb5-4fa4-a97d-d965ccfc6d4b" outcome="Passed" testListId="8c84fa94-04c1-424b-9868-57a2d4851a1d" relativeResultsDirectory="61d56246-5971-434f-850f-5b5db7c8f83e" />
    <UnitTestResult executionId="f64c8a19-8554-4c90-93da-6187bec3b468" testId="e1398bfe-27dc-4010-a031-234ba6c17044" testName="V1" computerName="DDBLD061B" duration="00:00:00.2020000" startTime="2015-04-27T07:09:25.7796196-07:00" endTime="2015-04-27T07:09:25.7796196-07:00" testType="13cdc9d9-ddb5-4fa4-a97d-d965ccfc6d4b" outcome="Passed" testListId="8c84fa94-04c1-424b-9868-57a2d4851a1d" relativeResultsDirectory="f64c8a19-8554-4c90-93da-6187bec3b468" />
    <UnitTestResult executionId="0c58cadc-78c6-4bab-abda-084a2d439754" testId="a1619251-1db4-4a77-bb3a-828ffb2d6987" testName="V2" computerName="DDBLD061B" duration="00:00:00.2020000" startTime="2015-04-27T07:09:25.7796196-07:00" endTime="2015-04-27T07:09:25.7796196-07:00" testType="13cdc9d9-ddb5-4fa4-a97d-d965ccfc6d4b" outcome="Passed" testListId="8c84fa94-04c1-424b-9868-57a2d4851a1d" relativeResultsDirectory="0c58cadc-78c6-4bab-abda-084a2d439754" />
    <UnitTestResult executionId="c51926d5-ba14-49b9-9c8c-1c9de64a4b79" testId="becaf0f4-5dc7-41c3-8278-3ef8899912ad" testName="V3 composition (V1, V2)" computerName="DDBLD061B" duration="00:00:00.0060000" startTime="2015-04-27T07:09:25.7796196-07:00" endTime="2015-04-27T07:09:25.7796196-07:00" testType="13cdc9d9-ddb5-4fa4-a97d-d965ccfc6d4b" outcome="Passed" testListId="8c84fa94-04c1-424b-9868-57a2d4851a1d" relativeResultsDirectory="c51926d5-ba14-49b9-9c8c-1c9de64a4b79">
      <Output>
        <StdOut>Catalog AttributedPartDiscoveryV1 vs. AttributedPartDiscovery
      Part
          Type: Microsoft.VisualStudio.Composition.Tests.ThreadSafetyTests+PartThatImportsPartWithOwnImports
+         Part metadata:
+             SharingBoundary = 
          SharingBoundary: 
-         IsSharingBoundaryInferred: True
-         CreationPolicy: Any
+         IsSharingBoundaryInferred: False
+         CreationPolicy: Shared
          OnImportsSatisfied: &lt;null&gt;
          ExportedTypes:
              ExportDefinition
                  ContractName: Microsoft.VisualStudio.Composition.Tests.ThreadSafetyTests+PartThatImportsPartWithOwnImports
                  Metadata:
                      ExportTypeIdentity = Microsoft.VisualStudio.Composition.Tests.ThreadSafetyTests+PartThatImportsPartWithOwnImports
+                     System.ComponentModel.Composition.CreationPolicy = Shared
          ExportingMembers:
          ImportingMembers:
          ImportingConstructor:
              ImportDefinition:
                  ContractName: Microsoft.VisualStudio.Composition.Tests.ThreadSafetyTests+PartThatImportsRandomExport
                  Cardinality: ExactlyOne
                  Metadata:
                  ExportFactorySharingBoundaries: 
                  ExportConstraints: 
                      ExportTypeIdentityConstraint
                          TypeIdentityName: Microsoft.VisualStudio.Composition.Tests.ThreadSafetyTests+PartThatImportsRandomExport
              ComposablePartType: Microsoft.VisualStudio.Composition.Tests.ThreadSafetyTests+PartThatImportsPartWithOwnImports
              ImportingMember: 
              ParameterInfo: PartThatImportsRandomExport export
              ImportingSiteType: Microsoft.VisualStudio.Composition.Tests.ThreadSafetyTests+PartThatImportsRandomExport
      Part
          Type: Microsoft.VisualStudio.Composition.Tests.ThreadSafetyTests+PartThatImportsRandomExport
+         Part metadata:
+             SharingBoundary = 
          SharingBoundary: 
-         IsSharingBoundaryInferred: True
-         CreationPolicy: Any
+         IsSharingBoundaryInferred: False
+         CreationPolicy: Shared
          OnImportsSatisfied: &lt;null&gt;
          ExportedTypes:
              ExportDefinition
                  ContractName: Microsoft.VisualStudio.Composition.Tests.ThreadSafetyTests+PartThatImportsRandomExport
                  Metadata:
                      ExportTypeIdentity = Microsoft.VisualStudio.Composition.Tests.ThreadSafetyTests+PartThatImportsRandomExport
+                     System.ComponentModel.Composition.CreationPolicy = Shared
          ExportingMembers:
          ImportingMembers:
              ImportDefinition:
                  ContractName: Microsoft.VisualStudio.Composition.Tests.ThreadSafetyTests+RandomExport
                  Cardinality: ExactlyOne
                  Metadata:
                  ExportFactorySharingBoundaries: 
                  ExportConstraints: 
                      ExportTypeIdentityConstraint
                          TypeIdentityName: Microsoft.VisualStudio.Composition.Tests.ThreadSafetyTests+RandomExport
              ComposablePartType: Microsoft.VisualStudio.Composition.Tests.ThreadSafetyTests+PartThatImportsRandomExport
              ImportingMember: RandomExport RandomExport
              ParameterInfo: 
              ImportingSiteType: Microsoft.VisualStudio.Composition.Tests.ThreadSafetyTests+RandomExport
          ImportingConstructor:
      Part
          Type: Microsoft.VisualStudio.Composition.Tests.ThreadSafetyTests+RandomExport
+         Part metadata:
+             SharingBoundary = 
          SharingBoundary: 
-         IsSharingBoundaryInferred: True
-         CreationPolicy: Any
+         IsSharingBoundaryInferred: False
+         CreationPolicy: Shared
          OnImportsSatisfied: &lt;null&gt;
          ExportedTypes:
              ExportDefinition
                  ContractName: Microsoft.VisualStudio.Composition.Tests.ThreadSafetyTests+RandomExport
                  Metadata:
                      ExportTypeIdentity = Microsoft.VisualStudio.Composition.Tests.ThreadSafetyTests+RandomExport
+                     System.ComponentModel.Composition.CreationPolicy = Shared
          ExportingMembers:
          ImportingMembers:
          ImportingConstructor:</StdOut>
      </Output>
    </UnitTestResult>
    <UnitTestResult executionId="175f4612-7f17-4e46-b903-8149352ec360" testId="b56d72f1-8e84-43d2-a541-298158b8b4f0" testName="V3 engine (runtime)" computerName="DDBLD061B" duration="00:00:00.1960000" startTime="2015-04-27T07:09:25.7796196-07:00" endTime="2015-04-27T07:09:25.7796196-07:00" testType="13cdc9d9-ddb5-4fa4-a97d-d965ccfc6d4b" outcome="Passed" testListId="8c84fa94-04c1-424b-9868-57a2d4851a1d" relativeResultsDirectory="175f4612-7f17-4e46-b903-8149352ec360" />
    <UnitTestResult executionId="604b68c3-830a-4dab-b3f0-a03a616ce4e6" testId="9976716c-5143-438b-8dda-8187deccf9bb" testName="V3 engine (runtime)" computerName="DDBLD061B" duration="00:00:00.2020000" startTime="2015-04-27T07:09:26.3577319-07:00" endTime="2015-04-27T07:09:26.3577319-07:00" testType="13cdc9d9-ddb5-4fa4-a97d-d965ccfc6d4b" outcome="Passed" testListId="8c84fa94-04c1-424b-9868-57a2d4851a1d" relativeResultsDirectory="604b68c3-830a-4dab-b3f0-a03a616ce4e6" />
    <UnitTestResult executionId="9567a090-16f6-40d7-9c6f-6502d9e8f8ca" testId="a4b30c80-47c1-4224-9155-c19a8c34d6dd" testName="V2" computerName="DDBLD061B" duration="00:00:00.2020000" startTime="2015-04-27T07:09:26.3577319-07:00" endTime="2015-04-27T07:09:26.3577319-07:00" testType="13cdc9d9-ddb5-4fa4-a97d-d965ccfc6d4b" outcome="Passed" testListId="8c84fa94-04c1-424b-9868-57a2d4851a1d" relativeResultsDirectory="9567a090-16f6-40d7-9c6f-6502d9e8f8ca">
      <Output>
        <StdOut>t2.Wait(int) timed out.
Unblocking completion of PartWithBlockingImportPropertySetter.set_OtherPartThatImportsThis.
Getting t2 result.
GetExportedValue&lt;PartThatImportsPartWithBlockingImportPropertySetter&gt; has returned.</StdOut>
      </Output>
    </UnitTestResult>
    <UnitTestResult executionId="ab211678-b959-4843-a96d-5a63908ecd10" testId="0d80f530-55d7-4d30-81e1-de50b4d313c2" testName="V3 composition (V1, V2)" computerName="DDBLD061B" duration="00:00:00.0060000" startTime="2015-04-27T07:09:26.3577319-07:00" endTime="2015-04-27T07:09:26.3577319-07:00" testType="13cdc9d9-ddb5-4fa4-a97d-d965ccfc6d4b" outcome="Passed" testListId="8c84fa94-04c1-424b-9868-57a2d4851a1d" relativeResultsDirectory="ab211678-b959-4843-a96d-5a63908ecd10">
      <Output>
        <StdOut>Catalog AttributedPartDiscoveryV1 vs. AttributedPartDiscovery
      Part
          Type: Microsoft.VisualStudio.Composition.Tests.ThreadSafetyTests+PartWithBlockingImportPropertySetter
+         Part metadata:
+             SharingBoundary = 
          SharingBoundary: 
-         IsSharingBoundaryInferred: True
-         CreationPolicy: Any
+         IsSharingBoundaryInferred: False
+         CreationPolicy: Shared
          OnImportsSatisfied: &lt;null&gt;
          ExportedTypes:
              ExportDefinition
                  ContractName: Microsoft.VisualStudio.Composition.Tests.ThreadSafetyTests+PartWithBlockingImportPropertySetter
                  Metadata:
                      ExportTypeIdentity = Microsoft.VisualStudio.Composition.Tests.ThreadSafetyTests+PartWithBlockingImportPropertySetter
+                     System.ComponentModel.Composition.CreationPolicy = Shared
          ExportingMembers:
          ImportingMembers:
              ImportDefinition:
                  ContractName: Microsoft.VisualStudio.Composition.Tests.ThreadSafetyTests+PartThatImportsPartWithBlockingImportPropertySetter
                  Cardinality: ExactlyOne
                  Metadata:
                  ExportFactorySharingBoundaries: 
                  ExportConstraints: 
                      ExportTypeIdentityConstraint
                          TypeIdentityName: Microsoft.VisualStudio.Composition.Tests.ThreadSafetyTests+PartThatImportsPartWithBlockingImportPropertySetter
              ComposablePartType: Microsoft.VisualStudio.Composition.Tests.ThreadSafetyTests+PartWithBlockingImportPropertySetter
              ImportingMember: PartThatImportsPartWithBlockingImportPropertySetter OtherPartThatImportsThis
              ParameterInfo: 
              ImportingSiteType: Microsoft.VisualStudio.Composition.Tests.ThreadSafetyTests+PartThatImportsPartWithBlockingImportPropertySetter
          ImportingConstructor:
      Part
          Type: Microsoft.VisualStudio.Composition.Tests.ThreadSafetyTests+PartThatImportsPartWithBlockingImportPropertySetter
+         Part metadata:
+             SharingBoundary = 
          SharingBoundary: 
-         IsSharingBoundaryInferred: True
-         CreationPolicy: Any
+         IsSharingBoundaryInferred: False
+         CreationPolicy: Shared
          OnImportsSatisfied: &lt;null&gt;
          ExportedTypes:
              ExportDefinition
                  ContractName: Microsoft.VisualStudio.Composition.Tests.ThreadSafetyTests+PartThatImportsPartWithBlockingImportPropertySetter
                  Metadata:
                      ExportTypeIdentity = Microsoft.VisualStudio.Composition.Tests.ThreadSafetyTests+PartThatImportsPartWithBlockingImportPropertySetter
+                     System.ComponentModel.Composition.CreationPolicy = Shared
          ExportingMembers:
          ImportingMembers:
              ImportDefinition:
                  ContractName: Microsoft.VisualStudio.Composition.Tests.ThreadSafetyTests+PartWithBlockingImportPropertySetter
                  Cardinality: ExactlyOne
                  Metadata:
                  ExportFactorySharingBoundaries: 
                  ExportConstraints: 
                      ExportTypeIdentityConstraint
                          TypeIdentityName: Microsoft.VisualStudio.Composition.Tests.ThreadSafetyTests+PartWithBlockingImportPropertySetter
              ComposablePartType: Microsoft.VisualStudio.Composition.Tests.ThreadSafetyTests+PartThatImportsPartWithBlockingImportPropertySetter
              ImportingMember: PartWithBlockingImportPropertySetter PartWithBlockingImport
              ParameterInfo: 
              ImportingSiteType: Microsoft.VisualStudio.Composition.Tests.ThreadSafetyTests+PartWithBlockingImportPropertySetter
          ImportingConstructor:</StdOut>
      </Output>
    </UnitTestResult>
    <UnitTestResult executionId="2f692b25-4aff-4a31-b089-d49392693dd9" testId="354aae3a-782a-422f-8445-eb1e10aadb86" testName="V3 engine (runtime)" computerName="DDBLD061B" duration="00:00:00.1960000" startTime="2015-04-27T07:09:26.3577319-07:00" endTime="2015-04-27T07:09:26.3577319-07:00" testType="13cdc9d9-ddb5-4fa4-a97d-d965ccfc6d4b" outcome="Passed" testListId="8c84fa94-04c1-424b-9868-57a2d4851a1d" relativeResultsDirectory="2f692b25-4aff-4a31-b089-d49392693dd9">
      <Output>
        <StdOut>t2.Wait(int) timed out.
Unblocking completion of PartWithBlockingImportPropertySetter.set_OtherPartThatImportsThis.
Getting t2 result.
GetExportedValue&lt;PartThatImportsPartWithBlockingImportPropertySetter&gt; has returned.</StdOut>
      </Output>
    </UnitTestResult>
    <UnitTestResult executionId="dfd0f17b-b115-4387-b4fe-a9dac88b65df" testId="efb48f02-335b-4abb-86f1-e5fb09e7b683" testName="V3 engine (runtime)" computerName="DDBLD061B" duration="00:00:00.2010000" startTime="2015-04-27T07:09:26.3577319-07:00" endTime="2015-04-27T07:09:26.3577319-07:00" testType="13cdc9d9-ddb5-4fa4-a97d-d965ccfc6d4b" outcome="Passed" testListId="8c84fa94-04c1-424b-9868-57a2d4851a1d" relativeResultsDirectory="dfd0f17b-b115-4387-b4fe-a9dac88b65df">
      <Output>
        <StdOut>t2.Wait(int) timed out.
Unblocking completion of PartWithBlockingImportPropertySetter.set_OtherPartThatImportsThis.
Getting t2 result.
GetExportedValue&lt;PartThatImportsPartWithBlockingImportPropertySetter&gt; has returned.</StdOut>
      </Output>
    </UnitTestResult>
    <UnitTestResult executionId="c7fbbc69-9cdd-4842-8b14-16677bfd4fa5" testId="2ca7a3fa-d8a9-47df-a70b-680d7be0ef9e" testName="V2" computerName="DDBLD061B" duration="00:00:00.2190000" startTime="2015-04-27T07:09:26.3577319-07:00" endTime="2015-04-27T07:09:26.3577319-07:00" testType="13cdc9d9-ddb5-4fa4-a97d-d965ccfc6d4b" outcome="Passed" testListId="8c84fa94-04c1-424b-9868-57a2d4851a1d" relativeResultsDirectory="c7fbbc69-9cdd-4842-8b14-16677bfd4fa5" />
    <UnitTestResult executionId="f48c6907-64b2-4913-9922-2558ddfbe852" testId="59d4033e-ee93-4f9f-a96f-c02e5aafc3ca" testName="V3 composition (V1, V2)" computerName="DDBLD061B" duration="00:00:00.0040000" startTime="2015-04-27T07:09:26.3577319-07:00" endTime="2015-04-27T07:09:26.3577319-07:00" testType="13cdc9d9-ddb5-4fa4-a97d-d965ccfc6d4b" outcome="Passed" testListId="8c84fa94-04c1-424b-9868-57a2d4851a1d" relativeResultsDirectory="f48c6907-64b2-4913-9922-2558ddfbe852" />
    <UnitTestResult executionId="b42cf178-225f-4cf1-ac53-6646e1c84950" testId="e2785515-4b4d-468c-827a-e71fca0215cb" testName="V3 engine (runtime)" computerName="DDBLD061B" duration="00:00:00.2120000" startTime="2015-04-27T07:09:26.3577319-07:00" endTime="2015-04-27T07:09:26.3577319-07:00" testType="13cdc9d9-ddb5-4fa4-a97d-d965ccfc6d4b" outcome="Passed" testListId="8c84fa94-04c1-424b-9868-57a2d4851a1d" relativeResultsDirectory="b42cf178-225f-4cf1-ac53-6646e1c84950" />
    <UnitTestResult executionId="2bdcc6ea-d073-408b-916f-3efe22292ae5" testId="80797f35-fc32-4f72-b58c-88bdc733b437" testName="V1" computerName="DDBLD061B" duration="00:00:00.2030000" startTime="2015-04-27T07:09:26.3733000-07:00" endTime="2015-04-27T07:09:26.3733000-07:00" testType="13cdc9d9-ddb5-4fa4-a97d-d965ccfc6d4b" outcome="Passed" testListId="8c84fa94-04c1-424b-9868-57a2d4851a1d" relativeResultsDirectory="2bdcc6ea-d073-408b-916f-3efe22292ae5" />
    <UnitTestResult executionId="fa341aa8-5312-4bd9-9a8c-5ce2f3366bb3" testId="807a7b94-1c30-40ca-8f19-da897cd9fb37" testName="V1" computerName="DDBLD061B" duration="00:00:00.2020000" startTime="2015-04-27T07:09:27.8577194-07:00" endTime="2015-04-27T07:09:27.8577194-07:00" testType="13cdc9d9-ddb5-4fa4-a97d-d965ccfc6d4b" outcome="Passed" testListId="8c84fa94-04c1-424b-9868-57a2d4851a1d" relativeResultsDirectory="fa341aa8-5312-4bd9-9a8c-5ce2f3366bb3" />
    <UnitTestResult executionId="257d122b-70d3-4400-911d-1ed272eb30ae" testId="d099cbb4-505c-4b76-823a-db158ec9ff6e" testName="V2" computerName="DDBLD061B" duration="00:00:00.2010000" startTime="2015-04-27T07:09:27.8577194-07:00" endTime="2015-04-27T07:09:27.8577194-07:00" testType="13cdc9d9-ddb5-4fa4-a97d-d965ccfc6d4b" outcome="Passed" testListId="8c84fa94-04c1-424b-9868-57a2d4851a1d" relativeResultsDirectory="257d122b-70d3-4400-911d-1ed272eb30ae" />
    <UnitTestResult executionId="d11f939e-3884-4b39-af0b-f97894620616" testId="dae2f575-858f-4c2b-bf2f-8356d213516d" testName="V3 composition (V1, V2)" computerName="DDBLD061B" duration="00:00:00.0190000" startTime="2015-04-27T07:09:28.3733150-07:00" endTime="2015-04-27T07:09:28.3733150-07:00" testType="13cdc9d9-ddb5-4fa4-a97d-d965ccfc6d4b" outcome="Passed" testListId="8c84fa94-04c1-424b-9868-57a2d4851a1d" relativeResultsDirectory="d11f939e-3884-4b39-af0b-f97894620616">
      <Output>
        <StdOut>Catalog AttributedPartDiscoveryV1 vs. AttributedPartDiscovery
      Part
          Type: Microsoft.VisualStudio.Composition.Tests.ThreadSafetyTests+PartThatImportsSharedPartWithBlockableConstructor
          SharingBoundary: &lt;null&gt;
          IsSharingBoundaryInferred: False
          CreationPolicy: NonShared
          OnImportsSatisfied: &lt;null&gt;
          ExportedTypes:
              ExportDefinition
                  ContractName: Microsoft.VisualStudio.Composition.Tests.ThreadSafetyTests+PartThatImportsSharedPartWithBlockableConstructor
                  Metadata:
                      ExportTypeIdentity = Microsoft.VisualStudio.Composition.Tests.ThreadSafetyTests+PartThatImportsSharedPartWithBlockableConstructor
                      System.ComponentModel.Composition.CreationPolicy = NonShared
          ExportingMembers:
          ImportingMembers:
              ImportDefinition:
                  ContractName: Microsoft.VisualStudio.Composition.Tests.ThreadSafetyTests+SharedPartWithBlockableConstructor
                  Cardinality: ExactlyOne
                  Metadata:
                  ExportFactorySharingBoundaries: 
                  ExportConstraints: 
                      ExportTypeIdentityConstraint
                          TypeIdentityName: Microsoft.VisualStudio.Composition.Tests.ThreadSafetyTests+SharedPartWithBlockableConstructor
              ComposablePartType: Microsoft.VisualStudio.Composition.Tests.ThreadSafetyTests+PartThatImportsSharedPartWithBlockableConstructor
              ImportingMember: System.Lazy`1[Microsoft.VisualStudio.Composition.Tests.ThreadSafetyTests+SharedPartWithBlockableConstructor] ImportingProperty
              ParameterInfo: 
              ImportingSiteType: System.Lazy`1[Microsoft.VisualStudio.Composition.Tests.ThreadSafetyTests+SharedPartWithBlockableConstructor]
          ImportingConstructor:
      Part
          Type: Microsoft.VisualStudio.Composition.Tests.ThreadSafetyTests+SharedPartWithBlockableConstructor
+         Part metadata:
+             SharingBoundary = 
          SharingBoundary: 
-         IsSharingBoundaryInferred: True
-         CreationPolicy: Any
+         IsSharingBoundaryInferred: False
+         CreationPolicy: Shared
          OnImportsSatisfied: &lt;null&gt;
          ExportedTypes:
              ExportDefinition
                  ContractName: Microsoft.VisualStudio.Composition.Tests.ThreadSafetyTests+SharedPartWithBlockableConstructor
                  Metadata:
                      ExportTypeIdentity = Microsoft.VisualStudio.Composition.Tests.ThreadSafetyTests+SharedPartWithBlockableConstructor
+                     System.ComponentModel.Composition.CreationPolicy = Shared
          ExportingMembers:
          ImportingMembers:
          ImportingConstructor:
      Part
          Type: Microsoft.VisualStudio.Composition.Tests.ThreadSafetyTests+PartThatImportsNonSharedPart
          SharingBoundary: &lt;null&gt;
          IsSharingBoundaryInferred: False
          CreationPolicy: NonShared
          OnImportsSatisfied: &lt;null&gt;
          ExportedTypes:
              ExportDefinition
                  ContractName: Microsoft.VisualStudio.Composition.Tests.ThreadSafetyTests+PartThatImportsNonSharedPart
                  Metadata:
                      ExportTypeIdentity = Microsoft.VisualStudio.Composition.Tests.ThreadSafetyTests+PartThatImportsNonSharedPart
                      System.ComponentModel.Composition.CreationPolicy = NonShared
          ExportingMembers:
          ImportingMembers:
              ImportDefinition:
                  ContractName: Microsoft.VisualStudio.Composition.Tests.ThreadSafetyTests+NonSharedPart
                  Cardinality: ExactlyOne
                  Metadata:
                  ExportFactorySharingBoundaries: 
                  ExportConstraints: 
                      ExportTypeIdentityConstraint
                          TypeIdentityName: Microsoft.VisualStudio.Composition.Tests.ThreadSafetyTests+NonSharedPart
              ComposablePartType: Microsoft.VisualStudio.Composition.Tests.ThreadSafetyTests+PartThatImportsNonSharedPart
              ImportingMember: System.Lazy`1[Microsoft.VisualStudio.Composition.Tests.ThreadSafetyTests+NonSharedPart] NonSharedPart
              ParameterInfo: 
              ImportingSiteType: System.Lazy`1[Microsoft.VisualStudio.Composition.Tests.ThreadSafetyTests+NonSharedPart]
          ImportingConstructor:
      Part
          Type: Microsoft.VisualStudio.Composition.Tests.ThreadSafetyTests+NonSharedPart
          SharingBoundary: &lt;null&gt;
          IsSharingBoundaryInferred: False
          CreationPolicy: NonShared
          OnImportsSatisfied: &lt;null&gt;
          ExportedTypes:
              ExportDefinition
                  ContractName: Microsoft.VisualStudio.Composition.Tests.ThreadSafetyTests+NonSharedPart
                  Metadata:
                      ExportTypeIdentity = Microsoft.VisualStudio.Composition.Tests.ThreadSafetyTests+NonSharedPart
                      System.ComponentModel.Composition.CreationPolicy = NonShared
          ExportingMembers:
          ImportingMembers:
          ImportingConstructor:
      Part
          Type: Microsoft.VisualStudio.Composition.Tests.ThreadSafetyTests+PartWithBlockingImportPropertySetter
+         Part metadata:
+             SharingBoundary = 
          SharingBoundary: 
-         IsSharingBoundaryInferred: True
-         CreationPolicy: Any
+         IsSharingBoundaryInferred: False
+         CreationPolicy: Shared
          OnImportsSatisfied: &lt;null&gt;
          ExportedTypes:
              ExportDefinition
                  ContractName: Microsoft.VisualStudio.Composition.Tests.ThreadSafetyTests+PartWithBlockingImportPropertySetter
                  Metadata:
                      ExportTypeIdentity = Microsoft.VisualStudio.Composition.Tests.ThreadSafetyTests+PartWithBlockingImportPropertySetter
+                     System.ComponentModel.Composition.CreationPolicy = Shared
          ExportingMembers:
          ImportingMembers:
              ImportDefinition:
                  ContractName: Microsoft.VisualStudio.Composition.Tests.ThreadSafetyTests+PartThatImportsPartWithBlockingImportPropertySetter
                  Cardinality: ExactlyOne
                  Metadata:
                  ExportFactorySharingBoundaries: 
                  ExportConstraints: 
                      ExportTypeIdentityConstraint
                          TypeIdentityName: Microsoft.VisualStudio.Composition.Tests.ThreadSafetyTests+PartThatImportsPartWithBlockingImportPropertySetter
              ComposablePartType: Microsoft.VisualStudio.Composition.Tests.ThreadSafetyTests+PartWithBlockingImportPropertySetter
              ImportingMember: PartThatImportsPartWithBlockingImportPropertySetter OtherPartThatImportsThis
              ParameterInfo: 
              ImportingSiteType: Microsoft.VisualStudio.Composition.Tests.ThreadSafetyTests+PartThatImportsPartWithBlockingImportPropertySetter
          ImportingConstructor:
      Part
          Type: Microsoft.VisualStudio.Composition.Tests.ThreadSafetyTests+PartThatImportsPartWithBlockingImportPropertySetter
+         Part metadata:
+             SharingBoundary = 
          SharingBoundary: 
-         IsSharingBoundaryInferred: True
-         CreationPolicy: Any
+         IsSharingBoundaryInferred: False
+         CreationPolicy: Shared
          OnImportsSatisfied: &lt;null&gt;
          ExportedTypes:
              ExportDefinition
                  ContractName: Microsoft.VisualStudio.Composition.Tests.ThreadSafetyTests+PartThatImportsPartWithBlockingImportPropertySetter
                  Metadata:
                      ExportTypeIdentity = Microsoft.VisualStudio.Composition.Tests.ThreadSafetyTests+PartThatImportsPartWithBlockingImportPropertySetter
+                     System.ComponentModel.Composition.CreationPolicy = Shared
          ExportingMembers:
          ImportingMembers:
              ImportDefinition:
                  ContractName: Microsoft.VisualStudio.Composition.Tests.ThreadSafetyTests+PartWithBlockingImportPropertySetter
                  Cardinality: ExactlyOne
                  Metadata:
                  ExportFactorySharingBoundaries: 
                  ExportConstraints: 
                      ExportTypeIdentityConstraint
                          TypeIdentityName: Microsoft.VisualStudio.Composition.Tests.ThreadSafetyTests+PartWithBlockingImportPropertySetter
              ComposablePartType: Microsoft.VisualStudio.Composition.Tests.ThreadSafetyTests+PartThatImportsPartWithBlockingImportPropertySetter
              ImportingMember: PartWithBlockingImportPropertySetter PartWithBlockingImport
              ParameterInfo: 
              ImportingSiteType: Microsoft.VisualStudio.Composition.Tests.ThreadSafetyTests+PartWithBlockingImportPropertySetter
          ImportingConstructor:
      Part
          Type: Microsoft.VisualStudio.Composition.Tests.ThreadSafetyTests+PartWithBlockableOnImportsSatisfied
-         SharingBoundary: 
-         IsSharingBoundaryInferred: True
-         CreationPolicy: Any
+         SharingBoundary: &lt;null&gt;
+         IsSharingBoundaryInferred: False
+         CreationPolicy: NonShared
          OnImportsSatisfied: Void OnImportsSatisfied()
          ExportedTypes:
              ExportDefinition
                  ContractName: Microsoft.VisualStudio.Composition.Tests.ThreadSafetyTests+PartWithBlockableOnImportsSatisfied
                  Metadata:
                      ExportTypeIdentity = Microsoft.VisualStudio.Composition.Tests.ThreadSafetyTests+PartWithBlockableOnImportsSatisfied
+                     System.ComponentModel.Composition.CreationPolicy = NonShared
          ExportingMembers:
          ImportingMembers:
          ImportingConstructor:
      Part
          Type: Microsoft.VisualStudio.Composition.Tests.ThreadSafetyTests+CircularDependencySharedPart1
+         Part metadata:
+             SharingBoundary = 
          SharingBoundary: 
-         IsSharingBoundaryInferred: True
-         CreationPolicy: Any
+         IsSharingBoundaryInferred: False
+         CreationPolicy: Shared
          OnImportsSatisfied: Void OnImportsSatisfied()
          ExportedTypes:
              ExportDefinition
                  ContractName: Microsoft.VisualStudio.Composition.Tests.ThreadSafetyTests+CircularDependencySharedPart1
                  Metadata:
                      ExportTypeIdentity = Microsoft.VisualStudio.Composition.Tests.ThreadSafetyTests+CircularDependencySharedPart1
+                     System.ComponentModel.Composition.CreationPolicy = Shared
          ExportingMembers:
          ImportingMembers:
              ImportDefinition:
                  ContractName: System.Object
                  Cardinality: ZeroOrMore
                  Metadata:
                  ExportFactorySharingBoundaries: 
                  ExportConstraints: 
              ComposablePartType: Microsoft.VisualStudio.Composition.Tests.ThreadSafetyTests+CircularDependencySharedPart1
              ImportingMember: System.Object[] DummyImporter
              ParameterInfo: 
              ImportingSiteType: System.Object[]
              ImportDefinition:
                  ContractName: Microsoft.VisualStudio.Composition.Tests.ThreadSafetyTests+CircularDependencySharedPart2
                  Cardinality: ExactlyOne
                  Metadata:
                  ExportFactorySharingBoundaries: 
                  ExportConstraints: 
                      ExportTypeIdentityConstraint
                          TypeIdentityName: Microsoft.VisualStudio.Composition.Tests.ThreadSafetyTests+CircularDependencySharedPart2
              ComposablePartType: Microsoft.VisualStudio.Composition.Tests.ThreadSafetyTests+CircularDependencySharedPart1
              ImportingMember: CircularDependencySharedPart2 Part2
              ParameterInfo: 
              ImportingSiteType: Microsoft.VisualStudio.Composition.Tests.ThreadSafetyTests+CircularDependencySharedPart2
          ImportingConstructor:
      Part
          Type: Microsoft.VisualStudio.Composition.Tests.ThreadSafetyTests+CircularDependencySharedPart2
+         Part metadata:
+             SharingBoundary = 
          SharingBoundary: 
-         IsSharingBoundaryInferred: True
-         CreationPolicy: Any
+         IsSharingBoundaryInferred: False
+         CreationPolicy: Shared
          OnImportsSatisfied: Void OnImportsSatisfied()
          ExportedTypes:
              ExportDefinition
                  ContractName: Microsoft.VisualStudio.Composition.Tests.ThreadSafetyTests+CircularDependencySharedPart2
                  Metadata:
                      ExportTypeIdentity = Microsoft.VisualStudio.Composition.Tests.ThreadSafetyTests+CircularDependencySharedPart2
+                     System.ComponentModel.Composition.CreationPolicy = Shared
          ExportingMembers:
          ImportingMembers:
              ImportDefinition:
                  ContractName: System.Object
                  Cardinality: ZeroOrMore
                  Metadata:
                  ExportFactorySharingBoundaries: 
                  ExportConstraints: 
              ComposablePartType: Microsoft.VisualStudio.Composition.Tests.ThreadSafetyTests+CircularDependencySharedPart2
              ImportingMember: System.Object[] DummyImporter
              ParameterInfo: 
              ImportingSiteType: System.Object[]
              ImportDefinition:
                  ContractName: Microsoft.VisualStudio.Composition.Tests.ThreadSafetyTests+CircularDependencySharedPart1
                  Cardinality: ExactlyOne
                  Metadata:
                  ExportFactorySharingBoundaries: 
                  ExportConstraints: 
                      ExportTypeIdentityConstraint
                          TypeIdentityName: Microsoft.VisualStudio.Composition.Tests.ThreadSafetyTests+CircularDependencySharedPart1
              ComposablePartType: Microsoft.VisualStudio.Composition.Tests.ThreadSafetyTests+CircularDependencySharedPart2
              ImportingMember: CircularDependencySharedPart1 Part1
              ParameterInfo: 
              ImportingSiteType: Microsoft.VisualStudio.Composition.Tests.ThreadSafetyTests+CircularDependencySharedPart1
          ImportingConstructor:
      Part
          Type: Microsoft.VisualStudio.Composition.Tests.ThreadSafetyTests+PartThatImportsPartWithOwnImports
+         Part metadata:
+             SharingBoundary = 
          SharingBoundary: 
-         IsSharingBoundaryInferred: True
-         CreationPolicy: Any
+         IsSharingBoundaryInferred: False
+         CreationPolicy: Shared
          OnImportsSatisfied: &lt;null&gt;
          ExportedTypes:
              ExportDefinition
                  ContractName: Microsoft.VisualStudio.Composition.Tests.ThreadSafetyTests+PartThatImportsPartWithOwnImports
                  Metadata:
                      ExportTypeIdentity = Microsoft.VisualStudio.Composition.Tests.ThreadSafetyTests+PartThatImportsPartWithOwnImports
+                     System.ComponentModel.Composition.CreationPolicy = Shared
          ExportingMembers:
          ImportingMembers:
          ImportingConstructor:
              ImportDefinition:
                  ContractName: Microsoft.VisualStudio.Composition.Tests.ThreadSafetyTests+PartThatImportsRandomExport
                  Cardinality: ExactlyOne
                  Metadata:
                  ExportFactorySharingBoundaries: 
                  ExportConstraints: 
                      ExportTypeIdentityConstraint
                          TypeIdentityName: Microsoft.VisualStudio.Composition.Tests.ThreadSafetyTests+PartThatImportsRandomExport
              ComposablePartType: Microsoft.VisualStudio.Composition.Tests.ThreadSafetyTests+PartThatImportsPartWithOwnImports
              ImportingMember: 
              ParameterInfo: PartThatImportsRandomExport export
              ImportingSiteType: Microsoft.VisualStudio.Composition.Tests.ThreadSafetyTests+PartThatImportsRandomExport
      Part
          Type: Microsoft.VisualStudio.Composition.Tests.ThreadSafetyTests+PartThatImportsRandomExport
+         Part metadata:
+             SharingBoundary = 
          SharingBoundary: 
-         IsSharingBoundaryInferred: True
-         CreationPolicy: Any
+         IsSharingBoundaryInferred: False
+         CreationPolicy: Shared
          OnImportsSatisfied: &lt;null&gt;
          ExportedTypes:
              ExportDefinition
                  ContractName: Microsoft.VisualStudio.Composition.Tests.ThreadSafetyTests+PartThatImportsRandomExport
                  Metadata:
                      ExportTypeIdentity = Microsoft.VisualStudio.Composition.Tests.ThreadSafetyTests+PartThatImportsRandomExport
+                     System.ComponentModel.Composition.CreationPolicy = Shared
          ExportingMembers:
          ImportingMembers:
              ImportDefinition:
                  ContractName: Microsoft.VisualStudio.Composition.Tests.ThreadSafetyTests+RandomExport
                  Cardinality: ExactlyOne
                  Metadata:
                  ExportFactorySharingBoundaries: 
                  ExportConstraints: 
                      ExportTypeIdentityConstraint
                          TypeIdentityName: Microsoft.VisualStudio.Composition.Tests.ThreadSafetyTests+RandomExport
              ComposablePartType: Microsoft.VisualStudio.Composition.Tests.ThreadSafetyTests+PartThatImportsRandomExport
              ImportingMember: RandomExport RandomExport
              ParameterInfo: 
              ImportingSiteType: Microsoft.VisualStudio.Composition.Tests.ThreadSafetyTests+RandomExport
          ImportingConstructor:
      Part
          Type: Microsoft.VisualStudio.Composition.Tests.ThreadSafetyTests+RandomExport
+         Part metadata:
+             SharingBoundary = 
          SharingBoundary: 
-         IsSharingBoundaryInferred: True
-         CreationPolicy: Any
+         IsSharingBoundaryInferred: False
+         CreationPolicy: Shared
          OnImportsSatisfied: &lt;null&gt;
          ExportedTypes:
              ExportDefinition
                  ContractName: Microsoft.VisualStudio.Composition.Tests.ThreadSafetyTests+RandomExport
                  Metadata:
                      ExportTypeIdentity = Microsoft.VisualStudio.Composition.Tests.ThreadSafetyTests+RandomExport
+                     System.ComponentModel.Composition.CreationPolicy = Shared
+         ExportingMembers:
+         ImportingMembers:
+         ImportingConstructor:
+     Part
+         Type: Microsoft.VisualStudio.Composition.Tests.ThreadSafetyTests+ParentExport
+         Part metadata:
+             SharingBoundary = 
+         SharingBoundary: 
+         IsSharingBoundaryInferred: False
+         CreationPolicy: Shared
+         OnImportsSatisfied: &lt;null&gt;
+         ExportedTypes:
+             ExportDefinition
+                 ContractName: Microsoft.VisualStudio.Composition.Tests.ThreadSafetyTests+ParentExport
+                 Metadata:
+                     ExportTypeIdentity = Microsoft.VisualStudio.Composition.Tests.ThreadSafetyTests+ParentExport
+                     System.ComponentModel.Composition.CreationPolicy = Shared
+         ExportingMembers:
+         ImportingMembers:
+             ImportDefinition:
+                 ContractName: Microsoft.VisualStudio.Composition.Tests.ThreadSafetyTests+ChildExport
+                 Cardinality: ExactlyOne
+                 Metadata:
+                 ExportFactorySharingBoundaries: ChildBoundary
+                 ExportConstraints: 
+                     ExportTypeIdentityConstraint
+                         TypeIdentityName: Microsoft.VisualStudio.Composition.Tests.ThreadSafetyTests+ChildExport
+             ComposablePartType: Microsoft.VisualStudio.Composition.Tests.ThreadSafetyTests+ParentExport
+             ImportingMember: System.Composition.ExportFactory`1[Microsoft.VisualStudio.Composition.Tests.ThreadSafetyTests+ChildExport] ChildFactory
+             ParameterInfo: 
+             ImportingSiteType: System.Composition.ExportFactory`1[Microsoft.VisualStudio.Composition.Tests.ThreadSafetyTests+ChildExport]
+         ImportingConstructor:
+     Part
+         Type: Microsoft.VisualStudio.Composition.Tests.ThreadSafetyTests+ChildSiblingExport
+         Part metadata:
+             SharingBoundary = ChildBoundary
+         SharingBoundary: ChildBoundary
+         IsSharingBoundaryInferred: False
+         CreationPolicy: Shared
+         OnImportsSatisfied: &lt;null&gt;
+         ExportedTypes:
+             ExportDefinition
+                 ContractName: Microsoft.VisualStudio.Composition.Tests.ThreadSafetyTests+ChildSiblingExport
+                 Metadata:
+                     ExportTypeIdentity = Microsoft.VisualStudio.Composition.Tests.ThreadSafetyTests+ChildSiblingExport
+                     System.ComponentModel.Composition.CreationPolicy = Shared
+         ExportingMembers:
+         ImportingMembers:
+         ImportingConstructor:
+     Part
+         Type: Microsoft.VisualStudio.Composition.Tests.ThreadSafetyTests+ChildExport
+         Part metadata:
+             SharingBoundary = ChildBoundary
+         SharingBoundary: ChildBoundary
+         IsSharingBoundaryInferred: False
+         CreationPolicy: Shared
+         OnImportsSatisfied: &lt;null&gt;
+         ExportedTypes:
+             ExportDefinition
+                 ContractName: Microsoft.VisualStudio.Composition.Tests.ThreadSafetyTests+ChildExport
+                 Metadata:
+                     ExportTypeIdentity = Microsoft.VisualStudio.Composition.Tests.ThreadSafetyTests+ChildExport
+                     System.ComponentModel.Composition.CreationPolicy = Shared
+         ExportingMembers:
+         ImportingMembers:
+             ImportDefinition:
+                 ContractName: Microsoft.VisualStudio.Composition.Tests.ThreadSafetyTests+GrandchildExport
+                 Cardinality: ExactlyOne
+                 Metadata:
+                 ExportFactorySharingBoundaries: GrandchildBoundary
+                 ExportConstraints: 
+                     ExportTypeIdentityConstraint
+                         TypeIdentityName: Microsoft.VisualStudio.Composition.Tests.ThreadSafetyTests+GrandchildExport
+             ComposablePartType: Microsoft.VisualStudio.Composition.Tests.ThreadSafetyTests+ChildExport
+             ImportingMember: System.Composition.ExportFactory`1[Microsoft.VisualStudio.Composition.Tests.ThreadSafetyTests+GrandchildExport] GrandchildFactory
+             ParameterInfo: 
+             ImportingSiteType: System.Composition.ExportFactory`1[Microsoft.VisualStudio.Composition.Tests.ThreadSafetyTests+GrandchildExport]
+         ImportingConstructor:
+     Part
+         Type: Microsoft.VisualStudio.Composition.Tests.ThreadSafetyTests+GrandchildExport
+         Part metadata:
+             SharingBoundary = GrandchildBoundary
+         SharingBoundary: GrandchildBoundary
+         IsSharingBoundaryInferred: False
+         CreationPolicy: Shared
+         OnImportsSatisfied: &lt;null&gt;
+         ExportedTypes:
+             ExportDefinition
+                 ContractName: Microsoft.VisualStudio.Composition.Tests.ThreadSafetyTests+GrandchildExport
+                 Metadata:
+                     ExportTypeIdentity = Microsoft.VisualStudio.Composition.Tests.ThreadSafetyTests+GrandchildExport
+                     System.ComponentModel.Composition.CreationPolicy = Shared
+         ExportingMembers:
+         ImportingMembers:
+             ImportDefinition:
+                 ContractName: Microsoft.VisualStudio.Composition.Tests.ThreadSafetyTests+ChildSiblingExport
+                 Cardinality: ExactlyOne
+                 Metadata:
+                 ExportFactorySharingBoundaries: 
+                 ExportConstraints: 
+                     ExportTypeIdentityConstraint
+                         TypeIdentityName: Microsoft.VisualStudio.Composition.Tests.ThreadSafetyTests+ChildSiblingExport
+             ComposablePartType: Microsoft.VisualStudio.Composition.Tests.ThreadSafetyTests+GrandchildExport
+             ImportingMember: ChildSiblingExport Export
+             ParameterInfo: 
+             ImportingSiteType: Microsoft.VisualStudio.Composition.Tests.ThreadSafetyTests+ChildSiblingExport
+         ImportingConstructor:
+     Part
+         Type: Microsoft.VisualStudio.Composition.Tests.ThreadSafetyTests+RootPartWithScopeFactory
+         SharingBoundary: &lt;null&gt;
+         IsSharingBoundaryInferred: False
+         CreationPolicy: NonShared
+         OnImportsSatisfied: &lt;null&gt;
+         ExportedTypes:
+             ExportDefinition
+                 ContractName: Microsoft.VisualStudio.Composition.Tests.ThreadSafetyTests+RootPartWithScopeFactory
+                 Metadata:
+                     ExportTypeIdentity = Microsoft.VisualStudio.Composition.Tests.ThreadSafetyTests+RootPartWithScopeFactory
+                     System.ComponentModel.Composition.CreationPolicy = NonShared
+         ExportingMembers:
+         ImportingMembers:
+             ImportDefinition:
+                 ContractName: Microsoft.VisualStudio.Composition.Tests.ThreadSafetyTests+SubscopeSharedPartWithFactory
+                 Cardinality: ExactlyOne
+                 Metadata:
+                 ExportFactorySharingBoundaries: Subscope
+                 ExportConstraints: 
+                     ExportTypeIdentityConstraint
+                         TypeIdentityName: Microsoft.VisualStudio.Composition.Tests.ThreadSafetyTests+SubscopeSharedPartWithFactory
+             ComposablePartType: Microsoft.VisualStudio.Composition.Tests.ThreadSafetyTests+RootPartWithScopeFactory
+             ImportingMember: System.Composition.ExportFactory`1[Microsoft.VisualStudio.Composition.Tests.ThreadSafetyTests+SubscopeSharedPartWithFactory] ScopeFactory
+             ParameterInfo: 
+             ImportingSiteType: System.Composition.ExportFactory`1[Microsoft.VisualStudio.Composition.Tests.ThreadSafetyTests+SubscopeSharedPartWithFactory]
+         ImportingConstructor:
+     Part
+         Type: Microsoft.VisualStudio.Composition.Tests.ThreadSafetyTests+SubscopeSharedPartWithFactory
+         Part metadata:
+             SharingBoundary = Subscope
+         SharingBoundary: Subscope
+         IsSharingBoundaryInferred: False
+         CreationPolicy: Shared
+         OnImportsSatisfied: &lt;null&gt;
+         ExportedTypes:
+             ExportDefinition
+                 ContractName: Microsoft.VisualStudio.Composition.Tests.ThreadSafetyTests+SubscopeSharedPartWithFactory
+                 Metadata:
+                     ExportTypeIdentity = Microsoft.VisualStudio.Composition.Tests.ThreadSafetyTests+SubscopeSharedPartWithFactory
+                     System.ComponentModel.Composition.CreationPolicy = Shared
+         ExportingMembers:
+         ImportingMembers:
+             ImportDefinition:
+                 ContractName: Microsoft.VisualStudio.Composition.Tests.ThreadSafetyTests+NonSharedPartThatLazilyImportsSharedPart
+                 Cardinality: ExactlyOne
+                 Metadata:
+                 ExportFactorySharingBoundaries: 
+                 ExportConstraints: 
+                     ExportTypeIdentityConstraint
+                         TypeIdentityName: Microsoft.VisualStudio.Composition.Tests.ThreadSafetyTests+NonSharedPartThatLazilyImportsSharedPart
+             ComposablePartType: Microsoft.VisualStudio.Composition.Tests.ThreadSafetyTests+SubscopeSharedPartWithFactory
+             ImportingMember: System.Composition.ExportFactory`1[Microsoft.VisualStudio.Composition.Tests.ThreadSafetyTests+NonSharedPartThatLazilyImportsSharedPart] LazyImportingPartFactory
+             ParameterInfo: 
+             ImportingSiteType: System.Composition.ExportFactory`1[Microsoft.VisualStudio.Composition.Tests.ThreadSafetyTests+NonSharedPartThatLazilyImportsSharedPart]
+         ImportingConstructor:
+     Part
+         Type: Microsoft.VisualStudio.Composition.Tests.ThreadSafetyTests+NonSharedPartThatLazilyImportsSharedPart
+         SharingBoundary: &lt;null&gt;
+         IsSharingBoundaryInferred: False
+         CreationPolicy: NonShared
+         OnImportsSatisfied: &lt;null&gt;
+         ExportedTypes:
+             ExportDefinition
+                 ContractName: Microsoft.VisualStudio.Composition.Tests.ThreadSafetyTests+NonSharedPartThatLazilyImportsSharedPart
+                 Metadata:
+                     ExportTypeIdentity = Microsoft.VisualStudio.Composition.Tests.ThreadSafetyTests+NonSharedPartThatLazilyImportsSharedPart
+                     System.ComponentModel.Composition.CreationPolicy = NonShared
+         ExportingMembers:
+         ImportingMembers:
+             ImportDefinition:
+                 ContractName: Microsoft.VisualStudio.Composition.Tests.ThreadSafetyTests+SharedSubscopePart
+                 Cardinality: ExactlyOne
+                 Metadata:
+                 ExportFactorySharingBoundaries: 
+                 ExportConstraints: 
+                     ExportTypeIdentityConstraint
+                         TypeIdentityName: Microsoft.VisualStudio.Composition.Tests.ThreadSafetyTests+SharedSubscopePart
+             ComposablePartType: Microsoft.VisualStudio.Composition.Tests.ThreadSafetyTests+NonSharedPartThatLazilyImportsSharedPart
+             ImportingMember: System.Lazy`1[Microsoft.VisualStudio.Composition.Tests.ThreadSafetyTests+SharedSubscopePart] SharedPart
+             ParameterInfo: 
+             ImportingSiteType: System.Lazy`1[Microsoft.VisualStudio.Composition.Tests.ThreadSafetyTests+SharedSubscopePart]
+         ImportingConstructor:
+     Part
+         Type: Microsoft.VisualStudio.Composition.Tests.ThreadSafetyTests+SharedSubscopePart
+         Part metadata:
+             SharingBoundary = Subscope
+         SharingBoundary: Subscope
+         IsSharingBoundaryInferred: False
+         CreationPolicy: Shared
+         OnImportsSatisfied: &lt;null&gt;
+         ExportedTypes:
+             ExportDefinition
+                 ContractName: Microsoft.VisualStudio.Composition.Tests.ThreadSafetyTests+SharedSubscopePart
+                 Metadata:
+                     ExportTypeIdentity = Microsoft.VisualStudio.Composition.Tests.ThreadSafetyTests+SharedSubscopePart
+                     System.ComponentModel.Composition.CreationPolicy = Shared
          ExportingMembers:
          ImportingMembers:
          ImportingConstructor:</StdOut>
      </Output>
    </UnitTestResult>
    <UnitTestResult executionId="9d87c309-a4a3-49e9-9c87-df4496cd152a" testId="738ce613-43ba-4134-b4d6-3a15ef8d2b37" testName="V3 engine (runtime)" computerName="DDBLD061B" duration="00:00:00.1970000" startTime="2015-04-27T07:09:28.3733150-07:00" endTime="2015-04-27T07:09:28.3733150-07:00" testType="13cdc9d9-ddb5-4fa4-a97d-d965ccfc6d4b" outcome="Passed" testListId="8c84fa94-04c1-424b-9868-57a2d4851a1d" relativeResultsDirectory="9d87c309-a4a3-49e9-9c87-df4496cd152a" />
    <UnitTestResult executionId="a228bb18-65be-4c2e-9fd1-0af51e3cd80a" testId="1e6efea7-6c51-4482-8c62-0cc6bcf62b31" testName="V3 engine (runtime)" computerName="DDBLD061B" duration="00:00:00.1960000" startTime="2015-04-27T07:09:28.3733150-07:00" endTime="2015-04-27T07:09:28.3733150-07:00" testType="13cdc9d9-ddb5-4fa4-a97d-d965ccfc6d4b" outcome="Passed" testListId="8c84fa94-04c1-424b-9868-57a2d4851a1d" relativeResultsDirectory="a228bb18-65be-4c2e-9fd1-0af51e3cd80a" />
  </Results>
  <TestDefinitions>
    <UnitTest name="V1" storage="f:\vnext1\b25bab26\vsideproj.mef\bin\release\nonshipping\microsoft.visualstudio.composition.tests.dll" id="aba2fb0b-419a-4914-880f-88f9e78deda6">
      <Execution id="a7d8dedd-2342-479f-966e-7ea60af7cb2d" />
      <TestMethod codeBase="f:\vnext1\b25bab26\VSIDEProj.MEF\bin\Release\NonShipping\Microsoft.VisualStudio.Composition.Tests.dll" adapterTypeName="Microsoft.VisualStudio.TestTools.TestTypes.Unit.UnitTestAdapter" className="Microsoft.VisualStudio.Composition.Tests.MixedGenericExportsTests" name="V1" />
    </UnitTest>
    <UnitTest name="V1" storage="f:\vnext1\b25bab26\vsideproj.mef\bin\release\nonshipping\microsoft.visualstudio.composition.tests.dll" id="134f8a33-7aba-4d1d-b697-ed1e2b090f0f">
      <Execution id="c64d3461-ccac-4567-bc86-de6f29595257" />
      <TestMethod codeBase="f:\vnext1\b25bab26\VSIDEProj.MEF\bin\Release\NonShipping\Microsoft.VisualStudio.Composition.Tests.dll" adapterTypeName="Microsoft.VisualStudio.TestTools.TestTypes.Unit.UnitTestAdapter" className="Microsoft.VisualStudio.Composition.Tests.ImportSiteCreationPolicyTests" name="V1" />
    </UnitTest>
    <UnitTest name="V2" storage="f:\vnext1\b25bab26\vsideproj.mef\bin\release\nonshipping\microsoft.visualstudio.composition.tests.dll" id="92109f0c-dc76-47f2-8a05-2c0dabc81083">
      <Execution id="3bc310f3-c3b8-4d79-ad93-01e34a089886" />
      <TestMethod codeBase="f:\vnext1\b25bab26\VSIDEProj.MEF\bin\Release\NonShipping\Microsoft.VisualStudio.Composition.Tests.dll" adapterTypeName="Microsoft.VisualStudio.TestTools.TestTypes.Unit.UnitTestAdapter" className="Microsoft.VisualStudio.Composition.Tests.SharingBoundaryTwoPathsToPartTests" name="V2" />
    </UnitTest>
    <UnitTest name="V2" storage="f:\vnext1\b25bab26\vsideproj.mef\bin\release\nonshipping\microsoft.visualstudio.composition.tests.dll" id="83dc89b0-340a-41a5-a0c1-cbd86c610f08">
      <Execution id="d2c5f706-ef99-43e1-a282-c04afa7246a6" />
      <TestMethod codeBase="f:\vnext1\b25bab26\VSIDEProj.MEF\bin\Release\NonShipping\Microsoft.VisualStudio.Composition.Tests.dll" adapterTypeName="Microsoft.VisualStudio.TestTools.TestTypes.Unit.UnitTestAdapter" className="Microsoft.VisualStudio.Composition.Tests.MixedGenericExportsTests" name="V2" />
    </UnitTest>
    <UnitTest name="V2" storage="f:\vnext1\b25bab26\vsideproj.mef\bin\release\nonshipping\microsoft.visualstudio.composition.tests.dll" id="1acf7c91-30f6-4ff1-9341-93d93c116db9">
      <Execution id="fcc71934-d2ac-408c-bd9c-e4d475445ac6" />
      <TestMethod codeBase="f:\vnext1\b25bab26\VSIDEProj.MEF\bin\Release\NonShipping\Microsoft.VisualStudio.Composition.Tests.dll" adapterTypeName="Microsoft.VisualStudio.TestTools.TestTypes.Unit.UnitTestAdapter" className="Microsoft.VisualStudio.Composition.Tests.SharingBoundaryWithNestedBoundaryFactoryTests" name="V2" />
    </UnitTest>
    <UnitTest name="As" storage="f:\vnext1\b25bab26\vsideproj.mef\bin\release\nonshipping\microsoft.visualstudio.composition.tests.dll" id="04e60502-56a3-43c8-98c2-1e6888bc54fd">
      <Execution id="0a547a1f-4fcf-471f-bd42-af99363139ef" />
      <TestMethod codeBase="f:\vnext1\b25bab26\VSIDEProj.MEF\bin\Release\NonShipping\Microsoft.VisualStudio.Composition.Tests.dll" adapterTypeName="Microsoft.VisualStudio.TestTools.TestTypes.Unit.UnitTestAdapter" className="Microsoft.VisualStudio.Composition.Tests.DelegateServicesTests" name="As" />
    </UnitTest>
    <UnitTest name="FromValue" storage="f:\vnext1\b25bab26\vsideproj.mef\bin\release\nonshipping\microsoft.visualstudio.composition.tests.dll" id="4222e116-5d29-4564-98a5-85c062ab06dc">
      <Execution id="97eab464-64c8-4d2d-9568-5a7e7504013d" />
      <TestMethod codeBase="f:\vnext1\b25bab26\VSIDEProj.MEF\bin\Release\NonShipping\Microsoft.VisualStudio.Composition.Tests.dll" adapterTypeName="Microsoft.VisualStudio.TestTools.TestTypes.Unit.UnitTestAdapter" className="Microsoft.VisualStudio.Composition.Tests.DelegateServicesTests" name="FromValue" />
    </UnitTest>
    <UnitTest name="V1" storage="f:\vnext1\b25bab26\vsideproj.mef\bin\release\nonshipping\microsoft.visualstudio.composition.tests.dll" id="d1663bea-23e1-47da-bd21-c34a68cc0834">
      <Execution id="43822672-e554-45d7-b8a3-b81b8b6dae5d" />
      <TestMethod codeBase="f:\vnext1\b25bab26\VSIDEProj.MEF\bin\Release\NonShipping\Microsoft.VisualStudio.Composition.Tests.dll" adapterTypeName="Microsoft.VisualStudio.TestTools.TestTypes.Unit.UnitTestAdapter" className="Microsoft.VisualStudio.Composition.Tests.NestedTypeTests" name="V1" />
    </UnitTest>
    <UnitTest name="V1" storage="f:\vnext1\b25bab26\vsideproj.mef\bin\release\nonshipping\microsoft.visualstudio.composition.tests.dll" id="80baf119-fb33-406d-859c-1e4bae4c7b47">
      <Execution id="8b54e780-6d3f-4854-a7ee-c6e3e89f87c5" />
      <TestMethod codeBase="f:\vnext1\b25bab26\VSIDEProj.MEF\bin\Release\NonShipping\Microsoft.VisualStudio.Composition.Tests.dll" adapterTypeName="Microsoft.VisualStudio.TestTools.TestTypes.Unit.UnitTestAdapter" className="Microsoft.VisualStudio.Composition.Tests.NamedTypedExportTests" name="V1" />
    </UnitTest>
    <UnitTest name="V2" storage="f:\vnext1\b25bab26\vsideproj.mef\bin\release\nonshipping\microsoft.visualstudio.composition.tests.dll" id="885d9c10-4a57-4cbb-ab08-6cfe16dfe265">
      <Execution id="5207fc7d-95e3-43e9-b300-2c06ec6960b0" />
      <TestMethod codeBase="f:\vnext1\b25bab26\VSIDEProj.MEF\bin\Release\NonShipping\Microsoft.VisualStudio.Composition.Tests.dll" adapterTypeName="Microsoft.VisualStudio.TestTools.TestTypes.Unit.UnitTestAdapter" className="Microsoft.VisualStudio.Composition.Tests.ExportFactoryTests" name="V2" />
    </UnitTest>
    <UnitTest name="V1" storage="f:\vnext1\b25bab26\vsideproj.mef\bin\release\nonshipping\microsoft.visualstudio.composition.tests.dll" id="d97a109e-943c-440a-af0f-94954f11eb96">
      <Execution id="117e6845-51f7-4d8d-9c41-294f691e4809" />
      <TestMethod codeBase="f:\vnext1\b25bab26\VSIDEProj.MEF\bin\Release\NonShipping\Microsoft.VisualStudio.Composition.Tests.dll" adapterTypeName="Microsoft.VisualStudio.TestTools.TestTypes.Unit.UnitTestAdapter" className="Microsoft.VisualStudio.Composition.Tests.ExportFactoryTests" name="V1" />
    </UnitTest>
    <UnitTest name="V1" storage="f:\vnext1\b25bab26\vsideproj.mef\bin\release\nonshipping\microsoft.visualstudio.composition.tests.dll" id="e4f1fc70-b8e9-4ad5-ad20-c3119f7f9706">
      <Execution id="11684649-e563-4edc-9f4d-99102a147a05" />
      <TestMethod codeBase="f:\vnext1\b25bab26\VSIDEProj.MEF\bin\Release\NonShipping\Microsoft.VisualStudio.Composition.Tests.dll" adapterTypeName="Microsoft.VisualStudio.TestTools.TestTypes.Unit.UnitTestAdapter" className="Microsoft.VisualStudio.Composition.Tests.ExportMetadataViewNameCollisionTests" name="V1" />
    </UnitTest>
    <UnitTest name="V1" storage="f:\vnext1\b25bab26\vsideproj.mef\bin\release\nonshipping\microsoft.visualstudio.composition.tests.dll" id="0b3726cd-6678-4de7-8b4e-a5539c49e5bd">
      <Execution id="01ddf934-e86c-456a-8466-e78cb597ff77" />
      <TestMethod codeBase="f:\vnext1\b25bab26\VSIDEProj.MEF\bin\Release\NonShipping\Microsoft.VisualStudio.Composition.Tests.dll" adapterTypeName="Microsoft.VisualStudio.TestTools.TestTypes.Unit.UnitTestAdapter" className="Microsoft.VisualStudio.Composition.Tests.SimpleImportExportTests" name="V1" />
    </UnitTest>
    <UnitTest name="V2" storage="f:\vnext1\b25bab26\vsideproj.mef\bin\release\nonshipping\microsoft.visualstudio.composition.tests.dll" id="71aceecb-d725-4626-8f5b-6e3d6528dd14">
      <Execution id="82fd639c-1ba5-4ea5-82b6-43ac6a0835e2" />
      <TestMethod codeBase="f:\vnext1\b25bab26\VSIDEProj.MEF\bin\Release\NonShipping\Microsoft.VisualStudio.Composition.Tests.dll" adapterTypeName="Microsoft.VisualStudio.TestTools.TestTypes.Unit.UnitTestAdapter" className="Microsoft.VisualStudio.Composition.Tests.SimpleImportExportTests" name="V2" />
    </UnitTest>
    <UnitTest name="V1" storage="f:\vnext1\b25bab26\vsideproj.mef\bin\release\nonshipping\microsoft.visualstudio.composition.tests.dll" id="bc8b2cf3-f4d5-4c96-8bda-2ff3ed45b8e8">
      <Execution id="e897538f-e6fb-490d-9135-40948b1f489e" />
      <TestMethod codeBase="f:\vnext1\b25bab26\VSIDEProj.MEF\bin\Release\NonShipping\Microsoft.VisualStudio.Composition.Tests.dll" adapterTypeName="Microsoft.VisualStudio.TestTools.TestTypes.Unit.UnitTestAdapter" className="Microsoft.VisualStudio.Composition.Tests.AmbiguousPartNamesTests" name="V1" />
    </UnitTest>
    <UnitTest name="V2" storage="f:\vnext1\b25bab26\vsideproj.mef\bin\release\nonshipping\microsoft.visualstudio.composition.tests.dll" id="7dae8158-858d-4963-9d15-c5457898b604">
      <Execution id="b6be722e-a2cc-4c0c-bac6-6c1e98f4a6b9" />
      <TestMethod codeBase="f:\vnext1\b25bab26\VSIDEProj.MEF\bin\Release\NonShipping\Microsoft.VisualStudio.Composition.Tests.dll" adapterTypeName="Microsoft.VisualStudio.TestTools.TestTypes.Unit.UnitTestAdapter" className="Microsoft.VisualStudio.Composition.Tests.ExportFactoryOfNonSharedImportingSharingBoundaryTests" name="V2" />
    </UnitTest>
    <UnitTest name="V2" storage="f:\vnext1\b25bab26\vsideproj.mef\bin\release\nonshipping\microsoft.visualstudio.composition.tests.dll" id="c5d54a71-7bc5-4a89-9b5c-37cce50d9047">
      <Execution id="11d7b480-8b7e-43c7-9531-21795b24a6b8" />
      <TestMethod codeBase="f:\vnext1\b25bab26\VSIDEProj.MEF\bin\Release\NonShipping\Microsoft.VisualStudio.Composition.Tests.dll" adapterTypeName="Microsoft.VisualStudio.TestTools.TestTypes.Unit.UnitTestAdapter" className="Microsoft.VisualStudio.Composition.Tests.AmbiguousPartNamesTests" name="V2" />
    </UnitTest>
    <UnitTest name="V1" storage="f:\vnext1\b25bab26\vsideproj.mef\bin\release\nonshipping\microsoft.visualstudio.composition.tests.dll" id="ffa50db9-df7b-483c-95cf-c03455fed013">
      <Execution id="627a52e3-34db-4856-8054-43ae9c0e265c" />
      <TestMethod codeBase="f:\vnext1\b25bab26\VSIDEProj.MEF\bin\Release\NonShipping\Microsoft.VisualStudio.Composition.Tests.dll" adapterTypeName="Microsoft.VisualStudio.TestTools.TestTypes.Unit.UnitTestAdapter" className="Microsoft.VisualStudio.Composition.Tests.RejectionTests" name="V1" />
    </UnitTest>
    <UnitTest name="V2" storage="f:\vnext1\b25bab26\vsideproj.mef\bin\release\nonshipping\microsoft.visualstudio.composition.tests.dll" id="1415f51d-c884-4a5e-bda4-406e76399401">
      <Execution id="93a91a6a-d819-4a01-af01-e06ca5e88178" />
      <TestMethod codeBase="f:\vnext1\b25bab26\VSIDEProj.MEF\bin\Release\NonShipping\Microsoft.VisualStudio.Composition.Tests.dll" adapterTypeName="Microsoft.VisualStudio.TestTools.TestTypes.Unit.UnitTestAdapter" className="Microsoft.VisualStudio.Composition.Tests.LazyImportTests" name="V2" />
    </UnitTest>
    <UnitTest name="V1" storage="f:\vnext1\b25bab26\vsideproj.mef\bin\release\nonshipping\microsoft.visualstudio.composition.tests.dll" id="964f3b9a-f7db-4ed2-9c4a-6e73074058db">
      <Execution id="633921d0-1a64-454b-be10-ab76af9807f1" />
      <TestMethod codeBase="f:\vnext1\b25bab26\VSIDEProj.MEF\bin\Release\NonShipping\Microsoft.VisualStudio.Composition.Tests.dll" adapterTypeName="Microsoft.VisualStudio.TestTools.TestTypes.Unit.UnitTestAdapter" className="Microsoft.VisualStudio.Composition.Tests.ExplicitImportIdentityTypeTests" name="V1" />
    </UnitTest>
    <UnitTest name="MissingRequiredImport" storage="f:\vnext1\b25bab26\vsideproj.mef\bin\release\nonshipping\microsoft.visualstudio.composition.tests.dll" id="a9eb4be0-f9c6-42c5-961b-d9f7a1f9b20c">
      <Execution id="f6913999-e9cb-4d67-ba19-a1d364d5d251" />
      <TestMethod codeBase="f:\vnext1\b25bab26\VSIDEProj.MEF\bin\Release\NonShipping\Microsoft.VisualStudio.Composition.Tests.dll" adapterTypeName="Microsoft.VisualStudio.TestTools.TestTypes.Unit.UnitTestAdapter" className="Microsoft.VisualStudio.Composition.Tests.CardinalityMismatchTests" name="MissingRequiredImport" />
    </UnitTest>
    <UnitTest name="V1" storage="f:\vnext1\b25bab26\vsideproj.mef\bin\release\nonshipping\microsoft.visualstudio.composition.tests.dll" id="62f03d0a-03a8-463a-a8d1-f7b69f7f1338">
      <Execution id="f22ff48f-bc12-406b-8b99-cb10938daad4" />
      <TestMethod codeBase="f:\vnext1\b25bab26\VSIDEProj.MEF\bin\Release\NonShipping\Microsoft.VisualStudio.Composition.Tests.dll" adapterTypeName="Microsoft.VisualStudio.TestTools.TestTypes.Unit.UnitTestAdapter" className="Microsoft.VisualStudio.Composition.Tests.ExportMetadataNameCollisionTests" name="V1" />
    </UnitTest>
    <UnitTest name="V2" storage="f:\vnext1\b25bab26\vsideproj.mef\bin\release\nonshipping\microsoft.visualstudio.composition.tests.dll" id="d2af13b6-2081-4e1f-963a-81a623fe6786">
      <Execution id="adeb9097-48e0-4a5a-9721-823d90aa6209" />
      <TestMethod codeBase="f:\vnext1\b25bab26\VSIDEProj.MEF\bin\Release\NonShipping\Microsoft.VisualStudio.Composition.Tests.dll" adapterTypeName="Microsoft.VisualStudio.TestTools.TestTypes.Unit.UnitTestAdapter" className="Microsoft.VisualStudio.Composition.Tests.CardinalityMismatchTests" name="V2" />
    </UnitTest>
    <UnitTest name="V1" storage="f:\vnext1\b25bab26\vsideproj.mef\bin\release\nonshipping\microsoft.visualstudio.composition.tests.dll" id="a71d709e-e996-463d-aadc-2241eb49ccf8">
      <Execution id="37436f0e-8251-4a1e-bcf1-0d3df46bb2c8" />
      <TestMethod codeBase="f:\vnext1\b25bab26\VSIDEProj.MEF\bin\Release\NonShipping\Microsoft.VisualStudio.Composition.Tests.dll" adapterTypeName="Microsoft.VisualStudio.TestTools.TestTypes.Unit.UnitTestAdapter" className="Microsoft.VisualStudio.Composition.Tests.ImportManyTests" name="V1" />
    </UnitTest>
    <UnitTest name="EqualsConsidersMetadataWithArrays" storage="f:\vnext1\b25bab26\vsideproj.mef\bin\release\nonshipping\microsoft.visualstudio.composition.tests.dll" id="1451a16b-0bf4-43ed-a459-910cb463f7c4">
      <Execution id="08386920-4ece-42b1-b04d-229c42e7a213" />
      <TestMethod codeBase="f:\vnext1\b25bab26\VSIDEProj.MEF\bin\Release\NonShipping\Microsoft.VisualStudio.Composition.Tests.dll" adapterTypeName="Microsoft.VisualStudio.TestTools.TestTypes.Unit.UnitTestAdapter" className="Microsoft.VisualStudio.Composition.Tests.ExportDefinitionTests" name="EqualsConsidersMetadataWithArrays" />
    </UnitTest>
    <UnitTest name="V1" storage="f:\vnext1\b25bab26\vsideproj.mef\bin\release\nonshipping\microsoft.visualstudio.composition.tests.dll" id="1af55a62-58ee-4d1a-9c30-4521ceb9b928">
      <Execution id="1aac5509-9138-4a06-aad2-2f85dd549232" />
      <TestMethod codeBase="f:\vnext1\b25bab26\VSIDEProj.MEF\bin\Release\NonShipping\Microsoft.VisualStudio.Composition.Tests.dll" adapterTypeName="Microsoft.VisualStudio.TestTools.TestTypes.Unit.UnitTestAdapter" className="Microsoft.VisualStudio.Composition.Tests.ExportingMembersTests" name="V1" />
    </UnitTest>
    <UnitTest name="V2" storage="f:\vnext1\b25bab26\vsideproj.mef\bin\release\nonshipping\microsoft.visualstudio.composition.tests.dll" id="140b9ba7-ede3-4971-a6b1-e3a4c38b04e5">
      <Execution id="17ee9da9-4186-4c07-ad6d-1c159b1a576e" />
      <TestMethod codeBase="f:\vnext1\b25bab26\VSIDEProj.MEF\bin\Release\NonShipping\Microsoft.VisualStudio.Composition.Tests.dll" adapterTypeName="Microsoft.VisualStudio.TestTools.TestTypes.Unit.UnitTestAdapter" className="Microsoft.VisualStudio.Composition.Tests.CustomMetadataValueTests" name="V2" />
    </UnitTest>
    <UnitTest name="V1" storage="f:\vnext1\b25bab26\vsideproj.mef\bin\release\nonshipping\microsoft.visualstudio.composition.tests.dll" id="6820c66a-2cc9-4df8-b0d6-752c03bc9d0b">
      <Execution id="3056e290-1b81-48e5-ba6a-89b011d9c202" />
      <TestMethod codeBase="f:\vnext1\b25bab26\VSIDEProj.MEF\bin\Release\NonShipping\Microsoft.VisualStudio.Composition.Tests.dll" adapterTypeName="Microsoft.VisualStudio.TestTools.TestTypes.Unit.UnitTestAdapter" className="Microsoft.VisualStudio.Composition.Tests.BaseGenericTypeTests" name="V1" />
    </UnitTest>
    <UnitTest name="V1" storage="f:\vnext1\b25bab26\vsideproj.mef\bin\release\nonshipping\microsoft.visualstudio.composition.tests.dll" id="1f3df6eb-3039-48f6-91d3-e055ab76d6c6">
      <Execution id="59ad60b0-058a-4980-a39a-6bdd3229e15c" />
      <TestMethod codeBase="f:\vnext1\b25bab26\VSIDEProj.MEF\bin\Release\NonShipping\Microsoft.VisualStudio.Composition.Tests.dll" adapterTypeName="Microsoft.VisualStudio.TestTools.TestTypes.Unit.UnitTestAdapter" className="Microsoft.VisualStudio.Composition.Tests.AttributedPartDiscoveryTests" name="V1" />
    </UnitTest>
    <UnitTest name="V2" storage="f:\vnext1\b25bab26\vsideproj.mef\bin\release\nonshipping\microsoft.visualstudio.composition.tests.dll" id="cc0f3ac0-692d-4dcd-ad54-27303aaf7128">
      <Execution id="30bcfec7-39bc-4bd0-9df5-137cd1dec3d2" />
      <TestMethod codeBase="f:\vnext1\b25bab26\VSIDEProj.MEF\bin\Release\NonShipping\Microsoft.VisualStudio.Composition.Tests.dll" adapterTypeName="Microsoft.VisualStudio.TestTools.TestTypes.Unit.UnitTestAdapter" className="Microsoft.VisualStudio.Composition.Tests.AttributedPartDiscoveryTests" name="V2" />
    </UnitTest>
    <UnitTest name="V1" storage="f:\vnext1\b25bab26\vsideproj.mef\bin\release\nonshipping\microsoft.visualstudio.composition.tests.dll" id="52296eda-5d75-436f-803f-6db5c70c59cc">
      <Execution id="d1d23fe1-df21-4128-8764-45d9c525ec02" />
      <TestMethod codeBase="f:\vnext1\b25bab26\VSIDEProj.MEF\bin\Release\NonShipping\Microsoft.VisualStudio.Composition.Tests.dll" adapterTypeName="Microsoft.VisualStudio.TestTools.TestTypes.Unit.UnitTestAdapter" className="Microsoft.VisualStudio.Composition.Tests.CustomMetadataValueTests" name="V1" />
    </UnitTest>
    <UnitTest name="V1" storage="f:\vnext1\b25bab26\vsideproj.mef\bin\release\nonshipping\microsoft.visualstudio.composition.tests.dll" id="2da2a3b9-89ee-4347-bca7-e382bfc8a6a8">
      <Execution id="2a790410-ef10-4ef8-99f3-bb40bd1cfc19" />
      <TestMethod codeBase="f:\vnext1\b25bab26\VSIDEProj.MEF\bin\Release\NonShipping\Microsoft.VisualStudio.Composition.Tests.dll" adapterTypeName="Microsoft.VisualStudio.TestTools.TestTypes.Unit.UnitTestAdapter" className="Microsoft.VisualStudio.Composition.Tests.ExportMetadataTests" name="V1" />
    </UnitTest>
    <UnitTest name="V2" storage="f:\vnext1\b25bab26\vsideproj.mef\bin\release\nonshipping\microsoft.visualstudio.composition.tests.dll" id="2fa5a36e-6c17-4b66-9ce6-98b444edd1eb">
      <Execution id="c145f0de-6c53-42fc-a4e4-0240082af198" />
      <TestMethod codeBase="f:\vnext1\b25bab26\VSIDEProj.MEF\bin\Release\NonShipping\Microsoft.VisualStudio.Composition.Tests.dll" adapterTypeName="Microsoft.VisualStudio.TestTools.TestTypes.Unit.UnitTestAdapter" className="Microsoft.VisualStudio.Composition.Tests.SharedNoBoundaryExportsTests" name="V2" />
    </UnitTest>
    <UnitTest name="EqualsDistinguishesArrays" storage="f:\vnext1\b25bab26\vsideproj.mef\bin\release\nonshipping\microsoft.visualstudio.composition.tests.dll" id="f2488af1-457b-4771-97f2-2422a0beb0b3">
      <Execution id="00514587-8e83-4170-a307-beae38b6a03a" />
      <TestMethod codeBase="f:\vnext1\b25bab26\VSIDEProj.MEF\bin\Release\NonShipping\Microsoft.VisualStudio.Composition.Tests.dll" adapterTypeName="Microsoft.VisualStudio.TestTools.TestTypes.Unit.UnitTestAdapter" className="Microsoft.VisualStudio.Composition.Tests.Reflection.TypeRefTests" name="EqualsDistinguishesArrays" />
    </UnitTest>
    <UnitTest name="V2" storage="f:\vnext1\b25bab26\vsideproj.mef\bin\release\nonshipping\microsoft.visualstudio.composition.tests.dll" id="d34af85c-d8a8-4d10-98a0-8f13a22fe2fd">
      <Execution id="1b081333-e3e8-4c0d-98ed-99b272a8de02" />
      <TestMethod codeBase="f:\vnext1\b25bab26\VSIDEProj.MEF\bin\Release\NonShipping\Microsoft.VisualStudio.Composition.Tests.dll" adapterTypeName="Microsoft.VisualStudio.TestTools.TestTypes.Unit.UnitTestAdapter" className="Microsoft.VisualStudio.Composition.Tests.SharingBoundaryWithNonNestedBoundaryFactoryTests" name="V2" />
    </UnitTest>
    <UnitTest name="V1" storage="f:\vnext1\b25bab26\vsideproj.mef\bin\release\nonshipping\microsoft.visualstudio.composition.tests.dll" id="c72ce569-6378-40ca-bc37-d592b436123c">
      <Execution id="cbe6ba57-d6a0-4735-95c6-1e690b404d2f" />
      <TestMethod codeBase="f:\vnext1\b25bab26\VSIDEProj.MEF\bin\Release\NonShipping\Microsoft.VisualStudio.Composition.Tests.dll" adapterTypeName="Microsoft.VisualStudio.TestTools.TestTypes.Unit.UnitTestAdapter" className="Microsoft.VisualStudio.Composition.Tests.DynamicImportTests" name="V1" />
    </UnitTest>
    <UnitTest name="V1" storage="f:\vnext1\b25bab26\vsideproj.mef\bin\release\nonshipping\microsoft.visualstudio.composition.tests.dll" id="af9f59aa-a541-4710-bef8-1fd7049575e9">
      <Execution id="1f22c88a-9f2a-454c-a062-9791d3f96d16" />
      <TestMethod codeBase="f:\vnext1\b25bab26\VSIDEProj.MEF\bin\Release\NonShipping\Microsoft.VisualStudio.Composition.Tests.dll" adapterTypeName="Microsoft.VisualStudio.TestTools.TestTypes.Unit.UnitTestAdapter" className="Microsoft.VisualStudio.Composition.Tests.ObsoleteAttributeTests" name="V1" />
    </UnitTest>
    <UnitTest name="V1" storage="f:\vnext1\b25bab26\vsideproj.mef\bin\release\nonshipping\microsoft.visualstudio.composition.tests.dll" id="b871d0ed-03f4-4caa-9fed-3181f4612ebf">
      <Execution id="f4529286-279d-460e-bae9-c5cb041d8112" />
      <TestMethod codeBase="f:\vnext1\b25bab26\VSIDEProj.MEF\bin\Release\NonShipping\Microsoft.VisualStudio.Composition.Tests.dll" adapterTypeName="Microsoft.VisualStudio.TestTools.TestTypes.Unit.UnitTestAdapter" className="Microsoft.VisualStudio.Composition.Tests.StaticMemberExportsTests" name="V1" />
    </UnitTest>
    <UnitTest name="V2" storage="f:\vnext1\b25bab26\vsideproj.mef\bin\release\nonshipping\microsoft.visualstudio.composition.tests.dll" id="18880851-0b09-40ba-9014-17cb8806b787">
      <Execution id="ea24c68b-48d0-4fd7-83a4-5f809503398b" />
      <TestMethod codeBase="f:\vnext1\b25bab26\VSIDEProj.MEF\bin\Release\NonShipping\Microsoft.VisualStudio.Composition.Tests.dll" adapterTypeName="Microsoft.VisualStudio.TestTools.TestTypes.Unit.UnitTestAdapter" className="Microsoft.VisualStudio.Composition.Tests.SharingBoundaryAcquiresSharedRootScopeExport" name="V2" />
    </UnitTest>
    <UnitTest name="V1" storage="f:\vnext1\b25bab26\vsideproj.mef\bin\release\nonshipping\microsoft.visualstudio.composition.tests.dll" id="79177cd3-f8bd-468e-a4e6-e98983030682">
      <Execution id="3910c5aa-827d-46d3-9640-b3a001d5ffff" />
      <TestMethod codeBase="f:\vnext1\b25bab26\VSIDEProj.MEF\bin\Release\NonShipping\Microsoft.VisualStudio.Composition.Tests.dll" adapterTypeName="Microsoft.VisualStudio.TestTools.TestTypes.Unit.UnitTestAdapter" className="Microsoft.VisualStudio.Composition.Tests.InvalidGraphTests" name="V1" />
    </UnitTest>
    <UnitTest name="V1" storage="f:\vnext1\b25bab26\vsideproj.mef\bin\release\nonshipping\microsoft.visualstudio.composition.tests.dll" id="8186ebce-647e-4521-b140-b96a98c8113a">
      <Execution id="678b5ed4-52cd-4151-a972-1a106f3272bd" />
      <TestMethod codeBase="f:\vnext1\b25bab26\VSIDEProj.MEF\bin\Release\NonShipping\Microsoft.VisualStudio.Composition.Tests.dll" adapterTypeName="Microsoft.VisualStudio.TestTools.TestTypes.Unit.UnitTestAdapter" className="Microsoft.VisualStudio.Composition.Tests.EmbeddableTypesTests" name="V1" />
    </UnitTest>
    <UnitTest name="V2" storage="f:\vnext1\b25bab26\vsideproj.mef\bin\release\nonshipping\microsoft.visualstudio.composition.tests.dll" id="7f62cc87-bcc8-4c6a-ad69-e9f9c1597a70">
      <Execution id="a1b393ba-1478-4db0-b8b9-9cfa87cb2f1f" />
      <TestMethod codeBase="f:\vnext1\b25bab26\VSIDEProj.MEF\bin\Release\NonShipping\Microsoft.VisualStudio.Composition.Tests.dll" adapterTypeName="Microsoft.VisualStudio.TestTools.TestTypes.Unit.UnitTestAdapter" className="Microsoft.VisualStudio.Composition.Tests.InvalidGraphTests" name="V2" />
    </UnitTest>
    <UnitTest name="V2" storage="f:\vnext1\b25bab26\vsideproj.mef\bin\release\nonshipping\microsoft.visualstudio.composition.tests.dll" id="00213236-8d6c-4c9d-b336-55892feae6ef">
      <Execution id="f7cf26f7-24b9-449e-9bb9-6fa96000abeb" />
      <TestMethod codeBase="f:\vnext1\b25bab26\VSIDEProj.MEF\bin\Release\NonShipping\Microsoft.VisualStudio.Composition.Tests.dll" adapterTypeName="Microsoft.VisualStudio.TestTools.TestTypes.Unit.UnitTestAdapter" className="Microsoft.VisualStudio.Composition.Tests.SharingBoundaryInvalidTests" name="V2" />
    </UnitTest>
    <UnitTest name="V1" storage="f:\vnext1\b25bab26\vsideproj.mef\bin\release\nonshipping\microsoft.visualstudio.composition.tests.dll" id="cd8c0792-024f-4937-9d3c-cd3af6d5fdab">
      <Execution id="bd54c421-2161-4a1a-b92e-335ae6dc0a16" />
      <TestMethod codeBase="f:\vnext1\b25bab26\VSIDEProj.MEF\bin\Release\NonShipping\Microsoft.VisualStudio.Composition.Tests.dll" adapterTypeName="Microsoft.VisualStudio.TestTools.TestTypes.Unit.UnitTestAdapter" className="Microsoft.VisualStudio.Composition.Tests.ExportMetadataNonStringValuesTests" name="V1" />
    </UnitTest>
    <UnitTest name="V2" storage="f:\vnext1\b25bab26\vsideproj.mef\bin\release\nonshipping\microsoft.visualstudio.composition.tests.dll" id="d10b2973-d88d-4c32-b289-4189dae23c21">
      <Execution id="1d6c440a-1873-4872-b25d-4c7ce4aa2d8e" />
      <TestMethod codeBase="f:\vnext1\b25bab26\VSIDEProj.MEF\bin\Release\NonShipping\Microsoft.VisualStudio.Composition.Tests.dll" adapterTypeName="Microsoft.VisualStudio.TestTools.TestTypes.Unit.UnitTestAdapter" className="Microsoft.VisualStudio.Composition.Tests.ImportMetadataConstraintTests" name="V2" />
    </UnitTest>
    <UnitTest name="V1" storage="f:\vnext1\b25bab26\vsideproj.mef\bin\release\nonshipping\microsoft.visualstudio.composition.tests.dll" id="8cb452d3-fb25-4683-a602-5d224f171081">
      <Execution id="2f551efe-9b63-4c6a-a4eb-737e6d2eec2c" />
      <TestMethod codeBase="f:\vnext1\b25bab26\VSIDEProj.MEF\bin\Release\NonShipping\Microsoft.VisualStudio.Composition.Tests.dll" adapterTypeName="Microsoft.VisualStudio.TestTools.TestTypes.Unit.UnitTestAdapter" className="Microsoft.VisualStudio.Composition.Tests.MultipleExportsOnPartTests" name="V1" />
    </UnitTest>
    <UnitTest name="V2" storage="f:\vnext1\b25bab26\vsideproj.mef\bin\release\nonshipping\microsoft.visualstudio.composition.tests.dll" id="238b67a3-2874-413b-a24b-162203d4f319">
      <Execution id="1e93d3d6-56f1-431a-a267-9473bd3a187e" />
      <TestMethod codeBase="f:\vnext1\b25bab26\VSIDEProj.MEF\bin\Release\NonShipping\Microsoft.VisualStudio.Composition.Tests.dll" adapterTypeName="Microsoft.VisualStudio.TestTools.TestTypes.Unit.UnitTestAdapter" className="Microsoft.VisualStudio.Composition.Tests.ExportMetadataNonStringValuesTests" name="V2" />
    </UnitTest>
    <UnitTest name="V2" storage="f:\vnext1\b25bab26\vsideproj.mef\bin\release\nonshipping\microsoft.visualstudio.composition.tests.dll" id="2b265d69-a154-4f4f-94c5-e48fdadf0999">
      <Execution id="ce6c83d5-4c48-423c-a79d-a19b6a6be803" />
      <TestMethod codeBase="f:\vnext1\b25bab26\VSIDEProj.MEF\bin\Release\NonShipping\Microsoft.VisualStudio.Composition.Tests.dll" adapterTypeName="Microsoft.VisualStudio.TestTools.TestTypes.Unit.UnitTestAdapter" className="Microsoft.VisualStudio.Composition.Tests.MultipleExportsOnPartTests" name="V2" />
    </UnitTest>
    <UnitTest name="V1" storage="f:\vnext1\b25bab26\vsideproj.mef\bin\release\nonshipping\microsoft.visualstudio.composition.tests.dll" id="ad6b3aca-a73e-4076-a840-138541557d36">
      <Execution id="9cc4458f-f883-4314-a0f1-9a8548c2a86c" />
      <TestMethod codeBase="f:\vnext1\b25bab26\VSIDEProj.MEF\bin\Release\NonShipping\Microsoft.VisualStudio.Composition.Tests.dll" adapterTypeName="Microsoft.VisualStudio.TestTools.TestTypes.Unit.UnitTestAdapter" className="Microsoft.VisualStudio.Composition.Tests.InheritedExportTests" name="V1" />
    </UnitTest>
    <UnitTest name="V1" storage="f:\vnext1\b25bab26\vsideproj.mef\bin\release\nonshipping\microsoft.visualstudio.composition.tests.dll" id="59e2d5da-8234-402c-a5f3-cb2099533e39">
      <Execution id="932e1ef1-9e2c-4d33-9777-211ddc2f69af" />
      <TestMethod codeBase="f:\vnext1\b25bab26\VSIDEProj.MEF\bin\Release\NonShipping\Microsoft.VisualStudio.Composition.Tests.dll" adapterTypeName="Microsoft.VisualStudio.TestTools.TestTypes.Unit.UnitTestAdapter" className="Microsoft.VisualStudio.Composition.Tests.OpenGenericExportTests" name="V1" />
    </UnitTest>
    <UnitTest name="V2" storage="f:\vnext1\b25bab26\vsideproj.mef\bin\release\nonshipping\microsoft.visualstudio.composition.tests.dll" id="49a0af53-a5c3-44c6-b3fa-c18830387865">
      <Execution id="d9b222cb-00bc-4551-aa1a-4694b4613447" />
      <TestMethod codeBase="f:\vnext1\b25bab26\VSIDEProj.MEF\bin\Release\NonShipping\Microsoft.VisualStudio.Composition.Tests.dll" adapterTypeName="Microsoft.VisualStudio.TestTools.TestTypes.Unit.UnitTestAdapter" className="Microsoft.VisualStudio.Composition.Tests.OpenGenericExportTests" name="V2" />
    </UnitTest>
    <UnitTest name="StrongTypeLazyWrapperFactoryWithMetadata" storage="f:\vnext1\b25bab26\vsideproj.mef\bin\release\nonshipping\microsoft.visualstudio.composition.tests.dll" id="33eb410c-a18b-4f14-989b-ed9ad76b5b47">
      <Execution id="20d0186d-7bac-4001-a1a3-f92a6e61d6fa" />
      <TestMethod codeBase="f:\vnext1\b25bab26\VSIDEProj.MEF\bin\Release\NonShipping\Microsoft.VisualStudio.Composition.Tests.dll" adapterTypeName="Microsoft.VisualStudio.TestTools.TestTypes.Unit.UnitTestAdapter" className="Microsoft.VisualStudio.Composition.Tests.LazyServicesTests" name="StrongTypeLazyWrapperFactoryWithMetadata" />
    </UnitTest>
    <UnitTest name="StrongTypeLazyWrapperFactory" storage="f:\vnext1\b25bab26\vsideproj.mef\bin\release\nonshipping\microsoft.visualstudio.composition.tests.dll" id="5620e539-52a1-4711-b632-f9ccbb2bb947">
      <Execution id="6ef10a42-a812-47de-b1ee-959a23945b16" />
      <TestMethod codeBase="f:\vnext1\b25bab26\VSIDEProj.MEF\bin\Release\NonShipping\Microsoft.VisualStudio.Composition.Tests.dll" adapterTypeName="Microsoft.VisualStudio.TestTools.TestTypes.Unit.UnitTestAdapter" className="Microsoft.VisualStudio.Composition.Tests.LazyServicesTests" name="StrongTypeLazyWrapperFactory" />
    </UnitTest>
    <UnitTest name="IsAnyLazyType" storage="f:\vnext1\b25bab26\vsideproj.mef\bin\release\nonshipping\microsoft.visualstudio.composition.tests.dll" id="052ce46f-0fc3-44e0-94e9-6e13f9b17e19">
      <Execution id="713126cb-e678-4696-9fc5-12f36bb2aeaf" />
      <TestMethod codeBase="f:\vnext1\b25bab26\VSIDEProj.MEF\bin\Release\NonShipping\Microsoft.VisualStudio.Composition.Tests.dll" adapterTypeName="Microsoft.VisualStudio.TestTools.TestTypes.Unit.UnitTestAdapter" className="Microsoft.VisualStudio.Composition.Tests.LazyServicesTests" name="IsAnyLazyType" />
    </UnitTest>
    <UnitTest name="V1" storage="f:\vnext1\b25bab26\vsideproj.mef\bin\release\nonshipping\microsoft.visualstudio.composition.tests.dll" id="77963157-0959-4efb-add1-fcc7a199c4cb">
      <Execution id="dd1933f8-456e-4b6c-b455-b91a0d0584bf" />
      <TestMethod codeBase="f:\vnext1\b25bab26\VSIDEProj.MEF\bin\Release\NonShipping\Microsoft.VisualStudio.Composition.Tests.dll" adapterTypeName="Microsoft.VisualStudio.TestTools.TestTypes.Unit.UnitTestAdapter" className="Microsoft.VisualStudio.Composition.Tests.NonPublicImportsExportsTests" name="V1" />
    </UnitTest>
    <UnitTest name="V1" storage="f:\vnext1\b25bab26\vsideproj.mef\bin\release\nonshipping\microsoft.visualstudio.composition.tests.dll" id="37da1efd-dc65-4c0b-a4d5-506950f931c3">
      <Execution id="178e2ec4-e8d7-41d7-91a0-177209df2bac" />
      <TestMethod codeBase="f:\vnext1\b25bab26\VSIDEProj.MEF\bin\Release\NonShipping\Microsoft.VisualStudio.Composition.Tests.dll" adapterTypeName="Microsoft.VisualStudio.TestTools.TestTypes.Unit.UnitTestAdapter" className="Microsoft.VisualStudio.Composition.Tests.CustomMetadataAttributeTests" name="V1" />
    </UnitTest>
    <UnitTest name="V2" storage="f:\vnext1\b25bab26\vsideproj.mef\bin\release\nonshipping\microsoft.visualstudio.composition.tests.dll" id="ebc6f982-256e-481b-8f28-bc79394af974">
      <Execution id="36e9f94f-bb28-475c-ade0-ced630270284" />
      <TestMethod codeBase="f:\vnext1\b25bab26\VSIDEProj.MEF\bin\Release\NonShipping\Microsoft.VisualStudio.Composition.Tests.dll" adapterTypeName="Microsoft.VisualStudio.TestTools.TestTypes.Unit.UnitTestAdapter" className="Microsoft.VisualStudio.Composition.Tests.SharingBoundaryWithNonSharedTests" name="V2" />
    </UnitTest>
    <UnitTest name="V1" storage="f:\vnext1\b25bab26\vsideproj.mef\bin\release\nonshipping\microsoft.visualstudio.composition.tests.dll" id="d5ef26c3-aeac-49e8-9d7d-e3e1155d06cd">
      <Execution id="556d6da5-be95-485a-885e-e913c42d61c0" />
      <TestMethod codeBase="f:\vnext1\b25bab26\VSIDEProj.MEF\bin\Release\NonShipping\Microsoft.VisualStudio.Composition.Tests.dll" adapterTypeName="Microsoft.VisualStudio.TestTools.TestTypes.Unit.UnitTestAdapter" className="Microsoft.VisualStudio.Composition.Tests.MetadataViewImplementationTests" name="V1" />
    </UnitTest>
    <UnitTest name="V1" storage="f:\vnext1\b25bab26\vsideproj.mef\bin\release\nonshipping\microsoft.visualstudio.composition.tests.dll" id="ae69ad37-f28d-4e79-95ad-6eb9782d34d9">
      <Execution id="6ad284c3-9a53-4c00-890a-9a4eff4956eb" />
      <TestMethod codeBase="f:\vnext1\b25bab26\VSIDEProj.MEF\bin\Release\NonShipping\Microsoft.VisualStudio.Composition.Tests.dll" adapterTypeName="Microsoft.VisualStudio.TestTools.TestTypes.Unit.UnitTestAdapter" className="Microsoft.VisualStudio.Composition.Tests.OnImportsSatisfiedTests" name="V1" />
    </UnitTest>
    <UnitTest name="V2" storage="f:\vnext1\b25bab26\vsideproj.mef\bin\release\nonshipping\microsoft.visualstudio.composition.tests.dll" id="ce9e5a60-3ca3-41da-b485-7e6c22d6993a">
      <Execution id="8056d1e9-1eba-472f-833a-3bdbded2bd79" />
      <TestMethod codeBase="f:\vnext1\b25bab26\VSIDEProj.MEF\bin\Release\NonShipping\Microsoft.VisualStudio.Composition.Tests.dll" adapterTypeName="Microsoft.VisualStudio.TestTools.TestTypes.Unit.UnitTestAdapter" className="Microsoft.VisualStudio.Composition.Tests.OnImportsSatisfiedTests" name="V2" />
    </UnitTest>
    <UnitTest name="V2" storage="f:\vnext1\b25bab26\vsideproj.mef\bin\release\nonshipping\microsoft.visualstudio.composition.tests.dll" id="0ad12737-a7b6-47c5-9f1e-b876cc7cc000">
      <Execution id="657d6bed-9402-4468-ad6f-bacc4d4289ba" />
      <TestMethod codeBase="f:\vnext1\b25bab26\VSIDEProj.MEF\bin\Release\NonShipping\Microsoft.VisualStudio.Composition.Tests.dll" adapterTypeName="Microsoft.VisualStudio.TestTools.TestTypes.Unit.UnitTestAdapter" className="Microsoft.VisualStudio.Composition.Tests.MultipleSharingBoundariesTests" name="V2" />
    </UnitTest>
    <UnitTest name="InstantiateFromCustomAttributeDataCtor" storage="f:\vnext1\b25bab26\vsideproj.mef\bin\release\nonshipping\microsoft.visualstudio.composition.tests.dll" id="8eb9c6fd-268b-4558-8908-889f19b808ef">
      <Execution id="a11ebcd8-83d6-4bfe-992d-a3aee78c7196" />
      <TestMethod codeBase="f:\vnext1\b25bab26\VSIDEProj.MEF\bin\Release\NonShipping\Microsoft.VisualStudio.Composition.Tests.dll" adapterTypeName="Microsoft.VisualStudio.TestTools.TestTypes.Unit.UnitTestAdapter" className="Microsoft.VisualStudio.Composition.Tests.CustomAttributeDataRefTests" name="InstantiateFromCustomAttributeDataCtor" />
    </UnitTest>
    <UnitTest name="V1" storage="f:\vnext1\b25bab26\vsideproj.mef\bin\release\nonshipping\microsoft.visualstudio.composition.tests.dll" id="b5da420e-e995-4fd2-9e63-944de0e2c8e8">
      <Execution id="e731786a-bdfd-481a-a538-026217717efa" />
      <TestMethod codeBase="f:\vnext1\b25bab26\VSIDEProj.MEF\bin\Release\NonShipping\Microsoft.VisualStudio.Composition.Tests.dll" adapterTypeName="Microsoft.VisualStudio.TestTools.TestTypes.Unit.UnitTestAdapter" className="Microsoft.VisualStudio.Composition.Tests.CircularDependencyTests" name="V1" />
    </UnitTest>
    <UnitTest name="V1" storage="f:\vnext1\b25bab26\vsideproj.mef\bin\release\nonshipping\microsoft.visualstudio.composition.tests.dll" id="557d8cad-5c3d-4759-a622-431f488c8227">
      <Execution id="c2ceab51-ca44-4861-9b78-7779efdb6137" />
      <TestMethod codeBase="f:\vnext1\b25bab26\VSIDEProj.MEF\bin\Release\NonShipping\Microsoft.VisualStudio.Composition.Tests.dll" adapterTypeName="Microsoft.VisualStudio.TestTools.TestTypes.Unit.UnitTestAdapter" className="Microsoft.VisualStudio.Composition.Tests.NonSharedPartTests" name="V1" />
    </UnitTest>
    <UnitTest name="V2" storage="f:\vnext1\b25bab26\vsideproj.mef\bin\release\nonshipping\microsoft.visualstudio.composition.tests.dll" id="1fd6e7b0-93ee-4cc9-b48b-0b55c0e66ce9">
      <Execution id="3e57d3b2-2a77-4f36-b397-575662b400bb" />
      <TestMethod codeBase="f:\vnext1\b25bab26\VSIDEProj.MEF\bin\Release\NonShipping\Microsoft.VisualStudio.Composition.Tests.dll" adapterTypeName="Microsoft.VisualStudio.TestTools.TestTypes.Unit.UnitTestAdapter" className="Microsoft.VisualStudio.Composition.Tests.CircularDependencyTests" name="V2" />
    </UnitTest>
    <UnitTest name="V2" storage="f:\vnext1\b25bab26\vsideproj.mef\bin\release\nonshipping\microsoft.visualstudio.composition.tests.dll" id="04459783-112c-4638-a6c9-2707ec677625">
      <Execution id="814db859-d6d7-42ca-bf10-a14f88ff43e7" />
      <TestMethod codeBase="f:\vnext1\b25bab26\VSIDEProj.MEF\bin\Release\NonShipping\Microsoft.VisualStudio.Composition.Tests.dll" adapterTypeName="Microsoft.VisualStudio.TestTools.TestTypes.Unit.UnitTestAdapter" className="Microsoft.VisualStudio.Composition.Tests.NonSharedPartTests" name="V2" />
    </UnitTest>
    <UnitTest name="V2" storage="f:\vnext1\b25bab26\vsideproj.mef\bin\release\nonshipping\microsoft.visualstudio.composition.tests.dll" id="0f50c382-e95a-45ea-aba4-7b880b6ad517">
      <Execution id="265919f9-ac74-4c45-8fb6-bd37c5593a8a" />
      <TestMethod codeBase="f:\vnext1\b25bab26\VSIDEProj.MEF\bin\Release\NonShipping\Microsoft.VisualStudio.Composition.Tests.dll" adapterTypeName="Microsoft.VisualStudio.TestTools.TestTypes.Unit.UnitTestAdapter" className="Microsoft.VisualStudio.Composition.Tests.ExportImportViaBaseType" name="V2" />
    </UnitTest>
    <UnitTest name="V2" storage="f:\vnext1\b25bab26\vsideproj.mef\bin\release\nonshipping\microsoft.visualstudio.composition.tests.dll" id="5a37be25-902c-46ee-96ff-e7a65cbd99da">
      <Execution id="35551028-d6f3-4009-959a-ffb43f510ef2" />
      <TestMethod codeBase="f:\vnext1\b25bab26\VSIDEProj.MEF\bin\Release\NonShipping\Microsoft.VisualStudio.Composition.Tests.dll" adapterTypeName="Microsoft.VisualStudio.TestTools.TestTypes.Unit.UnitTestAdapter" className="Microsoft.VisualStudio.Composition.Tests.ProjectSystemMockTests" name="V2" />
    </UnitTest>
    <UnitTest name="V1" storage="f:\vnext1\b25bab26\vsideproj.mef\bin\release\nonshipping\microsoft.visualstudio.composition.tests.dll" id="e98bcf82-b45a-4289-b085-cb574ed4e87c">
      <Execution id="38649af7-b0c6-47ae-a191-2ce604d9c77d" />
      <TestMethod codeBase="f:\vnext1\b25bab26\VSIDEProj.MEF\bin\Release\NonShipping\Microsoft.VisualStudio.Composition.Tests.dll" adapterTypeName="Microsoft.VisualStudio.TestTools.TestTypes.Unit.UnitTestAdapter" className="Microsoft.VisualStudio.Composition.Tests.ImportOfTResolvedByDerivedClassTests" name="V1" />
    </UnitTest>
    <UnitTest name="V2" storage="f:\vnext1\b25bab26\vsideproj.mef\bin\release\nonshipping\microsoft.visualstudio.composition.tests.dll" id="d264a483-1ea9-4eb0-8da8-d9515c04f94a">
      <Execution id="2f6c3df9-f8da-4fd5-8a7f-f31c33d75ba6" />
      <TestMethod codeBase="f:\vnext1\b25bab26\VSIDEProj.MEF\bin\Release\NonShipping\Microsoft.VisualStudio.Composition.Tests.dll" adapterTypeName="Microsoft.VisualStudio.TestTools.TestTypes.Unit.UnitTestAdapter" className="Microsoft.VisualStudio.Composition.Tests.ImportOfTResolvedByDerivedClassTests" name="V2" />
    </UnitTest>
    <UnitTest name="CompressedUIntReadWrite" storage="f:\vnext1\b25bab26\vsideproj.mef\bin\release\nonshipping\microsoft.visualstudio.composition.tests.dll" id="79a0b334-05c1-4091-b57b-3f0f3e3a36fe">
      <Execution id="fa927600-0746-4e74-8276-88887c8c8b6c" />
      <TestMethod codeBase="f:\vnext1\b25bab26\VSIDEProj.MEF\bin\Release\NonShipping\Microsoft.VisualStudio.Composition.Tests.dll" adapterTypeName="Microsoft.VisualStudio.TestTools.TestTypes.Unit.UnitTestAdapter" className="Microsoft.VisualStudio.Composition.Tests.CompressedUIntTests" name="CompressedUIntReadWrite" />
    </UnitTest>
    <UnitTest name="V1" storage="f:\vnext1\b25bab26\vsideproj.mef\bin\release\nonshipping\microsoft.visualstudio.composition.tests.dll" id="640cc889-cbba-45ef-b762-4beb9c914a4f">
      <Execution id="c7e0d5fc-8208-4840-877b-b89ff2ab0022" />
      <TestMethod codeBase="f:\vnext1\b25bab26\VSIDEProj.MEF\bin\Release\NonShipping\Microsoft.VisualStudio.Composition.Tests.dll" adapterTypeName="Microsoft.VisualStudio.TestTools.TestTypes.Unit.UnitTestAdapter" className="Microsoft.VisualStudio.Composition.Tests.ExportMetadataMultipleTests" name="V1" />
    </UnitTest>
    <UnitTest name="V2" storage="f:\vnext1\b25bab26\vsideproj.mef\bin\release\nonshipping\microsoft.visualstudio.composition.tests.dll" id="eb34ed28-19fd-42b8-9fe2-65c3c326d629">
      <Execution id="05b4dd32-223b-4f82-8995-7b7814fb287e" />
      <TestMethod codeBase="f:\vnext1\b25bab26\VSIDEProj.MEF\bin\Release\NonShipping\Microsoft.VisualStudio.Composition.Tests.dll" adapterTypeName="Microsoft.VisualStudio.TestTools.TestTypes.Unit.UnitTestAdapter" className="Microsoft.VisualStudio.Composition.Tests.ExportMetadataMultipleTests" name="V2" />
    </UnitTest>
    <UnitTest name="V1" storage="f:\vnext1\b25bab26\vsideproj.mef\bin\release\nonshipping\microsoft.visualstudio.composition.tests.dll" id="a84af1c6-7c10-4f84-9448-fbd43c21001d">
      <Execution id="8d3d3165-6720-4c95-aaf4-221cf715324c" />
      <TestMethod codeBase="f:\vnext1\b25bab26\VSIDEProj.MEF\bin\Release\NonShipping\Microsoft.VisualStudio.Composition.Tests.dll" adapterTypeName="Microsoft.VisualStudio.TestTools.TestTypes.Unit.UnitTestAdapter" className="Microsoft.VisualStudio.Composition.Tests.InheritedImportTests" name="V1" />
    </UnitTest>
    <UnitTest name="V2" storage="f:\vnext1\b25bab26\vsideproj.mef\bin\release\nonshipping\microsoft.visualstudio.composition.tests.dll" id="36635fe1-2fb8-4437-bfae-b7205ae8898e">
      <Execution id="f8998338-c133-4b66-b577-2b743a586629" />
      <TestMethod codeBase="f:\vnext1\b25bab26\VSIDEProj.MEF\bin\Release\NonShipping\Microsoft.VisualStudio.Composition.Tests.dll" adapterTypeName="Microsoft.VisualStudio.TestTools.TestTypes.Unit.UnitTestAdapter" className="Microsoft.VisualStudio.Composition.Tests.SharingBoundaryWithSharedTests" name="V2" />
    </UnitTest>
    <UnitTest name="V2" storage="f:\vnext1\b25bab26\vsideproj.mef\bin\release\nonshipping\microsoft.visualstudio.composition.tests.dll" id="5b62b5ef-6b7f-4c7d-a4dc-9fd4a1eae5d3">
      <Execution id="7bc07f90-616a-47aa-8631-4f01b8c41780" />
      <TestMethod codeBase="f:\vnext1\b25bab26\VSIDEProj.MEF\bin\Release\NonShipping\Microsoft.VisualStudio.Composition.Tests.dll" adapterTypeName="Microsoft.VisualStudio.TestTools.TestTypes.Unit.UnitTestAdapter" className="Microsoft.VisualStudio.Composition.Tests.ExportProviderTests" name="V2" />
    </UnitTest>
    <UnitTest name="V2" storage="f:\vnext1\b25bab26\vsideproj.mef\bin\release\nonshipping\microsoft.visualstudio.composition.tests.dll" id="1f2bc82f-19d9-44fb-8cbe-e4c66d097976">
      <Execution id="23b71f8b-ef99-454f-9e18-bd0ec1ad294f" />
      <TestMethod codeBase="f:\vnext1\b25bab26\VSIDEProj.MEF\bin\Release\NonShipping\Microsoft.VisualStudio.Composition.Tests.dll" adapterTypeName="Microsoft.VisualStudio.TestTools.TestTypes.Unit.UnitTestAdapter" className="Microsoft.VisualStudio.Composition.Tests.FaultyPartsTests" name="V2" />
    </UnitTest>
    <UnitTest name="AddExportConstraint" storage="f:\vnext1\b25bab26\vsideproj.mef\bin\release\nonshipping\microsoft.visualstudio.composition.tests.dll" id="56f13e6d-b228-4629-9234-84c117c2bb22">
      <Execution id="ec05c944-8210-4c9d-9a94-e98eab0d1748" />
      <TestMethod codeBase="f:\vnext1\b25bab26\VSIDEProj.MEF\bin\Release\NonShipping\Microsoft.VisualStudio.Composition.Tests.dll" adapterTypeName="Microsoft.VisualStudio.TestTools.TestTypes.Unit.UnitTestAdapter" className="Microsoft.VisualStudio.Composition.Tests.ImportDefinitionTests" name="AddExportConstraint" />
    </UnitTest>
    <UnitTest name="V1" storage="f:\vnext1\b25bab26\vsideproj.mef\bin\release\nonshipping\microsoft.visualstudio.composition.tests.dll" id="50ce6bd1-4f5e-49ca-843c-c1524e860e49">
      <Execution id="932fa361-2955-4f36-8a12-c43dd8c01aa9" />
      <TestMethod codeBase="f:\vnext1\b25bab26\VSIDEProj.MEF\bin\Release\NonShipping\Microsoft.VisualStudio.Composition.Tests.dll" adapterTypeName="Microsoft.VisualStudio.TestTools.TestTypes.Unit.UnitTestAdapter" className="Microsoft.VisualStudio.Composition.Tests.FaultyPartsTests" name="V1" />
    </UnitTest>
    <UnitTest name="V1" storage="f:\vnext1\b25bab26\vsideproj.mef\bin\release\nonshipping\microsoft.visualstudio.composition.tests.dll" id="5decbace-ee3d-488e-b36a-5163a3cf3f51">
      <Execution id="4c21555f-e755-46a2-8346-7cd97e2f1ba1" />
      <TestMethod codeBase="f:\vnext1\b25bab26\VSIDEProj.MEF\bin\Release\NonShipping\Microsoft.VisualStudio.Composition.Tests.dll" adapterTypeName="Microsoft.VisualStudio.TestTools.TestTypes.Unit.UnitTestAdapter" className="Microsoft.VisualStudio.Composition.Tests.DisposablePartsTests" name="V1" />
    </UnitTest>
    <UnitTest name="WithExportConstraints" storage="f:\vnext1\b25bab26\vsideproj.mef\bin\release\nonshipping\microsoft.visualstudio.composition.tests.dll" id="32e013bc-4ba3-4e92-a038-d18dc6ba1d89">
      <Execution id="caa1ed4e-5462-438b-af76-6030c4d8b2b0" />
      <TestMethod codeBase="f:\vnext1\b25bab26\VSIDEProj.MEF\bin\Release\NonShipping\Microsoft.VisualStudio.Composition.Tests.dll" adapterTypeName="Microsoft.VisualStudio.TestTools.TestTypes.Unit.UnitTestAdapter" className="Microsoft.VisualStudio.Composition.Tests.ImportDefinitionTests" name="WithExportConstraints" />
    </UnitTest>
    <UnitTest name="V2" storage="f:\vnext1\b25bab26\vsideproj.mef\bin\release\nonshipping\microsoft.visualstudio.composition.tests.dll" id="5ac256e7-7f2d-47c5-937e-c796bcd7a230">
      <Execution id="b16924a6-be7d-4237-8281-835c41d06bce" />
      <TestMethod codeBase="f:\vnext1\b25bab26\VSIDEProj.MEF\bin\Release\NonShipping\Microsoft.VisualStudio.Composition.Tests.dll" adapterTypeName="Microsoft.VisualStudio.TestTools.TestTypes.Unit.UnitTestAdapter" className="Microsoft.VisualStudio.Composition.Tests.DisposablePartsTests" name="V2" />
    </UnitTest>
    <UnitTest name="V1" storage="f:\vnext1\b25bab26\vsideproj.mef\bin\release\nonshipping\microsoft.visualstudio.composition.tests.dll" id="7cbffc95-a573-43de-9660-99e8ba67caeb">
      <Execution id="83598210-9f34-4c89-a440-acb2ec0a4692" />
      <TestMethod codeBase="f:\vnext1\b25bab26\VSIDEProj.MEF\bin\Release\NonShipping\Microsoft.VisualStudio.Composition.Tests.dll" adapterTypeName="Microsoft.VisualStudio.TestTools.TestTypes.Unit.UnitTestAdapter" className="Microsoft.VisualStudio.Composition.Tests.AssemblyReferencingTests" name="V1" />
    </UnitTest>
    <UnitTest name="V1" storage="f:\vnext1\b25bab26\vsideproj.mef\bin\release\nonshipping\microsoft.visualstudio.composition.tests.dll" id="d219c54e-599f-4bf8-befc-5b9381325197">
      <Execution id="f71fab82-9cc2-422a-9cb2-ed4238eeddd1" />
      <TestMethod codeBase="f:\vnext1\b25bab26\VSIDEProj.MEF\bin\Release\NonShipping\Microsoft.VisualStudio.Composition.Tests.dll" adapterTypeName="Microsoft.VisualStudio.TestTools.TestTypes.Unit.UnitTestAdapter" className="Microsoft.VisualStudio.Composition.Tests.EmbeddedableTypesMixedTests" name="V1" />
    </UnitTest>
    <UnitTest name="V3 composition (V2)" storage="f:\vnext1\b25bab26\vsideproj.mef\bin\release\nonshipping\microsoft.visualstudio.composition.tests.dll" id="aa230a49-b620-41e8-b0b2-e1effc935428">
      <Execution id="b3e13d17-a419-40a8-9a60-685c0e93559a" />
      <TestMethod codeBase="f:\vnext1\b25bab26\VSIDEProj.MEF\bin\Release\NonShipping\Microsoft.VisualStudio.Composition.Tests.dll" adapterTypeName="Microsoft.VisualStudio.TestTools.TestTypes.Unit.UnitTestAdapter" className="Microsoft.VisualStudio.Composition.Tests.ImportedExportProviderTests" name="V3 composition (V2)" />
    </UnitTest>
    <UnitTest name="V3 composition (V1)" storage="f:\vnext1\b25bab26\vsideproj.mef\bin\release\nonshipping\microsoft.visualstudio.composition.tests.dll" id="e285e510-f969-4d8d-8583-69a1d2656205">
      <Execution id="a76d70bc-3635-49e2-b35f-bdb16faf6e38" />
      <TestMethod codeBase="f:\vnext1\b25bab26\VSIDEProj.MEF\bin\Release\NonShipping\Microsoft.VisualStudio.Composition.Tests.dll" adapterTypeName="Microsoft.VisualStudio.TestTools.TestTypes.Unit.UnitTestAdapter" className="Microsoft.VisualStudio.Composition.Tests.ImportSiteCreationPolicyTests" name="V3 composition (V1)" />
    </UnitTest>
    <UnitTest name="V1" storage="f:\vnext1\b25bab26\vsideproj.mef\bin\release\nonshipping\microsoft.visualstudio.composition.tests.dll" id="6a448d9a-330e-47fa-9a65-acdbded4f956">
      <Execution id="45f246e1-51d4-4146-9d64-ed74a0a6dfaf" />
      <TestMethod codeBase="f:\vnext1\b25bab26\VSIDEProj.MEF\bin\Release\NonShipping\Microsoft.VisualStudio.Composition.Tests.dll" adapterTypeName="Microsoft.VisualStudio.TestTools.TestTypes.Unit.UnitTestAdapter" className="Microsoft.VisualStudio.Composition.Tests.ImportSiteCreationPolicyTests" name="V1" />
    </UnitTest>
    <UnitTest name="V3 composition (V1+V2)" storage="f:\vnext1\b25bab26\vsideproj.mef\bin\release\nonshipping\microsoft.visualstudio.composition.tests.dll" id="129fde84-43e5-4eb3-a156-5b732fa656e3">
      <Execution id="fc31f23c-32ea-415d-a7cd-831eae0b5875" />
      <TestMethod codeBase="f:\vnext1\b25bab26\VSIDEProj.MEF\bin\Release\NonShipping\Microsoft.VisualStudio.Composition.Tests.dll" adapterTypeName="Microsoft.VisualStudio.TestTools.TestTypes.Unit.UnitTestAdapter" className="Microsoft.VisualStudio.Composition.Tests.SharingBoundaryMixedAttributesTests" name="V3 composition (V1+V2)" />
    </UnitTest>
    <UnitTest name="V3 composition (V1)" storage="f:\vnext1\b25bab26\vsideproj.mef\bin\release\nonshipping\microsoft.visualstudio.composition.tests.dll" id="5c8a8b73-4bea-4ce0-91e6-fe0776761138">
      <Execution id="340f89fc-9b85-4b85-8f86-a57f18afbc01" />
      <TestMethod codeBase="f:\vnext1\b25bab26\VSIDEProj.MEF\bin\Release\NonShipping\Microsoft.VisualStudio.Composition.Tests.dll" adapterTypeName="Microsoft.VisualStudio.TestTools.TestTypes.Unit.UnitTestAdapter" className="Microsoft.VisualStudio.Composition.Tests.ExportMetadataViewNameCollisionTests" name="V3 composition (V1)" />
    </UnitTest>
    <UnitTest name="V3 composition (V1)" storage="f:\vnext1\b25bab26\vsideproj.mef\bin\release\nonshipping\microsoft.visualstudio.composition.tests.dll" id="444e1368-a9af-4557-a56b-9bc6e043c1fd">
      <Execution id="dfe4f3da-5e57-40fb-87f7-80be83481106" />
      <TestMethod codeBase="f:\vnext1\b25bab26\VSIDEProj.MEF\bin\Release\NonShipping\Microsoft.VisualStudio.Composition.Tests.dll" adapterTypeName="Microsoft.VisualStudio.TestTools.TestTypes.Unit.UnitTestAdapter" className="Microsoft.VisualStudio.Composition.Tests.NestedTypeTests" name="V3 composition (V1)" />
    </UnitTest>
    <UnitTest name="V3 composition (V2)" storage="f:\vnext1\b25bab26\vsideproj.mef\bin\release\nonshipping\microsoft.visualstudio.composition.tests.dll" id="482e8be5-2b1e-4115-9123-1d517ba2a9f9">
      <Execution id="9941d5b8-d9f8-4728-aeec-d91e67ebf4a1" />
      <TestMethod codeBase="f:\vnext1\b25bab26\VSIDEProj.MEF\bin\Release\NonShipping\Microsoft.VisualStudio.Composition.Tests.dll" adapterTypeName="Microsoft.VisualStudio.TestTools.TestTypes.Unit.UnitTestAdapter" className="Microsoft.VisualStudio.Composition.Tests.SharingBoundaryWithNestedBoundaryFactoryTests" name="V3 composition (V2)" />
    </UnitTest>
    <UnitTest name="V3 composition (V1)" storage="f:\vnext1\b25bab26\vsideproj.mef\bin\release\nonshipping\microsoft.visualstudio.composition.tests.dll" id="efd4bfc3-c287-4721-a4d0-18533e309374">
      <Execution id="1bd65132-39cf-48aa-9657-b1d601af5848" />
      <TestMethod codeBase="f:\vnext1\b25bab26\VSIDEProj.MEF\bin\Release\NonShipping\Microsoft.VisualStudio.Composition.Tests.dll" adapterTypeName="Microsoft.VisualStudio.TestTools.TestTypes.Unit.UnitTestAdapter" className="Microsoft.VisualStudio.Composition.Tests.RejectionTests" name="V3 composition (V1)" />
    </UnitTest>
    <UnitTest name="V3 composition (V2)" storage="f:\vnext1\b25bab26\vsideproj.mef\bin\release\nonshipping\microsoft.visualstudio.composition.tests.dll" id="0a522495-d184-4dcf-9d1d-57920076842f">
      <Execution id="dbd908c1-7262-461b-88fb-70facd2612d2" />
      <TestMethod codeBase="f:\vnext1\b25bab26\VSIDEProj.MEF\bin\Release\NonShipping\Microsoft.VisualStudio.Composition.Tests.dll" adapterTypeName="Microsoft.VisualStudio.TestTools.TestTypes.Unit.UnitTestAdapter" className="Microsoft.VisualStudio.Composition.Tests.ExportFactoryOfNonSharedImportingSharingBoundaryTests" name="V3 composition (V2)" />
    </UnitTest>
    <UnitTest name="V3 composition (V2)" storage="f:\vnext1\b25bab26\vsideproj.mef\bin\release\nonshipping\microsoft.visualstudio.composition.tests.dll" id="4dc3988c-1f9e-420c-a2c7-d43676c35360">
      <Execution id="8c8963a1-89ac-4805-8408-b591a3025bda" />
      <TestMethod codeBase="f:\vnext1\b25bab26\VSIDEProj.MEF\bin\Release\NonShipping\Microsoft.VisualStudio.Composition.Tests.dll" adapterTypeName="Microsoft.VisualStudio.TestTools.TestTypes.Unit.UnitTestAdapter" className="Microsoft.VisualStudio.Composition.Tests.LazyImportTests" name="V3 composition (V2)" />
    </UnitTest>
    <UnitTest name="V3 composition (V1)" storage="f:\vnext1\b25bab26\vsideproj.mef\bin\release\nonshipping\microsoft.visualstudio.composition.tests.dll" id="8316f3eb-41f4-45a1-a0f7-8a4516b24df7">
      <Execution id="9996be3f-125c-44db-ab62-1a5e5e278edf" />
      <TestMethod codeBase="f:\vnext1\b25bab26\VSIDEProj.MEF\bin\Release\NonShipping\Microsoft.VisualStudio.Composition.Tests.dll" adapterTypeName="Microsoft.VisualStudio.TestTools.TestTypes.Unit.UnitTestAdapter" className="Microsoft.VisualStudio.Composition.Tests.ImportingConstructorTests" name="V3 composition (V1)" />
    </UnitTest>
    <UnitTest name="V3 composition (V2)" storage="f:\vnext1\b25bab26\vsideproj.mef\bin\release\nonshipping\microsoft.visualstudio.composition.tests.dll" id="dfd683c3-0134-4d56-bec8-4605b1af0082">
      <Execution id="22cb681c-334d-4fe5-818c-b60752bc1fe0" />
      <TestMethod codeBase="f:\vnext1\b25bab26\VSIDEProj.MEF\bin\Release\NonShipping\Microsoft.VisualStudio.Composition.Tests.dll" adapterTypeName="Microsoft.VisualStudio.TestTools.TestTypes.Unit.UnitTestAdapter" className="Microsoft.VisualStudio.Composition.Tests.SharingBoundaryTwoPathsToPartTests" name="V3 composition (V2)" />
    </UnitTest>
    <UnitTest name="V3 composition (V1)" storage="f:\vnext1\b25bab26\vsideproj.mef\bin\release\nonshipping\microsoft.visualstudio.composition.tests.dll" id="28ede6bf-bbf9-4d87-8b54-328d63a12a67">
      <Execution id="a98c0cdc-d2d1-4cee-ad21-3b9b80103aab" />
      <TestMethod codeBase="f:\vnext1\b25bab26\VSIDEProj.MEF\bin\Release\NonShipping\Microsoft.VisualStudio.Composition.Tests.dll" adapterTypeName="Microsoft.VisualStudio.TestTools.TestTypes.Unit.UnitTestAdapter" className="Microsoft.VisualStudio.Composition.Tests.ExplicitImportIdentityTypeTests" name="V3 composition (V1)" />
    </UnitTest>
    <UnitTest name="V3 composition (V1)" storage="f:\vnext1\b25bab26\vsideproj.mef\bin\release\nonshipping\microsoft.visualstudio.composition.tests.dll" id="b2ba013d-38b2-489e-92c3-81ef68d23fbe">
      <Execution id="a70bdd6f-58c6-45d2-b960-1f0dfcbdd625" />
      <TestMethod codeBase="f:\vnext1\b25bab26\VSIDEProj.MEF\bin\Release\NonShipping\Microsoft.VisualStudio.Composition.Tests.dll" adapterTypeName="Microsoft.VisualStudio.TestTools.TestTypes.Unit.UnitTestAdapter" className="Microsoft.VisualStudio.Composition.Tests.ImportManyTests" name="V3 composition (V1)" />
    </UnitTest>
    <UnitTest name="V3 composition (V1)" storage="f:\vnext1\b25bab26\vsideproj.mef\bin\release\nonshipping\microsoft.visualstudio.composition.tests.dll" id="0dedb395-3525-4073-9272-65788f4521d9">
      <Execution id="7c327942-5a29-4f28-9537-35d6aba4e994" />
      <TestMethod codeBase="f:\vnext1\b25bab26\VSIDEProj.MEF\bin\Release\NonShipping\Microsoft.VisualStudio.Composition.Tests.dll" adapterTypeName="Microsoft.VisualStudio.TestTools.TestTypes.Unit.UnitTestAdapter" className="Microsoft.VisualStudio.Composition.Tests.BaseGenericTypeTests" name="V3 composition (V1)" />
    </UnitTest>
    <UnitTest name="V3 composition (V1)" storage="f:\vnext1\b25bab26\vsideproj.mef\bin\release\nonshipping\microsoft.visualstudio.composition.tests.dll" id="b3823bcb-9b26-4160-8a09-010814e8aaa1">
      <Execution id="2c67c384-d7af-47d5-972d-8b429c6b6d8c" />
      <TestMethod codeBase="f:\vnext1\b25bab26\VSIDEProj.MEF\bin\Release\NonShipping\Microsoft.VisualStudio.Composition.Tests.dll" adapterTypeName="Microsoft.VisualStudio.TestTools.TestTypes.Unit.UnitTestAdapter" className="Microsoft.VisualStudio.Composition.Tests.ExportMetadataTests" name="V3 composition (V1)" />
    </UnitTest>
    <UnitTest name="V3 composition (V2)" storage="f:\vnext1\b25bab26\vsideproj.mef\bin\release\nonshipping\microsoft.visualstudio.composition.tests.dll" id="cabbae5e-7305-481e-a310-0b98f6f4c796">
      <Execution id="63af9df3-c31f-4948-8fdf-79fe611c85ef" />
      <TestMethod codeBase="f:\vnext1\b25bab26\VSIDEProj.MEF\bin\Release\NonShipping\Microsoft.VisualStudio.Composition.Tests.dll" adapterTypeName="Microsoft.VisualStudio.TestTools.TestTypes.Unit.UnitTestAdapter" className="Microsoft.VisualStudio.Composition.Tests.SharingBoundaryWithNonNestedBoundaryFactoryTests" name="V3 composition (V2)" />
    </UnitTest>
    <UnitTest name="V3 composition (V1)" storage="f:\vnext1\b25bab26\vsideproj.mef\bin\release\nonshipping\microsoft.visualstudio.composition.tests.dll" id="e9b77683-f1b9-4504-be45-4edbe24e0931">
      <Execution id="726ef467-9d80-4a0d-b2e6-c70131c4dd55" />
      <TestMethod codeBase="f:\vnext1\b25bab26\VSIDEProj.MEF\bin\Release\NonShipping\Microsoft.VisualStudio.Composition.Tests.dll" adapterTypeName="Microsoft.VisualStudio.TestTools.TestTypes.Unit.UnitTestAdapter" className="Microsoft.VisualStudio.Composition.Tests.DynamicImportTests" name="V3 composition (V1)" />
    </UnitTest>
    <UnitTest name="V3 composition (V1)" storage="f:\vnext1\b25bab26\vsideproj.mef\bin\release\nonshipping\microsoft.visualstudio.composition.tests.dll" id="c3887537-0cf3-494e-bd3d-76d1ae09cae6">
      <Execution id="ee5febf6-4882-4c2e-a150-087ccb6d43b3" />
      <TestMethod codeBase="f:\vnext1\b25bab26\VSIDEProj.MEF\bin\Release\NonShipping\Microsoft.VisualStudio.Composition.Tests.dll" adapterTypeName="Microsoft.VisualStudio.TestTools.TestTypes.Unit.UnitTestAdapter" className="Microsoft.VisualStudio.Composition.Tests.ExportFactoryTests" name="V3 composition (V1)" />
    </UnitTest>
    <UnitTest name="V3 composition (V1)" storage="f:\vnext1\b25bab26\vsideproj.mef\bin\release\nonshipping\microsoft.visualstudio.composition.tests.dll" id="ec484865-e56f-4474-a630-61a17c0721e3">
      <Execution id="677eba54-f3a1-4863-826a-aaee45452428" />
      <TestMethod codeBase="f:\vnext1\b25bab26\VSIDEProj.MEF\bin\Release\NonShipping\Microsoft.VisualStudio.Composition.Tests.dll" adapterTypeName="Microsoft.VisualStudio.TestTools.TestTypes.Unit.UnitTestAdapter" className="Microsoft.VisualStudio.Composition.Tests.ObsoleteAttributeTests" name="V3 composition (V1)" />
    </UnitTest>
    <UnitTest name="V3 composition (V2)" storage="f:\vnext1\b25bab26\vsideproj.mef\bin\release\nonshipping\microsoft.visualstudio.composition.tests.dll" id="90adfae5-7281-477d-baf3-808bdaa6e6d4">
      <Execution id="2474c939-9666-4b8e-98d3-8785a41f9e24" />
      <TestMethod codeBase="f:\vnext1\b25bab26\VSIDEProj.MEF\bin\Release\NonShipping\Microsoft.VisualStudio.Composition.Tests.dll" adapterTypeName="Microsoft.VisualStudio.TestTools.TestTypes.Unit.UnitTestAdapter" className="Microsoft.VisualStudio.Composition.Tests.SharingBoundaryAcquiresSharedRootScopeExport" name="V3 composition (V2)" />
    </UnitTest>
    <UnitTest name="V3 composition (V1)" storage="f:\vnext1\b25bab26\vsideproj.mef\bin\release\nonshipping\microsoft.visualstudio.composition.tests.dll" id="c8e27a07-6231-4389-ba4b-9140f11c3f39">
      <Execution id="701b6df5-3e1f-404b-9750-bd4ecb6845e9" />
      <TestMethod codeBase="f:\vnext1\b25bab26\VSIDEProj.MEF\bin\Release\NonShipping\Microsoft.VisualStudio.Composition.Tests.dll" adapterTypeName="Microsoft.VisualStudio.TestTools.TestTypes.Unit.UnitTestAdapter" className="Microsoft.VisualStudio.Composition.Tests.EmbeddableTypesTests" name="V3 composition (V1)" />
    </UnitTest>
    <UnitTest name="V3 composition (V2)" storage="f:\vnext1\b25bab26\vsideproj.mef\bin\release\nonshipping\microsoft.visualstudio.composition.tests.dll" id="6a2cd374-eade-43c6-9b83-5d99a8c8e02a">
      <Execution id="5fd534df-73d5-4166-822b-6d4568e92163" />
      <TestMethod codeBase="f:\vnext1\b25bab26\VSIDEProj.MEF\bin\Release\NonShipping\Microsoft.VisualStudio.Composition.Tests.dll" adapterTypeName="Microsoft.VisualStudio.TestTools.TestTypes.Unit.UnitTestAdapter" className="Microsoft.VisualStudio.Composition.Tests.CompositionServiceTests" name="V3 composition (V2)" />
    </UnitTest>
    <UnitTest name="V3 composition (V1+V2)" storage="f:\vnext1\b25bab26\vsideproj.mef\bin\release\nonshipping\microsoft.visualstudio.composition.tests.dll" id="d1d4f6b7-4cca-4b25-9f8b-0dba6f7ff78d">
      <Execution id="96f317b0-0615-427f-9e2c-695c08546577" />
      <TestMethod codeBase="f:\vnext1\b25bab26\VSIDEProj.MEF\bin\Release\NonShipping\Microsoft.VisualStudio.Composition.Tests.dll" adapterTypeName="Microsoft.VisualStudio.TestTools.TestTypes.Unit.UnitTestAdapter" className="Microsoft.VisualStudio.Composition.Tests.SharingBoundaryWithMixedMefParts" name="V3 composition (V1+V2)" />
    </UnitTest>
    <UnitTest name="V3 composition (V2)" storage="f:\vnext1\b25bab26\vsideproj.mef\bin\release\nonshipping\microsoft.visualstudio.composition.tests.dll" id="43feaed8-2f9d-4118-acc2-cd181997a6b1">
      <Execution id="f358d239-1e25-4203-99b0-d5154f3cacf9" />
      <TestMethod codeBase="f:\vnext1\b25bab26\VSIDEProj.MEF\bin\Release\NonShipping\Microsoft.VisualStudio.Composition.Tests.dll" adapterTypeName="Microsoft.VisualStudio.TestTools.TestTypes.Unit.UnitTestAdapter" className="Microsoft.VisualStudio.Composition.Tests.SharingBoundaryInvalidTests" name="V3 composition (V2)" />
    </UnitTest>
    <UnitTest name="V3 composition (V1)" storage="f:\vnext1\b25bab26\vsideproj.mef\bin\release\nonshipping\microsoft.visualstudio.composition.tests.dll" id="052f6f69-6ab7-49ee-a38c-f1317d5d3498">
      <Execution id="b350ff14-7379-4ac4-8570-db236b170a3f" />
      <TestMethod codeBase="f:\vnext1\b25bab26\VSIDEProj.MEF\bin\Release\NonShipping\Microsoft.VisualStudio.Composition.Tests.dll" adapterTypeName="Microsoft.VisualStudio.TestTools.TestTypes.Unit.UnitTestAdapter" className="Microsoft.VisualStudio.Composition.Tests.InheritedExportTests" name="V3 composition (V1)" />
    </UnitTest>
    <UnitTest name="V3 composition (V1)" storage="f:\vnext1\b25bab26\vsideproj.mef\bin\release\nonshipping\microsoft.visualstudio.composition.tests.dll" id="a4846517-2645-458d-a647-11dc5d939673">
      <Execution id="62c451b7-1833-41ac-911f-f2bb9f69e5d3" />
      <TestMethod codeBase="f:\vnext1\b25bab26\VSIDEProj.MEF\bin\Release\NonShipping\Microsoft.VisualStudio.Composition.Tests.dll" adapterTypeName="Microsoft.VisualStudio.TestTools.TestTypes.Unit.UnitTestAdapter" className="Microsoft.VisualStudio.Composition.Tests.ExportMetadataNameCollisionTests" name="V3 composition (V1)" />
    </UnitTest>
    <UnitTest name="V3 composition (V1)" storage="f:\vnext1\b25bab26\vsideproj.mef\bin\release\nonshipping\microsoft.visualstudio.composition.tests.dll" id="04e8f715-fe3c-4b51-8669-20f5f0cfb200">
      <Execution id="6f497804-5b64-43fb-800d-d2d1d18c038b" />
      <TestMethod codeBase="f:\vnext1\b25bab26\VSIDEProj.MEF\bin\Release\NonShipping\Microsoft.VisualStudio.Composition.Tests.dll" adapterTypeName="Microsoft.VisualStudio.TestTools.TestTypes.Unit.UnitTestAdapter" className="Microsoft.VisualStudio.Composition.Tests.NonPublicImportsExportsTests" name="V3 composition (V1)" />
    </UnitTest>
    <UnitTest name="V3 composition (V1)" storage="f:\vnext1\b25bab26\vsideproj.mef\bin\release\nonshipping\microsoft.visualstudio.composition.tests.dll" id="382bd879-b9bc-4081-9780-13db0a818104">
      <Execution id="e71b9233-be8e-45e7-b6b7-655d4ce04b98" />
      <TestMethod codeBase="f:\vnext1\b25bab26\VSIDEProj.MEF\bin\Release\NonShipping\Microsoft.VisualStudio.Composition.Tests.dll" adapterTypeName="Microsoft.VisualStudio.TestTools.TestTypes.Unit.UnitTestAdapter" className="Microsoft.VisualStudio.Composition.Tests.StaticMemberExportsTests" name="V3 composition (V1)" />
    </UnitTest>
    <UnitTest name="V3 composition (V2)" storage="f:\vnext1\b25bab26\vsideproj.mef\bin\release\nonshipping\microsoft.visualstudio.composition.tests.dll" id="5160382b-8fe4-4f4a-8043-9f26d2f2b0c0">
      <Execution id="10e205ab-bfe2-4897-9e97-688ecb47e922" />
      <TestMethod codeBase="f:\vnext1\b25bab26\VSIDEProj.MEF\bin\Release\NonShipping\Microsoft.VisualStudio.Composition.Tests.dll" adapterTypeName="Microsoft.VisualStudio.TestTools.TestTypes.Unit.UnitTestAdapter" className="Microsoft.VisualStudio.Composition.Tests.CardinalityMismatchTests" name="V3 composition (V2)" />
    </UnitTest>
    <UnitTest name="V3 composition (V2)" storage="f:\vnext1\b25bab26\vsideproj.mef\bin\release\nonshipping\microsoft.visualstudio.composition.tests.dll" id="01adaec5-3e62-481d-8840-4a0954604fc5">
      <Execution id="941b5109-e4da-46d4-bffa-7118dc994ce6" />
      <TestMethod codeBase="f:\vnext1\b25bab26\VSIDEProj.MEF\bin\Release\NonShipping\Microsoft.VisualStudio.Composition.Tests.dll" adapterTypeName="Microsoft.VisualStudio.TestTools.TestTypes.Unit.UnitTestAdapter" className="Microsoft.VisualStudio.Composition.Tests.SharingBoundaryWithNonSharedTests" name="V3 composition (V2)" />
    </UnitTest>
    <UnitTest name="V3 composition (V2)" storage="f:\vnext1\b25bab26\vsideproj.mef\bin\release\nonshipping\microsoft.visualstudio.composition.tests.dll" id="acdc9b65-d2e8-47ff-bde0-0c967fe471b3">
      <Execution id="07639d9b-fc64-433d-ac62-6d504fd631fc" />
      <TestMethod codeBase="f:\vnext1\b25bab26\VSIDEProj.MEF\bin\Release\NonShipping\Microsoft.VisualStudio.Composition.Tests.dll" adapterTypeName="Microsoft.VisualStudio.TestTools.TestTypes.Unit.UnitTestAdapter" className="Microsoft.VisualStudio.Composition.Tests.MultipleSharingBoundariesTests" name="V3 composition (V2)" />
    </UnitTest>
    <UnitTest name="V3 composition (V1)" storage="f:\vnext1\b25bab26\vsideproj.mef\bin\release\nonshipping\microsoft.visualstudio.composition.tests.dll" id="88cb392a-c4ff-4bf6-ad23-d267296f63aa">
      <Execution id="6219398a-83e8-46bb-b856-d7fb47373b27" />
      <TestMethod codeBase="f:\vnext1\b25bab26\VSIDEProj.MEF\bin\Release\NonShipping\Microsoft.VisualStudio.Composition.Tests.dll" adapterTypeName="Microsoft.VisualStudio.TestTools.TestTypes.Unit.UnitTestAdapter" className="Microsoft.VisualStudio.Composition.Tests.MetadataViewImplementationTests" name="V3 composition (V1)" />
    </UnitTest>
    <UnitTest name="V3 composition (V1)" storage="f:\vnext1\b25bab26\vsideproj.mef\bin\release\nonshipping\microsoft.visualstudio.composition.tests.dll" id="32a91743-646f-4efc-9045-551692665ad2">
      <Execution id="a56c3395-c345-49c5-bb08-5d2abe11695e" />
      <TestMethod codeBase="f:\vnext1\b25bab26\VSIDEProj.MEF\bin\Release\NonShipping\Microsoft.VisualStudio.Composition.Tests.dll" adapterTypeName="Microsoft.VisualStudio.TestTools.TestTypes.Unit.UnitTestAdapter" className="Microsoft.VisualStudio.Composition.Tests.CustomMetadataAttributeTests" name="V3 composition (V1)" />
    </UnitTest>
    <UnitTest name="V3 composition (V2)" storage="f:\vnext1\b25bab26\vsideproj.mef\bin\release\nonshipping\microsoft.visualstudio.composition.tests.dll" id="3d376a57-b651-4535-a6e6-bb55b7c4eb1d">
      <Execution id="8e5b43b9-6381-4dd0-9323-7f6277edbab2" />
      <TestMethod codeBase="f:\vnext1\b25bab26\VSIDEProj.MEF\bin\Release\NonShipping\Microsoft.VisualStudio.Composition.Tests.dll" adapterTypeName="Microsoft.VisualStudio.TestTools.TestTypes.Unit.UnitTestAdapter" className="Microsoft.VisualStudio.Composition.Tests.SharedNoBoundaryExportsTests" name="V3 composition (V2)" />
    </UnitTest>
    <UnitTest name="V3 composition (V2)" storage="f:\vnext1\b25bab26\vsideproj.mef\bin\release\nonshipping\microsoft.visualstudio.composition.tests.dll" id="be98baf6-9010-4a11-be1a-5e12df603659">
      <Execution id="39e2d18f-075b-4537-a83b-cde30a3162d6" />
      <TestMethod codeBase="f:\vnext1\b25bab26\VSIDEProj.MEF\bin\Release\NonShipping\Microsoft.VisualStudio.Composition.Tests.dll" adapterTypeName="Microsoft.VisualStudio.TestTools.TestTypes.Unit.UnitTestAdapter" className="Microsoft.VisualStudio.Composition.Tests.ImportMetadataConstraintTests" name="V3 composition (V2)" />
    </UnitTest>
    <UnitTest name="V3 composition (V1)" storage="f:\vnext1\b25bab26\vsideproj.mef\bin\release\nonshipping\microsoft.visualstudio.composition.tests.dll" id="96c3c5b4-c9b9-4743-8dd8-52e7b4b50014">
      <Execution id="98807a0e-9187-421d-af0b-4ecb2bde6d42" />
      <TestMethod codeBase="f:\vnext1\b25bab26\VSIDEProj.MEF\bin\Release\NonShipping\Microsoft.VisualStudio.Composition.Tests.dll" adapterTypeName="Microsoft.VisualStudio.TestTools.TestTypes.Unit.UnitTestAdapter" className="Microsoft.VisualStudio.Composition.Tests.InheritedImportTests" name="V3 composition (V1)" />
    </UnitTest>
    <UnitTest name="V3 composition (V2)" storage="f:\vnext1\b25bab26\vsideproj.mef\bin\release\nonshipping\microsoft.visualstudio.composition.tests.dll" id="6d5559d6-cb3c-4674-8800-bf17ab61fadd">
      <Execution id="a7e557a1-7072-41f1-b43c-690368f1c37d" />
      <TestMethod codeBase="f:\vnext1\b25bab26\VSIDEProj.MEF\bin\Release\NonShipping\Microsoft.VisualStudio.Composition.Tests.dll" adapterTypeName="Microsoft.VisualStudio.TestTools.TestTypes.Unit.UnitTestAdapter" className="Microsoft.VisualStudio.Composition.Tests.ExportImportViaBaseType" name="V3 composition (V2)" />
    </UnitTest>
    <UnitTest name="V3 composition (V2)" storage="f:\vnext1\b25bab26\vsideproj.mef\bin\release\nonshipping\microsoft.visualstudio.composition.tests.dll" id="c90d0915-842d-4fe6-8d5b-44df67e119ba">
      <Execution id="0b1e2204-612f-4ed8-acc9-e444090b5c20" />
      <TestMethod codeBase="f:\vnext1\b25bab26\VSIDEProj.MEF\bin\Release\NonShipping\Microsoft.VisualStudio.Composition.Tests.dll" adapterTypeName="Microsoft.VisualStudio.TestTools.TestTypes.Unit.UnitTestAdapter" className="Microsoft.VisualStudio.Composition.Tests.DelegatingExportProviderTests" name="V3 composition (V2)" />
    </UnitTest>
    <UnitTest name="V3 composition (V1)" storage="f:\vnext1\b25bab26\vsideproj.mef\bin\release\nonshipping\microsoft.visualstudio.composition.tests.dll" id="f538e843-d5c7-4823-bcff-5de719696ed0">
      <Execution id="c9c2fdc9-36cc-4b24-be26-0fb91b75596f" />
      <TestMethod codeBase="f:\vnext1\b25bab26\VSIDEProj.MEF\bin\Release\NonShipping\Microsoft.VisualStudio.Composition.Tests.dll" adapterTypeName="Microsoft.VisualStudio.TestTools.TestTypes.Unit.UnitTestAdapter" className="Microsoft.VisualStudio.Composition.Tests.ExportingMembersTests" name="V3 composition (V1)" />
    </UnitTest>
    <UnitTest name="V3 composition (V2)" storage="f:\vnext1\b25bab26\vsideproj.mef\bin\release\nonshipping\microsoft.visualstudio.composition.tests.dll" id="a14ae607-a5c7-41bb-9395-a097063d4b57">
      <Execution id="90385bb3-994c-498c-a1cb-2e5cb670160a" />
      <TestMethod codeBase="f:\vnext1\b25bab26\VSIDEProj.MEF\bin\Release\NonShipping\Microsoft.VisualStudio.Composition.Tests.dll" adapterTypeName="Microsoft.VisualStudio.TestTools.TestTypes.Unit.UnitTestAdapter" className="Microsoft.VisualStudio.Composition.Tests.ProjectSystemMockTests" name="V3 composition (V2)" />
    </UnitTest>
    <UnitTest name="V3 composition (V1)" storage="f:\vnext1\b25bab26\vsideproj.mef\bin\release\nonshipping\microsoft.visualstudio.composition.tests.dll" id="5d50a05d-62ae-4759-86e0-3d9d704bf9fa">
      <Execution id="36597c83-8e73-432e-bebc-0ab56aa58320" />
      <TestMethod codeBase="f:\vnext1\b25bab26\VSIDEProj.MEF\bin\Release\NonShipping\Microsoft.VisualStudio.Composition.Tests.dll" adapterTypeName="Microsoft.VisualStudio.TestTools.TestTypes.Unit.UnitTestAdapter" className="Microsoft.VisualStudio.Composition.Tests.AssemblyReferencingTests" name="V3 composition (V1)" />
    </UnitTest>
    <UnitTest name="V3 composition (V2)" storage="f:\vnext1\b25bab26\vsideproj.mef\bin\release\nonshipping\microsoft.visualstudio.composition.tests.dll" id="b47e3b03-c6ab-43e1-b6a4-2f91537c4a19">
      <Execution id="6394f69b-c8cf-4655-8016-cf1d73632c2d" />
      <TestMethod codeBase="f:\vnext1\b25bab26\VSIDEProj.MEF\bin\Release\NonShipping\Microsoft.VisualStudio.Composition.Tests.dll" adapterTypeName="Microsoft.VisualStudio.TestTools.TestTypes.Unit.UnitTestAdapter" className="Microsoft.VisualStudio.Composition.Tests.SharingBoundaryWithSharedTests" name="V3 composition (V2)" />
    </UnitTest>
    <UnitTest name="V3 engine (runtime)" storage="f:\vnext1\b25bab26\vsideproj.mef\bin\release\nonshipping\microsoft.visualstudio.composition.tests.dll" id="eb792c30-0c72-4ba0-90a5-c0af9da8e71f">
      <Execution id="27471539-0c77-4f5e-a164-00621b7ba8cf" />
      <TestMethod codeBase="f:\vnext1\b25bab26\VSIDEProj.MEF\bin\Release\NonShipping\Microsoft.VisualStudio.Composition.Tests.dll" adapterTypeName="Microsoft.VisualStudio.TestTools.TestTypes.Unit.UnitTestAdapter" className="Microsoft.VisualStudio.Composition.Tests.ObsoleteAttributeTests" name="V3 engine (runtime)" />
    </UnitTest>
    <UnitTest name="V1" storage="f:\vnext1\b25bab26\vsideproj.mef\bin\release\nonshipping\microsoft.visualstudio.composition.tests.dll" id="97493e66-ecd5-462a-a511-c8f4767515e2">
      <Execution id="de305af2-dce5-4c23-ace5-3c8bc34d29e5" />
      <TestMethod codeBase="f:\vnext1\b25bab26\VSIDEProj.MEF\bin\Release\NonShipping\Microsoft.VisualStudio.Composition.Tests.dll" adapterTypeName="Microsoft.VisualStudio.TestTools.TestTypes.Unit.UnitTestAdapter" className="Microsoft.VisualStudio.Composition.Tests.ObsoleteAttributeTests" name="V1" />
    </UnitTest>
    <UnitTest name="V3 composition (V1)" storage="f:\vnext1\b25bab26\vsideproj.mef\bin\release\nonshipping\microsoft.visualstudio.composition.tests.dll" id="9c46c462-7d81-4c39-b583-c31b1ce3c8bf">
      <Execution id="8e199b3d-30f7-4434-a0a5-9739fe130d1a" />
      <TestMethod codeBase="f:\vnext1\b25bab26\VSIDEProj.MEF\bin\Release\NonShipping\Microsoft.VisualStudio.Composition.Tests.dll" adapterTypeName="Microsoft.VisualStudio.TestTools.TestTypes.Unit.UnitTestAdapter" className="Microsoft.VisualStudio.Composition.Tests.EmbeddedableTypesMixedTests" name="V3 composition (V1)" />
    </UnitTest>
    <UnitTest name="V3 composition (V1, V2)" storage="f:\vnext1\b25bab26\vsideproj.mef\bin\release\nonshipping\microsoft.visualstudio.composition.tests.dll" id="ff13dca6-2c08-42a3-b6db-bcfce219c1b2">
      <Execution id="5b15dbb3-0dab-4411-9805-cace3ead379c" />
      <TestMethod codeBase="f:\vnext1\b25bab26\VSIDEProj.MEF\bin\Release\NonShipping\Microsoft.VisualStudio.Composition.Tests.dll" adapterTypeName="Microsoft.VisualStudio.TestTools.TestTypes.Unit.UnitTestAdapter" className="Microsoft.VisualStudio.Composition.Tests.SimpleImportExportTests" name="V3 composition (V1, V2)" />
    </UnitTest>
    <UnitTest name="V3 engine (runtime)" storage="f:\vnext1\b25bab26\vsideproj.mef\bin\release\nonshipping\microsoft.visualstudio.composition.tests.dll" id="49c74a7a-561d-45fe-96ad-801f03108e50">
      <Execution id="c9476e21-2ad5-409f-bafe-81399cedda22" />
      <TestMethod codeBase="f:\vnext1\b25bab26\VSIDEProj.MEF\bin\Release\NonShipping\Microsoft.VisualStudio.Composition.Tests.dll" adapterTypeName="Microsoft.VisualStudio.TestTools.TestTypes.Unit.UnitTestAdapter" className="Microsoft.VisualStudio.Composition.Tests.SharingBoundaryWithNestedBoundaryFactoryTests" name="V3 engine (runtime)" />
    </UnitTest>
    <UnitTest name="V3 engine (runtime)" storage="f:\vnext1\b25bab26\vsideproj.mef\bin\release\nonshipping\microsoft.visualstudio.composition.tests.dll" id="5b724497-6e21-4f6b-b96b-466471056cc4">
      <Execution id="7b855466-042a-48de-826d-8e102efd78d0" />
      <TestMethod codeBase="f:\vnext1\b25bab26\VSIDEProj.MEF\bin\Release\NonShipping\Microsoft.VisualStudio.Composition.Tests.dll" adapterTypeName="Microsoft.VisualStudio.TestTools.TestTypes.Unit.UnitTestAdapter" className="Microsoft.VisualStudio.Composition.Tests.SharingBoundaryMixedAttributesTests" name="V3 engine (runtime)" />
    </UnitTest>
    <UnitTest name="V3 engine (runtime)" storage="f:\vnext1\b25bab26\vsideproj.mef\bin\release\nonshipping\microsoft.visualstudio.composition.tests.dll" id="3397f2ed-f33a-423d-95b4-343d4ede0bbe">
      <Execution id="8beb2577-184d-4878-8d42-e0987f4a0436" />
      <TestMethod codeBase="f:\vnext1\b25bab26\VSIDEProj.MEF\bin\Release\NonShipping\Microsoft.VisualStudio.Composition.Tests.dll" adapterTypeName="Microsoft.VisualStudio.TestTools.TestTypes.Unit.UnitTestAdapter" className="Microsoft.VisualStudio.Composition.Tests.ImportedExportProviderTests" name="V3 engine (runtime)" />
    </UnitTest>
    <UnitTest name="V3 engine (runtime)" storage="f:\vnext1\b25bab26\vsideproj.mef\bin\release\nonshipping\microsoft.visualstudio.composition.tests.dll" id="8f00a133-f490-44b2-b6ec-1a6fab330b16">
      <Execution id="83c79a65-c446-4fd1-a364-8a0d5916e773" />
      <TestMethod codeBase="f:\vnext1\b25bab26\VSIDEProj.MEF\bin\Release\NonShipping\Microsoft.VisualStudio.Composition.Tests.dll" adapterTypeName="Microsoft.VisualStudio.TestTools.TestTypes.Unit.UnitTestAdapter" className="Microsoft.VisualStudio.Composition.Tests.ExportFactoryOfNonSharedImportingSharingBoundaryTests" name="V3 engine (runtime)" />
    </UnitTest>
    <UnitTest name="V3 engine (runtime)" storage="f:\vnext1\b25bab26\vsideproj.mef\bin\release\nonshipping\microsoft.visualstudio.composition.tests.dll" id="2249706f-0b83-4a88-8e7f-7e1ef2614884">
      <Execution id="e74b51d1-8bbd-447d-aa44-4cde19e0d32d" />
      <TestMethod codeBase="f:\vnext1\b25bab26\VSIDEProj.MEF\bin\Release\NonShipping\Microsoft.VisualStudio.Composition.Tests.dll" adapterTypeName="Microsoft.VisualStudio.TestTools.TestTypes.Unit.UnitTestAdapter" className="Microsoft.VisualStudio.Composition.Tests.LazyImportTests" name="V3 engine (runtime)" />
    </UnitTest>
    <UnitTest name="V3 engine (runtime)" storage="f:\vnext1\b25bab26\vsideproj.mef\bin\release\nonshipping\microsoft.visualstudio.composition.tests.dll" id="53e865da-cc23-4a42-8f7c-244e5ef34608">
      <Execution id="f7147ddf-e5c9-454c-a279-84503f15f3b4" />
      <TestMethod codeBase="f:\vnext1\b25bab26\VSIDEProj.MEF\bin\Release\NonShipping\Microsoft.VisualStudio.Composition.Tests.dll" adapterTypeName="Microsoft.VisualStudio.TestTools.TestTypes.Unit.UnitTestAdapter" className="Microsoft.VisualStudio.Composition.Tests.SharingBoundaryTwoPathsToPartTests" name="V3 engine (runtime)" />
    </UnitTest>
    <UnitTest name="V3 engine (runtime)" storage="f:\vnext1\b25bab26\vsideproj.mef\bin\release\nonshipping\microsoft.visualstudio.composition.tests.dll" id="d1e923fd-a9a6-4f4d-99e1-4d19791d263c">
      <Execution id="20f5b4e9-05a4-49be-b16a-46fb3f9d3c07" />
      <TestMethod codeBase="f:\vnext1\b25bab26\VSIDEProj.MEF\bin\Release\NonShipping\Microsoft.VisualStudio.Composition.Tests.dll" adapterTypeName="Microsoft.VisualStudio.TestTools.TestTypes.Unit.UnitTestAdapter" className="Microsoft.VisualStudio.Composition.Tests.ImportingConstructorTests" name="V3 engine (runtime)" />
    </UnitTest>
    <UnitTest name="V3 composition (V1, V2)" storage="f:\vnext1\b25bab26\vsideproj.mef\bin\release\nonshipping\microsoft.visualstudio.composition.tests.dll" id="acf721cc-bee7-4d06-8add-92266debbcfd">
      <Execution id="df041f68-60eb-4996-ad55-601026d9a3b6" />
      <TestMethod codeBase="f:\vnext1\b25bab26\VSIDEProj.MEF\bin\Release\NonShipping\Microsoft.VisualStudio.Composition.Tests.dll" adapterTypeName="Microsoft.VisualStudio.TestTools.TestTypes.Unit.UnitTestAdapter" className="Microsoft.VisualStudio.Composition.Tests.AttributedPartDiscoveryTests" name="V3 composition (V1, V2)" />
    </UnitTest>
    <UnitTest name="V1" storage="f:\vnext1\b25bab26\vsideproj.mef\bin\release\nonshipping\microsoft.visualstudio.composition.tests.dll" id="633cf244-dd9a-4281-ae3d-7b83c4fa3165">
      <Execution id="6a9108fa-35bf-4352-92ea-5524b3195c08" />
      <TestMethod codeBase="f:\vnext1\b25bab26\VSIDEProj.MEF\bin\Release\NonShipping\Microsoft.VisualStudio.Composition.Tests.dll" adapterTypeName="Microsoft.VisualStudio.TestTools.TestTypes.Unit.UnitTestAdapter" className="Microsoft.VisualStudio.Composition.Tests.ImportingConstructorTests" name="V1" />
    </UnitTest>
    <UnitTest name="V2" storage="f:\vnext1\b25bab26\vsideproj.mef\bin\release\nonshipping\microsoft.visualstudio.composition.tests.dll" id="d5eacb47-0585-4c74-afab-e83ee83d0727">
      <Execution id="ea1ea1c6-376b-4986-a1d4-82fc3a312b65" />
      <TestMethod codeBase="f:\vnext1\b25bab26\VSIDEProj.MEF\bin\Release\NonShipping\Microsoft.VisualStudio.Composition.Tests.dll" adapterTypeName="Microsoft.VisualStudio.TestTools.TestTypes.Unit.UnitTestAdapter" className="Microsoft.VisualStudio.Composition.Tests.LazyImportTests" name="V2" />
    </UnitTest>
    <UnitTest name="V2" storage="f:\vnext1\b25bab26\vsideproj.mef\bin\release\nonshipping\microsoft.visualstudio.composition.tests.dll" id="59747c6a-2aa5-4cad-906a-2e8b4dcea64e">
      <Execution id="465e43ab-e622-462d-84ba-1def87b1ef56" />
      <TestMethod codeBase="f:\vnext1\b25bab26\VSIDEProj.MEF\bin\Release\NonShipping\Microsoft.VisualStudio.Composition.Tests.dll" adapterTypeName="Microsoft.VisualStudio.TestTools.TestTypes.Unit.UnitTestAdapter" className="Microsoft.VisualStudio.Composition.Tests.ImportingConstructorTests" name="V2" />
    </UnitTest>
    <UnitTest name="V3 engine (runtime)" storage="f:\vnext1\b25bab26\vsideproj.mef\bin\release\nonshipping\microsoft.visualstudio.composition.tests.dll" id="81620d6a-6fb2-43cc-a7c6-986b9c031d8d">
      <Execution id="9d2af7ec-1c16-4dbc-948e-d3a1e6dffe17" />
      <TestMethod codeBase="f:\vnext1\b25bab26\VSIDEProj.MEF\bin\Release\NonShipping\Microsoft.VisualStudio.Composition.Tests.dll" adapterTypeName="Microsoft.VisualStudio.TestTools.TestTypes.Unit.UnitTestAdapter" className="Microsoft.VisualStudio.Composition.Tests.ExplicitImportIdentityTypeTests" name="V3 engine (runtime)" />
    </UnitTest>
    <UnitTest name="V3 engine (runtime)" storage="f:\vnext1\b25bab26\vsideproj.mef\bin\release\nonshipping\microsoft.visualstudio.composition.tests.dll" id="0484c895-74d8-476b-a019-e9371b33e389">
      <Execution id="1aeea3ec-ef1c-4ddc-a7aa-066c5f9d7690" />
      <TestMethod codeBase="f:\vnext1\b25bab26\VSIDEProj.MEF\bin\Release\NonShipping\Microsoft.VisualStudio.Composition.Tests.dll" adapterTypeName="Microsoft.VisualStudio.TestTools.TestTypes.Unit.UnitTestAdapter" className="Microsoft.VisualStudio.Composition.Tests.BaseGenericTypeTests" name="V3 engine (runtime)" />
    </UnitTest>
    <UnitTest name="V1" storage="f:\vnext1\b25bab26\vsideproj.mef\bin\release\nonshipping\microsoft.visualstudio.composition.tests.dll" id="daf4e7ea-416e-4917-99ee-2c4c6402c4f2">
      <Execution id="793b0842-04fd-4d7b-8610-af2cebaf6654" />
      <TestMethod codeBase="f:\vnext1\b25bab26\VSIDEProj.MEF\bin\Release\NonShipping\Microsoft.VisualStudio.Composition.Tests.dll" adapterTypeName="Microsoft.VisualStudio.TestTools.TestTypes.Unit.UnitTestAdapter" className="Microsoft.VisualStudio.Composition.Tests.ExplicitImportIdentityTypeTests" name="V1" />
    </UnitTest>
    <UnitTest name="V3 engine (runtime)" storage="f:\vnext1\b25bab26\vsideproj.mef\bin\release\nonshipping\microsoft.visualstudio.composition.tests.dll" id="d0221c8e-bc5a-44ef-b125-ac5342231adb">
      <Execution id="9fecf00f-12ba-4098-854f-3d2a10c47bb0" />
      <TestMethod codeBase="f:\vnext1\b25bab26\VSIDEProj.MEF\bin\Release\NonShipping\Microsoft.VisualStudio.Composition.Tests.dll" adapterTypeName="Microsoft.VisualStudio.TestTools.TestTypes.Unit.UnitTestAdapter" className="Microsoft.VisualStudio.Composition.Tests.ExportMetadataTests" name="V3 engine (runtime)" />
    </UnitTest>
    <UnitTest name="V3 engine (runtime)" storage="f:\vnext1\b25bab26\vsideproj.mef\bin\release\nonshipping\microsoft.visualstudio.composition.tests.dll" id="3833b9d7-a682-47aa-b4b2-0afa60e8d8fb">
      <Execution id="a689308a-4b42-42d2-ad55-d5d1030afd09" />
      <TestMethod codeBase="f:\vnext1\b25bab26\VSIDEProj.MEF\bin\Release\NonShipping\Microsoft.VisualStudio.Composition.Tests.dll" adapterTypeName="Microsoft.VisualStudio.TestTools.TestTypes.Unit.UnitTestAdapter" className="Microsoft.VisualStudio.Composition.Tests.NestedTypeTests" name="V3 engine (runtime)" />
    </UnitTest>
    <UnitTest name="V3 engine (runtime)" storage="f:\vnext1\b25bab26\vsideproj.mef\bin\release\nonshipping\microsoft.visualstudio.composition.tests.dll" id="4c49e70d-095b-447a-bf84-bb7fcb5f52e0">
      <Execution id="4df6c203-bf91-4dd8-931e-013f2f84ff63" />
      <TestMethod codeBase="f:\vnext1\b25bab26\VSIDEProj.MEF\bin\Release\NonShipping\Microsoft.VisualStudio.Composition.Tests.dll" adapterTypeName="Microsoft.VisualStudio.TestTools.TestTypes.Unit.UnitTestAdapter" className="Microsoft.VisualStudio.Composition.Tests.ImportManyTests" name="V3 engine (runtime)" />
    </UnitTest>
    <UnitTest name="V3 engine (runtime)" storage="f:\vnext1\b25bab26\vsideproj.mef\bin\release\nonshipping\microsoft.visualstudio.composition.tests.dll" id="ac911fd9-9a7b-4ffc-bb02-6082cd3af318">
      <Execution id="702a434d-c4b4-455b-8605-f89ee18482a3" />
      <TestMethod codeBase="f:\vnext1\b25bab26\VSIDEProj.MEF\bin\Release\NonShipping\Microsoft.VisualStudio.Composition.Tests.dll" adapterTypeName="Microsoft.VisualStudio.TestTools.TestTypes.Unit.UnitTestAdapter" className="Microsoft.VisualStudio.Composition.Tests.ExportFactoryTests" name="V3 engine (runtime)" />
    </UnitTest>
    <UnitTest name="V1" storage="f:\vnext1\b25bab26\vsideproj.mef\bin\release\nonshipping\microsoft.visualstudio.composition.tests.dll" id="3c17b1d8-b7f8-4ccb-97ea-e2609f67e612">
      <Execution id="37f4bffe-a44a-4418-a4d7-9c21f0402955" />
      <TestMethod codeBase="f:\vnext1\b25bab26\VSIDEProj.MEF\bin\Release\NonShipping\Microsoft.VisualStudio.Composition.Tests.dll" adapterTypeName="Microsoft.VisualStudio.TestTools.TestTypes.Unit.UnitTestAdapter" className="Microsoft.VisualStudio.Composition.Tests.ImportManyTests" name="V1" />
    </UnitTest>
    <UnitTest name="V2" storage="f:\vnext1\b25bab26\vsideproj.mef\bin\release\nonshipping\microsoft.visualstudio.composition.tests.dll" id="0360637e-ba7c-4740-a85f-a55fd2a1cab0">
      <Execution id="6696f94e-5d2c-4cfb-800a-00c515da994a" />
      <TestMethod codeBase="f:\vnext1\b25bab26\VSIDEProj.MEF\bin\Release\NonShipping\Microsoft.VisualStudio.Composition.Tests.dll" adapterTypeName="Microsoft.VisualStudio.TestTools.TestTypes.Unit.UnitTestAdapter" className="Microsoft.VisualStudio.Composition.Tests.ImportManyTests" name="V2" />
    </UnitTest>
    <UnitTest name="V2" storage="f:\vnext1\b25bab26\vsideproj.mef\bin\release\nonshipping\microsoft.visualstudio.composition.tests.dll" id="f0251c3f-cf69-48e8-96e1-6ab3950c148c">
      <Execution id="12e462aa-b1b9-4ca4-8e37-c4976b0f86cb" />
      <TestMethod codeBase="f:\vnext1\b25bab26\VSIDEProj.MEF\bin\Release\NonShipping\Microsoft.VisualStudio.Composition.Tests.dll" adapterTypeName="Microsoft.VisualStudio.TestTools.TestTypes.Unit.UnitTestAdapter" className="Microsoft.VisualStudio.Composition.Tests.ExportFactoryTests" name="V2" />
    </UnitTest>
    <UnitTest name="V3 composition (V1, V2)" storage="f:\vnext1\b25bab26\vsideproj.mef\bin\release\nonshipping\microsoft.visualstudio.composition.tests.dll" id="11b79765-984d-4b9e-95f7-92df0077b39d">
      <Execution id="926e0fac-4326-4e47-8248-421044127127" />
      <TestMethod codeBase="f:\vnext1\b25bab26\VSIDEProj.MEF\bin\Release\NonShipping\Microsoft.VisualStudio.Composition.Tests.dll" adapterTypeName="Microsoft.VisualStudio.TestTools.TestTypes.Unit.UnitTestAdapter" className="Microsoft.VisualStudio.Composition.Tests.MefV1ExportProviderAdapterTests" name="V3 composition (V1, V2)" />
    </UnitTest>
    <UnitTest name="V3 engine (runtime)" storage="f:\vnext1\b25bab26\vsideproj.mef\bin\release\nonshipping\microsoft.visualstudio.composition.tests.dll" id="9edf6e73-f387-45a1-affc-1c57adbf6c2c">
      <Execution id="1b4bd2c1-ec44-41e7-967c-76e905766439" />
      <TestMethod codeBase="f:\vnext1\b25bab26\VSIDEProj.MEF\bin\Release\NonShipping\Microsoft.VisualStudio.Composition.Tests.dll" adapterTypeName="Microsoft.VisualStudio.TestTools.TestTypes.Unit.UnitTestAdapter" className="Microsoft.VisualStudio.Composition.Tests.SharingBoundaryWithNonNestedBoundaryFactoryTests" name="V3 engine (runtime)" />
    </UnitTest>
    <UnitTest name="V1" storage="f:\vnext1\b25bab26\vsideproj.mef\bin\release\nonshipping\microsoft.visualstudio.composition.tests.dll" id="802e31be-0dfe-4c7e-8dc2-2fbc5534dc20">
      <Execution id="7e98377e-f1de-4563-a9e9-a953ca087093" />
      <TestMethod codeBase="f:\vnext1\b25bab26\VSIDEProj.MEF\bin\Release\NonShipping\Microsoft.VisualStudio.Composition.Tests.dll" adapterTypeName="Microsoft.VisualStudio.TestTools.TestTypes.Unit.UnitTestAdapter" className="Microsoft.VisualStudio.Composition.Tests.ExportMetadataTests" name="V1" />
    </UnitTest>
    <UnitTest name="V3 engine (runtime)" storage="f:\vnext1\b25bab26\vsideproj.mef\bin\release\nonshipping\microsoft.visualstudio.composition.tests.dll" id="d2d841e9-0a1e-4e32-b935-3bebb43da729">
      <Execution id="35aa3a9c-94ec-437e-8cae-d37f9d09cbeb" />
      <TestMethod codeBase="f:\vnext1\b25bab26\VSIDEProj.MEF\bin\Release\NonShipping\Microsoft.VisualStudio.Composition.Tests.dll" adapterTypeName="Microsoft.VisualStudio.TestTools.TestTypes.Unit.UnitTestAdapter" className="Microsoft.VisualStudio.Composition.Tests.RejectionTests" name="V3 engine (runtime)" />
    </UnitTest>
    <UnitTest name="V1" storage="f:\vnext1\b25bab26\vsideproj.mef\bin\release\nonshipping\microsoft.visualstudio.composition.tests.dll" id="ee3bc0d6-28d3-4030-812a-cdbb0b0b851b">
      <Execution id="db8a713f-bba3-4899-b1cf-b84bae36e922" />
      <TestMethod codeBase="f:\vnext1\b25bab26\VSIDEProj.MEF\bin\Release\NonShipping\Microsoft.VisualStudio.Composition.Tests.dll" adapterTypeName="Microsoft.VisualStudio.TestTools.TestTypes.Unit.UnitTestAdapter" className="Microsoft.VisualStudio.Composition.Tests.RejectionTests" name="V1" />
    </UnitTest>
    <UnitTest name="V2" storage="f:\vnext1\b25bab26\vsideproj.mef\bin\release\nonshipping\microsoft.visualstudio.composition.tests.dll" id="e6d001f5-a910-4cbf-8664-b194155bce49">
      <Execution id="b43ea454-bd8b-4944-9fa6-2eca3ef4cb63" />
      <TestMethod codeBase="f:\vnext1\b25bab26\VSIDEProj.MEF\bin\Release\NonShipping\Microsoft.VisualStudio.Composition.Tests.dll" adapterTypeName="Microsoft.VisualStudio.TestTools.TestTypes.Unit.UnitTestAdapter" className="Microsoft.VisualStudio.Composition.Tests.RejectionTests" name="V2" />
    </UnitTest>
    <UnitTest name="V3 engine (runtime)" storage="f:\vnext1\b25bab26\vsideproj.mef\bin\release\nonshipping\microsoft.visualstudio.composition.tests.dll" id="c615ab94-1661-4fde-aeb9-279b9e46b07e">
      <Execution id="27d48cb8-03be-4a15-a17d-df1ac0dff938" />
      <TestMethod codeBase="f:\vnext1\b25bab26\VSIDEProj.MEF\bin\Release\NonShipping\Microsoft.VisualStudio.Composition.Tests.dll" adapterTypeName="Microsoft.VisualStudio.TestTools.TestTypes.Unit.UnitTestAdapter" className="Microsoft.VisualStudio.Composition.Tests.EmbeddableTypesTests" name="V3 engine (runtime)" />
    </UnitTest>
    <UnitTest name="V1" storage="f:\vnext1\b25bab26\vsideproj.mef\bin\release\nonshipping\microsoft.visualstudio.composition.tests.dll" id="f9d1c150-2ea6-4a46-885a-fc2d9ddffdd8">
      <Execution id="ac7ec968-22d6-4754-bb02-beb517022d14" />
      <TestMethod codeBase="f:\vnext1\b25bab26\VSIDEProj.MEF\bin\Release\NonShipping\Microsoft.VisualStudio.Composition.Tests.dll" adapterTypeName="Microsoft.VisualStudio.TestTools.TestTypes.Unit.UnitTestAdapter" className="Microsoft.VisualStudio.Composition.Tests.EmbeddableTypesTests" name="V1" />
    </UnitTest>
    <UnitTest name="V1" storage="f:\vnext1\b25bab26\vsideproj.mef\bin\release\nonshipping\microsoft.visualstudio.composition.tests.dll" id="a83d27d0-7d6f-489c-9014-7f0fc9ab85c8">
      <Execution id="f1771f53-4eaf-4872-8c81-4bdcadc4c07c" />
      <TestMethod codeBase="f:\vnext1\b25bab26\VSIDEProj.MEF\bin\Release\NonShipping\Microsoft.VisualStudio.Composition.Tests.dll" adapterTypeName="Microsoft.VisualStudio.TestTools.TestTypes.Unit.UnitTestAdapter" className="Microsoft.VisualStudio.Composition.Tests.DynamicImportTests" name="V1" />
    </UnitTest>
    <UnitTest name="V3 engine (runtime)" storage="f:\vnext1\b25bab26\vsideproj.mef\bin\release\nonshipping\microsoft.visualstudio.composition.tests.dll" id="2bd280ef-b08b-48b9-ac3d-e3e93002734f">
      <Execution id="fd38645d-781e-4293-a9e0-ec8a9ca8e7cb" />
      <TestMethod codeBase="f:\vnext1\b25bab26\VSIDEProj.MEF\bin\Release\NonShipping\Microsoft.VisualStudio.Composition.Tests.dll" adapterTypeName="Microsoft.VisualStudio.TestTools.TestTypes.Unit.UnitTestAdapter" className="Microsoft.VisualStudio.Composition.Tests.ExportMetadataViewNameCollisionTests" name="V3 engine (runtime)" />
    </UnitTest>
    <UnitTest name="V3 engine (runtime)" storage="f:\vnext1\b25bab26\vsideproj.mef\bin\release\nonshipping\microsoft.visualstudio.composition.tests.dll" id="37000a88-bead-4155-b1a9-dc4572c691bc">
      <Execution id="386e142f-e6af-4f0a-969d-1d1517c7a5a8" />
      <TestMethod codeBase="f:\vnext1\b25bab26\VSIDEProj.MEF\bin\Release\NonShipping\Microsoft.VisualStudio.Composition.Tests.dll" adapterTypeName="Microsoft.VisualStudio.TestTools.TestTypes.Unit.UnitTestAdapter" className="Microsoft.VisualStudio.Composition.Tests.SharingBoundaryAcquiresSharedRootScopeExport" name="V3 engine (runtime)" />
    </UnitTest>
    <UnitTest name="V3 engine (runtime)" storage="f:\vnext1\b25bab26\vsideproj.mef\bin\release\nonshipping\microsoft.visualstudio.composition.tests.dll" id="3dd1bea5-3649-4840-acdf-a1afedcdb9a3">
      <Execution id="f8ac2bda-0c89-47fe-a032-2511fe8b0c82" />
      <TestMethod codeBase="f:\vnext1\b25bab26\VSIDEProj.MEF\bin\Release\NonShipping\Microsoft.VisualStudio.Composition.Tests.dll" adapterTypeName="Microsoft.VisualStudio.TestTools.TestTypes.Unit.UnitTestAdapter" className="Microsoft.VisualStudio.Composition.Tests.CompositionServiceTests" name="V3 engine (runtime)" />
    </UnitTest>
    <UnitTest name="V3 engine (runtime)" storage="f:\vnext1\b25bab26\vsideproj.mef\bin\release\nonshipping\microsoft.visualstudio.composition.tests.dll" id="92b8f12b-fb9c-4e75-a75d-ba293a21e651">
      <Execution id="a363dadf-b55c-402b-93f0-e39f8989bcb0" />
      <TestMethod codeBase="f:\vnext1\b25bab26\VSIDEProj.MEF\bin\Release\NonShipping\Microsoft.VisualStudio.Composition.Tests.dll" adapterTypeName="Microsoft.VisualStudio.TestTools.TestTypes.Unit.UnitTestAdapter" className="Microsoft.VisualStudio.Composition.Tests.SharingBoundaryInvalidTests" name="V3 engine (runtime)" />
    </UnitTest>
    <UnitTest name="V3 engine (runtime)" storage="f:\vnext1\b25bab26\vsideproj.mef\bin\release\nonshipping\microsoft.visualstudio.composition.tests.dll" id="27e53b63-aab4-4095-9ec1-0d2b5593f40e">
      <Execution id="57b18fa7-89bf-413f-8ded-1ba4e5cbf0e7" />
      <TestMethod codeBase="f:\vnext1\b25bab26\VSIDEProj.MEF\bin\Release\NonShipping\Microsoft.VisualStudio.Composition.Tests.dll" adapterTypeName="Microsoft.VisualStudio.TestTools.TestTypes.Unit.UnitTestAdapter" className="Microsoft.VisualStudio.Composition.Tests.InheritedExportTests" name="V3 engine (runtime)" />
    </UnitTest>
    <UnitTest name="V3 composition (V1, V2)" storage="f:\vnext1\b25bab26\vsideproj.mef\bin\release\nonshipping\microsoft.visualstudio.composition.tests.dll" id="4c49ff45-d952-4fd6-a5ab-50840493673e">
      <Execution id="43fd5d2e-8a3a-4e8e-b13e-befbf73f81bc" />
      <TestMethod codeBase="f:\vnext1\b25bab26\VSIDEProj.MEF\bin\Release\NonShipping\Microsoft.VisualStudio.Composition.Tests.dll" adapterTypeName="Microsoft.VisualStudio.TestTools.TestTypes.Unit.UnitTestAdapter" className="Microsoft.VisualStudio.Composition.Tests.OpenGenericExportTests" name="V3 composition (V1, V2)" />
    </UnitTest>
    <UnitTest name="V3 engine (runtime)" storage="f:\vnext1\b25bab26\vsideproj.mef\bin\release\nonshipping\microsoft.visualstudio.composition.tests.dll" id="cdfb84f8-ee55-4cd4-bca2-e04304136b2b">
      <Execution id="6cee2b64-802a-4ec8-8b32-8b8372d140c8" />
      <TestMethod codeBase="f:\vnext1\b25bab26\VSIDEProj.MEF\bin\Release\NonShipping\Microsoft.VisualStudio.Composition.Tests.dll" adapterTypeName="Microsoft.VisualStudio.TestTools.TestTypes.Unit.UnitTestAdapter" className="Microsoft.VisualStudio.Composition.Tests.ExportMetadataNameCollisionTests" name="V3 engine (runtime)" />
    </UnitTest>
    <UnitTest name="V3 engine (runtime)" storage="f:\vnext1\b25bab26\vsideproj.mef\bin\release\nonshipping\microsoft.visualstudio.composition.tests.dll" id="0bda9d09-5f97-4d27-a3eb-32941e9d5e26">
      <Execution id="548d8acf-03f8-4443-92d0-81d846dd06ec" />
      <TestMethod codeBase="f:\vnext1\b25bab26\VSIDEProj.MEF\bin\Release\NonShipping\Microsoft.VisualStudio.Composition.Tests.dll" adapterTypeName="Microsoft.VisualStudio.TestTools.TestTypes.Unit.UnitTestAdapter" className="Microsoft.VisualStudio.Composition.Tests.NonPublicImportsExportsTests" name="V3 engine (runtime)" />
    </UnitTest>
    <UnitTest name="V3 engine (runtime)" storage="f:\vnext1\b25bab26\vsideproj.mef\bin\release\nonshipping\microsoft.visualstudio.composition.tests.dll" id="40788585-5b54-4395-8ce0-42aac63f2ca8">
      <Execution id="4dcade02-359d-4dbc-a97c-6abc42ade8a9" />
      <TestMethod codeBase="f:\vnext1\b25bab26\VSIDEProj.MEF\bin\Release\NonShipping\Microsoft.VisualStudio.Composition.Tests.dll" adapterTypeName="Microsoft.VisualStudio.TestTools.TestTypes.Unit.UnitTestAdapter" className="Microsoft.VisualStudio.Composition.Tests.StaticMemberExportsTests" name="V3 engine (runtime)" />
    </UnitTest>
    <UnitTest name="V1" storage="f:\vnext1\b25bab26\vsideproj.mef\bin\release\nonshipping\microsoft.visualstudio.composition.tests.dll" id="19059efb-ffa2-43bf-b45c-aba825d239bd">
      <Execution id="87889d2f-e22e-4c0c-ad54-f66a4963277b" />
      <TestMethod codeBase="f:\vnext1\b25bab26\VSIDEProj.MEF\bin\Release\NonShipping\Microsoft.VisualStudio.Composition.Tests.dll" adapterTypeName="Microsoft.VisualStudio.TestTools.TestTypes.Unit.UnitTestAdapter" className="Microsoft.VisualStudio.Composition.Tests.InheritedExportTests" name="V1" />
    </UnitTest>
    <UnitTest name="GetAssemblyInputs_IdentifiesAssembliesDefiningBaseTypesOfParts" storage="f:\vnext1\b25bab26\vsideproj.mef\bin\release\nonshipping\microsoft.visualstudio.composition.tests.dll" id="c952ac8e-8426-4480-a5a7-1a651d41011e">
      <Execution id="2f693552-7b23-4b4c-95dd-e776835de886" />
      <TestMethod codeBase="f:\vnext1\b25bab26\VSIDEProj.MEF\bin\Release\NonShipping\Microsoft.VisualStudio.Composition.Tests.dll" adapterTypeName="Microsoft.VisualStudio.TestTools.TestTypes.Unit.UnitTestAdapter" className="Microsoft.VisualStudio.Composition.Tests.CompositionCatalogTests" name="GetAssemblyInputs_IdentifiesAssembliesDefiningBaseTypesOfParts" />
    </UnitTest>
    <UnitTest name="V1" storage="f:\vnext1\b25bab26\vsideproj.mef\bin\release\nonshipping\microsoft.visualstudio.composition.tests.dll" id="35da009b-3a58-47ed-9382-2ada91e0993b">
      <Execution id="be580e2a-1b21-4f42-95b8-6d7c3b1460d6" />
      <TestMethod codeBase="f:\vnext1\b25bab26\VSIDEProj.MEF\bin\Release\NonShipping\Microsoft.VisualStudio.Composition.Tests.dll" adapterTypeName="Microsoft.VisualStudio.TestTools.TestTypes.Unit.UnitTestAdapter" className="Microsoft.VisualStudio.Composition.Tests.NonPublicImportsExportsTests" name="V1" />
    </UnitTest>
    <UnitTest name="MetadataAddedAfterDiscoveryIsAvailableAtRuntime" storage="f:\vnext1\b25bab26\vsideproj.mef\bin\release\nonshipping\microsoft.visualstudio.composition.tests.dll" id="0d09202b-9232-4501-8bb4-efb391ebd037">
      <Execution id="0870a601-4aeb-40a7-ad0e-6519a58afb51" />
      <TestMethod codeBase="f:\vnext1\b25bab26\VSIDEProj.MEF\bin\Release\NonShipping\Microsoft.VisualStudio.Composition.Tests.dll" adapterTypeName="Microsoft.VisualStudio.TestTools.TestTypes.Unit.UnitTestAdapter" className="Microsoft.VisualStudio.Composition.Tests.ComposableCatalogTests" name="MetadataAddedAfterDiscoveryIsAvailableAtRuntime" />
    </UnitTest>
    <UnitTest name="V1" storage="f:\vnext1\b25bab26\vsideproj.mef\bin\release\nonshipping\microsoft.visualstudio.composition.tests.dll" id="1c2fb252-23a4-4aa1-a3cc-ed8f5473334c">
      <Execution id="dc3920c2-8e7d-4488-bb1e-8a8ce7d8a611" />
      <TestMethod codeBase="f:\vnext1\b25bab26\VSIDEProj.MEF\bin\Release\NonShipping\Microsoft.VisualStudio.Composition.Tests.dll" adapterTypeName="Microsoft.VisualStudio.TestTools.TestTypes.Unit.UnitTestAdapter" className="Microsoft.VisualStudio.Composition.Tests.StaticMemberExportsTests" name="V1" />
    </UnitTest>
    <UnitTest name="V1" storage="f:\vnext1\b25bab26\vsideproj.mef\bin\release\nonshipping\microsoft.visualstudio.composition.tests.dll" id="3ec55aba-7562-40c4-b4fa-7f40039d1506">
      <Execution id="9124f7ff-56b9-4910-9014-b8bca1d309fe" />
      <TestMethod codeBase="f:\vnext1\b25bab26\VSIDEProj.MEF\bin\Release\NonShipping\Microsoft.VisualStudio.Composition.Tests.dll" adapterTypeName="Microsoft.VisualStudio.TestTools.TestTypes.Unit.UnitTestAdapter" className="Microsoft.VisualStudio.Composition.Tests.StaticMemberExportsTests" name="V1" />
    </UnitTest>
    <UnitTest name="V3 engine (runtime)" storage="f:\vnext1\b25bab26\vsideproj.mef\bin\release\nonshipping\microsoft.visualstudio.composition.tests.dll" id="80e015fa-608f-480f-ab5b-7601cc286849">
      <Execution id="690d6b18-4473-4ded-b8eb-c8a84b9fd8fd" />
      <TestMethod codeBase="f:\vnext1\b25bab26\VSIDEProj.MEF\bin\Release\NonShipping\Microsoft.VisualStudio.Composition.Tests.dll" adapterTypeName="Microsoft.VisualStudio.TestTools.TestTypes.Unit.UnitTestAdapter" className="Microsoft.VisualStudio.Composition.Tests.CardinalityMismatchTests" name="V3 engine (runtime)" />
    </UnitTest>
    <UnitTest name="V1" storage="f:\vnext1\b25bab26\vsideproj.mef\bin\release\nonshipping\microsoft.visualstudio.composition.tests.dll" id="e1644f8c-f3c2-4837-b434-b94b79c37cd7">
      <Execution id="c8a8fbde-09d3-42e8-a90c-bf9200720441" />
      <TestMethod codeBase="f:\vnext1\b25bab26\VSIDEProj.MEF\bin\Release\NonShipping\Microsoft.VisualStudio.Composition.Tests.dll" adapterTypeName="Microsoft.VisualStudio.TestTools.TestTypes.Unit.UnitTestAdapter" className="Microsoft.VisualStudio.Composition.Tests.CardinalityMismatchTests" name="V1" />
    </UnitTest>
    <UnitTest name="V3 engine (runtime)" storage="f:\vnext1\b25bab26\vsideproj.mef\bin\release\nonshipping\microsoft.visualstudio.composition.tests.dll" id="6a73ffb9-ae10-4635-b250-f5548e5ca5b4">
      <Execution id="199ad551-377d-41bc-bef2-0e8aeb23cfdf" />
      <TestMethod codeBase="f:\vnext1\b25bab26\VSIDEProj.MEF\bin\Release\NonShipping\Microsoft.VisualStudio.Composition.Tests.dll" adapterTypeName="Microsoft.VisualStudio.TestTools.TestTypes.Unit.UnitTestAdapter" className="Microsoft.VisualStudio.Composition.Tests.MultipleSharingBoundariesTests" name="V3 engine (runtime)" />
    </UnitTest>
    <UnitTest name="V2" storage="f:\vnext1\b25bab26\vsideproj.mef\bin\release\nonshipping\microsoft.visualstudio.composition.tests.dll" id="686c1039-3404-4cb6-88e0-ecd582fb4bd6">
      <Execution id="d45eb2db-d9a2-4eab-b6fd-581c9d93c178" />
      <TestMethod codeBase="f:\vnext1\b25bab26\VSIDEProj.MEF\bin\Release\NonShipping\Microsoft.VisualStudio.Composition.Tests.dll" adapterTypeName="Microsoft.VisualStudio.TestTools.TestTypes.Unit.UnitTestAdapter" className="Microsoft.VisualStudio.Composition.Tests.MultipleSharingBoundariesTests" name="V2" />
    </UnitTest>
    <UnitTest name="V3 engine (runtime)" storage="f:\vnext1\b25bab26\vsideproj.mef\bin\release\nonshipping\microsoft.visualstudio.composition.tests.dll" id="371cc81a-9381-4e24-8594-70b605274620">
      <Execution id="57a55ef7-964e-48d4-a4c5-656ab2a0962e" />
      <TestMethod codeBase="f:\vnext1\b25bab26\VSIDEProj.MEF\bin\Release\NonShipping\Microsoft.VisualStudio.Composition.Tests.dll" adapterTypeName="Microsoft.VisualStudio.TestTools.TestTypes.Unit.UnitTestAdapter" className="Microsoft.VisualStudio.Composition.Tests.SharingBoundaryWithNonSharedTests" name="V3 engine (runtime)" />
    </UnitTest>
    <UnitTest name="V3 engine (runtime)" storage="f:\vnext1\b25bab26\vsideproj.mef\bin\release\nonshipping\microsoft.visualstudio.composition.tests.dll" id="72a30806-d45a-482b-a173-3182938042ca">
      <Execution id="648488b8-b12b-4aba-b388-77df20dca875" />
      <TestMethod codeBase="f:\vnext1\b25bab26\VSIDEProj.MEF\bin\Release\NonShipping\Microsoft.VisualStudio.Composition.Tests.dll" adapterTypeName="Microsoft.VisualStudio.TestTools.TestTypes.Unit.UnitTestAdapter" className="Microsoft.VisualStudio.Composition.Tests.MetadataViewImplementationTests" name="V3 engine (runtime)" />
    </UnitTest>
    <UnitTest name="V1" storage="f:\vnext1\b25bab26\vsideproj.mef\bin\release\nonshipping\microsoft.visualstudio.composition.tests.dll" id="d7a35c11-96bd-4035-b8ae-6fa69b540ad5">
      <Execution id="f21b04e6-885d-41c0-b3c9-d243560b088b" />
      <TestMethod codeBase="f:\vnext1\b25bab26\VSIDEProj.MEF\bin\Release\NonShipping\Microsoft.VisualStudio.Composition.Tests.dll" adapterTypeName="Microsoft.VisualStudio.TestTools.TestTypes.Unit.UnitTestAdapter" className="Microsoft.VisualStudio.Composition.Tests.MetadataViewImplementationTests" name="V1" />
    </UnitTest>
    <UnitTest name="V3 engine (runtime)" storage="f:\vnext1\b25bab26\vsideproj.mef\bin\release\nonshipping\microsoft.visualstudio.composition.tests.dll" id="ff5e64a9-7345-4375-a588-a096d5e20d05">
      <Execution id="2e418ebc-a5d5-445d-923c-032b3873de17" />
      <TestMethod codeBase="f:\vnext1\b25bab26\VSIDEProj.MEF\bin\Release\NonShipping\Microsoft.VisualStudio.Composition.Tests.dll" adapterTypeName="Microsoft.VisualStudio.TestTools.TestTypes.Unit.UnitTestAdapter" className="Microsoft.VisualStudio.Composition.Tests.CustomMetadataAttributeTests" name="V3 engine (runtime)" />
    </UnitTest>
    <UnitTest name="V1" storage="f:\vnext1\b25bab26\vsideproj.mef\bin\release\nonshipping\microsoft.visualstudio.composition.tests.dll" id="300872b4-7242-466d-b6f4-9b40d754a44d">
      <Execution id="2bbceed1-acf5-43cc-a1eb-1441a72f9fcf" />
      <TestMethod codeBase="f:\vnext1\b25bab26\VSIDEProj.MEF\bin\Release\NonShipping\Microsoft.VisualStudio.Composition.Tests.dll" adapterTypeName="Microsoft.VisualStudio.TestTools.TestTypes.Unit.UnitTestAdapter" className="Microsoft.VisualStudio.Composition.Tests.CustomMetadataAttributeTests" name="V1" />
    </UnitTest>
    <UnitTest name="V3 composition (V1, V2)" storage="f:\vnext1\b25bab26\vsideproj.mef\bin\release\nonshipping\microsoft.visualstudio.composition.tests.dll" id="a749729e-09bf-4b66-92af-15afa8b12fb7">
      <Execution id="1c32ada9-e60f-4109-8399-15225512f2ac" />
      <TestMethod codeBase="f:\vnext1\b25bab26\VSIDEProj.MEF\bin\Release\NonShipping\Microsoft.VisualStudio.Composition.Tests.dll" adapterTypeName="Microsoft.VisualStudio.TestTools.TestTypes.Unit.UnitTestAdapter" className="Microsoft.VisualStudio.Composition.Tests.ImportOfTResolvedByDerivedClassTests" name="V3 composition (V1, V2)" />
    </UnitTest>
    <UnitTest name="V2" storage="f:\vnext1\b25bab26\vsideproj.mef\bin\release\nonshipping\microsoft.visualstudio.composition.tests.dll" id="c4f92243-8541-4ab0-a77e-b215a994f3ec">
      <Execution id="97234fd9-0749-4524-ab27-d6a71a58f654" />
      <TestMethod codeBase="f:\vnext1\b25bab26\VSIDEProj.MEF\bin\Release\NonShipping\Microsoft.VisualStudio.Composition.Tests.dll" adapterTypeName="Microsoft.VisualStudio.TestTools.TestTypes.Unit.UnitTestAdapter" className="Microsoft.VisualStudio.Composition.Tests.SharingBoundaryWithNonSharedTests" name="V2" />
    </UnitTest>
    <UnitTest name="V3 composition (V1, V2)" storage="f:\vnext1\b25bab26\vsideproj.mef\bin\release\nonshipping\microsoft.visualstudio.composition.tests.dll" id="39fd8c73-ae05-496b-82fd-21bb7e4f73fe">
      <Execution id="fb24397b-9d77-46a4-af2d-a692a1f2a0a9" />
      <TestMethod codeBase="f:\vnext1\b25bab26\VSIDEProj.MEF\bin\Release\NonShipping\Microsoft.VisualStudio.Composition.Tests.dll" adapterTypeName="Microsoft.VisualStudio.TestTools.TestTypes.Unit.UnitTestAdapter" className="Microsoft.VisualStudio.Composition.Tests.CircularDependencyTests" name="V3 composition (V1, V2)" />
    </UnitTest>
    <UnitTest name="V1" storage="f:\vnext1\b25bab26\vsideproj.mef\bin\release\nonshipping\microsoft.visualstudio.composition.tests.dll" id="2c0b6168-ad94-4f45-a4a3-952cee874e9a">
      <Execution id="c670930d-8d43-4cc6-b35f-17091800adff" />
      <TestMethod codeBase="f:\vnext1\b25bab26\VSIDEProj.MEF\bin\Release\NonShipping\Microsoft.VisualStudio.Composition.Tests.dll" adapterTypeName="Microsoft.VisualStudio.TestTools.TestTypes.Unit.UnitTestAdapter" className="Microsoft.VisualStudio.Composition.Tests.CircularDependencyTests" name="V1" />
    </UnitTest>
    <UnitTest name="V3 engine (runtime)" storage="f:\vnext1\b25bab26\vsideproj.mef\bin\release\nonshipping\microsoft.visualstudio.composition.tests.dll" id="0c806ab6-8ab4-4168-8f4c-73745c8a21f2">
      <Execution id="cfd913a0-6b55-4955-8150-97e2c3300e47" />
      <TestMethod codeBase="f:\vnext1\b25bab26\VSIDEProj.MEF\bin\Release\NonShipping\Microsoft.VisualStudio.Composition.Tests.dll" adapterTypeName="Microsoft.VisualStudio.TestTools.TestTypes.Unit.UnitTestAdapter" className="Microsoft.VisualStudio.Composition.Tests.ExportImportViaBaseType" name="V3 engine (runtime)" />
    </UnitTest>
    <UnitTest name="V3 engine (runtime)" storage="f:\vnext1\b25bab26\vsideproj.mef\bin\release\nonshipping\microsoft.visualstudio.composition.tests.dll" id="7f2d7775-5469-4242-b9bb-578a5d07cff1">
      <Execution id="f737b0bb-9006-40d8-9150-5db9da9572ac" />
      <TestMethod codeBase="f:\vnext1\b25bab26\VSIDEProj.MEF\bin\Release\NonShipping\Microsoft.VisualStudio.Composition.Tests.dll" adapterTypeName="Microsoft.VisualStudio.TestTools.TestTypes.Unit.UnitTestAdapter" className="Microsoft.VisualStudio.Composition.Tests.InheritedImportTests" name="V3 engine (runtime)" />
    </UnitTest>
    <UnitTest name="V3 engine (runtime)" storage="f:\vnext1\b25bab26\vsideproj.mef\bin\release\nonshipping\microsoft.visualstudio.composition.tests.dll" id="bf0592d3-2715-4997-b986-9b15077e029d">
      <Execution id="355fa5b4-dfd8-40c8-acab-2dae75478876" />
      <TestMethod codeBase="f:\vnext1\b25bab26\VSIDEProj.MEF\bin\Release\NonShipping\Microsoft.VisualStudio.Composition.Tests.dll" adapterTypeName="Microsoft.VisualStudio.TestTools.TestTypes.Unit.UnitTestAdapter" className="Microsoft.VisualStudio.Composition.Tests.ImportMetadataConstraintTests" name="V3 engine (runtime)" />
    </UnitTest>
    <UnitTest name="V3 engine (runtime)" storage="f:\vnext1\b25bab26\vsideproj.mef\bin\release\nonshipping\microsoft.visualstudio.composition.tests.dll" id="dd4c3284-396b-4c4a-a49e-2ce623f919a9">
      <Execution id="606fdfff-fac2-44dc-a4af-cd01fd71836f" />
      <TestMethod codeBase="f:\vnext1\b25bab26\VSIDEProj.MEF\bin\Release\NonShipping\Microsoft.VisualStudio.Composition.Tests.dll" adapterTypeName="Microsoft.VisualStudio.TestTools.TestTypes.Unit.UnitTestAdapter" className="Microsoft.VisualStudio.Composition.Tests.SharingBoundaryWithMixedMefParts" name="V3 engine (runtime)" />
    </UnitTest>
    <UnitTest name="V3 engine (runtime)" storage="f:\vnext1\b25bab26\vsideproj.mef\bin\release\nonshipping\microsoft.visualstudio.composition.tests.dll" id="e13e7ca9-ccdd-4292-892a-44e924e30a43">
      <Execution id="7e66d214-11e2-42e2-8eb3-c6273df0f196" />
      <TestMethod codeBase="f:\vnext1\b25bab26\VSIDEProj.MEF\bin\Release\NonShipping\Microsoft.VisualStudio.Composition.Tests.dll" adapterTypeName="Microsoft.VisualStudio.TestTools.TestTypes.Unit.UnitTestAdapter" className="Microsoft.VisualStudio.Composition.Tests.ExportingMembersTests" name="V3 engine (runtime)" />
    </UnitTest>
    <UnitTest name="V2" storage="f:\vnext1\b25bab26\vsideproj.mef\bin\release\nonshipping\microsoft.visualstudio.composition.tests.dll" id="b136abc4-1582-46eb-83fc-aacd2c1b2340">
      <Execution id="87556dec-d1b3-4724-936f-d9e9e5456673" />
      <TestMethod codeBase="f:\vnext1\b25bab26\VSIDEProj.MEF\bin\Release\NonShipping\Microsoft.VisualStudio.Composition.Tests.dll" adapterTypeName="Microsoft.VisualStudio.TestTools.TestTypes.Unit.UnitTestAdapter" className="Microsoft.VisualStudio.Composition.Tests.ImportMetadataConstraintTests" name="V2" />
    </UnitTest>
    <UnitTest name="V1" storage="f:\vnext1\b25bab26\vsideproj.mef\bin\release\nonshipping\microsoft.visualstudio.composition.tests.dll" id="b62987f1-7362-4845-8c02-f90441a522f8">
      <Execution id="2128082d-7a06-4cfd-b846-3ca95651d1b2" />
      <TestMethod codeBase="f:\vnext1\b25bab26\VSIDEProj.MEF\bin\Release\NonShipping\Microsoft.VisualStudio.Composition.Tests.dll" adapterTypeName="Microsoft.VisualStudio.TestTools.TestTypes.Unit.UnitTestAdapter" className="Microsoft.VisualStudio.Composition.Tests.ExportingMembersTests" name="V1" />
    </UnitTest>
    <UnitTest name="V3 composition (V1, V2)" storage="f:\vnext1\b25bab26\vsideproj.mef\bin\release\nonshipping\microsoft.visualstudio.composition.tests.dll" id="33b736b7-526b-4aae-9af4-5efec1602541">
      <Execution id="c8b8eb33-b7fd-45fd-b73a-14143fc3e7a0" />
      <TestMethod codeBase="f:\vnext1\b25bab26\VSIDEProj.MEF\bin\Release\NonShipping\Microsoft.VisualStudio.Composition.Tests.dll" adapterTypeName="Microsoft.VisualStudio.TestTools.TestTypes.Unit.UnitTestAdapter" className="Microsoft.VisualStudio.Composition.Tests.DisposablePartsTests" name="V3 composition (V1, V2)" />
    </UnitTest>
    <UnitTest name="V3 engine (runtime)" storage="f:\vnext1\b25bab26\vsideproj.mef\bin\release\nonshipping\microsoft.visualstudio.composition.tests.dll" id="0311c36a-6178-4acc-9512-8e0bdba29eb5">
      <Execution id="bfa4c4be-18bc-4350-8de5-5bff159913b1" />
      <TestMethod codeBase="f:\vnext1\b25bab26\VSIDEProj.MEF\bin\Release\NonShipping\Microsoft.VisualStudio.Composition.Tests.dll" adapterTypeName="Microsoft.VisualStudio.TestTools.TestTypes.Unit.UnitTestAdapter" className="Microsoft.VisualStudio.Composition.Tests.ProjectSystemMockTests" name="V3 engine (runtime)" />
    </UnitTest>
    <UnitTest name="V3 engine (runtime)" storage="f:\vnext1\b25bab26\vsideproj.mef\bin\release\nonshipping\microsoft.visualstudio.composition.tests.dll" id="3317f930-a32f-46b6-abe5-c68d6282c051">
      <Execution id="de839eaa-6357-41b0-83b1-45c6df85db73" />
      <TestMethod codeBase="f:\vnext1\b25bab26\VSIDEProj.MEF\bin\Release\NonShipping\Microsoft.VisualStudio.Composition.Tests.dll" adapterTypeName="Microsoft.VisualStudio.TestTools.TestTypes.Unit.UnitTestAdapter" className="Microsoft.VisualStudio.Composition.Tests.AssemblyReferencingTests" name="V3 engine (runtime)" />
    </UnitTest>
    <UnitTest name="V3 composition (V1)" storage="f:\vnext1\b25bab26\vsideproj.mef\bin\release\nonshipping\microsoft.visualstudio.composition.tests.dll" id="5c788a8f-78e0-4f03-b1e5-3ec29088478a">
      <Execution id="513d8aa3-4b44-475d-8c35-028699b57937" />
      <TestMethod codeBase="f:\vnext1\b25bab26\VSIDEProj.MEF\bin\Release\NonShipping\Microsoft.VisualStudio.Composition.Tests.dll" adapterTypeName="Microsoft.VisualStudio.TestTools.TestTypes.Unit.UnitTestAdapter" className="Microsoft.VisualStudio.Composition.Tests.ImportSiteCreationPolicyTests" name="V3 composition (V1)" />
    </UnitTest>
    <UnitTest name="V3 engine (runtime)" storage="f:\vnext1\b25bab26\vsideproj.mef\bin\release\nonshipping\microsoft.visualstudio.composition.tests.dll" id="93c8e569-1ecf-4a35-a2e6-7a0629cd5a46">
      <Execution id="4b801fb6-1472-46d0-ae7b-2eb92447f8db" />
      <TestMethod codeBase="f:\vnext1\b25bab26\VSIDEProj.MEF\bin\Release\NonShipping\Microsoft.VisualStudio.Composition.Tests.dll" adapterTypeName="Microsoft.VisualStudio.TestTools.TestTypes.Unit.UnitTestAdapter" className="Microsoft.VisualStudio.Composition.Tests.SharingBoundaryWithSharedTests" name="V3 engine (runtime)" />
    </UnitTest>
    <UnitTest name="V3 engine (runtime)" storage="f:\vnext1\b25bab26\vsideproj.mef\bin\release\nonshipping\microsoft.visualstudio.composition.tests.dll" id="c0f7003b-7e00-493a-92b5-da0b7e475330">
      <Execution id="dc3387dd-5dc9-4eaf-b987-40290b0acc30" />
      <TestMethod codeBase="f:\vnext1\b25bab26\VSIDEProj.MEF\bin\Release\NonShipping\Microsoft.VisualStudio.Composition.Tests.dll" adapterTypeName="Microsoft.VisualStudio.TestTools.TestTypes.Unit.UnitTestAdapter" className="Microsoft.VisualStudio.Composition.Tests.SharedNoBoundaryExportsTests" name="V3 engine (runtime)" />
    </UnitTest>
    <UnitTest name="V2" storage="f:\vnext1\b25bab26\vsideproj.mef\bin\release\nonshipping\microsoft.visualstudio.composition.tests.dll" id="95ab6e1d-8cff-4ee3-ba3b-8280a512b98a">
      <Execution id="098f7425-d795-4b7d-bc61-16ba7e82f9e7" />
      <TestMethod codeBase="f:\vnext1\b25bab26\VSIDEProj.MEF\bin\Release\NonShipping\Microsoft.VisualStudio.Composition.Tests.dll" adapterTypeName="Microsoft.VisualStudio.TestTools.TestTypes.Unit.UnitTestAdapter" className="Microsoft.VisualStudio.Composition.Tests.ProjectSystemMockTests" name="V2" />
    </UnitTest>
    <UnitTest name="V3 engine (runtime)" storage="f:\vnext1\b25bab26\vsideproj.mef\bin\release\nonshipping\microsoft.visualstudio.composition.tests.dll" id="3d2c2b2f-50e4-477e-9ce8-929f2dd9214e">
      <Execution id="237c1a40-d78a-4b21-a3ad-b583b77747a4" />
      <TestMethod codeBase="f:\vnext1\b25bab26\VSIDEProj.MEF\bin\Release\NonShipping\Microsoft.VisualStudio.Composition.Tests.dll" adapterTypeName="Microsoft.VisualStudio.TestTools.TestTypes.Unit.UnitTestAdapter" className="Microsoft.VisualStudio.Composition.Tests.DelegatingExportProviderTests" name="V3 engine (runtime)" />
    </UnitTest>
    <UnitTest name="V3 composition (V1, V2)" storage="f:\vnext1\b25bab26\vsideproj.mef\bin\release\nonshipping\microsoft.visualstudio.composition.tests.dll" id="5acb7c9c-e9e6-402f-8463-e7b56e83557d">
      <Execution id="f827e61c-c94a-4dd1-a82d-21c61a9e5976" />
      <TestMethod codeBase="f:\vnext1\b25bab26\VSIDEProj.MEF\bin\Release\NonShipping\Microsoft.VisualStudio.Composition.Tests.dll" adapterTypeName="Microsoft.VisualStudio.TestTools.TestTypes.Unit.UnitTestAdapter" className="Microsoft.VisualStudio.Composition.Tests.GuidMetadataTests" name="V3 composition (V1, V2)" />
    </UnitTest>
    <UnitTest name="V2" storage="f:\vnext1\b25bab26\vsideproj.mef\bin\release\nonshipping\microsoft.visualstudio.composition.tests.dll" id="8a0770f5-a14c-4b8f-89ec-dcb2ff1c8b1f">
      <Execution id="3893d51b-ae5d-4f73-b8c3-9d523a1a2a54" />
      <TestMethod codeBase="f:\vnext1\b25bab26\VSIDEProj.MEF\bin\Release\NonShipping\Microsoft.VisualStudio.Composition.Tests.dll" adapterTypeName="Microsoft.VisualStudio.TestTools.TestTypes.Unit.UnitTestAdapter" className="Microsoft.VisualStudio.Composition.Tests.SharedNoBoundaryExportsTests" name="V2" />
    </UnitTest>
    <UnitTest name="V3 composition (V1, V2)" storage="f:\vnext1\b25bab26\vsideproj.mef\bin\release\nonshipping\microsoft.visualstudio.composition.tests.dll" id="8861ca3c-75b6-4cef-b5dc-8e1b69cd10ae">
      <Execution id="9df2501e-c669-4524-8de1-2e1251e34f48" />
      <TestMethod codeBase="f:\vnext1\b25bab26\VSIDEProj.MEF\bin\Release\NonShipping\Microsoft.VisualStudio.Composition.Tests.dll" adapterTypeName="Microsoft.VisualStudio.TestTools.TestTypes.Unit.UnitTestAdapter" className="Microsoft.VisualStudio.Composition.Tests.AmbiguousPartNamesTests" name="V3 composition (V1, V2)" />
    </UnitTest>
    <UnitTest name="V3 composition (V1, V2)" storage="f:\vnext1\b25bab26\vsideproj.mef\bin\release\nonshipping\microsoft.visualstudio.composition.tests.dll" id="4d1e8ecc-03d9-4e2a-b088-9f19281406ca">
      <Execution id="ba10475f-9576-43df-9f9a-8b998e33e756" />
      <TestMethod codeBase="f:\vnext1\b25bab26\VSIDEProj.MEF\bin\Release\NonShipping\Microsoft.VisualStudio.Composition.Tests.dll" adapterTypeName="Microsoft.VisualStudio.TestTools.TestTypes.Unit.UnitTestAdapter" className="Microsoft.VisualStudio.Composition.Tests.MixedGenericExportsTests" name="V3 composition (V1, V2)" />
    </UnitTest>
    <UnitTest name="V3 composition (V1, V2)" storage="f:\vnext1\b25bab26\vsideproj.mef\bin\release\nonshipping\microsoft.visualstudio.composition.tests.dll" id="afc388d0-a2db-4e36-b458-0d3565235e5c">
      <Execution id="55c16298-c2f3-4c7f-ac4b-36e292122e4e" />
      <TestMethod codeBase="f:\vnext1\b25bab26\VSIDEProj.MEF\bin\Release\NonShipping\Microsoft.VisualStudio.Composition.Tests.dll" adapterTypeName="Microsoft.VisualStudio.TestTools.TestTypes.Unit.UnitTestAdapter" className="Microsoft.VisualStudio.Composition.Tests.ExportMetadataNonStringValuesTests" name="V3 composition (V1, V2)" />
    </UnitTest>
    <UnitTest name="V3 composition (V1, V2)" storage="f:\vnext1\b25bab26\vsideproj.mef\bin\release\nonshipping\microsoft.visualstudio.composition.tests.dll" id="5b2737b8-9bb8-4650-aecf-09a61f3a2502">
      <Execution id="88ec650c-2b0d-4cf7-b3b9-6f1a8cb58024" />
      <TestMethod codeBase="f:\vnext1\b25bab26\VSIDEProj.MEF\bin\Release\NonShipping\Microsoft.VisualStudio.Composition.Tests.dll" adapterTypeName="Microsoft.VisualStudio.TestTools.TestTypes.Unit.UnitTestAdapter" className="Microsoft.VisualStudio.Composition.Tests.MultipleExportsOnPartTests" name="V3 composition (V1, V2)" />
    </UnitTest>
    <UnitTest name="V3 composition (V1, V2)" storage="f:\vnext1\b25bab26\vsideproj.mef\bin\release\nonshipping\microsoft.visualstudio.composition.tests.dll" id="4503ce31-6d36-47f8-8c46-dc70f8a8524f">
      <Execution id="62743d0d-8e1d-4885-81c7-371fbe1d1d63" />
      <TestMethod codeBase="f:\vnext1\b25bab26\VSIDEProj.MEF\bin\Release\NonShipping\Microsoft.VisualStudio.Composition.Tests.dll" adapterTypeName="Microsoft.VisualStudio.TestTools.TestTypes.Unit.UnitTestAdapter" className="Microsoft.VisualStudio.Composition.Tests.InvalidGraphTests" name="V3 composition (V1, V2)" />
    </UnitTest>
    <UnitTest name="CreateDgmlFromConfigurationWithScopes" storage="f:\vnext1\b25bab26\vsideproj.mef\bin\release\nonshipping\microsoft.visualstudio.composition.tests.dll" id="8e303182-e87e-497e-8ac3-0adf4aeb9620">
      <Execution id="bc44b42e-91d5-4cc7-a1ce-896791f64434" />
      <TestMethod codeBase="f:\vnext1\b25bab26\VSIDEProj.MEF\bin\Release\NonShipping\Microsoft.VisualStudio.Composition.Tests.dll" adapterTypeName="Microsoft.VisualStudio.TestTools.TestTypes.Unit.UnitTestAdapter" className="Microsoft.VisualStudio.Composition.Tests.DgmlProduction" name="CreateDgmlFromConfigurationWithScopes" />
    </UnitTest>
    <UnitTest name="V2" storage="f:\vnext1\b25bab26\vsideproj.mef\bin\release\nonshipping\microsoft.visualstudio.composition.tests.dll" id="34ea6164-5c38-4a25-b586-cb1afae22d4c">
      <Execution id="3727e299-ee25-4644-a43e-ff05077129e3" />
      <TestMethod codeBase="f:\vnext1\b25bab26\VSIDEProj.MEF\bin\Release\NonShipping\Microsoft.VisualStudio.Composition.Tests.dll" adapterTypeName="Microsoft.VisualStudio.TestTools.TestTypes.Unit.UnitTestAdapter" className="Microsoft.VisualStudio.Composition.Tests.SharingBoundaryWithSharedTests" name="V2" />
    </UnitTest>
    <UnitTest name="V2" storage="f:\vnext1\b25bab26\vsideproj.mef\bin\release\nonshipping\microsoft.visualstudio.composition.tests.dll" id="61034144-a4ba-4d84-b29a-e6328f1bd387">
      <Execution id="81a54866-fc44-4ccf-a11a-5887b02e1199" />
      <TestMethod codeBase="f:\vnext1\b25bab26\VSIDEProj.MEF\bin\Release\NonShipping\Microsoft.VisualStudio.Composition.Tests.dll" adapterTypeName="Microsoft.VisualStudio.TestTools.TestTypes.Unit.UnitTestAdapter" className="Microsoft.VisualStudio.Composition.Tests.InvalidGraphTests" name="V2" />
    </UnitTest>
    <UnitTest name="V3 composition (V1, V2)" storage="f:\vnext1\b25bab26\vsideproj.mef\bin\release\nonshipping\microsoft.visualstudio.composition.tests.dll" id="60a88587-69d3-4487-a58f-ff4e1fa5fb0b">
      <Execution id="f9a76235-bbd0-4996-97e6-06e10cf80659" />
      <TestMethod codeBase="f:\vnext1\b25bab26\VSIDEProj.MEF\bin\Release\NonShipping\Microsoft.VisualStudio.Composition.Tests.dll" adapterTypeName="Microsoft.VisualStudio.TestTools.TestTypes.Unit.UnitTestAdapter" className="Microsoft.VisualStudio.Composition.Tests.OnImportsSatisfiedTests" name="V3 composition (V1, V2)" />
    </UnitTest>
    <UnitTest name="V3 composition (V1, V2)" storage="f:\vnext1\b25bab26\vsideproj.mef\bin\release\nonshipping\microsoft.visualstudio.composition.tests.dll" id="fb84e361-5889-4537-b29b-d3cf4909dcd4">
      <Execution id="23436e8d-1be8-4ae8-b996-864134a88feb" />
      <TestMethod codeBase="f:\vnext1\b25bab26\VSIDEProj.MEF\bin\Release\NonShipping\Microsoft.VisualStudio.Composition.Tests.dll" adapterTypeName="Microsoft.VisualStudio.TestTools.TestTypes.Unit.UnitTestAdapter" className="Microsoft.VisualStudio.Composition.Tests.NonSharedPartTests" name="V3 composition (V1, V2)" />
    </UnitTest>
    <UnitTest name="V3 composition (V1, V2)" storage="f:\vnext1\b25bab26\vsideproj.mef\bin\release\nonshipping\microsoft.visualstudio.composition.tests.dll" id="e66e65ab-1c54-4035-8008-dcad68a33b81">
      <Execution id="0fe1caa6-78fe-49ea-8c97-b8cc0ea98e1a" />
      <TestMethod codeBase="f:\vnext1\b25bab26\VSIDEProj.MEF\bin\Release\NonShipping\Microsoft.VisualStudio.Composition.Tests.dll" adapterTypeName="Microsoft.VisualStudio.TestTools.TestTypes.Unit.UnitTestAdapter" className="Microsoft.VisualStudio.Composition.Tests.ClosedGenericExportedTypeTests" name="V3 composition (V1, V2)" />
    </UnitTest>
    <UnitTest name="V3 composition (V1, V2)" storage="f:\vnext1\b25bab26\vsideproj.mef\bin\release\nonshipping\microsoft.visualstudio.composition.tests.dll" id="c888def3-67aa-4f1f-8aa4-8b2f3d2c3e77">
      <Execution id="de749cc1-6b2e-4bdf-947f-b2269fd6ca82" />
      <TestMethod codeBase="f:\vnext1\b25bab26\VSIDEProj.MEF\bin\Release\NonShipping\Microsoft.VisualStudio.Composition.Tests.dll" adapterTypeName="Microsoft.VisualStudio.TestTools.TestTypes.Unit.UnitTestAdapter" className="Microsoft.VisualStudio.Composition.Tests.NamedTypedExportTests" name="V3 composition (V1, V2)" />
    </UnitTest>
    <UnitTest name="V3 composition (V1, V2)" storage="f:\vnext1\b25bab26\vsideproj.mef\bin\release\nonshipping\microsoft.visualstudio.composition.tests.dll" id="c0c643b2-9a6c-4772-acd2-99832948b955">
      <Execution id="3ec48ed1-0e90-4b60-8130-c801ab81479f" />
      <TestMethod codeBase="f:\vnext1\b25bab26\VSIDEProj.MEF\bin\Release\NonShipping\Microsoft.VisualStudio.Composition.Tests.dll" adapterTypeName="Microsoft.VisualStudio.TestTools.TestTypes.Unit.UnitTestAdapter" className="Microsoft.VisualStudio.Composition.Tests.GenericImportTests" name="V3 composition (V1, V2)" />
    </UnitTest>
    <UnitTest name="CacheAndReload" storage="f:\vnext1\b25bab26\vsideproj.mef\bin\release\nonshipping\microsoft.visualstudio.composition.tests.dll" id="d1553e85-54cf-4e08-b4a0-1754cb02a300">
      <Execution id="7b0bb6d0-816b-4e84-b8c3-1e4a79e2e02f" />
      <TestMethod codeBase="f:\vnext1\b25bab26\VSIDEProj.MEF\bin\Release\NonShipping\Microsoft.VisualStudio.Composition.Tests.dll" adapterTypeName="Microsoft.VisualStudio.TestTools.TestTypes.Unit.UnitTestAdapter" className="Microsoft.VisualStudio.Composition.Tests.DataFileCacheAndReloadTests" name="CacheAndReload" />
    </UnitTest>
    <UnitTest name="V3 composition (V1, V2)" storage="f:\vnext1\b25bab26\vsideproj.mef\bin\release\nonshipping\microsoft.visualstudio.composition.tests.dll" id="f8d17a10-3082-4222-b97a-bd5a00b0b16c">
      <Execution id="c09a402a-6dad-4ba7-97f9-4a1b13c991c7" />
      <TestMethod codeBase="f:\vnext1\b25bab26\VSIDEProj.MEF\bin\Release\NonShipping\Microsoft.VisualStudio.Composition.Tests.dll" adapterTypeName="Microsoft.VisualStudio.TestTools.TestTypes.Unit.UnitTestAdapter" className="Microsoft.VisualStudio.Composition.Tests.ExportMetadataMultipleTests" name="V3 composition (V1, V2)" />
    </UnitTest>
    <UnitTest name="V3 composition (V1, V2)" storage="f:\vnext1\b25bab26\vsideproj.mef\bin\release\nonshipping\microsoft.visualstudio.composition.tests.dll" id="fac3932b-e8f4-4d3d-8d19-80bbbc369b74">
      <Execution id="28b02bac-f965-47af-8e14-8d588735638a" />
      <TestMethod codeBase="f:\vnext1\b25bab26\VSIDEProj.MEF\bin\Release\NonShipping\Microsoft.VisualStudio.Composition.Tests.dll" adapterTypeName="Microsoft.VisualStudio.TestTools.TestTypes.Unit.UnitTestAdapter" className="Microsoft.VisualStudio.Composition.Tests.FaultyPartsTests" name="V3 composition (V1, V2)" />
    </UnitTest>
    <UnitTest name="V3 engine (runtime)" storage="f:\vnext1\b25bab26\vsideproj.mef\bin\release\nonshipping\microsoft.visualstudio.composition.tests.dll" id="2c7db291-1db3-4b80-a064-d4cfbe2f415c">
      <Execution id="7d18dff0-0138-4a15-bd12-a955eb0bb969" />
      <TestMethod codeBase="f:\vnext1\b25bab26\VSIDEProj.MEF\bin\Release\NonShipping\Microsoft.VisualStudio.Composition.Tests.dll" adapterTypeName="Microsoft.VisualStudio.TestTools.TestTypes.Unit.UnitTestAdapter" className="Microsoft.VisualStudio.Composition.Tests.EmbeddedableTypesMixedTests" name="V3 engine (runtime)" />
    </UnitTest>
    <UnitTest name="AssemblyDiscoveryDropsProblematicTypesAndSalvagesOthersInSameAssembly" storage="f:\vnext1\b25bab26\vsideproj.mef\bin\release\nonshipping\microsoft.visualstudio.composition.tests.dll" id="fcd7a3e8-52c7-4ea0-9fd6-9c42fdb31fa2">
      <Execution id="482c31f8-7855-462f-bac8-20dd60067f72" />
      <TestMethod codeBase="f:\vnext1\b25bab26\VSIDEProj.MEF\bin\Release\NonShipping\Microsoft.VisualStudio.Composition.Tests.dll" adapterTypeName="Microsoft.VisualStudio.TestTools.TestTypes.Unit.UnitTestAdapter" className="Microsoft.VisualStudio.Composition.Tests.AttributedPartDiscoveryV1Tests" name="AssemblyDiscoveryDropsProblematicTypesAndSalvagesOthersInSameAssembly" />
    </UnitTest>
    <UnitTest name="MissingImportingConstructor" storage="f:\vnext1\b25bab26\vsideproj.mef\bin\release\nonshipping\microsoft.visualstudio.composition.tests.dll" id="5b5d7136-e03d-4603-87fa-a665c262d252">
      <Execution id="7871aee6-8aec-47df-b5f6-3fc58e72b30d" />
      <TestMethod codeBase="f:\vnext1\b25bab26\VSIDEProj.MEF\bin\Release\NonShipping\Microsoft.VisualStudio.Composition.Tests.dll" adapterTypeName="Microsoft.VisualStudio.TestTools.TestTypes.Unit.UnitTestAdapter" className="Microsoft.VisualStudio.Composition.Tests.AttributedPartDiscoveryV1Tests" name="MissingImportingConstructor" />
    </UnitTest>
    <UnitTest name="IndexerInDerivedAndBase" storage="f:\vnext1\b25bab26\vsideproj.mef\bin\release\nonshipping\microsoft.visualstudio.composition.tests.dll" id="6844afe1-cd40-4b15-a307-002a2f855e92">
      <Execution id="8de010fc-151f-4597-b2eb-2c9cfe82fe57" />
      <TestMethod codeBase="f:\vnext1\b25bab26\VSIDEProj.MEF\bin\Release\NonShipping\Microsoft.VisualStudio.Composition.Tests.dll" adapterTypeName="Microsoft.VisualStudio.TestTools.TestTypes.Unit.UnitTestAdapter" className="Microsoft.VisualStudio.Composition.Tests.AttributedPartDiscoveryV1Tests" name="IndexerInDerivedAndBase" />
    </UnitTest>
    <UnitTest name="V3 engine (runtime)" storage="f:\vnext1\b25bab26\vsideproj.mef\bin\release\nonshipping\microsoft.visualstudio.composition.tests.dll" id="5a155deb-9fe1-4877-95b1-7618e3dd6dbc">
      <Execution id="f9bf2da0-024c-4ec8-866f-ed13d74e3dc2" />
      <TestMethod codeBase="f:\vnext1\b25bab26\VSIDEProj.MEF\bin\Release\NonShipping\Microsoft.VisualStudio.Composition.Tests.dll" adapterTypeName="Microsoft.VisualStudio.TestTools.TestTypes.Unit.UnitTestAdapter" className="Microsoft.VisualStudio.Composition.Tests.SimpleImportExportTests" name="V3 engine (runtime)" />
    </UnitTest>
    <UnitTest name="V1" storage="f:\vnext1\b25bab26\vsideproj.mef\bin\release\nonshipping\microsoft.visualstudio.composition.tests.dll" id="aeecd1a9-1ea6-43cc-a192-d862486c47c5">
      <Execution id="ca9a6e96-8595-4b4c-90a5-f96dfc865e59" />
      <TestMethod codeBase="f:\vnext1\b25bab26\VSIDEProj.MEF\bin\Release\NonShipping\Microsoft.VisualStudio.Composition.Tests.dll" adapterTypeName="Microsoft.VisualStudio.TestTools.TestTypes.Unit.UnitTestAdapter" className="Microsoft.VisualStudio.Composition.Tests.SimpleImportExportTests" name="V1" />
    </UnitTest>
    <UnitTest name="V2" storage="f:\vnext1\b25bab26\vsideproj.mef\bin\release\nonshipping\microsoft.visualstudio.composition.tests.dll" id="529e7d94-f4f9-44a2-bcfc-b4189a0375af">
      <Execution id="53009c48-9678-46ae-8d8a-680e81736166" />
      <TestMethod codeBase="f:\vnext1\b25bab26\VSIDEProj.MEF\bin\Release\NonShipping\Microsoft.VisualStudio.Composition.Tests.dll" adapterTypeName="Microsoft.VisualStudio.TestTools.TestTypes.Unit.UnitTestAdapter" className="Microsoft.VisualStudio.Composition.Tests.SimpleImportExportTests" name="V2" />
    </UnitTest>
    <UnitTest name="V3 engine (runtime)" storage="f:\vnext1\b25bab26\vsideproj.mef\bin\release\nonshipping\microsoft.visualstudio.composition.tests.dll" id="d1cdcef5-b351-4881-b1ea-506ae0c8fec7">
      <Execution id="b5a7dd5d-6b25-408c-a3fc-8ebcd9957762" />
      <TestMethod codeBase="f:\vnext1\b25bab26\VSIDEProj.MEF\bin\Release\NonShipping\Microsoft.VisualStudio.Composition.Tests.dll" adapterTypeName="Microsoft.VisualStudio.TestTools.TestTypes.Unit.UnitTestAdapter" className="Microsoft.VisualStudio.Composition.Tests.AttributedPartDiscoveryTests" name="V3 engine (runtime)" />
    </UnitTest>
    <UnitTest name="V3 engine (runtime)" storage="f:\vnext1\b25bab26\vsideproj.mef\bin\release\nonshipping\microsoft.visualstudio.composition.tests.dll" id="fa12b446-57db-4fb9-a34e-9ea7cd89ab60">
      <Execution id="f0a7b134-cca0-4a76-bc9d-b9b1014d7545" />
      <TestMethod codeBase="f:\vnext1\b25bab26\VSIDEProj.MEF\bin\Release\NonShipping\Microsoft.VisualStudio.Composition.Tests.dll" adapterTypeName="Microsoft.VisualStudio.TestTools.TestTypes.Unit.UnitTestAdapter" className="Microsoft.VisualStudio.Composition.Tests.OpenGenericExportTests" name="V3 engine (runtime)" />
    </UnitTest>
    <UnitTest name="V1" storage="f:\vnext1\b25bab26\vsideproj.mef\bin\release\nonshipping\microsoft.visualstudio.composition.tests.dll" id="d7151430-1631-4861-bc48-087684697078">
      <Execution id="128bab8a-b523-40d7-b557-592da765a746" />
      <TestMethod codeBase="f:\vnext1\b25bab26\VSIDEProj.MEF\bin\Release\NonShipping\Microsoft.VisualStudio.Composition.Tests.dll" adapterTypeName="Microsoft.VisualStudio.TestTools.TestTypes.Unit.UnitTestAdapter" className="Microsoft.VisualStudio.Composition.Tests.OpenGenericExportTests" name="V1" />
    </UnitTest>
    <UnitTest name="V3 engine (runtime)" storage="f:\vnext1\b25bab26\vsideproj.mef\bin\release\nonshipping\microsoft.visualstudio.composition.tests.dll" id="1b82e7bb-c9e0-4d54-a780-96e8d7b17a11">
      <Execution id="cb65c76d-6e67-4d4d-b087-747b5e536eb1" />
      <TestMethod codeBase="f:\vnext1\b25bab26\VSIDEProj.MEF\bin\Release\NonShipping\Microsoft.VisualStudio.Composition.Tests.dll" adapterTypeName="Microsoft.VisualStudio.TestTools.TestTypes.Unit.UnitTestAdapter" className="Microsoft.VisualStudio.Composition.Tests.MefV1ExportProviderAdapterTests" name="V3 engine (runtime)" />
    </UnitTest>
    <UnitTest name="V2" storage="f:\vnext1\b25bab26\vsideproj.mef\bin\release\nonshipping\microsoft.visualstudio.composition.tests.dll" id="9f8c70e2-146b-4760-b48b-205a8b8127d5">
      <Execution id="d252b688-c807-48f0-9f66-532432cc86e1" />
      <TestMethod codeBase="f:\vnext1\b25bab26\VSIDEProj.MEF\bin\Release\NonShipping\Microsoft.VisualStudio.Composition.Tests.dll" adapterTypeName="Microsoft.VisualStudio.TestTools.TestTypes.Unit.UnitTestAdapter" className="Microsoft.VisualStudio.Composition.Tests.OpenGenericExportTests" name="V2" />
    </UnitTest>
    <UnitTest name="V1" storage="f:\vnext1\b25bab26\vsideproj.mef\bin\release\nonshipping\microsoft.visualstudio.composition.tests.dll" id="c5d0c36b-1e1e-46eb-b141-a0e3a4a2490b">
      <Execution id="242a3580-1a54-416d-8beb-82054165cfab" />
      <TestMethod codeBase="f:\vnext1\b25bab26\VSIDEProj.MEF\bin\Release\NonShipping\Microsoft.VisualStudio.Composition.Tests.dll" adapterTypeName="Microsoft.VisualStudio.TestTools.TestTypes.Unit.UnitTestAdapter" className="Microsoft.VisualStudio.Composition.Tests.MefV1ExportProviderAdapterTests" name="V1" />
    </UnitTest>
    <UnitTest name="V3 engine (runtime)" storage="f:\vnext1\b25bab26\vsideproj.mef\bin\release\nonshipping\microsoft.visualstudio.composition.tests.dll" id="86495350-fb51-4711-988f-09d304f878c4">
      <Execution id="1bea9c67-d602-4c1e-8a1d-42ace69f999a" />
      <TestMethod codeBase="f:\vnext1\b25bab26\VSIDEProj.MEF\bin\Release\NonShipping\Microsoft.VisualStudio.Composition.Tests.dll" adapterTypeName="Microsoft.VisualStudio.TestTools.TestTypes.Unit.UnitTestAdapter" className="Microsoft.VisualStudio.Composition.Tests.ImportOfTResolvedByDerivedClassTests" name="V3 engine (runtime)" />
    </UnitTest>
    <UnitTest name="Combined_IncrementalProgressUpdates" storage="f:\vnext1\b25bab26\vsideproj.mef\bin\release\nonshipping\microsoft.visualstudio.composition.tests.dll" id="02a16c7b-401e-4968-8ef7-22351580ef9d">
      <Execution id="75810bf7-08dc-465a-b958-4518f3b79f1b" />
      <TestMethod codeBase="f:\vnext1\b25bab26\VSIDEProj.MEF\bin\Release\NonShipping\Microsoft.VisualStudio.Composition.Tests.dll" adapterTypeName="Microsoft.VisualStudio.TestTools.TestTypes.Unit.UnitTestAdapter" className="Microsoft.VisualStudio.Composition.Tests.PartDiscoveryTests" name="Combined_IncrementalProgressUpdates" />
    </UnitTest>
    <UnitTest name="V3 engine (runtime)" storage="f:\vnext1\b25bab26\vsideproj.mef\bin\release\nonshipping\microsoft.visualstudio.composition.tests.dll" id="28743c0a-154a-4c0d-ac13-0cf1843b13db">
      <Execution id="207d3b21-c760-44a2-93dc-220c469d246a" />
      <TestMethod codeBase="f:\vnext1\b25bab26\VSIDEProj.MEF\bin\Release\NonShipping\Microsoft.VisualStudio.Composition.Tests.dll" adapterTypeName="Microsoft.VisualStudio.TestTools.TestTypes.Unit.UnitTestAdapter" className="Microsoft.VisualStudio.Composition.Tests.ImportSiteCreationPolicyTests" name="V3 engine (runtime)" />
    </UnitTest>
    <UnitTest name="V3 engine (runtime)" storage="f:\vnext1\b25bab26\vsideproj.mef\bin\release\nonshipping\microsoft.visualstudio.composition.tests.dll" id="c652fda6-51d5-4291-8ac6-65287164a09f">
      <Execution id="a9184da0-f31f-4171-bf7d-ef23804cd146" />
      <TestMethod codeBase="f:\vnext1\b25bab26\VSIDEProj.MEF\bin\Release\NonShipping\Microsoft.VisualStudio.Composition.Tests.dll" adapterTypeName="Microsoft.VisualStudio.TestTools.TestTypes.Unit.UnitTestAdapter" className="Microsoft.VisualStudio.Composition.Tests.GuidMetadataTests" name="V3 engine (runtime)" />
    </UnitTest>
    <UnitTest name="V3 composition (V1)" storage="f:\vnext1\b25bab26\vsideproj.mef\bin\release\nonshipping\microsoft.visualstudio.composition.tests.dll" id="c984ff31-de62-493f-8274-449b7295497e">
      <Execution id="ba533cff-6a69-4bbf-86b9-ccf88aad45fa" />
      <TestMethod codeBase="f:\vnext1\b25bab26\VSIDEProj.MEF\bin\Release\NonShipping\Microsoft.VisualStudio.Composition.Tests.dll" adapterTypeName="Microsoft.VisualStudio.TestTools.TestTypes.Unit.UnitTestAdapter" className="Microsoft.VisualStudio.Composition.Tests.ObsoleteAttributeTests" name="V3 composition (V1)" />
    </UnitTest>
    <UnitTest name="V3 composition (V1, V2)" storage="f:\vnext1\b25bab26\vsideproj.mef\bin\release\nonshipping\microsoft.visualstudio.composition.tests.dll" id="38ea1582-f7dd-4449-9e9b-481436309f4d">
      <Execution id="28eabdff-0947-499c-bad0-0711e4158c7f" />
      <TestMethod codeBase="f:\vnext1\b25bab26\VSIDEProj.MEF\bin\Release\NonShipping\Microsoft.VisualStudio.Composition.Tests.dll" adapterTypeName="Microsoft.VisualStudio.TestTools.TestTypes.Unit.UnitTestAdapter" className="Microsoft.VisualStudio.Composition.Tests.ExportProviderTests" name="V3 composition (V1, V2)" />
    </UnitTest>
    <UnitTest name="V3 composition (V2)" storage="f:\vnext1\b25bab26\vsideproj.mef\bin\release\nonshipping\microsoft.visualstudio.composition.tests.dll" id="4cf831a5-4741-4546-a944-54a9505c93ad">
      <Execution id="bfd13e2c-160f-4cac-8b61-39310afc153b" />
      <TestMethod codeBase="f:\vnext1\b25bab26\VSIDEProj.MEF\bin\Release\NonShipping\Microsoft.VisualStudio.Composition.Tests.dll" adapterTypeName="Microsoft.VisualStudio.TestTools.TestTypes.Unit.UnitTestAdapter" className="Microsoft.VisualStudio.Composition.Tests.ImportedExportProviderTests" name="V3 composition (V2)" />
    </UnitTest>
    <UnitTest name="V3 composition (V2)" storage="f:\vnext1\b25bab26\vsideproj.mef\bin\release\nonshipping\microsoft.visualstudio.composition.tests.dll" id="26b97211-07b1-4be2-8d49-7acddf241baa">
      <Execution id="a72b8903-2d1a-4624-a435-218bd609b49b" />
      <TestMethod codeBase="f:\vnext1\b25bab26\VSIDEProj.MEF\bin\Release\NonShipping\Microsoft.VisualStudio.Composition.Tests.dll" adapterTypeName="Microsoft.VisualStudio.TestTools.TestTypes.Unit.UnitTestAdapter" className="Microsoft.VisualStudio.Composition.Tests.LazyImportTests" name="V3 composition (V2)" />
    </UnitTest>
    <UnitTest name="V3 composition (V1)" storage="f:\vnext1\b25bab26\vsideproj.mef\bin\release\nonshipping\microsoft.visualstudio.composition.tests.dll" id="143d988b-116c-4bea-b03b-3a249368264a">
      <Execution id="fd492bb5-392f-42e2-b2db-363863295799" />
      <TestMethod codeBase="f:\vnext1\b25bab26\VSIDEProj.MEF\bin\Release\NonShipping\Microsoft.VisualStudio.Composition.Tests.dll" adapterTypeName="Microsoft.VisualStudio.TestTools.TestTypes.Unit.UnitTestAdapter" className="Microsoft.VisualStudio.Composition.Tests.ExplicitImportIdentityTypeTests" name="V3 composition (V1)" />
    </UnitTest>
    <UnitTest name="V1" storage="f:\vnext1\b25bab26\vsideproj.mef\bin\release\nonshipping\microsoft.visualstudio.composition.tests.dll" id="2d029c15-5525-4072-868a-918dd6885c70">
      <Execution id="d12ffc83-f95f-4299-b41a-66c8bf438316" />
      <TestMethod codeBase="f:\vnext1\b25bab26\VSIDEProj.MEF\bin\Release\NonShipping\Microsoft.VisualStudio.Composition.Tests.dll" adapterTypeName="Microsoft.VisualStudio.TestTools.TestTypes.Unit.UnitTestAdapter" className="Microsoft.VisualStudio.Composition.Tests.ImportSiteCreationPolicyTests" name="V1" />
    </UnitTest>
    <UnitTest name="V3 composition (V1)" storage="f:\vnext1\b25bab26\vsideproj.mef\bin\release\nonshipping\microsoft.visualstudio.composition.tests.dll" id="714959ce-0ad4-4356-8a82-2f16cc56b9ae">
      <Execution id="f970325c-d16c-43c5-92fb-19a8b82db622" />
      <TestMethod codeBase="f:\vnext1\b25bab26\VSIDEProj.MEF\bin\Release\NonShipping\Microsoft.VisualStudio.Composition.Tests.dll" adapterTypeName="Microsoft.VisualStudio.TestTools.TestTypes.Unit.UnitTestAdapter" className="Microsoft.VisualStudio.Composition.Tests.EmbeddableTypesTests" name="V3 composition (V1)" />
    </UnitTest>
    <UnitTest name="V3 engine (runtime)" storage="f:\vnext1\b25bab26\vsideproj.mef\bin\release\nonshipping\microsoft.visualstudio.composition.tests.dll" id="09eae6d8-38f9-4210-8322-ceecee168d50">
      <Execution id="2c98935a-fb68-44f1-981e-ed50fca8b186" />
      <TestMethod codeBase="f:\vnext1\b25bab26\VSIDEProj.MEF\bin\Release\NonShipping\Microsoft.VisualStudio.Composition.Tests.dll" adapterTypeName="Microsoft.VisualStudio.TestTools.TestTypes.Unit.UnitTestAdapter" className="Microsoft.VisualStudio.Composition.Tests.ExportMetadataNonStringValuesTests" name="V3 engine (runtime)" />
    </UnitTest>
    <UnitTest name="V3 composition (V1)" storage="f:\vnext1\b25bab26\vsideproj.mef\bin\release\nonshipping\microsoft.visualstudio.composition.tests.dll" id="7b525b37-fb4f-4619-a42b-876b7705689c">
      <Execution id="393c2aff-c4db-44ae-84a2-c1930980ccee" />
      <TestMethod codeBase="f:\vnext1\b25bab26\VSIDEProj.MEF\bin\Release\NonShipping\Microsoft.VisualStudio.Composition.Tests.dll" adapterTypeName="Microsoft.VisualStudio.TestTools.TestTypes.Unit.UnitTestAdapter" className="Microsoft.VisualStudio.Composition.Tests.DynamicImportTests" name="V3 composition (V1)" />
    </UnitTest>
    <UnitTest name="V3 engine (runtime)" storage="f:\vnext1\b25bab26\vsideproj.mef\bin\release\nonshipping\microsoft.visualstudio.composition.tests.dll" id="4e84cf38-c72e-4883-a348-a8e528fdfc08">
      <Execution id="855cfa4f-f4bd-4510-89ae-33345b3db56b" />
      <TestMethod codeBase="f:\vnext1\b25bab26\VSIDEProj.MEF\bin\Release\NonShipping\Microsoft.VisualStudio.Composition.Tests.dll" adapterTypeName="Microsoft.VisualStudio.TestTools.TestTypes.Unit.UnitTestAdapter" className="Microsoft.VisualStudio.Composition.Tests.MixedGenericExportsTests" name="V3 engine (runtime)" />
    </UnitTest>
    <UnitTest name="V3 engine (runtime)" storage="f:\vnext1\b25bab26\vsideproj.mef\bin\release\nonshipping\microsoft.visualstudio.composition.tests.dll" id="fff3828a-0a96-4196-9230-9dafa2f7f06b">
      <Execution id="71159260-d4e9-4c0f-9883-2229cf5e4a33" />
      <TestMethod codeBase="f:\vnext1\b25bab26\VSIDEProj.MEF\bin\Release\NonShipping\Microsoft.VisualStudio.Composition.Tests.dll" adapterTypeName="Microsoft.VisualStudio.TestTools.TestTypes.Unit.UnitTestAdapter" className="Microsoft.VisualStudio.Composition.Tests.DisposablePartsTests" name="V3 engine (runtime)" />
    </UnitTest>
    <UnitTest name="V3 engine (runtime)" storage="f:\vnext1\b25bab26\vsideproj.mef\bin\release\nonshipping\microsoft.visualstudio.composition.tests.dll" id="54f439ae-aecf-49f4-a0e5-bb9fbdca87cd">
      <Execution id="631a1abd-7dcd-4e32-8a76-71aa93c9c8fd" />
      <TestMethod codeBase="f:\vnext1\b25bab26\VSIDEProj.MEF\bin\Release\NonShipping\Microsoft.VisualStudio.Composition.Tests.dll" adapterTypeName="Microsoft.VisualStudio.TestTools.TestTypes.Unit.UnitTestAdapter" className="Microsoft.VisualStudio.Composition.Tests.MultipleExportsOnPartTests" name="V3 engine (runtime)" />
    </UnitTest>
    <UnitTest name="V3 composition (V1)" storage="f:\vnext1\b25bab26\vsideproj.mef\bin\release\nonshipping\microsoft.visualstudio.composition.tests.dll" id="a682808d-be80-4ad9-97c6-4042f2fb9522">
      <Execution id="9ba07016-b961-4405-96f7-11148a5a4048" />
      <TestMethod codeBase="f:\vnext1\b25bab26\VSIDEProj.MEF\bin\Release\NonShipping\Microsoft.VisualStudio.Composition.Tests.dll" adapterTypeName="Microsoft.VisualStudio.TestTools.TestTypes.Unit.UnitTestAdapter" className="Microsoft.VisualStudio.Composition.Tests.InheritedExportTests" name="V3 composition (V1)" />
    </UnitTest>
    <UnitTest name="V3 composition (V1)" storage="f:\vnext1\b25bab26\vsideproj.mef\bin\release\nonshipping\microsoft.visualstudio.composition.tests.dll" id="218fa7d6-23af-4949-89db-de8197f00473">
      <Execution id="979c37d1-c1e5-475a-8274-8f858bcfdc82" />
      <TestMethod codeBase="f:\vnext1\b25bab26\VSIDEProj.MEF\bin\Release\NonShipping\Microsoft.VisualStudio.Composition.Tests.dll" adapterTypeName="Microsoft.VisualStudio.TestTools.TestTypes.Unit.UnitTestAdapter" className="Microsoft.VisualStudio.Composition.Tests.NonPublicImportsExportsTests" name="V3 composition (V1)" />
    </UnitTest>
    <UnitTest name="V3 composition (V1+V2)" storage="f:\vnext1\b25bab26\vsideproj.mef\bin\release\nonshipping\microsoft.visualstudio.composition.tests.dll" id="2e2a4cd9-44a1-4794-b16d-7fa8e2363216">
      <Execution id="239748e9-e161-4c24-b88a-5c06fd3ed393" />
      <TestMethod codeBase="f:\vnext1\b25bab26\VSIDEProj.MEF\bin\Release\NonShipping\Microsoft.VisualStudio.Composition.Tests.dll" adapterTypeName="Microsoft.VisualStudio.TestTools.TestTypes.Unit.UnitTestAdapter" className="Microsoft.VisualStudio.Composition.Tests.SharingBoundaryMixedAttributesTests" name="V3 composition (V1+V2)" />
    </UnitTest>
    <UnitTest name="V3 engine (runtime)" storage="f:\vnext1\b25bab26\vsideproj.mef\bin\release\nonshipping\microsoft.visualstudio.composition.tests.dll" id="b996fa5a-b17c-4fbd-b06c-48b40b8d27d2">
      <Execution id="3ed3915d-611f-4d5e-8aa1-3a351412cb44" />
      <TestMethod codeBase="f:\vnext1\b25bab26\VSIDEProj.MEF\bin\Release\NonShipping\Microsoft.VisualStudio.Composition.Tests.dll" adapterTypeName="Microsoft.VisualStudio.TestTools.TestTypes.Unit.UnitTestAdapter" className="Microsoft.VisualStudio.Composition.Tests.AmbiguousPartNamesTests" name="V3 engine (runtime)" />
    </UnitTest>
    <UnitTest name="V3 composition (V1)" storage="f:\vnext1\b25bab26\vsideproj.mef\bin\release\nonshipping\microsoft.visualstudio.composition.tests.dll" id="09ef1eea-4a6f-47eb-98db-dd03eebbe6f1">
      <Execution id="8b304847-c26e-4e8a-9032-c5296baa89ca" />
      <TestMethod codeBase="f:\vnext1\b25bab26\VSIDEProj.MEF\bin\Release\NonShipping\Microsoft.VisualStudio.Composition.Tests.dll" adapterTypeName="Microsoft.VisualStudio.TestTools.TestTypes.Unit.UnitTestAdapter" className="Microsoft.VisualStudio.Composition.Tests.StaticMemberExportsTests" name="V3 composition (V1)" />
    </UnitTest>
    <UnitTest name="V3 composition (V1)" storage="f:\vnext1\b25bab26\vsideproj.mef\bin\release\nonshipping\microsoft.visualstudio.composition.tests.dll" id="0accf139-c1d2-40bf-8ecd-7573ef113cd9">
      <Execution id="37920eea-dbc4-4d9f-8376-ed0083b704ff" />
      <TestMethod codeBase="f:\vnext1\b25bab26\VSIDEProj.MEF\bin\Release\NonShipping\Microsoft.VisualStudio.Composition.Tests.dll" adapterTypeName="Microsoft.VisualStudio.TestTools.TestTypes.Unit.UnitTestAdapter" className="Microsoft.VisualStudio.Composition.Tests.CardinalityMismatchTests" name="V3 composition (V1)" />
    </UnitTest>
    <UnitTest name="V3 engine (runtime)" storage="f:\vnext1\b25bab26\vsideproj.mef\bin\release\nonshipping\microsoft.visualstudio.composition.tests.dll" id="1ef1e7a4-e40b-4291-a7d6-b957d54d653e">
      <Execution id="c5f34121-577d-4f1b-9700-a4763d50442d" />
      <TestMethod codeBase="f:\vnext1\b25bab26\VSIDEProj.MEF\bin\Release\NonShipping\Microsoft.VisualStudio.Composition.Tests.dll" adapterTypeName="Microsoft.VisualStudio.TestTools.TestTypes.Unit.UnitTestAdapter" className="Microsoft.VisualStudio.Composition.Tests.NonSharedPartTests" name="V3 engine (runtime)" />
    </UnitTest>
    <UnitTest name="V2" storage="f:\vnext1\b25bab26\vsideproj.mef\bin\release\nonshipping\microsoft.visualstudio.composition.tests.dll" id="7e4ba15c-7ef8-432e-8ba0-2bd9d7231124">
      <Execution id="4839491b-fe43-4116-8ace-ca94e327170c" />
      <TestMethod codeBase="f:\vnext1\b25bab26\VSIDEProj.MEF\bin\Release\NonShipping\Microsoft.VisualStudio.Composition.Tests.dll" adapterTypeName="Microsoft.VisualStudio.TestTools.TestTypes.Unit.UnitTestAdapter" className="Microsoft.VisualStudio.Composition.Tests.ThreadSafetyTests" name="V2" />
    </UnitTest>
    <UnitTest name="V3 engine (runtime)" storage="f:\vnext1\b25bab26\vsideproj.mef\bin\release\nonshipping\microsoft.visualstudio.composition.tests.dll" id="c601c6f3-6b1a-4e39-8f29-aa17bcadfc95">
      <Execution id="cd2bff9f-408f-472e-84b0-adf841d51955" />
      <TestMethod codeBase="f:\vnext1\b25bab26\VSIDEProj.MEF\bin\Release\NonShipping\Microsoft.VisualStudio.Composition.Tests.dll" adapterTypeName="Microsoft.VisualStudio.TestTools.TestTypes.Unit.UnitTestAdapter" className="Microsoft.VisualStudio.Composition.Tests.OnImportsSatisfiedTests" name="V3 engine (runtime)" />
    </UnitTest>
    <UnitTest name="V3 composition (V2)" storage="f:\vnext1\b25bab26\vsideproj.mef\bin\release\nonshipping\microsoft.visualstudio.composition.tests.dll" id="2d4f09f2-694c-4e1b-8e07-ce668fd831b2">
      <Execution id="84a9555d-9332-4c37-983c-9c37cd128d23" />
      <TestMethod codeBase="f:\vnext1\b25bab26\VSIDEProj.MEF\bin\Release\NonShipping\Microsoft.VisualStudio.Composition.Tests.dll" adapterTypeName="Microsoft.VisualStudio.TestTools.TestTypes.Unit.UnitTestAdapter" className="Microsoft.VisualStudio.Composition.Tests.ExportFactoryTests" name="V3 composition (V2)" />
    </UnitTest>
    <UnitTest name="V3 composition (V2)" storage="f:\vnext1\b25bab26\vsideproj.mef\bin\release\nonshipping\microsoft.visualstudio.composition.tests.dll" id="7e9748ae-234b-4e3f-a4ed-028853238d1d">
      <Execution id="3f9a070e-456b-4463-b674-48ca8498e0ee" />
      <TestMethod codeBase="f:\vnext1\b25bab26\VSIDEProj.MEF\bin\Release\NonShipping\Microsoft.VisualStudio.Composition.Tests.dll" adapterTypeName="Microsoft.VisualStudio.TestTools.TestTypes.Unit.UnitTestAdapter" className="Microsoft.VisualStudio.Composition.Tests.MultipleSharingBoundariesTests" name="V3 composition (V2)" />
    </UnitTest>
    <UnitTest name="V3 engine (runtime)" storage="f:\vnext1\b25bab26\vsideproj.mef\bin\release\nonshipping\microsoft.visualstudio.composition.tests.dll" id="95bc7e20-a1f7-439e-9943-f36e58207f86">
      <Execution id="82de86c9-e156-4412-a8c5-4367e0161cd6" />
      <TestMethod codeBase="f:\vnext1\b25bab26\VSIDEProj.MEF\bin\Release\NonShipping\Microsoft.VisualStudio.Composition.Tests.dll" adapterTypeName="Microsoft.VisualStudio.TestTools.TestTypes.Unit.UnitTestAdapter" className="Microsoft.VisualStudio.Composition.Tests.NamedTypedExportTests" name="V3 engine (runtime)" />
    </UnitTest>
    <UnitTest name="V3 composition (V2)" storage="f:\vnext1\b25bab26\vsideproj.mef\bin\release\nonshipping\microsoft.visualstudio.composition.tests.dll" id="d1be6df3-002b-41f9-bdf5-a1487c5b6cd4">
      <Execution id="f1759749-a6b2-46d7-a5a8-eae286b46688" />
      <TestMethod codeBase="f:\vnext1\b25bab26\VSIDEProj.MEF\bin\Release\NonShipping\Microsoft.VisualStudio.Composition.Tests.dll" adapterTypeName="Microsoft.VisualStudio.TestTools.TestTypes.Unit.UnitTestAdapter" className="Microsoft.VisualStudio.Composition.Tests.SharingBoundaryWithNonSharedTests" name="V3 composition (V2)" />
    </UnitTest>
    <UnitTest name="V3 composition (V1)" storage="f:\vnext1\b25bab26\vsideproj.mef\bin\release\nonshipping\microsoft.visualstudio.composition.tests.dll" id="d83ef694-a1e8-4412-83a6-12ac760259a9">
      <Execution id="b5a18365-62ac-494a-aaf2-6d6d8f3e60be" />
      <TestMethod codeBase="f:\vnext1\b25bab26\VSIDEProj.MEF\bin\Release\NonShipping\Microsoft.VisualStudio.Composition.Tests.dll" adapterTypeName="Microsoft.VisualStudio.TestTools.TestTypes.Unit.UnitTestAdapter" className="Microsoft.VisualStudio.Composition.Tests.ExportMetadataTests" name="V3 composition (V1)" />
    </UnitTest>
    <UnitTest name="V3 composition (V2)" storage="f:\vnext1\b25bab26\vsideproj.mef\bin\release\nonshipping\microsoft.visualstudio.composition.tests.dll" id="1c350560-7090-487f-a3ed-ad9304a652cd">
      <Execution id="af579e23-43b4-462c-9b51-4a572fbe0894" />
      <TestMethod codeBase="f:\vnext1\b25bab26\VSIDEProj.MEF\bin\Release\NonShipping\Microsoft.VisualStudio.Composition.Tests.dll" adapterTypeName="Microsoft.VisualStudio.TestTools.TestTypes.Unit.UnitTestAdapter" className="Microsoft.VisualStudio.Composition.Tests.ImportMetadataConstraintTests" name="V3 composition (V2)" />
    </UnitTest>
    <UnitTest name="V3 engine (runtime)" storage="f:\vnext1\b25bab26\vsideproj.mef\bin\release\nonshipping\microsoft.visualstudio.composition.tests.dll" id="95c26852-a440-41f2-9739-3ffbac5d33e4">
      <Execution id="3f505c14-dc3e-4e84-8b18-4bbd3f6346a9" />
      <TestMethod codeBase="f:\vnext1\b25bab26\VSIDEProj.MEF\bin\Release\NonShipping\Microsoft.VisualStudio.Composition.Tests.dll" adapterTypeName="Microsoft.VisualStudio.TestTools.TestTypes.Unit.UnitTestAdapter" className="Microsoft.VisualStudio.Composition.Tests.ClosedGenericExportedTypeTests" name="V3 engine (runtime)" />
    </UnitTest>
    <UnitTest name="V3 composition (V1)" storage="f:\vnext1\b25bab26\vsideproj.mef\bin\release\nonshipping\microsoft.visualstudio.composition.tests.dll" id="d0f4b253-2321-449c-a382-2e060c7f7c2f">
      <Execution id="e7f3e4c4-5de3-4220-a111-d4b648674db6" />
      <TestMethod codeBase="f:\vnext1\b25bab26\VSIDEProj.MEF\bin\Release\NonShipping\Microsoft.VisualStudio.Composition.Tests.dll" adapterTypeName="Microsoft.VisualStudio.TestTools.TestTypes.Unit.UnitTestAdapter" className="Microsoft.VisualStudio.Composition.Tests.ExportingMembersTests" name="V3 composition (V1)" />
    </UnitTest>
    <UnitTest name="V3 engine (runtime)" storage="f:\vnext1\b25bab26\vsideproj.mef\bin\release\nonshipping\microsoft.visualstudio.composition.tests.dll" id="06aa356d-a9a9-4825-892a-9c71849d48e9">
      <Execution id="10c31fd2-91d1-4213-8393-355fd8b946c9" />
      <TestMethod codeBase="f:\vnext1\b25bab26\VSIDEProj.MEF\bin\Release\NonShipping\Microsoft.VisualStudio.Composition.Tests.dll" adapterTypeName="Microsoft.VisualStudio.TestTools.TestTypes.Unit.UnitTestAdapter" className="Microsoft.VisualStudio.Composition.Tests.GenericImportTests" name="V3 engine (runtime)" />
    </UnitTest>
    <UnitTest name="V3 composition (V1)" storage="f:\vnext1\b25bab26\vsideproj.mef\bin\release\nonshipping\microsoft.visualstudio.composition.tests.dll" id="792829fb-8acd-44e6-991b-599c37b351b6">
      <Execution id="be799fac-475d-4699-94c3-eb7d3a01ffa0" />
      <TestMethod codeBase="f:\vnext1\b25bab26\VSIDEProj.MEF\bin\Release\NonShipping\Microsoft.VisualStudio.Composition.Tests.dll" adapterTypeName="Microsoft.VisualStudio.TestTools.TestTypes.Unit.UnitTestAdapter" className="Microsoft.VisualStudio.Composition.Tests.CircularDependencyTests" name="V3 composition (V1)" />
    </UnitTest>
    <UnitTest name="V3 engine (runtime)" storage="f:\vnext1\b25bab26\vsideproj.mef\bin\release\nonshipping\microsoft.visualstudio.composition.tests.dll" id="cff08c4d-658f-465d-928a-888fd0e096ef">
      <Execution id="656c8b44-9351-4aa5-bad4-e8ec4167c1f2" />
      <TestMethod codeBase="f:\vnext1\b25bab26\VSIDEProj.MEF\bin\Release\NonShipping\Microsoft.VisualStudio.Composition.Tests.dll" adapterTypeName="Microsoft.VisualStudio.TestTools.TestTypes.Unit.UnitTestAdapter" className="Microsoft.VisualStudio.Composition.Tests.ExportMetadataMultipleTests" name="V3 engine (runtime)" />
    </UnitTest>
    <UnitTest name="V3 composition (V2)" storage="f:\vnext1\b25bab26\vsideproj.mef\bin\release\nonshipping\microsoft.visualstudio.composition.tests.dll" id="2fc24076-dc4b-4d53-af13-2d0402be6426">
      <Execution id="dae4b504-e8b4-4a90-a710-33f24d7e32c5" />
      <TestMethod codeBase="f:\vnext1\b25bab26\VSIDEProj.MEF\bin\Release\NonShipping\Microsoft.VisualStudio.Composition.Tests.dll" adapterTypeName="Microsoft.VisualStudio.TestTools.TestTypes.Unit.UnitTestAdapter" className="Microsoft.VisualStudio.Composition.Tests.CompositionServiceTests" name="V3 composition (V2)" />
    </UnitTest>
    <UnitTest name="V3 composition (V2)" storage="f:\vnext1\b25bab26\vsideproj.mef\bin\release\nonshipping\microsoft.visualstudio.composition.tests.dll" id="f934197a-24e7-4772-9b0f-4ccafdde8c8c">
      <Execution id="23a3727d-f22d-487d-87c0-7af468b735ed" />
      <TestMethod codeBase="f:\vnext1\b25bab26\VSIDEProj.MEF\bin\Release\NonShipping\Microsoft.VisualStudio.Composition.Tests.dll" adapterTypeName="Microsoft.VisualStudio.TestTools.TestTypes.Unit.UnitTestAdapter" className="Microsoft.VisualStudio.Composition.Tests.ProjectSystemMockTests" name="V3 composition (V2)" />
    </UnitTest>
    <UnitTest name="V3 engine (runtime)" storage="f:\vnext1\b25bab26\vsideproj.mef\bin\release\nonshipping\microsoft.visualstudio.composition.tests.dll" id="ddc7b403-108d-4eb0-865a-3e6367e8169c">
      <Execution id="dee0fa91-13e2-4b01-882a-edb43d3e30b9" />
      <TestMethod codeBase="f:\vnext1\b25bab26\VSIDEProj.MEF\bin\Release\NonShipping\Microsoft.VisualStudio.Composition.Tests.dll" adapterTypeName="Microsoft.VisualStudio.TestTools.TestTypes.Unit.UnitTestAdapter" className="Microsoft.VisualStudio.Composition.Tests.FaultyPartsTests" name="V3 engine (runtime)" />
    </UnitTest>
    <UnitTest name="V3 engine (runtime)" storage="f:\vnext1\b25bab26\vsideproj.mef\bin\release\nonshipping\microsoft.visualstudio.composition.tests.dll" id="d59eef4f-6217-4d82-bede-1ec7bf925437">
      <Execution id="84e59cf9-ca08-4f8a-8449-e07cc9fc1c9c" />
      <TestMethod codeBase="f:\vnext1\b25bab26\VSIDEProj.MEF\bin\Release\NonShipping\Microsoft.VisualStudio.Composition.Tests.dll" adapterTypeName="Microsoft.VisualStudio.TestTools.TestTypes.Unit.UnitTestAdapter" className="Microsoft.VisualStudio.Composition.Tests.ObsoleteAttributeTests" name="V3 engine (runtime)" />
    </UnitTest>
    <UnitTest name="V1" storage="f:\vnext1\b25bab26\vsideproj.mef\bin\release\nonshipping\microsoft.visualstudio.composition.tests.dll" id="1d83a65b-fa18-47bb-82db-9f67b34cf2a7">
      <Execution id="62e9255b-553c-493a-b4f2-cead23fff59c" />
      <TestMethod codeBase="f:\vnext1\b25bab26\VSIDEProj.MEF\bin\Release\NonShipping\Microsoft.VisualStudio.Composition.Tests.dll" adapterTypeName="Microsoft.VisualStudio.TestTools.TestTypes.Unit.UnitTestAdapter" className="Microsoft.VisualStudio.Composition.Tests.ObsoleteAttributeTests" name="V1" />
    </UnitTest>
    <UnitTest name="V2" storage="f:\vnext1\b25bab26\vsideproj.mef\bin\release\nonshipping\microsoft.visualstudio.composition.tests.dll" id="db2ab3be-4a7b-4af1-8252-7ad1fba9c9c5">
      <Execution id="1d0fe7ec-5b99-46bc-b6cb-266cf1efbedc" />
      <TestMethod codeBase="f:\vnext1\b25bab26\VSIDEProj.MEF\bin\Release\NonShipping\Microsoft.VisualStudio.Composition.Tests.dll" adapterTypeName="Microsoft.VisualStudio.TestTools.TestTypes.Unit.UnitTestAdapter" className="Microsoft.VisualStudio.Composition.Tests.ObsoleteAttributeTests" name="V2" />
    </UnitTest>
    <UnitTest name="V3 composition (V2)" storage="f:\vnext1\b25bab26\vsideproj.mef\bin\release\nonshipping\microsoft.visualstudio.composition.tests.dll" id="a7d89a1a-afb2-4237-a980-0a9632588fde">
      <Execution id="0418c7dd-731c-44fa-8b9e-cdd926376afd" />
      <TestMethod codeBase="f:\vnext1\b25bab26\VSIDEProj.MEF\bin\Release\NonShipping\Microsoft.VisualStudio.Composition.Tests.dll" adapterTypeName="Microsoft.VisualStudio.TestTools.TestTypes.Unit.UnitTestAdapter" className="Microsoft.VisualStudio.Composition.Tests.DelegatingExportProviderTests" name="V3 composition (V2)" />
    </UnitTest>
    <UnitTest name="V3 composition (V2)" storage="f:\vnext1\b25bab26\vsideproj.mef\bin\release\nonshipping\microsoft.visualstudio.composition.tests.dll" id="7bdd0595-41f3-45c0-b7ab-ebbb49f0afb8">
      <Execution id="87346eae-cdcd-4c01-b39a-58bf908d56fa" />
      <TestMethod codeBase="f:\vnext1\b25bab26\VSIDEProj.MEF\bin\Release\NonShipping\Microsoft.VisualStudio.Composition.Tests.dll" adapterTypeName="Microsoft.VisualStudio.TestTools.TestTypes.Unit.UnitTestAdapter" className="Microsoft.VisualStudio.Composition.Tests.SharedNoBoundaryExportsTests" name="V3 composition (V2)" />
    </UnitTest>
    <UnitTest name="TwoContainersDoNotShareAnyExports" storage="f:\vnext1\b25bab26\vsideproj.mef\bin\release\nonshipping\microsoft.visualstudio.composition.tests.dll" id="dd89f257-e562-4014-b694-4578d488267e">
      <Execution id="52a4bb7d-3173-49ed-95fb-e6bc73ffcbfd" />
      <TestMethod codeBase="f:\vnext1\b25bab26\VSIDEProj.MEF\bin\Release\NonShipping\Microsoft.VisualStudio.Composition.Tests.dll" adapterTypeName="Microsoft.VisualStudio.TestTools.TestTypes.Unit.UnitTestAdapter" className="Microsoft.VisualStudio.Composition.Tests.ContainerIsolationTests" name="TwoContainersDoNotShareAnyExports" />
    </UnitTest>
    <UnitTest name="V3 composition (V2)" storage="f:\vnext1\b25bab26\vsideproj.mef\bin\release\nonshipping\microsoft.visualstudio.composition.tests.dll" id="6a89e6ff-e596-45bb-9210-42793aeec4ee">
      <Execution id="f3889394-ca20-427c-b985-29a7c40c4660" />
      <TestMethod codeBase="f:\vnext1\b25bab26\VSIDEProj.MEF\bin\Release\NonShipping\Microsoft.VisualStudio.Composition.Tests.dll" adapterTypeName="Microsoft.VisualStudio.TestTools.TestTypes.Unit.UnitTestAdapter" className="Microsoft.VisualStudio.Composition.Tests.InvalidGraphTests" name="V3 composition (V2)" />
    </UnitTest>
    <UnitTest name="V3 engine (runtime)" storage="f:\vnext1\b25bab26\vsideproj.mef\bin\release\nonshipping\microsoft.visualstudio.composition.tests.dll" id="d54e87ff-9814-4bb0-9e3a-8abf6bf63c26">
      <Execution id="26da2356-87c2-4fd6-b390-cdbdaae65e7a" />
      <TestMethod codeBase="f:\vnext1\b25bab26\VSIDEProj.MEF\bin\Release\NonShipping\Microsoft.VisualStudio.Composition.Tests.dll" adapterTypeName="Microsoft.VisualStudio.TestTools.TestTypes.Unit.UnitTestAdapter" className="Microsoft.VisualStudio.Composition.Tests.GuidMetadataTests" name="V3 engine (runtime)" />
    </UnitTest>
    <UnitTest name="V3 composition (V2)" storage="f:\vnext1\b25bab26\vsideproj.mef\bin\release\nonshipping\microsoft.visualstudio.composition.tests.dll" id="5ca72111-7164-4454-b50f-cb49fa577145">
      <Execution id="42e75adb-b9d2-4ed0-ba66-fdf41cd8807c" />
      <TestMethod codeBase="f:\vnext1\b25bab26\VSIDEProj.MEF\bin\Release\NonShipping\Microsoft.VisualStudio.Composition.Tests.dll" adapterTypeName="Microsoft.VisualStudio.TestTools.TestTypes.Unit.UnitTestAdapter" className="Microsoft.VisualStudio.Composition.Tests.SharingBoundaryWithSharedTests" name="V3 composition (V2)" />
    </UnitTest>
    <UnitTest name="V1" storage="f:\vnext1\b25bab26\vsideproj.mef\bin\release\nonshipping\microsoft.visualstudio.composition.tests.dll" id="962fb76b-b9d4-432a-b585-0f34dfc56002">
      <Execution id="df33cece-c797-416e-9467-7423513b8056" />
      <TestMethod codeBase="f:\vnext1\b25bab26\VSIDEProj.MEF\bin\Release\NonShipping\Microsoft.VisualStudio.Composition.Tests.dll" adapterTypeName="Microsoft.VisualStudio.TestTools.TestTypes.Unit.UnitTestAdapter" className="Microsoft.VisualStudio.Composition.Tests.InvalidGraphTests" name="V1" />
    </UnitTest>
    <UnitTest name="V2" storage="f:\vnext1\b25bab26\vsideproj.mef\bin\release\nonshipping\microsoft.visualstudio.composition.tests.dll" id="a1239626-69da-4f6b-a29f-388a859303c5">
      <Execution id="c3eb7093-a390-4005-84be-03bc19f5d3df" />
      <TestMethod codeBase="f:\vnext1\b25bab26\VSIDEProj.MEF\bin\Release\NonShipping\Microsoft.VisualStudio.Composition.Tests.dll" adapterTypeName="Microsoft.VisualStudio.TestTools.TestTypes.Unit.UnitTestAdapter" className="Microsoft.VisualStudio.Composition.Tests.InvalidGraphTests" name="V2" />
    </UnitTest>
    <UnitTest name="V3 engine (runtime)" storage="f:\vnext1\b25bab26\vsideproj.mef\bin\release\nonshipping\microsoft.visualstudio.composition.tests.dll" id="628c94ff-0c89-485b-85ff-c659790e4e36">
      <Execution id="41ea14b6-cfc6-4d01-b6c9-c0fbfe3dfa73" />
      <TestMethod codeBase="f:\vnext1\b25bab26\VSIDEProj.MEF\bin\Release\NonShipping\Microsoft.VisualStudio.Composition.Tests.dll" adapterTypeName="Microsoft.VisualStudio.TestTools.TestTypes.Unit.UnitTestAdapter" className="Microsoft.VisualStudio.Composition.Tests.ExportProviderTests" name="V3 engine (runtime)" />
    </UnitTest>
    <UnitTest name="V3 engine (runtime)" storage="f:\vnext1\b25bab26\vsideproj.mef\bin\release\nonshipping\microsoft.visualstudio.composition.tests.dll" id="1716a663-ca32-48d8-b348-4d5f2ab1ff6c">
      <Execution id="744096c7-a4de-4057-b402-c032a1937d0c" />
      <TestMethod codeBase="f:\vnext1\b25bab26\VSIDEProj.MEF\bin\Release\NonShipping\Microsoft.VisualStudio.Composition.Tests.dll" adapterTypeName="Microsoft.VisualStudio.TestTools.TestTypes.Unit.UnitTestAdapter" className="Microsoft.VisualStudio.Composition.Tests.ExplicitImportIdentityTypeTests" name="V3 engine (runtime)" />
    </UnitTest>
    <UnitTest name="V3 engine (runtime)" storage="f:\vnext1\b25bab26\vsideproj.mef\bin\release\nonshipping\microsoft.visualstudio.composition.tests.dll" id="e9ecc70e-49d6-4522-a78a-3b0f77b592c9">
      <Execution id="c3ce2364-ed97-4e1a-9204-e01308b217d4" />
      <TestMethod codeBase="f:\vnext1\b25bab26\VSIDEProj.MEF\bin\Release\NonShipping\Microsoft.VisualStudio.Composition.Tests.dll" adapterTypeName="Microsoft.VisualStudio.TestTools.TestTypes.Unit.UnitTestAdapter" className="Microsoft.VisualStudio.Composition.Tests.LazyImportTests" name="V3 engine (runtime)" />
    </UnitTest>
    <UnitTest name="V3 engine (runtime)" storage="f:\vnext1\b25bab26\vsideproj.mef\bin\release\nonshipping\microsoft.visualstudio.composition.tests.dll" id="63708a99-28bf-493d-8aa2-c84b4d95e99e">
      <Execution id="31d7f697-b450-458e-914a-b203646f5dbb" />
      <TestMethod codeBase="f:\vnext1\b25bab26\VSIDEProj.MEF\bin\Release\NonShipping\Microsoft.VisualStudio.Composition.Tests.dll" adapterTypeName="Microsoft.VisualStudio.TestTools.TestTypes.Unit.UnitTestAdapter" className="Microsoft.VisualStudio.Composition.Tests.ImportedExportProviderTests" name="V3 engine (runtime)" />
    </UnitTest>
    <UnitTest name="V3 engine (runtime)" storage="f:\vnext1\b25bab26\vsideproj.mef\bin\release\nonshipping\microsoft.visualstudio.composition.tests.dll" id="296f0c39-67e5-4130-aeeb-e9dc48e4aec6">
      <Execution id="99a214a4-f53a-41e6-966b-8026da710d0f" />
      <TestMethod codeBase="f:\vnext1\b25bab26\VSIDEProj.MEF\bin\Release\NonShipping\Microsoft.VisualStudio.Composition.Tests.dll" adapterTypeName="Microsoft.VisualStudio.TestTools.TestTypes.Unit.UnitTestAdapter" className="Microsoft.VisualStudio.Composition.Tests.EmbeddableTypesTests" name="V3 engine (runtime)" />
    </UnitTest>
    <UnitTest name="V1" storage="f:\vnext1\b25bab26\vsideproj.mef\bin\release\nonshipping\microsoft.visualstudio.composition.tests.dll" id="bb8fce63-9531-4172-a4a4-1432cf01ab52">
      <Execution id="13542b70-a525-4d75-b13c-84bce8d5dd10" />
      <TestMethod codeBase="f:\vnext1\b25bab26\VSIDEProj.MEF\bin\Release\NonShipping\Microsoft.VisualStudio.Composition.Tests.dll" adapterTypeName="Microsoft.VisualStudio.TestTools.TestTypes.Unit.UnitTestAdapter" className="Microsoft.VisualStudio.Composition.Tests.ExplicitImportIdentityTypeTests" name="V1" />
    </UnitTest>
    <UnitTest name="V3 engine (runtime)" storage="f:\vnext1\b25bab26\vsideproj.mef\bin\release\nonshipping\microsoft.visualstudio.composition.tests.dll" id="4078f3b8-0731-4e57-8e23-2e0f3d8eb466">
      <Execution id="e5a7096e-92e6-4dbb-bee3-510c44b19784" />
      <TestMethod codeBase="f:\vnext1\b25bab26\VSIDEProj.MEF\bin\Release\NonShipping\Microsoft.VisualStudio.Composition.Tests.dll" adapterTypeName="Microsoft.VisualStudio.TestTools.TestTypes.Unit.UnitTestAdapter" className="Microsoft.VisualStudio.Composition.Tests.ExportMetadataNonStringValuesTests" name="V3 engine (runtime)" />
    </UnitTest>
    <UnitTest name="V1" storage="f:\vnext1\b25bab26\vsideproj.mef\bin\release\nonshipping\microsoft.visualstudio.composition.tests.dll" id="990ef077-3fe2-45a0-8721-a59dbd083cb0">
      <Execution id="b4eeb550-c32b-41e5-a74c-d226c0e21fd5" />
      <TestMethod codeBase="f:\vnext1\b25bab26\VSIDEProj.MEF\bin\Release\NonShipping\Microsoft.VisualStudio.Composition.Tests.dll" adapterTypeName="Microsoft.VisualStudio.TestTools.TestTypes.Unit.UnitTestAdapter" className="Microsoft.VisualStudio.Composition.Tests.EmbeddableTypesTests" name="V1" />
    </UnitTest>
    <UnitTest name="V1" storage="f:\vnext1\b25bab26\vsideproj.mef\bin\release\nonshipping\microsoft.visualstudio.composition.tests.dll" id="34dcb670-930a-4416-866d-4476fcfe7968">
      <Execution id="3d4b2f9f-e112-4ff6-a394-015ce229dcde" />
      <TestMethod codeBase="f:\vnext1\b25bab26\VSIDEProj.MEF\bin\Release\NonShipping\Microsoft.VisualStudio.Composition.Tests.dll" adapterTypeName="Microsoft.VisualStudio.TestTools.TestTypes.Unit.UnitTestAdapter" className="Microsoft.VisualStudio.Composition.Tests.ExportMetadataNonStringValuesTests" name="V1" />
    </UnitTest>
    <UnitTest name="V3 engine (runtime)" storage="f:\vnext1\b25bab26\vsideproj.mef\bin\release\nonshipping\microsoft.visualstudio.composition.tests.dll" id="4fdbf435-4e75-4abf-83f9-d32f6e7735d9">
      <Execution id="849a8e3c-4bb7-414e-a7c5-65152525fdec" />
      <TestMethod codeBase="f:\vnext1\b25bab26\VSIDEProj.MEF\bin\Release\NonShipping\Microsoft.VisualStudio.Composition.Tests.dll" adapterTypeName="Microsoft.VisualStudio.TestTools.TestTypes.Unit.UnitTestAdapter" className="Microsoft.VisualStudio.Composition.Tests.DynamicImportTests" name="V3 engine (runtime)" />
    </UnitTest>
    <UnitTest name="V2" storage="f:\vnext1\b25bab26\vsideproj.mef\bin\release\nonshipping\microsoft.visualstudio.composition.tests.dll" id="ab700b1d-fae9-4f62-bc26-2a9d1d87d9fa">
      <Execution id="28190080-b370-419c-83e5-a886d5984a7f" />
      <TestMethod codeBase="f:\vnext1\b25bab26\VSIDEProj.MEF\bin\Release\NonShipping\Microsoft.VisualStudio.Composition.Tests.dll" adapterTypeName="Microsoft.VisualStudio.TestTools.TestTypes.Unit.UnitTestAdapter" className="Microsoft.VisualStudio.Composition.Tests.ExportMetadataNonStringValuesTests" name="V2" />
    </UnitTest>
    <UnitTest name="V1" storage="f:\vnext1\b25bab26\vsideproj.mef\bin\release\nonshipping\microsoft.visualstudio.composition.tests.dll" id="30e5d350-9e65-49f2-b893-5ea4939ad4bb">
      <Execution id="72d994bb-84ca-4b5c-a050-ad5ed4f5e255" />
      <TestMethod codeBase="f:\vnext1\b25bab26\VSIDEProj.MEF\bin\Release\NonShipping\Microsoft.VisualStudio.Composition.Tests.dll" adapterTypeName="Microsoft.VisualStudio.TestTools.TestTypes.Unit.UnitTestAdapter" className="Microsoft.VisualStudio.Composition.Tests.LazyImportTests" name="V1" />
    </UnitTest>
    <UnitTest name="V1" storage="f:\vnext1\b25bab26\vsideproj.mef\bin\release\nonshipping\microsoft.visualstudio.composition.tests.dll" id="c1ee0d9e-c857-4597-acf0-48d494c906e7">
      <Execution id="3a0284e2-2e26-44c5-be07-920bb4fa9037" />
      <TestMethod codeBase="f:\vnext1\b25bab26\VSIDEProj.MEF\bin\Release\NonShipping\Microsoft.VisualStudio.Composition.Tests.dll" adapterTypeName="Microsoft.VisualStudio.TestTools.TestTypes.Unit.UnitTestAdapter" className="Microsoft.VisualStudio.Composition.Tests.DynamicImportTests" name="V1" />
    </UnitTest>
    <UnitTest name="CreateFromTypesOmitsNonPartsV2" storage="f:\vnext1\b25bab26\vsideproj.mef\bin\release\nonshipping\microsoft.visualstudio.composition.tests.dll" id="4a471ed5-3e3c-48f3-a84f-dd00388f7602">
      <Execution id="88dbf7d0-0dce-4c16-b52b-e5a60ec9d8e0" />
      <TestMethod codeBase="f:\vnext1\b25bab26\VSIDEProj.MEF\bin\Release\NonShipping\Microsoft.VisualStudio.Composition.Tests.dll" adapterTypeName="Microsoft.VisualStudio.TestTools.TestTypes.Unit.UnitTestAdapter" className="Microsoft.VisualStudio.Composition.Tests.CompositionCatalogTests" name="CreateFromTypesOmitsNonPartsV2" />
    </UnitTest>
    <UnitTest name="V3 engine (runtime)" storage="f:\vnext1\b25bab26\vsideproj.mef\bin\release\nonshipping\microsoft.visualstudio.composition.tests.dll" id="7bd8628f-9c08-449f-900c-150b0305ca05">
      <Execution id="5e16c574-0070-4e4b-8e87-de64d33288a7" />
      <TestMethod codeBase="f:\vnext1\b25bab26\VSIDEProj.MEF\bin\Release\NonShipping\Microsoft.VisualStudio.Composition.Tests.dll" adapterTypeName="Microsoft.VisualStudio.TestTools.TestTypes.Unit.UnitTestAdapter" className="Microsoft.VisualStudio.Composition.Tests.MixedGenericExportsTests" name="V3 engine (runtime)" />
    </UnitTest>
    <UnitTest name="GetAssemblyInputs_Empty" storage="f:\vnext1\b25bab26\vsideproj.mef\bin\release\nonshipping\microsoft.visualstudio.composition.tests.dll" id="aeeead4e-c49d-4331-8393-6806ec6d73de">
      <Execution id="20f518ea-4f75-4d6f-8095-b15924253d90" />
      <TestMethod codeBase="f:\vnext1\b25bab26\VSIDEProj.MEF\bin\Release\NonShipping\Microsoft.VisualStudio.Composition.Tests.dll" adapterTypeName="Microsoft.VisualStudio.TestTools.TestTypes.Unit.UnitTestAdapter" className="Microsoft.VisualStudio.Composition.Tests.CompositionCatalogTests" name="GetAssemblyInputs_Empty" />
    </UnitTest>
    <UnitTest name="V1" storage="f:\vnext1\b25bab26\vsideproj.mef\bin\release\nonshipping\microsoft.visualstudio.composition.tests.dll" id="be570153-ccc1-4178-a9af-32eff8f798e1">
      <Execution id="8dacfcfb-8aad-4c47-9c86-58bcf01f24b7" />
      <TestMethod codeBase="f:\vnext1\b25bab26\VSIDEProj.MEF\bin\Release\NonShipping\Microsoft.VisualStudio.Composition.Tests.dll" adapterTypeName="Microsoft.VisualStudio.TestTools.TestTypes.Unit.UnitTestAdapter" className="Microsoft.VisualStudio.Composition.Tests.MixedGenericExportsTests" name="V1" />
    </UnitTest>
    <UnitTest name="V3 engine (runtime)" storage="f:\vnext1\b25bab26\vsideproj.mef\bin\release\nonshipping\microsoft.visualstudio.composition.tests.dll" id="f728207e-9ec2-4eb6-9ebc-5312be2830e0">
      <Execution id="2ca9f803-016e-4b82-9a6d-27497b1ff1b8" />
      <TestMethod codeBase="f:\vnext1\b25bab26\VSIDEProj.MEF\bin\Release\NonShipping\Microsoft.VisualStudio.Composition.Tests.dll" adapterTypeName="Microsoft.VisualStudio.TestTools.TestTypes.Unit.UnitTestAdapter" className="Microsoft.VisualStudio.Composition.Tests.MultipleExportsOnPartTests" name="V3 engine (runtime)" />
    </UnitTest>
    <UnitTest name="V3 engine (runtime)" storage="f:\vnext1\b25bab26\vsideproj.mef\bin\release\nonshipping\microsoft.visualstudio.composition.tests.dll" id="1ca7f371-3a7a-4ea7-be5a-54c8fba981e2">
      <Execution id="cf676e76-59b3-4c58-a6dd-2f89bbd6bc21" />
      <TestMethod codeBase="f:\vnext1\b25bab26\VSIDEProj.MEF\bin\Release\NonShipping\Microsoft.VisualStudio.Composition.Tests.dll" adapterTypeName="Microsoft.VisualStudio.TestTools.TestTypes.Unit.UnitTestAdapter" className="Microsoft.VisualStudio.Composition.Tests.InheritedExportTests" name="V3 engine (runtime)" />
    </UnitTest>
    <UnitTest name="V1" storage="f:\vnext1\b25bab26\vsideproj.mef\bin\release\nonshipping\microsoft.visualstudio.composition.tests.dll" id="c10f2c1e-f4e5-48b5-8fe9-6194c69aa5eb">
      <Execution id="db7b5ad3-eb28-479d-98c2-829d07a9194b" />
      <TestMethod codeBase="f:\vnext1\b25bab26\VSIDEProj.MEF\bin\Release\NonShipping\Microsoft.VisualStudio.Composition.Tests.dll" adapterTypeName="Microsoft.VisualStudio.TestTools.TestTypes.Unit.UnitTestAdapter" className="Microsoft.VisualStudio.Composition.Tests.MultipleExportsOnPartTests" name="V1" />
    </UnitTest>
    <UnitTest name="V1" storage="f:\vnext1\b25bab26\vsideproj.mef\bin\release\nonshipping\microsoft.visualstudio.composition.tests.dll" id="f5a712b4-954f-4399-9513-1cfd9565acc3">
      <Execution id="8193e371-2837-4033-ac2f-671d03ccecd7" />
      <TestMethod codeBase="f:\vnext1\b25bab26\VSIDEProj.MEF\bin\Release\NonShipping\Microsoft.VisualStudio.Composition.Tests.dll" adapterTypeName="Microsoft.VisualStudio.TestTools.TestTypes.Unit.UnitTestAdapter" className="Microsoft.VisualStudio.Composition.Tests.InheritedExportTests" name="V1" />
    </UnitTest>
    <UnitTest name="V3 engine (runtime)" storage="f:\vnext1\b25bab26\vsideproj.mef\bin\release\nonshipping\microsoft.visualstudio.composition.tests.dll" id="81b1e620-7a10-45b5-a4b0-a7fb023412b1">
      <Execution id="c7982333-6fbd-4c32-8a40-950812704e7e" />
      <TestMethod codeBase="f:\vnext1\b25bab26\VSIDEProj.MEF\bin\Release\NonShipping\Microsoft.VisualStudio.Composition.Tests.dll" adapterTypeName="Microsoft.VisualStudio.TestTools.TestTypes.Unit.UnitTestAdapter" className="Microsoft.VisualStudio.Composition.Tests.NonPublicImportsExportsTests" name="V3 engine (runtime)" />
    </UnitTest>
    <UnitTest name="V2" storage="f:\vnext1\b25bab26\vsideproj.mef\bin\release\nonshipping\microsoft.visualstudio.composition.tests.dll" id="130f4895-ea27-4ea8-a857-3b132cfc5357">
      <Execution id="d0dfe2ec-2477-496f-948d-9f4d3d5660cc" />
      <TestMethod codeBase="f:\vnext1\b25bab26\VSIDEProj.MEF\bin\Release\NonShipping\Microsoft.VisualStudio.Composition.Tests.dll" adapterTypeName="Microsoft.VisualStudio.TestTools.TestTypes.Unit.UnitTestAdapter" className="Microsoft.VisualStudio.Composition.Tests.LazyImportTests" name="V2" />
    </UnitTest>
    <UnitTest name="V1" storage="f:\vnext1\b25bab26\vsideproj.mef\bin\release\nonshipping\microsoft.visualstudio.composition.tests.dll" id="12b50c1e-e0c6-40b5-98b4-1f3fd27b999e">
      <Execution id="670d18af-5a5e-42c8-b66a-bcbfcc772ece" />
      <TestMethod codeBase="f:\vnext1\b25bab26\VSIDEProj.MEF\bin\Release\NonShipping\Microsoft.VisualStudio.Composition.Tests.dll" adapterTypeName="Microsoft.VisualStudio.TestTools.TestTypes.Unit.UnitTestAdapter" className="Microsoft.VisualStudio.Composition.Tests.NonPublicImportsExportsTests" name="V1" />
    </UnitTest>
    <UnitTest name="V2" storage="f:\vnext1\b25bab26\vsideproj.mef\bin\release\nonshipping\microsoft.visualstudio.composition.tests.dll" id="3e81dfd2-ad89-4bcb-b274-de557369b7f6">
      <Execution id="fee3c40e-38ff-4668-ac11-7045d4f6773f" />
      <TestMethod codeBase="f:\vnext1\b25bab26\VSIDEProj.MEF\bin\Release\NonShipping\Microsoft.VisualStudio.Composition.Tests.dll" adapterTypeName="Microsoft.VisualStudio.TestTools.TestTypes.Unit.UnitTestAdapter" className="Microsoft.VisualStudio.Composition.Tests.MultipleExportsOnPartTests" name="V2" />
    </UnitTest>
    <UnitTest name="V3 engine (runtime)" storage="f:\vnext1\b25bab26\vsideproj.mef\bin\release\nonshipping\microsoft.visualstudio.composition.tests.dll" id="6e771606-d806-494b-8bb7-bb542f0431d1">
      <Execution id="c32b01bc-5652-4b3c-aee0-f436bd7a5142" />
      <TestMethod codeBase="f:\vnext1\b25bab26\VSIDEProj.MEF\bin\Release\NonShipping\Microsoft.VisualStudio.Composition.Tests.dll" adapterTypeName="Microsoft.VisualStudio.TestTools.TestTypes.Unit.UnitTestAdapter" className="Microsoft.VisualStudio.Composition.Tests.AmbiguousPartNamesTests" name="V3 engine (runtime)" />
    </UnitTest>
    <UnitTest name="V3 engine (runtime)" storage="f:\vnext1\b25bab26\vsideproj.mef\bin\release\nonshipping\microsoft.visualstudio.composition.tests.dll" id="d9edfeeb-b76c-4d96-8eea-c204a79c4d55">
      <Execution id="338e3693-b871-4f66-9d47-2b66bf164a5a" />
      <TestMethod codeBase="f:\vnext1\b25bab26\VSIDEProj.MEF\bin\Release\NonShipping\Microsoft.VisualStudio.Composition.Tests.dll" adapterTypeName="Microsoft.VisualStudio.TestTools.TestTypes.Unit.UnitTestAdapter" className="Microsoft.VisualStudio.Composition.Tests.StaticMemberExportsTests" name="V3 engine (runtime)" />
    </UnitTest>
    <UnitTest name="V3 engine (runtime)" storage="f:\vnext1\b25bab26\vsideproj.mef\bin\release\nonshipping\microsoft.visualstudio.composition.tests.dll" id="2050886f-9375-409a-8330-245a3014a12b">
      <Execution id="08d54668-acf2-4b24-b3b0-1ed35b2c890f" />
      <TestMethod codeBase="f:\vnext1\b25bab26\VSIDEProj.MEF\bin\Release\NonShipping\Microsoft.VisualStudio.Composition.Tests.dll" adapterTypeName="Microsoft.VisualStudio.TestTools.TestTypes.Unit.UnitTestAdapter" className="Microsoft.VisualStudio.Composition.Tests.NonSharedPartTests" name="V3 engine (runtime)" />
    </UnitTest>
    <UnitTest name="V3 engine (runtime)" storage="f:\vnext1\b25bab26\vsideproj.mef\bin\release\nonshipping\microsoft.visualstudio.composition.tests.dll" id="6df08d8d-921f-4ec2-a975-ab1512b2be74">
      <Execution id="2806a3b1-8dfc-44a9-a5ad-d5e993ecdd19" />
      <TestMethod codeBase="f:\vnext1\b25bab26\VSIDEProj.MEF\bin\Release\NonShipping\Microsoft.VisualStudio.Composition.Tests.dll" adapterTypeName="Microsoft.VisualStudio.TestTools.TestTypes.Unit.UnitTestAdapter" className="Microsoft.VisualStudio.Composition.Tests.CardinalityMismatchTests" name="V3 engine (runtime)" />
    </UnitTest>
    <UnitTest name="V3 engine (runtime)" storage="f:\vnext1\b25bab26\vsideproj.mef\bin\release\nonshipping\microsoft.visualstudio.composition.tests.dll" id="cade4287-6bf8-46b7-9d86-409a05180878">
      <Execution id="1190f72c-84b1-481c-baec-e016cea79ab2" />
      <TestMethod codeBase="f:\vnext1\b25bab26\VSIDEProj.MEF\bin\Release\NonShipping\Microsoft.VisualStudio.Composition.Tests.dll" adapterTypeName="Microsoft.VisualStudio.TestTools.TestTypes.Unit.UnitTestAdapter" className="Microsoft.VisualStudio.Composition.Tests.SharingBoundaryMixedAttributesTests" name="V3 engine (runtime)" />
    </UnitTest>
    <UnitTest name="V3 engine (runtime)" storage="f:\vnext1\b25bab26\vsideproj.mef\bin\release\nonshipping\microsoft.visualstudio.composition.tests.dll" id="56d1a08e-c2e1-40ec-b5be-ae6b7f799e88">
      <Execution id="dfaedfd6-e24c-4bb9-906b-a81a807bd777" />
      <TestMethod codeBase="f:\vnext1\b25bab26\VSIDEProj.MEF\bin\Release\NonShipping\Microsoft.VisualStudio.Composition.Tests.dll" adapterTypeName="Microsoft.VisualStudio.TestTools.TestTypes.Unit.UnitTestAdapter" className="Microsoft.VisualStudio.Composition.Tests.ExportFactoryTests" name="V3 engine (runtime)" />
    </UnitTest>
    <UnitTest name="V2" storage="f:\vnext1\b25bab26\vsideproj.mef\bin\release\nonshipping\microsoft.visualstudio.composition.tests.dll" id="1a9df4dd-b974-4ec7-8b86-3831d0cd1bde">
      <Execution id="5c1ed59f-b539-4f40-9912-cd02a6ced1bb" />
      <TestMethod codeBase="f:\vnext1\b25bab26\VSIDEProj.MEF\bin\Release\NonShipping\Microsoft.VisualStudio.Composition.Tests.dll" adapterTypeName="Microsoft.VisualStudio.TestTools.TestTypes.Unit.UnitTestAdapter" className="Microsoft.VisualStudio.Composition.Tests.ExportFactoryTests" name="V2" />
    </UnitTest>
    <UnitTest name="V3 engine (runtime)" storage="f:\vnext1\b25bab26\vsideproj.mef\bin\release\nonshipping\microsoft.visualstudio.composition.tests.dll" id="d52d0e80-553a-4c97-8560-88167a4abba5">
      <Execution id="25baba3a-6c6f-4f00-9992-84bd169a4e5b" />
      <TestMethod codeBase="f:\vnext1\b25bab26\VSIDEProj.MEF\bin\Release\NonShipping\Microsoft.VisualStudio.Composition.Tests.dll" adapterTypeName="Microsoft.VisualStudio.TestTools.TestTypes.Unit.UnitTestAdapter" className="Microsoft.VisualStudio.Composition.Tests.MultipleSharingBoundariesTests" name="V3 engine (runtime)" />
    </UnitTest>
    <UnitTest name="V3 engine (runtime)" storage="f:\vnext1\b25bab26\vsideproj.mef\bin\release\nonshipping\microsoft.visualstudio.composition.tests.dll" id="ecf03ce4-ddd2-47a9-b495-0773151721ee">
      <Execution id="095ea07f-de56-411b-af21-dc55d93dae67" />
      <TestMethod codeBase="f:\vnext1\b25bab26\VSIDEProj.MEF\bin\Release\NonShipping\Microsoft.VisualStudio.Composition.Tests.dll" adapterTypeName="Microsoft.VisualStudio.TestTools.TestTypes.Unit.UnitTestAdapter" className="Microsoft.VisualStudio.Composition.Tests.NamedTypedExportTests" name="V3 engine (runtime)" />
    </UnitTest>
    <UnitTest name="V1" storage="f:\vnext1\b25bab26\vsideproj.mef\bin\release\nonshipping\microsoft.visualstudio.composition.tests.dll" id="a89b37a2-357d-49cb-ad48-28a70b002cd1">
      <Execution id="cc19c099-81d7-4486-86ec-65174c28403a" />
      <TestMethod codeBase="f:\vnext1\b25bab26\VSIDEProj.MEF\bin\Release\NonShipping\Microsoft.VisualStudio.Composition.Tests.dll" adapterTypeName="Microsoft.VisualStudio.TestTools.TestTypes.Unit.UnitTestAdapter" className="Microsoft.VisualStudio.Composition.Tests.NonSharedPartTests" name="V1" />
    </UnitTest>
    <UnitTest name="V1" storage="f:\vnext1\b25bab26\vsideproj.mef\bin\release\nonshipping\microsoft.visualstudio.composition.tests.dll" id="0fc00bcf-655f-44de-8e4b-e7067c6e538c">
      <Execution id="f9c53c56-2fdd-426b-99a3-372b3646e2f9" />
      <TestMethod codeBase="f:\vnext1\b25bab26\VSIDEProj.MEF\bin\Release\NonShipping\Microsoft.VisualStudio.Composition.Tests.dll" adapterTypeName="Microsoft.VisualStudio.TestTools.TestTypes.Unit.UnitTestAdapter" className="Microsoft.VisualStudio.Composition.Tests.NamedTypedExportTests" name="V1" />
    </UnitTest>
    <UnitTest name="V3 engine (runtime)" storage="f:\vnext1\b25bab26\vsideproj.mef\bin\release\nonshipping\microsoft.visualstudio.composition.tests.dll" id="3f7da54c-9356-4524-b9d6-21f43a68ff41">
      <Execution id="e255bc4d-f8d5-4936-af61-55029cdd0343" />
      <TestMethod codeBase="f:\vnext1\b25bab26\VSIDEProj.MEF\bin\Release\NonShipping\Microsoft.VisualStudio.Composition.Tests.dll" adapterTypeName="Microsoft.VisualStudio.TestTools.TestTypes.Unit.UnitTestAdapter" className="Microsoft.VisualStudio.Composition.Tests.SharingBoundaryWithNonSharedTests" name="V3 engine (runtime)" />
    </UnitTest>
    <UnitTest name="V2" storage="f:\vnext1\b25bab26\vsideproj.mef\bin\release\nonshipping\microsoft.visualstudio.composition.tests.dll" id="481ea5da-8d87-4206-8ade-c07b660f530c">
      <Execution id="9b7998ed-89b8-4e7e-94d1-929bdb3609d4" />
      <TestMethod codeBase="f:\vnext1\b25bab26\VSIDEProj.MEF\bin\Release\NonShipping\Microsoft.VisualStudio.Composition.Tests.dll" adapterTypeName="Microsoft.VisualStudio.TestTools.TestTypes.Unit.UnitTestAdapter" className="Microsoft.VisualStudio.Composition.Tests.NamedTypedExportTests" name="V2" />
    </UnitTest>
    <UnitTest name="V3 engine (runtime)" storage="f:\vnext1\b25bab26\vsideproj.mef\bin\release\nonshipping\microsoft.visualstudio.composition.tests.dll" id="765a0043-a63d-43ec-930c-2145b14fb4d8">
      <Execution id="0462e4f5-e968-4f54-9e8f-c166d04d8452" />
      <TestMethod codeBase="f:\vnext1\b25bab26\VSIDEProj.MEF\bin\Release\NonShipping\Microsoft.VisualStudio.Composition.Tests.dll" adapterTypeName="Microsoft.VisualStudio.TestTools.TestTypes.Unit.UnitTestAdapter" className="Microsoft.VisualStudio.Composition.Tests.ClosedGenericExportedTypeTests" name="V3 engine (runtime)" />
    </UnitTest>
    <UnitTest name="V2" storage="f:\vnext1\b25bab26\vsideproj.mef\bin\release\nonshipping\microsoft.visualstudio.composition.tests.dll" id="129f46d8-4125-4643-93f8-dee4559ff7bb">
      <Execution id="7b6b5c84-f4a2-4484-8af5-8c3202da4334" />
      <TestMethod codeBase="f:\vnext1\b25bab26\VSIDEProj.MEF\bin\Release\NonShipping\Microsoft.VisualStudio.Composition.Tests.dll" adapterTypeName="Microsoft.VisualStudio.TestTools.TestTypes.Unit.UnitTestAdapter" className="Microsoft.VisualStudio.Composition.Tests.NonSharedPartTests" name="V2" />
    </UnitTest>
    <UnitTest name="V3 engine (runtime)" storage="f:\vnext1\b25bab26\vsideproj.mef\bin\release\nonshipping\microsoft.visualstudio.composition.tests.dll" id="35534fed-0e17-44f6-b65a-2db185b69df6">
      <Execution id="c18f8660-25c7-4e5b-95d2-ab2737467fc7" />
      <TestMethod codeBase="f:\vnext1\b25bab26\VSIDEProj.MEF\bin\Release\NonShipping\Microsoft.VisualStudio.Composition.Tests.dll" adapterTypeName="Microsoft.VisualStudio.TestTools.TestTypes.Unit.UnitTestAdapter" className="Microsoft.VisualStudio.Composition.Tests.OnImportsSatisfiedTests" name="V3 engine (runtime)" />
    </UnitTest>
    <UnitTest name="V3 engine (runtime)" storage="f:\vnext1\b25bab26\vsideproj.mef\bin\release\nonshipping\microsoft.visualstudio.composition.tests.dll" id="97b278c6-48a2-4db2-b5fc-4c29668a8912">
      <Execution id="d2e382b6-8d7b-4348-b636-94d23287f7c5" />
      <TestMethod codeBase="f:\vnext1\b25bab26\VSIDEProj.MEF\bin\Release\NonShipping\Microsoft.VisualStudio.Composition.Tests.dll" adapterTypeName="Microsoft.VisualStudio.TestTools.TestTypes.Unit.UnitTestAdapter" className="Microsoft.VisualStudio.Composition.Tests.GenericImportTests" name="V3 engine (runtime)" />
    </UnitTest>
    <UnitTest name="V3 engine (runtime)" storage="f:\vnext1\b25bab26\vsideproj.mef\bin\release\nonshipping\microsoft.visualstudio.composition.tests.dll" id="2040c766-2169-4d2d-a66b-64f6944787b6">
      <Execution id="9cfb70c0-5c7e-4ec9-a20e-b54cad885670" />
      <TestMethod codeBase="f:\vnext1\b25bab26\VSIDEProj.MEF\bin\Release\NonShipping\Microsoft.VisualStudio.Composition.Tests.dll" adapterTypeName="Microsoft.VisualStudio.TestTools.TestTypes.Unit.UnitTestAdapter" className="Microsoft.VisualStudio.Composition.Tests.ExportingMembersTests" name="V3 engine (runtime)" />
    </UnitTest>
    <UnitTest name="V1" storage="f:\vnext1\b25bab26\vsideproj.mef\bin\release\nonshipping\microsoft.visualstudio.composition.tests.dll" id="bb6e7b9e-c207-439e-9dab-b5bef12fd5ea">
      <Execution id="753eb289-e614-400d-a240-55bf33b528f1" />
      <TestMethod codeBase="f:\vnext1\b25bab26\VSIDEProj.MEF\bin\Release\NonShipping\Microsoft.VisualStudio.Composition.Tests.dll" adapterTypeName="Microsoft.VisualStudio.TestTools.TestTypes.Unit.UnitTestAdapter" className="Microsoft.VisualStudio.Composition.Tests.OnImportsSatisfiedTests" name="V1" />
    </UnitTest>
    <UnitTest name="V2" storage="f:\vnext1\b25bab26\vsideproj.mef\bin\release\nonshipping\microsoft.visualstudio.composition.tests.dll" id="bd41d8ac-74d0-4610-998e-93a32e7a489c">
      <Execution id="aab836e5-6df1-4846-ac4c-72b818c1f06d" />
      <TestMethod codeBase="f:\vnext1\b25bab26\VSIDEProj.MEF\bin\Release\NonShipping\Microsoft.VisualStudio.Composition.Tests.dll" adapterTypeName="Microsoft.VisualStudio.TestTools.TestTypes.Unit.UnitTestAdapter" className="Microsoft.VisualStudio.Composition.Tests.OnImportsSatisfiedTests" name="V2" />
    </UnitTest>
    <UnitTest name="V1" storage="f:\vnext1\b25bab26\vsideproj.mef\bin\release\nonshipping\microsoft.visualstudio.composition.tests.dll" id="82bf9f8b-9753-48cb-b74b-40de135f55c7">
      <Execution id="ff2ca3b7-6458-4eba-bfb1-ffb6b338e96d" />
      <TestMethod codeBase="f:\vnext1\b25bab26\VSIDEProj.MEF\bin\Release\NonShipping\Microsoft.VisualStudio.Composition.Tests.dll" adapterTypeName="Microsoft.VisualStudio.TestTools.TestTypes.Unit.UnitTestAdapter" className="Microsoft.VisualStudio.Composition.Tests.ExportingMembersTests" name="V1" />
    </UnitTest>
    <UnitTest name="V2" storage="f:\vnext1\b25bab26\vsideproj.mef\bin\release\nonshipping\microsoft.visualstudio.composition.tests.dll" id="4eb04091-dc25-4c59-9c00-4fc7215ad00e">
      <Execution id="c1b0a472-3a17-4a7a-a4c4-34cc1a3ffd58" />
      <TestMethod codeBase="f:\vnext1\b25bab26\VSIDEProj.MEF\bin\Release\NonShipping\Microsoft.VisualStudio.Composition.Tests.dll" adapterTypeName="Microsoft.VisualStudio.TestTools.TestTypes.Unit.UnitTestAdapter" className="Microsoft.VisualStudio.Composition.Tests.SharingBoundaryWithNonSharedTests" name="V2" />
    </UnitTest>
    <UnitTest name="V3 engine (runtime)" storage="f:\vnext1\b25bab26\vsideproj.mef\bin\release\nonshipping\microsoft.visualstudio.composition.tests.dll" id="cfd96765-11ce-4a06-9846-d6331267386e">
      <Execution id="1bb0a0d5-b729-4533-9ba9-a69020e517c2" />
      <TestMethod codeBase="f:\vnext1\b25bab26\VSIDEProj.MEF\bin\Release\NonShipping\Microsoft.VisualStudio.Composition.Tests.dll" adapterTypeName="Microsoft.VisualStudio.TestTools.TestTypes.Unit.UnitTestAdapter" className="Microsoft.VisualStudio.Composition.Tests.ImportMetadataConstraintTests" name="V3 engine (runtime)" />
    </UnitTest>
    <UnitTest name="V3 engine (runtime)" storage="f:\vnext1\b25bab26\vsideproj.mef\bin\release\nonshipping\microsoft.visualstudio.composition.tests.dll" id="c38bf6fc-b910-4e45-84d4-07621753d755">
      <Execution id="56eb41d0-ff1c-4572-a176-2c5b1f521c4f" />
      <TestMethod codeBase="f:\vnext1\b25bab26\VSIDEProj.MEF\bin\Release\NonShipping\Microsoft.VisualStudio.Composition.Tests.dll" adapterTypeName="Microsoft.VisualStudio.TestTools.TestTypes.Unit.UnitTestAdapter" className="Microsoft.VisualStudio.Composition.Tests.ExportMetadataMultipleTests" name="V3 engine (runtime)" />
    </UnitTest>
    <UnitTest name="V3 engine (runtime)" storage="f:\vnext1\b25bab26\vsideproj.mef\bin\release\nonshipping\microsoft.visualstudio.composition.tests.dll" id="f15eacf0-535d-4ba0-b776-347139f29d4a">
      <Execution id="8d31a2ca-efae-4932-a4ce-6ed03773abd8" />
      <TestMethod codeBase="f:\vnext1\b25bab26\VSIDEProj.MEF\bin\Release\NonShipping\Microsoft.VisualStudio.Composition.Tests.dll" adapterTypeName="Microsoft.VisualStudio.TestTools.TestTypes.Unit.UnitTestAdapter" className="Microsoft.VisualStudio.Composition.Tests.CircularDependencyTests" name="V3 engine (runtime)" />
    </UnitTest>
    <UnitTest name="V2" storage="f:\vnext1\b25bab26\vsideproj.mef\bin\release\nonshipping\microsoft.visualstudio.composition.tests.dll" id="13e24231-74b3-4a8e-b1f5-cba2de4bdcc3">
      <Execution id="492702d3-9306-420a-aebd-2039e7e7c558" />
      <TestMethod codeBase="f:\vnext1\b25bab26\VSIDEProj.MEF\bin\Release\NonShipping\Microsoft.VisualStudio.Composition.Tests.dll" adapterTypeName="Microsoft.VisualStudio.TestTools.TestTypes.Unit.UnitTestAdapter" className="Microsoft.VisualStudio.Composition.Tests.ExportMetadataMultipleTests" name="V2" />
    </UnitTest>
    <UnitTest name="V2" storage="f:\vnext1\b25bab26\vsideproj.mef\bin\release\nonshipping\microsoft.visualstudio.composition.tests.dll" id="abf873b4-1b1f-4bea-a7ae-f60a089ac046">
      <Execution id="31781cc4-2e46-42b0-b552-cac23f0a7c1f" />
      <TestMethod codeBase="f:\vnext1\b25bab26\VSIDEProj.MEF\bin\Release\NonShipping\Microsoft.VisualStudio.Composition.Tests.dll" adapterTypeName="Microsoft.VisualStudio.TestTools.TestTypes.Unit.UnitTestAdapter" className="Microsoft.VisualStudio.Composition.Tests.CircularDependencyTests" name="V2" />
    </UnitTest>
    <UnitTest name="V1" storage="f:\vnext1\b25bab26\vsideproj.mef\bin\release\nonshipping\microsoft.visualstudio.composition.tests.dll" id="4b98b6de-91c0-494b-8178-b2f80c736f85">
      <Execution id="df1aa5ce-ccf0-466e-a253-b716f9056b25" />
      <TestMethod codeBase="f:\vnext1\b25bab26\VSIDEProj.MEF\bin\Release\NonShipping\Microsoft.VisualStudio.Composition.Tests.dll" adapterTypeName="Microsoft.VisualStudio.TestTools.TestTypes.Unit.UnitTestAdapter" className="Microsoft.VisualStudio.Composition.Tests.GenericImportTests" name="V1" />
    </UnitTest>
    <UnitTest name="V2" storage="f:\vnext1\b25bab26\vsideproj.mef\bin\release\nonshipping\microsoft.visualstudio.composition.tests.dll" id="cba9a19f-5049-4f8a-b621-8c1bf84031a5">
      <Execution id="ac482c02-6951-43e1-bae0-34705b1e2fdb" />
      <TestMethod codeBase="f:\vnext1\b25bab26\VSIDEProj.MEF\bin\Release\NonShipping\Microsoft.VisualStudio.Composition.Tests.dll" adapterTypeName="Microsoft.VisualStudio.TestTools.TestTypes.Unit.UnitTestAdapter" className="Microsoft.VisualStudio.Composition.Tests.ImportMetadataConstraintTests" name="V2" />
    </UnitTest>
    <UnitTest name="V3 engine (runtime)" storage="f:\vnext1\b25bab26\vsideproj.mef\bin\release\nonshipping\microsoft.visualstudio.composition.tests.dll" id="b2d03c88-4121-497d-9537-4dd12f587969">
      <Execution id="26bb7ee4-5248-4ab1-81bb-3daa7d37d7fe" />
      <TestMethod codeBase="f:\vnext1\b25bab26\VSIDEProj.MEF\bin\Release\NonShipping\Microsoft.VisualStudio.Composition.Tests.dll" adapterTypeName="Microsoft.VisualStudio.TestTools.TestTypes.Unit.UnitTestAdapter" className="Microsoft.VisualStudio.Composition.Tests.ExportMetadataTests" name="V3 engine (runtime)" />
    </UnitTest>
    <UnitTest name="V1" storage="f:\vnext1\b25bab26\vsideproj.mef\bin\release\nonshipping\microsoft.visualstudio.composition.tests.dll" id="0e364c22-5f2d-4373-8599-07068ce7aa5a">
      <Execution id="7aea2a73-3ddc-4351-903a-a9d742432f93" />
      <TestMethod codeBase="f:\vnext1\b25bab26\VSIDEProj.MEF\bin\Release\NonShipping\Microsoft.VisualStudio.Composition.Tests.dll" adapterTypeName="Microsoft.VisualStudio.TestTools.TestTypes.Unit.UnitTestAdapter" className="Microsoft.VisualStudio.Composition.Tests.ExportMetadataTests" name="V1" />
    </UnitTest>
    <UnitTest name="V3 engine (runtime)" storage="f:\vnext1\b25bab26\vsideproj.mef\bin\release\nonshipping\microsoft.visualstudio.composition.tests.dll" id="ab1d6d0a-8bcc-4e04-8ec6-6548b42a7964">
      <Execution id="2601e361-465b-4bc8-ab5e-7a576219d9a1" />
      <TestMethod codeBase="f:\vnext1\b25bab26\VSIDEProj.MEF\bin\Release\NonShipping\Microsoft.VisualStudio.Composition.Tests.dll" adapterTypeName="Microsoft.VisualStudio.TestTools.TestTypes.Unit.UnitTestAdapter" className="Microsoft.VisualStudio.Composition.Tests.ProjectSystemMockTests" name="V3 engine (runtime)" />
    </UnitTest>
    <UnitTest name="V2" storage="f:\vnext1\b25bab26\vsideproj.mef\bin\release\nonshipping\microsoft.visualstudio.composition.tests.dll" id="526beab6-8c60-4601-aaea-814f57ec4d6a">
      <Execution id="2eb9ad76-f5a1-4856-a2ab-3a70a2aa03b4" />
      <TestMethod codeBase="f:\vnext1\b25bab26\VSIDEProj.MEF\bin\Release\NonShipping\Microsoft.VisualStudio.Composition.Tests.dll" adapterTypeName="Microsoft.VisualStudio.TestTools.TestTypes.Unit.UnitTestAdapter" className="Microsoft.VisualStudio.Composition.Tests.ExportMetadataTests" name="V2" />
    </UnitTest>
    <UnitTest name="V3 engine (runtime)" storage="f:\vnext1\b25bab26\vsideproj.mef\bin\release\nonshipping\microsoft.visualstudio.composition.tests.dll" id="69fafe8c-da58-486a-862d-b77585956ae1">
      <Execution id="a2f52464-30a5-4fd4-a46e-904a514310dc" />
      <TestMethod codeBase="f:\vnext1\b25bab26\VSIDEProj.MEF\bin\Release\NonShipping\Microsoft.VisualStudio.Composition.Tests.dll" adapterTypeName="Microsoft.VisualStudio.TestTools.TestTypes.Unit.UnitTestAdapter" className="Microsoft.VisualStudio.Composition.Tests.FaultyPartsTests" name="V3 engine (runtime)" />
    </UnitTest>
    <UnitTest name="V2" storage="f:\vnext1\b25bab26\vsideproj.mef\bin\release\nonshipping\microsoft.visualstudio.composition.tests.dll" id="e493c852-f73f-4839-8693-7acc7734ab35">
      <Execution id="cc3809ab-ed7d-4055-bb2c-2a2fc2a08a96" />
      <TestMethod codeBase="f:\vnext1\b25bab26\VSIDEProj.MEF\bin\Release\NonShipping\Microsoft.VisualStudio.Composition.Tests.dll" adapterTypeName="Microsoft.VisualStudio.TestTools.TestTypes.Unit.UnitTestAdapter" className="Microsoft.VisualStudio.Composition.Tests.GenericImportTests" name="V2" />
    </UnitTest>
    <UnitTest name="V3 composition (V1, V2)" storage="f:\vnext1\b25bab26\vsideproj.mef\bin\release\nonshipping\microsoft.visualstudio.composition.tests.dll" id="674ea9e9-8588-4ed5-9700-f9df94219883">
      <Execution id="e88a63ce-7bf5-479b-9bc2-efe699556b95" />
      <TestMethod codeBase="f:\vnext1\b25bab26\VSIDEProj.MEF\bin\Release\NonShipping\Microsoft.VisualStudio.Composition.Tests.dll" adapterTypeName="Microsoft.VisualStudio.TestTools.TestTypes.Unit.UnitTestAdapter" className="Microsoft.VisualStudio.Composition.Tests.ImportManyTests" name="V3 composition (V1, V2)" />
    </UnitTest>
    <UnitTest name="V2" storage="f:\vnext1\b25bab26\vsideproj.mef\bin\release\nonshipping\microsoft.visualstudio.composition.tests.dll" id="830ad73e-6bf2-4e5c-b8a3-6631a4f56735">
      <Execution id="7d2619b5-f18d-43de-9929-9690853a56bb" />
      <TestMethod codeBase="f:\vnext1\b25bab26\VSIDEProj.MEF\bin\Release\NonShipping\Microsoft.VisualStudio.Composition.Tests.dll" adapterTypeName="Microsoft.VisualStudio.TestTools.TestTypes.Unit.UnitTestAdapter" className="Microsoft.VisualStudio.Composition.Tests.FaultyPartsTests" name="V2" />
    </UnitTest>
    <UnitTest name="V1" storage="f:\vnext1\b25bab26\vsideproj.mef\bin\release\nonshipping\microsoft.visualstudio.composition.tests.dll" id="813a19a3-9ce7-4f00-9f52-18283576f5d7">
      <Execution id="3c36be4e-3b2d-4614-af99-90e9aa25807f" />
      <TestMethod codeBase="f:\vnext1\b25bab26\VSIDEProj.MEF\bin\Release\NonShipping\Microsoft.VisualStudio.Composition.Tests.dll" adapterTypeName="Microsoft.VisualStudio.TestTools.TestTypes.Unit.UnitTestAdapter" className="Microsoft.VisualStudio.Composition.Tests.CircularDependencyTests" name="V1" />
    </UnitTest>
    <UnitTest name="V3 engine (runtime)" storage="f:\vnext1\b25bab26\vsideproj.mef\bin\release\nonshipping\microsoft.visualstudio.composition.tests.dll" id="18bce0db-ffe1-4627-886d-0670babc5be5">
      <Execution id="b2b54700-24f9-47da-8ac2-90754825785d" />
      <TestMethod codeBase="f:\vnext1\b25bab26\VSIDEProj.MEF\bin\Release\NonShipping\Microsoft.VisualStudio.Composition.Tests.dll" adapterTypeName="Microsoft.VisualStudio.TestTools.TestTypes.Unit.UnitTestAdapter" className="Microsoft.VisualStudio.Composition.Tests.CompositionServiceTests" name="V3 engine (runtime)" />
    </UnitTest>
    <UnitTest name="V3 engine (runtime)" storage="f:\vnext1\b25bab26\vsideproj.mef\bin\release\nonshipping\microsoft.visualstudio.composition.tests.dll" id="10d3fd08-1804-4183-85b5-9c98e18424f3">
      <Execution id="97067237-edc4-49f8-94a1-89d6b6fd0d59" />
      <TestMethod codeBase="f:\vnext1\b25bab26\VSIDEProj.MEF\bin\Release\NonShipping\Microsoft.VisualStudio.Composition.Tests.dll" adapterTypeName="Microsoft.VisualStudio.TestTools.TestTypes.Unit.UnitTestAdapter" className="Microsoft.VisualStudio.Composition.Tests.DelegatingExportProviderTests" name="V3 engine (runtime)" />
    </UnitTest>
    <UnitTest name="V1" storage="f:\vnext1\b25bab26\vsideproj.mef\bin\release\nonshipping\microsoft.visualstudio.composition.tests.dll" id="9312d638-1eb1-4b54-85e9-1b1a35fcf738">
      <Execution id="f513f1bf-2025-4971-a878-b7b4d39a1cd9" />
      <TestMethod codeBase="f:\vnext1\b25bab26\VSIDEProj.MEF\bin\Release\NonShipping\Microsoft.VisualStudio.Composition.Tests.dll" adapterTypeName="Microsoft.VisualStudio.TestTools.TestTypes.Unit.UnitTestAdapter" className="Microsoft.VisualStudio.Composition.Tests.CompositionServiceTests" name="V1" />
    </UnitTest>
    <UnitTest name="V3 composition (V1)" storage="f:\vnext1\b25bab26\vsideproj.mef\bin\release\nonshipping\microsoft.visualstudio.composition.tests.dll" id="593ab8d3-bcd3-4082-9c52-d04d25915c72">
      <Execution id="e797f0ca-5738-44fc-a282-a86d7eb0c4eb" />
      <TestMethod codeBase="f:\vnext1\b25bab26\VSIDEProj.MEF\bin\Release\NonShipping\Microsoft.VisualStudio.Composition.Tests.dll" adapterTypeName="Microsoft.VisualStudio.TestTools.TestTypes.Unit.UnitTestAdapter" className="Microsoft.VisualStudio.Composition.Tests.MefV1ExportProviderAdapterTests" name="V3 composition (V1)" />
    </UnitTest>
    <UnitTest name="V3 composition (V1, V2)" storage="f:\vnext1\b25bab26\vsideproj.mef\bin\release\nonshipping\microsoft.visualstudio.composition.tests.dll" id="aec005f2-17ac-4f89-9833-20b5fc4adb5e">
      <Execution id="bb397dda-043c-4b90-8db2-1e536dc4c851" />
      <TestMethod codeBase="f:\vnext1\b25bab26\VSIDEProj.MEF\bin\Release\NonShipping\Microsoft.VisualStudio.Composition.Tests.dll" adapterTypeName="Microsoft.VisualStudio.TestTools.TestTypes.Unit.UnitTestAdapter" className="Microsoft.VisualStudio.Composition.Tests.RejectionTests" name="V3 composition (V1, V2)" />
    </UnitTest>
    <UnitTest name="V3 composition (V1, V2)" storage="f:\vnext1\b25bab26\vsideproj.mef\bin\release\nonshipping\microsoft.visualstudio.composition.tests.dll" id="3355a55c-83e4-401a-a758-07bbec76a925">
      <Execution id="30aaef73-0c01-4342-a768-551a66fd92b9" />
      <TestMethod codeBase="f:\vnext1\b25bab26\VSIDEProj.MEF\bin\Release\NonShipping\Microsoft.VisualStudio.Composition.Tests.dll" adapterTypeName="Microsoft.VisualStudio.TestTools.TestTypes.Unit.UnitTestAdapter" className="Microsoft.VisualStudio.Composition.Tests.ImportingConstructorTests" name="V3 composition (V1, V2)" />
    </UnitTest>
    <UnitTest name="V3 composition (V1)" storage="f:\vnext1\b25bab26\vsideproj.mef\bin\release\nonshipping\microsoft.visualstudio.composition.tests.dll" id="65d66ef5-4c1b-4ca4-a069-dae05e331c08">
      <Execution id="2b6a25af-088e-4faf-931d-55b313729aee" />
      <TestMethod codeBase="f:\vnext1\b25bab26\VSIDEProj.MEF\bin\Release\NonShipping\Microsoft.VisualStudio.Composition.Tests.dll" adapterTypeName="Microsoft.VisualStudio.TestTools.TestTypes.Unit.UnitTestAdapter" className="Microsoft.VisualStudio.Composition.Tests.ImportSiteCreationPolicyTests" name="V3 composition (V1)" />
    </UnitTest>
    <UnitTest name="V3 composition (V1, V2)" storage="f:\vnext1\b25bab26\vsideproj.mef\bin\release\nonshipping\microsoft.visualstudio.composition.tests.dll" id="5780d328-133b-4d55-a238-1572b094d31c">
      <Execution id="b341e52a-fa2c-4ec8-bf7c-4f82e5827f7b" />
      <TestMethod codeBase="f:\vnext1\b25bab26\VSIDEProj.MEF\bin\Release\NonShipping\Microsoft.VisualStudio.Composition.Tests.dll" adapterTypeName="Microsoft.VisualStudio.TestTools.TestTypes.Unit.UnitTestAdapter" className="Microsoft.VisualStudio.Composition.Tests.CustomMetadataAttributeTests" name="V3 composition (V1, V2)" />
    </UnitTest>
    <UnitTest name="AssemblyDiscoveryFindsTopLevelParts" storage="f:\vnext1\b25bab26\vsideproj.mef\bin\release\nonshipping\microsoft.visualstudio.composition.tests.dll" id="30dffc66-abb9-49d3-9bec-50f0909de734">
      <Execution id="81419e70-14ee-4ec2-924f-fa3343d06895" />
      <TestMethod codeBase="f:\vnext1\b25bab26\VSIDEProj.MEF\bin\Release\NonShipping\Microsoft.VisualStudio.Composition.Tests.dll" adapterTypeName="Microsoft.VisualStudio.TestTools.TestTypes.Unit.UnitTestAdapter" className="Microsoft.VisualStudio.Composition.Tests.AttributedPartDiscoveryV1Tests" name="AssemblyDiscoveryFindsTopLevelParts" />
    </UnitTest>
    <UnitTest name="SharedPartProduction" storage="f:\vnext1\b25bab26\vsideproj.mef\bin\release\nonshipping\microsoft.visualstudio.composition.tests.dll" id="068c9c90-2d21-4888-b649-a1017bb422f0">
      <Execution id="b50ce8da-44d2-4a33-bc68-3d3b7be89185" />
      <TestMethod codeBase="f:\vnext1\b25bab26\VSIDEProj.MEF\bin\Release\NonShipping\Microsoft.VisualStudio.Composition.Tests.dll" adapterTypeName="Microsoft.VisualStudio.TestTools.TestTypes.Unit.UnitTestAdapter" className="Microsoft.VisualStudio.Composition.Tests.AttributedPartDiscoveryV1Tests" name="SharedPartProduction" />
    </UnitTest>
    <UnitTest name="V1" storage="f:\vnext1\b25bab26\vsideproj.mef\bin\release\nonshipping\microsoft.visualstudio.composition.tests.dll" id="16a270c2-e5b9-4c41-900c-e9aa0bc7556f">
      <Execution id="5ed264f7-db64-4b9e-9df9-9190e751a217" />
      <TestMethod codeBase="f:\vnext1\b25bab26\VSIDEProj.MEF\bin\Release\NonShipping\Microsoft.VisualStudio.Composition.Tests.dll" adapterTypeName="Microsoft.VisualStudio.TestTools.TestTypes.Unit.UnitTestAdapter" className="Microsoft.VisualStudio.Composition.Tests.AttributedPartDiscoveryV1Tests" name="V1" />
    </UnitTest>
    <UnitTest name="V2" storage="f:\vnext1\b25bab26\vsideproj.mef\bin\release\nonshipping\microsoft.visualstudio.composition.tests.dll" id="4c7d4fb0-af50-4448-a31d-805072b4e40f">
      <Execution id="b616a15f-ae1d-4211-9396-614d2ef37dcb" />
      <TestMethod codeBase="f:\vnext1\b25bab26\VSIDEProj.MEF\bin\Release\NonShipping\Microsoft.VisualStudio.Composition.Tests.dll" adapterTypeName="Microsoft.VisualStudio.TestTools.TestTypes.Unit.UnitTestAdapter" className="Microsoft.VisualStudio.Composition.Tests.AttributedPartDiscoveryV1Tests" name="V2" />
    </UnitTest>
    <UnitTest name="AssemblyDiscoveryDropsProblematicTypesAndSalvagesOthersInSameAssembly" storage="f:\vnext1\b25bab26\vsideproj.mef\bin\release\nonshipping\microsoft.visualstudio.composition.tests.dll" id="1e1fa64d-dedf-4f91-9acc-ca2a787acb68">
      <Execution id="a45cab76-d53a-4c49-8866-e6e9234aed69" />
      <TestMethod codeBase="f:\vnext1\b25bab26\VSIDEProj.MEF\bin\Release\NonShipping\Microsoft.VisualStudio.Composition.Tests.dll" adapterTypeName="Microsoft.VisualStudio.TestTools.TestTypes.Unit.UnitTestAdapter" className="Microsoft.VisualStudio.Composition.Tests.AttributedPartDiscoveryTests" name="AssemblyDiscoveryDropsProblematicTypesAndSalvagesOthersInSameAssembly" />
    </UnitTest>
    <UnitTest name="WithCatalogs_MergesErrors" storage="f:\vnext1\b25bab26\vsideproj.mef\bin\release\nonshipping\microsoft.visualstudio.composition.tests.dll" id="81a4cded-140f-4251-b0de-842ae682c848">
      <Execution id="37343f24-0dc3-48d2-8ea9-b1732015d9ad" />
      <TestMethod codeBase="f:\vnext1\b25bab26\VSIDEProj.MEF\bin\Release\NonShipping\Microsoft.VisualStudio.Composition.Tests.dll" adapterTypeName="Microsoft.VisualStudio.TestTools.TestTypes.Unit.UnitTestAdapter" className="Microsoft.VisualStudio.Composition.Tests.ComposableCatalogTests" name="WithCatalogs_MergesErrors" />
    </UnitTest>
    <UnitTest name="V3 engine (runtime)" storage="f:\vnext1\b25bab26\vsideproj.mef\bin\release\nonshipping\microsoft.visualstudio.composition.tests.dll" id="ce6e5190-fa0b-487b-b270-8c00ff0f3246">
      <Execution id="4108f607-af6a-4872-bc3b-cbace3828ce3" />
      <TestMethod codeBase="f:\vnext1\b25bab26\VSIDEProj.MEF\bin\Release\NonShipping\Microsoft.VisualStudio.Composition.Tests.dll" adapterTypeName="Microsoft.VisualStudio.TestTools.TestTypes.Unit.UnitTestAdapter" className="Microsoft.VisualStudio.Composition.Tests.ExportProviderTests" name="V3 engine (runtime)" />
    </UnitTest>
    <UnitTest name="V3 engine (runtime)" storage="f:\vnext1\b25bab26\vsideproj.mef\bin\release\nonshipping\microsoft.visualstudio.composition.tests.dll" id="1d439250-973e-4c33-997d-a4dbe39b6900">
      <Execution id="e16c3bf5-56fe-47b5-966c-49ce66b92385" />
      <TestMethod codeBase="f:\vnext1\b25bab26\VSIDEProj.MEF\bin\Release\NonShipping\Microsoft.VisualStudio.Composition.Tests.dll" adapterTypeName="Microsoft.VisualStudio.TestTools.TestTypes.Unit.UnitTestAdapter" className="Microsoft.VisualStudio.Composition.Tests.SharingBoundaryWithSharedTests" name="V3 engine (runtime)" />
    </UnitTest>
    <UnitTest name="V2" storage="f:\vnext1\b25bab26\vsideproj.mef\bin\release\nonshipping\microsoft.visualstudio.composition.tests.dll" id="d4f8ddfd-36a3-4b18-a1ee-a09c2cb36df0">
      <Execution id="283f2d6e-5c0c-45bf-a4b8-747c905597de" />
      <TestMethod codeBase="f:\vnext1\b25bab26\VSIDEProj.MEF\bin\Release\NonShipping\Microsoft.VisualStudio.Composition.Tests.dll" adapterTypeName="Microsoft.VisualStudio.TestTools.TestTypes.Unit.UnitTestAdapter" className="Microsoft.VisualStudio.Composition.Tests.FaultyPartsTests" name="V2" />
    </UnitTest>
    <UnitTest name="V1" storage="f:\vnext1\b25bab26\vsideproj.mef\bin\release\nonshipping\microsoft.visualstudio.composition.tests.dll" id="54c9e1ff-6765-4c2e-a70f-846c6ad677db">
      <Execution id="5ac1d784-8fbc-4f62-951e-2a4266d259de" />
      <TestMethod codeBase="f:\vnext1\b25bab26\VSIDEProj.MEF\bin\Release\NonShipping\Microsoft.VisualStudio.Composition.Tests.dll" adapterTypeName="Microsoft.VisualStudio.TestTools.TestTypes.Unit.UnitTestAdapter" className="Microsoft.VisualStudio.Composition.Tests.FaultyPartsTests" name="V1" />
    </UnitTest>
    <UnitTest name="CatalogAssemblyLoadFailure" storage="f:\vnext1\b25bab26\vsideproj.mef\bin\release\nonshipping\microsoft.visualstudio.composition.tests.dll" id="3c56bb65-30fa-4aaf-b574-1a4b24d7bdf1">
      <Execution id="f0325ea6-929a-4601-823c-6b83d5f96694" />
      <TestMethod codeBase="f:\vnext1\b25bab26\VSIDEProj.MEF\bin\Release\NonShipping\Microsoft.VisualStudio.Composition.Tests.dll" adapterTypeName="Microsoft.VisualStudio.TestTools.TestTypes.Unit.UnitTestAdapter" className="Microsoft.VisualStudio.Composition.Tests.PartDiscoveryTests" name="CatalogAssemblyLoadFailure" />
    </UnitTest>
    <UnitTest name="V3 engine (runtime)" storage="f:\vnext1\b25bab26\vsideproj.mef\bin\release\nonshipping\microsoft.visualstudio.composition.tests.dll" id="aed0f296-b3e5-4187-89e8-22e7494b0b5d">
      <Execution id="e47ddd4c-89a0-4499-82d6-22e0b8a75ac4" />
      <TestMethod codeBase="f:\vnext1\b25bab26\VSIDEProj.MEF\bin\Release\NonShipping\Microsoft.VisualStudio.Composition.Tests.dll" adapterTypeName="Microsoft.VisualStudio.TestTools.TestTypes.Unit.UnitTestAdapter" className="Microsoft.VisualStudio.Composition.Tests.SharedNoBoundaryExportsTests" name="V3 engine (runtime)" />
    </UnitTest>
    <UnitTest name="V2" storage="f:\vnext1\b25bab26\vsideproj.mef\bin\release\nonshipping\microsoft.visualstudio.composition.tests.dll" id="d3248a96-1e36-4cf8-90d2-59f380dde38c">
      <Execution id="eaa703fb-0663-4688-b68d-18a55cef57b8" />
      <TestMethod codeBase="f:\vnext1\b25bab26\VSIDEProj.MEF\bin\Release\NonShipping\Microsoft.VisualStudio.Composition.Tests.dll" adapterTypeName="Microsoft.VisualStudio.TestTools.TestTypes.Unit.UnitTestAdapter" className="Microsoft.VisualStudio.Composition.Tests.SharingBoundaryWithSharedTests" name="V2" />
    </UnitTest>
    <UnitTest name="CreateDgmlFromConfiguration" storage="f:\vnext1\b25bab26\vsideproj.mef\bin\release\nonshipping\microsoft.visualstudio.composition.tests.dll" id="1e9c8532-08a3-4bb9-b2f0-ec9500f845ef">
      <Execution id="d0c8b2b1-6a52-4bbf-bd6b-a74f468dfffd" />
      <TestMethod codeBase="f:\vnext1\b25bab26\VSIDEProj.MEF\bin\Release\NonShipping\Microsoft.VisualStudio.Composition.Tests.dll" adapterTypeName="Microsoft.VisualStudio.TestTools.TestTypes.Unit.UnitTestAdapter" className="Microsoft.VisualStudio.Composition.Tests.DgmlProduction" name="CreateDgmlFromConfiguration" />
    </UnitTest>
    <UnitTest name="V3 composition (V1, V2)" storage="f:\vnext1\b25bab26\vsideproj.mef\bin\release\nonshipping\microsoft.visualstudio.composition.tests.dll" id="ea6c0777-8e75-4ca9-9b2c-246cbc48497b">
      <Execution id="7b710f52-3fe6-46f4-89db-d4e6e2052166" />
      <TestMethod codeBase="f:\vnext1\b25bab26\VSIDEProj.MEF\bin\Release\NonShipping\Microsoft.VisualStudio.Composition.Tests.dll" adapterTypeName="Microsoft.VisualStudio.TestTools.TestTypes.Unit.UnitTestAdapter" className="Microsoft.VisualStudio.Composition.Tests.SimpleImportExportTests" name="V3 composition (V1, V2)" />
    </UnitTest>
    <UnitTest name="V3 engine (runtime)" storage="f:\vnext1\b25bab26\vsideproj.mef\bin\release\nonshipping\microsoft.visualstudio.composition.tests.dll" id="8cf78b99-52c8-4eca-aa8d-2cc02daf0873">
      <Execution id="50988a0d-0fad-4e9f-928b-3c142317b257" />
      <TestMethod codeBase="f:\vnext1\b25bab26\VSIDEProj.MEF\bin\Release\NonShipping\Microsoft.VisualStudio.Composition.Tests.dll" adapterTypeName="Microsoft.VisualStudio.TestTools.TestTypes.Unit.UnitTestAdapter" className="Microsoft.VisualStudio.Composition.Tests.ImportManyTests" name="V3 engine (runtime)" />
    </UnitTest>
    <UnitTest name="V3 composition (V1)" storage="f:\vnext1\b25bab26\vsideproj.mef\bin\release\nonshipping\microsoft.visualstudio.composition.tests.dll" id="46e75746-c655-4689-a725-b83e023e5eef">
      <Execution id="1de1b2bd-38f0-4229-8a55-d1858311d4d4" />
      <TestMethod codeBase="f:\vnext1\b25bab26\VSIDEProj.MEF\bin\Release\NonShipping\Microsoft.VisualStudio.Composition.Tests.dll" adapterTypeName="Microsoft.VisualStudio.TestTools.TestTypes.Unit.UnitTestAdapter" className="Microsoft.VisualStudio.Composition.Tests.DynamicImportTests" name="V3 composition (V1)" />
    </UnitTest>
    <UnitTest name="V3 composition (V1)" storage="f:\vnext1\b25bab26\vsideproj.mef\bin\release\nonshipping\microsoft.visualstudio.composition.tests.dll" id="d5c91f60-c28d-4c00-a68b-f4e157cee571">
      <Execution id="ebe01cf5-c183-4e7b-8bb8-cb98f6c3a691" />
      <TestMethod codeBase="f:\vnext1\b25bab26\VSIDEProj.MEF\bin\Release\NonShipping\Microsoft.VisualStudio.Composition.Tests.dll" adapterTypeName="Microsoft.VisualStudio.TestTools.TestTypes.Unit.UnitTestAdapter" className="Microsoft.VisualStudio.Composition.Tests.ExplicitImportIdentityTypeTests" name="V3 composition (V1)" />
    </UnitTest>
    <UnitTest name="V1" storage="f:\vnext1\b25bab26\vsideproj.mef\bin\release\nonshipping\microsoft.visualstudio.composition.tests.dll" id="2772aa7c-6e31-4eb1-ac97-fa685b7183f5">
      <Execution id="820d8d94-9bd1-4a70-818f-d6a29cf41e2e" />
      <TestMethod codeBase="f:\vnext1\b25bab26\VSIDEProj.MEF\bin\Release\NonShipping\Microsoft.VisualStudio.Composition.Tests.dll" adapterTypeName="Microsoft.VisualStudio.TestTools.TestTypes.Unit.UnitTestAdapter" className="Microsoft.VisualStudio.Composition.Tests.ImportManyTests" name="V1" />
    </UnitTest>
    <UnitTest name="V3 composition (V1)" storage="f:\vnext1\b25bab26\vsideproj.mef\bin\release\nonshipping\microsoft.visualstudio.composition.tests.dll" id="66c2c25a-ce8b-4f18-ba2d-37e17fd5e578">
      <Execution id="a614746b-5b75-4a10-a6c6-ab423ca4d0a0" />
      <TestMethod codeBase="f:\vnext1\b25bab26\VSIDEProj.MEF\bin\Release\NonShipping\Microsoft.VisualStudio.Composition.Tests.dll" adapterTypeName="Microsoft.VisualStudio.TestTools.TestTypes.Unit.UnitTestAdapter" className="Microsoft.VisualStudio.Composition.Tests.InheritedExportTests" name="V3 composition (V1)" />
    </UnitTest>
    <UnitTest name="V3 composition (V1)" storage="f:\vnext1\b25bab26\vsideproj.mef\bin\release\nonshipping\microsoft.visualstudio.composition.tests.dll" id="9049e62d-ddf8-41b5-8763-57f1e36b08a2">
      <Execution id="1098ac8b-7fc9-4d0f-a732-95c19c99b3a1" />
      <TestMethod codeBase="f:\vnext1\b25bab26\VSIDEProj.MEF\bin\Release\NonShipping\Microsoft.VisualStudio.Composition.Tests.dll" adapterTypeName="Microsoft.VisualStudio.TestTools.TestTypes.Unit.UnitTestAdapter" className="Microsoft.VisualStudio.Composition.Tests.NonPublicImportsExportsTests" name="V3 composition (V1)" />
    </UnitTest>
    <UnitTest name="V1" storage="f:\vnext1\b25bab26\vsideproj.mef\bin\release\nonshipping\microsoft.visualstudio.composition.tests.dll" id="c4150646-50ac-4ba5-8b5e-e164b9014029">
      <Execution id="0ca116f1-d06b-46b3-a4f9-9c53a8ebbe02" />
      <TestMethod codeBase="f:\vnext1\b25bab26\VSIDEProj.MEF\bin\Release\NonShipping\Microsoft.VisualStudio.Composition.Tests.dll" adapterTypeName="Microsoft.VisualStudio.TestTools.TestTypes.Unit.UnitTestAdapter" className="Microsoft.VisualStudio.Composition.Tests.ExplicitImportIdentityTypeTests" name="V1" />
    </UnitTest>
    <UnitTest name="V3 engine (runtime)" storage="f:\vnext1\b25bab26\vsideproj.mef\bin\release\nonshipping\microsoft.visualstudio.composition.tests.dll" id="dd7e6c22-de9d-4d52-a035-2c5d2ddcad04">
      <Execution id="f1640d5d-1631-4f13-b84b-9741b70e3239" />
      <TestMethod codeBase="f:\vnext1\b25bab26\VSIDEProj.MEF\bin\Release\NonShipping\Microsoft.VisualStudio.Composition.Tests.dll" adapterTypeName="Microsoft.VisualStudio.TestTools.TestTypes.Unit.UnitTestAdapter" className="Microsoft.VisualStudio.Composition.Tests.RejectionTests" name="V3 engine (runtime)" />
    </UnitTest>
    <UnitTest name="V3 composition (V1)" storage="f:\vnext1\b25bab26\vsideproj.mef\bin\release\nonshipping\microsoft.visualstudio.composition.tests.dll" id="8f790ce8-4403-47dd-962b-481ee9b610a8">
      <Execution id="1d98987c-d04f-470b-8db9-0f9f5b32e0a6" />
      <TestMethod codeBase="f:\vnext1\b25bab26\VSIDEProj.MEF\bin\Release\NonShipping\Microsoft.VisualStudio.Composition.Tests.dll" adapterTypeName="Microsoft.VisualStudio.TestTools.TestTypes.Unit.UnitTestAdapter" className="Microsoft.VisualStudio.Composition.Tests.StaticMemberExportsTests" name="V3 composition (V1)" />
    </UnitTest>
    <UnitTest name="V3 composition (V2)" storage="f:\vnext1\b25bab26\vsideproj.mef\bin\release\nonshipping\microsoft.visualstudio.composition.tests.dll" id="d02ceee7-bca5-44c6-9f05-d296b746f4bf">
      <Execution id="82c38440-3376-430a-9fbd-47cd8c35526b" />
      <TestMethod codeBase="f:\vnext1\b25bab26\VSIDEProj.MEF\bin\Release\NonShipping\Microsoft.VisualStudio.Composition.Tests.dll" adapterTypeName="Microsoft.VisualStudio.TestTools.TestTypes.Unit.UnitTestAdapter" className="Microsoft.VisualStudio.Composition.Tests.ExportFactoryTests" name="V3 composition (V2)" />
    </UnitTest>
    <UnitTest name="V3 composition (V1)" storage="f:\vnext1\b25bab26\vsideproj.mef\bin\release\nonshipping\microsoft.visualstudio.composition.tests.dll" id="a068ed97-2eef-4eac-9a9b-1096802efdef">
      <Execution id="40e48b4f-37aa-4a73-bf29-4f85b2b1ab0f" />
      <TestMethod codeBase="f:\vnext1\b25bab26\VSIDEProj.MEF\bin\Release\NonShipping\Microsoft.VisualStudio.Composition.Tests.dll" adapterTypeName="Microsoft.VisualStudio.TestTools.TestTypes.Unit.UnitTestAdapter" className="Microsoft.VisualStudio.Composition.Tests.EmbeddableTypesTests" name="V3 composition (V1)" />
    </UnitTest>
    <UnitTest name="V3 engine (runtime)" storage="f:\vnext1\b25bab26\vsideproj.mef\bin\release\nonshipping\microsoft.visualstudio.composition.tests.dll" id="0a9e1420-b749-4634-9964-0c5e93ab4edf">
      <Execution id="da902500-d789-4668-96d5-281f2b0a230f" />
      <TestMethod codeBase="f:\vnext1\b25bab26\VSIDEProj.MEF\bin\Release\NonShipping\Microsoft.VisualStudio.Composition.Tests.dll" adapterTypeName="Microsoft.VisualStudio.TestTools.TestTypes.Unit.UnitTestAdapter" className="Microsoft.VisualStudio.Composition.Tests.MefV1ExportProviderAdapterTests" name="V3 engine (runtime)" />
    </UnitTest>
    <UnitTest name="V1" storage="f:\vnext1\b25bab26\vsideproj.mef\bin\release\nonshipping\microsoft.visualstudio.composition.tests.dll" id="73d41b13-4461-4403-b040-89e97e30e267">
      <Execution id="8d989eba-7086-4bf7-ba6e-02a61d232480" />
      <TestMethod codeBase="f:\vnext1\b25bab26\VSIDEProj.MEF\bin\Release\NonShipping\Microsoft.VisualStudio.Composition.Tests.dll" adapterTypeName="Microsoft.VisualStudio.TestTools.TestTypes.Unit.UnitTestAdapter" className="Microsoft.VisualStudio.Composition.Tests.MefV1ExportProviderAdapterTests" name="V1" />
    </UnitTest>
    <UnitTest name="V3 composition (V1, V2)" storage="f:\vnext1\b25bab26\vsideproj.mef\bin\release\nonshipping\microsoft.visualstudio.composition.tests.dll" id="dec40997-139f-4c72-bf19-2ecd06996b35">
      <Execution id="2cb0e436-c63f-4f7f-8f60-d1fdc47448f4" />
      <TestMethod codeBase="f:\vnext1\b25bab26\VSIDEProj.MEF\bin\Release\NonShipping\Microsoft.VisualStudio.Composition.Tests.dll" adapterTypeName="Microsoft.VisualStudio.TestTools.TestTypes.Unit.UnitTestAdapter" className="Microsoft.VisualStudio.Composition.Tests.OpenGenericExportTests" name="V3 composition (V1, V2)" />
    </UnitTest>
    <UnitTest name="V3 engine (runtime)" storage="f:\vnext1\b25bab26\vsideproj.mef\bin\release\nonshipping\microsoft.visualstudio.composition.tests.dll" id="dbd48dee-c261-4f91-8122-44fcc90ba0df">
      <Execution id="1ef17f28-9d67-4e64-8992-7422c0a60d4d" />
      <TestMethod codeBase="f:\vnext1\b25bab26\VSIDEProj.MEF\bin\Release\NonShipping\Microsoft.VisualStudio.Composition.Tests.dll" adapterTypeName="Microsoft.VisualStudio.TestTools.TestTypes.Unit.UnitTestAdapter" className="Microsoft.VisualStudio.Composition.Tests.ImportSiteCreationPolicyTests" name="V3 engine (runtime)" />
    </UnitTest>
    <UnitTest name="V3 composition (V2)" storage="f:\vnext1\b25bab26\vsideproj.mef\bin\release\nonshipping\microsoft.visualstudio.composition.tests.dll" id="71de3adf-8431-4a59-a55e-5738b70a57b8">
      <Execution id="4064a2e9-cef0-4cb0-8e89-156823a3d91e" />
      <TestMethod codeBase="f:\vnext1\b25bab26\VSIDEProj.MEF\bin\Release\NonShipping\Microsoft.VisualStudio.Composition.Tests.dll" adapterTypeName="Microsoft.VisualStudio.TestTools.TestTypes.Unit.UnitTestAdapter" className="Microsoft.VisualStudio.Composition.Tests.ExportMetadataMultipleTests" name="V3 composition (V2)" />
    </UnitTest>
    <UnitTest name="V3 engine (runtime)" storage="f:\vnext1\b25bab26\vsideproj.mef\bin\release\nonshipping\microsoft.visualstudio.composition.tests.dll" id="fc7dff27-2ef3-4dec-953a-b1c18b8aac9d">
      <Execution id="a82d440c-d1b5-44c0-a346-d489f2903626" />
      <TestMethod codeBase="f:\vnext1\b25bab26\VSIDEProj.MEF\bin\Release\NonShipping\Microsoft.VisualStudio.Composition.Tests.dll" adapterTypeName="Microsoft.VisualStudio.TestTools.TestTypes.Unit.UnitTestAdapter" className="Microsoft.VisualStudio.Composition.Tests.CustomMetadataAttributeTests" name="V3 engine (runtime)" />
    </UnitTest>
    <UnitTest name="V1" storage="f:\vnext1\b25bab26\vsideproj.mef\bin\release\nonshipping\microsoft.visualstudio.composition.tests.dll" id="9ec4f381-88a0-4431-8d82-ab923d7b5119">
      <Execution id="7aa7b9c6-2da9-4ba0-9748-ea63c3c1f8c2" />
      <TestMethod codeBase="f:\vnext1\b25bab26\VSIDEProj.MEF\bin\Release\NonShipping\Microsoft.VisualStudio.Composition.Tests.dll" adapterTypeName="Microsoft.VisualStudio.TestTools.TestTypes.Unit.UnitTestAdapter" className="Microsoft.VisualStudio.Composition.Tests.ImportSiteCreationPolicyTests" name="V1" />
    </UnitTest>
    <UnitTest name="V3 composition (V2)" storage="f:\vnext1\b25bab26\vsideproj.mef\bin\release\nonshipping\microsoft.visualstudio.composition.tests.dll" id="18ee4a45-56c7-4950-958d-5f5b7ce00d48">
      <Execution id="6c10167d-615a-4220-9e9a-230fa783797e" />
      <TestMethod codeBase="f:\vnext1\b25bab26\VSIDEProj.MEF\bin\Release\NonShipping\Microsoft.VisualStudio.Composition.Tests.dll" adapterTypeName="Microsoft.VisualStudio.TestTools.TestTypes.Unit.UnitTestAdapter" className="Microsoft.VisualStudio.Composition.Tests.ImportMetadataConstraintTests" name="V3 composition (V2)" />
    </UnitTest>
    <UnitTest name="V3 composition (V1)" storage="f:\vnext1\b25bab26\vsideproj.mef\bin\release\nonshipping\microsoft.visualstudio.composition.tests.dll" id="dd2c86b3-68b7-4ee6-9efd-9da2a1bc215a">
      <Execution id="f5ede78a-3a54-4cae-a020-f8f83474c5b0" />
      <TestMethod codeBase="f:\vnext1\b25bab26\VSIDEProj.MEF\bin\Release\NonShipping\Microsoft.VisualStudio.Composition.Tests.dll" adapterTypeName="Microsoft.VisualStudio.TestTools.TestTypes.Unit.UnitTestAdapter" className="Microsoft.VisualStudio.Composition.Tests.ExportingMembersTests" name="V3 composition (V1)" />
    </UnitTest>
    <UnitTest name="V3 composition (V2)" storage="f:\vnext1\b25bab26\vsideproj.mef\bin\release\nonshipping\microsoft.visualstudio.composition.tests.dll" id="a40a7107-795e-4b0f-90e2-b06533fa01b6">
      <Execution id="8ba6db5f-6679-4ae1-a4a2-03019d080104" />
      <TestMethod codeBase="f:\vnext1\b25bab26\VSIDEProj.MEF\bin\Release\NonShipping\Microsoft.VisualStudio.Composition.Tests.dll" adapterTypeName="Microsoft.VisualStudio.TestTools.TestTypes.Unit.UnitTestAdapter" className="Microsoft.VisualStudio.Composition.Tests.SharingBoundaryWithNonSharedTests" name="V3 composition (V2)" />
    </UnitTest>
    <UnitTest name="V3 composition (V1)" storage="f:\vnext1\b25bab26\vsideproj.mef\bin\release\nonshipping\microsoft.visualstudio.composition.tests.dll" id="18c07490-3fc6-4b25-bcf3-8bb992f95499">
      <Execution id="a1426013-170e-4d44-9320-53f5e0b19805" />
      <TestMethod codeBase="f:\vnext1\b25bab26\VSIDEProj.MEF\bin\Release\NonShipping\Microsoft.VisualStudio.Composition.Tests.dll" adapterTypeName="Microsoft.VisualStudio.TestTools.TestTypes.Unit.UnitTestAdapter" className="Microsoft.VisualStudio.Composition.Tests.CompositionServiceTests" name="V3 composition (V1)" />
    </UnitTest>
    <UnitTest name="V3 composition (V2)" storage="f:\vnext1\b25bab26\vsideproj.mef\bin\release\nonshipping\microsoft.visualstudio.composition.tests.dll" id="8dc3fdef-f480-49b8-aaf8-7a9b3b391419">
      <Execution id="9c22aed0-4f67-4f37-843d-13efa689e420" />
      <TestMethod codeBase="f:\vnext1\b25bab26\VSIDEProj.MEF\bin\Release\NonShipping\Microsoft.VisualStudio.Composition.Tests.dll" adapterTypeName="Microsoft.VisualStudio.TestTools.TestTypes.Unit.UnitTestAdapter" className="Microsoft.VisualStudio.Composition.Tests.ProjectSystemMockTests" name="V3 composition (V2)" />
    </UnitTest>
    <UnitTest name="V3 composition (V1)" storage="f:\vnext1\b25bab26\vsideproj.mef\bin\release\nonshipping\microsoft.visualstudio.composition.tests.dll" id="426479b4-c4d4-4112-add7-6a20a9925ca4">
      <Execution id="57f4c3e9-f12a-47fb-a8ac-26e61d6cf5f4" />
      <TestMethod codeBase="f:\vnext1\b25bab26\VSIDEProj.MEF\bin\Release\NonShipping\Microsoft.VisualStudio.Composition.Tests.dll" adapterTypeName="Microsoft.VisualStudio.TestTools.TestTypes.Unit.UnitTestAdapter" className="Microsoft.VisualStudio.Composition.Tests.CircularDependencyTests" name="V3 composition (V1)" />
    </UnitTest>
    <UnitTest name="V3 engine (runtime)" storage="f:\vnext1\b25bab26\vsideproj.mef\bin\release\nonshipping\microsoft.visualstudio.composition.tests.dll" id="7b9dc443-e965-4ca6-ab8c-a585b4f818de">
      <Execution id="2800ad1e-0ac9-43a3-9769-b3f79989ea6d" />
      <TestMethod codeBase="f:\vnext1\b25bab26\VSIDEProj.MEF\bin\Release\NonShipping\Microsoft.VisualStudio.Composition.Tests.dll" adapterTypeName="Microsoft.VisualStudio.TestTools.TestTypes.Unit.UnitTestAdapter" className="Microsoft.VisualStudio.Composition.Tests.ImportingConstructorTests" name="V3 engine (runtime)" />
    </UnitTest>
    <UnitTest name="V3 composition (V1, V2)" storage="f:\vnext1\b25bab26\vsideproj.mef\bin\release\nonshipping\microsoft.visualstudio.composition.tests.dll" id="b6f1842c-2d13-42c5-8dfe-7907b9ba6741">
      <Execution id="2c52eb44-8a83-4579-a753-d4a50dc7235e" />
      <TestMethod codeBase="f:\vnext1\b25bab26\VSIDEProj.MEF\bin\Release\NonShipping\Microsoft.VisualStudio.Composition.Tests.dll" adapterTypeName="Microsoft.VisualStudio.TestTools.TestTypes.Unit.UnitTestAdapter" className="Microsoft.VisualStudio.Composition.Tests.DisposablePartsTests" name="V3 composition (V1, V2)" />
    </UnitTest>
    <UnitTest name="V3 composition (V1, V2)" storage="f:\vnext1\b25bab26\vsideproj.mef\bin\release\nonshipping\microsoft.visualstudio.composition.tests.dll" id="dcac9380-3b23-4ca7-83c2-8c6dc98c009f">
      <Execution id="c0260370-4524-42ab-a54d-e66eaf98da6c" />
      <TestMethod codeBase="f:\vnext1\b25bab26\VSIDEProj.MEF\bin\Release\NonShipping\Microsoft.VisualStudio.Composition.Tests.dll" adapterTypeName="Microsoft.VisualStudio.TestTools.TestTypes.Unit.UnitTestAdapter" className="Microsoft.VisualStudio.Composition.Tests.ThreadSafetyTests" name="V3 composition (V1, V2)" />
    </UnitTest>
    <UnitTest name="V3 engine (runtime)" storage="f:\vnext1\b25bab26\vsideproj.mef\bin\release\nonshipping\microsoft.visualstudio.composition.tests.dll" id="e8c0507a-9410-4eb9-a009-b76ab95963d6">
      <Execution id="b0a6dd1b-a3e5-47a7-8808-0c0306ae06e3" />
      <TestMethod codeBase="f:\vnext1\b25bab26\VSIDEProj.MEF\bin\Release\NonShipping\Microsoft.VisualStudio.Composition.Tests.dll" adapterTypeName="Microsoft.VisualStudio.TestTools.TestTypes.Unit.UnitTestAdapter" className="Microsoft.VisualStudio.Composition.Tests.SimpleImportExportTests" name="V3 engine (runtime)" />
    </UnitTest>
    <UnitTest name="V1" storage="f:\vnext1\b25bab26\vsideproj.mef\bin\release\nonshipping\microsoft.visualstudio.composition.tests.dll" id="ea748c00-a34d-475b-990a-06029f701cc7">
      <Execution id="fbe1b434-c7b4-45f0-ba6f-86aa2f0f1d4a" />
      <TestMethod codeBase="f:\vnext1\b25bab26\VSIDEProj.MEF\bin\Release\NonShipping\Microsoft.VisualStudio.Composition.Tests.dll" adapterTypeName="Microsoft.VisualStudio.TestTools.TestTypes.Unit.UnitTestAdapter" className="Microsoft.VisualStudio.Composition.Tests.SimpleImportExportTests" name="V1" />
    </UnitTest>
    <UnitTest name="V2" storage="f:\vnext1\b25bab26\vsideproj.mef\bin\release\nonshipping\microsoft.visualstudio.composition.tests.dll" id="4d951103-e799-43b3-b61e-1c200ed90299">
      <Execution id="cdb0b497-cd82-46ac-94e2-5bdc25d06634" />
      <TestMethod codeBase="f:\vnext1\b25bab26\VSIDEProj.MEF\bin\Release\NonShipping\Microsoft.VisualStudio.Composition.Tests.dll" adapterTypeName="Microsoft.VisualStudio.TestTools.TestTypes.Unit.UnitTestAdapter" className="Microsoft.VisualStudio.Composition.Tests.SimpleImportExportTests" name="V2" />
    </UnitTest>
    <UnitTest name="V3 engine (runtime)" storage="f:\vnext1\b25bab26\vsideproj.mef\bin\release\nonshipping\microsoft.visualstudio.composition.tests.dll" id="a580bb42-b57d-495c-8164-d1331dfe71e8">
      <Execution id="5af9bb15-ebdc-46ef-9336-e8313d8f29a4" />
      <TestMethod codeBase="f:\vnext1\b25bab26\VSIDEProj.MEF\bin\Release\NonShipping\Microsoft.VisualStudio.Composition.Tests.dll" adapterTypeName="Microsoft.VisualStudio.TestTools.TestTypes.Unit.UnitTestAdapter" className="Microsoft.VisualStudio.Composition.Tests.DynamicImportTests" name="V3 engine (runtime)" />
    </UnitTest>
    <UnitTest name="GetAssemblyInputs_IdentifiesAssembliesDefiningParts" storage="f:\vnext1\b25bab26\vsideproj.mef\bin\release\nonshipping\microsoft.visualstudio.composition.tests.dll" id="da1c88f4-2e0c-4aa4-9a37-f24edc4bf089">
      <Execution id="db3da05a-aef2-48a8-a0ad-57244ab0b6cf" />
      <TestMethod codeBase="f:\vnext1\b25bab26\VSIDEProj.MEF\bin\Release\NonShipping\Microsoft.VisualStudio.Composition.Tests.dll" adapterTypeName="Microsoft.VisualStudio.TestTools.TestTypes.Unit.UnitTestAdapter" className="Microsoft.VisualStudio.Composition.Tests.CompositionCatalogTests" name="GetAssemblyInputs_IdentifiesAssembliesDefiningParts" />
    </UnitTest>
    <UnitTest name="V3 composition (V1, V2)" storage="f:\vnext1\b25bab26\vsideproj.mef\bin\release\nonshipping\microsoft.visualstudio.composition.tests.dll" id="96c83ddc-f14c-49c9-94a3-3588af3979f5">
      <Execution id="447d9248-6e7e-41a5-beee-b486f4bac960" />
      <TestMethod codeBase="f:\vnext1\b25bab26\VSIDEProj.MEF\bin\Release\NonShipping\Microsoft.VisualStudio.Composition.Tests.dll" adapterTypeName="Microsoft.VisualStudio.TestTools.TestTypes.Unit.UnitTestAdapter" className="Microsoft.VisualStudio.Composition.Tests.ObsoleteAttributeTests" name="V3 composition (V1, V2)" />
    </UnitTest>
    <UnitTest name="V3 engine (runtime)" storage="f:\vnext1\b25bab26\vsideproj.mef\bin\release\nonshipping\microsoft.visualstudio.composition.tests.dll" id="6f37e7ef-8a02-45c0-af62-be11aeac540f">
      <Execution id="df290c5a-f3f8-481e-9dc8-0e00ea47b62e" />
      <TestMethod codeBase="f:\vnext1\b25bab26\VSIDEProj.MEF\bin\Release\NonShipping\Microsoft.VisualStudio.Composition.Tests.dll" adapterTypeName="Microsoft.VisualStudio.TestTools.TestTypes.Unit.UnitTestAdapter" className="Microsoft.VisualStudio.Composition.Tests.InheritedExportTests" name="V3 engine (runtime)" />
    </UnitTest>
    <UnitTest name="V3 engine (runtime)" storage="f:\vnext1\b25bab26\vsideproj.mef\bin\release\nonshipping\microsoft.visualstudio.composition.tests.dll" id="6b8ac36d-29ad-4c5d-b7b0-2bcd1d638855">
      <Execution id="f4a98c57-2739-479d-bf77-a364126aac75" />
      <TestMethod codeBase="f:\vnext1\b25bab26\VSIDEProj.MEF\bin\Release\NonShipping\Microsoft.VisualStudio.Composition.Tests.dll" adapterTypeName="Microsoft.VisualStudio.TestTools.TestTypes.Unit.UnitTestAdapter" className="Microsoft.VisualStudio.Composition.Tests.NonPublicImportsExportsTests" name="V3 engine (runtime)" />
    </UnitTest>
    <UnitTest name="V3 engine (runtime)" storage="f:\vnext1\b25bab26\vsideproj.mef\bin\release\nonshipping\microsoft.visualstudio.composition.tests.dll" id="5d632f27-1fff-48b9-873d-6a4ccda1f3cc">
      <Execution id="d566b7d7-49ea-496b-8acf-c95dbcedefbe" />
      <TestMethod codeBase="f:\vnext1\b25bab26\VSIDEProj.MEF\bin\Release\NonShipping\Microsoft.VisualStudio.Composition.Tests.dll" adapterTypeName="Microsoft.VisualStudio.TestTools.TestTypes.Unit.UnitTestAdapter" className="Microsoft.VisualStudio.Composition.Tests.ExportFactoryTests" name="V3 engine (runtime)" />
    </UnitTest>
    <UnitTest name="V1" storage="f:\vnext1\b25bab26\vsideproj.mef\bin\release\nonshipping\microsoft.visualstudio.composition.tests.dll" id="a0cf6183-eff9-4901-ad2b-c8828976dca5">
      <Execution id="25b5e936-00d1-477b-949b-ff789052bf0a" />
      <TestMethod codeBase="f:\vnext1\b25bab26\VSIDEProj.MEF\bin\Release\NonShipping\Microsoft.VisualStudio.Composition.Tests.dll" adapterTypeName="Microsoft.VisualStudio.TestTools.TestTypes.Unit.UnitTestAdapter" className="Microsoft.VisualStudio.Composition.Tests.NonPublicImportsExportsTests" name="V1" />
    </UnitTest>
    <UnitTest name="V3 engine (runtime)" storage="f:\vnext1\b25bab26\vsideproj.mef\bin\release\nonshipping\microsoft.visualstudio.composition.tests.dll" id="d02b2206-9a3d-403a-a2d3-b4e18bf3c3e2">
      <Execution id="811197c0-8028-43dc-befa-11dc139f740c" />
      <TestMethod codeBase="f:\vnext1\b25bab26\VSIDEProj.MEF\bin\Release\NonShipping\Microsoft.VisualStudio.Composition.Tests.dll" adapterTypeName="Microsoft.VisualStudio.TestTools.TestTypes.Unit.UnitTestAdapter" className="Microsoft.VisualStudio.Composition.Tests.RejectionTests" name="V3 engine (runtime)" />
    </UnitTest>
    <UnitTest name="V3 engine (runtime)" storage="f:\vnext1\b25bab26\vsideproj.mef\bin\release\nonshipping\microsoft.visualstudio.composition.tests.dll" id="75bfb490-3c4a-4f76-b27c-5f999842c917">
      <Execution id="b61e13cb-0d91-4287-ab51-61c0fdea1993" />
      <TestMethod codeBase="f:\vnext1\b25bab26\VSIDEProj.MEF\bin\Release\NonShipping\Microsoft.VisualStudio.Composition.Tests.dll" adapterTypeName="Microsoft.VisualStudio.TestTools.TestTypes.Unit.UnitTestAdapter" className="Microsoft.VisualStudio.Composition.Tests.StaticMemberExportsTests" name="V3 engine (runtime)" />
    </UnitTest>
    <UnitTest name="V1" storage="f:\vnext1\b25bab26\vsideproj.mef\bin\release\nonshipping\microsoft.visualstudio.composition.tests.dll" id="e387c9e1-6a78-4778-9dc3-dc31cebd07ae">
      <Execution id="e1433975-df10-46db-9d47-80c331dd7175" />
      <TestMethod codeBase="f:\vnext1\b25bab26\VSIDEProj.MEF\bin\Release\NonShipping\Microsoft.VisualStudio.Composition.Tests.dll" adapterTypeName="Microsoft.VisualStudio.TestTools.TestTypes.Unit.UnitTestAdapter" className="Microsoft.VisualStudio.Composition.Tests.ExportFactoryTests" name="V1" />
    </UnitTest>
    <UnitTest name="V2" storage="f:\vnext1\b25bab26\vsideproj.mef\bin\release\nonshipping\microsoft.visualstudio.composition.tests.dll" id="27a9504e-df6e-4eda-95eb-4036226290f6">
      <Execution id="97aebd83-70bc-4813-8647-df41068b78b4" />
      <TestMethod codeBase="f:\vnext1\b25bab26\VSIDEProj.MEF\bin\Release\NonShipping\Microsoft.VisualStudio.Composition.Tests.dll" adapterTypeName="Microsoft.VisualStudio.TestTools.TestTypes.Unit.UnitTestAdapter" className="Microsoft.VisualStudio.Composition.Tests.RejectionTests" name="V2" />
    </UnitTest>
    <UnitTest name="V1" storage="f:\vnext1\b25bab26\vsideproj.mef\bin\release\nonshipping\microsoft.visualstudio.composition.tests.dll" id="c281e67d-76bf-46a7-8fe1-d381e8883e3e">
      <Execution id="d7a84b17-1316-4ded-9b0f-f9bea18f728a" />
      <TestMethod codeBase="f:\vnext1\b25bab26\VSIDEProj.MEF\bin\Release\NonShipping\Microsoft.VisualStudio.Composition.Tests.dll" adapterTypeName="Microsoft.VisualStudio.TestTools.TestTypes.Unit.UnitTestAdapter" className="Microsoft.VisualStudio.Composition.Tests.StaticMemberExportsTests" name="V1" />
    </UnitTest>
    <UnitTest name="V2" storage="f:\vnext1\b25bab26\vsideproj.mef\bin\release\nonshipping\microsoft.visualstudio.composition.tests.dll" id="0fe3a0e3-7022-409a-b6bf-7cc3a1fa86c7">
      <Execution id="3ca3ef94-bc90-40b0-beab-7fe05cc8a68e" />
      <TestMethod codeBase="f:\vnext1\b25bab26\VSIDEProj.MEF\bin\Release\NonShipping\Microsoft.VisualStudio.Composition.Tests.dll" adapterTypeName="Microsoft.VisualStudio.TestTools.TestTypes.Unit.UnitTestAdapter" className="Microsoft.VisualStudio.Composition.Tests.RejectionTests" name="V2" />
    </UnitTest>
    <UnitTest name="V3 composition (V2)" storage="f:\vnext1\b25bab26\vsideproj.mef\bin\release\nonshipping\microsoft.visualstudio.composition.tests.dll" id="4e6fcace-1fc1-4f6c-b173-7b812d470e1b">
      <Execution id="911b3633-45dd-4dc5-acc8-fc22b79b2b42" />
      <TestMethod codeBase="f:\vnext1\b25bab26\VSIDEProj.MEF\bin\Release\NonShipping\Microsoft.VisualStudio.Composition.Tests.dll" adapterTypeName="Microsoft.VisualStudio.TestTools.TestTypes.Unit.UnitTestAdapter" className="Microsoft.VisualStudio.Composition.Tests.SharingBoundaryWithSharedTests" name="V3 composition (V2)" />
    </UnitTest>
    <UnitTest name="V1" storage="f:\vnext1\b25bab26\vsideproj.mef\bin\release\nonshipping\microsoft.visualstudio.composition.tests.dll" id="7d5e0e6c-5d06-4dc1-b8ba-ba1c6b05bad6">
      <Execution id="cb091a5c-edc7-493d-93a1-b97ae0f0e0ef" />
      <TestMethod codeBase="f:\vnext1\b25bab26\VSIDEProj.MEF\bin\Release\NonShipping\Microsoft.VisualStudio.Composition.Tests.dll" adapterTypeName="Microsoft.VisualStudio.TestTools.TestTypes.Unit.UnitTestAdapter" className="Microsoft.VisualStudio.Composition.Tests.InheritedExportTests" name="V1" />
    </UnitTest>
    <UnitTest name="V3 engine (runtime)" storage="f:\vnext1\b25bab26\vsideproj.mef\bin\release\nonshipping\microsoft.visualstudio.composition.tests.dll" id="4419ea25-4a97-4128-b9bf-de4a0042ced5">
      <Execution id="786fd8ec-a1f5-4240-bf22-3f28ba03c5c3" />
      <TestMethod codeBase="f:\vnext1\b25bab26\VSIDEProj.MEF\bin\Release\NonShipping\Microsoft.VisualStudio.Composition.Tests.dll" adapterTypeName="Microsoft.VisualStudio.TestTools.TestTypes.Unit.UnitTestAdapter" className="Microsoft.VisualStudio.Composition.Tests.EmbeddableTypesTests" name="V3 engine (runtime)" />
    </UnitTest>
    <UnitTest name="V1" storage="f:\vnext1\b25bab26\vsideproj.mef\bin\release\nonshipping\microsoft.visualstudio.composition.tests.dll" id="0c9ba3b4-93ea-4175-83d0-19ac13485111">
      <Execution id="bd6bd57b-3e6e-40e7-81d3-96696fab7a21" />
      <TestMethod codeBase="f:\vnext1\b25bab26\VSIDEProj.MEF\bin\Release\NonShipping\Microsoft.VisualStudio.Composition.Tests.dll" adapterTypeName="Microsoft.VisualStudio.TestTools.TestTypes.Unit.UnitTestAdapter" className="Microsoft.VisualStudio.Composition.Tests.EmbeddableTypesTests" name="V1" />
    </UnitTest>
    <UnitTest name="V3 engine (runtime)" storage="f:\vnext1\b25bab26\vsideproj.mef\bin\release\nonshipping\microsoft.visualstudio.composition.tests.dll" id="a9d9ee23-a783-45bc-923b-a8c6fcf462dc">
      <Execution id="a9c632f6-c793-4867-a511-8ec20bfd6790" />
      <TestMethod codeBase="f:\vnext1\b25bab26\VSIDEProj.MEF\bin\Release\NonShipping\Microsoft.VisualStudio.Composition.Tests.dll" adapterTypeName="Microsoft.VisualStudio.TestTools.TestTypes.Unit.UnitTestAdapter" className="Microsoft.VisualStudio.Composition.Tests.ExportMetadataMultipleTests" name="V3 engine (runtime)" />
    </UnitTest>
    <UnitTest name="V3 engine (runtime)" storage="f:\vnext1\b25bab26\vsideproj.mef\bin\release\nonshipping\microsoft.visualstudio.composition.tests.dll" id="0e771a91-05dd-4496-9950-22fcb1b7c624">
      <Execution id="04e3bce3-e898-4313-b383-5ea66dc3d7eb" />
      <TestMethod codeBase="f:\vnext1\b25bab26\VSIDEProj.MEF\bin\Release\NonShipping\Microsoft.VisualStudio.Composition.Tests.dll" adapterTypeName="Microsoft.VisualStudio.TestTools.TestTypes.Unit.UnitTestAdapter" className="Microsoft.VisualStudio.Composition.Tests.CustomMetadataAttributeTests" name="V3 engine (runtime)" />
    </UnitTest>
    <UnitTest name="V1" storage="f:\vnext1\b25bab26\vsideproj.mef\bin\release\nonshipping\microsoft.visualstudio.composition.tests.dll" id="6552f5bb-c16d-4ea7-831b-798a3b645ab0">
      <Execution id="2f6aa599-4b0c-4e38-a137-006006c9fad2" />
      <TestMethod codeBase="f:\vnext1\b25bab26\VSIDEProj.MEF\bin\Release\NonShipping\Microsoft.VisualStudio.Composition.Tests.dll" adapterTypeName="Microsoft.VisualStudio.TestTools.TestTypes.Unit.UnitTestAdapter" className="Microsoft.VisualStudio.Composition.Tests.ExportMetadataMultipleTests" name="V1" />
    </UnitTest>
    <UnitTest name="V1" storage="f:\vnext1\b25bab26\vsideproj.mef\bin\release\nonshipping\microsoft.visualstudio.composition.tests.dll" id="9cbf2bdd-8168-4523-938e-68d9cee31077">
      <Execution id="5a7a3a99-ebad-4fb4-be88-6fa3bb3c5c1e" />
      <TestMethod codeBase="f:\vnext1\b25bab26\VSIDEProj.MEF\bin\Release\NonShipping\Microsoft.VisualStudio.Composition.Tests.dll" adapterTypeName="Microsoft.VisualStudio.TestTools.TestTypes.Unit.UnitTestAdapter" className="Microsoft.VisualStudio.Composition.Tests.CustomMetadataAttributeTests" name="V1" />
    </UnitTest>
    <UnitTest name="V2" storage="f:\vnext1\b25bab26\vsideproj.mef\bin\release\nonshipping\microsoft.visualstudio.composition.tests.dll" id="c9b465df-c797-422c-82bf-f24624f87750">
      <Execution id="a6e9a756-39f2-43d6-bb12-8c9504b31b2f" />
      <TestMethod codeBase="f:\vnext1\b25bab26\VSIDEProj.MEF\bin\Release\NonShipping\Microsoft.VisualStudio.Composition.Tests.dll" adapterTypeName="Microsoft.VisualStudio.TestTools.TestTypes.Unit.UnitTestAdapter" className="Microsoft.VisualStudio.Composition.Tests.ExportMetadataMultipleTests" name="V2" />
    </UnitTest>
    <UnitTest name="V3 engine (runtime)" storage="f:\vnext1\b25bab26\vsideproj.mef\bin\release\nonshipping\microsoft.visualstudio.composition.tests.dll" id="48d34947-91a0-4f55-b191-3a26e3058627">
      <Execution id="95b22636-bd4b-42c4-9e70-0d4386794cc2" />
      <TestMethod codeBase="f:\vnext1\b25bab26\VSIDEProj.MEF\bin\Release\NonShipping\Microsoft.VisualStudio.Composition.Tests.dll" adapterTypeName="Microsoft.VisualStudio.TestTools.TestTypes.Unit.UnitTestAdapter" className="Microsoft.VisualStudio.Composition.Tests.ImportMetadataConstraintTests" name="V3 engine (runtime)" />
    </UnitTest>
    <UnitTest name="V3 engine (runtime)" storage="f:\vnext1\b25bab26\vsideproj.mef\bin\release\nonshipping\microsoft.visualstudio.composition.tests.dll" id="0d87a45e-39ee-4320-b1d1-633a26f39d91">
      <Execution id="303394ea-7ae0-416f-bf55-2247edfb0eb2" />
      <TestMethod codeBase="f:\vnext1\b25bab26\VSIDEProj.MEF\bin\Release\NonShipping\Microsoft.VisualStudio.Composition.Tests.dll" adapterTypeName="Microsoft.VisualStudio.TestTools.TestTypes.Unit.UnitTestAdapter" className="Microsoft.VisualStudio.Composition.Tests.ExportingMembersTests" name="V3 engine (runtime)" />
    </UnitTest>
    <UnitTest name="V1" storage="f:\vnext1\b25bab26\vsideproj.mef\bin\release\nonshipping\microsoft.visualstudio.composition.tests.dll" id="6118fc4f-acfa-4f86-9d50-7aa5690ac87e">
      <Execution id="c13218a7-d363-467b-bbd4-5e39b0d2a0b0" />
      <TestMethod codeBase="f:\vnext1\b25bab26\VSIDEProj.MEF\bin\Release\NonShipping\Microsoft.VisualStudio.Composition.Tests.dll" adapterTypeName="Microsoft.VisualStudio.TestTools.TestTypes.Unit.UnitTestAdapter" className="Microsoft.VisualStudio.Composition.Tests.ExportingMembersTests" name="V1" />
    </UnitTest>
    <UnitTest name="V3 composition (V1, V2)" storage="f:\vnext1\b25bab26\vsideproj.mef\bin\release\nonshipping\microsoft.visualstudio.composition.tests.dll" id="e361a16f-f5e7-443b-91cb-53d656e9ed51">
      <Execution id="2b51f412-08b0-47ab-b368-192df674cc99" />
      <TestMethod codeBase="f:\vnext1\b25bab26\VSIDEProj.MEF\bin\Release\NonShipping\Microsoft.VisualStudio.Composition.Tests.dll" adapterTypeName="Microsoft.VisualStudio.TestTools.TestTypes.Unit.UnitTestAdapter" className="Microsoft.VisualStudio.Composition.Tests.ImportedExportProviderTests" name="V3 composition (V1, V2)" />
    </UnitTest>
    <UnitTest name="V3 engine (runtime)" storage="f:\vnext1\b25bab26\vsideproj.mef\bin\release\nonshipping\microsoft.visualstudio.composition.tests.dll" id="31779586-3921-450d-b908-8dcc084839f0">
      <Execution id="5a692845-d839-4aa8-be77-b82bde7c628a" />
      <TestMethod codeBase="f:\vnext1\b25bab26\VSIDEProj.MEF\bin\Release\NonShipping\Microsoft.VisualStudio.Composition.Tests.dll" adapterTypeName="Microsoft.VisualStudio.TestTools.TestTypes.Unit.UnitTestAdapter" className="Microsoft.VisualStudio.Composition.Tests.OpenGenericExportTests" name="V3 engine (runtime)" />
    </UnitTest>
    <UnitTest name="V3 engine (runtime)" storage="f:\vnext1\b25bab26\vsideproj.mef\bin\release\nonshipping\microsoft.visualstudio.composition.tests.dll" id="a2a37453-7d11-4f5c-9be1-3938d3dba24b">
      <Execution id="cb4b31e5-396f-4186-976f-acf4e0f2a4e2" />
      <TestMethod codeBase="f:\vnext1\b25bab26\VSIDEProj.MEF\bin\Release\NonShipping\Microsoft.VisualStudio.Composition.Tests.dll" adapterTypeName="Microsoft.VisualStudio.TestTools.TestTypes.Unit.UnitTestAdapter" className="Microsoft.VisualStudio.Composition.Tests.CompositionServiceTests" name="V3 engine (runtime)" />
    </UnitTest>
    <UnitTest name="V2" storage="f:\vnext1\b25bab26\vsideproj.mef\bin\release\nonshipping\microsoft.visualstudio.composition.tests.dll" id="646b1924-083e-4404-8657-5ba911e0b6fe">
      <Execution id="08c54b1e-6bfe-4a25-85d3-8cfdf5d1d203" />
      <TestMethod codeBase="f:\vnext1\b25bab26\VSIDEProj.MEF\bin\Release\NonShipping\Microsoft.VisualStudio.Composition.Tests.dll" adapterTypeName="Microsoft.VisualStudio.TestTools.TestTypes.Unit.UnitTestAdapter" className="Microsoft.VisualStudio.Composition.Tests.ExportingMembersTests" name="V2" />
    </UnitTest>
    <UnitTest name="V3 engine (runtime)" storage="f:\vnext1\b25bab26\vsideproj.mef\bin\release\nonshipping\microsoft.visualstudio.composition.tests.dll" id="be2322e0-2dc3-45c6-88e2-8ee464030cf3">
      <Execution id="fb220f3f-79c9-4fd5-8595-576681a62fb0" />
      <TestMethod codeBase="f:\vnext1\b25bab26\VSIDEProj.MEF\bin\Release\NonShipping\Microsoft.VisualStudio.Composition.Tests.dll" adapterTypeName="Microsoft.VisualStudio.TestTools.TestTypes.Unit.UnitTestAdapter" className="Microsoft.VisualStudio.Composition.Tests.SharingBoundaryWithNonSharedTests" name="V3 engine (runtime)" />
    </UnitTest>
    <UnitTest name="V1" storage="f:\vnext1\b25bab26\vsideproj.mef\bin\release\nonshipping\microsoft.visualstudio.composition.tests.dll" id="326270bf-fcec-4aa4-b77d-602055b09e7f">
      <Execution id="0c9e2595-d306-4c59-aa2e-e5e16984e313" />
      <TestMethod codeBase="f:\vnext1\b25bab26\VSIDEProj.MEF\bin\Release\NonShipping\Microsoft.VisualStudio.Composition.Tests.dll" adapterTypeName="Microsoft.VisualStudio.TestTools.TestTypes.Unit.UnitTestAdapter" className="Microsoft.VisualStudio.Composition.Tests.CompositionServiceTests" name="V1" />
    </UnitTest>
    <UnitTest name="V3 engine (runtime)" storage="f:\vnext1\b25bab26\vsideproj.mef\bin\release\nonshipping\microsoft.visualstudio.composition.tests.dll" id="66bb8131-d857-45a9-8016-d342bd51931f">
      <Execution id="f0f798f7-08c4-4a74-8956-41081b7e0887" />
      <TestMethod codeBase="f:\vnext1\b25bab26\VSIDEProj.MEF\bin\Release\NonShipping\Microsoft.VisualStudio.Composition.Tests.dll" adapterTypeName="Microsoft.VisualStudio.TestTools.TestTypes.Unit.UnitTestAdapter" className="Microsoft.VisualStudio.Composition.Tests.CircularDependencyTests" name="V3 engine (runtime)" />
    </UnitTest>
    <UnitTest name="V3 composition (V1, V2)" storage="f:\vnext1\b25bab26\vsideproj.mef\bin\release\nonshipping\microsoft.visualstudio.composition.tests.dll" id="a5480677-bb4c-4ac9-b843-571df949c6a6">
      <Execution id="35cb86af-b9c0-4aaf-8800-6aabd00b1aad" />
      <TestMethod codeBase="f:\vnext1\b25bab26\VSIDEProj.MEF\bin\Release\NonShipping\Microsoft.VisualStudio.Composition.Tests.dll" adapterTypeName="Microsoft.VisualStudio.TestTools.TestTypes.Unit.UnitTestAdapter" className="Microsoft.VisualStudio.Composition.Tests.InvalidGraphTests" name="V3 composition (V1, V2)" />
    </UnitTest>
    <UnitTest name="V1" storage="f:\vnext1\b25bab26\vsideproj.mef\bin\release\nonshipping\microsoft.visualstudio.composition.tests.dll" id="e03655f0-4ee5-4ad5-b24a-a0eeea1a8c1a">
      <Execution id="e0b253ae-759f-4b2a-9e29-d7ea70d6aab6" />
      <TestMethod codeBase="f:\vnext1\b25bab26\VSIDEProj.MEF\bin\Release\NonShipping\Microsoft.VisualStudio.Composition.Tests.dll" adapterTypeName="Microsoft.VisualStudio.TestTools.TestTypes.Unit.UnitTestAdapter" className="Microsoft.VisualStudio.Composition.Tests.CircularDependencyTests" name="V1" />
    </UnitTest>
    <UnitTest name="ComposableAssembliesLazyLoadedWhenCustomMetadataIsRequired" storage="f:\vnext1\b25bab26\vsideproj.mef\bin\release\nonshipping\microsoft.visualstudio.composition.tests.dll" id="a70815d9-df09-4a2d-a38c-6cf683b9d169">
      <Execution id="461939bc-2d85-456f-abc0-6bfb2e01b0cc" />
      <TestMethod codeBase="f:\vnext1\b25bab26\VSIDEProj.MEF\bin\Release\NonShipping\Microsoft.VisualStudio.Composition.Tests.dll" adapterTypeName="Microsoft.VisualStudio.TestTools.TestTypes.Unit.UnitTestAdapter" className="Microsoft.VisualStudio.Composition.Tests.AssembliesLazyLoadedDataFileCacheTests" name="ComposableAssembliesLazyLoadedWhenCustomMetadataIsRequired" />
    </UnitTest>
    <UnitTest name="V2" storage="f:\vnext1\b25bab26\vsideproj.mef\bin\release\nonshipping\microsoft.visualstudio.composition.tests.dll" id="1576ca7b-f139-4f06-974a-76dd4951f33d">
      <Execution id="c411387c-a528-46e1-a571-2dae512ac46d" />
      <TestMethod codeBase="f:\vnext1\b25bab26\VSIDEProj.MEF\bin\Release\NonShipping\Microsoft.VisualStudio.Composition.Tests.dll" adapterTypeName="Microsoft.VisualStudio.TestTools.TestTypes.Unit.UnitTestAdapter" className="Microsoft.VisualStudio.Composition.Tests.SharingBoundaryWithNonSharedTests" name="V2" />
    </UnitTest>
    <UnitTest name="V2" storage="f:\vnext1\b25bab26\vsideproj.mef\bin\release\nonshipping\microsoft.visualstudio.composition.tests.dll" id="49ec1561-ac2e-4bf1-85a6-17fd4ff11d3b">
      <Execution id="ea388480-cd99-464f-84e2-c0fa1e97989a" />
      <TestMethod codeBase="f:\vnext1\b25bab26\VSIDEProj.MEF\bin\Release\NonShipping\Microsoft.VisualStudio.Composition.Tests.dll" adapterTypeName="Microsoft.VisualStudio.TestTools.TestTypes.Unit.UnitTestAdapter" className="Microsoft.VisualStudio.Composition.Tests.CircularDependencyTests" name="V2" />
    </UnitTest>
    <UnitTest name="V3 composition (V1, V2)" storage="f:\vnext1\b25bab26\vsideproj.mef\bin\release\nonshipping\microsoft.visualstudio.composition.tests.dll" id="e60b2fa4-9660-4f5d-917d-0c8ae74cd5c8">
      <Execution id="31b82e21-cb4c-419c-9a79-2083c9ed29d7" />
      <TestMethod codeBase="f:\vnext1\b25bab26\VSIDEProj.MEF\bin\Release\NonShipping\Microsoft.VisualStudio.Composition.Tests.dll" adapterTypeName="Microsoft.VisualStudio.TestTools.TestTypes.Unit.UnitTestAdapter" className="Microsoft.VisualStudio.Composition.Tests.ExportMetadataNonStringValuesTests" name="V3 composition (V1, V2)" />
    </UnitTest>
    <UnitTest name="V3 composition (V1, V2)" storage="f:\vnext1\b25bab26\vsideproj.mef\bin\release\nonshipping\microsoft.visualstudio.composition.tests.dll" id="d1156baf-f470-4c34-bf85-7dec62dbc646">
      <Execution id="b3a070be-1df3-4612-9116-79d2f1f35846" />
      <TestMethod codeBase="f:\vnext1\b25bab26\VSIDEProj.MEF\bin\Release\NonShipping\Microsoft.VisualStudio.Composition.Tests.dll" adapterTypeName="Microsoft.VisualStudio.TestTools.TestTypes.Unit.UnitTestAdapter" className="Microsoft.VisualStudio.Composition.Tests.NonSharedPartTests" name="V3 composition (V1, V2)" />
    </UnitTest>
    <UnitTest name="V3 composition (V1)" storage="f:\vnext1\b25bab26\vsideproj.mef\bin\release\nonshipping\microsoft.visualstudio.composition.tests.dll" id="54b953d6-b492-490c-98f3-9aed63a4fd9a">
      <Execution id="c9d24b32-841f-412e-b8a7-a45d08475da0" />
      <TestMethod codeBase="f:\vnext1\b25bab26\VSIDEProj.MEF\bin\Release\NonShipping\Microsoft.VisualStudio.Composition.Tests.dll" adapterTypeName="Microsoft.VisualStudio.TestTools.TestTypes.Unit.UnitTestAdapter" className="Microsoft.VisualStudio.Composition.Tests.ImportManyTests" name="V3 composition (V1)" />
    </UnitTest>
    <UnitTest name="V3 engine (runtime)" storage="f:\vnext1\b25bab26\vsideproj.mef\bin\release\nonshipping\microsoft.visualstudio.composition.tests.dll" id="9ce71cc7-b11b-481c-a09d-00a62e07c62c">
      <Execution id="7ce3a1e7-b642-4dd2-afbf-b27b54b16b1a" />
      <TestMethod codeBase="f:\vnext1\b25bab26\VSIDEProj.MEF\bin\Release\NonShipping\Microsoft.VisualStudio.Composition.Tests.dll" adapterTypeName="Microsoft.VisualStudio.TestTools.TestTypes.Unit.UnitTestAdapter" className="Microsoft.VisualStudio.Composition.Tests.ImportingConstructorTests" name="V3 engine (runtime)" />
    </UnitTest>
    <UnitTest name="V1" storage="f:\vnext1\b25bab26\vsideproj.mef\bin\release\nonshipping\microsoft.visualstudio.composition.tests.dll" id="a4ef9819-ea07-40cf-b450-f2eac1fbf3cd">
      <Execution id="194e3921-1410-4158-b918-a149b3f91299" />
      <TestMethod codeBase="f:\vnext1\b25bab26\VSIDEProj.MEF\bin\Release\NonShipping\Microsoft.VisualStudio.Composition.Tests.dll" adapterTypeName="Microsoft.VisualStudio.TestTools.TestTypes.Unit.UnitTestAdapter" className="Microsoft.VisualStudio.Composition.Tests.ImportingConstructorTests" name="V1" />
    </UnitTest>
    <UnitTest name="V3 engine (runtime)" storage="f:\vnext1\b25bab26\vsideproj.mef\bin\release\nonshipping\microsoft.visualstudio.composition.tests.dll" id="b3faf42c-ae11-489f-90b7-2bac65b22b89">
      <Execution id="66605857-694e-4e17-9d60-238d70488d88" />
      <TestMethod codeBase="f:\vnext1\b25bab26\VSIDEProj.MEF\bin\Release\NonShipping\Microsoft.VisualStudio.Composition.Tests.dll" adapterTypeName="Microsoft.VisualStudio.TestTools.TestTypes.Unit.UnitTestAdapter" className="Microsoft.VisualStudio.Composition.Tests.ProjectSystemMockTests" name="V3 engine (runtime)" />
    </UnitTest>
    <UnitTest name="V2" storage="f:\vnext1\b25bab26\vsideproj.mef\bin\release\nonshipping\microsoft.visualstudio.composition.tests.dll" id="6f3ec548-68b4-453f-8162-f7091f075f6c">
      <Execution id="080a5bb4-3e48-4ff2-b984-cca4f7ee3393" />
      <TestMethod codeBase="f:\vnext1\b25bab26\VSIDEProj.MEF\bin\Release\NonShipping\Microsoft.VisualStudio.Composition.Tests.dll" adapterTypeName="Microsoft.VisualStudio.TestTools.TestTypes.Unit.UnitTestAdapter" className="Microsoft.VisualStudio.Composition.Tests.ImportMetadataConstraintTests" name="V2" />
    </UnitTest>
    <UnitTest name="V3 composition (V1, V2)" storage="f:\vnext1\b25bab26\vsideproj.mef\bin\release\nonshipping\microsoft.visualstudio.composition.tests.dll" id="4effc2f7-31d2-4c23-a780-3d842fa8115f">
      <Execution id="6fc981f1-aa24-443c-9464-e6539ffcddc2" />
      <TestMethod codeBase="f:\vnext1\b25bab26\VSIDEProj.MEF\bin\Release\NonShipping\Microsoft.VisualStudio.Composition.Tests.dll" adapterTypeName="Microsoft.VisualStudio.TestTools.TestTypes.Unit.UnitTestAdapter" className="Microsoft.VisualStudio.Composition.Tests.MixedGenericExportsTests" name="V3 composition (V1, V2)" />
    </UnitTest>
    <UnitTest name="V3 composition (V1)" storage="f:\vnext1\b25bab26\vsideproj.mef\bin\release\nonshipping\microsoft.visualstudio.composition.tests.dll" id="6d4683a1-c922-43b0-818e-c0ebe4bac426">
      <Execution id="f8a4de03-a7f7-46b1-b881-6f819ed224af" />
      <TestMethod codeBase="f:\vnext1\b25bab26\VSIDEProj.MEF\bin\Release\NonShipping\Microsoft.VisualStudio.Composition.Tests.dll" adapterTypeName="Microsoft.VisualStudio.TestTools.TestTypes.Unit.UnitTestAdapter" className="Microsoft.VisualStudio.Composition.Tests.ExplicitImportIdentityTypeTests" name="V3 composition (V1)" />
    </UnitTest>
    <UnitTest name="V2" storage="f:\vnext1\b25bab26\vsideproj.mef\bin\release\nonshipping\microsoft.visualstudio.composition.tests.dll" id="e069d54b-9632-4575-9dcc-b283a2ef6893">
      <Execution id="d1fe943a-3aac-423f-8997-c1960ad8f49e" />
      <TestMethod codeBase="f:\vnext1\b25bab26\VSIDEProj.MEF\bin\Release\NonShipping\Microsoft.VisualStudio.Composition.Tests.dll" adapterTypeName="Microsoft.VisualStudio.TestTools.TestTypes.Unit.UnitTestAdapter" className="Microsoft.VisualStudio.Composition.Tests.ProjectSystemMockTests" name="V2" />
    </UnitTest>
    <UnitTest name="V3 composition (V1, V2)" storage="f:\vnext1\b25bab26\vsideproj.mef\bin\release\nonshipping\microsoft.visualstudio.composition.tests.dll" id="3a92ab3a-d30a-4a53-b072-76607f02eac0">
      <Execution id="715e3207-6f20-4f36-bb43-675e8f81afb8" />
      <TestMethod codeBase="f:\vnext1\b25bab26\VSIDEProj.MEF\bin\Release\NonShipping\Microsoft.VisualStudio.Composition.Tests.dll" adapterTypeName="Microsoft.VisualStudio.TestTools.TestTypes.Unit.UnitTestAdapter" className="Microsoft.VisualStudio.Composition.Tests.ExportMetadataTests" name="V3 composition (V1, V2)" />
    </UnitTest>
    <UnitTest name="V3 composition (V1, V2)" storage="f:\vnext1\b25bab26\vsideproj.mef\bin\release\nonshipping\microsoft.visualstudio.composition.tests.dll" id="d80ea29b-5e21-40ca-8457-9a84547c5ccc">
      <Execution id="fa9c48aa-9c46-4824-ad0a-4de743853a7e" />
      <TestMethod codeBase="f:\vnext1\b25bab26\VSIDEProj.MEF\bin\Release\NonShipping\Microsoft.VisualStudio.Composition.Tests.dll" adapterTypeName="Microsoft.VisualStudio.TestTools.TestTypes.Unit.UnitTestAdapter" className="Microsoft.VisualStudio.Composition.Tests.NamedTypedExportTests" name="V3 composition (V1, V2)" />
    </UnitTest>
    <UnitTest name="V3 composition (V1, V2)" storage="f:\vnext1\b25bab26\vsideproj.mef\bin\release\nonshipping\microsoft.visualstudio.composition.tests.dll" id="667763ee-6fda-435b-8bf2-bef15a8af354">
      <Execution id="b1700317-5b96-492c-bc4b-8239d6b90336" />
      <TestMethod codeBase="f:\vnext1\b25bab26\VSIDEProj.MEF\bin\Release\NonShipping\Microsoft.VisualStudio.Composition.Tests.dll" adapterTypeName="Microsoft.VisualStudio.TestTools.TestTypes.Unit.UnitTestAdapter" className="Microsoft.VisualStudio.Composition.Tests.AttributedPartDiscoveryV1Tests" name="V3 composition (V1, V2)" />
    </UnitTest>
    <UnitTest name="V3 composition (V1)" storage="f:\vnext1\b25bab26\vsideproj.mef\bin\release\nonshipping\microsoft.visualstudio.composition.tests.dll" id="7bbc1e3a-2ee6-4a2a-a55f-8cd76e47d848">
      <Execution id="1aa3fe8f-b803-403a-9647-167775c1d0b1" />
      <TestMethod codeBase="f:\vnext1\b25bab26\VSIDEProj.MEF\bin\Release\NonShipping\Microsoft.VisualStudio.Composition.Tests.dll" adapterTypeName="Microsoft.VisualStudio.TestTools.TestTypes.Unit.UnitTestAdapter" className="Microsoft.VisualStudio.Composition.Tests.MefV1ExportProviderAdapterTests" name="V3 composition (V1)" />
    </UnitTest>
    <UnitTest name="V3 composition (V1)" storage="f:\vnext1\b25bab26\vsideproj.mef\bin\release\nonshipping\microsoft.visualstudio.composition.tests.dll" id="61a8be6c-2467-46ba-b3cd-c12698304137">
      <Execution id="c77ba19d-7675-41db-a6e8-d32aec3a62f9" />
      <TestMethod codeBase="f:\vnext1\b25bab26\VSIDEProj.MEF\bin\Release\NonShipping\Microsoft.VisualStudio.Composition.Tests.dll" adapterTypeName="Microsoft.VisualStudio.TestTools.TestTypes.Unit.UnitTestAdapter" className="Microsoft.VisualStudio.Composition.Tests.ImportSiteCreationPolicyTests" name="V3 composition (V1)" />
    </UnitTest>
    <UnitTest name="V3 composition (V1, V2)" storage="f:\vnext1\b25bab26\vsideproj.mef\bin\release\nonshipping\microsoft.visualstudio.composition.tests.dll" id="04ca4cdd-1633-4d99-8427-eca1de3cd1d0">
      <Execution id="0d3689c9-ee52-43c8-b4b3-dd5862d7a610" />
      <TestMethod codeBase="f:\vnext1\b25bab26\VSIDEProj.MEF\bin\Release\NonShipping\Microsoft.VisualStudio.Composition.Tests.dll" adapterTypeName="Microsoft.VisualStudio.TestTools.TestTypes.Unit.UnitTestAdapter" className="Microsoft.VisualStudio.Composition.Tests.LazyImportTests" name="V3 composition (V1, V2)" />
    </UnitTest>
    <UnitTest name="V3 composition (V1, V2)" storage="f:\vnext1\b25bab26\vsideproj.mef\bin\release\nonshipping\microsoft.visualstudio.composition.tests.dll" id="722ea122-73bb-4ba5-b616-05e0e4a5ff1a">
      <Execution id="a7a95b3d-6158-41f9-b21f-a36a1ff330eb" />
      <TestMethod codeBase="f:\vnext1\b25bab26\VSIDEProj.MEF\bin\Release\NonShipping\Microsoft.VisualStudio.Composition.Tests.dll" adapterTypeName="Microsoft.VisualStudio.TestTools.TestTypes.Unit.UnitTestAdapter" className="Microsoft.VisualStudio.Composition.Tests.MultipleExportsOnPartTests" name="V3 composition (V1, V2)" />
    </UnitTest>
    <UnitTest name="V3 engine (runtime)" storage="f:\vnext1\b25bab26\vsideproj.mef\bin\release\nonshipping\microsoft.visualstudio.composition.tests.dll" id="af805f1d-fb27-401f-83c8-e49aa4f1855d">
      <Execution id="7891c6cb-07a2-4d36-bff0-b6de308cb9f1" />
      <TestMethod codeBase="f:\vnext1\b25bab26\VSIDEProj.MEF\bin\Release\NonShipping\Microsoft.VisualStudio.Composition.Tests.dll" adapterTypeName="Microsoft.VisualStudio.TestTools.TestTypes.Unit.UnitTestAdapter" className="Microsoft.VisualStudio.Composition.Tests.ObsoleteAttributeTests" name="V3 engine (runtime)" />
    </UnitTest>
    <UnitTest name="V3 engine (runtime)" storage="f:\vnext1\b25bab26\vsideproj.mef\bin\release\nonshipping\microsoft.visualstudio.composition.tests.dll" id="3c18c47a-a3fb-49ca-92d4-73446079469c">
      <Execution id="e8a85936-a6e4-4ead-8f4f-6969b48f78d6" />
      <TestMethod codeBase="f:\vnext1\b25bab26\VSIDEProj.MEF\bin\Release\NonShipping\Microsoft.VisualStudio.Composition.Tests.dll" adapterTypeName="Microsoft.VisualStudio.TestTools.TestTypes.Unit.UnitTestAdapter" className="Microsoft.VisualStudio.Composition.Tests.DisposablePartsTests" name="V3 engine (runtime)" />
    </UnitTest>
    <UnitTest name="V3 composition (V1, V2)" storage="f:\vnext1\b25bab26\vsideproj.mef\bin\release\nonshipping\microsoft.visualstudio.composition.tests.dll" id="09f4fad0-089b-4112-889b-4b4d473d7dcf">
      <Execution id="508da5d0-b4fd-42f2-8d77-e7d8b8872012" />
      <TestMethod codeBase="f:\vnext1\b25bab26\VSIDEProj.MEF\bin\Release\NonShipping\Microsoft.VisualStudio.Composition.Tests.dll" adapterTypeName="Microsoft.VisualStudio.TestTools.TestTypes.Unit.UnitTestAdapter" className="Microsoft.VisualStudio.Composition.Tests.OnImportsSatisfiedTests" name="V3 composition (V1, V2)" />
    </UnitTest>
    <UnitTest name="AssemblyDiscoveryDropsTypesWithProblematicAttributes" storage="f:\vnext1\b25bab26\vsideproj.mef\bin\release\nonshipping\microsoft.visualstudio.composition.tests.dll" id="3b94b98d-899e-4c2c-9ea4-6def2bbfb8e3">
      <Execution id="2f75c087-23d0-4fb0-9c1b-06630f8324be" />
      <TestMethod codeBase="f:\vnext1\b25bab26\VSIDEProj.MEF\bin\Release\NonShipping\Microsoft.VisualStudio.Composition.Tests.dll" adapterTypeName="Microsoft.VisualStudio.TestTools.TestTypes.Unit.UnitTestAdapter" className="Microsoft.VisualStudio.Composition.Tests.AttributedPartDiscoveryTests" name="AssemblyDiscoveryDropsTypesWithProblematicAttributes" />
    </UnitTest>
    <UnitTest name="TypeDiscoveryIgnoresPartNotDiscoverableAttribute" storage="f:\vnext1\b25bab26\vsideproj.mef\bin\release\nonshipping\microsoft.visualstudio.composition.tests.dll" id="2ecdd755-1b78-4055-b6b7-c4756fbbcdea">
      <Execution id="09b0d36f-f47b-4c17-9b11-49b3557c350b" />
      <TestMethod codeBase="f:\vnext1\b25bab26\VSIDEProj.MEF\bin\Release\NonShipping\Microsoft.VisualStudio.Composition.Tests.dll" adapterTypeName="Microsoft.VisualStudio.TestTools.TestTypes.Unit.UnitTestAdapter" className="Microsoft.VisualStudio.Composition.Tests.AttributedPartDiscoveryTests" name="TypeDiscoveryIgnoresPartNotDiscoverableAttribute" />
    </UnitTest>
    <UnitTest name="SharedPartProduction" storage="f:\vnext1\b25bab26\vsideproj.mef\bin\release\nonshipping\microsoft.visualstudio.composition.tests.dll" id="1d3981ed-a1c4-44bb-9a44-bd7b2aa40ac8">
      <Execution id="880ce77c-faca-45d5-945d-db76748355c7" />
      <TestMethod codeBase="f:\vnext1\b25bab26\VSIDEProj.MEF\bin\Release\NonShipping\Microsoft.VisualStudio.Composition.Tests.dll" adapterTypeName="Microsoft.VisualStudio.TestTools.TestTypes.Unit.UnitTestAdapter" className="Microsoft.VisualStudio.Composition.Tests.AttributedPartDiscoveryTests" name="SharedPartProduction" />
    </UnitTest>
    <UnitTest name="PartMetadataInCatalogIsPresent" storage="f:\vnext1\b25bab26\vsideproj.mef\bin\release\nonshipping\microsoft.visualstudio.composition.tests.dll" id="e99f8efd-65c1-4d7a-8aaf-40abcf09e370">
      <Execution id="449db6c1-d08c-4611-bb8b-73eb2b711a0b" />
      <TestMethod codeBase="f:\vnext1\b25bab26\VSIDEProj.MEF\bin\Release\NonShipping\Microsoft.VisualStudio.Composition.Tests.dll" adapterTypeName="Microsoft.VisualStudio.TestTools.TestTypes.Unit.UnitTestAdapter" className="Microsoft.VisualStudio.Composition.Tests.AttributedPartDiscoveryTests" name="PartMetadataInCatalogIsPresent" />
    </UnitTest>
    <UnitTest name="CreatePartsAsync_Assembly_ResilientAgainstReflectionErrors" storage="f:\vnext1\b25bab26\vsideproj.mef\bin\release\nonshipping\microsoft.visualstudio.composition.tests.dll" id="9bc7cdda-f98a-4433-87cb-ed9e61ec38ab">
      <Execution id="c4dca823-d0c1-4e94-b1ea-34426f65922d" />
      <TestMethod codeBase="f:\vnext1\b25bab26\VSIDEProj.MEF\bin\Release\NonShipping\Microsoft.VisualStudio.Composition.Tests.dll" adapterTypeName="Microsoft.VisualStudio.TestTools.TestTypes.Unit.UnitTestAdapter" className="Microsoft.VisualStudio.Composition.Tests.PartDiscoveryTests" name="CreatePartsAsync_Assembly_ResilientAgainstReflectionErrors" />
    </UnitTest>
    <UnitTest name="V3 engine (runtime)" storage="f:\vnext1\b25bab26\vsideproj.mef\bin\release\nonshipping\microsoft.visualstudio.composition.tests.dll" id="8ba554e0-5507-465c-a7b8-e7ebe22cd2d4">
      <Execution id="9b47afcd-e52d-4635-8647-3fd497f99c2c" />
      <TestMethod codeBase="f:\vnext1\b25bab26\VSIDEProj.MEF\bin\Release\NonShipping\Microsoft.VisualStudio.Composition.Tests.dll" adapterTypeName="Microsoft.VisualStudio.TestTools.TestTypes.Unit.UnitTestAdapter" className="Microsoft.VisualStudio.Composition.Tests.SharingBoundaryWithSharedTests" name="V3 engine (runtime)" />
    </UnitTest>
    <UnitTest name="V3 engine (runtime)" storage="f:\vnext1\b25bab26\vsideproj.mef\bin\release\nonshipping\microsoft.visualstudio.composition.tests.dll" id="1565892e-0086-4703-bcf9-1f04dd979979">
      <Execution id="a688990f-89e5-4fa5-a173-4ea005e56cc1" />
      <TestMethod codeBase="f:\vnext1\b25bab26\VSIDEProj.MEF\bin\Release\NonShipping\Microsoft.VisualStudio.Composition.Tests.dll" adapterTypeName="Microsoft.VisualStudio.TestTools.TestTypes.Unit.UnitTestAdapter" className="Microsoft.VisualStudio.Composition.Tests.OpenGenericExportTests" name="V3 engine (runtime)" />
    </UnitTest>
    <UnitTest name="V3 engine (runtime)" storage="f:\vnext1\b25bab26\vsideproj.mef\bin\release\nonshipping\microsoft.visualstudio.composition.tests.dll" id="02d95f8a-c0c1-4d88-b057-3c1942464f68">
      <Execution id="1cad46fd-3958-4a21-8de2-752e6ce40280" />
      <TestMethod codeBase="f:\vnext1\b25bab26\VSIDEProj.MEF\bin\Release\NonShipping\Microsoft.VisualStudio.Composition.Tests.dll" adapterTypeName="Microsoft.VisualStudio.TestTools.TestTypes.Unit.UnitTestAdapter" className="Microsoft.VisualStudio.Composition.Tests.InvalidGraphTests" name="V3 engine (runtime)" />
    </UnitTest>
    <UnitTest name="V1" storage="f:\vnext1\b25bab26\vsideproj.mef\bin\release\nonshipping\microsoft.visualstudio.composition.tests.dll" id="665fcebe-8a06-4892-93ae-f68f7e8fa5e1">
      <Execution id="018f9b77-e153-4364-80a9-fbc1b904d47b" />
      <TestMethod codeBase="f:\vnext1\b25bab26\VSIDEProj.MEF\bin\Release\NonShipping\Microsoft.VisualStudio.Composition.Tests.dll" adapterTypeName="Microsoft.VisualStudio.TestTools.TestTypes.Unit.UnitTestAdapter" className="Microsoft.VisualStudio.Composition.Tests.OpenGenericExportTests" name="V1" />
    </UnitTest>
    <UnitTest name="V3 engine (runtime)" storage="f:\vnext1\b25bab26\vsideproj.mef\bin\release\nonshipping\microsoft.visualstudio.composition.tests.dll" id="218abe83-1187-47ca-9796-448604ff4532">
      <Execution id="f4471b9b-016b-438e-9215-989006442996" />
      <TestMethod codeBase="f:\vnext1\b25bab26\VSIDEProj.MEF\bin\Release\NonShipping\Microsoft.VisualStudio.Composition.Tests.dll" adapterTypeName="Microsoft.VisualStudio.TestTools.TestTypes.Unit.UnitTestAdapter" className="Microsoft.VisualStudio.Composition.Tests.NonSharedPartTests" name="V3 engine (runtime)" />
    </UnitTest>
    <UnitTest name="V3 engine (runtime)" storage="f:\vnext1\b25bab26\vsideproj.mef\bin\release\nonshipping\microsoft.visualstudio.composition.tests.dll" id="96dd742a-0102-416d-b2af-658a58f4c9a3">
      <Execution id="a3e78660-81a4-48d5-8e14-2460be724a9b" />
      <TestMethod codeBase="f:\vnext1\b25bab26\VSIDEProj.MEF\bin\Release\NonShipping\Microsoft.VisualStudio.Composition.Tests.dll" adapterTypeName="Microsoft.VisualStudio.TestTools.TestTypes.Unit.UnitTestAdapter" className="Microsoft.VisualStudio.Composition.Tests.ExportMetadataNonStringValuesTests" name="V3 engine (runtime)" />
    </UnitTest>
    <UnitTest name="V1" storage="f:\vnext1\b25bab26\vsideproj.mef\bin\release\nonshipping\microsoft.visualstudio.composition.tests.dll" id="c7e1d536-db38-4935-ba02-fdc4e9d1dc94">
      <Execution id="0986b00b-6f80-43bf-9601-162f4440f92e" />
      <TestMethod codeBase="f:\vnext1\b25bab26\VSIDEProj.MEF\bin\Release\NonShipping\Microsoft.VisualStudio.Composition.Tests.dll" adapterTypeName="Microsoft.VisualStudio.TestTools.TestTypes.Unit.UnitTestAdapter" className="Microsoft.VisualStudio.Composition.Tests.NonSharedPartTests" name="V1" />
    </UnitTest>
    <UnitTest name="V2" storage="f:\vnext1\b25bab26\vsideproj.mef\bin\release\nonshipping\microsoft.visualstudio.composition.tests.dll" id="d325e133-ce1a-4aae-a911-08186a1e197d">
      <Execution id="eb807c4c-a5da-4701-af85-6b400583e176" />
      <TestMethod codeBase="f:\vnext1\b25bab26\VSIDEProj.MEF\bin\Release\NonShipping\Microsoft.VisualStudio.Composition.Tests.dll" adapterTypeName="Microsoft.VisualStudio.TestTools.TestTypes.Unit.UnitTestAdapter" className="Microsoft.VisualStudio.Composition.Tests.NonSharedPartTests" name="V2" />
    </UnitTest>
    <UnitTest name="V3 composition (V1, V2)" storage="f:\vnext1\b25bab26\vsideproj.mef\bin\release\nonshipping\microsoft.visualstudio.composition.tests.dll" id="4719cebb-ab7c-499f-977d-ebe7b6e3acc3">
      <Execution id="7292fb8e-8464-45cc-8ced-28aa10a76a06" />
      <TestMethod codeBase="f:\vnext1\b25bab26\VSIDEProj.MEF\bin\Release\NonShipping\Microsoft.VisualStudio.Composition.Tests.dll" adapterTypeName="Microsoft.VisualStudio.TestTools.TestTypes.Unit.UnitTestAdapter" className="Microsoft.VisualStudio.Composition.Tests.ClosedGenericExportedTypeTests" name="V3 composition (V1, V2)" />
    </UnitTest>
    <UnitTest name="V3 engine (runtime)" storage="f:\vnext1\b25bab26\vsideproj.mef\bin\release\nonshipping\microsoft.visualstudio.composition.tests.dll" id="f0f2ba4c-6db6-4015-ac3f-aa98d46554ff">
      <Execution id="2bf843ad-c638-4fa5-b607-a433a7366ced" />
      <TestMethod codeBase="f:\vnext1\b25bab26\VSIDEProj.MEF\bin\Release\NonShipping\Microsoft.VisualStudio.Composition.Tests.dll" adapterTypeName="Microsoft.VisualStudio.TestTools.TestTypes.Unit.UnitTestAdapter" className="Microsoft.VisualStudio.Composition.Tests.ImportedExportProviderTests" name="V3 engine (runtime)" />
    </UnitTest>
    <UnitTest name="V2" storage="f:\vnext1\b25bab26\vsideproj.mef\bin\release\nonshipping\microsoft.visualstudio.composition.tests.dll" id="551abc53-06f3-40b0-a06d-8bfd4dd55c16">
      <Execution id="dcd60b6a-21b7-49e3-9b54-eae56919c59a" />
      <TestMethod codeBase="f:\vnext1\b25bab26\VSIDEProj.MEF\bin\Release\NonShipping\Microsoft.VisualStudio.Composition.Tests.dll" adapterTypeName="Microsoft.VisualStudio.TestTools.TestTypes.Unit.UnitTestAdapter" className="Microsoft.VisualStudio.Composition.Tests.SharingBoundaryWithSharedTests" name="V2" />
    </UnitTest>
    <UnitTest name="V3 engine (runtime)" storage="f:\vnext1\b25bab26\vsideproj.mef\bin\release\nonshipping\microsoft.visualstudio.composition.tests.dll" id="9d66659d-ae06-460b-9aaa-3ede96c0a9cd">
      <Execution id="95945be3-ecee-4ad4-8652-28cd4dc8fb6b" />
      <TestMethod codeBase="f:\vnext1\b25bab26\VSIDEProj.MEF\bin\Release\NonShipping\Microsoft.VisualStudio.Composition.Tests.dll" adapterTypeName="Microsoft.VisualStudio.TestTools.TestTypes.Unit.UnitTestAdapter" className="Microsoft.VisualStudio.Composition.Tests.ImportManyTests" name="V3 engine (runtime)" />
    </UnitTest>
    <UnitTest name="WithCatalog_MergesErrors" storage="f:\vnext1\b25bab26\vsideproj.mef\bin\release\nonshipping\microsoft.visualstudio.composition.tests.dll" id="c10fb9d3-b6e9-4547-932d-d21292509015">
      <Execution id="5a1b4dca-5b67-451e-90fc-efd68bbf2d3d" />
      <TestMethod codeBase="f:\vnext1\b25bab26\VSIDEProj.MEF\bin\Release\NonShipping\Microsoft.VisualStudio.Composition.Tests.dll" adapterTypeName="Microsoft.VisualStudio.TestTools.TestTypes.Unit.UnitTestAdapter" className="Microsoft.VisualStudio.Composition.Tests.ComposableCatalogTests" name="WithCatalog_MergesErrors" />
    </UnitTest>
    <UnitTest name="V3 composition (V1, V2)" storage="f:\vnext1\b25bab26\vsideproj.mef\bin\release\nonshipping\microsoft.visualstudio.composition.tests.dll" id="969f298a-0556-44a5-982f-f3f1cd968b2e">
      <Execution id="fdf57d93-d298-4ae0-a2d4-49b18e1a9f30" />
      <TestMethod codeBase="f:\vnext1\b25bab26\VSIDEProj.MEF\bin\Release\NonShipping\Microsoft.VisualStudio.Composition.Tests.dll" adapterTypeName="Microsoft.VisualStudio.TestTools.TestTypes.Unit.UnitTestAdapter" className="Microsoft.VisualStudio.Composition.Tests.ExportProviderTests" name="V3 composition (V1, V2)" />
    </UnitTest>
    <UnitTest name="V1" storage="f:\vnext1\b25bab26\vsideproj.mef\bin\release\nonshipping\microsoft.visualstudio.composition.tests.dll" id="9dc9050a-4423-4f8f-a05a-d40c57ae751f">
      <Execution id="d552fbdc-f4e0-4406-a3c0-c6ba454c3528" />
      <TestMethod codeBase="f:\vnext1\b25bab26\VSIDEProj.MEF\bin\Release\NonShipping\Microsoft.VisualStudio.Composition.Tests.dll" adapterTypeName="Microsoft.VisualStudio.TestTools.TestTypes.Unit.UnitTestAdapter" className="Microsoft.VisualStudio.Composition.Tests.ImportManyTests" name="V1" />
    </UnitTest>
    <UnitTest name="V3 composition (V2)" storage="f:\vnext1\b25bab26\vsideproj.mef\bin\release\nonshipping\microsoft.visualstudio.composition.tests.dll" id="ed91588b-c59b-4ec4-b56e-d822e91d9455">
      <Execution id="bec34646-85cc-4707-9778-2ca092bd5464" />
      <TestMethod codeBase="f:\vnext1\b25bab26\VSIDEProj.MEF\bin\Release\NonShipping\Microsoft.VisualStudio.Composition.Tests.dll" adapterTypeName="Microsoft.VisualStudio.TestTools.TestTypes.Unit.UnitTestAdapter" className="Microsoft.VisualStudio.Composition.Tests.RejectionTests" name="V3 composition (V2)" />
    </UnitTest>
    <UnitTest name="V2" storage="f:\vnext1\b25bab26\vsideproj.mef\bin\release\nonshipping\microsoft.visualstudio.composition.tests.dll" id="74284f65-6500-4011-ba9b-d00f8674e562">
      <Execution id="ee60ecb0-9928-41b6-86ff-1f27ed35b2a4" />
      <TestMethod codeBase="f:\vnext1\b25bab26\VSIDEProj.MEF\bin\Release\NonShipping\Microsoft.VisualStudio.Composition.Tests.dll" adapterTypeName="Microsoft.VisualStudio.TestTools.TestTypes.Unit.UnitTestAdapter" className="Microsoft.VisualStudio.Composition.Tests.ImportManyTests" name="V2" />
    </UnitTest>
    <UnitTest name="V3 engine (runtime)" storage="f:\vnext1\b25bab26\vsideproj.mef\bin\release\nonshipping\microsoft.visualstudio.composition.tests.dll" id="c7da3949-0519-4ca1-b0a5-af168afffdcf">
      <Execution id="6be2739a-7379-47af-9837-4f1e7a5077c8" />
      <TestMethod codeBase="f:\vnext1\b25bab26\VSIDEProj.MEF\bin\Release\NonShipping\Microsoft.VisualStudio.Composition.Tests.dll" adapterTypeName="Microsoft.VisualStudio.TestTools.TestTypes.Unit.UnitTestAdapter" className="Microsoft.VisualStudio.Composition.Tests.ExplicitImportIdentityTypeTests" name="V3 engine (runtime)" />
    </UnitTest>
    <UnitTest name="V3 engine (runtime)" storage="f:\vnext1\b25bab26\vsideproj.mef\bin\release\nonshipping\microsoft.visualstudio.composition.tests.dll" id="b9b5a0fd-3a42-42e9-a519-efa66352aff0">
      <Execution id="1711eec1-6ede-45e5-b1aa-2e1cafd180a8" />
      <TestMethod codeBase="f:\vnext1\b25bab26\VSIDEProj.MEF\bin\Release\NonShipping\Microsoft.VisualStudio.Composition.Tests.dll" adapterTypeName="Microsoft.VisualStudio.TestTools.TestTypes.Unit.UnitTestAdapter" className="Microsoft.VisualStudio.Composition.Tests.MixedGenericExportsTests" name="V3 engine (runtime)" />
    </UnitTest>
    <UnitTest name="V1" storage="f:\vnext1\b25bab26\vsideproj.mef\bin\release\nonshipping\microsoft.visualstudio.composition.tests.dll" id="dce2878e-989a-4dd7-918e-e41cdb6320ea">
      <Execution id="79f59b13-c0cc-47d2-96ab-0deab9ad136e" />
      <TestMethod codeBase="f:\vnext1\b25bab26\VSIDEProj.MEF\bin\Release\NonShipping\Microsoft.VisualStudio.Composition.Tests.dll" adapterTypeName="Microsoft.VisualStudio.TestTools.TestTypes.Unit.UnitTestAdapter" className="Microsoft.VisualStudio.Composition.Tests.ExplicitImportIdentityTypeTests" name="V1" />
    </UnitTest>
    <UnitTest name="V3 composition (V1)" storage="f:\vnext1\b25bab26\vsideproj.mef\bin\release\nonshipping\microsoft.visualstudio.composition.tests.dll" id="0b3b39df-8733-4e75-ac7b-e121b0d62f52">
      <Execution id="dff739e0-188d-47e7-be3a-9063c31e1edd" />
      <TestMethod codeBase="f:\vnext1\b25bab26\VSIDEProj.MEF\bin\Release\NonShipping\Microsoft.VisualStudio.Composition.Tests.dll" adapterTypeName="Microsoft.VisualStudio.TestTools.TestTypes.Unit.UnitTestAdapter" className="Microsoft.VisualStudio.Composition.Tests.ExportFactoryTests" name="V3 composition (V1)" />
    </UnitTest>
    <UnitTest name="V3 engine (runtime)" storage="f:\vnext1\b25bab26\vsideproj.mef\bin\release\nonshipping\microsoft.visualstudio.composition.tests.dll" id="22ddb6e2-5cc8-4d8f-9c8b-6f07872d220f">
      <Execution id="21fe148a-e68a-4f10-bf28-e558e35b8757" />
      <TestMethod codeBase="f:\vnext1\b25bab26\VSIDEProj.MEF\bin\Release\NonShipping\Microsoft.VisualStudio.Composition.Tests.dll" adapterTypeName="Microsoft.VisualStudio.TestTools.TestTypes.Unit.UnitTestAdapter" className="Microsoft.VisualStudio.Composition.Tests.NamedTypedExportTests" name="V3 engine (runtime)" />
    </UnitTest>
    <UnitTest name="V3 engine (runtime)" storage="f:\vnext1\b25bab26\vsideproj.mef\bin\release\nonshipping\microsoft.visualstudio.composition.tests.dll" id="7ca884b9-7c20-4558-a6c8-da6bb8102944">
      <Execution id="878ec242-273d-4500-9191-3922fbb50c9f" />
      <TestMethod codeBase="f:\vnext1\b25bab26\VSIDEProj.MEF\bin\Release\NonShipping\Microsoft.VisualStudio.Composition.Tests.dll" adapterTypeName="Microsoft.VisualStudio.TestTools.TestTypes.Unit.UnitTestAdapter" className="Microsoft.VisualStudio.Composition.Tests.AttributedPartDiscoveryV1Tests" name="V3 engine (runtime)" />
    </UnitTest>
    <UnitTest name="PartMetadataInCatalogIsPresent" storage="f:\vnext1\b25bab26\vsideproj.mef\bin\release\nonshipping\microsoft.visualstudio.composition.tests.dll" id="c2023033-1b3a-401a-899a-20129e490549">
      <Execution id="5bbab3b5-8632-4879-8c74-b1165e1ad760" />
      <TestMethod codeBase="f:\vnext1\b25bab26\VSIDEProj.MEF\bin\Release\NonShipping\Microsoft.VisualStudio.Composition.Tests.dll" adapterTypeName="Microsoft.VisualStudio.TestTools.TestTypes.Unit.UnitTestAdapter" className="Microsoft.VisualStudio.Composition.Tests.AttributedPartDiscoveryV1Tests" name="PartMetadataInCatalogIsPresent" />
    </UnitTest>
    <UnitTest name="V3 composition (V1)" storage="f:\vnext1\b25bab26\vsideproj.mef\bin\release\nonshipping\microsoft.visualstudio.composition.tests.dll" id="0ab0cadf-3850-4abd-95c5-9097502e1cb4">
      <Execution id="34e9c7cd-29c3-431c-b2bc-3799945346b7" />
      <TestMethod codeBase="f:\vnext1\b25bab26\VSIDEProj.MEF\bin\Release\NonShipping\Microsoft.VisualStudio.Composition.Tests.dll" adapterTypeName="Microsoft.VisualStudio.TestTools.TestTypes.Unit.UnitTestAdapter" className="Microsoft.VisualStudio.Composition.Tests.NonPublicImportsExportsTests" name="V3 composition (V1)" />
    </UnitTest>
    <UnitTest name="V3 engine (runtime)" storage="f:\vnext1\b25bab26\vsideproj.mef\bin\release\nonshipping\microsoft.visualstudio.composition.tests.dll" id="292cef7d-82ad-469e-84a8-1c0525e34de3">
      <Execution id="da577109-9062-4f0d-9cbf-35ab160d1cea" />
      <TestMethod codeBase="f:\vnext1\b25bab26\VSIDEProj.MEF\bin\Release\NonShipping\Microsoft.VisualStudio.Composition.Tests.dll" adapterTypeName="Microsoft.VisualStudio.TestTools.TestTypes.Unit.UnitTestAdapter" className="Microsoft.VisualStudio.Composition.Tests.ExportMetadataTests" name="V3 engine (runtime)" />
    </UnitTest>
    <UnitTest name="V3 engine (runtime)" storage="f:\vnext1\b25bab26\vsideproj.mef\bin\release\nonshipping\microsoft.visualstudio.composition.tests.dll" id="814fb73a-efb9-40fc-b9d6-2f47312db76d">
      <Execution id="acf4367a-56dd-42ee-9309-671adc070cbd" />
      <TestMethod codeBase="f:\vnext1\b25bab26\VSIDEProj.MEF\bin\Release\NonShipping\Microsoft.VisualStudio.Composition.Tests.dll" adapterTypeName="Microsoft.VisualStudio.TestTools.TestTypes.Unit.UnitTestAdapter" className="Microsoft.VisualStudio.Composition.Tests.MefV1ExportProviderAdapterTests" name="V3 engine (runtime)" />
    </UnitTest>
    <UnitTest name="V3 engine (runtime)" storage="f:\vnext1\b25bab26\vsideproj.mef\bin\release\nonshipping\microsoft.visualstudio.composition.tests.dll" id="b34cb9c8-9d71-48f6-b329-e734295656ce">
      <Execution id="1e199eda-531b-4101-9844-d121f521da3a" />
      <TestMethod codeBase="f:\vnext1\b25bab26\VSIDEProj.MEF\bin\Release\NonShipping\Microsoft.VisualStudio.Composition.Tests.dll" adapterTypeName="Microsoft.VisualStudio.TestTools.TestTypes.Unit.UnitTestAdapter" className="Microsoft.VisualStudio.Composition.Tests.ImportSiteCreationPolicyTests" name="V3 engine (runtime)" />
    </UnitTest>
    <UnitTest name="V1" storage="f:\vnext1\b25bab26\vsideproj.mef\bin\release\nonshipping\microsoft.visualstudio.composition.tests.dll" id="7c1456a7-6f2a-4750-b3fb-b512c0ae2cae">
      <Execution id="9d492a80-841c-4888-bc9d-8db40844ba62" />
      <TestMethod codeBase="f:\vnext1\b25bab26\VSIDEProj.MEF\bin\Release\NonShipping\Microsoft.VisualStudio.Composition.Tests.dll" adapterTypeName="Microsoft.VisualStudio.TestTools.TestTypes.Unit.UnitTestAdapter" className="Microsoft.VisualStudio.Composition.Tests.ImportSiteCreationPolicyTests" name="V1" />
    </UnitTest>
    <UnitTest name="V3 engine (runtime)" storage="f:\vnext1\b25bab26\vsideproj.mef\bin\release\nonshipping\microsoft.visualstudio.composition.tests.dll" id="6d5661d6-a727-4403-9148-dbcf8a1cfee8">
      <Execution id="a4baceb7-f95c-4129-9f3a-a0ee5b3163a0" />
      <TestMethod codeBase="f:\vnext1\b25bab26\VSIDEProj.MEF\bin\Release\NonShipping\Microsoft.VisualStudio.Composition.Tests.dll" adapterTypeName="Microsoft.VisualStudio.TestTools.TestTypes.Unit.UnitTestAdapter" className="Microsoft.VisualStudio.Composition.Tests.LazyImportTests" name="V3 engine (runtime)" />
    </UnitTest>
    <UnitTest name="V3 composition (V1)" storage="f:\vnext1\b25bab26\vsideproj.mef\bin\release\nonshipping\microsoft.visualstudio.composition.tests.dll" id="f952be56-82b1-46ee-a213-5be8f98e4de6">
      <Execution id="e273306f-21db-4240-9742-21db397e8608" />
      <TestMethod codeBase="f:\vnext1\b25bab26\VSIDEProj.MEF\bin\Release\NonShipping\Microsoft.VisualStudio.Composition.Tests.dll" adapterTypeName="Microsoft.VisualStudio.TestTools.TestTypes.Unit.UnitTestAdapter" className="Microsoft.VisualStudio.Composition.Tests.InheritedExportTests" name="V3 composition (V1)" />
    </UnitTest>
    <UnitTest name="V3 composition (V1)" storage="f:\vnext1\b25bab26\vsideproj.mef\bin\release\nonshipping\microsoft.visualstudio.composition.tests.dll" id="1f59e16b-5d83-44c0-b9e9-bc6d8f322d6d">
      <Execution id="98a6fb9b-1bfd-4b1e-91f0-539095e11647" />
      <TestMethod codeBase="f:\vnext1\b25bab26\VSIDEProj.MEF\bin\Release\NonShipping\Microsoft.VisualStudio.Composition.Tests.dll" adapterTypeName="Microsoft.VisualStudio.TestTools.TestTypes.Unit.UnitTestAdapter" className="Microsoft.VisualStudio.Composition.Tests.CompositionServiceTests" name="V3 composition (V1)" />
    </UnitTest>
    <UnitTest name="V3 composition (V1, V2)" storage="f:\vnext1\b25bab26\vsideproj.mef\bin\release\nonshipping\microsoft.visualstudio.composition.tests.dll" id="05d1272f-3e4f-4e13-b2fd-6984b4343da5">
      <Execution id="cc0478c4-bcb5-46b8-836b-f7255e594844" />
      <TestMethod codeBase="f:\vnext1\b25bab26\VSIDEProj.MEF\bin\Release\NonShipping\Microsoft.VisualStudio.Composition.Tests.dll" adapterTypeName="Microsoft.VisualStudio.TestTools.TestTypes.Unit.UnitTestAdapter" className="Microsoft.VisualStudio.Composition.Tests.FaultyPartsTests" name="V3 composition (V1, V2)" />
    </UnitTest>
    <UnitTest name="V3 engine (runtime)" storage="f:\vnext1\b25bab26\vsideproj.mef\bin\release\nonshipping\microsoft.visualstudio.composition.tests.dll" id="521da37a-c14a-4c53-a454-3313ff956955">
      <Execution id="9e6d6562-03d3-47cf-94fe-965ea5ce80fd" />
      <TestMethod codeBase="f:\vnext1\b25bab26\VSIDEProj.MEF\bin\Release\NonShipping\Microsoft.VisualStudio.Composition.Tests.dll" adapterTypeName="Microsoft.VisualStudio.TestTools.TestTypes.Unit.UnitTestAdapter" className="Microsoft.VisualStudio.Composition.Tests.ObsoleteAttributeTests" name="V3 engine (runtime)" />
    </UnitTest>
    <UnitTest name="V3 composition (V2)" storage="f:\vnext1\b25bab26\vsideproj.mef\bin\release\nonshipping\microsoft.visualstudio.composition.tests.dll" id="624e23a1-4066-4581-8f85-2775cf9fa2a0">
      <Execution id="c68360b5-b91d-49f6-905f-dfc90fa60cfa" />
      <TestMethod codeBase="f:\vnext1\b25bab26\VSIDEProj.MEF\bin\Release\NonShipping\Microsoft.VisualStudio.Composition.Tests.dll" adapterTypeName="Microsoft.VisualStudio.TestTools.TestTypes.Unit.UnitTestAdapter" className="Microsoft.VisualStudio.Composition.Tests.ImportMetadataConstraintTests" name="V3 composition (V2)" />
    </UnitTest>
    <UnitTest name="V3 engine (runtime)" storage="f:\vnext1\b25bab26\vsideproj.mef\bin\release\nonshipping\microsoft.visualstudio.composition.tests.dll" id="ea6fc9df-b317-48ab-bcb7-e2e1729fc934">
      <Execution id="459bce00-c71c-4a3f-94cc-d9674fe6a86d" />
      <TestMethod codeBase="f:\vnext1\b25bab26\VSIDEProj.MEF\bin\Release\NonShipping\Microsoft.VisualStudio.Composition.Tests.dll" adapterTypeName="Microsoft.VisualStudio.TestTools.TestTypes.Unit.UnitTestAdapter" className="Microsoft.VisualStudio.Composition.Tests.DisposablePartsTests" name="V3 engine (runtime)" />
    </UnitTest>
    <UnitTest name="V3 engine (runtime)" storage="f:\vnext1\b25bab26\vsideproj.mef\bin\release\nonshipping\microsoft.visualstudio.composition.tests.dll" id="d61f2626-1c17-4977-9a15-4b7ba6c9cd0f">
      <Execution id="95be8296-3da5-47c9-afa6-d45cb28cb183" />
      <TestMethod codeBase="f:\vnext1\b25bab26\VSIDEProj.MEF\bin\Release\NonShipping\Microsoft.VisualStudio.Composition.Tests.dll" adapterTypeName="Microsoft.VisualStudio.TestTools.TestTypes.Unit.UnitTestAdapter" className="Microsoft.VisualStudio.Composition.Tests.MultipleExportsOnPartTests" name="V3 engine (runtime)" />
    </UnitTest>
    <UnitTest name="V2" storage="f:\vnext1\b25bab26\vsideproj.mef\bin\release\nonshipping\microsoft.visualstudio.composition.tests.dll" id="f8db4e92-a069-4fe0-b087-9f971e960ac7">
      <Execution id="bfe5fb4f-3ec5-4393-80e0-8f4f408d86d8" />
      <TestMethod codeBase="f:\vnext1\b25bab26\VSIDEProj.MEF\bin\Release\NonShipping\Microsoft.VisualStudio.Composition.Tests.dll" adapterTypeName="Microsoft.VisualStudio.TestTools.TestTypes.Unit.UnitTestAdapter" className="Microsoft.VisualStudio.Composition.Tests.DisposablePartsTests" name="V2" />
    </UnitTest>
    <UnitTest name="V3 engine (runtime)" storage="f:\vnext1\b25bab26\vsideproj.mef\bin\release\nonshipping\microsoft.visualstudio.composition.tests.dll" id="a0b059ad-f8d8-4add-9246-fede4b569d57">
      <Execution id="7044847a-11b5-4960-aff5-e55545e8915e" />
      <TestMethod codeBase="f:\vnext1\b25bab26\VSIDEProj.MEF\bin\Release\NonShipping\Microsoft.VisualStudio.Composition.Tests.dll" adapterTypeName="Microsoft.VisualStudio.TestTools.TestTypes.Unit.UnitTestAdapter" className="Microsoft.VisualStudio.Composition.Tests.OnImportsSatisfiedTests" name="V3 engine (runtime)" />
    </UnitTest>
    <UnitTest name="V2" storage="f:\vnext1\b25bab26\vsideproj.mef\bin\release\nonshipping\microsoft.visualstudio.composition.tests.dll" id="eb8b31cb-564b-4e54-85c0-3cbc163dc520">
      <Execution id="76a3e0fd-57bc-4b24-b5de-1a747c248784" />
      <TestMethod codeBase="f:\vnext1\b25bab26\VSIDEProj.MEF\bin\Release\NonShipping\Microsoft.VisualStudio.Composition.Tests.dll" adapterTypeName="Microsoft.VisualStudio.TestTools.TestTypes.Unit.UnitTestAdapter" className="Microsoft.VisualStudio.Composition.Tests.DisposablePartsTests" name="V2" />
    </UnitTest>
    <UnitTest name="V3 composition (V1)" storage="f:\vnext1\b25bab26\vsideproj.mef\bin\release\nonshipping\microsoft.visualstudio.composition.tests.dll" id="3e896061-0e82-492a-813f-faa8977a33f4">
      <Execution id="f7588c11-0c8d-4b92-829c-5a7692892750" />
      <TestMethod codeBase="f:\vnext1\b25bab26\VSIDEProj.MEF\bin\Release\NonShipping\Microsoft.VisualStudio.Composition.Tests.dll" adapterTypeName="Microsoft.VisualStudio.TestTools.TestTypes.Unit.UnitTestAdapter" className="Microsoft.VisualStudio.Composition.Tests.ImportingConstructorTests" name="V3 composition (V1)" />
    </UnitTest>
    <UnitTest name="V3 composition (V1)" storage="f:\vnext1\b25bab26\vsideproj.mef\bin\release\nonshipping\microsoft.visualstudio.composition.tests.dll" id="5997cb8a-d7ce-4e08-83cf-15c335817cbc">
      <Execution id="c85fba5d-8bd2-4c07-b1a9-b717c89f2c9e" />
      <TestMethod codeBase="f:\vnext1\b25bab26\VSIDEProj.MEF\bin\Release\NonShipping\Microsoft.VisualStudio.Composition.Tests.dll" adapterTypeName="Microsoft.VisualStudio.TestTools.TestTypes.Unit.UnitTestAdapter" className="Microsoft.VisualStudio.Composition.Tests.StaticMemberExportsTests" name="V3 composition (V1)" />
    </UnitTest>
    <UnitTest name="V1" storage="f:\vnext1\b25bab26\vsideproj.mef\bin\release\nonshipping\microsoft.visualstudio.composition.tests.dll" id="1b82c352-4a7e-4188-95fe-7769e842b454">
      <Execution id="32a31d48-ecb2-4b7e-a528-f7079ccf07ab" />
      <TestMethod codeBase="f:\vnext1\b25bab26\VSIDEProj.MEF\bin\Release\NonShipping\Microsoft.VisualStudio.Composition.Tests.dll" adapterTypeName="Microsoft.VisualStudio.TestTools.TestTypes.Unit.UnitTestAdapter" className="Microsoft.VisualStudio.Composition.Tests.DisposablePartsTests" name="V1" />
    </UnitTest>
    <UnitTest name="V3 composition (V2)" storage="f:\vnext1\b25bab26\vsideproj.mef\bin\release\nonshipping\microsoft.visualstudio.composition.tests.dll" id="e20f5fb1-71b9-4429-b49d-5adb82eedc65">
      <Execution id="916341ec-b852-49c3-a127-4479a7ddb350" />
      <TestMethod codeBase="f:\vnext1\b25bab26\VSIDEProj.MEF\bin\Release\NonShipping\Microsoft.VisualStudio.Composition.Tests.dll" adapterTypeName="Microsoft.VisualStudio.TestTools.TestTypes.Unit.UnitTestAdapter" className="Microsoft.VisualStudio.Composition.Tests.SharingBoundaryWithNonSharedTests" name="V3 composition (V2)" />
    </UnitTest>
    <UnitTest name="CreateFromTypesOmitsNonPartsV1" storage="f:\vnext1\b25bab26\vsideproj.mef\bin\release\nonshipping\microsoft.visualstudio.composition.tests.dll" id="a6083850-9693-4176-a0fd-ebc5d2e6d9a6">
      <Execution id="3fdc544a-40e8-4792-b3a5-bea34120273f" />
      <TestMethod codeBase="f:\vnext1\b25bab26\VSIDEProj.MEF\bin\Release\NonShipping\Microsoft.VisualStudio.Composition.Tests.dll" adapterTypeName="Microsoft.VisualStudio.TestTools.TestTypes.Unit.UnitTestAdapter" className="Microsoft.VisualStudio.Composition.Tests.CompositionCatalogTests" name="CreateFromTypesOmitsNonPartsV1" />
    </UnitTest>
    <UnitTest name="WithPartNullThrows" storage="f:\vnext1\b25bab26\vsideproj.mef\bin\release\nonshipping\microsoft.visualstudio.composition.tests.dll" id="96c6047e-d3e9-4110-a035-9f58adce1a64">
      <Execution id="85f88188-6c2c-4494-b4b1-dd988b1bb857" />
      <TestMethod codeBase="f:\vnext1\b25bab26\VSIDEProj.MEF\bin\Release\NonShipping\Microsoft.VisualStudio.Composition.Tests.dll" adapterTypeName="Microsoft.VisualStudio.TestTools.TestTypes.Unit.UnitTestAdapter" className="Microsoft.VisualStudio.Composition.Tests.CompositionCatalogTests" name="WithPartNullThrows" />
    </UnitTest>
    <UnitTest name="V1" storage="f:\vnext1\b25bab26\vsideproj.mef\bin\release\nonshipping\microsoft.visualstudio.composition.tests.dll" id="6b9e7d3d-dc1c-46b7-b500-991bec799430">
      <Execution id="a6a98c88-25a9-4cb9-bb06-a438a373802a" />
      <TestMethod codeBase="f:\vnext1\b25bab26\VSIDEProj.MEF\bin\Release\NonShipping\Microsoft.VisualStudio.Composition.Tests.dll" adapterTypeName="Microsoft.VisualStudio.TestTools.TestTypes.Unit.UnitTestAdapter" className="Microsoft.VisualStudio.Composition.Tests.ObsoleteAttributeTests" name="V1" />
    </UnitTest>
    <UnitTest name="V2" storage="f:\vnext1\b25bab26\vsideproj.mef\bin\release\nonshipping\microsoft.visualstudio.composition.tests.dll" id="1b467101-45a0-40f9-9c9e-156cad38071f">
      <Execution id="c6db41b9-0f81-4725-b150-498c4a861c64" />
      <TestMethod codeBase="f:\vnext1\b25bab26\VSIDEProj.MEF\bin\Release\NonShipping\Microsoft.VisualStudio.Composition.Tests.dll" adapterTypeName="Microsoft.VisualStudio.TestTools.TestTypes.Unit.UnitTestAdapter" className="Microsoft.VisualStudio.Composition.Tests.ObsoleteAttributeTests" name="V2" />
    </UnitTest>
    <UnitTest name="V3 composition (V2)" storage="f:\vnext1\b25bab26\vsideproj.mef\bin\release\nonshipping\microsoft.visualstudio.composition.tests.dll" id="59448297-ee65-4093-b207-24727ba8d312">
      <Execution id="7701b66b-38e5-4300-86a9-e8343ce48aab" />
      <TestMethod codeBase="f:\vnext1\b25bab26\VSIDEProj.MEF\bin\Release\NonShipping\Microsoft.VisualStudio.Composition.Tests.dll" adapterTypeName="Microsoft.VisualStudio.TestTools.TestTypes.Unit.UnitTestAdapter" className="Microsoft.VisualStudio.Composition.Tests.ProjectSystemMockTests" name="V3 composition (V2)" />
    </UnitTest>
    <UnitTest name="V3 engine (runtime)" storage="f:\vnext1\b25bab26\vsideproj.mef\bin\release\nonshipping\microsoft.visualstudio.composition.tests.dll" id="a392c6cc-92e6-4599-a799-1e5094df1323">
      <Execution id="d0aef663-b4b8-4cb7-946c-77a79d0cb062" />
      <TestMethod codeBase="f:\vnext1\b25bab26\VSIDEProj.MEF\bin\Release\NonShipping\Microsoft.VisualStudio.Composition.Tests.dll" adapterTypeName="Microsoft.VisualStudio.TestTools.TestTypes.Unit.UnitTestAdapter" className="Microsoft.VisualStudio.Composition.Tests.InvalidGraphTests" name="V3 engine (runtime)" />
    </UnitTest>
    <UnitTest name="V1" storage="f:\vnext1\b25bab26\vsideproj.mef\bin\release\nonshipping\microsoft.visualstudio.composition.tests.dll" id="d3b62117-a6e5-4fcf-b7be-a28a4273bfa3">
      <Execution id="441391dc-a471-4533-8ef8-062f178040ff" />
      <TestMethod codeBase="f:\vnext1\b25bab26\VSIDEProj.MEF\bin\Release\NonShipping\Microsoft.VisualStudio.Composition.Tests.dll" adapterTypeName="Microsoft.VisualStudio.TestTools.TestTypes.Unit.UnitTestAdapter" className="Microsoft.VisualStudio.Composition.Tests.InvalidGraphTests" name="V1" />
    </UnitTest>
    <UnitTest name="V3 engine (runtime)" storage="f:\vnext1\b25bab26\vsideproj.mef\bin\release\nonshipping\microsoft.visualstudio.composition.tests.dll" id="0b27db68-d812-4809-9c11-c43fcdbdaed0">
      <Execution id="960e8d15-237a-4de3-b8fd-ed6ea13b8765" />
      <TestMethod codeBase="f:\vnext1\b25bab26\VSIDEProj.MEF\bin\Release\NonShipping\Microsoft.VisualStudio.Composition.Tests.dll" adapterTypeName="Microsoft.VisualStudio.TestTools.TestTypes.Unit.UnitTestAdapter" className="Microsoft.VisualStudio.Composition.Tests.ExportMetadataNonStringValuesTests" name="V3 engine (runtime)" />
    </UnitTest>
    <UnitTest name="V3 engine (runtime)" storage="f:\vnext1\b25bab26\vsideproj.mef\bin\release\nonshipping\microsoft.visualstudio.composition.tests.dll" id="1c035161-096a-4ac5-bb5b-d984f9ec4d98">
      <Execution id="3bbfc6fd-7817-4e61-a08e-d26f6040000d" />
      <TestMethod codeBase="f:\vnext1\b25bab26\VSIDEProj.MEF\bin\Release\NonShipping\Microsoft.VisualStudio.Composition.Tests.dll" adapterTypeName="Microsoft.VisualStudio.TestTools.TestTypes.Unit.UnitTestAdapter" className="Microsoft.VisualStudio.Composition.Tests.ClosedGenericExportedTypeTests" name="V3 engine (runtime)" />
    </UnitTest>
    <UnitTest name="V3 engine (runtime)" storage="f:\vnext1\b25bab26\vsideproj.mef\bin\release\nonshipping\microsoft.visualstudio.composition.tests.dll" id="58b8cf6f-f05d-409f-b344-49d87690f0f1">
      <Execution id="0d99e6c2-9b07-48d3-ad72-b88f97b76772" />
      <TestMethod codeBase="f:\vnext1\b25bab26\VSIDEProj.MEF\bin\Release\NonShipping\Microsoft.VisualStudio.Composition.Tests.dll" adapterTypeName="Microsoft.VisualStudio.TestTools.TestTypes.Unit.UnitTestAdapter" className="Microsoft.VisualStudio.Composition.Tests.ImportedExportProviderTests" name="V3 engine (runtime)" />
    </UnitTest>
    <UnitTest name="V2" storage="f:\vnext1\b25bab26\vsideproj.mef\bin\release\nonshipping\microsoft.visualstudio.composition.tests.dll" id="6e5b1d8e-30d9-44a6-8afb-59b3f5036a63">
      <Execution id="6239ef48-9eeb-4863-bfa0-ff65823e566b" />
      <TestMethod codeBase="f:\vnext1\b25bab26\VSIDEProj.MEF\bin\Release\NonShipping\Microsoft.VisualStudio.Composition.Tests.dll" adapterTypeName="Microsoft.VisualStudio.TestTools.TestTypes.Unit.UnitTestAdapter" className="Microsoft.VisualStudio.Composition.Tests.InvalidGraphTests" name="V2" />
    </UnitTest>
    <UnitTest name="V3 composition (V1, V2)" storage="f:\vnext1\b25bab26\vsideproj.mef\bin\release\nonshipping\microsoft.visualstudio.composition.tests.dll" id="b0b5c5ff-48a4-4b4b-a522-d08bd223e972">
      <Execution id="f8226df9-900e-4fbd-bb8b-1ad6fca851a0" />
      <TestMethod codeBase="f:\vnext1\b25bab26\VSIDEProj.MEF\bin\Release\NonShipping\Microsoft.VisualStudio.Composition.Tests.dll" adapterTypeName="Microsoft.VisualStudio.TestTools.TestTypes.Unit.UnitTestAdapter" className="Microsoft.VisualStudio.Composition.Tests.SimpleImportExportTests" name="V3 composition (V1, V2)" />
    </UnitTest>
    <UnitTest name="V3 engine (runtime)" storage="f:\vnext1\b25bab26\vsideproj.mef\bin\release\nonshipping\microsoft.visualstudio.composition.tests.dll" id="bee0d159-5366-4f73-862d-8e32dcee9eec">
      <Execution id="d542ead2-041b-418e-a0ad-bc323c31e17f" />
      <TestMethod codeBase="f:\vnext1\b25bab26\VSIDEProj.MEF\bin\Release\NonShipping\Microsoft.VisualStudio.Composition.Tests.dll" adapterTypeName="Microsoft.VisualStudio.TestTools.TestTypes.Unit.UnitTestAdapter" className="Microsoft.VisualStudio.Composition.Tests.ExportProviderTests" name="V3 engine (runtime)" />
    </UnitTest>
    <UnitTest name="V3 engine (runtime)" storage="f:\vnext1\b25bab26\vsideproj.mef\bin\release\nonshipping\microsoft.visualstudio.composition.tests.dll" id="e7e44d91-6ce9-4019-9206-360e112c1fb9">
      <Execution id="664192ae-befc-4974-bab8-561d636e73d2" />
      <TestMethod codeBase="f:\vnext1\b25bab26\VSIDEProj.MEF\bin\Release\NonShipping\Microsoft.VisualStudio.Composition.Tests.dll" adapterTypeName="Microsoft.VisualStudio.TestTools.TestTypes.Unit.UnitTestAdapter" className="Microsoft.VisualStudio.Composition.Tests.RejectionTests" name="V3 engine (runtime)" />
    </UnitTest>
    <UnitTest name="V3 engine (runtime)" storage="f:\vnext1\b25bab26\vsideproj.mef\bin\release\nonshipping\microsoft.visualstudio.composition.tests.dll" id="c08a26b3-01f4-4e95-8454-61daf0b9c24f">
      <Execution id="a248ad63-824d-4b80-acbb-c9b328673313" />
      <TestMethod codeBase="f:\vnext1\b25bab26\VSIDEProj.MEF\bin\Release\NonShipping\Microsoft.VisualStudio.Composition.Tests.dll" adapterTypeName="Microsoft.VisualStudio.TestTools.TestTypes.Unit.UnitTestAdapter" className="Microsoft.VisualStudio.Composition.Tests.MixedGenericExportsTests" name="V3 engine (runtime)" />
    </UnitTest>
    <UnitTest name="V1" storage="f:\vnext1\b25bab26\vsideproj.mef\bin\release\nonshipping\microsoft.visualstudio.composition.tests.dll" id="1fb3fdc0-e82f-41ec-8a62-369ab6049b77">
      <Execution id="5c8d98be-d5cf-4fce-8ace-357d8b40d29b" />
      <TestMethod codeBase="f:\vnext1\b25bab26\VSIDEProj.MEF\bin\Release\NonShipping\Microsoft.VisualStudio.Composition.Tests.dll" adapterTypeName="Microsoft.VisualStudio.TestTools.TestTypes.Unit.UnitTestAdapter" className="Microsoft.VisualStudio.Composition.Tests.RejectionTests" name="V1" />
    </UnitTest>
    <UnitTest name="V3 engine (runtime)" storage="f:\vnext1\b25bab26\vsideproj.mef\bin\release\nonshipping\microsoft.visualstudio.composition.tests.dll" id="23bc65a5-e30e-4553-b9ea-d7e0a4423849">
      <Execution id="ecc2be6d-4ebc-4273-ab4e-37ab26108684" />
      <TestMethod codeBase="f:\vnext1\b25bab26\VSIDEProj.MEF\bin\Release\NonShipping\Microsoft.VisualStudio.Composition.Tests.dll" adapterTypeName="Microsoft.VisualStudio.TestTools.TestTypes.Unit.UnitTestAdapter" className="Microsoft.VisualStudio.Composition.Tests.ExportFactoryTests" name="V3 engine (runtime)" />
    </UnitTest>
    <UnitTest name="V1" storage="f:\vnext1\b25bab26\vsideproj.mef\bin\release\nonshipping\microsoft.visualstudio.composition.tests.dll" id="1222872f-2fbd-4960-a893-3c93d594d878">
      <Execution id="165f612d-af04-4496-9954-00ba5c3c3764" />
      <TestMethod codeBase="f:\vnext1\b25bab26\VSIDEProj.MEF\bin\Release\NonShipping\Microsoft.VisualStudio.Composition.Tests.dll" adapterTypeName="Microsoft.VisualStudio.TestTools.TestTypes.Unit.UnitTestAdapter" className="Microsoft.VisualStudio.Composition.Tests.ExportFactoryTests" name="V1" />
    </UnitTest>
    <UnitTest name="V3 engine (runtime)" storage="f:\vnext1\b25bab26\vsideproj.mef\bin\release\nonshipping\microsoft.visualstudio.composition.tests.dll" id="d0f2d604-159e-49b5-9278-bedd48fce267">
      <Execution id="7a0527af-34d3-4e0f-9e77-9ee63935fbb4" />
      <TestMethod codeBase="f:\vnext1\b25bab26\VSIDEProj.MEF\bin\Release\NonShipping\Microsoft.VisualStudio.Composition.Tests.dll" adapterTypeName="Microsoft.VisualStudio.TestTools.TestTypes.Unit.UnitTestAdapter" className="Microsoft.VisualStudio.Composition.Tests.NamedTypedExportTests" name="V3 engine (runtime)" />
    </UnitTest>
    <UnitTest name="V3 engine (runtime)" storage="f:\vnext1\b25bab26\vsideproj.mef\bin\release\nonshipping\microsoft.visualstudio.composition.tests.dll" id="a7463cc9-2f3c-4a3f-9525-839dcca1be81">
      <Execution id="60188439-7fe9-4f6b-97da-02d5720dd1d2" />
      <TestMethod codeBase="f:\vnext1\b25bab26\VSIDEProj.MEF\bin\Release\NonShipping\Microsoft.VisualStudio.Composition.Tests.dll" adapterTypeName="Microsoft.VisualStudio.TestTools.TestTypes.Unit.UnitTestAdapter" className="Microsoft.VisualStudio.Composition.Tests.NonPublicImportsExportsTests" name="V3 engine (runtime)" />
    </UnitTest>
    <UnitTest name="V1" storage="f:\vnext1\b25bab26\vsideproj.mef\bin\release\nonshipping\microsoft.visualstudio.composition.tests.dll" id="f6a11c46-a994-4246-88c5-50c57e6402c5">
      <Execution id="6c83078a-1268-45ed-9b22-729fa56ecb2b" />
      <TestMethod codeBase="f:\vnext1\b25bab26\VSIDEProj.MEF\bin\Release\NonShipping\Microsoft.VisualStudio.Composition.Tests.dll" adapterTypeName="Microsoft.VisualStudio.TestTools.TestTypes.Unit.UnitTestAdapter" className="Microsoft.VisualStudio.Composition.Tests.NamedTypedExportTests" name="V1" />
    </UnitTest>
    <UnitTest name="V1" storage="f:\vnext1\b25bab26\vsideproj.mef\bin\release\nonshipping\microsoft.visualstudio.composition.tests.dll" id="f712dcb7-2fe8-41e1-9251-515821f0b68a">
      <Execution id="b9fd2fb1-072f-4a16-9e61-4385747ed4b0" />
      <TestMethod codeBase="f:\vnext1\b25bab26\VSIDEProj.MEF\bin\Release\NonShipping\Microsoft.VisualStudio.Composition.Tests.dll" adapterTypeName="Microsoft.VisualStudio.TestTools.TestTypes.Unit.UnitTestAdapter" className="Microsoft.VisualStudio.Composition.Tests.NonPublicImportsExportsTests" name="V1" />
    </UnitTest>
    <UnitTest name="V2" storage="f:\vnext1\b25bab26\vsideproj.mef\bin\release\nonshipping\microsoft.visualstudio.composition.tests.dll" id="5f6600df-a6f4-4437-9ef1-14d64f25d339">
      <Execution id="908fbaa6-17a1-4049-8d40-b071f758e2ca" />
      <TestMethod codeBase="f:\vnext1\b25bab26\VSIDEProj.MEF\bin\Release\NonShipping\Microsoft.VisualStudio.Composition.Tests.dll" adapterTypeName="Microsoft.VisualStudio.TestTools.TestTypes.Unit.UnitTestAdapter" className="Microsoft.VisualStudio.Composition.Tests.NamedTypedExportTests" name="V2" />
    </UnitTest>
    <UnitTest name="V3 engine (runtime)" storage="f:\vnext1\b25bab26\vsideproj.mef\bin\release\nonshipping\microsoft.visualstudio.composition.tests.dll" id="02a28aee-2eec-4e4c-b107-28f2ed1eac3e">
      <Execution id="bb815c4c-effa-474d-bfdb-12a3af6cd4e1" />
      <TestMethod codeBase="f:\vnext1\b25bab26\VSIDEProj.MEF\bin\Release\NonShipping\Microsoft.VisualStudio.Composition.Tests.dll" adapterTypeName="Microsoft.VisualStudio.TestTools.TestTypes.Unit.UnitTestAdapter" className="Microsoft.VisualStudio.Composition.Tests.ExportMetadataTests" name="V3 engine (runtime)" />
    </UnitTest>
    <UnitTest name="V1" storage="f:\vnext1\b25bab26\vsideproj.mef\bin\release\nonshipping\microsoft.visualstudio.composition.tests.dll" id="ce039aa3-2ec3-4bad-b6fa-f8ab21517b22">
      <Execution id="25cc10a4-71c9-4d41-822c-9972d76a1ae4" />
      <TestMethod codeBase="f:\vnext1\b25bab26\VSIDEProj.MEF\bin\Release\NonShipping\Microsoft.VisualStudio.Composition.Tests.dll" adapterTypeName="Microsoft.VisualStudio.TestTools.TestTypes.Unit.UnitTestAdapter" className="Microsoft.VisualStudio.Composition.Tests.ExportMetadataTests" name="V1" />
    </UnitTest>
    <UnitTest name="V1" storage="f:\vnext1\b25bab26\vsideproj.mef\bin\release\nonshipping\microsoft.visualstudio.composition.tests.dll" id="733f957b-ffbb-4b4b-963d-01bf01a9d099">
      <Execution id="3e2b4c51-82f7-44c5-b2db-8e3bb9a73114" />
      <TestMethod codeBase="f:\vnext1\b25bab26\VSIDEProj.MEF\bin\Release\NonShipping\Microsoft.VisualStudio.Composition.Tests.dll" adapterTypeName="Microsoft.VisualStudio.TestTools.TestTypes.Unit.UnitTestAdapter" className="Microsoft.VisualStudio.Composition.Tests.MixedGenericExportsTests" name="V1" />
    </UnitTest>
    <UnitTest name="V2" storage="f:\vnext1\b25bab26\vsideproj.mef\bin\release\nonshipping\microsoft.visualstudio.composition.tests.dll" id="7899efa6-7d28-4fe8-8d8b-cbd43260640e">
      <Execution id="31593e3b-2d69-4f83-a8a2-8ac296727db6" />
      <TestMethod codeBase="f:\vnext1\b25bab26\VSIDEProj.MEF\bin\Release\NonShipping\Microsoft.VisualStudio.Composition.Tests.dll" adapterTypeName="Microsoft.VisualStudio.TestTools.TestTypes.Unit.UnitTestAdapter" className="Microsoft.VisualStudio.Composition.Tests.ExportMetadataTests" name="V2" />
    </UnitTest>
    <UnitTest name="V3 engine (runtime)" storage="f:\vnext1\b25bab26\vsideproj.mef\bin\release\nonshipping\microsoft.visualstudio.composition.tests.dll" id="d084ae12-6d0d-473b-acff-1512bceb4d6e">
      <Execution id="e71eb36e-1aee-4bc5-979e-55d3413d5586" />
      <TestMethod codeBase="f:\vnext1\b25bab26\VSIDEProj.MEF\bin\Release\NonShipping\Microsoft.VisualStudio.Composition.Tests.dll" adapterTypeName="Microsoft.VisualStudio.TestTools.TestTypes.Unit.UnitTestAdapter" className="Microsoft.VisualStudio.Composition.Tests.LazyImportTests" name="V3 engine (runtime)" />
    </UnitTest>
    <UnitTest name="V3 engine (runtime)" storage="f:\vnext1\b25bab26\vsideproj.mef\bin\release\nonshipping\microsoft.visualstudio.composition.tests.dll" id="3fd9b80b-cc42-4a04-84ee-c0316def9bec">
      <Execution id="41718296-2e92-4b60-9c82-c7c79abc432b" />
      <TestMethod codeBase="f:\vnext1\b25bab26\VSIDEProj.MEF\bin\Release\NonShipping\Microsoft.VisualStudio.Composition.Tests.dll" adapterTypeName="Microsoft.VisualStudio.TestTools.TestTypes.Unit.UnitTestAdapter" className="Microsoft.VisualStudio.Composition.Tests.InheritedExportTests" name="V3 engine (runtime)" />
    </UnitTest>
    <UnitTest name="V1" storage="f:\vnext1\b25bab26\vsideproj.mef\bin\release\nonshipping\microsoft.visualstudio.composition.tests.dll" id="88ce8ba1-3a1f-423b-a511-cf99c5b82844">
      <Execution id="311b3f98-bc48-49db-bbb6-5a0b9b9685b7" />
      <TestMethod codeBase="f:\vnext1\b25bab26\VSIDEProj.MEF\bin\Release\NonShipping\Microsoft.VisualStudio.Composition.Tests.dll" adapterTypeName="Microsoft.VisualStudio.TestTools.TestTypes.Unit.UnitTestAdapter" className="Microsoft.VisualStudio.Composition.Tests.InheritedExportTests" name="V1" />
    </UnitTest>
    <UnitTest name="V3 composition (V1, V2)" storage="f:\vnext1\b25bab26\vsideproj.mef\bin\release\nonshipping\microsoft.visualstudio.composition.tests.dll" id="99ee70d7-6336-4200-bf33-e4a2be9ad83c">
      <Execution id="83675489-be71-44ed-a0de-e12e1cd8848b" />
      <TestMethod codeBase="f:\vnext1\b25bab26\VSIDEProj.MEF\bin\Release\NonShipping\Microsoft.VisualStudio.Composition.Tests.dll" adapterTypeName="Microsoft.VisualStudio.TestTools.TestTypes.Unit.UnitTestAdapter" className="Microsoft.VisualStudio.Composition.Tests.CustomMetadataAttributeTests" name="V3 composition (V1, V2)" />
    </UnitTest>
    <UnitTest name="V2" storage="f:\vnext1\b25bab26\vsideproj.mef\bin\release\nonshipping\microsoft.visualstudio.composition.tests.dll" id="0862de8c-daa2-4048-98f4-c276623b48ab">
      <Execution id="94122011-5534-447f-abf5-31def7fede31" />
      <TestMethod codeBase="f:\vnext1\b25bab26\VSIDEProj.MEF\bin\Release\NonShipping\Microsoft.VisualStudio.Composition.Tests.dll" adapterTypeName="Microsoft.VisualStudio.TestTools.TestTypes.Unit.UnitTestAdapter" className="Microsoft.VisualStudio.Composition.Tests.LazyImportTests" name="V2" />
    </UnitTest>
    <UnitTest name="V3 engine (runtime)" storage="f:\vnext1\b25bab26\vsideproj.mef\bin\release\nonshipping\microsoft.visualstudio.composition.tests.dll" id="366a46f2-609d-495d-b432-bf105b3cf50f">
      <Execution id="941215d9-d7c5-48ef-8ea1-911f693f0a1e" />
      <TestMethod codeBase="f:\vnext1\b25bab26\VSIDEProj.MEF\bin\Release\NonShipping\Microsoft.VisualStudio.Composition.Tests.dll" adapterTypeName="Microsoft.VisualStudio.TestTools.TestTypes.Unit.UnitTestAdapter" className="Microsoft.VisualStudio.Composition.Tests.FaultyPartsTests" name="V3 engine (runtime)" />
    </UnitTest>
    <UnitTest name="V3 engine (runtime)" storage="f:\vnext1\b25bab26\vsideproj.mef\bin\release\nonshipping\microsoft.visualstudio.composition.tests.dll" id="733b0eb7-6af4-46f0-9895-47de174f387b">
      <Execution id="073727cc-f35a-4668-91bc-1720187d8d43" />
      <TestMethod codeBase="f:\vnext1\b25bab26\VSIDEProj.MEF\bin\Release\NonShipping\Microsoft.VisualStudio.Composition.Tests.dll" adapterTypeName="Microsoft.VisualStudio.TestTools.TestTypes.Unit.UnitTestAdapter" className="Microsoft.VisualStudio.Composition.Tests.CompositionServiceTests" name="V3 engine (runtime)" />
    </UnitTest>
    <UnitTest name="V1" storage="f:\vnext1\b25bab26\vsideproj.mef\bin\release\nonshipping\microsoft.visualstudio.composition.tests.dll" id="59aa9284-c3ad-4adc-b501-ec92150732ab">
      <Execution id="61e51518-220c-4c90-a5ac-d8931d2b5942" />
      <TestMethod codeBase="f:\vnext1\b25bab26\VSIDEProj.MEF\bin\Release\NonShipping\Microsoft.VisualStudio.Composition.Tests.dll" adapterTypeName="Microsoft.VisualStudio.TestTools.TestTypes.Unit.UnitTestAdapter" className="Microsoft.VisualStudio.Composition.Tests.CompositionServiceTests" name="V1" />
    </UnitTest>
    <UnitTest name="V2" storage="f:\vnext1\b25bab26\vsideproj.mef\bin\release\nonshipping\microsoft.visualstudio.composition.tests.dll" id="59f2b6f0-8116-4d91-a8d1-3c1f63b51b64">
      <Execution id="9238d34d-3fb8-4cbc-9903-739219a42b78" />
      <TestMethod codeBase="f:\vnext1\b25bab26\VSIDEProj.MEF\bin\Release\NonShipping\Microsoft.VisualStudio.Composition.Tests.dll" adapterTypeName="Microsoft.VisualStudio.TestTools.TestTypes.Unit.UnitTestAdapter" className="Microsoft.VisualStudio.Composition.Tests.MixedGenericExportsTests" name="V2" />
    </UnitTest>
    <UnitTest name="V3 engine (runtime)" storage="f:\vnext1\b25bab26\vsideproj.mef\bin\release\nonshipping\microsoft.visualstudio.composition.tests.dll" id="7df390fd-fe35-497f-b857-88f3767a3b55">
      <Execution id="14efb50c-2029-4c1d-ae6a-783b7087979a" />
      <TestMethod codeBase="f:\vnext1\b25bab26\VSIDEProj.MEF\bin\Release\NonShipping\Microsoft.VisualStudio.Composition.Tests.dll" adapterTypeName="Microsoft.VisualStudio.TestTools.TestTypes.Unit.UnitTestAdapter" className="Microsoft.VisualStudio.Composition.Tests.MultipleExportsOnPartTests" name="V3 engine (runtime)" />
    </UnitTest>
    <UnitTest name="V3 engine (runtime)" storage="f:\vnext1\b25bab26\vsideproj.mef\bin\release\nonshipping\microsoft.visualstudio.composition.tests.dll" id="7ed24799-f85f-41d5-996b-78b51534f908">
      <Execution id="587b5299-4d71-495b-8099-cba7a78d9962" />
      <TestMethod codeBase="f:\vnext1\b25bab26\VSIDEProj.MEF\bin\Release\NonShipping\Microsoft.VisualStudio.Composition.Tests.dll" adapterTypeName="Microsoft.VisualStudio.TestTools.TestTypes.Unit.UnitTestAdapter" className="Microsoft.VisualStudio.Composition.Tests.ImportMetadataConstraintTests" name="V3 engine (runtime)" />
    </UnitTest>
    <UnitTest name="V3 engine (runtime)" storage="f:\vnext1\b25bab26\vsideproj.mef\bin\release\nonshipping\microsoft.visualstudio.composition.tests.dll" id="5c420eaa-fb4c-4b0f-b711-9009066d76ad">
      <Execution id="93a2a60e-9e5b-4667-8db5-b24a42d47d0a" />
      <TestMethod codeBase="f:\vnext1\b25bab26\VSIDEProj.MEF\bin\Release\NonShipping\Microsoft.VisualStudio.Composition.Tests.dll" adapterTypeName="Microsoft.VisualStudio.TestTools.TestTypes.Unit.UnitTestAdapter" className="Microsoft.VisualStudio.Composition.Tests.OnImportsSatisfiedTests" name="V3 engine (runtime)" />
    </UnitTest>
    <UnitTest name="V1" storage="f:\vnext1\b25bab26\vsideproj.mef\bin\release\nonshipping\microsoft.visualstudio.composition.tests.dll" id="b4f4fbf1-476b-46b0-a431-c0bb51d0a154">
      <Execution id="5e5cb278-64fd-492f-b5ee-22063c3dabf8" />
      <TestMethod codeBase="f:\vnext1\b25bab26\VSIDEProj.MEF\bin\Release\NonShipping\Microsoft.VisualStudio.Composition.Tests.dll" adapterTypeName="Microsoft.VisualStudio.TestTools.TestTypes.Unit.UnitTestAdapter" className="Microsoft.VisualStudio.Composition.Tests.MultipleExportsOnPartTests" name="V1" />
    </UnitTest>
    <UnitTest name="V1" storage="f:\vnext1\b25bab26\vsideproj.mef\bin\release\nonshipping\microsoft.visualstudio.composition.tests.dll" id="ab607f3f-2aaf-4337-8942-85e4ada2116c">
      <Execution id="fbc19bb4-37d6-4fa3-8daa-58d7a745ae74" />
      <TestMethod codeBase="f:\vnext1\b25bab26\VSIDEProj.MEF\bin\Release\NonShipping\Microsoft.VisualStudio.Composition.Tests.dll" adapterTypeName="Microsoft.VisualStudio.TestTools.TestTypes.Unit.UnitTestAdapter" className="Microsoft.VisualStudio.Composition.Tests.OnImportsSatisfiedTests" name="V1" />
    </UnitTest>
    <UnitTest name="V2" storage="f:\vnext1\b25bab26\vsideproj.mef\bin\release\nonshipping\microsoft.visualstudio.composition.tests.dll" id="22d14fcf-c5e4-4e00-97a4-cb0f2d993a8b">
      <Execution id="357a3915-243b-4d81-a781-3206b820e796" />
      <TestMethod codeBase="f:\vnext1\b25bab26\VSIDEProj.MEF\bin\Release\NonShipping\Microsoft.VisualStudio.Composition.Tests.dll" adapterTypeName="Microsoft.VisualStudio.TestTools.TestTypes.Unit.UnitTestAdapter" className="Microsoft.VisualStudio.Composition.Tests.MultipleExportsOnPartTests" name="V2" />
    </UnitTest>
    <UnitTest name="V3 composition (V2)" storage="f:\vnext1\b25bab26\vsideproj.mef\bin\release\nonshipping\microsoft.visualstudio.composition.tests.dll" id="6b6db568-baff-40f7-b059-6468d59499ad">
      <Execution id="960ea56e-aa3c-4856-8d96-da1133f75a5b" />
      <TestMethod codeBase="f:\vnext1\b25bab26\VSIDEProj.MEF\bin\Release\NonShipping\Microsoft.VisualStudio.Composition.Tests.dll" adapterTypeName="Microsoft.VisualStudio.TestTools.TestTypes.Unit.UnitTestAdapter" className="Microsoft.VisualStudio.Composition.Tests.SharingBoundaryWithSharedTests" name="V3 composition (V2)" />
    </UnitTest>
    <UnitTest name="V3 engine (runtime)" storage="f:\vnext1\b25bab26\vsideproj.mef\bin\release\nonshipping\microsoft.visualstudio.composition.tests.dll" id="499062ba-2d35-445f-be75-3397632890d8">
      <Execution id="513c828d-55f8-47f6-abd5-71f1e4f7c41d" />
      <TestMethod codeBase="f:\vnext1\b25bab26\VSIDEProj.MEF\bin\Release\NonShipping\Microsoft.VisualStudio.Composition.Tests.dll" adapterTypeName="Microsoft.VisualStudio.TestTools.TestTypes.Unit.UnitTestAdapter" className="Microsoft.VisualStudio.Composition.Tests.ImportingConstructorTests" name="V3 engine (runtime)" />
    </UnitTest>
    <UnitTest name="V3 engine (runtime)" storage="f:\vnext1\b25bab26\vsideproj.mef\bin\release\nonshipping\microsoft.visualstudio.composition.tests.dll" id="b97f7171-aba1-47a2-ada7-312c366b39ab">
      <Execution id="dbb3d36b-5d3e-4c47-b4d3-365be2f2256f" />
      <TestMethod codeBase="f:\vnext1\b25bab26\VSIDEProj.MEF\bin\Release\NonShipping\Microsoft.VisualStudio.Composition.Tests.dll" adapterTypeName="Microsoft.VisualStudio.TestTools.TestTypes.Unit.UnitTestAdapter" className="Microsoft.VisualStudio.Composition.Tests.StaticMemberExportsTests" name="V3 engine (runtime)" />
    </UnitTest>
    <UnitTest name="V1" storage="f:\vnext1\b25bab26\vsideproj.mef\bin\release\nonshipping\microsoft.visualstudio.composition.tests.dll" id="6f03514a-1503-42b6-a3f8-136c2ea942d0">
      <Execution id="00d560c5-5cd2-4540-8d68-01b95cd4d586" />
      <TestMethod codeBase="f:\vnext1\b25bab26\VSIDEProj.MEF\bin\Release\NonShipping\Microsoft.VisualStudio.Composition.Tests.dll" adapterTypeName="Microsoft.VisualStudio.TestTools.TestTypes.Unit.UnitTestAdapter" className="Microsoft.VisualStudio.Composition.Tests.StaticMemberExportsTests" name="V1" />
    </UnitTest>
    <UnitTest name="V3 composition (V1, V2)" storage="f:\vnext1\b25bab26\vsideproj.mef\bin\release\nonshipping\microsoft.visualstudio.composition.tests.dll" id="029ebc1d-4e99-4d02-a39d-0e287433b632">
      <Execution id="45995ef9-96fc-459b-ac95-fea07d041932" />
      <TestMethod codeBase="f:\vnext1\b25bab26\VSIDEProj.MEF\bin\Release\NonShipping\Microsoft.VisualStudio.Composition.Tests.dll" adapterTypeName="Microsoft.VisualStudio.TestTools.TestTypes.Unit.UnitTestAdapter" className="Microsoft.VisualStudio.Composition.Tests.EmbeddableTypesTests" name="V3 composition (V1, V2)" />
    </UnitTest>
    <UnitTest name="V3 engine (runtime)" storage="f:\vnext1\b25bab26\vsideproj.mef\bin\release\nonshipping\microsoft.visualstudio.composition.tests.dll" id="8f23a8d3-05f5-4f28-823f-4eebe1417f03">
      <Execution id="ed7896ff-df82-462e-b9d7-2e3100a0c7f2" />
      <TestMethod codeBase="f:\vnext1\b25bab26\VSIDEProj.MEF\bin\Release\NonShipping\Microsoft.VisualStudio.Composition.Tests.dll" adapterTypeName="Microsoft.VisualStudio.TestTools.TestTypes.Unit.UnitTestAdapter" className="Microsoft.VisualStudio.Composition.Tests.SharingBoundaryWithNonSharedTests" name="V3 engine (runtime)" />
    </UnitTest>
    <UnitTest name="V3 composition (V1)" storage="f:\vnext1\b25bab26\vsideproj.mef\bin\release\nonshipping\microsoft.visualstudio.composition.tests.dll" id="72fc93ea-c967-40d0-868d-5524d6325b6f">
      <Execution id="cfc264d9-1624-49c1-ab3b-a9ef29b82831" />
      <TestMethod codeBase="f:\vnext1\b25bab26\VSIDEProj.MEF\bin\Release\NonShipping\Microsoft.VisualStudio.Composition.Tests.dll" adapterTypeName="Microsoft.VisualStudio.TestTools.TestTypes.Unit.UnitTestAdapter" className="Microsoft.VisualStudio.Composition.Tests.ImportSiteCreationPolicyTests" name="V3 composition (V1)" />
    </UnitTest>
    <UnitTest name="V3 composition (V1)" storage="f:\vnext1\b25bab26\vsideproj.mef\bin\release\nonshipping\microsoft.visualstudio.composition.tests.dll" id="36a92f9d-4d8d-4557-a749-2ac85d5309a2">
      <Execution id="43404682-9dcf-41de-8e9e-8524a5a0979d" />
      <TestMethod codeBase="f:\vnext1\b25bab26\VSIDEProj.MEF\bin\Release\NonShipping\Microsoft.VisualStudio.Composition.Tests.dll" adapterTypeName="Microsoft.VisualStudio.TestTools.TestTypes.Unit.UnitTestAdapter" className="Microsoft.VisualStudio.Composition.Tests.ExplicitImportIdentityTypeTests" name="V3 composition (V1)" />
    </UnitTest>
    <UnitTest name="V1" storage="f:\vnext1\b25bab26\vsideproj.mef\bin\release\nonshipping\microsoft.visualstudio.composition.tests.dll" id="fe3a8013-3e58-47f4-9166-09d4a721b366">
      <Execution id="32453f47-3711-4ffc-95b2-cdbcfd6f2455" />
      <TestMethod codeBase="f:\vnext1\b25bab26\VSIDEProj.MEF\bin\Release\NonShipping\Microsoft.VisualStudio.Composition.Tests.dll" adapterTypeName="Microsoft.VisualStudio.TestTools.TestTypes.Unit.UnitTestAdapter" className="Microsoft.VisualStudio.Composition.Tests.ImportingConstructorTests" name="V1" />
    </UnitTest>
    <UnitTest name="V3 composition (V1, V2)" storage="f:\vnext1\b25bab26\vsideproj.mef\bin\release\nonshipping\microsoft.visualstudio.composition.tests.dll" id="12e7e9b6-c941-493f-b639-4f4f319cabfd">
      <Execution id="e80b9762-b9ad-42de-839f-7120d2c80128" />
      <TestMethod codeBase="f:\vnext1\b25bab26\VSIDEProj.MEF\bin\Release\NonShipping\Microsoft.VisualStudio.Composition.Tests.dll" adapterTypeName="Microsoft.VisualStudio.TestTools.TestTypes.Unit.UnitTestAdapter" className="Microsoft.VisualStudio.Composition.Tests.ExportMetadataMultipleTests" name="V3 composition (V1, V2)" />
    </UnitTest>
    <UnitTest name="V3 engine (runtime)" storage="f:\vnext1\b25bab26\vsideproj.mef\bin\release\nonshipping\microsoft.visualstudio.composition.tests.dll" id="c93f99a8-9c88-47a0-b924-db7eba9d06f8">
      <Execution id="c46c0625-fd9e-4b42-bc16-d224a1951b70" />
      <TestMethod codeBase="f:\vnext1\b25bab26\VSIDEProj.MEF\bin\Release\NonShipping\Microsoft.VisualStudio.Composition.Tests.dll" adapterTypeName="Microsoft.VisualStudio.TestTools.TestTypes.Unit.UnitTestAdapter" className="Microsoft.VisualStudio.Composition.Tests.ClosedGenericExportedTypeTests" name="V3 engine (runtime)" />
    </UnitTest>
    <UnitTest name="V3 engine (runtime)" storage="f:\vnext1\b25bab26\vsideproj.mef\bin\release\nonshipping\microsoft.visualstudio.composition.tests.dll" id="c1bbbe8e-3b44-43ba-9ea0-cba2891cdbc9">
      <Execution id="08771f85-ceee-425e-8975-48f3e679b533" />
      <TestMethod codeBase="f:\vnext1\b25bab26\VSIDEProj.MEF\bin\Release\NonShipping\Microsoft.VisualStudio.Composition.Tests.dll" adapterTypeName="Microsoft.VisualStudio.TestTools.TestTypes.Unit.UnitTestAdapter" className="Microsoft.VisualStudio.Composition.Tests.SimpleImportExportTests" name="V3 engine (runtime)" />
    </UnitTest>
    <UnitTest name="V1" storage="f:\vnext1\b25bab26\vsideproj.mef\bin\release\nonshipping\microsoft.visualstudio.composition.tests.dll" id="c00ae534-a9af-4fb0-9586-85e5e8739cc4">
      <Execution id="71e1fd24-ecec-4c09-80d6-87835fc7d8d3" />
      <TestMethod codeBase="f:\vnext1\b25bab26\VSIDEProj.MEF\bin\Release\NonShipping\Microsoft.VisualStudio.Composition.Tests.dll" adapterTypeName="Microsoft.VisualStudio.TestTools.TestTypes.Unit.UnitTestAdapter" className="Microsoft.VisualStudio.Composition.Tests.SimpleImportExportTests" name="V1" />
    </UnitTest>
    <UnitTest name="V3 engine (runtime)" storage="f:\vnext1\b25bab26\vsideproj.mef\bin\release\nonshipping\microsoft.visualstudio.composition.tests.dll" id="65d9ccf4-f7a1-4577-b235-c115ccda31bf">
      <Execution id="5a5857dd-6904-4070-aba1-c2c88387b1a0" />
      <TestMethod codeBase="f:\vnext1\b25bab26\VSIDEProj.MEF\bin\Release\NonShipping\Microsoft.VisualStudio.Composition.Tests.dll" adapterTypeName="Microsoft.VisualStudio.TestTools.TestTypes.Unit.UnitTestAdapter" className="Microsoft.VisualStudio.Composition.Tests.ExportProviderTests" name="V3 engine (runtime)" />
    </UnitTest>
    <UnitTest name="V1" storage="f:\vnext1\b25bab26\vsideproj.mef\bin\release\nonshipping\microsoft.visualstudio.composition.tests.dll" id="7065a417-6f86-4bae-b7f0-80ad6b7f6619">
      <Execution id="85eb198d-a1b4-4e2f-9f4f-4f02df1ac9df" />
      <TestMethod codeBase="f:\vnext1\b25bab26\VSIDEProj.MEF\bin\Release\NonShipping\Microsoft.VisualStudio.Composition.Tests.dll" adapterTypeName="Microsoft.VisualStudio.TestTools.TestTypes.Unit.UnitTestAdapter" className="Microsoft.VisualStudio.Composition.Tests.ExportProviderTests" name="V1" />
    </UnitTest>
    <UnitTest name="V2" storage="f:\vnext1\b25bab26\vsideproj.mef\bin\release\nonshipping\microsoft.visualstudio.composition.tests.dll" id="60531937-8266-4479-a73a-e880d759ca1b">
      <Execution id="cb5e9202-73fd-4505-bd98-52daf465674a" />
      <TestMethod codeBase="f:\vnext1\b25bab26\VSIDEProj.MEF\bin\Release\NonShipping\Microsoft.VisualStudio.Composition.Tests.dll" adapterTypeName="Microsoft.VisualStudio.TestTools.TestTypes.Unit.UnitTestAdapter" className="Microsoft.VisualStudio.Composition.Tests.ExportProviderTests" name="V2" />
    </UnitTest>
    <UnitTest name="V2" storage="f:\vnext1\b25bab26\vsideproj.mef\bin\release\nonshipping\microsoft.visualstudio.composition.tests.dll" id="f8fd2327-1220-4308-a94c-d03abc11ef69">
      <Execution id="77b17d9a-d80d-4b9e-96c1-1ebb2ce79ebb" />
      <TestMethod codeBase="f:\vnext1\b25bab26\VSIDEProj.MEF\bin\Release\NonShipping\Microsoft.VisualStudio.Composition.Tests.dll" adapterTypeName="Microsoft.VisualStudio.TestTools.TestTypes.Unit.UnitTestAdapter" className="Microsoft.VisualStudio.Composition.Tests.SimpleImportExportTests" name="V2" />
    </UnitTest>
    <UnitTest name="V3 composition (V1, V2)" storage="f:\vnext1\b25bab26\vsideproj.mef\bin\release\nonshipping\microsoft.visualstudio.composition.tests.dll" id="c1c2cb34-26fc-4efe-80e7-f1d7b8b3ac98">
      <Execution id="2d4ad4f0-43c3-4165-95d0-8c73c9401bf0" />
      <TestMethod codeBase="f:\vnext1\b25bab26\VSIDEProj.MEF\bin\Release\NonShipping\Microsoft.VisualStudio.Composition.Tests.dll" adapterTypeName="Microsoft.VisualStudio.TestTools.TestTypes.Unit.UnitTestAdapter" className="Microsoft.VisualStudio.Composition.Tests.CircularDependencyTests" name="V3 composition (V1, V2)" />
    </UnitTest>
    <UnitTest name="V3 engine (runtime)" storage="f:\vnext1\b25bab26\vsideproj.mef\bin\release\nonshipping\microsoft.visualstudio.composition.tests.dll" id="4cf30b51-862d-47f5-801b-40b28db65c94">
      <Execution id="b4089fef-b47e-4037-b65d-6f7fe4e7a3d8" />
      <TestMethod codeBase="f:\vnext1\b25bab26\VSIDEProj.MEF\bin\Release\NonShipping\Microsoft.VisualStudio.Composition.Tests.dll" adapterTypeName="Microsoft.VisualStudio.TestTools.TestTypes.Unit.UnitTestAdapter" className="Microsoft.VisualStudio.Composition.Tests.ProjectSystemMockTests" name="V3 engine (runtime)" />
    </UnitTest>
    <UnitTest name="V3 composition (V1)" storage="f:\vnext1\b25bab26\vsideproj.mef\bin\release\nonshipping\microsoft.visualstudio.composition.tests.dll" id="2b44d72b-c61c-444d-bbaf-a0583c520c73">
      <Execution id="ed37f7a7-7825-464d-8fc8-5d6a849ccd50" />
      <TestMethod codeBase="f:\vnext1\b25bab26\VSIDEProj.MEF\bin\Release\NonShipping\Microsoft.VisualStudio.Composition.Tests.dll" adapterTypeName="Microsoft.VisualStudio.TestTools.TestTypes.Unit.UnitTestAdapter" className="Microsoft.VisualStudio.Composition.Tests.DisposablePartsTests" name="V3 composition (V1)" />
    </UnitTest>
    <UnitTest name="V3 composition (V1, V2)" storage="f:\vnext1\b25bab26\vsideproj.mef\bin\release\nonshipping\microsoft.visualstudio.composition.tests.dll" id="2788ae8f-0d92-4312-ac87-19dfafea9d81">
      <Execution id="b220c001-75e9-4683-8331-37630bdf5aa6" />
      <TestMethod codeBase="f:\vnext1\b25bab26\VSIDEProj.MEF\bin\Release\NonShipping\Microsoft.VisualStudio.Composition.Tests.dll" adapterTypeName="Microsoft.VisualStudio.TestTools.TestTypes.Unit.UnitTestAdapter" className="Microsoft.VisualStudio.Composition.Tests.ExportingMembersTests" name="V3 composition (V1, V2)" />
    </UnitTest>
    <UnitTest name="V2" storage="f:\vnext1\b25bab26\vsideproj.mef\bin\release\nonshipping\microsoft.visualstudio.composition.tests.dll" id="d2d4b7ea-a817-44bd-a6e3-fe3b9fc32feb">
      <Execution id="1d0346e5-ced8-444f-b072-f87a0daf7896" />
      <TestMethod codeBase="f:\vnext1\b25bab26\VSIDEProj.MEF\bin\Release\NonShipping\Microsoft.VisualStudio.Composition.Tests.dll" adapterTypeName="Microsoft.VisualStudio.TestTools.TestTypes.Unit.UnitTestAdapter" className="Microsoft.VisualStudio.Composition.Tests.ProjectSystemMockTests" name="V2" />
    </UnitTest>
    <UnitTest name="V3 composition (V1, V2)" storage="f:\vnext1\b25bab26\vsideproj.mef\bin\release\nonshipping\microsoft.visualstudio.composition.tests.dll" id="06a064a6-a8cf-4120-b3da-57e583b0cdbc">
      <Execution id="4e97be44-754c-4d57-a97f-ef842fe91867" />
      <TestMethod codeBase="f:\vnext1\b25bab26\VSIDEProj.MEF\bin\Release\NonShipping\Microsoft.VisualStudio.Composition.Tests.dll" adapterTypeName="Microsoft.VisualStudio.TestTools.TestTypes.Unit.UnitTestAdapter" className="Microsoft.VisualStudio.Composition.Tests.OpenGenericExportTests" name="V3 composition (V1, V2)" />
    </UnitTest>
    <UnitTest name="V3 engine (runtime)" storage="f:\vnext1\b25bab26\vsideproj.mef\bin\release\nonshipping\microsoft.visualstudio.composition.tests.dll" id="4d4867a8-6120-4522-9a9c-cf77b183bc15">
      <Execution id="96eb477c-9480-4c5f-b0c6-5ad4c76c67d3" />
      <TestMethod codeBase="f:\vnext1\b25bab26\VSIDEProj.MEF\bin\Release\NonShipping\Microsoft.VisualStudio.Composition.Tests.dll" adapterTypeName="Microsoft.VisualStudio.TestTools.TestTypes.Unit.UnitTestAdapter" className="Microsoft.VisualStudio.Composition.Tests.CustomMetadataAttributeTests" name="V3 engine (runtime)" />
    </UnitTest>
    <UnitTest name="V3 engine (runtime)" storage="f:\vnext1\b25bab26\vsideproj.mef\bin\release\nonshipping\microsoft.visualstudio.composition.tests.dll" id="90dbf3ea-ae55-40de-b5ad-ee733ad41596">
      <Execution id="7d447283-9e20-451f-8a3d-a0ea3dd78fdb" />
      <TestMethod codeBase="f:\vnext1\b25bab26\VSIDEProj.MEF\bin\Release\NonShipping\Microsoft.VisualStudio.Composition.Tests.dll" adapterTypeName="Microsoft.VisualStudio.TestTools.TestTypes.Unit.UnitTestAdapter" className="Microsoft.VisualStudio.Composition.Tests.FaultyPartsTests" name="V3 engine (runtime)" />
    </UnitTest>
    <UnitTest name="V2" storage="f:\vnext1\b25bab26\vsideproj.mef\bin\release\nonshipping\microsoft.visualstudio.composition.tests.dll" id="2975b446-0af1-4d79-b99b-8318ff5706d6">
      <Execution id="39122017-2e1b-40b7-bb85-d6c09cd28024" />
      <TestMethod codeBase="f:\vnext1\b25bab26\VSIDEProj.MEF\bin\Release\NonShipping\Microsoft.VisualStudio.Composition.Tests.dll" adapterTypeName="Microsoft.VisualStudio.TestTools.TestTypes.Unit.UnitTestAdapter" className="Microsoft.VisualStudio.Composition.Tests.FaultyPartsTests" name="V2" />
    </UnitTest>
    <UnitTest name="V2" storage="f:\vnext1\b25bab26\vsideproj.mef\bin\release\nonshipping\microsoft.visualstudio.composition.tests.dll" id="909be1de-2c18-4b22-801a-6e254f65c703">
      <Execution id="2277617d-637a-4a22-a4fd-33514e281730" />
      <TestMethod codeBase="f:\vnext1\b25bab26\VSIDEProj.MEF\bin\Release\NonShipping\Microsoft.VisualStudio.Composition.Tests.dll" adapterTypeName="Microsoft.VisualStudio.TestTools.TestTypes.Unit.UnitTestAdapter" className="Microsoft.VisualStudio.Composition.Tests.FaultyPartsTests" name="V2" />
    </UnitTest>
    <UnitTest name="V3 composition (V1, V2)" storage="f:\vnext1\b25bab26\vsideproj.mef\bin\release\nonshipping\microsoft.visualstudio.composition.tests.dll" id="70f8dede-9c08-4eb0-ab95-4fba2f0568df">
      <Execution id="909dc5ac-4c3c-40d9-b685-67e6359e6db7" />
      <TestMethod codeBase="f:\vnext1\b25bab26\VSIDEProj.MEF\bin\Release\NonShipping\Microsoft.VisualStudio.Composition.Tests.dll" adapterTypeName="Microsoft.VisualStudio.TestTools.TestTypes.Unit.UnitTestAdapter" className="Microsoft.VisualStudio.Composition.Tests.NonSharedPartTests" name="V3 composition (V1, V2)" />
    </UnitTest>
    <UnitTest name="V3 composition (V2)" storage="f:\vnext1\b25bab26\vsideproj.mef\bin\release\nonshipping\microsoft.visualstudio.composition.tests.dll" id="cab8e6d5-b72c-4b76-b337-a310b13a5e34">
      <Execution id="2f25f897-d428-41cd-866e-d9572c3d237b" />
      <TestMethod codeBase="f:\vnext1\b25bab26\VSIDEProj.MEF\bin\Release\NonShipping\Microsoft.VisualStudio.Composition.Tests.dll" adapterTypeName="Microsoft.VisualStudio.TestTools.TestTypes.Unit.UnitTestAdapter" className="Microsoft.VisualStudio.Composition.Tests.InvalidGraphTests" name="V3 composition (V2)" />
    </UnitTest>
    <UnitTest name="V1" storage="f:\vnext1\b25bab26\vsideproj.mef\bin\release\nonshipping\microsoft.visualstudio.composition.tests.dll" id="b924e610-3071-43a6-b74a-672045aff610">
      <Execution id="0560a1d3-85a8-4dcf-a122-79031b88c872" />
      <TestMethod codeBase="f:\vnext1\b25bab26\VSIDEProj.MEF\bin\Release\NonShipping\Microsoft.VisualStudio.Composition.Tests.dll" adapterTypeName="Microsoft.VisualStudio.TestTools.TestTypes.Unit.UnitTestAdapter" className="Microsoft.VisualStudio.Composition.Tests.InvalidGraphTests" name="V1" />
    </UnitTest>
    <UnitTest name="V1" storage="f:\vnext1\b25bab26\vsideproj.mef\bin\release\nonshipping\microsoft.visualstudio.composition.tests.dll" id="bc56c329-8226-4e67-b761-396cf3a95ded">
      <Execution id="3d57338e-267f-402d-be8b-517d5197efa4" />
      <TestMethod codeBase="f:\vnext1\b25bab26\VSIDEProj.MEF\bin\Release\NonShipping\Microsoft.VisualStudio.Composition.Tests.dll" adapterTypeName="Microsoft.VisualStudio.TestTools.TestTypes.Unit.UnitTestAdapter" className="Microsoft.VisualStudio.Composition.Tests.FaultyPartsTests" name="V1" />
    </UnitTest>
    <UnitTest name="AssemblyDiscoveryFindsNestedParts" storage="f:\vnext1\b25bab26\vsideproj.mef\bin\release\nonshipping\microsoft.visualstudio.composition.tests.dll" id="15e8d61a-d5af-4d1b-8dfc-5c760e791269">
      <Execution id="35cb9a93-00ee-461f-9fe7-3b4d02ad9723" />
      <TestMethod codeBase="f:\vnext1\b25bab26\VSIDEProj.MEF\bin\Release\NonShipping\Microsoft.VisualStudio.Composition.Tests.dll" adapterTypeName="Microsoft.VisualStudio.TestTools.TestTypes.Unit.UnitTestAdapter" className="Microsoft.VisualStudio.Composition.Tests.AttributedPartDiscoveryTests" name="AssemblyDiscoveryFindsNestedParts" />
    </UnitTest>
    <UnitTest name="PartMetadataInCatalogOmitsBaseClassMetadata" storage="f:\vnext1\b25bab26\vsideproj.mef\bin\release\nonshipping\microsoft.visualstudio.composition.tests.dll" id="b7787ff4-3ef3-4dfe-9553-d6253736867f">
      <Execution id="381176dd-4209-4931-81e8-f603c0b7d3a1" />
      <TestMethod codeBase="f:\vnext1\b25bab26\VSIDEProj.MEF\bin\Release\NonShipping\Microsoft.VisualStudio.Composition.Tests.dll" adapterTypeName="Microsoft.VisualStudio.TestTools.TestTypes.Unit.UnitTestAdapter" className="Microsoft.VisualStudio.Composition.Tests.AttributedPartDiscoveryTests" name="PartMetadataInCatalogOmitsBaseClassMetadata" />
    </UnitTest>
    <UnitTest name="V2" storage="f:\vnext1\b25bab26\vsideproj.mef\bin\release\nonshipping\microsoft.visualstudio.composition.tests.dll" id="4004ce87-e895-4756-92ca-f39045784892">
      <Execution id="5a7b214f-bd50-4fa2-a16e-020e2fb2ef0a" />
      <TestMethod codeBase="f:\vnext1\b25bab26\VSIDEProj.MEF\bin\Release\NonShipping\Microsoft.VisualStudio.Composition.Tests.dll" adapterTypeName="Microsoft.VisualStudio.TestTools.TestTypes.Unit.UnitTestAdapter" className="Microsoft.VisualStudio.Composition.Tests.InvalidGraphTests" name="V2" />
    </UnitTest>
    <UnitTest name="Combined_CreatePartsAsync_TypeArray_ResilientAgainstReflectionErrors" storage="f:\vnext1\b25bab26\vsideproj.mef\bin\release\nonshipping\microsoft.visualstudio.composition.tests.dll" id="99d13e76-f017-4cb0-a1f0-8d6e9dbea0e3">
      <Execution id="f3f630f8-3005-4e1c-b68a-d8140d862bd6" />
      <TestMethod codeBase="f:\vnext1\b25bab26\VSIDEProj.MEF\bin\Release\NonShipping\Microsoft.VisualStudio.Composition.Tests.dll" adapterTypeName="Microsoft.VisualStudio.TestTools.TestTypes.Unit.UnitTestAdapter" className="Microsoft.VisualStudio.Composition.Tests.PartDiscoveryTests" name="Combined_CreatePartsAsync_TypeArray_ResilientAgainstReflectionErrors" />
    </UnitTest>
    <UnitTest name="PartMetadataInCatalogDoesNotPropagateToExportMetadata" storage="f:\vnext1\b25bab26\vsideproj.mef\bin\release\nonshipping\microsoft.visualstudio.composition.tests.dll" id="a4f03678-3773-4a45-b255-e6233402eba2">
      <Execution id="3a51bc1f-af92-4778-bddb-19d0e21d8908" />
      <TestMethod codeBase="f:\vnext1\b25bab26\VSIDEProj.MEF\bin\Release\NonShipping\Microsoft.VisualStudio.Composition.Tests.dll" adapterTypeName="Microsoft.VisualStudio.TestTools.TestTypes.Unit.UnitTestAdapter" className="Microsoft.VisualStudio.Composition.Tests.AttributedPartDiscoveryTests" name="PartMetadataInCatalogDoesNotPropagateToExportMetadata" />
    </UnitTest>
    <UnitTest name="MissingImportingConstructor" storage="f:\vnext1\b25bab26\vsideproj.mef\bin\release\nonshipping\microsoft.visualstudio.composition.tests.dll" id="26677472-708e-4f61-b8ea-e21e491acb32">
      <Execution id="7a6b048c-9d4b-46fc-accf-e2359e258b46" />
      <TestMethod codeBase="f:\vnext1\b25bab26\VSIDEProj.MEF\bin\Release\NonShipping\Microsoft.VisualStudio.Composition.Tests.dll" adapterTypeName="Microsoft.VisualStudio.TestTools.TestTypes.Unit.UnitTestAdapter" className="Microsoft.VisualStudio.Composition.Tests.AttributedPartDiscoveryTests" name="MissingImportingConstructor" />
    </UnitTest>
    <UnitTest name="NonSharedPartProduction" storage="f:\vnext1\b25bab26\vsideproj.mef\bin\release\nonshipping\microsoft.visualstudio.composition.tests.dll" id="5186d0b6-f948-4916-bef6-83ce495331be">
      <Execution id="5f9d0787-a1f3-47d5-b77b-17d55809b40f" />
      <TestMethod codeBase="f:\vnext1\b25bab26\VSIDEProj.MEF\bin\Release\NonShipping\Microsoft.VisualStudio.Composition.Tests.dll" adapterTypeName="Microsoft.VisualStudio.TestTools.TestTypes.Unit.UnitTestAdapter" className="Microsoft.VisualStudio.Composition.Tests.AttributedPartDiscoveryTests" name="NonSharedPartProduction" />
    </UnitTest>
    <UnitTest name="V3 composition (V1, V2)" storage="f:\vnext1\b25bab26\vsideproj.mef\bin\release\nonshipping\microsoft.visualstudio.composition.tests.dll" id="31687560-1f28-4e56-a10f-7efca4917be5">
      <Execution id="83aec3fb-0e43-4338-b104-d82937542d0b" />
      <TestMethod codeBase="f:\vnext1\b25bab26\VSIDEProj.MEF\bin\Release\NonShipping\Microsoft.VisualStudio.Composition.Tests.dll" adapterTypeName="Microsoft.VisualStudio.TestTools.TestTypes.Unit.UnitTestAdapter" className="Microsoft.VisualStudio.Composition.Tests.ImportManyTests" name="V3 composition (V1, V2)" />
    </UnitTest>
    <UnitTest name="V3 engine (runtime)" storage="f:\vnext1\b25bab26\vsideproj.mef\bin\release\nonshipping\microsoft.visualstudio.composition.tests.dll" id="35f35c14-612c-41c3-b473-6db5cb9e3046">
      <Execution id="1625b3f1-1cd5-4bc8-8521-bce52f1a4163" />
      <TestMethod codeBase="f:\vnext1\b25bab26\VSIDEProj.MEF\bin\Release\NonShipping\Microsoft.VisualStudio.Composition.Tests.dll" adapterTypeName="Microsoft.VisualStudio.TestTools.TestTypes.Unit.UnitTestAdapter" className="Microsoft.VisualStudio.Composition.Tests.SharingBoundaryWithSharedTests" name="V3 engine (runtime)" />
    </UnitTest>
    <UnitTest name="V3 composition (V1)" storage="f:\vnext1\b25bab26\vsideproj.mef\bin\release\nonshipping\microsoft.visualstudio.composition.tests.dll" id="0d1b666d-4c90-45e8-aa2d-833bc92a77b3">
      <Execution id="acd714b5-28f3-4072-8a7d-88b8e0149e22" />
      <TestMethod codeBase="f:\vnext1\b25bab26\VSIDEProj.MEF\bin\Release\NonShipping\Microsoft.VisualStudio.Composition.Tests.dll" adapterTypeName="Microsoft.VisualStudio.TestTools.TestTypes.Unit.UnitTestAdapter" className="Microsoft.VisualStudio.Composition.Tests.RejectionTests" name="V3 composition (V1)" />
    </UnitTest>
    <UnitTest name="V3 engine (runtime)" storage="f:\vnext1\b25bab26\vsideproj.mef\bin\release\nonshipping\microsoft.visualstudio.composition.tests.dll" id="77183b0d-a092-44de-a2e7-9956125b4000">
      <Execution id="ae706f13-2788-42c9-b898-84de1ff37d5a" />
      <TestMethod codeBase="f:\vnext1\b25bab26\VSIDEProj.MEF\bin\Release\NonShipping\Microsoft.VisualStudio.Composition.Tests.dll" adapterTypeName="Microsoft.VisualStudio.TestTools.TestTypes.Unit.UnitTestAdapter" className="Microsoft.VisualStudio.Composition.Tests.ThreadSafetyTests" name="V3 engine (runtime)" />
    </UnitTest>
    <UnitTest name="V2" storage="f:\vnext1\b25bab26\vsideproj.mef\bin\release\nonshipping\microsoft.visualstudio.composition.tests.dll" id="6c7d61e2-4497-4e97-ad08-94fa6875d7fa">
      <Execution id="19c83213-36c3-4486-9167-d252b8a4ff88" />
      <TestMethod codeBase="f:\vnext1\b25bab26\VSIDEProj.MEF\bin\Release\NonShipping\Microsoft.VisualStudio.Composition.Tests.dll" adapterTypeName="Microsoft.VisualStudio.TestTools.TestTypes.Unit.UnitTestAdapter" className="Microsoft.VisualStudio.Composition.Tests.SharingBoundaryWithSharedTests" name="V2" />
    </UnitTest>
    <UnitTest name="V3 composition (V1)" storage="f:\vnext1\b25bab26\vsideproj.mef\bin\release\nonshipping\microsoft.visualstudio.composition.tests.dll" id="344b8a41-6468-4d5b-90f6-df4dbe23f9cc">
      <Execution id="2973ccf7-deb1-4da4-b7e6-372107c62edd" />
      <TestMethod codeBase="f:\vnext1\b25bab26\VSIDEProj.MEF\bin\Release\NonShipping\Microsoft.VisualStudio.Composition.Tests.dll" adapterTypeName="Microsoft.VisualStudio.TestTools.TestTypes.Unit.UnitTestAdapter" className="Microsoft.VisualStudio.Composition.Tests.ExportFactoryTests" name="V3 composition (V1)" />
    </UnitTest>
    <UnitTest name="V3 engine (runtime)" storage="f:\vnext1\b25bab26\vsideproj.mef\bin\release\nonshipping\microsoft.visualstudio.composition.tests.dll" id="2503ab6c-05b6-4199-8a97-fda650890339">
      <Execution id="10e3cf2f-bfe4-4464-91c5-83d27ece07c3" />
      <TestMethod codeBase="f:\vnext1\b25bab26\VSIDEProj.MEF\bin\Release\NonShipping\Microsoft.VisualStudio.Composition.Tests.dll" adapterTypeName="Microsoft.VisualStudio.TestTools.TestTypes.Unit.UnitTestAdapter" className="Microsoft.VisualStudio.Composition.Tests.EmbeddableTypesTests" name="V3 engine (runtime)" />
    </UnitTest>
    <UnitTest name="V3 composition (V1)" storage="f:\vnext1\b25bab26\vsideproj.mef\bin\release\nonshipping\microsoft.visualstudio.composition.tests.dll" id="0572c1dd-dc64-438b-9344-d853deac1fbf">
      <Execution id="ef36c2b4-4301-43a3-b9f6-d67337a63516" />
      <TestMethod codeBase="f:\vnext1\b25bab26\VSIDEProj.MEF\bin\Release\NonShipping\Microsoft.VisualStudio.Composition.Tests.dll" adapterTypeName="Microsoft.VisualStudio.TestTools.TestTypes.Unit.UnitTestAdapter" className="Microsoft.VisualStudio.Composition.Tests.NonPublicImportsExportsTests" name="V3 composition (V1)" />
    </UnitTest>
    <UnitTest name="V3 engine (runtime)" storage="f:\vnext1\b25bab26\vsideproj.mef\bin\release\nonshipping\microsoft.visualstudio.composition.tests.dll" id="b35d7137-8dcf-4021-a59c-b9b4b5c5ba59">
      <Execution id="92226829-1209-48bf-b589-72742b4bbef7" />
      <TestMethod codeBase="f:\vnext1\b25bab26\VSIDEProj.MEF\bin\Release\NonShipping\Microsoft.VisualStudio.Composition.Tests.dll" adapterTypeName="Microsoft.VisualStudio.TestTools.TestTypes.Unit.UnitTestAdapter" className="Microsoft.VisualStudio.Composition.Tests.ExplicitImportIdentityTypeTests" name="V3 engine (runtime)" />
    </UnitTest>
    <UnitTest name="V3 engine (runtime)" storage="f:\vnext1\b25bab26\vsideproj.mef\bin\release\nonshipping\microsoft.visualstudio.composition.tests.dll" id="492b4630-794b-47c1-8062-c339c326cd8d">
      <Execution id="5bb43fad-358a-46b8-a6b3-3a9f07d2457b" />
      <TestMethod codeBase="f:\vnext1\b25bab26\VSIDEProj.MEF\bin\Release\NonShipping\Microsoft.VisualStudio.Composition.Tests.dll" adapterTypeName="Microsoft.VisualStudio.TestTools.TestTypes.Unit.UnitTestAdapter" className="Microsoft.VisualStudio.Composition.Tests.ImportSiteCreationPolicyTests" name="V3 engine (runtime)" />
    </UnitTest>
    <UnitTest name="V1" storage="f:\vnext1\b25bab26\vsideproj.mef\bin\release\nonshipping\microsoft.visualstudio.composition.tests.dll" id="f0caf02f-ef13-42e5-834b-e4e7861dfa30">
      <Execution id="89d36640-ac2a-4faf-a6f9-a4302ef688e6" />
      <TestMethod codeBase="f:\vnext1\b25bab26\VSIDEProj.MEF\bin\Release\NonShipping\Microsoft.VisualStudio.Composition.Tests.dll" adapterTypeName="Microsoft.VisualStudio.TestTools.TestTypes.Unit.UnitTestAdapter" className="Microsoft.VisualStudio.Composition.Tests.ExplicitImportIdentityTypeTests" name="V1" />
    </UnitTest>
    <UnitTest name="V1" storage="f:\vnext1\b25bab26\vsideproj.mef\bin\release\nonshipping\microsoft.visualstudio.composition.tests.dll" id="bcfbfe74-ebb3-47f2-81bb-05367e2e982f">
      <Execution id="24d21a38-afae-4d0a-9ed3-573a28006538" />
      <TestMethod codeBase="f:\vnext1\b25bab26\VSIDEProj.MEF\bin\Release\NonShipping\Microsoft.VisualStudio.Composition.Tests.dll" adapterTypeName="Microsoft.VisualStudio.TestTools.TestTypes.Unit.UnitTestAdapter" className="Microsoft.VisualStudio.Composition.Tests.ImportSiteCreationPolicyTests" name="V1" />
    </UnitTest>
    <UnitTest name="V3 composition (V1, V2)" storage="f:\vnext1\b25bab26\vsideproj.mef\bin\release\nonshipping\microsoft.visualstudio.composition.tests.dll" id="114281b5-e5e4-495b-9dc8-31e470eebc2d">
      <Execution id="b1513694-9b25-4a98-ae04-54cfce676231" />
      <TestMethod codeBase="f:\vnext1\b25bab26\VSIDEProj.MEF\bin\Release\NonShipping\Microsoft.VisualStudio.Composition.Tests.dll" adapterTypeName="Microsoft.VisualStudio.TestTools.TestTypes.Unit.UnitTestAdapter" className="Microsoft.VisualStudio.Composition.Tests.MefV1ExportProviderAdapterTests" name="V3 composition (V1, V2)" />
    </UnitTest>
    <UnitTest name="V3 composition (V1)" storage="f:\vnext1\b25bab26\vsideproj.mef\bin\release\nonshipping\microsoft.visualstudio.composition.tests.dll" id="76cd6069-e027-4d9a-ae09-4c6fb4fa9c30">
      <Execution id="22babc22-dba4-4c44-af25-1be29b299b82" />
      <TestMethod codeBase="f:\vnext1\b25bab26\VSIDEProj.MEF\bin\Release\NonShipping\Microsoft.VisualStudio.Composition.Tests.dll" adapterTypeName="Microsoft.VisualStudio.TestTools.TestTypes.Unit.UnitTestAdapter" className="Microsoft.VisualStudio.Composition.Tests.InheritedExportTests" name="V3 composition (V1)" />
    </UnitTest>
    <UnitTest name="V3 composition (V1)" storage="f:\vnext1\b25bab26\vsideproj.mef\bin\release\nonshipping\microsoft.visualstudio.composition.tests.dll" id="02b76067-7e93-4e5b-bf17-b5f5371cbb83">
      <Execution id="1d6509bc-786e-4638-a2cd-fd75d23929ef" />
      <TestMethod codeBase="f:\vnext1\b25bab26\VSIDEProj.MEF\bin\Release\NonShipping\Microsoft.VisualStudio.Composition.Tests.dll" adapterTypeName="Microsoft.VisualStudio.TestTools.TestTypes.Unit.UnitTestAdapter" className="Microsoft.VisualStudio.Composition.Tests.CompositionServiceTests" name="V3 composition (V1)" />
    </UnitTest>
    <UnitTest name="V3 engine (runtime)" storage="f:\vnext1\b25bab26\vsideproj.mef\bin\release\nonshipping\microsoft.visualstudio.composition.tests.dll" id="f9e2ee54-d8fb-4024-8091-eda1e98222ee">
      <Execution id="3597f4e2-ba08-4fb5-8d34-3da3d48d6932" />
      <TestMethod codeBase="f:\vnext1\b25bab26\VSIDEProj.MEF\bin\Release\NonShipping\Microsoft.VisualStudio.Composition.Tests.dll" adapterTypeName="Microsoft.VisualStudio.TestTools.TestTypes.Unit.UnitTestAdapter" className="Microsoft.VisualStudio.Composition.Tests.ExportMetadataMultipleTests" name="V3 engine (runtime)" />
    </UnitTest>
    <UnitTest name="AssemblyDiscoveryOmitsNonDiscoverableParts" storage="f:\vnext1\b25bab26\vsideproj.mef\bin\release\nonshipping\microsoft.visualstudio.composition.tests.dll" id="08ff16a1-e5eb-49c9-9473-f1cb55363e98">
      <Execution id="359dd632-e4a7-4862-8dcb-d6bbc90ca4b0" />
      <TestMethod codeBase="f:\vnext1\b25bab26\VSIDEProj.MEF\bin\Release\NonShipping\Microsoft.VisualStudio.Composition.Tests.dll" adapterTypeName="Microsoft.VisualStudio.TestTools.TestTypes.Unit.UnitTestAdapter" className="Microsoft.VisualStudio.Composition.Tests.AttributedPartDiscoveryV1Tests" name="AssemblyDiscoveryOmitsNonDiscoverableParts" />
    </UnitTest>
    <UnitTest name="NonSharedPartProduction" storage="f:\vnext1\b25bab26\vsideproj.mef\bin\release\nonshipping\microsoft.visualstudio.composition.tests.dll" id="d743e9e9-2589-4561-a7c0-aa13a15f7692">
      <Execution id="033acf51-6a1b-45c3-a9c6-a49c97e982f6" />
      <TestMethod codeBase="f:\vnext1\b25bab26\VSIDEProj.MEF\bin\Release\NonShipping\Microsoft.VisualStudio.Composition.Tests.dll" adapterTypeName="Microsoft.VisualStudio.TestTools.TestTypes.Unit.UnitTestAdapter" className="Microsoft.VisualStudio.Composition.Tests.AttributedPartDiscoveryV1Tests" name="NonSharedPartProduction" />
    </UnitTest>
    <UnitTest name="V3 composition (V1)" storage="f:\vnext1\b25bab26\vsideproj.mef\bin\release\nonshipping\microsoft.visualstudio.composition.tests.dll" id="2070ead2-aec2-4621-a3cf-67335a92def9">
      <Execution id="acc71a45-a7eb-4e6e-8c52-4396cb0e4ce2" />
      <TestMethod codeBase="f:\vnext1\b25bab26\VSIDEProj.MEF\bin\Release\NonShipping\Microsoft.VisualStudio.Composition.Tests.dll" adapterTypeName="Microsoft.VisualStudio.TestTools.TestTypes.Unit.UnitTestAdapter" className="Microsoft.VisualStudio.Composition.Tests.OnImportsSatisfiedTests" name="V3 composition (V1)" />
    </UnitTest>
    <UnitTest name="PartMetadataInCatalogDoesNotPropagateToExportMetadata" storage="f:\vnext1\b25bab26\vsideproj.mef\bin\release\nonshipping\microsoft.visualstudio.composition.tests.dll" id="9f233d46-0673-4df0-b523-7db2ddd6d8f5">
      <Execution id="57d5cf2e-79c1-44e9-8f53-e6f74324a8fa" />
      <TestMethod codeBase="f:\vnext1\b25bab26\VSIDEProj.MEF\bin\Release\NonShipping\Microsoft.VisualStudio.Composition.Tests.dll" adapterTypeName="Microsoft.VisualStudio.TestTools.TestTypes.Unit.UnitTestAdapter" className="Microsoft.VisualStudio.Composition.Tests.AttributedPartDiscoveryV1Tests" name="PartMetadataInCatalogDoesNotPropagateToExportMetadata" />
    </UnitTest>
    <UnitTest name="TypeDiscoveryIgnoresPartNotDiscoverableAttribute" storage="f:\vnext1\b25bab26\vsideproj.mef\bin\release\nonshipping\microsoft.visualstudio.composition.tests.dll" id="c5b4c5f0-ead7-4824-9e52-545bcee40771">
      <Execution id="5cd70d5c-6955-45cb-bad7-3215d04a209a" />
      <TestMethod codeBase="f:\vnext1\b25bab26\VSIDEProj.MEF\bin\Release\NonShipping\Microsoft.VisualStudio.Composition.Tests.dll" adapterTypeName="Microsoft.VisualStudio.TestTools.TestTypes.Unit.UnitTestAdapter" className="Microsoft.VisualStudio.Composition.Tests.AttributedPartDiscoveryV1Tests" name="TypeDiscoveryIgnoresPartNotDiscoverableAttribute" />
    </UnitTest>
    <UnitTest name="V3 composition (V2)" storage="f:\vnext1\b25bab26\vsideproj.mef\bin\release\nonshipping\microsoft.visualstudio.composition.tests.dll" id="dfaa3b5e-c4dc-4e4d-b56a-bc2045ab657b">
      <Execution id="fb20ca77-dd74-474a-94c9-2e7d3daecd3d" />
      <TestMethod codeBase="f:\vnext1\b25bab26\VSIDEProj.MEF\bin\Release\NonShipping\Microsoft.VisualStudio.Composition.Tests.dll" adapterTypeName="Microsoft.VisualStudio.TestTools.TestTypes.Unit.UnitTestAdapter" className="Microsoft.VisualStudio.Composition.Tests.LazyImportTests" name="V3 composition (V2)" />
    </UnitTest>
    <UnitTest name="V3 engine (runtime)" storage="f:\vnext1\b25bab26\vsideproj.mef\bin\release\nonshipping\microsoft.visualstudio.composition.tests.dll" id="3fc7b92e-6b56-46cb-91f3-fdd28794e053">
      <Execution id="ed9a336a-a959-49e1-b119-acc1f54de161" />
      <TestMethod codeBase="f:\vnext1\b25bab26\VSIDEProj.MEF\bin\Release\NonShipping\Microsoft.VisualStudio.Composition.Tests.dll" adapterTypeName="Microsoft.VisualStudio.TestTools.TestTypes.Unit.UnitTestAdapter" className="Microsoft.VisualStudio.Composition.Tests.CircularDependencyTests" name="V3 engine (runtime)" />
    </UnitTest>
    <UnitTest name="V3 engine (runtime)" storage="f:\vnext1\b25bab26\vsideproj.mef\bin\release\nonshipping\microsoft.visualstudio.composition.tests.dll" id="b8089b99-20da-4b91-b9e6-6f99f3f1fba3">
      <Execution id="c28aac7a-714f-4e76-9cd9-18fc626da8df" />
      <TestMethod codeBase="f:\vnext1\b25bab26\VSIDEProj.MEF\bin\Release\NonShipping\Microsoft.VisualStudio.Composition.Tests.dll" adapterTypeName="Microsoft.VisualStudio.TestTools.TestTypes.Unit.UnitTestAdapter" className="Microsoft.VisualStudio.Composition.Tests.DisposablePartsTests" name="V3 engine (runtime)" />
    </UnitTest>
    <UnitTest name="V1" storage="f:\vnext1\b25bab26\vsideproj.mef\bin\release\nonshipping\microsoft.visualstudio.composition.tests.dll" id="4207917a-7918-4f8e-8067-258fbdbdf2bd">
      <Execution id="7abb9023-edab-4c8e-ba50-9564aa523de6" />
      <TestMethod codeBase="f:\vnext1\b25bab26\VSIDEProj.MEF\bin\Release\NonShipping\Microsoft.VisualStudio.Composition.Tests.dll" adapterTypeName="Microsoft.VisualStudio.TestTools.TestTypes.Unit.UnitTestAdapter" className="Microsoft.VisualStudio.Composition.Tests.DisposablePartsTests" name="V1" />
    </UnitTest>
    <UnitTest name="V2" storage="f:\vnext1\b25bab26\vsideproj.mef\bin\release\nonshipping\microsoft.visualstudio.composition.tests.dll" id="597dd23e-4bbb-4349-bf65-8871b36aeee3">
      <Execution id="04c98df2-7016-4b72-9a46-26f2157c7618" />
      <TestMethod codeBase="f:\vnext1\b25bab26\VSIDEProj.MEF\bin\Release\NonShipping\Microsoft.VisualStudio.Composition.Tests.dll" adapterTypeName="Microsoft.VisualStudio.TestTools.TestTypes.Unit.UnitTestAdapter" className="Microsoft.VisualStudio.Composition.Tests.DisposablePartsTests" name="V2" />
    </UnitTest>
    <UnitTest name="V3 engine (runtime)" storage="f:\vnext1\b25bab26\vsideproj.mef\bin\release\nonshipping\microsoft.visualstudio.composition.tests.dll" id="9e02c720-488c-4e86-89ef-51b3839b9702">
      <Execution id="bca06a87-ba86-4d31-b1d0-30d649c8f360" />
      <TestMethod codeBase="f:\vnext1\b25bab26\VSIDEProj.MEF\bin\Release\NonShipping\Microsoft.VisualStudio.Composition.Tests.dll" adapterTypeName="Microsoft.VisualStudio.TestTools.TestTypes.Unit.UnitTestAdapter" className="Microsoft.VisualStudio.Composition.Tests.ExportingMembersTests" name="V3 engine (runtime)" />
    </UnitTest>
    <UnitTest name="V3 engine (runtime)" storage="f:\vnext1\b25bab26\vsideproj.mef\bin\release\nonshipping\microsoft.visualstudio.composition.tests.dll" id="11d01b65-62a1-43e0-854a-091814ecc7b4">
      <Execution id="6a37e760-7197-4b19-aa5c-fd0a59a8748e" />
      <TestMethod codeBase="f:\vnext1\b25bab26\VSIDEProj.MEF\bin\Release\NonShipping\Microsoft.VisualStudio.Composition.Tests.dll" adapterTypeName="Microsoft.VisualStudio.TestTools.TestTypes.Unit.UnitTestAdapter" className="Microsoft.VisualStudio.Composition.Tests.OpenGenericExportTests" name="V3 engine (runtime)" />
    </UnitTest>
    <UnitTest name="V1" storage="f:\vnext1\b25bab26\vsideproj.mef\bin\release\nonshipping\microsoft.visualstudio.composition.tests.dll" id="35095adc-469a-4256-bd0e-e92efbebe3fe">
      <Execution id="403f4bf3-9a9a-4fa1-9f4b-723a57cc3f27" />
      <TestMethod codeBase="f:\vnext1\b25bab26\VSIDEProj.MEF\bin\Release\NonShipping\Microsoft.VisualStudio.Composition.Tests.dll" adapterTypeName="Microsoft.VisualStudio.TestTools.TestTypes.Unit.UnitTestAdapter" className="Microsoft.VisualStudio.Composition.Tests.OpenGenericExportTests" name="V1" />
    </UnitTest>
    <UnitTest name="V2" storage="f:\vnext1\b25bab26\vsideproj.mef\bin\release\nonshipping\microsoft.visualstudio.composition.tests.dll" id="e7143ae1-46d3-413f-8874-7320e11abb24">
      <Execution id="d53ef805-390a-4b52-919a-7826ed9327dd" />
      <TestMethod codeBase="f:\vnext1\b25bab26\VSIDEProj.MEF\bin\Release\NonShipping\Microsoft.VisualStudio.Composition.Tests.dll" adapterTypeName="Microsoft.VisualStudio.TestTools.TestTypes.Unit.UnitTestAdapter" className="Microsoft.VisualStudio.Composition.Tests.OpenGenericExportTests" name="V2" />
    </UnitTest>
    <UnitTest name="V3 engine (runtime)" storage="f:\vnext1\b25bab26\vsideproj.mef\bin\release\nonshipping\microsoft.visualstudio.composition.tests.dll" id="5ea3dbf1-e14f-4537-9250-5da89c905c39">
      <Execution id="d344bc1c-406a-4bdc-835b-c2fc3243e209" />
      <TestMethod codeBase="f:\vnext1\b25bab26\VSIDEProj.MEF\bin\Release\NonShipping\Microsoft.VisualStudio.Composition.Tests.dll" adapterTypeName="Microsoft.VisualStudio.TestTools.TestTypes.Unit.UnitTestAdapter" className="Microsoft.VisualStudio.Composition.Tests.CustomMetadataAttributeTests" name="V3 engine (runtime)" />
    </UnitTest>
    <UnitTest name="V1" storage="f:\vnext1\b25bab26\vsideproj.mef\bin\release\nonshipping\microsoft.visualstudio.composition.tests.dll" id="20443668-1b8f-440b-a02f-28dd852f3b9e">
      <Execution id="5b24a6ae-1b1e-4123-9f4c-be354f587e9b" />
      <TestMethod codeBase="f:\vnext1\b25bab26\VSIDEProj.MEF\bin\Release\NonShipping\Microsoft.VisualStudio.Composition.Tests.dll" adapterTypeName="Microsoft.VisualStudio.TestTools.TestTypes.Unit.UnitTestAdapter" className="Microsoft.VisualStudio.Composition.Tests.CustomMetadataAttributeTests" name="V1" />
    </UnitTest>
    <UnitTest name="V3 composition (V1)" storage="f:\vnext1\b25bab26\vsideproj.mef\bin\release\nonshipping\microsoft.visualstudio.composition.tests.dll" id="100f9c62-bd6e-4364-af70-552f26a07c3a">
      <Execution id="e1e4292c-ba61-4f61-83ac-7a4096d17b1b" />
      <TestMethod codeBase="f:\vnext1\b25bab26\VSIDEProj.MEF\bin\Release\NonShipping\Microsoft.VisualStudio.Composition.Tests.dll" adapterTypeName="Microsoft.VisualStudio.TestTools.TestTypes.Unit.UnitTestAdapter" className="Microsoft.VisualStudio.Composition.Tests.ImportingConstructorTests" name="V3 composition (V1)" />
    </UnitTest>
    <UnitTest name="GetAssemblyInputs_IdentifiesAssembliesDefiningInterfacesOfParts" storage="f:\vnext1\b25bab26\vsideproj.mef\bin\release\nonshipping\microsoft.visualstudio.composition.tests.dll" id="2fb2f80b-660b-470d-9ace-db30f9268b3f">
      <Execution id="cb223acb-942f-4aef-b4f4-f20dcef867e3" />
      <TestMethod codeBase="f:\vnext1\b25bab26\VSIDEProj.MEF\bin\Release\NonShipping\Microsoft.VisualStudio.Composition.Tests.dll" adapterTypeName="Microsoft.VisualStudio.TestTools.TestTypes.Unit.UnitTestAdapter" className="Microsoft.VisualStudio.Composition.Tests.CompositionCatalogTests" name="GetAssemblyInputs_IdentifiesAssembliesDefiningInterfacesOfParts" />
    </UnitTest>
    <UnitTest name="V3 engine (runtime)" storage="f:\vnext1\b25bab26\vsideproj.mef\bin\release\nonshipping\microsoft.visualstudio.composition.tests.dll" id="f1a679ce-73d9-49aa-ac14-6024c6d27245">
      <Execution id="65c9a109-0317-4e4b-904b-462ea0ab453b" />
      <TestMethod codeBase="f:\vnext1\b25bab26\VSIDEProj.MEF\bin\Release\NonShipping\Microsoft.VisualStudio.Composition.Tests.dll" adapterTypeName="Microsoft.VisualStudio.TestTools.TestTypes.Unit.UnitTestAdapter" className="Microsoft.VisualStudio.Composition.Tests.NonSharedPartTests" name="V3 engine (runtime)" />
    </UnitTest>
    <UnitTest name="V3 engine (runtime)" storage="f:\vnext1\b25bab26\vsideproj.mef\bin\release\nonshipping\microsoft.visualstudio.composition.tests.dll" id="a6126c95-478c-46e3-81aa-d5caf6e977c2">
      <Execution id="8aff9fee-297f-416f-8d33-d9eb30c2152e" />
      <TestMethod codeBase="f:\vnext1\b25bab26\VSIDEProj.MEF\bin\Release\NonShipping\Microsoft.VisualStudio.Composition.Tests.dll" adapterTypeName="Microsoft.VisualStudio.TestTools.TestTypes.Unit.UnitTestAdapter" className="Microsoft.VisualStudio.Composition.Tests.ImportManyTests" name="V3 engine (runtime)" />
    </UnitTest>
    <UnitTest name="V1" storage="f:\vnext1\b25bab26\vsideproj.mef\bin\release\nonshipping\microsoft.visualstudio.composition.tests.dll" id="a2dd8c0c-ba9c-4770-b26c-abc524cc913c">
      <Execution id="a9b7d025-0eb6-4da5-92b7-a54132a6fcd8" />
      <TestMethod codeBase="f:\vnext1\b25bab26\VSIDEProj.MEF\bin\Release\NonShipping\Microsoft.VisualStudio.Composition.Tests.dll" adapterTypeName="Microsoft.VisualStudio.TestTools.TestTypes.Unit.UnitTestAdapter" className="Microsoft.VisualStudio.Composition.Tests.ImportManyTests" name="V1" />
    </UnitTest>
    <UnitTest name="V3 engine (runtime)" storage="f:\vnext1\b25bab26\vsideproj.mef\bin\release\nonshipping\microsoft.visualstudio.composition.tests.dll" id="aaf664b8-49d6-44e2-b61f-bdcccba5d085">
      <Execution id="6f17e9cc-cbc3-4fd7-b524-486d39c4e784" />
      <TestMethod codeBase="f:\vnext1\b25bab26\VSIDEProj.MEF\bin\Release\NonShipping\Microsoft.VisualStudio.Composition.Tests.dll" adapterTypeName="Microsoft.VisualStudio.TestTools.TestTypes.Unit.UnitTestAdapter" className="Microsoft.VisualStudio.Composition.Tests.RejectionTests" name="V3 engine (runtime)" />
    </UnitTest>
    <UnitTest name="V3 composition (V1)" storage="f:\vnext1\b25bab26\vsideproj.mef\bin\release\nonshipping\microsoft.visualstudio.composition.tests.dll" id="8ad701bc-178b-4751-b554-5bae2f274e18">
      <Execution id="49dddaf2-3db3-4f3c-b3d0-da8011809853" />
      <TestMethod codeBase="f:\vnext1\b25bab26\VSIDEProj.MEF\bin\Release\NonShipping\Microsoft.VisualStudio.Composition.Tests.dll" adapterTypeName="Microsoft.VisualStudio.TestTools.TestTypes.Unit.UnitTestAdapter" className="Microsoft.VisualStudio.Composition.Tests.StaticMemberExportsTests" name="V3 composition (V1)" />
    </UnitTest>
    <UnitTest name="V3 engine (runtime)" storage="f:\vnext1\b25bab26\vsideproj.mef\bin\release\nonshipping\microsoft.visualstudio.composition.tests.dll" id="104aafe8-e7ca-4dfe-930e-960f2743a350">
      <Execution id="8b9defbb-37bb-40dd-bd06-e4996f3d3f56" />
      <TestMethod codeBase="f:\vnext1\b25bab26\VSIDEProj.MEF\bin\Release\NonShipping\Microsoft.VisualStudio.Composition.Tests.dll" adapterTypeName="Microsoft.VisualStudio.TestTools.TestTypes.Unit.UnitTestAdapter" className="Microsoft.VisualStudio.Composition.Tests.ExportFactoryTests" name="V3 engine (runtime)" />
    </UnitTest>
    <UnitTest name="V3 engine (runtime)" storage="f:\vnext1\b25bab26\vsideproj.mef\bin\release\nonshipping\microsoft.visualstudio.composition.tests.dll" id="6512658e-e3fd-422b-ad06-881ef4767325">
      <Execution id="e9921798-acba-4c69-be21-f595dfd140c2" />
      <TestMethod codeBase="f:\vnext1\b25bab26\VSIDEProj.MEF\bin\Release\NonShipping\Microsoft.VisualStudio.Composition.Tests.dll" adapterTypeName="Microsoft.VisualStudio.TestTools.TestTypes.Unit.UnitTestAdapter" className="Microsoft.VisualStudio.Composition.Tests.EmbeddableTypesTests" name="V3 engine (runtime)" />
    </UnitTest>
    <UnitTest name="V3 engine (runtime)" storage="f:\vnext1\b25bab26\vsideproj.mef\bin\release\nonshipping\microsoft.visualstudio.composition.tests.dll" id="e43292be-cca5-4053-9c41-75852e876f46">
      <Execution id="6595624f-9da7-45d2-ac5e-49eb33c199d7" />
      <TestMethod codeBase="f:\vnext1\b25bab26\VSIDEProj.MEF\bin\Release\NonShipping\Microsoft.VisualStudio.Composition.Tests.dll" adapterTypeName="Microsoft.VisualStudio.TestTools.TestTypes.Unit.UnitTestAdapter" className="Microsoft.VisualStudio.Composition.Tests.NonPublicImportsExportsTests" name="V3 engine (runtime)" />
    </UnitTest>
    <UnitTest name="V1" storage="f:\vnext1\b25bab26\vsideproj.mef\bin\release\nonshipping\microsoft.visualstudio.composition.tests.dll" id="18f24010-82bc-4281-b901-a41e84c30276">
      <Execution id="560a5a61-b700-4e77-9b0f-bd7956b8635c" />
      <TestMethod codeBase="f:\vnext1\b25bab26\VSIDEProj.MEF\bin\Release\NonShipping\Microsoft.VisualStudio.Composition.Tests.dll" adapterTypeName="Microsoft.VisualStudio.TestTools.TestTypes.Unit.UnitTestAdapter" className="Microsoft.VisualStudio.Composition.Tests.NonPublicImportsExportsTests" name="V1" />
    </UnitTest>
    <UnitTest name="V2" storage="f:\vnext1\b25bab26\vsideproj.mef\bin\release\nonshipping\microsoft.visualstudio.composition.tests.dll" id="9c71c339-4d2f-49db-b49f-3c659d894b03">
      <Execution id="c602a9b1-5816-46f2-a48b-f71d602c46a0" />
      <TestMethod codeBase="f:\vnext1\b25bab26\VSIDEProj.MEF\bin\Release\NonShipping\Microsoft.VisualStudio.Composition.Tests.dll" adapterTypeName="Microsoft.VisualStudio.TestTools.TestTypes.Unit.UnitTestAdapter" className="Microsoft.VisualStudio.Composition.Tests.SharingBoundaryWithNonSharedTests" name="V2" />
    </UnitTest>
    <UnitTest name="V2" storage="f:\vnext1\b25bab26\vsideproj.mef\bin\release\nonshipping\microsoft.visualstudio.composition.tests.dll" id="ac2f2427-cc22-4190-a58d-b3dc47d6f192">
      <Execution id="93490779-6bcd-4d18-9503-23c8df9af97f" />
      <TestMethod codeBase="f:\vnext1\b25bab26\VSIDEProj.MEF\bin\Release\NonShipping\Microsoft.VisualStudio.Composition.Tests.dll" adapterTypeName="Microsoft.VisualStudio.TestTools.TestTypes.Unit.UnitTestAdapter" className="Microsoft.VisualStudio.Composition.Tests.ExportFactoryTests" name="V2" />
    </UnitTest>
    <UnitTest name="V3 composition (V2)" storage="f:\vnext1\b25bab26\vsideproj.mef\bin\release\nonshipping\microsoft.visualstudio.composition.tests.dll" id="6e6a8cbf-de2b-44e3-9e6a-5be12d31eb09">
      <Execution id="726ea659-97f8-44ce-aab5-94957dc400ad" />
      <TestMethod codeBase="f:\vnext1\b25bab26\VSIDEProj.MEF\bin\Release\NonShipping\Microsoft.VisualStudio.Composition.Tests.dll" adapterTypeName="Microsoft.VisualStudio.TestTools.TestTypes.Unit.UnitTestAdapter" className="Microsoft.VisualStudio.Composition.Tests.ProjectSystemMockTests" name="V3 composition (V2)" />
    </UnitTest>
    <UnitTest name="V3 engine (runtime)" storage="f:\vnext1\b25bab26\vsideproj.mef\bin\release\nonshipping\microsoft.visualstudio.composition.tests.dll" id="4832c676-723f-4353-90c2-e07e0a800a30">
      <Execution id="4eecd750-8d53-4842-88c3-93eb95105bb7" />
      <TestMethod codeBase="f:\vnext1\b25bab26\VSIDEProj.MEF\bin\Release\NonShipping\Microsoft.VisualStudio.Composition.Tests.dll" adapterTypeName="Microsoft.VisualStudio.TestTools.TestTypes.Unit.UnitTestAdapter" className="Microsoft.VisualStudio.Composition.Tests.InheritedExportTests" name="V3 engine (runtime)" />
    </UnitTest>
    <UnitTest name="V3 engine (runtime)" storage="f:\vnext1\b25bab26\vsideproj.mef\bin\release\nonshipping\microsoft.visualstudio.composition.tests.dll" id="cadfb717-79d6-4f62-af9b-64cb54f87de5">
      <Execution id="03faaae0-5fc2-440c-8f25-a3c877e3fe83" />
      <TestMethod codeBase="f:\vnext1\b25bab26\VSIDEProj.MEF\bin\Release\NonShipping\Microsoft.VisualStudio.Composition.Tests.dll" adapterTypeName="Microsoft.VisualStudio.TestTools.TestTypes.Unit.UnitTestAdapter" className="Microsoft.VisualStudio.Composition.Tests.CompositionServiceTests" name="V3 engine (runtime)" />
    </UnitTest>
    <UnitTest name="V3 engine (runtime)" storage="f:\vnext1\b25bab26\vsideproj.mef\bin\release\nonshipping\microsoft.visualstudio.composition.tests.dll" id="81c90428-a64e-4b03-be23-1fe351f733cb">
      <Execution id="e5a5f589-3f0c-4aa2-96ca-4021529f67c7" />
      <TestMethod codeBase="f:\vnext1\b25bab26\VSIDEProj.MEF\bin\Release\NonShipping\Microsoft.VisualStudio.Composition.Tests.dll" adapterTypeName="Microsoft.VisualStudio.TestTools.TestTypes.Unit.UnitTestAdapter" className="Microsoft.VisualStudio.Composition.Tests.ExportMetadataMultipleTests" name="V3 engine (runtime)" />
    </UnitTest>
    <UnitTest name="V3 engine (runtime)" storage="f:\vnext1\b25bab26\vsideproj.mef\bin\release\nonshipping\microsoft.visualstudio.composition.tests.dll" id="b438f79f-9a5c-4706-893b-3e72b7129855">
      <Execution id="09dfb9cf-d9e8-4bd9-b565-4280fe465fc1" />
      <TestMethod codeBase="f:\vnext1\b25bab26\VSIDEProj.MEF\bin\Release\NonShipping\Microsoft.VisualStudio.Composition.Tests.dll" adapterTypeName="Microsoft.VisualStudio.TestTools.TestTypes.Unit.UnitTestAdapter" className="Microsoft.VisualStudio.Composition.Tests.OnImportsSatisfiedTests" name="V3 engine (runtime)" />
    </UnitTest>
    <UnitTest name="V1" storage="f:\vnext1\b25bab26\vsideproj.mef\bin\release\nonshipping\microsoft.visualstudio.composition.tests.dll" id="99d0be1f-29f3-4a76-9712-98e31be74bfd">
      <Execution id="13b6bd1d-5f46-41e5-960d-47c508fc6b4d" />
      <TestMethod codeBase="f:\vnext1\b25bab26\VSIDEProj.MEF\bin\Release\NonShipping\Microsoft.VisualStudio.Composition.Tests.dll" adapterTypeName="Microsoft.VisualStudio.TestTools.TestTypes.Unit.UnitTestAdapter" className="Microsoft.VisualStudio.Composition.Tests.InheritedExportTests" name="V1" />
    </UnitTest>
    <UnitTest name="V1" storage="f:\vnext1\b25bab26\vsideproj.mef\bin\release\nonshipping\microsoft.visualstudio.composition.tests.dll" id="e03bbd5f-3e8c-427b-9ce1-18eb0e7b296a">
      <Execution id="07bf6833-b6af-4509-a0af-70ba7991a6c1" />
      <TestMethod codeBase="f:\vnext1\b25bab26\VSIDEProj.MEF\bin\Release\NonShipping\Microsoft.VisualStudio.Composition.Tests.dll" adapterTypeName="Microsoft.VisualStudio.TestTools.TestTypes.Unit.UnitTestAdapter" className="Microsoft.VisualStudio.Composition.Tests.ExportMetadataMultipleTests" name="V1" />
    </UnitTest>
    <UnitTest name="V2" storage="f:\vnext1\b25bab26\vsideproj.mef\bin\release\nonshipping\microsoft.visualstudio.composition.tests.dll" id="61e97e77-84b0-4b78-9930-a8eeaa61ac33">
      <Execution id="654fd06e-2e3e-42e1-aed4-ff9757ebc1cb" />
      <TestMethod codeBase="f:\vnext1\b25bab26\VSIDEProj.MEF\bin\Release\NonShipping\Microsoft.VisualStudio.Composition.Tests.dll" adapterTypeName="Microsoft.VisualStudio.TestTools.TestTypes.Unit.UnitTestAdapter" className="Microsoft.VisualStudio.Composition.Tests.OnImportsSatisfiedTests" name="V2" />
    </UnitTest>
    <UnitTest name="V3 engine (runtime)" storage="f:\vnext1\b25bab26\vsideproj.mef\bin\release\nonshipping\microsoft.visualstudio.composition.tests.dll" id="8f0eefc1-e4ae-4e17-81ce-d55da790553b">
      <Execution id="548a6f67-0114-48f1-af66-4b38e163a90d" />
      <TestMethod codeBase="f:\vnext1\b25bab26\VSIDEProj.MEF\bin\Release\NonShipping\Microsoft.VisualStudio.Composition.Tests.dll" adapterTypeName="Microsoft.VisualStudio.TestTools.TestTypes.Unit.UnitTestAdapter" className="Microsoft.VisualStudio.Composition.Tests.LazyImportTests" name="V3 engine (runtime)" />
    </UnitTest>
    <UnitTest name="V3 engine (runtime)" storage="f:\vnext1\b25bab26\vsideproj.mef\bin\release\nonshipping\microsoft.visualstudio.composition.tests.dll" id="1e3d10e1-7b1e-4b32-b193-cfbfae3058e6">
      <Execution id="50dd4aa7-0c2c-4c42-99d7-f08cc4b205d3" />
      <TestMethod codeBase="f:\vnext1\b25bab26\VSIDEProj.MEF\bin\Release\NonShipping\Microsoft.VisualStudio.Composition.Tests.dll" adapterTypeName="Microsoft.VisualStudio.TestTools.TestTypes.Unit.UnitTestAdapter" className="Microsoft.VisualStudio.Composition.Tests.ExportingMembersTests" name="V3 engine (runtime)" />
    </UnitTest>
    <UnitTest name="V3 composition (V2)" storage="f:\vnext1\b25bab26\vsideproj.mef\bin\release\nonshipping\microsoft.visualstudio.composition.tests.dll" id="751d5dc4-13b5-47a7-b475-3cd40c113fc4">
      <Execution id="13b15be1-c5eb-40ec-9e49-66cb74f4ff51" />
      <TestMethod codeBase="f:\vnext1\b25bab26\VSIDEProj.MEF\bin\Release\NonShipping\Microsoft.VisualStudio.Composition.Tests.dll" adapterTypeName="Microsoft.VisualStudio.TestTools.TestTypes.Unit.UnitTestAdapter" className="Microsoft.VisualStudio.Composition.Tests.SharingBoundaryWithSharedTests" name="V3 composition (V2)" />
    </UnitTest>
    <UnitTest name="V3 composition (V1, V2)" storage="f:\vnext1\b25bab26\vsideproj.mef\bin\release\nonshipping\microsoft.visualstudio.composition.tests.dll" id="e72f7a2d-2733-4bf1-985a-2481ad3dbfa8">
      <Execution id="13870ae7-0aa6-4e69-a351-ac3832c69eab" />
      <TestMethod codeBase="f:\vnext1\b25bab26\VSIDEProj.MEF\bin\Release\NonShipping\Microsoft.VisualStudio.Composition.Tests.dll" adapterTypeName="Microsoft.VisualStudio.TestTools.TestTypes.Unit.UnitTestAdapter" className="Microsoft.VisualStudio.Composition.Tests.ImportedExportProviderTests" name="V3 composition (V1, V2)" />
    </UnitTest>
    <UnitTest name="V3 composition (V1, V2)" storage="f:\vnext1\b25bab26\vsideproj.mef\bin\release\nonshipping\microsoft.visualstudio.composition.tests.dll" id="34e54ca4-fdf5-4754-9047-9c1cd4dfe4a6">
      <Execution id="0f7af375-e548-4736-9fca-938e13ca547a" />
      <TestMethod codeBase="f:\vnext1\b25bab26\VSIDEProj.MEF\bin\Release\NonShipping\Microsoft.VisualStudio.Composition.Tests.dll" adapterTypeName="Microsoft.VisualStudio.TestTools.TestTypes.Unit.UnitTestAdapter" className="Microsoft.VisualStudio.Composition.Tests.ObsoleteAttributeTests" name="V3 composition (V1, V2)" />
    </UnitTest>
    <UnitTest name="V3 engine (runtime)" storage="f:\vnext1\b25bab26\vsideproj.mef\bin\release\nonshipping\microsoft.visualstudio.composition.tests.dll" id="4d892c07-433e-4eac-b6da-505b5d8f2f17">
      <Execution id="058124fb-d676-4577-9ac2-d596abba07af" />
      <TestMethod codeBase="f:\vnext1\b25bab26\VSIDEProj.MEF\bin\Release\NonShipping\Microsoft.VisualStudio.Composition.Tests.dll" adapterTypeName="Microsoft.VisualStudio.TestTools.TestTypes.Unit.UnitTestAdapter" className="Microsoft.VisualStudio.Composition.Tests.ImportingConstructorTests" name="V3 engine (runtime)" />
    </UnitTest>
    <UnitTest name="V1" storage="f:\vnext1\b25bab26\vsideproj.mef\bin\release\nonshipping\microsoft.visualstudio.composition.tests.dll" id="a2b1573b-069e-453a-abf7-3917218fb96f">
      <Execution id="e4e46537-b62a-4824-88a0-79be1fa16ba2" />
      <TestMethod codeBase="f:\vnext1\b25bab26\VSIDEProj.MEF\bin\Release\NonShipping\Microsoft.VisualStudio.Composition.Tests.dll" adapterTypeName="Microsoft.VisualStudio.TestTools.TestTypes.Unit.UnitTestAdapter" className="Microsoft.VisualStudio.Composition.Tests.ImportingConstructorTests" name="V1" />
    </UnitTest>
    <UnitTest name="V3 composition (V1)" storage="f:\vnext1\b25bab26\vsideproj.mef\bin\release\nonshipping\microsoft.visualstudio.composition.tests.dll" id="62a65b75-a433-41b2-a178-aefe8f82ffa4">
      <Execution id="6547c7fe-da7f-4b6c-960d-635536eee364" />
      <TestMethod codeBase="f:\vnext1\b25bab26\VSIDEProj.MEF\bin\Release\NonShipping\Microsoft.VisualStudio.Composition.Tests.dll" adapterTypeName="Microsoft.VisualStudio.TestTools.TestTypes.Unit.UnitTestAdapter" className="Microsoft.VisualStudio.Composition.Tests.ImportSiteCreationPolicyTests" name="V3 composition (V1)" />
    </UnitTest>
    <UnitTest name="V1" storage="f:\vnext1\b25bab26\vsideproj.mef\bin\release\nonshipping\microsoft.visualstudio.composition.tests.dll" id="b22e09b5-e740-4986-b305-dd6840eb097d">
      <Execution id="700ec91d-e198-4bf7-8e16-4532fcf71e22" />
      <TestMethod codeBase="f:\vnext1\b25bab26\VSIDEProj.MEF\bin\Release\NonShipping\Microsoft.VisualStudio.Composition.Tests.dll" adapterTypeName="Microsoft.VisualStudio.TestTools.TestTypes.Unit.UnitTestAdapter" className="Microsoft.VisualStudio.Composition.Tests.ImportSiteCreationPolicyTests" name="V1" />
    </UnitTest>
    <UnitTest name="V3 engine (runtime)" storage="f:\vnext1\b25bab26\vsideproj.mef\bin\release\nonshipping\microsoft.visualstudio.composition.tests.dll" id="215f3f1e-38a8-46e3-a27b-6297d39dc69f">
      <Execution id="d0e7f673-b183-4c6c-a51d-a98f012dd524" />
      <TestMethod codeBase="f:\vnext1\b25bab26\VSIDEProj.MEF\bin\Release\NonShipping\Microsoft.VisualStudio.Composition.Tests.dll" adapterTypeName="Microsoft.VisualStudio.TestTools.TestTypes.Unit.UnitTestAdapter" className="Microsoft.VisualStudio.Composition.Tests.MefV1ExportProviderAdapterTests" name="V3 engine (runtime)" />
    </UnitTest>
    <UnitTest name="V3 composition (V1)" storage="f:\vnext1\b25bab26\vsideproj.mef\bin\release\nonshipping\microsoft.visualstudio.composition.tests.dll" id="6e1e1981-3ef0-487c-8ca4-0afd499638b6">
      <Execution id="3a7131b8-530a-467e-85f9-698efd93f64e" />
      <TestMethod codeBase="f:\vnext1\b25bab26\VSIDEProj.MEF\bin\Release\NonShipping\Microsoft.VisualStudio.Composition.Tests.dll" adapterTypeName="Microsoft.VisualStudio.TestTools.TestTypes.Unit.UnitTestAdapter" className="Microsoft.VisualStudio.Composition.Tests.ExplicitImportIdentityTypeTests" name="V3 composition (V1)" />
    </UnitTest>
    <UnitTest name="V3 composition (V1, V2)" storage="f:\vnext1\b25bab26\vsideproj.mef\bin\release\nonshipping\microsoft.visualstudio.composition.tests.dll" id="43849863-85c7-40a8-94e0-d9992c8e9ea4">
      <Execution id="4fd5c76c-6661-4f36-9621-c8adb5eaacb2" />
      <TestMethod codeBase="f:\vnext1\b25bab26\VSIDEProj.MEF\bin\Release\NonShipping\Microsoft.VisualStudio.Composition.Tests.dll" adapterTypeName="Microsoft.VisualStudio.TestTools.TestTypes.Unit.UnitTestAdapter" className="Microsoft.VisualStudio.Composition.Tests.NamedTypedExportTests" name="V3 composition (V1, V2)" />
    </UnitTest>
    <UnitTest name="V3 composition (V1, V2)" storage="f:\vnext1\b25bab26\vsideproj.mef\bin\release\nonshipping\microsoft.visualstudio.composition.tests.dll" id="129597af-dc6a-4f4f-93a1-38ac10910753">
      <Execution id="cb885793-567d-4365-966e-1f31fd1eb56c" />
      <TestMethod codeBase="f:\vnext1\b25bab26\VSIDEProj.MEF\bin\Release\NonShipping\Microsoft.VisualStudio.Composition.Tests.dll" adapterTypeName="Microsoft.VisualStudio.TestTools.TestTypes.Unit.UnitTestAdapter" className="Microsoft.VisualStudio.Composition.Tests.ExportProviderTests" name="V3 composition (V1, V2)" />
    </UnitTest>
    <UnitTest name="V3 composition (V1, V2)" storage="f:\vnext1\b25bab26\vsideproj.mef\bin\release\nonshipping\microsoft.visualstudio.composition.tests.dll" id="9abbe558-2a9e-4265-9ccb-1834de40df8d">
      <Execution id="7bdfdec6-529f-4782-8ff4-6c1aba49b8b8" />
      <TestMethod codeBase="f:\vnext1\b25bab26\VSIDEProj.MEF\bin\Release\NonShipping\Microsoft.VisualStudio.Composition.Tests.dll" adapterTypeName="Microsoft.VisualStudio.TestTools.TestTypes.Unit.UnitTestAdapter" className="Microsoft.VisualStudio.Composition.Tests.SimpleImportExportTests" name="V3 composition (V1, V2)" />
    </UnitTest>
    <UnitTest name="V3 composition (V1, V2)" storage="f:\vnext1\b25bab26\vsideproj.mef\bin\release\nonshipping\microsoft.visualstudio.composition.tests.dll" id="3d458b18-eeea-4b84-8e4e-410ae388d969">
      <Execution id="0b0b74c1-61fb-4c85-a724-e75382bc5cd8" />
      <TestMethod codeBase="f:\vnext1\b25bab26\VSIDEProj.MEF\bin\Release\NonShipping\Microsoft.VisualStudio.Composition.Tests.dll" adapterTypeName="Microsoft.VisualStudio.TestTools.TestTypes.Unit.UnitTestAdapter" className="Microsoft.VisualStudio.Composition.Tests.ExportMetadataTests" name="V3 composition (V1, V2)" />
    </UnitTest>
    <UnitTest name="V3 engine (runtime)" storage="f:\vnext1\b25bab26\vsideproj.mef\bin\release\nonshipping\microsoft.visualstudio.composition.tests.dll" id="7395a029-b7c7-4dac-817a-43709f1267f3">
      <Execution id="fcfd69d3-85c7-4bdd-b2f1-3d9fd25deea4" />
      <TestMethod codeBase="f:\vnext1\b25bab26\VSIDEProj.MEF\bin\Release\NonShipping\Microsoft.VisualStudio.Composition.Tests.dll" adapterTypeName="Microsoft.VisualStudio.TestTools.TestTypes.Unit.UnitTestAdapter" className="Microsoft.VisualStudio.Composition.Tests.CircularDependencyTests" name="V3 engine (runtime)" />
    </UnitTest>
    <UnitTest name="V1" storage="f:\vnext1\b25bab26\vsideproj.mef\bin\release\nonshipping\microsoft.visualstudio.composition.tests.dll" id="07532a08-d3ad-4fcd-a566-950baedd4574">
      <Execution id="2ede650c-cd3f-4e5f-81c0-b93be1c20260" />
      <TestMethod codeBase="f:\vnext1\b25bab26\VSIDEProj.MEF\bin\Release\NonShipping\Microsoft.VisualStudio.Composition.Tests.dll" adapterTypeName="Microsoft.VisualStudio.TestTools.TestTypes.Unit.UnitTestAdapter" className="Microsoft.VisualStudio.Composition.Tests.CircularDependencyTests" name="V1" />
    </UnitTest>
    <UnitTest name="V1" storage="f:\vnext1\b25bab26\vsideproj.mef\bin\release\nonshipping\microsoft.visualstudio.composition.tests.dll" id="daddc749-2a92-405b-a301-e312ae8b3def">
      <Execution id="52fcd899-257b-439d-bdde-1d460b05f731" />
      <TestMethod codeBase="f:\vnext1\b25bab26\VSIDEProj.MEF\bin\Release\NonShipping\Microsoft.VisualStudio.Composition.Tests.dll" adapterTypeName="Microsoft.VisualStudio.TestTools.TestTypes.Unit.UnitTestAdapter" className="Microsoft.VisualStudio.Composition.Tests.MefV1ExportProviderAdapterTests" name="V1" />
    </UnitTest>
    <UnitTest name="V2" storage="f:\vnext1\b25bab26\vsideproj.mef\bin\release\nonshipping\microsoft.visualstudio.composition.tests.dll" id="7bc440b6-2e20-4a11-9419-a0d1a4a18c87">
      <Execution id="668f5cbc-3d89-4e37-b0ec-ae6f45457781" />
      <TestMethod codeBase="f:\vnext1\b25bab26\VSIDEProj.MEF\bin\Release\NonShipping\Microsoft.VisualStudio.Composition.Tests.dll" adapterTypeName="Microsoft.VisualStudio.TestTools.TestTypes.Unit.UnitTestAdapter" className="Microsoft.VisualStudio.Composition.Tests.CircularDependencyTests" name="V2" />
    </UnitTest>
    <UnitTest name="V3 engine (runtime)" storage="f:\vnext1\b25bab26\vsideproj.mef\bin\release\nonshipping\microsoft.visualstudio.composition.tests.dll" id="98643ee2-aed6-4224-9077-29edc8fd96a8">
      <Execution id="e37a92d5-e766-47b2-874a-d936820ef4e7" />
      <TestMethod codeBase="f:\vnext1\b25bab26\VSIDEProj.MEF\bin\Release\NonShipping\Microsoft.VisualStudio.Composition.Tests.dll" adapterTypeName="Microsoft.VisualStudio.TestTools.TestTypes.Unit.UnitTestAdapter" className="Microsoft.VisualStudio.Composition.Tests.StaticMemberExportsTests" name="V3 engine (runtime)" />
    </UnitTest>
    <UnitTest name="V3 composition (V1, V2)" storage="f:\vnext1\b25bab26\vsideproj.mef\bin\release\nonshipping\microsoft.visualstudio.composition.tests.dll" id="797e603e-7904-44e3-9ca5-c269a747d5b8">
      <Execution id="810dbacb-47bc-4abd-9b59-7446ca86786b" />
      <TestMethod codeBase="f:\vnext1\b25bab26\VSIDEProj.MEF\bin\Release\NonShipping\Microsoft.VisualStudio.Composition.Tests.dll" adapterTypeName="Microsoft.VisualStudio.TestTools.TestTypes.Unit.UnitTestAdapter" className="Microsoft.VisualStudio.Composition.Tests.MixedGenericExportsTests" name="V3 composition (V1, V2)" />
    </UnitTest>
    <UnitTest name="V3 engine (runtime)" storage="f:\vnext1\b25bab26\vsideproj.mef\bin\release\nonshipping\microsoft.visualstudio.composition.tests.dll" id="30202241-53e0-4258-915c-46fb1ab01855">
      <Execution id="b456d83e-1501-4cb6-aa82-423af3ee9d76" />
      <TestMethod codeBase="f:\vnext1\b25bab26\VSIDEProj.MEF\bin\Release\NonShipping\Microsoft.VisualStudio.Composition.Tests.dll" adapterTypeName="Microsoft.VisualStudio.TestTools.TestTypes.Unit.UnitTestAdapter" className="Microsoft.VisualStudio.Composition.Tests.ProjectSystemMockTests" name="V3 engine (runtime)" />
    </UnitTest>
    <UnitTest name="V1" storage="f:\vnext1\b25bab26\vsideproj.mef\bin\release\nonshipping\microsoft.visualstudio.composition.tests.dll" id="29a339b8-25af-4f42-9dfb-f2f863bfdd7b">
      <Execution id="a665974a-582d-44a3-9005-216d2c93f478" />
      <TestMethod codeBase="f:\vnext1\b25bab26\VSIDEProj.MEF\bin\Release\NonShipping\Microsoft.VisualStudio.Composition.Tests.dll" adapterTypeName="Microsoft.VisualStudio.TestTools.TestTypes.Unit.UnitTestAdapter" className="Microsoft.VisualStudio.Composition.Tests.ExportingMembersTests" name="V1" />
    </UnitTest>
    <UnitTest name="V3 composition (V1)" storage="f:\vnext1\b25bab26\vsideproj.mef\bin\release\nonshipping\microsoft.visualstudio.composition.tests.dll" id="475bec46-a836-41b5-a0d4-0a828a45c2b0">
      <Execution id="17c346e8-2c9b-457c-a373-48d7f10c08fa" />
      <TestMethod codeBase="f:\vnext1\b25bab26\VSIDEProj.MEF\bin\Release\NonShipping\Microsoft.VisualStudio.Composition.Tests.dll" adapterTypeName="Microsoft.VisualStudio.TestTools.TestTypes.Unit.UnitTestAdapter" className="Microsoft.VisualStudio.Composition.Tests.ImportManyTests" name="V3 composition (V1)" />
    </UnitTest>
    <UnitTest name="CreatePartsAsync_TypeArray_ResilientAgainstReflectionErrors" storage="f:\vnext1\b25bab26\vsideproj.mef\bin\release\nonshipping\microsoft.visualstudio.composition.tests.dll" id="b87d0c19-0ad3-453d-9791-1011ffb93d21">
      <Execution id="108a75da-ccc2-4e97-a31f-6c5e27ece0d2" />
      <TestMethod codeBase="f:\vnext1\b25bab26\VSIDEProj.MEF\bin\Release\NonShipping\Microsoft.VisualStudio.Composition.Tests.dll" adapterTypeName="Microsoft.VisualStudio.TestTools.TestTypes.Unit.UnitTestAdapter" className="Microsoft.VisualStudio.Composition.Tests.PartDiscoveryTests" name="CreatePartsAsync_TypeArray_ResilientAgainstReflectionErrors" />
    </UnitTest>
    <UnitTest name="V2" storage="f:\vnext1\b25bab26\vsideproj.mef\bin\release\nonshipping\microsoft.visualstudio.composition.tests.dll" id="b31030a7-8cde-432d-942d-e81fc84e337b">
      <Execution id="96f0f165-0e08-4af2-8b1b-bc894847eb49" />
      <TestMethod codeBase="f:\vnext1\b25bab26\VSIDEProj.MEF\bin\Release\NonShipping\Microsoft.VisualStudio.Composition.Tests.dll" adapterTypeName="Microsoft.VisualStudio.TestTools.TestTypes.Unit.UnitTestAdapter" className="Microsoft.VisualStudio.Composition.Tests.ProjectSystemMockTests" name="V2" />
    </UnitTest>
    <UnitTest name="V3 engine (runtime)" storage="f:\vnext1\b25bab26\vsideproj.mef\bin\release\nonshipping\microsoft.visualstudio.composition.tests.dll" id="aaa54d42-e18e-4dda-9126-f6c9507a476a">
      <Execution id="ea85d84b-04e8-49e3-9ed9-04546b38e362" />
      <TestMethod codeBase="f:\vnext1\b25bab26\VSIDEProj.MEF\bin\Release\NonShipping\Microsoft.VisualStudio.Composition.Tests.dll" adapterTypeName="Microsoft.VisualStudio.TestTools.TestTypes.Unit.UnitTestAdapter" className="Microsoft.VisualStudio.Composition.Tests.SharingBoundaryWithSharedTests" name="V3 engine (runtime)" />
    </UnitTest>
    <UnitTest name="V3 composition (V1)" storage="f:\vnext1\b25bab26\vsideproj.mef\bin\release\nonshipping\microsoft.visualstudio.composition.tests.dll" id="5e58e921-e9c3-4131-8f08-e7a8afe37dd4">
      <Execution id="09bf004f-eea7-4a19-b081-371881ca822e" />
      <TestMethod codeBase="f:\vnext1\b25bab26\VSIDEProj.MEF\bin\Release\NonShipping\Microsoft.VisualStudio.Composition.Tests.dll" adapterTypeName="Microsoft.VisualStudio.TestTools.TestTypes.Unit.UnitTestAdapter" className="Microsoft.VisualStudio.Composition.Tests.NonPublicImportsExportsTests" name="V3 composition (V1)" />
    </UnitTest>
    <UnitTest name="V2" storage="f:\vnext1\b25bab26\vsideproj.mef\bin\release\nonshipping\microsoft.visualstudio.composition.tests.dll" id="86d928fc-8b32-4b7a-af81-c9a620c01709">
      <Execution id="296c04b7-fc02-421d-aab2-af269e54c66f" />
      <TestMethod codeBase="f:\vnext1\b25bab26\VSIDEProj.MEF\bin\Release\NonShipping\Microsoft.VisualStudio.Composition.Tests.dll" adapterTypeName="Microsoft.VisualStudio.TestTools.TestTypes.Unit.UnitTestAdapter" className="Microsoft.VisualStudio.Composition.Tests.SharingBoundaryWithSharedTests" name="V2" />
    </UnitTest>
    <UnitTest name="V3 engine (runtime)" storage="f:\vnext1\b25bab26\vsideproj.mef\bin\release\nonshipping\microsoft.visualstudio.composition.tests.dll" id="7a8fc51e-d508-4153-bb12-4fe9ccc596a7">
      <Execution id="ba6e46c6-79ff-477d-8db0-af7009956e62" />
      <TestMethod codeBase="f:\vnext1\b25bab26\VSIDEProj.MEF\bin\Release\NonShipping\Microsoft.VisualStudio.Composition.Tests.dll" adapterTypeName="Microsoft.VisualStudio.TestTools.TestTypes.Unit.UnitTestAdapter" className="Microsoft.VisualStudio.Composition.Tests.ImportedExportProviderTests" name="V3 engine (runtime)" />
    </UnitTest>
    <UnitTest name="V3 engine (runtime)" storage="f:\vnext1\b25bab26\vsideproj.mef\bin\release\nonshipping\microsoft.visualstudio.composition.tests.dll" id="aaf2a78f-f911-4e03-b170-e98406317609">
      <Execution id="0e1b16b9-c2f8-4714-82d7-1db76c5336fb" />
      <TestMethod codeBase="f:\vnext1\b25bab26\VSIDEProj.MEF\bin\Release\NonShipping\Microsoft.VisualStudio.Composition.Tests.dll" adapterTypeName="Microsoft.VisualStudio.TestTools.TestTypes.Unit.UnitTestAdapter" className="Microsoft.VisualStudio.Composition.Tests.ObsoleteAttributeTests" name="V3 engine (runtime)" />
    </UnitTest>
    <UnitTest name="V3 composition (V2)" storage="f:\vnext1\b25bab26\vsideproj.mef\bin\release\nonshipping\microsoft.visualstudio.composition.tests.dll" id="3584d22d-152c-4894-a34d-bd3321a38743">
      <Execution id="7bf3f88a-fc55-4d10-b05f-9ef554630ff7" />
      <TestMethod codeBase="f:\vnext1\b25bab26\VSIDEProj.MEF\bin\Release\NonShipping\Microsoft.VisualStudio.Composition.Tests.dll" adapterTypeName="Microsoft.VisualStudio.TestTools.TestTypes.Unit.UnitTestAdapter" className="Microsoft.VisualStudio.Composition.Tests.ExportFactoryTests" name="V3 composition (V2)" />
    </UnitTest>
    <UnitTest name="V3 engine (runtime)" storage="f:\vnext1\b25bab26\vsideproj.mef\bin\release\nonshipping\microsoft.visualstudio.composition.tests.dll" id="dcbfa406-5ae4-4e68-845a-0d3137824dc7">
      <Execution id="db75ae4a-c50a-4813-a792-30246c979ddb" />
      <TestMethod codeBase="f:\vnext1\b25bab26\VSIDEProj.MEF\bin\Release\NonShipping\Microsoft.VisualStudio.Composition.Tests.dll" adapterTypeName="Microsoft.VisualStudio.TestTools.TestTypes.Unit.UnitTestAdapter" className="Microsoft.VisualStudio.Composition.Tests.ExplicitImportIdentityTypeTests" name="V3 engine (runtime)" />
    </UnitTest>
    <UnitTest name="V1" storage="f:\vnext1\b25bab26\vsideproj.mef\bin\release\nonshipping\microsoft.visualstudio.composition.tests.dll" id="7265f8e3-d64a-4c7f-94c8-fbfd27cb8887">
      <Execution id="f4fb55c8-f54d-4a5f-9416-e2373164bd3e" />
      <TestMethod codeBase="f:\vnext1\b25bab26\VSIDEProj.MEF\bin\Release\NonShipping\Microsoft.VisualStudio.Composition.Tests.dll" adapterTypeName="Microsoft.VisualStudio.TestTools.TestTypes.Unit.UnitTestAdapter" className="Microsoft.VisualStudio.Composition.Tests.ExplicitImportIdentityTypeTests" name="V1" />
    </UnitTest>
    <UnitTest name="V3 engine (runtime)" storage="f:\vnext1\b25bab26\vsideproj.mef\bin\release\nonshipping\microsoft.visualstudio.composition.tests.dll" id="bc5943e6-d597-495a-9949-839866d2178e">
      <Execution id="556201bd-9383-4782-99a8-e13af8587048" />
      <TestMethod codeBase="f:\vnext1\b25bab26\VSIDEProj.MEF\bin\Release\NonShipping\Microsoft.VisualStudio.Composition.Tests.dll" adapterTypeName="Microsoft.VisualStudio.TestTools.TestTypes.Unit.UnitTestAdapter" className="Microsoft.VisualStudio.Composition.Tests.NamedTypedExportTests" name="V3 engine (runtime)" />
    </UnitTest>
    <UnitTest name="V3 composition (V2)" storage="f:\vnext1\b25bab26\vsideproj.mef\bin\release\nonshipping\microsoft.visualstudio.composition.tests.dll" id="145c8245-f3c9-43a5-aa78-59e5329e6f3e">
      <Execution id="d6a3b7d7-bddf-4822-8f20-085292f4d5e6" />
      <TestMethod codeBase="f:\vnext1\b25bab26\VSIDEProj.MEF\bin\Release\NonShipping\Microsoft.VisualStudio.Composition.Tests.dll" adapterTypeName="Microsoft.VisualStudio.TestTools.TestTypes.Unit.UnitTestAdapter" className="Microsoft.VisualStudio.Composition.Tests.SharingBoundaryWithNonSharedTests" name="V3 composition (V2)" />
    </UnitTest>
    <UnitTest name="V3 composition (V1)" storage="f:\vnext1\b25bab26\vsideproj.mef\bin\release\nonshipping\microsoft.visualstudio.composition.tests.dll" id="82d45057-a494-4719-8218-e6af65a7d29b">
      <Execution id="1f641f78-cda3-4c52-b470-dac6f5d93481" />
      <TestMethod codeBase="f:\vnext1\b25bab26\VSIDEProj.MEF\bin\Release\NonShipping\Microsoft.VisualStudio.Composition.Tests.dll" adapterTypeName="Microsoft.VisualStudio.TestTools.TestTypes.Unit.UnitTestAdapter" className="Microsoft.VisualStudio.Composition.Tests.InheritedExportTests" name="V3 composition (V1)" />
    </UnitTest>
    <UnitTest name="AssemblyDiscoveryOmitsNonDiscoverableParts_Combined" storage="f:\vnext1\b25bab26\vsideproj.mef\bin\release\nonshipping\microsoft.visualstudio.composition.tests.dll" id="44efd3fb-c297-4d6b-87e9-e4fd87c2a44f">
      <Execution id="ddef11ce-b509-445c-a85b-bef5cf89fc51" />
      <TestMethod codeBase="f:\vnext1\b25bab26\VSIDEProj.MEF\bin\Release\NonShipping\Microsoft.VisualStudio.Composition.Tests.dll" adapterTypeName="Microsoft.VisualStudio.TestTools.TestTypes.Unit.UnitTestAdapter" className="Microsoft.VisualStudio.Composition.Tests.AttributedPartDiscoveryTests" name="AssemblyDiscoveryOmitsNonDiscoverableParts_Combined" />
    </UnitTest>
    <UnitTest name="V3 composition (V1)" storage="f:\vnext1\b25bab26\vsideproj.mef\bin\release\nonshipping\microsoft.visualstudio.composition.tests.dll" id="43379619-efc0-439e-8727-4a314ab0bca3">
      <Execution id="d3f2dfe9-5e05-416b-a31d-5b40cc5b3a4f" />
      <TestMethod codeBase="f:\vnext1\b25bab26\VSIDEProj.MEF\bin\Release\NonShipping\Microsoft.VisualStudio.Composition.Tests.dll" adapterTypeName="Microsoft.VisualStudio.TestTools.TestTypes.Unit.UnitTestAdapter" className="Microsoft.VisualStudio.Composition.Tests.ExportMetadataMultipleTests" name="V3 composition (V1)" />
    </UnitTest>
    <UnitTest name="V3 composition (V2)" storage="f:\vnext1\b25bab26\vsideproj.mef\bin\release\nonshipping\microsoft.visualstudio.composition.tests.dll" id="e7df1bd3-c0e0-4ad9-b9a0-5197c7dbf444">
      <Execution id="a9635641-5509-4fa5-a7df-992fe7852f5f" />
      <TestMethod codeBase="f:\vnext1\b25bab26\VSIDEProj.MEF\bin\Release\NonShipping\Microsoft.VisualStudio.Composition.Tests.dll" adapterTypeName="Microsoft.VisualStudio.TestTools.TestTypes.Unit.UnitTestAdapter" className="Microsoft.VisualStudio.Composition.Tests.CompositionServiceTests" name="V3 composition (V2)" />
    </UnitTest>
    <UnitTest name="V3 engine (runtime)" storage="f:\vnext1\b25bab26\vsideproj.mef\bin\release\nonshipping\microsoft.visualstudio.composition.tests.dll" id="32243cce-e1b7-47c5-ad95-efd1bb5cbba0">
      <Execution id="856d54e7-5375-4b69-85ef-9aa4e0a7b12c" />
      <TestMethod codeBase="f:\vnext1\b25bab26\VSIDEProj.MEF\bin\Release\NonShipping\Microsoft.VisualStudio.Composition.Tests.dll" adapterTypeName="Microsoft.VisualStudio.TestTools.TestTypes.Unit.UnitTestAdapter" className="Microsoft.VisualStudio.Composition.Tests.ExportProviderTests" name="V3 engine (runtime)" />
    </UnitTest>
    <UnitTest name="V1" storage="f:\vnext1\b25bab26\vsideproj.mef\bin\release\nonshipping\microsoft.visualstudio.composition.tests.dll" id="5f294f17-09ac-4706-a836-78da1bbc6f00">
      <Execution id="86baca13-b17f-4280-9cbf-80023656b1a7" />
      <TestMethod codeBase="f:\vnext1\b25bab26\VSIDEProj.MEF\bin\Release\NonShipping\Microsoft.VisualStudio.Composition.Tests.dll" adapterTypeName="Microsoft.VisualStudio.TestTools.TestTypes.Unit.UnitTestAdapter" className="Microsoft.VisualStudio.Composition.Tests.ExportProviderTests" name="V1" />
    </UnitTest>
    <UnitTest name="V3 engine (runtime)" storage="f:\vnext1\b25bab26\vsideproj.mef\bin\release\nonshipping\microsoft.visualstudio.composition.tests.dll" id="a5aedc55-a6e2-48c0-ae09-4b8d0c801af6">
      <Execution id="340477f5-b766-4cba-b3d2-3f73b4b1dd7b" />
      <TestMethod codeBase="f:\vnext1\b25bab26\VSIDEProj.MEF\bin\Release\NonShipping\Microsoft.VisualStudio.Composition.Tests.dll" adapterTypeName="Microsoft.VisualStudio.TestTools.TestTypes.Unit.UnitTestAdapter" className="Microsoft.VisualStudio.Composition.Tests.SimpleImportExportTests" name="V3 engine (runtime)" />
    </UnitTest>
    <UnitTest name="V1" storage="f:\vnext1\b25bab26\vsideproj.mef\bin\release\nonshipping\microsoft.visualstudio.composition.tests.dll" id="0bbe15b0-afde-4327-ac03-6105743c5793">
      <Execution id="5e278f55-8c4a-4ff2-9712-17979e11ea16" />
      <TestMethod codeBase="f:\vnext1\b25bab26\VSIDEProj.MEF\bin\Release\NonShipping\Microsoft.VisualStudio.Composition.Tests.dll" adapterTypeName="Microsoft.VisualStudio.TestTools.TestTypes.Unit.UnitTestAdapter" className="Microsoft.VisualStudio.Composition.Tests.SimpleImportExportTests" name="V1" />
    </UnitTest>
    <UnitTest name="V3 composition (V2)" storage="f:\vnext1\b25bab26\vsideproj.mef\bin\release\nonshipping\microsoft.visualstudio.composition.tests.dll" id="6b1396c6-a9d9-4d80-a1b0-844ee832e77b">
      <Execution id="43c6c3dd-3841-43d4-b61f-6a474219dfdd" />
      <TestMethod codeBase="f:\vnext1\b25bab26\VSIDEProj.MEF\bin\Release\NonShipping\Microsoft.VisualStudio.Composition.Tests.dll" adapterTypeName="Microsoft.VisualStudio.TestTools.TestTypes.Unit.UnitTestAdapter" className="Microsoft.VisualStudio.Composition.Tests.EmbeddableTypesTests" name="V3 composition (V2)" />
    </UnitTest>
    <UnitTest name="V3 engine (runtime)" storage="f:\vnext1\b25bab26\vsideproj.mef\bin\release\nonshipping\microsoft.visualstudio.composition.tests.dll" id="cfdf190a-4c9b-487c-bb4c-8b4295796b98">
      <Execution id="cd89769b-93a8-47a2-95e0-9f7e42c3e388" />
      <TestMethod codeBase="f:\vnext1\b25bab26\VSIDEProj.MEF\bin\Release\NonShipping\Microsoft.VisualStudio.Composition.Tests.dll" adapterTypeName="Microsoft.VisualStudio.TestTools.TestTypes.Unit.UnitTestAdapter" className="Microsoft.VisualStudio.Composition.Tests.ExportMetadataTests" name="V3 engine (runtime)" />
    </UnitTest>
    <UnitTest name="V3 composition (V1, V2)" storage="f:\vnext1\b25bab26\vsideproj.mef\bin\release\nonshipping\microsoft.visualstudio.composition.tests.dll" id="266c992f-7d90-416a-b354-d3f23ccf4761">
      <Execution id="5bdf748a-64f9-41ad-8b98-d0310ea63fbb" />
      <TestMethod codeBase="f:\vnext1\b25bab26\VSIDEProj.MEF\bin\Release\NonShipping\Microsoft.VisualStudio.Composition.Tests.dll" adapterTypeName="Microsoft.VisualStudio.TestTools.TestTypes.Unit.UnitTestAdapter" className="Microsoft.VisualStudio.Composition.Tests.FaultyPartsTests" name="V3 composition (V1, V2)" />
    </UnitTest>
    <UnitTest name="AssemblyDiscoveryDropsTypesWithProblematicAttributes" storage="f:\vnext1\b25bab26\vsideproj.mef\bin\release\nonshipping\microsoft.visualstudio.composition.tests.dll" id="79322499-fdd1-4fe3-95a5-0a56078e7e8c">
      <Execution id="b8680a50-f0ef-4637-800b-b66f19c90f5d" />
      <TestMethod codeBase="f:\vnext1\b25bab26\VSIDEProj.MEF\bin\Release\NonShipping\Microsoft.VisualStudio.Composition.Tests.dll" adapterTypeName="Microsoft.VisualStudio.TestTools.TestTypes.Unit.UnitTestAdapter" className="Microsoft.VisualStudio.Composition.Tests.AttributedPartDiscoveryV1Tests" name="AssemblyDiscoveryDropsTypesWithProblematicAttributes" />
    </UnitTest>
    <UnitTest name="V2" storage="f:\vnext1\b25bab26\vsideproj.mef\bin\release\nonshipping\microsoft.visualstudio.composition.tests.dll" id="95ed1b42-fa39-4498-bca8-28697723fb33">
      <Execution id="4e90f55c-30c0-4a86-b34c-3990cb503895" />
      <TestMethod codeBase="f:\vnext1\b25bab26\VSIDEProj.MEF\bin\Release\NonShipping\Microsoft.VisualStudio.Composition.Tests.dll" adapterTypeName="Microsoft.VisualStudio.TestTools.TestTypes.Unit.UnitTestAdapter" className="Microsoft.VisualStudio.Composition.Tests.SimpleImportExportTests" name="V2" />
    </UnitTest>
    <UnitTest name="V3 composition (V1, V2)" storage="f:\vnext1\b25bab26\vsideproj.mef\bin\release\nonshipping\microsoft.visualstudio.composition.tests.dll" id="73158f16-b8ed-4576-a524-6ec218fb9f70">
      <Execution id="123ee979-f07a-4730-afaf-7f820e71d1c0" />
      <TestMethod codeBase="f:\vnext1\b25bab26\VSIDEProj.MEF\bin\Release\NonShipping\Microsoft.VisualStudio.Composition.Tests.dll" adapterTypeName="Microsoft.VisualStudio.TestTools.TestTypes.Unit.UnitTestAdapter" className="Microsoft.VisualStudio.Composition.Tests.InvalidGraphTests" name="V3 composition (V1, V2)" />
    </UnitTest>
    <UnitTest name="V3 engine (runtime)" storage="f:\vnext1\b25bab26\vsideproj.mef\bin\release\nonshipping\microsoft.visualstudio.composition.tests.dll" id="741759c8-782a-440c-949d-381804467f84">
      <Execution id="e2646a3b-9f5c-4429-b85e-b5243c4aa3c5" />
      <TestMethod codeBase="f:\vnext1\b25bab26\VSIDEProj.MEF\bin\Release\NonShipping\Microsoft.VisualStudio.Composition.Tests.dll" adapterTypeName="Microsoft.VisualStudio.TestTools.TestTypes.Unit.UnitTestAdapter" className="Microsoft.VisualStudio.Composition.Tests.MixedGenericExportsTests" name="V3 engine (runtime)" />
    </UnitTest>
    <UnitTest name="V3 composition (V1, V2)" storage="f:\vnext1\b25bab26\vsideproj.mef\bin\release\nonshipping\microsoft.visualstudio.composition.tests.dll" id="a1678f25-91d2-41dc-99c6-0c9c9c40a018">
      <Execution id="18302b94-2621-4723-b06a-715b896e3e8b" />
      <TestMethod codeBase="f:\vnext1\b25bab26\VSIDEProj.MEF\bin\Release\NonShipping\Microsoft.VisualStudio.Composition.Tests.dll" adapterTypeName="Microsoft.VisualStudio.TestTools.TestTypes.Unit.UnitTestAdapter" className="Microsoft.VisualStudio.Composition.Tests.OpenGenericExportTests" name="V3 composition (V1, V2)" />
    </UnitTest>
    <UnitTest name="V3 composition (V1, V2)" storage="f:\vnext1\b25bab26\vsideproj.mef\bin\release\nonshipping\microsoft.visualstudio.composition.tests.dll" id="a53c45d6-92dd-407d-be07-ed7a10c56573">
      <Execution id="a0248942-8668-46c3-a3d4-5abf0a5b2dde" />
      <TestMethod codeBase="f:\vnext1\b25bab26\VSIDEProj.MEF\bin\Release\NonShipping\Microsoft.VisualStudio.Composition.Tests.dll" adapterTypeName="Microsoft.VisualStudio.TestTools.TestTypes.Unit.UnitTestAdapter" className="Microsoft.VisualStudio.Composition.Tests.MultipleExportsOnPartTests" name="V3 composition (V1, V2)" />
    </UnitTest>
    <UnitTest name="V3 engine (runtime)" storage="f:\vnext1\b25bab26\vsideproj.mef\bin\release\nonshipping\microsoft.visualstudio.composition.tests.dll" id="a3664b43-149e-4a3f-8b20-3be84d4abbbe">
      <Execution id="88c47e7b-9290-41d0-8d86-4a4635ede3fb" />
      <TestMethod codeBase="f:\vnext1\b25bab26\VSIDEProj.MEF\bin\Release\NonShipping\Microsoft.VisualStudio.Composition.Tests.dll" adapterTypeName="Microsoft.VisualStudio.TestTools.TestTypes.Unit.UnitTestAdapter" className="Microsoft.VisualStudio.Composition.Tests.ThreadSafetyTests" name="V3 engine (runtime)" />
    </UnitTest>
    <UnitTest name="V3 engine (runtime)" storage="f:\vnext1\b25bab26\vsideproj.mef\bin\release\nonshipping\microsoft.visualstudio.composition.tests.dll" id="f913bf53-5df4-4ae0-9756-27d2c3b75b68">
      <Execution id="06835ed1-bd03-4dbd-8009-b214ca24b33f" />
      <TestMethod codeBase="f:\vnext1\b25bab26\VSIDEProj.MEF\bin\Release\NonShipping\Microsoft.VisualStudio.Composition.Tests.dll" adapterTypeName="Microsoft.VisualStudio.TestTools.TestTypes.Unit.UnitTestAdapter" className="Microsoft.VisualStudio.Composition.Tests.ImportManyTests" name="V3 engine (runtime)" />
    </UnitTest>
    <UnitTest name="V2" storage="f:\vnext1\b25bab26\vsideproj.mef\bin\release\nonshipping\microsoft.visualstudio.composition.tests.dll" id="2b3d01b0-0dd0-43ea-84b4-9af2af9c9b6d">
      <Execution id="5a293b50-ee3f-4e62-b0f6-ec306a1bb0aa" />
      <TestMethod codeBase="f:\vnext1\b25bab26\VSIDEProj.MEF\bin\Release\NonShipping\Microsoft.VisualStudio.Composition.Tests.dll" adapterTypeName="Microsoft.VisualStudio.TestTools.TestTypes.Unit.UnitTestAdapter" className="Microsoft.VisualStudio.Composition.Tests.ImportManyTests" name="V2" />
    </UnitTest>
    <UnitTest name="V3 composition (V1)" storage="f:\vnext1\b25bab26\vsideproj.mef\bin\release\nonshipping\microsoft.visualstudio.composition.tests.dll" id="4d590d5e-badf-44ff-94c7-13d0a5115867">
      <Execution id="e3dae1e3-63fe-46b8-9ebf-5314915fee59" />
      <TestMethod codeBase="f:\vnext1\b25bab26\VSIDEProj.MEF\bin\Release\NonShipping\Microsoft.VisualStudio.Composition.Tests.dll" adapterTypeName="Microsoft.VisualStudio.TestTools.TestTypes.Unit.UnitTestAdapter" className="Microsoft.VisualStudio.Composition.Tests.StaticMemberExportsTests" name="V3 composition (V1)" />
    </UnitTest>
    <UnitTest name="V3 engine (runtime)" storage="f:\vnext1\b25bab26\vsideproj.mef\bin\release\nonshipping\microsoft.visualstudio.composition.tests.dll" id="75d4efa9-93f8-4c76-8953-f940db6734c7">
      <Execution id="39d95cee-d9b5-49ed-98e6-900c41b6bc79" />
      <TestMethod codeBase="f:\vnext1\b25bab26\VSIDEProj.MEF\bin\Release\NonShipping\Microsoft.VisualStudio.Composition.Tests.dll" adapterTypeName="Microsoft.VisualStudio.TestTools.TestTypes.Unit.UnitTestAdapter" className="Microsoft.VisualStudio.Composition.Tests.InvalidGraphTests" name="V3 engine (runtime)" />
    </UnitTest>
    <UnitTest name="V3 engine (runtime)" storage="f:\vnext1\b25bab26\vsideproj.mef\bin\release\nonshipping\microsoft.visualstudio.composition.tests.dll" id="d084c1a4-ff8f-4d40-a16b-86a799ccfe33">
      <Execution id="ac10a3ac-164f-4547-b2bf-851f5e45d026" />
      <TestMethod codeBase="f:\vnext1\b25bab26\VSIDEProj.MEF\bin\Release\NonShipping\Microsoft.VisualStudio.Composition.Tests.dll" adapterTypeName="Microsoft.VisualStudio.TestTools.TestTypes.Unit.UnitTestAdapter" className="Microsoft.VisualStudio.Composition.Tests.NonPublicImportsExportsTests" name="V3 engine (runtime)" />
    </UnitTest>
    <UnitTest name="V3 engine (runtime)" storage="f:\vnext1\b25bab26\vsideproj.mef\bin\release\nonshipping\microsoft.visualstudio.composition.tests.dll" id="4e9d1c1a-088b-40e8-95a0-c844b9d90ac5">
      <Execution id="ff3fab1d-3ede-4eb8-8ed6-0d95eb1ceff8" />
      <TestMethod codeBase="f:\vnext1\b25bab26\VSIDEProj.MEF\bin\Release\NonShipping\Microsoft.VisualStudio.Composition.Tests.dll" adapterTypeName="Microsoft.VisualStudio.TestTools.TestTypes.Unit.UnitTestAdapter" className="Microsoft.VisualStudio.Composition.Tests.ImportedExportProviderTests" name="V3 engine (runtime)" />
    </UnitTest>
    <UnitTest name="V3 engine (runtime)" storage="f:\vnext1\b25bab26\vsideproj.mef\bin\release\nonshipping\microsoft.visualstudio.composition.tests.dll" id="51fa5d4c-142b-4ae4-a609-247b86c394e1">
      <Execution id="e937263b-840f-4d48-a6b9-93048dbbf020" />
      <TestMethod codeBase="f:\vnext1\b25bab26\VSIDEProj.MEF\bin\Release\NonShipping\Microsoft.VisualStudio.Composition.Tests.dll" adapterTypeName="Microsoft.VisualStudio.TestTools.TestTypes.Unit.UnitTestAdapter" className="Microsoft.VisualStudio.Composition.Tests.ObsoleteAttributeTests" name="V3 engine (runtime)" />
    </UnitTest>
    <UnitTest name="V3 engine (runtime)" storage="f:\vnext1\b25bab26\vsideproj.mef\bin\release\nonshipping\microsoft.visualstudio.composition.tests.dll" id="c68b1ed3-8b6d-457c-b670-5c5d779293db">
      <Execution id="a467cff5-d97d-4b78-b75d-4388f5e65942" />
      <TestMethod codeBase="f:\vnext1\b25bab26\VSIDEProj.MEF\bin\Release\NonShipping\Microsoft.VisualStudio.Composition.Tests.dll" adapterTypeName="Microsoft.VisualStudio.TestTools.TestTypes.Unit.UnitTestAdapter" className="Microsoft.VisualStudio.Composition.Tests.ExportFactoryTests" name="V3 engine (runtime)" />
    </UnitTest>
    <UnitTest name="V3 engine (runtime)" storage="f:\vnext1\b25bab26\vsideproj.mef\bin\release\nonshipping\microsoft.visualstudio.composition.tests.dll" id="dc287697-914d-4a35-becc-304ad4d6a99c">
      <Execution id="d513daa6-23ab-466b-9b8f-d651948ea77b" />
      <TestMethod codeBase="f:\vnext1\b25bab26\VSIDEProj.MEF\bin\Release\NonShipping\Microsoft.VisualStudio.Composition.Tests.dll" adapterTypeName="Microsoft.VisualStudio.TestTools.TestTypes.Unit.UnitTestAdapter" className="Microsoft.VisualStudio.Composition.Tests.NamedTypedExportTests" name="V3 engine (runtime)" />
    </UnitTest>
    <UnitTest name="V3 engine (runtime)" storage="f:\vnext1\b25bab26\vsideproj.mef\bin\release\nonshipping\microsoft.visualstudio.composition.tests.dll" id="e397b749-885e-47f7-8367-20ff2fa78ba0">
      <Execution id="71a38ad7-de08-4a61-96b8-be6fbc2cb833" />
      <TestMethod codeBase="f:\vnext1\b25bab26\VSIDEProj.MEF\bin\Release\NonShipping\Microsoft.VisualStudio.Composition.Tests.dll" adapterTypeName="Microsoft.VisualStudio.TestTools.TestTypes.Unit.UnitTestAdapter" className="Microsoft.VisualStudio.Composition.Tests.SharingBoundaryWithNonSharedTests" name="V3 engine (runtime)" />
    </UnitTest>
    <UnitTest name="V2" storage="f:\vnext1\b25bab26\vsideproj.mef\bin\release\nonshipping\microsoft.visualstudio.composition.tests.dll" id="340bfce9-8a52-48ad-b76f-cf986b43c676">
      <Execution id="35946edb-ba00-4d49-8987-2f869b9110a9" />
      <TestMethod codeBase="f:\vnext1\b25bab26\VSIDEProj.MEF\bin\Release\NonShipping\Microsoft.VisualStudio.Composition.Tests.dll" adapterTypeName="Microsoft.VisualStudio.TestTools.TestTypes.Unit.UnitTestAdapter" className="Microsoft.VisualStudio.Composition.Tests.SharingBoundaryWithNonSharedTests" name="V2" />
    </UnitTest>
    <UnitTest name="V3 engine (runtime)" storage="f:\vnext1\b25bab26\vsideproj.mef\bin\release\nonshipping\microsoft.visualstudio.composition.tests.dll" id="b89d1714-3470-48b2-a7b7-962c96ca1594">
      <Execution id="90b6560c-ea20-4250-92c9-b31a4f052b89" />
      <TestMethod codeBase="f:\vnext1\b25bab26\VSIDEProj.MEF\bin\Release\NonShipping\Microsoft.VisualStudio.Composition.Tests.dll" adapterTypeName="Microsoft.VisualStudio.TestTools.TestTypes.Unit.UnitTestAdapter" className="Microsoft.VisualStudio.Composition.Tests.InheritedExportTests" name="V3 engine (runtime)" />
    </UnitTest>
    <UnitTest name="V1" storage="f:\vnext1\b25bab26\vsideproj.mef\bin\release\nonshipping\microsoft.visualstudio.composition.tests.dll" id="3130bc85-1567-4ef5-bc50-3b8b380784e3">
      <Execution id="2f60fd7e-52d3-4856-8746-a5241a328c0c" />
      <TestMethod codeBase="f:\vnext1\b25bab26\VSIDEProj.MEF\bin\Release\NonShipping\Microsoft.VisualStudio.Composition.Tests.dll" adapterTypeName="Microsoft.VisualStudio.TestTools.TestTypes.Unit.UnitTestAdapter" className="Microsoft.VisualStudio.Composition.Tests.ObsoleteAttributeTests" name="V1" />
    </UnitTest>
    <UnitTest name="V1" storage="f:\vnext1\b25bab26\vsideproj.mef\bin\release\nonshipping\microsoft.visualstudio.composition.tests.dll" id="739db7ee-09b5-43ec-ac17-f891ddce3fce">
      <Execution id="f350e3ed-1b03-4623-bec8-1b975024aa1b" />
      <TestMethod codeBase="f:\vnext1\b25bab26\VSIDEProj.MEF\bin\Release\NonShipping\Microsoft.VisualStudio.Composition.Tests.dll" adapterTypeName="Microsoft.VisualStudio.TestTools.TestTypes.Unit.UnitTestAdapter" className="Microsoft.VisualStudio.Composition.Tests.ExportFactoryTests" name="V1" />
    </UnitTest>
    <UnitTest name="V1" storage="f:\vnext1\b25bab26\vsideproj.mef\bin\release\nonshipping\microsoft.visualstudio.composition.tests.dll" id="535f5603-26b5-47dc-8cf9-2dac3a5d1ee4">
      <Execution id="e70875c2-d4b4-4d87-b16f-ef4e8ab76edf" />
      <TestMethod codeBase="f:\vnext1\b25bab26\VSIDEProj.MEF\bin\Release\NonShipping\Microsoft.VisualStudio.Composition.Tests.dll" adapterTypeName="Microsoft.VisualStudio.TestTools.TestTypes.Unit.UnitTestAdapter" className="Microsoft.VisualStudio.Composition.Tests.InheritedExportTests" name="V1" />
    </UnitTest>
    <UnitTest name="V2" storage="f:\vnext1\b25bab26\vsideproj.mef\bin\release\nonshipping\microsoft.visualstudio.composition.tests.dll" id="04d60e58-871e-493d-81ec-140405c4f273">
      <Execution id="30672d8f-744d-41bc-8a18-6f9a4808ee06" />
      <TestMethod codeBase="f:\vnext1\b25bab26\VSIDEProj.MEF\bin\Release\NonShipping\Microsoft.VisualStudio.Composition.Tests.dll" adapterTypeName="Microsoft.VisualStudio.TestTools.TestTypes.Unit.UnitTestAdapter" className="Microsoft.VisualStudio.Composition.Tests.ObsoleteAttributeTests" name="V2" />
    </UnitTest>
    <UnitTest name="V3 engine (runtime)" storage="f:\vnext1\b25bab26\vsideproj.mef\bin\release\nonshipping\microsoft.visualstudio.composition.tests.dll" id="e525d001-1827-4dd8-aebd-04c046b791f1">
      <Execution id="43be27bc-158c-46fd-886e-50ee418d5768" />
      <TestMethod codeBase="f:\vnext1\b25bab26\VSIDEProj.MEF\bin\Release\NonShipping\Microsoft.VisualStudio.Composition.Tests.dll" adapterTypeName="Microsoft.VisualStudio.TestTools.TestTypes.Unit.UnitTestAdapter" className="Microsoft.VisualStudio.Composition.Tests.ExportMetadataMultipleTests" name="V3 engine (runtime)" />
    </UnitTest>
    <UnitTest name="V3 composition (V1, V2)" storage="f:\vnext1\b25bab26\vsideproj.mef\bin\release\nonshipping\microsoft.visualstudio.composition.tests.dll" id="77b70b19-b1a2-407f-8886-19dc01660dfc">
      <Execution id="a9d0da14-6200-48c1-888e-3f6c8900ecb5" />
      <TestMethod codeBase="f:\vnext1\b25bab26\VSIDEProj.MEF\bin\Release\NonShipping\Microsoft.VisualStudio.Composition.Tests.dll" adapterTypeName="Microsoft.VisualStudio.TestTools.TestTypes.Unit.UnitTestAdapter" className="Microsoft.VisualStudio.Composition.Tests.DisposablePartsTests" name="V3 composition (V1, V2)" />
    </UnitTest>
    <UnitTest name="V3 composition (V1)" storage="f:\vnext1\b25bab26\vsideproj.mef\bin\release\nonshipping\microsoft.visualstudio.composition.tests.dll" id="d0fb8d19-86e7-4845-97e4-947b7cc9c62f">
      <Execution id="6b6f03e5-2468-40e6-be75-2e2c230a464e" />
      <TestMethod codeBase="f:\vnext1\b25bab26\VSIDEProj.MEF\bin\Release\NonShipping\Microsoft.VisualStudio.Composition.Tests.dll" adapterTypeName="Microsoft.VisualStudio.TestTools.TestTypes.Unit.UnitTestAdapter" className="Microsoft.VisualStudio.Composition.Tests.ExportingMembersTests" name="V3 composition (V1)" />
    </UnitTest>
    <UnitTest name="V3 engine (runtime)" storage="f:\vnext1\b25bab26\vsideproj.mef\bin\release\nonshipping\microsoft.visualstudio.composition.tests.dll" id="a6fe88b2-a5c3-4fc6-9193-ddff198e76a8">
      <Execution id="03116089-b028-4c4b-91c7-9f2c83c05780" />
      <TestMethod codeBase="f:\vnext1\b25bab26\VSIDEProj.MEF\bin\Release\NonShipping\Microsoft.VisualStudio.Composition.Tests.dll" adapterTypeName="Microsoft.VisualStudio.TestTools.TestTypes.Unit.UnitTestAdapter" className="Microsoft.VisualStudio.Composition.Tests.CompositionServiceTests" name="V3 engine (runtime)" />
    </UnitTest>
    <UnitTest name="V1" storage="f:\vnext1\b25bab26\vsideproj.mef\bin\release\nonshipping\microsoft.visualstudio.composition.tests.dll" id="5badb08e-1ebc-4f46-a802-f00fc75c74c0">
      <Execution id="04228801-3d41-470e-af8d-e61fb000a4ee" />
      <TestMethod codeBase="f:\vnext1\b25bab26\VSIDEProj.MEF\bin\Release\NonShipping\Microsoft.VisualStudio.Composition.Tests.dll" adapterTypeName="Microsoft.VisualStudio.TestTools.TestTypes.Unit.UnitTestAdapter" className="Microsoft.VisualStudio.Composition.Tests.CompositionServiceTests" name="V1" />
    </UnitTest>
    <UnitTest name="V3 engine (runtime)" storage="f:\vnext1\b25bab26\vsideproj.mef\bin\release\nonshipping\microsoft.visualstudio.composition.tests.dll" id="fffe39af-3a23-4643-a743-03206e4cf484">
      <Execution id="5b180b13-7260-4f49-965d-013ba8c363b3" />
      <TestMethod codeBase="f:\vnext1\b25bab26\VSIDEProj.MEF\bin\Release\NonShipping\Microsoft.VisualStudio.Composition.Tests.dll" adapterTypeName="Microsoft.VisualStudio.TestTools.TestTypes.Unit.UnitTestAdapter" className="Microsoft.VisualStudio.Composition.Tests.EmbeddableTypesTests" name="V3 engine (runtime)" />
    </UnitTest>
    <UnitTest name="V3 composition (V1)" storage="f:\vnext1\b25bab26\vsideproj.mef\bin\release\nonshipping\microsoft.visualstudio.composition.tests.dll" id="ffe17a19-57df-4073-b3e8-638ec5c0846f">
      <Execution id="8b1d31f7-2ae2-47e5-9946-ea17187d7830" />
      <TestMethod codeBase="f:\vnext1\b25bab26\VSIDEProj.MEF\bin\Release\NonShipping\Microsoft.VisualStudio.Composition.Tests.dll" adapterTypeName="Microsoft.VisualStudio.TestTools.TestTypes.Unit.UnitTestAdapter" className="Microsoft.VisualStudio.Composition.Tests.ImportSiteCreationPolicyTests" name="V3 composition (V1)" />
    </UnitTest>
    <UnitTest name="V1" storage="f:\vnext1\b25bab26\vsideproj.mef\bin\release\nonshipping\microsoft.visualstudio.composition.tests.dll" id="f57f0ed8-e854-40d9-b707-16924d279d24">
      <Execution id="e101d2f0-27f4-408d-b93f-220e9b2e6806" />
      <TestMethod codeBase="f:\vnext1\b25bab26\VSIDEProj.MEF\bin\Release\NonShipping\Microsoft.VisualStudio.Composition.Tests.dll" adapterTypeName="Microsoft.VisualStudio.TestTools.TestTypes.Unit.UnitTestAdapter" className="Microsoft.VisualStudio.Composition.Tests.EmbeddableTypesTests" name="V1" />
    </UnitTest>
    <UnitTest name="V3 engine (runtime)" storage="f:\vnext1\b25bab26\vsideproj.mef\bin\release\nonshipping\microsoft.visualstudio.composition.tests.dll" id="2c639d96-23ef-41e8-971d-615fe8323531">
      <Execution id="77ae75c5-e740-44d9-9a99-a2879e1122d0" />
      <TestMethod codeBase="f:\vnext1\b25bab26\VSIDEProj.MEF\bin\Release\NonShipping\Microsoft.VisualStudio.Composition.Tests.dll" adapterTypeName="Microsoft.VisualStudio.TestTools.TestTypes.Unit.UnitTestAdapter" className="Microsoft.VisualStudio.Composition.Tests.FaultyPartsTests" name="V3 engine (runtime)" />
    </UnitTest>
    <UnitTest name="V3 engine (runtime)" storage="f:\vnext1\b25bab26\vsideproj.mef\bin\release\nonshipping\microsoft.visualstudio.composition.tests.dll" id="9e878762-6deb-4f01-a30c-b7ba87ff67bc">
      <Execution id="fbb8503c-cd42-49ad-acd6-a60c1c302541" />
      <TestMethod codeBase="f:\vnext1\b25bab26\VSIDEProj.MEF\bin\Release\NonShipping\Microsoft.VisualStudio.Composition.Tests.dll" adapterTypeName="Microsoft.VisualStudio.TestTools.TestTypes.Unit.UnitTestAdapter" className="Microsoft.VisualStudio.Composition.Tests.ExportMetadataTests" name="V3 engine (runtime)" />
    </UnitTest>
    <UnitTest name="V3 composition (V2)" storage="f:\vnext1\b25bab26\vsideproj.mef\bin\release\nonshipping\microsoft.visualstudio.composition.tests.dll" id="abf63b2b-144f-4381-bb8e-57696352f0b3">
      <Execution id="85834f3b-197f-4af1-83c1-562574ed51c2" />
      <TestMethod codeBase="f:\vnext1\b25bab26\VSIDEProj.MEF\bin\Release\NonShipping\Microsoft.VisualStudio.Composition.Tests.dll" adapterTypeName="Microsoft.VisualStudio.TestTools.TestTypes.Unit.UnitTestAdapter" className="Microsoft.VisualStudio.Composition.Tests.ProjectSystemMockTests" name="V3 composition (V2)" />
    </UnitTest>
    <UnitTest name="V1" storage="f:\vnext1\b25bab26\vsideproj.mef\bin\release\nonshipping\microsoft.visualstudio.composition.tests.dll" id="1452a4b2-b0f6-4564-af47-3a6dcadf4f88">
      <Execution id="f57a0dba-7589-4226-af30-89d5923ee592" />
      <TestMethod codeBase="f:\vnext1\b25bab26\VSIDEProj.MEF\bin\Release\NonShipping\Microsoft.VisualStudio.Composition.Tests.dll" adapterTypeName="Microsoft.VisualStudio.TestTools.TestTypes.Unit.UnitTestAdapter" className="Microsoft.VisualStudio.Composition.Tests.NamedTypedExportTests" name="V1" />
    </UnitTest>
    <UnitTest name="V3 composition (V1)" storage="f:\vnext1\b25bab26\vsideproj.mef\bin\release\nonshipping\microsoft.visualstudio.composition.tests.dll" id="699c8367-6386-407d-b4c8-c6520c93ba47">
      <Execution id="6e2275db-1a70-4290-859b-0f67dad6b328" />
      <TestMethod codeBase="f:\vnext1\b25bab26\VSIDEProj.MEF\bin\Release\NonShipping\Microsoft.VisualStudio.Composition.Tests.dll" adapterTypeName="Microsoft.VisualStudio.TestTools.TestTypes.Unit.UnitTestAdapter" className="Microsoft.VisualStudio.Composition.Tests.MefV1ExportProviderAdapterTests" name="V3 composition (V1)" />
    </UnitTest>
    <UnitTest name="V3 composition (V1, V2)" storage="f:\vnext1\b25bab26\vsideproj.mef\bin\release\nonshipping\microsoft.visualstudio.composition.tests.dll" id="5a958daa-2cc7-48b2-a670-b8a150eeda6a">
      <Execution id="dc355c97-313b-4563-8d9f-ec3cca19285e" />
      <TestMethod codeBase="f:\vnext1\b25bab26\VSIDEProj.MEF\bin\Release\NonShipping\Microsoft.VisualStudio.Composition.Tests.dll" adapterTypeName="Microsoft.VisualStudio.TestTools.TestTypes.Unit.UnitTestAdapter" className="Microsoft.VisualStudio.Composition.Tests.CustomMetadataAttributeTests" name="V3 composition (V1, V2)" />
    </UnitTest>
    <UnitTest name="V2" storage="f:\vnext1\b25bab26\vsideproj.mef\bin\release\nonshipping\microsoft.visualstudio.composition.tests.dll" id="e7f24264-487e-441c-af97-298fbcdfff73">
      <Execution id="35daa417-12eb-4027-867f-e26c9d9963b9" />
      <TestMethod codeBase="f:\vnext1\b25bab26\VSIDEProj.MEF\bin\Release\NonShipping\Microsoft.VisualStudio.Composition.Tests.dll" adapterTypeName="Microsoft.VisualStudio.TestTools.TestTypes.Unit.UnitTestAdapter" className="Microsoft.VisualStudio.Composition.Tests.NamedTypedExportTests" name="V2" />
    </UnitTest>
    <UnitTest name="V1" storage="f:\vnext1\b25bab26\vsideproj.mef\bin\release\nonshipping\microsoft.visualstudio.composition.tests.dll" id="4b628aa2-9aee-4dd3-93ce-0dbf7d36233b">
      <Execution id="57360aee-bb4f-4275-8c14-6015201b0f1d" />
      <TestMethod codeBase="f:\vnext1\b25bab26\VSIDEProj.MEF\bin\Release\NonShipping\Microsoft.VisualStudio.Composition.Tests.dll" adapterTypeName="Microsoft.VisualStudio.TestTools.TestTypes.Unit.UnitTestAdapter" className="Microsoft.VisualStudio.Composition.Tests.NonPublicImportsExportsTests" name="V1" />
    </UnitTest>
    <UnitTest name="V3 engine (runtime)" storage="f:\vnext1\b25bab26\vsideproj.mef\bin\release\nonshipping\microsoft.visualstudio.composition.tests.dll" id="82a2e2e8-1278-4e97-8ef8-97f102653d56">
      <Execution id="d77c1e9f-d31c-4549-b17b-90b03bc372cb" />
      <TestMethod codeBase="f:\vnext1\b25bab26\VSIDEProj.MEF\bin\Release\NonShipping\Microsoft.VisualStudio.Composition.Tests.dll" adapterTypeName="Microsoft.VisualStudio.TestTools.TestTypes.Unit.UnitTestAdapter" className="Microsoft.VisualStudio.Composition.Tests.MixedGenericExportsTests" name="V3 engine (runtime)" />
    </UnitTest>
    <UnitTest name="V3 composition (V1)" storage="f:\vnext1\b25bab26\vsideproj.mef\bin\release\nonshipping\microsoft.visualstudio.composition.tests.dll" id="6874c611-062c-41fe-bb8a-d39230a23caa">
      <Execution id="7ee99b57-b447-4f5e-911a-0d3fd3cf3583" />
      <TestMethod codeBase="f:\vnext1\b25bab26\VSIDEProj.MEF\bin\Release\NonShipping\Microsoft.VisualStudio.Composition.Tests.dll" adapterTypeName="Microsoft.VisualStudio.TestTools.TestTypes.Unit.UnitTestAdapter" className="Microsoft.VisualStudio.Composition.Tests.ExplicitImportIdentityTypeTests" name="V3 composition (V1)" />
    </UnitTest>
    <UnitTest name="V3 composition (V2)" storage="f:\vnext1\b25bab26\vsideproj.mef\bin\release\nonshipping\microsoft.visualstudio.composition.tests.dll" id="f36a4d68-1d01-4801-bea5-c871ec73bbed">
      <Execution id="4a6eb5b0-5f4c-4445-af6e-45abf8e471fe" />
      <TestMethod codeBase="f:\vnext1\b25bab26\VSIDEProj.MEF\bin\Release\NonShipping\Microsoft.VisualStudio.Composition.Tests.dll" adapterTypeName="Microsoft.VisualStudio.TestTools.TestTypes.Unit.UnitTestAdapter" className="Microsoft.VisualStudio.Composition.Tests.SharingBoundaryWithSharedTests" name="V3 composition (V2)" />
    </UnitTest>
    <UnitTest name="V3 engine (runtime)" storage="f:\vnext1\b25bab26\vsideproj.mef\bin\release\nonshipping\microsoft.visualstudio.composition.tests.dll" id="bf9d22d8-76f9-4df0-8446-f2590dd6893d">
      <Execution id="d9071327-aa1e-4a26-a0fb-cfcae058e028" />
      <TestMethod codeBase="f:\vnext1\b25bab26\VSIDEProj.MEF\bin\Release\NonShipping\Microsoft.VisualStudio.Composition.Tests.dll" adapterTypeName="Microsoft.VisualStudio.TestTools.TestTypes.Unit.UnitTestAdapter" className="Microsoft.VisualStudio.Composition.Tests.OpenGenericExportTests" name="V3 engine (runtime)" />
    </UnitTest>
    <UnitTest name="V1" storage="f:\vnext1\b25bab26\vsideproj.mef\bin\release\nonshipping\microsoft.visualstudio.composition.tests.dll" id="d6f5d8c4-9fca-400f-aef1-c64a6b512317">
      <Execution id="79c72e57-2a9c-4b5b-b5ab-5cdf64c37ef8" />
      <TestMethod codeBase="f:\vnext1\b25bab26\VSIDEProj.MEF\bin\Release\NonShipping\Microsoft.VisualStudio.Composition.Tests.dll" adapterTypeName="Microsoft.VisualStudio.TestTools.TestTypes.Unit.UnitTestAdapter" className="Microsoft.VisualStudio.Composition.Tests.OpenGenericExportTests" name="V1" />
    </UnitTest>
    <UnitTest name="V3 engine (runtime)" storage="f:\vnext1\b25bab26\vsideproj.mef\bin\release\nonshipping\microsoft.visualstudio.composition.tests.dll" id="4505d253-789f-4822-b94c-f261017effd9">
      <Execution id="d7662d3d-9172-4505-bde9-d18c774bb4eb" />
      <TestMethod codeBase="f:\vnext1\b25bab26\VSIDEProj.MEF\bin\Release\NonShipping\Microsoft.VisualStudio.Composition.Tests.dll" adapterTypeName="Microsoft.VisualStudio.TestTools.TestTypes.Unit.UnitTestAdapter" className="Microsoft.VisualStudio.Composition.Tests.MultipleExportsOnPartTests" name="V3 engine (runtime)" />
    </UnitTest>
    <UnitTest name="V2" storage="f:\vnext1\b25bab26\vsideproj.mef\bin\release\nonshipping\microsoft.visualstudio.composition.tests.dll" id="abfe6183-7760-42f0-b49c-b458a00298bc">
      <Execution id="7c15ab91-728b-4f3f-ab1e-851d9979053f" />
      <TestMethod codeBase="f:\vnext1\b25bab26\VSIDEProj.MEF\bin\Release\NonShipping\Microsoft.VisualStudio.Composition.Tests.dll" adapterTypeName="Microsoft.VisualStudio.TestTools.TestTypes.Unit.UnitTestAdapter" className="Microsoft.VisualStudio.Composition.Tests.OpenGenericExportTests" name="V2" />
    </UnitTest>
    <UnitTest name="V3 engine (runtime)" storage="f:\vnext1\b25bab26\vsideproj.mef\bin\release\nonshipping\microsoft.visualstudio.composition.tests.dll" id="8e37d19c-a507-491d-b540-a005664f8405">
      <Execution id="3042a552-2e28-469f-9e2b-4a338240f755" />
      <TestMethod codeBase="f:\vnext1\b25bab26\VSIDEProj.MEF\bin\Release\NonShipping\Microsoft.VisualStudio.Composition.Tests.dll" adapterTypeName="Microsoft.VisualStudio.TestTools.TestTypes.Unit.UnitTestAdapter" className="Microsoft.VisualStudio.Composition.Tests.InvalidGraphTests" name="V3 engine (runtime)" />
    </UnitTest>
    <UnitTest name="V3 engine (runtime)" storage="f:\vnext1\b25bab26\vsideproj.mef\bin\release\nonshipping\microsoft.visualstudio.composition.tests.dll" id="895f78bd-d803-4590-938c-8ab61a56c2e9">
      <Execution id="5be9e0f4-9375-4e9c-8e34-2d6fc5376c63" />
      <TestMethod codeBase="f:\vnext1\b25bab26\VSIDEProj.MEF\bin\Release\NonShipping\Microsoft.VisualStudio.Composition.Tests.dll" adapterTypeName="Microsoft.VisualStudio.TestTools.TestTypes.Unit.UnitTestAdapter" className="Microsoft.VisualStudio.Composition.Tests.StaticMemberExportsTests" name="V3 engine (runtime)" />
    </UnitTest>
    <UnitTest name="V1" storage="f:\vnext1\b25bab26\vsideproj.mef\bin\release\nonshipping\microsoft.visualstudio.composition.tests.dll" id="7600305d-daf7-403a-9d0d-8414878eb69e">
      <Execution id="01646332-924e-4956-b009-ad8f21a0dbfe" />
      <TestMethod codeBase="f:\vnext1\b25bab26\VSIDEProj.MEF\bin\Release\NonShipping\Microsoft.VisualStudio.Composition.Tests.dll" adapterTypeName="Microsoft.VisualStudio.TestTools.TestTypes.Unit.UnitTestAdapter" className="Microsoft.VisualStudio.Composition.Tests.InvalidGraphTests" name="V1" />
    </UnitTest>
    <UnitTest name="V3 engine (runtime)" storage="f:\vnext1\b25bab26\vsideproj.mef\bin\release\nonshipping\microsoft.visualstudio.composition.tests.dll" id="2707f4ab-d132-4041-99c5-4c8415610ba0">
      <Execution id="0ce5ed12-034e-4914-8d33-f0345b937a02" />
      <TestMethod codeBase="f:\vnext1\b25bab26\VSIDEProj.MEF\bin\Release\NonShipping\Microsoft.VisualStudio.Composition.Tests.dll" adapterTypeName="Microsoft.VisualStudio.TestTools.TestTypes.Unit.UnitTestAdapter" className="Microsoft.VisualStudio.Composition.Tests.DisposablePartsTests" name="V3 engine (runtime)" />
    </UnitTest>
    <UnitTest name="V1" storage="f:\vnext1\b25bab26\vsideproj.mef\bin\release\nonshipping\microsoft.visualstudio.composition.tests.dll" id="b9401232-2913-4ca3-8ba4-5c903b574db1">
      <Execution id="734fe1e8-2513-44ec-9cff-04dc18670fc3" />
      <TestMethod codeBase="f:\vnext1\b25bab26\VSIDEProj.MEF\bin\Release\NonShipping\Microsoft.VisualStudio.Composition.Tests.dll" adapterTypeName="Microsoft.VisualStudio.TestTools.TestTypes.Unit.UnitTestAdapter" className="Microsoft.VisualStudio.Composition.Tests.ExportMetadataTests" name="V1" />
    </UnitTest>
    <UnitTest name="V3 engine (runtime)" storage="f:\vnext1\b25bab26\vsideproj.mef\bin\release\nonshipping\microsoft.visualstudio.composition.tests.dll" id="710d9c5b-7f05-40db-bccb-37f996279cd3">
      <Execution id="ddca5e5b-390f-4449-8733-61c7ae49a351" />
      <TestMethod codeBase="f:\vnext1\b25bab26\VSIDEProj.MEF\bin\Release\NonShipping\Microsoft.VisualStudio.Composition.Tests.dll" adapterTypeName="Microsoft.VisualStudio.TestTools.TestTypes.Unit.UnitTestAdapter" className="Microsoft.VisualStudio.Composition.Tests.ImportSiteCreationPolicyTests" name="V3 engine (runtime)" />
    </UnitTest>
    <UnitTest name="V1" storage="f:\vnext1\b25bab26\vsideproj.mef\bin\release\nonshipping\microsoft.visualstudio.composition.tests.dll" id="e23e6e6b-995c-4650-8ede-1c87eb74739a">
      <Execution id="67b8435e-a03a-4818-ab3f-c611e44aad42" />
      <TestMethod codeBase="f:\vnext1\b25bab26\VSIDEProj.MEF\bin\Release\NonShipping\Microsoft.VisualStudio.Composition.Tests.dll" adapterTypeName="Microsoft.VisualStudio.TestTools.TestTypes.Unit.UnitTestAdapter" className="Microsoft.VisualStudio.Composition.Tests.ImportSiteCreationPolicyTests" name="V1" />
    </UnitTest>
    <UnitTest name="V2" storage="f:\vnext1\b25bab26\vsideproj.mef\bin\release\nonshipping\microsoft.visualstudio.composition.tests.dll" id="353a0076-5920-4426-a5c3-1ac3be8a3321">
      <Execution id="496df605-6641-44d2-9bec-68463f7f986a" />
      <TestMethod codeBase="f:\vnext1\b25bab26\VSIDEProj.MEF\bin\Release\NonShipping\Microsoft.VisualStudio.Composition.Tests.dll" adapterTypeName="Microsoft.VisualStudio.TestTools.TestTypes.Unit.UnitTestAdapter" className="Microsoft.VisualStudio.Composition.Tests.ExportMetadataTests" name="V2" />
    </UnitTest>
    <UnitTest name="V3 composition (V1)" storage="f:\vnext1\b25bab26\vsideproj.mef\bin\release\nonshipping\microsoft.visualstudio.composition.tests.dll" id="55e1f67b-63b1-4d47-9ce3-645367a93e35">
      <Execution id="adcaebc6-a045-4c37-9982-255158369b57" />
      <TestMethod codeBase="f:\vnext1\b25bab26\VSIDEProj.MEF\bin\Release\NonShipping\Microsoft.VisualStudio.Composition.Tests.dll" adapterTypeName="Microsoft.VisualStudio.TestTools.TestTypes.Unit.UnitTestAdapter" className="Microsoft.VisualStudio.Composition.Tests.ExportProviderTests" name="V3 composition (V1)" />
    </UnitTest>
    <UnitTest name="V3 composition (V1, V2)" storage="f:\vnext1\b25bab26\vsideproj.mef\bin\release\nonshipping\microsoft.visualstudio.composition.tests.dll" id="7586630c-426e-4947-b53d-f237ff10031c">
      <Execution id="bb244449-d704-497f-81bb-13adb1b83494" />
      <TestMethod codeBase="f:\vnext1\b25bab26\VSIDEProj.MEF\bin\Release\NonShipping\Microsoft.VisualStudio.Composition.Tests.dll" adapterTypeName="Microsoft.VisualStudio.TestTools.TestTypes.Unit.UnitTestAdapter" className="Microsoft.VisualStudio.Composition.Tests.OnImportsSatisfiedTests" name="V3 composition (V1, V2)" />
    </UnitTest>
    <UnitTest name="V3 engine (runtime)" storage="f:\vnext1\b25bab26\vsideproj.mef\bin\release\nonshipping\microsoft.visualstudio.composition.tests.dll" id="a269fa5e-b0b9-40a6-b3b4-f123568d0ec0">
      <Execution id="e9c604d9-1110-4ba9-b124-0033f5069a13" />
      <TestMethod codeBase="f:\vnext1\b25bab26\VSIDEProj.MEF\bin\Release\NonShipping\Microsoft.VisualStudio.Composition.Tests.dll" adapterTypeName="Microsoft.VisualStudio.TestTools.TestTypes.Unit.UnitTestAdapter" className="Microsoft.VisualStudio.Composition.Tests.ProjectSystemMockTests" name="V3 engine (runtime)" />
    </UnitTest>
    <UnitTest name="V3 composition (V2)" storage="f:\vnext1\b25bab26\vsideproj.mef\bin\release\nonshipping\microsoft.visualstudio.composition.tests.dll" id="014f1fe1-e060-4923-a005-c5750399dfdc">
      <Execution id="e44d7697-5975-41a5-a708-36d6be84fc41" />
      <TestMethod codeBase="f:\vnext1\b25bab26\VSIDEProj.MEF\bin\Release\NonShipping\Microsoft.VisualStudio.Composition.Tests.dll" adapterTypeName="Microsoft.VisualStudio.TestTools.TestTypes.Unit.UnitTestAdapter" className="Microsoft.VisualStudio.Composition.Tests.ImportManyTests" name="V3 composition (V2)" />
    </UnitTest>
    <UnitTest name="V3 engine (runtime)" storage="f:\vnext1\b25bab26\vsideproj.mef\bin\release\nonshipping\microsoft.visualstudio.composition.tests.dll" id="0dec541c-1337-43b3-b83e-c9fd6021f144">
      <Execution id="db1bdb9c-38b7-400c-ba7a-5262bcd80539" />
      <TestMethod codeBase="f:\vnext1\b25bab26\VSIDEProj.MEF\bin\Release\NonShipping\Microsoft.VisualStudio.Composition.Tests.dll" adapterTypeName="Microsoft.VisualStudio.TestTools.TestTypes.Unit.UnitTestAdapter" className="Microsoft.VisualStudio.Composition.Tests.MefV1ExportProviderAdapterTests" name="V3 engine (runtime)" />
    </UnitTest>
    <UnitTest name="V3 composition (V1)" storage="f:\vnext1\b25bab26\vsideproj.mef\bin\release\nonshipping\microsoft.visualstudio.composition.tests.dll" id="880d9306-0d40-4cdb-b555-ec72f0a80b9e">
      <Execution id="1782411e-e7a0-459c-9a3f-221138c471ca" />
      <TestMethod codeBase="f:\vnext1\b25bab26\VSIDEProj.MEF\bin\Release\NonShipping\Microsoft.VisualStudio.Composition.Tests.dll" adapterTypeName="Microsoft.VisualStudio.TestTools.TestTypes.Unit.UnitTestAdapter" className="Microsoft.VisualStudio.Composition.Tests.ImportedExportProviderTests" name="V3 composition (V1)" />
    </UnitTest>
    <UnitTest name="V1" storage="f:\vnext1\b25bab26\vsideproj.mef\bin\release\nonshipping\microsoft.visualstudio.composition.tests.dll" id="65c19b38-4cc9-45d4-b252-74a7bd1a3d83">
      <Execution id="aeced93a-bb04-4be1-9ae5-5cadc6fc1625" />
      <TestMethod codeBase="f:\vnext1\b25bab26\VSIDEProj.MEF\bin\Release\NonShipping\Microsoft.VisualStudio.Composition.Tests.dll" adapterTypeName="Microsoft.VisualStudio.TestTools.TestTypes.Unit.UnitTestAdapter" className="Microsoft.VisualStudio.Composition.Tests.MefV1ExportProviderAdapterTests" name="V1" />
    </UnitTest>
    <UnitTest name="V3 engine (runtime)" storage="f:\vnext1\b25bab26\vsideproj.mef\bin\release\nonshipping\microsoft.visualstudio.composition.tests.dll" id="d40399c6-4ec9-4141-9b5c-c0b77ae88991">
      <Execution id="af00f5dd-2b03-45c8-a687-1675ba82eb96" />
      <TestMethod codeBase="f:\vnext1\b25bab26\VSIDEProj.MEF\bin\Release\NonShipping\Microsoft.VisualStudio.Composition.Tests.dll" adapterTypeName="Microsoft.VisualStudio.TestTools.TestTypes.Unit.UnitTestAdapter" className="Microsoft.VisualStudio.Composition.Tests.CustomMetadataAttributeTests" name="V3 engine (runtime)" />
    </UnitTest>
    <UnitTest name="V3 engine (runtime)" storage="f:\vnext1\b25bab26\vsideproj.mef\bin\release\nonshipping\microsoft.visualstudio.composition.tests.dll" id="b6614940-964f-4c03-893e-9172a5e6d8ea">
      <Execution id="633f546c-2aab-402a-b97c-04426c7921e1" />
      <TestMethod codeBase="f:\vnext1\b25bab26\VSIDEProj.MEF\bin\Release\NonShipping\Microsoft.VisualStudio.Composition.Tests.dll" adapterTypeName="Microsoft.VisualStudio.TestTools.TestTypes.Unit.UnitTestAdapter" className="Microsoft.VisualStudio.Composition.Tests.ExplicitImportIdentityTypeTests" name="V3 engine (runtime)" />
    </UnitTest>
    <UnitTest name="V1" storage="f:\vnext1\b25bab26\vsideproj.mef\bin\release\nonshipping\microsoft.visualstudio.composition.tests.dll" id="d94e4612-4686-4048-9e30-e395d5fb8417">
      <Execution id="d8d3ce22-c02a-4c64-8d11-5f084fca1f1e" />
      <TestMethod codeBase="f:\vnext1\b25bab26\VSIDEProj.MEF\bin\Release\NonShipping\Microsoft.VisualStudio.Composition.Tests.dll" adapterTypeName="Microsoft.VisualStudio.TestTools.TestTypes.Unit.UnitTestAdapter" className="Microsoft.VisualStudio.Composition.Tests.ExplicitImportIdentityTypeTests" name="V1" />
    </UnitTest>
    <UnitTest name="V3 engine (runtime)" storage="f:\vnext1\b25bab26\vsideproj.mef\bin\release\nonshipping\microsoft.visualstudio.composition.tests.dll" id="5a237e98-7247-4e20-b79a-65a77bd07746">
      <Execution id="2e71d8e4-a82a-4ad4-9f4a-c116d7a51f66" />
      <TestMethod codeBase="f:\vnext1\b25bab26\VSIDEProj.MEF\bin\Release\NonShipping\Microsoft.VisualStudio.Composition.Tests.dll" adapterTypeName="Microsoft.VisualStudio.TestTools.TestTypes.Unit.UnitTestAdapter" className="Microsoft.VisualStudio.Composition.Tests.SharingBoundaryWithSharedTests" name="V3 engine (runtime)" />
    </UnitTest>
    <UnitTest name="V3 engine (runtime)" storage="f:\vnext1\b25bab26\vsideproj.mef\bin\release\nonshipping\microsoft.visualstudio.composition.tests.dll" id="f80a3c52-6d44-4e70-b07c-3f09055d981c">
      <Execution id="cb8e1e65-c6dc-4a40-836a-1d1f3d541c97" />
      <TestMethod codeBase="f:\vnext1\b25bab26\VSIDEProj.MEF\bin\Release\NonShipping\Microsoft.VisualStudio.Composition.Tests.dll" adapterTypeName="Microsoft.VisualStudio.TestTools.TestTypes.Unit.UnitTestAdapter" className="Microsoft.VisualStudio.Composition.Tests.MultipleExportsOnPartTests" name="V3 engine (runtime)" />
    </UnitTest>
    <UnitTest name="V2" storage="f:\vnext1\b25bab26\vsideproj.mef\bin\release\nonshipping\microsoft.visualstudio.composition.tests.dll" id="2f7f32e5-cb51-4c8f-bf77-28d47a7707b3">
      <Execution id="0196f362-2b3b-4bd9-962f-551a1b0fe509" />
      <TestMethod codeBase="f:\vnext1\b25bab26\VSIDEProj.MEF\bin\Release\NonShipping\Microsoft.VisualStudio.Composition.Tests.dll" adapterTypeName="Microsoft.VisualStudio.TestTools.TestTypes.Unit.UnitTestAdapter" className="Microsoft.VisualStudio.Composition.Tests.ProjectSystemMockTests" name="V2" />
    </UnitTest>
    <UnitTest name="V3 engine (runtime)" storage="f:\vnext1\b25bab26\vsideproj.mef\bin\release\nonshipping\microsoft.visualstudio.composition.tests.dll" id="0964517e-efdd-4057-abd4-dbcc01e3ecee">
      <Execution id="f0918de8-0009-4424-a359-a599142fded0" />
      <TestMethod codeBase="f:\vnext1\b25bab26\VSIDEProj.MEF\bin\Release\NonShipping\Microsoft.VisualStudio.Composition.Tests.dll" adapterTypeName="Microsoft.VisualStudio.TestTools.TestTypes.Unit.UnitTestAdapter" className="Microsoft.VisualStudio.Composition.Tests.FaultyPartsTests" name="V3 engine (runtime)" />
    </UnitTest>
    <UnitTest name="V1" storage="f:\vnext1\b25bab26\vsideproj.mef\bin\release\nonshipping\microsoft.visualstudio.composition.tests.dll" id="f96cee3f-5573-47d8-90ce-3b26bae632de">
      <Execution id="ccd48e07-44b7-4ffd-9209-ed4684ea13fc" />
      <TestMethod codeBase="f:\vnext1\b25bab26\VSIDEProj.MEF\bin\Release\NonShipping\Microsoft.VisualStudio.Composition.Tests.dll" adapterTypeName="Microsoft.VisualStudio.TestTools.TestTypes.Unit.UnitTestAdapter" className="Microsoft.VisualStudio.Composition.Tests.MultipleExportsOnPartTests" name="V1" />
    </UnitTest>
    <UnitTest name="V1" storage="f:\vnext1\b25bab26\vsideproj.mef\bin\release\nonshipping\microsoft.visualstudio.composition.tests.dll" id="d675f054-f570-46ba-b972-e7c0ec76fbd9">
      <Execution id="a8e40ab3-486c-45a5-8793-4a02c36eb91a" />
      <TestMethod codeBase="f:\vnext1\b25bab26\VSIDEProj.MEF\bin\Release\NonShipping\Microsoft.VisualStudio.Composition.Tests.dll" adapterTypeName="Microsoft.VisualStudio.TestTools.TestTypes.Unit.UnitTestAdapter" className="Microsoft.VisualStudio.Composition.Tests.FaultyPartsTests" name="V1" />
    </UnitTest>
    <UnitTest name="V3 composition (V1, V2)" storage="f:\vnext1\b25bab26\vsideproj.mef\bin\release\nonshipping\microsoft.visualstudio.composition.tests.dll" id="687f13bd-d57b-4b48-861f-08319e705aa5">
      <Execution id="28f47172-e7fd-4033-88f3-60de4524c485" />
      <TestMethod codeBase="f:\vnext1\b25bab26\VSIDEProj.MEF\bin\Release\NonShipping\Microsoft.VisualStudio.Composition.Tests.dll" adapterTypeName="Microsoft.VisualStudio.TestTools.TestTypes.Unit.UnitTestAdapter" className="Microsoft.VisualStudio.Composition.Tests.ImportingConstructorTests" name="V3 composition (V1, V2)" />
    </UnitTest>
    <UnitTest name="V2" storage="f:\vnext1\b25bab26\vsideproj.mef\bin\release\nonshipping\microsoft.visualstudio.composition.tests.dll" id="6d2edcde-f437-46bc-8798-d0a6cfbd838f">
      <Execution id="b14dced2-48fe-42a3-a8e4-a9085ae25580" />
      <TestMethod codeBase="f:\vnext1\b25bab26\VSIDEProj.MEF\bin\Release\NonShipping\Microsoft.VisualStudio.Composition.Tests.dll" adapterTypeName="Microsoft.VisualStudio.TestTools.TestTypes.Unit.UnitTestAdapter" className="Microsoft.VisualStudio.Composition.Tests.MultipleExportsOnPartTests" name="V2" />
    </UnitTest>
    <UnitTest name="V3 composition (V1)" storage="f:\vnext1\b25bab26\vsideproj.mef\bin\release\nonshipping\microsoft.visualstudio.composition.tests.dll" id="b05bd012-68f1-410a-a1c8-5aba95f2e737">
      <Execution id="8145dd50-70a9-4717-af87-f9fb8fa17744" />
      <TestMethod codeBase="f:\vnext1\b25bab26\VSIDEProj.MEF\bin\Release\NonShipping\Microsoft.VisualStudio.Composition.Tests.dll" adapterTypeName="Microsoft.VisualStudio.TestTools.TestTypes.Unit.UnitTestAdapter" className="Microsoft.VisualStudio.Composition.Tests.ExportFactoryTests" name="V3 composition (V1)" />
    </UnitTest>
    <UnitTest name="ComposableAssembliesLazyLoadedByLazyTMetadata" storage="f:\vnext1\b25bab26\vsideproj.mef\bin\release\nonshipping\microsoft.visualstudio.composition.tests.dll" id="66f6347f-810d-4c1c-9f5b-945426ed1d99">
      <Execution id="cb5f7e3d-1a71-44b3-8668-c40872baa48c" />
      <TestMethod codeBase="f:\vnext1\b25bab26\VSIDEProj.MEF\bin\Release\NonShipping\Microsoft.VisualStudio.Composition.Tests.dll" adapterTypeName="Microsoft.VisualStudio.TestTools.TestTypes.Unit.UnitTestAdapter" className="Microsoft.VisualStudio.Composition.Tests.AssembliesLazyLoadedDataFileCacheTests" name="ComposableAssembliesLazyLoadedByLazyTMetadata" />
    </UnitTest>
    <UnitTest name="V3 composition (V1)" storage="f:\vnext1\b25bab26\vsideproj.mef\bin\release\nonshipping\microsoft.visualstudio.composition.tests.dll" id="a9d218c5-28a4-4d57-9a21-8be2737c8ba5">
      <Execution id="d54bd9ef-5b54-4da2-9fe0-cdf0d8954784" />
      <TestMethod codeBase="f:\vnext1\b25bab26\VSIDEProj.MEF\bin\Release\NonShipping\Microsoft.VisualStudio.Composition.Tests.dll" adapterTypeName="Microsoft.VisualStudio.TestTools.TestTypes.Unit.UnitTestAdapter" className="Microsoft.VisualStudio.Composition.Tests.ExportingMembersTests" name="V3 composition (V1)" />
    </UnitTest>
    <UnitTest name="AssemblyDiscoveryOmitsNonDiscoverableParts" storage="f:\vnext1\b25bab26\vsideproj.mef\bin\release\nonshipping\microsoft.visualstudio.composition.tests.dll" id="17b104eb-93f2-4c9e-8ce7-392e30071a33">
      <Execution id="d3164d30-532f-49af-9319-38821707f054" />
      <TestMethod codeBase="f:\vnext1\b25bab26\VSIDEProj.MEF\bin\Release\NonShipping\Microsoft.VisualStudio.Composition.Tests.dll" adapterTypeName="Microsoft.VisualStudio.TestTools.TestTypes.Unit.UnitTestAdapter" className="Microsoft.VisualStudio.Composition.Tests.AttributedPartDiscoveryTests" name="AssemblyDiscoveryOmitsNonDiscoverableParts" />
    </UnitTest>
    <UnitTest name="V3 composition (V1)" storage="f:\vnext1\b25bab26\vsideproj.mef\bin\release\nonshipping\microsoft.visualstudio.composition.tests.dll" id="e983c501-5ade-4314-a913-ca2061f12ffc">
      <Execution id="acdf2bcd-fbe6-46e4-a63d-e4a0a849b0db" />
      <TestMethod codeBase="f:\vnext1\b25bab26\VSIDEProj.MEF\bin\Release\NonShipping\Microsoft.VisualStudio.Composition.Tests.dll" adapterTypeName="Microsoft.VisualStudio.TestTools.TestTypes.Unit.UnitTestAdapter" className="Microsoft.VisualStudio.Composition.Tests.CompositionServiceTests" name="V3 composition (V1)" />
    </UnitTest>
    <UnitTest name="V3 composition (V1)" storage="f:\vnext1\b25bab26\vsideproj.mef\bin\release\nonshipping\microsoft.visualstudio.composition.tests.dll" id="32637771-8dd0-482a-ab33-82195c7cc13c">
      <Execution id="7a12ef80-1802-4897-937f-db576bb229b9" />
      <TestMethod codeBase="f:\vnext1\b25bab26\VSIDEProj.MEF\bin\Release\NonShipping\Microsoft.VisualStudio.Composition.Tests.dll" adapterTypeName="Microsoft.VisualStudio.TestTools.TestTypes.Unit.UnitTestAdapter" className="Microsoft.VisualStudio.Composition.Tests.InheritedExportTests" name="V3 composition (V1)" />
    </UnitTest>
    <UnitTest name="V3 composition (V1, V2)" storage="f:\vnext1\b25bab26\vsideproj.mef\bin\release\nonshipping\microsoft.visualstudio.composition.tests.dll" id="f1bbe5dd-5ad5-47ab-a32d-b9cdcd22375b">
      <Execution id="307ad57a-409e-4285-a572-169063d746ef" />
      <TestMethod codeBase="f:\vnext1\b25bab26\VSIDEProj.MEF\bin\Release\NonShipping\Microsoft.VisualStudio.Composition.Tests.dll" adapterTypeName="Microsoft.VisualStudio.TestTools.TestTypes.Unit.UnitTestAdapter" className="Microsoft.VisualStudio.Composition.Tests.CircularDependencyTests" name="V3 composition (V1, V2)" />
    </UnitTest>
    <UnitTest name="V3 composition (V1, V2)" storage="f:\vnext1\b25bab26\vsideproj.mef\bin\release\nonshipping\microsoft.visualstudio.composition.tests.dll" id="ad42c751-5060-4265-be8e-133833abaefa">
      <Execution id="f3ea7392-f3a0-45ee-8959-4e3af4d7e7d7" />
      <TestMethod codeBase="f:\vnext1\b25bab26\VSIDEProj.MEF\bin\Release\NonShipping\Microsoft.VisualStudio.Composition.Tests.dll" adapterTypeName="Microsoft.VisualStudio.TestTools.TestTypes.Unit.UnitTestAdapter" className="Microsoft.VisualStudio.Composition.Tests.SimpleImportExportTests" name="V3 composition (V1, V2)" />
    </UnitTest>
    <UnitTest name="V3 engine (runtime)" storage="f:\vnext1\b25bab26\vsideproj.mef\bin\release\nonshipping\microsoft.visualstudio.composition.tests.dll" id="659786c4-a7fb-4393-8fc7-0f8533e9d302">
      <Execution id="b4f24c40-998b-41ac-83a8-ec7f5186111b" />
      <TestMethod codeBase="f:\vnext1\b25bab26\VSIDEProj.MEF\bin\Release\NonShipping\Microsoft.VisualStudio.Composition.Tests.dll" adapterTypeName="Microsoft.VisualStudio.TestTools.TestTypes.Unit.UnitTestAdapter" className="Microsoft.VisualStudio.Composition.Tests.DisposablePartsTests" name="V3 engine (runtime)" />
    </UnitTest>
    <UnitTest name="V3 composition (V2)" storage="f:\vnext1\b25bab26\vsideproj.mef\bin\release\nonshipping\microsoft.visualstudio.composition.tests.dll" id="5c9983d0-57e6-4570-a968-c6ddc56adeb9">
      <Execution id="ce71a263-7406-4462-8481-e0146476f3b2" />
      <TestMethod codeBase="f:\vnext1\b25bab26\VSIDEProj.MEF\bin\Release\NonShipping\Microsoft.VisualStudio.Composition.Tests.dll" adapterTypeName="Microsoft.VisualStudio.TestTools.TestTypes.Unit.UnitTestAdapter" className="Microsoft.VisualStudio.Composition.Tests.SharingBoundaryWithNonSharedTests" name="V3 composition (V2)" />
    </UnitTest>
    <UnitTest name="V1" storage="f:\vnext1\b25bab26\vsideproj.mef\bin\release\nonshipping\microsoft.visualstudio.composition.tests.dll" id="afacc13e-8539-438c-aef2-19fc75701700">
      <Execution id="41813437-57a4-4db0-af90-07d63f029dbe" />
      <TestMethod codeBase="f:\vnext1\b25bab26\VSIDEProj.MEF\bin\Release\NonShipping\Microsoft.VisualStudio.Composition.Tests.dll" adapterTypeName="Microsoft.VisualStudio.TestTools.TestTypes.Unit.UnitTestAdapter" className="Microsoft.VisualStudio.Composition.Tests.ThreadSafetyTests" name="V1" />
    </UnitTest>
    <UnitTest name="V2" storage="f:\vnext1\b25bab26\vsideproj.mef\bin\release\nonshipping\microsoft.visualstudio.composition.tests.dll" id="f524edbc-5f45-4243-a131-db45c0b39621">
      <Execution id="d4a8b185-747d-4831-be2c-e4832525cc4b" />
      <TestMethod codeBase="f:\vnext1\b25bab26\VSIDEProj.MEF\bin\Release\NonShipping\Microsoft.VisualStudio.Composition.Tests.dll" adapterTypeName="Microsoft.VisualStudio.TestTools.TestTypes.Unit.UnitTestAdapter" className="Microsoft.VisualStudio.Composition.Tests.SharingBoundaryWithSharedTests" name="V2" />
    </UnitTest>
    <UnitTest name="V1" storage="f:\vnext1\b25bab26\vsideproj.mef\bin\release\nonshipping\microsoft.visualstudio.composition.tests.dll" id="cbe114e2-e6f1-479d-8186-d78a618f9d95">
      <Execution id="a930f678-066e-499e-bd30-4358e80dfa29" />
      <TestMethod codeBase="f:\vnext1\b25bab26\VSIDEProj.MEF\bin\Release\NonShipping\Microsoft.VisualStudio.Composition.Tests.dll" adapterTypeName="Microsoft.VisualStudio.TestTools.TestTypes.Unit.UnitTestAdapter" className="Microsoft.VisualStudio.Composition.Tests.DisposablePartsTests" name="V1" />
    </UnitTest>
    <UnitTest name="V3 engine (runtime)" storage="f:\vnext1\b25bab26\vsideproj.mef\bin\release\nonshipping\microsoft.visualstudio.composition.tests.dll" id="8b98184e-bfb5-407c-a789-d5831a1c25d1">
      <Execution id="8f450b60-254a-4130-baea-a9225f5afa4a" />
      <TestMethod codeBase="f:\vnext1\b25bab26\VSIDEProj.MEF\bin\Release\NonShipping\Microsoft.VisualStudio.Composition.Tests.dll" adapterTypeName="Microsoft.VisualStudio.TestTools.TestTypes.Unit.UnitTestAdapter" className="Microsoft.VisualStudio.Composition.Tests.ExportProviderTests" name="V3 engine (runtime)" />
    </UnitTest>
    <UnitTest name="V2" storage="f:\vnext1\b25bab26\vsideproj.mef\bin\release\nonshipping\microsoft.visualstudio.composition.tests.dll" id="0d380e74-65c0-4895-9c44-e637ef4e075f">
      <Execution id="c7b0999d-cbfb-43f0-bbe5-e8b30e18a960" />
      <TestMethod codeBase="f:\vnext1\b25bab26\VSIDEProj.MEF\bin\Release\NonShipping\Microsoft.VisualStudio.Composition.Tests.dll" adapterTypeName="Microsoft.VisualStudio.TestTools.TestTypes.Unit.UnitTestAdapter" className="Microsoft.VisualStudio.Composition.Tests.ExportProviderTests" name="V2" />
    </UnitTest>
    <UnitTest name="V3 engine (runtime)" storage="f:\vnext1\b25bab26\vsideproj.mef\bin\release\nonshipping\microsoft.visualstudio.composition.tests.dll" id="af106872-bdba-4dd9-b1d2-4af951e91709">
      <Execution id="1d17e709-fda9-416f-8438-c31a7e72329b" />
      <TestMethod codeBase="f:\vnext1\b25bab26\VSIDEProj.MEF\bin\Release\NonShipping\Microsoft.VisualStudio.Composition.Tests.dll" adapterTypeName="Microsoft.VisualStudio.TestTools.TestTypes.Unit.UnitTestAdapter" className="Microsoft.VisualStudio.Composition.Tests.OnImportsSatisfiedTests" name="V3 engine (runtime)" />
    </UnitTest>
    <UnitTest name="V3 engine (runtime)" storage="f:\vnext1\b25bab26\vsideproj.mef\bin\release\nonshipping\microsoft.visualstudio.composition.tests.dll" id="0b7bd325-7776-4da5-9a30-7a47ca523944">
      <Execution id="8e72557a-794e-43ac-8e0e-e729a48f3f10" />
      <TestMethod codeBase="f:\vnext1\b25bab26\VSIDEProj.MEF\bin\Release\NonShipping\Microsoft.VisualStudio.Composition.Tests.dll" adapterTypeName="Microsoft.VisualStudio.TestTools.TestTypes.Unit.UnitTestAdapter" className="Microsoft.VisualStudio.Composition.Tests.ImportManyTests" name="V3 engine (runtime)" />
    </UnitTest>
    <UnitTest name="V1" storage="f:\vnext1\b25bab26\vsideproj.mef\bin\release\nonshipping\microsoft.visualstudio.composition.tests.dll" id="47479cc1-bd1e-4dc9-89fe-a557f8f5ff53">
      <Execution id="613870b7-65ee-422a-9b36-4656d05e8be4" />
      <TestMethod codeBase="f:\vnext1\b25bab26\VSIDEProj.MEF\bin\Release\NonShipping\Microsoft.VisualStudio.Composition.Tests.dll" adapterTypeName="Microsoft.VisualStudio.TestTools.TestTypes.Unit.UnitTestAdapter" className="Microsoft.VisualStudio.Composition.Tests.ImportManyTests" name="V1" />
    </UnitTest>
    <UnitTest name="V3 engine (runtime)" storage="f:\vnext1\b25bab26\vsideproj.mef\bin\release\nonshipping\microsoft.visualstudio.composition.tests.dll" id="3b552291-0265-45dd-80e2-91f05a4f17ec">
      <Execution id="45b04eba-7b1f-43ca-9392-3906eda8dae9" />
      <TestMethod codeBase="f:\vnext1\b25bab26\VSIDEProj.MEF\bin\Release\NonShipping\Microsoft.VisualStudio.Composition.Tests.dll" adapterTypeName="Microsoft.VisualStudio.TestTools.TestTypes.Unit.UnitTestAdapter" className="Microsoft.VisualStudio.Composition.Tests.ImportedExportProviderTests" name="V3 engine (runtime)" />
    </UnitTest>
    <UnitTest name="AssemblyLoadContext" storage="f:\vnext1\b25bab26\vsideproj.mef\bin\release\nonshipping\microsoft.visualstudio.composition.tests.dll" id="af9de094-eaf6-4158-a7fc-f505f713cb24">
      <Execution id="41a68a53-985b-481a-808b-9c85223ffc2d" />
      <TestMethod codeBase="f:\vnext1\b25bab26\VSIDEProj.MEF\bin\Release\NonShipping\Microsoft.VisualStudio.Composition.Tests.dll" adapterTypeName="Microsoft.VisualStudio.TestTools.TestTypes.Unit.UnitTestAdapter" className="Microsoft.VisualStudio.Composition.Tests.AttributedPartDiscoveryV1Tests" name="AssemblyLoadContext" />
    </UnitTest>
    <UnitTest name="V3 engine (runtime)" storage="f:\vnext1\b25bab26\vsideproj.mef\bin\release\nonshipping\microsoft.visualstudio.composition.tests.dll" id="c22a429b-ca87-4eb2-baea-77df292a4969">
      <Execution id="527a2c5f-cf2d-48a0-81b0-67722f4f34a9" />
      <TestMethod codeBase="f:\vnext1\b25bab26\VSIDEProj.MEF\bin\Release\NonShipping\Microsoft.VisualStudio.Composition.Tests.dll" adapterTypeName="Microsoft.VisualStudio.TestTools.TestTypes.Unit.UnitTestAdapter" className="Microsoft.VisualStudio.Composition.Tests.CustomMetadataAttributeTests" name="V3 engine (runtime)" />
    </UnitTest>
    <UnitTest name="V3 composition (V1)" storage="f:\vnext1\b25bab26\vsideproj.mef\bin\release\nonshipping\microsoft.visualstudio.composition.tests.dll" id="3f55cc2b-3577-4993-9667-c85ea5a6828c">
      <Execution id="a5f54bfe-0f97-4b5f-a25f-e30d63e29a3e" />
      <TestMethod codeBase="f:\vnext1\b25bab26\VSIDEProj.MEF\bin\Release\NonShipping\Microsoft.VisualStudio.Composition.Tests.dll" adapterTypeName="Microsoft.VisualStudio.TestTools.TestTypes.Unit.UnitTestAdapter" className="Microsoft.VisualStudio.Composition.Tests.NonPublicImportsExportsTests" name="V3 composition (V1)" />
    </UnitTest>
    <UnitTest name="Combined_CreatePartsAsync_AssemblyPathEnumerable" storage="f:\vnext1\b25bab26\vsideproj.mef\bin\release\nonshipping\microsoft.visualstudio.composition.tests.dll" id="e149dc2f-c1a4-43c0-86c6-5d476f18fd04">
      <Execution id="b23d3b68-07c8-49ad-9559-5fbdcb932ef8" />
      <TestMethod codeBase="f:\vnext1\b25bab26\VSIDEProj.MEF\bin\Release\NonShipping\Microsoft.VisualStudio.Composition.Tests.dll" adapterTypeName="Microsoft.VisualStudio.TestTools.TestTypes.Unit.UnitTestAdapter" className="Microsoft.VisualStudio.Composition.Tests.PartDiscoveryTests" name="Combined_CreatePartsAsync_AssemblyPathEnumerable" />
    </UnitTest>
    <UnitTest name="V1" storage="f:\vnext1\b25bab26\vsideproj.mef\bin\release\nonshipping\microsoft.visualstudio.composition.tests.dll" id="461504da-701f-407c-b46d-d6baf4d14088">
      <Execution id="e93a3f63-f657-4a49-a981-5740a9833457" />
      <TestMethod codeBase="f:\vnext1\b25bab26\VSIDEProj.MEF\bin\Release\NonShipping\Microsoft.VisualStudio.Composition.Tests.dll" adapterTypeName="Microsoft.VisualStudio.TestTools.TestTypes.Unit.UnitTestAdapter" className="Microsoft.VisualStudio.Composition.Tests.CustomMetadataAttributeTests" name="V1" />
    </UnitTest>
    <UnitTest name="V3 engine (runtime)" storage="f:\vnext1\b25bab26\vsideproj.mef\bin\release\nonshipping\microsoft.visualstudio.composition.tests.dll" id="adca6fcb-5dcf-4b37-b470-9283827b6dc6">
      <Execution id="9acb54b9-c745-48a4-94aa-069886cf13d3" />
      <TestMethod codeBase="f:\vnext1\b25bab26\VSIDEProj.MEF\bin\Release\NonShipping\Microsoft.VisualStudio.Composition.Tests.dll" adapterTypeName="Microsoft.VisualStudio.TestTools.TestTypes.Unit.UnitTestAdapter" className="Microsoft.VisualStudio.Composition.Tests.ImportingConstructorTests" name="V3 engine (runtime)" />
    </UnitTest>
    <UnitTest name="V2" storage="f:\vnext1\b25bab26\vsideproj.mef\bin\release\nonshipping\microsoft.visualstudio.composition.tests.dll" id="4f9d891b-3ea7-4c14-a8fe-ea2bf2db2511">
      <Execution id="cfa265d4-79d6-4d3d-8c00-591b8c3d3377" />
      <TestMethod codeBase="f:\vnext1\b25bab26\VSIDEProj.MEF\bin\Release\NonShipping\Microsoft.VisualStudio.Composition.Tests.dll" adapterTypeName="Microsoft.VisualStudio.TestTools.TestTypes.Unit.UnitTestAdapter" className="Microsoft.VisualStudio.Composition.Tests.CustomMetadataAttributeTests" name="V2" />
    </UnitTest>
    <UnitTest name="V3 composition (V1)" storage="f:\vnext1\b25bab26\vsideproj.mef\bin\release\nonshipping\microsoft.visualstudio.composition.tests.dll" id="a975564b-5d37-4fcf-a985-d90f70f90d02">
      <Execution id="1d6752d7-168e-40aa-b5fe-d37399a2d6c8" />
      <TestMethod codeBase="f:\vnext1\b25bab26\VSIDEProj.MEF\bin\Release\NonShipping\Microsoft.VisualStudio.Composition.Tests.dll" adapterTypeName="Microsoft.VisualStudio.TestTools.TestTypes.Unit.UnitTestAdapter" className="Microsoft.VisualStudio.Composition.Tests.InvalidGraphTests" name="V3 composition (V1)" />
    </UnitTest>
    <UnitTest name="V3 engine (runtime)" storage="f:\vnext1\b25bab26\vsideproj.mef\bin\release\nonshipping\microsoft.visualstudio.composition.tests.dll" id="5fbaf806-cd83-46e5-844f-84f635c9c609">
      <Execution id="7fa08c54-1de4-49a6-a1d0-535643f59dbf" />
      <TestMethod codeBase="f:\vnext1\b25bab26\VSIDEProj.MEF\bin\Release\NonShipping\Microsoft.VisualStudio.Composition.Tests.dll" adapterTypeName="Microsoft.VisualStudio.TestTools.TestTypes.Unit.UnitTestAdapter" className="Microsoft.VisualStudio.Composition.Tests.CompositionServiceTests" name="V3 engine (runtime)" />
    </UnitTest>
    <UnitTest name="V3 engine (runtime)" storage="f:\vnext1\b25bab26\vsideproj.mef\bin\release\nonshipping\microsoft.visualstudio.composition.tests.dll" id="3fab12ec-0cbf-4074-9220-74ae81529a4e">
      <Execution id="1a406532-6c31-4fa4-8439-1b028835c854" />
      <TestMethod codeBase="f:\vnext1\b25bab26\VSIDEProj.MEF\bin\Release\NonShipping\Microsoft.VisualStudio.Composition.Tests.dll" adapterTypeName="Microsoft.VisualStudio.TestTools.TestTypes.Unit.UnitTestAdapter" className="Microsoft.VisualStudio.Composition.Tests.ExportFactoryTests" name="V3 engine (runtime)" />
    </UnitTest>
    <UnitTest name="V1" storage="f:\vnext1\b25bab26\vsideproj.mef\bin\release\nonshipping\microsoft.visualstudio.composition.tests.dll" id="95d81801-8310-47f5-bdc2-f57c027ab39e">
      <Execution id="04632f1d-56ea-472b-8109-a9eb2e9fb580" />
      <TestMethod codeBase="f:\vnext1\b25bab26\VSIDEProj.MEF\bin\Release\NonShipping\Microsoft.VisualStudio.Composition.Tests.dll" adapterTypeName="Microsoft.VisualStudio.TestTools.TestTypes.Unit.UnitTestAdapter" className="Microsoft.VisualStudio.Composition.Tests.ExportFactoryTests" name="V1" />
    </UnitTest>
    <UnitTest name="V3 engine (runtime)" storage="f:\vnext1\b25bab26\vsideproj.mef\bin\release\nonshipping\microsoft.visualstudio.composition.tests.dll" id="1904c494-5861-4d27-96df-a9bbc9dbcb51">
      <Execution id="d8d4f7e7-9815-49ab-85a1-c0fec56639ad" />
      <TestMethod codeBase="f:\vnext1\b25bab26\VSIDEProj.MEF\bin\Release\NonShipping\Microsoft.VisualStudio.Composition.Tests.dll" adapterTypeName="Microsoft.VisualStudio.TestTools.TestTypes.Unit.UnitTestAdapter" className="Microsoft.VisualStudio.Composition.Tests.InheritedExportTests" name="V3 engine (runtime)" />
    </UnitTest>
    <UnitTest name="V3 composition (V1)" storage="f:\vnext1\b25bab26\vsideproj.mef\bin\release\nonshipping\microsoft.visualstudio.composition.tests.dll" id="d4c2ad05-5455-4a5b-bd03-fa254649fbc0">
      <Execution id="913d3056-e9b5-4fb1-8436-ec02f6d81ebe" />
      <TestMethod codeBase="f:\vnext1\b25bab26\VSIDEProj.MEF\bin\Release\NonShipping\Microsoft.VisualStudio.Composition.Tests.dll" adapterTypeName="Microsoft.VisualStudio.TestTools.TestTypes.Unit.UnitTestAdapter" className="Microsoft.VisualStudio.Composition.Tests.MefV1ExportProviderAdapterTests" name="V3 composition (V1)" />
    </UnitTest>
    <UnitTest name="V1" storage="f:\vnext1\b25bab26\vsideproj.mef\bin\release\nonshipping\microsoft.visualstudio.composition.tests.dll" id="11de9bb9-2c69-48de-a0df-e40eb4370b3e">
      <Execution id="c33c2018-0f2b-40be-8f90-a323fefc2491" />
      <TestMethod codeBase="f:\vnext1\b25bab26\VSIDEProj.MEF\bin\Release\NonShipping\Microsoft.VisualStudio.Composition.Tests.dll" adapterTypeName="Microsoft.VisualStudio.TestTools.TestTypes.Unit.UnitTestAdapter" className="Microsoft.VisualStudio.Composition.Tests.InheritedExportTests" name="V1" />
    </UnitTest>
    <UnitTest name="V3 engine (runtime)" storage="f:\vnext1\b25bab26\vsideproj.mef\bin\release\nonshipping\microsoft.visualstudio.composition.tests.dll" id="eebce1fa-0695-48cf-9eaf-a4338d1215f8">
      <Execution id="e7405cbc-34c9-4a04-bc2e-f569f9252415" />
      <TestMethod codeBase="f:\vnext1\b25bab26\VSIDEProj.MEF\bin\Release\NonShipping\Microsoft.VisualStudio.Composition.Tests.dll" adapterTypeName="Microsoft.VisualStudio.TestTools.TestTypes.Unit.UnitTestAdapter" className="Microsoft.VisualStudio.Composition.Tests.SimpleImportExportTests" name="V3 engine (runtime)" />
    </UnitTest>
    <UnitTest name="V3 engine (runtime)" storage="f:\vnext1\b25bab26\vsideproj.mef\bin\release\nonshipping\microsoft.visualstudio.composition.tests.dll" id="fc888e97-3ba0-49e6-ac54-cfb2b72ef9c6">
      <Execution id="2e2dd50e-f1fd-42ac-b1ed-7c8a32af9fbf" />
      <TestMethod codeBase="f:\vnext1\b25bab26\VSIDEProj.MEF\bin\Release\NonShipping\Microsoft.VisualStudio.Composition.Tests.dll" adapterTypeName="Microsoft.VisualStudio.TestTools.TestTypes.Unit.UnitTestAdapter" className="Microsoft.VisualStudio.Composition.Tests.CircularDependencyTests" name="V3 engine (runtime)" />
    </UnitTest>
    <UnitTest name="V3 composition (V1)" storage="f:\vnext1\b25bab26\vsideproj.mef\bin\release\nonshipping\microsoft.visualstudio.composition.tests.dll" id="071b0c01-01bd-4e77-9b29-233351d04b8b">
      <Execution id="b6d76600-acce-4a3f-975b-c70b10aaa81b" />
      <TestMethod codeBase="f:\vnext1\b25bab26\VSIDEProj.MEF\bin\Release\NonShipping\Microsoft.VisualStudio.Composition.Tests.dll" adapterTypeName="Microsoft.VisualStudio.TestTools.TestTypes.Unit.UnitTestAdapter" className="Microsoft.VisualStudio.Composition.Tests.ExplicitImportIdentityTypeTests" name="V3 composition (V1)" />
    </UnitTest>
    <UnitTest name="V3 engine (runtime)" storage="f:\vnext1\b25bab26\vsideproj.mef\bin\release\nonshipping\microsoft.visualstudio.composition.tests.dll" id="0f21975e-bac7-4e9c-9322-6b88a44ab135">
      <Execution id="7098c31d-cf9a-416d-a6cd-fff22baca501" />
      <TestMethod codeBase="f:\vnext1\b25bab26\VSIDEProj.MEF\bin\Release\NonShipping\Microsoft.VisualStudio.Composition.Tests.dll" adapterTypeName="Microsoft.VisualStudio.TestTools.TestTypes.Unit.UnitTestAdapter" className="Microsoft.VisualStudio.Composition.Tests.SharingBoundaryWithNonSharedTests" name="V3 engine (runtime)" />
    </UnitTest>
    <UnitTest name="V3 composition (V1, V2)" storage="f:\vnext1\b25bab26\vsideproj.mef\bin\release\nonshipping\microsoft.visualstudio.composition.tests.dll" id="1381c86e-c9a9-4ef8-8f52-d7baa8027b38">
      <Execution id="c7837caa-8652-4f0f-9076-f7ed6a6e4a29" />
      <TestMethod codeBase="f:\vnext1\b25bab26\VSIDEProj.MEF\bin\Release\NonShipping\Microsoft.VisualStudio.Composition.Tests.dll" adapterTypeName="Microsoft.VisualStudio.TestTools.TestTypes.Unit.UnitTestAdapter" className="Microsoft.VisualStudio.Composition.Tests.ObsoleteAttributeTests" name="V3 composition (V1, V2)" />
    </UnitTest>
    <UnitTest name="V3 composition (V1)" storage="f:\vnext1\b25bab26\vsideproj.mef\bin\release\nonshipping\microsoft.visualstudio.composition.tests.dll" id="8b7737e5-bf5b-4f61-ad56-f1bedd57a804">
      <Execution id="37e1af7e-8192-41d9-96e4-5e504cecbd61" />
      <TestMethod codeBase="f:\vnext1\b25bab26\VSIDEProj.MEF\bin\Release\NonShipping\Microsoft.VisualStudio.Composition.Tests.dll" adapterTypeName="Microsoft.VisualStudio.TestTools.TestTypes.Unit.UnitTestAdapter" className="Microsoft.VisualStudio.Composition.Tests.ImportSiteCreationPolicyTests" name="V3 composition (V1)" />
    </UnitTest>
    <UnitTest name="V3 engine (runtime)" storage="f:\vnext1\b25bab26\vsideproj.mef\bin\release\nonshipping\microsoft.visualstudio.composition.tests.dll" id="d521cc50-709e-43bc-b93d-c7a2a140248d">
      <Execution id="d3aa7ea9-09b1-4b91-965a-936621177d98" />
      <TestMethod codeBase="f:\vnext1\b25bab26\VSIDEProj.MEF\bin\Release\NonShipping\Microsoft.VisualStudio.Composition.Tests.dll" adapterTypeName="Microsoft.VisualStudio.TestTools.TestTypes.Unit.UnitTestAdapter" className="Microsoft.VisualStudio.Composition.Tests.OnImportsSatisfiedTests" name="V3 engine (runtime)" />
    </UnitTest>
    <UnitTest name="V3 composition (V1, V2)" storage="f:\vnext1\b25bab26\vsideproj.mef\bin\release\nonshipping\microsoft.visualstudio.composition.tests.dll" id="64b7ee2f-f9b5-4afa-aaa3-6a6191e51d8b">
      <Execution id="5552c91a-d1d0-468f-8ad5-727aac00e8a6" />
      <TestMethod codeBase="f:\vnext1\b25bab26\VSIDEProj.MEF\bin\Release\NonShipping\Microsoft.VisualStudio.Composition.Tests.dll" adapterTypeName="Microsoft.VisualStudio.TestTools.TestTypes.Unit.UnitTestAdapter" className="Microsoft.VisualStudio.Composition.Tests.EmbeddableTypesTests" name="V3 composition (V1, V2)" />
    </UnitTest>
    <UnitTest name="V3 composition (V1, V2)" storage="f:\vnext1\b25bab26\vsideproj.mef\bin\release\nonshipping\microsoft.visualstudio.composition.tests.dll" id="08b4812a-7683-4e95-86c4-e1082c070828">
      <Execution id="9a6ff6bc-733f-4687-a6be-6e8bc5f0622d" />
      <TestMethod codeBase="f:\vnext1\b25bab26\VSIDEProj.MEF\bin\Release\NonShipping\Microsoft.VisualStudio.Composition.Tests.dll" adapterTypeName="Microsoft.VisualStudio.TestTools.TestTypes.Unit.UnitTestAdapter" className="Microsoft.VisualStudio.Composition.Tests.OpenGenericExportTests" name="V3 composition (V1, V2)" />
    </UnitTest>
    <UnitTest name="V3 engine (runtime)" storage="f:\vnext1\b25bab26\vsideproj.mef\bin\release\nonshipping\microsoft.visualstudio.composition.tests.dll" id="fc7f1688-d50d-4ebb-88ba-671bf88f1d4e">
      <Execution id="449c4b4b-5ccb-4786-ab70-3411e2b0ebdc" />
      <TestMethod codeBase="f:\vnext1\b25bab26\VSIDEProj.MEF\bin\Release\NonShipping\Microsoft.VisualStudio.Composition.Tests.dll" adapterTypeName="Microsoft.VisualStudio.TestTools.TestTypes.Unit.UnitTestAdapter" className="Microsoft.VisualStudio.Composition.Tests.NonPublicImportsExportsTests" name="V3 engine (runtime)" />
    </UnitTest>
    <UnitTest name="V2" storage="f:\vnext1\b25bab26\vsideproj.mef\bin\release\nonshipping\microsoft.visualstudio.composition.tests.dll" id="91ad5afd-99b8-44c1-a087-eb89ba3ae2dd">
      <Execution id="a3ad1947-f5e3-4b57-8ab4-ae5919b7d261" />
      <TestMethod codeBase="f:\vnext1\b25bab26\VSIDEProj.MEF\bin\Release\NonShipping\Microsoft.VisualStudio.Composition.Tests.dll" adapterTypeName="Microsoft.VisualStudio.TestTools.TestTypes.Unit.UnitTestAdapter" className="Microsoft.VisualStudio.Composition.Tests.SharingBoundaryWithNonSharedTests" name="V2" />
    </UnitTest>
    <UnitTest name="V3 engine (runtime)" storage="f:\vnext1\b25bab26\vsideproj.mef\bin\release\nonshipping\microsoft.visualstudio.composition.tests.dll" id="93b4be93-8b14-4a5f-af06-028e72ab3afb">
      <Execution id="bab3d5e0-b218-4f2e-9912-c9b93d71ea6a" />
      <TestMethod codeBase="f:\vnext1\b25bab26\VSIDEProj.MEF\bin\Release\NonShipping\Microsoft.VisualStudio.Composition.Tests.dll" adapterTypeName="Microsoft.VisualStudio.TestTools.TestTypes.Unit.UnitTestAdapter" className="Microsoft.VisualStudio.Composition.Tests.ImportingConstructorTests" name="V3 engine (runtime)" />
    </UnitTest>
    <UnitTest name="V1" storage="f:\vnext1\b25bab26\vsideproj.mef\bin\release\nonshipping\microsoft.visualstudio.composition.tests.dll" id="c040e726-22e1-407f-b18a-428797048b07">
      <Execution id="71938a7e-74cf-47be-9604-522336d7a78c" />
      <TestMethod codeBase="f:\vnext1\b25bab26\VSIDEProj.MEF\bin\Release\NonShipping\Microsoft.VisualStudio.Composition.Tests.dll" adapterTypeName="Microsoft.VisualStudio.TestTools.TestTypes.Unit.UnitTestAdapter" className="Microsoft.VisualStudio.Composition.Tests.NonPublicImportsExportsTests" name="V1" />
    </UnitTest>
    <UnitTest name="V3 composition (V1, V2)" storage="f:\vnext1\b25bab26\vsideproj.mef\bin\release\nonshipping\microsoft.visualstudio.composition.tests.dll" id="d81bfb96-3dfe-4d52-8629-54b34dd7050c">
      <Execution id="40301a9b-42b1-40ef-b15a-89302e354a9d" />
      <TestMethod codeBase="f:\vnext1\b25bab26\VSIDEProj.MEF\bin\Release\NonShipping\Microsoft.VisualStudio.Composition.Tests.dll" adapterTypeName="Microsoft.VisualStudio.TestTools.TestTypes.Unit.UnitTestAdapter" className="Microsoft.VisualStudio.Composition.Tests.NamedTypedExportTests" name="V3 composition (V1, V2)" />
    </UnitTest>
    <UnitTest name="V1" storage="f:\vnext1\b25bab26\vsideproj.mef\bin\release\nonshipping\microsoft.visualstudio.composition.tests.dll" id="83306167-2c5f-4200-90b8-c3ff6d104d4a">
      <Execution id="736bc375-b8fd-4d94-b84d-0a6c5c29e845" />
      <TestMethod codeBase="f:\vnext1\b25bab26\VSIDEProj.MEF\bin\Release\NonShipping\Microsoft.VisualStudio.Composition.Tests.dll" adapterTypeName="Microsoft.VisualStudio.TestTools.TestTypes.Unit.UnitTestAdapter" className="Microsoft.VisualStudio.Composition.Tests.ImportingConstructorTests" name="V1" />
    </UnitTest>
    <UnitTest name="V3 engine (runtime)" storage="f:\vnext1\b25bab26\vsideproj.mef\bin\release\nonshipping\microsoft.visualstudio.composition.tests.dll" id="8956b4d7-53ff-4523-8461-576802230c66">
      <Execution id="7183e731-46ae-4ab0-b2cc-832086b911da" />
      <TestMethod codeBase="f:\vnext1\b25bab26\VSIDEProj.MEF\bin\Release\NonShipping\Microsoft.VisualStudio.Composition.Tests.dll" adapterTypeName="Microsoft.VisualStudio.TestTools.TestTypes.Unit.UnitTestAdapter" className="Microsoft.VisualStudio.Composition.Tests.ExportingMembersTests" name="V3 engine (runtime)" />
    </UnitTest>
    <UnitTest name="V3 composition (V2)" storage="f:\vnext1\b25bab26\vsideproj.mef\bin\release\nonshipping\microsoft.visualstudio.composition.tests.dll" id="a4c8d3c1-5e14-4756-8942-15f658ab803c">
      <Execution id="358744fd-c702-4b85-ac81-6b119f213323" />
      <TestMethod codeBase="f:\vnext1\b25bab26\VSIDEProj.MEF\bin\Release\NonShipping\Microsoft.VisualStudio.Composition.Tests.dll" adapterTypeName="Microsoft.VisualStudio.TestTools.TestTypes.Unit.UnitTestAdapter" className="Microsoft.VisualStudio.Composition.Tests.ProjectSystemMockTests" name="V3 composition (V2)" />
    </UnitTest>
    <UnitTest name="V2" storage="f:\vnext1\b25bab26\vsideproj.mef\bin\release\nonshipping\microsoft.visualstudio.composition.tests.dll" id="c02c775b-5135-4f28-a706-8d816a0c1837">
      <Execution id="ac251d30-5988-4ebe-93a6-6807b04cd639" />
      <TestMethod codeBase="f:\vnext1\b25bab26\VSIDEProj.MEF\bin\Release\NonShipping\Microsoft.VisualStudio.Composition.Tests.dll" adapterTypeName="Microsoft.VisualStudio.TestTools.TestTypes.Unit.UnitTestAdapter" className="Microsoft.VisualStudio.Composition.Tests.ImportingConstructorTests" name="V2" />
    </UnitTest>
    <UnitTest name="V1" storage="f:\vnext1\b25bab26\vsideproj.mef\bin\release\nonshipping\microsoft.visualstudio.composition.tests.dll" id="c7b381bf-738d-4589-a5bb-dac39d39f9e9">
      <Execution id="bb59e7b2-ace1-46af-bb8a-e255221f43ef" />
      <TestMethod codeBase="f:\vnext1\b25bab26\VSIDEProj.MEF\bin\Release\NonShipping\Microsoft.VisualStudio.Composition.Tests.dll" adapterTypeName="Microsoft.VisualStudio.TestTools.TestTypes.Unit.UnitTestAdapter" className="Microsoft.VisualStudio.Composition.Tests.ExportingMembersTests" name="V1" />
    </UnitTest>
    <UnitTest name="V3 composition (V1)" storage="f:\vnext1\b25bab26\vsideproj.mef\bin\release\nonshipping\microsoft.visualstudio.composition.tests.dll" id="886711c5-bb81-456a-914c-31566a453e49">
      <Execution id="11241460-6d1f-496e-a0e9-52f836d6836a" />
      <TestMethod codeBase="f:\vnext1\b25bab26\VSIDEProj.MEF\bin\Release\NonShipping\Microsoft.VisualStudio.Composition.Tests.dll" adapterTypeName="Microsoft.VisualStudio.TestTools.TestTypes.Unit.UnitTestAdapter" className="Microsoft.VisualStudio.Composition.Tests.DisposablePartsTests" name="V3 composition (V1)" />
    </UnitTest>
    <UnitTest name="V2" storage="f:\vnext1\b25bab26\vsideproj.mef\bin\release\nonshipping\microsoft.visualstudio.composition.tests.dll" id="6ebb2f63-3823-4c72-bcb4-cc26e5a58094">
      <Execution id="7de63b5f-6581-4be2-9885-8c24eff76f22" />
      <TestMethod codeBase="f:\vnext1\b25bab26\VSIDEProj.MEF\bin\Release\NonShipping\Microsoft.VisualStudio.Composition.Tests.dll" adapterTypeName="Microsoft.VisualStudio.TestTools.TestTypes.Unit.UnitTestAdapter" className="Microsoft.VisualStudio.Composition.Tests.ExportingMembersTests" name="V2" />
    </UnitTest>
    <UnitTest name="V3 composition (V2)" storage="f:\vnext1\b25bab26\vsideproj.mef\bin\release\nonshipping\microsoft.visualstudio.composition.tests.dll" id="6bf2da24-e649-4d80-b2ac-3baf4c001287">
      <Execution id="aaa4e823-78f5-459a-95de-2b7ee74376b0" />
      <TestMethod codeBase="f:\vnext1\b25bab26\VSIDEProj.MEF\bin\Release\NonShipping\Microsoft.VisualStudio.Composition.Tests.dll" adapterTypeName="Microsoft.VisualStudio.TestTools.TestTypes.Unit.UnitTestAdapter" className="Microsoft.VisualStudio.Composition.Tests.ExportProviderTests" name="V3 composition (V2)" />
    </UnitTest>
    <UnitTest name="V3 engine (runtime)" storage="f:\vnext1\b25bab26\vsideproj.mef\bin\release\nonshipping\microsoft.visualstudio.composition.tests.dll" id="0299aac9-28d8-4d7b-9f87-957ff4d0d33c">
      <Execution id="c6e6598f-f688-497b-a65e-d61b3e683ba0" />
      <TestMethod codeBase="f:\vnext1\b25bab26\VSIDEProj.MEF\bin\Release\NonShipping\Microsoft.VisualStudio.Composition.Tests.dll" adapterTypeName="Microsoft.VisualStudio.TestTools.TestTypes.Unit.UnitTestAdapter" className="Microsoft.VisualStudio.Composition.Tests.InvalidGraphTests" name="V3 engine (runtime)" />
    </UnitTest>
    <UnitTest name="V3 composition (V2)" storage="f:\vnext1\b25bab26\vsideproj.mef\bin\release\nonshipping\microsoft.visualstudio.composition.tests.dll" id="1f4e8130-7d47-4353-85e5-c6a1403e132c">
      <Execution id="23677aa3-d2e3-4a48-bbdb-e69f6ce01c80" />
      <TestMethod codeBase="f:\vnext1\b25bab26\VSIDEProj.MEF\bin\Release\NonShipping\Microsoft.VisualStudio.Composition.Tests.dll" adapterTypeName="Microsoft.VisualStudio.TestTools.TestTypes.Unit.UnitTestAdapter" className="Microsoft.VisualStudio.Composition.Tests.SharingBoundaryWithSharedTests" name="V3 composition (V2)" />
    </UnitTest>
    <UnitTest name="V1" storage="f:\vnext1\b25bab26\vsideproj.mef\bin\release\nonshipping\microsoft.visualstudio.composition.tests.dll" id="26af7246-fc55-41a1-b3cb-9b49f349e7ec">
      <Execution id="02331763-2b52-4526-aa90-b69b2d709878" />
      <TestMethod codeBase="f:\vnext1\b25bab26\VSIDEProj.MEF\bin\Release\NonShipping\Microsoft.VisualStudio.Composition.Tests.dll" adapterTypeName="Microsoft.VisualStudio.TestTools.TestTypes.Unit.UnitTestAdapter" className="Microsoft.VisualStudio.Composition.Tests.InvalidGraphTests" name="V1" />
    </UnitTest>
    <UnitTest name="V3 composition (V1)" storage="f:\vnext1\b25bab26\vsideproj.mef\bin\release\nonshipping\microsoft.visualstudio.composition.tests.dll" id="d9258569-7e48-454d-8562-f833fff01f68">
      <Execution id="283b6861-2a5b-407d-8260-293d318fe7fc" />
      <TestMethod codeBase="f:\vnext1\b25bab26\VSIDEProj.MEF\bin\Release\NonShipping\Microsoft.VisualStudio.Composition.Tests.dll" adapterTypeName="Microsoft.VisualStudio.TestTools.TestTypes.Unit.UnitTestAdapter" className="Microsoft.VisualStudio.Composition.Tests.ImportManyTests" name="V3 composition (V1)" />
    </UnitTest>
    <UnitTest name="V3 composition (V2)" storage="f:\vnext1\b25bab26\vsideproj.mef\bin\release\nonshipping\microsoft.visualstudio.composition.tests.dll" id="ea980438-2248-4dbf-b219-b7ada8281600">
      <Execution id="8cf2bb9b-bcc2-4478-af25-c0affa9b8bb8" />
      <TestMethod codeBase="f:\vnext1\b25bab26\VSIDEProj.MEF\bin\Release\NonShipping\Microsoft.VisualStudio.Composition.Tests.dll" adapterTypeName="Microsoft.VisualStudio.TestTools.TestTypes.Unit.UnitTestAdapter" className="Microsoft.VisualStudio.Composition.Tests.ImportedExportProviderTests" name="V3 composition (V2)" />
    </UnitTest>
    <UnitTest name="V3 engine (runtime)" storage="f:\vnext1\b25bab26\vsideproj.mef\bin\release\nonshipping\microsoft.visualstudio.composition.tests.dll" id="ccaa3e6e-4d7e-4337-a86c-61452e9bcd48">
      <Execution id="08e5bc94-fab4-445e-915e-5e8ebd222de4" />
      <TestMethod codeBase="f:\vnext1\b25bab26\VSIDEProj.MEF\bin\Release\NonShipping\Microsoft.VisualStudio.Composition.Tests.dll" adapterTypeName="Microsoft.VisualStudio.TestTools.TestTypes.Unit.UnitTestAdapter" className="Microsoft.VisualStudio.Composition.Tests.CircularDependencyTests" name="V3 engine (runtime)" />
    </UnitTest>
    <UnitTest name="V3 engine (runtime)" storage="f:\vnext1\b25bab26\vsideproj.mef\bin\release\nonshipping\microsoft.visualstudio.composition.tests.dll" id="419d08b3-e4e6-4546-b895-70aad5848284">
      <Execution id="ce185d86-ea30-4efa-bebe-fe1b50c875f2" />
      <TestMethod codeBase="f:\vnext1\b25bab26\VSIDEProj.MEF\bin\Release\NonShipping\Microsoft.VisualStudio.Composition.Tests.dll" adapterTypeName="Microsoft.VisualStudio.TestTools.TestTypes.Unit.UnitTestAdapter" className="Microsoft.VisualStudio.Composition.Tests.MefV1ExportProviderAdapterTests" name="V3 engine (runtime)" />
    </UnitTest>
    <UnitTest name="V1" storage="f:\vnext1\b25bab26\vsideproj.mef\bin\release\nonshipping\microsoft.visualstudio.composition.tests.dll" id="ff959bfa-7a31-46de-b8a2-f9eb9a197386">
      <Execution id="001ecd5e-f4b0-4a3b-a30a-48479af72a33" />
      <TestMethod codeBase="f:\vnext1\b25bab26\VSIDEProj.MEF\bin\Release\NonShipping\Microsoft.VisualStudio.Composition.Tests.dll" adapterTypeName="Microsoft.VisualStudio.TestTools.TestTypes.Unit.UnitTestAdapter" className="Microsoft.VisualStudio.Composition.Tests.MefV1ExportProviderAdapterTests" name="V1" />
    </UnitTest>
    <UnitTest name="V3 engine (runtime)" storage="f:\vnext1\b25bab26\vsideproj.mef\bin\release\nonshipping\microsoft.visualstudio.composition.tests.dll" id="d99567dd-cc0a-4480-b836-474f93b7b6ed">
      <Execution id="b66ce355-0ada-4289-9ea6-c55b2be81d2b" />
      <TestMethod codeBase="f:\vnext1\b25bab26\VSIDEProj.MEF\bin\Release\NonShipping\Microsoft.VisualStudio.Composition.Tests.dll" adapterTypeName="Microsoft.VisualStudio.TestTools.TestTypes.Unit.UnitTestAdapter" className="Microsoft.VisualStudio.Composition.Tests.ExplicitImportIdentityTypeTests" name="V3 engine (runtime)" />
    </UnitTest>
    <UnitTest name="V1" storage="f:\vnext1\b25bab26\vsideproj.mef\bin\release\nonshipping\microsoft.visualstudio.composition.tests.dll" id="ca3edfa9-757b-4ebd-acbc-254ccd73f248">
      <Execution id="2a258a03-f78b-4838-9034-32906132c1dd" />
      <TestMethod codeBase="f:\vnext1\b25bab26\VSIDEProj.MEF\bin\Release\NonShipping\Microsoft.VisualStudio.Composition.Tests.dll" adapterTypeName="Microsoft.VisualStudio.TestTools.TestTypes.Unit.UnitTestAdapter" className="Microsoft.VisualStudio.Composition.Tests.ExplicitImportIdentityTypeTests" name="V1" />
    </UnitTest>
    <UnitTest name="V3 engine (runtime)" storage="f:\vnext1\b25bab26\vsideproj.mef\bin\release\nonshipping\microsoft.visualstudio.composition.tests.dll" id="483890dd-0754-44af-b42a-0764ae64e2d7">
      <Execution id="cbfb541e-05c5-49e0-b01c-8072e9fcf2f2" />
      <TestMethod codeBase="f:\vnext1\b25bab26\VSIDEProj.MEF\bin\Release\NonShipping\Microsoft.VisualStudio.Composition.Tests.dll" adapterTypeName="Microsoft.VisualStudio.TestTools.TestTypes.Unit.UnitTestAdapter" className="Microsoft.VisualStudio.Composition.Tests.NamedTypedExportTests" name="V3 engine (runtime)" />
    </UnitTest>
    <UnitTest name="V3 engine (runtime)" storage="f:\vnext1\b25bab26\vsideproj.mef\bin\release\nonshipping\microsoft.visualstudio.composition.tests.dll" id="2eb347ce-5d48-4692-85bf-30c103b44e24">
      <Execution id="31c1444c-4d9e-4d24-8667-851ae55232c0" />
      <TestMethod codeBase="f:\vnext1\b25bab26\VSIDEProj.MEF\bin\Release\NonShipping\Microsoft.VisualStudio.Composition.Tests.dll" adapterTypeName="Microsoft.VisualStudio.TestTools.TestTypes.Unit.UnitTestAdapter" className="Microsoft.VisualStudio.Composition.Tests.ObsoleteAttributeTests" name="V3 engine (runtime)" />
    </UnitTest>
    <UnitTest name="V3 engine (runtime)" storage="f:\vnext1\b25bab26\vsideproj.mef\bin\release\nonshipping\microsoft.visualstudio.composition.tests.dll" id="9e4c252d-81d5-4347-9cfc-53ad6260cb62">
      <Execution id="e79b3862-10ba-4954-bfdb-f592acf881df" />
      <TestMethod codeBase="f:\vnext1\b25bab26\VSIDEProj.MEF\bin\Release\NonShipping\Microsoft.VisualStudio.Composition.Tests.dll" adapterTypeName="Microsoft.VisualStudio.TestTools.TestTypes.Unit.UnitTestAdapter" className="Microsoft.VisualStudio.Composition.Tests.ImportSiteCreationPolicyTests" name="V3 engine (runtime)" />
    </UnitTest>
    <UnitTest name="V3 composition (V2)" storage="f:\vnext1\b25bab26\vsideproj.mef\bin\release\nonshipping\microsoft.visualstudio.composition.tests.dll" id="533430a8-3485-4bd3-a5d5-6d0cbd6c3bce">
      <Execution id="11790ec1-4bd9-476c-8848-b6434e84322d" />
      <TestMethod codeBase="f:\vnext1\b25bab26\VSIDEProj.MEF\bin\Release\NonShipping\Microsoft.VisualStudio.Composition.Tests.dll" adapterTypeName="Microsoft.VisualStudio.TestTools.TestTypes.Unit.UnitTestAdapter" className="Microsoft.VisualStudio.Composition.Tests.CompositionServiceTests" name="V3 composition (V2)" />
    </UnitTest>
    <UnitTest name="V1" storage="f:\vnext1\b25bab26\vsideproj.mef\bin\release\nonshipping\microsoft.visualstudio.composition.tests.dll" id="d270c609-3d59-4438-acf6-f8aac4013370">
      <Execution id="9fb3bbb6-4c4e-47f0-ba4a-55b1a57498e7" />
      <TestMethod codeBase="f:\vnext1\b25bab26\VSIDEProj.MEF\bin\Release\NonShipping\Microsoft.VisualStudio.Composition.Tests.dll" adapterTypeName="Microsoft.VisualStudio.TestTools.TestTypes.Unit.UnitTestAdapter" className="Microsoft.VisualStudio.Composition.Tests.ImportSiteCreationPolicyTests" name="V1" />
    </UnitTest>
    <UnitTest name="V3 engine (runtime)" storage="f:\vnext1\b25bab26\vsideproj.mef\bin\release\nonshipping\microsoft.visualstudio.composition.tests.dll" id="149d0dfe-d14d-4f96-a4ab-6f6ee34108f2">
      <Execution id="19839ba5-5b83-4488-84c8-f3bd1902501f" />
      <TestMethod codeBase="f:\vnext1\b25bab26\VSIDEProj.MEF\bin\Release\NonShipping\Microsoft.VisualStudio.Composition.Tests.dll" adapterTypeName="Microsoft.VisualStudio.TestTools.TestTypes.Unit.UnitTestAdapter" className="Microsoft.VisualStudio.Composition.Tests.EmbeddableTypesTests" name="V3 engine (runtime)" />
    </UnitTest>
    <UnitTest name="V3 engine (runtime)" storage="f:\vnext1\b25bab26\vsideproj.mef\bin\release\nonshipping\microsoft.visualstudio.composition.tests.dll" id="fc283c17-2dbf-43a3-846e-c4c9144fcc03">
      <Execution id="6d311aa0-dfe2-4cc4-b1ce-d2e99816733b" />
      <TestMethod codeBase="f:\vnext1\b25bab26\VSIDEProj.MEF\bin\Release\NonShipping\Microsoft.VisualStudio.Composition.Tests.dll" adapterTypeName="Microsoft.VisualStudio.TestTools.TestTypes.Unit.UnitTestAdapter" className="Microsoft.VisualStudio.Composition.Tests.OpenGenericExportTests" name="V3 engine (runtime)" />
    </UnitTest>
    <UnitTest name="V1" storage="f:\vnext1\b25bab26\vsideproj.mef\bin\release\nonshipping\microsoft.visualstudio.composition.tests.dll" id="01c223d4-8ec5-4593-8e66-ef701feb9807">
      <Execution id="f93f6dcf-f155-4716-9844-bc9ce9ef4993" />
      <TestMethod codeBase="f:\vnext1\b25bab26\VSIDEProj.MEF\bin\Release\NonShipping\Microsoft.VisualStudio.Composition.Tests.dll" adapterTypeName="Microsoft.VisualStudio.TestTools.TestTypes.Unit.UnitTestAdapter" className="Microsoft.VisualStudio.Composition.Tests.OpenGenericExportTests" name="V1" />
    </UnitTest>
    <UnitTest name="V3 composition (V1)" storage="f:\vnext1\b25bab26\vsideproj.mef\bin\release\nonshipping\microsoft.visualstudio.composition.tests.dll" id="a56c69a5-b561-4390-b3e8-328a4dffb297">
      <Execution id="7bc018d6-35c0-4ddb-8844-8ab99342b94b" />
      <TestMethod codeBase="f:\vnext1\b25bab26\VSIDEProj.MEF\bin\Release\NonShipping\Microsoft.VisualStudio.Composition.Tests.dll" adapterTypeName="Microsoft.VisualStudio.TestTools.TestTypes.Unit.UnitTestAdapter" className="Microsoft.VisualStudio.Composition.Tests.ExportFactoryTests" name="V3 composition (V1)" />
    </UnitTest>
    <UnitTest name="V2" storage="f:\vnext1\b25bab26\vsideproj.mef\bin\release\nonshipping\microsoft.visualstudio.composition.tests.dll" id="ff53628f-f96f-4b85-b659-2038c036075f">
      <Execution id="fcd3f8cd-f8c5-4843-b3c1-9f2a3242cee1" />
      <TestMethod codeBase="f:\vnext1\b25bab26\VSIDEProj.MEF\bin\Release\NonShipping\Microsoft.VisualStudio.Composition.Tests.dll" adapterTypeName="Microsoft.VisualStudio.TestTools.TestTypes.Unit.UnitTestAdapter" className="Microsoft.VisualStudio.Composition.Tests.OpenGenericExportTests" name="V2" />
    </UnitTest>
    <UnitTest name="V3 composition (V1)" storage="f:\vnext1\b25bab26\vsideproj.mef\bin\release\nonshipping\microsoft.visualstudio.composition.tests.dll" id="e512f4e4-adb9-452b-8acd-fd56a8a8ca69">
      <Execution id="97a41dd9-d56d-4cd0-8050-5112e59383ba" />
      <TestMethod codeBase="f:\vnext1\b25bab26\VSIDEProj.MEF\bin\Release\NonShipping\Microsoft.VisualStudio.Composition.Tests.dll" adapterTypeName="Microsoft.VisualStudio.TestTools.TestTypes.Unit.UnitTestAdapter" className="Microsoft.VisualStudio.Composition.Tests.InheritedExportTests" name="V3 composition (V1)" />
    </UnitTest>
    <UnitTest name="AssemblyDiscoveryFindsTopLevelParts" storage="f:\vnext1\b25bab26\vsideproj.mef\bin\release\nonshipping\microsoft.visualstudio.composition.tests.dll" id="16afe28d-b90c-420f-9f42-e3825b2fbe1b">
      <Execution id="6ff9fda0-5f8a-4e25-a47c-67baeb81f2cf" />
      <TestMethod codeBase="f:\vnext1\b25bab26\VSIDEProj.MEF\bin\Release\NonShipping\Microsoft.VisualStudio.Composition.Tests.dll" adapterTypeName="Microsoft.VisualStudio.TestTools.TestTypes.Unit.UnitTestAdapter" className="Microsoft.VisualStudio.Composition.Tests.AttributedPartDiscoveryTests" name="AssemblyDiscoveryFindsTopLevelParts" />
    </UnitTest>
    <UnitTest name="IndexerInDerivedAndBase" storage="f:\vnext1\b25bab26\vsideproj.mef\bin\release\nonshipping\microsoft.visualstudio.composition.tests.dll" id="c8dd8799-dcd7-4b75-998e-ecab5a7a24fc">
      <Execution id="9d48679c-57f9-4221-835d-c5c653383ddc" />
      <TestMethod codeBase="f:\vnext1\b25bab26\VSIDEProj.MEF\bin\Release\NonShipping\Microsoft.VisualStudio.Composition.Tests.dll" adapterTypeName="Microsoft.VisualStudio.TestTools.TestTypes.Unit.UnitTestAdapter" className="Microsoft.VisualStudio.Composition.Tests.AttributedPartDiscoveryTests" name="IndexerInDerivedAndBase" />
    </UnitTest>
    <UnitTest name="V3 composition (V1, V2)" storage="f:\vnext1\b25bab26\vsideproj.mef\bin\release\nonshipping\microsoft.visualstudio.composition.tests.dll" id="44bd9264-ffca-411c-af6c-ad6a799c7f15">
      <Execution id="c86aa903-c69a-448c-ac02-739de174faf4" />
      <TestMethod codeBase="f:\vnext1\b25bab26\VSIDEProj.MEF\bin\Release\NonShipping\Microsoft.VisualStudio.Composition.Tests.dll" adapterTypeName="Microsoft.VisualStudio.TestTools.TestTypes.Unit.UnitTestAdapter" className="Microsoft.VisualStudio.Composition.Tests.ExportMetadataTests" name="V3 composition (V1, V2)" />
    </UnitTest>
    <UnitTest name="V3 composition (V1, V2)" storage="f:\vnext1\b25bab26\vsideproj.mef\bin\release\nonshipping\microsoft.visualstudio.composition.tests.dll" id="c1011efa-2254-402f-90a3-d5ae02ebcde7">
      <Execution id="3ac2e753-4bb1-4cb3-9c48-37f900e8a59c" />
      <TestMethod codeBase="f:\vnext1\b25bab26\VSIDEProj.MEF\bin\Release\NonShipping\Microsoft.VisualStudio.Composition.Tests.dll" adapterTypeName="Microsoft.VisualStudio.TestTools.TestTypes.Unit.UnitTestAdapter" className="Microsoft.VisualStudio.Composition.Tests.MultipleExportsOnPartTests" name="V3 composition (V1, V2)" />
    </UnitTest>
    <UnitTest name="V3 engine (runtime)" storage="f:\vnext1\b25bab26\vsideproj.mef\bin\release\nonshipping\microsoft.visualstudio.composition.tests.dll" id="f5d8736d-fe3e-468f-9f05-5333e6d9586b">
      <Execution id="a0b7a457-7890-4393-bfe5-6c7814fe2cc4" />
      <TestMethod codeBase="f:\vnext1\b25bab26\VSIDEProj.MEF\bin\Release\NonShipping\Microsoft.VisualStudio.Composition.Tests.dll" adapterTypeName="Microsoft.VisualStudio.TestTools.TestTypes.Unit.UnitTestAdapter" className="Microsoft.VisualStudio.Composition.Tests.DisposablePartsTests" name="V3 engine (runtime)" />
    </UnitTest>
    <UnitTest name="V3 engine (runtime)" storage="f:\vnext1\b25bab26\vsideproj.mef\bin\release\nonshipping\microsoft.visualstudio.composition.tests.dll" id="ca060066-a73d-495f-a8df-48702f941d7c">
      <Execution id="df09d636-2a28-4f16-8075-5ba78c647416" />
      <TestMethod codeBase="f:\vnext1\b25bab26\VSIDEProj.MEF\bin\Release\NonShipping\Microsoft.VisualStudio.Composition.Tests.dll" adapterTypeName="Microsoft.VisualStudio.TestTools.TestTypes.Unit.UnitTestAdapter" className="Microsoft.VisualStudio.Composition.Tests.ProjectSystemMockTests" name="V3 engine (runtime)" />
    </UnitTest>
    <UnitTest name="V1" storage="f:\vnext1\b25bab26\vsideproj.mef\bin\release\nonshipping\microsoft.visualstudio.composition.tests.dll" id="2e6baa4e-8418-44b9-8b5f-795f36da39a0">
      <Execution id="d2118e37-869e-4916-856f-2873567a2641" />
      <TestMethod codeBase="f:\vnext1\b25bab26\VSIDEProj.MEF\bin\Release\NonShipping\Microsoft.VisualStudio.Composition.Tests.dll" adapterTypeName="Microsoft.VisualStudio.TestTools.TestTypes.Unit.UnitTestAdapter" className="Microsoft.VisualStudio.Composition.Tests.DisposablePartsTests" name="V1" />
    </UnitTest>
    <UnitTest name="V2" storage="f:\vnext1\b25bab26\vsideproj.mef\bin\release\nonshipping\microsoft.visualstudio.composition.tests.dll" id="4861af45-272e-4ce1-b780-c1f8afda9047">
      <Execution id="954d3bec-bf8b-4bdc-bac2-613fa1b5968c" />
      <TestMethod codeBase="f:\vnext1\b25bab26\VSIDEProj.MEF\bin\Release\NonShipping\Microsoft.VisualStudio.Composition.Tests.dll" adapterTypeName="Microsoft.VisualStudio.TestTools.TestTypes.Unit.UnitTestAdapter" className="Microsoft.VisualStudio.Composition.Tests.DisposablePartsTests" name="V2" />
    </UnitTest>
    <UnitTest name="V3 engine (runtime)" storage="f:\vnext1\b25bab26\vsideproj.mef\bin\release\nonshipping\microsoft.visualstudio.composition.tests.dll" id="b4f15c1b-fc05-4cd5-b38f-48baa848451b">
      <Execution id="87eb4ab3-74b7-417e-9960-00d6f7c2bdc6" />
      <TestMethod codeBase="f:\vnext1\b25bab26\VSIDEProj.MEF\bin\Release\NonShipping\Microsoft.VisualStudio.Composition.Tests.dll" adapterTypeName="Microsoft.VisualStudio.TestTools.TestTypes.Unit.UnitTestAdapter" className="Microsoft.VisualStudio.Composition.Tests.ExportProviderTests" name="V3 engine (runtime)" />
    </UnitTest>
    <UnitTest name="V1" storage="f:\vnext1\b25bab26\vsideproj.mef\bin\release\nonshipping\microsoft.visualstudio.composition.tests.dll" id="bde3f023-1382-4050-84f9-299edf4bcbed">
      <Execution id="c9ba683e-c515-481a-9fe1-c9f90f19a343" />
      <TestMethod codeBase="f:\vnext1\b25bab26\VSIDEProj.MEF\bin\Release\NonShipping\Microsoft.VisualStudio.Composition.Tests.dll" adapterTypeName="Microsoft.VisualStudio.TestTools.TestTypes.Unit.UnitTestAdapter" className="Microsoft.VisualStudio.Composition.Tests.ExportProviderTests" name="V1" />
    </UnitTest>
    <UnitTest name="V3 engine (runtime)" storage="f:\vnext1\b25bab26\vsideproj.mef\bin\release\nonshipping\microsoft.visualstudio.composition.tests.dll" id="f6ae0384-95ec-423c-8212-a201cb45a4be">
      <Execution id="b5712cbf-1d09-44f4-a4f0-407b126eae20" />
      <TestMethod codeBase="f:\vnext1\b25bab26\VSIDEProj.MEF\bin\Release\NonShipping\Microsoft.VisualStudio.Composition.Tests.dll" adapterTypeName="Microsoft.VisualStudio.TestTools.TestTypes.Unit.UnitTestAdapter" className="Microsoft.VisualStudio.Composition.Tests.SharingBoundaryWithSharedTests" name="V3 engine (runtime)" />
    </UnitTest>
    <UnitTest name="V3 engine (runtime)" storage="f:\vnext1\b25bab26\vsideproj.mef\bin\release\nonshipping\microsoft.visualstudio.composition.tests.dll" id="4b461d6e-b16c-4313-9e31-eb88f8a5e21e">
      <Execution id="0d6dfb15-35c9-42e9-91c7-21b69bb014e6" />
      <TestMethod codeBase="f:\vnext1\b25bab26\VSIDEProj.MEF\bin\Release\NonShipping\Microsoft.VisualStudio.Composition.Tests.dll" adapterTypeName="Microsoft.VisualStudio.TestTools.TestTypes.Unit.UnitTestAdapter" className="Microsoft.VisualStudio.Composition.Tests.ImportManyTests" name="V3 engine (runtime)" />
    </UnitTest>
    <UnitTest name="V2" storage="f:\vnext1\b25bab26\vsideproj.mef\bin\release\nonshipping\microsoft.visualstudio.composition.tests.dll" id="3d7c8e26-fb78-4d78-bad0-b57077640117">
      <Execution id="68dea241-180d-46e6-816e-8050ca35f0a6" />
      <TestMethod codeBase="f:\vnext1\b25bab26\VSIDEProj.MEF\bin\Release\NonShipping\Microsoft.VisualStudio.Composition.Tests.dll" adapterTypeName="Microsoft.VisualStudio.TestTools.TestTypes.Unit.UnitTestAdapter" className="Microsoft.VisualStudio.Composition.Tests.ImportManyTests" name="V2" />
    </UnitTest>
    <UnitTest name="V3 engine (runtime)" storage="f:\vnext1\b25bab26\vsideproj.mef\bin\release\nonshipping\microsoft.visualstudio.composition.tests.dll" id="3adeae30-15ce-4c39-9223-b19225987988">
      <Execution id="1e77efd8-145d-4cad-90bf-bd485acec2d8" />
      <TestMethod codeBase="f:\vnext1\b25bab26\VSIDEProj.MEF\bin\Release\NonShipping\Microsoft.VisualStudio.Composition.Tests.dll" adapterTypeName="Microsoft.VisualStudio.TestTools.TestTypes.Unit.UnitTestAdapter" className="Microsoft.VisualStudio.Composition.Tests.ImportedExportProviderTests" name="V3 engine (runtime)" />
    </UnitTest>
    <UnitTest name="V3 composition (V2)" storage="f:\vnext1\b25bab26\vsideproj.mef\bin\release\nonshipping\microsoft.visualstudio.composition.tests.dll" id="9beae5d9-f239-4b17-ba3d-f0e41252ad50">
      <Execution id="49d538c1-5036-4ece-913f-e784d21255dd" />
      <TestMethod codeBase="f:\vnext1\b25bab26\VSIDEProj.MEF\bin\Release\NonShipping\Microsoft.VisualStudio.Composition.Tests.dll" adapterTypeName="Microsoft.VisualStudio.TestTools.TestTypes.Unit.UnitTestAdapter" className="Microsoft.VisualStudio.Composition.Tests.SharingBoundaryWithNonSharedTests" name="V3 composition (V2)" />
    </UnitTest>
    <UnitTest name="V3 composition (V1)" storage="f:\vnext1\b25bab26\vsideproj.mef\bin\release\nonshipping\microsoft.visualstudio.composition.tests.dll" id="b8e0bffc-5968-44e3-ac7e-f30d2bf9963b">
      <Execution id="1f824a16-f407-4c1d-a4e4-eec56e8114a4" />
      <TestMethod codeBase="f:\vnext1\b25bab26\VSIDEProj.MEF\bin\Release\NonShipping\Microsoft.VisualStudio.Composition.Tests.dll" adapterTypeName="Microsoft.VisualStudio.TestTools.TestTypes.Unit.UnitTestAdapter" className="Microsoft.VisualStudio.Composition.Tests.NonPublicImportsExportsTests" name="V3 composition (V1)" />
    </UnitTest>
    <UnitTest name="AssemblyDiscoveryFindsNestedParts" storage="f:\vnext1\b25bab26\vsideproj.mef\bin\release\nonshipping\microsoft.visualstudio.composition.tests.dll" id="59dca177-4cec-48d1-9a03-281344a26bbf">
      <Execution id="28801183-97a8-4b20-ad86-0c8d15964742" />
      <TestMethod codeBase="f:\vnext1\b25bab26\VSIDEProj.MEF\bin\Release\NonShipping\Microsoft.VisualStudio.Composition.Tests.dll" adapterTypeName="Microsoft.VisualStudio.TestTools.TestTypes.Unit.UnitTestAdapter" className="Microsoft.VisualStudio.Composition.Tests.AttributedPartDiscoveryV1Tests" name="AssemblyDiscoveryFindsNestedParts" />
    </UnitTest>
    <UnitTest name="PartMetadataInCatalogOmitsBaseClassMetadata" storage="f:\vnext1\b25bab26\vsideproj.mef\bin\release\nonshipping\microsoft.visualstudio.composition.tests.dll" id="db2631ed-f97c-4818-8883-f072633d9b0f">
      <Execution id="3b9b3c73-baa4-4d7b-8545-19d89e113c49" />
      <TestMethod codeBase="f:\vnext1\b25bab26\VSIDEProj.MEF\bin\Release\NonShipping\Microsoft.VisualStudio.Composition.Tests.dll" adapterTypeName="Microsoft.VisualStudio.TestTools.TestTypes.Unit.UnitTestAdapter" className="Microsoft.VisualStudio.Composition.Tests.AttributedPartDiscoveryV1Tests" name="PartMetadataInCatalogOmitsBaseClassMetadata" />
    </UnitTest>
    <UnitTest name="V3 engine (runtime)" storage="f:\vnext1\b25bab26\vsideproj.mef\bin\release\nonshipping\microsoft.visualstudio.composition.tests.dll" id="454ace1c-16b6-4c43-9629-9aa3bd9a1cf1">
      <Execution id="a8a609ab-1d23-4885-a672-233ff18d4089" />
      <TestMethod codeBase="f:\vnext1\b25bab26\VSIDEProj.MEF\bin\Release\NonShipping\Microsoft.VisualStudio.Composition.Tests.dll" adapterTypeName="Microsoft.VisualStudio.TestTools.TestTypes.Unit.UnitTestAdapter" className="Microsoft.VisualStudio.Composition.Tests.NamedTypedExportTests" name="V3 engine (runtime)" />
    </UnitTest>
    <UnitTest name="V3 engine (runtime)" storage="f:\vnext1\b25bab26\vsideproj.mef\bin\release\nonshipping\microsoft.visualstudio.composition.tests.dll" id="67e856e1-4233-49af-97a4-226c23d46c5e">
      <Execution id="107c1c87-7bd3-4704-b104-95e13ea44857" />
      <TestMethod codeBase="f:\vnext1\b25bab26\VSIDEProj.MEF\bin\Release\NonShipping\Microsoft.VisualStudio.Composition.Tests.dll" adapterTypeName="Microsoft.VisualStudio.TestTools.TestTypes.Unit.UnitTestAdapter" className="Microsoft.VisualStudio.Composition.Tests.ObsoleteAttributeTests" name="V3 engine (runtime)" />
    </UnitTest>
    <UnitTest name="V1" storage="f:\vnext1\b25bab26\vsideproj.mef\bin\release\nonshipping\microsoft.visualstudio.composition.tests.dll" id="09c5d715-fd05-4f29-8579-13d614489b65">
      <Execution id="f484c216-50fd-4e38-9882-17ad8147faf0" />
      <TestMethod codeBase="f:\vnext1\b25bab26\VSIDEProj.MEF\bin\Release\NonShipping\Microsoft.VisualStudio.Composition.Tests.dll" adapterTypeName="Microsoft.VisualStudio.TestTools.TestTypes.Unit.UnitTestAdapter" className="Microsoft.VisualStudio.Composition.Tests.NamedTypedExportTests" name="V1" />
    </UnitTest>
    <UnitTest name="V1" storage="f:\vnext1\b25bab26\vsideproj.mef\bin\release\nonshipping\microsoft.visualstudio.composition.tests.dll" id="192b52a4-9bd1-431b-ab3b-da7b00b9201a">
      <Execution id="40652065-2d34-46ac-9957-4dcfed10c6d3" />
      <TestMethod codeBase="f:\vnext1\b25bab26\VSIDEProj.MEF\bin\Release\NonShipping\Microsoft.VisualStudio.Composition.Tests.dll" adapterTypeName="Microsoft.VisualStudio.TestTools.TestTypes.Unit.UnitTestAdapter" className="Microsoft.VisualStudio.Composition.Tests.ObsoleteAttributeTests" name="V1" />
    </UnitTest>
    <UnitTest name="V3 engine (runtime)" storage="f:\vnext1\b25bab26\vsideproj.mef\bin\release\nonshipping\microsoft.visualstudio.composition.tests.dll" id="6f26976f-96a0-4ff4-9240-8814107f29c7">
      <Execution id="c0c4c2b4-aca3-4290-9988-e959cb7a77e4" />
      <TestMethod codeBase="f:\vnext1\b25bab26\VSIDEProj.MEF\bin\Release\NonShipping\Microsoft.VisualStudio.Composition.Tests.dll" adapterTypeName="Microsoft.VisualStudio.TestTools.TestTypes.Unit.UnitTestAdapter" className="Microsoft.VisualStudio.Composition.Tests.CompositionServiceTests" name="V3 engine (runtime)" />
    </UnitTest>
    <UnitTest name="AddCompositionServiceToCatalogTwice" storage="f:\vnext1\b25bab26\vsideproj.mef\bin\release\nonshipping\microsoft.visualstudio.composition.tests.dll" id="75c61cda-f645-4501-8a9f-592e5b6041fa">
      <Execution id="cb33608c-d658-4192-8b16-d70ea3b16ee2" />
      <TestMethod codeBase="f:\vnext1\b25bab26\VSIDEProj.MEF\bin\Release\NonShipping\Microsoft.VisualStudio.Composition.Tests.dll" adapterTypeName="Microsoft.VisualStudio.TestTools.TestTypes.Unit.UnitTestAdapter" className="Microsoft.VisualStudio.Composition.Tests.CompositionServiceTests" name="AddCompositionServiceToCatalogTwice" />
    </UnitTest>
    <UnitTest name="V2" storage="f:\vnext1\b25bab26\vsideproj.mef\bin\release\nonshipping\microsoft.visualstudio.composition.tests.dll" id="c1f10190-db49-4991-9f5d-0a43b94600de">
      <Execution id="57e1a0b4-37d5-4173-a7c7-5414fa2da7fb" />
      <TestMethod codeBase="f:\vnext1\b25bab26\VSIDEProj.MEF\bin\Release\NonShipping\Microsoft.VisualStudio.Composition.Tests.dll" adapterTypeName="Microsoft.VisualStudio.TestTools.TestTypes.Unit.UnitTestAdapter" className="Microsoft.VisualStudio.Composition.Tests.NamedTypedExportTests" name="V2" />
    </UnitTest>
    <UnitTest name="V3 composition (V1)" storage="f:\vnext1\b25bab26\vsideproj.mef\bin\release\nonshipping\microsoft.visualstudio.composition.tests.dll" id="b931e7f1-6411-440c-b0f1-9596bd34e441">
      <Execution id="368ef46d-aec2-416a-b4d4-34b2f5da2acd" />
      <TestMethod codeBase="f:\vnext1\b25bab26\VSIDEProj.MEF\bin\Release\NonShipping\Microsoft.VisualStudio.Composition.Tests.dll" adapterTypeName="Microsoft.VisualStudio.TestTools.TestTypes.Unit.UnitTestAdapter" className="Microsoft.VisualStudio.Composition.Tests.InvalidGraphTests" name="V3 composition (V1)" />
    </UnitTest>
    <UnitTest name="V2" storage="f:\vnext1\b25bab26\vsideproj.mef\bin\release\nonshipping\microsoft.visualstudio.composition.tests.dll" id="87c20d9f-bced-4451-b469-783a787f4139">
      <Execution id="52868654-2c24-415a-ab7f-d57ff29d5d32" />
      <TestMethod codeBase="f:\vnext1\b25bab26\VSIDEProj.MEF\bin\Release\NonShipping\Microsoft.VisualStudio.Composition.Tests.dll" adapterTypeName="Microsoft.VisualStudio.TestTools.TestTypes.Unit.UnitTestAdapter" className="Microsoft.VisualStudio.Composition.Tests.CompositionServiceTests" name="V2" />
    </UnitTest>
    <UnitTest name="V3 engine (runtime)" storage="f:\vnext1\b25bab26\vsideproj.mef\bin\release\nonshipping\microsoft.visualstudio.composition.tests.dll" id="eb563a26-10c9-48d8-97e4-f7544fd7cd76">
      <Execution id="a4ea123a-ce9f-4a2f-994b-f94c2efb625f" />
      <TestMethod codeBase="f:\vnext1\b25bab26\VSIDEProj.MEF\bin\Release\NonShipping\Microsoft.VisualStudio.Composition.Tests.dll" adapterTypeName="Microsoft.VisualStudio.TestTools.TestTypes.Unit.UnitTestAdapter" className="Microsoft.VisualStudio.Composition.Tests.EmbeddableTypesTests" name="V3 engine (runtime)" />
    </UnitTest>
    <UnitTest name="V3 composition (V1)" storage="f:\vnext1\b25bab26\vsideproj.mef\bin\release\nonshipping\microsoft.visualstudio.composition.tests.dll" id="e940873b-94c8-492d-80f0-b6fd77795b1a">
      <Execution id="16cd2f65-9a7a-4546-9e10-6fe508ff9831" />
      <TestMethod codeBase="f:\vnext1\b25bab26\VSIDEProj.MEF\bin\Release\NonShipping\Microsoft.VisualStudio.Composition.Tests.dll" adapterTypeName="Microsoft.VisualStudio.TestTools.TestTypes.Unit.UnitTestAdapter" className="Microsoft.VisualStudio.Composition.Tests.MefV1ExportProviderAdapterTests" name="V3 composition (V1)" />
    </UnitTest>
    <UnitTest name="V3 engine (runtime)" storage="f:\vnext1\b25bab26\vsideproj.mef\bin\release\nonshipping\microsoft.visualstudio.composition.tests.dll" id="7d3b9326-dbcd-412d-a319-7d883527f914">
      <Execution id="e0f935ef-5511-4019-9207-a20f2f3a984b" />
      <TestMethod codeBase="f:\vnext1\b25bab26\VSIDEProj.MEF\bin\Release\NonShipping\Microsoft.VisualStudio.Composition.Tests.dll" adapterTypeName="Microsoft.VisualStudio.TestTools.TestTypes.Unit.UnitTestAdapter" className="Microsoft.VisualStudio.Composition.Tests.ExportFactoryTests" name="V3 engine (runtime)" />
    </UnitTest>
    <UnitTest name="V3 engine (runtime)" storage="f:\vnext1\b25bab26\vsideproj.mef\bin\release\nonshipping\microsoft.visualstudio.composition.tests.dll" id="cf4f2ba5-62ca-477e-a81a-80ba6ec6ac0c">
      <Execution id="13e2b03f-a73e-4c98-8746-9e6e93c822c3" />
      <TestMethod codeBase="f:\vnext1\b25bab26\VSIDEProj.MEF\bin\Release\NonShipping\Microsoft.VisualStudio.Composition.Tests.dll" adapterTypeName="Microsoft.VisualStudio.TestTools.TestTypes.Unit.UnitTestAdapter" className="Microsoft.VisualStudio.Composition.Tests.InheritedExportTests" name="V3 engine (runtime)" />
    </UnitTest>
    <UnitTest name="V3 composition (V1)" storage="f:\vnext1\b25bab26\vsideproj.mef\bin\release\nonshipping\microsoft.visualstudio.composition.tests.dll" id="403e7178-4def-43a9-a8a2-f31bf393f4d1">
      <Execution id="7872d4d8-6d81-4bce-a609-9f43f4231094" />
      <TestMethod codeBase="f:\vnext1\b25bab26\VSIDEProj.MEF\bin\Release\NonShipping\Microsoft.VisualStudio.Composition.Tests.dll" adapterTypeName="Microsoft.VisualStudio.TestTools.TestTypes.Unit.UnitTestAdapter" className="Microsoft.VisualStudio.Composition.Tests.ExplicitImportIdentityTypeTests" name="V3 composition (V1)" />
    </UnitTest>
    <UnitTest name="V1" storage="f:\vnext1\b25bab26\vsideproj.mef\bin\release\nonshipping\microsoft.visualstudio.composition.tests.dll" id="136b75a7-a343-4d8e-a0d9-06c6dbf8ddc4">
      <Execution id="568604b2-e685-49d0-8f7a-b9d3224d637a" />
      <TestMethod codeBase="f:\vnext1\b25bab26\VSIDEProj.MEF\bin\Release\NonShipping\Microsoft.VisualStudio.Composition.Tests.dll" adapterTypeName="Microsoft.VisualStudio.TestTools.TestTypes.Unit.UnitTestAdapter" className="Microsoft.VisualStudio.Composition.Tests.InheritedExportTests" name="V1" />
    </UnitTest>
    <UnitTest name="V3 composition (V1, V2)" storage="f:\vnext1\b25bab26\vsideproj.mef\bin\release\nonshipping\microsoft.visualstudio.composition.tests.dll" id="c5670b81-1ed0-4fc4-93e2-7c23b9f4c148">
      <Execution id="675019b6-43da-4262-8d79-83c2e5c48f26" />
      <TestMethod codeBase="f:\vnext1\b25bab26\VSIDEProj.MEF\bin\Release\NonShipping\Microsoft.VisualStudio.Composition.Tests.dll" adapterTypeName="Microsoft.VisualStudio.TestTools.TestTypes.Unit.UnitTestAdapter" className="Microsoft.VisualStudio.Composition.Tests.FaultyPartsTests" name="V3 composition (V1, V2)" />
    </UnitTest>
    <UnitTest name="V3 engine (runtime)" storage="f:\vnext1\b25bab26\vsideproj.mef\bin\release\nonshipping\microsoft.visualstudio.composition.tests.dll" id="ee98d9ac-560b-4a6b-9fdc-a198eb92f4e1">
      <Execution id="36c18e63-baf1-446a-bce0-4795b3fab593" />
      <TestMethod codeBase="f:\vnext1\b25bab26\VSIDEProj.MEF\bin\Release\NonShipping\Microsoft.VisualStudio.Composition.Tests.dll" adapterTypeName="Microsoft.VisualStudio.TestTools.TestTypes.Unit.UnitTestAdapter" className="Microsoft.VisualStudio.Composition.Tests.ExportMetadataTests" name="V3 engine (runtime)" />
    </UnitTest>
    <UnitTest name="V3 engine (runtime)" storage="f:\vnext1\b25bab26\vsideproj.mef\bin\release\nonshipping\microsoft.visualstudio.composition.tests.dll" id="dbc3b802-264d-4881-b611-7e95a71fe3f7">
      <Execution id="51a523a5-0898-4bea-91bb-b2aef182d664" />
      <TestMethod codeBase="f:\vnext1\b25bab26\VSIDEProj.MEF\bin\Release\NonShipping\Microsoft.VisualStudio.Composition.Tests.dll" adapterTypeName="Microsoft.VisualStudio.TestTools.TestTypes.Unit.UnitTestAdapter" className="Microsoft.VisualStudio.Composition.Tests.MultipleExportsOnPartTests" name="V3 engine (runtime)" />
    </UnitTest>
    <UnitTest name="V3 composition (V1)" storage="f:\vnext1\b25bab26\vsideproj.mef\bin\release\nonshipping\microsoft.visualstudio.composition.tests.dll" id="a1243033-908d-4fc5-a459-3b6371604307">
      <Execution id="d1d2662c-5349-4384-a9d2-7de14f7114dd" />
      <TestMethod codeBase="f:\vnext1\b25bab26\VSIDEProj.MEF\bin\Release\NonShipping\Microsoft.VisualStudio.Composition.Tests.dll" adapterTypeName="Microsoft.VisualStudio.TestTools.TestTypes.Unit.UnitTestAdapter" className="Microsoft.VisualStudio.Composition.Tests.ImportSiteCreationPolicyTests" name="V3 composition (V1)" />
    </UnitTest>
    <UnitTest name="V3 engine (runtime)" storage="f:\vnext1\b25bab26\vsideproj.mef\bin\release\nonshipping\microsoft.visualstudio.composition.tests.dll" id="ba040b8f-fa5c-4a34-ba20-56e5840af0a4">
      <Execution id="04603afd-8cad-4efb-bb4b-0ca46d13cb4a" />
      <TestMethod codeBase="f:\vnext1\b25bab26\VSIDEProj.MEF\bin\Release\NonShipping\Microsoft.VisualStudio.Composition.Tests.dll" adapterTypeName="Microsoft.VisualStudio.TestTools.TestTypes.Unit.UnitTestAdapter" className="Microsoft.VisualStudio.Composition.Tests.NonPublicImportsExportsTests" name="V3 engine (runtime)" />
    </UnitTest>
    <UnitTest name="V1" storage="f:\vnext1\b25bab26\vsideproj.mef\bin\release\nonshipping\microsoft.visualstudio.composition.tests.dll" id="9e6b7c6d-fda8-4549-bfd9-544c1502cdbc">
      <Execution id="4c1f1c6b-4b5c-4912-9da9-fad037271908" />
      <TestMethod codeBase="f:\vnext1\b25bab26\VSIDEProj.MEF\bin\Release\NonShipping\Microsoft.VisualStudio.Composition.Tests.dll" adapterTypeName="Microsoft.VisualStudio.TestTools.TestTypes.Unit.UnitTestAdapter" className="Microsoft.VisualStudio.Composition.Tests.NonPublicImportsExportsTests" name="V1" />
    </UnitTest>
    <UnitTest name="V3 engine (runtime)" storage="f:\vnext1\b25bab26\vsideproj.mef\bin\release\nonshipping\microsoft.visualstudio.composition.tests.dll" id="8d899163-67e7-4b4a-9577-eb1e47a3403b">
      <Execution id="67d81195-f337-4813-a5fc-ede6a255907f" />
      <TestMethod codeBase="f:\vnext1\b25bab26\VSIDEProj.MEF\bin\Release\NonShipping\Microsoft.VisualStudio.Composition.Tests.dll" adapterTypeName="Microsoft.VisualStudio.TestTools.TestTypes.Unit.UnitTestAdapter" className="Microsoft.VisualStudio.Composition.Tests.SharingBoundaryWithNonSharedTests" name="V3 engine (runtime)" />
    </UnitTest>
    <UnitTest name="V3 composition (V1, V2)" storage="f:\vnext1\b25bab26\vsideproj.mef\bin\release\nonshipping\microsoft.visualstudio.composition.tests.dll" id="1fbbdc37-8d0f-4ed7-9efb-56599e1887e6">
      <Execution id="3251caf5-392b-488e-accf-2c37ea520913" />
      <TestMethod codeBase="f:\vnext1\b25bab26\VSIDEProj.MEF\bin\Release\NonShipping\Microsoft.VisualStudio.Composition.Tests.dll" adapterTypeName="Microsoft.VisualStudio.TestTools.TestTypes.Unit.UnitTestAdapter" className="Microsoft.VisualStudio.Composition.Tests.CustomMetadataAttributeTests" name="V3 composition (V1, V2)" />
    </UnitTest>
    <UnitTest name="V3 engine (runtime)" storage="f:\vnext1\b25bab26\vsideproj.mef\bin\release\nonshipping\microsoft.visualstudio.composition.tests.dll" id="7743ee84-ada5-4235-9c83-c42b88beea8a">
      <Execution id="0a809f27-407c-4e6b-a127-ab9b48cf6f6b" />
      <TestMethod codeBase="f:\vnext1\b25bab26\VSIDEProj.MEF\bin\Release\NonShipping\Microsoft.VisualStudio.Composition.Tests.dll" adapterTypeName="Microsoft.VisualStudio.TestTools.TestTypes.Unit.UnitTestAdapter" className="Microsoft.VisualStudio.Composition.Tests.InvalidGraphTests" name="V3 engine (runtime)" />
    </UnitTest>
    <UnitTest name="V3 composition (V2)" storage="f:\vnext1\b25bab26\vsideproj.mef\bin\release\nonshipping\microsoft.visualstudio.composition.tests.dll" id="60b1dbc2-620d-49ed-96cb-6db09f148370">
      <Execution id="a5bcb39f-98ad-4c94-85df-e801e55ef0d5" />
      <TestMethod codeBase="f:\vnext1\b25bab26\VSIDEProj.MEF\bin\Release\NonShipping\Microsoft.VisualStudio.Composition.Tests.dll" adapterTypeName="Microsoft.VisualStudio.TestTools.TestTypes.Unit.UnitTestAdapter" className="Microsoft.VisualStudio.Composition.Tests.ImportManyTests" name="V3 composition (V2)" />
    </UnitTest>
    <UnitTest name="V1" storage="f:\vnext1\b25bab26\vsideproj.mef\bin\release\nonshipping\microsoft.visualstudio.composition.tests.dll" id="e901e80f-3010-44e2-bf07-8335c5064f6f">
      <Execution id="ea0595d6-52e0-4955-93e6-1765a7f3ff20" />
      <TestMethod codeBase="f:\vnext1\b25bab26\VSIDEProj.MEF\bin\Release\NonShipping\Microsoft.VisualStudio.Composition.Tests.dll" adapterTypeName="Microsoft.VisualStudio.TestTools.TestTypes.Unit.UnitTestAdapter" className="Microsoft.VisualStudio.Composition.Tests.InvalidGraphTests" name="V1" />
    </UnitTest>
    <UnitTest name="V3 engine (runtime)" storage="f:\vnext1\b25bab26\vsideproj.mef\bin\release\nonshipping\microsoft.visualstudio.composition.tests.dll" id="d37cc685-7bcc-419e-b82c-246fbb12dc2d">
      <Execution id="dde00d4a-8e37-441a-bf07-094908f30673" />
      <TestMethod codeBase="f:\vnext1\b25bab26\VSIDEProj.MEF\bin\Release\NonShipping\Microsoft.VisualStudio.Composition.Tests.dll" adapterTypeName="Microsoft.VisualStudio.TestTools.TestTypes.Unit.UnitTestAdapter" className="Microsoft.VisualStudio.Composition.Tests.MefV1ExportProviderAdapterTests" name="V3 engine (runtime)" />
    </UnitTest>
    <UnitTest name="V3 engine (runtime)" storage="f:\vnext1\b25bab26\vsideproj.mef\bin\release\nonshipping\microsoft.visualstudio.composition.tests.dll" id="95ef57f1-0c6a-4dc6-bd37-27c5b9eb407e">
      <Execution id="a64f82fb-874b-4f39-bd90-5617e6ee688e" />
      <TestMethod codeBase="f:\vnext1\b25bab26\VSIDEProj.MEF\bin\Release\NonShipping\Microsoft.VisualStudio.Composition.Tests.dll" adapterTypeName="Microsoft.VisualStudio.TestTools.TestTypes.Unit.UnitTestAdapter" className="Microsoft.VisualStudio.Composition.Tests.ExplicitImportIdentityTypeTests" name="V3 engine (runtime)" />
    </UnitTest>
    <UnitTest name="V3 composition (V1)" storage="f:\vnext1\b25bab26\vsideproj.mef\bin\release\nonshipping\microsoft.visualstudio.composition.tests.dll" id="588f12f2-6bad-4505-abbf-9235ec4db042">
      <Execution id="c901c13a-24d9-43d0-8a0b-9e4a5a94bca1" />
      <TestMethod codeBase="f:\vnext1\b25bab26\VSIDEProj.MEF\bin\Release\NonShipping\Microsoft.VisualStudio.Composition.Tests.dll" adapterTypeName="Microsoft.VisualStudio.TestTools.TestTypes.Unit.UnitTestAdapter" className="Microsoft.VisualStudio.Composition.Tests.ObsoleteAttributeTests" name="V3 composition (V1)" />
    </UnitTest>
    <UnitTest name="V3 engine (runtime)" storage="f:\vnext1\b25bab26\vsideproj.mef\bin\release\nonshipping\microsoft.visualstudio.composition.tests.dll" id="84f556e7-ebdf-4f10-90f6-223ba622e263">
      <Execution id="8c0956b8-a275-4cd7-b6ea-3de3de63ec4b" />
      <TestMethod codeBase="f:\vnext1\b25bab26\VSIDEProj.MEF\bin\Release\NonShipping\Microsoft.VisualStudio.Composition.Tests.dll" adapterTypeName="Microsoft.VisualStudio.TestTools.TestTypes.Unit.UnitTestAdapter" className="Microsoft.VisualStudio.Composition.Tests.FaultyPartsTests" name="V3 engine (runtime)" />
    </UnitTest>
    <UnitTest name="V3 engine (runtime)" storage="f:\vnext1\b25bab26\vsideproj.mef\bin\release\nonshipping\microsoft.visualstudio.composition.tests.dll" id="9b1902b1-f4b8-4c4a-8269-f7161ddcc1ba">
      <Execution id="95f9b338-6290-495e-9713-dbb69bfb6052" />
      <TestMethod codeBase="f:\vnext1\b25bab26\VSIDEProj.MEF\bin\Release\NonShipping\Microsoft.VisualStudio.Composition.Tests.dll" adapterTypeName="Microsoft.VisualStudio.TestTools.TestTypes.Unit.UnitTestAdapter" className="Microsoft.VisualStudio.Composition.Tests.MultipleExportsOnPartTests" name="V3 engine (runtime)" />
    </UnitTest>
    <UnitTest name="V3 composition (V1, V2)" storage="f:\vnext1\b25bab26\vsideproj.mef\bin\release\nonshipping\microsoft.visualstudio.composition.tests.dll" id="009554b0-24b2-4bec-9440-cf9f6a58b262">
      <Execution id="6d43a711-19dc-4eaa-b305-33a638c84740" />
      <TestMethod codeBase="f:\vnext1\b25bab26\VSIDEProj.MEF\bin\Release\NonShipping\Microsoft.VisualStudio.Composition.Tests.dll" adapterTypeName="Microsoft.VisualStudio.TestTools.TestTypes.Unit.UnitTestAdapter" className="Microsoft.VisualStudio.Composition.Tests.ImportingConstructorTests" name="V3 composition (V1, V2)" />
    </UnitTest>
    <UnitTest name="V3 composition (V1+V2)" storage="f:\vnext1\b25bab26\vsideproj.mef\bin\release\nonshipping\microsoft.visualstudio.composition.tests.dll" id="9f54c783-445e-4f84-854b-0fd5fc5cdc78">
      <Execution id="58992dc1-fead-4264-b720-ef770f819e62" />
      <TestMethod codeBase="f:\vnext1\b25bab26\VSIDEProj.MEF\bin\Release\NonShipping\Microsoft.VisualStudio.Composition.Tests.dll" adapterTypeName="Microsoft.VisualStudio.TestTools.TestTypes.Unit.UnitTestAdapter" className="Microsoft.VisualStudio.Composition.Tests.SharingBoundaryWithSharedTests" name="V3 composition (V1+V2)" />
    </UnitTest>
    <UnitTest name="V3 engine (runtime)" storage="f:\vnext1\b25bab26\vsideproj.mef\bin\release\nonshipping\microsoft.visualstudio.composition.tests.dll" id="6d303521-32b4-4075-aa51-83a862a7dd4f">
      <Execution id="3f6405e4-4271-44e4-80c4-7632c8ad822a" />
      <TestMethod codeBase="f:\vnext1\b25bab26\VSIDEProj.MEF\bin\Release\NonShipping\Microsoft.VisualStudio.Composition.Tests.dll" adapterTypeName="Microsoft.VisualStudio.TestTools.TestTypes.Unit.UnitTestAdapter" className="Microsoft.VisualStudio.Composition.Tests.ImportSiteCreationPolicyTests" name="V3 engine (runtime)" />
    </UnitTest>
    <UnitTest name="V3 engine (runtime)" storage="f:\vnext1\b25bab26\vsideproj.mef\bin\release\nonshipping\microsoft.visualstudio.composition.tests.dll" id="e0f661ec-36fc-44a1-8c69-ab38d26ba240">
      <Execution id="ab849965-cd2d-4702-912d-9f6cb9b375c7" />
      <TestMethod codeBase="f:\vnext1\b25bab26\VSIDEProj.MEF\bin\Release\NonShipping\Microsoft.VisualStudio.Composition.Tests.dll" adapterTypeName="Microsoft.VisualStudio.TestTools.TestTypes.Unit.UnitTestAdapter" className="Microsoft.VisualStudio.Composition.Tests.ExportMetadataTests" name="V3 engine (runtime)" />
    </UnitTest>
    <UnitTest name="V1" storage="f:\vnext1\b25bab26\vsideproj.mef\bin\release\nonshipping\microsoft.visualstudio.composition.tests.dll" id="3aef8c0e-6c5d-4663-a6f0-e2969a77033f">
      <Execution id="ba7538bd-6093-4dd1-8794-69e5e7fa2061" />
      <TestMethod codeBase="f:\vnext1\b25bab26\VSIDEProj.MEF\bin\Release\NonShipping\Microsoft.VisualStudio.Composition.Tests.dll" adapterTypeName="Microsoft.VisualStudio.TestTools.TestTypes.Unit.UnitTestAdapter" className="Microsoft.VisualStudio.Composition.Tests.ImportSiteCreationPolicyTests" name="V1" />
    </UnitTest>
    <UnitTest name="V3 composition (V2)" storage="f:\vnext1\b25bab26\vsideproj.mef\bin\release\nonshipping\microsoft.visualstudio.composition.tests.dll" id="404937e7-ec6a-4282-b29e-722b38381c1e">
      <Execution id="1ab547b6-5ec3-4f2a-9f3c-e4164dd96b53" />
      <TestMethod codeBase="f:\vnext1\b25bab26\VSIDEProj.MEF\bin\Release\NonShipping\Microsoft.VisualStudio.Composition.Tests.dll" adapterTypeName="Microsoft.VisualStudio.TestTools.TestTypes.Unit.UnitTestAdapter" className="Microsoft.VisualStudio.Composition.Tests.CompositionServiceTests" name="V3 composition (V2)" />
    </UnitTest>
    <UnitTest name="V1" storage="f:\vnext1\b25bab26\vsideproj.mef\bin\release\nonshipping\microsoft.visualstudio.composition.tests.dll" id="24fcec6e-e61c-40a3-a6d2-02b3d89a2208">
      <Execution id="c125d986-edc2-4523-90f8-0bd41f6fb781" />
      <TestMethod codeBase="f:\vnext1\b25bab26\VSIDEProj.MEF\bin\Release\NonShipping\Microsoft.VisualStudio.Composition.Tests.dll" adapterTypeName="Microsoft.VisualStudio.TestTools.TestTypes.Unit.UnitTestAdapter" className="Microsoft.VisualStudio.Composition.Tests.ExportMetadataTests" name="V1" />
    </UnitTest>
    <UnitTest name="V3 composition (V1, V2)" storage="f:\vnext1\b25bab26\vsideproj.mef\bin\release\nonshipping\microsoft.visualstudio.composition.tests.dll" id="c423d44c-fd98-4601-a480-a454a6586946">
      <Execution id="c83e1796-0135-42ea-a0e1-3ce07673ee1a" />
      <TestMethod codeBase="f:\vnext1\b25bab26\VSIDEProj.MEF\bin\Release\NonShipping\Microsoft.VisualStudio.Composition.Tests.dll" adapterTypeName="Microsoft.VisualStudio.TestTools.TestTypes.Unit.UnitTestAdapter" className="Microsoft.VisualStudio.Composition.Tests.CircularDependencyTests" name="V3 composition (V1, V2)" />
    </UnitTest>
    <UnitTest name="V3 composition (V2)" storage="f:\vnext1\b25bab26\vsideproj.mef\bin\release\nonshipping\microsoft.visualstudio.composition.tests.dll" id="3d4bd5dc-d94f-485b-a6f4-4896700f2f24">
      <Execution id="ab2e4da5-b680-4cc8-85ab-e69a2a42b66c" />
      <TestMethod codeBase="f:\vnext1\b25bab26\VSIDEProj.MEF\bin\Release\NonShipping\Microsoft.VisualStudio.Composition.Tests.dll" adapterTypeName="Microsoft.VisualStudio.TestTools.TestTypes.Unit.UnitTestAdapter" className="Microsoft.VisualStudio.Composition.Tests.ProjectSystemMockTests" name="V3 composition (V2)" />
    </UnitTest>
    <UnitTest name="V3 composition (V1, V2)" storage="f:\vnext1\b25bab26\vsideproj.mef\bin\release\nonshipping\microsoft.visualstudio.composition.tests.dll" id="1665c00a-fd95-48f1-b134-51665dda7b65">
      <Execution id="0e51211d-080f-4ed9-96aa-2efc283add52" />
      <TestMethod codeBase="f:\vnext1\b25bab26\VSIDEProj.MEF\bin\Release\NonShipping\Microsoft.VisualStudio.Composition.Tests.dll" adapterTypeName="Microsoft.VisualStudio.TestTools.TestTypes.Unit.UnitTestAdapter" className="Microsoft.VisualStudio.Composition.Tests.OpenGenericExportTests" name="V3 composition (V1, V2)" />
    </UnitTest>
    <UnitTest name="V1" storage="f:\vnext1\b25bab26\vsideproj.mef\bin\release\nonshipping\microsoft.visualstudio.composition.tests.dll" id="75783d45-52a3-4ef0-b7f7-ed64d5868ddc">
      <Execution id="0a90802e-df36-4704-9f43-ad1275e5998a" />
      <TestMethod codeBase="f:\vnext1\b25bab26\VSIDEProj.MEF\bin\Release\NonShipping\Microsoft.VisualStudio.Composition.Tests.dll" adapterTypeName="Microsoft.VisualStudio.TestTools.TestTypes.Unit.UnitTestAdapter" className="Microsoft.VisualStudio.Composition.Tests.OpenGenericExportTests" name="V1" />
    </UnitTest>
    <UnitTest name="V3 composition (V1)" storage="f:\vnext1\b25bab26\vsideproj.mef\bin\release\nonshipping\microsoft.visualstudio.composition.tests.dll" id="667a59b7-c773-4cec-a9b3-205d95ef9865">
      <Execution id="33312f9c-5bb4-427d-a24b-d33c5a119dac" />
      <TestMethod codeBase="f:\vnext1\b25bab26\VSIDEProj.MEF\bin\Release\NonShipping\Microsoft.VisualStudio.Composition.Tests.dll" adapterTypeName="Microsoft.VisualStudio.TestTools.TestTypes.Unit.UnitTestAdapter" className="Microsoft.VisualStudio.Composition.Tests.ExportFactoryTests" name="V3 composition (V1)" />
    </UnitTest>
    <UnitTest name="V3 composition (V1)" storage="f:\vnext1\b25bab26\vsideproj.mef\bin\release\nonshipping\microsoft.visualstudio.composition.tests.dll" id="3575ebb4-f3b7-4169-bbdd-666e2ee0429e">
      <Execution id="f4b684ec-c911-4e1b-bf8f-9f9b083ee77b" />
      <TestMethod codeBase="f:\vnext1\b25bab26\VSIDEProj.MEF\bin\Release\NonShipping\Microsoft.VisualStudio.Composition.Tests.dll" adapterTypeName="Microsoft.VisualStudio.TestTools.TestTypes.Unit.UnitTestAdapter" className="Microsoft.VisualStudio.Composition.Tests.InheritedExportTests" name="V3 composition (V1)" />
    </UnitTest>
    <UnitTest name="V3 composition (V1)" storage="f:\vnext1\b25bab26\vsideproj.mef\bin\release\nonshipping\microsoft.visualstudio.composition.tests.dll" id="8bf9616e-56be-4672-9208-44c6775ac158">
      <Execution id="af00ecab-e702-4fba-8964-009e532e01a8" />
      <TestMethod codeBase="f:\vnext1\b25bab26\VSIDEProj.MEF\bin\Release\NonShipping\Microsoft.VisualStudio.Composition.Tests.dll" adapterTypeName="Microsoft.VisualStudio.TestTools.TestTypes.Unit.UnitTestAdapter" className="Microsoft.VisualStudio.Composition.Tests.ExportProviderTests" name="V3 composition (V1)" />
    </UnitTest>
    <UnitTest name="V3 composition (V1, V2)" storage="f:\vnext1\b25bab26\vsideproj.mef\bin\release\nonshipping\microsoft.visualstudio.composition.tests.dll" id="1c25246c-a9b1-412a-bbf2-313176aa2d27">
      <Execution id="a459dd99-d24e-4ec8-9d40-ef85e373caec" />
      <TestMethod codeBase="f:\vnext1\b25bab26\VSIDEProj.MEF\bin\Release\NonShipping\Microsoft.VisualStudio.Composition.Tests.dll" adapterTypeName="Microsoft.VisualStudio.TestTools.TestTypes.Unit.UnitTestAdapter" className="Microsoft.VisualStudio.Composition.Tests.ExportingMembersTests" name="V3 composition (V1, V2)" />
    </UnitTest>
    <UnitTest name="V3 engine (runtime)" storage="f:\vnext1\b25bab26\vsideproj.mef\bin\release\nonshipping\microsoft.visualstudio.composition.tests.dll" id="11d71ac9-5fe9-44e2-bbaf-ca847ba20672">
      <Execution id="dcc747d8-f09e-4585-9231-edb4891a5dd9" />
      <TestMethod codeBase="f:\vnext1\b25bab26\VSIDEProj.MEF\bin\Release\NonShipping\Microsoft.VisualStudio.Composition.Tests.dll" adapterTypeName="Microsoft.VisualStudio.TestTools.TestTypes.Unit.UnitTestAdapter" className="Microsoft.VisualStudio.Composition.Tests.CustomMetadataAttributeTests" name="V3 engine (runtime)" />
    </UnitTest>
    <UnitTest name="AssemblyLoadContext" storage="f:\vnext1\b25bab26\vsideproj.mef\bin\release\nonshipping\microsoft.visualstudio.composition.tests.dll" id="6f4887b0-2bff-4480-9954-b5e6ce3235e9">
      <Execution id="81faede0-1cdb-4ad9-ae91-e3bfcd6d48d3" />
      <TestMethod codeBase="f:\vnext1\b25bab26\VSIDEProj.MEF\bin\Release\NonShipping\Microsoft.VisualStudio.Composition.Tests.dll" adapterTypeName="Microsoft.VisualStudio.TestTools.TestTypes.Unit.UnitTestAdapter" className="Microsoft.VisualStudio.Composition.Tests.AttributedPartDiscoveryTests" name="AssemblyLoadContext" />
    </UnitTest>
    <UnitTest name="AssemblyDiscoveryOmitsNonDiscoverableParts_Combined" storage="f:\vnext1\b25bab26\vsideproj.mef\bin\release\nonshipping\microsoft.visualstudio.composition.tests.dll" id="f55f2f6c-b006-4e4c-93bb-16e80dc10669">
      <Execution id="7fc48a41-2e76-438d-a608-8505ec4a5c10" />
      <TestMethod codeBase="f:\vnext1\b25bab26\VSIDEProj.MEF\bin\Release\NonShipping\Microsoft.VisualStudio.Composition.Tests.dll" adapterTypeName="Microsoft.VisualStudio.TestTools.TestTypes.Unit.UnitTestAdapter" className="Microsoft.VisualStudio.Composition.Tests.AttributedPartDiscoveryV1Tests" name="AssemblyDiscoveryOmitsNonDiscoverableParts_Combined" />
    </UnitTest>
    <UnitTest name="V3 engine (runtime)" storage="f:\vnext1\b25bab26\vsideproj.mef\bin\release\nonshipping\microsoft.visualstudio.composition.tests.dll" id="02eb0415-0334-45a3-8ffb-0d7445efcd2f">
      <Execution id="70398c4e-e7e9-47cb-845d-5966c6f22457" />
      <TestMethod codeBase="f:\vnext1\b25bab26\VSIDEProj.MEF\bin\Release\NonShipping\Microsoft.VisualStudio.Composition.Tests.dll" adapterTypeName="Microsoft.VisualStudio.TestTools.TestTypes.Unit.UnitTestAdapter" className="Microsoft.VisualStudio.Composition.Tests.ImportManyTests" name="V3 engine (runtime)" />
    </UnitTest>
    <UnitTest name="V1" storage="f:\vnext1\b25bab26\vsideproj.mef\bin\release\nonshipping\microsoft.visualstudio.composition.tests.dll" id="5d2e2535-d20e-44a6-b545-960461ac32a5">
      <Execution id="f4fa4a9c-8779-4f0c-9f71-bf60aa164b9b" />
      <TestMethod codeBase="f:\vnext1\b25bab26\VSIDEProj.MEF\bin\Release\NonShipping\Microsoft.VisualStudio.Composition.Tests.dll" adapterTypeName="Microsoft.VisualStudio.TestTools.TestTypes.Unit.UnitTestAdapter" className="Microsoft.VisualStudio.Composition.Tests.ImportManyTests" name="V1" />
    </UnitTest>
    <UnitTest name="V2" storage="f:\vnext1\b25bab26\vsideproj.mef\bin\release\nonshipping\microsoft.visualstudio.composition.tests.dll" id="c1972f76-be19-4e38-aea3-b6b39d1b35f8">
      <Execution id="8237a2a1-6c36-434a-a22a-18cf28be936e" />
      <TestMethod codeBase="f:\vnext1\b25bab26\VSIDEProj.MEF\bin\Release\NonShipping\Microsoft.VisualStudio.Composition.Tests.dll" adapterTypeName="Microsoft.VisualStudio.TestTools.TestTypes.Unit.UnitTestAdapter" className="Microsoft.VisualStudio.Composition.Tests.CustomMetadataAttributeTests" name="V2" />
    </UnitTest>
    <UnitTest name="V3 engine (runtime)" storage="f:\vnext1\b25bab26\vsideproj.mef\bin\release\nonshipping\microsoft.visualstudio.composition.tests.dll" id="e0864b39-e793-4da3-b655-ff2fdb8412d2">
      <Execution id="fdeca494-4e6b-48a5-8936-3157e83c3866" />
      <TestMethod codeBase="f:\vnext1\b25bab26\VSIDEProj.MEF\bin\Release\NonShipping\Microsoft.VisualStudio.Composition.Tests.dll" adapterTypeName="Microsoft.VisualStudio.TestTools.TestTypes.Unit.UnitTestAdapter" className="Microsoft.VisualStudio.Composition.Tests.ObsoleteAttributeTests" name="V3 engine (runtime)" />
    </UnitTest>
    <UnitTest name="V2" storage="f:\vnext1\b25bab26\vsideproj.mef\bin\release\nonshipping\microsoft.visualstudio.composition.tests.dll" id="8e7c76a5-cc6a-4a77-af05-2b18c53f0664">
      <Execution id="a2789792-f9b8-4a6a-9134-241e97886898" />
      <TestMethod codeBase="f:\vnext1\b25bab26\VSIDEProj.MEF\bin\Release\NonShipping\Microsoft.VisualStudio.Composition.Tests.dll" adapterTypeName="Microsoft.VisualStudio.TestTools.TestTypes.Unit.UnitTestAdapter" className="Microsoft.VisualStudio.Composition.Tests.ImportManyTests" name="V2" />
    </UnitTest>
    <UnitTest name="V3 engine (runtime)" storage="f:\vnext1\b25bab26\vsideproj.mef\bin\release\nonshipping\microsoft.visualstudio.composition.tests.dll" id="80382391-27ae-4ddb-becc-e2617e992719">
      <Execution id="fb6d0419-b102-4f6f-886b-c6970e0da899" />
      <TestMethod codeBase="f:\vnext1\b25bab26\VSIDEProj.MEF\bin\Release\NonShipping\Microsoft.VisualStudio.Composition.Tests.dll" adapterTypeName="Microsoft.VisualStudio.TestTools.TestTypes.Unit.UnitTestAdapter" className="Microsoft.VisualStudio.Composition.Tests.FaultyPartsTests" name="V3 engine (runtime)" />
    </UnitTest>
    <UnitTest name="V3 composition (V1)" storage="f:\vnext1\b25bab26\vsideproj.mef\bin\release\nonshipping\microsoft.visualstudio.composition.tests.dll" id="fe27aaa0-31c2-42bc-9964-19b5eafe49a1">
      <Execution id="9f86723e-abf5-4d9b-96ba-e0e4949b296d" />
      <TestMethod codeBase="f:\vnext1\b25bab26\VSIDEProj.MEF\bin\Release\NonShipping\Microsoft.VisualStudio.Composition.Tests.dll" adapterTypeName="Microsoft.VisualStudio.TestTools.TestTypes.Unit.UnitTestAdapter" className="Microsoft.VisualStudio.Composition.Tests.NonPublicImportsExportsTests" name="V3 composition (V1)" />
    </UnitTest>
    <UnitTest name="V1" storage="f:\vnext1\b25bab26\vsideproj.mef\bin\release\nonshipping\microsoft.visualstudio.composition.tests.dll" id="8096cf8b-ed6e-452d-9f89-e2b14344ab7b">
      <Execution id="7cf0f1c1-be73-4b18-a584-02d60ff58e13" />
      <TestMethod codeBase="f:\vnext1\b25bab26\VSIDEProj.MEF\bin\Release\NonShipping\Microsoft.VisualStudio.Composition.Tests.dll" adapterTypeName="Microsoft.VisualStudio.TestTools.TestTypes.Unit.UnitTestAdapter" className="Microsoft.VisualStudio.Composition.Tests.FaultyPartsTests" name="V1" />
    </UnitTest>
    <UnitTest name="V3 engine (runtime)" storage="f:\vnext1\b25bab26\vsideproj.mef\bin\release\nonshipping\microsoft.visualstudio.composition.tests.dll" id="dca7e703-dd53-4f9e-aae1-ff6d6fe129cb">
      <Execution id="54b8e21e-b7e7-4677-9ace-a8805bba9e83" />
      <TestMethod codeBase="f:\vnext1\b25bab26\VSIDEProj.MEF\bin\Release\NonShipping\Microsoft.VisualStudio.Composition.Tests.dll" adapterTypeName="Microsoft.VisualStudio.TestTools.TestTypes.Unit.UnitTestAdapter" className="Microsoft.VisualStudio.Composition.Tests.ImportingConstructorTests" name="V3 engine (runtime)" />
    </UnitTest>
    <UnitTest name="V3 engine (runtime)" storage="f:\vnext1\b25bab26\vsideproj.mef\bin\release\nonshipping\microsoft.visualstudio.composition.tests.dll" id="0704bc62-cac2-416d-8f9c-f8b77e5106d9">
      <Execution id="a29d8982-cf37-4042-aae5-aa4d59aed61d" />
      <TestMethod codeBase="f:\vnext1\b25bab26\VSIDEProj.MEF\bin\Release\NonShipping\Microsoft.VisualStudio.Composition.Tests.dll" adapterTypeName="Microsoft.VisualStudio.TestTools.TestTypes.Unit.UnitTestAdapter" className="Microsoft.VisualStudio.Composition.Tests.SharingBoundaryWithSharedTests" name="V3 engine (runtime)" />
    </UnitTest>
    <UnitTest name="V2" storage="f:\vnext1\b25bab26\vsideproj.mef\bin\release\nonshipping\microsoft.visualstudio.composition.tests.dll" id="2d342664-4ed2-4e6d-9d87-665495164af4">
      <Execution id="ab40b24b-fe49-471d-92c0-9599b593e367" />
      <TestMethod codeBase="f:\vnext1\b25bab26\VSIDEProj.MEF\bin\Release\NonShipping\Microsoft.VisualStudio.Composition.Tests.dll" adapterTypeName="Microsoft.VisualStudio.TestTools.TestTypes.Unit.UnitTestAdapter" className="Microsoft.VisualStudio.Composition.Tests.SharingBoundaryWithSharedTests" name="V2" />
    </UnitTest>
    <UnitTest name="V3 engine (runtime)" storage="f:\vnext1\b25bab26\vsideproj.mef\bin\release\nonshipping\microsoft.visualstudio.composition.tests.dll" id="16821303-9a4b-410f-a22a-a972b17ad15f">
      <Execution id="32106bee-3242-4226-959d-2fdb7a4cba06" />
      <TestMethod codeBase="f:\vnext1\b25bab26\VSIDEProj.MEF\bin\Release\NonShipping\Microsoft.VisualStudio.Composition.Tests.dll" adapterTypeName="Microsoft.VisualStudio.TestTools.TestTypes.Unit.UnitTestAdapter" className="Microsoft.VisualStudio.Composition.Tests.CompositionServiceTests" name="V3 engine (runtime)" />
    </UnitTest>
    <UnitTest name="V3 engine (runtime)" storage="f:\vnext1\b25bab26\vsideproj.mef\bin\release\nonshipping\microsoft.visualstudio.composition.tests.dll" id="859ddaa3-dcb7-4fdd-b37b-1b3ea5f14cb9">
      <Execution id="3accef0c-5044-4c27-9635-1f4964a9e4c3" />
      <TestMethod codeBase="f:\vnext1\b25bab26\VSIDEProj.MEF\bin\Release\NonShipping\Microsoft.VisualStudio.Composition.Tests.dll" adapterTypeName="Microsoft.VisualStudio.TestTools.TestTypes.Unit.UnitTestAdapter" className="Microsoft.VisualStudio.Composition.Tests.CircularDependencyTests" name="V3 engine (runtime)" />
    </UnitTest>
    <UnitTest name="V3 engine (runtime)" storage="f:\vnext1\b25bab26\vsideproj.mef\bin\release\nonshipping\microsoft.visualstudio.composition.tests.dll" id="147ba4fd-f0d5-4544-a986-742d8fefc6ea">
      <Execution id="31a22321-935d-440c-af4e-5b51fdf64ab9" />
      <TestMethod codeBase="f:\vnext1\b25bab26\VSIDEProj.MEF\bin\Release\NonShipping\Microsoft.VisualStudio.Composition.Tests.dll" adapterTypeName="Microsoft.VisualStudio.TestTools.TestTypes.Unit.UnitTestAdapter" className="Microsoft.VisualStudio.Composition.Tests.ProjectSystemMockTests" name="V3 engine (runtime)" />
    </UnitTest>
    <UnitTest name="V3 engine (runtime)" storage="f:\vnext1\b25bab26\vsideproj.mef\bin\release\nonshipping\microsoft.visualstudio.composition.tests.dll" id="f3806ef1-0e28-42b1-beb7-3c6f3c06a040">
      <Execution id="78561e28-700a-4f5e-949d-fa4d71c3b9a5" />
      <TestMethod codeBase="f:\vnext1\b25bab26\VSIDEProj.MEF\bin\Release\NonShipping\Microsoft.VisualStudio.Composition.Tests.dll" adapterTypeName="Microsoft.VisualStudio.TestTools.TestTypes.Unit.UnitTestAdapter" className="Microsoft.VisualStudio.Composition.Tests.InheritedExportTests" name="V3 engine (runtime)" />
    </UnitTest>
    <UnitTest name="V1" storage="f:\vnext1\b25bab26\vsideproj.mef\bin\release\nonshipping\microsoft.visualstudio.composition.tests.dll" id="7a5de51f-8913-47b0-8ec4-4ee450abf892">
      <Execution id="274caf8c-2d13-4598-be6e-f4d962784c79" />
      <TestMethod codeBase="f:\vnext1\b25bab26\VSIDEProj.MEF\bin\Release\NonShipping\Microsoft.VisualStudio.Composition.Tests.dll" adapterTypeName="Microsoft.VisualStudio.TestTools.TestTypes.Unit.UnitTestAdapter" className="Microsoft.VisualStudio.Composition.Tests.InheritedExportTests" name="V1" />
    </UnitTest>
    <UnitTest name="V3 engine (runtime)" storage="f:\vnext1\b25bab26\vsideproj.mef\bin\release\nonshipping\microsoft.visualstudio.composition.tests.dll" id="a2adfbef-a47c-4ad3-86ed-099b66bb3fc7">
      <Execution id="bafc8802-f9d8-4a4f-98be-fe6fc21f04ca" />
      <TestMethod codeBase="f:\vnext1\b25bab26\VSIDEProj.MEF\bin\Release\NonShipping\Microsoft.VisualStudio.Composition.Tests.dll" adapterTypeName="Microsoft.VisualStudio.TestTools.TestTypes.Unit.UnitTestAdapter" className="Microsoft.VisualStudio.Composition.Tests.ExportFactoryTests" name="V3 engine (runtime)" />
    </UnitTest>
    <UnitTest name="V3 engine (runtime)" storage="f:\vnext1\b25bab26\vsideproj.mef\bin\release\nonshipping\microsoft.visualstudio.composition.tests.dll" id="b0374416-5231-400d-a573-0ba0a8f654e8">
      <Execution id="3df57e68-5245-4845-a289-5e5dd32e3534" />
      <TestMethod codeBase="f:\vnext1\b25bab26\VSIDEProj.MEF\bin\Release\NonShipping\Microsoft.VisualStudio.Composition.Tests.dll" adapterTypeName="Microsoft.VisualStudio.TestTools.TestTypes.Unit.UnitTestAdapter" className="Microsoft.VisualStudio.Composition.Tests.ExportProviderTests" name="V3 engine (runtime)" />
    </UnitTest>
    <UnitTest name="V1" storage="f:\vnext1\b25bab26\vsideproj.mef\bin\release\nonshipping\microsoft.visualstudio.composition.tests.dll" id="ac9f81c2-fc1a-48b3-b5d4-ed74af605a17">
      <Execution id="d7d7809f-de2d-49a9-8beb-12c2c750e2c9" />
      <TestMethod codeBase="f:\vnext1\b25bab26\VSIDEProj.MEF\bin\Release\NonShipping\Microsoft.VisualStudio.Composition.Tests.dll" adapterTypeName="Microsoft.VisualStudio.TestTools.TestTypes.Unit.UnitTestAdapter" className="Microsoft.VisualStudio.Composition.Tests.ExportFactoryTests" name="V1" />
    </UnitTest>
    <UnitTest name="V1" storage="f:\vnext1\b25bab26\vsideproj.mef\bin\release\nonshipping\microsoft.visualstudio.composition.tests.dll" id="25fec5db-defc-4a56-9b63-c454f9b33dc2">
      <Execution id="7dc7eb77-c995-4fd8-96d0-da573ee6307d" />
      <TestMethod codeBase="f:\vnext1\b25bab26\VSIDEProj.MEF\bin\Release\NonShipping\Microsoft.VisualStudio.Composition.Tests.dll" adapterTypeName="Microsoft.VisualStudio.TestTools.TestTypes.Unit.UnitTestAdapter" className="Microsoft.VisualStudio.Composition.Tests.ExportProviderTests" name="V1" />
    </UnitTest>
    <UnitTest name="V3 engine (runtime)" storage="f:\vnext1\b25bab26\vsideproj.mef\bin\release\nonshipping\microsoft.visualstudio.composition.tests.dll" id="01fcc03f-266c-4265-880b-16a28c9a7ac4">
      <Execution id="7e804f57-e146-4940-a730-b3d94d8f1339" />
      <TestMethod codeBase="f:\vnext1\b25bab26\VSIDEProj.MEF\bin\Release\NonShipping\Microsoft.VisualStudio.Composition.Tests.dll" adapterTypeName="Microsoft.VisualStudio.TestTools.TestTypes.Unit.UnitTestAdapter" className="Microsoft.VisualStudio.Composition.Tests.ExportingMembersTests" name="V3 engine (runtime)" />
    </UnitTest>
    <UnitTest name="V2" storage="f:\vnext1\b25bab26\vsideproj.mef\bin\release\nonshipping\microsoft.visualstudio.composition.tests.dll" id="8ed341d8-60f3-48c9-8a76-2c28d3da0d68">
      <Execution id="5d4b8a07-d3ca-4625-86a5-537ec46e923c" />
      <TestMethod codeBase="f:\vnext1\b25bab26\VSIDEProj.MEF\bin\Release\NonShipping\Microsoft.VisualStudio.Composition.Tests.dll" adapterTypeName="Microsoft.VisualStudio.TestTools.TestTypes.Unit.UnitTestAdapter" className="Microsoft.VisualStudio.Composition.Tests.ExportProviderTests" name="V2" />
    </UnitTest>
    <UnitTest name="V3 composition (V1, V2)" storage="f:\vnext1\b25bab26\vsideproj.mef\bin\release\nonshipping\microsoft.visualstudio.composition.tests.dll" id="cb98a503-59f8-47c9-af19-e5806ce0f9d8">
      <Execution id="952c5ece-e83e-4509-9ae0-c1de034d0b1a" />
      <TestMethod codeBase="f:\vnext1\b25bab26\VSIDEProj.MEF\bin\Release\NonShipping\Microsoft.VisualStudio.Composition.Tests.dll" adapterTypeName="Microsoft.VisualStudio.TestTools.TestTypes.Unit.UnitTestAdapter" className="Microsoft.VisualStudio.Composition.Tests.DisposablePartsTests" name="V3 composition (V1, V2)" />
    </UnitTest>
    <UnitTest name="V3 composition (V1)" storage="f:\vnext1\b25bab26\vsideproj.mef\bin\release\nonshipping\microsoft.visualstudio.composition.tests.dll" id="9e42d50b-eddb-43ab-b246-dbecba12fd30">
      <Execution id="68ebc56f-2b45-47b0-9a1a-3719be946907" />
      <TestMethod codeBase="f:\vnext1\b25bab26\VSIDEProj.MEF\bin\Release\NonShipping\Microsoft.VisualStudio.Composition.Tests.dll" adapterTypeName="Microsoft.VisualStudio.TestTools.TestTypes.Unit.UnitTestAdapter" className="Microsoft.VisualStudio.Composition.Tests.ImportSiteCreationPolicyTests" name="V3 composition (V1)" />
    </UnitTest>
    <UnitTest name="V3 composition (V1, V2)" storage="f:\vnext1\b25bab26\vsideproj.mef\bin\release\nonshipping\microsoft.visualstudio.composition.tests.dll" id="8b5d2a69-1052-424f-b940-561d1d865687">
      <Execution id="5535c6a2-369b-47df-bc6c-a979995530b9" />
      <TestMethod codeBase="f:\vnext1\b25bab26\VSIDEProj.MEF\bin\Release\NonShipping\Microsoft.VisualStudio.Composition.Tests.dll" adapterTypeName="Microsoft.VisualStudio.TestTools.TestTypes.Unit.UnitTestAdapter" className="Microsoft.VisualStudio.Composition.Tests.ImportedExportProviderTests" name="V3 composition (V1, V2)" />
    </UnitTest>
    <UnitTest name="V3 composition (V1, V2)" storage="f:\vnext1\b25bab26\vsideproj.mef\bin\release\nonshipping\microsoft.visualstudio.composition.tests.dll" id="4f3c0588-8dfa-498c-99f7-11c796399c04">
      <Execution id="8c9afbd6-93f2-4d2f-b6bf-87da724d56f5" />
      <TestMethod codeBase="f:\vnext1\b25bab26\VSIDEProj.MEF\bin\Release\NonShipping\Microsoft.VisualStudio.Composition.Tests.dll" adapterTypeName="Microsoft.VisualStudio.TestTools.TestTypes.Unit.UnitTestAdapter" className="Microsoft.VisualStudio.Composition.Tests.NamedTypedExportTests" name="V3 composition (V1, V2)" />
    </UnitTest>
    <UnitTest name="V3 engine (runtime)" storage="f:\vnext1\b25bab26\vsideproj.mef\bin\release\nonshipping\microsoft.visualstudio.composition.tests.dll" id="b7a2b4f7-8568-401d-97a3-42b8f580815e">
      <Execution id="2dbb8cb3-a56f-4a3f-828d-509dcf66a559" />
      <TestMethod codeBase="f:\vnext1\b25bab26\VSIDEProj.MEF\bin\Release\NonShipping\Microsoft.VisualStudio.Composition.Tests.dll" adapterTypeName="Microsoft.VisualStudio.TestTools.TestTypes.Unit.UnitTestAdapter" className="Microsoft.VisualStudio.Composition.Tests.NonPublicImportsExportsTests" name="V3 engine (runtime)" />
    </UnitTest>
    <UnitTest name="V3 composition (V1)" storage="f:\vnext1\b25bab26\vsideproj.mef\bin\release\nonshipping\microsoft.visualstudio.composition.tests.dll" id="35ff8fa2-3111-46a9-b3ca-ef02c971a671">
      <Execution id="b4b935be-112e-4211-af96-91e590c8594a" />
      <TestMethod codeBase="f:\vnext1\b25bab26\VSIDEProj.MEF\bin\Release\NonShipping\Microsoft.VisualStudio.Composition.Tests.dll" adapterTypeName="Microsoft.VisualStudio.TestTools.TestTypes.Unit.UnitTestAdapter" className="Microsoft.VisualStudio.Composition.Tests.ExportMetadataTests" name="V3 composition (V1)" />
    </UnitTest>
    <UnitTest name="V1" storage="f:\vnext1\b25bab26\vsideproj.mef\bin\release\nonshipping\microsoft.visualstudio.composition.tests.dll" id="48d96bae-cbe7-4771-a791-d8293b71603b">
      <Execution id="05e1af9a-ca7a-4244-b245-6ba3e9b28515" />
      <TestMethod codeBase="f:\vnext1\b25bab26\VSIDEProj.MEF\bin\Release\NonShipping\Microsoft.VisualStudio.Composition.Tests.dll" adapterTypeName="Microsoft.VisualStudio.TestTools.TestTypes.Unit.UnitTestAdapter" className="Microsoft.VisualStudio.Composition.Tests.NonPublicImportsExportsTests" name="V1" />
    </UnitTest>
    <UnitTest name="V3 engine (runtime)" storage="f:\vnext1\b25bab26\vsideproj.mef\bin\release\nonshipping\microsoft.visualstudio.composition.tests.dll" id="3e8db224-6bf5-41b0-aec1-6f28dec6a556">
      <Execution id="41c9434a-363d-40f9-8a7c-e67b2750a740" />
      <TestMethod codeBase="f:\vnext1\b25bab26\VSIDEProj.MEF\bin\Release\NonShipping\Microsoft.VisualStudio.Composition.Tests.dll" adapterTypeName="Microsoft.VisualStudio.TestTools.TestTypes.Unit.UnitTestAdapter" className="Microsoft.VisualStudio.Composition.Tests.ImportingConstructorTests" name="V3 engine (runtime)" />
    </UnitTest>
    <UnitTest name="V3 composition (V2)" storage="f:\vnext1\b25bab26\vsideproj.mef\bin\release\nonshipping\microsoft.visualstudio.composition.tests.dll" id="ff5fa0fc-5522-4b2a-adde-10fc8a126e42">
      <Execution id="a5109472-340c-45c5-b903-fe3a73b5ca8f" />
      <TestMethod codeBase="f:\vnext1\b25bab26\VSIDEProj.MEF\bin\Release\NonShipping\Microsoft.VisualStudio.Composition.Tests.dll" adapterTypeName="Microsoft.VisualStudio.TestTools.TestTypes.Unit.UnitTestAdapter" className="Microsoft.VisualStudio.Composition.Tests.CustomMetadataAttributeTests" name="V3 composition (V2)" />
    </UnitTest>
    <UnitTest name="V1" storage="f:\vnext1\b25bab26\vsideproj.mef\bin\release\nonshipping\microsoft.visualstudio.composition.tests.dll" id="89ee8625-d9e0-47c5-9b16-6d19cd2e44f2">
      <Execution id="54baabd7-09e9-477e-9f71-38f563c21ca0" />
      <TestMethod codeBase="f:\vnext1\b25bab26\VSIDEProj.MEF\bin\Release\NonShipping\Microsoft.VisualStudio.Composition.Tests.dll" adapterTypeName="Microsoft.VisualStudio.TestTools.TestTypes.Unit.UnitTestAdapter" className="Microsoft.VisualStudio.Composition.Tests.ImportingConstructorTests" name="V1" />
    </UnitTest>
    <UnitTest name="V2" storage="f:\vnext1\b25bab26\vsideproj.mef\bin\release\nonshipping\microsoft.visualstudio.composition.tests.dll" id="b5fc298a-7a52-43f7-9ffe-6dcdbdfd8a26">
      <Execution id="64843b34-536d-43f5-a571-eac780e40f64" />
      <TestMethod codeBase="f:\vnext1\b25bab26\VSIDEProj.MEF\bin\Release\NonShipping\Microsoft.VisualStudio.Composition.Tests.dll" adapterTypeName="Microsoft.VisualStudio.TestTools.TestTypes.Unit.UnitTestAdapter" className="Microsoft.VisualStudio.Composition.Tests.ImportingConstructorTests" name="V2" />
    </UnitTest>
    <UnitTest name="V3 engine (runtime)" storage="f:\vnext1\b25bab26\vsideproj.mef\bin\release\nonshipping\microsoft.visualstudio.composition.tests.dll" id="12a06f08-7a26-4904-a1b1-ccf41742c358">
      <Execution id="77504bb9-ac92-4272-93f0-6e5da8925026" />
      <TestMethod codeBase="f:\vnext1\b25bab26\VSIDEProj.MEF\bin\Release\NonShipping\Microsoft.VisualStudio.Composition.Tests.dll" adapterTypeName="Microsoft.VisualStudio.TestTools.TestTypes.Unit.UnitTestAdapter" className="Microsoft.VisualStudio.Composition.Tests.CircularDependencyTests" name="V3 engine (runtime)" />
    </UnitTest>
    <UnitTest name="V2" storage="f:\vnext1\b25bab26\vsideproj.mef\bin\release\nonshipping\microsoft.visualstudio.composition.tests.dll" id="31c90a4f-a817-4795-ac1f-1b0365e11b88">
      <Execution id="6417f6b0-98d5-4d8b-9e8e-11ebf76990a0" />
      <TestMethod codeBase="f:\vnext1\b25bab26\VSIDEProj.MEF\bin\Release\NonShipping\Microsoft.VisualStudio.Composition.Tests.dll" adapterTypeName="Microsoft.VisualStudio.TestTools.TestTypes.Unit.UnitTestAdapter" className="Microsoft.VisualStudio.Composition.Tests.CircularDependencyTests" name="V2" />
    </UnitTest>
    <UnitTest name="V3 composition (V1, V2)" storage="f:\vnext1\b25bab26\vsideproj.mef\bin\release\nonshipping\microsoft.visualstudio.composition.tests.dll" id="5c39e060-0a36-486f-9bf6-94aa08a40779">
      <Execution id="b8daa8f8-f65a-4622-8db2-96caa8e9b5fc" />
      <TestMethod codeBase="f:\vnext1\b25bab26\VSIDEProj.MEF\bin\Release\NonShipping\Microsoft.VisualStudio.Composition.Tests.dll" adapterTypeName="Microsoft.VisualStudio.TestTools.TestTypes.Unit.UnitTestAdapter" className="Microsoft.VisualStudio.Composition.Tests.MefV1ExportProviderAdapterTests" name="V3 composition (V1, V2)" />
    </UnitTest>
    <UnitTest name="V3 engine (runtime)" storage="f:\vnext1\b25bab26\vsideproj.mef\bin\release\nonshipping\microsoft.visualstudio.composition.tests.dll" id="60e405bb-9223-44d2-8c36-aafc119a5460">
      <Execution id="bddfa515-fa4e-461e-8353-9f42cebaa64d" />
      <TestMethod codeBase="f:\vnext1\b25bab26\VSIDEProj.MEF\bin\Release\NonShipping\Microsoft.VisualStudio.Composition.Tests.dll" adapterTypeName="Microsoft.VisualStudio.TestTools.TestTypes.Unit.UnitTestAdapter" className="Microsoft.VisualStudio.Composition.Tests.ExportingMembersTests" name="V3 engine (runtime)" />
    </UnitTest>
    <UnitTest name="V1" storage="f:\vnext1\b25bab26\vsideproj.mef\bin\release\nonshipping\microsoft.visualstudio.composition.tests.dll" id="99d53e3d-a3ed-489c-89a6-ab8cd9f1a7f7">
      <Execution id="2e6aaba5-13fe-4342-9a16-9b543fde30f6" />
      <TestMethod codeBase="f:\vnext1\b25bab26\VSIDEProj.MEF\bin\Release\NonShipping\Microsoft.VisualStudio.Composition.Tests.dll" adapterTypeName="Microsoft.VisualStudio.TestTools.TestTypes.Unit.UnitTestAdapter" className="Microsoft.VisualStudio.Composition.Tests.ExportingMembersTests" name="V1" />
    </UnitTest>
    <UnitTest name="V3 engine (runtime)" storage="f:\vnext1\b25bab26\vsideproj.mef\bin\release\nonshipping\microsoft.visualstudio.composition.tests.dll" id="1ffc6ef3-ca87-4678-b145-6bfbb3c2405f">
      <Execution id="8ccd0937-823c-4ba5-9613-25d7ce1906f5" />
      <TestMethod codeBase="f:\vnext1\b25bab26\VSIDEProj.MEF\bin\Release\NonShipping\Microsoft.VisualStudio.Composition.Tests.dll" adapterTypeName="Microsoft.VisualStudio.TestTools.TestTypes.Unit.UnitTestAdapter" className="Microsoft.VisualStudio.Composition.Tests.DisposablePartsTests" name="V3 engine (runtime)" />
    </UnitTest>
    <UnitTest name="V3 engine (runtime)" storage="f:\vnext1\b25bab26\vsideproj.mef\bin\release\nonshipping\microsoft.visualstudio.composition.tests.dll" id="431ec02f-ecc8-49d5-a436-d4f6b3b32881">
      <Execution id="e59a1057-1ab4-4588-9bdb-feae337d8eb5" />
      <TestMethod codeBase="f:\vnext1\b25bab26\VSIDEProj.MEF\bin\Release\NonShipping\Microsoft.VisualStudio.Composition.Tests.dll" adapterTypeName="Microsoft.VisualStudio.TestTools.TestTypes.Unit.UnitTestAdapter" className="Microsoft.VisualStudio.Composition.Tests.ImportSiteCreationPolicyTests" name="V3 engine (runtime)" />
    </UnitTest>
    <UnitTest name="V1" storage="f:\vnext1\b25bab26\vsideproj.mef\bin\release\nonshipping\microsoft.visualstudio.composition.tests.dll" id="f3a2720e-3838-43b0-9f19-59f9c251b114">
      <Execution id="d1884283-2fde-46e0-a5d7-0b942a26bab8" />
      <TestMethod codeBase="f:\vnext1\b25bab26\VSIDEProj.MEF\bin\Release\NonShipping\Microsoft.VisualStudio.Composition.Tests.dll" adapterTypeName="Microsoft.VisualStudio.TestTools.TestTypes.Unit.UnitTestAdapter" className="Microsoft.VisualStudio.Composition.Tests.ImportSiteCreationPolicyTests" name="V1" />
    </UnitTest>
    <UnitTest name="V3 composition (V2)" storage="f:\vnext1\b25bab26\vsideproj.mef\bin\release\nonshipping\microsoft.visualstudio.composition.tests.dll" id="79f2ef6b-09f6-4e18-b702-99786394b7ee">
      <Execution id="7d832200-de79-4f54-ac05-c9b9d6279eb3" />
      <TestMethod codeBase="f:\vnext1\b25bab26\VSIDEProj.MEF\bin\Release\NonShipping\Microsoft.VisualStudio.Composition.Tests.dll" adapterTypeName="Microsoft.VisualStudio.TestTools.TestTypes.Unit.UnitTestAdapter" className="Microsoft.VisualStudio.Composition.Tests.SharingBoundaryWithSharedTests" name="V3 composition (V2)" />
    </UnitTest>
    <UnitTest name="V2" storage="f:\vnext1\b25bab26\vsideproj.mef\bin\release\nonshipping\microsoft.visualstudio.composition.tests.dll" id="b5ff07c1-1dbf-40f8-8d68-33cdbcb1b1f9">
      <Execution id="0b18a577-443e-4bf3-a7de-70f7770d8618" />
      <TestMethod codeBase="f:\vnext1\b25bab26\VSIDEProj.MEF\bin\Release\NonShipping\Microsoft.VisualStudio.Composition.Tests.dll" adapterTypeName="Microsoft.VisualStudio.TestTools.TestTypes.Unit.UnitTestAdapter" className="Microsoft.VisualStudio.Composition.Tests.ThreadSafetyTests" name="V2" />
    </UnitTest>
    <UnitTest name="V3 composition (V1)" storage="f:\vnext1\b25bab26\vsideproj.mef\bin\release\nonshipping\microsoft.visualstudio.composition.tests.dll" id="ba31aba4-e972-4b6a-b357-c774e2ccaffb">
      <Execution id="ece544fd-24c5-4765-81a7-6766d09ac582" />
      <TestMethod codeBase="f:\vnext1\b25bab26\VSIDEProj.MEF\bin\Release\NonShipping\Microsoft.VisualStudio.Composition.Tests.dll" adapterTypeName="Microsoft.VisualStudio.TestTools.TestTypes.Unit.UnitTestAdapter" className="Microsoft.VisualStudio.Composition.Tests.InheritedExportTests" name="V3 composition (V1)" />
    </UnitTest>
    <UnitTest name="V3 engine (runtime)" storage="f:\vnext1\b25bab26\vsideproj.mef\bin\release\nonshipping\microsoft.visualstudio.composition.tests.dll" id="7905276d-7493-45cf-ac0d-96d6c57aecfd">
      <Execution id="3e8cefc4-250c-49aa-b253-4c2b1bfd5e2b" />
      <TestMethod codeBase="f:\vnext1\b25bab26\VSIDEProj.MEF\bin\Release\NonShipping\Microsoft.VisualStudio.Composition.Tests.dll" adapterTypeName="Microsoft.VisualStudio.TestTools.TestTypes.Unit.UnitTestAdapter" className="Microsoft.VisualStudio.Composition.Tests.MefV1ExportProviderAdapterTests" name="V3 engine (runtime)" />
    </UnitTest>
    <UnitTest name="V3 composition (V1)" storage="f:\vnext1\b25bab26\vsideproj.mef\bin\release\nonshipping\microsoft.visualstudio.composition.tests.dll" id="02ae68c5-352c-48d6-a1c9-b6907fd83479">
      <Execution id="c96e7606-670d-4835-867d-cc99e6160522" />
      <TestMethod codeBase="f:\vnext1\b25bab26\VSIDEProj.MEF\bin\Release\NonShipping\Microsoft.VisualStudio.Composition.Tests.dll" adapterTypeName="Microsoft.VisualStudio.TestTools.TestTypes.Unit.UnitTestAdapter" className="Microsoft.VisualStudio.Composition.Tests.ExportFactoryTests" name="V3 composition (V1)" />
    </UnitTest>
    <UnitTest name="V3 composition (V1, V2)" storage="f:\vnext1\b25bab26\vsideproj.mef\bin\release\nonshipping\microsoft.visualstudio.composition.tests.dll" id="9b194903-dea5-44e4-b112-fb5332f6c369">
      <Execution id="c1b3f39a-c6b9-47ba-8a7a-dcb2066d0431" />
      <TestMethod codeBase="f:\vnext1\b25bab26\VSIDEProj.MEF\bin\Release\NonShipping\Microsoft.VisualStudio.Composition.Tests.dll" adapterTypeName="Microsoft.VisualStudio.TestTools.TestTypes.Unit.UnitTestAdapter" className="Microsoft.VisualStudio.Composition.Tests.InvalidGraphTests" name="V3 composition (V1, V2)" />
    </UnitTest>
    <UnitTest name="V2" storage="f:\vnext1\b25bab26\vsideproj.mef\bin\release\nonshipping\microsoft.visualstudio.composition.tests.dll" id="74ccb9eb-cf13-47f0-90af-5cbb162de571">
      <Execution id="ec2d7af1-2d2f-46db-ac61-318a8cb514ae" />
      <TestMethod codeBase="f:\vnext1\b25bab26\VSIDEProj.MEF\bin\Release\NonShipping\Microsoft.VisualStudio.Composition.Tests.dll" adapterTypeName="Microsoft.VisualStudio.TestTools.TestTypes.Unit.UnitTestAdapter" className="Microsoft.VisualStudio.Composition.Tests.OpenGenericExportTests" name="V2" />
    </UnitTest>
    <UnitTest name="V3 engine (runtime)" storage="f:\vnext1\b25bab26\vsideproj.mef\bin\release\nonshipping\microsoft.visualstudio.composition.tests.dll" id="96973a46-f875-4abd-b666-d068d40b4087">
      <Execution id="c27522e4-277d-435a-9f02-161627a9c1b2" />
      <TestMethod codeBase="f:\vnext1\b25bab26\VSIDEProj.MEF\bin\Release\NonShipping\Microsoft.VisualStudio.Composition.Tests.dll" adapterTypeName="Microsoft.VisualStudio.TestTools.TestTypes.Unit.UnitTestAdapter" className="Microsoft.VisualStudio.Composition.Tests.ExportMetadataTests" name="V3 engine (runtime)" />
    </UnitTest>
    <UnitTest name="V3 composition (V1)" storage="f:\vnext1\b25bab26\vsideproj.mef\bin\release\nonshipping\microsoft.visualstudio.composition.tests.dll" id="463ea82d-da2d-423b-b2ca-a737378c0f6f">
      <Execution id="c1424240-b013-4d00-b76f-a655066edaf4" />
      <TestMethod codeBase="f:\vnext1\b25bab26\VSIDEProj.MEF\bin\Release\NonShipping\Microsoft.VisualStudio.Composition.Tests.dll" adapterTypeName="Microsoft.VisualStudio.TestTools.TestTypes.Unit.UnitTestAdapter" className="Microsoft.VisualStudio.Composition.Tests.NonPublicImportsExportsTests" name="V3 composition (V1)" />
    </UnitTest>
    <UnitTest name="V1" storage="f:\vnext1\b25bab26\vsideproj.mef\bin\release\nonshipping\microsoft.visualstudio.composition.tests.dll" id="f43853b0-99e9-4cc4-ab2d-8aef38f1771b">
      <Execution id="c26787f2-6eff-4039-8777-4d6b2187c30e" />
      <TestMethod codeBase="f:\vnext1\b25bab26\VSIDEProj.MEF\bin\Release\NonShipping\Microsoft.VisualStudio.Composition.Tests.dll" adapterTypeName="Microsoft.VisualStudio.TestTools.TestTypes.Unit.UnitTestAdapter" className="Microsoft.VisualStudio.Composition.Tests.ExportMetadataTests" name="V1" />
    </UnitTest>
    <UnitTest name="V3 engine (runtime)" storage="f:\vnext1\b25bab26\vsideproj.mef\bin\release\nonshipping\microsoft.visualstudio.composition.tests.dll" id="50bdb0f4-8648-4e38-a0cc-fad809773cd9">
      <Execution id="20ffccec-5505-4932-994b-eac4409b1a1f" />
      <TestMethod codeBase="f:\vnext1\b25bab26\VSIDEProj.MEF\bin\Release\NonShipping\Microsoft.VisualStudio.Composition.Tests.dll" adapterTypeName="Microsoft.VisualStudio.TestTools.TestTypes.Unit.UnitTestAdapter" className="Microsoft.VisualStudio.Composition.Tests.NamedTypedExportTests" name="V3 engine (runtime)" />
    </UnitTest>
    <UnitTest name="V3 engine (runtime)" storage="f:\vnext1\b25bab26\vsideproj.mef\bin\release\nonshipping\microsoft.visualstudio.composition.tests.dll" id="85e5ef41-c839-42fe-8468-104ce40c312f">
      <Execution id="d0c240c6-9329-41cd-9b17-496e410d254b" />
      <TestMethod codeBase="f:\vnext1\b25bab26\VSIDEProj.MEF\bin\Release\NonShipping\Microsoft.VisualStudio.Composition.Tests.dll" adapterTypeName="Microsoft.VisualStudio.TestTools.TestTypes.Unit.UnitTestAdapter" className="Microsoft.VisualStudio.Composition.Tests.CustomMetadataAttributeTests" name="V3 engine (runtime)" />
    </UnitTest>
    <UnitTest name="V2" storage="f:\vnext1\b25bab26\vsideproj.mef\bin\release\nonshipping\microsoft.visualstudio.composition.tests.dll" id="8073e733-1582-4b38-995e-0e6bf902b7b8">
      <Execution id="d42e548d-ab88-4dac-9826-b32c3b5ec9a0" />
      <TestMethod codeBase="f:\vnext1\b25bab26\VSIDEProj.MEF\bin\Release\NonShipping\Microsoft.VisualStudio.Composition.Tests.dll" adapterTypeName="Microsoft.VisualStudio.TestTools.TestTypes.Unit.UnitTestAdapter" className="Microsoft.VisualStudio.Composition.Tests.ExportMetadataTests" name="V2" />
    </UnitTest>
    <UnitTest name="V3 composition (V1, V2)" storage="f:\vnext1\b25bab26\vsideproj.mef\bin\release\nonshipping\microsoft.visualstudio.composition.tests.dll" id="19d29977-cf13-498a-9731-70eef7a48b68">
      <Execution id="4162acfc-7235-41ca-8eca-abab482409bd" />
      <TestMethod codeBase="f:\vnext1\b25bab26\VSIDEProj.MEF\bin\Release\NonShipping\Microsoft.VisualStudio.Composition.Tests.dll" adapterTypeName="Microsoft.VisualStudio.TestTools.TestTypes.Unit.UnitTestAdapter" className="Microsoft.VisualStudio.Composition.Tests.ImportManyTests" name="V3 composition (V1, V2)" />
    </UnitTest>
    <UnitTest name="V3 engine (runtime)" storage="f:\vnext1\b25bab26\vsideproj.mef\bin\release\nonshipping\microsoft.visualstudio.composition.tests.dll" id="345e21d1-c5bc-4b28-b1f8-8bfe7da9bda9">
      <Execution id="10236e73-af05-4d0e-90ee-3e7a750adcb9" />
      <TestMethod codeBase="f:\vnext1\b25bab26\VSIDEProj.MEF\bin\Release\NonShipping\Microsoft.VisualStudio.Composition.Tests.dll" adapterTypeName="Microsoft.VisualStudio.TestTools.TestTypes.Unit.UnitTestAdapter" className="Microsoft.VisualStudio.Composition.Tests.SharingBoundaryWithSharedTests" name="V3 engine (runtime)" />
    </UnitTest>
    <UnitTest name="V3 composition (V2)" storage="f:\vnext1\b25bab26\vsideproj.mef\bin\release\nonshipping\microsoft.visualstudio.composition.tests.dll" id="fc62d6d9-ece0-43f4-955f-1aef2e161b50">
      <Execution id="7edb3821-d51c-48f3-b7f1-b0d86fea8a15" />
      <TestMethod codeBase="f:\vnext1\b25bab26\VSIDEProj.MEF\bin\Release\NonShipping\Microsoft.VisualStudio.Composition.Tests.dll" adapterTypeName="Microsoft.VisualStudio.TestTools.TestTypes.Unit.UnitTestAdapter" className="Microsoft.VisualStudio.Composition.Tests.CircularDependencyTests" name="V3 composition (V2)" />
    </UnitTest>
    <UnitTest name="V3 composition (V2)" storage="f:\vnext1\b25bab26\vsideproj.mef\bin\release\nonshipping\microsoft.visualstudio.composition.tests.dll" id="6c9b9d10-6908-4eeb-a890-48f8316924e2">
      <Execution id="e8d4ee17-1069-4d12-9dcc-4d1a88b1cecc" />
      <TestMethod codeBase="f:\vnext1\b25bab26\VSIDEProj.MEF\bin\Release\NonShipping\Microsoft.VisualStudio.Composition.Tests.dll" adapterTypeName="Microsoft.VisualStudio.TestTools.TestTypes.Unit.UnitTestAdapter" className="Microsoft.VisualStudio.Composition.Tests.ImportedExportProviderTests" name="V3 composition (V2)" />
    </UnitTest>
    <UnitTest name="V1" storage="f:\vnext1\b25bab26\vsideproj.mef\bin\release\nonshipping\microsoft.visualstudio.composition.tests.dll" id="b06ab7fa-b80c-454f-969b-0047db2660eb">
      <Execution id="3965a7d8-23bd-40cb-9493-b139b54a30bc" />
      <TestMethod codeBase="f:\vnext1\b25bab26\VSIDEProj.MEF\bin\Release\NonShipping\Microsoft.VisualStudio.Composition.Tests.dll" adapterTypeName="Microsoft.VisualStudio.TestTools.TestTypes.Unit.UnitTestAdapter" className="Microsoft.VisualStudio.Composition.Tests.CircularDependencyTests" name="V1" />
    </UnitTest>
    <UnitTest name="V3 engine (runtime)" storage="f:\vnext1\b25bab26\vsideproj.mef\bin\release\nonshipping\microsoft.visualstudio.composition.tests.dll" id="b4c26f55-0113-44b7-aa18-49a8e06d529a">
      <Execution id="d35d683a-6e8e-42fa-bb5f-96c056dc8c5a" />
      <TestMethod codeBase="f:\vnext1\b25bab26\VSIDEProj.MEF\bin\Release\NonShipping\Microsoft.VisualStudio.Composition.Tests.dll" adapterTypeName="Microsoft.VisualStudio.TestTools.TestTypes.Unit.UnitTestAdapter" className="Microsoft.VisualStudio.Composition.Tests.InheritedExportTests" name="V3 engine (runtime)" />
    </UnitTest>
    <UnitTest name="V1" storage="f:\vnext1\b25bab26\vsideproj.mef\bin\release\nonshipping\microsoft.visualstudio.composition.tests.dll" id="beb68ad4-e924-4031-93c3-9eb15ecd68e8">
      <Execution id="82b7dc08-a9f9-48ed-9be0-e224587c4da0" />
      <TestMethod codeBase="f:\vnext1\b25bab26\VSIDEProj.MEF\bin\Release\NonShipping\Microsoft.VisualStudio.Composition.Tests.dll" adapterTypeName="Microsoft.VisualStudio.TestTools.TestTypes.Unit.UnitTestAdapter" className="Microsoft.VisualStudio.Composition.Tests.InheritedExportTests" name="V1" />
    </UnitTest>
    <UnitTest name="V2" storage="f:\vnext1\b25bab26\vsideproj.mef\bin\release\nonshipping\microsoft.visualstudio.composition.tests.dll" id="583cb97b-6eda-4b54-821a-a5162e68d404">
      <Execution id="32b0e15e-27de-47df-99c3-401076f333da" />
      <TestMethod codeBase="f:\vnext1\b25bab26\VSIDEProj.MEF\bin\Release\NonShipping\Microsoft.VisualStudio.Composition.Tests.dll" adapterTypeName="Microsoft.VisualStudio.TestTools.TestTypes.Unit.UnitTestAdapter" className="Microsoft.VisualStudio.Composition.Tests.CircularDependencyTests" name="V2" />
    </UnitTest>
    <UnitTest name="V3 composition (V1, V2)" storage="f:\vnext1\b25bab26\vsideproj.mef\bin\release\nonshipping\microsoft.visualstudio.composition.tests.dll" id="4d4782f5-f4d4-4f17-a2cc-20652208f651">
      <Execution id="719c29f1-d7ab-4131-9d4a-55672b87dfa7" />
      <TestMethod codeBase="f:\vnext1\b25bab26\VSIDEProj.MEF\bin\Release\NonShipping\Microsoft.VisualStudio.Composition.Tests.dll" adapterTypeName="Microsoft.VisualStudio.TestTools.TestTypes.Unit.UnitTestAdapter" className="Microsoft.VisualStudio.Composition.Tests.FaultyPartsTests" name="V3 composition (V1, V2)" />
    </UnitTest>
    <UnitTest name="V3 composition (V1, V2)" storage="f:\vnext1\b25bab26\vsideproj.mef\bin\release\nonshipping\microsoft.visualstudio.composition.tests.dll" id="b5bbe4ca-42ba-4e6e-9604-d146b023d522">
      <Execution id="c5710e36-45f6-4717-a420-412df5cfec31" />
      <TestMethod codeBase="f:\vnext1\b25bab26\VSIDEProj.MEF\bin\Release\NonShipping\Microsoft.VisualStudio.Composition.Tests.dll" adapterTypeName="Microsoft.VisualStudio.TestTools.TestTypes.Unit.UnitTestAdapter" className="Microsoft.VisualStudio.Composition.Tests.ExportProviderTests" name="V3 composition (V1, V2)" />
    </UnitTest>
    <UnitTest name="V1" storage="f:\vnext1\b25bab26\vsideproj.mef\bin\release\nonshipping\microsoft.visualstudio.composition.tests.dll" id="2c24622c-5a43-4473-ab26-f37359fc0918">
      <Execution id="fd18be71-8e71-45ba-b24f-2d846550eeb9" />
      <TestMethod codeBase="f:\vnext1\b25bab26\VSIDEProj.MEF\bin\Release\NonShipping\Microsoft.VisualStudio.Composition.Tests.dll" adapterTypeName="Microsoft.VisualStudio.TestTools.TestTypes.Unit.UnitTestAdapter" className="Microsoft.VisualStudio.Composition.Tests.CustomMetadataAttributeTests" name="V1" />
    </UnitTest>
    <UnitTest name="V3 composition (V1)" storage="f:\vnext1\b25bab26\vsideproj.mef\bin\release\nonshipping\microsoft.visualstudio.composition.tests.dll" id="b78fb65c-f143-4d68-90cb-60a2af48350d">
      <Execution id="271306db-a764-4ac7-b908-f7aacaf026f7" />
      <TestMethod codeBase="f:\vnext1\b25bab26\VSIDEProj.MEF\bin\Release\NonShipping\Microsoft.VisualStudio.Composition.Tests.dll" adapterTypeName="Microsoft.VisualStudio.TestTools.TestTypes.Unit.UnitTestAdapter" className="Microsoft.VisualStudio.Composition.Tests.ExportingMembersTests" name="V3 composition (V1)" />
    </UnitTest>
    <UnitTest name="V2" storage="f:\vnext1\b25bab26\vsideproj.mef\bin\release\nonshipping\microsoft.visualstudio.composition.tests.dll" id="e6605e82-35c4-4277-97d4-d6814e088cc7">
      <Execution id="410169b2-20ed-46d1-bbc0-8782f203b9eb" />
      <TestMethod codeBase="f:\vnext1\b25bab26\VSIDEProj.MEF\bin\Release\NonShipping\Microsoft.VisualStudio.Composition.Tests.dll" adapterTypeName="Microsoft.VisualStudio.TestTools.TestTypes.Unit.UnitTestAdapter" className="Microsoft.VisualStudio.Composition.Tests.CustomMetadataAttributeTests" name="V2" />
    </UnitTest>
    <UnitTest name="V3 composition (V1)" storage="f:\vnext1\b25bab26\vsideproj.mef\bin\release\nonshipping\microsoft.visualstudio.composition.tests.dll" id="7284924a-281d-4d32-8035-a385f288f223">
      <Execution id="4960aaf2-8a62-4044-93df-d23aa6d62676" />
      <TestMethod codeBase="f:\vnext1\b25bab26\VSIDEProj.MEF\bin\Release\NonShipping\Microsoft.VisualStudio.Composition.Tests.dll" adapterTypeName="Microsoft.VisualStudio.TestTools.TestTypes.Unit.UnitTestAdapter" className="Microsoft.VisualStudio.Composition.Tests.ImportSiteCreationPolicyTests" name="V3 composition (V1)" />
    </UnitTest>
    <UnitTest name="V2" storage="f:\vnext1\b25bab26\vsideproj.mef\bin\release\nonshipping\microsoft.visualstudio.composition.tests.dll" id="446ce771-6230-4047-b636-baac6b1a0a53">
      <Execution id="387e22dd-c39b-4140-b57a-0eceb10aa3de" />
      <TestMethod codeBase="f:\vnext1\b25bab26\VSIDEProj.MEF\bin\Release\NonShipping\Microsoft.VisualStudio.Composition.Tests.dll" adapterTypeName="Microsoft.VisualStudio.TestTools.TestTypes.Unit.UnitTestAdapter" className="Microsoft.VisualStudio.Composition.Tests.SharingBoundaryWithSharedTests" name="V2" />
    </UnitTest>
    <UnitTest name="V3 engine (runtime)" storage="f:\vnext1\b25bab26\vsideproj.mef\bin\release\nonshipping\microsoft.visualstudio.composition.tests.dll" id="4d3fa467-2f51-4a34-968e-889a0faa09a9">
      <Execution id="07e087e0-177b-4464-857c-f9687033bd98" />
      <TestMethod codeBase="f:\vnext1\b25bab26\VSIDEProj.MEF\bin\Release\NonShipping\Microsoft.VisualStudio.Composition.Tests.dll" adapterTypeName="Microsoft.VisualStudio.TestTools.TestTypes.Unit.UnitTestAdapter" className="Microsoft.VisualStudio.Composition.Tests.ExportFactoryTests" name="V3 engine (runtime)" />
    </UnitTest>
    <UnitTest name="V3 composition (V2)" storage="f:\vnext1\b25bab26\vsideproj.mef\bin\release\nonshipping\microsoft.visualstudio.composition.tests.dll" id="3902a969-2fdb-4cfa-8651-7f9e1bc2231f">
      <Execution id="ae4400b6-8f49-4adb-b16c-ebfbea5bcc47" />
      <TestMethod codeBase="f:\vnext1\b25bab26\VSIDEProj.MEF\bin\Release\NonShipping\Microsoft.VisualStudio.Composition.Tests.dll" adapterTypeName="Microsoft.VisualStudio.TestTools.TestTypes.Unit.UnitTestAdapter" className="Microsoft.VisualStudio.Composition.Tests.DisposablePartsTests" name="V3 composition (V2)" />
    </UnitTest>
    <UnitTest name="V3 engine (runtime)" storage="f:\vnext1\b25bab26\vsideproj.mef\bin\release\nonshipping\microsoft.visualstudio.composition.tests.dll" id="ca529be9-786d-4e00-9516-488891f9a910">
      <Execution id="23648ab2-dcd1-4a1f-8bde-6fc6ddaa49d6" />
      <TestMethod codeBase="f:\vnext1\b25bab26\VSIDEProj.MEF\bin\Release\NonShipping\Microsoft.VisualStudio.Composition.Tests.dll" adapterTypeName="Microsoft.VisualStudio.TestTools.TestTypes.Unit.UnitTestAdapter" className="Microsoft.VisualStudio.Composition.Tests.InvalidGraphTests" name="V3 engine (runtime)" />
    </UnitTest>
    <UnitTest name="V3 engine (runtime)" storage="f:\vnext1\b25bab26\vsideproj.mef\bin\release\nonshipping\microsoft.visualstudio.composition.tests.dll" id="489b5549-777c-45d7-b549-ac03386d9b33">
      <Execution id="bb688a53-ae89-4e6a-a4ee-55c0a28ab909" />
      <TestMethod codeBase="f:\vnext1\b25bab26\VSIDEProj.MEF\bin\Release\NonShipping\Microsoft.VisualStudio.Composition.Tests.dll" adapterTypeName="Microsoft.VisualStudio.TestTools.TestTypes.Unit.UnitTestAdapter" className="Microsoft.VisualStudio.Composition.Tests.NonPublicImportsExportsTests" name="V3 engine (runtime)" />
    </UnitTest>
    <UnitTest name="V1" storage="f:\vnext1\b25bab26\vsideproj.mef\bin\release\nonshipping\microsoft.visualstudio.composition.tests.dll" id="baf117b2-3c7a-4439-8487-9d607407e43a">
      <Execution id="edca6ad7-cc56-4c2e-9c9e-cce6781c0751" />
      <TestMethod codeBase="f:\vnext1\b25bab26\VSIDEProj.MEF\bin\Release\NonShipping\Microsoft.VisualStudio.Composition.Tests.dll" adapterTypeName="Microsoft.VisualStudio.TestTools.TestTypes.Unit.UnitTestAdapter" className="Microsoft.VisualStudio.Composition.Tests.ExportFactoryTests" name="V1" />
    </UnitTest>
    <UnitTest name="V3 engine (runtime)" storage="f:\vnext1\b25bab26\vsideproj.mef\bin\release\nonshipping\microsoft.visualstudio.composition.tests.dll" id="fc8a9ff1-adbb-41f1-919f-fec0a8e291fe">
      <Execution id="451b40cf-223b-4199-aff6-946921a97aac" />
      <TestMethod codeBase="f:\vnext1\b25bab26\VSIDEProj.MEF\bin\Release\NonShipping\Microsoft.VisualStudio.Composition.Tests.dll" adapterTypeName="Microsoft.VisualStudio.TestTools.TestTypes.Unit.UnitTestAdapter" className="Microsoft.VisualStudio.Composition.Tests.NamedTypedExportTests" name="V3 engine (runtime)" />
    </UnitTest>
    <UnitTest name="V1" storage="f:\vnext1\b25bab26\vsideproj.mef\bin\release\nonshipping\microsoft.visualstudio.composition.tests.dll" id="2af65c13-cc4f-4287-888a-072fc70a4246">
      <Execution id="65cfcfee-184f-4b02-9087-4f7c2f5088a6" />
      <TestMethod codeBase="f:\vnext1\b25bab26\VSIDEProj.MEF\bin\Release\NonShipping\Microsoft.VisualStudio.Composition.Tests.dll" adapterTypeName="Microsoft.VisualStudio.TestTools.TestTypes.Unit.UnitTestAdapter" className="Microsoft.VisualStudio.Composition.Tests.NonPublicImportsExportsTests" name="V1" />
    </UnitTest>
    <UnitTest name="V1" storage="f:\vnext1\b25bab26\vsideproj.mef\bin\release\nonshipping\microsoft.visualstudio.composition.tests.dll" id="1517d199-b54c-42a9-a3e2-7330509fd8b7">
      <Execution id="70c98a71-fc98-4706-b6e3-ea8caf035560" />
      <TestMethod codeBase="f:\vnext1\b25bab26\VSIDEProj.MEF\bin\Release\NonShipping\Microsoft.VisualStudio.Composition.Tests.dll" adapterTypeName="Microsoft.VisualStudio.TestTools.TestTypes.Unit.UnitTestAdapter" className="Microsoft.VisualStudio.Composition.Tests.NamedTypedExportTests" name="V1" />
    </UnitTest>
    <UnitTest name="V3 engine (runtime)" storage="f:\vnext1\b25bab26\vsideproj.mef\bin\release\nonshipping\microsoft.visualstudio.composition.tests.dll" id="ca094d3b-6c4b-47de-b5ab-41e6aac6c7db">
      <Execution id="2f2671ea-90ca-4783-9a16-858f8210ff14" />
      <TestMethod codeBase="f:\vnext1\b25bab26\VSIDEProj.MEF\bin\Release\NonShipping\Microsoft.VisualStudio.Composition.Tests.dll" adapterTypeName="Microsoft.VisualStudio.TestTools.TestTypes.Unit.UnitTestAdapter" className="Microsoft.VisualStudio.Composition.Tests.ImportManyTests" name="V3 engine (runtime)" />
    </UnitTest>
    <UnitTest name="V3 engine (runtime)" storage="f:\vnext1\b25bab26\vsideproj.mef\bin\release\nonshipping\microsoft.visualstudio.composition.tests.dll" id="f4b6900d-81a9-45ed-8c71-02c51cbbb943">
      <Execution id="7368b21c-a167-404d-8de6-dc17b81a70d8" />
      <TestMethod codeBase="f:\vnext1\b25bab26\VSIDEProj.MEF\bin\Release\NonShipping\Microsoft.VisualStudio.Composition.Tests.dll" adapterTypeName="Microsoft.VisualStudio.TestTools.TestTypes.Unit.UnitTestAdapter" className="Microsoft.VisualStudio.Composition.Tests.ImportedExportProviderTests" name="V3 engine (runtime)" />
    </UnitTest>
    <UnitTest name="V1" storage="f:\vnext1\b25bab26\vsideproj.mef\bin\release\nonshipping\microsoft.visualstudio.composition.tests.dll" id="54ab032c-7382-486a-bdb9-33008cacdf23">
      <Execution id="8146396d-532d-47a8-9e6d-d287ebf2a2f2" />
      <TestMethod codeBase="f:\vnext1\b25bab26\VSIDEProj.MEF\bin\Release\NonShipping\Microsoft.VisualStudio.Composition.Tests.dll" adapterTypeName="Microsoft.VisualStudio.TestTools.TestTypes.Unit.UnitTestAdapter" className="Microsoft.VisualStudio.Composition.Tests.ImportManyTests" name="V1" />
    </UnitTest>
    <UnitTest name="V3 engine (runtime)" storage="f:\vnext1\b25bab26\vsideproj.mef\bin\release\nonshipping\microsoft.visualstudio.composition.tests.dll" id="41d14ca0-f375-4a27-8f77-8d818b986b35">
      <Execution id="fb90a85f-52b7-4177-b17a-11280dd63255" />
      <TestMethod codeBase="f:\vnext1\b25bab26\VSIDEProj.MEF\bin\Release\NonShipping\Microsoft.VisualStudio.Composition.Tests.dll" adapterTypeName="Microsoft.VisualStudio.TestTools.TestTypes.Unit.UnitTestAdapter" className="Microsoft.VisualStudio.Composition.Tests.FaultyPartsTests" name="V3 engine (runtime)" />
    </UnitTest>
    <UnitTest name="V3 engine (runtime)" storage="f:\vnext1\b25bab26\vsideproj.mef\bin\release\nonshipping\microsoft.visualstudio.composition.tests.dll" id="9fcfd806-2894-4c99-9201-a8d602750154">
      <Execution id="fcd28433-2914-4186-83a6-5f5b932c2fdb" />
      <TestMethod codeBase="f:\vnext1\b25bab26\VSIDEProj.MEF\bin\Release\NonShipping\Microsoft.VisualStudio.Composition.Tests.dll" adapterTypeName="Microsoft.VisualStudio.TestTools.TestTypes.Unit.UnitTestAdapter" className="Microsoft.VisualStudio.Composition.Tests.ExportProviderTests" name="V3 engine (runtime)" />
    </UnitTest>
    <UnitTest name="V3 engine (runtime)" storage="f:\vnext1\b25bab26\vsideproj.mef\bin\release\nonshipping\microsoft.visualstudio.composition.tests.dll" id="1b051a58-94d5-4b94-a335-e79848bad97f">
      <Execution id="62caec19-a0a0-404c-9a5b-74c1c5cfc095" />
      <TestMethod codeBase="f:\vnext1\b25bab26\VSIDEProj.MEF\bin\Release\NonShipping\Microsoft.VisualStudio.Composition.Tests.dll" adapterTypeName="Microsoft.VisualStudio.TestTools.TestTypes.Unit.UnitTestAdapter" className="Microsoft.VisualStudio.Composition.Tests.ExportingMembersTests" name="V3 engine (runtime)" />
    </UnitTest>
    <UnitTest name="V1" storage="f:\vnext1\b25bab26\vsideproj.mef\bin\release\nonshipping\microsoft.visualstudio.composition.tests.dll" id="0cca7017-57ec-4f7e-8889-df9f2761ef78">
      <Execution id="8ba1dac1-e4f7-406f-aea1-b67f729ff9eb" />
      <TestMethod codeBase="f:\vnext1\b25bab26\VSIDEProj.MEF\bin\Release\NonShipping\Microsoft.VisualStudio.Composition.Tests.dll" adapterTypeName="Microsoft.VisualStudio.TestTools.TestTypes.Unit.UnitTestAdapter" className="Microsoft.VisualStudio.Composition.Tests.ExportingMembersTests" name="V1" />
    </UnitTest>
    <UnitTest name="V3 engine (runtime)" storage="f:\vnext1\b25bab26\vsideproj.mef\bin\release\nonshipping\microsoft.visualstudio.composition.tests.dll" id="d7ce59f1-ba7b-4174-904f-4bb92e5c4ad1">
      <Execution id="6b188c92-cfdf-4bf6-9fb4-691ec50dc73c" />
      <TestMethod codeBase="f:\vnext1\b25bab26\VSIDEProj.MEF\bin\Release\NonShipping\Microsoft.VisualStudio.Composition.Tests.dll" adapterTypeName="Microsoft.VisualStudio.TestTools.TestTypes.Unit.UnitTestAdapter" className="Microsoft.VisualStudio.Composition.Tests.ImportSiteCreationPolicyTests" name="V3 engine (runtime)" />
    </UnitTest>
    <UnitTest name="V1" storage="f:\vnext1\b25bab26\vsideproj.mef\bin\release\nonshipping\microsoft.visualstudio.composition.tests.dll" id="8b397cf1-b9f5-492d-b445-bcd15339a13e">
      <Execution id="13d8197d-299f-499b-958c-5e6b9b787aa6" />
      <TestMethod codeBase="f:\vnext1\b25bab26\VSIDEProj.MEF\bin\Release\NonShipping\Microsoft.VisualStudio.Composition.Tests.dll" adapterTypeName="Microsoft.VisualStudio.TestTools.TestTypes.Unit.UnitTestAdapter" className="Microsoft.VisualStudio.Composition.Tests.ImportSiteCreationPolicyTests" name="V1" />
    </UnitTest>
    <UnitTest name="V3 composition (V2)" storage="f:\vnext1\b25bab26\vsideproj.mef\bin\release\nonshipping\microsoft.visualstudio.composition.tests.dll" id="9495400b-6474-49a5-a64e-22d803ebd65b">
      <Execution id="164f1027-d522-4a8c-a0b5-15f72a050f81" />
      <TestMethod codeBase="f:\vnext1\b25bab26\VSIDEProj.MEF\bin\Release\NonShipping\Microsoft.VisualStudio.Composition.Tests.dll" adapterTypeName="Microsoft.VisualStudio.TestTools.TestTypes.Unit.UnitTestAdapter" className="Microsoft.VisualStudio.Composition.Tests.CircularDependencyTests" name="V3 composition (V2)" />
    </UnitTest>
    <UnitTest name="V3 engine (runtime)" storage="f:\vnext1\b25bab26\vsideproj.mef\bin\release\nonshipping\microsoft.visualstudio.composition.tests.dll" id="f0a9a7b5-e69b-41ef-a576-2abd2e7770e2">
      <Execution id="740941c5-f8d7-47b7-bf19-1f2c23e82cab" />
      <TestMethod codeBase="f:\vnext1\b25bab26\VSIDEProj.MEF\bin\Release\NonShipping\Microsoft.VisualStudio.Composition.Tests.dll" adapterTypeName="Microsoft.VisualStudio.TestTools.TestTypes.Unit.UnitTestAdapter" className="Microsoft.VisualStudio.Composition.Tests.InvalidGraphTests" name="V3 engine (runtime)" />
    </UnitTest>
    <UnitTest name="V3 engine (runtime)" storage="f:\vnext1\b25bab26\vsideproj.mef\bin\release\nonshipping\microsoft.visualstudio.composition.tests.dll" id="c823478d-f692-44e7-a269-366b63bff6b6">
      <Execution id="de0981bd-ab68-415a-b8ab-72ee7c5dd2cc" />
      <TestMethod codeBase="f:\vnext1\b25bab26\VSIDEProj.MEF\bin\Release\NonShipping\Microsoft.VisualStudio.Composition.Tests.dll" adapterTypeName="Microsoft.VisualStudio.TestTools.TestTypes.Unit.UnitTestAdapter" className="Microsoft.VisualStudio.Composition.Tests.DisposablePartsTests" name="V3 engine (runtime)" />
    </UnitTest>
    <UnitTest name="V1" storage="f:\vnext1\b25bab26\vsideproj.mef\bin\release\nonshipping\microsoft.visualstudio.composition.tests.dll" id="c211d392-dc33-4183-bc12-865d94731fce">
      <Execution id="b0f200ba-d0c4-49c5-ae19-d48ac775b497" />
      <TestMethod codeBase="f:\vnext1\b25bab26\VSIDEProj.MEF\bin\Release\NonShipping\Microsoft.VisualStudio.Composition.Tests.dll" adapterTypeName="Microsoft.VisualStudio.TestTools.TestTypes.Unit.UnitTestAdapter" className="Microsoft.VisualStudio.Composition.Tests.InvalidGraphTests" name="V1" />
    </UnitTest>
    <UnitTest name="V1" storage="f:\vnext1\b25bab26\vsideproj.mef\bin\release\nonshipping\microsoft.visualstudio.composition.tests.dll" id="5ac9afca-57a5-4fae-8800-79df3f4e678e">
      <Execution id="10ef6201-f62a-4f24-9cd6-f394a2715ff7" />
      <TestMethod codeBase="f:\vnext1\b25bab26\VSIDEProj.MEF\bin\Release\NonShipping\Microsoft.VisualStudio.Composition.Tests.dll" adapterTypeName="Microsoft.VisualStudio.TestTools.TestTypes.Unit.UnitTestAdapter" className="Microsoft.VisualStudio.Composition.Tests.DisposablePartsTests" name="V1" />
    </UnitTest>
    <UnitTest name="V3 composition (V1)" storage="f:\vnext1\b25bab26\vsideproj.mef\bin\release\nonshipping\microsoft.visualstudio.composition.tests.dll" id="7db5ac00-6f60-41b9-adcf-ca780403909c">
      <Execution id="026409bf-2de3-47c6-aa02-6d2be1ef1560" />
      <TestMethod codeBase="f:\vnext1\b25bab26\VSIDEProj.MEF\bin\Release\NonShipping\Microsoft.VisualStudio.Composition.Tests.dll" adapterTypeName="Microsoft.VisualStudio.TestTools.TestTypes.Unit.UnitTestAdapter" className="Microsoft.VisualStudio.Composition.Tests.InheritedExportTests" name="V3 composition (V1)" />
    </UnitTest>
    <UnitTest name="V3 composition (V1, V2)" storage="f:\vnext1\b25bab26\vsideproj.mef\bin\release\nonshipping\microsoft.visualstudio.composition.tests.dll" id="d5eff3ba-c251-4a1a-a604-8bdb7d7d79e2">
      <Execution id="c764895e-7603-45f2-99b3-145fa0f3063a" />
      <TestMethod codeBase="f:\vnext1\b25bab26\VSIDEProj.MEF\bin\Release\NonShipping\Microsoft.VisualStudio.Composition.Tests.dll" adapterTypeName="Microsoft.VisualStudio.TestTools.TestTypes.Unit.UnitTestAdapter" className="Microsoft.VisualStudio.Composition.Tests.MefV1ExportProviderAdapterTests" name="V3 composition (V1, V2)" />
    </UnitTest>
    <UnitTest name="V3 engine (runtime)" storage="f:\vnext1\b25bab26\vsideproj.mef\bin\release\nonshipping\microsoft.visualstudio.composition.tests.dll" id="8e3f2aa4-a467-483c-8462-00c42707f5f8">
      <Execution id="4fa8358c-991a-4bee-bafd-ac59197dac68" />
      <TestMethod codeBase="f:\vnext1\b25bab26\VSIDEProj.MEF\bin\Release\NonShipping\Microsoft.VisualStudio.Composition.Tests.dll" adapterTypeName="Microsoft.VisualStudio.TestTools.TestTypes.Unit.UnitTestAdapter" className="Microsoft.VisualStudio.Composition.Tests.FaultyPartsTests" name="V3 engine (runtime)" />
    </UnitTest>
    <UnitTest name="V3 composition (V1)" storage="f:\vnext1\b25bab26\vsideproj.mef\bin\release\nonshipping\microsoft.visualstudio.composition.tests.dll" id="e9fb471d-f91e-4011-b31b-0ef2e734c221">
      <Execution id="eea025bc-e89e-4422-b11a-149d66c2a7c1" />
      <TestMethod codeBase="f:\vnext1\b25bab26\VSIDEProj.MEF\bin\Release\NonShipping\Microsoft.VisualStudio.Composition.Tests.dll" adapterTypeName="Microsoft.VisualStudio.TestTools.TestTypes.Unit.UnitTestAdapter" className="Microsoft.VisualStudio.Composition.Tests.NonPublicImportsExportsTests" name="V3 composition (V1)" />
    </UnitTest>
    <UnitTest name="V3 composition (V1)" storage="f:\vnext1\b25bab26\vsideproj.mef\bin\release\nonshipping\microsoft.visualstudio.composition.tests.dll" id="d8a23fb4-0dc5-409a-8ac8-76bcf4905d55">
      <Execution id="5edb708d-de44-4746-94a4-f5a886a4b2be" />
      <TestMethod codeBase="f:\vnext1\b25bab26\VSIDEProj.MEF\bin\Release\NonShipping\Microsoft.VisualStudio.Composition.Tests.dll" adapterTypeName="Microsoft.VisualStudio.TestTools.TestTypes.Unit.UnitTestAdapter" className="Microsoft.VisualStudio.Composition.Tests.ExportFactoryTests" name="V3 composition (V1)" />
    </UnitTest>
    <UnitTest name="V3 composition (V1, V2)" storage="f:\vnext1\b25bab26\vsideproj.mef\bin\release\nonshipping\microsoft.visualstudio.composition.tests.dll" id="d1e25933-2503-4e69-a025-a47489a82c38">
      <Execution id="c5e2de58-c46e-4ecc-a8da-fa58e294cb2d" />
      <TestMethod codeBase="f:\vnext1\b25bab26\VSIDEProj.MEF\bin\Release\NonShipping\Microsoft.VisualStudio.Composition.Tests.dll" adapterTypeName="Microsoft.VisualStudio.TestTools.TestTypes.Unit.UnitTestAdapter" className="Microsoft.VisualStudio.Composition.Tests.ExportMetadataTests" name="V3 composition (V1, V2)" />
    </UnitTest>
    <UnitTest name="V3 composition (V2)" storage="f:\vnext1\b25bab26\vsideproj.mef\bin\release\nonshipping\microsoft.visualstudio.composition.tests.dll" id="1ddad26b-fd0d-4fc4-85bc-769b0c10eb91">
      <Execution id="9d87ad5a-4aef-4151-bb1a-4a625a9020b9" />
      <TestMethod codeBase="f:\vnext1\b25bab26\VSIDEProj.MEF\bin\Release\NonShipping\Microsoft.VisualStudio.Composition.Tests.dll" adapterTypeName="Microsoft.VisualStudio.TestTools.TestTypes.Unit.UnitTestAdapter" className="Microsoft.VisualStudio.Composition.Tests.SharingBoundaryWithSharedTests" name="V3 composition (V2)" />
    </UnitTest>
    <UnitTest name="V3 composition (V1)" storage="f:\vnext1\b25bab26\vsideproj.mef\bin\release\nonshipping\microsoft.visualstudio.composition.tests.dll" id="f49261f8-3810-4a8c-baf4-efac286ed63e">
      <Execution id="4d6172d0-52d4-4414-b81c-826f9ffdda8f" />
      <TestMethod codeBase="f:\vnext1\b25bab26\VSIDEProj.MEF\bin\Release\NonShipping\Microsoft.VisualStudio.Composition.Tests.dll" adapterTypeName="Microsoft.VisualStudio.TestTools.TestTypes.Unit.UnitTestAdapter" className="Microsoft.VisualStudio.Composition.Tests.NamedTypedExportTests" name="V3 composition (V1)" />
    </UnitTest>
    <UnitTest name="V3 composition (V1)" storage="f:\vnext1\b25bab26\vsideproj.mef\bin\release\nonshipping\microsoft.visualstudio.composition.tests.dll" id="c7a58e41-c81c-4542-bd49-05d168d0b905">
      <Execution id="efd8cbee-ee1f-4a88-9adb-ef65a1b1e6e3" />
      <TestMethod codeBase="f:\vnext1\b25bab26\VSIDEProj.MEF\bin\Release\NonShipping\Microsoft.VisualStudio.Composition.Tests.dll" adapterTypeName="Microsoft.VisualStudio.TestTools.TestTypes.Unit.UnitTestAdapter" className="Microsoft.VisualStudio.Composition.Tests.ImportManyTests" name="V3 composition (V1)" />
    </UnitTest>
    <UnitTest name="V3 engine (runtime)" storage="f:\vnext1\b25bab26\vsideproj.mef\bin\release\nonshipping\microsoft.visualstudio.composition.tests.dll" id="13a96c86-ee20-4894-8bd0-f3dc3fcfffe6">
      <Execution id="caa6b079-e638-4cad-8bce-c9cb36228d46" />
      <TestMethod codeBase="f:\vnext1\b25bab26\VSIDEProj.MEF\bin\Release\NonShipping\Microsoft.VisualStudio.Composition.Tests.dll" adapterTypeName="Microsoft.VisualStudio.TestTools.TestTypes.Unit.UnitTestAdapter" className="Microsoft.VisualStudio.Composition.Tests.CircularDependencyTests" name="V3 engine (runtime)" />
    </UnitTest>
    <UnitTest name="V3 composition (V1, V2)" storage="f:\vnext1\b25bab26\vsideproj.mef\bin\release\nonshipping\microsoft.visualstudio.composition.tests.dll" id="d67ee2c5-9cb1-4f66-9ce3-6e4b9e59b986">
      <Execution id="91d0880a-19ff-4d98-9760-6b343b62912a" />
      <TestMethod codeBase="f:\vnext1\b25bab26\VSIDEProj.MEF\bin\Release\NonShipping\Microsoft.VisualStudio.Composition.Tests.dll" adapterTypeName="Microsoft.VisualStudio.TestTools.TestTypes.Unit.UnitTestAdapter" className="Microsoft.VisualStudio.Composition.Tests.ThreadSafetyTests" name="V3 composition (V1, V2)" />
    </UnitTest>
    <UnitTest name="V1" storage="f:\vnext1\b25bab26\vsideproj.mef\bin\release\nonshipping\microsoft.visualstudio.composition.tests.dll" id="4c214a7e-2d1f-4dd6-b024-feebceb9e96d">
      <Execution id="9c458629-5f00-4b8e-a3dc-e93c9fa98aed" />
      <TestMethod codeBase="f:\vnext1\b25bab26\VSIDEProj.MEF\bin\Release\NonShipping\Microsoft.VisualStudio.Composition.Tests.dll" adapterTypeName="Microsoft.VisualStudio.TestTools.TestTypes.Unit.UnitTestAdapter" className="Microsoft.VisualStudio.Composition.Tests.CircularDependencyTests" name="V1" />
    </UnitTest>
    <UnitTest name="V3 composition (V2)" storage="f:\vnext1\b25bab26\vsideproj.mef\bin\release\nonshipping\microsoft.visualstudio.composition.tests.dll" id="251641f6-ddf3-4a6e-9135-619d1b0570e1">
      <Execution id="98e414be-b0c5-40ac-970c-d98ca232adaf" />
      <TestMethod codeBase="f:\vnext1\b25bab26\VSIDEProj.MEF\bin\Release\NonShipping\Microsoft.VisualStudio.Composition.Tests.dll" adapterTypeName="Microsoft.VisualStudio.TestTools.TestTypes.Unit.UnitTestAdapter" className="Microsoft.VisualStudio.Composition.Tests.ImportedExportProviderTests" name="V3 composition (V2)" />
    </UnitTest>
    <UnitTest name="V3 composition (V1, V2)" storage="f:\vnext1\b25bab26\vsideproj.mef\bin\release\nonshipping\microsoft.visualstudio.composition.tests.dll" id="8810d5a4-ede2-43b2-93dc-ec20cfd16db3">
      <Execution id="13016f81-a5a3-4c80-8115-6204540af628" />
      <TestMethod codeBase="f:\vnext1\b25bab26\VSIDEProj.MEF\bin\Release\NonShipping\Microsoft.VisualStudio.Composition.Tests.dll" adapterTypeName="Microsoft.VisualStudio.TestTools.TestTypes.Unit.UnitTestAdapter" className="Microsoft.VisualStudio.Composition.Tests.CustomMetadataAttributeTests" name="V3 composition (V1, V2)" />
    </UnitTest>
    <UnitTest name="V3 composition (V1, V2)" storage="f:\vnext1\b25bab26\vsideproj.mef\bin\release\nonshipping\microsoft.visualstudio.composition.tests.dll" id="047849fb-cdf8-4bf1-8063-121cbd7bf834">
      <Execution id="9dc95c5d-d98d-4e3f-a0e3-79b0cfd77653" />
      <TestMethod codeBase="f:\vnext1\b25bab26\VSIDEProj.MEF\bin\Release\NonShipping\Microsoft.VisualStudio.Composition.Tests.dll" adapterTypeName="Microsoft.VisualStudio.TestTools.TestTypes.Unit.UnitTestAdapter" className="Microsoft.VisualStudio.Composition.Tests.ImportingConstructorTests" name="V3 composition (V1, V2)" />
    </UnitTest>
    <UnitTest name="V3 composition (V1)" storage="f:\vnext1\b25bab26\vsideproj.mef\bin\release\nonshipping\microsoft.visualstudio.composition.tests.dll" id="efda6c6b-09b7-40ec-a0cf-87e70352447d">
      <Execution id="b52d1613-b4f7-4293-a935-368b9da60f15" />
      <TestMethod codeBase="f:\vnext1\b25bab26\VSIDEProj.MEF\bin\Release\NonShipping\Microsoft.VisualStudio.Composition.Tests.dll" adapterTypeName="Microsoft.VisualStudio.TestTools.TestTypes.Unit.UnitTestAdapter" className="Microsoft.VisualStudio.Composition.Tests.ExportingMembersTests" name="V3 composition (V1)" />
    </UnitTest>
    <UnitTest name="V3 composition (V1)" storage="f:\vnext1\b25bab26\vsideproj.mef\bin\release\nonshipping\microsoft.visualstudio.composition.tests.dll" id="b0948335-f405-4b0a-9332-d0ed0d945a1c">
      <Execution id="d85877b9-3561-449d-823c-9358b25f5f9d" />
      <TestMethod codeBase="f:\vnext1\b25bab26\VSIDEProj.MEF\bin\Release\NonShipping\Microsoft.VisualStudio.Composition.Tests.dll" adapterTypeName="Microsoft.VisualStudio.TestTools.TestTypes.Unit.UnitTestAdapter" className="Microsoft.VisualStudio.Composition.Tests.ImportSiteCreationPolicyTests" name="V3 composition (V1)" />
    </UnitTest>
    <UnitTest name="V3 engine (runtime)" storage="f:\vnext1\b25bab26\vsideproj.mef\bin\release\nonshipping\microsoft.visualstudio.composition.tests.dll" id="5b4fe45a-4d3f-44d4-8495-789248963b1b">
      <Execution id="39751fdf-3729-4f5b-9bef-c049853b60e2" />
      <TestMethod codeBase="f:\vnext1\b25bab26\VSIDEProj.MEF\bin\Release\NonShipping\Microsoft.VisualStudio.Composition.Tests.dll" adapterTypeName="Microsoft.VisualStudio.TestTools.TestTypes.Unit.UnitTestAdapter" className="Microsoft.VisualStudio.Composition.Tests.InheritedExportTests" name="V3 engine (runtime)" />
    </UnitTest>
    <UnitTest name="V1" storage="f:\vnext1\b25bab26\vsideproj.mef\bin\release\nonshipping\microsoft.visualstudio.composition.tests.dll" id="ef8d01a5-e34e-4a51-8ce1-de6adf5d59b8">
      <Execution id="00df7bb2-0233-43c3-a6b2-c3a791164277" />
      <TestMethod codeBase="f:\vnext1\b25bab26\VSIDEProj.MEF\bin\Release\NonShipping\Microsoft.VisualStudio.Composition.Tests.dll" adapterTypeName="Microsoft.VisualStudio.TestTools.TestTypes.Unit.UnitTestAdapter" className="Microsoft.VisualStudio.Composition.Tests.InheritedExportTests" name="V1" />
    </UnitTest>
    <UnitTest name="V3 engine (runtime)" storage="f:\vnext1\b25bab26\vsideproj.mef\bin\release\nonshipping\microsoft.visualstudio.composition.tests.dll" id="612d311f-57e1-49d3-a3e5-b91c7d1a70b7">
      <Execution id="8edf76aa-d2e9-4d43-a2f1-2e2a51fdfbbb" />
      <TestMethod codeBase="f:\vnext1\b25bab26\VSIDEProj.MEF\bin\Release\NonShipping\Microsoft.VisualStudio.Composition.Tests.dll" adapterTypeName="Microsoft.VisualStudio.TestTools.TestTypes.Unit.UnitTestAdapter" className="Microsoft.VisualStudio.Composition.Tests.MefV1ExportProviderAdapterTests" name="V3 engine (runtime)" />
    </UnitTest>
    <UnitTest name="V1" storage="f:\vnext1\b25bab26\vsideproj.mef\bin\release\nonshipping\microsoft.visualstudio.composition.tests.dll" id="531a7cf1-fc1e-405e-b234-c8b04005af8d">
      <Execution id="282c6c1a-f47f-40d9-b5ab-1a77db2b7bb3" />
      <TestMethod codeBase="f:\vnext1\b25bab26\VSIDEProj.MEF\bin\Release\NonShipping\Microsoft.VisualStudio.Composition.Tests.dll" adapterTypeName="Microsoft.VisualStudio.TestTools.TestTypes.Unit.UnitTestAdapter" className="Microsoft.VisualStudio.Composition.Tests.MefV1ExportProviderAdapterTests" name="V1" />
    </UnitTest>
    <UnitTest name="V3 engine (runtime)" storage="f:\vnext1\b25bab26\vsideproj.mef\bin\release\nonshipping\microsoft.visualstudio.composition.tests.dll" id="2c9c4e8d-2330-47ea-b88d-e8a9e8c93f5c">
      <Execution id="b6863d64-17a9-430a-b4fd-efac10da88b3" />
      <TestMethod codeBase="f:\vnext1\b25bab26\VSIDEProj.MEF\bin\Release\NonShipping\Microsoft.VisualStudio.Composition.Tests.dll" adapterTypeName="Microsoft.VisualStudio.TestTools.TestTypes.Unit.UnitTestAdapter" className="Microsoft.VisualStudio.Composition.Tests.NonPublicImportsExportsTests" name="V3 engine (runtime)" />
    </UnitTest>
    <UnitTest name="V1" storage="f:\vnext1\b25bab26\vsideproj.mef\bin\release\nonshipping\microsoft.visualstudio.composition.tests.dll" id="ff2a0fd4-7723-4b52-b638-11904177c3a5">
      <Execution id="f3361e9f-0202-42a5-8493-ca130ee6ef41" />
      <TestMethod codeBase="f:\vnext1\b25bab26\VSIDEProj.MEF\bin\Release\NonShipping\Microsoft.VisualStudio.Composition.Tests.dll" adapterTypeName="Microsoft.VisualStudio.TestTools.TestTypes.Unit.UnitTestAdapter" className="Microsoft.VisualStudio.Composition.Tests.NonPublicImportsExportsTests" name="V1" />
    </UnitTest>
    <UnitTest name="V3 engine (runtime)" storage="f:\vnext1\b25bab26\vsideproj.mef\bin\release\nonshipping\microsoft.visualstudio.composition.tests.dll" id="9381cab8-7fe2-448c-bf13-414a92946cc0">
      <Execution id="e760092e-dbee-48b2-87dd-f44ea6eb0aa4" />
      <TestMethod codeBase="f:\vnext1\b25bab26\VSIDEProj.MEF\bin\Release\NonShipping\Microsoft.VisualStudio.Composition.Tests.dll" adapterTypeName="Microsoft.VisualStudio.TestTools.TestTypes.Unit.UnitTestAdapter" className="Microsoft.VisualStudio.Composition.Tests.ExportFactoryTests" name="V3 engine (runtime)" />
    </UnitTest>
    <UnitTest name="V1" storage="f:\vnext1\b25bab26\vsideproj.mef\bin\release\nonshipping\microsoft.visualstudio.composition.tests.dll" id="f42a4478-6ed4-411c-85dd-53af929222b7">
      <Execution id="3dfb4ccc-0bea-4ec1-83a6-ca57081bfec4" />
      <TestMethod codeBase="f:\vnext1\b25bab26\VSIDEProj.MEF\bin\Release\NonShipping\Microsoft.VisualStudio.Composition.Tests.dll" adapterTypeName="Microsoft.VisualStudio.TestTools.TestTypes.Unit.UnitTestAdapter" className="Microsoft.VisualStudio.Composition.Tests.ExportFactoryTests" name="V1" />
    </UnitTest>
    <UnitTest name="V3 engine (runtime)" storage="f:\vnext1\b25bab26\vsideproj.mef\bin\release\nonshipping\microsoft.visualstudio.composition.tests.dll" id="b39ad1ec-22ad-4fbc-beff-ef065667cea6">
      <Execution id="fbf1a422-3edb-48e9-95ed-d458b131d841" />
      <TestMethod codeBase="f:\vnext1\b25bab26\VSIDEProj.MEF\bin\Release\NonShipping\Microsoft.VisualStudio.Composition.Tests.dll" adapterTypeName="Microsoft.VisualStudio.TestTools.TestTypes.Unit.UnitTestAdapter" className="Microsoft.VisualStudio.Composition.Tests.ExportMetadataTests" name="V3 engine (runtime)" />
    </UnitTest>
    <UnitTest name="V3 engine (runtime)" storage="f:\vnext1\b25bab26\vsideproj.mef\bin\release\nonshipping\microsoft.visualstudio.composition.tests.dll" id="21e92ce9-f365-4c47-90f7-1449b8d85c30">
      <Execution id="ac6acdcc-19c9-4452-bacc-b7d894e0a379" />
      <TestMethod codeBase="f:\vnext1\b25bab26\VSIDEProj.MEF\bin\Release\NonShipping\Microsoft.VisualStudio.Composition.Tests.dll" adapterTypeName="Microsoft.VisualStudio.TestTools.TestTypes.Unit.UnitTestAdapter" className="Microsoft.VisualStudio.Composition.Tests.SharingBoundaryWithSharedTests" name="V3 engine (runtime)" />
    </UnitTest>
    <UnitTest name="V1" storage="f:\vnext1\b25bab26\vsideproj.mef\bin\release\nonshipping\microsoft.visualstudio.composition.tests.dll" id="1b357e2e-ccbd-4e66-943d-47cc004541d6">
      <Execution id="58083523-0e7f-4291-8698-28582bfba29d" />
      <TestMethod codeBase="f:\vnext1\b25bab26\VSIDEProj.MEF\bin\Release\NonShipping\Microsoft.VisualStudio.Composition.Tests.dll" adapterTypeName="Microsoft.VisualStudio.TestTools.TestTypes.Unit.UnitTestAdapter" className="Microsoft.VisualStudio.Composition.Tests.ExportMetadataTests" name="V1" />
    </UnitTest>
    <UnitTest name="V3 engine (runtime)" storage="f:\vnext1\b25bab26\vsideproj.mef\bin\release\nonshipping\microsoft.visualstudio.composition.tests.dll" id="b83e3d2c-855a-405d-b6d4-413d682d42fc">
      <Execution id="cf6f141d-9751-4818-8114-2b3c105cfe23" />
      <TestMethod codeBase="f:\vnext1\b25bab26\VSIDEProj.MEF\bin\Release\NonShipping\Microsoft.VisualStudio.Composition.Tests.dll" adapterTypeName="Microsoft.VisualStudio.TestTools.TestTypes.Unit.UnitTestAdapter" className="Microsoft.VisualStudio.Composition.Tests.NamedTypedExportTests" name="V3 engine (runtime)" />
    </UnitTest>
    <UnitTest name="V3 engine (runtime)" storage="f:\vnext1\b25bab26\vsideproj.mef\bin\release\nonshipping\microsoft.visualstudio.composition.tests.dll" id="65d98625-db1a-4cc3-a262-1570b2ff030d">
      <Execution id="b155627f-6105-4631-957c-8ea469ab55db" />
      <TestMethod codeBase="f:\vnext1\b25bab26\VSIDEProj.MEF\bin\Release\NonShipping\Microsoft.VisualStudio.Composition.Tests.dll" adapterTypeName="Microsoft.VisualStudio.TestTools.TestTypes.Unit.UnitTestAdapter" className="Microsoft.VisualStudio.Composition.Tests.ImportManyTests" name="V3 engine (runtime)" />
    </UnitTest>
    <UnitTest name="V1" storage="f:\vnext1\b25bab26\vsideproj.mef\bin\release\nonshipping\microsoft.visualstudio.composition.tests.dll" id="ca96eace-a771-44bd-a919-6fc4d5896f6e">
      <Execution id="c945d175-15d4-4088-9acd-af59d7b2cc23" />
      <TestMethod codeBase="f:\vnext1\b25bab26\VSIDEProj.MEF\bin\Release\NonShipping\Microsoft.VisualStudio.Composition.Tests.dll" adapterTypeName="Microsoft.VisualStudio.TestTools.TestTypes.Unit.UnitTestAdapter" className="Microsoft.VisualStudio.Composition.Tests.NamedTypedExportTests" name="V1" />
    </UnitTest>
    <UnitTest name="V2" storage="f:\vnext1\b25bab26\vsideproj.mef\bin\release\nonshipping\microsoft.visualstudio.composition.tests.dll" id="ab141fff-3583-466c-a495-9107f325f5a7">
      <Execution id="40e9e7a7-2bbc-4e86-a8df-1fef80927c98" />
      <TestMethod codeBase="f:\vnext1\b25bab26\VSIDEProj.MEF\bin\Release\NonShipping\Microsoft.VisualStudio.Composition.Tests.dll" adapterTypeName="Microsoft.VisualStudio.TestTools.TestTypes.Unit.UnitTestAdapter" className="Microsoft.VisualStudio.Composition.Tests.NamedTypedExportTests" name="V2" />
    </UnitTest>
    <UnitTest name="V1" storage="f:\vnext1\b25bab26\vsideproj.mef\bin\release\nonshipping\microsoft.visualstudio.composition.tests.dll" id="1a1812b3-4c58-4de5-b30b-15dd0450f2fb">
      <Execution id="a5f244ac-bcc6-4715-aa1a-64e64e8384a8" />
      <TestMethod codeBase="f:\vnext1\b25bab26\VSIDEProj.MEF\bin\Release\NonShipping\Microsoft.VisualStudio.Composition.Tests.dll" adapterTypeName="Microsoft.VisualStudio.TestTools.TestTypes.Unit.UnitTestAdapter" className="Microsoft.VisualStudio.Composition.Tests.ImportManyTests" name="V1" />
    </UnitTest>
    <UnitTest name="V2" storage="f:\vnext1\b25bab26\vsideproj.mef\bin\release\nonshipping\microsoft.visualstudio.composition.tests.dll" id="3eb5501f-e3d2-4fec-8887-8a8d22378237">
      <Execution id="ad07afa9-e806-46ef-a5aa-ed41e45cd402" />
      <TestMethod codeBase="f:\vnext1\b25bab26\VSIDEProj.MEF\bin\Release\NonShipping\Microsoft.VisualStudio.Composition.Tests.dll" adapterTypeName="Microsoft.VisualStudio.TestTools.TestTypes.Unit.UnitTestAdapter" className="Microsoft.VisualStudio.Composition.Tests.SharingBoundaryWithSharedTests" name="V2" />
    </UnitTest>
    <UnitTest name="V3 engine (runtime)" storage="f:\vnext1\b25bab26\vsideproj.mef\bin\release\nonshipping\microsoft.visualstudio.composition.tests.dll" id="e761127a-2a9f-493e-b6c5-34e39ac911f7">
      <Execution id="2b09ec56-ff30-46fb-ad51-2fe65ccd8be8" />
      <TestMethod codeBase="f:\vnext1\b25bab26\VSIDEProj.MEF\bin\Release\NonShipping\Microsoft.VisualStudio.Composition.Tests.dll" adapterTypeName="Microsoft.VisualStudio.TestTools.TestTypes.Unit.UnitTestAdapter" className="Microsoft.VisualStudio.Composition.Tests.CustomMetadataAttributeTests" name="V3 engine (runtime)" />
    </UnitTest>
    <UnitTest name="V1" storage="f:\vnext1\b25bab26\vsideproj.mef\bin\release\nonshipping\microsoft.visualstudio.composition.tests.dll" id="bbb4bc9c-df0a-46d9-9b69-5e65954ac4eb">
      <Execution id="21894a70-c68d-4ec9-8ff1-926b697ce793" />
      <TestMethod codeBase="f:\vnext1\b25bab26\VSIDEProj.MEF\bin\Release\NonShipping\Microsoft.VisualStudio.Composition.Tests.dll" adapterTypeName="Microsoft.VisualStudio.TestTools.TestTypes.Unit.UnitTestAdapter" className="Microsoft.VisualStudio.Composition.Tests.CustomMetadataAttributeTests" name="V1" />
    </UnitTest>
    <UnitTest name="V3 engine (runtime)" storage="f:\vnext1\b25bab26\vsideproj.mef\bin\release\nonshipping\microsoft.visualstudio.composition.tests.dll" id="dbbadd22-1bbc-4fd3-9ce6-5cce2969d33b">
      <Execution id="815a63b7-4459-48a4-9134-8c53c62934dd" />
      <TestMethod codeBase="f:\vnext1\b25bab26\VSIDEProj.MEF\bin\Release\NonShipping\Microsoft.VisualStudio.Composition.Tests.dll" adapterTypeName="Microsoft.VisualStudio.TestTools.TestTypes.Unit.UnitTestAdapter" className="Microsoft.VisualStudio.Composition.Tests.ImportingConstructorTests" name="V3 engine (runtime)" />
    </UnitTest>
    <UnitTest name="V3 engine (runtime)" storage="f:\vnext1\b25bab26\vsideproj.mef\bin\release\nonshipping\microsoft.visualstudio.composition.tests.dll" id="a2f517b4-b07c-4127-8250-1f4308d0e683">
      <Execution id="0e91e827-5af8-4e6c-b3cb-8197af580215" />
      <TestMethod codeBase="f:\vnext1\b25bab26\VSIDEProj.MEF\bin\Release\NonShipping\Microsoft.VisualStudio.Composition.Tests.dll" adapterTypeName="Microsoft.VisualStudio.TestTools.TestTypes.Unit.UnitTestAdapter" className="Microsoft.VisualStudio.Composition.Tests.ExportingMembersTests" name="V3 engine (runtime)" />
    </UnitTest>
    <UnitTest name="V3 composition (V1)" storage="f:\vnext1\b25bab26\vsideproj.mef\bin\release\nonshipping\microsoft.visualstudio.composition.tests.dll" id="1080e1cf-04de-4956-a2d4-98803b56bcd2">
      <Execution id="6ad4e13f-f334-4afd-92e7-bfe926f81f49" />
      <TestMethod codeBase="f:\vnext1\b25bab26\VSIDEProj.MEF\bin\Release\NonShipping\Microsoft.VisualStudio.Composition.Tests.dll" adapterTypeName="Microsoft.VisualStudio.TestTools.TestTypes.Unit.UnitTestAdapter" className="Microsoft.VisualStudio.Composition.Tests.InvalidGraphTests" name="V3 composition (V1)" />
    </UnitTest>
    <UnitTest name="V1" storage="f:\vnext1\b25bab26\vsideproj.mef\bin\release\nonshipping\microsoft.visualstudio.composition.tests.dll" id="bc96caea-cfa7-4748-be9b-99b27f535a60">
      <Execution id="f7f2b04b-eef9-4ef8-8bf6-34728b73b379" />
      <TestMethod codeBase="f:\vnext1\b25bab26\VSIDEProj.MEF\bin\Release\NonShipping\Microsoft.VisualStudio.Composition.Tests.dll" adapterTypeName="Microsoft.VisualStudio.TestTools.TestTypes.Unit.UnitTestAdapter" className="Microsoft.VisualStudio.Composition.Tests.ExportingMembersTests" name="V1" />
    </UnitTest>
    <UnitTest name="V3 engine (runtime)" storage="f:\vnext1\b25bab26\vsideproj.mef\bin\release\nonshipping\microsoft.visualstudio.composition.tests.dll" id="a10ee253-081c-433b-9a76-28ee771b3178">
      <Execution id="75a12f9a-9a3b-4ccf-9d53-b650db8baa7b" />
      <TestMethod codeBase="f:\vnext1\b25bab26\VSIDEProj.MEF\bin\Release\NonShipping\Microsoft.VisualStudio.Composition.Tests.dll" adapterTypeName="Microsoft.VisualStudio.TestTools.TestTypes.Unit.UnitTestAdapter" className="Microsoft.VisualStudio.Composition.Tests.ImportSiteCreationPolicyTests" name="V3 engine (runtime)" />
    </UnitTest>
    <UnitTest name="V3 composition (V1, V2)" storage="f:\vnext1\b25bab26\vsideproj.mef\bin\release\nonshipping\microsoft.visualstudio.composition.tests.dll" id="b952fdb8-4ce3-4748-b7d4-11cf98b3507e">
      <Execution id="21afd295-3be5-4259-a567-29e8a5b17859" />
      <TestMethod codeBase="f:\vnext1\b25bab26\VSIDEProj.MEF\bin\Release\NonShipping\Microsoft.VisualStudio.Composition.Tests.dll" adapterTypeName="Microsoft.VisualStudio.TestTools.TestTypes.Unit.UnitTestAdapter" className="Microsoft.VisualStudio.Composition.Tests.OpenGenericExportTests" name="V3 composition (V1, V2)" />
    </UnitTest>
    <UnitTest name="V1" storage="f:\vnext1\b25bab26\vsideproj.mef\bin\release\nonshipping\microsoft.visualstudio.composition.tests.dll" id="82b322a2-f17d-48f6-81be-bd38a8afeb2e">
      <Execution id="fb99a851-3784-4ddb-a5dd-efcb2ba489d3" />
      <TestMethod codeBase="f:\vnext1\b25bab26\VSIDEProj.MEF\bin\Release\NonShipping\Microsoft.VisualStudio.Composition.Tests.dll" adapterTypeName="Microsoft.VisualStudio.TestTools.TestTypes.Unit.UnitTestAdapter" className="Microsoft.VisualStudio.Composition.Tests.ImportSiteCreationPolicyTests" name="V1" />
    </UnitTest>
    <UnitTest name="V3 composition (V1, V2)" storage="f:\vnext1\b25bab26\vsideproj.mef\bin\release\nonshipping\microsoft.visualstudio.composition.tests.dll" id="a73441c2-cd1c-4fa3-a69f-09bf4642631c">
      <Execution id="d7a66b0d-678e-4765-b87a-8113abe5f75b" />
      <TestMethod codeBase="f:\vnext1\b25bab26\VSIDEProj.MEF\bin\Release\NonShipping\Microsoft.VisualStudio.Composition.Tests.dll" adapterTypeName="Microsoft.VisualStudio.TestTools.TestTypes.Unit.UnitTestAdapter" className="Microsoft.VisualStudio.Composition.Tests.ExportProviderTests" name="V3 composition (V1, V2)" />
    </UnitTest>
    <UnitTest name="V3 engine (runtime)" storage="f:\vnext1\b25bab26\vsideproj.mef\bin\release\nonshipping\microsoft.visualstudio.composition.tests.dll" id="986cc184-440a-4ce8-8931-22cfe7bc638e">
      <Execution id="3c47dfa4-0c59-48c6-8a36-67a00773ae2f" />
      <TestMethod codeBase="f:\vnext1\b25bab26\VSIDEProj.MEF\bin\Release\NonShipping\Microsoft.VisualStudio.Composition.Tests.dll" adapterTypeName="Microsoft.VisualStudio.TestTools.TestTypes.Unit.UnitTestAdapter" className="Microsoft.VisualStudio.Composition.Tests.ImportedExportProviderTests" name="V3 engine (runtime)" />
    </UnitTest>
    <UnitTest name="V3 composition (V1)" storage="f:\vnext1\b25bab26\vsideproj.mef\bin\release\nonshipping\microsoft.visualstudio.composition.tests.dll" id="10db3c14-6c7a-4fcd-be6f-bc2f7e5e49af">
      <Execution id="866bbe5a-e8b0-40ca-b519-e7ffed3aa4f3" />
      <TestMethod codeBase="f:\vnext1\b25bab26\VSIDEProj.MEF\bin\Release\NonShipping\Microsoft.VisualStudio.Composition.Tests.dll" adapterTypeName="Microsoft.VisualStudio.TestTools.TestTypes.Unit.UnitTestAdapter" className="Microsoft.VisualStudio.Composition.Tests.CircularDependencyTests" name="V3 composition (V1)" />
    </UnitTest>
    <UnitTest name="V3 composition (V1, V2)" storage="f:\vnext1\b25bab26\vsideproj.mef\bin\release\nonshipping\microsoft.visualstudio.composition.tests.dll" id="3fea1d66-3571-4143-a7a3-5b991f71ea91">
      <Execution id="e957f840-1cf2-4a30-854f-0bb5017fc325" />
      <TestMethod codeBase="f:\vnext1\b25bab26\VSIDEProj.MEF\bin\Release\NonShipping\Microsoft.VisualStudio.Composition.Tests.dll" adapterTypeName="Microsoft.VisualStudio.TestTools.TestTypes.Unit.UnitTestAdapter" className="Microsoft.VisualStudio.Composition.Tests.DisposablePartsTests" name="V3 composition (V1, V2)" />
    </UnitTest>
    <UnitTest name="V3 composition (V1)" storage="f:\vnext1\b25bab26\vsideproj.mef\bin\release\nonshipping\microsoft.visualstudio.composition.tests.dll" id="53dd4e07-1210-4047-a77e-e5946e06445b">
      <Execution id="d3322e93-e4d0-4a16-bb6d-2b53dc21296b" />
      <TestMethod codeBase="f:\vnext1\b25bab26\VSIDEProj.MEF\bin\Release\NonShipping\Microsoft.VisualStudio.Composition.Tests.dll" adapterTypeName="Microsoft.VisualStudio.TestTools.TestTypes.Unit.UnitTestAdapter" className="Microsoft.VisualStudio.Composition.Tests.MefV1ExportProviderAdapterTests" name="V3 composition (V1)" />
    </UnitTest>
    <UnitTest name="V1" storage="f:\vnext1\b25bab26\vsideproj.mef\bin\release\nonshipping\microsoft.visualstudio.composition.tests.dll" id="137578c8-6d1e-46ea-9b1a-7f2fd9884764">
      <Execution id="5e87fa59-81e7-4532-9e8f-ff59d293fdfd" />
      <TestMethod codeBase="f:\vnext1\b25bab26\VSIDEProj.MEF\bin\Release\NonShipping\Microsoft.VisualStudio.Composition.Tests.dll" adapterTypeName="Microsoft.VisualStudio.TestTools.TestTypes.Unit.UnitTestAdapter" className="Microsoft.VisualStudio.Composition.Tests.CircularDependencyTests" name="V1" />
    </UnitTest>
    <UnitTest name="V3 composition (V1)" storage="f:\vnext1\b25bab26\vsideproj.mef\bin\release\nonshipping\microsoft.visualstudio.composition.tests.dll" id="d29fdc42-ca1f-4ddf-a062-76d0d7f7d680">
      <Execution id="adebd193-38d7-4561-b91c-49364f3880d5" />
      <TestMethod codeBase="f:\vnext1\b25bab26\VSIDEProj.MEF\bin\Release\NonShipping\Microsoft.VisualStudio.Composition.Tests.dll" adapterTypeName="Microsoft.VisualStudio.TestTools.TestTypes.Unit.UnitTestAdapter" className="Microsoft.VisualStudio.Composition.Tests.InheritedExportTests" name="V3 composition (V1)" />
    </UnitTest>
    <UnitTest name="V3 composition (V1)" storage="f:\vnext1\b25bab26\vsideproj.mef\bin\release\nonshipping\microsoft.visualstudio.composition.tests.dll" id="1376b486-6965-439e-8c05-74000af544dd">
      <Execution id="9798db70-f0e2-4038-8900-aa78bdf94e91" />
      <TestMethod codeBase="f:\vnext1\b25bab26\VSIDEProj.MEF\bin\Release\NonShipping\Microsoft.VisualStudio.Composition.Tests.dll" adapterTypeName="Microsoft.VisualStudio.TestTools.TestTypes.Unit.UnitTestAdapter" className="Microsoft.VisualStudio.Composition.Tests.NonPublicImportsExportsTests" name="V3 composition (V1)" />
    </UnitTest>
    <UnitTest name="V2" storage="f:\vnext1\b25bab26\vsideproj.mef\bin\release\nonshipping\microsoft.visualstudio.composition.tests.dll" id="92c68964-9762-474b-bb93-e9e45a0caa8b">
      <Execution id="a0fa95bc-e5c6-4f71-a5ff-54a726e527b6" />
      <TestMethod codeBase="f:\vnext1\b25bab26\VSIDEProj.MEF\bin\Release\NonShipping\Microsoft.VisualStudio.Composition.Tests.dll" adapterTypeName="Microsoft.VisualStudio.TestTools.TestTypes.Unit.UnitTestAdapter" className="Microsoft.VisualStudio.Composition.Tests.CircularDependencyTests" name="V2" />
    </UnitTest>
    <UnitTest name="V3 engine (runtime)" storage="f:\vnext1\b25bab26\vsideproj.mef\bin\release\nonshipping\microsoft.visualstudio.composition.tests.dll" id="aa76e032-e20c-4728-baa7-0a89d9129ecc">
      <Execution id="30163df2-2242-463f-863f-212ecfa1d148" />
      <TestMethod codeBase="f:\vnext1\b25bab26\VSIDEProj.MEF\bin\Release\NonShipping\Microsoft.VisualStudio.Composition.Tests.dll" adapterTypeName="Microsoft.VisualStudio.TestTools.TestTypes.Unit.UnitTestAdapter" className="Microsoft.VisualStudio.Composition.Tests.ImportingConstructorTests" name="V3 engine (runtime)" />
    </UnitTest>
    <UnitTest name="V3 composition (V1)" storage="f:\vnext1\b25bab26\vsideproj.mef\bin\release\nonshipping\microsoft.visualstudio.composition.tests.dll" id="ffab8d3e-5a48-45ca-b04f-ce1e44890f4c">
      <Execution id="3b70b20a-2783-408f-83cd-8bd5eb009320" />
      <TestMethod codeBase="f:\vnext1\b25bab26\VSIDEProj.MEF\bin\Release\NonShipping\Microsoft.VisualStudio.Composition.Tests.dll" adapterTypeName="Microsoft.VisualStudio.TestTools.TestTypes.Unit.UnitTestAdapter" className="Microsoft.VisualStudio.Composition.Tests.ExportFactoryTests" name="V3 composition (V1)" />
    </UnitTest>
    <UnitTest name="V1" storage="f:\vnext1\b25bab26\vsideproj.mef\bin\release\nonshipping\microsoft.visualstudio.composition.tests.dll" id="bce5525b-f661-4d82-95f2-569c4cd1f0d0">
      <Execution id="22df7c3f-be4d-4752-82eb-ababb415161b" />
      <TestMethod codeBase="f:\vnext1\b25bab26\VSIDEProj.MEF\bin\Release\NonShipping\Microsoft.VisualStudio.Composition.Tests.dll" adapterTypeName="Microsoft.VisualStudio.TestTools.TestTypes.Unit.UnitTestAdapter" className="Microsoft.VisualStudio.Composition.Tests.ImportingConstructorTests" name="V1" />
    </UnitTest>
    <UnitTest name="V3 engine (runtime)" storage="f:\vnext1\b25bab26\vsideproj.mef\bin\release\nonshipping\microsoft.visualstudio.composition.tests.dll" id="8bbc0160-5fbb-4bfc-ae32-00c27b8a4a18">
      <Execution id="c6e0d757-a026-44d2-b052-e0ccdf076ee2" />
      <TestMethod codeBase="f:\vnext1\b25bab26\VSIDEProj.MEF\bin\Release\NonShipping\Microsoft.VisualStudio.Composition.Tests.dll" adapterTypeName="Microsoft.VisualStudio.TestTools.TestTypes.Unit.UnitTestAdapter" className="Microsoft.VisualStudio.Composition.Tests.InvalidGraphTests" name="V3 engine (runtime)" />
    </UnitTest>
    <UnitTest name="V1" storage="f:\vnext1\b25bab26\vsideproj.mef\bin\release\nonshipping\microsoft.visualstudio.composition.tests.dll" id="93a3bbb3-7f63-4752-842b-d6382a299f11">
      <Execution id="fdaa19fd-bb92-4c46-834a-21886ab3d7fc" />
      <TestMethod codeBase="f:\vnext1\b25bab26\VSIDEProj.MEF\bin\Release\NonShipping\Microsoft.VisualStudio.Composition.Tests.dll" adapterTypeName="Microsoft.VisualStudio.TestTools.TestTypes.Unit.UnitTestAdapter" className="Microsoft.VisualStudio.Composition.Tests.InvalidGraphTests" name="V1" />
    </UnitTest>
    <UnitTest name="V3 engine (runtime)" storage="f:\vnext1\b25bab26\vsideproj.mef\bin\release\nonshipping\microsoft.visualstudio.composition.tests.dll" id="d01b8047-2a23-4368-9088-c6c4ff3cfb89">
      <Execution id="d02c21fc-a39d-4c95-b971-d4469a575957" />
      <TestMethod codeBase="f:\vnext1\b25bab26\VSIDEProj.MEF\bin\Release\NonShipping\Microsoft.VisualStudio.Composition.Tests.dll" adapterTypeName="Microsoft.VisualStudio.TestTools.TestTypes.Unit.UnitTestAdapter" className="Microsoft.VisualStudio.Composition.Tests.OpenGenericExportTests" name="V3 engine (runtime)" />
    </UnitTest>
    <UnitTest name="V2" storage="f:\vnext1\b25bab26\vsideproj.mef\bin\release\nonshipping\microsoft.visualstudio.composition.tests.dll" id="2a0a795b-bcd4-45ce-9eff-3df4adc2fd4d">
      <Execution id="edc95877-2a65-4b1a-b9f1-86f7938e8138" />
      <TestMethod codeBase="f:\vnext1\b25bab26\VSIDEProj.MEF\bin\Release\NonShipping\Microsoft.VisualStudio.Composition.Tests.dll" adapterTypeName="Microsoft.VisualStudio.TestTools.TestTypes.Unit.UnitTestAdapter" className="Microsoft.VisualStudio.Composition.Tests.InvalidGraphTests" name="V2" />
    </UnitTest>
    <UnitTest name="V3 composition (V1)" storage="f:\vnext1\b25bab26\vsideproj.mef\bin\release\nonshipping\microsoft.visualstudio.composition.tests.dll" id="3a324fc0-7004-487d-a18c-109491472018">
      <Execution id="d9ce3cb0-d064-47a6-adb3-219aff6c4b07" />
      <TestMethod codeBase="f:\vnext1\b25bab26\VSIDEProj.MEF\bin\Release\NonShipping\Microsoft.VisualStudio.Composition.Tests.dll" adapterTypeName="Microsoft.VisualStudio.TestTools.TestTypes.Unit.UnitTestAdapter" className="Microsoft.VisualStudio.Composition.Tests.ExportMetadataTests" name="V3 composition (V1)" />
    </UnitTest>
    <UnitTest name="V3 composition (V1)" storage="f:\vnext1\b25bab26\vsideproj.mef\bin\release\nonshipping\microsoft.visualstudio.composition.tests.dll" id="6c4483e4-163f-40b4-b71b-84cfbfbdef6d">
      <Execution id="35ff2678-0f1c-430c-a1b7-2a008ca4fbef" />
      <TestMethod codeBase="f:\vnext1\b25bab26\VSIDEProj.MEF\bin\Release\NonShipping\Microsoft.VisualStudio.Composition.Tests.dll" adapterTypeName="Microsoft.VisualStudio.TestTools.TestTypes.Unit.UnitTestAdapter" className="Microsoft.VisualStudio.Composition.Tests.ImportManyTests" name="V3 composition (V1)" />
    </UnitTest>
    <UnitTest name="V3 composition (V1)" storage="f:\vnext1\b25bab26\vsideproj.mef\bin\release\nonshipping\microsoft.visualstudio.composition.tests.dll" id="22e99422-eda6-453b-8084-482c289b5cdf">
      <Execution id="46675d62-f03a-4432-84df-62c3b666e7ad" />
      <TestMethod codeBase="f:\vnext1\b25bab26\VSIDEProj.MEF\bin\Release\NonShipping\Microsoft.VisualStudio.Composition.Tests.dll" adapterTypeName="Microsoft.VisualStudio.TestTools.TestTypes.Unit.UnitTestAdapter" className="Microsoft.VisualStudio.Composition.Tests.CustomMetadataAttributeTests" name="V3 composition (V1)" />
    </UnitTest>
    <UnitTest name="V3 engine (runtime)" storage="f:\vnext1\b25bab26\vsideproj.mef\bin\release\nonshipping\microsoft.visualstudio.composition.tests.dll" id="e7803303-6e85-4a6f-9bcf-74a35d5eb744">
      <Execution id="2c14e5e5-8a65-4301-adb7-195c8a3a30bd" />
      <TestMethod codeBase="f:\vnext1\b25bab26\VSIDEProj.MEF\bin\Release\NonShipping\Microsoft.VisualStudio.Composition.Tests.dll" adapterTypeName="Microsoft.VisualStudio.TestTools.TestTypes.Unit.UnitTestAdapter" className="Microsoft.VisualStudio.Composition.Tests.ExportProviderTests" name="V3 engine (runtime)" />
    </UnitTest>
    <UnitTest name="V3 composition (V2)" storage="f:\vnext1\b25bab26\vsideproj.mef\bin\release\nonshipping\microsoft.visualstudio.composition.tests.dll" id="f4df154c-7f85-45e9-b1f6-8df69bb093c1">
      <Execution id="42b44544-c235-4985-8de6-a0300c64d253" />
      <TestMethod codeBase="f:\vnext1\b25bab26\VSIDEProj.MEF\bin\Release\NonShipping\Microsoft.VisualStudio.Composition.Tests.dll" adapterTypeName="Microsoft.VisualStudio.TestTools.TestTypes.Unit.UnitTestAdapter" className="Microsoft.VisualStudio.Composition.Tests.SharingBoundaryWithSharedTests" name="V3 composition (V2)" />
    </UnitTest>
    <UnitTest name="V3 composition (V1)" storage="f:\vnext1\b25bab26\vsideproj.mef\bin\release\nonshipping\microsoft.visualstudio.composition.tests.dll" id="1eb7cd87-696a-4c44-8f08-e2557ee72e7d">
      <Execution id="807a3f64-88f9-40c3-b463-59a94d0d2f48" />
      <TestMethod codeBase="f:\vnext1\b25bab26\VSIDEProj.MEF\bin\Release\NonShipping\Microsoft.VisualStudio.Composition.Tests.dll" adapterTypeName="Microsoft.VisualStudio.TestTools.TestTypes.Unit.UnitTestAdapter" className="Microsoft.VisualStudio.Composition.Tests.ExportingMembersTests" name="V3 composition (V1)" />
    </UnitTest>
    <UnitTest name="V3 composition (V1)" storage="f:\vnext1\b25bab26\vsideproj.mef\bin\release\nonshipping\microsoft.visualstudio.composition.tests.dll" id="9673b0ac-3087-47c0-9675-2e375d1efa9a">
      <Execution id="3a749257-f4f0-4160-83c9-fb81eb645260" />
      <TestMethod codeBase="f:\vnext1\b25bab26\VSIDEProj.MEF\bin\Release\NonShipping\Microsoft.VisualStudio.Composition.Tests.dll" adapterTypeName="Microsoft.VisualStudio.TestTools.TestTypes.Unit.UnitTestAdapter" className="Microsoft.VisualStudio.Composition.Tests.ImportSiteCreationPolicyTests" name="V3 composition (V1)" />
    </UnitTest>
    <UnitTest name="V3 engine (runtime)" storage="f:\vnext1\b25bab26\vsideproj.mef\bin\release\nonshipping\microsoft.visualstudio.composition.tests.dll" id="5dff4cfb-ff10-4603-b9aa-62dde228d946">
      <Execution id="8c3b69a6-7ee5-4118-a11b-e74cd2fb8238" />
      <TestMethod codeBase="f:\vnext1\b25bab26\VSIDEProj.MEF\bin\Release\NonShipping\Microsoft.VisualStudio.Composition.Tests.dll" adapterTypeName="Microsoft.VisualStudio.TestTools.TestTypes.Unit.UnitTestAdapter" className="Microsoft.VisualStudio.Composition.Tests.DisposablePartsTests" name="V3 engine (runtime)" />
    </UnitTest>
    <UnitTest name="V3 engine (runtime)" storage="f:\vnext1\b25bab26\vsideproj.mef\bin\release\nonshipping\microsoft.visualstudio.composition.tests.dll" id="ddd023cb-c64b-4448-93c6-eb67b63e5044">
      <Execution id="c6feeeb4-fb64-4e97-96c0-24b1f9c58f4c" />
      <TestMethod codeBase="f:\vnext1\b25bab26\VSIDEProj.MEF\bin\Release\NonShipping\Microsoft.VisualStudio.Composition.Tests.dll" adapterTypeName="Microsoft.VisualStudio.TestTools.TestTypes.Unit.UnitTestAdapter" className="Microsoft.VisualStudio.Composition.Tests.NonPublicImportsExportsTests" name="V3 engine (runtime)" />
    </UnitTest>
    <UnitTest name="V3 engine (runtime)" storage="f:\vnext1\b25bab26\vsideproj.mef\bin\release\nonshipping\microsoft.visualstudio.composition.tests.dll" id="54bad574-8d10-4ac6-bc46-ad6cb6332759">
      <Execution id="9f948aef-84d1-46c4-88d8-d1e48c4b84ae" />
      <TestMethod codeBase="f:\vnext1\b25bab26\VSIDEProj.MEF\bin\Release\NonShipping\Microsoft.VisualStudio.Composition.Tests.dll" adapterTypeName="Microsoft.VisualStudio.TestTools.TestTypes.Unit.UnitTestAdapter" className="Microsoft.VisualStudio.Composition.Tests.InheritedExportTests" name="V3 engine (runtime)" />
    </UnitTest>
    <UnitTest name="V1" storage="f:\vnext1\b25bab26\vsideproj.mef\bin\release\nonshipping\microsoft.visualstudio.composition.tests.dll" id="4668c277-4b66-420a-8a19-69324823a168">
      <Execution id="dfb61fda-8a04-4122-acdd-a2e8477d9be0" />
      <TestMethod codeBase="f:\vnext1\b25bab26\VSIDEProj.MEF\bin\Release\NonShipping\Microsoft.VisualStudio.Composition.Tests.dll" adapterTypeName="Microsoft.VisualStudio.TestTools.TestTypes.Unit.UnitTestAdapter" className="Microsoft.VisualStudio.Composition.Tests.NonPublicImportsExportsTests" name="V1" />
    </UnitTest>
    <UnitTest name="V1" storage="f:\vnext1\b25bab26\vsideproj.mef\bin\release\nonshipping\microsoft.visualstudio.composition.tests.dll" id="70941d9f-f236-4872-86bb-709a2744341f">
      <Execution id="b867c07f-49f5-44b1-a724-4eccc2bfb7c2" />
      <TestMethod codeBase="f:\vnext1\b25bab26\VSIDEProj.MEF\bin\Release\NonShipping\Microsoft.VisualStudio.Composition.Tests.dll" adapterTypeName="Microsoft.VisualStudio.TestTools.TestTypes.Unit.UnitTestAdapter" className="Microsoft.VisualStudio.Composition.Tests.InheritedExportTests" name="V1" />
    </UnitTest>
    <UnitTest name="V3 engine (runtime)" storage="f:\vnext1\b25bab26\vsideproj.mef\bin\release\nonshipping\microsoft.visualstudio.composition.tests.dll" id="4a32fdc4-32ee-445e-8627-7a7de5120cb5">
      <Execution id="4328e86b-0e58-4488-90bc-6c8d130b8051" />
      <TestMethod codeBase="f:\vnext1\b25bab26\VSIDEProj.MEF\bin\Release\NonShipping\Microsoft.VisualStudio.Composition.Tests.dll" adapterTypeName="Microsoft.VisualStudio.TestTools.TestTypes.Unit.UnitTestAdapter" className="Microsoft.VisualStudio.Composition.Tests.ExportFactoryTests" name="V3 engine (runtime)" />
    </UnitTest>
    <UnitTest name="V1" storage="f:\vnext1\b25bab26\vsideproj.mef\bin\release\nonshipping\microsoft.visualstudio.composition.tests.dll" id="090f5323-e531-434d-850f-887e1dfb2b31">
      <Execution id="6ddacacb-1d95-4cdd-b96b-b438e0f31095" />
      <TestMethod codeBase="f:\vnext1\b25bab26\VSIDEProj.MEF\bin\Release\NonShipping\Microsoft.VisualStudio.Composition.Tests.dll" adapterTypeName="Microsoft.VisualStudio.TestTools.TestTypes.Unit.UnitTestAdapter" className="Microsoft.VisualStudio.Composition.Tests.ExportFactoryTests" name="V1" />
    </UnitTest>
    <UnitTest name="V3 engine (runtime)" storage="f:\vnext1\b25bab26\vsideproj.mef\bin\release\nonshipping\microsoft.visualstudio.composition.tests.dll" id="d27ddbc8-f409-4fac-81af-84f56882e010">
      <Execution id="8ebe09d7-e16e-4384-baf4-104d7da0605f" />
      <TestMethod codeBase="f:\vnext1\b25bab26\VSIDEProj.MEF\bin\Release\NonShipping\Microsoft.VisualStudio.Composition.Tests.dll" adapterTypeName="Microsoft.VisualStudio.TestTools.TestTypes.Unit.UnitTestAdapter" className="Microsoft.VisualStudio.Composition.Tests.MefV1ExportProviderAdapterTests" name="V3 engine (runtime)" />
    </UnitTest>
    <UnitTest name="V1" storage="f:\vnext1\b25bab26\vsideproj.mef\bin\release\nonshipping\microsoft.visualstudio.composition.tests.dll" id="cf1e7e77-696c-410f-a4a0-ea22a2d989f3">
      <Execution id="4aed44ae-68d9-441f-86a0-e7ca822a0df2" />
      <TestMethod codeBase="f:\vnext1\b25bab26\VSIDEProj.MEF\bin\Release\NonShipping\Microsoft.VisualStudio.Composition.Tests.dll" adapterTypeName="Microsoft.VisualStudio.TestTools.TestTypes.Unit.UnitTestAdapter" className="Microsoft.VisualStudio.Composition.Tests.MefV1ExportProviderAdapterTests" name="V1" />
    </UnitTest>
    <UnitTest name="V3 engine (runtime)" storage="f:\vnext1\b25bab26\vsideproj.mef\bin\release\nonshipping\microsoft.visualstudio.composition.tests.dll" id="6b15c06d-4561-4d12-899c-371185acd727">
      <Execution id="a3417bdd-5480-4e23-bebd-acee28f52331" />
      <TestMethod codeBase="f:\vnext1\b25bab26\VSIDEProj.MEF\bin\Release\NonShipping\Microsoft.VisualStudio.Composition.Tests.dll" adapterTypeName="Microsoft.VisualStudio.TestTools.TestTypes.Unit.UnitTestAdapter" className="Microsoft.VisualStudio.Composition.Tests.ExportMetadataTests" name="V3 engine (runtime)" />
    </UnitTest>
    <UnitTest name="V3 engine (runtime)" storage="f:\vnext1\b25bab26\vsideproj.mef\bin\release\nonshipping\microsoft.visualstudio.composition.tests.dll" id="4be139fa-b74e-449e-ab57-ea30500ec17e">
      <Execution id="f72a4d04-f026-4e8a-9c09-43d3cdff45cd" />
      <TestMethod codeBase="f:\vnext1\b25bab26\VSIDEProj.MEF\bin\Release\NonShipping\Microsoft.VisualStudio.Composition.Tests.dll" adapterTypeName="Microsoft.VisualStudio.TestTools.TestTypes.Unit.UnitTestAdapter" className="Microsoft.VisualStudio.Composition.Tests.ImportManyTests" name="V3 engine (runtime)" />
    </UnitTest>
    <UnitTest name="V1" storage="f:\vnext1\b25bab26\vsideproj.mef\bin\release\nonshipping\microsoft.visualstudio.composition.tests.dll" id="9fd52d23-a6c5-470c-86d3-d7809502c13d">
      <Execution id="01e11885-1aed-4a2a-9bd3-34f1e53ae466" />
      <TestMethod codeBase="f:\vnext1\b25bab26\VSIDEProj.MEF\bin\Release\NonShipping\Microsoft.VisualStudio.Composition.Tests.dll" adapterTypeName="Microsoft.VisualStudio.TestTools.TestTypes.Unit.UnitTestAdapter" className="Microsoft.VisualStudio.Composition.Tests.ExportMetadataTests" name="V1" />
    </UnitTest>
    <UnitTest name="V3 engine (runtime)" storage="f:\vnext1\b25bab26\vsideproj.mef\bin\release\nonshipping\microsoft.visualstudio.composition.tests.dll" id="4dbf5c13-a432-42e9-946f-ef904c0bfd7f">
      <Execution id="bac7e698-3b3a-49ec-9c83-07744ac39e36" />
      <TestMethod codeBase="f:\vnext1\b25bab26\VSIDEProj.MEF\bin\Release\NonShipping\Microsoft.VisualStudio.Composition.Tests.dll" adapterTypeName="Microsoft.VisualStudio.TestTools.TestTypes.Unit.UnitTestAdapter" className="Microsoft.VisualStudio.Composition.Tests.CustomMetadataAttributeTests" name="V3 engine (runtime)" />
    </UnitTest>
    <UnitTest name="V2" storage="f:\vnext1\b25bab26\vsideproj.mef\bin\release\nonshipping\microsoft.visualstudio.composition.tests.dll" id="7b4cb302-215d-4806-94e9-537c80127ebb">
      <Execution id="fd8b9ecf-7f10-4c7e-9e2b-d0e3fdc16fc7" />
      <TestMethod codeBase="f:\vnext1\b25bab26\VSIDEProj.MEF\bin\Release\NonShipping\Microsoft.VisualStudio.Composition.Tests.dll" adapterTypeName="Microsoft.VisualStudio.TestTools.TestTypes.Unit.UnitTestAdapter" className="Microsoft.VisualStudio.Composition.Tests.CustomMetadataAttributeTests" name="V2" />
    </UnitTest>
    <UnitTest name="V3 engine (runtime)" storage="f:\vnext1\b25bab26\vsideproj.mef\bin\release\nonshipping\microsoft.visualstudio.composition.tests.dll" id="9baf0ef6-85f7-4d5a-9a94-bc879dc40f57">
      <Execution id="2ecce456-95ed-4c53-ac57-783cd973ddc0" />
      <TestMethod codeBase="f:\vnext1\b25bab26\VSIDEProj.MEF\bin\Release\NonShipping\Microsoft.VisualStudio.Composition.Tests.dll" adapterTypeName="Microsoft.VisualStudio.TestTools.TestTypes.Unit.UnitTestAdapter" className="Microsoft.VisualStudio.Composition.Tests.ExportProviderTests" name="V3 engine (runtime)" />
    </UnitTest>
    <UnitTest name="V1" storage="f:\vnext1\b25bab26\vsideproj.mef\bin\release\nonshipping\microsoft.visualstudio.composition.tests.dll" id="056aaf43-3b36-4d9a-816a-77ec11c32d8d">
      <Execution id="e5d7efab-a4cf-465b-a012-2363ad436d70" />
      <TestMethod codeBase="f:\vnext1\b25bab26\VSIDEProj.MEF\bin\Release\NonShipping\Microsoft.VisualStudio.Composition.Tests.dll" adapterTypeName="Microsoft.VisualStudio.TestTools.TestTypes.Unit.UnitTestAdapter" className="Microsoft.VisualStudio.Composition.Tests.ExportProviderTests" name="V1" />
    </UnitTest>
    <UnitTest name="V1" storage="f:\vnext1\b25bab26\vsideproj.mef\bin\release\nonshipping\microsoft.visualstudio.composition.tests.dll" id="aeb27478-f068-4ac7-a593-2b79fa18e777">
      <Execution id="af74ea32-832e-4ce0-af8f-f1cfd2961a03" />
      <TestMethod codeBase="f:\vnext1\b25bab26\VSIDEProj.MEF\bin\Release\NonShipping\Microsoft.VisualStudio.Composition.Tests.dll" adapterTypeName="Microsoft.VisualStudio.TestTools.TestTypes.Unit.UnitTestAdapter" className="Microsoft.VisualStudio.Composition.Tests.ImportManyTests" name="V1" />
    </UnitTest>
    <UnitTest name="V3 composition (V2)" storage="f:\vnext1\b25bab26\vsideproj.mef\bin\release\nonshipping\microsoft.visualstudio.composition.tests.dll" id="8f3b0aa9-6ba6-477d-9908-fe446534200f">
      <Execution id="e0e47a64-d954-4016-9ae8-cf7402d811eb" />
      <TestMethod codeBase="f:\vnext1\b25bab26\VSIDEProj.MEF\bin\Release\NonShipping\Microsoft.VisualStudio.Composition.Tests.dll" adapterTypeName="Microsoft.VisualStudio.TestTools.TestTypes.Unit.UnitTestAdapter" className="Microsoft.VisualStudio.Composition.Tests.CircularDependencyTests" name="V3 composition (V2)" />
    </UnitTest>
    <UnitTest name="V3 engine (runtime)" storage="f:\vnext1\b25bab26\vsideproj.mef\bin\release\nonshipping\microsoft.visualstudio.composition.tests.dll" id="77997b53-b98a-4b50-8038-4ef8c0a98be1">
      <Execution id="d2f1066b-d35b-4ced-b791-49ddeb8042ea" />
      <TestMethod codeBase="f:\vnext1\b25bab26\VSIDEProj.MEF\bin\Release\NonShipping\Microsoft.VisualStudio.Composition.Tests.dll" adapterTypeName="Microsoft.VisualStudio.TestTools.TestTypes.Unit.UnitTestAdapter" className="Microsoft.VisualStudio.Composition.Tests.SharingBoundaryWithSharedTests" name="V3 engine (runtime)" />
    </UnitTest>
    <UnitTest name="V3 engine (runtime)" storage="f:\vnext1\b25bab26\vsideproj.mef\bin\release\nonshipping\microsoft.visualstudio.composition.tests.dll" id="66f0718d-68db-4d42-8361-d212be3cdfe5">
      <Execution id="908d04d1-fbff-4c20-979e-e00f425e7f59" />
      <TestMethod codeBase="f:\vnext1\b25bab26\VSIDEProj.MEF\bin\Release\NonShipping\Microsoft.VisualStudio.Composition.Tests.dll" adapterTypeName="Microsoft.VisualStudio.TestTools.TestTypes.Unit.UnitTestAdapter" className="Microsoft.VisualStudio.Composition.Tests.ExportingMembersTests" name="V3 engine (runtime)" />
    </UnitTest>
    <UnitTest name="V1" storage="f:\vnext1\b25bab26\vsideproj.mef\bin\release\nonshipping\microsoft.visualstudio.composition.tests.dll" id="a54bc53b-2c71-4052-9e48-9efd64045ca5">
      <Execution id="894b0677-c643-47a1-ba3d-47d8f543019e" />
      <TestMethod codeBase="f:\vnext1\b25bab26\VSIDEProj.MEF\bin\Release\NonShipping\Microsoft.VisualStudio.Composition.Tests.dll" adapterTypeName="Microsoft.VisualStudio.TestTools.TestTypes.Unit.UnitTestAdapter" className="Microsoft.VisualStudio.Composition.Tests.ExportingMembersTests" name="V1" />
    </UnitTest>
    <UnitTest name="V2" storage="f:\vnext1\b25bab26\vsideproj.mef\bin\release\nonshipping\microsoft.visualstudio.composition.tests.dll" id="b844bcad-5dd5-483a-8ed7-f2e1161f29ee">
      <Execution id="e3d4ed1d-7246-4b4f-8ee6-9b3a7a8b2e8b" />
      <TestMethod codeBase="f:\vnext1\b25bab26\VSIDEProj.MEF\bin\Release\NonShipping\Microsoft.VisualStudio.Composition.Tests.dll" adapterTypeName="Microsoft.VisualStudio.TestTools.TestTypes.Unit.UnitTestAdapter" className="Microsoft.VisualStudio.Composition.Tests.ExportingMembersTests" name="V2" />
    </UnitTest>
    <UnitTest name="V2" storage="f:\vnext1\b25bab26\vsideproj.mef\bin\release\nonshipping\microsoft.visualstudio.composition.tests.dll" id="d5aeda6c-6bd9-4601-a677-b048c75324e3">
      <Execution id="5b4dcf32-1941-48cd-ae3c-ad6603d1df95" />
      <TestMethod codeBase="f:\vnext1\b25bab26\VSIDEProj.MEF\bin\Release\NonShipping\Microsoft.VisualStudio.Composition.Tests.dll" adapterTypeName="Microsoft.VisualStudio.TestTools.TestTypes.Unit.UnitTestAdapter" className="Microsoft.VisualStudio.Composition.Tests.ExportProviderTests" name="V2" />
    </UnitTest>
    <UnitTest name="V3 engine (runtime)" storage="f:\vnext1\b25bab26\vsideproj.mef\bin\release\nonshipping\microsoft.visualstudio.composition.tests.dll" id="136473ef-a758-4f77-bd39-5d5a1aa1cc03">
      <Execution id="862bc726-0711-42a0-b502-b4652688e2af" />
      <TestMethod codeBase="f:\vnext1\b25bab26\VSIDEProj.MEF\bin\Release\NonShipping\Microsoft.VisualStudio.Composition.Tests.dll" adapterTypeName="Microsoft.VisualStudio.TestTools.TestTypes.Unit.UnitTestAdapter" className="Microsoft.VisualStudio.Composition.Tests.ImportSiteCreationPolicyTests" name="V3 engine (runtime)" />
    </UnitTest>
    <UnitTest name="V1" storage="f:\vnext1\b25bab26\vsideproj.mef\bin\release\nonshipping\microsoft.visualstudio.composition.tests.dll" id="2a3567eb-20f1-4586-b98e-58170beec3a2">
      <Execution id="d30badea-39bc-4ac6-b5a9-69be6aaa81f3" />
      <TestMethod codeBase="f:\vnext1\b25bab26\VSIDEProj.MEF\bin\Release\NonShipping\Microsoft.VisualStudio.Composition.Tests.dll" adapterTypeName="Microsoft.VisualStudio.TestTools.TestTypes.Unit.UnitTestAdapter" className="Microsoft.VisualStudio.Composition.Tests.ExportProviderTests" name="V1" />
    </UnitTest>
    <UnitTest name="V3 engine (runtime)" storage="f:\vnext1\b25bab26\vsideproj.mef\bin\release\nonshipping\microsoft.visualstudio.composition.tests.dll" id="fbb87a46-f86a-433e-b164-6ff95ead61a2">
      <Execution id="58493fc4-32a5-4115-ab98-b40532fee6e2" />
      <TestMethod codeBase="f:\vnext1\b25bab26\VSIDEProj.MEF\bin\Release\NonShipping\Microsoft.VisualStudio.Composition.Tests.dll" adapterTypeName="Microsoft.VisualStudio.TestTools.TestTypes.Unit.UnitTestAdapter" className="Microsoft.VisualStudio.Composition.Tests.DisposablePartsTests" name="V3 engine (runtime)" />
    </UnitTest>
    <UnitTest name="V1" storage="f:\vnext1\b25bab26\vsideproj.mef\bin\release\nonshipping\microsoft.visualstudio.composition.tests.dll" id="281a3834-7391-4862-ab68-6fcdf97ec163">
      <Execution id="62c0fbb0-7b32-4460-b161-df6d8166f116" />
      <TestMethod codeBase="f:\vnext1\b25bab26\VSIDEProj.MEF\bin\Release\NonShipping\Microsoft.VisualStudio.Composition.Tests.dll" adapterTypeName="Microsoft.VisualStudio.TestTools.TestTypes.Unit.UnitTestAdapter" className="Microsoft.VisualStudio.Composition.Tests.DisposablePartsTests" name="V1" />
    </UnitTest>
    <UnitTest name="V2" storage="f:\vnext1\b25bab26\vsideproj.mef\bin\release\nonshipping\microsoft.visualstudio.composition.tests.dll" id="581fbdcb-397d-43c1-8c22-6d92a0b7f37b">
      <Execution id="e2b50170-7094-43fc-a101-26f10ea8cf13" />
      <TestMethod codeBase="f:\vnext1\b25bab26\VSIDEProj.MEF\bin\Release\NonShipping\Microsoft.VisualStudio.Composition.Tests.dll" adapterTypeName="Microsoft.VisualStudio.TestTools.TestTypes.Unit.UnitTestAdapter" className="Microsoft.VisualStudio.Composition.Tests.DisposablePartsTests" name="V2" />
    </UnitTest>
    <UnitTest name="V3 composition (V1)" storage="f:\vnext1\b25bab26\vsideproj.mef\bin\release\nonshipping\microsoft.visualstudio.composition.tests.dll" id="1f55c9be-ebe4-4ad3-a79e-eb8e3bc9f44b">
      <Execution id="1fa41b2d-9440-4abe-a0ad-e4ce0652c926" />
      <TestMethod codeBase="f:\vnext1\b25bab26\VSIDEProj.MEF\bin\Release\NonShipping\Microsoft.VisualStudio.Composition.Tests.dll" adapterTypeName="Microsoft.VisualStudio.TestTools.TestTypes.Unit.UnitTestAdapter" className="Microsoft.VisualStudio.Composition.Tests.NonPublicImportsExportsTests" name="V3 composition (V1)" />
    </UnitTest>
    <UnitTest name="V3 composition (V1)" storage="f:\vnext1\b25bab26\vsideproj.mef\bin\release\nonshipping\microsoft.visualstudio.composition.tests.dll" id="4893804a-8b6b-48f1-9a77-6fadfdc9cb96">
      <Execution id="c1a84644-8cd9-4579-8c57-cd4d350f2010" />
      <TestMethod codeBase="f:\vnext1\b25bab26\VSIDEProj.MEF\bin\Release\NonShipping\Microsoft.VisualStudio.Composition.Tests.dll" adapterTypeName="Microsoft.VisualStudio.TestTools.TestTypes.Unit.UnitTestAdapter" className="Microsoft.VisualStudio.Composition.Tests.InheritedExportTests" name="V3 composition (V1)" />
    </UnitTest>
    <UnitTest name="V3 engine (runtime)" storage="f:\vnext1\b25bab26\vsideproj.mef\bin\release\nonshipping\microsoft.visualstudio.composition.tests.dll" id="9e9ed0ea-96d3-4b5b-9622-34b0379e0586">
      <Execution id="283862d2-b267-4e1a-aac2-d57d8a5726c6" />
      <TestMethod codeBase="f:\vnext1\b25bab26\VSIDEProj.MEF\bin\Release\NonShipping\Microsoft.VisualStudio.Composition.Tests.dll" adapterTypeName="Microsoft.VisualStudio.TestTools.TestTypes.Unit.UnitTestAdapter" className="Microsoft.VisualStudio.Composition.Tests.CircularDependencyTests" name="V3 engine (runtime)" />
    </UnitTest>
    <UnitTest name="V3 composition (V1)" storage="f:\vnext1\b25bab26\vsideproj.mef\bin\release\nonshipping\microsoft.visualstudio.composition.tests.dll" id="133fad05-3d5d-465c-97c9-e8dcd0176072">
      <Execution id="8db15c63-3cc8-4c64-976b-0d6c2d164cd5" />
      <TestMethod codeBase="f:\vnext1\b25bab26\VSIDEProj.MEF\bin\Release\NonShipping\Microsoft.VisualStudio.Composition.Tests.dll" adapterTypeName="Microsoft.VisualStudio.TestTools.TestTypes.Unit.UnitTestAdapter" className="Microsoft.VisualStudio.Composition.Tests.MefV1ExportProviderAdapterTests" name="V3 composition (V1)" />
    </UnitTest>
    <UnitTest name="V3 composition (V1, V2)" storage="f:\vnext1\b25bab26\vsideproj.mef\bin\release\nonshipping\microsoft.visualstudio.composition.tests.dll" id="53378d30-184a-40da-9b19-306e9e294b71">
      <Execution id="376a8b09-c00e-4205-abce-e3e1d84cea98" />
      <TestMethod codeBase="f:\vnext1\b25bab26\VSIDEProj.MEF\bin\Release\NonShipping\Microsoft.VisualStudio.Composition.Tests.dll" adapterTypeName="Microsoft.VisualStudio.TestTools.TestTypes.Unit.UnitTestAdapter" className="Microsoft.VisualStudio.Composition.Tests.NamedTypedExportTests" name="V3 composition (V1, V2)" />
    </UnitTest>
    <UnitTest name="V3 composition (V1)" storage="f:\vnext1\b25bab26\vsideproj.mef\bin\release\nonshipping\microsoft.visualstudio.composition.tests.dll" id="e85f756a-d7fa-480a-9e21-a8961fd51a6b">
      <Execution id="5b517302-5b7b-47f5-8f1c-f4770dfc9806" />
      <TestMethod codeBase="f:\vnext1\b25bab26\VSIDEProj.MEF\bin\Release\NonShipping\Microsoft.VisualStudio.Composition.Tests.dll" adapterTypeName="Microsoft.VisualStudio.TestTools.TestTypes.Unit.UnitTestAdapter" className="Microsoft.VisualStudio.Composition.Tests.ExportFactoryTests" name="V3 composition (V1)" />
    </UnitTest>
    <UnitTest name="V3 composition (V2)" storage="f:\vnext1\b25bab26\vsideproj.mef\bin\release\nonshipping\microsoft.visualstudio.composition.tests.dll" id="3ebceb11-eaf8-4b36-b77c-d973a6e7bcd8">
      <Execution id="0615d4dd-bed8-483a-9f62-5874da653472" />
      <TestMethod codeBase="f:\vnext1\b25bab26\VSIDEProj.MEF\bin\Release\NonShipping\Microsoft.VisualStudio.Composition.Tests.dll" adapterTypeName="Microsoft.VisualStudio.TestTools.TestTypes.Unit.UnitTestAdapter" className="Microsoft.VisualStudio.Composition.Tests.CustomMetadataAttributeTests" name="V3 composition (V2)" />
    </UnitTest>
    <UnitTest name="V3 composition (V1)" storage="f:\vnext1\b25bab26\vsideproj.mef\bin\release\nonshipping\microsoft.visualstudio.composition.tests.dll" id="aae23822-cc16-422b-a78b-ff573e597f35">
      <Execution id="751c579f-83a6-4890-b812-fb9be682cd2a" />
      <TestMethod codeBase="f:\vnext1\b25bab26\VSIDEProj.MEF\bin\Release\NonShipping\Microsoft.VisualStudio.Composition.Tests.dll" adapterTypeName="Microsoft.VisualStudio.TestTools.TestTypes.Unit.UnitTestAdapter" className="Microsoft.VisualStudio.Composition.Tests.ExportMetadataTests" name="V3 composition (V1)" />
    </UnitTest>
    <UnitTest name="V1" storage="f:\vnext1\b25bab26\vsideproj.mef\bin\release\nonshipping\microsoft.visualstudio.composition.tests.dll" id="e8517808-bdb5-459f-a6a1-519ea4aa2002">
      <Execution id="8212e47f-4f91-4a7f-858e-09350b90d2b8" />
      <TestMethod codeBase="f:\vnext1\b25bab26\VSIDEProj.MEF\bin\Release\NonShipping\Microsoft.VisualStudio.Composition.Tests.dll" adapterTypeName="Microsoft.VisualStudio.TestTools.TestTypes.Unit.UnitTestAdapter" className="Microsoft.VisualStudio.Composition.Tests.CircularDependencyTests" name="V1" />
    </UnitTest>
    <UnitTest name="V3 composition (V1)" storage="f:\vnext1\b25bab26\vsideproj.mef\bin\release\nonshipping\microsoft.visualstudio.composition.tests.dll" id="fb95539b-23a4-4356-afe0-6cdeedc80a12">
      <Execution id="ebdb5faa-38f8-4f8b-93e8-8a39b410d314" />
      <TestMethod codeBase="f:\vnext1\b25bab26\VSIDEProj.MEF\bin\Release\NonShipping\Microsoft.VisualStudio.Composition.Tests.dll" adapterTypeName="Microsoft.VisualStudio.TestTools.TestTypes.Unit.UnitTestAdapter" className="Microsoft.VisualStudio.Composition.Tests.ImportManyTests" name="V3 composition (V1)" />
    </UnitTest>
    <UnitTest name="V3 engine (runtime)" storage="f:\vnext1\b25bab26\vsideproj.mef\bin\release\nonshipping\microsoft.visualstudio.composition.tests.dll" id="574b096a-a6b2-47c0-94d7-f7535beef092">
      <Execution id="4db31c13-17ee-4666-bd52-1d1439a3465d" />
      <TestMethod codeBase="f:\vnext1\b25bab26\VSIDEProj.MEF\bin\Release\NonShipping\Microsoft.VisualStudio.Composition.Tests.dll" adapterTypeName="Microsoft.VisualStudio.TestTools.TestTypes.Unit.UnitTestAdapter" className="Microsoft.VisualStudio.Composition.Tests.NonPublicImportsExportsTests" name="V3 engine (runtime)" />
    </UnitTest>
    <UnitTest name="V3 engine (runtime)" storage="f:\vnext1\b25bab26\vsideproj.mef\bin\release\nonshipping\microsoft.visualstudio.composition.tests.dll" id="503e1170-68cf-4df9-8da9-50630e0fcf48">
      <Execution id="7c252c3a-2bb9-4ed7-8dc1-4bfecff8eb0f" />
      <TestMethod codeBase="f:\vnext1\b25bab26\VSIDEProj.MEF\bin\Release\NonShipping\Microsoft.VisualStudio.Composition.Tests.dll" adapterTypeName="Microsoft.VisualStudio.TestTools.TestTypes.Unit.UnitTestAdapter" className="Microsoft.VisualStudio.Composition.Tests.InheritedExportTests" name="V3 engine (runtime)" />
    </UnitTest>
    <UnitTest name="V1" storage="f:\vnext1\b25bab26\vsideproj.mef\bin\release\nonshipping\microsoft.visualstudio.composition.tests.dll" id="57d05132-18f6-4403-89b5-ea07a207fae1">
      <Execution id="7ece8605-4803-45aa-a620-464a4285682f" />
      <TestMethod codeBase="f:\vnext1\b25bab26\VSIDEProj.MEF\bin\Release\NonShipping\Microsoft.VisualStudio.Composition.Tests.dll" adapterTypeName="Microsoft.VisualStudio.TestTools.TestTypes.Unit.UnitTestAdapter" className="Microsoft.VisualStudio.Composition.Tests.NonPublicImportsExportsTests" name="V1" />
    </UnitTest>
    <UnitTest name="V1" storage="f:\vnext1\b25bab26\vsideproj.mef\bin\release\nonshipping\microsoft.visualstudio.composition.tests.dll" id="5f6c2e0e-c5e2-47d0-a1ad-2b48988d1f04">
      <Execution id="74e845c9-1d35-42ca-b201-8edfbb2ecad8" />
      <TestMethod codeBase="f:\vnext1\b25bab26\VSIDEProj.MEF\bin\Release\NonShipping\Microsoft.VisualStudio.Composition.Tests.dll" adapterTypeName="Microsoft.VisualStudio.TestTools.TestTypes.Unit.UnitTestAdapter" className="Microsoft.VisualStudio.Composition.Tests.InheritedExportTests" name="V1" />
    </UnitTest>
    <UnitTest name="V3 engine (runtime)" storage="f:\vnext1\b25bab26\vsideproj.mef\bin\release\nonshipping\microsoft.visualstudio.composition.tests.dll" id="67f931e8-110e-404b-b38e-e60185d61d86">
      <Execution id="a0c083e1-bea1-4ea9-9413-4057a1f81de5" />
      <TestMethod codeBase="f:\vnext1\b25bab26\VSIDEProj.MEF\bin\Release\NonShipping\Microsoft.VisualStudio.Composition.Tests.dll" adapterTypeName="Microsoft.VisualStudio.TestTools.TestTypes.Unit.UnitTestAdapter" className="Microsoft.VisualStudio.Composition.Tests.MefV1ExportProviderAdapterTests" name="V3 engine (runtime)" />
    </UnitTest>
    <UnitTest name="V3 engine (runtime)" storage="f:\vnext1\b25bab26\vsideproj.mef\bin\release\nonshipping\microsoft.visualstudio.composition.tests.dll" id="c79db4c9-4149-46ba-be40-a922c49d3a0d">
      <Execution id="d7d57373-d096-4706-ac7e-386c804cabfc" />
      <TestMethod codeBase="f:\vnext1\b25bab26\VSIDEProj.MEF\bin\Release\NonShipping\Microsoft.VisualStudio.Composition.Tests.dll" adapterTypeName="Microsoft.VisualStudio.TestTools.TestTypes.Unit.UnitTestAdapter" className="Microsoft.VisualStudio.Composition.Tests.NamedTypedExportTests" name="V3 engine (runtime)" />
    </UnitTest>
    <UnitTest name="V3 engine (runtime)" storage="f:\vnext1\b25bab26\vsideproj.mef\bin\release\nonshipping\microsoft.visualstudio.composition.tests.dll" id="8c738506-b646-4370-b451-3d12dec9dfc1">
      <Execution id="42c4a71a-34a0-4a12-9dca-b42a86cc94f9" />
      <TestMethod codeBase="f:\vnext1\b25bab26\VSIDEProj.MEF\bin\Release\NonShipping\Microsoft.VisualStudio.Composition.Tests.dll" adapterTypeName="Microsoft.VisualStudio.TestTools.TestTypes.Unit.UnitTestAdapter" className="Microsoft.VisualStudio.Composition.Tests.CustomMetadataAttributeTests" name="V3 engine (runtime)" />
    </UnitTest>
    <UnitTest name="V1" storage="f:\vnext1\b25bab26\vsideproj.mef\bin\release\nonshipping\microsoft.visualstudio.composition.tests.dll" id="6ef162b2-d84d-4bf8-ba3d-299fed9b6703">
      <Execution id="f6a7d045-5cdb-49bb-a2fd-d1161c8db5b0" />
      <TestMethod codeBase="f:\vnext1\b25bab26\VSIDEProj.MEF\bin\Release\NonShipping\Microsoft.VisualStudio.Composition.Tests.dll" adapterTypeName="Microsoft.VisualStudio.TestTools.TestTypes.Unit.UnitTestAdapter" className="Microsoft.VisualStudio.Composition.Tests.CustomMetadataAttributeTests" name="V1" />
    </UnitTest>
    <UnitTest name="V3 engine (runtime)" storage="f:\vnext1\b25bab26\vsideproj.mef\bin\release\nonshipping\microsoft.visualstudio.composition.tests.dll" id="72b59846-7265-4ec3-ae26-26bb0c121dfe">
      <Execution id="e6120a69-bedc-4802-b38a-5e2ac7c93b1e" />
      <TestMethod codeBase="f:\vnext1\b25bab26\VSIDEProj.MEF\bin\Release\NonShipping\Microsoft.VisualStudio.Composition.Tests.dll" adapterTypeName="Microsoft.VisualStudio.TestTools.TestTypes.Unit.UnitTestAdapter" className="Microsoft.VisualStudio.Composition.Tests.ExportMetadataTests" name="V3 engine (runtime)" />
    </UnitTest>
    <UnitTest name="V1" storage="f:\vnext1\b25bab26\vsideproj.mef\bin\release\nonshipping\microsoft.visualstudio.composition.tests.dll" id="851367da-7808-414f-8f0e-9482555891c1">
      <Execution id="b60ac561-eaf6-4fd5-bce7-60751fd28bdc" />
      <TestMethod codeBase="f:\vnext1\b25bab26\VSIDEProj.MEF\bin\Release\NonShipping\Microsoft.VisualStudio.Composition.Tests.dll" adapterTypeName="Microsoft.VisualStudio.TestTools.TestTypes.Unit.UnitTestAdapter" className="Microsoft.VisualStudio.Composition.Tests.ExportMetadataTests" name="V1" />
    </UnitTest>
    <UnitTest name="V2" storage="f:\vnext1\b25bab26\vsideproj.mef\bin\release\nonshipping\microsoft.visualstudio.composition.tests.dll" id="9436b5ce-6a6e-42c4-b195-3c02b14ef23e">
      <Execution id="94cbe7b9-ab40-4a32-9730-b748c764a57e" />
      <TestMethod codeBase="f:\vnext1\b25bab26\VSIDEProj.MEF\bin\Release\NonShipping\Microsoft.VisualStudio.Composition.Tests.dll" adapterTypeName="Microsoft.VisualStudio.TestTools.TestTypes.Unit.UnitTestAdapter" className="Microsoft.VisualStudio.Composition.Tests.CustomMetadataAttributeTests" name="V2" />
    </UnitTest>
    <UnitTest name="V3 engine (runtime)" storage="f:\vnext1\b25bab26\vsideproj.mef\bin\release\nonshipping\microsoft.visualstudio.composition.tests.dll" id="e2a1fe7b-e932-4d52-9f44-809debfdb5f3">
      <Execution id="b81a68b0-4c77-4d96-ac83-bf33b2b257df" />
      <TestMethod codeBase="f:\vnext1\b25bab26\VSIDEProj.MEF\bin\Release\NonShipping\Microsoft.VisualStudio.Composition.Tests.dll" adapterTypeName="Microsoft.VisualStudio.TestTools.TestTypes.Unit.UnitTestAdapter" className="Microsoft.VisualStudio.Composition.Tests.ImportManyTests" name="V3 engine (runtime)" />
    </UnitTest>
    <UnitTest name="V3 composition (V1, V2)" storage="f:\vnext1\b25bab26\vsideproj.mef\bin\release\nonshipping\microsoft.visualstudio.composition.tests.dll" id="4cd0635d-4b13-4da2-81cc-21a274fc3890">
      <Execution id="b67c7fda-6618-40f9-9694-22dce52fd5e8" />
      <TestMethod codeBase="f:\vnext1\b25bab26\VSIDEProj.MEF\bin\Release\NonShipping\Microsoft.VisualStudio.Composition.Tests.dll" adapterTypeName="Microsoft.VisualStudio.TestTools.TestTypes.Unit.UnitTestAdapter" className="Microsoft.VisualStudio.Composition.Tests.DisposablePartsTests" name="V3 composition (V1, V2)" />
    </UnitTest>
    <UnitTest name="V1" storage="f:\vnext1\b25bab26\vsideproj.mef\bin\release\nonshipping\microsoft.visualstudio.composition.tests.dll" id="0f7c1058-f69d-4c11-bc36-07fd67b5f4b6">
      <Execution id="f57faba6-dbf9-4671-b81e-c9ed8aada692" />
      <TestMethod codeBase="f:\vnext1\b25bab26\VSIDEProj.MEF\bin\Release\NonShipping\Microsoft.VisualStudio.Composition.Tests.dll" adapterTypeName="Microsoft.VisualStudio.TestTools.TestTypes.Unit.UnitTestAdapter" className="Microsoft.VisualStudio.Composition.Tests.ImportManyTests" name="V1" />
    </UnitTest>
    <UnitTest name="V2" storage="f:\vnext1\b25bab26\vsideproj.mef\bin\release\nonshipping\microsoft.visualstudio.composition.tests.dll" id="5979bce2-09fd-4e1b-a934-5fd4a1fc0b32">
      <Execution id="1e0fa36e-e370-4adf-b080-c0e851c79117" />
      <TestMethod codeBase="f:\vnext1\b25bab26\VSIDEProj.MEF\bin\Release\NonShipping\Microsoft.VisualStudio.Composition.Tests.dll" adapterTypeName="Microsoft.VisualStudio.TestTools.TestTypes.Unit.UnitTestAdapter" className="Microsoft.VisualStudio.Composition.Tests.ImportManyTests" name="V2" />
    </UnitTest>
    <UnitTest name="V3 composition (V1)" storage="f:\vnext1\b25bab26\vsideproj.mef\bin\release\nonshipping\microsoft.visualstudio.composition.tests.dll" id="cb6470df-c389-41a9-bdf3-65e950a297c9">
      <Execution id="3c60c3b8-eac1-408d-8b0a-42820be9edd5" />
      <TestMethod codeBase="f:\vnext1\b25bab26\VSIDEProj.MEF\bin\Release\NonShipping\Microsoft.VisualStudio.Composition.Tests.dll" adapterTypeName="Microsoft.VisualStudio.TestTools.TestTypes.Unit.UnitTestAdapter" className="Microsoft.VisualStudio.Composition.Tests.CircularDependencyTests" name="V3 composition (V1)" />
    </UnitTest>
    <UnitTest name="V1" storage="f:\vnext1\b25bab26\vsideproj.mef\bin\release\nonshipping\microsoft.visualstudio.composition.tests.dll" id="a4622259-5a05-4495-afd6-a9bbb014ff07">
      <Execution id="f0e45e61-0e6c-4055-931d-70fd0c76c32a" />
      <TestMethod codeBase="f:\vnext1\b25bab26\VSIDEProj.MEF\bin\Release\NonShipping\Microsoft.VisualStudio.Composition.Tests.dll" adapterTypeName="Microsoft.VisualStudio.TestTools.TestTypes.Unit.UnitTestAdapter" className="Microsoft.VisualStudio.Composition.Tests.CircularDependencyTests" name="V1" />
    </UnitTest>
    <UnitTest name="V3 composition (V1, V2)" storage="f:\vnext1\b25bab26\vsideproj.mef\bin\release\nonshipping\microsoft.visualstudio.composition.tests.dll" id="d78e56cb-a24a-4928-b1e4-315ba0ad402e">
      <Execution id="8b754f8e-8022-4226-853e-390380c5f998" />
      <TestMethod codeBase="f:\vnext1\b25bab26\VSIDEProj.MEF\bin\Release\NonShipping\Microsoft.VisualStudio.Composition.Tests.dll" adapterTypeName="Microsoft.VisualStudio.TestTools.TestTypes.Unit.UnitTestAdapter" className="Microsoft.VisualStudio.Composition.Tests.ExportProviderTests" name="V3 composition (V1, V2)" />
    </UnitTest>
    <UnitTest name="V3 engine (runtime)" storage="f:\vnext1\b25bab26\vsideproj.mef\bin\release\nonshipping\microsoft.visualstudio.composition.tests.dll" id="19f34f10-c7e6-4ca0-a547-9329d5558a9c">
      <Execution id="f91f4ee5-d4ae-4de0-bccc-1be957bbb352" />
      <TestMethod codeBase="f:\vnext1\b25bab26\VSIDEProj.MEF\bin\Release\NonShipping\Microsoft.VisualStudio.Composition.Tests.dll" adapterTypeName="Microsoft.VisualStudio.TestTools.TestTypes.Unit.UnitTestAdapter" className="Microsoft.VisualStudio.Composition.Tests.NamedTypedExportTests" name="V3 engine (runtime)" />
    </UnitTest>
    <UnitTest name="V1" storage="f:\vnext1\b25bab26\vsideproj.mef\bin\release\nonshipping\microsoft.visualstudio.composition.tests.dll" id="c914159a-e7b3-472b-8a44-754ff0c5590a">
      <Execution id="fc6bf28c-8cdb-4e37-8224-213a63cd7c69" />
      <TestMethod codeBase="f:\vnext1\b25bab26\VSIDEProj.MEF\bin\Release\NonShipping\Microsoft.VisualStudio.Composition.Tests.dll" adapterTypeName="Microsoft.VisualStudio.TestTools.TestTypes.Unit.UnitTestAdapter" className="Microsoft.VisualStudio.Composition.Tests.NamedTypedExportTests" name="V1" />
    </UnitTest>
    <UnitTest name="V3 composition (V1)" storage="f:\vnext1\b25bab26\vsideproj.mef\bin\release\nonshipping\microsoft.visualstudio.composition.tests.dll" id="7eef494f-bbd8-48a2-8bb5-fdcb299240c6">
      <Execution id="321682bc-0de5-42c2-a841-33741e472b72" />
      <TestMethod codeBase="f:\vnext1\b25bab26\VSIDEProj.MEF\bin\Release\NonShipping\Microsoft.VisualStudio.Composition.Tests.dll" adapterTypeName="Microsoft.VisualStudio.TestTools.TestTypes.Unit.UnitTestAdapter" className="Microsoft.VisualStudio.Composition.Tests.NonPublicImportsExportsTests" name="V3 composition (V1)" />
    </UnitTest>
    <UnitTest name="V3 engine (runtime)" storage="f:\vnext1\b25bab26\vsideproj.mef\bin\release\nonshipping\microsoft.visualstudio.composition.tests.dll" id="6e9e7d7b-9a42-480c-ab64-7ff0b0ac91ef">
      <Execution id="0516a6f5-daa0-4ce1-8e13-c337fa86aec2" />
      <TestMethod codeBase="f:\vnext1\b25bab26\VSIDEProj.MEF\bin\Release\NonShipping\Microsoft.VisualStudio.Composition.Tests.dll" adapterTypeName="Microsoft.VisualStudio.TestTools.TestTypes.Unit.UnitTestAdapter" className="Microsoft.VisualStudio.Composition.Tests.ThreadSafetyTests" name="V3 engine (runtime)" />
    </UnitTest>
    <UnitTest name="V3 composition (V1)" storage="f:\vnext1\b25bab26\vsideproj.mef\bin\release\nonshipping\microsoft.visualstudio.composition.tests.dll" id="b4a17f39-e01b-4214-87a1-b2fbba149095">
      <Execution id="2fe7144d-577e-4a39-80e9-0251a2a9ae97" />
      <TestMethod codeBase="f:\vnext1\b25bab26\VSIDEProj.MEF\bin\Release\NonShipping\Microsoft.VisualStudio.Composition.Tests.dll" adapterTypeName="Microsoft.VisualStudio.TestTools.TestTypes.Unit.UnitTestAdapter" className="Microsoft.VisualStudio.Composition.Tests.InheritedExportTests" name="V3 composition (V1)" />
    </UnitTest>
    <UnitTest name="V2" storage="f:\vnext1\b25bab26\vsideproj.mef\bin\release\nonshipping\microsoft.visualstudio.composition.tests.dll" id="9565db60-c433-4d45-9a24-5e2a8d505003">
      <Execution id="8dede749-9b93-4af8-ba0b-490791ae672b" />
      <TestMethod codeBase="f:\vnext1\b25bab26\VSIDEProj.MEF\bin\Release\NonShipping\Microsoft.VisualStudio.Composition.Tests.dll" adapterTypeName="Microsoft.VisualStudio.TestTools.TestTypes.Unit.UnitTestAdapter" className="Microsoft.VisualStudio.Composition.Tests.CircularDependencyTests" name="V2" />
    </UnitTest>
    <UnitTest name="V3 engine (runtime)" storage="f:\vnext1\b25bab26\vsideproj.mef\bin\release\nonshipping\microsoft.visualstudio.composition.tests.dll" id="c851ceaa-297f-418f-bcee-bd5a8b582a56">
      <Execution id="40e3bf10-17d3-4d1f-bab9-b38cc9529fb8" />
      <TestMethod codeBase="f:\vnext1\b25bab26\VSIDEProj.MEF\bin\Release\NonShipping\Microsoft.VisualStudio.Composition.Tests.dll" adapterTypeName="Microsoft.VisualStudio.TestTools.TestTypes.Unit.UnitTestAdapter" className="Microsoft.VisualStudio.Composition.Tests.DisposablePartsTests" name="V3 engine (runtime)" />
    </UnitTest>
    <UnitTest name="V1" storage="f:\vnext1\b25bab26\vsideproj.mef\bin\release\nonshipping\microsoft.visualstudio.composition.tests.dll" id="34e4c8b1-45a7-4aaf-99b2-9503d3dc6fab">
      <Execution id="3615078c-7ebe-4f2b-9611-8d4081861182" />
      <TestMethod codeBase="f:\vnext1\b25bab26\VSIDEProj.MEF\bin\Release\NonShipping\Microsoft.VisualStudio.Composition.Tests.dll" adapterTypeName="Microsoft.VisualStudio.TestTools.TestTypes.Unit.UnitTestAdapter" className="Microsoft.VisualStudio.Composition.Tests.DisposablePartsTests" name="V1" />
    </UnitTest>
    <UnitTest name="V2" storage="f:\vnext1\b25bab26\vsideproj.mef\bin\release\nonshipping\microsoft.visualstudio.composition.tests.dll" id="62ae9c22-02a0-48b0-b6e2-f81be7210a45">
      <Execution id="d25c0a45-6be7-4d18-8322-5239fa7ab4e8" />
      <TestMethod codeBase="f:\vnext1\b25bab26\VSIDEProj.MEF\bin\Release\NonShipping\Microsoft.VisualStudio.Composition.Tests.dll" adapterTypeName="Microsoft.VisualStudio.TestTools.TestTypes.Unit.UnitTestAdapter" className="Microsoft.VisualStudio.Composition.Tests.DisposablePartsTests" name="V2" />
    </UnitTest>
    <UnitTest name="V3 engine (runtime)" storage="f:\vnext1\b25bab26\vsideproj.mef\bin\release\nonshipping\microsoft.visualstudio.composition.tests.dll" id="70543b62-4b44-46ee-8bb1-6516bdc63527">
      <Execution id="a4d15733-6db7-4b40-81b8-1ca64f57615a" />
      <TestMethod codeBase="f:\vnext1\b25bab26\VSIDEProj.MEF\bin\Release\NonShipping\Microsoft.VisualStudio.Composition.Tests.dll" adapterTypeName="Microsoft.VisualStudio.TestTools.TestTypes.Unit.UnitTestAdapter" className="Microsoft.VisualStudio.Composition.Tests.ExportProviderTests" name="V3 engine (runtime)" />
    </UnitTest>
    <UnitTest name="V3 engine (runtime)" storage="f:\vnext1\b25bab26\vsideproj.mef\bin\release\nonshipping\microsoft.visualstudio.composition.tests.dll" id="ad2ac1ee-74e0-4488-a4bc-2b93e936912b">
      <Execution id="8cae0166-565e-416e-b82b-205089495cc6" />
      <TestMethod codeBase="f:\vnext1\b25bab26\VSIDEProj.MEF\bin\Release\NonShipping\Microsoft.VisualStudio.Composition.Tests.dll" adapterTypeName="Microsoft.VisualStudio.TestTools.TestTypes.Unit.UnitTestAdapter" className="Microsoft.VisualStudio.Composition.Tests.NonPublicImportsExportsTests" name="V3 engine (runtime)" />
    </UnitTest>
    <UnitTest name="V1" storage="f:\vnext1\b25bab26\vsideproj.mef\bin\release\nonshipping\microsoft.visualstudio.composition.tests.dll" id="6b09216a-3354-4178-90c2-ceaf5180a1b8">
      <Execution id="722ef2c6-ffcf-49c2-a3d2-df779c066341" />
      <TestMethod codeBase="f:\vnext1\b25bab26\VSIDEProj.MEF\bin\Release\NonShipping\Microsoft.VisualStudio.Composition.Tests.dll" adapterTypeName="Microsoft.VisualStudio.TestTools.TestTypes.Unit.UnitTestAdapter" className="Microsoft.VisualStudio.Composition.Tests.NonPublicImportsExportsTests" name="V1" />
    </UnitTest>
    <UnitTest name="V3 engine (runtime)" storage="f:\vnext1\b25bab26\vsideproj.mef\bin\release\nonshipping\microsoft.visualstudio.composition.tests.dll" id="8ece9772-28fc-4121-924d-88203d76c1c5">
      <Execution id="e1dcfd10-ed3b-4661-af52-98ba31280ec5" />
      <TestMethod codeBase="f:\vnext1\b25bab26\VSIDEProj.MEF\bin\Release\NonShipping\Microsoft.VisualStudio.Composition.Tests.dll" adapterTypeName="Microsoft.VisualStudio.TestTools.TestTypes.Unit.UnitTestAdapter" className="Microsoft.VisualStudio.Composition.Tests.InheritedExportTests" name="V3 engine (runtime)" />
    </UnitTest>
    <UnitTest name="V1" storage="f:\vnext1\b25bab26\vsideproj.mef\bin\release\nonshipping\microsoft.visualstudio.composition.tests.dll" id="a1c57a9b-b157-42b6-b604-a1d01a9814f2">
      <Execution id="00cca321-8a4b-4421-9592-f16db0f90d2b" />
      <TestMethod codeBase="f:\vnext1\b25bab26\VSIDEProj.MEF\bin\Release\NonShipping\Microsoft.VisualStudio.Composition.Tests.dll" adapterTypeName="Microsoft.VisualStudio.TestTools.TestTypes.Unit.UnitTestAdapter" className="Microsoft.VisualStudio.Composition.Tests.InheritedExportTests" name="V1" />
    </UnitTest>
    <UnitTest name="V3 composition (V1, V2)" storage="f:\vnext1\b25bab26\vsideproj.mef\bin\release\nonshipping\microsoft.visualstudio.composition.tests.dll" id="d3b0643e-74cb-44a4-89fc-79c7050b1e3a">
      <Execution id="00759ac8-8fcc-4828-aa75-0bc72108f21d" />
      <TestMethod codeBase="f:\vnext1\b25bab26\VSIDEProj.MEF\bin\Release\NonShipping\Microsoft.VisualStudio.Composition.Tests.dll" adapterTypeName="Microsoft.VisualStudio.TestTools.TestTypes.Unit.UnitTestAdapter" className="Microsoft.VisualStudio.Composition.Tests.ExportingMembersTests" name="V3 composition (V1, V2)" />
    </UnitTest>
    <UnitTest name="V3 composition (V1, V2)" storage="f:\vnext1\b25bab26\vsideproj.mef\bin\release\nonshipping\microsoft.visualstudio.composition.tests.dll" id="6d0447de-e282-45c0-b6d2-904644a93f1e">
      <Execution id="81e4b09d-6751-411c-b895-75df2cec88c5" />
      <TestMethod codeBase="f:\vnext1\b25bab26\VSIDEProj.MEF\bin\Release\NonShipping\Microsoft.VisualStudio.Composition.Tests.dll" adapterTypeName="Microsoft.VisualStudio.TestTools.TestTypes.Unit.UnitTestAdapter" className="Microsoft.VisualStudio.Composition.Tests.MefV1ExportProviderAdapterTests" name="V3 composition (V1, V2)" />
    </UnitTest>
    <UnitTest name="V3 composition (V1, V2)" storage="f:\vnext1\b25bab26\vsideproj.mef\bin\release\nonshipping\microsoft.visualstudio.composition.tests.dll" id="435e474b-f0e6-4abb-9ce5-56ab69036fd7">
      <Execution id="1c38b1d2-b8a3-4798-9fcb-b7c97f99c475" />
      <TestMethod codeBase="f:\vnext1\b25bab26\VSIDEProj.MEF\bin\Release\NonShipping\Microsoft.VisualStudio.Composition.Tests.dll" adapterTypeName="Microsoft.VisualStudio.TestTools.TestTypes.Unit.UnitTestAdapter" className="Microsoft.VisualStudio.Composition.Tests.CustomMetadataAttributeTests" name="V3 composition (V1, V2)" />
    </UnitTest>
    <UnitTest name="V1" storage="f:\vnext1\b25bab26\vsideproj.mef\bin\release\nonshipping\microsoft.visualstudio.composition.tests.dll" id="02d9b266-4ab2-4f3f-b444-9519be590e02">
      <Execution id="250e6ec2-23df-4121-a8e8-0a314bb9dccb" />
      <TestMethod codeBase="f:\vnext1\b25bab26\VSIDEProj.MEF\bin\Release\NonShipping\Microsoft.VisualStudio.Composition.Tests.dll" adapterTypeName="Microsoft.VisualStudio.TestTools.TestTypes.Unit.UnitTestAdapter" className="Microsoft.VisualStudio.Composition.Tests.DisposablePartsTests" name="V1" />
    </UnitTest>
    <UnitTest name="V2" storage="f:\vnext1\b25bab26\vsideproj.mef\bin\release\nonshipping\microsoft.visualstudio.composition.tests.dll" id="42543cc5-a8b6-473f-b517-6d8334284b44">
      <Execution id="b084fa3c-c9e9-49e4-998a-9f43f17d5c4f" />
      <TestMethod codeBase="f:\vnext1\b25bab26\VSIDEProj.MEF\bin\Release\NonShipping\Microsoft.VisualStudio.Composition.Tests.dll" adapterTypeName="Microsoft.VisualStudio.TestTools.TestTypes.Unit.UnitTestAdapter" className="Microsoft.VisualStudio.Composition.Tests.DisposablePartsTests" name="V2" />
    </UnitTest>
    <UnitTest name="V3 composition (V1, V2)" storage="f:\vnext1\b25bab26\vsideproj.mef\bin\release\nonshipping\microsoft.visualstudio.composition.tests.dll" id="36e4c4d2-ac00-481a-a2c1-f550e31e53a6">
      <Execution id="3ce35aaa-1fd8-4421-9e4e-190dba684e5f" />
      <TestMethod codeBase="f:\vnext1\b25bab26\VSIDEProj.MEF\bin\Release\NonShipping\Microsoft.VisualStudio.Composition.Tests.dll" adapterTypeName="Microsoft.VisualStudio.TestTools.TestTypes.Unit.UnitTestAdapter" className="Microsoft.VisualStudio.Composition.Tests.ImportManyTests" name="V3 composition (V1, V2)" />
    </UnitTest>
    <UnitTest name="V3 engine (runtime)" storage="f:\vnext1\b25bab26\vsideproj.mef\bin\release\nonshipping\microsoft.visualstudio.composition.tests.dll" id="09263156-cda3-4d08-bd1b-f542d129253a">
      <Execution id="42fc32c4-8e56-4038-b7ca-c37c8e5f96e7" />
      <TestMethod codeBase="f:\vnext1\b25bab26\VSIDEProj.MEF\bin\Release\NonShipping\Microsoft.VisualStudio.Composition.Tests.dll" adapterTypeName="Microsoft.VisualStudio.TestTools.TestTypes.Unit.UnitTestAdapter" className="Microsoft.VisualStudio.Composition.Tests.ExportProviderTests" name="V3 engine (runtime)" />
    </UnitTest>
    <UnitTest name="V1" storage="f:\vnext1\b25bab26\vsideproj.mef\bin\release\nonshipping\microsoft.visualstudio.composition.tests.dll" id="01354d2a-d3f6-49b4-ac2f-b94dfa41a21e">
      <Execution id="7ae23aa4-e1d7-4ddd-89c2-63d12e431d44" />
      <TestMethod codeBase="f:\vnext1\b25bab26\VSIDEProj.MEF\bin\Release\NonShipping\Microsoft.VisualStudio.Composition.Tests.dll" adapterTypeName="Microsoft.VisualStudio.TestTools.TestTypes.Unit.UnitTestAdapter" className="Microsoft.VisualStudio.Composition.Tests.ExportProviderTests" name="V1" />
    </UnitTest>
    <UnitTest name="V3 composition (V1, V2)" storage="f:\vnext1\b25bab26\vsideproj.mef\bin\release\nonshipping\microsoft.visualstudio.composition.tests.dll" id="773d6747-c531-4093-a198-fe5ebc397cf9">
      <Execution id="27d637b7-7ec0-4ea1-930e-296d4a407c4e" />
      <TestMethod codeBase="f:\vnext1\b25bab26\VSIDEProj.MEF\bin\Release\NonShipping\Microsoft.VisualStudio.Composition.Tests.dll" adapterTypeName="Microsoft.VisualStudio.TestTools.TestTypes.Unit.UnitTestAdapter" className="Microsoft.VisualStudio.Composition.Tests.ExportMetadataTests" name="V3 composition (V1, V2)" />
    </UnitTest>
    <UnitTest name="V3 composition (V1)" storage="f:\vnext1\b25bab26\vsideproj.mef\bin\release\nonshipping\microsoft.visualstudio.composition.tests.dll" id="651f0ecc-f6df-45a7-a9b7-2fccc1abec02">
      <Execution id="70432a66-72ee-4123-b3de-ff8b1b3edd49" />
      <TestMethod codeBase="f:\vnext1\b25bab26\VSIDEProj.MEF\bin\Release\NonShipping\Microsoft.VisualStudio.Composition.Tests.dll" adapterTypeName="Microsoft.VisualStudio.TestTools.TestTypes.Unit.UnitTestAdapter" className="Microsoft.VisualStudio.Composition.Tests.ImportingConstructorTests" name="V3 composition (V1)" />
    </UnitTest>
    <UnitTest name="V3 engine (runtime)" storage="f:\vnext1\b25bab26\vsideproj.mef\bin\release\nonshipping\microsoft.visualstudio.composition.tests.dll" id="65b27952-e5f9-463e-a12e-42dfef8db62e">
      <Execution id="72e14df9-3243-4979-9b2c-3ccb07cc925e" />
      <TestMethod codeBase="f:\vnext1\b25bab26\VSIDEProj.MEF\bin\Release\NonShipping\Microsoft.VisualStudio.Composition.Tests.dll" adapterTypeName="Microsoft.VisualStudio.TestTools.TestTypes.Unit.UnitTestAdapter" className="Microsoft.VisualStudio.Composition.Tests.MefV1ExportProviderAdapterTests" name="V3 engine (runtime)" />
    </UnitTest>
    <UnitTest name="V3 engine (runtime)" storage="f:\vnext1\b25bab26\vsideproj.mef\bin\release\nonshipping\microsoft.visualstudio.composition.tests.dll" id="391959f6-18fe-446d-91af-6e6a3474a52f">
      <Execution id="6b91419a-c7c5-4df2-b285-faf9c9a4822c" />
      <TestMethod codeBase="f:\vnext1\b25bab26\VSIDEProj.MEF\bin\Release\NonShipping\Microsoft.VisualStudio.Composition.Tests.dll" adapterTypeName="Microsoft.VisualStudio.TestTools.TestTypes.Unit.UnitTestAdapter" className="Microsoft.VisualStudio.Composition.Tests.OpenGenericExportTests" name="V3 engine (runtime)" />
    </UnitTest>
    <UnitTest name="V1" storage="f:\vnext1\b25bab26\vsideproj.mef\bin\release\nonshipping\microsoft.visualstudio.composition.tests.dll" id="2b6e7054-0eb1-4ed0-a7fd-3effb35cb1da">
      <Execution id="20e6da65-fba5-4f91-9e48-eaeca744adfa" />
      <TestMethod codeBase="f:\vnext1\b25bab26\VSIDEProj.MEF\bin\Release\NonShipping\Microsoft.VisualStudio.Composition.Tests.dll" adapterTypeName="Microsoft.VisualStudio.TestTools.TestTypes.Unit.UnitTestAdapter" className="Microsoft.VisualStudio.Composition.Tests.MefV1ExportProviderAdapterTests" name="V1" />
    </UnitTest>
    <UnitTest name="V3 engine (runtime)" storage="f:\vnext1\b25bab26\vsideproj.mef\bin\release\nonshipping\microsoft.visualstudio.composition.tests.dll" id="2bca754e-302d-4249-a790-40b7f5feffc3">
      <Execution id="75fbcde3-a132-4ff2-a197-a56fec92abce" />
      <TestMethod codeBase="f:\vnext1\b25bab26\VSIDEProj.MEF\bin\Release\NonShipping\Microsoft.VisualStudio.Composition.Tests.dll" adapterTypeName="Microsoft.VisualStudio.TestTools.TestTypes.Unit.UnitTestAdapter" className="Microsoft.VisualStudio.Composition.Tests.ExportingMembersTests" name="V3 engine (runtime)" />
    </UnitTest>
    <UnitTest name="V3 composition (V1, V2)" storage="f:\vnext1\b25bab26\vsideproj.mef\bin\release\nonshipping\microsoft.visualstudio.composition.tests.dll" id="bb44b19e-b4c4-46e2-8f20-a0cf1d65b408">
      <Execution id="ff21d8ec-c469-44d5-a0cc-015c33773727" />
      <TestMethod codeBase="f:\vnext1\b25bab26\VSIDEProj.MEF\bin\Release\NonShipping\Microsoft.VisualStudio.Composition.Tests.dll" adapterTypeName="Microsoft.VisualStudio.TestTools.TestTypes.Unit.UnitTestAdapter" className="Microsoft.VisualStudio.Composition.Tests.ImportedExportProviderTests" name="V3 composition (V1, V2)" />
    </UnitTest>
    <UnitTest name="V1" storage="f:\vnext1\b25bab26\vsideproj.mef\bin\release\nonshipping\microsoft.visualstudio.composition.tests.dll" id="4d7088c1-4fa4-429c-9f59-12401be50e22">
      <Execution id="16595175-3f4c-4604-9fb7-958b698c639a" />
      <TestMethod codeBase="f:\vnext1\b25bab26\VSIDEProj.MEF\bin\Release\NonShipping\Microsoft.VisualStudio.Composition.Tests.dll" adapterTypeName="Microsoft.VisualStudio.TestTools.TestTypes.Unit.UnitTestAdapter" className="Microsoft.VisualStudio.Composition.Tests.OpenGenericExportTests" name="V1" />
    </UnitTest>
    <UnitTest name="V3 composition (V1)" storage="f:\vnext1\b25bab26\vsideproj.mef\bin\release\nonshipping\microsoft.visualstudio.composition.tests.dll" id="30fa409b-17df-414c-97ea-6f67fb04bf16">
      <Execution id="794a61a1-07aa-4a24-860e-d31cb83ce788" />
      <TestMethod codeBase="f:\vnext1\b25bab26\VSIDEProj.MEF\bin\Release\NonShipping\Microsoft.VisualStudio.Composition.Tests.dll" adapterTypeName="Microsoft.VisualStudio.TestTools.TestTypes.Unit.UnitTestAdapter" className="Microsoft.VisualStudio.Composition.Tests.NonPublicImportsExportsTests" name="V3 composition (V1)" />
    </UnitTest>
    <UnitTest name="V2" storage="f:\vnext1\b25bab26\vsideproj.mef\bin\release\nonshipping\microsoft.visualstudio.composition.tests.dll" id="4e19bd02-c0a1-4903-871a-477b0f33417e">
      <Execution id="5a72387c-9f6c-42bf-aeee-c66ccac70ad2" />
      <TestMethod codeBase="f:\vnext1\b25bab26\VSIDEProj.MEF\bin\Release\NonShipping\Microsoft.VisualStudio.Composition.Tests.dll" adapterTypeName="Microsoft.VisualStudio.TestTools.TestTypes.Unit.UnitTestAdapter" className="Microsoft.VisualStudio.Composition.Tests.OpenGenericExportTests" name="V2" />
    </UnitTest>
    <UnitTest name="ComposableAssembliesLazyLoadedByLazyImport" storage="f:\vnext1\b25bab26\vsideproj.mef\bin\release\nonshipping\microsoft.visualstudio.composition.tests.dll" id="36fe5855-98c5-44f8-99fb-73128d436e85">
      <Execution id="18f58ea7-f1b5-49e8-b025-72e5f6898a18" />
      <TestMethod codeBase="f:\vnext1\b25bab26\VSIDEProj.MEF\bin\Release\NonShipping\Microsoft.VisualStudio.Composition.Tests.dll" adapterTypeName="Microsoft.VisualStudio.TestTools.TestTypes.Unit.UnitTestAdapter" className="Microsoft.VisualStudio.Composition.Tests.AssembliesLazyLoadedDataFileCacheTests" name="ComposableAssembliesLazyLoadedByLazyImport" />
    </UnitTest>
    <UnitTest name="V3 composition (V1)" storage="f:\vnext1\b25bab26\vsideproj.mef\bin\release\nonshipping\microsoft.visualstudio.composition.tests.dll" id="9ff177b9-dc42-41bc-a4b1-6a48daa5d6ba">
      <Execution id="206188f3-f6b0-43d8-8788-5aadb1a21832" />
      <TestMethod codeBase="f:\vnext1\b25bab26\VSIDEProj.MEF\bin\Release\NonShipping\Microsoft.VisualStudio.Composition.Tests.dll" adapterTypeName="Microsoft.VisualStudio.TestTools.TestTypes.Unit.UnitTestAdapter" className="Microsoft.VisualStudio.Composition.Tests.InheritedExportTests" name="V3 composition (V1)" />
    </UnitTest>
    <UnitTest name="V3 engine (runtime)" storage="f:\vnext1\b25bab26\vsideproj.mef\bin\release\nonshipping\microsoft.visualstudio.composition.tests.dll" id="c4d11b95-c12a-4c4e-bed2-dfb697ec593c">
      <Execution id="3ecf45af-3e47-4f98-bd01-522155ffa9a7" />
      <TestMethod codeBase="f:\vnext1\b25bab26\VSIDEProj.MEF\bin\Release\NonShipping\Microsoft.VisualStudio.Composition.Tests.dll" adapterTypeName="Microsoft.VisualStudio.TestTools.TestTypes.Unit.UnitTestAdapter" className="Microsoft.VisualStudio.Composition.Tests.CustomMetadataAttributeTests" name="V3 engine (runtime)" />
    </UnitTest>
    <UnitTest name="V3 engine (runtime)" storage="f:\vnext1\b25bab26\vsideproj.mef\bin\release\nonshipping\microsoft.visualstudio.composition.tests.dll" id="2f429ead-85b6-4e9a-b69c-66df1a19175f">
      <Execution id="17f17265-7498-44ae-8658-083aa1cc94f7" />
      <TestMethod codeBase="f:\vnext1\b25bab26\VSIDEProj.MEF\bin\Release\NonShipping\Microsoft.VisualStudio.Composition.Tests.dll" adapterTypeName="Microsoft.VisualStudio.TestTools.TestTypes.Unit.UnitTestAdapter" className="Microsoft.VisualStudio.Composition.Tests.ImportManyTests" name="V3 engine (runtime)" />
    </UnitTest>
    <UnitTest name="V1" storage="f:\vnext1\b25bab26\vsideproj.mef\bin\release\nonshipping\microsoft.visualstudio.composition.tests.dll" id="dc12201f-e3ec-46f8-8439-48af5aa5afe4">
      <Execution id="2a0a6b5a-cdec-4d4e-af34-210ac39f56c3" />
      <TestMethod codeBase="f:\vnext1\b25bab26\VSIDEProj.MEF\bin\Release\NonShipping\Microsoft.VisualStudio.Composition.Tests.dll" adapterTypeName="Microsoft.VisualStudio.TestTools.TestTypes.Unit.UnitTestAdapter" className="Microsoft.VisualStudio.Composition.Tests.ImportManyTests" name="V1" />
    </UnitTest>
    <UnitTest name="V2" storage="f:\vnext1\b25bab26\vsideproj.mef\bin\release\nonshipping\microsoft.visualstudio.composition.tests.dll" id="a543bce0-888f-433d-befa-5cb7214e87a3">
      <Execution id="e667b7db-2726-4f59-b2c7-f06af5ba4917" />
      <TestMethod codeBase="f:\vnext1\b25bab26\VSIDEProj.MEF\bin\Release\NonShipping\Microsoft.VisualStudio.Composition.Tests.dll" adapterTypeName="Microsoft.VisualStudio.TestTools.TestTypes.Unit.UnitTestAdapter" className="Microsoft.VisualStudio.Composition.Tests.ImportManyTests" name="V2" />
    </UnitTest>
    <UnitTest name="V3 engine (runtime)" storage="f:\vnext1\b25bab26\vsideproj.mef\bin\release\nonshipping\microsoft.visualstudio.composition.tests.dll" id="bfdf4176-a19f-4499-ad87-398f585239e5">
      <Execution id="764f8b5e-d1cb-42c6-b75b-d2351e15233d" />
      <TestMethod codeBase="f:\vnext1\b25bab26\VSIDEProj.MEF\bin\Release\NonShipping\Microsoft.VisualStudio.Composition.Tests.dll" adapterTypeName="Microsoft.VisualStudio.TestTools.TestTypes.Unit.UnitTestAdapter" className="Microsoft.VisualStudio.Composition.Tests.ExportMetadataTests" name="V3 engine (runtime)" />
    </UnitTest>
    <UnitTest name="V3 engine (runtime)" storage="f:\vnext1\b25bab26\vsideproj.mef\bin\release\nonshipping\microsoft.visualstudio.composition.tests.dll" id="84ad467a-d536-4abe-9275-782f30185569">
      <Execution id="131ea6b7-46c5-4882-9af4-e1a33ae5b20b" />
      <TestMethod codeBase="f:\vnext1\b25bab26\VSIDEProj.MEF\bin\Release\NonShipping\Microsoft.VisualStudio.Composition.Tests.dll" adapterTypeName="Microsoft.VisualStudio.TestTools.TestTypes.Unit.UnitTestAdapter" className="Microsoft.VisualStudio.Composition.Tests.ImportingConstructorTests" name="V3 engine (runtime)" />
    </UnitTest>
    <UnitTest name="V3 engine (runtime)" storage="f:\vnext1\b25bab26\vsideproj.mef\bin\release\nonshipping\microsoft.visualstudio.composition.tests.dll" id="c7c99b87-415f-409d-8266-6125c616e9d1">
      <Execution id="b2707eef-460b-43fa-b2b2-74aa566f0cf3" />
      <TestMethod codeBase="f:\vnext1\b25bab26\VSIDEProj.MEF\bin\Release\NonShipping\Microsoft.VisualStudio.Composition.Tests.dll" adapterTypeName="Microsoft.VisualStudio.TestTools.TestTypes.Unit.UnitTestAdapter" className="Microsoft.VisualStudio.Composition.Tests.ExportingMembersTests" name="V3 engine (runtime)" />
    </UnitTest>
    <UnitTest name="V1" storage="f:\vnext1\b25bab26\vsideproj.mef\bin\release\nonshipping\microsoft.visualstudio.composition.tests.dll" id="8c7867d6-9f81-43ef-be56-48fd08812a38">
      <Execution id="ab9dfd5a-ae99-404e-8572-c4123000df88" />
      <TestMethod codeBase="f:\vnext1\b25bab26\VSIDEProj.MEF\bin\Release\NonShipping\Microsoft.VisualStudio.Composition.Tests.dll" adapterTypeName="Microsoft.VisualStudio.TestTools.TestTypes.Unit.UnitTestAdapter" className="Microsoft.VisualStudio.Composition.Tests.ImportingConstructorTests" name="V1" />
    </UnitTest>
    <UnitTest name="V3 engine (runtime)" storage="f:\vnext1\b25bab26\vsideproj.mef\bin\release\nonshipping\microsoft.visualstudio.composition.tests.dll" id="a97b7f5b-ea19-4543-bdcf-9a2df086fadf">
      <Execution id="9a516b61-7b0f-4c6d-85e7-06f5c81cadbf" />
      <TestMethod codeBase="f:\vnext1\b25bab26\VSIDEProj.MEF\bin\Release\NonShipping\Microsoft.VisualStudio.Composition.Tests.dll" adapterTypeName="Microsoft.VisualStudio.TestTools.TestTypes.Unit.UnitTestAdapter" className="Microsoft.VisualStudio.Composition.Tests.ImportedExportProviderTests" name="V3 engine (runtime)" />
    </UnitTest>
    <UnitTest name="V3 engine (runtime)" storage="f:\vnext1\b25bab26\vsideproj.mef\bin\release\nonshipping\microsoft.visualstudio.composition.tests.dll" id="cf3d32b0-9b6d-4c34-8bec-cf12209ea97d">
      <Execution id="1e630770-486e-49cb-af97-cdfd0b44939a" />
      <TestMethod codeBase="f:\vnext1\b25bab26\VSIDEProj.MEF\bin\Release\NonShipping\Microsoft.VisualStudio.Composition.Tests.dll" adapterTypeName="Microsoft.VisualStudio.TestTools.TestTypes.Unit.UnitTestAdapter" className="Microsoft.VisualStudio.Composition.Tests.NonPublicImportsExportsTests" name="V3 engine (runtime)" />
    </UnitTest>
    <UnitTest name="V2" storage="f:\vnext1\b25bab26\vsideproj.mef\bin\release\nonshipping\microsoft.visualstudio.composition.tests.dll" id="a87efaa6-ac82-4264-9d42-af07d0f4d885">
      <Execution id="aad887d7-25bf-4ef7-b5c7-7c41b1523503" />
      <TestMethod codeBase="f:\vnext1\b25bab26\VSIDEProj.MEF\bin\Release\NonShipping\Microsoft.VisualStudio.Composition.Tests.dll" adapterTypeName="Microsoft.VisualStudio.TestTools.TestTypes.Unit.UnitTestAdapter" className="Microsoft.VisualStudio.Composition.Tests.ImportingConstructorTests" name="V2" />
    </UnitTest>
    <UnitTest name="V1" storage="f:\vnext1\b25bab26\vsideproj.mef\bin\release\nonshipping\microsoft.visualstudio.composition.tests.dll" id="d6210b7e-5409-4918-ae17-304b0c18ba2f">
      <Execution id="80533a44-592b-481f-94b4-cda24ae64570" />
      <TestMethod codeBase="f:\vnext1\b25bab26\VSIDEProj.MEF\bin\Release\NonShipping\Microsoft.VisualStudio.Composition.Tests.dll" adapterTypeName="Microsoft.VisualStudio.TestTools.TestTypes.Unit.UnitTestAdapter" className="Microsoft.VisualStudio.Composition.Tests.NonPublicImportsExportsTests" name="V1" />
    </UnitTest>
    <UnitTest name="V3 engine (runtime)" storage="f:\vnext1\b25bab26\vsideproj.mef\bin\release\nonshipping\microsoft.visualstudio.composition.tests.dll" id="0aa0817d-39c8-4ace-bff7-9a9acb98e0b2">
      <Execution id="79285937-3eb8-4efd-b95e-5f90ac445206" />
      <TestMethod codeBase="f:\vnext1\b25bab26\VSIDEProj.MEF\bin\Release\NonShipping\Microsoft.VisualStudio.Composition.Tests.dll" adapterTypeName="Microsoft.VisualStudio.TestTools.TestTypes.Unit.UnitTestAdapter" className="Microsoft.VisualStudio.Composition.Tests.InheritedExportTests" name="V3 engine (runtime)" />
    </UnitTest>
    <UnitTest name="V3 composition (V1, V2)" storage="f:\vnext1\b25bab26\vsideproj.mef\bin\release\nonshipping\microsoft.visualstudio.composition.tests.dll" id="cdb53d64-9b27-4414-bbc5-325642cdf6f5">
      <Execution id="a3679249-120f-4089-b00c-e2459ea0e6cf" />
      <TestMethod codeBase="f:\vnext1\b25bab26\VSIDEProj.MEF\bin\Release\NonShipping\Microsoft.VisualStudio.Composition.Tests.dll" adapterTypeName="Microsoft.VisualStudio.TestTools.TestTypes.Unit.UnitTestAdapter" className="Microsoft.VisualStudio.Composition.Tests.CircularDependencyTests" name="V3 composition (V1, V2)" />
    </UnitTest>
    <UnitTest name="V3 composition (V1)" storage="f:\vnext1\b25bab26\vsideproj.mef\bin\release\nonshipping\microsoft.visualstudio.composition.tests.dll" id="19489fb1-9c4e-47e7-8470-e0098f1944d2">
      <Execution id="2353c59e-4982-4afb-9641-851aee0b1e7a" />
      <TestMethod codeBase="f:\vnext1\b25bab26\VSIDEProj.MEF\bin\Release\NonShipping\Microsoft.VisualStudio.Composition.Tests.dll" adapterTypeName="Microsoft.VisualStudio.TestTools.TestTypes.Unit.UnitTestAdapter" className="Microsoft.VisualStudio.Composition.Tests.MefV1ExportProviderAdapterTests" name="V3 composition (V1)" />
    </UnitTest>
    <UnitTest name="V3 engine (runtime)" storage="f:\vnext1\b25bab26\vsideproj.mef\bin\release\nonshipping\microsoft.visualstudio.composition.tests.dll" id="66c700ba-1c31-40b3-8717-8c354dac7f96">
      <Execution id="0a3912e5-3002-4be6-a490-50cc69514d38" />
      <TestMethod codeBase="f:\vnext1\b25bab26\VSIDEProj.MEF\bin\Release\NonShipping\Microsoft.VisualStudio.Composition.Tests.dll" adapterTypeName="Microsoft.VisualStudio.TestTools.TestTypes.Unit.UnitTestAdapter" className="Microsoft.VisualStudio.Composition.Tests.ExportMetadataTests" name="V3 engine (runtime)" />
    </UnitTest>
    <UnitTest name="V1" storage="f:\vnext1\b25bab26\vsideproj.mef\bin\release\nonshipping\microsoft.visualstudio.composition.tests.dll" id="d59956f2-42d1-402a-8ac4-9b563ffe4578">
      <Execution id="37988282-6322-489b-932c-d0ab189bed8f" />
      <TestMethod codeBase="f:\vnext1\b25bab26\VSIDEProj.MEF\bin\Release\NonShipping\Microsoft.VisualStudio.Composition.Tests.dll" adapterTypeName="Microsoft.VisualStudio.TestTools.TestTypes.Unit.UnitTestAdapter" className="Microsoft.VisualStudio.Composition.Tests.ExportMetadataTests" name="V1" />
    </UnitTest>
    <UnitTest name="V2" storage="f:\vnext1\b25bab26\vsideproj.mef\bin\release\nonshipping\microsoft.visualstudio.composition.tests.dll" id="4dd469b3-cf66-4b62-971f-01fba14ec28e">
      <Execution id="14e5e8e0-d943-4b6d-8733-8a6a36b0c29c" />
      <TestMethod codeBase="f:\vnext1\b25bab26\VSIDEProj.MEF\bin\Release\NonShipping\Microsoft.VisualStudio.Composition.Tests.dll" adapterTypeName="Microsoft.VisualStudio.TestTools.TestTypes.Unit.UnitTestAdapter" className="Microsoft.VisualStudio.Composition.Tests.ExportMetadataTests" name="V2" />
    </UnitTest>
    <UnitTest name="V3 composition (V1, V2)" storage="f:\vnext1\b25bab26\vsideproj.mef\bin\release\nonshipping\microsoft.visualstudio.composition.tests.dll" id="76042929-ea55-4277-ba26-7a852f67fcfd">
      <Execution id="c51cd1dc-a170-4b82-99a0-73fdd1b91e83" />
      <TestMethod codeBase="f:\vnext1\b25bab26\VSIDEProj.MEF\bin\Release\NonShipping\Microsoft.VisualStudio.Composition.Tests.dll" adapterTypeName="Microsoft.VisualStudio.TestTools.TestTypes.Unit.UnitTestAdapter" className="Microsoft.VisualStudio.Composition.Tests.DisposablePartsTests" name="V3 composition (V1, V2)" />
    </UnitTest>
    <UnitTest name="V3 engine (runtime)" storage="f:\vnext1\b25bab26\vsideproj.mef\bin\release\nonshipping\microsoft.visualstudio.composition.tests.dll" id="ce91ad0f-8da8-43d2-9efb-86d694254196">
      <Execution id="eba2ab26-3c2d-48bc-88d9-e78d05c479ec" />
      <TestMethod codeBase="f:\vnext1\b25bab26\VSIDEProj.MEF\bin\Release\NonShipping\Microsoft.VisualStudio.Composition.Tests.dll" adapterTypeName="Microsoft.VisualStudio.TestTools.TestTypes.Unit.UnitTestAdapter" className="Microsoft.VisualStudio.Composition.Tests.ImportedExportProviderTests" name="V3 engine (runtime)" />
    </UnitTest>
    <UnitTest name="V3 composition (V1, V2)" storage="f:\vnext1\b25bab26\vsideproj.mef\bin\release\nonshipping\microsoft.visualstudio.composition.tests.dll" id="8d4c7293-5766-43bd-8f96-a5f4520d9a54">
      <Execution id="c18ab95b-49d0-4863-b0cc-3c9e534f3c11" />
      <TestMethod codeBase="f:\vnext1\b25bab26\VSIDEProj.MEF\bin\Release\NonShipping\Microsoft.VisualStudio.Composition.Tests.dll" adapterTypeName="Microsoft.VisualStudio.TestTools.TestTypes.Unit.UnitTestAdapter" className="Microsoft.VisualStudio.Composition.Tests.InvalidGraphTests" name="V3 composition (V1, V2)" />
    </UnitTest>
    <UnitTest name="V3 engine (runtime)" storage="f:\vnext1\b25bab26\vsideproj.mef\bin\release\nonshipping\microsoft.visualstudio.composition.tests.dll" id="59b8c0c5-bb3b-49f3-b597-197749047b54">
      <Execution id="0577ba88-279a-4f30-bef4-73e81bbc53da" />
      <TestMethod codeBase="f:\vnext1\b25bab26\VSIDEProj.MEF\bin\Release\NonShipping\Microsoft.VisualStudio.Composition.Tests.dll" adapterTypeName="Microsoft.VisualStudio.TestTools.TestTypes.Unit.UnitTestAdapter" className="Microsoft.VisualStudio.Composition.Tests.MefV1ExportProviderAdapterTests" name="V3 engine (runtime)" />
    </UnitTest>
    <UnitTest name="V3 engine (runtime)" storage="f:\vnext1\b25bab26\vsideproj.mef\bin\release\nonshipping\microsoft.visualstudio.composition.tests.dll" id="54dd68fc-2de5-4718-835d-8a26c1535b45">
      <Execution id="61959997-2770-480b-a6ae-8e12b1af4f10" />
      <TestMethod codeBase="f:\vnext1\b25bab26\VSIDEProj.MEF\bin\Release\NonShipping\Microsoft.VisualStudio.Composition.Tests.dll" adapterTypeName="Microsoft.VisualStudio.TestTools.TestTypes.Unit.UnitTestAdapter" className="Microsoft.VisualStudio.Composition.Tests.CircularDependencyTests" name="V3 engine (runtime)" />
    </UnitTest>
    <UnitTest name="V3 composition (V1)" storage="f:\vnext1\b25bab26\vsideproj.mef\bin\release\nonshipping\microsoft.visualstudio.composition.tests.dll" id="82b7ac6b-2aca-4c14-bdc4-cbb547f6ba9c">
      <Execution id="2c13509f-4e49-4554-8990-c102d214b955" />
      <TestMethod codeBase="f:\vnext1\b25bab26\VSIDEProj.MEF\bin\Release\NonShipping\Microsoft.VisualStudio.Composition.Tests.dll" adapterTypeName="Microsoft.VisualStudio.TestTools.TestTypes.Unit.UnitTestAdapter" className="Microsoft.VisualStudio.Composition.Tests.ExportingMembersTests" name="V3 composition (V1)" />
    </UnitTest>
    <UnitTest name="V1" storage="f:\vnext1\b25bab26\vsideproj.mef\bin\release\nonshipping\microsoft.visualstudio.composition.tests.dll" id="23a3f12d-de3c-49bb-8691-0a4519e48109">
      <Execution id="bb8a7962-0c1a-45ac-a59d-f7b1cd03c602" />
      <TestMethod codeBase="f:\vnext1\b25bab26\VSIDEProj.MEF\bin\Release\NonShipping\Microsoft.VisualStudio.Composition.Tests.dll" adapterTypeName="Microsoft.VisualStudio.TestTools.TestTypes.Unit.UnitTestAdapter" className="Microsoft.VisualStudio.Composition.Tests.MefV1ExportProviderAdapterTests" name="V1" />
    </UnitTest>
    <UnitTest name="V3 composition (V1, V2)" storage="f:\vnext1\b25bab26\vsideproj.mef\bin\release\nonshipping\microsoft.visualstudio.composition.tests.dll" id="f6e3f586-4536-48b4-98d2-a15029feef9b">
      <Execution id="a111ded7-6e86-43ae-a94c-8860c1bcfb74" />
      <TestMethod codeBase="f:\vnext1\b25bab26\VSIDEProj.MEF\bin\Release\NonShipping\Microsoft.VisualStudio.Composition.Tests.dll" adapterTypeName="Microsoft.VisualStudio.TestTools.TestTypes.Unit.UnitTestAdapter" className="Microsoft.VisualStudio.Composition.Tests.NamedTypedExportTests" name="V3 composition (V1, V2)" />
    </UnitTest>
    <UnitTest name="V3 composition (V1)" storage="f:\vnext1\b25bab26\vsideproj.mef\bin\release\nonshipping\microsoft.visualstudio.composition.tests.dll" id="b16ef4c0-34a6-4ec5-821b-97125a2e0faa">
      <Execution id="c977b108-bae2-4a0c-9689-3759e0f26628" />
      <TestMethod codeBase="f:\vnext1\b25bab26\VSIDEProj.MEF\bin\Release\NonShipping\Microsoft.VisualStudio.Composition.Tests.dll" adapterTypeName="Microsoft.VisualStudio.TestTools.TestTypes.Unit.UnitTestAdapter" className="Microsoft.VisualStudio.Composition.Tests.NonPublicImportsExportsTests" name="V3 composition (V1)" />
    </UnitTest>
    <UnitTest name="V3 composition (V1, V2)" storage="f:\vnext1\b25bab26\vsideproj.mef\bin\release\nonshipping\microsoft.visualstudio.composition.tests.dll" id="f084a8fe-4b98-4597-96e6-58b855628f43">
      <Execution id="dde27da9-1909-442b-9311-06668961993f" />
      <TestMethod codeBase="f:\vnext1\b25bab26\VSIDEProj.MEF\bin\Release\NonShipping\Microsoft.VisualStudio.Composition.Tests.dll" adapterTypeName="Microsoft.VisualStudio.TestTools.TestTypes.Unit.UnitTestAdapter" className="Microsoft.VisualStudio.Composition.Tests.OpenGenericExportTests" name="V3 composition (V1, V2)" />
    </UnitTest>
    <UnitTest name="V3 engine (runtime)" storage="f:\vnext1\b25bab26\vsideproj.mef\bin\release\nonshipping\microsoft.visualstudio.composition.tests.dll" id="f9aad84b-0618-482e-8ec6-32c9bdbf5e7c">
      <Execution id="34cfaf80-810c-40b3-96ec-7e757daadb81" />
      <TestMethod codeBase="f:\vnext1\b25bab26\VSIDEProj.MEF\bin\Release\NonShipping\Microsoft.VisualStudio.Composition.Tests.dll" adapterTypeName="Microsoft.VisualStudio.TestTools.TestTypes.Unit.UnitTestAdapter" className="Microsoft.VisualStudio.Composition.Tests.DisposablePartsTests" name="V3 engine (runtime)" />
    </UnitTest>
    <UnitTest name="V3 engine (runtime)" storage="f:\vnext1\b25bab26\vsideproj.mef\bin\release\nonshipping\microsoft.visualstudio.composition.tests.dll" id="e0308d13-4baf-4cc0-a273-5a6df3ceb40a">
      <Execution id="88a5668b-4fe6-45a5-84f2-d3bb811b9bb0" />
      <TestMethod codeBase="f:\vnext1\b25bab26\VSIDEProj.MEF\bin\Release\NonShipping\Microsoft.VisualStudio.Composition.Tests.dll" adapterTypeName="Microsoft.VisualStudio.TestTools.TestTypes.Unit.UnitTestAdapter" className="Microsoft.VisualStudio.Composition.Tests.InvalidGraphTests" name="V3 engine (runtime)" />
    </UnitTest>
    <UnitTest name="V3 engine (runtime)" storage="f:\vnext1\b25bab26\vsideproj.mef\bin\release\nonshipping\microsoft.visualstudio.composition.tests.dll" id="aae72449-5804-49fa-b6db-25cba238cf94">
      <Execution id="dd2d2439-98b3-4b26-97f0-eb5ec55ef634" />
      <TestMethod codeBase="f:\vnext1\b25bab26\VSIDEProj.MEF\bin\Release\NonShipping\Microsoft.VisualStudio.Composition.Tests.dll" adapterTypeName="Microsoft.VisualStudio.TestTools.TestTypes.Unit.UnitTestAdapter" className="Microsoft.VisualStudio.Composition.Tests.CircularDependencyTests" name="V3 engine (runtime)" />
    </UnitTest>
    <UnitTest name="V3 composition (V1, V2)" storage="f:\vnext1\b25bab26\vsideproj.mef\bin\release\nonshipping\microsoft.visualstudio.composition.tests.dll" id="d9bfe541-82e1-4bf3-bca4-ac1bdcc8a655">
      <Execution id="6da6e345-56dc-4b76-ab2e-4d351a03bf6a" />
      <TestMethod codeBase="f:\vnext1\b25bab26\VSIDEProj.MEF\bin\Release\NonShipping\Microsoft.VisualStudio.Composition.Tests.dll" adapterTypeName="Microsoft.VisualStudio.TestTools.TestTypes.Unit.UnitTestAdapter" className="Microsoft.VisualStudio.Composition.Tests.ImportManyTests" name="V3 composition (V1, V2)" />
    </UnitTest>
    <UnitTest name="V3 engine (runtime)" storage="f:\vnext1\b25bab26\vsideproj.mef\bin\release\nonshipping\microsoft.visualstudio.composition.tests.dll" id="6741a883-645c-477b-a959-9a1032819f3b">
      <Execution id="1c00c011-d8a2-4b6a-adde-eee4fa2daded" />
      <TestMethod codeBase="f:\vnext1\b25bab26\VSIDEProj.MEF\bin\Release\NonShipping\Microsoft.VisualStudio.Composition.Tests.dll" adapterTypeName="Microsoft.VisualStudio.TestTools.TestTypes.Unit.UnitTestAdapter" className="Microsoft.VisualStudio.Composition.Tests.ExportingMembersTests" name="V3 engine (runtime)" />
    </UnitTest>
    <UnitTest name="V3 composition (V1, V2)" storage="f:\vnext1\b25bab26\vsideproj.mef\bin\release\nonshipping\microsoft.visualstudio.composition.tests.dll" id="76ba81aa-fda2-40c2-8420-4eca1435e97f">
      <Execution id="f320ba4b-b490-4fc3-bc31-e4fc6b412709" />
      <TestMethod codeBase="f:\vnext1\b25bab26\VSIDEProj.MEF\bin\Release\NonShipping\Microsoft.VisualStudio.Composition.Tests.dll" adapterTypeName="Microsoft.VisualStudio.TestTools.TestTypes.Unit.UnitTestAdapter" className="Microsoft.VisualStudio.Composition.Tests.ExportProviderTests" name="V3 composition (V1, V2)" />
    </UnitTest>
    <UnitTest name="V3 engine (runtime)" storage="f:\vnext1\b25bab26\vsideproj.mef\bin\release\nonshipping\microsoft.visualstudio.composition.tests.dll" id="b87b7ca5-0f4d-43c7-a621-1d8907d75259">
      <Execution id="cf7be3a1-8334-4d88-928f-d1c3f2578c61" />
      <TestMethod codeBase="f:\vnext1\b25bab26\VSIDEProj.MEF\bin\Release\NonShipping\Microsoft.VisualStudio.Composition.Tests.dll" adapterTypeName="Microsoft.VisualStudio.TestTools.TestTypes.Unit.UnitTestAdapter" className="Microsoft.VisualStudio.Composition.Tests.NamedTypedExportTests" name="V3 engine (runtime)" />
    </UnitTest>
    <UnitTest name="V1" storage="f:\vnext1\b25bab26\vsideproj.mef\bin\release\nonshipping\microsoft.visualstudio.composition.tests.dll" id="4005cab8-61bd-44e0-92ae-a1514311f0f8">
      <Execution id="7aa6e6ee-039d-4b32-ad38-ec8c31fd67c0" />
      <TestMethod codeBase="f:\vnext1\b25bab26\VSIDEProj.MEF\bin\Release\NonShipping\Microsoft.VisualStudio.Composition.Tests.dll" adapterTypeName="Microsoft.VisualStudio.TestTools.TestTypes.Unit.UnitTestAdapter" className="Microsoft.VisualStudio.Composition.Tests.ExportingMembersTests" name="V1" />
    </UnitTest>
    <UnitTest name="V3 engine (runtime)" storage="f:\vnext1\b25bab26\vsideproj.mef\bin\release\nonshipping\microsoft.visualstudio.composition.tests.dll" id="4891b6fc-d80b-4f56-8676-2ec1367aba35">
      <Execution id="97747920-247c-47a3-b566-2784c51bf826" />
      <TestMethod codeBase="f:\vnext1\b25bab26\VSIDEProj.MEF\bin\Release\NonShipping\Microsoft.VisualStudio.Composition.Tests.dll" adapterTypeName="Microsoft.VisualStudio.TestTools.TestTypes.Unit.UnitTestAdapter" className="Microsoft.VisualStudio.Composition.Tests.OpenGenericExportTests" name="V3 engine (runtime)" />
    </UnitTest>
    <UnitTest name="V3 composition (V1)" storage="f:\vnext1\b25bab26\vsideproj.mef\bin\release\nonshipping\microsoft.visualstudio.composition.tests.dll" id="3b47fa33-5125-4c77-adf7-f39c2736e4d5">
      <Execution id="34600760-4cca-4d26-b60d-f6074ca136a9" />
      <TestMethod codeBase="f:\vnext1\b25bab26\VSIDEProj.MEF\bin\Release\NonShipping\Microsoft.VisualStudio.Composition.Tests.dll" adapterTypeName="Microsoft.VisualStudio.TestTools.TestTypes.Unit.UnitTestAdapter" className="Microsoft.VisualStudio.Composition.Tests.MefV1ExportProviderAdapterTests" name="V3 composition (V1)" />
    </UnitTest>
    <UnitTest name="V3 engine (runtime)" storage="f:\vnext1\b25bab26\vsideproj.mef\bin\release\nonshipping\microsoft.visualstudio.composition.tests.dll" id="d5c1eb50-f21f-48c9-b2ce-ac7fb21be54a">
      <Execution id="99ebb9f1-40c5-4e1f-8034-6788f6a0fe24" />
      <TestMethod codeBase="f:\vnext1\b25bab26\VSIDEProj.MEF\bin\Release\NonShipping\Microsoft.VisualStudio.Composition.Tests.dll" adapterTypeName="Microsoft.VisualStudio.TestTools.TestTypes.Unit.UnitTestAdapter" className="Microsoft.VisualStudio.Composition.Tests.ThreadSafetyTests" name="V3 engine (runtime)" />
    </UnitTest>
    <UnitTest name="V1" storage="f:\vnext1\b25bab26\vsideproj.mef\bin\release\nonshipping\microsoft.visualstudio.composition.tests.dll" id="970105f7-cd6e-47d8-b9f5-f05fc416d1d1">
      <Execution id="876263eb-7136-4dc9-8d4c-3c0bd2923918" />
      <TestMethod codeBase="f:\vnext1\b25bab26\VSIDEProj.MEF\bin\Release\NonShipping\Microsoft.VisualStudio.Composition.Tests.dll" adapterTypeName="Microsoft.VisualStudio.TestTools.TestTypes.Unit.UnitTestAdapter" className="Microsoft.VisualStudio.Composition.Tests.OpenGenericExportTests" name="V1" />
    </UnitTest>
    <UnitTest name="V3 engine (runtime)" storage="f:\vnext1\b25bab26\vsideproj.mef\bin\release\nonshipping\microsoft.visualstudio.composition.tests.dll" id="d1eb8ac4-b2cc-4498-9489-8139dfafbf0b">
      <Execution id="5d399a2e-2ca4-46ea-bfb8-8ddfd7f030bd" />
      <TestMethod codeBase="f:\vnext1\b25bab26\VSIDEProj.MEF\bin\Release\NonShipping\Microsoft.VisualStudio.Composition.Tests.dll" adapterTypeName="Microsoft.VisualStudio.TestTools.TestTypes.Unit.UnitTestAdapter" className="Microsoft.VisualStudio.Composition.Tests.InvalidGraphTests" name="V3 engine (runtime)" />
    </UnitTest>
    <UnitTest name="V2" storage="f:\vnext1\b25bab26\vsideproj.mef\bin\release\nonshipping\microsoft.visualstudio.composition.tests.dll" id="9a0432e6-ef34-48e7-a373-ec4a700b44bf">
      <Execution id="2bfa2152-ab57-4125-ab87-3ea39dec58bc" />
      <TestMethod codeBase="f:\vnext1\b25bab26\VSIDEProj.MEF\bin\Release\NonShipping\Microsoft.VisualStudio.Composition.Tests.dll" adapterTypeName="Microsoft.VisualStudio.TestTools.TestTypes.Unit.UnitTestAdapter" className="Microsoft.VisualStudio.Composition.Tests.OpenGenericExportTests" name="V2" />
    </UnitTest>
    <UnitTest name="ValidMultiplePaths" storage="f:\vnext1\b25bab26\vsideproj.mef\bin\release\nonshipping\microsoft.visualstudio.composition.tests.dll" id="eda06243-5297-4721-8bbb-582cc0fd2eee">
      <Execution id="15ae0bb4-c750-42dd-9fbe-03089fecd841" />
      <TestMethod codeBase="f:\vnext1\b25bab26\VSIDEProj.MEF\bin\Release\NonShipping\Microsoft.VisualStudio.Composition.Tests.dll" adapterTypeName="Microsoft.VisualStudio.TestTools.TestTypes.Unit.UnitTestAdapter" className="Microsoft.VisualStudio.Composition.Tests.CircularDependencyTests" name="ValidMultiplePaths" />
    </UnitTest>
    <UnitTest name="V1" storage="f:\vnext1\b25bab26\vsideproj.mef\bin\release\nonshipping\microsoft.visualstudio.composition.tests.dll" id="9e1c7612-dbe5-4ebd-811e-1d20c5a09d44">
      <Execution id="ee287928-3acc-413e-85cb-f19e3b4ed866" />
      <TestMethod codeBase="f:\vnext1\b25bab26\VSIDEProj.MEF\bin\Release\NonShipping\Microsoft.VisualStudio.Composition.Tests.dll" adapterTypeName="Microsoft.VisualStudio.TestTools.TestTypes.Unit.UnitTestAdapter" className="Microsoft.VisualStudio.Composition.Tests.InvalidGraphTests" name="V1" />
    </UnitTest>
    <UnitTest name="V2" storage="f:\vnext1\b25bab26\vsideproj.mef\bin\release\nonshipping\microsoft.visualstudio.composition.tests.dll" id="86aa7ec9-d57c-4f47-a5b8-d0495b2c782e">
      <Execution id="df493d1c-212d-4c2e-9fef-78748196e9bd" />
      <TestMethod codeBase="f:\vnext1\b25bab26\VSIDEProj.MEF\bin\Release\NonShipping\Microsoft.VisualStudio.Composition.Tests.dll" adapterTypeName="Microsoft.VisualStudio.TestTools.TestTypes.Unit.UnitTestAdapter" className="Microsoft.VisualStudio.Composition.Tests.InvalidGraphTests" name="V2" />
    </UnitTest>
    <UnitTest name="V3 engine (runtime)" storage="f:\vnext1\b25bab26\vsideproj.mef\bin\release\nonshipping\microsoft.visualstudio.composition.tests.dll" id="af6e0302-03f4-4c7a-89d3-e4c9031d0798">
      <Execution id="604fb3c2-5800-4bfb-be69-cef9f9bfa7fa" />
      <TestMethod codeBase="f:\vnext1\b25bab26\VSIDEProj.MEF\bin\Release\NonShipping\Microsoft.VisualStudio.Composition.Tests.dll" adapterTypeName="Microsoft.VisualStudio.TestTools.TestTypes.Unit.UnitTestAdapter" className="Microsoft.VisualStudio.Composition.Tests.ImportManyTests" name="V3 engine (runtime)" />
    </UnitTest>
    <UnitTest name="V3 engine (runtime)" storage="f:\vnext1\b25bab26\vsideproj.mef\bin\release\nonshipping\microsoft.visualstudio.composition.tests.dll" id="1799135d-7ac5-4c04-8a46-a6df3baf470d">
      <Execution id="e58e0448-3c97-44e8-bae7-5d3fb50d5bc3" />
      <TestMethod codeBase="f:\vnext1\b25bab26\VSIDEProj.MEF\bin\Release\NonShipping\Microsoft.VisualStudio.Composition.Tests.dll" adapterTypeName="Microsoft.VisualStudio.TestTools.TestTypes.Unit.UnitTestAdapter" className="Microsoft.VisualStudio.Composition.Tests.NamedTypedExportTests" name="V3 engine (runtime)" />
    </UnitTest>
    <UnitTest name="V3 engine (runtime)" storage="f:\vnext1\b25bab26\vsideproj.mef\bin\release\nonshipping\microsoft.visualstudio.composition.tests.dll" id="2ffe4383-a2c4-418f-80d6-30054e0e3a51">
      <Execution id="86890c96-1260-4661-b251-65961fb453ab" />
      <TestMethod codeBase="f:\vnext1\b25bab26\VSIDEProj.MEF\bin\Release\NonShipping\Microsoft.VisualStudio.Composition.Tests.dll" adapterTypeName="Microsoft.VisualStudio.TestTools.TestTypes.Unit.UnitTestAdapter" className="Microsoft.VisualStudio.Composition.Tests.NonPublicImportsExportsTests" name="V3 engine (runtime)" />
    </UnitTest>
    <UnitTest name="V1" storage="f:\vnext1\b25bab26\vsideproj.mef\bin\release\nonshipping\microsoft.visualstudio.composition.tests.dll" id="c775a895-18aa-4d1b-b0c6-de202b5c9b17">
      <Execution id="3de69bf9-761c-4c5f-9610-63fa56ad7520" />
      <TestMethod codeBase="f:\vnext1\b25bab26\VSIDEProj.MEF\bin\Release\NonShipping\Microsoft.VisualStudio.Composition.Tests.dll" adapterTypeName="Microsoft.VisualStudio.TestTools.TestTypes.Unit.UnitTestAdapter" className="Microsoft.VisualStudio.Composition.Tests.NonPublicImportsExportsTests" name="V1" />
    </UnitTest>
    <UnitTest name="V1" storage="f:\vnext1\b25bab26\vsideproj.mef\bin\release\nonshipping\microsoft.visualstudio.composition.tests.dll" id="39ce2db5-eb2d-48e2-a49e-0b9698ca2076">
      <Execution id="10a9ef62-6760-4e71-af08-fcdaac675e3e" />
      <TestMethod codeBase="f:\vnext1\b25bab26\VSIDEProj.MEF\bin\Release\NonShipping\Microsoft.VisualStudio.Composition.Tests.dll" adapterTypeName="Microsoft.VisualStudio.TestTools.TestTypes.Unit.UnitTestAdapter" className="Microsoft.VisualStudio.Composition.Tests.ImportManyTests" name="V1" />
    </UnitTest>
    <UnitTest name="V1" storage="f:\vnext1\b25bab26\vsideproj.mef\bin\release\nonshipping\microsoft.visualstudio.composition.tests.dll" id="1009ceb0-b25d-4e97-8dd5-e5eeb02b4e3e">
      <Execution id="61bfa3de-3bb1-46ae-8504-d99e3299a7ea" />
      <TestMethod codeBase="f:\vnext1\b25bab26\VSIDEProj.MEF\bin\Release\NonShipping\Microsoft.VisualStudio.Composition.Tests.dll" adapterTypeName="Microsoft.VisualStudio.TestTools.TestTypes.Unit.UnitTestAdapter" className="Microsoft.VisualStudio.Composition.Tests.CircularDependencyTests" name="V1" />
    </UnitTest>
    <UnitTest name="V2" storage="f:\vnext1\b25bab26\vsideproj.mef\bin\release\nonshipping\microsoft.visualstudio.composition.tests.dll" id="f9738270-fe26-47ad-9a14-d622272a9553">
      <Execution id="7095a51e-99b5-42e8-bf44-fec258884b97" />
      <TestMethod codeBase="f:\vnext1\b25bab26\VSIDEProj.MEF\bin\Release\NonShipping\Microsoft.VisualStudio.Composition.Tests.dll" adapterTypeName="Microsoft.VisualStudio.TestTools.TestTypes.Unit.UnitTestAdapter" className="Microsoft.VisualStudio.Composition.Tests.CircularDependencyTests" name="V2" />
    </UnitTest>
    <UnitTest name="V3 engine (runtime)" storage="f:\vnext1\b25bab26\vsideproj.mef\bin\release\nonshipping\microsoft.visualstudio.composition.tests.dll" id="18aa6010-7f72-4674-b91f-871d454e530f">
      <Execution id="d6fb86e0-06f0-493f-9ed2-4fe70d8e703b" />
      <TestMethod codeBase="f:\vnext1\b25bab26\VSIDEProj.MEF\bin\Release\NonShipping\Microsoft.VisualStudio.Composition.Tests.dll" adapterTypeName="Microsoft.VisualStudio.TestTools.TestTypes.Unit.UnitTestAdapter" className="Microsoft.VisualStudio.Composition.Tests.MefV1ExportProviderAdapterTests" name="V3 engine (runtime)" />
    </UnitTest>
    <UnitTest name="V3 composition (V1, V2)" storage="f:\vnext1\b25bab26\vsideproj.mef\bin\release\nonshipping\microsoft.visualstudio.composition.tests.dll" id="9f1ee892-49c9-4d96-adbf-4fb21db3facd">
      <Execution id="53bed389-73d1-45c4-b51b-e86e32c5b00a" />
      <TestMethod codeBase="f:\vnext1\b25bab26\VSIDEProj.MEF\bin\Release\NonShipping\Microsoft.VisualStudio.Composition.Tests.dll" adapterTypeName="Microsoft.VisualStudio.TestTools.TestTypes.Unit.UnitTestAdapter" className="Microsoft.VisualStudio.Composition.Tests.ExportMetadataTests" name="V3 composition (V1, V2)" />
    </UnitTest>
    <UnitTest name="V3 composition (V1, V2)" storage="f:\vnext1\b25bab26\vsideproj.mef\bin\release\nonshipping\microsoft.visualstudio.composition.tests.dll" id="3fb966a2-252f-41d7-bc01-7795b1aa21dd">
      <Execution id="eabc4983-68ed-43d2-b09b-21c54d506bfd" />
      <TestMethod codeBase="f:\vnext1\b25bab26\VSIDEProj.MEF\bin\Release\NonShipping\Microsoft.VisualStudio.Composition.Tests.dll" adapterTypeName="Microsoft.VisualStudio.TestTools.TestTypes.Unit.UnitTestAdapter" className="Microsoft.VisualStudio.Composition.Tests.ImportingConstructorTests" name="V3 composition (V1, V2)" />
    </UnitTest>
    <UnitTest name="V1" storage="f:\vnext1\b25bab26\vsideproj.mef\bin\release\nonshipping\microsoft.visualstudio.composition.tests.dll" id="f809dbd4-00fd-456f-8007-d0d27eb2a987">
      <Execution id="b5a39eae-c7d1-4359-987b-532c9f2706a1" />
      <TestMethod codeBase="f:\vnext1\b25bab26\VSIDEProj.MEF\bin\Release\NonShipping\Microsoft.VisualStudio.Composition.Tests.dll" adapterTypeName="Microsoft.VisualStudio.TestTools.TestTypes.Unit.UnitTestAdapter" className="Microsoft.VisualStudio.Composition.Tests.MefV1ExportProviderAdapterTests" name="V1" />
    </UnitTest>
    <UnitTest name="V3 composition (V1)" storage="f:\vnext1\b25bab26\vsideproj.mef\bin\release\nonshipping\microsoft.visualstudio.composition.tests.dll" id="d9dd9561-a8bd-48dd-a155-79650722458d">
      <Execution id="d2f047fc-f96d-4cdf-af01-e545a5860284" />
      <TestMethod codeBase="f:\vnext1\b25bab26\VSIDEProj.MEF\bin\Release\NonShipping\Microsoft.VisualStudio.Composition.Tests.dll" adapterTypeName="Microsoft.VisualStudio.TestTools.TestTypes.Unit.UnitTestAdapter" className="Microsoft.VisualStudio.Composition.Tests.ExportingMembersTests" name="V3 composition (V1)" />
    </UnitTest>
    <UnitTest name="V3 composition (V2)" storage="f:\vnext1\b25bab26\vsideproj.mef\bin\release\nonshipping\microsoft.visualstudio.composition.tests.dll" id="92b567ca-c670-4ef3-82f6-6b66daf08e43">
      <Execution id="357a9ca4-62b9-4bfd-9f4c-708f9ffe54e2" />
      <TestMethod codeBase="f:\vnext1\b25bab26\VSIDEProj.MEF\bin\Release\NonShipping\Microsoft.VisualStudio.Composition.Tests.dll" adapterTypeName="Microsoft.VisualStudio.TestTools.TestTypes.Unit.UnitTestAdapter" className="Microsoft.VisualStudio.Composition.Tests.ThreadSafetyTests" name="V3 composition (V2)" />
    </UnitTest>
    <UnitTest name="V2" storage="f:\vnext1\b25bab26\vsideproj.mef\bin\release\nonshipping\microsoft.visualstudio.composition.tests.dll" id="87ce9afe-da92-4ab1-b266-e97108946ac3">
      <Execution id="23ffdcbc-fb2d-457b-9c62-97eae8669fd4" />
      <TestMethod codeBase="f:\vnext1\b25bab26\VSIDEProj.MEF\bin\Release\NonShipping\Microsoft.VisualStudio.Composition.Tests.dll" adapterTypeName="Microsoft.VisualStudio.TestTools.TestTypes.Unit.UnitTestAdapter" className="Microsoft.VisualStudio.Composition.Tests.ImportManyTests" name="V2" />
    </UnitTest>
    <UnitTest name="V3 engine (runtime)" storage="f:\vnext1\b25bab26\vsideproj.mef\bin\release\nonshipping\microsoft.visualstudio.composition.tests.dll" id="d5472d8d-7eeb-4419-9496-d3d168e9ff71">
      <Execution id="ecc02c77-fd68-47a7-8962-8251c86afd7b" />
      <TestMethod codeBase="f:\vnext1\b25bab26\VSIDEProj.MEF\bin\Release\NonShipping\Microsoft.VisualStudio.Composition.Tests.dll" adapterTypeName="Microsoft.VisualStudio.TestTools.TestTypes.Unit.UnitTestAdapter" className="Microsoft.VisualStudio.Composition.Tests.ExportMetadataTests" name="V3 engine (runtime)" />
    </UnitTest>
    <UnitTest name="V3 composition (V1)" storage="f:\vnext1\b25bab26\vsideproj.mef\bin\release\nonshipping\microsoft.visualstudio.composition.tests.dll" id="7517f872-f4e8-4f4a-a73e-67343bf66149">
      <Execution id="042c91b0-921b-40e8-a3f3-5fff3612995a" />
      <TestMethod codeBase="f:\vnext1\b25bab26\VSIDEProj.MEF\bin\Release\NonShipping\Microsoft.VisualStudio.Composition.Tests.dll" adapterTypeName="Microsoft.VisualStudio.TestTools.TestTypes.Unit.UnitTestAdapter" className="Microsoft.VisualStudio.Composition.Tests.NonPublicImportsExportsTests" name="V3 composition (V1)" />
    </UnitTest>
    <UnitTest name="V3 engine (runtime)" storage="f:\vnext1\b25bab26\vsideproj.mef\bin\release\nonshipping\microsoft.visualstudio.composition.tests.dll" id="be74043c-e259-4a4e-ae30-e04ffa55838a">
      <Execution id="75943f3f-09c6-4fcb-be1f-6757ad99b75c" />
      <TestMethod codeBase="f:\vnext1\b25bab26\VSIDEProj.MEF\bin\Release\NonShipping\Microsoft.VisualStudio.Composition.Tests.dll" adapterTypeName="Microsoft.VisualStudio.TestTools.TestTypes.Unit.UnitTestAdapter" className="Microsoft.VisualStudio.Composition.Tests.ExportProviderTests" name="V3 engine (runtime)" />
    </UnitTest>
    <UnitTest name="V3 engine (runtime)" storage="f:\vnext1\b25bab26\vsideproj.mef\bin\release\nonshipping\microsoft.visualstudio.composition.tests.dll" id="f3835c37-cab9-4820-a381-74e64c8e0f65">
      <Execution id="b3be28a2-07b3-4a14-8b00-a59d2c54c185" />
      <TestMethod codeBase="f:\vnext1\b25bab26\VSIDEProj.MEF\bin\Release\NonShipping\Microsoft.VisualStudio.Composition.Tests.dll" adapterTypeName="Microsoft.VisualStudio.TestTools.TestTypes.Unit.UnitTestAdapter" className="Microsoft.VisualStudio.Composition.Tests.ImportingConstructorTests" name="V3 engine (runtime)" />
    </UnitTest>
    <UnitTest name="V3 composition (V1)" storage="f:\vnext1\b25bab26\vsideproj.mef\bin\release\nonshipping\microsoft.visualstudio.composition.tests.dll" id="e5d0ef5a-4cfc-47b6-833f-54d414d20d2a">
      <Execution id="b365afe4-6250-4a5e-960b-44d0af94e240" />
      <TestMethod codeBase="f:\vnext1\b25bab26\VSIDEProj.MEF\bin\Release\NonShipping\Microsoft.VisualStudio.Composition.Tests.dll" adapterTypeName="Microsoft.VisualStudio.TestTools.TestTypes.Unit.UnitTestAdapter" className="Microsoft.VisualStudio.Composition.Tests.MefV1ExportProviderAdapterTests" name="V3 composition (V1)" />
    </UnitTest>
    <UnitTest name="V3 engine (runtime)" storage="f:\vnext1\b25bab26\vsideproj.mef\bin\release\nonshipping\microsoft.visualstudio.composition.tests.dll" id="54fb00cd-8615-4645-b420-2a77193cef0a">
      <Execution id="8261bfb4-3018-4e15-b694-555135bbb90b" />
      <TestMethod codeBase="f:\vnext1\b25bab26\VSIDEProj.MEF\bin\Release\NonShipping\Microsoft.VisualStudio.Composition.Tests.dll" adapterTypeName="Microsoft.VisualStudio.TestTools.TestTypes.Unit.UnitTestAdapter" className="Microsoft.VisualStudio.Composition.Tests.NonPublicImportsExportsTests" name="V3 engine (runtime)" />
    </UnitTest>
    <UnitTest name="V1" storage="f:\vnext1\b25bab26\vsideproj.mef\bin\release\nonshipping\microsoft.visualstudio.composition.tests.dll" id="535cf483-03c6-4b96-a823-7e1880290d8b">
      <Execution id="026e3a84-43c7-4447-97e7-dd0fb8750d51" />
      <TestMethod codeBase="f:\vnext1\b25bab26\VSIDEProj.MEF\bin\Release\NonShipping\Microsoft.VisualStudio.Composition.Tests.dll" adapterTypeName="Microsoft.VisualStudio.TestTools.TestTypes.Unit.UnitTestAdapter" className="Microsoft.VisualStudio.Composition.Tests.NonPublicImportsExportsTests" name="V1" />
    </UnitTest>
    <UnitTest name="V3 engine (runtime)" storage="f:\vnext1\b25bab26\vsideproj.mef\bin\release\nonshipping\microsoft.visualstudio.composition.tests.dll" id="22d096cc-7af7-40c3-a120-f63f2b83f7b7">
      <Execution id="d8668846-1c2e-46a9-8a4e-0ae83c55f1d1" />
      <TestMethod codeBase="f:\vnext1\b25bab26\VSIDEProj.MEF\bin\Release\NonShipping\Microsoft.VisualStudio.Composition.Tests.dll" adapterTypeName="Microsoft.VisualStudio.TestTools.TestTypes.Unit.UnitTestAdapter" className="Microsoft.VisualStudio.Composition.Tests.ExportProviderTests" name="V3 engine (runtime)" />
    </UnitTest>
    <UnitTest name="V3 engine (runtime)" storage="f:\vnext1\b25bab26\vsideproj.mef\bin\release\nonshipping\microsoft.visualstudio.composition.tests.dll" id="5ffd8839-e823-4dbd-9fd8-645b0f24f231">
      <Execution id="731f9c9b-644c-411e-9682-42dadc0b47e3" />
      <TestMethod codeBase="f:\vnext1\b25bab26\VSIDEProj.MEF\bin\Release\NonShipping\Microsoft.VisualStudio.Composition.Tests.dll" adapterTypeName="Microsoft.VisualStudio.TestTools.TestTypes.Unit.UnitTestAdapter" className="Microsoft.VisualStudio.Composition.Tests.ExportingMembersTests" name="V3 engine (runtime)" />
    </UnitTest>
    <UnitTest name="V1" storage="f:\vnext1\b25bab26\vsideproj.mef\bin\release\nonshipping\microsoft.visualstudio.composition.tests.dll" id="9998ad3d-3be5-4362-ac3c-8745ff570987">
      <Execution id="6dc2d08b-bd31-4402-b63d-23c57be107f3" />
      <TestMethod codeBase="f:\vnext1\b25bab26\VSIDEProj.MEF\bin\Release\NonShipping\Microsoft.VisualStudio.Composition.Tests.dll" adapterTypeName="Microsoft.VisualStudio.TestTools.TestTypes.Unit.UnitTestAdapter" className="Microsoft.VisualStudio.Composition.Tests.ExportProviderTests" name="V1" />
    </UnitTest>
    <UnitTest name="V3 engine (runtime)" storage="f:\vnext1\b25bab26\vsideproj.mef\bin\release\nonshipping\microsoft.visualstudio.composition.tests.dll" id="40a5a732-4bbf-4526-b011-e1e1df478c63">
      <Execution id="2c71e921-818d-43c7-bfbc-fdef9b1762e2" />
      <TestMethod codeBase="f:\vnext1\b25bab26\VSIDEProj.MEF\bin\Release\NonShipping\Microsoft.VisualStudio.Composition.Tests.dll" adapterTypeName="Microsoft.VisualStudio.TestTools.TestTypes.Unit.UnitTestAdapter" className="Microsoft.VisualStudio.Composition.Tests.ImportingConstructorTests" name="V3 engine (runtime)" />
    </UnitTest>
    <UnitTest name="V3 composition (V1, V2)" storage="f:\vnext1\b25bab26\vsideproj.mef\bin\release\nonshipping\microsoft.visualstudio.composition.tests.dll" id="6c38c55e-c506-4db1-9517-6e7e422cfc44">
      <Execution id="e5e519a2-ba75-4ace-bd63-5bdd8dabe648" />
      <TestMethod codeBase="f:\vnext1\b25bab26\VSIDEProj.MEF\bin\Release\NonShipping\Microsoft.VisualStudio.Composition.Tests.dll" adapterTypeName="Microsoft.VisualStudio.TestTools.TestTypes.Unit.UnitTestAdapter" className="Microsoft.VisualStudio.Composition.Tests.OpenGenericExportTests" name="V3 composition (V1, V2)" />
    </UnitTest>
    <UnitTest name="V1" storage="f:\vnext1\b25bab26\vsideproj.mef\bin\release\nonshipping\microsoft.visualstudio.composition.tests.dll" id="886c63e4-8337-4e99-93ec-3274d10f6b01">
      <Execution id="7bd0c577-ebbc-4f43-b0cc-8634e9bc0287" />
      <TestMethod codeBase="f:\vnext1\b25bab26\VSIDEProj.MEF\bin\Release\NonShipping\Microsoft.VisualStudio.Composition.Tests.dll" adapterTypeName="Microsoft.VisualStudio.TestTools.TestTypes.Unit.UnitTestAdapter" className="Microsoft.VisualStudio.Composition.Tests.ExportingMembersTests" name="V1" />
    </UnitTest>
    <UnitTest name="V1" storage="f:\vnext1\b25bab26\vsideproj.mef\bin\release\nonshipping\microsoft.visualstudio.composition.tests.dll" id="1aaec9cb-a4f5-47cb-8a76-d964637a74c9">
      <Execution id="6a714689-fdce-4fac-9110-3772dffd8183" />
      <TestMethod codeBase="f:\vnext1\b25bab26\VSIDEProj.MEF\bin\Release\NonShipping\Microsoft.VisualStudio.Composition.Tests.dll" adapterTypeName="Microsoft.VisualStudio.TestTools.TestTypes.Unit.UnitTestAdapter" className="Microsoft.VisualStudio.Composition.Tests.ImportingConstructorTests" name="V1" />
    </UnitTest>
    <UnitTest name="V3 composition (V1, V2)" storage="f:\vnext1\b25bab26\vsideproj.mef\bin\release\nonshipping\microsoft.visualstudio.composition.tests.dll" id="0d196169-47d1-4520-9902-8efe5fd26092">
      <Execution id="4fae6b3a-cf60-4100-a879-fc64c87a2de5" />
      <TestMethod codeBase="f:\vnext1\b25bab26\VSIDEProj.MEF\bin\Release\NonShipping\Microsoft.VisualStudio.Composition.Tests.dll" adapterTypeName="Microsoft.VisualStudio.TestTools.TestTypes.Unit.UnitTestAdapter" className="Microsoft.VisualStudio.Composition.Tests.CircularDependencyTests" name="V3 composition (V1, V2)" />
    </UnitTest>
    <UnitTest name="V3 composition (V1, V2)" storage="f:\vnext1\b25bab26\vsideproj.mef\bin\release\nonshipping\microsoft.visualstudio.composition.tests.dll" id="3bd04c1d-a808-41fd-b38d-291f2d612cb5">
      <Execution id="c7c541f9-79c0-4f32-b40d-e3790fb2cb79" />
      <TestMethod codeBase="f:\vnext1\b25bab26\VSIDEProj.MEF\bin\Release\NonShipping\Microsoft.VisualStudio.Composition.Tests.dll" adapterTypeName="Microsoft.VisualStudio.TestTools.TestTypes.Unit.UnitTestAdapter" className="Microsoft.VisualStudio.Composition.Tests.InvalidGraphTests" name="V3 composition (V1, V2)" />
    </UnitTest>
    <UnitTest name="V3 composition (V1)" storage="f:\vnext1\b25bab26\vsideproj.mef\bin\release\nonshipping\microsoft.visualstudio.composition.tests.dll" id="bf620f38-c620-4c45-bb13-6fb6c3c77e6d">
      <Execution id="fb579070-6b4a-43a3-9b4c-1c1b41402e08" />
      <TestMethod codeBase="f:\vnext1\b25bab26\VSIDEProj.MEF\bin\Release\NonShipping\Microsoft.VisualStudio.Composition.Tests.dll" adapterTypeName="Microsoft.VisualStudio.TestTools.TestTypes.Unit.UnitTestAdapter" className="Microsoft.VisualStudio.Composition.Tests.ExportMetadataTests" name="V3 composition (V1)" />
    </UnitTest>
    <UnitTest name="V1" storage="f:\vnext1\b25bab26\vsideproj.mef\bin\release\nonshipping\microsoft.visualstudio.composition.tests.dll" id="3888aa4a-ae43-43b2-bb30-d545f4c9cbaf">
      <Execution id="f843e35c-17e6-4b0b-a71a-c92ea4355458" />
      <TestMethod codeBase="f:\vnext1\b25bab26\VSIDEProj.MEF\bin\Release\NonShipping\Microsoft.VisualStudio.Composition.Tests.dll" adapterTypeName="Microsoft.VisualStudio.TestTools.TestTypes.Unit.UnitTestAdapter" className="Microsoft.VisualStudio.Composition.Tests.CircularDependencyTests" name="V1" />
    </UnitTest>
    <UnitTest name="V2" storage="f:\vnext1\b25bab26\vsideproj.mef\bin\release\nonshipping\microsoft.visualstudio.composition.tests.dll" id="cfeee072-3c36-4bb3-9435-97dfb1e9720c">
      <Execution id="54647390-b4a5-4edf-aa07-efeeda3f56da" />
      <TestMethod codeBase="f:\vnext1\b25bab26\VSIDEProj.MEF\bin\Release\NonShipping\Microsoft.VisualStudio.Composition.Tests.dll" adapterTypeName="Microsoft.VisualStudio.TestTools.TestTypes.Unit.UnitTestAdapter" className="Microsoft.VisualStudio.Composition.Tests.CircularDependencyTests" name="V2" />
    </UnitTest>
    <UnitTest name="V3 engine (runtime)" storage="f:\vnext1\b25bab26\vsideproj.mef\bin\release\nonshipping\microsoft.visualstudio.composition.tests.dll" id="226ec21b-1719-47a1-980e-f14dfef58e01">
      <Execution id="1e00508e-b8a3-4ef6-993d-ed62f4613ec7" />
      <TestMethod codeBase="f:\vnext1\b25bab26\VSIDEProj.MEF\bin\Release\NonShipping\Microsoft.VisualStudio.Composition.Tests.dll" adapterTypeName="Microsoft.VisualStudio.TestTools.TestTypes.Unit.UnitTestAdapter" className="Microsoft.VisualStudio.Composition.Tests.MefV1ExportProviderAdapterTests" name="V3 engine (runtime)" />
    </UnitTest>
    <UnitTest name="V1" storage="f:\vnext1\b25bab26\vsideproj.mef\bin\release\nonshipping\microsoft.visualstudio.composition.tests.dll" id="c2c07641-126f-49a8-b2f0-d7a42fca902e">
      <Execution id="9fff08db-9f3a-4e7c-8b29-58a4bb1119c4" />
      <TestMethod codeBase="f:\vnext1\b25bab26\VSIDEProj.MEF\bin\Release\NonShipping\Microsoft.VisualStudio.Composition.Tests.dll" adapterTypeName="Microsoft.VisualStudio.TestTools.TestTypes.Unit.UnitTestAdapter" className="Microsoft.VisualStudio.Composition.Tests.MefV1ExportProviderAdapterTests" name="V1" />
    </UnitTest>
    <UnitTest name="V3 engine (runtime)" storage="f:\vnext1\b25bab26\vsideproj.mef\bin\release\nonshipping\microsoft.visualstudio.composition.tests.dll" id="a4f68dfe-368d-4e8c-b0ad-65427d04a87f">
      <Execution id="fabb6640-c952-46ee-8c00-91baaa02f447" />
      <TestMethod codeBase="f:\vnext1\b25bab26\VSIDEProj.MEF\bin\Release\NonShipping\Microsoft.VisualStudio.Composition.Tests.dll" adapterTypeName="Microsoft.VisualStudio.TestTools.TestTypes.Unit.UnitTestAdapter" className="Microsoft.VisualStudio.Composition.Tests.OpenGenericExportTests" name="V3 engine (runtime)" />
    </UnitTest>
    <UnitTest name="V1" storage="f:\vnext1\b25bab26\vsideproj.mef\bin\release\nonshipping\microsoft.visualstudio.composition.tests.dll" id="f170bdd6-ca48-4d45-b260-7cc2becff579">
      <Execution id="cd8cb24d-9ec3-4cb2-9975-80dca4870d32" />
      <TestMethod codeBase="f:\vnext1\b25bab26\VSIDEProj.MEF\bin\Release\NonShipping\Microsoft.VisualStudio.Composition.Tests.dll" adapterTypeName="Microsoft.VisualStudio.TestTools.TestTypes.Unit.UnitTestAdapter" className="Microsoft.VisualStudio.Composition.Tests.OpenGenericExportTests" name="V1" />
    </UnitTest>
    <UnitTest name="V3 engine (runtime)" storage="f:\vnext1\b25bab26\vsideproj.mef\bin\release\nonshipping\microsoft.visualstudio.composition.tests.dll" id="ca16c766-23d8-4a80-8553-c47f6abe4482">
      <Execution id="bf7aa5f5-3be4-47dc-83fd-6ec4138586e7" />
      <TestMethod codeBase="f:\vnext1\b25bab26\VSIDEProj.MEF\bin\Release\NonShipping\Microsoft.VisualStudio.Composition.Tests.dll" adapterTypeName="Microsoft.VisualStudio.TestTools.TestTypes.Unit.UnitTestAdapter" className="Microsoft.VisualStudio.Composition.Tests.InvalidGraphTests" name="V3 engine (runtime)" />
    </UnitTest>
    <UnitTest name="V2" storage="f:\vnext1\b25bab26\vsideproj.mef\bin\release\nonshipping\microsoft.visualstudio.composition.tests.dll" id="6043de53-7294-4659-9d1c-b159403b72ba">
      <Execution id="55f45160-ea64-4dfb-8224-0b3d83f18922" />
      <TestMethod codeBase="f:\vnext1\b25bab26\VSIDEProj.MEF\bin\Release\NonShipping\Microsoft.VisualStudio.Composition.Tests.dll" adapterTypeName="Microsoft.VisualStudio.TestTools.TestTypes.Unit.UnitTestAdapter" className="Microsoft.VisualStudio.Composition.Tests.OpenGenericExportTests" name="V2" />
    </UnitTest>
    <UnitTest name="V3 composition (V1, V2)" storage="f:\vnext1\b25bab26\vsideproj.mef\bin\release\nonshipping\microsoft.visualstudio.composition.tests.dll" id="351bad00-5138-4ed4-8935-9978b51d4f82">
      <Execution id="3fb999ff-ba96-45de-9048-7593ced0dbcc" />
      <TestMethod codeBase="f:\vnext1\b25bab26\VSIDEProj.MEF\bin\Release\NonShipping\Microsoft.VisualStudio.Composition.Tests.dll" adapterTypeName="Microsoft.VisualStudio.TestTools.TestTypes.Unit.UnitTestAdapter" className="Microsoft.VisualStudio.Composition.Tests.ImportManyTests" name="V3 composition (V1, V2)" />
    </UnitTest>
    <UnitTest name="V3 engine (runtime)" storage="f:\vnext1\b25bab26\vsideproj.mef\bin\release\nonshipping\microsoft.visualstudio.composition.tests.dll" id="6f9d8089-42e9-4776-9630-cfe0e45d9733">
      <Execution id="9d0ba1f3-3e84-45a5-ab6c-1793acf40990" />
      <TestMethod codeBase="f:\vnext1\b25bab26\VSIDEProj.MEF\bin\Release\NonShipping\Microsoft.VisualStudio.Composition.Tests.dll" adapterTypeName="Microsoft.VisualStudio.TestTools.TestTypes.Unit.UnitTestAdapter" className="Microsoft.VisualStudio.Composition.Tests.ExportMetadataTests" name="V3 engine (runtime)" />
    </UnitTest>
    <UnitTest name="V1" storage="f:\vnext1\b25bab26\vsideproj.mef\bin\release\nonshipping\microsoft.visualstudio.composition.tests.dll" id="29aa8f70-fdd4-4b72-9c8d-7e97457b99a6">
      <Execution id="b80f7293-76e0-4406-88dc-ec6c6905dd9f" />
      <TestMethod codeBase="f:\vnext1\b25bab26\VSIDEProj.MEF\bin\Release\NonShipping\Microsoft.VisualStudio.Composition.Tests.dll" adapterTypeName="Microsoft.VisualStudio.TestTools.TestTypes.Unit.UnitTestAdapter" className="Microsoft.VisualStudio.Composition.Tests.ExportMetadataTests" name="V1" />
    </UnitTest>
    <UnitTest name="V3 composition (V1)" storage="f:\vnext1\b25bab26\vsideproj.mef\bin\release\nonshipping\microsoft.visualstudio.composition.tests.dll" id="b359a48d-515c-4d05-a3c3-4885cb605931">
      <Execution id="f6f3f7ce-4a2b-4b64-9906-852a1dccbb2f" />
      <TestMethod codeBase="f:\vnext1\b25bab26\VSIDEProj.MEF\bin\Release\NonShipping\Microsoft.VisualStudio.Composition.Tests.dll" adapterTypeName="Microsoft.VisualStudio.TestTools.TestTypes.Unit.UnitTestAdapter" className="Microsoft.VisualStudio.Composition.Tests.NonPublicImportsExportsTests" name="V3 composition (V1)" />
    </UnitTest>
    <UnitTest name="V3 composition (V1)" storage="f:\vnext1\b25bab26\vsideproj.mef\bin\release\nonshipping\microsoft.visualstudio.composition.tests.dll" id="36e03fcd-a82b-4ac3-b163-787bfa423f4e">
      <Execution id="421cec7d-77a8-406f-9855-ccb753a36f41" />
      <TestMethod codeBase="f:\vnext1\b25bab26\VSIDEProj.MEF\bin\Release\NonShipping\Microsoft.VisualStudio.Composition.Tests.dll" adapterTypeName="Microsoft.VisualStudio.TestTools.TestTypes.Unit.UnitTestAdapter" className="Microsoft.VisualStudio.Composition.Tests.ExportingMembersTests" name="V3 composition (V1)" />
    </UnitTest>
    <UnitTest name="V3 engine (runtime)" storage="f:\vnext1\b25bab26\vsideproj.mef\bin\release\nonshipping\microsoft.visualstudio.composition.tests.dll" id="744c6675-503c-4d35-862a-aaeee05ca16e">
      <Execution id="fdc64bf7-bb99-43c2-9735-e8bb27441e96" />
      <TestMethod codeBase="f:\vnext1\b25bab26\VSIDEProj.MEF\bin\Release\NonShipping\Microsoft.VisualStudio.Composition.Tests.dll" adapterTypeName="Microsoft.VisualStudio.TestTools.TestTypes.Unit.UnitTestAdapter" className="Microsoft.VisualStudio.Composition.Tests.InvalidGraphTests" name="V3 engine (runtime)" />
    </UnitTest>
    <UnitTest name="V3 composition (V1)" storage="f:\vnext1\b25bab26\vsideproj.mef\bin\release\nonshipping\microsoft.visualstudio.composition.tests.dll" id="442b613c-56a3-47f4-b0e1-479eea14e851">
      <Execution id="c83fb44d-7a8c-4e1c-8bcc-19a4f33d5fb9" />
      <TestMethod codeBase="f:\vnext1\b25bab26\VSIDEProj.MEF\bin\Release\NonShipping\Microsoft.VisualStudio.Composition.Tests.dll" adapterTypeName="Microsoft.VisualStudio.TestTools.TestTypes.Unit.UnitTestAdapter" className="Microsoft.VisualStudio.Composition.Tests.ImportingConstructorTests" name="V3 composition (V1)" />
    </UnitTest>
    <UnitTest name="V1" storage="f:\vnext1\b25bab26\vsideproj.mef\bin\release\nonshipping\microsoft.visualstudio.composition.tests.dll" id="04fbba8e-58c1-42f4-97ba-32a35e626c4b">
      <Execution id="aba45a16-c0ec-43f9-b846-3e465fbfed80" />
      <TestMethod codeBase="f:\vnext1\b25bab26\VSIDEProj.MEF\bin\Release\NonShipping\Microsoft.VisualStudio.Composition.Tests.dll" adapterTypeName="Microsoft.VisualStudio.TestTools.TestTypes.Unit.UnitTestAdapter" className="Microsoft.VisualStudio.Composition.Tests.InvalidGraphTests" name="V1" />
    </UnitTest>
    <UnitTest name="V3 engine (runtime)" storage="f:\vnext1\b25bab26\vsideproj.mef\bin\release\nonshipping\microsoft.visualstudio.composition.tests.dll" id="ac3a3166-b346-4c64-99af-86e583de09a7">
      <Execution id="aebb9260-436c-4072-83ca-1dfcfd0fb32a" />
      <TestMethod codeBase="f:\vnext1\b25bab26\VSIDEProj.MEF\bin\Release\NonShipping\Microsoft.VisualStudio.Composition.Tests.dll" adapterTypeName="Microsoft.VisualStudio.TestTools.TestTypes.Unit.UnitTestAdapter" className="Microsoft.VisualStudio.Composition.Tests.ImportManyTests" name="V3 engine (runtime)" />
    </UnitTest>
    <UnitTest name="V1" storage="f:\vnext1\b25bab26\vsideproj.mef\bin\release\nonshipping\microsoft.visualstudio.composition.tests.dll" id="895768ee-6402-42cd-ab9a-c19fcaca49a7">
      <Execution id="847afa52-968a-4160-9cbf-58c33ef1c022" />
      <TestMethod codeBase="f:\vnext1\b25bab26\VSIDEProj.MEF\bin\Release\NonShipping\Microsoft.VisualStudio.Composition.Tests.dll" adapterTypeName="Microsoft.VisualStudio.TestTools.TestTypes.Unit.UnitTestAdapter" className="Microsoft.VisualStudio.Composition.Tests.ImportManyTests" name="V1" />
    </UnitTest>
    <UnitTest name="V3 engine (runtime)" storage="f:\vnext1\b25bab26\vsideproj.mef\bin\release\nonshipping\microsoft.visualstudio.composition.tests.dll" id="618fdac2-a749-4fbb-ab07-ada0ff8fa470">
      <Execution id="12ad78c6-7bce-4612-8ae0-2fb3060bd567" />
      <TestMethod codeBase="f:\vnext1\b25bab26\VSIDEProj.MEF\bin\Release\NonShipping\Microsoft.VisualStudio.Composition.Tests.dll" adapterTypeName="Microsoft.VisualStudio.TestTools.TestTypes.Unit.UnitTestAdapter" className="Microsoft.VisualStudio.Composition.Tests.NonPublicImportsExportsTests" name="V3 engine (runtime)" />
    </UnitTest>
    <UnitTest name="V1" storage="f:\vnext1\b25bab26\vsideproj.mef\bin\release\nonshipping\microsoft.visualstudio.composition.tests.dll" id="77b4a77b-113e-41ac-90eb-895fb5689217">
      <Execution id="609de50d-223d-4836-bd14-26abc7a13e20" />
      <TestMethod codeBase="f:\vnext1\b25bab26\VSIDEProj.MEF\bin\Release\NonShipping\Microsoft.VisualStudio.Composition.Tests.dll" adapterTypeName="Microsoft.VisualStudio.TestTools.TestTypes.Unit.UnitTestAdapter" className="Microsoft.VisualStudio.Composition.Tests.NonPublicImportsExportsTests" name="V1" />
    </UnitTest>
    <UnitTest name="V3 engine (runtime)" storage="f:\vnext1\b25bab26\vsideproj.mef\bin\release\nonshipping\microsoft.visualstudio.composition.tests.dll" id="7561ba0b-d00e-428e-89fb-8820a94af456">
      <Execution id="181b91a8-8258-44c5-8c4f-3f3440424fc0" />
      <TestMethod codeBase="f:\vnext1\b25bab26\VSIDEProj.MEF\bin\Release\NonShipping\Microsoft.VisualStudio.Composition.Tests.dll" adapterTypeName="Microsoft.VisualStudio.TestTools.TestTypes.Unit.UnitTestAdapter" className="Microsoft.VisualStudio.Composition.Tests.ExportingMembersTests" name="V3 engine (runtime)" />
    </UnitTest>
    <UnitTest name="V3 composition (V1, V2)" storage="f:\vnext1\b25bab26\vsideproj.mef\bin\release\nonshipping\microsoft.visualstudio.composition.tests.dll" id="f877c7ba-4610-498d-b4d5-c882389a9883">
      <Execution id="dd3e14d8-cb71-4206-a3a9-35a5b0159a21" />
      <TestMethod codeBase="f:\vnext1\b25bab26\VSIDEProj.MEF\bin\Release\NonShipping\Microsoft.VisualStudio.Composition.Tests.dll" adapterTypeName="Microsoft.VisualStudio.TestTools.TestTypes.Unit.UnitTestAdapter" className="Microsoft.VisualStudio.Composition.Tests.ExportProviderTests" name="V3 composition (V1, V2)" />
    </UnitTest>
    <UnitTest name="V1" storage="f:\vnext1\b25bab26\vsideproj.mef\bin\release\nonshipping\microsoft.visualstudio.composition.tests.dll" id="b44fc142-dcdc-41eb-a7b7-9b2bff79b9c2">
      <Execution id="6c790805-1be8-45b5-9adc-36054f7f56c2" />
      <TestMethod codeBase="f:\vnext1\b25bab26\VSIDEProj.MEF\bin\Release\NonShipping\Microsoft.VisualStudio.Composition.Tests.dll" adapterTypeName="Microsoft.VisualStudio.TestTools.TestTypes.Unit.UnitTestAdapter" className="Microsoft.VisualStudio.Composition.Tests.ExportingMembersTests" name="V1" />
    </UnitTest>
    <UnitTest name="V3 engine (runtime)" storage="f:\vnext1\b25bab26\vsideproj.mef\bin\release\nonshipping\microsoft.visualstudio.composition.tests.dll" id="da48d45f-81bb-44cd-a589-bd51a8021d47">
      <Execution id="2631366b-1e8c-4b3f-a6d4-7cdd16343655" />
      <TestMethod codeBase="f:\vnext1\b25bab26\VSIDEProj.MEF\bin\Release\NonShipping\Microsoft.VisualStudio.Composition.Tests.dll" adapterTypeName="Microsoft.VisualStudio.TestTools.TestTypes.Unit.UnitTestAdapter" className="Microsoft.VisualStudio.Composition.Tests.ImportingConstructorTests" name="V3 engine (runtime)" />
    </UnitTest>
    <UnitTest name="V3 composition (V1)" storage="f:\vnext1\b25bab26\vsideproj.mef\bin\release\nonshipping\microsoft.visualstudio.composition.tests.dll" id="b588eabf-13c7-4768-8bf5-ed26679145bf">
      <Execution id="ac1ad7fb-e789-420e-8baa-3e8688c27342" />
      <TestMethod codeBase="f:\vnext1\b25bab26\VSIDEProj.MEF\bin\Release\NonShipping\Microsoft.VisualStudio.Composition.Tests.dll" adapterTypeName="Microsoft.VisualStudio.TestTools.TestTypes.Unit.UnitTestAdapter" className="Microsoft.VisualStudio.Composition.Tests.MefV1ExportProviderAdapterTests" name="V3 composition (V1)" />
    </UnitTest>
    <UnitTest name="V1" storage="f:\vnext1\b25bab26\vsideproj.mef\bin\release\nonshipping\microsoft.visualstudio.composition.tests.dll" id="174ecd1c-95f9-4bf0-a544-381cf19f97f9">
      <Execution id="816c6d00-1ff7-47e1-8ffd-b917c5bffc09" />
      <TestMethod codeBase="f:\vnext1\b25bab26\VSIDEProj.MEF\bin\Release\NonShipping\Microsoft.VisualStudio.Composition.Tests.dll" adapterTypeName="Microsoft.VisualStudio.TestTools.TestTypes.Unit.UnitTestAdapter" className="Microsoft.VisualStudio.Composition.Tests.ImportingConstructorTests" name="V1" />
    </UnitTest>
    <UnitTest name="V3 composition (V1)" storage="f:\vnext1\b25bab26\vsideproj.mef\bin\release\nonshipping\microsoft.visualstudio.composition.tests.dll" id="a8cbdf71-0be6-4ce6-b88a-2df74fa92241">
      <Execution id="4e0aaebe-434c-41a1-84aa-82d374e9bb1f" />
      <TestMethod codeBase="f:\vnext1\b25bab26\VSIDEProj.MEF\bin\Release\NonShipping\Microsoft.VisualStudio.Composition.Tests.dll" adapterTypeName="Microsoft.VisualStudio.TestTools.TestTypes.Unit.UnitTestAdapter" className="Microsoft.VisualStudio.Composition.Tests.ExportMetadataTests" name="V3 composition (V1)" />
    </UnitTest>
    <UnitTest name="V3 composition (V1)" storage="f:\vnext1\b25bab26\vsideproj.mef\bin\release\nonshipping\microsoft.visualstudio.composition.tests.dll" id="0fbf1286-50dc-468d-99a9-e3fe085bd3a6">
      <Execution id="d39a38df-bd54-4684-b05c-aa4f317fed25" />
      <TestMethod codeBase="f:\vnext1\b25bab26\VSIDEProj.MEF\bin\Release\NonShipping\Microsoft.VisualStudio.Composition.Tests.dll" adapterTypeName="Microsoft.VisualStudio.TestTools.TestTypes.Unit.UnitTestAdapter" className="Microsoft.VisualStudio.Composition.Tests.InvalidGraphTests" name="V3 composition (V1)" />
    </UnitTest>
    <UnitTest name="V2" storage="f:\vnext1\b25bab26\vsideproj.mef\bin\release\nonshipping\microsoft.visualstudio.composition.tests.dll" id="3cabda13-c1b9-491f-8a13-d8c6de0b79b3">
      <Execution id="311e6ca9-7b8c-4b06-8754-b6d13abcb71a" />
      <TestMethod codeBase="f:\vnext1\b25bab26\VSIDEProj.MEF\bin\Release\NonShipping\Microsoft.VisualStudio.Composition.Tests.dll" adapterTypeName="Microsoft.VisualStudio.TestTools.TestTypes.Unit.UnitTestAdapter" className="Microsoft.VisualStudio.Composition.Tests.ImportingConstructorTests" name="V2" />
    </UnitTest>
    <UnitTest name="V3 composition (V1, V2)" storage="f:\vnext1\b25bab26\vsideproj.mef\bin\release\nonshipping\microsoft.visualstudio.composition.tests.dll" id="cf2b4e9a-be18-446b-86af-b32d2ab31957">
      <Execution id="525af72e-e11b-4cc3-bf32-b9beb17f1ce6" />
      <TestMethod codeBase="f:\vnext1\b25bab26\VSIDEProj.MEF\bin\Release\NonShipping\Microsoft.VisualStudio.Composition.Tests.dll" adapterTypeName="Microsoft.VisualStudio.TestTools.TestTypes.Unit.UnitTestAdapter" className="Microsoft.VisualStudio.Composition.Tests.CircularDependencyTests" name="V3 composition (V1, V2)" />
    </UnitTest>
    <UnitTest name="V3 composition (V1)" storage="f:\vnext1\b25bab26\vsideproj.mef\bin\release\nonshipping\microsoft.visualstudio.composition.tests.dll" id="08b50ae4-9c6c-4181-85f2-b4cc6f8313f7">
      <Execution id="dceea240-3450-4a0b-854f-935039884c0b" />
      <TestMethod codeBase="f:\vnext1\b25bab26\VSIDEProj.MEF\bin\Release\NonShipping\Microsoft.VisualStudio.Composition.Tests.dll" adapterTypeName="Microsoft.VisualStudio.TestTools.TestTypes.Unit.UnitTestAdapter" className="Microsoft.VisualStudio.Composition.Tests.ImportManyTests" name="V3 composition (V1)" />
    </UnitTest>
    <UnitTest name="V3 engine (runtime)" storage="f:\vnext1\b25bab26\vsideproj.mef\bin\release\nonshipping\microsoft.visualstudio.composition.tests.dll" id="d80529ed-acfc-4e28-a9f9-3e2e1c7350de">
      <Execution id="09d0fef5-13ab-4a78-a9c7-e8d8b18aeba4" />
      <TestMethod codeBase="f:\vnext1\b25bab26\VSIDEProj.MEF\bin\Release\NonShipping\Microsoft.VisualStudio.Composition.Tests.dll" adapterTypeName="Microsoft.VisualStudio.TestTools.TestTypes.Unit.UnitTestAdapter" className="Microsoft.VisualStudio.Composition.Tests.ExportProviderTests" name="V3 engine (runtime)" />
    </UnitTest>
    <UnitTest name="V3 composition (V1, V2)" storage="f:\vnext1\b25bab26\vsideproj.mef\bin\release\nonshipping\microsoft.visualstudio.composition.tests.dll" id="25052fb3-26f9-4788-8e9e-78a25bd5d912">
      <Execution id="dace1b04-53bd-4366-be41-edd032ac76c1" />
      <TestMethod codeBase="f:\vnext1\b25bab26\VSIDEProj.MEF\bin\Release\NonShipping\Microsoft.VisualStudio.Composition.Tests.dll" adapterTypeName="Microsoft.VisualStudio.TestTools.TestTypes.Unit.UnitTestAdapter" className="Microsoft.VisualStudio.Composition.Tests.OpenGenericExportTests" name="V3 composition (V1, V2)" />
    </UnitTest>
    <UnitTest name="V3 engine (runtime)" storage="f:\vnext1\b25bab26\vsideproj.mef\bin\release\nonshipping\microsoft.visualstudio.composition.tests.dll" id="7b6ae051-64df-49e3-8b8e-a5bceda3a26f">
      <Execution id="eda89756-85ed-4a63-ba4c-d7ce96115d2b" />
      <TestMethod codeBase="f:\vnext1\b25bab26\VSIDEProj.MEF\bin\Release\NonShipping\Microsoft.VisualStudio.Composition.Tests.dll" adapterTypeName="Microsoft.VisualStudio.TestTools.TestTypes.Unit.UnitTestAdapter" className="Microsoft.VisualStudio.Composition.Tests.MefV1ExportProviderAdapterTests" name="V3 engine (runtime)" />
    </UnitTest>
    <UnitTest name="V3 composition (V1)" storage="f:\vnext1\b25bab26\vsideproj.mef\bin\release\nonshipping\microsoft.visualstudio.composition.tests.dll" id="3e411ade-71ed-44c4-bddd-2bce56d3729a">
      <Execution id="cb6ae9ea-e194-4c70-8e17-1d7d42b8694d" />
      <TestMethod codeBase="f:\vnext1\b25bab26\VSIDEProj.MEF\bin\Release\NonShipping\Microsoft.VisualStudio.Composition.Tests.dll" adapterTypeName="Microsoft.VisualStudio.TestTools.TestTypes.Unit.UnitTestAdapter" className="Microsoft.VisualStudio.Composition.Tests.NonPublicImportsExportsTests" name="V3 composition (V1)" />
    </UnitTest>
    <UnitTest name="V3 engine (runtime)" storage="f:\vnext1\b25bab26\vsideproj.mef\bin\release\nonshipping\microsoft.visualstudio.composition.tests.dll" id="a8f5c75d-92e4-4d81-b275-cd389c24abac">
      <Execution id="61bfc22e-e656-4f2a-9f37-2ec94a7a72d1" />
      <TestMethod codeBase="f:\vnext1\b25bab26\VSIDEProj.MEF\bin\Release\NonShipping\Microsoft.VisualStudio.Composition.Tests.dll" adapterTypeName="Microsoft.VisualStudio.TestTools.TestTypes.Unit.UnitTestAdapter" className="Microsoft.VisualStudio.Composition.Tests.InvalidGraphTests" name="V3 engine (runtime)" />
    </UnitTest>
    <UnitTest name="V3 engine (runtime)" storage="f:\vnext1\b25bab26\vsideproj.mef\bin\release\nonshipping\microsoft.visualstudio.composition.tests.dll" id="7d39bab3-8dee-4482-bdf5-1ab0a2aea82a">
      <Execution id="3e1e7209-5a18-4c5e-ba31-87e0d9984392" />
      <TestMethod codeBase="f:\vnext1\b25bab26\VSIDEProj.MEF\bin\Release\NonShipping\Microsoft.VisualStudio.Composition.Tests.dll" adapterTypeName="Microsoft.VisualStudio.TestTools.TestTypes.Unit.UnitTestAdapter" className="Microsoft.VisualStudio.Composition.Tests.ExportProviderTests" name="V3 engine (runtime)" />
    </UnitTest>
    <UnitTest name="V1" storage="f:\vnext1\b25bab26\vsideproj.mef\bin\release\nonshipping\microsoft.visualstudio.composition.tests.dll" id="253a08c6-958a-4c78-9005-150dc9d20c4e">
      <Execution id="00a3bdee-fc46-431a-b5f8-9fb5b82f77e7" />
      <TestMethod codeBase="f:\vnext1\b25bab26\VSIDEProj.MEF\bin\Release\NonShipping\Microsoft.VisualStudio.Composition.Tests.dll" adapterTypeName="Microsoft.VisualStudio.TestTools.TestTypes.Unit.UnitTestAdapter" className="Microsoft.VisualStudio.Composition.Tests.InvalidGraphTests" name="V1" />
    </UnitTest>
    <UnitTest name="V1" storage="f:\vnext1\b25bab26\vsideproj.mef\bin\release\nonshipping\microsoft.visualstudio.composition.tests.dll" id="51b16c9b-118d-4745-b62d-426026a8c1f4">
      <Execution id="5694d21e-ebe1-4c2f-becf-6b6ed07c655c" />
      <TestMethod codeBase="f:\vnext1\b25bab26\VSIDEProj.MEF\bin\Release\NonShipping\Microsoft.VisualStudio.Composition.Tests.dll" adapterTypeName="Microsoft.VisualStudio.TestTools.TestTypes.Unit.UnitTestAdapter" className="Microsoft.VisualStudio.Composition.Tests.ExportProviderTests" name="V1" />
    </UnitTest>
    <UnitTest name="V3 engine (runtime)" storage="f:\vnext1\b25bab26\vsideproj.mef\bin\release\nonshipping\microsoft.visualstudio.composition.tests.dll" id="96af271c-0fa2-4bdc-89fc-3358023cac02">
      <Execution id="3ff023ea-ce8e-4c77-ab21-f5b3161d132b" />
      <TestMethod codeBase="f:\vnext1\b25bab26\VSIDEProj.MEF\bin\Release\NonShipping\Microsoft.VisualStudio.Composition.Tests.dll" adapterTypeName="Microsoft.VisualStudio.TestTools.TestTypes.Unit.UnitTestAdapter" className="Microsoft.VisualStudio.Composition.Tests.ExportMetadataTests" name="V3 engine (runtime)" />
    </UnitTest>
    <UnitTest name="V3 engine (runtime)" storage="f:\vnext1\b25bab26\vsideproj.mef\bin\release\nonshipping\microsoft.visualstudio.composition.tests.dll" id="a6ec4835-4f67-4871-bc0c-9f2ec26fd007">
      <Execution id="2c7437e5-998c-479c-8105-c9b3c2286aef" />
      <TestMethod codeBase="f:\vnext1\b25bab26\VSIDEProj.MEF\bin\Release\NonShipping\Microsoft.VisualStudio.Composition.Tests.dll" adapterTypeName="Microsoft.VisualStudio.TestTools.TestTypes.Unit.UnitTestAdapter" className="Microsoft.VisualStudio.Composition.Tests.CircularDependencyTests" name="V3 engine (runtime)" />
    </UnitTest>
    <UnitTest name="V3 engine (runtime)" storage="f:\vnext1\b25bab26\vsideproj.mef\bin\release\nonshipping\microsoft.visualstudio.composition.tests.dll" id="a764dea1-5bdd-4f6e-8b1c-1926daa13fa9">
      <Execution id="64b19189-4c3b-44db-860d-04395d75b085" />
      <TestMethod codeBase="f:\vnext1\b25bab26\VSIDEProj.MEF\bin\Release\NonShipping\Microsoft.VisualStudio.Composition.Tests.dll" adapterTypeName="Microsoft.VisualStudio.TestTools.TestTypes.Unit.UnitTestAdapter" className="Microsoft.VisualStudio.Composition.Tests.ImportManyTests" name="V3 engine (runtime)" />
    </UnitTest>
    <UnitTest name="V3 engine (runtime)" storage="f:\vnext1\b25bab26\vsideproj.mef\bin\release\nonshipping\microsoft.visualstudio.composition.tests.dll" id="869946d8-badf-406c-a894-7f82909e08cf">
      <Execution id="05da06be-6477-4e3b-a1c9-f9f0d5f17159" />
      <TestMethod codeBase="f:\vnext1\b25bab26\VSIDEProj.MEF\bin\Release\NonShipping\Microsoft.VisualStudio.Composition.Tests.dll" adapterTypeName="Microsoft.VisualStudio.TestTools.TestTypes.Unit.UnitTestAdapter" className="Microsoft.VisualStudio.Composition.Tests.OpenGenericExportTests" name="V3 engine (runtime)" />
    </UnitTest>
    <UnitTest name="V1" storage="f:\vnext1\b25bab26\vsideproj.mef\bin\release\nonshipping\microsoft.visualstudio.composition.tests.dll" id="95267cc7-b20c-48db-82bb-18bd67d29400">
      <Execution id="2b5d9448-3e3b-4d5e-b7ea-1484821e6a5b" />
      <TestMethod codeBase="f:\vnext1\b25bab26\VSIDEProj.MEF\bin\Release\NonShipping\Microsoft.VisualStudio.Composition.Tests.dll" adapterTypeName="Microsoft.VisualStudio.TestTools.TestTypes.Unit.UnitTestAdapter" className="Microsoft.VisualStudio.Composition.Tests.ImportManyTests" name="V1" />
    </UnitTest>
    <UnitTest name="V1" storage="f:\vnext1\b25bab26\vsideproj.mef\bin\release\nonshipping\microsoft.visualstudio.composition.tests.dll" id="a7fb8768-4092-4179-9b60-0793b133c17d">
      <Execution id="29b7db54-baae-4770-acaa-59d89d4cca09" />
      <TestMethod codeBase="f:\vnext1\b25bab26\VSIDEProj.MEF\bin\Release\NonShipping\Microsoft.VisualStudio.Composition.Tests.dll" adapterTypeName="Microsoft.VisualStudio.TestTools.TestTypes.Unit.UnitTestAdapter" className="Microsoft.VisualStudio.Composition.Tests.ExportMetadataTests" name="V1" />
    </UnitTest>
    <UnitTest name="V2" storage="f:\vnext1\b25bab26\vsideproj.mef\bin\release\nonshipping\microsoft.visualstudio.composition.tests.dll" id="126c18c0-2265-48c2-8f95-e237cd70e84f">
      <Execution id="00696a8a-6906-49ce-ac3c-0208f433c004" />
      <TestMethod codeBase="f:\vnext1\b25bab26\VSIDEProj.MEF\bin\Release\NonShipping\Microsoft.VisualStudio.Composition.Tests.dll" adapterTypeName="Microsoft.VisualStudio.TestTools.TestTypes.Unit.UnitTestAdapter" className="Microsoft.VisualStudio.Composition.Tests.ExportMetadataTests" name="V2" />
    </UnitTest>
    <UnitTest name="V3 composition (V1)" storage="f:\vnext1\b25bab26\vsideproj.mef\bin\release\nonshipping\microsoft.visualstudio.composition.tests.dll" id="332e0c8d-09de-4a79-b28a-fb72879192c7">
      <Execution id="641b58b2-50d2-47ac-b22d-f94bc8dcf364" />
      <TestMethod codeBase="f:\vnext1\b25bab26\VSIDEProj.MEF\bin\Release\NonShipping\Microsoft.VisualStudio.Composition.Tests.dll" adapterTypeName="Microsoft.VisualStudio.TestTools.TestTypes.Unit.UnitTestAdapter" className="Microsoft.VisualStudio.Composition.Tests.ExportingMembersTests" name="V3 composition (V1)" />
    </UnitTest>
    <UnitTest name="V3 engine (runtime)" storage="f:\vnext1\b25bab26\vsideproj.mef\bin\release\nonshipping\microsoft.visualstudio.composition.tests.dll" id="584483f1-45e7-4d19-9a01-e8b2ec8b31fe">
      <Execution id="1d7ed2fe-0888-42fc-8a35-b8f36533b85f" />
      <TestMethod codeBase="f:\vnext1\b25bab26\VSIDEProj.MEF\bin\Release\NonShipping\Microsoft.VisualStudio.Composition.Tests.dll" adapterTypeName="Microsoft.VisualStudio.TestTools.TestTypes.Unit.UnitTestAdapter" className="Microsoft.VisualStudio.Composition.Tests.OpenGenericExportTests" name="V3 engine (runtime)" />
    </UnitTest>
    <UnitTest name="V3 engine (runtime)" storage="f:\vnext1\b25bab26\vsideproj.mef\bin\release\nonshipping\microsoft.visualstudio.composition.tests.dll" id="f3505ac3-7d49-46d7-9d15-8da88ac2ab8b">
      <Execution id="ef126a8c-39a1-48e8-9042-b74a6053f665" />
      <TestMethod codeBase="f:\vnext1\b25bab26\VSIDEProj.MEF\bin\Release\NonShipping\Microsoft.VisualStudio.Composition.Tests.dll" adapterTypeName="Microsoft.VisualStudio.TestTools.TestTypes.Unit.UnitTestAdapter" className="Microsoft.VisualStudio.Composition.Tests.NonPublicImportsExportsTests" name="V3 engine (runtime)" />
    </UnitTest>
    <UnitTest name="V3 engine (runtime)" storage="f:\vnext1\b25bab26\vsideproj.mef\bin\release\nonshipping\microsoft.visualstudio.composition.tests.dll" id="8a121b6f-e99c-4d6f-a5a1-7d939521e391">
      <Execution id="2c185266-f49a-4acc-9ac2-f03efc1620ae" />
      <TestMethod codeBase="f:\vnext1\b25bab26\VSIDEProj.MEF\bin\Release\NonShipping\Microsoft.VisualStudio.Composition.Tests.dll" adapterTypeName="Microsoft.VisualStudio.TestTools.TestTypes.Unit.UnitTestAdapter" className="Microsoft.VisualStudio.Composition.Tests.CircularDependencyTests" name="V3 engine (runtime)" />
    </UnitTest>
    <UnitTest name="V1" storage="f:\vnext1\b25bab26\vsideproj.mef\bin\release\nonshipping\microsoft.visualstudio.composition.tests.dll" id="3bcded28-9e72-4f8c-9e4b-0162f19e7e8e">
      <Execution id="6fdd4d53-9714-413d-8b0a-80f0d5cf6cd5" />
      <TestMethod codeBase="f:\vnext1\b25bab26\VSIDEProj.MEF\bin\Release\NonShipping\Microsoft.VisualStudio.Composition.Tests.dll" adapterTypeName="Microsoft.VisualStudio.TestTools.TestTypes.Unit.UnitTestAdapter" className="Microsoft.VisualStudio.Composition.Tests.NonPublicImportsExportsTests" name="V1" />
    </UnitTest>
    <UnitTest name="V1" storage="f:\vnext1\b25bab26\vsideproj.mef\bin\release\nonshipping\microsoft.visualstudio.composition.tests.dll" id="e67664ae-1c55-43fc-8377-410690df1d13">
      <Execution id="fa44a8d4-d9da-4ddb-b70c-cdddc5cc6403" />
      <TestMethod codeBase="f:\vnext1\b25bab26\VSIDEProj.MEF\bin\Release\NonShipping\Microsoft.VisualStudio.Composition.Tests.dll" adapterTypeName="Microsoft.VisualStudio.TestTools.TestTypes.Unit.UnitTestAdapter" className="Microsoft.VisualStudio.Composition.Tests.OpenGenericExportTests" name="V1" />
    </UnitTest>
    <UnitTest name="V1" storage="f:\vnext1\b25bab26\vsideproj.mef\bin\release\nonshipping\microsoft.visualstudio.composition.tests.dll" id="3049ff1c-5043-44de-b813-a4537c2194dd">
      <Execution id="7256e21c-1e8d-4387-8ec7-df30e0fd9481" />
      <TestMethod codeBase="f:\vnext1\b25bab26\VSIDEProj.MEF\bin\Release\NonShipping\Microsoft.VisualStudio.Composition.Tests.dll" adapterTypeName="Microsoft.VisualStudio.TestTools.TestTypes.Unit.UnitTestAdapter" className="Microsoft.VisualStudio.Composition.Tests.CircularDependencyTests" name="V1" />
    </UnitTest>
    <UnitTest name="V3 composition (V1)" storage="f:\vnext1\b25bab26\vsideproj.mef\bin\release\nonshipping\microsoft.visualstudio.composition.tests.dll" id="6573f2de-e898-4abc-a470-d7d24f4dbdbe">
      <Execution id="d6b228dd-2162-4f41-bfdf-d13b19b6228e" />
      <TestMethod codeBase="f:\vnext1\b25bab26\VSIDEProj.MEF\bin\Release\NonShipping\Microsoft.VisualStudio.Composition.Tests.dll" adapterTypeName="Microsoft.VisualStudio.TestTools.TestTypes.Unit.UnitTestAdapter" className="Microsoft.VisualStudio.Composition.Tests.InvalidGraphTests" name="V3 composition (V1)" />
    </UnitTest>
    <UnitTest name="V3 composition (V1)" storage="f:\vnext1\b25bab26\vsideproj.mef\bin\release\nonshipping\microsoft.visualstudio.composition.tests.dll" id="6925ba78-daeb-4c22-b113-cd2eb67bbf13">
      <Execution id="c06b8cc0-46eb-46c3-8236-3560703dc19f" />
      <TestMethod codeBase="f:\vnext1\b25bab26\VSIDEProj.MEF\bin\Release\NonShipping\Microsoft.VisualStudio.Composition.Tests.dll" adapterTypeName="Microsoft.VisualStudio.TestTools.TestTypes.Unit.UnitTestAdapter" className="Microsoft.VisualStudio.Composition.Tests.ImportManyTests" name="V3 composition (V1)" />
    </UnitTest>
    <UnitTest name="V3 engine (runtime)" storage="f:\vnext1\b25bab26\vsideproj.mef\bin\release\nonshipping\microsoft.visualstudio.composition.tests.dll" id="640dc5c3-c4d9-4dfe-bd3b-5cf6a0ce0526">
      <Execution id="a8b01299-f3ec-49a0-a7b8-ce1f5b573e66" />
      <TestMethod codeBase="f:\vnext1\b25bab26\VSIDEProj.MEF\bin\Release\NonShipping\Microsoft.VisualStudio.Composition.Tests.dll" adapterTypeName="Microsoft.VisualStudio.TestTools.TestTypes.Unit.UnitTestAdapter" className="Microsoft.VisualStudio.Composition.Tests.ExportingMembersTests" name="V3 engine (runtime)" />
    </UnitTest>
    <UnitTest name="V1" storage="f:\vnext1\b25bab26\vsideproj.mef\bin\release\nonshipping\microsoft.visualstudio.composition.tests.dll" id="5d3ff8d8-95be-4ed5-bcf9-f80dcee0b388">
      <Execution id="ccbfc72e-d891-4af1-bc27-8d1451de0e12" />
      <TestMethod codeBase="f:\vnext1\b25bab26\VSIDEProj.MEF\bin\Release\NonShipping\Microsoft.VisualStudio.Composition.Tests.dll" adapterTypeName="Microsoft.VisualStudio.TestTools.TestTypes.Unit.UnitTestAdapter" className="Microsoft.VisualStudio.Composition.Tests.ExportingMembersTests" name="V1" />
    </UnitTest>
    <UnitTest name="V3 composition (V1, V2)" storage="f:\vnext1\b25bab26\vsideproj.mef\bin\release\nonshipping\microsoft.visualstudio.composition.tests.dll" id="3f867614-4988-41f6-ba25-257cc74bee71">
      <Execution id="527bef7b-8352-4f85-8234-022dfd0aa374" />
      <TestMethod codeBase="f:\vnext1\b25bab26\VSIDEProj.MEF\bin\Release\NonShipping\Microsoft.VisualStudio.Composition.Tests.dll" adapterTypeName="Microsoft.VisualStudio.TestTools.TestTypes.Unit.UnitTestAdapter" className="Microsoft.VisualStudio.Composition.Tests.MefV1ExportProviderAdapterTests" name="V3 composition (V1, V2)" />
    </UnitTest>
    <UnitTest name="V3 composition (V1, V2)" storage="f:\vnext1\b25bab26\vsideproj.mef\bin\release\nonshipping\microsoft.visualstudio.composition.tests.dll" id="49f92a59-8f48-4042-995f-68b1d924afd7">
      <Execution id="0e0df82a-113b-4597-a23f-b8bb638b9889" />
      <TestMethod codeBase="f:\vnext1\b25bab26\VSIDEProj.MEF\bin\Release\NonShipping\Microsoft.VisualStudio.Composition.Tests.dll" adapterTypeName="Microsoft.VisualStudio.TestTools.TestTypes.Unit.UnitTestAdapter" className="Microsoft.VisualStudio.Composition.Tests.ImportingConstructorTests" name="V3 composition (V1, V2)" />
    </UnitTest>
    <UnitTest name="V3 composition (V1)" storage="f:\vnext1\b25bab26\vsideproj.mef\bin\release\nonshipping\microsoft.visualstudio.composition.tests.dll" id="1790571f-5266-4ad1-bd33-e76d502f7688">
      <Execution id="aaa46dfe-824b-430b-bbdc-ae1520c2df6e" />
      <TestMethod codeBase="f:\vnext1\b25bab26\VSIDEProj.MEF\bin\Release\NonShipping\Microsoft.VisualStudio.Composition.Tests.dll" adapterTypeName="Microsoft.VisualStudio.TestTools.TestTypes.Unit.UnitTestAdapter" className="Microsoft.VisualStudio.Composition.Tests.NonPublicImportsExportsTests" name="V3 composition (V1)" />
    </UnitTest>
    <UnitTest name="V3 engine (runtime)" storage="f:\vnext1\b25bab26\vsideproj.mef\bin\release\nonshipping\microsoft.visualstudio.composition.tests.dll" id="d38b8eb3-0f05-4ed8-952b-1d7cfa880029">
      <Execution id="0ce36dc2-380e-470d-a858-35aa29259403" />
      <TestMethod codeBase="f:\vnext1\b25bab26\VSIDEProj.MEF\bin\Release\NonShipping\Microsoft.VisualStudio.Composition.Tests.dll" adapterTypeName="Microsoft.VisualStudio.TestTools.TestTypes.Unit.UnitTestAdapter" className="Microsoft.VisualStudio.Composition.Tests.InvalidGraphTests" name="V3 engine (runtime)" />
    </UnitTest>
    <UnitTest name="V1" storage="f:\vnext1\b25bab26\vsideproj.mef\bin\release\nonshipping\microsoft.visualstudio.composition.tests.dll" id="b9446f6b-61e6-4c66-a6cb-184bb9fb8eb6">
      <Execution id="4d5e7751-077b-4af0-a752-6e416ce8b9fd" />
      <TestMethod codeBase="f:\vnext1\b25bab26\VSIDEProj.MEF\bin\Release\NonShipping\Microsoft.VisualStudio.Composition.Tests.dll" adapterTypeName="Microsoft.VisualStudio.TestTools.TestTypes.Unit.UnitTestAdapter" className="Microsoft.VisualStudio.Composition.Tests.InvalidGraphTests" name="V1" />
    </UnitTest>
    <UnitTest name="V3 composition (V1)" storage="f:\vnext1\b25bab26\vsideproj.mef\bin\release\nonshipping\microsoft.visualstudio.composition.tests.dll" id="52f559f7-bb5d-4ecd-bb5d-16ac2b1703dc">
      <Execution id="2068a419-960d-4ca9-8cfe-3519a7641f8f" />
      <TestMethod codeBase="f:\vnext1\b25bab26\VSIDEProj.MEF\bin\Release\NonShipping\Microsoft.VisualStudio.Composition.Tests.dll" adapterTypeName="Microsoft.VisualStudio.TestTools.TestTypes.Unit.UnitTestAdapter" className="Microsoft.VisualStudio.Composition.Tests.CircularDependencyTests" name="V3 composition (V1)" />
    </UnitTest>
    <UnitTest name="V3 engine (runtime)" storage="f:\vnext1\b25bab26\vsideproj.mef\bin\release\nonshipping\microsoft.visualstudio.composition.tests.dll" id="69381013-213d-4084-b8f3-78c006024e11">
      <Execution id="c9fc8d47-6e59-4b9e-89c2-59a5b47e8ffc" />
      <TestMethod codeBase="f:\vnext1\b25bab26\VSIDEProj.MEF\bin\Release\NonShipping\Microsoft.VisualStudio.Composition.Tests.dll" adapterTypeName="Microsoft.VisualStudio.TestTools.TestTypes.Unit.UnitTestAdapter" className="Microsoft.VisualStudio.Composition.Tests.ImportManyTests" name="V3 engine (runtime)" />
    </UnitTest>
    <UnitTest name="V3 composition (V1, V2)" storage="f:\vnext1\b25bab26\vsideproj.mef\bin\release\nonshipping\microsoft.visualstudio.composition.tests.dll" id="0a17de1b-e9cc-47ab-a184-e39e0f26f862">
      <Execution id="177eae35-09bb-40b7-9539-ef1f570992bf" />
      <TestMethod codeBase="f:\vnext1\b25bab26\VSIDEProj.MEF\bin\Release\NonShipping\Microsoft.VisualStudio.Composition.Tests.dll" adapterTypeName="Microsoft.VisualStudio.TestTools.TestTypes.Unit.UnitTestAdapter" className="Microsoft.VisualStudio.Composition.Tests.ExportProviderTests" name="V3 composition (V1, V2)" />
    </UnitTest>
    <UnitTest name="V3 engine (runtime)" storage="f:\vnext1\b25bab26\vsideproj.mef\bin\release\nonshipping\microsoft.visualstudio.composition.tests.dll" id="b3535a94-4e2d-4bf8-9250-7fa0bc13b438">
      <Execution id="a3e9bd2f-b969-4342-af6f-66cf52b98227" />
      <TestMethod codeBase="f:\vnext1\b25bab26\VSIDEProj.MEF\bin\Release\NonShipping\Microsoft.VisualStudio.Composition.Tests.dll" adapterTypeName="Microsoft.VisualStudio.TestTools.TestTypes.Unit.UnitTestAdapter" className="Microsoft.VisualStudio.Composition.Tests.MefV1ExportProviderAdapterTests" name="V3 engine (runtime)" />
    </UnitTest>
    <UnitTest name="V3 composition (V1)" storage="f:\vnext1\b25bab26\vsideproj.mef\bin\release\nonshipping\microsoft.visualstudio.composition.tests.dll" id="bb13fd87-4a97-4800-8bed-4b32723e3561">
      <Execution id="0a8d23b7-1628-4c51-a1c3-7d5d24f4873e" />
      <TestMethod codeBase="f:\vnext1\b25bab26\VSIDEProj.MEF\bin\Release\NonShipping\Microsoft.VisualStudio.Composition.Tests.dll" adapterTypeName="Microsoft.VisualStudio.TestTools.TestTypes.Unit.UnitTestAdapter" className="Microsoft.VisualStudio.Composition.Tests.ExportingMembersTests" name="V3 composition (V1)" />
    </UnitTest>
    <UnitTest name="V3 engine (runtime)" storage="f:\vnext1\b25bab26\vsideproj.mef\bin\release\nonshipping\microsoft.visualstudio.composition.tests.dll" id="b017e5b9-d1e7-4a04-aeaf-f3eea633ad0a">
      <Execution id="e6cc8876-8616-4ea4-9332-46bd5a59f0aa" />
      <TestMethod codeBase="f:\vnext1\b25bab26\VSIDEProj.MEF\bin\Release\NonShipping\Microsoft.VisualStudio.Composition.Tests.dll" adapterTypeName="Microsoft.VisualStudio.TestTools.TestTypes.Unit.UnitTestAdapter" className="Microsoft.VisualStudio.Composition.Tests.NonPublicImportsExportsTests" name="V3 engine (runtime)" />
    </UnitTest>
    <UnitTest name="V3 composition (V1, V2)" storage="f:\vnext1\b25bab26\vsideproj.mef\bin\release\nonshipping\microsoft.visualstudio.composition.tests.dll" id="4ebcf85e-000f-4ed7-b1dc-d8c37f4fe6f0">
      <Execution id="b57c81f4-838b-46d9-ad86-a7d088fe3467" />
      <TestMethod codeBase="f:\vnext1\b25bab26\VSIDEProj.MEF\bin\Release\NonShipping\Microsoft.VisualStudio.Composition.Tests.dll" adapterTypeName="Microsoft.VisualStudio.TestTools.TestTypes.Unit.UnitTestAdapter" className="Microsoft.VisualStudio.Composition.Tests.ExportMetadataTests" name="V3 composition (V1, V2)" />
    </UnitTest>
    <UnitTest name="V1" storage="f:\vnext1\b25bab26\vsideproj.mef\bin\release\nonshipping\microsoft.visualstudio.composition.tests.dll" id="bb923325-0338-49af-999f-fff6180fe584">
      <Execution id="fb5f7447-5402-417b-bfda-67885601a7f9" />
      <TestMethod codeBase="f:\vnext1\b25bab26\VSIDEProj.MEF\bin\Release\NonShipping\Microsoft.VisualStudio.Composition.Tests.dll" adapterTypeName="Microsoft.VisualStudio.TestTools.TestTypes.Unit.UnitTestAdapter" className="Microsoft.VisualStudio.Composition.Tests.NonPublicImportsExportsTests" name="V1" />
    </UnitTest>
    <UnitTest name="V3 engine (runtime)" storage="f:\vnext1\b25bab26\vsideproj.mef\bin\release\nonshipping\microsoft.visualstudio.composition.tests.dll" id="86ef3d2f-5582-4c94-9d08-9109774c6edf">
      <Execution id="456be990-2890-492c-b5d2-d1c6db107532" />
      <TestMethod codeBase="f:\vnext1\b25bab26\VSIDEProj.MEF\bin\Release\NonShipping\Microsoft.VisualStudio.Composition.Tests.dll" adapterTypeName="Microsoft.VisualStudio.TestTools.TestTypes.Unit.UnitTestAdapter" className="Microsoft.VisualStudio.Composition.Tests.ImportingConstructorTests" name="V3 engine (runtime)" />
    </UnitTest>
    <UnitTest name="V3 engine (runtime)" storage="f:\vnext1\b25bab26\vsideproj.mef\bin\release\nonshipping\microsoft.visualstudio.composition.tests.dll" id="eaa17c7b-756d-4505-9f54-74782c9ed803">
      <Execution id="ea3356f8-4d80-4001-9729-5451e8ca9045" />
      <TestMethod codeBase="f:\vnext1\b25bab26\VSIDEProj.MEF\bin\Release\NonShipping\Microsoft.VisualStudio.Composition.Tests.dll" adapterTypeName="Microsoft.VisualStudio.TestTools.TestTypes.Unit.UnitTestAdapter" className="Microsoft.VisualStudio.Composition.Tests.CircularDependencyTests" name="V3 engine (runtime)" />
    </UnitTest>
    <UnitTest name="V2" storage="f:\vnext1\b25bab26\vsideproj.mef\bin\release\nonshipping\microsoft.visualstudio.composition.tests.dll" id="508426a0-cb53-4775-beff-fdc6a5e13f42">
      <Execution id="877c87a6-3c5f-4f5c-a08c-a98c751b308a" />
      <TestMethod codeBase="f:\vnext1\b25bab26\VSIDEProj.MEF\bin\Release\NonShipping\Microsoft.VisualStudio.Composition.Tests.dll" adapterTypeName="Microsoft.VisualStudio.TestTools.TestTypes.Unit.UnitTestAdapter" className="Microsoft.VisualStudio.Composition.Tests.CircularDependencyTests" name="V2" />
    </UnitTest>
    <UnitTest name="V3 composition (V1, V2)" storage="f:\vnext1\b25bab26\vsideproj.mef\bin\release\nonshipping\microsoft.visualstudio.composition.tests.dll" id="3799f6c9-b152-401f-9f3d-0e52d651dfda">
      <Execution id="198560c1-1428-4550-b884-a8b22aac41e7" />
      <TestMethod codeBase="f:\vnext1\b25bab26\VSIDEProj.MEF\bin\Release\NonShipping\Microsoft.VisualStudio.Composition.Tests.dll" adapterTypeName="Microsoft.VisualStudio.TestTools.TestTypes.Unit.UnitTestAdapter" className="Microsoft.VisualStudio.Composition.Tests.OpenGenericExportTests" name="V3 composition (V1, V2)" />
    </UnitTest>
    <UnitTest name="V3 engine (runtime)" storage="f:\vnext1\b25bab26\vsideproj.mef\bin\release\nonshipping\microsoft.visualstudio.composition.tests.dll" id="c39c1189-12bc-42a1-a084-e4f69fcd276b">
      <Execution id="67c7da55-97d5-4bd5-acc1-11469f344ebb" />
      <TestMethod codeBase="f:\vnext1\b25bab26\VSIDEProj.MEF\bin\Release\NonShipping\Microsoft.VisualStudio.Composition.Tests.dll" adapterTypeName="Microsoft.VisualStudio.TestTools.TestTypes.Unit.UnitTestAdapter" className="Microsoft.VisualStudio.Composition.Tests.ExportProviderTests" name="V3 engine (runtime)" />
    </UnitTest>
    <UnitTest name="V3 engine (runtime)" storage="f:\vnext1\b25bab26\vsideproj.mef\bin\release\nonshipping\microsoft.visualstudio.composition.tests.dll" id="16414653-5a4c-4406-b759-0465b7f5cafb">
      <Execution id="cd862ae1-4fe3-41ea-bd6b-3f5ccbac205a" />
      <TestMethod codeBase="f:\vnext1\b25bab26\VSIDEProj.MEF\bin\Release\NonShipping\Microsoft.VisualStudio.Composition.Tests.dll" adapterTypeName="Microsoft.VisualStudio.TestTools.TestTypes.Unit.UnitTestAdapter" className="Microsoft.VisualStudio.Composition.Tests.ExportingMembersTests" name="V3 engine (runtime)" />
    </UnitTest>
    <UnitTest name="V1" storage="f:\vnext1\b25bab26\vsideproj.mef\bin\release\nonshipping\microsoft.visualstudio.composition.tests.dll" id="fe113048-2b7c-455f-9617-72731e382c90">
      <Execution id="ce1a7f83-e18f-4064-807f-197b77d3c826" />
      <TestMethod codeBase="f:\vnext1\b25bab26\VSIDEProj.MEF\bin\Release\NonShipping\Microsoft.VisualStudio.Composition.Tests.dll" adapterTypeName="Microsoft.VisualStudio.TestTools.TestTypes.Unit.UnitTestAdapter" className="Microsoft.VisualStudio.Composition.Tests.ExportingMembersTests" name="V1" />
    </UnitTest>
    <UnitTest name="V2" storage="f:\vnext1\b25bab26\vsideproj.mef\bin\release\nonshipping\microsoft.visualstudio.composition.tests.dll" id="31d05655-4300-46c5-b96b-7adc2243aef0">
      <Execution id="77c4ac80-9b9d-43ec-906b-b5891e910d23" />
      <TestMethod codeBase="f:\vnext1\b25bab26\VSIDEProj.MEF\bin\Release\NonShipping\Microsoft.VisualStudio.Composition.Tests.dll" adapterTypeName="Microsoft.VisualStudio.TestTools.TestTypes.Unit.UnitTestAdapter" className="Microsoft.VisualStudio.Composition.Tests.ExportingMembersTests" name="V2" />
    </UnitTest>
    <UnitTest name="V3 engine (runtime)" storage="f:\vnext1\b25bab26\vsideproj.mef\bin\release\nonshipping\microsoft.visualstudio.composition.tests.dll" id="54456ca7-8b49-4087-9b6b-c75fd34b510f">
      <Execution id="464e4675-45da-4e22-9a0a-ddafa87b09ea" />
      <TestMethod codeBase="f:\vnext1\b25bab26\VSIDEProj.MEF\bin\Release\NonShipping\Microsoft.VisualStudio.Composition.Tests.dll" adapterTypeName="Microsoft.VisualStudio.TestTools.TestTypes.Unit.UnitTestAdapter" className="Microsoft.VisualStudio.Composition.Tests.ExportMetadataTests" name="V3 engine (runtime)" />
    </UnitTest>
    <UnitTest name="V3 engine (runtime)" storage="f:\vnext1\b25bab26\vsideproj.mef\bin\release\nonshipping\microsoft.visualstudio.composition.tests.dll" id="5ca087c4-b0e1-4a60-a100-5f1a30ec3ffb">
      <Execution id="04d7c983-f9b3-4fe0-a1b6-9c97c641151d" />
      <TestMethod codeBase="f:\vnext1\b25bab26\VSIDEProj.MEF\bin\Release\NonShipping\Microsoft.VisualStudio.Composition.Tests.dll" adapterTypeName="Microsoft.VisualStudio.TestTools.TestTypes.Unit.UnitTestAdapter" className="Microsoft.VisualStudio.Composition.Tests.ImportingConstructorTests" name="V3 engine (runtime)" />
    </UnitTest>
    <UnitTest name="V3 composition (V1)" storage="f:\vnext1\b25bab26\vsideproj.mef\bin\release\nonshipping\microsoft.visualstudio.composition.tests.dll" id="3f26c607-1317-4ae8-946a-09ac4db37969">
      <Execution id="e438e3f6-8899-43ff-a8f8-f6fcfa0cc3e5" />
      <TestMethod codeBase="f:\vnext1\b25bab26\VSIDEProj.MEF\bin\Release\NonShipping\Microsoft.VisualStudio.Composition.Tests.dll" adapterTypeName="Microsoft.VisualStudio.TestTools.TestTypes.Unit.UnitTestAdapter" className="Microsoft.VisualStudio.Composition.Tests.InvalidGraphTests" name="V3 composition (V1)" />
    </UnitTest>
    <UnitTest name="V3 composition (V1)" storage="f:\vnext1\b25bab26\vsideproj.mef\bin\release\nonshipping\microsoft.visualstudio.composition.tests.dll" id="c679c53d-bc03-4766-a61a-3589d962de8f">
      <Execution id="20c3fe73-2b1b-4f6b-b7a6-f0bbb1f648f3" />
      <TestMethod codeBase="f:\vnext1\b25bab26\VSIDEProj.MEF\bin\Release\NonShipping\Microsoft.VisualStudio.Composition.Tests.dll" adapterTypeName="Microsoft.VisualStudio.TestTools.TestTypes.Unit.UnitTestAdapter" className="Microsoft.VisualStudio.Composition.Tests.NonPublicImportsExportsTests" name="V3 composition (V1)" />
    </UnitTest>
    <UnitTest name="V3 engine (runtime)" storage="f:\vnext1\b25bab26\vsideproj.mef\bin\release\nonshipping\microsoft.visualstudio.composition.tests.dll" id="a3f2cd7e-5619-4182-8c1c-14ffd3c5b1f7">
      <Execution id="2922b2d4-b454-4407-93dc-0bfdced39e47" />
      <TestMethod codeBase="f:\vnext1\b25bab26\VSIDEProj.MEF\bin\Release\NonShipping\Microsoft.VisualStudio.Composition.Tests.dll" adapterTypeName="Microsoft.VisualStudio.TestTools.TestTypes.Unit.UnitTestAdapter" className="Microsoft.VisualStudio.Composition.Tests.OpenGenericExportTests" name="V3 engine (runtime)" />
    </UnitTest>
    <UnitTest name="V3 engine (runtime)" storage="f:\vnext1\b25bab26\vsideproj.mef\bin\release\nonshipping\microsoft.visualstudio.composition.tests.dll" id="b4998dd6-dd5d-4f66-95fd-8d5e7e22f634">
      <Execution id="4d57ebbc-50a1-4dab-976b-df7bcb5f50d2" />
      <TestMethod codeBase="f:\vnext1\b25bab26\VSIDEProj.MEF\bin\Release\NonShipping\Microsoft.VisualStudio.Composition.Tests.dll" adapterTypeName="Microsoft.VisualStudio.TestTools.TestTypes.Unit.UnitTestAdapter" className="Microsoft.VisualStudio.Composition.Tests.ExportProviderTests" name="V3 engine (runtime)" />
    </UnitTest>
    <UnitTest name="V3 composition (V1)" storage="f:\vnext1\b25bab26\vsideproj.mef\bin\release\nonshipping\microsoft.visualstudio.composition.tests.dll" id="d2d856d3-f073-470b-9129-e7f014c5b7fb">
      <Execution id="fe1b47ba-229f-495b-b6fb-ab25388cac94" />
      <TestMethod codeBase="f:\vnext1\b25bab26\VSIDEProj.MEF\bin\Release\NonShipping\Microsoft.VisualStudio.Composition.Tests.dll" adapterTypeName="Microsoft.VisualStudio.TestTools.TestTypes.Unit.UnitTestAdapter" className="Microsoft.VisualStudio.Composition.Tests.ImportManyTests" name="V3 composition (V1)" />
    </UnitTest>
    <UnitTest name="V3 engine (runtime)" storage="f:\vnext1\b25bab26\vsideproj.mef\bin\release\nonshipping\microsoft.visualstudio.composition.tests.dll" id="9724e141-7746-471b-a941-4b3000a5e96c">
      <Execution id="66f5af5c-db17-41da-9d15-0b2c9e4f9a54" />
      <TestMethod codeBase="f:\vnext1\b25bab26\VSIDEProj.MEF\bin\Release\NonShipping\Microsoft.VisualStudio.Composition.Tests.dll" adapterTypeName="Microsoft.VisualStudio.TestTools.TestTypes.Unit.UnitTestAdapter" className="Microsoft.VisualStudio.Composition.Tests.ExportMetadataTests" name="V3 engine (runtime)" />
    </UnitTest>
    <UnitTest name="V3 engine (runtime)" storage="f:\vnext1\b25bab26\vsideproj.mef\bin\release\nonshipping\microsoft.visualstudio.composition.tests.dll" id="d973ea2a-2401-46d9-9303-09ceddcbe523">
      <Execution id="518f1d6d-3f73-4951-850d-e7d54ebb675a" />
      <TestMethod codeBase="f:\vnext1\b25bab26\VSIDEProj.MEF\bin\Release\NonShipping\Microsoft.VisualStudio.Composition.Tests.dll" adapterTypeName="Microsoft.VisualStudio.TestTools.TestTypes.Unit.UnitTestAdapter" className="Microsoft.VisualStudio.Composition.Tests.InvalidGraphTests" name="V3 engine (runtime)" />
    </UnitTest>
    <UnitTest name="V3 engine (runtime)" storage="f:\vnext1\b25bab26\vsideproj.mef\bin\release\nonshipping\microsoft.visualstudio.composition.tests.dll" id="35acdc72-f7d7-468b-abad-ccbefd67f992">
      <Execution id="3d5a21e2-574a-4bc4-af63-3fe0b9abdb35" />
      <TestMethod codeBase="f:\vnext1\b25bab26\VSIDEProj.MEF\bin\Release\NonShipping\Microsoft.VisualStudio.Composition.Tests.dll" adapterTypeName="Microsoft.VisualStudio.TestTools.TestTypes.Unit.UnitTestAdapter" className="Microsoft.VisualStudio.Composition.Tests.OpenGenericExportTests" name="V3 engine (runtime)" />
    </UnitTest>
    <UnitTest name="V3 engine (runtime)" storage="f:\vnext1\b25bab26\vsideproj.mef\bin\release\nonshipping\microsoft.visualstudio.composition.tests.dll" id="c01cc872-aad8-4c66-adaa-07ad3a2bf222">
      <Execution id="dc8b9931-4d6b-45f4-a0fc-f8947bc8570f" />
      <TestMethod codeBase="f:\vnext1\b25bab26\VSIDEProj.MEF\bin\Release\NonShipping\Microsoft.VisualStudio.Composition.Tests.dll" adapterTypeName="Microsoft.VisualStudio.TestTools.TestTypes.Unit.UnitTestAdapter" className="Microsoft.VisualStudio.Composition.Tests.ThreadSafetyTests" name="V3 engine (runtime)" />
    </UnitTest>
    <UnitTest name="V1" storage="f:\vnext1\b25bab26\vsideproj.mef\bin\release\nonshipping\microsoft.visualstudio.composition.tests.dll" id="a9a3e7fd-c1c2-4137-876d-49ddbcd7b254">
      <Execution id="26ab4724-1e0f-4478-a54b-9bca32220744" />
      <TestMethod codeBase="f:\vnext1\b25bab26\VSIDEProj.MEF\bin\Release\NonShipping\Microsoft.VisualStudio.Composition.Tests.dll" adapterTypeName="Microsoft.VisualStudio.TestTools.TestTypes.Unit.UnitTestAdapter" className="Microsoft.VisualStudio.Composition.Tests.ImportingConstructorTests" name="V1" />
    </UnitTest>
    <UnitTest name="V1" storage="f:\vnext1\b25bab26\vsideproj.mef\bin\release\nonshipping\microsoft.visualstudio.composition.tests.dll" id="a4747573-54fa-4ce9-a2e1-70f363d756b7">
      <Execution id="5a5c3c94-ac45-49a1-bb8a-0db26513e278" />
      <TestMethod codeBase="f:\vnext1\b25bab26\VSIDEProj.MEF\bin\Release\NonShipping\Microsoft.VisualStudio.Composition.Tests.dll" adapterTypeName="Microsoft.VisualStudio.TestTools.TestTypes.Unit.UnitTestAdapter" className="Microsoft.VisualStudio.Composition.Tests.OpenGenericExportTests" name="V1" />
    </UnitTest>
    <UnitTest name="V1" storage="f:\vnext1\b25bab26\vsideproj.mef\bin\release\nonshipping\microsoft.visualstudio.composition.tests.dll" id="c8dece35-8433-4ffb-8fc5-164823ee4b13">
      <Execution id="cf86b02e-ca89-4328-b733-a3ca14e415c0" />
      <TestMethod codeBase="f:\vnext1\b25bab26\VSIDEProj.MEF\bin\Release\NonShipping\Microsoft.VisualStudio.Composition.Tests.dll" adapterTypeName="Microsoft.VisualStudio.TestTools.TestTypes.Unit.UnitTestAdapter" className="Microsoft.VisualStudio.Composition.Tests.ExportMetadataTests" name="V1" />
    </UnitTest>
    <UnitTest name="V1" storage="f:\vnext1\b25bab26\vsideproj.mef\bin\release\nonshipping\microsoft.visualstudio.composition.tests.dll" id="a9d3dda1-2048-4162-93c9-3e5840bb9f06">
      <Execution id="3f84eeee-108d-4634-815a-1fccff30fa10" />
      <TestMethod codeBase="f:\vnext1\b25bab26\VSIDEProj.MEF\bin\Release\NonShipping\Microsoft.VisualStudio.Composition.Tests.dll" adapterTypeName="Microsoft.VisualStudio.TestTools.TestTypes.Unit.UnitTestAdapter" className="Microsoft.VisualStudio.Composition.Tests.ExportProviderTests" name="V1" />
    </UnitTest>
    <UnitTest name="V2" storage="f:\vnext1\b25bab26\vsideproj.mef\bin\release\nonshipping\microsoft.visualstudio.composition.tests.dll" id="7d70b1d3-2dd5-4fb3-b4ab-26ff9514ee5f">
      <Execution id="4049fb17-a1e0-49ce-b67e-fb82fff1a6e2" />
      <TestMethod codeBase="f:\vnext1\b25bab26\VSIDEProj.MEF\bin\Release\NonShipping\Microsoft.VisualStudio.Composition.Tests.dll" adapterTypeName="Microsoft.VisualStudio.TestTools.TestTypes.Unit.UnitTestAdapter" className="Microsoft.VisualStudio.Composition.Tests.ImportingConstructorTests" name="V2" />
    </UnitTest>
    <UnitTest name="V3 composition (V2)" storage="f:\vnext1\b25bab26\vsideproj.mef\bin\release\nonshipping\microsoft.visualstudio.composition.tests.dll" id="9bcaf7ef-12cb-4c5d-9d97-378095dc7467">
      <Execution id="e55f2f3f-dcea-4877-9e7e-fff7bbdee0d7" />
      <TestMethod codeBase="f:\vnext1\b25bab26\VSIDEProj.MEF\bin\Release\NonShipping\Microsoft.VisualStudio.Composition.Tests.dll" adapterTypeName="Microsoft.VisualStudio.TestTools.TestTypes.Unit.UnitTestAdapter" className="Microsoft.VisualStudio.Composition.Tests.CircularDependencyTests" name="V3 composition (V2)" />
    </UnitTest>
    <UnitTest name="V3 engine (runtime)" storage="f:\vnext1\b25bab26\vsideproj.mef\bin\release\nonshipping\microsoft.visualstudio.composition.tests.dll" id="12ff5eb8-9ac1-4890-9e57-25027a83d1fd">
      <Execution id="589b99c1-fa1b-44f6-8e59-4bc5f4286f11" />
      <TestMethod codeBase="f:\vnext1\b25bab26\VSIDEProj.MEF\bin\Release\NonShipping\Microsoft.VisualStudio.Composition.Tests.dll" adapterTypeName="Microsoft.VisualStudio.TestTools.TestTypes.Unit.UnitTestAdapter" className="Microsoft.VisualStudio.Composition.Tests.NonPublicImportsExportsTests" name="V3 engine (runtime)" />
    </UnitTest>
    <UnitTest name="V2" storage="f:\vnext1\b25bab26\vsideproj.mef\bin\release\nonshipping\microsoft.visualstudio.composition.tests.dll" id="128120c6-39ef-4d59-b62c-3516c00d601a">
      <Execution id="a284bc37-cfaa-4028-923f-100f640d55ad" />
      <TestMethod codeBase="f:\vnext1\b25bab26\VSIDEProj.MEF\bin\Release\NonShipping\Microsoft.VisualStudio.Composition.Tests.dll" adapterTypeName="Microsoft.VisualStudio.TestTools.TestTypes.Unit.UnitTestAdapter" className="Microsoft.VisualStudio.Composition.Tests.ExportMetadataTests" name="V2" />
    </UnitTest>
    <UnitTest name="V3 composition (V1, V2)" storage="f:\vnext1\b25bab26\vsideproj.mef\bin\release\nonshipping\microsoft.visualstudio.composition.tests.dll" id="5ba74623-e6fc-4573-91ea-d46e2e7ae6b2">
      <Execution id="2d5f3817-e9be-42c5-aaff-af6f9a1c1350" />
      <TestMethod codeBase="f:\vnext1\b25bab26\VSIDEProj.MEF\bin\Release\NonShipping\Microsoft.VisualStudio.Composition.Tests.dll" adapterTypeName="Microsoft.VisualStudio.TestTools.TestTypes.Unit.UnitTestAdapter" className="Microsoft.VisualStudio.Composition.Tests.MefV1ExportProviderAdapterTests" name="V3 composition (V1, V2)" />
    </UnitTest>
    <UnitTest name="V1" storage="f:\vnext1\b25bab26\vsideproj.mef\bin\release\nonshipping\microsoft.visualstudio.composition.tests.dll" id="11e745a2-5820-4614-908e-926fb2c3efb4">
      <Execution id="06d9f44b-24ba-49ce-b1d5-a5153922a2ee" />
      <TestMethod codeBase="f:\vnext1\b25bab26\VSIDEProj.MEF\bin\Release\NonShipping\Microsoft.VisualStudio.Composition.Tests.dll" adapterTypeName="Microsoft.VisualStudio.TestTools.TestTypes.Unit.UnitTestAdapter" className="Microsoft.VisualStudio.Composition.Tests.NonPublicImportsExportsTests" name="V1" />
    </UnitTest>
    <UnitTest name="ComposableAssembliesLazyLoadedWithGenericTypeArg" storage="f:\vnext1\b25bab26\vsideproj.mef\bin\release\nonshipping\microsoft.visualstudio.composition.tests.dll" id="c1ee2209-2a84-4c84-82a9-7af070a7861c">
      <Execution id="cae5e160-fea7-42ad-959c-20bf64cb4e49" />
      <TestMethod codeBase="f:\vnext1\b25bab26\VSIDEProj.MEF\bin\Release\NonShipping\Microsoft.VisualStudio.Composition.Tests.dll" adapterTypeName="Microsoft.VisualStudio.TestTools.TestTypes.Unit.UnitTestAdapter" className="Microsoft.VisualStudio.Composition.Tests.AssembliesLazyLoadedDataFileCacheTests" name="ComposableAssembliesLazyLoadedWithGenericTypeArg" />
    </UnitTest>
    <UnitTest name="V3 engine (runtime)" storage="f:\vnext1\b25bab26\vsideproj.mef\bin\release\nonshipping\microsoft.visualstudio.composition.tests.dll" id="e027f65e-b088-4535-9802-b6029c72a836">
      <Execution id="c52d48af-8d23-49da-acb9-db55a18b42e0" />
      <TestMethod codeBase="f:\vnext1\b25bab26\VSIDEProj.MEF\bin\Release\NonShipping\Microsoft.VisualStudio.Composition.Tests.dll" adapterTypeName="Microsoft.VisualStudio.TestTools.TestTypes.Unit.UnitTestAdapter" className="Microsoft.VisualStudio.Composition.Tests.ImportManyTests" name="V3 engine (runtime)" />
    </UnitTest>
    <UnitTest name="V3 engine (runtime)" storage="f:\vnext1\b25bab26\vsideproj.mef\bin\release\nonshipping\microsoft.visualstudio.composition.tests.dll" id="2efc0eba-59aa-4892-8b8d-928f31cba257">
      <Execution id="fd51e02f-6634-4c5b-98ad-9125f4d76897" />
      <TestMethod codeBase="f:\vnext1\b25bab26\VSIDEProj.MEF\bin\Release\NonShipping\Microsoft.VisualStudio.Composition.Tests.dll" adapterTypeName="Microsoft.VisualStudio.TestTools.TestTypes.Unit.UnitTestAdapter" className="Microsoft.VisualStudio.Composition.Tests.CircularDependencyTests" name="V3 engine (runtime)" />
    </UnitTest>
    <UnitTest name="V3 composition (V1)" storage="f:\vnext1\b25bab26\vsideproj.mef\bin\release\nonshipping\microsoft.visualstudio.composition.tests.dll" id="0fd552ff-d23f-4e34-98a2-137049f8e5a3">
      <Execution id="1f4df46d-9a5e-4798-a469-b1320d1a0e21" />
      <TestMethod codeBase="f:\vnext1\b25bab26\VSIDEProj.MEF\bin\Release\NonShipping\Microsoft.VisualStudio.Composition.Tests.dll" adapterTypeName="Microsoft.VisualStudio.TestTools.TestTypes.Unit.UnitTestAdapter" className="Microsoft.VisualStudio.Composition.Tests.OpenGenericExportTests" name="V3 composition (V1)" />
    </UnitTest>
    <UnitTest name="V3 engine (runtime)" storage="f:\vnext1\b25bab26\vsideproj.mef\bin\release\nonshipping\microsoft.visualstudio.composition.tests.dll" id="2c1bbbd7-abe4-44d0-80c5-e9bd281d85cd">
      <Execution id="5703c24d-e91e-4d4b-b737-3129dfdded61" />
      <TestMethod codeBase="f:\vnext1\b25bab26\VSIDEProj.MEF\bin\Release\NonShipping\Microsoft.VisualStudio.Composition.Tests.dll" adapterTypeName="Microsoft.VisualStudio.TestTools.TestTypes.Unit.UnitTestAdapter" className="Microsoft.VisualStudio.Composition.Tests.MefV1ExportProviderAdapterTests" name="V3 engine (runtime)" />
    </UnitTest>
    <UnitTest name="V1" storage="f:\vnext1\b25bab26\vsideproj.mef\bin\release\nonshipping\microsoft.visualstudio.composition.tests.dll" id="d460106c-d491-4c12-bcff-e018d90d7815">
      <Execution id="2bd4d208-f00d-483f-8f33-eb188b360591" />
      <TestMethod codeBase="f:\vnext1\b25bab26\VSIDEProj.MEF\bin\Release\NonShipping\Microsoft.VisualStudio.Composition.Tests.dll" adapterTypeName="Microsoft.VisualStudio.TestTools.TestTypes.Unit.UnitTestAdapter" className="Microsoft.VisualStudio.Composition.Tests.OpenGenericExportTests" name="V1" />
    </UnitTest>
    <UnitTest name="V3 composition (V1, V2)" storage="f:\vnext1\b25bab26\vsideproj.mef\bin\release\nonshipping\microsoft.visualstudio.composition.tests.dll" id="87aff278-4dad-4879-a3bc-833fb4f51944">
      <Execution id="0220a2ae-f7f4-4ff1-a6ca-b79983e965d3" />
      <TestMethod codeBase="f:\vnext1\b25bab26\VSIDEProj.MEF\bin\Release\NonShipping\Microsoft.VisualStudio.Composition.Tests.dll" adapterTypeName="Microsoft.VisualStudio.TestTools.TestTypes.Unit.UnitTestAdapter" className="Microsoft.VisualStudio.Composition.Tests.ExportingMembersTests" name="V3 composition (V1, V2)" />
    </UnitTest>
    <UnitTest name="V3 composition (V1)" storage="f:\vnext1\b25bab26\vsideproj.mef\bin\release\nonshipping\microsoft.visualstudio.composition.tests.dll" id="15bc1e27-ec7a-48d8-b4d9-0fa2e7bbd4de">
      <Execution id="67cb6819-b0f0-49d3-b488-a764602b8fe8" />
      <TestMethod codeBase="f:\vnext1\b25bab26\VSIDEProj.MEF\bin\Release\NonShipping\Microsoft.VisualStudio.Composition.Tests.dll" adapterTypeName="Microsoft.VisualStudio.TestTools.TestTypes.Unit.UnitTestAdapter" className="Microsoft.VisualStudio.Composition.Tests.ExportProviderTests" name="V3 composition (V1)" />
    </UnitTest>
    <UnitTest name="V3 composition (V1)" storage="f:\vnext1\b25bab26\vsideproj.mef\bin\release\nonshipping\microsoft.visualstudio.composition.tests.dll" id="3b6daaa5-290b-4ac0-80c4-6f2fc490552c">
      <Execution id="1fa41eb7-2878-4a7a-8ea4-724a2b214161" />
      <TestMethod codeBase="f:\vnext1\b25bab26\VSIDEProj.MEF\bin\Release\NonShipping\Microsoft.VisualStudio.Composition.Tests.dll" adapterTypeName="Microsoft.VisualStudio.TestTools.TestTypes.Unit.UnitTestAdapter" className="Microsoft.VisualStudio.Composition.Tests.NonPublicImportsExportsTests" name="V3 composition (V1)" />
    </UnitTest>
    <UnitTest name="V3 engine (runtime)" storage="f:\vnext1\b25bab26\vsideproj.mef\bin\release\nonshipping\microsoft.visualstudio.composition.tests.dll" id="1e66f76c-faa6-4713-ba07-4ae52940da27">
      <Execution id="fcd0836e-48a7-4109-9547-04b3dc134674" />
      <TestMethod codeBase="f:\vnext1\b25bab26\VSIDEProj.MEF\bin\Release\NonShipping\Microsoft.VisualStudio.Composition.Tests.dll" adapterTypeName="Microsoft.VisualStudio.TestTools.TestTypes.Unit.UnitTestAdapter" className="Microsoft.VisualStudio.Composition.Tests.ExportingMembersTests" name="V3 engine (runtime)" />
    </UnitTest>
    <UnitTest name="V3 composition (V1, V2)" storage="f:\vnext1\b25bab26\vsideproj.mef\bin\release\nonshipping\microsoft.visualstudio.composition.tests.dll" id="600eea3b-4a60-455d-9e24-9970ade3b98c">
      <Execution id="2dd5afdc-294d-45fe-9099-4c898c3e7b12" />
      <TestMethod codeBase="f:\vnext1\b25bab26\VSIDEProj.MEF\bin\Release\NonShipping\Microsoft.VisualStudio.Composition.Tests.dll" adapterTypeName="Microsoft.VisualStudio.TestTools.TestTypes.Unit.UnitTestAdapter" className="Microsoft.VisualStudio.Composition.Tests.ImportingConstructorTests" name="V3 composition (V1, V2)" />
    </UnitTest>
    <UnitTest name="V1" storage="f:\vnext1\b25bab26\vsideproj.mef\bin\release\nonshipping\microsoft.visualstudio.composition.tests.dll" id="5c2f8613-f4ee-4b46-b31a-289819de65c3">
      <Execution id="78d5504f-c7d0-42be-a601-1d2cce77071f" />
      <TestMethod codeBase="f:\vnext1\b25bab26\VSIDEProj.MEF\bin\Release\NonShipping\Microsoft.VisualStudio.Composition.Tests.dll" adapterTypeName="Microsoft.VisualStudio.TestTools.TestTypes.Unit.UnitTestAdapter" className="Microsoft.VisualStudio.Composition.Tests.EditorHostTests" name="V1" />
    </UnitTest>
    <UnitTest name="V3 engine (runtime)" storage="f:\vnext1\b25bab26\vsideproj.mef\bin\release\nonshipping\microsoft.visualstudio.composition.tests.dll" id="b1a3cc8c-f3ea-4bde-9eb1-53946b040ded">
      <Execution id="99adb0e0-2a41-4384-b932-fa8e4f1bd583" />
      <TestMethod codeBase="f:\vnext1\b25bab26\VSIDEProj.MEF\bin\Release\NonShipping\Microsoft.VisualStudio.Composition.Tests.dll" adapterTypeName="Microsoft.VisualStudio.TestTools.TestTypes.Unit.UnitTestAdapter" className="Microsoft.VisualStudio.Composition.Tests.ExportProviderTests" name="V3 engine (runtime)" />
    </UnitTest>
    <UnitTest name="V1" storage="f:\vnext1\b25bab26\vsideproj.mef\bin\release\nonshipping\microsoft.visualstudio.composition.tests.dll" id="3d50928b-c4ef-48f7-a9d2-cd23de27d4c4">
      <Execution id="d4267116-d041-4438-bb0b-c501bd71c4a9" />
      <TestMethod codeBase="f:\vnext1\b25bab26\VSIDEProj.MEF\bin\Release\NonShipping\Microsoft.VisualStudio.Composition.Tests.dll" adapterTypeName="Microsoft.VisualStudio.TestTools.TestTypes.Unit.UnitTestAdapter" className="Microsoft.VisualStudio.Composition.Tests.ExportProviderTests" name="V1" />
    </UnitTest>
    <UnitTest name="V3 engine (runtime)" storage="f:\vnext1\b25bab26\vsideproj.mef\bin\release\nonshipping\microsoft.visualstudio.composition.tests.dll" id="20433303-819d-4341-a426-50b4854a2ae8">
      <Execution id="9dfc8272-e183-4a1d-bce7-0a2d6e336151" />
      <TestMethod codeBase="f:\vnext1\b25bab26\VSIDEProj.MEF\bin\Release\NonShipping\Microsoft.VisualStudio.Composition.Tests.dll" adapterTypeName="Microsoft.VisualStudio.TestTools.TestTypes.Unit.UnitTestAdapter" className="Microsoft.VisualStudio.Composition.Tests.ExportingMembersTests" name="V3 engine (runtime)" />
    </UnitTest>
    <UnitTest name="V2" storage="f:\vnext1\b25bab26\vsideproj.mef\bin\release\nonshipping\microsoft.visualstudio.composition.tests.dll" id="8e22fa3b-d39d-4d3d-9098-4bcac55912e7">
      <Execution id="4bee0b97-396c-46a2-a8fd-9e43ba1831ea" />
      <TestMethod codeBase="f:\vnext1\b25bab26\VSIDEProj.MEF\bin\Release\NonShipping\Microsoft.VisualStudio.Composition.Tests.dll" adapterTypeName="Microsoft.VisualStudio.TestTools.TestTypes.Unit.UnitTestAdapter" className="Microsoft.VisualStudio.Composition.Tests.ExportProviderTests" name="V2" />
    </UnitTest>
    <UnitTest name="V3 engine (runtime)" storage="f:\vnext1\b25bab26\vsideproj.mef\bin\release\nonshipping\microsoft.visualstudio.composition.tests.dll" id="b86412e4-53ce-42d7-bd49-0bbbf0d5f40e">
      <Execution id="cc1bf178-0c00-4399-a173-2fe1da641896" />
      <TestMethod codeBase="f:\vnext1\b25bab26\VSIDEProj.MEF\bin\Release\NonShipping\Microsoft.VisualStudio.Composition.Tests.dll" adapterTypeName="Microsoft.VisualStudio.TestTools.TestTypes.Unit.UnitTestAdapter" className="Microsoft.VisualStudio.Composition.Tests.ImportingConstructorTests" name="V3 engine (runtime)" />
    </UnitTest>
    <UnitTest name="V3 engine (runtime)" storage="f:\vnext1\b25bab26\vsideproj.mef\bin\release\nonshipping\microsoft.visualstudio.composition.tests.dll" id="52393e0d-d46f-4a15-aa44-885cc6b8264b">
      <Execution id="cc726f73-9320-4599-9e1a-6145fd5e60d9" />
      <TestMethod codeBase="f:\vnext1\b25bab26\VSIDEProj.MEF\bin\Release\NonShipping\Microsoft.VisualStudio.Composition.Tests.dll" adapterTypeName="Microsoft.VisualStudio.TestTools.TestTypes.Unit.UnitTestAdapter" className="Microsoft.VisualStudio.Composition.Tests.NonPublicImportsExportsTests" name="V3 engine (runtime)" />
    </UnitTest>
    <UnitTest name="V3 composition (V1, V2)" storage="f:\vnext1\b25bab26\vsideproj.mef\bin\release\nonshipping\microsoft.visualstudio.composition.tests.dll" id="df549f11-a508-4ea8-b2e5-cf07e94c3542">
      <Execution id="e84c3ad2-85c1-4829-b104-40baf4264a1f" />
      <TestMethod codeBase="f:\vnext1\b25bab26\VSIDEProj.MEF\bin\Release\NonShipping\Microsoft.VisualStudio.Composition.Tests.dll" adapterTypeName="Microsoft.VisualStudio.TestTools.TestTypes.Unit.UnitTestAdapter" className="Microsoft.VisualStudio.Composition.Tests.ExportMetadataTests" name="V3 composition (V1, V2)" />
    </UnitTest>
    <UnitTest name="V3 composition (V1, V2)" storage="f:\vnext1\b25bab26\vsideproj.mef\bin\release\nonshipping\microsoft.visualstudio.composition.tests.dll" id="58efc2a2-20f2-464b-9945-bb8d24e97bcd">
      <Execution id="89d6995d-ea7b-4213-8e18-afa9eb763ba2" />
      <TestMethod codeBase="f:\vnext1\b25bab26\VSIDEProj.MEF\bin\Release\NonShipping\Microsoft.VisualStudio.Composition.Tests.dll" adapterTypeName="Microsoft.VisualStudio.TestTools.TestTypes.Unit.UnitTestAdapter" className="Microsoft.VisualStudio.Composition.Tests.OpenGenericExportTests" name="V3 composition (V1, V2)" />
    </UnitTest>
    <UnitTest name="V1" storage="f:\vnext1\b25bab26\vsideproj.mef\bin\release\nonshipping\microsoft.visualstudio.composition.tests.dll" id="0ffae8c4-e1ab-4468-8a1e-6e6f447c3e0d">
      <Execution id="9f42f37f-1087-46ec-afec-ece7fed13537" />
      <TestMethod codeBase="f:\vnext1\b25bab26\VSIDEProj.MEF\bin\Release\NonShipping\Microsoft.VisualStudio.Composition.Tests.dll" adapterTypeName="Microsoft.VisualStudio.TestTools.TestTypes.Unit.UnitTestAdapter" className="Microsoft.VisualStudio.Composition.Tests.NonPublicImportsExportsTests" name="V1" />
    </UnitTest>
    <UnitTest name="V3 engine (runtime)" storage="f:\vnext1\b25bab26\vsideproj.mef\bin\release\nonshipping\microsoft.visualstudio.composition.tests.dll" id="4a38679a-4533-49a6-982a-d1037e6545c1">
      <Execution id="ffc350a1-cdf3-4f6b-9a42-5ad1d9ae7d38" />
      <TestMethod codeBase="f:\vnext1\b25bab26\VSIDEProj.MEF\bin\Release\NonShipping\Microsoft.VisualStudio.Composition.Tests.dll" adapterTypeName="Microsoft.VisualStudio.TestTools.TestTypes.Unit.UnitTestAdapter" className="Microsoft.VisualStudio.Composition.Tests.ImportingConstructorTests" name="V3 engine (runtime)" />
    </UnitTest>
    <UnitTest name="V1" storage="f:\vnext1\b25bab26\vsideproj.mef\bin\release\nonshipping\microsoft.visualstudio.composition.tests.dll" id="810a2134-8b81-4464-9ae6-3b5c3d2e112b">
      <Execution id="f3a03ff6-83a6-4f7b-8926-d643d9865955" />
      <TestMethod codeBase="f:\vnext1\b25bab26\VSIDEProj.MEF\bin\Release\NonShipping\Microsoft.VisualStudio.Composition.Tests.dll" adapterTypeName="Microsoft.VisualStudio.TestTools.TestTypes.Unit.UnitTestAdapter" className="Microsoft.VisualStudio.Composition.Tests.ImportingConstructorTests" name="V1" />
    </UnitTest>
    <UnitTest name="V3 engine (runtime)" storage="f:\vnext1\b25bab26\vsideproj.mef\bin\release\nonshipping\microsoft.visualstudio.composition.tests.dll" id="1a8fda24-34d4-455a-b7e4-9e223022540e">
      <Execution id="ca919bea-5ab6-44da-a727-506ea3eda763" />
      <TestMethod codeBase="f:\vnext1\b25bab26\VSIDEProj.MEF\bin\Release\NonShipping\Microsoft.VisualStudio.Composition.Tests.dll" adapterTypeName="Microsoft.VisualStudio.TestTools.TestTypes.Unit.UnitTestAdapter" className="Microsoft.VisualStudio.Composition.Tests.OpenGenericExportTests" name="V3 engine (runtime)" />
    </UnitTest>
    <UnitTest name="V3 engine (runtime)" storage="f:\vnext1\b25bab26\vsideproj.mef\bin\release\nonshipping\microsoft.visualstudio.composition.tests.dll" id="9ae68a98-5f2a-41e5-9aae-26025ace2073">
      <Execution id="b0905a80-672c-4930-bc98-e75f0425f630" />
      <TestMethod codeBase="f:\vnext1\b25bab26\VSIDEProj.MEF\bin\Release\NonShipping\Microsoft.VisualStudio.Composition.Tests.dll" adapterTypeName="Microsoft.VisualStudio.TestTools.TestTypes.Unit.UnitTestAdapter" className="Microsoft.VisualStudio.Composition.Tests.ExportMetadataTests" name="V3 engine (runtime)" />
    </UnitTest>
    <UnitTest name="V1" storage="f:\vnext1\b25bab26\vsideproj.mef\bin\release\nonshipping\microsoft.visualstudio.composition.tests.dll" id="ab062985-0dd7-4cb5-aab4-b7ef41f26f60">
      <Execution id="8a4bb471-a256-4125-a838-9c10c4f71c26" />
      <TestMethod codeBase="f:\vnext1\b25bab26\VSIDEProj.MEF\bin\Release\NonShipping\Microsoft.VisualStudio.Composition.Tests.dll" adapterTypeName="Microsoft.VisualStudio.TestTools.TestTypes.Unit.UnitTestAdapter" className="Microsoft.VisualStudio.Composition.Tests.OpenGenericExportTests" name="V1" />
    </UnitTest>
    <UnitTest name="V2" storage="f:\vnext1\b25bab26\vsideproj.mef\bin\release\nonshipping\microsoft.visualstudio.composition.tests.dll" id="e86c7b5f-7533-44be-956a-ef3a66ec0f64">
      <Execution id="03b7a2fc-56a1-47b4-a8ce-9374efe101f0" />
      <TestMethod codeBase="f:\vnext1\b25bab26\VSIDEProj.MEF\bin\Release\NonShipping\Microsoft.VisualStudio.Composition.Tests.dll" adapterTypeName="Microsoft.VisualStudio.TestTools.TestTypes.Unit.UnitTestAdapter" className="Microsoft.VisualStudio.Composition.Tests.OpenGenericExportTests" name="V2" />
    </UnitTest>
    <UnitTest name="V3 engine (runtime)" storage="f:\vnext1\b25bab26\vsideproj.mef\bin\release\nonshipping\microsoft.visualstudio.composition.tests.dll" id="172ae4a2-a0b3-41fc-8ee2-c117724fb138">
      <Execution id="48748447-32e7-4142-b437-635480ff3b9f" />
      <TestMethod codeBase="f:\vnext1\b25bab26\VSIDEProj.MEF\bin\Release\NonShipping\Microsoft.VisualStudio.Composition.Tests.dll" adapterTypeName="Microsoft.VisualStudio.TestTools.TestTypes.Unit.UnitTestAdapter" className="Microsoft.VisualStudio.Composition.Tests.ExportMetadataTests" name="V3 engine (runtime)" />
    </UnitTest>
    <UnitTest name="V1" storage="f:\vnext1\b25bab26\vsideproj.mef\bin\release\nonshipping\microsoft.visualstudio.composition.tests.dll" id="0ad4bd37-e5d5-4ae1-94de-c18702dedcd1">
      <Execution id="57d65a91-077d-4735-84f1-9589f3fe887b" />
      <TestMethod codeBase="f:\vnext1\b25bab26\VSIDEProj.MEF\bin\Release\NonShipping\Microsoft.VisualStudio.Composition.Tests.dll" adapterTypeName="Microsoft.VisualStudio.TestTools.TestTypes.Unit.UnitTestAdapter" className="Microsoft.VisualStudio.Composition.Tests.ExportMetadataTests" name="V1" />
    </UnitTest>
    <UnitTest name="V3 composition (V1)" storage="f:\vnext1\b25bab26\vsideproj.mef\bin\release\nonshipping\microsoft.visualstudio.composition.tests.dll" id="8e4878b8-edce-4205-8a96-fa66c8239fcf">
      <Execution id="e7a8e94b-16dd-49e3-aeb8-3254e22be1c0" />
      <TestMethod codeBase="f:\vnext1\b25bab26\VSIDEProj.MEF\bin\Release\NonShipping\Microsoft.VisualStudio.Composition.Tests.dll" adapterTypeName="Microsoft.VisualStudio.TestTools.TestTypes.Unit.UnitTestAdapter" className="Microsoft.VisualStudio.Composition.Tests.NonPublicImportsExportsTests" name="V3 composition (V1)" />
    </UnitTest>
    <UnitTest name="V3 composition (V1)" storage="f:\vnext1\b25bab26\vsideproj.mef\bin\release\nonshipping\microsoft.visualstudio.composition.tests.dll" id="5f97c57c-3cdd-44f2-8297-ceb97c33ff35">
      <Execution id="f4343c71-2112-4239-bce1-a089fa2c5443" />
      <TestMethod codeBase="f:\vnext1\b25bab26\VSIDEProj.MEF\bin\Release\NonShipping\Microsoft.VisualStudio.Composition.Tests.dll" adapterTypeName="Microsoft.VisualStudio.TestTools.TestTypes.Unit.UnitTestAdapter" className="Microsoft.VisualStudio.Composition.Tests.ExportMetadataTests" name="V3 composition (V1)" />
    </UnitTest>
    <UnitTest name="V3 composition (V1, V2)" storage="f:\vnext1\b25bab26\vsideproj.mef\bin\release\nonshipping\microsoft.visualstudio.composition.tests.dll" id="542096df-3932-4350-9416-ff852fafa73a">
      <Execution id="8a43ce38-6163-4535-839d-63afbe3fdf85" />
      <TestMethod codeBase="f:\vnext1\b25bab26\VSIDEProj.MEF\bin\Release\NonShipping\Microsoft.VisualStudio.Composition.Tests.dll" adapterTypeName="Microsoft.VisualStudio.TestTools.TestTypes.Unit.UnitTestAdapter" className="Microsoft.VisualStudio.Composition.Tests.ImportingConstructorTests" name="V3 composition (V1, V2)" />
    </UnitTest>
    <UnitTest name="V3 composition (V1, V2)" storage="f:\vnext1\b25bab26\vsideproj.mef\bin\release\nonshipping\microsoft.visualstudio.composition.tests.dll" id="10f043d0-0ee9-4ccc-b880-8891c2e46d99">
      <Execution id="02ce325a-6403-4a20-bb3a-f214f09e2d3e" />
      <TestMethod codeBase="f:\vnext1\b25bab26\VSIDEProj.MEF\bin\Release\NonShipping\Microsoft.VisualStudio.Composition.Tests.dll" adapterTypeName="Microsoft.VisualStudio.TestTools.TestTypes.Unit.UnitTestAdapter" className="Microsoft.VisualStudio.Composition.Tests.ExportProviderTests" name="V3 composition (V1, V2)" />
    </UnitTest>
    <UnitTest name="V3 engine (runtime)" storage="f:\vnext1\b25bab26\vsideproj.mef\bin\release\nonshipping\microsoft.visualstudio.composition.tests.dll" id="1b71005f-4166-4f31-a7ee-0c5942ea5daa">
      <Execution id="46d1af49-2a64-456b-94d5-ef5eef763de1" />
      <TestMethod codeBase="f:\vnext1\b25bab26\VSIDEProj.MEF\bin\Release\NonShipping\Microsoft.VisualStudio.Composition.Tests.dll" adapterTypeName="Microsoft.VisualStudio.TestTools.TestTypes.Unit.UnitTestAdapter" className="Microsoft.VisualStudio.Composition.Tests.NonPublicImportsExportsTests" name="V3 engine (runtime)" />
    </UnitTest>
    <UnitTest name="V3 engine (runtime)" storage="f:\vnext1\b25bab26\vsideproj.mef\bin\release\nonshipping\microsoft.visualstudio.composition.tests.dll" id="bedd46d0-20dd-4444-8ce7-50d45c63c166">
      <Execution id="9876463c-d294-4637-9731-234eb42568fc" />
      <TestMethod codeBase="f:\vnext1\b25bab26\VSIDEProj.MEF\bin\Release\NonShipping\Microsoft.VisualStudio.Composition.Tests.dll" adapterTypeName="Microsoft.VisualStudio.TestTools.TestTypes.Unit.UnitTestAdapter" className="Microsoft.VisualStudio.Composition.Tests.ImportingConstructorTests" name="V3 engine (runtime)" />
    </UnitTest>
    <UnitTest name="V3 engine (runtime)" storage="f:\vnext1\b25bab26\vsideproj.mef\bin\release\nonshipping\microsoft.visualstudio.composition.tests.dll" id="c5156db8-cf7a-496f-9a89-add88528cf6e">
      <Execution id="227610d9-ed9c-4a31-ac35-8c47a3ea96e5" />
      <TestMethod codeBase="f:\vnext1\b25bab26\VSIDEProj.MEF\bin\Release\NonShipping\Microsoft.VisualStudio.Composition.Tests.dll" adapterTypeName="Microsoft.VisualStudio.TestTools.TestTypes.Unit.UnitTestAdapter" className="Microsoft.VisualStudio.Composition.Tests.ExportProviderTests" name="V3 engine (runtime)" />
    </UnitTest>
    <UnitTest name="V3 engine (runtime)" storage="f:\vnext1\b25bab26\vsideproj.mef\bin\release\nonshipping\microsoft.visualstudio.composition.tests.dll" id="4f1aa771-91eb-49e6-ab73-234c9021321b">
      <Execution id="82d33924-49b6-4662-a47d-99db0a49f1e1" />
      <TestMethod codeBase="f:\vnext1\b25bab26\VSIDEProj.MEF\bin\Release\NonShipping\Microsoft.VisualStudio.Composition.Tests.dll" adapterTypeName="Microsoft.VisualStudio.TestTools.TestTypes.Unit.UnitTestAdapter" className="Microsoft.VisualStudio.Composition.Tests.ExportMetadataTests" name="V3 engine (runtime)" />
    </UnitTest>
    <UnitTest name="V1" storage="f:\vnext1\b25bab26\vsideproj.mef\bin\release\nonshipping\microsoft.visualstudio.composition.tests.dll" id="00a93c62-958e-4015-838b-37cdeabdbff7">
      <Execution id="d31313e6-65c6-4318-b5a8-0024570c4cde" />
      <TestMethod codeBase="f:\vnext1\b25bab26\VSIDEProj.MEF\bin\Release\NonShipping\Microsoft.VisualStudio.Composition.Tests.dll" adapterTypeName="Microsoft.VisualStudio.TestTools.TestTypes.Unit.UnitTestAdapter" className="Microsoft.VisualStudio.Composition.Tests.ImportManyTests" name="V1" />
    </UnitTest>
    <UnitTest name="V1" storage="f:\vnext1\b25bab26\vsideproj.mef\bin\release\nonshipping\microsoft.visualstudio.composition.tests.dll" id="58e79d0d-c17a-4e52-8eb0-0727e19351ad">
      <Execution id="c9648aef-d829-4d4d-a2ee-8ce8df6ebbac" />
      <TestMethod codeBase="f:\vnext1\b25bab26\VSIDEProj.MEF\bin\Release\NonShipping\Microsoft.VisualStudio.Composition.Tests.dll" adapterTypeName="Microsoft.VisualStudio.TestTools.TestTypes.Unit.UnitTestAdapter" className="Microsoft.VisualStudio.Composition.Tests.ExportMetadataTests" name="V1" />
    </UnitTest>
    <UnitTest name="V1" storage="f:\vnext1\b25bab26\vsideproj.mef\bin\release\nonshipping\microsoft.visualstudio.composition.tests.dll" id="40ee80d7-31b7-425d-94da-cf8d1f96cf5c">
      <Execution id="0b1a7b34-dad3-4e95-9c66-f975b161eaae" />
      <TestMethod codeBase="f:\vnext1\b25bab26\VSIDEProj.MEF\bin\Release\NonShipping\Microsoft.VisualStudio.Composition.Tests.dll" adapterTypeName="Microsoft.VisualStudio.TestTools.TestTypes.Unit.UnitTestAdapter" className="Microsoft.VisualStudio.Composition.Tests.NonPublicImportsExportsTests" name="V1" />
    </UnitTest>
    <UnitTest name="V3 engine (runtime)" storage="f:\vnext1\b25bab26\vsideproj.mef\bin\release\nonshipping\microsoft.visualstudio.composition.tests.dll" id="0138a5a1-c46c-48b1-8b09-86611031e067">
      <Execution id="49d010eb-8166-49d6-bc7b-710b7039d435" />
      <TestMethod codeBase="f:\vnext1\b25bab26\VSIDEProj.MEF\bin\Release\NonShipping\Microsoft.VisualStudio.Composition.Tests.dll" adapterTypeName="Microsoft.VisualStudio.TestTools.TestTypes.Unit.UnitTestAdapter" className="Microsoft.VisualStudio.Composition.Tests.ImportingConstructorTests" name="V3 engine (runtime)" />
    </UnitTest>
    <UnitTest name="V3 composition (V1, V2)" storage="f:\vnext1\b25bab26\vsideproj.mef\bin\release\nonshipping\microsoft.visualstudio.composition.tests.dll" id="a3303368-48e6-4164-9294-d95960b7dc21">
      <Execution id="4050f257-8bb7-482a-8e1a-effecea69a7a" />
      <TestMethod codeBase="f:\vnext1\b25bab26\VSIDEProj.MEF\bin\Release\NonShipping\Microsoft.VisualStudio.Composition.Tests.dll" adapterTypeName="Microsoft.VisualStudio.TestTools.TestTypes.Unit.UnitTestAdapter" className="Microsoft.VisualStudio.Composition.Tests.OpenGenericExportTests" name="V3 composition (V1, V2)" />
    </UnitTest>
    <UnitTest name="V3 engine (runtime)" storage="f:\vnext1\b25bab26\vsideproj.mef\bin\release\nonshipping\microsoft.visualstudio.composition.tests.dll" id="2ba86e0f-c9d8-4058-ab86-972a0e2b5509">
      <Execution id="f850cf60-a178-4821-b309-035b8b3b7ecf" />
      <TestMethod codeBase="f:\vnext1\b25bab26\VSIDEProj.MEF\bin\Release\NonShipping\Microsoft.VisualStudio.Composition.Tests.dll" adapterTypeName="Microsoft.VisualStudio.TestTools.TestTypes.Unit.UnitTestAdapter" className="Microsoft.VisualStudio.Composition.Tests.ExportProviderTests" name="V3 engine (runtime)" />
    </UnitTest>
    <UnitTest name="V1" storage="f:\vnext1\b25bab26\vsideproj.mef\bin\release\nonshipping\microsoft.visualstudio.composition.tests.dll" id="caba4710-8876-451c-87d9-e917508bf922">
      <Execution id="651640cd-07b3-493c-8877-63e2a9f666fd" />
      <TestMethod codeBase="f:\vnext1\b25bab26\VSIDEProj.MEF\bin\Release\NonShipping\Microsoft.VisualStudio.Composition.Tests.dll" adapterTypeName="Microsoft.VisualStudio.TestTools.TestTypes.Unit.UnitTestAdapter" className="Microsoft.VisualStudio.Composition.Tests.ImportingConstructorTests" name="V1" />
    </UnitTest>
    <UnitTest name="V1" storage="f:\vnext1\b25bab26\vsideproj.mef\bin\release\nonshipping\microsoft.visualstudio.composition.tests.dll" id="729a3c17-479d-4697-8b22-585ee6c04e25">
      <Execution id="c00533d0-8e95-4983-9ee3-707923835cbf" />
      <TestMethod codeBase="f:\vnext1\b25bab26\VSIDEProj.MEF\bin\Release\NonShipping\Microsoft.VisualStudio.Composition.Tests.dll" adapterTypeName="Microsoft.VisualStudio.TestTools.TestTypes.Unit.UnitTestAdapter" className="Microsoft.VisualStudio.Composition.Tests.ExportProviderTests" name="V1" />
    </UnitTest>
    <UnitTest name="V2" storage="f:\vnext1\b25bab26\vsideproj.mef\bin\release\nonshipping\microsoft.visualstudio.composition.tests.dll" id="0621796f-1a8c-43c6-bdc0-5da3ddccacf5">
      <Execution id="897943de-22da-4d37-ba43-e95ce413dad1" />
      <TestMethod codeBase="f:\vnext1\b25bab26\VSIDEProj.MEF\bin\Release\NonShipping\Microsoft.VisualStudio.Composition.Tests.dll" adapterTypeName="Microsoft.VisualStudio.TestTools.TestTypes.Unit.UnitTestAdapter" className="Microsoft.VisualStudio.Composition.Tests.ExportProviderTests" name="V2" />
    </UnitTest>
    <UnitTest name="V2" storage="f:\vnext1\b25bab26\vsideproj.mef\bin\release\nonshipping\microsoft.visualstudio.composition.tests.dll" id="b4ecba90-04c3-4c38-ae3e-30e511e18b5a">
      <Execution id="81636430-99e3-4209-b5cd-23713469c120" />
      <TestMethod codeBase="f:\vnext1\b25bab26\VSIDEProj.MEF\bin\Release\NonShipping\Microsoft.VisualStudio.Composition.Tests.dll" adapterTypeName="Microsoft.VisualStudio.TestTools.TestTypes.Unit.UnitTestAdapter" className="Microsoft.VisualStudio.Composition.Tests.ImportManyTests" name="V2" />
    </UnitTest>
    <UnitTest name="V3 engine (runtime)" storage="f:\vnext1\b25bab26\vsideproj.mef\bin\release\nonshipping\microsoft.visualstudio.composition.tests.dll" id="27e96124-7896-4643-8ac0-5818b503d5d8">
      <Execution id="51372930-ada8-46c7-a684-f51f5fdbd969" />
      <TestMethod codeBase="f:\vnext1\b25bab26\VSIDEProj.MEF\bin\Release\NonShipping\Microsoft.VisualStudio.Composition.Tests.dll" adapterTypeName="Microsoft.VisualStudio.TestTools.TestTypes.Unit.UnitTestAdapter" className="Microsoft.VisualStudio.Composition.Tests.OpenGenericExportTests" name="V3 engine (runtime)" />
    </UnitTest>
    <UnitTest name="V3 composition (V1)" storage="f:\vnext1\b25bab26\vsideproj.mef\bin\release\nonshipping\microsoft.visualstudio.composition.tests.dll" id="0a613b00-c81c-4716-b9f6-1050855a8e26">
      <Execution id="bf0b01cf-fa54-4b12-a177-7579a268d56d" />
      <TestMethod codeBase="f:\vnext1\b25bab26\VSIDEProj.MEF\bin\Release\NonShipping\Microsoft.VisualStudio.Composition.Tests.dll" adapterTypeName="Microsoft.VisualStudio.TestTools.TestTypes.Unit.UnitTestAdapter" className="Microsoft.VisualStudio.Composition.Tests.ExportMetadataTests" name="V3 composition (V1)" />
    </UnitTest>
    <UnitTest name="V3 composition (V1)" storage="f:\vnext1\b25bab26\vsideproj.mef\bin\release\nonshipping\microsoft.visualstudio.composition.tests.dll" id="e57f74c0-bccd-4b56-af4e-9ab7f2fb8337">
      <Execution id="2975e685-61f5-4e3d-98de-cdd13eb4fc32" />
      <TestMethod codeBase="f:\vnext1\b25bab26\VSIDEProj.MEF\bin\Release\NonShipping\Microsoft.VisualStudio.Composition.Tests.dll" adapterTypeName="Microsoft.VisualStudio.TestTools.TestTypes.Unit.UnitTestAdapter" className="Microsoft.VisualStudio.Composition.Tests.ImportingConstructorTests" name="V3 composition (V1)" />
    </UnitTest>
    <UnitTest name="V3 composition (V1, V2)" storage="f:\vnext1\b25bab26\vsideproj.mef\bin\release\nonshipping\microsoft.visualstudio.composition.tests.dll" id="c5f4c8a9-510e-441a-ac97-14d7de27c232">
      <Execution id="fbc4622b-b532-4d37-89c4-de0b4de74c99" />
      <TestMethod codeBase="f:\vnext1\b25bab26\VSIDEProj.MEF\bin\Release\NonShipping\Microsoft.VisualStudio.Composition.Tests.dll" adapterTypeName="Microsoft.VisualStudio.TestTools.TestTypes.Unit.UnitTestAdapter" className="Microsoft.VisualStudio.Composition.Tests.ImportManyTests" name="V3 composition (V1, V2)" />
    </UnitTest>
    <UnitTest name="V3 engine (runtime)" storage="f:\vnext1\b25bab26\vsideproj.mef\bin\release\nonshipping\microsoft.visualstudio.composition.tests.dll" id="d3bf1ed7-0348-47f7-a086-be30cbda724e">
      <Execution id="c127baa2-fdeb-43d3-84d6-a6d3fcf9fe4b" />
      <TestMethod codeBase="f:\vnext1\b25bab26\VSIDEProj.MEF\bin\Release\NonShipping\Microsoft.VisualStudio.Composition.Tests.dll" adapterTypeName="Microsoft.VisualStudio.TestTools.TestTypes.Unit.UnitTestAdapter" className="Microsoft.VisualStudio.Composition.Tests.ExportMetadataTests" name="V3 engine (runtime)" />
    </UnitTest>
    <UnitTest name="V1" storage="f:\vnext1\b25bab26\vsideproj.mef\bin\release\nonshipping\microsoft.visualstudio.composition.tests.dll" id="e6a9aa12-f258-4e3d-a01b-3b55c24d1359">
      <Execution id="8d51ab55-6ec5-467d-a14c-c9ebd3f2e169" />
      <TestMethod codeBase="f:\vnext1\b25bab26\VSIDEProj.MEF\bin\Release\NonShipping\Microsoft.VisualStudio.Composition.Tests.dll" adapterTypeName="Microsoft.VisualStudio.TestTools.TestTypes.Unit.UnitTestAdapter" className="Microsoft.VisualStudio.Composition.Tests.ExportMetadataTests" name="V1" />
    </UnitTest>
    <UnitTest name="V3 engine (runtime)" storage="f:\vnext1\b25bab26\vsideproj.mef\bin\release\nonshipping\microsoft.visualstudio.composition.tests.dll" id="b8c7daf2-9453-4da8-aa16-e853fd6ee25a">
      <Execution id="58a95ea9-8cac-48e8-a99e-e09bd3008788" />
      <TestMethod codeBase="f:\vnext1\b25bab26\VSIDEProj.MEF\bin\Release\NonShipping\Microsoft.VisualStudio.Composition.Tests.dll" adapterTypeName="Microsoft.VisualStudio.TestTools.TestTypes.Unit.UnitTestAdapter" className="Microsoft.VisualStudio.Composition.Tests.ImportingConstructorTests" name="V3 engine (runtime)" />
    </UnitTest>
    <UnitTest name="V1" storage="f:\vnext1\b25bab26\vsideproj.mef\bin\release\nonshipping\microsoft.visualstudio.composition.tests.dll" id="9e8034e3-b96c-4ba3-a46a-cc4c147d7436">
      <Execution id="e16d44a3-ea84-4f81-9fe7-b69aef12fd7f" />
      <TestMethod codeBase="f:\vnext1\b25bab26\VSIDEProj.MEF\bin\Release\NonShipping\Microsoft.VisualStudio.Composition.Tests.dll" adapterTypeName="Microsoft.VisualStudio.TestTools.TestTypes.Unit.UnitTestAdapter" className="Microsoft.VisualStudio.Composition.Tests.ImportingConstructorTests" name="V1" />
    </UnitTest>
    <UnitTest name="V2" storage="f:\vnext1\b25bab26\vsideproj.mef\bin\release\nonshipping\microsoft.visualstudio.composition.tests.dll" id="89c4f443-4b17-4a19-a016-7e4316cb3c12">
      <Execution id="67ee5d93-812d-4bb4-848a-cdfab81b545e" />
      <TestMethod codeBase="f:\vnext1\b25bab26\VSIDEProj.MEF\bin\Release\NonShipping\Microsoft.VisualStudio.Composition.Tests.dll" adapterTypeName="Microsoft.VisualStudio.TestTools.TestTypes.Unit.UnitTestAdapter" className="Microsoft.VisualStudio.Composition.Tests.ImportingConstructorTests" name="V2" />
    </UnitTest>
    <UnitTest name="V3 engine (runtime)" storage="f:\vnext1\b25bab26\vsideproj.mef\bin\release\nonshipping\microsoft.visualstudio.composition.tests.dll" id="5e03e2a7-2320-4422-b7ff-51ac2dbdafc4">
      <Execution id="b2c3a92b-d8f9-46ec-99ba-97d6ebb4bcf3" />
      <TestMethod codeBase="f:\vnext1\b25bab26\VSIDEProj.MEF\bin\Release\NonShipping\Microsoft.VisualStudio.Composition.Tests.dll" adapterTypeName="Microsoft.VisualStudio.TestTools.TestTypes.Unit.UnitTestAdapter" className="Microsoft.VisualStudio.Composition.Tests.ImportManyTests" name="V3 engine (runtime)" />
    </UnitTest>
    <UnitTest name="V1" storage="f:\vnext1\b25bab26\vsideproj.mef\bin\release\nonshipping\microsoft.visualstudio.composition.tests.dll" id="4880a829-680e-4fce-85d3-eb0c367caf5c">
      <Execution id="6a4bd414-c30c-4e1f-8ea1-119180919ec7" />
      <TestMethod codeBase="f:\vnext1\b25bab26\VSIDEProj.MEF\bin\Release\NonShipping\Microsoft.VisualStudio.Composition.Tests.dll" adapterTypeName="Microsoft.VisualStudio.TestTools.TestTypes.Unit.UnitTestAdapter" className="Microsoft.VisualStudio.Composition.Tests.ImportManyTests" name="V1" />
    </UnitTest>
    <UnitTest name="V3 composition (V1)" storage="f:\vnext1\b25bab26\vsideproj.mef\bin\release\nonshipping\microsoft.visualstudio.composition.tests.dll" id="417d89f1-5e3d-4312-8195-aa455095b4d5">
      <Execution id="1dc4e1d5-b8cb-4bc7-a414-2e707d2097de" />
      <TestMethod codeBase="f:\vnext1\b25bab26\VSIDEProj.MEF\bin\Release\NonShipping\Microsoft.VisualStudio.Composition.Tests.dll" adapterTypeName="Microsoft.VisualStudio.TestTools.TestTypes.Unit.UnitTestAdapter" className="Microsoft.VisualStudio.Composition.Tests.ExportMetadataTests" name="V3 composition (V1)" />
    </UnitTest>
    <UnitTest name="V3 composition (V1, V2)" storage="f:\vnext1\b25bab26\vsideproj.mef\bin\release\nonshipping\microsoft.visualstudio.composition.tests.dll" id="355f5665-3de6-4cff-88e5-d44e8dde7687">
      <Execution id="c38141ef-b34e-4386-ab10-ed74740015f9" />
      <TestMethod codeBase="f:\vnext1\b25bab26\VSIDEProj.MEF\bin\Release\NonShipping\Microsoft.VisualStudio.Composition.Tests.dll" adapterTypeName="Microsoft.VisualStudio.TestTools.TestTypes.Unit.UnitTestAdapter" className="Microsoft.VisualStudio.Composition.Tests.ExportProviderTests" name="V3 composition (V1, V2)" />
    </UnitTest>
    <UnitTest name="V3 composition (V1)" storage="f:\vnext1\b25bab26\vsideproj.mef\bin\release\nonshipping\microsoft.visualstudio.composition.tests.dll" id="68fce7d6-d31f-49c3-917e-c3ed2cd87b98">
      <Execution id="4453d156-cd01-4881-814b-ae064e991281" />
      <TestMethod codeBase="f:\vnext1\b25bab26\VSIDEProj.MEF\bin\Release\NonShipping\Microsoft.VisualStudio.Composition.Tests.dll" adapterTypeName="Microsoft.VisualStudio.TestTools.TestTypes.Unit.UnitTestAdapter" className="Microsoft.VisualStudio.Composition.Tests.NonPublicImportsExportsTests" name="V3 composition (V1)" />
    </UnitTest>
    <UnitTest name="V3 engine (runtime)" storage="f:\vnext1\b25bab26\vsideproj.mef\bin\release\nonshipping\microsoft.visualstudio.composition.tests.dll" id="7df80a6b-4a07-49a5-ab4e-97767cfbb9d0">
      <Execution id="c508d226-3552-41f6-a258-787130d2c784" />
      <TestMethod codeBase="f:\vnext1\b25bab26\VSIDEProj.MEF\bin\Release\NonShipping\Microsoft.VisualStudio.Composition.Tests.dll" adapterTypeName="Microsoft.VisualStudio.TestTools.TestTypes.Unit.UnitTestAdapter" className="Microsoft.VisualStudio.Composition.Tests.ExportMetadataTests" name="V3 engine (runtime)" />
    </UnitTest>
    <UnitTest name="V1" storage="f:\vnext1\b25bab26\vsideproj.mef\bin\release\nonshipping\microsoft.visualstudio.composition.tests.dll" id="5005ccef-ed2c-4e33-8eda-491bec783efc">
      <Execution id="c6858d6c-8427-429f-b787-aed3ce66a770" />
      <TestMethod codeBase="f:\vnext1\b25bab26\VSIDEProj.MEF\bin\Release\NonShipping\Microsoft.VisualStudio.Composition.Tests.dll" adapterTypeName="Microsoft.VisualStudio.TestTools.TestTypes.Unit.UnitTestAdapter" className="Microsoft.VisualStudio.Composition.Tests.ExportMetadataTests" name="V1" />
    </UnitTest>
    <UnitTest name="V3 engine (runtime)" storage="f:\vnext1\b25bab26\vsideproj.mef\bin\release\nonshipping\microsoft.visualstudio.composition.tests.dll" id="b413ec9f-f434-423e-82b3-53d2ccdcc2c3">
      <Execution id="aec30663-3bc0-4903-a4f4-cfee0e51f8de" />
      <TestMethod codeBase="f:\vnext1\b25bab26\VSIDEProj.MEF\bin\Release\NonShipping\Microsoft.VisualStudio.Composition.Tests.dll" adapterTypeName="Microsoft.VisualStudio.TestTools.TestTypes.Unit.UnitTestAdapter" className="Microsoft.VisualStudio.Composition.Tests.ExportProviderTests" name="V3 engine (runtime)" />
    </UnitTest>
    <UnitTest name="V3 composition (V1)" storage="f:\vnext1\b25bab26\vsideproj.mef\bin\release\nonshipping\microsoft.visualstudio.composition.tests.dll" id="b59f3e0c-3458-487d-b36b-5d057c1a5e44">
      <Execution id="bfc2eb24-c5af-40e4-b173-d0c6093a6971" />
      <TestMethod codeBase="f:\vnext1\b25bab26\VSIDEProj.MEF\bin\Release\NonShipping\Microsoft.VisualStudio.Composition.Tests.dll" adapterTypeName="Microsoft.VisualStudio.TestTools.TestTypes.Unit.UnitTestAdapter" className="Microsoft.VisualStudio.Composition.Tests.ImportManyTests" name="V3 composition (V1)" />
    </UnitTest>
    <UnitTest name="V3 engine (runtime)" storage="f:\vnext1\b25bab26\vsideproj.mef\bin\release\nonshipping\microsoft.visualstudio.composition.tests.dll" id="395486c4-6b63-488b-a445-8ace78a8d0b8">
      <Execution id="0ac304b1-763e-491e-951e-ef59e7a4a47c" />
      <TestMethod codeBase="f:\vnext1\b25bab26\VSIDEProj.MEF\bin\Release\NonShipping\Microsoft.VisualStudio.Composition.Tests.dll" adapterTypeName="Microsoft.VisualStudio.TestTools.TestTypes.Unit.UnitTestAdapter" className="Microsoft.VisualStudio.Composition.Tests.ExportProviderTests" name="V3 engine (runtime)" />
    </UnitTest>
    <UnitTest name="V3 composition (V1)" storage="f:\vnext1\b25bab26\vsideproj.mef\bin\release\nonshipping\microsoft.visualstudio.composition.tests.dll" id="d761ecb4-16d5-469f-87c1-29f50bf1a425">
      <Execution id="5d11e0e9-64bf-4d60-bff1-74be62160ffd" />
      <TestMethod codeBase="f:\vnext1\b25bab26\VSIDEProj.MEF\bin\Release\NonShipping\Microsoft.VisualStudio.Composition.Tests.dll" adapterTypeName="Microsoft.VisualStudio.TestTools.TestTypes.Unit.UnitTestAdapter" className="Microsoft.VisualStudio.Composition.Tests.ExportMetadataTests" name="V3 composition (V1)" />
    </UnitTest>
    <UnitTest name="V3 engine (runtime)" storage="f:\vnext1\b25bab26\vsideproj.mef\bin\release\nonshipping\microsoft.visualstudio.composition.tests.dll" id="fadb1726-27f7-4998-8065-6f89bfd4237e">
      <Execution id="4d89db60-ddc7-4be2-9c5d-bf6068fce632" />
      <TestMethod codeBase="f:\vnext1\b25bab26\VSIDEProj.MEF\bin\Release\NonShipping\Microsoft.VisualStudio.Composition.Tests.dll" adapterTypeName="Microsoft.VisualStudio.TestTools.TestTypes.Unit.UnitTestAdapter" className="Microsoft.VisualStudio.Composition.Tests.ImportManyTests" name="V3 engine (runtime)" />
    </UnitTest>
    <UnitTest name="V1" storage="f:\vnext1\b25bab26\vsideproj.mef\bin\release\nonshipping\microsoft.visualstudio.composition.tests.dll" id="a4d07808-2a98-4518-98ff-a210dc39851e">
      <Execution id="62201bf9-f723-4408-bfc5-ce7a757b29b8" />
      <TestMethod codeBase="f:\vnext1\b25bab26\VSIDEProj.MEF\bin\Release\NonShipping\Microsoft.VisualStudio.Composition.Tests.dll" adapterTypeName="Microsoft.VisualStudio.TestTools.TestTypes.Unit.UnitTestAdapter" className="Microsoft.VisualStudio.Composition.Tests.ImportManyTests" name="V1" />
    </UnitTest>
    <UnitTest name="V2" storage="f:\vnext1\b25bab26\vsideproj.mef\bin\release\nonshipping\microsoft.visualstudio.composition.tests.dll" id="dab51815-da51-4523-8979-bdd10d15f22e">
      <Execution id="cddea5fe-fc6d-4ee0-8e7f-130602a41e46" />
      <TestMethod codeBase="f:\vnext1\b25bab26\VSIDEProj.MEF\bin\Release\NonShipping\Microsoft.VisualStudio.Composition.Tests.dll" adapterTypeName="Microsoft.VisualStudio.TestTools.TestTypes.Unit.UnitTestAdapter" className="Microsoft.VisualStudio.Composition.Tests.ImportManyTests" name="V2" />
    </UnitTest>
    <UnitTest name="V3 engine (runtime)" storage="f:\vnext1\b25bab26\vsideproj.mef\bin\release\nonshipping\microsoft.visualstudio.composition.tests.dll" id="0ae25712-639a-4eb8-9534-efe448a8c133">
      <Execution id="7f7af404-08a9-477b-8de5-e5ed64637299" />
      <TestMethod codeBase="f:\vnext1\b25bab26\VSIDEProj.MEF\bin\Release\NonShipping\Microsoft.VisualStudio.Composition.Tests.dll" adapterTypeName="Microsoft.VisualStudio.TestTools.TestTypes.Unit.UnitTestAdapter" className="Microsoft.VisualStudio.Composition.Tests.ExportMetadataTests" name="V3 engine (runtime)" />
    </UnitTest>
    <UnitTest name="V1" storage="f:\vnext1\b25bab26\vsideproj.mef\bin\release\nonshipping\microsoft.visualstudio.composition.tests.dll" id="c39fc149-811c-41df-84c4-cb2a272e8820">
      <Execution id="248ad4fd-db76-4c0e-8061-dd27c7ed9234" />
      <TestMethod codeBase="f:\vnext1\b25bab26\VSIDEProj.MEF\bin\Release\NonShipping\Microsoft.VisualStudio.Composition.Tests.dll" adapterTypeName="Microsoft.VisualStudio.TestTools.TestTypes.Unit.UnitTestAdapter" className="Microsoft.VisualStudio.Composition.Tests.ExportMetadataTests" name="V1" />
    </UnitTest>
    <UnitTest name="V2" storage="f:\vnext1\b25bab26\vsideproj.mef\bin\release\nonshipping\microsoft.visualstudio.composition.tests.dll" id="27364e0c-c064-4cc3-a0dc-5f0b3e1270c8">
      <Execution id="abcb45dc-44db-4f6e-b9ff-b0ac143ccec3" />
      <TestMethod codeBase="f:\vnext1\b25bab26\VSIDEProj.MEF\bin\Release\NonShipping\Microsoft.VisualStudio.Composition.Tests.dll" adapterTypeName="Microsoft.VisualStudio.TestTools.TestTypes.Unit.UnitTestAdapter" className="Microsoft.VisualStudio.Composition.Tests.ExportMetadataTests" name="V2" />
    </UnitTest>
    <UnitTest name="V3 engine (runtime)" storage="f:\vnext1\b25bab26\vsideproj.mef\bin\release\nonshipping\microsoft.visualstudio.composition.tests.dll" id="aad0d804-0843-42cd-8470-e6c182ef499a">
      <Execution id="d0176a16-833f-4333-ba8c-1440d5039c0c" />
      <TestMethod codeBase="f:\vnext1\b25bab26\VSIDEProj.MEF\bin\Release\NonShipping\Microsoft.VisualStudio.Composition.Tests.dll" adapterTypeName="Microsoft.VisualStudio.TestTools.TestTypes.Unit.UnitTestAdapter" className="Microsoft.VisualStudio.Composition.Tests.NonPublicImportsExportsTests" name="V3 engine (runtime)" />
    </UnitTest>
    <UnitTest name="V1" storage="f:\vnext1\b25bab26\vsideproj.mef\bin\release\nonshipping\microsoft.visualstudio.composition.tests.dll" id="7314cb7d-1f93-44ba-8313-408e4d6a36b7">
      <Execution id="93d487a1-6380-49c3-a483-6f29dae8a68d" />
      <TestMethod codeBase="f:\vnext1\b25bab26\VSIDEProj.MEF\bin\Release\NonShipping\Microsoft.VisualStudio.Composition.Tests.dll" adapterTypeName="Microsoft.VisualStudio.TestTools.TestTypes.Unit.UnitTestAdapter" className="Microsoft.VisualStudio.Composition.Tests.NonPublicImportsExportsTests" name="V1" />
    </UnitTest>
    <UnitTest name="V3 composition (V1, V2)" storage="f:\vnext1\b25bab26\vsideproj.mef\bin\release\nonshipping\microsoft.visualstudio.composition.tests.dll" id="5b772bec-02a9-42b2-8d3d-de0c6e2816ab">
      <Execution id="496dcd27-b377-4405-94e7-ba832305e2a9" />
      <TestMethod codeBase="f:\vnext1\b25bab26\VSIDEProj.MEF\bin\Release\NonShipping\Microsoft.VisualStudio.Composition.Tests.dll" adapterTypeName="Microsoft.VisualStudio.TestTools.TestTypes.Unit.UnitTestAdapter" className="Microsoft.VisualStudio.Composition.Tests.ImportManyTests" name="V3 composition (V1, V2)" />
    </UnitTest>
    <UnitTest name="V3 engine (runtime)" storage="f:\vnext1\b25bab26\vsideproj.mef\bin\release\nonshipping\microsoft.visualstudio.composition.tests.dll" id="8c17005d-3158-4961-b19e-508ccc27b6cc">
      <Execution id="e1f348b2-3ea9-4009-aead-a612691eebf3" />
      <TestMethod codeBase="f:\vnext1\b25bab26\VSIDEProj.MEF\bin\Release\NonShipping\Microsoft.VisualStudio.Composition.Tests.dll" adapterTypeName="Microsoft.VisualStudio.TestTools.TestTypes.Unit.UnitTestAdapter" className="Microsoft.VisualStudio.Composition.Tests.ImportManyTests" name="V3 engine (runtime)" />
    </UnitTest>
    <UnitTest name="V3 composition (V1)" storage="f:\vnext1\b25bab26\vsideproj.mef\bin\release\nonshipping\microsoft.visualstudio.composition.tests.dll" id="156e7ca0-5252-4860-afa2-f3386489f678">
      <Execution id="a7452af0-4b5d-49d3-84da-619d47d882dc" />
      <TestMethod codeBase="f:\vnext1\b25bab26\VSIDEProj.MEF\bin\Release\NonShipping\Microsoft.VisualStudio.Composition.Tests.dll" adapterTypeName="Microsoft.VisualStudio.TestTools.TestTypes.Unit.UnitTestAdapter" className="Microsoft.VisualStudio.Composition.Tests.NonPublicImportsExportsTests" name="V3 composition (V1)" />
    </UnitTest>
    <UnitTest name="V1" storage="f:\vnext1\b25bab26\vsideproj.mef\bin\release\nonshipping\microsoft.visualstudio.composition.tests.dll" id="5dfacd40-6183-448d-a16d-6b66d0517b20">
      <Execution id="6fb26c82-243d-4431-b325-59470162add1" />
      <TestMethod codeBase="f:\vnext1\b25bab26\VSIDEProj.MEF\bin\Release\NonShipping\Microsoft.VisualStudio.Composition.Tests.dll" adapterTypeName="Microsoft.VisualStudio.TestTools.TestTypes.Unit.UnitTestAdapter" className="Microsoft.VisualStudio.Composition.Tests.ImportManyTests" name="V1" />
    </UnitTest>
    <UnitTest name="V3 composition (V1, V2)" storage="f:\vnext1\b25bab26\vsideproj.mef\bin\release\nonshipping\microsoft.visualstudio.composition.tests.dll" id="02b12d89-5f5a-4617-b635-d47d69efbb33">
      <Execution id="07658483-94ab-478a-a7be-a41dcbf4a3cd" />
      <TestMethod codeBase="f:\vnext1\b25bab26\VSIDEProj.MEF\bin\Release\NonShipping\Microsoft.VisualStudio.Composition.Tests.dll" adapterTypeName="Microsoft.VisualStudio.TestTools.TestTypes.Unit.UnitTestAdapter" className="Microsoft.VisualStudio.Composition.Tests.ExportMetadataTests" name="V3 composition (V1, V2)" />
    </UnitTest>
    <UnitTest name="V3 composition (V1, V2)" storage="f:\vnext1\b25bab26\vsideproj.mef\bin\release\nonshipping\microsoft.visualstudio.composition.tests.dll" id="10c981c0-b752-42ec-908a-2e8432c82b3f">
      <Execution id="36560893-7b50-4e52-888e-5fda580c8e8c" />
      <TestMethod codeBase="f:\vnext1\b25bab26\VSIDEProj.MEF\bin\Release\NonShipping\Microsoft.VisualStudio.Composition.Tests.dll" adapterTypeName="Microsoft.VisualStudio.TestTools.TestTypes.Unit.UnitTestAdapter" className="Microsoft.VisualStudio.Composition.Tests.ImportingConstructorTests" name="V3 composition (V1, V2)" />
    </UnitTest>
    <UnitTest name="V3 engine (runtime)" storage="f:\vnext1\b25bab26\vsideproj.mef\bin\release\nonshipping\microsoft.visualstudio.composition.tests.dll" id="c170453f-1797-4a15-91a1-6bf066fb3109">
      <Execution id="6dac0120-36b7-468f-8b1c-c11ba1fe4623" />
      <TestMethod codeBase="f:\vnext1\b25bab26\VSIDEProj.MEF\bin\Release\NonShipping\Microsoft.VisualStudio.Composition.Tests.dll" adapterTypeName="Microsoft.VisualStudio.TestTools.TestTypes.Unit.UnitTestAdapter" className="Microsoft.VisualStudio.Composition.Tests.ImportingConstructorTests" name="V3 engine (runtime)" />
    </UnitTest>
    <UnitTest name="V3 engine (runtime)" storage="f:\vnext1\b25bab26\vsideproj.mef\bin\release\nonshipping\microsoft.visualstudio.composition.tests.dll" id="d292153f-28e7-4d6f-b190-39212d4fc32a">
      <Execution id="606d4cb5-87c9-4b18-8c08-6b31c681c8df" />
      <TestMethod codeBase="f:\vnext1\b25bab26\VSIDEProj.MEF\bin\Release\NonShipping\Microsoft.VisualStudio.Composition.Tests.dll" adapterTypeName="Microsoft.VisualStudio.TestTools.TestTypes.Unit.UnitTestAdapter" className="Microsoft.VisualStudio.Composition.Tests.NonPublicImportsExportsTests" name="V3 engine (runtime)" />
    </UnitTest>
    <UnitTest name="V3 engine (runtime)" storage="f:\vnext1\b25bab26\vsideproj.mef\bin\release\nonshipping\microsoft.visualstudio.composition.tests.dll" id="d4628531-44a9-4a14-a730-de6f113ec120">
      <Execution id="6856b15b-e8a6-4f3c-8827-cc41ce744abf" />
      <TestMethod codeBase="f:\vnext1\b25bab26\VSIDEProj.MEF\bin\Release\NonShipping\Microsoft.VisualStudio.Composition.Tests.dll" adapterTypeName="Microsoft.VisualStudio.TestTools.TestTypes.Unit.UnitTestAdapter" className="Microsoft.VisualStudio.Composition.Tests.ImportingConstructorTests" name="V3 engine (runtime)" />
    </UnitTest>
    <UnitTest name="V1" storage="f:\vnext1\b25bab26\vsideproj.mef\bin\release\nonshipping\microsoft.visualstudio.composition.tests.dll" id="64efd569-9060-4bab-92f3-cefb61905211">
      <Execution id="a18bd445-946f-4f28-badd-efaa6fe339a7" />
      <TestMethod codeBase="f:\vnext1\b25bab26\VSIDEProj.MEF\bin\Release\NonShipping\Microsoft.VisualStudio.Composition.Tests.dll" adapterTypeName="Microsoft.VisualStudio.TestTools.TestTypes.Unit.UnitTestAdapter" className="Microsoft.VisualStudio.Composition.Tests.ImportingConstructorTests" name="V1" />
    </UnitTest>
    <UnitTest name="V1" storage="f:\vnext1\b25bab26\vsideproj.mef\bin\release\nonshipping\microsoft.visualstudio.composition.tests.dll" id="9567840c-050b-4569-8b4f-8194b8e220dc">
      <Execution id="4f6561fa-917e-4447-995b-6da25d7460f9" />
      <TestMethod codeBase="f:\vnext1\b25bab26\VSIDEProj.MEF\bin\Release\NonShipping\Microsoft.VisualStudio.Composition.Tests.dll" adapterTypeName="Microsoft.VisualStudio.TestTools.TestTypes.Unit.UnitTestAdapter" className="Microsoft.VisualStudio.Composition.Tests.NonPublicImportsExportsTests" name="V1" />
    </UnitTest>
    <UnitTest name="V2" storage="f:\vnext1\b25bab26\vsideproj.mef\bin\release\nonshipping\microsoft.visualstudio.composition.tests.dll" id="79cf7e23-02c9-4626-ac3e-e6b4050edc47">
      <Execution id="4bda2b5a-434d-4e3b-95b0-60d3f45b367a" />
      <TestMethod codeBase="f:\vnext1\b25bab26\VSIDEProj.MEF\bin\Release\NonShipping\Microsoft.VisualStudio.Composition.Tests.dll" adapterTypeName="Microsoft.VisualStudio.TestTools.TestTypes.Unit.UnitTestAdapter" className="Microsoft.VisualStudio.Composition.Tests.ImportingConstructorTests" name="V2" />
    </UnitTest>
    <UnitTest name="V3 engine (runtime)" storage="f:\vnext1\b25bab26\vsideproj.mef\bin\release\nonshipping\microsoft.visualstudio.composition.tests.dll" id="86a78fcd-2cc2-4474-b45b-d59dde46fc59">
      <Execution id="d922cb80-da08-4420-a866-031ae5739213" />
      <TestMethod codeBase="f:\vnext1\b25bab26\VSIDEProj.MEF\bin\Release\NonShipping\Microsoft.VisualStudio.Composition.Tests.dll" adapterTypeName="Microsoft.VisualStudio.TestTools.TestTypes.Unit.UnitTestAdapter" className="Microsoft.VisualStudio.Composition.Tests.ExportMetadataTests" name="V3 engine (runtime)" />
    </UnitTest>
    <UnitTest name="V3 engine (runtime)" storage="f:\vnext1\b25bab26\vsideproj.mef\bin\release\nonshipping\microsoft.visualstudio.composition.tests.dll" id="82855412-e8df-49c6-b6cd-afd156a9762d">
      <Execution id="f7d0fe4b-d45c-4319-b1bb-71e3b0851854" />
      <TestMethod codeBase="f:\vnext1\b25bab26\VSIDEProj.MEF\bin\Release\NonShipping\Microsoft.VisualStudio.Composition.Tests.dll" adapterTypeName="Microsoft.VisualStudio.TestTools.TestTypes.Unit.UnitTestAdapter" className="Microsoft.VisualStudio.Composition.Tests.ExportMetadataTests" name="V3 engine (runtime)" />
    </UnitTest>
    <UnitTest name="V1" storage="f:\vnext1\b25bab26\vsideproj.mef\bin\release\nonshipping\microsoft.visualstudio.composition.tests.dll" id="bce76211-2c80-41dd-a6b4-cffd85017c88">
      <Execution id="42488c21-0224-47ab-8237-09753b5621a5" />
      <TestMethod codeBase="f:\vnext1\b25bab26\VSIDEProj.MEF\bin\Release\NonShipping\Microsoft.VisualStudio.Composition.Tests.dll" adapterTypeName="Microsoft.VisualStudio.TestTools.TestTypes.Unit.UnitTestAdapter" className="Microsoft.VisualStudio.Composition.Tests.ExportMetadataTests" name="V1" />
    </UnitTest>
    <UnitTest name="V3 composition (V1)" storage="f:\vnext1\b25bab26\vsideproj.mef\bin\release\nonshipping\microsoft.visualstudio.composition.tests.dll" id="dac6a173-d0b8-4bc6-93b1-8d277b93837e">
      <Execution id="af3e85b8-49c7-49ca-b734-0b481e3feef1" />
      <TestMethod codeBase="f:\vnext1\b25bab26\VSIDEProj.MEF\bin\Release\NonShipping\Microsoft.VisualStudio.Composition.Tests.dll" adapterTypeName="Microsoft.VisualStudio.TestTools.TestTypes.Unit.UnitTestAdapter" className="Microsoft.VisualStudio.Composition.Tests.NonPublicImportsExportsTests" name="V3 composition (V1)" />
    </UnitTest>
    <UnitTest name="V2" storage="f:\vnext1\b25bab26\vsideproj.mef\bin\release\nonshipping\microsoft.visualstudio.composition.tests.dll" id="5e285d39-f52f-42aa-8329-bd8f30856c2c">
      <Execution id="6bfed077-fd29-484d-abbe-8b9dc6f7f766" />
      <TestMethod codeBase="f:\vnext1\b25bab26\VSIDEProj.MEF\bin\Release\NonShipping\Microsoft.VisualStudio.Composition.Tests.dll" adapterTypeName="Microsoft.VisualStudio.TestTools.TestTypes.Unit.UnitTestAdapter" className="Microsoft.VisualStudio.Composition.Tests.ExportMetadataTests" name="V2" />
    </UnitTest>
    <UnitTest name="V3 engine (runtime)" storage="f:\vnext1\b25bab26\vsideproj.mef\bin\release\nonshipping\microsoft.visualstudio.composition.tests.dll" id="a180bda6-c7b2-4fd8-91c3-e68fe42429a9">
      <Execution id="bf967708-f8a6-4abe-bff9-046a53e951f5" />
      <TestMethod codeBase="f:\vnext1\b25bab26\VSIDEProj.MEF\bin\Release\NonShipping\Microsoft.VisualStudio.Composition.Tests.dll" adapterTypeName="Microsoft.VisualStudio.TestTools.TestTypes.Unit.UnitTestAdapter" className="Microsoft.VisualStudio.Composition.Tests.NonPublicImportsExportsTests" name="V3 engine (runtime)" />
    </UnitTest>
    <UnitTest name="V3 composition (V1, V2)" storage="f:\vnext1\b25bab26\vsideproj.mef\bin\release\nonshipping\microsoft.visualstudio.composition.tests.dll" id="82e251c1-c4cf-4d0e-aad0-442dbd864310">
      <Execution id="4d6afd31-20f7-4e4c-bcfb-205f1cbdcaa4" />
      <TestMethod codeBase="f:\vnext1\b25bab26\VSIDEProj.MEF\bin\Release\NonShipping\Microsoft.VisualStudio.Composition.Tests.dll" adapterTypeName="Microsoft.VisualStudio.TestTools.TestTypes.Unit.UnitTestAdapter" className="Microsoft.VisualStudio.Composition.Tests.ImportingConstructorTests" name="V3 composition (V1, V2)" />
    </UnitTest>
    <UnitTest name="V1" storage="f:\vnext1\b25bab26\vsideproj.mef\bin\release\nonshipping\microsoft.visualstudio.composition.tests.dll" id="a4b9bb34-2cfa-4454-b7a3-a879585168d3">
      <Execution id="c1b1de19-466d-4364-b928-c0cc857ac77b" />
      <TestMethod codeBase="f:\vnext1\b25bab26\VSIDEProj.MEF\bin\Release\NonShipping\Microsoft.VisualStudio.Composition.Tests.dll" adapterTypeName="Microsoft.VisualStudio.TestTools.TestTypes.Unit.UnitTestAdapter" className="Microsoft.VisualStudio.Composition.Tests.NonPublicImportsExportsTests" name="V1" />
    </UnitTest>
    <UnitTest name="V2" storage="f:\vnext1\b25bab26\vsideproj.mef\bin\release\nonshipping\microsoft.visualstudio.composition.tests.dll" id="8770a672-7da9-42d3-b872-2ee13afb8adb">
      <Execution id="63ac7295-5e44-49c4-b996-aa0620ca3cf4" />
      <TestMethod codeBase="f:\vnext1\b25bab26\VSIDEProj.MEF\bin\Release\NonShipping\Microsoft.VisualStudio.Composition.Tests.dll" adapterTypeName="Microsoft.VisualStudio.TestTools.TestTypes.Unit.UnitTestAdapter" className="Microsoft.VisualStudio.Composition.Tests.ImportManyTests" name="V2" />
    </UnitTest>
    <UnitTest name="V3 engine (runtime)" storage="f:\vnext1\b25bab26\vsideproj.mef\bin\release\nonshipping\microsoft.visualstudio.composition.tests.dll" id="7204d3fd-1d3f-45f8-801e-82223e0a5a84">
      <Execution id="92dffcbd-005d-44ea-8809-aaec0376ac82" />
      <TestMethod codeBase="f:\vnext1\b25bab26\VSIDEProj.MEF\bin\Release\NonShipping\Microsoft.VisualStudio.Composition.Tests.dll" adapterTypeName="Microsoft.VisualStudio.TestTools.TestTypes.Unit.UnitTestAdapter" className="Microsoft.VisualStudio.Composition.Tests.ImportingConstructorTests" name="V3 engine (runtime)" />
    </UnitTest>
    <UnitTest name="V3 composition (V1)" storage="f:\vnext1\b25bab26\vsideproj.mef\bin\release\nonshipping\microsoft.visualstudio.composition.tests.dll" id="d3563506-6f94-4bfa-9c1a-23cfdaf21a66">
      <Execution id="044e48e3-915a-4ebd-8364-0d62860292b6" />
      <TestMethod codeBase="f:\vnext1\b25bab26\VSIDEProj.MEF\bin\Release\NonShipping\Microsoft.VisualStudio.Composition.Tests.dll" adapterTypeName="Microsoft.VisualStudio.TestTools.TestTypes.Unit.UnitTestAdapter" className="Microsoft.VisualStudio.Composition.Tests.NonPublicImportsExportsTests" name="V3 composition (V1)" />
    </UnitTest>
    <UnitTest name="V3 engine (runtime)" storage="f:\vnext1\b25bab26\vsideproj.mef\bin\release\nonshipping\microsoft.visualstudio.composition.tests.dll" id="315c5847-e3eb-4703-8870-ca47900d2f03">
      <Execution id="4e17e39d-ab8b-4109-8e78-fd59101aaaa6" />
      <TestMethod codeBase="f:\vnext1\b25bab26\VSIDEProj.MEF\bin\Release\NonShipping\Microsoft.VisualStudio.Composition.Tests.dll" adapterTypeName="Microsoft.VisualStudio.TestTools.TestTypes.Unit.UnitTestAdapter" className="Microsoft.VisualStudio.Composition.Tests.NonPublicImportsExportsTests" name="V3 engine (runtime)" />
    </UnitTest>
    <UnitTest name="V1" storage="f:\vnext1\b25bab26\vsideproj.mef\bin\release\nonshipping\microsoft.visualstudio.composition.tests.dll" id="5b1f9d59-5fa4-4dd9-bb5b-e53f95bbf2e7">
      <Execution id="8a27670d-3af5-444f-b3d2-f53ed43aa482" />
      <TestMethod codeBase="f:\vnext1\b25bab26\VSIDEProj.MEF\bin\Release\NonShipping\Microsoft.VisualStudio.Composition.Tests.dll" adapterTypeName="Microsoft.VisualStudio.TestTools.TestTypes.Unit.UnitTestAdapter" className="Microsoft.VisualStudio.Composition.Tests.NonPublicImportsExportsTests" name="V1" />
    </UnitTest>
    <UnitTest name="V3 composition (V1, V2)" storage="f:\vnext1\b25bab26\vsideproj.mef\bin\release\nonshipping\microsoft.visualstudio.composition.tests.dll" id="943dfade-7d60-4eb7-80b3-196850ee1775">
      <Execution id="6575dee9-d881-4dfd-8435-26c7ce822e27" />
      <TestMethod codeBase="f:\vnext1\b25bab26\VSIDEProj.MEF\bin\Release\NonShipping\Microsoft.VisualStudio.Composition.Tests.dll" adapterTypeName="Microsoft.VisualStudio.TestTools.TestTypes.Unit.UnitTestAdapter" className="Microsoft.VisualStudio.Composition.Tests.ImportManyTests" name="V3 composition (V1, V2)" />
    </UnitTest>
    <UnitTest name="V3 engine (runtime)" storage="f:\vnext1\b25bab26\vsideproj.mef\bin\release\nonshipping\microsoft.visualstudio.composition.tests.dll" id="00a98d59-c6f6-4cdd-8489-71991ad32788">
      <Execution id="04eaf2a7-6aa5-41d8-9fc8-9c108957e668" />
      <TestMethod codeBase="f:\vnext1\b25bab26\VSIDEProj.MEF\bin\Release\NonShipping\Microsoft.VisualStudio.Composition.Tests.dll" adapterTypeName="Microsoft.VisualStudio.TestTools.TestTypes.Unit.UnitTestAdapter" className="Microsoft.VisualStudio.Composition.Tests.ImportManyTests" name="V3 engine (runtime)" />
    </UnitTest>
    <UnitTest name="V3 composition (V1)" storage="f:\vnext1\b25bab26\vsideproj.mef\bin\release\nonshipping\microsoft.visualstudio.composition.tests.dll" id="3e242cdf-0340-4e00-b922-6da242047acc">
      <Execution id="aafe796c-d594-41cb-ad5e-83ea29a5876b" />
      <TestMethod codeBase="f:\vnext1\b25bab26\VSIDEProj.MEF\bin\Release\NonShipping\Microsoft.VisualStudio.Composition.Tests.dll" adapterTypeName="Microsoft.VisualStudio.TestTools.TestTypes.Unit.UnitTestAdapter" className="Microsoft.VisualStudio.Composition.Tests.NonPublicImportsExportsTests" name="V3 composition (V1)" />
    </UnitTest>
    <UnitTest name="V3 engine (runtime)" storage="f:\vnext1\b25bab26\vsideproj.mef\bin\release\nonshipping\microsoft.visualstudio.composition.tests.dll" id="27ee57bc-bff0-4818-98aa-0d0cf360152b">
      <Execution id="46b5e129-4530-465d-9179-d06e4320907d" />
      <TestMethod codeBase="f:\vnext1\b25bab26\VSIDEProj.MEF\bin\Release\NonShipping\Microsoft.VisualStudio.Composition.Tests.dll" adapterTypeName="Microsoft.VisualStudio.TestTools.TestTypes.Unit.UnitTestAdapter" className="Microsoft.VisualStudio.Composition.Tests.ImportingConstructorTests" name="V3 engine (runtime)" />
    </UnitTest>
    <UnitTest name="V1" storage="f:\vnext1\b25bab26\vsideproj.mef\bin\release\nonshipping\microsoft.visualstudio.composition.tests.dll" id="eb37cc6a-9fb8-4984-866b-cd2e3aed9f0f">
      <Execution id="ad59e86e-81d6-4a0a-a34b-3163a4ec8129" />
      <TestMethod codeBase="f:\vnext1\b25bab26\VSIDEProj.MEF\bin\Release\NonShipping\Microsoft.VisualStudio.Composition.Tests.dll" adapterTypeName="Microsoft.VisualStudio.TestTools.TestTypes.Unit.UnitTestAdapter" className="Microsoft.VisualStudio.Composition.Tests.ImportManyTests" name="V1" />
    </UnitTest>
    <UnitTest name="V1" storage="f:\vnext1\b25bab26\vsideproj.mef\bin\release\nonshipping\microsoft.visualstudio.composition.tests.dll" id="3dc73711-62d2-4e5f-8294-5862efd2bd0c">
      <Execution id="bdedfed2-9fbd-4978-ab19-a0eb29b31d95" />
      <TestMethod codeBase="f:\vnext1\b25bab26\VSIDEProj.MEF\bin\Release\NonShipping\Microsoft.VisualStudio.Composition.Tests.dll" adapterTypeName="Microsoft.VisualStudio.TestTools.TestTypes.Unit.UnitTestAdapter" className="Microsoft.VisualStudio.Composition.Tests.ImportingConstructorTests" name="V1" />
    </UnitTest>
    <UnitTest name="V2" storage="f:\vnext1\b25bab26\vsideproj.mef\bin\release\nonshipping\microsoft.visualstudio.composition.tests.dll" id="9e1ddb8a-d3ba-461d-8820-5ead4135cadf">
      <Execution id="3510cec2-c358-40ad-9749-b34126947704" />
      <TestMethod codeBase="f:\vnext1\b25bab26\VSIDEProj.MEF\bin\Release\NonShipping\Microsoft.VisualStudio.Composition.Tests.dll" adapterTypeName="Microsoft.VisualStudio.TestTools.TestTypes.Unit.UnitTestAdapter" className="Microsoft.VisualStudio.Composition.Tests.ImportManyTests" name="V2" />
    </UnitTest>
    <UnitTest name="V2" storage="f:\vnext1\b25bab26\vsideproj.mef\bin\release\nonshipping\microsoft.visualstudio.composition.tests.dll" id="edd805d3-c494-4f10-93ff-d10397e69f25">
      <Execution id="c6150fdb-105a-498c-9574-5e4b23cf51ba" />
      <TestMethod codeBase="f:\vnext1\b25bab26\VSIDEProj.MEF\bin\Release\NonShipping\Microsoft.VisualStudio.Composition.Tests.dll" adapterTypeName="Microsoft.VisualStudio.TestTools.TestTypes.Unit.UnitTestAdapter" className="Microsoft.VisualStudio.Composition.Tests.ImportingConstructorTests" name="V2" />
    </UnitTest>
    <UnitTest name="V3 engine (runtime)" storage="f:\vnext1\b25bab26\vsideproj.mef\bin\release\nonshipping\microsoft.visualstudio.composition.tests.dll" id="7ae15c59-ee78-4408-84c5-265e5fd2196e">
      <Execution id="a9aa9f3c-66ac-4792-a9de-148e931ff703" />
      <TestMethod codeBase="f:\vnext1\b25bab26\VSIDEProj.MEF\bin\Release\NonShipping\Microsoft.VisualStudio.Composition.Tests.dll" adapterTypeName="Microsoft.VisualStudio.TestTools.TestTypes.Unit.UnitTestAdapter" className="Microsoft.VisualStudio.Composition.Tests.NonPublicImportsExportsTests" name="V3 engine (runtime)" />
    </UnitTest>
    <UnitTest name="V1" storage="f:\vnext1\b25bab26\vsideproj.mef\bin\release\nonshipping\microsoft.visualstudio.composition.tests.dll" id="97918fbd-c908-4d17-bf52-0dd8a69c0e88">
      <Execution id="cd42d400-fa76-4122-b00e-3369f030fc34" />
      <TestMethod codeBase="f:\vnext1\b25bab26\VSIDEProj.MEF\bin\Release\NonShipping\Microsoft.VisualStudio.Composition.Tests.dll" adapterTypeName="Microsoft.VisualStudio.TestTools.TestTypes.Unit.UnitTestAdapter" className="Microsoft.VisualStudio.Composition.Tests.NonPublicImportsExportsTests" name="V1" />
    </UnitTest>
    <UnitTest name="V3 composition (V1, V2)" storage="f:\vnext1\b25bab26\vsideproj.mef\bin\release\nonshipping\microsoft.visualstudio.composition.tests.dll" id="d87fda99-6557-4f7b-a148-1869631f50a1">
      <Execution id="9b3e479e-505a-4245-86fe-71a51ecd799e" />
      <TestMethod codeBase="f:\vnext1\b25bab26\VSIDEProj.MEF\bin\Release\NonShipping\Microsoft.VisualStudio.Composition.Tests.dll" adapterTypeName="Microsoft.VisualStudio.TestTools.TestTypes.Unit.UnitTestAdapter" className="Microsoft.VisualStudio.Composition.Tests.ImportManyTests" name="V3 composition (V1, V2)" />
    </UnitTest>
    <UnitTest name="V3 composition (V1)" storage="f:\vnext1\b25bab26\vsideproj.mef\bin\release\nonshipping\microsoft.visualstudio.composition.tests.dll" id="edcbd3c1-2de4-462a-abcb-41ec40bccda4">
      <Execution id="6e94f73a-4b0a-42d2-bbf1-f7602f594ba7" />
      <TestMethod codeBase="f:\vnext1\b25bab26\VSIDEProj.MEF\bin\Release\NonShipping\Microsoft.VisualStudio.Composition.Tests.dll" adapterTypeName="Microsoft.VisualStudio.TestTools.TestTypes.Unit.UnitTestAdapter" className="Microsoft.VisualStudio.Composition.Tests.NonPublicImportsExportsTests" name="V3 composition (V1)" />
    </UnitTest>
    <UnitTest name="V3 engine (runtime)" storage="f:\vnext1\b25bab26\vsideproj.mef\bin\release\nonshipping\microsoft.visualstudio.composition.tests.dll" id="76e29fe9-5800-4660-a37d-b181d7134752">
      <Execution id="573a8bb0-674d-4d20-aee2-ec89d8a443f4" />
      <TestMethod codeBase="f:\vnext1\b25bab26\VSIDEProj.MEF\bin\Release\NonShipping\Microsoft.VisualStudio.Composition.Tests.dll" adapterTypeName="Microsoft.VisualStudio.TestTools.TestTypes.Unit.UnitTestAdapter" className="Microsoft.VisualStudio.Composition.Tests.ImportManyTests" name="V3 engine (runtime)" />
    </UnitTest>
    <UnitTest name="V3 composition (V1, V2)" storage="f:\vnext1\b25bab26\vsideproj.mef\bin\release\nonshipping\microsoft.visualstudio.composition.tests.dll" id="9d8b2247-cea1-4435-ab4c-b8503add984f">
      <Execution id="d1ad3da0-f79e-4904-8431-97cbd133a04a" />
      <TestMethod codeBase="f:\vnext1\b25bab26\VSIDEProj.MEF\bin\Release\NonShipping\Microsoft.VisualStudio.Composition.Tests.dll" adapterTypeName="Microsoft.VisualStudio.TestTools.TestTypes.Unit.UnitTestAdapter" className="Microsoft.VisualStudio.Composition.Tests.ImportingConstructorTests" name="V3 composition (V1, V2)" />
    </UnitTest>
    <UnitTest name="V1" storage="f:\vnext1\b25bab26\vsideproj.mef\bin\release\nonshipping\microsoft.visualstudio.composition.tests.dll" id="ca61c86f-c424-4a85-942a-58821994f856">
      <Execution id="074dc8d3-79da-4c2d-988a-6e58fefbce46" />
      <TestMethod codeBase="f:\vnext1\b25bab26\VSIDEProj.MEF\bin\Release\NonShipping\Microsoft.VisualStudio.Composition.Tests.dll" adapterTypeName="Microsoft.VisualStudio.TestTools.TestTypes.Unit.UnitTestAdapter" className="Microsoft.VisualStudio.Composition.Tests.ImportManyTests" name="V1" />
    </UnitTest>
    <UnitTest name="ComposableAssembliesLazyLoadedByLazyMetadataDictionary" storage="f:\vnext1\b25bab26\vsideproj.mef\bin\release\nonshipping\microsoft.visualstudio.composition.tests.dll" id="7bfce64c-e2b9-4234-88a1-86f5f37830a9">
      <Execution id="ae264e7f-fe9a-4c49-9753-b088a10dea99" />
      <TestMethod codeBase="f:\vnext1\b25bab26\VSIDEProj.MEF\bin\Release\NonShipping\Microsoft.VisualStudio.Composition.Tests.dll" adapterTypeName="Microsoft.VisualStudio.TestTools.TestTypes.Unit.UnitTestAdapter" className="Microsoft.VisualStudio.Composition.Tests.AssembliesLazyLoadedDataFileCacheTests" name="ComposableAssembliesLazyLoadedByLazyMetadataDictionary" />
    </UnitTest>
    <UnitTest name="V3 engine (runtime)" storage="f:\vnext1\b25bab26\vsideproj.mef\bin\release\nonshipping\microsoft.visualstudio.composition.tests.dll" id="0f2769a2-fabe-4dd7-9c74-b417a708b633">
      <Execution id="e0d80a81-55eb-4890-a5af-59c829b168ab" />
      <TestMethod codeBase="f:\vnext1\b25bab26\VSIDEProj.MEF\bin\Release\NonShipping\Microsoft.VisualStudio.Composition.Tests.dll" adapterTypeName="Microsoft.VisualStudio.TestTools.TestTypes.Unit.UnitTestAdapter" className="Microsoft.VisualStudio.Composition.Tests.ImportingConstructorTests" name="V3 engine (runtime)" />
    </UnitTest>
    <UnitTest name="V3 engine (runtime)" storage="f:\vnext1\b25bab26\vsideproj.mef\bin\release\nonshipping\microsoft.visualstudio.composition.tests.dll" id="4a4cf3b6-37cc-4e15-8dc6-b36bff589567">
      <Execution id="6e97695c-1be9-452e-a0e1-8a28ce6847eb" />
      <TestMethod codeBase="f:\vnext1\b25bab26\VSIDEProj.MEF\bin\Release\NonShipping\Microsoft.VisualStudio.Composition.Tests.dll" adapterTypeName="Microsoft.VisualStudio.TestTools.TestTypes.Unit.UnitTestAdapter" className="Microsoft.VisualStudio.Composition.Tests.NonPublicImportsExportsTests" name="V3 engine (runtime)" />
    </UnitTest>
    <UnitTest name="V1" storage="f:\vnext1\b25bab26\vsideproj.mef\bin\release\nonshipping\microsoft.visualstudio.composition.tests.dll" id="2d00a232-72b8-4693-91cf-9ce15f719567">
      <Execution id="cc308e38-dadd-4e05-a148-3c131b7d3ea4" />
      <TestMethod codeBase="f:\vnext1\b25bab26\VSIDEProj.MEF\bin\Release\NonShipping\Microsoft.VisualStudio.Composition.Tests.dll" adapterTypeName="Microsoft.VisualStudio.TestTools.TestTypes.Unit.UnitTestAdapter" className="Microsoft.VisualStudio.Composition.Tests.NonPublicImportsExportsTests" name="V1" />
    </UnitTest>
    <UnitTest name="V3 engine (runtime)" storage="f:\vnext1\b25bab26\vsideproj.mef\bin\release\nonshipping\microsoft.visualstudio.composition.tests.dll" id="bb5b83fe-6abf-49de-a939-fac865406dc0">
      <Execution id="b1935c37-153a-48dc-a0cc-7815add6ca09" />
      <TestMethod codeBase="f:\vnext1\b25bab26\VSIDEProj.MEF\bin\Release\NonShipping\Microsoft.VisualStudio.Composition.Tests.dll" adapterTypeName="Microsoft.VisualStudio.TestTools.TestTypes.Unit.UnitTestAdapter" className="Microsoft.VisualStudio.Composition.Tests.ImportingConstructorTests" name="V3 engine (runtime)" />
    </UnitTest>
    <UnitTest name="V1" storage="f:\vnext1\b25bab26\vsideproj.mef\bin\release\nonshipping\microsoft.visualstudio.composition.tests.dll" id="0b7e61de-d845-43ca-91f4-a16533b26810">
      <Execution id="63ab6cc0-bc86-4e9f-9ff4-f51bbbb4b259" />
      <TestMethod codeBase="f:\vnext1\b25bab26\VSIDEProj.MEF\bin\Release\NonShipping\Microsoft.VisualStudio.Composition.Tests.dll" adapterTypeName="Microsoft.VisualStudio.TestTools.TestTypes.Unit.UnitTestAdapter" className="Microsoft.VisualStudio.Composition.Tests.ImportingConstructorTests" name="V1" />
    </UnitTest>
    <UnitTest name="V3 composition (V1, V2)" storage="f:\vnext1\b25bab26\vsideproj.mef\bin\release\nonshipping\microsoft.visualstudio.composition.tests.dll" id="bb63cf6e-3ce2-46bd-9862-58256fdfac9e">
      <Execution id="d497ccab-bd0e-48d5-a59f-72b79541ef2f" />
      <TestMethod codeBase="f:\vnext1\b25bab26\VSIDEProj.MEF\bin\Release\NonShipping\Microsoft.VisualStudio.Composition.Tests.dll" adapterTypeName="Microsoft.VisualStudio.TestTools.TestTypes.Unit.UnitTestAdapter" className="Microsoft.VisualStudio.Composition.Tests.ExportMetadataTests" name="V3 composition (V1, V2)" />
    </UnitTest>
    <UnitTest name="V3 composition (V1)" storage="f:\vnext1\b25bab26\vsideproj.mef\bin\release\nonshipping\microsoft.visualstudio.composition.tests.dll" id="8a7226fb-7edf-404e-964b-4ae26e94533e">
      <Execution id="c56e24d3-8a8d-4048-9a62-3d3b4aa03bf3" />
      <TestMethod codeBase="f:\vnext1\b25bab26\VSIDEProj.MEF\bin\Release\NonShipping\Microsoft.VisualStudio.Composition.Tests.dll" adapterTypeName="Microsoft.VisualStudio.TestTools.TestTypes.Unit.UnitTestAdapter" className="Microsoft.VisualStudio.Composition.Tests.ImportManyTests" name="V3 composition (V1)" />
    </UnitTest>
    <UnitTest name="V3 engine (runtime)" storage="f:\vnext1\b25bab26\vsideproj.mef\bin\release\nonshipping\microsoft.visualstudio.composition.tests.dll" id="4038f3f9-4cdd-4e9d-bd3b-333102bdaffb">
      <Execution id="355d7639-af4b-4062-962e-731b62fafeea" />
      <TestMethod codeBase="f:\vnext1\b25bab26\VSIDEProj.MEF\bin\Release\NonShipping\Microsoft.VisualStudio.Composition.Tests.dll" adapterTypeName="Microsoft.VisualStudio.TestTools.TestTypes.Unit.UnitTestAdapter" className="Microsoft.VisualStudio.Composition.Tests.ExportMetadataTests" name="V3 engine (runtime)" />
    </UnitTest>
    <UnitTest name="V1" storage="f:\vnext1\b25bab26\vsideproj.mef\bin\release\nonshipping\microsoft.visualstudio.composition.tests.dll" id="e1604dc9-c502-4ed1-b31b-a9559cb7389e">
      <Execution id="1429cb2d-8fd0-42dd-8e92-6c36ce5c0b8d" />
      <TestMethod codeBase="f:\vnext1\b25bab26\VSIDEProj.MEF\bin\Release\NonShipping\Microsoft.VisualStudio.Composition.Tests.dll" adapterTypeName="Microsoft.VisualStudio.TestTools.TestTypes.Unit.UnitTestAdapter" className="Microsoft.VisualStudio.Composition.Tests.ExportMetadataTests" name="V1" />
    </UnitTest>
    <UnitTest name="V3 composition (V1)" storage="f:\vnext1\b25bab26\vsideproj.mef\bin\release\nonshipping\microsoft.visualstudio.composition.tests.dll" id="e8a59488-549d-47e8-8d23-6762a1ab2ca7">
      <Execution id="fc42963f-b400-4aa3-8922-eedc5280b4d3" />
      <TestMethod codeBase="f:\vnext1\b25bab26\VSIDEProj.MEF\bin\Release\NonShipping\Microsoft.VisualStudio.Composition.Tests.dll" adapterTypeName="Microsoft.VisualStudio.TestTools.TestTypes.Unit.UnitTestAdapter" className="Microsoft.VisualStudio.Composition.Tests.ImportingConstructorTests" name="V3 composition (V1)" />
    </UnitTest>
    <UnitTest name="V3 engine (runtime)" storage="f:\vnext1\b25bab26\vsideproj.mef\bin\release\nonshipping\microsoft.visualstudio.composition.tests.dll" id="ef7b181a-491e-4410-bc6a-7ddf618c3660">
      <Execution id="9b28c469-22a6-4264-864f-e3cbcdb319d4" />
      <TestMethod codeBase="f:\vnext1\b25bab26\VSIDEProj.MEF\bin\Release\NonShipping\Microsoft.VisualStudio.Composition.Tests.dll" adapterTypeName="Microsoft.VisualStudio.TestTools.TestTypes.Unit.UnitTestAdapter" className="Microsoft.VisualStudio.Composition.Tests.ImportManyTests" name="V3 engine (runtime)" />
    </UnitTest>
    <UnitTest name="V1" storage="f:\vnext1\b25bab26\vsideproj.mef\bin\release\nonshipping\microsoft.visualstudio.composition.tests.dll" id="0e448fbc-f7bc-43e4-8575-35e72509d9e4">
      <Execution id="9c1a0cfe-5c7f-4e6b-9ef1-a56869156608" />
      <TestMethod codeBase="f:\vnext1\b25bab26\VSIDEProj.MEF\bin\Release\NonShipping\Microsoft.VisualStudio.Composition.Tests.dll" adapterTypeName="Microsoft.VisualStudio.TestTools.TestTypes.Unit.UnitTestAdapter" className="Microsoft.VisualStudio.Composition.Tests.ImportManyTests" name="V1" />
    </UnitTest>
    <UnitTest name="V3 composition (V1)" storage="f:\vnext1\b25bab26\vsideproj.mef\bin\release\nonshipping\microsoft.visualstudio.composition.tests.dll" id="faf5924a-0913-4933-89d6-e97dc7847ec7">
      <Execution id="07f4e764-ac05-464d-8e0f-4f670035eabe" />
      <TestMethod codeBase="f:\vnext1\b25bab26\VSIDEProj.MEF\bin\Release\NonShipping\Microsoft.VisualStudio.Composition.Tests.dll" adapterTypeName="Microsoft.VisualStudio.TestTools.TestTypes.Unit.UnitTestAdapter" className="Microsoft.VisualStudio.Composition.Tests.NonPublicImportsExportsTests" name="V3 composition (V1)" />
    </UnitTest>
    <UnitTest name="V2" storage="f:\vnext1\b25bab26\vsideproj.mef\bin\release\nonshipping\microsoft.visualstudio.composition.tests.dll" id="3c0ce58d-1c04-4840-a98d-cc198edb2af8">
      <Execution id="a3f27cb7-22fa-4ef2-8f4c-4d743a201601" />
      <TestMethod codeBase="f:\vnext1\b25bab26\VSIDEProj.MEF\bin\Release\NonShipping\Microsoft.VisualStudio.Composition.Tests.dll" adapterTypeName="Microsoft.VisualStudio.TestTools.TestTypes.Unit.UnitTestAdapter" className="Microsoft.VisualStudio.Composition.Tests.ImportManyTests" name="V2" />
    </UnitTest>
    <UnitTest name="V3 engine (runtime)" storage="f:\vnext1\b25bab26\vsideproj.mef\bin\release\nonshipping\microsoft.visualstudio.composition.tests.dll" id="102e84ff-8751-4007-9e97-9f9016958984">
      <Execution id="47ff5764-c6c6-4837-ab0a-b335b15a0137" />
      <TestMethod codeBase="f:\vnext1\b25bab26\VSIDEProj.MEF\bin\Release\NonShipping\Microsoft.VisualStudio.Composition.Tests.dll" adapterTypeName="Microsoft.VisualStudio.TestTools.TestTypes.Unit.UnitTestAdapter" className="Microsoft.VisualStudio.Composition.Tests.ImportingConstructorTests" name="V3 engine (runtime)" />
    </UnitTest>
    <UnitTest name="V3 engine (runtime)" storage="f:\vnext1\b25bab26\vsideproj.mef\bin\release\nonshipping\microsoft.visualstudio.composition.tests.dll" id="19ad95f0-51d1-46a4-aeef-fe30656549ed">
      <Execution id="69ac8c22-e2fb-4e58-8285-2a2e7f04a754" />
      <TestMethod codeBase="f:\vnext1\b25bab26\VSIDEProj.MEF\bin\Release\NonShipping\Microsoft.VisualStudio.Composition.Tests.dll" adapterTypeName="Microsoft.VisualStudio.TestTools.TestTypes.Unit.UnitTestAdapter" className="Microsoft.VisualStudio.Composition.Tests.NonPublicImportsExportsTests" name="V3 engine (runtime)" />
    </UnitTest>
    <UnitTest name="V1" storage="f:\vnext1\b25bab26\vsideproj.mef\bin\release\nonshipping\microsoft.visualstudio.composition.tests.dll" id="27d585e7-4432-4122-bf07-2abd6cf9ef13">
      <Execution id="587694d2-4c63-480d-9eff-62e8afc99300" />
      <TestMethod codeBase="f:\vnext1\b25bab26\VSIDEProj.MEF\bin\Release\NonShipping\Microsoft.VisualStudio.Composition.Tests.dll" adapterTypeName="Microsoft.VisualStudio.TestTools.TestTypes.Unit.UnitTestAdapter" className="Microsoft.VisualStudio.Composition.Tests.ImportingConstructorTests" name="V1" />
    </UnitTest>
    <UnitTest name="V1" storage="f:\vnext1\b25bab26\vsideproj.mef\bin\release\nonshipping\microsoft.visualstudio.composition.tests.dll" id="61f2fa80-747f-4b3b-8ec5-ae0ef2e4e6ff">
      <Execution id="1fde33c5-6e7c-4ab0-ac93-8d8fd27421d1" />
      <TestMethod codeBase="f:\vnext1\b25bab26\VSIDEProj.MEF\bin\Release\NonShipping\Microsoft.VisualStudio.Composition.Tests.dll" adapterTypeName="Microsoft.VisualStudio.TestTools.TestTypes.Unit.UnitTestAdapter" className="Microsoft.VisualStudio.Composition.Tests.NonPublicImportsExportsTests" name="V1" />
    </UnitTest>
    <UnitTest name="V3 composition (V1, V2)" storage="f:\vnext1\b25bab26\vsideproj.mef\bin\release\nonshipping\microsoft.visualstudio.composition.tests.dll" id="a24723c4-2589-4cb1-adc3-be4fa7f19df1">
      <Execution id="283dba5d-8b89-4f56-ad41-e4ad34c462ad" />
      <TestMethod codeBase="f:\vnext1\b25bab26\VSIDEProj.MEF\bin\Release\NonShipping\Microsoft.VisualStudio.Composition.Tests.dll" adapterTypeName="Microsoft.VisualStudio.TestTools.TestTypes.Unit.UnitTestAdapter" className="Microsoft.VisualStudio.Composition.Tests.ImportManyTests" name="V3 composition (V1, V2)" />
    </UnitTest>
    <UnitTest name="V3 composition (V1)" storage="f:\vnext1\b25bab26\vsideproj.mef\bin\release\nonshipping\microsoft.visualstudio.composition.tests.dll" id="e5615bb9-559a-4d37-8f5a-e7219b0eca07">
      <Execution id="1e0646fc-9f39-4f6f-b3fa-a37f7c002154" />
      <TestMethod codeBase="f:\vnext1\b25bab26\VSIDEProj.MEF\bin\Release\NonShipping\Microsoft.VisualStudio.Composition.Tests.dll" adapterTypeName="Microsoft.VisualStudio.TestTools.TestTypes.Unit.UnitTestAdapter" className="Microsoft.VisualStudio.Composition.Tests.ExportMetadataTests" name="V3 composition (V1)" />
    </UnitTest>
    <UnitTest name="V3 engine (runtime)" storage="f:\vnext1\b25bab26\vsideproj.mef\bin\release\nonshipping\microsoft.visualstudio.composition.tests.dll" id="73c605ed-8218-449e-ac3b-0d8b8208c289">
      <Execution id="c42ef04e-76b9-4ce3-926e-fd5215974a04" />
      <TestMethod codeBase="f:\vnext1\b25bab26\VSIDEProj.MEF\bin\Release\NonShipping\Microsoft.VisualStudio.Composition.Tests.dll" adapterTypeName="Microsoft.VisualStudio.TestTools.TestTypes.Unit.UnitTestAdapter" className="Microsoft.VisualStudio.Composition.Tests.ImportManyTests" name="V3 engine (runtime)" />
    </UnitTest>
    <UnitTest name="V3 engine (runtime)" storage="f:\vnext1\b25bab26\vsideproj.mef\bin\release\nonshipping\microsoft.visualstudio.composition.tests.dll" id="d0d6c1bf-dfdf-4045-b226-c57a299a722b">
      <Execution id="3162be64-c298-47b1-b7a9-7dde111e12e4" />
      <TestMethod codeBase="f:\vnext1\b25bab26\VSIDEProj.MEF\bin\Release\NonShipping\Microsoft.VisualStudio.Composition.Tests.dll" adapterTypeName="Microsoft.VisualStudio.TestTools.TestTypes.Unit.UnitTestAdapter" className="Microsoft.VisualStudio.Composition.Tests.ExportMetadataTests" name="V3 engine (runtime)" />
    </UnitTest>
    <UnitTest name="V3 composition (V1)" storage="f:\vnext1\b25bab26\vsideproj.mef\bin\release\nonshipping\microsoft.visualstudio.composition.tests.dll" id="8c89423d-391d-44f0-804f-72503bd33143">
      <Execution id="be63b460-e2ed-43a6-af44-3a46e1adb1b4" />
      <TestMethod codeBase="f:\vnext1\b25bab26\VSIDEProj.MEF\bin\Release\NonShipping\Microsoft.VisualStudio.Composition.Tests.dll" adapterTypeName="Microsoft.VisualStudio.TestTools.TestTypes.Unit.UnitTestAdapter" className="Microsoft.VisualStudio.Composition.Tests.ImportingConstructorTests" name="V3 composition (V1)" />
    </UnitTest>
    <UnitTest name="V3 composition (V1)" storage="f:\vnext1\b25bab26\vsideproj.mef\bin\release\nonshipping\microsoft.visualstudio.composition.tests.dll" id="3b8ac7fa-bc9a-486c-bc59-f35210e3c3d2">
      <Execution id="7f350b52-1468-4a94-a285-4733492bbdfc" />
      <TestMethod codeBase="f:\vnext1\b25bab26\VSIDEProj.MEF\bin\Release\NonShipping\Microsoft.VisualStudio.Composition.Tests.dll" adapterTypeName="Microsoft.VisualStudio.TestTools.TestTypes.Unit.UnitTestAdapter" className="Microsoft.VisualStudio.Composition.Tests.NonPublicImportsExportsTests" name="V3 composition (V1)" />
    </UnitTest>
    <UnitTest name="V1" storage="f:\vnext1\b25bab26\vsideproj.mef\bin\release\nonshipping\microsoft.visualstudio.composition.tests.dll" id="cd7b662a-1d3f-4ab0-af70-0eeff8d2f0c4">
      <Execution id="c7cd5adc-3ff3-4bd7-a01c-9c2b7da2cdf8" />
      <TestMethod codeBase="f:\vnext1\b25bab26\VSIDEProj.MEF\bin\Release\NonShipping\Microsoft.VisualStudio.Composition.Tests.dll" adapterTypeName="Microsoft.VisualStudio.TestTools.TestTypes.Unit.UnitTestAdapter" className="Microsoft.VisualStudio.Composition.Tests.ExportMetadataTests" name="V1" />
    </UnitTest>
    <UnitTest name="V1" storage="f:\vnext1\b25bab26\vsideproj.mef\bin\release\nonshipping\microsoft.visualstudio.composition.tests.dll" id="7b4748df-dab4-4787-9b09-77b09d7d9b6a">
      <Execution id="a907f1db-a207-4ec7-a154-7d451a6e7577" />
      <TestMethod codeBase="f:\vnext1\b25bab26\VSIDEProj.MEF\bin\Release\NonShipping\Microsoft.VisualStudio.Composition.Tests.dll" adapterTypeName="Microsoft.VisualStudio.TestTools.TestTypes.Unit.UnitTestAdapter" className="Microsoft.VisualStudio.Composition.Tests.ImportManyTests" name="V1" />
    </UnitTest>
    <UnitTest name="V3 engine (runtime)" storage="f:\vnext1\b25bab26\vsideproj.mef\bin\release\nonshipping\microsoft.visualstudio.composition.tests.dll" id="dd1ef0b9-cf3b-4f54-8d87-88d27fb6faf4">
      <Execution id="7aa19dea-96b3-4892-8f7b-340b0bd4d72a" />
      <TestMethod codeBase="f:\vnext1\b25bab26\VSIDEProj.MEF\bin\Release\NonShipping\Microsoft.VisualStudio.Composition.Tests.dll" adapterTypeName="Microsoft.VisualStudio.TestTools.TestTypes.Unit.UnitTestAdapter" className="Microsoft.VisualStudio.Composition.Tests.NonPublicImportsExportsTests" name="V3 engine (runtime)" />
    </UnitTest>
    <UnitTest name="V1" storage="f:\vnext1\b25bab26\vsideproj.mef\bin\release\nonshipping\microsoft.visualstudio.composition.tests.dll" id="69473fd8-6561-4aa4-bcd3-711ad3525e5b">
      <Execution id="38ad4dc0-eec6-4ca7-98ca-c325cc5982fb" />
      <TestMethod codeBase="f:\vnext1\b25bab26\VSIDEProj.MEF\bin\Release\NonShipping\Microsoft.VisualStudio.Composition.Tests.dll" adapterTypeName="Microsoft.VisualStudio.TestTools.TestTypes.Unit.UnitTestAdapter" className="Microsoft.VisualStudio.Composition.Tests.NonPublicImportsExportsTests" name="V1" />
    </UnitTest>
    <UnitTest name="V3 composition (V1, V2)" storage="f:\vnext1\b25bab26\vsideproj.mef\bin\release\nonshipping\microsoft.visualstudio.composition.tests.dll" id="3d62a30b-ffc2-4ba2-9372-663d5c7afa39">
      <Execution id="373b61df-4170-49de-93c8-99e5d7ce2404" />
      <TestMethod codeBase="f:\vnext1\b25bab26\VSIDEProj.MEF\bin\Release\NonShipping\Microsoft.VisualStudio.Composition.Tests.dll" adapterTypeName="Microsoft.VisualStudio.TestTools.TestTypes.Unit.UnitTestAdapter" className="Microsoft.VisualStudio.Composition.Tests.ExportMetadataTests" name="V3 composition (V1, V2)" />
    </UnitTest>
    <UnitTest name="V3 composition (V1)" storage="f:\vnext1\b25bab26\vsideproj.mef\bin\release\nonshipping\microsoft.visualstudio.composition.tests.dll" id="d423749b-5b5f-4c06-8a1a-c3eee22629f8">
      <Execution id="8ccfaebb-224b-4d2c-ad58-f2d01e8c8336" />
      <TestMethod codeBase="f:\vnext1\b25bab26\VSIDEProj.MEF\bin\Release\NonShipping\Microsoft.VisualStudio.Composition.Tests.dll" adapterTypeName="Microsoft.VisualStudio.TestTools.TestTypes.Unit.UnitTestAdapter" className="Microsoft.VisualStudio.Composition.Tests.ImportManyTests" name="V3 composition (V1)" />
    </UnitTest>
    <UnitTest name="V3 composition (V1, V2)" storage="f:\vnext1\b25bab26\vsideproj.mef\bin\release\nonshipping\microsoft.visualstudio.composition.tests.dll" id="3fb7ef61-403c-4986-83ac-4cc84233e9ec">
      <Execution id="33bdbb12-c30e-4663-8ef2-4a421ce5e300" />
      <TestMethod codeBase="f:\vnext1\b25bab26\VSIDEProj.MEF\bin\Release\NonShipping\Microsoft.VisualStudio.Composition.Tests.dll" adapterTypeName="Microsoft.VisualStudio.TestTools.TestTypes.Unit.UnitTestAdapter" className="Microsoft.VisualStudio.Composition.Tests.ImportingConstructorTests" name="V3 composition (V1, V2)" />
    </UnitTest>
    <UnitTest name="V3 engine (runtime)" storage="f:\vnext1\b25bab26\vsideproj.mef\bin\release\nonshipping\microsoft.visualstudio.composition.tests.dll" id="34829af7-3699-4204-8f09-df819b35613b">
      <Execution id="0e345976-33b1-4a7d-92b3-5bd80cd3e09c" />
      <TestMethod codeBase="f:\vnext1\b25bab26\VSIDEProj.MEF\bin\Release\NonShipping\Microsoft.VisualStudio.Composition.Tests.dll" adapterTypeName="Microsoft.VisualStudio.TestTools.TestTypes.Unit.UnitTestAdapter" className="Microsoft.VisualStudio.Composition.Tests.ImportManyTests" name="V3 engine (runtime)" />
    </UnitTest>
    <UnitTest name="V1" storage="f:\vnext1\b25bab26\vsideproj.mef\bin\release\nonshipping\microsoft.visualstudio.composition.tests.dll" id="6d00b237-dccd-410b-893c-5a6f6ff60293">
      <Execution id="4b3f10db-cb9e-446c-b68a-14d9d79bfaa0" />
      <TestMethod codeBase="f:\vnext1\b25bab26\VSIDEProj.MEF\bin\Release\NonShipping\Microsoft.VisualStudio.Composition.Tests.dll" adapterTypeName="Microsoft.VisualStudio.TestTools.TestTypes.Unit.UnitTestAdapter" className="Microsoft.VisualStudio.Composition.Tests.ImportManyTests" name="V1" />
    </UnitTest>
    <UnitTest name="V3 engine (runtime)" storage="f:\vnext1\b25bab26\vsideproj.mef\bin\release\nonshipping\microsoft.visualstudio.composition.tests.dll" id="61e4cd32-8f35-42c7-9b00-43f7253ea1de">
      <Execution id="0e4f9694-6bfd-4f89-a135-745d2534a237" />
      <TestMethod codeBase="f:\vnext1\b25bab26\VSIDEProj.MEF\bin\Release\NonShipping\Microsoft.VisualStudio.Composition.Tests.dll" adapterTypeName="Microsoft.VisualStudio.TestTools.TestTypes.Unit.UnitTestAdapter" className="Microsoft.VisualStudio.Composition.Tests.ExportMetadataTests" name="V3 engine (runtime)" />
    </UnitTest>
    <UnitTest name="V3 engine (runtime)" storage="f:\vnext1\b25bab26\vsideproj.mef\bin\release\nonshipping\microsoft.visualstudio.composition.tests.dll" id="58021c3e-2f91-4921-997a-e8005c83afdd">
      <Execution id="9073a02c-f266-4d72-bfc7-4d19ba23d515" />
      <TestMethod codeBase="f:\vnext1\b25bab26\VSIDEProj.MEF\bin\Release\NonShipping\Microsoft.VisualStudio.Composition.Tests.dll" adapterTypeName="Microsoft.VisualStudio.TestTools.TestTypes.Unit.UnitTestAdapter" className="Microsoft.VisualStudio.Composition.Tests.ImportingConstructorTests" name="V3 engine (runtime)" />
    </UnitTest>
    <UnitTest name="V1" storage="f:\vnext1\b25bab26\vsideproj.mef\bin\release\nonshipping\microsoft.visualstudio.composition.tests.dll" id="197fdc14-9c57-463d-a0ae-c45af3dc9d50">
      <Execution id="86a4398c-c101-4071-a6ea-b0b5369f33a4" />
      <TestMethod codeBase="f:\vnext1\b25bab26\VSIDEProj.MEF\bin\Release\NonShipping\Microsoft.VisualStudio.Composition.Tests.dll" adapterTypeName="Microsoft.VisualStudio.TestTools.TestTypes.Unit.UnitTestAdapter" className="Microsoft.VisualStudio.Composition.Tests.ExportMetadataTests" name="V1" />
    </UnitTest>
    <UnitTest name="V3 engine (runtime)" storage="f:\vnext1\b25bab26\vsideproj.mef\bin\release\nonshipping\microsoft.visualstudio.composition.tests.dll" id="2235bd72-d5d2-4b01-8337-3f409b3ee496">
      <Execution id="6824eb7b-4ccc-4d48-942c-a2d96abc9f38" />
      <TestMethod codeBase="f:\vnext1\b25bab26\VSIDEProj.MEF\bin\Release\NonShipping\Microsoft.VisualStudio.Composition.Tests.dll" adapterTypeName="Microsoft.VisualStudio.TestTools.TestTypes.Unit.UnitTestAdapter" className="Microsoft.VisualStudio.Composition.Tests.ImportingConstructorTests" name="V3 engine (runtime)" />
    </UnitTest>
    <UnitTest name="V1" storage="f:\vnext1\b25bab26\vsideproj.mef\bin\release\nonshipping\microsoft.visualstudio.composition.tests.dll" id="7ff40eb7-153e-45c5-b705-2cb8f8966646">
      <Execution id="d94113f1-9120-4214-9edf-453013e27e80" />
      <TestMethod codeBase="f:\vnext1\b25bab26\VSIDEProj.MEF\bin\Release\NonShipping\Microsoft.VisualStudio.Composition.Tests.dll" adapterTypeName="Microsoft.VisualStudio.TestTools.TestTypes.Unit.UnitTestAdapter" className="Microsoft.VisualStudio.Composition.Tests.ImportingConstructorTests" name="V1" />
    </UnitTest>
    <UnitTest name="V2" storage="f:\vnext1\b25bab26\vsideproj.mef\bin\release\nonshipping\microsoft.visualstudio.composition.tests.dll" id="8bee5651-02db-4d31-a3a8-e19d53fe4f34">
      <Execution id="c23648bc-04cc-41ad-a25a-25efcb72a1c4" />
      <TestMethod codeBase="f:\vnext1\b25bab26\VSIDEProj.MEF\bin\Release\NonShipping\Microsoft.VisualStudio.Composition.Tests.dll" adapterTypeName="Microsoft.VisualStudio.TestTools.TestTypes.Unit.UnitTestAdapter" className="Microsoft.VisualStudio.Composition.Tests.ImportingConstructorTests" name="V2" />
    </UnitTest>
    <UnitTest name="V3 composition (V1)" storage="f:\vnext1\b25bab26\vsideproj.mef\bin\release\nonshipping\microsoft.visualstudio.composition.tests.dll" id="75562b60-cb00-41b9-9087-be6347efd507">
      <Execution id="ff892b6e-41eb-4a3e-9185-9bdb0c0c300d" />
      <TestMethod codeBase="f:\vnext1\b25bab26\VSIDEProj.MEF\bin\Release\NonShipping\Microsoft.VisualStudio.Composition.Tests.dll" adapterTypeName="Microsoft.VisualStudio.TestTools.TestTypes.Unit.UnitTestAdapter" className="Microsoft.VisualStudio.Composition.Tests.ImportManyTests" name="V3 composition (V1)" />
    </UnitTest>
    <UnitTest name="V3 composition (V1)" storage="f:\vnext1\b25bab26\vsideproj.mef\bin\release\nonshipping\microsoft.visualstudio.composition.tests.dll" id="a92ad1dc-b0a5-4529-89da-bec135e0a465">
      <Execution id="104fb075-b320-4a13-94b6-214ddfe83f48" />
      <TestMethod codeBase="f:\vnext1\b25bab26\VSIDEProj.MEF\bin\Release\NonShipping\Microsoft.VisualStudio.Composition.Tests.dll" adapterTypeName="Microsoft.VisualStudio.TestTools.TestTypes.Unit.UnitTestAdapter" className="Microsoft.VisualStudio.Composition.Tests.ExportMetadataTests" name="V3 composition (V1)" />
    </UnitTest>
    <UnitTest name="V3 engine (runtime)" storage="f:\vnext1\b25bab26\vsideproj.mef\bin\release\nonshipping\microsoft.visualstudio.composition.tests.dll" id="4f749208-d4c7-41f3-a34b-d62728b2de7c">
      <Execution id="66d4e3c3-e42c-4b17-84be-b712c739eafd" />
      <TestMethod codeBase="f:\vnext1\b25bab26\VSIDEProj.MEF\bin\Release\NonShipping\Microsoft.VisualStudio.Composition.Tests.dll" adapterTypeName="Microsoft.VisualStudio.TestTools.TestTypes.Unit.UnitTestAdapter" className="Microsoft.VisualStudio.Composition.Tests.ImportManyTests" name="V3 engine (runtime)" />
    </UnitTest>
    <UnitTest name="V1" storage="f:\vnext1\b25bab26\vsideproj.mef\bin\release\nonshipping\microsoft.visualstudio.composition.tests.dll" id="f64dac14-f6e5-40ce-bf94-680bb870a251">
      <Execution id="951877dc-da15-46bf-96cb-7e765fd157af" />
      <TestMethod codeBase="f:\vnext1\b25bab26\VSIDEProj.MEF\bin\Release\NonShipping\Microsoft.VisualStudio.Composition.Tests.dll" adapterTypeName="Microsoft.VisualStudio.TestTools.TestTypes.Unit.UnitTestAdapter" className="Microsoft.VisualStudio.Composition.Tests.ImportManyTests" name="V1" />
    </UnitTest>
    <UnitTest name="V3 engine (runtime)" storage="f:\vnext1\b25bab26\vsideproj.mef\bin\release\nonshipping\microsoft.visualstudio.composition.tests.dll" id="b4a0a30c-afeb-42a3-b6a6-a065ccb95728">
      <Execution id="2f48538e-614a-4715-8e33-b6b24d4201a8" />
      <TestMethod codeBase="f:\vnext1\b25bab26\VSIDEProj.MEF\bin\Release\NonShipping\Microsoft.VisualStudio.Composition.Tests.dll" adapterTypeName="Microsoft.VisualStudio.TestTools.TestTypes.Unit.UnitTestAdapter" className="Microsoft.VisualStudio.Composition.Tests.ExportMetadataTests" name="V3 engine (runtime)" />
    </UnitTest>
    <UnitTest name="V1" storage="f:\vnext1\b25bab26\vsideproj.mef\bin\release\nonshipping\microsoft.visualstudio.composition.tests.dll" id="157d13d4-8c2f-4df8-9e50-50ee08067c49">
      <Execution id="daf51657-b944-4a77-99b3-1259de8cb12b" />
      <TestMethod codeBase="f:\vnext1\b25bab26\VSIDEProj.MEF\bin\Release\NonShipping\Microsoft.VisualStudio.Composition.Tests.dll" adapterTypeName="Microsoft.VisualStudio.TestTools.TestTypes.Unit.UnitTestAdapter" className="Microsoft.VisualStudio.Composition.Tests.ExportMetadataTests" name="V1" />
    </UnitTest>
    <UnitTest name="V2" storage="f:\vnext1\b25bab26\vsideproj.mef\bin\release\nonshipping\microsoft.visualstudio.composition.tests.dll" id="2b9d6f5e-0352-4227-b8a6-1cad6aa75f10">
      <Execution id="dce49e03-9d7e-487e-a899-988c4d0402cc" />
      <TestMethod codeBase="f:\vnext1\b25bab26\VSIDEProj.MEF\bin\Release\NonShipping\Microsoft.VisualStudio.Composition.Tests.dll" adapterTypeName="Microsoft.VisualStudio.TestTools.TestTypes.Unit.UnitTestAdapter" className="Microsoft.VisualStudio.Composition.Tests.ImportManyTests" name="V2" />
    </UnitTest>
    <UnitTest name="V2" storage="f:\vnext1\b25bab26\vsideproj.mef\bin\release\nonshipping\microsoft.visualstudio.composition.tests.dll" id="6e02a374-e419-45d6-affc-8b224595548a">
      <Execution id="57c11078-e584-499b-a564-b8a804809100" />
      <TestMethod codeBase="f:\vnext1\b25bab26\VSIDEProj.MEF\bin\Release\NonShipping\Microsoft.VisualStudio.Composition.Tests.dll" adapterTypeName="Microsoft.VisualStudio.TestTools.TestTypes.Unit.UnitTestAdapter" className="Microsoft.VisualStudio.Composition.Tests.ExportMetadataTests" name="V2" />
    </UnitTest>
    <UnitTest name="V3 composition (V1, V2)" storage="f:\vnext1\b25bab26\vsideproj.mef\bin\release\nonshipping\microsoft.visualstudio.composition.tests.dll" id="3f5fddda-dc14-41f0-aaad-a9c2a2e8d83d">
      <Execution id="52175963-f19e-4d96-8773-f83841ebd057" />
      <TestMethod codeBase="f:\vnext1\b25bab26\VSIDEProj.MEF\bin\Release\NonShipping\Microsoft.VisualStudio.Composition.Tests.dll" adapterTypeName="Microsoft.VisualStudio.TestTools.TestTypes.Unit.UnitTestAdapter" className="Microsoft.VisualStudio.Composition.Tests.ImportManyTests" name="V3 composition (V1, V2)" />
    </UnitTest>
    <UnitTest name="V3 engine (runtime)" storage="f:\vnext1\b25bab26\vsideproj.mef\bin\release\nonshipping\microsoft.visualstudio.composition.tests.dll" id="7e326e9f-be4b-4dec-8a5d-4ab7c04fc4a6">
      <Execution id="017cd6a1-b562-4ca7-a2e0-d1939e905ff8" />
      <TestMethod codeBase="f:\vnext1\b25bab26\VSIDEProj.MEF\bin\Release\NonShipping\Microsoft.VisualStudio.Composition.Tests.dll" adapterTypeName="Microsoft.VisualStudio.TestTools.TestTypes.Unit.UnitTestAdapter" className="Microsoft.VisualStudio.Composition.Tests.ImportManyTests" name="V3 engine (runtime)" />
    </UnitTest>
    <UnitTest name="V1" storage="f:\vnext1\b25bab26\vsideproj.mef\bin\release\nonshipping\microsoft.visualstudio.composition.tests.dll" id="a517be73-807c-40ee-b3dd-a8bffd594e4d">
      <Execution id="6d930809-afef-4438-9330-96ecdbbd79e4" />
      <TestMethod codeBase="f:\vnext1\b25bab26\VSIDEProj.MEF\bin\Release\NonShipping\Microsoft.VisualStudio.Composition.Tests.dll" adapterTypeName="Microsoft.VisualStudio.TestTools.TestTypes.Unit.UnitTestAdapter" className="Microsoft.VisualStudio.Composition.Tests.ImportManyTests" name="V1" />
    </UnitTest>
    <UnitTest name="V3 composition (V1, V2)" storage="f:\vnext1\b25bab26\vsideproj.mef\bin\release\nonshipping\microsoft.visualstudio.composition.tests.dll" id="8ded7687-c60b-4e8b-a006-d43eebe5f5de">
      <Execution id="b42fb1b1-ab8b-4c8e-8b1c-3e0611d05ef2" />
      <TestMethod codeBase="f:\vnext1\b25bab26\VSIDEProj.MEF\bin\Release\NonShipping\Microsoft.VisualStudio.Composition.Tests.dll" adapterTypeName="Microsoft.VisualStudio.TestTools.TestTypes.Unit.UnitTestAdapter" className="Microsoft.VisualStudio.Composition.Tests.ExportMetadataTests" name="V3 composition (V1, V2)" />
    </UnitTest>
    <UnitTest name="V3 composition (V1)" storage="f:\vnext1\b25bab26\vsideproj.mef\bin\release\nonshipping\microsoft.visualstudio.composition.tests.dll" id="5f6450b0-3ac0-47e3-93c2-b744ea3be9dc">
      <Execution id="8887a25a-f1ad-4f10-bff3-7e89cd6f4178" />
      <TestMethod codeBase="f:\vnext1\b25bab26\VSIDEProj.MEF\bin\Release\NonShipping\Microsoft.VisualStudio.Composition.Tests.dll" adapterTypeName="Microsoft.VisualStudio.TestTools.TestTypes.Unit.UnitTestAdapter" className="Microsoft.VisualStudio.Composition.Tests.ImportManyTests" name="V3 composition (V1)" />
    </UnitTest>
    <UnitTest name="V3 engine (runtime)" storage="f:\vnext1\b25bab26\vsideproj.mef\bin\release\nonshipping\microsoft.visualstudio.composition.tests.dll" id="b4c589eb-2d6a-475b-bcf8-ce5e82446bc5">
      <Execution id="d124b56f-bf9e-49e3-9936-e4f3b9d9709e" />
      <TestMethod codeBase="f:\vnext1\b25bab26\VSIDEProj.MEF\bin\Release\NonShipping\Microsoft.VisualStudio.Composition.Tests.dll" adapterTypeName="Microsoft.VisualStudio.TestTools.TestTypes.Unit.UnitTestAdapter" className="Microsoft.VisualStudio.Composition.Tests.ExportMetadataTests" name="V3 engine (runtime)" />
    </UnitTest>
    <UnitTest name="V1" storage="f:\vnext1\b25bab26\vsideproj.mef\bin\release\nonshipping\microsoft.visualstudio.composition.tests.dll" id="b5df7ec8-6322-465a-8281-416e484be15a">
      <Execution id="0db48b38-5dd7-4641-bc44-4fd9bbb042b5" />
      <TestMethod codeBase="f:\vnext1\b25bab26\VSIDEProj.MEF\bin\Release\NonShipping\Microsoft.VisualStudio.Composition.Tests.dll" adapterTypeName="Microsoft.VisualStudio.TestTools.TestTypes.Unit.UnitTestAdapter" className="Microsoft.VisualStudio.Composition.Tests.ExportMetadataTests" name="V1" />
    </UnitTest>
    <UnitTest name="V3 engine (runtime)" storage="f:\vnext1\b25bab26\vsideproj.mef\bin\release\nonshipping\microsoft.visualstudio.composition.tests.dll" id="f35b821b-3f42-4283-87dc-bd7b934bd447">
      <Execution id="be669f76-ef5b-46de-b421-bf862ea05e16" />
      <TestMethod codeBase="f:\vnext1\b25bab26\VSIDEProj.MEF\bin\Release\NonShipping\Microsoft.VisualStudio.Composition.Tests.dll" adapterTypeName="Microsoft.VisualStudio.TestTools.TestTypes.Unit.UnitTestAdapter" className="Microsoft.VisualStudio.Composition.Tests.ImportManyTests" name="V3 engine (runtime)" />
    </UnitTest>
    <UnitTest name="V3 composition (V1, V2)" storage="f:\vnext1\b25bab26\vsideproj.mef\bin\release\nonshipping\microsoft.visualstudio.composition.tests.dll" id="a2f9c5d0-cffd-4b60-ba87-4acbad6323b5">
      <Execution id="e2e06dc7-26c8-49fb-b55f-821e88513a49" />
      <TestMethod codeBase="f:\vnext1\b25bab26\VSIDEProj.MEF\bin\Release\NonShipping\Microsoft.VisualStudio.Composition.Tests.dll" adapterTypeName="Microsoft.VisualStudio.TestTools.TestTypes.Unit.UnitTestAdapter" className="Microsoft.VisualStudio.Composition.Tests.ImportingConstructorTests" name="V3 composition (V1, V2)" />
    </UnitTest>
    <UnitTest name="V1" storage="f:\vnext1\b25bab26\vsideproj.mef\bin\release\nonshipping\microsoft.visualstudio.composition.tests.dll" id="74ca1a21-80a6-4490-b2c3-45dc19ab638e">
      <Execution id="e5814c43-159f-42d6-8167-db94c4b36fcc" />
      <TestMethod codeBase="f:\vnext1\b25bab26\VSIDEProj.MEF\bin\Release\NonShipping\Microsoft.VisualStudio.Composition.Tests.dll" adapterTypeName="Microsoft.VisualStudio.TestTools.TestTypes.Unit.UnitTestAdapter" className="Microsoft.VisualStudio.Composition.Tests.ImportManyTests" name="V1" />
    </UnitTest>
    <UnitTest name="V3 engine (runtime)" storage="f:\vnext1\b25bab26\vsideproj.mef\bin\release\nonshipping\microsoft.visualstudio.composition.tests.dll" id="cb50ec95-fbbc-4f32-a51c-c3a296831cbe">
      <Execution id="1c84ecdd-6703-4e3f-b874-83d42aa46c29" />
      <TestMethod codeBase="f:\vnext1\b25bab26\VSIDEProj.MEF\bin\Release\NonShipping\Microsoft.VisualStudio.Composition.Tests.dll" adapterTypeName="Microsoft.VisualStudio.TestTools.TestTypes.Unit.UnitTestAdapter" className="Microsoft.VisualStudio.Composition.Tests.ImportingConstructorTests" name="V3 engine (runtime)" />
    </UnitTest>
    <UnitTest name="V3 composition (V1)" storage="f:\vnext1\b25bab26\vsideproj.mef\bin\release\nonshipping\microsoft.visualstudio.composition.tests.dll" id="6b79fcb7-b387-4246-a7e3-db569b878997">
      <Execution id="5f869d5f-452b-4b19-a6cd-1ad7036315d9" />
      <TestMethod codeBase="f:\vnext1\b25bab26\VSIDEProj.MEF\bin\Release\NonShipping\Microsoft.VisualStudio.Composition.Tests.dll" adapterTypeName="Microsoft.VisualStudio.TestTools.TestTypes.Unit.UnitTestAdapter" className="Microsoft.VisualStudio.Composition.Tests.ExportMetadataTests" name="V3 composition (V1)" />
    </UnitTest>
    <UnitTest name="V3 composition (V1)" storage="f:\vnext1\b25bab26\vsideproj.mef\bin\release\nonshipping\microsoft.visualstudio.composition.tests.dll" id="e8e525c3-76e7-4796-9c2a-1eafb525f22c">
      <Execution id="d904cda0-4e17-4496-bbe7-e96c29aa7e44" />
      <TestMethod codeBase="f:\vnext1\b25bab26\VSIDEProj.MEF\bin\Release\NonShipping\Microsoft.VisualStudio.Composition.Tests.dll" adapterTypeName="Microsoft.VisualStudio.TestTools.TestTypes.Unit.UnitTestAdapter" className="Microsoft.VisualStudio.Composition.Tests.ImportManyTests" name="V3 composition (V1)" />
    </UnitTest>
    <UnitTest name="V3 engine (runtime)" storage="f:\vnext1\b25bab26\vsideproj.mef\bin\release\nonshipping\microsoft.visualstudio.composition.tests.dll" id="2ddf6cf2-e5fd-4c72-a254-24afc056555c">
      <Execution id="9f7896b9-c8dc-42e3-bd5f-fe27ce5c171d" />
      <TestMethod codeBase="f:\vnext1\b25bab26\VSIDEProj.MEF\bin\Release\NonShipping\Microsoft.VisualStudio.Composition.Tests.dll" adapterTypeName="Microsoft.VisualStudio.TestTools.TestTypes.Unit.UnitTestAdapter" className="Microsoft.VisualStudio.Composition.Tests.ImportingConstructorTests" name="V3 engine (runtime)" />
    </UnitTest>
    <UnitTest name="V1" storage="f:\vnext1\b25bab26\vsideproj.mef\bin\release\nonshipping\microsoft.visualstudio.composition.tests.dll" id="c5e821f5-7a06-46b6-baa1-c639f4fa86f6">
      <Execution id="01619ec6-7957-408a-8516-6ee76232a36f" />
      <TestMethod codeBase="f:\vnext1\b25bab26\VSIDEProj.MEF\bin\Release\NonShipping\Microsoft.VisualStudio.Composition.Tests.dll" adapterTypeName="Microsoft.VisualStudio.TestTools.TestTypes.Unit.UnitTestAdapter" className="Microsoft.VisualStudio.Composition.Tests.ImportingConstructorTests" name="V1" />
    </UnitTest>
    <UnitTest name="V3 engine (runtime)" storage="f:\vnext1\b25bab26\vsideproj.mef\bin\release\nonshipping\microsoft.visualstudio.composition.tests.dll" id="f8e4c336-fa94-486d-afef-cffb9e7b3ce4">
      <Execution id="33ebf158-5221-4b00-b5ea-231cea6087cc" />
      <TestMethod codeBase="f:\vnext1\b25bab26\VSIDEProj.MEF\bin\Release\NonShipping\Microsoft.VisualStudio.Composition.Tests.dll" adapterTypeName="Microsoft.VisualStudio.TestTools.TestTypes.Unit.UnitTestAdapter" className="Microsoft.VisualStudio.Composition.Tests.ExportMetadataTests" name="V3 engine (runtime)" />
    </UnitTest>
    <UnitTest name="V1" storage="f:\vnext1\b25bab26\vsideproj.mef\bin\release\nonshipping\microsoft.visualstudio.composition.tests.dll" id="4d9b16c5-773e-457b-9915-7c653743249e">
      <Execution id="0daf7b52-ccc0-4922-8697-c01f2b386c02" />
      <TestMethod codeBase="f:\vnext1\b25bab26\VSIDEProj.MEF\bin\Release\NonShipping\Microsoft.VisualStudio.Composition.Tests.dll" adapterTypeName="Microsoft.VisualStudio.TestTools.TestTypes.Unit.UnitTestAdapter" className="Microsoft.VisualStudio.Composition.Tests.ExportMetadataTests" name="V1" />
    </UnitTest>
    <UnitTest name="V2" storage="f:\vnext1\b25bab26\vsideproj.mef\bin\release\nonshipping\microsoft.visualstudio.composition.tests.dll" id="96407c6c-4878-43b4-bf7f-448a6ae845af">
      <Execution id="5ac21ed7-9954-456a-b88f-2ed6e57782e2" />
      <TestMethod codeBase="f:\vnext1\b25bab26\VSIDEProj.MEF\bin\Release\NonShipping\Microsoft.VisualStudio.Composition.Tests.dll" adapterTypeName="Microsoft.VisualStudio.TestTools.TestTypes.Unit.UnitTestAdapter" className="Microsoft.VisualStudio.Composition.Tests.ImportingConstructorTests" name="V2" />
    </UnitTest>
    <UnitTest name="V3 engine (runtime)" storage="f:\vnext1\b25bab26\vsideproj.mef\bin\release\nonshipping\microsoft.visualstudio.composition.tests.dll" id="5703fed9-7853-4a7a-8d26-ac0a21849922">
      <Execution id="3f5d56a7-b8f2-4675-a6d3-414082496617" />
      <TestMethod codeBase="f:\vnext1\b25bab26\VSIDEProj.MEF\bin\Release\NonShipping\Microsoft.VisualStudio.Composition.Tests.dll" adapterTypeName="Microsoft.VisualStudio.TestTools.TestTypes.Unit.UnitTestAdapter" className="Microsoft.VisualStudio.Composition.Tests.ImportManyTests" name="V3 engine (runtime)" />
    </UnitTest>
    <UnitTest name="V1" storage="f:\vnext1\b25bab26\vsideproj.mef\bin\release\nonshipping\microsoft.visualstudio.composition.tests.dll" id="ef685342-cc39-47c6-82e3-08cf0ebc56c6">
      <Execution id="f8439d93-6b97-4cbb-92be-52b9f715b4a5" />
      <TestMethod codeBase="f:\vnext1\b25bab26\VSIDEProj.MEF\bin\Release\NonShipping\Microsoft.VisualStudio.Composition.Tests.dll" adapterTypeName="Microsoft.VisualStudio.TestTools.TestTypes.Unit.UnitTestAdapter" className="Microsoft.VisualStudio.Composition.Tests.ImportManyTests" name="V1" />
    </UnitTest>
    <UnitTest name="V3 composition (V1)" storage="f:\vnext1\b25bab26\vsideproj.mef\bin\release\nonshipping\microsoft.visualstudio.composition.tests.dll" id="625fbcd7-ce28-46f2-9737-978aa476097c">
      <Execution id="d3d5988b-5240-4303-950f-99b005934a9b" />
      <TestMethod codeBase="f:\vnext1\b25bab26\VSIDEProj.MEF\bin\Release\NonShipping\Microsoft.VisualStudio.Composition.Tests.dll" adapterTypeName="Microsoft.VisualStudio.TestTools.TestTypes.Unit.UnitTestAdapter" className="Microsoft.VisualStudio.Composition.Tests.ImportManyTests" name="V3 composition (V1)" />
    </UnitTest>
    <UnitTest name="V3 engine (runtime)" storage="f:\vnext1\b25bab26\vsideproj.mef\bin\release\nonshipping\microsoft.visualstudio.composition.tests.dll" id="360de79c-eb58-4f10-8029-d423a16da1b6">
      <Execution id="ac9fccce-a763-4ac0-8558-a6fd87ad0cdd" />
      <TestMethod codeBase="f:\vnext1\b25bab26\VSIDEProj.MEF\bin\Release\NonShipping\Microsoft.VisualStudio.Composition.Tests.dll" adapterTypeName="Microsoft.VisualStudio.TestTools.TestTypes.Unit.UnitTestAdapter" className="Microsoft.VisualStudio.Composition.Tests.ImportManyTests" name="V3 engine (runtime)" />
    </UnitTest>
    <UnitTest name="V3 composition (V1)" storage="f:\vnext1\b25bab26\vsideproj.mef\bin\release\nonshipping\microsoft.visualstudio.composition.tests.dll" id="9d442232-54de-43e5-a4e7-4325155252f2">
      <Execution id="da158a26-0217-4184-b46e-85687b588cf2" />
      <TestMethod codeBase="f:\vnext1\b25bab26\VSIDEProj.MEF\bin\Release\NonShipping\Microsoft.VisualStudio.Composition.Tests.dll" adapterTypeName="Microsoft.VisualStudio.TestTools.TestTypes.Unit.UnitTestAdapter" className="Microsoft.VisualStudio.Composition.Tests.ExportMetadataTests" name="V3 composition (V1)" />
    </UnitTest>
    <UnitTest name="V1" storage="f:\vnext1\b25bab26\vsideproj.mef\bin\release\nonshipping\microsoft.visualstudio.composition.tests.dll" id="c896d566-8e11-4040-b394-29960021ed80">
      <Execution id="e73021fa-9250-4c15-b9b2-b59b74864781" />
      <TestMethod codeBase="f:\vnext1\b25bab26\VSIDEProj.MEF\bin\Release\NonShipping\Microsoft.VisualStudio.Composition.Tests.dll" adapterTypeName="Microsoft.VisualStudio.TestTools.TestTypes.Unit.UnitTestAdapter" className="Microsoft.VisualStudio.Composition.Tests.ImportManyTests" name="V1" />
    </UnitTest>
    <UnitTest name="V3 composition (V1, V2)" storage="f:\vnext1\b25bab26\vsideproj.mef\bin\release\nonshipping\microsoft.visualstudio.composition.tests.dll" id="5bcdf1aa-d2fe-4dec-b068-14c151383220">
      <Execution id="1075be1b-9d06-4a1d-a66e-d81a16abe805" />
      <TestMethod codeBase="f:\vnext1\b25bab26\VSIDEProj.MEF\bin\Release\NonShipping\Microsoft.VisualStudio.Composition.Tests.dll" adapterTypeName="Microsoft.VisualStudio.TestTools.TestTypes.Unit.UnitTestAdapter" className="Microsoft.VisualStudio.Composition.Tests.ImportingConstructorTests" name="V3 composition (V1, V2)" />
    </UnitTest>
    <UnitTest name="V3 composition (V1)" storage="f:\vnext1\b25bab26\vsideproj.mef\bin\release\nonshipping\microsoft.visualstudio.composition.tests.dll" id="a261425a-e5b7-4058-bf71-f08f723ec67e">
      <Execution id="98f6faf8-7748-427a-ad24-6c7f50b664ed" />
      <TestMethod codeBase="f:\vnext1\b25bab26\VSIDEProj.MEF\bin\Release\NonShipping\Microsoft.VisualStudio.Composition.Tests.dll" adapterTypeName="Microsoft.VisualStudio.TestTools.TestTypes.Unit.UnitTestAdapter" className="Microsoft.VisualStudio.Composition.Tests.NonPublicImportsExportsTests" name="V3 composition (V1)" />
    </UnitTest>
    <UnitTest name="V3 engine (runtime)" storage="f:\vnext1\b25bab26\vsideproj.mef\bin\release\nonshipping\microsoft.visualstudio.composition.tests.dll" id="383ea1ef-3766-4a94-9ddd-543c7c44077e">
      <Execution id="e5e5e00c-b20f-49d9-8dd8-8ed14a531065" />
      <TestMethod codeBase="f:\vnext1\b25bab26\VSIDEProj.MEF\bin\Release\NonShipping\Microsoft.VisualStudio.Composition.Tests.dll" adapterTypeName="Microsoft.VisualStudio.TestTools.TestTypes.Unit.UnitTestAdapter" className="Microsoft.VisualStudio.Composition.Tests.ImportingConstructorTests" name="V3 engine (runtime)" />
    </UnitTest>
    <UnitTest name="V3 engine (runtime)" storage="f:\vnext1\b25bab26\vsideproj.mef\bin\release\nonshipping\microsoft.visualstudio.composition.tests.dll" id="e5b1db50-4d2a-428d-8c4a-fcbd3e3b6081">
      <Execution id="6c54d6fa-646c-4bc2-80df-a1ae3599ff78" />
      <TestMethod codeBase="f:\vnext1\b25bab26\VSIDEProj.MEF\bin\Release\NonShipping\Microsoft.VisualStudio.Composition.Tests.dll" adapterTypeName="Microsoft.VisualStudio.TestTools.TestTypes.Unit.UnitTestAdapter" className="Microsoft.VisualStudio.Composition.Tests.ImportingConstructorTests" name="V3 engine (runtime)" />
    </UnitTest>
    <UnitTest name="V3 engine (runtime)" storage="f:\vnext1\b25bab26\vsideproj.mef\bin\release\nonshipping\microsoft.visualstudio.composition.tests.dll" id="0d2ba8e3-3fbe-486e-8f13-4424ed62fc12">
      <Execution id="d04ea92c-6630-48de-a850-9fc761ed9df2" />
      <TestMethod codeBase="f:\vnext1\b25bab26\VSIDEProj.MEF\bin\Release\NonShipping\Microsoft.VisualStudio.Composition.Tests.dll" adapterTypeName="Microsoft.VisualStudio.TestTools.TestTypes.Unit.UnitTestAdapter" className="Microsoft.VisualStudio.Composition.Tests.NonPublicImportsExportsTests" name="V3 engine (runtime)" />
    </UnitTest>
    <UnitTest name="V1" storage="f:\vnext1\b25bab26\vsideproj.mef\bin\release\nonshipping\microsoft.visualstudio.composition.tests.dll" id="4e4c898d-bd81-4c9f-917a-8ce2f6079043">
      <Execution id="c0fe3c44-046d-4327-ba8a-fd290fb304b7" />
      <TestMethod codeBase="f:\vnext1\b25bab26\VSIDEProj.MEF\bin\Release\NonShipping\Microsoft.VisualStudio.Composition.Tests.dll" adapterTypeName="Microsoft.VisualStudio.TestTools.TestTypes.Unit.UnitTestAdapter" className="Microsoft.VisualStudio.Composition.Tests.ImportingConstructorTests" name="V1" />
    </UnitTest>
    <UnitTest name="V1" storage="f:\vnext1\b25bab26\vsideproj.mef\bin\release\nonshipping\microsoft.visualstudio.composition.tests.dll" id="1c966865-64c4-4e13-bd68-171c2fc02318">
      <Execution id="c5b908f1-9dd2-423c-87ce-7f90667c9ab2" />
      <TestMethod codeBase="f:\vnext1\b25bab26\VSIDEProj.MEF\bin\Release\NonShipping\Microsoft.VisualStudio.Composition.Tests.dll" adapterTypeName="Microsoft.VisualStudio.TestTools.TestTypes.Unit.UnitTestAdapter" className="Microsoft.VisualStudio.Composition.Tests.NonPublicImportsExportsTests" name="V1" />
    </UnitTest>
    <UnitTest name="V2" storage="f:\vnext1\b25bab26\vsideproj.mef\bin\release\nonshipping\microsoft.visualstudio.composition.tests.dll" id="12458f57-6161-4404-8192-ddf8a6c35eac">
      <Execution id="51ccdedb-24c2-4229-a6f9-2ec42f162b38" />
      <TestMethod codeBase="f:\vnext1\b25bab26\VSIDEProj.MEF\bin\Release\NonShipping\Microsoft.VisualStudio.Composition.Tests.dll" adapterTypeName="Microsoft.VisualStudio.TestTools.TestTypes.Unit.UnitTestAdapter" className="Microsoft.VisualStudio.Composition.Tests.ImportingConstructorTests" name="V2" />
    </UnitTest>
    <UnitTest name="V3 composition (V1)" storage="f:\vnext1\b25bab26\vsideproj.mef\bin\release\nonshipping\microsoft.visualstudio.composition.tests.dll" id="cdd3bd46-a33b-421a-86d9-a9e0edcb77af">
      <Execution id="9dec584d-6433-4c04-8b57-97b7496373bb" />
      <TestMethod codeBase="f:\vnext1\b25bab26\VSIDEProj.MEF\bin\Release\NonShipping\Microsoft.VisualStudio.Composition.Tests.dll" adapterTypeName="Microsoft.VisualStudio.TestTools.TestTypes.Unit.UnitTestAdapter" className="Microsoft.VisualStudio.Composition.Tests.ImportManyTests" name="V3 composition (V1)" />
    </UnitTest>
    <UnitTest name="V3 composition (V1)" storage="f:\vnext1\b25bab26\vsideproj.mef\bin\release\nonshipping\microsoft.visualstudio.composition.tests.dll" id="c3d4dfe7-28fe-42cb-993c-3ba1fcf02f04">
      <Execution id="e669f18e-fa59-4694-9e91-b9abb0b19281" />
      <TestMethod codeBase="f:\vnext1\b25bab26\VSIDEProj.MEF\bin\Release\NonShipping\Microsoft.VisualStudio.Composition.Tests.dll" adapterTypeName="Microsoft.VisualStudio.TestTools.TestTypes.Unit.UnitTestAdapter" className="Microsoft.VisualStudio.Composition.Tests.NonPublicImportsExportsTests" name="V3 composition (V1)" />
    </UnitTest>
    <UnitTest name="V3 engine (runtime)" storage="f:\vnext1\b25bab26\vsideproj.mef\bin\release\nonshipping\microsoft.visualstudio.composition.tests.dll" id="ad7749b4-142a-45f3-9899-1c5672c81a41">
      <Execution id="9685ca02-3d32-404d-a882-0d627e0bd935" />
      <TestMethod codeBase="f:\vnext1\b25bab26\VSIDEProj.MEF\bin\Release\NonShipping\Microsoft.VisualStudio.Composition.Tests.dll" adapterTypeName="Microsoft.VisualStudio.TestTools.TestTypes.Unit.UnitTestAdapter" className="Microsoft.VisualStudio.Composition.Tests.ImportManyTests" name="V3 engine (runtime)" />
    </UnitTest>
    <UnitTest name="V2" storage="f:\vnext1\b25bab26\vsideproj.mef\bin\release\nonshipping\microsoft.visualstudio.composition.tests.dll" id="fa6a71cf-0a89-463f-b9e3-d4eaccd322d2">
      <Execution id="00df7bf8-2181-4159-86f9-70495da2d331" />
      <TestMethod codeBase="f:\vnext1\b25bab26\VSIDEProj.MEF\bin\Release\NonShipping\Microsoft.VisualStudio.Composition.Tests.dll" adapterTypeName="Microsoft.VisualStudio.TestTools.TestTypes.Unit.UnitTestAdapter" className="Microsoft.VisualStudio.Composition.Tests.ImportManyTests" name="V2" />
    </UnitTest>
    <UnitTest name="V3 engine (runtime)" storage="f:\vnext1\b25bab26\vsideproj.mef\bin\release\nonshipping\microsoft.visualstudio.composition.tests.dll" id="d21b2b96-f8c4-43d1-9904-198a69ae836f">
      <Execution id="9c371be6-3659-499c-adde-e144badbab37" />
      <TestMethod codeBase="f:\vnext1\b25bab26\VSIDEProj.MEF\bin\Release\NonShipping\Microsoft.VisualStudio.Composition.Tests.dll" adapterTypeName="Microsoft.VisualStudio.TestTools.TestTypes.Unit.UnitTestAdapter" className="Microsoft.VisualStudio.Composition.Tests.ExportMetadataTests" name="V3 engine (runtime)" />
    </UnitTest>
    <UnitTest name="V3 engine (runtime)" storage="f:\vnext1\b25bab26\vsideproj.mef\bin\release\nonshipping\microsoft.visualstudio.composition.tests.dll" id="a4602f92-2fbe-49cb-b324-a08549c356fd">
      <Execution id="bbdd6517-7644-47fa-8c0d-e5a8f2878e18" />
      <TestMethod codeBase="f:\vnext1\b25bab26\VSIDEProj.MEF\bin\Release\NonShipping\Microsoft.VisualStudio.Composition.Tests.dll" adapterTypeName="Microsoft.VisualStudio.TestTools.TestTypes.Unit.UnitTestAdapter" className="Microsoft.VisualStudio.Composition.Tests.NonPublicImportsExportsTests" name="V3 engine (runtime)" />
    </UnitTest>
    <UnitTest name="V1" storage="f:\vnext1\b25bab26\vsideproj.mef\bin\release\nonshipping\microsoft.visualstudio.composition.tests.dll" id="f0911ee7-ec6a-4269-b0e4-147957003fb1">
      <Execution id="33177a54-405c-497c-b1aa-16ff50fd46f6" />
      <TestMethod codeBase="f:\vnext1\b25bab26\VSIDEProj.MEF\bin\Release\NonShipping\Microsoft.VisualStudio.Composition.Tests.dll" adapterTypeName="Microsoft.VisualStudio.TestTools.TestTypes.Unit.UnitTestAdapter" className="Microsoft.VisualStudio.Composition.Tests.ExportMetadataTests" name="V1" />
    </UnitTest>
    <UnitTest name="V1" storage="f:\vnext1\b25bab26\vsideproj.mef\bin\release\nonshipping\microsoft.visualstudio.composition.tests.dll" id="656236f1-1ceb-48db-a567-6debc1ce343f">
      <Execution id="f151d6fa-5310-4947-81f8-58011c949df7" />
      <TestMethod codeBase="f:\vnext1\b25bab26\VSIDEProj.MEF\bin\Release\NonShipping\Microsoft.VisualStudio.Composition.Tests.dll" adapterTypeName="Microsoft.VisualStudio.TestTools.TestTypes.Unit.UnitTestAdapter" className="Microsoft.VisualStudio.Composition.Tests.NonPublicImportsExportsTests" name="V1" />
    </UnitTest>
    <UnitTest name="V3 composition (V1, V2)" storage="f:\vnext1\b25bab26\vsideproj.mef\bin\release\nonshipping\microsoft.visualstudio.composition.tests.dll" id="ed001285-3607-4af4-8dba-a47237430b2c">
      <Execution id="1b81a9b7-bc4d-4403-8dba-d290e76ec46e" />
      <TestMethod codeBase="f:\vnext1\b25bab26\VSIDEProj.MEF\bin\Release\NonShipping\Microsoft.VisualStudio.Composition.Tests.dll" adapterTypeName="Microsoft.VisualStudio.TestTools.TestTypes.Unit.UnitTestAdapter" className="Microsoft.VisualStudio.Composition.Tests.ImportingConstructorTests" name="V3 composition (V1, V2)" />
    </UnitTest>
    <UnitTest name="V3 composition (V1)" storage="f:\vnext1\b25bab26\vsideproj.mef\bin\release\nonshipping\microsoft.visualstudio.composition.tests.dll" id="7b4acd14-3247-4ac5-91ac-12268f4e598d">
      <Execution id="7d06f374-31f1-409f-a9f7-ad9299473179" />
      <TestMethod codeBase="f:\vnext1\b25bab26\VSIDEProj.MEF\bin\Release\NonShipping\Microsoft.VisualStudio.Composition.Tests.dll" adapterTypeName="Microsoft.VisualStudio.TestTools.TestTypes.Unit.UnitTestAdapter" className="Microsoft.VisualStudio.Composition.Tests.ExportMetadataTests" name="V3 composition (V1)" />
    </UnitTest>
    <UnitTest name="V3 composition (V1)" storage="f:\vnext1\b25bab26\vsideproj.mef\bin\release\nonshipping\microsoft.visualstudio.composition.tests.dll" id="35000864-589a-416e-ad35-526ca0ab0ecc">
      <Execution id="e832a2ee-965a-43fe-a8a2-693c93860009" />
      <TestMethod codeBase="f:\vnext1\b25bab26\VSIDEProj.MEF\bin\Release\NonShipping\Microsoft.VisualStudio.Composition.Tests.dll" adapterTypeName="Microsoft.VisualStudio.TestTools.TestTypes.Unit.UnitTestAdapter" className="Microsoft.VisualStudio.Composition.Tests.NonPublicImportsExportsTests" name="V3 composition (V1)" />
    </UnitTest>
    <UnitTest name="V3 engine (runtime)" storage="f:\vnext1\b25bab26\vsideproj.mef\bin\release\nonshipping\microsoft.visualstudio.composition.tests.dll" id="3757d50f-f449-407b-8d9e-b48dd6eca1a4">
      <Execution id="d63f05b7-0d11-4cfa-8593-c0c3a960c50a" />
      <TestMethod codeBase="f:\vnext1\b25bab26\VSIDEProj.MEF\bin\Release\NonShipping\Microsoft.VisualStudio.Composition.Tests.dll" adapterTypeName="Microsoft.VisualStudio.TestTools.TestTypes.Unit.UnitTestAdapter" className="Microsoft.VisualStudio.Composition.Tests.ExportMetadataTests" name="V3 engine (runtime)" />
    </UnitTest>
    <UnitTest name="V3 engine (runtime)" storage="f:\vnext1\b25bab26\vsideproj.mef\bin\release\nonshipping\microsoft.visualstudio.composition.tests.dll" id="1bba40df-14de-45cf-9715-a3bf3e6f410a">
      <Execution id="165294a8-439b-4749-b8d2-157112e3feba" />
      <TestMethod codeBase="f:\vnext1\b25bab26\VSIDEProj.MEF\bin\Release\NonShipping\Microsoft.VisualStudio.Composition.Tests.dll" adapterTypeName="Microsoft.VisualStudio.TestTools.TestTypes.Unit.UnitTestAdapter" className="Microsoft.VisualStudio.Composition.Tests.ImportingConstructorTests" name="V3 engine (runtime)" />
    </UnitTest>
    <UnitTest name="V3 composition (V2)" storage="f:\vnext1\b25bab26\vsideproj.mef\bin\release\nonshipping\microsoft.visualstudio.composition.tests.dll" id="bea8cacb-fedc-48b1-92b5-d421de1e33bd">
      <Execution id="4d560e23-a8d6-44c8-af10-df10e7ad5f15" />
      <TestMethod codeBase="f:\vnext1\b25bab26\VSIDEProj.MEF\bin\Release\NonShipping\Microsoft.VisualStudio.Composition.Tests.dll" adapterTypeName="Microsoft.VisualStudio.TestTools.TestTypes.Unit.UnitTestAdapter" className="Microsoft.VisualStudio.Composition.Tests.ImportManyTests" name="V3 composition (V2)" />
    </UnitTest>
    <UnitTest name="V3 engine (runtime)" storage="f:\vnext1\b25bab26\vsideproj.mef\bin\release\nonshipping\microsoft.visualstudio.composition.tests.dll" id="0fbcee68-eac9-4768-bb5f-c4dd8aefc329">
      <Execution id="82f9a1ff-cd07-4a2f-9755-70e728c07c32" />
      <TestMethod codeBase="f:\vnext1\b25bab26\VSIDEProj.MEF\bin\Release\NonShipping\Microsoft.VisualStudio.Composition.Tests.dll" adapterTypeName="Microsoft.VisualStudio.TestTools.TestTypes.Unit.UnitTestAdapter" className="Microsoft.VisualStudio.Composition.Tests.NonPublicImportsExportsTests" name="V3 engine (runtime)" />
    </UnitTest>
    <UnitTest name="V1" storage="f:\vnext1\b25bab26\vsideproj.mef\bin\release\nonshipping\microsoft.visualstudio.composition.tests.dll" id="52eaa30c-f985-44b6-bb6f-adfe4b3158b8">
      <Execution id="f226cf48-1f54-442a-ad48-a220b9285334" />
      <TestMethod codeBase="f:\vnext1\b25bab26\VSIDEProj.MEF\bin\Release\NonShipping\Microsoft.VisualStudio.Composition.Tests.dll" adapterTypeName="Microsoft.VisualStudio.TestTools.TestTypes.Unit.UnitTestAdapter" className="Microsoft.VisualStudio.Composition.Tests.NonPublicImportsExportsTests" name="V1" />
    </UnitTest>
    <UnitTest name="V1" storage="f:\vnext1\b25bab26\vsideproj.mef\bin\release\nonshipping\microsoft.visualstudio.composition.tests.dll" id="a82be2de-768b-4c8d-864b-5ccc30443656">
      <Execution id="8e81f2eb-c02d-4394-b2f3-2facd68a8f44" />
      <TestMethod codeBase="f:\vnext1\b25bab26\VSIDEProj.MEF\bin\Release\NonShipping\Microsoft.VisualStudio.Composition.Tests.dll" adapterTypeName="Microsoft.VisualStudio.TestTools.TestTypes.Unit.UnitTestAdapter" className="Microsoft.VisualStudio.Composition.Tests.ExportMetadataTests" name="V1" />
    </UnitTest>
    <UnitTest name="V3 engine (runtime)" storage="f:\vnext1\b25bab26\vsideproj.mef\bin\release\nonshipping\microsoft.visualstudio.composition.tests.dll" id="4c4ab070-22c0-4e1d-9dee-a32ec4b6714e">
      <Execution id="31dd33fe-da01-46df-a6bc-b90fa2819fc9" />
      <TestMethod codeBase="f:\vnext1\b25bab26\VSIDEProj.MEF\bin\Release\NonShipping\Microsoft.VisualStudio.Composition.Tests.dll" adapterTypeName="Microsoft.VisualStudio.TestTools.TestTypes.Unit.UnitTestAdapter" className="Microsoft.VisualStudio.Composition.Tests.ImportManyTests" name="V3 engine (runtime)" />
    </UnitTest>
    <UnitTest name="V3 composition (V1)" storage="f:\vnext1\b25bab26\vsideproj.mef\bin\release\nonshipping\microsoft.visualstudio.composition.tests.dll" id="7994c78f-f5b4-4112-a8fc-7ce7ec3c03c6">
      <Execution id="bc1b953e-2c97-4dff-a395-c8a6635c25f6" />
      <TestMethod codeBase="f:\vnext1\b25bab26\VSIDEProj.MEF\bin\Release\NonShipping\Microsoft.VisualStudio.Composition.Tests.dll" adapterTypeName="Microsoft.VisualStudio.TestTools.TestTypes.Unit.UnitTestAdapter" className="Microsoft.VisualStudio.Composition.Tests.EditorHostTests" name="V3 composition (V1)" />
    </UnitTest>
    <UnitTest name="V3 engine (runtime)" storage="f:\vnext1\b25bab26\vsideproj.mef\bin\release\nonshipping\microsoft.visualstudio.composition.tests.dll" id="01bb50c1-496a-495e-a413-92d0e2fe2125">
      <Execution id="43a86216-177e-46fc-bf54-3d04b0458ec2" />
      <TestMethod codeBase="f:\vnext1\b25bab26\VSIDEProj.MEF\bin\Release\NonShipping\Microsoft.VisualStudio.Composition.Tests.dll" adapterTypeName="Microsoft.VisualStudio.TestTools.TestTypes.Unit.UnitTestAdapter" className="Microsoft.VisualStudio.Composition.Tests.ImportingConstructorTests" name="V3 engine (runtime)" />
    </UnitTest>
    <UnitTest name="V1" storage="f:\vnext1\b25bab26\vsideproj.mef\bin\release\nonshipping\microsoft.visualstudio.composition.tests.dll" id="02e185aa-f24c-46ac-93fb-320085f6cbb3">
      <Execution id="277f88c9-07ac-4e0c-9204-838300c3510c" />
      <TestMethod codeBase="f:\vnext1\b25bab26\VSIDEProj.MEF\bin\Release\NonShipping\Microsoft.VisualStudio.Composition.Tests.dll" adapterTypeName="Microsoft.VisualStudio.TestTools.TestTypes.Unit.UnitTestAdapter" className="Microsoft.VisualStudio.Composition.Tests.ImportManyTests" name="V1" />
    </UnitTest>
    <UnitTest name="V3 composition (V1)" storage="f:\vnext1\b25bab26\vsideproj.mef\bin\release\nonshipping\microsoft.visualstudio.composition.tests.dll" id="a6d5def2-0553-4b65-b563-269b68943172">
      <Execution id="10191ec5-43fb-4219-801d-08eb4ae3be21" />
      <TestMethod codeBase="f:\vnext1\b25bab26\VSIDEProj.MEF\bin\Release\NonShipping\Microsoft.VisualStudio.Composition.Tests.dll" adapterTypeName="Microsoft.VisualStudio.TestTools.TestTypes.Unit.UnitTestAdapter" className="Microsoft.VisualStudio.Composition.Tests.NonPublicImportsExportsTests" name="V3 composition (V1)" />
    </UnitTest>
    <UnitTest name="V3 composition (V1)" storage="f:\vnext1\b25bab26\vsideproj.mef\bin\release\nonshipping\microsoft.visualstudio.composition.tests.dll" id="0daa03b2-0867-402b-9dc0-146ddbce0de8">
      <Execution id="9b2674f7-48e0-47fb-8ba2-1795f74220b5" />
      <TestMethod codeBase="f:\vnext1\b25bab26\VSIDEProj.MEF\bin\Release\NonShipping\Microsoft.VisualStudio.Composition.Tests.dll" adapterTypeName="Microsoft.VisualStudio.TestTools.TestTypes.Unit.UnitTestAdapter" className="Microsoft.VisualStudio.Composition.Tests.ExportMetadataTests" name="V3 composition (V1)" />
    </UnitTest>
    <UnitTest name="V3 engine (runtime)" storage="f:\vnext1\b25bab26\vsideproj.mef\bin\release\nonshipping\microsoft.visualstudio.composition.tests.dll" id="2884164d-18da-4d4d-93e2-677c726cc567">
      <Execution id="c52537fe-54a6-4afe-8eb7-703f96897f79" />
      <TestMethod codeBase="f:\vnext1\b25bab26\VSIDEProj.MEF\bin\Release\NonShipping\Microsoft.VisualStudio.Composition.Tests.dll" adapterTypeName="Microsoft.VisualStudio.TestTools.TestTypes.Unit.UnitTestAdapter" className="Microsoft.VisualStudio.Composition.Tests.NonPublicImportsExportsTests" name="V3 engine (runtime)" />
    </UnitTest>
    <UnitTest name="V1" storage="f:\vnext1\b25bab26\vsideproj.mef\bin\release\nonshipping\microsoft.visualstudio.composition.tests.dll" id="7a357c24-cd4e-4800-be7e-68569ed6cb4f">
      <Execution id="6445cf10-0fdc-436f-afcb-b017f1973a96" />
      <TestMethod codeBase="f:\vnext1\b25bab26\VSIDEProj.MEF\bin\Release\NonShipping\Microsoft.VisualStudio.Composition.Tests.dll" adapterTypeName="Microsoft.VisualStudio.TestTools.TestTypes.Unit.UnitTestAdapter" className="Microsoft.VisualStudio.Composition.Tests.NonPublicImportsExportsTests" name="V1" />
    </UnitTest>
    <UnitTest name="V3 engine (runtime)" storage="f:\vnext1\b25bab26\vsideproj.mef\bin\release\nonshipping\microsoft.visualstudio.composition.tests.dll" id="36c81860-645c-499f-92b0-2f404adb6c8f">
      <Execution id="eccddf08-1330-4c16-9d68-1aa2592f54c1" />
      <TestMethod codeBase="f:\vnext1\b25bab26\VSIDEProj.MEF\bin\Release\NonShipping\Microsoft.VisualStudio.Composition.Tests.dll" adapterTypeName="Microsoft.VisualStudio.TestTools.TestTypes.Unit.UnitTestAdapter" className="Microsoft.VisualStudio.Composition.Tests.ExportMetadataTests" name="V3 engine (runtime)" />
    </UnitTest>
    <UnitTest name="V1" storage="f:\vnext1\b25bab26\vsideproj.mef\bin\release\nonshipping\microsoft.visualstudio.composition.tests.dll" id="c890848f-778c-4c9d-a3a2-638957eceaef">
      <Execution id="47fd4db7-d7ae-4098-ae22-e91a14eb9cad" />
      <TestMethod codeBase="f:\vnext1\b25bab26\VSIDEProj.MEF\bin\Release\NonShipping\Microsoft.VisualStudio.Composition.Tests.dll" adapterTypeName="Microsoft.VisualStudio.TestTools.TestTypes.Unit.UnitTestAdapter" className="Microsoft.VisualStudio.Composition.Tests.ExportMetadataTests" name="V1" />
    </UnitTest>
    <UnitTest name="V3 composition (V1)" storage="f:\vnext1\b25bab26\vsideproj.mef\bin\release\nonshipping\microsoft.visualstudio.composition.tests.dll" id="65eecd45-d4ef-471d-9211-4923608d662f">
      <Execution id="78179168-e070-4c87-b939-279c41c87216" />
      <TestMethod codeBase="f:\vnext1\b25bab26\VSIDEProj.MEF\bin\Release\NonShipping\Microsoft.VisualStudio.Composition.Tests.dll" adapterTypeName="Microsoft.VisualStudio.TestTools.TestTypes.Unit.UnitTestAdapter" className="Microsoft.VisualStudio.Composition.Tests.ExportMetadataTests" name="V3 composition (V1)" />
    </UnitTest>
    <UnitTest name="V3 engine (runtime)" storage="f:\vnext1\b25bab26\vsideproj.mef\bin\release\nonshipping\microsoft.visualstudio.composition.tests.dll" id="940fa650-49ac-477f-97e8-5580c9469ded">
      <Execution id="b970a9c0-e3dd-4e8e-8dfa-c18fd717862d" />
      <TestMethod codeBase="f:\vnext1\b25bab26\VSIDEProj.MEF\bin\Release\NonShipping\Microsoft.VisualStudio.Composition.Tests.dll" adapterTypeName="Microsoft.VisualStudio.TestTools.TestTypes.Unit.UnitTestAdapter" className="Microsoft.VisualStudio.Composition.Tests.ExportMetadataTests" name="V3 engine (runtime)" />
    </UnitTest>
    <UnitTest name="V1" storage="f:\vnext1\b25bab26\vsideproj.mef\bin\release\nonshipping\microsoft.visualstudio.composition.tests.dll" id="3ab4b077-724d-417d-817e-15351a57333a">
      <Execution id="a96ebb25-6e37-4a25-aaa5-29ba5f2c5086" />
      <TestMethod codeBase="f:\vnext1\b25bab26\VSIDEProj.MEF\bin\Release\NonShipping\Microsoft.VisualStudio.Composition.Tests.dll" adapterTypeName="Microsoft.VisualStudio.TestTools.TestTypes.Unit.UnitTestAdapter" className="Microsoft.VisualStudio.Composition.Tests.ExportMetadataTests" name="V1" />
    </UnitTest>
    <UnitTest name="V3 composition (V1, V2)" storage="f:\vnext1\b25bab26\vsideproj.mef\bin\release\nonshipping\microsoft.visualstudio.composition.tests.dll" id="778f9905-e6fb-46eb-9a4b-7d73c978178e">
      <Execution id="49dcf681-7759-4d12-b1ed-4f905b84d3ec" />
      <TestMethod codeBase="f:\vnext1\b25bab26\VSIDEProj.MEF\bin\Release\NonShipping\Microsoft.VisualStudio.Composition.Tests.dll" adapterTypeName="Microsoft.VisualStudio.TestTools.TestTypes.Unit.UnitTestAdapter" className="Microsoft.VisualStudio.Composition.Tests.NonPublicImportsExportsTests" name="V3 composition (V1, V2)" />
    </UnitTest>
    <UnitTest name="V3 composition (V1)" storage="f:\vnext1\b25bab26\vsideproj.mef\bin\release\nonshipping\microsoft.visualstudio.composition.tests.dll" id="f7721c21-c521-4c3f-b841-2eebaeb33640">
      <Execution id="e102ac28-7797-49c2-a50c-b64b9fd8f340" />
      <TestMethod codeBase="f:\vnext1\b25bab26\VSIDEProj.MEF\bin\Release\NonShipping\Microsoft.VisualStudio.Composition.Tests.dll" adapterTypeName="Microsoft.VisualStudio.TestTools.TestTypes.Unit.UnitTestAdapter" className="Microsoft.VisualStudio.Composition.Tests.ImportManyTests" name="V3 composition (V1)" />
    </UnitTest>
    <UnitTest name="V3 engine (runtime)" storage="f:\vnext1\b25bab26\vsideproj.mef\bin\release\nonshipping\microsoft.visualstudio.composition.tests.dll" id="998e9af9-3c1d-4b61-a932-62cbb77f8ff2">
      <Execution id="bdc5b357-350a-4a73-aeea-d85647f40815" />
      <TestMethod codeBase="f:\vnext1\b25bab26\VSIDEProj.MEF\bin\Release\NonShipping\Microsoft.VisualStudio.Composition.Tests.dll" adapterTypeName="Microsoft.VisualStudio.TestTools.TestTypes.Unit.UnitTestAdapter" className="Microsoft.VisualStudio.Composition.Tests.NonPublicImportsExportsTests" name="V3 engine (runtime)" />
    </UnitTest>
    <UnitTest name="V3 engine (runtime)" storage="f:\vnext1\b25bab26\vsideproj.mef\bin\release\nonshipping\microsoft.visualstudio.composition.tests.dll" id="a8474554-ae9c-4894-a956-c679f72c7ac1">
      <Execution id="550708bb-10bd-4e33-9d82-1a4f10b311d1" />
      <TestMethod codeBase="f:\vnext1\b25bab26\VSIDEProj.MEF\bin\Release\NonShipping\Microsoft.VisualStudio.Composition.Tests.dll" adapterTypeName="Microsoft.VisualStudio.TestTools.TestTypes.Unit.UnitTestAdapter" className="Microsoft.VisualStudio.Composition.Tests.ImportManyTests" name="V3 engine (runtime)" />
    </UnitTest>
    <UnitTest name="V1" storage="f:\vnext1\b25bab26\vsideproj.mef\bin\release\nonshipping\microsoft.visualstudio.composition.tests.dll" id="49c5b8b4-92cc-424e-92d5-ee80a1477d1b">
      <Execution id="1603d9ee-35b6-4942-91be-c19ad9905f84" />
      <TestMethod codeBase="f:\vnext1\b25bab26\VSIDEProj.MEF\bin\Release\NonShipping\Microsoft.VisualStudio.Composition.Tests.dll" adapterTypeName="Microsoft.VisualStudio.TestTools.TestTypes.Unit.UnitTestAdapter" className="Microsoft.VisualStudio.Composition.Tests.ImportManyTests" name="V1" />
    </UnitTest>
    <UnitTest name="V2" storage="f:\vnext1\b25bab26\vsideproj.mef\bin\release\nonshipping\microsoft.visualstudio.composition.tests.dll" id="3960c701-e721-4d11-876f-53462b254da6">
      <Execution id="e61973ac-4068-4be3-90c0-95ee9f7126d7" />
      <TestMethod codeBase="f:\vnext1\b25bab26\VSIDEProj.MEF\bin\Release\NonShipping\Microsoft.VisualStudio.Composition.Tests.dll" adapterTypeName="Microsoft.VisualStudio.TestTools.TestTypes.Unit.UnitTestAdapter" className="Microsoft.VisualStudio.Composition.Tests.ImportManyTests" name="V2" />
    </UnitTest>
    <UnitTest name="V3 composition (V1)" storage="f:\vnext1\b25bab26\vsideproj.mef\bin\release\nonshipping\microsoft.visualstudio.composition.tests.dll" id="6abaa9cb-5221-440f-8aae-42b66dc19fa4">
      <Execution id="360aaea4-87df-4dc1-80a8-dad2bd6572d1" />
      <TestMethod codeBase="f:\vnext1\b25bab26\VSIDEProj.MEF\bin\Release\NonShipping\Microsoft.VisualStudio.Composition.Tests.dll" adapterTypeName="Microsoft.VisualStudio.TestTools.TestTypes.Unit.UnitTestAdapter" className="Microsoft.VisualStudio.Composition.Tests.ExportMetadataTests" name="V3 composition (V1)" />
    </UnitTest>
    <UnitTest name="V3 engine (runtime)" storage="f:\vnext1\b25bab26\vsideproj.mef\bin\release\nonshipping\microsoft.visualstudio.composition.tests.dll" id="4fec242c-c0fb-440f-bac0-d51630746b24">
      <Execution id="2155ef60-0811-491a-8ee6-2d5a3b7702e6" />
      <TestMethod codeBase="f:\vnext1\b25bab26\VSIDEProj.MEF\bin\Release\NonShipping\Microsoft.VisualStudio.Composition.Tests.dll" adapterTypeName="Microsoft.VisualStudio.TestTools.TestTypes.Unit.UnitTestAdapter" className="Microsoft.VisualStudio.Composition.Tests.NonPublicImportsExportsTests" name="V3 engine (runtime)" />
    </UnitTest>
    <UnitTest name="V1" storage="f:\vnext1\b25bab26\vsideproj.mef\bin\release\nonshipping\microsoft.visualstudio.composition.tests.dll" id="68d51392-f23c-4aa2-97c4-d1731f10a61c">
      <Execution id="be053759-86e9-4729-82e8-b55e12472015" />
      <TestMethod codeBase="f:\vnext1\b25bab26\VSIDEProj.MEF\bin\Release\NonShipping\Microsoft.VisualStudio.Composition.Tests.dll" adapterTypeName="Microsoft.VisualStudio.TestTools.TestTypes.Unit.UnitTestAdapter" className="Microsoft.VisualStudio.Composition.Tests.NonPublicImportsExportsTests" name="V1" />
    </UnitTest>
    <UnitTest name="V3 engine (runtime)" storage="f:\vnext1\b25bab26\vsideproj.mef\bin\release\nonshipping\microsoft.visualstudio.composition.tests.dll" id="cb258bc7-d06c-4658-8949-d344226d183c">
      <Execution id="e1f5cf6f-209a-4774-88cd-5fb202d32e79" />
      <TestMethod codeBase="f:\vnext1\b25bab26\VSIDEProj.MEF\bin\Release\NonShipping\Microsoft.VisualStudio.Composition.Tests.dll" adapterTypeName="Microsoft.VisualStudio.TestTools.TestTypes.Unit.UnitTestAdapter" className="Microsoft.VisualStudio.Composition.Tests.ExportMetadataTests" name="V3 engine (runtime)" />
    </UnitTest>
    <UnitTest name="V1" storage="f:\vnext1\b25bab26\vsideproj.mef\bin\release\nonshipping\microsoft.visualstudio.composition.tests.dll" id="db3d2d21-bde7-4051-846a-05e406ca0d87">
      <Execution id="65fdc2dc-851e-43f1-ab41-933af3c9eee2" />
      <TestMethod codeBase="f:\vnext1\b25bab26\VSIDEProj.MEF\bin\Release\NonShipping\Microsoft.VisualStudio.Composition.Tests.dll" adapterTypeName="Microsoft.VisualStudio.TestTools.TestTypes.Unit.UnitTestAdapter" className="Microsoft.VisualStudio.Composition.Tests.ExportMetadataTests" name="V1" />
    </UnitTest>
    <UnitTest name="V3 composition (V1)" storage="f:\vnext1\b25bab26\vsideproj.mef\bin\release\nonshipping\microsoft.visualstudio.composition.tests.dll" id="1186ca54-bd61-4a2b-8b9b-b0a99d5983c6">
      <Execution id="16f6d001-43e3-45f8-83b9-06930f68db28" />
      <TestMethod codeBase="f:\vnext1\b25bab26\VSIDEProj.MEF\bin\Release\NonShipping\Microsoft.VisualStudio.Composition.Tests.dll" adapterTypeName="Microsoft.VisualStudio.TestTools.TestTypes.Unit.UnitTestAdapter" className="Microsoft.VisualStudio.Composition.Tests.NonPublicImportsExportsTests" name="V3 composition (V1)" />
    </UnitTest>
    <UnitTest name="V3 composition (V1, V2)" storage="f:\vnext1\b25bab26\vsideproj.mef\bin\release\nonshipping\microsoft.visualstudio.composition.tests.dll" id="89045bc5-7927-4628-8bcc-d6782327449b">
      <Execution id="9b9ae1b8-6814-4832-b58a-6aa20b8373cb" />
      <TestMethod codeBase="f:\vnext1\b25bab26\VSIDEProj.MEF\bin\Release\NonShipping\Microsoft.VisualStudio.Composition.Tests.dll" adapterTypeName="Microsoft.VisualStudio.TestTools.TestTypes.Unit.UnitTestAdapter" className="Microsoft.VisualStudio.Composition.Tests.ImportManyTests" name="V3 composition (V1, V2)" />
    </UnitTest>
    <UnitTest name="V3 engine (runtime)" storage="f:\vnext1\b25bab26\vsideproj.mef\bin\release\nonshipping\microsoft.visualstudio.composition.tests.dll" id="be71b553-59a0-406f-af7a-5d099bed95c3">
      <Execution id="8f553e48-480f-4105-969e-56ca0e17d37a" />
      <TestMethod codeBase="f:\vnext1\b25bab26\VSIDEProj.MEF\bin\Release\NonShipping\Microsoft.VisualStudio.Composition.Tests.dll" adapterTypeName="Microsoft.VisualStudio.TestTools.TestTypes.Unit.UnitTestAdapter" className="Microsoft.VisualStudio.Composition.Tests.NonPublicImportsExportsTests" name="V3 engine (runtime)" />
    </UnitTest>
    <UnitTest name="V1" storage="f:\vnext1\b25bab26\vsideproj.mef\bin\release\nonshipping\microsoft.visualstudio.composition.tests.dll" id="11a75546-d9d8-4fdd-944e-2cc3a5da2c0c">
      <Execution id="9ed7cb56-eb18-48d1-8d23-55760f947589" />
      <TestMethod codeBase="f:\vnext1\b25bab26\VSIDEProj.MEF\bin\Release\NonShipping\Microsoft.VisualStudio.Composition.Tests.dll" adapterTypeName="Microsoft.VisualStudio.TestTools.TestTypes.Unit.UnitTestAdapter" className="Microsoft.VisualStudio.Composition.Tests.NonPublicImportsExportsTests" name="V1" />
    </UnitTest>
    <UnitTest name="V3 engine (runtime)" storage="f:\vnext1\b25bab26\vsideproj.mef\bin\release\nonshipping\microsoft.visualstudio.composition.tests.dll" id="90e14511-e90f-445c-b70f-507a41962643">
      <Execution id="8b80ca67-7b9b-47c9-be92-bf58340be74f" />
      <TestMethod codeBase="f:\vnext1\b25bab26\VSIDEProj.MEF\bin\Release\NonShipping\Microsoft.VisualStudio.Composition.Tests.dll" adapterTypeName="Microsoft.VisualStudio.TestTools.TestTypes.Unit.UnitTestAdapter" className="Microsoft.VisualStudio.Composition.Tests.ImportManyTests" name="V3 engine (runtime)" />
    </UnitTest>
    <UnitTest name="V1" storage="f:\vnext1\b25bab26\vsideproj.mef\bin\release\nonshipping\microsoft.visualstudio.composition.tests.dll" id="942cf037-05ee-43c3-9bf2-d57b2cd79fc0">
      <Execution id="7b8280a3-66db-4da6-bf50-c70a734f8bab" />
      <TestMethod codeBase="f:\vnext1\b25bab26\VSIDEProj.MEF\bin\Release\NonShipping\Microsoft.VisualStudio.Composition.Tests.dll" adapterTypeName="Microsoft.VisualStudio.TestTools.TestTypes.Unit.UnitTestAdapter" className="Microsoft.VisualStudio.Composition.Tests.ImportManyTests" name="V1" />
    </UnitTest>
    <UnitTest name="V3 composition (V1)" storage="f:\vnext1\b25bab26\vsideproj.mef\bin\release\nonshipping\microsoft.visualstudio.composition.tests.dll" id="9d749512-e341-4fd6-80d8-650a864f4020">
      <Execution id="382383b7-0159-4290-a558-69069ff29c53" />
      <TestMethod codeBase="f:\vnext1\b25bab26\VSIDEProj.MEF\bin\Release\NonShipping\Microsoft.VisualStudio.Composition.Tests.dll" adapterTypeName="Microsoft.VisualStudio.TestTools.TestTypes.Unit.UnitTestAdapter" className="Microsoft.VisualStudio.Composition.Tests.NonPublicImportsExportsTests" name="V3 composition (V1)" />
    </UnitTest>
    <UnitTest name="V3 composition (V1)" storage="f:\vnext1\b25bab26\vsideproj.mef\bin\release\nonshipping\microsoft.visualstudio.composition.tests.dll" id="bec6416e-e28c-466a-8a2e-b547ec4a76e0">
      <Execution id="3eaec9ef-6f43-4447-8205-873ebd1a7449" />
      <TestMethod codeBase="f:\vnext1\b25bab26\VSIDEProj.MEF\bin\Release\NonShipping\Microsoft.VisualStudio.Composition.Tests.dll" adapterTypeName="Microsoft.VisualStudio.TestTools.TestTypes.Unit.UnitTestAdapter" className="Microsoft.VisualStudio.Composition.Tests.ImportManyTests" name="V3 composition (V1)" />
    </UnitTest>
    <UnitTest name="V3 engine (runtime)" storage="f:\vnext1\b25bab26\vsideproj.mef\bin\release\nonshipping\microsoft.visualstudio.composition.tests.dll" id="f749da00-b474-458d-afe3-23eab92a7845">
      <Execution id="f639e828-37c3-492c-b274-7af04c18cf12" />
      <TestMethod codeBase="f:\vnext1\b25bab26\VSIDEProj.MEF\bin\Release\NonShipping\Microsoft.VisualStudio.Composition.Tests.dll" adapterTypeName="Microsoft.VisualStudio.TestTools.TestTypes.Unit.UnitTestAdapter" className="Microsoft.VisualStudio.Composition.Tests.NonPublicImportsExportsTests" name="V3 engine (runtime)" />
    </UnitTest>
    <UnitTest name="V3 engine (runtime)" storage="f:\vnext1\b25bab26\vsideproj.mef\bin\release\nonshipping\microsoft.visualstudio.composition.tests.dll" id="9f60c7d6-950f-4f7c-ac1a-fa9fe892573e">
      <Execution id="d29e2794-2e81-4697-95e3-f644ff999464" />
      <TestMethod codeBase="f:\vnext1\b25bab26\VSIDEProj.MEF\bin\Release\NonShipping\Microsoft.VisualStudio.Composition.Tests.dll" adapterTypeName="Microsoft.VisualStudio.TestTools.TestTypes.Unit.UnitTestAdapter" className="Microsoft.VisualStudio.Composition.Tests.ImportManyTests" name="V3 engine (runtime)" />
    </UnitTest>
    <UnitTest name="V3 composition (V1)" storage="f:\vnext1\b25bab26\vsideproj.mef\bin\release\nonshipping\microsoft.visualstudio.composition.tests.dll" id="d1e2a13c-a09a-43c9-ab76-e8d213223001">
      <Execution id="65a906e0-982f-47c7-8478-2162424aaada" />
      <TestMethod codeBase="f:\vnext1\b25bab26\VSIDEProj.MEF\bin\Release\NonShipping\Microsoft.VisualStudio.Composition.Tests.dll" adapterTypeName="Microsoft.VisualStudio.TestTools.TestTypes.Unit.UnitTestAdapter" className="Microsoft.VisualStudio.Composition.Tests.ExportMetadataTests" name="V3 composition (V1)" />
    </UnitTest>
    <UnitTest name="V3 engine (runtime)" storage="f:\vnext1\b25bab26\vsideproj.mef\bin\release\nonshipping\microsoft.visualstudio.composition.tests.dll" id="3f4666ce-74a8-4c60-811e-6838beaa477b">
      <Execution id="42c017f0-9743-46df-8e0e-bb17749f1e88" />
      <TestMethod codeBase="f:\vnext1\b25bab26\VSIDEProj.MEF\bin\Release\NonShipping\Microsoft.VisualStudio.Composition.Tests.dll" adapterTypeName="Microsoft.VisualStudio.TestTools.TestTypes.Unit.UnitTestAdapter" className="Microsoft.VisualStudio.Composition.Tests.EditorHostTests" name="V3 engine (runtime)" />
    </UnitTest>
    <UnitTest name="V3 engine (runtime)" storage="f:\vnext1\b25bab26\vsideproj.mef\bin\release\nonshipping\microsoft.visualstudio.composition.tests.dll" id="515d7eca-38a0-44b6-b689-fb3058c9c72e">
      <Execution id="db492bf5-43a7-4508-b925-d67efd559137" />
      <TestMethod codeBase="f:\vnext1\b25bab26\VSIDEProj.MEF\bin\Release\NonShipping\Microsoft.VisualStudio.Composition.Tests.dll" adapterTypeName="Microsoft.VisualStudio.TestTools.TestTypes.Unit.UnitTestAdapter" className="Microsoft.VisualStudio.Composition.Tests.ExportMetadataTests" name="V3 engine (runtime)" />
    </UnitTest>
    <UnitTest name="V1" storage="f:\vnext1\b25bab26\vsideproj.mef\bin\release\nonshipping\microsoft.visualstudio.composition.tests.dll" id="b9767bb7-20e7-4649-9515-87c08446bfe7">
      <Execution id="1bd0d332-826b-4745-80f0-df83e5b9b943" />
      <TestMethod codeBase="f:\vnext1\b25bab26\VSIDEProj.MEF\bin\Release\NonShipping\Microsoft.VisualStudio.Composition.Tests.dll" adapterTypeName="Microsoft.VisualStudio.TestTools.TestTypes.Unit.UnitTestAdapter" className="Microsoft.VisualStudio.Composition.Tests.ExportMetadataTests" name="V1" />
    </UnitTest>
    <UnitTest name="V1" storage="f:\vnext1\b25bab26\vsideproj.mef\bin\release\nonshipping\microsoft.visualstudio.composition.tests.dll" id="884c8975-2a14-4fce-9418-a80f434812cd">
      <Execution id="7a749e3d-6ea8-4fa9-b492-48ca999afb1b" />
      <TestMethod codeBase="f:\vnext1\b25bab26\VSIDEProj.MEF\bin\Release\NonShipping\Microsoft.VisualStudio.Composition.Tests.dll" adapterTypeName="Microsoft.VisualStudio.TestTools.TestTypes.Unit.UnitTestAdapter" className="Microsoft.VisualStudio.Composition.Tests.ExportMetadataTests" name="V1" />
    </UnitTest>
    <UnitTest name="V2" storage="f:\vnext1\b25bab26\vsideproj.mef\bin\release\nonshipping\microsoft.visualstudio.composition.tests.dll" id="d516c482-0d58-4cff-a291-d16a1f37a661">
      <Execution id="564d7411-5c04-4d4c-b734-b78999442676" />
      <TestMethod codeBase="f:\vnext1\b25bab26\VSIDEProj.MEF\bin\Release\NonShipping\Microsoft.VisualStudio.Composition.Tests.dll" adapterTypeName="Microsoft.VisualStudio.TestTools.TestTypes.Unit.UnitTestAdapter" className="Microsoft.VisualStudio.Composition.Tests.ExportMetadataTests" name="V2" />
    </UnitTest>
    <UnitTest name="V3 composition (V1, V2)" storage="f:\vnext1\b25bab26\vsideproj.mef\bin\release\nonshipping\microsoft.visualstudio.composition.tests.dll" id="1ab153b2-30b3-4061-908d-a0fa2eba80c0">
      <Execution id="0808650a-3abe-44e8-86e5-804d8c301c09" />
      <TestMethod codeBase="f:\vnext1\b25bab26\VSIDEProj.MEF\bin\Release\NonShipping\Microsoft.VisualStudio.Composition.Tests.dll" adapterTypeName="Microsoft.VisualStudio.TestTools.TestTypes.Unit.UnitTestAdapter" className="Microsoft.VisualStudio.Composition.Tests.ExportMetadataTests" name="V3 composition (V1, V2)" />
    </UnitTest>
    <UnitTest name="V3 engine (runtime)" storage="f:\vnext1\b25bab26\vsideproj.mef\bin\release\nonshipping\microsoft.visualstudio.composition.tests.dll" id="7912b336-5122-42d3-a222-6643ac3a9bfa">
      <Execution id="7b107430-8ba0-48da-9b7a-19324bf9c95f" />
      <TestMethod codeBase="f:\vnext1\b25bab26\VSIDEProj.MEF\bin\Release\NonShipping\Microsoft.VisualStudio.Composition.Tests.dll" adapterTypeName="Microsoft.VisualStudio.TestTools.TestTypes.Unit.UnitTestAdapter" className="Microsoft.VisualStudio.Composition.Tests.ExportMetadataTests" name="V3 engine (runtime)" />
    </UnitTest>
    <UnitTest name="ComposableAssembliesLazyLoadedWhenQueried" storage="f:\vnext1\b25bab26\vsideproj.mef\bin\release\nonshipping\microsoft.visualstudio.composition.tests.dll" id="102f268e-4b17-4b64-8d76-2b1ffa758a33">
      <Execution id="ee3508c8-6179-4bdd-8360-35b78c3a1489" />
      <TestMethod codeBase="f:\vnext1\b25bab26\VSIDEProj.MEF\bin\Release\NonShipping\Microsoft.VisualStudio.Composition.Tests.dll" adapterTypeName="Microsoft.VisualStudio.TestTools.TestTypes.Unit.UnitTestAdapter" className="Microsoft.VisualStudio.Composition.Tests.AssembliesLazyLoadedDataFileCacheTests" name="ComposableAssembliesLazyLoadedWhenQueried" />
    </UnitTest>
    <UnitTest name="V2" storage="f:\vnext1\b25bab26\vsideproj.mef\bin\release\nonshipping\microsoft.visualstudio.composition.tests.dll" id="24792fb0-ecfc-4614-a672-eb2383a575e0">
      <Execution id="52b5651b-3ff2-497f-81cd-b46779451166" />
      <TestMethod codeBase="f:\vnext1\b25bab26\VSIDEProj.MEF\bin\Release\NonShipping\Microsoft.VisualStudio.Composition.Tests.dll" adapterTypeName="Microsoft.VisualStudio.TestTools.TestTypes.Unit.UnitTestAdapter" className="Microsoft.VisualStudio.Composition.Tests.ThreadSafetyTests" name="V2" />
    </UnitTest>
    <UnitTest name="V3 composition (V2)" storage="f:\vnext1\b25bab26\vsideproj.mef\bin\release\nonshipping\microsoft.visualstudio.composition.tests.dll" id="a380fe0d-ec21-4285-bb16-46b6d815e6b3">
      <Execution id="1696a9c7-d2fc-4af5-bf97-88a57969c134" />
      <TestMethod codeBase="f:\vnext1\b25bab26\VSIDEProj.MEF\bin\Release\NonShipping\Microsoft.VisualStudio.Composition.Tests.dll" adapterTypeName="Microsoft.VisualStudio.TestTools.TestTypes.Unit.UnitTestAdapter" className="Microsoft.VisualStudio.Composition.Tests.ThreadSafetyTests" name="V3 composition (V2)" />
    </UnitTest>
    <UnitTest name="V3 engine (runtime)" storage="f:\vnext1\b25bab26\vsideproj.mef\bin\release\nonshipping\microsoft.visualstudio.composition.tests.dll" id="2085524d-183f-4673-9fa6-4a08001ff9fe">
      <Execution id="61d56246-5971-434f-850f-5b5db7c8f83e" />
      <TestMethod codeBase="f:\vnext1\b25bab26\VSIDEProj.MEF\bin\Release\NonShipping\Microsoft.VisualStudio.Composition.Tests.dll" adapterTypeName="Microsoft.VisualStudio.TestTools.TestTypes.Unit.UnitTestAdapter" className="Microsoft.VisualStudio.Composition.Tests.ThreadSafetyTests" name="V3 engine (runtime)" />
    </UnitTest>
    <UnitTest name="V1" storage="f:\vnext1\b25bab26\vsideproj.mef\bin\release\nonshipping\microsoft.visualstudio.composition.tests.dll" id="e1398bfe-27dc-4010-a031-234ba6c17044">
      <Execution id="f64c8a19-8554-4c90-93da-6187bec3b468" />
      <TestMethod codeBase="f:\vnext1\b25bab26\VSIDEProj.MEF\bin\Release\NonShipping\Microsoft.VisualStudio.Composition.Tests.dll" adapterTypeName="Microsoft.VisualStudio.TestTools.TestTypes.Unit.UnitTestAdapter" className="Microsoft.VisualStudio.Composition.Tests.ThreadSafetyTests" name="V1" />
    </UnitTest>
    <UnitTest name="V2" storage="f:\vnext1\b25bab26\vsideproj.mef\bin\release\nonshipping\microsoft.visualstudio.composition.tests.dll" id="a1619251-1db4-4a77-bb3a-828ffb2d6987">
      <Execution id="0c58cadc-78c6-4bab-abda-084a2d439754" />
      <TestMethod codeBase="f:\vnext1\b25bab26\VSIDEProj.MEF\bin\Release\NonShipping\Microsoft.VisualStudio.Composition.Tests.dll" adapterTypeName="Microsoft.VisualStudio.TestTools.TestTypes.Unit.UnitTestAdapter" className="Microsoft.VisualStudio.Composition.Tests.ThreadSafetyTests" name="V2" />
    </UnitTest>
    <UnitTest name="V3 composition (V1, V2)" storage="f:\vnext1\b25bab26\vsideproj.mef\bin\release\nonshipping\microsoft.visualstudio.composition.tests.dll" id="becaf0f4-5dc7-41c3-8278-3ef8899912ad">
      <Execution id="c51926d5-ba14-49b9-9c8c-1c9de64a4b79" />
      <TestMethod codeBase="f:\vnext1\b25bab26\VSIDEProj.MEF\bin\Release\NonShipping\Microsoft.VisualStudio.Composition.Tests.dll" adapterTypeName="Microsoft.VisualStudio.TestTools.TestTypes.Unit.UnitTestAdapter" className="Microsoft.VisualStudio.Composition.Tests.ThreadSafetyTests" name="V3 composition (V1, V2)" />
    </UnitTest>
    <UnitTest name="V3 engine (runtime)" storage="f:\vnext1\b25bab26\vsideproj.mef\bin\release\nonshipping\microsoft.visualstudio.composition.tests.dll" id="b56d72f1-8e84-43d2-a541-298158b8b4f0">
      <Execution id="175f4612-7f17-4e46-b903-8149352ec360" />
      <TestMethod codeBase="f:\vnext1\b25bab26\VSIDEProj.MEF\bin\Release\NonShipping\Microsoft.VisualStudio.Composition.Tests.dll" adapterTypeName="Microsoft.VisualStudio.TestTools.TestTypes.Unit.UnitTestAdapter" className="Microsoft.VisualStudio.Composition.Tests.ThreadSafetyTests" name="V3 engine (runtime)" />
    </UnitTest>
    <UnitTest name="V3 engine (runtime)" storage="f:\vnext1\b25bab26\vsideproj.mef\bin\release\nonshipping\microsoft.visualstudio.composition.tests.dll" id="9976716c-5143-438b-8dda-8187deccf9bb">
      <Execution id="604b68c3-830a-4dab-b3f0-a03a616ce4e6" />
      <TestMethod codeBase="f:\vnext1\b25bab26\VSIDEProj.MEF\bin\Release\NonShipping\Microsoft.VisualStudio.Composition.Tests.dll" adapterTypeName="Microsoft.VisualStudio.TestTools.TestTypes.Unit.UnitTestAdapter" className="Microsoft.VisualStudio.Composition.Tests.ThreadSafetyTests" name="V3 engine (runtime)" />
    </UnitTest>
    <UnitTest name="V2" storage="f:\vnext1\b25bab26\vsideproj.mef\bin\release\nonshipping\microsoft.visualstudio.composition.tests.dll" id="a4b30c80-47c1-4224-9155-c19a8c34d6dd">
      <Execution id="9567a090-16f6-40d7-9c6f-6502d9e8f8ca" />
      <TestMethod codeBase="f:\vnext1\b25bab26\VSIDEProj.MEF\bin\Release\NonShipping\Microsoft.VisualStudio.Composition.Tests.dll" adapterTypeName="Microsoft.VisualStudio.TestTools.TestTypes.Unit.UnitTestAdapter" className="Microsoft.VisualStudio.Composition.Tests.ThreadSafetyTests" name="V2" />
    </UnitTest>
    <UnitTest name="V3 composition (V1, V2)" storage="f:\vnext1\b25bab26\vsideproj.mef\bin\release\nonshipping\microsoft.visualstudio.composition.tests.dll" id="0d80f530-55d7-4d30-81e1-de50b4d313c2">
      <Execution id="ab211678-b959-4843-a96d-5a63908ecd10" />
      <TestMethod codeBase="f:\vnext1\b25bab26\VSIDEProj.MEF\bin\Release\NonShipping\Microsoft.VisualStudio.Composition.Tests.dll" adapterTypeName="Microsoft.VisualStudio.TestTools.TestTypes.Unit.UnitTestAdapter" className="Microsoft.VisualStudio.Composition.Tests.ThreadSafetyTests" name="V3 composition (V1, V2)" />
    </UnitTest>
    <UnitTest name="V3 engine (runtime)" storage="f:\vnext1\b25bab26\vsideproj.mef\bin\release\nonshipping\microsoft.visualstudio.composition.tests.dll" id="354aae3a-782a-422f-8445-eb1e10aadb86">
      <Execution id="2f692b25-4aff-4a31-b089-d49392693dd9" />
      <TestMethod codeBase="f:\vnext1\b25bab26\VSIDEProj.MEF\bin\Release\NonShipping\Microsoft.VisualStudio.Composition.Tests.dll" adapterTypeName="Microsoft.VisualStudio.TestTools.TestTypes.Unit.UnitTestAdapter" className="Microsoft.VisualStudio.Composition.Tests.ThreadSafetyTests" name="V3 engine (runtime)" />
    </UnitTest>
    <UnitTest name="V3 engine (runtime)" storage="f:\vnext1\b25bab26\vsideproj.mef\bin\release\nonshipping\microsoft.visualstudio.composition.tests.dll" id="efb48f02-335b-4abb-86f1-e5fb09e7b683">
      <Execution id="dfd0f17b-b115-4387-b4fe-a9dac88b65df" />
      <TestMethod codeBase="f:\vnext1\b25bab26\VSIDEProj.MEF\bin\Release\NonShipping\Microsoft.VisualStudio.Composition.Tests.dll" adapterTypeName="Microsoft.VisualStudio.TestTools.TestTypes.Unit.UnitTestAdapter" className="Microsoft.VisualStudio.Composition.Tests.ThreadSafetyTests" name="V3 engine (runtime)" />
    </UnitTest>
    <UnitTest name="V2" storage="f:\vnext1\b25bab26\vsideproj.mef\bin\release\nonshipping\microsoft.visualstudio.composition.tests.dll" id="2ca7a3fa-d8a9-47df-a70b-680d7be0ef9e">
      <Execution id="c7fbbc69-9cdd-4842-8b14-16677bfd4fa5" />
      <TestMethod codeBase="f:\vnext1\b25bab26\VSIDEProj.MEF\bin\Release\NonShipping\Microsoft.VisualStudio.Composition.Tests.dll" adapterTypeName="Microsoft.VisualStudio.TestTools.TestTypes.Unit.UnitTestAdapter" className="Microsoft.VisualStudio.Composition.Tests.ThreadSafetyTests" name="V2" />
    </UnitTest>
    <UnitTest name="V3 composition (V1, V2)" storage="f:\vnext1\b25bab26\vsideproj.mef\bin\release\nonshipping\microsoft.visualstudio.composition.tests.dll" id="59d4033e-ee93-4f9f-a96f-c02e5aafc3ca">
      <Execution id="f48c6907-64b2-4913-9922-2558ddfbe852" />
      <TestMethod codeBase="f:\vnext1\b25bab26\VSIDEProj.MEF\bin\Release\NonShipping\Microsoft.VisualStudio.Composition.Tests.dll" adapterTypeName="Microsoft.VisualStudio.TestTools.TestTypes.Unit.UnitTestAdapter" className="Microsoft.VisualStudio.Composition.Tests.ThreadSafetyTests" name="V3 composition (V1, V2)" />
    </UnitTest>
    <UnitTest name="V3 engine (runtime)" storage="f:\vnext1\b25bab26\vsideproj.mef\bin\release\nonshipping\microsoft.visualstudio.composition.tests.dll" id="e2785515-4b4d-468c-827a-e71fca0215cb">
      <Execution id="b42cf178-225f-4cf1-ac53-6646e1c84950" />
      <TestMethod codeBase="f:\vnext1\b25bab26\VSIDEProj.MEF\bin\Release\NonShipping\Microsoft.VisualStudio.Composition.Tests.dll" adapterTypeName="Microsoft.VisualStudio.TestTools.TestTypes.Unit.UnitTestAdapter" className="Microsoft.VisualStudio.Composition.Tests.ThreadSafetyTests" name="V3 engine (runtime)" />
    </UnitTest>
    <UnitTest name="V1" storage="f:\vnext1\b25bab26\vsideproj.mef\bin\release\nonshipping\microsoft.visualstudio.composition.tests.dll" id="80797f35-fc32-4f72-b58c-88bdc733b437">
      <Execution id="2bdcc6ea-d073-408b-916f-3efe22292ae5" />
      <TestMethod codeBase="f:\vnext1\b25bab26\VSIDEProj.MEF\bin\Release\NonShipping\Microsoft.VisualStudio.Composition.Tests.dll" adapterTypeName="Microsoft.VisualStudio.TestTools.TestTypes.Unit.UnitTestAdapter" className="Microsoft.VisualStudio.Composition.Tests.ThreadSafetyTests" name="V1" />
    </UnitTest>
    <UnitTest name="V1" storage="f:\vnext1\b25bab26\vsideproj.mef\bin\release\nonshipping\microsoft.visualstudio.composition.tests.dll" id="807a7b94-1c30-40ca-8f19-da897cd9fb37">
      <Execution id="fa341aa8-5312-4bd9-9a8c-5ce2f3366bb3" />
      <TestMethod codeBase="f:\vnext1\b25bab26\VSIDEProj.MEF\bin\Release\NonShipping\Microsoft.VisualStudio.Composition.Tests.dll" adapterTypeName="Microsoft.VisualStudio.TestTools.TestTypes.Unit.UnitTestAdapter" className="Microsoft.VisualStudio.Composition.Tests.ThreadSafetyTests" name="V1" />
    </UnitTest>
    <UnitTest name="V2" storage="f:\vnext1\b25bab26\vsideproj.mef\bin\release\nonshipping\microsoft.visualstudio.composition.tests.dll" id="d099cbb4-505c-4b76-823a-db158ec9ff6e">
      <Execution id="257d122b-70d3-4400-911d-1ed272eb30ae" />
      <TestMethod codeBase="f:\vnext1\b25bab26\VSIDEProj.MEF\bin\Release\NonShipping\Microsoft.VisualStudio.Composition.Tests.dll" adapterTypeName="Microsoft.VisualStudio.TestTools.TestTypes.Unit.UnitTestAdapter" className="Microsoft.VisualStudio.Composition.Tests.ThreadSafetyTests" name="V2" />
    </UnitTest>
    <UnitTest name="V3 composition (V1, V2)" storage="f:\vnext1\b25bab26\vsideproj.mef\bin\release\nonshipping\microsoft.visualstudio.composition.tests.dll" id="dae2f575-858f-4c2b-bf2f-8356d213516d">
      <Execution id="d11f939e-3884-4b39-af0b-f97894620616" />
      <TestMethod codeBase="f:\vnext1\b25bab26\VSIDEProj.MEF\bin\Release\NonShipping\Microsoft.VisualStudio.Composition.Tests.dll" adapterTypeName="Microsoft.VisualStudio.TestTools.TestTypes.Unit.UnitTestAdapter" className="Microsoft.VisualStudio.Composition.Tests.ThreadSafetyTests" name="V3 composition (V1, V2)" />
    </UnitTest>
    <UnitTest name="V3 engine (runtime)" storage="f:\vnext1\b25bab26\vsideproj.mef\bin\release\nonshipping\microsoft.visualstudio.composition.tests.dll" id="738ce613-43ba-4134-b4d6-3a15ef8d2b37">
      <Execution id="9d87c309-a4a3-49e9-9c87-df4496cd152a" />
      <TestMethod codeBase="f:\vnext1\b25bab26\VSIDEProj.MEF\bin\Release\NonShipping\Microsoft.VisualStudio.Composition.Tests.dll" adapterTypeName="Microsoft.VisualStudio.TestTools.TestTypes.Unit.UnitTestAdapter" className="Microsoft.VisualStudio.Composition.Tests.ThreadSafetyTests" name="V3 engine (runtime)" />
    </UnitTest>
    <UnitTest name="V3 engine (runtime)" storage="f:\vnext1\b25bab26\vsideproj.mef\bin\release\nonshipping\microsoft.visualstudio.composition.tests.dll" id="1e6efea7-6c51-4482-8c62-0cc6bcf62b31">
      <Execution id="a228bb18-65be-4c2e-9fd1-0af51e3cd80a" />
      <TestMethod codeBase="f:\vnext1\b25bab26\VSIDEProj.MEF\bin\Release\NonShipping\Microsoft.VisualStudio.Composition.Tests.dll" adapterTypeName="Microsoft.VisualStudio.TestTools.TestTypes.Unit.UnitTestAdapter" className="Microsoft.VisualStudio.Composition.Tests.ThreadSafetyTests" name="V3 engine (runtime)" />
    </UnitTest>
  </TestDefinitions>
  <TestEntries>
    <TestEntry testId="aba2fb0b-419a-4914-880f-88f9e78deda6" executionId="a7d8dedd-2342-479f-966e-7ea60af7cb2d" testListId="8c84fa94-04c1-424b-9868-57a2d4851a1d" />
    <TestEntry testId="134f8a33-7aba-4d1d-b697-ed1e2b090f0f" executionId="c64d3461-ccac-4567-bc86-de6f29595257" testListId="8c84fa94-04c1-424b-9868-57a2d4851a1d" />
    <TestEntry testId="92109f0c-dc76-47f2-8a05-2c0dabc81083" executionId="3bc310f3-c3b8-4d79-ad93-01e34a089886" testListId="8c84fa94-04c1-424b-9868-57a2d4851a1d" />
    <TestEntry testId="83dc89b0-340a-41a5-a0c1-cbd86c610f08" executionId="d2c5f706-ef99-43e1-a282-c04afa7246a6" testListId="8c84fa94-04c1-424b-9868-57a2d4851a1d" />
    <TestEntry testId="1acf7c91-30f6-4ff1-9341-93d93c116db9" executionId="fcc71934-d2ac-408c-bd9c-e4d475445ac6" testListId="8c84fa94-04c1-424b-9868-57a2d4851a1d" />
    <TestEntry testId="04e60502-56a3-43c8-98c2-1e6888bc54fd" executionId="0a547a1f-4fcf-471f-bd42-af99363139ef" testListId="8c84fa94-04c1-424b-9868-57a2d4851a1d" />
    <TestEntry testId="4222e116-5d29-4564-98a5-85c062ab06dc" executionId="97eab464-64c8-4d2d-9568-5a7e7504013d" testListId="8c84fa94-04c1-424b-9868-57a2d4851a1d" />
    <TestEntry testId="d1663bea-23e1-47da-bd21-c34a68cc0834" executionId="43822672-e554-45d7-b8a3-b81b8b6dae5d" testListId="8c84fa94-04c1-424b-9868-57a2d4851a1d" />
    <TestEntry testId="80baf119-fb33-406d-859c-1e4bae4c7b47" executionId="8b54e780-6d3f-4854-a7ee-c6e3e89f87c5" testListId="8c84fa94-04c1-424b-9868-57a2d4851a1d" />
    <TestEntry testId="885d9c10-4a57-4cbb-ab08-6cfe16dfe265" executionId="5207fc7d-95e3-43e9-b300-2c06ec6960b0" testListId="8c84fa94-04c1-424b-9868-57a2d4851a1d" />
    <TestEntry testId="d97a109e-943c-440a-af0f-94954f11eb96" executionId="117e6845-51f7-4d8d-9c41-294f691e4809" testListId="8c84fa94-04c1-424b-9868-57a2d4851a1d" />
    <TestEntry testId="e4f1fc70-b8e9-4ad5-ad20-c3119f7f9706" executionId="11684649-e563-4edc-9f4d-99102a147a05" testListId="8c84fa94-04c1-424b-9868-57a2d4851a1d" />
    <TestEntry testId="0b3726cd-6678-4de7-8b4e-a5539c49e5bd" executionId="01ddf934-e86c-456a-8466-e78cb597ff77" testListId="8c84fa94-04c1-424b-9868-57a2d4851a1d" />
    <TestEntry testId="71aceecb-d725-4626-8f5b-6e3d6528dd14" executionId="82fd639c-1ba5-4ea5-82b6-43ac6a0835e2" testListId="8c84fa94-04c1-424b-9868-57a2d4851a1d" />
    <TestEntry testId="bc8b2cf3-f4d5-4c96-8bda-2ff3ed45b8e8" executionId="e897538f-e6fb-490d-9135-40948b1f489e" testListId="8c84fa94-04c1-424b-9868-57a2d4851a1d" />
    <TestEntry testId="7dae8158-858d-4963-9d15-c5457898b604" executionId="b6be722e-a2cc-4c0c-bac6-6c1e98f4a6b9" testListId="8c84fa94-04c1-424b-9868-57a2d4851a1d" />
    <TestEntry testId="c5d54a71-7bc5-4a89-9b5c-37cce50d9047" executionId="11d7b480-8b7e-43c7-9531-21795b24a6b8" testListId="8c84fa94-04c1-424b-9868-57a2d4851a1d" />
    <TestEntry testId="ffa50db9-df7b-483c-95cf-c03455fed013" executionId="627a52e3-34db-4856-8054-43ae9c0e265c" testListId="8c84fa94-04c1-424b-9868-57a2d4851a1d" />
    <TestEntry testId="1415f51d-c884-4a5e-bda4-406e76399401" executionId="93a91a6a-d819-4a01-af01-e06ca5e88178" testListId="8c84fa94-04c1-424b-9868-57a2d4851a1d" />
    <TestEntry testId="964f3b9a-f7db-4ed2-9c4a-6e73074058db" executionId="633921d0-1a64-454b-be10-ab76af9807f1" testListId="8c84fa94-04c1-424b-9868-57a2d4851a1d" />
    <TestEntry testId="a9eb4be0-f9c6-42c5-961b-d9f7a1f9b20c" executionId="f6913999-e9cb-4d67-ba19-a1d364d5d251" testListId="8c84fa94-04c1-424b-9868-57a2d4851a1d" />
    <TestEntry testId="62f03d0a-03a8-463a-a8d1-f7b69f7f1338" executionId="f22ff48f-bc12-406b-8b99-cb10938daad4" testListId="8c84fa94-04c1-424b-9868-57a2d4851a1d" />
    <TestEntry testId="d2af13b6-2081-4e1f-963a-81a623fe6786" executionId="adeb9097-48e0-4a5a-9721-823d90aa6209" testListId="8c84fa94-04c1-424b-9868-57a2d4851a1d" />
    <TestEntry testId="a71d709e-e996-463d-aadc-2241eb49ccf8" executionId="37436f0e-8251-4a1e-bcf1-0d3df46bb2c8" testListId="8c84fa94-04c1-424b-9868-57a2d4851a1d" />
    <TestEntry testId="1451a16b-0bf4-43ed-a459-910cb463f7c4" executionId="08386920-4ece-42b1-b04d-229c42e7a213" testListId="8c84fa94-04c1-424b-9868-57a2d4851a1d" />
    <TestEntry testId="1af55a62-58ee-4d1a-9c30-4521ceb9b928" executionId="1aac5509-9138-4a06-aad2-2f85dd549232" testListId="8c84fa94-04c1-424b-9868-57a2d4851a1d" />
    <TestEntry testId="140b9ba7-ede3-4971-a6b1-e3a4c38b04e5" executionId="17ee9da9-4186-4c07-ad6d-1c159b1a576e" testListId="8c84fa94-04c1-424b-9868-57a2d4851a1d" />
    <TestEntry testId="6820c66a-2cc9-4df8-b0d6-752c03bc9d0b" executionId="3056e290-1b81-48e5-ba6a-89b011d9c202" testListId="8c84fa94-04c1-424b-9868-57a2d4851a1d" />
    <TestEntry testId="1f3df6eb-3039-48f6-91d3-e055ab76d6c6" executionId="59ad60b0-058a-4980-a39a-6bdd3229e15c" testListId="8c84fa94-04c1-424b-9868-57a2d4851a1d" />
    <TestEntry testId="cc0f3ac0-692d-4dcd-ad54-27303aaf7128" executionId="30bcfec7-39bc-4bd0-9df5-137cd1dec3d2" testListId="8c84fa94-04c1-424b-9868-57a2d4851a1d" />
    <TestEntry testId="52296eda-5d75-436f-803f-6db5c70c59cc" executionId="d1d23fe1-df21-4128-8764-45d9c525ec02" testListId="8c84fa94-04c1-424b-9868-57a2d4851a1d" />
    <TestEntry testId="2da2a3b9-89ee-4347-bca7-e382bfc8a6a8" executionId="2a790410-ef10-4ef8-99f3-bb40bd1cfc19" testListId="8c84fa94-04c1-424b-9868-57a2d4851a1d" />
    <TestEntry testId="2fa5a36e-6c17-4b66-9ce6-98b444edd1eb" executionId="c145f0de-6c53-42fc-a4e4-0240082af198" testListId="8c84fa94-04c1-424b-9868-57a2d4851a1d" />
    <TestEntry testId="f2488af1-457b-4771-97f2-2422a0beb0b3" executionId="00514587-8e83-4170-a307-beae38b6a03a" testListId="8c84fa94-04c1-424b-9868-57a2d4851a1d" />
    <TestEntry testId="d34af85c-d8a8-4d10-98a0-8f13a22fe2fd" executionId="1b081333-e3e8-4c0d-98ed-99b272a8de02" testListId="8c84fa94-04c1-424b-9868-57a2d4851a1d" />
    <TestEntry testId="c72ce569-6378-40ca-bc37-d592b436123c" executionId="cbe6ba57-d6a0-4735-95c6-1e690b404d2f" testListId="8c84fa94-04c1-424b-9868-57a2d4851a1d" />
    <TestEntry testId="af9f59aa-a541-4710-bef8-1fd7049575e9" executionId="1f22c88a-9f2a-454c-a062-9791d3f96d16" testListId="8c84fa94-04c1-424b-9868-57a2d4851a1d" />
    <TestEntry testId="b871d0ed-03f4-4caa-9fed-3181f4612ebf" executionId="f4529286-279d-460e-bae9-c5cb041d8112" testListId="8c84fa94-04c1-424b-9868-57a2d4851a1d" />
    <TestEntry testId="18880851-0b09-40ba-9014-17cb8806b787" executionId="ea24c68b-48d0-4fd7-83a4-5f809503398b" testListId="8c84fa94-04c1-424b-9868-57a2d4851a1d" />
    <TestEntry testId="79177cd3-f8bd-468e-a4e6-e98983030682" executionId="3910c5aa-827d-46d3-9640-b3a001d5ffff" testListId="8c84fa94-04c1-424b-9868-57a2d4851a1d" />
    <TestEntry testId="8186ebce-647e-4521-b140-b96a98c8113a" executionId="678b5ed4-52cd-4151-a972-1a106f3272bd" testListId="8c84fa94-04c1-424b-9868-57a2d4851a1d" />
    <TestEntry testId="7f62cc87-bcc8-4c6a-ad69-e9f9c1597a70" executionId="a1b393ba-1478-4db0-b8b9-9cfa87cb2f1f" testListId="8c84fa94-04c1-424b-9868-57a2d4851a1d" />
    <TestEntry testId="00213236-8d6c-4c9d-b336-55892feae6ef" executionId="f7cf26f7-24b9-449e-9bb9-6fa96000abeb" testListId="8c84fa94-04c1-424b-9868-57a2d4851a1d" />
    <TestEntry testId="cd8c0792-024f-4937-9d3c-cd3af6d5fdab" executionId="bd54c421-2161-4a1a-b92e-335ae6dc0a16" testListId="8c84fa94-04c1-424b-9868-57a2d4851a1d" />
    <TestEntry testId="d10b2973-d88d-4c32-b289-4189dae23c21" executionId="1d6c440a-1873-4872-b25d-4c7ce4aa2d8e" testListId="8c84fa94-04c1-424b-9868-57a2d4851a1d" />
    <TestEntry testId="8cb452d3-fb25-4683-a602-5d224f171081" executionId="2f551efe-9b63-4c6a-a4eb-737e6d2eec2c" testListId="8c84fa94-04c1-424b-9868-57a2d4851a1d" />
    <TestEntry testId="238b67a3-2874-413b-a24b-162203d4f319" executionId="1e93d3d6-56f1-431a-a267-9473bd3a187e" testListId="8c84fa94-04c1-424b-9868-57a2d4851a1d" />
    <TestEntry testId="2b265d69-a154-4f4f-94c5-e48fdadf0999" executionId="ce6c83d5-4c48-423c-a79d-a19b6a6be803" testListId="8c84fa94-04c1-424b-9868-57a2d4851a1d" />
    <TestEntry testId="ad6b3aca-a73e-4076-a840-138541557d36" executionId="9cc4458f-f883-4314-a0f1-9a8548c2a86c" testListId="8c84fa94-04c1-424b-9868-57a2d4851a1d" />
    <TestEntry testId="59e2d5da-8234-402c-a5f3-cb2099533e39" executionId="932e1ef1-9e2c-4d33-9777-211ddc2f69af" testListId="8c84fa94-04c1-424b-9868-57a2d4851a1d" />
    <TestEntry testId="49a0af53-a5c3-44c6-b3fa-c18830387865" executionId="d9b222cb-00bc-4551-aa1a-4694b4613447" testListId="8c84fa94-04c1-424b-9868-57a2d4851a1d" />
    <TestEntry testId="33eb410c-a18b-4f14-989b-ed9ad76b5b47" executionId="20d0186d-7bac-4001-a1a3-f92a6e61d6fa" testListId="8c84fa94-04c1-424b-9868-57a2d4851a1d" />
    <TestEntry testId="5620e539-52a1-4711-b632-f9ccbb2bb947" executionId="6ef10a42-a812-47de-b1ee-959a23945b16" testListId="8c84fa94-04c1-424b-9868-57a2d4851a1d" />
    <TestEntry testId="052ce46f-0fc3-44e0-94e9-6e13f9b17e19" executionId="713126cb-e678-4696-9fc5-12f36bb2aeaf" testListId="8c84fa94-04c1-424b-9868-57a2d4851a1d" />
    <TestEntry testId="77963157-0959-4efb-add1-fcc7a199c4cb" executionId="dd1933f8-456e-4b6c-b455-b91a0d0584bf" testListId="8c84fa94-04c1-424b-9868-57a2d4851a1d" />
    <TestEntry testId="37da1efd-dc65-4c0b-a4d5-506950f931c3" executionId="178e2ec4-e8d7-41d7-91a0-177209df2bac" testListId="8c84fa94-04c1-424b-9868-57a2d4851a1d" />
    <TestEntry testId="ebc6f982-256e-481b-8f28-bc79394af974" executionId="36e9f94f-bb28-475c-ade0-ced630270284" testListId="8c84fa94-04c1-424b-9868-57a2d4851a1d" />
    <TestEntry testId="d5ef26c3-aeac-49e8-9d7d-e3e1155d06cd" executionId="556d6da5-be95-485a-885e-e913c42d61c0" testListId="8c84fa94-04c1-424b-9868-57a2d4851a1d" />
    <TestEntry testId="ae69ad37-f28d-4e79-95ad-6eb9782d34d9" executionId="6ad284c3-9a53-4c00-890a-9a4eff4956eb" testListId="8c84fa94-04c1-424b-9868-57a2d4851a1d" />
    <TestEntry testId="ce9e5a60-3ca3-41da-b485-7e6c22d6993a" executionId="8056d1e9-1eba-472f-833a-3bdbded2bd79" testListId="8c84fa94-04c1-424b-9868-57a2d4851a1d" />
    <TestEntry testId="0ad12737-a7b6-47c5-9f1e-b876cc7cc000" executionId="657d6bed-9402-4468-ad6f-bacc4d4289ba" testListId="8c84fa94-04c1-424b-9868-57a2d4851a1d" />
    <TestEntry testId="8eb9c6fd-268b-4558-8908-889f19b808ef" executionId="a11ebcd8-83d6-4bfe-992d-a3aee78c7196" testListId="8c84fa94-04c1-424b-9868-57a2d4851a1d" />
    <TestEntry testId="b5da420e-e995-4fd2-9e63-944de0e2c8e8" executionId="e731786a-bdfd-481a-a538-026217717efa" testListId="8c84fa94-04c1-424b-9868-57a2d4851a1d" />
    <TestEntry testId="557d8cad-5c3d-4759-a622-431f488c8227" executionId="c2ceab51-ca44-4861-9b78-7779efdb6137" testListId="8c84fa94-04c1-424b-9868-57a2d4851a1d" />
    <TestEntry testId="1fd6e7b0-93ee-4cc9-b48b-0b55c0e66ce9" executionId="3e57d3b2-2a77-4f36-b397-575662b400bb" testListId="8c84fa94-04c1-424b-9868-57a2d4851a1d" />
    <TestEntry testId="04459783-112c-4638-a6c9-2707ec677625" executionId="814db859-d6d7-42ca-bf10-a14f88ff43e7" testListId="8c84fa94-04c1-424b-9868-57a2d4851a1d" />
    <TestEntry testId="0f50c382-e95a-45ea-aba4-7b880b6ad517" executionId="265919f9-ac74-4c45-8fb6-bd37c5593a8a" testListId="8c84fa94-04c1-424b-9868-57a2d4851a1d" />
    <TestEntry testId="5a37be25-902c-46ee-96ff-e7a65cbd99da" executionId="35551028-d6f3-4009-959a-ffb43f510ef2" testListId="8c84fa94-04c1-424b-9868-57a2d4851a1d" />
    <TestEntry testId="e98bcf82-b45a-4289-b085-cb574ed4e87c" executionId="38649af7-b0c6-47ae-a191-2ce604d9c77d" testListId="8c84fa94-04c1-424b-9868-57a2d4851a1d" />
    <TestEntry testId="d264a483-1ea9-4eb0-8da8-d9515c04f94a" executionId="2f6c3df9-f8da-4fd5-8a7f-f31c33d75ba6" testListId="8c84fa94-04c1-424b-9868-57a2d4851a1d" />
    <TestEntry testId="79a0b334-05c1-4091-b57b-3f0f3e3a36fe" executionId="fa927600-0746-4e74-8276-88887c8c8b6c" testListId="8c84fa94-04c1-424b-9868-57a2d4851a1d" />
    <TestEntry testId="640cc889-cbba-45ef-b762-4beb9c914a4f" executionId="c7e0d5fc-8208-4840-877b-b89ff2ab0022" testListId="8c84fa94-04c1-424b-9868-57a2d4851a1d" />
    <TestEntry testId="eb34ed28-19fd-42b8-9fe2-65c3c326d629" executionId="05b4dd32-223b-4f82-8995-7b7814fb287e" testListId="8c84fa94-04c1-424b-9868-57a2d4851a1d" />
    <TestEntry testId="a84af1c6-7c10-4f84-9448-fbd43c21001d" executionId="8d3d3165-6720-4c95-aaf4-221cf715324c" testListId="8c84fa94-04c1-424b-9868-57a2d4851a1d" />
    <TestEntry testId="36635fe1-2fb8-4437-bfae-b7205ae8898e" executionId="f8998338-c133-4b66-b577-2b743a586629" testListId="8c84fa94-04c1-424b-9868-57a2d4851a1d" />
    <TestEntry testId="5b62b5ef-6b7f-4c7d-a4dc-9fd4a1eae5d3" executionId="7bc07f90-616a-47aa-8631-4f01b8c41780" testListId="8c84fa94-04c1-424b-9868-57a2d4851a1d" />
    <TestEntry testId="1f2bc82f-19d9-44fb-8cbe-e4c66d097976" executionId="23b71f8b-ef99-454f-9e18-bd0ec1ad294f" testListId="8c84fa94-04c1-424b-9868-57a2d4851a1d" />
    <TestEntry testId="56f13e6d-b228-4629-9234-84c117c2bb22" executionId="ec05c944-8210-4c9d-9a94-e98eab0d1748" testListId="8c84fa94-04c1-424b-9868-57a2d4851a1d" />
    <TestEntry testId="50ce6bd1-4f5e-49ca-843c-c1524e860e49" executionId="932fa361-2955-4f36-8a12-c43dd8c01aa9" testListId="8c84fa94-04c1-424b-9868-57a2d4851a1d" />
    <TestEntry testId="5decbace-ee3d-488e-b36a-5163a3cf3f51" executionId="4c21555f-e755-46a2-8346-7cd97e2f1ba1" testListId="8c84fa94-04c1-424b-9868-57a2d4851a1d" />
    <TestEntry testId="32e013bc-4ba3-4e92-a038-d18dc6ba1d89" executionId="caa1ed4e-5462-438b-af76-6030c4d8b2b0" testListId="8c84fa94-04c1-424b-9868-57a2d4851a1d" />
    <TestEntry testId="5ac256e7-7f2d-47c5-937e-c796bcd7a230" executionId="b16924a6-be7d-4237-8281-835c41d06bce" testListId="8c84fa94-04c1-424b-9868-57a2d4851a1d" />
    <TestEntry testId="7cbffc95-a573-43de-9660-99e8ba67caeb" executionId="83598210-9f34-4c89-a440-acb2ec0a4692" testListId="8c84fa94-04c1-424b-9868-57a2d4851a1d" />
    <TestEntry testId="d219c54e-599f-4bf8-befc-5b9381325197" executionId="f71fab82-9cc2-422a-9cb2-ed4238eeddd1" testListId="8c84fa94-04c1-424b-9868-57a2d4851a1d" />
    <TestEntry testId="aa230a49-b620-41e8-b0b2-e1effc935428" executionId="b3e13d17-a419-40a8-9a60-685c0e93559a" testListId="8c84fa94-04c1-424b-9868-57a2d4851a1d" />
    <TestEntry testId="e285e510-f969-4d8d-8583-69a1d2656205" executionId="a76d70bc-3635-49e2-b35f-bdb16faf6e38" testListId="8c84fa94-04c1-424b-9868-57a2d4851a1d" />
    <TestEntry testId="6a448d9a-330e-47fa-9a65-acdbded4f956" executionId="45f246e1-51d4-4146-9d64-ed74a0a6dfaf" testListId="8c84fa94-04c1-424b-9868-57a2d4851a1d" />
    <TestEntry testId="129fde84-43e5-4eb3-a156-5b732fa656e3" executionId="fc31f23c-32ea-415d-a7cd-831eae0b5875" testListId="8c84fa94-04c1-424b-9868-57a2d4851a1d" />
    <TestEntry testId="5c8a8b73-4bea-4ce0-91e6-fe0776761138" executionId="340f89fc-9b85-4b85-8f86-a57f18afbc01" testListId="8c84fa94-04c1-424b-9868-57a2d4851a1d" />
    <TestEntry testId="444e1368-a9af-4557-a56b-9bc6e043c1fd" executionId="dfe4f3da-5e57-40fb-87f7-80be83481106" testListId="8c84fa94-04c1-424b-9868-57a2d4851a1d" />
    <TestEntry testId="482e8be5-2b1e-4115-9123-1d517ba2a9f9" executionId="9941d5b8-d9f8-4728-aeec-d91e67ebf4a1" testListId="8c84fa94-04c1-424b-9868-57a2d4851a1d" />
    <TestEntry testId="efd4bfc3-c287-4721-a4d0-18533e309374" executionId="1bd65132-39cf-48aa-9657-b1d601af5848" testListId="8c84fa94-04c1-424b-9868-57a2d4851a1d" />
    <TestEntry testId="0a522495-d184-4dcf-9d1d-57920076842f" executionId="dbd908c1-7262-461b-88fb-70facd2612d2" testListId="8c84fa94-04c1-424b-9868-57a2d4851a1d" />
    <TestEntry testId="4dc3988c-1f9e-420c-a2c7-d43676c35360" executionId="8c8963a1-89ac-4805-8408-b591a3025bda" testListId="8c84fa94-04c1-424b-9868-57a2d4851a1d" />
    <TestEntry testId="8316f3eb-41f4-45a1-a0f7-8a4516b24df7" executionId="9996be3f-125c-44db-ab62-1a5e5e278edf" testListId="8c84fa94-04c1-424b-9868-57a2d4851a1d" />
    <TestEntry testId="dfd683c3-0134-4d56-bec8-4605b1af0082" executionId="22cb681c-334d-4fe5-818c-b60752bc1fe0" testListId="8c84fa94-04c1-424b-9868-57a2d4851a1d" />
    <TestEntry testId="28ede6bf-bbf9-4d87-8b54-328d63a12a67" executionId="a98c0cdc-d2d1-4cee-ad21-3b9b80103aab" testListId="8c84fa94-04c1-424b-9868-57a2d4851a1d" />
    <TestEntry testId="b2ba013d-38b2-489e-92c3-81ef68d23fbe" executionId="a70bdd6f-58c6-45d2-b960-1f0dfcbdd625" testListId="8c84fa94-04c1-424b-9868-57a2d4851a1d" />
    <TestEntry testId="0dedb395-3525-4073-9272-65788f4521d9" executionId="7c327942-5a29-4f28-9537-35d6aba4e994" testListId="8c84fa94-04c1-424b-9868-57a2d4851a1d" />
    <TestEntry testId="b3823bcb-9b26-4160-8a09-010814e8aaa1" executionId="2c67c384-d7af-47d5-972d-8b429c6b6d8c" testListId="8c84fa94-04c1-424b-9868-57a2d4851a1d" />
    <TestEntry testId="cabbae5e-7305-481e-a310-0b98f6f4c796" executionId="63af9df3-c31f-4948-8fdf-79fe611c85ef" testListId="8c84fa94-04c1-424b-9868-57a2d4851a1d" />
    <TestEntry testId="e9b77683-f1b9-4504-be45-4edbe24e0931" executionId="726ef467-9d80-4a0d-b2e6-c70131c4dd55" testListId="8c84fa94-04c1-424b-9868-57a2d4851a1d" />
    <TestEntry testId="c3887537-0cf3-494e-bd3d-76d1ae09cae6" executionId="ee5febf6-4882-4c2e-a150-087ccb6d43b3" testListId="8c84fa94-04c1-424b-9868-57a2d4851a1d" />
    <TestEntry testId="ec484865-e56f-4474-a630-61a17c0721e3" executionId="677eba54-f3a1-4863-826a-aaee45452428" testListId="8c84fa94-04c1-424b-9868-57a2d4851a1d" />
    <TestEntry testId="90adfae5-7281-477d-baf3-808bdaa6e6d4" executionId="2474c939-9666-4b8e-98d3-8785a41f9e24" testListId="8c84fa94-04c1-424b-9868-57a2d4851a1d" />
    <TestEntry testId="c8e27a07-6231-4389-ba4b-9140f11c3f39" executionId="701b6df5-3e1f-404b-9750-bd4ecb6845e9" testListId="8c84fa94-04c1-424b-9868-57a2d4851a1d" />
    <TestEntry testId="6a2cd374-eade-43c6-9b83-5d99a8c8e02a" executionId="5fd534df-73d5-4166-822b-6d4568e92163" testListId="8c84fa94-04c1-424b-9868-57a2d4851a1d" />
    <TestEntry testId="d1d4f6b7-4cca-4b25-9f8b-0dba6f7ff78d" executionId="96f317b0-0615-427f-9e2c-695c08546577" testListId="8c84fa94-04c1-424b-9868-57a2d4851a1d" />
    <TestEntry testId="43feaed8-2f9d-4118-acc2-cd181997a6b1" executionId="f358d239-1e25-4203-99b0-d5154f3cacf9" testListId="8c84fa94-04c1-424b-9868-57a2d4851a1d" />
    <TestEntry testId="052f6f69-6ab7-49ee-a38c-f1317d5d3498" executionId="b350ff14-7379-4ac4-8570-db236b170a3f" testListId="8c84fa94-04c1-424b-9868-57a2d4851a1d" />
    <TestEntry testId="a4846517-2645-458d-a647-11dc5d939673" executionId="62c451b7-1833-41ac-911f-f2bb9f69e5d3" testListId="8c84fa94-04c1-424b-9868-57a2d4851a1d" />
    <TestEntry testId="04e8f715-fe3c-4b51-8669-20f5f0cfb200" executionId="6f497804-5b64-43fb-800d-d2d1d18c038b" testListId="8c84fa94-04c1-424b-9868-57a2d4851a1d" />
    <TestEntry testId="382bd879-b9bc-4081-9780-13db0a818104" executionId="e71b9233-be8e-45e7-b6b7-655d4ce04b98" testListId="8c84fa94-04c1-424b-9868-57a2d4851a1d" />
    <TestEntry testId="5160382b-8fe4-4f4a-8043-9f26d2f2b0c0" executionId="10e205ab-bfe2-4897-9e97-688ecb47e922" testListId="8c84fa94-04c1-424b-9868-57a2d4851a1d" />
    <TestEntry testId="01adaec5-3e62-481d-8840-4a0954604fc5" executionId="941b5109-e4da-46d4-bffa-7118dc994ce6" testListId="8c84fa94-04c1-424b-9868-57a2d4851a1d" />
    <TestEntry testId="acdc9b65-d2e8-47ff-bde0-0c967fe471b3" executionId="07639d9b-fc64-433d-ac62-6d504fd631fc" testListId="8c84fa94-04c1-424b-9868-57a2d4851a1d" />
    <TestEntry testId="88cb392a-c4ff-4bf6-ad23-d267296f63aa" executionId="6219398a-83e8-46bb-b856-d7fb47373b27" testListId="8c84fa94-04c1-424b-9868-57a2d4851a1d" />
    <TestEntry testId="32a91743-646f-4efc-9045-551692665ad2" executionId="a56c3395-c345-49c5-bb08-5d2abe11695e" testListId="8c84fa94-04c1-424b-9868-57a2d4851a1d" />
    <TestEntry testId="3d376a57-b651-4535-a6e6-bb55b7c4eb1d" executionId="8e5b43b9-6381-4dd0-9323-7f6277edbab2" testListId="8c84fa94-04c1-424b-9868-57a2d4851a1d" />
    <TestEntry testId="be98baf6-9010-4a11-be1a-5e12df603659" executionId="39e2d18f-075b-4537-a83b-cde30a3162d6" testListId="8c84fa94-04c1-424b-9868-57a2d4851a1d" />
    <TestEntry testId="96c3c5b4-c9b9-4743-8dd8-52e7b4b50014" executionId="98807a0e-9187-421d-af0b-4ecb2bde6d42" testListId="8c84fa94-04c1-424b-9868-57a2d4851a1d" />
    <TestEntry testId="6d5559d6-cb3c-4674-8800-bf17ab61fadd" executionId="a7e557a1-7072-41f1-b43c-690368f1c37d" testListId="8c84fa94-04c1-424b-9868-57a2d4851a1d" />
    <TestEntry testId="c90d0915-842d-4fe6-8d5b-44df67e119ba" executionId="0b1e2204-612f-4ed8-acc9-e444090b5c20" testListId="8c84fa94-04c1-424b-9868-57a2d4851a1d" />
    <TestEntry testId="f538e843-d5c7-4823-bcff-5de719696ed0" executionId="c9c2fdc9-36cc-4b24-be26-0fb91b75596f" testListId="8c84fa94-04c1-424b-9868-57a2d4851a1d" />
    <TestEntry testId="a14ae607-a5c7-41bb-9395-a097063d4b57" executionId="90385bb3-994c-498c-a1cb-2e5cb670160a" testListId="8c84fa94-04c1-424b-9868-57a2d4851a1d" />
    <TestEntry testId="5d50a05d-62ae-4759-86e0-3d9d704bf9fa" executionId="36597c83-8e73-432e-bebc-0ab56aa58320" testListId="8c84fa94-04c1-424b-9868-57a2d4851a1d" />
    <TestEntry testId="b47e3b03-c6ab-43e1-b6a4-2f91537c4a19" executionId="6394f69b-c8cf-4655-8016-cf1d73632c2d" testListId="8c84fa94-04c1-424b-9868-57a2d4851a1d" />
    <TestEntry testId="eb792c30-0c72-4ba0-90a5-c0af9da8e71f" executionId="27471539-0c77-4f5e-a164-00621b7ba8cf" testListId="8c84fa94-04c1-424b-9868-57a2d4851a1d" />
    <TestEntry testId="97493e66-ecd5-462a-a511-c8f4767515e2" executionId="de305af2-dce5-4c23-ace5-3c8bc34d29e5" testListId="8c84fa94-04c1-424b-9868-57a2d4851a1d" />
    <TestEntry testId="9c46c462-7d81-4c39-b583-c31b1ce3c8bf" executionId="8e199b3d-30f7-4434-a0a5-9739fe130d1a" testListId="8c84fa94-04c1-424b-9868-57a2d4851a1d" />
    <TestEntry testId="ff13dca6-2c08-42a3-b6db-bcfce219c1b2" executionId="5b15dbb3-0dab-4411-9805-cace3ead379c" testListId="8c84fa94-04c1-424b-9868-57a2d4851a1d" />
    <TestEntry testId="49c74a7a-561d-45fe-96ad-801f03108e50" executionId="c9476e21-2ad5-409f-bafe-81399cedda22" testListId="8c84fa94-04c1-424b-9868-57a2d4851a1d" />
    <TestEntry testId="5b724497-6e21-4f6b-b96b-466471056cc4" executionId="7b855466-042a-48de-826d-8e102efd78d0" testListId="8c84fa94-04c1-424b-9868-57a2d4851a1d" />
    <TestEntry testId="3397f2ed-f33a-423d-95b4-343d4ede0bbe" executionId="8beb2577-184d-4878-8d42-e0987f4a0436" testListId="8c84fa94-04c1-424b-9868-57a2d4851a1d" />
    <TestEntry testId="8f00a133-f490-44b2-b6ec-1a6fab330b16" executionId="83c79a65-c446-4fd1-a364-8a0d5916e773" testListId="8c84fa94-04c1-424b-9868-57a2d4851a1d" />
    <TestEntry testId="2249706f-0b83-4a88-8e7f-7e1ef2614884" executionId="e74b51d1-8bbd-447d-aa44-4cde19e0d32d" testListId="8c84fa94-04c1-424b-9868-57a2d4851a1d" />
    <TestEntry testId="53e865da-cc23-4a42-8f7c-244e5ef34608" executionId="f7147ddf-e5c9-454c-a279-84503f15f3b4" testListId="8c84fa94-04c1-424b-9868-57a2d4851a1d" />
    <TestEntry testId="d1e923fd-a9a6-4f4d-99e1-4d19791d263c" executionId="20f5b4e9-05a4-49be-b16a-46fb3f9d3c07" testListId="8c84fa94-04c1-424b-9868-57a2d4851a1d" />
    <TestEntry testId="acf721cc-bee7-4d06-8add-92266debbcfd" executionId="df041f68-60eb-4996-ad55-601026d9a3b6" testListId="8c84fa94-04c1-424b-9868-57a2d4851a1d" />
    <TestEntry testId="633cf244-dd9a-4281-ae3d-7b83c4fa3165" executionId="6a9108fa-35bf-4352-92ea-5524b3195c08" testListId="8c84fa94-04c1-424b-9868-57a2d4851a1d" />
    <TestEntry testId="d5eacb47-0585-4c74-afab-e83ee83d0727" executionId="ea1ea1c6-376b-4986-a1d4-82fc3a312b65" testListId="8c84fa94-04c1-424b-9868-57a2d4851a1d" />
    <TestEntry testId="59747c6a-2aa5-4cad-906a-2e8b4dcea64e" executionId="465e43ab-e622-462d-84ba-1def87b1ef56" testListId="8c84fa94-04c1-424b-9868-57a2d4851a1d" />
    <TestEntry testId="81620d6a-6fb2-43cc-a7c6-986b9c031d8d" executionId="9d2af7ec-1c16-4dbc-948e-d3a1e6dffe17" testListId="8c84fa94-04c1-424b-9868-57a2d4851a1d" />
    <TestEntry testId="0484c895-74d8-476b-a019-e9371b33e389" executionId="1aeea3ec-ef1c-4ddc-a7aa-066c5f9d7690" testListId="8c84fa94-04c1-424b-9868-57a2d4851a1d" />
    <TestEntry testId="daf4e7ea-416e-4917-99ee-2c4c6402c4f2" executionId="793b0842-04fd-4d7b-8610-af2cebaf6654" testListId="8c84fa94-04c1-424b-9868-57a2d4851a1d" />
    <TestEntry testId="d0221c8e-bc5a-44ef-b125-ac5342231adb" executionId="9fecf00f-12ba-4098-854f-3d2a10c47bb0" testListId="8c84fa94-04c1-424b-9868-57a2d4851a1d" />
    <TestEntry testId="3833b9d7-a682-47aa-b4b2-0afa60e8d8fb" executionId="a689308a-4b42-42d2-ad55-d5d1030afd09" testListId="8c84fa94-04c1-424b-9868-57a2d4851a1d" />
    <TestEntry testId="4c49e70d-095b-447a-bf84-bb7fcb5f52e0" executionId="4df6c203-bf91-4dd8-931e-013f2f84ff63" testListId="8c84fa94-04c1-424b-9868-57a2d4851a1d" />
    <TestEntry testId="ac911fd9-9a7b-4ffc-bb02-6082cd3af318" executionId="702a434d-c4b4-455b-8605-f89ee18482a3" testListId="8c84fa94-04c1-424b-9868-57a2d4851a1d" />
    <TestEntry testId="3c17b1d8-b7f8-4ccb-97ea-e2609f67e612" executionId="37f4bffe-a44a-4418-a4d7-9c21f0402955" testListId="8c84fa94-04c1-424b-9868-57a2d4851a1d" />
    <TestEntry testId="0360637e-ba7c-4740-a85f-a55fd2a1cab0" executionId="6696f94e-5d2c-4cfb-800a-00c515da994a" testListId="8c84fa94-04c1-424b-9868-57a2d4851a1d" />
    <TestEntry testId="f0251c3f-cf69-48e8-96e1-6ab3950c148c" executionId="12e462aa-b1b9-4ca4-8e37-c4976b0f86cb" testListId="8c84fa94-04c1-424b-9868-57a2d4851a1d" />
    <TestEntry testId="11b79765-984d-4b9e-95f7-92df0077b39d" executionId="926e0fac-4326-4e47-8248-421044127127" testListId="8c84fa94-04c1-424b-9868-57a2d4851a1d" />
    <TestEntry testId="9edf6e73-f387-45a1-affc-1c57adbf6c2c" executionId="1b4bd2c1-ec44-41e7-967c-76e905766439" testListId="8c84fa94-04c1-424b-9868-57a2d4851a1d" />
    <TestEntry testId="802e31be-0dfe-4c7e-8dc2-2fbc5534dc20" executionId="7e98377e-f1de-4563-a9e9-a953ca087093" testListId="8c84fa94-04c1-424b-9868-57a2d4851a1d" />
    <TestEntry testId="d2d841e9-0a1e-4e32-b935-3bebb43da729" executionId="35aa3a9c-94ec-437e-8cae-d37f9d09cbeb" testListId="8c84fa94-04c1-424b-9868-57a2d4851a1d" />
    <TestEntry testId="ee3bc0d6-28d3-4030-812a-cdbb0b0b851b" executionId="db8a713f-bba3-4899-b1cf-b84bae36e922" testListId="8c84fa94-04c1-424b-9868-57a2d4851a1d" />
    <TestEntry testId="e6d001f5-a910-4cbf-8664-b194155bce49" executionId="b43ea454-bd8b-4944-9fa6-2eca3ef4cb63" testListId="8c84fa94-04c1-424b-9868-57a2d4851a1d" />
    <TestEntry testId="c615ab94-1661-4fde-aeb9-279b9e46b07e" executionId="27d48cb8-03be-4a15-a17d-df1ac0dff938" testListId="8c84fa94-04c1-424b-9868-57a2d4851a1d" />
    <TestEntry testId="f9d1c150-2ea6-4a46-885a-fc2d9ddffdd8" executionId="ac7ec968-22d6-4754-bb02-beb517022d14" testListId="8c84fa94-04c1-424b-9868-57a2d4851a1d" />
    <TestEntry testId="a83d27d0-7d6f-489c-9014-7f0fc9ab85c8" executionId="f1771f53-4eaf-4872-8c81-4bdcadc4c07c" testListId="8c84fa94-04c1-424b-9868-57a2d4851a1d" />
    <TestEntry testId="2bd280ef-b08b-48b9-ac3d-e3e93002734f" executionId="fd38645d-781e-4293-a9e0-ec8a9ca8e7cb" testListId="8c84fa94-04c1-424b-9868-57a2d4851a1d" />
    <TestEntry testId="37000a88-bead-4155-b1a9-dc4572c691bc" executionId="386e142f-e6af-4f0a-969d-1d1517c7a5a8" testListId="8c84fa94-04c1-424b-9868-57a2d4851a1d" />
    <TestEntry testId="3dd1bea5-3649-4840-acdf-a1afedcdb9a3" executionId="f8ac2bda-0c89-47fe-a032-2511fe8b0c82" testListId="8c84fa94-04c1-424b-9868-57a2d4851a1d" />
    <TestEntry testId="92b8f12b-fb9c-4e75-a75d-ba293a21e651" executionId="a363dadf-b55c-402b-93f0-e39f8989bcb0" testListId="8c84fa94-04c1-424b-9868-57a2d4851a1d" />
    <TestEntry testId="27e53b63-aab4-4095-9ec1-0d2b5593f40e" executionId="57b18fa7-89bf-413f-8ded-1ba4e5cbf0e7" testListId="8c84fa94-04c1-424b-9868-57a2d4851a1d" />
    <TestEntry testId="4c49ff45-d952-4fd6-a5ab-50840493673e" executionId="43fd5d2e-8a3a-4e8e-b13e-befbf73f81bc" testListId="8c84fa94-04c1-424b-9868-57a2d4851a1d" />
    <TestEntry testId="cdfb84f8-ee55-4cd4-bca2-e04304136b2b" executionId="6cee2b64-802a-4ec8-8b32-8b8372d140c8" testListId="8c84fa94-04c1-424b-9868-57a2d4851a1d" />
    <TestEntry testId="0bda9d09-5f97-4d27-a3eb-32941e9d5e26" executionId="548d8acf-03f8-4443-92d0-81d846dd06ec" testListId="8c84fa94-04c1-424b-9868-57a2d4851a1d" />
    <TestEntry testId="40788585-5b54-4395-8ce0-42aac63f2ca8" executionId="4dcade02-359d-4dbc-a97c-6abc42ade8a9" testListId="8c84fa94-04c1-424b-9868-57a2d4851a1d" />
    <TestEntry testId="19059efb-ffa2-43bf-b45c-aba825d239bd" executionId="87889d2f-e22e-4c0c-ad54-f66a4963277b" testListId="8c84fa94-04c1-424b-9868-57a2d4851a1d" />
    <TestEntry testId="c952ac8e-8426-4480-a5a7-1a651d41011e" executionId="2f693552-7b23-4b4c-95dd-e776835de886" testListId="8c84fa94-04c1-424b-9868-57a2d4851a1d" />
    <TestEntry testId="35da009b-3a58-47ed-9382-2ada91e0993b" executionId="be580e2a-1b21-4f42-95b8-6d7c3b1460d6" testListId="8c84fa94-04c1-424b-9868-57a2d4851a1d" />
    <TestEntry testId="0d09202b-9232-4501-8bb4-efb391ebd037" executionId="0870a601-4aeb-40a7-ad0e-6519a58afb51" testListId="8c84fa94-04c1-424b-9868-57a2d4851a1d" />
    <TestEntry testId="1c2fb252-23a4-4aa1-a3cc-ed8f5473334c" executionId="dc3920c2-8e7d-4488-bb1e-8a8ce7d8a611" testListId="8c84fa94-04c1-424b-9868-57a2d4851a1d" />
    <TestEntry testId="3ec55aba-7562-40c4-b4fa-7f40039d1506" executionId="9124f7ff-56b9-4910-9014-b8bca1d309fe" testListId="8c84fa94-04c1-424b-9868-57a2d4851a1d" />
    <TestEntry testId="80e015fa-608f-480f-ab5b-7601cc286849" executionId="690d6b18-4473-4ded-b8eb-c8a84b9fd8fd" testListId="8c84fa94-04c1-424b-9868-57a2d4851a1d" />
    <TestEntry testId="e1644f8c-f3c2-4837-b434-b94b79c37cd7" executionId="c8a8fbde-09d3-42e8-a90c-bf9200720441" testListId="8c84fa94-04c1-424b-9868-57a2d4851a1d" />
    <TestEntry testId="6a73ffb9-ae10-4635-b250-f5548e5ca5b4" executionId="199ad551-377d-41bc-bef2-0e8aeb23cfdf" testListId="8c84fa94-04c1-424b-9868-57a2d4851a1d" />
    <TestEntry testId="686c1039-3404-4cb6-88e0-ecd582fb4bd6" executionId="d45eb2db-d9a2-4eab-b6fd-581c9d93c178" testListId="8c84fa94-04c1-424b-9868-57a2d4851a1d" />
    <TestEntry testId="371cc81a-9381-4e24-8594-70b605274620" executionId="57a55ef7-964e-48d4-a4c5-656ab2a0962e" testListId="8c84fa94-04c1-424b-9868-57a2d4851a1d" />
    <TestEntry testId="72a30806-d45a-482b-a173-3182938042ca" executionId="648488b8-b12b-4aba-b388-77df20dca875" testListId="8c84fa94-04c1-424b-9868-57a2d4851a1d" />
    <TestEntry testId="d7a35c11-96bd-4035-b8ae-6fa69b540ad5" executionId="f21b04e6-885d-41c0-b3c9-d243560b088b" testListId="8c84fa94-04c1-424b-9868-57a2d4851a1d" />
    <TestEntry testId="ff5e64a9-7345-4375-a588-a096d5e20d05" executionId="2e418ebc-a5d5-445d-923c-032b3873de17" testListId="8c84fa94-04c1-424b-9868-57a2d4851a1d" />
    <TestEntry testId="300872b4-7242-466d-b6f4-9b40d754a44d" executionId="2bbceed1-acf5-43cc-a1eb-1441a72f9fcf" testListId="8c84fa94-04c1-424b-9868-57a2d4851a1d" />
    <TestEntry testId="a749729e-09bf-4b66-92af-15afa8b12fb7" executionId="1c32ada9-e60f-4109-8399-15225512f2ac" testListId="8c84fa94-04c1-424b-9868-57a2d4851a1d" />
    <TestEntry testId="c4f92243-8541-4ab0-a77e-b215a994f3ec" executionId="97234fd9-0749-4524-ab27-d6a71a58f654" testListId="8c84fa94-04c1-424b-9868-57a2d4851a1d" />
    <TestEntry testId="39fd8c73-ae05-496b-82fd-21bb7e4f73fe" executionId="fb24397b-9d77-46a4-af2d-a692a1f2a0a9" testListId="8c84fa94-04c1-424b-9868-57a2d4851a1d" />
    <TestEntry testId="2c0b6168-ad94-4f45-a4a3-952cee874e9a" executionId="c670930d-8d43-4cc6-b35f-17091800adff" testListId="8c84fa94-04c1-424b-9868-57a2d4851a1d" />
    <TestEntry testId="0c806ab6-8ab4-4168-8f4c-73745c8a21f2" executionId="cfd913a0-6b55-4955-8150-97e2c3300e47" testListId="8c84fa94-04c1-424b-9868-57a2d4851a1d" />
    <TestEntry testId="7f2d7775-5469-4242-b9bb-578a5d07cff1" executionId="f737b0bb-9006-40d8-9150-5db9da9572ac" testListId="8c84fa94-04c1-424b-9868-57a2d4851a1d" />
    <TestEntry testId="bf0592d3-2715-4997-b986-9b15077e029d" executionId="355fa5b4-dfd8-40c8-acab-2dae75478876" testListId="8c84fa94-04c1-424b-9868-57a2d4851a1d" />
    <TestEntry testId="dd4c3284-396b-4c4a-a49e-2ce623f919a9" executionId="606fdfff-fac2-44dc-a4af-cd01fd71836f" testListId="8c84fa94-04c1-424b-9868-57a2d4851a1d" />
    <TestEntry testId="e13e7ca9-ccdd-4292-892a-44e924e30a43" executionId="7e66d214-11e2-42e2-8eb3-c6273df0f196" testListId="8c84fa94-04c1-424b-9868-57a2d4851a1d" />
    <TestEntry testId="b136abc4-1582-46eb-83fc-aacd2c1b2340" executionId="87556dec-d1b3-4724-936f-d9e9e5456673" testListId="8c84fa94-04c1-424b-9868-57a2d4851a1d" />
    <TestEntry testId="b62987f1-7362-4845-8c02-f90441a522f8" executionId="2128082d-7a06-4cfd-b846-3ca95651d1b2" testListId="8c84fa94-04c1-424b-9868-57a2d4851a1d" />
    <TestEntry testId="33b736b7-526b-4aae-9af4-5efec1602541" executionId="c8b8eb33-b7fd-45fd-b73a-14143fc3e7a0" testListId="8c84fa94-04c1-424b-9868-57a2d4851a1d" />
    <TestEntry testId="0311c36a-6178-4acc-9512-8e0bdba29eb5" executionId="bfa4c4be-18bc-4350-8de5-5bff159913b1" testListId="8c84fa94-04c1-424b-9868-57a2d4851a1d" />
    <TestEntry testId="3317f930-a32f-46b6-abe5-c68d6282c051" executionId="de839eaa-6357-41b0-83b1-45c6df85db73" testListId="8c84fa94-04c1-424b-9868-57a2d4851a1d" />
    <TestEntry testId="5c788a8f-78e0-4f03-b1e5-3ec29088478a" executionId="513d8aa3-4b44-475d-8c35-028699b57937" testListId="8c84fa94-04c1-424b-9868-57a2d4851a1d" />
    <TestEntry testId="93c8e569-1ecf-4a35-a2e6-7a0629cd5a46" executionId="4b801fb6-1472-46d0-ae7b-2eb92447f8db" testListId="8c84fa94-04c1-424b-9868-57a2d4851a1d" />
    <TestEntry testId="c0f7003b-7e00-493a-92b5-da0b7e475330" executionId="dc3387dd-5dc9-4eaf-b987-40290b0acc30" testListId="8c84fa94-04c1-424b-9868-57a2d4851a1d" />
    <TestEntry testId="95ab6e1d-8cff-4ee3-ba3b-8280a512b98a" executionId="098f7425-d795-4b7d-bc61-16ba7e82f9e7" testListId="8c84fa94-04c1-424b-9868-57a2d4851a1d" />
    <TestEntry testId="3d2c2b2f-50e4-477e-9ce8-929f2dd9214e" executionId="237c1a40-d78a-4b21-a3ad-b583b77747a4" testListId="8c84fa94-04c1-424b-9868-57a2d4851a1d" />
    <TestEntry testId="5acb7c9c-e9e6-402f-8463-e7b56e83557d" executionId="f827e61c-c94a-4dd1-a82d-21c61a9e5976" testListId="8c84fa94-04c1-424b-9868-57a2d4851a1d" />
    <TestEntry testId="8a0770f5-a14c-4b8f-89ec-dcb2ff1c8b1f" executionId="3893d51b-ae5d-4f73-b8c3-9d523a1a2a54" testListId="8c84fa94-04c1-424b-9868-57a2d4851a1d" />
    <TestEntry testId="8861ca3c-75b6-4cef-b5dc-8e1b69cd10ae" executionId="9df2501e-c669-4524-8de1-2e1251e34f48" testListId="8c84fa94-04c1-424b-9868-57a2d4851a1d" />
    <TestEntry testId="4d1e8ecc-03d9-4e2a-b088-9f19281406ca" executionId="ba10475f-9576-43df-9f9a-8b998e33e756" testListId="8c84fa94-04c1-424b-9868-57a2d4851a1d" />
    <TestEntry testId="afc388d0-a2db-4e36-b458-0d3565235e5c" executionId="55c16298-c2f3-4c7f-ac4b-36e292122e4e" testListId="8c84fa94-04c1-424b-9868-57a2d4851a1d" />
    <TestEntry testId="5b2737b8-9bb8-4650-aecf-09a61f3a2502" executionId="88ec650c-2b0d-4cf7-b3b9-6f1a8cb58024" testListId="8c84fa94-04c1-424b-9868-57a2d4851a1d" />
    <TestEntry testId="4503ce31-6d36-47f8-8c46-dc70f8a8524f" executionId="62743d0d-8e1d-4885-81c7-371fbe1d1d63" testListId="8c84fa94-04c1-424b-9868-57a2d4851a1d" />
    <TestEntry testId="8e303182-e87e-497e-8ac3-0adf4aeb9620" executionId="bc44b42e-91d5-4cc7-a1ce-896791f64434" testListId="8c84fa94-04c1-424b-9868-57a2d4851a1d" />
    <TestEntry testId="34ea6164-5c38-4a25-b586-cb1afae22d4c" executionId="3727e299-ee25-4644-a43e-ff05077129e3" testListId="8c84fa94-04c1-424b-9868-57a2d4851a1d" />
    <TestEntry testId="61034144-a4ba-4d84-b29a-e6328f1bd387" executionId="81a54866-fc44-4ccf-a11a-5887b02e1199" testListId="8c84fa94-04c1-424b-9868-57a2d4851a1d" />
    <TestEntry testId="60a88587-69d3-4487-a58f-ff4e1fa5fb0b" executionId="f9a76235-bbd0-4996-97e6-06e10cf80659" testListId="8c84fa94-04c1-424b-9868-57a2d4851a1d" />
    <TestEntry testId="fb84e361-5889-4537-b29b-d3cf4909dcd4" executionId="23436e8d-1be8-4ae8-b996-864134a88feb" testListId="8c84fa94-04c1-424b-9868-57a2d4851a1d" />
    <TestEntry testId="e66e65ab-1c54-4035-8008-dcad68a33b81" executionId="0fe1caa6-78fe-49ea-8c97-b8cc0ea98e1a" testListId="8c84fa94-04c1-424b-9868-57a2d4851a1d" />
    <TestEntry testId="c888def3-67aa-4f1f-8aa4-8b2f3d2c3e77" executionId="de749cc1-6b2e-4bdf-947f-b2269fd6ca82" testListId="8c84fa94-04c1-424b-9868-57a2d4851a1d" />
    <TestEntry testId="c0c643b2-9a6c-4772-acd2-99832948b955" executionId="3ec48ed1-0e90-4b60-8130-c801ab81479f" testListId="8c84fa94-04c1-424b-9868-57a2d4851a1d" />
    <TestEntry testId="d1553e85-54cf-4e08-b4a0-1754cb02a300" executionId="7b0bb6d0-816b-4e84-b8c3-1e4a79e2e02f" testListId="8c84fa94-04c1-424b-9868-57a2d4851a1d" />
    <TestEntry testId="f8d17a10-3082-4222-b97a-bd5a00b0b16c" executionId="c09a402a-6dad-4ba7-97f9-4a1b13c991c7" testListId="8c84fa94-04c1-424b-9868-57a2d4851a1d" />
    <TestEntry testId="fac3932b-e8f4-4d3d-8d19-80bbbc369b74" executionId="28b02bac-f965-47af-8e14-8d588735638a" testListId="8c84fa94-04c1-424b-9868-57a2d4851a1d" />
    <TestEntry testId="2c7db291-1db3-4b80-a064-d4cfbe2f415c" executionId="7d18dff0-0138-4a15-bd12-a955eb0bb969" testListId="8c84fa94-04c1-424b-9868-57a2d4851a1d" />
    <TestEntry testId="fcd7a3e8-52c7-4ea0-9fd6-9c42fdb31fa2" executionId="482c31f8-7855-462f-bac8-20dd60067f72" testListId="8c84fa94-04c1-424b-9868-57a2d4851a1d" />
    <TestEntry testId="5b5d7136-e03d-4603-87fa-a665c262d252" executionId="7871aee6-8aec-47df-b5f6-3fc58e72b30d" testListId="8c84fa94-04c1-424b-9868-57a2d4851a1d" />
    <TestEntry testId="6844afe1-cd40-4b15-a307-002a2f855e92" executionId="8de010fc-151f-4597-b2eb-2c9cfe82fe57" testListId="8c84fa94-04c1-424b-9868-57a2d4851a1d" />
    <TestEntry testId="5a155deb-9fe1-4877-95b1-7618e3dd6dbc" executionId="f9bf2da0-024c-4ec8-866f-ed13d74e3dc2" testListId="8c84fa94-04c1-424b-9868-57a2d4851a1d" />
    <TestEntry testId="aeecd1a9-1ea6-43cc-a192-d862486c47c5" executionId="ca9a6e96-8595-4b4c-90a5-f96dfc865e59" testListId="8c84fa94-04c1-424b-9868-57a2d4851a1d" />
    <TestEntry testId="529e7d94-f4f9-44a2-bcfc-b4189a0375af" executionId="53009c48-9678-46ae-8d8a-680e81736166" testListId="8c84fa94-04c1-424b-9868-57a2d4851a1d" />
    <TestEntry testId="d1cdcef5-b351-4881-b1ea-506ae0c8fec7" executionId="b5a7dd5d-6b25-408c-a3fc-8ebcd9957762" testListId="8c84fa94-04c1-424b-9868-57a2d4851a1d" />
    <TestEntry testId="fa12b446-57db-4fb9-a34e-9ea7cd89ab60" executionId="f0a7b134-cca0-4a76-bc9d-b9b1014d7545" testListId="8c84fa94-04c1-424b-9868-57a2d4851a1d" />
    <TestEntry testId="d7151430-1631-4861-bc48-087684697078" executionId="128bab8a-b523-40d7-b557-592da765a746" testListId="8c84fa94-04c1-424b-9868-57a2d4851a1d" />
    <TestEntry testId="1b82e7bb-c9e0-4d54-a780-96e8d7b17a11" executionId="cb65c76d-6e67-4d4d-b087-747b5e536eb1" testListId="8c84fa94-04c1-424b-9868-57a2d4851a1d" />
    <TestEntry testId="9f8c70e2-146b-4760-b48b-205a8b8127d5" executionId="d252b688-c807-48f0-9f66-532432cc86e1" testListId="8c84fa94-04c1-424b-9868-57a2d4851a1d" />
    <TestEntry testId="c5d0c36b-1e1e-46eb-b141-a0e3a4a2490b" executionId="242a3580-1a54-416d-8beb-82054165cfab" testListId="8c84fa94-04c1-424b-9868-57a2d4851a1d" />
    <TestEntry testId="86495350-fb51-4711-988f-09d304f878c4" executionId="1bea9c67-d602-4c1e-8a1d-42ace69f999a" testListId="8c84fa94-04c1-424b-9868-57a2d4851a1d" />
    <TestEntry testId="02a16c7b-401e-4968-8ef7-22351580ef9d" executionId="75810bf7-08dc-465a-b958-4518f3b79f1b" testListId="8c84fa94-04c1-424b-9868-57a2d4851a1d" />
    <TestEntry testId="28743c0a-154a-4c0d-ac13-0cf1843b13db" executionId="207d3b21-c760-44a2-93dc-220c469d246a" testListId="8c84fa94-04c1-424b-9868-57a2d4851a1d" />
    <TestEntry testId="c652fda6-51d5-4291-8ac6-65287164a09f" executionId="a9184da0-f31f-4171-bf7d-ef23804cd146" testListId="8c84fa94-04c1-424b-9868-57a2d4851a1d" />
    <TestEntry testId="c984ff31-de62-493f-8274-449b7295497e" executionId="ba533cff-6a69-4bbf-86b9-ccf88aad45fa" testListId="8c84fa94-04c1-424b-9868-57a2d4851a1d" />
    <TestEntry testId="38ea1582-f7dd-4449-9e9b-481436309f4d" executionId="28eabdff-0947-499c-bad0-0711e4158c7f" testListId="8c84fa94-04c1-424b-9868-57a2d4851a1d" />
    <TestEntry testId="4cf831a5-4741-4546-a944-54a9505c93ad" executionId="bfd13e2c-160f-4cac-8b61-39310afc153b" testListId="8c84fa94-04c1-424b-9868-57a2d4851a1d" />
    <TestEntry testId="26b97211-07b1-4be2-8d49-7acddf241baa" executionId="a72b8903-2d1a-4624-a435-218bd609b49b" testListId="8c84fa94-04c1-424b-9868-57a2d4851a1d" />
    <TestEntry testId="143d988b-116c-4bea-b03b-3a249368264a" executionId="fd492bb5-392f-42e2-b2db-363863295799" testListId="8c84fa94-04c1-424b-9868-57a2d4851a1d" />
    <TestEntry testId="2d029c15-5525-4072-868a-918dd6885c70" executionId="d12ffc83-f95f-4299-b41a-66c8bf438316" testListId="8c84fa94-04c1-424b-9868-57a2d4851a1d" />
    <TestEntry testId="714959ce-0ad4-4356-8a82-2f16cc56b9ae" executionId="f970325c-d16c-43c5-92fb-19a8b82db622" testListId="8c84fa94-04c1-424b-9868-57a2d4851a1d" />
    <TestEntry testId="09eae6d8-38f9-4210-8322-ceecee168d50" executionId="2c98935a-fb68-44f1-981e-ed50fca8b186" testListId="8c84fa94-04c1-424b-9868-57a2d4851a1d" />
    <TestEntry testId="7b525b37-fb4f-4619-a42b-876b7705689c" executionId="393c2aff-c4db-44ae-84a2-c1930980ccee" testListId="8c84fa94-04c1-424b-9868-57a2d4851a1d" />
    <TestEntry testId="4e84cf38-c72e-4883-a348-a8e528fdfc08" executionId="855cfa4f-f4bd-4510-89ae-33345b3db56b" testListId="8c84fa94-04c1-424b-9868-57a2d4851a1d" />
    <TestEntry testId="fff3828a-0a96-4196-9230-9dafa2f7f06b" executionId="71159260-d4e9-4c0f-9883-2229cf5e4a33" testListId="8c84fa94-04c1-424b-9868-57a2d4851a1d" />
    <TestEntry testId="54f439ae-aecf-49f4-a0e5-bb9fbdca87cd" executionId="631a1abd-7dcd-4e32-8a76-71aa93c9c8fd" testListId="8c84fa94-04c1-424b-9868-57a2d4851a1d" />
    <TestEntry testId="a682808d-be80-4ad9-97c6-4042f2fb9522" executionId="9ba07016-b961-4405-96f7-11148a5a4048" testListId="8c84fa94-04c1-424b-9868-57a2d4851a1d" />
    <TestEntry testId="218fa7d6-23af-4949-89db-de8197f00473" executionId="979c37d1-c1e5-475a-8274-8f858bcfdc82" testListId="8c84fa94-04c1-424b-9868-57a2d4851a1d" />
    <TestEntry testId="2e2a4cd9-44a1-4794-b16d-7fa8e2363216" executionId="239748e9-e161-4c24-b88a-5c06fd3ed393" testListId="8c84fa94-04c1-424b-9868-57a2d4851a1d" />
    <TestEntry testId="b996fa5a-b17c-4fbd-b06c-48b40b8d27d2" executionId="3ed3915d-611f-4d5e-8aa1-3a351412cb44" testListId="8c84fa94-04c1-424b-9868-57a2d4851a1d" />
    <TestEntry testId="09ef1eea-4a6f-47eb-98db-dd03eebbe6f1" executionId="8b304847-c26e-4e8a-9032-c5296baa89ca" testListId="8c84fa94-04c1-424b-9868-57a2d4851a1d" />
    <TestEntry testId="0accf139-c1d2-40bf-8ecd-7573ef113cd9" executionId="37920eea-dbc4-4d9f-8376-ed0083b704ff" testListId="8c84fa94-04c1-424b-9868-57a2d4851a1d" />
    <TestEntry testId="1ef1e7a4-e40b-4291-a7d6-b957d54d653e" executionId="c5f34121-577d-4f1b-9700-a4763d50442d" testListId="8c84fa94-04c1-424b-9868-57a2d4851a1d" />
    <TestEntry testId="7e4ba15c-7ef8-432e-8ba0-2bd9d7231124" executionId="4839491b-fe43-4116-8ace-ca94e327170c" testListId="8c84fa94-04c1-424b-9868-57a2d4851a1d" />
    <TestEntry testId="c601c6f3-6b1a-4e39-8f29-aa17bcadfc95" executionId="cd2bff9f-408f-472e-84b0-adf841d51955" testListId="8c84fa94-04c1-424b-9868-57a2d4851a1d" />
    <TestEntry testId="2d4f09f2-694c-4e1b-8e07-ce668fd831b2" executionId="84a9555d-9332-4c37-983c-9c37cd128d23" testListId="8c84fa94-04c1-424b-9868-57a2d4851a1d" />
    <TestEntry testId="7e9748ae-234b-4e3f-a4ed-028853238d1d" executionId="3f9a070e-456b-4463-b674-48ca8498e0ee" testListId="8c84fa94-04c1-424b-9868-57a2d4851a1d" />
    <TestEntry testId="95bc7e20-a1f7-439e-9943-f36e58207f86" executionId="82de86c9-e156-4412-a8c5-4367e0161cd6" testListId="8c84fa94-04c1-424b-9868-57a2d4851a1d" />
    <TestEntry testId="d1be6df3-002b-41f9-bdf5-a1487c5b6cd4" executionId="f1759749-a6b2-46d7-a5a8-eae286b46688" testListId="8c84fa94-04c1-424b-9868-57a2d4851a1d" />
    <TestEntry testId="d83ef694-a1e8-4412-83a6-12ac760259a9" executionId="b5a18365-62ac-494a-aaf2-6d6d8f3e60be" testListId="8c84fa94-04c1-424b-9868-57a2d4851a1d" />
    <TestEntry testId="1c350560-7090-487f-a3ed-ad9304a652cd" executionId="af579e23-43b4-462c-9b51-4a572fbe0894" testListId="8c84fa94-04c1-424b-9868-57a2d4851a1d" />
    <TestEntry testId="95c26852-a440-41f2-9739-3ffbac5d33e4" executionId="3f505c14-dc3e-4e84-8b18-4bbd3f6346a9" testListId="8c84fa94-04c1-424b-9868-57a2d4851a1d" />
    <TestEntry testId="d0f4b253-2321-449c-a382-2e060c7f7c2f" executionId="e7f3e4c4-5de3-4220-a111-d4b648674db6" testListId="8c84fa94-04c1-424b-9868-57a2d4851a1d" />
    <TestEntry testId="06aa356d-a9a9-4825-892a-9c71849d48e9" executionId="10c31fd2-91d1-4213-8393-355fd8b946c9" testListId="8c84fa94-04c1-424b-9868-57a2d4851a1d" />
    <TestEntry testId="792829fb-8acd-44e6-991b-599c37b351b6" executionId="be799fac-475d-4699-94c3-eb7d3a01ffa0" testListId="8c84fa94-04c1-424b-9868-57a2d4851a1d" />
    <TestEntry testId="cff08c4d-658f-465d-928a-888fd0e096ef" executionId="656c8b44-9351-4aa5-bad4-e8ec4167c1f2" testListId="8c84fa94-04c1-424b-9868-57a2d4851a1d" />
    <TestEntry testId="2fc24076-dc4b-4d53-af13-2d0402be6426" executionId="dae4b504-e8b4-4a90-a710-33f24d7e32c5" testListId="8c84fa94-04c1-424b-9868-57a2d4851a1d" />
    <TestEntry testId="f934197a-24e7-4772-9b0f-4ccafdde8c8c" executionId="23a3727d-f22d-487d-87c0-7af468b735ed" testListId="8c84fa94-04c1-424b-9868-57a2d4851a1d" />
    <TestEntry testId="ddc7b403-108d-4eb0-865a-3e6367e8169c" executionId="dee0fa91-13e2-4b01-882a-edb43d3e30b9" testListId="8c84fa94-04c1-424b-9868-57a2d4851a1d" />
    <TestEntry testId="d59eef4f-6217-4d82-bede-1ec7bf925437" executionId="84e59cf9-ca08-4f8a-8449-e07cc9fc1c9c" testListId="8c84fa94-04c1-424b-9868-57a2d4851a1d" />
    <TestEntry testId="1d83a65b-fa18-47bb-82db-9f67b34cf2a7" executionId="62e9255b-553c-493a-b4f2-cead23fff59c" testListId="8c84fa94-04c1-424b-9868-57a2d4851a1d" />
    <TestEntry testId="db2ab3be-4a7b-4af1-8252-7ad1fba9c9c5" executionId="1d0fe7ec-5b99-46bc-b6cb-266cf1efbedc" testListId="8c84fa94-04c1-424b-9868-57a2d4851a1d" />
    <TestEntry testId="a7d89a1a-afb2-4237-a980-0a9632588fde" executionId="0418c7dd-731c-44fa-8b9e-cdd926376afd" testListId="8c84fa94-04c1-424b-9868-57a2d4851a1d" />
    <TestEntry testId="7bdd0595-41f3-45c0-b7ab-ebbb49f0afb8" executionId="87346eae-cdcd-4c01-b39a-58bf908d56fa" testListId="8c84fa94-04c1-424b-9868-57a2d4851a1d" />
    <TestEntry testId="dd89f257-e562-4014-b694-4578d488267e" executionId="52a4bb7d-3173-49ed-95fb-e6bc73ffcbfd" testListId="8c84fa94-04c1-424b-9868-57a2d4851a1d" />
    <TestEntry testId="6a89e6ff-e596-45bb-9210-42793aeec4ee" executionId="f3889394-ca20-427c-b985-29a7c40c4660" testListId="8c84fa94-04c1-424b-9868-57a2d4851a1d" />
    <TestEntry testId="d54e87ff-9814-4bb0-9e3a-8abf6bf63c26" executionId="26da2356-87c2-4fd6-b390-cdbdaae65e7a" testListId="8c84fa94-04c1-424b-9868-57a2d4851a1d" />
    <TestEntry testId="5ca72111-7164-4454-b50f-cb49fa577145" executionId="42e75adb-b9d2-4ed0-ba66-fdf41cd8807c" testListId="8c84fa94-04c1-424b-9868-57a2d4851a1d" />
    <TestEntry testId="962fb76b-b9d4-432a-b585-0f34dfc56002" executionId="df33cece-c797-416e-9467-7423513b8056" testListId="8c84fa94-04c1-424b-9868-57a2d4851a1d" />
    <TestEntry testId="a1239626-69da-4f6b-a29f-388a859303c5" executionId="c3eb7093-a390-4005-84be-03bc19f5d3df" testListId="8c84fa94-04c1-424b-9868-57a2d4851a1d" />
    <TestEntry testId="628c94ff-0c89-485b-85ff-c659790e4e36" executionId="41ea14b6-cfc6-4d01-b6c9-c0fbfe3dfa73" testListId="8c84fa94-04c1-424b-9868-57a2d4851a1d" />
    <TestEntry testId="1716a663-ca32-48d8-b348-4d5f2ab1ff6c" executionId="744096c7-a4de-4057-b402-c032a1937d0c" testListId="8c84fa94-04c1-424b-9868-57a2d4851a1d" />
    <TestEntry testId="e9ecc70e-49d6-4522-a78a-3b0f77b592c9" executionId="c3ce2364-ed97-4e1a-9204-e01308b217d4" testListId="8c84fa94-04c1-424b-9868-57a2d4851a1d" />
    <TestEntry testId="63708a99-28bf-493d-8aa2-c84b4d95e99e" executionId="31d7f697-b450-458e-914a-b203646f5dbb" testListId="8c84fa94-04c1-424b-9868-57a2d4851a1d" />
    <TestEntry testId="296f0c39-67e5-4130-aeeb-e9dc48e4aec6" executionId="99a214a4-f53a-41e6-966b-8026da710d0f" testListId="8c84fa94-04c1-424b-9868-57a2d4851a1d" />
    <TestEntry testId="bb8fce63-9531-4172-a4a4-1432cf01ab52" executionId="13542b70-a525-4d75-b13c-84bce8d5dd10" testListId="8c84fa94-04c1-424b-9868-57a2d4851a1d" />
    <TestEntry testId="4078f3b8-0731-4e57-8e23-2e0f3d8eb466" executionId="e5a7096e-92e6-4dbb-bee3-510c44b19784" testListId="8c84fa94-04c1-424b-9868-57a2d4851a1d" />
    <TestEntry testId="990ef077-3fe2-45a0-8721-a59dbd083cb0" executionId="b4eeb550-c32b-41e5-a74c-d226c0e21fd5" testListId="8c84fa94-04c1-424b-9868-57a2d4851a1d" />
    <TestEntry testId="34dcb670-930a-4416-866d-4476fcfe7968" executionId="3d4b2f9f-e112-4ff6-a394-015ce229dcde" testListId="8c84fa94-04c1-424b-9868-57a2d4851a1d" />
    <TestEntry testId="4fdbf435-4e75-4abf-83f9-d32f6e7735d9" executionId="849a8e3c-4bb7-414e-a7c5-65152525fdec" testListId="8c84fa94-04c1-424b-9868-57a2d4851a1d" />
    <TestEntry testId="ab700b1d-fae9-4f62-bc26-2a9d1d87d9fa" executionId="28190080-b370-419c-83e5-a886d5984a7f" testListId="8c84fa94-04c1-424b-9868-57a2d4851a1d" />
    <TestEntry testId="30e5d350-9e65-49f2-b893-5ea4939ad4bb" executionId="72d994bb-84ca-4b5c-a050-ad5ed4f5e255" testListId="8c84fa94-04c1-424b-9868-57a2d4851a1d" />
    <TestEntry testId="c1ee0d9e-c857-4597-acf0-48d494c906e7" executionId="3a0284e2-2e26-44c5-be07-920bb4fa9037" testListId="8c84fa94-04c1-424b-9868-57a2d4851a1d" />
    <TestEntry testId="4a471ed5-3e3c-48f3-a84f-dd00388f7602" executionId="88dbf7d0-0dce-4c16-b52b-e5a60ec9d8e0" testListId="8c84fa94-04c1-424b-9868-57a2d4851a1d" />
    <TestEntry testId="7bd8628f-9c08-449f-900c-150b0305ca05" executionId="5e16c574-0070-4e4b-8e87-de64d33288a7" testListId="8c84fa94-04c1-424b-9868-57a2d4851a1d" />
    <TestEntry testId="aeeead4e-c49d-4331-8393-6806ec6d73de" executionId="20f518ea-4f75-4d6f-8095-b15924253d90" testListId="8c84fa94-04c1-424b-9868-57a2d4851a1d" />
    <TestEntry testId="be570153-ccc1-4178-a9af-32eff8f798e1" executionId="8dacfcfb-8aad-4c47-9c86-58bcf01f24b7" testListId="8c84fa94-04c1-424b-9868-57a2d4851a1d" />
    <TestEntry testId="f728207e-9ec2-4eb6-9ebc-5312be2830e0" executionId="2ca9f803-016e-4b82-9a6d-27497b1ff1b8" testListId="8c84fa94-04c1-424b-9868-57a2d4851a1d" />
    <TestEntry testId="1ca7f371-3a7a-4ea7-be5a-54c8fba981e2" executionId="cf676e76-59b3-4c58-a6dd-2f89bbd6bc21" testListId="8c84fa94-04c1-424b-9868-57a2d4851a1d" />
    <TestEntry testId="c10f2c1e-f4e5-48b5-8fe9-6194c69aa5eb" executionId="db7b5ad3-eb28-479d-98c2-829d07a9194b" testListId="8c84fa94-04c1-424b-9868-57a2d4851a1d" />
    <TestEntry testId="f5a712b4-954f-4399-9513-1cfd9565acc3" executionId="8193e371-2837-4033-ac2f-671d03ccecd7" testListId="8c84fa94-04c1-424b-9868-57a2d4851a1d" />
    <TestEntry testId="81b1e620-7a10-45b5-a4b0-a7fb023412b1" executionId="c7982333-6fbd-4c32-8a40-950812704e7e" testListId="8c84fa94-04c1-424b-9868-57a2d4851a1d" />
    <TestEntry testId="130f4895-ea27-4ea8-a857-3b132cfc5357" executionId="d0dfe2ec-2477-496f-948d-9f4d3d5660cc" testListId="8c84fa94-04c1-424b-9868-57a2d4851a1d" />
    <TestEntry testId="12b50c1e-e0c6-40b5-98b4-1f3fd27b999e" executionId="670d18af-5a5e-42c8-b66a-bcbfcc772ece" testListId="8c84fa94-04c1-424b-9868-57a2d4851a1d" />
    <TestEntry testId="3e81dfd2-ad89-4bcb-b274-de557369b7f6" executionId="fee3c40e-38ff-4668-ac11-7045d4f6773f" testListId="8c84fa94-04c1-424b-9868-57a2d4851a1d" />
    <TestEntry testId="6e771606-d806-494b-8bb7-bb542f0431d1" executionId="c32b01bc-5652-4b3c-aee0-f436bd7a5142" testListId="8c84fa94-04c1-424b-9868-57a2d4851a1d" />
    <TestEntry testId="d9edfeeb-b76c-4d96-8eea-c204a79c4d55" executionId="338e3693-b871-4f66-9d47-2b66bf164a5a" testListId="8c84fa94-04c1-424b-9868-57a2d4851a1d" />
    <TestEntry testId="2050886f-9375-409a-8330-245a3014a12b" executionId="08d54668-acf2-4b24-b3b0-1ed35b2c890f" testListId="8c84fa94-04c1-424b-9868-57a2d4851a1d" />
    <TestEntry testId="6df08d8d-921f-4ec2-a975-ab1512b2be74" executionId="2806a3b1-8dfc-44a9-a5ad-d5e993ecdd19" testListId="8c84fa94-04c1-424b-9868-57a2d4851a1d" />
    <TestEntry testId="cade4287-6bf8-46b7-9d86-409a05180878" executionId="1190f72c-84b1-481c-baec-e016cea79ab2" testListId="8c84fa94-04c1-424b-9868-57a2d4851a1d" />
    <TestEntry testId="56d1a08e-c2e1-40ec-b5be-ae6b7f799e88" executionId="dfaedfd6-e24c-4bb9-906b-a81a807bd777" testListId="8c84fa94-04c1-424b-9868-57a2d4851a1d" />
    <TestEntry testId="1a9df4dd-b974-4ec7-8b86-3831d0cd1bde" executionId="5c1ed59f-b539-4f40-9912-cd02a6ced1bb" testListId="8c84fa94-04c1-424b-9868-57a2d4851a1d" />
    <TestEntry testId="d52d0e80-553a-4c97-8560-88167a4abba5" executionId="25baba3a-6c6f-4f00-9992-84bd169a4e5b" testListId="8c84fa94-04c1-424b-9868-57a2d4851a1d" />
    <TestEntry testId="ecf03ce4-ddd2-47a9-b495-0773151721ee" executionId="095ea07f-de56-411b-af21-dc55d93dae67" testListId="8c84fa94-04c1-424b-9868-57a2d4851a1d" />
    <TestEntry testId="a89b37a2-357d-49cb-ad48-28a70b002cd1" executionId="cc19c099-81d7-4486-86ec-65174c28403a" testListId="8c84fa94-04c1-424b-9868-57a2d4851a1d" />
    <TestEntry testId="0fc00bcf-655f-44de-8e4b-e7067c6e538c" executionId="f9c53c56-2fdd-426b-99a3-372b3646e2f9" testListId="8c84fa94-04c1-424b-9868-57a2d4851a1d" />
    <TestEntry testId="3f7da54c-9356-4524-b9d6-21f43a68ff41" executionId="e255bc4d-f8d5-4936-af61-55029cdd0343" testListId="8c84fa94-04c1-424b-9868-57a2d4851a1d" />
    <TestEntry testId="481ea5da-8d87-4206-8ade-c07b660f530c" executionId="9b7998ed-89b8-4e7e-94d1-929bdb3609d4" testListId="8c84fa94-04c1-424b-9868-57a2d4851a1d" />
    <TestEntry testId="765a0043-a63d-43ec-930c-2145b14fb4d8" executionId="0462e4f5-e968-4f54-9e8f-c166d04d8452" testListId="8c84fa94-04c1-424b-9868-57a2d4851a1d" />
    <TestEntry testId="129f46d8-4125-4643-93f8-dee4559ff7bb" executionId="7b6b5c84-f4a2-4484-8af5-8c3202da4334" testListId="8c84fa94-04c1-424b-9868-57a2d4851a1d" />
    <TestEntry testId="35534fed-0e17-44f6-b65a-2db185b69df6" executionId="c18f8660-25c7-4e5b-95d2-ab2737467fc7" testListId="8c84fa94-04c1-424b-9868-57a2d4851a1d" />
    <TestEntry testId="97b278c6-48a2-4db2-b5fc-4c29668a8912" executionId="d2e382b6-8d7b-4348-b636-94d23287f7c5" testListId="8c84fa94-04c1-424b-9868-57a2d4851a1d" />
    <TestEntry testId="2040c766-2169-4d2d-a66b-64f6944787b6" executionId="9cfb70c0-5c7e-4ec9-a20e-b54cad885670" testListId="8c84fa94-04c1-424b-9868-57a2d4851a1d" />
    <TestEntry testId="bb6e7b9e-c207-439e-9dab-b5bef12fd5ea" executionId="753eb289-e614-400d-a240-55bf33b528f1" testListId="8c84fa94-04c1-424b-9868-57a2d4851a1d" />
    <TestEntry testId="bd41d8ac-74d0-4610-998e-93a32e7a489c" executionId="aab836e5-6df1-4846-ac4c-72b818c1f06d" testListId="8c84fa94-04c1-424b-9868-57a2d4851a1d" />
    <TestEntry testId="82bf9f8b-9753-48cb-b74b-40de135f55c7" executionId="ff2ca3b7-6458-4eba-bfb1-ffb6b338e96d" testListId="8c84fa94-04c1-424b-9868-57a2d4851a1d" />
    <TestEntry testId="4eb04091-dc25-4c59-9c00-4fc7215ad00e" executionId="c1b0a472-3a17-4a7a-a4c4-34cc1a3ffd58" testListId="8c84fa94-04c1-424b-9868-57a2d4851a1d" />
    <TestEntry testId="cfd96765-11ce-4a06-9846-d6331267386e" executionId="1bb0a0d5-b729-4533-9ba9-a69020e517c2" testListId="8c84fa94-04c1-424b-9868-57a2d4851a1d" />
    <TestEntry testId="c38bf6fc-b910-4e45-84d4-07621753d755" executionId="56eb41d0-ff1c-4572-a176-2c5b1f521c4f" testListId="8c84fa94-04c1-424b-9868-57a2d4851a1d" />
    <TestEntry testId="f15eacf0-535d-4ba0-b776-347139f29d4a" executionId="8d31a2ca-efae-4932-a4ce-6ed03773abd8" testListId="8c84fa94-04c1-424b-9868-57a2d4851a1d" />
    <TestEntry testId="13e24231-74b3-4a8e-b1f5-cba2de4bdcc3" executionId="492702d3-9306-420a-aebd-2039e7e7c558" testListId="8c84fa94-04c1-424b-9868-57a2d4851a1d" />
    <TestEntry testId="abf873b4-1b1f-4bea-a7ae-f60a089ac046" executionId="31781cc4-2e46-42b0-b552-cac23f0a7c1f" testListId="8c84fa94-04c1-424b-9868-57a2d4851a1d" />
    <TestEntry testId="4b98b6de-91c0-494b-8178-b2f80c736f85" executionId="df1aa5ce-ccf0-466e-a253-b716f9056b25" testListId="8c84fa94-04c1-424b-9868-57a2d4851a1d" />
    <TestEntry testId="cba9a19f-5049-4f8a-b621-8c1bf84031a5" executionId="ac482c02-6951-43e1-bae0-34705b1e2fdb" testListId="8c84fa94-04c1-424b-9868-57a2d4851a1d" />
    <TestEntry testId="b2d03c88-4121-497d-9537-4dd12f587969" executionId="26bb7ee4-5248-4ab1-81bb-3daa7d37d7fe" testListId="8c84fa94-04c1-424b-9868-57a2d4851a1d" />
    <TestEntry testId="0e364c22-5f2d-4373-8599-07068ce7aa5a" executionId="7aea2a73-3ddc-4351-903a-a9d742432f93" testListId="8c84fa94-04c1-424b-9868-57a2d4851a1d" />
    <TestEntry testId="ab1d6d0a-8bcc-4e04-8ec6-6548b42a7964" executionId="2601e361-465b-4bc8-ab5e-7a576219d9a1" testListId="8c84fa94-04c1-424b-9868-57a2d4851a1d" />
    <TestEntry testId="526beab6-8c60-4601-aaea-814f57ec4d6a" executionId="2eb9ad76-f5a1-4856-a2ab-3a70a2aa03b4" testListId="8c84fa94-04c1-424b-9868-57a2d4851a1d" />
    <TestEntry testId="69fafe8c-da58-486a-862d-b77585956ae1" executionId="a2f52464-30a5-4fd4-a46e-904a514310dc" testListId="8c84fa94-04c1-424b-9868-57a2d4851a1d" />
    <TestEntry testId="e493c852-f73f-4839-8693-7acc7734ab35" executionId="cc3809ab-ed7d-4055-bb2c-2a2fc2a08a96" testListId="8c84fa94-04c1-424b-9868-57a2d4851a1d" />
    <TestEntry testId="674ea9e9-8588-4ed5-9700-f9df94219883" executionId="e88a63ce-7bf5-479b-9bc2-efe699556b95" testListId="8c84fa94-04c1-424b-9868-57a2d4851a1d" />
    <TestEntry testId="830ad73e-6bf2-4e5c-b8a3-6631a4f56735" executionId="7d2619b5-f18d-43de-9929-9690853a56bb" testListId="8c84fa94-04c1-424b-9868-57a2d4851a1d" />
    <TestEntry testId="813a19a3-9ce7-4f00-9f52-18283576f5d7" executionId="3c36be4e-3b2d-4614-af99-90e9aa25807f" testListId="8c84fa94-04c1-424b-9868-57a2d4851a1d" />
    <TestEntry testId="18bce0db-ffe1-4627-886d-0670babc5be5" executionId="b2b54700-24f9-47da-8ac2-90754825785d" testListId="8c84fa94-04c1-424b-9868-57a2d4851a1d" />
    <TestEntry testId="10d3fd08-1804-4183-85b5-9c98e18424f3" executionId="97067237-edc4-49f8-94a1-89d6b6fd0d59" testListId="8c84fa94-04c1-424b-9868-57a2d4851a1d" />
    <TestEntry testId="9312d638-1eb1-4b54-85e9-1b1a35fcf738" executionId="f513f1bf-2025-4971-a878-b7b4d39a1cd9" testListId="8c84fa94-04c1-424b-9868-57a2d4851a1d" />
    <TestEntry testId="593ab8d3-bcd3-4082-9c52-d04d25915c72" executionId="e797f0ca-5738-44fc-a282-a86d7eb0c4eb" testListId="8c84fa94-04c1-424b-9868-57a2d4851a1d" />
    <TestEntry testId="aec005f2-17ac-4f89-9833-20b5fc4adb5e" executionId="bb397dda-043c-4b90-8db2-1e536dc4c851" testListId="8c84fa94-04c1-424b-9868-57a2d4851a1d" />
    <TestEntry testId="3355a55c-83e4-401a-a758-07bbec76a925" executionId="30aaef73-0c01-4342-a768-551a66fd92b9" testListId="8c84fa94-04c1-424b-9868-57a2d4851a1d" />
    <TestEntry testId="65d66ef5-4c1b-4ca4-a069-dae05e331c08" executionId="2b6a25af-088e-4faf-931d-55b313729aee" testListId="8c84fa94-04c1-424b-9868-57a2d4851a1d" />
    <TestEntry testId="5780d328-133b-4d55-a238-1572b094d31c" executionId="b341e52a-fa2c-4ec8-bf7c-4f82e5827f7b" testListId="8c84fa94-04c1-424b-9868-57a2d4851a1d" />
    <TestEntry testId="30dffc66-abb9-49d3-9bec-50f0909de734" executionId="81419e70-14ee-4ec2-924f-fa3343d06895" testListId="8c84fa94-04c1-424b-9868-57a2d4851a1d" />
    <TestEntry testId="068c9c90-2d21-4888-b649-a1017bb422f0" executionId="b50ce8da-44d2-4a33-bc68-3d3b7be89185" testListId="8c84fa94-04c1-424b-9868-57a2d4851a1d" />
    <TestEntry testId="16a270c2-e5b9-4c41-900c-e9aa0bc7556f" executionId="5ed264f7-db64-4b9e-9df9-9190e751a217" testListId="8c84fa94-04c1-424b-9868-57a2d4851a1d" />
    <TestEntry testId="4c7d4fb0-af50-4448-a31d-805072b4e40f" executionId="b616a15f-ae1d-4211-9396-614d2ef37dcb" testListId="8c84fa94-04c1-424b-9868-57a2d4851a1d" />
    <TestEntry testId="1e1fa64d-dedf-4f91-9acc-ca2a787acb68" executionId="a45cab76-d53a-4c49-8866-e6e9234aed69" testListId="8c84fa94-04c1-424b-9868-57a2d4851a1d" />
    <TestEntry testId="81a4cded-140f-4251-b0de-842ae682c848" executionId="37343f24-0dc3-48d2-8ea9-b1732015d9ad" testListId="8c84fa94-04c1-424b-9868-57a2d4851a1d" />
    <TestEntry testId="ce6e5190-fa0b-487b-b270-8c00ff0f3246" executionId="4108f607-af6a-4872-bc3b-cbace3828ce3" testListId="8c84fa94-04c1-424b-9868-57a2d4851a1d" />
    <TestEntry testId="1d439250-973e-4c33-997d-a4dbe39b6900" executionId="e16c3bf5-56fe-47b5-966c-49ce66b92385" testListId="8c84fa94-04c1-424b-9868-57a2d4851a1d" />
    <TestEntry testId="d4f8ddfd-36a3-4b18-a1ee-a09c2cb36df0" executionId="283f2d6e-5c0c-45bf-a4b8-747c905597de" testListId="8c84fa94-04c1-424b-9868-57a2d4851a1d" />
    <TestEntry testId="54c9e1ff-6765-4c2e-a70f-846c6ad677db" executionId="5ac1d784-8fbc-4f62-951e-2a4266d259de" testListId="8c84fa94-04c1-424b-9868-57a2d4851a1d" />
    <TestEntry testId="3c56bb65-30fa-4aaf-b574-1a4b24d7bdf1" executionId="f0325ea6-929a-4601-823c-6b83d5f96694" testListId="8c84fa94-04c1-424b-9868-57a2d4851a1d" />
    <TestEntry testId="aed0f296-b3e5-4187-89e8-22e7494b0b5d" executionId="e47ddd4c-89a0-4499-82d6-22e0b8a75ac4" testListId="8c84fa94-04c1-424b-9868-57a2d4851a1d" />
    <TestEntry testId="d3248a96-1e36-4cf8-90d2-59f380dde38c" executionId="eaa703fb-0663-4688-b68d-18a55cef57b8" testListId="8c84fa94-04c1-424b-9868-57a2d4851a1d" />
    <TestEntry testId="1e9c8532-08a3-4bb9-b2f0-ec9500f845ef" executionId="d0c8b2b1-6a52-4bbf-bd6b-a74f468dfffd" testListId="8c84fa94-04c1-424b-9868-57a2d4851a1d" />
    <TestEntry testId="ea6c0777-8e75-4ca9-9b2c-246cbc48497b" executionId="7b710f52-3fe6-46f4-89db-d4e6e2052166" testListId="8c84fa94-04c1-424b-9868-57a2d4851a1d" />
    <TestEntry testId="8cf78b99-52c8-4eca-aa8d-2cc02daf0873" executionId="50988a0d-0fad-4e9f-928b-3c142317b257" testListId="8c84fa94-04c1-424b-9868-57a2d4851a1d" />
    <TestEntry testId="46e75746-c655-4689-a725-b83e023e5eef" executionId="1de1b2bd-38f0-4229-8a55-d1858311d4d4" testListId="8c84fa94-04c1-424b-9868-57a2d4851a1d" />
    <TestEntry testId="d5c91f60-c28d-4c00-a68b-f4e157cee571" executionId="ebe01cf5-c183-4e7b-8bb8-cb98f6c3a691" testListId="8c84fa94-04c1-424b-9868-57a2d4851a1d" />
    <TestEntry testId="2772aa7c-6e31-4eb1-ac97-fa685b7183f5" executionId="820d8d94-9bd1-4a70-818f-d6a29cf41e2e" testListId="8c84fa94-04c1-424b-9868-57a2d4851a1d" />
    <TestEntry testId="66c2c25a-ce8b-4f18-ba2d-37e17fd5e578" executionId="a614746b-5b75-4a10-a6c6-ab423ca4d0a0" testListId="8c84fa94-04c1-424b-9868-57a2d4851a1d" />
    <TestEntry testId="9049e62d-ddf8-41b5-8763-57f1e36b08a2" executionId="1098ac8b-7fc9-4d0f-a732-95c19c99b3a1" testListId="8c84fa94-04c1-424b-9868-57a2d4851a1d" />
    <TestEntry testId="c4150646-50ac-4ba5-8b5e-e164b9014029" executionId="0ca116f1-d06b-46b3-a4f9-9c53a8ebbe02" testListId="8c84fa94-04c1-424b-9868-57a2d4851a1d" />
    <TestEntry testId="dd7e6c22-de9d-4d52-a035-2c5d2ddcad04" executionId="f1640d5d-1631-4f13-b84b-9741b70e3239" testListId="8c84fa94-04c1-424b-9868-57a2d4851a1d" />
    <TestEntry testId="8f790ce8-4403-47dd-962b-481ee9b610a8" executionId="1d98987c-d04f-470b-8db9-0f9f5b32e0a6" testListId="8c84fa94-04c1-424b-9868-57a2d4851a1d" />
    <TestEntry testId="d02ceee7-bca5-44c6-9f05-d296b746f4bf" executionId="82c38440-3376-430a-9fbd-47cd8c35526b" testListId="8c84fa94-04c1-424b-9868-57a2d4851a1d" />
    <TestEntry testId="a068ed97-2eef-4eac-9a9b-1096802efdef" executionId="40e48b4f-37aa-4a73-bf29-4f85b2b1ab0f" testListId="8c84fa94-04c1-424b-9868-57a2d4851a1d" />
    <TestEntry testId="0a9e1420-b749-4634-9964-0c5e93ab4edf" executionId="da902500-d789-4668-96d5-281f2b0a230f" testListId="8c84fa94-04c1-424b-9868-57a2d4851a1d" />
    <TestEntry testId="73d41b13-4461-4403-b040-89e97e30e267" executionId="8d989eba-7086-4bf7-ba6e-02a61d232480" testListId="8c84fa94-04c1-424b-9868-57a2d4851a1d" />
    <TestEntry testId="dec40997-139f-4c72-bf19-2ecd06996b35" executionId="2cb0e436-c63f-4f7f-8f60-d1fdc47448f4" testListId="8c84fa94-04c1-424b-9868-57a2d4851a1d" />
    <TestEntry testId="dbd48dee-c261-4f91-8122-44fcc90ba0df" executionId="1ef17f28-9d67-4e64-8992-7422c0a60d4d" testListId="8c84fa94-04c1-424b-9868-57a2d4851a1d" />
    <TestEntry testId="71de3adf-8431-4a59-a55e-5738b70a57b8" executionId="4064a2e9-cef0-4cb0-8e89-156823a3d91e" testListId="8c84fa94-04c1-424b-9868-57a2d4851a1d" />
    <TestEntry testId="fc7dff27-2ef3-4dec-953a-b1c18b8aac9d" executionId="a82d440c-d1b5-44c0-a346-d489f2903626" testListId="8c84fa94-04c1-424b-9868-57a2d4851a1d" />
    <TestEntry testId="9ec4f381-88a0-4431-8d82-ab923d7b5119" executionId="7aa7b9c6-2da9-4ba0-9748-ea63c3c1f8c2" testListId="8c84fa94-04c1-424b-9868-57a2d4851a1d" />
    <TestEntry testId="18ee4a45-56c7-4950-958d-5f5b7ce00d48" executionId="6c10167d-615a-4220-9e9a-230fa783797e" testListId="8c84fa94-04c1-424b-9868-57a2d4851a1d" />
    <TestEntry testId="dd2c86b3-68b7-4ee6-9efd-9da2a1bc215a" executionId="f5ede78a-3a54-4cae-a020-f8f83474c5b0" testListId="8c84fa94-04c1-424b-9868-57a2d4851a1d" />
    <TestEntry testId="a40a7107-795e-4b0f-90e2-b06533fa01b6" executionId="8ba6db5f-6679-4ae1-a4a2-03019d080104" testListId="8c84fa94-04c1-424b-9868-57a2d4851a1d" />
    <TestEntry testId="18c07490-3fc6-4b25-bcf3-8bb992f95499" executionId="a1426013-170e-4d44-9320-53f5e0b19805" testListId="8c84fa94-04c1-424b-9868-57a2d4851a1d" />
    <TestEntry testId="8dc3fdef-f480-49b8-aaf8-7a9b3b391419" executionId="9c22aed0-4f67-4f37-843d-13efa689e420" testListId="8c84fa94-04c1-424b-9868-57a2d4851a1d" />
    <TestEntry testId="426479b4-c4d4-4112-add7-6a20a9925ca4" executionId="57f4c3e9-f12a-47fb-a8ac-26e61d6cf5f4" testListId="8c84fa94-04c1-424b-9868-57a2d4851a1d" />
    <TestEntry testId="7b9dc443-e965-4ca6-ab8c-a585b4f818de" executionId="2800ad1e-0ac9-43a3-9769-b3f79989ea6d" testListId="8c84fa94-04c1-424b-9868-57a2d4851a1d" />
    <TestEntry testId="b6f1842c-2d13-42c5-8dfe-7907b9ba6741" executionId="2c52eb44-8a83-4579-a753-d4a50dc7235e" testListId="8c84fa94-04c1-424b-9868-57a2d4851a1d" />
    <TestEntry testId="dcac9380-3b23-4ca7-83c2-8c6dc98c009f" executionId="c0260370-4524-42ab-a54d-e66eaf98da6c" testListId="8c84fa94-04c1-424b-9868-57a2d4851a1d" />
    <TestEntry testId="e8c0507a-9410-4eb9-a009-b76ab95963d6" executionId="b0a6dd1b-a3e5-47a7-8808-0c0306ae06e3" testListId="8c84fa94-04c1-424b-9868-57a2d4851a1d" />
    <TestEntry testId="ea748c00-a34d-475b-990a-06029f701cc7" executionId="fbe1b434-c7b4-45f0-ba6f-86aa2f0f1d4a" testListId="8c84fa94-04c1-424b-9868-57a2d4851a1d" />
    <TestEntry testId="4d951103-e799-43b3-b61e-1c200ed90299" executionId="cdb0b497-cd82-46ac-94e2-5bdc25d06634" testListId="8c84fa94-04c1-424b-9868-57a2d4851a1d" />
    <TestEntry testId="a580bb42-b57d-495c-8164-d1331dfe71e8" executionId="5af9bb15-ebdc-46ef-9336-e8313d8f29a4" testListId="8c84fa94-04c1-424b-9868-57a2d4851a1d" />
    <TestEntry testId="da1c88f4-2e0c-4aa4-9a37-f24edc4bf089" executionId="db3da05a-aef2-48a8-a0ad-57244ab0b6cf" testListId="8c84fa94-04c1-424b-9868-57a2d4851a1d" />
    <TestEntry testId="96c83ddc-f14c-49c9-94a3-3588af3979f5" executionId="447d9248-6e7e-41a5-beee-b486f4bac960" testListId="8c84fa94-04c1-424b-9868-57a2d4851a1d" />
    <TestEntry testId="6f37e7ef-8a02-45c0-af62-be11aeac540f" executionId="df290c5a-f3f8-481e-9dc8-0e00ea47b62e" testListId="8c84fa94-04c1-424b-9868-57a2d4851a1d" />
    <TestEntry testId="6b8ac36d-29ad-4c5d-b7b0-2bcd1d638855" executionId="f4a98c57-2739-479d-bf77-a364126aac75" testListId="8c84fa94-04c1-424b-9868-57a2d4851a1d" />
    <TestEntry testId="5d632f27-1fff-48b9-873d-6a4ccda1f3cc" executionId="d566b7d7-49ea-496b-8acf-c95dbcedefbe" testListId="8c84fa94-04c1-424b-9868-57a2d4851a1d" />
    <TestEntry testId="a0cf6183-eff9-4901-ad2b-c8828976dca5" executionId="25b5e936-00d1-477b-949b-ff789052bf0a" testListId="8c84fa94-04c1-424b-9868-57a2d4851a1d" />
    <TestEntry testId="d02b2206-9a3d-403a-a2d3-b4e18bf3c3e2" executionId="811197c0-8028-43dc-befa-11dc139f740c" testListId="8c84fa94-04c1-424b-9868-57a2d4851a1d" />
    <TestEntry testId="75bfb490-3c4a-4f76-b27c-5f999842c917" executionId="b61e13cb-0d91-4287-ab51-61c0fdea1993" testListId="8c84fa94-04c1-424b-9868-57a2d4851a1d" />
    <TestEntry testId="e387c9e1-6a78-4778-9dc3-dc31cebd07ae" executionId="e1433975-df10-46db-9d47-80c331dd7175" testListId="8c84fa94-04c1-424b-9868-57a2d4851a1d" />
    <TestEntry testId="27a9504e-df6e-4eda-95eb-4036226290f6" executionId="97aebd83-70bc-4813-8647-df41068b78b4" testListId="8c84fa94-04c1-424b-9868-57a2d4851a1d" />
    <TestEntry testId="c281e67d-76bf-46a7-8fe1-d381e8883e3e" executionId="d7a84b17-1316-4ded-9b0f-f9bea18f728a" testListId="8c84fa94-04c1-424b-9868-57a2d4851a1d" />
    <TestEntry testId="0fe3a0e3-7022-409a-b6bf-7cc3a1fa86c7" executionId="3ca3ef94-bc90-40b0-beab-7fe05cc8a68e" testListId="8c84fa94-04c1-424b-9868-57a2d4851a1d" />
    <TestEntry testId="4e6fcace-1fc1-4f6c-b173-7b812d470e1b" executionId="911b3633-45dd-4dc5-acc8-fc22b79b2b42" testListId="8c84fa94-04c1-424b-9868-57a2d4851a1d" />
    <TestEntry testId="7d5e0e6c-5d06-4dc1-b8ba-ba1c6b05bad6" executionId="cb091a5c-edc7-493d-93a1-b97ae0f0e0ef" testListId="8c84fa94-04c1-424b-9868-57a2d4851a1d" />
    <TestEntry testId="4419ea25-4a97-4128-b9bf-de4a0042ced5" executionId="786fd8ec-a1f5-4240-bf22-3f28ba03c5c3" testListId="8c84fa94-04c1-424b-9868-57a2d4851a1d" />
    <TestEntry testId="0c9ba3b4-93ea-4175-83d0-19ac13485111" executionId="bd6bd57b-3e6e-40e7-81d3-96696fab7a21" testListId="8c84fa94-04c1-424b-9868-57a2d4851a1d" />
    <TestEntry testId="a9d9ee23-a783-45bc-923b-a8c6fcf462dc" executionId="a9c632f6-c793-4867-a511-8ec20bfd6790" testListId="8c84fa94-04c1-424b-9868-57a2d4851a1d" />
    <TestEntry testId="0e771a91-05dd-4496-9950-22fcb1b7c624" executionId="04e3bce3-e898-4313-b383-5ea66dc3d7eb" testListId="8c84fa94-04c1-424b-9868-57a2d4851a1d" />
    <TestEntry testId="6552f5bb-c16d-4ea7-831b-798a3b645ab0" executionId="2f6aa599-4b0c-4e38-a137-006006c9fad2" testListId="8c84fa94-04c1-424b-9868-57a2d4851a1d" />
    <TestEntry testId="9cbf2bdd-8168-4523-938e-68d9cee31077" executionId="5a7a3a99-ebad-4fb4-be88-6fa3bb3c5c1e" testListId="8c84fa94-04c1-424b-9868-57a2d4851a1d" />
    <TestEntry testId="c9b465df-c797-422c-82bf-f24624f87750" executionId="a6e9a756-39f2-43d6-bb12-8c9504b31b2f" testListId="8c84fa94-04c1-424b-9868-57a2d4851a1d" />
    <TestEntry testId="48d34947-91a0-4f55-b191-3a26e3058627" executionId="95b22636-bd4b-42c4-9e70-0d4386794cc2" testListId="8c84fa94-04c1-424b-9868-57a2d4851a1d" />
    <TestEntry testId="0d87a45e-39ee-4320-b1d1-633a26f39d91" executionId="303394ea-7ae0-416f-bf55-2247edfb0eb2" testListId="8c84fa94-04c1-424b-9868-57a2d4851a1d" />
    <TestEntry testId="6118fc4f-acfa-4f86-9d50-7aa5690ac87e" executionId="c13218a7-d363-467b-bbd4-5e39b0d2a0b0" testListId="8c84fa94-04c1-424b-9868-57a2d4851a1d" />
    <TestEntry testId="e361a16f-f5e7-443b-91cb-53d656e9ed51" executionId="2b51f412-08b0-47ab-b368-192df674cc99" testListId="8c84fa94-04c1-424b-9868-57a2d4851a1d" />
    <TestEntry testId="31779586-3921-450d-b908-8dcc084839f0" executionId="5a692845-d839-4aa8-be77-b82bde7c628a" testListId="8c84fa94-04c1-424b-9868-57a2d4851a1d" />
    <TestEntry testId="a2a37453-7d11-4f5c-9be1-3938d3dba24b" executionId="cb4b31e5-396f-4186-976f-acf4e0f2a4e2" testListId="8c84fa94-04c1-424b-9868-57a2d4851a1d" />
    <TestEntry testId="646b1924-083e-4404-8657-5ba911e0b6fe" executionId="08c54b1e-6bfe-4a25-85d3-8cfdf5d1d203" testListId="8c84fa94-04c1-424b-9868-57a2d4851a1d" />
    <TestEntry testId="be2322e0-2dc3-45c6-88e2-8ee464030cf3" executionId="fb220f3f-79c9-4fd5-8595-576681a62fb0" testListId="8c84fa94-04c1-424b-9868-57a2d4851a1d" />
    <TestEntry testId="326270bf-fcec-4aa4-b77d-602055b09e7f" executionId="0c9e2595-d306-4c59-aa2e-e5e16984e313" testListId="8c84fa94-04c1-424b-9868-57a2d4851a1d" />
    <TestEntry testId="66bb8131-d857-45a9-8016-d342bd51931f" executionId="f0f798f7-08c4-4a74-8956-41081b7e0887" testListId="8c84fa94-04c1-424b-9868-57a2d4851a1d" />
    <TestEntry testId="a5480677-bb4c-4ac9-b843-571df949c6a6" executionId="35cb86af-b9c0-4aaf-8800-6aabd00b1aad" testListId="8c84fa94-04c1-424b-9868-57a2d4851a1d" />
    <TestEntry testId="e03655f0-4ee5-4ad5-b24a-a0eeea1a8c1a" executionId="e0b253ae-759f-4b2a-9e29-d7ea70d6aab6" testListId="8c84fa94-04c1-424b-9868-57a2d4851a1d" />
    <TestEntry testId="a70815d9-df09-4a2d-a38c-6cf683b9d169" executionId="461939bc-2d85-456f-abc0-6bfb2e01b0cc" testListId="8c84fa94-04c1-424b-9868-57a2d4851a1d" />
    <TestEntry testId="1576ca7b-f139-4f06-974a-76dd4951f33d" executionId="c411387c-a528-46e1-a571-2dae512ac46d" testListId="8c84fa94-04c1-424b-9868-57a2d4851a1d" />
    <TestEntry testId="49ec1561-ac2e-4bf1-85a6-17fd4ff11d3b" executionId="ea388480-cd99-464f-84e2-c0fa1e97989a" testListId="8c84fa94-04c1-424b-9868-57a2d4851a1d" />
    <TestEntry testId="e60b2fa4-9660-4f5d-917d-0c8ae74cd5c8" executionId="31b82e21-cb4c-419c-9a79-2083c9ed29d7" testListId="8c84fa94-04c1-424b-9868-57a2d4851a1d" />
    <TestEntry testId="d1156baf-f470-4c34-bf85-7dec62dbc646" executionId="b3a070be-1df3-4612-9116-79d2f1f35846" testListId="8c84fa94-04c1-424b-9868-57a2d4851a1d" />
    <TestEntry testId="54b953d6-b492-490c-98f3-9aed63a4fd9a" executionId="c9d24b32-841f-412e-b8a7-a45d08475da0" testListId="8c84fa94-04c1-424b-9868-57a2d4851a1d" />
    <TestEntry testId="9ce71cc7-b11b-481c-a09d-00a62e07c62c" executionId="7ce3a1e7-b642-4dd2-afbf-b27b54b16b1a" testListId="8c84fa94-04c1-424b-9868-57a2d4851a1d" />
    <TestEntry testId="a4ef9819-ea07-40cf-b450-f2eac1fbf3cd" executionId="194e3921-1410-4158-b918-a149b3f91299" testListId="8c84fa94-04c1-424b-9868-57a2d4851a1d" />
    <TestEntry testId="b3faf42c-ae11-489f-90b7-2bac65b22b89" executionId="66605857-694e-4e17-9d60-238d70488d88" testListId="8c84fa94-04c1-424b-9868-57a2d4851a1d" />
    <TestEntry testId="6f3ec548-68b4-453f-8162-f7091f075f6c" executionId="080a5bb4-3e48-4ff2-b984-cca4f7ee3393" testListId="8c84fa94-04c1-424b-9868-57a2d4851a1d" />
    <TestEntry testId="4effc2f7-31d2-4c23-a780-3d842fa8115f" executionId="6fc981f1-aa24-443c-9464-e6539ffcddc2" testListId="8c84fa94-04c1-424b-9868-57a2d4851a1d" />
    <TestEntry testId="6d4683a1-c922-43b0-818e-c0ebe4bac426" executionId="f8a4de03-a7f7-46b1-b881-6f819ed224af" testListId="8c84fa94-04c1-424b-9868-57a2d4851a1d" />
    <TestEntry testId="e069d54b-9632-4575-9dcc-b283a2ef6893" executionId="d1fe943a-3aac-423f-8997-c1960ad8f49e" testListId="8c84fa94-04c1-424b-9868-57a2d4851a1d" />
    <TestEntry testId="3a92ab3a-d30a-4a53-b072-76607f02eac0" executionId="715e3207-6f20-4f36-bb43-675e8f81afb8" testListId="8c84fa94-04c1-424b-9868-57a2d4851a1d" />
    <TestEntry testId="d80ea29b-5e21-40ca-8457-9a84547c5ccc" executionId="fa9c48aa-9c46-4824-ad0a-4de743853a7e" testListId="8c84fa94-04c1-424b-9868-57a2d4851a1d" />
    <TestEntry testId="667763ee-6fda-435b-8bf2-bef15a8af354" executionId="b1700317-5b96-492c-bc4b-8239d6b90336" testListId="8c84fa94-04c1-424b-9868-57a2d4851a1d" />
    <TestEntry testId="7bbc1e3a-2ee6-4a2a-a55f-8cd76e47d848" executionId="1aa3fe8f-b803-403a-9647-167775c1d0b1" testListId="8c84fa94-04c1-424b-9868-57a2d4851a1d" />
    <TestEntry testId="61a8be6c-2467-46ba-b3cd-c12698304137" executionId="c77ba19d-7675-41db-a6e8-d32aec3a62f9" testListId="8c84fa94-04c1-424b-9868-57a2d4851a1d" />
    <TestEntry testId="04ca4cdd-1633-4d99-8427-eca1de3cd1d0" executionId="0d3689c9-ee52-43c8-b4b3-dd5862d7a610" testListId="8c84fa94-04c1-424b-9868-57a2d4851a1d" />
    <TestEntry testId="722ea122-73bb-4ba5-b616-05e0e4a5ff1a" executionId="a7a95b3d-6158-41f9-b21f-a36a1ff330eb" testListId="8c84fa94-04c1-424b-9868-57a2d4851a1d" />
    <TestEntry testId="af805f1d-fb27-401f-83c8-e49aa4f1855d" executionId="7891c6cb-07a2-4d36-bff0-b6de308cb9f1" testListId="8c84fa94-04c1-424b-9868-57a2d4851a1d" />
    <TestEntry testId="3c18c47a-a3fb-49ca-92d4-73446079469c" executionId="e8a85936-a6e4-4ead-8f4f-6969b48f78d6" testListId="8c84fa94-04c1-424b-9868-57a2d4851a1d" />
    <TestEntry testId="09f4fad0-089b-4112-889b-4b4d473d7dcf" executionId="508da5d0-b4fd-42f2-8d77-e7d8b8872012" testListId="8c84fa94-04c1-424b-9868-57a2d4851a1d" />
    <TestEntry testId="3b94b98d-899e-4c2c-9ea4-6def2bbfb8e3" executionId="2f75c087-23d0-4fb0-9c1b-06630f8324be" testListId="8c84fa94-04c1-424b-9868-57a2d4851a1d" />
    <TestEntry testId="2ecdd755-1b78-4055-b6b7-c4756fbbcdea" executionId="09b0d36f-f47b-4c17-9b11-49b3557c350b" testListId="8c84fa94-04c1-424b-9868-57a2d4851a1d" />
    <TestEntry testId="1d3981ed-a1c4-44bb-9a44-bd7b2aa40ac8" executionId="880ce77c-faca-45d5-945d-db76748355c7" testListId="8c84fa94-04c1-424b-9868-57a2d4851a1d" />
    <TestEntry testId="e99f8efd-65c1-4d7a-8aaf-40abcf09e370" executionId="449db6c1-d08c-4611-bb8b-73eb2b711a0b" testListId="8c84fa94-04c1-424b-9868-57a2d4851a1d" />
    <TestEntry testId="9bc7cdda-f98a-4433-87cb-ed9e61ec38ab" executionId="c4dca823-d0c1-4e94-b1ea-34426f65922d" testListId="8c84fa94-04c1-424b-9868-57a2d4851a1d" />
    <TestEntry testId="8ba554e0-5507-465c-a7b8-e7ebe22cd2d4" executionId="9b47afcd-e52d-4635-8647-3fd497f99c2c" testListId="8c84fa94-04c1-424b-9868-57a2d4851a1d" />
    <TestEntry testId="1565892e-0086-4703-bcf9-1f04dd979979" executionId="a688990f-89e5-4fa5-a173-4ea005e56cc1" testListId="8c84fa94-04c1-424b-9868-57a2d4851a1d" />
    <TestEntry testId="02d95f8a-c0c1-4d88-b057-3c1942464f68" executionId="1cad46fd-3958-4a21-8de2-752e6ce40280" testListId="8c84fa94-04c1-424b-9868-57a2d4851a1d" />
    <TestEntry testId="665fcebe-8a06-4892-93ae-f68f7e8fa5e1" executionId="018f9b77-e153-4364-80a9-fbc1b904d47b" testListId="8c84fa94-04c1-424b-9868-57a2d4851a1d" />
    <TestEntry testId="218abe83-1187-47ca-9796-448604ff4532" executionId="f4471b9b-016b-438e-9215-989006442996" testListId="8c84fa94-04c1-424b-9868-57a2d4851a1d" />
    <TestEntry testId="96dd742a-0102-416d-b2af-658a58f4c9a3" executionId="a3e78660-81a4-48d5-8e14-2460be724a9b" testListId="8c84fa94-04c1-424b-9868-57a2d4851a1d" />
    <TestEntry testId="c7e1d536-db38-4935-ba02-fdc4e9d1dc94" executionId="0986b00b-6f80-43bf-9601-162f4440f92e" testListId="8c84fa94-04c1-424b-9868-57a2d4851a1d" />
    <TestEntry testId="d325e133-ce1a-4aae-a911-08186a1e197d" executionId="eb807c4c-a5da-4701-af85-6b400583e176" testListId="8c84fa94-04c1-424b-9868-57a2d4851a1d" />
    <TestEntry testId="4719cebb-ab7c-499f-977d-ebe7b6e3acc3" executionId="7292fb8e-8464-45cc-8ced-28aa10a76a06" testListId="8c84fa94-04c1-424b-9868-57a2d4851a1d" />
    <TestEntry testId="f0f2ba4c-6db6-4015-ac3f-aa98d46554ff" executionId="2bf843ad-c638-4fa5-b607-a433a7366ced" testListId="8c84fa94-04c1-424b-9868-57a2d4851a1d" />
    <TestEntry testId="551abc53-06f3-40b0-a06d-8bfd4dd55c16" executionId="dcd60b6a-21b7-49e3-9b54-eae56919c59a" testListId="8c84fa94-04c1-424b-9868-57a2d4851a1d" />
    <TestEntry testId="9d66659d-ae06-460b-9aaa-3ede96c0a9cd" executionId="95945be3-ecee-4ad4-8652-28cd4dc8fb6b" testListId="8c84fa94-04c1-424b-9868-57a2d4851a1d" />
    <TestEntry testId="c10fb9d3-b6e9-4547-932d-d21292509015" executionId="5a1b4dca-5b67-451e-90fc-efd68bbf2d3d" testListId="8c84fa94-04c1-424b-9868-57a2d4851a1d" />
    <TestEntry testId="969f298a-0556-44a5-982f-f3f1cd968b2e" executionId="fdf57d93-d298-4ae0-a2d4-49b18e1a9f30" testListId="8c84fa94-04c1-424b-9868-57a2d4851a1d" />
    <TestEntry testId="9dc9050a-4423-4f8f-a05a-d40c57ae751f" executionId="d552fbdc-f4e0-4406-a3c0-c6ba454c3528" testListId="8c84fa94-04c1-424b-9868-57a2d4851a1d" />
    <TestEntry testId="ed91588b-c59b-4ec4-b56e-d822e91d9455" executionId="bec34646-85cc-4707-9778-2ca092bd5464" testListId="8c84fa94-04c1-424b-9868-57a2d4851a1d" />
    <TestEntry testId="74284f65-6500-4011-ba9b-d00f8674e562" executionId="ee60ecb0-9928-41b6-86ff-1f27ed35b2a4" testListId="8c84fa94-04c1-424b-9868-57a2d4851a1d" />
    <TestEntry testId="c7da3949-0519-4ca1-b0a5-af168afffdcf" executionId="6be2739a-7379-47af-9837-4f1e7a5077c8" testListId="8c84fa94-04c1-424b-9868-57a2d4851a1d" />
    <TestEntry testId="b9b5a0fd-3a42-42e9-a519-efa66352aff0" executionId="1711eec1-6ede-45e5-b1aa-2e1cafd180a8" testListId="8c84fa94-04c1-424b-9868-57a2d4851a1d" />
    <TestEntry testId="dce2878e-989a-4dd7-918e-e41cdb6320ea" executionId="79f59b13-c0cc-47d2-96ab-0deab9ad136e" testListId="8c84fa94-04c1-424b-9868-57a2d4851a1d" />
    <TestEntry testId="0b3b39df-8733-4e75-ac7b-e121b0d62f52" executionId="dff739e0-188d-47e7-be3a-9063c31e1edd" testListId="8c84fa94-04c1-424b-9868-57a2d4851a1d" />
    <TestEntry testId="22ddb6e2-5cc8-4d8f-9c8b-6f07872d220f" executionId="21fe148a-e68a-4f10-bf28-e558e35b8757" testListId="8c84fa94-04c1-424b-9868-57a2d4851a1d" />
    <TestEntry testId="7ca884b9-7c20-4558-a6c8-da6bb8102944" executionId="878ec242-273d-4500-9191-3922fbb50c9f" testListId="8c84fa94-04c1-424b-9868-57a2d4851a1d" />
    <TestEntry testId="c2023033-1b3a-401a-899a-20129e490549" executionId="5bbab3b5-8632-4879-8c74-b1165e1ad760" testListId="8c84fa94-04c1-424b-9868-57a2d4851a1d" />
    <TestEntry testId="0ab0cadf-3850-4abd-95c5-9097502e1cb4" executionId="34e9c7cd-29c3-431c-b2bc-3799945346b7" testListId="8c84fa94-04c1-424b-9868-57a2d4851a1d" />
    <TestEntry testId="292cef7d-82ad-469e-84a8-1c0525e34de3" executionId="da577109-9062-4f0d-9cbf-35ab160d1cea" testListId="8c84fa94-04c1-424b-9868-57a2d4851a1d" />
    <TestEntry testId="814fb73a-efb9-40fc-b9d6-2f47312db76d" executionId="acf4367a-56dd-42ee-9309-671adc070cbd" testListId="8c84fa94-04c1-424b-9868-57a2d4851a1d" />
    <TestEntry testId="b34cb9c8-9d71-48f6-b329-e734295656ce" executionId="1e199eda-531b-4101-9844-d121f521da3a" testListId="8c84fa94-04c1-424b-9868-57a2d4851a1d" />
    <TestEntry testId="7c1456a7-6f2a-4750-b3fb-b512c0ae2cae" executionId="9d492a80-841c-4888-bc9d-8db40844ba62" testListId="8c84fa94-04c1-424b-9868-57a2d4851a1d" />
    <TestEntry testId="6d5661d6-a727-4403-9148-dbcf8a1cfee8" executionId="a4baceb7-f95c-4129-9f3a-a0ee5b3163a0" testListId="8c84fa94-04c1-424b-9868-57a2d4851a1d" />
    <TestEntry testId="f952be56-82b1-46ee-a213-5be8f98e4de6" executionId="e273306f-21db-4240-9742-21db397e8608" testListId="8c84fa94-04c1-424b-9868-57a2d4851a1d" />
    <TestEntry testId="1f59e16b-5d83-44c0-b9e9-bc6d8f322d6d" executionId="98a6fb9b-1bfd-4b1e-91f0-539095e11647" testListId="8c84fa94-04c1-424b-9868-57a2d4851a1d" />
    <TestEntry testId="05d1272f-3e4f-4e13-b2fd-6984b4343da5" executionId="cc0478c4-bcb5-46b8-836b-f7255e594844" testListId="8c84fa94-04c1-424b-9868-57a2d4851a1d" />
    <TestEntry testId="521da37a-c14a-4c53-a454-3313ff956955" executionId="9e6d6562-03d3-47cf-94fe-965ea5ce80fd" testListId="8c84fa94-04c1-424b-9868-57a2d4851a1d" />
    <TestEntry testId="624e23a1-4066-4581-8f85-2775cf9fa2a0" executionId="c68360b5-b91d-49f6-905f-dfc90fa60cfa" testListId="8c84fa94-04c1-424b-9868-57a2d4851a1d" />
    <TestEntry testId="ea6fc9df-b317-48ab-bcb7-e2e1729fc934" executionId="459bce00-c71c-4a3f-94cc-d9674fe6a86d" testListId="8c84fa94-04c1-424b-9868-57a2d4851a1d" />
    <TestEntry testId="d61f2626-1c17-4977-9a15-4b7ba6c9cd0f" executionId="95be8296-3da5-47c9-afa6-d45cb28cb183" testListId="8c84fa94-04c1-424b-9868-57a2d4851a1d" />
    <TestEntry testId="f8db4e92-a069-4fe0-b087-9f971e960ac7" executionId="bfe5fb4f-3ec5-4393-80e0-8f4f408d86d8" testListId="8c84fa94-04c1-424b-9868-57a2d4851a1d" />
    <TestEntry testId="a0b059ad-f8d8-4add-9246-fede4b569d57" executionId="7044847a-11b5-4960-aff5-e55545e8915e" testListId="8c84fa94-04c1-424b-9868-57a2d4851a1d" />
    <TestEntry testId="eb8b31cb-564b-4e54-85c0-3cbc163dc520" executionId="76a3e0fd-57bc-4b24-b5de-1a747c248784" testListId="8c84fa94-04c1-424b-9868-57a2d4851a1d" />
    <TestEntry testId="3e896061-0e82-492a-813f-faa8977a33f4" executionId="f7588c11-0c8d-4b92-829c-5a7692892750" testListId="8c84fa94-04c1-424b-9868-57a2d4851a1d" />
    <TestEntry testId="5997cb8a-d7ce-4e08-83cf-15c335817cbc" executionId="c85fba5d-8bd2-4c07-b1a9-b717c89f2c9e" testListId="8c84fa94-04c1-424b-9868-57a2d4851a1d" />
    <TestEntry testId="1b82c352-4a7e-4188-95fe-7769e842b454" executionId="32a31d48-ecb2-4b7e-a528-f7079ccf07ab" testListId="8c84fa94-04c1-424b-9868-57a2d4851a1d" />
    <TestEntry testId="e20f5fb1-71b9-4429-b49d-5adb82eedc65" executionId="916341ec-b852-49c3-a127-4479a7ddb350" testListId="8c84fa94-04c1-424b-9868-57a2d4851a1d" />
    <TestEntry testId="a6083850-9693-4176-a0fd-ebc5d2e6d9a6" executionId="3fdc544a-40e8-4792-b3a5-bea34120273f" testListId="8c84fa94-04c1-424b-9868-57a2d4851a1d" />
    <TestEntry testId="96c6047e-d3e9-4110-a035-9f58adce1a64" executionId="85f88188-6c2c-4494-b4b1-dd988b1bb857" testListId="8c84fa94-04c1-424b-9868-57a2d4851a1d" />
    <TestEntry testId="6b9e7d3d-dc1c-46b7-b500-991bec799430" executionId="a6a98c88-25a9-4cb9-bb06-a438a373802a" testListId="8c84fa94-04c1-424b-9868-57a2d4851a1d" />
    <TestEntry testId="1b467101-45a0-40f9-9c9e-156cad38071f" executionId="c6db41b9-0f81-4725-b150-498c4a861c64" testListId="8c84fa94-04c1-424b-9868-57a2d4851a1d" />
    <TestEntry testId="59448297-ee65-4093-b207-24727ba8d312" executionId="7701b66b-38e5-4300-86a9-e8343ce48aab" testListId="8c84fa94-04c1-424b-9868-57a2d4851a1d" />
    <TestEntry testId="a392c6cc-92e6-4599-a799-1e5094df1323" executionId="d0aef663-b4b8-4cb7-946c-77a79d0cb062" testListId="8c84fa94-04c1-424b-9868-57a2d4851a1d" />
    <TestEntry testId="d3b62117-a6e5-4fcf-b7be-a28a4273bfa3" executionId="441391dc-a471-4533-8ef8-062f178040ff" testListId="8c84fa94-04c1-424b-9868-57a2d4851a1d" />
    <TestEntry testId="0b27db68-d812-4809-9c11-c43fcdbdaed0" executionId="960e8d15-237a-4de3-b8fd-ed6ea13b8765" testListId="8c84fa94-04c1-424b-9868-57a2d4851a1d" />
    <TestEntry testId="1c035161-096a-4ac5-bb5b-d984f9ec4d98" executionId="3bbfc6fd-7817-4e61-a08e-d26f6040000d" testListId="8c84fa94-04c1-424b-9868-57a2d4851a1d" />
    <TestEntry testId="58b8cf6f-f05d-409f-b344-49d87690f0f1" executionId="0d99e6c2-9b07-48d3-ad72-b88f97b76772" testListId="8c84fa94-04c1-424b-9868-57a2d4851a1d" />
    <TestEntry testId="6e5b1d8e-30d9-44a6-8afb-59b3f5036a63" executionId="6239ef48-9eeb-4863-bfa0-ff65823e566b" testListId="8c84fa94-04c1-424b-9868-57a2d4851a1d" />
    <TestEntry testId="b0b5c5ff-48a4-4b4b-a522-d08bd223e972" executionId="f8226df9-900e-4fbd-bb8b-1ad6fca851a0" testListId="8c84fa94-04c1-424b-9868-57a2d4851a1d" />
    <TestEntry testId="bee0d159-5366-4f73-862d-8e32dcee9eec" executionId="d542ead2-041b-418e-a0ad-bc323c31e17f" testListId="8c84fa94-04c1-424b-9868-57a2d4851a1d" />
    <TestEntry testId="e7e44d91-6ce9-4019-9206-360e112c1fb9" executionId="664192ae-befc-4974-bab8-561d636e73d2" testListId="8c84fa94-04c1-424b-9868-57a2d4851a1d" />
    <TestEntry testId="c08a26b3-01f4-4e95-8454-61daf0b9c24f" executionId="a248ad63-824d-4b80-acbb-c9b328673313" testListId="8c84fa94-04c1-424b-9868-57a2d4851a1d" />
    <TestEntry testId="1fb3fdc0-e82f-41ec-8a62-369ab6049b77" executionId="5c8d98be-d5cf-4fce-8ace-357d8b40d29b" testListId="8c84fa94-04c1-424b-9868-57a2d4851a1d" />
    <TestEntry testId="23bc65a5-e30e-4553-b9ea-d7e0a4423849" executionId="ecc2be6d-4ebc-4273-ab4e-37ab26108684" testListId="8c84fa94-04c1-424b-9868-57a2d4851a1d" />
    <TestEntry testId="1222872f-2fbd-4960-a893-3c93d594d878" executionId="165f612d-af04-4496-9954-00ba5c3c3764" testListId="8c84fa94-04c1-424b-9868-57a2d4851a1d" />
    <TestEntry testId="d0f2d604-159e-49b5-9278-bedd48fce267" executionId="7a0527af-34d3-4e0f-9e77-9ee63935fbb4" testListId="8c84fa94-04c1-424b-9868-57a2d4851a1d" />
    <TestEntry testId="a7463cc9-2f3c-4a3f-9525-839dcca1be81" executionId="60188439-7fe9-4f6b-97da-02d5720dd1d2" testListId="8c84fa94-04c1-424b-9868-57a2d4851a1d" />
    <TestEntry testId="f6a11c46-a994-4246-88c5-50c57e6402c5" executionId="6c83078a-1268-45ed-9b22-729fa56ecb2b" testListId="8c84fa94-04c1-424b-9868-57a2d4851a1d" />
    <TestEntry testId="f712dcb7-2fe8-41e1-9251-515821f0b68a" executionId="b9fd2fb1-072f-4a16-9e61-4385747ed4b0" testListId="8c84fa94-04c1-424b-9868-57a2d4851a1d" />
    <TestEntry testId="5f6600df-a6f4-4437-9ef1-14d64f25d339" executionId="908fbaa6-17a1-4049-8d40-b071f758e2ca" testListId="8c84fa94-04c1-424b-9868-57a2d4851a1d" />
    <TestEntry testId="02a28aee-2eec-4e4c-b107-28f2ed1eac3e" executionId="bb815c4c-effa-474d-bfdb-12a3af6cd4e1" testListId="8c84fa94-04c1-424b-9868-57a2d4851a1d" />
    <TestEntry testId="ce039aa3-2ec3-4bad-b6fa-f8ab21517b22" executionId="25cc10a4-71c9-4d41-822c-9972d76a1ae4" testListId="8c84fa94-04c1-424b-9868-57a2d4851a1d" />
    <TestEntry testId="733f957b-ffbb-4b4b-963d-01bf01a9d099" executionId="3e2b4c51-82f7-44c5-b2db-8e3bb9a73114" testListId="8c84fa94-04c1-424b-9868-57a2d4851a1d" />
    <TestEntry testId="7899efa6-7d28-4fe8-8d8b-cbd43260640e" executionId="31593e3b-2d69-4f83-a8a2-8ac296727db6" testListId="8c84fa94-04c1-424b-9868-57a2d4851a1d" />
    <TestEntry testId="d084ae12-6d0d-473b-acff-1512bceb4d6e" executionId="e71eb36e-1aee-4bc5-979e-55d3413d5586" testListId="8c84fa94-04c1-424b-9868-57a2d4851a1d" />
    <TestEntry testId="3fd9b80b-cc42-4a04-84ee-c0316def9bec" executionId="41718296-2e92-4b60-9c82-c7c79abc432b" testListId="8c84fa94-04c1-424b-9868-57a2d4851a1d" />
    <TestEntry testId="88ce8ba1-3a1f-423b-a511-cf99c5b82844" executionId="311b3f98-bc48-49db-bbb6-5a0b9b9685b7" testListId="8c84fa94-04c1-424b-9868-57a2d4851a1d" />
    <TestEntry testId="99ee70d7-6336-4200-bf33-e4a2be9ad83c" executionId="83675489-be71-44ed-a0de-e12e1cd8848b" testListId="8c84fa94-04c1-424b-9868-57a2d4851a1d" />
    <TestEntry testId="0862de8c-daa2-4048-98f4-c276623b48ab" executionId="94122011-5534-447f-abf5-31def7fede31" testListId="8c84fa94-04c1-424b-9868-57a2d4851a1d" />
    <TestEntry testId="366a46f2-609d-495d-b432-bf105b3cf50f" executionId="941215d9-d7c5-48ef-8ea1-911f693f0a1e" testListId="8c84fa94-04c1-424b-9868-57a2d4851a1d" />
    <TestEntry testId="733b0eb7-6af4-46f0-9895-47de174f387b" executionId="073727cc-f35a-4668-91bc-1720187d8d43" testListId="8c84fa94-04c1-424b-9868-57a2d4851a1d" />
    <TestEntry testId="59aa9284-c3ad-4adc-b501-ec92150732ab" executionId="61e51518-220c-4c90-a5ac-d8931d2b5942" testListId="8c84fa94-04c1-424b-9868-57a2d4851a1d" />
    <TestEntry testId="59f2b6f0-8116-4d91-a8d1-3c1f63b51b64" executionId="9238d34d-3fb8-4cbc-9903-739219a42b78" testListId="8c84fa94-04c1-424b-9868-57a2d4851a1d" />
    <TestEntry testId="7df390fd-fe35-497f-b857-88f3767a3b55" executionId="14efb50c-2029-4c1d-ae6a-783b7087979a" testListId="8c84fa94-04c1-424b-9868-57a2d4851a1d" />
    <TestEntry testId="7ed24799-f85f-41d5-996b-78b51534f908" executionId="587b5299-4d71-495b-8099-cba7a78d9962" testListId="8c84fa94-04c1-424b-9868-57a2d4851a1d" />
    <TestEntry testId="5c420eaa-fb4c-4b0f-b711-9009066d76ad" executionId="93a2a60e-9e5b-4667-8db5-b24a42d47d0a" testListId="8c84fa94-04c1-424b-9868-57a2d4851a1d" />
    <TestEntry testId="b4f4fbf1-476b-46b0-a431-c0bb51d0a154" executionId="5e5cb278-64fd-492f-b5ee-22063c3dabf8" testListId="8c84fa94-04c1-424b-9868-57a2d4851a1d" />
    <TestEntry testId="ab607f3f-2aaf-4337-8942-85e4ada2116c" executionId="fbc19bb4-37d6-4fa3-8daa-58d7a745ae74" testListId="8c84fa94-04c1-424b-9868-57a2d4851a1d" />
    <TestEntry testId="22d14fcf-c5e4-4e00-97a4-cb0f2d993a8b" executionId="357a3915-243b-4d81-a781-3206b820e796" testListId="8c84fa94-04c1-424b-9868-57a2d4851a1d" />
    <TestEntry testId="6b6db568-baff-40f7-b059-6468d59499ad" executionId="960ea56e-aa3c-4856-8d96-da1133f75a5b" testListId="8c84fa94-04c1-424b-9868-57a2d4851a1d" />
    <TestEntry testId="499062ba-2d35-445f-be75-3397632890d8" executionId="513c828d-55f8-47f6-abd5-71f1e4f7c41d" testListId="8c84fa94-04c1-424b-9868-57a2d4851a1d" />
    <TestEntry testId="b97f7171-aba1-47a2-ada7-312c366b39ab" executionId="dbb3d36b-5d3e-4c47-b4d3-365be2f2256f" testListId="8c84fa94-04c1-424b-9868-57a2d4851a1d" />
    <TestEntry testId="6f03514a-1503-42b6-a3f8-136c2ea942d0" executionId="00d560c5-5cd2-4540-8d68-01b95cd4d586" testListId="8c84fa94-04c1-424b-9868-57a2d4851a1d" />
    <TestEntry testId="029ebc1d-4e99-4d02-a39d-0e287433b632" executionId="45995ef9-96fc-459b-ac95-fea07d041932" testListId="8c84fa94-04c1-424b-9868-57a2d4851a1d" />
    <TestEntry testId="8f23a8d3-05f5-4f28-823f-4eebe1417f03" executionId="ed7896ff-df82-462e-b9d7-2e3100a0c7f2" testListId="8c84fa94-04c1-424b-9868-57a2d4851a1d" />
    <TestEntry testId="72fc93ea-c967-40d0-868d-5524d6325b6f" executionId="cfc264d9-1624-49c1-ab3b-a9ef29b82831" testListId="8c84fa94-04c1-424b-9868-57a2d4851a1d" />
    <TestEntry testId="36a92f9d-4d8d-4557-a749-2ac85d5309a2" executionId="43404682-9dcf-41de-8e9e-8524a5a0979d" testListId="8c84fa94-04c1-424b-9868-57a2d4851a1d" />
    <TestEntry testId="fe3a8013-3e58-47f4-9166-09d4a721b366" executionId="32453f47-3711-4ffc-95b2-cdbcfd6f2455" testListId="8c84fa94-04c1-424b-9868-57a2d4851a1d" />
    <TestEntry testId="12e7e9b6-c941-493f-b639-4f4f319cabfd" executionId="e80b9762-b9ad-42de-839f-7120d2c80128" testListId="8c84fa94-04c1-424b-9868-57a2d4851a1d" />
    <TestEntry testId="c93f99a8-9c88-47a0-b924-db7eba9d06f8" executionId="c46c0625-fd9e-4b42-bc16-d224a1951b70" testListId="8c84fa94-04c1-424b-9868-57a2d4851a1d" />
    <TestEntry testId="c1bbbe8e-3b44-43ba-9ea0-cba2891cdbc9" executionId="08771f85-ceee-425e-8975-48f3e679b533" testListId="8c84fa94-04c1-424b-9868-57a2d4851a1d" />
    <TestEntry testId="c00ae534-a9af-4fb0-9586-85e5e8739cc4" executionId="71e1fd24-ecec-4c09-80d6-87835fc7d8d3" testListId="8c84fa94-04c1-424b-9868-57a2d4851a1d" />
    <TestEntry testId="65d9ccf4-f7a1-4577-b235-c115ccda31bf" executionId="5a5857dd-6904-4070-aba1-c2c88387b1a0" testListId="8c84fa94-04c1-424b-9868-57a2d4851a1d" />
    <TestEntry testId="7065a417-6f86-4bae-b7f0-80ad6b7f6619" executionId="85eb198d-a1b4-4e2f-9f4f-4f02df1ac9df" testListId="8c84fa94-04c1-424b-9868-57a2d4851a1d" />
    <TestEntry testId="60531937-8266-4479-a73a-e880d759ca1b" executionId="cb5e9202-73fd-4505-bd98-52daf465674a" testListId="8c84fa94-04c1-424b-9868-57a2d4851a1d" />
    <TestEntry testId="f8fd2327-1220-4308-a94c-d03abc11ef69" executionId="77b17d9a-d80d-4b9e-96c1-1ebb2ce79ebb" testListId="8c84fa94-04c1-424b-9868-57a2d4851a1d" />
    <TestEntry testId="c1c2cb34-26fc-4efe-80e7-f1d7b8b3ac98" executionId="2d4ad4f0-43c3-4165-95d0-8c73c9401bf0" testListId="8c84fa94-04c1-424b-9868-57a2d4851a1d" />
    <TestEntry testId="4cf30b51-862d-47f5-801b-40b28db65c94" executionId="b4089fef-b47e-4037-b65d-6f7fe4e7a3d8" testListId="8c84fa94-04c1-424b-9868-57a2d4851a1d" />
    <TestEntry testId="2b44d72b-c61c-444d-bbaf-a0583c520c73" executionId="ed37f7a7-7825-464d-8fc8-5d6a849ccd50" testListId="8c84fa94-04c1-424b-9868-57a2d4851a1d" />
    <TestEntry testId="2788ae8f-0d92-4312-ac87-19dfafea9d81" executionId="b220c001-75e9-4683-8331-37630bdf5aa6" testListId="8c84fa94-04c1-424b-9868-57a2d4851a1d" />
    <TestEntry testId="d2d4b7ea-a817-44bd-a6e3-fe3b9fc32feb" executionId="1d0346e5-ced8-444f-b072-f87a0daf7896" testListId="8c84fa94-04c1-424b-9868-57a2d4851a1d" />
    <TestEntry testId="06a064a6-a8cf-4120-b3da-57e583b0cdbc" executionId="4e97be44-754c-4d57-a97f-ef842fe91867" testListId="8c84fa94-04c1-424b-9868-57a2d4851a1d" />
    <TestEntry testId="4d4867a8-6120-4522-9a9c-cf77b183bc15" executionId="96eb477c-9480-4c5f-b0c6-5ad4c76c67d3" testListId="8c84fa94-04c1-424b-9868-57a2d4851a1d" />
    <TestEntry testId="90dbf3ea-ae55-40de-b5ad-ee733ad41596" executionId="7d447283-9e20-451f-8a3d-a0ea3dd78fdb" testListId="8c84fa94-04c1-424b-9868-57a2d4851a1d" />
    <TestEntry testId="2975b446-0af1-4d79-b99b-8318ff5706d6" executionId="39122017-2e1b-40b7-bb85-d6c09cd28024" testListId="8c84fa94-04c1-424b-9868-57a2d4851a1d" />
    <TestEntry testId="909be1de-2c18-4b22-801a-6e254f65c703" executionId="2277617d-637a-4a22-a4fd-33514e281730" testListId="8c84fa94-04c1-424b-9868-57a2d4851a1d" />
    <TestEntry testId="70f8dede-9c08-4eb0-ab95-4fba2f0568df" executionId="909dc5ac-4c3c-40d9-b685-67e6359e6db7" testListId="8c84fa94-04c1-424b-9868-57a2d4851a1d" />
    <TestEntry testId="cab8e6d5-b72c-4b76-b337-a310b13a5e34" executionId="2f25f897-d428-41cd-866e-d9572c3d237b" testListId="8c84fa94-04c1-424b-9868-57a2d4851a1d" />
    <TestEntry testId="b924e610-3071-43a6-b74a-672045aff610" executionId="0560a1d3-85a8-4dcf-a122-79031b88c872" testListId="8c84fa94-04c1-424b-9868-57a2d4851a1d" />
    <TestEntry testId="bc56c329-8226-4e67-b761-396cf3a95ded" executionId="3d57338e-267f-402d-be8b-517d5197efa4" testListId="8c84fa94-04c1-424b-9868-57a2d4851a1d" />
    <TestEntry testId="15e8d61a-d5af-4d1b-8dfc-5c760e791269" executionId="35cb9a93-00ee-461f-9fe7-3b4d02ad9723" testListId="8c84fa94-04c1-424b-9868-57a2d4851a1d" />
    <TestEntry testId="b7787ff4-3ef3-4dfe-9553-d6253736867f" executionId="381176dd-4209-4931-81e8-f603c0b7d3a1" testListId="8c84fa94-04c1-424b-9868-57a2d4851a1d" />
    <TestEntry testId="4004ce87-e895-4756-92ca-f39045784892" executionId="5a7b214f-bd50-4fa2-a16e-020e2fb2ef0a" testListId="8c84fa94-04c1-424b-9868-57a2d4851a1d" />
    <TestEntry testId="99d13e76-f017-4cb0-a1f0-8d6e9dbea0e3" executionId="f3f630f8-3005-4e1c-b68a-d8140d862bd6" testListId="8c84fa94-04c1-424b-9868-57a2d4851a1d" />
    <TestEntry testId="a4f03678-3773-4a45-b255-e6233402eba2" executionId="3a51bc1f-af92-4778-bddb-19d0e21d8908" testListId="8c84fa94-04c1-424b-9868-57a2d4851a1d" />
    <TestEntry testId="26677472-708e-4f61-b8ea-e21e491acb32" executionId="7a6b048c-9d4b-46fc-accf-e2359e258b46" testListId="8c84fa94-04c1-424b-9868-57a2d4851a1d" />
    <TestEntry testId="5186d0b6-f948-4916-bef6-83ce495331be" executionId="5f9d0787-a1f3-47d5-b77b-17d55809b40f" testListId="8c84fa94-04c1-424b-9868-57a2d4851a1d" />
    <TestEntry testId="31687560-1f28-4e56-a10f-7efca4917be5" executionId="83aec3fb-0e43-4338-b104-d82937542d0b" testListId="8c84fa94-04c1-424b-9868-57a2d4851a1d" />
    <TestEntry testId="35f35c14-612c-41c3-b473-6db5cb9e3046" executionId="1625b3f1-1cd5-4bc8-8521-bce52f1a4163" testListId="8c84fa94-04c1-424b-9868-57a2d4851a1d" />
    <TestEntry testId="0d1b666d-4c90-45e8-aa2d-833bc92a77b3" executionId="acd714b5-28f3-4072-8a7d-88b8e0149e22" testListId="8c84fa94-04c1-424b-9868-57a2d4851a1d" />
    <TestEntry testId="77183b0d-a092-44de-a2e7-9956125b4000" executionId="ae706f13-2788-42c9-b898-84de1ff37d5a" testListId="8c84fa94-04c1-424b-9868-57a2d4851a1d" />
    <TestEntry testId="6c7d61e2-4497-4e97-ad08-94fa6875d7fa" executionId="19c83213-36c3-4486-9167-d252b8a4ff88" testListId="8c84fa94-04c1-424b-9868-57a2d4851a1d" />
    <TestEntry testId="344b8a41-6468-4d5b-90f6-df4dbe23f9cc" executionId="2973ccf7-deb1-4da4-b7e6-372107c62edd" testListId="8c84fa94-04c1-424b-9868-57a2d4851a1d" />
    <TestEntry testId="2503ab6c-05b6-4199-8a97-fda650890339" executionId="10e3cf2f-bfe4-4464-91c5-83d27ece07c3" testListId="8c84fa94-04c1-424b-9868-57a2d4851a1d" />
    <TestEntry testId="0572c1dd-dc64-438b-9344-d853deac1fbf" executionId="ef36c2b4-4301-43a3-b9f6-d67337a63516" testListId="8c84fa94-04c1-424b-9868-57a2d4851a1d" />
    <TestEntry testId="b35d7137-8dcf-4021-a59c-b9b4b5c5ba59" executionId="92226829-1209-48bf-b589-72742b4bbef7" testListId="8c84fa94-04c1-424b-9868-57a2d4851a1d" />
    <TestEntry testId="492b4630-794b-47c1-8062-c339c326cd8d" executionId="5bb43fad-358a-46b8-a6b3-3a9f07d2457b" testListId="8c84fa94-04c1-424b-9868-57a2d4851a1d" />
    <TestEntry testId="f0caf02f-ef13-42e5-834b-e4e7861dfa30" executionId="89d36640-ac2a-4faf-a6f9-a4302ef688e6" testListId="8c84fa94-04c1-424b-9868-57a2d4851a1d" />
    <TestEntry testId="bcfbfe74-ebb3-47f2-81bb-05367e2e982f" executionId="24d21a38-afae-4d0a-9ed3-573a28006538" testListId="8c84fa94-04c1-424b-9868-57a2d4851a1d" />
    <TestEntry testId="114281b5-e5e4-495b-9dc8-31e470eebc2d" executionId="b1513694-9b25-4a98-ae04-54cfce676231" testListId="8c84fa94-04c1-424b-9868-57a2d4851a1d" />
    <TestEntry testId="76cd6069-e027-4d9a-ae09-4c6fb4fa9c30" executionId="22babc22-dba4-4c44-af25-1be29b299b82" testListId="8c84fa94-04c1-424b-9868-57a2d4851a1d" />
    <TestEntry testId="02b76067-7e93-4e5b-bf17-b5f5371cbb83" executionId="1d6509bc-786e-4638-a2cd-fd75d23929ef" testListId="8c84fa94-04c1-424b-9868-57a2d4851a1d" />
    <TestEntry testId="f9e2ee54-d8fb-4024-8091-eda1e98222ee" executionId="3597f4e2-ba08-4fb5-8d34-3da3d48d6932" testListId="8c84fa94-04c1-424b-9868-57a2d4851a1d" />
    <TestEntry testId="08ff16a1-e5eb-49c9-9473-f1cb55363e98" executionId="359dd632-e4a7-4862-8dcb-d6bbc90ca4b0" testListId="8c84fa94-04c1-424b-9868-57a2d4851a1d" />
    <TestEntry testId="d743e9e9-2589-4561-a7c0-aa13a15f7692" executionId="033acf51-6a1b-45c3-a9c6-a49c97e982f6" testListId="8c84fa94-04c1-424b-9868-57a2d4851a1d" />
    <TestEntry testId="2070ead2-aec2-4621-a3cf-67335a92def9" executionId="acc71a45-a7eb-4e6e-8c52-4396cb0e4ce2" testListId="8c84fa94-04c1-424b-9868-57a2d4851a1d" />
    <TestEntry testId="9f233d46-0673-4df0-b523-7db2ddd6d8f5" executionId="57d5cf2e-79c1-44e9-8f53-e6f74324a8fa" testListId="8c84fa94-04c1-424b-9868-57a2d4851a1d" />
    <TestEntry testId="c5b4c5f0-ead7-4824-9e52-545bcee40771" executionId="5cd70d5c-6955-45cb-bad7-3215d04a209a" testListId="8c84fa94-04c1-424b-9868-57a2d4851a1d" />
    <TestEntry testId="dfaa3b5e-c4dc-4e4d-b56a-bc2045ab657b" executionId="fb20ca77-dd74-474a-94c9-2e7d3daecd3d" testListId="8c84fa94-04c1-424b-9868-57a2d4851a1d" />
    <TestEntry testId="3fc7b92e-6b56-46cb-91f3-fdd28794e053" executionId="ed9a336a-a959-49e1-b119-acc1f54de161" testListId="8c84fa94-04c1-424b-9868-57a2d4851a1d" />
    <TestEntry testId="b8089b99-20da-4b91-b9e6-6f99f3f1fba3" executionId="c28aac7a-714f-4e76-9cd9-18fc626da8df" testListId="8c84fa94-04c1-424b-9868-57a2d4851a1d" />
    <TestEntry testId="4207917a-7918-4f8e-8067-258fbdbdf2bd" executionId="7abb9023-edab-4c8e-ba50-9564aa523de6" testListId="8c84fa94-04c1-424b-9868-57a2d4851a1d" />
    <TestEntry testId="597dd23e-4bbb-4349-bf65-8871b36aeee3" executionId="04c98df2-7016-4b72-9a46-26f2157c7618" testListId="8c84fa94-04c1-424b-9868-57a2d4851a1d" />
    <TestEntry testId="9e02c720-488c-4e86-89ef-51b3839b9702" executionId="bca06a87-ba86-4d31-b1d0-30d649c8f360" testListId="8c84fa94-04c1-424b-9868-57a2d4851a1d" />
    <TestEntry testId="11d01b65-62a1-43e0-854a-091814ecc7b4" executionId="6a37e760-7197-4b19-aa5c-fd0a59a8748e" testListId="8c84fa94-04c1-424b-9868-57a2d4851a1d" />
    <TestEntry testId="35095adc-469a-4256-bd0e-e92efbebe3fe" executionId="403f4bf3-9a9a-4fa1-9f4b-723a57cc3f27" testListId="8c84fa94-04c1-424b-9868-57a2d4851a1d" />
    <TestEntry testId="e7143ae1-46d3-413f-8874-7320e11abb24" executionId="d53ef805-390a-4b52-919a-7826ed9327dd" testListId="8c84fa94-04c1-424b-9868-57a2d4851a1d" />
    <TestEntry testId="5ea3dbf1-e14f-4537-9250-5da89c905c39" executionId="d344bc1c-406a-4bdc-835b-c2fc3243e209" testListId="8c84fa94-04c1-424b-9868-57a2d4851a1d" />
    <TestEntry testId="20443668-1b8f-440b-a02f-28dd852f3b9e" executionId="5b24a6ae-1b1e-4123-9f4c-be354f587e9b" testListId="8c84fa94-04c1-424b-9868-57a2d4851a1d" />
    <TestEntry testId="100f9c62-bd6e-4364-af70-552f26a07c3a" executionId="e1e4292c-ba61-4f61-83ac-7a4096d17b1b" testListId="8c84fa94-04c1-424b-9868-57a2d4851a1d" />
    <TestEntry testId="2fb2f80b-660b-470d-9ace-db30f9268b3f" executionId="cb223acb-942f-4aef-b4f4-f20dcef867e3" testListId="8c84fa94-04c1-424b-9868-57a2d4851a1d" />
    <TestEntry testId="f1a679ce-73d9-49aa-ac14-6024c6d27245" executionId="65c9a109-0317-4e4b-904b-462ea0ab453b" testListId="8c84fa94-04c1-424b-9868-57a2d4851a1d" />
    <TestEntry testId="a6126c95-478c-46e3-81aa-d5caf6e977c2" executionId="8aff9fee-297f-416f-8d33-d9eb30c2152e" testListId="8c84fa94-04c1-424b-9868-57a2d4851a1d" />
    <TestEntry testId="a2dd8c0c-ba9c-4770-b26c-abc524cc913c" executionId="a9b7d025-0eb6-4da5-92b7-a54132a6fcd8" testListId="8c84fa94-04c1-424b-9868-57a2d4851a1d" />
    <TestEntry testId="aaf664b8-49d6-44e2-b61f-bdcccba5d085" executionId="6f17e9cc-cbc3-4fd7-b524-486d39c4e784" testListId="8c84fa94-04c1-424b-9868-57a2d4851a1d" />
    <TestEntry testId="8ad701bc-178b-4751-b554-5bae2f274e18" executionId="49dddaf2-3db3-4f3c-b3d0-da8011809853" testListId="8c84fa94-04c1-424b-9868-57a2d4851a1d" />
    <TestEntry testId="104aafe8-e7ca-4dfe-930e-960f2743a350" executionId="8b9defbb-37bb-40dd-bd06-e4996f3d3f56" testListId="8c84fa94-04c1-424b-9868-57a2d4851a1d" />
    <TestEntry testId="6512658e-e3fd-422b-ad06-881ef4767325" executionId="e9921798-acba-4c69-be21-f595dfd140c2" testListId="8c84fa94-04c1-424b-9868-57a2d4851a1d" />
    <TestEntry testId="e43292be-cca5-4053-9c41-75852e876f46" executionId="6595624f-9da7-45d2-ac5e-49eb33c199d7" testListId="8c84fa94-04c1-424b-9868-57a2d4851a1d" />
    <TestEntry testId="18f24010-82bc-4281-b901-a41e84c30276" executionId="560a5a61-b700-4e77-9b0f-bd7956b8635c" testListId="8c84fa94-04c1-424b-9868-57a2d4851a1d" />
    <TestEntry testId="9c71c339-4d2f-49db-b49f-3c659d894b03" executionId="c602a9b1-5816-46f2-a48b-f71d602c46a0" testListId="8c84fa94-04c1-424b-9868-57a2d4851a1d" />
    <TestEntry testId="ac2f2427-cc22-4190-a58d-b3dc47d6f192" executionId="93490779-6bcd-4d18-9503-23c8df9af97f" testListId="8c84fa94-04c1-424b-9868-57a2d4851a1d" />
    <TestEntry testId="6e6a8cbf-de2b-44e3-9e6a-5be12d31eb09" executionId="726ea659-97f8-44ce-aab5-94957dc400ad" testListId="8c84fa94-04c1-424b-9868-57a2d4851a1d" />
    <TestEntry testId="4832c676-723f-4353-90c2-e07e0a800a30" executionId="4eecd750-8d53-4842-88c3-93eb95105bb7" testListId="8c84fa94-04c1-424b-9868-57a2d4851a1d" />
    <TestEntry testId="cadfb717-79d6-4f62-af9b-64cb54f87de5" executionId="03faaae0-5fc2-440c-8f25-a3c877e3fe83" testListId="8c84fa94-04c1-424b-9868-57a2d4851a1d" />
    <TestEntry testId="81c90428-a64e-4b03-be23-1fe351f733cb" executionId="e5a5f589-3f0c-4aa2-96ca-4021529f67c7" testListId="8c84fa94-04c1-424b-9868-57a2d4851a1d" />
    <TestEntry testId="b438f79f-9a5c-4706-893b-3e72b7129855" executionId="09dfb9cf-d9e8-4bd9-b565-4280fe465fc1" testListId="8c84fa94-04c1-424b-9868-57a2d4851a1d" />
    <TestEntry testId="99d0be1f-29f3-4a76-9712-98e31be74bfd" executionId="13b6bd1d-5f46-41e5-960d-47c508fc6b4d" testListId="8c84fa94-04c1-424b-9868-57a2d4851a1d" />
    <TestEntry testId="e03bbd5f-3e8c-427b-9ce1-18eb0e7b296a" executionId="07bf6833-b6af-4509-a0af-70ba7991a6c1" testListId="8c84fa94-04c1-424b-9868-57a2d4851a1d" />
    <TestEntry testId="61e97e77-84b0-4b78-9930-a8eeaa61ac33" executionId="654fd06e-2e3e-42e1-aed4-ff9757ebc1cb" testListId="8c84fa94-04c1-424b-9868-57a2d4851a1d" />
    <TestEntry testId="8f0eefc1-e4ae-4e17-81ce-d55da790553b" executionId="548a6f67-0114-48f1-af66-4b38e163a90d" testListId="8c84fa94-04c1-424b-9868-57a2d4851a1d" />
    <TestEntry testId="1e3d10e1-7b1e-4b32-b193-cfbfae3058e6" executionId="50dd4aa7-0c2c-4c42-99d7-f08cc4b205d3" testListId="8c84fa94-04c1-424b-9868-57a2d4851a1d" />
    <TestEntry testId="751d5dc4-13b5-47a7-b475-3cd40c113fc4" executionId="13b15be1-c5eb-40ec-9e49-66cb74f4ff51" testListId="8c84fa94-04c1-424b-9868-57a2d4851a1d" />
    <TestEntry testId="e72f7a2d-2733-4bf1-985a-2481ad3dbfa8" executionId="13870ae7-0aa6-4e69-a351-ac3832c69eab" testListId="8c84fa94-04c1-424b-9868-57a2d4851a1d" />
    <TestEntry testId="34e54ca4-fdf5-4754-9047-9c1cd4dfe4a6" executionId="0f7af375-e548-4736-9fca-938e13ca547a" testListId="8c84fa94-04c1-424b-9868-57a2d4851a1d" />
    <TestEntry testId="4d892c07-433e-4eac-b6da-505b5d8f2f17" executionId="058124fb-d676-4577-9ac2-d596abba07af" testListId="8c84fa94-04c1-424b-9868-57a2d4851a1d" />
    <TestEntry testId="a2b1573b-069e-453a-abf7-3917218fb96f" executionId="e4e46537-b62a-4824-88a0-79be1fa16ba2" testListId="8c84fa94-04c1-424b-9868-57a2d4851a1d" />
    <TestEntry testId="62a65b75-a433-41b2-a178-aefe8f82ffa4" executionId="6547c7fe-da7f-4b6c-960d-635536eee364" testListId="8c84fa94-04c1-424b-9868-57a2d4851a1d" />
    <TestEntry testId="b22e09b5-e740-4986-b305-dd6840eb097d" executionId="700ec91d-e198-4bf7-8e16-4532fcf71e22" testListId="8c84fa94-04c1-424b-9868-57a2d4851a1d" />
    <TestEntry testId="215f3f1e-38a8-46e3-a27b-6297d39dc69f" executionId="d0e7f673-b183-4c6c-a51d-a98f012dd524" testListId="8c84fa94-04c1-424b-9868-57a2d4851a1d" />
    <TestEntry testId="6e1e1981-3ef0-487c-8ca4-0afd499638b6" executionId="3a7131b8-530a-467e-85f9-698efd93f64e" testListId="8c84fa94-04c1-424b-9868-57a2d4851a1d" />
    <TestEntry testId="43849863-85c7-40a8-94e0-d9992c8e9ea4" executionId="4fd5c76c-6661-4f36-9621-c8adb5eaacb2" testListId="8c84fa94-04c1-424b-9868-57a2d4851a1d" />
    <TestEntry testId="129597af-dc6a-4f4f-93a1-38ac10910753" executionId="cb885793-567d-4365-966e-1f31fd1eb56c" testListId="8c84fa94-04c1-424b-9868-57a2d4851a1d" />
    <TestEntry testId="9abbe558-2a9e-4265-9ccb-1834de40df8d" executionId="7bdfdec6-529f-4782-8ff4-6c1aba49b8b8" testListId="8c84fa94-04c1-424b-9868-57a2d4851a1d" />
    <TestEntry testId="3d458b18-eeea-4b84-8e4e-410ae388d969" executionId="0b0b74c1-61fb-4c85-a724-e75382bc5cd8" testListId="8c84fa94-04c1-424b-9868-57a2d4851a1d" />
    <TestEntry testId="7395a029-b7c7-4dac-817a-43709f1267f3" executionId="fcfd69d3-85c7-4bdd-b2f1-3d9fd25deea4" testListId="8c84fa94-04c1-424b-9868-57a2d4851a1d" />
    <TestEntry testId="07532a08-d3ad-4fcd-a566-950baedd4574" executionId="2ede650c-cd3f-4e5f-81c0-b93be1c20260" testListId="8c84fa94-04c1-424b-9868-57a2d4851a1d" />
    <TestEntry testId="daddc749-2a92-405b-a301-e312ae8b3def" executionId="52fcd899-257b-439d-bdde-1d460b05f731" testListId="8c84fa94-04c1-424b-9868-57a2d4851a1d" />
    <TestEntry testId="7bc440b6-2e20-4a11-9419-a0d1a4a18c87" executionId="668f5cbc-3d89-4e37-b0ec-ae6f45457781" testListId="8c84fa94-04c1-424b-9868-57a2d4851a1d" />
    <TestEntry testId="98643ee2-aed6-4224-9077-29edc8fd96a8" executionId="e37a92d5-e766-47b2-874a-d936820ef4e7" testListId="8c84fa94-04c1-424b-9868-57a2d4851a1d" />
    <TestEntry testId="797e603e-7904-44e3-9ca5-c269a747d5b8" executionId="810dbacb-47bc-4abd-9b59-7446ca86786b" testListId="8c84fa94-04c1-424b-9868-57a2d4851a1d" />
    <TestEntry testId="30202241-53e0-4258-915c-46fb1ab01855" executionId="b456d83e-1501-4cb6-aa82-423af3ee9d76" testListId="8c84fa94-04c1-424b-9868-57a2d4851a1d" />
    <TestEntry testId="29a339b8-25af-4f42-9dfb-f2f863bfdd7b" executionId="a665974a-582d-44a3-9005-216d2c93f478" testListId="8c84fa94-04c1-424b-9868-57a2d4851a1d" />
    <TestEntry testId="475bec46-a836-41b5-a0d4-0a828a45c2b0" executionId="17c346e8-2c9b-457c-a373-48d7f10c08fa" testListId="8c84fa94-04c1-424b-9868-57a2d4851a1d" />
    <TestEntry testId="b87d0c19-0ad3-453d-9791-1011ffb93d21" executionId="108a75da-ccc2-4e97-a31f-6c5e27ece0d2" testListId="8c84fa94-04c1-424b-9868-57a2d4851a1d" />
    <TestEntry testId="b31030a7-8cde-432d-942d-e81fc84e337b" executionId="96f0f165-0e08-4af2-8b1b-bc894847eb49" testListId="8c84fa94-04c1-424b-9868-57a2d4851a1d" />
    <TestEntry testId="aaa54d42-e18e-4dda-9126-f6c9507a476a" executionId="ea85d84b-04e8-49e3-9ed9-04546b38e362" testListId="8c84fa94-04c1-424b-9868-57a2d4851a1d" />
    <TestEntry testId="5e58e921-e9c3-4131-8f08-e7a8afe37dd4" executionId="09bf004f-eea7-4a19-b081-371881ca822e" testListId="8c84fa94-04c1-424b-9868-57a2d4851a1d" />
    <TestEntry testId="86d928fc-8b32-4b7a-af81-c9a620c01709" executionId="296c04b7-fc02-421d-aab2-af269e54c66f" testListId="8c84fa94-04c1-424b-9868-57a2d4851a1d" />
    <TestEntry testId="7a8fc51e-d508-4153-bb12-4fe9ccc596a7" executionId="ba6e46c6-79ff-477d-8db0-af7009956e62" testListId="8c84fa94-04c1-424b-9868-57a2d4851a1d" />
    <TestEntry testId="aaf2a78f-f911-4e03-b170-e98406317609" executionId="0e1b16b9-c2f8-4714-82d7-1db76c5336fb" testListId="8c84fa94-04c1-424b-9868-57a2d4851a1d" />
    <TestEntry testId="3584d22d-152c-4894-a34d-bd3321a38743" executionId="7bf3f88a-fc55-4d10-b05f-9ef554630ff7" testListId="8c84fa94-04c1-424b-9868-57a2d4851a1d" />
    <TestEntry testId="dcbfa406-5ae4-4e68-845a-0d3137824dc7" executionId="db75ae4a-c50a-4813-a792-30246c979ddb" testListId="8c84fa94-04c1-424b-9868-57a2d4851a1d" />
    <TestEntry testId="7265f8e3-d64a-4c7f-94c8-fbfd27cb8887" executionId="f4fb55c8-f54d-4a5f-9416-e2373164bd3e" testListId="8c84fa94-04c1-424b-9868-57a2d4851a1d" />
    <TestEntry testId="bc5943e6-d597-495a-9949-839866d2178e" executionId="556201bd-9383-4782-99a8-e13af8587048" testListId="8c84fa94-04c1-424b-9868-57a2d4851a1d" />
    <TestEntry testId="145c8245-f3c9-43a5-aa78-59e5329e6f3e" executionId="d6a3b7d7-bddf-4822-8f20-085292f4d5e6" testListId="8c84fa94-04c1-424b-9868-57a2d4851a1d" />
    <TestEntry testId="82d45057-a494-4719-8218-e6af65a7d29b" executionId="1f641f78-cda3-4c52-b470-dac6f5d93481" testListId="8c84fa94-04c1-424b-9868-57a2d4851a1d" />
    <TestEntry testId="44efd3fb-c297-4d6b-87e9-e4fd87c2a44f" executionId="ddef11ce-b509-445c-a85b-bef5cf89fc51" testListId="8c84fa94-04c1-424b-9868-57a2d4851a1d" />
    <TestEntry testId="43379619-efc0-439e-8727-4a314ab0bca3" executionId="d3f2dfe9-5e05-416b-a31d-5b40cc5b3a4f" testListId="8c84fa94-04c1-424b-9868-57a2d4851a1d" />
    <TestEntry testId="e7df1bd3-c0e0-4ad9-b9a0-5197c7dbf444" executionId="a9635641-5509-4fa5-a7df-992fe7852f5f" testListId="8c84fa94-04c1-424b-9868-57a2d4851a1d" />
    <TestEntry testId="32243cce-e1b7-47c5-ad95-efd1bb5cbba0" executionId="856d54e7-5375-4b69-85ef-9aa4e0a7b12c" testListId="8c84fa94-04c1-424b-9868-57a2d4851a1d" />
    <TestEntry testId="5f294f17-09ac-4706-a836-78da1bbc6f00" executionId="86baca13-b17f-4280-9cbf-80023656b1a7" testListId="8c84fa94-04c1-424b-9868-57a2d4851a1d" />
    <TestEntry testId="a5aedc55-a6e2-48c0-ae09-4b8d0c801af6" executionId="340477f5-b766-4cba-b3d2-3f73b4b1dd7b" testListId="8c84fa94-04c1-424b-9868-57a2d4851a1d" />
    <TestEntry testId="0bbe15b0-afde-4327-ac03-6105743c5793" executionId="5e278f55-8c4a-4ff2-9712-17979e11ea16" testListId="8c84fa94-04c1-424b-9868-57a2d4851a1d" />
    <TestEntry testId="6b1396c6-a9d9-4d80-a1b0-844ee832e77b" executionId="43c6c3dd-3841-43d4-b61f-6a474219dfdd" testListId="8c84fa94-04c1-424b-9868-57a2d4851a1d" />
    <TestEntry testId="cfdf190a-4c9b-487c-bb4c-8b4295796b98" executionId="cd89769b-93a8-47a2-95e0-9f7e42c3e388" testListId="8c84fa94-04c1-424b-9868-57a2d4851a1d" />
    <TestEntry testId="266c992f-7d90-416a-b354-d3f23ccf4761" executionId="5bdf748a-64f9-41ad-8b98-d0310ea63fbb" testListId="8c84fa94-04c1-424b-9868-57a2d4851a1d" />
    <TestEntry testId="79322499-fdd1-4fe3-95a5-0a56078e7e8c" executionId="b8680a50-f0ef-4637-800b-b66f19c90f5d" testListId="8c84fa94-04c1-424b-9868-57a2d4851a1d" />
    <TestEntry testId="95ed1b42-fa39-4498-bca8-28697723fb33" executionId="4e90f55c-30c0-4a86-b34c-3990cb503895" testListId="8c84fa94-04c1-424b-9868-57a2d4851a1d" />
    <TestEntry testId="73158f16-b8ed-4576-a524-6ec218fb9f70" executionId="123ee979-f07a-4730-afaf-7f820e71d1c0" testListId="8c84fa94-04c1-424b-9868-57a2d4851a1d" />
    <TestEntry testId="741759c8-782a-440c-949d-381804467f84" executionId="e2646a3b-9f5c-4429-b85e-b5243c4aa3c5" testListId="8c84fa94-04c1-424b-9868-57a2d4851a1d" />
    <TestEntry testId="a1678f25-91d2-41dc-99c6-0c9c9c40a018" executionId="18302b94-2621-4723-b06a-715b896e3e8b" testListId="8c84fa94-04c1-424b-9868-57a2d4851a1d" />
    <TestEntry testId="a53c45d6-92dd-407d-be07-ed7a10c56573" executionId="a0248942-8668-46c3-a3d4-5abf0a5b2dde" testListId="8c84fa94-04c1-424b-9868-57a2d4851a1d" />
    <TestEntry testId="a3664b43-149e-4a3f-8b20-3be84d4abbbe" executionId="88c47e7b-9290-41d0-8d86-4a4635ede3fb" testListId="8c84fa94-04c1-424b-9868-57a2d4851a1d" />
    <TestEntry testId="f913bf53-5df4-4ae0-9756-27d2c3b75b68" executionId="06835ed1-bd03-4dbd-8009-b214ca24b33f" testListId="8c84fa94-04c1-424b-9868-57a2d4851a1d" />
    <TestEntry testId="2b3d01b0-0dd0-43ea-84b4-9af2af9c9b6d" executionId="5a293b50-ee3f-4e62-b0f6-ec306a1bb0aa" testListId="8c84fa94-04c1-424b-9868-57a2d4851a1d" />
    <TestEntry testId="4d590d5e-badf-44ff-94c7-13d0a5115867" executionId="e3dae1e3-63fe-46b8-9ebf-5314915fee59" testListId="8c84fa94-04c1-424b-9868-57a2d4851a1d" />
    <TestEntry testId="75d4efa9-93f8-4c76-8953-f940db6734c7" executionId="39d95cee-d9b5-49ed-98e6-900c41b6bc79" testListId="8c84fa94-04c1-424b-9868-57a2d4851a1d" />
    <TestEntry testId="d084c1a4-ff8f-4d40-a16b-86a799ccfe33" executionId="ac10a3ac-164f-4547-b2bf-851f5e45d026" testListId="8c84fa94-04c1-424b-9868-57a2d4851a1d" />
    <TestEntry testId="4e9d1c1a-088b-40e8-95a0-c844b9d90ac5" executionId="ff3fab1d-3ede-4eb8-8ed6-0d95eb1ceff8" testListId="8c84fa94-04c1-424b-9868-57a2d4851a1d" />
    <TestEntry testId="51fa5d4c-142b-4ae4-a609-247b86c394e1" executionId="e937263b-840f-4d48-a6b9-93048dbbf020" testListId="8c84fa94-04c1-424b-9868-57a2d4851a1d" />
    <TestEntry testId="c68b1ed3-8b6d-457c-b670-5c5d779293db" executionId="a467cff5-d97d-4b78-b75d-4388f5e65942" testListId="8c84fa94-04c1-424b-9868-57a2d4851a1d" />
    <TestEntry testId="dc287697-914d-4a35-becc-304ad4d6a99c" executionId="d513daa6-23ab-466b-9b8f-d651948ea77b" testListId="8c84fa94-04c1-424b-9868-57a2d4851a1d" />
    <TestEntry testId="e397b749-885e-47f7-8367-20ff2fa78ba0" executionId="71a38ad7-de08-4a61-96b8-be6fbc2cb833" testListId="8c84fa94-04c1-424b-9868-57a2d4851a1d" />
    <TestEntry testId="340bfce9-8a52-48ad-b76f-cf986b43c676" executionId="35946edb-ba00-4d49-8987-2f869b9110a9" testListId="8c84fa94-04c1-424b-9868-57a2d4851a1d" />
    <TestEntry testId="b89d1714-3470-48b2-a7b7-962c96ca1594" executionId="90b6560c-ea20-4250-92c9-b31a4f052b89" testListId="8c84fa94-04c1-424b-9868-57a2d4851a1d" />
    <TestEntry testId="3130bc85-1567-4ef5-bc50-3b8b380784e3" executionId="2f60fd7e-52d3-4856-8746-a5241a328c0c" testListId="8c84fa94-04c1-424b-9868-57a2d4851a1d" />
    <TestEntry testId="739db7ee-09b5-43ec-ac17-f891ddce3fce" executionId="f350e3ed-1b03-4623-bec8-1b975024aa1b" testListId="8c84fa94-04c1-424b-9868-57a2d4851a1d" />
    <TestEntry testId="535f5603-26b5-47dc-8cf9-2dac3a5d1ee4" executionId="e70875c2-d4b4-4d87-b16f-ef4e8ab76edf" testListId="8c84fa94-04c1-424b-9868-57a2d4851a1d" />
    <TestEntry testId="04d60e58-871e-493d-81ec-140405c4f273" executionId="30672d8f-744d-41bc-8a18-6f9a4808ee06" testListId="8c84fa94-04c1-424b-9868-57a2d4851a1d" />
    <TestEntry testId="e525d001-1827-4dd8-aebd-04c046b791f1" executionId="43be27bc-158c-46fd-886e-50ee418d5768" testListId="8c84fa94-04c1-424b-9868-57a2d4851a1d" />
    <TestEntry testId="77b70b19-b1a2-407f-8886-19dc01660dfc" executionId="a9d0da14-6200-48c1-888e-3f6c8900ecb5" testListId="8c84fa94-04c1-424b-9868-57a2d4851a1d" />
    <TestEntry testId="d0fb8d19-86e7-4845-97e4-947b7cc9c62f" executionId="6b6f03e5-2468-40e6-be75-2e2c230a464e" testListId="8c84fa94-04c1-424b-9868-57a2d4851a1d" />
    <TestEntry testId="a6fe88b2-a5c3-4fc6-9193-ddff198e76a8" executionId="03116089-b028-4c4b-91c7-9f2c83c05780" testListId="8c84fa94-04c1-424b-9868-57a2d4851a1d" />
    <TestEntry testId="5badb08e-1ebc-4f46-a802-f00fc75c74c0" executionId="04228801-3d41-470e-af8d-e61fb000a4ee" testListId="8c84fa94-04c1-424b-9868-57a2d4851a1d" />
    <TestEntry testId="fffe39af-3a23-4643-a743-03206e4cf484" executionId="5b180b13-7260-4f49-965d-013ba8c363b3" testListId="8c84fa94-04c1-424b-9868-57a2d4851a1d" />
    <TestEntry testId="ffe17a19-57df-4073-b3e8-638ec5c0846f" executionId="8b1d31f7-2ae2-47e5-9946-ea17187d7830" testListId="8c84fa94-04c1-424b-9868-57a2d4851a1d" />
    <TestEntry testId="f57f0ed8-e854-40d9-b707-16924d279d24" executionId="e101d2f0-27f4-408d-b93f-220e9b2e6806" testListId="8c84fa94-04c1-424b-9868-57a2d4851a1d" />
    <TestEntry testId="2c639d96-23ef-41e8-971d-615fe8323531" executionId="77ae75c5-e740-44d9-9a99-a2879e1122d0" testListId="8c84fa94-04c1-424b-9868-57a2d4851a1d" />
    <TestEntry testId="9e878762-6deb-4f01-a30c-b7ba87ff67bc" executionId="fbb8503c-cd42-49ad-acd6-a60c1c302541" testListId="8c84fa94-04c1-424b-9868-57a2d4851a1d" />
    <TestEntry testId="abf63b2b-144f-4381-bb8e-57696352f0b3" executionId="85834f3b-197f-4af1-83c1-562574ed51c2" testListId="8c84fa94-04c1-424b-9868-57a2d4851a1d" />
    <TestEntry testId="1452a4b2-b0f6-4564-af47-3a6dcadf4f88" executionId="f57a0dba-7589-4226-af30-89d5923ee592" testListId="8c84fa94-04c1-424b-9868-57a2d4851a1d" />
    <TestEntry testId="699c8367-6386-407d-b4c8-c6520c93ba47" executionId="6e2275db-1a70-4290-859b-0f67dad6b328" testListId="8c84fa94-04c1-424b-9868-57a2d4851a1d" />
    <TestEntry testId="5a958daa-2cc7-48b2-a670-b8a150eeda6a" executionId="dc355c97-313b-4563-8d9f-ec3cca19285e" testListId="8c84fa94-04c1-424b-9868-57a2d4851a1d" />
    <TestEntry testId="e7f24264-487e-441c-af97-298fbcdfff73" executionId="35daa417-12eb-4027-867f-e26c9d9963b9" testListId="8c84fa94-04c1-424b-9868-57a2d4851a1d" />
    <TestEntry testId="4b628aa2-9aee-4dd3-93ce-0dbf7d36233b" executionId="57360aee-bb4f-4275-8c14-6015201b0f1d" testListId="8c84fa94-04c1-424b-9868-57a2d4851a1d" />
    <TestEntry testId="82a2e2e8-1278-4e97-8ef8-97f102653d56" executionId="d77c1e9f-d31c-4549-b17b-90b03bc372cb" testListId="8c84fa94-04c1-424b-9868-57a2d4851a1d" />
    <TestEntry testId="6874c611-062c-41fe-bb8a-d39230a23caa" executionId="7ee99b57-b447-4f5e-911a-0d3fd3cf3583" testListId="8c84fa94-04c1-424b-9868-57a2d4851a1d" />
    <TestEntry testId="f36a4d68-1d01-4801-bea5-c871ec73bbed" executionId="4a6eb5b0-5f4c-4445-af6e-45abf8e471fe" testListId="8c84fa94-04c1-424b-9868-57a2d4851a1d" />
    <TestEntry testId="bf9d22d8-76f9-4df0-8446-f2590dd6893d" executionId="d9071327-aa1e-4a26-a0fb-cfcae058e028" testListId="8c84fa94-04c1-424b-9868-57a2d4851a1d" />
    <TestEntry testId="d6f5d8c4-9fca-400f-aef1-c64a6b512317" executionId="79c72e57-2a9c-4b5b-b5ab-5cdf64c37ef8" testListId="8c84fa94-04c1-424b-9868-57a2d4851a1d" />
    <TestEntry testId="4505d253-789f-4822-b94c-f261017effd9" executionId="d7662d3d-9172-4505-bde9-d18c774bb4eb" testListId="8c84fa94-04c1-424b-9868-57a2d4851a1d" />
    <TestEntry testId="abfe6183-7760-42f0-b49c-b458a00298bc" executionId="7c15ab91-728b-4f3f-ab1e-851d9979053f" testListId="8c84fa94-04c1-424b-9868-57a2d4851a1d" />
    <TestEntry testId="8e37d19c-a507-491d-b540-a005664f8405" executionId="3042a552-2e28-469f-9e2b-4a338240f755" testListId="8c84fa94-04c1-424b-9868-57a2d4851a1d" />
    <TestEntry testId="895f78bd-d803-4590-938c-8ab61a56c2e9" executionId="5be9e0f4-9375-4e9c-8e34-2d6fc5376c63" testListId="8c84fa94-04c1-424b-9868-57a2d4851a1d" />
    <TestEntry testId="7600305d-daf7-403a-9d0d-8414878eb69e" executionId="01646332-924e-4956-b009-ad8f21a0dbfe" testListId="8c84fa94-04c1-424b-9868-57a2d4851a1d" />
    <TestEntry testId="2707f4ab-d132-4041-99c5-4c8415610ba0" executionId="0ce5ed12-034e-4914-8d33-f0345b937a02" testListId="8c84fa94-04c1-424b-9868-57a2d4851a1d" />
    <TestEntry testId="b9401232-2913-4ca3-8ba4-5c903b574db1" executionId="734fe1e8-2513-44ec-9cff-04dc18670fc3" testListId="8c84fa94-04c1-424b-9868-57a2d4851a1d" />
    <TestEntry testId="710d9c5b-7f05-40db-bccb-37f996279cd3" executionId="ddca5e5b-390f-4449-8733-61c7ae49a351" testListId="8c84fa94-04c1-424b-9868-57a2d4851a1d" />
    <TestEntry testId="e23e6e6b-995c-4650-8ede-1c87eb74739a" executionId="67b8435e-a03a-4818-ab3f-c611e44aad42" testListId="8c84fa94-04c1-424b-9868-57a2d4851a1d" />
    <TestEntry testId="353a0076-5920-4426-a5c3-1ac3be8a3321" executionId="496df605-6641-44d2-9bec-68463f7f986a" testListId="8c84fa94-04c1-424b-9868-57a2d4851a1d" />
    <TestEntry testId="55e1f67b-63b1-4d47-9ce3-645367a93e35" executionId="adcaebc6-a045-4c37-9982-255158369b57" testListId="8c84fa94-04c1-424b-9868-57a2d4851a1d" />
    <TestEntry testId="7586630c-426e-4947-b53d-f237ff10031c" executionId="bb244449-d704-497f-81bb-13adb1b83494" testListId="8c84fa94-04c1-424b-9868-57a2d4851a1d" />
    <TestEntry testId="a269fa5e-b0b9-40a6-b3b4-f123568d0ec0" executionId="e9c604d9-1110-4ba9-b124-0033f5069a13" testListId="8c84fa94-04c1-424b-9868-57a2d4851a1d" />
    <TestEntry testId="014f1fe1-e060-4923-a005-c5750399dfdc" executionId="e44d7697-5975-41a5-a708-36d6be84fc41" testListId="8c84fa94-04c1-424b-9868-57a2d4851a1d" />
    <TestEntry testId="0dec541c-1337-43b3-b83e-c9fd6021f144" executionId="db1bdb9c-38b7-400c-ba7a-5262bcd80539" testListId="8c84fa94-04c1-424b-9868-57a2d4851a1d" />
    <TestEntry testId="880d9306-0d40-4cdb-b555-ec72f0a80b9e" executionId="1782411e-e7a0-459c-9a3f-221138c471ca" testListId="8c84fa94-04c1-424b-9868-57a2d4851a1d" />
    <TestEntry testId="65c19b38-4cc9-45d4-b252-74a7bd1a3d83" executionId="aeced93a-bb04-4be1-9ae5-5cadc6fc1625" testListId="8c84fa94-04c1-424b-9868-57a2d4851a1d" />
    <TestEntry testId="d40399c6-4ec9-4141-9b5c-c0b77ae88991" executionId="af00f5dd-2b03-45c8-a687-1675ba82eb96" testListId="8c84fa94-04c1-424b-9868-57a2d4851a1d" />
    <TestEntry testId="b6614940-964f-4c03-893e-9172a5e6d8ea" executionId="633f546c-2aab-402a-b97c-04426c7921e1" testListId="8c84fa94-04c1-424b-9868-57a2d4851a1d" />
    <TestEntry testId="d94e4612-4686-4048-9e30-e395d5fb8417" executionId="d8d3ce22-c02a-4c64-8d11-5f084fca1f1e" testListId="8c84fa94-04c1-424b-9868-57a2d4851a1d" />
    <TestEntry testId="5a237e98-7247-4e20-b79a-65a77bd07746" executionId="2e71d8e4-a82a-4ad4-9f4a-c116d7a51f66" testListId="8c84fa94-04c1-424b-9868-57a2d4851a1d" />
    <TestEntry testId="f80a3c52-6d44-4e70-b07c-3f09055d981c" executionId="cb8e1e65-c6dc-4a40-836a-1d1f3d541c97" testListId="8c84fa94-04c1-424b-9868-57a2d4851a1d" />
    <TestEntry testId="2f7f32e5-cb51-4c8f-bf77-28d47a7707b3" executionId="0196f362-2b3b-4bd9-962f-551a1b0fe509" testListId="8c84fa94-04c1-424b-9868-57a2d4851a1d" />
    <TestEntry testId="0964517e-efdd-4057-abd4-dbcc01e3ecee" executionId="f0918de8-0009-4424-a359-a599142fded0" testListId="8c84fa94-04c1-424b-9868-57a2d4851a1d" />
    <TestEntry testId="f96cee3f-5573-47d8-90ce-3b26bae632de" executionId="ccd48e07-44b7-4ffd-9209-ed4684ea13fc" testListId="8c84fa94-04c1-424b-9868-57a2d4851a1d" />
    <TestEntry testId="d675f054-f570-46ba-b972-e7c0ec76fbd9" executionId="a8e40ab3-486c-45a5-8793-4a02c36eb91a" testListId="8c84fa94-04c1-424b-9868-57a2d4851a1d" />
    <TestEntry testId="687f13bd-d57b-4b48-861f-08319e705aa5" executionId="28f47172-e7fd-4033-88f3-60de4524c485" testListId="8c84fa94-04c1-424b-9868-57a2d4851a1d" />
    <TestEntry testId="6d2edcde-f437-46bc-8798-d0a6cfbd838f" executionId="b14dced2-48fe-42a3-a8e4-a9085ae25580" testListId="8c84fa94-04c1-424b-9868-57a2d4851a1d" />
    <TestEntry testId="b05bd012-68f1-410a-a1c8-5aba95f2e737" executionId="8145dd50-70a9-4717-af87-f9fb8fa17744" testListId="8c84fa94-04c1-424b-9868-57a2d4851a1d" />
    <TestEntry testId="66f6347f-810d-4c1c-9f5b-945426ed1d99" executionId="cb5f7e3d-1a71-44b3-8668-c40872baa48c" testListId="8c84fa94-04c1-424b-9868-57a2d4851a1d" />
    <TestEntry testId="a9d218c5-28a4-4d57-9a21-8be2737c8ba5" executionId="d54bd9ef-5b54-4da2-9fe0-cdf0d8954784" testListId="8c84fa94-04c1-424b-9868-57a2d4851a1d" />
    <TestEntry testId="17b104eb-93f2-4c9e-8ce7-392e30071a33" executionId="d3164d30-532f-49af-9319-38821707f054" testListId="8c84fa94-04c1-424b-9868-57a2d4851a1d" />
    <TestEntry testId="e983c501-5ade-4314-a913-ca2061f12ffc" executionId="acdf2bcd-fbe6-46e4-a63d-e4a0a849b0db" testListId="8c84fa94-04c1-424b-9868-57a2d4851a1d" />
    <TestEntry testId="32637771-8dd0-482a-ab33-82195c7cc13c" executionId="7a12ef80-1802-4897-937f-db576bb229b9" testListId="8c84fa94-04c1-424b-9868-57a2d4851a1d" />
    <TestEntry testId="f1bbe5dd-5ad5-47ab-a32d-b9cdcd22375b" executionId="307ad57a-409e-4285-a572-169063d746ef" testListId="8c84fa94-04c1-424b-9868-57a2d4851a1d" />
    <TestEntry testId="ad42c751-5060-4265-be8e-133833abaefa" executionId="f3ea7392-f3a0-45ee-8959-4e3af4d7e7d7" testListId="8c84fa94-04c1-424b-9868-57a2d4851a1d" />
    <TestEntry testId="659786c4-a7fb-4393-8fc7-0f8533e9d302" executionId="b4f24c40-998b-41ac-83a8-ec7f5186111b" testListId="8c84fa94-04c1-424b-9868-57a2d4851a1d" />
    <TestEntry testId="5c9983d0-57e6-4570-a968-c6ddc56adeb9" executionId="ce71a263-7406-4462-8481-e0146476f3b2" testListId="8c84fa94-04c1-424b-9868-57a2d4851a1d" />
    <TestEntry testId="afacc13e-8539-438c-aef2-19fc75701700" executionId="41813437-57a4-4db0-af90-07d63f029dbe" testListId="8c84fa94-04c1-424b-9868-57a2d4851a1d" />
    <TestEntry testId="f524edbc-5f45-4243-a131-db45c0b39621" executionId="d4a8b185-747d-4831-be2c-e4832525cc4b" testListId="8c84fa94-04c1-424b-9868-57a2d4851a1d" />
    <TestEntry testId="cbe114e2-e6f1-479d-8186-d78a618f9d95" executionId="a930f678-066e-499e-bd30-4358e80dfa29" testListId="8c84fa94-04c1-424b-9868-57a2d4851a1d" />
    <TestEntry testId="8b98184e-bfb5-407c-a789-d5831a1c25d1" executionId="8f450b60-254a-4130-baea-a9225f5afa4a" testListId="8c84fa94-04c1-424b-9868-57a2d4851a1d" />
    <TestEntry testId="0d380e74-65c0-4895-9c44-e637ef4e075f" executionId="c7b0999d-cbfb-43f0-bbe5-e8b30e18a960" testListId="8c84fa94-04c1-424b-9868-57a2d4851a1d" />
    <TestEntry testId="af106872-bdba-4dd9-b1d2-4af951e91709" executionId="1d17e709-fda9-416f-8438-c31a7e72329b" testListId="8c84fa94-04c1-424b-9868-57a2d4851a1d" />
    <TestEntry testId="0b7bd325-7776-4da5-9a30-7a47ca523944" executionId="8e72557a-794e-43ac-8e0e-e729a48f3f10" testListId="8c84fa94-04c1-424b-9868-57a2d4851a1d" />
    <TestEntry testId="47479cc1-bd1e-4dc9-89fe-a557f8f5ff53" executionId="613870b7-65ee-422a-9b36-4656d05e8be4" testListId="8c84fa94-04c1-424b-9868-57a2d4851a1d" />
    <TestEntry testId="3b552291-0265-45dd-80e2-91f05a4f17ec" executionId="45b04eba-7b1f-43ca-9392-3906eda8dae9" testListId="8c84fa94-04c1-424b-9868-57a2d4851a1d" />
    <TestEntry testId="af9de094-eaf6-4158-a7fc-f505f713cb24" executionId="41a68a53-985b-481a-808b-9c85223ffc2d" testListId="8c84fa94-04c1-424b-9868-57a2d4851a1d" />
    <TestEntry testId="c22a429b-ca87-4eb2-baea-77df292a4969" executionId="527a2c5f-cf2d-48a0-81b0-67722f4f34a9" testListId="8c84fa94-04c1-424b-9868-57a2d4851a1d" />
    <TestEntry testId="3f55cc2b-3577-4993-9667-c85ea5a6828c" executionId="a5f54bfe-0f97-4b5f-a25f-e30d63e29a3e" testListId="8c84fa94-04c1-424b-9868-57a2d4851a1d" />
    <TestEntry testId="e149dc2f-c1a4-43c0-86c6-5d476f18fd04" executionId="b23d3b68-07c8-49ad-9559-5fbdcb932ef8" testListId="8c84fa94-04c1-424b-9868-57a2d4851a1d" />
    <TestEntry testId="461504da-701f-407c-b46d-d6baf4d14088" executionId="e93a3f63-f657-4a49-a981-5740a9833457" testListId="8c84fa94-04c1-424b-9868-57a2d4851a1d" />
    <TestEntry testId="adca6fcb-5dcf-4b37-b470-9283827b6dc6" executionId="9acb54b9-c745-48a4-94aa-069886cf13d3" testListId="8c84fa94-04c1-424b-9868-57a2d4851a1d" />
    <TestEntry testId="4f9d891b-3ea7-4c14-a8fe-ea2bf2db2511" executionId="cfa265d4-79d6-4d3d-8c00-591b8c3d3377" testListId="8c84fa94-04c1-424b-9868-57a2d4851a1d" />
    <TestEntry testId="a975564b-5d37-4fcf-a985-d90f70f90d02" executionId="1d6752d7-168e-40aa-b5fe-d37399a2d6c8" testListId="8c84fa94-04c1-424b-9868-57a2d4851a1d" />
    <TestEntry testId="5fbaf806-cd83-46e5-844f-84f635c9c609" executionId="7fa08c54-1de4-49a6-a1d0-535643f59dbf" testListId="8c84fa94-04c1-424b-9868-57a2d4851a1d" />
    <TestEntry testId="3fab12ec-0cbf-4074-9220-74ae81529a4e" executionId="1a406532-6c31-4fa4-8439-1b028835c854" testListId="8c84fa94-04c1-424b-9868-57a2d4851a1d" />
    <TestEntry testId="95d81801-8310-47f5-bdc2-f57c027ab39e" executionId="04632f1d-56ea-472b-8109-a9eb2e9fb580" testListId="8c84fa94-04c1-424b-9868-57a2d4851a1d" />
    <TestEntry testId="1904c494-5861-4d27-96df-a9bbc9dbcb51" executionId="d8d4f7e7-9815-49ab-85a1-c0fec56639ad" testListId="8c84fa94-04c1-424b-9868-57a2d4851a1d" />
    <TestEntry testId="d4c2ad05-5455-4a5b-bd03-fa254649fbc0" executionId="913d3056-e9b5-4fb1-8436-ec02f6d81ebe" testListId="8c84fa94-04c1-424b-9868-57a2d4851a1d" />
    <TestEntry testId="11de9bb9-2c69-48de-a0df-e40eb4370b3e" executionId="c33c2018-0f2b-40be-8f90-a323fefc2491" testListId="8c84fa94-04c1-424b-9868-57a2d4851a1d" />
    <TestEntry testId="eebce1fa-0695-48cf-9eaf-a4338d1215f8" executionId="e7405cbc-34c9-4a04-bc2e-f569f9252415" testListId="8c84fa94-04c1-424b-9868-57a2d4851a1d" />
    <TestEntry testId="fc888e97-3ba0-49e6-ac54-cfb2b72ef9c6" executionId="2e2dd50e-f1fd-42ac-b1ed-7c8a32af9fbf" testListId="8c84fa94-04c1-424b-9868-57a2d4851a1d" />
    <TestEntry testId="071b0c01-01bd-4e77-9b29-233351d04b8b" executionId="b6d76600-acce-4a3f-975b-c70b10aaa81b" testListId="8c84fa94-04c1-424b-9868-57a2d4851a1d" />
    <TestEntry testId="0f21975e-bac7-4e9c-9322-6b88a44ab135" executionId="7098c31d-cf9a-416d-a6cd-fff22baca501" testListId="8c84fa94-04c1-424b-9868-57a2d4851a1d" />
    <TestEntry testId="1381c86e-c9a9-4ef8-8f52-d7baa8027b38" executionId="c7837caa-8652-4f0f-9076-f7ed6a6e4a29" testListId="8c84fa94-04c1-424b-9868-57a2d4851a1d" />
    <TestEntry testId="8b7737e5-bf5b-4f61-ad56-f1bedd57a804" executionId="37e1af7e-8192-41d9-96e4-5e504cecbd61" testListId="8c84fa94-04c1-424b-9868-57a2d4851a1d" />
    <TestEntry testId="d521cc50-709e-43bc-b93d-c7a2a140248d" executionId="d3aa7ea9-09b1-4b91-965a-936621177d98" testListId="8c84fa94-04c1-424b-9868-57a2d4851a1d" />
    <TestEntry testId="64b7ee2f-f9b5-4afa-aaa3-6a6191e51d8b" executionId="5552c91a-d1d0-468f-8ad5-727aac00e8a6" testListId="8c84fa94-04c1-424b-9868-57a2d4851a1d" />
    <TestEntry testId="08b4812a-7683-4e95-86c4-e1082c070828" executionId="9a6ff6bc-733f-4687-a6be-6e8bc5f0622d" testListId="8c84fa94-04c1-424b-9868-57a2d4851a1d" />
    <TestEntry testId="fc7f1688-d50d-4ebb-88ba-671bf88f1d4e" executionId="449c4b4b-5ccb-4786-ab70-3411e2b0ebdc" testListId="8c84fa94-04c1-424b-9868-57a2d4851a1d" />
    <TestEntry testId="91ad5afd-99b8-44c1-a087-eb89ba3ae2dd" executionId="a3ad1947-f5e3-4b57-8ab4-ae5919b7d261" testListId="8c84fa94-04c1-424b-9868-57a2d4851a1d" />
    <TestEntry testId="93b4be93-8b14-4a5f-af06-028e72ab3afb" executionId="bab3d5e0-b218-4f2e-9912-c9b93d71ea6a" testListId="8c84fa94-04c1-424b-9868-57a2d4851a1d" />
    <TestEntry testId="c040e726-22e1-407f-b18a-428797048b07" executionId="71938a7e-74cf-47be-9604-522336d7a78c" testListId="8c84fa94-04c1-424b-9868-57a2d4851a1d" />
    <TestEntry testId="d81bfb96-3dfe-4d52-8629-54b34dd7050c" executionId="40301a9b-42b1-40ef-b15a-89302e354a9d" testListId="8c84fa94-04c1-424b-9868-57a2d4851a1d" />
    <TestEntry testId="83306167-2c5f-4200-90b8-c3ff6d104d4a" executionId="736bc375-b8fd-4d94-b84d-0a6c5c29e845" testListId="8c84fa94-04c1-424b-9868-57a2d4851a1d" />
    <TestEntry testId="8956b4d7-53ff-4523-8461-576802230c66" executionId="7183e731-46ae-4ab0-b2cc-832086b911da" testListId="8c84fa94-04c1-424b-9868-57a2d4851a1d" />
    <TestEntry testId="a4c8d3c1-5e14-4756-8942-15f658ab803c" executionId="358744fd-c702-4b85-ac81-6b119f213323" testListId="8c84fa94-04c1-424b-9868-57a2d4851a1d" />
    <TestEntry testId="c02c775b-5135-4f28-a706-8d816a0c1837" executionId="ac251d30-5988-4ebe-93a6-6807b04cd639" testListId="8c84fa94-04c1-424b-9868-57a2d4851a1d" />
    <TestEntry testId="c7b381bf-738d-4589-a5bb-dac39d39f9e9" executionId="bb59e7b2-ace1-46af-bb8a-e255221f43ef" testListId="8c84fa94-04c1-424b-9868-57a2d4851a1d" />
    <TestEntry testId="886711c5-bb81-456a-914c-31566a453e49" executionId="11241460-6d1f-496e-a0e9-52f836d6836a" testListId="8c84fa94-04c1-424b-9868-57a2d4851a1d" />
    <TestEntry testId="6ebb2f63-3823-4c72-bcb4-cc26e5a58094" executionId="7de63b5f-6581-4be2-9885-8c24eff76f22" testListId="8c84fa94-04c1-424b-9868-57a2d4851a1d" />
    <TestEntry testId="6bf2da24-e649-4d80-b2ac-3baf4c001287" executionId="aaa4e823-78f5-459a-95de-2b7ee74376b0" testListId="8c84fa94-04c1-424b-9868-57a2d4851a1d" />
    <TestEntry testId="0299aac9-28d8-4d7b-9f87-957ff4d0d33c" executionId="c6e6598f-f688-497b-a65e-d61b3e683ba0" testListId="8c84fa94-04c1-424b-9868-57a2d4851a1d" />
    <TestEntry testId="1f4e8130-7d47-4353-85e5-c6a1403e132c" executionId="23677aa3-d2e3-4a48-bbdb-e69f6ce01c80" testListId="8c84fa94-04c1-424b-9868-57a2d4851a1d" />
    <TestEntry testId="26af7246-fc55-41a1-b3cb-9b49f349e7ec" executionId="02331763-2b52-4526-aa90-b69b2d709878" testListId="8c84fa94-04c1-424b-9868-57a2d4851a1d" />
    <TestEntry testId="d9258569-7e48-454d-8562-f833fff01f68" executionId="283b6861-2a5b-407d-8260-293d318fe7fc" testListId="8c84fa94-04c1-424b-9868-57a2d4851a1d" />
    <TestEntry testId="ea980438-2248-4dbf-b219-b7ada8281600" executionId="8cf2bb9b-bcc2-4478-af25-c0affa9b8bb8" testListId="8c84fa94-04c1-424b-9868-57a2d4851a1d" />
    <TestEntry testId="ccaa3e6e-4d7e-4337-a86c-61452e9bcd48" executionId="08e5bc94-fab4-445e-915e-5e8ebd222de4" testListId="8c84fa94-04c1-424b-9868-57a2d4851a1d" />
    <TestEntry testId="419d08b3-e4e6-4546-b895-70aad5848284" executionId="ce185d86-ea30-4efa-bebe-fe1b50c875f2" testListId="8c84fa94-04c1-424b-9868-57a2d4851a1d" />
    <TestEntry testId="ff959bfa-7a31-46de-b8a2-f9eb9a197386" executionId="001ecd5e-f4b0-4a3b-a30a-48479af72a33" testListId="8c84fa94-04c1-424b-9868-57a2d4851a1d" />
    <TestEntry testId="d99567dd-cc0a-4480-b836-474f93b7b6ed" executionId="b66ce355-0ada-4289-9ea6-c55b2be81d2b" testListId="8c84fa94-04c1-424b-9868-57a2d4851a1d" />
    <TestEntry testId="ca3edfa9-757b-4ebd-acbc-254ccd73f248" executionId="2a258a03-f78b-4838-9034-32906132c1dd" testListId="8c84fa94-04c1-424b-9868-57a2d4851a1d" />
    <TestEntry testId="483890dd-0754-44af-b42a-0764ae64e2d7" executionId="cbfb541e-05c5-49e0-b01c-8072e9fcf2f2" testListId="8c84fa94-04c1-424b-9868-57a2d4851a1d" />
    <TestEntry testId="2eb347ce-5d48-4692-85bf-30c103b44e24" executionId="31c1444c-4d9e-4d24-8667-851ae55232c0" testListId="8c84fa94-04c1-424b-9868-57a2d4851a1d" />
    <TestEntry testId="9e4c252d-81d5-4347-9cfc-53ad6260cb62" executionId="e79b3862-10ba-4954-bfdb-f592acf881df" testListId="8c84fa94-04c1-424b-9868-57a2d4851a1d" />
    <TestEntry testId="533430a8-3485-4bd3-a5d5-6d0cbd6c3bce" executionId="11790ec1-4bd9-476c-8848-b6434e84322d" testListId="8c84fa94-04c1-424b-9868-57a2d4851a1d" />
    <TestEntry testId="d270c609-3d59-4438-acf6-f8aac4013370" executionId="9fb3bbb6-4c4e-47f0-ba4a-55b1a57498e7" testListId="8c84fa94-04c1-424b-9868-57a2d4851a1d" />
    <TestEntry testId="149d0dfe-d14d-4f96-a4ab-6f6ee34108f2" executionId="19839ba5-5b83-4488-84c8-f3bd1902501f" testListId="8c84fa94-04c1-424b-9868-57a2d4851a1d" />
    <TestEntry testId="fc283c17-2dbf-43a3-846e-c4c9144fcc03" executionId="6d311aa0-dfe2-4cc4-b1ce-d2e99816733b" testListId="8c84fa94-04c1-424b-9868-57a2d4851a1d" />
    <TestEntry testId="01c223d4-8ec5-4593-8e66-ef701feb9807" executionId="f93f6dcf-f155-4716-9844-bc9ce9ef4993" testListId="8c84fa94-04c1-424b-9868-57a2d4851a1d" />
    <TestEntry testId="a56c69a5-b561-4390-b3e8-328a4dffb297" executionId="7bc018d6-35c0-4ddb-8844-8ab99342b94b" testListId="8c84fa94-04c1-424b-9868-57a2d4851a1d" />
    <TestEntry testId="ff53628f-f96f-4b85-b659-2038c036075f" executionId="fcd3f8cd-f8c5-4843-b3c1-9f2a3242cee1" testListId="8c84fa94-04c1-424b-9868-57a2d4851a1d" />
    <TestEntry testId="e512f4e4-adb9-452b-8acd-fd56a8a8ca69" executionId="97a41dd9-d56d-4cd0-8050-5112e59383ba" testListId="8c84fa94-04c1-424b-9868-57a2d4851a1d" />
    <TestEntry testId="16afe28d-b90c-420f-9f42-e3825b2fbe1b" executionId="6ff9fda0-5f8a-4e25-a47c-67baeb81f2cf" testListId="8c84fa94-04c1-424b-9868-57a2d4851a1d" />
    <TestEntry testId="c8dd8799-dcd7-4b75-998e-ecab5a7a24fc" executionId="9d48679c-57f9-4221-835d-c5c653383ddc" testListId="8c84fa94-04c1-424b-9868-57a2d4851a1d" />
    <TestEntry testId="44bd9264-ffca-411c-af6c-ad6a799c7f15" executionId="c86aa903-c69a-448c-ac02-739de174faf4" testListId="8c84fa94-04c1-424b-9868-57a2d4851a1d" />
    <TestEntry testId="c1011efa-2254-402f-90a3-d5ae02ebcde7" executionId="3ac2e753-4bb1-4cb3-9c48-37f900e8a59c" testListId="8c84fa94-04c1-424b-9868-57a2d4851a1d" />
    <TestEntry testId="f5d8736d-fe3e-468f-9f05-5333e6d9586b" executionId="a0b7a457-7890-4393-bfe5-6c7814fe2cc4" testListId="8c84fa94-04c1-424b-9868-57a2d4851a1d" />
    <TestEntry testId="ca060066-a73d-495f-a8df-48702f941d7c" executionId="df09d636-2a28-4f16-8075-5ba78c647416" testListId="8c84fa94-04c1-424b-9868-57a2d4851a1d" />
    <TestEntry testId="2e6baa4e-8418-44b9-8b5f-795f36da39a0" executionId="d2118e37-869e-4916-856f-2873567a2641" testListId="8c84fa94-04c1-424b-9868-57a2d4851a1d" />
    <TestEntry testId="4861af45-272e-4ce1-b780-c1f8afda9047" executionId="954d3bec-bf8b-4bdc-bac2-613fa1b5968c" testListId="8c84fa94-04c1-424b-9868-57a2d4851a1d" />
    <TestEntry testId="b4f15c1b-fc05-4cd5-b38f-48baa848451b" executionId="87eb4ab3-74b7-417e-9960-00d6f7c2bdc6" testListId="8c84fa94-04c1-424b-9868-57a2d4851a1d" />
    <TestEntry testId="bde3f023-1382-4050-84f9-299edf4bcbed" executionId="c9ba683e-c515-481a-9fe1-c9f90f19a343" testListId="8c84fa94-04c1-424b-9868-57a2d4851a1d" />
    <TestEntry testId="f6ae0384-95ec-423c-8212-a201cb45a4be" executionId="b5712cbf-1d09-44f4-a4f0-407b126eae20" testListId="8c84fa94-04c1-424b-9868-57a2d4851a1d" />
    <TestEntry testId="4b461d6e-b16c-4313-9e31-eb88f8a5e21e" executionId="0d6dfb15-35c9-42e9-91c7-21b69bb014e6" testListId="8c84fa94-04c1-424b-9868-57a2d4851a1d" />
    <TestEntry testId="3d7c8e26-fb78-4d78-bad0-b57077640117" executionId="68dea241-180d-46e6-816e-8050ca35f0a6" testListId="8c84fa94-04c1-424b-9868-57a2d4851a1d" />
    <TestEntry testId="3adeae30-15ce-4c39-9223-b19225987988" executionId="1e77efd8-145d-4cad-90bf-bd485acec2d8" testListId="8c84fa94-04c1-424b-9868-57a2d4851a1d" />
    <TestEntry testId="9beae5d9-f239-4b17-ba3d-f0e41252ad50" executionId="49d538c1-5036-4ece-913f-e784d21255dd" testListId="8c84fa94-04c1-424b-9868-57a2d4851a1d" />
    <TestEntry testId="b8e0bffc-5968-44e3-ac7e-f30d2bf9963b" executionId="1f824a16-f407-4c1d-a4e4-eec56e8114a4" testListId="8c84fa94-04c1-424b-9868-57a2d4851a1d" />
    <TestEntry testId="59dca177-4cec-48d1-9a03-281344a26bbf" executionId="28801183-97a8-4b20-ad86-0c8d15964742" testListId="8c84fa94-04c1-424b-9868-57a2d4851a1d" />
    <TestEntry testId="db2631ed-f97c-4818-8883-f072633d9b0f" executionId="3b9b3c73-baa4-4d7b-8545-19d89e113c49" testListId="8c84fa94-04c1-424b-9868-57a2d4851a1d" />
    <TestEntry testId="454ace1c-16b6-4c43-9629-9aa3bd9a1cf1" executionId="a8a609ab-1d23-4885-a672-233ff18d4089" testListId="8c84fa94-04c1-424b-9868-57a2d4851a1d" />
    <TestEntry testId="67e856e1-4233-49af-97a4-226c23d46c5e" executionId="107c1c87-7bd3-4704-b104-95e13ea44857" testListId="8c84fa94-04c1-424b-9868-57a2d4851a1d" />
    <TestEntry testId="09c5d715-fd05-4f29-8579-13d614489b65" executionId="f484c216-50fd-4e38-9882-17ad8147faf0" testListId="8c84fa94-04c1-424b-9868-57a2d4851a1d" />
    <TestEntry testId="192b52a4-9bd1-431b-ab3b-da7b00b9201a" executionId="40652065-2d34-46ac-9957-4dcfed10c6d3" testListId="8c84fa94-04c1-424b-9868-57a2d4851a1d" />
    <TestEntry testId="6f26976f-96a0-4ff4-9240-8814107f29c7" executionId="c0c4c2b4-aca3-4290-9988-e959cb7a77e4" testListId="8c84fa94-04c1-424b-9868-57a2d4851a1d" />
    <TestEntry testId="75c61cda-f645-4501-8a9f-592e5b6041fa" executionId="cb33608c-d658-4192-8b16-d70ea3b16ee2" testListId="8c84fa94-04c1-424b-9868-57a2d4851a1d" />
    <TestEntry testId="c1f10190-db49-4991-9f5d-0a43b94600de" executionId="57e1a0b4-37d5-4173-a7c7-5414fa2da7fb" testListId="8c84fa94-04c1-424b-9868-57a2d4851a1d" />
    <TestEntry testId="b931e7f1-6411-440c-b0f1-9596bd34e441" executionId="368ef46d-aec2-416a-b4d4-34b2f5da2acd" testListId="8c84fa94-04c1-424b-9868-57a2d4851a1d" />
    <TestEntry testId="87c20d9f-bced-4451-b469-783a787f4139" executionId="52868654-2c24-415a-ab7f-d57ff29d5d32" testListId="8c84fa94-04c1-424b-9868-57a2d4851a1d" />
    <TestEntry testId="eb563a26-10c9-48d8-97e4-f7544fd7cd76" executionId="a4ea123a-ce9f-4a2f-994b-f94c2efb625f" testListId="8c84fa94-04c1-424b-9868-57a2d4851a1d" />
    <TestEntry testId="e940873b-94c8-492d-80f0-b6fd77795b1a" executionId="16cd2f65-9a7a-4546-9e10-6fe508ff9831" testListId="8c84fa94-04c1-424b-9868-57a2d4851a1d" />
    <TestEntry testId="7d3b9326-dbcd-412d-a319-7d883527f914" executionId="e0f935ef-5511-4019-9207-a20f2f3a984b" testListId="8c84fa94-04c1-424b-9868-57a2d4851a1d" />
    <TestEntry testId="cf4f2ba5-62ca-477e-a81a-80ba6ec6ac0c" executionId="13e2b03f-a73e-4c98-8746-9e6e93c822c3" testListId="8c84fa94-04c1-424b-9868-57a2d4851a1d" />
    <TestEntry testId="403e7178-4def-43a9-a8a2-f31bf393f4d1" executionId="7872d4d8-6d81-4bce-a609-9f43f4231094" testListId="8c84fa94-04c1-424b-9868-57a2d4851a1d" />
    <TestEntry testId="136b75a7-a343-4d8e-a0d9-06c6dbf8ddc4" executionId="568604b2-e685-49d0-8f7a-b9d3224d637a" testListId="8c84fa94-04c1-424b-9868-57a2d4851a1d" />
    <TestEntry testId="c5670b81-1ed0-4fc4-93e2-7c23b9f4c148" executionId="675019b6-43da-4262-8d79-83c2e5c48f26" testListId="8c84fa94-04c1-424b-9868-57a2d4851a1d" />
    <TestEntry testId="ee98d9ac-560b-4a6b-9fdc-a198eb92f4e1" executionId="36c18e63-baf1-446a-bce0-4795b3fab593" testListId="8c84fa94-04c1-424b-9868-57a2d4851a1d" />
    <TestEntry testId="dbc3b802-264d-4881-b611-7e95a71fe3f7" executionId="51a523a5-0898-4bea-91bb-b2aef182d664" testListId="8c84fa94-04c1-424b-9868-57a2d4851a1d" />
    <TestEntry testId="a1243033-908d-4fc5-a459-3b6371604307" executionId="d1d2662c-5349-4384-a9d2-7de14f7114dd" testListId="8c84fa94-04c1-424b-9868-57a2d4851a1d" />
    <TestEntry testId="ba040b8f-fa5c-4a34-ba20-56e5840af0a4" executionId="04603afd-8cad-4efb-bb4b-0ca46d13cb4a" testListId="8c84fa94-04c1-424b-9868-57a2d4851a1d" />
    <TestEntry testId="9e6b7c6d-fda8-4549-bfd9-544c1502cdbc" executionId="4c1f1c6b-4b5c-4912-9da9-fad037271908" testListId="8c84fa94-04c1-424b-9868-57a2d4851a1d" />
    <TestEntry testId="8d899163-67e7-4b4a-9577-eb1e47a3403b" executionId="67d81195-f337-4813-a5fc-ede6a255907f" testListId="8c84fa94-04c1-424b-9868-57a2d4851a1d" />
    <TestEntry testId="1fbbdc37-8d0f-4ed7-9efb-56599e1887e6" executionId="3251caf5-392b-488e-accf-2c37ea520913" testListId="8c84fa94-04c1-424b-9868-57a2d4851a1d" />
    <TestEntry testId="7743ee84-ada5-4235-9c83-c42b88beea8a" executionId="0a809f27-407c-4e6b-a127-ab9b48cf6f6b" testListId="8c84fa94-04c1-424b-9868-57a2d4851a1d" />
    <TestEntry testId="60b1dbc2-620d-49ed-96cb-6db09f148370" executionId="a5bcb39f-98ad-4c94-85df-e801e55ef0d5" testListId="8c84fa94-04c1-424b-9868-57a2d4851a1d" />
    <TestEntry testId="e901e80f-3010-44e2-bf07-8335c5064f6f" executionId="ea0595d6-52e0-4955-93e6-1765a7f3ff20" testListId="8c84fa94-04c1-424b-9868-57a2d4851a1d" />
    <TestEntry testId="d37cc685-7bcc-419e-b82c-246fbb12dc2d" executionId="dde00d4a-8e37-441a-bf07-094908f30673" testListId="8c84fa94-04c1-424b-9868-57a2d4851a1d" />
    <TestEntry testId="95ef57f1-0c6a-4dc6-bd37-27c5b9eb407e" executionId="a64f82fb-874b-4f39-bd90-5617e6ee688e" testListId="8c84fa94-04c1-424b-9868-57a2d4851a1d" />
    <TestEntry testId="588f12f2-6bad-4505-abbf-9235ec4db042" executionId="c901c13a-24d9-43d0-8a0b-9e4a5a94bca1" testListId="8c84fa94-04c1-424b-9868-57a2d4851a1d" />
    <TestEntry testId="84f556e7-ebdf-4f10-90f6-223ba622e263" executionId="8c0956b8-a275-4cd7-b6ea-3de3de63ec4b" testListId="8c84fa94-04c1-424b-9868-57a2d4851a1d" />
    <TestEntry testId="9b1902b1-f4b8-4c4a-8269-f7161ddcc1ba" executionId="95f9b338-6290-495e-9713-dbb69bfb6052" testListId="8c84fa94-04c1-424b-9868-57a2d4851a1d" />
    <TestEntry testId="009554b0-24b2-4bec-9440-cf9f6a58b262" executionId="6d43a711-19dc-4eaa-b305-33a638c84740" testListId="8c84fa94-04c1-424b-9868-57a2d4851a1d" />
    <TestEntry testId="9f54c783-445e-4f84-854b-0fd5fc5cdc78" executionId="58992dc1-fead-4264-b720-ef770f819e62" testListId="8c84fa94-04c1-424b-9868-57a2d4851a1d" />
    <TestEntry testId="6d303521-32b4-4075-aa51-83a862a7dd4f" executionId="3f6405e4-4271-44e4-80c4-7632c8ad822a" testListId="8c84fa94-04c1-424b-9868-57a2d4851a1d" />
    <TestEntry testId="e0f661ec-36fc-44a1-8c69-ab38d26ba240" executionId="ab849965-cd2d-4702-912d-9f6cb9b375c7" testListId="8c84fa94-04c1-424b-9868-57a2d4851a1d" />
    <TestEntry testId="3aef8c0e-6c5d-4663-a6f0-e2969a77033f" executionId="ba7538bd-6093-4dd1-8794-69e5e7fa2061" testListId="8c84fa94-04c1-424b-9868-57a2d4851a1d" />
    <TestEntry testId="404937e7-ec6a-4282-b29e-722b38381c1e" executionId="1ab547b6-5ec3-4f2a-9f3c-e4164dd96b53" testListId="8c84fa94-04c1-424b-9868-57a2d4851a1d" />
    <TestEntry testId="24fcec6e-e61c-40a3-a6d2-02b3d89a2208" executionId="c125d986-edc2-4523-90f8-0bd41f6fb781" testListId="8c84fa94-04c1-424b-9868-57a2d4851a1d" />
    <TestEntry testId="c423d44c-fd98-4601-a480-a454a6586946" executionId="c83e1796-0135-42ea-a0e1-3ce07673ee1a" testListId="8c84fa94-04c1-424b-9868-57a2d4851a1d" />
    <TestEntry testId="3d4bd5dc-d94f-485b-a6f4-4896700f2f24" executionId="ab2e4da5-b680-4cc8-85ab-e69a2a42b66c" testListId="8c84fa94-04c1-424b-9868-57a2d4851a1d" />
    <TestEntry testId="1665c00a-fd95-48f1-b134-51665dda7b65" executionId="0e51211d-080f-4ed9-96aa-2efc283add52" testListId="8c84fa94-04c1-424b-9868-57a2d4851a1d" />
    <TestEntry testId="75783d45-52a3-4ef0-b7f7-ed64d5868ddc" executionId="0a90802e-df36-4704-9f43-ad1275e5998a" testListId="8c84fa94-04c1-424b-9868-57a2d4851a1d" />
    <TestEntry testId="667a59b7-c773-4cec-a9b3-205d95ef9865" executionId="33312f9c-5bb4-427d-a24b-d33c5a119dac" testListId="8c84fa94-04c1-424b-9868-57a2d4851a1d" />
    <TestEntry testId="3575ebb4-f3b7-4169-bbdd-666e2ee0429e" executionId="f4b684ec-c911-4e1b-bf8f-9f9b083ee77b" testListId="8c84fa94-04c1-424b-9868-57a2d4851a1d" />
    <TestEntry testId="8bf9616e-56be-4672-9208-44c6775ac158" executionId="af00ecab-e702-4fba-8964-009e532e01a8" testListId="8c84fa94-04c1-424b-9868-57a2d4851a1d" />
    <TestEntry testId="1c25246c-a9b1-412a-bbf2-313176aa2d27" executionId="a459dd99-d24e-4ec8-9d40-ef85e373caec" testListId="8c84fa94-04c1-424b-9868-57a2d4851a1d" />
    <TestEntry testId="11d71ac9-5fe9-44e2-bbaf-ca847ba20672" executionId="dcc747d8-f09e-4585-9231-edb4891a5dd9" testListId="8c84fa94-04c1-424b-9868-57a2d4851a1d" />
    <TestEntry testId="6f4887b0-2bff-4480-9954-b5e6ce3235e9" executionId="81faede0-1cdb-4ad9-ae91-e3bfcd6d48d3" testListId="8c84fa94-04c1-424b-9868-57a2d4851a1d" />
    <TestEntry testId="f55f2f6c-b006-4e4c-93bb-16e80dc10669" executionId="7fc48a41-2e76-438d-a608-8505ec4a5c10" testListId="8c84fa94-04c1-424b-9868-57a2d4851a1d" />
    <TestEntry testId="02eb0415-0334-45a3-8ffb-0d7445efcd2f" executionId="70398c4e-e7e9-47cb-845d-5966c6f22457" testListId="8c84fa94-04c1-424b-9868-57a2d4851a1d" />
    <TestEntry testId="5d2e2535-d20e-44a6-b545-960461ac32a5" executionId="f4fa4a9c-8779-4f0c-9f71-bf60aa164b9b" testListId="8c84fa94-04c1-424b-9868-57a2d4851a1d" />
    <TestEntry testId="c1972f76-be19-4e38-aea3-b6b39d1b35f8" executionId="8237a2a1-6c36-434a-a22a-18cf28be936e" testListId="8c84fa94-04c1-424b-9868-57a2d4851a1d" />
    <TestEntry testId="e0864b39-e793-4da3-b655-ff2fdb8412d2" executionId="fdeca494-4e6b-48a5-8936-3157e83c3866" testListId="8c84fa94-04c1-424b-9868-57a2d4851a1d" />
    <TestEntry testId="8e7c76a5-cc6a-4a77-af05-2b18c53f0664" executionId="a2789792-f9b8-4a6a-9134-241e97886898" testListId="8c84fa94-04c1-424b-9868-57a2d4851a1d" />
    <TestEntry testId="80382391-27ae-4ddb-becc-e2617e992719" executionId="fb6d0419-b102-4f6f-886b-c6970e0da899" testListId="8c84fa94-04c1-424b-9868-57a2d4851a1d" />
    <TestEntry testId="fe27aaa0-31c2-42bc-9964-19b5eafe49a1" executionId="9f86723e-abf5-4d9b-96ba-e0e4949b296d" testListId="8c84fa94-04c1-424b-9868-57a2d4851a1d" />
    <TestEntry testId="8096cf8b-ed6e-452d-9f89-e2b14344ab7b" executionId="7cf0f1c1-be73-4b18-a584-02d60ff58e13" testListId="8c84fa94-04c1-424b-9868-57a2d4851a1d" />
    <TestEntry testId="dca7e703-dd53-4f9e-aae1-ff6d6fe129cb" executionId="54b8e21e-b7e7-4677-9ace-a8805bba9e83" testListId="8c84fa94-04c1-424b-9868-57a2d4851a1d" />
    <TestEntry testId="0704bc62-cac2-416d-8f9c-f8b77e5106d9" executionId="a29d8982-cf37-4042-aae5-aa4d59aed61d" testListId="8c84fa94-04c1-424b-9868-57a2d4851a1d" />
    <TestEntry testId="2d342664-4ed2-4e6d-9d87-665495164af4" executionId="ab40b24b-fe49-471d-92c0-9599b593e367" testListId="8c84fa94-04c1-424b-9868-57a2d4851a1d" />
    <TestEntry testId="16821303-9a4b-410f-a22a-a972b17ad15f" executionId="32106bee-3242-4226-959d-2fdb7a4cba06" testListId="8c84fa94-04c1-424b-9868-57a2d4851a1d" />
    <TestEntry testId="859ddaa3-dcb7-4fdd-b37b-1b3ea5f14cb9" executionId="3accef0c-5044-4c27-9635-1f4964a9e4c3" testListId="8c84fa94-04c1-424b-9868-57a2d4851a1d" />
    <TestEntry testId="147ba4fd-f0d5-4544-a986-742d8fefc6ea" executionId="31a22321-935d-440c-af4e-5b51fdf64ab9" testListId="8c84fa94-04c1-424b-9868-57a2d4851a1d" />
    <TestEntry testId="f3806ef1-0e28-42b1-beb7-3c6f3c06a040" executionId="78561e28-700a-4f5e-949d-fa4d71c3b9a5" testListId="8c84fa94-04c1-424b-9868-57a2d4851a1d" />
    <TestEntry testId="7a5de51f-8913-47b0-8ec4-4ee450abf892" executionId="274caf8c-2d13-4598-be6e-f4d962784c79" testListId="8c84fa94-04c1-424b-9868-57a2d4851a1d" />
    <TestEntry testId="a2adfbef-a47c-4ad3-86ed-099b66bb3fc7" executionId="bafc8802-f9d8-4a4f-98be-fe6fc21f04ca" testListId="8c84fa94-04c1-424b-9868-57a2d4851a1d" />
    <TestEntry testId="b0374416-5231-400d-a573-0ba0a8f654e8" executionId="3df57e68-5245-4845-a289-5e5dd32e3534" testListId="8c84fa94-04c1-424b-9868-57a2d4851a1d" />
    <TestEntry testId="ac9f81c2-fc1a-48b3-b5d4-ed74af605a17" executionId="d7d7809f-de2d-49a9-8beb-12c2c750e2c9" testListId="8c84fa94-04c1-424b-9868-57a2d4851a1d" />
    <TestEntry testId="25fec5db-defc-4a56-9b63-c454f9b33dc2" executionId="7dc7eb77-c995-4fd8-96d0-da573ee6307d" testListId="8c84fa94-04c1-424b-9868-57a2d4851a1d" />
    <TestEntry testId="01fcc03f-266c-4265-880b-16a28c9a7ac4" executionId="7e804f57-e146-4940-a730-b3d94d8f1339" testListId="8c84fa94-04c1-424b-9868-57a2d4851a1d" />
    <TestEntry testId="8ed341d8-60f3-48c9-8a76-2c28d3da0d68" executionId="5d4b8a07-d3ca-4625-86a5-537ec46e923c" testListId="8c84fa94-04c1-424b-9868-57a2d4851a1d" />
    <TestEntry testId="cb98a503-59f8-47c9-af19-e5806ce0f9d8" executionId="952c5ece-e83e-4509-9ae0-c1de034d0b1a" testListId="8c84fa94-04c1-424b-9868-57a2d4851a1d" />
    <TestEntry testId="9e42d50b-eddb-43ab-b246-dbecba12fd30" executionId="68ebc56f-2b45-47b0-9a1a-3719be946907" testListId="8c84fa94-04c1-424b-9868-57a2d4851a1d" />
    <TestEntry testId="8b5d2a69-1052-424f-b940-561d1d865687" executionId="5535c6a2-369b-47df-bc6c-a979995530b9" testListId="8c84fa94-04c1-424b-9868-57a2d4851a1d" />
    <TestEntry testId="4f3c0588-8dfa-498c-99f7-11c796399c04" executionId="8c9afbd6-93f2-4d2f-b6bf-87da724d56f5" testListId="8c84fa94-04c1-424b-9868-57a2d4851a1d" />
    <TestEntry testId="b7a2b4f7-8568-401d-97a3-42b8f580815e" executionId="2dbb8cb3-a56f-4a3f-828d-509dcf66a559" testListId="8c84fa94-04c1-424b-9868-57a2d4851a1d" />
    <TestEntry testId="35ff8fa2-3111-46a9-b3ca-ef02c971a671" executionId="b4b935be-112e-4211-af96-91e590c8594a" testListId="8c84fa94-04c1-424b-9868-57a2d4851a1d" />
    <TestEntry testId="48d96bae-cbe7-4771-a791-d8293b71603b" executionId="05e1af9a-ca7a-4244-b245-6ba3e9b28515" testListId="8c84fa94-04c1-424b-9868-57a2d4851a1d" />
    <TestEntry testId="3e8db224-6bf5-41b0-aec1-6f28dec6a556" executionId="41c9434a-363d-40f9-8a7c-e67b2750a740" testListId="8c84fa94-04c1-424b-9868-57a2d4851a1d" />
    <TestEntry testId="ff5fa0fc-5522-4b2a-adde-10fc8a126e42" executionId="a5109472-340c-45c5-b903-fe3a73b5ca8f" testListId="8c84fa94-04c1-424b-9868-57a2d4851a1d" />
    <TestEntry testId="89ee8625-d9e0-47c5-9b16-6d19cd2e44f2" executionId="54baabd7-09e9-477e-9f71-38f563c21ca0" testListId="8c84fa94-04c1-424b-9868-57a2d4851a1d" />
    <TestEntry testId="b5fc298a-7a52-43f7-9ffe-6dcdbdfd8a26" executionId="64843b34-536d-43f5-a571-eac780e40f64" testListId="8c84fa94-04c1-424b-9868-57a2d4851a1d" />
    <TestEntry testId="12a06f08-7a26-4904-a1b1-ccf41742c358" executionId="77504bb9-ac92-4272-93f0-6e5da8925026" testListId="8c84fa94-04c1-424b-9868-57a2d4851a1d" />
    <TestEntry testId="31c90a4f-a817-4795-ac1f-1b0365e11b88" executionId="6417f6b0-98d5-4d8b-9e8e-11ebf76990a0" testListId="8c84fa94-04c1-424b-9868-57a2d4851a1d" />
    <TestEntry testId="5c39e060-0a36-486f-9bf6-94aa08a40779" executionId="b8daa8f8-f65a-4622-8db2-96caa8e9b5fc" testListId="8c84fa94-04c1-424b-9868-57a2d4851a1d" />
    <TestEntry testId="60e405bb-9223-44d2-8c36-aafc119a5460" executionId="bddfa515-fa4e-461e-8353-9f42cebaa64d" testListId="8c84fa94-04c1-424b-9868-57a2d4851a1d" />
    <TestEntry testId="99d53e3d-a3ed-489c-89a6-ab8cd9f1a7f7" executionId="2e6aaba5-13fe-4342-9a16-9b543fde30f6" testListId="8c84fa94-04c1-424b-9868-57a2d4851a1d" />
    <TestEntry testId="1ffc6ef3-ca87-4678-b145-6bfbb3c2405f" executionId="8ccd0937-823c-4ba5-9613-25d7ce1906f5" testListId="8c84fa94-04c1-424b-9868-57a2d4851a1d" />
    <TestEntry testId="431ec02f-ecc8-49d5-a436-d4f6b3b32881" executionId="e59a1057-1ab4-4588-9bdb-feae337d8eb5" testListId="8c84fa94-04c1-424b-9868-57a2d4851a1d" />
    <TestEntry testId="f3a2720e-3838-43b0-9f19-59f9c251b114" executionId="d1884283-2fde-46e0-a5d7-0b942a26bab8" testListId="8c84fa94-04c1-424b-9868-57a2d4851a1d" />
    <TestEntry testId="79f2ef6b-09f6-4e18-b702-99786394b7ee" executionId="7d832200-de79-4f54-ac05-c9b9d6279eb3" testListId="8c84fa94-04c1-424b-9868-57a2d4851a1d" />
    <TestEntry testId="b5ff07c1-1dbf-40f8-8d68-33cdbcb1b1f9" executionId="0b18a577-443e-4bf3-a7de-70f7770d8618" testListId="8c84fa94-04c1-424b-9868-57a2d4851a1d" />
    <TestEntry testId="ba31aba4-e972-4b6a-b357-c774e2ccaffb" executionId="ece544fd-24c5-4765-81a7-6766d09ac582" testListId="8c84fa94-04c1-424b-9868-57a2d4851a1d" />
    <TestEntry testId="7905276d-7493-45cf-ac0d-96d6c57aecfd" executionId="3e8cefc4-250c-49aa-b253-4c2b1bfd5e2b" testListId="8c84fa94-04c1-424b-9868-57a2d4851a1d" />
    <TestEntry testId="02ae68c5-352c-48d6-a1c9-b6907fd83479" executionId="c96e7606-670d-4835-867d-cc99e6160522" testListId="8c84fa94-04c1-424b-9868-57a2d4851a1d" />
    <TestEntry testId="9b194903-dea5-44e4-b112-fb5332f6c369" executionId="c1b3f39a-c6b9-47ba-8a7a-dcb2066d0431" testListId="8c84fa94-04c1-424b-9868-57a2d4851a1d" />
    <TestEntry testId="74ccb9eb-cf13-47f0-90af-5cbb162de571" executionId="ec2d7af1-2d2f-46db-ac61-318a8cb514ae" testListId="8c84fa94-04c1-424b-9868-57a2d4851a1d" />
    <TestEntry testId="96973a46-f875-4abd-b666-d068d40b4087" executionId="c27522e4-277d-435a-9f02-161627a9c1b2" testListId="8c84fa94-04c1-424b-9868-57a2d4851a1d" />
    <TestEntry testId="463ea82d-da2d-423b-b2ca-a737378c0f6f" executionId="c1424240-b013-4d00-b76f-a655066edaf4" testListId="8c84fa94-04c1-424b-9868-57a2d4851a1d" />
    <TestEntry testId="f43853b0-99e9-4cc4-ab2d-8aef38f1771b" executionId="c26787f2-6eff-4039-8777-4d6b2187c30e" testListId="8c84fa94-04c1-424b-9868-57a2d4851a1d" />
    <TestEntry testId="50bdb0f4-8648-4e38-a0cc-fad809773cd9" executionId="20ffccec-5505-4932-994b-eac4409b1a1f" testListId="8c84fa94-04c1-424b-9868-57a2d4851a1d" />
    <TestEntry testId="85e5ef41-c839-42fe-8468-104ce40c312f" executionId="d0c240c6-9329-41cd-9b17-496e410d254b" testListId="8c84fa94-04c1-424b-9868-57a2d4851a1d" />
    <TestEntry testId="8073e733-1582-4b38-995e-0e6bf902b7b8" executionId="d42e548d-ab88-4dac-9826-b32c3b5ec9a0" testListId="8c84fa94-04c1-424b-9868-57a2d4851a1d" />
    <TestEntry testId="19d29977-cf13-498a-9731-70eef7a48b68" executionId="4162acfc-7235-41ca-8eca-abab482409bd" testListId="8c84fa94-04c1-424b-9868-57a2d4851a1d" />
    <TestEntry testId="345e21d1-c5bc-4b28-b1f8-8bfe7da9bda9" executionId="10236e73-af05-4d0e-90ee-3e7a750adcb9" testListId="8c84fa94-04c1-424b-9868-57a2d4851a1d" />
    <TestEntry testId="fc62d6d9-ece0-43f4-955f-1aef2e161b50" executionId="7edb3821-d51c-48f3-b7f1-b0d86fea8a15" testListId="8c84fa94-04c1-424b-9868-57a2d4851a1d" />
    <TestEntry testId="6c9b9d10-6908-4eeb-a890-48f8316924e2" executionId="e8d4ee17-1069-4d12-9dcc-4d1a88b1cecc" testListId="8c84fa94-04c1-424b-9868-57a2d4851a1d" />
    <TestEntry testId="b06ab7fa-b80c-454f-969b-0047db2660eb" executionId="3965a7d8-23bd-40cb-9493-b139b54a30bc" testListId="8c84fa94-04c1-424b-9868-57a2d4851a1d" />
    <TestEntry testId="b4c26f55-0113-44b7-aa18-49a8e06d529a" executionId="d35d683a-6e8e-42fa-bb5f-96c056dc8c5a" testListId="8c84fa94-04c1-424b-9868-57a2d4851a1d" />
    <TestEntry testId="beb68ad4-e924-4031-93c3-9eb15ecd68e8" executionId="82b7dc08-a9f9-48ed-9be0-e224587c4da0" testListId="8c84fa94-04c1-424b-9868-57a2d4851a1d" />
    <TestEntry testId="583cb97b-6eda-4b54-821a-a5162e68d404" executionId="32b0e15e-27de-47df-99c3-401076f333da" testListId="8c84fa94-04c1-424b-9868-57a2d4851a1d" />
    <TestEntry testId="4d4782f5-f4d4-4f17-a2cc-20652208f651" executionId="719c29f1-d7ab-4131-9d4a-55672b87dfa7" testListId="8c84fa94-04c1-424b-9868-57a2d4851a1d" />
    <TestEntry testId="b5bbe4ca-42ba-4e6e-9604-d146b023d522" executionId="c5710e36-45f6-4717-a420-412df5cfec31" testListId="8c84fa94-04c1-424b-9868-57a2d4851a1d" />
    <TestEntry testId="2c24622c-5a43-4473-ab26-f37359fc0918" executionId="fd18be71-8e71-45ba-b24f-2d846550eeb9" testListId="8c84fa94-04c1-424b-9868-57a2d4851a1d" />
    <TestEntry testId="b78fb65c-f143-4d68-90cb-60a2af48350d" executionId="271306db-a764-4ac7-b908-f7aacaf026f7" testListId="8c84fa94-04c1-424b-9868-57a2d4851a1d" />
    <TestEntry testId="e6605e82-35c4-4277-97d4-d6814e088cc7" executionId="410169b2-20ed-46d1-bbc0-8782f203b9eb" testListId="8c84fa94-04c1-424b-9868-57a2d4851a1d" />
    <TestEntry testId="7284924a-281d-4d32-8035-a385f288f223" executionId="4960aaf2-8a62-4044-93df-d23aa6d62676" testListId="8c84fa94-04c1-424b-9868-57a2d4851a1d" />
    <TestEntry testId="446ce771-6230-4047-b636-baac6b1a0a53" executionId="387e22dd-c39b-4140-b57a-0eceb10aa3de" testListId="8c84fa94-04c1-424b-9868-57a2d4851a1d" />
    <TestEntry testId="4d3fa467-2f51-4a34-968e-889a0faa09a9" executionId="07e087e0-177b-4464-857c-f9687033bd98" testListId="8c84fa94-04c1-424b-9868-57a2d4851a1d" />
    <TestEntry testId="3902a969-2fdb-4cfa-8651-7f9e1bc2231f" executionId="ae4400b6-8f49-4adb-b16c-ebfbea5bcc47" testListId="8c84fa94-04c1-424b-9868-57a2d4851a1d" />
    <TestEntry testId="ca529be9-786d-4e00-9516-488891f9a910" executionId="23648ab2-dcd1-4a1f-8bde-6fc6ddaa49d6" testListId="8c84fa94-04c1-424b-9868-57a2d4851a1d" />
    <TestEntry testId="489b5549-777c-45d7-b549-ac03386d9b33" executionId="bb688a53-ae89-4e6a-a4ee-55c0a28ab909" testListId="8c84fa94-04c1-424b-9868-57a2d4851a1d" />
    <TestEntry testId="baf117b2-3c7a-4439-8487-9d607407e43a" executionId="edca6ad7-cc56-4c2e-9c9e-cce6781c0751" testListId="8c84fa94-04c1-424b-9868-57a2d4851a1d" />
    <TestEntry testId="fc8a9ff1-adbb-41f1-919f-fec0a8e291fe" executionId="451b40cf-223b-4199-aff6-946921a97aac" testListId="8c84fa94-04c1-424b-9868-57a2d4851a1d" />
    <TestEntry testId="2af65c13-cc4f-4287-888a-072fc70a4246" executionId="65cfcfee-184f-4b02-9087-4f7c2f5088a6" testListId="8c84fa94-04c1-424b-9868-57a2d4851a1d" />
    <TestEntry testId="1517d199-b54c-42a9-a3e2-7330509fd8b7" executionId="70c98a71-fc98-4706-b6e3-ea8caf035560" testListId="8c84fa94-04c1-424b-9868-57a2d4851a1d" />
    <TestEntry testId="ca094d3b-6c4b-47de-b5ab-41e6aac6c7db" executionId="2f2671ea-90ca-4783-9a16-858f8210ff14" testListId="8c84fa94-04c1-424b-9868-57a2d4851a1d" />
    <TestEntry testId="f4b6900d-81a9-45ed-8c71-02c51cbbb943" executionId="7368b21c-a167-404d-8de6-dc17b81a70d8" testListId="8c84fa94-04c1-424b-9868-57a2d4851a1d" />
    <TestEntry testId="54ab032c-7382-486a-bdb9-33008cacdf23" executionId="8146396d-532d-47a8-9e6d-d287ebf2a2f2" testListId="8c84fa94-04c1-424b-9868-57a2d4851a1d" />
    <TestEntry testId="41d14ca0-f375-4a27-8f77-8d818b986b35" executionId="fb90a85f-52b7-4177-b17a-11280dd63255" testListId="8c84fa94-04c1-424b-9868-57a2d4851a1d" />
    <TestEntry testId="9fcfd806-2894-4c99-9201-a8d602750154" executionId="fcd28433-2914-4186-83a6-5f5b932c2fdb" testListId="8c84fa94-04c1-424b-9868-57a2d4851a1d" />
    <TestEntry testId="1b051a58-94d5-4b94-a335-e79848bad97f" executionId="62caec19-a0a0-404c-9a5b-74c1c5cfc095" testListId="8c84fa94-04c1-424b-9868-57a2d4851a1d" />
    <TestEntry testId="0cca7017-57ec-4f7e-8889-df9f2761ef78" executionId="8ba1dac1-e4f7-406f-aea1-b67f729ff9eb" testListId="8c84fa94-04c1-424b-9868-57a2d4851a1d" />
    <TestEntry testId="d7ce59f1-ba7b-4174-904f-4bb92e5c4ad1" executionId="6b188c92-cfdf-4bf6-9fb4-691ec50dc73c" testListId="8c84fa94-04c1-424b-9868-57a2d4851a1d" />
    <TestEntry testId="8b397cf1-b9f5-492d-b445-bcd15339a13e" executionId="13d8197d-299f-499b-958c-5e6b9b787aa6" testListId="8c84fa94-04c1-424b-9868-57a2d4851a1d" />
    <TestEntry testId="9495400b-6474-49a5-a64e-22d803ebd65b" executionId="164f1027-d522-4a8c-a0b5-15f72a050f81" testListId="8c84fa94-04c1-424b-9868-57a2d4851a1d" />
    <TestEntry testId="f0a9a7b5-e69b-41ef-a576-2abd2e7770e2" executionId="740941c5-f8d7-47b7-bf19-1f2c23e82cab" testListId="8c84fa94-04c1-424b-9868-57a2d4851a1d" />
    <TestEntry testId="c823478d-f692-44e7-a269-366b63bff6b6" executionId="de0981bd-ab68-415a-b8ab-72ee7c5dd2cc" testListId="8c84fa94-04c1-424b-9868-57a2d4851a1d" />
    <TestEntry testId="c211d392-dc33-4183-bc12-865d94731fce" executionId="b0f200ba-d0c4-49c5-ae19-d48ac775b497" testListId="8c84fa94-04c1-424b-9868-57a2d4851a1d" />
    <TestEntry testId="5ac9afca-57a5-4fae-8800-79df3f4e678e" executionId="10ef6201-f62a-4f24-9cd6-f394a2715ff7" testListId="8c84fa94-04c1-424b-9868-57a2d4851a1d" />
    <TestEntry testId="7db5ac00-6f60-41b9-adcf-ca780403909c" executionId="026409bf-2de3-47c6-aa02-6d2be1ef1560" testListId="8c84fa94-04c1-424b-9868-57a2d4851a1d" />
    <TestEntry testId="d5eff3ba-c251-4a1a-a604-8bdb7d7d79e2" executionId="c764895e-7603-45f2-99b3-145fa0f3063a" testListId="8c84fa94-04c1-424b-9868-57a2d4851a1d" />
    <TestEntry testId="8e3f2aa4-a467-483c-8462-00c42707f5f8" executionId="4fa8358c-991a-4bee-bafd-ac59197dac68" testListId="8c84fa94-04c1-424b-9868-57a2d4851a1d" />
    <TestEntry testId="e9fb471d-f91e-4011-b31b-0ef2e734c221" executionId="eea025bc-e89e-4422-b11a-149d66c2a7c1" testListId="8c84fa94-04c1-424b-9868-57a2d4851a1d" />
    <TestEntry testId="d8a23fb4-0dc5-409a-8ac8-76bcf4905d55" executionId="5edb708d-de44-4746-94a4-f5a886a4b2be" testListId="8c84fa94-04c1-424b-9868-57a2d4851a1d" />
    <TestEntry testId="d1e25933-2503-4e69-a025-a47489a82c38" executionId="c5e2de58-c46e-4ecc-a8da-fa58e294cb2d" testListId="8c84fa94-04c1-424b-9868-57a2d4851a1d" />
    <TestEntry testId="1ddad26b-fd0d-4fc4-85bc-769b0c10eb91" executionId="9d87ad5a-4aef-4151-bb1a-4a625a9020b9" testListId="8c84fa94-04c1-424b-9868-57a2d4851a1d" />
    <TestEntry testId="f49261f8-3810-4a8c-baf4-efac286ed63e" executionId="4d6172d0-52d4-4414-b81c-826f9ffdda8f" testListId="8c84fa94-04c1-424b-9868-57a2d4851a1d" />
    <TestEntry testId="c7a58e41-c81c-4542-bd49-05d168d0b905" executionId="efd8cbee-ee1f-4a88-9adb-ef65a1b1e6e3" testListId="8c84fa94-04c1-424b-9868-57a2d4851a1d" />
    <TestEntry testId="13a96c86-ee20-4894-8bd0-f3dc3fcfffe6" executionId="caa6b079-e638-4cad-8bce-c9cb36228d46" testListId="8c84fa94-04c1-424b-9868-57a2d4851a1d" />
    <TestEntry testId="d67ee2c5-9cb1-4f66-9ce3-6e4b9e59b986" executionId="91d0880a-19ff-4d98-9760-6b343b62912a" testListId="8c84fa94-04c1-424b-9868-57a2d4851a1d" />
    <TestEntry testId="4c214a7e-2d1f-4dd6-b024-feebceb9e96d" executionId="9c458629-5f00-4b8e-a3dc-e93c9fa98aed" testListId="8c84fa94-04c1-424b-9868-57a2d4851a1d" />
    <TestEntry testId="251641f6-ddf3-4a6e-9135-619d1b0570e1" executionId="98e414be-b0c5-40ac-970c-d98ca232adaf" testListId="8c84fa94-04c1-424b-9868-57a2d4851a1d" />
    <TestEntry testId="8810d5a4-ede2-43b2-93dc-ec20cfd16db3" executionId="13016f81-a5a3-4c80-8115-6204540af628" testListId="8c84fa94-04c1-424b-9868-57a2d4851a1d" />
    <TestEntry testId="047849fb-cdf8-4bf1-8063-121cbd7bf834" executionId="9dc95c5d-d98d-4e3f-a0e3-79b0cfd77653" testListId="8c84fa94-04c1-424b-9868-57a2d4851a1d" />
    <TestEntry testId="efda6c6b-09b7-40ec-a0cf-87e70352447d" executionId="b52d1613-b4f7-4293-a935-368b9da60f15" testListId="8c84fa94-04c1-424b-9868-57a2d4851a1d" />
    <TestEntry testId="b0948335-f405-4b0a-9332-d0ed0d945a1c" executionId="d85877b9-3561-449d-823c-9358b25f5f9d" testListId="8c84fa94-04c1-424b-9868-57a2d4851a1d" />
    <TestEntry testId="5b4fe45a-4d3f-44d4-8495-789248963b1b" executionId="39751fdf-3729-4f5b-9bef-c049853b60e2" testListId="8c84fa94-04c1-424b-9868-57a2d4851a1d" />
    <TestEntry testId="ef8d01a5-e34e-4a51-8ce1-de6adf5d59b8" executionId="00df7bb2-0233-43c3-a6b2-c3a791164277" testListId="8c84fa94-04c1-424b-9868-57a2d4851a1d" />
    <TestEntry testId="612d311f-57e1-49d3-a3e5-b91c7d1a70b7" executionId="8edf76aa-d2e9-4d43-a2f1-2e2a51fdfbbb" testListId="8c84fa94-04c1-424b-9868-57a2d4851a1d" />
    <TestEntry testId="531a7cf1-fc1e-405e-b234-c8b04005af8d" executionId="282c6c1a-f47f-40d9-b5ab-1a77db2b7bb3" testListId="8c84fa94-04c1-424b-9868-57a2d4851a1d" />
    <TestEntry testId="2c9c4e8d-2330-47ea-b88d-e8a9e8c93f5c" executionId="b6863d64-17a9-430a-b4fd-efac10da88b3" testListId="8c84fa94-04c1-424b-9868-57a2d4851a1d" />
    <TestEntry testId="ff2a0fd4-7723-4b52-b638-11904177c3a5" executionId="f3361e9f-0202-42a5-8493-ca130ee6ef41" testListId="8c84fa94-04c1-424b-9868-57a2d4851a1d" />
    <TestEntry testId="9381cab8-7fe2-448c-bf13-414a92946cc0" executionId="e760092e-dbee-48b2-87dd-f44ea6eb0aa4" testListId="8c84fa94-04c1-424b-9868-57a2d4851a1d" />
    <TestEntry testId="f42a4478-6ed4-411c-85dd-53af929222b7" executionId="3dfb4ccc-0bea-4ec1-83a6-ca57081bfec4" testListId="8c84fa94-04c1-424b-9868-57a2d4851a1d" />
    <TestEntry testId="b39ad1ec-22ad-4fbc-beff-ef065667cea6" executionId="fbf1a422-3edb-48e9-95ed-d458b131d841" testListId="8c84fa94-04c1-424b-9868-57a2d4851a1d" />
    <TestEntry testId="21e92ce9-f365-4c47-90f7-1449b8d85c30" executionId="ac6acdcc-19c9-4452-bacc-b7d894e0a379" testListId="8c84fa94-04c1-424b-9868-57a2d4851a1d" />
    <TestEntry testId="1b357e2e-ccbd-4e66-943d-47cc004541d6" executionId="58083523-0e7f-4291-8698-28582bfba29d" testListId="8c84fa94-04c1-424b-9868-57a2d4851a1d" />
    <TestEntry testId="b83e3d2c-855a-405d-b6d4-413d682d42fc" executionId="cf6f141d-9751-4818-8114-2b3c105cfe23" testListId="8c84fa94-04c1-424b-9868-57a2d4851a1d" />
    <TestEntry testId="65d98625-db1a-4cc3-a262-1570b2ff030d" executionId="b155627f-6105-4631-957c-8ea469ab55db" testListId="8c84fa94-04c1-424b-9868-57a2d4851a1d" />
    <TestEntry testId="ca96eace-a771-44bd-a919-6fc4d5896f6e" executionId="c945d175-15d4-4088-9acd-af59d7b2cc23" testListId="8c84fa94-04c1-424b-9868-57a2d4851a1d" />
    <TestEntry testId="ab141fff-3583-466c-a495-9107f325f5a7" executionId="40e9e7a7-2bbc-4e86-a8df-1fef80927c98" testListId="8c84fa94-04c1-424b-9868-57a2d4851a1d" />
    <TestEntry testId="1a1812b3-4c58-4de5-b30b-15dd0450f2fb" executionId="a5f244ac-bcc6-4715-aa1a-64e64e8384a8" testListId="8c84fa94-04c1-424b-9868-57a2d4851a1d" />
    <TestEntry testId="3eb5501f-e3d2-4fec-8887-8a8d22378237" executionId="ad07afa9-e806-46ef-a5aa-ed41e45cd402" testListId="8c84fa94-04c1-424b-9868-57a2d4851a1d" />
    <TestEntry testId="e761127a-2a9f-493e-b6c5-34e39ac911f7" executionId="2b09ec56-ff30-46fb-ad51-2fe65ccd8be8" testListId="8c84fa94-04c1-424b-9868-57a2d4851a1d" />
    <TestEntry testId="bbb4bc9c-df0a-46d9-9b69-5e65954ac4eb" executionId="21894a70-c68d-4ec9-8ff1-926b697ce793" testListId="8c84fa94-04c1-424b-9868-57a2d4851a1d" />
    <TestEntry testId="dbbadd22-1bbc-4fd3-9ce6-5cce2969d33b" executionId="815a63b7-4459-48a4-9134-8c53c62934dd" testListId="8c84fa94-04c1-424b-9868-57a2d4851a1d" />
    <TestEntry testId="a2f517b4-b07c-4127-8250-1f4308d0e683" executionId="0e91e827-5af8-4e6c-b3cb-8197af580215" testListId="8c84fa94-04c1-424b-9868-57a2d4851a1d" />
    <TestEntry testId="1080e1cf-04de-4956-a2d4-98803b56bcd2" executionId="6ad4e13f-f334-4afd-92e7-bfe926f81f49" testListId="8c84fa94-04c1-424b-9868-57a2d4851a1d" />
    <TestEntry testId="bc96caea-cfa7-4748-be9b-99b27f535a60" executionId="f7f2b04b-eef9-4ef8-8bf6-34728b73b379" testListId="8c84fa94-04c1-424b-9868-57a2d4851a1d" />
    <TestEntry testId="a10ee253-081c-433b-9a76-28ee771b3178" executionId="75a12f9a-9a3b-4ccf-9d53-b650db8baa7b" testListId="8c84fa94-04c1-424b-9868-57a2d4851a1d" />
    <TestEntry testId="b952fdb8-4ce3-4748-b7d4-11cf98b3507e" executionId="21afd295-3be5-4259-a567-29e8a5b17859" testListId="8c84fa94-04c1-424b-9868-57a2d4851a1d" />
    <TestEntry testId="82b322a2-f17d-48f6-81be-bd38a8afeb2e" executionId="fb99a851-3784-4ddb-a5dd-efcb2ba489d3" testListId="8c84fa94-04c1-424b-9868-57a2d4851a1d" />
    <TestEntry testId="a73441c2-cd1c-4fa3-a69f-09bf4642631c" executionId="d7a66b0d-678e-4765-b87a-8113abe5f75b" testListId="8c84fa94-04c1-424b-9868-57a2d4851a1d" />
    <TestEntry testId="986cc184-440a-4ce8-8931-22cfe7bc638e" executionId="3c47dfa4-0c59-48c6-8a36-67a00773ae2f" testListId="8c84fa94-04c1-424b-9868-57a2d4851a1d" />
    <TestEntry testId="10db3c14-6c7a-4fcd-be6f-bc2f7e5e49af" executionId="866bbe5a-e8b0-40ca-b519-e7ffed3aa4f3" testListId="8c84fa94-04c1-424b-9868-57a2d4851a1d" />
    <TestEntry testId="3fea1d66-3571-4143-a7a3-5b991f71ea91" executionId="e957f840-1cf2-4a30-854f-0bb5017fc325" testListId="8c84fa94-04c1-424b-9868-57a2d4851a1d" />
    <TestEntry testId="53dd4e07-1210-4047-a77e-e5946e06445b" executionId="d3322e93-e4d0-4a16-bb6d-2b53dc21296b" testListId="8c84fa94-04c1-424b-9868-57a2d4851a1d" />
    <TestEntry testId="137578c8-6d1e-46ea-9b1a-7f2fd9884764" executionId="5e87fa59-81e7-4532-9e8f-ff59d293fdfd" testListId="8c84fa94-04c1-424b-9868-57a2d4851a1d" />
    <TestEntry testId="d29fdc42-ca1f-4ddf-a062-76d0d7f7d680" executionId="adebd193-38d7-4561-b91c-49364f3880d5" testListId="8c84fa94-04c1-424b-9868-57a2d4851a1d" />
    <TestEntry testId="1376b486-6965-439e-8c05-74000af544dd" executionId="9798db70-f0e2-4038-8900-aa78bdf94e91" testListId="8c84fa94-04c1-424b-9868-57a2d4851a1d" />
    <TestEntry testId="92c68964-9762-474b-bb93-e9e45a0caa8b" executionId="a0fa95bc-e5c6-4f71-a5ff-54a726e527b6" testListId="8c84fa94-04c1-424b-9868-57a2d4851a1d" />
    <TestEntry testId="aa76e032-e20c-4728-baa7-0a89d9129ecc" executionId="30163df2-2242-463f-863f-212ecfa1d148" testListId="8c84fa94-04c1-424b-9868-57a2d4851a1d" />
    <TestEntry testId="ffab8d3e-5a48-45ca-b04f-ce1e44890f4c" executionId="3b70b20a-2783-408f-83cd-8bd5eb009320" testListId="8c84fa94-04c1-424b-9868-57a2d4851a1d" />
    <TestEntry testId="bce5525b-f661-4d82-95f2-569c4cd1f0d0" executionId="22df7c3f-be4d-4752-82eb-ababb415161b" testListId="8c84fa94-04c1-424b-9868-57a2d4851a1d" />
    <TestEntry testId="8bbc0160-5fbb-4bfc-ae32-00c27b8a4a18" executionId="c6e0d757-a026-44d2-b052-e0ccdf076ee2" testListId="8c84fa94-04c1-424b-9868-57a2d4851a1d" />
    <TestEntry testId="93a3bbb3-7f63-4752-842b-d6382a299f11" executionId="fdaa19fd-bb92-4c46-834a-21886ab3d7fc" testListId="8c84fa94-04c1-424b-9868-57a2d4851a1d" />
    <TestEntry testId="d01b8047-2a23-4368-9088-c6c4ff3cfb89" executionId="d02c21fc-a39d-4c95-b971-d4469a575957" testListId="8c84fa94-04c1-424b-9868-57a2d4851a1d" />
    <TestEntry testId="2a0a795b-bcd4-45ce-9eff-3df4adc2fd4d" executionId="edc95877-2a65-4b1a-b9f1-86f7938e8138" testListId="8c84fa94-04c1-424b-9868-57a2d4851a1d" />
    <TestEntry testId="3a324fc0-7004-487d-a18c-109491472018" executionId="d9ce3cb0-d064-47a6-adb3-219aff6c4b07" testListId="8c84fa94-04c1-424b-9868-57a2d4851a1d" />
    <TestEntry testId="6c4483e4-163f-40b4-b71b-84cfbfbdef6d" executionId="35ff2678-0f1c-430c-a1b7-2a008ca4fbef" testListId="8c84fa94-04c1-424b-9868-57a2d4851a1d" />
    <TestEntry testId="22e99422-eda6-453b-8084-482c289b5cdf" executionId="46675d62-f03a-4432-84df-62c3b666e7ad" testListId="8c84fa94-04c1-424b-9868-57a2d4851a1d" />
    <TestEntry testId="e7803303-6e85-4a6f-9bcf-74a35d5eb744" executionId="2c14e5e5-8a65-4301-adb7-195c8a3a30bd" testListId="8c84fa94-04c1-424b-9868-57a2d4851a1d" />
    <TestEntry testId="f4df154c-7f85-45e9-b1f6-8df69bb093c1" executionId="42b44544-c235-4985-8de6-a0300c64d253" testListId="8c84fa94-04c1-424b-9868-57a2d4851a1d" />
    <TestEntry testId="1eb7cd87-696a-4c44-8f08-e2557ee72e7d" executionId="807a3f64-88f9-40c3-b463-59a94d0d2f48" testListId="8c84fa94-04c1-424b-9868-57a2d4851a1d" />
    <TestEntry testId="9673b0ac-3087-47c0-9675-2e375d1efa9a" executionId="3a749257-f4f0-4160-83c9-fb81eb645260" testListId="8c84fa94-04c1-424b-9868-57a2d4851a1d" />
    <TestEntry testId="5dff4cfb-ff10-4603-b9aa-62dde228d946" executionId="8c3b69a6-7ee5-4118-a11b-e74cd2fb8238" testListId="8c84fa94-04c1-424b-9868-57a2d4851a1d" />
    <TestEntry testId="ddd023cb-c64b-4448-93c6-eb67b63e5044" executionId="c6feeeb4-fb64-4e97-96c0-24b1f9c58f4c" testListId="8c84fa94-04c1-424b-9868-57a2d4851a1d" />
    <TestEntry testId="54bad574-8d10-4ac6-bc46-ad6cb6332759" executionId="9f948aef-84d1-46c4-88d8-d1e48c4b84ae" testListId="8c84fa94-04c1-424b-9868-57a2d4851a1d" />
    <TestEntry testId="4668c277-4b66-420a-8a19-69324823a168" executionId="dfb61fda-8a04-4122-acdd-a2e8477d9be0" testListId="8c84fa94-04c1-424b-9868-57a2d4851a1d" />
    <TestEntry testId="70941d9f-f236-4872-86bb-709a2744341f" executionId="b867c07f-49f5-44b1-a724-4eccc2bfb7c2" testListId="8c84fa94-04c1-424b-9868-57a2d4851a1d" />
    <TestEntry testId="4a32fdc4-32ee-445e-8627-7a7de5120cb5" executionId="4328e86b-0e58-4488-90bc-6c8d130b8051" testListId="8c84fa94-04c1-424b-9868-57a2d4851a1d" />
    <TestEntry testId="090f5323-e531-434d-850f-887e1dfb2b31" executionId="6ddacacb-1d95-4cdd-b96b-b438e0f31095" testListId="8c84fa94-04c1-424b-9868-57a2d4851a1d" />
    <TestEntry testId="d27ddbc8-f409-4fac-81af-84f56882e010" executionId="8ebe09d7-e16e-4384-baf4-104d7da0605f" testListId="8c84fa94-04c1-424b-9868-57a2d4851a1d" />
    <TestEntry testId="cf1e7e77-696c-410f-a4a0-ea22a2d989f3" executionId="4aed44ae-68d9-441f-86a0-e7ca822a0df2" testListId="8c84fa94-04c1-424b-9868-57a2d4851a1d" />
    <TestEntry testId="6b15c06d-4561-4d12-899c-371185acd727" executionId="a3417bdd-5480-4e23-bebd-acee28f52331" testListId="8c84fa94-04c1-424b-9868-57a2d4851a1d" />
    <TestEntry testId="4be139fa-b74e-449e-ab57-ea30500ec17e" executionId="f72a4d04-f026-4e8a-9c09-43d3cdff45cd" testListId="8c84fa94-04c1-424b-9868-57a2d4851a1d" />
    <TestEntry testId="9fd52d23-a6c5-470c-86d3-d7809502c13d" executionId="01e11885-1aed-4a2a-9bd3-34f1e53ae466" testListId="8c84fa94-04c1-424b-9868-57a2d4851a1d" />
    <TestEntry testId="4dbf5c13-a432-42e9-946f-ef904c0bfd7f" executionId="bac7e698-3b3a-49ec-9c83-07744ac39e36" testListId="8c84fa94-04c1-424b-9868-57a2d4851a1d" />
    <TestEntry testId="7b4cb302-215d-4806-94e9-537c80127ebb" executionId="fd8b9ecf-7f10-4c7e-9e2b-d0e3fdc16fc7" testListId="8c84fa94-04c1-424b-9868-57a2d4851a1d" />
    <TestEntry testId="9baf0ef6-85f7-4d5a-9a94-bc879dc40f57" executionId="2ecce456-95ed-4c53-ac57-783cd973ddc0" testListId="8c84fa94-04c1-424b-9868-57a2d4851a1d" />
    <TestEntry testId="056aaf43-3b36-4d9a-816a-77ec11c32d8d" executionId="e5d7efab-a4cf-465b-a012-2363ad436d70" testListId="8c84fa94-04c1-424b-9868-57a2d4851a1d" />
    <TestEntry testId="aeb27478-f068-4ac7-a593-2b79fa18e777" executionId="af74ea32-832e-4ce0-af8f-f1cfd2961a03" testListId="8c84fa94-04c1-424b-9868-57a2d4851a1d" />
    <TestEntry testId="8f3b0aa9-6ba6-477d-9908-fe446534200f" executionId="e0e47a64-d954-4016-9ae8-cf7402d811eb" testListId="8c84fa94-04c1-424b-9868-57a2d4851a1d" />
    <TestEntry testId="77997b53-b98a-4b50-8038-4ef8c0a98be1" executionId="d2f1066b-d35b-4ced-b791-49ddeb8042ea" testListId="8c84fa94-04c1-424b-9868-57a2d4851a1d" />
    <TestEntry testId="66f0718d-68db-4d42-8361-d212be3cdfe5" executionId="908d04d1-fbff-4c20-979e-e00f425e7f59" testListId="8c84fa94-04c1-424b-9868-57a2d4851a1d" />
    <TestEntry testId="a54bc53b-2c71-4052-9e48-9efd64045ca5" executionId="894b0677-c643-47a1-ba3d-47d8f543019e" testListId="8c84fa94-04c1-424b-9868-57a2d4851a1d" />
    <TestEntry testId="b844bcad-5dd5-483a-8ed7-f2e1161f29ee" executionId="e3d4ed1d-7246-4b4f-8ee6-9b3a7a8b2e8b" testListId="8c84fa94-04c1-424b-9868-57a2d4851a1d" />
    <TestEntry testId="d5aeda6c-6bd9-4601-a677-b048c75324e3" executionId="5b4dcf32-1941-48cd-ae3c-ad6603d1df95" testListId="8c84fa94-04c1-424b-9868-57a2d4851a1d" />
    <TestEntry testId="136473ef-a758-4f77-bd39-5d5a1aa1cc03" executionId="862bc726-0711-42a0-b502-b4652688e2af" testListId="8c84fa94-04c1-424b-9868-57a2d4851a1d" />
    <TestEntry testId="2a3567eb-20f1-4586-b98e-58170beec3a2" executionId="d30badea-39bc-4ac6-b5a9-69be6aaa81f3" testListId="8c84fa94-04c1-424b-9868-57a2d4851a1d" />
    <TestEntry testId="fbb87a46-f86a-433e-b164-6ff95ead61a2" executionId="58493fc4-32a5-4115-ab98-b40532fee6e2" testListId="8c84fa94-04c1-424b-9868-57a2d4851a1d" />
    <TestEntry testId="281a3834-7391-4862-ab68-6fcdf97ec163" executionId="62c0fbb0-7b32-4460-b161-df6d8166f116" testListId="8c84fa94-04c1-424b-9868-57a2d4851a1d" />
    <TestEntry testId="581fbdcb-397d-43c1-8c22-6d92a0b7f37b" executionId="e2b50170-7094-43fc-a101-26f10ea8cf13" testListId="8c84fa94-04c1-424b-9868-57a2d4851a1d" />
    <TestEntry testId="1f55c9be-ebe4-4ad3-a79e-eb8e3bc9f44b" executionId="1fa41b2d-9440-4abe-a0ad-e4ce0652c926" testListId="8c84fa94-04c1-424b-9868-57a2d4851a1d" />
    <TestEntry testId="4893804a-8b6b-48f1-9a77-6fadfdc9cb96" executionId="c1a84644-8cd9-4579-8c57-cd4d350f2010" testListId="8c84fa94-04c1-424b-9868-57a2d4851a1d" />
    <TestEntry testId="9e9ed0ea-96d3-4b5b-9622-34b0379e0586" executionId="283862d2-b267-4e1a-aac2-d57d8a5726c6" testListId="8c84fa94-04c1-424b-9868-57a2d4851a1d" />
    <TestEntry testId="133fad05-3d5d-465c-97c9-e8dcd0176072" executionId="8db15c63-3cc8-4c64-976b-0d6c2d164cd5" testListId="8c84fa94-04c1-424b-9868-57a2d4851a1d" />
    <TestEntry testId="53378d30-184a-40da-9b19-306e9e294b71" executionId="376a8b09-c00e-4205-abce-e3e1d84cea98" testListId="8c84fa94-04c1-424b-9868-57a2d4851a1d" />
    <TestEntry testId="e85f756a-d7fa-480a-9e21-a8961fd51a6b" executionId="5b517302-5b7b-47f5-8f1c-f4770dfc9806" testListId="8c84fa94-04c1-424b-9868-57a2d4851a1d" />
    <TestEntry testId="3ebceb11-eaf8-4b36-b77c-d973a6e7bcd8" executionId="0615d4dd-bed8-483a-9f62-5874da653472" testListId="8c84fa94-04c1-424b-9868-57a2d4851a1d" />
    <TestEntry testId="aae23822-cc16-422b-a78b-ff573e597f35" executionId="751c579f-83a6-4890-b812-fb9be682cd2a" testListId="8c84fa94-04c1-424b-9868-57a2d4851a1d" />
    <TestEntry testId="e8517808-bdb5-459f-a6a1-519ea4aa2002" executionId="8212e47f-4f91-4a7f-858e-09350b90d2b8" testListId="8c84fa94-04c1-424b-9868-57a2d4851a1d" />
    <TestEntry testId="fb95539b-23a4-4356-afe0-6cdeedc80a12" executionId="ebdb5faa-38f8-4f8b-93e8-8a39b410d314" testListId="8c84fa94-04c1-424b-9868-57a2d4851a1d" />
    <TestEntry testId="574b096a-a6b2-47c0-94d7-f7535beef092" executionId="4db31c13-17ee-4666-bd52-1d1439a3465d" testListId="8c84fa94-04c1-424b-9868-57a2d4851a1d" />
    <TestEntry testId="503e1170-68cf-4df9-8da9-50630e0fcf48" executionId="7c252c3a-2bb9-4ed7-8dc1-4bfecff8eb0f" testListId="8c84fa94-04c1-424b-9868-57a2d4851a1d" />
    <TestEntry testId="57d05132-18f6-4403-89b5-ea07a207fae1" executionId="7ece8605-4803-45aa-a620-464a4285682f" testListId="8c84fa94-04c1-424b-9868-57a2d4851a1d" />
    <TestEntry testId="5f6c2e0e-c5e2-47d0-a1ad-2b48988d1f04" executionId="74e845c9-1d35-42ca-b201-8edfbb2ecad8" testListId="8c84fa94-04c1-424b-9868-57a2d4851a1d" />
    <TestEntry testId="67f931e8-110e-404b-b38e-e60185d61d86" executionId="a0c083e1-bea1-4ea9-9413-4057a1f81de5" testListId="8c84fa94-04c1-424b-9868-57a2d4851a1d" />
    <TestEntry testId="c79db4c9-4149-46ba-be40-a922c49d3a0d" executionId="d7d57373-d096-4706-ac7e-386c804cabfc" testListId="8c84fa94-04c1-424b-9868-57a2d4851a1d" />
    <TestEntry testId="8c738506-b646-4370-b451-3d12dec9dfc1" executionId="42c4a71a-34a0-4a12-9dca-b42a86cc94f9" testListId="8c84fa94-04c1-424b-9868-57a2d4851a1d" />
    <TestEntry testId="6ef162b2-d84d-4bf8-ba3d-299fed9b6703" executionId="f6a7d045-5cdb-49bb-a2fd-d1161c8db5b0" testListId="8c84fa94-04c1-424b-9868-57a2d4851a1d" />
    <TestEntry testId="72b59846-7265-4ec3-ae26-26bb0c121dfe" executionId="e6120a69-bedc-4802-b38a-5e2ac7c93b1e" testListId="8c84fa94-04c1-424b-9868-57a2d4851a1d" />
    <TestEntry testId="851367da-7808-414f-8f0e-9482555891c1" executionId="b60ac561-eaf6-4fd5-bce7-60751fd28bdc" testListId="8c84fa94-04c1-424b-9868-57a2d4851a1d" />
    <TestEntry testId="9436b5ce-6a6e-42c4-b195-3c02b14ef23e" executionId="94cbe7b9-ab40-4a32-9730-b748c764a57e" testListId="8c84fa94-04c1-424b-9868-57a2d4851a1d" />
    <TestEntry testId="e2a1fe7b-e932-4d52-9f44-809debfdb5f3" executionId="b81a68b0-4c77-4d96-ac83-bf33b2b257df" testListId="8c84fa94-04c1-424b-9868-57a2d4851a1d" />
    <TestEntry testId="4cd0635d-4b13-4da2-81cc-21a274fc3890" executionId="b67c7fda-6618-40f9-9694-22dce52fd5e8" testListId="8c84fa94-04c1-424b-9868-57a2d4851a1d" />
    <TestEntry testId="0f7c1058-f69d-4c11-bc36-07fd67b5f4b6" executionId="f57faba6-dbf9-4671-b81e-c9ed8aada692" testListId="8c84fa94-04c1-424b-9868-57a2d4851a1d" />
    <TestEntry testId="5979bce2-09fd-4e1b-a934-5fd4a1fc0b32" executionId="1e0fa36e-e370-4adf-b080-c0e851c79117" testListId="8c84fa94-04c1-424b-9868-57a2d4851a1d" />
    <TestEntry testId="cb6470df-c389-41a9-bdf3-65e950a297c9" executionId="3c60c3b8-eac1-408d-8b0a-42820be9edd5" testListId="8c84fa94-04c1-424b-9868-57a2d4851a1d" />
    <TestEntry testId="a4622259-5a05-4495-afd6-a9bbb014ff07" executionId="f0e45e61-0e6c-4055-931d-70fd0c76c32a" testListId="8c84fa94-04c1-424b-9868-57a2d4851a1d" />
    <TestEntry testId="d78e56cb-a24a-4928-b1e4-315ba0ad402e" executionId="8b754f8e-8022-4226-853e-390380c5f998" testListId="8c84fa94-04c1-424b-9868-57a2d4851a1d" />
    <TestEntry testId="19f34f10-c7e6-4ca0-a547-9329d5558a9c" executionId="f91f4ee5-d4ae-4de0-bccc-1be957bbb352" testListId="8c84fa94-04c1-424b-9868-57a2d4851a1d" />
    <TestEntry testId="c914159a-e7b3-472b-8a44-754ff0c5590a" executionId="fc6bf28c-8cdb-4e37-8224-213a63cd7c69" testListId="8c84fa94-04c1-424b-9868-57a2d4851a1d" />
    <TestEntry testId="7eef494f-bbd8-48a2-8bb5-fdcb299240c6" executionId="321682bc-0de5-42c2-a841-33741e472b72" testListId="8c84fa94-04c1-424b-9868-57a2d4851a1d" />
    <TestEntry testId="6e9e7d7b-9a42-480c-ab64-7ff0b0ac91ef" executionId="0516a6f5-daa0-4ce1-8e13-c337fa86aec2" testListId="8c84fa94-04c1-424b-9868-57a2d4851a1d" />
    <TestEntry testId="b4a17f39-e01b-4214-87a1-b2fbba149095" executionId="2fe7144d-577e-4a39-80e9-0251a2a9ae97" testListId="8c84fa94-04c1-424b-9868-57a2d4851a1d" />
    <TestEntry testId="9565db60-c433-4d45-9a24-5e2a8d505003" executionId="8dede749-9b93-4af8-ba0b-490791ae672b" testListId="8c84fa94-04c1-424b-9868-57a2d4851a1d" />
    <TestEntry testId="c851ceaa-297f-418f-bcee-bd5a8b582a56" executionId="40e3bf10-17d3-4d1f-bab9-b38cc9529fb8" testListId="8c84fa94-04c1-424b-9868-57a2d4851a1d" />
    <TestEntry testId="34e4c8b1-45a7-4aaf-99b2-9503d3dc6fab" executionId="3615078c-7ebe-4f2b-9611-8d4081861182" testListId="8c84fa94-04c1-424b-9868-57a2d4851a1d" />
    <TestEntry testId="62ae9c22-02a0-48b0-b6e2-f81be7210a45" executionId="d25c0a45-6be7-4d18-8322-5239fa7ab4e8" testListId="8c84fa94-04c1-424b-9868-57a2d4851a1d" />
    <TestEntry testId="70543b62-4b44-46ee-8bb1-6516bdc63527" executionId="a4d15733-6db7-4b40-81b8-1ca64f57615a" testListId="8c84fa94-04c1-424b-9868-57a2d4851a1d" />
    <TestEntry testId="ad2ac1ee-74e0-4488-a4bc-2b93e936912b" executionId="8cae0166-565e-416e-b82b-205089495cc6" testListId="8c84fa94-04c1-424b-9868-57a2d4851a1d" />
    <TestEntry testId="6b09216a-3354-4178-90c2-ceaf5180a1b8" executionId="722ef2c6-ffcf-49c2-a3d2-df779c066341" testListId="8c84fa94-04c1-424b-9868-57a2d4851a1d" />
    <TestEntry testId="8ece9772-28fc-4121-924d-88203d76c1c5" executionId="e1dcfd10-ed3b-4661-af52-98ba31280ec5" testListId="8c84fa94-04c1-424b-9868-57a2d4851a1d" />
    <TestEntry testId="a1c57a9b-b157-42b6-b604-a1d01a9814f2" executionId="00cca321-8a4b-4421-9592-f16db0f90d2b" testListId="8c84fa94-04c1-424b-9868-57a2d4851a1d" />
    <TestEntry testId="d3b0643e-74cb-44a4-89fc-79c7050b1e3a" executionId="00759ac8-8fcc-4828-aa75-0bc72108f21d" testListId="8c84fa94-04c1-424b-9868-57a2d4851a1d" />
    <TestEntry testId="6d0447de-e282-45c0-b6d2-904644a93f1e" executionId="81e4b09d-6751-411c-b895-75df2cec88c5" testListId="8c84fa94-04c1-424b-9868-57a2d4851a1d" />
    <TestEntry testId="435e474b-f0e6-4abb-9ce5-56ab69036fd7" executionId="1c38b1d2-b8a3-4798-9fcb-b7c97f99c475" testListId="8c84fa94-04c1-424b-9868-57a2d4851a1d" />
    <TestEntry testId="02d9b266-4ab2-4f3f-b444-9519be590e02" executionId="250e6ec2-23df-4121-a8e8-0a314bb9dccb" testListId="8c84fa94-04c1-424b-9868-57a2d4851a1d" />
    <TestEntry testId="42543cc5-a8b6-473f-b517-6d8334284b44" executionId="b084fa3c-c9e9-49e4-998a-9f43f17d5c4f" testListId="8c84fa94-04c1-424b-9868-57a2d4851a1d" />
    <TestEntry testId="36e4c4d2-ac00-481a-a2c1-f550e31e53a6" executionId="3ce35aaa-1fd8-4421-9e4e-190dba684e5f" testListId="8c84fa94-04c1-424b-9868-57a2d4851a1d" />
    <TestEntry testId="09263156-cda3-4d08-bd1b-f542d129253a" executionId="42fc32c4-8e56-4038-b7ca-c37c8e5f96e7" testListId="8c84fa94-04c1-424b-9868-57a2d4851a1d" />
    <TestEntry testId="01354d2a-d3f6-49b4-ac2f-b94dfa41a21e" executionId="7ae23aa4-e1d7-4ddd-89c2-63d12e431d44" testListId="8c84fa94-04c1-424b-9868-57a2d4851a1d" />
    <TestEntry testId="773d6747-c531-4093-a198-fe5ebc397cf9" executionId="27d637b7-7ec0-4ea1-930e-296d4a407c4e" testListId="8c84fa94-04c1-424b-9868-57a2d4851a1d" />
    <TestEntry testId="651f0ecc-f6df-45a7-a9b7-2fccc1abec02" executionId="70432a66-72ee-4123-b3de-ff8b1b3edd49" testListId="8c84fa94-04c1-424b-9868-57a2d4851a1d" />
    <TestEntry testId="65b27952-e5f9-463e-a12e-42dfef8db62e" executionId="72e14df9-3243-4979-9b2c-3ccb07cc925e" testListId="8c84fa94-04c1-424b-9868-57a2d4851a1d" />
    <TestEntry testId="391959f6-18fe-446d-91af-6e6a3474a52f" executionId="6b91419a-c7c5-4df2-b285-faf9c9a4822c" testListId="8c84fa94-04c1-424b-9868-57a2d4851a1d" />
    <TestEntry testId="2b6e7054-0eb1-4ed0-a7fd-3effb35cb1da" executionId="20e6da65-fba5-4f91-9e48-eaeca744adfa" testListId="8c84fa94-04c1-424b-9868-57a2d4851a1d" />
    <TestEntry testId="2bca754e-302d-4249-a790-40b7f5feffc3" executionId="75fbcde3-a132-4ff2-a197-a56fec92abce" testListId="8c84fa94-04c1-424b-9868-57a2d4851a1d" />
    <TestEntry testId="bb44b19e-b4c4-46e2-8f20-a0cf1d65b408" executionId="ff21d8ec-c469-44d5-a0cc-015c33773727" testListId="8c84fa94-04c1-424b-9868-57a2d4851a1d" />
    <TestEntry testId="4d7088c1-4fa4-429c-9f59-12401be50e22" executionId="16595175-3f4c-4604-9fb7-958b698c639a" testListId="8c84fa94-04c1-424b-9868-57a2d4851a1d" />
    <TestEntry testId="30fa409b-17df-414c-97ea-6f67fb04bf16" executionId="794a61a1-07aa-4a24-860e-d31cb83ce788" testListId="8c84fa94-04c1-424b-9868-57a2d4851a1d" />
    <TestEntry testId="4e19bd02-c0a1-4903-871a-477b0f33417e" executionId="5a72387c-9f6c-42bf-aeee-c66ccac70ad2" testListId="8c84fa94-04c1-424b-9868-57a2d4851a1d" />
    <TestEntry testId="36fe5855-98c5-44f8-99fb-73128d436e85" executionId="18f58ea7-f1b5-49e8-b025-72e5f6898a18" testListId="8c84fa94-04c1-424b-9868-57a2d4851a1d" />
    <TestEntry testId="9ff177b9-dc42-41bc-a4b1-6a48daa5d6ba" executionId="206188f3-f6b0-43d8-8788-5aadb1a21832" testListId="8c84fa94-04c1-424b-9868-57a2d4851a1d" />
    <TestEntry testId="c4d11b95-c12a-4c4e-bed2-dfb697ec593c" executionId="3ecf45af-3e47-4f98-bd01-522155ffa9a7" testListId="8c84fa94-04c1-424b-9868-57a2d4851a1d" />
    <TestEntry testId="2f429ead-85b6-4e9a-b69c-66df1a19175f" executionId="17f17265-7498-44ae-8658-083aa1cc94f7" testListId="8c84fa94-04c1-424b-9868-57a2d4851a1d" />
    <TestEntry testId="dc12201f-e3ec-46f8-8439-48af5aa5afe4" executionId="2a0a6b5a-cdec-4d4e-af34-210ac39f56c3" testListId="8c84fa94-04c1-424b-9868-57a2d4851a1d" />
    <TestEntry testId="a543bce0-888f-433d-befa-5cb7214e87a3" executionId="e667b7db-2726-4f59-b2c7-f06af5ba4917" testListId="8c84fa94-04c1-424b-9868-57a2d4851a1d" />
    <TestEntry testId="bfdf4176-a19f-4499-ad87-398f585239e5" executionId="764f8b5e-d1cb-42c6-b75b-d2351e15233d" testListId="8c84fa94-04c1-424b-9868-57a2d4851a1d" />
    <TestEntry testId="84ad467a-d536-4abe-9275-782f30185569" executionId="131ea6b7-46c5-4882-9af4-e1a33ae5b20b" testListId="8c84fa94-04c1-424b-9868-57a2d4851a1d" />
    <TestEntry testId="c7c99b87-415f-409d-8266-6125c616e9d1" executionId="b2707eef-460b-43fa-b2b2-74aa566f0cf3" testListId="8c84fa94-04c1-424b-9868-57a2d4851a1d" />
    <TestEntry testId="8c7867d6-9f81-43ef-be56-48fd08812a38" executionId="ab9dfd5a-ae99-404e-8572-c4123000df88" testListId="8c84fa94-04c1-424b-9868-57a2d4851a1d" />
    <TestEntry testId="a97b7f5b-ea19-4543-bdcf-9a2df086fadf" executionId="9a516b61-7b0f-4c6d-85e7-06f5c81cadbf" testListId="8c84fa94-04c1-424b-9868-57a2d4851a1d" />
    <TestEntry testId="cf3d32b0-9b6d-4c34-8bec-cf12209ea97d" executionId="1e630770-486e-49cb-af97-cdfd0b44939a" testListId="8c84fa94-04c1-424b-9868-57a2d4851a1d" />
    <TestEntry testId="a87efaa6-ac82-4264-9d42-af07d0f4d885" executionId="aad887d7-25bf-4ef7-b5c7-7c41b1523503" testListId="8c84fa94-04c1-424b-9868-57a2d4851a1d" />
    <TestEntry testId="d6210b7e-5409-4918-ae17-304b0c18ba2f" executionId="80533a44-592b-481f-94b4-cda24ae64570" testListId="8c84fa94-04c1-424b-9868-57a2d4851a1d" />
    <TestEntry testId="0aa0817d-39c8-4ace-bff7-9a9acb98e0b2" executionId="79285937-3eb8-4efd-b95e-5f90ac445206" testListId="8c84fa94-04c1-424b-9868-57a2d4851a1d" />
    <TestEntry testId="cdb53d64-9b27-4414-bbc5-325642cdf6f5" executionId="a3679249-120f-4089-b00c-e2459ea0e6cf" testListId="8c84fa94-04c1-424b-9868-57a2d4851a1d" />
    <TestEntry testId="19489fb1-9c4e-47e7-8470-e0098f1944d2" executionId="2353c59e-4982-4afb-9641-851aee0b1e7a" testListId="8c84fa94-04c1-424b-9868-57a2d4851a1d" />
    <TestEntry testId="66c700ba-1c31-40b3-8717-8c354dac7f96" executionId="0a3912e5-3002-4be6-a490-50cc69514d38" testListId="8c84fa94-04c1-424b-9868-57a2d4851a1d" />
    <TestEntry testId="d59956f2-42d1-402a-8ac4-9b563ffe4578" executionId="37988282-6322-489b-932c-d0ab189bed8f" testListId="8c84fa94-04c1-424b-9868-57a2d4851a1d" />
    <TestEntry testId="4dd469b3-cf66-4b62-971f-01fba14ec28e" executionId="14e5e8e0-d943-4b6d-8733-8a6a36b0c29c" testListId="8c84fa94-04c1-424b-9868-57a2d4851a1d" />
    <TestEntry testId="76042929-ea55-4277-ba26-7a852f67fcfd" executionId="c51cd1dc-a170-4b82-99a0-73fdd1b91e83" testListId="8c84fa94-04c1-424b-9868-57a2d4851a1d" />
    <TestEntry testId="ce91ad0f-8da8-43d2-9efb-86d694254196" executionId="eba2ab26-3c2d-48bc-88d9-e78d05c479ec" testListId="8c84fa94-04c1-424b-9868-57a2d4851a1d" />
    <TestEntry testId="8d4c7293-5766-43bd-8f96-a5f4520d9a54" executionId="c18ab95b-49d0-4863-b0cc-3c9e534f3c11" testListId="8c84fa94-04c1-424b-9868-57a2d4851a1d" />
    <TestEntry testId="59b8c0c5-bb3b-49f3-b597-197749047b54" executionId="0577ba88-279a-4f30-bef4-73e81bbc53da" testListId="8c84fa94-04c1-424b-9868-57a2d4851a1d" />
    <TestEntry testId="54dd68fc-2de5-4718-835d-8a26c1535b45" executionId="61959997-2770-480b-a6ae-8e12b1af4f10" testListId="8c84fa94-04c1-424b-9868-57a2d4851a1d" />
    <TestEntry testId="82b7ac6b-2aca-4c14-bdc4-cbb547f6ba9c" executionId="2c13509f-4e49-4554-8990-c102d214b955" testListId="8c84fa94-04c1-424b-9868-57a2d4851a1d" />
    <TestEntry testId="23a3f12d-de3c-49bb-8691-0a4519e48109" executionId="bb8a7962-0c1a-45ac-a59d-f7b1cd03c602" testListId="8c84fa94-04c1-424b-9868-57a2d4851a1d" />
    <TestEntry testId="f6e3f586-4536-48b4-98d2-a15029feef9b" executionId="a111ded7-6e86-43ae-a94c-8860c1bcfb74" testListId="8c84fa94-04c1-424b-9868-57a2d4851a1d" />
    <TestEntry testId="b16ef4c0-34a6-4ec5-821b-97125a2e0faa" executionId="c977b108-bae2-4a0c-9689-3759e0f26628" testListId="8c84fa94-04c1-424b-9868-57a2d4851a1d" />
    <TestEntry testId="f084a8fe-4b98-4597-96e6-58b855628f43" executionId="dde27da9-1909-442b-9311-06668961993f" testListId="8c84fa94-04c1-424b-9868-57a2d4851a1d" />
    <TestEntry testId="f9aad84b-0618-482e-8ec6-32c9bdbf5e7c" executionId="34cfaf80-810c-40b3-96ec-7e757daadb81" testListId="8c84fa94-04c1-424b-9868-57a2d4851a1d" />
    <TestEntry testId="e0308d13-4baf-4cc0-a273-5a6df3ceb40a" executionId="88a5668b-4fe6-45a5-84f2-d3bb811b9bb0" testListId="8c84fa94-04c1-424b-9868-57a2d4851a1d" />
    <TestEntry testId="aae72449-5804-49fa-b6db-25cba238cf94" executionId="dd2d2439-98b3-4b26-97f0-eb5ec55ef634" testListId="8c84fa94-04c1-424b-9868-57a2d4851a1d" />
    <TestEntry testId="d9bfe541-82e1-4bf3-bca4-ac1bdcc8a655" executionId="6da6e345-56dc-4b76-ab2e-4d351a03bf6a" testListId="8c84fa94-04c1-424b-9868-57a2d4851a1d" />
    <TestEntry testId="6741a883-645c-477b-a959-9a1032819f3b" executionId="1c00c011-d8a2-4b6a-adde-eee4fa2daded" testListId="8c84fa94-04c1-424b-9868-57a2d4851a1d" />
    <TestEntry testId="76ba81aa-fda2-40c2-8420-4eca1435e97f" executionId="f320ba4b-b490-4fc3-bc31-e4fc6b412709" testListId="8c84fa94-04c1-424b-9868-57a2d4851a1d" />
    <TestEntry testId="b87b7ca5-0f4d-43c7-a621-1d8907d75259" executionId="cf7be3a1-8334-4d88-928f-d1c3f2578c61" testListId="8c84fa94-04c1-424b-9868-57a2d4851a1d" />
    <TestEntry testId="4005cab8-61bd-44e0-92ae-a1514311f0f8" executionId="7aa6e6ee-039d-4b32-ad38-ec8c31fd67c0" testListId="8c84fa94-04c1-424b-9868-57a2d4851a1d" />
    <TestEntry testId="4891b6fc-d80b-4f56-8676-2ec1367aba35" executionId="97747920-247c-47a3-b566-2784c51bf826" testListId="8c84fa94-04c1-424b-9868-57a2d4851a1d" />
    <TestEntry testId="3b47fa33-5125-4c77-adf7-f39c2736e4d5" executionId="34600760-4cca-4d26-b60d-f6074ca136a9" testListId="8c84fa94-04c1-424b-9868-57a2d4851a1d" />
    <TestEntry testId="d5c1eb50-f21f-48c9-b2ce-ac7fb21be54a" executionId="99ebb9f1-40c5-4e1f-8034-6788f6a0fe24" testListId="8c84fa94-04c1-424b-9868-57a2d4851a1d" />
    <TestEntry testId="970105f7-cd6e-47d8-b9f5-f05fc416d1d1" executionId="876263eb-7136-4dc9-8d4c-3c0bd2923918" testListId="8c84fa94-04c1-424b-9868-57a2d4851a1d" />
    <TestEntry testId="d1eb8ac4-b2cc-4498-9489-8139dfafbf0b" executionId="5d399a2e-2ca4-46ea-bfb8-8ddfd7f030bd" testListId="8c84fa94-04c1-424b-9868-57a2d4851a1d" />
    <TestEntry testId="9a0432e6-ef34-48e7-a373-ec4a700b44bf" executionId="2bfa2152-ab57-4125-ab87-3ea39dec58bc" testListId="8c84fa94-04c1-424b-9868-57a2d4851a1d" />
    <TestEntry testId="eda06243-5297-4721-8bbb-582cc0fd2eee" executionId="15ae0bb4-c750-42dd-9fbe-03089fecd841" testListId="8c84fa94-04c1-424b-9868-57a2d4851a1d" />
    <TestEntry testId="9e1c7612-dbe5-4ebd-811e-1d20c5a09d44" executionId="ee287928-3acc-413e-85cb-f19e3b4ed866" testListId="8c84fa94-04c1-424b-9868-57a2d4851a1d" />
    <TestEntry testId="86aa7ec9-d57c-4f47-a5b8-d0495b2c782e" executionId="df493d1c-212d-4c2e-9fef-78748196e9bd" testListId="8c84fa94-04c1-424b-9868-57a2d4851a1d" />
    <TestEntry testId="af6e0302-03f4-4c7a-89d3-e4c9031d0798" executionId="604fb3c2-5800-4bfb-be69-cef9f9bfa7fa" testListId="8c84fa94-04c1-424b-9868-57a2d4851a1d" />
    <TestEntry testId="1799135d-7ac5-4c04-8a46-a6df3baf470d" executionId="e58e0448-3c97-44e8-bae7-5d3fb50d5bc3" testListId="8c84fa94-04c1-424b-9868-57a2d4851a1d" />
    <TestEntry testId="2ffe4383-a2c4-418f-80d6-30054e0e3a51" executionId="86890c96-1260-4661-b251-65961fb453ab" testListId="8c84fa94-04c1-424b-9868-57a2d4851a1d" />
    <TestEntry testId="c775a895-18aa-4d1b-b0c6-de202b5c9b17" executionId="3de69bf9-761c-4c5f-9610-63fa56ad7520" testListId="8c84fa94-04c1-424b-9868-57a2d4851a1d" />
    <TestEntry testId="39ce2db5-eb2d-48e2-a49e-0b9698ca2076" executionId="10a9ef62-6760-4e71-af08-fcdaac675e3e" testListId="8c84fa94-04c1-424b-9868-57a2d4851a1d" />
    <TestEntry testId="1009ceb0-b25d-4e97-8dd5-e5eeb02b4e3e" executionId="61bfa3de-3bb1-46ae-8504-d99e3299a7ea" testListId="8c84fa94-04c1-424b-9868-57a2d4851a1d" />
    <TestEntry testId="f9738270-fe26-47ad-9a14-d622272a9553" executionId="7095a51e-99b5-42e8-bf44-fec258884b97" testListId="8c84fa94-04c1-424b-9868-57a2d4851a1d" />
    <TestEntry testId="18aa6010-7f72-4674-b91f-871d454e530f" executionId="d6fb86e0-06f0-493f-9ed2-4fe70d8e703b" testListId="8c84fa94-04c1-424b-9868-57a2d4851a1d" />
    <TestEntry testId="9f1ee892-49c9-4d96-adbf-4fb21db3facd" executionId="53bed389-73d1-45c4-b51b-e86e32c5b00a" testListId="8c84fa94-04c1-424b-9868-57a2d4851a1d" />
    <TestEntry testId="3fb966a2-252f-41d7-bc01-7795b1aa21dd" executionId="eabc4983-68ed-43d2-b09b-21c54d506bfd" testListId="8c84fa94-04c1-424b-9868-57a2d4851a1d" />
    <TestEntry testId="f809dbd4-00fd-456f-8007-d0d27eb2a987" executionId="b5a39eae-c7d1-4359-987b-532c9f2706a1" testListId="8c84fa94-04c1-424b-9868-57a2d4851a1d" />
    <TestEntry testId="d9dd9561-a8bd-48dd-a155-79650722458d" executionId="d2f047fc-f96d-4cdf-af01-e545a5860284" testListId="8c84fa94-04c1-424b-9868-57a2d4851a1d" />
    <TestEntry testId="92b567ca-c670-4ef3-82f6-6b66daf08e43" executionId="357a9ca4-62b9-4bfd-9f4c-708f9ffe54e2" testListId="8c84fa94-04c1-424b-9868-57a2d4851a1d" />
    <TestEntry testId="87ce9afe-da92-4ab1-b266-e97108946ac3" executionId="23ffdcbc-fb2d-457b-9c62-97eae8669fd4" testListId="8c84fa94-04c1-424b-9868-57a2d4851a1d" />
    <TestEntry testId="d5472d8d-7eeb-4419-9496-d3d168e9ff71" executionId="ecc02c77-fd68-47a7-8962-8251c86afd7b" testListId="8c84fa94-04c1-424b-9868-57a2d4851a1d" />
    <TestEntry testId="7517f872-f4e8-4f4a-a73e-67343bf66149" executionId="042c91b0-921b-40e8-a3f3-5fff3612995a" testListId="8c84fa94-04c1-424b-9868-57a2d4851a1d" />
    <TestEntry testId="be74043c-e259-4a4e-ae30-e04ffa55838a" executionId="75943f3f-09c6-4fcb-be1f-6757ad99b75c" testListId="8c84fa94-04c1-424b-9868-57a2d4851a1d" />
    <TestEntry testId="f3835c37-cab9-4820-a381-74e64c8e0f65" executionId="b3be28a2-07b3-4a14-8b00-a59d2c54c185" testListId="8c84fa94-04c1-424b-9868-57a2d4851a1d" />
    <TestEntry testId="e5d0ef5a-4cfc-47b6-833f-54d414d20d2a" executionId="b365afe4-6250-4a5e-960b-44d0af94e240" testListId="8c84fa94-04c1-424b-9868-57a2d4851a1d" />
    <TestEntry testId="54fb00cd-8615-4645-b420-2a77193cef0a" executionId="8261bfb4-3018-4e15-b694-555135bbb90b" testListId="8c84fa94-04c1-424b-9868-57a2d4851a1d" />
    <TestEntry testId="535cf483-03c6-4b96-a823-7e1880290d8b" executionId="026e3a84-43c7-4447-97e7-dd0fb8750d51" testListId="8c84fa94-04c1-424b-9868-57a2d4851a1d" />
    <TestEntry testId="22d096cc-7af7-40c3-a120-f63f2b83f7b7" executionId="d8668846-1c2e-46a9-8a4e-0ae83c55f1d1" testListId="8c84fa94-04c1-424b-9868-57a2d4851a1d" />
    <TestEntry testId="5ffd8839-e823-4dbd-9fd8-645b0f24f231" executionId="731f9c9b-644c-411e-9682-42dadc0b47e3" testListId="8c84fa94-04c1-424b-9868-57a2d4851a1d" />
    <TestEntry testId="9998ad3d-3be5-4362-ac3c-8745ff570987" executionId="6dc2d08b-bd31-4402-b63d-23c57be107f3" testListId="8c84fa94-04c1-424b-9868-57a2d4851a1d" />
    <TestEntry testId="40a5a732-4bbf-4526-b011-e1e1df478c63" executionId="2c71e921-818d-43c7-bfbc-fdef9b1762e2" testListId="8c84fa94-04c1-424b-9868-57a2d4851a1d" />
    <TestEntry testId="6c38c55e-c506-4db1-9517-6e7e422cfc44" executionId="e5e519a2-ba75-4ace-bd63-5bdd8dabe648" testListId="8c84fa94-04c1-424b-9868-57a2d4851a1d" />
    <TestEntry testId="886c63e4-8337-4e99-93ec-3274d10f6b01" executionId="7bd0c577-ebbc-4f43-b0cc-8634e9bc0287" testListId="8c84fa94-04c1-424b-9868-57a2d4851a1d" />
    <TestEntry testId="1aaec9cb-a4f5-47cb-8a76-d964637a74c9" executionId="6a714689-fdce-4fac-9110-3772dffd8183" testListId="8c84fa94-04c1-424b-9868-57a2d4851a1d" />
    <TestEntry testId="0d196169-47d1-4520-9902-8efe5fd26092" executionId="4fae6b3a-cf60-4100-a879-fc64c87a2de5" testListId="8c84fa94-04c1-424b-9868-57a2d4851a1d" />
    <TestEntry testId="3bd04c1d-a808-41fd-b38d-291f2d612cb5" executionId="c7c541f9-79c0-4f32-b40d-e3790fb2cb79" testListId="8c84fa94-04c1-424b-9868-57a2d4851a1d" />
    <TestEntry testId="bf620f38-c620-4c45-bb13-6fb6c3c77e6d" executionId="fb579070-6b4a-43a3-9b4c-1c1b41402e08" testListId="8c84fa94-04c1-424b-9868-57a2d4851a1d" />
    <TestEntry testId="3888aa4a-ae43-43b2-bb30-d545f4c9cbaf" executionId="f843e35c-17e6-4b0b-a71a-c92ea4355458" testListId="8c84fa94-04c1-424b-9868-57a2d4851a1d" />
    <TestEntry testId="cfeee072-3c36-4bb3-9435-97dfb1e9720c" executionId="54647390-b4a5-4edf-aa07-efeeda3f56da" testListId="8c84fa94-04c1-424b-9868-57a2d4851a1d" />
    <TestEntry testId="226ec21b-1719-47a1-980e-f14dfef58e01" executionId="1e00508e-b8a3-4ef6-993d-ed62f4613ec7" testListId="8c84fa94-04c1-424b-9868-57a2d4851a1d" />
    <TestEntry testId="c2c07641-126f-49a8-b2f0-d7a42fca902e" executionId="9fff08db-9f3a-4e7c-8b29-58a4bb1119c4" testListId="8c84fa94-04c1-424b-9868-57a2d4851a1d" />
    <TestEntry testId="a4f68dfe-368d-4e8c-b0ad-65427d04a87f" executionId="fabb6640-c952-46ee-8c00-91baaa02f447" testListId="8c84fa94-04c1-424b-9868-57a2d4851a1d" />
    <TestEntry testId="f170bdd6-ca48-4d45-b260-7cc2becff579" executionId="cd8cb24d-9ec3-4cb2-9975-80dca4870d32" testListId="8c84fa94-04c1-424b-9868-57a2d4851a1d" />
    <TestEntry testId="ca16c766-23d8-4a80-8553-c47f6abe4482" executionId="bf7aa5f5-3be4-47dc-83fd-6ec4138586e7" testListId="8c84fa94-04c1-424b-9868-57a2d4851a1d" />
    <TestEntry testId="6043de53-7294-4659-9d1c-b159403b72ba" executionId="55f45160-ea64-4dfb-8224-0b3d83f18922" testListId="8c84fa94-04c1-424b-9868-57a2d4851a1d" />
    <TestEntry testId="351bad00-5138-4ed4-8935-9978b51d4f82" executionId="3fb999ff-ba96-45de-9048-7593ced0dbcc" testListId="8c84fa94-04c1-424b-9868-57a2d4851a1d" />
    <TestEntry testId="6f9d8089-42e9-4776-9630-cfe0e45d9733" executionId="9d0ba1f3-3e84-45a5-ab6c-1793acf40990" testListId="8c84fa94-04c1-424b-9868-57a2d4851a1d" />
    <TestEntry testId="29aa8f70-fdd4-4b72-9c8d-7e97457b99a6" executionId="b80f7293-76e0-4406-88dc-ec6c6905dd9f" testListId="8c84fa94-04c1-424b-9868-57a2d4851a1d" />
    <TestEntry testId="b359a48d-515c-4d05-a3c3-4885cb605931" executionId="f6f3f7ce-4a2b-4b64-9906-852a1dccbb2f" testListId="8c84fa94-04c1-424b-9868-57a2d4851a1d" />
    <TestEntry testId="36e03fcd-a82b-4ac3-b163-787bfa423f4e" executionId="421cec7d-77a8-406f-9855-ccb753a36f41" testListId="8c84fa94-04c1-424b-9868-57a2d4851a1d" />
    <TestEntry testId="744c6675-503c-4d35-862a-aaeee05ca16e" executionId="fdc64bf7-bb99-43c2-9735-e8bb27441e96" testListId="8c84fa94-04c1-424b-9868-57a2d4851a1d" />
    <TestEntry testId="442b613c-56a3-47f4-b0e1-479eea14e851" executionId="c83fb44d-7a8c-4e1c-8bcc-19a4f33d5fb9" testListId="8c84fa94-04c1-424b-9868-57a2d4851a1d" />
    <TestEntry testId="04fbba8e-58c1-42f4-97ba-32a35e626c4b" executionId="aba45a16-c0ec-43f9-b846-3e465fbfed80" testListId="8c84fa94-04c1-424b-9868-57a2d4851a1d" />
    <TestEntry testId="ac3a3166-b346-4c64-99af-86e583de09a7" executionId="aebb9260-436c-4072-83ca-1dfcfd0fb32a" testListId="8c84fa94-04c1-424b-9868-57a2d4851a1d" />
    <TestEntry testId="895768ee-6402-42cd-ab9a-c19fcaca49a7" executionId="847afa52-968a-4160-9cbf-58c33ef1c022" testListId="8c84fa94-04c1-424b-9868-57a2d4851a1d" />
    <TestEntry testId="618fdac2-a749-4fbb-ab07-ada0ff8fa470" executionId="12ad78c6-7bce-4612-8ae0-2fb3060bd567" testListId="8c84fa94-04c1-424b-9868-57a2d4851a1d" />
    <TestEntry testId="77b4a77b-113e-41ac-90eb-895fb5689217" executionId="609de50d-223d-4836-bd14-26abc7a13e20" testListId="8c84fa94-04c1-424b-9868-57a2d4851a1d" />
    <TestEntry testId="7561ba0b-d00e-428e-89fb-8820a94af456" executionId="181b91a8-8258-44c5-8c4f-3f3440424fc0" testListId="8c84fa94-04c1-424b-9868-57a2d4851a1d" />
    <TestEntry testId="f877c7ba-4610-498d-b4d5-c882389a9883" executionId="dd3e14d8-cb71-4206-a3a9-35a5b0159a21" testListId="8c84fa94-04c1-424b-9868-57a2d4851a1d" />
    <TestEntry testId="b44fc142-dcdc-41eb-a7b7-9b2bff79b9c2" executionId="6c790805-1be8-45b5-9adc-36054f7f56c2" testListId="8c84fa94-04c1-424b-9868-57a2d4851a1d" />
    <TestEntry testId="da48d45f-81bb-44cd-a589-bd51a8021d47" executionId="2631366b-1e8c-4b3f-a6d4-7cdd16343655" testListId="8c84fa94-04c1-424b-9868-57a2d4851a1d" />
    <TestEntry testId="b588eabf-13c7-4768-8bf5-ed26679145bf" executionId="ac1ad7fb-e789-420e-8baa-3e8688c27342" testListId="8c84fa94-04c1-424b-9868-57a2d4851a1d" />
    <TestEntry testId="174ecd1c-95f9-4bf0-a544-381cf19f97f9" executionId="816c6d00-1ff7-47e1-8ffd-b917c5bffc09" testListId="8c84fa94-04c1-424b-9868-57a2d4851a1d" />
    <TestEntry testId="a8cbdf71-0be6-4ce6-b88a-2df74fa92241" executionId="4e0aaebe-434c-41a1-84aa-82d374e9bb1f" testListId="8c84fa94-04c1-424b-9868-57a2d4851a1d" />
    <TestEntry testId="0fbf1286-50dc-468d-99a9-e3fe085bd3a6" executionId="d39a38df-bd54-4684-b05c-aa4f317fed25" testListId="8c84fa94-04c1-424b-9868-57a2d4851a1d" />
    <TestEntry testId="3cabda13-c1b9-491f-8a13-d8c6de0b79b3" executionId="311e6ca9-7b8c-4b06-8754-b6d13abcb71a" testListId="8c84fa94-04c1-424b-9868-57a2d4851a1d" />
    <TestEntry testId="cf2b4e9a-be18-446b-86af-b32d2ab31957" executionId="525af72e-e11b-4cc3-bf32-b9beb17f1ce6" testListId="8c84fa94-04c1-424b-9868-57a2d4851a1d" />
    <TestEntry testId="08b50ae4-9c6c-4181-85f2-b4cc6f8313f7" executionId="dceea240-3450-4a0b-854f-935039884c0b" testListId="8c84fa94-04c1-424b-9868-57a2d4851a1d" />
    <TestEntry testId="d80529ed-acfc-4e28-a9f9-3e2e1c7350de" executionId="09d0fef5-13ab-4a78-a9c7-e8d8b18aeba4" testListId="8c84fa94-04c1-424b-9868-57a2d4851a1d" />
    <TestEntry testId="25052fb3-26f9-4788-8e9e-78a25bd5d912" executionId="dace1b04-53bd-4366-be41-edd032ac76c1" testListId="8c84fa94-04c1-424b-9868-57a2d4851a1d" />
    <TestEntry testId="7b6ae051-64df-49e3-8b8e-a5bceda3a26f" executionId="eda89756-85ed-4a63-ba4c-d7ce96115d2b" testListId="8c84fa94-04c1-424b-9868-57a2d4851a1d" />
    <TestEntry testId="3e411ade-71ed-44c4-bddd-2bce56d3729a" executionId="cb6ae9ea-e194-4c70-8e17-1d7d42b8694d" testListId="8c84fa94-04c1-424b-9868-57a2d4851a1d" />
    <TestEntry testId="a8f5c75d-92e4-4d81-b275-cd389c24abac" executionId="61bfc22e-e656-4f2a-9f37-2ec94a7a72d1" testListId="8c84fa94-04c1-424b-9868-57a2d4851a1d" />
    <TestEntry testId="7d39bab3-8dee-4482-bdf5-1ab0a2aea82a" executionId="3e1e7209-5a18-4c5e-ba31-87e0d9984392" testListId="8c84fa94-04c1-424b-9868-57a2d4851a1d" />
    <TestEntry testId="253a08c6-958a-4c78-9005-150dc9d20c4e" executionId="00a3bdee-fc46-431a-b5f8-9fb5b82f77e7" testListId="8c84fa94-04c1-424b-9868-57a2d4851a1d" />
    <TestEntry testId="51b16c9b-118d-4745-b62d-426026a8c1f4" executionId="5694d21e-ebe1-4c2f-becf-6b6ed07c655c" testListId="8c84fa94-04c1-424b-9868-57a2d4851a1d" />
    <TestEntry testId="96af271c-0fa2-4bdc-89fc-3358023cac02" executionId="3ff023ea-ce8e-4c77-ab21-f5b3161d132b" testListId="8c84fa94-04c1-424b-9868-57a2d4851a1d" />
    <TestEntry testId="a6ec4835-4f67-4871-bc0c-9f2ec26fd007" executionId="2c7437e5-998c-479c-8105-c9b3c2286aef" testListId="8c84fa94-04c1-424b-9868-57a2d4851a1d" />
    <TestEntry testId="a764dea1-5bdd-4f6e-8b1c-1926daa13fa9" executionId="64b19189-4c3b-44db-860d-04395d75b085" testListId="8c84fa94-04c1-424b-9868-57a2d4851a1d" />
    <TestEntry testId="869946d8-badf-406c-a894-7f82909e08cf" executionId="05da06be-6477-4e3b-a1c9-f9f0d5f17159" testListId="8c84fa94-04c1-424b-9868-57a2d4851a1d" />
    <TestEntry testId="95267cc7-b20c-48db-82bb-18bd67d29400" executionId="2b5d9448-3e3b-4d5e-b7ea-1484821e6a5b" testListId="8c84fa94-04c1-424b-9868-57a2d4851a1d" />
    <TestEntry testId="a7fb8768-4092-4179-9b60-0793b133c17d" executionId="29b7db54-baae-4770-acaa-59d89d4cca09" testListId="8c84fa94-04c1-424b-9868-57a2d4851a1d" />
    <TestEntry testId="126c18c0-2265-48c2-8f95-e237cd70e84f" executionId="00696a8a-6906-49ce-ac3c-0208f433c004" testListId="8c84fa94-04c1-424b-9868-57a2d4851a1d" />
    <TestEntry testId="332e0c8d-09de-4a79-b28a-fb72879192c7" executionId="641b58b2-50d2-47ac-b22d-f94bc8dcf364" testListId="8c84fa94-04c1-424b-9868-57a2d4851a1d" />
    <TestEntry testId="584483f1-45e7-4d19-9a01-e8b2ec8b31fe" executionId="1d7ed2fe-0888-42fc-8a35-b8f36533b85f" testListId="8c84fa94-04c1-424b-9868-57a2d4851a1d" />
    <TestEntry testId="f3505ac3-7d49-46d7-9d15-8da88ac2ab8b" executionId="ef126a8c-39a1-48e8-9042-b74a6053f665" testListId="8c84fa94-04c1-424b-9868-57a2d4851a1d" />
    <TestEntry testId="8a121b6f-e99c-4d6f-a5a1-7d939521e391" executionId="2c185266-f49a-4acc-9ac2-f03efc1620ae" testListId="8c84fa94-04c1-424b-9868-57a2d4851a1d" />
    <TestEntry testId="3bcded28-9e72-4f8c-9e4b-0162f19e7e8e" executionId="6fdd4d53-9714-413d-8b0a-80f0d5cf6cd5" testListId="8c84fa94-04c1-424b-9868-57a2d4851a1d" />
    <TestEntry testId="e67664ae-1c55-43fc-8377-410690df1d13" executionId="fa44a8d4-d9da-4ddb-b70c-cdddc5cc6403" testListId="8c84fa94-04c1-424b-9868-57a2d4851a1d" />
    <TestEntry testId="3049ff1c-5043-44de-b813-a4537c2194dd" executionId="7256e21c-1e8d-4387-8ec7-df30e0fd9481" testListId="8c84fa94-04c1-424b-9868-57a2d4851a1d" />
    <TestEntry testId="6573f2de-e898-4abc-a470-d7d24f4dbdbe" executionId="d6b228dd-2162-4f41-bfdf-d13b19b6228e" testListId="8c84fa94-04c1-424b-9868-57a2d4851a1d" />
    <TestEntry testId="6925ba78-daeb-4c22-b113-cd2eb67bbf13" executionId="c06b8cc0-46eb-46c3-8236-3560703dc19f" testListId="8c84fa94-04c1-424b-9868-57a2d4851a1d" />
    <TestEntry testId="640dc5c3-c4d9-4dfe-bd3b-5cf6a0ce0526" executionId="a8b01299-f3ec-49a0-a7b8-ce1f5b573e66" testListId="8c84fa94-04c1-424b-9868-57a2d4851a1d" />
    <TestEntry testId="5d3ff8d8-95be-4ed5-bcf9-f80dcee0b388" executionId="ccbfc72e-d891-4af1-bc27-8d1451de0e12" testListId="8c84fa94-04c1-424b-9868-57a2d4851a1d" />
    <TestEntry testId="3f867614-4988-41f6-ba25-257cc74bee71" executionId="527bef7b-8352-4f85-8234-022dfd0aa374" testListId="8c84fa94-04c1-424b-9868-57a2d4851a1d" />
    <TestEntry testId="49f92a59-8f48-4042-995f-68b1d924afd7" executionId="0e0df82a-113b-4597-a23f-b8bb638b9889" testListId="8c84fa94-04c1-424b-9868-57a2d4851a1d" />
    <TestEntry testId="1790571f-5266-4ad1-bd33-e76d502f7688" executionId="aaa46dfe-824b-430b-bbdc-ae1520c2df6e" testListId="8c84fa94-04c1-424b-9868-57a2d4851a1d" />
    <TestEntry testId="d38b8eb3-0f05-4ed8-952b-1d7cfa880029" executionId="0ce36dc2-380e-470d-a858-35aa29259403" testListId="8c84fa94-04c1-424b-9868-57a2d4851a1d" />
    <TestEntry testId="b9446f6b-61e6-4c66-a6cb-184bb9fb8eb6" executionId="4d5e7751-077b-4af0-a752-6e416ce8b9fd" testListId="8c84fa94-04c1-424b-9868-57a2d4851a1d" />
    <TestEntry testId="52f559f7-bb5d-4ecd-bb5d-16ac2b1703dc" executionId="2068a419-960d-4ca9-8cfe-3519a7641f8f" testListId="8c84fa94-04c1-424b-9868-57a2d4851a1d" />
    <TestEntry testId="69381013-213d-4084-b8f3-78c006024e11" executionId="c9fc8d47-6e59-4b9e-89c2-59a5b47e8ffc" testListId="8c84fa94-04c1-424b-9868-57a2d4851a1d" />
    <TestEntry testId="0a17de1b-e9cc-47ab-a184-e39e0f26f862" executionId="177eae35-09bb-40b7-9539-ef1f570992bf" testListId="8c84fa94-04c1-424b-9868-57a2d4851a1d" />
    <TestEntry testId="b3535a94-4e2d-4bf8-9250-7fa0bc13b438" executionId="a3e9bd2f-b969-4342-af6f-66cf52b98227" testListId="8c84fa94-04c1-424b-9868-57a2d4851a1d" />
    <TestEntry testId="bb13fd87-4a97-4800-8bed-4b32723e3561" executionId="0a8d23b7-1628-4c51-a1c3-7d5d24f4873e" testListId="8c84fa94-04c1-424b-9868-57a2d4851a1d" />
    <TestEntry testId="b017e5b9-d1e7-4a04-aeaf-f3eea633ad0a" executionId="e6cc8876-8616-4ea4-9332-46bd5a59f0aa" testListId="8c84fa94-04c1-424b-9868-57a2d4851a1d" />
    <TestEntry testId="4ebcf85e-000f-4ed7-b1dc-d8c37f4fe6f0" executionId="b57c81f4-838b-46d9-ad86-a7d088fe3467" testListId="8c84fa94-04c1-424b-9868-57a2d4851a1d" />
    <TestEntry testId="bb923325-0338-49af-999f-fff6180fe584" executionId="fb5f7447-5402-417b-bfda-67885601a7f9" testListId="8c84fa94-04c1-424b-9868-57a2d4851a1d" />
    <TestEntry testId="86ef3d2f-5582-4c94-9d08-9109774c6edf" executionId="456be990-2890-492c-b5d2-d1c6db107532" testListId="8c84fa94-04c1-424b-9868-57a2d4851a1d" />
    <TestEntry testId="eaa17c7b-756d-4505-9f54-74782c9ed803" executionId="ea3356f8-4d80-4001-9729-5451e8ca9045" testListId="8c84fa94-04c1-424b-9868-57a2d4851a1d" />
    <TestEntry testId="508426a0-cb53-4775-beff-fdc6a5e13f42" executionId="877c87a6-3c5f-4f5c-a08c-a98c751b308a" testListId="8c84fa94-04c1-424b-9868-57a2d4851a1d" />
    <TestEntry testId="3799f6c9-b152-401f-9f3d-0e52d651dfda" executionId="198560c1-1428-4550-b884-a8b22aac41e7" testListId="8c84fa94-04c1-424b-9868-57a2d4851a1d" />
    <TestEntry testId="c39c1189-12bc-42a1-a084-e4f69fcd276b" executionId="67c7da55-97d5-4bd5-acc1-11469f344ebb" testListId="8c84fa94-04c1-424b-9868-57a2d4851a1d" />
    <TestEntry testId="16414653-5a4c-4406-b759-0465b7f5cafb" executionId="cd862ae1-4fe3-41ea-bd6b-3f5ccbac205a" testListId="8c84fa94-04c1-424b-9868-57a2d4851a1d" />
    <TestEntry testId="fe113048-2b7c-455f-9617-72731e382c90" executionId="ce1a7f83-e18f-4064-807f-197b77d3c826" testListId="8c84fa94-04c1-424b-9868-57a2d4851a1d" />
    <TestEntry testId="31d05655-4300-46c5-b96b-7adc2243aef0" executionId="77c4ac80-9b9d-43ec-906b-b5891e910d23" testListId="8c84fa94-04c1-424b-9868-57a2d4851a1d" />
    <TestEntry testId="54456ca7-8b49-4087-9b6b-c75fd34b510f" executionId="464e4675-45da-4e22-9a0a-ddafa87b09ea" testListId="8c84fa94-04c1-424b-9868-57a2d4851a1d" />
    <TestEntry testId="5ca087c4-b0e1-4a60-a100-5f1a30ec3ffb" executionId="04d7c983-f9b3-4fe0-a1b6-9c97c641151d" testListId="8c84fa94-04c1-424b-9868-57a2d4851a1d" />
    <TestEntry testId="3f26c607-1317-4ae8-946a-09ac4db37969" executionId="e438e3f6-8899-43ff-a8f8-f6fcfa0cc3e5" testListId="8c84fa94-04c1-424b-9868-57a2d4851a1d" />
    <TestEntry testId="c679c53d-bc03-4766-a61a-3589d962de8f" executionId="20c3fe73-2b1b-4f6b-b7a6-f0bbb1f648f3" testListId="8c84fa94-04c1-424b-9868-57a2d4851a1d" />
    <TestEntry testId="a3f2cd7e-5619-4182-8c1c-14ffd3c5b1f7" executionId="2922b2d4-b454-4407-93dc-0bfdced39e47" testListId="8c84fa94-04c1-424b-9868-57a2d4851a1d" />
    <TestEntry testId="b4998dd6-dd5d-4f66-95fd-8d5e7e22f634" executionId="4d57ebbc-50a1-4dab-976b-df7bcb5f50d2" testListId="8c84fa94-04c1-424b-9868-57a2d4851a1d" />
    <TestEntry testId="d2d856d3-f073-470b-9129-e7f014c5b7fb" executionId="fe1b47ba-229f-495b-b6fb-ab25388cac94" testListId="8c84fa94-04c1-424b-9868-57a2d4851a1d" />
    <TestEntry testId="9724e141-7746-471b-a941-4b3000a5e96c" executionId="66f5af5c-db17-41da-9d15-0b2c9e4f9a54" testListId="8c84fa94-04c1-424b-9868-57a2d4851a1d" />
    <TestEntry testId="d973ea2a-2401-46d9-9303-09ceddcbe523" executionId="518f1d6d-3f73-4951-850d-e7d54ebb675a" testListId="8c84fa94-04c1-424b-9868-57a2d4851a1d" />
    <TestEntry testId="35acdc72-f7d7-468b-abad-ccbefd67f992" executionId="3d5a21e2-574a-4bc4-af63-3fe0b9abdb35" testListId="8c84fa94-04c1-424b-9868-57a2d4851a1d" />
    <TestEntry testId="c01cc872-aad8-4c66-adaa-07ad3a2bf222" executionId="dc8b9931-4d6b-45f4-a0fc-f8947bc8570f" testListId="8c84fa94-04c1-424b-9868-57a2d4851a1d" />
    <TestEntry testId="a9a3e7fd-c1c2-4137-876d-49ddbcd7b254" executionId="26ab4724-1e0f-4478-a54b-9bca32220744" testListId="8c84fa94-04c1-424b-9868-57a2d4851a1d" />
    <TestEntry testId="a4747573-54fa-4ce9-a2e1-70f363d756b7" executionId="5a5c3c94-ac45-49a1-bb8a-0db26513e278" testListId="8c84fa94-04c1-424b-9868-57a2d4851a1d" />
    <TestEntry testId="c8dece35-8433-4ffb-8fc5-164823ee4b13" executionId="cf86b02e-ca89-4328-b733-a3ca14e415c0" testListId="8c84fa94-04c1-424b-9868-57a2d4851a1d" />
    <TestEntry testId="a9d3dda1-2048-4162-93c9-3e5840bb9f06" executionId="3f84eeee-108d-4634-815a-1fccff30fa10" testListId="8c84fa94-04c1-424b-9868-57a2d4851a1d" />
    <TestEntry testId="7d70b1d3-2dd5-4fb3-b4ab-26ff9514ee5f" executionId="4049fb17-a1e0-49ce-b67e-fb82fff1a6e2" testListId="8c84fa94-04c1-424b-9868-57a2d4851a1d" />
    <TestEntry testId="9bcaf7ef-12cb-4c5d-9d97-378095dc7467" executionId="e55f2f3f-dcea-4877-9e7e-fff7bbdee0d7" testListId="8c84fa94-04c1-424b-9868-57a2d4851a1d" />
    <TestEntry testId="12ff5eb8-9ac1-4890-9e57-25027a83d1fd" executionId="589b99c1-fa1b-44f6-8e59-4bc5f4286f11" testListId="8c84fa94-04c1-424b-9868-57a2d4851a1d" />
    <TestEntry testId="128120c6-39ef-4d59-b62c-3516c00d601a" executionId="a284bc37-cfaa-4028-923f-100f640d55ad" testListId="8c84fa94-04c1-424b-9868-57a2d4851a1d" />
    <TestEntry testId="5ba74623-e6fc-4573-91ea-d46e2e7ae6b2" executionId="2d5f3817-e9be-42c5-aaff-af6f9a1c1350" testListId="8c84fa94-04c1-424b-9868-57a2d4851a1d" />
    <TestEntry testId="11e745a2-5820-4614-908e-926fb2c3efb4" executionId="06d9f44b-24ba-49ce-b1d5-a5153922a2ee" testListId="8c84fa94-04c1-424b-9868-57a2d4851a1d" />
    <TestEntry testId="c1ee2209-2a84-4c84-82a9-7af070a7861c" executionId="cae5e160-fea7-42ad-959c-20bf64cb4e49" testListId="8c84fa94-04c1-424b-9868-57a2d4851a1d" />
    <TestEntry testId="e027f65e-b088-4535-9802-b6029c72a836" executionId="c52d48af-8d23-49da-acb9-db55a18b42e0" testListId="8c84fa94-04c1-424b-9868-57a2d4851a1d" />
    <TestEntry testId="2efc0eba-59aa-4892-8b8d-928f31cba257" executionId="fd51e02f-6634-4c5b-98ad-9125f4d76897" testListId="8c84fa94-04c1-424b-9868-57a2d4851a1d" />
    <TestEntry testId="0fd552ff-d23f-4e34-98a2-137049f8e5a3" executionId="1f4df46d-9a5e-4798-a469-b1320d1a0e21" testListId="8c84fa94-04c1-424b-9868-57a2d4851a1d" />
    <TestEntry testId="2c1bbbd7-abe4-44d0-80c5-e9bd281d85cd" executionId="5703c24d-e91e-4d4b-b737-3129dfdded61" testListId="8c84fa94-04c1-424b-9868-57a2d4851a1d" />
    <TestEntry testId="d460106c-d491-4c12-bcff-e018d90d7815" executionId="2bd4d208-f00d-483f-8f33-eb188b360591" testListId="8c84fa94-04c1-424b-9868-57a2d4851a1d" />
    <TestEntry testId="87aff278-4dad-4879-a3bc-833fb4f51944" executionId="0220a2ae-f7f4-4ff1-a6ca-b79983e965d3" testListId="8c84fa94-04c1-424b-9868-57a2d4851a1d" />
    <TestEntry testId="15bc1e27-ec7a-48d8-b4d9-0fa2e7bbd4de" executionId="67cb6819-b0f0-49d3-b488-a764602b8fe8" testListId="8c84fa94-04c1-424b-9868-57a2d4851a1d" />
    <TestEntry testId="3b6daaa5-290b-4ac0-80c4-6f2fc490552c" executionId="1fa41eb7-2878-4a7a-8ea4-724a2b214161" testListId="8c84fa94-04c1-424b-9868-57a2d4851a1d" />
    <TestEntry testId="1e66f76c-faa6-4713-ba07-4ae52940da27" executionId="fcd0836e-48a7-4109-9547-04b3dc134674" testListId="8c84fa94-04c1-424b-9868-57a2d4851a1d" />
    <TestEntry testId="600eea3b-4a60-455d-9e24-9970ade3b98c" executionId="2dd5afdc-294d-45fe-9099-4c898c3e7b12" testListId="8c84fa94-04c1-424b-9868-57a2d4851a1d" />
    <TestEntry testId="5c2f8613-f4ee-4b46-b31a-289819de65c3" executionId="78d5504f-c7d0-42be-a601-1d2cce77071f" testListId="8c84fa94-04c1-424b-9868-57a2d4851a1d" />
    <TestEntry testId="b1a3cc8c-f3ea-4bde-9eb1-53946b040ded" executionId="99adb0e0-2a41-4384-b932-fa8e4f1bd583" testListId="8c84fa94-04c1-424b-9868-57a2d4851a1d" />
    <TestEntry testId="3d50928b-c4ef-48f7-a9d2-cd23de27d4c4" executionId="d4267116-d041-4438-bb0b-c501bd71c4a9" testListId="8c84fa94-04c1-424b-9868-57a2d4851a1d" />
    <TestEntry testId="20433303-819d-4341-a426-50b4854a2ae8" executionId="9dfc8272-e183-4a1d-bce7-0a2d6e336151" testListId="8c84fa94-04c1-424b-9868-57a2d4851a1d" />
    <TestEntry testId="8e22fa3b-d39d-4d3d-9098-4bcac55912e7" executionId="4bee0b97-396c-46a2-a8fd-9e43ba1831ea" testListId="8c84fa94-04c1-424b-9868-57a2d4851a1d" />
    <TestEntry testId="b86412e4-53ce-42d7-bd49-0bbbf0d5f40e" executionId="cc1bf178-0c00-4399-a173-2fe1da641896" testListId="8c84fa94-04c1-424b-9868-57a2d4851a1d" />
    <TestEntry testId="52393e0d-d46f-4a15-aa44-885cc6b8264b" executionId="cc726f73-9320-4599-9e1a-6145fd5e60d9" testListId="8c84fa94-04c1-424b-9868-57a2d4851a1d" />
    <TestEntry testId="df549f11-a508-4ea8-b2e5-cf07e94c3542" executionId="e84c3ad2-85c1-4829-b104-40baf4264a1f" testListId="8c84fa94-04c1-424b-9868-57a2d4851a1d" />
    <TestEntry testId="58efc2a2-20f2-464b-9945-bb8d24e97bcd" executionId="89d6995d-ea7b-4213-8e18-afa9eb763ba2" testListId="8c84fa94-04c1-424b-9868-57a2d4851a1d" />
    <TestEntry testId="0ffae8c4-e1ab-4468-8a1e-6e6f447c3e0d" executionId="9f42f37f-1087-46ec-afec-ece7fed13537" testListId="8c84fa94-04c1-424b-9868-57a2d4851a1d" />
    <TestEntry testId="4a38679a-4533-49a6-982a-d1037e6545c1" executionId="ffc350a1-cdf3-4f6b-9a42-5ad1d9ae7d38" testListId="8c84fa94-04c1-424b-9868-57a2d4851a1d" />
    <TestEntry testId="810a2134-8b81-4464-9ae6-3b5c3d2e112b" executionId="f3a03ff6-83a6-4f7b-8926-d643d9865955" testListId="8c84fa94-04c1-424b-9868-57a2d4851a1d" />
    <TestEntry testId="1a8fda24-34d4-455a-b7e4-9e223022540e" executionId="ca919bea-5ab6-44da-a727-506ea3eda763" testListId="8c84fa94-04c1-424b-9868-57a2d4851a1d" />
    <TestEntry testId="9ae68a98-5f2a-41e5-9aae-26025ace2073" executionId="b0905a80-672c-4930-bc98-e75f0425f630" testListId="8c84fa94-04c1-424b-9868-57a2d4851a1d" />
    <TestEntry testId="ab062985-0dd7-4cb5-aab4-b7ef41f26f60" executionId="8a4bb471-a256-4125-a838-9c10c4f71c26" testListId="8c84fa94-04c1-424b-9868-57a2d4851a1d" />
    <TestEntry testId="e86c7b5f-7533-44be-956a-ef3a66ec0f64" executionId="03b7a2fc-56a1-47b4-a8ce-9374efe101f0" testListId="8c84fa94-04c1-424b-9868-57a2d4851a1d" />
    <TestEntry testId="172ae4a2-a0b3-41fc-8ee2-c117724fb138" executionId="48748447-32e7-4142-b437-635480ff3b9f" testListId="8c84fa94-04c1-424b-9868-57a2d4851a1d" />
    <TestEntry testId="0ad4bd37-e5d5-4ae1-94de-c18702dedcd1" executionId="57d65a91-077d-4735-84f1-9589f3fe887b" testListId="8c84fa94-04c1-424b-9868-57a2d4851a1d" />
    <TestEntry testId="8e4878b8-edce-4205-8a96-fa66c8239fcf" executionId="e7a8e94b-16dd-49e3-aeb8-3254e22be1c0" testListId="8c84fa94-04c1-424b-9868-57a2d4851a1d" />
    <TestEntry testId="5f97c57c-3cdd-44f2-8297-ceb97c33ff35" executionId="f4343c71-2112-4239-bce1-a089fa2c5443" testListId="8c84fa94-04c1-424b-9868-57a2d4851a1d" />
    <TestEntry testId="542096df-3932-4350-9416-ff852fafa73a" executionId="8a43ce38-6163-4535-839d-63afbe3fdf85" testListId="8c84fa94-04c1-424b-9868-57a2d4851a1d" />
    <TestEntry testId="10f043d0-0ee9-4ccc-b880-8891c2e46d99" executionId="02ce325a-6403-4a20-bb3a-f214f09e2d3e" testListId="8c84fa94-04c1-424b-9868-57a2d4851a1d" />
    <TestEntry testId="1b71005f-4166-4f31-a7ee-0c5942ea5daa" executionId="46d1af49-2a64-456b-94d5-ef5eef763de1" testListId="8c84fa94-04c1-424b-9868-57a2d4851a1d" />
    <TestEntry testId="bedd46d0-20dd-4444-8ce7-50d45c63c166" executionId="9876463c-d294-4637-9731-234eb42568fc" testListId="8c84fa94-04c1-424b-9868-57a2d4851a1d" />
    <TestEntry testId="c5156db8-cf7a-496f-9a89-add88528cf6e" executionId="227610d9-ed9c-4a31-ac35-8c47a3ea96e5" testListId="8c84fa94-04c1-424b-9868-57a2d4851a1d" />
    <TestEntry testId="4f1aa771-91eb-49e6-ab73-234c9021321b" executionId="82d33924-49b6-4662-a47d-99db0a49f1e1" testListId="8c84fa94-04c1-424b-9868-57a2d4851a1d" />
    <TestEntry testId="00a93c62-958e-4015-838b-37cdeabdbff7" executionId="d31313e6-65c6-4318-b5a8-0024570c4cde" testListId="8c84fa94-04c1-424b-9868-57a2d4851a1d" />
    <TestEntry testId="58e79d0d-c17a-4e52-8eb0-0727e19351ad" executionId="c9648aef-d829-4d4d-a2ee-8ce8df6ebbac" testListId="8c84fa94-04c1-424b-9868-57a2d4851a1d" />
    <TestEntry testId="40ee80d7-31b7-425d-94da-cf8d1f96cf5c" executionId="0b1a7b34-dad3-4e95-9c66-f975b161eaae" testListId="8c84fa94-04c1-424b-9868-57a2d4851a1d" />
    <TestEntry testId="0138a5a1-c46c-48b1-8b09-86611031e067" executionId="49d010eb-8166-49d6-bc7b-710b7039d435" testListId="8c84fa94-04c1-424b-9868-57a2d4851a1d" />
    <TestEntry testId="a3303368-48e6-4164-9294-d95960b7dc21" executionId="4050f257-8bb7-482a-8e1a-effecea69a7a" testListId="8c84fa94-04c1-424b-9868-57a2d4851a1d" />
    <TestEntry testId="2ba86e0f-c9d8-4058-ab86-972a0e2b5509" executionId="f850cf60-a178-4821-b309-035b8b3b7ecf" testListId="8c84fa94-04c1-424b-9868-57a2d4851a1d" />
    <TestEntry testId="caba4710-8876-451c-87d9-e917508bf922" executionId="651640cd-07b3-493c-8877-63e2a9f666fd" testListId="8c84fa94-04c1-424b-9868-57a2d4851a1d" />
    <TestEntry testId="729a3c17-479d-4697-8b22-585ee6c04e25" executionId="c00533d0-8e95-4983-9ee3-707923835cbf" testListId="8c84fa94-04c1-424b-9868-57a2d4851a1d" />
    <TestEntry testId="0621796f-1a8c-43c6-bdc0-5da3ddccacf5" executionId="897943de-22da-4d37-ba43-e95ce413dad1" testListId="8c84fa94-04c1-424b-9868-57a2d4851a1d" />
    <TestEntry testId="b4ecba90-04c3-4c38-ae3e-30e511e18b5a" executionId="81636430-99e3-4209-b5cd-23713469c120" testListId="8c84fa94-04c1-424b-9868-57a2d4851a1d" />
    <TestEntry testId="27e96124-7896-4643-8ac0-5818b503d5d8" executionId="51372930-ada8-46c7-a684-f51f5fdbd969" testListId="8c84fa94-04c1-424b-9868-57a2d4851a1d" />
    <TestEntry testId="0a613b00-c81c-4716-b9f6-1050855a8e26" executionId="bf0b01cf-fa54-4b12-a177-7579a268d56d" testListId="8c84fa94-04c1-424b-9868-57a2d4851a1d" />
    <TestEntry testId="e57f74c0-bccd-4b56-af4e-9ab7f2fb8337" executionId="2975e685-61f5-4e3d-98de-cdd13eb4fc32" testListId="8c84fa94-04c1-424b-9868-57a2d4851a1d" />
    <TestEntry testId="c5f4c8a9-510e-441a-ac97-14d7de27c232" executionId="fbc4622b-b532-4d37-89c4-de0b4de74c99" testListId="8c84fa94-04c1-424b-9868-57a2d4851a1d" />
    <TestEntry testId="d3bf1ed7-0348-47f7-a086-be30cbda724e" executionId="c127baa2-fdeb-43d3-84d6-a6d3fcf9fe4b" testListId="8c84fa94-04c1-424b-9868-57a2d4851a1d" />
    <TestEntry testId="e6a9aa12-f258-4e3d-a01b-3b55c24d1359" executionId="8d51ab55-6ec5-467d-a14c-c9ebd3f2e169" testListId="8c84fa94-04c1-424b-9868-57a2d4851a1d" />
    <TestEntry testId="b8c7daf2-9453-4da8-aa16-e853fd6ee25a" executionId="58a95ea9-8cac-48e8-a99e-e09bd3008788" testListId="8c84fa94-04c1-424b-9868-57a2d4851a1d" />
    <TestEntry testId="9e8034e3-b96c-4ba3-a46a-cc4c147d7436" executionId="e16d44a3-ea84-4f81-9fe7-b69aef12fd7f" testListId="8c84fa94-04c1-424b-9868-57a2d4851a1d" />
    <TestEntry testId="89c4f443-4b17-4a19-a016-7e4316cb3c12" executionId="67ee5d93-812d-4bb4-848a-cdfab81b545e" testListId="8c84fa94-04c1-424b-9868-57a2d4851a1d" />
    <TestEntry testId="5e03e2a7-2320-4422-b7ff-51ac2dbdafc4" executionId="b2c3a92b-d8f9-46ec-99ba-97d6ebb4bcf3" testListId="8c84fa94-04c1-424b-9868-57a2d4851a1d" />
    <TestEntry testId="4880a829-680e-4fce-85d3-eb0c367caf5c" executionId="6a4bd414-c30c-4e1f-8ea1-119180919ec7" testListId="8c84fa94-04c1-424b-9868-57a2d4851a1d" />
    <TestEntry testId="417d89f1-5e3d-4312-8195-aa455095b4d5" executionId="1dc4e1d5-b8cb-4bc7-a414-2e707d2097de" testListId="8c84fa94-04c1-424b-9868-57a2d4851a1d" />
    <TestEntry testId="355f5665-3de6-4cff-88e5-d44e8dde7687" executionId="c38141ef-b34e-4386-ab10-ed74740015f9" testListId="8c84fa94-04c1-424b-9868-57a2d4851a1d" />
    <TestEntry testId="68fce7d6-d31f-49c3-917e-c3ed2cd87b98" executionId="4453d156-cd01-4881-814b-ae064e991281" testListId="8c84fa94-04c1-424b-9868-57a2d4851a1d" />
    <TestEntry testId="7df80a6b-4a07-49a5-ab4e-97767cfbb9d0" executionId="c508d226-3552-41f6-a258-787130d2c784" testListId="8c84fa94-04c1-424b-9868-57a2d4851a1d" />
    <TestEntry testId="5005ccef-ed2c-4e33-8eda-491bec783efc" executionId="c6858d6c-8427-429f-b787-aed3ce66a770" testListId="8c84fa94-04c1-424b-9868-57a2d4851a1d" />
    <TestEntry testId="b413ec9f-f434-423e-82b3-53d2ccdcc2c3" executionId="aec30663-3bc0-4903-a4f4-cfee0e51f8de" testListId="8c84fa94-04c1-424b-9868-57a2d4851a1d" />
    <TestEntry testId="b59f3e0c-3458-487d-b36b-5d057c1a5e44" executionId="bfc2eb24-c5af-40e4-b173-d0c6093a6971" testListId="8c84fa94-04c1-424b-9868-57a2d4851a1d" />
    <TestEntry testId="395486c4-6b63-488b-a445-8ace78a8d0b8" executionId="0ac304b1-763e-491e-951e-ef59e7a4a47c" testListId="8c84fa94-04c1-424b-9868-57a2d4851a1d" />
    <TestEntry testId="d761ecb4-16d5-469f-87c1-29f50bf1a425" executionId="5d11e0e9-64bf-4d60-bff1-74be62160ffd" testListId="8c84fa94-04c1-424b-9868-57a2d4851a1d" />
    <TestEntry testId="fadb1726-27f7-4998-8065-6f89bfd4237e" executionId="4d89db60-ddc7-4be2-9c5d-bf6068fce632" testListId="8c84fa94-04c1-424b-9868-57a2d4851a1d" />
    <TestEntry testId="a4d07808-2a98-4518-98ff-a210dc39851e" executionId="62201bf9-f723-4408-bfc5-ce7a757b29b8" testListId="8c84fa94-04c1-424b-9868-57a2d4851a1d" />
    <TestEntry testId="dab51815-da51-4523-8979-bdd10d15f22e" executionId="cddea5fe-fc6d-4ee0-8e7f-130602a41e46" testListId="8c84fa94-04c1-424b-9868-57a2d4851a1d" />
    <TestEntry testId="0ae25712-639a-4eb8-9534-efe448a8c133" executionId="7f7af404-08a9-477b-8de5-e5ed64637299" testListId="8c84fa94-04c1-424b-9868-57a2d4851a1d" />
    <TestEntry testId="c39fc149-811c-41df-84c4-cb2a272e8820" executionId="248ad4fd-db76-4c0e-8061-dd27c7ed9234" testListId="8c84fa94-04c1-424b-9868-57a2d4851a1d" />
    <TestEntry testId="27364e0c-c064-4cc3-a0dc-5f0b3e1270c8" executionId="abcb45dc-44db-4f6e-b9ff-b0ac143ccec3" testListId="8c84fa94-04c1-424b-9868-57a2d4851a1d" />
    <TestEntry testId="aad0d804-0843-42cd-8470-e6c182ef499a" executionId="d0176a16-833f-4333-ba8c-1440d5039c0c" testListId="8c84fa94-04c1-424b-9868-57a2d4851a1d" />
    <TestEntry testId="7314cb7d-1f93-44ba-8313-408e4d6a36b7" executionId="93d487a1-6380-49c3-a483-6f29dae8a68d" testListId="8c84fa94-04c1-424b-9868-57a2d4851a1d" />
    <TestEntry testId="5b772bec-02a9-42b2-8d3d-de0c6e2816ab" executionId="496dcd27-b377-4405-94e7-ba832305e2a9" testListId="8c84fa94-04c1-424b-9868-57a2d4851a1d" />
    <TestEntry testId="8c17005d-3158-4961-b19e-508ccc27b6cc" executionId="e1f348b2-3ea9-4009-aead-a612691eebf3" testListId="8c84fa94-04c1-424b-9868-57a2d4851a1d" />
    <TestEntry testId="156e7ca0-5252-4860-afa2-f3386489f678" executionId="a7452af0-4b5d-49d3-84da-619d47d882dc" testListId="8c84fa94-04c1-424b-9868-57a2d4851a1d" />
    <TestEntry testId="5dfacd40-6183-448d-a16d-6b66d0517b20" executionId="6fb26c82-243d-4431-b325-59470162add1" testListId="8c84fa94-04c1-424b-9868-57a2d4851a1d" />
    <TestEntry testId="02b12d89-5f5a-4617-b635-d47d69efbb33" executionId="07658483-94ab-478a-a7be-a41dcbf4a3cd" testListId="8c84fa94-04c1-424b-9868-57a2d4851a1d" />
    <TestEntry testId="10c981c0-b752-42ec-908a-2e8432c82b3f" executionId="36560893-7b50-4e52-888e-5fda580c8e8c" testListId="8c84fa94-04c1-424b-9868-57a2d4851a1d" />
    <TestEntry testId="c170453f-1797-4a15-91a1-6bf066fb3109" executionId="6dac0120-36b7-468f-8b1c-c11ba1fe4623" testListId="8c84fa94-04c1-424b-9868-57a2d4851a1d" />
    <TestEntry testId="d292153f-28e7-4d6f-b190-39212d4fc32a" executionId="606d4cb5-87c9-4b18-8c08-6b31c681c8df" testListId="8c84fa94-04c1-424b-9868-57a2d4851a1d" />
    <TestEntry testId="d4628531-44a9-4a14-a730-de6f113ec120" executionId="6856b15b-e8a6-4f3c-8827-cc41ce744abf" testListId="8c84fa94-04c1-424b-9868-57a2d4851a1d" />
    <TestEntry testId="64efd569-9060-4bab-92f3-cefb61905211" executionId="a18bd445-946f-4f28-badd-efaa6fe339a7" testListId="8c84fa94-04c1-424b-9868-57a2d4851a1d" />
    <TestEntry testId="9567840c-050b-4569-8b4f-8194b8e220dc" executionId="4f6561fa-917e-4447-995b-6da25d7460f9" testListId="8c84fa94-04c1-424b-9868-57a2d4851a1d" />
    <TestEntry testId="79cf7e23-02c9-4626-ac3e-e6b4050edc47" executionId="4bda2b5a-434d-4e3b-95b0-60d3f45b367a" testListId="8c84fa94-04c1-424b-9868-57a2d4851a1d" />
    <TestEntry testId="86a78fcd-2cc2-4474-b45b-d59dde46fc59" executionId="d922cb80-da08-4420-a866-031ae5739213" testListId="8c84fa94-04c1-424b-9868-57a2d4851a1d" />
    <TestEntry testId="82855412-e8df-49c6-b6cd-afd156a9762d" executionId="f7d0fe4b-d45c-4319-b1bb-71e3b0851854" testListId="8c84fa94-04c1-424b-9868-57a2d4851a1d" />
    <TestEntry testId="bce76211-2c80-41dd-a6b4-cffd85017c88" executionId="42488c21-0224-47ab-8237-09753b5621a5" testListId="8c84fa94-04c1-424b-9868-57a2d4851a1d" />
    <TestEntry testId="dac6a173-d0b8-4bc6-93b1-8d277b93837e" executionId="af3e85b8-49c7-49ca-b734-0b481e3feef1" testListId="8c84fa94-04c1-424b-9868-57a2d4851a1d" />
    <TestEntry testId="5e285d39-f52f-42aa-8329-bd8f30856c2c" executionId="6bfed077-fd29-484d-abbe-8b9dc6f7f766" testListId="8c84fa94-04c1-424b-9868-57a2d4851a1d" />
    <TestEntry testId="a180bda6-c7b2-4fd8-91c3-e68fe42429a9" executionId="bf967708-f8a6-4abe-bff9-046a53e951f5" testListId="8c84fa94-04c1-424b-9868-57a2d4851a1d" />
    <TestEntry testId="82e251c1-c4cf-4d0e-aad0-442dbd864310" executionId="4d6afd31-20f7-4e4c-bcfb-205f1cbdcaa4" testListId="8c84fa94-04c1-424b-9868-57a2d4851a1d" />
    <TestEntry testId="a4b9bb34-2cfa-4454-b7a3-a879585168d3" executionId="c1b1de19-466d-4364-b928-c0cc857ac77b" testListId="8c84fa94-04c1-424b-9868-57a2d4851a1d" />
    <TestEntry testId="8770a672-7da9-42d3-b872-2ee13afb8adb" executionId="63ac7295-5e44-49c4-b996-aa0620ca3cf4" testListId="8c84fa94-04c1-424b-9868-57a2d4851a1d" />
    <TestEntry testId="7204d3fd-1d3f-45f8-801e-82223e0a5a84" executionId="92dffcbd-005d-44ea-8809-aaec0376ac82" testListId="8c84fa94-04c1-424b-9868-57a2d4851a1d" />
    <TestEntry testId="d3563506-6f94-4bfa-9c1a-23cfdaf21a66" executionId="044e48e3-915a-4ebd-8364-0d62860292b6" testListId="8c84fa94-04c1-424b-9868-57a2d4851a1d" />
    <TestEntry testId="315c5847-e3eb-4703-8870-ca47900d2f03" executionId="4e17e39d-ab8b-4109-8e78-fd59101aaaa6" testListId="8c84fa94-04c1-424b-9868-57a2d4851a1d" />
    <TestEntry testId="5b1f9d59-5fa4-4dd9-bb5b-e53f95bbf2e7" executionId="8a27670d-3af5-444f-b3d2-f53ed43aa482" testListId="8c84fa94-04c1-424b-9868-57a2d4851a1d" />
    <TestEntry testId="943dfade-7d60-4eb7-80b3-196850ee1775" executionId="6575dee9-d881-4dfd-8435-26c7ce822e27" testListId="8c84fa94-04c1-424b-9868-57a2d4851a1d" />
    <TestEntry testId="00a98d59-c6f6-4cdd-8489-71991ad32788" executionId="04eaf2a7-6aa5-41d8-9fc8-9c108957e668" testListId="8c84fa94-04c1-424b-9868-57a2d4851a1d" />
    <TestEntry testId="3e242cdf-0340-4e00-b922-6da242047acc" executionId="aafe796c-d594-41cb-ad5e-83ea29a5876b" testListId="8c84fa94-04c1-424b-9868-57a2d4851a1d" />
    <TestEntry testId="27ee57bc-bff0-4818-98aa-0d0cf360152b" executionId="46b5e129-4530-465d-9179-d06e4320907d" testListId="8c84fa94-04c1-424b-9868-57a2d4851a1d" />
    <TestEntry testId="eb37cc6a-9fb8-4984-866b-cd2e3aed9f0f" executionId="ad59e86e-81d6-4a0a-a34b-3163a4ec8129" testListId="8c84fa94-04c1-424b-9868-57a2d4851a1d" />
    <TestEntry testId="3dc73711-62d2-4e5f-8294-5862efd2bd0c" executionId="bdedfed2-9fbd-4978-ab19-a0eb29b31d95" testListId="8c84fa94-04c1-424b-9868-57a2d4851a1d" />
    <TestEntry testId="9e1ddb8a-d3ba-461d-8820-5ead4135cadf" executionId="3510cec2-c358-40ad-9749-b34126947704" testListId="8c84fa94-04c1-424b-9868-57a2d4851a1d" />
    <TestEntry testId="edd805d3-c494-4f10-93ff-d10397e69f25" executionId="c6150fdb-105a-498c-9574-5e4b23cf51ba" testListId="8c84fa94-04c1-424b-9868-57a2d4851a1d" />
    <TestEntry testId="7ae15c59-ee78-4408-84c5-265e5fd2196e" executionId="a9aa9f3c-66ac-4792-a9de-148e931ff703" testListId="8c84fa94-04c1-424b-9868-57a2d4851a1d" />
    <TestEntry testId="97918fbd-c908-4d17-bf52-0dd8a69c0e88" executionId="cd42d400-fa76-4122-b00e-3369f030fc34" testListId="8c84fa94-04c1-424b-9868-57a2d4851a1d" />
    <TestEntry testId="d87fda99-6557-4f7b-a148-1869631f50a1" executionId="9b3e479e-505a-4245-86fe-71a51ecd799e" testListId="8c84fa94-04c1-424b-9868-57a2d4851a1d" />
    <TestEntry testId="edcbd3c1-2de4-462a-abcb-41ec40bccda4" executionId="6e94f73a-4b0a-42d2-bbf1-f7602f594ba7" testListId="8c84fa94-04c1-424b-9868-57a2d4851a1d" />
    <TestEntry testId="76e29fe9-5800-4660-a37d-b181d7134752" executionId="573a8bb0-674d-4d20-aee2-ec89d8a443f4" testListId="8c84fa94-04c1-424b-9868-57a2d4851a1d" />
    <TestEntry testId="9d8b2247-cea1-4435-ab4c-b8503add984f" executionId="d1ad3da0-f79e-4904-8431-97cbd133a04a" testListId="8c84fa94-04c1-424b-9868-57a2d4851a1d" />
    <TestEntry testId="ca61c86f-c424-4a85-942a-58821994f856" executionId="074dc8d3-79da-4c2d-988a-6e58fefbce46" testListId="8c84fa94-04c1-424b-9868-57a2d4851a1d" />
    <TestEntry testId="7bfce64c-e2b9-4234-88a1-86f5f37830a9" executionId="ae264e7f-fe9a-4c49-9753-b088a10dea99" testListId="8c84fa94-04c1-424b-9868-57a2d4851a1d" />
    <TestEntry testId="0f2769a2-fabe-4dd7-9c74-b417a708b633" executionId="e0d80a81-55eb-4890-a5af-59c829b168ab" testListId="8c84fa94-04c1-424b-9868-57a2d4851a1d" />
    <TestEntry testId="4a4cf3b6-37cc-4e15-8dc6-b36bff589567" executionId="6e97695c-1be9-452e-a0e1-8a28ce6847eb" testListId="8c84fa94-04c1-424b-9868-57a2d4851a1d" />
    <TestEntry testId="2d00a232-72b8-4693-91cf-9ce15f719567" executionId="cc308e38-dadd-4e05-a148-3c131b7d3ea4" testListId="8c84fa94-04c1-424b-9868-57a2d4851a1d" />
    <TestEntry testId="bb5b83fe-6abf-49de-a939-fac865406dc0" executionId="b1935c37-153a-48dc-a0cc-7815add6ca09" testListId="8c84fa94-04c1-424b-9868-57a2d4851a1d" />
    <TestEntry testId="0b7e61de-d845-43ca-91f4-a16533b26810" executionId="63ab6cc0-bc86-4e9f-9ff4-f51bbbb4b259" testListId="8c84fa94-04c1-424b-9868-57a2d4851a1d" />
    <TestEntry testId="bb63cf6e-3ce2-46bd-9862-58256fdfac9e" executionId="d497ccab-bd0e-48d5-a59f-72b79541ef2f" testListId="8c84fa94-04c1-424b-9868-57a2d4851a1d" />
    <TestEntry testId="8a7226fb-7edf-404e-964b-4ae26e94533e" executionId="c56e24d3-8a8d-4048-9a62-3d3b4aa03bf3" testListId="8c84fa94-04c1-424b-9868-57a2d4851a1d" />
    <TestEntry testId="4038f3f9-4cdd-4e9d-bd3b-333102bdaffb" executionId="355d7639-af4b-4062-962e-731b62fafeea" testListId="8c84fa94-04c1-424b-9868-57a2d4851a1d" />
    <TestEntry testId="e1604dc9-c502-4ed1-b31b-a9559cb7389e" executionId="1429cb2d-8fd0-42dd-8e92-6c36ce5c0b8d" testListId="8c84fa94-04c1-424b-9868-57a2d4851a1d" />
    <TestEntry testId="e8a59488-549d-47e8-8d23-6762a1ab2ca7" executionId="fc42963f-b400-4aa3-8922-eedc5280b4d3" testListId="8c84fa94-04c1-424b-9868-57a2d4851a1d" />
    <TestEntry testId="ef7b181a-491e-4410-bc6a-7ddf618c3660" executionId="9b28c469-22a6-4264-864f-e3cbcdb319d4" testListId="8c84fa94-04c1-424b-9868-57a2d4851a1d" />
    <TestEntry testId="0e448fbc-f7bc-43e4-8575-35e72509d9e4" executionId="9c1a0cfe-5c7f-4e6b-9ef1-a56869156608" testListId="8c84fa94-04c1-424b-9868-57a2d4851a1d" />
    <TestEntry testId="faf5924a-0913-4933-89d6-e97dc7847ec7" executionId="07f4e764-ac05-464d-8e0f-4f670035eabe" testListId="8c84fa94-04c1-424b-9868-57a2d4851a1d" />
    <TestEntry testId="3c0ce58d-1c04-4840-a98d-cc198edb2af8" executionId="a3f27cb7-22fa-4ef2-8f4c-4d743a201601" testListId="8c84fa94-04c1-424b-9868-57a2d4851a1d" />
    <TestEntry testId="102e84ff-8751-4007-9e97-9f9016958984" executionId="47ff5764-c6c6-4837-ab0a-b335b15a0137" testListId="8c84fa94-04c1-424b-9868-57a2d4851a1d" />
    <TestEntry testId="19ad95f0-51d1-46a4-aeef-fe30656549ed" executionId="69ac8c22-e2fb-4e58-8285-2a2e7f04a754" testListId="8c84fa94-04c1-424b-9868-57a2d4851a1d" />
    <TestEntry testId="27d585e7-4432-4122-bf07-2abd6cf9ef13" executionId="587694d2-4c63-480d-9eff-62e8afc99300" testListId="8c84fa94-04c1-424b-9868-57a2d4851a1d" />
    <TestEntry testId="61f2fa80-747f-4b3b-8ec5-ae0ef2e4e6ff" executionId="1fde33c5-6e7c-4ab0-ac93-8d8fd27421d1" testListId="8c84fa94-04c1-424b-9868-57a2d4851a1d" />
    <TestEntry testId="a24723c4-2589-4cb1-adc3-be4fa7f19df1" executionId="283dba5d-8b89-4f56-ad41-e4ad34c462ad" testListId="8c84fa94-04c1-424b-9868-57a2d4851a1d" />
    <TestEntry testId="e5615bb9-559a-4d37-8f5a-e7219b0eca07" executionId="1e0646fc-9f39-4f6f-b3fa-a37f7c002154" testListId="8c84fa94-04c1-424b-9868-57a2d4851a1d" />
    <TestEntry testId="73c605ed-8218-449e-ac3b-0d8b8208c289" executionId="c42ef04e-76b9-4ce3-926e-fd5215974a04" testListId="8c84fa94-04c1-424b-9868-57a2d4851a1d" />
    <TestEntry testId="d0d6c1bf-dfdf-4045-b226-c57a299a722b" executionId="3162be64-c298-47b1-b7a9-7dde111e12e4" testListId="8c84fa94-04c1-424b-9868-57a2d4851a1d" />
    <TestEntry testId="8c89423d-391d-44f0-804f-72503bd33143" executionId="be63b460-e2ed-43a6-af44-3a46e1adb1b4" testListId="8c84fa94-04c1-424b-9868-57a2d4851a1d" />
    <TestEntry testId="3b8ac7fa-bc9a-486c-bc59-f35210e3c3d2" executionId="7f350b52-1468-4a94-a285-4733492bbdfc" testListId="8c84fa94-04c1-424b-9868-57a2d4851a1d" />
    <TestEntry testId="cd7b662a-1d3f-4ab0-af70-0eeff8d2f0c4" executionId="c7cd5adc-3ff3-4bd7-a01c-9c2b7da2cdf8" testListId="8c84fa94-04c1-424b-9868-57a2d4851a1d" />
    <TestEntry testId="7b4748df-dab4-4787-9b09-77b09d7d9b6a" executionId="a907f1db-a207-4ec7-a154-7d451a6e7577" testListId="8c84fa94-04c1-424b-9868-57a2d4851a1d" />
    <TestEntry testId="dd1ef0b9-cf3b-4f54-8d87-88d27fb6faf4" executionId="7aa19dea-96b3-4892-8f7b-340b0bd4d72a" testListId="8c84fa94-04c1-424b-9868-57a2d4851a1d" />
    <TestEntry testId="69473fd8-6561-4aa4-bcd3-711ad3525e5b" executionId="38ad4dc0-eec6-4ca7-98ca-c325cc5982fb" testListId="8c84fa94-04c1-424b-9868-57a2d4851a1d" />
    <TestEntry testId="3d62a30b-ffc2-4ba2-9372-663d5c7afa39" executionId="373b61df-4170-49de-93c8-99e5d7ce2404" testListId="8c84fa94-04c1-424b-9868-57a2d4851a1d" />
    <TestEntry testId="d423749b-5b5f-4c06-8a1a-c3eee22629f8" executionId="8ccfaebb-224b-4d2c-ad58-f2d01e8c8336" testListId="8c84fa94-04c1-424b-9868-57a2d4851a1d" />
    <TestEntry testId="3fb7ef61-403c-4986-83ac-4cc84233e9ec" executionId="33bdbb12-c30e-4663-8ef2-4a421ce5e300" testListId="8c84fa94-04c1-424b-9868-57a2d4851a1d" />
    <TestEntry testId="34829af7-3699-4204-8f09-df819b35613b" executionId="0e345976-33b1-4a7d-92b3-5bd80cd3e09c" testListId="8c84fa94-04c1-424b-9868-57a2d4851a1d" />
    <TestEntry testId="6d00b237-dccd-410b-893c-5a6f6ff60293" executionId="4b3f10db-cb9e-446c-b68a-14d9d79bfaa0" testListId="8c84fa94-04c1-424b-9868-57a2d4851a1d" />
    <TestEntry testId="61e4cd32-8f35-42c7-9b00-43f7253ea1de" executionId="0e4f9694-6bfd-4f89-a135-745d2534a237" testListId="8c84fa94-04c1-424b-9868-57a2d4851a1d" />
    <TestEntry testId="58021c3e-2f91-4921-997a-e8005c83afdd" executionId="9073a02c-f266-4d72-bfc7-4d19ba23d515" testListId="8c84fa94-04c1-424b-9868-57a2d4851a1d" />
    <TestEntry testId="197fdc14-9c57-463d-a0ae-c45af3dc9d50" executionId="86a4398c-c101-4071-a6ea-b0b5369f33a4" testListId="8c84fa94-04c1-424b-9868-57a2d4851a1d" />
    <TestEntry testId="2235bd72-d5d2-4b01-8337-3f409b3ee496" executionId="6824eb7b-4ccc-4d48-942c-a2d96abc9f38" testListId="8c84fa94-04c1-424b-9868-57a2d4851a1d" />
    <TestEntry testId="7ff40eb7-153e-45c5-b705-2cb8f8966646" executionId="d94113f1-9120-4214-9edf-453013e27e80" testListId="8c84fa94-04c1-424b-9868-57a2d4851a1d" />
    <TestEntry testId="8bee5651-02db-4d31-a3a8-e19d53fe4f34" executionId="c23648bc-04cc-41ad-a25a-25efcb72a1c4" testListId="8c84fa94-04c1-424b-9868-57a2d4851a1d" />
    <TestEntry testId="75562b60-cb00-41b9-9087-be6347efd507" executionId="ff892b6e-41eb-4a3e-9185-9bdb0c0c300d" testListId="8c84fa94-04c1-424b-9868-57a2d4851a1d" />
    <TestEntry testId="a92ad1dc-b0a5-4529-89da-bec135e0a465" executionId="104fb075-b320-4a13-94b6-214ddfe83f48" testListId="8c84fa94-04c1-424b-9868-57a2d4851a1d" />
    <TestEntry testId="4f749208-d4c7-41f3-a34b-d62728b2de7c" executionId="66d4e3c3-e42c-4b17-84be-b712c739eafd" testListId="8c84fa94-04c1-424b-9868-57a2d4851a1d" />
    <TestEntry testId="f64dac14-f6e5-40ce-bf94-680bb870a251" executionId="951877dc-da15-46bf-96cb-7e765fd157af" testListId="8c84fa94-04c1-424b-9868-57a2d4851a1d" />
    <TestEntry testId="b4a0a30c-afeb-42a3-b6a6-a065ccb95728" executionId="2f48538e-614a-4715-8e33-b6b24d4201a8" testListId="8c84fa94-04c1-424b-9868-57a2d4851a1d" />
    <TestEntry testId="157d13d4-8c2f-4df8-9e50-50ee08067c49" executionId="daf51657-b944-4a77-99b3-1259de8cb12b" testListId="8c84fa94-04c1-424b-9868-57a2d4851a1d" />
    <TestEntry testId="2b9d6f5e-0352-4227-b8a6-1cad6aa75f10" executionId="dce49e03-9d7e-487e-a899-988c4d0402cc" testListId="8c84fa94-04c1-424b-9868-57a2d4851a1d" />
    <TestEntry testId="6e02a374-e419-45d6-affc-8b224595548a" executionId="57c11078-e584-499b-a564-b8a804809100" testListId="8c84fa94-04c1-424b-9868-57a2d4851a1d" />
    <TestEntry testId="3f5fddda-dc14-41f0-aaad-a9c2a2e8d83d" executionId="52175963-f19e-4d96-8773-f83841ebd057" testListId="8c84fa94-04c1-424b-9868-57a2d4851a1d" />
    <TestEntry testId="7e326e9f-be4b-4dec-8a5d-4ab7c04fc4a6" executionId="017cd6a1-b562-4ca7-a2e0-d1939e905ff8" testListId="8c84fa94-04c1-424b-9868-57a2d4851a1d" />
    <TestEntry testId="a517be73-807c-40ee-b3dd-a8bffd594e4d" executionId="6d930809-afef-4438-9330-96ecdbbd79e4" testListId="8c84fa94-04c1-424b-9868-57a2d4851a1d" />
    <TestEntry testId="8ded7687-c60b-4e8b-a006-d43eebe5f5de" executionId="b42fb1b1-ab8b-4c8e-8b1c-3e0611d05ef2" testListId="8c84fa94-04c1-424b-9868-57a2d4851a1d" />
    <TestEntry testId="5f6450b0-3ac0-47e3-93c2-b744ea3be9dc" executionId="8887a25a-f1ad-4f10-bff3-7e89cd6f4178" testListId="8c84fa94-04c1-424b-9868-57a2d4851a1d" />
    <TestEntry testId="b4c589eb-2d6a-475b-bcf8-ce5e82446bc5" executionId="d124b56f-bf9e-49e3-9936-e4f3b9d9709e" testListId="8c84fa94-04c1-424b-9868-57a2d4851a1d" />
    <TestEntry testId="b5df7ec8-6322-465a-8281-416e484be15a" executionId="0db48b38-5dd7-4641-bc44-4fd9bbb042b5" testListId="8c84fa94-04c1-424b-9868-57a2d4851a1d" />
    <TestEntry testId="f35b821b-3f42-4283-87dc-bd7b934bd447" executionId="be669f76-ef5b-46de-b421-bf862ea05e16" testListId="8c84fa94-04c1-424b-9868-57a2d4851a1d" />
    <TestEntry testId="a2f9c5d0-cffd-4b60-ba87-4acbad6323b5" executionId="e2e06dc7-26c8-49fb-b55f-821e88513a49" testListId="8c84fa94-04c1-424b-9868-57a2d4851a1d" />
    <TestEntry testId="74ca1a21-80a6-4490-b2c3-45dc19ab638e" executionId="e5814c43-159f-42d6-8167-db94c4b36fcc" testListId="8c84fa94-04c1-424b-9868-57a2d4851a1d" />
    <TestEntry testId="cb50ec95-fbbc-4f32-a51c-c3a296831cbe" executionId="1c84ecdd-6703-4e3f-b874-83d42aa46c29" testListId="8c84fa94-04c1-424b-9868-57a2d4851a1d" />
    <TestEntry testId="6b79fcb7-b387-4246-a7e3-db569b878997" executionId="5f869d5f-452b-4b19-a6cd-1ad7036315d9" testListId="8c84fa94-04c1-424b-9868-57a2d4851a1d" />
    <TestEntry testId="e8e525c3-76e7-4796-9c2a-1eafb525f22c" executionId="d904cda0-4e17-4496-bbe7-e96c29aa7e44" testListId="8c84fa94-04c1-424b-9868-57a2d4851a1d" />
    <TestEntry testId="2ddf6cf2-e5fd-4c72-a254-24afc056555c" executionId="9f7896b9-c8dc-42e3-bd5f-fe27ce5c171d" testListId="8c84fa94-04c1-424b-9868-57a2d4851a1d" />
    <TestEntry testId="c5e821f5-7a06-46b6-baa1-c639f4fa86f6" executionId="01619ec6-7957-408a-8516-6ee76232a36f" testListId="8c84fa94-04c1-424b-9868-57a2d4851a1d" />
    <TestEntry testId="f8e4c336-fa94-486d-afef-cffb9e7b3ce4" executionId="33ebf158-5221-4b00-b5ea-231cea6087cc" testListId="8c84fa94-04c1-424b-9868-57a2d4851a1d" />
    <TestEntry testId="4d9b16c5-773e-457b-9915-7c653743249e" executionId="0daf7b52-ccc0-4922-8697-c01f2b386c02" testListId="8c84fa94-04c1-424b-9868-57a2d4851a1d" />
    <TestEntry testId="96407c6c-4878-43b4-bf7f-448a6ae845af" executionId="5ac21ed7-9954-456a-b88f-2ed6e57782e2" testListId="8c84fa94-04c1-424b-9868-57a2d4851a1d" />
    <TestEntry testId="5703fed9-7853-4a7a-8d26-ac0a21849922" executionId="3f5d56a7-b8f2-4675-a6d3-414082496617" testListId="8c84fa94-04c1-424b-9868-57a2d4851a1d" />
    <TestEntry testId="ef685342-cc39-47c6-82e3-08cf0ebc56c6" executionId="f8439d93-6b97-4cbb-92be-52b9f715b4a5" testListId="8c84fa94-04c1-424b-9868-57a2d4851a1d" />
    <TestEntry testId="625fbcd7-ce28-46f2-9737-978aa476097c" executionId="d3d5988b-5240-4303-950f-99b005934a9b" testListId="8c84fa94-04c1-424b-9868-57a2d4851a1d" />
    <TestEntry testId="360de79c-eb58-4f10-8029-d423a16da1b6" executionId="ac9fccce-a763-4ac0-8558-a6fd87ad0cdd" testListId="8c84fa94-04c1-424b-9868-57a2d4851a1d" />
    <TestEntry testId="9d442232-54de-43e5-a4e7-4325155252f2" executionId="da158a26-0217-4184-b46e-85687b588cf2" testListId="8c84fa94-04c1-424b-9868-57a2d4851a1d" />
    <TestEntry testId="c896d566-8e11-4040-b394-29960021ed80" executionId="e73021fa-9250-4c15-b9b2-b59b74864781" testListId="8c84fa94-04c1-424b-9868-57a2d4851a1d" />
    <TestEntry testId="5bcdf1aa-d2fe-4dec-b068-14c151383220" executionId="1075be1b-9d06-4a1d-a66e-d81a16abe805" testListId="8c84fa94-04c1-424b-9868-57a2d4851a1d" />
    <TestEntry testId="a261425a-e5b7-4058-bf71-f08f723ec67e" executionId="98f6faf8-7748-427a-ad24-6c7f50b664ed" testListId="8c84fa94-04c1-424b-9868-57a2d4851a1d" />
    <TestEntry testId="383ea1ef-3766-4a94-9ddd-543c7c44077e" executionId="e5e5e00c-b20f-49d9-8dd8-8ed14a531065" testListId="8c84fa94-04c1-424b-9868-57a2d4851a1d" />
    <TestEntry testId="e5b1db50-4d2a-428d-8c4a-fcbd3e3b6081" executionId="6c54d6fa-646c-4bc2-80df-a1ae3599ff78" testListId="8c84fa94-04c1-424b-9868-57a2d4851a1d" />
    <TestEntry testId="0d2ba8e3-3fbe-486e-8f13-4424ed62fc12" executionId="d04ea92c-6630-48de-a850-9fc761ed9df2" testListId="8c84fa94-04c1-424b-9868-57a2d4851a1d" />
    <TestEntry testId="4e4c898d-bd81-4c9f-917a-8ce2f6079043" executionId="c0fe3c44-046d-4327-ba8a-fd290fb304b7" testListId="8c84fa94-04c1-424b-9868-57a2d4851a1d" />
    <TestEntry testId="1c966865-64c4-4e13-bd68-171c2fc02318" executionId="c5b908f1-9dd2-423c-87ce-7f90667c9ab2" testListId="8c84fa94-04c1-424b-9868-57a2d4851a1d" />
    <TestEntry testId="12458f57-6161-4404-8192-ddf8a6c35eac" executionId="51ccdedb-24c2-4229-a6f9-2ec42f162b38" testListId="8c84fa94-04c1-424b-9868-57a2d4851a1d" />
    <TestEntry testId="cdd3bd46-a33b-421a-86d9-a9e0edcb77af" executionId="9dec584d-6433-4c04-8b57-97b7496373bb" testListId="8c84fa94-04c1-424b-9868-57a2d4851a1d" />
    <TestEntry testId="c3d4dfe7-28fe-42cb-993c-3ba1fcf02f04" executionId="e669f18e-fa59-4694-9e91-b9abb0b19281" testListId="8c84fa94-04c1-424b-9868-57a2d4851a1d" />
    <TestEntry testId="ad7749b4-142a-45f3-9899-1c5672c81a41" executionId="9685ca02-3d32-404d-a882-0d627e0bd935" testListId="8c84fa94-04c1-424b-9868-57a2d4851a1d" />
    <TestEntry testId="fa6a71cf-0a89-463f-b9e3-d4eaccd322d2" executionId="00df7bf8-2181-4159-86f9-70495da2d331" testListId="8c84fa94-04c1-424b-9868-57a2d4851a1d" />
    <TestEntry testId="d21b2b96-f8c4-43d1-9904-198a69ae836f" executionId="9c371be6-3659-499c-adde-e144badbab37" testListId="8c84fa94-04c1-424b-9868-57a2d4851a1d" />
    <TestEntry testId="a4602f92-2fbe-49cb-b324-a08549c356fd" executionId="bbdd6517-7644-47fa-8c0d-e5a8f2878e18" testListId="8c84fa94-04c1-424b-9868-57a2d4851a1d" />
    <TestEntry testId="f0911ee7-ec6a-4269-b0e4-147957003fb1" executionId="33177a54-405c-497c-b1aa-16ff50fd46f6" testListId="8c84fa94-04c1-424b-9868-57a2d4851a1d" />
    <TestEntry testId="656236f1-1ceb-48db-a567-6debc1ce343f" executionId="f151d6fa-5310-4947-81f8-58011c949df7" testListId="8c84fa94-04c1-424b-9868-57a2d4851a1d" />
    <TestEntry testId="ed001285-3607-4af4-8dba-a47237430b2c" executionId="1b81a9b7-bc4d-4403-8dba-d290e76ec46e" testListId="8c84fa94-04c1-424b-9868-57a2d4851a1d" />
    <TestEntry testId="7b4acd14-3247-4ac5-91ac-12268f4e598d" executionId="7d06f374-31f1-409f-a9f7-ad9299473179" testListId="8c84fa94-04c1-424b-9868-57a2d4851a1d" />
    <TestEntry testId="35000864-589a-416e-ad35-526ca0ab0ecc" executionId="e832a2ee-965a-43fe-a8a2-693c93860009" testListId="8c84fa94-04c1-424b-9868-57a2d4851a1d" />
    <TestEntry testId="3757d50f-f449-407b-8d9e-b48dd6eca1a4" executionId="d63f05b7-0d11-4cfa-8593-c0c3a960c50a" testListId="8c84fa94-04c1-424b-9868-57a2d4851a1d" />
    <TestEntry testId="1bba40df-14de-45cf-9715-a3bf3e6f410a" executionId="165294a8-439b-4749-b8d2-157112e3feba" testListId="8c84fa94-04c1-424b-9868-57a2d4851a1d" />
    <TestEntry testId="bea8cacb-fedc-48b1-92b5-d421de1e33bd" executionId="4d560e23-a8d6-44c8-af10-df10e7ad5f15" testListId="8c84fa94-04c1-424b-9868-57a2d4851a1d" />
    <TestEntry testId="0fbcee68-eac9-4768-bb5f-c4dd8aefc329" executionId="82f9a1ff-cd07-4a2f-9755-70e728c07c32" testListId="8c84fa94-04c1-424b-9868-57a2d4851a1d" />
    <TestEntry testId="52eaa30c-f985-44b6-bb6f-adfe4b3158b8" executionId="f226cf48-1f54-442a-ad48-a220b9285334" testListId="8c84fa94-04c1-424b-9868-57a2d4851a1d" />
    <TestEntry testId="a82be2de-768b-4c8d-864b-5ccc30443656" executionId="8e81f2eb-c02d-4394-b2f3-2facd68a8f44" testListId="8c84fa94-04c1-424b-9868-57a2d4851a1d" />
    <TestEntry testId="4c4ab070-22c0-4e1d-9dee-a32ec4b6714e" executionId="31dd33fe-da01-46df-a6bc-b90fa2819fc9" testListId="8c84fa94-04c1-424b-9868-57a2d4851a1d" />
    <TestEntry testId="7994c78f-f5b4-4112-a8fc-7ce7ec3c03c6" executionId="bc1b953e-2c97-4dff-a395-c8a6635c25f6" testListId="8c84fa94-04c1-424b-9868-57a2d4851a1d" />
    <TestEntry testId="01bb50c1-496a-495e-a413-92d0e2fe2125" executionId="43a86216-177e-46fc-bf54-3d04b0458ec2" testListId="8c84fa94-04c1-424b-9868-57a2d4851a1d" />
    <TestEntry testId="02e185aa-f24c-46ac-93fb-320085f6cbb3" executionId="277f88c9-07ac-4e0c-9204-838300c3510c" testListId="8c84fa94-04c1-424b-9868-57a2d4851a1d" />
    <TestEntry testId="a6d5def2-0553-4b65-b563-269b68943172" executionId="10191ec5-43fb-4219-801d-08eb4ae3be21" testListId="8c84fa94-04c1-424b-9868-57a2d4851a1d" />
    <TestEntry testId="0daa03b2-0867-402b-9dc0-146ddbce0de8" executionId="9b2674f7-48e0-47fb-8ba2-1795f74220b5" testListId="8c84fa94-04c1-424b-9868-57a2d4851a1d" />
    <TestEntry testId="2884164d-18da-4d4d-93e2-677c726cc567" executionId="c52537fe-54a6-4afe-8eb7-703f96897f79" testListId="8c84fa94-04c1-424b-9868-57a2d4851a1d" />
    <TestEntry testId="7a357c24-cd4e-4800-be7e-68569ed6cb4f" executionId="6445cf10-0fdc-436f-afcb-b017f1973a96" testListId="8c84fa94-04c1-424b-9868-57a2d4851a1d" />
    <TestEntry testId="36c81860-645c-499f-92b0-2f404adb6c8f" executionId="eccddf08-1330-4c16-9d68-1aa2592f54c1" testListId="8c84fa94-04c1-424b-9868-57a2d4851a1d" />
    <TestEntry testId="c890848f-778c-4c9d-a3a2-638957eceaef" executionId="47fd4db7-d7ae-4098-ae22-e91a14eb9cad" testListId="8c84fa94-04c1-424b-9868-57a2d4851a1d" />
    <TestEntry testId="65eecd45-d4ef-471d-9211-4923608d662f" executionId="78179168-e070-4c87-b939-279c41c87216" testListId="8c84fa94-04c1-424b-9868-57a2d4851a1d" />
    <TestEntry testId="940fa650-49ac-477f-97e8-5580c9469ded" executionId="b970a9c0-e3dd-4e8e-8dfa-c18fd717862d" testListId="8c84fa94-04c1-424b-9868-57a2d4851a1d" />
    <TestEntry testId="3ab4b077-724d-417d-817e-15351a57333a" executionId="a96ebb25-6e37-4a25-aaa5-29ba5f2c5086" testListId="8c84fa94-04c1-424b-9868-57a2d4851a1d" />
    <TestEntry testId="778f9905-e6fb-46eb-9a4b-7d73c978178e" executionId="49dcf681-7759-4d12-b1ed-4f905b84d3ec" testListId="8c84fa94-04c1-424b-9868-57a2d4851a1d" />
    <TestEntry testId="f7721c21-c521-4c3f-b841-2eebaeb33640" executionId="e102ac28-7797-49c2-a50c-b64b9fd8f340" testListId="8c84fa94-04c1-424b-9868-57a2d4851a1d" />
    <TestEntry testId="998e9af9-3c1d-4b61-a932-62cbb77f8ff2" executionId="bdc5b357-350a-4a73-aeea-d85647f40815" testListId="8c84fa94-04c1-424b-9868-57a2d4851a1d" />
    <TestEntry testId="a8474554-ae9c-4894-a956-c679f72c7ac1" executionId="550708bb-10bd-4e33-9d82-1a4f10b311d1" testListId="8c84fa94-04c1-424b-9868-57a2d4851a1d" />
    <TestEntry testId="49c5b8b4-92cc-424e-92d5-ee80a1477d1b" executionId="1603d9ee-35b6-4942-91be-c19ad9905f84" testListId="8c84fa94-04c1-424b-9868-57a2d4851a1d" />
    <TestEntry testId="3960c701-e721-4d11-876f-53462b254da6" executionId="e61973ac-4068-4be3-90c0-95ee9f7126d7" testListId="8c84fa94-04c1-424b-9868-57a2d4851a1d" />
    <TestEntry testId="6abaa9cb-5221-440f-8aae-42b66dc19fa4" executionId="360aaea4-87df-4dc1-80a8-dad2bd6572d1" testListId="8c84fa94-04c1-424b-9868-57a2d4851a1d" />
    <TestEntry testId="4fec242c-c0fb-440f-bac0-d51630746b24" executionId="2155ef60-0811-491a-8ee6-2d5a3b7702e6" testListId="8c84fa94-04c1-424b-9868-57a2d4851a1d" />
    <TestEntry testId="68d51392-f23c-4aa2-97c4-d1731f10a61c" executionId="be053759-86e9-4729-82e8-b55e12472015" testListId="8c84fa94-04c1-424b-9868-57a2d4851a1d" />
    <TestEntry testId="cb258bc7-d06c-4658-8949-d344226d183c" executionId="e1f5cf6f-209a-4774-88cd-5fb202d32e79" testListId="8c84fa94-04c1-424b-9868-57a2d4851a1d" />
    <TestEntry testId="db3d2d21-bde7-4051-846a-05e406ca0d87" executionId="65fdc2dc-851e-43f1-ab41-933af3c9eee2" testListId="8c84fa94-04c1-424b-9868-57a2d4851a1d" />
    <TestEntry testId="1186ca54-bd61-4a2b-8b9b-b0a99d5983c6" executionId="16f6d001-43e3-45f8-83b9-06930f68db28" testListId="8c84fa94-04c1-424b-9868-57a2d4851a1d" />
    <TestEntry testId="89045bc5-7927-4628-8bcc-d6782327449b" executionId="9b9ae1b8-6814-4832-b58a-6aa20b8373cb" testListId="8c84fa94-04c1-424b-9868-57a2d4851a1d" />
    <TestEntry testId="be71b553-59a0-406f-af7a-5d099bed95c3" executionId="8f553e48-480f-4105-969e-56ca0e17d37a" testListId="8c84fa94-04c1-424b-9868-57a2d4851a1d" />
    <TestEntry testId="11a75546-d9d8-4fdd-944e-2cc3a5da2c0c" executionId="9ed7cb56-eb18-48d1-8d23-55760f947589" testListId="8c84fa94-04c1-424b-9868-57a2d4851a1d" />
    <TestEntry testId="90e14511-e90f-445c-b70f-507a41962643" executionId="8b80ca67-7b9b-47c9-be92-bf58340be74f" testListId="8c84fa94-04c1-424b-9868-57a2d4851a1d" />
    <TestEntry testId="942cf037-05ee-43c3-9bf2-d57b2cd79fc0" executionId="7b8280a3-66db-4da6-bf50-c70a734f8bab" testListId="8c84fa94-04c1-424b-9868-57a2d4851a1d" />
    <TestEntry testId="9d749512-e341-4fd6-80d8-650a864f4020" executionId="382383b7-0159-4290-a558-69069ff29c53" testListId="8c84fa94-04c1-424b-9868-57a2d4851a1d" />
    <TestEntry testId="bec6416e-e28c-466a-8a2e-b547ec4a76e0" executionId="3eaec9ef-6f43-4447-8205-873ebd1a7449" testListId="8c84fa94-04c1-424b-9868-57a2d4851a1d" />
    <TestEntry testId="f749da00-b474-458d-afe3-23eab92a7845" executionId="f639e828-37c3-492c-b274-7af04c18cf12" testListId="8c84fa94-04c1-424b-9868-57a2d4851a1d" />
    <TestEntry testId="9f60c7d6-950f-4f7c-ac1a-fa9fe892573e" executionId="d29e2794-2e81-4697-95e3-f644ff999464" testListId="8c84fa94-04c1-424b-9868-57a2d4851a1d" />
    <TestEntry testId="d1e2a13c-a09a-43c9-ab76-e8d213223001" executionId="65a906e0-982f-47c7-8478-2162424aaada" testListId="8c84fa94-04c1-424b-9868-57a2d4851a1d" />
    <TestEntry testId="3f4666ce-74a8-4c60-811e-6838beaa477b" executionId="42c017f0-9743-46df-8e0e-bb17749f1e88" testListId="8c84fa94-04c1-424b-9868-57a2d4851a1d" />
    <TestEntry testId="515d7eca-38a0-44b6-b689-fb3058c9c72e" executionId="db492bf5-43a7-4508-b925-d67efd559137" testListId="8c84fa94-04c1-424b-9868-57a2d4851a1d" />
    <TestEntry testId="b9767bb7-20e7-4649-9515-87c08446bfe7" executionId="1bd0d332-826b-4745-80f0-df83e5b9b943" testListId="8c84fa94-04c1-424b-9868-57a2d4851a1d" />
    <TestEntry testId="884c8975-2a14-4fce-9418-a80f434812cd" executionId="7a749e3d-6ea8-4fa9-b492-48ca999afb1b" testListId="8c84fa94-04c1-424b-9868-57a2d4851a1d" />
    <TestEntry testId="d516c482-0d58-4cff-a291-d16a1f37a661" executionId="564d7411-5c04-4d4c-b734-b78999442676" testListId="8c84fa94-04c1-424b-9868-57a2d4851a1d" />
    <TestEntry testId="1ab153b2-30b3-4061-908d-a0fa2eba80c0" executionId="0808650a-3abe-44e8-86e5-804d8c301c09" testListId="8c84fa94-04c1-424b-9868-57a2d4851a1d" />
    <TestEntry testId="7912b336-5122-42d3-a222-6643ac3a9bfa" executionId="7b107430-8ba0-48da-9b7a-19324bf9c95f" testListId="8c84fa94-04c1-424b-9868-57a2d4851a1d" />
    <TestEntry testId="102f268e-4b17-4b64-8d76-2b1ffa758a33" executionId="ee3508c8-6179-4bdd-8360-35b78c3a1489" testListId="8c84fa94-04c1-424b-9868-57a2d4851a1d" />
    <TestEntry testId="24792fb0-ecfc-4614-a672-eb2383a575e0" executionId="52b5651b-3ff2-497f-81cd-b46779451166" testListId="8c84fa94-04c1-424b-9868-57a2d4851a1d" />
    <TestEntry testId="a380fe0d-ec21-4285-bb16-46b6d815e6b3" executionId="1696a9c7-d2fc-4af5-bf97-88a57969c134" testListId="8c84fa94-04c1-424b-9868-57a2d4851a1d" />
    <TestEntry testId="2085524d-183f-4673-9fa6-4a08001ff9fe" executionId="61d56246-5971-434f-850f-5b5db7c8f83e" testListId="8c84fa94-04c1-424b-9868-57a2d4851a1d" />
    <TestEntry testId="e1398bfe-27dc-4010-a031-234ba6c17044" executionId="f64c8a19-8554-4c90-93da-6187bec3b468" testListId="8c84fa94-04c1-424b-9868-57a2d4851a1d" />
    <TestEntry testId="a1619251-1db4-4a77-bb3a-828ffb2d6987" executionId="0c58cadc-78c6-4bab-abda-084a2d439754" testListId="8c84fa94-04c1-424b-9868-57a2d4851a1d" />
    <TestEntry testId="becaf0f4-5dc7-41c3-8278-3ef8899912ad" executionId="c51926d5-ba14-49b9-9c8c-1c9de64a4b79" testListId="8c84fa94-04c1-424b-9868-57a2d4851a1d" />
    <TestEntry testId="b56d72f1-8e84-43d2-a541-298158b8b4f0" executionId="175f4612-7f17-4e46-b903-8149352ec360" testListId="8c84fa94-04c1-424b-9868-57a2d4851a1d" />
    <TestEntry testId="9976716c-5143-438b-8dda-8187deccf9bb" executionId="604b68c3-830a-4dab-b3f0-a03a616ce4e6" testListId="8c84fa94-04c1-424b-9868-57a2d4851a1d" />
    <TestEntry testId="a4b30c80-47c1-4224-9155-c19a8c34d6dd" executionId="9567a090-16f6-40d7-9c6f-6502d9e8f8ca" testListId="8c84fa94-04c1-424b-9868-57a2d4851a1d" />
    <TestEntry testId="0d80f530-55d7-4d30-81e1-de50b4d313c2" executionId="ab211678-b959-4843-a96d-5a63908ecd10" testListId="8c84fa94-04c1-424b-9868-57a2d4851a1d" />
    <TestEntry testId="354aae3a-782a-422f-8445-eb1e10aadb86" executionId="2f692b25-4aff-4a31-b089-d49392693dd9" testListId="8c84fa94-04c1-424b-9868-57a2d4851a1d" />
    <TestEntry testId="efb48f02-335b-4abb-86f1-e5fb09e7b683" executionId="dfd0f17b-b115-4387-b4fe-a9dac88b65df" testListId="8c84fa94-04c1-424b-9868-57a2d4851a1d" />
    <TestEntry testId="2ca7a3fa-d8a9-47df-a70b-680d7be0ef9e" executionId="c7fbbc69-9cdd-4842-8b14-16677bfd4fa5" testListId="8c84fa94-04c1-424b-9868-57a2d4851a1d" />
    <TestEntry testId="59d4033e-ee93-4f9f-a96f-c02e5aafc3ca" executionId="f48c6907-64b2-4913-9922-2558ddfbe852" testListId="8c84fa94-04c1-424b-9868-57a2d4851a1d" />
    <TestEntry testId="e2785515-4b4d-468c-827a-e71fca0215cb" executionId="b42cf178-225f-4cf1-ac53-6646e1c84950" testListId="8c84fa94-04c1-424b-9868-57a2d4851a1d" />
    <TestEntry testId="80797f35-fc32-4f72-b58c-88bdc733b437" executionId="2bdcc6ea-d073-408b-916f-3efe22292ae5" testListId="8c84fa94-04c1-424b-9868-57a2d4851a1d" />
    <TestEntry testId="807a7b94-1c30-40ca-8f19-da897cd9fb37" executionId="fa341aa8-5312-4bd9-9a8c-5ce2f3366bb3" testListId="8c84fa94-04c1-424b-9868-57a2d4851a1d" />
    <TestEntry testId="d099cbb4-505c-4b76-823a-db158ec9ff6e" executionId="257d122b-70d3-4400-911d-1ed272eb30ae" testListId="8c84fa94-04c1-424b-9868-57a2d4851a1d" />
    <TestEntry testId="dae2f575-858f-4c2b-bf2f-8356d213516d" executionId="d11f939e-3884-4b39-af0b-f97894620616" testListId="8c84fa94-04c1-424b-9868-57a2d4851a1d" />
    <TestEntry testId="738ce613-43ba-4134-b4d6-3a15ef8d2b37" executionId="9d87c309-a4a3-49e9-9c87-df4496cd152a" testListId="8c84fa94-04c1-424b-9868-57a2d4851a1d" />
    <TestEntry testId="1e6efea7-6c51-4482-8c62-0cc6bcf62b31" executionId="a228bb18-65be-4c2e-9fd1-0af51e3cd80a" testListId="8c84fa94-04c1-424b-9868-57a2d4851a1d" />
  </TestEntries>
  <TestLists>
    <TestList name="Results Not in a List" id="8c84fa94-04c1-424b-9868-57a2d4851a1d" />
    <TestList name="All Loaded Results" id="19431567-8539-422a-85d7-44ee4e166bda" />
  </TestLists>
  <ResultSummary outcome="Completed">
    <Counters total="1600" executed="1600" passed="1600" failed="0" error="0" timeout="0" aborted="0" inconclusive="0" passedButRunAborted="0" notRunnable="0" notExecuted="0" disconnected="0" warning="0" completed="0" inProgress="0" pending="0" />
    <Output>
      <StdOut>[xUnit.net 00:00:00.4979865] Skipping: Microsoft.VisualStudio.Composition.AssemblyDiscoveryTests (could not find dependent assembly 'Microsoft.VisualStudio.Composition.MissingAssemblyTests, Version=14.0.0')[xUnit.net 00:00:00.6233246] Skipping: Microsoft.VisualStudio.Composition.BrokenAssemblyTests (could not find dependent assembly 'Microsoft.VisualStudio.Composition.MissingAssemblyTests, Version=14.0.0')Test 'ComposeEditorPerformance' was skipped in the test run.Test 'CompositionServiceSharedWithinRootScope' was skipped in the test run.Test 'CustomMetadataValueV2' was skipped in the test run.Test 'CustomMetadataValueV1' was skipped in the test run.Test 'ExceptionIsSerializable' was skipped in the test run.Test 'MetadataViewImplementationViaImport' was skipped in the test run.Test 'CompositionServiceSharedWithinChildScope' was skipped in the test run.Test 'NonAnalyzableCircularDependencyFromImperativeQueryWithImportingProperty' was skipped in the test run.Test 'NonAnalyzableCircularDependencyFromImperativeQueryWithImportingConstructor' was skipped in the test run.Test 'ImportingConstructorWithLazyImportingConstructorPartEventuallyInitializesAfterThrowingInCtor' was skipped in the test run.Test 'MetadataViewInterfaceInstanceSharedAcrossImports' was skipped in the test run.Test 'LazyOfNonSharedPartConstructsOnlyOneInstanceAcrossThreadsV1' was skipped in the test run.</StdOut>
    </Output>
  </ResultSummary>
</TestRun>