<?xml version="1.0" encoding="UTF-8"?>
<TestRun id="49171252-6d93-49de-a770-07f2153e89bc" name="tfsmladm@TFSBUILD11 2015-09-28 09:43:20" runUser="REDMOND\tfsmladm" xmlns="http://microsoft.com/schemas/VisualStudio/TeamTest/2010">
  <Times creation="2015-09-28T09:43:20.6866377-07:00" queuing="2015-09-28T09:43:20.6866377-07:00" start="2015-09-28T09:43:20.7022641-07:00" finish="2015-09-28T09:43:21.9992316-07:00" />
  <TestSettings name="default" id="c966a44c-117f-4394-9984-cdfc55152668">
    <Execution>
      <TestTypeSpecific />
    </Execution>
    <Deployment runDeploymentRoot="tfsmladm_TFSBUILD11 2015-09-28 09_43_20" />
    <Properties />
  </TestSettings>
  <Results>
    <UnitTestResult executionId="8608a5af-4a9d-4810-9bc0-e99a2155bee4" testId="afa586e6-6395-2a5d-78de-7a9b1e659d00" testName="HandleEvent_NoLinkedTickets_ShouldReturnNoopActionTask" computerName="TFSBUILD11" duration="00:00:00.6977505" startTime="2015-09-28T09:43:19.3271683-07:00" endTime="2015-09-28T09:43:20.4366210-07:00" testType="13cdc9d9-ddb5-4fa4-a97d-d965ccfc6d4b" outcome="Passed" testListId="8c84fa94-04c1-424b-9868-57a2d4851a1d" relativeResultsDirectory="8608a5af-4a9d-4810-9bc0-e99a2155bee4" />
    <UnitTestResult executionId="31b20085-9f69-4f24-b0e3-0bbb8f1f72f4" testId="0fe0fd4c-8197-54a6-1e6f-7f18b849e440" testName="HandleEvent_CommentNotElegible_ShouldReturnNoopActionTask" computerName="TFSBUILD11" duration="00:00:00.0745803" startTime="2015-09-28T09:43:20.4522494-07:00" endTime="2015-09-28T09:43:20.5303777-07:00" testType="13cdc9d9-ddb5-4fa4-a97d-d965ccfc6d4b" outcome="Passed" testListId="8c84fa94-04c1-424b-9868-57a2d4851a1d" relativeResultsDirectory="31b20085-9f69-4f24-b0e3-0bbb8f1f72f4" />
    <UnitTestResult executionId="710f5a1a-f089-427a-b288-45607254c2e8" testId="c6e390ac-5744-8a39-8bf1-57121001afa6" testName="HandleEvent_AllInputsFilledOk_ShouldReturnHttpActionTaskConfiguredOk" computerName="TFSBUILD11" duration="00:00:00.1121613" startTime="2015-09-28T09:43:20.5303777-07:00" endTime="2015-09-28T09:43:20.6397602-07:00" testType="13cdc9d9-ddb5-4fa4-a97d-d965ccfc6d4b" outcome="Passed" testListId="8c84fa94-04c1-424b-9868-57a2d4851a1d" relativeResultsDirectory="710f5a1a-f089-427a-b288-45607254c2e8" />
    <UnitTestResult executionId="0f1d676d-5920-4173-af85-999ddf11a066" testId="4cd9650e-bb90-cb08-9084-782eff27a952" testName="HandleEvent_CommentPatternNotSpecified_ShouldReturnHttpActionTaskConfiguredOk" computerName="TFSBUILD11" duration="00:00:00.0039554" startTime="2015-09-28T09:43:20.6397602-07:00" endTime="2015-09-28T09:43:20.6397602-07:00" testType="13cdc9d9-ddb5-4fa4-a97d-d965ccfc6d4b" outcome="Passed" testListId="8c84fa94-04c1-424b-9868-57a2d4851a1d" relativeResultsDirectory="0f1d676d-5920-4173-af85-999ddf11a066" />
    <UnitTestResult executionId="c51106d4-c98e-492d-969a-d05970ea134c" testId="66dc92b6-637b-117b-28cb-5ad954caf2ad" testName="HandleEvent_CommentEligibleStartingWithHtml_ShouldReturnHttpActionTaskConfiguredOk" computerName="TFSBUILD11" duration="00:00:00.0083219" startTime="2015-09-28T09:43:20.6397602-07:00" endTime="2015-09-28T09:43:20.6553860-07:00" testType="13cdc9d9-ddb5-4fa4-a97d-d965ccfc6d4b" outcome="Passed" testListId="8c84fa94-04c1-424b-9868-57a2d4851a1d" relativeResultsDirectory="c51106d4-c98e-492d-969a-d05970ea134c" />
    <UnitTestResult executionId="dc07ce8b-198d-4a1c-b07f-88821801d1e3" testId="93d4f9f3-59c8-7e40-2e83-2b8a49b0f590" testName="Id_CheckExpected" computerName="TFSBUILD11" duration="00:00:00.0010587" startTime="2015-09-28T09:43:20.6553860-07:00" endTime="2015-09-28T09:43:20.6553860-07:00" testType="13cdc9d9-ddb5-4fa4-a97d-d965ccfc6d4b" outcome="Passed" testListId="8c84fa94-04c1-424b-9868-57a2d4851a1d" relativeResultsDirectory="dc07ce8b-198d-4a1c-b07f-88821801d1e3" />
    <UnitTestResult executionId="926959b7-e0e7-442e-8e76-ec490def9ac2" testId="40bf8eeb-4c99-d77c-a2ed-131d5f566e6d" testName="ConsumerId_CheckExpected" computerName="TFSBUILD11" duration="00:00:00.0001339" startTime="2015-09-28T09:43:20.6553860-07:00" endTime="2015-09-28T09:43:20.6553860-07:00" testType="13cdc9d9-ddb5-4fa4-a97d-d965ccfc6d4b" outcome="Passed" testListId="8c84fa94-04c1-424b-9868-57a2d4851a1d" relativeResultsDirectory="926959b7-e0e7-442e-8e76-ec490def9ac2" />
    <UnitTestResult executionId="03042f72-58ae-4fe3-b603-27fb5ddceee5" testId="56fa40e9-ecf7-3bcd-d9ef-b218927a1509" testName="Name_CheckExpected" computerName="TFSBUILD11" duration="00:00:00.0002457" startTime="2015-09-28T09:43:20.6553860-07:00" endTime="2015-09-28T09:43:20.6553860-07:00" testType="13cdc9d9-ddb5-4fa4-a97d-d965ccfc6d4b" outcome="Passed" testListId="8c84fa94-04c1-424b-9868-57a2d4851a1d" relativeResultsDirectory="03042f72-58ae-4fe3-b603-27fb5ddceee5" />
    <UnitTestResult executionId="8f3f8a9c-aa69-4df3-a07a-26f699a35799" testId="55535886-b988-2f50-c70f-5a26f733d0c2" testName="Description_CheckExpected" computerName="TFSBUILD11" duration="00:00:00.0002201" startTime="2015-09-28T09:43:20.6553860-07:00" endTime="2015-09-28T09:43:20.6553860-07:00" testType="13cdc9d9-ddb5-4fa4-a97d-d965ccfc6d4b" outcome="Passed" testListId="8c84fa94-04c1-424b-9868-57a2d4851a1d" relativeResultsDirectory="8f3f8a9c-aa69-4df3-a07a-26f699a35799" />
    <UnitTestResult executionId="8c1c8950-70f3-4a5f-bd47-4caf55f23e3f" testId="7edd0a4a-ccf4-a5a9-dac8-b9e5b7feb429" testName="SupportedEventTypes_CheckExpected" computerName="TFSBUILD11" duration="00:00:00.0021185" startTime="2015-09-28T09:43:20.6553860-07:00" endTime="2015-09-28T09:43:20.6553860-07:00" testType="13cdc9d9-ddb5-4fa4-a97d-d965ccfc6d4b" outcome="Passed" testListId="8c84fa94-04c1-424b-9868-57a2d4851a1d" relativeResultsDirectory="8c1c8950-70f3-4a5f-bd47-4caf55f23e3f" />
    <UnitTestResult executionId="3822b0ee-f749-4295-bf63-43463cc5d83e" testId="83eed422-567d-13e7-d1f9-17577b29834a" testName="SupportedResourceVersions_CheckExpected" computerName="TFSBUILD11" duration="00:00:00.0008658" startTime="2015-09-28T09:43:20.6553860-07:00" endTime="2015-09-28T09:43:20.6553860-07:00" testType="13cdc9d9-ddb5-4fa4-a97d-d965ccfc6d4b" outcome="Passed" testListId="8c84fa94-04c1-424b-9868-57a2d4851a1d" relativeResultsDirectory="3822b0ee-f749-4295-bf63-43463cc5d83e" />
    <UnitTestResult executionId="5e1160dd-f717-46e9-9101-d68a48690e44" testId="f47a56c9-e1c8-9fd5-7a1d-4bb2f5f5db94" testName="AllowResourceVersionOverride_CheckExpected" computerName="TFSBUILD11" duration="00:00:00.0008274" startTime="2015-09-28T09:43:20.6553860-07:00" endTime="2015-09-28T09:43:20.6553860-07:00" testType="13cdc9d9-ddb5-4fa4-a97d-d965ccfc6d4b" outcome="Passed" testListId="8c84fa94-04c1-424b-9868-57a2d4851a1d" relativeResultsDirectory="5e1160dd-f717-46e9-9101-d68a48690e44" />
    <UnitTestResult executionId="1bed87f5-b90a-44de-9d83-ed084328b7d4" testId="63b36da9-efe3-d158-8d1b-b081909972d6" testName="InputDescriptors_CheckExpected" computerName="TFSBUILD11" duration="00:00:00.0012666" startTime="2015-09-28T09:43:20.6553860-07:00" endTime="2015-09-28T09:43:20.6710124-07:00" testType="13cdc9d9-ddb5-4fa4-a97d-d965ccfc6d4b" outcome="Passed" testListId="8c84fa94-04c1-424b-9868-57a2d4851a1d" relativeResultsDirectory="1bed87f5-b90a-44de-9d83-ed084328b7d4" />
    <UnitTestResult executionId="8aa86b06-80d8-4e61-8edd-7d02d23e66c3" testId="5dd61c3f-ac11-6de6-8ac0-f3375d6ba5c0" testName="Id_CheckExpected" computerName="TFSBUILD11" duration="00:00:00.0002881" startTime="2015-09-28T09:43:20.6710124-07:00" endTime="2015-09-28T09:43:20.6710124-07:00" testType="13cdc9d9-ddb5-4fa4-a97d-d965ccfc6d4b" outcome="Passed" testListId="8c84fa94-04c1-424b-9868-57a2d4851a1d" relativeResultsDirectory="8aa86b06-80d8-4e61-8edd-7d02d23e66c3" />
    <UnitTestResult executionId="57a1b02a-9b38-4ba7-b639-a1a24818372f" testId="2f8914d3-a732-0d44-6f09-69ceb0b4d122" testName="Name_CheckExpected" computerName="TFSBUILD11" duration="00:00:00.0003296" startTime="2015-09-28T09:43:20.6710124-07:00" endTime="2015-09-28T09:43:20.6710124-07:00" testType="13cdc9d9-ddb5-4fa4-a97d-d965ccfc6d4b" outcome="Passed" testListId="8c84fa94-04c1-424b-9868-57a2d4851a1d" relativeResultsDirectory="57a1b02a-9b38-4ba7-b639-a1a24818372f" />
    <UnitTestResult executionId="8548aea6-87a0-43b8-b9ea-541d98b3370c" testId="18dd7401-2dd7-690b-dd89-ab05f725257e" testName="Description_CheckExpected" computerName="TFSBUILD11" duration="00:00:00.0003197" startTime="2015-09-28T09:43:20.6710124-07:00" endTime="2015-09-28T09:43:20.6710124-07:00" testType="13cdc9d9-ddb5-4fa4-a97d-d965ccfc6d4b" outcome="Passed" testListId="8c84fa94-04c1-424b-9868-57a2d4851a1d" relativeResultsDirectory="8548aea6-87a0-43b8-b9ea-541d98b3370c" />
    <UnitTestResult executionId="d9db11b0-bbce-4888-973b-b02cf5332b6c" testId="b11b3c58-1621-ea23-a2c7-eafb9625e9a2" testName="InformationUrl_CheckExpected" computerName="TFSBUILD11" duration="00:00:00.0002127" startTime="2015-09-28T09:43:20.6710124-07:00" endTime="2015-09-28T09:43:20.6710124-07:00" testType="13cdc9d9-ddb5-4fa4-a97d-d965ccfc6d4b" outcome="Passed" testListId="8c84fa94-04c1-424b-9868-57a2d4851a1d" relativeResultsDirectory="d9db11b0-bbce-4888-973b-b02cf5332b6c" />
    <UnitTestResult executionId="8d208586-c8b2-4406-a3bc-e9b9ca7bc66f" testId="43c60f84-9ae1-a752-502d-064266b313c9" testName="ImageUrl_CheckExpected" computerName="TFSBUILD11" duration="00:00:00.0002073" startTime="2015-09-28T09:43:20.6710124-07:00" endTime="2015-09-28T09:43:20.6710124-07:00" testType="13cdc9d9-ddb5-4fa4-a97d-d965ccfc6d4b" outcome="Passed" testListId="8c84fa94-04c1-424b-9868-57a2d4851a1d" relativeResultsDirectory="8d208586-c8b2-4406-a3bc-e9b9ca7bc66f" />
    <UnitTestResult executionId="c65953c2-a588-4570-a020-7b223662d3ed" testId="d9a24369-43f4-f55a-8736-40a4143b5a8e" testName="AuthenticationType_CheckExpected" computerName="TFSBUILD11" duration="00:00:00.0008581" startTime="2015-09-28T09:43:20.6710124-07:00" endTime="2015-09-28T09:43:20.6710124-07:00" testType="13cdc9d9-ddb5-4fa4-a97d-d965ccfc6d4b" outcome="Passed" testListId="8c84fa94-04c1-424b-9868-57a2d4851a1d" relativeResultsDirectory="c65953c2-a588-4570-a020-7b223662d3ed" />
    <UnitTestResult executionId="0234ebbf-619e-4061-a303-e3662c4bf777" testId="f786c07a-6027-3437-0e81-1c1f6c332e89" testName="ExternalConfiguration_CheckExpected" computerName="TFSBUILD11" duration="00:00:00.0005083" startTime="2015-09-28T09:43:20.6710124-07:00" endTime="2015-09-28T09:43:20.6710124-07:00" testType="13cdc9d9-ddb5-4fa4-a97d-d965ccfc6d4b" outcome="Passed" testListId="8c84fa94-04c1-424b-9868-57a2d4851a1d" relativeResultsDirectory="0234ebbf-619e-4061-a303-e3662c4bf777" />
    <UnitTestResult executionId="4665f511-d1f9-4d23-88e9-9668865dfcc6" testId="c9000339-a52d-f5c1-7e50-b4ca12d09298" testName="InputDescriptors_CheckExpected" computerName="TFSBUILD11" duration="00:00:00.0101335" startTime="2015-09-28T09:43:20.6710124-07:00" endTime="2015-09-28T09:43:20.6866377-07:00" testType="13cdc9d9-ddb5-4fa4-a97d-d965ccfc6d4b" outcome="Passed" testListId="8c84fa94-04c1-424b-9868-57a2d4851a1d" relativeResultsDirectory="4665f511-d1f9-4d23-88e9-9668865dfcc6" />
    <UnitTestResult executionId="5a30ca9c-45a7-4615-8897-6609b2968185" testId="f2e38404-469a-2e8d-bb69-1ac3ea0e55d8" testName="FeatureName_CheckExpected" computerName="TFSBUILD11" duration="00:00:00.0002124" startTime="2015-09-28T09:43:20.6866377-07:00" endTime="2015-09-28T09:43:20.6866377-07:00" testType="13cdc9d9-ddb5-4fa4-a97d-d965ccfc6d4b" outcome="Passed" testListId="8c84fa94-04c1-424b-9868-57a2d4851a1d" relativeResultsDirectory="5a30ca9c-45a7-4615-8897-6609b2968185" />
    <UnitTestResult executionId="438defa0-1dd5-4449-b79c-8a7302a7f24c" testId="f39aca8a-b352-0b22-0eee-4bfda3737032" testName="Id_CheckExpected" computerName="TFSBUILD11" duration="00:00:00.0001294" startTime="2015-09-28T09:43:20.6866377-07:00" endTime="2015-09-28T09:43:20.6866377-07:00" testType="13cdc9d9-ddb5-4fa4-a97d-d965ccfc6d4b" outcome="Passed" testListId="8c84fa94-04c1-424b-9868-57a2d4851a1d" relativeResultsDirectory="438defa0-1dd5-4449-b79c-8a7302a7f24c" />
    <UnitTestResult executionId="a6c223d6-5565-478a-8f40-ef2943598707" testId="a82d3b86-7fc4-9459-1c43-f022178a28bd" testName="Name_CheckExpected" computerName="TFSBUILD11" duration="00:00:00.0060094" startTime="2015-09-28T09:43:20.6866377-07:00" endTime="2015-09-28T09:43:20.6866377-07:00" testType="13cdc9d9-ddb5-4fa4-a97d-d965ccfc6d4b" outcome="Passed" testListId="8c84fa94-04c1-424b-9868-57a2d4851a1d" relativeResultsDirectory="a6c223d6-5565-478a-8f40-ef2943598707" />
    <UnitTestResult executionId="67a4b813-5c22-41b0-be9e-5695f0a60bca" testId="5a64996b-3f50-2322-e233-302cdb3fe05e" testName="Description_CheckExpected" computerName="TFSBUILD11" duration="00:00:00.0002164" startTime="2015-09-28T09:43:20.6866377-07:00" endTime="2015-09-28T09:43:20.6866377-07:00" testType="13cdc9d9-ddb5-4fa4-a97d-d965ccfc6d4b" outcome="Passed" testListId="8c84fa94-04c1-424b-9868-57a2d4851a1d" relativeResultsDirectory="67a4b813-5c22-41b0-be9e-5695f0a60bca" />
    <UnitTestResult executionId="811cc4ec-37d1-4e00-a347-8bc8d7297e3b" testId="6241f138-ede1-f05e-4859-f56da8cb915e" testName="InformationUrl_CheckExpected" computerName="TFSBUILD11" duration="00:00:00.0000921" startTime="2015-09-28T09:43:20.6866377-07:00" endTime="2015-09-28T09:43:20.6866377-07:00" testType="13cdc9d9-ddb5-4fa4-a97d-d965ccfc6d4b" outcome="Passed" testListId="8c84fa94-04c1-424b-9868-57a2d4851a1d" relativeResultsDirectory="811cc4ec-37d1-4e00-a347-8bc8d7297e3b" />
    <UnitTestResult executionId="e706aabd-4705-47aa-9c9e-2b217163ce78" testId="45da2209-ae2f-2033-2c91-0f4279cc2879" testName="ImageUrl_CheckExpected" computerName="TFSBUILD11" duration="00:00:00.0000802" startTime="2015-09-28T09:43:20.6866377-07:00" endTime="2015-09-28T09:43:20.6866377-07:00" testType="13cdc9d9-ddb5-4fa4-a97d-d965ccfc6d4b" outcome="Passed" testListId="8c84fa94-04c1-424b-9868-57a2d4851a1d" relativeResultsDirectory="e706aabd-4705-47aa-9c9e-2b217163ce78" />
    <UnitTestResult executionId="5808e93a-e93b-457e-be11-7cfa47a514c5" testId="2fe18dc8-0346-1758-e0eb-22de41ab527c" testName="AuthenticationType_CheckExpected" computerName="TFSBUILD11" duration="00:00:00.0000816" startTime="2015-09-28T09:43:20.6866377-07:00" endTime="2015-09-28T09:43:20.6866377-07:00" testType="13cdc9d9-ddb5-4fa4-a97d-d965ccfc6d4b" outcome="Passed" testListId="8c84fa94-04c1-424b-9868-57a2d4851a1d" relativeResultsDirectory="5808e93a-e93b-457e-be11-7cfa47a514c5" />
    <UnitTestResult executionId="5440fa8c-205f-494a-899f-a6d92c340bbc" testId="3bed7b90-616d-e211-b013-0f7c3494c7d6" testName="ExternalConfiguration_CheckExpected" computerName="TFSBUILD11" duration="00:00:00.0002247" startTime="2015-09-28T09:43:20.6866377-07:00" endTime="2015-09-28T09:43:20.6866377-07:00" testType="13cdc9d9-ddb5-4fa4-a97d-d965ccfc6d4b" outcome="Passed" testListId="8c84fa94-04c1-424b-9868-57a2d4851a1d" relativeResultsDirectory="5440fa8c-205f-494a-899f-a6d92c340bbc" />
    <UnitTestResult executionId="df314cb8-2549-4327-949a-6cd0aeca5a86" testId="37333c7d-bbc2-6a88-9c32-032370d56b85" testName="InputDescriptors_CheckExpected" computerName="TFSBUILD11" duration="00:00:00.0001345" startTime="2015-09-28T09:43:20.6866377-07:00" endTime="2015-09-28T09:43:20.6866377-07:00" testType="13cdc9d9-ddb5-4fa4-a97d-d965ccfc6d4b" outcome="Passed" testListId="8c84fa94-04c1-424b-9868-57a2d4851a1d" relativeResultsDirectory="df314cb8-2549-4327-949a-6cd0aeca5a86" />
    <UnitTestResult executionId="d00c0687-1e01-4ad9-8be3-323b7c694e76" testId="84af5352-8227-9217-082b-cda580d09f14" testName="FeatureName_CheckExpected" computerName="TFSBUILD11" duration="00:00:00.0000054" startTime="2015-09-28T09:43:20.6866377-07:00" endTime="2015-09-28T09:43:20.6866377-07:00" testType="13cdc9d9-ddb5-4fa4-a97d-d965ccfc6d4b" outcome="Passed" testListId="8c84fa94-04c1-424b-9868-57a2d4851a1d" relativeResultsDirectory="d00c0687-1e01-4ad9-8be3-323b7c694e76" />
    <UnitTestResult executionId="d5da6c0f-8948-43e9-8ce3-ab4146afbb58" testId="b0f5b7b3-71a6-0ddc-f2a2-7ea8447d6c08" testName="Id_CheckExpected" computerName="TFSBUILD11" duration="00:00:00.0001149" startTime="2015-09-28T09:43:20.6866377-07:00" endTime="2015-09-28T09:43:20.6866377-07:00" testType="13cdc9d9-ddb5-4fa4-a97d-d965ccfc6d4b" outcome="Passed" testListId="8c84fa94-04c1-424b-9868-57a2d4851a1d" relativeResultsDirectory="d5da6c0f-8948-43e9-8ce3-ab4146afbb58" />
    <UnitTestResult executionId="a9355291-3b5b-4730-874f-d740763b5bde" testId="454f5cd0-066f-8df2-8d94-eae9d7ef0449" testName="ConsumerId_CheckExpected" computerName="TFSBUILD11" duration="00:00:00.0000494" startTime="2015-09-28T09:43:20.6866377-07:00" endTime="2015-09-28T09:43:20.6866377-07:00" testType="13cdc9d9-ddb5-4fa4-a97d-d965ccfc6d4b" outcome="Passed" testListId="8c84fa94-04c1-424b-9868-57a2d4851a1d" relativeResultsDirectory="a9355291-3b5b-4730-874f-d740763b5bde" />
    <UnitTestResult executionId="1d53472b-6d20-4588-a33d-40f3707ddf29" testId="83681b27-3f9d-7b2e-95e6-483f4f6628fb" testName="Name_CheckExpected" computerName="TFSBUILD11" duration="00:00:00.0001382" startTime="2015-09-28T09:43:20.6866377-07:00" endTime="2015-09-28T09:43:20.6866377-07:00" testType="13cdc9d9-ddb5-4fa4-a97d-d965ccfc6d4b" outcome="Passed" testListId="8c84fa94-04c1-424b-9868-57a2d4851a1d" relativeResultsDirectory="1d53472b-6d20-4588-a33d-40f3707ddf29" />
    <UnitTestResult executionId="7f5b08af-8f2c-4ce5-b899-3ecaa24c25d2" testId="78d1fb87-faa2-7445-4ab6-a19d3bba5cc0" testName="Description_CheckExpected" computerName="TFSBUILD11" duration="00:00:00.0001336" startTime="2015-09-28T09:43:20.6866377-07:00" endTime="2015-09-28T09:43:20.6866377-07:00" testType="13cdc9d9-ddb5-4fa4-a97d-d965ccfc6d4b" outcome="Passed" testListId="8c84fa94-04c1-424b-9868-57a2d4851a1d" relativeResultsDirectory="7f5b08af-8f2c-4ce5-b899-3ecaa24c25d2" />
    <UnitTestResult executionId="42fbd5f7-2222-479b-af0f-d40ab436b108" testId="bc6c0f01-3174-183d-56c6-09341abaf61c" testName="SupportedEventTypes_CheckExpected" computerName="TFSBUILD11" duration="00:00:00.0002002" startTime="2015-09-28T09:43:20.6866377-07:00" endTime="2015-09-28T09:43:20.6866377-07:00" testType="13cdc9d9-ddb5-4fa4-a97d-d965ccfc6d4b" outcome="Passed" testListId="8c84fa94-04c1-424b-9868-57a2d4851a1d" relativeResultsDirectory="42fbd5f7-2222-479b-af0f-d40ab436b108" />
    <UnitTestResult executionId="51fe452b-e9ed-4c0e-9ef5-53466b1eff33" testId="34a4c41a-4803-b8b3-1421-027f36bd29c6" testName="SupportedResourceVersions_CheckExpected" computerName="TFSBUILD11" duration="00:00:00.0001928" startTime="2015-09-28T09:43:20.6866377-07:00" endTime="2015-09-28T09:43:20.6866377-07:00" testType="13cdc9d9-ddb5-4fa4-a97d-d965ccfc6d4b" outcome="Passed" testListId="8c84fa94-04c1-424b-9868-57a2d4851a1d" relativeResultsDirectory="51fe452b-e9ed-4c0e-9ef5-53466b1eff33" />
    <UnitTestResult executionId="7edeb6ae-1354-441e-8707-4c98871ffb58" testId="237bcca8-9a6f-5571-ab01-b2339c8c509f" testName="AllowResourceVersionOverride_CheckExpected" computerName="TFSBUILD11" duration="00:00:00.0000463" startTime="2015-09-28T09:43:20.6866377-07:00" endTime="2015-09-28T09:43:20.6866377-07:00" testType="13cdc9d9-ddb5-4fa4-a97d-d965ccfc6d4b" outcome="Passed" testListId="8c84fa94-04c1-424b-9868-57a2d4851a1d" relativeResultsDirectory="7edeb6ae-1354-441e-8707-4c98871ffb58" />
    <UnitTestResult executionId="14bd4607-1175-4e8c-9387-54559e5cea5c" testId="1b8955f8-db43-65e1-e190-509430a98bfc" testName="InputDescriptors_CheckExpected" computerName="TFSBUILD11" duration="00:00:00.0006465" startTime="2015-09-28T09:43:20.6866377-07:00" endTime="2015-09-28T09:43:20.6866377-07:00" testType="13cdc9d9-ddb5-4fa4-a97d-d965ccfc6d4b" outcome="Passed" testListId="8c84fa94-04c1-424b-9868-57a2d4851a1d" relativeResultsDirectory="14bd4607-1175-4e8c-9387-54559e5cea5c" />
    <UnitTestResult executionId="d90cb02c-d158-4e32-abe8-5254fd4194cc" testId="a9d5a02f-2b1a-7655-64ba-e822a8a67b2e" testName="HandleEvent_NoHyperlinks_ShouldReturnNoopActionTask" computerName="TFSBUILD11" duration="00:00:00.0050545" startTime="2015-09-28T09:43:20.6866377-07:00" endTime="2015-09-28T09:43:20.7022641-07:00" testType="13cdc9d9-ddb5-4fa4-a97d-d965ccfc6d4b" outcome="Passed" testListId="8c84fa94-04c1-424b-9868-57a2d4851a1d" relativeResultsDirectory="d90cb02c-d158-4e32-abe8-5254fd4194cc" />
    <UnitTestResult executionId="55b791c0-082e-4bad-8957-f7f791484115" testId="272bea32-6922-a87c-1c83-b5d0f83d1fdc" testName="HandleEvent_NoLinkedArtifacts_ShouldReturnNoopActionTask" computerName="TFSBUILD11" duration="00:00:00.0040143" startTime="2015-09-28T09:43:20.7022641-07:00" endTime="2015-09-28T09:43:20.7022641-07:00" testType="13cdc9d9-ddb5-4fa4-a97d-d965ccfc6d4b" outcome="Passed" testListId="8c84fa94-04c1-424b-9868-57a2d4851a1d" relativeResultsDirectory="55b791c0-082e-4bad-8957-f7f791484115" />
    <UnitTestResult executionId="e0ccb2ef-fd1f-4985-8d36-7d18bfd1a5f7" testId="9572d9b3-417a-85ef-cec0-061c02ae03aa" testName="HandleEvent_InputsOk_ShouldReturnHttpActionTaskConfiguredOk" computerName="TFSBUILD11" duration="00:00:00.0190233" startTime="2015-09-28T09:43:20.7022641-07:00" endTime="2015-09-28T09:43:20.7178905-07:00" testType="13cdc9d9-ddb5-4fa4-a97d-d965ccfc6d4b" outcome="Passed" testListId="8c84fa94-04c1-424b-9868-57a2d4851a1d" relativeResultsDirectory="e0ccb2ef-fd1f-4985-8d36-7d18bfd1a5f7" />
    <UnitTestResult executionId="bf472f27-8bfe-4d7d-8593-3fc48122ed88" testId="aa21290b-9548-1665-5eaa-16a5e7c9e400" testName="Id_CheckExpected" computerName="TFSBUILD11" duration="00:00:00.0003214" startTime="2015-09-28T09:43:20.7178905-07:00" endTime="2015-09-28T09:43:20.7178905-07:00" testType="13cdc9d9-ddb5-4fa4-a97d-d965ccfc6d4b" outcome="Passed" testListId="8c84fa94-04c1-424b-9868-57a2d4851a1d" relativeResultsDirectory="bf472f27-8bfe-4d7d-8593-3fc48122ed88" />
    <UnitTestResult executionId="de45a1b0-71d2-4b6a-be5a-41de0ad4b212" testId="ce78b03c-d678-e347-ca71-9434edca4dc8" testName="ConsumerId_CheckExpected" computerName="TFSBUILD11" duration="00:00:00.0000497" startTime="2015-09-28T09:43:20.7178905-07:00" endTime="2015-09-28T09:43:20.7178905-07:00" testType="13cdc9d9-ddb5-4fa4-a97d-d965ccfc6d4b" outcome="Passed" testListId="8c84fa94-04c1-424b-9868-57a2d4851a1d" relativeResultsDirectory="de45a1b0-71d2-4b6a-be5a-41de0ad4b212" />
    <UnitTestResult executionId="b9684604-cb56-4714-94b8-b38f047578fe" testId="fdb0fd1c-719a-1307-b67a-76af2bc76726" testName="Name_CheckExpected" computerName="TFSBUILD11" duration="00:00:00.0003581" startTime="2015-09-28T09:43:20.7178905-07:00" endTime="2015-09-28T09:43:20.7178905-07:00" testType="13cdc9d9-ddb5-4fa4-a97d-d965ccfc6d4b" outcome="Passed" testListId="8c84fa94-04c1-424b-9868-57a2d4851a1d" relativeResultsDirectory="b9684604-cb56-4714-94b8-b38f047578fe" />
    <UnitTestResult executionId="06192c29-ab76-418b-8675-a1cd5a069b79" testId="862d051d-24fd-2c90-639b-2b00dc1ac23e" testName="Description_CheckExpected" computerName="TFSBUILD11" duration="00:00:00.0001934" startTime="2015-09-28T09:43:20.7178905-07:00" endTime="2015-09-28T09:43:20.7178905-07:00" testType="13cdc9d9-ddb5-4fa4-a97d-d965ccfc6d4b" outcome="Passed" testListId="8c84fa94-04c1-424b-9868-57a2d4851a1d" relativeResultsDirectory="06192c29-ab76-418b-8675-a1cd5a069b79" />
    <UnitTestResult executionId="4a48ebb0-7b7e-4416-b753-00cdd64c440f" testId="ace779bc-da6c-e372-cbbf-4aa32a881431" testName="SupportedEventTypes_CheckExpected" computerName="TFSBUILD11" duration="00:00:00.0001339" startTime="2015-09-28T09:43:20.7178905-07:00" endTime="2015-09-28T09:43:20.7178905-07:00" testType="13cdc9d9-ddb5-4fa4-a97d-d965ccfc6d4b" outcome="Passed" testListId="8c84fa94-04c1-424b-9868-57a2d4851a1d" relativeResultsDirectory="4a48ebb0-7b7e-4416-b753-00cdd64c440f" />
    <UnitTestResult executionId="396d67c3-7e57-400f-bcbb-c9561b1e0a8e" testId="b9bb2253-d70c-1869-2ce2-7438fa81d371" testName="SupportedResourceVersions_CheckExpected" computerName="TFSBUILD11" duration="00:00:00.0003774" startTime="2015-09-28T09:43:20.7178905-07:00" endTime="2015-09-28T09:43:20.7178905-07:00" testType="13cdc9d9-ddb5-4fa4-a97d-d965ccfc6d4b" outcome="Passed" testListId="8c84fa94-04c1-424b-9868-57a2d4851a1d" relativeResultsDirectory="396d67c3-7e57-400f-bcbb-c9561b1e0a8e" />
    <UnitTestResult executionId="631291bb-192a-40f1-8d88-69f36d16ec46" testId="669f63f3-ebaf-b97e-e47b-14da7d8701de" testName="AllowResourceVersionOverride_CheckExpected" computerName="TFSBUILD11" duration="00:00:00.0000802" startTime="2015-09-28T09:43:20.7178905-07:00" endTime="2015-09-28T09:43:20.7178905-07:00" testType="13cdc9d9-ddb5-4fa4-a97d-d965ccfc6d4b" outcome="Passed" testListId="8c84fa94-04c1-424b-9868-57a2d4851a1d" relativeResultsDirectory="631291bb-192a-40f1-8d88-69f36d16ec46" />
    <UnitTestResult executionId="d18543e5-3f8d-4f82-9775-bb73ade7cc33" testId="fc34b155-aece-e105-47e6-d3f5b6dcf000" testName="InputDescriptors_CheckExpected" computerName="TFSBUILD11" duration="00:00:00.0012771" startTime="2015-09-28T09:43:20.7178905-07:00" endTime="2015-09-28T09:43:20.7335166-07:00" testType="13cdc9d9-ddb5-4fa4-a97d-d965ccfc6d4b" outcome="Passed" testListId="8c84fa94-04c1-424b-9868-57a2d4851a1d" relativeResultsDirectory="d18543e5-3f8d-4f82-9775-bb73ade7cc33" />
    <UnitTestResult executionId="fc6b31c5-e4b7-4fa0-b895-3705d35e21bf" testId="e8e7ec7b-8c57-705d-baaf-ba3966702528" testName="Id_CheckExpected" computerName="TFSBUILD11" duration="00:00:00.0001499" startTime="2015-09-28T09:43:20.7335166-07:00" endTime="2015-09-28T09:43:20.7335166-07:00" testType="13cdc9d9-ddb5-4fa4-a97d-d965ccfc6d4b" outcome="Passed" testListId="8c84fa94-04c1-424b-9868-57a2d4851a1d" relativeResultsDirectory="fc6b31c5-e4b7-4fa0-b895-3705d35e21bf" />
    <UnitTestResult executionId="0d77f11e-ad4d-4369-bd0c-7e228d4dd941" testId="81f2b728-48db-5c86-dd30-c46ebb656b1d" testName="Name_CheckExpected" computerName="TFSBUILD11" duration="00:00:00.0001843" startTime="2015-09-28T09:43:20.7335166-07:00" endTime="2015-09-28T09:43:20.7335166-07:00" testType="13cdc9d9-ddb5-4fa4-a97d-d965ccfc6d4b" outcome="Passed" testListId="8c84fa94-04c1-424b-9868-57a2d4851a1d" relativeResultsDirectory="0d77f11e-ad4d-4369-bd0c-7e228d4dd941" />
    <UnitTestResult executionId="fc085f75-501e-425c-9e88-444239b5921f" testId="c45fc7d8-93c3-5ea5-36dd-8ce8111f910d" testName="Description_CheckExpected" computerName="TFSBUILD11" duration="00:00:00.0001883" startTime="2015-09-28T09:43:20.7335166-07:00" endTime="2015-09-28T09:43:20.7335166-07:00" testType="13cdc9d9-ddb5-4fa4-a97d-d965ccfc6d4b" outcome="Passed" testListId="8c84fa94-04c1-424b-9868-57a2d4851a1d" relativeResultsDirectory="fc085f75-501e-425c-9e88-444239b5921f" />
    <UnitTestResult executionId="cd78cdde-9e6e-4630-a332-484de3f0c5e3" testId="478038ff-c539-0e8d-dea7-4a8a077b9484" testName="InformationUrl_CheckExpected" computerName="TFSBUILD11" duration="00:00:00.0000813" startTime="2015-09-28T09:43:20.7335166-07:00" endTime="2015-09-28T09:43:20.7335166-07:00" testType="13cdc9d9-ddb5-4fa4-a97d-d965ccfc6d4b" outcome="Passed" testListId="8c84fa94-04c1-424b-9868-57a2d4851a1d" relativeResultsDirectory="cd78cdde-9e6e-4630-a332-484de3f0c5e3" />
    <UnitTestResult executionId="503e5939-4446-4e09-be9b-72b5f65fb042" testId="2d834c1a-1258-1f3a-18ed-e57a4d0da9b0" testName="ImageUrl_CheckExpected" computerName="TFSBUILD11" duration="00:00:00.0000893" startTime="2015-09-28T09:43:20.7335166-07:00" endTime="2015-09-28T09:43:20.7335166-07:00" testType="13cdc9d9-ddb5-4fa4-a97d-d965ccfc6d4b" outcome="Passed" testListId="8c84fa94-04c1-424b-9868-57a2d4851a1d" relativeResultsDirectory="503e5939-4446-4e09-be9b-72b5f65fb042" />
    <UnitTestResult executionId="a3e25c62-a6bd-4d54-aaa9-54378aa459f9" testId="280bf6fd-8524-60f8-ab17-713165b7c609" testName="AuthenticationType_CheckExpected" computerName="TFSBUILD11" duration="00:00:00.0000776" startTime="2015-09-28T09:43:20.7335166-07:00" endTime="2015-09-28T09:43:20.7335166-07:00" testType="13cdc9d9-ddb5-4fa4-a97d-d965ccfc6d4b" outcome="Passed" testListId="8c84fa94-04c1-424b-9868-57a2d4851a1d" relativeResultsDirectory="a3e25c62-a6bd-4d54-aaa9-54378aa459f9" />
    <UnitTestResult executionId="e60415a4-12d5-409e-bd6b-b081e109d6d0" testId="f91b1818-82a2-0607-8a04-844e64518c79" testName="ExternalConfiguration_CheckExpected" computerName="TFSBUILD11" duration="00:00:00.0001507" startTime="2015-09-28T09:43:20.7335166-07:00" endTime="2015-09-28T09:43:20.7335166-07:00" testType="13cdc9d9-ddb5-4fa4-a97d-d965ccfc6d4b" outcome="Passed" testListId="8c84fa94-04c1-424b-9868-57a2d4851a1d" relativeResultsDirectory="e60415a4-12d5-409e-bd6b-b081e109d6d0" />
    <UnitTestResult executionId="db473ead-cbb8-4116-ad89-d9c236565bac" testId="8b6ded98-1c8f-ac12-0476-af319c103ce3" testName="InputDescriptors_CheckExpected" computerName="TFSBUILD11" duration="00:00:00.0001029" startTime="2015-09-28T09:43:20.7335166-07:00" endTime="2015-09-28T09:43:20.7335166-07:00" testType="13cdc9d9-ddb5-4fa4-a97d-d965ccfc6d4b" outcome="Passed" testListId="8c84fa94-04c1-424b-9868-57a2d4851a1d" relativeResultsDirectory="db473ead-cbb8-4116-ad89-d9c236565bac" />
    <UnitTestResult executionId="0b669d31-f3d0-4803-b253-fdf0b77bbc81" testId="248a8222-ffb7-1a30-4478-9be9f7c782c4" testName="FeatureName_CheckExpected" computerName="TFSBUILD11" duration="00:00:00.0000051" startTime="2015-09-28T09:43:20.7335166-07:00" endTime="2015-09-28T09:43:20.7335166-07:00" testType="13cdc9d9-ddb5-4fa4-a97d-d965ccfc6d4b" outcome="Passed" testListId="8c84fa94-04c1-424b-9868-57a2d4851a1d" relativeResultsDirectory="0b669d31-f3d0-4803-b253-fdf0b77bbc81" />
    <UnitTestResult executionId="1c8a2ba7-f10e-4ec2-9baa-34075e747576" testId="348cdcdb-51db-f044-1d8c-a169aa5bf93a" testName="Id_CheckExpected" computerName="TFSBUILD11" duration="00:00:00.0001419" startTime="2015-09-28T09:43:20.7335166-07:00" endTime="2015-09-28T09:43:20.7335166-07:00" testType="13cdc9d9-ddb5-4fa4-a97d-d965ccfc6d4b" outcome="Passed" testListId="8c84fa94-04c1-424b-9868-57a2d4851a1d" relativeResultsDirectory="1c8a2ba7-f10e-4ec2-9baa-34075e747576" />
    <UnitTestResult executionId="187aa348-e0b4-47b3-8135-06340bc5d7b9" testId="f14d7d5b-88c8-5c8a-36dc-5746b4d870c3" testName="ConsumerId_CheckExpected" computerName="TFSBUILD11" duration="00:00:00.0000824" startTime="2015-09-28T09:43:20.7335166-07:00" endTime="2015-09-28T09:43:20.7335166-07:00" testType="13cdc9d9-ddb5-4fa4-a97d-d965ccfc6d4b" outcome="Passed" testListId="8c84fa94-04c1-424b-9868-57a2d4851a1d" relativeResultsDirectory="187aa348-e0b4-47b3-8135-06340bc5d7b9" />
    <UnitTestResult executionId="91c69573-31e6-4e4f-b307-99e5dbfb9791" testId="8f9672df-e453-eb59-99eb-598326c780a4" testName="Name_CheckExpected" computerName="TFSBUILD11" duration="00:00:00.0004329" startTime="2015-09-28T09:43:20.7335166-07:00" endTime="2015-09-28T09:43:20.7335166-07:00" testType="13cdc9d9-ddb5-4fa4-a97d-d965ccfc6d4b" outcome="Passed" testListId="8c84fa94-04c1-424b-9868-57a2d4851a1d" relativeResultsDirectory="91c69573-31e6-4e4f-b307-99e5dbfb9791" />
    <UnitTestResult executionId="5887b020-34bc-40f5-b3c0-d9beef6ced9b" testId="ec5d4e4a-da02-a5e3-0930-1b00c13ab574" testName="Description_CheckExpected" computerName="TFSBUILD11" duration="00:00:00.0001888" startTime="2015-09-28T09:43:20.7335166-07:00" endTime="2015-09-28T09:43:20.7335166-07:00" testType="13cdc9d9-ddb5-4fa4-a97d-d965ccfc6d4b" outcome="Passed" testListId="8c84fa94-04c1-424b-9868-57a2d4851a1d" relativeResultsDirectory="5887b020-34bc-40f5-b3c0-d9beef6ced9b" />
    <UnitTestResult executionId="e964e885-ce20-4940-8704-ffb3b4441912" testId="9633b3e5-e69a-1915-e27a-26face5b209e" testName="SupportedEventTypes_CheckExpected" computerName="TFSBUILD11" duration="00:00:00.0002084" startTime="2015-09-28T09:43:20.7335166-07:00" endTime="2015-09-28T09:43:20.7335166-07:00" testType="13cdc9d9-ddb5-4fa4-a97d-d965ccfc6d4b" outcome="Passed" testListId="8c84fa94-04c1-424b-9868-57a2d4851a1d" relativeResultsDirectory="e964e885-ce20-4940-8704-ffb3b4441912" />
    <UnitTestResult executionId="00f0d1af-5381-4218-bb86-7237b1fd5e71" testId="c57ae205-effa-0f5a-1aad-0ab62c671cda" testName="SupportedResourceVersions_CheckExpected" computerName="TFSBUILD11" duration="00:00:00.0001413" startTime="2015-09-28T09:43:20.7335166-07:00" endTime="2015-09-28T09:43:20.7335166-07:00" testType="13cdc9d9-ddb5-4fa4-a97d-d965ccfc6d4b" outcome="Passed" testListId="8c84fa94-04c1-424b-9868-57a2d4851a1d" relativeResultsDirectory="00f0d1af-5381-4218-bb86-7237b1fd5e71" />
    <UnitTestResult executionId="877ddfcf-3ef7-46dc-81ca-6a33fcdceffc" testId="759a23fc-bf40-0249-018d-71ef00ace8f2" testName="AllowResourceVersionOverride_CheckExpected" computerName="TFSBUILD11" duration="00:00:00.0000756" startTime="2015-09-28T09:43:20.7335166-07:00" endTime="2015-09-28T09:43:20.7335166-07:00" testType="13cdc9d9-ddb5-4fa4-a97d-d965ccfc6d4b" outcome="Passed" testListId="8c84fa94-04c1-424b-9868-57a2d4851a1d" relativeResultsDirectory="877ddfcf-3ef7-46dc-81ca-6a33fcdceffc" />
    <UnitTestResult executionId="638e2abd-4fbe-4c97-a6a9-161ecdea1c6c" testId="aa0a9a3f-4f35-ed44-d98a-96daa2107f56" testName="InputDescriptors_CheckExpected" computerName="TFSBUILD11" duration="00:00:00.0085489" startTime="2015-09-28T09:43:20.7335166-07:00" endTime="2015-09-28T09:43:20.7335166-07:00" testType="13cdc9d9-ddb5-4fa4-a97d-d965ccfc6d4b" outcome="Passed" testListId="8c84fa94-04c1-424b-9868-57a2d4851a1d" relativeResultsDirectory="638e2abd-4fbe-4c97-a6a9-161ecdea1c6c" />
    <UnitTestResult executionId="63619939-7b8a-4859-a2a0-c73b11a1feba" testId="c370d287-f30b-7a15-939a-2932a9810880" testName="Id_CheckExpected" computerName="TFSBUILD11" duration="00:00:00.0001510" startTime="2015-09-28T09:43:20.7335166-07:00" endTime="2015-09-28T09:43:20.7335166-07:00" testType="13cdc9d9-ddb5-4fa4-a97d-d965ccfc6d4b" outcome="Passed" testListId="8c84fa94-04c1-424b-9868-57a2d4851a1d" relativeResultsDirectory="63619939-7b8a-4859-a2a0-c73b11a1feba" />
    <UnitTestResult executionId="4048d392-a434-433f-8946-4f3f3c4bbea1" testId="75c2fdb7-be27-cc7a-47ea-1d5433e7adc3" testName="ConsumerId_CheckExpected" computerName="TFSBUILD11" duration="00:00:00.0000799" startTime="2015-09-28T09:43:20.7335166-07:00" endTime="2015-09-28T09:43:20.7335166-07:00" testType="13cdc9d9-ddb5-4fa4-a97d-d965ccfc6d4b" outcome="Passed" testListId="8c84fa94-04c1-424b-9868-57a2d4851a1d" relativeResultsDirectory="4048d392-a434-433f-8946-4f3f3c4bbea1" />
    <UnitTestResult executionId="0e3fcbc1-3734-4ec3-9fe6-49adf92bec8c" testId="70010dbc-f7e8-5ed0-6155-96bf62fa3c57" testName="Name_CheckExpected" computerName="TFSBUILD11" duration="00:00:00.0002022" startTime="2015-09-28T09:43:20.7491430-07:00" endTime="2015-09-28T09:43:20.7491430-07:00" testType="13cdc9d9-ddb5-4fa4-a97d-d965ccfc6d4b" outcome="Passed" testListId="8c84fa94-04c1-424b-9868-57a2d4851a1d" relativeResultsDirectory="0e3fcbc1-3734-4ec3-9fe6-49adf92bec8c" />
    <UnitTestResult executionId="2d41b9a7-5171-47e6-9a38-623623fb9e84" testId="02d3238d-0717-b7d4-c45c-de6627e987ea" testName="Description_CheckExpected" computerName="TFSBUILD11" duration="00:00:00.0001427" startTime="2015-09-28T09:43:20.7491430-07:00" endTime="2015-09-28T09:43:20.7491430-07:00" testType="13cdc9d9-ddb5-4fa4-a97d-d965ccfc6d4b" outcome="Passed" testListId="8c84fa94-04c1-424b-9868-57a2d4851a1d" relativeResultsDirectory="2d41b9a7-5171-47e6-9a38-623623fb9e84" />
    <UnitTestResult executionId="bab60af6-daf5-4cb6-9e01-e933b0e30853" testId="6e10b1c8-7605-d8f4-df42-e8cc479f25fb" testName="SupportedEventTypes_CheckExpected" computerName="TFSBUILD11" duration="00:00:00.0002082" startTime="2015-09-28T09:43:20.7491430-07:00" endTime="2015-09-28T09:43:20.7491430-07:00" testType="13cdc9d9-ddb5-4fa4-a97d-d965ccfc6d4b" outcome="Passed" testListId="8c84fa94-04c1-424b-9868-57a2d4851a1d" relativeResultsDirectory="bab60af6-daf5-4cb6-9e01-e933b0e30853" />
    <UnitTestResult executionId="c4bdb57e-abb4-4016-84d0-469fbea0e7f3" testId="250656a5-89b2-3e2e-1802-e41ca78c400e" testName="SupportedResourceVersions_CheckExpected" computerName="TFSBUILD11" duration="00:00:00.0001160" startTime="2015-09-28T09:43:20.7491430-07:00" endTime="2015-09-28T09:43:20.7491430-07:00" testType="13cdc9d9-ddb5-4fa4-a97d-d965ccfc6d4b" outcome="Passed" testListId="8c84fa94-04c1-424b-9868-57a2d4851a1d" relativeResultsDirectory="c4bdb57e-abb4-4016-84d0-469fbea0e7f3" />
    <UnitTestResult executionId="0ba92771-136d-4299-a31d-66c846aefabe" testId="e7248f80-9f5c-dcd0-4780-c4bb34116a37" testName="AllowResourceVersionOverride_CheckExpected" computerName="TFSBUILD11" duration="00:00:00.0000443" startTime="2015-09-28T09:43:20.7491430-07:00" endTime="2015-09-28T09:43:20.7491430-07:00" testType="13cdc9d9-ddb5-4fa4-a97d-d965ccfc6d4b" outcome="Passed" testListId="8c84fa94-04c1-424b-9868-57a2d4851a1d" relativeResultsDirectory="0ba92771-136d-4299-a31d-66c846aefabe" />
    <UnitTestResult executionId="ff96962f-ab53-476f-88fa-5383cd036da4" testId="cc219011-e8cb-1451-b01e-f5f8e329599f" testName="InputDescriptors_CheckExpected" computerName="TFSBUILD11" duration="00:00:00.0023401" startTime="2015-09-28T09:43:20.7491430-07:00" endTime="2015-09-28T09:43:20.7491430-07:00" testType="13cdc9d9-ddb5-4fa4-a97d-d965ccfc6d4b" outcome="Passed" testListId="8c84fa94-04c1-424b-9868-57a2d4851a1d" relativeResultsDirectory="ff96962f-ab53-476f-88fa-5383cd036da4" />
    <UnitTestResult executionId="a1c85cdb-5b56-443f-b995-052fcfb6eb7e" testId="85f5700a-d540-c37f-17e8-46f48c8e1f80" testName="Id_CheckExpected" computerName="TFSBUILD11" duration="00:00:00.0000844" startTime="2015-09-28T09:43:20.7491430-07:00" endTime="2015-09-28T09:43:20.7491430-07:00" testType="13cdc9d9-ddb5-4fa4-a97d-d965ccfc6d4b" outcome="Passed" testListId="8c84fa94-04c1-424b-9868-57a2d4851a1d" relativeResultsDirectory="a1c85cdb-5b56-443f-b995-052fcfb6eb7e" />
    <UnitTestResult executionId="43284898-ae60-4dd7-b702-6661bc5ea0d8" testId="b7c86b6b-75fb-e8b2-d3f6-3d29f2abf86a" testName="Name_CheckExpected" computerName="TFSBUILD11" duration="00:00:00.0001248" startTime="2015-09-28T09:43:20.7491430-07:00" endTime="2015-09-28T09:43:20.7491430-07:00" testType="13cdc9d9-ddb5-4fa4-a97d-d965ccfc6d4b" outcome="Passed" testListId="8c84fa94-04c1-424b-9868-57a2d4851a1d" relativeResultsDirectory="43284898-ae60-4dd7-b702-6661bc5ea0d8" />
    <UnitTestResult executionId="474741b4-e810-41c9-944a-e3ac05462a1b" testId="a35f67f8-7ba1-728b-c59d-f0a9ce2cea1a" testName="Description_CheckExpected" computerName="TFSBUILD11" duration="00:00:00.0001223" startTime="2015-09-28T09:43:20.7491430-07:00" endTime="2015-09-28T09:43:20.7491430-07:00" testType="13cdc9d9-ddb5-4fa4-a97d-d965ccfc6d4b" outcome="Passed" testListId="8c84fa94-04c1-424b-9868-57a2d4851a1d" relativeResultsDirectory="474741b4-e810-41c9-944a-e3ac05462a1b" />
    <UnitTestResult executionId="4f37e1bb-a4da-49bf-800a-bba2272bcf93" testId="29718d6d-0dca-fff8-d7dd-e3a31e921427" testName="InformationUrl_CheckExpected" computerName="TFSBUILD11" duration="00:00:00.0000511" startTime="2015-09-28T09:43:20.7491430-07:00" endTime="2015-09-28T09:43:20.7491430-07:00" testType="13cdc9d9-ddb5-4fa4-a97d-d965ccfc6d4b" outcome="Passed" testListId="8c84fa94-04c1-424b-9868-57a2d4851a1d" relativeResultsDirectory="4f37e1bb-a4da-49bf-800a-bba2272bcf93" />
    <UnitTestResult executionId="b9b22f48-bb8d-46e9-a907-0515ee3deab9" testId="b786b2f6-a107-798f-6a57-8a357c398fad" testName="ImageUrl_CheckExpected" computerName="TFSBUILD11" duration="00:00:00.0000503" startTime="2015-09-28T09:43:20.7491430-07:00" endTime="2015-09-28T09:43:20.7491430-07:00" testType="13cdc9d9-ddb5-4fa4-a97d-d965ccfc6d4b" outcome="Passed" testListId="8c84fa94-04c1-424b-9868-57a2d4851a1d" relativeResultsDirectory="b9b22f48-bb8d-46e9-a907-0515ee3deab9" />
    <UnitTestResult executionId="4fad7128-11e9-4d74-84ce-551d1ffd33ab" testId="0d3f02d1-d7bc-bf81-e177-2018e4b1f8a6" testName="AuthenticationType_CheckExpected" computerName="TFSBUILD11" duration="00:00:00.0000494" startTime="2015-09-28T09:43:20.7491430-07:00" endTime="2015-09-28T09:43:20.7491430-07:00" testType="13cdc9d9-ddb5-4fa4-a97d-d965ccfc6d4b" outcome="Passed" testListId="8c84fa94-04c1-424b-9868-57a2d4851a1d" relativeResultsDirectory="4fad7128-11e9-4d74-84ce-551d1ffd33ab" />
    <UnitTestResult executionId="c6412dfb-95d7-4cb0-89c4-f638af093772" testId="6a4cec18-a338-2326-adb5-24434248713f" testName="ExternalConfiguration_CheckExpected" computerName="TFSBUILD11" duration="00:00:00.0000438" startTime="2015-09-28T09:43:20.7491430-07:00" endTime="2015-09-28T09:43:20.7491430-07:00" testType="13cdc9d9-ddb5-4fa4-a97d-d965ccfc6d4b" outcome="Passed" testListId="8c84fa94-04c1-424b-9868-57a2d4851a1d" relativeResultsDirectory="c6412dfb-95d7-4cb0-89c4-f638af093772" />
    <UnitTestResult executionId="c29ee055-5d08-4a72-ac3e-8a1cccb9a77e" testId="2568eba1-c37b-cfca-67b9-aee0157e2829" testName="InputDescriptors_CheckExpected" computerName="TFSBUILD11" duration="00:00:00.0009400" startTime="2015-09-28T09:43:20.7491430-07:00" endTime="2015-09-28T09:43:20.7491430-07:00" testType="13cdc9d9-ddb5-4fa4-a97d-d965ccfc6d4b" outcome="Passed" testListId="8c84fa94-04c1-424b-9868-57a2d4851a1d" relativeResultsDirectory="c29ee055-5d08-4a72-ac3e-8a1cccb9a77e" />
    <UnitTestResult executionId="e01652b2-6d5e-4cd4-9f05-65901cc6e131" testId="67c13865-8422-ad4f-ee33-6367aed0c20a" testName="FeatureName_CheckExpected" computerName="TFSBUILD11" duration="00:00:00.0000048" startTime="2015-09-28T09:43:20.7491430-07:00" endTime="2015-09-28T09:43:20.7491430-07:00" testType="13cdc9d9-ddb5-4fa4-a97d-d965ccfc6d4b" outcome="Passed" testListId="8c84fa94-04c1-424b-9868-57a2d4851a1d" relativeResultsDirectory="e01652b2-6d5e-4cd4-9f05-65901cc6e131" />
    <UnitTestResult executionId="88140fec-5406-4b3b-bfb6-ca38e4885a2a" testId="31fe1e88-5a02-7a4c-21d7-b3804e382dab" testName="HandleEvent_BuildComplete_ShouldReturnHttpActionTaskConfiguredOk" computerName="TFSBUILD11" duration="00:00:00.0853493" startTime="2015-09-28T09:43:20.7491430-07:00" endTime="2015-09-28T09:43:20.8272735-07:00" testType="13cdc9d9-ddb5-4fa4-a97d-d965ccfc6d4b" outcome="Passed" testListId="8c84fa94-04c1-424b-9868-57a2d4851a1d" relativeResultsDirectory="88140fec-5406-4b3b-bfb6-ca38e4885a2a" />
    <UnitTestResult executionId="98ebbc05-2ad3-4f7c-9890-6fe78062e9a8" testId="cba29d63-2c44-87bc-0ed9-3c6222472991" testName="HandleEvent_GitPush_ShouldReturnHttpActionTaskConfiguredOk" computerName="TFSBUILD11" duration="00:00:00.0187201" startTime="2015-09-28T09:43:20.8272735-07:00" endTime="2015-09-28T09:43:20.8585252-07:00" testType="13cdc9d9-ddb5-4fa4-a97d-d965ccfc6d4b" outcome="Passed" testListId="8c84fa94-04c1-424b-9868-57a2d4851a1d" relativeResultsDirectory="98ebbc05-2ad3-4f7c-9890-6fe78062e9a8" />
    <UnitTestResult executionId="64d6cf6d-fa74-4a98-9aa3-49321a7053e2" testId="f984fc56-10d5-503d-c8be-76d7cf0432b9" testName="HandleEvent_PullRequestCreated_ShouldReturnHttpActionTaskConfiguredOk" computerName="TFSBUILD11" duration="00:00:00.0150499" startTime="2015-09-28T09:43:20.8585252-07:00" endTime="2015-09-28T09:43:20.8741516-07:00" testType="13cdc9d9-ddb5-4fa4-a97d-d965ccfc6d4b" outcome="Passed" testListId="8c84fa94-04c1-424b-9868-57a2d4851a1d" relativeResultsDirectory="64d6cf6d-fa74-4a98-9aa3-49321a7053e2" />
    <UnitTestResult executionId="e431ec74-e78f-4475-abec-321ff00da9eb" testId="357355db-b40f-add9-8fce-7371288fbaf8" testName="HandleEvent_PullRequestUpdated_ShouldReturnHttpActionTaskConfiguredOk" computerName="TFSBUILD11" duration="00:00:00.0099242" startTime="2015-09-28T09:43:20.8741516-07:00" endTime="2015-09-28T09:43:20.8741516-07:00" testType="13cdc9d9-ddb5-4fa4-a97d-d965ccfc6d4b" outcome="Passed" testListId="8c84fa94-04c1-424b-9868-57a2d4851a1d" relativeResultsDirectory="e431ec74-e78f-4475-abec-321ff00da9eb" />
    <UnitTestResult executionId="54b88a4b-5ec0-43ed-84d2-d50882592279" testId="d9afc760-0213-c9d6-bd98-6e9850d1ef88" testName="HandleEvent_CodeCheckedIn_ShouldReturnHttpActionTaskConfiguredOk" computerName="TFSBUILD11" duration="00:00:00.0072524" startTime="2015-09-28T09:43:20.8741516-07:00" endTime="2015-09-28T09:43:20.8897777-07:00" testType="13cdc9d9-ddb5-4fa4-a97d-d965ccfc6d4b" outcome="Passed" testListId="8c84fa94-04c1-424b-9868-57a2d4851a1d" relativeResultsDirectory="54b88a4b-5ec0-43ed-84d2-d50882592279" />
    <UnitTestResult executionId="5587f55b-c9b4-46d1-837e-98d09238c7a4" testId="991a2630-0305-c322-bfc1-b42d1f9199fb" testName="HandleEvent_WorkItemCreated_ShouldReturnHttpActionTaskConfiguredOk" computerName="TFSBUILD11" duration="00:00:00.0142392" startTime="2015-09-28T09:43:20.8897777-07:00" endTime="2015-09-28T09:43:20.9054038-07:00" testType="13cdc9d9-ddb5-4fa4-a97d-d965ccfc6d4b" outcome="Passed" testListId="8c84fa94-04c1-424b-9868-57a2d4851a1d" relativeResultsDirectory="5587f55b-c9b4-46d1-837e-98d09238c7a4" />
    <UnitTestResult executionId="38d4b470-2e7f-479e-b711-ed66c5bb2bbd" testId="3955218e-bfaf-0f5f-f542-6ba8723213bd" testName="HandleEvent_WorkItemUpdated_ShouldReturnHttpActionTaskConfiguredOk" computerName="TFSBUILD11" duration="00:00:00.0100579" startTime="2015-09-28T09:43:20.9054038-07:00" endTime="2015-09-28T09:43:20.9054038-07:00" testType="13cdc9d9-ddb5-4fa4-a97d-d965ccfc6d4b" outcome="Passed" testListId="8c84fa94-04c1-424b-9868-57a2d4851a1d" relativeResultsDirectory="38d4b470-2e7f-479e-b711-ed66c5bb2bbd" />
    <UnitTestResult executionId="a8ba202c-fafe-485a-8062-472b84cf673a" testId="07dbf28a-4bd4-5f02-6f7d-66099f04b433" testName="HandleEvent_WorkItemUpdatedWithNoFields_ShouldReturnHttpActionTaskConfiguredOk" computerName="TFSBUILD11" duration="00:00:00.0113404" startTime="2015-09-28T09:43:20.9054038-07:00" endTime="2015-09-28T09:43:20.9210308-07:00" testType="13cdc9d9-ddb5-4fa4-a97d-d965ccfc6d4b" outcome="Passed" testListId="8c84fa94-04c1-424b-9868-57a2d4851a1d" relativeResultsDirectory="a8ba202c-fafe-485a-8062-472b84cf673a" />
    <UnitTestResult executionId="7b16dca7-bce3-417e-b3de-5b2ed0f29949" testId="1eb18d99-c7dd-9d00-6b9b-e409aabf5969" testName="HandleEvent_WorkItemCommented_ShouldReturnHttpActionTaskConfiguredOk" computerName="TFSBUILD11" duration="00:00:00.0135272" startTime="2015-09-28T09:43:20.9210308-07:00" endTime="2015-09-28T09:43:20.9366557-07:00" testType="13cdc9d9-ddb5-4fa4-a97d-d965ccfc6d4b" outcome="Passed" testListId="8c84fa94-04c1-424b-9868-57a2d4851a1d" relativeResultsDirectory="7b16dca7-bce3-417e-b3de-5b2ed0f29949" />
    <UnitTestResult executionId="02a4e335-7e49-4538-a659-873963980ed5" testId="fc15aa9e-6402-65bb-7b2d-c1aef4a70ad8" testName="HandleEvent_MessagePosted_ShouldReturnHttpActionTaskConfiguredOk" computerName="TFSBUILD11" duration="00:00:00.0064281" startTime="2015-09-28T09:43:20.9366557-07:00" endTime="2015-09-28T09:43:20.9366557-07:00" testType="13cdc9d9-ddb5-4fa4-a97d-d965ccfc6d4b" outcome="Passed" testListId="8c84fa94-04c1-424b-9868-57a2d4851a1d" relativeResultsDirectory="02a4e335-7e49-4538-a659-873963980ed5" />
    <UnitTestResult executionId="30d93683-f886-4268-9af7-6c397d46f963" testId="757fd3cf-0e2f-e8d1-af0f-43fed84653cd" testName="Id_CheckExpected" computerName="TFSBUILD11" duration="00:00:00.0003694" startTime="2015-09-28T09:43:20.9366557-07:00" endTime="2015-09-28T09:43:20.9366557-07:00" testType="13cdc9d9-ddb5-4fa4-a97d-d965ccfc6d4b" outcome="Passed" testListId="8c84fa94-04c1-424b-9868-57a2d4851a1d" relativeResultsDirectory="30d93683-f886-4268-9af7-6c397d46f963" />
    <UnitTestResult executionId="b280eceb-7381-4a49-be0c-04b16480213a" testId="b380b062-031d-b73c-fb51-b3933216c1df" testName="ConsumerId_CheckExpected" computerName="TFSBUILD11" duration="00:00:00.0000335" startTime="2015-09-28T09:43:20.9366557-07:00" endTime="2015-09-28T09:43:20.9366557-07:00" testType="13cdc9d9-ddb5-4fa4-a97d-d965ccfc6d4b" outcome="Passed" testListId="8c84fa94-04c1-424b-9868-57a2d4851a1d" relativeResultsDirectory="b280eceb-7381-4a49-be0c-04b16480213a" />
    <UnitTestResult executionId="e283231c-eaca-485c-8d08-221369095017" testId="3a84391d-65ca-3c59-17fd-6f464daa05d1" testName="Name_CheckExpected" computerName="TFSBUILD11" duration="00:00:00.0002921" startTime="2015-09-28T09:43:20.9366557-07:00" endTime="2015-09-28T09:43:20.9522824-07:00" testType="13cdc9d9-ddb5-4fa4-a97d-d965ccfc6d4b" outcome="Passed" testListId="8c84fa94-04c1-424b-9868-57a2d4851a1d" relativeResultsDirectory="e283231c-eaca-485c-8d08-221369095017" />
    <UnitTestResult executionId="be9cf8c9-c9f1-4469-927a-fc0dbd6df98d" testId="a5010ebf-5e58-2ef6-57a9-64ba977b8c6a" testName="Description_CheckExpected" computerName="TFSBUILD11" duration="00:00:00.0001308" startTime="2015-09-28T09:43:20.9522824-07:00" endTime="2015-09-28T09:43:20.9522824-07:00" testType="13cdc9d9-ddb5-4fa4-a97d-d965ccfc6d4b" outcome="Passed" testListId="8c84fa94-04c1-424b-9868-57a2d4851a1d" relativeResultsDirectory="be9cf8c9-c9f1-4469-927a-fc0dbd6df98d" />
    <UnitTestResult executionId="db5c96bf-2d22-4da4-ba5f-72cec4e63553" testId="60681953-b6f2-eb3a-ba7c-ddbd2c07d414" testName="SupportedEventTypes_CheckExpected" computerName="TFSBUILD11" duration="00:00:00.0000867" startTime="2015-09-28T09:43:20.9522824-07:00" endTime="2015-09-28T09:43:20.9522824-07:00" testType="13cdc9d9-ddb5-4fa4-a97d-d965ccfc6d4b" outcome="Passed" testListId="8c84fa94-04c1-424b-9868-57a2d4851a1d" relativeResultsDirectory="db5c96bf-2d22-4da4-ba5f-72cec4e63553" />
    <UnitTestResult executionId="46153df3-332c-40b3-91c8-4a6decf4861c" testId="518616fe-5139-0bc9-45e6-23e418ca88fc" testName="SupportedResourceVersions_CheckExpected" computerName="TFSBUILD11" duration="00:00:00.0005418" startTime="2015-09-28T09:43:20.9522824-07:00" endTime="2015-09-28T09:43:20.9522824-07:00" testType="13cdc9d9-ddb5-4fa4-a97d-d965ccfc6d4b" outcome="Passed" testListId="8c84fa94-04c1-424b-9868-57a2d4851a1d" relativeResultsDirectory="46153df3-332c-40b3-91c8-4a6decf4861c" />
    <UnitTestResult executionId="99f0a06c-6534-4337-8dee-dcdaa7e3c1db" testId="f26a1951-de40-6a5f-c2ad-637f9b5a54b0" testName="AllowResourceVersionOverride_CheckExpected" computerName="TFSBUILD11" duration="00:00:00.0000457" startTime="2015-09-28T09:43:20.9522824-07:00" endTime="2015-09-28T09:43:20.9522824-07:00" testType="13cdc9d9-ddb5-4fa4-a97d-d965ccfc6d4b" outcome="Passed" testListId="8c84fa94-04c1-424b-9868-57a2d4851a1d" relativeResultsDirectory="99f0a06c-6534-4337-8dee-dcdaa7e3c1db" />
    <UnitTestResult executionId="2ca88d11-4779-4a95-b95e-4e01d9c85867" testId="fd7fff0a-c012-7d7e-8519-dd19df1803ab" testName="InputDescriptors_CheckExpected" computerName="TFSBUILD11" duration="00:00:00.0006374" startTime="2015-09-28T09:43:20.9522824-07:00" endTime="2015-09-28T09:43:20.9522824-07:00" testType="13cdc9d9-ddb5-4fa4-a97d-d965ccfc6d4b" outcome="Passed" testListId="8c84fa94-04c1-424b-9868-57a2d4851a1d" relativeResultsDirectory="2ca88d11-4779-4a95-b95e-4e01d9c85867" />
    <UnitTestResult executionId="b4780006-69cc-4a6b-9e79-9351df6620f0" testId="43f80761-66d8-691f-d9df-b1200c0eae48" testName="Id_CheckExpected" computerName="TFSBUILD11" duration="00:00:00.0000819" startTime="2015-09-28T09:43:20.9522824-07:00" endTime="2015-09-28T09:43:20.9522824-07:00" testType="13cdc9d9-ddb5-4fa4-a97d-d965ccfc6d4b" outcome="Passed" testListId="8c84fa94-04c1-424b-9868-57a2d4851a1d" relativeResultsDirectory="b4780006-69cc-4a6b-9e79-9351df6620f0" />
    <UnitTestResult executionId="76ffb490-4bf1-4525-8ac8-c2300a75559f" testId="23954ce7-e722-fbf9-7aff-3186d41da677" testName="Name_CheckExpected" computerName="TFSBUILD11" duration="00:00:00.0001285" startTime="2015-09-28T09:43:20.9522824-07:00" endTime="2015-09-28T09:43:20.9522824-07:00" testType="13cdc9d9-ddb5-4fa4-a97d-d965ccfc6d4b" outcome="Passed" testListId="8c84fa94-04c1-424b-9868-57a2d4851a1d" relativeResultsDirectory="76ffb490-4bf1-4525-8ac8-c2300a75559f" />
    <UnitTestResult executionId="21b7f04c-2725-4bac-bd9b-83d7fcf28903" testId="a9dd12d3-21a5-be22-6c87-7da60ffc98f1" testName="Description_CheckExpected" computerName="TFSBUILD11" duration="00:00:00.0001225" startTime="2015-09-28T09:43:20.9522824-07:00" endTime="2015-09-28T09:43:20.9522824-07:00" testType="13cdc9d9-ddb5-4fa4-a97d-d965ccfc6d4b" outcome="Passed" testListId="8c84fa94-04c1-424b-9868-57a2d4851a1d" relativeResultsDirectory="21b7f04c-2725-4bac-bd9b-83d7fcf28903" />
    <UnitTestResult executionId="10b59086-4ab7-4e82-a21b-df3a14aaa41b" testId="96397bac-6ce6-55d5-fd80-81621d972635" testName="InformationUrl_CheckExpected" computerName="TFSBUILD11" duration="00:00:00.0000492" startTime="2015-09-28T09:43:20.9522824-07:00" endTime="2015-09-28T09:43:20.9522824-07:00" testType="13cdc9d9-ddb5-4fa4-a97d-d965ccfc6d4b" outcome="Passed" testListId="8c84fa94-04c1-424b-9868-57a2d4851a1d" relativeResultsDirectory="10b59086-4ab7-4e82-a21b-df3a14aaa41b" />
    <UnitTestResult executionId="0c0e911b-8031-43b3-9759-41964d1ed2ba" testId="a45a4c11-af1a-97f7-9524-719689e32cdc" testName="ImageUrl_CheckExpected" computerName="TFSBUILD11" duration="00:00:00.0000472" startTime="2015-09-28T09:43:20.9522824-07:00" endTime="2015-09-28T09:43:20.9522824-07:00" testType="13cdc9d9-ddb5-4fa4-a97d-d965ccfc6d4b" outcome="Passed" testListId="8c84fa94-04c1-424b-9868-57a2d4851a1d" relativeResultsDirectory="0c0e911b-8031-43b3-9759-41964d1ed2ba" />
    <UnitTestResult executionId="d74dde05-6190-4545-9cc6-a5456bf4b284" testId="4370de23-20e3-bc2d-ea35-616588b730cf" testName="AuthenticationType_CheckExpected" computerName="TFSBUILD11" duration="00:00:00.0000423" startTime="2015-09-28T09:43:20.9522824-07:00" endTime="2015-09-28T09:43:20.9522824-07:00" testType="13cdc9d9-ddb5-4fa4-a97d-d965ccfc6d4b" outcome="Passed" testListId="8c84fa94-04c1-424b-9868-57a2d4851a1d" relativeResultsDirectory="d74dde05-6190-4545-9cc6-a5456bf4b284" />
    <UnitTestResult executionId="e544b9dd-c2e6-40c3-953c-961319092a8c" testId="98f347e1-cc54-716e-da87-0672df647855" testName="ExternalConfiguration_CheckExpected" computerName="TFSBUILD11" duration="00:00:00.0000452" startTime="2015-09-28T09:43:20.9522824-07:00" endTime="2015-09-28T09:43:20.9522824-07:00" testType="13cdc9d9-ddb5-4fa4-a97d-d965ccfc6d4b" outcome="Passed" testListId="8c84fa94-04c1-424b-9868-57a2d4851a1d" relativeResultsDirectory="e544b9dd-c2e6-40c3-953c-961319092a8c" />
    <UnitTestResult executionId="0f8c99b9-19b6-4c70-9408-1bd27f3fe3a2" testId="0d48430f-91f1-4ceb-4de7-2b87e2242e31" testName="InputDescriptors_CheckExpected" computerName="TFSBUILD11" duration="00:00:00.0001103" startTime="2015-09-28T09:43:20.9522824-07:00" endTime="2015-09-28T09:43:20.9522824-07:00" testType="13cdc9d9-ddb5-4fa4-a97d-d965ccfc6d4b" outcome="Passed" testListId="8c84fa94-04c1-424b-9868-57a2d4851a1d" relativeResultsDirectory="0f8c99b9-19b6-4c70-9408-1bd27f3fe3a2" />
    <UnitTestResult executionId="124d8e0e-88a2-4cdb-9c54-a9245af1d4e9" testId="081c38f6-d8e4-ce72-d24a-0941aebbcdd2" testName="FeatureName_CheckExpected" computerName="TFSBUILD11" duration="00:00:00.0000051" startTime="2015-09-28T09:43:20.9522824-07:00" endTime="2015-09-28T09:43:20.9522824-07:00" testType="13cdc9d9-ddb5-4fa4-a97d-d965ccfc6d4b" outcome="Passed" testListId="8c84fa94-04c1-424b-9868-57a2d4851a1d" relativeResultsDirectory="124d8e0e-88a2-4cdb-9c54-a9245af1d4e9" />
    <UnitTestResult executionId="77232c72-42bc-4d7a-b306-c6eeefcaec80" testId="4466108e-9a61-c73e-bb5f-c59942e9dc2a" testName="Id_CheckExpected" computerName="TFSBUILD11" duration="00:00:00.0001174" startTime="2015-09-28T09:43:20.9522824-07:00" endTime="2015-09-28T09:43:20.9991613-07:00" testType="13cdc9d9-ddb5-4fa4-a97d-d965ccfc6d4b" outcome="Passed" testListId="8c84fa94-04c1-424b-9868-57a2d4851a1d" relativeResultsDirectory="77232c72-42bc-4d7a-b306-c6eeefcaec80" />
    <UnitTestResult executionId="e7dc6dc5-78b1-47fe-a7f1-2923d682775d" testId="52a08ac8-5060-6d0e-b693-a2659a0ce97c" testName="Name_CheckExpected" computerName="TFSBUILD11" duration="00:00:00.0003407" startTime="2015-09-28T09:43:20.9991613-07:00" endTime="2015-09-28T09:43:20.9991613-07:00" testType="13cdc9d9-ddb5-4fa4-a97d-d965ccfc6d4b" outcome="Passed" testListId="8c84fa94-04c1-424b-9868-57a2d4851a1d" relativeResultsDirectory="e7dc6dc5-78b1-47fe-a7f1-2923d682775d" />
    <UnitTestResult executionId="44b90a0e-a791-4697-9203-38bd1adf36c4" testId="25934755-05dd-fb87-bbdc-adc11a42db98" testName="Description_CheckExpected" computerName="TFSBUILD11" duration="00:00:00.0001393" startTime="2015-09-28T09:43:20.9991613-07:00" endTime="2015-09-28T09:43:20.9991613-07:00" testType="13cdc9d9-ddb5-4fa4-a97d-d965ccfc6d4b" outcome="Passed" testListId="8c84fa94-04c1-424b-9868-57a2d4851a1d" relativeResultsDirectory="44b90a0e-a791-4697-9203-38bd1adf36c4" />
    <UnitTestResult executionId="37e5ad89-d662-4a3d-9d33-82c61cda1e1f" testId="d20953fb-3965-a2c3-9830-a92d25cff76d" testName="InformationUrl_CheckExpected" computerName="TFSBUILD11" duration="00:00:00.0000691" startTime="2015-09-28T09:43:20.9991613-07:00" endTime="2015-09-28T09:43:20.9991613-07:00" testType="13cdc9d9-ddb5-4fa4-a97d-d965ccfc6d4b" outcome="Passed" testListId="8c84fa94-04c1-424b-9868-57a2d4851a1d" relativeResultsDirectory="37e5ad89-d662-4a3d-9d33-82c61cda1e1f" />
    <UnitTestResult executionId="ac6d9ff5-a5c3-4240-acef-e272009f4708" testId="9cbd421c-59fd-0948-1d0f-e5cd9e8c799d" testName="ImageUrl_CheckExpected" computerName="TFSBUILD11" duration="00:00:00.0000770" startTime="2015-09-28T09:43:20.9991613-07:00" endTime="2015-09-28T09:43:20.9991613-07:00" testType="13cdc9d9-ddb5-4fa4-a97d-d965ccfc6d4b" outcome="Passed" testListId="8c84fa94-04c1-424b-9868-57a2d4851a1d" relativeResultsDirectory="ac6d9ff5-a5c3-4240-acef-e272009f4708" />
    <UnitTestResult executionId="d8b1940a-df5c-44bf-adec-b585bb22b2ff" testId="53d1c32f-59c8-36c0-6517-050420b73e12" testName="AuthenticationType_CheckExpected" computerName="TFSBUILD11" duration="00:00:00.0000443" startTime="2015-09-28T09:43:20.9991613-07:00" endTime="2015-09-28T09:43:20.9991613-07:00" testType="13cdc9d9-ddb5-4fa4-a97d-d965ccfc6d4b" outcome="Passed" testListId="8c84fa94-04c1-424b-9868-57a2d4851a1d" relativeResultsDirectory="d8b1940a-df5c-44bf-adec-b585bb22b2ff" />
    <UnitTestResult executionId="52ea7da1-0a82-4a28-ba45-ffa331ccc17f" testId="a6d0d8bb-ee7e-9517-b9ba-d66bbac15e8f" testName="ExternalConfiguration_CheckExpected" computerName="TFSBUILD11" duration="00:00:00.0001112" startTime="2015-09-28T09:43:20.9991613-07:00" endTime="2015-09-28T09:43:20.9991613-07:00" testType="13cdc9d9-ddb5-4fa4-a97d-d965ccfc6d4b" outcome="Passed" testListId="8c84fa94-04c1-424b-9868-57a2d4851a1d" relativeResultsDirectory="52ea7da1-0a82-4a28-ba45-ffa331ccc17f" />
    <UnitTestResult executionId="7891ada2-6c97-40d3-9347-1e67c39675c9" testId="717c7066-e893-4e45-4466-029b9416e988" testName="InputDescriptors_CheckExpected" computerName="TFSBUILD11" duration="00:00:00.0002443" startTime="2015-09-28T09:43:20.9991613-07:00" endTime="2015-09-28T09:43:20.9991613-07:00" testType="13cdc9d9-ddb5-4fa4-a97d-d965ccfc6d4b" outcome="Passed" testListId="8c84fa94-04c1-424b-9868-57a2d4851a1d" relativeResultsDirectory="7891ada2-6c97-40d3-9347-1e67c39675c9" />
    <UnitTestResult executionId="76c539a0-5978-4e8e-90df-1af44d62025f" testId="9c29d8f8-8d1c-c848-69bf-be15dfdacaf5" testName="FeatureName_CheckExpected" computerName="TFSBUILD11" duration="00:00:00.0000073" startTime="2015-09-28T09:43:20.9991613-07:00" endTime="2015-09-28T09:43:20.9991613-07:00" testType="13cdc9d9-ddb5-4fa4-a97d-d965ccfc6d4b" outcome="Passed" testListId="8c84fa94-04c1-424b-9868-57a2d4851a1d" relativeResultsDirectory="76c539a0-5978-4e8e-90df-1af44d62025f" />
    <UnitTestResult executionId="63d30063-0bfa-45f3-a68d-99e06bc4159d" testId="69b665c2-c02e-bb41-a2a7-6f74388cd8be" testName="HandleEvent_InputsOk_ShouldReturnHttpActionTaskConfiguredOk" computerName="TFSBUILD11" duration="00:00:00.0230058" startTime="2015-09-28T09:43:20.9991613-07:00" endTime="2015-09-28T09:43:21.0304132-07:00" testType="13cdc9d9-ddb5-4fa4-a97d-d965ccfc6d4b" outcome="Passed" testListId="8c84fa94-04c1-424b-9868-57a2d4851a1d" relativeResultsDirectory="63d30063-0bfa-45f3-a68d-99e06bc4159d" />
    <UnitTestResult executionId="7624028b-228f-4a9b-a40d-9025fe3a0e90" testId="74ffdbe3-59e3-a185-b1c9-b388e9ab1285" testName="Id_CheckExpected" computerName="TFSBUILD11" duration="00:00:00.0000537" startTime="2015-09-28T09:43:21.0304132-07:00" endTime="2015-09-28T09:43:21.0304132-07:00" testType="13cdc9d9-ddb5-4fa4-a97d-d965ccfc6d4b" outcome="Passed" testListId="8c84fa94-04c1-424b-9868-57a2d4851a1d" relativeResultsDirectory="7624028b-228f-4a9b-a40d-9025fe3a0e90" />
    <UnitTestResult executionId="bbd33d78-8d4c-473a-9db9-f7c34d75e782" testId="6a539b3e-3e98-d35f-b1ef-f9245385130c" testName="ConsumerId_CheckExpected" computerName="TFSBUILD11" duration="00:00:00.0000324" startTime="2015-09-28T09:43:21.0304132-07:00" endTime="2015-09-28T09:43:21.0304132-07:00" testType="13cdc9d9-ddb5-4fa4-a97d-d965ccfc6d4b" outcome="Passed" testListId="8c84fa94-04c1-424b-9868-57a2d4851a1d" relativeResultsDirectory="bbd33d78-8d4c-473a-9db9-f7c34d75e782" />
    <UnitTestResult executionId="975d57fb-cbea-4400-a953-c37f62f5cf87" testId="09ce91c9-5991-2d6d-5b41-88f9f4379405" testName="Name_CheckExpected" computerName="TFSBUILD11" duration="00:00:00.0001581" startTime="2015-09-28T09:43:21.0304132-07:00" endTime="2015-09-28T09:43:21.0304132-07:00" testType="13cdc9d9-ddb5-4fa4-a97d-d965ccfc6d4b" outcome="Passed" testListId="8c84fa94-04c1-424b-9868-57a2d4851a1d" relativeResultsDirectory="975d57fb-cbea-4400-a953-c37f62f5cf87" />
    <UnitTestResult executionId="8727ab55-8e48-4aa9-86f5-1e8600d39dd5" testId="375324d8-0445-0b92-f031-15c7d1303afb" testName="Description_CheckExpected" computerName="TFSBUILD11" duration="00:00:00.0001524" startTime="2015-09-28T09:43:21.0304132-07:00" endTime="2015-09-28T09:43:21.0304132-07:00" testType="13cdc9d9-ddb5-4fa4-a97d-d965ccfc6d4b" outcome="Passed" testListId="8c84fa94-04c1-424b-9868-57a2d4851a1d" relativeResultsDirectory="8727ab55-8e48-4aa9-86f5-1e8600d39dd5" />
    <UnitTestResult executionId="48b263ec-49c9-4323-9059-35b0e59b51a6" testId="65e22077-aaa4-9b2a-7c94-5411b1978ce0" testName="SupportedEventTypes_CheckExpected" computerName="TFSBUILD11" duration="00:00:00.0001072" startTime="2015-09-28T09:43:21.0304132-07:00" endTime="2015-09-28T09:43:21.0304132-07:00" testType="13cdc9d9-ddb5-4fa4-a97d-d965ccfc6d4b" outcome="Passed" testListId="8c84fa94-04c1-424b-9868-57a2d4851a1d" relativeResultsDirectory="48b263ec-49c9-4323-9059-35b0e59b51a6" />
    <UnitTestResult executionId="9620d6fd-941d-4bb3-b59a-50bb3fad6fba" testId="cc92256d-3ba6-6cf6-49b0-2936f43702d2" testName="SupportedResourceVersions_CheckExpected" computerName="TFSBUILD11" duration="00:00:00.0000887" startTime="2015-09-28T09:43:21.0304132-07:00" endTime="2015-09-28T09:43:21.0304132-07:00" testType="13cdc9d9-ddb5-4fa4-a97d-d965ccfc6d4b" outcome="Passed" testListId="8c84fa94-04c1-424b-9868-57a2d4851a1d" relativeResultsDirectory="9620d6fd-941d-4bb3-b59a-50bb3fad6fba" />
    <UnitTestResult executionId="a3a0cd86-f463-4b0d-a25f-91dc36242981" testId="beac384b-84ea-ec8b-c212-b6d26e8e7060" testName="AllowResourceVersionOverride_CheckExpected" computerName="TFSBUILD11" duration="00:00:00.0000733" startTime="2015-09-28T09:43:21.0304132-07:00" endTime="2015-09-28T09:43:21.0304132-07:00" testType="13cdc9d9-ddb5-4fa4-a97d-d965ccfc6d4b" outcome="Passed" testListId="8c84fa94-04c1-424b-9868-57a2d4851a1d" relativeResultsDirectory="a3a0cd86-f463-4b0d-a25f-91dc36242981" />
    <UnitTestResult executionId="1b9a411b-c417-4e46-9fec-cf8ec906a0fe" testId="3cafd8d0-c7ad-f5eb-3a9c-60567e1b3d7a" testName="InputDescriptors_CheckExpected" computerName="TFSBUILD11" duration="00:00:00.0009494" startTime="2015-09-28T09:43:21.0304132-07:00" endTime="2015-09-28T09:43:21.0304132-07:00" testType="13cdc9d9-ddb5-4fa4-a97d-d965ccfc6d4b" outcome="Passed" testListId="8c84fa94-04c1-424b-9868-57a2d4851a1d" relativeResultsDirectory="1b9a411b-c417-4e46-9fec-cf8ec906a0fe" />
    <UnitTestResult executionId="ee498a26-1142-46a8-87c9-4ee41d82a0b6" testId="bab9c6b2-b76f-3b02-2851-7d70a6469d4c" testName="HandleEvent_InputsOk_ShouldReturnHttpActionTaskConfiguredOk" computerName="TFSBUILD11" duration="00:00:00.0036454" startTime="2015-09-28T09:43:21.0304132-07:00" endTime="2015-09-28T09:43:21.0304132-07:00" testType="13cdc9d9-ddb5-4fa4-a97d-d965ccfc6d4b" outcome="Passed" testListId="8c84fa94-04c1-424b-9868-57a2d4851a1d" relativeResultsDirectory="ee498a26-1142-46a8-87c9-4ee41d82a0b6" />
    <UnitTestResult executionId="e3746e67-e76b-472a-905f-be21115c893f" testId="af7a12da-659b-0f01-8762-afb58425eb10" testName="Id_CheckExpected" computerName="TFSBUILD11" duration="00:00:00.0000551" startTime="2015-09-28T09:43:21.0304132-07:00" endTime="2015-09-28T09:43:21.0304132-07:00" testType="13cdc9d9-ddb5-4fa4-a97d-d965ccfc6d4b" outcome="Passed" testListId="8c84fa94-04c1-424b-9868-57a2d4851a1d" relativeResultsDirectory="e3746e67-e76b-472a-905f-be21115c893f" />
    <UnitTestResult executionId="218113f0-c3c0-4cb0-b5ae-b272441a01fb" testId="76fb9744-3cff-3327-7867-37baee884750" testName="ConsumerId_CheckExpected" computerName="TFSBUILD11" duration="00:00:00.0000332" startTime="2015-09-28T09:43:21.0304132-07:00" endTime="2015-09-28T09:43:21.0304132-07:00" testType="13cdc9d9-ddb5-4fa4-a97d-d965ccfc6d4b" outcome="Passed" testListId="8c84fa94-04c1-424b-9868-57a2d4851a1d" relativeResultsDirectory="218113f0-c3c0-4cb0-b5ae-b272441a01fb" />
    <UnitTestResult executionId="38c5f9a0-b9ab-420b-8982-d2965c06cb46" testId="40c17282-b4cd-b65c-804e-6aeb66f3b7a0" testName="Name_CheckExpected" computerName="TFSBUILD11" duration="00:00:00.0001271" startTime="2015-09-28T09:43:21.0304132-07:00" endTime="2015-09-28T09:43:21.0304132-07:00" testType="13cdc9d9-ddb5-4fa4-a97d-d965ccfc6d4b" outcome="Passed" testListId="8c84fa94-04c1-424b-9868-57a2d4851a1d" relativeResultsDirectory="38c5f9a0-b9ab-420b-8982-d2965c06cb46" />
    <UnitTestResult executionId="022a4051-32e4-41db-9281-22b3165c1a79" testId="7d56797b-9e3a-30ca-68e2-d694383d754c" testName="Description_CheckExpected" computerName="TFSBUILD11" duration="00:00:00.0002531" startTime="2015-09-28T09:43:21.0304132-07:00" endTime="2015-09-28T09:43:21.0304132-07:00" testType="13cdc9d9-ddb5-4fa4-a97d-d965ccfc6d4b" outcome="Passed" testListId="8c84fa94-04c1-424b-9868-57a2d4851a1d" relativeResultsDirectory="022a4051-32e4-41db-9281-22b3165c1a79" />
    <UnitTestResult executionId="fe60d63b-d9ae-4c5c-9926-716816808656" testId="2810dec5-9c92-1d9d-93e9-741b857dbc66" testName="SupportedEventTypes_CheckExpected" computerName="TFSBUILD11" duration="00:00:00.0000597" startTime="2015-09-28T09:43:21.0304132-07:00" endTime="2015-09-28T09:43:21.0304132-07:00" testType="13cdc9d9-ddb5-4fa4-a97d-d965ccfc6d4b" outcome="Passed" testListId="8c84fa94-04c1-424b-9868-57a2d4851a1d" relativeResultsDirectory="fe60d63b-d9ae-4c5c-9926-716816808656" />
    <UnitTestResult executionId="2a9edd80-a469-4d1c-8c4d-d3e2dc85dad5" testId="c1297193-c374-e927-e1a4-9e5ea43d57fd" testName="SupportedResourceVersions_CheckExpected" computerName="TFSBUILD11" duration="00:00:00.0000347" startTime="2015-09-28T09:43:21.0304132-07:00" endTime="2015-09-28T09:43:21.0304132-07:00" testType="13cdc9d9-ddb5-4fa4-a97d-d965ccfc6d4b" outcome="Passed" testListId="8c84fa94-04c1-424b-9868-57a2d4851a1d" relativeResultsDirectory="2a9edd80-a469-4d1c-8c4d-d3e2dc85dad5" />
    <UnitTestResult executionId="81bee8a5-236e-41e6-936e-10c67f880246" testId="08267e6b-9cc7-6ed1-fe9b-19dd96d97112" testName="AllowResourceVersionOverride_CheckExpected" computerName="TFSBUILD11" duration="00:00:00.0000292" startTime="2015-09-28T09:43:21.0304132-07:00" endTime="2015-09-28T09:43:21.0304132-07:00" testType="13cdc9d9-ddb5-4fa4-a97d-d965ccfc6d4b" outcome="Passed" testListId="8c84fa94-04c1-424b-9868-57a2d4851a1d" relativeResultsDirectory="81bee8a5-236e-41e6-936e-10c67f880246" />
    <UnitTestResult executionId="acc405c8-87bf-408f-b84b-a8cb30f6de60" testId="3094aaee-0b56-712f-2767-ed24cd2a5365" testName="InputDescriptors_CheckExpected" computerName="TFSBUILD11" duration="00:00:00.0008157" startTime="2015-09-28T09:43:21.0304132-07:00" endTime="2015-09-28T09:43:21.0304132-07:00" testType="13cdc9d9-ddb5-4fa4-a97d-d965ccfc6d4b" outcome="Passed" testListId="8c84fa94-04c1-424b-9868-57a2d4851a1d" relativeResultsDirectory="acc405c8-87bf-408f-b84b-a8cb30f6de60" />
    <UnitTestResult executionId="4878815f-ee2b-4979-9885-44a08b567907" testId="084f8eb1-cd59-dcb5-d090-85777762c562" testName="Id_CheckExpected" computerName="TFSBUILD11" duration="00:00:00.0000810" startTime="2015-09-28T09:43:21.0304132-07:00" endTime="2015-09-28T09:43:21.0460388-07:00" testType="13cdc9d9-ddb5-4fa4-a97d-d965ccfc6d4b" outcome="Passed" testListId="8c84fa94-04c1-424b-9868-57a2d4851a1d" relativeResultsDirectory="4878815f-ee2b-4979-9885-44a08b567907" />
    <UnitTestResult executionId="2f496499-1a9c-4a5e-82b6-0898af7575a3" testId="92a803bc-a321-92b0-7ac2-6bbed6376024" testName="Name_CheckExpected" computerName="TFSBUILD11" duration="00:00:00.0002961" startTime="2015-09-28T09:43:21.0460388-07:00" endTime="2015-09-28T09:43:21.0460388-07:00" testType="13cdc9d9-ddb5-4fa4-a97d-d965ccfc6d4b" outcome="Passed" testListId="8c84fa94-04c1-424b-9868-57a2d4851a1d" relativeResultsDirectory="2f496499-1a9c-4a5e-82b6-0898af7575a3" />
    <UnitTestResult executionId="668e54de-28eb-4645-99fd-4c99f293b1a5" testId="eb499752-9364-5e7a-6258-69d4de2d34ad" testName="Description_CheckExpected" computerName="TFSBUILD11" duration="00:00:00.0000987" startTime="2015-09-28T09:43:21.0460388-07:00" endTime="2015-09-28T09:43:21.0460388-07:00" testType="13cdc9d9-ddb5-4fa4-a97d-d965ccfc6d4b" outcome="Passed" testListId="8c84fa94-04c1-424b-9868-57a2d4851a1d" relativeResultsDirectory="668e54de-28eb-4645-99fd-4c99f293b1a5" />
    <UnitTestResult executionId="a8a6b56a-f8b1-44a3-b509-81ec90fbbc9c" testId="ad1d808e-b681-ea61-e569-69bc39211b42" testName="InformationUrl_CheckExpected" computerName="TFSBUILD11" duration="00:00:00.0000315" startTime="2015-09-28T09:43:21.0460388-07:00" endTime="2015-09-28T09:43:21.0460388-07:00" testType="13cdc9d9-ddb5-4fa4-a97d-d965ccfc6d4b" outcome="Passed" testListId="8c84fa94-04c1-424b-9868-57a2d4851a1d" relativeResultsDirectory="a8a6b56a-f8b1-44a3-b509-81ec90fbbc9c" />
    <UnitTestResult executionId="d812eba2-b064-4cff-a264-9216593a01dc" testId="2ad19896-20d8-5eeb-f07e-b3f50029d057" testName="ImageUrl_CheckExpected" computerName="TFSBUILD11" duration="00:00:00.0000355" startTime="2015-09-28T09:43:21.0460388-07:00" endTime="2015-09-28T09:43:21.0460388-07:00" testType="13cdc9d9-ddb5-4fa4-a97d-d965ccfc6d4b" outcome="Passed" testListId="8c84fa94-04c1-424b-9868-57a2d4851a1d" relativeResultsDirectory="d812eba2-b064-4cff-a264-9216593a01dc" />
    <UnitTestResult executionId="a25827b5-eae4-41ab-b70b-b6eb7b5987f7" testId="d062e480-020f-3c86-335b-acc375bf41ad" testName="AuthenticationType_CheckExpected" computerName="TFSBUILD11" duration="00:00:00.0000275" startTime="2015-09-28T09:43:21.0460388-07:00" endTime="2015-09-28T09:43:21.0460388-07:00" testType="13cdc9d9-ddb5-4fa4-a97d-d965ccfc6d4b" outcome="Passed" testListId="8c84fa94-04c1-424b-9868-57a2d4851a1d" relativeResultsDirectory="a25827b5-eae4-41ab-b70b-b6eb7b5987f7" />
    <UnitTestResult executionId="908345a1-4963-4de0-a1cf-615b28c48152" testId="67af02bd-f380-81ad-bb13-8183030bbe55" testName="ExternalConfiguration_CheckExpected" computerName="TFSBUILD11" duration="00:00:00.0000275" startTime="2015-09-28T09:43:21.0460388-07:00" endTime="2015-09-28T09:43:21.0460388-07:00" testType="13cdc9d9-ddb5-4fa4-a97d-d965ccfc6d4b" outcome="Passed" testListId="8c84fa94-04c1-424b-9868-57a2d4851a1d" relativeResultsDirectory="908345a1-4963-4de0-a1cf-615b28c48152" />
    <UnitTestResult executionId="54700bde-1eec-436a-ba48-44de5930f696" testId="6a3b7cf5-022c-4dc8-8fd8-6388afc4d319" testName="InputDescriptors_CheckExpected" computerName="TFSBUILD11" duration="00:00:00.0008263" startTime="2015-09-28T09:43:21.0460388-07:00" endTime="2015-09-28T09:43:21.0460388-07:00" testType="13cdc9d9-ddb5-4fa4-a97d-d965ccfc6d4b" outcome="Passed" testListId="8c84fa94-04c1-424b-9868-57a2d4851a1d" relativeResultsDirectory="54700bde-1eec-436a-ba48-44de5930f696" />
    <UnitTestResult executionId="9307fe76-8dd6-4a8a-97cd-729733bcfc5c" testId="906de3c6-b69d-d3bc-70d4-3b3eb008556c" testName="FeatureName_CheckExpected" computerName="TFSBUILD11" duration="00:00:00.0000056" startTime="2015-09-28T09:43:21.0460388-07:00" endTime="2015-09-28T09:43:21.0460388-07:00" testType="13cdc9d9-ddb5-4fa4-a97d-d965ccfc6d4b" outcome="Passed" testListId="8c84fa94-04c1-424b-9868-57a2d4851a1d" relativeResultsDirectory="9307fe76-8dd6-4a8a-97cd-729733bcfc5c" />
    <UnitTestResult executionId="55701fa0-b9c3-4f77-9de1-e930e61a7d83" testId="a0b4aff9-85a1-334b-00dc-5c474b0496e3" testName="HandleEvent_InputsOk_ShouldReturnHttpActionTaskConfiguredOk" computerName="TFSBUILD11" duration="00:00:00.0048176" startTime="2015-09-28T09:43:21.0460388-07:00" endTime="2015-09-28T09:43:21.0460388-07:00" testType="13cdc9d9-ddb5-4fa4-a97d-d965ccfc6d4b" outcome="Passed" testListId="8c84fa94-04c1-424b-9868-57a2d4851a1d" relativeResultsDirectory="55701fa0-b9c3-4f77-9de1-e930e61a7d83" />
    <UnitTestResult executionId="a0b5353e-338a-4693-811f-acc98dc7bb25" testId="0c31dbbd-7593-4955-a093-95ea3d940f38" testName="Id_CheckExpected" computerName="TFSBUILD11" duration="00:00:00.0000548" startTime="2015-09-28T09:43:21.0460388-07:00" endTime="2015-09-28T09:43:21.0460388-07:00" testType="13cdc9d9-ddb5-4fa4-a97d-d965ccfc6d4b" outcome="Passed" testListId="8c84fa94-04c1-424b-9868-57a2d4851a1d" relativeResultsDirectory="a0b5353e-338a-4693-811f-acc98dc7bb25" />
    <UnitTestResult executionId="7ba0a961-0142-45cd-9423-b7dfa669d876" testId="a54ea3a9-36f2-a94e-1805-ae666e5c6b02" testName="ConsumerId_CheckExpected" computerName="TFSBUILD11" duration="00:00:00.0000310" startTime="2015-09-28T09:43:21.0460388-07:00" endTime="2015-09-28T09:43:21.0460388-07:00" testType="13cdc9d9-ddb5-4fa4-a97d-d965ccfc6d4b" outcome="Passed" testListId="8c84fa94-04c1-424b-9868-57a2d4851a1d" relativeResultsDirectory="7ba0a961-0142-45cd-9423-b7dfa669d876" />
    <UnitTestResult executionId="62031469-072a-4831-8c5c-19201341f705" testId="37e50a21-0df7-6f12-d056-66fe446885d8" testName="Name_CheckExpected" computerName="TFSBUILD11" duration="00:00:00.0001012" startTime="2015-09-28T09:43:21.0460388-07:00" endTime="2015-09-28T09:43:21.0460388-07:00" testType="13cdc9d9-ddb5-4fa4-a97d-d965ccfc6d4b" outcome="Passed" testListId="8c84fa94-04c1-424b-9868-57a2d4851a1d" relativeResultsDirectory="62031469-072a-4831-8c5c-19201341f705" />
    <UnitTestResult executionId="d1dbb59b-ad9d-40ba-9d25-ad4656e2448d" testId="f5125af8-6320-0d9c-5028-1edfae3da053" testName="Description_CheckExpected" computerName="TFSBUILD11" duration="00:00:00.0000972" startTime="2015-09-28T09:43:21.0460388-07:00" endTime="2015-09-28T09:43:21.0460388-07:00" testType="13cdc9d9-ddb5-4fa4-a97d-d965ccfc6d4b" outcome="Passed" testListId="8c84fa94-04c1-424b-9868-57a2d4851a1d" relativeResultsDirectory="d1dbb59b-ad9d-40ba-9d25-ad4656e2448d" />
    <UnitTestResult executionId="8b93444a-9102-41d8-b705-20e48ea25c8d" testId="6b5da5ef-0e9f-b93a-d946-e0c5205f0af6" testName="SupportedEventTypes_CheckExpected" computerName="TFSBUILD11" duration="00:00:00.0000548" startTime="2015-09-28T09:43:21.0460388-07:00" endTime="2015-09-28T09:43:21.0460388-07:00" testType="13cdc9d9-ddb5-4fa4-a97d-d965ccfc6d4b" outcome="Passed" testListId="8c84fa94-04c1-424b-9868-57a2d4851a1d" relativeResultsDirectory="8b93444a-9102-41d8-b705-20e48ea25c8d" />
    <UnitTestResult executionId="4ebadaa0-43c9-4497-975e-60542463f939" testId="58560010-c722-7829-4e74-2a922f558db9" testName="SupportedResourceVersions_CheckExpected" computerName="TFSBUILD11" duration="00:00:00.0000341" startTime="2015-09-28T09:43:21.0460388-07:00" endTime="2015-09-28T09:43:21.0460388-07:00" testType="13cdc9d9-ddb5-4fa4-a97d-d965ccfc6d4b" outcome="Passed" testListId="8c84fa94-04c1-424b-9868-57a2d4851a1d" relativeResultsDirectory="4ebadaa0-43c9-4497-975e-60542463f939" />
    <UnitTestResult executionId="27ece514-ccc6-40bf-a092-5e056972152b" testId="772e2acb-f744-06c3-8853-e5f8277c7e1d" testName="AllowResourceVersionOverride_CheckExpected" computerName="TFSBUILD11" duration="00:00:00.0000290" startTime="2015-09-28T09:43:21.0460388-07:00" endTime="2015-09-28T09:43:21.0460388-07:00" testType="13cdc9d9-ddb5-4fa4-a97d-d965ccfc6d4b" outcome="Passed" testListId="8c84fa94-04c1-424b-9868-57a2d4851a1d" relativeResultsDirectory="27ece514-ccc6-40bf-a092-5e056972152b" />
    <UnitTestResult executionId="02fe091b-351f-4167-bf11-6bf56ae4492c" testId="b2b646b2-6bbf-625f-032b-5503e31a943a" testName="InputDescriptors_CheckExpected" computerName="TFSBUILD11" duration="00:00:00.0000654" startTime="2015-09-28T09:43:21.0460388-07:00" endTime="2015-09-28T09:43:21.0460388-07:00" testType="13cdc9d9-ddb5-4fa4-a97d-d965ccfc6d4b" outcome="Passed" testListId="8c84fa94-04c1-424b-9868-57a2d4851a1d" relativeResultsDirectory="02fe091b-351f-4167-bf11-6bf56ae4492c" />
    <UnitTestResult executionId="d16fc6d1-481d-442a-93c0-2e68b400c3cd" testId="00c12436-98f4-5dd7-78bf-aefeb7220a8c" testName="Id_CheckExpected" computerName="TFSBUILD11" duration="00:00:00.0000839" startTime="2015-09-28T09:43:21.0460388-07:00" endTime="2015-09-28T09:43:21.0460388-07:00" testType="13cdc9d9-ddb5-4fa4-a97d-d965ccfc6d4b" outcome="Passed" testListId="8c84fa94-04c1-424b-9868-57a2d4851a1d" relativeResultsDirectory="d16fc6d1-481d-442a-93c0-2e68b400c3cd" />
    <UnitTestResult executionId="594036e4-dfee-4af8-9b4f-32ca0b78f108" testId="a7629601-9f89-8720-5d63-1767954904a4" testName="Name_CheckExpected" computerName="TFSBUILD11" duration="00:00:00.0003512" startTime="2015-09-28T09:43:21.0460388-07:00" endTime="2015-09-28T09:43:21.0460388-07:00" testType="13cdc9d9-ddb5-4fa4-a97d-d965ccfc6d4b" outcome="Passed" testListId="8c84fa94-04c1-424b-9868-57a2d4851a1d" relativeResultsDirectory="594036e4-dfee-4af8-9b4f-32ca0b78f108" />
    <UnitTestResult executionId="9baad0cb-cbba-4ead-9fc0-e9998171f292" testId="db27502d-ca09-8b00-c484-da618b177978" testName="Description_CheckExpected" computerName="TFSBUILD11" duration="00:00:00.0001268" startTime="2015-09-28T09:43:21.0460388-07:00" endTime="2015-09-28T09:43:21.0460388-07:00" testType="13cdc9d9-ddb5-4fa4-a97d-d965ccfc6d4b" outcome="Passed" testListId="8c84fa94-04c1-424b-9868-57a2d4851a1d" relativeResultsDirectory="9baad0cb-cbba-4ead-9fc0-e9998171f292" />
    <UnitTestResult executionId="513b84d4-e3ba-4c7f-b34b-b97140ccc380" testId="a9d312b9-9019-2c9e-9c28-cf106389b5e4" testName="InformationUrl_CheckExpected" computerName="TFSBUILD11" duration="00:00:00.0000511" startTime="2015-09-28T09:43:21.0460388-07:00" endTime="2015-09-28T09:43:21.0460388-07:00" testType="13cdc9d9-ddb5-4fa4-a97d-d965ccfc6d4b" outcome="Passed" testListId="8c84fa94-04c1-424b-9868-57a2d4851a1d" relativeResultsDirectory="513b84d4-e3ba-4c7f-b34b-b97140ccc380" />
    <UnitTestResult executionId="bee07598-a382-488b-be72-8a56202e5fb5" testId="f18fc085-8d49-a022-3295-60642a5fd055" testName="ImageUrl_CheckExpected" computerName="TFSBUILD11" duration="00:00:00.0000483" startTime="2015-09-28T09:43:21.0460388-07:00" endTime="2015-09-28T09:43:21.0460388-07:00" testType="13cdc9d9-ddb5-4fa4-a97d-d965ccfc6d4b" outcome="Passed" testListId="8c84fa94-04c1-424b-9868-57a2d4851a1d" relativeResultsDirectory="bee07598-a382-488b-be72-8a56202e5fb5" />
    <UnitTestResult executionId="38709f6b-9c65-4039-b140-10b89db31ee2" testId="e95456e0-4cc7-be76-119f-1ab53d6f57bf" testName="AuthenticationType_CheckExpected" computerName="TFSBUILD11" duration="00:00:00.0000460" startTime="2015-09-28T09:43:21.0460388-07:00" endTime="2015-09-28T09:43:21.0460388-07:00" testType="13cdc9d9-ddb5-4fa4-a97d-d965ccfc6d4b" outcome="Passed" testListId="8c84fa94-04c1-424b-9868-57a2d4851a1d" relativeResultsDirectory="38709f6b-9c65-4039-b140-10b89db31ee2" />
    <UnitTestResult executionId="bb6cb1be-b4ab-4280-8642-d5311539ef44" testId="e9e3570f-8bca-53f3-5257-4c0ca0f4d4b4" testName="ExternalConfiguration_CheckExpected" computerName="TFSBUILD11" duration="00:00:00.0000457" startTime="2015-09-28T09:43:21.0460388-07:00" endTime="2015-09-28T09:43:21.0460388-07:00" testType="13cdc9d9-ddb5-4fa4-a97d-d965ccfc6d4b" outcome="Passed" testListId="8c84fa94-04c1-424b-9868-57a2d4851a1d" relativeResultsDirectory="bb6cb1be-b4ab-4280-8642-d5311539ef44" />
    <UnitTestResult executionId="d0dbb660-d307-4f86-8441-7c7831c6bbe2" testId="932e0548-91aa-81b0-eea7-454ae03617f2" testName="InputDescriptors_CheckExpected" computerName="TFSBUILD11" duration="00:00:00.0016432" startTime="2015-09-28T09:43:21.0460388-07:00" endTime="2015-09-28T09:43:21.0460388-07:00" testType="13cdc9d9-ddb5-4fa4-a97d-d965ccfc6d4b" outcome="Passed" testListId="8c84fa94-04c1-424b-9868-57a2d4851a1d" relativeResultsDirectory="d0dbb660-d307-4f86-8441-7c7831c6bbe2" />
    <UnitTestResult executionId="b9cdf233-8662-4def-95f1-3f85a05220ba" testId="d0cef623-1fdb-c3a1-af56-ca3b6029b376" testName="FeatureName_CheckExpected" computerName="TFSBUILD11" duration="00:00:00.0000062" startTime="2015-09-28T09:43:21.0460388-07:00" endTime="2015-09-28T09:43:21.0460388-07:00" testType="13cdc9d9-ddb5-4fa4-a97d-d965ccfc6d4b" outcome="Passed" testListId="8c84fa94-04c1-424b-9868-57a2d4851a1d" relativeResultsDirectory="b9cdf233-8662-4def-95f1-3f85a05220ba" />
    <UnitTestResult executionId="4271e93e-0974-4a61-9386-13c6bd1a203a" testId="20420e2b-d22e-b322-5256-2b9bf479b731" testName="GetActionDescription_ShouldReturnDescriptionWithJenkinsHost" computerName="TFSBUILD11" duration="00:00:00.0028461" startTime="2015-09-28T09:43:21.0460388-07:00" endTime="2015-09-28T09:43:21.0616652-07:00" testType="13cdc9d9-ddb5-4fa4-a97d-d965ccfc6d4b" outcome="Passed" testListId="8c84fa94-04c1-424b-9868-57a2d4851a1d" relativeResultsDirectory="4271e93e-0974-4a61-9386-13c6bd1a203a" />
    <UnitTestResult executionId="4d6ae0ad-bea8-4279-aa23-daf2b9c373e2" testId="f8e93bfd-eab7-9e22-f8ea-f2fcf6f399fc" testName="HandleEvent_PushBranchAndInputsOk_ShouldReturnHttpActionTaskConfiguredOk" computerName="TFSBUILD11" duration="00:00:00.0110770" startTime="2015-09-28T09:43:21.0616652-07:00" endTime="2015-09-28T09:43:21.0616652-07:00" testType="13cdc9d9-ddb5-4fa4-a97d-d965ccfc6d4b" outcome="Passed" testListId="8c84fa94-04c1-424b-9868-57a2d4851a1d" relativeResultsDirectory="4d6ae0ad-bea8-4279-aa23-daf2b9c373e2" />
    <UnitTestResult executionId="bd00b4b8-041a-4a3c-9e00-3f0d16dec13d" testId="cf8afedb-ebbc-03d0-878b-8f6d3e0e1d8c" testName="HandleEvent_PushTagAndInputsOk_ShouldReturnHttpActionTaskConfiguredOk" computerName="TFSBUILD11" duration="00:00:00.0026387" startTime="2015-09-28T09:43:21.0616652-07:00" endTime="2015-09-28T09:43:21.0772907-07:00" testType="13cdc9d9-ddb5-4fa4-a97d-d965ccfc6d4b" outcome="Passed" testListId="8c84fa94-04c1-424b-9868-57a2d4851a1d" relativeResultsDirectory="bd00b4b8-041a-4a3c-9e00-3f0d16dec13d" />
    <UnitTestResult executionId="6e9de99e-c4ed-4f8a-8753-c9f778c9ac8a" testId="4a215274-5c3a-6446-77be-6748e3ecfbdc" testName="Id_CheckExpected" computerName="TFSBUILD11" duration="00:00:00.0000711" startTime="2015-09-28T09:43:21.0772907-07:00" endTime="2015-09-28T09:43:21.0772907-07:00" testType="13cdc9d9-ddb5-4fa4-a97d-d965ccfc6d4b" outcome="Passed" testListId="8c84fa94-04c1-424b-9868-57a2d4851a1d" relativeResultsDirectory="6e9de99e-c4ed-4f8a-8753-c9f778c9ac8a" />
    <UnitTestResult executionId="859dbeb0-dc50-40b4-80a2-c1c4c2f48ce7" testId="8b33296f-afe6-e3f2-83f5-e8aade1a9cd6" testName="ConsumerId_CheckExpected" computerName="TFSBUILD11" duration="00:00:00.0000307" startTime="2015-09-28T09:43:21.0772907-07:00" endTime="2015-09-28T09:43:21.0772907-07:00" testType="13cdc9d9-ddb5-4fa4-a97d-d965ccfc6d4b" outcome="Passed" testListId="8c84fa94-04c1-424b-9868-57a2d4851a1d" relativeResultsDirectory="859dbeb0-dc50-40b4-80a2-c1c4c2f48ce7" />
    <UnitTestResult executionId="395b8ec6-3561-47b4-89c4-084315661088" testId="311ed59c-7302-f375-bd91-6d84d5d0f440" testName="Name_CheckExpected" computerName="TFSBUILD11" duration="00:00:00.0001319" startTime="2015-09-28T09:43:21.0772907-07:00" endTime="2015-09-28T09:43:21.0772907-07:00" testType="13cdc9d9-ddb5-4fa4-a97d-d965ccfc6d4b" outcome="Passed" testListId="8c84fa94-04c1-424b-9868-57a2d4851a1d" relativeResultsDirectory="395b8ec6-3561-47b4-89c4-084315661088" />
    <UnitTestResult executionId="28c2f581-78df-4cc7-8020-e71434ecb486" testId="9e90b0a3-96f7-6acf-6cbe-cd9d71de47d1" testName="Description_CheckExpected" computerName="TFSBUILD11" duration="00:00:00.0002175" startTime="2015-09-28T09:43:21.0772907-07:00" endTime="2015-09-28T09:43:21.0772907-07:00" testType="13cdc9d9-ddb5-4fa4-a97d-d965ccfc6d4b" outcome="Passed" testListId="8c84fa94-04c1-424b-9868-57a2d4851a1d" relativeResultsDirectory="28c2f581-78df-4cc7-8020-e71434ecb486" />
    <UnitTestResult executionId="28486fe9-d053-45c9-a189-49d9ab16adc9" testId="8f93b665-95b1-ff61-4637-607a32f177ae" testName="SupportedEventTypes_CheckExpected" computerName="TFSBUILD11" duration="00:00:00.0002602" startTime="2015-09-28T09:43:21.0772907-07:00" endTime="2015-09-28T09:43:21.0772907-07:00" testType="13cdc9d9-ddb5-4fa4-a97d-d965ccfc6d4b" outcome="Passed" testListId="8c84fa94-04c1-424b-9868-57a2d4851a1d" relativeResultsDirectory="28486fe9-d053-45c9-a189-49d9ab16adc9" />
    <UnitTestResult executionId="47ea621c-a242-42bb-aa81-b0098202735d" testId="3424fff9-a083-0bb7-5ca9-e5c3dbdd9c0e" testName="SupportedResourceVersions_CheckExpected" computerName="TFSBUILD11" duration="00:00:00.0001143" startTime="2015-09-28T09:43:21.0772907-07:00" endTime="2015-09-28T09:43:21.0772907-07:00" testType="13cdc9d9-ddb5-4fa4-a97d-d965ccfc6d4b" outcome="Passed" testListId="8c84fa94-04c1-424b-9868-57a2d4851a1d" relativeResultsDirectory="47ea621c-a242-42bb-aa81-b0098202735d" />
    <UnitTestResult executionId="055308e6-957b-4d09-b094-1ae5783d448f" testId="c1a794ca-0d05-c2b1-a803-03a977fad388" testName="AllowResourceVersionOverride_CheckExpected" computerName="TFSBUILD11" duration="00:00:00.0000438" startTime="2015-09-28T09:43:21.0772907-07:00" endTime="2015-09-28T09:43:21.0772907-07:00" testType="13cdc9d9-ddb5-4fa4-a97d-d965ccfc6d4b" outcome="Passed" testListId="8c84fa94-04c1-424b-9868-57a2d4851a1d" relativeResultsDirectory="055308e6-957b-4d09-b094-1ae5783d448f" />
    <UnitTestResult executionId="285d4589-b835-425c-af3f-6d2b6177d49d" testId="079205d8-581b-66a4-19f3-53503c008b44" testName="InputDescriptors_CheckExpected" computerName="TFSBUILD11" duration="00:00:00.0001097" startTime="2015-09-28T09:43:21.0772907-07:00" endTime="2015-09-28T09:43:21.0772907-07:00" testType="13cdc9d9-ddb5-4fa4-a97d-d965ccfc6d4b" outcome="Passed" testListId="8c84fa94-04c1-424b-9868-57a2d4851a1d" relativeResultsDirectory="285d4589-b835-425c-af3f-6d2b6177d49d" />
    <UnitTestResult executionId="06a08a12-cdf7-418d-8f8c-e65a8873dccb" testId="a137548f-f119-263e-3493-aedd548335c9" testName="GetActionDescription_ShouldReturnDescriptionWithJenkinsHostAndBuild" computerName="TFSBUILD11" duration="00:00:00.0025392" startTime="2015-09-28T09:43:21.0772907-07:00" endTime="2015-09-28T09:43:21.0772907-07:00" testType="13cdc9d9-ddb5-4fa4-a97d-d965ccfc6d4b" outcome="Passed" testListId="8c84fa94-04c1-424b-9868-57a2d4851a1d" relativeResultsDirectory="06a08a12-cdf7-418d-8f8c-e65a8873dccb" />
    <UnitTestResult executionId="19d705e6-e1bb-4168-9f8a-a93bb06d17ae" testId="5b4c5fee-8780-143b-26c4-256d6e9b33b8" testName="GetInputValues_UnknownInputId_ShouldReturnNull" computerName="TFSBUILD11" duration="00:00:00.0023642" startTime="2015-09-28T09:43:21.0772907-07:00" endTime="2015-09-28T09:43:21.0772907-07:00" testType="13cdc9d9-ddb5-4fa4-a97d-d965ccfc6d4b" outcome="Passed" testListId="8c84fa94-04c1-424b-9868-57a2d4851a1d" relativeResultsDirectory="19d705e6-e1bb-4168-9f8a-a93bb06d17ae" />
    <UnitTestResult executionId="b585d446-e6fd-45ea-aa27-b4122e1bc206" testId="62bf3f69-c536-24f3-1523-463462831c7f" testName="GetInputValues_QueryingBuildNameWithMissingRequiredInputs_ShouldReturnDefaultCombo" computerName="TFSBUILD11" duration="00:00:00.0039483" startTime="2015-09-28T09:43:21.0772907-07:00" endTime="2015-09-28T09:43:21.0772907-07:00" testType="13cdc9d9-ddb5-4fa4-a97d-d965ccfc6d4b" outcome="Passed" testListId="8c84fa94-04c1-424b-9868-57a2d4851a1d" relativeResultsDirectory="b585d446-e6fd-45ea-aa27-b4122e1bc206" />
    <UnitTestResult executionId="cc304e95-c45e-4b21-a5dd-ae12fdf5717e" testId="ca64c7a9-dcb1-b0c4-30bd-7762162d0168" testName="GetInputValues_QueryingBuildValuesWithInputsOk_ShouldReturnComboWithBuilds" computerName="TFSBUILD11" duration="00:00:00.0339131" startTime="2015-09-28T09:43:21.0772907-07:00" endTime="2015-09-28T09:43:21.1241691-07:00" testType="13cdc9d9-ddb5-4fa4-a97d-d965ccfc6d4b" outcome="Passed" testListId="8c84fa94-04c1-424b-9868-57a2d4851a1d" relativeResultsDirectory="cc304e95-c45e-4b21-a5dd-ae12fdf5717e" />
    <UnitTestResult executionId="c846f307-da24-45b5-bbc3-30993d5e3f21" testId="9931068f-a528-5066-c75e-b7e3e13893fe" testName="GetInputValues_QueryingBuildValuesWithInvalidCredentials_ShouldReturnComboWithErrorMessageNotAuthorized" computerName="TFSBUILD11" duration="00:00:00.0029786" startTime="2015-09-28T09:43:21.1241691-07:00" endTime="2015-09-28T09:43:21.1241691-07:00" testType="13cdc9d9-ddb5-4fa4-a97d-d965ccfc6d4b" outcome="Passed" testListId="8c84fa94-04c1-424b-9868-57a2d4851a1d" relativeResultsDirectory="c846f307-da24-45b5-bbc3-30993d5e3f21" />
    <UnitTestResult executionId="fb441c68-2fdd-4792-81c9-cd5789a80e37" testId="7dc01f64-7c1e-dc9c-5e16-d967a360f183" testName="GetInputValues_QueryingBuildValuesWithErrorInJenkins_ShouldReturnDefaultCombo" computerName="TFSBUILD11" duration="00:00:00.0026589" startTime="2015-09-28T09:43:21.1241691-07:00" endTime="2015-09-28T09:43:21.1241691-07:00" testType="13cdc9d9-ddb5-4fa4-a97d-d965ccfc6d4b" outcome="Passed" testListId="8c84fa94-04c1-424b-9868-57a2d4851a1d" relativeResultsDirectory="fb441c68-2fdd-4792-81c9-cd5789a80e37" />
    <UnitTestResult executionId="ecf5a21d-2f16-468b-b0c2-74fb935ee1ff" testId="233a57d8-d8df-9768-65b2-c54a0467b03c" testName="HandleEvent_InputsOkWithoutParameters_ShouldReturnHttpActionTaskConfiguredOk" computerName="TFSBUILD11" duration="00:00:00.0161470" startTime="2015-09-28T09:43:21.1241691-07:00" endTime="2015-09-28T09:43:21.1397955-07:00" testType="13cdc9d9-ddb5-4fa4-a97d-d965ccfc6d4b" outcome="Passed" testListId="8c84fa94-04c1-424b-9868-57a2d4851a1d" relativeResultsDirectory="ecf5a21d-2f16-468b-b0c2-74fb935ee1ff" />
    <UnitTestResult executionId="23ca151a-6c77-4775-aa50-c77b089e0c57" testId="0392fb89-0e54-691a-ee0e-7ee05b819ccd" testName="HandleEvent_InputsOkWithParameters_ShouldReturnHttpActionTaskConfiguredOk" computerName="TFSBUILD11" duration="00:00:00.0097285" startTime="2015-09-28T09:43:21.1397955-07:00" endTime="2015-09-28T09:43:21.1554219-07:00" testType="13cdc9d9-ddb5-4fa4-a97d-d965ccfc6d4b" outcome="Passed" testListId="8c84fa94-04c1-424b-9868-57a2d4851a1d" relativeResultsDirectory="23ca151a-6c77-4775-aa50-c77b089e0c57" />
    <UnitTestResult executionId="36e8b5fc-28eb-49e2-be7b-7f6cce26cb11" testId="707230e7-9909-4121-c112-d76db911c0ff" testName="Id_CheckExpected" computerName="TFSBUILD11" duration="00:00:00.0000543" startTime="2015-09-28T09:43:21.1554219-07:00" endTime="2015-09-28T09:43:21.1554219-07:00" testType="13cdc9d9-ddb5-4fa4-a97d-d965ccfc6d4b" outcome="Passed" testListId="8c84fa94-04c1-424b-9868-57a2d4851a1d" relativeResultsDirectory="36e8b5fc-28eb-49e2-be7b-7f6cce26cb11" />
    <UnitTestResult executionId="30d510dc-fa01-4cca-acd6-2759d76a0491" testId="1cbf430f-1eb2-1a43-9ce7-22e5c5bc3eb2" testName="ConsumerId_CheckExpected" computerName="TFSBUILD11" duration="00:00:00.0000281" startTime="2015-09-28T09:43:21.1554219-07:00" endTime="2015-09-28T09:43:21.1554219-07:00" testType="13cdc9d9-ddb5-4fa4-a97d-d965ccfc6d4b" outcome="Passed" testListId="8c84fa94-04c1-424b-9868-57a2d4851a1d" relativeResultsDirectory="30d510dc-fa01-4cca-acd6-2759d76a0491" />
    <UnitTestResult executionId="8575b5ff-0295-4e20-922d-bf0e4723db58" testId="6a211411-bd54-3ac6-7091-b53d0789d9de" testName="Name_CheckExpected" computerName="TFSBUILD11" duration="00:00:00.0001166" startTime="2015-09-28T09:43:21.1554219-07:00" endTime="2015-09-28T09:43:21.1554219-07:00" testType="13cdc9d9-ddb5-4fa4-a97d-d965ccfc6d4b" outcome="Passed" testListId="8c84fa94-04c1-424b-9868-57a2d4851a1d" relativeResultsDirectory="8575b5ff-0295-4e20-922d-bf0e4723db58" />
    <UnitTestResult executionId="9894ad8b-691b-47f0-ab4b-09879b0097cf" testId="b625c5c1-e04b-8198-893f-40adaf883c9b" testName="Description_CheckExpected" computerName="TFSBUILD11" duration="00:00:00.0001052" startTime="2015-09-28T09:43:21.1554219-07:00" endTime="2015-09-28T09:43:21.1554219-07:00" testType="13cdc9d9-ddb5-4fa4-a97d-d965ccfc6d4b" outcome="Passed" testListId="8c84fa94-04c1-424b-9868-57a2d4851a1d" relativeResultsDirectory="9894ad8b-691b-47f0-ab4b-09879b0097cf" />
    <UnitTestResult executionId="496aaa3a-cee5-498b-b162-8bc31d3f279a" testId="81b20615-410f-534c-d965-471635a21ec1" testName="SupportedEventTypes_CheckExpected" computerName="TFSBUILD11" duration="00:00:00.0000830" startTime="2015-09-28T09:43:21.1554219-07:00" endTime="2015-09-28T09:43:21.1554219-07:00" testType="13cdc9d9-ddb5-4fa4-a97d-d965ccfc6d4b" outcome="Passed" testListId="8c84fa94-04c1-424b-9868-57a2d4851a1d" relativeResultsDirectory="496aaa3a-cee5-498b-b162-8bc31d3f279a" />
    <UnitTestResult executionId="7c9a7cbe-5342-45c8-b4d2-f805f33868fb" testId="c5b5f6b5-06d7-974a-756e-ec42688f1813" testName="SupportedResourceVersions_CheckExpected" computerName="TFSBUILD11" duration="00:00:00.0001018" startTime="2015-09-28T09:43:21.1554219-07:00" endTime="2015-09-28T09:43:21.1554219-07:00" testType="13cdc9d9-ddb5-4fa4-a97d-d965ccfc6d4b" outcome="Passed" testListId="8c84fa94-04c1-424b-9868-57a2d4851a1d" relativeResultsDirectory="7c9a7cbe-5342-45c8-b4d2-f805f33868fb" />
    <UnitTestResult executionId="a9494ec3-bd1b-4b8d-938d-8c05bd035e4f" testId="c6eef2f4-383e-8bf6-9d44-1e5921777b72" testName="AllowResourceVersionOverride_CheckExpected" computerName="TFSBUILD11" duration="00:00:00.0000406" startTime="2015-09-28T09:43:21.1554219-07:00" endTime="2015-09-28T09:43:21.1554219-07:00" testType="13cdc9d9-ddb5-4fa4-a97d-d965ccfc6d4b" outcome="Passed" testListId="8c84fa94-04c1-424b-9868-57a2d4851a1d" relativeResultsDirectory="a9494ec3-bd1b-4b8d-938d-8c05bd035e4f" />
    <UnitTestResult executionId="2340532b-ed01-4ce1-9e6f-f1a1419fc949" testId="76f38511-0d36-4dae-157a-06a5440eb50e" testName="InputDescriptors_CheckExpected" computerName="TFSBUILD11" duration="00:00:00.0017902" startTime="2015-09-28T09:43:21.1554219-07:00" endTime="2015-09-28T09:43:21.1554219-07:00" testType="13cdc9d9-ddb5-4fa4-a97d-d965ccfc6d4b" outcome="Passed" testListId="8c84fa94-04c1-424b-9868-57a2d4851a1d" relativeResultsDirectory="2340532b-ed01-4ce1-9e6f-f1a1419fc949" />
    <UnitTestResult executionId="242d8b30-20e8-4642-9d4f-17c839c707f2" testId="54404c72-13be-dde8-a0e6-2427d49984a3" testName="Id_CheckExpected" computerName="TFSBUILD11" duration="00:00:00.0000631" startTime="2015-09-28T09:43:21.1554219-07:00" endTime="2015-09-28T09:43:21.1554219-07:00" testType="13cdc9d9-ddb5-4fa4-a97d-d965ccfc6d4b" outcome="Passed" testListId="8c84fa94-04c1-424b-9868-57a2d4851a1d" relativeResultsDirectory="242d8b30-20e8-4642-9d4f-17c839c707f2" />
    <UnitTestResult executionId="1149bb06-c3cc-4a92-881d-49985495c1d2" testId="962af9e5-9945-29ec-6f36-70c253b8da60" testName="Name_CheckExpected" computerName="TFSBUILD11" duration="00:00:00.0004363" startTime="2015-09-28T09:43:21.1554219-07:00" endTime="2015-09-28T09:43:21.1554219-07:00" testType="13cdc9d9-ddb5-4fa4-a97d-d965ccfc6d4b" outcome="Passed" testListId="8c84fa94-04c1-424b-9868-57a2d4851a1d" relativeResultsDirectory="1149bb06-c3cc-4a92-881d-49985495c1d2" />
    <UnitTestResult executionId="d7808240-65fe-446a-a974-59e33b6dbb32" testId="b59b3be0-dcf8-3fcf-55b0-83d2527d61eb" testName="Description_CheckExpected" computerName="TFSBUILD11" duration="00:00:00.0001430" startTime="2015-09-28T09:43:21.1554219-07:00" endTime="2015-09-28T09:43:21.1554219-07:00" testType="13cdc9d9-ddb5-4fa4-a97d-d965ccfc6d4b" outcome="Passed" testListId="8c84fa94-04c1-424b-9868-57a2d4851a1d" relativeResultsDirectory="d7808240-65fe-446a-a974-59e33b6dbb32" />
    <UnitTestResult executionId="8a8b0a9e-df39-4a93-88f6-e9599ca4b672" testId="211243c6-c358-45ea-1c97-3ee62872c4a5" testName="InformationUrl_CheckExpected" computerName="TFSBUILD11" duration="00:00:00.0002099" startTime="2015-09-28T09:43:21.1554219-07:00" endTime="2015-09-28T09:43:21.1554219-07:00" testType="13cdc9d9-ddb5-4fa4-a97d-d965ccfc6d4b" outcome="Passed" testListId="8c84fa94-04c1-424b-9868-57a2d4851a1d" relativeResultsDirectory="8a8b0a9e-df39-4a93-88f6-e9599ca4b672" />
    <UnitTestResult executionId="ec533814-9a29-424a-a78a-40768fabe7f0" testId="3679f8c5-1b38-2ce4-3e1c-b9b2de10a018" testName="ImageUrl_CheckExpected" computerName="TFSBUILD11" duration="00:00:00.0000568" startTime="2015-09-28T09:43:21.1554219-07:00" endTime="2015-09-28T09:43:21.1554219-07:00" testType="13cdc9d9-ddb5-4fa4-a97d-d965ccfc6d4b" outcome="Passed" testListId="8c84fa94-04c1-424b-9868-57a2d4851a1d" relativeResultsDirectory="ec533814-9a29-424a-a78a-40768fabe7f0" />
    <UnitTestResult executionId="42c8f24e-1f6d-4d77-8aa2-c752ada7f0ee" testId="b7f4ad03-2061-979e-075f-4360c4956f2c" testName="AuthenticationType_CheckExpected" computerName="TFSBUILD11" duration="00:00:00.0000469" startTime="2015-09-28T09:43:21.1554219-07:00" endTime="2015-09-28T09:43:21.1554219-07:00" testType="13cdc9d9-ddb5-4fa4-a97d-d965ccfc6d4b" outcome="Passed" testListId="8c84fa94-04c1-424b-9868-57a2d4851a1d" relativeResultsDirectory="42c8f24e-1f6d-4d77-8aa2-c752ada7f0ee" />
    <UnitTestResult executionId="8f6ec05d-617c-4270-af1f-a26bcf269f9f" testId="cd8aa587-a99a-aeab-eee5-9ca0275f8961" testName="ExternalConfiguration_CheckExpected" computerName="TFSBUILD11" duration="00:00:00.0000492" startTime="2015-09-28T09:43:21.1554219-07:00" endTime="2015-09-28T09:43:21.1554219-07:00" testType="13cdc9d9-ddb5-4fa4-a97d-d965ccfc6d4b" outcome="Passed" testListId="8c84fa94-04c1-424b-9868-57a2d4851a1d" relativeResultsDirectory="8f6ec05d-617c-4270-af1f-a26bcf269f9f" />
    <UnitTestResult executionId="67021a7e-fe0a-4d53-8798-2ab400e2bf8b" testId="0aa497d5-4a5f-b13a-33ce-4b26575a33b0" testName="InputDescriptors_CheckExpected" computerName="TFSBUILD11" duration="00:00:00.0001456" startTime="2015-09-28T09:43:21.1554219-07:00" endTime="2015-09-28T09:43:21.1554219-07:00" testType="13cdc9d9-ddb5-4fa4-a97d-d965ccfc6d4b" outcome="Passed" testListId="8c84fa94-04c1-424b-9868-57a2d4851a1d" relativeResultsDirectory="67021a7e-fe0a-4d53-8798-2ab400e2bf8b" />
    <UnitTestResult executionId="9ccfd47e-dc19-4fbd-8909-0db1d75c4d7f" testId="2f83a97d-8b30-c980-dd2e-d51923a92fa6" testName="FeatureName_CheckExpected" computerName="TFSBUILD11" duration="00:00:00.0000056" startTime="2015-09-28T09:43:21.1554219-07:00" endTime="2015-09-28T09:43:21.1554219-07:00" testType="13cdc9d9-ddb5-4fa4-a97d-d965ccfc6d4b" outcome="Passed" testListId="8c84fa94-04c1-424b-9868-57a2d4851a1d" relativeResultsDirectory="9ccfd47e-dc19-4fbd-8909-0db1d75c4d7f" />
    <UnitTestResult executionId="5add4e5d-fc9f-458f-81a7-587848b45e23" testId="38804096-c550-448d-9ab7-e4768c5b1bc2" testName="HandleEvent_InputsOk_ShouldReturnHttpActionTaskConfiguredOk" computerName="TFSBUILD11" duration="00:00:00.0060760" startTime="2015-09-28T09:43:21.1554219-07:00" endTime="2015-09-28T09:43:21.1554219-07:00" testType="13cdc9d9-ddb5-4fa4-a97d-d965ccfc6d4b" outcome="Passed" testListId="8c84fa94-04c1-424b-9868-57a2d4851a1d" relativeResultsDirectory="5add4e5d-fc9f-458f-81a7-587848b45e23" />
    <UnitTestResult executionId="d548c1e9-0ca8-4961-937e-950481768ce2" testId="477d68fe-f5f3-06b6-385f-92c18f33ba85" testName="Id_CheckExpected" computerName="TFSBUILD11" duration="00:00:00.0000728" startTime="2015-09-28T09:43:21.1554219-07:00" endTime="2015-09-28T09:43:21.1554219-07:00" testType="13cdc9d9-ddb5-4fa4-a97d-d965ccfc6d4b" outcome="Passed" testListId="8c84fa94-04c1-424b-9868-57a2d4851a1d" relativeResultsDirectory="d548c1e9-0ca8-4961-937e-950481768ce2" />
    <UnitTestResult executionId="e3fd4788-9a27-4883-b0ce-04371228d008" testId="326f085c-6d13-8a4a-f353-286af24a12a0" testName="ConsumerId_CheckExpected" computerName="TFSBUILD11" duration="00:00:00.0000324" startTime="2015-09-28T09:43:21.1554219-07:00" endTime="2015-09-28T09:43:21.1710480-07:00" testType="13cdc9d9-ddb5-4fa4-a97d-d965ccfc6d4b" outcome="Passed" testListId="8c84fa94-04c1-424b-9868-57a2d4851a1d" relativeResultsDirectory="e3fd4788-9a27-4883-b0ce-04371228d008" />
    <UnitTestResult executionId="32c97f77-b94e-4892-923d-9d23f733c3ae" testId="c18f6f2e-7fc9-af96-3e56-2814e109dced" testName="Name_CheckExpected" computerName="TFSBUILD11" duration="00:00:00.0003219" startTime="2015-09-28T09:43:21.1710480-07:00" endTime="2015-09-28T09:43:21.1710480-07:00" testType="13cdc9d9-ddb5-4fa4-a97d-d965ccfc6d4b" outcome="Passed" testListId="8c84fa94-04c1-424b-9868-57a2d4851a1d" relativeResultsDirectory="32c97f77-b94e-4892-923d-9d23f733c3ae" />
    <UnitTestResult executionId="877f86cf-31cc-49e2-926b-1120a0d90aaa" testId="0313b198-85db-f821-7236-fdc1de5357ec" testName="Description_CheckExpected" computerName="TFSBUILD11" duration="00:00:00.0001299" startTime="2015-09-28T09:43:21.1710480-07:00" endTime="2015-09-28T09:43:21.1710480-07:00" testType="13cdc9d9-ddb5-4fa4-a97d-d965ccfc6d4b" outcome="Passed" testListId="8c84fa94-04c1-424b-9868-57a2d4851a1d" relativeResultsDirectory="877f86cf-31cc-49e2-926b-1120a0d90aaa" />
    <UnitTestResult executionId="8859b234-2bce-479e-992b-d5fc23aa8c76" testId="e1a10001-abe9-21e5-0430-868dc2ffa0ce" testName="SupportedEventTypes_CheckExpected" computerName="TFSBUILD11" duration="00:00:00.0001974" startTime="2015-09-28T09:43:21.1710480-07:00" endTime="2015-09-28T09:43:21.1710480-07:00" testType="13cdc9d9-ddb5-4fa4-a97d-d965ccfc6d4b" outcome="Passed" testListId="8c84fa94-04c1-424b-9868-57a2d4851a1d" relativeResultsDirectory="8859b234-2bce-479e-992b-d5fc23aa8c76" />
    <UnitTestResult executionId="076e6dce-224f-4716-883a-27a8f31f5154" testId="a2cb6dfe-f1ba-e95b-cd98-26b8d0343480" testName="SupportedResourceVersions_CheckExpected" computerName="TFSBUILD11" duration="00:00:00.0001214" startTime="2015-09-28T09:43:21.1710480-07:00" endTime="2015-09-28T09:43:21.1710480-07:00" testType="13cdc9d9-ddb5-4fa4-a97d-d965ccfc6d4b" outcome="Passed" testListId="8c84fa94-04c1-424b-9868-57a2d4851a1d" relativeResultsDirectory="076e6dce-224f-4716-883a-27a8f31f5154" />
    <UnitTestResult executionId="a37ed48d-6ff5-4a1b-af8f-6e8b8f3173ae" testId="961d73a5-05a8-296d-8b0b-38f9e8f301fc" testName="AllowResourceVersionOverride_CheckExpected" computerName="TFSBUILD11" duration="00:00:00.0000438" startTime="2015-09-28T09:43:21.1710480-07:00" endTime="2015-09-28T09:43:21.1710480-07:00" testType="13cdc9d9-ddb5-4fa4-a97d-d965ccfc6d4b" outcome="Passed" testListId="8c84fa94-04c1-424b-9868-57a2d4851a1d" relativeResultsDirectory="a37ed48d-6ff5-4a1b-af8f-6e8b8f3173ae" />
    <UnitTestResult executionId="2a700538-88cb-4431-93f5-471a3eb9262f" testId="841d3ca5-405b-0c17-4b4e-ec70cfe7a9bc" testName="InputDescriptors_CheckExpected" computerName="TFSBUILD11" duration="00:00:00.0018650" startTime="2015-09-28T09:43:21.1710480-07:00" endTime="2015-09-28T09:43:21.1710480-07:00" testType="13cdc9d9-ddb5-4fa4-a97d-d965ccfc6d4b" outcome="Passed" testListId="8c84fa94-04c1-424b-9868-57a2d4851a1d" relativeResultsDirectory="2a700538-88cb-4431-93f5-471a3eb9262f" />
    <UnitTestResult executionId="72af8383-1110-40df-a04e-b417e0895126" testId="75979776-1765-5cc6-8084-1f8f3da6d9bd" testName="GetInputValues_InvalidConnectionString_ShouldReturnErrorConnectionStringNotValid" computerName="TFSBUILD11" duration="00:00:00.1195782" startTime="2015-09-28T09:43:21.1710480-07:00" endTime="2015-09-28T09:43:21.2804299-07:00" testType="13cdc9d9-ddb5-4fa4-a97d-d965ccfc6d4b" outcome="Passed" testListId="8c84fa94-04c1-424b-9868-57a2d4851a1d" relativeResultsDirectory="72af8383-1110-40df-a04e-b417e0895126" />
    <UnitTestResult executionId="78e8d88d-fd5d-4bee-a99f-2870f29d2368" testId="571a2d42-d5c0-ddd5-2aa8-4caa80054a83" testName="GetInputValues_UanuthorizedConnectionString_ShouldReturnErrorNotauthorized" computerName="TFSBUILD11" duration="00:00:00.0199534" startTime="2015-09-28T09:43:21.2804299-07:00" endTime="2015-09-28T09:43:21.3116835-07:00" testType="13cdc9d9-ddb5-4fa4-a97d-d965ccfc6d4b" outcome="Passed" testListId="8c84fa94-04c1-424b-9868-57a2d4851a1d" relativeResultsDirectory="78e8d88d-fd5d-4bee-a99f-2870f29d2368" />
    <UnitTestResult executionId="b6b7d661-b4f1-4766-93fc-64ab0ff0affc" testId="dfc1e7b5-6b5f-5d9e-4f4e-29cd43162f42" testName="GetInputValues_Exception_ShouldReturnErrorMessage" computerName="TFSBUILD11" duration="00:00:00.0036730" startTime="2015-09-28T09:43:21.3116835-07:00" endTime="2015-09-28T09:43:21.3116835-07:00" testType="13cdc9d9-ddb5-4fa4-a97d-d965ccfc6d4b" outcome="Passed" testListId="8c84fa94-04c1-424b-9868-57a2d4851a1d" relativeResultsDirectory="b6b7d661-b4f1-4766-93fc-64ab0ff0affc" />
    <UnitTestResult executionId="afe06e64-c31d-4710-8627-fcd97e2629e1" testId="d2ab3819-8cbf-3e92-7f95-aab641146f13" testName="GetInputValues_ReturnOptionsForCombo" computerName="TFSBUILD11" duration="00:00:00.0060063" startTime="2015-09-28T09:43:21.3116835-07:00" endTime="2015-09-28T09:43:21.3116835-07:00" testType="13cdc9d9-ddb5-4fa4-a97d-d965ccfc6d4b" outcome="Passed" testListId="8c84fa94-04c1-424b-9868-57a2d4851a1d" relativeResultsDirectory="afe06e64-c31d-4710-8627-fcd97e2629e1" />
    <UnitTestResult executionId="8cb9c897-50c6-42c0-9c31-6e99018aec21" testId="88a55cd6-e66f-bcbe-3e93-33eab2317faa" testName="TestHandleEvent_CheckReturnedQueueSendActionTask" computerName="TFSBUILD11" duration="00:00:00.0043713" startTime="2015-09-28T09:43:21.3116835-07:00" endTime="2015-09-28T09:43:21.3273094-07:00" testType="13cdc9d9-ddb5-4fa4-a97d-d965ccfc6d4b" outcome="Passed" testListId="8c84fa94-04c1-424b-9868-57a2d4851a1d" relativeResultsDirectory="8cb9c897-50c6-42c0-9c31-6e99018aec21" />
    <UnitTestResult executionId="73442fae-b7d2-4e54-bde6-cf369800b41a" testId="117f49c1-87f2-91bb-b1df-0a528a7d739f" testName="Id_CheckExpected" computerName="TFSBUILD11" duration="00:00:00.0000554" startTime="2015-09-28T09:43:21.3273094-07:00" endTime="2015-09-28T09:43:21.3273094-07:00" testType="13cdc9d9-ddb5-4fa4-a97d-d965ccfc6d4b" outcome="Passed" testListId="8c84fa94-04c1-424b-9868-57a2d4851a1d" relativeResultsDirectory="73442fae-b7d2-4e54-bde6-cf369800b41a" />
    <UnitTestResult executionId="0f754ea5-f077-44e8-a2c3-def3a5c7739a" testId="9ab9703c-2b87-c9f9-27d1-1b7e2040114b" testName="ConsumerId_CheckExpected" computerName="TFSBUILD11" duration="00:00:00.0000318" startTime="2015-09-28T09:43:21.3273094-07:00" endTime="2015-09-28T09:43:21.3273094-07:00" testType="13cdc9d9-ddb5-4fa4-a97d-d965ccfc6d4b" outcome="Passed" testListId="8c84fa94-04c1-424b-9868-57a2d4851a1d" relativeResultsDirectory="0f754ea5-f077-44e8-a2c3-def3a5c7739a" />
    <UnitTestResult executionId="6c2aa6d3-b710-425c-bc00-43d9ee05084b" testId="65fd9edf-8530-8682-aca7-781e29801059" testName="Name_CheckExpected" computerName="TFSBUILD11" duration="00:00:00.0001234" startTime="2015-09-28T09:43:21.3273094-07:00" endTime="2015-09-28T09:43:21.3273094-07:00" testType="13cdc9d9-ddb5-4fa4-a97d-d965ccfc6d4b" outcome="Passed" testListId="8c84fa94-04c1-424b-9868-57a2d4851a1d" relativeResultsDirectory="6c2aa6d3-b710-425c-bc00-43d9ee05084b" />
    <UnitTestResult executionId="4f78a4a1-fab7-429a-b56a-81c0c04166f1" testId="f5cc1044-d6b3-ed33-7b41-c00dfb69601a" testName="Description_CheckExpected" computerName="TFSBUILD11" duration="00:00:00.0001169" startTime="2015-09-28T09:43:21.3273094-07:00" endTime="2015-09-28T09:43:21.3273094-07:00" testType="13cdc9d9-ddb5-4fa4-a97d-d965ccfc6d4b" outcome="Passed" testListId="8c84fa94-04c1-424b-9868-57a2d4851a1d" relativeResultsDirectory="4f78a4a1-fab7-429a-b56a-81c0c04166f1" />
    <UnitTestResult executionId="8f309996-3142-46da-ad4c-ce1beb14af83" testId="f0f488fe-a6e3-3c1c-16d0-bb403d844cfe" testName="SupportedEventTypes_CheckExpected" computerName="TFSBUILD11" duration="00:00:00.0001945" startTime="2015-09-28T09:43:21.3273094-07:00" endTime="2015-09-28T09:43:21.3273094-07:00" testType="13cdc9d9-ddb5-4fa4-a97d-d965ccfc6d4b" outcome="Passed" testListId="8c84fa94-04c1-424b-9868-57a2d4851a1d" relativeResultsDirectory="8f309996-3142-46da-ad4c-ce1beb14af83" />
    <UnitTestResult executionId="86e138e6-3ab6-453c-8838-fa04129c32a6" testId="7b3b5f20-ed0c-a263-0a55-b6d7e4a57f44" testName="SupportedResourceVersions_CheckExpected" computerName="TFSBUILD11" duration="00:00:00.0001109" startTime="2015-09-28T09:43:21.3273094-07:00" endTime="2015-09-28T09:43:21.3273094-07:00" testType="13cdc9d9-ddb5-4fa4-a97d-d965ccfc6d4b" outcome="Passed" testListId="8c84fa94-04c1-424b-9868-57a2d4851a1d" relativeResultsDirectory="86e138e6-3ab6-453c-8838-fa04129c32a6" />
    <UnitTestResult executionId="7a98a746-d8b6-481c-be41-0ae114d3a29a" testId="82f51e88-f84c-59b5-1902-2836c260310a" testName="AllowResourceVersionOverride_CheckExpected" computerName="TFSBUILD11" duration="00:00:00.0000426" startTime="2015-09-28T09:43:21.3273094-07:00" endTime="2015-09-28T09:43:21.3273094-07:00" testType="13cdc9d9-ddb5-4fa4-a97d-d965ccfc6d4b" outcome="Passed" testListId="8c84fa94-04c1-424b-9868-57a2d4851a1d" relativeResultsDirectory="7a98a746-d8b6-481c-be41-0ae114d3a29a" />
    <UnitTestResult executionId="0144a83c-ea60-46b6-af35-382e701013a0" testId="0bb5f876-93be-3ff8-62bf-77e7859727dc" testName="InputDescriptors_CheckExpected" computerName="TFSBUILD11" duration="00:00:00.0019794" startTime="2015-09-28T09:43:21.3273094-07:00" endTime="2015-09-28T09:43:21.3273094-07:00" testType="13cdc9d9-ddb5-4fa4-a97d-d965ccfc6d4b" outcome="Passed" testListId="8c84fa94-04c1-424b-9868-57a2d4851a1d" relativeResultsDirectory="0144a83c-ea60-46b6-af35-382e701013a0" />
    <UnitTestResult executionId="7bb35f1f-28d8-4fb2-8d1a-5adeee539aca" testId="1a8de66f-4661-2384-39bb-e099832df5c3" testName="Id_CheckExpected" computerName="TFSBUILD11" duration="00:00:00.0001464" startTime="2015-09-28T09:43:21.3273094-07:00" endTime="2015-09-28T09:43:21.3273094-07:00" testType="13cdc9d9-ddb5-4fa4-a97d-d965ccfc6d4b" outcome="Passed" testListId="8c84fa94-04c1-424b-9868-57a2d4851a1d" relativeResultsDirectory="7bb35f1f-28d8-4fb2-8d1a-5adeee539aca" />
    <UnitTestResult executionId="28146839-f174-45c4-9d30-d7e4b28b8643" testId="da4eae82-1e75-0fb2-cd21-d61ea49f627a" testName="Name_CheckExpected" computerName="TFSBUILD11" duration="00:00:00.0003481" startTime="2015-09-28T09:43:21.3273094-07:00" endTime="2015-09-28T09:43:21.3273094-07:00" testType="13cdc9d9-ddb5-4fa4-a97d-d965ccfc6d4b" outcome="Passed" testListId="8c84fa94-04c1-424b-9868-57a2d4851a1d" relativeResultsDirectory="28146839-f174-45c4-9d30-d7e4b28b8643" />
    <UnitTestResult executionId="be3c08f7-a50f-4569-82f1-8e0a3b127e60" testId="a005ff41-7761-6a9a-e29a-55517dfd26d7" testName="Description_CheckExpected" computerName="TFSBUILD11" duration="00:00:00.0001220" startTime="2015-09-28T09:43:21.3273094-07:00" endTime="2015-09-28T09:43:21.3273094-07:00" testType="13cdc9d9-ddb5-4fa4-a97d-d965ccfc6d4b" outcome="Passed" testListId="8c84fa94-04c1-424b-9868-57a2d4851a1d" relativeResultsDirectory="be3c08f7-a50f-4569-82f1-8e0a3b127e60" />
    <UnitTestResult executionId="fc562cbc-e47a-406f-bfd6-4f6b3e2dd729" testId="3db2e042-25dd-b9be-ba50-e498aea78f66" testName="InformationUrl_CheckExpected" computerName="TFSBUILD11" duration="00:00:00.0000509" startTime="2015-09-28T09:43:21.3273094-07:00" endTime="2015-09-28T09:43:21.3273094-07:00" testType="13cdc9d9-ddb5-4fa4-a97d-d965ccfc6d4b" outcome="Passed" testListId="8c84fa94-04c1-424b-9868-57a2d4851a1d" relativeResultsDirectory="fc562cbc-e47a-406f-bfd6-4f6b3e2dd729" />
    <UnitTestResult executionId="d6534849-ff11-4551-8b17-d4c189de81ce" testId="cd974028-a496-3b42-153d-18b295b063ba" testName="ImageUrl_CheckExpected" computerName="TFSBUILD11" duration="00:00:00.0000489" startTime="2015-09-28T09:43:21.3273094-07:00" endTime="2015-09-28T09:43:21.3273094-07:00" testType="13cdc9d9-ddb5-4fa4-a97d-d965ccfc6d4b" outcome="Passed" testListId="8c84fa94-04c1-424b-9868-57a2d4851a1d" relativeResultsDirectory="d6534849-ff11-4551-8b17-d4c189de81ce" />
    <UnitTestResult executionId="fbe4f07f-a7de-4900-a338-91df00e02d06" testId="ce6eccc0-1502-544c-2ad2-09dc878f27be" testName="AuthenticationType_CheckExpected" computerName="TFSBUILD11" duration="00:00:00.0000452" startTime="2015-09-28T09:43:21.3273094-07:00" endTime="2015-09-28T09:43:21.3273094-07:00" testType="13cdc9d9-ddb5-4fa4-a97d-d965ccfc6d4b" outcome="Passed" testListId="8c84fa94-04c1-424b-9868-57a2d4851a1d" relativeResultsDirectory="fbe4f07f-a7de-4900-a338-91df00e02d06" />
    <UnitTestResult executionId="5a7b50d8-6bb8-4900-a161-fb350fc2c567" testId="4a969029-591c-6a65-68a2-51547996f016" testName="ExternalConfiguration_CheckExpected" computerName="TFSBUILD11" duration="00:00:00.0001171" startTime="2015-09-28T09:43:21.3273094-07:00" endTime="2015-09-28T09:43:21.3273094-07:00" testType="13cdc9d9-ddb5-4fa4-a97d-d965ccfc6d4b" outcome="Passed" testListId="8c84fa94-04c1-424b-9868-57a2d4851a1d" relativeResultsDirectory="5a7b50d8-6bb8-4900-a161-fb350fc2c567" />
    <UnitTestResult executionId="86b36aee-2684-4ebf-b7f6-f714a340257a" testId="a350d461-5d64-d58b-27fc-0b78a09224f0" testName="InputDescriptors_CheckExpected" computerName="TFSBUILD11" duration="00:00:00.0006340" startTime="2015-09-28T09:43:21.3273094-07:00" endTime="2015-09-28T09:43:21.3273094-07:00" testType="13cdc9d9-ddb5-4fa4-a97d-d965ccfc6d4b" outcome="Passed" testListId="8c84fa94-04c1-424b-9868-57a2d4851a1d" relativeResultsDirectory="86b36aee-2684-4ebf-b7f6-f714a340257a" />
    <UnitTestResult executionId="6591ce6d-f0da-4468-baf6-b273256f2183" testId="1066d4d0-9d20-00b7-f5c3-94bb7bb86e00" testName="FeatureName_CheckExpected" computerName="TFSBUILD11" duration="00:00:00.0000054" startTime="2015-09-28T09:43:21.3273094-07:00" endTime="2015-09-28T09:43:21.3273094-07:00" testType="13cdc9d9-ddb5-4fa4-a97d-d965ccfc6d4b" outcome="Passed" testListId="8c84fa94-04c1-424b-9868-57a2d4851a1d" relativeResultsDirectory="6591ce6d-f0da-4468-baf6-b273256f2183" />
    <UnitTestResult executionId="01cbf3c2-5654-4b49-8b19-38dfb4ee3d2f" testId="80517d80-15be-12b8-7aa3-a20c0d375e4e" testName="GetInputValues_UnknownInputId_ShouldReturnNull" computerName="TFSBUILD11" duration="00:00:00.0020957" startTime="2015-09-28T09:43:21.3273094-07:00" endTime="2015-09-28T09:43:21.3273094-07:00" testType="13cdc9d9-ddb5-4fa4-a97d-d965ccfc6d4b" outcome="Passed" testListId="8c84fa94-04c1-424b-9868-57a2d4851a1d" relativeResultsDirectory="01cbf3c2-5654-4b49-8b19-38dfb4ee3d2f" />
    <UnitTestResult executionId="58277930-6849-4802-8ac0-83412ee52d46" testId="e141e559-0425-c025-2e54-d84f007fff87" testName="GetInputValues_QueryingRoomValuesWithMissingRequiredInputs_ShouldReturnDefaultCombo" computerName="TFSBUILD11" duration="00:00:00.0037503" startTime="2015-09-28T09:43:21.3273094-07:00" endTime="2015-09-28T09:43:21.3429349-07:00" testType="13cdc9d9-ddb5-4fa4-a97d-d965ccfc6d4b" outcome="Passed" testListId="8c84fa94-04c1-424b-9868-57a2d4851a1d" relativeResultsDirectory="58277930-6849-4802-8ac0-83412ee52d46" />
    <UnitTestResult executionId="199a81b3-170e-4c63-ad75-ce0ccc9af54a" testId="ca4d78e7-37b4-15b7-898b-964c8752e720" testName="GetInputValues_QueryingRoomWithRoomToken_ShouldReturnComboWithJustRoom" computerName="TFSBUILD11" duration="00:00:00.0183298" startTime="2015-09-28T09:43:21.3429349-07:00" endTime="2015-09-28T09:43:21.3585616-07:00" testType="13cdc9d9-ddb5-4fa4-a97d-d965ccfc6d4b" outcome="Passed" testListId="8c84fa94-04c1-424b-9868-57a2d4851a1d" relativeResultsDirectory="199a81b3-170e-4c63-ad75-ce0ccc9af54a" />
    <UnitTestResult executionId="ceb4f1cd-de0d-4bbd-9bcd-fa7cfdf7caf7" testId="2b2f354d-1d62-8dbc-6337-2fa85ef1e8ea" testName="GetInputValues_QueryingRoomValuesWithPersonalToken_ShouldReturnComboWithRooms" computerName="TFSBUILD11" duration="00:00:00.0041360" startTime="2015-09-28T09:43:21.3585616-07:00" endTime="2015-09-28T09:43:21.3585616-07:00" testType="13cdc9d9-ddb5-4fa4-a97d-d965ccfc6d4b" outcome="Passed" testListId="8c84fa94-04c1-424b-9868-57a2d4851a1d" relativeResultsDirectory="ceb4f1cd-de0d-4bbd-9bcd-fa7cfdf7caf7" />
    <UnitTestResult executionId="35a25c0c-5701-484d-a940-5f94d24a5775" testId="c0b19aec-198f-cf17-892d-a57424588055" testName="GetInputValues_QueryingRoomValuesWithErrorInHipChat_ShouldReturnDefaultCombo" computerName="TFSBUILD11" duration="00:00:00.0018218" startTime="2015-09-28T09:43:21.3585616-07:00" endTime="2015-09-28T09:43:21.3585616-07:00" testType="13cdc9d9-ddb5-4fa4-a97d-d965ccfc6d4b" outcome="Passed" testListId="8c84fa94-04c1-424b-9868-57a2d4851a1d" relativeResultsDirectory="35a25c0c-5701-484d-a940-5f94d24a5775" />
    <UnitTestResult executionId="5220f439-0fde-45b3-b8a6-e3bb1804560b" testId="aa26edad-f338-1c4c-5e6b-59245b3fc45e" testName="HandleEvent_InputsOkWithShowDetail_ShouldReturnHttpActionTaskConfiguredOk" computerName="TFSBUILD11" duration="00:00:00.0087002" startTime="2015-09-28T09:43:21.3585616-07:00" endTime="2015-09-28T09:43:21.3741868-07:00" testType="13cdc9d9-ddb5-4fa4-a97d-d965ccfc6d4b" outcome="Passed" testListId="8c84fa94-04c1-424b-9868-57a2d4851a1d" relativeResultsDirectory="5220f439-0fde-45b3-b8a6-e3bb1804560b" />
    <UnitTestResult executionId="9385f05f-5ac9-4273-9b4f-6fd0bb8437dc" testId="cba080fa-8e3d-92d8-0b07-cfecd9c57ff0" testName="HandleEvent_InputsOkWithDefault_ShouldReturnHttpActionTaskConfiguredOk" computerName="TFSBUILD11" duration="00:00:00.0046304" startTime="2015-09-28T09:43:21.3741868-07:00" endTime="2015-09-28T09:43:21.3741868-07:00" testType="13cdc9d9-ddb5-4fa4-a97d-d965ccfc6d4b" outcome="Passed" testListId="8c84fa94-04c1-424b-9868-57a2d4851a1d" relativeResultsDirectory="9385f05f-5ac9-4273-9b4f-6fd0bb8437dc" />
    <UnitTestResult executionId="1af4064c-02cb-4a96-9d0f-36c37ea23817" testId="07f2330c-a32b-1267-d4b0-caaba134538c" testName="HandleEvent_InputsAllFilled_ShouldReturnHttpActionTaskConfiguredOk" computerName="TFSBUILD11" duration="00:00:00.0032523" startTime="2015-09-28T09:43:21.3741868-07:00" endTime="2015-09-28T09:43:21.3741868-07:00" testType="13cdc9d9-ddb5-4fa4-a97d-d965ccfc6d4b" outcome="Passed" testListId="8c84fa94-04c1-424b-9868-57a2d4851a1d" relativeResultsDirectory="1af4064c-02cb-4a96-9d0f-36c37ea23817" />
    <UnitTestResult executionId="e3b6c240-17eb-4f0d-a3a7-483c93e141ff" testId="14f5c6a7-d76d-411a-781d-1cf4864ea1b7" testName="Id_CheckExpected" computerName="TFSBUILD11" duration="00:00:00.0000557" startTime="2015-09-28T09:43:21.3741868-07:00" endTime="2015-09-28T09:43:21.3741868-07:00" testType="13cdc9d9-ddb5-4fa4-a97d-d965ccfc6d4b" outcome="Passed" testListId="8c84fa94-04c1-424b-9868-57a2d4851a1d" relativeResultsDirectory="e3b6c240-17eb-4f0d-a3a7-483c93e141ff" />
    <UnitTestResult executionId="6c1108e6-1c49-4fb8-a41f-852a5c043657" testId="094e618c-7857-e794-c1cd-bed52c9ff571" testName="ConsumerId_CheckExpected" computerName="TFSBUILD11" duration="00:00:00.0000310" startTime="2015-09-28T09:43:21.3741868-07:00" endTime="2015-09-28T09:43:21.3741868-07:00" testType="13cdc9d9-ddb5-4fa4-a97d-d965ccfc6d4b" outcome="Passed" testListId="8c84fa94-04c1-424b-9868-57a2d4851a1d" relativeResultsDirectory="6c1108e6-1c49-4fb8-a41f-852a5c043657" />
    <UnitTestResult executionId="07cdb0d0-c9a2-4f44-955a-b8b654186ebe" testId="9eb9965b-2960-d0f9-fbcc-a4a5aa1fd2ab" testName="Name_CheckExpected" computerName="TFSBUILD11" duration="00:00:00.0001353" startTime="2015-09-28T09:43:21.3741868-07:00" endTime="2015-09-28T09:43:21.3741868-07:00" testType="13cdc9d9-ddb5-4fa4-a97d-d965ccfc6d4b" outcome="Passed" testListId="8c84fa94-04c1-424b-9868-57a2d4851a1d" relativeResultsDirectory="07cdb0d0-c9a2-4f44-955a-b8b654186ebe" />
    <UnitTestResult executionId="80db7d5f-346f-4be2-b765-38ae2b889b11" testId="1b559ff5-0c4f-e641-00e0-9e016aca83cf" testName="Description_CheckExpected" computerName="TFSBUILD11" duration="00:00:00.0001206" startTime="2015-09-28T09:43:21.3741868-07:00" endTime="2015-09-28T09:43:21.3741868-07:00" testType="13cdc9d9-ddb5-4fa4-a97d-d965ccfc6d4b" outcome="Passed" testListId="8c84fa94-04c1-424b-9868-57a2d4851a1d" relativeResultsDirectory="80db7d5f-346f-4be2-b765-38ae2b889b11" />
    <UnitTestResult executionId="8b28fc0c-cf46-43f4-a52f-b6969e43ae3c" testId="039899e9-1730-03c3-3de8-fa7851e8ab4b" testName="SupportedEventTypes_CheckExpected" computerName="TFSBUILD11" duration="00:00:00.0000921" startTime="2015-09-28T09:43:21.3741868-07:00" endTime="2015-09-28T09:43:21.3741868-07:00" testType="13cdc9d9-ddb5-4fa4-a97d-d965ccfc6d4b" outcome="Passed" testListId="8c84fa94-04c1-424b-9868-57a2d4851a1d" relativeResultsDirectory="8b28fc0c-cf46-43f4-a52f-b6969e43ae3c" />
    <UnitTestResult executionId="eea50981-41ed-4004-9035-6fb56f01c4b8" testId="ad617a21-c713-8b3f-1c43-a157005c71a8" testName="SupportedResourceVersions_CheckExpected" computerName="TFSBUILD11" duration="00:00:00.0001166" startTime="2015-09-28T09:43:21.3741868-07:00" endTime="2015-09-28T09:43:21.3741868-07:00" testType="13cdc9d9-ddb5-4fa4-a97d-d965ccfc6d4b" outcome="Passed" testListId="8c84fa94-04c1-424b-9868-57a2d4851a1d" relativeResultsDirectory="eea50981-41ed-4004-9035-6fb56f01c4b8" />
    <UnitTestResult executionId="3a416efa-0e51-44c1-974d-ccdc4e248b56" testId="3b8ebbc8-0951-986b-da42-e55f0f8d9e82" testName="AllowResourceVersionOverride_CheckExpected" computerName="TFSBUILD11" duration="00:00:00.0000429" startTime="2015-09-28T09:43:21.3741868-07:00" endTime="2015-09-28T09:43:21.3741868-07:00" testType="13cdc9d9-ddb5-4fa4-a97d-d965ccfc6d4b" outcome="Passed" testListId="8c84fa94-04c1-424b-9868-57a2d4851a1d" relativeResultsDirectory="3a416efa-0e51-44c1-974d-ccdc4e248b56" />
    <UnitTestResult executionId="1b6087c4-d724-4474-8a67-56adbc9c2956" testId="df0729cc-2d3c-4637-b475-c900383b0ccc" testName="InputDescriptors_CheckExpected" computerName="TFSBUILD11" duration="00:00:00.0040052" startTime="2015-09-28T09:43:21.3741868-07:00" endTime="2015-09-28T09:43:21.3898132-07:00" testType="13cdc9d9-ddb5-4fa4-a97d-d965ccfc6d4b" outcome="Passed" testListId="8c84fa94-04c1-424b-9868-57a2d4851a1d" relativeResultsDirectory="1b6087c4-d724-4474-8a67-56adbc9c2956" />
    <UnitTestResult executionId="6ea1fd17-e239-4430-b7f6-c190ce8b1c9b" testId="311a7b51-28fb-53f2-6391-1278185f9f0a" testName="Id_CheckExpected" computerName="TFSBUILD11" duration="00:00:00.0000750" startTime="2015-09-28T09:43:21.3898132-07:00" endTime="2015-09-28T09:43:21.3898132-07:00" testType="13cdc9d9-ddb5-4fa4-a97d-d965ccfc6d4b" outcome="Passed" testListId="8c84fa94-04c1-424b-9868-57a2d4851a1d" relativeResultsDirectory="6ea1fd17-e239-4430-b7f6-c190ce8b1c9b" />
    <UnitTestResult executionId="5f15d330-2aac-49a5-bf5f-a0b53f3483d5" testId="5830f673-66b7-43a1-41bc-24a0827db703" testName="Name_CheckExpected" computerName="TFSBUILD11" duration="00:00:00.0003731" startTime="2015-09-28T09:43:21.3898132-07:00" endTime="2015-09-28T09:43:21.3898132-07:00" testType="13cdc9d9-ddb5-4fa4-a97d-d965ccfc6d4b" outcome="Passed" testListId="8c84fa94-04c1-424b-9868-57a2d4851a1d" relativeResultsDirectory="5f15d330-2aac-49a5-bf5f-a0b53f3483d5" />
    <UnitTestResult executionId="4ac46a58-4300-4d28-bdf3-902e1c45dc7e" testId="7a1bc66d-aa94-f7ae-b136-d942c363ec41" testName="Description_CheckExpected" computerName="TFSBUILD11" duration="00:00:00.0001211" startTime="2015-09-28T09:43:21.3898132-07:00" endTime="2015-09-28T09:43:21.3898132-07:00" testType="13cdc9d9-ddb5-4fa4-a97d-d965ccfc6d4b" outcome="Passed" testListId="8c84fa94-04c1-424b-9868-57a2d4851a1d" relativeResultsDirectory="4ac46a58-4300-4d28-bdf3-902e1c45dc7e" />
    <UnitTestResult executionId="2869791e-2f9b-4b28-9a69-65e4c19d25a5" testId="bca3c582-e80c-ef41-398e-3be5d658e9bf" testName="InformationUrl_CheckExpected" computerName="TFSBUILD11" duration="00:00:00.0000506" startTime="2015-09-28T09:43:21.3898132-07:00" endTime="2015-09-28T09:43:21.3898132-07:00" testType="13cdc9d9-ddb5-4fa4-a97d-d965ccfc6d4b" outcome="Passed" testListId="8c84fa94-04c1-424b-9868-57a2d4851a1d" relativeResultsDirectory="2869791e-2f9b-4b28-9a69-65e4c19d25a5" />
    <UnitTestResult executionId="0b615853-11fd-415b-800d-586cffc0e8ac" testId="eb4efa8a-4ac3-8ca0-485f-1e5066291b32" testName="ImageUrl_CheckExpected" computerName="TFSBUILD11" duration="00:00:00.0000836" startTime="2015-09-28T09:43:21.3898132-07:00" endTime="2015-09-28T09:43:21.3898132-07:00" testType="13cdc9d9-ddb5-4fa4-a97d-d965ccfc6d4b" outcome="Passed" testListId="8c84fa94-04c1-424b-9868-57a2d4851a1d" relativeResultsDirectory="0b615853-11fd-415b-800d-586cffc0e8ac" />
    <UnitTestResult executionId="5ea3dd59-1751-44f0-b5fc-0c8b69a44a17" testId="f279c0d9-e0f2-38d2-2c2b-79896aa507d6" testName="AuthenticationType_CheckExpected" computerName="TFSBUILD11" duration="00:00:00.0000452" startTime="2015-09-28T09:43:21.3898132-07:00" endTime="2015-09-28T09:43:21.3898132-07:00" testType="13cdc9d9-ddb5-4fa4-a97d-d965ccfc6d4b" outcome="Passed" testListId="8c84fa94-04c1-424b-9868-57a2d4851a1d" relativeResultsDirectory="5ea3dd59-1751-44f0-b5fc-0c8b69a44a17" />
    <UnitTestResult executionId="95b1a1de-894a-4d56-b7c7-ce8edd67ca62" testId="ab0f94f2-d82d-6dd2-3d4f-00a2899588bc" testName="ExternalConfiguration_CheckExpected" computerName="TFSBUILD11" duration="00:00:00.0000457" startTime="2015-09-28T09:43:21.3898132-07:00" endTime="2015-09-28T09:43:21.3898132-07:00" testType="13cdc9d9-ddb5-4fa4-a97d-d965ccfc6d4b" outcome="Passed" testListId="8c84fa94-04c1-424b-9868-57a2d4851a1d" relativeResultsDirectory="95b1a1de-894a-4d56-b7c7-ce8edd67ca62" />
    <UnitTestResult executionId="6a05a1b2-78ad-4234-936a-087cc4adbf10" testId="8c1c6959-b021-2fe4-3fb4-596dc72657f9" testName="InputDescriptors_CheckExpected" computerName="TFSBUILD11" duration="00:00:00.0016884" startTime="2015-09-28T09:43:21.3898132-07:00" endTime="2015-09-28T09:43:21.3898132-07:00" testType="13cdc9d9-ddb5-4fa4-a97d-d965ccfc6d4b" outcome="Passed" testListId="8c84fa94-04c1-424b-9868-57a2d4851a1d" relativeResultsDirectory="6a05a1b2-78ad-4234-936a-087cc4adbf10" />
    <UnitTestResult executionId="76827da6-1e50-4401-bb82-30b52860a605" testId="21c9e6ed-ad48-d623-3ded-18c334013961" testName="FeatureName_CheckExpected" computerName="TFSBUILD11" duration="00:00:00.0000125" startTime="2015-09-28T09:43:21.3898132-07:00" endTime="2015-09-28T09:43:21.3898132-07:00" testType="13cdc9d9-ddb5-4fa4-a97d-d965ccfc6d4b" outcome="Passed" testListId="8c84fa94-04c1-424b-9868-57a2d4851a1d" relativeResultsDirectory="76827da6-1e50-4401-bb82-30b52860a605" />
    <UnitTestResult executionId="bef8f5a9-034c-4d8f-a2cb-670fe5c72c93" testId="68759f9d-93c7-ce36-714e-789cd9bb5f2c" testName="HandleEvent_InputsOkWithShowDetail_ShouldReturnHttpActionTaskConfiguredOk" computerName="TFSBUILD11" duration="00:00:00.0064642" startTime="2015-09-28T09:43:21.3898132-07:00" endTime="2015-09-28T09:43:21.3898132-07:00" testType="13cdc9d9-ddb5-4fa4-a97d-d965ccfc6d4b" outcome="Passed" testListId="8c84fa94-04c1-424b-9868-57a2d4851a1d" relativeResultsDirectory="bef8f5a9-034c-4d8f-a2cb-670fe5c72c93" />
    <UnitTestResult executionId="e6ceaaf5-31df-482b-a62e-12d75a27f1b1" testId="b15b66bb-a842-699c-8d6e-b2baf0071fa9" testName="HandleEvent_InputsOkWithDefaults_ShouldReturnHttpActionTaskConfiguredOk" computerName="TFSBUILD11" duration="00:00:00.0022835" startTime="2015-09-28T09:43:21.3898132-07:00" endTime="2015-09-28T09:43:21.4054391-07:00" testType="13cdc9d9-ddb5-4fa4-a97d-d965ccfc6d4b" outcome="Passed" testListId="8c84fa94-04c1-424b-9868-57a2d4851a1d" relativeResultsDirectory="e6ceaaf5-31df-482b-a62e-12d75a27f1b1" />
    <UnitTestResult executionId="17e17696-b9ab-4a55-93e9-964eb9e61c14" testId="5e135e8f-f24e-b9c6-150f-acc0af438518" testName="HandleEvent_InputsOkWithTags_ShouldReturnHttpActionTaskConfiguredOk" computerName="TFSBUILD11" duration="00:00:00.0024450" startTime="2015-09-28T09:43:21.4054391-07:00" endTime="2015-09-28T09:43:21.4054391-07:00" testType="13cdc9d9-ddb5-4fa4-a97d-d965ccfc6d4b" outcome="Passed" testListId="8c84fa94-04c1-424b-9868-57a2d4851a1d" relativeResultsDirectory="17e17696-b9ab-4a55-93e9-964eb9e61c14" />
    <UnitTestResult executionId="49fe4314-27b8-41ba-8a0d-597477203e62" testId="bba65b07-3193-3bfd-1cf9-41cff7fada3b" testName="Id_CheckExpected" computerName="TFSBUILD11" duration="00:00:00.0000748" startTime="2015-09-28T09:43:21.4054391-07:00" endTime="2015-09-28T09:43:21.4054391-07:00" testType="13cdc9d9-ddb5-4fa4-a97d-d965ccfc6d4b" outcome="Passed" testListId="8c84fa94-04c1-424b-9868-57a2d4851a1d" relativeResultsDirectory="49fe4314-27b8-41ba-8a0d-597477203e62" />
    <UnitTestResult executionId="7b7fa0bc-de28-4d2e-81e1-8015b351e7ac" testId="35730e05-7dc0-1eb4-83c3-772b777e629d" testName="ConsumerId_CheckExpected" computerName="TFSBUILD11" duration="00:00:00.0000307" startTime="2015-09-28T09:43:21.4054391-07:00" endTime="2015-09-28T09:43:21.4054391-07:00" testType="13cdc9d9-ddb5-4fa4-a97d-d965ccfc6d4b" outcome="Passed" testListId="8c84fa94-04c1-424b-9868-57a2d4851a1d" relativeResultsDirectory="7b7fa0bc-de28-4d2e-81e1-8015b351e7ac" />
    <UnitTestResult executionId="767a7eb0-e1fa-4ecd-af0b-e684c5bbc712" testId="b4ce4f89-6b7b-675c-83b9-715bef57acfa" testName="Name_CheckExpected" computerName="TFSBUILD11" duration="00:00:00.0001288" startTime="2015-09-28T09:43:21.4054391-07:00" endTime="2015-09-28T09:43:21.4054391-07:00" testType="13cdc9d9-ddb5-4fa4-a97d-d965ccfc6d4b" outcome="Passed" testListId="8c84fa94-04c1-424b-9868-57a2d4851a1d" relativeResultsDirectory="767a7eb0-e1fa-4ecd-af0b-e684c5bbc712" />
    <UnitTestResult executionId="fe37a11f-6b9e-45a8-96bc-3b4ae8977046" testId="4bb73787-e162-2735-0fdd-8d6228cefdb4" testName="Description_CheckExpected" computerName="TFSBUILD11" duration="00:00:00.0001234" startTime="2015-09-28T09:43:21.4054391-07:00" endTime="2015-09-28T09:43:21.4054391-07:00" testType="13cdc9d9-ddb5-4fa4-a97d-d965ccfc6d4b" outcome="Passed" testListId="8c84fa94-04c1-424b-9868-57a2d4851a1d" relativeResultsDirectory="fe37a11f-6b9e-45a8-96bc-3b4ae8977046" />
    <UnitTestResult executionId="41c8a026-cb85-4c4b-b611-65154d142ecc" testId="93ec8734-b1b4-4715-43ee-c16297d81f27" testName="SupportedEventTypes_CheckExpected" computerName="TFSBUILD11" duration="00:00:00.0001837" startTime="2015-09-28T09:43:21.4054391-07:00" endTime="2015-09-28T09:43:21.4054391-07:00" testType="13cdc9d9-ddb5-4fa4-a97d-d965ccfc6d4b" outcome="Passed" testListId="8c84fa94-04c1-424b-9868-57a2d4851a1d" relativeResultsDirectory="41c8a026-cb85-4c4b-b611-65154d142ecc" />
    <UnitTestResult executionId="3f4ecefb-518e-43aa-8b24-66927e992810" testId="3bdca526-a911-8c67-449d-4a4ec87cbbe6" testName="SupportedResourceVersions_CheckExpected" computerName="TFSBUILD11" duration="00:00:00.0001137" startTime="2015-09-28T09:43:21.4054391-07:00" endTime="2015-09-28T09:43:21.4054391-07:00" testType="13cdc9d9-ddb5-4fa4-a97d-d965ccfc6d4b" outcome="Passed" testListId="8c84fa94-04c1-424b-9868-57a2d4851a1d" relativeResultsDirectory="3f4ecefb-518e-43aa-8b24-66927e992810" />
    <UnitTestResult executionId="1ae433c0-8d23-4e85-bbaa-a6fd68345b7d" testId="88467834-598a-befa-f973-88c1be5f6a84" testName="AllowResourceVersionOverride_CheckExpected" computerName="TFSBUILD11" duration="00:00:00.0000423" startTime="2015-09-28T09:43:21.4054391-07:00" endTime="2015-09-28T09:43:21.4054391-07:00" testType="13cdc9d9-ddb5-4fa4-a97d-d965ccfc6d4b" outcome="Passed" testListId="8c84fa94-04c1-424b-9868-57a2d4851a1d" relativeResultsDirectory="1ae433c0-8d23-4e85-bbaa-a6fd68345b7d" />
    <UnitTestResult executionId="b92127ea-c175-4d0c-823e-81b8809dead2" testId="eba6ae35-f380-e2d9-962f-e341a620d0f8" testName="InputDescriptors_CheckExpected" computerName="TFSBUILD11" duration="00:00:00.0012566" startTime="2015-09-28T09:43:21.4054391-07:00" endTime="2015-09-28T09:43:21.4054391-07:00" testType="13cdc9d9-ddb5-4fa4-a97d-d965ccfc6d4b" outcome="Passed" testListId="8c84fa94-04c1-424b-9868-57a2d4851a1d" relativeResultsDirectory="b92127ea-c175-4d0c-823e-81b8809dead2" />
    <UnitTestResult executionId="9e7e33a0-a9b8-43e7-9c1e-fc57b8801dd1" testId="7c1cff65-f9e1-df00-06db-763ee9668a6f" testName="HandleEvent_InputsOkWithShowDetail_ShouldReturnHttpActionTaskConfiguredOk" computerName="TFSBUILD11" duration="00:00:00.0109721" startTime="2015-09-28T09:43:21.4054391-07:00" endTime="2015-09-28T09:43:21.4210657-07:00" testType="13cdc9d9-ddb5-4fa4-a97d-d965ccfc6d4b" outcome="Passed" testListId="8c84fa94-04c1-424b-9868-57a2d4851a1d" relativeResultsDirectory="9e7e33a0-a9b8-43e7-9c1e-fc57b8801dd1" />
    <UnitTestResult executionId="bcd32446-ec9c-4f84-a484-e33b4ded4895" testId="c1e83446-7e31-4fbb-3945-184ff27be01d" testName="HandleEvent_InputsOkWithDefaults_ShouldReturnHttpActionTaskConfiguredOk" computerName="TFSBUILD11" duration="00:00:00.0021620" startTime="2015-09-28T09:43:21.4210657-07:00" endTime="2015-09-28T09:43:21.4210657-07:00" testType="13cdc9d9-ddb5-4fa4-a97d-d965ccfc6d4b" outcome="Passed" testListId="8c84fa94-04c1-424b-9868-57a2d4851a1d" relativeResultsDirectory="bcd32446-ec9c-4f84-a484-e33b4ded4895" />
    <UnitTestResult executionId="4b04697a-1ca7-4edd-b1ce-0a17a646623e" testId="f8c05529-9f52-e1af-0771-f22b33a02856" testName="HandleEvent_InputsOkWithTags_ShouldReturnHttpActionTaskConfiguredOk" computerName="TFSBUILD11" duration="00:00:00.0024462" startTime="2015-09-28T09:43:21.4210657-07:00" endTime="2015-09-28T09:43:21.4210657-07:00" testType="13cdc9d9-ddb5-4fa4-a97d-d965ccfc6d4b" outcome="Passed" testListId="8c84fa94-04c1-424b-9868-57a2d4851a1d" relativeResultsDirectory="4b04697a-1ca7-4edd-b1ce-0a17a646623e" />
    <UnitTestResult executionId="f7ad20d3-e6de-41b4-b4d0-27e29e118c05" testId="e69e061e-9aa4-c181-2e49-0fe243e358b5" testName="HandleEvent_InputsOkWithAllInputsFilled_ShouldReturnHttpActionTaskConfiguredOk" computerName="TFSBUILD11" duration="00:00:00.0022232" startTime="2015-09-28T09:43:21.4210657-07:00" endTime="2015-09-28T09:43:21.4210657-07:00" testType="13cdc9d9-ddb5-4fa4-a97d-d965ccfc6d4b" outcome="Passed" testListId="8c84fa94-04c1-424b-9868-57a2d4851a1d" relativeResultsDirectory="f7ad20d3-e6de-41b4-b4d0-27e29e118c05" />
    <UnitTestResult executionId="04bf9902-e703-4f3b-a8b7-a569f75c0895" testId="f23f03ef-5129-7d93-aff4-9d37a0789d7c" testName="Id_CheckExpected" computerName="TFSBUILD11" duration="00:00:00.0000779" startTime="2015-09-28T09:43:21.4210657-07:00" endTime="2015-09-28T09:43:21.4210657-07:00" testType="13cdc9d9-ddb5-4fa4-a97d-d965ccfc6d4b" outcome="Passed" testListId="8c84fa94-04c1-424b-9868-57a2d4851a1d" relativeResultsDirectory="04bf9902-e703-4f3b-a8b7-a569f75c0895" />
    <UnitTestResult executionId="f6bc55da-b4d2-4916-bccb-d3200352cc14" testId="c1fea90c-7c05-7bb6-3709-2aa5214c1025" testName="ConsumerId_CheckExpected" computerName="TFSBUILD11" duration="00:00:00.0000307" startTime="2015-09-28T09:43:21.4210657-07:00" endTime="2015-09-28T09:43:21.4210657-07:00" testType="13cdc9d9-ddb5-4fa4-a97d-d965ccfc6d4b" outcome="Passed" testListId="8c84fa94-04c1-424b-9868-57a2d4851a1d" relativeResultsDirectory="f6bc55da-b4d2-4916-bccb-d3200352cc14" />
    <UnitTestResult executionId="b2e591f0-7807-4ed1-9bbb-d5fd75e286d6" testId="e82408ac-1ed6-849c-77e6-47379b6025a6" testName="Name_CheckExpected" computerName="TFSBUILD11" duration="00:00:00.0001322" startTime="2015-09-28T09:43:21.4210657-07:00" endTime="2015-09-28T09:43:21.4210657-07:00" testType="13cdc9d9-ddb5-4fa4-a97d-d965ccfc6d4b" outcome="Passed" testListId="8c84fa94-04c1-424b-9868-57a2d4851a1d" relativeResultsDirectory="b2e591f0-7807-4ed1-9bbb-d5fd75e286d6" />
    <UnitTestResult executionId="3c129e92-bda8-4c27-8ec3-8c3d2cb1a27f" testId="9f6632f4-6ded-a4e4-ecb2-352541172dbf" testName="Description_CheckExpected" computerName="TFSBUILD11" duration="00:00:00.0002039" startTime="2015-09-28T09:43:21.4210657-07:00" endTime="2015-09-28T09:43:21.4210657-07:00" testType="13cdc9d9-ddb5-4fa4-a97d-d965ccfc6d4b" outcome="Passed" testListId="8c84fa94-04c1-424b-9868-57a2d4851a1d" relativeResultsDirectory="3c129e92-bda8-4c27-8ec3-8c3d2cb1a27f" />
    <UnitTestResult executionId="59bd7a01-e9a3-4d67-9153-1d448f0081e0" testId="da9310ab-44a6-5bd0-76ca-eb334616ee49" testName="SupportedEventTypes_CheckExpected" computerName="TFSBUILD11" duration="00:00:00.0001883" startTime="2015-09-28T09:43:21.4210657-07:00" endTime="2015-09-28T09:43:21.4210657-07:00" testType="13cdc9d9-ddb5-4fa4-a97d-d965ccfc6d4b" outcome="Passed" testListId="8c84fa94-04c1-424b-9868-57a2d4851a1d" relativeResultsDirectory="59bd7a01-e9a3-4d67-9153-1d448f0081e0" />
    <UnitTestResult executionId="6b8361c3-7e91-4ed4-b075-61ca11bac391" testId="ba1f1e56-aa72-f7d2-1b0a-b2f6a05b1469" testName="SupportedResourceVersions_CheckExpected" computerName="TFSBUILD11" duration="00:00:00.0001146" startTime="2015-09-28T09:43:21.4210657-07:00" endTime="2015-09-28T09:43:21.4210657-07:00" testType="13cdc9d9-ddb5-4fa4-a97d-d965ccfc6d4b" outcome="Passed" testListId="8c84fa94-04c1-424b-9868-57a2d4851a1d" relativeResultsDirectory="6b8361c3-7e91-4ed4-b075-61ca11bac391" />
    <UnitTestResult executionId="87851c07-229f-4cf0-95df-4bbbe5ac2771" testId="bdd9f5a4-bc12-7031-3593-4509e96d7667" testName="AllowResourceVersionOverride_CheckExpected" computerName="TFSBUILD11" duration="00:00:00.0000432" startTime="2015-09-28T09:43:21.4210657-07:00" endTime="2015-09-28T09:43:21.4210657-07:00" testType="13cdc9d9-ddb5-4fa4-a97d-d965ccfc6d4b" outcome="Passed" testListId="8c84fa94-04c1-424b-9868-57a2d4851a1d" relativeResultsDirectory="87851c07-229f-4cf0-95df-4bbbe5ac2771" />
    <UnitTestResult executionId="a0648602-6458-4b71-a07c-b7d873a01bcb" testId="6a0de016-89fb-43a4-0c1a-b5a72ab6aef6" testName="InputDescriptors_CheckExpected" computerName="TFSBUILD11" duration="00:00:00.0032554" startTime="2015-09-28T09:43:21.4210657-07:00" endTime="2015-09-28T09:43:21.4366916-07:00" testType="13cdc9d9-ddb5-4fa4-a97d-d965ccfc6d4b" outcome="Passed" testListId="8c84fa94-04c1-424b-9868-57a2d4851a1d" relativeResultsDirectory="a0648602-6458-4b71-a07c-b7d873a01bcb" />
    <UnitTestResult executionId="24629fab-16e8-477b-8e75-98ee7a2c4206" testId="8f1ff520-300d-edbf-9e38-16950691675e" testName="BuildFromJsonResource_CheckActionBasicData" computerName="TFSBUILD11" duration="00:00:00.0075306" startTime="2015-09-28T09:43:21.4366916-07:00" endTime="2015-09-28T09:43:21.4366916-07:00" testType="13cdc9d9-ddb5-4fa4-a97d-d965ccfc6d4b" outcome="Passed" testListId="8c84fa94-04c1-424b-9868-57a2d4851a1d" relativeResultsDirectory="24629fab-16e8-477b-8e75-98ee7a2c4206" />
    <UnitTestResult executionId="b4cf50a0-84ed-4032-a663-5557ed695c49" testId="b1f38c26-0165-3035-341f-85246d6d8bd9" testName="BuildFromJsonResourceWithTranslations_CheckTranslations" computerName="TFSBUILD11" duration="00:00:00.0014574" startTime="2015-09-28T09:43:21.4366916-07:00" endTime="2015-09-28T09:43:21.4366916-07:00" testType="13cdc9d9-ddb5-4fa4-a97d-d965ccfc6d4b" outcome="Passed" testListId="8c84fa94-04c1-424b-9868-57a2d4851a1d" relativeResultsDirectory="b4cf50a0-84ed-4032-a663-5557ed695c49" />
    <UnitTestResult executionId="6b6db2b8-ed2f-4fed-af14-8f928163d079" testId="04dc20f4-02ae-b3d0-490d-26fdfcac5907" testName="BuildFromJsonResource_CheckNumberOfInputDescriptors" computerName="TFSBUILD11" duration="00:00:00.0004940" startTime="2015-09-28T09:43:21.4366916-07:00" endTime="2015-09-28T09:43:21.4366916-07:00" testType="13cdc9d9-ddb5-4fa4-a97d-d965ccfc6d4b" outcome="Passed" testListId="8c84fa94-04c1-424b-9868-57a2d4851a1d" relativeResultsDirectory="6b6db2b8-ed2f-4fed-af14-8f928163d079" />
    <UnitTestResult executionId="7fcd070e-e2af-4309-b440-85f760fc9149" testId="24b0352b-8efa-1a11-7f19-473acc0ac8f4" testName="BuildFromJsonResource_CheckActionInputDescriptor" computerName="TFSBUILD11" duration="00:00:00.0014483" startTime="2015-09-28T09:43:21.4366916-07:00" endTime="2015-09-28T09:43:21.4366916-07:00" testType="13cdc9d9-ddb5-4fa4-a97d-d965ccfc6d4b" outcome="Passed" testListId="8c84fa94-04c1-424b-9868-57a2d4851a1d" relativeResultsDirectory="7fcd070e-e2af-4309-b440-85f760fc9149" />
    <UnitTestResult executionId="67923b4d-18d1-4449-832e-59743082de6b" testId="ed40b906-30f9-3b66-23c5-e376692a6423" testName="GetInputValues_CheckQueryInputValuesHttpCall" computerName="TFSBUILD11" duration="00:00:00.0264899" startTime="2015-09-28T09:43:21.4366916-07:00" endTime="2015-09-28T09:43:21.4679441-07:00" testType="13cdc9d9-ddb5-4fa4-a97d-d965ccfc6d4b" outcome="Passed" testListId="8c84fa94-04c1-424b-9868-57a2d4851a1d" relativeResultsDirectory="67923b4d-18d1-4449-832e-59743082de6b" />
    <UnitTestResult executionId="5dea5afb-1641-41ed-870a-fba3db56c4c7" testId="a4da8b85-23af-5346-7cbd-94129daebb6d" testName="HandleEvent_SendFullPayload_CheckPublishEventHttpCall" computerName="TFSBUILD11" duration="00:00:00.0063038" startTime="2015-09-28T09:43:21.4679441-07:00" endTime="2015-09-28T09:43:21.4679441-07:00" testType="13cdc9d9-ddb5-4fa4-a97d-d965ccfc6d4b" outcome="Passed" testListId="8c84fa94-04c1-424b-9868-57a2d4851a1d" relativeResultsDirectory="5dea5afb-1641-41ed-870a-fba3db56c4c7" />
    <UnitTestResult executionId="11c33475-427d-435e-ad4c-6e23855f7143" testId="ef7782c9-11fe-e34c-2089-7e69d8bff416" testName="HandleEvent_SendMinimalPayload_CheckPublishEventHttpCall" computerName="TFSBUILD11" duration="00:00:00.0033481" startTime="2015-09-28T09:43:21.4679441-07:00" endTime="2015-09-28T09:43:21.4835696-07:00" testType="13cdc9d9-ddb5-4fa4-a97d-d965ccfc6d4b" outcome="Passed" testListId="8c84fa94-04c1-424b-9868-57a2d4851a1d" relativeResultsDirectory="11c33475-427d-435e-ad4c-6e23855f7143" />
    <UnitTestResult executionId="88a0b158-768e-4117-83a1-c66d2f80a78c" testId="0f40e050-c732-1916-d36e-cd1d9601b2e8" testName="HandleEvent_OverrrideUrlFromRegistry_CheckPublishEventHttpCall" computerName="TFSBUILD11" duration="00:00:00.0167810" startTime="2015-09-28T09:43:21.4835696-07:00" endTime="2015-09-28T09:43:21.4991960-07:00" testType="13cdc9d9-ddb5-4fa4-a97d-d965ccfc6d4b" outcome="Passed" testListId="8c84fa94-04c1-424b-9868-57a2d4851a1d" relativeResultsDirectory="88a0b158-768e-4117-83a1-c66d2f80a78c" />
    <UnitTestResult executionId="e6f51150-8394-4f2e-803d-3f4f4f6f0ca8" testId="3032cf00-0849-d65a-be40-ef2afa78023e" testName="HandleEvent_OverrrideUrlFromRegistryWithComplexName_CheckPublishEventHttpCall" computerName="TFSBUILD11" duration="00:00:00.0050323" startTime="2015-09-28T09:43:21.4991960-07:00" endTime="2015-09-28T09:43:21.4991960-07:00" testType="13cdc9d9-ddb5-4fa4-a97d-d965ccfc6d4b" outcome="Passed" testListId="8c84fa94-04c1-424b-9868-57a2d4851a1d" relativeResultsDirectory="e6f51150-8394-4f2e-803d-3f4f4f6f0ca8" />
    <UnitTestResult executionId="b239d894-4ce1-42e9-9ff9-bdd744013a19" testId="f310bb7f-4dcb-96aa-694f-42c2859ef2c2" testName="BuildFromJsonResource_CheckConsumerBasicData" computerName="TFSBUILD11" duration="00:00:00.0006926" startTime="2015-09-28T09:43:21.4991960-07:00" endTime="2015-09-28T09:43:21.4991960-07:00" testType="13cdc9d9-ddb5-4fa4-a97d-d965ccfc6d4b" outcome="Passed" testListId="8c84fa94-04c1-424b-9868-57a2d4851a1d" relativeResultsDirectory="b239d894-4ce1-42e9-9ff9-bdd744013a19" />
    <UnitTestResult executionId="78b429fe-b40a-4132-b656-3537dfdeaf38" testId="7fcd170b-8ad0-97ed-bb5c-0719c3ec0b45" testName="BuildFromJsonResource_CheckConsumerInputDescriptorsData" computerName="TFSBUILD11" duration="00:00:00.0006943" startTime="2015-09-28T09:43:21.4991960-07:00" endTime="2015-09-28T09:43:21.4991960-07:00" testType="13cdc9d9-ddb5-4fa4-a97d-d965ccfc6d4b" outcome="Passed" testListId="8c84fa94-04c1-424b-9868-57a2d4851a1d" relativeResultsDirectory="78b429fe-b40a-4132-b656-3537dfdeaf38" />
    <UnitTestResult executionId="1941493a-a5c6-451e-b083-85103be85690" testId="234b615f-08a5-3e10-dc5c-16f6ce0a5aad" testName="BuildFromJsonResourceWithTranslations_CheckTranslations" computerName="TFSBUILD11" duration="00:00:00.0009804" startTime="2015-09-28T09:43:21.4991960-07:00" endTime="2015-09-28T09:43:21.4991960-07:00" testType="13cdc9d9-ddb5-4fa4-a97d-d965ccfc6d4b" outcome="Passed" testListId="8c84fa94-04c1-424b-9868-57a2d4851a1d" relativeResultsDirectory="1941493a-a5c6-451e-b083-85103be85690" />
    <UnitTestResult executionId="f8d3b8c6-c063-4787-8f96-6482fd501fb7" testId="a9c85084-c995-1031-4c1a-f8fe296b98c8" testName="GetPath_PropertyOnRoot_ReturnPath" computerName="TFSBUILD11" duration="00:00:00.0022485" startTime="2015-09-28T09:43:21.4991960-07:00" endTime="2015-09-28T09:43:21.5148221-07:00" testType="13cdc9d9-ddb5-4fa4-a97d-d965ccfc6d4b" outcome="Passed" testListId="8c84fa94-04c1-424b-9868-57a2d4851a1d" relativeResultsDirectory="f8d3b8c6-c063-4787-8f96-6482fd501fb7" />
    <UnitTestResult executionId="bf008307-1429-494d-a7e7-bc480b361cb1" testId="8bbe91a7-3526-d798-f9e4-beb11d3c6e81" testName="GetPath_PropertyOnNestedObject_ReturnFullPath" computerName="TFSBUILD11" duration="00:00:00.0005583" startTime="2015-09-28T09:43:21.5148221-07:00" endTime="2015-09-28T09:43:21.5148221-07:00" testType="13cdc9d9-ddb5-4fa4-a97d-d965ccfc6d4b" outcome="Passed" testListId="8c84fa94-04c1-424b-9868-57a2d4851a1d" relativeResultsDirectory="bf008307-1429-494d-a7e7-bc480b361cb1" />
    <UnitTestResult executionId="33e621eb-841c-4d44-a2cd-f76136bc3ccd" testId="ea041517-4baa-3634-0458-7d4bd47e5a6a" testName="GetPath_PropertyOnArray_ReturnIndexerPath" computerName="TFSBUILD11" duration="00:00:00.0003239" startTime="2015-09-28T09:43:21.5148221-07:00" endTime="2015-09-28T09:43:21.5148221-07:00" testType="13cdc9d9-ddb5-4fa4-a97d-d965ccfc6d4b" outcome="Passed" testListId="8c84fa94-04c1-424b-9868-57a2d4851a1d" relativeResultsDirectory="33e621eb-841c-4d44-a2cd-f76136bc3ccd" />
    <UnitTestResult executionId="c576fda6-9e3c-40a7-ac08-4f0e3db0639b" testId="6375b893-f85f-8c21-7baa-14ab7d26634c" testName="Flatten_ReturnsJsonFlatten" computerName="TFSBUILD11" duration="00:00:00.0046699" startTime="2015-09-28T09:43:21.5148221-07:00" endTime="2015-09-28T09:43:21.5148221-07:00" testType="13cdc9d9-ddb5-4fa4-a97d-d965ccfc6d4b" outcome="Passed" testListId="8c84fa94-04c1-424b-9868-57a2d4851a1d" relativeResultsDirectory="c576fda6-9e3c-40a7-ac08-4f0e3db0639b" />
    <UnitTestResult executionId="b1fbfafc-a9af-469b-81f7-fd087f648c73" testId="d2c72bf0-7cab-bcdf-c908-172a996bf395" testName="Build_MessagePosted_CheckTransformation" computerName="TFSBUILD11" duration="00:00:00.0148988" startTime="2015-09-28T09:43:21.5148221-07:00" endTime="2015-09-28T09:43:21.5304482-07:00" testType="13cdc9d9-ddb5-4fa4-a97d-d965ccfc6d4b" outcome="Passed" testListId="8c84fa94-04c1-424b-9868-57a2d4851a1d" relativeResultsDirectory="b1fbfafc-a9af-469b-81f7-fd087f648c73" />
    <UnitTestResult executionId="28fbe053-a4d9-49e5-a55c-89cca8c18976" testId="914e15fd-855e-fd4d-d599-d6698021a9da" testName="Build_WorkItemUpdateWithoutFields_CheckTransformation" computerName="TFSBUILD11" duration="00:00:00.0054402" startTime="2015-09-28T09:43:21.5304482-07:00" endTime="2015-09-28T09:43:21.5304482-07:00" testType="13cdc9d9-ddb5-4fa4-a97d-d965ccfc6d4b" outcome="Passed" testListId="8c84fa94-04c1-424b-9868-57a2d4851a1d" relativeResultsDirectory="28fbe053-a4d9-49e5-a55c-89cca8c18976" />
    <UnitTestResult executionId="55f4221a-0c30-45e9-a35b-df0377227651" testId="82d3cef8-f869-3d10-3a47-0ebce17a2b5f" testName="Id_CheckExpected" computerName="TFSBUILD11" duration="00:00:00.0000847" startTime="2015-09-28T09:43:21.5304482-07:00" endTime="2015-09-28T09:43:21.5304482-07:00" testType="13cdc9d9-ddb5-4fa4-a97d-d965ccfc6d4b" outcome="Passed" testListId="8c84fa94-04c1-424b-9868-57a2d4851a1d" relativeResultsDirectory="55f4221a-0c30-45e9-a35b-df0377227651" />
    <UnitTestResult executionId="804754ea-8773-46a3-89e2-8807d06984d3" testId="ccd698cf-e8f3-32a9-13d0-fde665ce10f3" testName="Name_CheckExpected" computerName="TFSBUILD11" duration="00:00:00.0003438" startTime="2015-09-28T09:43:21.5304482-07:00" endTime="2015-09-28T09:43:21.5304482-07:00" testType="13cdc9d9-ddb5-4fa4-a97d-d965ccfc6d4b" outcome="Passed" testListId="8c84fa94-04c1-424b-9868-57a2d4851a1d" relativeResultsDirectory="804754ea-8773-46a3-89e2-8807d06984d3" />
    <UnitTestResult executionId="e53a28a3-3552-4fce-a5e2-440948c05c0a" testId="c2159f35-ea06-8655-cf50-df9066deb1bc" testName="Description_CheckExpected" computerName="TFSBUILD11" duration="00:00:00.0001240" startTime="2015-09-28T09:43:21.5304482-07:00" endTime="2015-09-28T09:43:21.5304482-07:00" testType="13cdc9d9-ddb5-4fa4-a97d-d965ccfc6d4b" outcome="Passed" testListId="8c84fa94-04c1-424b-9868-57a2d4851a1d" relativeResultsDirectory="e53a28a3-3552-4fce-a5e2-440948c05c0a" />
    <UnitTestResult executionId="24d92304-5707-41c3-8cda-b2f7f11a53fb" testId="7e62bb5d-9cbf-8dce-83c6-4e9015c03e8d" testName="InformationUrl_CheckExpected" computerName="TFSBUILD11" duration="00:00:00.0000492" startTime="2015-09-28T09:43:21.5304482-07:00" endTime="2015-09-28T09:43:21.5304482-07:00" testType="13cdc9d9-ddb5-4fa4-a97d-d965ccfc6d4b" outcome="Passed" testListId="8c84fa94-04c1-424b-9868-57a2d4851a1d" relativeResultsDirectory="24d92304-5707-41c3-8cda-b2f7f11a53fb" />
    <UnitTestResult executionId="87f8eb9a-0c45-4546-95f4-ec53218a0a77" testId="cf7a74b9-b3fc-85ca-3653-e582b3d8abe1" testName="ImageUrl_CheckExpected" computerName="TFSBUILD11" duration="00:00:00.0000475" startTime="2015-09-28T09:43:21.5304482-07:00" endTime="2015-09-28T09:43:21.5304482-07:00" testType="13cdc9d9-ddb5-4fa4-a97d-d965ccfc6d4b" outcome="Passed" testListId="8c84fa94-04c1-424b-9868-57a2d4851a1d" relativeResultsDirectory="87f8eb9a-0c45-4546-95f4-ec53218a0a77" />
    <UnitTestResult executionId="8dac0b1d-66a7-4fd2-a3d4-187fb92817ba" testId="28c9a924-ea3f-b3ac-0746-37061b6a031e" testName="AuthenticationType_CheckExpected" computerName="TFSBUILD11" duration="00:00:00.0000440" startTime="2015-09-28T09:43:21.5304482-07:00" endTime="2015-09-28T09:43:21.5304482-07:00" testType="13cdc9d9-ddb5-4fa4-a97d-d965ccfc6d4b" outcome="Passed" testListId="8c84fa94-04c1-424b-9868-57a2d4851a1d" relativeResultsDirectory="8dac0b1d-66a7-4fd2-a3d4-187fb92817ba" />
    <UnitTestResult executionId="c2c7f9f5-a31e-4a61-be3b-dd05952ee7d1" testId="5fc52d17-f0b2-7cfb-a128-3f06f3258e4e" testName="ExternalConfiguration_CheckExpected" computerName="TFSBUILD11" duration="00:00:00.0000435" startTime="2015-09-28T09:43:21.5304482-07:00" endTime="2015-09-28T09:43:21.5304482-07:00" testType="13cdc9d9-ddb5-4fa4-a97d-d965ccfc6d4b" outcome="Passed" testListId="8c84fa94-04c1-424b-9868-57a2d4851a1d" relativeResultsDirectory="c2c7f9f5-a31e-4a61-be3b-dd05952ee7d1" />
    <UnitTestResult executionId="857569f9-d637-4318-993b-439d7e30b0fb" testId="e2552e92-2327-fcb4-a99e-9794627d35d5" testName="InputDescriptors_CheckExpected" computerName="TFSBUILD11" duration="00:00:00.0012996" startTime="2015-09-28T09:43:21.5304482-07:00" endTime="2015-09-28T09:43:21.5304482-07:00" testType="13cdc9d9-ddb5-4fa4-a97d-d965ccfc6d4b" outcome="Passed" testListId="8c84fa94-04c1-424b-9868-57a2d4851a1d" relativeResultsDirectory="857569f9-d637-4318-993b-439d7e30b0fb" />
    <UnitTestResult executionId="e01995ae-3092-44d7-bb73-be764044ab15" testId="81110d44-247e-c3f4-637e-646cf396daac" testName="FeatureName_CheckExpected" computerName="TFSBUILD11" duration="00:00:00.0000059" startTime="2015-09-28T09:43:21.5460746-07:00" endTime="2015-09-28T09:43:21.5460746-07:00" testType="13cdc9d9-ddb5-4fa4-a97d-d965ccfc6d4b" outcome="Passed" testListId="8c84fa94-04c1-424b-9868-57a2d4851a1d" relativeResultsDirectory="e01995ae-3092-44d7-bb73-be764044ab15" />
    <UnitTestResult executionId="a2abe258-e86e-4d82-a1e9-a9317f74dbea" testId="3b4ee0e6-2588-e6a7-7db5-af08c68a9297" testName="GetInputValues_UnknownInputId_ShouldReturnNull" computerName="TFSBUILD11" duration="00:00:00.0011201" startTime="2015-09-28T09:43:21.5460746-07:00" endTime="2015-09-28T09:43:21.5460746-07:00" testType="13cdc9d9-ddb5-4fa4-a97d-d965ccfc6d4b" outcome="Passed" testListId="8c84fa94-04c1-424b-9868-57a2d4851a1d" relativeResultsDirectory="a2abe258-e86e-4d82-a1e9-a9317f74dbea" />
    <UnitTestResult executionId="ee2260ad-77f7-4cf0-99ae-aadbbbc775b9" testId="e2968ef2-33e2-8a68-6421-daa3812f5482" testName="GetInputValues_QueryingRoomValuesWithMissingRequiredInputs_ShouldReturnDefaultCombo" computerName="TFSBUILD11" duration="00:00:00.0028322" startTime="2015-09-28T09:43:21.5460746-07:00" endTime="2015-09-28T09:43:21.5460746-07:00" testType="13cdc9d9-ddb5-4fa4-a97d-d965ccfc6d4b" outcome="Passed" testListId="8c84fa94-04c1-424b-9868-57a2d4851a1d" relativeResultsDirectory="ee2260ad-77f7-4cf0-99ae-aadbbbc775b9" />
    <UnitTestResult executionId="980c9a4b-052d-4fbd-92d0-a7a1e4171b4c" testId="f0ef8b21-e5d2-b698-e9f3-a8c431f84e7d" testName="GetActionDescription_ShouldReturnDescriptionWithRoomName" computerName="TFSBUILD11" duration="00:00:00.0133782" startTime="2015-09-28T09:43:21.5460746-07:00" endTime="2015-09-28T09:43:21.5617005-07:00" testType="13cdc9d9-ddb5-4fa4-a97d-d965ccfc6d4b" outcome="Passed" testListId="8c84fa94-04c1-424b-9868-57a2d4851a1d" relativeResultsDirectory="980c9a4b-052d-4fbd-92d0-a7a1e4171b4c" />
    <UnitTestResult executionId="ec4922f1-8154-4dcb-a411-12a121eb88b3" testId="ff43b6bf-4772-2a17-1e04-4061022245d2" testName="GetInputValues_QueryingRoomValuesWithInputsOk_ShouldReturnComboWithRooms" computerName="TFSBUILD11" duration="00:00:00.0033160" startTime="2015-09-28T09:43:21.5617005-07:00" endTime="2015-09-28T09:43:21.5617005-07:00" testType="13cdc9d9-ddb5-4fa4-a97d-d965ccfc6d4b" outcome="Passed" testListId="8c84fa94-04c1-424b-9868-57a2d4851a1d" relativeResultsDirectory="ec4922f1-8154-4dcb-a411-12a121eb88b3" />
    <UnitTestResult executionId="fe080634-f5f5-4975-86c8-6bd6c11555d5" testId="6edab2ee-5c8f-0779-9f95-fc9ca7409919" testName="GetInputValues_QueryingRoomValuesWithErrorInCampfire_ShouldReturnDefaultComboWithErrorMessage" computerName="TFSBUILD11" duration="00:00:00.0026877" startTime="2015-09-28T09:43:21.5617005-07:00" endTime="2015-09-28T09:43:21.5617005-07:00" testType="13cdc9d9-ddb5-4fa4-a97d-d965ccfc6d4b" outcome="Passed" testListId="8c84fa94-04c1-424b-9868-57a2d4851a1d" relativeResultsDirectory="fe080634-f5f5-4975-86c8-6bd6c11555d5" />
    <UnitTestResult executionId="40a28a43-cb44-4a89-abf3-4192ea3b410a" testId="60d87326-68df-7622-a2e0-9389e00860d0" testName="HandleEvent_InputsOkWithShowDetail_ShouldReturnHttpActionTaskConfiguredOk" computerName="TFSBUILD11" duration="00:00:00.0088069" startTime="2015-09-28T09:43:21.5617005-07:00" endTime="2015-09-28T09:43:21.5773260-07:00" testType="13cdc9d9-ddb5-4fa4-a97d-d965ccfc6d4b" outcome="Passed" testListId="8c84fa94-04c1-424b-9868-57a2d4851a1d" relativeResultsDirectory="40a28a43-cb44-4a89-abf3-4192ea3b410a" />
    <UnitTestResult executionId="92809f64-b1b5-455a-8a88-2ae25fc1c8f4" testId="0b2ebd04-f237-496f-67d8-5b29442955ad" testName="HandleEvent_InputsOkWithDefault_ShouldReturnHttpActionTaskConfiguredOk" computerName="TFSBUILD11" duration="00:00:00.0022934" startTime="2015-09-28T09:43:21.5773260-07:00" endTime="2015-09-28T09:43:21.5773260-07:00" testType="13cdc9d9-ddb5-4fa4-a97d-d965ccfc6d4b" outcome="Passed" testListId="8c84fa94-04c1-424b-9868-57a2d4851a1d" relativeResultsDirectory="92809f64-b1b5-455a-8a88-2ae25fc1c8f4" />
    <UnitTestResult executionId="2c64fbac-5386-43bc-997f-911251265699" testId="a329882a-d484-a9e2-b73a-6906ab601962" testName="Id_CheckExpected" computerName="TFSBUILD11" duration="00:00:00.0000546" startTime="2015-09-28T09:43:21.5773260-07:00" endTime="2015-09-28T09:43:21.5773260-07:00" testType="13cdc9d9-ddb5-4fa4-a97d-d965ccfc6d4b" outcome="Passed" testListId="8c84fa94-04c1-424b-9868-57a2d4851a1d" relativeResultsDirectory="2c64fbac-5386-43bc-997f-911251265699" />
    <UnitTestResult executionId="d7dcbf88-4fe1-49b0-aae8-01e795fff006" testId="f8efadbd-aa63-64dc-12ca-816163a75891" testName="ConsumerId_CheckExpected" computerName="TFSBUILD11" duration="00:00:00.0000307" startTime="2015-09-28T09:43:21.5773260-07:00" endTime="2015-09-28T09:43:21.5773260-07:00" testType="13cdc9d9-ddb5-4fa4-a97d-d965ccfc6d4b" outcome="Passed" testListId="8c84fa94-04c1-424b-9868-57a2d4851a1d" relativeResultsDirectory="d7dcbf88-4fe1-49b0-aae8-01e795fff006" />
    <UnitTestResult executionId="8deb7560-8947-4380-a609-b4737f135cc3" testId="feddf1f1-2112-87e6-506b-56e7782a8769" testName="Name_CheckExpected" computerName="TFSBUILD11" duration="00:00:00.0001351" startTime="2015-09-28T09:43:21.5773260-07:00" endTime="2015-09-28T09:43:21.5773260-07:00" testType="13cdc9d9-ddb5-4fa4-a97d-d965ccfc6d4b" outcome="Passed" testListId="8c84fa94-04c1-424b-9868-57a2d4851a1d" relativeResultsDirectory="8deb7560-8947-4380-a609-b4737f135cc3" />
    <UnitTestResult executionId="4aaaff00-9cdc-4260-b585-93c9250d0582" testId="14ce8e9f-dd0b-d98f-aae8-b8cb46a53afd" testName="Description_CheckExpected" computerName="TFSBUILD11" duration="00:00:00.0001257" startTime="2015-09-28T09:43:21.5773260-07:00" endTime="2015-09-28T09:43:21.5773260-07:00" testType="13cdc9d9-ddb5-4fa4-a97d-d965ccfc6d4b" outcome="Passed" testListId="8c84fa94-04c1-424b-9868-57a2d4851a1d" relativeResultsDirectory="4aaaff00-9cdc-4260-b585-93c9250d0582" />
    <UnitTestResult executionId="e0c4d8e8-42d8-4f50-853d-50fe281c528b" testId="266b3ae4-6e7f-f4c1-1bb9-06638264384e" testName="SupportedEventTypes_CheckExpected" computerName="TFSBUILD11" duration="00:00:00.0000802" startTime="2015-09-28T09:43:21.5773260-07:00" endTime="2015-09-28T09:43:21.5773260-07:00" testType="13cdc9d9-ddb5-4fa4-a97d-d965ccfc6d4b" outcome="Passed" testListId="8c84fa94-04c1-424b-9868-57a2d4851a1d" relativeResultsDirectory="e0c4d8e8-42d8-4f50-853d-50fe281c528b" />
    <UnitTestResult executionId="80a4cb79-0220-445a-8a37-3d5a800574ee" testId="9e699254-4bd9-6562-98a1-15f5fec53511" testName="SupportedResourceVersions_CheckExpected" computerName="TFSBUILD11" duration="00:00:00.0001115" startTime="2015-09-28T09:43:21.5773260-07:00" endTime="2015-09-28T09:43:21.5773260-07:00" testType="13cdc9d9-ddb5-4fa4-a97d-d965ccfc6d4b" outcome="Passed" testListId="8c84fa94-04c1-424b-9868-57a2d4851a1d" relativeResultsDirectory="80a4cb79-0220-445a-8a37-3d5a800574ee" />
    <UnitTestResult executionId="e7ee2055-b5e1-4ba1-bfd8-fa188e61ce82" testId="9659f509-7a64-6cfd-548f-a6bac3f9e988" testName="AllowResourceVersionOverride_CheckExpected" computerName="TFSBUILD11" duration="00:00:00.0000617" startTime="2015-09-28T09:43:21.5773260-07:00" endTime="2015-09-28T09:43:21.5773260-07:00" testType="13cdc9d9-ddb5-4fa4-a97d-d965ccfc6d4b" outcome="Passed" testListId="8c84fa94-04c1-424b-9868-57a2d4851a1d" relativeResultsDirectory="e7ee2055-b5e1-4ba1-bfd8-fa188e61ce82" />
    <UnitTestResult executionId="63fb2c0f-847f-47fb-95d4-887c4d810139" testId="25f78969-7ca5-9526-51a5-9024df2a6713" testName="InputDescriptors_CheckExpected" computerName="TFSBUILD11" duration="00:00:00.0080853" startTime="2015-09-28T09:43:21.5773260-07:00" endTime="2015-09-28T09:43:21.5773260-07:00" testType="13cdc9d9-ddb5-4fa4-a97d-d965ccfc6d4b" outcome="Passed" testListId="8c84fa94-04c1-424b-9868-57a2d4851a1d" relativeResultsDirectory="63fb2c0f-847f-47fb-95d4-887c4d810139" />
    <UnitTestResult executionId="69979b9f-6781-4c4a-8948-8f831de92378" testId="5357e6d0-9095-803b-e2af-a7b9f305373c" testName="Id_CheckExpected" computerName="TFSBUILD11" duration="00:00:00.0000708" startTime="2015-09-28T09:43:21.5773260-07:00" endTime="2015-09-28T09:43:21.5929530-07:00" testType="13cdc9d9-ddb5-4fa4-a97d-d965ccfc6d4b" outcome="Passed" testListId="8c84fa94-04c1-424b-9868-57a2d4851a1d" relativeResultsDirectory="69979b9f-6781-4c4a-8948-8f831de92378" />
    <UnitTestResult executionId="d26bf0d6-66e6-41d2-94e4-fb63d8593f92" testId="d2e1917c-2fd0-f776-0bcc-8313d3215d0f" testName="Name_CheckExpected" computerName="TFSBUILD11" duration="00:00:00.0003256" startTime="2015-09-28T09:43:21.5929530-07:00" endTime="2015-09-28T09:43:21.5929530-07:00" testType="13cdc9d9-ddb5-4fa4-a97d-d965ccfc6d4b" outcome="Passed" testListId="8c84fa94-04c1-424b-9868-57a2d4851a1d" relativeResultsDirectory="d26bf0d6-66e6-41d2-94e4-fb63d8593f92" />
    <UnitTestResult executionId="12ed388f-9f35-4a2d-8f1c-7c80fcbd9fec" testId="a49172e2-cb4a-1e08-96ea-a1b5321144a5" testName="Description_CheckExpected" computerName="TFSBUILD11" duration="00:00:00.0001208" startTime="2015-09-28T09:43:21.5929530-07:00" endTime="2015-09-28T09:43:21.5929530-07:00" testType="13cdc9d9-ddb5-4fa4-a97d-d965ccfc6d4b" outcome="Passed" testListId="8c84fa94-04c1-424b-9868-57a2d4851a1d" relativeResultsDirectory="12ed388f-9f35-4a2d-8f1c-7c80fcbd9fec" />
    <UnitTestResult executionId="34ed6889-aa4d-487f-aa21-2ef16067532a" testId="aa00cbe9-9779-327f-4bcb-b72af57f670c" testName="InformationUrl_CheckExpected" computerName="TFSBUILD11" duration="00:00:00.0000523" startTime="2015-09-28T09:43:21.5929530-07:00" endTime="2015-09-28T09:43:21.5929530-07:00" testType="13cdc9d9-ddb5-4fa4-a97d-d965ccfc6d4b" outcome="Passed" testListId="8c84fa94-04c1-424b-9868-57a2d4851a1d" relativeResultsDirectory="34ed6889-aa4d-487f-aa21-2ef16067532a" />
    <UnitTestResult executionId="c3729da8-750c-4139-926e-ccac859a24ae" testId="66900daf-960e-e5f5-2b98-a29df542c0a3" testName="ImageUrl_CheckExpected" computerName="TFSBUILD11" duration="00:00:00.0000506" startTime="2015-09-28T09:43:21.5929530-07:00" endTime="2015-09-28T09:43:21.5929530-07:00" testType="13cdc9d9-ddb5-4fa4-a97d-d965ccfc6d4b" outcome="Passed" testListId="8c84fa94-04c1-424b-9868-57a2d4851a1d" relativeResultsDirectory="c3729da8-750c-4139-926e-ccac859a24ae" />
    <UnitTestResult executionId="3efaebf4-0773-41f7-ae72-b2b37a9ce0b3" testId="c6c99973-b48a-1a8d-f10c-a4e1a4a7968b" testName="AuthenticationType_CheckExpected" computerName="TFSBUILD11" duration="00:00:00.0000546" startTime="2015-09-28T09:43:21.5929530-07:00" endTime="2015-09-28T09:43:21.5929530-07:00" testType="13cdc9d9-ddb5-4fa4-a97d-d965ccfc6d4b" outcome="Passed" testListId="8c84fa94-04c1-424b-9868-57a2d4851a1d" relativeResultsDirectory="3efaebf4-0773-41f7-ae72-b2b37a9ce0b3" />
    <UnitTestResult executionId="bb774df5-4ae2-45ac-ac1d-6a87903083b0" testId="5c69b05d-7c97-f4f1-8ae9-1ac9637a64cc" testName="ExternalConfiguration_CheckExpected" computerName="TFSBUILD11" duration="00:00:00.0000432" startTime="2015-09-28T09:43:21.5929530-07:00" endTime="2015-09-28T09:43:21.5929530-07:00" testType="13cdc9d9-ddb5-4fa4-a97d-d965ccfc6d4b" outcome="Passed" testListId="8c84fa94-04c1-424b-9868-57a2d4851a1d" relativeResultsDirectory="bb774df5-4ae2-45ac-ac1d-6a87903083b0" />
    <UnitTestResult executionId="953d432c-c124-4b3b-93ef-3feaf105bcf4" testId="c5b8b320-11a4-40cd-2232-819bfc0fabac" testName="InputDescriptors_CheckExpected" computerName="TFSBUILD11" duration="00:00:00.0014594" startTime="2015-09-28T09:43:21.5929530-07:00" endTime="2015-09-28T09:43:21.5929530-07:00" testType="13cdc9d9-ddb5-4fa4-a97d-d965ccfc6d4b" outcome="Passed" testListId="8c84fa94-04c1-424b-9868-57a2d4851a1d" relativeResultsDirectory="953d432c-c124-4b3b-93ef-3feaf105bcf4" />
    <UnitTestResult executionId="d233a3ac-0193-4a97-b864-60872cd91c4f" testId="f2560246-36e5-1215-f360-61b2666df317" testName="FeatureName_CheckExpected" computerName="TFSBUILD11" duration="00:00:00.0000062" startTime="2015-09-28T09:43:21.5929530-07:00" endTime="2015-09-28T09:43:21.5929530-07:00" testType="13cdc9d9-ddb5-4fa4-a97d-d965ccfc6d4b" outcome="Passed" testListId="8c84fa94-04c1-424b-9868-57a2d4851a1d" relativeResultsDirectory="d233a3ac-0193-4a97-b864-60872cd91c4f" />
    <UnitTestResult executionId="cf7e461c-60f4-437d-ade7-749f0b7411e2" testId="f7e4a2a7-de00-ea38-1962-1d2a1deec714" testName="BambooGetActionDescription_ShouldReturnDescriptionWithBambooHostAndBuild" computerName="TFSBUILD11" duration="00:00:00.0028760" startTime="2015-09-28T09:43:21.5929530-07:00" endTime="2015-09-28T09:43:21.5929530-07:00" testType="13cdc9d9-ddb5-4fa4-a97d-d965ccfc6d4b" outcome="Passed" testListId="8c84fa94-04c1-424b-9868-57a2d4851a1d" relativeResultsDirectory="cf7e461c-60f4-437d-ade7-749f0b7411e2" />
    <UnitTestResult executionId="6cf4d90a-3793-409a-9022-f6317ee6aeb9" testId="462753c0-4cc1-adb3-1252-6bf05ffd1617" testName="BambooGetInputValues_UnknownInputId_ShouldReturnNull" computerName="TFSBUILD11" duration="00:00:00.0023182" startTime="2015-09-28T09:43:21.5929530-07:00" endTime="2015-09-28T09:43:21.5929530-07:00" testType="13cdc9d9-ddb5-4fa4-a97d-d965ccfc6d4b" outcome="Passed" testListId="8c84fa94-04c1-424b-9868-57a2d4851a1d" relativeResultsDirectory="6cf4d90a-3793-409a-9022-f6317ee6aeb9" />
    <UnitTestResult executionId="2671870a-680c-4ea8-8b63-2d198247ac9c" testId="8fa831e7-09bb-030b-452f-b330ec3936e0" testName="BambooGetInputValues_QueryingPlanNameWithMissingRequiredInputs_ShouldReturnDefaultCombo" computerName="TFSBUILD11" duration="00:00:00.0039529" startTime="2015-09-28T09:43:21.5929530-07:00" endTime="2015-09-28T09:43:21.5929530-07:00" testType="13cdc9d9-ddb5-4fa4-a97d-d965ccfc6d4b" outcome="Passed" testListId="8c84fa94-04c1-424b-9868-57a2d4851a1d" relativeResultsDirectory="2671870a-680c-4ea8-8b63-2d198247ac9c" />
    <UnitTestResult executionId="f0ca0c75-df10-4fea-b067-6e663f5ae80a" testId="74737b68-20da-0234-9b64-b5c6d1799f5c" testName="BambooGetInputValues_QueryingBuildValuesWithInputsOk_ShouldReturnComboWithPlans" computerName="TFSBUILD11" duration="00:00:00.0042171" startTime="2015-09-28T09:43:21.5929530-07:00" endTime="2015-09-28T09:43:21.6085788-07:00" testType="13cdc9d9-ddb5-4fa4-a97d-d965ccfc6d4b" outcome="Passed" testListId="8c84fa94-04c1-424b-9868-57a2d4851a1d" relativeResultsDirectory="f0ca0c75-df10-4fea-b067-6e663f5ae80a" />
    <UnitTestResult executionId="6ca6cf29-cf43-4792-8bdc-c9054108f4e5" testId="6073fde3-9213-ae75-d790-9754d1fc5c40" testName="BambooGetInputValues_QueryingPlanValuesWithInvalidCredentials_ShouldReturnComboWithErrorMessageNotAuthorized" computerName="TFSBUILD11" duration="00:00:00.0031314" startTime="2015-09-28T09:43:21.6085788-07:00" endTime="2015-09-28T09:43:21.6085788-07:00" testType="13cdc9d9-ddb5-4fa4-a97d-d965ccfc6d4b" outcome="Passed" testListId="8c84fa94-04c1-424b-9868-57a2d4851a1d" relativeResultsDirectory="6ca6cf29-cf43-4792-8bdc-c9054108f4e5" />
    <UnitTestResult executionId="c504a2ce-539a-45c9-9c5d-8c148223dd68" testId="1ebaa319-402e-ecd8-cf81-940529d16d9e" testName="BambooGetInputValues_QueryingBuildValuesWithErrorInBamboo_ShouldReturnDefaultCombo" computerName="TFSBUILD11" duration="00:00:00.0055659" startTime="2015-09-28T09:43:21.6085788-07:00" endTime="2015-09-28T09:43:21.6085788-07:00" testType="13cdc9d9-ddb5-4fa4-a97d-d965ccfc6d4b" outcome="Passed" testListId="8c84fa94-04c1-424b-9868-57a2d4851a1d" relativeResultsDirectory="c504a2ce-539a-45c9-9c5d-8c148223dd68" />
    <UnitTestResult executionId="a892206b-073c-463f-af4f-4bf816eb209e" testId="6a24be21-827c-f804-3abb-dfa45fa0308b" testName="Id_CheckExpected" computerName="TFSBUILD11" duration="00:00:00.0000767" startTime="2015-09-28T09:43:21.6085788-07:00" endTime="2015-09-28T09:43:21.6085788-07:00" testType="13cdc9d9-ddb5-4fa4-a97d-d965ccfc6d4b" outcome="Passed" testListId="8c84fa94-04c1-424b-9868-57a2d4851a1d" relativeResultsDirectory="a892206b-073c-463f-af4f-4bf816eb209e" />
    <UnitTestResult executionId="ae43e270-1fdb-4008-a94d-260b6f767113" testId="3c90498d-141c-3b0e-16de-ba8961de4141" testName="ConsumerId_CheckExpected" computerName="TFSBUILD11" duration="00:00:00.0000477" startTime="2015-09-28T09:43:21.6085788-07:00" endTime="2015-09-28T09:43:21.6085788-07:00" testType="13cdc9d9-ddb5-4fa4-a97d-d965ccfc6d4b" outcome="Passed" testListId="8c84fa94-04c1-424b-9868-57a2d4851a1d" relativeResultsDirectory="ae43e270-1fdb-4008-a94d-260b6f767113" />
    <UnitTestResult executionId="482892ef-9fa3-4153-98a2-864103a54d13" testId="31f57562-33ee-a5ac-3396-1168c4505402" testName="Name_CheckExpected" computerName="TFSBUILD11" duration="00:00:00.0001262" startTime="2015-09-28T09:43:21.6085788-07:00" endTime="2015-09-28T09:43:21.6085788-07:00" testType="13cdc9d9-ddb5-4fa4-a97d-d965ccfc6d4b" outcome="Passed" testListId="8c84fa94-04c1-424b-9868-57a2d4851a1d" relativeResultsDirectory="482892ef-9fa3-4153-98a2-864103a54d13" />
    <UnitTestResult executionId="34cafa41-b00a-44d9-8792-7ba2bd25ccf8" testId="867d7e11-0da7-bab8-2ad9-ca5a5e33f4f1" testName="Description_CheckExpected" computerName="TFSBUILD11" duration="00:00:00.0001223" startTime="2015-09-28T09:43:21.6085788-07:00" endTime="2015-09-28T09:43:21.6085788-07:00" testType="13cdc9d9-ddb5-4fa4-a97d-d965ccfc6d4b" outcome="Passed" testListId="8c84fa94-04c1-424b-9868-57a2d4851a1d" relativeResultsDirectory="34cafa41-b00a-44d9-8792-7ba2bd25ccf8" />
    <UnitTestResult executionId="0cde95d0-9874-4258-a29d-f80d0b51bda8" testId="430178c1-164d-e773-6d9f-dfbd7b3c0f9a" testName="SupportedEventTypes_CheckExpected" computerName="TFSBUILD11" duration="00:00:00.0000944" startTime="2015-09-28T09:43:21.6085788-07:00" endTime="2015-09-28T09:43:21.6085788-07:00" testType="13cdc9d9-ddb5-4fa4-a97d-d965ccfc6d4b" outcome="Passed" testListId="8c84fa94-04c1-424b-9868-57a2d4851a1d" relativeResultsDirectory="0cde95d0-9874-4258-a29d-f80d0b51bda8" />
    <UnitTestResult executionId="94c9b6f7-f604-4eee-9f24-117e41289ff6" testId="5280841c-b82b-bd2a-fedb-ef852cc353ad" testName="SupportedResourceVersions_CheckExpected" computerName="TFSBUILD11" duration="00:00:00.0001078" startTime="2015-09-28T09:43:21.6085788-07:00" endTime="2015-09-28T09:43:21.6085788-07:00" testType="13cdc9d9-ddb5-4fa4-a97d-d965ccfc6d4b" outcome="Passed" testListId="8c84fa94-04c1-424b-9868-57a2d4851a1d" relativeResultsDirectory="94c9b6f7-f604-4eee-9f24-117e41289ff6" />
    <UnitTestResult executionId="41fa4482-7241-4f4e-965f-3c635a4e11cd" testId="51f262a9-7e11-9bd2-6cea-09bdbb581980" testName="AllowResourceVersionOverride_CheckExpected" computerName="TFSBUILD11" duration="00:00:00.0000426" startTime="2015-09-28T09:43:21.6085788-07:00" endTime="2015-09-28T09:43:21.6085788-07:00" testType="13cdc9d9-ddb5-4fa4-a97d-d965ccfc6d4b" outcome="Passed" testListId="8c84fa94-04c1-424b-9868-57a2d4851a1d" relativeResultsDirectory="41fa4482-7241-4f4e-965f-3c635a4e11cd" />
    <UnitTestResult executionId="d6377d3b-8d85-46d8-a58e-82455286f0ee" testId="a30995de-318d-5394-c1bf-6ffd75d1e736" testName="InputDescriptors_CheckExpected" computerName="TFSBUILD11" duration="00:00:00.0009014" startTime="2015-09-28T09:43:21.6085788-07:00" endTime="2015-09-28T09:43:21.6085788-07:00" testType="13cdc9d9-ddb5-4fa4-a97d-d965ccfc6d4b" outcome="Passed" testListId="8c84fa94-04c1-424b-9868-57a2d4851a1d" relativeResultsDirectory="d6377d3b-8d85-46d8-a58e-82455286f0ee" />
    <UnitTestResult executionId="bf97310c-7c43-4616-8c1d-1c9761bd6863" testId="52ebb3fc-eecb-3cb0-b5d0-f9f9afdb6d9c" testName="GetSessionTokenConfigurationDescriptor_CheckDescriptor" computerName="TFSBUILD11" duration="00:00:00.0041813" startTime="2015-09-28T09:43:21.6085788-07:00" endTime="2015-09-28T09:43:21.6242055-07:00" testType="13cdc9d9-ddb5-4fa4-a97d-d965ccfc6d4b" outcome="Passed" testListId="8c84fa94-04c1-424b-9868-57a2d4851a1d" relativeResultsDirectory="bf97310c-7c43-4616-8c1d-1c9761bd6863" />
    <UnitTestResult executionId="e7aa3509-914c-43d6-a2f5-b366f2cf03d1" testId="3194524f-4056-54ba-81cd-b85b91f932ae" testName="Id_CheckExpected" computerName="TFSBUILD11" duration="00:00:00.0000665" startTime="2015-09-28T09:43:21.6242055-07:00" endTime="2015-09-28T09:43:21.6242055-07:00" testType="13cdc9d9-ddb5-4fa4-a97d-d965ccfc6d4b" outcome="Passed" testListId="8c84fa94-04c1-424b-9868-57a2d4851a1d" relativeResultsDirectory="e7aa3509-914c-43d6-a2f5-b366f2cf03d1" />
    <UnitTestResult executionId="f2c76310-6198-4a46-af42-8dcfb54ddc4d" testId="7da4ddbf-db82-119d-62ad-100bb95138ae" testName="ConsumerId_CheckExpected" computerName="TFSBUILD11" duration="00:00:00.0000483" startTime="2015-09-28T09:43:21.6242055-07:00" endTime="2015-09-28T09:43:21.6242055-07:00" testType="13cdc9d9-ddb5-4fa4-a97d-d965ccfc6d4b" outcome="Passed" testListId="8c84fa94-04c1-424b-9868-57a2d4851a1d" relativeResultsDirectory="f2c76310-6198-4a46-af42-8dcfb54ddc4d" />
    <UnitTestResult executionId="5443dd43-5b84-41a6-86db-c7959d34f6a6" testId="012d4ea8-491b-3b1b-17bf-22f6dc606df1" testName="Name_CheckExpected" computerName="TFSBUILD11" duration="00:00:00.0003928" startTime="2015-09-28T09:43:21.6242055-07:00" endTime="2015-09-28T09:43:21.6242055-07:00" testType="13cdc9d9-ddb5-4fa4-a97d-d965ccfc6d4b" outcome="Passed" testListId="8c84fa94-04c1-424b-9868-57a2d4851a1d" relativeResultsDirectory="5443dd43-5b84-41a6-86db-c7959d34f6a6" />
    <UnitTestResult executionId="67c35a60-3f5d-4119-bb97-e6fdd2935132" testId="ec67303c-753d-8804-cc15-97c700c535ea" testName="Description_CheckExpected" computerName="TFSBUILD11" duration="00:00:00.0001282" startTime="2015-09-28T09:43:21.6242055-07:00" endTime="2015-09-28T09:43:21.6242055-07:00" testType="13cdc9d9-ddb5-4fa4-a97d-d965ccfc6d4b" outcome="Passed" testListId="8c84fa94-04c1-424b-9868-57a2d4851a1d" relativeResultsDirectory="67c35a60-3f5d-4119-bb97-e6fdd2935132" />
    <UnitTestResult executionId="5d732efe-4d90-45e1-a002-225087331ece" testId="373028b9-3072-e9ef-26b0-524aabd27bc0" testName="SupportedEventTypes_CheckExpected" computerName="TFSBUILD11" duration="00:00:00.0000810" startTime="2015-09-28T09:43:21.6242055-07:00" endTime="2015-09-28T09:43:21.6242055-07:00" testType="13cdc9d9-ddb5-4fa4-a97d-d965ccfc6d4b" outcome="Passed" testListId="8c84fa94-04c1-424b-9868-57a2d4851a1d" relativeResultsDirectory="5d732efe-4d90-45e1-a002-225087331ece" />
    <UnitTestResult executionId="4ca988f9-de34-4ed9-836f-8123f2004234" testId="3871ed78-3afe-803f-82d9-02fd9b6a557d" testName="SupportedResourceVersions_CheckExpected" computerName="TFSBUILD11" duration="00:00:00.0001160" startTime="2015-09-28T09:43:21.6242055-07:00" endTime="2015-09-28T09:43:21.6242055-07:00" testType="13cdc9d9-ddb5-4fa4-a97d-d965ccfc6d4b" outcome="Passed" testListId="8c84fa94-04c1-424b-9868-57a2d4851a1d" relativeResultsDirectory="4ca988f9-de34-4ed9-836f-8123f2004234" />
    <UnitTestResult executionId="ab67d40c-2d28-4b9a-9091-25a2aa8e30ae" testId="be1c598f-9918-b35d-4ae2-4e0031814dcd" testName="AllowResourceVersionOverride_CheckExpected" computerName="TFSBUILD11" duration="00:00:00.0000278" startTime="2015-09-28T09:43:21.6242055-07:00" endTime="2015-09-28T09:43:21.6242055-07:00" testType="13cdc9d9-ddb5-4fa4-a97d-d965ccfc6d4b" outcome="Passed" testListId="8c84fa94-04c1-424b-9868-57a2d4851a1d" relativeResultsDirectory="ab67d40c-2d28-4b9a-9091-25a2aa8e30ae" />
    <UnitTestResult executionId="5282c913-5ec6-4f29-913b-16fdfbb9b092" testId="e72bb4c8-d1a9-d7bc-9837-7e3210c66292" testName="InputDescriptors_CheckExpected" computerName="TFSBUILD11" duration="00:00:00.0024601" startTime="2015-09-28T09:43:21.6242055-07:00" endTime="2015-09-28T09:43:21.6242055-07:00" testType="13cdc9d9-ddb5-4fa4-a97d-d965ccfc6d4b" outcome="Passed" testListId="8c84fa94-04c1-424b-9868-57a2d4851a1d" relativeResultsDirectory="5282c913-5ec6-4f29-913b-16fdfbb9b092" />
    <UnitTestResult executionId="c9ab6a32-233b-4b83-ae00-21dc5be03d01" testId="adf233f4-5ad3-8f22-386e-fb1465aadeca" testName="Id_CheckExpected" computerName="TFSBUILD11" duration="00:00:00.0000810" startTime="2015-09-28T09:43:21.6242055-07:00" endTime="2015-09-28T09:43:21.6242055-07:00" testType="13cdc9d9-ddb5-4fa4-a97d-d965ccfc6d4b" outcome="Passed" testListId="8c84fa94-04c1-424b-9868-57a2d4851a1d" relativeResultsDirectory="c9ab6a32-233b-4b83-ae00-21dc5be03d01" />
    <UnitTestResult executionId="f2512e3c-e9a8-4b20-969c-6b1220fdef11" testId="66ea0c63-9e96-bcec-08bd-1256f63f6aea" testName="ConsumerId_CheckExpected" computerName="TFSBUILD11" duration="00:00:00.0000483" startTime="2015-09-28T09:43:21.6242055-07:00" endTime="2015-09-28T09:43:21.6242055-07:00" testType="13cdc9d9-ddb5-4fa4-a97d-d965ccfc6d4b" outcome="Passed" testListId="8c84fa94-04c1-424b-9868-57a2d4851a1d" relativeResultsDirectory="f2512e3c-e9a8-4b20-969c-6b1220fdef11" />
    <UnitTestResult executionId="16b2d322-5e73-4a73-aaca-788d14e49da4" testId="156e3638-9aa5-fb1d-b234-75c23c182f0b" testName="Name_CheckExpected" computerName="TFSBUILD11" duration="00:00:00.0001211" startTime="2015-09-28T09:43:21.6242055-07:00" endTime="2015-09-28T09:43:21.6242055-07:00" testType="13cdc9d9-ddb5-4fa4-a97d-d965ccfc6d4b" outcome="Passed" testListId="8c84fa94-04c1-424b-9868-57a2d4851a1d" relativeResultsDirectory="16b2d322-5e73-4a73-aaca-788d14e49da4" />
    <UnitTestResult executionId="fe8f2119-7188-43e9-bd7a-4c4abb4f3ff9" testId="5826e68a-ef8e-22a4-9e03-fb90d69b0ffb" testName="Description_CheckExpected" computerName="TFSBUILD11" duration="00:00:00.0001234" startTime="2015-09-28T09:43:21.6242055-07:00" endTime="2015-09-28T09:43:21.6242055-07:00" testType="13cdc9d9-ddb5-4fa4-a97d-d965ccfc6d4b" outcome="Passed" testListId="8c84fa94-04c1-424b-9868-57a2d4851a1d" relativeResultsDirectory="fe8f2119-7188-43e9-bd7a-4c4abb4f3ff9" />
    <UnitTestResult executionId="392b8ddc-af75-4a49-a29c-13a85fe1511b" testId="e2394671-fc96-f8ee-bb61-dba63f378846" testName="SupportedEventTypes_CheckExpected" computerName="TFSBUILD11" duration="00:00:00.0000529" startTime="2015-09-28T09:43:21.6242055-07:00" endTime="2015-09-28T09:43:21.6242055-07:00" testType="13cdc9d9-ddb5-4fa4-a97d-d965ccfc6d4b" outcome="Passed" testListId="8c84fa94-04c1-424b-9868-57a2d4851a1d" relativeResultsDirectory="392b8ddc-af75-4a49-a29c-13a85fe1511b" />
    <UnitTestResult executionId="d7b20107-5e2a-4e6e-914e-d11a24f293e9" testId="c0753c68-4452-3b2c-063c-b9af92d3a2df" testName="SupportedResourceVersions_CheckExpected" computerName="TFSBUILD11" duration="00:00:00.0000822" startTime="2015-09-28T09:43:21.6242055-07:00" endTime="2015-09-28T09:43:21.6242055-07:00" testType="13cdc9d9-ddb5-4fa4-a97d-d965ccfc6d4b" outcome="Passed" testListId="8c84fa94-04c1-424b-9868-57a2d4851a1d" relativeResultsDirectory="d7b20107-5e2a-4e6e-914e-d11a24f293e9" />
    <UnitTestResult executionId="2cfac76b-39b1-42c5-85e6-f35da103dc90" testId="518b176e-3885-716c-28d4-2a952dc5a3c4" testName="AllowResourceVersionOverride_CheckExpected" computerName="TFSBUILD11" duration="00:00:00.0000284" startTime="2015-09-28T09:43:21.6242055-07:00" endTime="2015-09-28T09:43:21.6242055-07:00" testType="13cdc9d9-ddb5-4fa4-a97d-d965ccfc6d4b" outcome="Passed" testListId="8c84fa94-04c1-424b-9868-57a2d4851a1d" relativeResultsDirectory="2cfac76b-39b1-42c5-85e6-f35da103dc90" />
    <UnitTestResult executionId="94310a73-c642-4c3b-95a5-280537d17114" testId="2d2cdcf3-7548-7540-c92d-81f0b3da2217" testName="InputDescriptors_CheckExpected" computerName="TFSBUILD11" duration="00:00:00.0079325" startTime="2015-09-28T09:43:21.6242055-07:00" endTime="2015-09-28T09:43:21.6398316-07:00" testType="13cdc9d9-ddb5-4fa4-a97d-d965ccfc6d4b" outcome="Passed" testListId="8c84fa94-04c1-424b-9868-57a2d4851a1d" relativeResultsDirectory="94310a73-c642-4c3b-95a5-280537d17114" />
    <UnitTestResult executionId="cbd6d031-d451-4fcc-86e9-6a57aac9b830" testId="8c74e947-e5cd-e842-f8cf-e89e9416d4a5" testName="Id_CheckExpected" computerName="TFSBUILD11" duration="00:00:00.0000867" startTime="2015-09-28T09:43:21.6398316-07:00" endTime="2015-09-28T09:43:21.6398316-07:00" testType="13cdc9d9-ddb5-4fa4-a97d-d965ccfc6d4b" outcome="Passed" testListId="8c84fa94-04c1-424b-9868-57a2d4851a1d" relativeResultsDirectory="cbd6d031-d451-4fcc-86e9-6a57aac9b830" />
    <UnitTestResult executionId="83dc57a1-9ee9-4c11-8a72-98226515dd13" testId="268b10d4-acec-4add-ff07-1cfdb89e30dd" testName="Name_CheckExpected" computerName="TFSBUILD11" duration="00:00:00.0001294" startTime="2015-09-28T09:43:21.6398316-07:00" endTime="2015-09-28T09:43:21.6398316-07:00" testType="13cdc9d9-ddb5-4fa4-a97d-d965ccfc6d4b" outcome="Passed" testListId="8c84fa94-04c1-424b-9868-57a2d4851a1d" relativeResultsDirectory="83dc57a1-9ee9-4c11-8a72-98226515dd13" />
    <UnitTestResult executionId="d3fd437b-0322-4083-9aad-857a938ac46e" testId="cf0210cd-5b25-7e3a-f165-cd6b513671b6" testName="Description_CheckExpected" computerName="TFSBUILD11" duration="00:00:00.0001225" startTime="2015-09-28T09:43:21.6398316-07:00" endTime="2015-09-28T09:43:21.6398316-07:00" testType="13cdc9d9-ddb5-4fa4-a97d-d965ccfc6d4b" outcome="Passed" testListId="8c84fa94-04c1-424b-9868-57a2d4851a1d" relativeResultsDirectory="d3fd437b-0322-4083-9aad-857a938ac46e" />
    <UnitTestResult executionId="fa7b8aa9-c0c1-4470-837d-761ac39fc3f4" testId="023802b1-c3ed-5580-d8ce-73a722e08150" testName="InformationUrl_CheckExpected" computerName="TFSBUILD11" duration="00:00:00.0000503" startTime="2015-09-28T09:43:21.6398316-07:00" endTime="2015-09-28T09:43:21.6398316-07:00" testType="13cdc9d9-ddb5-4fa4-a97d-d965ccfc6d4b" outcome="Passed" testListId="8c84fa94-04c1-424b-9868-57a2d4851a1d" relativeResultsDirectory="fa7b8aa9-c0c1-4470-837d-761ac39fc3f4" />
    <UnitTestResult executionId="6aff0384-85a9-42f2-823e-1fb8d5c09e5c" testId="55f244df-904b-88da-8d5f-9610229cb13c" testName="ImageUrl_CheckExpected" computerName="TFSBUILD11" duration="00:00:00.0000418" startTime="2015-09-28T09:43:21.6398316-07:00" endTime="2015-09-28T09:43:21.6398316-07:00" testType="13cdc9d9-ddb5-4fa4-a97d-d965ccfc6d4b" outcome="Passed" testListId="8c84fa94-04c1-424b-9868-57a2d4851a1d" relativeResultsDirectory="6aff0384-85a9-42f2-823e-1fb8d5c09e5c" />
    <UnitTestResult executionId="5f3a6345-b2e8-4f0e-a2a5-04265e5920f8" testId="907f921c-4227-8c7d-5f10-ca5e466a7bcb" testName="AuthenticationType_CheckExpected" computerName="TFSBUILD11" duration="00:00:00.0000429" startTime="2015-09-28T09:43:21.6398316-07:00" endTime="2015-09-28T09:43:21.6398316-07:00" testType="13cdc9d9-ddb5-4fa4-a97d-d965ccfc6d4b" outcome="Passed" testListId="8c84fa94-04c1-424b-9868-57a2d4851a1d" relativeResultsDirectory="5f3a6345-b2e8-4f0e-a2a5-04265e5920f8" />
    <UnitTestResult executionId="671efc5d-0d83-4ea7-9eeb-d83c62f08085" testId="4bcf02fb-fb4a-80d1-cc57-939b4a0a119d" testName="ExternalConfiguration_CheckExpected" computerName="TFSBUILD11" duration="00:00:00.0000420" startTime="2015-09-28T09:43:21.6398316-07:00" endTime="2015-09-28T09:43:21.6398316-07:00" testType="13cdc9d9-ddb5-4fa4-a97d-d965ccfc6d4b" outcome="Passed" testListId="8c84fa94-04c1-424b-9868-57a2d4851a1d" relativeResultsDirectory="671efc5d-0d83-4ea7-9eeb-d83c62f08085" />
    <UnitTestResult executionId="8b0506b0-2286-4fb2-acab-ab9839e22604" testId="020a5974-e355-b008-03b7-b7347bfb0707" testName="InputDescriptors_CheckExpected" computerName="TFSBUILD11" duration="00:00:00.0001075" startTime="2015-09-28T09:43:21.6398316-07:00" endTime="2015-09-28T09:43:21.6398316-07:00" testType="13cdc9d9-ddb5-4fa4-a97d-d965ccfc6d4b" outcome="Passed" testListId="8c84fa94-04c1-424b-9868-57a2d4851a1d" relativeResultsDirectory="8b0506b0-2286-4fb2-acab-ab9839e22604" />
    <UnitTestResult executionId="d01f20e1-2aa1-48f6-9b6c-c12f24a5a726" testId="c1bb284c-f5fb-a3aa-eacd-b13511316957" testName="FeatureName_CheckExpected" computerName="TFSBUILD11" duration="00:00:00.0000051" startTime="2015-09-28T09:43:21.6398316-07:00" endTime="2015-09-28T09:43:21.6398316-07:00" testType="13cdc9d9-ddb5-4fa4-a97d-d965ccfc6d4b" outcome="Passed" testListId="8c84fa94-04c1-424b-9868-57a2d4851a1d" relativeResultsDirectory="d01f20e1-2aa1-48f6-9b6c-c12f24a5a726" />
    <UnitTestResult executionId="15fb8b3b-9ef6-4c02-b8e3-1923043f1c86" testId="b9053709-bc85-4c8d-4d7d-0847745839b1" testName="Id_CheckExpected" computerName="TFSBUILD11" duration="00:00:00.0000773" startTime="2015-09-28T09:43:21.6398316-07:00" endTime="2015-09-28T09:43:21.6398316-07:00" testType="13cdc9d9-ddb5-4fa4-a97d-d965ccfc6d4b" outcome="Passed" testListId="8c84fa94-04c1-424b-9868-57a2d4851a1d" relativeResultsDirectory="15fb8b3b-9ef6-4c02-b8e3-1923043f1c86" />
    <UnitTestResult executionId="504117c8-4338-42f3-aeac-2c90ffe1d7b6" testId="618cbdc9-a039-0951-9258-13d11ff6bf74" testName="Name_CheckExpected" computerName="TFSBUILD11" duration="00:00:00.0001279" startTime="2015-09-28T09:43:21.6398316-07:00" endTime="2015-09-28T09:43:21.6398316-07:00" testType="13cdc9d9-ddb5-4fa4-a97d-d965ccfc6d4b" outcome="Passed" testListId="8c84fa94-04c1-424b-9868-57a2d4851a1d" relativeResultsDirectory="504117c8-4338-42f3-aeac-2c90ffe1d7b6" />
    <UnitTestResult executionId="52c7d4e8-6634-48cd-8dae-fa033fc5c56a" testId="7aefdb48-ad4b-7154-d735-f9dfaff60492" testName="Description_CheckExpected" computerName="TFSBUILD11" duration="00:00:00.0001285" startTime="2015-09-28T09:43:21.6398316-07:00" endTime="2015-09-28T09:43:21.6398316-07:00" testType="13cdc9d9-ddb5-4fa4-a97d-d965ccfc6d4b" outcome="Passed" testListId="8c84fa94-04c1-424b-9868-57a2d4851a1d" relativeResultsDirectory="52c7d4e8-6634-48cd-8dae-fa033fc5c56a" />
    <UnitTestResult executionId="f15cc042-b02f-434e-8b7b-f6e4892d0d17" testId="a8e3d97f-bd04-6cf7-d4f5-c8f0ae171be9" testName="InformationUrl_CheckExpected" computerName="TFSBUILD11" duration="00:00:00.0000506" startTime="2015-09-28T09:43:21.6398316-07:00" endTime="2015-09-28T09:43:21.6398316-07:00" testType="13cdc9d9-ddb5-4fa4-a97d-d965ccfc6d4b" outcome="Passed" testListId="8c84fa94-04c1-424b-9868-57a2d4851a1d" relativeResultsDirectory="f15cc042-b02f-434e-8b7b-f6e4892d0d17" />
    <UnitTestResult executionId="4d6aedf6-acc9-456b-8099-af5739643594" testId="2981b7a2-8c14-b240-b8b6-8ee2e94fe0dc" testName="ImageUrl_CheckExpected" computerName="TFSBUILD11" duration="00:00:00.0000423" startTime="2015-09-28T09:43:21.6398316-07:00" endTime="2015-09-28T09:43:21.6398316-07:00" testType="13cdc9d9-ddb5-4fa4-a97d-d965ccfc6d4b" outcome="Passed" testListId="8c84fa94-04c1-424b-9868-57a2d4851a1d" relativeResultsDirectory="4d6aedf6-acc9-456b-8099-af5739643594" />
    <UnitTestResult executionId="7fa5fb30-3e1c-41d0-8fb2-ed3af51d1826" testId="82040ed4-5bf8-c350-a56c-f79b7bacaf81" testName="AuthenticationType_CheckExpected" computerName="TFSBUILD11" duration="00:00:00.0000440" startTime="2015-09-28T09:43:21.6398316-07:00" endTime="2015-09-28T09:43:21.6398316-07:00" testType="13cdc9d9-ddb5-4fa4-a97d-d965ccfc6d4b" outcome="Passed" testListId="8c84fa94-04c1-424b-9868-57a2d4851a1d" relativeResultsDirectory="7fa5fb30-3e1c-41d0-8fb2-ed3af51d1826" />
    <UnitTestResult executionId="2e41dcd9-340c-42df-b540-51902338d484" testId="a43d23f7-84fe-b3b5-c58e-6b45b126c242" testName="ExternalConfiguration_CheckExpected" computerName="TFSBUILD11" duration="00:00:00.0001282" startTime="2015-09-28T09:43:21.6398316-07:00" endTime="2015-09-28T09:43:21.6398316-07:00" testType="13cdc9d9-ddb5-4fa4-a97d-d965ccfc6d4b" outcome="Passed" testListId="8c84fa94-04c1-424b-9868-57a2d4851a1d" relativeResultsDirectory="2e41dcd9-340c-42df-b540-51902338d484" />
    <UnitTestResult executionId="f78d1987-7522-4fb4-b56b-88ec6dac7437" testId="246a5c05-0a5f-8b19-34b0-814a597a6e6d" testName="InputDescriptors_CheckExpected" computerName="TFSBUILD11" duration="00:00:00.0001035" startTime="2015-09-28T09:43:21.6398316-07:00" endTime="2015-09-28T09:43:21.6398316-07:00" testType="13cdc9d9-ddb5-4fa4-a97d-d965ccfc6d4b" outcome="Passed" testListId="8c84fa94-04c1-424b-9868-57a2d4851a1d" relativeResultsDirectory="f78d1987-7522-4fb4-b56b-88ec6dac7437" />
    <UnitTestResult executionId="964f1ab4-3cb6-45d3-9ab2-3f5920c7f71b" testId="a78bb89a-98d5-52a9-23de-c9ea441a0aa5" testName="FeatureName_CheckExpected" computerName="TFSBUILD11" duration="00:00:00.0000489" startTime="2015-09-28T09:43:21.6398316-07:00" endTime="2015-09-28T09:43:21.6398316-07:00" testType="13cdc9d9-ddb5-4fa4-a97d-d965ccfc6d4b" outcome="Passed" testListId="8c84fa94-04c1-424b-9868-57a2d4851a1d" relativeResultsDirectory="964f1ab4-3cb6-45d3-9ab2-3f5920c7f71b" />
    <UnitTestResult executionId="5163aad2-8b2c-4bfa-86b4-06d2709f2bab" testId="8b83f007-5438-ef51-0b2f-b316528cacc9" testName="Id_CheckExpected" computerName="TFSBUILD11" duration="00:00:00.0001001" startTime="2015-09-28T09:43:21.6398316-07:00" endTime="2015-09-28T09:43:21.6398316-07:00" testType="13cdc9d9-ddb5-4fa4-a97d-d965ccfc6d4b" outcome="Passed" testListId="8c84fa94-04c1-424b-9868-57a2d4851a1d" relativeResultsDirectory="5163aad2-8b2c-4bfa-86b4-06d2709f2bab" />
    <UnitTestResult executionId="40a9e62c-fb6d-4eb1-9454-eeb298127bfc" testId="5f4b0e51-b420-4181-02e3-c380de280332" testName="Name_CheckExpected" computerName="TFSBUILD11" duration="00:00:00.0001220" startTime="2015-09-28T09:43:21.6398316-07:00" endTime="2015-09-28T09:43:21.6398316-07:00" testType="13cdc9d9-ddb5-4fa4-a97d-d965ccfc6d4b" outcome="Passed" testListId="8c84fa94-04c1-424b-9868-57a2d4851a1d" relativeResultsDirectory="40a9e62c-fb6d-4eb1-9454-eeb298127bfc" />
    <UnitTestResult executionId="800cb04e-4abe-46bb-8842-e35733d51d92" testId="aa2c276b-7e53-b0c2-efce-f5525dcf6eb5" testName="Description_CheckExpected" computerName="TFSBUILD11" duration="00:00:00.0001248" startTime="2015-09-28T09:43:21.6398316-07:00" endTime="2015-09-28T09:43:21.6398316-07:00" testType="13cdc9d9-ddb5-4fa4-a97d-d965ccfc6d4b" outcome="Passed" testListId="8c84fa94-04c1-424b-9868-57a2d4851a1d" relativeResultsDirectory="800cb04e-4abe-46bb-8842-e35733d51d92" />
    <UnitTestResult executionId="d6807271-c91e-466a-8934-dcae04c55364" testId="f2c6ba21-f1a2-8cde-a73e-7dcf78e281c4" testName="InformationUrl_CheckExpected" computerName="TFSBUILD11" duration="00:00:00.0000506" startTime="2015-09-28T09:43:21.6398316-07:00" endTime="2015-09-28T09:43:21.6398316-07:00" testType="13cdc9d9-ddb5-4fa4-a97d-d965ccfc6d4b" outcome="Passed" testListId="8c84fa94-04c1-424b-9868-57a2d4851a1d" relativeResultsDirectory="d6807271-c91e-466a-8934-dcae04c55364" />
    <UnitTestResult executionId="ce9949c2-818c-4435-a11d-40dd938f9703" testId="1981bfb2-7e19-7abe-67d4-3aeb1841e7eb" testName="ImageUrl_CheckExpected" computerName="TFSBUILD11" duration="00:00:00.0000480" startTime="2015-09-28T09:43:21.6398316-07:00" endTime="2015-09-28T09:43:21.6398316-07:00" testType="13cdc9d9-ddb5-4fa4-a97d-d965ccfc6d4b" outcome="Passed" testListId="8c84fa94-04c1-424b-9868-57a2d4851a1d" relativeResultsDirectory="ce9949c2-818c-4435-a11d-40dd938f9703" />
    <UnitTestResult executionId="bc2a23bc-d494-4786-9445-31b30877bcdd" testId="db379616-d1ae-5a12-889f-8a360d91d196" testName="AuthenticationType_CheckExpected" computerName="TFSBUILD11" duration="00:00:00.0000443" startTime="2015-09-28T09:43:21.6398316-07:00" endTime="2015-09-28T09:43:21.6398316-07:00" testType="13cdc9d9-ddb5-4fa4-a97d-d965ccfc6d4b" outcome="Passed" testListId="8c84fa94-04c1-424b-9868-57a2d4851a1d" relativeResultsDirectory="bc2a23bc-d494-4786-9445-31b30877bcdd" />
    <UnitTestResult executionId="74ffb0e3-cd9b-45ae-9653-208699f2abf0" testId="3caf3423-6de1-2211-476f-3c34db3b7358" testName="ExternalConfiguration_CheckExpected" computerName="TFSBUILD11" duration="00:00:00.0000409" startTime="2015-09-28T09:43:21.6398316-07:00" endTime="2015-09-28T09:43:21.6398316-07:00" testType="13cdc9d9-ddb5-4fa4-a97d-d965ccfc6d4b" outcome="Passed" testListId="8c84fa94-04c1-424b-9868-57a2d4851a1d" relativeResultsDirectory="74ffb0e3-cd9b-45ae-9653-208699f2abf0" />
    <UnitTestResult executionId="1ae139c2-6b5e-4c91-9c1d-33a05415f993" testId="b08396c8-feb4-0316-75e0-6b517c1411e9" testName="InputDescriptors_CheckExpected" computerName="TFSBUILD11" duration="00:00:00.0009642" startTime="2015-09-28T09:43:21.6398316-07:00" endTime="2015-09-28T09:43:21.6398316-07:00" testType="13cdc9d9-ddb5-4fa4-a97d-d965ccfc6d4b" outcome="Passed" testListId="8c84fa94-04c1-424b-9868-57a2d4851a1d" relativeResultsDirectory="1ae139c2-6b5e-4c91-9c1d-33a05415f993" />
    <UnitTestResult executionId="0af9ef2f-dc92-432d-ad85-63338a5f24bb" testId="3f844158-7eb1-e866-e99b-920820974019" testName="FeatureName_CheckExpected" computerName="TFSBUILD11" duration="00:00:00.0000059" startTime="2015-09-28T09:43:21.6398316-07:00" endTime="2015-09-28T09:43:21.6398316-07:00" testType="13cdc9d9-ddb5-4fa4-a97d-d965ccfc6d4b" outcome="Passed" testListId="8c84fa94-04c1-424b-9868-57a2d4851a1d" relativeResultsDirectory="0af9ef2f-dc92-432d-ad85-63338a5f24bb" />
    <UnitTestResult executionId="f714c2d1-311d-46bd-aaac-cdc340143908" testId="5ea998d5-b7b5-96a8-4a00-25620c48304a" testName="Id_CheckExpected" computerName="TFSBUILD11" duration="00:00:00.0000827" startTime="2015-09-28T09:43:21.6398316-07:00" endTime="2015-09-28T09:43:21.6398316-07:00" testType="13cdc9d9-ddb5-4fa4-a97d-d965ccfc6d4b" outcome="Passed" testListId="8c84fa94-04c1-424b-9868-57a2d4851a1d" relativeResultsDirectory="f714c2d1-311d-46bd-aaac-cdc340143908" />
    <UnitTestResult executionId="0a526269-3af0-4dc0-8ebd-f768f69848fa" testId="60c2a51d-fc4f-9382-a244-1810457944cb" testName="Name_CheckExpected" computerName="TFSBUILD11" duration="00:00:00.0001265" startTime="2015-09-28T09:43:21.6398316-07:00" endTime="2015-09-28T09:43:21.6398316-07:00" testType="13cdc9d9-ddb5-4fa4-a97d-d965ccfc6d4b" outcome="Passed" testListId="8c84fa94-04c1-424b-9868-57a2d4851a1d" relativeResultsDirectory="0a526269-3af0-4dc0-8ebd-f768f69848fa" />
    <UnitTestResult executionId="ce60d971-ea98-4ac3-b9b3-806366be872e" testId="c40bee1c-1305-a39a-d8f4-6846931d767d" testName="Description_CheckExpected" computerName="TFSBUILD11" duration="00:00:00.0001254" startTime="2015-09-28T09:43:21.6398316-07:00" endTime="2015-09-28T09:43:21.6398316-07:00" testType="13cdc9d9-ddb5-4fa4-a97d-d965ccfc6d4b" outcome="Passed" testListId="8c84fa94-04c1-424b-9868-57a2d4851a1d" relativeResultsDirectory="ce60d971-ea98-4ac3-b9b3-806366be872e" />
    <UnitTestResult executionId="e4184898-35fc-4f8b-a42c-15603c439ea8" testId="b0e3c4e4-ff5e-2916-b0e3-5353cf78550e" testName="InformationUrl_CheckExpected" computerName="TFSBUILD11" duration="00:00:00.0000500" startTime="2015-09-28T09:43:21.6398316-07:00" endTime="2015-09-28T09:43:21.6398316-07:00" testType="13cdc9d9-ddb5-4fa4-a97d-d965ccfc6d4b" outcome="Passed" testListId="8c84fa94-04c1-424b-9868-57a2d4851a1d" relativeResultsDirectory="e4184898-35fc-4f8b-a42c-15603c439ea8" />
    <UnitTestResult executionId="2bc28607-9938-49a0-99fc-e40af5ba7bb9" testId="c69364a2-0ef7-6bc5-444a-4a4703012c63" testName="ImageUrl_CheckExpected" computerName="TFSBUILD11" duration="00:00:00.0000469" startTime="2015-09-28T09:43:21.6398316-07:00" endTime="2015-09-28T09:43:21.6398316-07:00" testType="13cdc9d9-ddb5-4fa4-a97d-d965ccfc6d4b" outcome="Passed" testListId="8c84fa94-04c1-424b-9868-57a2d4851a1d" relativeResultsDirectory="2bc28607-9938-49a0-99fc-e40af5ba7bb9" />
    <UnitTestResult executionId="9576cb0c-630f-4ee5-b6b4-fcdfd0c9ced3" testId="8f344889-dcd4-8722-1ae7-7c3b12d350e1" testName="AuthenticationType_CheckExpected" computerName="TFSBUILD11" duration="00:00:00.0000432" startTime="2015-09-28T09:43:21.6398316-07:00" endTime="2015-09-28T09:43:21.6398316-07:00" testType="13cdc9d9-ddb5-4fa4-a97d-d965ccfc6d4b" outcome="Passed" testListId="8c84fa94-04c1-424b-9868-57a2d4851a1d" relativeResultsDirectory="9576cb0c-630f-4ee5-b6b4-fcdfd0c9ced3" />
    <UnitTestResult executionId="59ac5920-9f75-4e0d-93ce-31520fabf9ec" testId="f81c1008-6036-4182-4fb2-d5ccdad7b6cc" testName="ExternalConfiguration_CheckExpected" computerName="TFSBUILD11" duration="00:00:00.0000423" startTime="2015-09-28T09:43:21.6398316-07:00" endTime="2015-09-28T09:43:21.6398316-07:00" testType="13cdc9d9-ddb5-4fa4-a97d-d965ccfc6d4b" outcome="Passed" testListId="8c84fa94-04c1-424b-9868-57a2d4851a1d" relativeResultsDirectory="59ac5920-9f75-4e0d-93ce-31520fabf9ec" />
    <UnitTestResult executionId="80c3e473-2f88-4598-b71d-2a96de480383" testId="f8da6b97-bb43-3044-3f09-28edc1471366" testName="InputDescriptors_CheckExpected" computerName="TFSBUILD11" duration="00:00:00.0018067" startTime="2015-09-28T09:43:21.6398316-07:00" endTime="2015-09-28T09:43:21.6398316-07:00" testType="13cdc9d9-ddb5-4fa4-a97d-d965ccfc6d4b" outcome="Passed" testListId="8c84fa94-04c1-424b-9868-57a2d4851a1d" relativeResultsDirectory="80c3e473-2f88-4598-b71d-2a96de480383" />
    <UnitTestResult executionId="872593ba-69bb-4305-aeac-4d06759de94d" testId="7bfa60a0-de1e-61a6-0aa7-8270387f1c7c" testName="FeatureName_CheckExpected" computerName="TFSBUILD11" duration="00:00:00.0000051" startTime="2015-09-28T09:43:21.6398316-07:00" endTime="2015-09-28T09:43:21.6398316-07:00" testType="13cdc9d9-ddb5-4fa4-a97d-d965ccfc6d4b" outcome="Passed" testListId="8c84fa94-04c1-424b-9868-57a2d4851a1d" relativeResultsDirectory="872593ba-69bb-4305-aeac-4d06759de94d" />
    <UnitTestResult executionId="7e5ef9ed-dd5e-4738-b33a-612d1cae5185" testId="bf9e3af5-aaed-24fe-0ebf-57381388c5e8" testName="Run_Success_CheckSuccessResponseOk" computerName="TFSBUILD11" duration="00:00:00.0205314" startTime="2015-09-28T09:43:21.6398316-07:00" endTime="2015-09-28T09:43:21.6710830-07:00" testType="13cdc9d9-ddb5-4fa4-a97d-d965ccfc6d4b" outcome="Passed" testListId="8c84fa94-04c1-424b-9868-57a2d4851a1d" relativeResultsDirectory="7e5ef9ed-dd5e-4738-b33a-612d1cae5185" />
    <UnitTestResult executionId="1b44f2b3-4de1-426c-9c87-1f9907511122" testId="6fd344c6-6989-5db9-65f7-854393e68dc1" testName="Run_UnauthorizedException_CheckEnduringFailureAndNotificationLogs" computerName="TFSBUILD11" duration="00:00:00.0104678" startTime="2015-09-28T09:43:21.6710830-07:00" endTime="2015-09-28T09:43:21.6867096-07:00" testType="13cdc9d9-ddb5-4fa4-a97d-d965ccfc6d4b" outcome="Passed" testListId="8c84fa94-04c1-424b-9868-57a2d4851a1d" relativeResultsDirectory="1b44f2b3-4de1-426c-9c87-1f9907511122" />
    <UnitTestResult executionId="8549840f-8ba0-44b7-8d8e-1c376c12782f" testId="affd692e-3ee1-745b-0100-f4d1b81d2e33" testName="Run_TimeoutException_CheckTransientErrorAndNotificationLogs" computerName="TFSBUILD11" duration="00:00:00.0043610" startTime="2015-09-28T09:43:21.6867096-07:00" endTime="2015-09-28T09:43:21.6867096-07:00" testType="13cdc9d9-ddb5-4fa4-a97d-d965ccfc6d4b" outcome="Passed" testListId="8c84fa94-04c1-424b-9868-57a2d4851a1d" relativeResultsDirectory="8549840f-8ba0-44b7-8d8e-1c376c12782f" />
    <UnitTestResult executionId="1e9884a5-f1d2-4a8e-b667-08e4cfcbc87d" testId="033fa7b3-3643-246c-9f1b-44043142de60" testName="Run_EndpointNotFound_CheckSuccessAndEntityJustCreated" computerName="TFSBUILD11" duration="00:00:00.0065188" startTime="2015-09-28T09:43:21.6867096-07:00" endTime="2015-09-28T09:43:21.6867096-07:00" testType="13cdc9d9-ddb5-4fa4-a97d-d965ccfc6d4b" outcome="Passed" testListId="8c84fa94-04c1-424b-9868-57a2d4851a1d" relativeResultsDirectory="1e9884a5-f1d2-4a8e-b667-08e4cfcbc87d" />
    <UnitTestResult executionId="6552fd03-7c23-48bf-b69a-4827573ed330" testId="5835f59a-6574-4e92-867d-ca64990ebab0" testName="Run_EndpointNotFoundAndUnauthorizedForCreate_CheckEnduringFailureAndNotificationLogs" computerName="TFSBUILD11" duration="00:00:00.0045584" startTime="2015-09-28T09:43:21.6867096-07:00" endTime="2015-09-28T09:43:21.7023360-07:00" testType="13cdc9d9-ddb5-4fa4-a97d-d965ccfc6d4b" outcome="Passed" testListId="8c84fa94-04c1-424b-9868-57a2d4851a1d" relativeResultsDirectory="6552fd03-7c23-48bf-b69a-4827573ed330" />
    <UnitTestResult executionId="9fca8444-a9a2-49ed-8f3f-a4c4b6e1cba8" testId="f8c8fb11-ccee-1348-6cdf-bc2931bf3c8e" testName="GetInputValues_ReturnOptionsForCombo" computerName="TFSBUILD11" duration="00:00:00.0179174" startTime="2015-09-28T09:43:21.7023360-07:00" endTime="2015-09-28T09:43:21.7179621-07:00" testType="13cdc9d9-ddb5-4fa4-a97d-d965ccfc6d4b" outcome="Passed" testListId="8c84fa94-04c1-424b-9868-57a2d4851a1d" relativeResultsDirectory="9fca8444-a9a2-49ed-8f3f-a4c4b6e1cba8" />
    <UnitTestResult executionId="c4d5d972-db64-4ad1-aa02-202460b7fa95" testId="3c116e9f-d6d3-7ebf-537f-79fdef28dfea" testName="HandleEvent_WithMinimalPayload_CheckReturnedNotificationHubSendActionTask" computerName="TFSBUILD11" duration="00:00:00.0082605" startTime="2015-09-28T09:43:21.7179621-07:00" endTime="2015-09-28T09:43:21.7179621-07:00" testType="13cdc9d9-ddb5-4fa4-a97d-d965ccfc6d4b" outcome="Passed" testListId="8c84fa94-04c1-424b-9868-57a2d4851a1d" relativeResultsDirectory="c4d5d972-db64-4ad1-aa02-202460b7fa95" />
    <UnitTestResult executionId="c9c65425-3115-4d43-8865-9ca7592b2cf2" testId="e02547e9-816c-4528-f118-834cc0fdb40d" testName="HandleEvent_FullPayload_CheckReturnedNotificationHubSendActionTask" computerName="TFSBUILD11" duration="00:00:00.0022442" startTime="2015-09-28T09:43:21.7179621-07:00" endTime="2015-09-28T09:43:21.7179621-07:00" testType="13cdc9d9-ddb5-4fa4-a97d-d965ccfc6d4b" outcome="Passed" testListId="8c84fa94-04c1-424b-9868-57a2d4851a1d" relativeResultsDirectory="c9c65425-3115-4d43-8865-9ca7592b2cf2" />
    <UnitTestResult executionId="56429dcd-5edc-4e79-b0c8-b06e60401dd5" testId="a5cdb562-0225-8550-8b6e-dec711160815" testName="HandleEvent_BypassSerialization_CheckReturnedNotificationHubSendActionTask" computerName="TFSBUILD11" duration="00:00:00.0021959" startTime="2015-09-28T09:43:21.7179621-07:00" endTime="2015-09-28T09:43:21.7335877-07:00" testType="13cdc9d9-ddb5-4fa4-a97d-d965ccfc6d4b" outcome="Passed" testListId="8c84fa94-04c1-424b-9868-57a2d4851a1d" relativeResultsDirectory="56429dcd-5edc-4e79-b0c8-b06e60401dd5" />
    <UnitTestResult executionId="bee53e30-25b6-4676-a81c-8b1b577f2881" testId="67ec2e26-591f-d48a-9bc7-2372c97ef852" testName="GetInputValues_UnknownInput_ShouldReturnNull" computerName="TFSBUILD11" duration="00:00:00.0021688" startTime="2015-09-28T09:43:21.7335877-07:00" endTime="2015-09-28T09:43:21.7335877-07:00" testType="13cdc9d9-ddb5-4fa4-a97d-d965ccfc6d4b" outcome="Passed" testListId="8c84fa94-04c1-424b-9868-57a2d4851a1d" relativeResultsDirectory="bee53e30-25b6-4676-a81c-8b1b577f2881" />
    <UnitTestResult executionId="b26216ec-4b79-491a-8ee8-2bcc1f20b7ca" testId="793deb19-5678-b077-7ee8-6a7160243e38" testName="GetInputValues_MinimumMandatoryServiceBusInputsNotMet_ReturnDefaultValue" computerName="TFSBUILD11" duration="00:00:00.0024305" startTime="2015-09-28T09:43:21.7335877-07:00" endTime="2015-09-28T09:43:21.7335877-07:00" testType="13cdc9d9-ddb5-4fa4-a97d-d965ccfc6d4b" outcome="Passed" testListId="8c84fa94-04c1-424b-9868-57a2d4851a1d" relativeResultsDirectory="b26216ec-4b79-491a-8ee8-2bcc1f20b7ca" />
    <UnitTestResult executionId="7ca7b435-2862-4a27-86f8-f174bc7b5e86" testId="eeba5de2-bb72-0b6d-6176-b141fa0a539b" testName="GetInputValues_InvalidConnectionString_ShouldReturnErrorConnectionStringNotValid" computerName="TFSBUILD11" duration="00:00:00.0028157" startTime="2015-09-28T09:43:21.7335877-07:00" endTime="2015-09-28T09:43:21.7335877-07:00" testType="13cdc9d9-ddb5-4fa4-a97d-d965ccfc6d4b" outcome="Passed" testListId="8c84fa94-04c1-424b-9868-57a2d4851a1d" relativeResultsDirectory="7ca7b435-2862-4a27-86f8-f174bc7b5e86" />
    <UnitTestResult executionId="4a2e2f42-84b6-486c-87b8-5d236fd4e0b6" testId="2e5fc5b0-ef04-0cdb-b5b1-1058890123d6" testName="GetInputValues_UanuthorizedConnectionString_ShouldReturnErrorNotauthorized" computerName="TFSBUILD11" duration="00:00:00.0062765" startTime="2015-09-28T09:43:21.7335877-07:00" endTime="2015-09-28T09:43:21.7492141-07:00" testType="13cdc9d9-ddb5-4fa4-a97d-d965ccfc6d4b" outcome="Passed" testListId="8c84fa94-04c1-424b-9868-57a2d4851a1d" relativeResultsDirectory="4a2e2f42-84b6-486c-87b8-5d236fd4e0b6" />
    <UnitTestResult executionId="d1d88101-7d77-4e33-bc97-18d7f4c7c6c6" testId="446d22c5-e574-ef51-2fe2-ef09daef088b" testName="GetInputValues_Exception_ShouldReturnErrorMessage" computerName="TFSBUILD11" duration="00:00:00.0052445" startTime="2015-09-28T09:43:21.7492141-07:00" endTime="2015-09-28T09:43:21.7492141-07:00" testType="13cdc9d9-ddb5-4fa4-a97d-d965ccfc6d4b" outcome="Passed" testListId="8c84fa94-04c1-424b-9868-57a2d4851a1d" relativeResultsDirectory="d1d88101-7d77-4e33-bc97-18d7f4c7c6c6" />
    <UnitTestResult executionId="02f48581-33ff-4b77-85c2-cdce521aa5a2" testId="fe56860d-31fa-93a3-47b9-012eed51db50" testName="Id_CheckExpected" computerName="TFSBUILD11" duration="00:00:00.0000349" startTime="2015-09-28T09:43:21.7492141-07:00" endTime="2015-09-28T09:43:21.7492141-07:00" testType="13cdc9d9-ddb5-4fa4-a97d-d965ccfc6d4b" outcome="Passed" testListId="8c84fa94-04c1-424b-9868-57a2d4851a1d" relativeResultsDirectory="02f48581-33ff-4b77-85c2-cdce521aa5a2" />
    <UnitTestResult executionId="99e95f6f-26f6-4407-86f7-ea54e3d43663" testId="314005f9-b488-4164-5e71-618f7dcf2f7c" testName="ConsumerId_CheckExpected" computerName="TFSBUILD11" duration="00:00:00.0000335" startTime="2015-09-28T09:43:21.7492141-07:00" endTime="2015-09-28T09:43:21.7492141-07:00" testType="13cdc9d9-ddb5-4fa4-a97d-d965ccfc6d4b" outcome="Passed" testListId="8c84fa94-04c1-424b-9868-57a2d4851a1d" relativeResultsDirectory="99e95f6f-26f6-4407-86f7-ea54e3d43663" />
    <UnitTestResult executionId="618275e2-f41a-468b-91b0-3ffd39079d1a" testId="f05df316-5f85-b72d-1df9-3c1b6430780e" testName="Name_CheckExpected" computerName="TFSBUILD11" duration="00:00:00.0001285" startTime="2015-09-28T09:43:21.7492141-07:00" endTime="2015-09-28T09:43:21.7492141-07:00" testType="13cdc9d9-ddb5-4fa4-a97d-d965ccfc6d4b" outcome="Passed" testListId="8c84fa94-04c1-424b-9868-57a2d4851a1d" relativeResultsDirectory="618275e2-f41a-468b-91b0-3ffd39079d1a" />
    <UnitTestResult executionId="ab3d014c-e1fb-463c-a50a-cf83eeb3cd6f" testId="a3d2e7b5-d776-502d-c3a7-bf78c9e366e7" testName="Description_CheckExpected" computerName="TFSBUILD11" duration="00:00:00.0001436" startTime="2015-09-28T09:43:21.7492141-07:00" endTime="2015-09-28T09:43:21.7492141-07:00" testType="13cdc9d9-ddb5-4fa4-a97d-d965ccfc6d4b" outcome="Passed" testListId="8c84fa94-04c1-424b-9868-57a2d4851a1d" relativeResultsDirectory="ab3d014c-e1fb-463c-a50a-cf83eeb3cd6f" />
    <UnitTestResult executionId="6de7d952-6522-49e7-9314-5216efddf19a" testId="5b299893-b1de-31a6-9f0f-0979fc76b63c" testName="SupportedEventTypes_CheckExpected" computerName="TFSBUILD11" duration="00:00:00.0001066" startTime="2015-09-28T09:43:21.7492141-07:00" endTime="2015-09-28T09:43:21.7492141-07:00" testType="13cdc9d9-ddb5-4fa4-a97d-d965ccfc6d4b" outcome="Passed" testListId="8c84fa94-04c1-424b-9868-57a2d4851a1d" relativeResultsDirectory="6de7d952-6522-49e7-9314-5216efddf19a" />
    <UnitTestResult executionId="bfb23ce3-ab80-454d-9218-ea54ed2d87f7" testId="0b946569-c76b-bf27-36bf-cb8a13730775" testName="SupportedResourceVersions_CheckExpected" computerName="TFSBUILD11" duration="00:00:00.0001154" startTime="2015-09-28T09:43:21.7492141-07:00" endTime="2015-09-28T09:43:21.7492141-07:00" testType="13cdc9d9-ddb5-4fa4-a97d-d965ccfc6d4b" outcome="Passed" testListId="8c84fa94-04c1-424b-9868-57a2d4851a1d" relativeResultsDirectory="bfb23ce3-ab80-454d-9218-ea54ed2d87f7" />
    <UnitTestResult executionId="797497b8-26d3-4907-832c-306d5b27238a" testId="18de5136-1f58-6d52-9601-02f56e432262" testName="AllowResourceVersionOverride_CheckExpected" computerName="TFSBUILD11" duration="00:00:00.0000460" startTime="2015-09-28T09:43:21.7492141-07:00" endTime="2015-09-28T09:43:21.7492141-07:00" testType="13cdc9d9-ddb5-4fa4-a97d-d965ccfc6d4b" outcome="Passed" testListId="8c84fa94-04c1-424b-9868-57a2d4851a1d" relativeResultsDirectory="797497b8-26d3-4907-832c-306d5b27238a" />
    <UnitTestResult executionId="ae2a063d-8f29-4153-b8b4-ddd7bab9675a" testId="3b075d36-a36a-df34-239a-0f8f50f0623f" testName="InputDescriptors_CheckExpected" computerName="TFSBUILD11" duration="00:00:00.0019717" startTime="2015-09-28T09:43:21.7492141-07:00" endTime="2015-09-28T09:43:21.7492141-07:00" testType="13cdc9d9-ddb5-4fa4-a97d-d965ccfc6d4b" outcome="Passed" testListId="8c84fa94-04c1-424b-9868-57a2d4851a1d" relativeResultsDirectory="ae2a063d-8f29-4153-b8b4-ddd7bab9675a" />
    <UnitTestResult executionId="d4d2d03b-cb79-45b2-95da-73ee9b6b8c2a" testId="62502571-1035-7d6a-3022-a177e0ded64c" testName="Run_QueueDoesNotExists_CheckQueueCreatedAndMessageSent" computerName="TFSBUILD11" duration="00:00:00.0660396" startTime="2015-09-28T09:43:21.7492141-07:00" endTime="2015-09-28T09:43:21.8117182-07:00" testType="13cdc9d9-ddb5-4fa4-a97d-d965ccfc6d4b" outcome="Passed" testListId="8c84fa94-04c1-424b-9868-57a2d4851a1d" relativeResultsDirectory="d4d2d03b-cb79-45b2-95da-73ee9b6b8c2a" />
    <UnitTestResult executionId="0f22a3c5-2a83-4d2f-b53c-bb63f7fa76f9" testId="db4d2c2d-5a0c-8371-d93f-94ccf598f366" testName="Run_QueueAlreadyExists_CheckMessageSent" computerName="TFSBUILD11" duration="00:00:00.0068061" startTime="2015-09-28T09:43:21.8117182-07:00" endTime="2015-09-28T09:43:21.8273443-07:00" testType="13cdc9d9-ddb5-4fa4-a97d-d965ccfc6d4b" outcome="Passed" testListId="8c84fa94-04c1-424b-9868-57a2d4851a1d" relativeResultsDirectory="0f22a3c5-2a83-4d2f-b53c-bb63f7fa76f9" />
    <UnitTestResult executionId="dbbe3536-5cbb-49e6-bafa-9a3c2ec55346" testId="1abc11fa-2618-49dc-d484-811061d7d28f" testName="Run_QueueAlreadyExists_CheckMessageSentBypassSerializer" computerName="TFSBUILD11" duration="00:00:00.0067467" startTime="2015-09-28T09:43:21.8273443-07:00" endTime="2015-09-28T09:43:21.8273443-07:00" testType="13cdc9d9-ddb5-4fa4-a97d-d965ccfc6d4b" outcome="Passed" testListId="8c84fa94-04c1-424b-9868-57a2d4851a1d" relativeResultsDirectory="dbbe3536-5cbb-49e6-bafa-9a3c2ec55346" />
    <UnitTestResult executionId="84bea3b5-aff2-46fc-8e49-1b47321f5f99" testId="1156cfdc-61e9-7497-ca12-5ccee0089891" testName="GetInputValues_ReturnOptionsForCombo" computerName="TFSBUILD11" duration="00:00:00.0049783" startTime="2015-09-28T09:43:21.8273443-07:00" endTime="2015-09-28T09:43:21.8429707-07:00" testType="13cdc9d9-ddb5-4fa4-a97d-d965ccfc6d4b" outcome="Passed" testListId="8c84fa94-04c1-424b-9868-57a2d4851a1d" relativeResultsDirectory="84bea3b5-aff2-46fc-8e49-1b47321f5f99" />
    <UnitTestResult executionId="e892bac1-91cd-431a-b632-0020b55ef080" testId="d5e80fa0-1158-259c-03c3-7af83677b8b8" testName="HandleEvent_WithMinimalPayload_CheckReturnedQueueSendActionTask" computerName="TFSBUILD11" duration="00:00:00.0035723" startTime="2015-09-28T09:43:21.8429707-07:00" endTime="2015-09-28T09:43:21.8429707-07:00" testType="13cdc9d9-ddb5-4fa4-a97d-d965ccfc6d4b" outcome="Passed" testListId="8c84fa94-04c1-424b-9868-57a2d4851a1d" relativeResultsDirectory="e892bac1-91cd-431a-b632-0020b55ef080" />
    <UnitTestResult executionId="131806d5-2ba7-427a-950d-d9e4375e309c" testId="514a7a0f-56bf-861b-3d3d-30e612422a6a" testName="HandleEvent_FullPayload_CheckReturnedQueueSendActionTask" computerName="TFSBUILD11" duration="00:00:00.0088814" startTime="2015-09-28T09:43:21.8429707-07:00" endTime="2015-09-28T09:43:21.8585963-07:00" testType="13cdc9d9-ddb5-4fa4-a97d-d965ccfc6d4b" outcome="Passed" testListId="8c84fa94-04c1-424b-9868-57a2d4851a1d" relativeResultsDirectory="131806d5-2ba7-427a-950d-d9e4375e309c" />
    <UnitTestResult executionId="ba5182ea-563a-444b-a12a-69bcfc15b2af" testId="47440c80-b823-5bb9-c5ee-028b832e8b32" testName="HandleEvent_BypassSerialization_CheckReturnedQueueSendActionTask" computerName="TFSBUILD11" duration="00:00:00.0023739" startTime="2015-09-28T09:43:21.8585963-07:00" endTime="2015-09-28T09:43:21.8585963-07:00" testType="13cdc9d9-ddb5-4fa4-a97d-d965ccfc6d4b" outcome="Passed" testListId="8c84fa94-04c1-424b-9868-57a2d4851a1d" relativeResultsDirectory="ba5182ea-563a-444b-a12a-69bcfc15b2af" />
    <UnitTestResult executionId="9034990c-58e3-4e16-9db9-1e1350345c45" testId="2015841b-fbf2-76d7-bc7a-d52fabc45528" testName="GetInputValues_UnknownInput_ShouldReturnNull" computerName="TFSBUILD11" duration="00:00:00.0021082" startTime="2015-09-28T09:43:21.8585963-07:00" endTime="2015-09-28T09:43:21.8585963-07:00" testType="13cdc9d9-ddb5-4fa4-a97d-d965ccfc6d4b" outcome="Passed" testListId="8c84fa94-04c1-424b-9868-57a2d4851a1d" relativeResultsDirectory="9034990c-58e3-4e16-9db9-1e1350345c45" />
    <UnitTestResult executionId="b2e459ae-27de-433c-a157-73924cbff83e" testId="ffbbfa1e-d7cb-431f-a9fc-b22eae674256" testName="GetInputValues_MinimumMandatoryServiceBusInputsNotMet_ReturnDefaultValue" computerName="TFSBUILD11" duration="00:00:00.0021364" startTime="2015-09-28T09:43:21.8585963-07:00" endTime="2015-09-28T09:43:21.8585963-07:00" testType="13cdc9d9-ddb5-4fa4-a97d-d965ccfc6d4b" outcome="Passed" testListId="8c84fa94-04c1-424b-9868-57a2d4851a1d" relativeResultsDirectory="b2e459ae-27de-433c-a157-73924cbff83e" />
    <UnitTestResult executionId="94f1539e-24df-49ae-83fc-25362e06195c" testId="508d2cf5-e255-a461-b3d8-40d2ba7c9cac" testName="GetInputValues_InvalidConnectionString_ShouldReturnErrorConnectionStringNotValid" computerName="TFSBUILD11" duration="00:00:00.0021927" startTime="2015-09-28T09:43:21.8585963-07:00" endTime="2015-09-28T09:43:21.8585963-07:00" testType="13cdc9d9-ddb5-4fa4-a97d-d965ccfc6d4b" outcome="Passed" testListId="8c84fa94-04c1-424b-9868-57a2d4851a1d" relativeResultsDirectory="94f1539e-24df-49ae-83fc-25362e06195c" />
    <UnitTestResult executionId="73621756-8b88-4e9a-a057-678dec103b6c" testId="a7eb4aa7-1614-a5e0-83c3-e8434bb173dd" testName="GetInputValues_UanuthorizedConnectionString_ShouldReturnErrorNotauthorized" computerName="TFSBUILD11" duration="00:00:00.0028495" startTime="2015-09-28T09:43:21.8585963-07:00" endTime="2015-09-28T09:43:21.8585963-07:00" testType="13cdc9d9-ddb5-4fa4-a97d-d965ccfc6d4b" outcome="Passed" testListId="8c84fa94-04c1-424b-9868-57a2d4851a1d" relativeResultsDirectory="73621756-8b88-4e9a-a057-678dec103b6c" />
    <UnitTestResult executionId="060282ef-eb2c-4b2a-99ce-5215f3235566" testId="24af9b2b-9120-fbdc-a283-b2d9423359a9" testName="GetInputValues_Exception_ShouldReturnErrorMessage" computerName="TFSBUILD11" duration="00:00:00.0028620" startTime="2015-09-28T09:43:21.8585963-07:00" endTime="2015-09-28T09:43:21.8742230-07:00" testType="13cdc9d9-ddb5-4fa4-a97d-d965ccfc6d4b" outcome="Passed" testListId="8c84fa94-04c1-424b-9868-57a2d4851a1d" relativeResultsDirectory="060282ef-eb2c-4b2a-99ce-5215f3235566" />
    <UnitTestResult executionId="29008c61-88ac-42a0-b3a8-3e17e387883f" testId="67235152-86af-3033-6afc-c0bfea649535" testName="Id_CheckExpected" computerName="TFSBUILD11" duration="00:00:00.0000395" startTime="2015-09-28T09:43:21.8742230-07:00" endTime="2015-09-28T09:43:21.8742230-07:00" testType="13cdc9d9-ddb5-4fa4-a97d-d965ccfc6d4b" outcome="Passed" testListId="8c84fa94-04c1-424b-9868-57a2d4851a1d" relativeResultsDirectory="29008c61-88ac-42a0-b3a8-3e17e387883f" />
    <UnitTestResult executionId="c8e53762-a84a-49a5-8762-5692f865b0e0" testId="479c95cb-c81e-aad2-ec14-73bfc7677e87" testName="ConsumerId_CheckExpected" computerName="TFSBUILD11" duration="00:00:00.0000056" startTime="2015-09-28T09:43:21.8742230-07:00" endTime="2015-09-28T09:43:21.8742230-07:00" testType="13cdc9d9-ddb5-4fa4-a97d-d965ccfc6d4b" outcome="Passed" testListId="8c84fa94-04c1-424b-9868-57a2d4851a1d" relativeResultsDirectory="c8e53762-a84a-49a5-8762-5692f865b0e0" />
    <UnitTestResult executionId="11318763-24f1-4333-b90e-927c2b7a2579" testId="0950cb0a-c3a9-1505-562d-567fafa6a50d" testName="Name_CheckExpected" computerName="TFSBUILD11" duration="00:00:00.0001459" startTime="2015-09-28T09:43:21.8742230-07:00" endTime="2015-09-28T09:43:21.8742230-07:00" testType="13cdc9d9-ddb5-4fa4-a97d-d965ccfc6d4b" outcome="Passed" testListId="8c84fa94-04c1-424b-9868-57a2d4851a1d" relativeResultsDirectory="11318763-24f1-4333-b90e-927c2b7a2579" />
    <UnitTestResult executionId="1eae14ed-3e71-4e73-bd96-21c4db9305b5" testId="efeb9b08-f0ee-5a74-056a-368414fb474d" testName="Description_CheckExpected" computerName="TFSBUILD11" duration="00:00:00.0001359" startTime="2015-09-28T09:43:21.8742230-07:00" endTime="2015-09-28T09:43:21.8742230-07:00" testType="13cdc9d9-ddb5-4fa4-a97d-d965ccfc6d4b" outcome="Passed" testListId="8c84fa94-04c1-424b-9868-57a2d4851a1d" relativeResultsDirectory="1eae14ed-3e71-4e73-bd96-21c4db9305b5" />
    <UnitTestResult executionId="a33e2c69-0c7b-482f-a62d-f865d60e69e0" testId="6ae75763-985b-4f06-f525-54e49b625390" testName="SupportedEventTypes_CheckExpected" computerName="TFSBUILD11" duration="00:00:00.0000108" startTime="2015-09-28T09:43:21.8742230-07:00" endTime="2015-09-28T09:43:21.8742230-07:00" testType="13cdc9d9-ddb5-4fa4-a97d-d965ccfc6d4b" outcome="Passed" testListId="8c84fa94-04c1-424b-9868-57a2d4851a1d" relativeResultsDirectory="a33e2c69-0c7b-482f-a62d-f865d60e69e0" />
    <UnitTestResult executionId="d1f4d228-5d35-447b-81ee-abb604b20eb1" testId="594ba0ee-ddbc-d4ae-e5d3-cc2e207251bf" testName="SupportedResourceVersions_CheckExpected" computerName="TFSBUILD11" duration="00:00:00.0000108" startTime="2015-09-28T09:43:21.8742230-07:00" endTime="2015-09-28T09:43:21.8742230-07:00" testType="13cdc9d9-ddb5-4fa4-a97d-d965ccfc6d4b" outcome="Passed" testListId="8c84fa94-04c1-424b-9868-57a2d4851a1d" relativeResultsDirectory="d1f4d228-5d35-447b-81ee-abb604b20eb1" />
    <UnitTestResult executionId="1d8702b0-1286-4b56-aefc-b5ad9ca126d2" testId="02e6f005-4c15-d7e4-bfea-4d02bcbf6e79" testName="AllowResourceVersionOverride_CheckExpected" computerName="TFSBUILD11" duration="00:00:00.0000076" startTime="2015-09-28T09:43:21.8742230-07:00" endTime="2015-09-28T09:43:21.8742230-07:00" testType="13cdc9d9-ddb5-4fa4-a97d-d965ccfc6d4b" outcome="Passed" testListId="8c84fa94-04c1-424b-9868-57a2d4851a1d" relativeResultsDirectory="1d8702b0-1286-4b56-aefc-b5ad9ca126d2" />
    <UnitTestResult executionId="8fce882a-d8f7-4824-afaa-a18060705a5d" testId="2436226a-7f01-868f-037f-2ab76c0ce2e8" testName="InputDescriptors_CheckExpected" computerName="TFSBUILD11" duration="00:00:00.0021549" startTime="2015-09-28T09:43:21.8742230-07:00" endTime="2015-09-28T09:43:21.8742230-07:00" testType="13cdc9d9-ddb5-4fa4-a97d-d965ccfc6d4b" outcome="Passed" testListId="8c84fa94-04c1-424b-9868-57a2d4851a1d" relativeResultsDirectory="8fce882a-d8f7-4824-afaa-a18060705a5d" />
    <UnitTestResult executionId="ab5cf261-285a-431f-9f71-1efd471f5d8a" testId="a9a455f7-2425-fcfe-ea5b-f86f288f0218" testName="Run_TopicDoesNotExists_CheckTopicCreatedAndMessageSent" computerName="TFSBUILD11" duration="00:00:00.0246624" startTime="2015-09-28T09:43:21.8742230-07:00" endTime="2015-09-28T09:43:21.8898491-07:00" testType="13cdc9d9-ddb5-4fa4-a97d-d965ccfc6d4b" outcome="Passed" testListId="8c84fa94-04c1-424b-9868-57a2d4851a1d" relativeResultsDirectory="ab5cf261-285a-431f-9f71-1efd471f5d8a" />
    <UnitTestResult executionId="121dd051-cd23-4bd2-8d99-810d727d0de7" testId="5862ef0b-2ead-1913-e711-d890de74a12e" testName="Run_TopicAlreadyExists_CheckMessageSent" computerName="TFSBUILD11" duration="00:00:00.0066667" startTime="2015-09-28T09:43:21.8898491-07:00" endTime="2015-09-28T09:43:21.9054755-07:00" testType="13cdc9d9-ddb5-4fa4-a97d-d965ccfc6d4b" outcome="Passed" testListId="8c84fa94-04c1-424b-9868-57a2d4851a1d" relativeResultsDirectory="121dd051-cd23-4bd2-8d99-810d727d0de7" />
    <UnitTestResult executionId="e436858d-f1c1-41c0-b0f0-ab8f92d71900" testId="28584c59-c96a-f483-7be4-389fb19fc7e4" testName="Run_TopicAlreadyExists_CheckMessageSentBypassSerializer" computerName="TFSBUILD11" duration="00:00:00.0066744" startTime="2015-09-28T09:43:21.9054755-07:00" endTime="2015-09-28T09:43:21.9054755-07:00" testType="13cdc9d9-ddb5-4fa4-a97d-d965ccfc6d4b" outcome="Passed" testListId="8c84fa94-04c1-424b-9868-57a2d4851a1d" relativeResultsDirectory="e436858d-f1c1-41c0-b0f0-ab8f92d71900" />
    <UnitTestResult executionId="270e22ac-0206-4d22-9398-e72497e3467f" testId="ef5c1d7e-c8dd-f0df-0354-5bc91196e0fc" testName="GetInputValues_ReturnOptionsForCombo" computerName="TFSBUILD11" duration="00:00:00.0052815" startTime="2015-09-28T09:43:21.9054755-07:00" endTime="2015-09-28T09:43:21.9211016-07:00" testType="13cdc9d9-ddb5-4fa4-a97d-d965ccfc6d4b" outcome="Passed" testListId="8c84fa94-04c1-424b-9868-57a2d4851a1d" relativeResultsDirectory="270e22ac-0206-4d22-9398-e72497e3467f" />
    <UnitTestResult executionId="f1ae9c76-83f6-443c-9cfe-4d3c0fe9040b" testId="6f1cbe92-58d7-757e-9151-ca591edfb0a2" testName="HandleEvent_WithMinimalPayload_CheckReturnedTopicSendActionTask" computerName="TFSBUILD11" duration="00:00:00.0031991" startTime="2015-09-28T09:43:21.9211016-07:00" endTime="2015-09-28T09:43:21.9211016-07:00" testType="13cdc9d9-ddb5-4fa4-a97d-d965ccfc6d4b" outcome="Passed" testListId="8c84fa94-04c1-424b-9868-57a2d4851a1d" relativeResultsDirectory="f1ae9c76-83f6-443c-9cfe-4d3c0fe9040b" />
    <UnitTestResult executionId="6bd59bb6-49c6-4bfa-a87a-1567c2c782e2" testId="d782249d-21a5-a838-7a6b-c85907be1c22" testName="HandleEvent_FullPayload_CheckReturnedTopicSendActionTask" computerName="TFSBUILD11" duration="00:00:00.0021350" startTime="2015-09-28T09:43:21.9211016-07:00" endTime="2015-09-28T09:43:21.9211016-07:00" testType="13cdc9d9-ddb5-4fa4-a97d-d965ccfc6d4b" outcome="Passed" testListId="8c84fa94-04c1-424b-9868-57a2d4851a1d" relativeResultsDirectory="6bd59bb6-49c6-4bfa-a87a-1567c2c782e2" />
    <UnitTestResult executionId="fb7c0007-553b-4e56-a379-6acd4a4b7773" testId="01cce21d-fc39-2474-4f6e-2f33417dc062" testName="HandleEvent_BypassSerialization_CheckReturnedTopicSendActionTask" computerName="TFSBUILD11" duration="00:00:00.0020937" startTime="2015-09-28T09:43:21.9211016-07:00" endTime="2015-09-28T09:43:21.9211016-07:00" testType="13cdc9d9-ddb5-4fa4-a97d-d965ccfc6d4b" outcome="Passed" testListId="8c84fa94-04c1-424b-9868-57a2d4851a1d" relativeResultsDirectory="fb7c0007-553b-4e56-a379-6acd4a4b7773" />
    <UnitTestResult executionId="f91cae36-180c-48ab-a8fb-ee349b77709b" testId="b06d5479-3661-92ec-e8cb-b70c04f21a31" testName="GetInputValues_UnknownInput_ShouldReturnNull" computerName="TFSBUILD11" duration="00:00:00.0019160" startTime="2015-09-28T09:43:21.9211016-07:00" endTime="2015-09-28T09:43:21.9211016-07:00" testType="13cdc9d9-ddb5-4fa4-a97d-d965ccfc6d4b" outcome="Passed" testListId="8c84fa94-04c1-424b-9868-57a2d4851a1d" relativeResultsDirectory="f91cae36-180c-48ab-a8fb-ee349b77709b" />
    <UnitTestResult executionId="b730f53e-fc56-46e7-9182-9768f19c1f36" testId="a93ce790-f3f2-d017-8a67-51084a512f6d" testName="GetInputValues_MinimumMandatoryServiceBusInputsNotMet_ReturnDefaultValue" computerName="TFSBUILD11" duration="00:00:00.0019470" startTime="2015-09-28T09:43:21.9211016-07:00" endTime="2015-09-28T09:43:21.9367271-07:00" testType="13cdc9d9-ddb5-4fa4-a97d-d965ccfc6d4b" outcome="Passed" testListId="8c84fa94-04c1-424b-9868-57a2d4851a1d" relativeResultsDirectory="b730f53e-fc56-46e7-9182-9768f19c1f36" />
    <UnitTestResult executionId="f8579266-bfc8-474c-9662-1d0b187968df" testId="9eb24ecf-d4c8-ac46-6d5c-53462b1398f8" testName="GetInputValues_InvalidConnectionString_ShouldReturnErrorConnectionStringNotValid" computerName="TFSBUILD11" duration="00:00:00.0021119" startTime="2015-09-28T09:43:21.9367271-07:00" endTime="2015-09-28T09:43:21.9367271-07:00" testType="13cdc9d9-ddb5-4fa4-a97d-d965ccfc6d4b" outcome="Passed" testListId="8c84fa94-04c1-424b-9868-57a2d4851a1d" relativeResultsDirectory="f8579266-bfc8-474c-9662-1d0b187968df" />
    <UnitTestResult executionId="84e76eba-96d7-4b8f-a671-7f1cd73d5e73" testId="4922f760-9254-9791-e824-6b6bc683a989" testName="GetInputValues_UanuthorizedConnectionString_ShouldReturnErrorNotauthorized" computerName="TFSBUILD11" duration="00:00:00.0028037" startTime="2015-09-28T09:43:21.9367271-07:00" endTime="2015-09-28T09:43:21.9367271-07:00" testType="13cdc9d9-ddb5-4fa4-a97d-d965ccfc6d4b" outcome="Passed" testListId="8c84fa94-04c1-424b-9868-57a2d4851a1d" relativeResultsDirectory="84e76eba-96d7-4b8f-a671-7f1cd73d5e73" />
    <UnitTestResult executionId="f947976b-2273-4872-998e-39bab3566e1b" testId="085741a6-8893-765c-976b-ed8329fa761f" testName="GetInputValues_Exception_ShouldReturnErrorMessage" computerName="TFSBUILD11" duration="00:00:00.0026146" startTime="2015-09-28T09:43:21.9367271-07:00" endTime="2015-09-28T09:43:21.9367271-07:00" testType="13cdc9d9-ddb5-4fa4-a97d-d965ccfc6d4b" outcome="Passed" testListId="8c84fa94-04c1-424b-9868-57a2d4851a1d" relativeResultsDirectory="f947976b-2273-4872-998e-39bab3566e1b" />
    <UnitTestResult executionId="ade18e89-4794-4529-9ea9-614fade47b9b" testId="025d8662-04f1-33b2-b862-2f8ae0147fcd" testName="Id_CheckExpected" computerName="TFSBUILD11" duration="00:00:00.0000372" startTime="2015-09-28T09:43:21.9367271-07:00" endTime="2015-09-28T09:43:21.9367271-07:00" testType="13cdc9d9-ddb5-4fa4-a97d-d965ccfc6d4b" outcome="Passed" testListId="8c84fa94-04c1-424b-9868-57a2d4851a1d" relativeResultsDirectory="ade18e89-4794-4529-9ea9-614fade47b9b" />
    <UnitTestResult executionId="a3aeca3e-962f-42c9-b2fb-718652b54a60" testId="81984337-b057-e1cc-2d49-c73ea034be9b" testName="ConsumerId_CheckExpected" computerName="TFSBUILD11" duration="00:00:00.0000062" startTime="2015-09-28T09:43:21.9367271-07:00" endTime="2015-09-28T09:43:21.9367271-07:00" testType="13cdc9d9-ddb5-4fa4-a97d-d965ccfc6d4b" outcome="Passed" testListId="8c84fa94-04c1-424b-9868-57a2d4851a1d" relativeResultsDirectory="a3aeca3e-962f-42c9-b2fb-718652b54a60" />
    <UnitTestResult executionId="198cf3aa-6082-47a5-80df-d1246809cf5a" testId="6ef57013-4160-cf27-4433-b8754523e03e" testName="Name_CheckExpected" computerName="TFSBUILD11" duration="00:00:00.0001444" startTime="2015-09-28T09:43:21.9367271-07:00" endTime="2015-09-28T09:43:21.9367271-07:00" testType="13cdc9d9-ddb5-4fa4-a97d-d965ccfc6d4b" outcome="Passed" testListId="8c84fa94-04c1-424b-9868-57a2d4851a1d" relativeResultsDirectory="198cf3aa-6082-47a5-80df-d1246809cf5a" />
    <UnitTestResult executionId="26593844-f7eb-436a-b7c9-36c15b756469" testId="434b8941-22c5-9845-1f35-ce150d860225" testName="Description_CheckExpected" computerName="TFSBUILD11" duration="00:00:00.0001294" startTime="2015-09-28T09:43:21.9367271-07:00" endTime="2015-09-28T09:43:21.9367271-07:00" testType="13cdc9d9-ddb5-4fa4-a97d-d965ccfc6d4b" outcome="Passed" testListId="8c84fa94-04c1-424b-9868-57a2d4851a1d" relativeResultsDirectory="26593844-f7eb-436a-b7c9-36c15b756469" />
    <UnitTestResult executionId="16c21846-2550-4d04-8c90-20d479ecc06f" testId="98534dcf-fe2f-08f8-05b1-9a40a80b9942" testName="SupportedEventTypes_CheckExpected" computerName="TFSBUILD11" duration="00:00:00.0000102" startTime="2015-09-28T09:43:21.9367271-07:00" endTime="2015-09-28T09:43:21.9367271-07:00" testType="13cdc9d9-ddb5-4fa4-a97d-d965ccfc6d4b" outcome="Passed" testListId="8c84fa94-04c1-424b-9868-57a2d4851a1d" relativeResultsDirectory="16c21846-2550-4d04-8c90-20d479ecc06f" />
    <UnitTestResult executionId="1b845939-4fa3-4101-952c-6e9fb5d213b6" testId="28122e8e-5081-0fb4-97a6-dfa6af869e0b" testName="SupportedResourceVersions_CheckExpected" computerName="TFSBUILD11" duration="00:00:00.0000102" startTime="2015-09-28T09:43:21.9367271-07:00" endTime="2015-09-28T09:43:21.9367271-07:00" testType="13cdc9d9-ddb5-4fa4-a97d-d965ccfc6d4b" outcome="Passed" testListId="8c84fa94-04c1-424b-9868-57a2d4851a1d" relativeResultsDirectory="1b845939-4fa3-4101-952c-6e9fb5d213b6" />
    <UnitTestResult executionId="2607a3f3-9c95-4f1e-80d8-7fae6cacf7bb" testId="b911cbcd-e31c-bbfc-5e96-4f6716edfd59" testName="AllowResourceVersionOverride_CheckExpected" computerName="TFSBUILD11" duration="00:00:00.0000068" startTime="2015-09-28T09:43:21.9367271-07:00" endTime="2015-09-28T09:43:21.9367271-07:00" testType="13cdc9d9-ddb5-4fa4-a97d-d965ccfc6d4b" outcome="Passed" testListId="8c84fa94-04c1-424b-9868-57a2d4851a1d" relativeResultsDirectory="2607a3f3-9c95-4f1e-80d8-7fae6cacf7bb" />
    <UnitTestResult executionId="77227cf3-9363-4272-b7ae-a779c01254f5" testId="bd03a5a0-4978-20a1-e97e-afc3bf45ecd3" testName="InputDescriptors_CheckExpected" computerName="TFSBUILD11" duration="00:00:00.0015897" startTime="2015-09-28T09:43:21.9367271-07:00" endTime="2015-09-28T09:43:21.9367271-07:00" testType="13cdc9d9-ddb5-4fa4-a97d-d965ccfc6d4b" outcome="Passed" testListId="8c84fa94-04c1-424b-9868-57a2d4851a1d" relativeResultsDirectory="77227cf3-9363-4272-b7ae-a779c01254f5" />
    <UnitTestResult executionId="09e418c0-4e43-4079-8e80-ef6df42eef7f" testId="f8ef3196-0af2-b1f8-64d9-08fe16c83f22" testName="GetActionDescription_ShouldReturnDescriptionWithAccountAndQueueName" computerName="TFSBUILD11" duration="00:00:00.0026416" startTime="2015-09-28T09:43:21.9367271-07:00" endTime="2015-09-28T09:43:21.9367271-07:00" testType="13cdc9d9-ddb5-4fa4-a97d-d965ccfc6d4b" outcome="Passed" testListId="8c84fa94-04c1-424b-9868-57a2d4851a1d" relativeResultsDirectory="09e418c0-4e43-4079-8e80-ef6df42eef7f" />
    <UnitTestResult executionId="c7209daa-7f83-435d-931a-56788265e4a2" testId="34c7ae60-b613-375b-a6f6-b60262886b2c" testName="Id_CheckExpected" computerName="TFSBUILD11" duration="00:00:00.0000924" startTime="2015-09-28T09:43:21.9367271-07:00" endTime="2015-09-28T09:43:21.9367271-07:00" testType="13cdc9d9-ddb5-4fa4-a97d-d965ccfc6d4b" outcome="Passed" testListId="8c84fa94-04c1-424b-9868-57a2d4851a1d" relativeResultsDirectory="c7209daa-7f83-435d-931a-56788265e4a2" />
    <UnitTestResult executionId="9a70dc3f-92d5-46e8-9b6c-a470c2a94d84" testId="2bd82f5e-985c-5785-3295-c92f743fd6d3" testName="ConsumerId_CheckExpected" computerName="TFSBUILD11" duration="00:00:00.0000554" startTime="2015-09-28T09:43:21.9367271-07:00" endTime="2015-09-28T09:43:21.9367271-07:00" testType="13cdc9d9-ddb5-4fa4-a97d-d965ccfc6d4b" outcome="Passed" testListId="8c84fa94-04c1-424b-9868-57a2d4851a1d" relativeResultsDirectory="9a70dc3f-92d5-46e8-9b6c-a470c2a94d84" />
    <UnitTestResult executionId="a96c690f-7cbc-4a2a-8ce8-a12e82b64cea" testId="d64298bc-3e88-adb4-f0b7-2afd97c6cb53" testName="Name_CheckExpected" computerName="TFSBUILD11" duration="00:00:00.0001342" startTime="2015-09-28T09:43:21.9367271-07:00" endTime="2015-09-28T09:43:21.9523535-07:00" testType="13cdc9d9-ddb5-4fa4-a97d-d965ccfc6d4b" outcome="Passed" testListId="8c84fa94-04c1-424b-9868-57a2d4851a1d" relativeResultsDirectory="a96c690f-7cbc-4a2a-8ce8-a12e82b64cea" />
    <UnitTestResult executionId="693cae38-5dca-4788-9cba-bc28cab50817" testId="4dc73b38-297d-d51e-bc40-112715adc8eb" testName="Description_CheckExpected" computerName="TFSBUILD11" duration="00:00:00.0001285" startTime="2015-09-28T09:43:21.9523535-07:00" endTime="2015-09-28T09:43:21.9523535-07:00" testType="13cdc9d9-ddb5-4fa4-a97d-d965ccfc6d4b" outcome="Passed" testListId="8c84fa94-04c1-424b-9868-57a2d4851a1d" relativeResultsDirectory="693cae38-5dca-4788-9cba-bc28cab50817" />
    <UnitTestResult executionId="6b8e4136-1d5e-4609-9875-143790e2432f" testId="3ce42e82-f3ac-8f20-2d95-02daa4c1d4e6" testName="SupportedEventTypes_CheckExpected" computerName="TFSBUILD11" duration="00:00:00.0002011" startTime="2015-09-28T09:43:21.9523535-07:00" endTime="2015-09-28T09:43:21.9523535-07:00" testType="13cdc9d9-ddb5-4fa4-a97d-d965ccfc6d4b" outcome="Passed" testListId="8c84fa94-04c1-424b-9868-57a2d4851a1d" relativeResultsDirectory="6b8e4136-1d5e-4609-9875-143790e2432f" />
    <UnitTestResult executionId="abcb835b-4e21-4bae-83c6-47b027db30b5" testId="af658463-c261-ec74-6264-2c5bfc90f5da" testName="SupportedResourceVersions_CheckExpected" computerName="TFSBUILD11" duration="00:00:00.0001163" startTime="2015-09-28T09:43:21.9523535-07:00" endTime="2015-09-28T09:43:21.9523535-07:00" testType="13cdc9d9-ddb5-4fa4-a97d-d965ccfc6d4b" outcome="Passed" testListId="8c84fa94-04c1-424b-9868-57a2d4851a1d" relativeResultsDirectory="abcb835b-4e21-4bae-83c6-47b027db30b5" />
    <UnitTestResult executionId="12546a1a-1720-49a3-a424-fd3fc5371c5e" testId="ef5ba8e6-c4ce-e72b-29d8-edd45367f0a4" testName="AllowResourceVersionOverride_CheckExpected" computerName="TFSBUILD11" duration="00:00:00.0000446" startTime="2015-09-28T09:43:21.9523535-07:00" endTime="2015-09-28T09:43:21.9523535-07:00" testType="13cdc9d9-ddb5-4fa4-a97d-d965ccfc6d4b" outcome="Passed" testListId="8c84fa94-04c1-424b-9868-57a2d4851a1d" relativeResultsDirectory="12546a1a-1720-49a3-a424-fd3fc5371c5e" />
    <UnitTestResult executionId="ba1c4f46-b3cf-4b02-9794-2177ef21d16f" testId="6a40d476-6912-03d3-09e1-28f0da42b32a" testName="InputDescriptors_CheckExpected" computerName="TFSBUILD11" duration="00:00:00.0038462" startTime="2015-09-28T09:43:21.9523535-07:00" endTime="2015-09-28T09:43:21.9523535-07:00" testType="13cdc9d9-ddb5-4fa4-a97d-d965ccfc6d4b" outcome="Passed" testListId="8c84fa94-04c1-424b-9868-57a2d4851a1d" relativeResultsDirectory="ba1c4f46-b3cf-4b02-9794-2177ef21d16f" />
    <UnitTestResult executionId="420c7236-1ce6-4bd7-9278-0979ccf5fd4d" testId="fa25ef01-2e73-7360-a5a6-b49470e25a1c" testName="Id_CheckExpected" computerName="TFSBUILD11" duration="00:00:00.0000790" startTime="2015-09-28T09:43:21.9523535-07:00" endTime="2015-09-28T09:43:21.9523535-07:00" testType="13cdc9d9-ddb5-4fa4-a97d-d965ccfc6d4b" outcome="Passed" testListId="8c84fa94-04c1-424b-9868-57a2d4851a1d" relativeResultsDirectory="420c7236-1ce6-4bd7-9278-0979ccf5fd4d" />
    <UnitTestResult executionId="b4989139-6a88-4abf-96f0-a45e339d339a" testId="3c8ffe70-d2c3-893c-f59c-2d3b73c8a867" testName="Name_CheckExpected" computerName="TFSBUILD11" duration="00:00:00.0002961" startTime="2015-09-28T09:43:21.9523535-07:00" endTime="2015-09-28T09:43:21.9523535-07:00" testType="13cdc9d9-ddb5-4fa4-a97d-d965ccfc6d4b" outcome="Passed" testListId="8c84fa94-04c1-424b-9868-57a2d4851a1d" relativeResultsDirectory="b4989139-6a88-4abf-96f0-a45e339d339a" />
    <UnitTestResult executionId="ef28877c-93aa-4e80-838b-37e9dc7d868b" testId="ab0562fd-2d8d-c7fa-38b9-cb16c8196d82" testName="Description_CheckExpected" computerName="TFSBUILD11" duration="00:00:00.0000998" startTime="2015-09-28T09:43:21.9523535-07:00" endTime="2015-09-28T09:43:21.9523535-07:00" testType="13cdc9d9-ddb5-4fa4-a97d-d965ccfc6d4b" outcome="Passed" testListId="8c84fa94-04c1-424b-9868-57a2d4851a1d" relativeResultsDirectory="ef28877c-93aa-4e80-838b-37e9dc7d868b" />
    <UnitTestResult executionId="ec5ef896-cbc0-4061-84bf-877a484e46f4" testId="066fbd99-6432-dff8-9260-e82749cddb92" testName="InformationUrl_CheckExpected" computerName="TFSBUILD11" duration="00:00:00.0000321" startTime="2015-09-28T09:43:21.9523535-07:00" endTime="2015-09-28T09:43:21.9523535-07:00" testType="13cdc9d9-ddb5-4fa4-a97d-d965ccfc6d4b" outcome="Passed" testListId="8c84fa94-04c1-424b-9868-57a2d4851a1d" relativeResultsDirectory="ec5ef896-cbc0-4061-84bf-877a484e46f4" />
    <UnitTestResult executionId="c40c72d4-96f8-43a9-ad7e-867064496682" testId="579725a9-5725-b314-51a5-da48f5214b69" testName="ImageUrl_CheckExpected" computerName="TFSBUILD11" duration="00:00:00.0000358" startTime="2015-09-28T09:43:21.9523535-07:00" endTime="2015-09-28T09:43:21.9523535-07:00" testType="13cdc9d9-ddb5-4fa4-a97d-d965ccfc6d4b" outcome="Passed" testListId="8c84fa94-04c1-424b-9868-57a2d4851a1d" relativeResultsDirectory="c40c72d4-96f8-43a9-ad7e-867064496682" />
    <UnitTestResult executionId="064e7811-576c-402c-8163-f147332347ac" testId="faa08781-fc2c-b5f1-6f7a-2426ac3b1fb6" testName="AuthenticationType_CheckExpected" computerName="TFSBUILD11" duration="00:00:00.0000275" startTime="2015-09-28T09:43:21.9523535-07:00" endTime="2015-09-28T09:43:21.9523535-07:00" testType="13cdc9d9-ddb5-4fa4-a97d-d965ccfc6d4b" outcome="Passed" testListId="8c84fa94-04c1-424b-9868-57a2d4851a1d" relativeResultsDirectory="064e7811-576c-402c-8163-f147332347ac" />
    <UnitTestResult executionId="ab565347-6610-494a-aaac-b8951d1fde5a" testId="34a4b4eb-577f-f654-7b95-f6f1b64a6fe2" testName="ExternalConfiguration_CheckExpected" computerName="TFSBUILD11" duration="00:00:00.0000790" startTime="2015-09-28T09:43:21.9523535-07:00" endTime="2015-09-28T09:43:21.9523535-07:00" testType="13cdc9d9-ddb5-4fa4-a97d-d965ccfc6d4b" outcome="Passed" testListId="8c84fa94-04c1-424b-9868-57a2d4851a1d" relativeResultsDirectory="ab565347-6610-494a-aaac-b8951d1fde5a" />
    <UnitTestResult executionId="c74f8b65-9f19-408e-8ac6-0b18c0742158" testId="226e7065-3a65-e21e-88dd-1f23b38a264a" testName="InputDescriptors_CheckExpected" computerName="TFSBUILD11" duration="00:00:00.0000628" startTime="2015-09-28T09:43:21.9523535-07:00" endTime="2015-09-28T09:43:21.9523535-07:00" testType="13cdc9d9-ddb5-4fa4-a97d-d965ccfc6d4b" outcome="Passed" testListId="8c84fa94-04c1-424b-9868-57a2d4851a1d" relativeResultsDirectory="c74f8b65-9f19-408e-8ac6-0b18c0742158" />
    <UnitTestResult executionId="57a6c092-ae4f-44c8-b4af-d9a389272b71" testId="7bba5a19-806c-f3e7-32a4-4d9ae5232c14" testName="FeatureName_CheckExpected" computerName="TFSBUILD11" duration="00:00:00.0000054" startTime="2015-09-28T09:43:21.9523535-07:00" endTime="2015-09-28T09:43:21.9523535-07:00" testType="13cdc9d9-ddb5-4fa4-a97d-d965ccfc6d4b" outcome="Passed" testListId="8c84fa94-04c1-424b-9868-57a2d4851a1d" relativeResultsDirectory="57a6c092-ae4f-44c8-b4af-d9a389272b71" />
    <UnitTestResult executionId="09b759b8-30dd-4ae4-9901-7d5fe4828aec" testId="5407c569-467c-d32f-3168-4ef0d3e8b463" testName="HandleEvent_InputsOk_ShouldReturnHttpActionTaskConfiguredOk" computerName="TFSBUILD11" duration="00:00:00.0073824" startTime="2015-09-28T09:43:21.9523535-07:00" endTime="2015-09-28T09:43:21.9679799-07:00" testType="13cdc9d9-ddb5-4fa4-a97d-d965ccfc6d4b" outcome="Passed" testListId="8c84fa94-04c1-424b-9868-57a2d4851a1d" relativeResultsDirectory="09b759b8-30dd-4ae4-9901-7d5fe4828aec" />
    <UnitTestResult executionId="06966d60-d5c9-4458-9831-9333acacf40d" testId="f7f54496-3000-e7be-cd1d-b13cf74aaa3b" testName="Id_CheckExpected" computerName="TFSBUILD11" duration="00:00:00.0000500" startTime="2015-09-28T09:43:21.9679799-07:00" endTime="2015-09-28T09:43:21.9679799-07:00" testType="13cdc9d9-ddb5-4fa4-a97d-d965ccfc6d4b" outcome="Passed" testListId="8c84fa94-04c1-424b-9868-57a2d4851a1d" relativeResultsDirectory="06966d60-d5c9-4458-9831-9333acacf40d" />
    <UnitTestResult executionId="5a5056ef-bfd4-43d7-a18c-951a6cef12e7" testId="aabef6ca-f95e-f2e6-b8ff-93437254951f" testName="ConsumerId_CheckExpected" computerName="TFSBUILD11" duration="00:00:00.0000310" startTime="2015-09-28T09:43:21.9679799-07:00" endTime="2015-09-28T09:43:21.9679799-07:00" testType="13cdc9d9-ddb5-4fa4-a97d-d965ccfc6d4b" outcome="Passed" testListId="8c84fa94-04c1-424b-9868-57a2d4851a1d" relativeResultsDirectory="5a5056ef-bfd4-43d7-a18c-951a6cef12e7" />
    <UnitTestResult executionId="9cbcadca-1a4e-481f-8457-d4fa1d4999ff" testId="9bb30640-7a69-cac8-9047-e5c5472af074" testName="Name_CheckExpected" computerName="TFSBUILD11" duration="00:00:00.0001060" startTime="2015-09-28T09:43:21.9679799-07:00" endTime="2015-09-28T09:43:21.9679799-07:00" testType="13cdc9d9-ddb5-4fa4-a97d-d965ccfc6d4b" outcome="Passed" testListId="8c84fa94-04c1-424b-9868-57a2d4851a1d" relativeResultsDirectory="9cbcadca-1a4e-481f-8457-d4fa1d4999ff" />
    <UnitTestResult executionId="0e400c34-9fae-4726-8314-87fefa48a543" testId="5bb8c3f5-3bcb-6302-6ae8-333790ac637f" testName="Description_CheckExpected" computerName="TFSBUILD11" duration="00:00:00.0000978" startTime="2015-09-28T09:43:21.9679799-07:00" endTime="2015-09-28T09:43:21.9679799-07:00" testType="13cdc9d9-ddb5-4fa4-a97d-d965ccfc6d4b" outcome="Passed" testListId="8c84fa94-04c1-424b-9868-57a2d4851a1d" relativeResultsDirectory="0e400c34-9fae-4726-8314-87fefa48a543" />
    <UnitTestResult executionId="eb2b03d7-99e4-4a56-862d-ae387bb9d79c" testId="9a463a03-2e19-e5b2-f92e-df5f7fac42f8" testName="SupportedEventTypes_CheckExpected" computerName="TFSBUILD11" duration="00:00:00.0000574" startTime="2015-09-28T09:43:21.9679799-07:00" endTime="2015-09-28T09:43:21.9679799-07:00" testType="13cdc9d9-ddb5-4fa4-a97d-d965ccfc6d4b" outcome="Passed" testListId="8c84fa94-04c1-424b-9868-57a2d4851a1d" relativeResultsDirectory="eb2b03d7-99e4-4a56-862d-ae387bb9d79c" />
    <UnitTestResult executionId="2d9d3222-6a19-41bf-b935-ebafcbc88a33" testId="e9e2368e-96dd-a207-4d40-904e3967d04d" testName="SupportedResourceVersions_CheckExpected" computerName="TFSBUILD11" duration="00:00:00.0004807" startTime="2015-09-28T09:43:21.9679799-07:00" endTime="2015-09-28T09:43:21.9679799-07:00" testType="13cdc9d9-ddb5-4fa4-a97d-d965ccfc6d4b" outcome="Passed" testListId="8c84fa94-04c1-424b-9868-57a2d4851a1d" relativeResultsDirectory="2d9d3222-6a19-41bf-b935-ebafcbc88a33" />
    <UnitTestResult executionId="bf934d99-5e27-41ee-9812-d6e95829bdf5" testId="5ca64c14-893b-96a5-b813-5ad4cd3ae46a" testName="AllowResourceVersionOverride_CheckExpected" computerName="TFSBUILD11" duration="00:00:00.0000423" startTime="2015-09-28T09:43:21.9679799-07:00" endTime="2015-09-28T09:43:21.9679799-07:00" testType="13cdc9d9-ddb5-4fa4-a97d-d965ccfc6d4b" outcome="Passed" testListId="8c84fa94-04c1-424b-9868-57a2d4851a1d" relativeResultsDirectory="bf934d99-5e27-41ee-9812-d6e95829bdf5" />
    <UnitTestResult executionId="f5dbef2c-c492-413a-bd2b-1e281d2e57d1" testId="b48f11d4-cf9f-6492-0b37-bb0fa41c6bfd" testName="InputDescriptors_CheckExpected" computerName="TFSBUILD11" duration="00:00:00.0006052" startTime="2015-09-28T09:43:21.9679799-07:00" endTime="2015-09-28T09:43:21.9679799-07:00" testType="13cdc9d9-ddb5-4fa4-a97d-d965ccfc6d4b" outcome="Passed" testListId="8c84fa94-04c1-424b-9868-57a2d4851a1d" relativeResultsDirectory="f5dbef2c-c492-413a-bd2b-1e281d2e57d1" />
    <UnitTestResult executionId="70ba00d9-c039-4aef-ae7c-c78186288a85" testId="8c4293f9-7d59-9a7d-ae46-acf21ee8a4c5" testName="Id_CheckExpected" computerName="TFSBUILD11" duration="00:00:00.0000796" startTime="2015-09-28T09:43:21.9679799-07:00" endTime="2015-09-28T09:43:21.9679799-07:00" testType="13cdc9d9-ddb5-4fa4-a97d-d965ccfc6d4b" outcome="Passed" testListId="8c84fa94-04c1-424b-9868-57a2d4851a1d" relativeResultsDirectory="70ba00d9-c039-4aef-ae7c-c78186288a85" />
    <UnitTestResult executionId="bbdf7e2a-7f0b-4635-b6b0-32573c29da20" testId="e0e1ae0d-5bd2-5d37-0a04-7a68b48ca445" testName="Name_CheckExpected" computerName="TFSBUILD11" duration="00:00:00.0003219" startTime="2015-09-28T09:43:21.9679799-07:00" endTime="2015-09-28T09:43:21.9679799-07:00" testType="13cdc9d9-ddb5-4fa4-a97d-d965ccfc6d4b" outcome="Passed" testListId="8c84fa94-04c1-424b-9868-57a2d4851a1d" relativeResultsDirectory="bbdf7e2a-7f0b-4635-b6b0-32573c29da20" />
    <UnitTestResult executionId="894b23ea-ad15-4a4e-ad57-ee5ac13fc060" testId="f5c4e8e4-e994-05bf-b292-9a5e786a7c0a" testName="Description_CheckExpected" computerName="TFSBUILD11" duration="00:00:00.0001026" startTime="2015-09-28T09:43:21.9679799-07:00" endTime="2015-09-28T09:43:21.9679799-07:00" testType="13cdc9d9-ddb5-4fa4-a97d-d965ccfc6d4b" outcome="Passed" testListId="8c84fa94-04c1-424b-9868-57a2d4851a1d" relativeResultsDirectory="894b23ea-ad15-4a4e-ad57-ee5ac13fc060" />
    <UnitTestResult executionId="d6ec2e0b-2598-41d7-b601-9bd0c5f9a248" testId="d9d84486-3236-6cbc-3676-95da6c640a9c" testName="InformationUrl_CheckExpected" computerName="TFSBUILD11" duration="00:00:00.0000329" startTime="2015-09-28T09:43:21.9679799-07:00" endTime="2015-09-28T09:43:21.9679799-07:00" testType="13cdc9d9-ddb5-4fa4-a97d-d965ccfc6d4b" outcome="Passed" testListId="8c84fa94-04c1-424b-9868-57a2d4851a1d" relativeResultsDirectory="d6ec2e0b-2598-41d7-b601-9bd0c5f9a248" />
    <UnitTestResult executionId="32ec315d-b4ce-4b99-960f-bd7077b50cf5" testId="45eec3ef-0810-af06-7be1-20d8e6718f49" testName="ImageUrl_CheckExpected" computerName="TFSBUILD11" duration="00:00:00.0000347" startTime="2015-09-28T09:43:21.9679799-07:00" endTime="2015-09-28T09:43:21.9679799-07:00" testType="13cdc9d9-ddb5-4fa4-a97d-d965ccfc6d4b" outcome="Passed" testListId="8c84fa94-04c1-424b-9868-57a2d4851a1d" relativeResultsDirectory="32ec315d-b4ce-4b99-960f-bd7077b50cf5" />
    <UnitTestResult executionId="dbc45f64-ffa7-4954-b22f-3844c06ce3b8" testId="46412089-1a0f-94c9-b5e3-6d8164929b6f" testName="AuthenticationType_CheckExpected" computerName="TFSBUILD11" duration="00:00:00.0000290" startTime="2015-09-28T09:43:21.9679799-07:00" endTime="2015-09-28T09:43:21.9679799-07:00" testType="13cdc9d9-ddb5-4fa4-a97d-d965ccfc6d4b" outcome="Passed" testListId="8c84fa94-04c1-424b-9868-57a2d4851a1d" relativeResultsDirectory="dbc45f64-ffa7-4954-b22f-3844c06ce3b8" />
    <UnitTestResult executionId="852a8fcb-e907-4357-b8d9-c414e6cbcfaa" testId="067f248e-475b-2d67-4831-b1d6644a8b30" testName="ExternalConfiguration_CheckExpected" computerName="TFSBUILD11" duration="00:00:00.0000750" startTime="2015-09-28T09:43:21.9679799-07:00" endTime="2015-09-28T09:43:21.9679799-07:00" testType="13cdc9d9-ddb5-4fa4-a97d-d965ccfc6d4b" outcome="Passed" testListId="8c84fa94-04c1-424b-9868-57a2d4851a1d" relativeResultsDirectory="852a8fcb-e907-4357-b8d9-c414e6cbcfaa" />
    <UnitTestResult executionId="98a2d35d-f7f0-4984-9f31-e876cfabd261" testId="bbf43e65-f00e-c0c9-17a0-b6ad2940957c" testName="InputDescriptors_CheckExpected" computerName="TFSBUILD11" duration="00:00:00.0000588" startTime="2015-09-28T09:43:21.9679799-07:00" endTime="2015-09-28T09:43:21.9679799-07:00" testType="13cdc9d9-ddb5-4fa4-a97d-d965ccfc6d4b" outcome="Passed" testListId="8c84fa94-04c1-424b-9868-57a2d4851a1d" relativeResultsDirectory="98a2d35d-f7f0-4984-9f31-e876cfabd261" />
    <UnitTestResult executionId="92e13099-c3c0-4c99-aeb4-4d61371db64e" testId="9d88a323-1ef5-ba1e-dbcf-d3425b106dc3" testName="FeatureName_CheckExpected" computerName="TFSBUILD11" duration="00:00:00.0000048" startTime="2015-09-28T09:43:21.9679799-07:00" endTime="2015-09-28T09:43:21.9679799-07:00" testType="13cdc9d9-ddb5-4fa4-a97d-d965ccfc6d4b" outcome="Passed" testListId="8c84fa94-04c1-424b-9868-57a2d4851a1d" relativeResultsDirectory="92e13099-c3c0-4c99-aeb4-4d61371db64e" />
    <UnitTestResult executionId="b333ec99-bfd9-41ad-ba84-d4d218b79c68" testId="1cd9ae1c-ac5b-b4f9-8e57-b91612e7458f" testName="HandleEvent_InputsOk_ShouldReturnHttpActionTaskConfiguredOk" computerName="TFSBUILD11" duration="00:00:00.0044248" startTime="2015-09-28T09:43:21.9679799-07:00" endTime="2015-09-28T09:43:21.9679799-07:00" testType="13cdc9d9-ddb5-4fa4-a97d-d965ccfc6d4b" outcome="Passed" testListId="8c84fa94-04c1-424b-9868-57a2d4851a1d" relativeResultsDirectory="b333ec99-bfd9-41ad-ba84-d4d218b79c68" />
    <UnitTestResult executionId="d50b988f-d18f-4009-8e1b-082cdc530826" testId="c07dccf5-44b0-b70c-559c-9237851a4142" testName="Id_CheckExpected" computerName="TFSBUILD11" duration="00:00:00.0000546" startTime="2015-09-28T09:43:21.9679799-07:00" endTime="2015-09-28T09:43:21.9679799-07:00" testType="13cdc9d9-ddb5-4fa4-a97d-d965ccfc6d4b" outcome="Passed" testListId="8c84fa94-04c1-424b-9868-57a2d4851a1d" relativeResultsDirectory="d50b988f-d18f-4009-8e1b-082cdc530826" />
    <UnitTestResult executionId="f73cd602-a108-45d8-bbba-6cd7db065429" testId="707e0877-4446-02eb-4b7d-98d2ac0afba8" testName="ConsumerId_CheckExpected" computerName="TFSBUILD11" duration="00:00:00.0000310" startTime="2015-09-28T09:43:21.9679799-07:00" endTime="2015-09-28T09:43:21.9679799-07:00" testType="13cdc9d9-ddb5-4fa4-a97d-d965ccfc6d4b" outcome="Passed" testListId="8c84fa94-04c1-424b-9868-57a2d4851a1d" relativeResultsDirectory="f73cd602-a108-45d8-bbba-6cd7db065429" />
    <UnitTestResult executionId="efea504f-5e7a-4042-8cb1-65dbf9d3c360" testId="1c38d211-47b7-0a2c-0626-48653e45083f" testName="Name_CheckExpected" computerName="TFSBUILD11" duration="00:00:00.0001106" startTime="2015-09-28T09:43:21.9679799-07:00" endTime="2015-09-28T09:43:21.9679799-07:00" testType="13cdc9d9-ddb5-4fa4-a97d-d965ccfc6d4b" outcome="Passed" testListId="8c84fa94-04c1-424b-9868-57a2d4851a1d" relativeResultsDirectory="efea504f-5e7a-4042-8cb1-65dbf9d3c360" />
    <UnitTestResult executionId="2439db13-2a87-4f81-8a2f-493377167c66" testId="14cc475d-501f-e16e-8752-69082623d56d" testName="Description_CheckExpected" computerName="TFSBUILD11" duration="00:00:00.0001041" startTime="2015-09-28T09:43:21.9679799-07:00" endTime="2015-09-28T09:43:21.9679799-07:00" testType="13cdc9d9-ddb5-4fa4-a97d-d965ccfc6d4b" outcome="Passed" testListId="8c84fa94-04c1-424b-9868-57a2d4851a1d" relativeResultsDirectory="2439db13-2a87-4f81-8a2f-493377167c66" />
    <UnitTestResult executionId="d380abe2-8567-4e4a-97eb-4823f4b530e4" testId="902894f3-607b-35f1-4789-6878929b8ded" testName="SupportedEventTypes_CheckExpected" computerName="TFSBUILD11" duration="00:00:00.0000585" startTime="2015-09-28T09:43:21.9679799-07:00" endTime="2015-09-28T09:43:21.9679799-07:00" testType="13cdc9d9-ddb5-4fa4-a97d-d965ccfc6d4b" outcome="Passed" testListId="8c84fa94-04c1-424b-9868-57a2d4851a1d" relativeResultsDirectory="d380abe2-8567-4e4a-97eb-4823f4b530e4" />
    <UnitTestResult executionId="87a65201-2b96-4778-a1b1-b1c019171900" testId="e5297e84-364b-fe24-84d7-36cdd8d4809a" testName="SupportedResourceVersions_CheckExpected" computerName="TFSBUILD11" duration="00:00:00.0000483" startTime="2015-09-28T09:43:21.9679799-07:00" endTime="2015-09-28T09:43:21.9836052-07:00" testType="13cdc9d9-ddb5-4fa4-a97d-d965ccfc6d4b" outcome="Passed" testListId="8c84fa94-04c1-424b-9868-57a2d4851a1d" relativeResultsDirectory="87a65201-2b96-4778-a1b1-b1c019171900" />
    <UnitTestResult executionId="58474d5d-5b4b-4815-84fd-732e5e010ed1" testId="bb592d27-c348-3c32-b132-24d2c03b504d" testName="AllowResourceVersionOverride_CheckExpected" computerName="TFSBUILD11" duration="00:00:00.0000372" startTime="2015-09-28T09:43:21.9836052-07:00" endTime="2015-09-28T09:43:21.9836052-07:00" testType="13cdc9d9-ddb5-4fa4-a97d-d965ccfc6d4b" outcome="Passed" testListId="8c84fa94-04c1-424b-9868-57a2d4851a1d" relativeResultsDirectory="58474d5d-5b4b-4815-84fd-732e5e010ed1" />
    <UnitTestResult executionId="ad2e7a5e-afe0-47a0-81d9-d4d044718286" testId="5c2c5038-a320-00b1-a7fa-72e10898521a" testName="InputDescriptors_CheckExpected" computerName="TFSBUILD11" duration="00:00:00.0006533" startTime="2015-09-28T09:43:21.9836052-07:00" endTime="2015-09-28T09:43:21.9836052-07:00" testType="13cdc9d9-ddb5-4fa4-a97d-d965ccfc6d4b" outcome="Passed" testListId="8c84fa94-04c1-424b-9868-57a2d4851a1d" relativeResultsDirectory="ad2e7a5e-afe0-47a0-81d9-d4d044718286" />
  </Results>
  <TestDefinitions>
    <UnitTest name="HandleEvent_NoLinkedTickets_ShouldReturnNoopActionTask" storage="d:\v2.0\a1\_work\dbded102\bin\release.anycpu\servicehooks.service\ms.vs.services.servicehooks.consumers.l0.tests\ms.vs.services.servicehooks.consumers.l0.tests.dll" priority="1" id="afa586e6-6395-2a5d-78de-7a9b1e659d00">
      <Owners>
        <Owner name="v-bruca" />
      </Owners>
      <Execution id="8608a5af-4a9d-4810-9bc0-e99a2155bee4" />
      <TestMethod codeBase="D:\v2.0\A1\_work\dbded102\bin\Release.AnyCPU\ServiceHooks.Service\MS.VS.Services.ServiceHooks.Consumers.L0.Tests\MS.VS.Services.ServiceHooks.Consumers.L0.Tests.dll" adapterTypeName="Microsoft.VisualStudio.TestTools.TestTypes.Unit.UnitTestAdapter" className="MS.VS.Services.ServiceHooks.Consumers.L0.Tests.Zendesk.CreatePrivateCommentActionTests" name="HandleEvent_NoLinkedTickets_ShouldReturnNoopActionTask" />
    </UnitTest>
    <UnitTest name="HandleEvent_CommentNotElegible_ShouldReturnNoopActionTask" storage="d:\v2.0\a1\_work\dbded102\bin\release.anycpu\servicehooks.service\ms.vs.services.servicehooks.consumers.l0.tests\ms.vs.services.servicehooks.consumers.l0.tests.dll" priority="1" id="0fe0fd4c-8197-54a6-1e6f-7f18b849e440">
      <Owners>
        <Owner name="v-bruca" />
      </Owners>
      <Execution id="31b20085-9f69-4f24-b0e3-0bbb8f1f72f4" />
      <TestMethod codeBase="D:\v2.0\A1\_work\dbded102\bin\Release.AnyCPU\ServiceHooks.Service\MS.VS.Services.ServiceHooks.Consumers.L0.Tests\MS.VS.Services.ServiceHooks.Consumers.L0.Tests.dll" adapterTypeName="Microsoft.VisualStudio.TestTools.TestTypes.Unit.UnitTestAdapter" className="MS.VS.Services.ServiceHooks.Consumers.L0.Tests.Zendesk.CreatePrivateCommentActionTests" name="HandleEvent_CommentNotElegible_ShouldReturnNoopActionTask" />
    </UnitTest>
    <UnitTest name="HandleEvent_AllInputsFilledOk_ShouldReturnHttpActionTaskConfiguredOk" storage="d:\v2.0\a1\_work\dbded102\bin\release.anycpu\servicehooks.service\ms.vs.services.servicehooks.consumers.l0.tests\ms.vs.services.servicehooks.consumers.l0.tests.dll" priority="1" id="c6e390ac-5744-8a39-8bf1-57121001afa6">
      <Owners>
        <Owner name="v-bruca" />
      </Owners>
      <Execution id="710f5a1a-f089-427a-b288-45607254c2e8" />
      <TestMethod codeBase="D:\v2.0\A1\_work\dbded102\bin\Release.AnyCPU\ServiceHooks.Service\MS.VS.Services.ServiceHooks.Consumers.L0.Tests\MS.VS.Services.ServiceHooks.Consumers.L0.Tests.dll" adapterTypeName="Microsoft.VisualStudio.TestTools.TestTypes.Unit.UnitTestAdapter" className="MS.VS.Services.ServiceHooks.Consumers.L0.Tests.Zendesk.CreatePrivateCommentActionTests" name="HandleEvent_AllInputsFilledOk_ShouldReturnHttpActionTaskConfiguredOk" />
    </UnitTest>
    <UnitTest name="HandleEvent_CommentPatternNotSpecified_ShouldReturnHttpActionTaskConfiguredOk" storage="d:\v2.0\a1\_work\dbded102\bin\release.anycpu\servicehooks.service\ms.vs.services.servicehooks.consumers.l0.tests\ms.vs.services.servicehooks.consumers.l0.tests.dll" priority="1" id="4cd9650e-bb90-cb08-9084-782eff27a952">
      <Owners>
        <Owner name="v-bruca" />
      </Owners>
      <Execution id="0f1d676d-5920-4173-af85-999ddf11a066" />
      <TestMethod codeBase="D:\v2.0\A1\_work\dbded102\bin\Release.AnyCPU\ServiceHooks.Service\MS.VS.Services.ServiceHooks.Consumers.L0.Tests\MS.VS.Services.ServiceHooks.Consumers.L0.Tests.dll" adapterTypeName="Microsoft.VisualStudio.TestTools.TestTypes.Unit.UnitTestAdapter" className="MS.VS.Services.ServiceHooks.Consumers.L0.Tests.Zendesk.CreatePrivateCommentActionTests" name="HandleEvent_CommentPatternNotSpecified_ShouldReturnHttpActionTaskConfiguredOk" />
    </UnitTest>
    <UnitTest name="HandleEvent_CommentEligibleStartingWithHtml_ShouldReturnHttpActionTaskConfiguredOk" storage="d:\v2.0\a1\_work\dbded102\bin\release.anycpu\servicehooks.service\ms.vs.services.servicehooks.consumers.l0.tests\ms.vs.services.servicehooks.consumers.l0.tests.dll" priority="1" id="66dc92b6-637b-117b-28cb-5ad954caf2ad">
      <Owners>
        <Owner name="v-bruca" />
      </Owners>
      <Execution id="c51106d4-c98e-492d-969a-d05970ea134c" />
      <TestMethod codeBase="D:\v2.0\A1\_work\dbded102\bin\Release.AnyCPU\ServiceHooks.Service\MS.VS.Services.ServiceHooks.Consumers.L0.Tests\MS.VS.Services.ServiceHooks.Consumers.L0.Tests.dll" adapterTypeName="Microsoft.VisualStudio.TestTools.TestTypes.Unit.UnitTestAdapter" className="MS.VS.Services.ServiceHooks.Consumers.L0.Tests.Zendesk.CreatePrivateCommentActionTests" name="HandleEvent_CommentEligibleStartingWithHtml_ShouldReturnHttpActionTaskConfiguredOk" />
    </UnitTest>
    <UnitTest name="Id_CheckExpected" storage="d:\v2.0\a1\_work\dbded102\bin\release.anycpu\servicehooks.service\ms.vs.services.servicehooks.consumers.l0.tests\ms.vs.services.servicehooks.consumers.l0.tests.dll" priority="1" id="93d4f9f3-59c8-7e40-2e83-2b8a49b0f590">
      <Execution id="dc07ce8b-198d-4a1c-b07f-88821801d1e3" />
      <TestMethod codeBase="D:\v2.0\A1\_work\dbded102\bin\Release.AnyCPU\ServiceHooks.Service\MS.VS.Services.ServiceHooks.Consumers.L0.Tests\MS.VS.Services.ServiceHooks.Consumers.L0.Tests.dll" adapterTypeName="Microsoft.VisualStudio.TestTools.TestTypes.Unit.UnitTestAdapter" className="MS.VS.Services.ServiceHooks.Consumers.L0.Tests.Zendesk.CreatePrivateCommentActionTests" name="Id_CheckExpected" />
    </UnitTest>
    <UnitTest name="ConsumerId_CheckExpected" storage="d:\v2.0\a1\_work\dbded102\bin\release.anycpu\servicehooks.service\ms.vs.services.servicehooks.consumers.l0.tests\ms.vs.services.servicehooks.consumers.l0.tests.dll" priority="1" id="40bf8eeb-4c99-d77c-a2ed-131d5f566e6d">
      <Execution id="926959b7-e0e7-442e-8e76-ec490def9ac2" />
      <TestMethod codeBase="D:\v2.0\A1\_work\dbded102\bin\Release.AnyCPU\ServiceHooks.Service\MS.VS.Services.ServiceHooks.Consumers.L0.Tests\MS.VS.Services.ServiceHooks.Consumers.L0.Tests.dll" adapterTypeName="Microsoft.VisualStudio.TestTools.TestTypes.Unit.UnitTestAdapter" className="MS.VS.Services.ServiceHooks.Consumers.L0.Tests.Zendesk.CreatePrivateCommentActionTests" name="ConsumerId_CheckExpected" />
    </UnitTest>
    <UnitTest name="Name_CheckExpected" storage="d:\v2.0\a1\_work\dbded102\bin\release.anycpu\servicehooks.service\ms.vs.services.servicehooks.consumers.l0.tests\ms.vs.services.servicehooks.consumers.l0.tests.dll" priority="1" id="56fa40e9-ecf7-3bcd-d9ef-b218927a1509">
      <Execution id="03042f72-58ae-4fe3-b603-27fb5ddceee5" />
      <TestMethod codeBase="D:\v2.0\A1\_work\dbded102\bin\Release.AnyCPU\ServiceHooks.Service\MS.VS.Services.ServiceHooks.Consumers.L0.Tests\MS.VS.Services.ServiceHooks.Consumers.L0.Tests.dll" adapterTypeName="Microsoft.VisualStudio.TestTools.TestTypes.Unit.UnitTestAdapter" className="MS.VS.Services.ServiceHooks.Consumers.L0.Tests.Zendesk.CreatePrivateCommentActionTests" name="Name_CheckExpected" />
    </UnitTest>
    <UnitTest name="Description_CheckExpected" storage="d:\v2.0\a1\_work\dbded102\bin\release.anycpu\servicehooks.service\ms.vs.services.servicehooks.consumers.l0.tests\ms.vs.services.servicehooks.consumers.l0.tests.dll" priority="1" id="55535886-b988-2f50-c70f-5a26f733d0c2">
      <Execution id="8f3f8a9c-aa69-4df3-a07a-26f699a35799" />
      <TestMethod codeBase="D:\v2.0\A1\_work\dbded102\bin\Release.AnyCPU\ServiceHooks.Service\MS.VS.Services.ServiceHooks.Consumers.L0.Tests\MS.VS.Services.ServiceHooks.Consumers.L0.Tests.dll" adapterTypeName="Microsoft.VisualStudio.TestTools.TestTypes.Unit.UnitTestAdapter" className="MS.VS.Services.ServiceHooks.Consumers.L0.Tests.Zendesk.CreatePrivateCommentActionTests" name="Description_CheckExpected" />
    </UnitTest>
    <UnitTest name="SupportedEventTypes_CheckExpected" storage="d:\v2.0\a1\_work\dbded102\bin\release.anycpu\servicehooks.service\ms.vs.services.servicehooks.consumers.l0.tests\ms.vs.services.servicehooks.consumers.l0.tests.dll" priority="1" id="7edd0a4a-ccf4-a5a9-dac8-b9e5b7feb429">
      <Execution id="8c1c8950-70f3-4a5f-bd47-4caf55f23e3f" />
      <TestMethod codeBase="D:\v2.0\A1\_work\dbded102\bin\Release.AnyCPU\ServiceHooks.Service\MS.VS.Services.ServiceHooks.Consumers.L0.Tests\MS.VS.Services.ServiceHooks.Consumers.L0.Tests.dll" adapterTypeName="Microsoft.VisualStudio.TestTools.TestTypes.Unit.UnitTestAdapter" className="MS.VS.Services.ServiceHooks.Consumers.L0.Tests.Zendesk.CreatePrivateCommentActionTests" name="SupportedEventTypes_CheckExpected" />
    </UnitTest>
    <UnitTest name="SupportedResourceVersions_CheckExpected" storage="d:\v2.0\a1\_work\dbded102\bin\release.anycpu\servicehooks.service\ms.vs.services.servicehooks.consumers.l0.tests\ms.vs.services.servicehooks.consumers.l0.tests.dll" priority="1" id="83eed422-567d-13e7-d1f9-17577b29834a">
      <Execution id="3822b0ee-f749-4295-bf63-43463cc5d83e" />
      <TestMethod codeBase="D:\v2.0\A1\_work\dbded102\bin\Release.AnyCPU\ServiceHooks.Service\MS.VS.Services.ServiceHooks.Consumers.L0.Tests\MS.VS.Services.ServiceHooks.Consumers.L0.Tests.dll" adapterTypeName="Microsoft.VisualStudio.TestTools.TestTypes.Unit.UnitTestAdapter" className="MS.VS.Services.ServiceHooks.Consumers.L0.Tests.Zendesk.CreatePrivateCommentActionTests" name="SupportedResourceVersions_CheckExpected" />
    </UnitTest>
    <UnitTest name="AllowResourceVersionOverride_CheckExpected" storage="d:\v2.0\a1\_work\dbded102\bin\release.anycpu\servicehooks.service\ms.vs.services.servicehooks.consumers.l0.tests\ms.vs.services.servicehooks.consumers.l0.tests.dll" priority="1" id="f47a56c9-e1c8-9fd5-7a1d-4bb2f5f5db94">
      <Execution id="5e1160dd-f717-46e9-9101-d68a48690e44" />
      <TestMethod codeBase="D:\v2.0\A1\_work\dbded102\bin\Release.AnyCPU\ServiceHooks.Service\MS.VS.Services.ServiceHooks.Consumers.L0.Tests\MS.VS.Services.ServiceHooks.Consumers.L0.Tests.dll" adapterTypeName="Microsoft.VisualStudio.TestTools.TestTypes.Unit.UnitTestAdapter" className="MS.VS.Services.ServiceHooks.Consumers.L0.Tests.Zendesk.CreatePrivateCommentActionTests" name="AllowResourceVersionOverride_CheckExpected" />
    </UnitTest>
    <UnitTest name="InputDescriptors_CheckExpected" storage="d:\v2.0\a1\_work\dbded102\bin\release.anycpu\servicehooks.service\ms.vs.services.servicehooks.consumers.l0.tests\ms.vs.services.servicehooks.consumers.l0.tests.dll" priority="1" id="63b36da9-efe3-d158-8d1b-b081909972d6">
      <Execution id="1bed87f5-b90a-44de-9d83-ed084328b7d4" />
      <TestMethod codeBase="D:\v2.0\A1\_work\dbded102\bin\Release.AnyCPU\ServiceHooks.Service\MS.VS.Services.ServiceHooks.Consumers.L0.Tests\MS.VS.Services.ServiceHooks.Consumers.L0.Tests.dll" adapterTypeName="Microsoft.VisualStudio.TestTools.TestTypes.Unit.UnitTestAdapter" className="MS.VS.Services.ServiceHooks.Consumers.L0.Tests.Zendesk.CreatePrivateCommentActionTests" name="InputDescriptors_CheckExpected" />
    </UnitTest>
    <UnitTest name="Id_CheckExpected" storage="d:\v2.0\a1\_work\dbded102\bin\release.anycpu\servicehooks.service\ms.vs.services.servicehooks.consumers.l0.tests\ms.vs.services.servicehooks.consumers.l0.tests.dll" priority="1" id="5dd61c3f-ac11-6de6-8ac0-f3375d6ba5c0">
      <Execution id="8aa86b06-80d8-4e61-8edd-7d02d23e66c3" />
      <TestMethod codeBase="D:\v2.0\A1\_work\dbded102\bin\Release.AnyCPU\ServiceHooks.Service\MS.VS.Services.ServiceHooks.Consumers.L0.Tests\MS.VS.Services.ServiceHooks.Consumers.L0.Tests.dll" adapterTypeName="Microsoft.VisualStudio.TestTools.TestTypes.Unit.UnitTestAdapter" className="MS.VS.Services.ServiceHooks.Consumers.L0.Tests.Zendesk.ZendeskConsumerTests" name="Id_CheckExpected" />
    </UnitTest>
    <UnitTest name="Name_CheckExpected" storage="d:\v2.0\a1\_work\dbded102\bin\release.anycpu\servicehooks.service\ms.vs.services.servicehooks.consumers.l0.tests\ms.vs.services.servicehooks.consumers.l0.tests.dll" priority="1" id="2f8914d3-a732-0d44-6f09-69ceb0b4d122">
      <Execution id="57a1b02a-9b38-4ba7-b639-a1a24818372f" />
      <TestMethod codeBase="D:\v2.0\A1\_work\dbded102\bin\Release.AnyCPU\ServiceHooks.Service\MS.VS.Services.ServiceHooks.Consumers.L0.Tests\MS.VS.Services.ServiceHooks.Consumers.L0.Tests.dll" adapterTypeName="Microsoft.VisualStudio.TestTools.TestTypes.Unit.UnitTestAdapter" className="MS.VS.Services.ServiceHooks.Consumers.L0.Tests.Zendesk.ZendeskConsumerTests" name="Name_CheckExpected" />
    </UnitTest>
    <UnitTest name="Description_CheckExpected" storage="d:\v2.0\a1\_work\dbded102\bin\release.anycpu\servicehooks.service\ms.vs.services.servicehooks.consumers.l0.tests\ms.vs.services.servicehooks.consumers.l0.tests.dll" priority="1" id="18dd7401-2dd7-690b-dd89-ab05f725257e">
      <Execution id="8548aea6-87a0-43b8-b9ea-541d98b3370c" />
      <TestMethod codeBase="D:\v2.0\A1\_work\dbded102\bin\Release.AnyCPU\ServiceHooks.Service\MS.VS.Services.ServiceHooks.Consumers.L0.Tests\MS.VS.Services.ServiceHooks.Consumers.L0.Tests.dll" adapterTypeName="Microsoft.VisualStudio.TestTools.TestTypes.Unit.UnitTestAdapter" className="MS.VS.Services.ServiceHooks.Consumers.L0.Tests.Zendesk.ZendeskConsumerTests" name="Description_CheckExpected" />
    </UnitTest>
    <UnitTest name="InformationUrl_CheckExpected" storage="d:\v2.0\a1\_work\dbded102\bin\release.anycpu\servicehooks.service\ms.vs.services.servicehooks.consumers.l0.tests\ms.vs.services.servicehooks.consumers.l0.tests.dll" priority="1" id="b11b3c58-1621-ea23-a2c7-eafb9625e9a2">
      <Execution id="d9db11b0-bbce-4888-973b-b02cf5332b6c" />
      <TestMethod codeBase="D:\v2.0\A1\_work\dbded102\bin\Release.AnyCPU\ServiceHooks.Service\MS.VS.Services.ServiceHooks.Consumers.L0.Tests\MS.VS.Services.ServiceHooks.Consumers.L0.Tests.dll" adapterTypeName="Microsoft.VisualStudio.TestTools.TestTypes.Unit.UnitTestAdapter" className="MS.VS.Services.ServiceHooks.Consumers.L0.Tests.Zendesk.ZendeskConsumerTests" name="InformationUrl_CheckExpected" />
    </UnitTest>
    <UnitTest name="ImageUrl_CheckExpected" storage="d:\v2.0\a1\_work\dbded102\bin\release.anycpu\servicehooks.service\ms.vs.services.servicehooks.consumers.l0.tests\ms.vs.services.servicehooks.consumers.l0.tests.dll" priority="1" id="43c60f84-9ae1-a752-502d-064266b313c9">
      <Execution id="8d208586-c8b2-4406-a3bc-e9b9ca7bc66f" />
      <TestMethod codeBase="D:\v2.0\A1\_work\dbded102\bin\Release.AnyCPU\ServiceHooks.Service\MS.VS.Services.ServiceHooks.Consumers.L0.Tests\MS.VS.Services.ServiceHooks.Consumers.L0.Tests.dll" adapterTypeName="Microsoft.VisualStudio.TestTools.TestTypes.Unit.UnitTestAdapter" className="MS.VS.Services.ServiceHooks.Consumers.L0.Tests.Zendesk.ZendeskConsumerTests" name="ImageUrl_CheckExpected" />
    </UnitTest>
    <UnitTest name="AuthenticationType_CheckExpected" storage="d:\v2.0\a1\_work\dbded102\bin\release.anycpu\servicehooks.service\ms.vs.services.servicehooks.consumers.l0.tests\ms.vs.services.servicehooks.consumers.l0.tests.dll" priority="1" id="d9a24369-43f4-f55a-8736-40a4143b5a8e">
      <Execution id="c65953c2-a588-4570-a020-7b223662d3ed" />
      <TestMethod codeBase="D:\v2.0\A1\_work\dbded102\bin\Release.AnyCPU\ServiceHooks.Service\MS.VS.Services.ServiceHooks.Consumers.L0.Tests\MS.VS.Services.ServiceHooks.Consumers.L0.Tests.dll" adapterTypeName="Microsoft.VisualStudio.TestTools.TestTypes.Unit.UnitTestAdapter" className="MS.VS.Services.ServiceHooks.Consumers.L0.Tests.Zendesk.ZendeskConsumerTests" name="AuthenticationType_CheckExpected" />
    </UnitTest>
    <UnitTest name="ExternalConfiguration_CheckExpected" storage="d:\v2.0\a1\_work\dbded102\bin\release.anycpu\servicehooks.service\ms.vs.services.servicehooks.consumers.l0.tests\ms.vs.services.servicehooks.consumers.l0.tests.dll" priority="1" id="f786c07a-6027-3437-0e81-1c1f6c332e89">
      <Execution id="0234ebbf-619e-4061-a303-e3662c4bf777" />
      <TestMethod codeBase="D:\v2.0\A1\_work\dbded102\bin\Release.AnyCPU\ServiceHooks.Service\MS.VS.Services.ServiceHooks.Consumers.L0.Tests\MS.VS.Services.ServiceHooks.Consumers.L0.Tests.dll" adapterTypeName="Microsoft.VisualStudio.TestTools.TestTypes.Unit.UnitTestAdapter" className="MS.VS.Services.ServiceHooks.Consumers.L0.Tests.Zendesk.ZendeskConsumerTests" name="ExternalConfiguration_CheckExpected" />
    </UnitTest>
    <UnitTest name="InputDescriptors_CheckExpected" storage="d:\v2.0\a1\_work\dbded102\bin\release.anycpu\servicehooks.service\ms.vs.services.servicehooks.consumers.l0.tests\ms.vs.services.servicehooks.consumers.l0.tests.dll" priority="1" id="c9000339-a52d-f5c1-7e50-b4ca12d09298">
      <Execution id="4665f511-d1f9-4d23-88e9-9668865dfcc6" />
      <TestMethod codeBase="D:\v2.0\A1\_work\dbded102\bin\Release.AnyCPU\ServiceHooks.Service\MS.VS.Services.ServiceHooks.Consumers.L0.Tests\MS.VS.Services.ServiceHooks.Consumers.L0.Tests.dll" adapterTypeName="Microsoft.VisualStudio.TestTools.TestTypes.Unit.UnitTestAdapter" className="MS.VS.Services.ServiceHooks.Consumers.L0.Tests.Zendesk.ZendeskConsumerTests" name="InputDescriptors_CheckExpected" />
    </UnitTest>
    <UnitTest name="FeatureName_CheckExpected" storage="d:\v2.0\a1\_work\dbded102\bin\release.anycpu\servicehooks.service\ms.vs.services.servicehooks.consumers.l0.tests\ms.vs.services.servicehooks.consumers.l0.tests.dll" priority="1" id="f2e38404-469a-2e8d-bb69-1ac3ea0e55d8">
      <Execution id="5a30ca9c-45a7-4615-8897-6609b2968185" />
      <TestMethod codeBase="D:\v2.0\A1\_work\dbded102\bin\Release.AnyCPU\ServiceHooks.Service\MS.VS.Services.ServiceHooks.Consumers.L0.Tests\MS.VS.Services.ServiceHooks.Consumers.L0.Tests.dll" adapterTypeName="Microsoft.VisualStudio.TestTools.TestTypes.Unit.UnitTestAdapter" className="MS.VS.Services.ServiceHooks.Consumers.L0.Tests.Zendesk.ZendeskConsumerTests" name="FeatureName_CheckExpected" />
    </UnitTest>
    <UnitTest name="Id_CheckExpected" storage="d:\v2.0\a1\_work\dbded102\bin\release.anycpu\servicehooks.service\ms.vs.services.servicehooks.consumers.l0.tests\ms.vs.services.servicehooks.consumers.l0.tests.dll" priority="1" id="f39aca8a-b352-0b22-0eee-4bfda3737032">
      <Execution id="438defa0-1dd5-4449-b79c-8a7302a7f24c" />
      <TestMethod codeBase="D:\v2.0\A1\_work\dbded102\bin\Release.AnyCPU\ServiceHooks.Service\MS.VS.Services.ServiceHooks.Consumers.L0.Tests\MS.VS.Services.ServiceHooks.Consumers.L0.Tests.dll" adapterTypeName="Microsoft.VisualStudio.TestTools.TestTypes.Unit.UnitTestAdapter" className="MS.VS.Services.ServiceHooks.Consumers.L0.Tests.Zapier.ZapierConsumerTests" name="Id_CheckExpected" />
    </UnitTest>
    <UnitTest name="Name_CheckExpected" storage="d:\v2.0\a1\_work\dbded102\bin\release.anycpu\servicehooks.service\ms.vs.services.servicehooks.consumers.l0.tests\ms.vs.services.servicehooks.consumers.l0.tests.dll" priority="1" id="a82d3b86-7fc4-9459-1c43-f022178a28bd">
      <Execution id="a6c223d6-5565-478a-8f40-ef2943598707" />
      <TestMethod codeBase="D:\v2.0\A1\_work\dbded102\bin\Release.AnyCPU\ServiceHooks.Service\MS.VS.Services.ServiceHooks.Consumers.L0.Tests\MS.VS.Services.ServiceHooks.Consumers.L0.Tests.dll" adapterTypeName="Microsoft.VisualStudio.TestTools.TestTypes.Unit.UnitTestAdapter" className="MS.VS.Services.ServiceHooks.Consumers.L0.Tests.Zapier.ZapierConsumerTests" name="Name_CheckExpected" />
    </UnitTest>
    <UnitTest name="Description_CheckExpected" storage="d:\v2.0\a1\_work\dbded102\bin\release.anycpu\servicehooks.service\ms.vs.services.servicehooks.consumers.l0.tests\ms.vs.services.servicehooks.consumers.l0.tests.dll" priority="1" id="5a64996b-3f50-2322-e233-302cdb3fe05e">
      <Execution id="67a4b813-5c22-41b0-be9e-5695f0a60bca" />
      <TestMethod codeBase="D:\v2.0\A1\_work\dbded102\bin\Release.AnyCPU\ServiceHooks.Service\MS.VS.Services.ServiceHooks.Consumers.L0.Tests\MS.VS.Services.ServiceHooks.Consumers.L0.Tests.dll" adapterTypeName="Microsoft.VisualStudio.TestTools.TestTypes.Unit.UnitTestAdapter" className="MS.VS.Services.ServiceHooks.Consumers.L0.Tests.Zapier.ZapierConsumerTests" name="Description_CheckExpected" />
    </UnitTest>
    <UnitTest name="InformationUrl_CheckExpected" storage="d:\v2.0\a1\_work\dbded102\bin\release.anycpu\servicehooks.service\ms.vs.services.servicehooks.consumers.l0.tests\ms.vs.services.servicehooks.consumers.l0.tests.dll" priority="1" id="6241f138-ede1-f05e-4859-f56da8cb915e">
      <Execution id="811cc4ec-37d1-4e00-a347-8bc8d7297e3b" />
      <TestMethod codeBase="D:\v2.0\A1\_work\dbded102\bin\Release.AnyCPU\ServiceHooks.Service\MS.VS.Services.ServiceHooks.Consumers.L0.Tests\MS.VS.Services.ServiceHooks.Consumers.L0.Tests.dll" adapterTypeName="Microsoft.VisualStudio.TestTools.TestTypes.Unit.UnitTestAdapter" className="MS.VS.Services.ServiceHooks.Consumers.L0.Tests.Zapier.ZapierConsumerTests" name="InformationUrl_CheckExpected" />
    </UnitTest>
    <UnitTest name="ImageUrl_CheckExpected" storage="d:\v2.0\a1\_work\dbded102\bin\release.anycpu\servicehooks.service\ms.vs.services.servicehooks.consumers.l0.tests\ms.vs.services.servicehooks.consumers.l0.tests.dll" priority="1" id="45da2209-ae2f-2033-2c91-0f4279cc2879">
      <Execution id="e706aabd-4705-47aa-9c9e-2b217163ce78" />
      <TestMethod codeBase="D:\v2.0\A1\_work\dbded102\bin\Release.AnyCPU\ServiceHooks.Service\MS.VS.Services.ServiceHooks.Consumers.L0.Tests\MS.VS.Services.ServiceHooks.Consumers.L0.Tests.dll" adapterTypeName="Microsoft.VisualStudio.TestTools.TestTypes.Unit.UnitTestAdapter" className="MS.VS.Services.ServiceHooks.Consumers.L0.Tests.Zapier.ZapierConsumerTests" name="ImageUrl_CheckExpected" />
    </UnitTest>
    <UnitTest name="AuthenticationType_CheckExpected" storage="d:\v2.0\a1\_work\dbded102\bin\release.anycpu\servicehooks.service\ms.vs.services.servicehooks.consumers.l0.tests\ms.vs.services.servicehooks.consumers.l0.tests.dll" priority="1" id="2fe18dc8-0346-1758-e0eb-22de41ab527c">
      <Execution id="5808e93a-e93b-457e-be11-7cfa47a514c5" />
      <TestMethod codeBase="D:\v2.0\A1\_work\dbded102\bin\Release.AnyCPU\ServiceHooks.Service\MS.VS.Services.ServiceHooks.Consumers.L0.Tests\MS.VS.Services.ServiceHooks.Consumers.L0.Tests.dll" adapterTypeName="Microsoft.VisualStudio.TestTools.TestTypes.Unit.UnitTestAdapter" className="MS.VS.Services.ServiceHooks.Consumers.L0.Tests.Zapier.ZapierConsumerTests" name="AuthenticationType_CheckExpected" />
    </UnitTest>
    <UnitTest name="ExternalConfiguration_CheckExpected" storage="d:\v2.0\a1\_work\dbded102\bin\release.anycpu\servicehooks.service\ms.vs.services.servicehooks.consumers.l0.tests\ms.vs.services.servicehooks.consumers.l0.tests.dll" priority="1" id="3bed7b90-616d-e211-b013-0f7c3494c7d6">
      <Execution id="5440fa8c-205f-494a-899f-a6d92c340bbc" />
      <TestMethod codeBase="D:\v2.0\A1\_work\dbded102\bin\Release.AnyCPU\ServiceHooks.Service\MS.VS.Services.ServiceHooks.Consumers.L0.Tests\MS.VS.Services.ServiceHooks.Consumers.L0.Tests.dll" adapterTypeName="Microsoft.VisualStudio.TestTools.TestTypes.Unit.UnitTestAdapter" className="MS.VS.Services.ServiceHooks.Consumers.L0.Tests.Zapier.ZapierConsumerTests" name="ExternalConfiguration_CheckExpected" />
    </UnitTest>
    <UnitTest name="InputDescriptors_CheckExpected" storage="d:\v2.0\a1\_work\dbded102\bin\release.anycpu\servicehooks.service\ms.vs.services.servicehooks.consumers.l0.tests\ms.vs.services.servicehooks.consumers.l0.tests.dll" priority="1" id="37333c7d-bbc2-6a88-9c32-032370d56b85">
      <Execution id="df314cb8-2549-4327-949a-6cd0aeca5a86" />
      <TestMethod codeBase="D:\v2.0\A1\_work\dbded102\bin\Release.AnyCPU\ServiceHooks.Service\MS.VS.Services.ServiceHooks.Consumers.L0.Tests\MS.VS.Services.ServiceHooks.Consumers.L0.Tests.dll" adapterTypeName="Microsoft.VisualStudio.TestTools.TestTypes.Unit.UnitTestAdapter" className="MS.VS.Services.ServiceHooks.Consumers.L0.Tests.Zapier.ZapierConsumerTests" name="InputDescriptors_CheckExpected" />
    </UnitTest>
    <UnitTest name="FeatureName_CheckExpected" storage="d:\v2.0\a1\_work\dbded102\bin\release.anycpu\servicehooks.service\ms.vs.services.servicehooks.consumers.l0.tests\ms.vs.services.servicehooks.consumers.l0.tests.dll" priority="1" id="84af5352-8227-9217-082b-cda580d09f14">
      <Execution id="d00c0687-1e01-4ad9-8be3-323b7c694e76" />
      <TestMethod codeBase="D:\v2.0\A1\_work\dbded102\bin\Release.AnyCPU\ServiceHooks.Service\MS.VS.Services.ServiceHooks.Consumers.L0.Tests\MS.VS.Services.ServiceHooks.Consumers.L0.Tests.dll" adapterTypeName="Microsoft.VisualStudio.TestTools.TestTypes.Unit.UnitTestAdapter" className="MS.VS.Services.ServiceHooks.Consumers.L0.Tests.Zapier.ZapierConsumerTests" name="FeatureName_CheckExpected" />
    </UnitTest>
    <UnitTest name="Id_CheckExpected" storage="d:\v2.0\a1\_work\dbded102\bin\release.anycpu\servicehooks.service\ms.vs.services.servicehooks.consumers.l0.tests\ms.vs.services.servicehooks.consumers.l0.tests.dll" priority="1" id="b0f5b7b3-71a6-0ddc-f2a2-7ea8447d6c08">
      <Execution id="d5da6c0f-8948-43e9-8ce3-ab4146afbb58" />
      <TestMethod codeBase="D:\v2.0\A1\_work\dbded102\bin\Release.AnyCPU\ServiceHooks.Service\MS.VS.Services.ServiceHooks.Consumers.L0.Tests\MS.VS.Services.ServiceHooks.Consumers.L0.Tests.dll" adapterTypeName="Microsoft.VisualStudio.TestTools.TestTypes.Unit.UnitTestAdapter" className="MS.VS.Services.ServiceHooks.Consumers.L0.Tests.Zapier.ZapierSendNotificationActionTests" name="Id_CheckExpected" />
    </UnitTest>
    <UnitTest name="ConsumerId_CheckExpected" storage="d:\v2.0\a1\_work\dbded102\bin\release.anycpu\servicehooks.service\ms.vs.services.servicehooks.consumers.l0.tests\ms.vs.services.servicehooks.consumers.l0.tests.dll" priority="1" id="454f5cd0-066f-8df2-8d94-eae9d7ef0449">
      <Execution id="a9355291-3b5b-4730-874f-d740763b5bde" />
      <TestMethod codeBase="D:\v2.0\A1\_work\dbded102\bin\Release.AnyCPU\ServiceHooks.Service\MS.VS.Services.ServiceHooks.Consumers.L0.Tests\MS.VS.Services.ServiceHooks.Consumers.L0.Tests.dll" adapterTypeName="Microsoft.VisualStudio.TestTools.TestTypes.Unit.UnitTestAdapter" className="MS.VS.Services.ServiceHooks.Consumers.L0.Tests.Zapier.ZapierSendNotificationActionTests" name="ConsumerId_CheckExpected" />
    </UnitTest>
    <UnitTest name="Name_CheckExpected" storage="d:\v2.0\a1\_work\dbded102\bin\release.anycpu\servicehooks.service\ms.vs.services.servicehooks.consumers.l0.tests\ms.vs.services.servicehooks.consumers.l0.tests.dll" priority="1" id="83681b27-3f9d-7b2e-95e6-483f4f6628fb">
      <Execution id="1d53472b-6d20-4588-a33d-40f3707ddf29" />
      <TestMethod codeBase="D:\v2.0\A1\_work\dbded102\bin\Release.AnyCPU\ServiceHooks.Service\MS.VS.Services.ServiceHooks.Consumers.L0.Tests\MS.VS.Services.ServiceHooks.Consumers.L0.Tests.dll" adapterTypeName="Microsoft.VisualStudio.TestTools.TestTypes.Unit.UnitTestAdapter" className="MS.VS.Services.ServiceHooks.Consumers.L0.Tests.Zapier.ZapierSendNotificationActionTests" name="Name_CheckExpected" />
    </UnitTest>
    <UnitTest name="Description_CheckExpected" storage="d:\v2.0\a1\_work\dbded102\bin\release.anycpu\servicehooks.service\ms.vs.services.servicehooks.consumers.l0.tests\ms.vs.services.servicehooks.consumers.l0.tests.dll" priority="1" id="78d1fb87-faa2-7445-4ab6-a19d3bba5cc0">
      <Execution id="7f5b08af-8f2c-4ce5-b899-3ecaa24c25d2" />
      <TestMethod codeBase="D:\v2.0\A1\_work\dbded102\bin\Release.AnyCPU\ServiceHooks.Service\MS.VS.Services.ServiceHooks.Consumers.L0.Tests\MS.VS.Services.ServiceHooks.Consumers.L0.Tests.dll" adapterTypeName="Microsoft.VisualStudio.TestTools.TestTypes.Unit.UnitTestAdapter" className="MS.VS.Services.ServiceHooks.Consumers.L0.Tests.Zapier.ZapierSendNotificationActionTests" name="Description_CheckExpected" />
    </UnitTest>
    <UnitTest name="SupportedEventTypes_CheckExpected" storage="d:\v2.0\a1\_work\dbded102\bin\release.anycpu\servicehooks.service\ms.vs.services.servicehooks.consumers.l0.tests\ms.vs.services.servicehooks.consumers.l0.tests.dll" priority="1" id="bc6c0f01-3174-183d-56c6-09341abaf61c">
      <Execution id="42fbd5f7-2222-479b-af0f-d40ab436b108" />
      <TestMethod codeBase="D:\v2.0\A1\_work\dbded102\bin\Release.AnyCPU\ServiceHooks.Service\MS.VS.Services.ServiceHooks.Consumers.L0.Tests\MS.VS.Services.ServiceHooks.Consumers.L0.Tests.dll" adapterTypeName="Microsoft.VisualStudio.TestTools.TestTypes.Unit.UnitTestAdapter" className="MS.VS.Services.ServiceHooks.Consumers.L0.Tests.Zapier.ZapierSendNotificationActionTests" name="SupportedEventTypes_CheckExpected" />
    </UnitTest>
    <UnitTest name="SupportedResourceVersions_CheckExpected" storage="d:\v2.0\a1\_work\dbded102\bin\release.anycpu\servicehooks.service\ms.vs.services.servicehooks.consumers.l0.tests\ms.vs.services.servicehooks.consumers.l0.tests.dll" priority="1" id="34a4c41a-4803-b8b3-1421-027f36bd29c6">
      <Execution id="51fe452b-e9ed-4c0e-9ef5-53466b1eff33" />
      <TestMethod codeBase="D:\v2.0\A1\_work\dbded102\bin\Release.AnyCPU\ServiceHooks.Service\MS.VS.Services.ServiceHooks.Consumers.L0.Tests\MS.VS.Services.ServiceHooks.Consumers.L0.Tests.dll" adapterTypeName="Microsoft.VisualStudio.TestTools.TestTypes.Unit.UnitTestAdapter" className="MS.VS.Services.ServiceHooks.Consumers.L0.Tests.Zapier.ZapierSendNotificationActionTests" name="SupportedResourceVersions_CheckExpected" />
    </UnitTest>
    <UnitTest name="AllowResourceVersionOverride_CheckExpected" storage="d:\v2.0\a1\_work\dbded102\bin\release.anycpu\servicehooks.service\ms.vs.services.servicehooks.consumers.l0.tests\ms.vs.services.servicehooks.consumers.l0.tests.dll" priority="1" id="237bcca8-9a6f-5571-ab01-b2339c8c509f">
      <Execution id="7edeb6ae-1354-441e-8707-4c98871ffb58" />
      <TestMethod codeBase="D:\v2.0\A1\_work\dbded102\bin\Release.AnyCPU\ServiceHooks.Service\MS.VS.Services.ServiceHooks.Consumers.L0.Tests\MS.VS.Services.ServiceHooks.Consumers.L0.Tests.dll" adapterTypeName="Microsoft.VisualStudio.TestTools.TestTypes.Unit.UnitTestAdapter" className="MS.VS.Services.ServiceHooks.Consumers.L0.Tests.Zapier.ZapierSendNotificationActionTests" name="AllowResourceVersionOverride_CheckExpected" />
    </UnitTest>
    <UnitTest name="InputDescriptors_CheckExpected" storage="d:\v2.0\a1\_work\dbded102\bin\release.anycpu\servicehooks.service\ms.vs.services.servicehooks.consumers.l0.tests\ms.vs.services.servicehooks.consumers.l0.tests.dll" priority="1" id="1b8955f8-db43-65e1-e190-509430a98bfc">
      <Execution id="14bd4607-1175-4e8c-9387-54559e5cea5c" />
      <TestMethod codeBase="D:\v2.0\A1\_work\dbded102\bin\Release.AnyCPU\ServiceHooks.Service\MS.VS.Services.ServiceHooks.Consumers.L0.Tests\MS.VS.Services.ServiceHooks.Consumers.L0.Tests.dll" adapterTypeName="Microsoft.VisualStudio.TestTools.TestTypes.Unit.UnitTestAdapter" className="MS.VS.Services.ServiceHooks.Consumers.L0.Tests.Zapier.ZapierSendNotificationActionTests" name="InputDescriptors_CheckExpected" />
    </UnitTest>
    <UnitTest name="HandleEvent_NoHyperlinks_ShouldReturnNoopActionTask" storage="d:\v2.0\a1\_work\dbded102\bin\release.anycpu\servicehooks.service\ms.vs.services.servicehooks.consumers.l0.tests\ms.vs.services.servicehooks.consumers.l0.tests.dll" priority="1" id="a9d5a02f-2b1a-7655-64ba-e822a8a67b2e">
      <Owners>
        <Owner name="v-bruca" />
      </Owners>
      <Execution id="d90cb02c-d158-4e32-abe8-5254fd4194cc" />
      <TestMethod codeBase="D:\v2.0\A1\_work\dbded102\bin\Release.AnyCPU\ServiceHooks.Service\MS.VS.Services.ServiceHooks.Consumers.L0.Tests\MS.VS.Services.ServiceHooks.Consumers.L0.Tests.dll" adapterTypeName="Microsoft.VisualStudio.TestTools.TestTypes.Unit.UnitTestAdapter" className="MS.VS.Services.ServiceHooks.Consumers.L0.Tests.UserVoice.SendLinkedWorkItemEventActionTests" name="HandleEvent_NoHyperlinks_ShouldReturnNoopActionTask" />
    </UnitTest>
    <UnitTest name="HandleEvent_NoLinkedArtifacts_ShouldReturnNoopActionTask" storage="d:\v2.0\a1\_work\dbded102\bin\release.anycpu\servicehooks.service\ms.vs.services.servicehooks.consumers.l0.tests\ms.vs.services.servicehooks.consumers.l0.tests.dll" priority="1" id="272bea32-6922-a87c-1c83-b5d0f83d1fdc">
      <Owners>
        <Owner name="v-bruca" />
      </Owners>
      <Execution id="55b791c0-082e-4bad-8957-f7f791484115" />
      <TestMethod codeBase="D:\v2.0\A1\_work\dbded102\bin\Release.AnyCPU\ServiceHooks.Service\MS.VS.Services.ServiceHooks.Consumers.L0.Tests\MS.VS.Services.ServiceHooks.Consumers.L0.Tests.dll" adapterTypeName="Microsoft.VisualStudio.TestTools.TestTypes.Unit.UnitTestAdapter" className="MS.VS.Services.ServiceHooks.Consumers.L0.Tests.UserVoice.SendLinkedWorkItemEventActionTests" name="HandleEvent_NoLinkedArtifacts_ShouldReturnNoopActionTask" />
    </UnitTest>
    <UnitTest name="HandleEvent_InputsOk_ShouldReturnHttpActionTaskConfiguredOk" storage="d:\v2.0\a1\_work\dbded102\bin\release.anycpu\servicehooks.service\ms.vs.services.servicehooks.consumers.l0.tests\ms.vs.services.servicehooks.consumers.l0.tests.dll" priority="1" id="9572d9b3-417a-85ef-cec0-061c02ae03aa">
      <Owners>
        <Owner name="v-bruca" />
      </Owners>
      <Execution id="e0ccb2ef-fd1f-4985-8d36-7d18bfd1a5f7" />
      <TestMethod codeBase="D:\v2.0\A1\_work\dbded102\bin\Release.AnyCPU\ServiceHooks.Service\MS.VS.Services.ServiceHooks.Consumers.L0.Tests\MS.VS.Services.ServiceHooks.Consumers.L0.Tests.dll" adapterTypeName="Microsoft.VisualStudio.TestTools.TestTypes.Unit.UnitTestAdapter" className="MS.VS.Services.ServiceHooks.Consumers.L0.Tests.UserVoice.SendLinkedWorkItemEventActionTests" name="HandleEvent_InputsOk_ShouldReturnHttpActionTaskConfiguredOk" />
    </UnitTest>
    <UnitTest name="Id_CheckExpected" storage="d:\v2.0\a1\_work\dbded102\bin\release.anycpu\servicehooks.service\ms.vs.services.servicehooks.consumers.l0.tests\ms.vs.services.servicehooks.consumers.l0.tests.dll" priority="1" id="aa21290b-9548-1665-5eaa-16a5e7c9e400">
      <Execution id="bf472f27-8bfe-4d7d-8593-3fc48122ed88" />
      <TestMethod codeBase="D:\v2.0\A1\_work\dbded102\bin\Release.AnyCPU\ServiceHooks.Service\MS.VS.Services.ServiceHooks.Consumers.L0.Tests\MS.VS.Services.ServiceHooks.Consumers.L0.Tests.dll" adapterTypeName="Microsoft.VisualStudio.TestTools.TestTypes.Unit.UnitTestAdapter" className="MS.VS.Services.ServiceHooks.Consumers.L0.Tests.UserVoice.SendLinkedWorkItemEventActionTests" name="Id_CheckExpected" />
    </UnitTest>
    <UnitTest name="ConsumerId_CheckExpected" storage="d:\v2.0\a1\_work\dbded102\bin\release.anycpu\servicehooks.service\ms.vs.services.servicehooks.consumers.l0.tests\ms.vs.services.servicehooks.consumers.l0.tests.dll" priority="1" id="ce78b03c-d678-e347-ca71-9434edca4dc8">
      <Execution id="de45a1b0-71d2-4b6a-be5a-41de0ad4b212" />
      <TestMethod codeBase="D:\v2.0\A1\_work\dbded102\bin\Release.AnyCPU\ServiceHooks.Service\MS.VS.Services.ServiceHooks.Consumers.L0.Tests\MS.VS.Services.ServiceHooks.Consumers.L0.Tests.dll" adapterTypeName="Microsoft.VisualStudio.TestTools.TestTypes.Unit.UnitTestAdapter" className="MS.VS.Services.ServiceHooks.Consumers.L0.Tests.UserVoice.SendLinkedWorkItemEventActionTests" name="ConsumerId_CheckExpected" />
    </UnitTest>
    <UnitTest name="Name_CheckExpected" storage="d:\v2.0\a1\_work\dbded102\bin\release.anycpu\servicehooks.service\ms.vs.services.servicehooks.consumers.l0.tests\ms.vs.services.servicehooks.consumers.l0.tests.dll" priority="1" id="fdb0fd1c-719a-1307-b67a-76af2bc76726">
      <Execution id="b9684604-cb56-4714-94b8-b38f047578fe" />
      <TestMethod codeBase="D:\v2.0\A1\_work\dbded102\bin\Release.AnyCPU\ServiceHooks.Service\MS.VS.Services.ServiceHooks.Consumers.L0.Tests\MS.VS.Services.ServiceHooks.Consumers.L0.Tests.dll" adapterTypeName="Microsoft.VisualStudio.TestTools.TestTypes.Unit.UnitTestAdapter" className="MS.VS.Services.ServiceHooks.Consumers.L0.Tests.UserVoice.SendLinkedWorkItemEventActionTests" name="Name_CheckExpected" />
    </UnitTest>
    <UnitTest name="Description_CheckExpected" storage="d:\v2.0\a1\_work\dbded102\bin\release.anycpu\servicehooks.service\ms.vs.services.servicehooks.consumers.l0.tests\ms.vs.services.servicehooks.consumers.l0.tests.dll" priority="1" id="862d051d-24fd-2c90-639b-2b00dc1ac23e">
      <Execution id="06192c29-ab76-418b-8675-a1cd5a069b79" />
      <TestMethod codeBase="D:\v2.0\A1\_work\dbded102\bin\Release.AnyCPU\ServiceHooks.Service\MS.VS.Services.ServiceHooks.Consumers.L0.Tests\MS.VS.Services.ServiceHooks.Consumers.L0.Tests.dll" adapterTypeName="Microsoft.VisualStudio.TestTools.TestTypes.Unit.UnitTestAdapter" className="MS.VS.Services.ServiceHooks.Consumers.L0.Tests.UserVoice.SendLinkedWorkItemEventActionTests" name="Description_CheckExpected" />
    </UnitTest>
    <UnitTest name="SupportedEventTypes_CheckExpected" storage="d:\v2.0\a1\_work\dbded102\bin\release.anycpu\servicehooks.service\ms.vs.services.servicehooks.consumers.l0.tests\ms.vs.services.servicehooks.consumers.l0.tests.dll" priority="1" id="ace779bc-da6c-e372-cbbf-4aa32a881431">
      <Execution id="4a48ebb0-7b7e-4416-b753-00cdd64c440f" />
      <TestMethod codeBase="D:\v2.0\A1\_work\dbded102\bin\Release.AnyCPU\ServiceHooks.Service\MS.VS.Services.ServiceHooks.Consumers.L0.Tests\MS.VS.Services.ServiceHooks.Consumers.L0.Tests.dll" adapterTypeName="Microsoft.VisualStudio.TestTools.TestTypes.Unit.UnitTestAdapter" className="MS.VS.Services.ServiceHooks.Consumers.L0.Tests.UserVoice.SendLinkedWorkItemEventActionTests" name="SupportedEventTypes_CheckExpected" />
    </UnitTest>
    <UnitTest name="SupportedResourceVersions_CheckExpected" storage="d:\v2.0\a1\_work\dbded102\bin\release.anycpu\servicehooks.service\ms.vs.services.servicehooks.consumers.l0.tests\ms.vs.services.servicehooks.consumers.l0.tests.dll" priority="1" id="b9bb2253-d70c-1869-2ce2-7438fa81d371">
      <Execution id="396d67c3-7e57-400f-bcbb-c9561b1e0a8e" />
      <TestMethod codeBase="D:\v2.0\A1\_work\dbded102\bin\Release.AnyCPU\ServiceHooks.Service\MS.VS.Services.ServiceHooks.Consumers.L0.Tests\MS.VS.Services.ServiceHooks.Consumers.L0.Tests.dll" adapterTypeName="Microsoft.VisualStudio.TestTools.TestTypes.Unit.UnitTestAdapter" className="MS.VS.Services.ServiceHooks.Consumers.L0.Tests.UserVoice.SendLinkedWorkItemEventActionTests" name="SupportedResourceVersions_CheckExpected" />
    </UnitTest>
    <UnitTest name="AllowResourceVersionOverride_CheckExpected" storage="d:\v2.0\a1\_work\dbded102\bin\release.anycpu\servicehooks.service\ms.vs.services.servicehooks.consumers.l0.tests\ms.vs.services.servicehooks.consumers.l0.tests.dll" priority="1" id="669f63f3-ebaf-b97e-e47b-14da7d8701de">
      <Execution id="631291bb-192a-40f1-8d88-69f36d16ec46" />
      <TestMethod codeBase="D:\v2.0\A1\_work\dbded102\bin\Release.AnyCPU\ServiceHooks.Service\MS.VS.Services.ServiceHooks.Consumers.L0.Tests\MS.VS.Services.ServiceHooks.Consumers.L0.Tests.dll" adapterTypeName="Microsoft.VisualStudio.TestTools.TestTypes.Unit.UnitTestAdapter" className="MS.VS.Services.ServiceHooks.Consumers.L0.Tests.UserVoice.SendLinkedWorkItemEventActionTests" name="AllowResourceVersionOverride_CheckExpected" />
    </UnitTest>
    <UnitTest name="InputDescriptors_CheckExpected" storage="d:\v2.0\a1\_work\dbded102\bin\release.anycpu\servicehooks.service\ms.vs.services.servicehooks.consumers.l0.tests\ms.vs.services.servicehooks.consumers.l0.tests.dll" priority="1" id="fc34b155-aece-e105-47e6-d3f5b6dcf000">
      <Execution id="d18543e5-3f8d-4f82-9775-bb73ade7cc33" />
      <TestMethod codeBase="D:\v2.0\A1\_work\dbded102\bin\Release.AnyCPU\ServiceHooks.Service\MS.VS.Services.ServiceHooks.Consumers.L0.Tests\MS.VS.Services.ServiceHooks.Consumers.L0.Tests.dll" adapterTypeName="Microsoft.VisualStudio.TestTools.TestTypes.Unit.UnitTestAdapter" className="MS.VS.Services.ServiceHooks.Consumers.L0.Tests.UserVoice.SendLinkedWorkItemEventActionTests" name="InputDescriptors_CheckExpected" />
    </UnitTest>
    <UnitTest name="Id_CheckExpected" storage="d:\v2.0\a1\_work\dbded102\bin\release.anycpu\servicehooks.service\ms.vs.services.servicehooks.consumers.l0.tests\ms.vs.services.servicehooks.consumers.l0.tests.dll" priority="1" id="e8e7ec7b-8c57-705d-baaf-ba3966702528">
      <Execution id="fc6b31c5-e4b7-4fa0-b895-3705d35e21bf" />
      <TestMethod codeBase="D:\v2.0\A1\_work\dbded102\bin\Release.AnyCPU\ServiceHooks.Service\MS.VS.Services.ServiceHooks.Consumers.L0.Tests\MS.VS.Services.ServiceHooks.Consumers.L0.Tests.dll" adapterTypeName="Microsoft.VisualStudio.TestTools.TestTypes.Unit.UnitTestAdapter" className="MS.VS.Services.ServiceHooks.Consumers.L0.Tests.UserVoice.UserVoiceConsumerTests" name="Id_CheckExpected" />
    </UnitTest>
    <UnitTest name="Name_CheckExpected" storage="d:\v2.0\a1\_work\dbded102\bin\release.anycpu\servicehooks.service\ms.vs.services.servicehooks.consumers.l0.tests\ms.vs.services.servicehooks.consumers.l0.tests.dll" priority="1" id="81f2b728-48db-5c86-dd30-c46ebb656b1d">
      <Execution id="0d77f11e-ad4d-4369-bd0c-7e228d4dd941" />
      <TestMethod codeBase="D:\v2.0\A1\_work\dbded102\bin\Release.AnyCPU\ServiceHooks.Service\MS.VS.Services.ServiceHooks.Consumers.L0.Tests\MS.VS.Services.ServiceHooks.Consumers.L0.Tests.dll" adapterTypeName="Microsoft.VisualStudio.TestTools.TestTypes.Unit.UnitTestAdapter" className="MS.VS.Services.ServiceHooks.Consumers.L0.Tests.UserVoice.UserVoiceConsumerTests" name="Name_CheckExpected" />
    </UnitTest>
    <UnitTest name="Description_CheckExpected" storage="d:\v2.0\a1\_work\dbded102\bin\release.anycpu\servicehooks.service\ms.vs.services.servicehooks.consumers.l0.tests\ms.vs.services.servicehooks.consumers.l0.tests.dll" priority="1" id="c45fc7d8-93c3-5ea5-36dd-8ce8111f910d">
      <Execution id="fc085f75-501e-425c-9e88-444239b5921f" />
      <TestMethod codeBase="D:\v2.0\A1\_work\dbded102\bin\Release.AnyCPU\ServiceHooks.Service\MS.VS.Services.ServiceHooks.Consumers.L0.Tests\MS.VS.Services.ServiceHooks.Consumers.L0.Tests.dll" adapterTypeName="Microsoft.VisualStudio.TestTools.TestTypes.Unit.UnitTestAdapter" className="MS.VS.Services.ServiceHooks.Consumers.L0.Tests.UserVoice.UserVoiceConsumerTests" name="Description_CheckExpected" />
    </UnitTest>
    <UnitTest name="InformationUrl_CheckExpected" storage="d:\v2.0\a1\_work\dbded102\bin\release.anycpu\servicehooks.service\ms.vs.services.servicehooks.consumers.l0.tests\ms.vs.services.servicehooks.consumers.l0.tests.dll" priority="1" id="478038ff-c539-0e8d-dea7-4a8a077b9484">
      <Execution id="cd78cdde-9e6e-4630-a332-484de3f0c5e3" />
      <TestMethod codeBase="D:\v2.0\A1\_work\dbded102\bin\Release.AnyCPU\ServiceHooks.Service\MS.VS.Services.ServiceHooks.Consumers.L0.Tests\MS.VS.Services.ServiceHooks.Consumers.L0.Tests.dll" adapterTypeName="Microsoft.VisualStudio.TestTools.TestTypes.Unit.UnitTestAdapter" className="MS.VS.Services.ServiceHooks.Consumers.L0.Tests.UserVoice.UserVoiceConsumerTests" name="InformationUrl_CheckExpected" />
    </UnitTest>
    <UnitTest name="ImageUrl_CheckExpected" storage="d:\v2.0\a1\_work\dbded102\bin\release.anycpu\servicehooks.service\ms.vs.services.servicehooks.consumers.l0.tests\ms.vs.services.servicehooks.consumers.l0.tests.dll" priority="1" id="2d834c1a-1258-1f3a-18ed-e57a4d0da9b0">
      <Execution id="503e5939-4446-4e09-be9b-72b5f65fb042" />
      <TestMethod codeBase="D:\v2.0\A1\_work\dbded102\bin\Release.AnyCPU\ServiceHooks.Service\MS.VS.Services.ServiceHooks.Consumers.L0.Tests\MS.VS.Services.ServiceHooks.Consumers.L0.Tests.dll" adapterTypeName="Microsoft.VisualStudio.TestTools.TestTypes.Unit.UnitTestAdapter" className="MS.VS.Services.ServiceHooks.Consumers.L0.Tests.UserVoice.UserVoiceConsumerTests" name="ImageUrl_CheckExpected" />
    </UnitTest>
    <UnitTest name="AuthenticationType_CheckExpected" storage="d:\v2.0\a1\_work\dbded102\bin\release.anycpu\servicehooks.service\ms.vs.services.servicehooks.consumers.l0.tests\ms.vs.services.servicehooks.consumers.l0.tests.dll" priority="1" id="280bf6fd-8524-60f8-ab17-713165b7c609">
      <Execution id="a3e25c62-a6bd-4d54-aaa9-54378aa459f9" />
      <TestMethod codeBase="D:\v2.0\A1\_work\dbded102\bin\Release.AnyCPU\ServiceHooks.Service\MS.VS.Services.ServiceHooks.Consumers.L0.Tests\MS.VS.Services.ServiceHooks.Consumers.L0.Tests.dll" adapterTypeName="Microsoft.VisualStudio.TestTools.TestTypes.Unit.UnitTestAdapter" className="MS.VS.Services.ServiceHooks.Consumers.L0.Tests.UserVoice.UserVoiceConsumerTests" name="AuthenticationType_CheckExpected" />
    </UnitTest>
    <UnitTest name="ExternalConfiguration_CheckExpected" storage="d:\v2.0\a1\_work\dbded102\bin\release.anycpu\servicehooks.service\ms.vs.services.servicehooks.consumers.l0.tests\ms.vs.services.servicehooks.consumers.l0.tests.dll" priority="1" id="f91b1818-82a2-0607-8a04-844e64518c79">
      <Execution id="e60415a4-12d5-409e-bd6b-b081e109d6d0" />
      <TestMethod codeBase="D:\v2.0\A1\_work\dbded102\bin\Release.AnyCPU\ServiceHooks.Service\MS.VS.Services.ServiceHooks.Consumers.L0.Tests\MS.VS.Services.ServiceHooks.Consumers.L0.Tests.dll" adapterTypeName="Microsoft.VisualStudio.TestTools.TestTypes.Unit.UnitTestAdapter" className="MS.VS.Services.ServiceHooks.Consumers.L0.Tests.UserVoice.UserVoiceConsumerTests" name="ExternalConfiguration_CheckExpected" />
    </UnitTest>
    <UnitTest name="InputDescriptors_CheckExpected" storage="d:\v2.0\a1\_work\dbded102\bin\release.anycpu\servicehooks.service\ms.vs.services.servicehooks.consumers.l0.tests\ms.vs.services.servicehooks.consumers.l0.tests.dll" priority="1" id="8b6ded98-1c8f-ac12-0476-af319c103ce3">
      <Execution id="db473ead-cbb8-4116-ad89-d9c236565bac" />
      <TestMethod codeBase="D:\v2.0\A1\_work\dbded102\bin\Release.AnyCPU\ServiceHooks.Service\MS.VS.Services.ServiceHooks.Consumers.L0.Tests\MS.VS.Services.ServiceHooks.Consumers.L0.Tests.dll" adapterTypeName="Microsoft.VisualStudio.TestTools.TestTypes.Unit.UnitTestAdapter" className="MS.VS.Services.ServiceHooks.Consumers.L0.Tests.UserVoice.UserVoiceConsumerTests" name="InputDescriptors_CheckExpected" />
    </UnitTest>
    <UnitTest name="FeatureName_CheckExpected" storage="d:\v2.0\a1\_work\dbded102\bin\release.anycpu\servicehooks.service\ms.vs.services.servicehooks.consumers.l0.tests\ms.vs.services.servicehooks.consumers.l0.tests.dll" priority="1" id="248a8222-ffb7-1a30-4478-9be9f7c782c4">
      <Execution id="0b669d31-f3d0-4803-b253-fdf0b77bbc81" />
      <TestMethod codeBase="D:\v2.0\A1\_work\dbded102\bin\Release.AnyCPU\ServiceHooks.Service\MS.VS.Services.ServiceHooks.Consumers.L0.Tests\MS.VS.Services.ServiceHooks.Consumers.L0.Tests.dll" adapterTypeName="Microsoft.VisualStudio.TestTools.TestTypes.Unit.UnitTestAdapter" className="MS.VS.Services.ServiceHooks.Consumers.L0.Tests.UserVoice.UserVoiceConsumerTests" name="FeatureName_CheckExpected" />
    </UnitTest>
    <UnitTest name="Id_CheckExpected" storage="d:\v2.0\a1\_work\dbded102\bin\release.anycpu\servicehooks.service\ms.vs.services.servicehooks.consumers.l0.tests\ms.vs.services.servicehooks.consumers.l0.tests.dll" priority="1" id="348cdcdb-51db-f044-1d8c-a169aa5bf93a">
      <Execution id="1c8a2ba7-f10e-4ec2-9baa-34075e747576" />
      <TestMethod codeBase="D:\v2.0\A1\_work\dbded102\bin\Release.AnyCPU\ServiceHooks.Service\MS.VS.Services.ServiceHooks.Consumers.L0.Tests\MS.VS.Services.ServiceHooks.Consumers.L0.Tests.dll" adapterTypeName="Microsoft.VisualStudio.TestTools.TestTypes.Unit.UnitTestAdapter" className="MS.VS.Services.ServiceHooks.Consumers.L0.Tests.Trello.CardCreateActionTests" name="Id_CheckExpected" />
    </UnitTest>
    <UnitTest name="ConsumerId_CheckExpected" storage="d:\v2.0\a1\_work\dbded102\bin\release.anycpu\servicehooks.service\ms.vs.services.servicehooks.consumers.l0.tests\ms.vs.services.servicehooks.consumers.l0.tests.dll" priority="1" id="f14d7d5b-88c8-5c8a-36dc-5746b4d870c3">
      <Execution id="187aa348-e0b4-47b3-8135-06340bc5d7b9" />
      <TestMethod codeBase="D:\v2.0\A1\_work\dbded102\bin\Release.AnyCPU\ServiceHooks.Service\MS.VS.Services.ServiceHooks.Consumers.L0.Tests\MS.VS.Services.ServiceHooks.Consumers.L0.Tests.dll" adapterTypeName="Microsoft.VisualStudio.TestTools.TestTypes.Unit.UnitTestAdapter" className="MS.VS.Services.ServiceHooks.Consumers.L0.Tests.Trello.CardCreateActionTests" name="ConsumerId_CheckExpected" />
    </UnitTest>
    <UnitTest name="Name_CheckExpected" storage="d:\v2.0\a1\_work\dbded102\bin\release.anycpu\servicehooks.service\ms.vs.services.servicehooks.consumers.l0.tests\ms.vs.services.servicehooks.consumers.l0.tests.dll" priority="1" id="8f9672df-e453-eb59-99eb-598326c780a4">
      <Execution id="91c69573-31e6-4e4f-b307-99e5dbfb9791" />
      <TestMethod codeBase="D:\v2.0\A1\_work\dbded102\bin\Release.AnyCPU\ServiceHooks.Service\MS.VS.Services.ServiceHooks.Consumers.L0.Tests\MS.VS.Services.ServiceHooks.Consumers.L0.Tests.dll" adapterTypeName="Microsoft.VisualStudio.TestTools.TestTypes.Unit.UnitTestAdapter" className="MS.VS.Services.ServiceHooks.Consumers.L0.Tests.Trello.CardCreateActionTests" name="Name_CheckExpected" />
    </UnitTest>
    <UnitTest name="Description_CheckExpected" storage="d:\v2.0\a1\_work\dbded102\bin\release.anycpu\servicehooks.service\ms.vs.services.servicehooks.consumers.l0.tests\ms.vs.services.servicehooks.consumers.l0.tests.dll" priority="1" id="ec5d4e4a-da02-a5e3-0930-1b00c13ab574">
      <Execution id="5887b020-34bc-40f5-b3c0-d9beef6ced9b" />
      <TestMethod codeBase="D:\v2.0\A1\_work\dbded102\bin\Release.AnyCPU\ServiceHooks.Service\MS.VS.Services.ServiceHooks.Consumers.L0.Tests\MS.VS.Services.ServiceHooks.Consumers.L0.Tests.dll" adapterTypeName="Microsoft.VisualStudio.TestTools.TestTypes.Unit.UnitTestAdapter" className="MS.VS.Services.ServiceHooks.Consumers.L0.Tests.Trello.CardCreateActionTests" name="Description_CheckExpected" />
    </UnitTest>
    <UnitTest name="SupportedEventTypes_CheckExpected" storage="d:\v2.0\a1\_work\dbded102\bin\release.anycpu\servicehooks.service\ms.vs.services.servicehooks.consumers.l0.tests\ms.vs.services.servicehooks.consumers.l0.tests.dll" priority="1" id="9633b3e5-e69a-1915-e27a-26face5b209e">
      <Execution id="e964e885-ce20-4940-8704-ffb3b4441912" />
      <TestMethod codeBase="D:\v2.0\A1\_work\dbded102\bin\Release.AnyCPU\ServiceHooks.Service\MS.VS.Services.ServiceHooks.Consumers.L0.Tests\MS.VS.Services.ServiceHooks.Consumers.L0.Tests.dll" adapterTypeName="Microsoft.VisualStudio.TestTools.TestTypes.Unit.UnitTestAdapter" className="MS.VS.Services.ServiceHooks.Consumers.L0.Tests.Trello.CardCreateActionTests" name="SupportedEventTypes_CheckExpected" />
    </UnitTest>
    <UnitTest name="SupportedResourceVersions_CheckExpected" storage="d:\v2.0\a1\_work\dbded102\bin\release.anycpu\servicehooks.service\ms.vs.services.servicehooks.consumers.l0.tests\ms.vs.services.servicehooks.consumers.l0.tests.dll" priority="1" id="c57ae205-effa-0f5a-1aad-0ab62c671cda">
      <Execution id="00f0d1af-5381-4218-bb86-7237b1fd5e71" />
      <TestMethod codeBase="D:\v2.0\A1\_work\dbded102\bin\Release.AnyCPU\ServiceHooks.Service\MS.VS.Services.ServiceHooks.Consumers.L0.Tests\MS.VS.Services.ServiceHooks.Consumers.L0.Tests.dll" adapterTypeName="Microsoft.VisualStudio.TestTools.TestTypes.Unit.UnitTestAdapter" className="MS.VS.Services.ServiceHooks.Consumers.L0.Tests.Trello.CardCreateActionTests" name="SupportedResourceVersions_CheckExpected" />
    </UnitTest>
    <UnitTest name="AllowResourceVersionOverride_CheckExpected" storage="d:\v2.0\a1\_work\dbded102\bin\release.anycpu\servicehooks.service\ms.vs.services.servicehooks.consumers.l0.tests\ms.vs.services.servicehooks.consumers.l0.tests.dll" priority="1" id="759a23fc-bf40-0249-018d-71ef00ace8f2">
      <Execution id="877ddfcf-3ef7-46dc-81ca-6a33fcdceffc" />
      <TestMethod codeBase="D:\v2.0\A1\_work\dbded102\bin\Release.AnyCPU\ServiceHooks.Service\MS.VS.Services.ServiceHooks.Consumers.L0.Tests\MS.VS.Services.ServiceHooks.Consumers.L0.Tests.dll" adapterTypeName="Microsoft.VisualStudio.TestTools.TestTypes.Unit.UnitTestAdapter" className="MS.VS.Services.ServiceHooks.Consumers.L0.Tests.Trello.CardCreateActionTests" name="AllowResourceVersionOverride_CheckExpected" />
    </UnitTest>
    <UnitTest name="InputDescriptors_CheckExpected" storage="d:\v2.0\a1\_work\dbded102\bin\release.anycpu\servicehooks.service\ms.vs.services.servicehooks.consumers.l0.tests\ms.vs.services.servicehooks.consumers.l0.tests.dll" priority="1" id="aa0a9a3f-4f35-ed44-d98a-96daa2107f56">
      <Execution id="638e2abd-4fbe-4c97-a6a9-161ecdea1c6c" />
      <TestMethod codeBase="D:\v2.0\A1\_work\dbded102\bin\Release.AnyCPU\ServiceHooks.Service\MS.VS.Services.ServiceHooks.Consumers.L0.Tests\MS.VS.Services.ServiceHooks.Consumers.L0.Tests.dll" adapterTypeName="Microsoft.VisualStudio.TestTools.TestTypes.Unit.UnitTestAdapter" className="MS.VS.Services.ServiceHooks.Consumers.L0.Tests.Trello.CardCreateActionTests" name="InputDescriptors_CheckExpected" />
    </UnitTest>
    <UnitTest name="Id_CheckExpected" storage="d:\v2.0\a1\_work\dbded102\bin\release.anycpu\servicehooks.service\ms.vs.services.servicehooks.consumers.l0.tests\ms.vs.services.servicehooks.consumers.l0.tests.dll" priority="1" id="c370d287-f30b-7a15-939a-2932a9810880">
      <Execution id="63619939-7b8a-4859-a2a0-c73b11a1feba" />
      <TestMethod codeBase="D:\v2.0\A1\_work\dbded102\bin\Release.AnyCPU\ServiceHooks.Service\MS.VS.Services.ServiceHooks.Consumers.L0.Tests\MS.VS.Services.ServiceHooks.Consumers.L0.Tests.dll" adapterTypeName="Microsoft.VisualStudio.TestTools.TestTypes.Unit.UnitTestAdapter" className="MS.VS.Services.ServiceHooks.Consumers.L0.Tests.Trello.ListCreateActionTests" name="Id_CheckExpected" />
    </UnitTest>
    <UnitTest name="ConsumerId_CheckExpected" storage="d:\v2.0\a1\_work\dbded102\bin\release.anycpu\servicehooks.service\ms.vs.services.servicehooks.consumers.l0.tests\ms.vs.services.servicehooks.consumers.l0.tests.dll" priority="1" id="75c2fdb7-be27-cc7a-47ea-1d5433e7adc3">
      <Execution id="4048d392-a434-433f-8946-4f3f3c4bbea1" />
      <TestMethod codeBase="D:\v2.0\A1\_work\dbded102\bin\Release.AnyCPU\ServiceHooks.Service\MS.VS.Services.ServiceHooks.Consumers.L0.Tests\MS.VS.Services.ServiceHooks.Consumers.L0.Tests.dll" adapterTypeName="Microsoft.VisualStudio.TestTools.TestTypes.Unit.UnitTestAdapter" className="MS.VS.Services.ServiceHooks.Consumers.L0.Tests.Trello.ListCreateActionTests" name="ConsumerId_CheckExpected" />
    </UnitTest>
    <UnitTest name="Name_CheckExpected" storage="d:\v2.0\a1\_work\dbded102\bin\release.anycpu\servicehooks.service\ms.vs.services.servicehooks.consumers.l0.tests\ms.vs.services.servicehooks.consumers.l0.tests.dll" priority="1" id="70010dbc-f7e8-5ed0-6155-96bf62fa3c57">
      <Execution id="0e3fcbc1-3734-4ec3-9fe6-49adf92bec8c" />
      <TestMethod codeBase="D:\v2.0\A1\_work\dbded102\bin\Release.AnyCPU\ServiceHooks.Service\MS.VS.Services.ServiceHooks.Consumers.L0.Tests\MS.VS.Services.ServiceHooks.Consumers.L0.Tests.dll" adapterTypeName="Microsoft.VisualStudio.TestTools.TestTypes.Unit.UnitTestAdapter" className="MS.VS.Services.ServiceHooks.Consumers.L0.Tests.Trello.ListCreateActionTests" name="Name_CheckExpected" />
    </UnitTest>
    <UnitTest name="Description_CheckExpected" storage="d:\v2.0\a1\_work\dbded102\bin\release.anycpu\servicehooks.service\ms.vs.services.servicehooks.consumers.l0.tests\ms.vs.services.servicehooks.consumers.l0.tests.dll" priority="1" id="02d3238d-0717-b7d4-c45c-de6627e987ea">
      <Execution id="2d41b9a7-5171-47e6-9a38-623623fb9e84" />
      <TestMethod codeBase="D:\v2.0\A1\_work\dbded102\bin\Release.AnyCPU\ServiceHooks.Service\MS.VS.Services.ServiceHooks.Consumers.L0.Tests\MS.VS.Services.ServiceHooks.Consumers.L0.Tests.dll" adapterTypeName="Microsoft.VisualStudio.TestTools.TestTypes.Unit.UnitTestAdapter" className="MS.VS.Services.ServiceHooks.Consumers.L0.Tests.Trello.ListCreateActionTests" name="Description_CheckExpected" />
    </UnitTest>
    <UnitTest name="SupportedEventTypes_CheckExpected" storage="d:\v2.0\a1\_work\dbded102\bin\release.anycpu\servicehooks.service\ms.vs.services.servicehooks.consumers.l0.tests\ms.vs.services.servicehooks.consumers.l0.tests.dll" priority="1" id="6e10b1c8-7605-d8f4-df42-e8cc479f25fb">
      <Execution id="bab60af6-daf5-4cb6-9e01-e933b0e30853" />
      <TestMethod codeBase="D:\v2.0\A1\_work\dbded102\bin\Release.AnyCPU\ServiceHooks.Service\MS.VS.Services.ServiceHooks.Consumers.L0.Tests\MS.VS.Services.ServiceHooks.Consumers.L0.Tests.dll" adapterTypeName="Microsoft.VisualStudio.TestTools.TestTypes.Unit.UnitTestAdapter" className="MS.VS.Services.ServiceHooks.Consumers.L0.Tests.Trello.ListCreateActionTests" name="SupportedEventTypes_CheckExpected" />
    </UnitTest>
    <UnitTest name="SupportedResourceVersions_CheckExpected" storage="d:\v2.0\a1\_work\dbded102\bin\release.anycpu\servicehooks.service\ms.vs.services.servicehooks.consumers.l0.tests\ms.vs.services.servicehooks.consumers.l0.tests.dll" priority="1" id="250656a5-89b2-3e2e-1802-e41ca78c400e">
      <Execution id="c4bdb57e-abb4-4016-84d0-469fbea0e7f3" />
      <TestMethod codeBase="D:\v2.0\A1\_work\dbded102\bin\Release.AnyCPU\ServiceHooks.Service\MS.VS.Services.ServiceHooks.Consumers.L0.Tests\MS.VS.Services.ServiceHooks.Consumers.L0.Tests.dll" adapterTypeName="Microsoft.VisualStudio.TestTools.TestTypes.Unit.UnitTestAdapter" className="MS.VS.Services.ServiceHooks.Consumers.L0.Tests.Trello.ListCreateActionTests" name="SupportedResourceVersions_CheckExpected" />
    </UnitTest>
    <UnitTest name="AllowResourceVersionOverride_CheckExpected" storage="d:\v2.0\a1\_work\dbded102\bin\release.anycpu\servicehooks.service\ms.vs.services.servicehooks.consumers.l0.tests\ms.vs.services.servicehooks.consumers.l0.tests.dll" priority="1" id="e7248f80-9f5c-dcd0-4780-c4bb34116a37">
      <Execution id="0ba92771-136d-4299-a31d-66c846aefabe" />
      <TestMethod codeBase="D:\v2.0\A1\_work\dbded102\bin\Release.AnyCPU\ServiceHooks.Service\MS.VS.Services.ServiceHooks.Consumers.L0.Tests\MS.VS.Services.ServiceHooks.Consumers.L0.Tests.dll" adapterTypeName="Microsoft.VisualStudio.TestTools.TestTypes.Unit.UnitTestAdapter" className="MS.VS.Services.ServiceHooks.Consumers.L0.Tests.Trello.ListCreateActionTests" name="AllowResourceVersionOverride_CheckExpected" />
    </UnitTest>
    <UnitTest name="InputDescriptors_CheckExpected" storage="d:\v2.0\a1\_work\dbded102\bin\release.anycpu\servicehooks.service\ms.vs.services.servicehooks.consumers.l0.tests\ms.vs.services.servicehooks.consumers.l0.tests.dll" priority="1" id="cc219011-e8cb-1451-b01e-f5f8e329599f">
      <Execution id="ff96962f-ab53-476f-88fa-5383cd036da4" />
      <TestMethod codeBase="D:\v2.0\A1\_work\dbded102\bin\Release.AnyCPU\ServiceHooks.Service\MS.VS.Services.ServiceHooks.Consumers.L0.Tests\MS.VS.Services.ServiceHooks.Consumers.L0.Tests.dll" adapterTypeName="Microsoft.VisualStudio.TestTools.TestTypes.Unit.UnitTestAdapter" className="MS.VS.Services.ServiceHooks.Consumers.L0.Tests.Trello.ListCreateActionTests" name="InputDescriptors_CheckExpected" />
    </UnitTest>
    <UnitTest name="Id_CheckExpected" storage="d:\v2.0\a1\_work\dbded102\bin\release.anycpu\servicehooks.service\ms.vs.services.servicehooks.consumers.l0.tests\ms.vs.services.servicehooks.consumers.l0.tests.dll" priority="1" id="85f5700a-d540-c37f-17e8-46f48c8e1f80">
      <Execution id="a1c85cdb-5b56-443f-b995-052fcfb6eb7e" />
      <TestMethod codeBase="D:\v2.0\A1\_work\dbded102\bin\Release.AnyCPU\ServiceHooks.Service\MS.VS.Services.ServiceHooks.Consumers.L0.Tests\MS.VS.Services.ServiceHooks.Consumers.L0.Tests.dll" adapterTypeName="Microsoft.VisualStudio.TestTools.TestTypes.Unit.UnitTestAdapter" className="MS.VS.Services.ServiceHooks.Consumers.L0.Tests.Trello.TrelloConsumerTests" name="Id_CheckExpected" />
    </UnitTest>
    <UnitTest name="Name_CheckExpected" storage="d:\v2.0\a1\_work\dbded102\bin\release.anycpu\servicehooks.service\ms.vs.services.servicehooks.consumers.l0.tests\ms.vs.services.servicehooks.consumers.l0.tests.dll" priority="1" id="b7c86b6b-75fb-e8b2-d3f6-3d29f2abf86a">
      <Execution id="43284898-ae60-4dd7-b702-6661bc5ea0d8" />
      <TestMethod codeBase="D:\v2.0\A1\_work\dbded102\bin\Release.AnyCPU\ServiceHooks.Service\MS.VS.Services.ServiceHooks.Consumers.L0.Tests\MS.VS.Services.ServiceHooks.Consumers.L0.Tests.dll" adapterTypeName="Microsoft.VisualStudio.TestTools.TestTypes.Unit.UnitTestAdapter" className="MS.VS.Services.ServiceHooks.Consumers.L0.Tests.Trello.TrelloConsumerTests" name="Name_CheckExpected" />
    </UnitTest>
    <UnitTest name="Description_CheckExpected" storage="d:\v2.0\a1\_work\dbded102\bin\release.anycpu\servicehooks.service\ms.vs.services.servicehooks.consumers.l0.tests\ms.vs.services.servicehooks.consumers.l0.tests.dll" priority="1" id="a35f67f8-7ba1-728b-c59d-f0a9ce2cea1a">
      <Execution id="474741b4-e810-41c9-944a-e3ac05462a1b" />
      <TestMethod codeBase="D:\v2.0\A1\_work\dbded102\bin\Release.AnyCPU\ServiceHooks.Service\MS.VS.Services.ServiceHooks.Consumers.L0.Tests\MS.VS.Services.ServiceHooks.Consumers.L0.Tests.dll" adapterTypeName="Microsoft.VisualStudio.TestTools.TestTypes.Unit.UnitTestAdapter" className="MS.VS.Services.ServiceHooks.Consumers.L0.Tests.Trello.TrelloConsumerTests" name="Description_CheckExpected" />
    </UnitTest>
    <UnitTest name="InformationUrl_CheckExpected" storage="d:\v2.0\a1\_work\dbded102\bin\release.anycpu\servicehooks.service\ms.vs.services.servicehooks.consumers.l0.tests\ms.vs.services.servicehooks.consumers.l0.tests.dll" priority="1" id="29718d6d-0dca-fff8-d7dd-e3a31e921427">
      <Execution id="4f37e1bb-a4da-49bf-800a-bba2272bcf93" />
      <TestMethod codeBase="D:\v2.0\A1\_work\dbded102\bin\Release.AnyCPU\ServiceHooks.Service\MS.VS.Services.ServiceHooks.Consumers.L0.Tests\MS.VS.Services.ServiceHooks.Consumers.L0.Tests.dll" adapterTypeName="Microsoft.VisualStudio.TestTools.TestTypes.Unit.UnitTestAdapter" className="MS.VS.Services.ServiceHooks.Consumers.L0.Tests.Trello.TrelloConsumerTests" name="InformationUrl_CheckExpected" />
    </UnitTest>
    <UnitTest name="ImageUrl_CheckExpected" storage="d:\v2.0\a1\_work\dbded102\bin\release.anycpu\servicehooks.service\ms.vs.services.servicehooks.consumers.l0.tests\ms.vs.services.servicehooks.consumers.l0.tests.dll" priority="1" id="b786b2f6-a107-798f-6a57-8a357c398fad">
      <Execution id="b9b22f48-bb8d-46e9-a907-0515ee3deab9" />
      <TestMethod codeBase="D:\v2.0\A1\_work\dbded102\bin\Release.AnyCPU\ServiceHooks.Service\MS.VS.Services.ServiceHooks.Consumers.L0.Tests\MS.VS.Services.ServiceHooks.Consumers.L0.Tests.dll" adapterTypeName="Microsoft.VisualStudio.TestTools.TestTypes.Unit.UnitTestAdapter" className="MS.VS.Services.ServiceHooks.Consumers.L0.Tests.Trello.TrelloConsumerTests" name="ImageUrl_CheckExpected" />
    </UnitTest>
    <UnitTest name="AuthenticationType_CheckExpected" storage="d:\v2.0\a1\_work\dbded102\bin\release.anycpu\servicehooks.service\ms.vs.services.servicehooks.consumers.l0.tests\ms.vs.services.servicehooks.consumers.l0.tests.dll" priority="1" id="0d3f02d1-d7bc-bf81-e177-2018e4b1f8a6">
      <Execution id="4fad7128-11e9-4d74-84ce-551d1ffd33ab" />
      <TestMethod codeBase="D:\v2.0\A1\_work\dbded102\bin\Release.AnyCPU\ServiceHooks.Service\MS.VS.Services.ServiceHooks.Consumers.L0.Tests\MS.VS.Services.ServiceHooks.Consumers.L0.Tests.dll" adapterTypeName="Microsoft.VisualStudio.TestTools.TestTypes.Unit.UnitTestAdapter" className="MS.VS.Services.ServiceHooks.Consumers.L0.Tests.Trello.TrelloConsumerTests" name="AuthenticationType_CheckExpected" />
    </UnitTest>
    <UnitTest name="ExternalConfiguration_CheckExpected" storage="d:\v2.0\a1\_work\dbded102\bin\release.anycpu\servicehooks.service\ms.vs.services.servicehooks.consumers.l0.tests\ms.vs.services.servicehooks.consumers.l0.tests.dll" priority="1" id="6a4cec18-a338-2326-adb5-24434248713f">
      <Execution id="c6412dfb-95d7-4cb0-89c4-f638af093772" />
      <TestMethod codeBase="D:\v2.0\A1\_work\dbded102\bin\Release.AnyCPU\ServiceHooks.Service\MS.VS.Services.ServiceHooks.Consumers.L0.Tests\MS.VS.Services.ServiceHooks.Consumers.L0.Tests.dll" adapterTypeName="Microsoft.VisualStudio.TestTools.TestTypes.Unit.UnitTestAdapter" className="MS.VS.Services.ServiceHooks.Consumers.L0.Tests.Trello.TrelloConsumerTests" name="ExternalConfiguration_CheckExpected" />
    </UnitTest>
    <UnitTest name="InputDescriptors_CheckExpected" storage="d:\v2.0\a1\_work\dbded102\bin\release.anycpu\servicehooks.service\ms.vs.services.servicehooks.consumers.l0.tests\ms.vs.services.servicehooks.consumers.l0.tests.dll" priority="1" id="2568eba1-c37b-cfca-67b9-aee0157e2829">
      <Execution id="c29ee055-5d08-4a72-ac3e-8a1cccb9a77e" />
      <TestMethod codeBase="D:\v2.0\A1\_work\dbded102\bin\Release.AnyCPU\ServiceHooks.Service\MS.VS.Services.ServiceHooks.Consumers.L0.Tests\MS.VS.Services.ServiceHooks.Consumers.L0.Tests.dll" adapterTypeName="Microsoft.VisualStudio.TestTools.TestTypes.Unit.UnitTestAdapter" className="MS.VS.Services.ServiceHooks.Consumers.L0.Tests.Trello.TrelloConsumerTests" name="InputDescriptors_CheckExpected" />
    </UnitTest>
    <UnitTest name="FeatureName_CheckExpected" storage="d:\v2.0\a1\_work\dbded102\bin\release.anycpu\servicehooks.service\ms.vs.services.servicehooks.consumers.l0.tests\ms.vs.services.servicehooks.consumers.l0.tests.dll" priority="1" id="67c13865-8422-ad4f-ee33-6367aed0c20a">
      <Execution id="e01652b2-6d5e-4cd4-9f05-65901cc6e131" />
      <TestMethod codeBase="D:\v2.0\A1\_work\dbded102\bin\Release.AnyCPU\ServiceHooks.Service\MS.VS.Services.ServiceHooks.Consumers.L0.Tests\MS.VS.Services.ServiceHooks.Consumers.L0.Tests.dll" adapterTypeName="Microsoft.VisualStudio.TestTools.TestTypes.Unit.UnitTestAdapter" className="MS.VS.Services.ServiceHooks.Consumers.L0.Tests.Trello.TrelloConsumerTests" name="FeatureName_CheckExpected" />
    </UnitTest>
    <UnitTest name="HandleEvent_BuildComplete_ShouldReturnHttpActionTaskConfiguredOk" storage="d:\v2.0\a1\_work\dbded102\bin\release.anycpu\servicehooks.service\ms.vs.services.servicehooks.consumers.l0.tests\ms.vs.services.servicehooks.consumers.l0.tests.dll" priority="1" id="31fe1e88-5a02-7a4c-21d7-b3804e382dab">
      <Owners>
        <Owner name="v-bruca" />
      </Owners>
      <Execution id="88140fec-5406-4b3b-bfb6-ca38e4885a2a" />
      <TestMethod codeBase="D:\v2.0\A1\_work\dbded102\bin\Release.AnyCPU\ServiceHooks.Service\MS.VS.Services.ServiceHooks.Consumers.L0.Tests\MS.VS.Services.ServiceHooks.Consumers.L0.Tests.dll" adapterTypeName="Microsoft.VisualStudio.TestTools.TestTypes.Unit.UnitTestAdapter" className="MS.VS.Services.ServiceHooks.Consumers.L0.Tests.Slack.PostMessageToChannelActionTests" name="HandleEvent_BuildComplete_ShouldReturnHttpActionTaskConfiguredOk" />
    </UnitTest>
    <UnitTest name="HandleEvent_GitPush_ShouldReturnHttpActionTaskConfiguredOk" storage="d:\v2.0\a1\_work\dbded102\bin\release.anycpu\servicehooks.service\ms.vs.services.servicehooks.consumers.l0.tests\ms.vs.services.servicehooks.consumers.l0.tests.dll" priority="1" id="cba29d63-2c44-87bc-0ed9-3c6222472991">
      <Owners>
        <Owner name="v-bruca" />
      </Owners>
      <Execution id="98ebbc05-2ad3-4f7c-9890-6fe78062e9a8" />
      <TestMethod codeBase="D:\v2.0\A1\_work\dbded102\bin\Release.AnyCPU\ServiceHooks.Service\MS.VS.Services.ServiceHooks.Consumers.L0.Tests\MS.VS.Services.ServiceHooks.Consumers.L0.Tests.dll" adapterTypeName="Microsoft.VisualStudio.TestTools.TestTypes.Unit.UnitTestAdapter" className="MS.VS.Services.ServiceHooks.Consumers.L0.Tests.Slack.PostMessageToChannelActionTests" name="HandleEvent_GitPush_ShouldReturnHttpActionTaskConfiguredOk" />
    </UnitTest>
    <UnitTest name="HandleEvent_PullRequestCreated_ShouldReturnHttpActionTaskConfiguredOk" storage="d:\v2.0\a1\_work\dbded102\bin\release.anycpu\servicehooks.service\ms.vs.services.servicehooks.consumers.l0.tests\ms.vs.services.servicehooks.consumers.l0.tests.dll" priority="1" id="f984fc56-10d5-503d-c8be-76d7cf0432b9">
      <Owners>
        <Owner name="v-bruca" />
      </Owners>
      <Execution id="64d6cf6d-fa74-4a98-9aa3-49321a7053e2" />
      <TestMethod codeBase="D:\v2.0\A1\_work\dbded102\bin\Release.AnyCPU\ServiceHooks.Service\MS.VS.Services.ServiceHooks.Consumers.L0.Tests\MS.VS.Services.ServiceHooks.Consumers.L0.Tests.dll" adapterTypeName="Microsoft.VisualStudio.TestTools.TestTypes.Unit.UnitTestAdapter" className="MS.VS.Services.ServiceHooks.Consumers.L0.Tests.Slack.PostMessageToChannelActionTests" name="HandleEvent_PullRequestCreated_ShouldReturnHttpActionTaskConfiguredOk" />
    </UnitTest>
    <UnitTest name="HandleEvent_PullRequestUpdated_ShouldReturnHttpActionTaskConfiguredOk" storage="d:\v2.0\a1\_work\dbded102\bin\release.anycpu\servicehooks.service\ms.vs.services.servicehooks.consumers.l0.tests\ms.vs.services.servicehooks.consumers.l0.tests.dll" priority="1" id="357355db-b40f-add9-8fce-7371288fbaf8">
      <Owners>
        <Owner name="v-bruca" />
      </Owners>
      <Execution id="e431ec74-e78f-4475-abec-321ff00da9eb" />
      <TestMethod codeBase="D:\v2.0\A1\_work\dbded102\bin\Release.AnyCPU\ServiceHooks.Service\MS.VS.Services.ServiceHooks.Consumers.L0.Tests\MS.VS.Services.ServiceHooks.Consumers.L0.Tests.dll" adapterTypeName="Microsoft.VisualStudio.TestTools.TestTypes.Unit.UnitTestAdapter" className="MS.VS.Services.ServiceHooks.Consumers.L0.Tests.Slack.PostMessageToChannelActionTests" name="HandleEvent_PullRequestUpdated_ShouldReturnHttpActionTaskConfiguredOk" />
    </UnitTest>
    <UnitTest name="HandleEvent_CodeCheckedIn_ShouldReturnHttpActionTaskConfiguredOk" storage="d:\v2.0\a1\_work\dbded102\bin\release.anycpu\servicehooks.service\ms.vs.services.servicehooks.consumers.l0.tests\ms.vs.services.servicehooks.consumers.l0.tests.dll" priority="1" id="d9afc760-0213-c9d6-bd98-6e9850d1ef88">
      <Owners>
        <Owner name="v-bruca" />
      </Owners>
      <Execution id="54b88a4b-5ec0-43ed-84d2-d50882592279" />
      <TestMethod codeBase="D:\v2.0\A1\_work\dbded102\bin\Release.AnyCPU\ServiceHooks.Service\MS.VS.Services.ServiceHooks.Consumers.L0.Tests\MS.VS.Services.ServiceHooks.Consumers.L0.Tests.dll" adapterTypeName="Microsoft.VisualStudio.TestTools.TestTypes.Unit.UnitTestAdapter" className="MS.VS.Services.ServiceHooks.Consumers.L0.Tests.Slack.PostMessageToChannelActionTests" name="HandleEvent_CodeCheckedIn_ShouldReturnHttpActionTaskConfiguredOk" />
    </UnitTest>
    <UnitTest name="HandleEvent_WorkItemCreated_ShouldReturnHttpActionTaskConfiguredOk" storage="d:\v2.0\a1\_work\dbded102\bin\release.anycpu\servicehooks.service\ms.vs.services.servicehooks.consumers.l0.tests\ms.vs.services.servicehooks.consumers.l0.tests.dll" priority="1" id="991a2630-0305-c322-bfc1-b42d1f9199fb">
      <Owners>
        <Owner name="v-bruca" />
      </Owners>
      <Execution id="5587f55b-c9b4-46d1-837e-98d09238c7a4" />
      <TestMethod codeBase="D:\v2.0\A1\_work\dbded102\bin\Release.AnyCPU\ServiceHooks.Service\MS.VS.Services.ServiceHooks.Consumers.L0.Tests\MS.VS.Services.ServiceHooks.Consumers.L0.Tests.dll" adapterTypeName="Microsoft.VisualStudio.TestTools.TestTypes.Unit.UnitTestAdapter" className="MS.VS.Services.ServiceHooks.Consumers.L0.Tests.Slack.PostMessageToChannelActionTests" name="HandleEvent_WorkItemCreated_ShouldReturnHttpActionTaskConfiguredOk" />
    </UnitTest>
    <UnitTest name="HandleEvent_WorkItemUpdated_ShouldReturnHttpActionTaskConfiguredOk" storage="d:\v2.0\a1\_work\dbded102\bin\release.anycpu\servicehooks.service\ms.vs.services.servicehooks.consumers.l0.tests\ms.vs.services.servicehooks.consumers.l0.tests.dll" priority="1" id="3955218e-bfaf-0f5f-f542-6ba8723213bd">
      <Owners>
        <Owner name="v-bruca" />
      </Owners>
      <Execution id="38d4b470-2e7f-479e-b711-ed66c5bb2bbd" />
      <TestMethod codeBase="D:\v2.0\A1\_work\dbded102\bin\Release.AnyCPU\ServiceHooks.Service\MS.VS.Services.ServiceHooks.Consumers.L0.Tests\MS.VS.Services.ServiceHooks.Consumers.L0.Tests.dll" adapterTypeName="Microsoft.VisualStudio.TestTools.TestTypes.Unit.UnitTestAdapter" className="MS.VS.Services.ServiceHooks.Consumers.L0.Tests.Slack.PostMessageToChannelActionTests" name="HandleEvent_WorkItemUpdated_ShouldReturnHttpActionTaskConfiguredOk" />
    </UnitTest>
    <UnitTest name="HandleEvent_WorkItemUpdatedWithNoFields_ShouldReturnHttpActionTaskConfiguredOk" storage="d:\v2.0\a1\_work\dbded102\bin\release.anycpu\servicehooks.service\ms.vs.services.servicehooks.consumers.l0.tests\ms.vs.services.servicehooks.consumers.l0.tests.dll" priority="1" id="07dbf28a-4bd4-5f02-6f7d-66099f04b433">
      <Owners>
        <Owner name="v-bruca" />
      </Owners>
      <Execution id="a8ba202c-fafe-485a-8062-472b84cf673a" />
      <TestMethod codeBase="D:\v2.0\A1\_work\dbded102\bin\Release.AnyCPU\ServiceHooks.Service\MS.VS.Services.ServiceHooks.Consumers.L0.Tests\MS.VS.Services.ServiceHooks.Consumers.L0.Tests.dll" adapterTypeName="Microsoft.VisualStudio.TestTools.TestTypes.Unit.UnitTestAdapter" className="MS.VS.Services.ServiceHooks.Consumers.L0.Tests.Slack.PostMessageToChannelActionTests" name="HandleEvent_WorkItemUpdatedWithNoFields_ShouldReturnHttpActionTaskConfiguredOk" />
    </UnitTest>
    <UnitTest name="HandleEvent_WorkItemCommented_ShouldReturnHttpActionTaskConfiguredOk" storage="d:\v2.0\a1\_work\dbded102\bin\release.anycpu\servicehooks.service\ms.vs.services.servicehooks.consumers.l0.tests\ms.vs.services.servicehooks.consumers.l0.tests.dll" priority="1" id="1eb18d99-c7dd-9d00-6b9b-e409aabf5969">
      <Owners>
        <Owner name="v-bruca" />
      </Owners>
      <Execution id="7b16dca7-bce3-417e-b3de-5b2ed0f29949" />
      <TestMethod codeBase="D:\v2.0\A1\_work\dbded102\bin\Release.AnyCPU\ServiceHooks.Service\MS.VS.Services.ServiceHooks.Consumers.L0.Tests\MS.VS.Services.ServiceHooks.Consumers.L0.Tests.dll" adapterTypeName="Microsoft.VisualStudio.TestTools.TestTypes.Unit.UnitTestAdapter" className="MS.VS.Services.ServiceHooks.Consumers.L0.Tests.Slack.PostMessageToChannelActionTests" name="HandleEvent_WorkItemCommented_ShouldReturnHttpActionTaskConfiguredOk" />
    </UnitTest>
    <UnitTest name="HandleEvent_MessagePosted_ShouldReturnHttpActionTaskConfiguredOk" storage="d:\v2.0\a1\_work\dbded102\bin\release.anycpu\servicehooks.service\ms.vs.services.servicehooks.consumers.l0.tests\ms.vs.services.servicehooks.consumers.l0.tests.dll" priority="1" id="fc15aa9e-6402-65bb-7b2d-c1aef4a70ad8">
      <Owners>
        <Owner name="v-bruca" />
      </Owners>
      <Execution id="02a4e335-7e49-4538-a659-873963980ed5" />
      <TestMethod codeBase="D:\v2.0\A1\_work\dbded102\bin\Release.AnyCPU\ServiceHooks.Service\MS.VS.Services.ServiceHooks.Consumers.L0.Tests\MS.VS.Services.ServiceHooks.Consumers.L0.Tests.dll" adapterTypeName="Microsoft.VisualStudio.TestTools.TestTypes.Unit.UnitTestAdapter" className="MS.VS.Services.ServiceHooks.Consumers.L0.Tests.Slack.PostMessageToChannelActionTests" name="HandleEvent_MessagePosted_ShouldReturnHttpActionTaskConfiguredOk" />
    </UnitTest>
    <UnitTest name="Id_CheckExpected" storage="d:\v2.0\a1\_work\dbded102\bin\release.anycpu\servicehooks.service\ms.vs.services.servicehooks.consumers.l0.tests\ms.vs.services.servicehooks.consumers.l0.tests.dll" priority="1" id="757fd3cf-0e2f-e8d1-af0f-43fed84653cd">
      <Execution id="30d93683-f886-4268-9af7-6c397d46f963" />
      <TestMethod codeBase="D:\v2.0\A1\_work\dbded102\bin\Release.AnyCPU\ServiceHooks.Service\MS.VS.Services.ServiceHooks.Consumers.L0.Tests\MS.VS.Services.ServiceHooks.Consumers.L0.Tests.dll" adapterTypeName="Microsoft.VisualStudio.TestTools.TestTypes.Unit.UnitTestAdapter" className="MS.VS.Services.ServiceHooks.Consumers.L0.Tests.Slack.PostMessageToChannelActionTests" name="Id_CheckExpected" />
    </UnitTest>
    <UnitTest name="ConsumerId_CheckExpected" storage="d:\v2.0\a1\_work\dbded102\bin\release.anycpu\servicehooks.service\ms.vs.services.servicehooks.consumers.l0.tests\ms.vs.services.servicehooks.consumers.l0.tests.dll" priority="1" id="b380b062-031d-b73c-fb51-b3933216c1df">
      <Execution id="b280eceb-7381-4a49-be0c-04b16480213a" />
      <TestMethod codeBase="D:\v2.0\A1\_work\dbded102\bin\Release.AnyCPU\ServiceHooks.Service\MS.VS.Services.ServiceHooks.Consumers.L0.Tests\MS.VS.Services.ServiceHooks.Consumers.L0.Tests.dll" adapterTypeName="Microsoft.VisualStudio.TestTools.TestTypes.Unit.UnitTestAdapter" className="MS.VS.Services.ServiceHooks.Consumers.L0.Tests.Slack.PostMessageToChannelActionTests" name="ConsumerId_CheckExpected" />
    </UnitTest>
    <UnitTest name="Name_CheckExpected" storage="d:\v2.0\a1\_work\dbded102\bin\release.anycpu\servicehooks.service\ms.vs.services.servicehooks.consumers.l0.tests\ms.vs.services.servicehooks.consumers.l0.tests.dll" priority="1" id="3a84391d-65ca-3c59-17fd-6f464daa05d1">
      <Execution id="e283231c-eaca-485c-8d08-221369095017" />
      <TestMethod codeBase="D:\v2.0\A1\_work\dbded102\bin\Release.AnyCPU\ServiceHooks.Service\MS.VS.Services.ServiceHooks.Consumers.L0.Tests\MS.VS.Services.ServiceHooks.Consumers.L0.Tests.dll" adapterTypeName="Microsoft.VisualStudio.TestTools.TestTypes.Unit.UnitTestAdapter" className="MS.VS.Services.ServiceHooks.Consumers.L0.Tests.Slack.PostMessageToChannelActionTests" name="Name_CheckExpected" />
    </UnitTest>
    <UnitTest name="Description_CheckExpected" storage="d:\v2.0\a1\_work\dbded102\bin\release.anycpu\servicehooks.service\ms.vs.services.servicehooks.consumers.l0.tests\ms.vs.services.servicehooks.consumers.l0.tests.dll" priority="1" id="a5010ebf-5e58-2ef6-57a9-64ba977b8c6a">
      <Execution id="be9cf8c9-c9f1-4469-927a-fc0dbd6df98d" />
      <TestMethod codeBase="D:\v2.0\A1\_work\dbded102\bin\Release.AnyCPU\ServiceHooks.Service\MS.VS.Services.ServiceHooks.Consumers.L0.Tests\MS.VS.Services.ServiceHooks.Consumers.L0.Tests.dll" adapterTypeName="Microsoft.VisualStudio.TestTools.TestTypes.Unit.UnitTestAdapter" className="MS.VS.Services.ServiceHooks.Consumers.L0.Tests.Slack.PostMessageToChannelActionTests" name="Description_CheckExpected" />
    </UnitTest>
    <UnitTest name="SupportedEventTypes_CheckExpected" storage="d:\v2.0\a1\_work\dbded102\bin\release.anycpu\servicehooks.service\ms.vs.services.servicehooks.consumers.l0.tests\ms.vs.services.servicehooks.consumers.l0.tests.dll" priority="1" id="60681953-b6f2-eb3a-ba7c-ddbd2c07d414">
      <Execution id="db5c96bf-2d22-4da4-ba5f-72cec4e63553" />
      <TestMethod codeBase="D:\v2.0\A1\_work\dbded102\bin\Release.AnyCPU\ServiceHooks.Service\MS.VS.Services.ServiceHooks.Consumers.L0.Tests\MS.VS.Services.ServiceHooks.Consumers.L0.Tests.dll" adapterTypeName="Microsoft.VisualStudio.TestTools.TestTypes.Unit.UnitTestAdapter" className="MS.VS.Services.ServiceHooks.Consumers.L0.Tests.Slack.PostMessageToChannelActionTests" name="SupportedEventTypes_CheckExpected" />
    </UnitTest>
    <UnitTest name="SupportedResourceVersions_CheckExpected" storage="d:\v2.0\a1\_work\dbded102\bin\release.anycpu\servicehooks.service\ms.vs.services.servicehooks.consumers.l0.tests\ms.vs.services.servicehooks.consumers.l0.tests.dll" priority="1" id="518616fe-5139-0bc9-45e6-23e418ca88fc">
      <Execution id="46153df3-332c-40b3-91c8-4a6decf4861c" />
      <TestMethod codeBase="D:\v2.0\A1\_work\dbded102\bin\Release.AnyCPU\ServiceHooks.Service\MS.VS.Services.ServiceHooks.Consumers.L0.Tests\MS.VS.Services.ServiceHooks.Consumers.L0.Tests.dll" adapterTypeName="Microsoft.VisualStudio.TestTools.TestTypes.Unit.UnitTestAdapter" className="MS.VS.Services.ServiceHooks.Consumers.L0.Tests.Slack.PostMessageToChannelActionTests" name="SupportedResourceVersions_CheckExpected" />
    </UnitTest>
    <UnitTest name="AllowResourceVersionOverride_CheckExpected" storage="d:\v2.0\a1\_work\dbded102\bin\release.anycpu\servicehooks.service\ms.vs.services.servicehooks.consumers.l0.tests\ms.vs.services.servicehooks.consumers.l0.tests.dll" priority="1" id="f26a1951-de40-6a5f-c2ad-637f9b5a54b0">
      <Execution id="99f0a06c-6534-4337-8dee-dcdaa7e3c1db" />
      <TestMethod codeBase="D:\v2.0\A1\_work\dbded102\bin\Release.AnyCPU\ServiceHooks.Service\MS.VS.Services.ServiceHooks.Consumers.L0.Tests\MS.VS.Services.ServiceHooks.Consumers.L0.Tests.dll" adapterTypeName="Microsoft.VisualStudio.TestTools.TestTypes.Unit.UnitTestAdapter" className="MS.VS.Services.ServiceHooks.Consumers.L0.Tests.Slack.PostMessageToChannelActionTests" name="AllowResourceVersionOverride_CheckExpected" />
    </UnitTest>
    <UnitTest name="InputDescriptors_CheckExpected" storage="d:\v2.0\a1\_work\dbded102\bin\release.anycpu\servicehooks.service\ms.vs.services.servicehooks.consumers.l0.tests\ms.vs.services.servicehooks.consumers.l0.tests.dll" priority="1" id="fd7fff0a-c012-7d7e-8519-dd19df1803ab">
      <Execution id="2ca88d11-4779-4a95-b95e-4e01d9c85867" />
      <TestMethod codeBase="D:\v2.0\A1\_work\dbded102\bin\Release.AnyCPU\ServiceHooks.Service\MS.VS.Services.ServiceHooks.Consumers.L0.Tests\MS.VS.Services.ServiceHooks.Consumers.L0.Tests.dll" adapterTypeName="Microsoft.VisualStudio.TestTools.TestTypes.Unit.UnitTestAdapter" className="MS.VS.Services.ServiceHooks.Consumers.L0.Tests.Slack.PostMessageToChannelActionTests" name="InputDescriptors_CheckExpected" />
    </UnitTest>
    <UnitTest name="Id_CheckExpected" storage="d:\v2.0\a1\_work\dbded102\bin\release.anycpu\servicehooks.service\ms.vs.services.servicehooks.consumers.l0.tests\ms.vs.services.servicehooks.consumers.l0.tests.dll" priority="1" id="43f80761-66d8-691f-d9df-b1200c0eae48">
      <Execution id="b4780006-69cc-4a6b-9e79-9351df6620f0" />
      <TestMethod codeBase="D:\v2.0\A1\_work\dbded102\bin\Release.AnyCPU\ServiceHooks.Service\MS.VS.Services.ServiceHooks.Consumers.L0.Tests\MS.VS.Services.ServiceHooks.Consumers.L0.Tests.dll" adapterTypeName="Microsoft.VisualStudio.TestTools.TestTypes.Unit.UnitTestAdapter" className="MS.VS.Services.ServiceHooks.Consumers.L0.Tests.Slack.SlackConsumerTests" name="Id_CheckExpected" />
    </UnitTest>
    <UnitTest name="Name_CheckExpected" storage="d:\v2.0\a1\_work\dbded102\bin\release.anycpu\servicehooks.service\ms.vs.services.servicehooks.consumers.l0.tests\ms.vs.services.servicehooks.consumers.l0.tests.dll" priority="1" id="23954ce7-e722-fbf9-7aff-3186d41da677">
      <Execution id="76ffb490-4bf1-4525-8ac8-c2300a75559f" />
      <TestMethod codeBase="D:\v2.0\A1\_work\dbded102\bin\Release.AnyCPU\ServiceHooks.Service\MS.VS.Services.ServiceHooks.Consumers.L0.Tests\MS.VS.Services.ServiceHooks.Consumers.L0.Tests.dll" adapterTypeName="Microsoft.VisualStudio.TestTools.TestTypes.Unit.UnitTestAdapter" className="MS.VS.Services.ServiceHooks.Consumers.L0.Tests.Slack.SlackConsumerTests" name="Name_CheckExpected" />
    </UnitTest>
    <UnitTest name="Description_CheckExpected" storage="d:\v2.0\a1\_work\dbded102\bin\release.anycpu\servicehooks.service\ms.vs.services.servicehooks.consumers.l0.tests\ms.vs.services.servicehooks.consumers.l0.tests.dll" priority="1" id="a9dd12d3-21a5-be22-6c87-7da60ffc98f1">
      <Execution id="21b7f04c-2725-4bac-bd9b-83d7fcf28903" />
      <TestMethod codeBase="D:\v2.0\A1\_work\dbded102\bin\Release.AnyCPU\ServiceHooks.Service\MS.VS.Services.ServiceHooks.Consumers.L0.Tests\MS.VS.Services.ServiceHooks.Consumers.L0.Tests.dll" adapterTypeName="Microsoft.VisualStudio.TestTools.TestTypes.Unit.UnitTestAdapter" className="MS.VS.Services.ServiceHooks.Consumers.L0.Tests.Slack.SlackConsumerTests" name="Description_CheckExpected" />
    </UnitTest>
    <UnitTest name="InformationUrl_CheckExpected" storage="d:\v2.0\a1\_work\dbded102\bin\release.anycpu\servicehooks.service\ms.vs.services.servicehooks.consumers.l0.tests\ms.vs.services.servicehooks.consumers.l0.tests.dll" priority="1" id="96397bac-6ce6-55d5-fd80-81621d972635">
      <Execution id="10b59086-4ab7-4e82-a21b-df3a14aaa41b" />
      <TestMethod codeBase="D:\v2.0\A1\_work\dbded102\bin\Release.AnyCPU\ServiceHooks.Service\MS.VS.Services.ServiceHooks.Consumers.L0.Tests\MS.VS.Services.ServiceHooks.Consumers.L0.Tests.dll" adapterTypeName="Microsoft.VisualStudio.TestTools.TestTypes.Unit.UnitTestAdapter" className="MS.VS.Services.ServiceHooks.Consumers.L0.Tests.Slack.SlackConsumerTests" name="InformationUrl_CheckExpected" />
    </UnitTest>
    <UnitTest name="ImageUrl_CheckExpected" storage="d:\v2.0\a1\_work\dbded102\bin\release.anycpu\servicehooks.service\ms.vs.services.servicehooks.consumers.l0.tests\ms.vs.services.servicehooks.consumers.l0.tests.dll" priority="1" id="a45a4c11-af1a-97f7-9524-719689e32cdc">
      <Execution id="0c0e911b-8031-43b3-9759-41964d1ed2ba" />
      <TestMethod codeBase="D:\v2.0\A1\_work\dbded102\bin\Release.AnyCPU\ServiceHooks.Service\MS.VS.Services.ServiceHooks.Consumers.L0.Tests\MS.VS.Services.ServiceHooks.Consumers.L0.Tests.dll" adapterTypeName="Microsoft.VisualStudio.TestTools.TestTypes.Unit.UnitTestAdapter" className="MS.VS.Services.ServiceHooks.Consumers.L0.Tests.Slack.SlackConsumerTests" name="ImageUrl_CheckExpected" />
    </UnitTest>
    <UnitTest name="AuthenticationType_CheckExpected" storage="d:\v2.0\a1\_work\dbded102\bin\release.anycpu\servicehooks.service\ms.vs.services.servicehooks.consumers.l0.tests\ms.vs.services.servicehooks.consumers.l0.tests.dll" priority="1" id="4370de23-20e3-bc2d-ea35-616588b730cf">
      <Execution id="d74dde05-6190-4545-9cc6-a5456bf4b284" />
      <TestMethod codeBase="D:\v2.0\A1\_work\dbded102\bin\Release.AnyCPU\ServiceHooks.Service\MS.VS.Services.ServiceHooks.Consumers.L0.Tests\MS.VS.Services.ServiceHooks.Consumers.L0.Tests.dll" adapterTypeName="Microsoft.VisualStudio.TestTools.TestTypes.Unit.UnitTestAdapter" className="MS.VS.Services.ServiceHooks.Consumers.L0.Tests.Slack.SlackConsumerTests" name="AuthenticationType_CheckExpected" />
    </UnitTest>
    <UnitTest name="ExternalConfiguration_CheckExpected" storage="d:\v2.0\a1\_work\dbded102\bin\release.anycpu\servicehooks.service\ms.vs.services.servicehooks.consumers.l0.tests\ms.vs.services.servicehooks.consumers.l0.tests.dll" priority="1" id="98f347e1-cc54-716e-da87-0672df647855">
      <Execution id="e544b9dd-c2e6-40c3-953c-961319092a8c" />
      <TestMethod codeBase="D:\v2.0\A1\_work\dbded102\bin\Release.AnyCPU\ServiceHooks.Service\MS.VS.Services.ServiceHooks.Consumers.L0.Tests\MS.VS.Services.ServiceHooks.Consumers.L0.Tests.dll" adapterTypeName="Microsoft.VisualStudio.TestTools.TestTypes.Unit.UnitTestAdapter" className="MS.VS.Services.ServiceHooks.Consumers.L0.Tests.Slack.SlackConsumerTests" name="ExternalConfiguration_CheckExpected" />
    </UnitTest>
    <UnitTest name="InputDescriptors_CheckExpected" storage="d:\v2.0\a1\_work\dbded102\bin\release.anycpu\servicehooks.service\ms.vs.services.servicehooks.consumers.l0.tests\ms.vs.services.servicehooks.consumers.l0.tests.dll" priority="1" id="0d48430f-91f1-4ceb-4de7-2b87e2242e31">
      <Execution id="0f8c99b9-19b6-4c70-9408-1bd27f3fe3a2" />
      <TestMethod codeBase="D:\v2.0\A1\_work\dbded102\bin\Release.AnyCPU\ServiceHooks.Service\MS.VS.Services.ServiceHooks.Consumers.L0.Tests\MS.VS.Services.ServiceHooks.Consumers.L0.Tests.dll" adapterTypeName="Microsoft.VisualStudio.TestTools.TestTypes.Unit.UnitTestAdapter" className="MS.VS.Services.ServiceHooks.Consumers.L0.Tests.Slack.SlackConsumerTests" name="InputDescriptors_CheckExpected" />
    </UnitTest>
    <UnitTest name="FeatureName_CheckExpected" storage="d:\v2.0\a1\_work\dbded102\bin\release.anycpu\servicehooks.service\ms.vs.services.servicehooks.consumers.l0.tests\ms.vs.services.servicehooks.consumers.l0.tests.dll" priority="1" id="081c38f6-d8e4-ce72-d24a-0941aebbcdd2">
      <Execution id="124d8e0e-88a2-4cdb-9c54-a9245af1d4e9" />
      <TestMethod codeBase="D:\v2.0\A1\_work\dbded102\bin\Release.AnyCPU\ServiceHooks.Service\MS.VS.Services.ServiceHooks.Consumers.L0.Tests\MS.VS.Services.ServiceHooks.Consumers.L0.Tests.dll" adapterTypeName="Microsoft.VisualStudio.TestTools.TestTypes.Unit.UnitTestAdapter" className="MS.VS.Services.ServiceHooks.Consumers.L0.Tests.Slack.SlackConsumerTests" name="FeatureName_CheckExpected" />
    </UnitTest>
    <UnitTest name="Id_CheckExpected" storage="d:\v2.0\a1\_work\dbded102\bin\release.anycpu\servicehooks.service\ms.vs.services.servicehooks.consumers.l0.tests\ms.vs.services.servicehooks.consumers.l0.tests.dll" priority="1" id="4466108e-9a61-c73e-bb5f-c59942e9dc2a">
      <Execution id="77232c72-42bc-4d7a-b306-c6eeefcaec80" />
      <TestMethod codeBase="D:\v2.0\A1\_work\dbded102\bin\Release.AnyCPU\ServiceHooks.Service\MS.VS.Services.ServiceHooks.Consumers.L0.Tests\MS.VS.Services.ServiceHooks.Consumers.L0.Tests.dll" adapterTypeName="Microsoft.VisualStudio.TestTools.TestTypes.Unit.UnitTestAdapter" className="MS.VS.Services.ServiceHooks.Consumers.L0.Tests.MyGet.MyGetConsumerTests" name="Id_CheckExpected" />
    </UnitTest>
    <UnitTest name="Name_CheckExpected" storage="d:\v2.0\a1\_work\dbded102\bin\release.anycpu\servicehooks.service\ms.vs.services.servicehooks.consumers.l0.tests\ms.vs.services.servicehooks.consumers.l0.tests.dll" priority="1" id="52a08ac8-5060-6d0e-b693-a2659a0ce97c">
      <Execution id="e7dc6dc5-78b1-47fe-a7f1-2923d682775d" />
      <TestMethod codeBase="D:\v2.0\A1\_work\dbded102\bin\Release.AnyCPU\ServiceHooks.Service\MS.VS.Services.ServiceHooks.Consumers.L0.Tests\MS.VS.Services.ServiceHooks.Consumers.L0.Tests.dll" adapterTypeName="Microsoft.VisualStudio.TestTools.TestTypes.Unit.UnitTestAdapter" className="MS.VS.Services.ServiceHooks.Consumers.L0.Tests.MyGet.MyGetConsumerTests" name="Name_CheckExpected" />
    </UnitTest>
    <UnitTest name="Description_CheckExpected" storage="d:\v2.0\a1\_work\dbded102\bin\release.anycpu\servicehooks.service\ms.vs.services.servicehooks.consumers.l0.tests\ms.vs.services.servicehooks.consumers.l0.tests.dll" priority="1" id="25934755-05dd-fb87-bbdc-adc11a42db98">
      <Execution id="44b90a0e-a791-4697-9203-38bd1adf36c4" />
      <TestMethod codeBase="D:\v2.0\A1\_work\dbded102\bin\Release.AnyCPU\ServiceHooks.Service\MS.VS.Services.ServiceHooks.Consumers.L0.Tests\MS.VS.Services.ServiceHooks.Consumers.L0.Tests.dll" adapterTypeName="Microsoft.VisualStudio.TestTools.TestTypes.Unit.UnitTestAdapter" className="MS.VS.Services.ServiceHooks.Consumers.L0.Tests.MyGet.MyGetConsumerTests" name="Description_CheckExpected" />
    </UnitTest>
    <UnitTest name="InformationUrl_CheckExpected" storage="d:\v2.0\a1\_work\dbded102\bin\release.anycpu\servicehooks.service\ms.vs.services.servicehooks.consumers.l0.tests\ms.vs.services.servicehooks.consumers.l0.tests.dll" priority="1" id="d20953fb-3965-a2c3-9830-a92d25cff76d">
      <Execution id="37e5ad89-d662-4a3d-9d33-82c61cda1e1f" />
      <TestMethod codeBase="D:\v2.0\A1\_work\dbded102\bin\Release.AnyCPU\ServiceHooks.Service\MS.VS.Services.ServiceHooks.Consumers.L0.Tests\MS.VS.Services.ServiceHooks.Consumers.L0.Tests.dll" adapterTypeName="Microsoft.VisualStudio.TestTools.TestTypes.Unit.UnitTestAdapter" className="MS.VS.Services.ServiceHooks.Consumers.L0.Tests.MyGet.MyGetConsumerTests" name="InformationUrl_CheckExpected" />
    </UnitTest>
    <UnitTest name="ImageUrl_CheckExpected" storage="d:\v2.0\a1\_work\dbded102\bin\release.anycpu\servicehooks.service\ms.vs.services.servicehooks.consumers.l0.tests\ms.vs.services.servicehooks.consumers.l0.tests.dll" priority="1" id="9cbd421c-59fd-0948-1d0f-e5cd9e8c799d">
      <Execution id="ac6d9ff5-a5c3-4240-acef-e272009f4708" />
      <TestMethod codeBase="D:\v2.0\A1\_work\dbded102\bin\Release.AnyCPU\ServiceHooks.Service\MS.VS.Services.ServiceHooks.Consumers.L0.Tests\MS.VS.Services.ServiceHooks.Consumers.L0.Tests.dll" adapterTypeName="Microsoft.VisualStudio.TestTools.TestTypes.Unit.UnitTestAdapter" className="MS.VS.Services.ServiceHooks.Consumers.L0.Tests.MyGet.MyGetConsumerTests" name="ImageUrl_CheckExpected" />
    </UnitTest>
    <UnitTest name="AuthenticationType_CheckExpected" storage="d:\v2.0\a1\_work\dbded102\bin\release.anycpu\servicehooks.service\ms.vs.services.servicehooks.consumers.l0.tests\ms.vs.services.servicehooks.consumers.l0.tests.dll" priority="1" id="53d1c32f-59c8-36c0-6517-050420b73e12">
      <Execution id="d8b1940a-df5c-44bf-adec-b585bb22b2ff" />
      <TestMethod codeBase="D:\v2.0\A1\_work\dbded102\bin\Release.AnyCPU\ServiceHooks.Service\MS.VS.Services.ServiceHooks.Consumers.L0.Tests\MS.VS.Services.ServiceHooks.Consumers.L0.Tests.dll" adapterTypeName="Microsoft.VisualStudio.TestTools.TestTypes.Unit.UnitTestAdapter" className="MS.VS.Services.ServiceHooks.Consumers.L0.Tests.MyGet.MyGetConsumerTests" name="AuthenticationType_CheckExpected" />
    </UnitTest>
    <UnitTest name="ExternalConfiguration_CheckExpected" storage="d:\v2.0\a1\_work\dbded102\bin\release.anycpu\servicehooks.service\ms.vs.services.servicehooks.consumers.l0.tests\ms.vs.services.servicehooks.consumers.l0.tests.dll" priority="1" id="a6d0d8bb-ee7e-9517-b9ba-d66bbac15e8f">
      <Execution id="52ea7da1-0a82-4a28-ba45-ffa331ccc17f" />
      <TestMethod codeBase="D:\v2.0\A1\_work\dbded102\bin\Release.AnyCPU\ServiceHooks.Service\MS.VS.Services.ServiceHooks.Consumers.L0.Tests\MS.VS.Services.ServiceHooks.Consumers.L0.Tests.dll" adapterTypeName="Microsoft.VisualStudio.TestTools.TestTypes.Unit.UnitTestAdapter" className="MS.VS.Services.ServiceHooks.Consumers.L0.Tests.MyGet.MyGetConsumerTests" name="ExternalConfiguration_CheckExpected" />
    </UnitTest>
    <UnitTest name="InputDescriptors_CheckExpected" storage="d:\v2.0\a1\_work\dbded102\bin\release.anycpu\servicehooks.service\ms.vs.services.servicehooks.consumers.l0.tests\ms.vs.services.servicehooks.consumers.l0.tests.dll" priority="1" id="717c7066-e893-4e45-4466-029b9416e988">
      <Execution id="7891ada2-6c97-40d3-9347-1e67c39675c9" />
      <TestMethod codeBase="D:\v2.0\A1\_work\dbded102\bin\Release.AnyCPU\ServiceHooks.Service\MS.VS.Services.ServiceHooks.Consumers.L0.Tests\MS.VS.Services.ServiceHooks.Consumers.L0.Tests.dll" adapterTypeName="Microsoft.VisualStudio.TestTools.TestTypes.Unit.UnitTestAdapter" className="MS.VS.Services.ServiceHooks.Consumers.L0.Tests.MyGet.MyGetConsumerTests" name="InputDescriptors_CheckExpected" />
    </UnitTest>
    <UnitTest name="FeatureName_CheckExpected" storage="d:\v2.0\a1\_work\dbded102\bin\release.anycpu\servicehooks.service\ms.vs.services.servicehooks.consumers.l0.tests\ms.vs.services.servicehooks.consumers.l0.tests.dll" priority="1" id="9c29d8f8-8d1c-c848-69bf-be15dfdacaf5">
      <Execution id="76c539a0-5978-4e8e-90df-1af44d62025f" />
      <TestMethod codeBase="D:\v2.0\A1\_work\dbded102\bin\Release.AnyCPU\ServiceHooks.Service\MS.VS.Services.ServiceHooks.Consumers.L0.Tests\MS.VS.Services.ServiceHooks.Consumers.L0.Tests.dll" adapterTypeName="Microsoft.VisualStudio.TestTools.TestTypes.Unit.UnitTestAdapter" className="MS.VS.Services.ServiceHooks.Consumers.L0.Tests.MyGet.MyGetConsumerTests" name="FeatureName_CheckExpected" />
    </UnitTest>
    <UnitTest name="HandleEvent_InputsOk_ShouldReturnHttpActionTaskConfiguredOk" storage="d:\v2.0\a1\_work\dbded102\bin\release.anycpu\servicehooks.service\ms.vs.services.servicehooks.consumers.l0.tests\ms.vs.services.servicehooks.consumers.l0.tests.dll" priority="1" id="69b665c2-c02e-bb41-a2a7-6f74388cd8be">
      <Execution id="63d30063-0bfa-45f3-a68d-99e06bc4159d" />
      <TestMethod codeBase="D:\v2.0\A1\_work\dbded102\bin\Release.AnyCPU\ServiceHooks.Service\MS.VS.Services.ServiceHooks.Consumers.L0.Tests\MS.VS.Services.ServiceHooks.Consumers.L0.Tests.dll" adapterTypeName="Microsoft.VisualStudio.TestTools.TestTypes.Unit.UnitTestAdapter" className="MS.VS.Services.ServiceHooks.Consumers.L0.Tests.MyGet.PublishPackageActionTests" name="HandleEvent_InputsOk_ShouldReturnHttpActionTaskConfiguredOk" />
    </UnitTest>
    <UnitTest name="Id_CheckExpected" storage="d:\v2.0\a1\_work\dbded102\bin\release.anycpu\servicehooks.service\ms.vs.services.servicehooks.consumers.l0.tests\ms.vs.services.servicehooks.consumers.l0.tests.dll" priority="1" id="74ffdbe3-59e3-a185-b1c9-b388e9ab1285">
      <Execution id="7624028b-228f-4a9b-a40d-9025fe3a0e90" />
      <TestMethod codeBase="D:\v2.0\A1\_work\dbded102\bin\Release.AnyCPU\ServiceHooks.Service\MS.VS.Services.ServiceHooks.Consumers.L0.Tests\MS.VS.Services.ServiceHooks.Consumers.L0.Tests.dll" adapterTypeName="Microsoft.VisualStudio.TestTools.TestTypes.Unit.UnitTestAdapter" className="MS.VS.Services.ServiceHooks.Consumers.L0.Tests.MyGet.PublishPackageActionTests" name="Id_CheckExpected" />
    </UnitTest>
    <UnitTest name="ConsumerId_CheckExpected" storage="d:\v2.0\a1\_work\dbded102\bin\release.anycpu\servicehooks.service\ms.vs.services.servicehooks.consumers.l0.tests\ms.vs.services.servicehooks.consumers.l0.tests.dll" priority="1" id="6a539b3e-3e98-d35f-b1ef-f9245385130c">
      <Execution id="bbd33d78-8d4c-473a-9db9-f7c34d75e782" />
      <TestMethod codeBase="D:\v2.0\A1\_work\dbded102\bin\Release.AnyCPU\ServiceHooks.Service\MS.VS.Services.ServiceHooks.Consumers.L0.Tests\MS.VS.Services.ServiceHooks.Consumers.L0.Tests.dll" adapterTypeName="Microsoft.VisualStudio.TestTools.TestTypes.Unit.UnitTestAdapter" className="MS.VS.Services.ServiceHooks.Consumers.L0.Tests.MyGet.PublishPackageActionTests" name="ConsumerId_CheckExpected" />
    </UnitTest>
    <UnitTest name="Name_CheckExpected" storage="d:\v2.0\a1\_work\dbded102\bin\release.anycpu\servicehooks.service\ms.vs.services.servicehooks.consumers.l0.tests\ms.vs.services.servicehooks.consumers.l0.tests.dll" priority="1" id="09ce91c9-5991-2d6d-5b41-88f9f4379405">
      <Execution id="975d57fb-cbea-4400-a953-c37f62f5cf87" />
      <TestMethod codeBase="D:\v2.0\A1\_work\dbded102\bin\Release.AnyCPU\ServiceHooks.Service\MS.VS.Services.ServiceHooks.Consumers.L0.Tests\MS.VS.Services.ServiceHooks.Consumers.L0.Tests.dll" adapterTypeName="Microsoft.VisualStudio.TestTools.TestTypes.Unit.UnitTestAdapter" className="MS.VS.Services.ServiceHooks.Consumers.L0.Tests.MyGet.PublishPackageActionTests" name="Name_CheckExpected" />
    </UnitTest>
    <UnitTest name="Description_CheckExpected" storage="d:\v2.0\a1\_work\dbded102\bin\release.anycpu\servicehooks.service\ms.vs.services.servicehooks.consumers.l0.tests\ms.vs.services.servicehooks.consumers.l0.tests.dll" priority="1" id="375324d8-0445-0b92-f031-15c7d1303afb">
      <Execution id="8727ab55-8e48-4aa9-86f5-1e8600d39dd5" />
      <TestMethod codeBase="D:\v2.0\A1\_work\dbded102\bin\Release.AnyCPU\ServiceHooks.Service\MS.VS.Services.ServiceHooks.Consumers.L0.Tests\MS.VS.Services.ServiceHooks.Consumers.L0.Tests.dll" adapterTypeName="Microsoft.VisualStudio.TestTools.TestTypes.Unit.UnitTestAdapter" className="MS.VS.Services.ServiceHooks.Consumers.L0.Tests.MyGet.PublishPackageActionTests" name="Description_CheckExpected" />
    </UnitTest>
    <UnitTest name="SupportedEventTypes_CheckExpected" storage="d:\v2.0\a1\_work\dbded102\bin\release.anycpu\servicehooks.service\ms.vs.services.servicehooks.consumers.l0.tests\ms.vs.services.servicehooks.consumers.l0.tests.dll" priority="1" id="65e22077-aaa4-9b2a-7c94-5411b1978ce0">
      <Execution id="48b263ec-49c9-4323-9059-35b0e59b51a6" />
      <TestMethod codeBase="D:\v2.0\A1\_work\dbded102\bin\Release.AnyCPU\ServiceHooks.Service\MS.VS.Services.ServiceHooks.Consumers.L0.Tests\MS.VS.Services.ServiceHooks.Consumers.L0.Tests.dll" adapterTypeName="Microsoft.VisualStudio.TestTools.TestTypes.Unit.UnitTestAdapter" className="MS.VS.Services.ServiceHooks.Consumers.L0.Tests.MyGet.PublishPackageActionTests" name="SupportedEventTypes_CheckExpected" />
    </UnitTest>
    <UnitTest name="SupportedResourceVersions_CheckExpected" storage="d:\v2.0\a1\_work\dbded102\bin\release.anycpu\servicehooks.service\ms.vs.services.servicehooks.consumers.l0.tests\ms.vs.services.servicehooks.consumers.l0.tests.dll" priority="1" id="cc92256d-3ba6-6cf6-49b0-2936f43702d2">
      <Execution id="9620d6fd-941d-4bb3-b59a-50bb3fad6fba" />
      <TestMethod codeBase="D:\v2.0\A1\_work\dbded102\bin\Release.AnyCPU\ServiceHooks.Service\MS.VS.Services.ServiceHooks.Consumers.L0.Tests\MS.VS.Services.ServiceHooks.Consumers.L0.Tests.dll" adapterTypeName="Microsoft.VisualStudio.TestTools.TestTypes.Unit.UnitTestAdapter" className="MS.VS.Services.ServiceHooks.Consumers.L0.Tests.MyGet.PublishPackageActionTests" name="SupportedResourceVersions_CheckExpected" />
    </UnitTest>
    <UnitTest name="AllowResourceVersionOverride_CheckExpected" storage="d:\v2.0\a1\_work\dbded102\bin\release.anycpu\servicehooks.service\ms.vs.services.servicehooks.consumers.l0.tests\ms.vs.services.servicehooks.consumers.l0.tests.dll" priority="1" id="beac384b-84ea-ec8b-c212-b6d26e8e7060">
      <Execution id="a3a0cd86-f463-4b0d-a25f-91dc36242981" />
      <TestMethod codeBase="D:\v2.0\A1\_work\dbded102\bin\Release.AnyCPU\ServiceHooks.Service\MS.VS.Services.ServiceHooks.Consumers.L0.Tests\MS.VS.Services.ServiceHooks.Consumers.L0.Tests.dll" adapterTypeName="Microsoft.VisualStudio.TestTools.TestTypes.Unit.UnitTestAdapter" className="MS.VS.Services.ServiceHooks.Consumers.L0.Tests.MyGet.PublishPackageActionTests" name="AllowResourceVersionOverride_CheckExpected" />
    </UnitTest>
    <UnitTest name="InputDescriptors_CheckExpected" storage="d:\v2.0\a1\_work\dbded102\bin\release.anycpu\servicehooks.service\ms.vs.services.servicehooks.consumers.l0.tests\ms.vs.services.servicehooks.consumers.l0.tests.dll" priority="1" id="3cafd8d0-c7ad-f5eb-3a9c-60567e1b3d7a">
      <Execution id="1b9a411b-c417-4e46-9fec-cf8ec906a0fe" />
      <TestMethod codeBase="D:\v2.0\A1\_work\dbded102\bin\Release.AnyCPU\ServiceHooks.Service\MS.VS.Services.ServiceHooks.Consumers.L0.Tests\MS.VS.Services.ServiceHooks.Consumers.L0.Tests.dll" adapterTypeName="Microsoft.VisualStudio.TestTools.TestTypes.Unit.UnitTestAdapter" className="MS.VS.Services.ServiceHooks.Consumers.L0.Tests.MyGet.PublishPackageActionTests" name="InputDescriptors_CheckExpected" />
    </UnitTest>
    <UnitTest name="HandleEvent_InputsOk_ShouldReturnHttpActionTaskConfiguredOk" storage="d:\v2.0\a1\_work\dbded102\bin\release.anycpu\servicehooks.service\ms.vs.services.servicehooks.consumers.l0.tests\ms.vs.services.servicehooks.consumers.l0.tests.dll" priority="1" id="bab9c6b2-b76f-3b02-2851-7d70a6469d4c">
      <Execution id="ee498a26-1142-46a8-87c9-4ee41d82a0b6" />
      <TestMethod codeBase="D:\v2.0\A1\_work\dbded102\bin\Release.AnyCPU\ServiceHooks.Service\MS.VS.Services.ServiceHooks.Consumers.L0.Tests\MS.VS.Services.ServiceHooks.Consumers.L0.Tests.dll" adapterTypeName="Microsoft.VisualStudio.TestTools.TestTypes.Unit.UnitTestAdapter" className="MS.VS.Services.ServiceHooks.Consumers.L0.Tests.MyGet.TriggerBuildActionTests" name="HandleEvent_InputsOk_ShouldReturnHttpActionTaskConfiguredOk" />
    </UnitTest>
    <UnitTest name="Id_CheckExpected" storage="d:\v2.0\a1\_work\dbded102\bin\release.anycpu\servicehooks.service\ms.vs.services.servicehooks.consumers.l0.tests\ms.vs.services.servicehooks.consumers.l0.tests.dll" priority="1" id="af7a12da-659b-0f01-8762-afb58425eb10">
      <Execution id="e3746e67-e76b-472a-905f-be21115c893f" />
      <TestMethod codeBase="D:\v2.0\A1\_work\dbded102\bin\Release.AnyCPU\ServiceHooks.Service\MS.VS.Services.ServiceHooks.Consumers.L0.Tests\MS.VS.Services.ServiceHooks.Consumers.L0.Tests.dll" adapterTypeName="Microsoft.VisualStudio.TestTools.TestTypes.Unit.UnitTestAdapter" className="MS.VS.Services.ServiceHooks.Consumers.L0.Tests.MyGet.TriggerBuildActionTests" name="Id_CheckExpected" />
    </UnitTest>
    <UnitTest name="ConsumerId_CheckExpected" storage="d:\v2.0\a1\_work\dbded102\bin\release.anycpu\servicehooks.service\ms.vs.services.servicehooks.consumers.l0.tests\ms.vs.services.servicehooks.consumers.l0.tests.dll" priority="1" id="76fb9744-3cff-3327-7867-37baee884750">
      <Execution id="218113f0-c3c0-4cb0-b5ae-b272441a01fb" />
      <TestMethod codeBase="D:\v2.0\A1\_work\dbded102\bin\Release.AnyCPU\ServiceHooks.Service\MS.VS.Services.ServiceHooks.Consumers.L0.Tests\MS.VS.Services.ServiceHooks.Consumers.L0.Tests.dll" adapterTypeName="Microsoft.VisualStudio.TestTools.TestTypes.Unit.UnitTestAdapter" className="MS.VS.Services.ServiceHooks.Consumers.L0.Tests.MyGet.TriggerBuildActionTests" name="ConsumerId_CheckExpected" />
    </UnitTest>
    <UnitTest name="Name_CheckExpected" storage="d:\v2.0\a1\_work\dbded102\bin\release.anycpu\servicehooks.service\ms.vs.services.servicehooks.consumers.l0.tests\ms.vs.services.servicehooks.consumers.l0.tests.dll" priority="1" id="40c17282-b4cd-b65c-804e-6aeb66f3b7a0">
      <Execution id="38c5f9a0-b9ab-420b-8982-d2965c06cb46" />
      <TestMethod codeBase="D:\v2.0\A1\_work\dbded102\bin\Release.AnyCPU\ServiceHooks.Service\MS.VS.Services.ServiceHooks.Consumers.L0.Tests\MS.VS.Services.ServiceHooks.Consumers.L0.Tests.dll" adapterTypeName="Microsoft.VisualStudio.TestTools.TestTypes.Unit.UnitTestAdapter" className="MS.VS.Services.ServiceHooks.Consumers.L0.Tests.MyGet.TriggerBuildActionTests" name="Name_CheckExpected" />
    </UnitTest>
    <UnitTest name="Description_CheckExpected" storage="d:\v2.0\a1\_work\dbded102\bin\release.anycpu\servicehooks.service\ms.vs.services.servicehooks.consumers.l0.tests\ms.vs.services.servicehooks.consumers.l0.tests.dll" priority="1" id="7d56797b-9e3a-30ca-68e2-d694383d754c">
      <Execution id="022a4051-32e4-41db-9281-22b3165c1a79" />
      <TestMethod codeBase="D:\v2.0\A1\_work\dbded102\bin\Release.AnyCPU\ServiceHooks.Service\MS.VS.Services.ServiceHooks.Consumers.L0.Tests\MS.VS.Services.ServiceHooks.Consumers.L0.Tests.dll" adapterTypeName="Microsoft.VisualStudio.TestTools.TestTypes.Unit.UnitTestAdapter" className="MS.VS.Services.ServiceHooks.Consumers.L0.Tests.MyGet.TriggerBuildActionTests" name="Description_CheckExpected" />
    </UnitTest>
    <UnitTest name="SupportedEventTypes_CheckExpected" storage="d:\v2.0\a1\_work\dbded102\bin\release.anycpu\servicehooks.service\ms.vs.services.servicehooks.consumers.l0.tests\ms.vs.services.servicehooks.consumers.l0.tests.dll" priority="1" id="2810dec5-9c92-1d9d-93e9-741b857dbc66">
      <Execution id="fe60d63b-d9ae-4c5c-9926-716816808656" />
      <TestMethod codeBase="D:\v2.0\A1\_work\dbded102\bin\Release.AnyCPU\ServiceHooks.Service\MS.VS.Services.ServiceHooks.Consumers.L0.Tests\MS.VS.Services.ServiceHooks.Consumers.L0.Tests.dll" adapterTypeName="Microsoft.VisualStudio.TestTools.TestTypes.Unit.UnitTestAdapter" className="MS.VS.Services.ServiceHooks.Consumers.L0.Tests.MyGet.TriggerBuildActionTests" name="SupportedEventTypes_CheckExpected" />
    </UnitTest>
    <UnitTest name="SupportedResourceVersions_CheckExpected" storage="d:\v2.0\a1\_work\dbded102\bin\release.anycpu\servicehooks.service\ms.vs.services.servicehooks.consumers.l0.tests\ms.vs.services.servicehooks.consumers.l0.tests.dll" priority="1" id="c1297193-c374-e927-e1a4-9e5ea43d57fd">
      <Execution id="2a9edd80-a469-4d1c-8c4d-d3e2dc85dad5" />
      <TestMethod codeBase="D:\v2.0\A1\_work\dbded102\bin\Release.AnyCPU\ServiceHooks.Service\MS.VS.Services.ServiceHooks.Consumers.L0.Tests\MS.VS.Services.ServiceHooks.Consumers.L0.Tests.dll" adapterTypeName="Microsoft.VisualStudio.TestTools.TestTypes.Unit.UnitTestAdapter" className="MS.VS.Services.ServiceHooks.Consumers.L0.Tests.MyGet.TriggerBuildActionTests" name="SupportedResourceVersions_CheckExpected" />
    </UnitTest>
    <UnitTest name="AllowResourceVersionOverride_CheckExpected" storage="d:\v2.0\a1\_work\dbded102\bin\release.anycpu\servicehooks.service\ms.vs.services.servicehooks.consumers.l0.tests\ms.vs.services.servicehooks.consumers.l0.tests.dll" priority="1" id="08267e6b-9cc7-6ed1-fe9b-19dd96d97112">
      <Execution id="81bee8a5-236e-41e6-936e-10c67f880246" />
      <TestMethod codeBase="D:\v2.0\A1\_work\dbded102\bin\Release.AnyCPU\ServiceHooks.Service\MS.VS.Services.ServiceHooks.Consumers.L0.Tests\MS.VS.Services.ServiceHooks.Consumers.L0.Tests.dll" adapterTypeName="Microsoft.VisualStudio.TestTools.TestTypes.Unit.UnitTestAdapter" className="MS.VS.Services.ServiceHooks.Consumers.L0.Tests.MyGet.TriggerBuildActionTests" name="AllowResourceVersionOverride_CheckExpected" />
    </UnitTest>
    <UnitTest name="InputDescriptors_CheckExpected" storage="d:\v2.0\a1\_work\dbded102\bin\release.anycpu\servicehooks.service\ms.vs.services.servicehooks.consumers.l0.tests\ms.vs.services.servicehooks.consumers.l0.tests.dll" priority="1" id="3094aaee-0b56-712f-2767-ed24cd2a5365">
      <Execution id="acc405c8-87bf-408f-b84b-a8cb30f6de60" />
      <TestMethod codeBase="D:\v2.0\A1\_work\dbded102\bin\Release.AnyCPU\ServiceHooks.Service\MS.VS.Services.ServiceHooks.Consumers.L0.Tests\MS.VS.Services.ServiceHooks.Consumers.L0.Tests.dll" adapterTypeName="Microsoft.VisualStudio.TestTools.TestTypes.Unit.UnitTestAdapter" className="MS.VS.Services.ServiceHooks.Consumers.L0.Tests.MyGet.TriggerBuildActionTests" name="InputDescriptors_CheckExpected" />
    </UnitTest>
    <UnitTest name="Id_CheckExpected" storage="d:\v2.0\a1\_work\dbded102\bin\release.anycpu\servicehooks.service\ms.vs.services.servicehooks.consumers.l0.tests\ms.vs.services.servicehooks.consumers.l0.tests.dll" priority="1" id="084f8eb1-cd59-dcb5-d090-85777762c562">
      <Execution id="4878815f-ee2b-4979-9885-44a08b567907" />
      <TestMethod codeBase="D:\v2.0\A1\_work\dbded102\bin\Release.AnyCPU\ServiceHooks.Service\MS.VS.Services.ServiceHooks.Consumers.L0.Tests\MS.VS.Services.ServiceHooks.Consumers.L0.Tests.dll" adapterTypeName="Microsoft.VisualStudio.TestTools.TestTypes.Unit.UnitTestAdapter" className="MS.VS.Services.ServiceHooks.Consumers.L0.Tests.Kato.KatoConsumerTests" name="Id_CheckExpected" />
    </UnitTest>
    <UnitTest name="Name_CheckExpected" storage="d:\v2.0\a1\_work\dbded102\bin\release.anycpu\servicehooks.service\ms.vs.services.servicehooks.consumers.l0.tests\ms.vs.services.servicehooks.consumers.l0.tests.dll" priority="1" id="92a803bc-a321-92b0-7ac2-6bbed6376024">
      <Execution id="2f496499-1a9c-4a5e-82b6-0898af7575a3" />
      <TestMethod codeBase="D:\v2.0\A1\_work\dbded102\bin\Release.AnyCPU\ServiceHooks.Service\MS.VS.Services.ServiceHooks.Consumers.L0.Tests\MS.VS.Services.ServiceHooks.Consumers.L0.Tests.dll" adapterTypeName="Microsoft.VisualStudio.TestTools.TestTypes.Unit.UnitTestAdapter" className="MS.VS.Services.ServiceHooks.Consumers.L0.Tests.Kato.KatoConsumerTests" name="Name_CheckExpected" />
    </UnitTest>
    <UnitTest name="Description_CheckExpected" storage="d:\v2.0\a1\_work\dbded102\bin\release.anycpu\servicehooks.service\ms.vs.services.servicehooks.consumers.l0.tests\ms.vs.services.servicehooks.consumers.l0.tests.dll" priority="1" id="eb499752-9364-5e7a-6258-69d4de2d34ad">
      <Execution id="668e54de-28eb-4645-99fd-4c99f293b1a5" />
      <TestMethod codeBase="D:\v2.0\A1\_work\dbded102\bin\Release.AnyCPU\ServiceHooks.Service\MS.VS.Services.ServiceHooks.Consumers.L0.Tests\MS.VS.Services.ServiceHooks.Consumers.L0.Tests.dll" adapterTypeName="Microsoft.VisualStudio.TestTools.TestTypes.Unit.UnitTestAdapter" className="MS.VS.Services.ServiceHooks.Consumers.L0.Tests.Kato.KatoConsumerTests" name="Description_CheckExpected" />
    </UnitTest>
    <UnitTest name="InformationUrl_CheckExpected" storage="d:\v2.0\a1\_work\dbded102\bin\release.anycpu\servicehooks.service\ms.vs.services.servicehooks.consumers.l0.tests\ms.vs.services.servicehooks.consumers.l0.tests.dll" priority="1" id="ad1d808e-b681-ea61-e569-69bc39211b42">
      <Execution id="a8a6b56a-f8b1-44a3-b509-81ec90fbbc9c" />
      <TestMethod codeBase="D:\v2.0\A1\_work\dbded102\bin\Release.AnyCPU\ServiceHooks.Service\MS.VS.Services.ServiceHooks.Consumers.L0.Tests\MS.VS.Services.ServiceHooks.Consumers.L0.Tests.dll" adapterTypeName="Microsoft.VisualStudio.TestTools.TestTypes.Unit.UnitTestAdapter" className="MS.VS.Services.ServiceHooks.Consumers.L0.Tests.Kato.KatoConsumerTests" name="InformationUrl_CheckExpected" />
    </UnitTest>
    <UnitTest name="ImageUrl_CheckExpected" storage="d:\v2.0\a1\_work\dbded102\bin\release.anycpu\servicehooks.service\ms.vs.services.servicehooks.consumers.l0.tests\ms.vs.services.servicehooks.consumers.l0.tests.dll" priority="1" id="2ad19896-20d8-5eeb-f07e-b3f50029d057">
      <Execution id="d812eba2-b064-4cff-a264-9216593a01dc" />
      <TestMethod codeBase="D:\v2.0\A1\_work\dbded102\bin\Release.AnyCPU\ServiceHooks.Service\MS.VS.Services.ServiceHooks.Consumers.L0.Tests\MS.VS.Services.ServiceHooks.Consumers.L0.Tests.dll" adapterTypeName="Microsoft.VisualStudio.TestTools.TestTypes.Unit.UnitTestAdapter" className="MS.VS.Services.ServiceHooks.Consumers.L0.Tests.Kato.KatoConsumerTests" name="ImageUrl_CheckExpected" />
    </UnitTest>
    <UnitTest name="AuthenticationType_CheckExpected" storage="d:\v2.0\a1\_work\dbded102\bin\release.anycpu\servicehooks.service\ms.vs.services.servicehooks.consumers.l0.tests\ms.vs.services.servicehooks.consumers.l0.tests.dll" priority="1" id="d062e480-020f-3c86-335b-acc375bf41ad">
      <Execution id="a25827b5-eae4-41ab-b70b-b6eb7b5987f7" />
      <TestMethod codeBase="D:\v2.0\A1\_work\dbded102\bin\Release.AnyCPU\ServiceHooks.Service\MS.VS.Services.ServiceHooks.Consumers.L0.Tests\MS.VS.Services.ServiceHooks.Consumers.L0.Tests.dll" adapterTypeName="Microsoft.VisualStudio.TestTools.TestTypes.Unit.UnitTestAdapter" className="MS.VS.Services.ServiceHooks.Consumers.L0.Tests.Kato.KatoConsumerTests" name="AuthenticationType_CheckExpected" />
    </UnitTest>
    <UnitTest name="ExternalConfiguration_CheckExpected" storage="d:\v2.0\a1\_work\dbded102\bin\release.anycpu\servicehooks.service\ms.vs.services.servicehooks.consumers.l0.tests\ms.vs.services.servicehooks.consumers.l0.tests.dll" priority="1" id="67af02bd-f380-81ad-bb13-8183030bbe55">
      <Execution id="908345a1-4963-4de0-a1cf-615b28c48152" />
      <TestMethod codeBase="D:\v2.0\A1\_work\dbded102\bin\Release.AnyCPU\ServiceHooks.Service\MS.VS.Services.ServiceHooks.Consumers.L0.Tests\MS.VS.Services.ServiceHooks.Consumers.L0.Tests.dll" adapterTypeName="Microsoft.VisualStudio.TestTools.TestTypes.Unit.UnitTestAdapter" className="MS.VS.Services.ServiceHooks.Consumers.L0.Tests.Kato.KatoConsumerTests" name="ExternalConfiguration_CheckExpected" />
    </UnitTest>
    <UnitTest name="InputDescriptors_CheckExpected" storage="d:\v2.0\a1\_work\dbded102\bin\release.anycpu\servicehooks.service\ms.vs.services.servicehooks.consumers.l0.tests\ms.vs.services.servicehooks.consumers.l0.tests.dll" priority="1" id="6a3b7cf5-022c-4dc8-8fd8-6388afc4d319">
      <Execution id="54700bde-1eec-436a-ba48-44de5930f696" />
      <TestMethod codeBase="D:\v2.0\A1\_work\dbded102\bin\Release.AnyCPU\ServiceHooks.Service\MS.VS.Services.ServiceHooks.Consumers.L0.Tests\MS.VS.Services.ServiceHooks.Consumers.L0.Tests.dll" adapterTypeName="Microsoft.VisualStudio.TestTools.TestTypes.Unit.UnitTestAdapter" className="MS.VS.Services.ServiceHooks.Consumers.L0.Tests.Kato.KatoConsumerTests" name="InputDescriptors_CheckExpected" />
    </UnitTest>
    <UnitTest name="FeatureName_CheckExpected" storage="d:\v2.0\a1\_work\dbded102\bin\release.anycpu\servicehooks.service\ms.vs.services.servicehooks.consumers.l0.tests\ms.vs.services.servicehooks.consumers.l0.tests.dll" priority="1" id="906de3c6-b69d-d3bc-70d4-3b3eb008556c">
      <Execution id="9307fe76-8dd6-4a8a-97cd-729733bcfc5c" />
      <TestMethod codeBase="D:\v2.0\A1\_work\dbded102\bin\Release.AnyCPU\ServiceHooks.Service\MS.VS.Services.ServiceHooks.Consumers.L0.Tests\MS.VS.Services.ServiceHooks.Consumers.L0.Tests.dll" adapterTypeName="Microsoft.VisualStudio.TestTools.TestTypes.Unit.UnitTestAdapter" className="MS.VS.Services.ServiceHooks.Consumers.L0.Tests.Kato.KatoConsumerTests" name="FeatureName_CheckExpected" />
    </UnitTest>
    <UnitTest name="HandleEvent_InputsOk_ShouldReturnHttpActionTaskConfiguredOk" storage="d:\v2.0\a1\_work\dbded102\bin\release.anycpu\servicehooks.service\ms.vs.services.servicehooks.consumers.l0.tests\ms.vs.services.servicehooks.consumers.l0.tests.dll" priority="1" id="a0b4aff9-85a1-334b-00dc-5c474b0496e3">
      <Execution id="55701fa0-b9c3-4f77-9de1-e930e61a7d83" />
      <TestMethod codeBase="D:\v2.0\A1\_work\dbded102\bin\Release.AnyCPU\ServiceHooks.Service\MS.VS.Services.ServiceHooks.Consumers.L0.Tests\MS.VS.Services.ServiceHooks.Consumers.L0.Tests.dll" adapterTypeName="Microsoft.VisualStudio.TestTools.TestTypes.Unit.UnitTestAdapter" className="MS.VS.Services.ServiceHooks.Consumers.L0.Tests.Kato.PostEventToRoomActionTests" name="HandleEvent_InputsOk_ShouldReturnHttpActionTaskConfiguredOk" />
    </UnitTest>
    <UnitTest name="Id_CheckExpected" storage="d:\v2.0\a1\_work\dbded102\bin\release.anycpu\servicehooks.service\ms.vs.services.servicehooks.consumers.l0.tests\ms.vs.services.servicehooks.consumers.l0.tests.dll" priority="1" id="0c31dbbd-7593-4955-a093-95ea3d940f38">
      <Execution id="a0b5353e-338a-4693-811f-acc98dc7bb25" />
      <TestMethod codeBase="D:\v2.0\A1\_work\dbded102\bin\Release.AnyCPU\ServiceHooks.Service\MS.VS.Services.ServiceHooks.Consumers.L0.Tests\MS.VS.Services.ServiceHooks.Consumers.L0.Tests.dll" adapterTypeName="Microsoft.VisualStudio.TestTools.TestTypes.Unit.UnitTestAdapter" className="MS.VS.Services.ServiceHooks.Consumers.L0.Tests.Kato.PostEventToRoomActionTests" name="Id_CheckExpected" />
    </UnitTest>
    <UnitTest name="ConsumerId_CheckExpected" storage="d:\v2.0\a1\_work\dbded102\bin\release.anycpu\servicehooks.service\ms.vs.services.servicehooks.consumers.l0.tests\ms.vs.services.servicehooks.consumers.l0.tests.dll" priority="1" id="a54ea3a9-36f2-a94e-1805-ae666e5c6b02">
      <Execution id="7ba0a961-0142-45cd-9423-b7dfa669d876" />
      <TestMethod codeBase="D:\v2.0\A1\_work\dbded102\bin\Release.AnyCPU\ServiceHooks.Service\MS.VS.Services.ServiceHooks.Consumers.L0.Tests\MS.VS.Services.ServiceHooks.Consumers.L0.Tests.dll" adapterTypeName="Microsoft.VisualStudio.TestTools.TestTypes.Unit.UnitTestAdapter" className="MS.VS.Services.ServiceHooks.Consumers.L0.Tests.Kato.PostEventToRoomActionTests" name="ConsumerId_CheckExpected" />
    </UnitTest>
    <UnitTest name="Name_CheckExpected" storage="d:\v2.0\a1\_work\dbded102\bin\release.anycpu\servicehooks.service\ms.vs.services.servicehooks.consumers.l0.tests\ms.vs.services.servicehooks.consumers.l0.tests.dll" priority="1" id="37e50a21-0df7-6f12-d056-66fe446885d8">
      <Execution id="62031469-072a-4831-8c5c-19201341f705" />
      <TestMethod codeBase="D:\v2.0\A1\_work\dbded102\bin\Release.AnyCPU\ServiceHooks.Service\MS.VS.Services.ServiceHooks.Consumers.L0.Tests\MS.VS.Services.ServiceHooks.Consumers.L0.Tests.dll" adapterTypeName="Microsoft.VisualStudio.TestTools.TestTypes.Unit.UnitTestAdapter" className="MS.VS.Services.ServiceHooks.Consumers.L0.Tests.Kato.PostEventToRoomActionTests" name="Name_CheckExpected" />
    </UnitTest>
    <UnitTest name="Description_CheckExpected" storage="d:\v2.0\a1\_work\dbded102\bin\release.anycpu\servicehooks.service\ms.vs.services.servicehooks.consumers.l0.tests\ms.vs.services.servicehooks.consumers.l0.tests.dll" priority="1" id="f5125af8-6320-0d9c-5028-1edfae3da053">
      <Execution id="d1dbb59b-ad9d-40ba-9d25-ad4656e2448d" />
      <TestMethod codeBase="D:\v2.0\A1\_work\dbded102\bin\Release.AnyCPU\ServiceHooks.Service\MS.VS.Services.ServiceHooks.Consumers.L0.Tests\MS.VS.Services.ServiceHooks.Consumers.L0.Tests.dll" adapterTypeName="Microsoft.VisualStudio.TestTools.TestTypes.Unit.UnitTestAdapter" className="MS.VS.Services.ServiceHooks.Consumers.L0.Tests.Kato.PostEventToRoomActionTests" name="Description_CheckExpected" />
    </UnitTest>
    <UnitTest name="SupportedEventTypes_CheckExpected" storage="d:\v2.0\a1\_work\dbded102\bin\release.anycpu\servicehooks.service\ms.vs.services.servicehooks.consumers.l0.tests\ms.vs.services.servicehooks.consumers.l0.tests.dll" priority="1" id="6b5da5ef-0e9f-b93a-d946-e0c5205f0af6">
      <Execution id="8b93444a-9102-41d8-b705-20e48ea25c8d" />
      <TestMethod codeBase="D:\v2.0\A1\_work\dbded102\bin\Release.AnyCPU\ServiceHooks.Service\MS.VS.Services.ServiceHooks.Consumers.L0.Tests\MS.VS.Services.ServiceHooks.Consumers.L0.Tests.dll" adapterTypeName="Microsoft.VisualStudio.TestTools.TestTypes.Unit.UnitTestAdapter" className="MS.VS.Services.ServiceHooks.Consumers.L0.Tests.Kato.PostEventToRoomActionTests" name="SupportedEventTypes_CheckExpected" />
    </UnitTest>
    <UnitTest name="SupportedResourceVersions_CheckExpected" storage="d:\v2.0\a1\_work\dbded102\bin\release.anycpu\servicehooks.service\ms.vs.services.servicehooks.consumers.l0.tests\ms.vs.services.servicehooks.consumers.l0.tests.dll" priority="1" id="58560010-c722-7829-4e74-2a922f558db9">
      <Execution id="4ebadaa0-43c9-4497-975e-60542463f939" />
      <TestMethod codeBase="D:\v2.0\A1\_work\dbded102\bin\Release.AnyCPU\ServiceHooks.Service\MS.VS.Services.ServiceHooks.Consumers.L0.Tests\MS.VS.Services.ServiceHooks.Consumers.L0.Tests.dll" adapterTypeName="Microsoft.VisualStudio.TestTools.TestTypes.Unit.UnitTestAdapter" className="MS.VS.Services.ServiceHooks.Consumers.L0.Tests.Kato.PostEventToRoomActionTests" name="SupportedResourceVersions_CheckExpected" />
    </UnitTest>
    <UnitTest name="AllowResourceVersionOverride_CheckExpected" storage="d:\v2.0\a1\_work\dbded102\bin\release.anycpu\servicehooks.service\ms.vs.services.servicehooks.consumers.l0.tests\ms.vs.services.servicehooks.consumers.l0.tests.dll" priority="1" id="772e2acb-f744-06c3-8853-e5f8277c7e1d">
      <Execution id="27ece514-ccc6-40bf-a092-5e056972152b" />
      <TestMethod codeBase="D:\v2.0\A1\_work\dbded102\bin\Release.AnyCPU\ServiceHooks.Service\MS.VS.Services.ServiceHooks.Consumers.L0.Tests\MS.VS.Services.ServiceHooks.Consumers.L0.Tests.dll" adapterTypeName="Microsoft.VisualStudio.TestTools.TestTypes.Unit.UnitTestAdapter" className="MS.VS.Services.ServiceHooks.Consumers.L0.Tests.Kato.PostEventToRoomActionTests" name="AllowResourceVersionOverride_CheckExpected" />
    </UnitTest>
    <UnitTest name="InputDescriptors_CheckExpected" storage="d:\v2.0\a1\_work\dbded102\bin\release.anycpu\servicehooks.service\ms.vs.services.servicehooks.consumers.l0.tests\ms.vs.services.servicehooks.consumers.l0.tests.dll" priority="1" id="b2b646b2-6bbf-625f-032b-5503e31a943a">
      <Execution id="02fe091b-351f-4167-bf11-6bf56ae4492c" />
      <TestMethod codeBase="D:\v2.0\A1\_work\dbded102\bin\Release.AnyCPU\ServiceHooks.Service\MS.VS.Services.ServiceHooks.Consumers.L0.Tests\MS.VS.Services.ServiceHooks.Consumers.L0.Tests.dll" adapterTypeName="Microsoft.VisualStudio.TestTools.TestTypes.Unit.UnitTestAdapter" className="MS.VS.Services.ServiceHooks.Consumers.L0.Tests.Kato.PostEventToRoomActionTests" name="InputDescriptors_CheckExpected" />
    </UnitTest>
    <UnitTest name="Id_CheckExpected" storage="d:\v2.0\a1\_work\dbded102\bin\release.anycpu\servicehooks.service\ms.vs.services.servicehooks.consumers.l0.tests\ms.vs.services.servicehooks.consumers.l0.tests.dll" priority="1" id="00c12436-98f4-5dd7-78bf-aefeb7220a8c">
      <Execution id="d16fc6d1-481d-442a-93c0-2e68b400c3cd" />
      <TestMethod codeBase="D:\v2.0\A1\_work\dbded102\bin\Release.AnyCPU\ServiceHooks.Service\MS.VS.Services.ServiceHooks.Consumers.L0.Tests\MS.VS.Services.ServiceHooks.Consumers.L0.Tests.dll" adapterTypeName="Microsoft.VisualStudio.TestTools.TestTypes.Unit.UnitTestAdapter" className="MS.VS.Services.ServiceHooks.Consumers.L0.Tests.Jenkins.JenkinsConsumerTests" name="Id_CheckExpected" />
    </UnitTest>
    <UnitTest name="Name_CheckExpected" storage="d:\v2.0\a1\_work\dbded102\bin\release.anycpu\servicehooks.service\ms.vs.services.servicehooks.consumers.l0.tests\ms.vs.services.servicehooks.consumers.l0.tests.dll" priority="1" id="a7629601-9f89-8720-5d63-1767954904a4">
      <Execution id="594036e4-dfee-4af8-9b4f-32ca0b78f108" />
      <TestMethod codeBase="D:\v2.0\A1\_work\dbded102\bin\Release.AnyCPU\ServiceHooks.Service\MS.VS.Services.ServiceHooks.Consumers.L0.Tests\MS.VS.Services.ServiceHooks.Consumers.L0.Tests.dll" adapterTypeName="Microsoft.VisualStudio.TestTools.TestTypes.Unit.UnitTestAdapter" className="MS.VS.Services.ServiceHooks.Consumers.L0.Tests.Jenkins.JenkinsConsumerTests" name="Name_CheckExpected" />
    </UnitTest>
    <UnitTest name="Description_CheckExpected" storage="d:\v2.0\a1\_work\dbded102\bin\release.anycpu\servicehooks.service\ms.vs.services.servicehooks.consumers.l0.tests\ms.vs.services.servicehooks.consumers.l0.tests.dll" priority="1" id="db27502d-ca09-8b00-c484-da618b177978">
      <Execution id="9baad0cb-cbba-4ead-9fc0-e9998171f292" />
      <TestMethod codeBase="D:\v2.0\A1\_work\dbded102\bin\Release.AnyCPU\ServiceHooks.Service\MS.VS.Services.ServiceHooks.Consumers.L0.Tests\MS.VS.Services.ServiceHooks.Consumers.L0.Tests.dll" adapterTypeName="Microsoft.VisualStudio.TestTools.TestTypes.Unit.UnitTestAdapter" className="MS.VS.Services.ServiceHooks.Consumers.L0.Tests.Jenkins.JenkinsConsumerTests" name="Description_CheckExpected" />
    </UnitTest>
    <UnitTest name="InformationUrl_CheckExpected" storage="d:\v2.0\a1\_work\dbded102\bin\release.anycpu\servicehooks.service\ms.vs.services.servicehooks.consumers.l0.tests\ms.vs.services.servicehooks.consumers.l0.tests.dll" priority="1" id="a9d312b9-9019-2c9e-9c28-cf106389b5e4">
      <Execution id="513b84d4-e3ba-4c7f-b34b-b97140ccc380" />
      <TestMethod codeBase="D:\v2.0\A1\_work\dbded102\bin\Release.AnyCPU\ServiceHooks.Service\MS.VS.Services.ServiceHooks.Consumers.L0.Tests\MS.VS.Services.ServiceHooks.Consumers.L0.Tests.dll" adapterTypeName="Microsoft.VisualStudio.TestTools.TestTypes.Unit.UnitTestAdapter" className="MS.VS.Services.ServiceHooks.Consumers.L0.Tests.Jenkins.JenkinsConsumerTests" name="InformationUrl_CheckExpected" />
    </UnitTest>
    <UnitTest name="ImageUrl_CheckExpected" storage="d:\v2.0\a1\_work\dbded102\bin\release.anycpu\servicehooks.service\ms.vs.services.servicehooks.consumers.l0.tests\ms.vs.services.servicehooks.consumers.l0.tests.dll" priority="1" id="f18fc085-8d49-a022-3295-60642a5fd055">
      <Execution id="bee07598-a382-488b-be72-8a56202e5fb5" />
      <TestMethod codeBase="D:\v2.0\A1\_work\dbded102\bin\Release.AnyCPU\ServiceHooks.Service\MS.VS.Services.ServiceHooks.Consumers.L0.Tests\MS.VS.Services.ServiceHooks.Consumers.L0.Tests.dll" adapterTypeName="Microsoft.VisualStudio.TestTools.TestTypes.Unit.UnitTestAdapter" className="MS.VS.Services.ServiceHooks.Consumers.L0.Tests.Jenkins.JenkinsConsumerTests" name="ImageUrl_CheckExpected" />
    </UnitTest>
    <UnitTest name="AuthenticationType_CheckExpected" storage="d:\v2.0\a1\_work\dbded102\bin\release.anycpu\servicehooks.service\ms.vs.services.servicehooks.consumers.l0.tests\ms.vs.services.servicehooks.consumers.l0.tests.dll" priority="1" id="e95456e0-4cc7-be76-119f-1ab53d6f57bf">
      <Execution id="38709f6b-9c65-4039-b140-10b89db31ee2" />
      <TestMethod codeBase="D:\v2.0\A1\_work\dbded102\bin\Release.AnyCPU\ServiceHooks.Service\MS.VS.Services.ServiceHooks.Consumers.L0.Tests\MS.VS.Services.ServiceHooks.Consumers.L0.Tests.dll" adapterTypeName="Microsoft.VisualStudio.TestTools.TestTypes.Unit.UnitTestAdapter" className="MS.VS.Services.ServiceHooks.Consumers.L0.Tests.Jenkins.JenkinsConsumerTests" name="AuthenticationType_CheckExpected" />
    </UnitTest>
    <UnitTest name="ExternalConfiguration_CheckExpected" storage="d:\v2.0\a1\_work\dbded102\bin\release.anycpu\servicehooks.service\ms.vs.services.servicehooks.consumers.l0.tests\ms.vs.services.servicehooks.consumers.l0.tests.dll" priority="1" id="e9e3570f-8bca-53f3-5257-4c0ca0f4d4b4">
      <Execution id="bb6cb1be-b4ab-4280-8642-d5311539ef44" />
      <TestMethod codeBase="D:\v2.0\A1\_work\dbded102\bin\Release.AnyCPU\ServiceHooks.Service\MS.VS.Services.ServiceHooks.Consumers.L0.Tests\MS.VS.Services.ServiceHooks.Consumers.L0.Tests.dll" adapterTypeName="Microsoft.VisualStudio.TestTools.TestTypes.Unit.UnitTestAdapter" className="MS.VS.Services.ServiceHooks.Consumers.L0.Tests.Jenkins.JenkinsConsumerTests" name="ExternalConfiguration_CheckExpected" />
    </UnitTest>
    <UnitTest name="InputDescriptors_CheckExpected" storage="d:\v2.0\a1\_work\dbded102\bin\release.anycpu\servicehooks.service\ms.vs.services.servicehooks.consumers.l0.tests\ms.vs.services.servicehooks.consumers.l0.tests.dll" priority="1" id="932e0548-91aa-81b0-eea7-454ae03617f2">
      <Execution id="d0dbb660-d307-4f86-8441-7c7831c6bbe2" />
      <TestMethod codeBase="D:\v2.0\A1\_work\dbded102\bin\Release.AnyCPU\ServiceHooks.Service\MS.VS.Services.ServiceHooks.Consumers.L0.Tests\MS.VS.Services.ServiceHooks.Consumers.L0.Tests.dll" adapterTypeName="Microsoft.VisualStudio.TestTools.TestTypes.Unit.UnitTestAdapter" className="MS.VS.Services.ServiceHooks.Consumers.L0.Tests.Jenkins.JenkinsConsumerTests" name="InputDescriptors_CheckExpected" />
    </UnitTest>
    <UnitTest name="FeatureName_CheckExpected" storage="d:\v2.0\a1\_work\dbded102\bin\release.anycpu\servicehooks.service\ms.vs.services.servicehooks.consumers.l0.tests\ms.vs.services.servicehooks.consumers.l0.tests.dll" priority="1" id="d0cef623-1fdb-c3a1-af56-ca3b6029b376">
      <Execution id="b9cdf233-8662-4def-95f1-3f85a05220ba" />
      <TestMethod codeBase="D:\v2.0\A1\_work\dbded102\bin\Release.AnyCPU\ServiceHooks.Service\MS.VS.Services.ServiceHooks.Consumers.L0.Tests\MS.VS.Services.ServiceHooks.Consumers.L0.Tests.dll" adapterTypeName="Microsoft.VisualStudio.TestTools.TestTypes.Unit.UnitTestAdapter" className="MS.VS.Services.ServiceHooks.Consumers.L0.Tests.Jenkins.JenkinsConsumerTests" name="FeatureName_CheckExpected" />
    </UnitTest>
    <UnitTest name="GetActionDescription_ShouldReturnDescriptionWithJenkinsHost" storage="d:\v2.0\a1\_work\dbded102\bin\release.anycpu\servicehooks.service\ms.vs.services.servicehooks.consumers.l0.tests\ms.vs.services.servicehooks.consumers.l0.tests.dll" priority="1" id="20420e2b-d22e-b322-5256-2b9bf479b731">
      <Owners>
        <Owner name="v-bruca" />
      </Owners>
      <Execution id="4271e93e-0974-4a61-9386-13c6bd1a203a" />
      <TestMethod codeBase="D:\v2.0\A1\_work\dbded102\bin\Release.AnyCPU\ServiceHooks.Service\MS.VS.Services.ServiceHooks.Consumers.L0.Tests\MS.VS.Services.ServiceHooks.Consumers.L0.Tests.dll" adapterTypeName="Microsoft.VisualStudio.TestTools.TestTypes.Unit.UnitTestAdapter" className="MS.VS.Services.ServiceHooks.Consumers.L0.Tests.Jenkins.TriggerGitBuildActionTest" name="GetActionDescription_ShouldReturnDescriptionWithJenkinsHost" />
    </UnitTest>
    <UnitTest name="HandleEvent_PushBranchAndInputsOk_ShouldReturnHttpActionTaskConfiguredOk" storage="d:\v2.0\a1\_work\dbded102\bin\release.anycpu\servicehooks.service\ms.vs.services.servicehooks.consumers.l0.tests\ms.vs.services.servicehooks.consumers.l0.tests.dll" priority="1" id="f8e93bfd-eab7-9e22-f8ea-f2fcf6f399fc">
      <Owners>
        <Owner name="v-bruca" />
      </Owners>
      <Execution id="4d6ae0ad-bea8-4279-aa23-daf2b9c373e2" />
      <TestMethod codeBase="D:\v2.0\A1\_work\dbded102\bin\Release.AnyCPU\ServiceHooks.Service\MS.VS.Services.ServiceHooks.Consumers.L0.Tests\MS.VS.Services.ServiceHooks.Consumers.L0.Tests.dll" adapterTypeName="Microsoft.VisualStudio.TestTools.TestTypes.Unit.UnitTestAdapter" className="MS.VS.Services.ServiceHooks.Consumers.L0.Tests.Jenkins.TriggerGitBuildActionTest" name="HandleEvent_PushBranchAndInputsOk_ShouldReturnHttpActionTaskConfiguredOk" />
    </UnitTest>
    <UnitTest name="HandleEvent_PushTagAndInputsOk_ShouldReturnHttpActionTaskConfiguredOk" storage="d:\v2.0\a1\_work\dbded102\bin\release.anycpu\servicehooks.service\ms.vs.services.servicehooks.consumers.l0.tests\ms.vs.services.servicehooks.consumers.l0.tests.dll" priority="1" id="cf8afedb-ebbc-03d0-878b-8f6d3e0e1d8c">
      <Owners>
        <Owner name="v-bruca" />
      </Owners>
      <Execution id="bd00b4b8-041a-4a3c-9e00-3f0d16dec13d" />
      <TestMethod codeBase="D:\v2.0\A1\_work\dbded102\bin\Release.AnyCPU\ServiceHooks.Service\MS.VS.Services.ServiceHooks.Consumers.L0.Tests\MS.VS.Services.ServiceHooks.Consumers.L0.Tests.dll" adapterTypeName="Microsoft.VisualStudio.TestTools.TestTypes.Unit.UnitTestAdapter" className="MS.VS.Services.ServiceHooks.Consumers.L0.Tests.Jenkins.TriggerGitBuildActionTest" name="HandleEvent_PushTagAndInputsOk_ShouldReturnHttpActionTaskConfiguredOk" />
    </UnitTest>
    <UnitTest name="Id_CheckExpected" storage="d:\v2.0\a1\_work\dbded102\bin\release.anycpu\servicehooks.service\ms.vs.services.servicehooks.consumers.l0.tests\ms.vs.services.servicehooks.consumers.l0.tests.dll" priority="1" id="4a215274-5c3a-6446-77be-6748e3ecfbdc">
      <Execution id="6e9de99e-c4ed-4f8a-8753-c9f778c9ac8a" />
      <TestMethod codeBase="D:\v2.0\A1\_work\dbded102\bin\Release.AnyCPU\ServiceHooks.Service\MS.VS.Services.ServiceHooks.Consumers.L0.Tests\MS.VS.Services.ServiceHooks.Consumers.L0.Tests.dll" adapterTypeName="Microsoft.VisualStudio.TestTools.TestTypes.Unit.UnitTestAdapter" className="MS.VS.Services.ServiceHooks.Consumers.L0.Tests.Jenkins.TriggerGitBuildActionTest" name="Id_CheckExpected" />
    </UnitTest>
    <UnitTest name="ConsumerId_CheckExpected" storage="d:\v2.0\a1\_work\dbded102\bin\release.anycpu\servicehooks.service\ms.vs.services.servicehooks.consumers.l0.tests\ms.vs.services.servicehooks.consumers.l0.tests.dll" priority="1" id="8b33296f-afe6-e3f2-83f5-e8aade1a9cd6">
      <Execution id="859dbeb0-dc50-40b4-80a2-c1c4c2f48ce7" />
      <TestMethod codeBase="D:\v2.0\A1\_work\dbded102\bin\Release.AnyCPU\ServiceHooks.Service\MS.VS.Services.ServiceHooks.Consumers.L0.Tests\MS.VS.Services.ServiceHooks.Consumers.L0.Tests.dll" adapterTypeName="Microsoft.VisualStudio.TestTools.TestTypes.Unit.UnitTestAdapter" className="MS.VS.Services.ServiceHooks.Consumers.L0.Tests.Jenkins.TriggerGitBuildActionTest" name="ConsumerId_CheckExpected" />
    </UnitTest>
    <UnitTest name="Name_CheckExpected" storage="d:\v2.0\a1\_work\dbded102\bin\release.anycpu\servicehooks.service\ms.vs.services.servicehooks.consumers.l0.tests\ms.vs.services.servicehooks.consumers.l0.tests.dll" priority="1" id="311ed59c-7302-f375-bd91-6d84d5d0f440">
      <Execution id="395b8ec6-3561-47b4-89c4-084315661088" />
      <TestMethod codeBase="D:\v2.0\A1\_work\dbded102\bin\Release.AnyCPU\ServiceHooks.Service\MS.VS.Services.ServiceHooks.Consumers.L0.Tests\MS.VS.Services.ServiceHooks.Consumers.L0.Tests.dll" adapterTypeName="Microsoft.VisualStudio.TestTools.TestTypes.Unit.UnitTestAdapter" className="MS.VS.Services.ServiceHooks.Consumers.L0.Tests.Jenkins.TriggerGitBuildActionTest" name="Name_CheckExpected" />
    </UnitTest>
    <UnitTest name="Description_CheckExpected" storage="d:\v2.0\a1\_work\dbded102\bin\release.anycpu\servicehooks.service\ms.vs.services.servicehooks.consumers.l0.tests\ms.vs.services.servicehooks.consumers.l0.tests.dll" priority="1" id="9e90b0a3-96f7-6acf-6cbe-cd9d71de47d1">
      <Execution id="28c2f581-78df-4cc7-8020-e71434ecb486" />
      <TestMethod codeBase="D:\v2.0\A1\_work\dbded102\bin\Release.AnyCPU\ServiceHooks.Service\MS.VS.Services.ServiceHooks.Consumers.L0.Tests\MS.VS.Services.ServiceHooks.Consumers.L0.Tests.dll" adapterTypeName="Microsoft.VisualStudio.TestTools.TestTypes.Unit.UnitTestAdapter" className="MS.VS.Services.ServiceHooks.Consumers.L0.Tests.Jenkins.TriggerGitBuildActionTest" name="Description_CheckExpected" />
    </UnitTest>
    <UnitTest name="SupportedEventTypes_CheckExpected" storage="d:\v2.0\a1\_work\dbded102\bin\release.anycpu\servicehooks.service\ms.vs.services.servicehooks.consumers.l0.tests\ms.vs.services.servicehooks.consumers.l0.tests.dll" priority="1" id="8f93b665-95b1-ff61-4637-607a32f177ae">
      <Execution id="28486fe9-d053-45c9-a189-49d9ab16adc9" />
      <TestMethod codeBase="D:\v2.0\A1\_work\dbded102\bin\Release.AnyCPU\ServiceHooks.Service\MS.VS.Services.ServiceHooks.Consumers.L0.Tests\MS.VS.Services.ServiceHooks.Consumers.L0.Tests.dll" adapterTypeName="Microsoft.VisualStudio.TestTools.TestTypes.Unit.UnitTestAdapter" className="MS.VS.Services.ServiceHooks.Consumers.L0.Tests.Jenkins.TriggerGitBuildActionTest" name="SupportedEventTypes_CheckExpected" />
    </UnitTest>
    <UnitTest name="SupportedResourceVersions_CheckExpected" storage="d:\v2.0\a1\_work\dbded102\bin\release.anycpu\servicehooks.service\ms.vs.services.servicehooks.consumers.l0.tests\ms.vs.services.servicehooks.consumers.l0.tests.dll" priority="1" id="3424fff9-a083-0bb7-5ca9-e5c3dbdd9c0e">
      <Execution id="47ea621c-a242-42bb-aa81-b0098202735d" />
      <TestMethod codeBase="D:\v2.0\A1\_work\dbded102\bin\Release.AnyCPU\ServiceHooks.Service\MS.VS.Services.ServiceHooks.Consumers.L0.Tests\MS.VS.Services.ServiceHooks.Consumers.L0.Tests.dll" adapterTypeName="Microsoft.VisualStudio.TestTools.TestTypes.Unit.UnitTestAdapter" className="MS.VS.Services.ServiceHooks.Consumers.L0.Tests.Jenkins.TriggerGitBuildActionTest" name="SupportedResourceVersions_CheckExpected" />
    </UnitTest>
    <UnitTest name="AllowResourceVersionOverride_CheckExpected" storage="d:\v2.0\a1\_work\dbded102\bin\release.anycpu\servicehooks.service\ms.vs.services.servicehooks.consumers.l0.tests\ms.vs.services.servicehooks.consumers.l0.tests.dll" priority="1" id="c1a794ca-0d05-c2b1-a803-03a977fad388">
      <Execution id="055308e6-957b-4d09-b094-1ae5783d448f" />
      <TestMethod codeBase="D:\v2.0\A1\_work\dbded102\bin\Release.AnyCPU\ServiceHooks.Service\MS.VS.Services.ServiceHooks.Consumers.L0.Tests\MS.VS.Services.ServiceHooks.Consumers.L0.Tests.dll" adapterTypeName="Microsoft.VisualStudio.TestTools.TestTypes.Unit.UnitTestAdapter" className="MS.VS.Services.ServiceHooks.Consumers.L0.Tests.Jenkins.TriggerGitBuildActionTest" name="AllowResourceVersionOverride_CheckExpected" />
    </UnitTest>
    <UnitTest name="InputDescriptors_CheckExpected" storage="d:\v2.0\a1\_work\dbded102\bin\release.anycpu\servicehooks.service\ms.vs.services.servicehooks.consumers.l0.tests\ms.vs.services.servicehooks.consumers.l0.tests.dll" priority="1" id="079205d8-581b-66a4-19f3-53503c008b44">
      <Execution id="285d4589-b835-425c-af3f-6d2b6177d49d" />
      <TestMethod codeBase="D:\v2.0\A1\_work\dbded102\bin\Release.AnyCPU\ServiceHooks.Service\MS.VS.Services.ServiceHooks.Consumers.L0.Tests\MS.VS.Services.ServiceHooks.Consumers.L0.Tests.dll" adapterTypeName="Microsoft.VisualStudio.TestTools.TestTypes.Unit.UnitTestAdapter" className="MS.VS.Services.ServiceHooks.Consumers.L0.Tests.Jenkins.TriggerGitBuildActionTest" name="InputDescriptors_CheckExpected" />
    </UnitTest>
    <UnitTest name="GetActionDescription_ShouldReturnDescriptionWithJenkinsHostAndBuild" storage="d:\v2.0\a1\_work\dbded102\bin\release.anycpu\servicehooks.service\ms.vs.services.servicehooks.consumers.l0.tests\ms.vs.services.servicehooks.consumers.l0.tests.dll" priority="1" id="a137548f-f119-263e-3493-aedd548335c9">
      <Owners>
        <Owner name="v-bruca" />
      </Owners>
      <Execution id="06a08a12-cdf7-418d-8f8c-e65a8873dccb" />
      <TestMethod codeBase="D:\v2.0\A1\_work\dbded102\bin\Release.AnyCPU\ServiceHooks.Service\MS.VS.Services.ServiceHooks.Consumers.L0.Tests\MS.VS.Services.ServiceHooks.Consumers.L0.Tests.dll" adapterTypeName="Microsoft.VisualStudio.TestTools.TestTypes.Unit.UnitTestAdapter" className="MS.VS.Services.ServiceHooks.Consumers.L0.Tests.Jenkins.TriggerGenericBuildActionTest" name="GetActionDescription_ShouldReturnDescriptionWithJenkinsHostAndBuild" />
    </UnitTest>
    <UnitTest name="GetInputValues_UnknownInputId_ShouldReturnNull" storage="d:\v2.0\a1\_work\dbded102\bin\release.anycpu\servicehooks.service\ms.vs.services.servicehooks.consumers.l0.tests\ms.vs.services.servicehooks.consumers.l0.tests.dll" priority="1" id="5b4c5fee-8780-143b-26c4-256d6e9b33b8">
      <Owners>
        <Owner name="v-bruca" />
      </Owners>
      <Execution id="19d705e6-e1bb-4168-9f8a-a93bb06d17ae" />
      <TestMethod codeBase="D:\v2.0\A1\_work\dbded102\bin\Release.AnyCPU\ServiceHooks.Service\MS.VS.Services.ServiceHooks.Consumers.L0.Tests\MS.VS.Services.ServiceHooks.Consumers.L0.Tests.dll" adapterTypeName="Microsoft.VisualStudio.TestTools.TestTypes.Unit.UnitTestAdapter" className="MS.VS.Services.ServiceHooks.Consumers.L0.Tests.Jenkins.TriggerGenericBuildActionTest" name="GetInputValues_UnknownInputId_ShouldReturnNull" />
    </UnitTest>
    <UnitTest name="GetInputValues_QueryingBuildNameWithMissingRequiredInputs_ShouldReturnDefaultCombo" storage="d:\v2.0\a1\_work\dbded102\bin\release.anycpu\servicehooks.service\ms.vs.services.servicehooks.consumers.l0.tests\ms.vs.services.servicehooks.consumers.l0.tests.dll" priority="1" id="62bf3f69-c536-24f3-1523-463462831c7f">
      <Owners>
        <Owner name="v-bruca" />
      </Owners>
      <Execution id="b585d446-e6fd-45ea-aa27-b4122e1bc206" />
      <TestMethod codeBase="D:\v2.0\A1\_work\dbded102\bin\Release.AnyCPU\ServiceHooks.Service\MS.VS.Services.ServiceHooks.Consumers.L0.Tests\MS.VS.Services.ServiceHooks.Consumers.L0.Tests.dll" adapterTypeName="Microsoft.VisualStudio.TestTools.TestTypes.Unit.UnitTestAdapter" className="MS.VS.Services.ServiceHooks.Consumers.L0.Tests.Jenkins.TriggerGenericBuildActionTest" name="GetInputValues_QueryingBuildNameWithMissingRequiredInputs_ShouldReturnDefaultCombo" />
    </UnitTest>
    <UnitTest name="GetInputValues_QueryingBuildValuesWithInputsOk_ShouldReturnComboWithBuilds" storage="d:\v2.0\a1\_work\dbded102\bin\release.anycpu\servicehooks.service\ms.vs.services.servicehooks.consumers.l0.tests\ms.vs.services.servicehooks.consumers.l0.tests.dll" priority="1" id="ca64c7a9-dcb1-b0c4-30bd-7762162d0168">
      <Owners>
        <Owner name="v-bruca" />
      </Owners>
      <Execution id="cc304e95-c45e-4b21-a5dd-ae12fdf5717e" />
      <TestMethod codeBase="D:\v2.0\A1\_work\dbded102\bin\Release.AnyCPU\ServiceHooks.Service\MS.VS.Services.ServiceHooks.Consumers.L0.Tests\MS.VS.Services.ServiceHooks.Consumers.L0.Tests.dll" adapterTypeName="Microsoft.VisualStudio.TestTools.TestTypes.Unit.UnitTestAdapter" className="MS.VS.Services.ServiceHooks.Consumers.L0.Tests.Jenkins.TriggerGenericBuildActionTest" name="GetInputValues_QueryingBuildValuesWithInputsOk_ShouldReturnComboWithBuilds" />
    </UnitTest>
    <UnitTest name="GetInputValues_QueryingBuildValuesWithInvalidCredentials_ShouldReturnComboWithErrorMessageNotAuthorized" storage="d:\v2.0\a1\_work\dbded102\bin\release.anycpu\servicehooks.service\ms.vs.services.servicehooks.consumers.l0.tests\ms.vs.services.servicehooks.consumers.l0.tests.dll" priority="1" id="9931068f-a528-5066-c75e-b7e3e13893fe">
      <Owners>
        <Owner name="v-bruca" />
      </Owners>
      <Execution id="c846f307-da24-45b5-bbc3-30993d5e3f21" />
      <TestMethod codeBase="D:\v2.0\A1\_work\dbded102\bin\Release.AnyCPU\ServiceHooks.Service\MS.VS.Services.ServiceHooks.Consumers.L0.Tests\MS.VS.Services.ServiceHooks.Consumers.L0.Tests.dll" adapterTypeName="Microsoft.VisualStudio.TestTools.TestTypes.Unit.UnitTestAdapter" className="MS.VS.Services.ServiceHooks.Consumers.L0.Tests.Jenkins.TriggerGenericBuildActionTest" name="GetInputValues_QueryingBuildValuesWithInvalidCredentials_ShouldReturnComboWithErrorMessageNotAuthorized" />
    </UnitTest>
    <UnitTest name="GetInputValues_QueryingBuildValuesWithErrorInJenkins_ShouldReturnDefaultCombo" storage="d:\v2.0\a1\_work\dbded102\bin\release.anycpu\servicehooks.service\ms.vs.services.servicehooks.consumers.l0.tests\ms.vs.services.servicehooks.consumers.l0.tests.dll" priority="1" id="7dc01f64-7c1e-dc9c-5e16-d967a360f183">
      <Owners>
        <Owner name="v-bruca" />
      </Owners>
      <Execution id="fb441c68-2fdd-4792-81c9-cd5789a80e37" />
      <TestMethod codeBase="D:\v2.0\A1\_work\dbded102\bin\Release.AnyCPU\ServiceHooks.Service\MS.VS.Services.ServiceHooks.Consumers.L0.Tests\MS.VS.Services.ServiceHooks.Consumers.L0.Tests.dll" adapterTypeName="Microsoft.VisualStudio.TestTools.TestTypes.Unit.UnitTestAdapter" className="MS.VS.Services.ServiceHooks.Consumers.L0.Tests.Jenkins.TriggerGenericBuildActionTest" name="GetInputValues_QueryingBuildValuesWithErrorInJenkins_ShouldReturnDefaultCombo" />
    </UnitTest>
    <UnitTest name="HandleEvent_InputsOkWithoutParameters_ShouldReturnHttpActionTaskConfiguredOk" storage="d:\v2.0\a1\_work\dbded102\bin\release.anycpu\servicehooks.service\ms.vs.services.servicehooks.consumers.l0.tests\ms.vs.services.servicehooks.consumers.l0.tests.dll" priority="1" id="233a57d8-d8df-9768-65b2-c54a0467b03c">
      <Owners>
        <Owner name="v-bruca" />
      </Owners>
      <Execution id="ecf5a21d-2f16-468b-b0c2-74fb935ee1ff" />
      <TestMethod codeBase="D:\v2.0\A1\_work\dbded102\bin\Release.AnyCPU\ServiceHooks.Service\MS.VS.Services.ServiceHooks.Consumers.L0.Tests\MS.VS.Services.ServiceHooks.Consumers.L0.Tests.dll" adapterTypeName="Microsoft.VisualStudio.TestTools.TestTypes.Unit.UnitTestAdapter" className="MS.VS.Services.ServiceHooks.Consumers.L0.Tests.Jenkins.TriggerGenericBuildActionTest" name="HandleEvent_InputsOkWithoutParameters_ShouldReturnHttpActionTaskConfiguredOk" />
    </UnitTest>
    <UnitTest name="HandleEvent_InputsOkWithParameters_ShouldReturnHttpActionTaskConfiguredOk" storage="d:\v2.0\a1\_work\dbded102\bin\release.anycpu\servicehooks.service\ms.vs.services.servicehooks.consumers.l0.tests\ms.vs.services.servicehooks.consumers.l0.tests.dll" priority="1" id="0392fb89-0e54-691a-ee0e-7ee05b819ccd">
      <Owners>
        <Owner name="v-bruca" />
      </Owners>
      <Execution id="23ca151a-6c77-4775-aa50-c77b089e0c57" />
      <TestMethod codeBase="D:\v2.0\A1\_work\dbded102\bin\Release.AnyCPU\ServiceHooks.Service\MS.VS.Services.ServiceHooks.Consumers.L0.Tests\MS.VS.Services.ServiceHooks.Consumers.L0.Tests.dll" adapterTypeName="Microsoft.VisualStudio.TestTools.TestTypes.Unit.UnitTestAdapter" className="MS.VS.Services.ServiceHooks.Consumers.L0.Tests.Jenkins.TriggerGenericBuildActionTest" name="HandleEvent_InputsOkWithParameters_ShouldReturnHttpActionTaskConfiguredOk" />
    </UnitTest>
    <UnitTest name="Id_CheckExpected" storage="d:\v2.0\a1\_work\dbded102\bin\release.anycpu\servicehooks.service\ms.vs.services.servicehooks.consumers.l0.tests\ms.vs.services.servicehooks.consumers.l0.tests.dll" priority="1" id="707230e7-9909-4121-c112-d76db911c0ff">
      <Execution id="36e8b5fc-28eb-49e2-be7b-7f6cce26cb11" />
      <TestMethod codeBase="D:\v2.0\A1\_work\dbded102\bin\Release.AnyCPU\ServiceHooks.Service\MS.VS.Services.ServiceHooks.Consumers.L0.Tests\MS.VS.Services.ServiceHooks.Consumers.L0.Tests.dll" adapterTypeName="Microsoft.VisualStudio.TestTools.TestTypes.Unit.UnitTestAdapter" className="MS.VS.Services.ServiceHooks.Consumers.L0.Tests.Jenkins.TriggerGenericBuildActionTest" name="Id_CheckExpected" />
    </UnitTest>
    <UnitTest name="ConsumerId_CheckExpected" storage="d:\v2.0\a1\_work\dbded102\bin\release.anycpu\servicehooks.service\ms.vs.services.servicehooks.consumers.l0.tests\ms.vs.services.servicehooks.consumers.l0.tests.dll" priority="1" id="1cbf430f-1eb2-1a43-9ce7-22e5c5bc3eb2">
      <Execution id="30d510dc-fa01-4cca-acd6-2759d76a0491" />
      <TestMethod codeBase="D:\v2.0\A1\_work\dbded102\bin\Release.AnyCPU\ServiceHooks.Service\MS.VS.Services.ServiceHooks.Consumers.L0.Tests\MS.VS.Services.ServiceHooks.Consumers.L0.Tests.dll" adapterTypeName="Microsoft.VisualStudio.TestTools.TestTypes.Unit.UnitTestAdapter" className="MS.VS.Services.ServiceHooks.Consumers.L0.Tests.Jenkins.TriggerGenericBuildActionTest" name="ConsumerId_CheckExpected" />
    </UnitTest>
    <UnitTest name="Name_CheckExpected" storage="d:\v2.0\a1\_work\dbded102\bin\release.anycpu\servicehooks.service\ms.vs.services.servicehooks.consumers.l0.tests\ms.vs.services.servicehooks.consumers.l0.tests.dll" priority="1" id="6a211411-bd54-3ac6-7091-b53d0789d9de">
      <Execution id="8575b5ff-0295-4e20-922d-bf0e4723db58" />
      <TestMethod codeBase="D:\v2.0\A1\_work\dbded102\bin\Release.AnyCPU\ServiceHooks.Service\MS.VS.Services.ServiceHooks.Consumers.L0.Tests\MS.VS.Services.ServiceHooks.Consumers.L0.Tests.dll" adapterTypeName="Microsoft.VisualStudio.TestTools.TestTypes.Unit.UnitTestAdapter" className="MS.VS.Services.ServiceHooks.Consumers.L0.Tests.Jenkins.TriggerGenericBuildActionTest" name="Name_CheckExpected" />
    </UnitTest>
    <UnitTest name="Description_CheckExpected" storage="d:\v2.0\a1\_work\dbded102\bin\release.anycpu\servicehooks.service\ms.vs.services.servicehooks.consumers.l0.tests\ms.vs.services.servicehooks.consumers.l0.tests.dll" priority="1" id="b625c5c1-e04b-8198-893f-40adaf883c9b">
      <Execution id="9894ad8b-691b-47f0-ab4b-09879b0097cf" />
      <TestMethod codeBase="D:\v2.0\A1\_work\dbded102\bin\Release.AnyCPU\ServiceHooks.Service\MS.VS.Services.ServiceHooks.Consumers.L0.Tests\MS.VS.Services.ServiceHooks.Consumers.L0.Tests.dll" adapterTypeName="Microsoft.VisualStudio.TestTools.TestTypes.Unit.UnitTestAdapter" className="MS.VS.Services.ServiceHooks.Consumers.L0.Tests.Jenkins.TriggerGenericBuildActionTest" name="Description_CheckExpected" />
    </UnitTest>
    <UnitTest name="SupportedEventTypes_CheckExpected" storage="d:\v2.0\a1\_work\dbded102\bin\release.anycpu\servicehooks.service\ms.vs.services.servicehooks.consumers.l0.tests\ms.vs.services.servicehooks.consumers.l0.tests.dll" priority="1" id="81b20615-410f-534c-d965-471635a21ec1">
      <Execution id="496aaa3a-cee5-498b-b162-8bc31d3f279a" />
      <TestMethod codeBase="D:\v2.0\A1\_work\dbded102\bin\Release.AnyCPU\ServiceHooks.Service\MS.VS.Services.ServiceHooks.Consumers.L0.Tests\MS.VS.Services.ServiceHooks.Consumers.L0.Tests.dll" adapterTypeName="Microsoft.VisualStudio.TestTools.TestTypes.Unit.UnitTestAdapter" className="MS.VS.Services.ServiceHooks.Consumers.L0.Tests.Jenkins.TriggerGenericBuildActionTest" name="SupportedEventTypes_CheckExpected" />
    </UnitTest>
    <UnitTest name="SupportedResourceVersions_CheckExpected" storage="d:\v2.0\a1\_work\dbded102\bin\release.anycpu\servicehooks.service\ms.vs.services.servicehooks.consumers.l0.tests\ms.vs.services.servicehooks.consumers.l0.tests.dll" priority="1" id="c5b5f6b5-06d7-974a-756e-ec42688f1813">
      <Execution id="7c9a7cbe-5342-45c8-b4d2-f805f33868fb" />
      <TestMethod codeBase="D:\v2.0\A1\_work\dbded102\bin\Release.AnyCPU\ServiceHooks.Service\MS.VS.Services.ServiceHooks.Consumers.L0.Tests\MS.VS.Services.ServiceHooks.Consumers.L0.Tests.dll" adapterTypeName="Microsoft.VisualStudio.TestTools.TestTypes.Unit.UnitTestAdapter" className="MS.VS.Services.ServiceHooks.Consumers.L0.Tests.Jenkins.TriggerGenericBuildActionTest" name="SupportedResourceVersions_CheckExpected" />
    </UnitTest>
    <UnitTest name="AllowResourceVersionOverride_CheckExpected" storage="d:\v2.0\a1\_work\dbded102\bin\release.anycpu\servicehooks.service\ms.vs.services.servicehooks.consumers.l0.tests\ms.vs.services.servicehooks.consumers.l0.tests.dll" priority="1" id="c6eef2f4-383e-8bf6-9d44-1e5921777b72">
      <Execution id="a9494ec3-bd1b-4b8d-938d-8c05bd035e4f" />
      <TestMethod codeBase="D:\v2.0\A1\_work\dbded102\bin\Release.AnyCPU\ServiceHooks.Service\MS.VS.Services.ServiceHooks.Consumers.L0.Tests\MS.VS.Services.ServiceHooks.Consumers.L0.Tests.dll" adapterTypeName="Microsoft.VisualStudio.TestTools.TestTypes.Unit.UnitTestAdapter" className="MS.VS.Services.ServiceHooks.Consumers.L0.Tests.Jenkins.TriggerGenericBuildActionTest" name="AllowResourceVersionOverride_CheckExpected" />
    </UnitTest>
    <UnitTest name="InputDescriptors_CheckExpected" storage="d:\v2.0\a1\_work\dbded102\bin\release.anycpu\servicehooks.service\ms.vs.services.servicehooks.consumers.l0.tests\ms.vs.services.servicehooks.consumers.l0.tests.dll" priority="1" id="76f38511-0d36-4dae-157a-06a5440eb50e">
      <Execution id="2340532b-ed01-4ce1-9e6f-f1a1419fc949" />
      <TestMethod codeBase="D:\v2.0\A1\_work\dbded102\bin\Release.AnyCPU\ServiceHooks.Service\MS.VS.Services.ServiceHooks.Consumers.L0.Tests\MS.VS.Services.ServiceHooks.Consumers.L0.Tests.dll" adapterTypeName="Microsoft.VisualStudio.TestTools.TestTypes.Unit.UnitTestAdapter" className="MS.VS.Services.ServiceHooks.Consumers.L0.Tests.Jenkins.TriggerGenericBuildActionTest" name="InputDescriptors_CheckExpected" />
    </UnitTest>
    <UnitTest name="Id_CheckExpected" storage="d:\v2.0\a1\_work\dbded102\bin\release.anycpu\servicehooks.service\ms.vs.services.servicehooks.consumers.l0.tests\ms.vs.services.servicehooks.consumers.l0.tests.dll" priority="1" id="54404c72-13be-dde8-a0e6-2427d49984a3">
      <Execution id="242d8b30-20e8-4642-9d4f-17c839c707f2" />
      <TestMethod codeBase="D:\v2.0\A1\_work\dbded102\bin\Release.AnyCPU\ServiceHooks.Service\MS.VS.Services.ServiceHooks.Consumers.L0.Tests\MS.VS.Services.ServiceHooks.Consumers.L0.Tests.dll" adapterTypeName="Microsoft.VisualStudio.TestTools.TestTypes.Unit.UnitTestAdapter" className="MS.VS.Services.ServiceHooks.Consumers.L0.Tests.Hubot.HubotConsumerTests" name="Id_CheckExpected" />
    </UnitTest>
    <UnitTest name="Name_CheckExpected" storage="d:\v2.0\a1\_work\dbded102\bin\release.anycpu\servicehooks.service\ms.vs.services.servicehooks.consumers.l0.tests\ms.vs.services.servicehooks.consumers.l0.tests.dll" priority="1" id="962af9e5-9945-29ec-6f36-70c253b8da60">
      <Execution id="1149bb06-c3cc-4a92-881d-49985495c1d2" />
      <TestMethod codeBase="D:\v2.0\A1\_work\dbded102\bin\Release.AnyCPU\ServiceHooks.Service\MS.VS.Services.ServiceHooks.Consumers.L0.Tests\MS.VS.Services.ServiceHooks.Consumers.L0.Tests.dll" adapterTypeName="Microsoft.VisualStudio.TestTools.TestTypes.Unit.UnitTestAdapter" className="MS.VS.Services.ServiceHooks.Consumers.L0.Tests.Hubot.HubotConsumerTests" name="Name_CheckExpected" />
    </UnitTest>
    <UnitTest name="Description_CheckExpected" storage="d:\v2.0\a1\_work\dbded102\bin\release.anycpu\servicehooks.service\ms.vs.services.servicehooks.consumers.l0.tests\ms.vs.services.servicehooks.consumers.l0.tests.dll" priority="1" id="b59b3be0-dcf8-3fcf-55b0-83d2527d61eb">
      <Execution id="d7808240-65fe-446a-a974-59e33b6dbb32" />
      <TestMethod codeBase="D:\v2.0\A1\_work\dbded102\bin\Release.AnyCPU\ServiceHooks.Service\MS.VS.Services.ServiceHooks.Consumers.L0.Tests\MS.VS.Services.ServiceHooks.Consumers.L0.Tests.dll" adapterTypeName="Microsoft.VisualStudio.TestTools.TestTypes.Unit.UnitTestAdapter" className="MS.VS.Services.ServiceHooks.Consumers.L0.Tests.Hubot.HubotConsumerTests" name="Description_CheckExpected" />
    </UnitTest>
    <UnitTest name="InformationUrl_CheckExpected" storage="d:\v2.0\a1\_work\dbded102\bin\release.anycpu\servicehooks.service\ms.vs.services.servicehooks.consumers.l0.tests\ms.vs.services.servicehooks.consumers.l0.tests.dll" priority="1" id="211243c6-c358-45ea-1c97-3ee62872c4a5">
      <Execution id="8a8b0a9e-df39-4a93-88f6-e9599ca4b672" />
      <TestMethod codeBase="D:\v2.0\A1\_work\dbded102\bin\Release.AnyCPU\ServiceHooks.Service\MS.VS.Services.ServiceHooks.Consumers.L0.Tests\MS.VS.Services.ServiceHooks.Consumers.L0.Tests.dll" adapterTypeName="Microsoft.VisualStudio.TestTools.TestTypes.Unit.UnitTestAdapter" className="MS.VS.Services.ServiceHooks.Consumers.L0.Tests.Hubot.HubotConsumerTests" name="InformationUrl_CheckExpected" />
    </UnitTest>
    <UnitTest name="ImageUrl_CheckExpected" storage="d:\v2.0\a1\_work\dbded102\bin\release.anycpu\servicehooks.service\ms.vs.services.servicehooks.consumers.l0.tests\ms.vs.services.servicehooks.consumers.l0.tests.dll" priority="1" id="3679f8c5-1b38-2ce4-3e1c-b9b2de10a018">
      <Execution id="ec533814-9a29-424a-a78a-40768fabe7f0" />
      <TestMethod codeBase="D:\v2.0\A1\_work\dbded102\bin\Release.AnyCPU\ServiceHooks.Service\MS.VS.Services.ServiceHooks.Consumers.L0.Tests\MS.VS.Services.ServiceHooks.Consumers.L0.Tests.dll" adapterTypeName="Microsoft.VisualStudio.TestTools.TestTypes.Unit.UnitTestAdapter" className="MS.VS.Services.ServiceHooks.Consumers.L0.Tests.Hubot.HubotConsumerTests" name="ImageUrl_CheckExpected" />
    </UnitTest>
    <UnitTest name="AuthenticationType_CheckExpected" storage="d:\v2.0\a1\_work\dbded102\bin\release.anycpu\servicehooks.service\ms.vs.services.servicehooks.consumers.l0.tests\ms.vs.services.servicehooks.consumers.l0.tests.dll" priority="1" id="b7f4ad03-2061-979e-075f-4360c4956f2c">
      <Execution id="42c8f24e-1f6d-4d77-8aa2-c752ada7f0ee" />
      <TestMethod codeBase="D:\v2.0\A1\_work\dbded102\bin\Release.AnyCPU\ServiceHooks.Service\MS.VS.Services.ServiceHooks.Consumers.L0.Tests\MS.VS.Services.ServiceHooks.Consumers.L0.Tests.dll" adapterTypeName="Microsoft.VisualStudio.TestTools.TestTypes.Unit.UnitTestAdapter" className="MS.VS.Services.ServiceHooks.Consumers.L0.Tests.Hubot.HubotConsumerTests" name="AuthenticationType_CheckExpected" />
    </UnitTest>
    <UnitTest name="ExternalConfiguration_CheckExpected" storage="d:\v2.0\a1\_work\dbded102\bin\release.anycpu\servicehooks.service\ms.vs.services.servicehooks.consumers.l0.tests\ms.vs.services.servicehooks.consumers.l0.tests.dll" priority="1" id="cd8aa587-a99a-aeab-eee5-9ca0275f8961">
      <Execution id="8f6ec05d-617c-4270-af1f-a26bcf269f9f" />
      <TestMethod codeBase="D:\v2.0\A1\_work\dbded102\bin\Release.AnyCPU\ServiceHooks.Service\MS.VS.Services.ServiceHooks.Consumers.L0.Tests\MS.VS.Services.ServiceHooks.Consumers.L0.Tests.dll" adapterTypeName="Microsoft.VisualStudio.TestTools.TestTypes.Unit.UnitTestAdapter" className="MS.VS.Services.ServiceHooks.Consumers.L0.Tests.Hubot.HubotConsumerTests" name="ExternalConfiguration_CheckExpected" />
    </UnitTest>
    <UnitTest name="InputDescriptors_CheckExpected" storage="d:\v2.0\a1\_work\dbded102\bin\release.anycpu\servicehooks.service\ms.vs.services.servicehooks.consumers.l0.tests\ms.vs.services.servicehooks.consumers.l0.tests.dll" priority="1" id="0aa497d5-4a5f-b13a-33ce-4b26575a33b0">
      <Execution id="67021a7e-fe0a-4d53-8798-2ab400e2bf8b" />
      <TestMethod codeBase="D:\v2.0\A1\_work\dbded102\bin\Release.AnyCPU\ServiceHooks.Service\MS.VS.Services.ServiceHooks.Consumers.L0.Tests\MS.VS.Services.ServiceHooks.Consumers.L0.Tests.dll" adapterTypeName="Microsoft.VisualStudio.TestTools.TestTypes.Unit.UnitTestAdapter" className="MS.VS.Services.ServiceHooks.Consumers.L0.Tests.Hubot.HubotConsumerTests" name="InputDescriptors_CheckExpected" />
    </UnitTest>
    <UnitTest name="FeatureName_CheckExpected" storage="d:\v2.0\a1\_work\dbded102\bin\release.anycpu\servicehooks.service\ms.vs.services.servicehooks.consumers.l0.tests\ms.vs.services.servicehooks.consumers.l0.tests.dll" priority="1" id="2f83a97d-8b30-c980-dd2e-d51923a92fa6">
      <Execution id="9ccfd47e-dc19-4fbd-8909-0db1d75c4d7f" />
      <TestMethod codeBase="D:\v2.0\A1\_work\dbded102\bin\Release.AnyCPU\ServiceHooks.Service\MS.VS.Services.ServiceHooks.Consumers.L0.Tests\MS.VS.Services.ServiceHooks.Consumers.L0.Tests.dll" adapterTypeName="Microsoft.VisualStudio.TestTools.TestTypes.Unit.UnitTestAdapter" className="MS.VS.Services.ServiceHooks.Consumers.L0.Tests.Hubot.HubotConsumerTests" name="FeatureName_CheckExpected" />
    </UnitTest>
    <UnitTest name="HandleEvent_InputsOk_ShouldReturnHttpActionTaskConfiguredOk" storage="d:\v2.0\a1\_work\dbded102\bin\release.anycpu\servicehooks.service\ms.vs.services.servicehooks.consumers.l0.tests\ms.vs.services.servicehooks.consumers.l0.tests.dll" priority="1" id="38804096-c550-448d-9ab7-e4768c5b1bc2">
      <Owners>
        <Owner name="v-bruca" />
      </Owners>
      <Execution id="5add4e5d-fc9f-458f-81a7-587848b45e23" />
      <TestMethod codeBase="D:\v2.0\A1\_work\dbded102\bin\Release.AnyCPU\ServiceHooks.Service\MS.VS.Services.ServiceHooks.Consumers.L0.Tests\MS.VS.Services.ServiceHooks.Consumers.L0.Tests.dll" adapterTypeName="Microsoft.VisualStudio.TestTools.TestTypes.Unit.UnitTestAdapter" className="MS.VS.Services.ServiceHooks.Consumers.L0.Tests.Hubot.PostMessageActionTests" name="HandleEvent_InputsOk_ShouldReturnHttpActionTaskConfiguredOk" />
    </UnitTest>
    <UnitTest name="Id_CheckExpected" storage="d:\v2.0\a1\_work\dbded102\bin\release.anycpu\servicehooks.service\ms.vs.services.servicehooks.consumers.l0.tests\ms.vs.services.servicehooks.consumers.l0.tests.dll" priority="1" id="477d68fe-f5f3-06b6-385f-92c18f33ba85">
      <Execution id="d548c1e9-0ca8-4961-937e-950481768ce2" />
      <TestMethod codeBase="D:\v2.0\A1\_work\dbded102\bin\Release.AnyCPU\ServiceHooks.Service\MS.VS.Services.ServiceHooks.Consumers.L0.Tests\MS.VS.Services.ServiceHooks.Consumers.L0.Tests.dll" adapterTypeName="Microsoft.VisualStudio.TestTools.TestTypes.Unit.UnitTestAdapter" className="MS.VS.Services.ServiceHooks.Consumers.L0.Tests.Hubot.PostMessageActionTests" name="Id_CheckExpected" />
    </UnitTest>
    <UnitTest name="ConsumerId_CheckExpected" storage="d:\v2.0\a1\_work\dbded102\bin\release.anycpu\servicehooks.service\ms.vs.services.servicehooks.consumers.l0.tests\ms.vs.services.servicehooks.consumers.l0.tests.dll" priority="1" id="326f085c-6d13-8a4a-f353-286af24a12a0">
      <Execution id="e3fd4788-9a27-4883-b0ce-04371228d008" />
      <TestMethod codeBase="D:\v2.0\A1\_work\dbded102\bin\Release.AnyCPU\ServiceHooks.Service\MS.VS.Services.ServiceHooks.Consumers.L0.Tests\MS.VS.Services.ServiceHooks.Consumers.L0.Tests.dll" adapterTypeName="Microsoft.VisualStudio.TestTools.TestTypes.Unit.UnitTestAdapter" className="MS.VS.Services.ServiceHooks.Consumers.L0.Tests.Hubot.PostMessageActionTests" name="ConsumerId_CheckExpected" />
    </UnitTest>
    <UnitTest name="Name_CheckExpected" storage="d:\v2.0\a1\_work\dbded102\bin\release.anycpu\servicehooks.service\ms.vs.services.servicehooks.consumers.l0.tests\ms.vs.services.servicehooks.consumers.l0.tests.dll" priority="1" id="c18f6f2e-7fc9-af96-3e56-2814e109dced">
      <Execution id="32c97f77-b94e-4892-923d-9d23f733c3ae" />
      <TestMethod codeBase="D:\v2.0\A1\_work\dbded102\bin\Release.AnyCPU\ServiceHooks.Service\MS.VS.Services.ServiceHooks.Consumers.L0.Tests\MS.VS.Services.ServiceHooks.Consumers.L0.Tests.dll" adapterTypeName="Microsoft.VisualStudio.TestTools.TestTypes.Unit.UnitTestAdapter" className="MS.VS.Services.ServiceHooks.Consumers.L0.Tests.Hubot.PostMessageActionTests" name="Name_CheckExpected" />
    </UnitTest>
    <UnitTest name="Description_CheckExpected" storage="d:\v2.0\a1\_work\dbded102\bin\release.anycpu\servicehooks.service\ms.vs.services.servicehooks.consumers.l0.tests\ms.vs.services.servicehooks.consumers.l0.tests.dll" priority="1" id="0313b198-85db-f821-7236-fdc1de5357ec">
      <Execution id="877f86cf-31cc-49e2-926b-1120a0d90aaa" />
      <TestMethod codeBase="D:\v2.0\A1\_work\dbded102\bin\Release.AnyCPU\ServiceHooks.Service\MS.VS.Services.ServiceHooks.Consumers.L0.Tests\MS.VS.Services.ServiceHooks.Consumers.L0.Tests.dll" adapterTypeName="Microsoft.VisualStudio.TestTools.TestTypes.Unit.UnitTestAdapter" className="MS.VS.Services.ServiceHooks.Consumers.L0.Tests.Hubot.PostMessageActionTests" name="Description_CheckExpected" />
    </UnitTest>
    <UnitTest name="SupportedEventTypes_CheckExpected" storage="d:\v2.0\a1\_work\dbded102\bin\release.anycpu\servicehooks.service\ms.vs.services.servicehooks.consumers.l0.tests\ms.vs.services.servicehooks.consumers.l0.tests.dll" priority="1" id="e1a10001-abe9-21e5-0430-868dc2ffa0ce">
      <Execution id="8859b234-2bce-479e-992b-d5fc23aa8c76" />
      <TestMethod codeBase="D:\v2.0\A1\_work\dbded102\bin\Release.AnyCPU\ServiceHooks.Service\MS.VS.Services.ServiceHooks.Consumers.L0.Tests\MS.VS.Services.ServiceHooks.Consumers.L0.Tests.dll" adapterTypeName="Microsoft.VisualStudio.TestTools.TestTypes.Unit.UnitTestAdapter" className="MS.VS.Services.ServiceHooks.Consumers.L0.Tests.Hubot.PostMessageActionTests" name="SupportedEventTypes_CheckExpected" />
    </UnitTest>
    <UnitTest name="SupportedResourceVersions_CheckExpected" storage="d:\v2.0\a1\_work\dbded102\bin\release.anycpu\servicehooks.service\ms.vs.services.servicehooks.consumers.l0.tests\ms.vs.services.servicehooks.consumers.l0.tests.dll" priority="1" id="a2cb6dfe-f1ba-e95b-cd98-26b8d0343480">
      <Execution id="076e6dce-224f-4716-883a-27a8f31f5154" />
      <TestMethod codeBase="D:\v2.0\A1\_work\dbded102\bin\Release.AnyCPU\ServiceHooks.Service\MS.VS.Services.ServiceHooks.Consumers.L0.Tests\MS.VS.Services.ServiceHooks.Consumers.L0.Tests.dll" adapterTypeName="Microsoft.VisualStudio.TestTools.TestTypes.Unit.UnitTestAdapter" className="MS.VS.Services.ServiceHooks.Consumers.L0.Tests.Hubot.PostMessageActionTests" name="SupportedResourceVersions_CheckExpected" />
    </UnitTest>
    <UnitTest name="AllowResourceVersionOverride_CheckExpected" storage="d:\v2.0\a1\_work\dbded102\bin\release.anycpu\servicehooks.service\ms.vs.services.servicehooks.consumers.l0.tests\ms.vs.services.servicehooks.consumers.l0.tests.dll" priority="1" id="961d73a5-05a8-296d-8b0b-38f9e8f301fc">
      <Execution id="a37ed48d-6ff5-4a1b-af8f-6e8b8f3173ae" />
      <TestMethod codeBase="D:\v2.0\A1\_work\dbded102\bin\Release.AnyCPU\ServiceHooks.Service\MS.VS.Services.ServiceHooks.Consumers.L0.Tests\MS.VS.Services.ServiceHooks.Consumers.L0.Tests.dll" adapterTypeName="Microsoft.VisualStudio.TestTools.TestTypes.Unit.UnitTestAdapter" className="MS.VS.Services.ServiceHooks.Consumers.L0.Tests.Hubot.PostMessageActionTests" name="AllowResourceVersionOverride_CheckExpected" />
    </UnitTest>
    <UnitTest name="InputDescriptors_CheckExpected" storage="d:\v2.0\a1\_work\dbded102\bin\release.anycpu\servicehooks.service\ms.vs.services.servicehooks.consumers.l0.tests\ms.vs.services.servicehooks.consumers.l0.tests.dll" priority="1" id="841d3ca5-405b-0c17-4b4e-ec70cfe7a9bc">
      <Execution id="2a700538-88cb-4431-93f5-471a3eb9262f" />
      <TestMethod codeBase="D:\v2.0\A1\_work\dbded102\bin\Release.AnyCPU\ServiceHooks.Service\MS.VS.Services.ServiceHooks.Consumers.L0.Tests\MS.VS.Services.ServiceHooks.Consumers.L0.Tests.dll" adapterTypeName="Microsoft.VisualStudio.TestTools.TestTypes.Unit.UnitTestAdapter" className="MS.VS.Services.ServiceHooks.Consumers.L0.Tests.Hubot.PostMessageActionTests" name="InputDescriptors_CheckExpected" />
    </UnitTest>
    <UnitTest name="GetInputValues_InvalidConnectionString_ShouldReturnErrorConnectionStringNotValid" storage="d:\v2.0\a1\_work\dbded102\bin\release.anycpu\servicehooks.service\ms.vs.services.servicehooks.consumers.l0.tests\ms.vs.services.servicehooks.consumers.l0.tests.dll" priority="1" id="75979776-1765-5cc6-8084-1f8f3da6d9bd">
      <Owners>
        <Owner name="v-bruca" />
      </Owners>
      <Execution id="72af8383-1110-40df-a04e-b417e0895126" />
      <TestMethod codeBase="D:\v2.0\A1\_work\dbded102\bin\Release.AnyCPU\ServiceHooks.Service\MS.VS.Services.ServiceHooks.Consumers.L0.Tests\MS.VS.Services.ServiceHooks.Consumers.L0.Tests.dll" adapterTypeName="Microsoft.VisualStudio.TestTools.TestTypes.Unit.UnitTestAdapter" className="MS.VS.Services.ServiceHooks.Consumers.L0.Tests.Hubot.PostMessageToQueueActionTests" name="GetInputValues_InvalidConnectionString_ShouldReturnErrorConnectionStringNotValid" />
    </UnitTest>
    <UnitTest name="GetInputValues_UanuthorizedConnectionString_ShouldReturnErrorNotauthorized" storage="d:\v2.0\a1\_work\dbded102\bin\release.anycpu\servicehooks.service\ms.vs.services.servicehooks.consumers.l0.tests\ms.vs.services.servicehooks.consumers.l0.tests.dll" priority="1" id="571a2d42-d5c0-ddd5-2aa8-4caa80054a83">
      <Owners>
        <Owner name="v-bruca" />
      </Owners>
      <Execution id="78e8d88d-fd5d-4bee-a99f-2870f29d2368" />
      <TestMethod codeBase="D:\v2.0\A1\_work\dbded102\bin\Release.AnyCPU\ServiceHooks.Service\MS.VS.Services.ServiceHooks.Consumers.L0.Tests\MS.VS.Services.ServiceHooks.Consumers.L0.Tests.dll" adapterTypeName="Microsoft.VisualStudio.TestTools.TestTypes.Unit.UnitTestAdapter" className="MS.VS.Services.ServiceHooks.Consumers.L0.Tests.Hubot.PostMessageToQueueActionTests" name="GetInputValues_UanuthorizedConnectionString_ShouldReturnErrorNotauthorized" />
    </UnitTest>
    <UnitTest name="GetInputValues_Exception_ShouldReturnErrorMessage" storage="d:\v2.0\a1\_work\dbded102\bin\release.anycpu\servicehooks.service\ms.vs.services.servicehooks.consumers.l0.tests\ms.vs.services.servicehooks.consumers.l0.tests.dll" priority="1" id="dfc1e7b5-6b5f-5d9e-4f4e-29cd43162f42">
      <Owners>
        <Owner name="v-bruca" />
      </Owners>
      <Execution id="b6b7d661-b4f1-4766-93fc-64ab0ff0affc" />
      <TestMethod codeBase="D:\v2.0\A1\_work\dbded102\bin\Release.AnyCPU\ServiceHooks.Service\MS.VS.Services.ServiceHooks.Consumers.L0.Tests\MS.VS.Services.ServiceHooks.Consumers.L0.Tests.dll" adapterTypeName="Microsoft.VisualStudio.TestTools.TestTypes.Unit.UnitTestAdapter" className="MS.VS.Services.ServiceHooks.Consumers.L0.Tests.Hubot.PostMessageToQueueActionTests" name="GetInputValues_Exception_ShouldReturnErrorMessage" />
    </UnitTest>
    <UnitTest name="GetInputValues_ReturnOptionsForCombo" storage="d:\v2.0\a1\_work\dbded102\bin\release.anycpu\servicehooks.service\ms.vs.services.servicehooks.consumers.l0.tests\ms.vs.services.servicehooks.consumers.l0.tests.dll" priority="1" id="d2ab3819-8cbf-3e92-7f95-aab641146f13">
      <Owners>
        <Owner name="v-bruca" />
      </Owners>
      <Execution id="afe06e64-c31d-4710-8627-fcd97e2629e1" />
      <TestMethod codeBase="D:\v2.0\A1\_work\dbded102\bin\Release.AnyCPU\ServiceHooks.Service\MS.VS.Services.ServiceHooks.Consumers.L0.Tests\MS.VS.Services.ServiceHooks.Consumers.L0.Tests.dll" adapterTypeName="Microsoft.VisualStudio.TestTools.TestTypes.Unit.UnitTestAdapter" className="MS.VS.Services.ServiceHooks.Consumers.L0.Tests.Hubot.PostMessageToQueueActionTests" name="GetInputValues_ReturnOptionsForCombo" />
    </UnitTest>
    <UnitTest name="TestHandleEvent_CheckReturnedQueueSendActionTask" storage="d:\v2.0\a1\_work\dbded102\bin\release.anycpu\servicehooks.service\ms.vs.services.servicehooks.consumers.l0.tests\ms.vs.services.servicehooks.consumers.l0.tests.dll" priority="1" id="88a55cd6-e66f-bcbe-3e93-33eab2317faa">
      <Owners>
        <Owner name="v-bruca" />
      </Owners>
      <Execution id="8cb9c897-50c6-42c0-9c31-6e99018aec21" />
      <TestMethod codeBase="D:\v2.0\A1\_work\dbded102\bin\Release.AnyCPU\ServiceHooks.Service\MS.VS.Services.ServiceHooks.Consumers.L0.Tests\MS.VS.Services.ServiceHooks.Consumers.L0.Tests.dll" adapterTypeName="Microsoft.VisualStudio.TestTools.TestTypes.Unit.UnitTestAdapter" className="MS.VS.Services.ServiceHooks.Consumers.L0.Tests.Hubot.PostMessageToQueueActionTests" name="TestHandleEvent_CheckReturnedQueueSendActionTask" />
    </UnitTest>
    <UnitTest name="Id_CheckExpected" storage="d:\v2.0\a1\_work\dbded102\bin\release.anycpu\servicehooks.service\ms.vs.services.servicehooks.consumers.l0.tests\ms.vs.services.servicehooks.consumers.l0.tests.dll" priority="1" id="117f49c1-87f2-91bb-b1df-0a528a7d739f">
      <Execution id="73442fae-b7d2-4e54-bde6-cf369800b41a" />
      <TestMethod codeBase="D:\v2.0\A1\_work\dbded102\bin\Release.AnyCPU\ServiceHooks.Service\MS.VS.Services.ServiceHooks.Consumers.L0.Tests\MS.VS.Services.ServiceHooks.Consumers.L0.Tests.dll" adapterTypeName="Microsoft.VisualStudio.TestTools.TestTypes.Unit.UnitTestAdapter" className="MS.VS.Services.ServiceHooks.Consumers.L0.Tests.Hubot.PostMessageToQueueActionTests" name="Id_CheckExpected" />
    </UnitTest>
    <UnitTest name="ConsumerId_CheckExpected" storage="d:\v2.0\a1\_work\dbded102\bin\release.anycpu\servicehooks.service\ms.vs.services.servicehooks.consumers.l0.tests\ms.vs.services.servicehooks.consumers.l0.tests.dll" priority="1" id="9ab9703c-2b87-c9f9-27d1-1b7e2040114b">
      <Execution id="0f754ea5-f077-44e8-a2c3-def3a5c7739a" />
      <TestMethod codeBase="D:\v2.0\A1\_work\dbded102\bin\Release.AnyCPU\ServiceHooks.Service\MS.VS.Services.ServiceHooks.Consumers.L0.Tests\MS.VS.Services.ServiceHooks.Consumers.L0.Tests.dll" adapterTypeName="Microsoft.VisualStudio.TestTools.TestTypes.Unit.UnitTestAdapter" className="MS.VS.Services.ServiceHooks.Consumers.L0.Tests.Hubot.PostMessageToQueueActionTests" name="ConsumerId_CheckExpected" />
    </UnitTest>
    <UnitTest name="Name_CheckExpected" storage="d:\v2.0\a1\_work\dbded102\bin\release.anycpu\servicehooks.service\ms.vs.services.servicehooks.consumers.l0.tests\ms.vs.services.servicehooks.consumers.l0.tests.dll" priority="1" id="65fd9edf-8530-8682-aca7-781e29801059">
      <Execution id="6c2aa6d3-b710-425c-bc00-43d9ee05084b" />
      <TestMethod codeBase="D:\v2.0\A1\_work\dbded102\bin\Release.AnyCPU\ServiceHooks.Service\MS.VS.Services.ServiceHooks.Consumers.L0.Tests\MS.VS.Services.ServiceHooks.Consumers.L0.Tests.dll" adapterTypeName="Microsoft.VisualStudio.TestTools.TestTypes.Unit.UnitTestAdapter" className="MS.VS.Services.ServiceHooks.Consumers.L0.Tests.Hubot.PostMessageToQueueActionTests" name="Name_CheckExpected" />
    </UnitTest>
    <UnitTest name="Description_CheckExpected" storage="d:\v2.0\a1\_work\dbded102\bin\release.anycpu\servicehooks.service\ms.vs.services.servicehooks.consumers.l0.tests\ms.vs.services.servicehooks.consumers.l0.tests.dll" priority="1" id="f5cc1044-d6b3-ed33-7b41-c00dfb69601a">
      <Execution id="4f78a4a1-fab7-429a-b56a-81c0c04166f1" />
      <TestMethod codeBase="D:\v2.0\A1\_work\dbded102\bin\Release.AnyCPU\ServiceHooks.Service\MS.VS.Services.ServiceHooks.Consumers.L0.Tests\MS.VS.Services.ServiceHooks.Consumers.L0.Tests.dll" adapterTypeName="Microsoft.VisualStudio.TestTools.TestTypes.Unit.UnitTestAdapter" className="MS.VS.Services.ServiceHooks.Consumers.L0.Tests.Hubot.PostMessageToQueueActionTests" name="Description_CheckExpected" />
    </UnitTest>
    <UnitTest name="SupportedEventTypes_CheckExpected" storage="d:\v2.0\a1\_work\dbded102\bin\release.anycpu\servicehooks.service\ms.vs.services.servicehooks.consumers.l0.tests\ms.vs.services.servicehooks.consumers.l0.tests.dll" priority="1" id="f0f488fe-a6e3-3c1c-16d0-bb403d844cfe">
      <Execution id="8f309996-3142-46da-ad4c-ce1beb14af83" />
      <TestMethod codeBase="D:\v2.0\A1\_work\dbded102\bin\Release.AnyCPU\ServiceHooks.Service\MS.VS.Services.ServiceHooks.Consumers.L0.Tests\MS.VS.Services.ServiceHooks.Consumers.L0.Tests.dll" adapterTypeName="Microsoft.VisualStudio.TestTools.TestTypes.Unit.UnitTestAdapter" className="MS.VS.Services.ServiceHooks.Consumers.L0.Tests.Hubot.PostMessageToQueueActionTests" name="SupportedEventTypes_CheckExpected" />
    </UnitTest>
    <UnitTest name="SupportedResourceVersions_CheckExpected" storage="d:\v2.0\a1\_work\dbded102\bin\release.anycpu\servicehooks.service\ms.vs.services.servicehooks.consumers.l0.tests\ms.vs.services.servicehooks.consumers.l0.tests.dll" priority="1" id="7b3b5f20-ed0c-a263-0a55-b6d7e4a57f44">
      <Execution id="86e138e6-3ab6-453c-8838-fa04129c32a6" />
      <TestMethod codeBase="D:\v2.0\A1\_work\dbded102\bin\Release.AnyCPU\ServiceHooks.Service\MS.VS.Services.ServiceHooks.Consumers.L0.Tests\MS.VS.Services.ServiceHooks.Consumers.L0.Tests.dll" adapterTypeName="Microsoft.VisualStudio.TestTools.TestTypes.Unit.UnitTestAdapter" className="MS.VS.Services.ServiceHooks.Consumers.L0.Tests.Hubot.PostMessageToQueueActionTests" name="SupportedResourceVersions_CheckExpected" />
    </UnitTest>
    <UnitTest name="AllowResourceVersionOverride_CheckExpected" storage="d:\v2.0\a1\_work\dbded102\bin\release.anycpu\servicehooks.service\ms.vs.services.servicehooks.consumers.l0.tests\ms.vs.services.servicehooks.consumers.l0.tests.dll" priority="1" id="82f51e88-f84c-59b5-1902-2836c260310a">
      <Execution id="7a98a746-d8b6-481c-be41-0ae114d3a29a" />
      <TestMethod codeBase="D:\v2.0\A1\_work\dbded102\bin\Release.AnyCPU\ServiceHooks.Service\MS.VS.Services.ServiceHooks.Consumers.L0.Tests\MS.VS.Services.ServiceHooks.Consumers.L0.Tests.dll" adapterTypeName="Microsoft.VisualStudio.TestTools.TestTypes.Unit.UnitTestAdapter" className="MS.VS.Services.ServiceHooks.Consumers.L0.Tests.Hubot.PostMessageToQueueActionTests" name="AllowResourceVersionOverride_CheckExpected" />
    </UnitTest>
    <UnitTest name="InputDescriptors_CheckExpected" storage="d:\v2.0\a1\_work\dbded102\bin\release.anycpu\servicehooks.service\ms.vs.services.servicehooks.consumers.l0.tests\ms.vs.services.servicehooks.consumers.l0.tests.dll" priority="1" id="0bb5f876-93be-3ff8-62bf-77e7859727dc">
      <Execution id="0144a83c-ea60-46b6-af35-382e701013a0" />
      <TestMethod codeBase="D:\v2.0\A1\_work\dbded102\bin\Release.AnyCPU\ServiceHooks.Service\MS.VS.Services.ServiceHooks.Consumers.L0.Tests\MS.VS.Services.ServiceHooks.Consumers.L0.Tests.dll" adapterTypeName="Microsoft.VisualStudio.TestTools.TestTypes.Unit.UnitTestAdapter" className="MS.VS.Services.ServiceHooks.Consumers.L0.Tests.Hubot.PostMessageToQueueActionTests" name="InputDescriptors_CheckExpected" />
    </UnitTest>
    <UnitTest name="Id_CheckExpected" storage="d:\v2.0\a1\_work\dbded102\bin\release.anycpu\servicehooks.service\ms.vs.services.servicehooks.consumers.l0.tests\ms.vs.services.servicehooks.consumers.l0.tests.dll" priority="1" id="1a8de66f-4661-2384-39bb-e099832df5c3">
      <Execution id="7bb35f1f-28d8-4fb2-8d1a-5adeee539aca" />
      <TestMethod codeBase="D:\v2.0\A1\_work\dbded102\bin\Release.AnyCPU\ServiceHooks.Service\MS.VS.Services.ServiceHooks.Consumers.L0.Tests\MS.VS.Services.ServiceHooks.Consumers.L0.Tests.dll" adapterTypeName="Microsoft.VisualStudio.TestTools.TestTypes.Unit.UnitTestAdapter" className="MS.VS.Services.ServiceHooks.Consumers.L0.Tests.HipChat.HipChatConsumerTests" name="Id_CheckExpected" />
    </UnitTest>
    <UnitTest name="Name_CheckExpected" storage="d:\v2.0\a1\_work\dbded102\bin\release.anycpu\servicehooks.service\ms.vs.services.servicehooks.consumers.l0.tests\ms.vs.services.servicehooks.consumers.l0.tests.dll" priority="1" id="da4eae82-1e75-0fb2-cd21-d61ea49f627a">
      <Execution id="28146839-f174-45c4-9d30-d7e4b28b8643" />
      <TestMethod codeBase="D:\v2.0\A1\_work\dbded102\bin\Release.AnyCPU\ServiceHooks.Service\MS.VS.Services.ServiceHooks.Consumers.L0.Tests\MS.VS.Services.ServiceHooks.Consumers.L0.Tests.dll" adapterTypeName="Microsoft.VisualStudio.TestTools.TestTypes.Unit.UnitTestAdapter" className="MS.VS.Services.ServiceHooks.Consumers.L0.Tests.HipChat.HipChatConsumerTests" name="Name_CheckExpected" />
    </UnitTest>
    <UnitTest name="Description_CheckExpected" storage="d:\v2.0\a1\_work\dbded102\bin\release.anycpu\servicehooks.service\ms.vs.services.servicehooks.consumers.l0.tests\ms.vs.services.servicehooks.consumers.l0.tests.dll" priority="1" id="a005ff41-7761-6a9a-e29a-55517dfd26d7">
      <Execution id="be3c08f7-a50f-4569-82f1-8e0a3b127e60" />
      <TestMethod codeBase="D:\v2.0\A1\_work\dbded102\bin\Release.AnyCPU\ServiceHooks.Service\MS.VS.Services.ServiceHooks.Consumers.L0.Tests\MS.VS.Services.ServiceHooks.Consumers.L0.Tests.dll" adapterTypeName="Microsoft.VisualStudio.TestTools.TestTypes.Unit.UnitTestAdapter" className="MS.VS.Services.ServiceHooks.Consumers.L0.Tests.HipChat.HipChatConsumerTests" name="Description_CheckExpected" />
    </UnitTest>
    <UnitTest name="InformationUrl_CheckExpected" storage="d:\v2.0\a1\_work\dbded102\bin\release.anycpu\servicehooks.service\ms.vs.services.servicehooks.consumers.l0.tests\ms.vs.services.servicehooks.consumers.l0.tests.dll" priority="1" id="3db2e042-25dd-b9be-ba50-e498aea78f66">
      <Execution id="fc562cbc-e47a-406f-bfd6-4f6b3e2dd729" />
      <TestMethod codeBase="D:\v2.0\A1\_work\dbded102\bin\Release.AnyCPU\ServiceHooks.Service\MS.VS.Services.ServiceHooks.Consumers.L0.Tests\MS.VS.Services.ServiceHooks.Consumers.L0.Tests.dll" adapterTypeName="Microsoft.VisualStudio.TestTools.TestTypes.Unit.UnitTestAdapter" className="MS.VS.Services.ServiceHooks.Consumers.L0.Tests.HipChat.HipChatConsumerTests" name="InformationUrl_CheckExpected" />
    </UnitTest>
    <UnitTest name="ImageUrl_CheckExpected" storage="d:\v2.0\a1\_work\dbded102\bin\release.anycpu\servicehooks.service\ms.vs.services.servicehooks.consumers.l0.tests\ms.vs.services.servicehooks.consumers.l0.tests.dll" priority="1" id="cd974028-a496-3b42-153d-18b295b063ba">
      <Execution id="d6534849-ff11-4551-8b17-d4c189de81ce" />
      <TestMethod codeBase="D:\v2.0\A1\_work\dbded102\bin\Release.AnyCPU\ServiceHooks.Service\MS.VS.Services.ServiceHooks.Consumers.L0.Tests\MS.VS.Services.ServiceHooks.Consumers.L0.Tests.dll" adapterTypeName="Microsoft.VisualStudio.TestTools.TestTypes.Unit.UnitTestAdapter" className="MS.VS.Services.ServiceHooks.Consumers.L0.Tests.HipChat.HipChatConsumerTests" name="ImageUrl_CheckExpected" />
    </UnitTest>
    <UnitTest name="AuthenticationType_CheckExpected" storage="d:\v2.0\a1\_work\dbded102\bin\release.anycpu\servicehooks.service\ms.vs.services.servicehooks.consumers.l0.tests\ms.vs.services.servicehooks.consumers.l0.tests.dll" priority="1" id="ce6eccc0-1502-544c-2ad2-09dc878f27be">
      <Execution id="fbe4f07f-a7de-4900-a338-91df00e02d06" />
      <TestMethod codeBase="D:\v2.0\A1\_work\dbded102\bin\Release.AnyCPU\ServiceHooks.Service\MS.VS.Services.ServiceHooks.Consumers.L0.Tests\MS.VS.Services.ServiceHooks.Consumers.L0.Tests.dll" adapterTypeName="Microsoft.VisualStudio.TestTools.TestTypes.Unit.UnitTestAdapter" className="MS.VS.Services.ServiceHooks.Consumers.L0.Tests.HipChat.HipChatConsumerTests" name="AuthenticationType_CheckExpected" />
    </UnitTest>
    <UnitTest name="ExternalConfiguration_CheckExpected" storage="d:\v2.0\a1\_work\dbded102\bin\release.anycpu\servicehooks.service\ms.vs.services.servicehooks.consumers.l0.tests\ms.vs.services.servicehooks.consumers.l0.tests.dll" priority="1" id="4a969029-591c-6a65-68a2-51547996f016">
      <Execution id="5a7b50d8-6bb8-4900-a161-fb350fc2c567" />
      <TestMethod codeBase="D:\v2.0\A1\_work\dbded102\bin\Release.AnyCPU\ServiceHooks.Service\MS.VS.Services.ServiceHooks.Consumers.L0.Tests\MS.VS.Services.ServiceHooks.Consumers.L0.Tests.dll" adapterTypeName="Microsoft.VisualStudio.TestTools.TestTypes.Unit.UnitTestAdapter" className="MS.VS.Services.ServiceHooks.Consumers.L0.Tests.HipChat.HipChatConsumerTests" name="ExternalConfiguration_CheckExpected" />
    </UnitTest>
    <UnitTest name="InputDescriptors_CheckExpected" storage="d:\v2.0\a1\_work\dbded102\bin\release.anycpu\servicehooks.service\ms.vs.services.servicehooks.consumers.l0.tests\ms.vs.services.servicehooks.consumers.l0.tests.dll" priority="1" id="a350d461-5d64-d58b-27fc-0b78a09224f0">
      <Execution id="86b36aee-2684-4ebf-b7f6-f714a340257a" />
      <TestMethod codeBase="D:\v2.0\A1\_work\dbded102\bin\Release.AnyCPU\ServiceHooks.Service\MS.VS.Services.ServiceHooks.Consumers.L0.Tests\MS.VS.Services.ServiceHooks.Consumers.L0.Tests.dll" adapterTypeName="Microsoft.VisualStudio.TestTools.TestTypes.Unit.UnitTestAdapter" className="MS.VS.Services.ServiceHooks.Consumers.L0.Tests.HipChat.HipChatConsumerTests" name="InputDescriptors_CheckExpected" />
    </UnitTest>
    <UnitTest name="FeatureName_CheckExpected" storage="d:\v2.0\a1\_work\dbded102\bin\release.anycpu\servicehooks.service\ms.vs.services.servicehooks.consumers.l0.tests\ms.vs.services.servicehooks.consumers.l0.tests.dll" priority="1" id="1066d4d0-9d20-00b7-f5c3-94bb7bb86e00">
      <Execution id="6591ce6d-f0da-4468-baf6-b273256f2183" />
      <TestMethod codeBase="D:\v2.0\A1\_work\dbded102\bin\Release.AnyCPU\ServiceHooks.Service\MS.VS.Services.ServiceHooks.Consumers.L0.Tests\MS.VS.Services.ServiceHooks.Consumers.L0.Tests.dll" adapterTypeName="Microsoft.VisualStudio.TestTools.TestTypes.Unit.UnitTestAdapter" className="MS.VS.Services.ServiceHooks.Consumers.L0.Tests.HipChat.HipChatConsumerTests" name="FeatureName_CheckExpected" />
    </UnitTest>
    <UnitTest name="GetInputValues_UnknownInputId_ShouldReturnNull" storage="d:\v2.0\a1\_work\dbded102\bin\release.anycpu\servicehooks.service\ms.vs.services.servicehooks.consumers.l0.tests\ms.vs.services.servicehooks.consumers.l0.tests.dll" priority="1" id="80517d80-15be-12b8-7aa3-a20c0d375e4e">
      <Owners>
        <Owner name="v-bruca" />
      </Owners>
      <Execution id="01cbf3c2-5654-4b49-8b19-38dfb4ee3d2f" />
      <TestMethod codeBase="D:\v2.0\A1\_work\dbded102\bin\Release.AnyCPU\ServiceHooks.Service\MS.VS.Services.ServiceHooks.Consumers.L0.Tests\MS.VS.Services.ServiceHooks.Consumers.L0.Tests.dll" adapterTypeName="Microsoft.VisualStudio.TestTools.TestTypes.Unit.UnitTestAdapter" className="MS.VS.Services.ServiceHooks.Consumers.L0.Tests.HipChat.PostMessageToRoomActionTests" name="GetInputValues_UnknownInputId_ShouldReturnNull" />
    </UnitTest>
    <UnitTest name="GetInputValues_QueryingRoomValuesWithMissingRequiredInputs_ShouldReturnDefaultCombo" storage="d:\v2.0\a1\_work\dbded102\bin\release.anycpu\servicehooks.service\ms.vs.services.servicehooks.consumers.l0.tests\ms.vs.services.servicehooks.consumers.l0.tests.dll" priority="1" id="e141e559-0425-c025-2e54-d84f007fff87">
      <Owners>
        <Owner name="v-bruca" />
      </Owners>
      <Execution id="58277930-6849-4802-8ac0-83412ee52d46" />
      <TestMethod codeBase="D:\v2.0\A1\_work\dbded102\bin\Release.AnyCPU\ServiceHooks.Service\MS.VS.Services.ServiceHooks.Consumers.L0.Tests\MS.VS.Services.ServiceHooks.Consumers.L0.Tests.dll" adapterTypeName="Microsoft.VisualStudio.TestTools.TestTypes.Unit.UnitTestAdapter" className="MS.VS.Services.ServiceHooks.Consumers.L0.Tests.HipChat.PostMessageToRoomActionTests" name="GetInputValues_QueryingRoomValuesWithMissingRequiredInputs_ShouldReturnDefaultCombo" />
    </UnitTest>
    <UnitTest name="GetInputValues_QueryingRoomWithRoomToken_ShouldReturnComboWithJustRoom" storage="d:\v2.0\a1\_work\dbded102\bin\release.anycpu\servicehooks.service\ms.vs.services.servicehooks.consumers.l0.tests\ms.vs.services.servicehooks.consumers.l0.tests.dll" priority="1" id="ca4d78e7-37b4-15b7-898b-964c8752e720">
      <Owners>
        <Owner name="v-bruca" />
      </Owners>
      <Execution id="199a81b3-170e-4c63-ad75-ce0ccc9af54a" />
      <TestMethod codeBase="D:\v2.0\A1\_work\dbded102\bin\Release.AnyCPU\ServiceHooks.Service\MS.VS.Services.ServiceHooks.Consumers.L0.Tests\MS.VS.Services.ServiceHooks.Consumers.L0.Tests.dll" adapterTypeName="Microsoft.VisualStudio.TestTools.TestTypes.Unit.UnitTestAdapter" className="MS.VS.Services.ServiceHooks.Consumers.L0.Tests.HipChat.PostMessageToRoomActionTests" name="GetInputValues_QueryingRoomWithRoomToken_ShouldReturnComboWithJustRoom" />
    </UnitTest>
    <UnitTest name="GetInputValues_QueryingRoomValuesWithPersonalToken_ShouldReturnComboWithRooms" storage="d:\v2.0\a1\_work\dbded102\bin\release.anycpu\servicehooks.service\ms.vs.services.servicehooks.consumers.l0.tests\ms.vs.services.servicehooks.consumers.l0.tests.dll" priority="1" id="2b2f354d-1d62-8dbc-6337-2fa85ef1e8ea">
      <Owners>
        <Owner name="v-bruca" />
      </Owners>
      <Execution id="ceb4f1cd-de0d-4bbd-9bcd-fa7cfdf7caf7" />
      <TestMethod codeBase="D:\v2.0\A1\_work\dbded102\bin\Release.AnyCPU\ServiceHooks.Service\MS.VS.Services.ServiceHooks.Consumers.L0.Tests\MS.VS.Services.ServiceHooks.Consumers.L0.Tests.dll" adapterTypeName="Microsoft.VisualStudio.TestTools.TestTypes.Unit.UnitTestAdapter" className="MS.VS.Services.ServiceHooks.Consumers.L0.Tests.HipChat.PostMessageToRoomActionTests" name="GetInputValues_QueryingRoomValuesWithPersonalToken_ShouldReturnComboWithRooms" />
    </UnitTest>
    <UnitTest name="GetInputValues_QueryingRoomValuesWithErrorInHipChat_ShouldReturnDefaultCombo" storage="d:\v2.0\a1\_work\dbded102\bin\release.anycpu\servicehooks.service\ms.vs.services.servicehooks.consumers.l0.tests\ms.vs.services.servicehooks.consumers.l0.tests.dll" priority="1" id="c0b19aec-198f-cf17-892d-a57424588055">
      <Owners>
        <Owner name="v-bruca" />
      </Owners>
      <Execution id="35a25c0c-5701-484d-a940-5f94d24a5775" />
      <TestMethod codeBase="D:\v2.0\A1\_work\dbded102\bin\Release.AnyCPU\ServiceHooks.Service\MS.VS.Services.ServiceHooks.Consumers.L0.Tests\MS.VS.Services.ServiceHooks.Consumers.L0.Tests.dll" adapterTypeName="Microsoft.VisualStudio.TestTools.TestTypes.Unit.UnitTestAdapter" className="MS.VS.Services.ServiceHooks.Consumers.L0.Tests.HipChat.PostMessageToRoomActionTests" name="GetInputValues_QueryingRoomValuesWithErrorInHipChat_ShouldReturnDefaultCombo" />
    </UnitTest>
    <UnitTest name="HandleEvent_InputsOkWithShowDetail_ShouldReturnHttpActionTaskConfiguredOk" storage="d:\v2.0\a1\_work\dbded102\bin\release.anycpu\servicehooks.service\ms.vs.services.servicehooks.consumers.l0.tests\ms.vs.services.servicehooks.consumers.l0.tests.dll" priority="1" id="aa26edad-f338-1c4c-5e6b-59245b3fc45e">
      <Owners>
        <Owner name="v-bruca" />
      </Owners>
      <Execution id="5220f439-0fde-45b3-b8a6-e3bb1804560b" />
      <TestMethod codeBase="D:\v2.0\A1\_work\dbded102\bin\Release.AnyCPU\ServiceHooks.Service\MS.VS.Services.ServiceHooks.Consumers.L0.Tests\MS.VS.Services.ServiceHooks.Consumers.L0.Tests.dll" adapterTypeName="Microsoft.VisualStudio.TestTools.TestTypes.Unit.UnitTestAdapter" className="MS.VS.Services.ServiceHooks.Consumers.L0.Tests.HipChat.PostMessageToRoomActionTests" name="HandleEvent_InputsOkWithShowDetail_ShouldReturnHttpActionTaskConfiguredOk" />
    </UnitTest>
    <UnitTest name="HandleEvent_InputsOkWithDefault_ShouldReturnHttpActionTaskConfiguredOk" storage="d:\v2.0\a1\_work\dbded102\bin\release.anycpu\servicehooks.service\ms.vs.services.servicehooks.consumers.l0.tests\ms.vs.services.servicehooks.consumers.l0.tests.dll" priority="1" id="cba080fa-8e3d-92d8-0b07-cfecd9c57ff0">
      <Owners>
        <Owner name="v-bruca" />
      </Owners>
      <Execution id="9385f05f-5ac9-4273-9b4f-6fd0bb8437dc" />
      <TestMethod codeBase="D:\v2.0\A1\_work\dbded102\bin\Release.AnyCPU\ServiceHooks.Service\MS.VS.Services.ServiceHooks.Consumers.L0.Tests\MS.VS.Services.ServiceHooks.Consumers.L0.Tests.dll" adapterTypeName="Microsoft.VisualStudio.TestTools.TestTypes.Unit.UnitTestAdapter" className="MS.VS.Services.ServiceHooks.Consumers.L0.Tests.HipChat.PostMessageToRoomActionTests" name="HandleEvent_InputsOkWithDefault_ShouldReturnHttpActionTaskConfiguredOk" />
    </UnitTest>
    <UnitTest name="HandleEvent_InputsAllFilled_ShouldReturnHttpActionTaskConfiguredOk" storage="d:\v2.0\a1\_work\dbded102\bin\release.anycpu\servicehooks.service\ms.vs.services.servicehooks.consumers.l0.tests\ms.vs.services.servicehooks.consumers.l0.tests.dll" priority="1" id="07f2330c-a32b-1267-d4b0-caaba134538c">
      <Owners>
        <Owner name="v-bruca" />
      </Owners>
      <Execution id="1af4064c-02cb-4a96-9d0f-36c37ea23817" />
      <TestMethod codeBase="D:\v2.0\A1\_work\dbded102\bin\Release.AnyCPU\ServiceHooks.Service\MS.VS.Services.ServiceHooks.Consumers.L0.Tests\MS.VS.Services.ServiceHooks.Consumers.L0.Tests.dll" adapterTypeName="Microsoft.VisualStudio.TestTools.TestTypes.Unit.UnitTestAdapter" className="MS.VS.Services.ServiceHooks.Consumers.L0.Tests.HipChat.PostMessageToRoomActionTests" name="HandleEvent_InputsAllFilled_ShouldReturnHttpActionTaskConfiguredOk" />
    </UnitTest>
    <UnitTest name="Id_CheckExpected" storage="d:\v2.0\a1\_work\dbded102\bin\release.anycpu\servicehooks.service\ms.vs.services.servicehooks.consumers.l0.tests\ms.vs.services.servicehooks.consumers.l0.tests.dll" priority="1" id="14f5c6a7-d76d-411a-781d-1cf4864ea1b7">
      <Execution id="e3b6c240-17eb-4f0d-a3a7-483c93e141ff" />
      <TestMethod codeBase="D:\v2.0\A1\_work\dbded102\bin\Release.AnyCPU\ServiceHooks.Service\MS.VS.Services.ServiceHooks.Consumers.L0.Tests\MS.VS.Services.ServiceHooks.Consumers.L0.Tests.dll" adapterTypeName="Microsoft.VisualStudio.TestTools.TestTypes.Unit.UnitTestAdapter" className="MS.VS.Services.ServiceHooks.Consumers.L0.Tests.HipChat.PostMessageToRoomActionTests" name="Id_CheckExpected" />
    </UnitTest>
    <UnitTest name="ConsumerId_CheckExpected" storage="d:\v2.0\a1\_work\dbded102\bin\release.anycpu\servicehooks.service\ms.vs.services.servicehooks.consumers.l0.tests\ms.vs.services.servicehooks.consumers.l0.tests.dll" priority="1" id="094e618c-7857-e794-c1cd-bed52c9ff571">
      <Execution id="6c1108e6-1c49-4fb8-a41f-852a5c043657" />
      <TestMethod codeBase="D:\v2.0\A1\_work\dbded102\bin\Release.AnyCPU\ServiceHooks.Service\MS.VS.Services.ServiceHooks.Consumers.L0.Tests\MS.VS.Services.ServiceHooks.Consumers.L0.Tests.dll" adapterTypeName="Microsoft.VisualStudio.TestTools.TestTypes.Unit.UnitTestAdapter" className="MS.VS.Services.ServiceHooks.Consumers.L0.Tests.HipChat.PostMessageToRoomActionTests" name="ConsumerId_CheckExpected" />
    </UnitTest>
    <UnitTest name="Name_CheckExpected" storage="d:\v2.0\a1\_work\dbded102\bin\release.anycpu\servicehooks.service\ms.vs.services.servicehooks.consumers.l0.tests\ms.vs.services.servicehooks.consumers.l0.tests.dll" priority="1" id="9eb9965b-2960-d0f9-fbcc-a4a5aa1fd2ab">
      <Execution id="07cdb0d0-c9a2-4f44-955a-b8b654186ebe" />
      <TestMethod codeBase="D:\v2.0\A1\_work\dbded102\bin\Release.AnyCPU\ServiceHooks.Service\MS.VS.Services.ServiceHooks.Consumers.L0.Tests\MS.VS.Services.ServiceHooks.Consumers.L0.Tests.dll" adapterTypeName="Microsoft.VisualStudio.TestTools.TestTypes.Unit.UnitTestAdapter" className="MS.VS.Services.ServiceHooks.Consumers.L0.Tests.HipChat.PostMessageToRoomActionTests" name="Name_CheckExpected" />
    </UnitTest>
    <UnitTest name="Description_CheckExpected" storage="d:\v2.0\a1\_work\dbded102\bin\release.anycpu\servicehooks.service\ms.vs.services.servicehooks.consumers.l0.tests\ms.vs.services.servicehooks.consumers.l0.tests.dll" priority="1" id="1b559ff5-0c4f-e641-00e0-9e016aca83cf">
      <Execution id="80db7d5f-346f-4be2-b765-38ae2b889b11" />
      <TestMethod codeBase="D:\v2.0\A1\_work\dbded102\bin\Release.AnyCPU\ServiceHooks.Service\MS.VS.Services.ServiceHooks.Consumers.L0.Tests\MS.VS.Services.ServiceHooks.Consumers.L0.Tests.dll" adapterTypeName="Microsoft.VisualStudio.TestTools.TestTypes.Unit.UnitTestAdapter" className="MS.VS.Services.ServiceHooks.Consumers.L0.Tests.HipChat.PostMessageToRoomActionTests" name="Description_CheckExpected" />
    </UnitTest>
    <UnitTest name="SupportedEventTypes_CheckExpected" storage="d:\v2.0\a1\_work\dbded102\bin\release.anycpu\servicehooks.service\ms.vs.services.servicehooks.consumers.l0.tests\ms.vs.services.servicehooks.consumers.l0.tests.dll" priority="1" id="039899e9-1730-03c3-3de8-fa7851e8ab4b">
      <Execution id="8b28fc0c-cf46-43f4-a52f-b6969e43ae3c" />
      <TestMethod codeBase="D:\v2.0\A1\_work\dbded102\bin\Release.AnyCPU\ServiceHooks.Service\MS.VS.Services.ServiceHooks.Consumers.L0.Tests\MS.VS.Services.ServiceHooks.Consumers.L0.Tests.dll" adapterTypeName="Microsoft.VisualStudio.TestTools.TestTypes.Unit.UnitTestAdapter" className="MS.VS.Services.ServiceHooks.Consumers.L0.Tests.HipChat.PostMessageToRoomActionTests" name="SupportedEventTypes_CheckExpected" />
    </UnitTest>
    <UnitTest name="SupportedResourceVersions_CheckExpected" storage="d:\v2.0\a1\_work\dbded102\bin\release.anycpu\servicehooks.service\ms.vs.services.servicehooks.consumers.l0.tests\ms.vs.services.servicehooks.consumers.l0.tests.dll" priority="1" id="ad617a21-c713-8b3f-1c43-a157005c71a8">
      <Execution id="eea50981-41ed-4004-9035-6fb56f01c4b8" />
      <TestMethod codeBase="D:\v2.0\A1\_work\dbded102\bin\Release.AnyCPU\ServiceHooks.Service\MS.VS.Services.ServiceHooks.Consumers.L0.Tests\MS.VS.Services.ServiceHooks.Consumers.L0.Tests.dll" adapterTypeName="Microsoft.VisualStudio.TestTools.TestTypes.Unit.UnitTestAdapter" className="MS.VS.Services.ServiceHooks.Consumers.L0.Tests.HipChat.PostMessageToRoomActionTests" name="SupportedResourceVersions_CheckExpected" />
    </UnitTest>
    <UnitTest name="AllowResourceVersionOverride_CheckExpected" storage="d:\v2.0\a1\_work\dbded102\bin\release.anycpu\servicehooks.service\ms.vs.services.servicehooks.consumers.l0.tests\ms.vs.services.servicehooks.consumers.l0.tests.dll" priority="1" id="3b8ebbc8-0951-986b-da42-e55f0f8d9e82">
      <Execution id="3a416efa-0e51-44c1-974d-ccdc4e248b56" />
      <TestMethod codeBase="D:\v2.0\A1\_work\dbded102\bin\Release.AnyCPU\ServiceHooks.Service\MS.VS.Services.ServiceHooks.Consumers.L0.Tests\MS.VS.Services.ServiceHooks.Consumers.L0.Tests.dll" adapterTypeName="Microsoft.VisualStudio.TestTools.TestTypes.Unit.UnitTestAdapter" className="MS.VS.Services.ServiceHooks.Consumers.L0.Tests.HipChat.PostMessageToRoomActionTests" name="AllowResourceVersionOverride_CheckExpected" />
    </UnitTest>
    <UnitTest name="InputDescriptors_CheckExpected" storage="d:\v2.0\a1\_work\dbded102\bin\release.anycpu\servicehooks.service\ms.vs.services.servicehooks.consumers.l0.tests\ms.vs.services.servicehooks.consumers.l0.tests.dll" priority="1" id="df0729cc-2d3c-4637-b475-c900383b0ccc">
      <Execution id="1b6087c4-d724-4474-8a67-56adbc9c2956" />
      <TestMethod codeBase="D:\v2.0\A1\_work\dbded102\bin\Release.AnyCPU\ServiceHooks.Service\MS.VS.Services.ServiceHooks.Consumers.L0.Tests\MS.VS.Services.ServiceHooks.Consumers.L0.Tests.dll" adapterTypeName="Microsoft.VisualStudio.TestTools.TestTypes.Unit.UnitTestAdapter" className="MS.VS.Services.ServiceHooks.Consumers.L0.Tests.HipChat.PostMessageToRoomActionTests" name="InputDescriptors_CheckExpected" />
    </UnitTest>
    <UnitTest name="Id_CheckExpected" storage="d:\v2.0\a1\_work\dbded102\bin\release.anycpu\servicehooks.service\ms.vs.services.servicehooks.consumers.l0.tests\ms.vs.services.servicehooks.consumers.l0.tests.dll" priority="1" id="311a7b51-28fb-53f2-6391-1278185f9f0a">
      <Execution id="6ea1fd17-e239-4430-b7f6-c190ce8b1c9b" />
      <TestMethod codeBase="D:\v2.0\A1\_work\dbded102\bin\Release.AnyCPU\ServiceHooks.Service\MS.VS.Services.ServiceHooks.Consumers.L0.Tests\MS.VS.Services.ServiceHooks.Consumers.L0.Tests.dll" adapterTypeName="Microsoft.VisualStudio.TestTools.TestTypes.Unit.UnitTestAdapter" className="MS.VS.Services.ServiceHooks.Consumers.L0.Tests.Flowdock.FlowdockConsumerTests" name="Id_CheckExpected" />
    </UnitTest>
    <UnitTest name="Name_CheckExpected" storage="d:\v2.0\a1\_work\dbded102\bin\release.anycpu\servicehooks.service\ms.vs.services.servicehooks.consumers.l0.tests\ms.vs.services.servicehooks.consumers.l0.tests.dll" priority="1" id="5830f673-66b7-43a1-41bc-24a0827db703">
      <Execution id="5f15d330-2aac-49a5-bf5f-a0b53f3483d5" />
      <TestMethod codeBase="D:\v2.0\A1\_work\dbded102\bin\Release.AnyCPU\ServiceHooks.Service\MS.VS.Services.ServiceHooks.Consumers.L0.Tests\MS.VS.Services.ServiceHooks.Consumers.L0.Tests.dll" adapterTypeName="Microsoft.VisualStudio.TestTools.TestTypes.Unit.UnitTestAdapter" className="MS.VS.Services.ServiceHooks.Consumers.L0.Tests.Flowdock.FlowdockConsumerTests" name="Name_CheckExpected" />
    </UnitTest>
    <UnitTest name="Description_CheckExpected" storage="d:\v2.0\a1\_work\dbded102\bin\release.anycpu\servicehooks.service\ms.vs.services.servicehooks.consumers.l0.tests\ms.vs.services.servicehooks.consumers.l0.tests.dll" priority="1" id="7a1bc66d-aa94-f7ae-b136-d942c363ec41">
      <Execution id="4ac46a58-4300-4d28-bdf3-902e1c45dc7e" />
      <TestMethod codeBase="D:\v2.0\A1\_work\dbded102\bin\Release.AnyCPU\ServiceHooks.Service\MS.VS.Services.ServiceHooks.Consumers.L0.Tests\MS.VS.Services.ServiceHooks.Consumers.L0.Tests.dll" adapterTypeName="Microsoft.VisualStudio.TestTools.TestTypes.Unit.UnitTestAdapter" className="MS.VS.Services.ServiceHooks.Consumers.L0.Tests.Flowdock.FlowdockConsumerTests" name="Description_CheckExpected" />
    </UnitTest>
    <UnitTest name="InformationUrl_CheckExpected" storage="d:\v2.0\a1\_work\dbded102\bin\release.anycpu\servicehooks.service\ms.vs.services.servicehooks.consumers.l0.tests\ms.vs.services.servicehooks.consumers.l0.tests.dll" priority="1" id="bca3c582-e80c-ef41-398e-3be5d658e9bf">
      <Execution id="2869791e-2f9b-4b28-9a69-65e4c19d25a5" />
      <TestMethod codeBase="D:\v2.0\A1\_work\dbded102\bin\Release.AnyCPU\ServiceHooks.Service\MS.VS.Services.ServiceHooks.Consumers.L0.Tests\MS.VS.Services.ServiceHooks.Consumers.L0.Tests.dll" adapterTypeName="Microsoft.VisualStudio.TestTools.TestTypes.Unit.UnitTestAdapter" className="MS.VS.Services.ServiceHooks.Consumers.L0.Tests.Flowdock.FlowdockConsumerTests" name="InformationUrl_CheckExpected" />
    </UnitTest>
    <UnitTest name="ImageUrl_CheckExpected" storage="d:\v2.0\a1\_work\dbded102\bin\release.anycpu\servicehooks.service\ms.vs.services.servicehooks.consumers.l0.tests\ms.vs.services.servicehooks.consumers.l0.tests.dll" priority="1" id="eb4efa8a-4ac3-8ca0-485f-1e5066291b32">
      <Execution id="0b615853-11fd-415b-800d-586cffc0e8ac" />
      <TestMethod codeBase="D:\v2.0\A1\_work\dbded102\bin\Release.AnyCPU\ServiceHooks.Service\MS.VS.Services.ServiceHooks.Consumers.L0.Tests\MS.VS.Services.ServiceHooks.Consumers.L0.Tests.dll" adapterTypeName="Microsoft.VisualStudio.TestTools.TestTypes.Unit.UnitTestAdapter" className="MS.VS.Services.ServiceHooks.Consumers.L0.Tests.Flowdock.FlowdockConsumerTests" name="ImageUrl_CheckExpected" />
    </UnitTest>
    <UnitTest name="AuthenticationType_CheckExpected" storage="d:\v2.0\a1\_work\dbded102\bin\release.anycpu\servicehooks.service\ms.vs.services.servicehooks.consumers.l0.tests\ms.vs.services.servicehooks.consumers.l0.tests.dll" priority="1" id="f279c0d9-e0f2-38d2-2c2b-79896aa507d6">
      <Execution id="5ea3dd59-1751-44f0-b5fc-0c8b69a44a17" />
      <TestMethod codeBase="D:\v2.0\A1\_work\dbded102\bin\Release.AnyCPU\ServiceHooks.Service\MS.VS.Services.ServiceHooks.Consumers.L0.Tests\MS.VS.Services.ServiceHooks.Consumers.L0.Tests.dll" adapterTypeName="Microsoft.VisualStudio.TestTools.TestTypes.Unit.UnitTestAdapter" className="MS.VS.Services.ServiceHooks.Consumers.L0.Tests.Flowdock.FlowdockConsumerTests" name="AuthenticationType_CheckExpected" />
    </UnitTest>
    <UnitTest name="ExternalConfiguration_CheckExpected" storage="d:\v2.0\a1\_work\dbded102\bin\release.anycpu\servicehooks.service\ms.vs.services.servicehooks.consumers.l0.tests\ms.vs.services.servicehooks.consumers.l0.tests.dll" priority="1" id="ab0f94f2-d82d-6dd2-3d4f-00a2899588bc">
      <Execution id="95b1a1de-894a-4d56-b7c7-ce8edd67ca62" />
      <TestMethod codeBase="D:\v2.0\A1\_work\dbded102\bin\Release.AnyCPU\ServiceHooks.Service\MS.VS.Services.ServiceHooks.Consumers.L0.Tests\MS.VS.Services.ServiceHooks.Consumers.L0.Tests.dll" adapterTypeName="Microsoft.VisualStudio.TestTools.TestTypes.Unit.UnitTestAdapter" className="MS.VS.Services.ServiceHooks.Consumers.L0.Tests.Flowdock.FlowdockConsumerTests" name="ExternalConfiguration_CheckExpected" />
    </UnitTest>
    <UnitTest name="InputDescriptors_CheckExpected" storage="d:\v2.0\a1\_work\dbded102\bin\release.anycpu\servicehooks.service\ms.vs.services.servicehooks.consumers.l0.tests\ms.vs.services.servicehooks.consumers.l0.tests.dll" priority="1" id="8c1c6959-b021-2fe4-3fb4-596dc72657f9">
      <Execution id="6a05a1b2-78ad-4234-936a-087cc4adbf10" />
      <TestMethod codeBase="D:\v2.0\A1\_work\dbded102\bin\Release.AnyCPU\ServiceHooks.Service\MS.VS.Services.ServiceHooks.Consumers.L0.Tests\MS.VS.Services.ServiceHooks.Consumers.L0.Tests.dll" adapterTypeName="Microsoft.VisualStudio.TestTools.TestTypes.Unit.UnitTestAdapter" className="MS.VS.Services.ServiceHooks.Consumers.L0.Tests.Flowdock.FlowdockConsumerTests" name="InputDescriptors_CheckExpected" />
    </UnitTest>
    <UnitTest name="FeatureName_CheckExpected" storage="d:\v2.0\a1\_work\dbded102\bin\release.anycpu\servicehooks.service\ms.vs.services.servicehooks.consumers.l0.tests\ms.vs.services.servicehooks.consumers.l0.tests.dll" priority="1" id="21c9e6ed-ad48-d623-3ded-18c334013961">
      <Execution id="76827da6-1e50-4401-bb82-30b52860a605" />
      <TestMethod codeBase="D:\v2.0\A1\_work\dbded102\bin\Release.AnyCPU\ServiceHooks.Service\MS.VS.Services.ServiceHooks.Consumers.L0.Tests\MS.VS.Services.ServiceHooks.Consumers.L0.Tests.dll" adapterTypeName="Microsoft.VisualStudio.TestTools.TestTypes.Unit.UnitTestAdapter" className="MS.VS.Services.ServiceHooks.Consumers.L0.Tests.Flowdock.FlowdockConsumerTests" name="FeatureName_CheckExpected" />
    </UnitTest>
    <UnitTest name="HandleEvent_InputsOkWithShowDetail_ShouldReturnHttpActionTaskConfiguredOk" storage="d:\v2.0\a1\_work\dbded102\bin\release.anycpu\servicehooks.service\ms.vs.services.servicehooks.consumers.l0.tests\ms.vs.services.servicehooks.consumers.l0.tests.dll" priority="1" id="68759f9d-93c7-ce36-714e-789cd9bb5f2c">
      <Owners>
        <Owner name="v-bruca" />
      </Owners>
      <Execution id="bef8f5a9-034c-4d8f-a2cb-670fe5c72c93" />
      <TestMethod codeBase="D:\v2.0\A1\_work\dbded102\bin\Release.AnyCPU\ServiceHooks.Service\MS.VS.Services.ServiceHooks.Consumers.L0.Tests\MS.VS.Services.ServiceHooks.Consumers.L0.Tests.dll" adapterTypeName="Microsoft.VisualStudio.TestTools.TestTypes.Unit.UnitTestAdapter" className="MS.VS.Services.ServiceHooks.Consumers.L0.Tests.Flowdock.PostMessageToChatActionTests" name="HandleEvent_InputsOkWithShowDetail_ShouldReturnHttpActionTaskConfiguredOk" />
    </UnitTest>
    <UnitTest name="HandleEvent_InputsOkWithDefaults_ShouldReturnHttpActionTaskConfiguredOk" storage="d:\v2.0\a1\_work\dbded102\bin\release.anycpu\servicehooks.service\ms.vs.services.servicehooks.consumers.l0.tests\ms.vs.services.servicehooks.consumers.l0.tests.dll" priority="1" id="b15b66bb-a842-699c-8d6e-b2baf0071fa9">
      <Owners>
        <Owner name="v-bruca" />
      </Owners>
      <Execution id="e6ceaaf5-31df-482b-a62e-12d75a27f1b1" />
      <TestMethod codeBase="D:\v2.0\A1\_work\dbded102\bin\Release.AnyCPU\ServiceHooks.Service\MS.VS.Services.ServiceHooks.Consumers.L0.Tests\MS.VS.Services.ServiceHooks.Consumers.L0.Tests.dll" adapterTypeName="Microsoft.VisualStudio.TestTools.TestTypes.Unit.UnitTestAdapter" className="MS.VS.Services.ServiceHooks.Consumers.L0.Tests.Flowdock.PostMessageToChatActionTests" name="HandleEvent_InputsOkWithDefaults_ShouldReturnHttpActionTaskConfiguredOk" />
    </UnitTest>
    <UnitTest name="HandleEvent_InputsOkWithTags_ShouldReturnHttpActionTaskConfiguredOk" storage="d:\v2.0\a1\_work\dbded102\bin\release.anycpu\servicehooks.service\ms.vs.services.servicehooks.consumers.l0.tests\ms.vs.services.servicehooks.consumers.l0.tests.dll" priority="1" id="5e135e8f-f24e-b9c6-150f-acc0af438518">
      <Owners>
        <Owner name="v-bruca" />
      </Owners>
      <Execution id="17e17696-b9ab-4a55-93e9-964eb9e61c14" />
      <TestMethod codeBase="D:\v2.0\A1\_work\dbded102\bin\Release.AnyCPU\ServiceHooks.Service\MS.VS.Services.ServiceHooks.Consumers.L0.Tests\MS.VS.Services.ServiceHooks.Consumers.L0.Tests.dll" adapterTypeName="Microsoft.VisualStudio.TestTools.TestTypes.Unit.UnitTestAdapter" className="MS.VS.Services.ServiceHooks.Consumers.L0.Tests.Flowdock.PostMessageToChatActionTests" name="HandleEvent_InputsOkWithTags_ShouldReturnHttpActionTaskConfiguredOk" />
    </UnitTest>
    <UnitTest name="Id_CheckExpected" storage="d:\v2.0\a1\_work\dbded102\bin\release.anycpu\servicehooks.service\ms.vs.services.servicehooks.consumers.l0.tests\ms.vs.services.servicehooks.consumers.l0.tests.dll" priority="1" id="bba65b07-3193-3bfd-1cf9-41cff7fada3b">
      <Execution id="49fe4314-27b8-41ba-8a0d-597477203e62" />
      <TestMethod codeBase="D:\v2.0\A1\_work\dbded102\bin\Release.AnyCPU\ServiceHooks.Service\MS.VS.Services.ServiceHooks.Consumers.L0.Tests\MS.VS.Services.ServiceHooks.Consumers.L0.Tests.dll" adapterTypeName="Microsoft.VisualStudio.TestTools.TestTypes.Unit.UnitTestAdapter" className="MS.VS.Services.ServiceHooks.Consumers.L0.Tests.Flowdock.PostMessageToChatActionTests" name="Id_CheckExpected" />
    </UnitTest>
    <UnitTest name="ConsumerId_CheckExpected" storage="d:\v2.0\a1\_work\dbded102\bin\release.anycpu\servicehooks.service\ms.vs.services.servicehooks.consumers.l0.tests\ms.vs.services.servicehooks.consumers.l0.tests.dll" priority="1" id="35730e05-7dc0-1eb4-83c3-772b777e629d">
      <Execution id="7b7fa0bc-de28-4d2e-81e1-8015b351e7ac" />
      <TestMethod codeBase="D:\v2.0\A1\_work\dbded102\bin\Release.AnyCPU\ServiceHooks.Service\MS.VS.Services.ServiceHooks.Consumers.L0.Tests\MS.VS.Services.ServiceHooks.Consumers.L0.Tests.dll" adapterTypeName="Microsoft.VisualStudio.TestTools.TestTypes.Unit.UnitTestAdapter" className="MS.VS.Services.ServiceHooks.Consumers.L0.Tests.Flowdock.PostMessageToChatActionTests" name="ConsumerId_CheckExpected" />
    </UnitTest>
    <UnitTest name="Name_CheckExpected" storage="d:\v2.0\a1\_work\dbded102\bin\release.anycpu\servicehooks.service\ms.vs.services.servicehooks.consumers.l0.tests\ms.vs.services.servicehooks.consumers.l0.tests.dll" priority="1" id="b4ce4f89-6b7b-675c-83b9-715bef57acfa">
      <Execution id="767a7eb0-e1fa-4ecd-af0b-e684c5bbc712" />
      <TestMethod codeBase="D:\v2.0\A1\_work\dbded102\bin\Release.AnyCPU\ServiceHooks.Service\MS.VS.Services.ServiceHooks.Consumers.L0.Tests\MS.VS.Services.ServiceHooks.Consumers.L0.Tests.dll" adapterTypeName="Microsoft.VisualStudio.TestTools.TestTypes.Unit.UnitTestAdapter" className="MS.VS.Services.ServiceHooks.Consumers.L0.Tests.Flowdock.PostMessageToChatActionTests" name="Name_CheckExpected" />
    </UnitTest>
    <UnitTest name="Description_CheckExpected" storage="d:\v2.0\a1\_work\dbded102\bin\release.anycpu\servicehooks.service\ms.vs.services.servicehooks.consumers.l0.tests\ms.vs.services.servicehooks.consumers.l0.tests.dll" priority="1" id="4bb73787-e162-2735-0fdd-8d6228cefdb4">
      <Execution id="fe37a11f-6b9e-45a8-96bc-3b4ae8977046" />
      <TestMethod codeBase="D:\v2.0\A1\_work\dbded102\bin\Release.AnyCPU\ServiceHooks.Service\MS.VS.Services.ServiceHooks.Consumers.L0.Tests\MS.VS.Services.ServiceHooks.Consumers.L0.Tests.dll" adapterTypeName="Microsoft.VisualStudio.TestTools.TestTypes.Unit.UnitTestAdapter" className="MS.VS.Services.ServiceHooks.Consumers.L0.Tests.Flowdock.PostMessageToChatActionTests" name="Description_CheckExpected" />
    </UnitTest>
    <UnitTest name="SupportedEventTypes_CheckExpected" storage="d:\v2.0\a1\_work\dbded102\bin\release.anycpu\servicehooks.service\ms.vs.services.servicehooks.consumers.l0.tests\ms.vs.services.servicehooks.consumers.l0.tests.dll" priority="1" id="93ec8734-b1b4-4715-43ee-c16297d81f27">
      <Execution id="41c8a026-cb85-4c4b-b611-65154d142ecc" />
      <TestMethod codeBase="D:\v2.0\A1\_work\dbded102\bin\Release.AnyCPU\ServiceHooks.Service\MS.VS.Services.ServiceHooks.Consumers.L0.Tests\MS.VS.Services.ServiceHooks.Consumers.L0.Tests.dll" adapterTypeName="Microsoft.VisualStudio.TestTools.TestTypes.Unit.UnitTestAdapter" className="MS.VS.Services.ServiceHooks.Consumers.L0.Tests.Flowdock.PostMessageToChatActionTests" name="SupportedEventTypes_CheckExpected" />
    </UnitTest>
    <UnitTest name="SupportedResourceVersions_CheckExpected" storage="d:\v2.0\a1\_work\dbded102\bin\release.anycpu\servicehooks.service\ms.vs.services.servicehooks.consumers.l0.tests\ms.vs.services.servicehooks.consumers.l0.tests.dll" priority="1" id="3bdca526-a911-8c67-449d-4a4ec87cbbe6">
      <Execution id="3f4ecefb-518e-43aa-8b24-66927e992810" />
      <TestMethod codeBase="D:\v2.0\A1\_work\dbded102\bin\Release.AnyCPU\ServiceHooks.Service\MS.VS.Services.ServiceHooks.Consumers.L0.Tests\MS.VS.Services.ServiceHooks.Consumers.L0.Tests.dll" adapterTypeName="Microsoft.VisualStudio.TestTools.TestTypes.Unit.UnitTestAdapter" className="MS.VS.Services.ServiceHooks.Consumers.L0.Tests.Flowdock.PostMessageToChatActionTests" name="SupportedResourceVersions_CheckExpected" />
    </UnitTest>
    <UnitTest name="AllowResourceVersionOverride_CheckExpected" storage="d:\v2.0\a1\_work\dbded102\bin\release.anycpu\servicehooks.service\ms.vs.services.servicehooks.consumers.l0.tests\ms.vs.services.servicehooks.consumers.l0.tests.dll" priority="1" id="88467834-598a-befa-f973-88c1be5f6a84">
      <Execution id="1ae433c0-8d23-4e85-bbaa-a6fd68345b7d" />
      <TestMethod codeBase="D:\v2.0\A1\_work\dbded102\bin\Release.AnyCPU\ServiceHooks.Service\MS.VS.Services.ServiceHooks.Consumers.L0.Tests\MS.VS.Services.ServiceHooks.Consumers.L0.Tests.dll" adapterTypeName="Microsoft.VisualStudio.TestTools.TestTypes.Unit.UnitTestAdapter" className="MS.VS.Services.ServiceHooks.Consumers.L0.Tests.Flowdock.PostMessageToChatActionTests" name="AllowResourceVersionOverride_CheckExpected" />
    </UnitTest>
    <UnitTest name="InputDescriptors_CheckExpected" storage="d:\v2.0\a1\_work\dbded102\bin\release.anycpu\servicehooks.service\ms.vs.services.servicehooks.consumers.l0.tests\ms.vs.services.servicehooks.consumers.l0.tests.dll" priority="1" id="eba6ae35-f380-e2d9-962f-e341a620d0f8">
      <Execution id="b92127ea-c175-4d0c-823e-81b8809dead2" />
      <TestMethod codeBase="D:\v2.0\A1\_work\dbded102\bin\Release.AnyCPU\ServiceHooks.Service\MS.VS.Services.ServiceHooks.Consumers.L0.Tests\MS.VS.Services.ServiceHooks.Consumers.L0.Tests.dll" adapterTypeName="Microsoft.VisualStudio.TestTools.TestTypes.Unit.UnitTestAdapter" className="MS.VS.Services.ServiceHooks.Consumers.L0.Tests.Flowdock.PostMessageToChatActionTests" name="InputDescriptors_CheckExpected" />
    </UnitTest>
    <UnitTest name="HandleEvent_InputsOkWithShowDetail_ShouldReturnHttpActionTaskConfiguredOk" storage="d:\v2.0\a1\_work\dbded102\bin\release.anycpu\servicehooks.service\ms.vs.services.servicehooks.consumers.l0.tests\ms.vs.services.servicehooks.consumers.l0.tests.dll" priority="1" id="7c1cff65-f9e1-df00-06db-763ee9668a6f">
      <Owners>
        <Owner name="v-bruca" />
      </Owners>
      <Execution id="9e7e33a0-a9b8-43e7-9c1e-fc57b8801dd1" />
      <TestMethod codeBase="D:\v2.0\A1\_work\dbded102\bin\Release.AnyCPU\ServiceHooks.Service\MS.VS.Services.ServiceHooks.Consumers.L0.Tests\MS.VS.Services.ServiceHooks.Consumers.L0.Tests.dll" adapterTypeName="Microsoft.VisualStudio.TestTools.TestTypes.Unit.UnitTestAdapter" className="MS.VS.Services.ServiceHooks.Consumers.L0.Tests.Flowdock.PostMessageToTeamInboxActionTests" name="HandleEvent_InputsOkWithShowDetail_ShouldReturnHttpActionTaskConfiguredOk" />
    </UnitTest>
    <UnitTest name="HandleEvent_InputsOkWithDefaults_ShouldReturnHttpActionTaskConfiguredOk" storage="d:\v2.0\a1\_work\dbded102\bin\release.anycpu\servicehooks.service\ms.vs.services.servicehooks.consumers.l0.tests\ms.vs.services.servicehooks.consumers.l0.tests.dll" priority="1" id="c1e83446-7e31-4fbb-3945-184ff27be01d">
      <Owners>
        <Owner name="v-bruca" />
      </Owners>
      <Execution id="bcd32446-ec9c-4f84-a484-e33b4ded4895" />
      <TestMethod codeBase="D:\v2.0\A1\_work\dbded102\bin\Release.AnyCPU\ServiceHooks.Service\MS.VS.Services.ServiceHooks.Consumers.L0.Tests\MS.VS.Services.ServiceHooks.Consumers.L0.Tests.dll" adapterTypeName="Microsoft.VisualStudio.TestTools.TestTypes.Unit.UnitTestAdapter" className="MS.VS.Services.ServiceHooks.Consumers.L0.Tests.Flowdock.PostMessageToTeamInboxActionTests" name="HandleEvent_InputsOkWithDefaults_ShouldReturnHttpActionTaskConfiguredOk" />
    </UnitTest>
    <UnitTest name="HandleEvent_InputsOkWithTags_ShouldReturnHttpActionTaskConfiguredOk" storage="d:\v2.0\a1\_work\dbded102\bin\release.anycpu\servicehooks.service\ms.vs.services.servicehooks.consumers.l0.tests\ms.vs.services.servicehooks.consumers.l0.tests.dll" priority="1" id="f8c05529-9f52-e1af-0771-f22b33a02856">
      <Owners>
        <Owner name="v-bruca" />
      </Owners>
      <Execution id="4b04697a-1ca7-4edd-b1ce-0a17a646623e" />
      <TestMethod codeBase="D:\v2.0\A1\_work\dbded102\bin\Release.AnyCPU\ServiceHooks.Service\MS.VS.Services.ServiceHooks.Consumers.L0.Tests\MS.VS.Services.ServiceHooks.Consumers.L0.Tests.dll" adapterTypeName="Microsoft.VisualStudio.TestTools.TestTypes.Unit.UnitTestAdapter" className="MS.VS.Services.ServiceHooks.Consumers.L0.Tests.Flowdock.PostMessageToTeamInboxActionTests" name="HandleEvent_InputsOkWithTags_ShouldReturnHttpActionTaskConfiguredOk" />
    </UnitTest>
    <UnitTest name="HandleEvent_InputsOkWithAllInputsFilled_ShouldReturnHttpActionTaskConfiguredOk" storage="d:\v2.0\a1\_work\dbded102\bin\release.anycpu\servicehooks.service\ms.vs.services.servicehooks.consumers.l0.tests\ms.vs.services.servicehooks.consumers.l0.tests.dll" priority="1" id="e69e061e-9aa4-c181-2e49-0fe243e358b5">
      <Owners>
        <Owner name="v-bruca" />
      </Owners>
      <Execution id="f7ad20d3-e6de-41b4-b4d0-27e29e118c05" />
      <TestMethod codeBase="D:\v2.0\A1\_work\dbded102\bin\Release.AnyCPU\ServiceHooks.Service\MS.VS.Services.ServiceHooks.Consumers.L0.Tests\MS.VS.Services.ServiceHooks.Consumers.L0.Tests.dll" adapterTypeName="Microsoft.VisualStudio.TestTools.TestTypes.Unit.UnitTestAdapter" className="MS.VS.Services.ServiceHooks.Consumers.L0.Tests.Flowdock.PostMessageToTeamInboxActionTests" name="HandleEvent_InputsOkWithAllInputsFilled_ShouldReturnHttpActionTaskConfiguredOk" />
    </UnitTest>
    <UnitTest name="Id_CheckExpected" storage="d:\v2.0\a1\_work\dbded102\bin\release.anycpu\servicehooks.service\ms.vs.services.servicehooks.consumers.l0.tests\ms.vs.services.servicehooks.consumers.l0.tests.dll" priority="1" id="f23f03ef-5129-7d93-aff4-9d37a0789d7c">
      <Execution id="04bf9902-e703-4f3b-a8b7-a569f75c0895" />
      <TestMethod codeBase="D:\v2.0\A1\_work\dbded102\bin\Release.AnyCPU\ServiceHooks.Service\MS.VS.Services.ServiceHooks.Consumers.L0.Tests\MS.VS.Services.ServiceHooks.Consumers.L0.Tests.dll" adapterTypeName="Microsoft.VisualStudio.TestTools.TestTypes.Unit.UnitTestAdapter" className="MS.VS.Services.ServiceHooks.Consumers.L0.Tests.Flowdock.PostMessageToTeamInboxActionTests" name="Id_CheckExpected" />
    </UnitTest>
    <UnitTest name="ConsumerId_CheckExpected" storage="d:\v2.0\a1\_work\dbded102\bin\release.anycpu\servicehooks.service\ms.vs.services.servicehooks.consumers.l0.tests\ms.vs.services.servicehooks.consumers.l0.tests.dll" priority="1" id="c1fea90c-7c05-7bb6-3709-2aa5214c1025">
      <Execution id="f6bc55da-b4d2-4916-bccb-d3200352cc14" />
      <TestMethod codeBase="D:\v2.0\A1\_work\dbded102\bin\Release.AnyCPU\ServiceHooks.Service\MS.VS.Services.ServiceHooks.Consumers.L0.Tests\MS.VS.Services.ServiceHooks.Consumers.L0.Tests.dll" adapterTypeName="Microsoft.VisualStudio.TestTools.TestTypes.Unit.UnitTestAdapter" className="MS.VS.Services.ServiceHooks.Consumers.L0.Tests.Flowdock.PostMessageToTeamInboxActionTests" name="ConsumerId_CheckExpected" />
    </UnitTest>
    <UnitTest name="Name_CheckExpected" storage="d:\v2.0\a1\_work\dbded102\bin\release.anycpu\servicehooks.service\ms.vs.services.servicehooks.consumers.l0.tests\ms.vs.services.servicehooks.consumers.l0.tests.dll" priority="1" id="e82408ac-1ed6-849c-77e6-47379b6025a6">
      <Execution id="b2e591f0-7807-4ed1-9bbb-d5fd75e286d6" />
      <TestMethod codeBase="D:\v2.0\A1\_work\dbded102\bin\Release.AnyCPU\ServiceHooks.Service\MS.VS.Services.ServiceHooks.Consumers.L0.Tests\MS.VS.Services.ServiceHooks.Consumers.L0.Tests.dll" adapterTypeName="Microsoft.VisualStudio.TestTools.TestTypes.Unit.UnitTestAdapter" className="MS.VS.Services.ServiceHooks.Consumers.L0.Tests.Flowdock.PostMessageToTeamInboxActionTests" name="Name_CheckExpected" />
    </UnitTest>
    <UnitTest name="Description_CheckExpected" storage="d:\v2.0\a1\_work\dbded102\bin\release.anycpu\servicehooks.service\ms.vs.services.servicehooks.consumers.l0.tests\ms.vs.services.servicehooks.consumers.l0.tests.dll" priority="1" id="9f6632f4-6ded-a4e4-ecb2-352541172dbf">
      <Execution id="3c129e92-bda8-4c27-8ec3-8c3d2cb1a27f" />
      <TestMethod codeBase="D:\v2.0\A1\_work\dbded102\bin\Release.AnyCPU\ServiceHooks.Service\MS.VS.Services.ServiceHooks.Consumers.L0.Tests\MS.VS.Services.ServiceHooks.Consumers.L0.Tests.dll" adapterTypeName="Microsoft.VisualStudio.TestTools.TestTypes.Unit.UnitTestAdapter" className="MS.VS.Services.ServiceHooks.Consumers.L0.Tests.Flowdock.PostMessageToTeamInboxActionTests" name="Description_CheckExpected" />
    </UnitTest>
    <UnitTest name="SupportedEventTypes_CheckExpected" storage="d:\v2.0\a1\_work\dbded102\bin\release.anycpu\servicehooks.service\ms.vs.services.servicehooks.consumers.l0.tests\ms.vs.services.servicehooks.consumers.l0.tests.dll" priority="1" id="da9310ab-44a6-5bd0-76ca-eb334616ee49">
      <Execution id="59bd7a01-e9a3-4d67-9153-1d448f0081e0" />
      <TestMethod codeBase="D:\v2.0\A1\_work\dbded102\bin\Release.AnyCPU\ServiceHooks.Service\MS.VS.Services.ServiceHooks.Consumers.L0.Tests\MS.VS.Services.ServiceHooks.Consumers.L0.Tests.dll" adapterTypeName="Microsoft.VisualStudio.TestTools.TestTypes.Unit.UnitTestAdapter" className="MS.VS.Services.ServiceHooks.Consumers.L0.Tests.Flowdock.PostMessageToTeamInboxActionTests" name="SupportedEventTypes_CheckExpected" />
    </UnitTest>
    <UnitTest name="SupportedResourceVersions_CheckExpected" storage="d:\v2.0\a1\_work\dbded102\bin\release.anycpu\servicehooks.service\ms.vs.services.servicehooks.consumers.l0.tests\ms.vs.services.servicehooks.consumers.l0.tests.dll" priority="1" id="ba1f1e56-aa72-f7d2-1b0a-b2f6a05b1469">
      <Execution id="6b8361c3-7e91-4ed4-b075-61ca11bac391" />
      <TestMethod codeBase="D:\v2.0\A1\_work\dbded102\bin\Release.AnyCPU\ServiceHooks.Service\MS.VS.Services.ServiceHooks.Consumers.L0.Tests\MS.VS.Services.ServiceHooks.Consumers.L0.Tests.dll" adapterTypeName="Microsoft.VisualStudio.TestTools.TestTypes.Unit.UnitTestAdapter" className="MS.VS.Services.ServiceHooks.Consumers.L0.Tests.Flowdock.PostMessageToTeamInboxActionTests" name="SupportedResourceVersions_CheckExpected" />
    </UnitTest>
    <UnitTest name="AllowResourceVersionOverride_CheckExpected" storage="d:\v2.0\a1\_work\dbded102\bin\release.anycpu\servicehooks.service\ms.vs.services.servicehooks.consumers.l0.tests\ms.vs.services.servicehooks.consumers.l0.tests.dll" priority="1" id="bdd9f5a4-bc12-7031-3593-4509e96d7667">
      <Execution id="87851c07-229f-4cf0-95df-4bbbe5ac2771" />
      <TestMethod codeBase="D:\v2.0\A1\_work\dbded102\bin\Release.AnyCPU\ServiceHooks.Service\MS.VS.Services.ServiceHooks.Consumers.L0.Tests\MS.VS.Services.ServiceHooks.Consumers.L0.Tests.dll" adapterTypeName="Microsoft.VisualStudio.TestTools.TestTypes.Unit.UnitTestAdapter" className="MS.VS.Services.ServiceHooks.Consumers.L0.Tests.Flowdock.PostMessageToTeamInboxActionTests" name="AllowResourceVersionOverride_CheckExpected" />
    </UnitTest>
    <UnitTest name="InputDescriptors_CheckExpected" storage="d:\v2.0\a1\_work\dbded102\bin\release.anycpu\servicehooks.service\ms.vs.services.servicehooks.consumers.l0.tests\ms.vs.services.servicehooks.consumers.l0.tests.dll" priority="1" id="6a0de016-89fb-43a4-0c1a-b5a72ab6aef6">
      <Execution id="a0648602-6458-4b71-a07c-b7d873a01bcb" />
      <TestMethod codeBase="D:\v2.0\A1\_work\dbded102\bin\Release.AnyCPU\ServiceHooks.Service\MS.VS.Services.ServiceHooks.Consumers.L0.Tests\MS.VS.Services.ServiceHooks.Consumers.L0.Tests.dll" adapterTypeName="Microsoft.VisualStudio.TestTools.TestTypes.Unit.UnitTestAdapter" className="MS.VS.Services.ServiceHooks.Consumers.L0.Tests.Flowdock.PostMessageToTeamInboxActionTests" name="InputDescriptors_CheckExpected" />
    </UnitTest>
    <UnitTest name="BuildFromJsonResource_CheckActionBasicData" storage="d:\v2.0\a1\_work\dbded102\bin\release.anycpu\servicehooks.service\ms.vs.services.servicehooks.consumers.l0.tests\ms.vs.services.servicehooks.consumers.l0.tests.dll" priority="1" id="8f1ff520-300d-edbf-9e38-16950691675e">
      <Owners>
        <Owner name="v-bruca" />
      </Owners>
      <Execution id="24629fab-16e8-477b-8e75-98ee7a2c4206" />
      <TestMethod codeBase="D:\v2.0\A1\_work\dbded102\bin\Release.AnyCPU\ServiceHooks.Service\MS.VS.Services.ServiceHooks.Consumers.L0.Tests\MS.VS.Services.ServiceHooks.Consumers.L0.Tests.dll" adapterTypeName="Microsoft.VisualStudio.TestTools.TestTypes.Unit.UnitTestAdapter" className="MS.VS.Services.ServiceHooks.Consumers.L0.Tests.DataDriven.DataDrivenConsumerActionTests" name="BuildFromJsonResource_CheckActionBasicData" />
    </UnitTest>
    <UnitTest name="BuildFromJsonResourceWithTranslations_CheckTranslations" storage="d:\v2.0\a1\_work\dbded102\bin\release.anycpu\servicehooks.service\ms.vs.services.servicehooks.consumers.l0.tests\ms.vs.services.servicehooks.consumers.l0.tests.dll" priority="1" id="b1f38c26-0165-3035-341f-85246d6d8bd9">
      <Owners>
        <Owner name="v-bruca" />
      </Owners>
      <Execution id="b4cf50a0-84ed-4032-a663-5557ed695c49" />
      <TestMethod codeBase="D:\v2.0\A1\_work\dbded102\bin\Release.AnyCPU\ServiceHooks.Service\MS.VS.Services.ServiceHooks.Consumers.L0.Tests\MS.VS.Services.ServiceHooks.Consumers.L0.Tests.dll" adapterTypeName="Microsoft.VisualStudio.TestTools.TestTypes.Unit.UnitTestAdapter" className="MS.VS.Services.ServiceHooks.Consumers.L0.Tests.DataDriven.DataDrivenConsumerActionTests" name="BuildFromJsonResourceWithTranslations_CheckTranslations" />
    </UnitTest>
    <UnitTest name="BuildFromJsonResource_CheckNumberOfInputDescriptors" storage="d:\v2.0\a1\_work\dbded102\bin\release.anycpu\servicehooks.service\ms.vs.services.servicehooks.consumers.l0.tests\ms.vs.services.servicehooks.consumers.l0.tests.dll" priority="1" id="04dc20f4-02ae-b3d0-490d-26fdfcac5907">
      <Owners>
        <Owner name="v-bruca" />
      </Owners>
      <Execution id="6b6db2b8-ed2f-4fed-af14-8f928163d079" />
      <TestMethod codeBase="D:\v2.0\A1\_work\dbded102\bin\Release.AnyCPU\ServiceHooks.Service\MS.VS.Services.ServiceHooks.Consumers.L0.Tests\MS.VS.Services.ServiceHooks.Consumers.L0.Tests.dll" adapterTypeName="Microsoft.VisualStudio.TestTools.TestTypes.Unit.UnitTestAdapter" className="MS.VS.Services.ServiceHooks.Consumers.L0.Tests.DataDriven.DataDrivenConsumerActionTests" name="BuildFromJsonResource_CheckNumberOfInputDescriptors" />
    </UnitTest>
    <UnitTest name="BuildFromJsonResource_CheckActionInputDescriptor" storage="d:\v2.0\a1\_work\dbded102\bin\release.anycpu\servicehooks.service\ms.vs.services.servicehooks.consumers.l0.tests\ms.vs.services.servicehooks.consumers.l0.tests.dll" priority="1" id="24b0352b-8efa-1a11-7f19-473acc0ac8f4">
      <Owners>
        <Owner name="v-bruca" />
      </Owners>
      <Execution id="7fcd070e-e2af-4309-b440-85f760fc9149" />
      <TestMethod codeBase="D:\v2.0\A1\_work\dbded102\bin\Release.AnyCPU\ServiceHooks.Service\MS.VS.Services.ServiceHooks.Consumers.L0.Tests\MS.VS.Services.ServiceHooks.Consumers.L0.Tests.dll" adapterTypeName="Microsoft.VisualStudio.TestTools.TestTypes.Unit.UnitTestAdapter" className="MS.VS.Services.ServiceHooks.Consumers.L0.Tests.DataDriven.DataDrivenConsumerActionTests" name="BuildFromJsonResource_CheckActionInputDescriptor" />
    </UnitTest>
    <UnitTest name="GetInputValues_CheckQueryInputValuesHttpCall" storage="d:\v2.0\a1\_work\dbded102\bin\release.anycpu\servicehooks.service\ms.vs.services.servicehooks.consumers.l0.tests\ms.vs.services.servicehooks.consumers.l0.tests.dll" priority="1" id="ed40b906-30f9-3b66-23c5-e376692a6423">
      <Owners>
        <Owner name="v-bruca" />
      </Owners>
      <Execution id="67923b4d-18d1-4449-832e-59743082de6b" />
      <TestMethod codeBase="D:\v2.0\A1\_work\dbded102\bin\Release.AnyCPU\ServiceHooks.Service\MS.VS.Services.ServiceHooks.Consumers.L0.Tests\MS.VS.Services.ServiceHooks.Consumers.L0.Tests.dll" adapterTypeName="Microsoft.VisualStudio.TestTools.TestTypes.Unit.UnitTestAdapter" className="MS.VS.Services.ServiceHooks.Consumers.L0.Tests.DataDriven.DataDrivenConsumerActionTests" name="GetInputValues_CheckQueryInputValuesHttpCall" />
    </UnitTest>
    <UnitTest name="HandleEvent_SendFullPayload_CheckPublishEventHttpCall" storage="d:\v2.0\a1\_work\dbded102\bin\release.anycpu\servicehooks.service\ms.vs.services.servicehooks.consumers.l0.tests\ms.vs.services.servicehooks.consumers.l0.tests.dll" priority="1" id="a4da8b85-23af-5346-7cbd-94129daebb6d">
      <Owners>
        <Owner name="v-bruca" />
      </Owners>
      <Execution id="5dea5afb-1641-41ed-870a-fba3db56c4c7" />
      <TestMethod codeBase="D:\v2.0\A1\_work\dbded102\bin\Release.AnyCPU\ServiceHooks.Service\MS.VS.Services.ServiceHooks.Consumers.L0.Tests\MS.VS.Services.ServiceHooks.Consumers.L0.Tests.dll" adapterTypeName="Microsoft.VisualStudio.TestTools.TestTypes.Unit.UnitTestAdapter" className="MS.VS.Services.ServiceHooks.Consumers.L0.Tests.DataDriven.DataDrivenConsumerActionTests" name="HandleEvent_SendFullPayload_CheckPublishEventHttpCall" />
    </UnitTest>
    <UnitTest name="HandleEvent_SendMinimalPayload_CheckPublishEventHttpCall" storage="d:\v2.0\a1\_work\dbded102\bin\release.anycpu\servicehooks.service\ms.vs.services.servicehooks.consumers.l0.tests\ms.vs.services.servicehooks.consumers.l0.tests.dll" priority="1" id="ef7782c9-11fe-e34c-2089-7e69d8bff416">
      <Owners>
        <Owner name="v-bruca" />
      </Owners>
      <Execution id="11c33475-427d-435e-ad4c-6e23855f7143" />
      <TestMethod codeBase="D:\v2.0\A1\_work\dbded102\bin\Release.AnyCPU\ServiceHooks.Service\MS.VS.Services.ServiceHooks.Consumers.L0.Tests\MS.VS.Services.ServiceHooks.Consumers.L0.Tests.dll" adapterTypeName="Microsoft.VisualStudio.TestTools.TestTypes.Unit.UnitTestAdapter" className="MS.VS.Services.ServiceHooks.Consumers.L0.Tests.DataDriven.DataDrivenConsumerActionTests" name="HandleEvent_SendMinimalPayload_CheckPublishEventHttpCall" />
    </UnitTest>
    <UnitTest name="HandleEvent_OverrrideUrlFromRegistry_CheckPublishEventHttpCall" storage="d:\v2.0\a1\_work\dbded102\bin\release.anycpu\servicehooks.service\ms.vs.services.servicehooks.consumers.l0.tests\ms.vs.services.servicehooks.consumers.l0.tests.dll" priority="1" id="0f40e050-c732-1916-d36e-cd1d9601b2e8">
      <Owners>
        <Owner name="v-bruca" />
      </Owners>
      <Execution id="88a0b158-768e-4117-83a1-c66d2f80a78c" />
      <TestMethod codeBase="D:\v2.0\A1\_work\dbded102\bin\Release.AnyCPU\ServiceHooks.Service\MS.VS.Services.ServiceHooks.Consumers.L0.Tests\MS.VS.Services.ServiceHooks.Consumers.L0.Tests.dll" adapterTypeName="Microsoft.VisualStudio.TestTools.TestTypes.Unit.UnitTestAdapter" className="MS.VS.Services.ServiceHooks.Consumers.L0.Tests.DataDriven.DataDrivenConsumerActionTests" name="HandleEvent_OverrrideUrlFromRegistry_CheckPublishEventHttpCall" />
    </UnitTest>
    <UnitTest name="HandleEvent_OverrrideUrlFromRegistryWithComplexName_CheckPublishEventHttpCall" storage="d:\v2.0\a1\_work\dbded102\bin\release.anycpu\servicehooks.service\ms.vs.services.servicehooks.consumers.l0.tests\ms.vs.services.servicehooks.consumers.l0.tests.dll" priority="1" id="3032cf00-0849-d65a-be40-ef2afa78023e">
      <Owners>
        <Owner name="v-bruca" />
      </Owners>
      <Execution id="e6f51150-8394-4f2e-803d-3f4f4f6f0ca8" />
      <TestMethod codeBase="D:\v2.0\A1\_work\dbded102\bin\Release.AnyCPU\ServiceHooks.Service\MS.VS.Services.ServiceHooks.Consumers.L0.Tests\MS.VS.Services.ServiceHooks.Consumers.L0.Tests.dll" adapterTypeName="Microsoft.VisualStudio.TestTools.TestTypes.Unit.UnitTestAdapter" className="MS.VS.Services.ServiceHooks.Consumers.L0.Tests.DataDriven.DataDrivenConsumerActionTests" name="HandleEvent_OverrrideUrlFromRegistryWithComplexName_CheckPublishEventHttpCall" />
    </UnitTest>
    <UnitTest name="BuildFromJsonResource_CheckConsumerBasicData" storage="d:\v2.0\a1\_work\dbded102\bin\release.anycpu\servicehooks.service\ms.vs.services.servicehooks.consumers.l0.tests\ms.vs.services.servicehooks.consumers.l0.tests.dll" priority="1" id="f310bb7f-4dcb-96aa-694f-42c2859ef2c2">
      <Owners>
        <Owner name="v-bruca" />
      </Owners>
      <Execution id="b239d894-4ce1-42e9-9ff9-bdd744013a19" />
      <TestMethod codeBase="D:\v2.0\A1\_work\dbded102\bin\Release.AnyCPU\ServiceHooks.Service\MS.VS.Services.ServiceHooks.Consumers.L0.Tests\MS.VS.Services.ServiceHooks.Consumers.L0.Tests.dll" adapterTypeName="Microsoft.VisualStudio.TestTools.TestTypes.Unit.UnitTestAdapter" className="MS.VS.Services.ServiceHooks.Consumers.L0.Tests.DataDriven.DataDrivenConsumerTests" name="BuildFromJsonResource_CheckConsumerBasicData" />
    </UnitTest>
    <UnitTest name="BuildFromJsonResource_CheckConsumerInputDescriptorsData" storage="d:\v2.0\a1\_work\dbded102\bin\release.anycpu\servicehooks.service\ms.vs.services.servicehooks.consumers.l0.tests\ms.vs.services.servicehooks.consumers.l0.tests.dll" priority="1" id="7fcd170b-8ad0-97ed-bb5c-0719c3ec0b45">
      <Owners>
        <Owner name="v-bruca" />
      </Owners>
      <Execution id="78b429fe-b40a-4132-b656-3537dfdeaf38" />
      <TestMethod codeBase="D:\v2.0\A1\_work\dbded102\bin\Release.AnyCPU\ServiceHooks.Service\MS.VS.Services.ServiceHooks.Consumers.L0.Tests\MS.VS.Services.ServiceHooks.Consumers.L0.Tests.dll" adapterTypeName="Microsoft.VisualStudio.TestTools.TestTypes.Unit.UnitTestAdapter" className="MS.VS.Services.ServiceHooks.Consumers.L0.Tests.DataDriven.DataDrivenConsumerTests" name="BuildFromJsonResource_CheckConsumerInputDescriptorsData" />
    </UnitTest>
    <UnitTest name="BuildFromJsonResourceWithTranslations_CheckTranslations" storage="d:\v2.0\a1\_work\dbded102\bin\release.anycpu\servicehooks.service\ms.vs.services.servicehooks.consumers.l0.tests\ms.vs.services.servicehooks.consumers.l0.tests.dll" priority="1" id="234b615f-08a5-3e10-dc5c-16f6ce0a5aad">
      <Owners>
        <Owner name="v-bruca" />
      </Owners>
      <Execution id="1941493a-a5c6-451e-b083-85103be85690" />
      <TestMethod codeBase="D:\v2.0\A1\_work\dbded102\bin\Release.AnyCPU\ServiceHooks.Service\MS.VS.Services.ServiceHooks.Consumers.L0.Tests\MS.VS.Services.ServiceHooks.Consumers.L0.Tests.dll" adapterTypeName="Microsoft.VisualStudio.TestTools.TestTypes.Unit.UnitTestAdapter" className="MS.VS.Services.ServiceHooks.Consumers.L0.Tests.DataDriven.DataDrivenConsumerTests" name="BuildFromJsonResourceWithTranslations_CheckTranslations" />
    </UnitTest>
    <UnitTest name="GetPath_PropertyOnRoot_ReturnPath" storage="d:\v2.0\a1\_work\dbded102\bin\release.anycpu\servicehooks.service\ms.vs.services.servicehooks.consumers.l0.tests\ms.vs.services.servicehooks.consumers.l0.tests.dll" priority="1" id="a9c85084-c995-1031-4c1a-f8fe296b98c8">
      <Owners>
        <Owner name="v-bruca" />
      </Owners>
      <Execution id="f8d3b8c6-c063-4787-8f96-6482fd501fb7" />
      <TestMethod codeBase="D:\v2.0\A1\_work\dbded102\bin\Release.AnyCPU\ServiceHooks.Service\MS.VS.Services.ServiceHooks.Consumers.L0.Tests\MS.VS.Services.ServiceHooks.Consumers.L0.Tests.dll" adapterTypeName="Microsoft.VisualStudio.TestTools.TestTypes.Unit.UnitTestAdapter" className="MS.VS.Services.ServiceHooks.Consumers.L0.Tests.Common.JsonExtensionsTests" name="GetPath_PropertyOnRoot_ReturnPath" />
    </UnitTest>
    <UnitTest name="GetPath_PropertyOnNestedObject_ReturnFullPath" storage="d:\v2.0\a1\_work\dbded102\bin\release.anycpu\servicehooks.service\ms.vs.services.servicehooks.consumers.l0.tests\ms.vs.services.servicehooks.consumers.l0.tests.dll" priority="1" id="8bbe91a7-3526-d798-f9e4-beb11d3c6e81">
      <Owners>
        <Owner name="v-bruca" />
      </Owners>
      <Execution id="bf008307-1429-494d-a7e7-bc480b361cb1" />
      <TestMethod codeBase="D:\v2.0\A1\_work\dbded102\bin\Release.AnyCPU\ServiceHooks.Service\MS.VS.Services.ServiceHooks.Consumers.L0.Tests\MS.VS.Services.ServiceHooks.Consumers.L0.Tests.dll" adapterTypeName="Microsoft.VisualStudio.TestTools.TestTypes.Unit.UnitTestAdapter" className="MS.VS.Services.ServiceHooks.Consumers.L0.Tests.Common.JsonExtensionsTests" name="GetPath_PropertyOnNestedObject_ReturnFullPath" />
    </UnitTest>
    <UnitTest name="GetPath_PropertyOnArray_ReturnIndexerPath" storage="d:\v2.0\a1\_work\dbded102\bin\release.anycpu\servicehooks.service\ms.vs.services.servicehooks.consumers.l0.tests\ms.vs.services.servicehooks.consumers.l0.tests.dll" priority="1" id="ea041517-4baa-3634-0458-7d4bd47e5a6a">
      <Owners>
        <Owner name="v-bruca" />
      </Owners>
      <Execution id="33e621eb-841c-4d44-a2cd-f76136bc3ccd" />
      <TestMethod codeBase="D:\v2.0\A1\_work\dbded102\bin\Release.AnyCPU\ServiceHooks.Service\MS.VS.Services.ServiceHooks.Consumers.L0.Tests\MS.VS.Services.ServiceHooks.Consumers.L0.Tests.dll" adapterTypeName="Microsoft.VisualStudio.TestTools.TestTypes.Unit.UnitTestAdapter" className="MS.VS.Services.ServiceHooks.Consumers.L0.Tests.Common.JsonExtensionsTests" name="GetPath_PropertyOnArray_ReturnIndexerPath" />
    </UnitTest>
    <UnitTest name="Flatten_ReturnsJsonFlatten" storage="d:\v2.0\a1\_work\dbded102\bin\release.anycpu\servicehooks.service\ms.vs.services.servicehooks.consumers.l0.tests\ms.vs.services.servicehooks.consumers.l0.tests.dll" priority="1" id="6375b893-f85f-8c21-7baa-14ab7d26634c">
      <Owners>
        <Owner name="v-bruca" />
      </Owners>
      <Execution id="c576fda6-9e3c-40a7-ac08-4f0e3db0639b" />
      <TestMethod codeBase="D:\v2.0\A1\_work\dbded102\bin\Release.AnyCPU\ServiceHooks.Service\MS.VS.Services.ServiceHooks.Consumers.L0.Tests\MS.VS.Services.ServiceHooks.Consumers.L0.Tests.dll" adapterTypeName="Microsoft.VisualStudio.TestTools.TestTypes.Unit.UnitTestAdapter" className="MS.VS.Services.ServiceHooks.Consumers.L0.Tests.Common.JsonExtensionsTests" name="Flatten_ReturnsJsonFlatten" />
    </UnitTest>
    <UnitTest name="Build_MessagePosted_CheckTransformation" storage="d:\v2.0\a1\_work\dbded102\bin\release.anycpu\servicehooks.service\ms.vs.services.servicehooks.consumers.l0.tests\ms.vs.services.servicehooks.consumers.l0.tests.dll" priority="1" id="d2c72bf0-7cab-bcdf-c908-172a996bf395">
      <Owners>
        <Owner name="v-bruca" />
      </Owners>
      <Execution id="b1fbfafc-a9af-469b-81f7-fd087f648c73" />
      <TestMethod codeBase="D:\v2.0\A1\_work\dbded102\bin\Release.AnyCPU\ServiceHooks.Service\MS.VS.Services.ServiceHooks.Consumers.L0.Tests\MS.VS.Services.ServiceHooks.Consumers.L0.Tests.dll" adapterTypeName="Microsoft.VisualStudio.TestTools.TestTypes.Unit.UnitTestAdapter" className="MS.VS.Services.ServiceHooks.Consumers.L0.Tests.Common.Templating.ModelBuilders.JsonFriendlyModelBuilderTests" name="Build_MessagePosted_CheckTransformation" />
    </UnitTest>
    <UnitTest name="Build_WorkItemUpdateWithoutFields_CheckTransformation" storage="d:\v2.0\a1\_work\dbded102\bin\release.anycpu\servicehooks.service\ms.vs.services.servicehooks.consumers.l0.tests\ms.vs.services.servicehooks.consumers.l0.tests.dll" priority="1" id="914e15fd-855e-fd4d-d599-d6698021a9da">
      <Owners>
        <Owner name="v-bruca" />
      </Owners>
      <Execution id="28fbe053-a4d9-49e5-a55c-89cca8c18976" />
      <TestMethod codeBase="D:\v2.0\A1\_work\dbded102\bin\Release.AnyCPU\ServiceHooks.Service\MS.VS.Services.ServiceHooks.Consumers.L0.Tests\MS.VS.Services.ServiceHooks.Consumers.L0.Tests.dll" adapterTypeName="Microsoft.VisualStudio.TestTools.TestTypes.Unit.UnitTestAdapter" className="MS.VS.Services.ServiceHooks.Consumers.L0.Tests.Common.Templating.ModelBuilders.WorkItemModelBuilderTest" name="Build_WorkItemUpdateWithoutFields_CheckTransformation" />
    </UnitTest>
    <UnitTest name="Id_CheckExpected" storage="d:\v2.0\a1\_work\dbded102\bin\release.anycpu\servicehooks.service\ms.vs.services.servicehooks.consumers.l0.tests\ms.vs.services.servicehooks.consumers.l0.tests.dll" priority="1" id="82d3cef8-f869-3d10-3a47-0ebce17a2b5f">
      <Execution id="55f4221a-0c30-45e9-a35b-df0377227651" />
      <TestMethod codeBase="D:\v2.0\A1\_work\dbded102\bin\Release.AnyCPU\ServiceHooks.Service\MS.VS.Services.ServiceHooks.Consumers.L0.Tests\MS.VS.Services.ServiceHooks.Consumers.L0.Tests.dll" adapterTypeName="Microsoft.VisualStudio.TestTools.TestTypes.Unit.UnitTestAdapter" className="MS.VS.Services.ServiceHooks.Consumers.L0.Tests.Campfire.CampfireConsumerTests" name="Id_CheckExpected" />
    </UnitTest>
    <UnitTest name="Name_CheckExpected" storage="d:\v2.0\a1\_work\dbded102\bin\release.anycpu\servicehooks.service\ms.vs.services.servicehooks.consumers.l0.tests\ms.vs.services.servicehooks.consumers.l0.tests.dll" priority="1" id="ccd698cf-e8f3-32a9-13d0-fde665ce10f3">
      <Execution id="804754ea-8773-46a3-89e2-8807d06984d3" />
      <TestMethod codeBase="D:\v2.0\A1\_work\dbded102\bin\Release.AnyCPU\ServiceHooks.Service\MS.VS.Services.ServiceHooks.Consumers.L0.Tests\MS.VS.Services.ServiceHooks.Consumers.L0.Tests.dll" adapterTypeName="Microsoft.VisualStudio.TestTools.TestTypes.Unit.UnitTestAdapter" className="MS.VS.Services.ServiceHooks.Consumers.L0.Tests.Campfire.CampfireConsumerTests" name="Name_CheckExpected" />
    </UnitTest>
    <UnitTest name="Description_CheckExpected" storage="d:\v2.0\a1\_work\dbded102\bin\release.anycpu\servicehooks.service\ms.vs.services.servicehooks.consumers.l0.tests\ms.vs.services.servicehooks.consumers.l0.tests.dll" priority="1" id="c2159f35-ea06-8655-cf50-df9066deb1bc">
      <Execution id="e53a28a3-3552-4fce-a5e2-440948c05c0a" />
      <TestMethod codeBase="D:\v2.0\A1\_work\dbded102\bin\Release.AnyCPU\ServiceHooks.Service\MS.VS.Services.ServiceHooks.Consumers.L0.Tests\MS.VS.Services.ServiceHooks.Consumers.L0.Tests.dll" adapterTypeName="Microsoft.VisualStudio.TestTools.TestTypes.Unit.UnitTestAdapter" className="MS.VS.Services.ServiceHooks.Consumers.L0.Tests.Campfire.CampfireConsumerTests" name="Description_CheckExpected" />
    </UnitTest>
    <UnitTest name="InformationUrl_CheckExpected" storage="d:\v2.0\a1\_work\dbded102\bin\release.anycpu\servicehooks.service\ms.vs.services.servicehooks.consumers.l0.tests\ms.vs.services.servicehooks.consumers.l0.tests.dll" priority="1" id="7e62bb5d-9cbf-8dce-83c6-4e9015c03e8d">
      <Execution id="24d92304-5707-41c3-8cda-b2f7f11a53fb" />
      <TestMethod codeBase="D:\v2.0\A1\_work\dbded102\bin\Release.AnyCPU\ServiceHooks.Service\MS.VS.Services.ServiceHooks.Consumers.L0.Tests\MS.VS.Services.ServiceHooks.Consumers.L0.Tests.dll" adapterTypeName="Microsoft.VisualStudio.TestTools.TestTypes.Unit.UnitTestAdapter" className="MS.VS.Services.ServiceHooks.Consumers.L0.Tests.Campfire.CampfireConsumerTests" name="InformationUrl_CheckExpected" />
    </UnitTest>
    <UnitTest name="ImageUrl_CheckExpected" storage="d:\v2.0\a1\_work\dbded102\bin\release.anycpu\servicehooks.service\ms.vs.services.servicehooks.consumers.l0.tests\ms.vs.services.servicehooks.consumers.l0.tests.dll" priority="1" id="cf7a74b9-b3fc-85ca-3653-e582b3d8abe1">
      <Execution id="87f8eb9a-0c45-4546-95f4-ec53218a0a77" />
      <TestMethod codeBase="D:\v2.0\A1\_work\dbded102\bin\Release.AnyCPU\ServiceHooks.Service\MS.VS.Services.ServiceHooks.Consumers.L0.Tests\MS.VS.Services.ServiceHooks.Consumers.L0.Tests.dll" adapterTypeName="Microsoft.VisualStudio.TestTools.TestTypes.Unit.UnitTestAdapter" className="MS.VS.Services.ServiceHooks.Consumers.L0.Tests.Campfire.CampfireConsumerTests" name="ImageUrl_CheckExpected" />
    </UnitTest>
    <UnitTest name="AuthenticationType_CheckExpected" storage="d:\v2.0\a1\_work\dbded102\bin\release.anycpu\servicehooks.service\ms.vs.services.servicehooks.consumers.l0.tests\ms.vs.services.servicehooks.consumers.l0.tests.dll" priority="1" id="28c9a924-ea3f-b3ac-0746-37061b6a031e">
      <Execution id="8dac0b1d-66a7-4fd2-a3d4-187fb92817ba" />
      <TestMethod codeBase="D:\v2.0\A1\_work\dbded102\bin\Release.AnyCPU\ServiceHooks.Service\MS.VS.Services.ServiceHooks.Consumers.L0.Tests\MS.VS.Services.ServiceHooks.Consumers.L0.Tests.dll" adapterTypeName="Microsoft.VisualStudio.TestTools.TestTypes.Unit.UnitTestAdapter" className="MS.VS.Services.ServiceHooks.Consumers.L0.Tests.Campfire.CampfireConsumerTests" name="AuthenticationType_CheckExpected" />
    </UnitTest>
    <UnitTest name="ExternalConfiguration_CheckExpected" storage="d:\v2.0\a1\_work\dbded102\bin\release.anycpu\servicehooks.service\ms.vs.services.servicehooks.consumers.l0.tests\ms.vs.services.servicehooks.consumers.l0.tests.dll" priority="1" id="5fc52d17-f0b2-7cfb-a128-3f06f3258e4e">
      <Execution id="c2c7f9f5-a31e-4a61-be3b-dd05952ee7d1" />
      <TestMethod codeBase="D:\v2.0\A1\_work\dbded102\bin\Release.AnyCPU\ServiceHooks.Service\MS.VS.Services.ServiceHooks.Consumers.L0.Tests\MS.VS.Services.ServiceHooks.Consumers.L0.Tests.dll" adapterTypeName="Microsoft.VisualStudio.TestTools.TestTypes.Unit.UnitTestAdapter" className="MS.VS.Services.ServiceHooks.Consumers.L0.Tests.Campfire.CampfireConsumerTests" name="ExternalConfiguration_CheckExpected" />
    </UnitTest>
    <UnitTest name="InputDescriptors_CheckExpected" storage="d:\v2.0\a1\_work\dbded102\bin\release.anycpu\servicehooks.service\ms.vs.services.servicehooks.consumers.l0.tests\ms.vs.services.servicehooks.consumers.l0.tests.dll" priority="1" id="e2552e92-2327-fcb4-a99e-9794627d35d5">
      <Execution id="857569f9-d637-4318-993b-439d7e30b0fb" />
      <TestMethod codeBase="D:\v2.0\A1\_work\dbded102\bin\Release.AnyCPU\ServiceHooks.Service\MS.VS.Services.ServiceHooks.Consumers.L0.Tests\MS.VS.Services.ServiceHooks.Consumers.L0.Tests.dll" adapterTypeName="Microsoft.VisualStudio.TestTools.TestTypes.Unit.UnitTestAdapter" className="MS.VS.Services.ServiceHooks.Consumers.L0.Tests.Campfire.CampfireConsumerTests" name="InputDescriptors_CheckExpected" />
    </UnitTest>
    <UnitTest name="FeatureName_CheckExpected" storage="d:\v2.0\a1\_work\dbded102\bin\release.anycpu\servicehooks.service\ms.vs.services.servicehooks.consumers.l0.tests\ms.vs.services.servicehooks.consumers.l0.tests.dll" priority="1" id="81110d44-247e-c3f4-637e-646cf396daac">
      <Execution id="e01995ae-3092-44d7-bb73-be764044ab15" />
      <TestMethod codeBase="D:\v2.0\A1\_work\dbded102\bin\Release.AnyCPU\ServiceHooks.Service\MS.VS.Services.ServiceHooks.Consumers.L0.Tests\MS.VS.Services.ServiceHooks.Consumers.L0.Tests.dll" adapterTypeName="Microsoft.VisualStudio.TestTools.TestTypes.Unit.UnitTestAdapter" className="MS.VS.Services.ServiceHooks.Consumers.L0.Tests.Campfire.CampfireConsumerTests" name="FeatureName_CheckExpected" />
    </UnitTest>
    <UnitTest name="GetInputValues_UnknownInputId_ShouldReturnNull" storage="d:\v2.0\a1\_work\dbded102\bin\release.anycpu\servicehooks.service\ms.vs.services.servicehooks.consumers.l0.tests\ms.vs.services.servicehooks.consumers.l0.tests.dll" priority="1" id="3b4ee0e6-2588-e6a7-7db5-af08c68a9297">
      <Owners>
        <Owner name="v-bruca" />
      </Owners>
      <Execution id="a2abe258-e86e-4d82-a1e9-a9317f74dbea" />
      <TestMethod codeBase="D:\v2.0\A1\_work\dbded102\bin\Release.AnyCPU\ServiceHooks.Service\MS.VS.Services.ServiceHooks.Consumers.L0.Tests\MS.VS.Services.ServiceHooks.Consumers.L0.Tests.dll" adapterTypeName="Microsoft.VisualStudio.TestTools.TestTypes.Unit.UnitTestAdapter" className="MS.VS.Services.ServiceHooks.Consumers.L0.Tests.Campfire.PostMessageToRoomActionTests" name="GetInputValues_UnknownInputId_ShouldReturnNull" />
    </UnitTest>
    <UnitTest name="GetInputValues_QueryingRoomValuesWithMissingRequiredInputs_ShouldReturnDefaultCombo" storage="d:\v2.0\a1\_work\dbded102\bin\release.anycpu\servicehooks.service\ms.vs.services.servicehooks.consumers.l0.tests\ms.vs.services.servicehooks.consumers.l0.tests.dll" priority="1" id="e2968ef2-33e2-8a68-6421-daa3812f5482">
      <Owners>
        <Owner name="v-bruca" />
      </Owners>
      <Execution id="ee2260ad-77f7-4cf0-99ae-aadbbbc775b9" />
      <TestMethod codeBase="D:\v2.0\A1\_work\dbded102\bin\Release.AnyCPU\ServiceHooks.Service\MS.VS.Services.ServiceHooks.Consumers.L0.Tests\MS.VS.Services.ServiceHooks.Consumers.L0.Tests.dll" adapterTypeName="Microsoft.VisualStudio.TestTools.TestTypes.Unit.UnitTestAdapter" className="MS.VS.Services.ServiceHooks.Consumers.L0.Tests.Campfire.PostMessageToRoomActionTests" name="GetInputValues_QueryingRoomValuesWithMissingRequiredInputs_ShouldReturnDefaultCombo" />
    </UnitTest>
    <UnitTest name="GetActionDescription_ShouldReturnDescriptionWithRoomName" storage="d:\v2.0\a1\_work\dbded102\bin\release.anycpu\servicehooks.service\ms.vs.services.servicehooks.consumers.l0.tests\ms.vs.services.servicehooks.consumers.l0.tests.dll" priority="1" id="f0ef8b21-e5d2-b698-e9f3-a8c431f84e7d">
      <Owners>
        <Owner name="v-bruca" />
      </Owners>
      <Execution id="980c9a4b-052d-4fbd-92d0-a7a1e4171b4c" />
      <TestMethod codeBase="D:\v2.0\A1\_work\dbded102\bin\Release.AnyCPU\ServiceHooks.Service\MS.VS.Services.ServiceHooks.Consumers.L0.Tests\MS.VS.Services.ServiceHooks.Consumers.L0.Tests.dll" adapterTypeName="Microsoft.VisualStudio.TestTools.TestTypes.Unit.UnitTestAdapter" className="MS.VS.Services.ServiceHooks.Consumers.L0.Tests.Campfire.PostMessageToRoomActionTests" name="GetActionDescription_ShouldReturnDescriptionWithRoomName" />
    </UnitTest>
    <UnitTest name="GetInputValues_QueryingRoomValuesWithInputsOk_ShouldReturnComboWithRooms" storage="d:\v2.0\a1\_work\dbded102\bin\release.anycpu\servicehooks.service\ms.vs.services.servicehooks.consumers.l0.tests\ms.vs.services.servicehooks.consumers.l0.tests.dll" priority="1" id="ff43b6bf-4772-2a17-1e04-4061022245d2">
      <Owners>
        <Owner name="v-bruca" />
      </Owners>
      <Execution id="ec4922f1-8154-4dcb-a411-12a121eb88b3" />
      <TestMethod codeBase="D:\v2.0\A1\_work\dbded102\bin\Release.AnyCPU\ServiceHooks.Service\MS.VS.Services.ServiceHooks.Consumers.L0.Tests\MS.VS.Services.ServiceHooks.Consumers.L0.Tests.dll" adapterTypeName="Microsoft.VisualStudio.TestTools.TestTypes.Unit.UnitTestAdapter" className="MS.VS.Services.ServiceHooks.Consumers.L0.Tests.Campfire.PostMessageToRoomActionTests" name="GetInputValues_QueryingRoomValuesWithInputsOk_ShouldReturnComboWithRooms" />
    </UnitTest>
    <UnitTest name="GetInputValues_QueryingRoomValuesWithErrorInCampfire_ShouldReturnDefaultComboWithErrorMessage" storage="d:\v2.0\a1\_work\dbded102\bin\release.anycpu\servicehooks.service\ms.vs.services.servicehooks.consumers.l0.tests\ms.vs.services.servicehooks.consumers.l0.tests.dll" priority="1" id="6edab2ee-5c8f-0779-9f95-fc9ca7409919">
      <Owners>
        <Owner name="v-bruca" />
      </Owners>
      <Execution id="fe080634-f5f5-4975-86c8-6bd6c11555d5" />
      <TestMethod codeBase="D:\v2.0\A1\_work\dbded102\bin\Release.AnyCPU\ServiceHooks.Service\MS.VS.Services.ServiceHooks.Consumers.L0.Tests\MS.VS.Services.ServiceHooks.Consumers.L0.Tests.dll" adapterTypeName="Microsoft.VisualStudio.TestTools.TestTypes.Unit.UnitTestAdapter" className="MS.VS.Services.ServiceHooks.Consumers.L0.Tests.Campfire.PostMessageToRoomActionTests" name="GetInputValues_QueryingRoomValuesWithErrorInCampfire_ShouldReturnDefaultComboWithErrorMessage" />
    </UnitTest>
    <UnitTest name="HandleEvent_InputsOkWithShowDetail_ShouldReturnHttpActionTaskConfiguredOk" storage="d:\v2.0\a1\_work\dbded102\bin\release.anycpu\servicehooks.service\ms.vs.services.servicehooks.consumers.l0.tests\ms.vs.services.servicehooks.consumers.l0.tests.dll" priority="1" id="60d87326-68df-7622-a2e0-9389e00860d0">
      <Owners>
        <Owner name="v-bruca" />
      </Owners>
      <Execution id="40a28a43-cb44-4a89-abf3-4192ea3b410a" />
      <TestMethod codeBase="D:\v2.0\A1\_work\dbded102\bin\Release.AnyCPU\ServiceHooks.Service\MS.VS.Services.ServiceHooks.Consumers.L0.Tests\MS.VS.Services.ServiceHooks.Consumers.L0.Tests.dll" adapterTypeName="Microsoft.VisualStudio.TestTools.TestTypes.Unit.UnitTestAdapter" className="MS.VS.Services.ServiceHooks.Consumers.L0.Tests.Campfire.PostMessageToRoomActionTests" name="HandleEvent_InputsOkWithShowDetail_ShouldReturnHttpActionTaskConfiguredOk" />
    </UnitTest>
    <UnitTest name="HandleEvent_InputsOkWithDefault_ShouldReturnHttpActionTaskConfiguredOk" storage="d:\v2.0\a1\_work\dbded102\bin\release.anycpu\servicehooks.service\ms.vs.services.servicehooks.consumers.l0.tests\ms.vs.services.servicehooks.consumers.l0.tests.dll" priority="1" id="0b2ebd04-f237-496f-67d8-5b29442955ad">
      <Owners>
        <Owner name="v-bruca" />
      </Owners>
      <Execution id="92809f64-b1b5-455a-8a88-2ae25fc1c8f4" />
      <TestMethod codeBase="D:\v2.0\A1\_work\dbded102\bin\Release.AnyCPU\ServiceHooks.Service\MS.VS.Services.ServiceHooks.Consumers.L0.Tests\MS.VS.Services.ServiceHooks.Consumers.L0.Tests.dll" adapterTypeName="Microsoft.VisualStudio.TestTools.TestTypes.Unit.UnitTestAdapter" className="MS.VS.Services.ServiceHooks.Consumers.L0.Tests.Campfire.PostMessageToRoomActionTests" name="HandleEvent_InputsOkWithDefault_ShouldReturnHttpActionTaskConfiguredOk" />
    </UnitTest>
    <UnitTest name="Id_CheckExpected" storage="d:\v2.0\a1\_work\dbded102\bin\release.anycpu\servicehooks.service\ms.vs.services.servicehooks.consumers.l0.tests\ms.vs.services.servicehooks.consumers.l0.tests.dll" priority="1" id="a329882a-d484-a9e2-b73a-6906ab601962">
      <Execution id="2c64fbac-5386-43bc-997f-911251265699" />
      <TestMethod codeBase="D:\v2.0\A1\_work\dbded102\bin\Release.AnyCPU\ServiceHooks.Service\MS.VS.Services.ServiceHooks.Consumers.L0.Tests\MS.VS.Services.ServiceHooks.Consumers.L0.Tests.dll" adapterTypeName="Microsoft.VisualStudio.TestTools.TestTypes.Unit.UnitTestAdapter" className="MS.VS.Services.ServiceHooks.Consumers.L0.Tests.Campfire.PostMessageToRoomActionTests" name="Id_CheckExpected" />
    </UnitTest>
    <UnitTest name="ConsumerId_CheckExpected" storage="d:\v2.0\a1\_work\dbded102\bin\release.anycpu\servicehooks.service\ms.vs.services.servicehooks.consumers.l0.tests\ms.vs.services.servicehooks.consumers.l0.tests.dll" priority="1" id="f8efadbd-aa63-64dc-12ca-816163a75891">
      <Execution id="d7dcbf88-4fe1-49b0-aae8-01e795fff006" />
      <TestMethod codeBase="D:\v2.0\A1\_work\dbded102\bin\Release.AnyCPU\ServiceHooks.Service\MS.VS.Services.ServiceHooks.Consumers.L0.Tests\MS.VS.Services.ServiceHooks.Consumers.L0.Tests.dll" adapterTypeName="Microsoft.VisualStudio.TestTools.TestTypes.Unit.UnitTestAdapter" className="MS.VS.Services.ServiceHooks.Consumers.L0.Tests.Campfire.PostMessageToRoomActionTests" name="ConsumerId_CheckExpected" />
    </UnitTest>
    <UnitTest name="Name_CheckExpected" storage="d:\v2.0\a1\_work\dbded102\bin\release.anycpu\servicehooks.service\ms.vs.services.servicehooks.consumers.l0.tests\ms.vs.services.servicehooks.consumers.l0.tests.dll" priority="1" id="feddf1f1-2112-87e6-506b-56e7782a8769">
      <Execution id="8deb7560-8947-4380-a609-b4737f135cc3" />
      <TestMethod codeBase="D:\v2.0\A1\_work\dbded102\bin\Release.AnyCPU\ServiceHooks.Service\MS.VS.Services.ServiceHooks.Consumers.L0.Tests\MS.VS.Services.ServiceHooks.Consumers.L0.Tests.dll" adapterTypeName="Microsoft.VisualStudio.TestTools.TestTypes.Unit.UnitTestAdapter" className="MS.VS.Services.ServiceHooks.Consumers.L0.Tests.Campfire.PostMessageToRoomActionTests" name="Name_CheckExpected" />
    </UnitTest>
    <UnitTest name="Description_CheckExpected" storage="d:\v2.0\a1\_work\dbded102\bin\release.anycpu\servicehooks.service\ms.vs.services.servicehooks.consumers.l0.tests\ms.vs.services.servicehooks.consumers.l0.tests.dll" priority="1" id="14ce8e9f-dd0b-d98f-aae8-b8cb46a53afd">
      <Execution id="4aaaff00-9cdc-4260-b585-93c9250d0582" />
      <TestMethod codeBase="D:\v2.0\A1\_work\dbded102\bin\Release.AnyCPU\ServiceHooks.Service\MS.VS.Services.ServiceHooks.Consumers.L0.Tests\MS.VS.Services.ServiceHooks.Consumers.L0.Tests.dll" adapterTypeName="Microsoft.VisualStudio.TestTools.TestTypes.Unit.UnitTestAdapter" className="MS.VS.Services.ServiceHooks.Consumers.L0.Tests.Campfire.PostMessageToRoomActionTests" name="Description_CheckExpected" />
    </UnitTest>
    <UnitTest name="SupportedEventTypes_CheckExpected" storage="d:\v2.0\a1\_work\dbded102\bin\release.anycpu\servicehooks.service\ms.vs.services.servicehooks.consumers.l0.tests\ms.vs.services.servicehooks.consumers.l0.tests.dll" priority="1" id="266b3ae4-6e7f-f4c1-1bb9-06638264384e">
      <Execution id="e0c4d8e8-42d8-4f50-853d-50fe281c528b" />
      <TestMethod codeBase="D:\v2.0\A1\_work\dbded102\bin\Release.AnyCPU\ServiceHooks.Service\MS.VS.Services.ServiceHooks.Consumers.L0.Tests\MS.VS.Services.ServiceHooks.Consumers.L0.Tests.dll" adapterTypeName="Microsoft.VisualStudio.TestTools.TestTypes.Unit.UnitTestAdapter" className="MS.VS.Services.ServiceHooks.Consumers.L0.Tests.Campfire.PostMessageToRoomActionTests" name="SupportedEventTypes_CheckExpected" />
    </UnitTest>
    <UnitTest name="SupportedResourceVersions_CheckExpected" storage="d:\v2.0\a1\_work\dbded102\bin\release.anycpu\servicehooks.service\ms.vs.services.servicehooks.consumers.l0.tests\ms.vs.services.servicehooks.consumers.l0.tests.dll" priority="1" id="9e699254-4bd9-6562-98a1-15f5fec53511">
      <Execution id="80a4cb79-0220-445a-8a37-3d5a800574ee" />
      <TestMethod codeBase="D:\v2.0\A1\_work\dbded102\bin\Release.AnyCPU\ServiceHooks.Service\MS.VS.Services.ServiceHooks.Consumers.L0.Tests\MS.VS.Services.ServiceHooks.Consumers.L0.Tests.dll" adapterTypeName="Microsoft.VisualStudio.TestTools.TestTypes.Unit.UnitTestAdapter" className="MS.VS.Services.ServiceHooks.Consumers.L0.Tests.Campfire.PostMessageToRoomActionTests" name="SupportedResourceVersions_CheckExpected" />
    </UnitTest>
    <UnitTest name="AllowResourceVersionOverride_CheckExpected" storage="d:\v2.0\a1\_work\dbded102\bin\release.anycpu\servicehooks.service\ms.vs.services.servicehooks.consumers.l0.tests\ms.vs.services.servicehooks.consumers.l0.tests.dll" priority="1" id="9659f509-7a64-6cfd-548f-a6bac3f9e988">
      <Execution id="e7ee2055-b5e1-4ba1-bfd8-fa188e61ce82" />
      <TestMethod codeBase="D:\v2.0\A1\_work\dbded102\bin\Release.AnyCPU\ServiceHooks.Service\MS.VS.Services.ServiceHooks.Consumers.L0.Tests\MS.VS.Services.ServiceHooks.Consumers.L0.Tests.dll" adapterTypeName="Microsoft.VisualStudio.TestTools.TestTypes.Unit.UnitTestAdapter" className="MS.VS.Services.ServiceHooks.Consumers.L0.Tests.Campfire.PostMessageToRoomActionTests" name="AllowResourceVersionOverride_CheckExpected" />
    </UnitTest>
    <UnitTest name="InputDescriptors_CheckExpected" storage="d:\v2.0\a1\_work\dbded102\bin\release.anycpu\servicehooks.service\ms.vs.services.servicehooks.consumers.l0.tests\ms.vs.services.servicehooks.consumers.l0.tests.dll" priority="1" id="25f78969-7ca5-9526-51a5-9024df2a6713">
      <Execution id="63fb2c0f-847f-47fb-95d4-887c4d810139" />
      <TestMethod codeBase="D:\v2.0\A1\_work\dbded102\bin\Release.AnyCPU\ServiceHooks.Service\MS.VS.Services.ServiceHooks.Consumers.L0.Tests\MS.VS.Services.ServiceHooks.Consumers.L0.Tests.dll" adapterTypeName="Microsoft.VisualStudio.TestTools.TestTypes.Unit.UnitTestAdapter" className="MS.VS.Services.ServiceHooks.Consumers.L0.Tests.Campfire.PostMessageToRoomActionTests" name="InputDescriptors_CheckExpected" />
    </UnitTest>
    <UnitTest name="Id_CheckExpected" storage="d:\v2.0\a1\_work\dbded102\bin\release.anycpu\servicehooks.service\ms.vs.services.servicehooks.consumers.l0.tests\ms.vs.services.servicehooks.consumers.l0.tests.dll" priority="1" id="5357e6d0-9095-803b-e2af-a7b9f305373c">
      <Execution id="69979b9f-6781-4c4a-8948-8f831de92378" />
      <TestMethod codeBase="D:\v2.0\A1\_work\dbded102\bin\Release.AnyCPU\ServiceHooks.Service\MS.VS.Services.ServiceHooks.Consumers.L0.Tests\MS.VS.Services.ServiceHooks.Consumers.L0.Tests.dll" adapterTypeName="Microsoft.VisualStudio.TestTools.TestTypes.Unit.UnitTestAdapter" className="MS.VS.Services.ServiceHooks.Consumers.L0.Tests.Bamboo.BambooConsumerTests" name="Id_CheckExpected" />
    </UnitTest>
    <UnitTest name="Name_CheckExpected" storage="d:\v2.0\a1\_work\dbded102\bin\release.anycpu\servicehooks.service\ms.vs.services.servicehooks.consumers.l0.tests\ms.vs.services.servicehooks.consumers.l0.tests.dll" priority="1" id="d2e1917c-2fd0-f776-0bcc-8313d3215d0f">
      <Execution id="d26bf0d6-66e6-41d2-94e4-fb63d8593f92" />
      <TestMethod codeBase="D:\v2.0\A1\_work\dbded102\bin\Release.AnyCPU\ServiceHooks.Service\MS.VS.Services.ServiceHooks.Consumers.L0.Tests\MS.VS.Services.ServiceHooks.Consumers.L0.Tests.dll" adapterTypeName="Microsoft.VisualStudio.TestTools.TestTypes.Unit.UnitTestAdapter" className="MS.VS.Services.ServiceHooks.Consumers.L0.Tests.Bamboo.BambooConsumerTests" name="Name_CheckExpected" />
    </UnitTest>
    <UnitTest name="Description_CheckExpected" storage="d:\v2.0\a1\_work\dbded102\bin\release.anycpu\servicehooks.service\ms.vs.services.servicehooks.consumers.l0.tests\ms.vs.services.servicehooks.consumers.l0.tests.dll" priority="1" id="a49172e2-cb4a-1e08-96ea-a1b5321144a5">
      <Execution id="12ed388f-9f35-4a2d-8f1c-7c80fcbd9fec" />
      <TestMethod codeBase="D:\v2.0\A1\_work\dbded102\bin\Release.AnyCPU\ServiceHooks.Service\MS.VS.Services.ServiceHooks.Consumers.L0.Tests\MS.VS.Services.ServiceHooks.Consumers.L0.Tests.dll" adapterTypeName="Microsoft.VisualStudio.TestTools.TestTypes.Unit.UnitTestAdapter" className="MS.VS.Services.ServiceHooks.Consumers.L0.Tests.Bamboo.BambooConsumerTests" name="Description_CheckExpected" />
    </UnitTest>
    <UnitTest name="InformationUrl_CheckExpected" storage="d:\v2.0\a1\_work\dbded102\bin\release.anycpu\servicehooks.service\ms.vs.services.servicehooks.consumers.l0.tests\ms.vs.services.servicehooks.consumers.l0.tests.dll" priority="1" id="aa00cbe9-9779-327f-4bcb-b72af57f670c">
      <Execution id="34ed6889-aa4d-487f-aa21-2ef16067532a" />
      <TestMethod codeBase="D:\v2.0\A1\_work\dbded102\bin\Release.AnyCPU\ServiceHooks.Service\MS.VS.Services.ServiceHooks.Consumers.L0.Tests\MS.VS.Services.ServiceHooks.Consumers.L0.Tests.dll" adapterTypeName="Microsoft.VisualStudio.TestTools.TestTypes.Unit.UnitTestAdapter" className="MS.VS.Services.ServiceHooks.Consumers.L0.Tests.Bamboo.BambooConsumerTests" name="InformationUrl_CheckExpected" />
    </UnitTest>
    <UnitTest name="ImageUrl_CheckExpected" storage="d:\v2.0\a1\_work\dbded102\bin\release.anycpu\servicehooks.service\ms.vs.services.servicehooks.consumers.l0.tests\ms.vs.services.servicehooks.consumers.l0.tests.dll" priority="1" id="66900daf-960e-e5f5-2b98-a29df542c0a3">
      <Execution id="c3729da8-750c-4139-926e-ccac859a24ae" />
      <TestMethod codeBase="D:\v2.0\A1\_work\dbded102\bin\Release.AnyCPU\ServiceHooks.Service\MS.VS.Services.ServiceHooks.Consumers.L0.Tests\MS.VS.Services.ServiceHooks.Consumers.L0.Tests.dll" adapterTypeName="Microsoft.VisualStudio.TestTools.TestTypes.Unit.UnitTestAdapter" className="MS.VS.Services.ServiceHooks.Consumers.L0.Tests.Bamboo.BambooConsumerTests" name="ImageUrl_CheckExpected" />
    </UnitTest>
    <UnitTest name="AuthenticationType_CheckExpected" storage="d:\v2.0\a1\_work\dbded102\bin\release.anycpu\servicehooks.service\ms.vs.services.servicehooks.consumers.l0.tests\ms.vs.services.servicehooks.consumers.l0.tests.dll" priority="1" id="c6c99973-b48a-1a8d-f10c-a4e1a4a7968b">
      <Execution id="3efaebf4-0773-41f7-ae72-b2b37a9ce0b3" />
      <TestMethod codeBase="D:\v2.0\A1\_work\dbded102\bin\Release.AnyCPU\ServiceHooks.Service\MS.VS.Services.ServiceHooks.Consumers.L0.Tests\MS.VS.Services.ServiceHooks.Consumers.L0.Tests.dll" adapterTypeName="Microsoft.VisualStudio.TestTools.TestTypes.Unit.UnitTestAdapter" className="MS.VS.Services.ServiceHooks.Consumers.L0.Tests.Bamboo.BambooConsumerTests" name="AuthenticationType_CheckExpected" />
    </UnitTest>
    <UnitTest name="ExternalConfiguration_CheckExpected" storage="d:\v2.0\a1\_work\dbded102\bin\release.anycpu\servicehooks.service\ms.vs.services.servicehooks.consumers.l0.tests\ms.vs.services.servicehooks.consumers.l0.tests.dll" priority="1" id="5c69b05d-7c97-f4f1-8ae9-1ac9637a64cc">
      <Execution id="bb774df5-4ae2-45ac-ac1d-6a87903083b0" />
      <TestMethod codeBase="D:\v2.0\A1\_work\dbded102\bin\Release.AnyCPU\ServiceHooks.Service\MS.VS.Services.ServiceHooks.Consumers.L0.Tests\MS.VS.Services.ServiceHooks.Consumers.L0.Tests.dll" adapterTypeName="Microsoft.VisualStudio.TestTools.TestTypes.Unit.UnitTestAdapter" className="MS.VS.Services.ServiceHooks.Consumers.L0.Tests.Bamboo.BambooConsumerTests" name="ExternalConfiguration_CheckExpected" />
    </UnitTest>
    <UnitTest name="InputDescriptors_CheckExpected" storage="d:\v2.0\a1\_work\dbded102\bin\release.anycpu\servicehooks.service\ms.vs.services.servicehooks.consumers.l0.tests\ms.vs.services.servicehooks.consumers.l0.tests.dll" priority="1" id="c5b8b320-11a4-40cd-2232-819bfc0fabac">
      <Execution id="953d432c-c124-4b3b-93ef-3feaf105bcf4" />
      <TestMethod codeBase="D:\v2.0\A1\_work\dbded102\bin\Release.AnyCPU\ServiceHooks.Service\MS.VS.Services.ServiceHooks.Consumers.L0.Tests\MS.VS.Services.ServiceHooks.Consumers.L0.Tests.dll" adapterTypeName="Microsoft.VisualStudio.TestTools.TestTypes.Unit.UnitTestAdapter" className="MS.VS.Services.ServiceHooks.Consumers.L0.Tests.Bamboo.BambooConsumerTests" name="InputDescriptors_CheckExpected" />
    </UnitTest>
    <UnitTest name="FeatureName_CheckExpected" storage="d:\v2.0\a1\_work\dbded102\bin\release.anycpu\servicehooks.service\ms.vs.services.servicehooks.consumers.l0.tests\ms.vs.services.servicehooks.consumers.l0.tests.dll" priority="1" id="f2560246-36e5-1215-f360-61b2666df317">
      <Execution id="d233a3ac-0193-4a97-b864-60872cd91c4f" />
      <TestMethod codeBase="D:\v2.0\A1\_work\dbded102\bin\Release.AnyCPU\ServiceHooks.Service\MS.VS.Services.ServiceHooks.Consumers.L0.Tests\MS.VS.Services.ServiceHooks.Consumers.L0.Tests.dll" adapterTypeName="Microsoft.VisualStudio.TestTools.TestTypes.Unit.UnitTestAdapter" className="MS.VS.Services.ServiceHooks.Consumers.L0.Tests.Bamboo.BambooConsumerTests" name="FeatureName_CheckExpected" />
    </UnitTest>
    <UnitTest name="BambooGetActionDescription_ShouldReturnDescriptionWithBambooHostAndBuild" storage="d:\v2.0\a1\_work\dbded102\bin\release.anycpu\servicehooks.service\ms.vs.services.servicehooks.consumers.l0.tests\ms.vs.services.servicehooks.consumers.l0.tests.dll" priority="1" id="f7e4a2a7-de00-ea38-1962-1d2a1deec714">
      <Owners>
        <Owner name="v-bruca" />
      </Owners>
      <Execution id="cf7e461c-60f4-437d-ade7-749f0b7411e2" />
      <TestMethod codeBase="D:\v2.0\A1\_work\dbded102\bin\Release.AnyCPU\ServiceHooks.Service\MS.VS.Services.ServiceHooks.Consumers.L0.Tests\MS.VS.Services.ServiceHooks.Consumers.L0.Tests.dll" adapterTypeName="Microsoft.VisualStudio.TestTools.TestTypes.Unit.UnitTestAdapter" className="MS.VS.Services.ServiceHooks.Consumers.L0.Tests.Bamboo.QueueBuildActionTest" name="BambooGetActionDescription_ShouldReturnDescriptionWithBambooHostAndBuild" />
    </UnitTest>
    <UnitTest name="BambooGetInputValues_UnknownInputId_ShouldReturnNull" storage="d:\v2.0\a1\_work\dbded102\bin\release.anycpu\servicehooks.service\ms.vs.services.servicehooks.consumers.l0.tests\ms.vs.services.servicehooks.consumers.l0.tests.dll" priority="1" id="462753c0-4cc1-adb3-1252-6bf05ffd1617">
      <Owners>
        <Owner name="v-bruca" />
      </Owners>
      <Execution id="6cf4d90a-3793-409a-9022-f6317ee6aeb9" />
      <TestMethod codeBase="D:\v2.0\A1\_work\dbded102\bin\Release.AnyCPU\ServiceHooks.Service\MS.VS.Services.ServiceHooks.Consumers.L0.Tests\MS.VS.Services.ServiceHooks.Consumers.L0.Tests.dll" adapterTypeName="Microsoft.VisualStudio.TestTools.TestTypes.Unit.UnitTestAdapter" className="MS.VS.Services.ServiceHooks.Consumers.L0.Tests.Bamboo.QueueBuildActionTest" name="BambooGetInputValues_UnknownInputId_ShouldReturnNull" />
    </UnitTest>
    <UnitTest name="BambooGetInputValues_QueryingPlanNameWithMissingRequiredInputs_ShouldReturnDefaultCombo" storage="d:\v2.0\a1\_work\dbded102\bin\release.anycpu\servicehooks.service\ms.vs.services.servicehooks.consumers.l0.tests\ms.vs.services.servicehooks.consumers.l0.tests.dll" priority="1" id="8fa831e7-09bb-030b-452f-b330ec3936e0">
      <Owners>
        <Owner name="v-bruca" />
      </Owners>
      <Execution id="2671870a-680c-4ea8-8b63-2d198247ac9c" />
      <TestMethod codeBase="D:\v2.0\A1\_work\dbded102\bin\Release.AnyCPU\ServiceHooks.Service\MS.VS.Services.ServiceHooks.Consumers.L0.Tests\MS.VS.Services.ServiceHooks.Consumers.L0.Tests.dll" adapterTypeName="Microsoft.VisualStudio.TestTools.TestTypes.Unit.UnitTestAdapter" className="MS.VS.Services.ServiceHooks.Consumers.L0.Tests.Bamboo.QueueBuildActionTest" name="BambooGetInputValues_QueryingPlanNameWithMissingRequiredInputs_ShouldReturnDefaultCombo" />
    </UnitTest>
    <UnitTest name="BambooGetInputValues_QueryingBuildValuesWithInputsOk_ShouldReturnComboWithPlans" storage="d:\v2.0\a1\_work\dbded102\bin\release.anycpu\servicehooks.service\ms.vs.services.servicehooks.consumers.l0.tests\ms.vs.services.servicehooks.consumers.l0.tests.dll" priority="1" id="74737b68-20da-0234-9b64-b5c6d1799f5c">
      <Owners>
        <Owner name="v-bruca" />
      </Owners>
      <Execution id="f0ca0c75-df10-4fea-b067-6e663f5ae80a" />
      <TestMethod codeBase="D:\v2.0\A1\_work\dbded102\bin\Release.AnyCPU\ServiceHooks.Service\MS.VS.Services.ServiceHooks.Consumers.L0.Tests\MS.VS.Services.ServiceHooks.Consumers.L0.Tests.dll" adapterTypeName="Microsoft.VisualStudio.TestTools.TestTypes.Unit.UnitTestAdapter" className="MS.VS.Services.ServiceHooks.Consumers.L0.Tests.Bamboo.QueueBuildActionTest" name="BambooGetInputValues_QueryingBuildValuesWithInputsOk_ShouldReturnComboWithPlans" />
    </UnitTest>
    <UnitTest name="BambooGetInputValues_QueryingPlanValuesWithInvalidCredentials_ShouldReturnComboWithErrorMessageNotAuthorized" storage="d:\v2.0\a1\_work\dbded102\bin\release.anycpu\servicehooks.service\ms.vs.services.servicehooks.consumers.l0.tests\ms.vs.services.servicehooks.consumers.l0.tests.dll" priority="1" id="6073fde3-9213-ae75-d790-9754d1fc5c40">
      <Owners>
        <Owner name="v-bruca" />
      </Owners>
      <Execution id="6ca6cf29-cf43-4792-8bdc-c9054108f4e5" />
      <TestMethod codeBase="D:\v2.0\A1\_work\dbded102\bin\Release.AnyCPU\ServiceHooks.Service\MS.VS.Services.ServiceHooks.Consumers.L0.Tests\MS.VS.Services.ServiceHooks.Consumers.L0.Tests.dll" adapterTypeName="Microsoft.VisualStudio.TestTools.TestTypes.Unit.UnitTestAdapter" className="MS.VS.Services.ServiceHooks.Consumers.L0.Tests.Bamboo.QueueBuildActionTest" name="BambooGetInputValues_QueryingPlanValuesWithInvalidCredentials_ShouldReturnComboWithErrorMessageNotAuthorized" />
    </UnitTest>
    <UnitTest name="BambooGetInputValues_QueryingBuildValuesWithErrorInBamboo_ShouldReturnDefaultCombo" storage="d:\v2.0\a1\_work\dbded102\bin\release.anycpu\servicehooks.service\ms.vs.services.servicehooks.consumers.l0.tests\ms.vs.services.servicehooks.consumers.l0.tests.dll" priority="1" id="1ebaa319-402e-ecd8-cf81-940529d16d9e">
      <Owners>
        <Owner name="v-bruca" />
      </Owners>
      <Execution id="c504a2ce-539a-45c9-9c5d-8c148223dd68" />
      <TestMethod codeBase="D:\v2.0\A1\_work\dbded102\bin\Release.AnyCPU\ServiceHooks.Service\MS.VS.Services.ServiceHooks.Consumers.L0.Tests\MS.VS.Services.ServiceHooks.Consumers.L0.Tests.dll" adapterTypeName="Microsoft.VisualStudio.TestTools.TestTypes.Unit.UnitTestAdapter" className="MS.VS.Services.ServiceHooks.Consumers.L0.Tests.Bamboo.QueueBuildActionTest" name="BambooGetInputValues_QueryingBuildValuesWithErrorInBamboo_ShouldReturnDefaultCombo" />
    </UnitTest>
    <UnitTest name="Id_CheckExpected" storage="d:\v2.0\a1\_work\dbded102\bin\release.anycpu\servicehooks.service\ms.vs.services.servicehooks.consumers.l0.tests\ms.vs.services.servicehooks.consumers.l0.tests.dll" priority="1" id="6a24be21-827c-f804-3abb-dfa45fa0308b">
      <Execution id="a892206b-073c-463f-af4f-4bf816eb209e" />
      <TestMethod codeBase="D:\v2.0\A1\_work\dbded102\bin\Release.AnyCPU\ServiceHooks.Service\MS.VS.Services.ServiceHooks.Consumers.L0.Tests\MS.VS.Services.ServiceHooks.Consumers.L0.Tests.dll" adapterTypeName="Microsoft.VisualStudio.TestTools.TestTypes.Unit.UnitTestAdapter" className="MS.VS.Services.ServiceHooks.Consumers.L0.Tests.Bamboo.QueueBuildActionTest" name="Id_CheckExpected" />
    </UnitTest>
    <UnitTest name="ConsumerId_CheckExpected" storage="d:\v2.0\a1\_work\dbded102\bin\release.anycpu\servicehooks.service\ms.vs.services.servicehooks.consumers.l0.tests\ms.vs.services.servicehooks.consumers.l0.tests.dll" priority="1" id="3c90498d-141c-3b0e-16de-ba8961de4141">
      <Execution id="ae43e270-1fdb-4008-a94d-260b6f767113" />
      <TestMethod codeBase="D:\v2.0\A1\_work\dbded102\bin\Release.AnyCPU\ServiceHooks.Service\MS.VS.Services.ServiceHooks.Consumers.L0.Tests\MS.VS.Services.ServiceHooks.Consumers.L0.Tests.dll" adapterTypeName="Microsoft.VisualStudio.TestTools.TestTypes.Unit.UnitTestAdapter" className="MS.VS.Services.ServiceHooks.Consumers.L0.Tests.Bamboo.QueueBuildActionTest" name="ConsumerId_CheckExpected" />
    </UnitTest>
    <UnitTest name="Name_CheckExpected" storage="d:\v2.0\a1\_work\dbded102\bin\release.anycpu\servicehooks.service\ms.vs.services.servicehooks.consumers.l0.tests\ms.vs.services.servicehooks.consumers.l0.tests.dll" priority="1" id="31f57562-33ee-a5ac-3396-1168c4505402">
      <Execution id="482892ef-9fa3-4153-98a2-864103a54d13" />
      <TestMethod codeBase="D:\v2.0\A1\_work\dbded102\bin\Release.AnyCPU\ServiceHooks.Service\MS.VS.Services.ServiceHooks.Consumers.L0.Tests\MS.VS.Services.ServiceHooks.Consumers.L0.Tests.dll" adapterTypeName="Microsoft.VisualStudio.TestTools.TestTypes.Unit.UnitTestAdapter" className="MS.VS.Services.ServiceHooks.Consumers.L0.Tests.Bamboo.QueueBuildActionTest" name="Name_CheckExpected" />
    </UnitTest>
    <UnitTest name="Description_CheckExpected" storage="d:\v2.0\a1\_work\dbded102\bin\release.anycpu\servicehooks.service\ms.vs.services.servicehooks.consumers.l0.tests\ms.vs.services.servicehooks.consumers.l0.tests.dll" priority="1" id="867d7e11-0da7-bab8-2ad9-ca5a5e33f4f1">
      <Execution id="34cafa41-b00a-44d9-8792-7ba2bd25ccf8" />
      <TestMethod codeBase="D:\v2.0\A1\_work\dbded102\bin\Release.AnyCPU\ServiceHooks.Service\MS.VS.Services.ServiceHooks.Consumers.L0.Tests\MS.VS.Services.ServiceHooks.Consumers.L0.Tests.dll" adapterTypeName="Microsoft.VisualStudio.TestTools.TestTypes.Unit.UnitTestAdapter" className="MS.VS.Services.ServiceHooks.Consumers.L0.Tests.Bamboo.QueueBuildActionTest" name="Description_CheckExpected" />
    </UnitTest>
    <UnitTest name="SupportedEventTypes_CheckExpected" storage="d:\v2.0\a1\_work\dbded102\bin\release.anycpu\servicehooks.service\ms.vs.services.servicehooks.consumers.l0.tests\ms.vs.services.servicehooks.consumers.l0.tests.dll" priority="1" id="430178c1-164d-e773-6d9f-dfbd7b3c0f9a">
      <Execution id="0cde95d0-9874-4258-a29d-f80d0b51bda8" />
      <TestMethod codeBase="D:\v2.0\A1\_work\dbded102\bin\Release.AnyCPU\ServiceHooks.Service\MS.VS.Services.ServiceHooks.Consumers.L0.Tests\MS.VS.Services.ServiceHooks.Consumers.L0.Tests.dll" adapterTypeName="Microsoft.VisualStudio.TestTools.TestTypes.Unit.UnitTestAdapter" className="MS.VS.Services.ServiceHooks.Consumers.L0.Tests.Bamboo.QueueBuildActionTest" name="SupportedEventTypes_CheckExpected" />
    </UnitTest>
    <UnitTest name="SupportedResourceVersions_CheckExpected" storage="d:\v2.0\a1\_work\dbded102\bin\release.anycpu\servicehooks.service\ms.vs.services.servicehooks.consumers.l0.tests\ms.vs.services.servicehooks.consumers.l0.tests.dll" priority="1" id="5280841c-b82b-bd2a-fedb-ef852cc353ad">
      <Execution id="94c9b6f7-f604-4eee-9f24-117e41289ff6" />
      <TestMethod codeBase="D:\v2.0\A1\_work\dbded102\bin\Release.AnyCPU\ServiceHooks.Service\MS.VS.Services.ServiceHooks.Consumers.L0.Tests\MS.VS.Services.ServiceHooks.Consumers.L0.Tests.dll" adapterTypeName="Microsoft.VisualStudio.TestTools.TestTypes.Unit.UnitTestAdapter" className="MS.VS.Services.ServiceHooks.Consumers.L0.Tests.Bamboo.QueueBuildActionTest" name="SupportedResourceVersions_CheckExpected" />
    </UnitTest>
    <UnitTest name="AllowResourceVersionOverride_CheckExpected" storage="d:\v2.0\a1\_work\dbded102\bin\release.anycpu\servicehooks.service\ms.vs.services.servicehooks.consumers.l0.tests\ms.vs.services.servicehooks.consumers.l0.tests.dll" priority="1" id="51f262a9-7e11-9bd2-6cea-09bdbb581980">
      <Execution id="41fa4482-7241-4f4e-965f-3c635a4e11cd" />
      <TestMethod codeBase="D:\v2.0\A1\_work\dbded102\bin\Release.AnyCPU\ServiceHooks.Service\MS.VS.Services.ServiceHooks.Consumers.L0.Tests\MS.VS.Services.ServiceHooks.Consumers.L0.Tests.dll" adapterTypeName="Microsoft.VisualStudio.TestTools.TestTypes.Unit.UnitTestAdapter" className="MS.VS.Services.ServiceHooks.Consumers.L0.Tests.Bamboo.QueueBuildActionTest" name="AllowResourceVersionOverride_CheckExpected" />
    </UnitTest>
    <UnitTest name="InputDescriptors_CheckExpected" storage="d:\v2.0\a1\_work\dbded102\bin\release.anycpu\servicehooks.service\ms.vs.services.servicehooks.consumers.l0.tests\ms.vs.services.servicehooks.consumers.l0.tests.dll" priority="1" id="a30995de-318d-5394-c1bf-6ffd75d1e736">
      <Execution id="d6377d3b-8d85-46d8-a58e-82455286f0ee" />
      <TestMethod codeBase="D:\v2.0\A1\_work\dbded102\bin\Release.AnyCPU\ServiceHooks.Service\MS.VS.Services.ServiceHooks.Consumers.L0.Tests\MS.VS.Services.ServiceHooks.Consumers.L0.Tests.dll" adapterTypeName="Microsoft.VisualStudio.TestTools.TestTypes.Unit.UnitTestAdapter" className="MS.VS.Services.ServiceHooks.Consumers.L0.Tests.Bamboo.QueueBuildActionTest" name="InputDescriptors_CheckExpected" />
    </UnitTest>
    <UnitTest name="GetSessionTokenConfigurationDescriptor_CheckDescriptor" storage="d:\v2.0\a1\_work\dbded102\bin\release.anycpu\servicehooks.service\ms.vs.services.servicehooks.consumers.l0.tests\ms.vs.services.servicehooks.consumers.l0.tests.dll" priority="1" id="52ebb3fc-eecb-3cb0-b5d0-f9f9afdb6d9c">
      <Owners>
        <Owner name="v-bruca" />
      </Owners>
      <Execution id="bf97310c-7c43-4616-8c1d-1c9761bd6863" />
      <TestMethod codeBase="D:\v2.0\A1\_work\dbded102\bin\Release.AnyCPU\ServiceHooks.Service\MS.VS.Services.ServiceHooks.Consumers.L0.Tests\MS.VS.Services.ServiceHooks.Consumers.L0.Tests.dll" adapterTypeName="Microsoft.VisualStudio.TestTools.TestTypes.Unit.UnitTestAdapter" className="MS.VS.Services.ServiceHooks.Consumers.L0.Tests.WebHooks.AppServiceDeployWebAppActionTests" name="GetSessionTokenConfigurationDescriptor_CheckDescriptor" />
    </UnitTest>
    <UnitTest name="Id_CheckExpected" storage="d:\v2.0\a1\_work\dbded102\bin\release.anycpu\servicehooks.service\ms.vs.services.servicehooks.consumers.l0.tests\ms.vs.services.servicehooks.consumers.l0.tests.dll" priority="1" id="3194524f-4056-54ba-81cd-b85b91f932ae">
      <Execution id="e7aa3509-914c-43d6-a2f5-b366f2cf03d1" />
      <TestMethod codeBase="D:\v2.0\A1\_work\dbded102\bin\Release.AnyCPU\ServiceHooks.Service\MS.VS.Services.ServiceHooks.Consumers.L0.Tests\MS.VS.Services.ServiceHooks.Consumers.L0.Tests.dll" adapterTypeName="Microsoft.VisualStudio.TestTools.TestTypes.Unit.UnitTestAdapter" className="MS.VS.Services.ServiceHooks.Consumers.L0.Tests.WebHooks.AppServiceDeployWebAppActionTests" name="Id_CheckExpected" />
    </UnitTest>
    <UnitTest name="ConsumerId_CheckExpected" storage="d:\v2.0\a1\_work\dbded102\bin\release.anycpu\servicehooks.service\ms.vs.services.servicehooks.consumers.l0.tests\ms.vs.services.servicehooks.consumers.l0.tests.dll" priority="1" id="7da4ddbf-db82-119d-62ad-100bb95138ae">
      <Execution id="f2c76310-6198-4a46-af42-8dcfb54ddc4d" />
      <TestMethod codeBase="D:\v2.0\A1\_work\dbded102\bin\Release.AnyCPU\ServiceHooks.Service\MS.VS.Services.ServiceHooks.Consumers.L0.Tests\MS.VS.Services.ServiceHooks.Consumers.L0.Tests.dll" adapterTypeName="Microsoft.VisualStudio.TestTools.TestTypes.Unit.UnitTestAdapter" className="MS.VS.Services.ServiceHooks.Consumers.L0.Tests.WebHooks.AppServiceDeployWebAppActionTests" name="ConsumerId_CheckExpected" />
    </UnitTest>
    <UnitTest name="Name_CheckExpected" storage="d:\v2.0\a1\_work\dbded102\bin\release.anycpu\servicehooks.service\ms.vs.services.servicehooks.consumers.l0.tests\ms.vs.services.servicehooks.consumers.l0.tests.dll" priority="1" id="012d4ea8-491b-3b1b-17bf-22f6dc606df1">
      <Execution id="5443dd43-5b84-41a6-86db-c7959d34f6a6" />
      <TestMethod codeBase="D:\v2.0\A1\_work\dbded102\bin\Release.AnyCPU\ServiceHooks.Service\MS.VS.Services.ServiceHooks.Consumers.L0.Tests\MS.VS.Services.ServiceHooks.Consumers.L0.Tests.dll" adapterTypeName="Microsoft.VisualStudio.TestTools.TestTypes.Unit.UnitTestAdapter" className="MS.VS.Services.ServiceHooks.Consumers.L0.Tests.WebHooks.AppServiceDeployWebAppActionTests" name="Name_CheckExpected" />
    </UnitTest>
    <UnitTest name="Description_CheckExpected" storage="d:\v2.0\a1\_work\dbded102\bin\release.anycpu\servicehooks.service\ms.vs.services.servicehooks.consumers.l0.tests\ms.vs.services.servicehooks.consumers.l0.tests.dll" priority="1" id="ec67303c-753d-8804-cc15-97c700c535ea">
      <Execution id="67c35a60-3f5d-4119-bb97-e6fdd2935132" />
      <TestMethod codeBase="D:\v2.0\A1\_work\dbded102\bin\Release.AnyCPU\ServiceHooks.Service\MS.VS.Services.ServiceHooks.Consumers.L0.Tests\MS.VS.Services.ServiceHooks.Consumers.L0.Tests.dll" adapterTypeName="Microsoft.VisualStudio.TestTools.TestTypes.Unit.UnitTestAdapter" className="MS.VS.Services.ServiceHooks.Consumers.L0.Tests.WebHooks.AppServiceDeployWebAppActionTests" name="Description_CheckExpected" />
    </UnitTest>
    <UnitTest name="SupportedEventTypes_CheckExpected" storage="d:\v2.0\a1\_work\dbded102\bin\release.anycpu\servicehooks.service\ms.vs.services.servicehooks.consumers.l0.tests\ms.vs.services.servicehooks.consumers.l0.tests.dll" priority="1" id="373028b9-3072-e9ef-26b0-524aabd27bc0">
      <Execution id="5d732efe-4d90-45e1-a002-225087331ece" />
      <TestMethod codeBase="D:\v2.0\A1\_work\dbded102\bin\Release.AnyCPU\ServiceHooks.Service\MS.VS.Services.ServiceHooks.Consumers.L0.Tests\MS.VS.Services.ServiceHooks.Consumers.L0.Tests.dll" adapterTypeName="Microsoft.VisualStudio.TestTools.TestTypes.Unit.UnitTestAdapter" className="MS.VS.Services.ServiceHooks.Consumers.L0.Tests.WebHooks.AppServiceDeployWebAppActionTests" name="SupportedEventTypes_CheckExpected" />
    </UnitTest>
    <UnitTest name="SupportedResourceVersions_CheckExpected" storage="d:\v2.0\a1\_work\dbded102\bin\release.anycpu\servicehooks.service\ms.vs.services.servicehooks.consumers.l0.tests\ms.vs.services.servicehooks.consumers.l0.tests.dll" priority="1" id="3871ed78-3afe-803f-82d9-02fd9b6a557d">
      <Execution id="4ca988f9-de34-4ed9-836f-8123f2004234" />
      <TestMethod codeBase="D:\v2.0\A1\_work\dbded102\bin\Release.AnyCPU\ServiceHooks.Service\MS.VS.Services.ServiceHooks.Consumers.L0.Tests\MS.VS.Services.ServiceHooks.Consumers.L0.Tests.dll" adapterTypeName="Microsoft.VisualStudio.TestTools.TestTypes.Unit.UnitTestAdapter" className="MS.VS.Services.ServiceHooks.Consumers.L0.Tests.WebHooks.AppServiceDeployWebAppActionTests" name="SupportedResourceVersions_CheckExpected" />
    </UnitTest>
    <UnitTest name="AllowResourceVersionOverride_CheckExpected" storage="d:\v2.0\a1\_work\dbded102\bin\release.anycpu\servicehooks.service\ms.vs.services.servicehooks.consumers.l0.tests\ms.vs.services.servicehooks.consumers.l0.tests.dll" priority="1" id="be1c598f-9918-b35d-4ae2-4e0031814dcd">
      <Execution id="ab67d40c-2d28-4b9a-9091-25a2aa8e30ae" />
      <TestMethod codeBase="D:\v2.0\A1\_work\dbded102\bin\Release.AnyCPU\ServiceHooks.Service\MS.VS.Services.ServiceHooks.Consumers.L0.Tests\MS.VS.Services.ServiceHooks.Consumers.L0.Tests.dll" adapterTypeName="Microsoft.VisualStudio.TestTools.TestTypes.Unit.UnitTestAdapter" className="MS.VS.Services.ServiceHooks.Consumers.L0.Tests.WebHooks.AppServiceDeployWebAppActionTests" name="AllowResourceVersionOverride_CheckExpected" />
    </UnitTest>
    <UnitTest name="InputDescriptors_CheckExpected" storage="d:\v2.0\a1\_work\dbded102\bin\release.anycpu\servicehooks.service\ms.vs.services.servicehooks.consumers.l0.tests\ms.vs.services.servicehooks.consumers.l0.tests.dll" priority="1" id="e72bb4c8-d1a9-d7bc-9837-7e3210c66292">
      <Execution id="5282c913-5ec6-4f29-913b-16fdfbb9b092" />
      <TestMethod codeBase="D:\v2.0\A1\_work\dbded102\bin\Release.AnyCPU\ServiceHooks.Service\MS.VS.Services.ServiceHooks.Consumers.L0.Tests\MS.VS.Services.ServiceHooks.Consumers.L0.Tests.dll" adapterTypeName="Microsoft.VisualStudio.TestTools.TestTypes.Unit.UnitTestAdapter" className="MS.VS.Services.ServiceHooks.Consumers.L0.Tests.WebHooks.AppServiceDeployWebAppActionTests" name="InputDescriptors_CheckExpected" />
    </UnitTest>
    <UnitTest name="Id_CheckExpected" storage="d:\v2.0\a1\_work\dbded102\bin\release.anycpu\servicehooks.service\ms.vs.services.servicehooks.consumers.l0.tests\ms.vs.services.servicehooks.consumers.l0.tests.dll" priority="1" id="adf233f4-5ad3-8f22-386e-fb1465aadeca">
      <Execution id="c9ab6a32-233b-4b83-ae00-21dc5be03d01" />
      <TestMethod codeBase="D:\v2.0\A1\_work\dbded102\bin\Release.AnyCPU\ServiceHooks.Service\MS.VS.Services.ServiceHooks.Consumers.L0.Tests\MS.VS.Services.ServiceHooks.Consumers.L0.Tests.dll" adapterTypeName="Microsoft.VisualStudio.TestTools.TestTypes.Unit.UnitTestAdapter" className="MS.VS.Services.ServiceHooks.Consumers.L0.Tests.WebHooks.HttpRequestActionTests" name="Id_CheckExpected" />
    </UnitTest>
    <UnitTest name="ConsumerId_CheckExpected" storage="d:\v2.0\a1\_work\dbded102\bin\release.anycpu\servicehooks.service\ms.vs.services.servicehooks.consumers.l0.tests\ms.vs.services.servicehooks.consumers.l0.tests.dll" priority="1" id="66ea0c63-9e96-bcec-08bd-1256f63f6aea">
      <Execution id="f2512e3c-e9a8-4b20-969c-6b1220fdef11" />
      <TestMethod codeBase="D:\v2.0\A1\_work\dbded102\bin\Release.AnyCPU\ServiceHooks.Service\MS.VS.Services.ServiceHooks.Consumers.L0.Tests\MS.VS.Services.ServiceHooks.Consumers.L0.Tests.dll" adapterTypeName="Microsoft.VisualStudio.TestTools.TestTypes.Unit.UnitTestAdapter" className="MS.VS.Services.ServiceHooks.Consumers.L0.Tests.WebHooks.HttpRequestActionTests" name="ConsumerId_CheckExpected" />
    </UnitTest>
    <UnitTest name="Name_CheckExpected" storage="d:\v2.0\a1\_work\dbded102\bin\release.anycpu\servicehooks.service\ms.vs.services.servicehooks.consumers.l0.tests\ms.vs.services.servicehooks.consumers.l0.tests.dll" priority="1" id="156e3638-9aa5-fb1d-b234-75c23c182f0b">
      <Execution id="16b2d322-5e73-4a73-aaca-788d14e49da4" />
      <TestMethod codeBase="D:\v2.0\A1\_work\dbded102\bin\Release.AnyCPU\ServiceHooks.Service\MS.VS.Services.ServiceHooks.Consumers.L0.Tests\MS.VS.Services.ServiceHooks.Consumers.L0.Tests.dll" adapterTypeName="Microsoft.VisualStudio.TestTools.TestTypes.Unit.UnitTestAdapter" className="MS.VS.Services.ServiceHooks.Consumers.L0.Tests.WebHooks.HttpRequestActionTests" name="Name_CheckExpected" />
    </UnitTest>
    <UnitTest name="Description_CheckExpected" storage="d:\v2.0\a1\_work\dbded102\bin\release.anycpu\servicehooks.service\ms.vs.services.servicehooks.consumers.l0.tests\ms.vs.services.servicehooks.consumers.l0.tests.dll" priority="1" id="5826e68a-ef8e-22a4-9e03-fb90d69b0ffb">
      <Execution id="fe8f2119-7188-43e9-bd7a-4c4abb4f3ff9" />
      <TestMethod codeBase="D:\v2.0\A1\_work\dbded102\bin\Release.AnyCPU\ServiceHooks.Service\MS.VS.Services.ServiceHooks.Consumers.L0.Tests\MS.VS.Services.ServiceHooks.Consumers.L0.Tests.dll" adapterTypeName="Microsoft.VisualStudio.TestTools.TestTypes.Unit.UnitTestAdapter" className="MS.VS.Services.ServiceHooks.Consumers.L0.Tests.WebHooks.HttpRequestActionTests" name="Description_CheckExpected" />
    </UnitTest>
    <UnitTest name="SupportedEventTypes_CheckExpected" storage="d:\v2.0\a1\_work\dbded102\bin\release.anycpu\servicehooks.service\ms.vs.services.servicehooks.consumers.l0.tests\ms.vs.services.servicehooks.consumers.l0.tests.dll" priority="1" id="e2394671-fc96-f8ee-bb61-dba63f378846">
      <Execution id="392b8ddc-af75-4a49-a29c-13a85fe1511b" />
      <TestMethod codeBase="D:\v2.0\A1\_work\dbded102\bin\Release.AnyCPU\ServiceHooks.Service\MS.VS.Services.ServiceHooks.Consumers.L0.Tests\MS.VS.Services.ServiceHooks.Consumers.L0.Tests.dll" adapterTypeName="Microsoft.VisualStudio.TestTools.TestTypes.Unit.UnitTestAdapter" className="MS.VS.Services.ServiceHooks.Consumers.L0.Tests.WebHooks.HttpRequestActionTests" name="SupportedEventTypes_CheckExpected" />
    </UnitTest>
    <UnitTest name="SupportedResourceVersions_CheckExpected" storage="d:\v2.0\a1\_work\dbded102\bin\release.anycpu\servicehooks.service\ms.vs.services.servicehooks.consumers.l0.tests\ms.vs.services.servicehooks.consumers.l0.tests.dll" priority="1" id="c0753c68-4452-3b2c-063c-b9af92d3a2df">
      <Execution id="d7b20107-5e2a-4e6e-914e-d11a24f293e9" />
      <TestMethod codeBase="D:\v2.0\A1\_work\dbded102\bin\Release.AnyCPU\ServiceHooks.Service\MS.VS.Services.ServiceHooks.Consumers.L0.Tests\MS.VS.Services.ServiceHooks.Consumers.L0.Tests.dll" adapterTypeName="Microsoft.VisualStudio.TestTools.TestTypes.Unit.UnitTestAdapter" className="MS.VS.Services.ServiceHooks.Consumers.L0.Tests.WebHooks.HttpRequestActionTests" name="SupportedResourceVersions_CheckExpected" />
    </UnitTest>
    <UnitTest name="AllowResourceVersionOverride_CheckExpected" storage="d:\v2.0\a1\_work\dbded102\bin\release.anycpu\servicehooks.service\ms.vs.services.servicehooks.consumers.l0.tests\ms.vs.services.servicehooks.consumers.l0.tests.dll" priority="1" id="518b176e-3885-716c-28d4-2a952dc5a3c4">
      <Execution id="2cfac76b-39b1-42c5-85e6-f35da103dc90" />
      <TestMethod codeBase="D:\v2.0\A1\_work\dbded102\bin\Release.AnyCPU\ServiceHooks.Service\MS.VS.Services.ServiceHooks.Consumers.L0.Tests\MS.VS.Services.ServiceHooks.Consumers.L0.Tests.dll" adapterTypeName="Microsoft.VisualStudio.TestTools.TestTypes.Unit.UnitTestAdapter" className="MS.VS.Services.ServiceHooks.Consumers.L0.Tests.WebHooks.HttpRequestActionTests" name="AllowResourceVersionOverride_CheckExpected" />
    </UnitTest>
    <UnitTest name="InputDescriptors_CheckExpected" storage="d:\v2.0\a1\_work\dbded102\bin\release.anycpu\servicehooks.service\ms.vs.services.servicehooks.consumers.l0.tests\ms.vs.services.servicehooks.consumers.l0.tests.dll" priority="1" id="2d2cdcf3-7548-7540-c92d-81f0b3da2217">
      <Execution id="94310a73-c642-4c3b-95a5-280537d17114" />
      <TestMethod codeBase="D:\v2.0\A1\_work\dbded102\bin\Release.AnyCPU\ServiceHooks.Service\MS.VS.Services.ServiceHooks.Consumers.L0.Tests\MS.VS.Services.ServiceHooks.Consumers.L0.Tests.dll" adapterTypeName="Microsoft.VisualStudio.TestTools.TestTypes.Unit.UnitTestAdapter" className="MS.VS.Services.ServiceHooks.Consumers.L0.Tests.WebHooks.HttpRequestActionTests" name="InputDescriptors_CheckExpected" />
    </UnitTest>
    <UnitTest name="Id_CheckExpected" storage="d:\v2.0\a1\_work\dbded102\bin\release.anycpu\servicehooks.service\ms.vs.services.servicehooks.consumers.l0.tests\ms.vs.services.servicehooks.consumers.l0.tests.dll" priority="1" id="8c74e947-e5cd-e842-f8cf-e89e9416d4a5">
      <Execution id="cbd6d031-d451-4fcc-86e9-6a57aac9b830" />
      <TestMethod codeBase="D:\v2.0\A1\_work\dbded102\bin\Release.AnyCPU\ServiceHooks.Service\MS.VS.Services.ServiceHooks.Consumers.L0.Tests\MS.VS.Services.ServiceHooks.Consumers.L0.Tests.dll" adapterTypeName="Microsoft.VisualStudio.TestTools.TestTypes.Unit.UnitTestAdapter" className="MS.VS.Services.ServiceHooks.Consumers.L0.Tests.WebHooks.WebHooksConsumerTests" name="Id_CheckExpected" />
    </UnitTest>
    <UnitTest name="Name_CheckExpected" storage="d:\v2.0\a1\_work\dbded102\bin\release.anycpu\servicehooks.service\ms.vs.services.servicehooks.consumers.l0.tests\ms.vs.services.servicehooks.consumers.l0.tests.dll" priority="1" id="268b10d4-acec-4add-ff07-1cfdb89e30dd">
      <Execution id="83dc57a1-9ee9-4c11-8a72-98226515dd13" />
      <TestMethod codeBase="D:\v2.0\A1\_work\dbded102\bin\Release.AnyCPU\ServiceHooks.Service\MS.VS.Services.ServiceHooks.Consumers.L0.Tests\MS.VS.Services.ServiceHooks.Consumers.L0.Tests.dll" adapterTypeName="Microsoft.VisualStudio.TestTools.TestTypes.Unit.UnitTestAdapter" className="MS.VS.Services.ServiceHooks.Consumers.L0.Tests.WebHooks.WebHooksConsumerTests" name="Name_CheckExpected" />
    </UnitTest>
    <UnitTest name="Description_CheckExpected" storage="d:\v2.0\a1\_work\dbded102\bin\release.anycpu\servicehooks.service\ms.vs.services.servicehooks.consumers.l0.tests\ms.vs.services.servicehooks.consumers.l0.tests.dll" priority="1" id="cf0210cd-5b25-7e3a-f165-cd6b513671b6">
      <Execution id="d3fd437b-0322-4083-9aad-857a938ac46e" />
      <TestMethod codeBase="D:\v2.0\A1\_work\dbded102\bin\Release.AnyCPU\ServiceHooks.Service\MS.VS.Services.ServiceHooks.Consumers.L0.Tests\MS.VS.Services.ServiceHooks.Consumers.L0.Tests.dll" adapterTypeName="Microsoft.VisualStudio.TestTools.TestTypes.Unit.UnitTestAdapter" className="MS.VS.Services.ServiceHooks.Consumers.L0.Tests.WebHooks.WebHooksConsumerTests" name="Description_CheckExpected" />
    </UnitTest>
    <UnitTest name="InformationUrl_CheckExpected" storage="d:\v2.0\a1\_work\dbded102\bin\release.anycpu\servicehooks.service\ms.vs.services.servicehooks.consumers.l0.tests\ms.vs.services.servicehooks.consumers.l0.tests.dll" priority="1" id="023802b1-c3ed-5580-d8ce-73a722e08150">
      <Execution id="fa7b8aa9-c0c1-4470-837d-761ac39fc3f4" />
      <TestMethod codeBase="D:\v2.0\A1\_work\dbded102\bin\Release.AnyCPU\ServiceHooks.Service\MS.VS.Services.ServiceHooks.Consumers.L0.Tests\MS.VS.Services.ServiceHooks.Consumers.L0.Tests.dll" adapterTypeName="Microsoft.VisualStudio.TestTools.TestTypes.Unit.UnitTestAdapter" className="MS.VS.Services.ServiceHooks.Consumers.L0.Tests.WebHooks.WebHooksConsumerTests" name="InformationUrl_CheckExpected" />
    </UnitTest>
    <UnitTest name="ImageUrl_CheckExpected" storage="d:\v2.0\a1\_work\dbded102\bin\release.anycpu\servicehooks.service\ms.vs.services.servicehooks.consumers.l0.tests\ms.vs.services.servicehooks.consumers.l0.tests.dll" priority="1" id="55f244df-904b-88da-8d5f-9610229cb13c">
      <Execution id="6aff0384-85a9-42f2-823e-1fb8d5c09e5c" />
      <TestMethod codeBase="D:\v2.0\A1\_work\dbded102\bin\Release.AnyCPU\ServiceHooks.Service\MS.VS.Services.ServiceHooks.Consumers.L0.Tests\MS.VS.Services.ServiceHooks.Consumers.L0.Tests.dll" adapterTypeName="Microsoft.VisualStudio.TestTools.TestTypes.Unit.UnitTestAdapter" className="MS.VS.Services.ServiceHooks.Consumers.L0.Tests.WebHooks.WebHooksConsumerTests" name="ImageUrl_CheckExpected" />
    </UnitTest>
    <UnitTest name="AuthenticationType_CheckExpected" storage="d:\v2.0\a1\_work\dbded102\bin\release.anycpu\servicehooks.service\ms.vs.services.servicehooks.consumers.l0.tests\ms.vs.services.servicehooks.consumers.l0.tests.dll" priority="1" id="907f921c-4227-8c7d-5f10-ca5e466a7bcb">
      <Execution id="5f3a6345-b2e8-4f0e-a2a5-04265e5920f8" />
      <TestMethod codeBase="D:\v2.0\A1\_work\dbded102\bin\Release.AnyCPU\ServiceHooks.Service\MS.VS.Services.ServiceHooks.Consumers.L0.Tests\MS.VS.Services.ServiceHooks.Consumers.L0.Tests.dll" adapterTypeName="Microsoft.VisualStudio.TestTools.TestTypes.Unit.UnitTestAdapter" className="MS.VS.Services.ServiceHooks.Consumers.L0.Tests.WebHooks.WebHooksConsumerTests" name="AuthenticationType_CheckExpected" />
    </UnitTest>
    <UnitTest name="ExternalConfiguration_CheckExpected" storage="d:\v2.0\a1\_work\dbded102\bin\release.anycpu\servicehooks.service\ms.vs.services.servicehooks.consumers.l0.tests\ms.vs.services.servicehooks.consumers.l0.tests.dll" priority="1" id="4bcf02fb-fb4a-80d1-cc57-939b4a0a119d">
      <Execution id="671efc5d-0d83-4ea7-9eeb-d83c62f08085" />
      <TestMethod codeBase="D:\v2.0\A1\_work\dbded102\bin\Release.AnyCPU\ServiceHooks.Service\MS.VS.Services.ServiceHooks.Consumers.L0.Tests\MS.VS.Services.ServiceHooks.Consumers.L0.Tests.dll" adapterTypeName="Microsoft.VisualStudio.TestTools.TestTypes.Unit.UnitTestAdapter" className="MS.VS.Services.ServiceHooks.Consumers.L0.Tests.WebHooks.WebHooksConsumerTests" name="ExternalConfiguration_CheckExpected" />
    </UnitTest>
    <UnitTest name="InputDescriptors_CheckExpected" storage="d:\v2.0\a1\_work\dbded102\bin\release.anycpu\servicehooks.service\ms.vs.services.servicehooks.consumers.l0.tests\ms.vs.services.servicehooks.consumers.l0.tests.dll" priority="1" id="020a5974-e355-b008-03b7-b7347bfb0707">
      <Execution id="8b0506b0-2286-4fb2-acab-ab9839e22604" />
      <TestMethod codeBase="D:\v2.0\A1\_work\dbded102\bin\Release.AnyCPU\ServiceHooks.Service\MS.VS.Services.ServiceHooks.Consumers.L0.Tests\MS.VS.Services.ServiceHooks.Consumers.L0.Tests.dll" adapterTypeName="Microsoft.VisualStudio.TestTools.TestTypes.Unit.UnitTestAdapter" className="MS.VS.Services.ServiceHooks.Consumers.L0.Tests.WebHooks.WebHooksConsumerTests" name="InputDescriptors_CheckExpected" />
    </UnitTest>
    <UnitTest name="FeatureName_CheckExpected" storage="d:\v2.0\a1\_work\dbded102\bin\release.anycpu\servicehooks.service\ms.vs.services.servicehooks.consumers.l0.tests\ms.vs.services.servicehooks.consumers.l0.tests.dll" priority="1" id="c1bb284c-f5fb-a3aa-eacd-b13511316957">
      <Execution id="d01f20e1-2aa1-48f6-9b6c-c12f24a5a726" />
      <TestMethod codeBase="D:\v2.0\A1\_work\dbded102\bin\Release.AnyCPU\ServiceHooks.Service\MS.VS.Services.ServiceHooks.Consumers.L0.Tests\MS.VS.Services.ServiceHooks.Consumers.L0.Tests.dll" adapterTypeName="Microsoft.VisualStudio.TestTools.TestTypes.Unit.UnitTestAdapter" className="MS.VS.Services.ServiceHooks.Consumers.L0.Tests.WebHooks.WebHooksConsumerTests" name="FeatureName_CheckExpected" />
    </UnitTest>
    <UnitTest name="Id_CheckExpected" storage="d:\v2.0\a1\_work\dbded102\bin\release.anycpu\servicehooks.service\ms.vs.services.servicehooks.consumers.l0.tests\ms.vs.services.servicehooks.consumers.l0.tests.dll" priority="1" id="b9053709-bc85-4c8d-4d7d-0847745839b1">
      <Execution id="15fb8b3b-9ef6-4c02-b8e3-1923043f1c86" />
      <TestMethod codeBase="D:\v2.0\A1\_work\dbded102\bin\Release.AnyCPU\ServiceHooks.Service\MS.VS.Services.ServiceHooks.Consumers.L0.Tests\MS.VS.Services.ServiceHooks.Consumers.L0.Tests.dll" adapterTypeName="Microsoft.VisualStudio.TestTools.TestTypes.Unit.UnitTestAdapter" className="MS.VS.Services.ServiceHooks.Consumers.L0.Tests.Azure.AzureAppServiceConsumerTests" name="Id_CheckExpected" />
    </UnitTest>
    <UnitTest name="Name_CheckExpected" storage="d:\v2.0\a1\_work\dbded102\bin\release.anycpu\servicehooks.service\ms.vs.services.servicehooks.consumers.l0.tests\ms.vs.services.servicehooks.consumers.l0.tests.dll" priority="1" id="618cbdc9-a039-0951-9258-13d11ff6bf74">
      <Execution id="504117c8-4338-42f3-aeac-2c90ffe1d7b6" />
      <TestMethod codeBase="D:\v2.0\A1\_work\dbded102\bin\Release.AnyCPU\ServiceHooks.Service\MS.VS.Services.ServiceHooks.Consumers.L0.Tests\MS.VS.Services.ServiceHooks.Consumers.L0.Tests.dll" adapterTypeName="Microsoft.VisualStudio.TestTools.TestTypes.Unit.UnitTestAdapter" className="MS.VS.Services.ServiceHooks.Consumers.L0.Tests.Azure.AzureAppServiceConsumerTests" name="Name_CheckExpected" />
    </UnitTest>
    <UnitTest name="Description_CheckExpected" storage="d:\v2.0\a1\_work\dbded102\bin\release.anycpu\servicehooks.service\ms.vs.services.servicehooks.consumers.l0.tests\ms.vs.services.servicehooks.consumers.l0.tests.dll" priority="1" id="7aefdb48-ad4b-7154-d735-f9dfaff60492">
      <Execution id="52c7d4e8-6634-48cd-8dae-fa033fc5c56a" />
      <TestMethod codeBase="D:\v2.0\A1\_work\dbded102\bin\Release.AnyCPU\ServiceHooks.Service\MS.VS.Services.ServiceHooks.Consumers.L0.Tests\MS.VS.Services.ServiceHooks.Consumers.L0.Tests.dll" adapterTypeName="Microsoft.VisualStudio.TestTools.TestTypes.Unit.UnitTestAdapter" className="MS.VS.Services.ServiceHooks.Consumers.L0.Tests.Azure.AzureAppServiceConsumerTests" name="Description_CheckExpected" />
    </UnitTest>
    <UnitTest name="InformationUrl_CheckExpected" storage="d:\v2.0\a1\_work\dbded102\bin\release.anycpu\servicehooks.service\ms.vs.services.servicehooks.consumers.l0.tests\ms.vs.services.servicehooks.consumers.l0.tests.dll" priority="1" id="a8e3d97f-bd04-6cf7-d4f5-c8f0ae171be9">
      <Execution id="f15cc042-b02f-434e-8b7b-f6e4892d0d17" />
      <TestMethod codeBase="D:\v2.0\A1\_work\dbded102\bin\Release.AnyCPU\ServiceHooks.Service\MS.VS.Services.ServiceHooks.Consumers.L0.Tests\MS.VS.Services.ServiceHooks.Consumers.L0.Tests.dll" adapterTypeName="Microsoft.VisualStudio.TestTools.TestTypes.Unit.UnitTestAdapter" className="MS.VS.Services.ServiceHooks.Consumers.L0.Tests.Azure.AzureAppServiceConsumerTests" name="InformationUrl_CheckExpected" />
    </UnitTest>
    <UnitTest name="ImageUrl_CheckExpected" storage="d:\v2.0\a1\_work\dbded102\bin\release.anycpu\servicehooks.service\ms.vs.services.servicehooks.consumers.l0.tests\ms.vs.services.servicehooks.consumers.l0.tests.dll" priority="1" id="2981b7a2-8c14-b240-b8b6-8ee2e94fe0dc">
      <Execution id="4d6aedf6-acc9-456b-8099-af5739643594" />
      <TestMethod codeBase="D:\v2.0\A1\_work\dbded102\bin\Release.AnyCPU\ServiceHooks.Service\MS.VS.Services.ServiceHooks.Consumers.L0.Tests\MS.VS.Services.ServiceHooks.Consumers.L0.Tests.dll" adapterTypeName="Microsoft.VisualStudio.TestTools.TestTypes.Unit.UnitTestAdapter" className="MS.VS.Services.ServiceHooks.Consumers.L0.Tests.Azure.AzureAppServiceConsumerTests" name="ImageUrl_CheckExpected" />
    </UnitTest>
    <UnitTest name="AuthenticationType_CheckExpected" storage="d:\v2.0\a1\_work\dbded102\bin\release.anycpu\servicehooks.service\ms.vs.services.servicehooks.consumers.l0.tests\ms.vs.services.servicehooks.consumers.l0.tests.dll" priority="1" id="82040ed4-5bf8-c350-a56c-f79b7bacaf81">
      <Execution id="7fa5fb30-3e1c-41d0-8fb2-ed3af51d1826" />
      <TestMethod codeBase="D:\v2.0\A1\_work\dbded102\bin\Release.AnyCPU\ServiceHooks.Service\MS.VS.Services.ServiceHooks.Consumers.L0.Tests\MS.VS.Services.ServiceHooks.Consumers.L0.Tests.dll" adapterTypeName="Microsoft.VisualStudio.TestTools.TestTypes.Unit.UnitTestAdapter" className="MS.VS.Services.ServiceHooks.Consumers.L0.Tests.Azure.AzureAppServiceConsumerTests" name="AuthenticationType_CheckExpected" />
    </UnitTest>
    <UnitTest name="ExternalConfiguration_CheckExpected" storage="d:\v2.0\a1\_work\dbded102\bin\release.anycpu\servicehooks.service\ms.vs.services.servicehooks.consumers.l0.tests\ms.vs.services.servicehooks.consumers.l0.tests.dll" priority="1" id="a43d23f7-84fe-b3b5-c58e-6b45b126c242">
      <Execution id="2e41dcd9-340c-42df-b540-51902338d484" />
      <TestMethod codeBase="D:\v2.0\A1\_work\dbded102\bin\Release.AnyCPU\ServiceHooks.Service\MS.VS.Services.ServiceHooks.Consumers.L0.Tests\MS.VS.Services.ServiceHooks.Consumers.L0.Tests.dll" adapterTypeName="Microsoft.VisualStudio.TestTools.TestTypes.Unit.UnitTestAdapter" className="MS.VS.Services.ServiceHooks.Consumers.L0.Tests.Azure.AzureAppServiceConsumerTests" name="ExternalConfiguration_CheckExpected" />
    </UnitTest>
    <UnitTest name="InputDescriptors_CheckExpected" storage="d:\v2.0\a1\_work\dbded102\bin\release.anycpu\servicehooks.service\ms.vs.services.servicehooks.consumers.l0.tests\ms.vs.services.servicehooks.consumers.l0.tests.dll" priority="1" id="246a5c05-0a5f-8b19-34b0-814a597a6e6d">
      <Execution id="f78d1987-7522-4fb4-b56b-88ec6dac7437" />
      <TestMethod codeBase="D:\v2.0\A1\_work\dbded102\bin\Release.AnyCPU\ServiceHooks.Service\MS.VS.Services.ServiceHooks.Consumers.L0.Tests\MS.VS.Services.ServiceHooks.Consumers.L0.Tests.dll" adapterTypeName="Microsoft.VisualStudio.TestTools.TestTypes.Unit.UnitTestAdapter" className="MS.VS.Services.ServiceHooks.Consumers.L0.Tests.Azure.AzureAppServiceConsumerTests" name="InputDescriptors_CheckExpected" />
    </UnitTest>
    <UnitTest name="FeatureName_CheckExpected" storage="d:\v2.0\a1\_work\dbded102\bin\release.anycpu\servicehooks.service\ms.vs.services.servicehooks.consumers.l0.tests\ms.vs.services.servicehooks.consumers.l0.tests.dll" priority="1" id="a78bb89a-98d5-52a9-23de-c9ea441a0aa5">
      <Execution id="964f1ab4-3cb6-45d3-9ab2-3f5920c7f71b" />
      <TestMethod codeBase="D:\v2.0\A1\_work\dbded102\bin\Release.AnyCPU\ServiceHooks.Service\MS.VS.Services.ServiceHooks.Consumers.L0.Tests\MS.VS.Services.ServiceHooks.Consumers.L0.Tests.dll" adapterTypeName="Microsoft.VisualStudio.TestTools.TestTypes.Unit.UnitTestAdapter" className="MS.VS.Services.ServiceHooks.Consumers.L0.Tests.Azure.AzureAppServiceConsumerTests" name="FeatureName_CheckExpected" />
    </UnitTest>
    <UnitTest name="Id_CheckExpected" storage="d:\v2.0\a1\_work\dbded102\bin\release.anycpu\servicehooks.service\ms.vs.services.servicehooks.consumers.l0.tests\ms.vs.services.servicehooks.consumers.l0.tests.dll" priority="1" id="8b83f007-5438-ef51-0b2f-b316528cacc9">
      <Execution id="5163aad2-8b2c-4bfa-86b4-06d2709f2bab" />
      <TestMethod codeBase="D:\v2.0\A1\_work\dbded102\bin\Release.AnyCPU\ServiceHooks.Service\MS.VS.Services.ServiceHooks.Consumers.L0.Tests\MS.VS.Services.ServiceHooks.Consumers.L0.Tests.dll" adapterTypeName="Microsoft.VisualStudio.TestTools.TestTypes.Unit.UnitTestAdapter" className="MS.VS.Services.ServiceHooks.Consumers.L0.Tests.Azure.AzureServiceBusConsumerTests" name="Id_CheckExpected" />
    </UnitTest>
    <UnitTest name="Name_CheckExpected" storage="d:\v2.0\a1\_work\dbded102\bin\release.anycpu\servicehooks.service\ms.vs.services.servicehooks.consumers.l0.tests\ms.vs.services.servicehooks.consumers.l0.tests.dll" priority="1" id="5f4b0e51-b420-4181-02e3-c380de280332">
      <Execution id="40a9e62c-fb6d-4eb1-9454-eeb298127bfc" />
      <TestMethod codeBase="D:\v2.0\A1\_work\dbded102\bin\Release.AnyCPU\ServiceHooks.Service\MS.VS.Services.ServiceHooks.Consumers.L0.Tests\MS.VS.Services.ServiceHooks.Consumers.L0.Tests.dll" adapterTypeName="Microsoft.VisualStudio.TestTools.TestTypes.Unit.UnitTestAdapter" className="MS.VS.Services.ServiceHooks.Consumers.L0.Tests.Azure.AzureServiceBusConsumerTests" name="Name_CheckExpected" />
    </UnitTest>
    <UnitTest name="Description_CheckExpected" storage="d:\v2.0\a1\_work\dbded102\bin\release.anycpu\servicehooks.service\ms.vs.services.servicehooks.consumers.l0.tests\ms.vs.services.servicehooks.consumers.l0.tests.dll" priority="1" id="aa2c276b-7e53-b0c2-efce-f5525dcf6eb5">
      <Execution id="800cb04e-4abe-46bb-8842-e35733d51d92" />
      <TestMethod codeBase="D:\v2.0\A1\_work\dbded102\bin\Release.AnyCPU\ServiceHooks.Service\MS.VS.Services.ServiceHooks.Consumers.L0.Tests\MS.VS.Services.ServiceHooks.Consumers.L0.Tests.dll" adapterTypeName="Microsoft.VisualStudio.TestTools.TestTypes.Unit.UnitTestAdapter" className="MS.VS.Services.ServiceHooks.Consumers.L0.Tests.Azure.AzureServiceBusConsumerTests" name="Description_CheckExpected" />
    </UnitTest>
    <UnitTest name="InformationUrl_CheckExpected" storage="d:\v2.0\a1\_work\dbded102\bin\release.anycpu\servicehooks.service\ms.vs.services.servicehooks.consumers.l0.tests\ms.vs.services.servicehooks.consumers.l0.tests.dll" priority="1" id="f2c6ba21-f1a2-8cde-a73e-7dcf78e281c4">
      <Execution id="d6807271-c91e-466a-8934-dcae04c55364" />
      <TestMethod codeBase="D:\v2.0\A1\_work\dbded102\bin\Release.AnyCPU\ServiceHooks.Service\MS.VS.Services.ServiceHooks.Consumers.L0.Tests\MS.VS.Services.ServiceHooks.Consumers.L0.Tests.dll" adapterTypeName="Microsoft.VisualStudio.TestTools.TestTypes.Unit.UnitTestAdapter" className="MS.VS.Services.ServiceHooks.Consumers.L0.Tests.Azure.AzureServiceBusConsumerTests" name="InformationUrl_CheckExpected" />
    </UnitTest>
    <UnitTest name="ImageUrl_CheckExpected" storage="d:\v2.0\a1\_work\dbded102\bin\release.anycpu\servicehooks.service\ms.vs.services.servicehooks.consumers.l0.tests\ms.vs.services.servicehooks.consumers.l0.tests.dll" priority="1" id="1981bfb2-7e19-7abe-67d4-3aeb1841e7eb">
      <Execution id="ce9949c2-818c-4435-a11d-40dd938f9703" />
      <TestMethod codeBase="D:\v2.0\A1\_work\dbded102\bin\Release.AnyCPU\ServiceHooks.Service\MS.VS.Services.ServiceHooks.Consumers.L0.Tests\MS.VS.Services.ServiceHooks.Consumers.L0.Tests.dll" adapterTypeName="Microsoft.VisualStudio.TestTools.TestTypes.Unit.UnitTestAdapter" className="MS.VS.Services.ServiceHooks.Consumers.L0.Tests.Azure.AzureServiceBusConsumerTests" name="ImageUrl_CheckExpected" />
    </UnitTest>
    <UnitTest name="AuthenticationType_CheckExpected" storage="d:\v2.0\a1\_work\dbded102\bin\release.anycpu\servicehooks.service\ms.vs.services.servicehooks.consumers.l0.tests\ms.vs.services.servicehooks.consumers.l0.tests.dll" priority="1" id="db379616-d1ae-5a12-889f-8a360d91d196">
      <Execution id="bc2a23bc-d494-4786-9445-31b30877bcdd" />
      <TestMethod codeBase="D:\v2.0\A1\_work\dbded102\bin\Release.AnyCPU\ServiceHooks.Service\MS.VS.Services.ServiceHooks.Consumers.L0.Tests\MS.VS.Services.ServiceHooks.Consumers.L0.Tests.dll" adapterTypeName="Microsoft.VisualStudio.TestTools.TestTypes.Unit.UnitTestAdapter" className="MS.VS.Services.ServiceHooks.Consumers.L0.Tests.Azure.AzureServiceBusConsumerTests" name="AuthenticationType_CheckExpected" />
    </UnitTest>
    <UnitTest name="ExternalConfiguration_CheckExpected" storage="d:\v2.0\a1\_work\dbded102\bin\release.anycpu\servicehooks.service\ms.vs.services.servicehooks.consumers.l0.tests\ms.vs.services.servicehooks.consumers.l0.tests.dll" priority="1" id="3caf3423-6de1-2211-476f-3c34db3b7358">
      <Execution id="74ffb0e3-cd9b-45ae-9653-208699f2abf0" />
      <TestMethod codeBase="D:\v2.0\A1\_work\dbded102\bin\Release.AnyCPU\ServiceHooks.Service\MS.VS.Services.ServiceHooks.Consumers.L0.Tests\MS.VS.Services.ServiceHooks.Consumers.L0.Tests.dll" adapterTypeName="Microsoft.VisualStudio.TestTools.TestTypes.Unit.UnitTestAdapter" className="MS.VS.Services.ServiceHooks.Consumers.L0.Tests.Azure.AzureServiceBusConsumerTests" name="ExternalConfiguration_CheckExpected" />
    </UnitTest>
    <UnitTest name="InputDescriptors_CheckExpected" storage="d:\v2.0\a1\_work\dbded102\bin\release.anycpu\servicehooks.service\ms.vs.services.servicehooks.consumers.l0.tests\ms.vs.services.servicehooks.consumers.l0.tests.dll" priority="1" id="b08396c8-feb4-0316-75e0-6b517c1411e9">
      <Execution id="1ae139c2-6b5e-4c91-9c1d-33a05415f993" />
      <TestMethod codeBase="D:\v2.0\A1\_work\dbded102\bin\Release.AnyCPU\ServiceHooks.Service\MS.VS.Services.ServiceHooks.Consumers.L0.Tests\MS.VS.Services.ServiceHooks.Consumers.L0.Tests.dll" adapterTypeName="Microsoft.VisualStudio.TestTools.TestTypes.Unit.UnitTestAdapter" className="MS.VS.Services.ServiceHooks.Consumers.L0.Tests.Azure.AzureServiceBusConsumerTests" name="InputDescriptors_CheckExpected" />
    </UnitTest>
    <UnitTest name="FeatureName_CheckExpected" storage="d:\v2.0\a1\_work\dbded102\bin\release.anycpu\servicehooks.service\ms.vs.services.servicehooks.consumers.l0.tests\ms.vs.services.servicehooks.consumers.l0.tests.dll" priority="1" id="3f844158-7eb1-e866-e99b-920820974019">
      <Execution id="0af9ef2f-dc92-432d-ad85-63338a5f24bb" />
      <TestMethod codeBase="D:\v2.0\A1\_work\dbded102\bin\Release.AnyCPU\ServiceHooks.Service\MS.VS.Services.ServiceHooks.Consumers.L0.Tests\MS.VS.Services.ServiceHooks.Consumers.L0.Tests.dll" adapterTypeName="Microsoft.VisualStudio.TestTools.TestTypes.Unit.UnitTestAdapter" className="MS.VS.Services.ServiceHooks.Consumers.L0.Tests.Azure.AzureServiceBusConsumerTests" name="FeatureName_CheckExpected" />
    </UnitTest>
    <UnitTest name="Id_CheckExpected" storage="d:\v2.0\a1\_work\dbded102\bin\release.anycpu\servicehooks.service\ms.vs.services.servicehooks.consumers.l0.tests\ms.vs.services.servicehooks.consumers.l0.tests.dll" priority="1" id="5ea998d5-b7b5-96a8-4a00-25620c48304a">
      <Execution id="f714c2d1-311d-46bd-aaac-cdc340143908" />
      <TestMethod codeBase="D:\v2.0\A1\_work\dbded102\bin\Release.AnyCPU\ServiceHooks.Service\MS.VS.Services.ServiceHooks.Consumers.L0.Tests\MS.VS.Services.ServiceHooks.Consumers.L0.Tests.dll" adapterTypeName="Microsoft.VisualStudio.TestTools.TestTypes.Unit.UnitTestAdapter" className="MS.VS.Services.ServiceHooks.Consumers.L0.Tests.Azure.AzureStorageConsumerTests" name="Id_CheckExpected" />
    </UnitTest>
    <UnitTest name="Name_CheckExpected" storage="d:\v2.0\a1\_work\dbded102\bin\release.anycpu\servicehooks.service\ms.vs.services.servicehooks.consumers.l0.tests\ms.vs.services.servicehooks.consumers.l0.tests.dll" priority="1" id="60c2a51d-fc4f-9382-a244-1810457944cb">
      <Execution id="0a526269-3af0-4dc0-8ebd-f768f69848fa" />
      <TestMethod codeBase="D:\v2.0\A1\_work\dbded102\bin\Release.AnyCPU\ServiceHooks.Service\MS.VS.Services.ServiceHooks.Consumers.L0.Tests\MS.VS.Services.ServiceHooks.Consumers.L0.Tests.dll" adapterTypeName="Microsoft.VisualStudio.TestTools.TestTypes.Unit.UnitTestAdapter" className="MS.VS.Services.ServiceHooks.Consumers.L0.Tests.Azure.AzureStorageConsumerTests" name="Name_CheckExpected" />
    </UnitTest>
    <UnitTest name="Description_CheckExpected" storage="d:\v2.0\a1\_work\dbded102\bin\release.anycpu\servicehooks.service\ms.vs.services.servicehooks.consumers.l0.tests\ms.vs.services.servicehooks.consumers.l0.tests.dll" priority="1" id="c40bee1c-1305-a39a-d8f4-6846931d767d">
      <Execution id="ce60d971-ea98-4ac3-b9b3-806366be872e" />
      <TestMethod codeBase="D:\v2.0\A1\_work\dbded102\bin\Release.AnyCPU\ServiceHooks.Service\MS.VS.Services.ServiceHooks.Consumers.L0.Tests\MS.VS.Services.ServiceHooks.Consumers.L0.Tests.dll" adapterTypeName="Microsoft.VisualStudio.TestTools.TestTypes.Unit.UnitTestAdapter" className="MS.VS.Services.ServiceHooks.Consumers.L0.Tests.Azure.AzureStorageConsumerTests" name="Description_CheckExpected" />
    </UnitTest>
    <UnitTest name="InformationUrl_CheckExpected" storage="d:\v2.0\a1\_work\dbded102\bin\release.anycpu\servicehooks.service\ms.vs.services.servicehooks.consumers.l0.tests\ms.vs.services.servicehooks.consumers.l0.tests.dll" priority="1" id="b0e3c4e4-ff5e-2916-b0e3-5353cf78550e">
      <Execution id="e4184898-35fc-4f8b-a42c-15603c439ea8" />
      <TestMethod codeBase="D:\v2.0\A1\_work\dbded102\bin\Release.AnyCPU\ServiceHooks.Service\MS.VS.Services.ServiceHooks.Consumers.L0.Tests\MS.VS.Services.ServiceHooks.Consumers.L0.Tests.dll" adapterTypeName="Microsoft.VisualStudio.TestTools.TestTypes.Unit.UnitTestAdapter" className="MS.VS.Services.ServiceHooks.Consumers.L0.Tests.Azure.AzureStorageConsumerTests" name="InformationUrl_CheckExpected" />
    </UnitTest>
    <UnitTest name="ImageUrl_CheckExpected" storage="d:\v2.0\a1\_work\dbded102\bin\release.anycpu\servicehooks.service\ms.vs.services.servicehooks.consumers.l0.tests\ms.vs.services.servicehooks.consumers.l0.tests.dll" priority="1" id="c69364a2-0ef7-6bc5-444a-4a4703012c63">
      <Execution id="2bc28607-9938-49a0-99fc-e40af5ba7bb9" />
      <TestMethod codeBase="D:\v2.0\A1\_work\dbded102\bin\Release.AnyCPU\ServiceHooks.Service\MS.VS.Services.ServiceHooks.Consumers.L0.Tests\MS.VS.Services.ServiceHooks.Consumers.L0.Tests.dll" adapterTypeName="Microsoft.VisualStudio.TestTools.TestTypes.Unit.UnitTestAdapter" className="MS.VS.Services.ServiceHooks.Consumers.L0.Tests.Azure.AzureStorageConsumerTests" name="ImageUrl_CheckExpected" />
    </UnitTest>
    <UnitTest name="AuthenticationType_CheckExpected" storage="d:\v2.0\a1\_work\dbded102\bin\release.anycpu\servicehooks.service\ms.vs.services.servicehooks.consumers.l0.tests\ms.vs.services.servicehooks.consumers.l0.tests.dll" priority="1" id="8f344889-dcd4-8722-1ae7-7c3b12d350e1">
      <Execution id="9576cb0c-630f-4ee5-b6b4-fcdfd0c9ced3" />
      <TestMethod codeBase="D:\v2.0\A1\_work\dbded102\bin\Release.AnyCPU\ServiceHooks.Service\MS.VS.Services.ServiceHooks.Consumers.L0.Tests\MS.VS.Services.ServiceHooks.Consumers.L0.Tests.dll" adapterTypeName="Microsoft.VisualStudio.TestTools.TestTypes.Unit.UnitTestAdapter" className="MS.VS.Services.ServiceHooks.Consumers.L0.Tests.Azure.AzureStorageConsumerTests" name="AuthenticationType_CheckExpected" />
    </UnitTest>
    <UnitTest name="ExternalConfiguration_CheckExpected" storage="d:\v2.0\a1\_work\dbded102\bin\release.anycpu\servicehooks.service\ms.vs.services.servicehooks.consumers.l0.tests\ms.vs.services.servicehooks.consumers.l0.tests.dll" priority="1" id="f81c1008-6036-4182-4fb2-d5ccdad7b6cc">
      <Execution id="59ac5920-9f75-4e0d-93ce-31520fabf9ec" />
      <TestMethod codeBase="D:\v2.0\A1\_work\dbded102\bin\Release.AnyCPU\ServiceHooks.Service\MS.VS.Services.ServiceHooks.Consumers.L0.Tests\MS.VS.Services.ServiceHooks.Consumers.L0.Tests.dll" adapterTypeName="Microsoft.VisualStudio.TestTools.TestTypes.Unit.UnitTestAdapter" className="MS.VS.Services.ServiceHooks.Consumers.L0.Tests.Azure.AzureStorageConsumerTests" name="ExternalConfiguration_CheckExpected" />
    </UnitTest>
    <UnitTest name="InputDescriptors_CheckExpected" storage="d:\v2.0\a1\_work\dbded102\bin\release.anycpu\servicehooks.service\ms.vs.services.servicehooks.consumers.l0.tests\ms.vs.services.servicehooks.consumers.l0.tests.dll" priority="1" id="f8da6b97-bb43-3044-3f09-28edc1471366">
      <Execution id="80c3e473-2f88-4598-b71d-2a96de480383" />
      <TestMethod codeBase="D:\v2.0\A1\_work\dbded102\bin\Release.AnyCPU\ServiceHooks.Service\MS.VS.Services.ServiceHooks.Consumers.L0.Tests\MS.VS.Services.ServiceHooks.Consumers.L0.Tests.dll" adapterTypeName="Microsoft.VisualStudio.TestTools.TestTypes.Unit.UnitTestAdapter" className="MS.VS.Services.ServiceHooks.Consumers.L0.Tests.Azure.AzureStorageConsumerTests" name="InputDescriptors_CheckExpected" />
    </UnitTest>
    <UnitTest name="FeatureName_CheckExpected" storage="d:\v2.0\a1\_work\dbded102\bin\release.anycpu\servicehooks.service\ms.vs.services.servicehooks.consumers.l0.tests\ms.vs.services.servicehooks.consumers.l0.tests.dll" priority="1" id="7bfa60a0-de1e-61a6-0aa7-8270387f1c7c">
      <Execution id="872593ba-69bb-4305-aeac-4d06759de94d" />
      <TestMethod codeBase="D:\v2.0\A1\_work\dbded102\bin\Release.AnyCPU\ServiceHooks.Service\MS.VS.Services.ServiceHooks.Consumers.L0.Tests\MS.VS.Services.ServiceHooks.Consumers.L0.Tests.dll" adapterTypeName="Microsoft.VisualStudio.TestTools.TestTypes.Unit.UnitTestAdapter" className="MS.VS.Services.ServiceHooks.Consumers.L0.Tests.Azure.AzureStorageConsumerTests" name="FeatureName_CheckExpected" />
    </UnitTest>
    <UnitTest name="Run_Success_CheckSuccessResponseOk" storage="d:\v2.0\a1\_work\dbded102\bin\release.anycpu\servicehooks.service\ms.vs.services.servicehooks.consumers.l0.tests\ms.vs.services.servicehooks.consumers.l0.tests.dll" priority="1" id="bf9e3af5-aaed-24fe-0ebf-57381388c5e8">
      <Owners>
        <Owner name="v-bruca" />
      </Owners>
      <Execution id="7e5ef9ed-dd5e-4738-b33a-612d1cae5185" />
      <TestMethod codeBase="D:\v2.0\A1\_work\dbded102\bin\Release.AnyCPU\ServiceHooks.Service\MS.VS.Services.ServiceHooks.Consumers.L0.Tests\MS.VS.Services.ServiceHooks.Consumers.L0.Tests.dll" adapterTypeName="Microsoft.VisualStudio.TestTools.TestTypes.Unit.UnitTestAdapter" className="MS.VS.Services.ServiceHooks.Consumers.L0.Tests.Azure.ServiceBusActionTaskBaseTests" name="Run_Success_CheckSuccessResponseOk" />
    </UnitTest>
    <UnitTest name="Run_UnauthorizedException_CheckEnduringFailureAndNotificationLogs" storage="d:\v2.0\a1\_work\dbded102\bin\release.anycpu\servicehooks.service\ms.vs.services.servicehooks.consumers.l0.tests\ms.vs.services.servicehooks.consumers.l0.tests.dll" priority="1" id="6fd344c6-6989-5db9-65f7-854393e68dc1">
      <Owners>
        <Owner name="v-bruca" />
      </Owners>
      <Execution id="1b44f2b3-4de1-426c-9c87-1f9907511122" />
      <TestMethod codeBase="D:\v2.0\A1\_work\dbded102\bin\Release.AnyCPU\ServiceHooks.Service\MS.VS.Services.ServiceHooks.Consumers.L0.Tests\MS.VS.Services.ServiceHooks.Consumers.L0.Tests.dll" adapterTypeName="Microsoft.VisualStudio.TestTools.TestTypes.Unit.UnitTestAdapter" className="MS.VS.Services.ServiceHooks.Consumers.L0.Tests.Azure.ServiceBusActionTaskBaseTests" name="Run_UnauthorizedException_CheckEnduringFailureAndNotificationLogs" />
    </UnitTest>
    <UnitTest name="Run_TimeoutException_CheckTransientErrorAndNotificationLogs" storage="d:\v2.0\a1\_work\dbded102\bin\release.anycpu\servicehooks.service\ms.vs.services.servicehooks.consumers.l0.tests\ms.vs.services.servicehooks.consumers.l0.tests.dll" priority="1" id="affd692e-3ee1-745b-0100-f4d1b81d2e33">
      <Owners>
        <Owner name="v-bruca" />
      </Owners>
      <Execution id="8549840f-8ba0-44b7-8d8e-1c376c12782f" />
      <TestMethod codeBase="D:\v2.0\A1\_work\dbded102\bin\Release.AnyCPU\ServiceHooks.Service\MS.VS.Services.ServiceHooks.Consumers.L0.Tests\MS.VS.Services.ServiceHooks.Consumers.L0.Tests.dll" adapterTypeName="Microsoft.VisualStudio.TestTools.TestTypes.Unit.UnitTestAdapter" className="MS.VS.Services.ServiceHooks.Consumers.L0.Tests.Azure.ServiceBusActionTaskBaseTests" name="Run_TimeoutException_CheckTransientErrorAndNotificationLogs" />
    </UnitTest>
    <UnitTest name="Run_EndpointNotFound_CheckSuccessAndEntityJustCreated" storage="d:\v2.0\a1\_work\dbded102\bin\release.anycpu\servicehooks.service\ms.vs.services.servicehooks.consumers.l0.tests\ms.vs.services.servicehooks.consumers.l0.tests.dll" priority="1" id="033fa7b3-3643-246c-9f1b-44043142de60">
      <Owners>
        <Owner name="v-bruca" />
      </Owners>
      <Execution id="1e9884a5-f1d2-4a8e-b667-08e4cfcbc87d" />
      <TestMethod codeBase="D:\v2.0\A1\_work\dbded102\bin\Release.AnyCPU\ServiceHooks.Service\MS.VS.Services.ServiceHooks.Consumers.L0.Tests\MS.VS.Services.ServiceHooks.Consumers.L0.Tests.dll" adapterTypeName="Microsoft.VisualStudio.TestTools.TestTypes.Unit.UnitTestAdapter" className="MS.VS.Services.ServiceHooks.Consumers.L0.Tests.Azure.ServiceBusActionTaskBaseTests" name="Run_EndpointNotFound_CheckSuccessAndEntityJustCreated" />
    </UnitTest>
    <UnitTest name="Run_EndpointNotFoundAndUnauthorizedForCreate_CheckEnduringFailureAndNotificationLogs" storage="d:\v2.0\a1\_work\dbded102\bin\release.anycpu\servicehooks.service\ms.vs.services.servicehooks.consumers.l0.tests\ms.vs.services.servicehooks.consumers.l0.tests.dll" priority="1" id="5835f59a-6574-4e92-867d-ca64990ebab0">
      <Owners>
        <Owner name="v-bruca" />
      </Owners>
      <Execution id="6552fd03-7c23-48bf-b69a-4827573ed330" />
      <TestMethod codeBase="D:\v2.0\A1\_work\dbded102\bin\Release.AnyCPU\ServiceHooks.Service\MS.VS.Services.ServiceHooks.Consumers.L0.Tests\MS.VS.Services.ServiceHooks.Consumers.L0.Tests.dll" adapterTypeName="Microsoft.VisualStudio.TestTools.TestTypes.Unit.UnitTestAdapter" className="MS.VS.Services.ServiceHooks.Consumers.L0.Tests.Azure.ServiceBusActionTaskBaseTests" name="Run_EndpointNotFoundAndUnauthorizedForCreate_CheckEnduringFailureAndNotificationLogs" />
    </UnitTest>
    <UnitTest name="GetInputValues_ReturnOptionsForCombo" storage="d:\v2.0\a1\_work\dbded102\bin\release.anycpu\servicehooks.service\ms.vs.services.servicehooks.consumers.l0.tests\ms.vs.services.servicehooks.consumers.l0.tests.dll" priority="1" id="f8c8fb11-ccee-1348-6cdf-bc2931bf3c8e">
      <Owners>
        <Owner name="v-bruca" />
      </Owners>
      <Execution id="9fca8444-a9a2-49ed-8f3f-a4c4b6e1cba8" />
      <TestMethod codeBase="D:\v2.0\A1\_work\dbded102\bin\Release.AnyCPU\ServiceHooks.Service\MS.VS.Services.ServiceHooks.Consumers.L0.Tests\MS.VS.Services.ServiceHooks.Consumers.L0.Tests.dll" adapterTypeName="Microsoft.VisualStudio.TestTools.TestTypes.Unit.UnitTestAdapter" className="MS.VS.Services.ServiceHooks.Consumers.L0.Tests.Azure.ServiceBusNotificationHubSendActionTests" name="GetInputValues_ReturnOptionsForCombo" />
    </UnitTest>
    <UnitTest name="HandleEvent_WithMinimalPayload_CheckReturnedNotificationHubSendActionTask" storage="d:\v2.0\a1\_work\dbded102\bin\release.anycpu\servicehooks.service\ms.vs.services.servicehooks.consumers.l0.tests\ms.vs.services.servicehooks.consumers.l0.tests.dll" priority="1" id="3c116e9f-d6d3-7ebf-537f-79fdef28dfea">
      <Owners>
        <Owner name="v-bruca" />
      </Owners>
      <Execution id="c4d5d972-db64-4ad1-aa02-202460b7fa95" />
      <TestMethod codeBase="D:\v2.0\A1\_work\dbded102\bin\Release.AnyCPU\ServiceHooks.Service\MS.VS.Services.ServiceHooks.Consumers.L0.Tests\MS.VS.Services.ServiceHooks.Consumers.L0.Tests.dll" adapterTypeName="Microsoft.VisualStudio.TestTools.TestTypes.Unit.UnitTestAdapter" className="MS.VS.Services.ServiceHooks.Consumers.L0.Tests.Azure.ServiceBusNotificationHubSendActionTests" name="HandleEvent_WithMinimalPayload_CheckReturnedNotificationHubSendActionTask" />
    </UnitTest>
    <UnitTest name="HandleEvent_FullPayload_CheckReturnedNotificationHubSendActionTask" storage="d:\v2.0\a1\_work\dbded102\bin\release.anycpu\servicehooks.service\ms.vs.services.servicehooks.consumers.l0.tests\ms.vs.services.servicehooks.consumers.l0.tests.dll" priority="1" id="e02547e9-816c-4528-f118-834cc0fdb40d">
      <Owners>
        <Owner name="v-bruca" />
      </Owners>
      <Execution id="c9c65425-3115-4d43-8865-9ca7592b2cf2" />
      <TestMethod codeBase="D:\v2.0\A1\_work\dbded102\bin\Release.AnyCPU\ServiceHooks.Service\MS.VS.Services.ServiceHooks.Consumers.L0.Tests\MS.VS.Services.ServiceHooks.Consumers.L0.Tests.dll" adapterTypeName="Microsoft.VisualStudio.TestTools.TestTypes.Unit.UnitTestAdapter" className="MS.VS.Services.ServiceHooks.Consumers.L0.Tests.Azure.ServiceBusNotificationHubSendActionTests" name="HandleEvent_FullPayload_CheckReturnedNotificationHubSendActionTask" />
    </UnitTest>
    <UnitTest name="HandleEvent_BypassSerialization_CheckReturnedNotificationHubSendActionTask" storage="d:\v2.0\a1\_work\dbded102\bin\release.anycpu\servicehooks.service\ms.vs.services.servicehooks.consumers.l0.tests\ms.vs.services.servicehooks.consumers.l0.tests.dll" priority="1" id="a5cdb562-0225-8550-8b6e-dec711160815">
      <Owners>
        <Owner name="v-bruca" />
      </Owners>
      <Execution id="56429dcd-5edc-4e79-b0c8-b06e60401dd5" />
      <TestMethod codeBase="D:\v2.0\A1\_work\dbded102\bin\Release.AnyCPU\ServiceHooks.Service\MS.VS.Services.ServiceHooks.Consumers.L0.Tests\MS.VS.Services.ServiceHooks.Consumers.L0.Tests.dll" adapterTypeName="Microsoft.VisualStudio.TestTools.TestTypes.Unit.UnitTestAdapter" className="MS.VS.Services.ServiceHooks.Consumers.L0.Tests.Azure.ServiceBusNotificationHubSendActionTests" name="HandleEvent_BypassSerialization_CheckReturnedNotificationHubSendActionTask" />
    </UnitTest>
    <UnitTest name="GetInputValues_UnknownInput_ShouldReturnNull" storage="d:\v2.0\a1\_work\dbded102\bin\release.anycpu\servicehooks.service\ms.vs.services.servicehooks.consumers.l0.tests\ms.vs.services.servicehooks.consumers.l0.tests.dll" priority="1" id="67ec2e26-591f-d48a-9bc7-2372c97ef852">
      <Owners>
        <Owner name="v-bruca" />
      </Owners>
      <Execution id="bee53e30-25b6-4676-a81c-8b1b577f2881" />
      <TestMethod codeBase="D:\v2.0\A1\_work\dbded102\bin\Release.AnyCPU\ServiceHooks.Service\MS.VS.Services.ServiceHooks.Consumers.L0.Tests\MS.VS.Services.ServiceHooks.Consumers.L0.Tests.dll" adapterTypeName="Microsoft.VisualStudio.TestTools.TestTypes.Unit.UnitTestAdapter" className="MS.VS.Services.ServiceHooks.Consumers.L0.Tests.Azure.ServiceBusNotificationHubSendActionTests" name="GetInputValues_UnknownInput_ShouldReturnNull" />
    </UnitTest>
    <UnitTest name="GetInputValues_MinimumMandatoryServiceBusInputsNotMet_ReturnDefaultValue" storage="d:\v2.0\a1\_work\dbded102\bin\release.anycpu\servicehooks.service\ms.vs.services.servicehooks.consumers.l0.tests\ms.vs.services.servicehooks.consumers.l0.tests.dll" priority="1" id="793deb19-5678-b077-7ee8-6a7160243e38">
      <Owners>
        <Owner name="v-bruca" />
      </Owners>
      <Execution id="b26216ec-4b79-491a-8ee8-2bcc1f20b7ca" />
      <TestMethod codeBase="D:\v2.0\A1\_work\dbded102\bin\Release.AnyCPU\ServiceHooks.Service\MS.VS.Services.ServiceHooks.Consumers.L0.Tests\MS.VS.Services.ServiceHooks.Consumers.L0.Tests.dll" adapterTypeName="Microsoft.VisualStudio.TestTools.TestTypes.Unit.UnitTestAdapter" className="MS.VS.Services.ServiceHooks.Consumers.L0.Tests.Azure.ServiceBusNotificationHubSendActionTests" name="GetInputValues_MinimumMandatoryServiceBusInputsNotMet_ReturnDefaultValue" />
    </UnitTest>
    <UnitTest name="GetInputValues_InvalidConnectionString_ShouldReturnErrorConnectionStringNotValid" storage="d:\v2.0\a1\_work\dbded102\bin\release.anycpu\servicehooks.service\ms.vs.services.servicehooks.consumers.l0.tests\ms.vs.services.servicehooks.consumers.l0.tests.dll" priority="1" id="eeba5de2-bb72-0b6d-6176-b141fa0a539b">
      <Owners>
        <Owner name="v-bruca" />
      </Owners>
      <Execution id="7ca7b435-2862-4a27-86f8-f174bc7b5e86" />
      <TestMethod codeBase="D:\v2.0\A1\_work\dbded102\bin\Release.AnyCPU\ServiceHooks.Service\MS.VS.Services.ServiceHooks.Consumers.L0.Tests\MS.VS.Services.ServiceHooks.Consumers.L0.Tests.dll" adapterTypeName="Microsoft.VisualStudio.TestTools.TestTypes.Unit.UnitTestAdapter" className="MS.VS.Services.ServiceHooks.Consumers.L0.Tests.Azure.ServiceBusNotificationHubSendActionTests" name="GetInputValues_InvalidConnectionString_ShouldReturnErrorConnectionStringNotValid" />
    </UnitTest>
    <UnitTest name="GetInputValues_UanuthorizedConnectionString_ShouldReturnErrorNotauthorized" storage="d:\v2.0\a1\_work\dbded102\bin\release.anycpu\servicehooks.service\ms.vs.services.servicehooks.consumers.l0.tests\ms.vs.services.servicehooks.consumers.l0.tests.dll" priority="1" id="2e5fc5b0-ef04-0cdb-b5b1-1058890123d6">
      <Owners>
        <Owner name="v-bruca" />
      </Owners>
      <Execution id="4a2e2f42-84b6-486c-87b8-5d236fd4e0b6" />
      <TestMethod codeBase="D:\v2.0\A1\_work\dbded102\bin\Release.AnyCPU\ServiceHooks.Service\MS.VS.Services.ServiceHooks.Consumers.L0.Tests\MS.VS.Services.ServiceHooks.Consumers.L0.Tests.dll" adapterTypeName="Microsoft.VisualStudio.TestTools.TestTypes.Unit.UnitTestAdapter" className="MS.VS.Services.ServiceHooks.Consumers.L0.Tests.Azure.ServiceBusNotificationHubSendActionTests" name="GetInputValues_UanuthorizedConnectionString_ShouldReturnErrorNotauthorized" />
    </UnitTest>
    <UnitTest name="GetInputValues_Exception_ShouldReturnErrorMessage" storage="d:\v2.0\a1\_work\dbded102\bin\release.anycpu\servicehooks.service\ms.vs.services.servicehooks.consumers.l0.tests\ms.vs.services.servicehooks.consumers.l0.tests.dll" priority="1" id="446d22c5-e574-ef51-2fe2-ef09daef088b">
      <Owners>
        <Owner name="v-bruca" />
      </Owners>
      <Execution id="d1d88101-7d77-4e33-bc97-18d7f4c7c6c6" />
      <TestMethod codeBase="D:\v2.0\A1\_work\dbded102\bin\Release.AnyCPU\ServiceHooks.Service\MS.VS.Services.ServiceHooks.Consumers.L0.Tests\MS.VS.Services.ServiceHooks.Consumers.L0.Tests.dll" adapterTypeName="Microsoft.VisualStudio.TestTools.TestTypes.Unit.UnitTestAdapter" className="MS.VS.Services.ServiceHooks.Consumers.L0.Tests.Azure.ServiceBusNotificationHubSendActionTests" name="GetInputValues_Exception_ShouldReturnErrorMessage" />
    </UnitTest>
    <UnitTest name="Id_CheckExpected" storage="d:\v2.0\a1\_work\dbded102\bin\release.anycpu\servicehooks.service\ms.vs.services.servicehooks.consumers.l0.tests\ms.vs.services.servicehooks.consumers.l0.tests.dll" priority="1" id="fe56860d-31fa-93a3-47b9-012eed51db50">
      <Execution id="02f48581-33ff-4b77-85c2-cdce521aa5a2" />
      <TestMethod codeBase="D:\v2.0\A1\_work\dbded102\bin\Release.AnyCPU\ServiceHooks.Service\MS.VS.Services.ServiceHooks.Consumers.L0.Tests\MS.VS.Services.ServiceHooks.Consumers.L0.Tests.dll" adapterTypeName="Microsoft.VisualStudio.TestTools.TestTypes.Unit.UnitTestAdapter" className="MS.VS.Services.ServiceHooks.Consumers.L0.Tests.Azure.ServiceBusNotificationHubSendActionTests" name="Id_CheckExpected" />
    </UnitTest>
    <UnitTest name="ConsumerId_CheckExpected" storage="d:\v2.0\a1\_work\dbded102\bin\release.anycpu\servicehooks.service\ms.vs.services.servicehooks.consumers.l0.tests\ms.vs.services.servicehooks.consumers.l0.tests.dll" priority="1" id="314005f9-b488-4164-5e71-618f7dcf2f7c">
      <Execution id="99e95f6f-26f6-4407-86f7-ea54e3d43663" />
      <TestMethod codeBase="D:\v2.0\A1\_work\dbded102\bin\Release.AnyCPU\ServiceHooks.Service\MS.VS.Services.ServiceHooks.Consumers.L0.Tests\MS.VS.Services.ServiceHooks.Consumers.L0.Tests.dll" adapterTypeName="Microsoft.VisualStudio.TestTools.TestTypes.Unit.UnitTestAdapter" className="MS.VS.Services.ServiceHooks.Consumers.L0.Tests.Azure.ServiceBusNotificationHubSendActionTests" name="ConsumerId_CheckExpected" />
    </UnitTest>
    <UnitTest name="Name_CheckExpected" storage="d:\v2.0\a1\_work\dbded102\bin\release.anycpu\servicehooks.service\ms.vs.services.servicehooks.consumers.l0.tests\ms.vs.services.servicehooks.consumers.l0.tests.dll" priority="1" id="f05df316-5f85-b72d-1df9-3c1b6430780e">
      <Execution id="618275e2-f41a-468b-91b0-3ffd39079d1a" />
      <TestMethod codeBase="D:\v2.0\A1\_work\dbded102\bin\Release.AnyCPU\ServiceHooks.Service\MS.VS.Services.ServiceHooks.Consumers.L0.Tests\MS.VS.Services.ServiceHooks.Consumers.L0.Tests.dll" adapterTypeName="Microsoft.VisualStudio.TestTools.TestTypes.Unit.UnitTestAdapter" className="MS.VS.Services.ServiceHooks.Consumers.L0.Tests.Azure.ServiceBusNotificationHubSendActionTests" name="Name_CheckExpected" />
    </UnitTest>
    <UnitTest name="Description_CheckExpected" storage="d:\v2.0\a1\_work\dbded102\bin\release.anycpu\servicehooks.service\ms.vs.services.servicehooks.consumers.l0.tests\ms.vs.services.servicehooks.consumers.l0.tests.dll" priority="1" id="a3d2e7b5-d776-502d-c3a7-bf78c9e366e7">
      <Execution id="ab3d014c-e1fb-463c-a50a-cf83eeb3cd6f" />
      <TestMethod codeBase="D:\v2.0\A1\_work\dbded102\bin\Release.AnyCPU\ServiceHooks.Service\MS.VS.Services.ServiceHooks.Consumers.L0.Tests\MS.VS.Services.ServiceHooks.Consumers.L0.Tests.dll" adapterTypeName="Microsoft.VisualStudio.TestTools.TestTypes.Unit.UnitTestAdapter" className="MS.VS.Services.ServiceHooks.Consumers.L0.Tests.Azure.ServiceBusNotificationHubSendActionTests" name="Description_CheckExpected" />
    </UnitTest>
    <UnitTest name="SupportedEventTypes_CheckExpected" storage="d:\v2.0\a1\_work\dbded102\bin\release.anycpu\servicehooks.service\ms.vs.services.servicehooks.consumers.l0.tests\ms.vs.services.servicehooks.consumers.l0.tests.dll" priority="1" id="5b299893-b1de-31a6-9f0f-0979fc76b63c">
      <Execution id="6de7d952-6522-49e7-9314-5216efddf19a" />
      <TestMethod codeBase="D:\v2.0\A1\_work\dbded102\bin\Release.AnyCPU\ServiceHooks.Service\MS.VS.Services.ServiceHooks.Consumers.L0.Tests\MS.VS.Services.ServiceHooks.Consumers.L0.Tests.dll" adapterTypeName="Microsoft.VisualStudio.TestTools.TestTypes.Unit.UnitTestAdapter" className="MS.VS.Services.ServiceHooks.Consumers.L0.Tests.Azure.ServiceBusNotificationHubSendActionTests" name="SupportedEventTypes_CheckExpected" />
    </UnitTest>
    <UnitTest name="SupportedResourceVersions_CheckExpected" storage="d:\v2.0\a1\_work\dbded102\bin\release.anycpu\servicehooks.service\ms.vs.services.servicehooks.consumers.l0.tests\ms.vs.services.servicehooks.consumers.l0.tests.dll" priority="1" id="0b946569-c76b-bf27-36bf-cb8a13730775">
      <Execution id="bfb23ce3-ab80-454d-9218-ea54ed2d87f7" />
      <TestMethod codeBase="D:\v2.0\A1\_work\dbded102\bin\Release.AnyCPU\ServiceHooks.Service\MS.VS.Services.ServiceHooks.Consumers.L0.Tests\MS.VS.Services.ServiceHooks.Consumers.L0.Tests.dll" adapterTypeName="Microsoft.VisualStudio.TestTools.TestTypes.Unit.UnitTestAdapter" className="MS.VS.Services.ServiceHooks.Consumers.L0.Tests.Azure.ServiceBusNotificationHubSendActionTests" name="SupportedResourceVersions_CheckExpected" />
    </UnitTest>
    <UnitTest name="AllowResourceVersionOverride_CheckExpected" storage="d:\v2.0\a1\_work\dbded102\bin\release.anycpu\servicehooks.service\ms.vs.services.servicehooks.consumers.l0.tests\ms.vs.services.servicehooks.consumers.l0.tests.dll" priority="1" id="18de5136-1f58-6d52-9601-02f56e432262">
      <Execution id="797497b8-26d3-4907-832c-306d5b27238a" />
      <TestMethod codeBase="D:\v2.0\A1\_work\dbded102\bin\Release.AnyCPU\ServiceHooks.Service\MS.VS.Services.ServiceHooks.Consumers.L0.Tests\MS.VS.Services.ServiceHooks.Consumers.L0.Tests.dll" adapterTypeName="Microsoft.VisualStudio.TestTools.TestTypes.Unit.UnitTestAdapter" className="MS.VS.Services.ServiceHooks.Consumers.L0.Tests.Azure.ServiceBusNotificationHubSendActionTests" name="AllowResourceVersionOverride_CheckExpected" />
    </UnitTest>
    <UnitTest name="InputDescriptors_CheckExpected" storage="d:\v2.0\a1\_work\dbded102\bin\release.anycpu\servicehooks.service\ms.vs.services.servicehooks.consumers.l0.tests\ms.vs.services.servicehooks.consumers.l0.tests.dll" priority="1" id="3b075d36-a36a-df34-239a-0f8f50f0623f">
      <Execution id="ae2a063d-8f29-4153-b8b4-ddd7bab9675a" />
      <TestMethod codeBase="D:\v2.0\A1\_work\dbded102\bin\Release.AnyCPU\ServiceHooks.Service\MS.VS.Services.ServiceHooks.Consumers.L0.Tests\MS.VS.Services.ServiceHooks.Consumers.L0.Tests.dll" adapterTypeName="Microsoft.VisualStudio.TestTools.TestTypes.Unit.UnitTestAdapter" className="MS.VS.Services.ServiceHooks.Consumers.L0.Tests.Azure.ServiceBusNotificationHubSendActionTests" name="InputDescriptors_CheckExpected" />
    </UnitTest>
    <UnitTest name="Run_QueueDoesNotExists_CheckQueueCreatedAndMessageSent" storage="d:\v2.0\a1\_work\dbded102\bin\release.anycpu\servicehooks.service\ms.vs.services.servicehooks.consumers.l0.tests\ms.vs.services.servicehooks.consumers.l0.tests.dll" priority="1" id="62502571-1035-7d6a-3022-a177e0ded64c">
      <Owners>
        <Owner name="v-bruca" />
      </Owners>
      <Execution id="d4d2d03b-cb79-45b2-95da-73ee9b6b8c2a" />
      <TestMethod codeBase="D:\v2.0\A1\_work\dbded102\bin\Release.AnyCPU\ServiceHooks.Service\MS.VS.Services.ServiceHooks.Consumers.L0.Tests\MS.VS.Services.ServiceHooks.Consumers.L0.Tests.dll" adapterTypeName="Microsoft.VisualStudio.TestTools.TestTypes.Unit.UnitTestAdapter" className="MS.VS.Services.ServiceHooks.Consumers.L0.Tests.Azure.ServiceBusQueueSendActionTaskTests" name="Run_QueueDoesNotExists_CheckQueueCreatedAndMessageSent" />
    </UnitTest>
    <UnitTest name="Run_QueueAlreadyExists_CheckMessageSent" storage="d:\v2.0\a1\_work\dbded102\bin\release.anycpu\servicehooks.service\ms.vs.services.servicehooks.consumers.l0.tests\ms.vs.services.servicehooks.consumers.l0.tests.dll" priority="1" id="db4d2c2d-5a0c-8371-d93f-94ccf598f366">
      <Owners>
        <Owner name="v-bruca" />
      </Owners>
      <Execution id="0f22a3c5-2a83-4d2f-b53c-bb63f7fa76f9" />
      <TestMethod codeBase="D:\v2.0\A1\_work\dbded102\bin\Release.AnyCPU\ServiceHooks.Service\MS.VS.Services.ServiceHooks.Consumers.L0.Tests\MS.VS.Services.ServiceHooks.Consumers.L0.Tests.dll" adapterTypeName="Microsoft.VisualStudio.TestTools.TestTypes.Unit.UnitTestAdapter" className="MS.VS.Services.ServiceHooks.Consumers.L0.Tests.Azure.ServiceBusQueueSendActionTaskTests" name="Run_QueueAlreadyExists_CheckMessageSent" />
    </UnitTest>
    <UnitTest name="Run_QueueAlreadyExists_CheckMessageSentBypassSerializer" storage="d:\v2.0\a1\_work\dbded102\bin\release.anycpu\servicehooks.service\ms.vs.services.servicehooks.consumers.l0.tests\ms.vs.services.servicehooks.consumers.l0.tests.dll" priority="1" id="1abc11fa-2618-49dc-d484-811061d7d28f">
      <Owners>
        <Owner name="v-bruca" />
      </Owners>
      <Execution id="dbbe3536-5cbb-49e6-bafa-9a3c2ec55346" />
      <TestMethod codeBase="D:\v2.0\A1\_work\dbded102\bin\Release.AnyCPU\ServiceHooks.Service\MS.VS.Services.ServiceHooks.Consumers.L0.Tests\MS.VS.Services.ServiceHooks.Consumers.L0.Tests.dll" adapterTypeName="Microsoft.VisualStudio.TestTools.TestTypes.Unit.UnitTestAdapter" className="MS.VS.Services.ServiceHooks.Consumers.L0.Tests.Azure.ServiceBusQueueSendActionTaskTests" name="Run_QueueAlreadyExists_CheckMessageSentBypassSerializer" />
    </UnitTest>
    <UnitTest name="GetInputValues_ReturnOptionsForCombo" storage="d:\v2.0\a1\_work\dbded102\bin\release.anycpu\servicehooks.service\ms.vs.services.servicehooks.consumers.l0.tests\ms.vs.services.servicehooks.consumers.l0.tests.dll" priority="1" id="1156cfdc-61e9-7497-ca12-5ccee0089891">
      <Owners>
        <Owner name="v-bruca" />
      </Owners>
      <Execution id="84bea3b5-aff2-46fc-8e49-1b47321f5f99" />
      <TestMethod codeBase="D:\v2.0\A1\_work\dbded102\bin\Release.AnyCPU\ServiceHooks.Service\MS.VS.Services.ServiceHooks.Consumers.L0.Tests\MS.VS.Services.ServiceHooks.Consumers.L0.Tests.dll" adapterTypeName="Microsoft.VisualStudio.TestTools.TestTypes.Unit.UnitTestAdapter" className="MS.VS.Services.ServiceHooks.Consumers.L0.Tests.Azure.ServiceBusQueueSendActionTests" name="GetInputValues_ReturnOptionsForCombo" />
    </UnitTest>
    <UnitTest name="HandleEvent_WithMinimalPayload_CheckReturnedQueueSendActionTask" storage="d:\v2.0\a1\_work\dbded102\bin\release.anycpu\servicehooks.service\ms.vs.services.servicehooks.consumers.l0.tests\ms.vs.services.servicehooks.consumers.l0.tests.dll" priority="1" id="d5e80fa0-1158-259c-03c3-7af83677b8b8">
      <Owners>
        <Owner name="v-bruca" />
      </Owners>
      <Execution id="e892bac1-91cd-431a-b632-0020b55ef080" />
      <TestMethod codeBase="D:\v2.0\A1\_work\dbded102\bin\Release.AnyCPU\ServiceHooks.Service\MS.VS.Services.ServiceHooks.Consumers.L0.Tests\MS.VS.Services.ServiceHooks.Consumers.L0.Tests.dll" adapterTypeName="Microsoft.VisualStudio.TestTools.TestTypes.Unit.UnitTestAdapter" className="MS.VS.Services.ServiceHooks.Consumers.L0.Tests.Azure.ServiceBusQueueSendActionTests" name="HandleEvent_WithMinimalPayload_CheckReturnedQueueSendActionTask" />
    </UnitTest>
    <UnitTest name="HandleEvent_FullPayload_CheckReturnedQueueSendActionTask" storage="d:\v2.0\a1\_work\dbded102\bin\release.anycpu\servicehooks.service\ms.vs.services.servicehooks.consumers.l0.tests\ms.vs.services.servicehooks.consumers.l0.tests.dll" priority="1" id="514a7a0f-56bf-861b-3d3d-30e612422a6a">
      <Owners>
        <Owner name="v-bruca" />
      </Owners>
      <Execution id="131806d5-2ba7-427a-950d-d9e4375e309c" />
      <TestMethod codeBase="D:\v2.0\A1\_work\dbded102\bin\Release.AnyCPU\ServiceHooks.Service\MS.VS.Services.ServiceHooks.Consumers.L0.Tests\MS.VS.Services.ServiceHooks.Consumers.L0.Tests.dll" adapterTypeName="Microsoft.VisualStudio.TestTools.TestTypes.Unit.UnitTestAdapter" className="MS.VS.Services.ServiceHooks.Consumers.L0.Tests.Azure.ServiceBusQueueSendActionTests" name="HandleEvent_FullPayload_CheckReturnedQueueSendActionTask" />
    </UnitTest>
    <UnitTest name="HandleEvent_BypassSerialization_CheckReturnedQueueSendActionTask" storage="d:\v2.0\a1\_work\dbded102\bin\release.anycpu\servicehooks.service\ms.vs.services.servicehooks.consumers.l0.tests\ms.vs.services.servicehooks.consumers.l0.tests.dll" priority="1" id="47440c80-b823-5bb9-c5ee-028b832e8b32">
      <Owners>
        <Owner name="v-bruca" />
      </Owners>
      <Execution id="ba5182ea-563a-444b-a12a-69bcfc15b2af" />
      <TestMethod codeBase="D:\v2.0\A1\_work\dbded102\bin\Release.AnyCPU\ServiceHooks.Service\MS.VS.Services.ServiceHooks.Consumers.L0.Tests\MS.VS.Services.ServiceHooks.Consumers.L0.Tests.dll" adapterTypeName="Microsoft.VisualStudio.TestTools.TestTypes.Unit.UnitTestAdapter" className="MS.VS.Services.ServiceHooks.Consumers.L0.Tests.Azure.ServiceBusQueueSendActionTests" name="HandleEvent_BypassSerialization_CheckReturnedQueueSendActionTask" />
    </UnitTest>
    <UnitTest name="GetInputValues_UnknownInput_ShouldReturnNull" storage="d:\v2.0\a1\_work\dbded102\bin\release.anycpu\servicehooks.service\ms.vs.services.servicehooks.consumers.l0.tests\ms.vs.services.servicehooks.consumers.l0.tests.dll" priority="1" id="2015841b-fbf2-76d7-bc7a-d52fabc45528">
      <Owners>
        <Owner name="v-bruca" />
      </Owners>
      <Execution id="9034990c-58e3-4e16-9db9-1e1350345c45" />
      <TestMethod codeBase="D:\v2.0\A1\_work\dbded102\bin\Release.AnyCPU\ServiceHooks.Service\MS.VS.Services.ServiceHooks.Consumers.L0.Tests\MS.VS.Services.ServiceHooks.Consumers.L0.Tests.dll" adapterTypeName="Microsoft.VisualStudio.TestTools.TestTypes.Unit.UnitTestAdapter" className="MS.VS.Services.ServiceHooks.Consumers.L0.Tests.Azure.ServiceBusQueueSendActionTests" name="GetInputValues_UnknownInput_ShouldReturnNull" />
    </UnitTest>
    <UnitTest name="GetInputValues_MinimumMandatoryServiceBusInputsNotMet_ReturnDefaultValue" storage="d:\v2.0\a1\_work\dbded102\bin\release.anycpu\servicehooks.service\ms.vs.services.servicehooks.consumers.l0.tests\ms.vs.services.servicehooks.consumers.l0.tests.dll" priority="1" id="ffbbfa1e-d7cb-431f-a9fc-b22eae674256">
      <Owners>
        <Owner name="v-bruca" />
      </Owners>
      <Execution id="b2e459ae-27de-433c-a157-73924cbff83e" />
      <TestMethod codeBase="D:\v2.0\A1\_work\dbded102\bin\Release.AnyCPU\ServiceHooks.Service\MS.VS.Services.ServiceHooks.Consumers.L0.Tests\MS.VS.Services.ServiceHooks.Consumers.L0.Tests.dll" adapterTypeName="Microsoft.VisualStudio.TestTools.TestTypes.Unit.UnitTestAdapter" className="MS.VS.Services.ServiceHooks.Consumers.L0.Tests.Azure.ServiceBusQueueSendActionTests" name="GetInputValues_MinimumMandatoryServiceBusInputsNotMet_ReturnDefaultValue" />
    </UnitTest>
    <UnitTest name="GetInputValues_InvalidConnectionString_ShouldReturnErrorConnectionStringNotValid" storage="d:\v2.0\a1\_work\dbded102\bin\release.anycpu\servicehooks.service\ms.vs.services.servicehooks.consumers.l0.tests\ms.vs.services.servicehooks.consumers.l0.tests.dll" priority="1" id="508d2cf5-e255-a461-b3d8-40d2ba7c9cac">
      <Owners>
        <Owner name="v-bruca" />
      </Owners>
      <Execution id="94f1539e-24df-49ae-83fc-25362e06195c" />
      <TestMethod codeBase="D:\v2.0\A1\_work\dbded102\bin\Release.AnyCPU\ServiceHooks.Service\MS.VS.Services.ServiceHooks.Consumers.L0.Tests\MS.VS.Services.ServiceHooks.Consumers.L0.Tests.dll" adapterTypeName="Microsoft.VisualStudio.TestTools.TestTypes.Unit.UnitTestAdapter" className="MS.VS.Services.ServiceHooks.Consumers.L0.Tests.Azure.ServiceBusQueueSendActionTests" name="GetInputValues_InvalidConnectionString_ShouldReturnErrorConnectionStringNotValid" />
    </UnitTest>
    <UnitTest name="GetInputValues_UanuthorizedConnectionString_ShouldReturnErrorNotauthorized" storage="d:\v2.0\a1\_work\dbded102\bin\release.anycpu\servicehooks.service\ms.vs.services.servicehooks.consumers.l0.tests\ms.vs.services.servicehooks.consumers.l0.tests.dll" priority="1" id="a7eb4aa7-1614-a5e0-83c3-e8434bb173dd">
      <Owners>
        <Owner name="v-bruca" />
      </Owners>
      <Execution id="73621756-8b88-4e9a-a057-678dec103b6c" />
      <TestMethod codeBase="D:\v2.0\A1\_work\dbded102\bin\Release.AnyCPU\ServiceHooks.Service\MS.VS.Services.ServiceHooks.Consumers.L0.Tests\MS.VS.Services.ServiceHooks.Consumers.L0.Tests.dll" adapterTypeName="Microsoft.VisualStudio.TestTools.TestTypes.Unit.UnitTestAdapter" className="MS.VS.Services.ServiceHooks.Consumers.L0.Tests.Azure.ServiceBusQueueSendActionTests" name="GetInputValues_UanuthorizedConnectionString_ShouldReturnErrorNotauthorized" />
    </UnitTest>
    <UnitTest name="GetInputValues_Exception_ShouldReturnErrorMessage" storage="d:\v2.0\a1\_work\dbded102\bin\release.anycpu\servicehooks.service\ms.vs.services.servicehooks.consumers.l0.tests\ms.vs.services.servicehooks.consumers.l0.tests.dll" priority="1" id="24af9b2b-9120-fbdc-a283-b2d9423359a9">
      <Owners>
        <Owner name="v-bruca" />
      </Owners>
      <Execution id="060282ef-eb2c-4b2a-99ce-5215f3235566" />
      <TestMethod codeBase="D:\v2.0\A1\_work\dbded102\bin\Release.AnyCPU\ServiceHooks.Service\MS.VS.Services.ServiceHooks.Consumers.L0.Tests\MS.VS.Services.ServiceHooks.Consumers.L0.Tests.dll" adapterTypeName="Microsoft.VisualStudio.TestTools.TestTypes.Unit.UnitTestAdapter" className="MS.VS.Services.ServiceHooks.Consumers.L0.Tests.Azure.ServiceBusQueueSendActionTests" name="GetInputValues_Exception_ShouldReturnErrorMessage" />
    </UnitTest>
    <UnitTest name="Id_CheckExpected" storage="d:\v2.0\a1\_work\dbded102\bin\release.anycpu\servicehooks.service\ms.vs.services.servicehooks.consumers.l0.tests\ms.vs.services.servicehooks.consumers.l0.tests.dll" priority="1" id="67235152-86af-3033-6afc-c0bfea649535">
      <Execution id="29008c61-88ac-42a0-b3a8-3e17e387883f" />
      <TestMethod codeBase="D:\v2.0\A1\_work\dbded102\bin\Release.AnyCPU\ServiceHooks.Service\MS.VS.Services.ServiceHooks.Consumers.L0.Tests\MS.VS.Services.ServiceHooks.Consumers.L0.Tests.dll" adapterTypeName="Microsoft.VisualStudio.TestTools.TestTypes.Unit.UnitTestAdapter" className="MS.VS.Services.ServiceHooks.Consumers.L0.Tests.Azure.ServiceBusQueueSendActionTests" name="Id_CheckExpected" />
    </UnitTest>
    <UnitTest name="ConsumerId_CheckExpected" storage="d:\v2.0\a1\_work\dbded102\bin\release.anycpu\servicehooks.service\ms.vs.services.servicehooks.consumers.l0.tests\ms.vs.services.servicehooks.consumers.l0.tests.dll" priority="1" id="479c95cb-c81e-aad2-ec14-73bfc7677e87">
      <Execution id="c8e53762-a84a-49a5-8762-5692f865b0e0" />
      <TestMethod codeBase="D:\v2.0\A1\_work\dbded102\bin\Release.AnyCPU\ServiceHooks.Service\MS.VS.Services.ServiceHooks.Consumers.L0.Tests\MS.VS.Services.ServiceHooks.Consumers.L0.Tests.dll" adapterTypeName="Microsoft.VisualStudio.TestTools.TestTypes.Unit.UnitTestAdapter" className="MS.VS.Services.ServiceHooks.Consumers.L0.Tests.Azure.ServiceBusQueueSendActionTests" name="ConsumerId_CheckExpected" />
    </UnitTest>
    <UnitTest name="Name_CheckExpected" storage="d:\v2.0\a1\_work\dbded102\bin\release.anycpu\servicehooks.service\ms.vs.services.servicehooks.consumers.l0.tests\ms.vs.services.servicehooks.consumers.l0.tests.dll" priority="1" id="0950cb0a-c3a9-1505-562d-567fafa6a50d">
      <Execution id="11318763-24f1-4333-b90e-927c2b7a2579" />
      <TestMethod codeBase="D:\v2.0\A1\_work\dbded102\bin\Release.AnyCPU\ServiceHooks.Service\MS.VS.Services.ServiceHooks.Consumers.L0.Tests\MS.VS.Services.ServiceHooks.Consumers.L0.Tests.dll" adapterTypeName="Microsoft.VisualStudio.TestTools.TestTypes.Unit.UnitTestAdapter" className="MS.VS.Services.ServiceHooks.Consumers.L0.Tests.Azure.ServiceBusQueueSendActionTests" name="Name_CheckExpected" />
    </UnitTest>
    <UnitTest name="Description_CheckExpected" storage="d:\v2.0\a1\_work\dbded102\bin\release.anycpu\servicehooks.service\ms.vs.services.servicehooks.consumers.l0.tests\ms.vs.services.servicehooks.consumers.l0.tests.dll" priority="1" id="efeb9b08-f0ee-5a74-056a-368414fb474d">
      <Execution id="1eae14ed-3e71-4e73-bd96-21c4db9305b5" />
      <TestMethod codeBase="D:\v2.0\A1\_work\dbded102\bin\Release.AnyCPU\ServiceHooks.Service\MS.VS.Services.ServiceHooks.Consumers.L0.Tests\MS.VS.Services.ServiceHooks.Consumers.L0.Tests.dll" adapterTypeName="Microsoft.VisualStudio.TestTools.TestTypes.Unit.UnitTestAdapter" className="MS.VS.Services.ServiceHooks.Consumers.L0.Tests.Azure.ServiceBusQueueSendActionTests" name="Description_CheckExpected" />
    </UnitTest>
    <UnitTest name="SupportedEventTypes_CheckExpected" storage="d:\v2.0\a1\_work\dbded102\bin\release.anycpu\servicehooks.service\ms.vs.services.servicehooks.consumers.l0.tests\ms.vs.services.servicehooks.consumers.l0.tests.dll" priority="1" id="6ae75763-985b-4f06-f525-54e49b625390">
      <Execution id="a33e2c69-0c7b-482f-a62d-f865d60e69e0" />
      <TestMethod codeBase="D:\v2.0\A1\_work\dbded102\bin\Release.AnyCPU\ServiceHooks.Service\MS.VS.Services.ServiceHooks.Consumers.L0.Tests\MS.VS.Services.ServiceHooks.Consumers.L0.Tests.dll" adapterTypeName="Microsoft.VisualStudio.TestTools.TestTypes.Unit.UnitTestAdapter" className="MS.VS.Services.ServiceHooks.Consumers.L0.Tests.Azure.ServiceBusQueueSendActionTests" name="SupportedEventTypes_CheckExpected" />
    </UnitTest>
    <UnitTest name="SupportedResourceVersions_CheckExpected" storage="d:\v2.0\a1\_work\dbded102\bin\release.anycpu\servicehooks.service\ms.vs.services.servicehooks.consumers.l0.tests\ms.vs.services.servicehooks.consumers.l0.tests.dll" priority="1" id="594ba0ee-ddbc-d4ae-e5d3-cc2e207251bf">
      <Execution id="d1f4d228-5d35-447b-81ee-abb604b20eb1" />
      <TestMethod codeBase="D:\v2.0\A1\_work\dbded102\bin\Release.AnyCPU\ServiceHooks.Service\MS.VS.Services.ServiceHooks.Consumers.L0.Tests\MS.VS.Services.ServiceHooks.Consumers.L0.Tests.dll" adapterTypeName="Microsoft.VisualStudio.TestTools.TestTypes.Unit.UnitTestAdapter" className="MS.VS.Services.ServiceHooks.Consumers.L0.Tests.Azure.ServiceBusQueueSendActionTests" name="SupportedResourceVersions_CheckExpected" />
    </UnitTest>
    <UnitTest name="AllowResourceVersionOverride_CheckExpected" storage="d:\v2.0\a1\_work\dbded102\bin\release.anycpu\servicehooks.service\ms.vs.services.servicehooks.consumers.l0.tests\ms.vs.services.servicehooks.consumers.l0.tests.dll" priority="1" id="02e6f005-4c15-d7e4-bfea-4d02bcbf6e79">
      <Execution id="1d8702b0-1286-4b56-aefc-b5ad9ca126d2" />
      <TestMethod codeBase="D:\v2.0\A1\_work\dbded102\bin\Release.AnyCPU\ServiceHooks.Service\MS.VS.Services.ServiceHooks.Consumers.L0.Tests\MS.VS.Services.ServiceHooks.Consumers.L0.Tests.dll" adapterTypeName="Microsoft.VisualStudio.TestTools.TestTypes.Unit.UnitTestAdapter" className="MS.VS.Services.ServiceHooks.Consumers.L0.Tests.Azure.ServiceBusQueueSendActionTests" name="AllowResourceVersionOverride_CheckExpected" />
    </UnitTest>
    <UnitTest name="InputDescriptors_CheckExpected" storage="d:\v2.0\a1\_work\dbded102\bin\release.anycpu\servicehooks.service\ms.vs.services.servicehooks.consumers.l0.tests\ms.vs.services.servicehooks.consumers.l0.tests.dll" priority="1" id="2436226a-7f01-868f-037f-2ab76c0ce2e8">
      <Execution id="8fce882a-d8f7-4824-afaa-a18060705a5d" />
      <TestMethod codeBase="D:\v2.0\A1\_work\dbded102\bin\Release.AnyCPU\ServiceHooks.Service\MS.VS.Services.ServiceHooks.Consumers.L0.Tests\MS.VS.Services.ServiceHooks.Consumers.L0.Tests.dll" adapterTypeName="Microsoft.VisualStudio.TestTools.TestTypes.Unit.UnitTestAdapter" className="MS.VS.Services.ServiceHooks.Consumers.L0.Tests.Azure.ServiceBusQueueSendActionTests" name="InputDescriptors_CheckExpected" />
    </UnitTest>
    <UnitTest name="Run_TopicDoesNotExists_CheckTopicCreatedAndMessageSent" storage="d:\v2.0\a1\_work\dbded102\bin\release.anycpu\servicehooks.service\ms.vs.services.servicehooks.consumers.l0.tests\ms.vs.services.servicehooks.consumers.l0.tests.dll" priority="1" id="a9a455f7-2425-fcfe-ea5b-f86f288f0218">
      <Owners>
        <Owner name="v-bruca" />
      </Owners>
      <Execution id="ab5cf261-285a-431f-9f71-1efd471f5d8a" />
      <TestMethod codeBase="D:\v2.0\A1\_work\dbded102\bin\Release.AnyCPU\ServiceHooks.Service\MS.VS.Services.ServiceHooks.Consumers.L0.Tests\MS.VS.Services.ServiceHooks.Consumers.L0.Tests.dll" adapterTypeName="Microsoft.VisualStudio.TestTools.TestTypes.Unit.UnitTestAdapter" className="MS.VS.Services.ServiceHooks.Consumers.L0.Tests.Azure.ServiceBusTopicSendActionTaskTests" name="Run_TopicDoesNotExists_CheckTopicCreatedAndMessageSent" />
    </UnitTest>
    <UnitTest name="Run_TopicAlreadyExists_CheckMessageSent" storage="d:\v2.0\a1\_work\dbded102\bin\release.anycpu\servicehooks.service\ms.vs.services.servicehooks.consumers.l0.tests\ms.vs.services.servicehooks.consumers.l0.tests.dll" priority="1" id="5862ef0b-2ead-1913-e711-d890de74a12e">
      <Owners>
        <Owner name="v-bruca" />
      </Owners>
      <Execution id="121dd051-cd23-4bd2-8d99-810d727d0de7" />
      <TestMethod codeBase="D:\v2.0\A1\_work\dbded102\bin\Release.AnyCPU\ServiceHooks.Service\MS.VS.Services.ServiceHooks.Consumers.L0.Tests\MS.VS.Services.ServiceHooks.Consumers.L0.Tests.dll" adapterTypeName="Microsoft.VisualStudio.TestTools.TestTypes.Unit.UnitTestAdapter" className="MS.VS.Services.ServiceHooks.Consumers.L0.Tests.Azure.ServiceBusTopicSendActionTaskTests" name="Run_TopicAlreadyExists_CheckMessageSent" />
    </UnitTest>
    <UnitTest name="Run_TopicAlreadyExists_CheckMessageSentBypassSerializer" storage="d:\v2.0\a1\_work\dbded102\bin\release.anycpu\servicehooks.service\ms.vs.services.servicehooks.consumers.l0.tests\ms.vs.services.servicehooks.consumers.l0.tests.dll" priority="1" id="28584c59-c96a-f483-7be4-389fb19fc7e4">
      <Owners>
        <Owner name="v-bruca" />
      </Owners>
      <Execution id="e436858d-f1c1-41c0-b0f0-ab8f92d71900" />
      <TestMethod codeBase="D:\v2.0\A1\_work\dbded102\bin\Release.AnyCPU\ServiceHooks.Service\MS.VS.Services.ServiceHooks.Consumers.L0.Tests\MS.VS.Services.ServiceHooks.Consumers.L0.Tests.dll" adapterTypeName="Microsoft.VisualStudio.TestTools.TestTypes.Unit.UnitTestAdapter" className="MS.VS.Services.ServiceHooks.Consumers.L0.Tests.Azure.ServiceBusTopicSendActionTaskTests" name="Run_TopicAlreadyExists_CheckMessageSentBypassSerializer" />
    </UnitTest>
    <UnitTest name="GetInputValues_ReturnOptionsForCombo" storage="d:\v2.0\a1\_work\dbded102\bin\release.anycpu\servicehooks.service\ms.vs.services.servicehooks.consumers.l0.tests\ms.vs.services.servicehooks.consumers.l0.tests.dll" priority="1" id="ef5c1d7e-c8dd-f0df-0354-5bc91196e0fc">
      <Owners>
        <Owner name="v-bruca" />
      </Owners>
      <Execution id="270e22ac-0206-4d22-9398-e72497e3467f" />
      <TestMethod codeBase="D:\v2.0\A1\_work\dbded102\bin\Release.AnyCPU\ServiceHooks.Service\MS.VS.Services.ServiceHooks.Consumers.L0.Tests\MS.VS.Services.ServiceHooks.Consumers.L0.Tests.dll" adapterTypeName="Microsoft.VisualStudio.TestTools.TestTypes.Unit.UnitTestAdapter" className="MS.VS.Services.ServiceHooks.Consumers.L0.Tests.Azure.ServiceBusTopicSendActionTests" name="GetInputValues_ReturnOptionsForCombo" />
    </UnitTest>
    <UnitTest name="HandleEvent_WithMinimalPayload_CheckReturnedTopicSendActionTask" storage="d:\v2.0\a1\_work\dbded102\bin\release.anycpu\servicehooks.service\ms.vs.services.servicehooks.consumers.l0.tests\ms.vs.services.servicehooks.consumers.l0.tests.dll" priority="1" id="6f1cbe92-58d7-757e-9151-ca591edfb0a2">
      <Owners>
        <Owner name="v-bruca" />
      </Owners>
      <Execution id="f1ae9c76-83f6-443c-9cfe-4d3c0fe9040b" />
      <TestMethod codeBase="D:\v2.0\A1\_work\dbded102\bin\Release.AnyCPU\ServiceHooks.Service\MS.VS.Services.ServiceHooks.Consumers.L0.Tests\MS.VS.Services.ServiceHooks.Consumers.L0.Tests.dll" adapterTypeName="Microsoft.VisualStudio.TestTools.TestTypes.Unit.UnitTestAdapter" className="MS.VS.Services.ServiceHooks.Consumers.L0.Tests.Azure.ServiceBusTopicSendActionTests" name="HandleEvent_WithMinimalPayload_CheckReturnedTopicSendActionTask" />
    </UnitTest>
    <UnitTest name="HandleEvent_FullPayload_CheckReturnedTopicSendActionTask" storage="d:\v2.0\a1\_work\dbded102\bin\release.anycpu\servicehooks.service\ms.vs.services.servicehooks.consumers.l0.tests\ms.vs.services.servicehooks.consumers.l0.tests.dll" priority="1" id="d782249d-21a5-a838-7a6b-c85907be1c22">
      <Owners>
        <Owner name="v-bruca" />
      </Owners>
      <Execution id="6bd59bb6-49c6-4bfa-a87a-1567c2c782e2" />
      <TestMethod codeBase="D:\v2.0\A1\_work\dbded102\bin\Release.AnyCPU\ServiceHooks.Service\MS.VS.Services.ServiceHooks.Consumers.L0.Tests\MS.VS.Services.ServiceHooks.Consumers.L0.Tests.dll" adapterTypeName="Microsoft.VisualStudio.TestTools.TestTypes.Unit.UnitTestAdapter" className="MS.VS.Services.ServiceHooks.Consumers.L0.Tests.Azure.ServiceBusTopicSendActionTests" name="HandleEvent_FullPayload_CheckReturnedTopicSendActionTask" />
    </UnitTest>
    <UnitTest name="HandleEvent_BypassSerialization_CheckReturnedTopicSendActionTask" storage="d:\v2.0\a1\_work\dbded102\bin\release.anycpu\servicehooks.service\ms.vs.services.servicehooks.consumers.l0.tests\ms.vs.services.servicehooks.consumers.l0.tests.dll" priority="1" id="01cce21d-fc39-2474-4f6e-2f33417dc062">
      <Owners>
        <Owner name="v-bruca" />
      </Owners>
      <Execution id="fb7c0007-553b-4e56-a379-6acd4a4b7773" />
      <TestMethod codeBase="D:\v2.0\A1\_work\dbded102\bin\Release.AnyCPU\ServiceHooks.Service\MS.VS.Services.ServiceHooks.Consumers.L0.Tests\MS.VS.Services.ServiceHooks.Consumers.L0.Tests.dll" adapterTypeName="Microsoft.VisualStudio.TestTools.TestTypes.Unit.UnitTestAdapter" className="MS.VS.Services.ServiceHooks.Consumers.L0.Tests.Azure.ServiceBusTopicSendActionTests" name="HandleEvent_BypassSerialization_CheckReturnedTopicSendActionTask" />
    </UnitTest>
    <UnitTest name="GetInputValues_UnknownInput_ShouldReturnNull" storage="d:\v2.0\a1\_work\dbded102\bin\release.anycpu\servicehooks.service\ms.vs.services.servicehooks.consumers.l0.tests\ms.vs.services.servicehooks.consumers.l0.tests.dll" priority="1" id="b06d5479-3661-92ec-e8cb-b70c04f21a31">
      <Owners>
        <Owner name="v-bruca" />
      </Owners>
      <Execution id="f91cae36-180c-48ab-a8fb-ee349b77709b" />
      <TestMethod codeBase="D:\v2.0\A1\_work\dbded102\bin\Release.AnyCPU\ServiceHooks.Service\MS.VS.Services.ServiceHooks.Consumers.L0.Tests\MS.VS.Services.ServiceHooks.Consumers.L0.Tests.dll" adapterTypeName="Microsoft.VisualStudio.TestTools.TestTypes.Unit.UnitTestAdapter" className="MS.VS.Services.ServiceHooks.Consumers.L0.Tests.Azure.ServiceBusTopicSendActionTests" name="GetInputValues_UnknownInput_ShouldReturnNull" />
    </UnitTest>
    <UnitTest name="GetInputValues_MinimumMandatoryServiceBusInputsNotMet_ReturnDefaultValue" storage="d:\v2.0\a1\_work\dbded102\bin\release.anycpu\servicehooks.service\ms.vs.services.servicehooks.consumers.l0.tests\ms.vs.services.servicehooks.consumers.l0.tests.dll" priority="1" id="a93ce790-f3f2-d017-8a67-51084a512f6d">
      <Owners>
        <Owner name="v-bruca" />
      </Owners>
      <Execution id="b730f53e-fc56-46e7-9182-9768f19c1f36" />
      <TestMethod codeBase="D:\v2.0\A1\_work\dbded102\bin\Release.AnyCPU\ServiceHooks.Service\MS.VS.Services.ServiceHooks.Consumers.L0.Tests\MS.VS.Services.ServiceHooks.Consumers.L0.Tests.dll" adapterTypeName="Microsoft.VisualStudio.TestTools.TestTypes.Unit.UnitTestAdapter" className="MS.VS.Services.ServiceHooks.Consumers.L0.Tests.Azure.ServiceBusTopicSendActionTests" name="GetInputValues_MinimumMandatoryServiceBusInputsNotMet_ReturnDefaultValue" />
    </UnitTest>
    <UnitTest name="GetInputValues_InvalidConnectionString_ShouldReturnErrorConnectionStringNotValid" storage="d:\v2.0\a1\_work\dbded102\bin\release.anycpu\servicehooks.service\ms.vs.services.servicehooks.consumers.l0.tests\ms.vs.services.servicehooks.consumers.l0.tests.dll" priority="1" id="9eb24ecf-d4c8-ac46-6d5c-53462b1398f8">
      <Owners>
        <Owner name="v-bruca" />
      </Owners>
      <Execution id="f8579266-bfc8-474c-9662-1d0b187968df" />
      <TestMethod codeBase="D:\v2.0\A1\_work\dbded102\bin\Release.AnyCPU\ServiceHooks.Service\MS.VS.Services.ServiceHooks.Consumers.L0.Tests\MS.VS.Services.ServiceHooks.Consumers.L0.Tests.dll" adapterTypeName="Microsoft.VisualStudio.TestTools.TestTypes.Unit.UnitTestAdapter" className="MS.VS.Services.ServiceHooks.Consumers.L0.Tests.Azure.ServiceBusTopicSendActionTests" name="GetInputValues_InvalidConnectionString_ShouldReturnErrorConnectionStringNotValid" />
    </UnitTest>
    <UnitTest name="GetInputValues_UanuthorizedConnectionString_ShouldReturnErrorNotauthorized" storage="d:\v2.0\a1\_work\dbded102\bin\release.anycpu\servicehooks.service\ms.vs.services.servicehooks.consumers.l0.tests\ms.vs.services.servicehooks.consumers.l0.tests.dll" priority="1" id="4922f760-9254-9791-e824-6b6bc683a989">
      <Owners>
        <Owner name="v-bruca" />
      </Owners>
      <Execution id="84e76eba-96d7-4b8f-a671-7f1cd73d5e73" />
      <TestMethod codeBase="D:\v2.0\A1\_work\dbded102\bin\Release.AnyCPU\ServiceHooks.Service\MS.VS.Services.ServiceHooks.Consumers.L0.Tests\MS.VS.Services.ServiceHooks.Consumers.L0.Tests.dll" adapterTypeName="Microsoft.VisualStudio.TestTools.TestTypes.Unit.UnitTestAdapter" className="MS.VS.Services.ServiceHooks.Consumers.L0.Tests.Azure.ServiceBusTopicSendActionTests" name="GetInputValues_UanuthorizedConnectionString_ShouldReturnErrorNotauthorized" />
    </UnitTest>
    <UnitTest name="GetInputValues_Exception_ShouldReturnErrorMessage" storage="d:\v2.0\a1\_work\dbded102\bin\release.anycpu\servicehooks.service\ms.vs.services.servicehooks.consumers.l0.tests\ms.vs.services.servicehooks.consumers.l0.tests.dll" priority="1" id="085741a6-8893-765c-976b-ed8329fa761f">
      <Owners>
        <Owner name="v-bruca" />
      </Owners>
      <Execution id="f947976b-2273-4872-998e-39bab3566e1b" />
      <TestMethod codeBase="D:\v2.0\A1\_work\dbded102\bin\Release.AnyCPU\ServiceHooks.Service\MS.VS.Services.ServiceHooks.Consumers.L0.Tests\MS.VS.Services.ServiceHooks.Consumers.L0.Tests.dll" adapterTypeName="Microsoft.VisualStudio.TestTools.TestTypes.Unit.UnitTestAdapter" className="MS.VS.Services.ServiceHooks.Consumers.L0.Tests.Azure.ServiceBusTopicSendActionTests" name="GetInputValues_Exception_ShouldReturnErrorMessage" />
    </UnitTest>
    <UnitTest name="Id_CheckExpected" storage="d:\v2.0\a1\_work\dbded102\bin\release.anycpu\servicehooks.service\ms.vs.services.servicehooks.consumers.l0.tests\ms.vs.services.servicehooks.consumers.l0.tests.dll" priority="1" id="025d8662-04f1-33b2-b862-2f8ae0147fcd">
      <Execution id="ade18e89-4794-4529-9ea9-614fade47b9b" />
      <TestMethod codeBase="D:\v2.0\A1\_work\dbded102\bin\Release.AnyCPU\ServiceHooks.Service\MS.VS.Services.ServiceHooks.Consumers.L0.Tests\MS.VS.Services.ServiceHooks.Consumers.L0.Tests.dll" adapterTypeName="Microsoft.VisualStudio.TestTools.TestTypes.Unit.UnitTestAdapter" className="MS.VS.Services.ServiceHooks.Consumers.L0.Tests.Azure.ServiceBusTopicSendActionTests" name="Id_CheckExpected" />
    </UnitTest>
    <UnitTest name="ConsumerId_CheckExpected" storage="d:\v2.0\a1\_work\dbded102\bin\release.anycpu\servicehooks.service\ms.vs.services.servicehooks.consumers.l0.tests\ms.vs.services.servicehooks.consumers.l0.tests.dll" priority="1" id="81984337-b057-e1cc-2d49-c73ea034be9b">
      <Execution id="a3aeca3e-962f-42c9-b2fb-718652b54a60" />
      <TestMethod codeBase="D:\v2.0\A1\_work\dbded102\bin\Release.AnyCPU\ServiceHooks.Service\MS.VS.Services.ServiceHooks.Consumers.L0.Tests\MS.VS.Services.ServiceHooks.Consumers.L0.Tests.dll" adapterTypeName="Microsoft.VisualStudio.TestTools.TestTypes.Unit.UnitTestAdapter" className="MS.VS.Services.ServiceHooks.Consumers.L0.Tests.Azure.ServiceBusTopicSendActionTests" name="ConsumerId_CheckExpected" />
    </UnitTest>
    <UnitTest name="Name_CheckExpected" storage="d:\v2.0\a1\_work\dbded102\bin\release.anycpu\servicehooks.service\ms.vs.services.servicehooks.consumers.l0.tests\ms.vs.services.servicehooks.consumers.l0.tests.dll" priority="1" id="6ef57013-4160-cf27-4433-b8754523e03e">
      <Execution id="198cf3aa-6082-47a5-80df-d1246809cf5a" />
      <TestMethod codeBase="D:\v2.0\A1\_work\dbded102\bin\Release.AnyCPU\ServiceHooks.Service\MS.VS.Services.ServiceHooks.Consumers.L0.Tests\MS.VS.Services.ServiceHooks.Consumers.L0.Tests.dll" adapterTypeName="Microsoft.VisualStudio.TestTools.TestTypes.Unit.UnitTestAdapter" className="MS.VS.Services.ServiceHooks.Consumers.L0.Tests.Azure.ServiceBusTopicSendActionTests" name="Name_CheckExpected" />
    </UnitTest>
    <UnitTest name="Description_CheckExpected" storage="d:\v2.0\a1\_work\dbded102\bin\release.anycpu\servicehooks.service\ms.vs.services.servicehooks.consumers.l0.tests\ms.vs.services.servicehooks.consumers.l0.tests.dll" priority="1" id="434b8941-22c5-9845-1f35-ce150d860225">
      <Execution id="26593844-f7eb-436a-b7c9-36c15b756469" />
      <TestMethod codeBase="D:\v2.0\A1\_work\dbded102\bin\Release.AnyCPU\ServiceHooks.Service\MS.VS.Services.ServiceHooks.Consumers.L0.Tests\MS.VS.Services.ServiceHooks.Consumers.L0.Tests.dll" adapterTypeName="Microsoft.VisualStudio.TestTools.TestTypes.Unit.UnitTestAdapter" className="MS.VS.Services.ServiceHooks.Consumers.L0.Tests.Azure.ServiceBusTopicSendActionTests" name="Description_CheckExpected" />
    </UnitTest>
    <UnitTest name="SupportedEventTypes_CheckExpected" storage="d:\v2.0\a1\_work\dbded102\bin\release.anycpu\servicehooks.service\ms.vs.services.servicehooks.consumers.l0.tests\ms.vs.services.servicehooks.consumers.l0.tests.dll" priority="1" id="98534dcf-fe2f-08f8-05b1-9a40a80b9942">
      <Execution id="16c21846-2550-4d04-8c90-20d479ecc06f" />
      <TestMethod codeBase="D:\v2.0\A1\_work\dbded102\bin\Release.AnyCPU\ServiceHooks.Service\MS.VS.Services.ServiceHooks.Consumers.L0.Tests\MS.VS.Services.ServiceHooks.Consumers.L0.Tests.dll" adapterTypeName="Microsoft.VisualStudio.TestTools.TestTypes.Unit.UnitTestAdapter" className="MS.VS.Services.ServiceHooks.Consumers.L0.Tests.Azure.ServiceBusTopicSendActionTests" name="SupportedEventTypes_CheckExpected" />
    </UnitTest>
    <UnitTest name="SupportedResourceVersions_CheckExpected" storage="d:\v2.0\a1\_work\dbded102\bin\release.anycpu\servicehooks.service\ms.vs.services.servicehooks.consumers.l0.tests\ms.vs.services.servicehooks.consumers.l0.tests.dll" priority="1" id="28122e8e-5081-0fb4-97a6-dfa6af869e0b">
      <Execution id="1b845939-4fa3-4101-952c-6e9fb5d213b6" />
      <TestMethod codeBase="D:\v2.0\A1\_work\dbded102\bin\Release.AnyCPU\ServiceHooks.Service\MS.VS.Services.ServiceHooks.Consumers.L0.Tests\MS.VS.Services.ServiceHooks.Consumers.L0.Tests.dll" adapterTypeName="Microsoft.VisualStudio.TestTools.TestTypes.Unit.UnitTestAdapter" className="MS.VS.Services.ServiceHooks.Consumers.L0.Tests.Azure.ServiceBusTopicSendActionTests" name="SupportedResourceVersions_CheckExpected" />
    </UnitTest>
    <UnitTest name="AllowResourceVersionOverride_CheckExpected" storage="d:\v2.0\a1\_work\dbded102\bin\release.anycpu\servicehooks.service\ms.vs.services.servicehooks.consumers.l0.tests\ms.vs.services.servicehooks.consumers.l0.tests.dll" priority="1" id="b911cbcd-e31c-bbfc-5e96-4f6716edfd59">
      <Execution id="2607a3f3-9c95-4f1e-80d8-7fae6cacf7bb" />
      <TestMethod codeBase="D:\v2.0\A1\_work\dbded102\bin\Release.AnyCPU\ServiceHooks.Service\MS.VS.Services.ServiceHooks.Consumers.L0.Tests\MS.VS.Services.ServiceHooks.Consumers.L0.Tests.dll" adapterTypeName="Microsoft.VisualStudio.TestTools.TestTypes.Unit.UnitTestAdapter" className="MS.VS.Services.ServiceHooks.Consumers.L0.Tests.Azure.ServiceBusTopicSendActionTests" name="AllowResourceVersionOverride_CheckExpected" />
    </UnitTest>
    <UnitTest name="InputDescriptors_CheckExpected" storage="d:\v2.0\a1\_work\dbded102\bin\release.anycpu\servicehooks.service\ms.vs.services.servicehooks.consumers.l0.tests\ms.vs.services.servicehooks.consumers.l0.tests.dll" priority="1" id="bd03a5a0-4978-20a1-e97e-afc3bf45ecd3">
      <Execution id="77227cf3-9363-4272-b7ae-a779c01254f5" />
      <TestMethod codeBase="D:\v2.0\A1\_work\dbded102\bin\Release.AnyCPU\ServiceHooks.Service\MS.VS.Services.ServiceHooks.Consumers.L0.Tests\MS.VS.Services.ServiceHooks.Consumers.L0.Tests.dll" adapterTypeName="Microsoft.VisualStudio.TestTools.TestTypes.Unit.UnitTestAdapter" className="MS.VS.Services.ServiceHooks.Consumers.L0.Tests.Azure.ServiceBusTopicSendActionTests" name="InputDescriptors_CheckExpected" />
    </UnitTest>
    <UnitTest name="GetActionDescription_ShouldReturnDescriptionWithAccountAndQueueName" storage="d:\v2.0\a1\_work\dbded102\bin\release.anycpu\servicehooks.service\ms.vs.services.servicehooks.consumers.l0.tests\ms.vs.services.servicehooks.consumers.l0.tests.dll" priority="1" id="f8ef3196-0af2-b1f8-64d9-08fe16c83f22">
      <Owners>
        <Owner name="v-bruca" />
      </Owners>
      <Execution id="09e418c0-4e43-4079-8e80-ef6df42eef7f" />
      <TestMethod codeBase="D:\v2.0\A1\_work\dbded102\bin\Release.AnyCPU\ServiceHooks.Service\MS.VS.Services.ServiceHooks.Consumers.L0.Tests\MS.VS.Services.ServiceHooks.Consumers.L0.Tests.dll" adapterTypeName="Microsoft.VisualStudio.TestTools.TestTypes.Unit.UnitTestAdapter" className="MS.VS.Services.ServiceHooks.Consumers.L0.Tests.Azure.StorageQueueEnqueueActionTests" name="GetActionDescription_ShouldReturnDescriptionWithAccountAndQueueName" />
    </UnitTest>
    <UnitTest name="Id_CheckExpected" storage="d:\v2.0\a1\_work\dbded102\bin\release.anycpu\servicehooks.service\ms.vs.services.servicehooks.consumers.l0.tests\ms.vs.services.servicehooks.consumers.l0.tests.dll" priority="1" id="34c7ae60-b613-375b-a6f6-b60262886b2c">
      <Execution id="c7209daa-7f83-435d-931a-56788265e4a2" />
      <TestMethod codeBase="D:\v2.0\A1\_work\dbded102\bin\Release.AnyCPU\ServiceHooks.Service\MS.VS.Services.ServiceHooks.Consumers.L0.Tests\MS.VS.Services.ServiceHooks.Consumers.L0.Tests.dll" adapterTypeName="Microsoft.VisualStudio.TestTools.TestTypes.Unit.UnitTestAdapter" className="MS.VS.Services.ServiceHooks.Consumers.L0.Tests.Azure.StorageQueueEnqueueActionTests" name="Id_CheckExpected" />
    </UnitTest>
    <UnitTest name="ConsumerId_CheckExpected" storage="d:\v2.0\a1\_work\dbded102\bin\release.anycpu\servicehooks.service\ms.vs.services.servicehooks.consumers.l0.tests\ms.vs.services.servicehooks.consumers.l0.tests.dll" priority="1" id="2bd82f5e-985c-5785-3295-c92f743fd6d3">
      <Execution id="9a70dc3f-92d5-46e8-9b6c-a470c2a94d84" />
      <TestMethod codeBase="D:\v2.0\A1\_work\dbded102\bin\Release.AnyCPU\ServiceHooks.Service\MS.VS.Services.ServiceHooks.Consumers.L0.Tests\MS.VS.Services.ServiceHooks.Consumers.L0.Tests.dll" adapterTypeName="Microsoft.VisualStudio.TestTools.TestTypes.Unit.UnitTestAdapter" className="MS.VS.Services.ServiceHooks.Consumers.L0.Tests.Azure.StorageQueueEnqueueActionTests" name="ConsumerId_CheckExpected" />
    </UnitTest>
    <UnitTest name="Name_CheckExpected" storage="d:\v2.0\a1\_work\dbded102\bin\release.anycpu\servicehooks.service\ms.vs.services.servicehooks.consumers.l0.tests\ms.vs.services.servicehooks.consumers.l0.tests.dll" priority="1" id="d64298bc-3e88-adb4-f0b7-2afd97c6cb53">
      <Execution id="a96c690f-7cbc-4a2a-8ce8-a12e82b64cea" />
      <TestMethod codeBase="D:\v2.0\A1\_work\dbded102\bin\Release.AnyCPU\ServiceHooks.Service\MS.VS.Services.ServiceHooks.Consumers.L0.Tests\MS.VS.Services.ServiceHooks.Consumers.L0.Tests.dll" adapterTypeName="Microsoft.VisualStudio.TestTools.TestTypes.Unit.UnitTestAdapter" className="MS.VS.Services.ServiceHooks.Consumers.L0.Tests.Azure.StorageQueueEnqueueActionTests" name="Name_CheckExpected" />
    </UnitTest>
    <UnitTest name="Description_CheckExpected" storage="d:\v2.0\a1\_work\dbded102\bin\release.anycpu\servicehooks.service\ms.vs.services.servicehooks.consumers.l0.tests\ms.vs.services.servicehooks.consumers.l0.tests.dll" priority="1" id="4dc73b38-297d-d51e-bc40-112715adc8eb">
      <Execution id="693cae38-5dca-4788-9cba-bc28cab50817" />
      <TestMethod codeBase="D:\v2.0\A1\_work\dbded102\bin\Release.AnyCPU\ServiceHooks.Service\MS.VS.Services.ServiceHooks.Consumers.L0.Tests\MS.VS.Services.ServiceHooks.Consumers.L0.Tests.dll" adapterTypeName="Microsoft.VisualStudio.TestTools.TestTypes.Unit.UnitTestAdapter" className="MS.VS.Services.ServiceHooks.Consumers.L0.Tests.Azure.StorageQueueEnqueueActionTests" name="Description_CheckExpected" />
    </UnitTest>
    <UnitTest name="SupportedEventTypes_CheckExpected" storage="d:\v2.0\a1\_work\dbded102\bin\release.anycpu\servicehooks.service\ms.vs.services.servicehooks.consumers.l0.tests\ms.vs.services.servicehooks.consumers.l0.tests.dll" priority="1" id="3ce42e82-f3ac-8f20-2d95-02daa4c1d4e6">
      <Execution id="6b8e4136-1d5e-4609-9875-143790e2432f" />
      <TestMethod codeBase="D:\v2.0\A1\_work\dbded102\bin\Release.AnyCPU\ServiceHooks.Service\MS.VS.Services.ServiceHooks.Consumers.L0.Tests\MS.VS.Services.ServiceHooks.Consumers.L0.Tests.dll" adapterTypeName="Microsoft.VisualStudio.TestTools.TestTypes.Unit.UnitTestAdapter" className="MS.VS.Services.ServiceHooks.Consumers.L0.Tests.Azure.StorageQueueEnqueueActionTests" name="SupportedEventTypes_CheckExpected" />
    </UnitTest>
    <UnitTest name="SupportedResourceVersions_CheckExpected" storage="d:\v2.0\a1\_work\dbded102\bin\release.anycpu\servicehooks.service\ms.vs.services.servicehooks.consumers.l0.tests\ms.vs.services.servicehooks.consumers.l0.tests.dll" priority="1" id="af658463-c261-ec74-6264-2c5bfc90f5da">
      <Execution id="abcb835b-4e21-4bae-83c6-47b027db30b5" />
      <TestMethod codeBase="D:\v2.0\A1\_work\dbded102\bin\Release.AnyCPU\ServiceHooks.Service\MS.VS.Services.ServiceHooks.Consumers.L0.Tests\MS.VS.Services.ServiceHooks.Consumers.L0.Tests.dll" adapterTypeName="Microsoft.VisualStudio.TestTools.TestTypes.Unit.UnitTestAdapter" className="MS.VS.Services.ServiceHooks.Consumers.L0.Tests.Azure.StorageQueueEnqueueActionTests" name="SupportedResourceVersions_CheckExpected" />
    </UnitTest>
    <UnitTest name="AllowResourceVersionOverride_CheckExpected" storage="d:\v2.0\a1\_work\dbded102\bin\release.anycpu\servicehooks.service\ms.vs.services.servicehooks.consumers.l0.tests\ms.vs.services.servicehooks.consumers.l0.tests.dll" priority="1" id="ef5ba8e6-c4ce-e72b-29d8-edd45367f0a4">
      <Execution id="12546a1a-1720-49a3-a424-fd3fc5371c5e" />
      <TestMethod codeBase="D:\v2.0\A1\_work\dbded102\bin\Release.AnyCPU\ServiceHooks.Service\MS.VS.Services.ServiceHooks.Consumers.L0.Tests\MS.VS.Services.ServiceHooks.Consumers.L0.Tests.dll" adapterTypeName="Microsoft.VisualStudio.TestTools.TestTypes.Unit.UnitTestAdapter" className="MS.VS.Services.ServiceHooks.Consumers.L0.Tests.Azure.StorageQueueEnqueueActionTests" name="AllowResourceVersionOverride_CheckExpected" />
    </UnitTest>
    <UnitTest name="InputDescriptors_CheckExpected" storage="d:\v2.0\a1\_work\dbded102\bin\release.anycpu\servicehooks.service\ms.vs.services.servicehooks.consumers.l0.tests\ms.vs.services.servicehooks.consumers.l0.tests.dll" priority="1" id="6a40d476-6912-03d3-09e1-28f0da42b32a">
      <Execution id="ba1c4f46-b3cf-4b02-9794-2177ef21d16f" />
      <TestMethod codeBase="D:\v2.0\A1\_work\dbded102\bin\Release.AnyCPU\ServiceHooks.Service\MS.VS.Services.ServiceHooks.Consumers.L0.Tests\MS.VS.Services.ServiceHooks.Consumers.L0.Tests.dll" adapterTypeName="Microsoft.VisualStudio.TestTools.TestTypes.Unit.UnitTestAdapter" className="MS.VS.Services.ServiceHooks.Consumers.L0.Tests.Azure.StorageQueueEnqueueActionTests" name="InputDescriptors_CheckExpected" />
    </UnitTest>
    <UnitTest name="Id_CheckExpected" storage="d:\v2.0\a1\_work\dbded102\bin\release.anycpu\servicehooks.service\ms.vs.services.servicehooks.consumers.l0.tests\ms.vs.services.servicehooks.consumers.l0.tests.dll" priority="1" id="fa25ef01-2e73-7360-a5a6-b49470e25a1c">
      <Execution id="420c7236-1ce6-4bd7-9278-0979ccf5fd4d" />
      <TestMethod codeBase="D:\v2.0\A1\_work\dbded102\bin\Release.AnyCPU\ServiceHooks.Service\MS.VS.Services.ServiceHooks.Consumers.L0.Tests\MS.VS.Services.ServiceHooks.Consumers.L0.Tests.dll" adapterTypeName="Microsoft.VisualStudio.TestTools.TestTypes.Unit.UnitTestAdapter" className="MS.VS.Services.ServiceHooks.Consumers.L0.Tests.Azuqua.AzuquaConsumerTests" name="Id_CheckExpected" />
    </UnitTest>
    <UnitTest name="Name_CheckExpected" storage="d:\v2.0\a1\_work\dbded102\bin\release.anycpu\servicehooks.service\ms.vs.services.servicehooks.consumers.l0.tests\ms.vs.services.servicehooks.consumers.l0.tests.dll" priority="1" id="3c8ffe70-d2c3-893c-f59c-2d3b73c8a867">
      <Execution id="b4989139-6a88-4abf-96f0-a45e339d339a" />
      <TestMethod codeBase="D:\v2.0\A1\_work\dbded102\bin\Release.AnyCPU\ServiceHooks.Service\MS.VS.Services.ServiceHooks.Consumers.L0.Tests\MS.VS.Services.ServiceHooks.Consumers.L0.Tests.dll" adapterTypeName="Microsoft.VisualStudio.TestTools.TestTypes.Unit.UnitTestAdapter" className="MS.VS.Services.ServiceHooks.Consumers.L0.Tests.Azuqua.AzuquaConsumerTests" name="Name_CheckExpected" />
    </UnitTest>
    <UnitTest name="Description_CheckExpected" storage="d:\v2.0\a1\_work\dbded102\bin\release.anycpu\servicehooks.service\ms.vs.services.servicehooks.consumers.l0.tests\ms.vs.services.servicehooks.consumers.l0.tests.dll" priority="1" id="ab0562fd-2d8d-c7fa-38b9-cb16c8196d82">
      <Execution id="ef28877c-93aa-4e80-838b-37e9dc7d868b" />
      <TestMethod codeBase="D:\v2.0\A1\_work\dbded102\bin\Release.AnyCPU\ServiceHooks.Service\MS.VS.Services.ServiceHooks.Consumers.L0.Tests\MS.VS.Services.ServiceHooks.Consumers.L0.Tests.dll" adapterTypeName="Microsoft.VisualStudio.TestTools.TestTypes.Unit.UnitTestAdapter" className="MS.VS.Services.ServiceHooks.Consumers.L0.Tests.Azuqua.AzuquaConsumerTests" name="Description_CheckExpected" />
    </UnitTest>
    <UnitTest name="InformationUrl_CheckExpected" storage="d:\v2.0\a1\_work\dbded102\bin\release.anycpu\servicehooks.service\ms.vs.services.servicehooks.consumers.l0.tests\ms.vs.services.servicehooks.consumers.l0.tests.dll" priority="1" id="066fbd99-6432-dff8-9260-e82749cddb92">
      <Execution id="ec5ef896-cbc0-4061-84bf-877a484e46f4" />
      <TestMethod codeBase="D:\v2.0\A1\_work\dbded102\bin\Release.AnyCPU\ServiceHooks.Service\MS.VS.Services.ServiceHooks.Consumers.L0.Tests\MS.VS.Services.ServiceHooks.Consumers.L0.Tests.dll" adapterTypeName="Microsoft.VisualStudio.TestTools.TestTypes.Unit.UnitTestAdapter" className="MS.VS.Services.ServiceHooks.Consumers.L0.Tests.Azuqua.AzuquaConsumerTests" name="InformationUrl_CheckExpected" />
    </UnitTest>
    <UnitTest name="ImageUrl_CheckExpected" storage="d:\v2.0\a1\_work\dbded102\bin\release.anycpu\servicehooks.service\ms.vs.services.servicehooks.consumers.l0.tests\ms.vs.services.servicehooks.consumers.l0.tests.dll" priority="1" id="579725a9-5725-b314-51a5-da48f5214b69">
      <Execution id="c40c72d4-96f8-43a9-ad7e-867064496682" />
      <TestMethod codeBase="D:\v2.0\A1\_work\dbded102\bin\Release.AnyCPU\ServiceHooks.Service\MS.VS.Services.ServiceHooks.Consumers.L0.Tests\MS.VS.Services.ServiceHooks.Consumers.L0.Tests.dll" adapterTypeName="Microsoft.VisualStudio.TestTools.TestTypes.Unit.UnitTestAdapter" className="MS.VS.Services.ServiceHooks.Consumers.L0.Tests.Azuqua.AzuquaConsumerTests" name="ImageUrl_CheckExpected" />
    </UnitTest>
    <UnitTest name="AuthenticationType_CheckExpected" storage="d:\v2.0\a1\_work\dbded102\bin\release.anycpu\servicehooks.service\ms.vs.services.servicehooks.consumers.l0.tests\ms.vs.services.servicehooks.consumers.l0.tests.dll" priority="1" id="faa08781-fc2c-b5f1-6f7a-2426ac3b1fb6">
      <Execution id="064e7811-576c-402c-8163-f147332347ac" />
      <TestMethod codeBase="D:\v2.0\A1\_work\dbded102\bin\Release.AnyCPU\ServiceHooks.Service\MS.VS.Services.ServiceHooks.Consumers.L0.Tests\MS.VS.Services.ServiceHooks.Consumers.L0.Tests.dll" adapterTypeName="Microsoft.VisualStudio.TestTools.TestTypes.Unit.UnitTestAdapter" className="MS.VS.Services.ServiceHooks.Consumers.L0.Tests.Azuqua.AzuquaConsumerTests" name="AuthenticationType_CheckExpected" />
    </UnitTest>
    <UnitTest name="ExternalConfiguration_CheckExpected" storage="d:\v2.0\a1\_work\dbded102\bin\release.anycpu\servicehooks.service\ms.vs.services.servicehooks.consumers.l0.tests\ms.vs.services.servicehooks.consumers.l0.tests.dll" priority="1" id="34a4b4eb-577f-f654-7b95-f6f1b64a6fe2">
      <Execution id="ab565347-6610-494a-aaac-b8951d1fde5a" />
      <TestMethod codeBase="D:\v2.0\A1\_work\dbded102\bin\Release.AnyCPU\ServiceHooks.Service\MS.VS.Services.ServiceHooks.Consumers.L0.Tests\MS.VS.Services.ServiceHooks.Consumers.L0.Tests.dll" adapterTypeName="Microsoft.VisualStudio.TestTools.TestTypes.Unit.UnitTestAdapter" className="MS.VS.Services.ServiceHooks.Consumers.L0.Tests.Azuqua.AzuquaConsumerTests" name="ExternalConfiguration_CheckExpected" />
    </UnitTest>
    <UnitTest name="InputDescriptors_CheckExpected" storage="d:\v2.0\a1\_work\dbded102\bin\release.anycpu\servicehooks.service\ms.vs.services.servicehooks.consumers.l0.tests\ms.vs.services.servicehooks.consumers.l0.tests.dll" priority="1" id="226e7065-3a65-e21e-88dd-1f23b38a264a">
      <Execution id="c74f8b65-9f19-408e-8ac6-0b18c0742158" />
      <TestMethod codeBase="D:\v2.0\A1\_work\dbded102\bin\Release.AnyCPU\ServiceHooks.Service\MS.VS.Services.ServiceHooks.Consumers.L0.Tests\MS.VS.Services.ServiceHooks.Consumers.L0.Tests.dll" adapterTypeName="Microsoft.VisualStudio.TestTools.TestTypes.Unit.UnitTestAdapter" className="MS.VS.Services.ServiceHooks.Consumers.L0.Tests.Azuqua.AzuquaConsumerTests" name="InputDescriptors_CheckExpected" />
    </UnitTest>
    <UnitTest name="FeatureName_CheckExpected" storage="d:\v2.0\a1\_work\dbded102\bin\release.anycpu\servicehooks.service\ms.vs.services.servicehooks.consumers.l0.tests\ms.vs.services.servicehooks.consumers.l0.tests.dll" priority="1" id="7bba5a19-806c-f3e7-32a4-4d9ae5232c14">
      <Execution id="57a6c092-ae4f-44c8-b4af-d9a389272b71" />
      <TestMethod codeBase="D:\v2.0\A1\_work\dbded102\bin\Release.AnyCPU\ServiceHooks.Service\MS.VS.Services.ServiceHooks.Consumers.L0.Tests\MS.VS.Services.ServiceHooks.Consumers.L0.Tests.dll" adapterTypeName="Microsoft.VisualStudio.TestTools.TestTypes.Unit.UnitTestAdapter" className="MS.VS.Services.ServiceHooks.Consumers.L0.Tests.Azuqua.AzuquaConsumerTests" name="FeatureName_CheckExpected" />
    </UnitTest>
    <UnitTest name="HandleEvent_InputsOk_ShouldReturnHttpActionTaskConfiguredOk" storage="d:\v2.0\a1\_work\dbded102\bin\release.anycpu\servicehooks.service\ms.vs.services.servicehooks.consumers.l0.tests\ms.vs.services.servicehooks.consumers.l0.tests.dll" priority="1" id="5407c569-467c-d32f-3168-4ef0d3e8b463">
      <Execution id="09b759b8-30dd-4ae4-9901-7d5fe4828aec" />
      <TestMethod codeBase="D:\v2.0\A1\_work\dbded102\bin\Release.AnyCPU\ServiceHooks.Service\MS.VS.Services.ServiceHooks.Consumers.L0.Tests\MS.VS.Services.ServiceHooks.Consumers.L0.Tests.dll" adapterTypeName="Microsoft.VisualStudio.TestTools.TestTypes.Unit.UnitTestAdapter" className="MS.VS.Services.ServiceHooks.Consumers.L0.Tests.Azuqua.PostEventToFloActionTests" name="HandleEvent_InputsOk_ShouldReturnHttpActionTaskConfiguredOk" />
    </UnitTest>
    <UnitTest name="Id_CheckExpected" storage="d:\v2.0\a1\_work\dbded102\bin\release.anycpu\servicehooks.service\ms.vs.services.servicehooks.consumers.l0.tests\ms.vs.services.servicehooks.consumers.l0.tests.dll" priority="1" id="f7f54496-3000-e7be-cd1d-b13cf74aaa3b">
      <Execution id="06966d60-d5c9-4458-9831-9333acacf40d" />
      <TestMethod codeBase="D:\v2.0\A1\_work\dbded102\bin\Release.AnyCPU\ServiceHooks.Service\MS.VS.Services.ServiceHooks.Consumers.L0.Tests\MS.VS.Services.ServiceHooks.Consumers.L0.Tests.dll" adapterTypeName="Microsoft.VisualStudio.TestTools.TestTypes.Unit.UnitTestAdapter" className="MS.VS.Services.ServiceHooks.Consumers.L0.Tests.Azuqua.PostEventToFloActionTests" name="Id_CheckExpected" />
    </UnitTest>
    <UnitTest name="ConsumerId_CheckExpected" storage="d:\v2.0\a1\_work\dbded102\bin\release.anycpu\servicehooks.service\ms.vs.services.servicehooks.consumers.l0.tests\ms.vs.services.servicehooks.consumers.l0.tests.dll" priority="1" id="aabef6ca-f95e-f2e6-b8ff-93437254951f">
      <Execution id="5a5056ef-bfd4-43d7-a18c-951a6cef12e7" />
      <TestMethod codeBase="D:\v2.0\A1\_work\dbded102\bin\Release.AnyCPU\ServiceHooks.Service\MS.VS.Services.ServiceHooks.Consumers.L0.Tests\MS.VS.Services.ServiceHooks.Consumers.L0.Tests.dll" adapterTypeName="Microsoft.VisualStudio.TestTools.TestTypes.Unit.UnitTestAdapter" className="MS.VS.Services.ServiceHooks.Consumers.L0.Tests.Azuqua.PostEventToFloActionTests" name="ConsumerId_CheckExpected" />
    </UnitTest>
    <UnitTest name="Name_CheckExpected" storage="d:\v2.0\a1\_work\dbded102\bin\release.anycpu\servicehooks.service\ms.vs.services.servicehooks.consumers.l0.tests\ms.vs.services.servicehooks.consumers.l0.tests.dll" priority="1" id="9bb30640-7a69-cac8-9047-e5c5472af074">
      <Execution id="9cbcadca-1a4e-481f-8457-d4fa1d4999ff" />
      <TestMethod codeBase="D:\v2.0\A1\_work\dbded102\bin\Release.AnyCPU\ServiceHooks.Service\MS.VS.Services.ServiceHooks.Consumers.L0.Tests\MS.VS.Services.ServiceHooks.Consumers.L0.Tests.dll" adapterTypeName="Microsoft.VisualStudio.TestTools.TestTypes.Unit.UnitTestAdapter" className="MS.VS.Services.ServiceHooks.Consumers.L0.Tests.Azuqua.PostEventToFloActionTests" name="Name_CheckExpected" />
    </UnitTest>
    <UnitTest name="Description_CheckExpected" storage="d:\v2.0\a1\_work\dbded102\bin\release.anycpu\servicehooks.service\ms.vs.services.servicehooks.consumers.l0.tests\ms.vs.services.servicehooks.consumers.l0.tests.dll" priority="1" id="5bb8c3f5-3bcb-6302-6ae8-333790ac637f">
      <Execution id="0e400c34-9fae-4726-8314-87fefa48a543" />
      <TestMethod codeBase="D:\v2.0\A1\_work\dbded102\bin\Release.AnyCPU\ServiceHooks.Service\MS.VS.Services.ServiceHooks.Consumers.L0.Tests\MS.VS.Services.ServiceHooks.Consumers.L0.Tests.dll" adapterTypeName="Microsoft.VisualStudio.TestTools.TestTypes.Unit.UnitTestAdapter" className="MS.VS.Services.ServiceHooks.Consumers.L0.Tests.Azuqua.PostEventToFloActionTests" name="Description_CheckExpected" />
    </UnitTest>
    <UnitTest name="SupportedEventTypes_CheckExpected" storage="d:\v2.0\a1\_work\dbded102\bin\release.anycpu\servicehooks.service\ms.vs.services.servicehooks.consumers.l0.tests\ms.vs.services.servicehooks.consumers.l0.tests.dll" priority="1" id="9a463a03-2e19-e5b2-f92e-df5f7fac42f8">
      <Execution id="eb2b03d7-99e4-4a56-862d-ae387bb9d79c" />
      <TestMethod codeBase="D:\v2.0\A1\_work\dbded102\bin\Release.AnyCPU\ServiceHooks.Service\MS.VS.Services.ServiceHooks.Consumers.L0.Tests\MS.VS.Services.ServiceHooks.Consumers.L0.Tests.dll" adapterTypeName="Microsoft.VisualStudio.TestTools.TestTypes.Unit.UnitTestAdapter" className="MS.VS.Services.ServiceHooks.Consumers.L0.Tests.Azuqua.PostEventToFloActionTests" name="SupportedEventTypes_CheckExpected" />
    </UnitTest>
    <UnitTest name="SupportedResourceVersions_CheckExpected" storage="d:\v2.0\a1\_work\dbded102\bin\release.anycpu\servicehooks.service\ms.vs.services.servicehooks.consumers.l0.tests\ms.vs.services.servicehooks.consumers.l0.tests.dll" priority="1" id="e9e2368e-96dd-a207-4d40-904e3967d04d">
      <Execution id="2d9d3222-6a19-41bf-b935-ebafcbc88a33" />
      <TestMethod codeBase="D:\v2.0\A1\_work\dbded102\bin\Release.AnyCPU\ServiceHooks.Service\MS.VS.Services.ServiceHooks.Consumers.L0.Tests\MS.VS.Services.ServiceHooks.Consumers.L0.Tests.dll" adapterTypeName="Microsoft.VisualStudio.TestTools.TestTypes.Unit.UnitTestAdapter" className="MS.VS.Services.ServiceHooks.Consumers.L0.Tests.Azuqua.PostEventToFloActionTests" name="SupportedResourceVersions_CheckExpected" />
    </UnitTest>
    <UnitTest name="AllowResourceVersionOverride_CheckExpected" storage="d:\v2.0\a1\_work\dbded102\bin\release.anycpu\servicehooks.service\ms.vs.services.servicehooks.consumers.l0.tests\ms.vs.services.servicehooks.consumers.l0.tests.dll" priority="1" id="5ca64c14-893b-96a5-b813-5ad4cd3ae46a">
      <Execution id="bf934d99-5e27-41ee-9812-d6e95829bdf5" />
      <TestMethod codeBase="D:\v2.0\A1\_work\dbded102\bin\Release.AnyCPU\ServiceHooks.Service\MS.VS.Services.ServiceHooks.Consumers.L0.Tests\MS.VS.Services.ServiceHooks.Consumers.L0.Tests.dll" adapterTypeName="Microsoft.VisualStudio.TestTools.TestTypes.Unit.UnitTestAdapter" className="MS.VS.Services.ServiceHooks.Consumers.L0.Tests.Azuqua.PostEventToFloActionTests" name="AllowResourceVersionOverride_CheckExpected" />
    </UnitTest>
    <UnitTest name="InputDescriptors_CheckExpected" storage="d:\v2.0\a1\_work\dbded102\bin\release.anycpu\servicehooks.service\ms.vs.services.servicehooks.consumers.l0.tests\ms.vs.services.servicehooks.consumers.l0.tests.dll" priority="1" id="b48f11d4-cf9f-6492-0b37-bb0fa41c6bfd">
      <Execution id="f5dbef2c-c492-413a-bd2b-1e281d2e57d1" />
      <TestMethod codeBase="D:\v2.0\A1\_work\dbded102\bin\Release.AnyCPU\ServiceHooks.Service\MS.VS.Services.ServiceHooks.Consumers.L0.Tests\MS.VS.Services.ServiceHooks.Consumers.L0.Tests.dll" adapterTypeName="Microsoft.VisualStudio.TestTools.TestTypes.Unit.UnitTestAdapter" className="MS.VS.Services.ServiceHooks.Consumers.L0.Tests.Azuqua.PostEventToFloActionTests" name="InputDescriptors_CheckExpected" />
    </UnitTest>
    <UnitTest name="Id_CheckExpected" storage="d:\v2.0\a1\_work\dbded102\bin\release.anycpu\servicehooks.service\ms.vs.services.servicehooks.consumers.l0.tests\ms.vs.services.servicehooks.consumers.l0.tests.dll" priority="1" id="8c4293f9-7d59-9a7d-ae46-acf21ee8a4c5">
      <Execution id="70ba00d9-c039-4aef-ae7c-c78186288a85" />
      <TestMethod codeBase="D:\v2.0\A1\_work\dbded102\bin\Release.AnyCPU\ServiceHooks.Service\MS.VS.Services.ServiceHooks.Consumers.L0.Tests\MS.VS.Services.ServiceHooks.Consumers.L0.Tests.dll" adapterTypeName="Microsoft.VisualStudio.TestTools.TestTypes.Unit.UnitTestAdapter" className="MS.VS.Services.ServiceHooks.Consumers.L0.Tests.AppVeyor.AppVeyorConsumerTests" name="Id_CheckExpected" />
    </UnitTest>
    <UnitTest name="Name_CheckExpected" storage="d:\v2.0\a1\_work\dbded102\bin\release.anycpu\servicehooks.service\ms.vs.services.servicehooks.consumers.l0.tests\ms.vs.services.servicehooks.consumers.l0.tests.dll" priority="1" id="e0e1ae0d-5bd2-5d37-0a04-7a68b48ca445">
      <Execution id="bbdf7e2a-7f0b-4635-b6b0-32573c29da20" />
      <TestMethod codeBase="D:\v2.0\A1\_work\dbded102\bin\Release.AnyCPU\ServiceHooks.Service\MS.VS.Services.ServiceHooks.Consumers.L0.Tests\MS.VS.Services.ServiceHooks.Consumers.L0.Tests.dll" adapterTypeName="Microsoft.VisualStudio.TestTools.TestTypes.Unit.UnitTestAdapter" className="MS.VS.Services.ServiceHooks.Consumers.L0.Tests.AppVeyor.AppVeyorConsumerTests" name="Name_CheckExpected" />
    </UnitTest>
    <UnitTest name="Description_CheckExpected" storage="d:\v2.0\a1\_work\dbded102\bin\release.anycpu\servicehooks.service\ms.vs.services.servicehooks.consumers.l0.tests\ms.vs.services.servicehooks.consumers.l0.tests.dll" priority="1" id="f5c4e8e4-e994-05bf-b292-9a5e786a7c0a">
      <Execution id="894b23ea-ad15-4a4e-ad57-ee5ac13fc060" />
      <TestMethod codeBase="D:\v2.0\A1\_work\dbded102\bin\Release.AnyCPU\ServiceHooks.Service\MS.VS.Services.ServiceHooks.Consumers.L0.Tests\MS.VS.Services.ServiceHooks.Consumers.L0.Tests.dll" adapterTypeName="Microsoft.VisualStudio.TestTools.TestTypes.Unit.UnitTestAdapter" className="MS.VS.Services.ServiceHooks.Consumers.L0.Tests.AppVeyor.AppVeyorConsumerTests" name="Description_CheckExpected" />
    </UnitTest>
    <UnitTest name="InformationUrl_CheckExpected" storage="d:\v2.0\a1\_work\dbded102\bin\release.anycpu\servicehooks.service\ms.vs.services.servicehooks.consumers.l0.tests\ms.vs.services.servicehooks.consumers.l0.tests.dll" priority="1" id="d9d84486-3236-6cbc-3676-95da6c640a9c">
      <Execution id="d6ec2e0b-2598-41d7-b601-9bd0c5f9a248" />
      <TestMethod codeBase="D:\v2.0\A1\_work\dbded102\bin\Release.AnyCPU\ServiceHooks.Service\MS.VS.Services.ServiceHooks.Consumers.L0.Tests\MS.VS.Services.ServiceHooks.Consumers.L0.Tests.dll" adapterTypeName="Microsoft.VisualStudio.TestTools.TestTypes.Unit.UnitTestAdapter" className="MS.VS.Services.ServiceHooks.Consumers.L0.Tests.AppVeyor.AppVeyorConsumerTests" name="InformationUrl_CheckExpected" />
    </UnitTest>
    <UnitTest name="ImageUrl_CheckExpected" storage="d:\v2.0\a1\_work\dbded102\bin\release.anycpu\servicehooks.service\ms.vs.services.servicehooks.consumers.l0.tests\ms.vs.services.servicehooks.consumers.l0.tests.dll" priority="1" id="45eec3ef-0810-af06-7be1-20d8e6718f49">
      <Execution id="32ec315d-b4ce-4b99-960f-bd7077b50cf5" />
      <TestMethod codeBase="D:\v2.0\A1\_work\dbded102\bin\Release.AnyCPU\ServiceHooks.Service\MS.VS.Services.ServiceHooks.Consumers.L0.Tests\MS.VS.Services.ServiceHooks.Consumers.L0.Tests.dll" adapterTypeName="Microsoft.VisualStudio.TestTools.TestTypes.Unit.UnitTestAdapter" className="MS.VS.Services.ServiceHooks.Consumers.L0.Tests.AppVeyor.AppVeyorConsumerTests" name="ImageUrl_CheckExpected" />
    </UnitTest>
    <UnitTest name="AuthenticationType_CheckExpected" storage="d:\v2.0\a1\_work\dbded102\bin\release.anycpu\servicehooks.service\ms.vs.services.servicehooks.consumers.l0.tests\ms.vs.services.servicehooks.consumers.l0.tests.dll" priority="1" id="46412089-1a0f-94c9-b5e3-6d8164929b6f">
      <Execution id="dbc45f64-ffa7-4954-b22f-3844c06ce3b8" />
      <TestMethod codeBase="D:\v2.0\A1\_work\dbded102\bin\Release.AnyCPU\ServiceHooks.Service\MS.VS.Services.ServiceHooks.Consumers.L0.Tests\MS.VS.Services.ServiceHooks.Consumers.L0.Tests.dll" adapterTypeName="Microsoft.VisualStudio.TestTools.TestTypes.Unit.UnitTestAdapter" className="MS.VS.Services.ServiceHooks.Consumers.L0.Tests.AppVeyor.AppVeyorConsumerTests" name="AuthenticationType_CheckExpected" />
    </UnitTest>
    <UnitTest name="ExternalConfiguration_CheckExpected" storage="d:\v2.0\a1\_work\dbded102\bin\release.anycpu\servicehooks.service\ms.vs.services.servicehooks.consumers.l0.tests\ms.vs.services.servicehooks.consumers.l0.tests.dll" priority="1" id="067f248e-475b-2d67-4831-b1d6644a8b30">
      <Execution id="852a8fcb-e907-4357-b8d9-c414e6cbcfaa" />
      <TestMethod codeBase="D:\v2.0\A1\_work\dbded102\bin\Release.AnyCPU\ServiceHooks.Service\MS.VS.Services.ServiceHooks.Consumers.L0.Tests\MS.VS.Services.ServiceHooks.Consumers.L0.Tests.dll" adapterTypeName="Microsoft.VisualStudio.TestTools.TestTypes.Unit.UnitTestAdapter" className="MS.VS.Services.ServiceHooks.Consumers.L0.Tests.AppVeyor.AppVeyorConsumerTests" name="ExternalConfiguration_CheckExpected" />
    </UnitTest>
    <UnitTest name="InputDescriptors_CheckExpected" storage="d:\v2.0\a1\_work\dbded102\bin\release.anycpu\servicehooks.service\ms.vs.services.servicehooks.consumers.l0.tests\ms.vs.services.servicehooks.consumers.l0.tests.dll" priority="1" id="bbf43e65-f00e-c0c9-17a0-b6ad2940957c">
      <Execution id="98a2d35d-f7f0-4984-9f31-e876cfabd261" />
      <TestMethod codeBase="D:\v2.0\A1\_work\dbded102\bin\Release.AnyCPU\ServiceHooks.Service\MS.VS.Services.ServiceHooks.Consumers.L0.Tests\MS.VS.Services.ServiceHooks.Consumers.L0.Tests.dll" adapterTypeName="Microsoft.VisualStudio.TestTools.TestTypes.Unit.UnitTestAdapter" className="MS.VS.Services.ServiceHooks.Consumers.L0.Tests.AppVeyor.AppVeyorConsumerTests" name="InputDescriptors_CheckExpected" />
    </UnitTest>
    <UnitTest name="FeatureName_CheckExpected" storage="d:\v2.0\a1\_work\dbded102\bin\release.anycpu\servicehooks.service\ms.vs.services.servicehooks.consumers.l0.tests\ms.vs.services.servicehooks.consumers.l0.tests.dll" priority="1" id="9d88a323-1ef5-ba1e-dbcf-d3425b106dc3">
      <Execution id="92e13099-c3c0-4c99-aeb4-4d61371db64e" />
      <TestMethod codeBase="D:\v2.0\A1\_work\dbded102\bin\Release.AnyCPU\ServiceHooks.Service\MS.VS.Services.ServiceHooks.Consumers.L0.Tests\MS.VS.Services.ServiceHooks.Consumers.L0.Tests.dll" adapterTypeName="Microsoft.VisualStudio.TestTools.TestTypes.Unit.UnitTestAdapter" className="MS.VS.Services.ServiceHooks.Consumers.L0.Tests.AppVeyor.AppVeyorConsumerTests" name="FeatureName_CheckExpected" />
    </UnitTest>
    <UnitTest name="HandleEvent_InputsOk_ShouldReturnHttpActionTaskConfiguredOk" storage="d:\v2.0\a1\_work\dbded102\bin\release.anycpu\servicehooks.service\ms.vs.services.servicehooks.consumers.l0.tests\ms.vs.services.servicehooks.consumers.l0.tests.dll" priority="1" id="1cd9ae1c-ac5b-b4f9-8e57-b91612e7458f">
      <Execution id="b333ec99-bfd9-41ad-ba84-d4d218b79c68" />
      <TestMethod codeBase="D:\v2.0\A1\_work\dbded102\bin\Release.AnyCPU\ServiceHooks.Service\MS.VS.Services.ServiceHooks.Consumers.L0.Tests\MS.VS.Services.ServiceHooks.Consumers.L0.Tests.dll" adapterTypeName="Microsoft.VisualStudio.TestTools.TestTypes.Unit.UnitTestAdapter" className="MS.VS.Services.ServiceHooks.Consumers.L0.Tests.AppVeyor.TriggerBuildActionTests" name="HandleEvent_InputsOk_ShouldReturnHttpActionTaskConfiguredOk" />
    </UnitTest>
    <UnitTest name="Id_CheckExpected" storage="d:\v2.0\a1\_work\dbded102\bin\release.anycpu\servicehooks.service\ms.vs.services.servicehooks.consumers.l0.tests\ms.vs.services.servicehooks.consumers.l0.tests.dll" priority="1" id="c07dccf5-44b0-b70c-559c-9237851a4142">
      <Execution id="d50b988f-d18f-4009-8e1b-082cdc530826" />
      <TestMethod codeBase="D:\v2.0\A1\_work\dbded102\bin\Release.AnyCPU\ServiceHooks.Service\MS.VS.Services.ServiceHooks.Consumers.L0.Tests\MS.VS.Services.ServiceHooks.Consumers.L0.Tests.dll" adapterTypeName="Microsoft.VisualStudio.TestTools.TestTypes.Unit.UnitTestAdapter" className="MS.VS.Services.ServiceHooks.Consumers.L0.Tests.AppVeyor.TriggerBuildActionTests" name="Id_CheckExpected" />
    </UnitTest>
    <UnitTest name="ConsumerId_CheckExpected" storage="d:\v2.0\a1\_work\dbded102\bin\release.anycpu\servicehooks.service\ms.vs.services.servicehooks.consumers.l0.tests\ms.vs.services.servicehooks.consumers.l0.tests.dll" priority="1" id="707e0877-4446-02eb-4b7d-98d2ac0afba8">
      <Execution id="f73cd602-a108-45d8-bbba-6cd7db065429" />
      <TestMethod codeBase="D:\v2.0\A1\_work\dbded102\bin\Release.AnyCPU\ServiceHooks.Service\MS.VS.Services.ServiceHooks.Consumers.L0.Tests\MS.VS.Services.ServiceHooks.Consumers.L0.Tests.dll" adapterTypeName="Microsoft.VisualStudio.TestTools.TestTypes.Unit.UnitTestAdapter" className="MS.VS.Services.ServiceHooks.Consumers.L0.Tests.AppVeyor.TriggerBuildActionTests" name="ConsumerId_CheckExpected" />
    </UnitTest>
    <UnitTest name="Name_CheckExpected" storage="d:\v2.0\a1\_work\dbded102\bin\release.anycpu\servicehooks.service\ms.vs.services.servicehooks.consumers.l0.tests\ms.vs.services.servicehooks.consumers.l0.tests.dll" priority="1" id="1c38d211-47b7-0a2c-0626-48653e45083f">
      <Execution id="efea504f-5e7a-4042-8cb1-65dbf9d3c360" />
      <TestMethod codeBase="D:\v2.0\A1\_work\dbded102\bin\Release.AnyCPU\ServiceHooks.Service\MS.VS.Services.ServiceHooks.Consumers.L0.Tests\MS.VS.Services.ServiceHooks.Consumers.L0.Tests.dll" adapterTypeName="Microsoft.VisualStudio.TestTools.TestTypes.Unit.UnitTestAdapter" className="MS.VS.Services.ServiceHooks.Consumers.L0.Tests.AppVeyor.TriggerBuildActionTests" name="Name_CheckExpected" />
    </UnitTest>
    <UnitTest name="Description_CheckExpected" storage="d:\v2.0\a1\_work\dbded102\bin\release.anycpu\servicehooks.service\ms.vs.services.servicehooks.consumers.l0.tests\ms.vs.services.servicehooks.consumers.l0.tests.dll" priority="1" id="14cc475d-501f-e16e-8752-69082623d56d">
      <Execution id="2439db13-2a87-4f81-8a2f-493377167c66" />
      <TestMethod codeBase="D:\v2.0\A1\_work\dbded102\bin\Release.AnyCPU\ServiceHooks.Service\MS.VS.Services.ServiceHooks.Consumers.L0.Tests\MS.VS.Services.ServiceHooks.Consumers.L0.Tests.dll" adapterTypeName="Microsoft.VisualStudio.TestTools.TestTypes.Unit.UnitTestAdapter" className="MS.VS.Services.ServiceHooks.Consumers.L0.Tests.AppVeyor.TriggerBuildActionTests" name="Description_CheckExpected" />
    </UnitTest>
    <UnitTest name="SupportedEventTypes_CheckExpected" storage="d:\v2.0\a1\_work\dbded102\bin\release.anycpu\servicehooks.service\ms.vs.services.servicehooks.consumers.l0.tests\ms.vs.services.servicehooks.consumers.l0.tests.dll" priority="1" id="902894f3-607b-35f1-4789-6878929b8ded">
      <Execution id="d380abe2-8567-4e4a-97eb-4823f4b530e4" />
      <TestMethod codeBase="D:\v2.0\A1\_work\dbded102\bin\Release.AnyCPU\ServiceHooks.Service\MS.VS.Services.ServiceHooks.Consumers.L0.Tests\MS.VS.Services.ServiceHooks.Consumers.L0.Tests.dll" adapterTypeName="Microsoft.VisualStudio.TestTools.TestTypes.Unit.UnitTestAdapter" className="MS.VS.Services.ServiceHooks.Consumers.L0.Tests.AppVeyor.TriggerBuildActionTests" name="SupportedEventTypes_CheckExpected" />
    </UnitTest>
    <UnitTest name="SupportedResourceVersions_CheckExpected" storage="d:\v2.0\a1\_work\dbded102\bin\release.anycpu\servicehooks.service\ms.vs.services.servicehooks.consumers.l0.tests\ms.vs.services.servicehooks.consumers.l0.tests.dll" priority="1" id="e5297e84-364b-fe24-84d7-36cdd8d4809a">
      <Execution id="87a65201-2b96-4778-a1b1-b1c019171900" />
      <TestMethod codeBase="D:\v2.0\A1\_work\dbded102\bin\Release.AnyCPU\ServiceHooks.Service\MS.VS.Services.ServiceHooks.Consumers.L0.Tests\MS.VS.Services.ServiceHooks.Consumers.L0.Tests.dll" adapterTypeName="Microsoft.VisualStudio.TestTools.TestTypes.Unit.UnitTestAdapter" className="MS.VS.Services.ServiceHooks.Consumers.L0.Tests.AppVeyor.TriggerBuildActionTests" name="SupportedResourceVersions_CheckExpected" />
    </UnitTest>
    <UnitTest name="AllowResourceVersionOverride_CheckExpected" storage="d:\v2.0\a1\_work\dbded102\bin\release.anycpu\servicehooks.service\ms.vs.services.servicehooks.consumers.l0.tests\ms.vs.services.servicehooks.consumers.l0.tests.dll" priority="1" id="bb592d27-c348-3c32-b132-24d2c03b504d">
      <Execution id="58474d5d-5b4b-4815-84fd-732e5e010ed1" />
      <TestMethod codeBase="D:\v2.0\A1\_work\dbded102\bin\Release.AnyCPU\ServiceHooks.Service\MS.VS.Services.ServiceHooks.Consumers.L0.Tests\MS.VS.Services.ServiceHooks.Consumers.L0.Tests.dll" adapterTypeName="Microsoft.VisualStudio.TestTools.TestTypes.Unit.UnitTestAdapter" className="MS.VS.Services.ServiceHooks.Consumers.L0.Tests.AppVeyor.TriggerBuildActionTests" name="AllowResourceVersionOverride_CheckExpected" />
    </UnitTest>
    <UnitTest name="InputDescriptors_CheckExpected" storage="d:\v2.0\a1\_work\dbded102\bin\release.anycpu\servicehooks.service\ms.vs.services.servicehooks.consumers.l0.tests\ms.vs.services.servicehooks.consumers.l0.tests.dll" priority="1" id="5c2c5038-a320-00b1-a7fa-72e10898521a">
      <Execution id="ad2e7a5e-afe0-47a0-81d9-d4d044718286" />
      <TestMethod codeBase="D:\v2.0\A1\_work\dbded102\bin\Release.AnyCPU\ServiceHooks.Service\MS.VS.Services.ServiceHooks.Consumers.L0.Tests\MS.VS.Services.ServiceHooks.Consumers.L0.Tests.dll" adapterTypeName="Microsoft.VisualStudio.TestTools.TestTypes.Unit.UnitTestAdapter" className="MS.VS.Services.ServiceHooks.Consumers.L0.Tests.AppVeyor.TriggerBuildActionTests" name="InputDescriptors_CheckExpected" />
    </UnitTest>
  </TestDefinitions>
  <TestEntries>
    <TestEntry testId="afa586e6-6395-2a5d-78de-7a9b1e659d00" executionId="8608a5af-4a9d-4810-9bc0-e99a2155bee4" testListId="8c84fa94-04c1-424b-9868-57a2d4851a1d" />
    <TestEntry testId="0fe0fd4c-8197-54a6-1e6f-7f18b849e440" executionId="31b20085-9f69-4f24-b0e3-0bbb8f1f72f4" testListId="8c84fa94-04c1-424b-9868-57a2d4851a1d" />
    <TestEntry testId="c6e390ac-5744-8a39-8bf1-57121001afa6" executionId="710f5a1a-f089-427a-b288-45607254c2e8" testListId="8c84fa94-04c1-424b-9868-57a2d4851a1d" />
    <TestEntry testId="4cd9650e-bb90-cb08-9084-782eff27a952" executionId="0f1d676d-5920-4173-af85-999ddf11a066" testListId="8c84fa94-04c1-424b-9868-57a2d4851a1d" />
    <TestEntry testId="66dc92b6-637b-117b-28cb-5ad954caf2ad" executionId="c51106d4-c98e-492d-969a-d05970ea134c" testListId="8c84fa94-04c1-424b-9868-57a2d4851a1d" />
    <TestEntry testId="93d4f9f3-59c8-7e40-2e83-2b8a49b0f590" executionId="dc07ce8b-198d-4a1c-b07f-88821801d1e3" testListId="8c84fa94-04c1-424b-9868-57a2d4851a1d" />
    <TestEntry testId="40bf8eeb-4c99-d77c-a2ed-131d5f566e6d" executionId="926959b7-e0e7-442e-8e76-ec490def9ac2" testListId="8c84fa94-04c1-424b-9868-57a2d4851a1d" />
    <TestEntry testId="56fa40e9-ecf7-3bcd-d9ef-b218927a1509" executionId="03042f72-58ae-4fe3-b603-27fb5ddceee5" testListId="8c84fa94-04c1-424b-9868-57a2d4851a1d" />
    <TestEntry testId="55535886-b988-2f50-c70f-5a26f733d0c2" executionId="8f3f8a9c-aa69-4df3-a07a-26f699a35799" testListId="8c84fa94-04c1-424b-9868-57a2d4851a1d" />
    <TestEntry testId="7edd0a4a-ccf4-a5a9-dac8-b9e5b7feb429" executionId="8c1c8950-70f3-4a5f-bd47-4caf55f23e3f" testListId="8c84fa94-04c1-424b-9868-57a2d4851a1d" />
    <TestEntry testId="83eed422-567d-13e7-d1f9-17577b29834a" executionId="3822b0ee-f749-4295-bf63-43463cc5d83e" testListId="8c84fa94-04c1-424b-9868-57a2d4851a1d" />
    <TestEntry testId="f47a56c9-e1c8-9fd5-7a1d-4bb2f5f5db94" executionId="5e1160dd-f717-46e9-9101-d68a48690e44" testListId="8c84fa94-04c1-424b-9868-57a2d4851a1d" />
    <TestEntry testId="63b36da9-efe3-d158-8d1b-b081909972d6" executionId="1bed87f5-b90a-44de-9d83-ed084328b7d4" testListId="8c84fa94-04c1-424b-9868-57a2d4851a1d" />
    <TestEntry testId="5dd61c3f-ac11-6de6-8ac0-f3375d6ba5c0" executionId="8aa86b06-80d8-4e61-8edd-7d02d23e66c3" testListId="8c84fa94-04c1-424b-9868-57a2d4851a1d" />
    <TestEntry testId="2f8914d3-a732-0d44-6f09-69ceb0b4d122" executionId="57a1b02a-9b38-4ba7-b639-a1a24818372f" testListId="8c84fa94-04c1-424b-9868-57a2d4851a1d" />
    <TestEntry testId="18dd7401-2dd7-690b-dd89-ab05f725257e" executionId="8548aea6-87a0-43b8-b9ea-541d98b3370c" testListId="8c84fa94-04c1-424b-9868-57a2d4851a1d" />
    <TestEntry testId="b11b3c58-1621-ea23-a2c7-eafb9625e9a2" executionId="d9db11b0-bbce-4888-973b-b02cf5332b6c" testListId="8c84fa94-04c1-424b-9868-57a2d4851a1d" />
    <TestEntry testId="43c60f84-9ae1-a752-502d-064266b313c9" executionId="8d208586-c8b2-4406-a3bc-e9b9ca7bc66f" testListId="8c84fa94-04c1-424b-9868-57a2d4851a1d" />
    <TestEntry testId="d9a24369-43f4-f55a-8736-40a4143b5a8e" executionId="c65953c2-a588-4570-a020-7b223662d3ed" testListId="8c84fa94-04c1-424b-9868-57a2d4851a1d" />
    <TestEntry testId="f786c07a-6027-3437-0e81-1c1f6c332e89" executionId="0234ebbf-619e-4061-a303-e3662c4bf777" testListId="8c84fa94-04c1-424b-9868-57a2d4851a1d" />
    <TestEntry testId="c9000339-a52d-f5c1-7e50-b4ca12d09298" executionId="4665f511-d1f9-4d23-88e9-9668865dfcc6" testListId="8c84fa94-04c1-424b-9868-57a2d4851a1d" />
    <TestEntry testId="f2e38404-469a-2e8d-bb69-1ac3ea0e55d8" executionId="5a30ca9c-45a7-4615-8897-6609b2968185" testListId="8c84fa94-04c1-424b-9868-57a2d4851a1d" />
    <TestEntry testId="f39aca8a-b352-0b22-0eee-4bfda3737032" executionId="438defa0-1dd5-4449-b79c-8a7302a7f24c" testListId="8c84fa94-04c1-424b-9868-57a2d4851a1d" />
    <TestEntry testId="a82d3b86-7fc4-9459-1c43-f022178a28bd" executionId="a6c223d6-5565-478a-8f40-ef2943598707" testListId="8c84fa94-04c1-424b-9868-57a2d4851a1d" />
    <TestEntry testId="5a64996b-3f50-2322-e233-302cdb3fe05e" executionId="67a4b813-5c22-41b0-be9e-5695f0a60bca" testListId="8c84fa94-04c1-424b-9868-57a2d4851a1d" />
    <TestEntry testId="6241f138-ede1-f05e-4859-f56da8cb915e" executionId="811cc4ec-37d1-4e00-a347-8bc8d7297e3b" testListId="8c84fa94-04c1-424b-9868-57a2d4851a1d" />
    <TestEntry testId="45da2209-ae2f-2033-2c91-0f4279cc2879" executionId="e706aabd-4705-47aa-9c9e-2b217163ce78" testListId="8c84fa94-04c1-424b-9868-57a2d4851a1d" />
    <TestEntry testId="2fe18dc8-0346-1758-e0eb-22de41ab527c" executionId="5808e93a-e93b-457e-be11-7cfa47a514c5" testListId="8c84fa94-04c1-424b-9868-57a2d4851a1d" />
    <TestEntry testId="3bed7b90-616d-e211-b013-0f7c3494c7d6" executionId="5440fa8c-205f-494a-899f-a6d92c340bbc" testListId="8c84fa94-04c1-424b-9868-57a2d4851a1d" />
    <TestEntry testId="37333c7d-bbc2-6a88-9c32-032370d56b85" executionId="df314cb8-2549-4327-949a-6cd0aeca5a86" testListId="8c84fa94-04c1-424b-9868-57a2d4851a1d" />
    <TestEntry testId="84af5352-8227-9217-082b-cda580d09f14" executionId="d00c0687-1e01-4ad9-8be3-323b7c694e76" testListId="8c84fa94-04c1-424b-9868-57a2d4851a1d" />
    <TestEntry testId="b0f5b7b3-71a6-0ddc-f2a2-7ea8447d6c08" executionId="d5da6c0f-8948-43e9-8ce3-ab4146afbb58" testListId="8c84fa94-04c1-424b-9868-57a2d4851a1d" />
    <TestEntry testId="454f5cd0-066f-8df2-8d94-eae9d7ef0449" executionId="a9355291-3b5b-4730-874f-d740763b5bde" testListId="8c84fa94-04c1-424b-9868-57a2d4851a1d" />
    <TestEntry testId="83681b27-3f9d-7b2e-95e6-483f4f6628fb" executionId="1d53472b-6d20-4588-a33d-40f3707ddf29" testListId="8c84fa94-04c1-424b-9868-57a2d4851a1d" />
    <TestEntry testId="78d1fb87-faa2-7445-4ab6-a19d3bba5cc0" executionId="7f5b08af-8f2c-4ce5-b899-3ecaa24c25d2" testListId="8c84fa94-04c1-424b-9868-57a2d4851a1d" />
    <TestEntry testId="bc6c0f01-3174-183d-56c6-09341abaf61c" executionId="42fbd5f7-2222-479b-af0f-d40ab436b108" testListId="8c84fa94-04c1-424b-9868-57a2d4851a1d" />
    <TestEntry testId="34a4c41a-4803-b8b3-1421-027f36bd29c6" executionId="51fe452b-e9ed-4c0e-9ef5-53466b1eff33" testListId="8c84fa94-04c1-424b-9868-57a2d4851a1d" />
    <TestEntry testId="237bcca8-9a6f-5571-ab01-b2339c8c509f" executionId="7edeb6ae-1354-441e-8707-4c98871ffb58" testListId="8c84fa94-04c1-424b-9868-57a2d4851a1d" />
    <TestEntry testId="1b8955f8-db43-65e1-e190-509430a98bfc" executionId="14bd4607-1175-4e8c-9387-54559e5cea5c" testListId="8c84fa94-04c1-424b-9868-57a2d4851a1d" />
    <TestEntry testId="a9d5a02f-2b1a-7655-64ba-e822a8a67b2e" executionId="d90cb02c-d158-4e32-abe8-5254fd4194cc" testListId="8c84fa94-04c1-424b-9868-57a2d4851a1d" />
    <TestEntry testId="272bea32-6922-a87c-1c83-b5d0f83d1fdc" executionId="55b791c0-082e-4bad-8957-f7f791484115" testListId="8c84fa94-04c1-424b-9868-57a2d4851a1d" />
    <TestEntry testId="9572d9b3-417a-85ef-cec0-061c02ae03aa" executionId="e0ccb2ef-fd1f-4985-8d36-7d18bfd1a5f7" testListId="8c84fa94-04c1-424b-9868-57a2d4851a1d" />
    <TestEntry testId="aa21290b-9548-1665-5eaa-16a5e7c9e400" executionId="bf472f27-8bfe-4d7d-8593-3fc48122ed88" testListId="8c84fa94-04c1-424b-9868-57a2d4851a1d" />
    <TestEntry testId="ce78b03c-d678-e347-ca71-9434edca4dc8" executionId="de45a1b0-71d2-4b6a-be5a-41de0ad4b212" testListId="8c84fa94-04c1-424b-9868-57a2d4851a1d" />
    <TestEntry testId="fdb0fd1c-719a-1307-b67a-76af2bc76726" executionId="b9684604-cb56-4714-94b8-b38f047578fe" testListId="8c84fa94-04c1-424b-9868-57a2d4851a1d" />
    <TestEntry testId="862d051d-24fd-2c90-639b-2b00dc1ac23e" executionId="06192c29-ab76-418b-8675-a1cd5a069b79" testListId="8c84fa94-04c1-424b-9868-57a2d4851a1d" />
    <TestEntry testId="ace779bc-da6c-e372-cbbf-4aa32a881431" executionId="4a48ebb0-7b7e-4416-b753-00cdd64c440f" testListId="8c84fa94-04c1-424b-9868-57a2d4851a1d" />
    <TestEntry testId="b9bb2253-d70c-1869-2ce2-7438fa81d371" executionId="396d67c3-7e57-400f-bcbb-c9561b1e0a8e" testListId="8c84fa94-04c1-424b-9868-57a2d4851a1d" />
    <TestEntry testId="669f63f3-ebaf-b97e-e47b-14da7d8701de" executionId="631291bb-192a-40f1-8d88-69f36d16ec46" testListId="8c84fa94-04c1-424b-9868-57a2d4851a1d" />
    <TestEntry testId="fc34b155-aece-e105-47e6-d3f5b6dcf000" executionId="d18543e5-3f8d-4f82-9775-bb73ade7cc33" testListId="8c84fa94-04c1-424b-9868-57a2d4851a1d" />
    <TestEntry testId="e8e7ec7b-8c57-705d-baaf-ba3966702528" executionId="fc6b31c5-e4b7-4fa0-b895-3705d35e21bf" testListId="8c84fa94-04c1-424b-9868-57a2d4851a1d" />
    <TestEntry testId="81f2b728-48db-5c86-dd30-c46ebb656b1d" executionId="0d77f11e-ad4d-4369-bd0c-7e228d4dd941" testListId="8c84fa94-04c1-424b-9868-57a2d4851a1d" />
    <TestEntry testId="c45fc7d8-93c3-5ea5-36dd-8ce8111f910d" executionId="fc085f75-501e-425c-9e88-444239b5921f" testListId="8c84fa94-04c1-424b-9868-57a2d4851a1d" />
    <TestEntry testId="478038ff-c539-0e8d-dea7-4a8a077b9484" executionId="cd78cdde-9e6e-4630-a332-484de3f0c5e3" testListId="8c84fa94-04c1-424b-9868-57a2d4851a1d" />
    <TestEntry testId="2d834c1a-1258-1f3a-18ed-e57a4d0da9b0" executionId="503e5939-4446-4e09-be9b-72b5f65fb042" testListId="8c84fa94-04c1-424b-9868-57a2d4851a1d" />
    <TestEntry testId="280bf6fd-8524-60f8-ab17-713165b7c609" executionId="a3e25c62-a6bd-4d54-aaa9-54378aa459f9" testListId="8c84fa94-04c1-424b-9868-57a2d4851a1d" />
    <TestEntry testId="f91b1818-82a2-0607-8a04-844e64518c79" executionId="e60415a4-12d5-409e-bd6b-b081e109d6d0" testListId="8c84fa94-04c1-424b-9868-57a2d4851a1d" />
    <TestEntry testId="8b6ded98-1c8f-ac12-0476-af319c103ce3" executionId="db473ead-cbb8-4116-ad89-d9c236565bac" testListId="8c84fa94-04c1-424b-9868-57a2d4851a1d" />
    <TestEntry testId="248a8222-ffb7-1a30-4478-9be9f7c782c4" executionId="0b669d31-f3d0-4803-b253-fdf0b77bbc81" testListId="8c84fa94-04c1-424b-9868-57a2d4851a1d" />
    <TestEntry testId="348cdcdb-51db-f044-1d8c-a169aa5bf93a" executionId="1c8a2ba7-f10e-4ec2-9baa-34075e747576" testListId="8c84fa94-04c1-424b-9868-57a2d4851a1d" />
    <TestEntry testId="f14d7d5b-88c8-5c8a-36dc-5746b4d870c3" executionId="187aa348-e0b4-47b3-8135-06340bc5d7b9" testListId="8c84fa94-04c1-424b-9868-57a2d4851a1d" />
    <TestEntry testId="8f9672df-e453-eb59-99eb-598326c780a4" executionId="91c69573-31e6-4e4f-b307-99e5dbfb9791" testListId="8c84fa94-04c1-424b-9868-57a2d4851a1d" />
    <TestEntry testId="ec5d4e4a-da02-a5e3-0930-1b00c13ab574" executionId="5887b020-34bc-40f5-b3c0-d9beef6ced9b" testListId="8c84fa94-04c1-424b-9868-57a2d4851a1d" />
    <TestEntry testId="9633b3e5-e69a-1915-e27a-26face5b209e" executionId="e964e885-ce20-4940-8704-ffb3b4441912" testListId="8c84fa94-04c1-424b-9868-57a2d4851a1d" />
    <TestEntry testId="c57ae205-effa-0f5a-1aad-0ab62c671cda" executionId="00f0d1af-5381-4218-bb86-7237b1fd5e71" testListId="8c84fa94-04c1-424b-9868-57a2d4851a1d" />
    <TestEntry testId="759a23fc-bf40-0249-018d-71ef00ace8f2" executionId="877ddfcf-3ef7-46dc-81ca-6a33fcdceffc" testListId="8c84fa94-04c1-424b-9868-57a2d4851a1d" />
    <TestEntry testId="aa0a9a3f-4f35-ed44-d98a-96daa2107f56" executionId="638e2abd-4fbe-4c97-a6a9-161ecdea1c6c" testListId="8c84fa94-04c1-424b-9868-57a2d4851a1d" />
    <TestEntry testId="c370d287-f30b-7a15-939a-2932a9810880" executionId="63619939-7b8a-4859-a2a0-c73b11a1feba" testListId="8c84fa94-04c1-424b-9868-57a2d4851a1d" />
    <TestEntry testId="75c2fdb7-be27-cc7a-47ea-1d5433e7adc3" executionId="4048d392-a434-433f-8946-4f3f3c4bbea1" testListId="8c84fa94-04c1-424b-9868-57a2d4851a1d" />
    <TestEntry testId="70010dbc-f7e8-5ed0-6155-96bf62fa3c57" executionId="0e3fcbc1-3734-4ec3-9fe6-49adf92bec8c" testListId="8c84fa94-04c1-424b-9868-57a2d4851a1d" />
    <TestEntry testId="02d3238d-0717-b7d4-c45c-de6627e987ea" executionId="2d41b9a7-5171-47e6-9a38-623623fb9e84" testListId="8c84fa94-04c1-424b-9868-57a2d4851a1d" />
    <TestEntry testId="6e10b1c8-7605-d8f4-df42-e8cc479f25fb" executionId="bab60af6-daf5-4cb6-9e01-e933b0e30853" testListId="8c84fa94-04c1-424b-9868-57a2d4851a1d" />
    <TestEntry testId="250656a5-89b2-3e2e-1802-e41ca78c400e" executionId="c4bdb57e-abb4-4016-84d0-469fbea0e7f3" testListId="8c84fa94-04c1-424b-9868-57a2d4851a1d" />
    <TestEntry testId="e7248f80-9f5c-dcd0-4780-c4bb34116a37" executionId="0ba92771-136d-4299-a31d-66c846aefabe" testListId="8c84fa94-04c1-424b-9868-57a2d4851a1d" />
    <TestEntry testId="cc219011-e8cb-1451-b01e-f5f8e329599f" executionId="ff96962f-ab53-476f-88fa-5383cd036da4" testListId="8c84fa94-04c1-424b-9868-57a2d4851a1d" />
    <TestEntry testId="85f5700a-d540-c37f-17e8-46f48c8e1f80" executionId="a1c85cdb-5b56-443f-b995-052fcfb6eb7e" testListId="8c84fa94-04c1-424b-9868-57a2d4851a1d" />
    <TestEntry testId="b7c86b6b-75fb-e8b2-d3f6-3d29f2abf86a" executionId="43284898-ae60-4dd7-b702-6661bc5ea0d8" testListId="8c84fa94-04c1-424b-9868-57a2d4851a1d" />
    <TestEntry testId="a35f67f8-7ba1-728b-c59d-f0a9ce2cea1a" executionId="474741b4-e810-41c9-944a-e3ac05462a1b" testListId="8c84fa94-04c1-424b-9868-57a2d4851a1d" />
    <TestEntry testId="29718d6d-0dca-fff8-d7dd-e3a31e921427" executionId="4f37e1bb-a4da-49bf-800a-bba2272bcf93" testListId="8c84fa94-04c1-424b-9868-57a2d4851a1d" />
    <TestEntry testId="b786b2f6-a107-798f-6a57-8a357c398fad" executionId="b9b22f48-bb8d-46e9-a907-0515ee3deab9" testListId="8c84fa94-04c1-424b-9868-57a2d4851a1d" />
    <TestEntry testId="0d3f02d1-d7bc-bf81-e177-2018e4b1f8a6" executionId="4fad7128-11e9-4d74-84ce-551d1ffd33ab" testListId="8c84fa94-04c1-424b-9868-57a2d4851a1d" />
    <TestEntry testId="6a4cec18-a338-2326-adb5-24434248713f" executionId="c6412dfb-95d7-4cb0-89c4-f638af093772" testListId="8c84fa94-04c1-424b-9868-57a2d4851a1d" />
    <TestEntry testId="2568eba1-c37b-cfca-67b9-aee0157e2829" executionId="c29ee055-5d08-4a72-ac3e-8a1cccb9a77e" testListId="8c84fa94-04c1-424b-9868-57a2d4851a1d" />
    <TestEntry testId="67c13865-8422-ad4f-ee33-6367aed0c20a" executionId="e01652b2-6d5e-4cd4-9f05-65901cc6e131" testListId="8c84fa94-04c1-424b-9868-57a2d4851a1d" />
    <TestEntry testId="31fe1e88-5a02-7a4c-21d7-b3804e382dab" executionId="88140fec-5406-4b3b-bfb6-ca38e4885a2a" testListId="8c84fa94-04c1-424b-9868-57a2d4851a1d" />
    <TestEntry testId="cba29d63-2c44-87bc-0ed9-3c6222472991" executionId="98ebbc05-2ad3-4f7c-9890-6fe78062e9a8" testListId="8c84fa94-04c1-424b-9868-57a2d4851a1d" />
    <TestEntry testId="f984fc56-10d5-503d-c8be-76d7cf0432b9" executionId="64d6cf6d-fa74-4a98-9aa3-49321a7053e2" testListId="8c84fa94-04c1-424b-9868-57a2d4851a1d" />
    <TestEntry testId="357355db-b40f-add9-8fce-7371288fbaf8" executionId="e431ec74-e78f-4475-abec-321ff00da9eb" testListId="8c84fa94-04c1-424b-9868-57a2d4851a1d" />
    <TestEntry testId="d9afc760-0213-c9d6-bd98-6e9850d1ef88" executionId="54b88a4b-5ec0-43ed-84d2-d50882592279" testListId="8c84fa94-04c1-424b-9868-57a2d4851a1d" />
    <TestEntry testId="991a2630-0305-c322-bfc1-b42d1f9199fb" executionId="5587f55b-c9b4-46d1-837e-98d09238c7a4" testListId="8c84fa94-04c1-424b-9868-57a2d4851a1d" />
    <TestEntry testId="3955218e-bfaf-0f5f-f542-6ba8723213bd" executionId="38d4b470-2e7f-479e-b711-ed66c5bb2bbd" testListId="8c84fa94-04c1-424b-9868-57a2d4851a1d" />
    <TestEntry testId="07dbf28a-4bd4-5f02-6f7d-66099f04b433" executionId="a8ba202c-fafe-485a-8062-472b84cf673a" testListId="8c84fa94-04c1-424b-9868-57a2d4851a1d" />
    <TestEntry testId="1eb18d99-c7dd-9d00-6b9b-e409aabf5969" executionId="7b16dca7-bce3-417e-b3de-5b2ed0f29949" testListId="8c84fa94-04c1-424b-9868-57a2d4851a1d" />
    <TestEntry testId="fc15aa9e-6402-65bb-7b2d-c1aef4a70ad8" executionId="02a4e335-7e49-4538-a659-873963980ed5" testListId="8c84fa94-04c1-424b-9868-57a2d4851a1d" />
    <TestEntry testId="757fd3cf-0e2f-e8d1-af0f-43fed84653cd" executionId="30d93683-f886-4268-9af7-6c397d46f963" testListId="8c84fa94-04c1-424b-9868-57a2d4851a1d" />
    <TestEntry testId="b380b062-031d-b73c-fb51-b3933216c1df" executionId="b280eceb-7381-4a49-be0c-04b16480213a" testListId="8c84fa94-04c1-424b-9868-57a2d4851a1d" />
    <TestEntry testId="3a84391d-65ca-3c59-17fd-6f464daa05d1" executionId="e283231c-eaca-485c-8d08-221369095017" testListId="8c84fa94-04c1-424b-9868-57a2d4851a1d" />
    <TestEntry testId="a5010ebf-5e58-2ef6-57a9-64ba977b8c6a" executionId="be9cf8c9-c9f1-4469-927a-fc0dbd6df98d" testListId="8c84fa94-04c1-424b-9868-57a2d4851a1d" />
    <TestEntry testId="60681953-b6f2-eb3a-ba7c-ddbd2c07d414" executionId="db5c96bf-2d22-4da4-ba5f-72cec4e63553" testListId="8c84fa94-04c1-424b-9868-57a2d4851a1d" />
    <TestEntry testId="518616fe-5139-0bc9-45e6-23e418ca88fc" executionId="46153df3-332c-40b3-91c8-4a6decf4861c" testListId="8c84fa94-04c1-424b-9868-57a2d4851a1d" />
    <TestEntry testId="f26a1951-de40-6a5f-c2ad-637f9b5a54b0" executionId="99f0a06c-6534-4337-8dee-dcdaa7e3c1db" testListId="8c84fa94-04c1-424b-9868-57a2d4851a1d" />
    <TestEntry testId="fd7fff0a-c012-7d7e-8519-dd19df1803ab" executionId="2ca88d11-4779-4a95-b95e-4e01d9c85867" testListId="8c84fa94-04c1-424b-9868-57a2d4851a1d" />
    <TestEntry testId="43f80761-66d8-691f-d9df-b1200c0eae48" executionId="b4780006-69cc-4a6b-9e79-9351df6620f0" testListId="8c84fa94-04c1-424b-9868-57a2d4851a1d" />
    <TestEntry testId="23954ce7-e722-fbf9-7aff-3186d41da677" executionId="76ffb490-4bf1-4525-8ac8-c2300a75559f" testListId="8c84fa94-04c1-424b-9868-57a2d4851a1d" />
    <TestEntry testId="a9dd12d3-21a5-be22-6c87-7da60ffc98f1" executionId="21b7f04c-2725-4bac-bd9b-83d7fcf28903" testListId="8c84fa94-04c1-424b-9868-57a2d4851a1d" />
    <TestEntry testId="96397bac-6ce6-55d5-fd80-81621d972635" executionId="10b59086-4ab7-4e82-a21b-df3a14aaa41b" testListId="8c84fa94-04c1-424b-9868-57a2d4851a1d" />
    <TestEntry testId="a45a4c11-af1a-97f7-9524-719689e32cdc" executionId="0c0e911b-8031-43b3-9759-41964d1ed2ba" testListId="8c84fa94-04c1-424b-9868-57a2d4851a1d" />
    <TestEntry testId="4370de23-20e3-bc2d-ea35-616588b730cf" executionId="d74dde05-6190-4545-9cc6-a5456bf4b284" testListId="8c84fa94-04c1-424b-9868-57a2d4851a1d" />
    <TestEntry testId="98f347e1-cc54-716e-da87-0672df647855" executionId="e544b9dd-c2e6-40c3-953c-961319092a8c" testListId="8c84fa94-04c1-424b-9868-57a2d4851a1d" />
    <TestEntry testId="0d48430f-91f1-4ceb-4de7-2b87e2242e31" executionId="0f8c99b9-19b6-4c70-9408-1bd27f3fe3a2" testListId="8c84fa94-04c1-424b-9868-57a2d4851a1d" />
    <TestEntry testId="081c38f6-d8e4-ce72-d24a-0941aebbcdd2" executionId="124d8e0e-88a2-4cdb-9c54-a9245af1d4e9" testListId="8c84fa94-04c1-424b-9868-57a2d4851a1d" />
    <TestEntry testId="4466108e-9a61-c73e-bb5f-c59942e9dc2a" executionId="77232c72-42bc-4d7a-b306-c6eeefcaec80" testListId="8c84fa94-04c1-424b-9868-57a2d4851a1d" />
    <TestEntry testId="52a08ac8-5060-6d0e-b693-a2659a0ce97c" executionId="e7dc6dc5-78b1-47fe-a7f1-2923d682775d" testListId="8c84fa94-04c1-424b-9868-57a2d4851a1d" />
    <TestEntry testId="25934755-05dd-fb87-bbdc-adc11a42db98" executionId="44b90a0e-a791-4697-9203-38bd1adf36c4" testListId="8c84fa94-04c1-424b-9868-57a2d4851a1d" />
    <TestEntry testId="d20953fb-3965-a2c3-9830-a92d25cff76d" executionId="37e5ad89-d662-4a3d-9d33-82c61cda1e1f" testListId="8c84fa94-04c1-424b-9868-57a2d4851a1d" />
    <TestEntry testId="9cbd421c-59fd-0948-1d0f-e5cd9e8c799d" executionId="ac6d9ff5-a5c3-4240-acef-e272009f4708" testListId="8c84fa94-04c1-424b-9868-57a2d4851a1d" />
    <TestEntry testId="53d1c32f-59c8-36c0-6517-050420b73e12" executionId="d8b1940a-df5c-44bf-adec-b585bb22b2ff" testListId="8c84fa94-04c1-424b-9868-57a2d4851a1d" />
    <TestEntry testId="a6d0d8bb-ee7e-9517-b9ba-d66bbac15e8f" executionId="52ea7da1-0a82-4a28-ba45-ffa331ccc17f" testListId="8c84fa94-04c1-424b-9868-57a2d4851a1d" />
    <TestEntry testId="717c7066-e893-4e45-4466-029b9416e988" executionId="7891ada2-6c97-40d3-9347-1e67c39675c9" testListId="8c84fa94-04c1-424b-9868-57a2d4851a1d" />
    <TestEntry testId="9c29d8f8-8d1c-c848-69bf-be15dfdacaf5" executionId="76c539a0-5978-4e8e-90df-1af44d62025f" testListId="8c84fa94-04c1-424b-9868-57a2d4851a1d" />
    <TestEntry testId="69b665c2-c02e-bb41-a2a7-6f74388cd8be" executionId="63d30063-0bfa-45f3-a68d-99e06bc4159d" testListId="8c84fa94-04c1-424b-9868-57a2d4851a1d" />
    <TestEntry testId="74ffdbe3-59e3-a185-b1c9-b388e9ab1285" executionId="7624028b-228f-4a9b-a40d-9025fe3a0e90" testListId="8c84fa94-04c1-424b-9868-57a2d4851a1d" />
    <TestEntry testId="6a539b3e-3e98-d35f-b1ef-f9245385130c" executionId="bbd33d78-8d4c-473a-9db9-f7c34d75e782" testListId="8c84fa94-04c1-424b-9868-57a2d4851a1d" />
    <TestEntry testId="09ce91c9-5991-2d6d-5b41-88f9f4379405" executionId="975d57fb-cbea-4400-a953-c37f62f5cf87" testListId="8c84fa94-04c1-424b-9868-57a2d4851a1d" />
    <TestEntry testId="375324d8-0445-0b92-f031-15c7d1303afb" executionId="8727ab55-8e48-4aa9-86f5-1e8600d39dd5" testListId="8c84fa94-04c1-424b-9868-57a2d4851a1d" />
    <TestEntry testId="65e22077-aaa4-9b2a-7c94-5411b1978ce0" executionId="48b263ec-49c9-4323-9059-35b0e59b51a6" testListId="8c84fa94-04c1-424b-9868-57a2d4851a1d" />
    <TestEntry testId="cc92256d-3ba6-6cf6-49b0-2936f43702d2" executionId="9620d6fd-941d-4bb3-b59a-50bb3fad6fba" testListId="8c84fa94-04c1-424b-9868-57a2d4851a1d" />
    <TestEntry testId="beac384b-84ea-ec8b-c212-b6d26e8e7060" executionId="a3a0cd86-f463-4b0d-a25f-91dc36242981" testListId="8c84fa94-04c1-424b-9868-57a2d4851a1d" />
    <TestEntry testId="3cafd8d0-c7ad-f5eb-3a9c-60567e1b3d7a" executionId="1b9a411b-c417-4e46-9fec-cf8ec906a0fe" testListId="8c84fa94-04c1-424b-9868-57a2d4851a1d" />
    <TestEntry testId="bab9c6b2-b76f-3b02-2851-7d70a6469d4c" executionId="ee498a26-1142-46a8-87c9-4ee41d82a0b6" testListId="8c84fa94-04c1-424b-9868-57a2d4851a1d" />
    <TestEntry testId="af7a12da-659b-0f01-8762-afb58425eb10" executionId="e3746e67-e76b-472a-905f-be21115c893f" testListId="8c84fa94-04c1-424b-9868-57a2d4851a1d" />
    <TestEntry testId="76fb9744-3cff-3327-7867-37baee884750" executionId="218113f0-c3c0-4cb0-b5ae-b272441a01fb" testListId="8c84fa94-04c1-424b-9868-57a2d4851a1d" />
    <TestEntry testId="40c17282-b4cd-b65c-804e-6aeb66f3b7a0" executionId="38c5f9a0-b9ab-420b-8982-d2965c06cb46" testListId="8c84fa94-04c1-424b-9868-57a2d4851a1d" />
    <TestEntry testId="7d56797b-9e3a-30ca-68e2-d694383d754c" executionId="022a4051-32e4-41db-9281-22b3165c1a79" testListId="8c84fa94-04c1-424b-9868-57a2d4851a1d" />
    <TestEntry testId="2810dec5-9c92-1d9d-93e9-741b857dbc66" executionId="fe60d63b-d9ae-4c5c-9926-716816808656" testListId="8c84fa94-04c1-424b-9868-57a2d4851a1d" />
    <TestEntry testId="c1297193-c374-e927-e1a4-9e5ea43d57fd" executionId="2a9edd80-a469-4d1c-8c4d-d3e2dc85dad5" testListId="8c84fa94-04c1-424b-9868-57a2d4851a1d" />
    <TestEntry testId="08267e6b-9cc7-6ed1-fe9b-19dd96d97112" executionId="81bee8a5-236e-41e6-936e-10c67f880246" testListId="8c84fa94-04c1-424b-9868-57a2d4851a1d" />
    <TestEntry testId="3094aaee-0b56-712f-2767-ed24cd2a5365" executionId="acc405c8-87bf-408f-b84b-a8cb30f6de60" testListId="8c84fa94-04c1-424b-9868-57a2d4851a1d" />
    <TestEntry testId="084f8eb1-cd59-dcb5-d090-85777762c562" executionId="4878815f-ee2b-4979-9885-44a08b567907" testListId="8c84fa94-04c1-424b-9868-57a2d4851a1d" />
    <TestEntry testId="92a803bc-a321-92b0-7ac2-6bbed6376024" executionId="2f496499-1a9c-4a5e-82b6-0898af7575a3" testListId="8c84fa94-04c1-424b-9868-57a2d4851a1d" />
    <TestEntry testId="eb499752-9364-5e7a-6258-69d4de2d34ad" executionId="668e54de-28eb-4645-99fd-4c99f293b1a5" testListId="8c84fa94-04c1-424b-9868-57a2d4851a1d" />
    <TestEntry testId="ad1d808e-b681-ea61-e569-69bc39211b42" executionId="a8a6b56a-f8b1-44a3-b509-81ec90fbbc9c" testListId="8c84fa94-04c1-424b-9868-57a2d4851a1d" />
    <TestEntry testId="2ad19896-20d8-5eeb-f07e-b3f50029d057" executionId="d812eba2-b064-4cff-a264-9216593a01dc" testListId="8c84fa94-04c1-424b-9868-57a2d4851a1d" />
    <TestEntry testId="d062e480-020f-3c86-335b-acc375bf41ad" executionId="a25827b5-eae4-41ab-b70b-b6eb7b5987f7" testListId="8c84fa94-04c1-424b-9868-57a2d4851a1d" />
    <TestEntry testId="67af02bd-f380-81ad-bb13-8183030bbe55" executionId="908345a1-4963-4de0-a1cf-615b28c48152" testListId="8c84fa94-04c1-424b-9868-57a2d4851a1d" />
    <TestEntry testId="6a3b7cf5-022c-4dc8-8fd8-6388afc4d319" executionId="54700bde-1eec-436a-ba48-44de5930f696" testListId="8c84fa94-04c1-424b-9868-57a2d4851a1d" />
    <TestEntry testId="906de3c6-b69d-d3bc-70d4-3b3eb008556c" executionId="9307fe76-8dd6-4a8a-97cd-729733bcfc5c" testListId="8c84fa94-04c1-424b-9868-57a2d4851a1d" />
    <TestEntry testId="a0b4aff9-85a1-334b-00dc-5c474b0496e3" executionId="55701fa0-b9c3-4f77-9de1-e930e61a7d83" testListId="8c84fa94-04c1-424b-9868-57a2d4851a1d" />
    <TestEntry testId="0c31dbbd-7593-4955-a093-95ea3d940f38" executionId="a0b5353e-338a-4693-811f-acc98dc7bb25" testListId="8c84fa94-04c1-424b-9868-57a2d4851a1d" />
    <TestEntry testId="a54ea3a9-36f2-a94e-1805-ae666e5c6b02" executionId="7ba0a961-0142-45cd-9423-b7dfa669d876" testListId="8c84fa94-04c1-424b-9868-57a2d4851a1d" />
    <TestEntry testId="37e50a21-0df7-6f12-d056-66fe446885d8" executionId="62031469-072a-4831-8c5c-19201341f705" testListId="8c84fa94-04c1-424b-9868-57a2d4851a1d" />
    <TestEntry testId="f5125af8-6320-0d9c-5028-1edfae3da053" executionId="d1dbb59b-ad9d-40ba-9d25-ad4656e2448d" testListId="8c84fa94-04c1-424b-9868-57a2d4851a1d" />
    <TestEntry testId="6b5da5ef-0e9f-b93a-d946-e0c5205f0af6" executionId="8b93444a-9102-41d8-b705-20e48ea25c8d" testListId="8c84fa94-04c1-424b-9868-57a2d4851a1d" />
    <TestEntry testId="58560010-c722-7829-4e74-2a922f558db9" executionId="4ebadaa0-43c9-4497-975e-60542463f939" testListId="8c84fa94-04c1-424b-9868-57a2d4851a1d" />
    <TestEntry testId="772e2acb-f744-06c3-8853-e5f8277c7e1d" executionId="27ece514-ccc6-40bf-a092-5e056972152b" testListId="8c84fa94-04c1-424b-9868-57a2d4851a1d" />
    <TestEntry testId="b2b646b2-6bbf-625f-032b-5503e31a943a" executionId="02fe091b-351f-4167-bf11-6bf56ae4492c" testListId="8c84fa94-04c1-424b-9868-57a2d4851a1d" />
    <TestEntry testId="00c12436-98f4-5dd7-78bf-aefeb7220a8c" executionId="d16fc6d1-481d-442a-93c0-2e68b400c3cd" testListId="8c84fa94-04c1-424b-9868-57a2d4851a1d" />
    <TestEntry testId="a7629601-9f89-8720-5d63-1767954904a4" executionId="594036e4-dfee-4af8-9b4f-32ca0b78f108" testListId="8c84fa94-04c1-424b-9868-57a2d4851a1d" />
    <TestEntry testId="db27502d-ca09-8b00-c484-da618b177978" executionId="9baad0cb-cbba-4ead-9fc0-e9998171f292" testListId="8c84fa94-04c1-424b-9868-57a2d4851a1d" />
    <TestEntry testId="a9d312b9-9019-2c9e-9c28-cf106389b5e4" executionId="513b84d4-e3ba-4c7f-b34b-b97140ccc380" testListId="8c84fa94-04c1-424b-9868-57a2d4851a1d" />
    <TestEntry testId="f18fc085-8d49-a022-3295-60642a5fd055" executionId="bee07598-a382-488b-be72-8a56202e5fb5" testListId="8c84fa94-04c1-424b-9868-57a2d4851a1d" />
    <TestEntry testId="e95456e0-4cc7-be76-119f-1ab53d6f57bf" executionId="38709f6b-9c65-4039-b140-10b89db31ee2" testListId="8c84fa94-04c1-424b-9868-57a2d4851a1d" />
    <TestEntry testId="e9e3570f-8bca-53f3-5257-4c0ca0f4d4b4" executionId="bb6cb1be-b4ab-4280-8642-d5311539ef44" testListId="8c84fa94-04c1-424b-9868-57a2d4851a1d" />
    <TestEntry testId="932e0548-91aa-81b0-eea7-454ae03617f2" executionId="d0dbb660-d307-4f86-8441-7c7831c6bbe2" testListId="8c84fa94-04c1-424b-9868-57a2d4851a1d" />
    <TestEntry testId="d0cef623-1fdb-c3a1-af56-ca3b6029b376" executionId="b9cdf233-8662-4def-95f1-3f85a05220ba" testListId="8c84fa94-04c1-424b-9868-57a2d4851a1d" />
    <TestEntry testId="20420e2b-d22e-b322-5256-2b9bf479b731" executionId="4271e93e-0974-4a61-9386-13c6bd1a203a" testListId="8c84fa94-04c1-424b-9868-57a2d4851a1d" />
    <TestEntry testId="f8e93bfd-eab7-9e22-f8ea-f2fcf6f399fc" executionId="4d6ae0ad-bea8-4279-aa23-daf2b9c373e2" testListId="8c84fa94-04c1-424b-9868-57a2d4851a1d" />
    <TestEntry testId="cf8afedb-ebbc-03d0-878b-8f6d3e0e1d8c" executionId="bd00b4b8-041a-4a3c-9e00-3f0d16dec13d" testListId="8c84fa94-04c1-424b-9868-57a2d4851a1d" />
    <TestEntry testId="4a215274-5c3a-6446-77be-6748e3ecfbdc" executionId="6e9de99e-c4ed-4f8a-8753-c9f778c9ac8a" testListId="8c84fa94-04c1-424b-9868-57a2d4851a1d" />
    <TestEntry testId="8b33296f-afe6-e3f2-83f5-e8aade1a9cd6" executionId="859dbeb0-dc50-40b4-80a2-c1c4c2f48ce7" testListId="8c84fa94-04c1-424b-9868-57a2d4851a1d" />
    <TestEntry testId="311ed59c-7302-f375-bd91-6d84d5d0f440" executionId="395b8ec6-3561-47b4-89c4-084315661088" testListId="8c84fa94-04c1-424b-9868-57a2d4851a1d" />
    <TestEntry testId="9e90b0a3-96f7-6acf-6cbe-cd9d71de47d1" executionId="28c2f581-78df-4cc7-8020-e71434ecb486" testListId="8c84fa94-04c1-424b-9868-57a2d4851a1d" />
    <TestEntry testId="8f93b665-95b1-ff61-4637-607a32f177ae" executionId="28486fe9-d053-45c9-a189-49d9ab16adc9" testListId="8c84fa94-04c1-424b-9868-57a2d4851a1d" />
    <TestEntry testId="3424fff9-a083-0bb7-5ca9-e5c3dbdd9c0e" executionId="47ea621c-a242-42bb-aa81-b0098202735d" testListId="8c84fa94-04c1-424b-9868-57a2d4851a1d" />
    <TestEntry testId="c1a794ca-0d05-c2b1-a803-03a977fad388" executionId="055308e6-957b-4d09-b094-1ae5783d448f" testListId="8c84fa94-04c1-424b-9868-57a2d4851a1d" />
    <TestEntry testId="079205d8-581b-66a4-19f3-53503c008b44" executionId="285d4589-b835-425c-af3f-6d2b6177d49d" testListId="8c84fa94-04c1-424b-9868-57a2d4851a1d" />
    <TestEntry testId="a137548f-f119-263e-3493-aedd548335c9" executionId="06a08a12-cdf7-418d-8f8c-e65a8873dccb" testListId="8c84fa94-04c1-424b-9868-57a2d4851a1d" />
    <TestEntry testId="5b4c5fee-8780-143b-26c4-256d6e9b33b8" executionId="19d705e6-e1bb-4168-9f8a-a93bb06d17ae" testListId="8c84fa94-04c1-424b-9868-57a2d4851a1d" />
    <TestEntry testId="62bf3f69-c536-24f3-1523-463462831c7f" executionId="b585d446-e6fd-45ea-aa27-b4122e1bc206" testListId="8c84fa94-04c1-424b-9868-57a2d4851a1d" />
    <TestEntry testId="ca64c7a9-dcb1-b0c4-30bd-7762162d0168" executionId="cc304e95-c45e-4b21-a5dd-ae12fdf5717e" testListId="8c84fa94-04c1-424b-9868-57a2d4851a1d" />
    <TestEntry testId="9931068f-a528-5066-c75e-b7e3e13893fe" executionId="c846f307-da24-45b5-bbc3-30993d5e3f21" testListId="8c84fa94-04c1-424b-9868-57a2d4851a1d" />
    <TestEntry testId="7dc01f64-7c1e-dc9c-5e16-d967a360f183" executionId="fb441c68-2fdd-4792-81c9-cd5789a80e37" testListId="8c84fa94-04c1-424b-9868-57a2d4851a1d" />
    <TestEntry testId="233a57d8-d8df-9768-65b2-c54a0467b03c" executionId="ecf5a21d-2f16-468b-b0c2-74fb935ee1ff" testListId="8c84fa94-04c1-424b-9868-57a2d4851a1d" />
    <TestEntry testId="0392fb89-0e54-691a-ee0e-7ee05b819ccd" executionId="23ca151a-6c77-4775-aa50-c77b089e0c57" testListId="8c84fa94-04c1-424b-9868-57a2d4851a1d" />
    <TestEntry testId="707230e7-9909-4121-c112-d76db911c0ff" executionId="36e8b5fc-28eb-49e2-be7b-7f6cce26cb11" testListId="8c84fa94-04c1-424b-9868-57a2d4851a1d" />
    <TestEntry testId="1cbf430f-1eb2-1a43-9ce7-22e5c5bc3eb2" executionId="30d510dc-fa01-4cca-acd6-2759d76a0491" testListId="8c84fa94-04c1-424b-9868-57a2d4851a1d" />
    <TestEntry testId="6a211411-bd54-3ac6-7091-b53d0789d9de" executionId="8575b5ff-0295-4e20-922d-bf0e4723db58" testListId="8c84fa94-04c1-424b-9868-57a2d4851a1d" />
    <TestEntry testId="b625c5c1-e04b-8198-893f-40adaf883c9b" executionId="9894ad8b-691b-47f0-ab4b-09879b0097cf" testListId="8c84fa94-04c1-424b-9868-57a2d4851a1d" />
    <TestEntry testId="81b20615-410f-534c-d965-471635a21ec1" executionId="496aaa3a-cee5-498b-b162-8bc31d3f279a" testListId="8c84fa94-04c1-424b-9868-57a2d4851a1d" />
    <TestEntry testId="c5b5f6b5-06d7-974a-756e-ec42688f1813" executionId="7c9a7cbe-5342-45c8-b4d2-f805f33868fb" testListId="8c84fa94-04c1-424b-9868-57a2d4851a1d" />
    <TestEntry testId="c6eef2f4-383e-8bf6-9d44-1e5921777b72" executionId="a9494ec3-bd1b-4b8d-938d-8c05bd035e4f" testListId="8c84fa94-04c1-424b-9868-57a2d4851a1d" />
    <TestEntry testId="76f38511-0d36-4dae-157a-06a5440eb50e" executionId="2340532b-ed01-4ce1-9e6f-f1a1419fc949" testListId="8c84fa94-04c1-424b-9868-57a2d4851a1d" />
    <TestEntry testId="54404c72-13be-dde8-a0e6-2427d49984a3" executionId="242d8b30-20e8-4642-9d4f-17c839c707f2" testListId="8c84fa94-04c1-424b-9868-57a2d4851a1d" />
    <TestEntry testId="962af9e5-9945-29ec-6f36-70c253b8da60" executionId="1149bb06-c3cc-4a92-881d-49985495c1d2" testListId="8c84fa94-04c1-424b-9868-57a2d4851a1d" />
    <TestEntry testId="b59b3be0-dcf8-3fcf-55b0-83d2527d61eb" executionId="d7808240-65fe-446a-a974-59e33b6dbb32" testListId="8c84fa94-04c1-424b-9868-57a2d4851a1d" />
    <TestEntry testId="211243c6-c358-45ea-1c97-3ee62872c4a5" executionId="8a8b0a9e-df39-4a93-88f6-e9599ca4b672" testListId="8c84fa94-04c1-424b-9868-57a2d4851a1d" />
    <TestEntry testId="3679f8c5-1b38-2ce4-3e1c-b9b2de10a018" executionId="ec533814-9a29-424a-a78a-40768fabe7f0" testListId="8c84fa94-04c1-424b-9868-57a2d4851a1d" />
    <TestEntry testId="b7f4ad03-2061-979e-075f-4360c4956f2c" executionId="42c8f24e-1f6d-4d77-8aa2-c752ada7f0ee" testListId="8c84fa94-04c1-424b-9868-57a2d4851a1d" />
    <TestEntry testId="cd8aa587-a99a-aeab-eee5-9ca0275f8961" executionId="8f6ec05d-617c-4270-af1f-a26bcf269f9f" testListId="8c84fa94-04c1-424b-9868-57a2d4851a1d" />
    <TestEntry testId="0aa497d5-4a5f-b13a-33ce-4b26575a33b0" executionId="67021a7e-fe0a-4d53-8798-2ab400e2bf8b" testListId="8c84fa94-04c1-424b-9868-57a2d4851a1d" />
    <TestEntry testId="2f83a97d-8b30-c980-dd2e-d51923a92fa6" executionId="9ccfd47e-dc19-4fbd-8909-0db1d75c4d7f" testListId="8c84fa94-04c1-424b-9868-57a2d4851a1d" />
    <TestEntry testId="38804096-c550-448d-9ab7-e4768c5b1bc2" executionId="5add4e5d-fc9f-458f-81a7-587848b45e23" testListId="8c84fa94-04c1-424b-9868-57a2d4851a1d" />
    <TestEntry testId="477d68fe-f5f3-06b6-385f-92c18f33ba85" executionId="d548c1e9-0ca8-4961-937e-950481768ce2" testListId="8c84fa94-04c1-424b-9868-57a2d4851a1d" />
    <TestEntry testId="326f085c-6d13-8a4a-f353-286af24a12a0" executionId="e3fd4788-9a27-4883-b0ce-04371228d008" testListId="8c84fa94-04c1-424b-9868-57a2d4851a1d" />
    <TestEntry testId="c18f6f2e-7fc9-af96-3e56-2814e109dced" executionId="32c97f77-b94e-4892-923d-9d23f733c3ae" testListId="8c84fa94-04c1-424b-9868-57a2d4851a1d" />
    <TestEntry testId="0313b198-85db-f821-7236-fdc1de5357ec" executionId="877f86cf-31cc-49e2-926b-1120a0d90aaa" testListId="8c84fa94-04c1-424b-9868-57a2d4851a1d" />
    <TestEntry testId="e1a10001-abe9-21e5-0430-868dc2ffa0ce" executionId="8859b234-2bce-479e-992b-d5fc23aa8c76" testListId="8c84fa94-04c1-424b-9868-57a2d4851a1d" />
    <TestEntry testId="a2cb6dfe-f1ba-e95b-cd98-26b8d0343480" executionId="076e6dce-224f-4716-883a-27a8f31f5154" testListId="8c84fa94-04c1-424b-9868-57a2d4851a1d" />
    <TestEntry testId="961d73a5-05a8-296d-8b0b-38f9e8f301fc" executionId="a37ed48d-6ff5-4a1b-af8f-6e8b8f3173ae" testListId="8c84fa94-04c1-424b-9868-57a2d4851a1d" />
    <TestEntry testId="841d3ca5-405b-0c17-4b4e-ec70cfe7a9bc" executionId="2a700538-88cb-4431-93f5-471a3eb9262f" testListId="8c84fa94-04c1-424b-9868-57a2d4851a1d" />
    <TestEntry testId="75979776-1765-5cc6-8084-1f8f3da6d9bd" executionId="72af8383-1110-40df-a04e-b417e0895126" testListId="8c84fa94-04c1-424b-9868-57a2d4851a1d" />
    <TestEntry testId="571a2d42-d5c0-ddd5-2aa8-4caa80054a83" executionId="78e8d88d-fd5d-4bee-a99f-2870f29d2368" testListId="8c84fa94-04c1-424b-9868-57a2d4851a1d" />
    <TestEntry testId="dfc1e7b5-6b5f-5d9e-4f4e-29cd43162f42" executionId="b6b7d661-b4f1-4766-93fc-64ab0ff0affc" testListId="8c84fa94-04c1-424b-9868-57a2d4851a1d" />
    <TestEntry testId="d2ab3819-8cbf-3e92-7f95-aab641146f13" executionId="afe06e64-c31d-4710-8627-fcd97e2629e1" testListId="8c84fa94-04c1-424b-9868-57a2d4851a1d" />
    <TestEntry testId="88a55cd6-e66f-bcbe-3e93-33eab2317faa" executionId="8cb9c897-50c6-42c0-9c31-6e99018aec21" testListId="8c84fa94-04c1-424b-9868-57a2d4851a1d" />
    <TestEntry testId="117f49c1-87f2-91bb-b1df-0a528a7d739f" executionId="73442fae-b7d2-4e54-bde6-cf369800b41a" testListId="8c84fa94-04c1-424b-9868-57a2d4851a1d" />
    <TestEntry testId="9ab9703c-2b87-c9f9-27d1-1b7e2040114b" executionId="0f754ea5-f077-44e8-a2c3-def3a5c7739a" testListId="8c84fa94-04c1-424b-9868-57a2d4851a1d" />
    <TestEntry testId="65fd9edf-8530-8682-aca7-781e29801059" executionId="6c2aa6d3-b710-425c-bc00-43d9ee05084b" testListId="8c84fa94-04c1-424b-9868-57a2d4851a1d" />
    <TestEntry testId="f5cc1044-d6b3-ed33-7b41-c00dfb69601a" executionId="4f78a4a1-fab7-429a-b56a-81c0c04166f1" testListId="8c84fa94-04c1-424b-9868-57a2d4851a1d" />
    <TestEntry testId="f0f488fe-a6e3-3c1c-16d0-bb403d844cfe" executionId="8f309996-3142-46da-ad4c-ce1beb14af83" testListId="8c84fa94-04c1-424b-9868-57a2d4851a1d" />
    <TestEntry testId="7b3b5f20-ed0c-a263-0a55-b6d7e4a57f44" executionId="86e138e6-3ab6-453c-8838-fa04129c32a6" testListId="8c84fa94-04c1-424b-9868-57a2d4851a1d" />
    <TestEntry testId="82f51e88-f84c-59b5-1902-2836c260310a" executionId="7a98a746-d8b6-481c-be41-0ae114d3a29a" testListId="8c84fa94-04c1-424b-9868-57a2d4851a1d" />
    <TestEntry testId="0bb5f876-93be-3ff8-62bf-77e7859727dc" executionId="0144a83c-ea60-46b6-af35-382e701013a0" testListId="8c84fa94-04c1-424b-9868-57a2d4851a1d" />
    <TestEntry testId="1a8de66f-4661-2384-39bb-e099832df5c3" executionId="7bb35f1f-28d8-4fb2-8d1a-5adeee539aca" testListId="8c84fa94-04c1-424b-9868-57a2d4851a1d" />
    <TestEntry testId="da4eae82-1e75-0fb2-cd21-d61ea49f627a" executionId="28146839-f174-45c4-9d30-d7e4b28b8643" testListId="8c84fa94-04c1-424b-9868-57a2d4851a1d" />
    <TestEntry testId="a005ff41-7761-6a9a-e29a-55517dfd26d7" executionId="be3c08f7-a50f-4569-82f1-8e0a3b127e60" testListId="8c84fa94-04c1-424b-9868-57a2d4851a1d" />
    <TestEntry testId="3db2e042-25dd-b9be-ba50-e498aea78f66" executionId="fc562cbc-e47a-406f-bfd6-4f6b3e2dd729" testListId="8c84fa94-04c1-424b-9868-57a2d4851a1d" />
    <TestEntry testId="cd974028-a496-3b42-153d-18b295b063ba" executionId="d6534849-ff11-4551-8b17-d4c189de81ce" testListId="8c84fa94-04c1-424b-9868-57a2d4851a1d" />
    <TestEntry testId="ce6eccc0-1502-544c-2ad2-09dc878f27be" executionId="fbe4f07f-a7de-4900-a338-91df00e02d06" testListId="8c84fa94-04c1-424b-9868-57a2d4851a1d" />
    <TestEntry testId="4a969029-591c-6a65-68a2-51547996f016" executionId="5a7b50d8-6bb8-4900-a161-fb350fc2c567" testListId="8c84fa94-04c1-424b-9868-57a2d4851a1d" />
    <TestEntry testId="a350d461-5d64-d58b-27fc-0b78a09224f0" executionId="86b36aee-2684-4ebf-b7f6-f714a340257a" testListId="8c84fa94-04c1-424b-9868-57a2d4851a1d" />
    <TestEntry testId="1066d4d0-9d20-00b7-f5c3-94bb7bb86e00" executionId="6591ce6d-f0da-4468-baf6-b273256f2183" testListId="8c84fa94-04c1-424b-9868-57a2d4851a1d" />
    <TestEntry testId="80517d80-15be-12b8-7aa3-a20c0d375e4e" executionId="01cbf3c2-5654-4b49-8b19-38dfb4ee3d2f" testListId="8c84fa94-04c1-424b-9868-57a2d4851a1d" />
    <TestEntry testId="e141e559-0425-c025-2e54-d84f007fff87" executionId="58277930-6849-4802-8ac0-83412ee52d46" testListId="8c84fa94-04c1-424b-9868-57a2d4851a1d" />
    <TestEntry testId="ca4d78e7-37b4-15b7-898b-964c8752e720" executionId="199a81b3-170e-4c63-ad75-ce0ccc9af54a" testListId="8c84fa94-04c1-424b-9868-57a2d4851a1d" />
    <TestEntry testId="2b2f354d-1d62-8dbc-6337-2fa85ef1e8ea" executionId="ceb4f1cd-de0d-4bbd-9bcd-fa7cfdf7caf7" testListId="8c84fa94-04c1-424b-9868-57a2d4851a1d" />
    <TestEntry testId="c0b19aec-198f-cf17-892d-a57424588055" executionId="35a25c0c-5701-484d-a940-5f94d24a5775" testListId="8c84fa94-04c1-424b-9868-57a2d4851a1d" />
    <TestEntry testId="aa26edad-f338-1c4c-5e6b-59245b3fc45e" executionId="5220f439-0fde-45b3-b8a6-e3bb1804560b" testListId="8c84fa94-04c1-424b-9868-57a2d4851a1d" />
    <TestEntry testId="cba080fa-8e3d-92d8-0b07-cfecd9c57ff0" executionId="9385f05f-5ac9-4273-9b4f-6fd0bb8437dc" testListId="8c84fa94-04c1-424b-9868-57a2d4851a1d" />
    <TestEntry testId="07f2330c-a32b-1267-d4b0-caaba134538c" executionId="1af4064c-02cb-4a96-9d0f-36c37ea23817" testListId="8c84fa94-04c1-424b-9868-57a2d4851a1d" />
    <TestEntry testId="14f5c6a7-d76d-411a-781d-1cf4864ea1b7" executionId="e3b6c240-17eb-4f0d-a3a7-483c93e141ff" testListId="8c84fa94-04c1-424b-9868-57a2d4851a1d" />
    <TestEntry testId="094e618c-7857-e794-c1cd-bed52c9ff571" executionId="6c1108e6-1c49-4fb8-a41f-852a5c043657" testListId="8c84fa94-04c1-424b-9868-57a2d4851a1d" />
    <TestEntry testId="9eb9965b-2960-d0f9-fbcc-a4a5aa1fd2ab" executionId="07cdb0d0-c9a2-4f44-955a-b8b654186ebe" testListId="8c84fa94-04c1-424b-9868-57a2d4851a1d" />
    <TestEntry testId="1b559ff5-0c4f-e641-00e0-9e016aca83cf" executionId="80db7d5f-346f-4be2-b765-38ae2b889b11" testListId="8c84fa94-04c1-424b-9868-57a2d4851a1d" />
    <TestEntry testId="039899e9-1730-03c3-3de8-fa7851e8ab4b" executionId="8b28fc0c-cf46-43f4-a52f-b6969e43ae3c" testListId="8c84fa94-04c1-424b-9868-57a2d4851a1d" />
    <TestEntry testId="ad617a21-c713-8b3f-1c43-a157005c71a8" executionId="eea50981-41ed-4004-9035-6fb56f01c4b8" testListId="8c84fa94-04c1-424b-9868-57a2d4851a1d" />
    <TestEntry testId="3b8ebbc8-0951-986b-da42-e55f0f8d9e82" executionId="3a416efa-0e51-44c1-974d-ccdc4e248b56" testListId="8c84fa94-04c1-424b-9868-57a2d4851a1d" />
    <TestEntry testId="df0729cc-2d3c-4637-b475-c900383b0ccc" executionId="1b6087c4-d724-4474-8a67-56adbc9c2956" testListId="8c84fa94-04c1-424b-9868-57a2d4851a1d" />
    <TestEntry testId="311a7b51-28fb-53f2-6391-1278185f9f0a" executionId="6ea1fd17-e239-4430-b7f6-c190ce8b1c9b" testListId="8c84fa94-04c1-424b-9868-57a2d4851a1d" />
    <TestEntry testId="5830f673-66b7-43a1-41bc-24a0827db703" executionId="5f15d330-2aac-49a5-bf5f-a0b53f3483d5" testListId="8c84fa94-04c1-424b-9868-57a2d4851a1d" />
    <TestEntry testId="7a1bc66d-aa94-f7ae-b136-d942c363ec41" executionId="4ac46a58-4300-4d28-bdf3-902e1c45dc7e" testListId="8c84fa94-04c1-424b-9868-57a2d4851a1d" />
    <TestEntry testId="bca3c582-e80c-ef41-398e-3be5d658e9bf" executionId="2869791e-2f9b-4b28-9a69-65e4c19d25a5" testListId="8c84fa94-04c1-424b-9868-57a2d4851a1d" />
    <TestEntry testId="eb4efa8a-4ac3-8ca0-485f-1e5066291b32" executionId="0b615853-11fd-415b-800d-586cffc0e8ac" testListId="8c84fa94-04c1-424b-9868-57a2d4851a1d" />
    <TestEntry testId="f279c0d9-e0f2-38d2-2c2b-79896aa507d6" executionId="5ea3dd59-1751-44f0-b5fc-0c8b69a44a17" testListId="8c84fa94-04c1-424b-9868-57a2d4851a1d" />
    <TestEntry testId="ab0f94f2-d82d-6dd2-3d4f-00a2899588bc" executionId="95b1a1de-894a-4d56-b7c7-ce8edd67ca62" testListId="8c84fa94-04c1-424b-9868-57a2d4851a1d" />
    <TestEntry testId="8c1c6959-b021-2fe4-3fb4-596dc72657f9" executionId="6a05a1b2-78ad-4234-936a-087cc4adbf10" testListId="8c84fa94-04c1-424b-9868-57a2d4851a1d" />
    <TestEntry testId="21c9e6ed-ad48-d623-3ded-18c334013961" executionId="76827da6-1e50-4401-bb82-30b52860a605" testListId="8c84fa94-04c1-424b-9868-57a2d4851a1d" />
    <TestEntry testId="68759f9d-93c7-ce36-714e-789cd9bb5f2c" executionId="bef8f5a9-034c-4d8f-a2cb-670fe5c72c93" testListId="8c84fa94-04c1-424b-9868-57a2d4851a1d" />
    <TestEntry testId="b15b66bb-a842-699c-8d6e-b2baf0071fa9" executionId="e6ceaaf5-31df-482b-a62e-12d75a27f1b1" testListId="8c84fa94-04c1-424b-9868-57a2d4851a1d" />
    <TestEntry testId="5e135e8f-f24e-b9c6-150f-acc0af438518" executionId="17e17696-b9ab-4a55-93e9-964eb9e61c14" testListId="8c84fa94-04c1-424b-9868-57a2d4851a1d" />
    <TestEntry testId="bba65b07-3193-3bfd-1cf9-41cff7fada3b" executionId="49fe4314-27b8-41ba-8a0d-597477203e62" testListId="8c84fa94-04c1-424b-9868-57a2d4851a1d" />
    <TestEntry testId="35730e05-7dc0-1eb4-83c3-772b777e629d" executionId="7b7fa0bc-de28-4d2e-81e1-8015b351e7ac" testListId="8c84fa94-04c1-424b-9868-57a2d4851a1d" />
    <TestEntry testId="b4ce4f89-6b7b-675c-83b9-715bef57acfa" executionId="767a7eb0-e1fa-4ecd-af0b-e684c5bbc712" testListId="8c84fa94-04c1-424b-9868-57a2d4851a1d" />
    <TestEntry testId="4bb73787-e162-2735-0fdd-8d6228cefdb4" executionId="fe37a11f-6b9e-45a8-96bc-3b4ae8977046" testListId="8c84fa94-04c1-424b-9868-57a2d4851a1d" />
    <TestEntry testId="93ec8734-b1b4-4715-43ee-c16297d81f27" executionId="41c8a026-cb85-4c4b-b611-65154d142ecc" testListId="8c84fa94-04c1-424b-9868-57a2d4851a1d" />
    <TestEntry testId="3bdca526-a911-8c67-449d-4a4ec87cbbe6" executionId="3f4ecefb-518e-43aa-8b24-66927e992810" testListId="8c84fa94-04c1-424b-9868-57a2d4851a1d" />
    <TestEntry testId="88467834-598a-befa-f973-88c1be5f6a84" executionId="1ae433c0-8d23-4e85-bbaa-a6fd68345b7d" testListId="8c84fa94-04c1-424b-9868-57a2d4851a1d" />
    <TestEntry testId="eba6ae35-f380-e2d9-962f-e341a620d0f8" executionId="b92127ea-c175-4d0c-823e-81b8809dead2" testListId="8c84fa94-04c1-424b-9868-57a2d4851a1d" />
    <TestEntry testId="7c1cff65-f9e1-df00-06db-763ee9668a6f" executionId="9e7e33a0-a9b8-43e7-9c1e-fc57b8801dd1" testListId="8c84fa94-04c1-424b-9868-57a2d4851a1d" />
    <TestEntry testId="c1e83446-7e31-4fbb-3945-184ff27be01d" executionId="bcd32446-ec9c-4f84-a484-e33b4ded4895" testListId="8c84fa94-04c1-424b-9868-57a2d4851a1d" />
    <TestEntry testId="f8c05529-9f52-e1af-0771-f22b33a02856" executionId="4b04697a-1ca7-4edd-b1ce-0a17a646623e" testListId="8c84fa94-04c1-424b-9868-57a2d4851a1d" />
    <TestEntry testId="e69e061e-9aa4-c181-2e49-0fe243e358b5" executionId="f7ad20d3-e6de-41b4-b4d0-27e29e118c05" testListId="8c84fa94-04c1-424b-9868-57a2d4851a1d" />
    <TestEntry testId="f23f03ef-5129-7d93-aff4-9d37a0789d7c" executionId="04bf9902-e703-4f3b-a8b7-a569f75c0895" testListId="8c84fa94-04c1-424b-9868-57a2d4851a1d" />
    <TestEntry testId="c1fea90c-7c05-7bb6-3709-2aa5214c1025" executionId="f6bc55da-b4d2-4916-bccb-d3200352cc14" testListId="8c84fa94-04c1-424b-9868-57a2d4851a1d" />
    <TestEntry testId="e82408ac-1ed6-849c-77e6-47379b6025a6" executionId="b2e591f0-7807-4ed1-9bbb-d5fd75e286d6" testListId="8c84fa94-04c1-424b-9868-57a2d4851a1d" />
    <TestEntry testId="9f6632f4-6ded-a4e4-ecb2-352541172dbf" executionId="3c129e92-bda8-4c27-8ec3-8c3d2cb1a27f" testListId="8c84fa94-04c1-424b-9868-57a2d4851a1d" />
    <TestEntry testId="da9310ab-44a6-5bd0-76ca-eb334616ee49" executionId="59bd7a01-e9a3-4d67-9153-1d448f0081e0" testListId="8c84fa94-04c1-424b-9868-57a2d4851a1d" />
    <TestEntry testId="ba1f1e56-aa72-f7d2-1b0a-b2f6a05b1469" executionId="6b8361c3-7e91-4ed4-b075-61ca11bac391" testListId="8c84fa94-04c1-424b-9868-57a2d4851a1d" />
    <TestEntry testId="bdd9f5a4-bc12-7031-3593-4509e96d7667" executionId="87851c07-229f-4cf0-95df-4bbbe5ac2771" testListId="8c84fa94-04c1-424b-9868-57a2d4851a1d" />
    <TestEntry testId="6a0de016-89fb-43a4-0c1a-b5a72ab6aef6" executionId="a0648602-6458-4b71-a07c-b7d873a01bcb" testListId="8c84fa94-04c1-424b-9868-57a2d4851a1d" />
    <TestEntry testId="8f1ff520-300d-edbf-9e38-16950691675e" executionId="24629fab-16e8-477b-8e75-98ee7a2c4206" testListId="8c84fa94-04c1-424b-9868-57a2d4851a1d" />
    <TestEntry testId="b1f38c26-0165-3035-341f-85246d6d8bd9" executionId="b4cf50a0-84ed-4032-a663-5557ed695c49" testListId="8c84fa94-04c1-424b-9868-57a2d4851a1d" />
    <TestEntry testId="04dc20f4-02ae-b3d0-490d-26fdfcac5907" executionId="6b6db2b8-ed2f-4fed-af14-8f928163d079" testListId="8c84fa94-04c1-424b-9868-57a2d4851a1d" />
    <TestEntry testId="24b0352b-8efa-1a11-7f19-473acc0ac8f4" executionId="7fcd070e-e2af-4309-b440-85f760fc9149" testListId="8c84fa94-04c1-424b-9868-57a2d4851a1d" />
    <TestEntry testId="ed40b906-30f9-3b66-23c5-e376692a6423" executionId="67923b4d-18d1-4449-832e-59743082de6b" testListId="8c84fa94-04c1-424b-9868-57a2d4851a1d" />
    <TestEntry testId="a4da8b85-23af-5346-7cbd-94129daebb6d" executionId="5dea5afb-1641-41ed-870a-fba3db56c4c7" testListId="8c84fa94-04c1-424b-9868-57a2d4851a1d" />
    <TestEntry testId="ef7782c9-11fe-e34c-2089-7e69d8bff416" executionId="11c33475-427d-435e-ad4c-6e23855f7143" testListId="8c84fa94-04c1-424b-9868-57a2d4851a1d" />
    <TestEntry testId="0f40e050-c732-1916-d36e-cd1d9601b2e8" executionId="88a0b158-768e-4117-83a1-c66d2f80a78c" testListId="8c84fa94-04c1-424b-9868-57a2d4851a1d" />
    <TestEntry testId="3032cf00-0849-d65a-be40-ef2afa78023e" executionId="e6f51150-8394-4f2e-803d-3f4f4f6f0ca8" testListId="8c84fa94-04c1-424b-9868-57a2d4851a1d" />
    <TestEntry testId="f310bb7f-4dcb-96aa-694f-42c2859ef2c2" executionId="b239d894-4ce1-42e9-9ff9-bdd744013a19" testListId="8c84fa94-04c1-424b-9868-57a2d4851a1d" />
    <TestEntry testId="7fcd170b-8ad0-97ed-bb5c-0719c3ec0b45" executionId="78b429fe-b40a-4132-b656-3537dfdeaf38" testListId="8c84fa94-04c1-424b-9868-57a2d4851a1d" />
    <TestEntry testId="234b615f-08a5-3e10-dc5c-16f6ce0a5aad" executionId="1941493a-a5c6-451e-b083-85103be85690" testListId="8c84fa94-04c1-424b-9868-57a2d4851a1d" />
    <TestEntry testId="a9c85084-c995-1031-4c1a-f8fe296b98c8" executionId="f8d3b8c6-c063-4787-8f96-6482fd501fb7" testListId="8c84fa94-04c1-424b-9868-57a2d4851a1d" />
    <TestEntry testId="8bbe91a7-3526-d798-f9e4-beb11d3c6e81" executionId="bf008307-1429-494d-a7e7-bc480b361cb1" testListId="8c84fa94-04c1-424b-9868-57a2d4851a1d" />
    <TestEntry testId="ea041517-4baa-3634-0458-7d4bd47e5a6a" executionId="33e621eb-841c-4d44-a2cd-f76136bc3ccd" testListId="8c84fa94-04c1-424b-9868-57a2d4851a1d" />
    <TestEntry testId="6375b893-f85f-8c21-7baa-14ab7d26634c" executionId="c576fda6-9e3c-40a7-ac08-4f0e3db0639b" testListId="8c84fa94-04c1-424b-9868-57a2d4851a1d" />
    <TestEntry testId="d2c72bf0-7cab-bcdf-c908-172a996bf395" executionId="b1fbfafc-a9af-469b-81f7-fd087f648c73" testListId="8c84fa94-04c1-424b-9868-57a2d4851a1d" />
    <TestEntry testId="914e15fd-855e-fd4d-d599-d6698021a9da" executionId="28fbe053-a4d9-49e5-a55c-89cca8c18976" testListId="8c84fa94-04c1-424b-9868-57a2d4851a1d" />
    <TestEntry testId="82d3cef8-f869-3d10-3a47-0ebce17a2b5f" executionId="55f4221a-0c30-45e9-a35b-df0377227651" testListId="8c84fa94-04c1-424b-9868-57a2d4851a1d" />
    <TestEntry testId="ccd698cf-e8f3-32a9-13d0-fde665ce10f3" executionId="804754ea-8773-46a3-89e2-8807d06984d3" testListId="8c84fa94-04c1-424b-9868-57a2d4851a1d" />
    <TestEntry testId="c2159f35-ea06-8655-cf50-df9066deb1bc" executionId="e53a28a3-3552-4fce-a5e2-440948c05c0a" testListId="8c84fa94-04c1-424b-9868-57a2d4851a1d" />
    <TestEntry testId="7e62bb5d-9cbf-8dce-83c6-4e9015c03e8d" executionId="24d92304-5707-41c3-8cda-b2f7f11a53fb" testListId="8c84fa94-04c1-424b-9868-57a2d4851a1d" />
    <TestEntry testId="cf7a74b9-b3fc-85ca-3653-e582b3d8abe1" executionId="87f8eb9a-0c45-4546-95f4-ec53218a0a77" testListId="8c84fa94-04c1-424b-9868-57a2d4851a1d" />
    <TestEntry testId="28c9a924-ea3f-b3ac-0746-37061b6a031e" executionId="8dac0b1d-66a7-4fd2-a3d4-187fb92817ba" testListId="8c84fa94-04c1-424b-9868-57a2d4851a1d" />
    <TestEntry testId="5fc52d17-f0b2-7cfb-a128-3f06f3258e4e" executionId="c2c7f9f5-a31e-4a61-be3b-dd05952ee7d1" testListId="8c84fa94-04c1-424b-9868-57a2d4851a1d" />
    <TestEntry testId="e2552e92-2327-fcb4-a99e-9794627d35d5" executionId="857569f9-d637-4318-993b-439d7e30b0fb" testListId="8c84fa94-04c1-424b-9868-57a2d4851a1d" />
    <TestEntry testId="81110d44-247e-c3f4-637e-646cf396daac" executionId="e01995ae-3092-44d7-bb73-be764044ab15" testListId="8c84fa94-04c1-424b-9868-57a2d4851a1d" />
    <TestEntry testId="3b4ee0e6-2588-e6a7-7db5-af08c68a9297" executionId="a2abe258-e86e-4d82-a1e9-a9317f74dbea" testListId="8c84fa94-04c1-424b-9868-57a2d4851a1d" />
    <TestEntry testId="e2968ef2-33e2-8a68-6421-daa3812f5482" executionId="ee2260ad-77f7-4cf0-99ae-aadbbbc775b9" testListId="8c84fa94-04c1-424b-9868-57a2d4851a1d" />
    <TestEntry testId="f0ef8b21-e5d2-b698-e9f3-a8c431f84e7d" executionId="980c9a4b-052d-4fbd-92d0-a7a1e4171b4c" testListId="8c84fa94-04c1-424b-9868-57a2d4851a1d" />
    <TestEntry testId="ff43b6bf-4772-2a17-1e04-4061022245d2" executionId="ec4922f1-8154-4dcb-a411-12a121eb88b3" testListId="8c84fa94-04c1-424b-9868-57a2d4851a1d" />
    <TestEntry testId="6edab2ee-5c8f-0779-9f95-fc9ca7409919" executionId="fe080634-f5f5-4975-86c8-6bd6c11555d5" testListId="8c84fa94-04c1-424b-9868-57a2d4851a1d" />
    <TestEntry testId="60d87326-68df-7622-a2e0-9389e00860d0" executionId="40a28a43-cb44-4a89-abf3-4192ea3b410a" testListId="8c84fa94-04c1-424b-9868-57a2d4851a1d" />
    <TestEntry testId="0b2ebd04-f237-496f-67d8-5b29442955ad" executionId="92809f64-b1b5-455a-8a88-2ae25fc1c8f4" testListId="8c84fa94-04c1-424b-9868-57a2d4851a1d" />
    <TestEntry testId="a329882a-d484-a9e2-b73a-6906ab601962" executionId="2c64fbac-5386-43bc-997f-911251265699" testListId="8c84fa94-04c1-424b-9868-57a2d4851a1d" />
    <TestEntry testId="f8efadbd-aa63-64dc-12ca-816163a75891" executionId="d7dcbf88-4fe1-49b0-aae8-01e795fff006" testListId="8c84fa94-04c1-424b-9868-57a2d4851a1d" />
    <TestEntry testId="feddf1f1-2112-87e6-506b-56e7782a8769" executionId="8deb7560-8947-4380-a609-b4737f135cc3" testListId="8c84fa94-04c1-424b-9868-57a2d4851a1d" />
    <TestEntry testId="14ce8e9f-dd0b-d98f-aae8-b8cb46a53afd" executionId="4aaaff00-9cdc-4260-b585-93c9250d0582" testListId="8c84fa94-04c1-424b-9868-57a2d4851a1d" />
    <TestEntry testId="266b3ae4-6e7f-f4c1-1bb9-06638264384e" executionId="e0c4d8e8-42d8-4f50-853d-50fe281c528b" testListId="8c84fa94-04c1-424b-9868-57a2d4851a1d" />
    <TestEntry testId="9e699254-4bd9-6562-98a1-15f5fec53511" executionId="80a4cb79-0220-445a-8a37-3d5a800574ee" testListId="8c84fa94-04c1-424b-9868-57a2d4851a1d" />
    <TestEntry testId="9659f509-7a64-6cfd-548f-a6bac3f9e988" executionId="e7ee2055-b5e1-4ba1-bfd8-fa188e61ce82" testListId="8c84fa94-04c1-424b-9868-57a2d4851a1d" />
    <TestEntry testId="25f78969-7ca5-9526-51a5-9024df2a6713" executionId="63fb2c0f-847f-47fb-95d4-887c4d810139" testListId="8c84fa94-04c1-424b-9868-57a2d4851a1d" />
    <TestEntry testId="5357e6d0-9095-803b-e2af-a7b9f305373c" executionId="69979b9f-6781-4c4a-8948-8f831de92378" testListId="8c84fa94-04c1-424b-9868-57a2d4851a1d" />
    <TestEntry testId="d2e1917c-2fd0-f776-0bcc-8313d3215d0f" executionId="d26bf0d6-66e6-41d2-94e4-fb63d8593f92" testListId="8c84fa94-04c1-424b-9868-57a2d4851a1d" />
    <TestEntry testId="a49172e2-cb4a-1e08-96ea-a1b5321144a5" executionId="12ed388f-9f35-4a2d-8f1c-7c80fcbd9fec" testListId="8c84fa94-04c1-424b-9868-57a2d4851a1d" />
    <TestEntry testId="aa00cbe9-9779-327f-4bcb-b72af57f670c" executionId="34ed6889-aa4d-487f-aa21-2ef16067532a" testListId="8c84fa94-04c1-424b-9868-57a2d4851a1d" />
    <TestEntry testId="66900daf-960e-e5f5-2b98-a29df542c0a3" executionId="c3729da8-750c-4139-926e-ccac859a24ae" testListId="8c84fa94-04c1-424b-9868-57a2d4851a1d" />
    <TestEntry testId="c6c99973-b48a-1a8d-f10c-a4e1a4a7968b" executionId="3efaebf4-0773-41f7-ae72-b2b37a9ce0b3" testListId="8c84fa94-04c1-424b-9868-57a2d4851a1d" />
    <TestEntry testId="5c69b05d-7c97-f4f1-8ae9-1ac9637a64cc" executionId="bb774df5-4ae2-45ac-ac1d-6a87903083b0" testListId="8c84fa94-04c1-424b-9868-57a2d4851a1d" />
    <TestEntry testId="c5b8b320-11a4-40cd-2232-819bfc0fabac" executionId="953d432c-c124-4b3b-93ef-3feaf105bcf4" testListId="8c84fa94-04c1-424b-9868-57a2d4851a1d" />
    <TestEntry testId="f2560246-36e5-1215-f360-61b2666df317" executionId="d233a3ac-0193-4a97-b864-60872cd91c4f" testListId="8c84fa94-04c1-424b-9868-57a2d4851a1d" />
    <TestEntry testId="f7e4a2a7-de00-ea38-1962-1d2a1deec714" executionId="cf7e461c-60f4-437d-ade7-749f0b7411e2" testListId="8c84fa94-04c1-424b-9868-57a2d4851a1d" />
    <TestEntry testId="462753c0-4cc1-adb3-1252-6bf05ffd1617" executionId="6cf4d90a-3793-409a-9022-f6317ee6aeb9" testListId="8c84fa94-04c1-424b-9868-57a2d4851a1d" />
    <TestEntry testId="8fa831e7-09bb-030b-452f-b330ec3936e0" executionId="2671870a-680c-4ea8-8b63-2d198247ac9c" testListId="8c84fa94-04c1-424b-9868-57a2d4851a1d" />
    <TestEntry testId="74737b68-20da-0234-9b64-b5c6d1799f5c" executionId="f0ca0c75-df10-4fea-b067-6e663f5ae80a" testListId="8c84fa94-04c1-424b-9868-57a2d4851a1d" />
    <TestEntry testId="6073fde3-9213-ae75-d790-9754d1fc5c40" executionId="6ca6cf29-cf43-4792-8bdc-c9054108f4e5" testListId="8c84fa94-04c1-424b-9868-57a2d4851a1d" />
    <TestEntry testId="1ebaa319-402e-ecd8-cf81-940529d16d9e" executionId="c504a2ce-539a-45c9-9c5d-8c148223dd68" testListId="8c84fa94-04c1-424b-9868-57a2d4851a1d" />
    <TestEntry testId="6a24be21-827c-f804-3abb-dfa45fa0308b" executionId="a892206b-073c-463f-af4f-4bf816eb209e" testListId="8c84fa94-04c1-424b-9868-57a2d4851a1d" />
    <TestEntry testId="3c90498d-141c-3b0e-16de-ba8961de4141" executionId="ae43e270-1fdb-4008-a94d-260b6f767113" testListId="8c84fa94-04c1-424b-9868-57a2d4851a1d" />
    <TestEntry testId="31f57562-33ee-a5ac-3396-1168c4505402" executionId="482892ef-9fa3-4153-98a2-864103a54d13" testListId="8c84fa94-04c1-424b-9868-57a2d4851a1d" />
    <TestEntry testId="867d7e11-0da7-bab8-2ad9-ca5a5e33f4f1" executionId="34cafa41-b00a-44d9-8792-7ba2bd25ccf8" testListId="8c84fa94-04c1-424b-9868-57a2d4851a1d" />
    <TestEntry testId="430178c1-164d-e773-6d9f-dfbd7b3c0f9a" executionId="0cde95d0-9874-4258-a29d-f80d0b51bda8" testListId="8c84fa94-04c1-424b-9868-57a2d4851a1d" />
    <TestEntry testId="5280841c-b82b-bd2a-fedb-ef852cc353ad" executionId="94c9b6f7-f604-4eee-9f24-117e41289ff6" testListId="8c84fa94-04c1-424b-9868-57a2d4851a1d" />
    <TestEntry testId="51f262a9-7e11-9bd2-6cea-09bdbb581980" executionId="41fa4482-7241-4f4e-965f-3c635a4e11cd" testListId="8c84fa94-04c1-424b-9868-57a2d4851a1d" />
    <TestEntry testId="a30995de-318d-5394-c1bf-6ffd75d1e736" executionId="d6377d3b-8d85-46d8-a58e-82455286f0ee" testListId="8c84fa94-04c1-424b-9868-57a2d4851a1d" />
    <TestEntry testId="52ebb3fc-eecb-3cb0-b5d0-f9f9afdb6d9c" executionId="bf97310c-7c43-4616-8c1d-1c9761bd6863" testListId="8c84fa94-04c1-424b-9868-57a2d4851a1d" />
    <TestEntry testId="3194524f-4056-54ba-81cd-b85b91f932ae" executionId="e7aa3509-914c-43d6-a2f5-b366f2cf03d1" testListId="8c84fa94-04c1-424b-9868-57a2d4851a1d" />
    <TestEntry testId="7da4ddbf-db82-119d-62ad-100bb95138ae" executionId="f2c76310-6198-4a46-af42-8dcfb54ddc4d" testListId="8c84fa94-04c1-424b-9868-57a2d4851a1d" />
    <TestEntry testId="012d4ea8-491b-3b1b-17bf-22f6dc606df1" executionId="5443dd43-5b84-41a6-86db-c7959d34f6a6" testListId="8c84fa94-04c1-424b-9868-57a2d4851a1d" />
    <TestEntry testId="ec67303c-753d-8804-cc15-97c700c535ea" executionId="67c35a60-3f5d-4119-bb97-e6fdd2935132" testListId="8c84fa94-04c1-424b-9868-57a2d4851a1d" />
    <TestEntry testId="373028b9-3072-e9ef-26b0-524aabd27bc0" executionId="5d732efe-4d90-45e1-a002-225087331ece" testListId="8c84fa94-04c1-424b-9868-57a2d4851a1d" />
    <TestEntry testId="3871ed78-3afe-803f-82d9-02fd9b6a557d" executionId="4ca988f9-de34-4ed9-836f-8123f2004234" testListId="8c84fa94-04c1-424b-9868-57a2d4851a1d" />
    <TestEntry testId="be1c598f-9918-b35d-4ae2-4e0031814dcd" executionId="ab67d40c-2d28-4b9a-9091-25a2aa8e30ae" testListId="8c84fa94-04c1-424b-9868-57a2d4851a1d" />
    <TestEntry testId="e72bb4c8-d1a9-d7bc-9837-7e3210c66292" executionId="5282c913-5ec6-4f29-913b-16fdfbb9b092" testListId="8c84fa94-04c1-424b-9868-57a2d4851a1d" />
    <TestEntry testId="adf233f4-5ad3-8f22-386e-fb1465aadeca" executionId="c9ab6a32-233b-4b83-ae00-21dc5be03d01" testListId="8c84fa94-04c1-424b-9868-57a2d4851a1d" />
    <TestEntry testId="66ea0c63-9e96-bcec-08bd-1256f63f6aea" executionId="f2512e3c-e9a8-4b20-969c-6b1220fdef11" testListId="8c84fa94-04c1-424b-9868-57a2d4851a1d" />
    <TestEntry testId="156e3638-9aa5-fb1d-b234-75c23c182f0b" executionId="16b2d322-5e73-4a73-aaca-788d14e49da4" testListId="8c84fa94-04c1-424b-9868-57a2d4851a1d" />
    <TestEntry testId="5826e68a-ef8e-22a4-9e03-fb90d69b0ffb" executionId="fe8f2119-7188-43e9-bd7a-4c4abb4f3ff9" testListId="8c84fa94-04c1-424b-9868-57a2d4851a1d" />
    <TestEntry testId="e2394671-fc96-f8ee-bb61-dba63f378846" executionId="392b8ddc-af75-4a49-a29c-13a85fe1511b" testListId="8c84fa94-04c1-424b-9868-57a2d4851a1d" />
    <TestEntry testId="c0753c68-4452-3b2c-063c-b9af92d3a2df" executionId="d7b20107-5e2a-4e6e-914e-d11a24f293e9" testListId="8c84fa94-04c1-424b-9868-57a2d4851a1d" />
    <TestEntry testId="518b176e-3885-716c-28d4-2a952dc5a3c4" executionId="2cfac76b-39b1-42c5-85e6-f35da103dc90" testListId="8c84fa94-04c1-424b-9868-57a2d4851a1d" />
    <TestEntry testId="2d2cdcf3-7548-7540-c92d-81f0b3da2217" executionId="94310a73-c642-4c3b-95a5-280537d17114" testListId="8c84fa94-04c1-424b-9868-57a2d4851a1d" />
    <TestEntry testId="8c74e947-e5cd-e842-f8cf-e89e9416d4a5" executionId="cbd6d031-d451-4fcc-86e9-6a57aac9b830" testListId="8c84fa94-04c1-424b-9868-57a2d4851a1d" />
    <TestEntry testId="268b10d4-acec-4add-ff07-1cfdb89e30dd" executionId="83dc57a1-9ee9-4c11-8a72-98226515dd13" testListId="8c84fa94-04c1-424b-9868-57a2d4851a1d" />
    <TestEntry testId="cf0210cd-5b25-7e3a-f165-cd6b513671b6" executionId="d3fd437b-0322-4083-9aad-857a938ac46e" testListId="8c84fa94-04c1-424b-9868-57a2d4851a1d" />
    <TestEntry testId="023802b1-c3ed-5580-d8ce-73a722e08150" executionId="fa7b8aa9-c0c1-4470-837d-761ac39fc3f4" testListId="8c84fa94-04c1-424b-9868-57a2d4851a1d" />
    <TestEntry testId="55f244df-904b-88da-8d5f-9610229cb13c" executionId="6aff0384-85a9-42f2-823e-1fb8d5c09e5c" testListId="8c84fa94-04c1-424b-9868-57a2d4851a1d" />
    <TestEntry testId="907f921c-4227-8c7d-5f10-ca5e466a7bcb" executionId="5f3a6345-b2e8-4f0e-a2a5-04265e5920f8" testListId="8c84fa94-04c1-424b-9868-57a2d4851a1d" />
    <TestEntry testId="4bcf02fb-fb4a-80d1-cc57-939b4a0a119d" executionId="671efc5d-0d83-4ea7-9eeb-d83c62f08085" testListId="8c84fa94-04c1-424b-9868-57a2d4851a1d" />
    <TestEntry testId="020a5974-e355-b008-03b7-b7347bfb0707" executionId="8b0506b0-2286-4fb2-acab-ab9839e22604" testListId="8c84fa94-04c1-424b-9868-57a2d4851a1d" />
    <TestEntry testId="c1bb284c-f5fb-a3aa-eacd-b13511316957" executionId="d01f20e1-2aa1-48f6-9b6c-c12f24a5a726" testListId="8c84fa94-04c1-424b-9868-57a2d4851a1d" />
    <TestEntry testId="b9053709-bc85-4c8d-4d7d-0847745839b1" executionId="15fb8b3b-9ef6-4c02-b8e3-1923043f1c86" testListId="8c84fa94-04c1-424b-9868-57a2d4851a1d" />
    <TestEntry testId="618cbdc9-a039-0951-9258-13d11ff6bf74" executionId="504117c8-4338-42f3-aeac-2c90ffe1d7b6" testListId="8c84fa94-04c1-424b-9868-57a2d4851a1d" />
    <TestEntry testId="7aefdb48-ad4b-7154-d735-f9dfaff60492" executionId="52c7d4e8-6634-48cd-8dae-fa033fc5c56a" testListId="8c84fa94-04c1-424b-9868-57a2d4851a1d" />
    <TestEntry testId="a8e3d97f-bd04-6cf7-d4f5-c8f0ae171be9" executionId="f15cc042-b02f-434e-8b7b-f6e4892d0d17" testListId="8c84fa94-04c1-424b-9868-57a2d4851a1d" />
    <TestEntry testId="2981b7a2-8c14-b240-b8b6-8ee2e94fe0dc" executionId="4d6aedf6-acc9-456b-8099-af5739643594" testListId="8c84fa94-04c1-424b-9868-57a2d4851a1d" />
    <TestEntry testId="82040ed4-5bf8-c350-a56c-f79b7bacaf81" executionId="7fa5fb30-3e1c-41d0-8fb2-ed3af51d1826" testListId="8c84fa94-04c1-424b-9868-57a2d4851a1d" />
    <TestEntry testId="a43d23f7-84fe-b3b5-c58e-6b45b126c242" executionId="2e41dcd9-340c-42df-b540-51902338d484" testListId="8c84fa94-04c1-424b-9868-57a2d4851a1d" />
    <TestEntry testId="246a5c05-0a5f-8b19-34b0-814a597a6e6d" executionId="f78d1987-7522-4fb4-b56b-88ec6dac7437" testListId="8c84fa94-04c1-424b-9868-57a2d4851a1d" />
    <TestEntry testId="a78bb89a-98d5-52a9-23de-c9ea441a0aa5" executionId="964f1ab4-3cb6-45d3-9ab2-3f5920c7f71b" testListId="8c84fa94-04c1-424b-9868-57a2d4851a1d" />
    <TestEntry testId="8b83f007-5438-ef51-0b2f-b316528cacc9" executionId="5163aad2-8b2c-4bfa-86b4-06d2709f2bab" testListId="8c84fa94-04c1-424b-9868-57a2d4851a1d" />
    <TestEntry testId="5f4b0e51-b420-4181-02e3-c380de280332" executionId="40a9e62c-fb6d-4eb1-9454-eeb298127bfc" testListId="8c84fa94-04c1-424b-9868-57a2d4851a1d" />
    <TestEntry testId="aa2c276b-7e53-b0c2-efce-f5525dcf6eb5" executionId="800cb04e-4abe-46bb-8842-e35733d51d92" testListId="8c84fa94-04c1-424b-9868-57a2d4851a1d" />
    <TestEntry testId="f2c6ba21-f1a2-8cde-a73e-7dcf78e281c4" executionId="d6807271-c91e-466a-8934-dcae04c55364" testListId="8c84fa94-04c1-424b-9868-57a2d4851a1d" />
    <TestEntry testId="1981bfb2-7e19-7abe-67d4-3aeb1841e7eb" executionId="ce9949c2-818c-4435-a11d-40dd938f9703" testListId="8c84fa94-04c1-424b-9868-57a2d4851a1d" />
    <TestEntry testId="db379616-d1ae-5a12-889f-8a360d91d196" executionId="bc2a23bc-d494-4786-9445-31b30877bcdd" testListId="8c84fa94-04c1-424b-9868-57a2d4851a1d" />
    <TestEntry testId="3caf3423-6de1-2211-476f-3c34db3b7358" executionId="74ffb0e3-cd9b-45ae-9653-208699f2abf0" testListId="8c84fa94-04c1-424b-9868-57a2d4851a1d" />
    <TestEntry testId="b08396c8-feb4-0316-75e0-6b517c1411e9" executionId="1ae139c2-6b5e-4c91-9c1d-33a05415f993" testListId="8c84fa94-04c1-424b-9868-57a2d4851a1d" />
    <TestEntry testId="3f844158-7eb1-e866-e99b-920820974019" executionId="0af9ef2f-dc92-432d-ad85-63338a5f24bb" testListId="8c84fa94-04c1-424b-9868-57a2d4851a1d" />
    <TestEntry testId="5ea998d5-b7b5-96a8-4a00-25620c48304a" executionId="f714c2d1-311d-46bd-aaac-cdc340143908" testListId="8c84fa94-04c1-424b-9868-57a2d4851a1d" />
    <TestEntry testId="60c2a51d-fc4f-9382-a244-1810457944cb" executionId="0a526269-3af0-4dc0-8ebd-f768f69848fa" testListId="8c84fa94-04c1-424b-9868-57a2d4851a1d" />
    <TestEntry testId="c40bee1c-1305-a39a-d8f4-6846931d767d" executionId="ce60d971-ea98-4ac3-b9b3-806366be872e" testListId="8c84fa94-04c1-424b-9868-57a2d4851a1d" />
    <TestEntry testId="b0e3c4e4-ff5e-2916-b0e3-5353cf78550e" executionId="e4184898-35fc-4f8b-a42c-15603c439ea8" testListId="8c84fa94-04c1-424b-9868-57a2d4851a1d" />
    <TestEntry testId="c69364a2-0ef7-6bc5-444a-4a4703012c63" executionId="2bc28607-9938-49a0-99fc-e40af5ba7bb9" testListId="8c84fa94-04c1-424b-9868-57a2d4851a1d" />
    <TestEntry testId="8f344889-dcd4-8722-1ae7-7c3b12d350e1" executionId="9576cb0c-630f-4ee5-b6b4-fcdfd0c9ced3" testListId="8c84fa94-04c1-424b-9868-57a2d4851a1d" />
    <TestEntry testId="f81c1008-6036-4182-4fb2-d5ccdad7b6cc" executionId="59ac5920-9f75-4e0d-93ce-31520fabf9ec" testListId="8c84fa94-04c1-424b-9868-57a2d4851a1d" />
    <TestEntry testId="f8da6b97-bb43-3044-3f09-28edc1471366" executionId="80c3e473-2f88-4598-b71d-2a96de480383" testListId="8c84fa94-04c1-424b-9868-57a2d4851a1d" />
    <TestEntry testId="7bfa60a0-de1e-61a6-0aa7-8270387f1c7c" executionId="872593ba-69bb-4305-aeac-4d06759de94d" testListId="8c84fa94-04c1-424b-9868-57a2d4851a1d" />
    <TestEntry testId="bf9e3af5-aaed-24fe-0ebf-57381388c5e8" executionId="7e5ef9ed-dd5e-4738-b33a-612d1cae5185" testListId="8c84fa94-04c1-424b-9868-57a2d4851a1d" />
    <TestEntry testId="6fd344c6-6989-5db9-65f7-854393e68dc1" executionId="1b44f2b3-4de1-426c-9c87-1f9907511122" testListId="8c84fa94-04c1-424b-9868-57a2d4851a1d" />
    <TestEntry testId="affd692e-3ee1-745b-0100-f4d1b81d2e33" executionId="8549840f-8ba0-44b7-8d8e-1c376c12782f" testListId="8c84fa94-04c1-424b-9868-57a2d4851a1d" />
    <TestEntry testId="033fa7b3-3643-246c-9f1b-44043142de60" executionId="1e9884a5-f1d2-4a8e-b667-08e4cfcbc87d" testListId="8c84fa94-04c1-424b-9868-57a2d4851a1d" />
    <TestEntry testId="5835f59a-6574-4e92-867d-ca64990ebab0" executionId="6552fd03-7c23-48bf-b69a-4827573ed330" testListId="8c84fa94-04c1-424b-9868-57a2d4851a1d" />
    <TestEntry testId="f8c8fb11-ccee-1348-6cdf-bc2931bf3c8e" executionId="9fca8444-a9a2-49ed-8f3f-a4c4b6e1cba8" testListId="8c84fa94-04c1-424b-9868-57a2d4851a1d" />
    <TestEntry testId="3c116e9f-d6d3-7ebf-537f-79fdef28dfea" executionId="c4d5d972-db64-4ad1-aa02-202460b7fa95" testListId="8c84fa94-04c1-424b-9868-57a2d4851a1d" />
    <TestEntry testId="e02547e9-816c-4528-f118-834cc0fdb40d" executionId="c9c65425-3115-4d43-8865-9ca7592b2cf2" testListId="8c84fa94-04c1-424b-9868-57a2d4851a1d" />
    <TestEntry testId="a5cdb562-0225-8550-8b6e-dec711160815" executionId="56429dcd-5edc-4e79-b0c8-b06e60401dd5" testListId="8c84fa94-04c1-424b-9868-57a2d4851a1d" />
    <TestEntry testId="67ec2e26-591f-d48a-9bc7-2372c97ef852" executionId="bee53e30-25b6-4676-a81c-8b1b577f2881" testListId="8c84fa94-04c1-424b-9868-57a2d4851a1d" />
    <TestEntry testId="793deb19-5678-b077-7ee8-6a7160243e38" executionId="b26216ec-4b79-491a-8ee8-2bcc1f20b7ca" testListId="8c84fa94-04c1-424b-9868-57a2d4851a1d" />
    <TestEntry testId="eeba5de2-bb72-0b6d-6176-b141fa0a539b" executionId="7ca7b435-2862-4a27-86f8-f174bc7b5e86" testListId="8c84fa94-04c1-424b-9868-57a2d4851a1d" />
    <TestEntry testId="2e5fc5b0-ef04-0cdb-b5b1-1058890123d6" executionId="4a2e2f42-84b6-486c-87b8-5d236fd4e0b6" testListId="8c84fa94-04c1-424b-9868-57a2d4851a1d" />
    <TestEntry testId="446d22c5-e574-ef51-2fe2-ef09daef088b" executionId="d1d88101-7d77-4e33-bc97-18d7f4c7c6c6" testListId="8c84fa94-04c1-424b-9868-57a2d4851a1d" />
    <TestEntry testId="fe56860d-31fa-93a3-47b9-012eed51db50" executionId="02f48581-33ff-4b77-85c2-cdce521aa5a2" testListId="8c84fa94-04c1-424b-9868-57a2d4851a1d" />
    <TestEntry testId="314005f9-b488-4164-5e71-618f7dcf2f7c" executionId="99e95f6f-26f6-4407-86f7-ea54e3d43663" testListId="8c84fa94-04c1-424b-9868-57a2d4851a1d" />
    <TestEntry testId="f05df316-5f85-b72d-1df9-3c1b6430780e" executionId="618275e2-f41a-468b-91b0-3ffd39079d1a" testListId="8c84fa94-04c1-424b-9868-57a2d4851a1d" />
    <TestEntry testId="a3d2e7b5-d776-502d-c3a7-bf78c9e366e7" executionId="ab3d014c-e1fb-463c-a50a-cf83eeb3cd6f" testListId="8c84fa94-04c1-424b-9868-57a2d4851a1d" />
    <TestEntry testId="5b299893-b1de-31a6-9f0f-0979fc76b63c" executionId="6de7d952-6522-49e7-9314-5216efddf19a" testListId="8c84fa94-04c1-424b-9868-57a2d4851a1d" />
    <TestEntry testId="0b946569-c76b-bf27-36bf-cb8a13730775" executionId="bfb23ce3-ab80-454d-9218-ea54ed2d87f7" testListId="8c84fa94-04c1-424b-9868-57a2d4851a1d" />
    <TestEntry testId="18de5136-1f58-6d52-9601-02f56e432262" executionId="797497b8-26d3-4907-832c-306d5b27238a" testListId="8c84fa94-04c1-424b-9868-57a2d4851a1d" />
    <TestEntry testId="3b075d36-a36a-df34-239a-0f8f50f0623f" executionId="ae2a063d-8f29-4153-b8b4-ddd7bab9675a" testListId="8c84fa94-04c1-424b-9868-57a2d4851a1d" />
    <TestEntry testId="62502571-1035-7d6a-3022-a177e0ded64c" executionId="d4d2d03b-cb79-45b2-95da-73ee9b6b8c2a" testListId="8c84fa94-04c1-424b-9868-57a2d4851a1d" />
    <TestEntry testId="db4d2c2d-5a0c-8371-d93f-94ccf598f366" executionId="0f22a3c5-2a83-4d2f-b53c-bb63f7fa76f9" testListId="8c84fa94-04c1-424b-9868-57a2d4851a1d" />
    <TestEntry testId="1abc11fa-2618-49dc-d484-811061d7d28f" executionId="dbbe3536-5cbb-49e6-bafa-9a3c2ec55346" testListId="8c84fa94-04c1-424b-9868-57a2d4851a1d" />
    <TestEntry testId="1156cfdc-61e9-7497-ca12-5ccee0089891" executionId="84bea3b5-aff2-46fc-8e49-1b47321f5f99" testListId="8c84fa94-04c1-424b-9868-57a2d4851a1d" />
    <TestEntry testId="d5e80fa0-1158-259c-03c3-7af83677b8b8" executionId="e892bac1-91cd-431a-b632-0020b55ef080" testListId="8c84fa94-04c1-424b-9868-57a2d4851a1d" />
    <TestEntry testId="514a7a0f-56bf-861b-3d3d-30e612422a6a" executionId="131806d5-2ba7-427a-950d-d9e4375e309c" testListId="8c84fa94-04c1-424b-9868-57a2d4851a1d" />
    <TestEntry testId="47440c80-b823-5bb9-c5ee-028b832e8b32" executionId="ba5182ea-563a-444b-a12a-69bcfc15b2af" testListId="8c84fa94-04c1-424b-9868-57a2d4851a1d" />
    <TestEntry testId="2015841b-fbf2-76d7-bc7a-d52fabc45528" executionId="9034990c-58e3-4e16-9db9-1e1350345c45" testListId="8c84fa94-04c1-424b-9868-57a2d4851a1d" />
    <TestEntry testId="ffbbfa1e-d7cb-431f-a9fc-b22eae674256" executionId="b2e459ae-27de-433c-a157-73924cbff83e" testListId="8c84fa94-04c1-424b-9868-57a2d4851a1d" />
    <TestEntry testId="508d2cf5-e255-a461-b3d8-40d2ba7c9cac" executionId="94f1539e-24df-49ae-83fc-25362e06195c" testListId="8c84fa94-04c1-424b-9868-57a2d4851a1d" />
    <TestEntry testId="a7eb4aa7-1614-a5e0-83c3-e8434bb173dd" executionId="73621756-8b88-4e9a-a057-678dec103b6c" testListId="8c84fa94-04c1-424b-9868-57a2d4851a1d" />
    <TestEntry testId="24af9b2b-9120-fbdc-a283-b2d9423359a9" executionId="060282ef-eb2c-4b2a-99ce-5215f3235566" testListId="8c84fa94-04c1-424b-9868-57a2d4851a1d" />
    <TestEntry testId="67235152-86af-3033-6afc-c0bfea649535" executionId="29008c61-88ac-42a0-b3a8-3e17e387883f" testListId="8c84fa94-04c1-424b-9868-57a2d4851a1d" />
    <TestEntry testId="479c95cb-c81e-aad2-ec14-73bfc7677e87" executionId="c8e53762-a84a-49a5-8762-5692f865b0e0" testListId="8c84fa94-04c1-424b-9868-57a2d4851a1d" />
    <TestEntry testId="0950cb0a-c3a9-1505-562d-567fafa6a50d" executionId="11318763-24f1-4333-b90e-927c2b7a2579" testListId="8c84fa94-04c1-424b-9868-57a2d4851a1d" />
    <TestEntry testId="efeb9b08-f0ee-5a74-056a-368414fb474d" executionId="1eae14ed-3e71-4e73-bd96-21c4db9305b5" testListId="8c84fa94-04c1-424b-9868-57a2d4851a1d" />
    <TestEntry testId="6ae75763-985b-4f06-f525-54e49b625390" executionId="a33e2c69-0c7b-482f-a62d-f865d60e69e0" testListId="8c84fa94-04c1-424b-9868-57a2d4851a1d" />
    <TestEntry testId="594ba0ee-ddbc-d4ae-e5d3-cc2e207251bf" executionId="d1f4d228-5d35-447b-81ee-abb604b20eb1" testListId="8c84fa94-04c1-424b-9868-57a2d4851a1d" />
    <TestEntry testId="02e6f005-4c15-d7e4-bfea-4d02bcbf6e79" executionId="1d8702b0-1286-4b56-aefc-b5ad9ca126d2" testListId="8c84fa94-04c1-424b-9868-57a2d4851a1d" />
    <TestEntry testId="2436226a-7f01-868f-037f-2ab76c0ce2e8" executionId="8fce882a-d8f7-4824-afaa-a18060705a5d" testListId="8c84fa94-04c1-424b-9868-57a2d4851a1d" />
    <TestEntry testId="a9a455f7-2425-fcfe-ea5b-f86f288f0218" executionId="ab5cf261-285a-431f-9f71-1efd471f5d8a" testListId="8c84fa94-04c1-424b-9868-57a2d4851a1d" />
    <TestEntry testId="5862ef0b-2ead-1913-e711-d890de74a12e" executionId="121dd051-cd23-4bd2-8d99-810d727d0de7" testListId="8c84fa94-04c1-424b-9868-57a2d4851a1d" />
    <TestEntry testId="28584c59-c96a-f483-7be4-389fb19fc7e4" executionId="e436858d-f1c1-41c0-b0f0-ab8f92d71900" testListId="8c84fa94-04c1-424b-9868-57a2d4851a1d" />
    <TestEntry testId="ef5c1d7e-c8dd-f0df-0354-5bc91196e0fc" executionId="270e22ac-0206-4d22-9398-e72497e3467f" testListId="8c84fa94-04c1-424b-9868-57a2d4851a1d" />
    <TestEntry testId="6f1cbe92-58d7-757e-9151-ca591edfb0a2" executionId="f1ae9c76-83f6-443c-9cfe-4d3c0fe9040b" testListId="8c84fa94-04c1-424b-9868-57a2d4851a1d" />
    <TestEntry testId="d782249d-21a5-a838-7a6b-c85907be1c22" executionId="6bd59bb6-49c6-4bfa-a87a-1567c2c782e2" testListId="8c84fa94-04c1-424b-9868-57a2d4851a1d" />
    <TestEntry testId="01cce21d-fc39-2474-4f6e-2f33417dc062" executionId="fb7c0007-553b-4e56-a379-6acd4a4b7773" testListId="8c84fa94-04c1-424b-9868-57a2d4851a1d" />
    <TestEntry testId="b06d5479-3661-92ec-e8cb-b70c04f21a31" executionId="f91cae36-180c-48ab-a8fb-ee349b77709b" testListId="8c84fa94-04c1-424b-9868-57a2d4851a1d" />
    <TestEntry testId="a93ce790-f3f2-d017-8a67-51084a512f6d" executionId="b730f53e-fc56-46e7-9182-9768f19c1f36" testListId="8c84fa94-04c1-424b-9868-57a2d4851a1d" />
    <TestEntry testId="9eb24ecf-d4c8-ac46-6d5c-53462b1398f8" executionId="f8579266-bfc8-474c-9662-1d0b187968df" testListId="8c84fa94-04c1-424b-9868-57a2d4851a1d" />
    <TestEntry testId="4922f760-9254-9791-e824-6b6bc683a989" executionId="84e76eba-96d7-4b8f-a671-7f1cd73d5e73" testListId="8c84fa94-04c1-424b-9868-57a2d4851a1d" />
    <TestEntry testId="085741a6-8893-765c-976b-ed8329fa761f" executionId="f947976b-2273-4872-998e-39bab3566e1b" testListId="8c84fa94-04c1-424b-9868-57a2d4851a1d" />
    <TestEntry testId="025d8662-04f1-33b2-b862-2f8ae0147fcd" executionId="ade18e89-4794-4529-9ea9-614fade47b9b" testListId="8c84fa94-04c1-424b-9868-57a2d4851a1d" />
    <TestEntry testId="81984337-b057-e1cc-2d49-c73ea034be9b" executionId="a3aeca3e-962f-42c9-b2fb-718652b54a60" testListId="8c84fa94-04c1-424b-9868-57a2d4851a1d" />
    <TestEntry testId="6ef57013-4160-cf27-4433-b8754523e03e" executionId="198cf3aa-6082-47a5-80df-d1246809cf5a" testListId="8c84fa94-04c1-424b-9868-57a2d4851a1d" />
    <TestEntry testId="434b8941-22c5-9845-1f35-ce150d860225" executionId="26593844-f7eb-436a-b7c9-36c15b756469" testListId="8c84fa94-04c1-424b-9868-57a2d4851a1d" />
    <TestEntry testId="98534dcf-fe2f-08f8-05b1-9a40a80b9942" executionId="16c21846-2550-4d04-8c90-20d479ecc06f" testListId="8c84fa94-04c1-424b-9868-57a2d4851a1d" />
    <TestEntry testId="28122e8e-5081-0fb4-97a6-dfa6af869e0b" executionId="1b845939-4fa3-4101-952c-6e9fb5d213b6" testListId="8c84fa94-04c1-424b-9868-57a2d4851a1d" />
    <TestEntry testId="b911cbcd-e31c-bbfc-5e96-4f6716edfd59" executionId="2607a3f3-9c95-4f1e-80d8-7fae6cacf7bb" testListId="8c84fa94-04c1-424b-9868-57a2d4851a1d" />
    <TestEntry testId="bd03a5a0-4978-20a1-e97e-afc3bf45ecd3" executionId="77227cf3-9363-4272-b7ae-a779c01254f5" testListId="8c84fa94-04c1-424b-9868-57a2d4851a1d" />
    <TestEntry testId="f8ef3196-0af2-b1f8-64d9-08fe16c83f22" executionId="09e418c0-4e43-4079-8e80-ef6df42eef7f" testListId="8c84fa94-04c1-424b-9868-57a2d4851a1d" />
    <TestEntry testId="34c7ae60-b613-375b-a6f6-b60262886b2c" executionId="c7209daa-7f83-435d-931a-56788265e4a2" testListId="8c84fa94-04c1-424b-9868-57a2d4851a1d" />
    <TestEntry testId="2bd82f5e-985c-5785-3295-c92f743fd6d3" executionId="9a70dc3f-92d5-46e8-9b6c-a470c2a94d84" testListId="8c84fa94-04c1-424b-9868-57a2d4851a1d" />
    <TestEntry testId="d64298bc-3e88-adb4-f0b7-2afd97c6cb53" executionId="a96c690f-7cbc-4a2a-8ce8-a12e82b64cea" testListId="8c84fa94-04c1-424b-9868-57a2d4851a1d" />
    <TestEntry testId="4dc73b38-297d-d51e-bc40-112715adc8eb" executionId="693cae38-5dca-4788-9cba-bc28cab50817" testListId="8c84fa94-04c1-424b-9868-57a2d4851a1d" />
    <TestEntry testId="3ce42e82-f3ac-8f20-2d95-02daa4c1d4e6" executionId="6b8e4136-1d5e-4609-9875-143790e2432f" testListId="8c84fa94-04c1-424b-9868-57a2d4851a1d" />
    <TestEntry testId="af658463-c261-ec74-6264-2c5bfc90f5da" executionId="abcb835b-4e21-4bae-83c6-47b027db30b5" testListId="8c84fa94-04c1-424b-9868-57a2d4851a1d" />
    <TestEntry testId="ef5ba8e6-c4ce-e72b-29d8-edd45367f0a4" executionId="12546a1a-1720-49a3-a424-fd3fc5371c5e" testListId="8c84fa94-04c1-424b-9868-57a2d4851a1d" />
    <TestEntry testId="6a40d476-6912-03d3-09e1-28f0da42b32a" executionId="ba1c4f46-b3cf-4b02-9794-2177ef21d16f" testListId="8c84fa94-04c1-424b-9868-57a2d4851a1d" />
    <TestEntry testId="fa25ef01-2e73-7360-a5a6-b49470e25a1c" executionId="420c7236-1ce6-4bd7-9278-0979ccf5fd4d" testListId="8c84fa94-04c1-424b-9868-57a2d4851a1d" />
    <TestEntry testId="3c8ffe70-d2c3-893c-f59c-2d3b73c8a867" executionId="b4989139-6a88-4abf-96f0-a45e339d339a" testListId="8c84fa94-04c1-424b-9868-57a2d4851a1d" />
    <TestEntry testId="ab0562fd-2d8d-c7fa-38b9-cb16c8196d82" executionId="ef28877c-93aa-4e80-838b-37e9dc7d868b" testListId="8c84fa94-04c1-424b-9868-57a2d4851a1d" />
    <TestEntry testId="066fbd99-6432-dff8-9260-e82749cddb92" executionId="ec5ef896-cbc0-4061-84bf-877a484e46f4" testListId="8c84fa94-04c1-424b-9868-57a2d4851a1d" />
    <TestEntry testId="579725a9-5725-b314-51a5-da48f5214b69" executionId="c40c72d4-96f8-43a9-ad7e-867064496682" testListId="8c84fa94-04c1-424b-9868-57a2d4851a1d" />
    <TestEntry testId="faa08781-fc2c-b5f1-6f7a-2426ac3b1fb6" executionId="064e7811-576c-402c-8163-f147332347ac" testListId="8c84fa94-04c1-424b-9868-57a2d4851a1d" />
    <TestEntry testId="34a4b4eb-577f-f654-7b95-f6f1b64a6fe2" executionId="ab565347-6610-494a-aaac-b8951d1fde5a" testListId="8c84fa94-04c1-424b-9868-57a2d4851a1d" />
    <TestEntry testId="226e7065-3a65-e21e-88dd-1f23b38a264a" executionId="c74f8b65-9f19-408e-8ac6-0b18c0742158" testListId="8c84fa94-04c1-424b-9868-57a2d4851a1d" />
    <TestEntry testId="7bba5a19-806c-f3e7-32a4-4d9ae5232c14" executionId="57a6c092-ae4f-44c8-b4af-d9a389272b71" testListId="8c84fa94-04c1-424b-9868-57a2d4851a1d" />
    <TestEntry testId="5407c569-467c-d32f-3168-4ef0d3e8b463" executionId="09b759b8-30dd-4ae4-9901-7d5fe4828aec" testListId="8c84fa94-04c1-424b-9868-57a2d4851a1d" />
    <TestEntry testId="f7f54496-3000-e7be-cd1d-b13cf74aaa3b" executionId="06966d60-d5c9-4458-9831-9333acacf40d" testListId="8c84fa94-04c1-424b-9868-57a2d4851a1d" />
    <TestEntry testId="aabef6ca-f95e-f2e6-b8ff-93437254951f" executionId="5a5056ef-bfd4-43d7-a18c-951a6cef12e7" testListId="8c84fa94-04c1-424b-9868-57a2d4851a1d" />
    <TestEntry testId="9bb30640-7a69-cac8-9047-e5c5472af074" executionId="9cbcadca-1a4e-481f-8457-d4fa1d4999ff" testListId="8c84fa94-04c1-424b-9868-57a2d4851a1d" />
    <TestEntry testId="5bb8c3f5-3bcb-6302-6ae8-333790ac637f" executionId="0e400c34-9fae-4726-8314-87fefa48a543" testListId="8c84fa94-04c1-424b-9868-57a2d4851a1d" />
    <TestEntry testId="9a463a03-2e19-e5b2-f92e-df5f7fac42f8" executionId="eb2b03d7-99e4-4a56-862d-ae387bb9d79c" testListId="8c84fa94-04c1-424b-9868-57a2d4851a1d" />
    <TestEntry testId="e9e2368e-96dd-a207-4d40-904e3967d04d" executionId="2d9d3222-6a19-41bf-b935-ebafcbc88a33" testListId="8c84fa94-04c1-424b-9868-57a2d4851a1d" />
    <TestEntry testId="5ca64c14-893b-96a5-b813-5ad4cd3ae46a" executionId="bf934d99-5e27-41ee-9812-d6e95829bdf5" testListId="8c84fa94-04c1-424b-9868-57a2d4851a1d" />
    <TestEntry testId="b48f11d4-cf9f-6492-0b37-bb0fa41c6bfd" executionId="f5dbef2c-c492-413a-bd2b-1e281d2e57d1" testListId="8c84fa94-04c1-424b-9868-57a2d4851a1d" />
    <TestEntry testId="8c4293f9-7d59-9a7d-ae46-acf21ee8a4c5" executionId="70ba00d9-c039-4aef-ae7c-c78186288a85" testListId="8c84fa94-04c1-424b-9868-57a2d4851a1d" />
    <TestEntry testId="e0e1ae0d-5bd2-5d37-0a04-7a68b48ca445" executionId="bbdf7e2a-7f0b-4635-b6b0-32573c29da20" testListId="8c84fa94-04c1-424b-9868-57a2d4851a1d" />
    <TestEntry testId="f5c4e8e4-e994-05bf-b292-9a5e786a7c0a" executionId="894b23ea-ad15-4a4e-ad57-ee5ac13fc060" testListId="8c84fa94-04c1-424b-9868-57a2d4851a1d" />
    <TestEntry testId="d9d84486-3236-6cbc-3676-95da6c640a9c" executionId="d6ec2e0b-2598-41d7-b601-9bd0c5f9a248" testListId="8c84fa94-04c1-424b-9868-57a2d4851a1d" />
    <TestEntry testId="45eec3ef-0810-af06-7be1-20d8e6718f49" executionId="32ec315d-b4ce-4b99-960f-bd7077b50cf5" testListId="8c84fa94-04c1-424b-9868-57a2d4851a1d" />
    <TestEntry testId="46412089-1a0f-94c9-b5e3-6d8164929b6f" executionId="dbc45f64-ffa7-4954-b22f-3844c06ce3b8" testListId="8c84fa94-04c1-424b-9868-57a2d4851a1d" />
    <TestEntry testId="067f248e-475b-2d67-4831-b1d6644a8b30" executionId="852a8fcb-e907-4357-b8d9-c414e6cbcfaa" testListId="8c84fa94-04c1-424b-9868-57a2d4851a1d" />
    <TestEntry testId="bbf43e65-f00e-c0c9-17a0-b6ad2940957c" executionId="98a2d35d-f7f0-4984-9f31-e876cfabd261" testListId="8c84fa94-04c1-424b-9868-57a2d4851a1d" />
    <TestEntry testId="9d88a323-1ef5-ba1e-dbcf-d3425b106dc3" executionId="92e13099-c3c0-4c99-aeb4-4d61371db64e" testListId="8c84fa94-04c1-424b-9868-57a2d4851a1d" />
    <TestEntry testId="1cd9ae1c-ac5b-b4f9-8e57-b91612e7458f" executionId="b333ec99-bfd9-41ad-ba84-d4d218b79c68" testListId="8c84fa94-04c1-424b-9868-57a2d4851a1d" />
    <TestEntry testId="c07dccf5-44b0-b70c-559c-9237851a4142" executionId="d50b988f-d18f-4009-8e1b-082cdc530826" testListId="8c84fa94-04c1-424b-9868-57a2d4851a1d" />
    <TestEntry testId="707e0877-4446-02eb-4b7d-98d2ac0afba8" executionId="f73cd602-a108-45d8-bbba-6cd7db065429" testListId="8c84fa94-04c1-424b-9868-57a2d4851a1d" />
    <TestEntry testId="1c38d211-47b7-0a2c-0626-48653e45083f" executionId="efea504f-5e7a-4042-8cb1-65dbf9d3c360" testListId="8c84fa94-04c1-424b-9868-57a2d4851a1d" />
    <TestEntry testId="14cc475d-501f-e16e-8752-69082623d56d" executionId="2439db13-2a87-4f81-8a2f-493377167c66" testListId="8c84fa94-04c1-424b-9868-57a2d4851a1d" />
    <TestEntry testId="902894f3-607b-35f1-4789-6878929b8ded" executionId="d380abe2-8567-4e4a-97eb-4823f4b530e4" testListId="8c84fa94-04c1-424b-9868-57a2d4851a1d" />
    <TestEntry testId="e5297e84-364b-fe24-84d7-36cdd8d4809a" executionId="87a65201-2b96-4778-a1b1-b1c019171900" testListId="8c84fa94-04c1-424b-9868-57a2d4851a1d" />
    <TestEntry testId="bb592d27-c348-3c32-b132-24d2c03b504d" executionId="58474d5d-5b4b-4815-84fd-732e5e010ed1" testListId="8c84fa94-04c1-424b-9868-57a2d4851a1d" />
    <TestEntry testId="5c2c5038-a320-00b1-a7fa-72e10898521a" executionId="ad2e7a5e-afe0-47a0-81d9-d4d044718286" testListId="8c84fa94-04c1-424b-9868-57a2d4851a1d" />
  </TestEntries>
  <TestLists>
    <TestList name="Results Not in a List" id="8c84fa94-04c1-424b-9868-57a2d4851a1d" />
    <TestList name="All Loaded Results" id="19431567-8539-422a-85d7-44ee4e166bda" />
  </TestLists>
  <ResultSummary outcome="Completed">
    <Counters total="505" executed="505" passed="505" failed="0" error="0" timeout="0" aborted="0" inconclusive="0" passedButRunAborted="0" notRunnable="0" notExecuted="0" disconnected="0" warning="0" completed="0" inProgress="0" pending="0" />
  </ResultSummary>
</TestRun>