<?xml version="1.0" encoding="UTF-8"?>
<TestRun id="5ab71fff-e160-4d8f-8610-6f545189ab31" name="tfsmladm@TFSBUILD11 2015-09-28 09:43:42" runUser="REDMOND\tfsmladm" xmlns="http://microsoft.com/schemas/VisualStudio/TeamTest/2010">
  <Times creation="2015-09-28T09:43:42.0631579-07:00" queuing="2015-09-28T09:43:42.0631579-07:00" start="2015-09-28T09:43:42.0787843-07:00" finish="2015-09-28T09:45:19.9114126-07:00" />
  <TestSettings name="default" id="27004964-55bc-4579-9475-e5db9bdb26ff">
    <Execution>
      <TestTypeSpecific />
    </Execution>
    <Deployment runDeploymentRoot="tfsmladm_TFSBUILD11 2015-09-28 09_43_42" />
    <Properties />
  </TestSettings>
  <Results>
    <UnitTestResult executionId="88b8b817-6010-4b95-ad46-1eb2034b05e4" testId="08daa08e-7563-7e7b-dfd8-639aa3b1baf3" testName="WillNotUpdateSetsIfAllGroupMembershipsMatch" computerName="TFSBUILD11" duration="00:00:00.3917648" startTime="2015-09-28T09:43:40.8911999-07:00" endTime="2015-09-28T09:43:41.3912360-07:00" testType="13cdc9d9-ddb5-4fa4-a97d-d965ccfc6d4b" outcome="Passed" testListId="8c84fa94-04c1-424b-9868-57a2d4851a1d" relativeResultsDirectory="88b8b817-6010-4b95-ad46-1eb2034b05e4" />
    <UnitTestResult executionId="288bab44-3db1-4eca-95c9-ea0f51fe03da" testId="9ed44bff-eb15-6d46-9f6f-20f3b1b52554" testName="WillUpdateSetsIfAllGroupMembershipsDoNotMatch" computerName="TFSBUILD11" duration="00:00:00.0053896" startTime="2015-09-28T09:43:41.4068624-07:00" endTime="2015-09-28T09:43:41.4224888-07:00" testType="13cdc9d9-ddb5-4fa4-a97d-d965ccfc6d4b" outcome="Passed" testListId="8c84fa94-04c1-424b-9868-57a2d4851a1d" relativeResultsDirectory="288bab44-3db1-4eca-95c9-ea0f51fe03da" />
    <UnitTestResult executionId="74882570-ee4e-4515-81a2-4fdab28c8e55" testId="7aea0a85-ae27-b00f-11d6-36ad6e2235f5" testName="TestRegisterNotificationFallThru" computerName="TFSBUILD11" duration="00:00:00.5744423" startTime="2015-09-28T09:43:41.4224888-07:00" endTime="2015-09-28T09:43:41.9850277-07:00" testType="13cdc9d9-ddb5-4fa4-a97d-d965ccfc6d4b" outcome="Passed" testListId="8c84fa94-04c1-424b-9868-57a2d4851a1d" relativeResultsDirectory="74882570-ee4e-4515-81a2-4fdab28c8e55" />
    <UnitTestResult executionId="bf08e8da-1816-4226-b95d-a7bd5a1f9b5c" testId="62b0ec57-8172-dccd-ffde-b0e6c2d82033" testName="TestUnregisterNotificationFallThru" computerName="TFSBUILD11" duration="00:00:00.0417697" startTime="2015-09-28T09:43:41.9850277-07:00" endTime="2015-09-28T09:43:42.0319063-07:00" testType="13cdc9d9-ddb5-4fa4-a97d-d965ccfc6d4b" outcome="Passed" testListId="8c84fa94-04c1-424b-9868-57a2d4851a1d" relativeResultsDirectory="bf08e8da-1816-4226-b95d-a7bd5a1f9b5c" />
    <UnitTestResult executionId="a08f0c0c-4c7d-4411-9b3d-5070d92b278d" testId="bb2327a9-dafc-1705-b4d5-3177a1688ec5" testName="TestWillThrowOnNoMarkerField" computerName="TFSBUILD11" duration="00:00:00.3885287" startTime="2015-09-28T09:43:42.1100380-07:00" endTime="2015-09-28T09:43:42.4850655-07:00" testType="13cdc9d9-ddb5-4fa4-a97d-d965ccfc6d4b" outcome="Passed" testListId="8c84fa94-04c1-424b-9868-57a2d4851a1d" relativeResultsDirectory="a08f0c0c-4c7d-4411-9b3d-5070d92b278d" />
    <UnitTestResult executionId="6f98ffd1-4ca6-4404-82b4-8fbcf6f89751" testId="77f7aea3-7a66-12f4-a93d-e66067cca296" testName="TestWillThrowOnFieldNotFound" computerName="TFSBUILD11" duration="00:00:00.0447279" startTime="2015-09-28T09:43:42.4850655-07:00" endTime="2015-09-28T09:43:42.5319418-07:00" testType="13cdc9d9-ddb5-4fa4-a97d-d965ccfc6d4b" outcome="Passed" testListId="8c84fa94-04c1-424b-9868-57a2d4851a1d" relativeResultsDirectory="6f98ffd1-4ca6-4404-82b4-8fbcf6f89751" />
    <UnitTestResult executionId="274934bb-c535-45b7-9868-53a624cd826c" testId="10442816-b30a-0709-5cd2-2baad4c04b2a" testName="TestWillThrowOnNullPredicate" computerName="TFSBUILD11" duration="00:00:00.0419310" startTime="2015-09-28T09:43:42.5319418-07:00" endTime="2015-09-28T09:43:42.5944460-07:00" testType="13cdc9d9-ddb5-4fa4-a97d-d965ccfc6d4b" outcome="Passed" testListId="8c84fa94-04c1-424b-9868-57a2d4851a1d" relativeResultsDirectory="274934bb-c535-45b7-9868-53a624cd826c" />
    <UnitTestResult executionId="e90cf6c5-a510-4c02-bbe1-1ac78e7fa09e" testId="584390ce-a0ad-b198-aa32-c615f573e4b4" testName="TestWillThrowOnEmptyPredicate" computerName="TFSBUILD11" duration="00:00:00.0353387" startTime="2015-09-28T09:43:42.5944460-07:00" endTime="2015-09-28T09:43:42.6256985-07:00" testType="13cdc9d9-ddb5-4fa4-a97d-d965ccfc6d4b" outcome="Passed" testListId="8c84fa94-04c1-424b-9868-57a2d4851a1d" relativeResultsDirectory="e90cf6c5-a510-4c02-bbe1-1ac78e7fa09e" />
    <UnitTestResult executionId="d5dce4a8-dd41-4aa8-b0b0-e4995651c124" testId="879e0d45-f150-e4a8-5a94-2a8b9cfa963f" testName="TestWillThrowOnNullRule" computerName="TFSBUILD11" duration="00:00:00.1257884" startTime="2015-09-28T09:43:42.6256985-07:00" endTime="2015-09-28T09:43:42.7507074-07:00" testType="13cdc9d9-ddb5-4fa4-a97d-d965ccfc6d4b" outcome="Passed" testListId="8c84fa94-04c1-424b-9868-57a2d4851a1d" relativeResultsDirectory="d5dce4a8-dd41-4aa8-b0b0-e4995651c124" />
    <UnitTestResult executionId="f4e514ec-a8d0-4411-af89-e4ea514f087d" testId="7bf5092b-8539-2568-3f79-6662f0238172" testName="TestWillThrowOnEmptyRule" computerName="TFSBUILD11" duration="00:00:00.0406709" startTime="2015-09-28T09:43:42.7507074-07:00" endTime="2015-09-28T09:43:42.7975857-07:00" testType="13cdc9d9-ddb5-4fa4-a97d-d965ccfc6d4b" outcome="Passed" testListId="8c84fa94-04c1-424b-9868-57a2d4851a1d" relativeResultsDirectory="f4e514ec-a8d0-4411-af89-e4ea514f087d" />
    <UnitTestResult executionId="4a98723b-9c58-4a0b-b163-7cc053180f95" testId="ef1c5c65-0a94-7aa0-63b5-f545117ab0f8" testName="LinkRecordTests" computerName="TFSBUILD11" duration="00:00:00.0629241" startTime="2015-09-28T09:43:42.7975857-07:00" endTime="2015-09-28T09:43:42.8600913-07:00" testType="13cdc9d9-ddb5-4fa4-a97d-d965ccfc6d4b" outcome="Passed" testListId="8c84fa94-04c1-424b-9868-57a2d4851a1d" relativeResultsDirectory="4a98723b-9c58-4a0b-b163-7cc053180f95" />
    <UnitTestResult executionId="ef7a5af4-ac42-484c-be54-11a711760deb" testId="aa7c74c2-f29d-a75e-d8cb-255aacbae37a" testName="TryGetLinkTypeByRefName" computerName="TFSBUILD11" duration="00:00:00.0429057" startTime="2015-09-28T09:43:42.8600913-07:00" endTime="2015-09-28T09:43:42.9069677-07:00" testType="13cdc9d9-ddb5-4fa4-a97d-d965ccfc6d4b" outcome="Passed" testListId="8c84fa94-04c1-424b-9868-57a2d4851a1d" relativeResultsDirectory="ef7a5af4-ac42-484c-be54-11a711760deb" />
    <UnitTestResult executionId="a7eea358-7a45-4529-aa80-6ebdbf4fd5ec" testId="be6db4e4-9afa-0d04-a3f7-a7d52353bcfb" testName="GetLinkTypeByRefName" computerName="TFSBUILD11" duration="00:00:00.0352815" startTime="2015-09-28T09:43:42.9069677-07:00" endTime="2015-09-28T09:43:42.9382199-07:00" testType="13cdc9d9-ddb5-4fa4-a97d-d965ccfc6d4b" outcome="Passed" testListId="8c84fa94-04c1-424b-9868-57a2d4851a1d" relativeResultsDirectory="a7eea358-7a45-4529-aa80-6ebdbf4fd5ec" />
    <UnitTestResult executionId="640816c7-9fd0-4389-8bfd-abf554a88076" testId="a2f4ae7d-24d4-c4e0-28ea-c061b724253a" testName="GetLinkTypeByRefName_NonexistantRefName" computerName="TFSBUILD11" duration="00:00:00.0337162" startTime="2015-09-28T09:43:42.9382199-07:00" endTime="2015-09-28T09:43:42.9694732-07:00" testType="13cdc9d9-ddb5-4fa4-a97d-d965ccfc6d4b" outcome="Passed" testListId="8c84fa94-04c1-424b-9868-57a2d4851a1d" relativeResultsDirectory="640816c7-9fd0-4389-8bfd-abf554a88076" />
    <UnitTestResult executionId="f6c8b430-ced2-46d5-8161-62bc6e0c37dc" testId="d2aab8bc-2bb2-bc4b-9a67-aa3b91bd3fab" testName="TryGetLinkTypeByName" computerName="TFSBUILD11" duration="00:00:00.0380779" startTime="2015-09-28T09:43:42.9694732-07:00" endTime="2015-09-28T09:43:43.0163521-07:00" testType="13cdc9d9-ddb5-4fa4-a97d-d965ccfc6d4b" outcome="Passed" testListId="8c84fa94-04c1-424b-9868-57a2d4851a1d" relativeResultsDirectory="f6c8b430-ced2-46d5-8161-62bc6e0c37dc" />
    <UnitTestResult executionId="01a9926e-e5fa-4298-8690-a1ca55aebc98" testId="4e1d160a-a65c-90fc-206a-dd4c20bdd944" testName="GetLinkTypeByName" computerName="TFSBUILD11" duration="00:00:00.0361698" startTime="2015-09-28T09:43:43.0163521-07:00" endTime="2015-09-28T09:43:43.0476041-07:00" testType="13cdc9d9-ddb5-4fa4-a97d-d965ccfc6d4b" outcome="Passed" testListId="8c84fa94-04c1-424b-9868-57a2d4851a1d" relativeResultsDirectory="01a9926e-e5fa-4298-8690-a1ca55aebc98" />
    <UnitTestResult executionId="6c1cfda2-bca8-4246-885b-72e1fedb5d31" testId="bf513475-2676-40ac-47f1-fd5aab2035f7" testName="GetLinkTypeByName_NonexistantName" computerName="TFSBUILD11" duration="00:00:00.0320480" startTime="2015-09-28T09:43:43.0476041-07:00" endTime="2015-09-28T09:43:43.0788552-07:00" testType="13cdc9d9-ddb5-4fa4-a97d-d965ccfc6d4b" outcome="Passed" testListId="8c84fa94-04c1-424b-9868-57a2d4851a1d" relativeResultsDirectory="6c1cfda2-bca8-4246-885b-72e1fedb5d31" />
    <UnitTestResult executionId="4e330ba5-a630-4a5d-a77d-784416dd815f" testId="513a1ecd-d294-f29d-4d7d-fa2c0f2b74bc" testName="TryGetLinkTypeById" computerName="TFSBUILD11" duration="00:00:00.0323978" startTime="2015-09-28T09:43:43.0788552-07:00" endTime="2015-09-28T09:43:43.1101077-07:00" testType="13cdc9d9-ddb5-4fa4-a97d-d965ccfc6d4b" outcome="Passed" testListId="8c84fa94-04c1-424b-9868-57a2d4851a1d" relativeResultsDirectory="4e330ba5-a630-4a5d-a77d-784416dd815f" />
    <UnitTestResult executionId="12c00092-46c8-41e6-bde9-597a18040fbe" testId="5ef103da-f957-b61f-c6ec-26a6e430be20" testName="GetLinkTypeById" computerName="TFSBUILD11" duration="00:00:00.0404979" startTime="2015-09-28T09:43:43.1101077-07:00" endTime="2015-09-28T09:43:43.1569863-07:00" testType="13cdc9d9-ddb5-4fa4-a97d-d965ccfc6d4b" outcome="Passed" testListId="8c84fa94-04c1-424b-9868-57a2d4851a1d" relativeResultsDirectory="12c00092-46c8-41e6-bde9-597a18040fbe" />
    <UnitTestResult executionId="41863407-2791-41e2-b766-369b4a93cc6c" testId="b12db960-96db-69a8-440b-a19a46e0e1ec" testName="GetLinkTypeById_NonexistantId" computerName="TFSBUILD11" duration="00:00:00.0327278" startTime="2015-09-28T09:43:43.1569863-07:00" endTime="2015-09-28T09:43:43.1882396-07:00" testType="13cdc9d9-ddb5-4fa4-a97d-d965ccfc6d4b" outcome="Passed" testListId="8c84fa94-04c1-424b-9868-57a2d4851a1d" relativeResultsDirectory="41863407-2791-41e2-b766-369b4a93cc6c" />
    <UnitTestResult executionId="389a817a-87d7-4b57-9f7b-7e5bf18ac42e" testId="3c0a2c05-f3f5-9ac4-b728-1084215917c1" testName="GetCount" computerName="TFSBUILD11" duration="00:00:00.0330833" startTime="2015-09-28T09:43:43.1882396-07:00" endTime="2015-09-28T09:43:43.2194919-07:00" testType="13cdc9d9-ddb5-4fa4-a97d-d965ccfc6d4b" outcome="Passed" testListId="8c84fa94-04c1-424b-9868-57a2d4851a1d" relativeResultsDirectory="389a817a-87d7-4b57-9f7b-7e5bf18ac42e" />
    <UnitTestResult executionId="a28c9513-4ecc-4af9-a023-52a980e5e0d7" testId="ccc06fc7-eba0-44aa-430f-e3b6f000cfc3" testName="GetLinkTypeRefNames" computerName="TFSBUILD11" duration="00:00:00.0419108" startTime="2015-09-28T09:43:43.2194919-07:00" endTime="2015-09-28T09:43:43.2663688-07:00" testType="13cdc9d9-ddb5-4fa4-a97d-d965ccfc6d4b" outcome="Passed" testListId="8c84fa94-04c1-424b-9868-57a2d4851a1d" relativeResultsDirectory="a28c9513-4ecc-4af9-a023-52a980e5e0d7" />
    <UnitTestResult executionId="e73315bf-daa1-4627-8fc8-1448c5af7f85" testId="944f6454-dd04-1974-0d39-9715fa48f4cc" testName="GetLinkTypeIds" computerName="TFSBUILD11" duration="00:00:00.0483435" startTime="2015-09-28T09:43:43.2663688-07:00" endTime="2015-09-28T09:43:43.3132480-07:00" testType="13cdc9d9-ddb5-4fa4-a97d-d965ccfc6d4b" outcome="Passed" testListId="8c84fa94-04c1-424b-9868-57a2d4851a1d" relativeResultsDirectory="e73315bf-daa1-4627-8fc8-1448c5af7f85" />
    <UnitTestResult executionId="62276538-ca3b-49ea-9dd1-7c58b0d324f1" testId="9a1ce605-95dc-606d-28f5-8d65a2fce39e" testName="TryGetLinkTypeEndByRefName" computerName="TFSBUILD11" duration="00:00:00.0351333" startTime="2015-09-28T09:43:43.3132480-07:00" endTime="2015-09-28T09:43:43.3444993-07:00" testType="13cdc9d9-ddb5-4fa4-a97d-d965ccfc6d4b" outcome="Passed" testListId="8c84fa94-04c1-424b-9868-57a2d4851a1d" relativeResultsDirectory="62276538-ca3b-49ea-9dd1-7c58b0d324f1" />
    <UnitTestResult executionId="3011ff61-1ed6-4731-81c6-7de7846f4eb1" testId="77378cd7-90a4-3b39-08fe-7484d19b5c21" testName="GetLinkTypeEndByRefName" computerName="TFSBUILD11" duration="00:00:00.0384286" startTime="2015-09-28T09:43:43.3444993-07:00" endTime="2015-09-28T09:43:43.3757516-07:00" testType="13cdc9d9-ddb5-4fa4-a97d-d965ccfc6d4b" outcome="Passed" testListId="8c84fa94-04c1-424b-9868-57a2d4851a1d" relativeResultsDirectory="3011ff61-1ed6-4731-81c6-7de7846f4eb1" />
    <UnitTestResult executionId="5e9ad1dd-1e5f-441f-b4c3-141ae22037dd" testId="255352f4-7c0b-db22-2402-cd401f49d2f4" testName="GetLinkTypeEndByRefName_NonexistantRefName" computerName="TFSBUILD11" duration="00:00:00.0416639" startTime="2015-09-28T09:43:43.3757516-07:00" endTime="2015-09-28T09:43:43.4226302-07:00" testType="13cdc9d9-ddb5-4fa4-a97d-d965ccfc6d4b" outcome="Passed" testListId="8c84fa94-04c1-424b-9868-57a2d4851a1d" relativeResultsDirectory="5e9ad1dd-1e5f-441f-b4c3-141ae22037dd" />
    <UnitTestResult executionId="75734de7-59ac-4850-a7c6-9435a45c947b" testId="c492f37e-7183-fe32-0ef5-30fed50720fb" testName="TryGetLinkTypeEndByName" computerName="TFSBUILD11" duration="00:00:00.0345346" startTime="2015-09-28T09:43:43.4226302-07:00" endTime="2015-09-28T09:43:43.4538824-07:00" testType="13cdc9d9-ddb5-4fa4-a97d-d965ccfc6d4b" outcome="Passed" testListId="8c84fa94-04c1-424b-9868-57a2d4851a1d" relativeResultsDirectory="75734de7-59ac-4850-a7c6-9435a45c947b" />
    <UnitTestResult executionId="64e88b28-57d0-44bf-a27b-013071366a63" testId="0ba367e5-b213-5523-9ccb-2bbbbd13f0b6" testName="GetLinkTypeEndByName" computerName="TFSBUILD11" duration="00:00:00.0332930" startTime="2015-09-28T09:43:43.4538824-07:00" endTime="2015-09-28T09:43:43.5007610-07:00" testType="13cdc9d9-ddb5-4fa4-a97d-d965ccfc6d4b" outcome="Passed" testListId="8c84fa94-04c1-424b-9868-57a2d4851a1d" relativeResultsDirectory="64e88b28-57d0-44bf-a27b-013071366a63" />
    <UnitTestResult executionId="9ebcf0c7-ae16-468c-adbd-3073756e6d2c" testId="7b3e5574-ccb7-32d8-ebd3-65524aad22e8" testName="GetLinkTypeEndByName_NonexistantName" computerName="TFSBUILD11" duration="00:00:00.0403401" startTime="2015-09-28T09:43:43.5007610-07:00" endTime="2015-09-28T09:43:43.5320132-07:00" testType="13cdc9d9-ddb5-4fa4-a97d-d965ccfc6d4b" outcome="Passed" testListId="8c84fa94-04c1-424b-9868-57a2d4851a1d" relativeResultsDirectory="9ebcf0c7-ae16-468c-adbd-3073756e6d2c" />
    <UnitTestResult executionId="7efdfa8f-6c84-4e69-add6-d2c43d3401e7" testId="d03b6ef7-57a6-6176-00f6-b1794fe874da" testName="TryGetLinkTypeEndById" computerName="TFSBUILD11" duration="00:00:00.0336383" startTime="2015-09-28T09:43:43.5320132-07:00" endTime="2015-09-28T09:43:43.5632649-07:00" testType="13cdc9d9-ddb5-4fa4-a97d-d965ccfc6d4b" outcome="Passed" testListId="8c84fa94-04c1-424b-9868-57a2d4851a1d" relativeResultsDirectory="7efdfa8f-6c84-4e69-add6-d2c43d3401e7" />
    <UnitTestResult executionId="13e4f6c5-afef-4361-87fb-d6ad61966eec" testId="affd6fb4-d81c-a5a7-d1e7-0dd488f76369" testName="GetLinkTypeEndById" computerName="TFSBUILD11" duration="00:00:00.0326009" startTime="2015-09-28T09:43:43.5632649-07:00" endTime="2015-09-28T09:43:43.5945171-07:00" testType="13cdc9d9-ddb5-4fa4-a97d-d965ccfc6d4b" outcome="Passed" testListId="8c84fa94-04c1-424b-9868-57a2d4851a1d" relativeResultsDirectory="13e4f6c5-afef-4361-87fb-d6ad61966eec" />
    <UnitTestResult executionId="4cbc9c8a-1013-4ee2-9656-56e44d5998f9" testId="3a653f89-b79d-895c-961a-7e787ae0bceb" testName="GetLinkTypeEndById_NonexistantId" computerName="TFSBUILD11" duration="00:00:00.0376524" startTime="2015-09-28T09:43:43.5945171-07:00" endTime="2015-09-28T09:43:43.6413954-07:00" testType="13cdc9d9-ddb5-4fa4-a97d-d965ccfc6d4b" outcome="Passed" testListId="8c84fa94-04c1-424b-9868-57a2d4851a1d" relativeResultsDirectory="4cbc9c8a-1013-4ee2-9656-56e44d5998f9" />
    <UnitTestResult executionId="252a6eae-baef-4304-80e8-43d0b0c540c5" testId="6ac1de6f-e67a-ebb4-71e3-9f0a0157ae4f" testName="GetLinkTypeEndRefNames" computerName="TFSBUILD11" duration="00:00:00.0400664" startTime="2015-09-28T09:43:43.6413954-07:00" endTime="2015-09-28T09:43:43.6726477-07:00" testType="13cdc9d9-ddb5-4fa4-a97d-d965ccfc6d4b" outcome="Passed" testListId="8c84fa94-04c1-424b-9868-57a2d4851a1d" relativeResultsDirectory="252a6eae-baef-4304-80e8-43d0b0c540c5" />
    <UnitTestResult executionId="2d024b1a-3c87-4045-b6f9-7404e1c03f26" testId="cd499017-ac68-a399-b589-23355c420976" testName="WillIncludeCoreFields" computerName="TFSBUILD11" duration="00:00:00.6131850" startTime="2015-09-28T09:43:43.6726477-07:00" endTime="2015-09-28T09:43:44.2976921-07:00" testType="13cdc9d9-ddb5-4fa4-a97d-d965ccfc6d4b" outcome="Passed" testListId="8c84fa94-04c1-424b-9868-57a2d4851a1d" relativeResultsDirectory="2d024b1a-3c87-4045-b6f9-7404e1c03f26" />
    <UnitTestResult executionId="1b7dbf00-a5f3-4864-9266-efb615820dca" testId="969367e8-88b1-7c5f-69f7-5846d7838ee1" testName="WillIncludeChangedFields" computerName="TFSBUILD11" duration="00:00:00.0714574" startTime="2015-09-28T09:43:44.2976921-07:00" endTime="2015-09-28T09:43:44.3601971-07:00" testType="13cdc9d9-ddb5-4fa4-a97d-d965ccfc6d4b" outcome="Passed" testListId="8c84fa94-04c1-424b-9868-57a2d4851a1d" relativeResultsDirectory="1b7dbf00-a5f3-4864-9266-efb615820dca" />
    <UnitTestResult executionId="2c13384d-3614-4120-82c3-95221bad7ceb" testId="9bcc64f2-504f-72a9-8291-ce75e2de618a" testName="ExtensionFieldsNotIncluded" computerName="TFSBUILD11" duration="00:00:00.0814203" startTime="2015-09-28T09:43:44.3601971-07:00" endTime="2015-09-28T09:43:44.4383271-07:00" testType="13cdc9d9-ddb5-4fa4-a97d-d965ccfc6d4b" outcome="Passed" testListId="8c84fa94-04c1-424b-9868-57a2d4851a1d" relativeResultsDirectory="2c13384d-3614-4120-82c3-95221bad7ceb" />
    <UnitTestResult executionId="cc79190d-466d-425e-b3d6-0901bf3ead43" testId="d1b574b0-355e-bb62-8ba2-2ca5050a4014" testName="WillIncludeWorkItemLinks_TargetIsUpdated" computerName="TFSBUILD11" duration="00:00:00.0874073" startTime="2015-09-28T09:43:44.4383271-07:00" endTime="2015-09-28T09:43:44.5320835-07:00" testType="13cdc9d9-ddb5-4fa4-a97d-d965ccfc6d4b" outcome="Passed" testListId="8c84fa94-04c1-424b-9868-57a2d4851a1d" relativeResultsDirectory="cc79190d-466d-425e-b3d6-0901bf3ead43" />
    <UnitTestResult executionId="345a20b8-f8bb-45e2-8881-26422fc268b7" testId="ada8bad6-274e-eb3c-e067-fc29bac316c1" testName="WillIncludeWorkItemLinks_TargetIsNew" computerName="TFSBUILD11" duration="00:00:00.1017526" startTime="2015-09-28T09:43:44.5320835-07:00" endTime="2015-09-28T09:43:44.6414671-07:00" testType="13cdc9d9-ddb5-4fa4-a97d-d965ccfc6d4b" outcome="Passed" testListId="8c84fa94-04c1-424b-9868-57a2d4851a1d" relativeResultsDirectory="345a20b8-f8bb-45e2-8881-26422fc268b7" />
    <UnitTestResult executionId="12e22a0a-49d1-4d81-b6b1-9ac507e453a9" testId="34118958-7868-346f-8563-3553327339c7" testName="WillIncludeWorkItemLinks_TargetIsNotUpdated" computerName="TFSBUILD11" duration="00:00:00.0900600" startTime="2015-09-28T09:43:44.6414671-07:00" endTime="2015-09-28T09:43:44.7195974-07:00" testType="13cdc9d9-ddb5-4fa4-a97d-d965ccfc6d4b" outcome="Passed" testListId="8c84fa94-04c1-424b-9868-57a2d4851a1d" relativeResultsDirectory="12e22a0a-49d1-4d81-b6b1-9ac507e453a9" />
    <UnitTestResult executionId="b03d0051-eaed-4edd-8999-22bde6e28df8" testId="2ad09514-6cf7-3e3c-92d9-ad3de46a9b16" testName="WillIncludeWorkItemResourceLinks" computerName="TFSBUILD11" duration="00:00:00.0855152" startTime="2015-09-28T09:43:44.7195974-07:00" endTime="2015-09-28T09:43:44.8133538-07:00" testType="13cdc9d9-ddb5-4fa4-a97d-d965ccfc6d4b" outcome="Passed" testListId="8c84fa94-04c1-424b-9868-57a2d4851a1d" relativeResultsDirectory="b03d0051-eaed-4edd-8999-22bde6e28df8" />
    <UnitTestResult executionId="257331e7-9c4c-4b40-b351-8a7c155515b7" testId="c880546e-0009-aafe-8c7b-e52525770a57" testName="WillIncludeTextFields" computerName="TFSBUILD11" duration="00:00:00.0755056" startTime="2015-09-28T09:43:44.8133538-07:00" endTime="2015-09-28T09:43:44.8914846-07:00" testType="13cdc9d9-ddb5-4fa4-a97d-d965ccfc6d4b" outcome="Passed" testListId="8c84fa94-04c1-424b-9868-57a2d4851a1d" relativeResultsDirectory="257331e7-9c4c-4b40-b351-8a7c155515b7" />
    <UnitTestResult executionId="208a1fde-cff7-449c-92a9-3cadb846ccc4" testId="5bf261f3-562b-909a-1fb2-3b294f2ac49c" testName="SimpleFieldDataPopulated" computerName="TFSBUILD11" duration="00:00:00.0714716" startTime="2015-09-28T09:43:44.8914846-07:00" endTime="2015-09-28T09:43:44.9539885-07:00" testType="13cdc9d9-ddb5-4fa4-a97d-d965ccfc6d4b" outcome="Passed" testListId="8c84fa94-04c1-424b-9868-57a2d4851a1d" relativeResultsDirectory="208a1fde-cff7-449c-92a9-3cadb846ccc4" />
    <UnitTestResult executionId="5b5645c1-4498-4312-921e-377be6539917" testId="fe9acd05-0efa-20f7-576c-c15bdb2fdf91" testName="CorrectDataOnNewWorkItem" computerName="TFSBUILD11" duration="00:00:00.0987737" startTime="2015-09-28T09:43:44.9539885-07:00" endTime="2015-09-28T09:43:45.0633724-07:00" testType="13cdc9d9-ddb5-4fa4-a97d-d965ccfc6d4b" outcome="Passed" testListId="8c84fa94-04c1-424b-9868-57a2d4851a1d" relativeResultsDirectory="5b5645c1-4498-4312-921e-377be6539917" />
    <UnitTestResult executionId="61114500-8bb6-4415-9c9c-e76f868e1854" testId="537481af-a913-3184-e73b-45ffb3b7280b" testName="NullPropertiesOnEmptyData" computerName="TFSBUILD11" duration="00:00:00.0791226" startTime="2015-09-28T09:43:45.0633724-07:00" endTime="2015-09-28T09:43:45.1415027-07:00" testType="13cdc9d9-ddb5-4fa4-a97d-d965ccfc6d4b" outcome="Passed" testListId="8c84fa94-04c1-424b-9868-57a2d4851a1d" relativeResultsDirectory="61114500-8bb6-4415-9c9c-e76f868e1854" />
    <UnitTestResult executionId="0e972e32-6e5f-4037-a180-f6f9209510e4" testId="5601370c-3b4f-c3bc-c665-d9a8e2573319" testName="ConstructFieldData" computerName="TFSBUILD11" duration="00:00:00.0621202" startTime="2015-09-28T09:43:45.1415027-07:00" endTime="2015-09-28T09:43:45.2040068-07:00" testType="13cdc9d9-ddb5-4fa4-a97d-d965ccfc6d4b" outcome="Passed" testListId="8c84fa94-04c1-424b-9868-57a2d4851a1d" relativeResultsDirectory="0e972e32-6e5f-4037-a180-f6f9209510e4" />
    <UnitTestResult executionId="1ef7dcf6-5fa0-4db8-94e7-0c49590ad2f7" testId="eef38aad-61d5-713d-6b4b-c369b7854bb7" testName="GetFieldValueFormatException" computerName="TFSBUILD11" duration="00:00:00.0556030" startTime="2015-09-28T09:43:45.2040068-07:00" endTime="2015-09-28T09:43:45.2508849-07:00" testType="13cdc9d9-ddb5-4fa4-a97d-d965ccfc6d4b" outcome="Passed" testListId="8c84fa94-04c1-424b-9868-57a2d4851a1d" relativeResultsDirectory="1ef7dcf6-5fa0-4db8-94e7-0c49590ad2f7" />
    <UnitTestResult executionId="d8e0db25-52a9-4bcc-b38d-f4a24c3ae69b" testId="630d091f-b6ef-1c7b-33e7-4cc51b959834" testName="GetFieldValueValidCast" computerName="TFSBUILD11" duration="00:00:00.0553670" startTime="2015-09-28T09:43:45.2508849-07:00" endTime="2015-09-28T09:43:45.3133890-07:00" testType="13cdc9d9-ddb5-4fa4-a97d-d965ccfc6d4b" outcome="Passed" testListId="8c84fa94-04c1-424b-9868-57a2d4851a1d" relativeResultsDirectory="d8e0db25-52a9-4bcc-b38d-f4a24c3ae69b" />
    <UnitTestResult executionId="525fb1ff-5076-4950-8264-e3811becb658" testId="af54bb47-f0b0-b8b8-11af-286961b48810" testName="SetFieldValue" computerName="TFSBUILD11" duration="00:00:00.0573521" startTime="2015-09-28T09:43:45.3133890-07:00" endTime="2015-09-28T09:43:45.3758938-07:00" testType="13cdc9d9-ddb5-4fa4-a97d-d965ccfc6d4b" outcome="Passed" testListId="8c84fa94-04c1-424b-9868-57a2d4851a1d" relativeResultsDirectory="525fb1ff-5076-4950-8264-e3811becb658" />
    <UnitTestResult executionId="0003273b-649c-4403-ba05-a4bdc7acca26" testId="71723024-3d1c-5afc-60b6-3ef6086ace2f" testName="SetFieldValueByRefName" computerName="TFSBUILD11" duration="00:00:00.0574832" startTime="2015-09-28T09:43:45.3758938-07:00" endTime="2015-09-28T09:43:45.4227718-07:00" testType="13cdc9d9-ddb5-4fa4-a97d-d965ccfc6d4b" outcome="Passed" testListId="8c84fa94-04c1-424b-9868-57a2d4851a1d" relativeResultsDirectory="0003273b-649c-4403-ba05-a4bdc7acca26" />
    <UnitTestResult executionId="22bf60f4-6542-4484-9fdd-8049bafea45b" testId="7240edf6-9f87-81b5-a63a-dd835c19298b" testName="SetBulkFieldUpdates" computerName="TFSBUILD11" duration="00:00:00.0663542" startTime="2015-09-28T09:43:45.4227718-07:00" endTime="2015-09-28T09:43:45.4852766-07:00" testType="13cdc9d9-ddb5-4fa4-a97d-d965ccfc6d4b" outcome="Passed" testListId="8c84fa94-04c1-424b-9868-57a2d4851a1d" relativeResultsDirectory="22bf60f4-6542-4484-9fdd-8049bafea45b" />
    <UnitTestResult executionId="d0c2fb64-99a0-4697-a28f-d58653dfd3a7" testId="a2ad502b-e813-04a7-0c15-eb6f592d663f" testName="FieldDataUpdates" computerName="TFSBUILD11" duration="00:00:00.0504540" startTime="2015-09-28T09:43:45.4852766-07:00" endTime="2015-09-28T09:43:45.5477810-07:00" testType="13cdc9d9-ddb5-4fa4-a97d-d965ccfc6d4b" outcome="Passed" testListId="8c84fa94-04c1-424b-9868-57a2d4851a1d" relativeResultsDirectory="d0c2fb64-99a0-4697-a28f-d58653dfd3a7" />
    <UnitTestResult executionId="c9fe78bb-0255-4dd6-a892-3c349fe6d08e" testId="1665b15b-ab48-06e9-51f9-4b95b6440f4c" testName="TestTryComputeFieldValue_AreaId" computerName="TFSBUILD11" duration="00:00:00.0592917" startTime="2015-09-28T09:43:45.5477810-07:00" endTime="2015-09-28T09:43:45.6102854-07:00" testType="13cdc9d9-ddb5-4fa4-a97d-d965ccfc6d4b" outcome="Passed" testListId="8c84fa94-04c1-424b-9868-57a2d4851a1d" relativeResultsDirectory="c9fe78bb-0255-4dd6-a892-3c349fe6d08e" />
    <UnitTestResult executionId="686bbe99-0276-46db-b71b-463f64b701ef" testId="0b260af7-130b-ead7-8092-b64b215c767d" testName="TestTryComputeFieldValue_IterationId" computerName="TFSBUILD11" duration="00:00:00.0449131" startTime="2015-09-28T09:43:45.6102854-07:00" endTime="2015-09-28T09:43:45.6415374-07:00" testType="13cdc9d9-ddb5-4fa4-a97d-d965ccfc6d4b" outcome="Passed" testListId="8c84fa94-04c1-424b-9868-57a2d4851a1d" relativeResultsDirectory="686bbe99-0276-46db-b71b-463f64b701ef" />
    <UnitTestResult executionId="da1bb02d-b97a-452b-bcd4-b0e0304f5cdc" testId="7a5fabe0-eee5-88c1-14ef-b1f016830824" testName="TestTryComputeFieldValue_AreaPath" computerName="TFSBUILD11" duration="00:00:00.0522770" startTime="2015-09-28T09:43:45.6415374-07:00" endTime="2015-09-28T09:43:45.7040424-07:00" testType="13cdc9d9-ddb5-4fa4-a97d-d965ccfc6d4b" outcome="Passed" testListId="8c84fa94-04c1-424b-9868-57a2d4851a1d" relativeResultsDirectory="da1bb02d-b97a-452b-bcd4-b0e0304f5cdc" />
    <UnitTestResult executionId="4297bf98-01ea-46e4-96b7-58b319568438" testId="b9e54d3e-73a2-c5a7-65a9-1ee6503e75eb" testName="TestTryComputeFieldValue_IterationPath" computerName="TFSBUILD11" duration="00:00:00.0525165" startTime="2015-09-28T09:43:45.7040424-07:00" endTime="2015-09-28T09:43:45.7509199-07:00" testType="13cdc9d9-ddb5-4fa4-a97d-d965ccfc6d4b" outcome="Passed" testListId="8c84fa94-04c1-424b-9868-57a2d4851a1d" relativeResultsDirectory="4297bf98-01ea-46e4-96b7-58b319568438" />
    <UnitTestResult executionId="86223a90-5cfe-4865-b401-a31f69599c7d" testId="12d7ac4e-0d2a-d63f-c187-29f635137b64" testName="TestTryComputeFieldValue_ConvertToInt32" computerName="TFSBUILD11" duration="00:00:00.0491339" startTime="2015-09-28T09:43:45.7509199-07:00" endTime="2015-09-28T09:43:45.7977991-07:00" testType="13cdc9d9-ddb5-4fa4-a97d-d965ccfc6d4b" outcome="Passed" testListId="8c84fa94-04c1-424b-9868-57a2d4851a1d" relativeResultsDirectory="86223a90-5cfe-4865-b401-a31f69599c7d" />
    <UnitTestResult executionId="c7eaff80-09e1-48f4-bbd5-4ed5e5641a3f" testId="4b90dfe2-ff6e-bcf0-6c3b-ec5908c5e833" testName="TestTryComputeFieldValue_NotFound" computerName="TFSBUILD11" duration="00:00:00.0516254" startTime="2015-09-28T09:43:45.7977991-07:00" endTime="2015-09-28T09:43:45.8603035-07:00" testType="13cdc9d9-ddb5-4fa4-a97d-d965ccfc6d4b" outcome="Passed" testListId="8c84fa94-04c1-424b-9868-57a2d4851a1d" relativeResultsDirectory="c7eaff80-09e1-48f4-bbd5-4ed5e5641a3f" />
    <UnitTestResult executionId="66e2f5a1-2d8e-468b-b3e5-8f20cb2d2375" testId="8d576840-c236-57e7-c995-6314a4ccb150" testName="TestTryComputeFieldValue_ReturnsFalse" computerName="TFSBUILD11" duration="00:00:00.0417370" startTime="2015-09-28T09:43:45.8603035-07:00" endTime="2015-09-28T09:43:45.8915557-07:00" testType="13cdc9d9-ddb5-4fa4-a97d-d965ccfc6d4b" outcome="Passed" testListId="8c84fa94-04c1-424b-9868-57a2d4851a1d" relativeResultsDirectory="66e2f5a1-2d8e-468b-b3e5-8f20cb2d2375" />
    <UnitTestResult executionId="96106941-a320-4e09-aeaa-cf225e959f80" testId="8431a7f4-43a9-07e0-83d0-b0d1a02dedc6" testName="NullArguments_RequestContext" computerName="TFSBUILD11" duration="00:00:00.3092857" startTime="2015-09-28T09:43:45.8915557-07:00" endTime="2015-09-28T09:43:46.2040777-07:00" testType="13cdc9d9-ddb5-4fa4-a97d-d965ccfc6d4b" outcome="Passed" testListId="8c84fa94-04c1-424b-9868-57a2d4851a1d" relativeResultsDirectory="96106941-a320-4e09-aeaa-cf225e959f80" />
    <UnitTestResult executionId="d139b01b-eb58-43fc-8ac5-bd67ec6fae04" testId="da41201a-1508-2841-dc3d-5d332861ca1b" testName="NullArguments_WorkItemUpdates" computerName="TFSBUILD11" duration="00:00:00.1132223" startTime="2015-09-28T09:43:46.2040777-07:00" endTime="2015-09-28T09:43:46.3134604-07:00" testType="13cdc9d9-ddb5-4fa4-a97d-d965ccfc6d4b" outcome="Passed" testListId="8c84fa94-04c1-424b-9868-57a2d4851a1d" relativeResultsDirectory="d139b01b-eb58-43fc-8ac5-bd67ec6fae04" />
    <UnitTestResult executionId="c3db9e3a-b3cc-453d-b593-4a79da5403e1" testId="11d84147-4888-f3a6-49de-b1c4f8adeca3" testName="NullArguments_WorkItemUpdates_Member" computerName="TFSBUILD11" duration="00:00:00.1381694" startTime="2015-09-28T09:43:46.3134604-07:00" endTime="2015-09-28T09:43:46.4540952-07:00" testType="13cdc9d9-ddb5-4fa4-a97d-d965ccfc6d4b" outcome="Passed" testListId="8c84fa94-04c1-424b-9868-57a2d4851a1d" relativeResultsDirectory="c3db9e3a-b3cc-453d-b593-4a79da5403e1" />
    <UnitTestResult executionId="406687a5-f28c-44b4-b1ee-a033b7a93dc5" testId="69d33474-632b-38fd-4de0-5cfbd22d5557" testName="NullArguments_WorkItemUpdates_EmptyFields" computerName="TFSBUILD11" duration="00:00:00.1138472" startTime="2015-09-28T09:43:46.4540952-07:00" endTime="2015-09-28T09:43:46.5791038-07:00" testType="13cdc9d9-ddb5-4fa4-a97d-d965ccfc6d4b" outcome="Passed" testListId="8c84fa94-04c1-424b-9868-57a2d4851a1d" relativeResultsDirectory="406687a5-f28c-44b4-b1ee-a033b7a93dc5" />
    <UnitTestResult executionId="474d658b-b93b-4857-a9ee-5d5eafa50a48" testId="fc155041-0117-cb6c-87de-f107e602a75b" testName="NullArguments_WorkItemUpdates_EmptyFields2" computerName="TFSBUILD11" duration="00:00:00.1263764" startTime="2015-09-28T09:43:46.5791038-07:00" endTime="2015-09-28T09:43:46.7041129-07:00" testType="13cdc9d9-ddb5-4fa4-a97d-d965ccfc6d4b" outcome="Passed" testListId="8c84fa94-04c1-424b-9868-57a2d4851a1d" relativeResultsDirectory="474d658b-b93b-4857-a9ee-5d5eafa50a48" />
    <UnitTestResult executionId="ecc81625-492c-4996-91c2-c15c8efb25bc" testId="acc43e67-c88e-72a8-7c57-9c4d77986015" testName="ValidateUpdateStates_WorkItemUpdates_UpdateIdInvalid" computerName="TFSBUILD11" duration="00:00:00.1240852" startTime="2015-09-28T09:43:46.7041129-07:00" endTime="2015-09-28T09:43:46.8291221-07:00" testType="13cdc9d9-ddb5-4fa4-a97d-d965ccfc6d4b" outcome="Passed" testListId="8c84fa94-04c1-424b-9868-57a2d4851a1d" relativeResultsDirectory="ecc81625-492c-4996-91c2-c15c8efb25bc" />
    <UnitTestResult executionId="8070abdf-f7e5-4538-bc54-2ffa7d7eaf5c" testId="758c9297-768a-f93b-ac39-2286fd95f564" testName="ValidateUpdateStates_WorkItemUpdates_TooManyUpdates" computerName="TFSBUILD11" duration="00:00:00.1161529" startTime="2015-09-28T09:43:46.8291221-07:00" endTime="2015-09-28T09:43:46.9385046-07:00" testType="13cdc9d9-ddb5-4fa4-a97d-d965ccfc6d4b" outcome="Passed" testListId="8c84fa94-04c1-424b-9868-57a2d4851a1d" relativeResultsDirectory="8070abdf-f7e5-4538-bc54-2ffa7d7eaf5c" />
    <UnitTestResult executionId="e5bc4fba-548a-49df-a123-7456f0213d01" testId="c2341e48-211e-bff2-2224-0f6f2523e30f" testName="ValidateUpdateStates_WorkItemUpdates_DuplicateExistingId" computerName="TFSBUILD11" duration="00:00:00.1133756" startTime="2015-09-28T09:43:46.9385046-07:00" endTime="2015-09-28T09:43:47.0478874-07:00" testType="13cdc9d9-ddb5-4fa4-a97d-d965ccfc6d4b" outcome="Passed" testListId="8c84fa94-04c1-424b-9868-57a2d4851a1d" relativeResultsDirectory="e5bc4fba-548a-49df-a123-7456f0213d01" />
    <UnitTestResult executionId="a63bed08-9169-40a1-a6f8-96a75d8621e3" testId="58665542-c55c-e6c2-70cf-64cf7148975d" testName="ValidateUpdateStates_WorkItemUpdates_DuplicateNewId" computerName="TFSBUILD11" duration="00:00:00.1122853" startTime="2015-09-28T09:43:47.0478874-07:00" endTime="2015-09-28T09:43:47.1728966-07:00" testType="13cdc9d9-ddb5-4fa4-a97d-d965ccfc6d4b" outcome="Passed" testListId="8c84fa94-04c1-424b-9868-57a2d4851a1d" relativeResultsDirectory="a63bed08-9169-40a1-a6f8-96a75d8621e3" />
    <UnitTestResult executionId="740cc1bc-0984-402d-8feb-53fe1d5e4478" testId="6bf975b1-0d52-95d7-ee6d-a4b1315d4784" testName="ValidateUpdateStates_WorkItemUpdates_IncorrectFieldType" computerName="TFSBUILD11" duration="00:00:00.1387815" startTime="2015-09-28T09:43:47.1728966-07:00" endTime="2015-09-28T09:43:47.2979054-07:00" testType="13cdc9d9-ddb5-4fa4-a97d-d965ccfc6d4b" outcome="Passed" testListId="8c84fa94-04c1-424b-9868-57a2d4851a1d" relativeResultsDirectory="740cc1bc-0984-402d-8feb-53fe1d5e4478" />
    <UnitTestResult executionId="a40fcfb6-ecba-45ab-be82-8eb7667d519c" testId="8a5cc27d-db07-ea16-90b3-ec68cf19bd98" testName="ValidateUpdateStates_WorkItemUpdates_OverlongText" computerName="TFSBUILD11" startTime="2015-09-28T09:43:47.2979054-07:00" endTime="2015-09-28T09:43:47.2979054-07:00" testType="13cdc9d9-ddb5-4fa4-a97d-d965ccfc6d4b" outcome="NotExecuted" testListId="8c84fa94-04c1-424b-9868-57a2d4851a1d" relativeResultsDirectory="a40fcfb6-ecba-45ab-be82-8eb7667d519c" />
    <UnitTestResult executionId="02d72419-b3fe-4e16-a376-3563961fa6c6" testId="2fe7c38d-f8a7-21d8-b861-ee4ca5bdb054" testName="ValidateUpdateStates_WorkItemUpdates_InvalidTreePaths" computerName="TFSBUILD11" duration="00:00:00.1871461" startTime="2015-09-28T09:43:47.2979054-07:00" endTime="2015-09-28T09:43:47.4854196-07:00" testType="13cdc9d9-ddb5-4fa4-a97d-d965ccfc6d4b" outcome="Passed" testListId="8c84fa94-04c1-424b-9868-57a2d4851a1d" relativeResultsDirectory="02d72419-b3fe-4e16-a376-3563961fa6c6" />
    <UnitTestResult executionId="c3d596bb-02a1-45f3-9338-05dc4b63bf62" testId="2a9202aa-147d-d35d-7a48-b8e4cdfa9672" testName="ValidateUpdateStates_WorkItemUpdates_InvalidTreeIds" computerName="TFSBUILD11" duration="00:00:00.1107652" startTime="2015-09-28T09:43:47.4854196-07:00" endTime="2015-09-28T09:43:47.6104271-07:00" testType="13cdc9d9-ddb5-4fa4-a97d-d965ccfc6d4b" outcome="Passed" testListId="8c84fa94-04c1-424b-9868-57a2d4851a1d" relativeResultsDirectory="c3d596bb-02a1-45f3-9338-05dc4b63bf62" />
    <UnitTestResult executionId="646cd67e-bd2e-4238-99e1-113b5895bffd" testId="e750ee8e-8d3c-f2be-0fde-d9d9eea8aff3" testName="ValidateUpdateStates_WorkItemUpdates_InvalidLinkType" computerName="TFSBUILD11" duration="00:00:00.0808150" startTime="2015-09-28T09:43:47.6104271-07:00" endTime="2015-09-28T09:43:47.6885588-07:00" testType="13cdc9d9-ddb5-4fa4-a97d-d965ccfc6d4b" outcome="Passed" testListId="8c84fa94-04c1-424b-9868-57a2d4851a1d" relativeResultsDirectory="646cd67e-bd2e-4238-99e1-113b5895bffd" />
    <UnitTestResult executionId="f99ae790-8deb-4481-a53f-788c2bfa9588" testId="81a2f8d1-3b27-15fd-5ebb-51f09eac2175" testName="ValidateUpdateStates_WorkItemUpdates_DisabledLinkType" computerName="TFSBUILD11" duration="00:00:00.1021392" startTime="2015-09-28T09:43:47.6885588-07:00" endTime="2015-09-28T09:43:47.7979410-07:00" testType="13cdc9d9-ddb5-4fa4-a97d-d965ccfc6d4b" outcome="Passed" testListId="8c84fa94-04c1-424b-9868-57a2d4851a1d" relativeResultsDirectory="f99ae790-8deb-4481-a53f-788c2bfa9588" />
    <UnitTestResult executionId="2dd91dc2-fe13-42df-bdff-cad76d874f9b" testId="a88e8173-a948-14b9-0511-ecf893d4fc84" testName="ValidateUpdateStates_WorkItemUpdates_SelfLink" computerName="TFSBUILD11" duration="00:00:00.1081996" startTime="2015-09-28T09:43:47.7979410-07:00" endTime="2015-09-28T09:43:47.8916977-07:00" testType="13cdc9d9-ddb5-4fa4-a97d-d965ccfc6d4b" outcome="Passed" testListId="8c84fa94-04c1-424b-9868-57a2d4851a1d" relativeResultsDirectory="2dd91dc2-fe13-42df-bdff-cad76d874f9b" />
    <UnitTestResult executionId="9b84453b-3a37-4107-86f7-5dbb12c9f993" testId="3ea55c3b-47eb-3629-1786-8798e2922588" testName="ValidateUpdateStates_WorkItemUpdates_InvalidLinkEnds" computerName="TFSBUILD11" duration="00:00:00.1227895" startTime="2015-09-28T09:43:47.8916977-07:00" endTime="2015-09-28T09:43:48.0167094-07:00" testType="13cdc9d9-ddb5-4fa4-a97d-d965ccfc6d4b" outcome="Passed" testListId="8c84fa94-04c1-424b-9868-57a2d4851a1d" relativeResultsDirectory="9b84453b-3a37-4107-86f7-5dbb12c9f993" />
    <UnitTestResult executionId="602b6d3e-d8db-497b-8fcb-24501c72891f" testId="d8d6086d-3677-fbdb-5123-59bcd2af7f91" testName="ValidateUpdateStates_WorkItemUpdates_UpdateResourceLinkWithNoResourceId" computerName="TFSBUILD11" duration="00:00:00.0972897" startTime="2015-09-28T09:43:48.0167094-07:00" endTime="2015-09-28T09:43:48.1260927-07:00" testType="13cdc9d9-ddb5-4fa4-a97d-d965ccfc6d4b" outcome="Passed" testListId="8c84fa94-04c1-424b-9868-57a2d4851a1d" relativeResultsDirectory="602b6d3e-d8db-497b-8fcb-24501c72891f" />
    <UnitTestResult executionId="6a3b6149-720e-4003-bd07-52d125b1e4e7" testId="f347c93b-73d9-eb3c-1b4e-e20db10499a3" testName="ValidateUpdateStates_WorkItemUpdates_DeleteResourceLinkWithNoResourceId" computerName="TFSBUILD11" duration="00:00:00.1175754" startTime="2015-09-28T09:43:48.1260927-07:00" endTime="2015-09-28T09:43:48.2354730-07:00" testType="13cdc9d9-ddb5-4fa4-a97d-d965ccfc6d4b" outcome="Passed" testListId="8c84fa94-04c1-424b-9868-57a2d4851a1d" relativeResultsDirectory="6a3b6149-720e-4003-bd07-52d125b1e4e7" />
    <UnitTestResult executionId="9bdc94ce-1d15-4907-b1a4-a02de21520fb" testId="1e47d940-0bdd-0a0f-b6b9-f2c8a8775208" testName="ValidateUpdateStates_WorkItemUpdates_AddResourceLinkWithNoResourceType" computerName="TFSBUILD11" duration="00:00:00.0925455" startTime="2015-09-28T09:43:48.2354730-07:00" endTime="2015-09-28T09:43:48.3292311-07:00" testType="13cdc9d9-ddb5-4fa4-a97d-d965ccfc6d4b" outcome="Passed" testListId="8c84fa94-04c1-424b-9868-57a2d4851a1d" relativeResultsDirectory="9bdc94ce-1d15-4907-b1a4-a02de21520fb" />
    <UnitTestResult executionId="d7cc7597-3af9-4fad-8efd-d37a7142a3b3" testId="ab468035-7468-7333-c466-9d81d6cd4399" testName="ValidateUpdateStates_WorkItemUpdates_AddResourceLinkWithNullLocation" computerName="TFSBUILD11" duration="00:00:00.0826465" startTime="2015-09-28T09:43:48.3292311-07:00" endTime="2015-09-28T09:43:48.4073596-07:00" testType="13cdc9d9-ddb5-4fa4-a97d-d965ccfc6d4b" outcome="Passed" testListId="8c84fa94-04c1-424b-9868-57a2d4851a1d" relativeResultsDirectory="d7cc7597-3af9-4fad-8efd-d37a7142a3b3" />
    <UnitTestResult executionId="7126a654-09a2-46b9-aec2-8070918d380f" testId="3ec3c6b2-0d1d-4a91-6c16-63a9ec999657" testName="ValidateUpdateStates_WorkItemUpdates_AddResourceLinkWithNegativeLength" computerName="TFSBUILD11" duration="00:00:00.0973500" startTime="2015-09-28T09:43:48.4073596-07:00" endTime="2015-09-28T09:43:48.5167438-07:00" testType="13cdc9d9-ddb5-4fa4-a97d-d965ccfc6d4b" outcome="Passed" testListId="8c84fa94-04c1-424b-9868-57a2d4851a1d" relativeResultsDirectory="7126a654-09a2-46b9-aec2-8070918d380f" />
    <UnitTestResult executionId="4395cc32-ffb5-45d3-976d-667eae6a1262" testId="7f84b9d0-d40d-8f28-d053-14715726a2f7" testName="ValidateUpdateStates_WorkItemUpdates_BoardFieldsInUpdate" computerName="TFSBUILD11" duration="00:00:00.0887493" startTime="2015-09-28T09:43:48.5167438-07:00" endTime="2015-09-28T09:43:48.5948747-07:00" testType="13cdc9d9-ddb5-4fa4-a97d-d965ccfc6d4b" outcome="Passed" testListId="8c84fa94-04c1-424b-9868-57a2d4851a1d" relativeResultsDirectory="4395cc32-ffb5-45d3-976d-667eae6a1262" />
    <UnitTestResult executionId="a640a08d-92f7-4c4e-ba8e-2c93ae52e688" testId="d844e36b-2dbf-ccb1-e837-77630182eb65" testName="ValidateUpdateStates_SettingCreatedDateWithoutBypassRulesFails" computerName="TFSBUILD11" duration="00:00:00.0903106" startTime="2015-09-28T09:43:48.5948747-07:00" endTime="2015-09-28T09:43:48.6886313-07:00" testType="13cdc9d9-ddb5-4fa4-a97d-d965ccfc6d4b" outcome="Passed" testListId="8c84fa94-04c1-424b-9868-57a2d4851a1d" relativeResultsDirectory="a640a08d-92f7-4c4e-ba8e-2c93ae52e688" />
    <UnitTestResult executionId="04a66c08-e135-4549-84a4-4972649ce162" testId="9984f70d-82eb-b0ea-76f9-bc60c25532da" testName="ValidateUpdateStates_SettingCreatedByWithoutBypassRulesFails" computerName="TFSBUILD11" duration="00:00:00.1078349" startTime="2015-09-28T09:43:48.6886313-07:00" endTime="2015-09-28T09:43:48.7980135-07:00" testType="13cdc9d9-ddb5-4fa4-a97d-d965ccfc6d4b" outcome="Passed" testListId="8c84fa94-04c1-424b-9868-57a2d4851a1d" relativeResultsDirectory="04a66c08-e135-4549-84a4-4972649ce162" />
    <UnitTestResult executionId="13e17ef6-c127-4608-b40e-dfa31b6ac292" testId="63459f5d-ede7-a373-3d8c-3d5f28621a33" testName="ValidateUpdateStates_SettingCreatedByWithoutBypassRulesSucceedsForProperIdentity" computerName="TFSBUILD11" duration="00:00:01.0599422" startTime="2015-09-28T09:43:48.7980135-07:00" endTime="2015-09-28T09:43:49.8605897-07:00" testType="13cdc9d9-ddb5-4fa4-a97d-d965ccfc6d4b" outcome="Passed" testListId="8c84fa94-04c1-424b-9868-57a2d4851a1d" relativeResultsDirectory="13e17ef6-c127-4608-b40e-dfa31b6ac292" />
    <UnitTestResult executionId="6dd495a0-f44c-4af8-82d3-3559eb6e5e72" testId="492faa59-4c4a-0ca4-e9c0-e9eb64444477" testName="ValidateUpdateStates_SettingChangedDateWithoutBypassRulesFails" computerName="TFSBUILD11" duration="00:00:00.1129865" startTime="2015-09-28T09:43:49.8605897-07:00" endTime="2015-09-28T09:43:49.9699730-07:00" testType="13cdc9d9-ddb5-4fa4-a97d-d965ccfc6d4b" outcome="Passed" testListId="8c84fa94-04c1-424b-9868-57a2d4851a1d" relativeResultsDirectory="6dd495a0-f44c-4af8-82d3-3559eb6e5e72" />
    <UnitTestResult executionId="8d30b298-ac2a-453e-858f-7e532856fe44" testId="ecd705e9-4527-f1aa-ad49-d04b7ca6ac5d" testName="ValidateUpdateStates_SettingChangedByWithoutBypassRulesFails" computerName="TFSBUILD11" duration="00:00:00.0799438" startTime="2015-09-28T09:43:49.9699730-07:00" endTime="2015-09-28T09:43:50.0481030-07:00" testType="13cdc9d9-ddb5-4fa4-a97d-d965ccfc6d4b" outcome="Passed" testListId="8c84fa94-04c1-424b-9868-57a2d4851a1d" relativeResultsDirectory="8d30b298-ac2a-453e-858f-7e532856fe44" />
    <UnitTestResult executionId="a505c1a9-998c-4404-9a9c-f0f61b770460" testId="7776052a-5cd3-4a40-df9a-2cfcd012de7e" testName="ValidateUpdateStates_SettingChangedByWithoutBypassRulesSucceedsForProperIdentity" computerName="TFSBUILD11" duration="00:00:00.0941034" startTime="2015-09-28T09:43:50.0481030-07:00" endTime="2015-09-28T09:43:50.1418597-07:00" testType="13cdc9d9-ddb5-4fa4-a97d-d965ccfc6d4b" outcome="Passed" testListId="8c84fa94-04c1-424b-9868-57a2d4851a1d" relativeResultsDirectory="a505c1a9-998c-4404-9a9c-f0f61b770460" />
    <UnitTestResult executionId="83713861-ae88-4eb6-a28c-078fa514680a" testId="9b453c0e-3ff5-8713-f666-554a00a406e2" testName="ValidateUpdateStates_NewUpdate_ChangedDateWithoutCreatedDate" computerName="TFSBUILD11" duration="00:00:00.1076358" startTime="2015-09-28T09:43:50.1418597-07:00" endTime="2015-09-28T09:43:50.2512407-07:00" testType="13cdc9d9-ddb5-4fa4-a97d-d965ccfc6d4b" outcome="Passed" testListId="8c84fa94-04c1-424b-9868-57a2d4851a1d" relativeResultsDirectory="83713861-ae88-4eb6-a28c-078fa514680a" />
    <UnitTestResult executionId="76c7aee9-c866-4a4e-b43f-8ef08a6252c2" testId="7400fdf0-1c26-519b-1157-293f176fbfb3" testName="ValidateUpdateStates_NewUpdate_CreatedDateWithoutChangedDate" computerName="TFSBUILD11" duration="00:00:00.0864510" startTime="2015-09-28T09:43:50.2512407-07:00" endTime="2015-09-28T09:43:50.3449968-07:00" testType="13cdc9d9-ddb5-4fa4-a97d-d965ccfc6d4b" outcome="Passed" testListId="8c84fa94-04c1-424b-9868-57a2d4851a1d" relativeResultsDirectory="76c7aee9-c866-4a4e-b43f-8ef08a6252c2" />
    <UnitTestResult executionId="e5302436-598c-41ff-8bef-dd0668d3b95d" testId="578eb48d-fa44-8914-a25f-d7b307fbf8b7" testName="ValidateUpdateStates_NewUpdate_ChangedByWithoutCreatedBy" computerName="TFSBUILD11" duration="00:00:00.0997428" startTime="2015-09-28T09:43:50.3449968-07:00" endTime="2015-09-28T09:43:50.4387535-07:00" testType="13cdc9d9-ddb5-4fa4-a97d-d965ccfc6d4b" outcome="Passed" testListId="8c84fa94-04c1-424b-9868-57a2d4851a1d" relativeResultsDirectory="e5302436-598c-41ff-8bef-dd0668d3b95d" />
    <UnitTestResult executionId="0057fad0-5111-44c8-b3fb-f80bb85c2966" testId="cb07c3dd-3e90-9048-cd30-8c3e881e267f" testName="ValidateUpdateStates_NewUpdate_CreatedByWithoutChangedBy" computerName="TFSBUILD11" duration="00:00:00.1219015" startTime="2015-09-28T09:43:50.4387535-07:00" endTime="2015-09-28T09:43:50.5637624-07:00" testType="13cdc9d9-ddb5-4fa4-a97d-d965ccfc6d4b" outcome="Passed" testListId="8c84fa94-04c1-424b-9868-57a2d4851a1d" relativeResultsDirectory="0057fad0-5111-44c8-b3fb-f80bb85c2966" />
    <UnitTestResult executionId="8d61d866-2a31-4e19-89a9-c92b20852aea" testId="5dd6f4b6-1a3f-d70d-661c-3a904145d3a0" testName="ValidateUpdateStates_NewUpdate_CreatedDateWithChangedDate" computerName="TFSBUILD11" duration="00:00:00.1128607" startTime="2015-09-28T09:43:50.5637624-07:00" endTime="2015-09-28T09:43:50.6731466-07:00" testType="13cdc9d9-ddb5-4fa4-a97d-d965ccfc6d4b" outcome="Passed" testListId="8c84fa94-04c1-424b-9868-57a2d4851a1d" relativeResultsDirectory="8d61d866-2a31-4e19-89a9-c92b20852aea" />
    <UnitTestResult executionId="6bdcbf58-f8e3-48ca-90eb-155209af0a46" testId="f37c56dc-f059-9ba8-5941-2a9be14e9b01" testName="ValidateUpdateStates_NewUpdate_ChangedByWithCreatedBy" computerName="TFSBUILD11" duration="00:00:00.1351904" startTime="2015-09-28T09:43:50.6731466-07:00" endTime="2015-09-28T09:43:50.8137827-07:00" testType="13cdc9d9-ddb5-4fa4-a97d-d965ccfc6d4b" outcome="Passed" testListId="8c84fa94-04c1-424b-9868-57a2d4851a1d" relativeResultsDirectory="6bdcbf58-f8e3-48ca-90eb-155209af0a46" />
    <UnitTestResult executionId="236f62ad-72ed-4fd8-b581-001908cb4db1" testId="a1a69643-a0b6-8d58-6c97-d99b8968f96d" testName="ValidateUpdateStates_NewUpdate_MismatchedCreatedDateAndChangedDate" computerName="TFSBUILD11" duration="00:00:00.1247806" startTime="2015-09-28T09:43:50.8137827-07:00" endTime="2015-09-28T09:43:50.9387896-07:00" testType="13cdc9d9-ddb5-4fa4-a97d-d965ccfc6d4b" outcome="Passed" testListId="8c84fa94-04c1-424b-9868-57a2d4851a1d" relativeResultsDirectory="236f62ad-72ed-4fd8-b581-001908cb4db1" />
    <UnitTestResult executionId="f33c6b0d-4e51-42c1-ab77-3181104b7ba6" testId="dc562195-5865-32c3-eae4-522f1767c2e2" testName="ValidateUpdateStates_NewUpdate_MismatchedChangedByAndCreatedBy" computerName="TFSBUILD11" duration="00:00:00.1520378" startTime="2015-09-28T09:43:50.9387896-07:00" endTime="2015-09-28T09:43:51.0950527-07:00" testType="13cdc9d9-ddb5-4fa4-a97d-d965ccfc6d4b" outcome="Passed" testListId="8c84fa94-04c1-424b-9868-57a2d4851a1d" relativeResultsDirectory="f33c6b0d-4e51-42c1-ab77-3181104b7ba6" />
    <UnitTestResult executionId="98cfe8cf-d3df-45e6-96ea-ac0e905ea0a9" testId="0bae0c5e-a951-0a3e-0af6-f109df960829" testName="ValidateUpdateStates_Revision_SettingCreated_DoesNotFail" computerName="TFSBUILD11" duration="00:00:00.1474605" startTime="2015-09-28T09:43:51.0950527-07:00" endTime="2015-09-28T09:43:51.2356854-07:00" testType="13cdc9d9-ddb5-4fa4-a97d-d965ccfc6d4b" outcome="Passed" testListId="8c84fa94-04c1-424b-9868-57a2d4851a1d" relativeResultsDirectory="98cfe8cf-d3df-45e6-96ea-ac0e905ea0a9" />
    <UnitTestResult executionId="f80f8ee2-4e78-412a-b297-ac4946087ead" testId="5cd4d82b-fe92-f6c0-2776-c3aa0eefe674" testName="ValidateUpdateStates_Revision_SettingCreatedBy_DoesNotFail" computerName="TFSBUILD11" duration="00:00:00.1693362" startTime="2015-09-28T09:43:51.2356854-07:00" endTime="2015-09-28T09:43:51.4075761-07:00" testType="13cdc9d9-ddb5-4fa4-a97d-d965ccfc6d4b" outcome="Passed" testListId="8c84fa94-04c1-424b-9868-57a2d4851a1d" relativeResultsDirectory="f80f8ee2-4e78-412a-b297-ac4946087ead" />
    <UnitTestResult executionId="0affd762-2874-4a55-a27d-41e6a8814f3c" testId="9f691cb3-c241-59e4-e5a3-b5c0a6ed9ba4" testName="ValidateUpdateStates_Revision_ChangedDateSucceeds" computerName="TFSBUILD11" duration="00:00:00.1216722" startTime="2015-09-28T09:43:51.4075761-07:00" endTime="2015-09-28T09:43:51.5325847-07:00" testType="13cdc9d9-ddb5-4fa4-a97d-d965ccfc6d4b" outcome="Passed" testListId="8c84fa94-04c1-424b-9868-57a2d4851a1d" relativeResultsDirectory="0affd762-2874-4a55-a27d-41e6a8814f3c" />
    <UnitTestResult executionId="760519fc-afc1-4e77-8d51-9dfdfe4c2ea1" testId="32eb6b0a-88c0-59e9-1356-52f0fafe55cc" testName="ValidateUpdateStates_Revision_ChangedBySucceeds" computerName="TFSBUILD11" duration="00:00:00.1037662" startTime="2015-09-28T09:43:51.5325847-07:00" endTime="2015-09-28T09:43:51.6263396-07:00" testType="13cdc9d9-ddb5-4fa4-a97d-d965ccfc6d4b" outcome="Passed" testListId="8c84fa94-04c1-424b-9868-57a2d4851a1d" relativeResultsDirectory="760519fc-afc1-4e77-8d51-9dfdfe4c2ea1" />
    <UnitTestResult executionId="1bf5fa36-fea8-46f6-a3a1-cb73f9a115f1" testId="a15c3327-194e-d6c2-09ff-9ac9ca452233" testName="ValidateWorkItemDates_ChangedDateEqualToTipChangedDate" computerName="TFSBUILD11" duration="00:00:00.2521347" startTime="2015-09-28T09:43:51.6263396-07:00" endTime="2015-09-28T09:43:51.8763557-07:00" testType="13cdc9d9-ddb5-4fa4-a97d-d965ccfc6d4b" outcome="Passed" testListId="8c84fa94-04c1-424b-9868-57a2d4851a1d" relativeResultsDirectory="1bf5fa36-fea8-46f6-a3a1-cb73f9a115f1" />
    <UnitTestResult executionId="ca327656-d8a4-4b8e-8700-b444da26385e" testId="ee961ea6-908a-1b89-f065-53f2e45683fb" testName="ValidateWorkItemDates_ChangedDateLessThanTipChangedDate" computerName="TFSBUILD11" duration="00:00:00.1660970" startTime="2015-09-28T09:43:51.8763557-07:00" endTime="2015-09-28T09:43:52.0482429-07:00" testType="13cdc9d9-ddb5-4fa4-a97d-d965ccfc6d4b" outcome="Passed" testListId="8c84fa94-04c1-424b-9868-57a2d4851a1d" relativeResultsDirectory="ca327656-d8a4-4b8e-8700-b444da26385e" />
    <UnitTestResult executionId="74aa7895-f658-4d68-93fc-c86784d80514" testId="23ec97bd-dd0c-57c2-9100-d51a3a2390b9" testName="ExecuteExtensionRules_ActiveExtension_CopyValue" computerName="TFSBUILD11" duration="00:00:00.1708495" startTime="2015-09-28T09:43:52.0482429-07:00" endTime="2015-09-28T09:43:52.2201339-07:00" testType="13cdc9d9-ddb5-4fa4-a97d-d965ccfc6d4b" outcome="Passed" testListId="8c84fa94-04c1-424b-9868-57a2d4851a1d" relativeResultsDirectory="74aa7895-f658-4d68-93fc-c86784d80514" />
    <UnitTestResult executionId="98fae7e7-6cad-4931-8a5f-f8786d3a0aad" testId="450c571f-6917-5e78-f5b9-79f1ea418792" testName="ExecuteExtensionRules_ActiveExtensions_CopyHighestRankValue" computerName="TFSBUILD11" duration="00:00:00.1887708" startTime="2015-09-28T09:43:52.2201339-07:00" endTime="2015-09-28T09:43:52.4076475-07:00" testType="13cdc9d9-ddb5-4fa4-a97d-d965ccfc6d4b" outcome="Passed" testListId="8c84fa94-04c1-424b-9868-57a2d4851a1d" relativeResultsDirectory="98fae7e7-6cad-4931-8a5f-f8786d3a0aad" />
    <UnitTestResult executionId="06ac203c-04c1-4857-acf5-1c024b6c5dcd" testId="bfb89c01-9c41-ccfb-e040-32ec3cf314f9" testName="ExecuteExtensionRules_DeactivatedExtension_SetParentToNull" computerName="TFSBUILD11" duration="00:00:00.1568332" startTime="2015-09-28T09:43:52.4076475-07:00" endTime="2015-09-28T09:43:52.5639205-07:00" testType="13cdc9d9-ddb5-4fa4-a97d-d965ccfc6d4b" outcome="Passed" testListId="8c84fa94-04c1-424b-9868-57a2d4851a1d" relativeResultsDirectory="06ac203c-04c1-4857-acf5-1c024b6c5dcd" />
    <UnitTestResult executionId="d54fea07-cd9c-4e6e-9f44-3b077f6ecb41" testId="43b2cd4c-4154-ed90-d3e0-424e824195d1" testName="ExecuteExtensionRules_DeactivatedExtensions_SetParentToNull" computerName="TFSBUILD11" duration="00:00:00.1266310" startTime="2015-09-28T09:43:52.5639205-07:00" endTime="2015-09-28T09:43:52.6889132-07:00" testType="13cdc9d9-ddb5-4fa4-a97d-d965ccfc6d4b" outcome="Passed" testListId="8c84fa94-04c1-424b-9868-57a2d4851a1d" relativeResultsDirectory="d54fea07-cd9c-4e6e-9f44-3b077f6ecb41" />
    <UnitTestResult executionId="d5e061ee-6c7e-4596-954f-72ef2bedac54" testId="486e75d1-24ed-32f0-85dc-f91316db1c60" testName="PermissionTests_UpdateWorkItem_NoReadPermission" computerName="TFSBUILD11" duration="00:00:00.1647743" startTime="2015-09-28T09:43:52.6889132-07:00" endTime="2015-09-28T09:43:52.8608021-07:00" testType="13cdc9d9-ddb5-4fa4-a97d-d965ccfc6d4b" outcome="Passed" testListId="8c84fa94-04c1-424b-9868-57a2d4851a1d" relativeResultsDirectory="d5e061ee-6c7e-4596-954f-72ef2bedac54" />
    <UnitTestResult executionId="e0c03ee0-d6e1-4def-81ec-39b9363dcdc6" testId="8d41f315-9e30-2368-7aff-2ac1cc5043c3" testName="PermissionTests_UpdateWorkItem_NoWritePermission" computerName="TFSBUILD11" duration="00:00:00.1650010" startTime="2015-09-28T09:43:52.8608021-07:00" endTime="2015-09-28T09:43:53.0170652-07:00" testType="13cdc9d9-ddb5-4fa4-a97d-d965ccfc6d4b" outcome="Passed" testListId="8c84fa94-04c1-424b-9868-57a2d4851a1d" relativeResultsDirectory="e0c03ee0-d6e1-4def-81ec-39b9363dcdc6" />
    <UnitTestResult executionId="b50b911c-3093-44ee-a4d8-0d4a75f0b776" testId="7df5bed8-adc1-5ed3-6764-fdf8726a6a41" testName="PermissionTests_UpdateWorkItem_NoReadPermissionOnOppositeEnd" computerName="TFSBUILD11" duration="00:00:00.1678907" startTime="2015-09-28T09:43:53.0170652-07:00" endTime="2015-09-28T09:43:53.1889530-07:00" testType="13cdc9d9-ddb5-4fa4-a97d-d965ccfc6d4b" outcome="Passed" testListId="8c84fa94-04c1-424b-9868-57a2d4851a1d" relativeResultsDirectory="b50b911c-3093-44ee-a4d8-0d4a75f0b776" />
    <UnitTestResult executionId="395fa922-0b62-4eeb-b95f-c914a9b71bb0" testId="59c19994-860c-b919-00b2-7b07ff0bcc4a" testName="PermissionTests_UpdateWorkItem_EnforceIsAdminFailsRequestsForNonAdmins" computerName="TFSBUILD11" duration="00:00:00.1016090" startTime="2015-09-28T09:43:53.1889530-07:00" endTime="2015-09-28T09:43:53.2983321-07:00" testType="13cdc9d9-ddb5-4fa4-a97d-d965ccfc6d4b" outcome="Passed" testListId="8c84fa94-04c1-424b-9868-57a2d4851a1d" relativeResultsDirectory="395fa922-0b62-4eeb-b95f-c914a9b71bb0" />
    <UnitTestResult executionId="180a31c3-8fc1-4c82-8e61-544480080a37" testId="e51ac755-1610-5252-0d62-2626a981c742" testName="PermissionTests_UpdateWorkItem_EnforceIsAdminWorksForSystemContexts" computerName="TFSBUILD11" duration="00:00:00.1438176" startTime="2015-09-28T09:43:53.2983321-07:00" endTime="2015-09-28T09:43:53.4389717-07:00" testType="13cdc9d9-ddb5-4fa4-a97d-d965ccfc6d4b" outcome="Passed" testListId="8c84fa94-04c1-424b-9868-57a2d4851a1d" relativeResultsDirectory="180a31c3-8fc1-4c82-8e61-544480080a37" />
    <UnitTestResult executionId="4015f10b-6455-489b-bbc0-38d1a813e185" testId="dceca70b-1b60-0b3f-7898-d8f4841159db" testName="PermissionTests_UpdateWorkItem_EnforceIsAdminWorksForMembersOfNamespaceAdministratorsGroup" computerName="TFSBUILD11" duration="00:00:00.1997871" startTime="2015-09-28T09:43:53.4389717-07:00" endTime="2015-09-28T09:43:53.6421097-07:00" testType="13cdc9d9-ddb5-4fa4-a97d-d965ccfc6d4b" outcome="Passed" testListId="8c84fa94-04c1-424b-9868-57a2d4851a1d" relativeResultsDirectory="4015f10b-6455-489b-bbc0-38d1a813e185" />
    <UnitTestResult executionId="6bd4abf6-4976-4b29-ba49-acdf82edabac" testId="a1a51cd6-257f-d1d9-d90b-68b13a7ee4aa" testName="PermissionTests_UpdateWorkItem_EnforceIsAdminWorksForMembersOfServiceUsersGroup" computerName="TFSBUILD11" duration="00:00:00.1781210" startTime="2015-09-28T09:43:53.6421097-07:00" endTime="2015-09-28T09:43:53.8139980-07:00" testType="13cdc9d9-ddb5-4fa4-a97d-d965ccfc6d4b" outcome="Passed" testListId="8c84fa94-04c1-424b-9868-57a2d4851a1d" relativeResultsDirectory="6bd4abf6-4976-4b29-ba49-acdf82edabac" />
    <UnitTestResult executionId="252c3f78-0307-4909-89dd-6091cf264fab" testId="dc8973a6-ebba-caba-a699-a8c4c9b61737" testName="PermissionTests_UpdateWorkItem_ChangingAreaIdFromAreaWithoutWriteToAreaWithWriteIsBlocked" computerName="TFSBUILD11" duration="00:00:00.1331203" startTime="2015-09-28T09:43:53.8139980-07:00" endTime="2015-09-28T09:43:53.9546291-07:00" testType="13cdc9d9-ddb5-4fa4-a97d-d965ccfc6d4b" outcome="Passed" testListId="8c84fa94-04c1-424b-9868-57a2d4851a1d" relativeResultsDirectory="252c3f78-0307-4909-89dd-6091cf264fab" />
    <UnitTestResult executionId="a817631e-9c13-4eaf-a62a-75ab6abd5aa0" testId="725e29a9-a15a-2997-cfd9-22aef269796f" testName="PermissionTests_UpdateWorkItem_LinkingToANewWorkItemThatDoesNotValidateFailsTheLinkUpdateAsWell" computerName="TFSBUILD11" duration="00:00:00.1468174" startTime="2015-09-28T09:43:53.9546291-07:00" endTime="2015-09-28T09:43:54.0952652-07:00" testType="13cdc9d9-ddb5-4fa4-a97d-d965ccfc6d4b" outcome="Passed" testListId="8c84fa94-04c1-424b-9868-57a2d4851a1d" relativeResultsDirectory="a817631e-9c13-4eaf-a62a-75ab6abd5aa0" />
    <UnitTestResult executionId="b260bff6-067e-4055-9dd1-cdc0ce7fab57" testId="40ab6414-6944-7ead-43a1-f978925751c0" testName="PermissionTests_UpdateWorkItem_LinkingToANewWorkItemThatIsNotInTheUpdatesPassed" computerName="TFSBUILD11" duration="00:00:00.1008586" startTime="2015-09-28T09:43:54.0952652-07:00" endTime="2015-09-28T09:43:54.2046463-07:00" testType="13cdc9d9-ddb5-4fa4-a97d-d965ccfc6d4b" outcome="Passed" testListId="8c84fa94-04c1-424b-9868-57a2d4851a1d" relativeResultsDirectory="b260bff6-067e-4055-9dd1-cdc0ce7fab57" />
    <UnitTestResult executionId="0f351946-66d0-4a4c-ad46-5c7a1856c169" testId="fbc9b21c-1ddd-ef40-ce5e-627a782482c4" testName="PermissionTests_UpdateWorkItem_OnlyProvidingLinkUpdatesWithoutWriteToItemOrLinkedItemsArea" computerName="TFSBUILD11" duration="00:00:00.0895947" startTime="2015-09-28T09:43:54.2046463-07:00" endTime="2015-09-28T09:43:54.2827774-07:00" testType="13cdc9d9-ddb5-4fa4-a97d-d965ccfc6d4b" outcome="Passed" testListId="8c84fa94-04c1-424b-9868-57a2d4851a1d" relativeResultsDirectory="0f351946-66d0-4a4c-ad46-5c7a1856c169" />
    <UnitTestResult executionId="8c4aaa87-10ff-4058-9966-54e5bb9d5b7c" testId="c67d3a53-96d7-6a29-c9a8-c50861983c83" testName="PermissionTests_UpdateWorkItem_OnlyProvidingLinkUpdatesWithoutWriteToItemOrLinkedItemsAreaWithOnlyLinkUpdatesToLinkedItem" computerName="TFSBUILD11" duration="00:00:00.0866017" startTime="2015-09-28T09:43:54.2827774-07:00" endTime="2015-09-28T09:43:54.3765338-07:00" testType="13cdc9d9-ddb5-4fa4-a97d-d965ccfc6d4b" outcome="Passed" testListId="8c84fa94-04c1-424b-9868-57a2d4851a1d" relativeResultsDirectory="8c4aaa87-10ff-4058-9966-54e5bb9d5b7c" />
    <UnitTestResult executionId="64753f1a-e04b-4601-8f4c-301bf166cb76" testId="f20277b8-26af-3e61-e187-a48a89a80ea5" testName="TagTests_UpdateWorkItem_TooManyTags" computerName="TFSBUILD11" duration="00:00:00.1614782" startTime="2015-09-28T09:43:54.3765338-07:00" endTime="2015-09-28T09:43:54.5327977-07:00" testType="13cdc9d9-ddb5-4fa4-a97d-d965ccfc6d4b" outcome="Passed" testListId="8c84fa94-04c1-424b-9868-57a2d4851a1d" relativeResultsDirectory="64753f1a-e04b-4601-8f4c-301bf166cb76" />
    <UnitTestResult executionId="0c66612c-8a8d-48d7-9970-464f3e40197d" testId="3a66c586-fdfc-c053-f96b-620c493973cf" testName="WorkItemUpdates_UpdateWorkItem" computerName="TFSBUILD11" duration="00:00:00.1149358" startTime="2015-09-28T09:43:54.5327977-07:00" endTime="2015-09-28T09:43:54.6578038-07:00" testType="13cdc9d9-ddb5-4fa4-a97d-d965ccfc6d4b" outcome="Passed" testListId="8c84fa94-04c1-424b-9868-57a2d4851a1d" relativeResultsDirectory="0c66612c-8a8d-48d7-9970-464f3e40197d" />
    <UnitTestResult executionId="0c42874b-1fe4-4aa2-baf6-d67e0a419fa1" testId="5b798a8c-1a9b-df00-86f2-d8e36642b258" testName="WorkItemUpdates_UpdateWorkItem_BypassRulesDoesNotFailBadUpdate" computerName="TFSBUILD11" duration="00:00:00.1586181" startTime="2015-09-28T09:43:54.6578038-07:00" endTime="2015-09-28T09:43:54.8140652-07:00" testType="13cdc9d9-ddb5-4fa4-a97d-d965ccfc6d4b" outcome="Passed" testListId="8c84fa94-04c1-424b-9868-57a2d4851a1d" relativeResultsDirectory="0c42874b-1fe4-4aa2-baf6-d67e0a419fa1" />
    <UnitTestResult executionId="b06f0993-138b-4a22-bb29-f628adc651b0" testId="6695af48-1458-b543-8924-c5a39afe5fa7" testName="WorkItemUpdates_UpdateWorkItem_FailsBadUpdateIfRulesEnabled" computerName="TFSBUILD11" duration="00:00:00.1152651" startTime="2015-09-28T09:43:54.8140652-07:00" endTime="2015-09-28T09:43:54.9234477-07:00" testType="13cdc9d9-ddb5-4fa4-a97d-d965ccfc6d4b" outcome="Passed" testListId="8c84fa94-04c1-424b-9868-57a2d4851a1d" relativeResultsDirectory="b06f0993-138b-4a22-bb29-f628adc651b0" />
    <UnitTestResult executionId="12f4104f-a45c-4ebd-afb9-f9ad308b9c58" testId="e7889042-dd8d-dd91-fde0-6dfd00a0ca3e" testName="WorkItemUpdates_UpdateWorkItem_RevisionMismatch" computerName="TFSBUILD11" duration="00:00:00.1341198" startTime="2015-09-28T09:43:54.9234477-07:00" endTime="2015-09-28T09:43:55.0640872-07:00" testType="13cdc9d9-ddb5-4fa4-a97d-d965ccfc6d4b" outcome="Passed" testListId="8c84fa94-04c1-424b-9868-57a2d4851a1d" relativeResultsDirectory="12f4104f-a45c-4ebd-afb9-f9ad308b9c58" />
    <UnitTestResult executionId="356746b9-bb84-491c-9fc2-a4536654df01" testId="3ff9bcbf-224f-4e0c-7e44-5d3b8204abd0" testName="WorkItemUpdates_UpdateWorkItem_ChangeWorkItemTypeIdBlocked" computerName="TFSBUILD11" duration="00:00:00.1457160" startTime="2015-09-28T09:43:55.0640872-07:00" endTime="2015-09-28T09:43:55.2047197-07:00" testType="13cdc9d9-ddb5-4fa4-a97d-d965ccfc6d4b" outcome="Passed" testListId="8c84fa94-04c1-424b-9868-57a2d4851a1d" relativeResultsDirectory="356746b9-bb84-491c-9fc2-a4536654df01" />
    <UnitTestResult executionId="7d979c00-48a1-4a90-a8b2-5875ec119a18" testId="7fa8d92d-94bf-f686-927e-8515190d917a" testName="WorkItemUpdates_UpdateWorkItem_FrenchCultureAllowsCommaDecimalPoint" computerName="TFSBUILD11" duration="00:00:00.2023508" startTime="2015-09-28T09:43:55.2047197-07:00" endTime="2015-09-28T09:43:55.4078736-07:00" testType="13cdc9d9-ddb5-4fa4-a97d-d965ccfc6d4b" outcome="Passed" testListId="8c84fa94-04c1-424b-9868-57a2d4851a1d" relativeResultsDirectory="7d979c00-48a1-4a90-a8b2-5875ec119a18" />
    <UnitTestResult executionId="ead40e3d-c517-4e6a-97e6-e37ef67c30d2" testId="416ce7a6-fa2c-6ecf-0117-9810d0c20f8a" testName="WorkItemUpdates_UpdateWorkItem_EnglishCultureDoesNotAllowCommaDecimalPoint" computerName="TFSBUILD11" duration="00:00:00.1820338" startTime="2015-09-28T09:43:55.4078736-07:00" endTime="2015-09-28T09:43:55.5953739-07:00" testType="13cdc9d9-ddb5-4fa4-a97d-d965ccfc6d4b" outcome="Passed" testListId="8c84fa94-04c1-424b-9868-57a2d4851a1d" relativeResultsDirectory="ead40e3d-c517-4e6a-97e6-e37ef67c30d2" />
    <UnitTestResult executionId="1bc5b146-4ee8-47b1-adcd-2d0381044b11" testId="26fc017d-eed4-df07-3251-e7a360bf3924" testName="WorkItemUpdates_UpdateWorkItem_DateTimeStringsWithoutATimezoneAreTreatedAsUTC" computerName="TFSBUILD11" duration="00:00:00.2495781" startTime="2015-09-28T09:43:55.5953739-07:00" endTime="2015-09-28T09:43:55.8453922-07:00" testType="13cdc9d9-ddb5-4fa4-a97d-d965ccfc6d4b" outcome="Passed" testListId="8c84fa94-04c1-424b-9868-57a2d4851a1d" relativeResultsDirectory="1bc5b146-4ee8-47b1-adcd-2d0381044b11" />
    <UnitTestResult executionId="7951f6f5-74f3-440c-bbe3-f3baa656f3fe" testId="40a2a2fd-7e5d-3f08-0d4d-dae4c4026cde" testName="WorkItemUpdates_UpdateWorkItem_DateTimeStringsWithATimezoneAreHonoredAndConvertedToUTC" computerName="TFSBUILD11" duration="00:00:00.2386560" startTime="2015-09-28T09:43:55.8453922-07:00" endTime="2015-09-28T09:43:56.0797824-07:00" testType="13cdc9d9-ddb5-4fa4-a97d-d965ccfc6d4b" outcome="Passed" testListId="8c84fa94-04c1-424b-9868-57a2d4851a1d" relativeResultsDirectory="7951f6f5-74f3-440c-bbe3-f3baa656f3fe" />
    <UnitTestResult executionId="6d20cdf5-fde0-4bdc-8f76-dcc86b544460" testId="50200c15-54a0-68b5-bc0b-aa3ca300f7a8" testName="RealFakeComponent_UpdateWorkItem_UpdateWorkItemSucceeds" computerName="TFSBUILD11" duration="00:00:00.7399079" startTime="2015-09-28T09:43:56.0797824-07:00" endTime="2015-09-28T09:43:56.8142074-07:00" testType="13cdc9d9-ddb5-4fa4-a97d-d965ccfc6d4b" outcome="Passed" testListId="8c84fa94-04c1-424b-9868-57a2d4851a1d" relativeResultsDirectory="6d20cdf5-fde0-4bdc-8f76-dcc86b544460" />
    <UnitTestResult executionId="3a17faf3-9a4e-491f-b5b9-8b244db4ad0e" testId="3e3d12c6-d55d-1458-9837-09ccadb08a62" testName="WorkItemLinks_UpdateWorkItem_SuccessfulAddLink" computerName="TFSBUILD11" duration="00:00:00.1328645" startTime="2015-09-28T09:43:56.8142074-07:00" endTime="2015-09-28T09:43:56.9548424-07:00" testType="13cdc9d9-ddb5-4fa4-a97d-d965ccfc6d4b" outcome="Passed" testListId="8c84fa94-04c1-424b-9868-57a2d4851a1d" relativeResultsDirectory="3a17faf3-9a4e-491f-b5b9-8b244db4ad0e" />
    <UnitTestResult executionId="bc14e819-5e59-4f8b-a3ea-4ca817f3ba9e" testId="7f20623b-47f6-fd56-1055-89210a4a2b96" testName="WorkItemLinks_UpdateWorkItem_SuccessfulUpdateLink" computerName="TFSBUILD11" duration="00:00:00.1390094" startTime="2015-09-28T09:43:56.9548424-07:00" endTime="2015-09-28T09:43:57.0954771-07:00" testType="13cdc9d9-ddb5-4fa4-a97d-d965ccfc6d4b" outcome="Passed" testListId="8c84fa94-04c1-424b-9868-57a2d4851a1d" relativeResultsDirectory="bc14e819-5e59-4f8b-a3ea-4ca817f3ba9e" />
    <UnitTestResult executionId="3ce85a89-e026-47bf-942f-de9b1c247efd" testId="aa8e4171-b30e-5fa2-d5cf-492c8487d7e5" testName="WorkItemLinks_UpdateWorkItem_SuccessfulRemoveLink" computerName="TFSBUILD11" duration="00:00:00.1414968" startTime="2015-09-28T09:43:57.0954771-07:00" endTime="2015-09-28T09:43:57.2361121-07:00" testType="13cdc9d9-ddb5-4fa4-a97d-d965ccfc6d4b" outcome="Passed" testListId="8c84fa94-04c1-424b-9868-57a2d4851a1d" relativeResultsDirectory="3ce85a89-e026-47bf-942f-de9b1c247efd" />
    <UnitTestResult executionId="c012e913-10cf-4977-b7e3-b58f3bc84566" testId="eff044cd-a42f-f52b-e6ab-d5f940f2534e" testName="ResourceLinks_UpdateWorkItem_SuccessfulAddLink" computerName="TFSBUILD11" duration="00:00:00.1288769" startTime="2015-09-28T09:43:57.2361121-07:00" endTime="2015-09-28T09:43:57.3611207-07:00" testType="13cdc9d9-ddb5-4fa4-a97d-d965ccfc6d4b" outcome="Passed" testListId="8c84fa94-04c1-424b-9868-57a2d4851a1d" relativeResultsDirectory="c012e913-10cf-4977-b7e3-b58f3bc84566" />
    <UnitTestResult executionId="99ccdbc2-5446-4104-b254-94fb381660ed" testId="29ced50a-bddb-a7c9-48b8-997d4f12a566" testName="ResourceLinks_UpdateWorkItem_SuccessfulUpdateLink" computerName="TFSBUILD11" duration="00:00:00.1119360" startTime="2015-09-28T09:43:57.3611207-07:00" endTime="2015-09-28T09:43:57.4705038-07:00" testType="13cdc9d9-ddb5-4fa4-a97d-d965ccfc6d4b" outcome="Passed" testListId="8c84fa94-04c1-424b-9868-57a2d4851a1d" relativeResultsDirectory="99ccdbc2-5446-4104-b254-94fb381660ed" />
    <UnitTestResult executionId="1dc2254f-7f7c-40a0-bccb-cf1c773394c3" testId="c6d79338-1327-fc0a-5204-34f4892bf8d7" testName="ResourceLinks_UpdateWorkItem_SuccessfulRemoveLink" computerName="TFSBUILD11" duration="00:00:00.1118146" startTime="2015-09-28T09:43:57.4705038-07:00" endTime="2015-09-28T09:43:57.5955255-07:00" testType="13cdc9d9-ddb5-4fa4-a97d-d965ccfc6d4b" outcome="Passed" testListId="8c84fa94-04c1-424b-9868-57a2d4851a1d" relativeResultsDirectory="1dc2254f-7f7c-40a0-bccb-cf1c773394c3" />
    <UnitTestResult executionId="eea0ef89-dc03-40de-9208-cbb75aae7070" testId="85eca9f0-ded7-88a8-67c2-100c08ec91da" testName="ResourceLinks_UpdateWorkItem_InlineAttachmentExistsAndHasProjectId" computerName="TFSBUILD11" duration="00:00:00.0988533" startTime="2015-09-28T09:43:57.5955255-07:00" endTime="2015-09-28T09:43:57.6892690-07:00" testType="13cdc9d9-ddb5-4fa4-a97d-d965ccfc6d4b" outcome="Passed" testListId="8c84fa94-04c1-424b-9868-57a2d4851a1d" relativeResultsDirectory="eea0ef89-dc03-40de-9208-cbb75aae7070" />
    <UnitTestResult executionId="cc13249a-84db-4c00-a26b-40e10f48137f" testId="0b766dd1-8be6-8352-b43d-28280af84802" testName="TestHasFieldUpdate_HappyPath" computerName="TFSBUILD11" duration="00:00:00.0888457" startTime="2015-09-28T09:43:57.6892690-07:00" endTime="2015-09-28T09:43:57.7830260-07:00" testType="13cdc9d9-ddb5-4fa4-a97d-d965ccfc6d4b" outcome="Passed" testListId="8c84fa94-04c1-424b-9868-57a2d4851a1d" relativeResultsDirectory="cc13249a-84db-4c00-a26b-40e10f48137f" />
    <UnitTestResult executionId="89f856f3-d9d9-4163-8162-f5885706b2a2" testId="708c8da8-be68-be47-280c-fb791a95344b" testName="TestHasFieldUpdate_ReturnsFalse_NullFields" computerName="TFSBUILD11" duration="00:00:00.1377837" startTime="2015-09-28T09:43:57.7830260-07:00" endTime="2015-09-28T09:43:57.9080414-07:00" testType="13cdc9d9-ddb5-4fa4-a97d-d965ccfc6d4b" outcome="Passed" testListId="8c84fa94-04c1-424b-9868-57a2d4851a1d" relativeResultsDirectory="89f856f3-d9d9-4163-8162-f5885706b2a2" />
    <UnitTestResult executionId="b8b482cd-d351-45bc-8679-03f7baad6471" testId="6e56a140-14fe-e319-0105-cb95482328f2" testName="TestHasFieldUpdate_BadFieldId" computerName="TFSBUILD11" duration="00:00:00.1772113" startTime="2015-09-28T09:43:57.9080414-07:00" endTime="2015-09-28T09:43:58.0955502-07:00" testType="13cdc9d9-ddb5-4fa4-a97d-d965ccfc6d4b" outcome="Passed" testListId="8c84fa94-04c1-424b-9868-57a2d4851a1d" relativeResultsDirectory="b8b482cd-d351-45bc-8679-03f7baad6471" />
    <UnitTestResult executionId="725f072e-0cd5-412b-a20d-b88186f30cef" testId="151d55e1-63eb-f05e-f4e1-0a8655812b23" testName="TestUpdateDefaultFieldValues_IsNew_NoValuesProvided" computerName="TFSBUILD11" duration="00:00:00.2089900" startTime="2015-09-28T09:43:58.0955502-07:00" endTime="2015-09-28T09:43:58.2986874-07:00" testType="13cdc9d9-ddb5-4fa4-a97d-d965ccfc6d4b" outcome="Passed" testListId="8c84fa94-04c1-424b-9868-57a2d4851a1d" relativeResultsDirectory="725f072e-0cd5-412b-a20d-b88186f30cef" />
    <UnitTestResult executionId="1475f673-f94b-4a9b-84c4-5120e7a7d26c" testId="aaea174a-f054-35ec-b960-7c38834c7817" testName="TestUpdateDefaultFieldValues_IsNew_ValuesProvided" computerName="TFSBUILD11" duration="00:00:00.1800350" startTime="2015-09-28T09:43:58.2986874-07:00" endTime="2015-09-28T09:43:58.4862010-07:00" testType="13cdc9d9-ddb5-4fa4-a97d-d965ccfc6d4b" outcome="Passed" testListId="8c84fa94-04c1-424b-9868-57a2d4851a1d" relativeResultsDirectory="1475f673-f94b-4a9b-84c4-5120e7a7d26c" />
    <UnitTestResult executionId="acfb0b68-6573-4b35-a85c-a1e4c10aeff0" testId="4ba77c06-462e-a666-1463-71b65b21009e" testName="TestUpdateDefaultFieldValues_NotNew_NeedsNewRevision_HasValues" computerName="TFSBUILD11" duration="00:00:00.1732146" startTime="2015-09-28T09:43:58.4862010-07:00" endTime="2015-09-28T09:43:58.6580885-07:00" testType="13cdc9d9-ddb5-4fa4-a97d-d965ccfc6d4b" outcome="Passed" testListId="8c84fa94-04c1-424b-9868-57a2d4851a1d" relativeResultsDirectory="acfb0b68-6573-4b35-a85c-a1e4c10aeff0" />
    <UnitTestResult executionId="2583377f-7d6f-47eb-9108-aa64cdedda89" testId="d8e54a7b-13af-45b2-bd44-e426cb162a72" testName="TestUpdateDefaultFieldValues_BypassRulesEnabled" computerName="TFSBUILD11" duration="00:00:00.1669318" startTime="2015-09-28T09:43:58.6580885-07:00" endTime="2015-09-28T09:43:58.8299774-07:00" testType="13cdc9d9-ddb5-4fa4-a97d-d965ccfc6d4b" outcome="Passed" testListId="8c84fa94-04c1-424b-9868-57a2d4851a1d" relativeResultsDirectory="2583377f-7d6f-47eb-9108-aa64cdedda89" />
    <UnitTestResult executionId="6b12f935-f695-4b1c-b472-d9a400cead8a" testId="a314208f-bf99-2b30-8f46-8d877319f785" testName="GetFieldHistory_ReturnsCorrect" computerName="TFSBUILD11" duration="00:00:00.6853325" startTime="2015-09-28T09:43:58.8299774-07:00" endTime="2015-09-28T09:43:59.5019170-07:00" testType="13cdc9d9-ddb5-4fa4-a97d-d965ccfc6d4b" outcome="Passed" testListId="8c84fa94-04c1-424b-9868-57a2d4851a1d" relativeResultsDirectory="6b12f935-f695-4b1c-b472-d9a400cead8a" />
    <UnitTestResult executionId="9632b2a9-e0c0-4551-bcb7-25ea24b9629a" testId="c5abc0c7-16fb-5f5b-9773-5bace561c588" testName="GetFieldValuesHistory_IdRevPairs_ReturnsCorrect" computerName="TFSBUILD11" startTime="2015-09-28T09:43:59.5019170-07:00" endTime="2015-09-28T09:43:59.5019170-07:00" testType="13cdc9d9-ddb5-4fa4-a97d-d965ccfc6d4b" outcome="NotExecuted" testListId="8c84fa94-04c1-424b-9868-57a2d4851a1d" relativeResultsDirectory="9632b2a9-e0c0-4551-bcb7-25ea24b9629a" />
    <UnitTestResult executionId="bac48873-b899-459a-bd4e-90de2c47b22f" testId="178915d2-1eff-9e47-e0ba-160c5dee7f4e" testName="GetFieldValuesHistory_Watermark_ReturnsCorrect" computerName="TFSBUILD11" startTime="2015-09-28T09:43:59.5019170-07:00" endTime="2015-09-28T09:43:59.5019170-07:00" testType="13cdc9d9-ddb5-4fa4-a97d-d965ccfc6d4b" outcome="NotExecuted" testListId="8c84fa94-04c1-424b-9868-57a2d4851a1d" relativeResultsDirectory="bac48873-b899-459a-bd4e-90de2c47b22f" />
    <UnitTestResult executionId="2e717f96-818d-46ea-9f67-fbf3b22288c8" testId="35bbba96-43a5-5d9a-7480-c24430fd63fd" testName="GetFieldValuesHistory_IdentityFields_Valid" computerName="TFSBUILD11" duration="00:00:00.6421974" startTime="2015-09-28T09:43:59.5019170-07:00" endTime="2015-09-28T09:44:00.1581977-07:00" testType="13cdc9d9-ddb5-4fa4-a97d-d965ccfc6d4b" outcome="Passed" testListId="8c84fa94-04c1-424b-9868-57a2d4851a1d" relativeResultsDirectory="2e717f96-818d-46ea-9f67-fbf3b22288c8" />
    <UnitTestResult executionId="3d9fa129-b339-489d-935d-6059227e6538" testId="bdc8a40e-34e5-d965-1915-d713e3e3c575" testName="GetFieldValuesHistory_AreIterationIdFIelds_Valid" computerName="TFSBUILD11" duration="00:00:00.0478784" startTime="2015-09-28T09:44:00.1581977-07:00" endTime="2015-09-28T09:44:00.2050763-07:00" testType="13cdc9d9-ddb5-4fa4-a97d-d965ccfc6d4b" outcome="Passed" testListId="8c84fa94-04c1-424b-9868-57a2d4851a1d" relativeResultsDirectory="3d9fa129-b339-489d-935d-6059227e6538" />
    <UnitTestResult executionId="2d87fe35-1764-4578-bfaf-c2aec8d49b30" testId="5463efe6-3bf4-d5fe-75f9-46919d21235e" testName="GetFieldValuesHistory_NonIdentityFields_Valid" computerName="TFSBUILD11" duration="00:00:00.0464641" startTime="2015-09-28T09:44:00.2050763-07:00" endTime="2015-09-28T09:44:00.2519541-07:00" testType="13cdc9d9-ddb5-4fa4-a97d-d965ccfc6d4b" outcome="Passed" testListId="8c84fa94-04c1-424b-9868-57a2d4851a1d" relativeResultsDirectory="2d87fe35-1764-4578-bfaf-c2aec8d49b30" />
    <UnitTestResult executionId="c1addde0-cd46-42e9-aefb-016eb19074fb" testId="f0060ca0-901a-bfb8-385d-702cd2500642" testName="GetWorkItemDestroyHistory_ReturnsCorrect" computerName="TFSBUILD11" duration="00:00:00.0361795" startTime="2015-09-28T09:44:00.2519541-07:00" endTime="2015-09-28T09:44:00.2832063-07:00" testType="13cdc9d9-ddb5-4fa4-a97d-d965ccfc6d4b" outcome="Passed" testListId="8c84fa94-04c1-424b-9868-57a2d4851a1d" relativeResultsDirectory="c1addde0-cd46-42e9-aefb-016eb19074fb" />
    <UnitTestResult executionId="638fd6f6-d1cb-4033-a118-49aa4bf98112" testId="cb266949-60ec-fffc-a234-cef97bb4c4f0" testName="GetWorkItemLinkHistory_ReturnsCorrect" computerName="TFSBUILD11" duration="00:00:00.0317831" startTime="2015-09-28T09:44:00.2832063-07:00" endTime="2015-09-28T09:44:00.3144611-07:00" testType="13cdc9d9-ddb5-4fa4-a97d-d965ccfc6d4b" outcome="Passed" testListId="8c84fa94-04c1-424b-9868-57a2d4851a1d" relativeResultsDirectory="638fd6f6-d1cb-4033-a118-49aa4bf98112" />
    <UnitTestResult executionId="6ade99ce-ae0e-49bd-9174-52bb3f2042a9" testId="d82c15f3-3576-6867-a0fa-ff12394d8629" testName="GetWorkItemLinkTypeHistory_ReturnsCorrect" computerName="TFSBUILD11" duration="00:00:00.0305128" startTime="2015-09-28T09:44:00.3144611-07:00" endTime="2015-09-28T09:44:00.3457076-07:00" testType="13cdc9d9-ddb5-4fa4-a97d-d965ccfc6d4b" outcome="Passed" testListId="8c84fa94-04c1-424b-9868-57a2d4851a1d" relativeResultsDirectory="6ade99ce-ae0e-49bd-9174-52bb3f2042a9" />
    <UnitTestResult executionId="b31d6aa3-eb35-4a9c-85df-d4be6c1f55ea" testId="15c1de13-58ce-4b43-f0d1-2c90713c056b" testName="GetWorkItemTypeCategoryHistory_ReturnsCorrect" computerName="TFSBUILD11" duration="00:00:00.0445806" startTime="2015-09-28T09:44:00.3457076-07:00" endTime="2015-09-28T09:44:00.3925877-07:00" testType="13cdc9d9-ddb5-4fa4-a97d-d965ccfc6d4b" outcome="Passed" testListId="8c84fa94-04c1-424b-9868-57a2d4851a1d" relativeResultsDirectory="b31d6aa3-eb35-4a9c-85df-d4be6c1f55ea" />
    <UnitTestResult executionId="52f938c7-8f94-42a3-81ff-2576421ae98a" testId="db3672c4-9469-3207-2acd-ae8ef13e6a83" testName="GetWorkItemTypeCategoryMemberHistory_ReturnsCorrect" computerName="TFSBUILD11" duration="00:00:00.0446901" startTime="2015-09-28T09:44:00.3925877-07:00" endTime="2015-09-28T09:44:00.4394643-07:00" testType="13cdc9d9-ddb5-4fa4-a97d-d965ccfc6d4b" outcome="Passed" testListId="8c84fa94-04c1-424b-9868-57a2d4851a1d" relativeResultsDirectory="52f938c7-8f94-42a3-81ff-2576421ae98a" />
    <UnitTestResult executionId="d4fadc39-7ca7-4caf-b303-e7a3ae112c99" testId="7381c05d-af4d-95b7-35bb-b93a049fe7ef" testName="GetWorkItemTypeRenameHistory_ReturnsCorrect" computerName="TFSBUILD11" duration="00:00:00.0267471" startTime="2015-09-28T09:44:00.4394643-07:00" endTime="2015-09-28T09:44:00.4550901-07:00" testType="13cdc9d9-ddb5-4fa4-a97d-d965ccfc6d4b" outcome="Passed" testListId="8c84fa94-04c1-424b-9868-57a2d4851a1d" relativeResultsDirectory="d4fadc39-7ca7-4caf-b303-e7a3ae112c99" />
    <UnitTestResult executionId="ca3f2dc2-939d-4c46-899a-48e02605cb69" testId="acb5efd9-3146-8fc7-e1b1-11cbad93357f" testName="GetFieldHistory_NullRequestContext" computerName="TFSBUILD11" duration="00:00:00.0004866" startTime="2015-09-28T09:44:00.4550901-07:00" endTime="2015-09-28T09:44:00.4550901-07:00" testType="13cdc9d9-ddb5-4fa4-a97d-d965ccfc6d4b" outcome="Passed" testListId="8c84fa94-04c1-424b-9868-57a2d4851a1d" relativeResultsDirectory="ca3f2dc2-939d-4c46-899a-48e02605cb69" />
    <UnitTestResult executionId="1d889fea-5e26-40d1-8ba7-6528439b81cb" testId="5d678050-d729-e5a1-f269-206a3ed78a06" testName="GetFieldValuesHistory_IdRevPairs_NullRequestContext" computerName="TFSBUILD11" duration="00:00:00.0006021" startTime="2015-09-28T09:44:00.4550901-07:00" endTime="2015-09-28T09:44:00.4550901-07:00" testType="13cdc9d9-ddb5-4fa4-a97d-d965ccfc6d4b" outcome="Passed" testListId="8c84fa94-04c1-424b-9868-57a2d4851a1d" relativeResultsDirectory="1d889fea-5e26-40d1-8ba7-6528439b81cb" />
    <UnitTestResult executionId="6f3da31b-7cb7-4301-88ec-682e3f67c13c" testId="cb2572b6-5637-2f31-4486-64be9c34fb5d" testName="GetFieldValuesHistory_IdRevPairs_NullFieldReferences" computerName="TFSBUILD11" duration="00:00:00.0235024" startTime="2015-09-28T09:44:00.4550901-07:00" endTime="2015-09-28T09:44:00.4863426-07:00" testType="13cdc9d9-ddb5-4fa4-a97d-d965ccfc6d4b" outcome="Passed" testListId="8c84fa94-04c1-424b-9868-57a2d4851a1d" relativeResultsDirectory="6f3da31b-7cb7-4301-88ec-682e3f67c13c" />
    <UnitTestResult executionId="10ba9919-e737-4488-b3df-041c24d0b2de" testId="9c08d428-e691-3a10-26ac-b342a7f9d10c" testName="GetFieldValuesHistory_IdRevPairs_NullIdRevPairs" computerName="TFSBUILD11" duration="00:00:00.0223754" startTime="2015-09-28T09:44:00.4863426-07:00" endTime="2015-09-28T09:44:00.5019690-07:00" testType="13cdc9d9-ddb5-4fa4-a97d-d965ccfc6d4b" outcome="Passed" testListId="8c84fa94-04c1-424b-9868-57a2d4851a1d" relativeResultsDirectory="10ba9919-e737-4488-b3df-041c24d0b2de" />
    <UnitTestResult executionId="800e4182-4019-4846-b6d9-df233bc2e235" testId="d580b3b4-4608-b446-a700-66308751b21a" testName="GetFieldValuesHistory_Watermark_NullRequestContext" computerName="TFSBUILD11" duration="00:00:00.0005768" startTime="2015-09-28T09:44:00.5019690-07:00" endTime="2015-09-28T09:44:00.5019690-07:00" testType="13cdc9d9-ddb5-4fa4-a97d-d965ccfc6d4b" outcome="Passed" testListId="8c84fa94-04c1-424b-9868-57a2d4851a1d" relativeResultsDirectory="800e4182-4019-4846-b6d9-df233bc2e235" />
    <UnitTestResult executionId="e0a264ed-bffc-4f82-8a3b-490506ac2ab7" testId="c1e86b7b-c734-6640-dcc1-d41dbbf447bd" testName="GetFieldValuesHistory_Watermark_NullFieldReferences" computerName="TFSBUILD11" duration="00:00:00.0218191" startTime="2015-09-28T09:44:00.5019690-07:00" endTime="2015-09-28T09:44:00.5332207-07:00" testType="13cdc9d9-ddb5-4fa4-a97d-d965ccfc6d4b" outcome="Passed" testListId="8c84fa94-04c1-424b-9868-57a2d4851a1d" relativeResultsDirectory="e0a264ed-bffc-4f82-8a3b-490506ac2ab7" />
    <UnitTestResult executionId="cb687794-b20d-47f4-949a-86bb6c7b16a3" testId="6599d417-6cf9-d188-61aa-7d523c47a3ba" testName="GetWorkItemDestroyHistory_NullRequestContext" computerName="TFSBUILD11" duration="00:00:00.0005936" startTime="2015-09-28T09:44:00.5332207-07:00" endTime="2015-09-28T09:44:00.5332207-07:00" testType="13cdc9d9-ddb5-4fa4-a97d-d965ccfc6d4b" outcome="Passed" testListId="8c84fa94-04c1-424b-9868-57a2d4851a1d" relativeResultsDirectory="cb687794-b20d-47f4-949a-86bb6c7b16a3" />
    <UnitTestResult executionId="3f38697e-91df-4879-ab93-f222a103da38" testId="95f8077c-74fa-be2c-9c80-cb05ed928f91" testName="GetWorkItemLinkHistory_NullRequestContext" computerName="TFSBUILD11" duration="00:00:00.0005745" startTime="2015-09-28T09:44:00.5332207-07:00" endTime="2015-09-28T09:44:00.5332207-07:00" testType="13cdc9d9-ddb5-4fa4-a97d-d965ccfc6d4b" outcome="Passed" testListId="8c84fa94-04c1-424b-9868-57a2d4851a1d" relativeResultsDirectory="3f38697e-91df-4879-ab93-f222a103da38" />
    <UnitTestResult executionId="69b544a4-5776-4166-9546-6aa6d62badc9" testId="31023400-855b-630d-5653-fe15e5bbf0ea" testName="GetWorkItemLinkTypeHistory_NullRequestContext" computerName="TFSBUILD11" duration="00:00:00.0004181" startTime="2015-09-28T09:44:00.5332207-07:00" endTime="2015-09-28T09:44:00.5332207-07:00" testType="13cdc9d9-ddb5-4fa4-a97d-d965ccfc6d4b" outcome="Passed" testListId="8c84fa94-04c1-424b-9868-57a2d4851a1d" relativeResultsDirectory="69b544a4-5776-4166-9546-6aa6d62badc9" />
    <UnitTestResult executionId="a92e6812-22b8-48f9-9509-1b66e132d31b" testId="a6bba361-b493-8ad6-378a-35d8018262e8" testName="GetWorkItemTypeCategoryHistory_NullRequestContext" computerName="TFSBUILD11" duration="00:00:00.0004192" startTime="2015-09-28T09:44:00.5332207-07:00" endTime="2015-09-28T09:44:00.5332207-07:00" testType="13cdc9d9-ddb5-4fa4-a97d-d965ccfc6d4b" outcome="Passed" testListId="8c84fa94-04c1-424b-9868-57a2d4851a1d" relativeResultsDirectory="a92e6812-22b8-48f9-9509-1b66e132d31b" />
    <UnitTestResult executionId="9df2941e-4504-46b5-adae-f05c2a4bb531" testId="94c3dcfc-bf62-8727-ffda-fbb3cbd7d2a8" testName="GetWorkItemTypeCategoryMemberHistory_NullRequestContext" computerName="TFSBUILD11" duration="00:00:00.0004263" startTime="2015-09-28T09:44:00.5332207-07:00" endTime="2015-09-28T09:44:00.5332207-07:00" testType="13cdc9d9-ddb5-4fa4-a97d-d965ccfc6d4b" outcome="Passed" testListId="8c84fa94-04c1-424b-9868-57a2d4851a1d" relativeResultsDirectory="9df2941e-4504-46b5-adae-f05c2a4bb531" />
    <UnitTestResult executionId="b368d516-025e-4f69-b455-dc2d6caaf3a5" testId="c5981019-a71e-69c2-4483-265579011fcb" testName="GetWorkItemTypeRenameHistory_NullRequestContext" computerName="TFSBUILD11" duration="00:00:00.0004278" startTime="2015-09-28T09:44:00.5332207-07:00" endTime="2015-09-28T09:44:00.5332207-07:00" testType="13cdc9d9-ddb5-4fa4-a97d-d965ccfc6d4b" outcome="Passed" testListId="8c84fa94-04c1-424b-9868-57a2d4851a1d" relativeResultsDirectory="b368d516-025e-4f69-b455-dc2d6caaf3a5" />
    <UnitTestResult executionId="25cd52d3-8ea5-4d4e-bbeb-b58f71b9a0e2" testId="73e53c61-e733-10e7-3edc-2cd9125ec079" testName="TestRebuildTrendDataCaseInsensitive" computerName="TFSBUILD11" duration="00:00:00.2125833" startTime="2015-09-28T09:44:00.5332207-07:00" endTime="2015-09-28T09:44:00.7519888-07:00" testType="13cdc9d9-ddb5-4fa4-a97d-d965ccfc6d4b" outcome="Passed" testListId="8c84fa94-04c1-424b-9868-57a2d4851a1d" relativeResultsDirectory="25cd52d3-8ea5-4d4e-bbeb-b58f71b9a0e2" />
    <UnitTestResult executionId="39127dca-f197-4bd2-af6e-4e7b2ae30222" testId="bb37d330-70c9-107e-0d7c-0ddbf2a2b4e0" testName="TestRebuildTrendDataMarkerFieldChange" computerName="TFSBUILD11" duration="00:00:00.0093761" startTime="2015-09-28T09:44:00.7519888-07:00" endTime="2015-09-28T09:44:00.7676161-07:00" testType="13cdc9d9-ddb5-4fa4-a97d-d965ccfc6d4b" outcome="Passed" testListId="8c84fa94-04c1-424b-9868-57a2d4851a1d" relativeResultsDirectory="39127dca-f197-4bd2-af6e-4e7b2ae30222" />
    <UnitTestResult executionId="fbf433ac-b40f-43db-9d43-7ae2eed775e2" testId="cc3f134a-ea35-4647-935e-76cd07c6419e" testName="WillTransformAreaPathIdtoAreaPath" computerName="TFSBUILD11" duration="00:00:00.0699615" startTime="2015-09-28T09:44:00.7676161-07:00" endTime="2015-09-28T09:44:00.8301208-07:00" testType="13cdc9d9-ddb5-4fa4-a97d-d965ccfc6d4b" outcome="Passed" testListId="8c84fa94-04c1-424b-9868-57a2d4851a1d" relativeResultsDirectory="fbf433ac-b40f-43db-9d43-7ae2eed775e2" />
    <UnitTestResult executionId="d640c4e9-160a-4233-8caa-1aa46dee0aef" testId="187b02cb-2633-3708-02b0-cfe043ed495c" testName="WillNotTransformAreaPathIdtoAreaPath" computerName="TFSBUILD11" duration="00:00:00.1913789" startTime="2015-09-28T09:44:00.8301208-07:00" endTime="2015-09-28T09:44:01.0176390-07:00" testType="13cdc9d9-ddb5-4fa4-a97d-d965ccfc6d4b" outcome="Passed" testListId="8c84fa94-04c1-424b-9868-57a2d4851a1d" relativeResultsDirectory="d640c4e9-160a-4233-8caa-1aa46dee0aef" />
    <UnitTestResult executionId="8daa8bef-b5a0-4430-bcab-68c2ad727498" testId="390ba54f-e4b7-3434-086c-31b910079822" testName="WillTransformIterationPathIdtoIterationPath" computerName="TFSBUILD11" duration="00:00:00.1146994" startTime="2015-09-28T09:44:01.0176390-07:00" endTime="2015-09-28T09:44:01.1426453-07:00" testType="13cdc9d9-ddb5-4fa4-a97d-d965ccfc6d4b" outcome="Passed" testListId="8c84fa94-04c1-424b-9868-57a2d4851a1d" relativeResultsDirectory="8daa8bef-b5a0-4430-bcab-68c2ad727498" />
    <UnitTestResult executionId="7eb9fc20-2511-4e7a-8491-e1b770ce013c" testId="c5677a2b-9f8f-b253-8cb5-2e88230b7e30" testName="WillTransformIdToNames" computerName="TFSBUILD11" duration="00:00:00.1108841" startTime="2015-09-28T09:44:01.1426453-07:00" endTime="2015-09-28T09:44:01.2520266-07:00" testType="13cdc9d9-ddb5-4fa4-a97d-d965ccfc6d4b" outcome="Passed" testListId="8c84fa94-04c1-424b-9868-57a2d4851a1d" relativeResultsDirectory="7eb9fc20-2511-4e7a-8491-e1b770ce013c" />
    <UnitTestResult executionId="9058cb08-5b09-495f-aea5-5c20dd0d0b1e" testId="53493eb7-c642-45d8-c224-3c34ddfe836f" testName="WillTransformTfIdWithoutPrefix" computerName="TFSBUILD11" duration="00:00:00.0857188" startTime="2015-09-28T09:44:01.2520266-07:00" endTime="2015-09-28T09:44:01.3301575-07:00" testType="13cdc9d9-ddb5-4fa4-a97d-d965ccfc6d4b" outcome="Passed" testListId="8c84fa94-04c1-424b-9868-57a2d4851a1d" relativeResultsDirectory="9058cb08-5b09-495f-aea5-5c20dd0d0b1e" />
    <UnitTestResult executionId="3658462d-f991-4014-be50-47e989e45bea" testId="858a267f-ee6a-ae6d-b2b7-55d59022df5e" testName="WillNotTransformDisplayNameInComboDisplayNameMode" computerName="TFSBUILD11" duration="00:00:00.1774707" startTime="2015-09-28T09:44:01.3301575-07:00" endTime="2015-09-28T09:44:01.5176694-07:00" testType="13cdc9d9-ddb5-4fa4-a97d-d965ccfc6d4b" outcome="Passed" testListId="8c84fa94-04c1-424b-9868-57a2d4851a1d" relativeResultsDirectory="3658462d-f991-4014-be50-47e989e45bea" />
    <UnitTestResult executionId="43b105a7-d939-4772-83ba-b0001c7881ac" testId="a8f15b7b-f852-c4bf-5a75-111178ca387b" testName="WillTransformAmbiguousDisplayNameInDisplayNameMode" computerName="TFSBUILD11" duration="00:00:00.0640923" startTime="2015-09-28T09:44:01.5176694-07:00" endTime="2015-09-28T09:44:01.5801738-07:00" testType="13cdc9d9-ddb5-4fa4-a97d-d965ccfc6d4b" outcome="Passed" testListId="8c84fa94-04c1-424b-9868-57a2d4851a1d" relativeResultsDirectory="43b105a7-d939-4772-83ba-b0001c7881ac" />
    <UnitTestResult executionId="3ebe488b-d2dd-4379-a2df-5a40d187bb2c" testId="9fb9f77c-bc4d-ed12-a247-287885c138a2" testName="WillNotTransformAmbiguousDisplayNameInComboDisplayNameWhenNeededMode" computerName="TFSBUILD11" duration="00:00:00.0589686" startTime="2015-09-28T09:44:01.5801738-07:00" endTime="2015-09-28T09:44:01.6426786-07:00" testType="13cdc9d9-ddb5-4fa4-a97d-d965ccfc6d4b" outcome="Passed" testListId="8c84fa94-04c1-424b-9868-57a2d4851a1d" relativeResultsDirectory="3ebe488b-d2dd-4379-a2df-5a40d187bb2c" />
    <UnitTestResult executionId="4ccfd284-0d67-4b55-bcc5-5d4892955c03" testId="6e197431-339a-98dc-0c3f-28fbe51a8eef" testName="WillTransformUniqueDisplayNameInComboDisplayNameWhenNeededMode" computerName="TFSBUILD11" duration="00:00:00.0571015" startTime="2015-09-28T09:44:01.6426786-07:00" endTime="2015-09-28T09:44:01.6895563-07:00" testType="13cdc9d9-ddb5-4fa4-a97d-d965ccfc6d4b" outcome="Passed" testListId="8c84fa94-04c1-424b-9868-57a2d4851a1d" relativeResultsDirectory="4ccfd284-0d67-4b55-bcc5-5d4892955c03" />
    <UnitTestResult executionId="da10f82e-2f75-43f3-83aa-61f941290c64" testId="10da3d8a-2f5d-a9fd-8354-b201539f8502" testName="OperatorInNullValue" computerName="TFSBUILD11" duration="00:00:00.2822118" startTime="2015-09-28T09:44:01.6895563-07:00" endTime="2015-09-28T09:44:01.9864524-07:00" testType="13cdc9d9-ddb5-4fa4-a97d-d965ccfc6d4b" outcome="Passed" testListId="8c84fa94-04c1-424b-9868-57a2d4851a1d" relativeResultsDirectory="da10f82e-2f75-43f3-83aa-61f941290c64" />
    <UnitTestResult executionId="ae08caad-4713-40ec-b173-b8cecbe7c422" testId="428ce4aa-5d01-cd22-2135-98b662347fa7" testName="MaxDepthCheck" computerName="TFSBUILD11" duration="00:00:00.0291005" startTime="2015-09-28T09:44:01.9864524-07:00" endTime="2015-09-28T09:44:02.0020763-07:00" testType="13cdc9d9-ddb5-4fa4-a97d-d965ccfc6d4b" outcome="Passed" testListId="8c84fa94-04c1-424b-9868-57a2d4851a1d" relativeResultsDirectory="ae08caad-4713-40ec-b173-b8cecbe7c422" />
    <UnitTestResult executionId="e0919fe4-a450-49dc-b54e-a0060cd8cf14" testId="66dda5bd-0293-02f0-22c6-ad3bdfe47761" testName="InClauseMultipleValues" computerName="TFSBUILD11" duration="00:00:00.0185571" startTime="2015-09-28T09:44:02.0020763-07:00" endTime="2015-09-28T09:44:02.0333305-07:00" testType="13cdc9d9-ddb5-4fa4-a97d-d965ccfc6d4b" outcome="Passed" testListId="8c84fa94-04c1-424b-9868-57a2d4851a1d" relativeResultsDirectory="e0919fe4-a450-49dc-b54e-a0060cd8cf14" />
    <UnitTestResult executionId="b7a12a0f-e546-495c-b7ec-852f62eb3e36" testId="0184a854-dfa3-7343-69fa-255bec91f80a" testName="InClauseMultipleValuesWithNull" computerName="TFSBUILD11" duration="00:00:00.0129831" startTime="2015-09-28T09:44:02.0333305-07:00" endTime="2015-09-28T09:44:02.0333305-07:00" testType="13cdc9d9-ddb5-4fa4-a97d-d965ccfc6d4b" outcome="Passed" testListId="8c84fa94-04c1-424b-9868-57a2d4851a1d" relativeResultsDirectory="b7a12a0f-e546-495c-b7ec-852f62eb3e36" />
    <UnitTestResult executionId="35aa3f05-baea-4d06-939d-93190b713165" testId="db2b80bb-f61d-0269-2720-d3750dd0e675" testName="InClauseDupeValues" computerName="TFSBUILD11" duration="00:00:00.0128560" startTime="2015-09-28T09:44:02.0333305-07:00" endTime="2015-09-28T09:44:02.0489563-07:00" testType="13cdc9d9-ddb5-4fa4-a97d-d965ccfc6d4b" outcome="Passed" testListId="8c84fa94-04c1-424b-9868-57a2d4851a1d" relativeResultsDirectory="35aa3f05-baea-4d06-939d-93190b713165" />
    <UnitTestResult executionId="d9d4d1f5-b187-4c44-994f-243e5f42a5ed" testId="89d13d51-6b77-dddf-ecf3-555ad32208c7" testName="InClauseNullValuesOnly" computerName="TFSBUILD11" duration="00:00:00.0128733" startTime="2015-09-28T09:44:02.0489563-07:00" endTime="2015-09-28T09:44:02.0645841-07:00" testType="13cdc9d9-ddb5-4fa4-a97d-d965ccfc6d4b" outcome="Passed" testListId="8c84fa94-04c1-424b-9868-57a2d4851a1d" relativeResultsDirectory="d9d4d1f5-b187-4c44-994f-243e5f42a5ed" />
    <UnitTestResult executionId="b0a08fda-4c8e-4dc7-a7cf-0990a050f3c5" testId="69d9e3d2-5dfb-b3a8-553b-75b67d9ef6f6" testName="NotInClauseMultipleValues" computerName="TFSBUILD11" duration="00:00:00.0129649" startTime="2015-09-28T09:44:02.0645841-07:00" endTime="2015-09-28T09:44:02.0802083-07:00" testType="13cdc9d9-ddb5-4fa4-a97d-d965ccfc6d4b" outcome="Passed" testListId="8c84fa94-04c1-424b-9868-57a2d4851a1d" relativeResultsDirectory="b0a08fda-4c8e-4dc7-a7cf-0990a050f3c5" />
    <UnitTestResult executionId="08a9435a-be7a-476f-9d2d-b19a73664975" testId="eb8c06dc-d193-fb1a-cc60-e7f9450fd612" testName="NotInClauseMultipleValuesWithNull" computerName="TFSBUILD11" duration="00:00:00.0127666" startTime="2015-09-28T09:44:02.0802083-07:00" endTime="2015-09-28T09:44:02.0958341-07:00" testType="13cdc9d9-ddb5-4fa4-a97d-d965ccfc6d4b" outcome="Passed" testListId="8c84fa94-04c1-424b-9868-57a2d4851a1d" relativeResultsDirectory="08a9435a-be7a-476f-9d2d-b19a73664975" />
    <UnitTestResult executionId="dae4a505-e773-4b8a-a000-38de750de9c6" testId="1fb62975-e34d-8f60-364c-c9c7a9c01abb" testName="NotInClauseDupeValues" computerName="TFSBUILD11" duration="00:00:00.0137471" startTime="2015-09-28T09:44:02.0958341-07:00" endTime="2015-09-28T09:44:02.1114608-07:00" testType="13cdc9d9-ddb5-4fa4-a97d-d965ccfc6d4b" outcome="Passed" testListId="8c84fa94-04c1-424b-9868-57a2d4851a1d" relativeResultsDirectory="dae4a505-e773-4b8a-a000-38de750de9c6" />
    <UnitTestResult executionId="e3c81996-8460-4275-8898-d1074f6147a7" testId="b00af85e-b98f-55c2-6158-0e14de8cf263" testName="NotInClauseNullValuesOnly" computerName="TFSBUILD11" duration="00:00:00.0137244" startTime="2015-09-28T09:44:02.1114608-07:00" endTime="2015-09-28T09:44:02.1270849-07:00" testType="13cdc9d9-ddb5-4fa4-a97d-d965ccfc6d4b" outcome="Passed" testListId="8c84fa94-04c1-424b-9868-57a2d4851a1d" relativeResultsDirectory="e3c81996-8460-4275-8898-d1074f6147a7" />
    <UnitTestResult executionId="9a3d461a-04cb-474b-90b4-284a00e28b62" testId="c4730ab8-9d5f-8c0a-bbfd-d537b174bbf1" testName="OptimizationAndedExpressions" computerName="TFSBUILD11" duration="00:00:00.0291384" startTime="2015-09-28T09:44:02.1270849-07:00" endTime="2015-09-28T09:44:02.1427107-07:00" testType="13cdc9d9-ddb5-4fa4-a97d-d965ccfc6d4b" outcome="Passed" testListId="8c84fa94-04c1-424b-9868-57a2d4851a1d" relativeResultsDirectory="9a3d461a-04cb-474b-90b4-284a00e28b62" />
    <UnitTestResult executionId="60bdfca7-20bb-4161-b562-c92975da99a9" testId="c69328d4-a0f6-16ae-6e6b-c1f35efc3456" testName="OptimizationNotOptimizeAndedContainsExpressions" computerName="TFSBUILD11" duration="00:00:00.0348617" startTime="2015-09-28T09:44:02.1427107-07:00" endTime="2015-09-28T09:44:02.1895927-07:00" testType="13cdc9d9-ddb5-4fa4-a97d-d965ccfc6d4b" outcome="Passed" testListId="8c84fa94-04c1-424b-9868-57a2d4851a1d" relativeResultsDirectory="60bdfca7-20bb-4161-b562-c92975da99a9" />
    <UnitTestResult executionId="8118d66e-5c3e-4e77-a050-fe4e5c37583f" testId="78484ae8-ff33-7c28-be0b-ef442e4c5d75" testName="OptimizatioOredContainsExpressions" computerName="TFSBUILD11" duration="00:00:00.0250154" startTime="2015-09-28T09:44:02.1895927-07:00" endTime="2015-09-28T09:44:02.2052188-07:00" testType="13cdc9d9-ddb5-4fa4-a97d-d965ccfc6d4b" outcome="Passed" testListId="8c84fa94-04c1-424b-9868-57a2d4851a1d" relativeResultsDirectory="8118d66e-5c3e-4e77-a050-fe4e5c37583f" />
    <UnitTestResult executionId="a9a107e2-a905-433e-9c4f-9dd777018b68" testId="3f97bb7b-a4a4-6c60-8152-7383ef8f5389" testName="OptimizatioAndedNotContainsExpressions" computerName="TFSBUILD11" duration="00:00:00.0210835" startTime="2015-09-28T09:44:02.2052188-07:00" endTime="2015-09-28T09:44:02.2364705-07:00" testType="13cdc9d9-ddb5-4fa4-a97d-d965ccfc6d4b" outcome="Passed" testListId="8c84fa94-04c1-424b-9868-57a2d4851a1d" relativeResultsDirectory="a9a107e2-a905-433e-9c4f-9dd777018b68" />
    <UnitTestResult executionId="e5229294-cff5-461c-bde1-53f7796ef1dd" testId="978169bc-57a5-5169-fa4a-4732115fb42e" testName="OptimizationNotOptimizeAndGroups" computerName="TFSBUILD11" duration="00:00:00.0192386" startTime="2015-09-28T09:44:02.2364705-07:00" endTime="2015-09-28T09:44:02.2520963-07:00" testType="13cdc9d9-ddb5-4fa4-a97d-d965ccfc6d4b" outcome="Passed" testListId="8c84fa94-04c1-424b-9868-57a2d4851a1d" relativeResultsDirectory="e5229294-cff5-461c-bde1-53f7796ef1dd" />
    <UnitTestResult executionId="aba66474-776a-4a56-9389-3e515599284c" testId="eaf48920-42e2-838a-36a3-733b22a4b5d3" testName="InvalidTop" computerName="TFSBUILD11" duration="00:00:00.0184083" startTime="2015-09-28T09:44:02.2520963-07:00" endTime="2015-09-28T09:44:02.2677222-07:00" testType="13cdc9d9-ddb5-4fa4-a97d-d965ccfc6d4b" outcome="Passed" testListId="8c84fa94-04c1-424b-9868-57a2d4851a1d" relativeResultsDirectory="aba66474-776a-4a56-9389-3e515599284c" />
    <UnitTestResult executionId="3c80ea47-fb53-4445-a14b-91fed178797c" testId="70731a9e-5411-3ce8-e49e-a92378f1014b" testName="ValidQueryTopZero" computerName="TFSBUILD11" duration="00:00:00.0180889" startTime="2015-09-28T09:44:02.2677222-07:00" endTime="2015-09-28T09:44:02.2833494-07:00" testType="13cdc9d9-ddb5-4fa4-a97d-d965ccfc6d4b" outcome="Passed" testListId="8c84fa94-04c1-424b-9868-57a2d4851a1d" relativeResultsDirectory="3c80ea47-fb53-4445-a14b-91fed178797c" />
    <UnitTestResult executionId="97bea58a-72f0-4d66-a283-424d387d2452" testId="3dc77a65-c8f7-89ea-e67d-aa1810986bf8" testName="ValidQueryTopPositive" computerName="TFSBUILD11" duration="00:00:00.0182959" startTime="2015-09-28T09:44:02.2833494-07:00" endTime="2015-09-28T09:44:02.2989767-07:00" testType="13cdc9d9-ddb5-4fa4-a97d-d965ccfc6d4b" outcome="Passed" testListId="8c84fa94-04c1-424b-9868-57a2d4851a1d" relativeResultsDirectory="97bea58a-72f0-4d66-a283-424d387d2452" />
    <UnitTestResult executionId="37586450-9376-453c-bf08-7e709fc1aba0" testId="ec685961-3a45-2e7b-d11b-5167de4d97a0" testName="ValidQueryTopPositiveLargerThanServerSetting" computerName="TFSBUILD11" duration="00:00:00.0232387" startTime="2015-09-28T09:44:02.2989767-07:00" endTime="2015-09-28T09:44:02.3302272-07:00" testType="13cdc9d9-ddb5-4fa4-a97d-d965ccfc6d4b" outcome="Passed" testListId="8c84fa94-04c1-424b-9868-57a2d4851a1d" relativeResultsDirectory="37586450-9376-453c-bf08-7e709fc1aba0" />
    <UnitTestResult executionId="4629b7dc-36d9-4d6b-aea2-5cfc33a5dfd1" testId="d2aac943-45f5-eb78-2bb9-084031ff1fd4" testName="ValidQueryTopMax" computerName="TFSBUILD11" duration="00:00:00.0272377" startTime="2015-09-28T09:44:02.3302272-07:00" endTime="2015-09-28T09:44:02.3614760-07:00" testType="13cdc9d9-ddb5-4fa4-a97d-d965ccfc6d4b" outcome="Passed" testListId="8c84fa94-04c1-424b-9868-57a2d4851a1d" relativeResultsDirectory="4629b7dc-36d9-4d6b-aea2-5cfc33a5dfd1" />
    <UnitTestResult executionId="159df32c-84d3-4f17-b7b7-6250f21f89ac" testId="3a816a3c-d015-d516-8bb3-43eaa7336d4d" testName="TestAppendTextCheckPendingReclassificationEquals" computerName="TFSBUILD11" duration="00:00:00.0554625" startTime="2015-09-28T09:44:02.3614760-07:00" endTime="2015-09-28T09:44:02.4083554-07:00" testType="13cdc9d9-ddb5-4fa4-a97d-d965ccfc6d4b" outcome="Passed" testListId="8c84fa94-04c1-424b-9868-57a2d4851a1d" relativeResultsDirectory="159df32c-84d3-4f17-b7b7-6250f21f89ac" />
    <UnitTestResult executionId="85e7c104-63d8-427a-b329-2faccf85835a" testId="6b935f09-373e-d29d-842f-0f99d938c6fc" testName="TestAppendTextCheckPendingReclassificationNotEquals" computerName="TFSBUILD11" duration="00:00:00.0330742" startTime="2015-09-28T09:44:02.4083554-07:00" endTime="2015-09-28T09:44:02.4396077-07:00" testType="13cdc9d9-ddb5-4fa4-a97d-d965ccfc6d4b" outcome="Passed" testListId="8c84fa94-04c1-424b-9868-57a2d4851a1d" relativeResultsDirectory="85e7c104-63d8-427a-b329-2faccf85835a" />
    <UnitTestResult executionId="ad8c140f-0c03-4c9a-afef-af150f7a82e1" testId="da94d3ac-43af-36eb-6721-d81115d235e8" testName="TestCheckPartitionIdEmbeddedInQuery" computerName="TFSBUILD11" duration="00:00:00.0331880" startTime="2015-09-28T09:44:02.4396077-07:00" endTime="2015-09-28T09:44:02.4864863-07:00" testType="13cdc9d9-ddb5-4fa4-a97d-d965ccfc6d4b" outcome="Passed" testListId="8c84fa94-04c1-424b-9868-57a2d4851a1d" relativeResultsDirectory="ad8c140f-0c03-4c9a-afef-af150f7a82e1" />
    <UnitTestResult executionId="c796ac45-20ea-4e0b-acc4-c8828817f234" testId="1458c26e-c9fd-e8bc-f700-0847279f00ac" testName="TestAppendTextCheckPendingReclassificationSameNode" computerName="TFSBUILD11" duration="00:00:00.0341540" startTime="2015-09-28T09:44:02.4864863-07:00" endTime="2015-09-28T09:44:02.5177379-07:00" testType="13cdc9d9-ddb5-4fa4-a97d-d965ccfc6d4b" outcome="Passed" testListId="8c84fa94-04c1-424b-9868-57a2d4851a1d" relativeResultsDirectory="c796ac45-20ea-4e0b-acc4-c8828817f234" />
    <UnitTestResult executionId="f2a72cd7-9dba-4080-ade3-b57e3a2346c5" testId="5a9728bd-af80-e3f4-6126-b6c5e4482940" testName="NullRequestContext" computerName="TFSBUILD11" duration="00:00:00.0008655" startTime="2015-09-28T09:44:02.5177379-07:00" endTime="2015-09-28T09:44:02.5177379-07:00" testType="13cdc9d9-ddb5-4fa4-a97d-d965ccfc6d4b" outcome="Passed" testListId="8c84fa94-04c1-424b-9868-57a2d4851a1d" relativeResultsDirectory="f2a72cd7-9dba-4080-ade3-b57e3a2346c5" />
    <UnitTestResult executionId="4126dec2-f31f-4cd1-bb2d-79e752e360b6" testId="c1b55674-3015-ee6b-5f5b-b7e319e9c5b8" testName="SortFieldNull" computerName="TFSBUILD11" duration="00:00:00.0377181" startTime="2015-09-28T09:44:02.5177379-07:00" endTime="2015-09-28T09:44:02.5489904-07:00" testType="13cdc9d9-ddb5-4fa4-a97d-d965ccfc6d4b" outcome="Passed" testListId="8c84fa94-04c1-424b-9868-57a2d4851a1d" relativeResultsDirectory="4126dec2-f31f-4cd1-bb2d-79e752e360b6" />
    <UnitTestResult executionId="500aa194-9fe1-44f4-8e63-dc0aa92c933d" testId="3f54fc65-b286-07b5-21ff-7be8f5c85307" testName="SortFieldWorkItemQueryTableAliasNotLeft" computerName="TFSBUILD11" duration="00:00:00.0377488" startTime="2015-09-28T09:44:02.5489904-07:00" endTime="2015-09-28T09:44:02.5958693-07:00" testType="13cdc9d9-ddb5-4fa4-a97d-d965ccfc6d4b" outcome="Passed" testListId="8c84fa94-04c1-424b-9868-57a2d4851a1d" relativeResultsDirectory="500aa194-9fe1-44f4-8e63-dc0aa92c933d" />
    <UnitTestResult executionId="85302dc1-6900-4f11-90f7-fca3741e1ba6" testId="10697021-1c24-7ff7-307c-32098d24bb46" testName="SortFieldTreeQueryTableAliasNotLeft" computerName="TFSBUILD11" duration="00:00:00.0314455" startTime="2015-09-28T09:44:02.5958693-07:00" endTime="2015-09-28T09:44:02.6271201-07:00" testType="13cdc9d9-ddb5-4fa4-a97d-d965ccfc6d4b" outcome="Passed" testListId="8c84fa94-04c1-424b-9868-57a2d4851a1d" relativeResultsDirectory="85302dc1-6900-4f11-90f7-fca3741e1ba6" />
    <UnitTestResult executionId="fd312911-f151-445a-b6d8-cbbcebcc89fa" testId="49d14824-356f-224c-41eb-7d9cd0714e17" testName="SortFieldLinkTypeNotTableLink" computerName="TFSBUILD11" duration="00:00:00.0397160" startTime="2015-09-28T09:44:02.6271201-07:00" endTime="2015-09-28T09:44:02.6583732-07:00" testType="13cdc9d9-ddb5-4fa4-a97d-d965ccfc6d4b" outcome="Passed" testListId="8c84fa94-04c1-424b-9868-57a2d4851a1d" relativeResultsDirectory="fd312911-f151-445a-b6d8-cbbcebcc89fa" />
    <UnitTestResult executionId="a0737657-880d-4706-b99e-69b0ac1dcde5" testId="ae3dc229-2dde-8e9e-48cc-a7dbbadb40d2" testName="SortFieldTableLinkNotLinkType" computerName="TFSBUILD11" duration="00:00:00.0372035" startTime="2015-09-28T09:44:02.6583732-07:00" endTime="2015-09-28T09:44:02.7052518-07:00" testType="13cdc9d9-ddb5-4fa4-a97d-d965ccfc6d4b" outcome="Passed" testListId="8c84fa94-04c1-424b-9868-57a2d4851a1d" relativeResultsDirectory="a0737657-880d-4706-b99e-69b0ac1dcde5" />
    <UnitTestResult executionId="bc2ea71a-6f33-45d3-9bdc-2b58318f8a58" testId="9b5d3947-ebb8-fd1a-249d-e0bc2e7da0de" testName="SortFieldDupe" computerName="TFSBUILD11" duration="00:00:00.0355335" startTime="2015-09-28T09:44:02.7052518-07:00" endTime="2015-09-28T09:44:02.7365032-07:00" testType="13cdc9d9-ddb5-4fa4-a97d-d965ccfc6d4b" outcome="Passed" testListId="8c84fa94-04c1-424b-9868-57a2d4851a1d" relativeResultsDirectory="bc2ea71a-6f33-45d3-9bdc-2b58318f8a58" />
    <UnitTestResult executionId="a00aa833-6002-4792-b540-1a15301c4e52" testId="5182a799-6524-38c7-096f-1dddc9c98e72" testName="SortFieldDupeDifferentDescending" computerName="TFSBUILD11" duration="00:00:00.0416616" startTime="2015-09-28T09:44:02.7365032-07:00" endTime="2015-09-28T09:44:02.7833818-07:00" testType="13cdc9d9-ddb5-4fa4-a97d-d965ccfc6d4b" outcome="Passed" testListId="8c84fa94-04c1-424b-9868-57a2d4851a1d" relativeResultsDirectory="a00aa833-6002-4792-b540-1a15301c4e52" />
    <UnitTestResult executionId="819747c0-ce8a-4ac0-b2d8-6bd0064ca282" testId="a6f54a8b-b619-b1d7-e05c-6ad99a7e5124" testName="SortFieldNotDupeDifferentTable" computerName="TFSBUILD11" duration="00:00:00.0351330" startTime="2015-09-28T09:44:02.7833818-07:00" endTime="2015-09-28T09:44:02.8146343-07:00" testType="13cdc9d9-ddb5-4fa4-a97d-d965ccfc6d4b" outcome="Passed" testListId="8c84fa94-04c1-424b-9868-57a2d4851a1d" relativeResultsDirectory="819747c0-ce8a-4ac0-b2d8-6bd0064ca282" />
    <UnitTestResult executionId="a65ca55c-05d2-4d94-b3bc-3915296b6f1c" testId="bcf3d3d4-dfa3-b11e-43d2-55c88c8ec0ca" testName="AsOfNotUtc" computerName="TFSBUILD11" duration="00:00:00.0240659" startTime="2015-09-28T09:44:02.8146343-07:00" endTime="2015-09-28T09:44:02.8458877-07:00" testType="13cdc9d9-ddb5-4fa4-a97d-d965ccfc6d4b" outcome="Passed" testListId="8c84fa94-04c1-424b-9868-57a2d4851a1d" relativeResultsDirectory="a65ca55c-05d2-4d94-b3bc-3915296b6f1c" />
    <UnitTestResult executionId="1f91aa87-c550-46f8-8c65-3f46c54bbf91" testId="3d0671cd-c4be-f545-0154-62f69aa8bb1d" testName="AsOfOutofRange" computerName="TFSBUILD11" duration="00:00:00.0199702" startTime="2015-09-28T09:44:02.8458877-07:00" endTime="2015-09-28T09:44:02.8615147-07:00" testType="13cdc9d9-ddb5-4fa4-a97d-d965ccfc6d4b" outcome="Passed" testListId="8c84fa94-04c1-424b-9868-57a2d4851a1d" relativeResultsDirectory="1f91aa87-c550-46f8-8c65-3f46c54bbf91" />
    <UnitTestResult executionId="2326e7b9-1483-485a-a534-095b5030f374" testId="fa693faf-9709-443a-745f-b3d8feba4737" testName="InvalidQueryTypeRecursiveDoesNotContain" computerName="TFSBUILD11" duration="00:00:00.0244940" startTime="2015-09-28T09:44:02.8615147-07:00" endTime="2015-09-28T09:44:02.8771382-07:00" testType="13cdc9d9-ddb5-4fa4-a97d-d965ccfc6d4b" outcome="Passed" testListId="8c84fa94-04c1-424b-9868-57a2d4851a1d" relativeResultsDirectory="2326e7b9-1483-485a-a534-095b5030f374" />
    <UnitTestResult executionId="c347c87e-031e-4c9d-80cd-0676f6c13299" testId="8ed2f235-8cb3-0ad5-1712-c800d7bcd226" testName="InvalidQueryTypeRecursiveMustContain" computerName="TFSBUILD11" duration="00:00:00.0279372" startTime="2015-09-28T09:44:02.8771382-07:00" endTime="2015-09-28T09:44:02.9083933-07:00" testType="13cdc9d9-ddb5-4fa4-a97d-d965ccfc6d4b" outcome="Passed" testListId="8c84fa94-04c1-424b-9868-57a2d4851a1d" relativeResultsDirectory="c347c87e-031e-4c9d-80cd-0676f6c13299" />
    <UnitTestResult executionId="de97a8a8-36c3-43d2-a87e-67a6b1e05b3f" testId="51d3f288-7cf1-a48a-8f77-39e8d851990a" testName="LinkTypeNotExist" computerName="TFSBUILD11" duration="00:00:00.3852266" startTime="2015-09-28T09:44:02.9083933-07:00" endTime="2015-09-28T09:44:03.2990640-07:00" testType="13cdc9d9-ddb5-4fa4-a97d-d965ccfc6d4b" outcome="Passed" testListId="8c84fa94-04c1-424b-9868-57a2d4851a1d" relativeResultsDirectory="de97a8a8-36c3-43d2-a87e-67a6b1e05b3f" />
    <UnitTestResult executionId="4bd2d849-fa9f-4905-948f-da85e673e4a8" testId="65637b77-7b0f-7813-7907-487aaed154a4" testName="InvalidTreeTopology" computerName="TFSBUILD11" duration="00:00:00.0320593" startTime="2015-09-28T09:44:03.2990640-07:00" endTime="2015-09-28T09:44:03.3303153-07:00" testType="13cdc9d9-ddb5-4fa4-a97d-d965ccfc6d4b" outcome="Passed" testListId="8c84fa94-04c1-424b-9868-57a2d4851a1d" relativeResultsDirectory="4bd2d849-fa9f-4905-948f-da85e673e4a8" />
    <UnitTestResult executionId="e5d986ec-f8fb-4d39-9f50-fc4e1e76675d" testId="c350d705-297c-2f7c-59bd-4b575c87c299" testName="RecursionIdNotFarwardId" computerName="TFSBUILD11" duration="00:00:00.0305962" startTime="2015-09-28T09:44:03.3303153-07:00" endTime="2015-09-28T09:44:03.3615664-07:00" testType="13cdc9d9-ddb5-4fa4-a97d-d965ccfc6d4b" outcome="Passed" testListId="8c84fa94-04c1-424b-9868-57a2d4851a1d" relativeResultsDirectory="e5d986ec-f8fb-4d39-9f50-fc4e1e76675d" />
    <UnitTestResult executionId="3e29c504-46bd-4a12-9579-283f312fc132" testId="b77993e8-fe1d-c735-81b8-8902db4a2d6f" testName="TreeQueryAsOf" computerName="TFSBUILD11" duration="00:00:00.0299266" startTime="2015-09-28T09:44:03.3615664-07:00" endTime="2015-09-28T09:44:03.3928189-07:00" testType="13cdc9d9-ddb5-4fa4-a97d-d965ccfc6d4b" outcome="Passed" testListId="8c84fa94-04c1-424b-9868-57a2d4851a1d" relativeResultsDirectory="3e29c504-46bd-4a12-9579-283f312fc132" />
    <UnitTestResult executionId="aabfd145-2f28-4612-b6c8-232f15bf389a" testId="605da42c-5414-51f6-52a7-2cf1e588cf25" testName="TreeQueryAsOfDateTimes" computerName="TFSBUILD11" duration="00:00:00.0305745" startTime="2015-09-28T09:44:03.3928189-07:00" endTime="2015-09-28T09:44:03.4240695-07:00" testType="13cdc9d9-ddb5-4fa4-a97d-d965ccfc6d4b" outcome="Passed" testListId="8c84fa94-04c1-424b-9868-57a2d4851a1d" relativeResultsDirectory="aabfd145-2f28-4612-b6c8-232f15bf389a" />
    <UnitTestResult executionId="97a62100-760d-4676-a4f7-0f7c9e545a14" testId="11cc8c5c-cc4f-1ef0-a1b4-b29a78196669" testName="NullField" computerName="TFSBUILD11" duration="00:00:00.0307068" startTime="2015-09-28T09:44:03.4240695-07:00" endTime="2015-09-28T09:44:03.4553211-07:00" testType="13cdc9d9-ddb5-4fa4-a97d-d965ccfc6d4b" outcome="Passed" testListId="8c84fa94-04c1-424b-9868-57a2d4851a1d" relativeResultsDirectory="97a62100-760d-4676-a4f7-0f7c9e545a14" />
    <UnitTestResult executionId="be30fded-216a-4d63-afbe-b4a0c6335739" testId="b496a0e5-b2c5-20f1-8b05-eb90dfdf4d5e" testName="NullValue" computerName="TFSBUILD11" duration="00:00:00.0224323" startTime="2015-09-28T09:44:03.4553211-07:00" endTime="2015-09-28T09:44:03.4709478-07:00" testType="13cdc9d9-ddb5-4fa4-a97d-d965ccfc6d4b" outcome="Passed" testListId="8c84fa94-04c1-424b-9868-57a2d4851a1d" relativeResultsDirectory="be30fded-216a-4d63-afbe-b4a0c6335739" />
    <UnitTestResult executionId="d0af882c-be14-4191-848e-e5cf41b2bf6d" testId="c2979edc-2086-9a44-4a73-45c199cfbe53" testName="InvalidLinkTypeFieldInNotLinkGroup" computerName="TFSBUILD11" duration="00:00:00.0213017" startTime="2015-09-28T09:44:03.4709478-07:00" endTime="2015-09-28T09:44:03.5021989-07:00" testType="13cdc9d9-ddb5-4fa4-a97d-d965ccfc6d4b" outcome="Passed" testListId="8c84fa94-04c1-424b-9868-57a2d4851a1d" relativeResultsDirectory="d0af882c-be14-4191-848e-e5cf41b2bf6d" />
    <UnitTestResult executionId="ac8f40f7-31e8-4b28-b60e-cde6ad76abb6" testId="cd154ce7-6e21-f7c4-6e43-bea32106c011" testName="InvalidFieldInLinkGroup" computerName="TFSBUILD11" duration="00:00:00.0213708" startTime="2015-09-28T09:44:03.5021989-07:00" endTime="2015-09-28T09:44:03.5178247-07:00" testType="13cdc9d9-ddb5-4fa4-a97d-d965ccfc6d4b" outcome="Passed" testListId="8c84fa94-04c1-424b-9868-57a2d4851a1d" relativeResultsDirectory="ac8f40f7-31e8-4b28-b60e-cde6ad76abb6" />
    <UnitTestResult executionId="27e3f923-5ea4-47ed-9e22-e9678cb5bcb8" testId="5ec3f9fa-5e9d-7210-1e93-0d3f75f4f526" testName="InvalidExpandConstants" computerName="TFSBUILD11" duration="00:00:00.0226954" startTime="2015-09-28T09:44:03.5178247-07:00" endTime="2015-09-28T09:44:03.5490772-07:00" testType="13cdc9d9-ddb5-4fa4-a97d-d965ccfc6d4b" outcome="Passed" testListId="8c84fa94-04c1-424b-9868-57a2d4851a1d" relativeResultsDirectory="27e3f923-5ea4-47ed-9e22-e9678cb5bcb8" />
    <UnitTestResult executionId="288eddbd-463a-4376-812a-452ec0c7aa21" testId="036ce27f-69f0-653b-832c-df9de81fb862" testName="InvalidEverContains" computerName="TFSBUILD11" duration="00:00:00.0216245" startTime="2015-09-28T09:44:03.5490772-07:00" endTime="2015-09-28T09:44:03.5647059-07:00" testType="13cdc9d9-ddb5-4fa4-a97d-d965ccfc6d4b" outcome="Passed" testListId="8c84fa94-04c1-424b-9868-57a2d4851a1d" relativeResultsDirectory="288eddbd-463a-4376-812a-452ec0c7aa21" />
    <UnitTestResult executionId="e1fd8735-9dbc-4702-835d-5519a969840a" testId="3284d3c2-7679-9eb4-bfe8-977b1daab10e" testName="InvalidContainsOperatorForField" computerName="TFSBUILD11" duration="00:00:00.0272574" startTime="2015-09-28T09:44:03.5647059-07:00" endTime="2015-09-28T09:44:03.5959564-07:00" testType="13cdc9d9-ddb5-4fa4-a97d-d965ccfc6d4b" outcome="Passed" testListId="8c84fa94-04c1-424b-9868-57a2d4851a1d" relativeResultsDirectory="e1fd8735-9dbc-4702-835d-5519a969840a" />
    <UnitTestResult executionId="e4354ac9-7b19-4e92-8106-04257697208c" testId="0804c8e1-3754-adb7-4a21-311cb60b2ead" testName="InvalidLongTextOperation" computerName="TFSBUILD11" duration="00:00:00.0195540" startTime="2015-09-28T09:44:03.5959564-07:00" endTime="2015-09-28T09:44:03.6115805-07:00" testType="13cdc9d9-ddb5-4fa4-a97d-d965ccfc6d4b" outcome="Passed" testListId="8c84fa94-04c1-424b-9868-57a2d4851a1d" relativeResultsDirectory="e4354ac9-7b19-4e92-8106-04257697208c" />
    <UnitTestResult executionId="801ddaf9-eb26-4137-94a5-d778cec1b8a1" testId="d2c4f2a8-f778-2bc7-5223-fa3e696c74c4" testName="InvalidValieTypeforUnderOperator" computerName="TFSBUILD11" duration="00:00:00.0191982" startTime="2015-09-28T09:44:03.6115805-07:00" endTime="2015-09-28T09:44:03.6272063-07:00" testType="13cdc9d9-ddb5-4fa4-a97d-d965ccfc6d4b" outcome="Passed" testListId="8c84fa94-04c1-424b-9868-57a2d4851a1d" relativeResultsDirectory="801ddaf9-eb26-4137-94a5-d778cec1b8a1" />
    <UnitTestResult executionId="39ad1c76-1673-4f43-ad0d-2666f88674c4" testId="1c99eace-2c6c-c8e0-0513-e1e8f81e2847" testName="InvalidContainsValueNotString" computerName="TFSBUILD11" duration="00:00:00.0488762" startTime="2015-09-28T09:44:03.6272063-07:00" endTime="2015-09-28T09:44:03.6740850-07:00" testType="13cdc9d9-ddb5-4fa4-a97d-d965ccfc6d4b" outcome="Passed" testListId="8c84fa94-04c1-424b-9868-57a2d4851a1d" relativeResultsDirectory="39ad1c76-1673-4f43-ad0d-2666f88674c4" />
    <UnitTestResult executionId="a47db26b-9e70-40c2-9b92-f689eaa4ce79" testId="3fbfae66-8300-514e-4a9d-9e1490232f1e" testName="InvalidContainsStringValueNull" computerName="TFSBUILD11" duration="00:00:00.1019216" startTime="2015-09-28T09:44:03.6740850-07:00" endTime="2015-09-28T09:44:03.7834723-07:00" testType="13cdc9d9-ddb5-4fa4-a97d-d965ccfc6d4b" outcome="Passed" testListId="8c84fa94-04c1-424b-9868-57a2d4851a1d" relativeResultsDirectory="a47db26b-9e70-40c2-9b92-f689eaa4ce79" />
    <UnitTestResult executionId="405bdaac-27ad-4291-9d52-b0b7f8b153ae" testId="0a2e68b2-e202-e496-73e8-ae06b07268cc" testName="InvalidContainsStringValueEmpty" computerName="TFSBUILD11" duration="00:00:00.0565929" startTime="2015-09-28T09:44:03.7834723-07:00" endTime="2015-09-28T09:44:03.8459608-07:00" testType="13cdc9d9-ddb5-4fa4-a97d-d965ccfc6d4b" outcome="Passed" testListId="8c84fa94-04c1-424b-9868-57a2d4851a1d" relativeResultsDirectory="405bdaac-27ad-4291-9d52-b0b7f8b153ae" />
    <UnitTestResult executionId="47e8bb3b-2b61-4b0f-b157-fdbe9ba0371c" testId="b36027ae-21c0-2028-0d45-e0e69954158d" testName="ValidContainsStringValueEmptyStringField" computerName="TFSBUILD11" duration="00:00:00.0384130" startTime="2015-09-28T09:44:03.8459608-07:00" endTime="2015-09-28T09:44:03.8772173-07:00" testType="13cdc9d9-ddb5-4fa4-a97d-d965ccfc6d4b" outcome="Passed" testListId="8c84fa94-04c1-424b-9868-57a2d4851a1d" relativeResultsDirectory="47e8bb3b-2b61-4b0f-b157-fdbe9ba0371c" />
    <UnitTestResult executionId="854a9cd1-0e71-474c-867b-5fe1807694a8" testId="afd66819-33e5-ec93-71dc-1db4620ca516" testName="InvalidContainsStringValueTooLong" computerName="TFSBUILD11" duration="00:00:00.0507536" startTime="2015-09-28T09:44:03.8772173-07:00" endTime="2015-09-28T09:44:03.9240885-07:00" testType="13cdc9d9-ddb5-4fa4-a97d-d965ccfc6d4b" outcome="Passed" testListId="8c84fa94-04c1-424b-9868-57a2d4851a1d" relativeResultsDirectory="854a9cd1-0e71-474c-867b-5fe1807694a8" />
    <UnitTestResult executionId="5b4367a2-5c5f-45a0-994a-3557bc272aaf" testId="926c0220-c53d-7672-d3d2-31ce9dfb7c7d" testName="ValidEqualsStringValueWithBraces" computerName="TFSBUILD11" duration="00:00:00.0480718" startTime="2015-09-28T09:44:03.9240885-07:00" endTime="2015-09-28T09:44:03.9709671-07:00" testType="13cdc9d9-ddb5-4fa4-a97d-d965ccfc6d4b" outcome="Passed" testListId="8c84fa94-04c1-424b-9868-57a2d4851a1d" relativeResultsDirectory="5b4367a2-5c5f-45a0-994a-3557bc272aaf" />
    <UnitTestResult executionId="01e1e7b2-cff9-40f4-810f-1d15ae1cec92" testId="12733265-2b7d-c237-de30-abba24d913c3" testName="ValidContainsStringValueWithBraces" computerName="TFSBUILD11" duration="00:00:00.0547580" startTime="2015-09-28T09:44:03.9709671-07:00" endTime="2015-09-28T09:44:04.0334719-07:00" testType="13cdc9d9-ddb5-4fa4-a97d-d965ccfc6d4b" outcome="Passed" testListId="8c84fa94-04c1-424b-9868-57a2d4851a1d" relativeResultsDirectory="01e1e7b2-cff9-40f4-810f-1d15ae1cec92" />
    <UnitTestResult executionId="4fd49d73-21bb-48a2-bf51-9d73231c540a" testId="20475238-b981-a68b-554a-e84863b56a8f" testName="ValidContainsLongTextValueWithBraces" computerName="TFSBUILD11" duration="00:00:00.0406359" startTime="2015-09-28T09:44:04.0334719-07:00" endTime="2015-09-28T09:44:04.0803493-07:00" testType="13cdc9d9-ddb5-4fa4-a97d-d965ccfc6d4b" outcome="Passed" testListId="8c84fa94-04c1-424b-9868-57a2d4851a1d" relativeResultsDirectory="4fd49d73-21bb-48a2-bf51-9d73231c540a" />
    <UnitTestResult executionId="ac72aa9b-67f6-44ab-b5a2-00b157bca382" testId="e6262c96-c548-cf06-2326-1fc153c69a8a" testName="ValidInStringValueWithBraces" computerName="TFSBUILD11" duration="00:00:00.0373312" startTime="2015-09-28T09:44:04.0803493-07:00" endTime="2015-09-28T09:44:04.1116016-07:00" testType="13cdc9d9-ddb5-4fa4-a97d-d965ccfc6d4b" outcome="Passed" testListId="8c84fa94-04c1-424b-9868-57a2d4851a1d" relativeResultsDirectory="ac72aa9b-67f6-44ab-b5a2-00b157bca382" />
    <UnitTestResult executionId="fcce44d4-356c-4624-b44f-d02e028d37ad" testId="a809f516-248c-d032-4bb7-1a2519e87e5c" testName="InvalidTagName" computerName="TFSBUILD11" duration="00:00:00.0339059" startTime="2015-09-28T09:44:04.1116016-07:00" endTime="2015-09-28T09:44:04.1428538-07:00" testType="13cdc9d9-ddb5-4fa4-a97d-d965ccfc6d4b" outcome="Passed" testListId="8c84fa94-04c1-424b-9868-57a2d4851a1d" relativeResultsDirectory="fcce44d4-356c-4624-b44f-d02e028d37ad" />
    <UnitTestResult executionId="65ae18d7-b0a2-4912-8a07-f4c8c587e3d2" testId="15c585f4-2ae2-9f85-3808-ab297c3b63f5" testName="ValidateLongTextOptimizationEverable" computerName="TFSBUILD11" duration="00:00:00.0329431" startTime="2015-09-28T09:44:04.1428538-07:00" endTime="2015-09-28T09:44:04.1741057-07:00" testType="13cdc9d9-ddb5-4fa4-a97d-d965ccfc6d4b" outcome="Passed" testListId="8c84fa94-04c1-424b-9868-57a2d4851a1d" relativeResultsDirectory="65ae18d7-b0a2-4912-8a07-f4c8c587e3d2" />
    <UnitTestResult executionId="1a133e6d-60fc-4f23-a986-7edaa25a8109" testId="599225d3-512c-0a68-111e-8dc88ea17e1d" testName="ValidateLongTextOptimizationNegated" computerName="TFSBUILD11" duration="00:00:00.0278939" startTime="2015-09-28T09:44:04.1741057-07:00" endTime="2015-09-28T09:44:04.2053577-07:00" testType="13cdc9d9-ddb5-4fa4-a97d-d965ccfc6d4b" outcome="Passed" testListId="8c84fa94-04c1-424b-9868-57a2d4851a1d" relativeResultsDirectory="1a133e6d-60fc-4f23-a986-7edaa25a8109" />
    <UnitTestResult executionId="7e25f4fa-b6ef-4b81-bbb9-5f05999ac42f" testId="a1cd6630-a133-c992-2029-e7b837c8a5b8" testName="ValidateLongTextOptimizationContainsNotContainsWords" computerName="TFSBUILD11" duration="00:00:00.0331379" startTime="2015-09-28T09:44:04.2053577-07:00" endTime="2015-09-28T09:44:04.2366096-07:00" testType="13cdc9d9-ddb5-4fa4-a97d-d965ccfc6d4b" outcome="Passed" testListId="8c84fa94-04c1-424b-9868-57a2d4851a1d" relativeResultsDirectory="7e25f4fa-b6ef-4b81-bbb9-5f05999ac42f" />
    <UnitTestResult executionId="41912e9a-ff8b-496f-92c6-f22cd905d3eb" testId="69b1906e-d8de-7174-42e6-f219df039bf0" testName="ValidateLongTextOptimizationContainsNotQueryAsText" computerName="TFSBUILD11" duration="00:00:00.0309400" startTime="2015-09-28T09:44:04.2366096-07:00" endTime="2015-09-28T09:44:04.2678621-07:00" testType="13cdc9d9-ddb5-4fa4-a97d-d965ccfc6d4b" outcome="Passed" testListId="8c84fa94-04c1-424b-9868-57a2d4851a1d" relativeResultsDirectory="41912e9a-ff8b-496f-92c6-f22cd905d3eb" />
    <UnitTestResult executionId="c958e0f4-7259-4408-9dc7-5a227260a6fa" testId="520915ae-eab2-18e4-c9c7-eee056ba33b5" testName="ValidateLongTextOptimizationContainsFullTextNotEnabled" computerName="TFSBUILD11" duration="00:00:00.0247002" startTime="2015-09-28T09:44:04.2678621-07:00" endTime="2015-09-28T09:44:04.2991146-07:00" testType="13cdc9d9-ddb5-4fa4-a97d-d965ccfc6d4b" outcome="Passed" testListId="8c84fa94-04c1-424b-9868-57a2d4851a1d" relativeResultsDirectory="c958e0f4-7259-4408-9dc7-5a227260a6fa" />
    <UnitTestResult executionId="5c617644-9e71-49b8-9843-50cccf13429f" testId="265a77df-8221-8059-a51e-fc83f43e848f" testName="DateTimeValueBecomesUtc" computerName="TFSBUILD11" duration="00:00:00.0249238" startTime="2015-09-28T09:44:04.2991146-07:00" endTime="2015-09-28T09:44:04.3303663-07:00" testType="13cdc9d9-ddb5-4fa4-a97d-d965ccfc6d4b" outcome="Passed" testListId="8c84fa94-04c1-424b-9868-57a2d4851a1d" relativeResultsDirectory="5c617644-9e71-49b8-9843-50cccf13429f" />
    <UnitTestResult executionId="75a5edf1-42f1-4efb-8272-708a83bb3a16" testId="ab697e2c-aec9-6c9f-a286-b6798a93a6fd" testName="InvalidValueDateTimeOurOfRange" computerName="TFSBUILD11" duration="00:00:00.0239954" startTime="2015-09-28T09:44:04.3303663-07:00" endTime="2015-09-28T09:44:04.3459924-07:00" testType="13cdc9d9-ddb5-4fa4-a97d-d965ccfc6d4b" outcome="Passed" testListId="8c84fa94-04c1-424b-9868-57a2d4851a1d" relativeResultsDirectory="75a5edf1-42f1-4efb-8272-708a83bb3a16" />
    <UnitTestResult executionId="f81c2bbf-1bc1-4394-91ba-839fd07b8ce6" testId="2fa199c1-92c8-ad65-30aa-225806e27e49" testName="ColumnValueIsNull" computerName="TFSBUILD11" duration="00:00:00.0236011" startTime="2015-09-28T09:44:04.3459924-07:00" endTime="2015-09-28T09:44:04.3772446-07:00" testType="13cdc9d9-ddb5-4fa4-a97d-d965ccfc6d4b" outcome="Passed" testListId="8c84fa94-04c1-424b-9868-57a2d4851a1d" relativeResultsDirectory="f81c2bbf-1bc1-4394-91ba-839fd07b8ce6" />
    <UnitTestResult executionId="d2d80fbe-d29e-475a-984b-d9987cdf8e6d" testId="34e20121-2af6-6945-9517-33fcdce3a657" testName="ColumnValueFieldIsNull" computerName="TFSBUILD11" duration="00:00:00.0211145" startTime="2015-09-28T09:44:04.3772446-07:00" endTime="2015-09-28T09:44:04.3928707-07:00" testType="13cdc9d9-ddb5-4fa4-a97d-d965ccfc6d4b" outcome="Passed" testListId="8c84fa94-04c1-424b-9868-57a2d4851a1d" relativeResultsDirectory="d2d80fbe-d29e-475a-984b-d9987cdf8e6d" />
    <UnitTestResult executionId="8e04844a-6980-4e96-b6b0-5ede4a81f722" testId="34b2ab82-a2d5-86f1-1a3f-1513d346d1d1" testName="ColumnValueFieldIsLongText" computerName="TFSBUILD11" duration="00:00:00.0273538" startTime="2015-09-28T09:44:04.3928707-07:00" endTime="2015-09-28T09:44:04.4241229-07:00" testType="13cdc9d9-ddb5-4fa4-a97d-d965ccfc6d4b" outcome="Passed" testListId="8c84fa94-04c1-424b-9868-57a2d4851a1d" relativeResultsDirectory="8e04844a-6980-4e96-b6b0-5ede4a81f722" />
    <UnitTestResult executionId="952030e3-e51c-4485-93ed-be4673e631ed" testId="58a08754-d3f9-3581-d8af-12e3cbe8eac9" testName="ArrayValueNotInOrTag" computerName="TFSBUILD11" duration="00:00:00.0217437" startTime="2015-09-28T09:44:04.4241229-07:00" endTime="2015-09-28T09:44:04.4397490-07:00" testType="13cdc9d9-ddb5-4fa4-a97d-d965ccfc6d4b" outcome="Passed" testListId="8c84fa94-04c1-424b-9868-57a2d4851a1d" relativeResultsDirectory="952030e3-e51c-4485-93ed-be4673e631ed" />
    <UnitTestResult executionId="6053b36e-f751-475b-8181-3616c5885c0d" testId="385bfbab-359c-4fbb-cee6-c2fe868ddeef" testName="ArrayValueIsNull" computerName="TFSBUILD11" duration="00:00:00.0215756" startTime="2015-09-28T09:44:04.4397490-07:00" endTime="2015-09-28T09:44:04.4710010-07:00" testType="13cdc9d9-ddb5-4fa4-a97d-d965ccfc6d4b" outcome="Passed" testListId="8c84fa94-04c1-424b-9868-57a2d4851a1d" relativeResultsDirectory="6053b36e-f751-475b-8181-3616c5885c0d" />
    <UnitTestResult executionId="fd825761-4858-42c2-9bca-55975da358ec" testId="262bb660-0ace-caa8-60fa-c4225f8bf406" testName="ArrayValueIsEmpty" computerName="TFSBUILD11" duration="00:00:00.0199915" startTime="2015-09-28T09:44:04.4710010-07:00" endTime="2015-09-28T09:44:04.4866274-07:00" testType="13cdc9d9-ddb5-4fa4-a97d-d965ccfc6d4b" outcome="Passed" testListId="8c84fa94-04c1-424b-9868-57a2d4851a1d" relativeResultsDirectory="fd825761-4858-42c2-9bca-55975da358ec" />
    <UnitTestResult executionId="ada7fe94-5308-4864-8837-f36a0fd5cb41" testId="b3b7a6fc-026b-a639-84ae-1cbe51ac3c36" testName="ArrayValueNested" computerName="TFSBUILD11" duration="00:00:00.0191794" startTime="2015-09-28T09:44:04.4866274-07:00" endTime="2015-09-28T09:44:04.5022532-07:00" testType="13cdc9d9-ddb5-4fa4-a97d-d965ccfc6d4b" outcome="Passed" testListId="8c84fa94-04c1-424b-9868-57a2d4851a1d" relativeResultsDirectory="ada7fe94-5308-4864-8837-f36a0fd5cb41" />
    <UnitTestResult executionId="6f4de548-a3d7-4e8d-8939-c5a550dd09d8" testId="3bf636c4-0b35-84f1-7dbd-9b81cc1bd6fa" testName="ArrayValueNotSameType" computerName="TFSBUILD11" duration="00:00:00.0192212" startTime="2015-09-28T09:44:04.5022532-07:00" endTime="2015-09-28T09:44:04.5178793-07:00" testType="13cdc9d9-ddb5-4fa4-a97d-d965ccfc6d4b" outcome="Passed" testListId="8c84fa94-04c1-424b-9868-57a2d4851a1d" relativeResultsDirectory="6f4de548-a3d7-4e8d-8939-c5a550dd09d8" />
    <UnitTestResult executionId="e0fe8418-5f9d-4e8a-87b6-2c00dd3f9b1b" testId="24ef3648-9deb-25cd-bbad-1b5db836c824" testName="LogicalExpressionNoChild" computerName="TFSBUILD11" duration="00:00:00.0234418" startTime="2015-09-28T09:44:04.5178793-07:00" endTime="2015-09-28T09:44:04.5491318-07:00" testType="13cdc9d9-ddb5-4fa4-a97d-d965ccfc6d4b" outcome="Passed" testListId="8c84fa94-04c1-424b-9868-57a2d4851a1d" relativeResultsDirectory="e0fe8418-5f9d-4e8a-87b6-2c00dd3f9b1b" />
    <UnitTestResult executionId="bec38c9a-437f-4ee9-9342-720d7781b2af" testId="9186806c-b188-6f42-65d3-d516f8b40c01" testName="LogicalExpressionNullChild" computerName="TFSBUILD11" duration="00:00:00.0176887" startTime="2015-09-28T09:44:04.5491318-07:00" endTime="2015-09-28T09:44:04.5647579-07:00" testType="13cdc9d9-ddb5-4fa4-a97d-d965ccfc6d4b" outcome="Passed" testListId="8c84fa94-04c1-424b-9868-57a2d4851a1d" relativeResultsDirectory="bec38c9a-437f-4ee9-9342-720d7781b2af" />
    <UnitTestResult executionId="4b60b3e5-d2fb-4f26-8d41-5ee133d0c847" testId="d5899a32-adc6-1efa-957e-8334cec72b28" testName="LogicalExpressionNodeReplaced" computerName="TFSBUILD11" duration="00:00:00.0179447" startTime="2015-09-28T09:44:04.5647579-07:00" endTime="2015-09-28T09:44:04.5803835-07:00" testType="13cdc9d9-ddb5-4fa4-a97d-d965ccfc6d4b" outcome="Passed" testListId="8c84fa94-04c1-424b-9868-57a2d4851a1d" relativeResultsDirectory="4b60b3e5-d2fb-4f26-8d41-5ee133d0c847" />
    <UnitTestResult executionId="32c3816f-b25c-4496-a0d6-f495a1f34fc0" testId="43dd8d28-dadd-9d06-c959-1df67ca43387" testName="CombineExpressionNodesAnd" computerName="TFSBUILD11" duration="00:00:00.0185093" startTime="2015-09-28T09:44:04.5803835-07:00" endTime="2015-09-28T09:44:04.5960096-07:00" testType="13cdc9d9-ddb5-4fa4-a97d-d965ccfc6d4b" outcome="Passed" testListId="8c84fa94-04c1-424b-9868-57a2d4851a1d" relativeResultsDirectory="32c3816f-b25c-4496-a0d6-f495a1f34fc0" />
    <UnitTestResult executionId="3ef06bbd-d69d-416d-b967-7a94c28a3fcd" testId="592aaf1b-8f00-299a-f61b-ef4350f3907e" testName="CombineExpressionNodesOr" computerName="TFSBUILD11" duration="00:00:00.0182118" startTime="2015-09-28T09:44:04.5960096-07:00" endTime="2015-09-28T09:44:04.6272618-07:00" testType="13cdc9d9-ddb5-4fa4-a97d-d965ccfc6d4b" outcome="Passed" testListId="8c84fa94-04c1-424b-9868-57a2d4851a1d" relativeResultsDirectory="3ef06bbd-d69d-416d-b967-7a94c28a3fcd" />
    <UnitTestResult executionId="03688421-7cd0-48ff-9418-bf8c935a32e3" testId="b39c1051-89ad-59ba-b934-1d6e290ee52e" testName="InOperatorDoesNotCombineDifferentField" computerName="TFSBUILD11" duration="00:00:00.0177848" startTime="2015-09-28T09:44:04.6272618-07:00" endTime="2015-09-28T09:44:04.6428885-07:00" testType="13cdc9d9-ddb5-4fa4-a97d-d965ccfc6d4b" outcome="Passed" testListId="8c84fa94-04c1-424b-9868-57a2d4851a1d" relativeResultsDirectory="03688421-7cd0-48ff-9418-bf8c935a32e3" />
    <UnitTestResult executionId="cda911d9-358f-4bb9-ae25-bc6095d345c0" testId="fda34ce0-3f6d-ec08-9e90-570c7f4fc990" testName="InOperatorDoesNotCombineNotEqual" computerName="TFSBUILD11" duration="00:00:00.0314737" startTime="2015-09-28T09:44:04.6428885-07:00" endTime="2015-09-28T09:44:04.6741404-07:00" testType="13cdc9d9-ddb5-4fa4-a97d-d965ccfc6d4b" outcome="Passed" testListId="8c84fa94-04c1-424b-9868-57a2d4851a1d" relativeResultsDirectory="cda911d9-358f-4bb9-ae25-bc6095d345c0" />
    <UnitTestResult executionId="58d1b37e-588d-4250-8299-2592388402d1" testId="58194921-091b-1207-a8ec-b526c2b4dcba" testName="InOperatorDoesNotCombineTreeField" computerName="TFSBUILD11" duration="00:00:00.0251155" startTime="2015-09-28T09:44:04.6741404-07:00" endTime="2015-09-28T09:44:04.6897665-07:00" testType="13cdc9d9-ddb5-4fa4-a97d-d965ccfc6d4b" outcome="Passed" testListId="8c84fa94-04c1-424b-9868-57a2d4851a1d" relativeResultsDirectory="58d1b37e-588d-4250-8299-2592388402d1" />
    <UnitTestResult executionId="12005768-0c45-479d-9b9c-e262da00accd" testId="38364d29-c89f-e7d3-0878-1e519f663add" testName="InOperatorDoesNotCombineExpandConstant" computerName="TFSBUILD11" duration="00:00:00.0244078" startTime="2015-09-28T09:44:04.6897665-07:00" endTime="2015-09-28T09:44:04.7210188-07:00" testType="13cdc9d9-ddb5-4fa4-a97d-d965ccfc6d4b" outcome="Passed" testListId="8c84fa94-04c1-424b-9868-57a2d4851a1d" relativeResultsDirectory="12005768-0c45-479d-9b9c-e262da00accd" />
    <UnitTestResult executionId="b89526d8-bd88-46f4-8baf-dbcb065e6694" testId="f52a05bc-f00f-c791-808b-67f9b31b97ae" testName="InOperatorDoesNotCombineColumnValue" computerName="TFSBUILD11" duration="00:00:00.0236387" startTime="2015-09-28T09:44:04.7210188-07:00" endTime="2015-09-28T09:44:04.7366446-07:00" testType="13cdc9d9-ddb5-4fa4-a97d-d965ccfc6d4b" outcome="Passed" testListId="8c84fa94-04c1-424b-9868-57a2d4851a1d" relativeResultsDirectory="b89526d8-bd88-46f4-8baf-dbcb065e6694" />
    <UnitTestResult executionId="a374f6ea-1e56-481b-9250-ffdbf8fbc0bf" testId="4e2b47a2-5266-4356-7198-b44860455fc6" testName="InOperatorDoesNotCombineDifferentValueType" computerName="TFSBUILD11" duration="00:00:00.0224739" startTime="2015-09-28T09:44:04.7366446-07:00" endTime="2015-09-28T09:44:04.7678968-07:00" testType="13cdc9d9-ddb5-4fa4-a97d-d965ccfc6d4b" outcome="Passed" testListId="8c84fa94-04c1-424b-9868-57a2d4851a1d" relativeResultsDirectory="a374f6ea-1e56-481b-9250-ffdbf8fbc0bf" />
    <UnitTestResult executionId="eee34cad-40e1-42b0-b1f8-f6626646af4b" testId="129d0820-f004-8a25-7950-5c9903b96eaa" testName="InOperatorCombineSameField" computerName="TFSBUILD11" duration="00:00:00.0274695" startTime="2015-09-28T09:44:04.7678968-07:00" endTime="2015-09-28T09:44:04.7991490-07:00" testType="13cdc9d9-ddb5-4fa4-a97d-d965ccfc6d4b" outcome="Passed" testListId="8c84fa94-04c1-424b-9868-57a2d4851a1d" relativeResultsDirectory="eee34cad-40e1-42b0-b1f8-f6626646af4b" />
    <UnitTestResult executionId="11e210ee-228a-4cf7-8f61-8f501d00adb3" testId="a1c2e1ca-9e38-844e-fd74-30c0c3f3f5a9" testName="InOperatorCombineLongText" computerName="TFSBUILD11" duration="00:00:00.0163660" startTime="2015-09-28T09:44:04.7991490-07:00" endTime="2015-09-28T09:44:04.8147783-07:00" testType="13cdc9d9-ddb5-4fa4-a97d-d965ccfc6d4b" outcome="Passed" testListId="8c84fa94-04c1-424b-9868-57a2d4851a1d" relativeResultsDirectory="11e210ee-228a-4cf7-8f61-8f501d00adb3" />
    <UnitTestResult executionId="5fc09565-06b6-419a-b93a-0b24f0c67b8d" testId="20793617-ebda-20ce-9f18-4068a1fd33d0" testName="InOperatorDoesNotCombineLongTextDifferentValue" computerName="TFSBUILD11" duration="00:00:00.0194039" startTime="2015-09-28T09:44:04.8147783-07:00" endTime="2015-09-28T09:44:04.8304038-07:00" testType="13cdc9d9-ddb5-4fa4-a97d-d965ccfc6d4b" outcome="Passed" testListId="8c84fa94-04c1-424b-9868-57a2d4851a1d" relativeResultsDirectory="5fc09565-06b6-419a-b93a-0b24f0c67b8d" />
    <UnitTestResult executionId="eb91a2f5-3e4c-4186-b4f6-065388730330" testId="55c44cce-b6ce-be80-d72e-7ace7fa3dcfc" testName="InOperatorCombineTag" computerName="TFSBUILD11" duration="00:00:00.0331877" startTime="2015-09-28T09:44:04.8304038-07:00" endTime="2015-09-28T09:44:04.8616574-07:00" testType="13cdc9d9-ddb5-4fa4-a97d-d965ccfc6d4b" outcome="Passed" testListId="8c84fa94-04c1-424b-9868-57a2d4851a1d" relativeResultsDirectory="eb91a2f5-3e4c-4186-b4f6-065388730330" />
    <UnitTestResult executionId="da906dfd-7f0c-470c-bff3-a733ca84e115" testId="6a63e058-f4ef-58a5-eef9-93bdd21e0466" testName="OperatorAnd" computerName="TFSBUILD11" duration="00:00:00.0953080" startTime="2015-09-28T09:44:04.8616574-07:00" endTime="2015-09-28T09:44:04.9554110-07:00" testType="13cdc9d9-ddb5-4fa4-a97d-d965ccfc6d4b" outcome="Passed" testListId="8c84fa94-04c1-424b-9868-57a2d4851a1d" relativeResultsDirectory="da906dfd-7f0c-470c-bff3-a733ca84e115" />
    <UnitTestResult executionId="dae15e3a-5bab-4411-bdef-9be75da38cd0" testId="c97eaba9-12bb-46b9-db0c-362a786b9226" testName="OperatorOr" computerName="TFSBUILD11" duration="00:00:00.0912069" startTime="2015-09-28T09:44:04.9554110-07:00" endTime="2015-09-28T09:44:05.0491679-07:00" testType="13cdc9d9-ddb5-4fa4-a97d-d965ccfc6d4b" outcome="Passed" testListId="8c84fa94-04c1-424b-9868-57a2d4851a1d" relativeResultsDirectory="dae15e3a-5bab-4411-bdef-9be75da38cd0" />
    <UnitTestResult executionId="5476b8d7-857a-45fe-9f6a-1c95a537de4d" testId="e362e8fa-cf9e-955f-688c-8f283ccf460d" testName="OperatorEquals" computerName="TFSBUILD11" duration="00:00:00.0595477" startTime="2015-09-28T09:44:05.0491679-07:00" endTime="2015-09-28T09:44:05.1116738-07:00" testType="13cdc9d9-ddb5-4fa4-a97d-d965ccfc6d4b" outcome="Passed" testListId="8c84fa94-04c1-424b-9868-57a2d4851a1d" relativeResultsDirectory="5476b8d7-857a-45fe-9f6a-1c95a537de4d" />
    <UnitTestResult executionId="68bcc820-04d4-4d1e-8e32-0b98cf0bc065" testId="387ff50d-7ea4-cfd3-b5ee-24ef5a71e51b" testName="InGroupCoreFieldNotPersonField" computerName="TFSBUILD11" duration="00:00:00.1468364" startTime="2015-09-28T09:44:05.1116738-07:00" endTime="2015-09-28T09:44:05.2523125-07:00" testType="13cdc9d9-ddb5-4fa4-a97d-d965ccfc6d4b" outcome="Passed" testListId="8c84fa94-04c1-424b-9868-57a2d4851a1d" relativeResultsDirectory="68bcc820-04d4-4d1e-8e32-0b98cf0bc065" />
    <UnitTestResult executionId="2eb84130-be2b-4d68-816f-57c5fd662890" testId="237e5420-377c-97f9-ca53-2f50072fe88a" testName="InGroupCoreFieldPersonField" computerName="TFSBUILD11" duration="00:00:00.0640911" startTime="2015-09-28T09:44:05.2523125-07:00" endTime="2015-09-28T09:44:05.3304419-07:00" testType="13cdc9d9-ddb5-4fa4-a97d-d965ccfc6d4b" outcome="Passed" testListId="8c84fa94-04c1-424b-9868-57a2d4851a1d" relativeResultsDirectory="2eb84130-be2b-4d68-816f-57c5fd662890" />
    <UnitTestResult executionId="26d045ed-a231-4046-9856-f407e2415b1c" testId="793de283-9b58-b425-3911-130a4aee4721" testName="InGroupCoreFieldIdentityFieldWithAadEnabled" computerName="TFSBUILD11" duration="00:00:00.0763524" startTime="2015-09-28T09:44:05.3304419-07:00" endTime="2015-09-28T09:44:05.3929461-07:00" testType="13cdc9d9-ddb5-4fa4-a97d-d965ccfc6d4b" outcome="Passed" testListId="8c84fa94-04c1-424b-9868-57a2d4851a1d" relativeResultsDirectory="26d045ed-a231-4046-9856-f407e2415b1c" />
    <UnitTestResult executionId="4a813788-3e87-43c7-8cac-0841a4bcfddb" testId="72cafa6a-2a0e-33dd-b970-b28dde18d196" testName="InGroupCustomFieldNotPersonField" computerName="TFSBUILD11" duration="00:00:00.0592505" startTime="2015-09-28T09:44:05.3929461-07:00" endTime="2015-09-28T09:44:05.4554497-07:00" testType="13cdc9d9-ddb5-4fa4-a97d-d965ccfc6d4b" outcome="Passed" testListId="8c84fa94-04c1-424b-9868-57a2d4851a1d" relativeResultsDirectory="4a813788-3e87-43c7-8cac-0841a4bcfddb" />
    <UnitTestResult executionId="c1127a3f-95c2-4f59-838d-bd1a9eedbfe6" testId="eff70d64-25d1-9d62-90f9-3b21b14b518c" testName="InGroupCustomFieldPersonField" computerName="TFSBUILD11" duration="00:00:00.0481830" startTime="2015-09-28T09:44:05.4554497-07:00" endTime="2015-09-28T09:44:05.5023277-07:00" testType="13cdc9d9-ddb5-4fa4-a97d-d965ccfc6d4b" outcome="Passed" testListId="8c84fa94-04c1-424b-9868-57a2d4851a1d" relativeResultsDirectory="c1127a3f-95c2-4f59-838d-bd1a9eedbfe6" />
    <UnitTestResult executionId="ef7bd87c-2c08-4114-851a-ba5651e0d4ab" testId="1f247542-62a2-5efe-6eda-05377d64b6c2" testName="InGroupCustomFieldIdentityFieldWithAadEnabled" computerName="TFSBUILD11" duration="00:00:00.0528954" startTime="2015-09-28T09:44:05.5023277-07:00" endTime="2015-09-28T09:44:05.5648324-07:00" testType="13cdc9d9-ddb5-4fa4-a97d-d965ccfc6d4b" outcome="Passed" testListId="8c84fa94-04c1-424b-9868-57a2d4851a1d" relativeResultsDirectory="ef7bd87c-2c08-4114-851a-ba5651e0d4ab" />
    <UnitTestResult executionId="738ad864-6cca-4607-80e1-8496976123d5" testId="524d03e7-28a8-977c-a65a-481f21dfa76b" testName="InGroupWorkItemType" computerName="TFSBUILD11" duration="00:00:00.0742242" startTime="2015-09-28T09:44:05.5648324-07:00" endTime="2015-09-28T09:44:05.6429647-07:00" testType="13cdc9d9-ddb5-4fa4-a97d-d965ccfc6d4b" outcome="Passed" testListId="8c84fa94-04c1-424b-9868-57a2d4851a1d" relativeResultsDirectory="738ad864-6cca-4607-80e1-8496976123d5" />
    <UnitTestResult executionId="e10250bd-c8ef-4a3b-8be9-e4208e5a93b7" testId="d2dff9fb-428a-37d6-0686-eb8228d11a57" testName="OperatorInBelowThresholdCoreNotPersonField" computerName="TFSBUILD11" duration="00:00:00.0462181" startTime="2015-09-28T09:44:05.6429647-07:00" endTime="2015-09-28T09:44:05.6742147-07:00" testType="13cdc9d9-ddb5-4fa4-a97d-d965ccfc6d4b" outcome="Passed" testListId="8c84fa94-04c1-424b-9868-57a2d4851a1d" relativeResultsDirectory="e10250bd-c8ef-4a3b-8be9-e4208e5a93b7" />
    <UnitTestResult executionId="556719eb-f2d1-46b2-acc0-eaa277f0a5c3" testId="8e974cd1-7f06-1a13-56bf-36d678780f75" testName="OperatorInBelowThresholdCorePersonField" computerName="TFSBUILD11" duration="00:00:00.0503841" startTime="2015-09-28T09:44:05.6742147-07:00" endTime="2015-09-28T09:44:05.7367194-07:00" testType="13cdc9d9-ddb5-4fa4-a97d-d965ccfc6d4b" outcome="Passed" testListId="8c84fa94-04c1-424b-9868-57a2d4851a1d" relativeResultsDirectory="556719eb-f2d1-46b2-acc0-eaa277f0a5c3" />
    <UnitTestResult executionId="0b8b42d1-c996-4d8c-bbc4-4755117d6ada" testId="91c078d1-b6ae-6992-897c-4ebeb646a758" testName="OperatorInBelowThresholdCustomNotPersonField" computerName="TFSBUILD11" duration="00:00:00.0416917" startTime="2015-09-28T09:44:05.7367194-07:00" endTime="2015-09-28T09:44:05.7679710-07:00" testType="13cdc9d9-ddb5-4fa4-a97d-d965ccfc6d4b" outcome="Passed" testListId="8c84fa94-04c1-424b-9868-57a2d4851a1d" relativeResultsDirectory="0b8b42d1-c996-4d8c-bbc4-4755117d6ada" />
    <UnitTestResult executionId="44b8adab-e5fb-476a-8e42-4e54096ab665" testId="0962399e-6722-6bd6-9f0a-8f67cd62c16f" testName="OperatorInBelowThresholdCustomPersonField" computerName="TFSBUILD11" duration="00:00:00.0407061" startTime="2015-09-28T09:44:05.7679710-07:00" endTime="2015-09-28T09:44:05.8148508-07:00" testType="13cdc9d9-ddb5-4fa4-a97d-d965ccfc6d4b" outcome="Passed" testListId="8c84fa94-04c1-424b-9868-57a2d4851a1d" relativeResultsDirectory="44b8adab-e5fb-476a-8e42-4e54096ab665" />
    <UnitTestResult executionId="1580b5d7-107c-4891-a6c2-b8732c77e35f" testId="4c0d42ce-66ce-2050-8c10-b63719874b75" testName="OperatorInAboveThresholdCoreNotPersonField" computerName="TFSBUILD11" duration="00:00:00.0473328" startTime="2015-09-28T09:44:05.8148508-07:00" endTime="2015-09-28T09:44:05.8617277-07:00" testType="13cdc9d9-ddb5-4fa4-a97d-d965ccfc6d4b" outcome="Passed" testListId="8c84fa94-04c1-424b-9868-57a2d4851a1d" relativeResultsDirectory="1580b5d7-107c-4891-a6c2-b8732c77e35f" />
    <UnitTestResult executionId="294015f0-132c-454f-a37e-c407c336d5cc" testId="e696796f-4c0f-9654-b634-48c9fdad90be" testName="OperatorInAboveThresholdCorePersonField" computerName="TFSBUILD11" duration="00:00:00.0366070" startTime="2015-09-28T09:44:05.8617277-07:00" endTime="2015-09-28T09:44:05.8929794-07:00" testType="13cdc9d9-ddb5-4fa4-a97d-d965ccfc6d4b" outcome="Passed" testListId="8c84fa94-04c1-424b-9868-57a2d4851a1d" relativeResultsDirectory="294015f0-132c-454f-a37e-c407c336d5cc" />
    <UnitTestResult executionId="7ec40d20-332b-44ed-b621-8d4233f3ed79" testId="303a79e7-1c75-c596-8142-fc0f7f6f2b73" testName="OperatorInAboveThresholdCustomNotPersonField" computerName="TFSBUILD11" duration="00:00:00.0407662" startTime="2015-09-28T09:44:05.8929794-07:00" endTime="2015-09-28T09:44:05.9398580-07:00" testType="13cdc9d9-ddb5-4fa4-a97d-d965ccfc6d4b" outcome="Passed" testListId="8c84fa94-04c1-424b-9868-57a2d4851a1d" relativeResultsDirectory="7ec40d20-332b-44ed-b621-8d4233f3ed79" />
    <UnitTestResult executionId="a478e2f5-ea85-45c8-8fbb-85d34fa3d396" testId="bc48c99d-7aaa-a497-b673-74b7d1729546" testName="OperatorInAboveThresholdCustomPersonField" computerName="TFSBUILD11" duration="00:00:00.0350181" startTime="2015-09-28T09:44:05.9398580-07:00" endTime="2015-09-28T09:44:05.9711099-07:00" testType="13cdc9d9-ddb5-4fa4-a97d-d965ccfc6d4b" outcome="Passed" testListId="8c84fa94-04c1-424b-9868-57a2d4851a1d" relativeResultsDirectory="a478e2f5-ea85-45c8-8fbb-85d34fa3d396" />
    <UnitTestResult executionId="12b84f08-6c3c-40c8-ad4f-f04d27b8b4e7" testId="114c5e1e-5124-6282-0c19-a72778d882e8" testName="QueryItemSnapshot_InitializationTest" computerName="TFSBUILD11" duration="00:00:00.0097493" startTime="2015-09-28T09:44:05.9711099-07:00" endTime="2015-09-28T09:44:05.9867346-07:00" testType="13cdc9d9-ddb5-4fa4-a97d-d965ccfc6d4b" outcome="Passed" testListId="8c84fa94-04c1-424b-9868-57a2d4851a1d" relativeResultsDirectory="12b84f08-6c3c-40c8-ad4f-f04d27b8b4e7" />
    <UnitTestResult executionId="e25a521f-ec37-4b6e-b32f-f0c318668aa1" testId="499bc8c1-f0e5-839f-24c1-e257911143b4" testName="QueryItemSnapshot_MergeTest" computerName="TFSBUILD11" duration="00:00:00.0051726" startTime="2015-09-28T09:44:05.9867346-07:00" endTime="2015-09-28T09:44:05.9867346-07:00" testType="13cdc9d9-ddb5-4fa4-a97d-d965ccfc6d4b" outcome="Passed" testListId="8c84fa94-04c1-424b-9868-57a2d4851a1d" relativeResultsDirectory="e25a521f-ec37-4b6e-b32f-f0c318668aa1" />
    <UnitTestResult executionId="eb0bce04-337b-4e05-8991-4435aa215d64" testId="2999e951-18c2-db03-157f-a9ea26d3eb86" testName="QueryItemSnapshot_MergeReparentTest" computerName="TFSBUILD11" duration="00:00:00.0009051" startTime="2015-09-28T09:44:05.9867346-07:00" endTime="2015-09-28T09:44:05.9867346-07:00" testType="13cdc9d9-ddb5-4fa4-a97d-d965ccfc6d4b" outcome="Passed" testListId="8c84fa94-04c1-424b-9868-57a2d4851a1d" relativeResultsDirectory="eb0bce04-337b-4e05-8991-4435aa215d64" />
    <UnitTestResult executionId="99ea6fd2-2190-492d-be2a-28324d2755d6" testId="0ca2bc0b-3974-208e-2652-c755bceee2a6" testName="QueryItemSnapshot_DeleteAndReparentTest" computerName="TFSBUILD11" duration="00:00:00.0020679" startTime="2015-09-28T09:44:05.9867346-07:00" endTime="2015-09-28T09:44:06.0023599-07:00" testType="13cdc9d9-ddb5-4fa4-a97d-d965ccfc6d4b" outcome="Passed" testListId="8c84fa94-04c1-424b-9868-57a2d4851a1d" relativeResultsDirectory="99ea6fd2-2190-492d-be2a-28324d2755d6" />
    <UnitTestResult executionId="c02fda48-4f04-49bd-950b-0d711adfbcbf" testId="ee1c23d9-670a-a1c8-fa18-b8bbea01a1c9" testName="QueryItemSnapshot_DeleteAndReparentWithNewParentTest" computerName="TFSBUILD11" duration="00:00:00.0005282" startTime="2015-09-28T09:44:06.0023599-07:00" endTime="2015-09-28T09:44:06.0023599-07:00" testType="13cdc9d9-ddb5-4fa4-a97d-d965ccfc6d4b" outcome="Passed" testListId="8c84fa94-04c1-424b-9868-57a2d4851a1d" relativeResultsDirectory="c02fda48-4f04-49bd-950b-0d711adfbcbf" />
    <UnitTestResult executionId="e83dfcd3-c48c-4417-9214-dba36a27350e" testId="1ef9fa9d-04b6-9f50-6514-c0136c2de0f1" testName="QueryItemSnapshot_SimpleCloneTest" computerName="TFSBUILD11" duration="00:00:00.0015416" startTime="2015-09-28T09:44:06.0023599-07:00" endTime="2015-09-28T09:44:06.0023599-07:00" testType="13cdc9d9-ddb5-4fa4-a97d-d965ccfc6d4b" outcome="Passed" testListId="8c84fa94-04c1-424b-9868-57a2d4851a1d" relativeResultsDirectory="e83dfcd3-c48c-4417-9214-dba36a27350e" />
    <UnitTestResult executionId="66deb241-0a78-4369-9ee8-0313b7e930a9" testId="0ab9f54f-41ee-e21b-2952-f68ec60fd8e2" testName="QueryItemSnapshot_CloneTest" computerName="TFSBUILD11" duration="00:00:00.0003808" startTime="2015-09-28T09:44:06.0023599-07:00" endTime="2015-09-28T09:44:06.0023599-07:00" testType="13cdc9d9-ddb5-4fa4-a97d-d965ccfc6d4b" outcome="Passed" testListId="8c84fa94-04c1-424b-9868-57a2d4851a1d" relativeResultsDirectory="66deb241-0a78-4369-9ee8-0313b7e930a9" />
    <UnitTestResult executionId="2e381fd6-a172-46e8-8715-9177fda4f1e8" testId="2fdc04ec-d705-7382-0945-a6f6dfbc5ce2" testName="QueryItemSnapshot_DeleteItemTest" computerName="TFSBUILD11" duration="00:00:00.0005068" startTime="2015-09-28T09:44:06.0023599-07:00" endTime="2015-09-28T09:44:06.0023599-07:00" testType="13cdc9d9-ddb5-4fa4-a97d-d965ccfc6d4b" outcome="Passed" testListId="8c84fa94-04c1-424b-9868-57a2d4851a1d" relativeResultsDirectory="2e381fd6-a172-46e8-8715-9177fda4f1e8" />
    <UnitTestResult executionId="0876eaad-7337-4460-a668-425a6ce80099" testId="a3854c40-be09-e615-50d8-00ce26b491f9" testName="QueryItemSnapshot_DeleteItemTestNotInCache" computerName="TFSBUILD11" duration="00:00:00.0005868" startTime="2015-09-28T09:44:06.0023599-07:00" endTime="2015-09-28T09:44:06.0023599-07:00" testType="13cdc9d9-ddb5-4fa4-a97d-d965ccfc6d4b" outcome="Passed" testListId="8c84fa94-04c1-424b-9868-57a2d4851a1d" relativeResultsDirectory="0876eaad-7337-4460-a668-425a6ce80099" />
    <UnitTestResult executionId="ee562741-7e34-4203-b5b9-f0759f44c6ad" testId="9247a585-88f5-8a77-38b6-deedba5ffe88" testName="GetQuery_WillReturnFromPath" computerName="TFSBUILD11" duration="00:00:00.5931698" startTime="2015-09-28T09:44:06.0023599-07:00" endTime="2015-09-28T09:44:06.5961655-07:00" testType="13cdc9d9-ddb5-4fa4-a97d-d965ccfc6d4b" outcome="Passed" testListId="8c84fa94-04c1-424b-9868-57a2d4851a1d" relativeResultsDirectory="ee562741-7e34-4203-b5b9-f0759f44c6ad" />
    <UnitTestResult executionId="5c58529f-6508-4439-9879-896bc5b0d567" testId="c885bfeb-e55a-c01e-dd54-17156759322b" testName="GetQuery_WillReturnFromId" computerName="TFSBUILD11" duration="00:00:00.0147597" startTime="2015-09-28T09:44:06.5961655-07:00" endTime="2015-09-28T09:44:06.6117910-07:00" testType="13cdc9d9-ddb5-4fa4-a97d-d965ccfc6d4b" outcome="Passed" testListId="8c84fa94-04c1-424b-9868-57a2d4851a1d" relativeResultsDirectory="5c58529f-6508-4439-9879-896bc5b0d567" />
    <UnitTestResult executionId="3c11c40a-433e-4b49-80a3-54b5e833f9c4" testId="e64931e2-7ace-ca58-34d7-e025447ccf1b" testName="GetQueryById_QueryNotFound" computerName="TFSBUILD11" duration="00:00:00.0128420" startTime="2015-09-28T09:44:06.6117910-07:00" endTime="2015-09-28T09:44:06.6274174-07:00" testType="13cdc9d9-ddb5-4fa4-a97d-d965ccfc6d4b" outcome="Passed" testListId="8c84fa94-04c1-424b-9868-57a2d4851a1d" relativeResultsDirectory="3c11c40a-433e-4b49-80a3-54b5e833f9c4" />
    <UnitTestResult executionId="f42a571d-3518-425d-bb8a-153bc37170fa" testId="0f800a20-4b6d-79a0-9cdc-120aa8fa0634" testName="GetQueryById_NoQueryPermission" computerName="TFSBUILD11" duration="00:00:00.0145111" startTime="2015-09-28T09:44:06.6274174-07:00" endTime="2015-09-28T09:44:06.6430455-07:00" testType="13cdc9d9-ddb5-4fa4-a97d-d965ccfc6d4b" outcome="Passed" testListId="8c84fa94-04c1-424b-9868-57a2d4851a1d" relativeResultsDirectory="f42a571d-3518-425d-bb8a-153bc37170fa" />
    <UnitTestResult executionId="402f2368-ca22-433f-aaa9-2059966bed3c" testId="883310c6-52e0-461b-a131-a4009c4bb002" testName="GetQueryById_ReturnData" computerName="TFSBUILD11" duration="00:00:00.0127914" startTime="2015-09-28T09:44:06.6430455-07:00" endTime="2015-09-28T09:44:06.6430455-07:00" testType="13cdc9d9-ddb5-4fa4-a97d-d965ccfc6d4b" outcome="Passed" testListId="8c84fa94-04c1-424b-9868-57a2d4851a1d" relativeResultsDirectory="402f2368-ca22-433f-aaa9-2059966bed3c" />
    <UnitTestResult executionId="7af716b3-1422-4732-b491-4bafb2e9e8f0" testId="593deb60-3ad4-9fdf-59f9-c22f3c1e15c1" testName="GetQueryByPath_QueryNotFound" computerName="TFSBUILD11" duration="00:00:00.0133023" startTime="2015-09-28T09:44:06.6430455-07:00" endTime="2015-09-28T09:44:06.6586571-07:00" testType="13cdc9d9-ddb5-4fa4-a97d-d965ccfc6d4b" outcome="Passed" testListId="8c84fa94-04c1-424b-9868-57a2d4851a1d" relativeResultsDirectory="7af716b3-1422-4732-b491-4bafb2e9e8f0" />
    <UnitTestResult executionId="0687afde-b323-42fa-8567-47bb78f57bca" testId="3a28ec23-d147-be25-af6d-e85289351eaa" testName="GetQueryByPath_NoQueryPermission" computerName="TFSBUILD11" duration="00:00:00.0134012" startTime="2015-09-28T09:44:06.6586571-07:00" endTime="2015-09-28T09:44:06.6742963-07:00" testType="13cdc9d9-ddb5-4fa4-a97d-d965ccfc6d4b" outcome="Passed" testListId="8c84fa94-04c1-424b-9868-57a2d4851a1d" relativeResultsDirectory="0687afde-b323-42fa-8567-47bb78f57bca" />
    <UnitTestResult executionId="b1fd0d50-95dc-43c5-aac7-9d5be7776705" testId="e9750132-5645-51d0-f954-b61de5882f6a" testName="GetQueryByPath_ReturnData" computerName="TFSBUILD11" duration="00:00:00.0123878" startTime="2015-09-28T09:44:06.6742963-07:00" endTime="2015-09-28T09:44:06.6899216-07:00" testType="13cdc9d9-ddb5-4fa4-a97d-d965ccfc6d4b" outcome="Passed" testListId="8c84fa94-04c1-424b-9868-57a2d4851a1d" relativeResultsDirectory="b1fd0d50-95dc-43c5-aac7-9d5be7776705" />
    <UnitTestResult executionId="1d454182-ebf2-4403-8336-6d7388db399e" testId="b83a2397-7267-dd98-c43b-8c1a6a7bb466" testName="UndeleteQueryItem_NullRequestContext" computerName="TFSBUILD11" duration="00:00:00.0007142" startTime="2015-09-28T09:44:06.6899216-07:00" endTime="2015-09-28T09:44:06.6899216-07:00" testType="13cdc9d9-ddb5-4fa4-a97d-d965ccfc6d4b" outcome="Passed" testListId="8c84fa94-04c1-424b-9868-57a2d4851a1d" relativeResultsDirectory="1d454182-ebf2-4403-8336-6d7388db399e" />
    <UnitTestResult executionId="2ccdeca3-2dc0-4f88-8302-e524a0c35719" testId="c83b619c-baac-1971-6392-941d6fd6666a" testName="UndeleteQueryItem_QueryNotFound" computerName="TFSBUILD11" duration="00:00:00.0195850" startTime="2015-09-28T09:44:06.6899216-07:00" endTime="2015-09-28T09:44:06.7055354-07:00" testType="13cdc9d9-ddb5-4fa4-a97d-d965ccfc6d4b" outcome="Passed" testListId="8c84fa94-04c1-424b-9868-57a2d4851a1d" relativeResultsDirectory="2ccdeca3-2dc0-4f88-8302-e524a0c35719" />
    <UnitTestResult executionId="ff02197b-78e0-4759-94a4-019265ea3f96" testId="d5f913ab-de97-9505-7de4-3db5ac55faca" testName="UndeleteQueryItem_NoQueryReadPermission" computerName="TFSBUILD11" duration="00:00:00.0556631" startTime="2015-09-28T09:44:06.7055354-07:00" endTime="2015-09-28T09:44:06.7680413-07:00" testType="13cdc9d9-ddb5-4fa4-a97d-d965ccfc6d4b" outcome="Passed" testListId="8c84fa94-04c1-424b-9868-57a2d4851a1d" relativeResultsDirectory="ff02197b-78e0-4759-94a4-019265ea3f96" />
    <UnitTestResult executionId="40cbc783-1947-4894-9af3-c85e2c4bee7b" testId="511aa2af-2123-d454-1da1-a7735240c66a" testName="UndeleteQueryItem_NoQueryDeletePermission" computerName="TFSBUILD11" duration="00:00:00.0815554" startTime="2015-09-28T09:44:06.7680413-07:00" endTime="2015-09-28T09:44:06.8461784-07:00" testType="13cdc9d9-ddb5-4fa4-a97d-d965ccfc6d4b" outcome="Passed" testListId="8c84fa94-04c1-424b-9868-57a2d4851a1d" relativeResultsDirectory="40cbc783-1947-4894-9af3-c85e2c4bee7b" />
    <UnitTestResult executionId="a77db3d9-445a-408f-a719-3d6b74d47aee" testId="acd28f69-f3b7-ea36-2688-1a8fbef5f26c" testName="UndeleteQueryItem_MaxLimit" computerName="TFSBUILD11" duration="00:00:00.0495256" startTime="2015-09-28T09:44:06.8461784-07:00" endTime="2015-09-28T09:44:06.8930550-07:00" testType="13cdc9d9-ddb5-4fa4-a97d-d965ccfc6d4b" outcome="Passed" testListId="8c84fa94-04c1-424b-9868-57a2d4851a1d" relativeResultsDirectory="a77db3d9-445a-408f-a719-3d6b74d47aee" />
    <UnitTestResult executionId="7a581a97-eb1e-4932-8b8a-893cb037ccef" testId="beb65e7e-3225-58fa-d365-9c7c9af10aac" testName="UndeleteQueryItem" computerName="TFSBUILD11" duration="00:00:00.0382198" startTime="2015-09-28T09:44:06.8930550-07:00" endTime="2015-09-28T09:44:06.9399319-07:00" testType="13cdc9d9-ddb5-4fa4-a97d-d965ccfc6d4b" outcome="Passed" testListId="8c84fa94-04c1-424b-9868-57a2d4851a1d" relativeResultsDirectory="7a581a97-eb1e-4932-8b8a-893cb037ccef" />
    <UnitTestResult executionId="0690d813-077b-4e7d-9998-9ae5a5a6ef57" testId="e9e30ea3-624c-a7f1-3a6d-b1f9f68564cd" testName="TeamFoundationQueryItemService_GetPublicQueriesFolderFromCache_BaseCase" computerName="TFSBUILD11" duration="00:00:00.0396378" startTime="2015-09-28T09:44:06.9399319-07:00" endTime="2015-09-28T09:44:06.9711844-07:00" testType="13cdc9d9-ddb5-4fa4-a97d-d965ccfc6d4b" outcome="Passed" testListId="8c84fa94-04c1-424b-9868-57a2d4851a1d" relativeResultsDirectory="0690d813-077b-4e7d-9998-9ae5a5a6ef57" />
    <UnitTestResult executionId="81680dfc-45f7-4222-8845-79a418d7d87e" testId="278c1703-266c-d1e9-985c-c47924782892" testName="TeamFoundationQueryItemService_GetPublicQueriesFolderFromCache_NoUpdatesCase" computerName="TFSBUILD11" duration="00:00:00.4462042" startTime="2015-09-28T09:44:06.9711844-07:00" endTime="2015-09-28T09:44:07.4243553-07:00" testType="13cdc9d9-ddb5-4fa4-a97d-d965ccfc6d4b" outcome="Passed" testListId="8c84fa94-04c1-424b-9868-57a2d4851a1d" relativeResultsDirectory="81680dfc-45f7-4222-8845-79a418d7d87e" />
    <UnitTestResult executionId="41403e18-b65f-476c-8b39-fe2a806a0159" testId="228daf74-19a6-940d-41bf-55c39c47cdb2" testName="TeamFoundationQueryItemService_GetPublicQueriesFolderFromCache_Delete" computerName="TFSBUILD11" duration="00:00:00.0624780" startTime="2015-09-28T09:44:07.4243553-07:00" endTime="2015-09-28T09:44:07.4868598-07:00" testType="13cdc9d9-ddb5-4fa4-a97d-d965ccfc6d4b" outcome="Passed" testListId="8c84fa94-04c1-424b-9868-57a2d4851a1d" relativeResultsDirectory="41403e18-b65f-476c-8b39-fe2a806a0159" />
    <UnitTestResult executionId="52317f47-515d-422a-8d59-fc3234dbae5b" testId="be223d76-49f5-4b50-1e4b-9dee98e50a53" testName="TeamFoundationQueryItemService_GetPublicQueriesFolderFromCache_MultipleProjects" computerName="TFSBUILD11" duration="00:00:00.0690843" startTime="2015-09-28T09:44:07.4868598-07:00" endTime="2015-09-28T09:44:07.5493628-07:00" testType="13cdc9d9-ddb5-4fa4-a97d-d965ccfc6d4b" outcome="Passed" testListId="8c84fa94-04c1-424b-9868-57a2d4851a1d" relativeResultsDirectory="52317f47-515d-422a-8d59-fc3234dbae5b" />
    <UnitTestResult executionId="da81c284-b8a5-4813-bed9-c6306461e713" testId="f30f405a-2ea3-71b6-8cb6-24a97ce887c8" testName="TeamFoundationQueryItemService_GetPublicQueriesFolderFromComponent_BaseCase" computerName="TFSBUILD11" duration="00:00:00.0358635" startTime="2015-09-28T09:44:07.5493628-07:00" endTime="2015-09-28T09:44:07.5962405-07:00" testType="13cdc9d9-ddb5-4fa4-a97d-d965ccfc6d4b" outcome="Passed" testListId="8c84fa94-04c1-424b-9868-57a2d4851a1d" relativeResultsDirectory="da81c284-b8a5-4813-bed9-c6306461e713" />
    <UnitTestResult executionId="2d4d54d7-11fe-446f-8780-112ac2cbb3d3" testId="7bff65e2-f3fa-79e1-7a87-de1ab23d7780" testName="TeamFoundationQueryItemService_GetPublicQueriesFolderFromComponent_NoUpdatesCase" computerName="TFSBUILD11" duration="00:00:00.0362324" startTime="2015-09-28T09:44:07.5962405-07:00" endTime="2015-09-28T09:44:07.6274942-07:00" testType="13cdc9d9-ddb5-4fa4-a97d-d965ccfc6d4b" outcome="Passed" testListId="8c84fa94-04c1-424b-9868-57a2d4851a1d" relativeResultsDirectory="2d4d54d7-11fe-446f-8780-112ac2cbb3d3" />
    <UnitTestResult executionId="320c0766-893a-45ea-8e4e-9d9f4a87f006" testId="c43011a9-bffe-1892-fcfe-3855ac1228fe" testName="TeamFoundationQueryItemService_GetPublicQueriesFolderFromComponent_Delete" computerName="TFSBUILD11" duration="00:00:00.0396739" startTime="2015-09-28T09:44:07.6274942-07:00" endTime="2015-09-28T09:44:07.6743572-07:00" testType="13cdc9d9-ddb5-4fa4-a97d-d965ccfc6d4b" outcome="Passed" testListId="8c84fa94-04c1-424b-9868-57a2d4851a1d" relativeResultsDirectory="320c0766-893a-45ea-8e4e-9d9f4a87f006" />
    <UnitTestResult executionId="a4eb3545-baa0-4248-ad6f-a88b5b9d3007" testId="35da3b33-2f35-e9af-9666-4b706dcb9a9b" testName="TeamFoundationQueryItemService_GetPublicQueriesFolderFromComponent_MultipleProjects" computerName="TFSBUILD11" duration="00:00:00.0449830" startTime="2015-09-28T09:44:07.6743572-07:00" endTime="2015-09-28T09:44:07.7056088-07:00" testType="13cdc9d9-ddb5-4fa4-a97d-d965ccfc6d4b" outcome="Passed" testListId="8c84fa94-04c1-424b-9868-57a2d4851a1d" relativeResultsDirectory="a4eb3545-baa0-4248-ad6f-a88b5b9d3007" />
    <UnitTestResult executionId="170965ed-4a25-4412-babf-5354920c1d54" testId="5ef144db-95fb-7ce4-d9c3-90847c2f9e0a" testName="TeamFoundationQueryItemService_GetChangedPublicQueryItems_NullRequestContext" computerName="TFSBUILD11" duration="00:00:00.0018369" startTime="2015-09-28T09:44:07.7056088-07:00" endTime="2015-09-28T09:44:07.7212346-07:00" testType="13cdc9d9-ddb5-4fa4-a97d-d965ccfc6d4b" outcome="Passed" testListId="8c84fa94-04c1-424b-9868-57a2d4851a1d" relativeResultsDirectory="170965ed-4a25-4412-babf-5354920c1d54" />
    <UnitTestResult executionId="6c4cab48-8f63-432f-bf60-e173a5427924" testId="778cd66a-d30a-d1ee-bd3f-d10d637dcc75" testName="TeamFoundationQueryItemService_GetChangedPublicQueryItems_EndToEnd" computerName="TFSBUILD11" duration="00:00:00.5582663" startTime="2015-09-28T09:44:07.7212346-07:00" endTime="2015-09-28T09:44:08.2681531-07:00" testType="13cdc9d9-ddb5-4fa4-a97d-d965ccfc6d4b" outcome="Passed" testListId="8c84fa94-04c1-424b-9868-57a2d4851a1d" relativeResultsDirectory="6c4cab48-8f63-432f-bf60-e173a5427924" />
    <UnitTestResult executionId="3ff3a356-a415-4970-8bac-eca5d9711025" testId="863ed368-50ad-3b4c-f9bb-0120a4520edf" testName="TeamFoundationQueryItemService_GetPublicQueryItemsTimestamp_NullRequestContext" computerName="TFSBUILD11" duration="00:00:00.0014973" startTime="2015-09-28T09:44:08.2681531-07:00" endTime="2015-09-28T09:44:08.2681531-07:00" testType="13cdc9d9-ddb5-4fa4-a97d-d965ccfc6d4b" outcome="Passed" testListId="8c84fa94-04c1-424b-9868-57a2d4851a1d" relativeResultsDirectory="3ff3a356-a415-4970-8bac-eca5d9711025" />
    <UnitTestResult executionId="337d5284-58b5-47d7-abb7-695ebea3809e" testId="1d191b7b-7636-a6f9-e007-23ecfee7f4f2" testName="TeamFoundationQueryItemService_GetPublicQueryItemsTimestamp_EndToEnd" computerName="TFSBUILD11" duration="00:00:00.0644911" startTime="2015-09-28T09:44:08.2681531-07:00" endTime="2015-09-28T09:44:08.3462822-07:00" testType="13cdc9d9-ddb5-4fa4-a97d-d965ccfc6d4b" outcome="Passed" testListId="8c84fa94-04c1-424b-9868-57a2d4851a1d" relativeResultsDirectory="337d5284-58b5-47d7-abb7-695ebea3809e" />
    <UnitTestResult executionId="041bf230-8165-4f55-9208-26b36f6bf438" testId="c6b10470-7fcb-cae1-099f-e4a094dc7164" testName="HasQueryPermission_NullRequestContext" computerName="TFSBUILD11" duration="00:00:00.0021338" startTime="2015-09-28T09:44:08.3462822-07:00" endTime="2015-09-28T09:44:08.3462822-07:00" testType="13cdc9d9-ddb5-4fa4-a97d-d965ccfc6d4b" outcome="Passed" testListId="8c84fa94-04c1-424b-9868-57a2d4851a1d" relativeResultsDirectory="041bf230-8165-4f55-9208-26b36f6bf438" />
    <UnitTestResult executionId="c987e884-6842-4da8-ba63-3df93fc25ea8" testId="63801b31-78d1-21cc-ecbb-6936ba36e871" testName="GetFieldsInvalidProcessId" computerName="TFSBUILD11" duration="00:00:00.2270078" startTime="2015-09-28T09:44:08.3462822-07:00" endTime="2015-09-28T09:44:08.5650432-07:00" testType="13cdc9d9-ddb5-4fa4-a97d-d965ccfc6d4b" outcome="Passed" testListId="8c84fa94-04c1-424b-9868-57a2d4851a1d" relativeResultsDirectory="c987e884-6842-4da8-ba63-3df93fc25ea8" />
    <UnitTestResult executionId="8c131ef6-118e-4df8-93e4-8066de47f23f" testId="699acb7d-2f81-b462-f0d7-c99e0be8c509" testName="GetFieldsNoReadPermissions" computerName="TFSBUILD11" duration="00:00:00.1185334" startTime="2015-09-28T09:44:08.5650432-07:00" endTime="2015-09-28T09:44:08.6900515-07:00" testType="13cdc9d9-ddb5-4fa4-a97d-d965ccfc6d4b" outcome="Passed" testListId="8c84fa94-04c1-424b-9868-57a2d4851a1d" relativeResultsDirectory="8c131ef6-118e-4df8-93e4-8066de47f23f" />
    <UnitTestResult executionId="9fa0430f-682d-4fe5-bf3a-30a271f39788" testId="9b5a5b3d-179c-526d-9120-a1545331f422" testName="GetFieldsIncludeParentsTrue" computerName="TFSBUILD11" duration="00:00:00.1566640" startTime="2015-09-28T09:44:08.6900515-07:00" endTime="2015-09-28T09:44:08.8463121-07:00" testType="13cdc9d9-ddb5-4fa4-a97d-d965ccfc6d4b" outcome="Passed" testListId="8c84fa94-04c1-424b-9868-57a2d4851a1d" relativeResultsDirectory="9fa0430f-682d-4fe5-bf3a-30a271f39788" />
    <UnitTestResult executionId="d760384c-c99a-4c7d-abc3-bee436e43be0" testId="b67db7bf-3097-67b9-96de-946150dc4d3b" testName="GetFieldsIncludeParentsFalse" computerName="TFSBUILD11" duration="00:00:00.0803297" startTime="2015-09-28T09:44:08.8463121-07:00" endTime="2015-09-28T09:44:08.9244426-07:00" testType="13cdc9d9-ddb5-4fa4-a97d-d965ccfc6d4b" outcome="Passed" testListId="8c84fa94-04c1-424b-9868-57a2d4851a1d" relativeResultsDirectory="d760384c-c99a-4c7d-abc3-bee436e43be0" />
    <UnitTestResult executionId="481fa100-541e-478a-bc02-7980dff70a83" testId="cec07fab-94aa-6d90-46f3-fb19ca5a4c50" testName="CreateFieldEmptyName" computerName="TFSBUILD11" duration="00:00:00.0629334" startTime="2015-09-28T09:44:08.9244426-07:00" endTime="2015-09-28T09:44:08.9869471-07:00" testType="13cdc9d9-ddb5-4fa4-a97d-d965ccfc6d4b" outcome="Passed" testListId="8c84fa94-04c1-424b-9868-57a2d4851a1d" relativeResultsDirectory="481fa100-541e-478a-bc02-7980dff70a83" />
    <UnitTestResult executionId="99f52565-a27f-4c7c-844d-54e7c1dd1ddf" testId="34efb4ab-4c9c-7528-0003-574ce3cf923a" testName="CreateFieldEmptyProcessId" computerName="TFSBUILD11" duration="00:00:00.0682946" startTime="2015-09-28T09:44:08.9869471-07:00" endTime="2015-09-28T09:44:09.0650774-07:00" testType="13cdc9d9-ddb5-4fa4-a97d-d965ccfc6d4b" outcome="Passed" testListId="8c84fa94-04c1-424b-9868-57a2d4851a1d" relativeResultsDirectory="99f52565-a27f-4c7c-844d-54e7c1dd1ddf" />
    <UnitTestResult executionId="862c63ae-903b-4c78-9f1f-75d59d531b4c" testId="a2f7125c-668f-9ad9-2dd9-0e2beb90eb20" testName="CreateFieldNameContainsIllegalCharacter" computerName="TFSBUILD11" duration="00:00:00.0551121" startTime="2015-09-28T09:44:09.0650774-07:00" endTime="2015-09-28T09:44:09.1119560-07:00" testType="13cdc9d9-ddb5-4fa4-a97d-d965ccfc6d4b" outcome="Passed" testListId="8c84fa94-04c1-424b-9868-57a2d4851a1d" relativeResultsDirectory="862c63ae-903b-4c78-9f1f-75d59d531b4c" />
    <UnitTestResult executionId="b253f486-3e11-4f0a-a10d-ad5e23028044" testId="be62e135-228f-6116-5574-05bc521a74f0" testName="CreateFieldNameTooLong" computerName="TFSBUILD11" duration="00:00:00.0561557" startTime="2015-09-28T09:44:09.1119560-07:00" endTime="2015-09-28T09:44:09.1744604-07:00" testType="13cdc9d9-ddb5-4fa4-a97d-d965ccfc6d4b" outcome="Passed" testListId="8c84fa94-04c1-424b-9868-57a2d4851a1d" relativeResultsDirectory="b253f486-3e11-4f0a-a10d-ad5e23028044" />
    <UnitTestResult executionId="768c6701-c774-42af-a3a3-8cac02076791" testId="936cb23d-7d6d-3492-2814-fb1de5d506f7" testName="CreateFieldDescriptionTooLong" computerName="TFSBUILD11" duration="00:00:00.0513864" startTime="2015-09-28T09:44:09.1744604-07:00" endTime="2015-09-28T09:44:09.2213385-07:00" testType="13cdc9d9-ddb5-4fa4-a97d-d965ccfc6d4b" outcome="Passed" testListId="8c84fa94-04c1-424b-9868-57a2d4851a1d" relativeResultsDirectory="768c6701-c774-42af-a3a3-8cac02076791" />
    <UnitTestResult executionId="4c3ec25f-23c5-402a-b14e-20cc7927afa9" testId="cbd80b2d-20cd-ed2b-ee16-a530d333a914" testName="CreateFieldNoWritePermission" computerName="TFSBUILD11" duration="00:00:00.0554873" startTime="2015-09-28T09:44:09.2213385-07:00" endTime="2015-09-28T09:44:09.2838429-07:00" testType="13cdc9d9-ddb5-4fa4-a97d-d965ccfc6d4b" outcome="Passed" testListId="8c84fa94-04c1-424b-9868-57a2d4851a1d" relativeResultsDirectory="4c3ec25f-23c5-402a-b14e-20cc7927afa9" />
    <UnitTestResult executionId="0730fb9e-4bce-4bea-bf96-96d3ed40505b" testId="661940a8-e659-2db8-8e98-b272d7375e23" testName="CreateFieldLimitCheck" computerName="TFSBUILD11" duration="00:00:00.0534879" startTime="2015-09-28T09:44:09.2838429-07:00" endTime="2015-09-28T09:44:09.3307349-07:00" testType="13cdc9d9-ddb5-4fa4-a97d-d965ccfc6d4b" outcome="Passed" testListId="8c84fa94-04c1-424b-9868-57a2d4851a1d" relativeResultsDirectory="0730fb9e-4bce-4bea-bf96-96d3ed40505b" />
    <UnitTestResult executionId="20e3f8fa-39fd-4d88-a847-e281f38a6203" testId="ac02cc4f-162e-f8c5-9758-7fb78b3c70fb" testName="CreateFieldNameConflictInSystemProcess" computerName="TFSBUILD11" duration="00:00:00.0528391" startTime="2015-09-28T09:44:09.3307349-07:00" endTime="2015-09-28T09:44:09.3776144-07:00" testType="13cdc9d9-ddb5-4fa4-a97d-d965ccfc6d4b" outcome="Passed" testListId="8c84fa94-04c1-424b-9868-57a2d4851a1d" relativeResultsDirectory="20e3f8fa-39fd-4d88-a847-e281f38a6203" />
    <UnitTestResult executionId="4e364fd1-e54a-49e4-89f4-c43107a79f35" testId="384f6128-39ce-f8e8-86f8-ff1828dcdc2c" testName="CreateFieldNameConflictInMaterializeProcess" computerName="TFSBUILD11" duration="00:00:00.0481162" startTime="2015-09-28T09:44:09.3776144-07:00" endTime="2015-09-28T09:44:09.4401188-07:00" testType="13cdc9d9-ddb5-4fa4-a97d-d965ccfc6d4b" outcome="Passed" testListId="8c84fa94-04c1-424b-9868-57a2d4851a1d" relativeResultsDirectory="4e364fd1-e54a-49e4-89f4-c43107a79f35" />
    <UnitTestResult executionId="1cfe324a-034d-42a4-992d-fbd0e97f1d2e" testId="ba61e501-81b2-f57a-0114-af8f84b7398d" testName="CreateFieldValid" computerName="TFSBUILD11" duration="00:00:00.1011954" startTime="2015-09-28T09:44:09.4401188-07:00" endTime="2015-09-28T09:44:09.5338735-07:00" testType="13cdc9d9-ddb5-4fa4-a97d-d965ccfc6d4b" outcome="Passed" testListId="8c84fa94-04c1-424b-9868-57a2d4851a1d" relativeResultsDirectory="1cfe324a-034d-42a4-992d-fbd0e97f1d2e" />
    <UnitTestResult executionId="3f4c725f-669c-4f6b-ab03-24a1d0ac476f" testId="009bad64-a5cb-02e8-458c-61cf29022922" testName="EnsureFieldExistsAlreadyMaterialized" computerName="TFSBUILD11" duration="00:00:00.0448368" startTime="2015-09-28T09:44:09.5338735-07:00" endTime="2015-09-28T09:44:09.5807527-07:00" testType="13cdc9d9-ddb5-4fa4-a97d-d965ccfc6d4b" outcome="Passed" testListId="8c84fa94-04c1-424b-9868-57a2d4851a1d" relativeResultsDirectory="3f4c725f-669c-4f6b-ab03-24a1d0ac476f" />
    <UnitTestResult executionId="d19939d5-d2e8-4f12-9138-39f716d0aa57" testId="80dbf56a-13e2-7e13-7638-d8942834e36c" testName="EnsureFieldExistsAlreadyMaterializedInOtherProcessThrow" computerName="TFSBUILD11" duration="00:00:00.0426785" startTime="2015-09-28T09:44:09.5807527-07:00" endTime="2015-09-28T09:44:09.6276302-07:00" testType="13cdc9d9-ddb5-4fa4-a97d-d965ccfc6d4b" outcome="Passed" testListId="8c84fa94-04c1-424b-9868-57a2d4851a1d" relativeResultsDirectory="d19939d5-d2e8-4f12-9138-39f716d0aa57" />
    <UnitTestResult executionId="850ebdb4-345d-4057-8435-f973d9b3fb5a" testId="dccaa534-ed11-4c37-2f59-83726144060c" testName="EnsureFieldExistsCustomFieldNotCreatedYetThrow" computerName="TFSBUILD11" duration="00:00:00.0362023" startTime="2015-09-28T09:44:09.6276302-07:00" endTime="2015-09-28T09:44:09.6588821-07:00" testType="13cdc9d9-ddb5-4fa4-a97d-d965ccfc6d4b" outcome="Passed" testListId="8c84fa94-04c1-424b-9868-57a2d4851a1d" relativeResultsDirectory="850ebdb4-345d-4057-8435-f973d9b3fb5a" />
    <UnitTestResult executionId="6b072baa-8c32-4ce3-a1b2-29519f17b8af" testId="24df6dfc-5715-8c82-6448-9710c9401013" testName="EnsureFieldExistsOOBFieldGetsCreatedOnDemand" computerName="TFSBUILD11" duration="00:00:00.0426008" startTime="2015-09-28T09:44:09.6588821-07:00" endTime="2015-09-28T09:44:09.7057607-07:00" testType="13cdc9d9-ddb5-4fa4-a97d-d965ccfc6d4b" outcome="Passed" testListId="8c84fa94-04c1-424b-9868-57a2d4851a1d" relativeResultsDirectory="6b072baa-8c32-4ce3-a1b2-29519f17b8af" />
    <UnitTestResult executionId="4036204d-a5c6-47bb-9cdb-3501413e11e8" testId="ce582876-432c-f368-97f2-cbc33a346493" testName="CanGetInheritedTypeExtensions" computerName="TFSBUILD11" startTime="2015-09-28T09:44:09.7057607-07:00" endTime="2015-09-28T09:44:09.7057607-07:00" testType="13cdc9d9-ddb5-4fa4-a97d-d965ccfc6d4b" outcome="NotExecuted" testListId="8c84fa94-04c1-424b-9868-57a2d4851a1d" relativeResultsDirectory="4036204d-a5c6-47bb-9cdb-3501413e11e8" />
    <UnitTestResult executionId="02ff3a80-117c-460c-ae5b-ca68b3494bcd" testId="e50356e6-02e1-3d32-8315-45cb77b9f457" testName="CanGetCachedTypeExtensionsOnSecondCall" computerName="TFSBUILD11" startTime="2015-09-28T09:44:09.7057607-07:00" endTime="2015-09-28T09:44:09.7057607-07:00" testType="13cdc9d9-ddb5-4fa4-a97d-d965ccfc6d4b" outcome="NotExecuted" testListId="8c84fa94-04c1-424b-9868-57a2d4851a1d" relativeResultsDirectory="02ff3a80-117c-460c-ae5b-ca68b3494bcd" />
    <UnitTestResult executionId="4a71da79-f2a9-436b-b3ea-4b35c6bfcc09" testId="7d6439ff-80b4-45d4-a3e6-9c617f49440d" testName="CanGetRebuiltCachedTypeExtensionsOnSecondCallAfterSqlNotification" computerName="TFSBUILD11" startTime="2015-09-28T09:44:09.7057607-07:00" endTime="2015-09-28T09:44:09.7057607-07:00" testType="13cdc9d9-ddb5-4fa4-a97d-d965ccfc6d4b" outcome="NotExecuted" testListId="8c84fa94-04c1-424b-9868-57a2d4851a1d" relativeResultsDirectory="4a71da79-f2a9-436b-b3ea-4b35c6bfcc09" />
    <UnitTestResult executionId="5b9dccd4-893b-4e7b-8015-2b56aebf95d4" testId="b8423752-210a-a01c-cb41-ec8e036f218b" testName="CanGetRebuiltWithNewCachedTypeExtensionsOnSecondCallAfterSqlNotification" computerName="TFSBUILD11" startTime="2015-09-28T09:44:09.7057607-07:00" endTime="2015-09-28T09:44:09.7057607-07:00" testType="13cdc9d9-ddb5-4fa4-a97d-d965ccfc6d4b" outcome="NotExecuted" testListId="8c84fa94-04c1-424b-9868-57a2d4851a1d" relativeResultsDirectory="5b9dccd4-893b-4e7b-8015-2b56aebf95d4" />
    <UnitTestResult executionId="016f90b5-3c7b-4115-b170-234d6b45ae8d" testId="ac7ed994-4adf-9c3c-65db-be70139507b7" testName="CreateFailsForNullName" computerName="TFSBUILD11" duration="00:00:00.1420905" startTime="2015-09-28T09:44:09.7057607-07:00" endTime="2015-09-28T09:44:09.8463991-07:00" testType="13cdc9d9-ddb5-4fa4-a97d-d965ccfc6d4b" outcome="Passed" testListId="8c84fa94-04c1-424b-9868-57a2d4851a1d" relativeResultsDirectory="016f90b5-3c7b-4115-b170-234d6b45ae8d" />
    <UnitTestResult executionId="0abb16a2-948e-4261-b175-9d68913ee353" testId="94fe7d29-4e58-36b5-e562-f4856c485ced" testName="CreateFailsForNullParentTypeName" computerName="TFSBUILD11" duration="00:00:00.0606710" startTime="2015-09-28T09:44:09.8463991-07:00" endTime="2015-09-28T09:44:09.9089041-07:00" testType="13cdc9d9-ddb5-4fa4-a97d-d965ccfc6d4b" outcome="Passed" testListId="8c84fa94-04c1-424b-9868-57a2d4851a1d" relativeResultsDirectory="0abb16a2-948e-4261-b175-9d68913ee353" />
    <UnitTestResult executionId="27ff13c5-2187-48e2-a726-c2f6f437a56d" testId="b94c5562-9ea4-2e4b-5566-220a54c5ced6" testName="CreateSavesValidInheritedType" computerName="TFSBUILD11" duration="00:00:00.0739229" startTime="2015-09-28T09:44:09.9089041-07:00" endTime="2015-09-28T09:44:09.9870350-07:00" testType="13cdc9d9-ddb5-4fa4-a97d-d965ccfc6d4b" outcome="Passed" testListId="8c84fa94-04c1-424b-9868-57a2d4851a1d" relativeResultsDirectory="27ff13c5-2187-48e2-a726-c2f6f437a56d" />
    <UnitTestResult executionId="67255753-d7d0-4dd0-b1ba-0083caee6433" testId="abf8936b-dad0-71ae-a7f2-8113427e3583" testName="CreateUpdatesTypeletCache" computerName="TFSBUILD11" startTime="2015-09-28T09:44:09.9870350-07:00" endTime="2015-09-28T09:44:09.9870350-07:00" testType="13cdc9d9-ddb5-4fa4-a97d-d965ccfc6d4b" outcome="NotExecuted" testListId="8c84fa94-04c1-424b-9868-57a2d4851a1d" relativeResultsDirectory="67255753-d7d0-4dd0-b1ba-0083caee6433" />
    <UnitTestResult executionId="993b74b7-f605-4d50-8f34-03c22244af65" testId="847d9104-e7c2-84e0-984f-bf823ecac8ee" testName="UpdateFailsForBadId" computerName="TFSBUILD11" startTime="2015-09-28T09:44:09.9870350-07:00" endTime="2015-09-28T09:44:09.9870350-07:00" testType="13cdc9d9-ddb5-4fa4-a97d-d965ccfc6d4b" outcome="NotExecuted" testListId="8c84fa94-04c1-424b-9868-57a2d4851a1d" relativeResultsDirectory="993b74b7-f605-4d50-8f34-03c22244af65" />
    <UnitTestResult executionId="fbec3ce9-4ddf-4aba-851c-0bb1208734ff" testId="8bdf8f64-6f19-50a0-4f8e-11cb0172bd0b" testName="UpdateSavesDescriptionChange" computerName="TFSBUILD11" startTime="2015-09-28T09:44:09.9870350-07:00" endTime="2015-09-28T09:44:09.9870350-07:00" testType="13cdc9d9-ddb5-4fa4-a97d-d965ccfc6d4b" outcome="NotExecuted" testListId="8c84fa94-04c1-424b-9868-57a2d4851a1d" relativeResultsDirectory="fbec3ce9-4ddf-4aba-851c-0bb1208734ff" />
    <UnitTestResult executionId="646d6ca1-bb1d-4521-a8a5-1cded242e47a" testId="a434b8d0-b993-9947-3b37-7876d34ae0f7" testName="UpdateDoesNotClearCachedMetadataStampsWhenFieldsIsNull" computerName="TFSBUILD11" startTime="2015-09-28T09:44:09.9870350-07:00" endTime="2015-09-28T09:44:09.9870350-07:00" testType="13cdc9d9-ddb5-4fa4-a97d-d965ccfc6d4b" outcome="NotExecuted" testListId="8c84fa94-04c1-424b-9868-57a2d4851a1d" relativeResultsDirectory="646d6ca1-bb1d-4521-a8a5-1cded242e47a" />
    <UnitTestResult executionId="6e950c30-a86a-45ed-af2f-5998699191e6" testId="4d9d0cd4-8627-ee03-3c1b-4b429272aafc" testName="UpdateUpdatesTypeletCache" computerName="TFSBUILD11" startTime="2015-09-28T09:44:09.9870350-07:00" endTime="2015-09-28T09:44:09.9870350-07:00" testType="13cdc9d9-ddb5-4fa4-a97d-d965ccfc6d4b" outcome="NotExecuted" testListId="8c84fa94-04c1-424b-9868-57a2d4851a1d" relativeResultsDirectory="6e950c30-a86a-45ed-af2f-5998699191e6" />
    <UnitTestResult executionId="a020e857-f640-48f2-860d-b240701adf99" testId="4bbe79e1-836c-8abe-bcd1-cff23767707b" testName="GetWorkItemTypeEmptyProcessId" computerName="TFSBUILD11" duration="00:00:00.0887664" startTime="2015-09-28T09:44:09.9870350-07:00" endTime="2015-09-28T09:44:10.0651490-07:00" testType="13cdc9d9-ddb5-4fa4-a97d-d965ccfc6d4b" outcome="Passed" testListId="8c84fa94-04c1-424b-9868-57a2d4851a1d" relativeResultsDirectory="a020e857-f640-48f2-860d-b240701adf99" />
    <UnitTestResult executionId="dc69e819-37d3-4d73-89e5-3f9232f11bbc" testId="6ff6fb44-7936-4da7-74b4-bd9174c9f73d" testName="GetWorkItemTypeEmptyWitReferenceName" computerName="TFSBUILD11" duration="00:00:00.1138415" startTime="2015-09-28T09:44:10.0651490-07:00" endTime="2015-09-28T09:44:10.1901579-07:00" testType="13cdc9d9-ddb5-4fa4-a97d-d965ccfc6d4b" outcome="Passed" testListId="8c84fa94-04c1-424b-9868-57a2d4851a1d" relativeResultsDirectory="dc69e819-37d3-4d73-89e5-3f9232f11bbc" />
    <UnitTestResult executionId="af07a95a-6db9-4902-9d96-8831d4d2b989" testId="bc9dafb1-8541-f9b3-ff0a-81c3d6ebc821" testName="GetWorkItemTypeNoReadPermission" computerName="TFSBUILD11" duration="00:00:00.1011084" startTime="2015-09-28T09:44:10.1901579-07:00" endTime="2015-09-28T09:44:10.2839143-07:00" testType="13cdc9d9-ddb5-4fa4-a97d-d965ccfc6d4b" outcome="Passed" testListId="8c84fa94-04c1-424b-9868-57a2d4851a1d" relativeResultsDirectory="af07a95a-6db9-4902-9d96-8831d4d2b989" />
    <UnitTestResult executionId="260f54e7-37d7-4986-a012-b1396b693bc9" testId="2bf68f04-253e-d851-bef7-1a1a17827b8a" testName="GetWorkItemTypeDoesNotExist" computerName="TFSBUILD11" duration="00:00:00.0943890" startTime="2015-09-28T09:44:10.2839143-07:00" endTime="2015-09-28T09:44:10.3776718-07:00" testType="13cdc9d9-ddb5-4fa4-a97d-d965ccfc6d4b" outcome="Passed" testListId="8c84fa94-04c1-424b-9868-57a2d4851a1d" relativeResultsDirectory="260f54e7-37d7-4986-a012-b1396b693bc9" />
    <UnitTestResult executionId="e3a7df3d-984e-4127-920d-ea91fa5aad69" testId="9578757a-9912-f049-1098-4006f9e6e75d" testName="GetWorkItemTypeOnlyInParent" computerName="TFSBUILD11" duration="00:00:00.0831927" startTime="2015-09-28T09:44:10.3776718-07:00" endTime="2015-09-28T09:44:10.4558012-07:00" testType="13cdc9d9-ddb5-4fa4-a97d-d965ccfc6d4b" outcome="Passed" testListId="8c84fa94-04c1-424b-9868-57a2d4851a1d" relativeResultsDirectory="e3a7df3d-984e-4127-920d-ea91fa5aad69" />
    <UnitTestResult executionId="83624c15-98d2-4543-a23e-f2a12374fcdc" testId="300cda21-79f8-16af-a1ef-5572cd2312d9" testName="GetWorkItemTypeInheritedParentRefName" computerName="TFSBUILD11" duration="00:00:00.0812417" startTime="2015-09-28T09:44:10.4558012-07:00" endTime="2015-09-28T09:44:10.5495602-07:00" testType="13cdc9d9-ddb5-4fa4-a97d-d965ccfc6d4b" outcome="Passed" testListId="8c84fa94-04c1-424b-9868-57a2d4851a1d" relativeResultsDirectory="83624c15-98d2-4543-a23e-f2a12374fcdc" />
    <UnitTestResult executionId="5c862737-d55d-489c-aa6c-d6c5d8791014" testId="a5a647d2-25e0-11f0-1a54-bf21d8a10331" testName="GetWorkItemTypeInheritedChildRefName" computerName="TFSBUILD11" duration="00:00:00.0688487" startTime="2015-09-28T09:44:10.5495602-07:00" endTime="2015-09-28T09:44:10.6120774-07:00" testType="13cdc9d9-ddb5-4fa4-a97d-d965ccfc6d4b" outcome="Passed" testListId="8c84fa94-04c1-424b-9868-57a2d4851a1d" relativeResultsDirectory="5c862737-d55d-489c-aa6c-d6c5d8791014" />
    <UnitTestResult executionId="4cddaf84-7e79-43b1-b959-5dfac932626e" testId="5e6c9546-aeac-1a30-70ed-f2b7709cc12f" testName="GetAllWorkItemTypesEmptyProcessId" computerName="TFSBUILD11" duration="00:00:00.0682352" startTime="2015-09-28T09:44:10.6120774-07:00" endTime="2015-09-28T09:44:10.6745813-07:00" testType="13cdc9d9-ddb5-4fa4-a97d-d965ccfc6d4b" outcome="Passed" testListId="8c84fa94-04c1-424b-9868-57a2d4851a1d" relativeResultsDirectory="4cddaf84-7e79-43b1-b959-5dfac932626e" />
    <UnitTestResult executionId="67a20888-c475-42e7-a57a-bd2543fbad3a" testId="804b5e13-a793-f0a8-a6e9-9a4669565c50" testName="GetAllWorkItemTypesInvalidProcessId" computerName="TFSBUILD11" duration="00:00:00.0627084" startTime="2015-09-28T09:44:10.6745813-07:00" endTime="2015-09-28T09:44:10.7370849-07:00" testType="13cdc9d9-ddb5-4fa4-a97d-d965ccfc6d4b" outcome="Passed" testListId="8c84fa94-04c1-424b-9868-57a2d4851a1d" relativeResultsDirectory="67a20888-c475-42e7-a57a-bd2543fbad3a" />
    <UnitTestResult executionId="6b0ed06d-41d9-4c3c-a6b2-a21c28823fdf" testId="8699b047-b7ac-88f9-5b94-1059d847748b" testName="GetAllWorkItemTypesNoReadPermission" computerName="TFSBUILD11" duration="00:00:00.0598194" startTime="2015-09-28T09:44:10.7370849-07:00" endTime="2015-09-28T09:44:10.7995893-07:00" testType="13cdc9d9-ddb5-4fa4-a97d-d965ccfc6d4b" outcome="Passed" testListId="8c84fa94-04c1-424b-9868-57a2d4851a1d" relativeResultsDirectory="6b0ed06d-41d9-4c3c-a6b2-a21c28823fdf" />
    <UnitTestResult executionId="698bd6ae-77a5-4896-a61f-2646d89375c5" testId="ae5c4b2d-38cf-75ef-c4a1-b3156bae6ae6" testName="GetAllWorkItemTypesParentProcess" computerName="TFSBUILD11" duration="00:00:00.0608240" startTime="2015-09-28T09:44:10.7995893-07:00" endTime="2015-09-28T09:44:10.8620929-07:00" testType="13cdc9d9-ddb5-4fa4-a97d-d965ccfc6d4b" outcome="Passed" testListId="8c84fa94-04c1-424b-9868-57a2d4851a1d" relativeResultsDirectory="698bd6ae-77a5-4896-a61f-2646d89375c5" />
    <UnitTestResult executionId="417eec3e-21a7-4b46-b7ad-d0f810285c52" testId="5d74b239-1614-234c-c9ac-21c67033aecf" testName="GetAllWorkItemTypesChildProcess" computerName="TFSBUILD11" duration="00:00:00.0667831" startTime="2015-09-28T09:44:10.8620929-07:00" endTime="2015-09-28T09:44:10.9245982-07:00" testType="13cdc9d9-ddb5-4fa4-a97d-d965ccfc6d4b" outcome="Passed" testListId="8c84fa94-04c1-424b-9868-57a2d4851a1d" relativeResultsDirectory="417eec3e-21a7-4b46-b7ad-d0f810285c52" />
    <UnitTestResult executionId="8900df64-f054-425c-8ffc-7715c6a80c92" testId="325f3fad-7ef6-ee89-1355-8b5ce9d70b08" testName="GetAvailableFieldsEmptyProcessId" computerName="TFSBUILD11" duration="00:00:00.1392819" startTime="2015-09-28T09:44:10.9245982-07:00" endTime="2015-09-28T09:44:11.0652395-07:00" testType="13cdc9d9-ddb5-4fa4-a97d-d965ccfc6d4b" outcome="Passed" testListId="8c84fa94-04c1-424b-9868-57a2d4851a1d" relativeResultsDirectory="8900df64-f054-425c-8ffc-7715c6a80c92" />
    <UnitTestResult executionId="711d14d3-de59-4882-955b-f3fa42674aad" testId="45f3e5c5-cf0b-0b5c-61ee-952395019322" testName="GetAvailableFieldsEmptyWitReferenceName" computerName="TFSBUILD11" duration="00:00:00.1150965" startTime="2015-09-28T09:44:11.0652395-07:00" endTime="2015-09-28T09:44:11.1902470-07:00" testType="13cdc9d9-ddb5-4fa4-a97d-d965ccfc6d4b" outcome="Passed" testListId="8c84fa94-04c1-424b-9868-57a2d4851a1d" relativeResultsDirectory="711d14d3-de59-4882-955b-f3fa42674aad" />
    <UnitTestResult executionId="1fb507a9-01b6-4e0b-bb13-b7f6c5b517ef" testId="ae7e9735-b931-aac0-fbae-ba597844f3a3" testName="GetAvailableFieldsNoReadPermissions" computerName="TFSBUILD11" duration="00:00:00.1041144" startTime="2015-09-28T09:44:11.1902470-07:00" endTime="2015-09-28T09:44:11.2840025-07:00" testType="13cdc9d9-ddb5-4fa4-a97d-d965ccfc6d4b" outcome="Passed" testListId="8c84fa94-04c1-424b-9868-57a2d4851a1d" relativeResultsDirectory="1fb507a9-01b6-4e0b-bb13-b7f6c5b517ef" />
    <UnitTestResult executionId="bf309c71-74be-4d90-86b7-dc67e379ca83" testId="36edbda0-198a-07a1-1187-3a3c45fe5133" testName="GetAvailableFieldsParentWit" computerName="TFSBUILD11" duration="00:00:00.1710207" startTime="2015-09-28T09:44:11.2996283-07:00" endTime="2015-09-28T09:44:11.4558735-07:00" testType="13cdc9d9-ddb5-4fa4-a97d-d965ccfc6d4b" outcome="Passed" testListId="8c84fa94-04c1-424b-9868-57a2d4851a1d" relativeResultsDirectory="bf309c71-74be-4d90-86b7-dc67e379ca83" />
    <UnitTestResult executionId="71a444b2-5336-4fb4-9530-d7cd8124e4be" testId="acc8ab48-77f8-41c4-6b64-1765175c52e7" testName="GetAvailableFieldsChildProcessParentWit" computerName="TFSBUILD11" duration="00:00:00.1638521" startTime="2015-09-28T09:44:11.4558735-07:00" endTime="2015-09-28T09:44:11.6277607-07:00" testType="13cdc9d9-ddb5-4fa4-a97d-d965ccfc6d4b" outcome="Passed" testListId="8c84fa94-04c1-424b-9868-57a2d4851a1d" relativeResultsDirectory="71a444b2-5336-4fb4-9530-d7cd8124e4be" />
    <UnitTestResult executionId="11084045-8f0e-42bf-aedf-ee6b5e6bb840" testId="fc6e04e7-1814-82d6-37a7-c24d4baeb3cb" testName="GetAvailableFieldsChildProcessChildWit" computerName="TFSBUILD11" duration="00:00:00.1279055" startTime="2015-09-28T09:44:11.6277607-07:00" endTime="2015-09-28T09:44:11.7527690-07:00" testType="13cdc9d9-ddb5-4fa4-a97d-d965ccfc6d4b" outcome="Passed" testListId="8c84fa94-04c1-424b-9868-57a2d4851a1d" relativeResultsDirectory="11084045-8f0e-42bf-aedf-ee6b5e6bb840" />
    <UnitTestResult executionId="ed4e4c75-0344-45fa-aa12-a4228414972f" testId="e0cab643-f364-1960-6c58-a63aabdc0831" testName="CreateWorkItemTypeInvalidInheritedTypeName" computerName="TFSBUILD11" duration="00:00:00.1023278" startTime="2015-09-28T09:44:11.7527690-07:00" endTime="2015-09-28T09:44:11.8621515-07:00" testType="13cdc9d9-ddb5-4fa4-a97d-d965ccfc6d4b" outcome="Passed" testListId="8c84fa94-04c1-424b-9868-57a2d4851a1d" relativeResultsDirectory="ed4e4c75-0344-45fa-aa12-a4228414972f" />
    <UnitTestResult executionId="bd90212b-7b18-4c36-bfc5-8d16a7f8cb98" testId="82234017-d40e-529c-df45-f9ca8079e507" testName="CreateWorkItemTypeNameContainsIllegalCharacter" computerName="TFSBUILD11" duration="00:00:00.0884660" startTime="2015-09-28T09:44:11.8621515-07:00" endTime="2015-09-28T09:44:11.9402824-07:00" testType="13cdc9d9-ddb5-4fa4-a97d-d965ccfc6d4b" outcome="Passed" testListId="8c84fa94-04c1-424b-9868-57a2d4851a1d" relativeResultsDirectory="bd90212b-7b18-4c36-bfc5-8d16a7f8cb98" />
    <UnitTestResult executionId="371f8f0e-6f57-45ad-b209-f30eeb2164bd" testId="724d1673-85ed-5df0-60b2-4269bffceb52" testName="CreateWorkItemTypNameTooLong" computerName="TFSBUILD11" duration="00:00:00.0813145" startTime="2015-09-28T09:44:11.9402824-07:00" endTime="2015-09-28T09:44:12.0340387-07:00" testType="13cdc9d9-ddb5-4fa4-a97d-d965ccfc6d4b" outcome="Passed" testListId="8c84fa94-04c1-424b-9868-57a2d4851a1d" relativeResultsDirectory="371f8f0e-6f57-45ad-b209-f30eeb2164bd" />
    <UnitTestResult executionId="0653dee6-91c8-4ab8-92f9-48e4a5d7f554" testId="c5d24360-3f41-ef7c-a904-90eaaebdce61" testName="CreateWorkItemTypeDescriptionTooLong" computerName="TFSBUILD11" duration="00:00:00.0749924" startTime="2015-09-28T09:44:12.0340387-07:00" endTime="2015-09-28T09:44:12.0965435-07:00" testType="13cdc9d9-ddb5-4fa4-a97d-d965ccfc6d4b" outcome="Passed" testListId="8c84fa94-04c1-424b-9868-57a2d4851a1d" relativeResultsDirectory="0653dee6-91c8-4ab8-92f9-48e4a5d7f554" />
    <UnitTestResult executionId="cc2602c1-1713-48c7-bd0c-214a72b41d72" testId="0f122b05-54f0-9456-9a94-ca2e9d81e043" testName="CreateWorkItemTypeNoWritePermission" computerName="TFSBUILD11" duration="00:00:00.0721983" startTime="2015-09-28T09:44:12.0965435-07:00" endTime="2015-09-28T09:44:12.1746732-07:00" testType="13cdc9d9-ddb5-4fa4-a97d-d965ccfc6d4b" outcome="Passed" testListId="8c84fa94-04c1-424b-9868-57a2d4851a1d" relativeResultsDirectory="cc2602c1-1713-48c7-bd0c-214a72b41d72" />
    <UnitTestResult executionId="eb90fc79-ffc2-4ebf-8b8d-9c02a8e6b1ce" testId="6adaada0-9467-a84d-27f9-217998f433a3" testName="CreateWorkItemTypeAlreadyExists" computerName="TFSBUILD11" duration="00:00:00.0715746" startTime="2015-09-28T09:44:12.1746732-07:00" endTime="2015-09-28T09:44:12.2528037-07:00" testType="13cdc9d9-ddb5-4fa4-a97d-d965ccfc6d4b" outcome="Passed" testListId="8c84fa94-04c1-424b-9868-57a2d4851a1d" relativeResultsDirectory="eb90fc79-ffc2-4ebf-8b8d-9c02a8e6b1ce" />
    <UnitTestResult executionId="ddfe0957-55be-447c-9b48-880f64418d3a" testId="2c0a4f6c-77b2-97ed-a35f-1f44583e24dc" testName="UpdateWorkItemTypeFieldNoWritePermission" computerName="TFSBUILD11" duration="00:00:00.1230137" startTime="2015-09-28T09:44:12.2528037-07:00" endTime="2015-09-28T09:44:12.3778200-07:00" testType="13cdc9d9-ddb5-4fa4-a97d-d965ccfc6d4b" outcome="Passed" testListId="8c84fa94-04c1-424b-9868-57a2d4851a1d" relativeResultsDirectory="ddfe0957-55be-447c-9b48-880f64418d3a" />
    <UnitTestResult executionId="ade2522d-f4ca-4a25-ae65-e8b2e525bcb7" testId="a8394f44-5619-6438-e4e6-69333b297fed" testName="UpdateWorkItemTypeFieldTypeDoesNotExist" computerName="TFSBUILD11" duration="00:00:00.1357787" startTime="2015-09-28T09:44:12.3778200-07:00" endTime="2015-09-28T09:44:12.5028266-07:00" testType="13cdc9d9-ddb5-4fa4-a97d-d965ccfc6d4b" outcome="Passed" testListId="8c84fa94-04c1-424b-9868-57a2d4851a1d" relativeResultsDirectory="ade2522d-f4ca-4a25-ae65-e8b2e525bcb7" />
    <UnitTestResult executionId="bf0a3704-ac39-4520-b6b1-4a3d02c06c1d" testId="a64573bb-f1c8-98cb-d96b-a602664bd64d" testName="UpdateWorkItemTypeFieldDefaultRuleValueChecks" computerName="TFSBUILD11" duration="00:00:00.1256169" startTime="2015-09-28T09:44:12.5028266-07:00" endTime="2015-09-28T09:44:12.6278347-07:00" testType="13cdc9d9-ddb5-4fa4-a97d-d965ccfc6d4b" outcome="Passed" testListId="8c84fa94-04c1-424b-9868-57a2d4851a1d" relativeResultsDirectory="bf0a3704-ac39-4520-b6b1-4a3d02c06c1d" />
    <UnitTestResult executionId="f13fa7dc-634c-4594-88cb-253a3e9776bf" testId="6f0c63a8-1087-72b1-ecbe-a7d5398aab5f" testName="UpdateWorkItemTypeFieldMergeFields" computerName="TFSBUILD11" duration="00:00:00.1169044" startTime="2015-09-28T09:44:12.6278347-07:00" endTime="2015-09-28T09:44:12.7528441-07:00" testType="13cdc9d9-ddb5-4fa4-a97d-d965ccfc6d4b" outcome="Passed" testListId="8c84fa94-04c1-424b-9868-57a2d4851a1d" relativeResultsDirectory="f13fa7dc-634c-4594-88cb-253a3e9776bf" />
    <UnitTestResult executionId="871512ce-e680-4020-8026-4972bbd1c393" testId="c78a166b-77e4-b21b-7523-ffb513331d28" testName="RemoveWorkItemTypeFieldNoWritePermission" computerName="TFSBUILD11" duration="00:00:00.0911545" startTime="2015-09-28T09:44:12.7528441-07:00" endTime="2015-09-28T09:44:12.8465994-07:00" testType="13cdc9d9-ddb5-4fa4-a97d-d965ccfc6d4b" outcome="Passed" testListId="8c84fa94-04c1-424b-9868-57a2d4851a1d" relativeResultsDirectory="871512ce-e680-4020-8026-4972bbd1c393" />
    <UnitTestResult executionId="90f01d1b-2f5e-48b8-b60f-c888e9d62859" testId="18870a5f-e00d-2bcd-eb86-a42ade1f10bb" testName="RemoveWorkItemTypeFieldTypeDoesNotExist" computerName="TFSBUILD11" duration="00:00:00.0799517" startTime="2015-09-28T09:44:12.8465994-07:00" endTime="2015-09-28T09:44:12.9247313-07:00" testType="13cdc9d9-ddb5-4fa4-a97d-d965ccfc6d4b" outcome="Passed" testListId="8c84fa94-04c1-424b-9868-57a2d4851a1d" relativeResultsDirectory="90f01d1b-2f5e-48b8-b60f-c888e9d62859" />
    <UnitTestResult executionId="6fbd8018-1d8f-4850-8cd8-f89eb1813e3f" testId="b13d1658-3a79-ded8-cd35-672a21e8ca3a" testName="RemoveWorkItemTypeFieldRemovesRules" computerName="TFSBUILD11" duration="00:00:00.1822975" startTime="2015-09-28T09:44:12.9247313-07:00" endTime="2015-09-28T09:44:13.1122421-07:00" testType="13cdc9d9-ddb5-4fa4-a97d-d965ccfc6d4b" outcome="Passed" testListId="8c84fa94-04c1-424b-9868-57a2d4851a1d" relativeResultsDirectory="6fbd8018-1d8f-4850-8cd8-f89eb1813e3f" />
    <UnitTestResult executionId="59e9adb7-a0b4-410b-b407-b9d11df276eb" testId="346157a9-1e5c-c324-5563-2b772d37623a" testName="WitProcessTemplateValidatorConfigurationReturnsDefaults" computerName="TFSBUILD11" duration="00:00:00.0056177" startTime="2015-09-28T09:44:13.1122421-07:00" endTime="2015-09-28T09:44:13.1122421-07:00" testType="13cdc9d9-ddb5-4fa4-a97d-d965ccfc6d4b" outcome="Passed" testListId="8c84fa94-04c1-424b-9868-57a2d4851a1d" relativeResultsDirectory="59e9adb7-a0b4-410b-b407-b9d11df276eb" />
    <UnitTestResult executionId="6137a400-c49d-4bca-824d-132abe58eee7" testId="30b5b4d3-959f-4381-35a4-6dad35b0db03" testName="WitProcessTemplateValidatorConfigurationReturnsRegistryValues" computerName="TFSBUILD11" duration="00:00:00.0019222" startTime="2015-09-28T09:44:13.1122421-07:00" endTime="2015-09-28T09:44:13.1122421-07:00" testType="13cdc9d9-ddb5-4fa4-a97d-d965ccfc6d4b" outcome="Passed" testListId="8c84fa94-04c1-424b-9868-57a2d4851a1d" relativeResultsDirectory="6137a400-c49d-4bca-824d-132abe58eee7" />
    <UnitTestResult executionId="4f18b768-ea9a-4b48-942d-9196ab91f758" testId="a46f0562-eaf9-3a9f-6539-00b376033ffe" testName="ResultIsNotSuccessfulIfThereAreErrors" computerName="TFSBUILD11" duration="00:00:00.0011138" startTime="2015-09-28T09:44:13.1122421-07:00" endTime="2015-09-28T09:44:13.1122421-07:00" testType="13cdc9d9-ddb5-4fa4-a97d-d965ccfc6d4b" outcome="Passed" testListId="8c84fa94-04c1-424b-9868-57a2d4851a1d" relativeResultsDirectory="4f18b768-ea9a-4b48-942d-9196ab91f758" />
    <UnitTestResult executionId="44099b54-19e8-46a1-b83a-0ffc853510f1" testId="c4fbc45a-1d74-add6-a670-3646759866d6" testName="ResultIsSuccessfulIfThereAreNoErrors" computerName="TFSBUILD11" duration="00:00:00.0004494" startTime="2015-09-28T09:44:13.1122421-07:00" endTime="2015-09-28T09:44:13.1122421-07:00" testType="13cdc9d9-ddb5-4fa4-a97d-d965ccfc6d4b" outcome="Passed" testListId="8c84fa94-04c1-424b-9868-57a2d4851a1d" relativeResultsDirectory="44099b54-19e8-46a1-b83a-0ffc853510f1" />
    <UnitTestResult executionId="0daf4a63-0d96-4df2-9b97-8e54c5acb6d6" testId="4adb92ee-79bd-ffde-a632-8679f91afcf4" testName="ValidatorErrorsWhenStateIsMappedToMoreThanOneMetastate" computerName="TFSBUILD11" duration="00:00:00.2771387" startTime="2015-09-28T09:44:13.1122421-07:00" endTime="2015-09-28T09:44:13.3935224-07:00" testType="13cdc9d9-ddb5-4fa4-a97d-d965ccfc6d4b" outcome="Passed" testListId="8c84fa94-04c1-424b-9868-57a2d4851a1d" relativeResultsDirectory="0daf4a63-0d96-4df2-9b97-8e54c5acb6d6" />
    <UnitTestResult executionId="4b9dbea1-26de-4287-9352-50ee9ff54cde" testId="e3aea890-fa6c-5397-912b-324e798ba894" testName="ValidatorErrorsWhenTypeDoesNotHaveAnyOfTheMappedProposedStatesFromFeature" computerName="TFSBUILD11" duration="00:00:00.0261073" startTime="2015-09-28T09:44:13.3935224-07:00" endTime="2015-09-28T09:44:13.4247769-07:00" testType="13cdc9d9-ddb5-4fa4-a97d-d965ccfc6d4b" outcome="Passed" testListId="8c84fa94-04c1-424b-9868-57a2d4851a1d" relativeResultsDirectory="4b9dbea1-26de-4287-9352-50ee9ff54cde" />
    <UnitTestResult executionId="198ce8b0-b88a-4a3f-8d50-2ada5106eeb1" testId="d3a9100d-a9e7-cb85-f9e4-e1e52baf646b" testName="ValidatorErrorsWhenTypeDoesNotHaveAnyOfTheMappedCompleteStatesFromFeature" computerName="TFSBUILD11" duration="00:00:00.0209737" startTime="2015-09-28T09:44:13.4247769-07:00" endTime="2015-09-28T09:44:13.4404030-07:00" testType="13cdc9d9-ddb5-4fa4-a97d-d965ccfc6d4b" outcome="Passed" testListId="8c84fa94-04c1-424b-9868-57a2d4851a1d" relativeResultsDirectory="198ce8b0-b88a-4a3f-8d50-2ada5106eeb1" />
    <UnitTestResult executionId="b36730ad-297d-4775-aedd-29f891326290" testId="75dc72a2-f12e-beca-e0a1-c53642499c34" testName="ValidatorErrorsWhenTypeHasMultipleMappedCompleteStatesFromFeature" computerName="TFSBUILD11" duration="00:00:00.0209100" startTime="2015-09-28T09:44:13.4404030-07:00" endTime="2015-09-28T09:44:13.4560279-07:00" testType="13cdc9d9-ddb5-4fa4-a97d-d965ccfc6d4b" outcome="Passed" testListId="8c84fa94-04c1-424b-9868-57a2d4851a1d" relativeResultsDirectory="b36730ad-297d-4775-aedd-29f891326290" />
    <UnitTestResult executionId="034759f6-5b8a-4d4b-8cf7-71c03ce16c78" testId="79ca96c2-de0d-4cb9-31f2-fe8d9ff5eb9f" testName="ValidatorPassesWhenTypeHasMultipleMappedProposedStatesFromFeature" computerName="TFSBUILD11" duration="00:00:00.0270631" startTime="2015-09-28T09:44:13.4560279-07:00" endTime="2015-09-28T09:44:13.4872802-07:00" testType="13cdc9d9-ddb5-4fa4-a97d-d965ccfc6d4b" outcome="Passed" testListId="8c84fa94-04c1-424b-9868-57a2d4851a1d" relativeResultsDirectory="034759f6-5b8a-4d4b-8cf7-71c03ce16c78" />
    <UnitTestResult executionId="069cf6a1-eefa-40c1-99c5-428b293dfe30" testId="e1c11211-08f2-fe8b-2a1a-f5ea8cbe5156" testName="ValidatorErrorsWhenTestPlanCategoryIsMissingAndTestPlanFeatureIsNotProvided" computerName="TFSBUILD11" duration="00:00:00.0224505" startTime="2015-09-28T09:44:13.4872802-07:00" endTime="2015-09-28T09:44:13.5185327-07:00" testType="13cdc9d9-ddb5-4fa4-a97d-d965ccfc6d4b" outcome="Passed" testListId="8c84fa94-04c1-424b-9868-57a2d4851a1d" relativeResultsDirectory="069cf6a1-eefa-40c1-99c5-428b293dfe30" />
    <UnitTestResult executionId="62fc7e02-df78-40db-af9c-8367dcada609" testId="613dee43-4159-6c7f-9db6-aca4c7442130" testName="ValidatorErrorsWhenTestPlanCategoryIsMissingAndTestSuiteFeatureIsNotProvided" computerName="TFSBUILD11" duration="00:00:00.0189516" startTime="2015-09-28T09:44:13.5185327-07:00" endTime="2015-09-28T09:44:13.5341582-07:00" testType="13cdc9d9-ddb5-4fa4-a97d-d965ccfc6d4b" outcome="Passed" testListId="8c84fa94-04c1-424b-9868-57a2d4851a1d" relativeResultsDirectory="62fc7e02-df78-40db-af9c-8367dcada609" />
    <UnitTestResult executionId="d0ce1e68-291d-4ccd-8396-a70f3c1e243b" testId="b538c639-ef77-3920-3aeb-60e2cd667fca" testName="ValidatorErrorsWhenTestPlanStateIsMissingAndTestSuiteFeatureIsNotProvided" computerName="TFSBUILD11" duration="00:00:00.0360302" startTime="2015-09-28T09:44:13.5341582-07:00" endTime="2015-09-28T09:44:13.5654116-07:00" testType="13cdc9d9-ddb5-4fa4-a97d-d965ccfc6d4b" outcome="Passed" testListId="8c84fa94-04c1-424b-9868-57a2d4851a1d" relativeResultsDirectory="d0ce1e68-291d-4ccd-8396-a70f3c1e243b" />
    <UnitTestResult executionId="985d629d-3a6c-4dce-8156-dc524c75de15" testId="03293ed6-a40b-edb4-35bb-245bfec22d53" testName="ValidatorErrorsWhenTestSuiteStateIsMissingAndTestSuiteFeatureIsNotProvided" computerName="TFSBUILD11" duration="00:00:00.0312171" startTime="2015-09-28T09:44:13.5654116-07:00" endTime="2015-09-28T09:44:13.5966541-07:00" testType="13cdc9d9-ddb5-4fa4-a97d-d965ccfc6d4b" outcome="Passed" testListId="8c84fa94-04c1-424b-9868-57a2d4851a1d" relativeResultsDirectory="985d629d-3a6c-4dce-8156-dc524c75de15" />
    <UnitTestResult executionId="c9dd719e-6baa-48ae-8198-dd88c29db5e7" testId="a073a537-bb51-16e1-c419-cb94c2999ae7" testName="ValidatorPassesWhenTestPlanStateIsNonDefaultAndTestSuiteFeatureIsProvided" computerName="TFSBUILD11" duration="00:00:00.0642225" startTime="2015-09-28T09:44:13.5966541-07:00" endTime="2015-09-28T09:44:13.6591614-07:00" testType="13cdc9d9-ddb5-4fa4-a97d-d965ccfc6d4b" outcome="Passed" testListId="8c84fa94-04c1-424b-9868-57a2d4851a1d" relativeResultsDirectory="c9dd719e-6baa-48ae-8198-dd88c29db5e7" />
    <UnitTestResult executionId="04366d65-b866-4421-909d-d0994328dc7e" testId="93eae9b9-fe0b-5c0b-ac4d-3c4ed4bd6bc3" testName="ValidatorPassesWhenTestSuiteStateIsNonDefaultAndTestSuiteFeatureIsProvided" computerName="TFSBUILD11" duration="00:00:00.0644828" startTime="2015-09-28T09:44:13.6591614-07:00" endTime="2015-09-28T09:44:13.7216633-07:00" testType="13cdc9d9-ddb5-4fa4-a97d-d965ccfc6d4b" outcome="Passed" testListId="8c84fa94-04c1-424b-9868-57a2d4851a1d" relativeResultsDirectory="04366d65-b866-4421-909d-d0994328dc7e" />
    <UnitTestResult executionId="e0e99291-ea09-4086-b0b5-cf828ffab7da" testId="f76ccab6-81f4-c469-b136-1d2fa2f441f9" testName="ValidatorErrorsWithMissingHardcodedCategory" computerName="TFSBUILD11" duration="00:00:00.0479208" startTime="2015-09-28T09:44:13.7216633-07:00" endTime="2015-09-28T09:44:13.7685419-07:00" testType="13cdc9d9-ddb5-4fa4-a97d-d965ccfc6d4b" outcome="Passed" testListId="8c84fa94-04c1-424b-9868-57a2d4851a1d" relativeResultsDirectory="e0e99291-ea09-4086-b0b5-cf828ffab7da" />
    <UnitTestResult executionId="0abfe79b-4a72-4e66-b4a3-e2d90e4af9f8" testId="cde79e5d-2221-76c6-9d5b-2038580227cb" testName="ValidatorErrorsWhenHardcodedCategoryStateIsMissing" computerName="TFSBUILD11" duration="00:00:00.0520350" startTime="2015-09-28T09:44:13.7685419-07:00" endTime="2015-09-28T09:44:13.8310458-07:00" testType="13cdc9d9-ddb5-4fa4-a97d-d965ccfc6d4b" outcome="Passed" testListId="8c84fa94-04c1-424b-9868-57a2d4851a1d" relativeResultsDirectory="0abfe79b-4a72-4e66-b4a3-e2d90e4af9f8" />
    <UnitTestResult executionId="551dd608-6e39-4507-a5b9-053a2aaff3c7" testId="328149e2-878f-79db-ec8e-8677770b1561" testName="ValidatorErrorsOnMissingFieldForFeature" computerName="TFSBUILD11" duration="00:00:00.0431333" startTime="2015-09-28T09:44:13.8310458-07:00" endTime="2015-09-28T09:44:13.8779238-07:00" testType="13cdc9d9-ddb5-4fa4-a97d-d965ccfc6d4b" outcome="Passed" testListId="8c84fa94-04c1-424b-9868-57a2d4851a1d" relativeResultsDirectory="551dd608-6e39-4507-a5b9-053a2aaff3c7" />
    <UnitTestResult executionId="581d9833-0bf9-4e73-bee9-12269b7e6803" testId="1deea6a9-a31e-a48a-688a-027a5efddf92" testName="ValidatorErrorsOnMissingFieldForFeatureViaHardcodedCategory" computerName="TFSBUILD11" duration="00:00:00.0443726" startTime="2015-09-28T09:44:13.8779238-07:00" endTime="2015-09-28T09:44:13.9091758-07:00" testType="13cdc9d9-ddb5-4fa4-a97d-d965ccfc6d4b" outcome="Passed" testListId="8c84fa94-04c1-424b-9868-57a2d4851a1d" relativeResultsDirectory="581d9833-0bf9-4e73-bee9-12269b7e6803" />
    <UnitTestResult executionId="7d295827-bcbc-4ce1-80cd-a51b3692e166" testId="df8c33d0-d879-ad87-a6f2-914c7f9bc43b" testName="ValidatorErrorsOnTooManyWITsInTemplate" computerName="TFSBUILD11" duration="00:00:00.0370801" startTime="2015-09-28T09:44:13.9091758-07:00" endTime="2015-09-28T09:44:13.9560544-07:00" testType="13cdc9d9-ddb5-4fa4-a97d-d965ccfc6d4b" outcome="Passed" testListId="8c84fa94-04c1-424b-9868-57a2d4851a1d" relativeResultsDirectory="7d295827-bcbc-4ce1-80cd-a51b3692e166" />
    <UnitTestResult executionId="df1a9977-da1f-48cb-9de2-79d7930d32ff" testId="7b075a53-247e-1454-2e40-5c30007e2304" testName="ValidatorErrorsOnTooManyFieldsInTemplate" computerName="TFSBUILD11" duration="00:00:00.0414724" startTime="2015-09-28T09:44:13.9560544-07:00" endTime="2015-09-28T09:44:14.0029447-07:00" testType="13cdc9d9-ddb5-4fa4-a97d-d965ccfc6d4b" outcome="Passed" testListId="8c84fa94-04c1-424b-9868-57a2d4851a1d" relativeResultsDirectory="df1a9977-da1f-48cb-9de2-79d7930d32ff" />
    <UnitTestResult executionId="83e95e9f-7bce-4ca5-b141-8111506833f4" testId="41e66f34-230a-3753-01bc-abdd77965d36" testName="ValidatorErrorsOnTooManyCategories" computerName="TFSBUILD11" duration="00:00:00.0403751" startTime="2015-09-28T09:44:14.0029447-07:00" endTime="2015-09-28T09:44:14.0341969-07:00" testType="13cdc9d9-ddb5-4fa4-a97d-d965ccfc6d4b" outcome="Passed" testListId="8c84fa94-04c1-424b-9868-57a2d4851a1d" relativeResultsDirectory="83e95e9f-7bce-4ca5-b141-8111506833f4" />
    <UnitTestResult executionId="e434c82c-d609-428a-9392-f87be5b7c14c" testId="0533e0fe-df66-1ea7-c2df-e4ce4b1548a7" testName="ValidatorErrorsOnTooManyGlobalListsWhenGlobalListsArePermitted" computerName="TFSBUILD11" duration="00:00:00.0352772" startTime="2015-09-28T09:44:14.0341969-07:00" endTime="2015-09-28T09:44:14.0654508-07:00" testType="13cdc9d9-ddb5-4fa4-a97d-d965ccfc6d4b" outcome="Passed" testListId="8c84fa94-04c1-424b-9868-57a2d4851a1d" relativeResultsDirectory="e434c82c-d609-428a-9392-f87be5b7c14c" />
    <UnitTestResult executionId="aa2b7b5e-9255-4c38-9dde-61af63eba458" testId="9b4fac3d-2ae2-e57e-6b9a-188382130bb2" testName="ValidatorDoesNotErrorsOnTooManyGlobalListsWhenGlobalListsAreNotPermitted" computerName="TFSBUILD11" duration="00:00:00.0379647" startTime="2015-09-28T09:44:14.0654508-07:00" endTime="2015-09-28T09:44:14.1123272-07:00" testType="13cdc9d9-ddb5-4fa4-a97d-d965ccfc6d4b" outcome="Passed" testListId="8c84fa94-04c1-424b-9868-57a2d4851a1d" relativeResultsDirectory="aa2b7b5e-9255-4c38-9dde-61af63eba458" />
    <UnitTestResult executionId="70bed003-ba64-427a-8a92-ea58a167c23c" testId="9bd60b5e-0f21-91d7-e3f3-7404e39edac1" testName="ValidatorErrorsOnTooManyItemsInGlobalListsWhenGlobalListsArePermitted" computerName="TFSBUILD11" duration="00:00:00.0321916" startTime="2015-09-28T09:44:14.1123272-07:00" endTime="2015-09-28T09:44:14.1435794-07:00" testType="13cdc9d9-ddb5-4fa4-a97d-d965ccfc6d4b" outcome="Passed" testListId="8c84fa94-04c1-424b-9868-57a2d4851a1d" relativeResultsDirectory="70bed003-ba64-427a-8a92-ea58a167c23c" />
    <UnitTestResult executionId="c43917f9-1c2a-4a5f-8b47-6de57c7fb083" testId="4178f710-1c0d-3f87-d897-33cbb54f1d5c" testName="ValidatorDoesNotErrorsOnTooManyItemsInGlobalListsWhenGlobalListsAreNotPermitted" computerName="TFSBUILD11" duration="00:00:00.0338621" startTime="2015-09-28T09:44:14.1435794-07:00" endTime="2015-09-28T09:44:14.1748302-07:00" testType="13cdc9d9-ddb5-4fa4-a97d-d965ccfc6d4b" outcome="Passed" testListId="8c84fa94-04c1-424b-9868-57a2d4851a1d" relativeResultsDirectory="c43917f9-1c2a-4a5f-8b47-6de57c7fb083" />
    <UnitTestResult executionId="1aedf4b0-00cf-4f6c-86ab-035dd8caacb2" testId="ea9ebb11-ea77-4694-696b-d06ee0a2a731" testName="ValidatorErrorsIfTooManyCustomLinkTypesAreDefinedAndCustomLinkTypesArePermitted" computerName="TFSBUILD11" duration="00:00:00.0350252" startTime="2015-09-28T09:44:14.1748302-07:00" endTime="2015-09-28T09:44:14.2060838-07:00" testType="13cdc9d9-ddb5-4fa4-a97d-d965ccfc6d4b" outcome="Passed" testListId="8c84fa94-04c1-424b-9868-57a2d4851a1d" relativeResultsDirectory="1aedf4b0-00cf-4f6c-86ab-035dd8caacb2" />
    <UnitTestResult executionId="fc761ab2-1161-4030-8c87-c4da7778c42b" testId="35eab3a8-e310-a103-3496-599d135029c1" testName="ValidatorDoesNotErrorOnTooManyCustomLinkTypesAreDefinedAndCustomLinkTypesAreNotPermitted" computerName="TFSBUILD11" duration="00:00:00.0299166" startTime="2015-09-28T09:44:14.2060838-07:00" endTime="2015-09-28T09:44:14.2373366-07:00" testType="13cdc9d9-ddb5-4fa4-a97d-d965ccfc6d4b" outcome="Passed" testListId="8c84fa94-04c1-424b-9868-57a2d4851a1d" relativeResultsDirectory="fc761ab2-1161-4030-8c87-c4da7778c42b" />
    <UnitTestResult executionId="dafee2a6-11a0-4c73-af4b-496155e8b7dd" testId="e11c127e-d735-902b-aaaf-7c58f71fdba3" testName="ValidatorErrorsForWorkItemWithTooManyStates" computerName="TFSBUILD11" duration="00:00:00.0816302" startTime="2015-09-28T09:44:14.2373366-07:00" endTime="2015-09-28T09:44:14.3311015-07:00" testType="13cdc9d9-ddb5-4fa4-a97d-d965ccfc6d4b" outcome="Passed" testListId="8c84fa94-04c1-424b-9868-57a2d4851a1d" relativeResultsDirectory="dafee2a6-11a0-4c73-af4b-496155e8b7dd" />
    <UnitTestResult executionId="a7ba58be-0875-4897-881c-69f322ddad3b" testId="8d39ec3b-9bc1-2390-da4c-41f9ca676448" testName="ValidatorErrorsForWorkItemWithTooManyValuesInAllowedValuesList" computerName="TFSBUILD11" duration="00:00:00.0788444" startTime="2015-09-28T09:44:14.3311015-07:00" endTime="2015-09-28T09:44:14.4092369-07:00" testType="13cdc9d9-ddb5-4fa4-a97d-d965ccfc6d4b" outcome="Passed" testListId="8c84fa94-04c1-424b-9868-57a2d4851a1d" relativeResultsDirectory="a7ba58be-0875-4897-881c-69f322ddad3b" />
    <UnitTestResult executionId="dbe3d80e-63ff-4320-9b3e-bd36e533fd41" testId="e716f945-54ec-93a4-ac34-96a3d362b106" testName="ValidatorErrorsForWorkItemTypeWithTooManySyncNameChangesFields" computerName="TFSBUILD11" duration="00:00:00.0998008" startTime="2015-09-28T09:44:14.4092369-07:00" endTime="2015-09-28T09:44:14.5029663-07:00" testType="13cdc9d9-ddb5-4fa4-a97d-d965ccfc6d4b" outcome="Passed" testListId="8c84fa94-04c1-424b-9868-57a2d4851a1d" relativeResultsDirectory="dbe3d80e-63ff-4320-9b3e-bd36e533fd41" />
    <UnitTestResult executionId="44e1955c-2b72-4095-874b-b84a333cf4fc" testId="cf2eb544-ce12-beaf-e33a-8c9a6c40408d" testName="ValidatorErrorsForTooManyFieldsOnWorkItemType" computerName="TFSBUILD11" duration="00:00:00.0731191" startTime="2015-09-28T09:44:14.5029663-07:00" endTime="2015-09-28T09:44:14.5811207-07:00" testType="13cdc9d9-ddb5-4fa4-a97d-d965ccfc6d4b" outcome="Passed" testListId="8c84fa94-04c1-424b-9868-57a2d4851a1d" relativeResultsDirectory="44e1955c-2b72-4095-874b-b84a333cf4fc" />
    <UnitTestResult executionId="8f3b4fe7-ede4-4eed-844d-61fdf499df45" testId="4f2cf9c7-5e93-e4c2-7031-b19171d78b24" testName="ValidatorErrorsForTooManyLeafNodeRulesOnWorkItemType" computerName="TFSBUILD11" duration="00:00:00.0602961" startTime="2015-09-28T09:44:14.5811207-07:00" endTime="2015-09-28T09:44:14.6436007-07:00" testType="13cdc9d9-ddb5-4fa4-a97d-d965ccfc6d4b" outcome="Passed" testListId="8c84fa94-04c1-424b-9868-57a2d4851a1d" relativeResultsDirectory="8f3b4fe7-ede4-4eed-844d-61fdf499df45" />
    <UnitTestResult executionId="35707c35-2dea-45fb-bfe8-5e9ec5e21f38" testId="239f27e5-620b-9270-7a74-58ca99aa6bb8" testName="ValidatorErrorsWithSingleTemplateNameForFieldWithInconsistentDefinition" computerName="TFSBUILD11" duration="00:00:00.0626874" startTime="2015-09-28T09:44:14.6436007-07:00" endTime="2015-09-28T09:44:14.7061248-07:00" testType="13cdc9d9-ddb5-4fa4-a97d-d965ccfc6d4b" outcome="Passed" testListId="8c84fa94-04c1-424b-9868-57a2d4851a1d" relativeResultsDirectory="35707c35-2dea-45fb-bfe8-5e9ec5e21f38" />
    <UnitTestResult executionId="e57e156e-107f-4377-adb8-8fa3e64bd091" testId="e444ed0a-4571-5b64-e3e6-3fcb2ecf7394" testName="ValidatorErrorsForFieldsWithSyncNameChangesInconsistentInTemplate" computerName="TFSBUILD11" duration="00:00:00.0568813" startTime="2015-09-28T09:44:14.7061248-07:00" endTime="2015-09-28T09:44:14.7530023-07:00" testType="13cdc9d9-ddb5-4fa4-a97d-d965ccfc6d4b" outcome="Passed" testListId="8c84fa94-04c1-424b-9868-57a2d4851a1d" relativeResultsDirectory="e57e156e-107f-4377-adb8-8fa3e64bd091" />
    <UnitTestResult executionId="11b72240-5c6e-495b-9aa6-46e11d442181" testId="c62ea68c-7565-525c-aa20-ea90735e1a18" testName="ValidatorErrorsForFieldsWithSyncNameChangesNotOnSystemField" computerName="TFSBUILD11" duration="00:00:00.0446992" startTime="2015-09-28T09:44:14.7530023-07:00" endTime="2015-09-28T09:44:14.7998786-07:00" testType="13cdc9d9-ddb5-4fa4-a97d-d965ccfc6d4b" outcome="Passed" testListId="8c84fa94-04c1-424b-9868-57a2d4851a1d" relativeResultsDirectory="11b72240-5c6e-495b-9aa6-46e11d442181" />
    <UnitTestResult executionId="d769a3db-b577-42fd-9ef7-7449b783ddfc" testId="18bcd173-5d17-509d-5263-3bb6471de613" testName="ValidatorErrorsForFieldsWithSyncNameChangesOnSystemField" computerName="TFSBUILD11" duration="00:00:00.0484976" startTime="2015-09-28T09:44:14.7998786-07:00" endTime="2015-09-28T09:44:14.8467567-07:00" testType="13cdc9d9-ddb5-4fa4-a97d-d965ccfc6d4b" outcome="Passed" testListId="8c84fa94-04c1-424b-9868-57a2d4851a1d" relativeResultsDirectory="d769a3db-b577-42fd-9ef7-7449b783ddfc" />
    <UnitTestResult executionId="2a247062-33d9-4aaf-8e70-ccc8c763e920" testId="c04e3f5c-48bf-91d2-51a4-51463bfbe68f" testName="ValidatorPassesSpecifiedTestPlanAndTestSuiteSections" computerName="TFSBUILD11" duration="00:00:00.0391087" startTime="2015-09-28T09:44:14.8467567-07:00" endTime="2015-09-28T09:44:14.8936339-07:00" testType="13cdc9d9-ddb5-4fa4-a97d-d965ccfc6d4b" outcome="Passed" testListId="8c84fa94-04c1-424b-9868-57a2d4851a1d" relativeResultsDirectory="2a247062-33d9-4aaf-8e70-ccc8c763e920" />
    <UnitTestResult executionId="351ab7d8-a355-45a7-b55f-30f5c9fc5c50" testId="767b5a2f-6490-c6f2-3942-9bc15c9dfa25" testName="ValidatorDoesNotErrorForMalformedBugWorkItemElement" computerName="TFSBUILD11" duration="00:00:00.0441328" startTime="2015-09-28T09:44:14.8936339-07:00" endTime="2015-09-28T09:44:14.9405125-07:00" testType="13cdc9d9-ddb5-4fa4-a97d-d965ccfc6d4b" outcome="Passed" testListId="8c84fa94-04c1-424b-9868-57a2d4851a1d" relativeResultsDirectory="351ab7d8-a355-45a7-b55f-30f5c9fc5c50" />
    <UnitTestResult executionId="37f3c674-8274-4dab-8b9d-9d6bb68fe611" testId="e0f63bb4-b4ea-d2f5-0179-fa9c862ceef6" testName="ValidatorPassesKnownGoodTemplate" computerName="TFSBUILD11" duration="00:00:00.0381498" startTime="2015-09-28T09:44:14.9405125-07:00" endTime="2015-09-28T09:44:14.9717647-07:00" testType="13cdc9d9-ddb5-4fa4-a97d-d965ccfc6d4b" outcome="Passed" testListId="8c84fa94-04c1-424b-9868-57a2d4851a1d" relativeResultsDirectory="37f3c674-8274-4dab-8b9d-9d6bb68fe611" />
    <UnitTestResult executionId="af4839e6-14fc-43e9-ae3b-3f732f2e8c2e" testId="32ff4bea-34ed-8e32-2d8a-70333353767b" testName="ValidatorErrorsOnSchemaViolationOnCategories" computerName="TFSBUILD11" duration="00:00:00.0247787" startTime="2015-09-28T09:44:14.9717647-07:00" endTime="2015-09-28T09:44:15.0030164-07:00" testType="13cdc9d9-ddb5-4fa4-a97d-d965ccfc6d4b" outcome="Passed" testListId="8c84fa94-04c1-424b-9868-57a2d4851a1d" relativeResultsDirectory="af4839e6-14fc-43e9-ae3b-3f732f2e8c2e" />
    <UnitTestResult executionId="7b1f0e65-c46c-4cc8-9b90-851bad8c55a1" testId="5eee057a-50c8-83d7-581d-4499d35afe73" testName="ValidatorErrorsOnSchemaViolationOnWIT" computerName="TFSBUILD11" duration="00:00:00.0224503" startTime="2015-09-28T09:44:15.0030164-07:00" endTime="2015-09-28T09:44:15.0186428-07:00" testType="13cdc9d9-ddb5-4fa4-a97d-d965ccfc6d4b" outcome="Passed" testListId="8c84fa94-04c1-424b-9868-57a2d4851a1d" relativeResultsDirectory="7b1f0e65-c46c-4cc8-9b90-851bad8c55a1" />
    <UnitTestResult executionId="307eed71-a5c8-4077-9d2b-8111599c3e73" testId="70142317-2c2a-f0d3-63ae-2ad93b01369f" testName="ValidatorErrorsOnSchemaViolationOnLinkType" computerName="TFSBUILD11" duration="00:00:00.0237439" startTime="2015-09-28T09:44:15.0186428-07:00" endTime="2015-09-28T09:44:15.0498941-07:00" testType="13cdc9d9-ddb5-4fa4-a97d-d965ccfc6d4b" outcome="Passed" testListId="8c84fa94-04c1-424b-9868-57a2d4851a1d" relativeResultsDirectory="307eed71-a5c8-4077-9d2b-8111599c3e73" />
    <UnitTestResult executionId="fd1831a5-94cb-4793-b2bb-d3650d80f7dd" testId="2c9df544-5832-376a-ecd1-0022cbcad4d4" testName="ValidatorErrorsOnMissingProcessTemplateXmlFileInPackage" computerName="TFSBUILD11" duration="00:00:00.0029963" startTime="2015-09-28T09:44:15.0498941-07:00" endTime="2015-09-28T09:44:15.0498941-07:00" testType="13cdc9d9-ddb5-4fa4-a97d-d965ccfc6d4b" outcome="Passed" testListId="8c84fa94-04c1-424b-9868-57a2d4851a1d" relativeResultsDirectory="fd1831a5-94cb-4793-b2bb-d3650d80f7dd" />
    <UnitTestResult executionId="5a777769-f1a0-47dc-9b25-c14296cb3154" testId="90e6a74f-f40f-d1ac-3e71-8dd8bdb2529a" testName="ValidatorErrorsOnDocumentParsingFailureExceptionForProcessTemplate" computerName="TFSBUILD11" duration="00:00:00.0236973" startTime="2015-09-28T09:44:15.0498941-07:00" endTime="2015-09-28T09:44:15.0811461-07:00" testType="13cdc9d9-ddb5-4fa4-a97d-d965ccfc6d4b" outcome="Passed" testListId="8c84fa94-04c1-424b-9868-57a2d4851a1d" relativeResultsDirectory="5a777769-f1a0-47dc-9b25-c14296cb3154" />
    <UnitTestResult executionId="6df7e4ce-0e8a-4d3c-95e9-db998c97f8c8" testId="c5ec0c93-b563-7cc6-d38a-430c985d555a" testName="ValidatorErrorsOnMissingWorkItemTrackingConfigurationInPackage" computerName="TFSBUILD11" duration="00:00:00.0032304" startTime="2015-09-28T09:44:15.0811461-07:00" endTime="2015-09-28T09:44:15.0811461-07:00" testType="13cdc9d9-ddb5-4fa4-a97d-d965ccfc6d4b" outcome="Passed" testListId="8c84fa94-04c1-424b-9868-57a2d4851a1d" relativeResultsDirectory="6df7e4ce-0e8a-4d3c-95e9-db998c97f8c8" />
    <UnitTestResult executionId="b2b4f450-116b-4325-8f6e-c5606c4bf05e" testId="730cdf52-2633-db1a-86d9-73750d890a9a" testName="ValidatorErrorsOnMissingWorkItemTrackingGroupInProcessTemplate" computerName="TFSBUILD11" duration="00:00:00.0070294" startTime="2015-09-28T09:44:15.0811461-07:00" endTime="2015-09-28T09:44:15.0811461-07:00" testType="13cdc9d9-ddb5-4fa4-a97d-d965ccfc6d4b" outcome="Passed" testListId="8c84fa94-04c1-424b-9868-57a2d4851a1d" relativeResultsDirectory="b2b4f450-116b-4325-8f6e-c5606c4bf05e" />
    <UnitTestResult executionId="c7836cdd-2e9b-419e-94e3-612a683b2209" testId="d547e62b-f7e1-cf54-5064-f6feba255027" testName="ValidatorErrorsOnMissingWorkItemTypeFiles" computerName="TFSBUILD11" duration="00:00:00.0195677" startTime="2015-09-28T09:44:15.0811461-07:00" endTime="2015-09-28T09:44:15.0967574-07:00" testType="13cdc9d9-ddb5-4fa4-a97d-d965ccfc6d4b" outcome="Passed" testListId="8c84fa94-04c1-424b-9868-57a2d4851a1d" relativeResultsDirectory="c7836cdd-2e9b-419e-94e3-612a683b2209" />
    <UnitTestResult executionId="ae98033f-e1f0-42d9-8c97-e76d7e7431bc" testId="b47e6397-a17a-3c81-17ca-0f1ea8a06cd7" testName="ValidatorErrorsOnMissingCategoriesFile" computerName="TFSBUILD11" duration="00:00:00.0282253" startTime="2015-09-28T09:44:15.0967574-07:00" endTime="2015-09-28T09:44:15.1280090-07:00" testType="13cdc9d9-ddb5-4fa4-a97d-d965ccfc6d4b" outcome="Passed" testListId="8c84fa94-04c1-424b-9868-57a2d4851a1d" relativeResultsDirectory="ae98033f-e1f0-42d9-8c97-e76d7e7431bc" />
    <UnitTestResult executionId="be081b82-3177-4ce1-92c3-5d0329c75a78" testId="21b9da98-3fca-c946-c8d3-98744c275416" testName="ValidatorErrorsOnMissingProcessConfigurationFile" computerName="TFSBUILD11" duration="00:00:00.0237450" startTime="2015-09-28T09:44:15.1280090-07:00" endTime="2015-09-28T09:44:15.1592615-07:00" testType="13cdc9d9-ddb5-4fa4-a97d-d965ccfc6d4b" outcome="Passed" testListId="8c84fa94-04c1-424b-9868-57a2d4851a1d" relativeResultsDirectory="be081b82-3177-4ce1-92c3-5d0329c75a78" />
    <UnitTestResult executionId="b0e489b7-aaa3-4d24-be4e-5cc0ab025124" testId="2dfc72f1-8ea0-3597-b915-9098ae8a8076" testName="ValidatorErrorsOnNoLinkToProcessConfigDocumentInWorkItemTrackingFile" computerName="TFSBUILD11" duration="00:00:00.0293153" startTime="2015-09-28T09:44:15.1592615-07:00" endTime="2015-09-28T09:44:15.1905138-07:00" testType="13cdc9d9-ddb5-4fa4-a97d-d965ccfc6d4b" outcome="Passed" testListId="8c84fa94-04c1-424b-9868-57a2d4851a1d" relativeResultsDirectory="b0e489b7-aaa3-4d24-be4e-5cc0ab025124" />
    <UnitTestResult executionId="4a4896cb-d341-41b4-8cc3-58a9fe4e8730" testId="169cb8d0-61dd-f4f3-3122-e6f9453cd013" testName="ValidatorErrorsOnMultipleProcessConfigurationFiles" computerName="TFSBUILD11" duration="00:00:00.0233534" startTime="2015-09-28T09:44:15.1905138-07:00" endTime="2015-09-28T09:44:15.2061402-07:00" testType="13cdc9d9-ddb5-4fa4-a97d-d965ccfc6d4b" outcome="Passed" testListId="8c84fa94-04c1-424b-9868-57a2d4851a1d" relativeResultsDirectory="4a4896cb-d341-41b4-8cc3-58a9fe4e8730" />
    <UnitTestResult executionId="214b2026-6f7b-4f06-899d-c3255c372f7b" testId="cdc569e9-27f7-d80e-24d8-e55e913b3c21" testName="ValidatorErrorsOnMultipleCategoryFiles" computerName="TFSBUILD11" duration="00:00:00.0283391" startTime="2015-09-28T09:44:15.2061402-07:00" endTime="2015-09-28T09:44:15.2373921-07:00" testType="13cdc9d9-ddb5-4fa4-a97d-d965ccfc6d4b" outcome="Passed" testListId="8c84fa94-04c1-424b-9868-57a2d4851a1d" relativeResultsDirectory="214b2026-6f7b-4f06-899d-c3255c372f7b" />
    <UnitTestResult executionId="f03773f9-20d0-4737-9048-8391d61b43d2" testId="4b52b999-f71d-dda3-4ddd-1913ade28549" testName="ValidatorErrorsOnMissingLinkTypeFiles" computerName="TFSBUILD11" duration="00:00:00.0237354" startTime="2015-09-28T09:44:15.2373921-07:00" endTime="2015-09-28T09:44:15.2686605-07:00" testType="13cdc9d9-ddb5-4fa4-a97d-d965ccfc6d4b" outcome="Passed" testListId="8c84fa94-04c1-424b-9868-57a2d4851a1d" relativeResultsDirectory="f03773f9-20d0-4737-9048-8391d61b43d2" />
    <UnitTestResult executionId="6f9822d0-3cfc-4841-9aba-38e335b44db1" testId="962aaaa5-2ce0-ac7c-d46c-57a0fda4dd48" testName="ValidatorErrorsOnSameRefNameDifferentNameInsideTemplate" computerName="TFSBUILD11" duration="00:00:00.0401148" startTime="2015-09-28T09:44:15.2686605-07:00" endTime="2015-09-28T09:44:15.2999133-07:00" testType="13cdc9d9-ddb5-4fa4-a97d-d965ccfc6d4b" outcome="Passed" testListId="8c84fa94-04c1-424b-9868-57a2d4851a1d" relativeResultsDirectory="6f9822d0-3cfc-4841-9aba-38e335b44db1" />
    <UnitTestResult executionId="cac81d4a-9e29-44f3-b057-1f6580b451ba" testId="e52b29a5-8d6d-b7a4-61f7-0347777f998d" testName="ValidatorErrorsOnSameRefNameDifferentTypeInsideTemplate" computerName="TFSBUILD11" duration="00:00:00.0301834" startTime="2015-09-28T09:44:15.2999133-07:00" endTime="2015-09-28T09:44:15.3311638-07:00" testType="13cdc9d9-ddb5-4fa4-a97d-d965ccfc6d4b" outcome="Passed" testListId="8c84fa94-04c1-424b-9868-57a2d4851a1d" relativeResultsDirectory="cac81d4a-9e29-44f3-b057-1f6580b451ba" />
    <UnitTestResult executionId="69cb716b-9877-4651-837c-373c0e7cadee" testId="8461b1ac-1757-a83b-d3aa-709b32578054" testName="ValidatorErrorsOnSameNameDifferentRefNameInsideTemplate" computerName="TFSBUILD11" duration="00:00:00.0496937" startTime="2015-09-28T09:44:15.3311638-07:00" endTime="2015-09-28T09:44:15.3780422-07:00" testType="13cdc9d9-ddb5-4fa4-a97d-d965ccfc6d4b" outcome="Passed" testListId="8c84fa94-04c1-424b-9868-57a2d4851a1d" relativeResultsDirectory="69cb716b-9877-4651-837c-373c0e7cadee" />
    <UnitTestResult executionId="dc790849-62cb-4ee2-b7f3-abfbd06e9a63" testId="31ae5e43-f63f-ebc1-c483-3a061e533c4f" testName="ValidatorDoesNotErrorOnCaseOnlyDifferencesInRefName" computerName="TFSBUILD11" duration="00:00:00.0280797" startTime="2015-09-28T09:44:15.3780422-07:00" endTime="2015-09-28T09:44:15.4092941-07:00" testType="13cdc9d9-ddb5-4fa4-a97d-d965ccfc6d4b" outcome="Passed" testListId="8c84fa94-04c1-424b-9868-57a2d4851a1d" relativeResultsDirectory="dc790849-62cb-4ee2-b7f3-abfbd06e9a63" />
    <UnitTestResult executionId="716dfa46-6d2c-4383-8676-c9ff5c7fe183" testId="15da8af5-67e7-c5f5-152b-5c2ae2b44d6f" testName="ValidatorErrorsIfAnyCustomLinkTypesAreDefined" computerName="TFSBUILD11" duration="00:00:00.0342322" startTime="2015-09-28T09:44:15.4092941-07:00" endTime="2015-09-28T09:44:15.4405460-07:00" testType="13cdc9d9-ddb5-4fa4-a97d-d965ccfc6d4b" outcome="Passed" testListId="8c84fa94-04c1-424b-9868-57a2d4851a1d" relativeResultsDirectory="716dfa46-6d2c-4383-8676-c9ff5c7fe183" />
    <UnitTestResult executionId="0c85eb64-c9c9-4f58-b9b2-8f2a267d2cae" testId="1dc9dade-fed7-c7dd-8a61-8b16aef94ccd" testName="ValidatorPassesIfAnyCustomLinkTypesAreDefinedAndCustomLinkTypesArePermitted" computerName="TFSBUILD11" duration="00:00:00.0326043" startTime="2015-09-28T09:44:15.4405460-07:00" endTime="2015-09-28T09:44:15.4717974-07:00" testType="13cdc9d9-ddb5-4fa4-a97d-d965ccfc6d4b" outcome="Passed" testListId="8c84fa94-04c1-424b-9868-57a2d4851a1d" relativeResultsDirectory="0c85eb64-c9c9-4f58-b9b2-8f2a267d2cae" />
    <UnitTestResult executionId="f2130e6f-1c84-46d4-958a-013e4fc5a6a2" testId="128a218e-9f14-3fbd-2528-6d0e1d232d56" testName="ValidatorErrorsIfDupeLinkTypesAreDefined" computerName="TFSBUILD11" duration="00:00:00.0269601" startTime="2015-09-28T09:44:15.4717974-07:00" endTime="2015-09-28T09:44:15.5030496-07:00" testType="13cdc9d9-ddb5-4fa4-a97d-d965ccfc6d4b" outcome="Passed" testListId="8c84fa94-04c1-424b-9868-57a2d4851a1d" relativeResultsDirectory="f2130e6f-1c84-46d4-958a-013e4fc5a6a2" />
    <UnitTestResult executionId="48fe0290-a04f-402c-b0ca-1748ee34d2ba" testId="ab6f506b-26b6-667e-3cff-f93115a0bdf4" testName="ValidatorErrorsIfLinkTypesReferenceNameIsMalFormed" computerName="TFSBUILD11" duration="00:00:00.0236020" startTime="2015-09-28T09:44:15.5030496-07:00" endTime="2015-09-28T09:44:15.5343016-07:00" testType="13cdc9d9-ddb5-4fa4-a97d-d965ccfc6d4b" outcome="Passed" testListId="8c84fa94-04c1-424b-9868-57a2d4851a1d" relativeResultsDirectory="48fe0290-a04f-402c-b0ca-1748ee34d2ba" />
    <UnitTestResult executionId="4f5fa458-d584-4ae8-aff9-99d0e0ae85b9" testId="82c53141-704e-d3f8-623b-3a966f83a1ec" testName="ValidatorErrorsIfLinkTypesTopologyIsNotDefined" computerName="TFSBUILD11" duration="00:00:00.0263767" startTime="2015-09-28T09:44:15.5343016-07:00" endTime="2015-09-28T09:44:15.5499283-07:00" testType="13cdc9d9-ddb5-4fa4-a97d-d965ccfc6d4b" outcome="Passed" testListId="8c84fa94-04c1-424b-9868-57a2d4851a1d" relativeResultsDirectory="4f5fa458-d584-4ae8-aff9-99d0e0ae85b9" />
    <UnitTestResult executionId="bc685a72-abb3-4d30-b112-06ac739a7848" testId="b4846ad7-5994-86f0-1d6c-677dce3fddfe" testName="ValidatorErrorsIfOobTemplateLinkTypeIsInconsistentlyDefined" computerName="TFSBUILD11" duration="00:00:00.0302790" startTime="2015-09-28T09:44:15.5499283-07:00" endTime="2015-09-28T09:44:15.5811805-07:00" testType="13cdc9d9-ddb5-4fa4-a97d-d965ccfc6d4b" outcome="Passed" testListId="8c84fa94-04c1-424b-9868-57a2d4851a1d" relativeResultsDirectory="bc685a72-abb3-4d30-b112-06ac739a7848" />
    <UnitTestResult executionId="1c2277ff-cfec-400a-bd2d-a72c261ff60e" testId="6afff3c7-3024-e84f-05d3-700acbb3b726" testName="ValidatorErrorsIfLinkTypeDisplayNameIsNotUnique" computerName="TFSBUILD11" duration="00:00:00.0256281" startTime="2015-09-28T09:44:15.5811805-07:00" endTime="2015-09-28T09:44:15.6124327-07:00" testType="13cdc9d9-ddb5-4fa4-a97d-d965ccfc6d4b" outcome="Passed" testListId="8c84fa94-04c1-424b-9868-57a2d4851a1d" relativeResultsDirectory="1c2277ff-cfec-400a-bd2d-a72c261ff60e" />
    <UnitTestResult executionId="4ee35d4b-2a03-47b1-a570-19242eda24e8" testId="d923f782-5891-e0a1-1fb0-09af1d085533" testName="ValidatorErrorsForNonWhitelistedControlOnWorkItemForm" computerName="TFSBUILD11" duration="00:00:00.0704669" startTime="2015-09-28T09:44:15.6124327-07:00" endTime="2015-09-28T09:44:15.6905729-07:00" testType="13cdc9d9-ddb5-4fa4-a97d-d965ccfc6d4b" outcome="Passed" testListId="8c84fa94-04c1-424b-9868-57a2d4851a1d" relativeResultsDirectory="4ee35d4b-2a03-47b1-a570-19242eda24e8" />
    <UnitTestResult executionId="cf44025d-b59a-4afc-92f0-a370f25e8e3b" testId="cbf53f44-b220-35b4-82a6-cf9a976aad06" testName="ValidatorDoesNotErrorForNonWhitelistedControlOnWorkItemFormWithFlagSet" computerName="TFSBUILD11" duration="00:00:00.0738945" startTime="2015-09-28T09:44:15.6905729-07:00" endTime="2015-09-28T09:44:15.7530754-07:00" testType="13cdc9d9-ddb5-4fa4-a97d-d965ccfc6d4b" outcome="Passed" testListId="8c84fa94-04c1-424b-9868-57a2d4851a1d" relativeResultsDirectory="cf44025d-b59a-4afc-92f0-a370f25e8e3b" />
    <UnitTestResult executionId="af475647-5400-4b99-9c5e-83827d72de3a" testId="ff6a3428-82f4-6b55-98c2-f7f37f551b28" testName="ValidatorErrorsWhenAGlobalListIsDefinedInAWorkItemType" computerName="TFSBUILD11" duration="00:00:00.0571100" startTime="2015-09-28T09:44:15.7530754-07:00" endTime="2015-09-28T09:44:15.8155790-07:00" testType="13cdc9d9-ddb5-4fa4-a97d-d965ccfc6d4b" outcome="Passed" testListId="8c84fa94-04c1-424b-9868-57a2d4851a1d" relativeResultsDirectory="af475647-5400-4b99-9c5e-83827d72de3a" />
    <UnitTestResult executionId="0ee53c8b-a3b7-4a4d-93d7-ac0ec900fa94" testId="9f2a9b1b-b904-8eb8-b3f0-28d97891410d" testName="ValidatorErrorsWhenAGlobalListIsReferencedInAWorkItemType" computerName="TFSBUILD11" duration="00:00:00.0598083" startTime="2015-09-28T09:44:15.8155790-07:00" endTime="2015-09-28T09:44:15.8780817-07:00" testType="13cdc9d9-ddb5-4fa4-a97d-d965ccfc6d4b" outcome="Passed" testListId="8c84fa94-04c1-424b-9868-57a2d4851a1d" relativeResultsDirectory="0ee53c8b-a3b7-4a4d-93d7-ac0ec900fa94" />
    <UnitTestResult executionId="ddff6d12-e056-425b-b5bf-2fb5a9c3e5e8" testId="36782e56-e877-cfa5-219c-27b156b755c9" testName="ValidatorPassesWhenAGlobalListIsDefinedInAWorkItemTypeAndGlobalListsArePermitted" computerName="TFSBUILD11" duration="00:00:00.0483844" startTime="2015-09-28T09:44:15.8780817-07:00" endTime="2015-09-28T09:44:15.9249598-07:00" testType="13cdc9d9-ddb5-4fa4-a97d-d965ccfc6d4b" outcome="Passed" testListId="8c84fa94-04c1-424b-9868-57a2d4851a1d" relativeResultsDirectory="ddff6d12-e056-425b-b5bf-2fb5a9c3e5e8" />
    <UnitTestResult executionId="4e8beb08-f277-46e8-b532-8c50dae6e6b2" testId="54c82c53-98f3-849d-7576-b87dae045189" testName="ValidatorPassesWhenAGlobalListIsReferencedInAWorkItemTypeAndGlobalListsArePermitted" computerName="TFSBUILD11" duration="00:00:00.0507382" startTime="2015-09-28T09:44:15.9249598-07:00" endTime="2015-09-28T09:44:15.9718375-07:00" testType="13cdc9d9-ddb5-4fa4-a97d-d965ccfc6d4b" outcome="Passed" testListId="8c84fa94-04c1-424b-9868-57a2d4851a1d" relativeResultsDirectory="4e8beb08-f277-46e8-b532-8c50dae6e6b2" />
    <UnitTestResult executionId="be2f93f4-b96e-4b96-9df2-933a4dad5db2" testId="f02d1f07-3b1a-f458-1977-e028463ad15d" testName="ValidatorErrorsWhenBannedRulesAreUsedInFieldDefinition" computerName="TFSBUILD11" duration="00:00:00.0488330" startTime="2015-09-28T09:44:15.9718375-07:00" endTime="2015-09-28T09:44:16.0187147-07:00" testType="13cdc9d9-ddb5-4fa4-a97d-d965ccfc6d4b" outcome="Passed" testListId="8c84fa94-04c1-424b-9868-57a2d4851a1d" relativeResultsDirectory="be2f93f4-b96e-4b96-9df2-933a4dad5db2" />
    <UnitTestResult executionId="c5ebb5aa-947f-405e-9833-d64111ebaf34" testId="627813a4-5ca1-3358-520b-b127d849279f" testName="ValidatorErrorsWhenBannedRulesAreUsedInStateDefinition" computerName="TFSBUILD11" duration="00:00:00.0385643" startTime="2015-09-28T09:44:16.0187147-07:00" endTime="2015-09-28T09:44:16.0655928-07:00" testType="13cdc9d9-ddb5-4fa4-a97d-d965ccfc6d4b" outcome="Passed" testListId="8c84fa94-04c1-424b-9868-57a2d4851a1d" relativeResultsDirectory="c5ebb5aa-947f-405e-9833-d64111ebaf34" />
    <UnitTestResult executionId="ffd0e727-a1d5-4f6d-9b5c-2a52f75f1980" testId="21670dfe-2740-48b1-5bb3-97966afce165" testName="ValidatorErrorsWhenBannedRulesAreUsedInTransition" computerName="TFSBUILD11" duration="00:00:00.0457141" startTime="2015-09-28T09:44:16.0655928-07:00" endTime="2015-09-28T09:44:16.1124708-07:00" testType="13cdc9d9-ddb5-4fa4-a97d-d965ccfc6d4b" outcome="Passed" testListId="8c84fa94-04c1-424b-9868-57a2d4851a1d" relativeResultsDirectory="ffd0e727-a1d5-4f6d-9b5c-2a52f75f1980" />
    <UnitTestResult executionId="0b2cb755-b679-4ed3-a58e-5f3f95c2cdbd" testId="dcdcd1a6-dc06-9477-8ca2-25b3b950de0f" testName="ValidatorPassesWhenBannedRulesAreUsedInFieldDefinitionAndFlagIsEnabled" computerName="TFSBUILD11" duration="00:00:00.0351686" startTime="2015-09-28T09:44:16.1124708-07:00" endTime="2015-09-28T09:44:16.1437111-07:00" testType="13cdc9d9-ddb5-4fa4-a97d-d965ccfc6d4b" outcome="Passed" testListId="8c84fa94-04c1-424b-9868-57a2d4851a1d" relativeResultsDirectory="0b2cb755-b679-4ed3-a58e-5f3f95c2cdbd" />
    <UnitTestResult executionId="332da2a0-f5fd-4f40-888b-0bd9728731e8" testId="c2cc184b-3fdf-70c1-3353-e7d71f74b4f3" testName="ValidatorPassesWhenBannedRulesAreUsedInStateDefinitionAndFlagIsEnabled" computerName="TFSBUILD11" duration="00:00:00.0403685" startTime="2015-09-28T09:44:16.1437111-07:00" endTime="2015-09-28T09:44:16.1905877-07:00" testType="13cdc9d9-ddb5-4fa4-a97d-d965ccfc6d4b" outcome="Passed" testListId="8c84fa94-04c1-424b-9868-57a2d4851a1d" relativeResultsDirectory="332da2a0-f5fd-4f40-888b-0bd9728731e8" />
    <UnitTestResult executionId="6ea6a769-9fec-48e2-be7e-b9b6d4522789" testId="76a223c5-4dcf-cb15-0f63-9bac602a4253" testName="ValidatorPassesWhenBannedRulesAreUsedInTransitionAndFlagIsEnabled" computerName="TFSBUILD11" duration="00:00:00.0369046" startTime="2015-09-28T09:44:16.1905877-07:00" endTime="2015-09-28T09:44:16.2218397-07:00" testType="13cdc9d9-ddb5-4fa4-a97d-d965ccfc6d4b" outcome="Passed" testListId="8c84fa94-04c1-424b-9868-57a2d4851a1d" relativeResultsDirectory="6ea6a769-9fec-48e2-be7e-b9b6d4522789" />
    <UnitTestResult executionId="a214ab40-09ac-4451-a6a2-1c8d98e4a7c2" testId="b5a9a891-df9b-cba8-82d9-e6db7c61cdc6" testName="ValidatorErrorsWhenForRuleIsUsed" computerName="TFSBUILD11" duration="00:00:00.0320898" startTime="2015-09-28T09:44:16.2218397-07:00" endTime="2015-09-28T09:44:16.2530919-07:00" testType="13cdc9d9-ddb5-4fa4-a97d-d965ccfc6d4b" outcome="Passed" testListId="8c84fa94-04c1-424b-9868-57a2d4851a1d" relativeResultsDirectory="a214ab40-09ac-4451-a6a2-1c8d98e4a7c2" />
    <UnitTestResult executionId="f7065b43-efda-4391-8a7c-e31c2b23013e" testId="83532134-ffa6-3ecf-13ca-11f9aafeb8b0" testName="ValidatorDoesNotErrorWhenForRuleIsUsedAndFlagIsSet" computerName="TFSBUILD11" duration="00:00:00.0366198" startTime="2015-09-28T09:44:16.2530919-07:00" endTime="2015-09-28T09:44:16.2999711-07:00" testType="13cdc9d9-ddb5-4fa4-a97d-d965ccfc6d4b" outcome="Passed" testListId="8c84fa94-04c1-424b-9868-57a2d4851a1d" relativeResultsDirectory="f7065b43-efda-4391-8a7c-e31c2b23013e" />
    <UnitTestResult executionId="02111bf0-c1a3-42b6-a9f2-3d3cf193a988" testId="754aabb1-bdb6-6cec-137f-3776872ef05e" testName="ValidatorErrorsWhenForTransitionIsUsed" computerName="TFSBUILD11" duration="00:00:00.0282819" startTime="2015-09-28T09:44:16.2999711-07:00" endTime="2015-09-28T09:44:16.3155972-07:00" testType="13cdc9d9-ddb5-4fa4-a97d-d965ccfc6d4b" outcome="Passed" testListId="8c84fa94-04c1-424b-9868-57a2d4851a1d" relativeResultsDirectory="02111bf0-c1a3-42b6-a9f2-3d3cf193a988" />
    <UnitTestResult executionId="b5a8f11b-ba81-447d-890f-1b8e4c369257" testId="8105b8fc-2cc8-1530-e7fd-497367651cbc" testName="ValidatorErrorsWhenNotRuleIsUsed" computerName="TFSBUILD11" duration="00:00:00.0342140" startTime="2015-09-28T09:44:16.3155972-07:00" endTime="2015-09-28T09:44:16.3624747-07:00" testType="13cdc9d9-ddb5-4fa4-a97d-d965ccfc6d4b" outcome="Passed" testListId="8c84fa94-04c1-424b-9868-57a2d4851a1d" relativeResultsDirectory="b5a8f11b-ba81-447d-890f-1b8e4c369257" />
    <UnitTestResult executionId="6c803e0f-4520-4977-98a6-4930d902c080" testId="a57238b4-cbe8-0e41-ec66-102bcf9c106d" testName="ValidatorDoesNotErrorWhenNotRuleIsUsedAndFlagIsSet" computerName="TFSBUILD11" duration="00:00:00.0276177" startTime="2015-09-28T09:44:16.3624747-07:00" endTime="2015-09-28T09:44:16.3781022-07:00" testType="13cdc9d9-ddb5-4fa4-a97d-d965ccfc6d4b" outcome="Passed" testListId="8c84fa94-04c1-424b-9868-57a2d4851a1d" relativeResultsDirectory="6c803e0f-4520-4977-98a6-4930d902c080" />
    <UnitTestResult executionId="dfc840e2-3045-4181-993f-91a74e65e930" testId="052f0130-862b-a8d7-9a80-fb0420c59058" testName="ValidatorErrorsWhenNotTransitionIsUsed" computerName="TFSBUILD11" duration="00:00:00.0300839" startTime="2015-09-28T09:44:16.3781022-07:00" endTime="2015-09-28T09:44:16.4093536-07:00" testType="13cdc9d9-ddb5-4fa4-a97d-d965ccfc6d4b" outcome="Passed" testListId="8c84fa94-04c1-424b-9868-57a2d4851a1d" relativeResultsDirectory="dfc840e2-3045-4181-993f-91a74e65e930" />
    <UnitTestResult executionId="987c4581-97de-4310-9049-8bae4236b87d" testId="0edc7e14-7a0b-541e-2a22-442064883284" testName="ValidatorErrorsIfRequiredFeatureIsMissingFromProjectConfig" computerName="TFSBUILD11" duration="00:00:00.0432095" startTime="2015-09-28T09:44:16.4093536-07:00" endTime="2015-09-28T09:44:16.4562307-07:00" testType="13cdc9d9-ddb5-4fa4-a97d-d965ccfc6d4b" outcome="Passed" testListId="8c84fa94-04c1-424b-9868-57a2d4851a1d" relativeResultsDirectory="987c4581-97de-4310-9049-8bae4236b87d" />
    <UnitTestResult executionId="19cc3d79-d81f-4f82-9fe7-d05f5ddfcc58" testId="6b2ce5ee-eb20-e92c-d7d7-88136af2a503" testName="ValidatorErrorsIfPortfolioBacklogsIsEmptyInProjectConfig" computerName="TFSBUILD11" duration="00:00:00.0730912" startTime="2015-09-28T09:44:16.4562307-07:00" endTime="2015-09-28T09:44:16.5343619-07:00" testType="13cdc9d9-ddb5-4fa4-a97d-d965ccfc6d4b" outcome="Passed" testListId="8c84fa94-04c1-424b-9868-57a2d4851a1d" relativeResultsDirectory="19cc3d79-d81f-4f82-9fe7-d05f5ddfcc58" />
    <UnitTestResult executionId="3bd314a2-7898-40a4-ae18-b0e573aaa045" testId="c05f1b88-4065-db39-928d-7156b1377439" testName="ValidatorErrorsIfRequiredTypeFieldIsMissingFromProcessConfiguration" computerName="TFSBUILD11" duration="00:00:00.0566447" startTime="2015-09-28T09:44:16.5343619-07:00" endTime="2015-09-28T09:44:16.5812436-07:00" testType="13cdc9d9-ddb5-4fa4-a97d-d965ccfc6d4b" outcome="Passed" testListId="8c84fa94-04c1-424b-9868-57a2d4851a1d" relativeResultsDirectory="3bd314a2-7898-40a4-ae18-b0e573aaa045" />
    <UnitTestResult executionId="4751496f-481e-4963-be6c-324a3937b824" testId="ec3c8a9d-6215-3f76-cfba-9c97b5e7e6af" testName="ValidatorErrorsOnFieldInSystemNamespaceNotOnWhitelist" computerName="TFSBUILD11" duration="00:00:00.0557771" startTime="2015-09-28T09:44:16.5812436-07:00" endTime="2015-09-28T09:44:16.6437478-07:00" testType="13cdc9d9-ddb5-4fa4-a97d-d965ccfc6d4b" outcome="Passed" testListId="8c84fa94-04c1-424b-9868-57a2d4851a1d" relativeResultsDirectory="4751496f-481e-4963-be6c-324a3937b824" />
    <UnitTestResult executionId="5e6e5429-c5db-4d75-9814-2775cb4ce1eb" testId="e5242750-ebd7-d8d1-a076-03aa6b0fe92a" testName="ValidatorPassesOnFieldInSystemNamespaceNotOnWhitelistButInConfig" computerName="TFSBUILD11" duration="00:00:00.0596771" startTime="2015-09-28T09:44:16.6437478-07:00" endTime="2015-09-28T09:44:16.7062514-07:00" testType="13cdc9d9-ddb5-4fa4-a97d-d965ccfc6d4b" outcome="Passed" testListId="8c84fa94-04c1-424b-9868-57a2d4851a1d" relativeResultsDirectory="5e6e5429-c5db-4d75-9814-2775cb4ce1eb" />
    <UnitTestResult executionId="ef9242e6-f2b8-4058-a8cc-d4c6b6051eb7" testId="18a745dd-52d9-3193-e499-6d40e57d00eb" testName="ValidatorDoesNotErrorOnCustomFieldConsistentWithExistingTemplate" computerName="TFSBUILD11" duration="00:00:00.0462215" startTime="2015-09-28T09:44:16.7062514-07:00" endTime="2015-09-28T09:44:16.7531283-07:00" testType="13cdc9d9-ddb5-4fa4-a97d-d965ccfc6d4b" outcome="Passed" testListId="8c84fa94-04c1-424b-9868-57a2d4851a1d" relativeResultsDirectory="ef9242e6-f2b8-4058-a8cc-d4c6b6051eb7" />
    <UnitTestResult executionId="7c48c9da-f342-4e59-b26f-b59bf30bc3ca" testId="54fe77ed-8ef0-4c75-ecc8-9989f724ff18" testName="ValidatorErrorsOnCustomFieldNotConsistentWithExistingTemplateByType" computerName="TFSBUILD11" duration="00:00:00.0517138" startTime="2015-09-28T09:44:16.7531283-07:00" endTime="2015-09-28T09:44:16.8000069-07:00" testType="13cdc9d9-ddb5-4fa4-a97d-d965ccfc6d4b" outcome="Passed" testListId="8c84fa94-04c1-424b-9868-57a2d4851a1d" relativeResultsDirectory="7c48c9da-f342-4e59-b26f-b59bf30bc3ca" />
    <UnitTestResult executionId="0cba6e43-fac8-43ea-bee7-e0606b95ea75" testId="eb25c6e2-5fd6-f32e-d820-4d225daabb3f" testName="ValidatorWarnsOnCustomFieldNotConsistentWithExistingTemplateByName" computerName="TFSBUILD11" duration="00:00:00.0502947" startTime="2015-09-28T09:44:16.8000069-07:00" endTime="2015-09-28T09:44:16.8468869-07:00" testType="13cdc9d9-ddb5-4fa4-a97d-d965ccfc6d4b" outcome="Passed" testListId="8c84fa94-04c1-424b-9868-57a2d4851a1d" relativeResultsDirectory="0cba6e43-fac8-43ea-bee7-e0606b95ea75" />
    <UnitTestResult executionId="c721e6ec-8260-4e22-9948-593c785fe9fd" testId="7e115fa3-a0c0-d9eb-292c-85fb1e17f2e0" testName="ValidatorReturnsDataForRenamedFields" computerName="TFSBUILD11" duration="00:00:00.0415694" startTime="2015-09-28T09:44:16.8468869-07:00" endTime="2015-09-28T09:44:16.8937636-07:00" testType="13cdc9d9-ddb5-4fa4-a97d-d965ccfc6d4b" outcome="Passed" testListId="8c84fa94-04c1-424b-9868-57a2d4851a1d" relativeResultsDirectory="c721e6ec-8260-4e22-9948-593c785fe9fd" />
    <UnitTestResult executionId="1ec9fe64-c296-4895-8b71-d96b6c1974d1" testId="7ce937c4-aa62-e214-525d-bd464b969cb4" testName="ValidatorErrorsOnMSVSTSFieldNotConsistentWithExistingTemplateByName" computerName="TFSBUILD11" duration="00:00:00.0516473" startTime="2015-09-28T09:44:16.8937636-07:00" endTime="2015-09-28T09:44:16.9406550-07:00" testType="13cdc9d9-ddb5-4fa4-a97d-d965ccfc6d4b" outcome="Passed" testListId="8c84fa94-04c1-424b-9868-57a2d4851a1d" relativeResultsDirectory="1ec9fe64-c296-4895-8b71-d96b6c1974d1" />
    <UnitTestResult executionId="ad7ded03-2720-406e-8fa2-ea873c39ffc3" testId="d0f2dbc2-7265-78d9-e0b1-958613cc0245" testName="ValidatorErrorsOnMultipleUsagesOfWITName" computerName="TFSBUILD11" duration="00:00:00.0695351" startTime="2015-09-28T09:44:16.9406550-07:00" endTime="2015-09-28T09:44:17.0187929-07:00" testType="13cdc9d9-ddb5-4fa4-a97d-d965ccfc6d4b" outcome="Passed" testListId="8c84fa94-04c1-424b-9868-57a2d4851a1d" relativeResultsDirectory="ad7ded03-2720-406e-8fa2-ea873c39ffc3" />
    <UnitTestResult executionId="48bae6c4-3bbe-43ec-9788-dfee8b15c142" testId="907625f8-dcf2-abc9-cba2-68455395a2e2" testName="ValidatorErrorsOnMultipleUsagesOfWITRefName" computerName="TFSBUILD11" duration="00:00:00.0672977" startTime="2015-09-28T09:44:17.0187929-07:00" endTime="2015-09-28T09:44:17.0812948-07:00" testType="13cdc9d9-ddb5-4fa4-a97d-d965ccfc6d4b" outcome="Passed" testListId="8c84fa94-04c1-424b-9868-57a2d4851a1d" relativeResultsDirectory="48bae6c4-3bbe-43ec-9788-dfee8b15c142" />
    <UnitTestResult executionId="70022e26-bd87-41a2-8d84-b3fa7a2b08d8" testId="9dfeec4c-2535-28bc-6785-907a3cc4e3ed" testName="ValidatorErrorsForMissingRefNameOnWIT" computerName="TFSBUILD11" duration="00:00:00.0610001" startTime="2015-09-28T09:44:17.0812948-07:00" endTime="2015-09-28T09:44:17.1437973-07:00" testType="13cdc9d9-ddb5-4fa4-a97d-d965ccfc6d4b" outcome="Passed" testListId="8c84fa94-04c1-424b-9868-57a2d4851a1d" relativeResultsDirectory="70022e26-bd87-41a2-8d84-b3fa7a2b08d8" />
    <UnitTestResult executionId="13b036cd-0d2d-4854-ac31-1c3ab3d955d5" testId="5d646e30-3cc5-51ed-f5b8-066880e449a9" testName="ValidatorErrorsForRefNameOnWITWithInvalidFormat" computerName="TFSBUILD11" duration="00:00:00.0321475" startTime="2015-09-28T09:44:17.1437973-07:00" endTime="2015-09-28T09:44:17.1750486-07:00" testType="13cdc9d9-ddb5-4fa4-a97d-d965ccfc6d4b" outcome="Passed" testListId="8c84fa94-04c1-424b-9868-57a2d4851a1d" relativeResultsDirectory="13b036cd-0d2d-4854-ac31-1c3ab3d955d5" />
    <UnitTestResult executionId="68aaaa67-f650-4d34-a68b-2594691c23ea" testId="9e4d477b-1325-07df-82be-66f4f08a875b" testName="ValidatorErrorsForRefNameOnWITInSystemNamespace" computerName="TFSBUILD11" duration="00:00:00.0544909" startTime="2015-09-28T09:44:17.1750486-07:00" endTime="2015-09-28T09:44:17.2375534-07:00" testType="13cdc9d9-ddb5-4fa4-a97d-d965ccfc6d4b" outcome="Passed" testListId="8c84fa94-04c1-424b-9868-57a2d4851a1d" relativeResultsDirectory="68aaaa67-f650-4d34-a68b-2594691c23ea" />
    <UnitTestResult executionId="95327f19-415c-42bc-8cfb-c52368ef6ec6" testId="3f087f96-8ec3-6141-ee07-d6c70d3f6ded" testName="ValidatorErrorsOnCustomFieldNotConsistentWithCollectionStateByType" computerName="TFSBUILD11" duration="00:00:00.0459627" startTime="2015-09-28T09:44:17.2375534-07:00" endTime="2015-09-28T09:44:17.2844309-07:00" testType="13cdc9d9-ddb5-4fa4-a97d-d965ccfc6d4b" outcome="Passed" testListId="8c84fa94-04c1-424b-9868-57a2d4851a1d" relativeResultsDirectory="95327f19-415c-42bc-8cfb-c52368ef6ec6" />
    <UnitTestResult executionId="cc6f36ea-b6f2-404c-b20c-4c07fb190df2" testId="fad06ccf-ca58-999d-5a9f-f989521f9067" testName="ValidatorErrorsOnMultipleUsesOfNameOnFieldFromExistingTemplates" computerName="TFSBUILD11" duration="00:00:00.0490577" startTime="2015-09-28T09:44:17.2844309-07:00" endTime="2015-09-28T09:44:17.3313080-07:00" testType="13cdc9d9-ddb5-4fa4-a97d-d965ccfc6d4b" outcome="Passed" testListId="8c84fa94-04c1-424b-9868-57a2d4851a1d" relativeResultsDirectory="cc6f36ea-b6f2-404c-b20c-4c07fb190df2" />
    <UnitTestResult executionId="4c766904-31a3-4853-9985-aa4b926be7f3" testId="f79dd0ec-cf0c-3210-48f4-7f6b453331d4" testName="ValidatorErrorsOnMultipleUsesOfNameOnFieldFromFieldTable" computerName="TFSBUILD11" duration="00:00:00.0398136" startTime="2015-09-28T09:44:17.3313080-07:00" endTime="2015-09-28T09:44:17.3625597-07:00" testType="13cdc9d9-ddb5-4fa4-a97d-d965ccfc6d4b" outcome="Passed" testListId="8c84fa94-04c1-424b-9868-57a2d4851a1d" relativeResultsDirectory="4c766904-31a3-4853-9985-aa4b926be7f3" />
    <UnitTestResult executionId="64c78aaf-38ba-4a30-ad63-2cd66ed7c637" testId="8c242a67-848c-0461-e550-53d2ce7f8c42" testName="ValidatorWarnsOnWorkItemTypeRename" computerName="TFSBUILD11" duration="00:00:00.0556144" startTime="2015-09-28T09:44:17.3625597-07:00" endTime="2015-09-28T09:44:17.4250650-07:00" testType="13cdc9d9-ddb5-4fa4-a97d-d965ccfc6d4b" outcome="Passed" testListId="8c84fa94-04c1-424b-9868-57a2d4851a1d" relativeResultsDirectory="64c78aaf-38ba-4a30-ad63-2cd66ed7c637" />
    <UnitTestResult executionId="4b695646-5625-4afa-ae37-4e062f914d07" testId="aa9bac1d-3eec-e66b-ae83-129fdb2c0443" testName="ValidatorWarnsOnWorkItemTypeDelete" computerName="TFSBUILD11" duration="00:00:00.0408384" startTime="2015-09-28T09:44:17.4250650-07:00" endTime="2015-09-28T09:44:17.4719422-07:00" testType="13cdc9d9-ddb5-4fa4-a97d-d965ccfc6d4b" outcome="Passed" testListId="8c84fa94-04c1-424b-9868-57a2d4851a1d" relativeResultsDirectory="4b695646-5625-4afa-ae37-4e062f914d07" />
    <UnitTestResult executionId="058a2f21-803d-4bad-8c71-2fa196a8dcbd" testId="c860fff9-bff4-125b-59ec-9f40c1b7bae9" testName="ValidatorWarnsOnFieldDelete" computerName="TFSBUILD11" duration="00:00:00.0339734" startTime="2015-09-28T09:44:17.4719422-07:00" endTime="2015-09-28T09:44:17.5031938-07:00" testType="13cdc9d9-ddb5-4fa4-a97d-d965ccfc6d4b" outcome="Passed" testListId="8c84fa94-04c1-424b-9868-57a2d4851a1d" relativeResultsDirectory="058a2f21-803d-4bad-8c71-2fa196a8dcbd" />
    <UnitTestResult executionId="4c75ec68-90df-4736-b008-cec8ef1f0bb0" testId="06166c9b-6243-2543-7242-d474b7f40fff" testName="ValidatorDoesNotWarnsWhenErrorsArePresent" computerName="TFSBUILD11" duration="00:00:00.0386857" startTime="2015-09-28T09:44:17.5031938-07:00" endTime="2015-09-28T09:44:17.5344464-07:00" testType="13cdc9d9-ddb5-4fa4-a97d-d965ccfc6d4b" outcome="Passed" testListId="8c84fa94-04c1-424b-9868-57a2d4851a1d" relativeResultsDirectory="4c75ec68-90df-4736-b008-cec8ef1f0bb0" />
    <UnitTestResult executionId="e5410926-90c7-4179-9013-fea8071a5e1c" testId="ce2dbedd-ee25-4d40-87e3-b2ea85f50c83" testName="ValidatorErrorsOnUnknownTypeReferencedInCategory" computerName="TFSBUILD11" duration="00:00:00.0308778" startTime="2015-09-28T09:44:17.5344464-07:00" endTime="2015-09-28T09:44:17.5656977-07:00" testType="13cdc9d9-ddb5-4fa4-a97d-d965ccfc6d4b" outcome="Passed" testListId="8c84fa94-04c1-424b-9868-57a2d4851a1d" relativeResultsDirectory="e5410926-90c7-4179-9013-fea8071a5e1c" />
    <UnitTestResult executionId="c975d7c4-a313-478c-bd98-9ffc8b07a6d1" testId="ca47fe71-ac65-8cc1-5605-9c87904a0dd5" testName="ValidatorErrorsOnPortfolioBacklogWithMultipleParentlessNodes" computerName="TFSBUILD11" duration="00:00:00.0395408" startTime="2015-09-28T09:44:17.5656977-07:00" endTime="2015-09-28T09:44:17.6125746-07:00" testType="13cdc9d9-ddb5-4fa4-a97d-d965ccfc6d4b" outcome="Passed" testListId="8c84fa94-04c1-424b-9868-57a2d4851a1d" relativeResultsDirectory="c975d7c4-a313-478c-bd98-9ffc8b07a6d1" />
    <UnitTestResult executionId="90df738e-693f-47bd-928c-d29df376d9e0" testId="cbdd6d1e-b637-61f8-9dc7-5d1cec257362" testName="ValidatorErrorsOnPortfolioBacklogWithMultipleChildBacklogs" computerName="TFSBUILD11" duration="00:00:00.0411129" startTime="2015-09-28T09:44:17.6125746-07:00" endTime="2015-09-28T09:44:17.6594538-07:00" testType="13cdc9d9-ddb5-4fa4-a97d-d965ccfc6d4b" outcome="Passed" testListId="8c84fa94-04c1-424b-9868-57a2d4851a1d" relativeResultsDirectory="90df738e-693f-47bd-928c-d29df376d9e0" />
    <UnitTestResult executionId="58b16496-793a-47d6-8437-7587338b4a37" testId="8ba7f2f3-e538-5dda-cbfc-ddbf8f1ff431" testName="ValidatorErrorsOnPortfolioBacklogWithNonExistantParent" computerName="TFSBUILD11" duration="00:00:00.0285243" startTime="2015-09-28T09:44:17.6594538-07:00" endTime="2015-09-28T09:44:17.6750788-07:00" testType="13cdc9d9-ddb5-4fa4-a97d-d965ccfc6d4b" outcome="Passed" testListId="8c84fa94-04c1-424b-9868-57a2d4851a1d" relativeResultsDirectory="58b16496-793a-47d6-8437-7587338b4a37" />
    <UnitTestResult executionId="6490a09a-922a-4f9c-a9ea-05e7abb217a0" testId="edda6d01-ea34-0f7e-c292-6f2ad933c92f" testName="ValidatorErrorsOnTooManyPortfolioBacklogs" computerName="TFSBUILD11" duration="00:00:00.0420137" startTime="2015-09-28T09:44:17.6750788-07:00" endTime="2015-09-28T09:44:17.7219588-07:00" testType="13cdc9d9-ddb5-4fa4-a97d-d965ccfc6d4b" outcome="Passed" testListId="8c84fa94-04c1-424b-9868-57a2d4851a1d" relativeResultsDirectory="6490a09a-922a-4f9c-a9ea-05e7abb217a0" />
    <UnitTestResult executionId="027e5ac3-6a03-47ad-975d-3f92846a21f9" testId="a70b7274-51b0-cb9a-3941-61e7f769f076" testName="ValidatorErrorsForRulesOnFieldThatProhibitsRules" computerName="TFSBUILD11" duration="00:00:00.0334019" startTime="2015-09-28T09:44:17.7219588-07:00" endTime="2015-09-28T09:44:17.7531954-07:00" testType="13cdc9d9-ddb5-4fa4-a97d-d965ccfc6d4b" outcome="Passed" testListId="8c84fa94-04c1-424b-9868-57a2d4851a1d" relativeResultsDirectory="027e5ac3-6a03-47ad-975d-3f92846a21f9" />
    <UnitTestResult executionId="9fc96e90-73a5-4249-a804-685ec8f1a7c0" testId="29a8ea38-97e9-c762-e921-b7e907f54058" testName="ValidatorErrorsForRulesOnFieldThatLimitsRules" computerName="TFSBUILD11" duration="00:00:00.0365462" startTime="2015-09-28T09:44:17.7531954-07:00" endTime="2015-09-28T09:44:17.8000746-07:00" testType="13cdc9d9-ddb5-4fa4-a97d-d965ccfc6d4b" outcome="Passed" testListId="8c84fa94-04c1-424b-9868-57a2d4851a1d" relativeResultsDirectory="9fc96e90-73a5-4249-a804-685ec8f1a7c0" />
    <UnitTestResult executionId="6c305871-599d-49f8-9744-2479f13a8358" testId="0218765c-fea3-066c-34f0-94e42cbec409" testName="ValidatorPassesForRulesOnFieldThatLimitsRulesWithFlagEnabled" computerName="TFSBUILD11" duration="00:00:00.0665638" startTime="2015-09-28T09:44:17.8000746-07:00" endTime="2015-09-28T09:44:17.8625788-07:00" testType="13cdc9d9-ddb5-4fa4-a97d-d965ccfc6d4b" outcome="Passed" testListId="8c84fa94-04c1-424b-9868-57a2d4851a1d" relativeResultsDirectory="6c305871-599d-49f8-9744-2479f13a8358" />
    <UnitTestResult executionId="9005f6c6-01c9-4de7-81a6-509b7eee12d3" testId="30eb7273-fe2e-768a-c2ec-4e1083e8cacc" testName="ValidatorErrorsForFeatureReferencingUnknownCategory" computerName="TFSBUILD11" duration="00:00:00.0596694" startTime="2015-09-28T09:44:17.8625788-07:00" endTime="2015-09-28T09:44:17.9250832-07:00" testType="13cdc9d9-ddb5-4fa4-a97d-d965ccfc6d4b" outcome="Passed" testListId="8c84fa94-04c1-424b-9868-57a2d4851a1d" relativeResultsDirectory="9005f6c6-01c9-4de7-81a6-509b7eee12d3" />
    <UnitTestResult executionId="bca3aaec-035c-44db-985f-824d8e6a1425" testId="2c6518d5-9025-0b0a-e535-e9115eeaba83" testName="ValidatorErrorsForMissingTypeFieldOnTypeInFeature" computerName="TFSBUILD11" duration="00:00:00.0488097" startTime="2015-09-28T09:44:17.9250832-07:00" endTime="2015-09-28T09:44:17.9719618-07:00" testType="13cdc9d9-ddb5-4fa4-a97d-d965ccfc6d4b" outcome="Passed" testListId="8c84fa94-04c1-424b-9868-57a2d4851a1d" relativeResultsDirectory="bca3aaec-035c-44db-985f-824d8e6a1425" />
    <UnitTestResult executionId="5d876159-1a6c-4fe8-9b8a-f3ab5273d1c3" testId="fc7c7a6e-d0af-039f-7c91-5436416fd918" testName="ValidatorErrorsForMissingAllowedValuesRuleOnTypeFieldOnTypeInFeature" computerName="TFSBUILD11" duration="00:00:00.0505505" startTime="2015-09-28T09:44:17.9719618-07:00" endTime="2015-09-28T09:44:18.0188399-07:00" testType="13cdc9d9-ddb5-4fa4-a97d-d965ccfc6d4b" outcome="Passed" testListId="8c84fa94-04c1-424b-9868-57a2d4851a1d" relativeResultsDirectory="5d876159-1a6c-4fe8-9b8a-f3ab5273d1c3" />
    <UnitTestResult executionId="09481273-13d3-4a24-98b2-37082848cecb" testId="7276cbac-1ed1-d84f-cbd8-eaeb485b84ba" testName="ValidatorErrorsForAllowedValuesRuleOnTypeFieldMissingAValueOnTypeInFeature" computerName="TFSBUILD11" duration="00:00:00.0403594" startTime="2015-09-28T09:44:18.0188399-07:00" endTime="2015-09-28T09:44:18.0657182-07:00" testType="13cdc9d9-ddb5-4fa4-a97d-d965ccfc6d4b" outcome="Passed" testListId="8c84fa94-04c1-424b-9868-57a2d4851a1d" relativeResultsDirectory="09481273-13d3-4a24-98b2-37082848cecb" />
    <UnitTestResult executionId="0d988412-c818-4106-a1c9-84bc025baf95" testId="ebdafbeb-a8b8-4969-16c1-d69fdd91e719" testName="ValidatorErrorsWhenRequiredMetastateProposedIsNotMappedToAnyStates" computerName="TFSBUILD11" duration="00:00:00.0472310" startTime="2015-09-28T09:44:18.0657182-07:00" endTime="2015-09-28T09:44:18.1126136-07:00" testType="13cdc9d9-ddb5-4fa4-a97d-d965ccfc6d4b" outcome="Passed" testListId="8c84fa94-04c1-424b-9868-57a2d4851a1d" relativeResultsDirectory="0d988412-c818-4106-a1c9-84bc025baf95" />
    <UnitTestResult executionId="42ba1818-c136-42d9-9dcd-5554b29ae493" testId="922e132d-be8f-ff11-e09c-237c884c2026" testName="ValidatorPassesWhenRequiredMetastateProposedIsMappedToMultipleAnyStates" computerName="TFSBUILD11" duration="00:00:00.0867724" startTime="2015-09-28T09:44:18.1126136-07:00" endTime="2015-09-28T09:44:18.1907561-07:00" testType="13cdc9d9-ddb5-4fa4-a97d-d965ccfc6d4b" outcome="Passed" testListId="8c84fa94-04c1-424b-9868-57a2d4851a1d" relativeResultsDirectory="42ba1818-c136-42d9-9dcd-5554b29ae493" />
    <UnitTestResult executionId="a3f752dd-6c04-44ba-9b8c-818adc6a0c65" testId="e88e3038-7aad-7e8b-b880-3f57900ad262" testName="ValidatorErrorsWhenUnknownMetastateIsMappedToAnyStates" computerName="TFSBUILD11" duration="00:00:00.0789055" startTime="2015-09-28T09:44:18.1907561-07:00" endTime="2015-09-28T09:44:18.2688642-07:00" testType="13cdc9d9-ddb5-4fa4-a97d-d965ccfc6d4b" outcome="Passed" testListId="8c84fa94-04c1-424b-9868-57a2d4851a1d" relativeResultsDirectory="a3f752dd-6c04-44ba-9b8c-818adc6a0c65" />
    <UnitTestResult executionId="1bcd2497-7449-41ad-8552-0a58dca11e5b" testId="bd60ed2e-aace-3b82-8d47-9f94493ec2c5" testName="ValidatorErrorsWhenRequiredMetastateCompleteIsNotMappedToAnyStates" computerName="TFSBUILD11" duration="00:00:00.0703159" startTime="2015-09-28T09:44:18.2688642-07:00" endTime="2015-09-28T09:44:18.3469933-07:00" testType="13cdc9d9-ddb5-4fa4-a97d-d965ccfc6d4b" outcome="Passed" testListId="8c84fa94-04c1-424b-9868-57a2d4851a1d" relativeResultsDirectory="1bcd2497-7449-41ad-8552-0a58dca11e5b" />
    <UnitTestResult executionId="cf924eb4-7775-4684-a05e-6854ae16b96b" testId="f4aebfea-5559-cc99-4d65-8bdfd3a5cac1" testName="ValidatorPassesWhenRequiredMetastateCompleteIsMappedToMultipleAnyStates" computerName="TFSBUILD11" duration="00:00:00.0638556" startTime="2015-09-28T09:44:18.3469933-07:00" endTime="2015-09-28T09:44:18.4094989-07:00" testType="13cdc9d9-ddb5-4fa4-a97d-d965ccfc6d4b" outcome="Passed" testListId="8c84fa94-04c1-424b-9868-57a2d4851a1d" relativeResultsDirectory="cf924eb4-7775-4684-a05e-6854ae16b96b" />
    <UnitTestResult executionId="4180a887-943b-4d11-babd-8993f3ef0938" testId="8f19a280-ec3a-bfb5-2452-abdfd631036b" testName="ValidatorPassesWhenMetastateResolvedIsMappedToMoreThanOneState" computerName="TFSBUILD11" duration="00:00:00.0486731" startTime="2015-09-28T09:44:18.4094989-07:00" endTime="2015-09-28T09:44:18.4563752-07:00" testType="13cdc9d9-ddb5-4fa4-a97d-d965ccfc6d4b" outcome="Passed" testListId="8c84fa94-04c1-424b-9868-57a2d4851a1d" relativeResultsDirectory="4180a887-943b-4d11-babd-8993f3ef0938" />
    <UnitTestResult executionId="5c109c68-0255-474e-9fe3-92352621b22a" testId="0b54d8fd-9db8-e172-dcb5-36180fb56b3c" testName="ValidatorErrorsWhenResolvedIsMappedWhenItIsNotAllowed" computerName="TFSBUILD11" duration="00:00:00.0537001" startTime="2015-09-28T09:44:18.4563752-07:00" endTime="2015-09-28T09:44:18.5188797-07:00" testType="13cdc9d9-ddb5-4fa4-a97d-d965ccfc6d4b" outcome="Passed" testListId="8c84fa94-04c1-424b-9868-57a2d4851a1d" relativeResultsDirectory="5c109c68-0255-474e-9fe3-92352621b22a" />
    <UnitTestResult executionId="bf57e642-6536-4ebc-b724-71ad632d9fd7" testId="59723b8e-bc69-d03d-5016-0ca21a0e78a3" testName="IfUserDoesntHavePermissionsTheEventIsDiscarded" computerName="TFSBUILD11" duration="00:00:00.1086714" startTime="2015-09-28T09:44:18.5188797-07:00" endTime="2015-09-28T09:44:18.6282613-07:00" testType="13cdc9d9-ddb5-4fa4-a97d-d965ccfc6d4b" outcome="Passed" testListId="8c84fa94-04c1-424b-9868-57a2d4851a1d" relativeResultsDirectory="bf57e642-6536-4ebc-b724-71ad632d9fd7" />
    <UnitTestResult executionId="84a34ac1-df61-4c93-9397-723f26ed92f6" testId="e7992486-c3c6-029c-b1a9-fd6ee2124838" testName="IfUserHasPermissionsTheEventIsProcessed" computerName="TFSBUILD11" duration="00:00:00.1484998" startTime="2015-09-28T09:44:18.6282613-07:00" endTime="2015-09-28T09:44:18.7688963-07:00" testType="13cdc9d9-ddb5-4fa4-a97d-d965ccfc6d4b" outcome="Passed" testListId="8c84fa94-04c1-424b-9868-57a2d4851a1d" relativeResultsDirectory="84a34ac1-df61-4c93-9397-723f26ed92f6" />
    <UnitTestResult executionId="fc6488d9-7bfd-4955-9549-c6bbd391c049" testId="72eb6574-8aef-8c7b-04bb-0ec85f891637" testName="MetadataDbStamps_NewStamps" computerName="TFSBUILD11" duration="00:00:00.0444093" startTime="2015-09-28T09:44:18.7688963-07:00" endTime="2015-09-28T09:44:18.8157741-07:00" testType="13cdc9d9-ddb5-4fa4-a97d-d965ccfc6d4b" outcome="Passed" testListId="8c84fa94-04c1-424b-9868-57a2d4851a1d" relativeResultsDirectory="fc6488d9-7bfd-4955-9549-c6bbd391c049" />
    <UnitTestResult executionId="cdabe23b-ba44-48dd-8cc9-3b92c6a001db" testId="a359328a-5598-a351-5914-6a0b7b429043" testName="MetadataDbStamps_KeepsCachedStamps" computerName="TFSBUILD11" duration="00:00:00.0436664" startTime="2015-09-28T09:44:18.8157741-07:00" endTime="2015-09-28T09:44:18.8626536-07:00" testType="13cdc9d9-ddb5-4fa4-a97d-d965ccfc6d4b" outcome="Passed" testListId="8c84fa94-04c1-424b-9868-57a2d4851a1d" relativeResultsDirectory="cdabe23b-ba44-48dd-8cc9-3b92c6a001db" />
    <UnitTestResult executionId="17a18c42-1621-4bf5-9f59-21629cd1cb82" testId="8be6367e-c8b5-1373-6b72-dfbce55cd4ca" testName="MetadataDbStamps_ResetStamps_NewStamps" computerName="TFSBUILD11" duration="00:00:00.0430147" startTime="2015-09-28T09:44:18.8626536-07:00" endTime="2015-09-28T09:44:18.9095305-07:00" testType="13cdc9d9-ddb5-4fa4-a97d-d965ccfc6d4b" outcome="Passed" testListId="8c84fa94-04c1-424b-9868-57a2d4851a1d" relativeResultsDirectory="17a18c42-1621-4bf5-9f59-21629cd1cb82" />
    <UnitTestResult executionId="36c1e579-6f29-4e93-8f1f-12a481146a87" testId="68cedeae-6d07-310f-4390-63b9dbad21a0" testName="GetFieldsSntapshot_ReturnsFieldTypeDictionary" computerName="TFSBUILD11" duration="00:00:00.0439605" startTime="2015-09-28T09:44:18.9095305-07:00" endTime="2015-09-28T09:44:18.9564094-07:00" testType="13cdc9d9-ddb5-4fa4-a97d-d965ccfc6d4b" outcome="Passed" testListId="8c84fa94-04c1-424b-9868-57a2d4851a1d" relativeResultsDirectory="36c1e579-6f29-4e93-8f1f-12a481146a87" />
    <UnitTestResult executionId="9ce4a4d3-29d6-432d-a067-0631453137c5" testId="c39a7ee6-6501-b928-3ea6-c9436a92a2da" testName="GetFieldsSnapshot_NullContext" computerName="TFSBUILD11" duration="00:00:00.0365598" startTime="2015-09-28T09:44:18.9564094-07:00" endTime="2015-09-28T09:44:18.9876607-07:00" testType="13cdc9d9-ddb5-4fa4-a97d-d965ccfc6d4b" outcome="Passed" testListId="8c84fa94-04c1-424b-9868-57a2d4851a1d" relativeResultsDirectory="9ce4a4d3-29d6-432d-a067-0631453137c5" />
    <UnitTestResult executionId="0abebd4d-ac59-440a-9fdc-0a87747d960c" testId="cecf44da-857a-5dfd-81c6-a3afe04de580" testName="GetAllFields_ReturnsFieldEntries" computerName="TFSBUILD11" duration="00:00:00.0478573" startTime="2015-09-28T09:44:18.9876607-07:00" endTime="2015-09-28T09:44:19.0345391-07:00" testType="13cdc9d9-ddb5-4fa4-a97d-d965ccfc6d4b" outcome="Passed" testListId="8c84fa94-04c1-424b-9868-57a2d4851a1d" relativeResultsDirectory="0abebd4d-ac59-440a-9fdc-0a87747d960c" />
    <UnitTestResult executionId="7e538de3-e9f3-4147-bc93-9980f5b3992c" testId="def8144b-54a5-0bdb-1ada-0a916813bb23" testName="GetAllFields_NullContext" computerName="TFSBUILD11" duration="00:00:00.0342129" startTime="2015-09-28T09:44:19.0345391-07:00" endTime="2015-09-28T09:44:19.0657922-07:00" testType="13cdc9d9-ddb5-4fa4-a97d-d965ccfc6d4b" outcome="Passed" testListId="8c84fa94-04c1-424b-9868-57a2d4851a1d" relativeResultsDirectory="7e538de3-e9f3-4147-bc93-9980f5b3992c" />
    <UnitTestResult executionId="4a480802-4ccc-43e1-ab8b-bbbd74bbf3d8" testId="ba6ba124-4ae7-c949-bd11-02271cdb3bdc" testName="GetFieldByName_ReturnsFieldEntry" computerName="TFSBUILD11" duration="00:00:00.0396324" startTime="2015-09-28T09:44:19.0657922-07:00" endTime="2015-09-28T09:44:19.1126705-07:00" testType="13cdc9d9-ddb5-4fa4-a97d-d965ccfc6d4b" outcome="Passed" testListId="8c84fa94-04c1-424b-9868-57a2d4851a1d" relativeResultsDirectory="4a480802-4ccc-43e1-ab8b-bbbd74bbf3d8" />
    <UnitTestResult executionId="d5e61cb0-b44e-402d-b92f-8d1fa1ee5b23" testId="baee8c2d-ddb5-1ef1-80a2-c9fa5e17d114" testName="GetFieldByName" computerName="TFSBUILD11" duration="00:00:00.0381075" startTime="2015-09-28T09:44:19.1126705-07:00" endTime="2015-09-28T09:44:19.1439219-07:00" testType="13cdc9d9-ddb5-4fa4-a97d-d965ccfc6d4b" outcome="Passed" testListId="8c84fa94-04c1-424b-9868-57a2d4851a1d" relativeResultsDirectory="d5e61cb0-b44e-402d-b92f-8d1fa1ee5b23" />
    <UnitTestResult executionId="20e64512-ce05-4626-b9d3-c2bab84e74e4" testId="7d506ed3-8c19-5c7f-0627-3db07072fa5d" testName="GetFieldById" computerName="TFSBUILD11" duration="00:00:00.0356536" startTime="2015-09-28T09:44:19.1439219-07:00" endTime="2015-09-28T09:44:19.1751735-07:00" testType="13cdc9d9-ddb5-4fa4-a97d-d965ccfc6d4b" outcome="Passed" testListId="8c84fa94-04c1-424b-9868-57a2d4851a1d" relativeResultsDirectory="20e64512-ce05-4626-b9d3-c2bab84e74e4" />
    <UnitTestResult executionId="06040a16-eb75-41b1-b13d-874b5f6bab28" testId="67395502-f59a-918c-1b47-8131758fed0f" testName="CacheMissNonExistentField" computerName="TFSBUILD11" duration="00:00:00.0358043" startTime="2015-09-28T09:44:19.1751735-07:00" endTime="2015-09-28T09:44:19.2220536-07:00" testType="13cdc9d9-ddb5-4fa4-a97d-d965ccfc6d4b" outcome="Passed" testListId="8c84fa94-04c1-424b-9868-57a2d4851a1d" relativeResultsDirectory="06040a16-eb75-41b1-b13d-874b5f6bab28" />
    <UnitTestResult executionId="0e264235-1b62-42b1-9522-863830f548c3" testId="ad529509-0eca-19e5-f4f3-d239ff25279f" testName="CacheMissNonExistentFieldAndStampChanges" computerName="TFSBUILD11" duration="00:00:00.0368221" startTime="2015-09-28T09:44:19.2220536-07:00" endTime="2015-09-28T09:44:19.2533055-07:00" testType="13cdc9d9-ddb5-4fa4-a97d-d965ccfc6d4b" outcome="Passed" testListId="8c84fa94-04c1-424b-9868-57a2d4851a1d" relativeResultsDirectory="0e264235-1b62-42b1-9522-863830f548c3" />
    <UnitTestResult executionId="98f089b6-641a-4474-8241-6d3f5a6f944c" testId="97edb834-eb0f-dc9a-e2b0-c40ea778738d" testName="SnapshotFieldChanges" computerName="TFSBUILD11" duration="00:00:00.0363024" startTime="2015-09-28T09:44:19.2533055-07:00" endTime="2015-09-28T09:44:19.2845560-07:00" testType="13cdc9d9-ddb5-4fa4-a97d-d965ccfc6d4b" outcome="Passed" testListId="8c84fa94-04c1-424b-9868-57a2d4851a1d" relativeResultsDirectory="98f089b6-641a-4474-8241-6d3f5a6f944c" />
    <UnitTestResult executionId="fc1ddc59-552a-4c24-9d05-cd5adbe0396f" testId="eff06fa3-b136-a18a-a654-59e256a535c6" testName="GetFieldByName_WrongName" computerName="TFSBUILD11" duration="00:00:00.0364731" startTime="2015-09-28T09:44:19.2845560-07:00" endTime="2015-09-28T09:44:19.3314346-07:00" testType="13cdc9d9-ddb5-4fa4-a97d-d965ccfc6d4b" outcome="Passed" testListId="8c84fa94-04c1-424b-9868-57a2d4851a1d" relativeResultsDirectory="fc1ddc59-552a-4c24-9d05-cd5adbe0396f" />
    <UnitTestResult executionId="74dfdee4-00e9-4f0d-bb90-0785f7a756a5" testId="bca36d06-c2b0-86aa-d48d-2a22aab4543c" testName="TryGetFieldByName_ReturnsFieldEntry" computerName="TFSBUILD11" duration="00:00:00.0289987" startTime="2015-09-28T09:44:19.3314346-07:00" endTime="2015-09-28T09:44:19.3626871-07:00" testType="13cdc9d9-ddb5-4fa4-a97d-d965ccfc6d4b" outcome="Passed" testListId="8c84fa94-04c1-424b-9868-57a2d4851a1d" relativeResultsDirectory="74dfdee4-00e9-4f0d-bb90-0785f7a756a5" />
    <UnitTestResult executionId="b3b3ec0c-65e2-4a32-b5a1-d9b0eb2d136d" testId="e30feb07-57a1-0ce2-a631-afde1b4563c4" testName="TryGetFieldByName_WrongName" computerName="TFSBUILD11" duration="00:00:00.0345428" startTime="2015-09-28T09:44:19.3626871-07:00" endTime="2015-09-28T09:44:19.3939399-07:00" testType="13cdc9d9-ddb5-4fa4-a97d-d965ccfc6d4b" outcome="Passed" testListId="8c84fa94-04c1-424b-9868-57a2d4851a1d" relativeResultsDirectory="b3b3ec0c-65e2-4a32-b5a1-d9b0eb2d136d" />
    <UnitTestResult executionId="75e4c6f0-6e3f-430c-b3d6-3dc2050bb29a" testId="b5899f7b-2931-4561-d1cd-f634c0c4de1f" testName="GetFieldById_ReturnsFieldEntry" computerName="TFSBUILD11" duration="00:00:00.0282356" startTime="2015-09-28T09:44:19.3939399-07:00" endTime="2015-09-28T09:44:19.4251913-07:00" testType="13cdc9d9-ddb5-4fa4-a97d-d965ccfc6d4b" outcome="Passed" testListId="8c84fa94-04c1-424b-9868-57a2d4851a1d" relativeResultsDirectory="75e4c6f0-6e3f-430c-b3d6-3dc2050bb29a" />
    <UnitTestResult executionId="7dc801ee-c3b2-47b6-9851-eda65300c949" testId="0d10c3e9-4881-1af1-440b-ae763ab5f4a5" testName="GetFieldByRefName" computerName="TFSBUILD11" duration="00:00:00.0324266" startTime="2015-09-28T09:44:19.4251913-07:00" endTime="2015-09-28T09:44:19.4564444-07:00" testType="13cdc9d9-ddb5-4fa4-a97d-d965ccfc6d4b" outcome="Passed" testListId="8c84fa94-04c1-424b-9868-57a2d4851a1d" relativeResultsDirectory="7dc801ee-c3b2-47b6-9851-eda65300c949" />
    <UnitTestResult executionId="8754d795-d4f7-4dbd-8b64-590ed94eaf21" testId="d7e23546-5574-0cb6-8f07-ede7dc8cffa2" testName="GetFieldById_WrongId" computerName="TFSBUILD11" duration="00:00:00.0266023" startTime="2015-09-28T09:44:19.4564444-07:00" endTime="2015-09-28T09:44:19.4876969-07:00" testType="13cdc9d9-ddb5-4fa4-a97d-d965ccfc6d4b" outcome="Passed" testListId="8c84fa94-04c1-424b-9868-57a2d4851a1d" relativeResultsDirectory="8754d795-d4f7-4dbd-8b64-590ed94eaf21" />
    <UnitTestResult executionId="60f6abc9-cb10-49d3-86f5-b8582903d060" testId="c687a88a-f4bd-53bc-dbf2-4529eec2f478" testName="IsPersonField_ReturnsIsPersonField" computerName="TFSBUILD11" duration="00:00:00.0316580" startTime="2015-09-28T09:44:19.4876969-07:00" endTime="2015-09-28T09:44:19.5189482-07:00" testType="13cdc9d9-ddb5-4fa4-a97d-d965ccfc6d4b" outcome="Passed" testListId="8c84fa94-04c1-424b-9868-57a2d4851a1d" relativeResultsDirectory="60f6abc9-cb10-49d3-86f5-b8582903d060" />
    <UnitTestResult executionId="71896144-0585-4e75-8fb4-166a8d58a65a" testId="855882ee-adcc-3041-5c09-53fc78755922" testName="IsPersonField_WrongName" computerName="TFSBUILD11" duration="00:00:00.0258275" startTime="2015-09-28T09:44:19.5189482-07:00" endTime="2015-09-28T09:44:19.5345741-07:00" testType="13cdc9d9-ddb5-4fa4-a97d-d965ccfc6d4b" outcome="Passed" testListId="8c84fa94-04c1-424b-9868-57a2d4851a1d" relativeResultsDirectory="71896144-0585-4e75-8fb4-166a8d58a65a" />
    <UnitTestResult executionId="f567db1d-b2c4-4009-b5ba-75fd99c57fa6" testId="6cb830b2-303d-0739-23c3-897d590384a8" testName="GetFieldType_ReturnsFieldTypeId" computerName="TFSBUILD11" duration="00:00:00.0302002" startTime="2015-09-28T09:44:19.5345741-07:00" endTime="2015-09-28T09:44:19.5658283-07:00" testType="13cdc9d9-ddb5-4fa4-a97d-d965ccfc6d4b" outcome="Passed" testListId="8c84fa94-04c1-424b-9868-57a2d4851a1d" relativeResultsDirectory="f567db1d-b2c4-4009-b5ba-75fd99c57fa6" />
    <UnitTestResult executionId="038e7dd1-df46-47a2-89cb-13ae93a748ba" testId="9d3518da-da24-345b-160e-d84e9d44fd77" testName="GetFieldType_WrongName" computerName="TFSBUILD11" duration="00:00:00.0252873" startTime="2015-09-28T09:44:19.5658283-07:00" endTime="2015-09-28T09:44:19.5970808-07:00" testType="13cdc9d9-ddb5-4fa4-a97d-d965ccfc6d4b" outcome="Passed" testListId="8c84fa94-04c1-424b-9868-57a2d4851a1d" relativeResultsDirectory="038e7dd1-df46-47a2-89cb-13ae93a748ba" />
    <UnitTestResult executionId="14f4f526-479c-4d9d-a8fe-836e476636c5" testId="03f3e1d7-aee9-37ab-2df2-b0a298521802" testName="GetLinkTypeIds" computerName="TFSBUILD11" duration="00:00:00.0274986" startTime="2015-09-28T09:44:19.5970808-07:00" endTime="2015-09-28T09:44:19.6283316-07:00" testType="13cdc9d9-ddb5-4fa4-a97d-d965ccfc6d4b" outcome="Passed" testListId="8c84fa94-04c1-424b-9868-57a2d4851a1d" relativeResultsDirectory="14f4f526-479c-4d9d-a8fe-836e476636c5" />
    <UnitTestResult executionId="1e928206-d039-415a-8780-760d9a573215" testId="ba416520-b938-b89c-b95c-e27edcb52d16" testName="GetLinkTypeById" computerName="TFSBUILD11" duration="00:00:00.0229489" startTime="2015-09-28T09:44:19.6283316-07:00" endTime="2015-09-28T09:44:19.6439566-07:00" testType="13cdc9d9-ddb5-4fa4-a97d-d965ccfc6d4b" outcome="Passed" testListId="8c84fa94-04c1-424b-9868-57a2d4851a1d" relativeResultsDirectory="1e928206-d039-415a-8780-760d9a573215" />
    <UnitTestResult executionId="a9860ce7-57fb-4863-b88c-f7a6c6314bea" testId="0bf6139d-95a3-a3bb-fb97-fb4ce2270f3f" testName="GetLinkTypeById_NonexistantId" computerName="TFSBUILD11" duration="00:00:00.0250165" startTime="2015-09-28T09:44:19.6439566-07:00" endTime="2015-09-28T09:44:19.6752096-07:00" testType="13cdc9d9-ddb5-4fa4-a97d-d965ccfc6d4b" outcome="Passed" testListId="8c84fa94-04c1-424b-9868-57a2d4851a1d" relativeResultsDirectory="a9860ce7-57fb-4863-b88c-f7a6c6314bea" />
    <UnitTestResult executionId="c790bcf6-c1c5-4bd1-a3f9-474251468803" testId="1e73a6c6-d74e-59f0-b52c-ec08cbbc6e4a" testName="GetLinkTypeByName" computerName="TFSBUILD11" duration="00:00:00.0249892" startTime="2015-09-28T09:44:19.6752096-07:00" endTime="2015-09-28T09:44:19.6908360-07:00" testType="13cdc9d9-ddb5-4fa4-a97d-d965ccfc6d4b" outcome="Passed" testListId="8c84fa94-04c1-424b-9868-57a2d4851a1d" relativeResultsDirectory="c790bcf6-c1c5-4bd1-a3f9-474251468803" />
    <UnitTestResult executionId="33db40ea-4aa0-4e45-af8d-80a5df06c5da" testId="79b9a480-400f-c5ab-c421-7f8f0ffe1cb6" testName="GetLinkTypeByName_NonexistantName" computerName="TFSBUILD11" duration="00:00:00.0232857" startTime="2015-09-28T09:44:19.6908360-07:00" endTime="2015-09-28T09:44:19.7220902-07:00" testType="13cdc9d9-ddb5-4fa4-a97d-d965ccfc6d4b" outcome="Passed" testListId="8c84fa94-04c1-424b-9868-57a2d4851a1d" relativeResultsDirectory="33db40ea-4aa0-4e45-af8d-80a5df06c5da" />
    <UnitTestResult executionId="8e8c3a73-e931-49ab-80a7-db87a514d5a7" testId="531f8c51-895d-3067-84c6-5d1c27fa09c1" testName="GetLinkTypeByReferenceName" computerName="TFSBUILD11" duration="00:00:00.0236264" startTime="2015-09-28T09:44:19.7220902-07:00" endTime="2015-09-28T09:44:19.7377155-07:00" testType="13cdc9d9-ddb5-4fa4-a97d-d965ccfc6d4b" outcome="Passed" testListId="8c84fa94-04c1-424b-9868-57a2d4851a1d" relativeResultsDirectory="8e8c3a73-e931-49ab-80a7-db87a514d5a7" />
    <UnitTestResult executionId="b488fd15-f71f-449f-b15f-a1c03b865e3b" testId="f1714424-dd4f-4086-9abd-c24341ce1f03" testName="GetLinkTypeByRefName_NonexistantRefName" computerName="TFSBUILD11" duration="00:00:00.0216609" startTime="2015-09-28T09:44:19.7377155-07:00" endTime="2015-09-28T09:44:19.7689663-07:00" testType="13cdc9d9-ddb5-4fa4-a97d-d965ccfc6d4b" outcome="Passed" testListId="8c84fa94-04c1-424b-9868-57a2d4851a1d" relativeResultsDirectory="b488fd15-f71f-449f-b15f-a1c03b865e3b" />
    <UnitTestResult executionId="fc459f79-2c8f-4749-829b-432b5fd1abe6" testId="040711b2-3b62-d80b-ae45-6f14876d7caf" testName="ContainsLinkTypeName" computerName="TFSBUILD11" duration="00:00:00.0251889" startTime="2015-09-28T09:44:19.7689663-07:00" endTime="2015-09-28T09:44:19.7845930-07:00" testType="13cdc9d9-ddb5-4fa4-a97d-d965ccfc6d4b" outcome="Passed" testListId="8c84fa94-04c1-424b-9868-57a2d4851a1d" relativeResultsDirectory="fc459f79-2c8f-4749-829b-432b5fd1abe6" />
    <UnitTestResult executionId="58deb9b8-b7ed-4c00-91f2-7141e21558bf" testId="95742a27-21fc-1ac3-ea54-d46fd71528cd" testName="ContainsLinkTypeReferenceName" computerName="TFSBUILD11" duration="00:00:00.0203926" startTime="2015-09-28T09:44:19.7845930-07:00" endTime="2015-09-28T09:44:19.8158458-07:00" testType="13cdc9d9-ddb5-4fa4-a97d-d965ccfc6d4b" outcome="Passed" testListId="8c84fa94-04c1-424b-9868-57a2d4851a1d" relativeResultsDirectory="58deb9b8-b7ed-4c00-91f2-7141e21558bf" />
    <UnitTestResult executionId="39b3e249-316c-4a1e-ba00-fa8cddbfc470" testId="aee1e8ae-2cbd-337c-51f1-2f15d2cbd842" testName="TryGetLinkTypeById" computerName="TFSBUILD11" duration="00:00:00.0266760" startTime="2015-09-28T09:44:19.8158458-07:00" endTime="2015-09-28T09:44:19.8314685-07:00" testType="13cdc9d9-ddb5-4fa4-a97d-d965ccfc6d4b" outcome="Passed" testListId="8c84fa94-04c1-424b-9868-57a2d4851a1d" relativeResultsDirectory="39b3e249-316c-4a1e-ba00-fa8cddbfc470" />
    <UnitTestResult executionId="767e5f66-2f9c-44ca-94f1-05aad8907967" testId="a0819e3a-20c1-b4ab-b2d7-94d478d0bd06" testName="TryGetLinkTypeByName" computerName="TFSBUILD11" duration="00:00:00.0281511" startTime="2015-09-28T09:44:19.8314685-07:00" endTime="2015-09-28T09:44:19.8627218-07:00" testType="13cdc9d9-ddb5-4fa4-a97d-d965ccfc6d4b" outcome="Passed" testListId="8c84fa94-04c1-424b-9868-57a2d4851a1d" relativeResultsDirectory="767e5f66-2f9c-44ca-94f1-05aad8907967" />
    <UnitTestResult executionId="0fda643f-f5fc-4e9f-bfeb-823b67d0846f" testId="b1e02c1d-231a-c011-6982-02b06b421815" testName="TryGetLinkTypeByRefName" computerName="TFSBUILD11" duration="00:00:00.0618264" startTime="2015-09-28T09:44:19.8627218-07:00" endTime="2015-09-28T09:44:19.9252288-07:00" testType="13cdc9d9-ddb5-4fa4-a97d-d965ccfc6d4b" outcome="Passed" testListId="8c84fa94-04c1-424b-9868-57a2d4851a1d" relativeResultsDirectory="0fda643f-f5fc-4e9f-bfeb-823b67d0846f" />
    <UnitTestResult executionId="392ac7e7-a864-4409-bb07-c3e734c59178" testId="2c181b93-07f3-5950-e529-964bd9bb5dbe" testName="GetLinkTypeEndById" computerName="TFSBUILD11" duration="00:00:00.0566077" startTime="2015-09-28T09:44:19.9252288-07:00" endTime="2015-09-28T09:44:19.9877475-07:00" testType="13cdc9d9-ddb5-4fa4-a97d-d965ccfc6d4b" outcome="Passed" testListId="8c84fa94-04c1-424b-9868-57a2d4851a1d" relativeResultsDirectory="392ac7e7-a864-4409-bb07-c3e734c59178" />
    <UnitTestResult executionId="7f1ce96f-76fa-4e41-a9db-d8e93c99c132" testId="2cbe3b1c-8f3a-b762-3d2d-b6203c014c1e" testName="GetLinkTypeEndById_NonexistantId" computerName="TFSBUILD11" duration="00:00:00.0598361" startTime="2015-09-28T09:44:19.9877475-07:00" endTime="2015-09-28T09:44:20.0502539-07:00" testType="13cdc9d9-ddb5-4fa4-a97d-d965ccfc6d4b" outcome="Passed" testListId="8c84fa94-04c1-424b-9868-57a2d4851a1d" relativeResultsDirectory="7f1ce96f-76fa-4e41-a9db-d8e93c99c132" />
    <UnitTestResult executionId="19921449-2acc-4191-bf2c-642369a935d4" testId="bd92c278-a9fa-09f8-691c-353743e8a163" testName="GetLinkTypeEndByName" computerName="TFSBUILD11" duration="00:00:00.1007980" startTime="2015-09-28T09:44:20.0502539-07:00" endTime="2015-09-28T09:44:20.1440200-07:00" testType="13cdc9d9-ddb5-4fa4-a97d-d965ccfc6d4b" outcome="Passed" testListId="8c84fa94-04c1-424b-9868-57a2d4851a1d" relativeResultsDirectory="19921449-2acc-4191-bf2c-642369a935d4" />
    <UnitTestResult executionId="2d715cfa-19f8-46e2-b66a-f98d6f10bf38" testId="b44b3ca4-103a-ecf7-b422-9e4e587ea4aa" testName="GetLinkTypeEndByName_NonexistantName" computerName="TFSBUILD11" duration="00:00:00.0919419" startTime="2015-09-28T09:44:20.1440200-07:00" endTime="2015-09-28T09:44:20.2377761-07:00" testType="13cdc9d9-ddb5-4fa4-a97d-d965ccfc6d4b" outcome="Passed" testListId="8c84fa94-04c1-424b-9868-57a2d4851a1d" relativeResultsDirectory="2d715cfa-19f8-46e2-b66a-f98d6f10bf38" />
    <UnitTestResult executionId="c6159f87-a548-4906-95b7-6695396ba0e4" testId="8814778e-29ff-4f49-8ae4-177280c6421b" testName="GetLinkTypeEndByRefName" computerName="TFSBUILD11" duration="00:00:00.1116072" startTime="2015-09-28T09:44:20.2377761-07:00" endTime="2015-09-28T09:44:20.3471543-07:00" testType="13cdc9d9-ddb5-4fa4-a97d-d965ccfc6d4b" outcome="Passed" testListId="8c84fa94-04c1-424b-9868-57a2d4851a1d" relativeResultsDirectory="c6159f87-a548-4906-95b7-6695396ba0e4" />
    <UnitTestResult executionId="87484c0f-82da-4116-8c76-94d879b571a8" testId="3956788b-d72c-5975-f0b5-2004a43ce60a" testName="GetLinkTypeEndByRefName_NonexistantRefName" computerName="TFSBUILD11" duration="00:00:00.0761831" startTime="2015-09-28T09:44:20.3471543-07:00" endTime="2015-09-28T09:44:20.4252852-07:00" testType="13cdc9d9-ddb5-4fa4-a97d-d965ccfc6d4b" outcome="Passed" testListId="8c84fa94-04c1-424b-9868-57a2d4851a1d" relativeResultsDirectory="87484c0f-82da-4116-8c76-94d879b571a8" />
    <UnitTestResult executionId="a9b5d46d-2068-48c2-844d-e959281770ef" testId="409f3032-e029-2281-0bd0-dca198aca684" testName="ContainsLinkTypeEndReferenceName" computerName="TFSBUILD11" duration="00:00:00.0785653" startTime="2015-09-28T09:44:20.4252852-07:00" endTime="2015-09-28T09:44:20.5034123-07:00" testType="13cdc9d9-ddb5-4fa4-a97d-d965ccfc6d4b" outcome="Passed" testListId="8c84fa94-04c1-424b-9868-57a2d4851a1d" relativeResultsDirectory="a9b5d46d-2068-48c2-844d-e959281770ef" />
    <UnitTestResult executionId="38820c83-c9db-4708-9df7-ffa047011a79" testId="aae76030-54ef-1f41-8fe9-12028536c195" testName="TryGetLinkTypeEndById" computerName="TFSBUILD11" duration="00:00:00.0572463" startTime="2015-09-28T09:44:20.5034123-07:00" endTime="2015-09-28T09:44:20.5659145-07:00" testType="13cdc9d9-ddb5-4fa4-a97d-d965ccfc6d4b" outcome="Passed" testListId="8c84fa94-04c1-424b-9868-57a2d4851a1d" relativeResultsDirectory="38820c83-c9db-4708-9df7-ffa047011a79" />
    <UnitTestResult executionId="71ecb88e-070c-45a3-be85-3de8a7440e89" testId="1618167a-e816-28db-dab8-22d407b37857" testName="TryGetLinkTypeEndByName" computerName="TFSBUILD11" duration="00:00:00.0590667" startTime="2015-09-28T09:44:20.5659145-07:00" endTime="2015-09-28T09:44:20.6284178-07:00" testType="13cdc9d9-ddb5-4fa4-a97d-d965ccfc6d4b" outcome="Passed" testListId="8c84fa94-04c1-424b-9868-57a2d4851a1d" relativeResultsDirectory="71ecb88e-070c-45a3-be85-3de8a7440e89" />
    <UnitTestResult executionId="e163fb43-7456-4b6c-b7e3-bb3bc7786b5f" testId="bf37d73c-1540-9da2-539e-d2b6a71d9093" testName="TryGetLinkTypeEndByRefName" computerName="TFSBUILD11" duration="00:00:00.0540895" startTime="2015-09-28T09:44:20.6284178-07:00" endTime="2015-09-28T09:44:20.6752964-07:00" testType="13cdc9d9-ddb5-4fa4-a97d-d965ccfc6d4b" outcome="Passed" testListId="8c84fa94-04c1-424b-9868-57a2d4851a1d" relativeResultsDirectory="e163fb43-7456-4b6c-b7e3-bb3bc7786b5f" />
    <UnitTestResult executionId="37eb4d20-37a5-4e4c-95a9-b836d7c7fddd" testId="9d9cae51-b6df-a542-69be-29368f8e9b2f" testName="GetCount" computerName="TFSBUILD11" duration="00:00:00.0474074" startTime="2015-09-28T09:44:20.6752964-07:00" endTime="2015-09-28T09:44:20.7221727-07:00" testType="13cdc9d9-ddb5-4fa4-a97d-d965ccfc6d4b" outcome="Passed" testListId="8c84fa94-04c1-424b-9868-57a2d4851a1d" relativeResultsDirectory="37eb4d20-37a5-4e4c-95a9-b836d7c7fddd" />
    <UnitTestResult executionId="b30335ce-3f08-416e-9f2b-90eeb18595e6" testId="0e81be8c-545c-2de5-6f6b-62bd69280c21" testName="GetLinkTypeRefNames" computerName="TFSBUILD11" duration="00:00:00.0503496" startTime="2015-09-28T09:44:20.7221727-07:00" endTime="2015-09-28T09:44:20.7690514-07:00" testType="13cdc9d9-ddb5-4fa4-a97d-d965ccfc6d4b" outcome="Passed" testListId="8c84fa94-04c1-424b-9868-57a2d4851a1d" relativeResultsDirectory="b30335ce-3f08-416e-9f2b-90eeb18595e6" />
    <UnitTestResult executionId="69938a63-25f0-4380-8050-4a4ad40ddc84" testId="01b62b5a-0496-fa4d-f303-c603fa19e4a1" testName="GetLinkTypeEndRefNames" computerName="TFSBUILD11" duration="00:00:00.0401068" startTime="2015-09-28T09:44:20.7690514-07:00" endTime="2015-09-28T09:44:20.8159288-07:00" testType="13cdc9d9-ddb5-4fa4-a97d-d965ccfc6d4b" outcome="Passed" testListId="8c84fa94-04c1-424b-9868-57a2d4851a1d" relativeResultsDirectory="69938a63-25f0-4380-8050-4a4ad40ddc84" />
    <UnitTestResult executionId="9a13432e-8954-46ba-ac86-3ad9f937af7b" testId="4f7a039e-06c5-8f77-2354-fdf09856ad62" testName="GetMetadataTimestamps_ReturnsMetadataTimestamps" computerName="TFSBUILD11" duration="00:00:00.0435958" startTime="2015-09-28T09:44:20.8159288-07:00" endTime="2015-09-28T09:44:20.8628069-07:00" testType="13cdc9d9-ddb5-4fa4-a97d-d965ccfc6d4b" outcome="Passed" testListId="8c84fa94-04c1-424b-9868-57a2d4851a1d" relativeResultsDirectory="9a13432e-8954-46ba-ac86-3ad9f937af7b" />
    <UnitTestResult executionId="826d6af0-b8cd-4fef-81ee-ce5df0138b49" testId="d837a9ac-fe3d-56d7-d2eb-9394bc19f096" testName="GetMetadataTimestamps_NullTableNames" computerName="TFSBUILD11" duration="00:00:00.0296498" startTime="2015-09-28T09:44:20.8628069-07:00" endTime="2015-09-28T09:44:20.8940585-07:00" testType="13cdc9d9-ddb5-4fa4-a97d-d965ccfc6d4b" outcome="Passed" testListId="8c84fa94-04c1-424b-9868-57a2d4851a1d" relativeResultsDirectory="826d6af0-b8cd-4fef-81ee-ce5df0138b49" />
    <UnitTestResult executionId="2d75bba2-e665-4917-ba5b-7e24b158b795" testId="ed93aa39-f1bd-6115-22cb-5b9bd5328d9f" testName="GetMetadataTimestamps_NullContext" computerName="TFSBUILD11" duration="00:00:00.0286699" startTime="2015-09-28T09:44:20.8940585-07:00" endTime="2015-09-28T09:44:20.9253105-07:00" testType="13cdc9d9-ddb5-4fa4-a97d-d965ccfc6d4b" outcome="Passed" testListId="8c84fa94-04c1-424b-9868-57a2d4851a1d" relativeResultsDirectory="2d75bba2-e665-4917-ba5b-7e24b158b795" />
    <UnitTestResult executionId="2e010519-be33-46c1-b6ce-94f523886728" testId="0da2c76e-6982-f96c-1cf4-b4c53b650f24" testName="GetConstantRecords_ReturnsConstantRecords" computerName="TFSBUILD11" duration="00:00:00.0384627" startTime="2015-09-28T09:44:20.9253105-07:00" endTime="2015-09-28T09:44:20.9565627-07:00" testType="13cdc9d9-ddb5-4fa4-a97d-d965ccfc6d4b" outcome="Passed" testListId="8c84fa94-04c1-424b-9868-57a2d4851a1d" relativeResultsDirectory="2e010519-be33-46c1-b6ce-94f523886728" />
    <UnitTestResult executionId="68f7e876-218b-4114-8f8b-4230db4c8a6d" testId="29c3954b-b6c8-a4ca-3189-5afaef1ccca4" testName="GetConstantRecords_ReturnsConstantRecordsUsingConstIds" computerName="TFSBUILD11" duration="00:00:00.0272508" startTime="2015-09-28T09:44:20.9565627-07:00" endTime="2015-09-28T09:44:20.9878143-07:00" testType="13cdc9d9-ddb5-4fa4-a97d-d965ccfc6d4b" outcome="Passed" testListId="8c84fa94-04c1-424b-9868-57a2d4851a1d" relativeResultsDirectory="68f7e876-218b-4114-8f8b-4230db4c8a6d" />
    <UnitTestResult executionId="3f8d17b5-84c9-409b-a7a3-6977eac92eed" testId="da43a5d1-598b-2d24-d615-45b8a5964389" testName="GetConstantRecords__NullContext" computerName="TFSBUILD11" duration="00:00:00.0260872" startTime="2015-09-28T09:44:20.9878143-07:00" endTime="2015-09-28T09:44:21.0190666-07:00" testType="13cdc9d9-ddb5-4fa4-a97d-d965ccfc6d4b" outcome="Passed" testListId="8c84fa94-04c1-424b-9868-57a2d4851a1d" relativeResultsDirectory="3f8d17b5-84c9-409b-a7a3-6977eac92eed" />
    <UnitTestResult executionId="839aca81-4c94-4913-a071-0754c7e49a75" testId="82ce630e-f881-5742-e7eb-7991ddede7a4" testName="GetConstantRecords_NullConstIds" computerName="TFSBUILD11" duration="00:00:00.0329178" startTime="2015-09-28T09:44:21.0190666-07:00" endTime="2015-09-28T09:44:21.0503191-07:00" testType="13cdc9d9-ddb5-4fa4-a97d-d965ccfc6d4b" outcome="Passed" testListId="8c84fa94-04c1-424b-9868-57a2d4851a1d" relativeResultsDirectory="839aca81-4c94-4913-a071-0754c7e49a75" />
    <UnitTestResult executionId="320372e9-0099-40f9-9d31-81b17a0d7c11" testId="20ea3a88-0943-844e-1f4e-6e6e51356c39" testName="GetConstantRecords_ReturnsConstantRecordsUsingTeamFoundationIds" computerName="TFSBUILD11" duration="00:00:00.0251135" startTime="2015-09-28T09:44:21.0503191-07:00" endTime="2015-09-28T09:44:21.0659443-07:00" testType="13cdc9d9-ddb5-4fa4-a97d-d965ccfc6d4b" outcome="Passed" testListId="8c84fa94-04c1-424b-9868-57a2d4851a1d" relativeResultsDirectory="320372e9-0099-40f9-9d31-81b17a0d7c11" />
    <UnitTestResult executionId="7dfbab7f-9f13-4fd5-ba34-3753c71dd65e" testId="b1ecb352-6663-c988-e3c9-e61eff88c96f" testName="GetConstantRecords_NullContext" computerName="TFSBUILD11" duration="00:00:00.0247417" startTime="2015-09-28T09:44:21.0659443-07:00" endTime="2015-09-28T09:44:21.0971829-07:00" testType="13cdc9d9-ddb5-4fa4-a97d-d965ccfc6d4b" outcome="Passed" testListId="8c84fa94-04c1-424b-9868-57a2d4851a1d" relativeResultsDirectory="7dfbab7f-9f13-4fd5-ba34-3753c71dd65e" />
    <UnitTestResult executionId="eccacfde-b46a-49ec-99be-79ae3528dfee" testId="136c82b9-ad0c-723a-8d1d-321b7e01323f" testName="GetConstantRecords_NullTFId" computerName="TFSBUILD11" duration="00:00:00.0732386" startTime="2015-09-28T09:44:21.0971829-07:00" endTime="2015-09-28T09:44:21.1753152-07:00" testType="13cdc9d9-ddb5-4fa4-a97d-d965ccfc6d4b" outcome="Passed" testListId="8c84fa94-04c1-424b-9868-57a2d4851a1d" relativeResultsDirectory="eccacfde-b46a-49ec-99be-79ae3528dfee" />
    <UnitTestResult executionId="5e254707-8659-49cf-906e-5185d34c3f4c" testId="041c9644-197b-1801-7596-647b0cc0c201" testName="GetPersonNameConstantRecords_ReturnsConstantRecordsUsingPersonName" computerName="TFSBUILD11" duration="00:00:00.0786475" startTime="2015-09-28T09:44:21.1753152-07:00" endTime="2015-09-28T09:44:21.2534454-07:00" testType="13cdc9d9-ddb5-4fa4-a97d-d965ccfc6d4b" outcome="Passed" testListId="8c84fa94-04c1-424b-9868-57a2d4851a1d" relativeResultsDirectory="5e254707-8659-49cf-906e-5185d34c3f4c" />
    <UnitTestResult executionId="465d3f11-0017-40d6-8021-7275aaee065f" testId="66dafe61-9a50-820f-d5cc-5300db01f9c0" testName="GetTreeNodeById_ProjectNode" computerName="TFSBUILD11" duration="00:00:00.1190053" startTime="2015-09-28T09:44:21.2534454-07:00" endTime="2015-09-28T09:44:21.3628276-07:00" testType="13cdc9d9-ddb5-4fa4-a97d-d965ccfc6d4b" outcome="Passed" testListId="8c84fa94-04c1-424b-9868-57a2d4851a1d" relativeResultsDirectory="465d3f11-0017-40d6-8021-7275aaee065f" />
    <UnitTestResult executionId="829ea510-3dea-4eb1-b57e-772c394fe5c1" testId="c3c05be4-4555-9158-9cc1-ea74def6e17a" testName="GetTreeNodeById_ClassificationNode" computerName="TFSBUILD11" duration="00:00:00.0968343" startTime="2015-09-28T09:44:21.3628276-07:00" endTime="2015-09-28T09:44:21.4722104-07:00" testType="13cdc9d9-ddb5-4fa4-a97d-d965ccfc6d4b" outcome="Passed" testListId="8c84fa94-04c1-424b-9868-57a2d4851a1d" relativeResultsDirectory="829ea510-3dea-4eb1-b57e-772c394fe5c1" />
    <UnitTestResult executionId="ddfe1d9e-371c-4ab0-93aa-e233366d8948" testId="dc75fb06-c39b-2434-b70e-54671b9569aa" testName="GetTreeNodeById_BackCompat_EmptyProjectId" computerName="TFSBUILD11" duration="00:00:00.1387904" startTime="2015-09-28T09:44:21.4722104-07:00" endTime="2015-09-28T09:44:21.5972486-07:00" testType="13cdc9d9-ddb5-4fa4-a97d-d965ccfc6d4b" outcome="Passed" testListId="8c84fa94-04c1-424b-9868-57a2d4851a1d" relativeResultsDirectory="ddfe1d9e-371c-4ab0-93aa-e233366d8948" />
    <UnitTestResult executionId="62a92661-9396-495c-9529-b64fcc5f6745" testId="2f9dae74-b5a0-cca7-422f-c264f79c13d9" testName="GetTreeNodeByGuid_ProjectNode" computerName="TFSBUILD11" duration="00:00:00.1366718" startTime="2015-09-28T09:44:21.5972486-07:00" endTime="2015-09-28T09:44:21.7378785-07:00" testType="13cdc9d9-ddb5-4fa4-a97d-d965ccfc6d4b" outcome="Passed" testListId="8c84fa94-04c1-424b-9868-57a2d4851a1d" relativeResultsDirectory="62a92661-9396-495c-9529-b64fcc5f6745" />
    <UnitTestResult executionId="edaf2ee9-4c14-46cc-8aa0-37e23e74dc2f" testId="2e88907a-6999-f8d1-46f4-84846640b60e" testName="GetTreeNodeByGuid_ClassificationNode" computerName="TFSBUILD11" duration="00:00:00.1021312" startTime="2015-09-28T09:44:21.7378785-07:00" endTime="2015-09-28T09:44:21.8472561-07:00" testType="13cdc9d9-ddb5-4fa4-a97d-d965ccfc6d4b" outcome="Passed" testListId="8c84fa94-04c1-424b-9868-57a2d4851a1d" relativeResultsDirectory="edaf2ee9-4c14-46cc-8aa0-37e23e74dc2f" />
    <UnitTestResult executionId="9f8c3860-e96b-4622-8054-f3f649114a85" testId="46d02f3c-2448-9c4e-d258-bde278a84fa0" testName="GetTreeNodeByPath_ProjectNode" computerName="TFSBUILD11" duration="00:00:00.0888585" startTime="2015-09-28T09:44:21.8472561-07:00" endTime="2015-09-28T09:44:21.9253895-07:00" testType="13cdc9d9-ddb5-4fa4-a97d-d965ccfc6d4b" outcome="Passed" testListId="8c84fa94-04c1-424b-9868-57a2d4851a1d" relativeResultsDirectory="9f8c3860-e96b-4622-8054-f3f649114a85" />
    <UnitTestResult executionId="e970b065-6d62-40d1-8c49-69615cc986ec" testId="f75cc09a-486b-c657-e919-2cd2add0df6c" testName="GetTreeNodeByPath_RootAreaNode" computerName="TFSBUILD11" duration="00:00:00.1489993" startTime="2015-09-28T09:44:21.9253895-07:00" endTime="2015-09-28T09:44:22.0816572-07:00" testType="13cdc9d9-ddb5-4fa4-a97d-d965ccfc6d4b" outcome="Passed" testListId="8c84fa94-04c1-424b-9868-57a2d4851a1d" relativeResultsDirectory="e970b065-6d62-40d1-8c49-69615cc986ec" />
    <UnitTestResult executionId="177200ff-7a07-4ebc-a17c-989a8074e933" testId="5a6ba239-6adc-5980-c3ee-587ce3488048" testName="GetTreeNodeByPath_RootIterationNode" computerName="TFSBUILD11" duration="00:00:00.1323525" startTime="2015-09-28T09:44:22.0816572-07:00" endTime="2015-09-28T09:44:22.2222885-07:00" testType="13cdc9d9-ddb5-4fa4-a97d-d965ccfc6d4b" outcome="Passed" testListId="8c84fa94-04c1-424b-9868-57a2d4851a1d" relativeResultsDirectory="177200ff-7a07-4ebc-a17c-989a8074e933" />
    <UnitTestResult executionId="8aa63384-f8cd-419a-bf68-7001825a26ad" testId="8916807b-c6b6-dbfa-71fa-95aa43988f99" testName="GetTreeNodeByPath_ChildNode" computerName="TFSBUILD11" duration="00:00:00.1050328" startTime="2015-09-28T09:44:22.2222885-07:00" endTime="2015-09-28T09:44:22.3160415-07:00" testType="13cdc9d9-ddb5-4fa4-a97d-d965ccfc6d4b" outcome="Passed" testListId="8c84fa94-04c1-424b-9868-57a2d4851a1d" relativeResultsDirectory="8aa63384-f8cd-419a-bf68-7001825a26ad" />
    <UnitTestResult executionId="3030e992-dd3e-40e4-8aaf-e640aea18e60" testId="6ba2b6b1-1d61-8e62-ca53-d7157cacca85" testName="GetSnapshot" computerName="TFSBUILD11" duration="00:00:00.0825697" startTime="2015-09-28T09:44:22.3160415-07:00" endTime="2015-09-28T09:44:22.4097959-07:00" testType="13cdc9d9-ddb5-4fa4-a97d-d965ccfc6d4b" outcome="Passed" testListId="8c84fa94-04c1-424b-9868-57a2d4851a1d" relativeResultsDirectory="3030e992-dd3e-40e4-8aaf-e640aea18e60" />
    <UnitTestResult executionId="c9130b5d-f768-4064-b1cb-2a1d4474252b" testId="ba1113ad-ba40-e383-2b63-0a01b118f560" testName="GetTreeNodeIdByCssPath" computerName="TFSBUILD11" duration="00:00:00.0903627" startTime="2015-09-28T09:44:22.4097959-07:00" endTime="2015-09-28T09:44:22.4879074-07:00" testType="13cdc9d9-ddb5-4fa4-a97d-d965ccfc6d4b" outcome="Passed" testListId="8c84fa94-04c1-424b-9868-57a2d4851a1d" relativeResultsDirectory="c9130b5d-f768-4064-b1cb-2a1d4474252b" />
    <UnitTestResult executionId="c53fdc98-a384-419c-8825-dd2a69d2ba10" testId="7814c72b-9a06-9f81-a52c-55489a4e0d71" testName="GetNodeUri" computerName="TFSBUILD11" duration="00:00:00.0698090" startTime="2015-09-28T09:44:22.4879074-07:00" endTime="2015-09-28T09:44:22.5660376-07:00" testType="13cdc9d9-ddb5-4fa4-a97d-d965ccfc6d4b" outcome="Passed" testListId="8c84fa94-04c1-424b-9868-57a2d4851a1d" relativeResultsDirectory="c53fdc98-a384-419c-8825-dd2a69d2ba10" />
    <UnitTestResult executionId="4abfe0a1-736a-45b1-b2f3-6130277b6875" testId="4f316a08-28fd-9d68-8f12-12d781067307" testName="GetTreeNodes" computerName="TFSBUILD11" duration="00:00:00.0780994" startTime="2015-09-28T09:44:22.5660376-07:00" endTime="2015-09-28T09:44:22.6441682-07:00" testType="13cdc9d9-ddb5-4fa4-a97d-d965ccfc6d4b" outcome="Passed" testListId="8c84fa94-04c1-424b-9868-57a2d4851a1d" relativeResultsDirectory="4abfe0a1-736a-45b1-b2f3-6130277b6875" />
    <UnitTestResult executionId="67bc08ae-9a85-4aea-8aad-99a86df8dff4" testId="44be73fa-519f-de72-fb4d-a483ca0275cb" testName="GetTreeNodeIdByIncorrectPath" computerName="TFSBUILD11" duration="00:00:00.0622647" startTime="2015-09-28T09:44:22.6441682-07:00" endTime="2015-09-28T09:44:22.7066911-07:00" testType="13cdc9d9-ddb5-4fa4-a97d-d965ccfc6d4b" outcome="Passed" testListId="8c84fa94-04c1-424b-9868-57a2d4851a1d" relativeResultsDirectory="67bc08ae-9a85-4aea-8aad-99a86df8dff4" />
    <UnitTestResult executionId="d87a4588-a2f9-486a-b498-19f1c3b4be8e" testId="04ef4531-a415-9783-2cf1-a1007a3c0eb3" testName="GetTreeNodeIdByCorrectPathIncorrectTreeType" computerName="TFSBUILD11" duration="00:00:00.0586767" startTime="2015-09-28T09:44:22.7066911-07:00" endTime="2015-09-28T09:44:22.7691919-07:00" testType="13cdc9d9-ddb5-4fa4-a97d-d965ccfc6d4b" outcome="Passed" testListId="8c84fa94-04c1-424b-9868-57a2d4851a1d" relativeResultsDirectory="d87a4588-a2f9-486a-b498-19f1c3b4be8e" />
    <UnitTestResult executionId="5956e46a-f6ea-4e9d-b2ff-e510a14bf5c4" testId="b2a5737c-5673-b674-ba11-ac24fbdd1b73" testName="GetProjectNodeAsArea" computerName="TFSBUILD11" duration="00:00:00.1025738" startTime="2015-09-28T09:44:22.7691919-07:00" endTime="2015-09-28T09:44:22.8629628-07:00" testType="13cdc9d9-ddb5-4fa4-a97d-d965ccfc6d4b" outcome="Passed" testListId="8c84fa94-04c1-424b-9868-57a2d4851a1d" relativeResultsDirectory="5956e46a-f6ea-4e9d-b2ff-e510a14bf5c4" />
    <UnitTestResult executionId="c5cdaadf-f382-47b6-9f35-fa50a7621353" testId="e8a0d294-4d66-bd92-b1e2-132cddfa71ea" testName="GetProjectNodeAsIteration" computerName="TFSBUILD11" duration="00:00:00.1494897" startTime="2015-09-28T09:44:22.8629628-07:00" endTime="2015-09-28T09:44:23.0192193-07:00" testType="13cdc9d9-ddb5-4fa4-a97d-d965ccfc6d4b" outcome="Passed" testListId="8c84fa94-04c1-424b-9868-57a2d4851a1d" relativeResultsDirectory="c5cdaadf-f382-47b6-9f35-fa50a7621353" />
    <UnitTestResult executionId="2d4030e9-b03f-446f-97ca-eaa19a3b891e" testId="6bd0f87d-f935-3c5e-8103-fdc9ca71581c" testName="GetProjectNodeAsNone" computerName="TFSBUILD11" duration="00:00:00.1243423" startTime="2015-09-28T09:44:23.0192193-07:00" endTime="2015-09-28T09:44:23.1442336-07:00" testType="13cdc9d9-ddb5-4fa4-a97d-d965ccfc6d4b" outcome="Passed" testListId="8c84fa94-04c1-424b-9868-57a2d4851a1d" relativeResultsDirectory="2d4030e9-b03f-446f-97ca-eaa19a3b891e" />
    <UnitTestResult executionId="d3521239-e547-4288-978f-5cd731ac10d9" testId="99347b9a-71a1-2165-e407-c8bf21d7b346" testName="GetOrphanTreeNodeById" computerName="TFSBUILD11" duration="00:00:00.1521769" startTime="2015-09-28T09:44:23.1442336-07:00" endTime="2015-09-28T09:44:23.3004896-07:00" testType="13cdc9d9-ddb5-4fa4-a97d-d965ccfc6d4b" outcome="Passed" testListId="8c84fa94-04c1-424b-9868-57a2d4851a1d" relativeResultsDirectory="d3521239-e547-4288-978f-5cd731ac10d9" />
    <UnitTestResult executionId="c7c9a428-3f78-4143-b5e9-76475aece6f1" testId="31f7cbce-2e31-438f-9ce5-c784059d2ad7" testName="TreeNodePathTests" computerName="TFSBUILD11" duration="00:00:00.1166521" startTime="2015-09-28T09:44:23.3004896-07:00" endTime="2015-09-28T09:44:23.4098701-07:00" testType="13cdc9d9-ddb5-4fa4-a97d-d965ccfc6d4b" outcome="Passed" testListId="8c84fa94-04c1-424b-9868-57a2d4851a1d" relativeResultsDirectory="c7c9a428-3f78-4143-b5e9-76475aece6f1" />
    <UnitTestResult executionId="f23cdfdd-d964-4642-8bf3-f31f17f28128" testId="5a7dfc20-58da-1715-674a-a641db08a46f" testName="SnapshotNodeChanges" computerName="TFSBUILD11" duration="00:00:00.1146499" startTime="2015-09-28T09:44:23.4098701-07:00" endTime="2015-09-28T09:44:23.5192503-07:00" testType="13cdc9d9-ddb5-4fa4-a97d-d965ccfc6d4b" outcome="Passed" testListId="8c84fa94-04c1-424b-9868-57a2d4851a1d" relativeResultsDirectory="f23cdfdd-d964-4642-8bf3-f31f17f28128" />
    <UnitTestResult executionId="1cbff509-992b-4b0e-b32d-b4377466756c" testId="9c799ab4-04a8-1b7d-647f-92f3b7756647" testName="SnapshotNodeChangesForcibly" computerName="TFSBUILD11" duration="00:00:00.0856733" startTime="2015-09-28T09:44:23.5192503-07:00" endTime="2015-09-28T09:44:23.6130053-07:00" testType="13cdc9d9-ddb5-4fa4-a97d-d965ccfc6d4b" outcome="Passed" testListId="8c84fa94-04c1-424b-9868-57a2d4851a1d" relativeResultsDirectory="1cbff509-992b-4b0e-b32d-b4377466756c" />
    <UnitTestResult executionId="7dc23768-e9f1-432c-84d5-b7a671b53676" testId="483c2b6a-3b8d-6b3f-3353-e6e144507a0a" testName="GetWorkItemTypeCategories_ReturnsWorkItemTypeCategories" computerName="TFSBUILD11" duration="00:00:00.1057058" startTime="2015-09-28T09:44:23.6130053-07:00" endTime="2015-09-28T09:44:23.7223863-07:00" testType="13cdc9d9-ddb5-4fa4-a97d-d965ccfc6d4b" outcome="Passed" testListId="8c84fa94-04c1-424b-9868-57a2d4851a1d" relativeResultsDirectory="7dc23768-e9f1-432c-84d5-b7a671b53676" />
    <UnitTestResult executionId="36963a45-7ed6-4a24-a104-2eb2df1f2c07" testId="5c5c8824-720e-f445-73f8-434e05bd8b44" testName="GetWorkItemTypeCategories_WorkItemTrackingProjectNotFound" computerName="TFSBUILD11" duration="00:00:00.0710529" startTime="2015-09-28T09:44:23.7223863-07:00" endTime="2015-09-28T09:44:23.7848899-07:00" testType="13cdc9d9-ddb5-4fa4-a97d-d965ccfc6d4b" outcome="Passed" testListId="8c84fa94-04c1-424b-9868-57a2d4851a1d" relativeResultsDirectory="36963a45-7ed6-4a24-a104-2eb2df1f2c07" />
    <UnitTestResult executionId="f2fbfa8f-9a15-4cca-a759-35f5341f1ec4" testId="1f80efae-ab6d-bc91-bb67-2f311d5b4116" testName="GetWorkItemTypeCategories_InvalidRequestContext" computerName="TFSBUILD11" duration="00:00:00.1035461" startTime="2015-09-28T09:44:23.7848899-07:00" endTime="2015-09-28T09:44:23.8942861-07:00" testType="13cdc9d9-ddb5-4fa4-a97d-d965ccfc6d4b" outcome="Passed" testListId="8c84fa94-04c1-424b-9868-57a2d4851a1d" relativeResultsDirectory="f2fbfa8f-9a15-4cca-a759-35f5341f1ec4" />
    <UnitTestResult executionId="a3bf9c2c-dc4c-4787-841b-015fb510f141" testId="a9f39b4c-ab8a-a2d1-abcd-c2c6b8871980" testName="GetWorkItemTypeCategory_ReturnsWorkItemTypeCategory" computerName="TFSBUILD11" duration="00:00:00.1678958" startTime="2015-09-28T09:44:23.8942861-07:00" endTime="2015-09-28T09:44:24.0661662-07:00" testType="13cdc9d9-ddb5-4fa4-a97d-d965ccfc6d4b" outcome="Passed" testListId="8c84fa94-04c1-424b-9868-57a2d4851a1d" relativeResultsDirectory="a3bf9c2c-dc4c-4787-841b-015fb510f141" />
    <UnitTestResult executionId="b1bef6fe-a635-4edb-b354-3c3917ff3165" testId="26dfccc3-215b-408b-3533-5ee28161ea57" testName="GetWorkItemTypeCategory_WorkItemTypeCategoryNotFound" computerName="TFSBUILD11" duration="00:00:00.1128317" startTime="2015-09-28T09:44:24.0661662-07:00" endTime="2015-09-28T09:44:24.1755464-07:00" testType="13cdc9d9-ddb5-4fa4-a97d-d965ccfc6d4b" outcome="Passed" testListId="8c84fa94-04c1-424b-9868-57a2d4851a1d" relativeResultsDirectory="b1bef6fe-a635-4edb-b354-3c3917ff3165" />
    <UnitTestResult executionId="97420dca-fbd1-4b75-8988-fbdf3964378f" testId="d29328c7-b32e-624c-1e09-d8ffa818acf2" testName="GetWorkItemTypeCategory_WorkItemTrackingProjectNotFound" computerName="TFSBUILD11" duration="00:00:00.0948310" startTime="2015-09-28T09:44:24.1755464-07:00" endTime="2015-09-28T09:44:24.2693019-07:00" testType="13cdc9d9-ddb5-4fa4-a97d-d965ccfc6d4b" outcome="Passed" testListId="8c84fa94-04c1-424b-9868-57a2d4851a1d" relativeResultsDirectory="97420dca-fbd1-4b75-8988-fbdf3964378f" />
    <UnitTestResult executionId="193d17c2-587e-497c-9c90-d92f3b4bfdc5" testId="db163ca6-27b3-eab9-a552-a0b5133a88d7" testName="GetWorkItemTypeCategory_InvalidRequestContext" computerName="TFSBUILD11" duration="00:00:00.0855629" startTime="2015-09-28T09:44:24.2693019-07:00" endTime="2015-09-28T09:44:24.3630569-07:00" testType="13cdc9d9-ddb5-4fa4-a97d-d965ccfc6d4b" outcome="Passed" testListId="8c84fa94-04c1-424b-9868-57a2d4851a1d" relativeResultsDirectory="193d17c2-587e-497c-9c90-d92f3b4bfdc5" />
    <UnitTestResult executionId="2717afff-386f-4662-968b-593ddc833842" testId="5959bde7-a543-ece9-7542-cdd94d1529d3" testName="GetWorkItemTypeCategory_InvalidWorkItemTypeCategoryName" computerName="TFSBUILD11" duration="00:00:00.0740711" startTime="2015-09-28T09:44:24.3630569-07:00" endTime="2015-09-28T09:44:24.4255605-07:00" testType="13cdc9d9-ddb5-4fa4-a97d-d965ccfc6d4b" outcome="Passed" testListId="8c84fa94-04c1-424b-9868-57a2d4851a1d" relativeResultsDirectory="2717afff-386f-4662-968b-593ddc833842" />
    <UnitTestResult executionId="5f694a40-3967-497e-b9be-bf8e3cba1d47" testId="2f2e3577-3268-5459-33f2-ff4ec3769d9a" testName="TryGetWorkItemTypeCategory_ReturnsWorkItemTypeCategory" computerName="TFSBUILD11" duration="00:00:00.0715592" startTime="2015-09-28T09:44:24.4255605-07:00" endTime="2015-09-28T09:44:24.5036911-07:00" testType="13cdc9d9-ddb5-4fa4-a97d-d965ccfc6d4b" outcome="Passed" testListId="8c84fa94-04c1-424b-9868-57a2d4851a1d" relativeResultsDirectory="5f694a40-3967-497e-b9be-bf8e3cba1d47" />
    <UnitTestResult executionId="00b8a495-b1df-4b78-a161-44dc4da7eb4f" testId="b08d6abd-5c11-db64-3696-c79774668bba" testName="TryGetWorkItemTypeCategory_ProjectNotFound" computerName="TFSBUILD11" duration="00:00:00.0678535" startTime="2015-09-28T09:44:24.5036911-07:00" endTime="2015-09-28T09:44:24.5661949-07:00" testType="13cdc9d9-ddb5-4fa4-a97d-d965ccfc6d4b" outcome="Passed" testListId="8c84fa94-04c1-424b-9868-57a2d4851a1d" relativeResultsDirectory="00b8a495-b1df-4b78-a161-44dc4da7eb4f" />
    <UnitTestResult executionId="30b6e2ab-7368-4ae3-9622-2592743ac93a" testId="f076b85f-5ef7-60b7-07d8-d66349f66944" testName="TryGetWorkItemTypeCategory_WorkItemTypeCategoryNotFound" computerName="TFSBUILD11" duration="00:00:00.0607091" startTime="2015-09-28T09:44:24.5661949-07:00" endTime="2015-09-28T09:44:24.6286988-07:00" testType="13cdc9d9-ddb5-4fa4-a97d-d965ccfc6d4b" outcome="Passed" testListId="8c84fa94-04c1-424b-9868-57a2d4851a1d" relativeResultsDirectory="30b6e2ab-7368-4ae3-9622-2592743ac93a" />
    <UnitTestResult executionId="5c701aba-5a04-494f-8fab-659e08bfbe88" testId="c37a7edf-bb68-52e4-f742-17e548a5c206" testName="TryGetWorkItemTypeCategory_InvalidRequestContext" computerName="TFSBUILD11" duration="00:00:00.0850794" startTime="2015-09-28T09:44:24.6286988-07:00" endTime="2015-09-28T09:44:24.7224708-07:00" testType="13cdc9d9-ddb5-4fa4-a97d-d965ccfc6d4b" outcome="Passed" testListId="8c84fa94-04c1-424b-9868-57a2d4851a1d" relativeResultsDirectory="5c701aba-5a04-494f-8fab-659e08bfbe88" />
    <UnitTestResult executionId="a99ba7ee-dbd9-4d02-9be9-3db6be21a868" testId="3fd45331-4f2e-d99a-c04f-395ba9a6ef19" testName="TryGetWorkItemTypeCategory_InvalidWorkItemTypeName" computerName="TFSBUILD11" duration="00:00:00.1659488" startTime="2015-09-28T09:44:24.7224708-07:00" endTime="2015-09-28T09:44:24.8787265-07:00" testType="13cdc9d9-ddb5-4fa4-a97d-d965ccfc6d4b" outcome="Passed" testListId="8c84fa94-04c1-424b-9868-57a2d4851a1d" relativeResultsDirectory="a99ba7ee-dbd9-4d02-9be9-3db6be21a868" />
    <UnitTestResult executionId="57ed729d-6d23-4198-97a4-35d1e0d68ae7" testId="5a80d6a5-7997-039f-cc05-9b91a753b8a5" testName="GetWorkItemTypeDetails_AdditionalWorkItemTypeProperties" computerName="TFSBUILD11" duration="00:00:00.1932247" startTime="2015-09-28T09:44:24.8787265-07:00" endTime="2015-09-28T09:44:25.0818611-07:00" testType="13cdc9d9-ddb5-4fa4-a97d-d965ccfc6d4b" outcome="Passed" testListId="8c84fa94-04c1-424b-9868-57a2d4851a1d" relativeResultsDirectory="57ed729d-6d23-4198-97a4-35d1e0d68ae7" />
    <UnitTestResult executionId="c16367a7-2f60-4d89-be6c-f7969ffcf26a" testId="74c14bd2-cf4d-7dfd-1cd8-b8594986833a" testName="GetWorkItemTypeDetails_NullContext" computerName="TFSBUILD11" duration="00:00:00.1318257" startTime="2015-09-28T09:44:25.0818611-07:00" endTime="2015-09-28T09:44:25.2068669-07:00" testType="13cdc9d9-ddb5-4fa4-a97d-d965ccfc6d4b" outcome="Passed" testListId="8c84fa94-04c1-424b-9868-57a2d4851a1d" relativeResultsDirectory="c16367a7-2f60-4d89-be6c-f7969ffcf26a" />
    <UnitTestResult executionId="d8b184fb-f2ab-4a48-9c2b-2c88713b9cfa" testId="1ab15acc-099a-a4a3-40a8-5ad44c800c16" testName="GetWorkItemTypeDetails_BadWorkItemTypeName" computerName="TFSBUILD11" duration="00:00:00.1199929" startTime="2015-09-28T09:44:25.2068669-07:00" endTime="2015-09-28T09:44:25.3318752-07:00" testType="13cdc9d9-ddb5-4fa4-a97d-d965ccfc6d4b" outcome="Passed" testListId="8c84fa94-04c1-424b-9868-57a2d4851a1d" relativeResultsDirectory="d8b184fb-f2ab-4a48-9c2b-2c88713b9cfa" />
    <UnitTestResult executionId="34f376c1-9baa-4226-ba1f-905ea9cff9e9" testId="f726318a-cdcb-b376-a8e3-468361dcedb1" testName="GetWorkItemTypeDetails_BadProject" computerName="TFSBUILD11" duration="00:00:00.1003930" startTime="2015-09-28T09:44:25.3318752-07:00" endTime="2015-09-28T09:44:25.4256305-07:00" testType="13cdc9d9-ddb5-4fa4-a97d-d965ccfc6d4b" outcome="Passed" testListId="8c84fa94-04c1-424b-9868-57a2d4851a1d" relativeResultsDirectory="34f376c1-9baa-4226-ba1f-905ea9cff9e9" />
    <UnitTestResult executionId="57978a84-af99-45ad-a8de-db17dbf4e630" testId="d9aeb615-384d-b88a-6a92-6edbe0540a09" testName="GetWorkItemTypes_ReturnsWorkItemTypes" computerName="TFSBUILD11" duration="00:00:00.0959204" startTime="2015-09-28T09:44:25.4256305-07:00" endTime="2015-09-28T09:44:25.5350130-07:00" testType="13cdc9d9-ddb5-4fa4-a97d-d965ccfc6d4b" outcome="Passed" testListId="8c84fa94-04c1-424b-9868-57a2d4851a1d" relativeResultsDirectory="57978a84-af99-45ad-a8de-db17dbf4e630" />
    <UnitTestResult executionId="83783f98-ada7-4023-a4e8-7505d82604a7" testId="8cb8db94-dcfc-9ce5-b17d-a6d37a9e3fe7" testName="GetWorkItemTypes_WorkItemTrackingProjectNotFound" computerName="TFSBUILD11" duration="00:00:00.0859794" startTime="2015-09-28T09:44:25.5350130-07:00" endTime="2015-09-28T09:44:25.6131429-07:00" testType="13cdc9d9-ddb5-4fa4-a97d-d965ccfc6d4b" outcome="Passed" testListId="8c84fa94-04c1-424b-9868-57a2d4851a1d" relativeResultsDirectory="83783f98-ada7-4023-a4e8-7505d82604a7" />
    <UnitTestResult executionId="aa6d9012-738a-4ed3-a8d9-df73c3baa572" testId="68b98c99-612a-7f8c-5259-f8e4c16eaca3" testName="GetWorkItemTypes_InvalidRequestContext" computerName="TFSBUILD11" duration="00:00:00.0777319" startTime="2015-09-28T09:44:25.6131429-07:00" endTime="2015-09-28T09:44:25.6912729-07:00" testType="13cdc9d9-ddb5-4fa4-a97d-d965ccfc6d4b" outcome="Passed" testListId="8c84fa94-04c1-424b-9868-57a2d4851a1d" relativeResultsDirectory="aa6d9012-738a-4ed3-a8d9-df73c3baa572" />
    <UnitTestResult executionId="2ab1ed66-7c08-4d6b-9261-50cee66b0d99" testId="bf009b00-3da6-e85d-3c64-9f475d18b4eb" testName="GetWorkItemTypeByReferenceName_ReturnsWorkItemType" computerName="TFSBUILD11" duration="00:00:00.1648565" startTime="2015-09-28T09:44:25.6912729-07:00" endTime="2015-09-28T09:44:25.8631718-07:00" testType="13cdc9d9-ddb5-4fa4-a97d-d965ccfc6d4b" outcome="Passed" testListId="8c84fa94-04c1-424b-9868-57a2d4851a1d" relativeResultsDirectory="2ab1ed66-7c08-4d6b-9261-50cee66b0d99" />
    <UnitTestResult executionId="e9d75595-3b69-47eb-aaa2-54ecf9093303" testId="5f1706c5-abfe-6444-b95f-5280c1e1a237" testName="GetWorkItemTypeByReferenceName_WorkItemTypeNotFound" computerName="TFSBUILD11" duration="00:00:00.1968775" startTime="2015-09-28T09:44:25.8631718-07:00" endTime="2015-09-28T09:44:26.0506797-07:00" testType="13cdc9d9-ddb5-4fa4-a97d-d965ccfc6d4b" outcome="Passed" testListId="8c84fa94-04c1-424b-9868-57a2d4851a1d" relativeResultsDirectory="e9d75595-3b69-47eb-aaa2-54ecf9093303" />
    <UnitTestResult executionId="64f15097-f31d-4661-9d16-7926cbf321f7" testId="60c3d16c-72de-1898-d8d7-0dba0cdd9acf" testName="GetWorkItemTypeByReferenceName_ProjectNotFound" computerName="TFSBUILD11" duration="00:00:00.1405812" startTime="2015-09-28T09:44:26.0506797-07:00" endTime="2015-09-28T09:44:26.1913162-07:00" testType="13cdc9d9-ddb5-4fa4-a97d-d965ccfc6d4b" outcome="Passed" testListId="8c84fa94-04c1-424b-9868-57a2d4851a1d" relativeResultsDirectory="64f15097-f31d-4661-9d16-7926cbf321f7" />
    <UnitTestResult executionId="42738ab9-33c8-46d3-831a-406f114e383f" testId="7379d6d2-6465-20b1-b91f-577f24381ac1" testName="GetWorkItemTypeByReferenceName_InvalidRequestContext" computerName="TFSBUILD11" duration="00:00:00.1118584" startTime="2015-09-28T09:44:26.1913162-07:00" endTime="2015-09-28T09:44:26.3006950-07:00" testType="13cdc9d9-ddb5-4fa4-a97d-d965ccfc6d4b" outcome="Passed" testListId="8c84fa94-04c1-424b-9868-57a2d4851a1d" relativeResultsDirectory="42738ab9-33c8-46d3-831a-406f114e383f" />
    <UnitTestResult executionId="1610f5fb-194d-4460-a45f-e1a81123319b" testId="71bff370-e3f1-2535-3922-18440d0caf7d" testName="GetWorkItemTypeByReferenceName_InvalidWorkItemTypeName" computerName="TFSBUILD11" duration="00:00:00.1016798" startTime="2015-09-28T09:44:26.3006950-07:00" endTime="2015-09-28T09:44:26.4100755-07:00" testType="13cdc9d9-ddb5-4fa4-a97d-d965ccfc6d4b" outcome="Passed" testListId="8c84fa94-04c1-424b-9868-57a2d4851a1d" relativeResultsDirectory="1610f5fb-194d-4460-a45f-e1a81123319b" />
    <UnitTestResult executionId="a629b848-dd9d-4163-af18-4552a5628871" testId="9eb47c49-0598-a876-4cc5-8fba12f32031" testName="TryGetWorkItemTypeByReferenceName_ReturnsWorkItemType" computerName="TFSBUILD11" duration="00:00:00.0930711" startTime="2015-09-28T09:44:26.4100755-07:00" endTime="2015-09-28T09:44:26.5038316-07:00" testType="13cdc9d9-ddb5-4fa4-a97d-d965ccfc6d4b" outcome="Passed" testListId="8c84fa94-04c1-424b-9868-57a2d4851a1d" relativeResultsDirectory="a629b848-dd9d-4163-af18-4552a5628871" />
    <UnitTestResult executionId="1d671e56-d862-49b3-b6c5-cd8a74deedbc" testId="69b42e8a-c269-fbd8-f724-be1c0aa8206b" testName="TryGetWorkItemTypeByReferenceName_ProjectNotFound" computerName="TFSBUILD11" duration="00:00:00.0907651" startTime="2015-09-28T09:44:26.5038316-07:00" endTime="2015-09-28T09:44:26.5975877-07:00" testType="13cdc9d9-ddb5-4fa4-a97d-d965ccfc6d4b" outcome="Passed" testListId="8c84fa94-04c1-424b-9868-57a2d4851a1d" relativeResultsDirectory="1d671e56-d862-49b3-b6c5-cd8a74deedbc" />
    <UnitTestResult executionId="e596a506-4bf0-46cd-bd06-8ddc3de8309a" testId="73d28c64-814b-c453-62b1-5b241eb11282" testName="TryGetWorkItemTypeByReferenceName_WorkItemTypeNotFound" computerName="TFSBUILD11" duration="00:00:00.0842505" startTime="2015-09-28T09:44:26.5975877-07:00" endTime="2015-09-28T09:44:26.6757185-07:00" testType="13cdc9d9-ddb5-4fa4-a97d-d965ccfc6d4b" outcome="Passed" testListId="8c84fa94-04c1-424b-9868-57a2d4851a1d" relativeResultsDirectory="e596a506-4bf0-46cd-bd06-8ddc3de8309a" />
    <UnitTestResult executionId="dc546f53-1d00-4239-8e25-bf8a3cc5a271" testId="7cceb62c-1846-e71b-f1eb-d3bb54794483" testName="TryGetWorkItemTypeByReferenceName_InvalidRequestContext" computerName="TFSBUILD11" duration="00:00:00.0756512" startTime="2015-09-28T09:44:26.6757185-07:00" endTime="2015-09-28T09:44:26.7538488-07:00" testType="13cdc9d9-ddb5-4fa4-a97d-d965ccfc6d4b" outcome="Passed" testListId="8c84fa94-04c1-424b-9868-57a2d4851a1d" relativeResultsDirectory="dc546f53-1d00-4239-8e25-bf8a3cc5a271" />
    <UnitTestResult executionId="8a848499-6684-44f9-82ee-c1b3e5dec4f2" testId="ac181192-e730-3766-a17d-cc02c5086adb" testName="TryGetWorkItemTypeByReferenceName_InvalidWorkItemTypeName" computerName="TFSBUILD11" duration="00:00:00.1307707" startTime="2015-09-28T09:44:26.7538488-07:00" endTime="2015-09-28T09:44:26.8788742-07:00" testType="13cdc9d9-ddb5-4fa4-a97d-d965ccfc6d4b" outcome="Passed" testListId="8c84fa94-04c1-424b-9868-57a2d4851a1d" relativeResultsDirectory="8a848499-6684-44f9-82ee-c1b3e5dec4f2" />
    <UnitTestResult executionId="08c6a894-54cb-4bc7-8cae-fee0b6659a56" testId="450ab47a-2d91-641a-abb9-77586742b2bf" testName="RenameWorkItemType_NullRequestContext" computerName="TFSBUILD11" duration="00:00:00.2094138" startTime="2015-09-28T09:44:26.8788742-07:00" endTime="2015-09-28T09:44:27.0976312-07:00" testType="13cdc9d9-ddb5-4fa4-a97d-d965ccfc6d4b" outcome="Passed" testListId="8c84fa94-04c1-424b-9868-57a2d4851a1d" relativeResultsDirectory="08c6a894-54cb-4bc7-8cae-fee0b6659a56" />
    <UnitTestResult executionId="bb9ae1f1-fd0e-4170-85af-a59c0e718e7f" testId="f046b971-1788-d85c-6314-bbd809d4b928" testName="RenameWorkItemType_NullOldWorkItemType" computerName="TFSBUILD11" duration="00:00:00.1492260" startTime="2015-09-28T09:44:27.0976312-07:00" endTime="2015-09-28T09:44:27.2382645-07:00" testType="13cdc9d9-ddb5-4fa4-a97d-d965ccfc6d4b" outcome="Passed" testListId="8c84fa94-04c1-424b-9868-57a2d4851a1d" relativeResultsDirectory="bb9ae1f1-fd0e-4170-85af-a59c0e718e7f" />
    <UnitTestResult executionId="bf490c47-f953-4443-b260-46966f44bb31" testId="b9cf99c0-0e04-c374-a2ff-28362df0af25" testName="RenameWorkItemType_NullNewWorkItemType" computerName="TFSBUILD11" duration="00:00:00.1260908" startTime="2015-09-28T09:44:27.2382645-07:00" endTime="2015-09-28T09:44:27.3632705-07:00" testType="13cdc9d9-ddb5-4fa4-a97d-d965ccfc6d4b" outcome="Passed" testListId="8c84fa94-04c1-424b-9868-57a2d4851a1d" relativeResultsDirectory="bf490c47-f953-4443-b260-46966f44bb31" />
    <UnitTestResult executionId="32c65522-8134-47d2-8651-0bf3970f9833" testId="648c303b-ebf8-5165-031e-a20e45f571b0" testName="RenameWorkItemType_EmptyNewWorkItemType" computerName="TFSBUILD11" duration="00:00:00.1052550" startTime="2015-09-28T09:44:27.3632705-07:00" endTime="2015-09-28T09:44:27.4726522-07:00" testType="13cdc9d9-ddb5-4fa4-a97d-d965ccfc6d4b" outcome="Passed" testListId="8c84fa94-04c1-424b-9868-57a2d4851a1d" relativeResultsDirectory="32c65522-8134-47d2-8651-0bf3970f9833" />
    <UnitTestResult executionId="9680df83-a5d9-4adb-84dc-6776cdb5829d" testId="e6631de9-62ae-3bef-f0d9-76404438024b" testName="RenameWorkItemType_OverlongNewWorkItemType" computerName="TFSBUILD11" duration="00:00:00.0973056" startTime="2015-09-28T09:44:27.4726522-07:00" endTime="2015-09-28T09:44:27.5664085-07:00" testType="13cdc9d9-ddb5-4fa4-a97d-d965ccfc6d4b" outcome="Passed" testListId="8c84fa94-04c1-424b-9868-57a2d4851a1d" relativeResultsDirectory="9680df83-a5d9-4adb-84dc-6776cdb5829d" />
    <UnitTestResult executionId="0dd189a1-7f81-422a-8d95-3128fdd653eb" testId="ee62288e-ebd1-3c32-db8a-119c68ab9fe4" testName="RenameWorkItemType_ProjectNotFound" computerName="TFSBUILD11" duration="00:00:00.1398121" startTime="2015-09-28T09:44:27.5664085-07:00" endTime="2015-09-28T09:44:27.7070416-07:00" testType="13cdc9d9-ddb5-4fa4-a97d-d965ccfc6d4b" outcome="Passed" testListId="8c84fa94-04c1-424b-9868-57a2d4851a1d" relativeResultsDirectory="0dd189a1-7f81-422a-8d95-3128fdd653eb" />
    <UnitTestResult executionId="3ef4673f-d65e-4bf1-999d-de2c04661c9f" testId="b3f2f45a-d237-0dca-9460-b4c80648d3a0" testName="RenameWorkItemType_ProjectPermissionDenied" computerName="TFSBUILD11" duration="00:00:00.0824218" startTime="2015-09-28T09:44:27.7070416-07:00" endTime="2015-09-28T09:44:27.8007976-07:00" testType="13cdc9d9-ddb5-4fa4-a97d-d965ccfc6d4b" outcome="Passed" testListId="8c84fa94-04c1-424b-9868-57a2d4851a1d" relativeResultsDirectory="3ef4673f-d65e-4bf1-999d-de2c04661c9f" />
    <UnitTestResult executionId="cdd925d9-ae16-4de1-be3e-1b519d588bd7" testId="d2d4c2a9-2caa-9dfe-6c05-f6671d9f010d" testName="RenameWorkItemType_ManageTypeDenied" computerName="TFSBUILD11" duration="00:00:00.0707761" startTime="2015-09-28T09:44:27.8007976-07:00" endTime="2015-09-28T09:44:27.8633032-07:00" testType="13cdc9d9-ddb5-4fa4-a97d-d965ccfc6d4b" outcome="Passed" testListId="8c84fa94-04c1-424b-9868-57a2d4851a1d" relativeResultsDirectory="cdd925d9-ae16-4de1-be3e-1b519d588bd7" />
    <UnitTestResult executionId="9307da34-49a1-43d5-b7f7-8321fab46884" testId="549aa41f-5b22-6b65-d790-c3a404c50822" testName="GetWorkItemType_MergesInheritedTypeExtension" computerName="TFSBUILD11" duration="00:00:00.2685303" startTime="2015-09-28T09:44:27.8633032-07:00" endTime="2015-09-28T09:44:28.1289340-07:00" testType="13cdc9d9-ddb5-4fa4-a97d-d965ccfc6d4b" outcome="Passed" testListId="8c84fa94-04c1-424b-9868-57a2d4851a1d" relativeResultsDirectory="9307da34-49a1-43d5-b7f7-8321fab46884" />
    <UnitTestResult executionId="44efdf79-2362-4165-bba9-f9d90d7c46a7" testId="6e419a9e-2839-bb17-30c1-24350ee95f9d" testName="GetWorkItemTypes_MergesInheritedTypeExtension" computerName="TFSBUILD11" duration="00:00:00.2249774" startTime="2015-09-28T09:44:28.1289340-07:00" endTime="2015-09-28T09:44:28.3633248-07:00" testType="13cdc9d9-ddb5-4fa4-a97d-d965ccfc6d4b" outcome="Passed" testListId="8c84fa94-04c1-424b-9868-57a2d4851a1d" relativeResultsDirectory="44efdf79-2362-4165-bba9-f9d90d7c46a7" />
    <UnitTestResult executionId="0e98bf60-4ad2-421b-b29a-b809dbe9ae36" testId="d8cd7ec9-209a-5fbb-cb72-240c55b627b5" testName="NormalizationIsInPlaceOperation" computerName="TFSBUILD11" duration="00:00:00.0014640" startTime="2015-09-28T09:44:28.3633248-07:00" endTime="2015-09-28T09:44:28.3633248-07:00" testType="13cdc9d9-ddb5-4fa4-a97d-d965ccfc6d4b" outcome="Passed" testListId="8c84fa94-04c1-424b-9868-57a2d4851a1d" relativeResultsDirectory="0e98bf60-4ad2-421b-b29a-b809dbe9ae36" />
    <UnitTestResult executionId="dadbbf18-5748-4d48-9e63-440f546046a2" testId="e46f5943-8b4d-fae2-b152-499e6f17eb02" testName="UnsetAccountNameIsInjected" computerName="TFSBUILD11" duration="00:00:00.0021796" startTime="2015-09-28T09:44:28.3633248-07:00" endTime="2015-09-28T09:44:28.3633248-07:00" testType="13cdc9d9-ddb5-4fa4-a97d-d965ccfc6d4b" outcome="Passed" testListId="8c84fa94-04c1-424b-9868-57a2d4851a1d" relativeResultsDirectory="dadbbf18-5748-4d48-9e63-440f546046a2" />
    <UnitTestResult executionId="67b45b6a-6ee7-4df2-8197-634cc92b8805" testId="58553f8a-e537-99b4-cae5-a489c8a3a1d1" testName="UnsetTPCDomainsInjected" computerName="TFSBUILD11" duration="00:00:00.0002332" startTime="2015-09-28T09:44:28.3633248-07:00" endTime="2015-09-28T09:44:28.3633248-07:00" testType="13cdc9d9-ddb5-4fa4-a97d-d965ccfc6d4b" outcome="Passed" testListId="8c84fa94-04c1-424b-9868-57a2d4851a1d" relativeResultsDirectory="67b45b6a-6ee7-4df2-8197-634cc92b8805" />
    <UnitTestResult executionId="84bb13f2-38fd-43e6-9d16-7f1e3c4af4a9" testId="51b6969e-744a-122d-e053-e73e3a3d016b" testName="TFCollectionDomainUsesGlobalGroup" computerName="TFSBUILD11" duration="00:00:00.0034420" startTime="2015-09-28T09:44:28.3633248-07:00" endTime="2015-09-28T09:44:28.3633248-07:00" testType="13cdc9d9-ddb5-4fa4-a97d-d965ccfc6d4b" outcome="Passed" testListId="8c84fa94-04c1-424b-9868-57a2d4851a1d" relativeResultsDirectory="84bb13f2-38fd-43e6-9d16-7f1e3c4af4a9" />
    <UnitTestResult executionId="fa37e149-3b4a-441b-9121-6238c2e4e67b" testId="f86a5989-42e7-3539-90b9-7350f502f5e0" testName="TFInstanceDomainUsesInstanceGroup" computerName="TFSBUILD11" duration="00:00:00.0002952" startTime="2015-09-28T09:44:28.3633248-07:00" endTime="2015-09-28T09:44:28.3789515-07:00" testType="13cdc9d9-ddb5-4fa4-a97d-d965ccfc6d4b" outcome="Passed" testListId="8c84fa94-04c1-424b-9868-57a2d4851a1d" relativeResultsDirectory="fa37e149-3b4a-441b-9121-6238c2e4e67b" />
    <UnitTestResult executionId="b3093d59-fa45-4008-98a0-1d1a3283d0a6" testId="94de1167-4314-b33c-9019-1061a6574581" testName="TFInstanceDomainUsesProjectGroup" computerName="TFSBUILD11" duration="00:00:00.0003015" startTime="2015-09-28T09:44:28.3789515-07:00" endTime="2015-09-28T09:44:28.3789515-07:00" testType="13cdc9d9-ddb5-4fa4-a97d-d965ccfc6d4b" outcome="Passed" testListId="8c84fa94-04c1-424b-9868-57a2d4851a1d" relativeResultsDirectory="b3093d59-fa45-4008-98a0-1d1a3283d0a6" />
    <UnitTestResult executionId="1a70d5e4-2758-4112-ba1f-7cd84c251a40" testId="74bfca5c-1dad-39dc-c1b3-b8d145090ebe" testName="UnsetPendedIdentityUsesTBD" computerName="TFSBUILD11" duration="00:00:00.0005017" startTime="2015-09-28T09:44:28.3789515-07:00" endTime="2015-09-28T09:44:28.3789515-07:00" testType="13cdc9d9-ddb5-4fa4-a97d-d965ccfc6d4b" outcome="Passed" testListId="8c84fa94-04c1-424b-9868-57a2d4851a1d" relativeResultsDirectory="1a70d5e4-2758-4112-ba1f-7cd84c251a40" />
    <UnitTestResult executionId="104841ad-f3d5-4c7a-b3ba-5e9f442bd41f" testId="35031e26-4288-6770-9939-1f2b8e9fb78c" testName="GibberishDomainRemains" computerName="TFSBUILD11" duration="00:00:00.0002090" startTime="2015-09-28T09:44:28.3789515-07:00" endTime="2015-09-28T09:44:28.3789515-07:00" testType="13cdc9d9-ddb5-4fa4-a97d-d965ccfc6d4b" outcome="Passed" testListId="8c84fa94-04c1-424b-9868-57a2d4851a1d" relativeResultsDirectory="104841ad-f3d5-4c7a-b3ba-5e9f442bd41f" />
    <UnitTestResult executionId="af9f40de-3db7-41b5-b6aa-3e1abb615b01" testId="2c731a61-ac60-b183-574c-07b6625b46db" testName="WillParseAadNameWithAccountComponent" computerName="TFSBUILD11" duration="00:00:00.0031189" startTime="2015-09-28T09:44:28.3789515-07:00" endTime="2015-09-28T09:44:28.3789515-07:00" testType="13cdc9d9-ddb5-4fa4-a97d-d965ccfc6d4b" outcome="Passed" testListId="8c84fa94-04c1-424b-9868-57a2d4851a1d" relativeResultsDirectory="af9f40de-3db7-41b5-b6aa-3e1abb615b01" />
    <UnitTestResult executionId="3808d48b-2eed-49cd-aedc-79ef5cb57d60" testId="59ab15cc-f23e-0373-3fa5-b7e352752a7a" testName="WillParseAadNameWithoutAccountComponent" computerName="TFSBUILD11" duration="00:00:00.0005128" startTime="2015-09-28T09:44:28.3789515-07:00" endTime="2015-09-28T09:44:28.3789515-07:00" testType="13cdc9d9-ddb5-4fa4-a97d-d965ccfc6d4b" outcome="Passed" testListId="8c84fa94-04c1-424b-9868-57a2d4851a1d" relativeResultsDirectory="3808d48b-2eed-49cd-aedc-79ef5cb57d60" />
    <UnitTestResult executionId="b82248a7-5918-475e-8cb1-3c50f744db82" testId="ae365034-6f2f-bc3a-c9a0-b7197256723a" testName="WillReturnNullIfOidIsWrongFromat" computerName="TFSBUILD11" duration="00:00:00.0001473" startTime="2015-09-28T09:44:28.3789515-07:00" endTime="2015-09-28T09:44:28.3789515-07:00" testType="13cdc9d9-ddb5-4fa4-a97d-d965ccfc6d4b" outcome="Passed" testListId="8c84fa94-04c1-424b-9868-57a2d4851a1d" relativeResultsDirectory="b82248a7-5918-475e-8cb1-3c50f744db82" />
    <UnitTestResult executionId="7c0320a6-045b-4172-bb67-a9fa9803fc33" testId="c059a69f-5f39-efab-a32c-4ddb5953d541" testName="WillParseGroupPrefixedName" computerName="TFSBUILD11" duration="00:00:00.0005151" startTime="2015-09-28T09:44:28.3789515-07:00" endTime="2015-09-28T09:44:28.3789515-07:00" testType="13cdc9d9-ddb5-4fa4-a97d-d965ccfc6d4b" outcome="Passed" testListId="8c84fa94-04c1-424b-9868-57a2d4851a1d" relativeResultsDirectory="7c0320a6-045b-4172-bb67-a9fa9803fc33" />
    <UnitTestResult executionId="db40a87f-60b3-4248-b4ae-050df9420857" testId="686865d3-00b7-1859-ec95-75d7861eb21e" testName="WillHandleSpacesAroundTypePrefix" computerName="TFSBUILD11" duration="00:00:00.0005182" startTime="2015-09-28T09:44:28.3789515-07:00" endTime="2015-09-28T09:44:28.3789515-07:00" testType="13cdc9d9-ddb5-4fa4-a97d-d965ccfc6d4b" outcome="Passed" testListId="8c84fa94-04c1-424b-9868-57a2d4851a1d" relativeResultsDirectory="db40a87f-60b3-4248-b4ae-050df9420857" />
    <UnitTestResult executionId="a962a8c1-fab3-4376-b128-3fc0df3a2e7e" testId="7f59d24d-8ff6-55de-6d77-886715cf858d" testName="WillParseUserPrefixedName" computerName="TFSBUILD11" duration="00:00:00.0005074" startTime="2015-09-28T09:44:28.3789515-07:00" endTime="2015-09-28T09:44:28.3789515-07:00" testType="13cdc9d9-ddb5-4fa4-a97d-d965ccfc6d4b" outcome="Passed" testListId="8c84fa94-04c1-424b-9868-57a2d4851a1d" relativeResultsDirectory="a962a8c1-fab3-4376-b128-3fc0df3a2e7e" />
    <UnitTestResult executionId="97d41525-a3f5-4d79-b4e1-00d301415aca" testId="9ae2a8fd-ca9c-c0e5-4ab2-a88010cde704" testName="WillHandleExtraSpaces" computerName="TFSBUILD11" duration="00:00:00.0004599" startTime="2015-09-28T09:44:28.3789515-07:00" endTime="2015-09-28T09:44:28.3789515-07:00" testType="13cdc9d9-ddb5-4fa4-a97d-d965ccfc6d4b" outcome="Passed" testListId="8c84fa94-04c1-424b-9868-57a2d4851a1d" relativeResultsDirectory="97d41525-a3f5-4d79-b4e1-00d301415aca" />
    <UnitTestResult executionId="84c8b126-494f-419d-97bf-651d8baa5252" testId="40dd67a0-1499-c9f9-398d-55dcec3420c6" testName="WillParseFriendlyNameOutOfGroupName" computerName="TFSBUILD11" duration="00:00:00.0004602" startTime="2015-09-28T09:44:28.3789515-07:00" endTime="2015-09-28T09:44:28.3789515-07:00" testType="13cdc9d9-ddb5-4fa4-a97d-d965ccfc6d4b" outcome="Passed" testListId="8c84fa94-04c1-424b-9868-57a2d4851a1d" relativeResultsDirectory="84c8b126-494f-419d-97bf-651d8baa5252" />
    <UnitTestResult executionId="666a8aa8-6d45-485d-b98c-3c6a4c2cee5f" testId="3619b817-ad5b-7751-cb4c-d927e4609618" testName="Will_save_update_layout_when_setting_field_control_in_a_group" computerName="TFSBUILD11" duration="00:00:00.2753541" startTime="2015-09-28T09:44:28.3789515-07:00" endTime="2015-09-28T09:44:28.6602457-07:00" testType="13cdc9d9-ddb5-4fa4-a97d-d965ccfc6d4b" outcome="Passed" testListId="8c84fa94-04c1-424b-9868-57a2d4851a1d" relativeResultsDirectory="666a8aa8-6d45-485d-b98c-3c6a4c2cee5f" />
    <UnitTestResult executionId="57c5b27c-603b-46c5-9568-3a7048d400c8" testId="980d07a7-2096-ec07-9c49-1ea8660a3fb3" testName="Will_save_update_layout_when_removing_field_control_from_a_group" computerName="TFSBUILD11" duration="00:00:00.0116351" startTime="2015-09-28T09:44:28.6602457-07:00" endTime="2015-09-28T09:44:28.6758718-07:00" testType="13cdc9d9-ddb5-4fa4-a97d-d965ccfc6d4b" outcome="Passed" testListId="8c84fa94-04c1-424b-9868-57a2d4851a1d" relativeResultsDirectory="57c5b27c-603b-46c5-9568-3a7048d400c8" />
    <UnitTestResult executionId="adf0dc75-96e6-4370-9acd-ab0331a8ee28" testId="114eb2cb-c41a-b6f2-5b58-391aa364d1d9" testName="will_remove_field_from_layout_and_save_layout" computerName="TFSBUILD11" duration="00:00:00.0097604" startTime="2015-09-28T09:44:28.6758718-07:00" endTime="2015-09-28T09:44:28.6758718-07:00" testType="13cdc9d9-ddb5-4fa4-a97d-d965ccfc6d4b" outcome="Passed" testListId="8c84fa94-04c1-424b-9868-57a2d4851a1d" relativeResultsDirectory="adf0dc75-96e6-4370-9acd-ab0331a8ee28" />
    <UnitTestResult executionId="2c25aee5-eaea-48f6-a3b7-302180952e63" testId="2f44d031-a74d-8d57-e63d-13c55c357842" testName="WillThrowWhenLayoutIsNull" computerName="TFSBUILD11" duration="00:00:00.0835713" startTime="2015-09-28T09:44:28.6758718-07:00" endTime="2015-09-28T09:44:28.7696254-07:00" testType="13cdc9d9-ddb5-4fa4-a97d-d965ccfc6d4b" outcome="Passed" testListId="8c84fa94-04c1-424b-9868-57a2d4851a1d" relativeResultsDirectory="2c25aee5-eaea-48f6-a3b7-302180952e63" />
    <UnitTestResult executionId="248f6ab4-2550-409d-9110-c3974a43de32" testId="a34e7be7-5f56-6cd3-bb68-ef6960ae6087" testName="WillCreateFormHeader" computerName="TFSBUILD11" duration="00:00:00.0660854" startTime="2015-09-28T09:44:28.7696254-07:00" endTime="2015-09-28T09:44:28.8321281-07:00" testType="13cdc9d9-ddb5-4fa4-a97d-d965ccfc6d4b" outcome="Passed" testListId="8c84fa94-04c1-424b-9868-57a2d4851a1d" relativeResultsDirectory="248f6ab4-2550-409d-9110-c3974a43de32" />
    <UnitTestResult executionId="f8e04ff6-64f8-4aa5-a86e-a92739d06076" testId="38d2c936-8251-b702-88d7-2754049c2aee" testName="WillCreateTabs" computerName="TFSBUILD11" duration="00:00:00.0540022" startTime="2015-09-28T09:44:28.8321281-07:00" endTime="2015-09-28T09:44:28.8790042-07:00" testType="13cdc9d9-ddb5-4fa4-a97d-d965ccfc6d4b" outcome="Passed" testListId="8c84fa94-04c1-424b-9868-57a2d4851a1d" relativeResultsDirectory="f8e04ff6-64f8-4aa5-a86e-a92739d06076" />
    <UnitTestResult executionId="d18b2040-00f4-4a4d-84b8-ad26a6c7ac27" testId="be598aac-7874-f1fc-5a37-f4858aaa7de9" testName="WillHideTabsThatAreMakedNotVisible" computerName="TFSBUILD11" duration="00:00:00.0471417" startTime="2015-09-28T09:44:28.8790042-07:00" endTime="2015-09-28T09:44:28.9258825-07:00" testType="13cdc9d9-ddb5-4fa4-a97d-d965ccfc6d4b" outcome="Passed" testListId="8c84fa94-04c1-424b-9868-57a2d4851a1d" relativeResultsDirectory="d18b2040-00f4-4a4d-84b8-ad26a6c7ac27" />
    <UnitTestResult executionId="793cf2df-e683-45c3-ba37-88e6c0bf7735" testId="654d6260-3d10-c8b4-b480-60dc71e00727" testName="WillCreateThreeSections" computerName="TFSBUILD11" duration="00:00:00.0427874" startTime="2015-09-28T09:44:28.9258825-07:00" endTime="2015-09-28T09:44:28.9727597-07:00" testType="13cdc9d9-ddb5-4fa4-a97d-d965ccfc6d4b" outcome="Passed" testListId="8c84fa94-04c1-424b-9868-57a2d4851a1d" relativeResultsDirectory="793cf2df-e683-45c3-ba37-88e6c0bf7735" />
    <UnitTestResult executionId="fb58dd19-48fb-451b-9c70-2d85147553d2" testId="e6256e96-8b0e-5711-a802-276f599f7fdc" testName="WillCreateTwoSections" computerName="TFSBUILD11" duration="00:00:00.0482684" startTime="2015-09-28T09:44:28.9727597-07:00" endTime="2015-09-28T09:44:29.0352641-07:00" testType="13cdc9d9-ddb5-4fa4-a97d-d965ccfc6d4b" outcome="Passed" testListId="8c84fa94-04c1-424b-9868-57a2d4851a1d" relativeResultsDirectory="fb58dd19-48fb-451b-9c70-2d85147553d2" />
    <UnitTestResult executionId="cf048609-54ec-4b9b-9f81-2269cbe016e3" testId="540d2ead-945a-713a-acd2-74943cb190b6" testName="WillCreateOneSection" computerName="TFSBUILD11" duration="00:00:00.0515713" startTime="2015-09-28T09:44:29.0352641-07:00" endTime="2015-09-28T09:44:29.0821277-07:00" testType="13cdc9d9-ddb5-4fa4-a97d-d965ccfc6d4b" outcome="Passed" testListId="8c84fa94-04c1-424b-9868-57a2d4851a1d" relativeResultsDirectory="cf048609-54ec-4b9b-9f81-2269cbe016e3" />
    <UnitTestResult executionId="148c1fdf-ff9c-4fd1-a6e9-f693d73f028a" testId="64136798-d2a9-5cbe-17f1-63f20d7873f5" testName="WillNotShowGroupsWithoutControls" computerName="TFSBUILD11" duration="00:00:00.1085693" startTime="2015-09-28T09:44:29.0821277-07:00" endTime="2015-09-28T09:44:29.1915107-07:00" testType="13cdc9d9-ddb5-4fa4-a97d-d965ccfc6d4b" outcome="Passed" testListId="8c84fa94-04c1-424b-9868-57a2d4851a1d" relativeResultsDirectory="148c1fdf-ff9c-4fd1-a6e9-f693d73f028a" />
    <UnitTestResult executionId="6ef3f116-ccf2-4fd6-941a-0d099de000e4" testId="a73b10fe-3d38-a1dc-b99f-0d7c1df95ea0" testName="WillNotAppendControlMetadataOnlyIfMetadataIsXml" computerName="TFSBUILD11" duration="00:00:00.0900011" startTime="2015-09-28T09:44:29.1915107-07:00" endTime="2015-09-28T09:44:29.2852665-07:00" testType="13cdc9d9-ddb5-4fa4-a97d-d965ccfc6d4b" outcome="Passed" testListId="8c84fa94-04c1-424b-9868-57a2d4851a1d" relativeResultsDirectory="6ef3f116-ccf2-4fd6-941a-0d099de000e4" />
    <UnitTestResult executionId="bde88db0-6dcd-406f-968d-c900fb859021" testId="92d152ad-92ed-fac0-0c0e-4b7cc67d0947" testName="WillThrowWhenFormXmlIsNull" computerName="TFSBUILD11" duration="00:00:00.0681285" startTime="2015-09-28T09:44:29.2852665-07:00" endTime="2015-09-28T09:44:29.3477704-07:00" testType="13cdc9d9-ddb5-4fa4-a97d-d965ccfc6d4b" outcome="Passed" testListId="8c84fa94-04c1-424b-9868-57a2d4851a1d" relativeResultsDirectory="bde88db0-6dcd-406f-968d-c900fb859021" />
    <UnitTestResult executionId="8838f4b8-67bb-4105-af9d-50f544f6dd07" testId="548a48ea-8ab8-9497-c483-97501d9c8bd5" testName="WillThrowWhenFormXmlIsEmpty" computerName="TFSBUILD11" duration="00:00:00.0696512" startTime="2015-09-28T09:44:29.3477704-07:00" endTime="2015-09-28T09:44:29.4259007-07:00" testType="13cdc9d9-ddb5-4fa4-a97d-d965ccfc6d4b" outcome="Passed" testListId="8c84fa94-04c1-424b-9868-57a2d4851a1d" relativeResultsDirectory="8838f4b8-67bb-4105-af9d-50f544f6dd07" />
    <UnitTestResult executionId="1875f38c-9633-4ce0-a7f8-5004dea02573" testId="b563ccec-de1a-7a7c-edaa-93f03b757e59" testName="WillThrowWhenFormXmlIsMalformed" computerName="TFSBUILD11" duration="00:00:00.0559799" startTime="2015-09-28T09:44:29.4259007-07:00" endTime="2015-09-28T09:44:29.4727790-07:00" testType="13cdc9d9-ddb5-4fa4-a97d-d965ccfc6d4b" outcome="Passed" testListId="8c84fa94-04c1-424b-9868-57a2d4851a1d" relativeResultsDirectory="1875f38c-9633-4ce0-a7f8-5004dea02573" />
    <UnitTestResult executionId="065c0b2f-e979-489f-8c48-e6163d4e7ef7" testId="5dbd3da7-d701-9f0a-7e21-0d7b87626816" testName="WillGetEmptyLayoutWhenNoLayoutElementIsFound" computerName="TFSBUILD11" duration="00:00:00.0496650" startTime="2015-09-28T09:44:29.4727790-07:00" endTime="2015-09-28T09:44:29.5196571-07:00" testType="13cdc9d9-ddb5-4fa4-a97d-d965ccfc6d4b" outcome="Passed" testListId="8c84fa94-04c1-424b-9868-57a2d4851a1d" relativeResultsDirectory="065c0b2f-e979-489f-8c48-e6163d4e7ef7" />
    <UnitTestResult executionId="13e5cacd-580b-40a0-95f0-894ef4ec757d" testId="093b27a6-3a44-e11c-6bcf-f4345dba1dc3" testName="WillChooseNewFormLayoutWhenAvailable" computerName="TFSBUILD11" duration="00:00:00.0714227" startTime="2015-09-28T09:44:29.5196571-07:00" endTime="2015-09-28T09:44:29.5977876-07:00" testType="13cdc9d9-ddb5-4fa4-a97d-d965ccfc6d4b" outcome="Passed" testListId="8c84fa94-04c1-424b-9868-57a2d4851a1d" relativeResultsDirectory="13e5cacd-580b-40a0-95f0-894ef4ec757d" />
    <UnitTestResult executionId="5b939e42-7f0c-457e-83ee-e7e35912303b" testId="c7f8a59a-de14-e3dc-18bb-d2d6dd2bdef2" testName="WillSelectTopLevelTabsOnly" computerName="TFSBUILD11" duration="00:00:00.0487525" startTime="2015-09-28T09:44:29.5977876-07:00" endTime="2015-09-28T09:44:29.6446660-07:00" testType="13cdc9d9-ddb5-4fa4-a97d-d965ccfc6d4b" outcome="Passed" testListId="8c84fa94-04c1-424b-9868-57a2d4851a1d" relativeResultsDirectory="5b939e42-7f0c-457e-83ee-e7e35912303b" />
    <UnitTestResult executionId="c8fa4f2d-ea27-486e-a8f6-b23765d1d504" testId="1d1e117a-5825-19f7-cacd-f9b25e552c1e" testName="WillHideEmptyTabs" computerName="TFSBUILD11" duration="00:00:00.0502959" startTime="2015-09-28T09:44:29.6446660-07:00" endTime="2015-09-28T09:44:29.6915443-07:00" testType="13cdc9d9-ddb5-4fa4-a97d-d965ccfc6d4b" outcome="Passed" testListId="8c84fa94-04c1-424b-9868-57a2d4851a1d" relativeResultsDirectory="c8fa4f2d-ea27-486e-a8f6-b23765d1d504" />
    <UnitTestResult executionId="44d03e83-9f51-4b47-a7d1-7f34ed2c3b61" testId="b0287841-5bc4-11a9-0004-82e45c0498dd" testName="WillSelectFirstLayoutTargetingWebWhenMultipleLayoutsPresent" computerName="TFSBUILD11" duration="00:00:00.0414215" startTime="2015-09-28T09:44:29.6915443-07:00" endTime="2015-09-28T09:44:29.7384223-07:00" testType="13cdc9d9-ddb5-4fa4-a97d-d965ccfc6d4b" outcome="Passed" testListId="8c84fa94-04c1-424b-9868-57a2d4851a1d" relativeResultsDirectory="44d03e83-9f51-4b47-a7d1-7f34ed2c3b61" />
    <UnitTestResult executionId="740d0806-6d79-4cd8-b700-ba2bbf22b5b4" testId="8d06dcb1-ee91-cc2b-9be3-fd0c5cd8727b" testName="WillSelectFirstLayoutWhenMultipleLayoutsPresentAndNoneTargetingWeb" computerName="TFSBUILD11" duration="00:00:00.0346828" startTime="2015-09-28T09:44:29.7384223-07:00" endTime="2015-09-28T09:44:29.7696746-07:00" testType="13cdc9d9-ddb5-4fa4-a97d-d965ccfc6d4b" outcome="Passed" testListId="8c84fa94-04c1-424b-9868-57a2d4851a1d" relativeResultsDirectory="740d0806-6d79-4cd8-b700-ba2bbf22b5b4" />
    <UnitTestResult executionId="f4304b5d-e0fe-4f91-8b1a-773ee334d6ab" testId="84aafa7e-4367-a18c-e651-f7b53debcf73" testName="WillCreateDefaultFirstTabWithNameDetails" computerName="TFSBUILD11" duration="00:00:00.0422837" startTime="2015-09-28T09:44:29.7696746-07:00" endTime="2015-09-28T09:44:29.8165529-07:00" testType="13cdc9d9-ddb5-4fa4-a97d-d965ccfc6d4b" outcome="Passed" testListId="8c84fa94-04c1-424b-9868-57a2d4851a1d" relativeResultsDirectory="f4304b5d-e0fe-4f91-8b1a-773ee334d6ab" />
    <UnitTestResult executionId="23628965-c62f-480a-a544-024f7f2d6cec" testId="de1be428-441e-b5e9-ba9c-7edc59bee2ef" testName="WillSelectControlsInGroupsAndTabs" computerName="TFSBUILD11" duration="00:00:00.0390683" startTime="2015-09-28T09:44:29.8165529-07:00" endTime="2015-09-28T09:44:29.8478051-07:00" testType="13cdc9d9-ddb5-4fa4-a97d-d965ccfc6d4b" outcome="Passed" testListId="8c84fa94-04c1-424b-9868-57a2d4851a1d" relativeResultsDirectory="23628965-c62f-480a-a544-024f7f2d6cec" />
    <UnitTestResult executionId="24a3ef50-0021-4d65-b1e1-41afd5febf26" testId="385d6962-8101-8326-5c80-7e85ad9f0d6f" testName="WillFillAllSectionsWhenNoLongTextFields" computerName="TFSBUILD11" duration="00:00:00.0394381" startTime="2015-09-28T09:44:29.8478051-07:00" endTime="2015-09-28T09:44:29.8946835-07:00" testType="13cdc9d9-ddb5-4fa4-a97d-d965ccfc6d4b" outcome="Passed" testListId="8c84fa94-04c1-424b-9868-57a2d4851a1d" relativeResultsDirectory="24a3ef50-0021-4d65-b1e1-41afd5febf26" />
    <UnitTestResult executionId="8f50e6f7-b9ff-4e09-a61d-a2aeb60b2b82" testId="74b8012c-cbd3-f279-58a0-7c5886fa9cbb" testName="WillRemoveHeaderFields" computerName="TFSBUILD11" duration="00:00:00.0367529" startTime="2015-09-28T09:44:29.8946835-07:00" endTime="2015-09-28T09:44:29.9259357-07:00" testType="13cdc9d9-ddb5-4fa4-a97d-d965ccfc6d4b" outcome="Passed" testListId="8c84fa94-04c1-424b-9868-57a2d4851a1d" relativeResultsDirectory="8f50e6f7-b9ff-4e09-a61d-a2aeb60b2b82" />
    <UnitTestResult executionId="17c0af93-fea4-4e0d-98fe-8b68cc18fcff" testId="62a53428-cdc1-e3e1-94c7-7c5a56ad1b6a" testName="WillCreateOthersGroupForGroupWithoutLabel" computerName="TFSBUILD11" duration="00:00:00.0325654" startTime="2015-09-28T09:44:29.9259357-07:00" endTime="2015-09-28T09:44:29.9571876-07:00" testType="13cdc9d9-ddb5-4fa4-a97d-d965ccfc6d4b" outcome="Passed" testListId="8c84fa94-04c1-424b-9868-57a2d4851a1d" relativeResultsDirectory="17c0af93-fea4-4e0d-98fe-8b68cc18fcff" />
    <UnitTestResult executionId="abe359cf-c077-465e-8d1e-73e2f0f1aba8" testId="04e5eaff-bb3a-3414-6be1-4c1daedccf6a" testName="WillInjectHistoryTabAndReuseExistingGroupLabel" computerName="TFSBUILD11" duration="00:00:00.0365883" startTime="2015-09-28T09:44:29.9571876-07:00" endTime="2015-09-28T09:44:30.0040659-07:00" testType="13cdc9d9-ddb5-4fa4-a97d-d965ccfc6d4b" outcome="Passed" testListId="8c84fa94-04c1-424b-9868-57a2d4851a1d" relativeResultsDirectory="abe359cf-c077-465e-8d1e-73e2f0f1aba8" />
    <UnitTestResult executionId="35cd2934-b2ab-42ab-9729-96e57ba60fba" testId="200cfb91-d6dc-5a95-2a25-139f86e94164" testName="WillInjectHistoryTabAndReuseExistingControlLabel" computerName="TFSBUILD11" duration="00:00:00.0355936" startTime="2015-09-28T09:44:30.0040659-07:00" endTime="2015-09-28T09:44:30.0353187-07:00" testType="13cdc9d9-ddb5-4fa4-a97d-d965ccfc6d4b" outcome="Passed" testListId="8c84fa94-04c1-424b-9868-57a2d4851a1d" relativeResultsDirectory="35cd2934-b2ab-42ab-9729-96e57ba60fba" />
    <UnitTestResult executionId="c0dab987-2923-478d-8d63-8237ccf79da6" testId="d11f4d99-4a52-3d50-c583-ed23930cb07f" testName="WillInjectOnlyOneHistoryTabAndUseStaticLabel" computerName="TFSBUILD11" duration="00:00:00.1066997" startTime="2015-09-28T09:44:30.0353187-07:00" endTime="2015-09-28T09:44:30.1447305-07:00" testType="13cdc9d9-ddb5-4fa4-a97d-d965ccfc6d4b" outcome="Passed" testListId="8c84fa94-04c1-424b-9868-57a2d4851a1d" relativeResultsDirectory="c0dab987-2923-478d-8d63-8237ccf79da6" />
    <UnitTestResult executionId="ad730670-f6b9-415f-b44c-91e810eb4161" testId="405be418-634a-1551-d970-14461fb803e3" testName="WillInjectAttachmentsControlAndReuseGroupLabel" computerName="TFSBUILD11" duration="00:00:00.0804899" startTime="2015-09-28T09:44:30.1447305-07:00" endTime="2015-09-28T09:44:30.2228571-07:00" testType="13cdc9d9-ddb5-4fa4-a97d-d965ccfc6d4b" outcome="Passed" testListId="8c84fa94-04c1-424b-9868-57a2d4851a1d" relativeResultsDirectory="ad730670-f6b9-415f-b44c-91e810eb4161" />
    <UnitTestResult executionId="01736066-2025-48cd-9151-2ff67f0d41b1" testId="1d19ae8a-aa2c-89f7-fe3c-2ebcd1f95550" testName="WillInjectAttachmentsControlAndReuseControlsLabel" computerName="TFSBUILD11" duration="00:00:00.0685077" startTime="2015-09-28T09:44:30.2228571-07:00" endTime="2015-09-28T09:44:30.3009842-07:00" testType="13cdc9d9-ddb5-4fa4-a97d-d965ccfc6d4b" outcome="Passed" testListId="8c84fa94-04c1-424b-9868-57a2d4851a1d" relativeResultsDirectory="01736066-2025-48cd-9151-2ff67f0d41b1" />
    <UnitTestResult executionId="1bf664b4-721e-49d2-a0d0-f8a348b59075" testId="40d885e1-12c4-ae98-2956-30bfe08c138d" testName="WillInjectAttachmentsControlAndUseStaticLabel" computerName="TFSBUILD11" duration="00:00:00.0726134" startTime="2015-09-28T09:44:30.3009842-07:00" endTime="2015-09-28T09:44:30.3634870-07:00" testType="13cdc9d9-ddb5-4fa4-a97d-d965ccfc6d4b" outcome="Passed" testListId="8c84fa94-04c1-424b-9868-57a2d4851a1d" relativeResultsDirectory="1bf664b4-721e-49d2-a0d0-f8a348b59075" />
    <UnitTestResult executionId="42c40a27-e955-4623-b8d0-62122aea64af" testId="7bc7106a-2a23-71d3-dede-98ad52a4faf9" testName="WillNotInjectAttachmentsIfNoAttachmentsControlFound" computerName="TFSBUILD11" duration="00:00:00.0598276" startTime="2015-09-28T09:44:30.3634870-07:00" endTime="2015-09-28T09:44:30.4259914-07:00" testType="13cdc9d9-ddb5-4fa4-a97d-d965ccfc6d4b" outcome="Passed" testListId="8c84fa94-04c1-424b-9868-57a2d4851a1d" relativeResultsDirectory="42c40a27-e955-4623-b8d0-62122aea64af" />
    <UnitTestResult executionId="519ea5ab-56d2-4e25-a566-a26775519fe1" testId="e30c8894-eebb-a070-9bb1-ab76ddab735f" testName="WillNotInjectLinksIfNoLinksControlFound" computerName="TFSBUILD11" duration="00:00:00.0673733" startTime="2015-09-28T09:44:30.4259914-07:00" endTime="2015-09-28T09:44:30.4884947-07:00" testType="13cdc9d9-ddb5-4fa4-a97d-d965ccfc6d4b" outcome="Passed" testListId="8c84fa94-04c1-424b-9868-57a2d4851a1d" relativeResultsDirectory="519ea5ab-56d2-4e25-a566-a26775519fe1" />
    <UnitTestResult executionId="9da14b37-ebda-4f2e-86c2-3dc47ac8ec0e" testId="468a1659-29a4-2032-0cf9-81a0a1d691d1" testName="WillInjectLinksInSection1" computerName="TFSBUILD11" duration="00:00:00.0508119" startTime="2015-09-28T09:44:30.4884947-07:00" endTime="2015-09-28T09:44:30.5509975-07:00" testType="13cdc9d9-ddb5-4fa4-a97d-d965ccfc6d4b" outcome="Passed" testListId="8c84fa94-04c1-424b-9868-57a2d4851a1d" relativeResultsDirectory="9da14b37-ebda-4f2e-86c2-3dc47ac8ec0e" />
    <UnitTestResult executionId="f91c8dea-9f66-4b9e-a774-0ec85391bd1a" testId="7fd381a7-5dc2-2bcc-1d2f-418c931497ed" testName="WillCombineLinksControlsAndPutInLinksPageSection1" computerName="TFSBUILD11" duration="00:00:00.0505175" startTime="2015-09-28T09:44:30.5509975-07:00" endTime="2015-09-28T09:44:30.5978767-07:00" testType="13cdc9d9-ddb5-4fa4-a97d-d965ccfc6d4b" outcome="Passed" testListId="8c84fa94-04c1-424b-9868-57a2d4851a1d" relativeResultsDirectory="f91c8dea-9f66-4b9e-a774-0ec85391bd1a" />
    <UnitTestResult executionId="f40b6744-5e1b-4c6e-a15d-a9f9f92f1c48" testId="2baf8961-1a52-e3e2-fa55-4683fd45b8db" testName="WillMergeTopLevelControlsInFirstTab" computerName="TFSBUILD11" duration="00:00:00.1027886" startTime="2015-09-28T09:44:30.5978767-07:00" endTime="2015-09-28T09:44:30.7072509-07:00" testType="13cdc9d9-ddb5-4fa4-a97d-d965ccfc6d4b" outcome="Passed" testListId="8c84fa94-04c1-424b-9868-57a2d4851a1d" relativeResultsDirectory="f40b6744-5e1b-4c6e-a15d-a9f9f92f1c48" />
    <UnitTestResult executionId="c85cddf4-fed2-4bc7-bd49-0c20e0d1930d" testId="da0d41b6-91d1-4802-8d08-1aef77f23a02" testName="WillPlaceControlsNotInTabsBeforeOnesThatAre" computerName="TFSBUILD11" duration="00:00:00.0800237" startTime="2015-09-28T09:44:30.7072509-07:00" endTime="2015-09-28T09:44:30.7853786-07:00" testType="13cdc9d9-ddb5-4fa4-a97d-d965ccfc6d4b" outcome="Passed" testListId="8c84fa94-04c1-424b-9868-57a2d4851a1d" relativeResultsDirectory="c85cddf4-fed2-4bc7-bd49-0c20e0d1930d" />
    <UnitTestResult executionId="6beaee62-6612-4fb3-b03c-e4ba4ec101e3" testId="8868731c-0477-ffcd-d00e-e39195646c4f" testName="WillUniqueifyIdsInTheAmbiguousLabelCase" computerName="TFSBUILD11" duration="00:00:00.0789866" startTime="2015-09-28T09:44:30.7853786-07:00" endTime="2015-09-28T09:44:30.8635080-07:00" testType="13cdc9d9-ddb5-4fa4-a97d-d965ccfc6d4b" outcome="Passed" testListId="8c84fa94-04c1-424b-9868-57a2d4851a1d" relativeResultsDirectory="6beaee62-6612-4fb3-b03c-e4ba4ec101e3" />
    <UnitTestResult executionId="362f32f7-9875-41cc-9a64-d53002d1b605" testId="c61e8bb5-f68c-0550-cdd5-6c19816e99be" testName="WillThrowWhenFormXmlIsNull" computerName="TFSBUILD11" duration="00:00:00.1014781" startTime="2015-09-28T09:44:30.8635080-07:00" endTime="2015-09-28T09:44:30.9572638-07:00" testType="13cdc9d9-ddb5-4fa4-a97d-d965ccfc6d4b" outcome="Passed" testListId="8c84fa94-04c1-424b-9868-57a2d4851a1d" relativeResultsDirectory="362f32f7-9875-41cc-9a64-d53002d1b605" />
    <UnitTestResult executionId="5867d190-c55e-42ce-97d6-fcc8542c6d1f" testId="ab5f4574-f747-d900-89e7-86218005b548" testName="WillThrowWhenFormXmlIsEmpty" computerName="TFSBUILD11" duration="00:00:00.0075007" startTime="2015-09-28T09:44:30.9572638-07:00" endTime="2015-09-28T09:44:30.9728902-07:00" testType="13cdc9d9-ddb5-4fa4-a97d-d965ccfc6d4b" outcome="Passed" testListId="8c84fa94-04c1-424b-9868-57a2d4851a1d" relativeResultsDirectory="5867d190-c55e-42ce-97d6-fcc8542c6d1f" />
    <UnitTestResult executionId="4fda3b1e-5935-4091-822f-01cee9658cf1" testId="3d679ecb-1e54-c109-85a2-d52a8ca5ad71" testName="WillThrowWhenFormXmlIsMalformed" computerName="TFSBUILD11" duration="00:00:00.0073104" startTime="2015-09-28T09:44:30.9728902-07:00" endTime="2015-09-28T09:44:30.9728902-07:00" testType="13cdc9d9-ddb5-4fa4-a97d-d965ccfc6d4b" outcome="Passed" testListId="8c84fa94-04c1-424b-9868-57a2d4851a1d" relativeResultsDirectory="4fda3b1e-5935-4091-822f-01cee9658cf1" />
    <UnitTestResult executionId="15f299b1-94f3-46e7-ae60-a4d23625b852" testId="1b59fd8b-2e1d-6b44-82d8-344694b6789d" testName="WillGetSameXmlWhenNoContributionFound" computerName="TFSBUILD11" duration="00:00:00.0084209" startTime="2015-09-28T09:44:30.9728902-07:00" endTime="2015-09-28T09:44:30.9885161-07:00" testType="13cdc9d9-ddb5-4fa4-a97d-d965ccfc6d4b" outcome="Passed" testListId="8c84fa94-04c1-424b-9868-57a2d4851a1d" relativeResultsDirectory="15f299b1-94f3-46e7-ae60-a4d23625b852" />
    <UnitTestResult executionId="55b5172b-bdbd-44ee-be63-54a2149e6bbf" testId="8223b186-6339-e760-43b3-f6b820eac151" testName="WillGetSameXmlWhenNoLayoutElementIsFound" computerName="TFSBUILD11" duration="00:00:00.0061027" startTime="2015-09-28T09:44:30.9885161-07:00" endTime="2015-09-28T09:44:30.9885161-07:00" testType="13cdc9d9-ddb5-4fa4-a97d-d965ccfc6d4b" outcome="Passed" testListId="8c84fa94-04c1-424b-9868-57a2d4851a1d" relativeResultsDirectory="55b5172b-bdbd-44ee-be63-54a2149e6bbf" />
    <UnitTestResult executionId="13cb27b7-cc38-47af-ba5c-bb3d2a6ff1de" testId="e617eaff-0e50-c1dc-e17b-4cdb719f4637" testName="WillAddTopLevelIfNoTabGroupInLayout" computerName="TFSBUILD11" duration="00:00:00.0099785" startTime="2015-09-28T09:44:30.9885161-07:00" endTime="2015-09-28T09:44:31.0041416-07:00" testType="13cdc9d9-ddb5-4fa4-a97d-d965ccfc6d4b" outcome="Passed" testListId="8c84fa94-04c1-424b-9868-57a2d4851a1d" relativeResultsDirectory="13cb27b7-cc38-47af-ba5c-bb3d2a6ff1de" />
    <UnitTestResult executionId="4ca873ff-56c5-4c08-8e27-a6f8ee2655ac" testId="a9b8b5ae-ab3e-79fd-5618-2a8da042ca43" testName="WillAddAdditionalTabToExistingTopLevelTabGroup" computerName="TFSBUILD11" duration="00:00:00.0089682" startTime="2015-09-28T09:44:31.0041416-07:00" endTime="2015-09-28T09:44:31.0041416-07:00" testType="13cdc9d9-ddb5-4fa4-a97d-d965ccfc6d4b" outcome="Passed" testListId="8c84fa94-04c1-424b-9868-57a2d4851a1d" relativeResultsDirectory="4ca873ff-56c5-4c08-8e27-a6f8ee2655ac" />
    <UnitTestResult executionId="94791d20-d2ae-495e-98de-03fd81bdcca9" testId="30aced24-e7b0-3276-c54e-3e34116cf795" testName="WillAddTopLevelIfNoTopLevelTabGroupInLayout" computerName="TFSBUILD11" duration="00:00:00.0077047" startTime="2015-09-28T09:44:31.0041416-07:00" endTime="2015-09-28T09:44:31.0197643-07:00" testType="13cdc9d9-ddb5-4fa4-a97d-d965ccfc6d4b" outcome="Passed" testListId="8c84fa94-04c1-424b-9868-57a2d4851a1d" relativeResultsDirectory="94791d20-d2ae-495e-98de-03fd81bdcca9" />
    <UnitTestResult executionId="c8e8fc1a-d467-4919-bfe9-5c8f2852fc9b" testId="883260d1-dbd0-d15a-c5cb-30a034645d44" testName="WillAddTabGroupToExistingTopLevelTabGroup" computerName="TFSBUILD11" duration="00:00:00.0076637" startTime="2015-09-28T09:44:31.0197643-07:00" endTime="2015-09-28T09:44:31.0353901-07:00" testType="13cdc9d9-ddb5-4fa4-a97d-d965ccfc6d4b" outcome="Passed" testListId="8c84fa94-04c1-424b-9868-57a2d4851a1d" relativeResultsDirectory="c8e8fc1a-d467-4919-bfe9-5c8f2852fc9b" />
    <UnitTestResult executionId="df983c8e-788a-40ca-a5ff-9aaad8175984" testId="52d06473-e567-5d91-89f4-6b4b07de648d" testName="PerformComponentAction_HappyPath" computerName="TFSBUILD11" duration="00:00:00.0098295" startTime="2015-09-28T09:44:31.0353901-07:00" endTime="2015-09-28T09:44:31.0353901-07:00" testType="13cdc9d9-ddb5-4fa4-a97d-d965ccfc6d4b" outcome="Passed" testListId="8c84fa94-04c1-424b-9868-57a2d4851a1d" relativeResultsDirectory="df983c8e-788a-40ca-a5ff-9aaad8175984" />
    <UnitTestResult executionId="25abc76a-3c57-4b48-9303-d5fc6975d9a3" testId="457ff18f-e312-b2f8-ea2b-a22303a43420" testName="TestBatchResponse" computerName="TFSBUILD11" duration="00:00:00.0053924" startTime="2015-09-28T09:44:31.0353901-07:00" endTime="2015-09-28T09:44:31.0510162-07:00" testType="13cdc9d9-ddb5-4fa4-a97d-d965ccfc6d4b" outcome="Passed" testListId="8c84fa94-04c1-424b-9868-57a2d4851a1d" relativeResultsDirectory="25abc76a-3c57-4b48-9303-d5fc6975d9a3" />
    <UnitTestResult executionId="8e3b9bb9-f60c-4bdc-8b4d-bcee3a05d913" testId="6791b1ec-0bd4-9e00-7363-4efe1c3fe064" testName="TestTraceIfEnabledTraceEnabled" computerName="TFSBUILD11" duration="00:00:00.0356544" startTime="2015-09-28T09:44:31.0510162-07:00" endTime="2015-09-28T09:44:31.0822699-07:00" testType="13cdc9d9-ddb5-4fa4-a97d-d965ccfc6d4b" outcome="Passed" testListId="8c84fa94-04c1-424b-9868-57a2d4851a1d" relativeResultsDirectory="8e3b9bb9-f60c-4bdc-8b4d-bcee3a05d913" />
    <UnitTestResult executionId="b231bb9f-840f-4faa-8d92-e9b44c7f6e9d" testId="5936e746-ab3d-6e4f-01fa-580b1db60530" testName="TestTraceIfEnabledTraceDisabled" computerName="TFSBUILD11" duration="00:00:00.0156830" startTime="2015-09-28T09:44:31.0822699-07:00" endTime="2015-09-28T09:44:31.0978966-07:00" testType="13cdc9d9-ddb5-4fa4-a97d-d965ccfc6d4b" outcome="Passed" testListId="8c84fa94-04c1-424b-9868-57a2d4851a1d" relativeResultsDirectory="b231bb9f-840f-4faa-8d92-e9b44c7f6e9d" />
    <UnitTestResult executionId="da053a9f-4946-4763-9ac5-8262c7f061b2" testId="d76cbde2-2d59-3fcb-f53c-921ecc70671d" testName="TestAssertNullRequestContext" computerName="TFSBUILD11" duration="00:00:00.0021586" startTime="2015-09-28T09:44:31.0978966-07:00" endTime="2015-09-28T09:44:31.1135227-07:00" testType="13cdc9d9-ddb5-4fa4-a97d-d965ccfc6d4b" outcome="Passed" testListId="8c84fa94-04c1-424b-9868-57a2d4851a1d" relativeResultsDirectory="da053a9f-4946-4763-9ac5-8262c7f061b2" />
    <UnitTestResult executionId="beae2946-8619-4366-9dbe-a232039f7126" testId="57fb6724-e34a-014d-fbfa-cbef470574db" testName="TestAssertNullArea" computerName="TFSBUILD11" duration="00:00:00.0081456" startTime="2015-09-28T09:44:31.1135227-07:00" endTime="2015-09-28T09:44:31.1135227-07:00" testType="13cdc9d9-ddb5-4fa4-a97d-d965ccfc6d4b" outcome="Passed" testListId="8c84fa94-04c1-424b-9868-57a2d4851a1d" relativeResultsDirectory="beae2946-8619-4366-9dbe-a232039f7126" />
    <UnitTestResult executionId="c57f1093-a5f8-4cc6-a690-5ef0e86eb599" testId="5e20a37c-0047-7235-4f58-4ee65ba2ebcb" testName="TestAssertNullLayer" computerName="TFSBUILD11" duration="00:00:00.0098204" startTime="2015-09-28T09:44:31.1135227-07:00" endTime="2015-09-28T09:44:31.1291491-07:00" testType="13cdc9d9-ddb5-4fa4-a97d-d965ccfc6d4b" outcome="Passed" testListId="8c84fa94-04c1-424b-9868-57a2d4851a1d" relativeResultsDirectory="c57f1093-a5f8-4cc6-a690-5ef0e86eb599" />
    <UnitTestResult executionId="a3986639-c166-4334-8690-b59c187835d5" testId="f2f2c2b9-9022-bcdb-0049-4a64a51ba35b" testName="TestAssertNullAssertFunc" computerName="TFSBUILD11" duration="00:00:00.0079209" startTime="2015-09-28T09:44:31.1291491-07:00" endTime="2015-09-28T09:44:31.1291491-07:00" testType="13cdc9d9-ddb5-4fa4-a97d-d965ccfc6d4b" outcome="Passed" testListId="8c84fa94-04c1-424b-9868-57a2d4851a1d" relativeResultsDirectory="a3986639-c166-4334-8690-b59c187835d5" />
    <UnitTestResult executionId="3d015388-7f59-458f-a03c-393096828145" testId="55c51b93-f951-ad11-2170-a25c03f4087e" testName="TestAssertNullMessageFunc" computerName="TFSBUILD11" duration="00:00:00.0078711" startTime="2015-09-28T09:44:31.1291491-07:00" endTime="2015-09-28T09:44:31.1447746-07:00" testType="13cdc9d9-ddb5-4fa4-a97d-d965ccfc6d4b" outcome="Passed" testListId="8c84fa94-04c1-424b-9868-57a2d4851a1d" relativeResultsDirectory="3d015388-7f59-458f-a03c-393096828145" />
    <UnitTestResult executionId="3000358b-d5fb-4042-a1c7-27faec124258" testId="e85b3c2d-8f11-b8f5-0d31-45c3653f5887" testName="TestAssertTraceEnabledConditionTrue" computerName="TFSBUILD11" duration="00:00:00.0137895" startTime="2015-09-28T09:44:31.1447746-07:00" endTime="2015-09-28T09:44:31.1604004-07:00" testType="13cdc9d9-ddb5-4fa4-a97d-d965ccfc6d4b" outcome="Passed" testListId="8c84fa94-04c1-424b-9868-57a2d4851a1d" relativeResultsDirectory="3000358b-d5fb-4042-a1c7-27faec124258" />
    <UnitTestResult executionId="bd3fc5bf-c171-4877-a560-48ef3b8d23ca" testId="7cb605b8-eeda-d65c-d3b5-e14bf819ea1f" testName="TestAssertTraceDisabledConditionTrue" computerName="TFSBUILD11" duration="00:00:00.0205658" startTime="2015-09-28T09:44:31.1604004-07:00" endTime="2015-09-28T09:44:31.1760263-07:00" testType="13cdc9d9-ddb5-4fa4-a97d-d965ccfc6d4b" outcome="Passed" testListId="8c84fa94-04c1-424b-9868-57a2d4851a1d" relativeResultsDirectory="bd3fc5bf-c171-4877-a560-48ef3b8d23ca" />
    <UnitTestResult executionId="c3bddbb1-a79d-45c1-a265-6bb8b04bc06a" testId="dc82ca82-79c7-9543-5769-692f70ec856f" testName="FieldRecordTests" computerName="TFSBUILD11" duration="00:00:00.0961263" startTime="2015-09-28T09:44:31.1760263-07:00" endTime="2015-09-28T09:44:31.2697827-07:00" testType="13cdc9d9-ddb5-4fa4-a97d-d965ccfc6d4b" outcome="Passed" testListId="8c84fa94-04c1-424b-9868-57a2d4851a1d" relativeResultsDirectory="c3bddbb1-a79d-45c1-a265-6bb8b04bc06a" />
    <UnitTestResult executionId="2125ae19-11ff-4ea1-b3dd-283ba7f67765" testId="fb7415fb-34b0-271c-db93-64c84bb06fcd" testName="GetFieldByRefName" computerName="TFSBUILD11" duration="00:00:00.0805382" startTime="2015-09-28T09:44:31.2697827-07:00" endTime="2015-09-28T09:44:31.3635393-07:00" testType="13cdc9d9-ddb5-4fa4-a97d-d965ccfc6d4b" outcome="Passed" testListId="8c84fa94-04c1-424b-9868-57a2d4851a1d" relativeResultsDirectory="2125ae19-11ff-4ea1-b3dd-283ba7f67765" />
    <UnitTestResult executionId="1031caf1-5acd-4ae0-a694-a5bd69eeb002" testId="40ad8ac7-ac9a-a7de-4aa7-6821f7186b25" testName="GetFieldByName" computerName="TFSBUILD11" duration="00:00:00.0649109" startTime="2015-09-28T09:44:31.3635393-07:00" endTime="2015-09-28T09:44:31.4260432-07:00" testType="13cdc9d9-ddb5-4fa4-a97d-d965ccfc6d4b" outcome="Passed" testListId="8c84fa94-04c1-424b-9868-57a2d4851a1d" relativeResultsDirectory="1031caf1-5acd-4ae0-a694-a5bd69eeb002" />
    <UnitTestResult executionId="d39714e7-765a-42d8-86dc-0fcc40bff741" testId="abbc1970-873e-89dc-f5d8-07f64f69cdac" testName="GetFieldById" computerName="TFSBUILD11" duration="00:00:00.0634577" startTime="2015-09-28T09:44:31.4260432-07:00" endTime="2015-09-28T09:44:31.4885474-07:00" testType="13cdc9d9-ddb5-4fa4-a97d-d965ccfc6d4b" outcome="Passed" testListId="8c84fa94-04c1-424b-9868-57a2d4851a1d" relativeResultsDirectory="d39714e7-765a-42d8-86dc-0fcc40bff741" />
    <UnitTestResult executionId="1ee274fc-d2b6-4138-8ba5-6eb72ca4c3e0" testId="16ed59ef-578e-c443-57d5-fe89d4befd9d" testName="CacheMissNonExistentField" computerName="TFSBUILD11" duration="00:00:00.0810278" startTime="2015-09-28T09:44:31.4885474-07:00" endTime="2015-09-28T09:44:31.5667072-07:00" testType="13cdc9d9-ddb5-4fa4-a97d-d965ccfc6d4b" outcome="Passed" testListId="8c84fa94-04c1-424b-9868-57a2d4851a1d" relativeResultsDirectory="1ee274fc-d2b6-4138-8ba5-6eb72ca4c3e0" />
    <UnitTestResult executionId="8d8a2988-520f-4439-b63c-43c7854d3794" testId="77e64193-ff6e-692f-6451-3ef84583eb54" testName="CacheMissExistentFieldWithoutStampChanges" computerName="TFSBUILD11" duration="00:00:00.1224286" startTime="2015-09-28T09:44:31.5667072-07:00" endTime="2015-09-28T09:44:31.6917158-07:00" testType="13cdc9d9-ddb5-4fa4-a97d-d965ccfc6d4b" outcome="Passed" testListId="8c84fa94-04c1-424b-9868-57a2d4851a1d" relativeResultsDirectory="8d8a2988-520f-4439-b63c-43c7854d3794" />
    <UnitTestResult executionId="2d6c042e-491b-42e9-9a70-1f4319bd5a8f" testId="2d172502-0881-8274-0e2d-a76348ae62df" testName="CacheMissExistentFieldAndStampChanges" computerName="TFSBUILD11" duration="00:00:00.1059823" startTime="2015-09-28T09:44:31.6917158-07:00" endTime="2015-09-28T09:44:31.8010943-07:00" testType="13cdc9d9-ddb5-4fa4-a97d-d965ccfc6d4b" outcome="Passed" testListId="8c84fa94-04c1-424b-9868-57a2d4851a1d" relativeResultsDirectory="2d6c042e-491b-42e9-9a70-1f4319bd5a8f" />
    <UnitTestResult executionId="d151c24b-150f-4a2d-9f97-067f2f5fcf7d" testId="2e560708-1d0e-0e53-784b-deab6ea23d28" testName="FieldsSnapshotGetFieldByRefName" computerName="TFSBUILD11" duration="00:00:00.0886995" startTime="2015-09-28T09:44:31.8010943-07:00" endTime="2015-09-28T09:44:31.8792215-07:00" testType="13cdc9d9-ddb5-4fa4-a97d-d965ccfc6d4b" outcome="Passed" testListId="8c84fa94-04c1-424b-9868-57a2d4851a1d" relativeResultsDirectory="d151c24b-150f-4a2d-9f97-067f2f5fcf7d" />
    <UnitTestResult executionId="82dad157-718f-41c0-9b3d-b1e8287e4498" testId="bb2cdfad-0970-06a0-8253-726d839f5b2d" testName="FieldsSnapshotGetFieldByName" computerName="TFSBUILD11" duration="00:00:00.0621111" startTime="2015-09-28T09:44:31.8792215-07:00" endTime="2015-09-28T09:44:31.9417236-07:00" testType="13cdc9d9-ddb5-4fa4-a97d-d965ccfc6d4b" outcome="Passed" testListId="8c84fa94-04c1-424b-9868-57a2d4851a1d" relativeResultsDirectory="82dad157-718f-41c0-9b3d-b1e8287e4498" />
    <UnitTestResult executionId="b66f8981-5e0b-4d29-954b-2f3422d6a827" testId="7b06a074-8006-7a7a-d6eb-77f2740f76ec" testName="FieldsSnapshotGetFieldById" computerName="TFSBUILD11" duration="00:00:00.0687230" startTime="2015-09-28T09:44:31.9417236-07:00" endTime="2015-09-28T09:44:32.0198525-07:00" testType="13cdc9d9-ddb5-4fa4-a97d-d965ccfc6d4b" outcome="Passed" testListId="8c84fa94-04c1-424b-9868-57a2d4851a1d" relativeResultsDirectory="b66f8981-5e0b-4d29-954b-2f3422d6a827" />
    <UnitTestResult executionId="61491e3d-2214-40be-b970-a72935e8472f" testId="29f9cfd4-069a-0371-016a-9607d20376ca" testName="SnapshotFieldChanges" computerName="TFSBUILD11" duration="00:00:00.0624817" startTime="2015-09-28T09:44:32.0198525-07:00" endTime="2015-09-28T09:44:32.0823569-07:00" testType="13cdc9d9-ddb5-4fa4-a97d-d965ccfc6d4b" outcome="Passed" testListId="8c84fa94-04c1-424b-9868-57a2d4851a1d" relativeResultsDirectory="61491e3d-2214-40be-b970-a72935e8472f" />
    <UnitTestResult executionId="4fe04365-6f21-4e95-aadb-e831247da393" testId="2d1275f8-22a1-f43e-b981-1d6391a7d357" testName="SnapshotFieldChangesForcibly" computerName="TFSBUILD11" duration="00:00:00.0587868" startTime="2015-09-28T09:44:32.0823569-07:00" endTime="2015-09-28T09:44:32.1448605-07:00" testType="13cdc9d9-ddb5-4fa4-a97d-d965ccfc6d4b" outcome="Passed" testListId="8c84fa94-04c1-424b-9868-57a2d4851a1d" relativeResultsDirectory="4fe04365-6f21-4e95-aadb-e831247da393" />
    <UnitTestResult executionId="8463bb5f-6e4b-44f4-91c0-e8f8fe3d4df1" testId="4dfc9fd2-6a95-b81c-4e42-427d7ba6ffb1" testName="GetTreeNodeById" computerName="TFSBUILD11" duration="00:00:00.0683999" startTime="2015-09-28T09:44:32.1448605-07:00" endTime="2015-09-28T09:44:32.2073641-07:00" testType="13cdc9d9-ddb5-4fa4-a97d-d965ccfc6d4b" outcome="Passed" testListId="8c84fa94-04c1-424b-9868-57a2d4851a1d" relativeResultsDirectory="8463bb5f-6e4b-44f4-91c0-e8f8fe3d4df1" />
    <UnitTestResult executionId="bb16d9ca-691e-44da-a4b6-cda1ca68d25e" testId="08d1e1d3-9f72-6548-42fb-6e71e2ad552b" testName="GetTreeNodeByGuid" computerName="TFSBUILD11" duration="00:00:00.0886739" startTime="2015-09-28T09:44:32.2073641-07:00" endTime="2015-09-28T09:44:32.3011068-07:00" testType="13cdc9d9-ddb5-4fa4-a97d-d965ccfc6d4b" outcome="Passed" testListId="8c84fa94-04c1-424b-9868-57a2d4851a1d" relativeResultsDirectory="bb16d9ca-691e-44da-a4b6-cda1ca68d25e" />
    <UnitTestResult executionId="fe5b22e9-990f-415d-9ff6-f6a2667dd095" testId="6a6257f0-6ad7-69d8-fff1-8d38d77d7c52" testName="GetTreeNodeByPath" computerName="TFSBUILD11" duration="00:00:00.1614767" startTime="2015-09-28T09:44:32.3011068-07:00" endTime="2015-09-28T09:44:32.4573671-07:00" testType="13cdc9d9-ddb5-4fa4-a97d-d965ccfc6d4b" outcome="Passed" testListId="8c84fa94-04c1-424b-9868-57a2d4851a1d" relativeResultsDirectory="fe5b22e9-990f-415d-9ff6-f6a2667dd095" />
    <UnitTestResult executionId="46dfa18c-1877-47e9-b497-50b36dff344f" testId="4c781df9-76df-c802-bbae-755a73aad37a" testName="GetTreeNodeIdByIncorrectPath" computerName="TFSBUILD11" duration="00:00:00.1146414" startTime="2015-09-28T09:44:32.4573671-07:00" endTime="2015-09-28T09:44:32.5667496-07:00" testType="13cdc9d9-ddb5-4fa4-a97d-d965ccfc6d4b" outcome="Passed" testListId="8c84fa94-04c1-424b-9868-57a2d4851a1d" relativeResultsDirectory="46dfa18c-1877-47e9-b497-50b36dff344f" />
    <UnitTestResult executionId="d484d41c-18b9-407d-ae39-51e6d93b4c8f" testId="7aae49cf-fd34-62ef-3f6e-52faab85b621" testName="GetTreeNodeIdByCorrectPathIncorrectTreeType" computerName="TFSBUILD11" duration="00:00:00.0938954" startTime="2015-09-28T09:44:32.5667496-07:00" endTime="2015-09-28T09:44:32.6761321-07:00" testType="13cdc9d9-ddb5-4fa4-a97d-d965ccfc6d4b" outcome="Passed" testListId="8c84fa94-04c1-424b-9868-57a2d4851a1d" relativeResultsDirectory="d484d41c-18b9-407d-ae39-51e6d93b4c8f" />
    <UnitTestResult executionId="f34be0ae-cb65-4754-87d6-52395c719c44" testId="ac4dde57-222e-52c0-cf09-57fefc0fed21" testName="GetProjectNodeAsArea" computerName="TFSBUILD11" duration="00:00:00.0748485" startTime="2015-09-28T09:44:32.6761321-07:00" endTime="2015-09-28T09:44:32.7386360-07:00" testType="13cdc9d9-ddb5-4fa4-a97d-d965ccfc6d4b" outcome="Passed" testListId="8c84fa94-04c1-424b-9868-57a2d4851a1d" relativeResultsDirectory="f34be0ae-cb65-4754-87d6-52395c719c44" />
    <UnitTestResult executionId="dbf06cc8-9d79-4fba-a305-7c7896fcde95" testId="0123a3a8-4c40-6515-ab93-38882077fe82" testName="GetProjectNodeAsIteration" computerName="TFSBUILD11" duration="00:00:00.0821636" startTime="2015-09-28T09:44:32.7386360-07:00" endTime="2015-09-28T09:44:32.8323929-07:00" testType="13cdc9d9-ddb5-4fa4-a97d-d965ccfc6d4b" outcome="Passed" testListId="8c84fa94-04c1-424b-9868-57a2d4851a1d" relativeResultsDirectory="dbf06cc8-9d79-4fba-a305-7c7896fcde95" />
    <UnitTestResult executionId="9419777f-7e57-4742-bd30-95962983e8dd" testId="f6c40d58-9ca9-b441-af24-a7632a568e62" testName="GetProjectNodeAsNone" computerName="TFSBUILD11" duration="00:00:00.0631109" startTime="2015-09-28T09:44:32.8323929-07:00" endTime="2015-09-28T09:44:32.8948971-07:00" testType="13cdc9d9-ddb5-4fa4-a97d-d965ccfc6d4b" outcome="Passed" testListId="8c84fa94-04c1-424b-9868-57a2d4851a1d" relativeResultsDirectory="9419777f-7e57-4742-bd30-95962983e8dd" />
    <UnitTestResult executionId="b3bfdeb1-8f08-4785-8e36-e15d0890e0cf" testId="4f3ba38d-146b-ae97-f2e8-546c275d38e8" testName="GetOrphanTreeNodeById" computerName="TFSBUILD11" duration="00:00:00.0650352" startTime="2015-09-28T09:44:32.8948971-07:00" endTime="2015-09-28T09:44:32.9574012-07:00" testType="13cdc9d9-ddb5-4fa4-a97d-d965ccfc6d4b" outcome="Passed" testListId="8c84fa94-04c1-424b-9868-57a2d4851a1d" relativeResultsDirectory="b3bfdeb1-8f08-4785-8e36-e15d0890e0cf" />
    <UnitTestResult executionId="922cd5e4-da79-40df-ac09-7c8aa17ea878" testId="74c26f8b-2e79-48e6-47a6-0be3b301ac62" testName="TreeNodePathTests" computerName="TFSBUILD11" duration="00:00:00.0587149" startTime="2015-09-28T09:44:32.9574012-07:00" endTime="2015-09-28T09:44:33.0199057-07:00" testType="13cdc9d9-ddb5-4fa4-a97d-d965ccfc6d4b" outcome="Passed" testListId="8c84fa94-04c1-424b-9868-57a2d4851a1d" relativeResultsDirectory="922cd5e4-da79-40df-ac09-7c8aa17ea878" />
    <UnitTestResult executionId="15d4b983-ddfc-4b92-a3d4-e043383f2cd9" testId="27416d28-716f-a57a-e035-d33276432c5b" testName="GetRootTreeNodes" computerName="TFSBUILD11" duration="00:00:00.0604480" startTime="2015-09-28T09:44:33.0199057-07:00" endTime="2015-09-28T09:44:33.0667840-07:00" testType="13cdc9d9-ddb5-4fa4-a97d-d965ccfc6d4b" outcome="Passed" testListId="8c84fa94-04c1-424b-9868-57a2d4851a1d" relativeResultsDirectory="15d4b983-ddfc-4b92-a3d4-e043383f2cd9" />
    <UnitTestResult executionId="f750a3d3-f63c-42ec-b259-081acb0bac33" testId="fd972334-7895-4918-8ecb-7d87fd91ca0c" testName="GetIterationDates" computerName="TFSBUILD11" duration="00:00:00.0513759" startTime="2015-09-28T09:44:33.0667840-07:00" endTime="2015-09-28T09:44:33.1292885-07:00" testType="13cdc9d9-ddb5-4fa4-a97d-d965ccfc6d4b" outcome="Passed" testListId="8c84fa94-04c1-424b-9868-57a2d4851a1d" relativeResultsDirectory="f750a3d3-f63c-42ec-b259-081acb0bac33" />
    <UnitTestResult executionId="85e12255-658d-4d0b-85a7-d8f7027ba5f4" testId="0684bbb7-ad3e-e603-5fd5-af10f1062743" testName="SnapshotNodeChanges" computerName="TFSBUILD11" duration="00:00:00.0567545" startTime="2015-09-28T09:44:33.1292885-07:00" endTime="2015-09-28T09:44:33.1761665-07:00" testType="13cdc9d9-ddb5-4fa4-a97d-d965ccfc6d4b" outcome="Passed" testListId="8c84fa94-04c1-424b-9868-57a2d4851a1d" relativeResultsDirectory="85e12255-658d-4d0b-85a7-d8f7027ba5f4" />
    <UnitTestResult executionId="8cf04405-761f-4712-a189-a280f8f96488" testId="8dac384c-7318-ed3b-0e54-8d1be88633b8" testName="SnapshotNodeChangesForcibly" computerName="TFSBUILD11" duration="00:00:00.0516601" startTime="2015-09-28T09:44:33.1761665-07:00" endTime="2015-09-28T09:44:33.2386712-07:00" testType="13cdc9d9-ddb5-4fa4-a97d-d965ccfc6d4b" outcome="Passed" testListId="8c84fa94-04c1-424b-9868-57a2d4851a1d" relativeResultsDirectory="8cf04405-761f-4712-a189-a280f8f96488" />
    <UnitTestResult executionId="2f204b7a-3627-4019-843f-ed9ab30dbb1a" testId="82b4efbc-3958-1063-71d1-0800a43b3e7b" testName="GetSnapshot_InitializesSnapshot" computerName="TFSBUILD11" duration="00:00:00.0130909" startTime="2015-09-28T09:44:33.2386712-07:00" endTime="2015-09-28T09:44:33.2542976-07:00" testType="13cdc9d9-ddb5-4fa4-a97d-d965ccfc6d4b" outcome="Passed" testListId="8c84fa94-04c1-424b-9868-57a2d4851a1d" relativeResultsDirectory="2f204b7a-3627-4019-843f-ed9ab30dbb1a" />
    <UnitTestResult executionId="8501c945-e1d4-4e5b-ac2d-19dc0f204779" testId="d81aca56-c390-66f0-3c7a-131d3151df4c" testName="GetSnapshot_RefreshesSnapshotOnInvalidatedCache" computerName="TFSBUILD11" duration="00:00:00.0022468" startTime="2015-09-28T09:44:33.2542976-07:00" endTime="2015-09-28T09:44:33.2542976-07:00" testType="13cdc9d9-ddb5-4fa4-a97d-d965ccfc6d4b" outcome="Passed" testListId="8c84fa94-04c1-424b-9868-57a2d4851a1d" relativeResultsDirectory="8501c945-e1d4-4e5b-ac2d-19dc0f204779" />
    <UnitTestResult executionId="0a66e87a-f656-4c2e-a533-aa8edd43a243" testId="1a89ff17-06a9-2e92-c50c-ed56313c3e82" testName="GetSnapshot_WillNotRefreshOnOutOfDateCacheWithoutCheckFreshness" computerName="TFSBUILD11" duration="00:00:00.0021156" startTime="2015-09-28T09:44:33.2542976-07:00" endTime="2015-09-28T09:44:33.2542976-07:00" testType="13cdc9d9-ddb5-4fa4-a97d-d965ccfc6d4b" outcome="Passed" testListId="8c84fa94-04c1-424b-9868-57a2d4851a1d" relativeResultsDirectory="0a66e87a-f656-4c2e-a533-aa8edd43a243" />
    <UnitTestResult executionId="61f963d2-0a32-4e4c-8a6b-c2166e15808a" testId="916b3b47-3736-67bb-7589-33b5cecee9fa" testName="GetSnapshot_WillRefreshOnOutOfDateCacheWithCheckFreshness" computerName="TFSBUILD11" duration="00:00:00.0023739" startTime="2015-09-28T09:44:33.2542976-07:00" endTime="2015-09-28T09:44:33.2542976-07:00" testType="13cdc9d9-ddb5-4fa4-a97d-d965ccfc6d4b" outcome="Passed" testListId="8c84fa94-04c1-424b-9868-57a2d4851a1d" relativeResultsDirectory="61f963d2-0a32-4e4c-8a6b-c2166e15808a" />
    <UnitTestResult executionId="615097db-b199-46e3-b576-b3f07f066ed7" testId="f683ca90-f2c5-3f8c-ce2f-afb5f63ae957" testName="CacheSnapshotBase_IsFresh_ActiveTables" computerName="TFSBUILD11" duration="00:00:00.0276533" startTime="2015-09-28T09:44:33.2542976-07:00" endTime="2015-09-28T09:44:33.2855496-07:00" testType="13cdc9d9-ddb5-4fa4-a97d-d965ccfc6d4b" outcome="Passed" testListId="8c84fa94-04c1-424b-9868-57a2d4851a1d" relativeResultsDirectory="615097db-b199-46e3-b576-b3f07f066ed7" />
    <UnitTestResult executionId="3801e851-1282-453e-add2-163d01af0e83" testId="64032448-ba04-140d-b0b1-9529907385a1" testName="CacheSnapshotBase_IsFresh_OldTables" computerName="TFSBUILD11" duration="00:00:00.0309068" startTime="2015-09-28T09:44:33.2855496-07:00" endTime="2015-09-28T09:44:33.3168018-07:00" testType="13cdc9d9-ddb5-4fa4-a97d-d965ccfc6d4b" outcome="Passed" testListId="8c84fa94-04c1-424b-9868-57a2d4851a1d" relativeResultsDirectory="3801e851-1282-453e-add2-163d01af0e83" />
    <UnitTestResult executionId="aa025f70-a83b-4a6e-9426-ba117265ee44" testId="38fb199e-a1f9-a67e-a7f1-8a8c45438c2f" testName="TestCanAccessAttachmentIfHasPermission" computerName="TFSBUILD11" duration="00:00:00.3765314" startTime="2015-09-28T09:44:33.3168018-07:00" endTime="2015-09-28T09:44:33.6918279-07:00" testType="13cdc9d9-ddb5-4fa4-a97d-d965ccfc6d4b" outcome="Passed" testListId="8c84fa94-04c1-424b-9868-57a2d4851a1d" relativeResultsDirectory="aa025f70-a83b-4a6e-9426-ba117265ee44" />
    <UnitTestResult executionId="ebeee170-8e3f-4717-9ab3-2cf49f89c70a" testId="7785d2e6-9e5e-7e1a-527e-cddc8fb2bcba" testName="TestUploaderCanAccessAttachmentWithoutAttachingItToWorkItem" computerName="TFSBUILD11" duration="00:00:00.0031328" startTime="2015-09-28T09:44:33.6918279-07:00" endTime="2015-09-28T09:44:33.6918279-07:00" testType="13cdc9d9-ddb5-4fa4-a97d-d965ccfc6d4b" outcome="Passed" testListId="8c84fa94-04c1-424b-9868-57a2d4851a1d" relativeResultsDirectory="ebeee170-8e3f-4717-9ab3-2cf49f89c70a" />
    <UnitTestResult executionId="c0b3661e-576b-4892-933e-bfb23907cf0a" testId="0b2e3c9b-84ed-0eab-36be-9fad5e060b6b" testName="TestOnlyUploaderCanAccessAttachmentWithoutAttachingItToWorkItem" computerName="TFSBUILD11" duration="00:00:00.0050673" startTime="2015-09-28T09:44:33.6918279-07:00" endTime="2015-09-28T09:44:33.7074540-07:00" testType="13cdc9d9-ddb5-4fa4-a97d-d965ccfc6d4b" outcome="Passed" testListId="8c84fa94-04c1-424b-9868-57a2d4851a1d" relativeResultsDirectory="c0b3661e-576b-4892-933e-bfb23907cf0a" />
    <UnitTestResult executionId="3acef38d-7d99-4b68-9b31-0577987129e3" testId="32b18670-e5c3-d7f9-9b7b-d5779e319d8d" testName="TestThrowsExceptionWhenAttachmentNotFound" computerName="TFSBUILD11" duration="00:00:00.0032571" startTime="2015-09-28T09:44:33.7074540-07:00" endTime="2015-09-28T09:44:33.7074540-07:00" testType="13cdc9d9-ddb5-4fa4-a97d-d965ccfc6d4b" outcome="Passed" testListId="8c84fa94-04c1-424b-9868-57a2d4851a1d" relativeResultsDirectory="3acef38d-7d99-4b68-9b31-0577987129e3" />
    <UnitTestResult executionId="d1eb3f48-8127-43fd-bcd7-955cd7cb9921" testId="c0863074-eae8-31ea-3bea-766ebcd87d7a" testName="TestThrowsExceptionWhenHasNoPermission" computerName="TFSBUILD11" duration="00:00:00.0374547" startTime="2015-09-28T09:44:33.7074540-07:00" endTime="2015-09-28T09:44:33.7387065-07:00" testType="13cdc9d9-ddb5-4fa4-a97d-d965ccfc6d4b" outcome="Passed" testListId="8c84fa94-04c1-424b-9868-57a2d4851a1d" relativeResultsDirectory="d1eb3f48-8127-43fd-bcd7-955cd7cb9921" />
    <UnitTestResult executionId="75c34200-5115-4405-896d-3781cb51a2da" testId="c4a04a35-73ce-2411-88a5-e30dc2ee5cbb" testName="TestUploadAttachmentValidAreaNodeUri" computerName="TFSBUILD11" duration="00:00:00.1163890" startTime="2015-09-28T09:44:33.7387065-07:00" endTime="2015-09-28T09:44:33.8637151-07:00" testType="13cdc9d9-ddb5-4fa4-a97d-d965ccfc6d4b" outcome="Passed" testListId="8c84fa94-04c1-424b-9868-57a2d4851a1d" relativeResultsDirectory="75c34200-5115-4405-896d-3781cb51a2da" />
    <UnitTestResult executionId="f517732f-9e84-4bbb-8446-049f40dbf569" testId="76564703-62c1-86e8-3016-d6cd34458878" testName="TestUploadAttachmentInvalidAreaNodeUri" computerName="TFSBUILD11" duration="00:00:00.0057858" startTime="2015-09-28T09:44:33.8637151-07:00" endTime="2015-09-28T09:44:33.8637151-07:00" testType="13cdc9d9-ddb5-4fa4-a97d-d965ccfc6d4b" outcome="Passed" testListId="8c84fa94-04c1-424b-9868-57a2d4851a1d" relativeResultsDirectory="f517732f-9e84-4bbb-8446-049f40dbf569" />
    <UnitTestResult executionId="d40a58cc-87c2-4d90-9666-7991226fa5b4" testId="e1f3707e-a92a-ebad-baa1-6c1068cdb577" testName="TestUploadAttachmentNullAreaNodeUriHasPermission" computerName="TFSBUILD11" duration="00:00:00.0498689" startTime="2015-09-28T09:44:33.8637151-07:00" endTime="2015-09-28T09:44:33.9105934-07:00" testType="13cdc9d9-ddb5-4fa4-a97d-d965ccfc6d4b" outcome="Passed" testListId="8c84fa94-04c1-424b-9868-57a2d4851a1d" relativeResultsDirectory="d40a58cc-87c2-4d90-9666-7991226fa5b4" />
    <UnitTestResult executionId="f3347e5a-cb62-4320-8416-df2c14c862f7" testId="78ad2ecd-e51b-e4bd-a6a3-bffd9b6ceda5" testName="TestUploadAttachmentNullAreaNodeUriNoPermission" computerName="TFSBUILD11" duration="00:00:00.0107559" startTime="2015-09-28T09:44:33.9105934-07:00" endTime="2015-09-28T09:44:33.9262201-07:00" testType="13cdc9d9-ddb5-4fa4-a97d-d965ccfc6d4b" outcome="Passed" testListId="8c84fa94-04c1-424b-9868-57a2d4851a1d" relativeResultsDirectory="f3347e5a-cb62-4320-8416-df2c14c862f7" />
    <UnitTestResult executionId="1fb69dc0-f339-4e76-8c57-ae639f920e94" testId="62b35b79-f7fa-fbf4-b664-bbd9d6ddb174" testName="WillThrowWorkItemAttachmentExceedsMaxSizeException" computerName="TFSBUILD11" duration="00:00:00.1286138" startTime="2015-09-28T09:44:33.9262201-07:00" endTime="2015-09-28T09:44:34.0512284-07:00" testType="13cdc9d9-ddb5-4fa4-a97d-d965ccfc6d4b" outcome="Passed" testListId="8c84fa94-04c1-424b-9868-57a2d4851a1d" relativeResultsDirectory="1fb69dc0-f339-4e76-8c57-ae639f920e94" />
    <UnitTestResult executionId="2dd33d65-5abf-4d2b-bcbb-6836568c9c10" testId="dfe0216d-50e2-b53d-00c5-27a62b4749e0" testName="WillNotThrowWorkItemAttachmentExceedsMaxSizeException" computerName="TFSBUILD11" duration="00:00:00.0191587" startTime="2015-09-28T09:44:34.0512284-07:00" endTime="2015-09-28T09:44:34.0668545-07:00" testType="13cdc9d9-ddb5-4fa4-a97d-d965ccfc6d4b" outcome="Passed" testListId="8c84fa94-04c1-424b-9868-57a2d4851a1d" relativeResultsDirectory="2dd33d65-5abf-4d2b-bcbb-6836568c9c10" />
    <UnitTestResult executionId="88f8825d-aaa9-46d7-8571-92735713e1ee" testId="a9e5896a-8796-392a-7baa-f4aa578a006b" testName="TestUpdateExtension" computerName="TFSBUILD11" duration="00:00:00.3974821" startTime="2015-09-28T09:44:34.0668545-07:00" endTime="2015-09-28T09:44:34.4731334-07:00" testType="13cdc9d9-ddb5-4fa4-a97d-d965ccfc6d4b" outcome="Passed" testListId="8c84fa94-04c1-424b-9868-57a2d4851a1d" relativeResultsDirectory="88f8825d-aaa9-46d7-8571-92735713e1ee" />
    <UnitTestResult executionId="19445bb0-3d7e-4c79-9f1c-65b0410d6cb8" testId="c2cdf911-c8f7-7c4b-bab4-e1341535b088" testName="WorkItemTypeExtensionComponent5_TestUpdateExtension" computerName="TFSBUILD11" duration="00:00:00.4160125" startTime="2015-09-28T09:44:34.4731334-07:00" endTime="2015-09-28T09:44:34.8794123-07:00" testType="13cdc9d9-ddb5-4fa4-a97d-d965ccfc6d4b" outcome="Passed" testListId="8c84fa94-04c1-424b-9868-57a2d4851a1d" relativeResultsDirectory="19445bb0-3d7e-4c79-9f1c-65b0410d6cb8" />
    <UnitTestResult executionId="764732df-866f-49f2-b493-df36e0ccb390" testId="11fc2fee-f3b8-a0b8-411d-251b81c5dd87" testName="TestCreateExtension" computerName="TFSBUILD11" duration="00:00:00.0209211" startTime="2015-09-28T09:44:34.8794123-07:00" endTime="2015-09-28T09:44:34.9106654-07:00" testType="13cdc9d9-ddb5-4fa4-a97d-d965ccfc6d4b" outcome="Passed" testListId="8c84fa94-04c1-424b-9868-57a2d4851a1d" relativeResultsDirectory="764732df-866f-49f2-b493-df36e0ccb390" />
    <UnitTestResult executionId="4244fd3b-e952-48a5-aa3c-aa35286c9941" testId="3fecf603-aa09-b5fb-1289-0c7acd275831" testName="WorkItemTypeExtensionComponent5_TestCreateExtension" computerName="TFSBUILD11" duration="00:00:00.0139824" startTime="2015-09-28T09:44:34.9106654-07:00" endTime="2015-09-28T09:44:34.9262909-07:00" testType="13cdc9d9-ddb5-4fa4-a97d-d965ccfc6d4b" outcome="Passed" testListId="8c84fa94-04c1-424b-9868-57a2d4851a1d" relativeResultsDirectory="4244fd3b-e952-48a5-aa3c-aa35286c9941" />
    <UnitTestResult executionId="8d55c9d8-475d-4033-8d36-8388b50ba592" testId="3d4be2fd-3863-2ad4-a1f2-7e8be1a9622b" testName="TestUpdateExtensionReconciliationStatus" computerName="TFSBUILD11" duration="00:00:00.0121207" startTime="2015-09-28T09:44:34.9262909-07:00" endTime="2015-09-28T09:44:34.9262909-07:00" testType="13cdc9d9-ddb5-4fa4-a97d-d965ccfc6d4b" outcome="Passed" testListId="8c84fa94-04c1-424b-9868-57a2d4851a1d" relativeResultsDirectory="8d55c9d8-475d-4033-8d36-8388b50ba592" />
    <UnitTestResult executionId="91af65d1-466d-4351-a45f-31a07225dcd8" testId="91d0007f-86f0-cf2c-eaf5-bcf7fb87812a" testName="TestGetReconciliationStatus" computerName="TFSBUILD11" duration="00:00:00.0123112" startTime="2015-09-28T09:44:34.9262909-07:00" endTime="2015-09-28T09:44:34.9419168-07:00" testType="13cdc9d9-ddb5-4fa4-a97d-d965ccfc6d4b" outcome="Passed" testListId="8c84fa94-04c1-424b-9868-57a2d4851a1d" relativeResultsDirectory="91af65d1-466d-4351-a45f-31a07225dcd8" />
    <UnitTestResult executionId="9706fea2-20c2-4d6b-8c2e-43a2a43edfd4" testId="a812a51f-f459-b348-6495-9bd32b7488ac" testName="TestSetReconciliationWatermark" computerName="TFSBUILD11" duration="00:00:00.0135088" startTime="2015-09-28T09:44:34.9419168-07:00" endTime="2015-09-28T09:44:34.9575434-07:00" testType="13cdc9d9-ddb5-4fa4-a97d-d965ccfc6d4b" outcome="Passed" testListId="8c84fa94-04c1-424b-9868-57a2d4851a1d" relativeResultsDirectory="9706fea2-20c2-4d6b-8c2e-43a2a43edfd4" />
    <UnitTestResult executionId="133a6c45-2a2f-4924-b1d1-59625564378c" testId="2c0ea53d-7644-76da-1007-4ea6dbd339f6" testName="TestGetReconciliationWatermark" computerName="TFSBUILD11" duration="00:00:00.0143342" startTime="2015-09-28T09:44:34.9575434-07:00" endTime="2015-09-28T09:44:34.9731690-07:00" testType="13cdc9d9-ddb5-4fa4-a97d-d965ccfc6d4b" outcome="Passed" testListId="8c84fa94-04c1-424b-9868-57a2d4851a1d" relativeResultsDirectory="133a6c45-2a2f-4924-b1d1-59625564378c" />
    <UnitTestResult executionId="84b17637-501a-47d8-952d-2dc09646440b" testId="bb191671-c751-8daa-6253-00fca7edc7a3" testName="TestGetExtensionsById_SingleExtensionWithField" computerName="TFSBUILD11" duration="00:00:00.0333305" startTime="2015-09-28T09:44:34.9731690-07:00" endTime="2015-09-28T09:44:35.0044224-07:00" testType="13cdc9d9-ddb5-4fa4-a97d-d965ccfc6d4b" outcome="Passed" testListId="8c84fa94-04c1-424b-9868-57a2d4851a1d" relativeResultsDirectory="84b17637-501a-47d8-952d-2dc09646440b" />
    <UnitTestResult executionId="4f568ed9-1e40-43f1-93e7-adf2128b094c" testId="348a4573-2078-0f3d-4f2c-12ed8aa2bed3" testName="TestGetExtensionsById_MultipleExtensionsWithFields" computerName="TFSBUILD11" duration="00:00:00.0658675" startTime="2015-09-28T09:44:35.0044224-07:00" endTime="2015-09-28T09:44:35.0669552-07:00" testType="13cdc9d9-ddb5-4fa4-a97d-d965ccfc6d4b" outcome="Passed" testListId="8c84fa94-04c1-424b-9868-57a2d4851a1d" relativeResultsDirectory="4f568ed9-1e40-43f1-93e7-adf2128b094c" />
    <UnitTestResult executionId="fa79acb1-2497-4ea1-87b1-067dcbde8ab9" testId="0bf3f464-eb66-930d-2b6c-48a07b61debd" testName="WorkItemTypeExtensionComponent5_GetExtensionsById_MultipleExtensionsWithoutFields" computerName="TFSBUILD11" duration="00:00:00.0568094" startTime="2015-09-28T09:44:35.0669552-07:00" endTime="2015-09-28T09:44:35.1294554-07:00" testType="13cdc9d9-ddb5-4fa4-a97d-d965ccfc6d4b" outcome="Passed" testListId="8c84fa94-04c1-424b-9868-57a2d4851a1d" relativeResultsDirectory="fa79acb1-2497-4ea1-87b1-067dcbde8ab9" />
    <UnitTestResult executionId="2edda193-660e-42bb-a83b-c793038f79f1" testId="ba1277aa-7d2e-e7ec-1757-bf66458ae5a2" testName="WorkItemTypeExtensionComponent5_GetExtensionsById_MultipleExtensionWithFields" computerName="TFSBUILD11" duration="00:00:00.0495307" startTime="2015-09-28T09:44:35.1294554-07:00" endTime="2015-09-28T09:44:35.1763338-07:00" testType="13cdc9d9-ddb5-4fa4-a97d-d965ccfc6d4b" outcome="Passed" testListId="8c84fa94-04c1-424b-9868-57a2d4851a1d" relativeResultsDirectory="2edda193-660e-42bb-a83b-c793038f79f1" />
    <UnitTestResult executionId="5dc690c3-0c63-49dc-b9dd-eeb665029859" testId="c4176acd-0792-91a6-d4e1-b4503e1e72b5" testName="WillReturnNoExtensionFromDatabase" computerName="TFSBUILD11" duration="00:00:00.0535661" startTime="2015-09-28T09:44:35.1763338-07:00" endTime="2015-09-28T09:44:35.2388354-07:00" testType="13cdc9d9-ddb5-4fa4-a97d-d965ccfc6d4b" outcome="Passed" testListId="8c84fa94-04c1-424b-9868-57a2d4851a1d" relativeResultsDirectory="5dc690c3-0c63-49dc-b9dd-eeb665029859" />
    <UnitTestResult executionId="de051d7a-c054-40b9-bc82-db3de7693006" testId="0f86e520-186f-d0ec-ede6-b27f4a54f484" testName="TestGetExtensions" computerName="TFSBUILD11" duration="00:00:00.0416368" startTime="2015-09-28T09:44:35.2388354-07:00" endTime="2015-09-28T09:44:35.2700876-07:00" testType="13cdc9d9-ddb5-4fa4-a97d-d965ccfc6d4b" outcome="Passed" testListId="8c84fa94-04c1-424b-9868-57a2d4851a1d" relativeResultsDirectory="de051d7a-c054-40b9-bc82-db3de7693006" />
    <UnitTestResult executionId="a9ab7c73-c53d-4f3f-99eb-51826c98136b" testId="d99cc1ab-3e0a-1a0e-7ffa-bc642ae4329c" testName="TestGetExtensions_NullGuids" computerName="TFSBUILD11" duration="00:00:00.0353447" startTime="2015-09-28T09:44:35.2700876-07:00" endTime="2015-09-28T09:44:35.3169636-07:00" testType="13cdc9d9-ddb5-4fa4-a97d-d965ccfc6d4b" outcome="Passed" testListId="8c84fa94-04c1-424b-9868-57a2d4851a1d" relativeResultsDirectory="a9ab7c73-c53d-4f3f-99eb-51826c98136b" />
    <UnitTestResult executionId="2f748c4b-2759-4248-9222-3212b6dfa221" testId="52f52e69-4454-af6e-16c6-e5784760586e" testName="WorkItemTypeExtensionComponent5_TestGetExtensions" computerName="TFSBUILD11" duration="00:00:00.0388126" startTime="2015-09-28T09:44:35.3169636-07:00" endTime="2015-09-28T09:44:35.3482156-07:00" testType="13cdc9d9-ddb5-4fa4-a97d-d965ccfc6d4b" outcome="Passed" testListId="8c84fa94-04c1-424b-9868-57a2d4851a1d" relativeResultsDirectory="2f748c4b-2759-4248-9222-3212b6dfa221" />
    <UnitTestResult executionId="2dc1371e-9b98-4970-91f9-a428f52c635a" testId="3622efc3-76d3-fe8b-9223-b99742608029" testName="WorkItemTypeExtensionComponent5_GetExtensions_NullGuids" computerName="TFSBUILD11" duration="00:00:00.0708086" startTime="2015-09-28T09:44:35.3482156-07:00" endTime="2015-09-28T09:44:35.4263291-07:00" testType="13cdc9d9-ddb5-4fa4-a97d-d965ccfc6d4b" outcome="Passed" testListId="8c84fa94-04c1-424b-9868-57a2d4851a1d" relativeResultsDirectory="2dc1371e-9b98-4970-91f9-a428f52c635a" />
    <UnitTestResult executionId="ffeb85e3-6a43-48fe-b0f6-7bcd890945e0" testId="1e553977-bc54-3d57-1805-7d731886f635" testName="TestGetExtendedWorkItemIds" computerName="TFSBUILD11" duration="00:00:00.0667276" startTime="2015-09-28T09:44:35.4263291-07:00" endTime="2015-09-28T09:44:35.4888329-07:00" testType="13cdc9d9-ddb5-4fa4-a97d-d965ccfc6d4b" outcome="Passed" testListId="8c84fa94-04c1-424b-9868-57a2d4851a1d" relativeResultsDirectory="ffeb85e3-6a43-48fe-b0f6-7bcd890945e0" />
    <UnitTestResult executionId="3a67d111-d762-415a-b340-6a425f650018" testId="6772eb2f-f103-bee0-9da2-b9d405053c95" testName="TestGetDetailsForReconciliation" computerName="TFSBUILD11" duration="00:00:00.9441699" startTime="2015-09-28T09:44:35.4888329-07:00" endTime="2015-09-28T09:44:36.4420237-07:00" testType="13cdc9d9-ddb5-4fa4-a97d-d965ccfc6d4b" outcome="Passed" testListId="8c84fa94-04c1-424b-9868-57a2d4851a1d" relativeResultsDirectory="3a67d111-d762-415a-b340-6a425f650018" />
    <UnitTestResult executionId="880251d0-416a-4c9b-8d6b-5825c984d4af" testId="c4ab88b4-2038-86ec-3bb2-b7a9267d8c79" testName="TestGetDetailsForReconciliation_NoCategories" computerName="TFSBUILD11" duration="00:00:00.0181708" startTime="2015-09-28T09:44:36.4420237-07:00" endTime="2015-09-28T09:44:36.4576498-07:00" testType="13cdc9d9-ddb5-4fa4-a97d-d965ccfc6d4b" outcome="Passed" testListId="8c84fa94-04c1-424b-9868-57a2d4851a1d" relativeResultsDirectory="880251d0-416a-4c9b-8d6b-5825c984d4af" />
    <UnitTestResult executionId="5a071cdb-d1ba-4238-a344-976241fe77e5" testId="1d54d475-ab04-fda8-ff34-1d48a6b3409e" testName="TestDeleteExtensions" computerName="TFSBUILD11" duration="00:00:00.5031974" startTime="2015-09-28T09:44:36.4576498-07:00" endTime="2015-09-28T09:44:36.9576851-07:00" testType="13cdc9d9-ddb5-4fa4-a97d-d965ccfc6d4b" outcome="Passed" testListId="8c84fa94-04c1-424b-9868-57a2d4851a1d" relativeResultsDirectory="5a071cdb-d1ba-4238-a344-976241fe77e5" />
    <UnitTestResult executionId="b0efdf86-3d73-4ebc-bb7d-474a2e21f884" testId="3612e128-237e-9d02-dad5-d330d5a0295f" testName="GetInheritedTypeExtensionsReturnsEmptySetForOldVersionComponent" computerName="TFSBUILD11" duration="00:00:00.4705299" startTime="2015-09-28T09:44:36.9576851-07:00" endTime="2015-09-28T09:44:37.4264687-07:00" testType="13cdc9d9-ddb5-4fa4-a97d-d965ccfc6d4b" outcome="Passed" testListId="8c84fa94-04c1-424b-9868-57a2d4851a1d" relativeResultsDirectory="b0efdf86-3d73-4ebc-bb7d-474a2e21f884" />
    <UnitTestResult executionId="86d24a89-8d54-4fac-95d6-29f091023688" testId="82178e9d-a457-14d0-d13f-d9cea0781d6e" testName="CreateInheritedTypeExtensionReturnsNullForOldVersionComponent" computerName="TFSBUILD11" duration="00:00:00.0137594" startTime="2015-09-28T09:44:37.4264687-07:00" endTime="2015-09-28T09:44:37.4420948-07:00" testType="13cdc9d9-ddb5-4fa4-a97d-d965ccfc6d4b" outcome="Passed" testListId="8c84fa94-04c1-424b-9868-57a2d4851a1d" relativeResultsDirectory="86d24a89-8d54-4fac-95d6-29f091023688" />
    <UnitTestResult executionId="be707ffb-44c9-40af-8935-86d11a7aeaad" testId="2a5c6525-b2a7-8382-f449-7b75098ff3ab" testName="UpdateInheritedTypeExtensionFieldsReturnsNullForOldVersionComponent" computerName="TFSBUILD11" duration="00:00:00.0122268" startTime="2015-09-28T09:44:37.4420948-07:00" endTime="2015-09-28T09:44:37.4577207-07:00" testType="13cdc9d9-ddb5-4fa4-a97d-d965ccfc6d4b" outcome="Passed" testListId="8c84fa94-04c1-424b-9868-57a2d4851a1d" relativeResultsDirectory="be707ffb-44c9-40af-8935-86d11a7aeaad" />
    <UnitTestResult executionId="20f37ab8-5606-4aed-a5ff-0ff4349f6f99" testId="8bedb0bd-d0b2-4e63-f56b-072b21c5a198" testName="GetWorkItemTypeExtensionsReturnsExpectedListForProperComponentVersion" computerName="TFSBUILD11" duration="00:00:00.0139238" startTime="2015-09-28T09:44:37.4577207-07:00" endTime="2015-09-28T09:44:37.4733468-07:00" testType="13cdc9d9-ddb5-4fa4-a97d-d965ccfc6d4b" outcome="Passed" testListId="8c84fa94-04c1-424b-9868-57a2d4851a1d" relativeResultsDirectory="20f37ab8-5606-4aed-a5ff-0ff4349f6f99" />
    <UnitTestResult executionId="025d5021-1474-43cf-87cd-757b8fa2bea3" testId="28d5b0c5-439d-a913-88eb-4f8aa71e8e77" testName="CreateInheritedTypeExtentionReturnsNewExtensionForProperComponentVersion" computerName="TFSBUILD11" duration="00:00:00.0157914" startTime="2015-09-28T09:44:37.4733468-07:00" endTime="2015-09-28T09:44:37.4889729-07:00" testType="13cdc9d9-ddb5-4fa4-a97d-d965ccfc6d4b" outcome="Passed" testListId="8c84fa94-04c1-424b-9868-57a2d4851a1d" relativeResultsDirectory="025d5021-1474-43cf-87cd-757b8fa2bea3" />
    <UnitTestResult executionId="ac402be0-6da8-48e9-8bd1-61e97ce025f0" testId="9e110e80-94fe-c0f9-506a-6bc1169b254c" testName="UpdateInheritedTypeExtensionReturnsUpdatedExtensionForProperComponentVersion" computerName="TFSBUILD11" duration="00:00:00.0151847" startTime="2015-09-28T09:44:37.4889729-07:00" endTime="2015-09-28T09:44:37.5045990-07:00" testType="13cdc9d9-ddb5-4fa4-a97d-d965ccfc6d4b" outcome="Passed" testListId="8c84fa94-04c1-424b-9868-57a2d4851a1d" relativeResultsDirectory="ac402be0-6da8-48e9-8bd1-61e97ce025f0" />
    <UnitTestResult executionId="fe15d2fb-4894-4efe-98f5-08550e39f784" testId="f54f8282-ee13-21cc-439b-07cff6c4afcf" testName="UpdateInheritedTypeExtensionPassesFalseForUpdateFieldsOnNullFieldsParameter" computerName="TFSBUILD11" duration="00:00:00.0142412" startTime="2015-09-28T09:44:37.5045990-07:00" endTime="2015-09-28T09:44:37.5202251-07:00" testType="13cdc9d9-ddb5-4fa4-a97d-d965ccfc6d4b" outcome="Passed" testListId="8c84fa94-04c1-424b-9868-57a2d4851a1d" relativeResultsDirectory="fe15d2fb-4894-4efe-98f5-08550e39f784" />
    <UnitTestResult executionId="592d4e9d-92bd-474b-877c-5816c92eef7d" testId="bbb3d4c0-d3fe-87c9-4547-4595add261d6" testName="UpdateInheritedTypeExtensionPassesTrueForUpdateFieldsOnEmptyParameter" computerName="TFSBUILD11" duration="00:00:00.0212798" startTime="2015-09-28T09:44:37.5202251-07:00" endTime="2015-09-28T09:44:37.5358524-07:00" testType="13cdc9d9-ddb5-4fa4-a97d-d965ccfc6d4b" outcome="Passed" testListId="8c84fa94-04c1-424b-9868-57a2d4851a1d" relativeResultsDirectory="592d4e9d-92bd-474b-877c-5816c92eef7d" />
    <UnitTestResult executionId="847c8072-0905-4968-ba5f-811ec80edce6" testId="1fb7a141-71da-7f5e-8fa4-ab976268ae70" testName="CreatingInheritedTypeWithDefaultRuleCreatesConstants" computerName="TFSBUILD11" duration="00:00:00.0150775" startTime="2015-09-28T09:44:37.5358524-07:00" endTime="2015-09-28T09:44:37.5514793-07:00" testType="13cdc9d9-ddb5-4fa4-a97d-d965ccfc6d4b" outcome="Passed" testListId="8c84fa94-04c1-424b-9868-57a2d4851a1d" relativeResultsDirectory="847c8072-0905-4968-ba5f-811ec80edce6" />
    <UnitTestResult executionId="b6b41255-3279-40df-a977-bea91498dea0" testId="4fc5f4b9-7823-6aec-49d2-3a01f5e6790a" testName="UpdatingInheritedTypeWithDefaultRuleCreatesConstants" computerName="TFSBUILD11" duration="00:00:00.0133020" startTime="2015-09-28T09:44:37.5514793-07:00" endTime="2015-09-28T09:44:37.5671046-07:00" testType="13cdc9d9-ddb5-4fa4-a97d-d965ccfc6d4b" outcome="Passed" testListId="8c84fa94-04c1-424b-9868-57a2d4851a1d" relativeResultsDirectory="b6b41255-3279-40df-a977-bea91498dea0" />
    <UnitTestResult executionId="d344ac1b-d587-4b1f-a2e0-9d69d0b13b1c" testId="47f8dbb5-d4a7-dbe7-3ebb-ee091553bea8" testName="VerifyChangedOrderIsCorrect" computerName="TFSBUILD11" duration="00:00:00.0269817" startTime="2015-09-28T09:44:37.5671046-07:00" endTime="2015-09-28T09:44:37.5983613-07:00" testType="13cdc9d9-ddb5-4fa4-a97d-d965ccfc6d4b" outcome="Passed" testListId="8c84fa94-04c1-424b-9868-57a2d4851a1d" relativeResultsDirectory="d344ac1b-d587-4b1f-a2e0-9d69d0b13b1c" />
    <UnitTestResult executionId="ad7c84f6-3d44-4572-b72d-ab2848050666" testId="29161fe4-95c0-a13c-5bb3-5a11128fcea1" testName="BasicReconcile" computerName="TFSBUILD11" duration="00:00:01.2310110" startTime="2015-09-28T09:44:37.5983613-07:00" endTime="2015-09-28T09:44:38.8171946-07:00" testType="13cdc9d9-ddb5-4fa4-a97d-d965ccfc6d4b" outcome="Passed" testListId="8c84fa94-04c1-424b-9868-57a2d4851a1d" relativeResultsDirectory="ad7c84f6-3d44-4572-b72d-ab2848050666" />
    <UnitTestResult executionId="202d2f48-e8e9-4ef5-80c3-9adabf1406d9" testId="8f776863-8c42-00a7-2247-93993da4aed8" testName="TestAsyncReconcile" computerName="TFSBUILD11" duration="00:00:00.1360947" startTime="2015-09-28T09:44:38.8171946-07:00" endTime="2015-09-28T09:44:38.9578293-07:00" testType="13cdc9d9-ddb5-4fa4-a97d-d965ccfc6d4b" outcome="Passed" testListId="8c84fa94-04c1-424b-9868-57a2d4851a1d" relativeResultsDirectory="202d2f48-e8e9-4ef5-80c3-9adabf1406d9" />
    <UnitTestResult executionId="564517c4-9354-4612-80b7-9e4cd19ead76" testId="e5aa7b5c-22f7-7c6c-2602-10b218038723" testName="TestTrySyncReconcile" computerName="TFSBUILD11" duration="00:00:00.0993107" startTime="2015-09-28T09:44:38.9578293-07:00" endTime="2015-09-28T09:44:39.0672263-07:00" testType="13cdc9d9-ddb5-4fa4-a97d-d965ccfc6d4b" outcome="Passed" testListId="8c84fa94-04c1-424b-9868-57a2d4851a1d" relativeResultsDirectory="564517c4-9354-4612-80b7-9e4cd19ead76" />
    <UnitTestResult executionId="667dc361-faf5-4179-aa7f-016aad9dbea5" testId="47e7c0e1-495a-bb7f-a4dc-8eed7040fa56" testName="TestErrorReconcile" computerName="TFSBUILD11" duration="00:00:00.2988569" startTime="2015-09-28T09:44:39.0672263-07:00" endTime="2015-09-28T09:44:39.3641108-07:00" testType="13cdc9d9-ddb5-4fa4-a97d-d965ccfc6d4b" outcome="Passed" testListId="8c84fa94-04c1-424b-9868-57a2d4851a1d" relativeResultsDirectory="667dc361-faf5-4179-aa7f-016aad9dbea5" />
    <UnitTestResult executionId="87e151ce-dc6c-47ad-848b-16de6ef7ce1c" testId="39ae6a67-43af-ad09-d3a1-f93dad74f762" testName="TestCancelReconcile" computerName="TFSBUILD11" duration="00:00:00.2226461" startTime="2015-09-28T09:44:39.3641108-07:00" endTime="2015-09-28T09:44:39.5828905-07:00" testType="13cdc9d9-ddb5-4fa4-a97d-d965ccfc6d4b" outcome="Passed" testListId="8c84fa94-04c1-424b-9868-57a2d4851a1d" relativeResultsDirectory="87e151ce-dc6c-47ad-848b-16de6ef7ce1c" />
    <UnitTestResult executionId="36e1e249-6933-459e-bad5-567a2816971d" testId="b2b56e0a-29c6-1ee3-7905-b071a6f24c21" testName="CreateExtensionTest" computerName="TFSBUILD11" duration="00:00:00.1839865" startTime="2015-09-28T09:44:39.5828905-07:00" endTime="2015-09-28T09:44:39.7704022-07:00" testType="13cdc9d9-ddb5-4fa4-a97d-d965ccfc6d4b" outcome="Passed" testListId="8c84fa94-04c1-424b-9868-57a2d4851a1d" relativeResultsDirectory="36e1e249-6933-459e-bad5-567a2816971d" />
    <UnitTestResult executionId="cce0b2f3-4de2-41d5-b8ca-64d13a0ea9aa" testId="9b96a94a-4071-fcff-cc89-51a0c542b7be" testName="GetExtensionsByIdTest" computerName="TFSBUILD11" duration="00:00:00.0905063" startTime="2015-09-28T09:44:39.7704022-07:00" endTime="2015-09-28T09:44:39.8641574-07:00" testType="13cdc9d9-ddb5-4fa4-a97d-d965ccfc6d4b" outcome="Passed" testListId="8c84fa94-04c1-424b-9868-57a2d4851a1d" relativeResultsDirectory="cce0b2f3-4de2-41d5-b8ca-64d13a0ea9aa" />
    <UnitTestResult executionId="118296b3-ccb0-46dd-bfc6-af24d2de2313" testId="549065ff-0448-62a6-fea1-5be3f8e22873" testName="GetExtensionsByProjectTest" computerName="TFSBUILD11" duration="00:00:00.0841979" startTime="2015-09-28T09:44:39.8641574-07:00" endTime="2015-09-28T09:44:39.9422874-07:00" testType="13cdc9d9-ddb5-4fa4-a97d-d965ccfc6d4b" outcome="Passed" testListId="8c84fa94-04c1-424b-9868-57a2d4851a1d" relativeResultsDirectory="118296b3-ccb0-46dd-bfc6-af24d2de2313" />
    <UnitTestResult executionId="b8828091-38a1-469e-83d1-fbf5191406ff" testId="e2e0404a-363a-2a7f-a2b3-3eee68fcc239" testName="BasicUpdateTest" computerName="TFSBUILD11" duration="00:00:00.0796505" startTime="2015-09-28T09:44:39.9422874-07:00" endTime="2015-09-28T09:44:40.0204171-07:00" testType="13cdc9d9-ddb5-4fa4-a97d-d965ccfc6d4b" outcome="Passed" testListId="8c84fa94-04c1-424b-9868-57a2d4851a1d" relativeResultsDirectory="b8828091-38a1-469e-83d1-fbf5191406ff" />
    <UnitTestResult executionId="badec2b9-98cc-4246-b6ec-1fba6212e503" testId="0615d6ac-3d23-f595-e697-872f9ff740a1" testName="DeleteEmptyListExtensionTest" computerName="TFSBUILD11" duration="00:00:00.0733447" startTime="2015-09-28T09:44:40.0204171-07:00" endTime="2015-09-28T09:44:40.0985471-07:00" testType="13cdc9d9-ddb5-4fa4-a97d-d965ccfc6d4b" outcome="Passed" testListId="8c84fa94-04c1-424b-9868-57a2d4851a1d" relativeResultsDirectory="badec2b9-98cc-4246-b6ec-1fba6212e503" />
    <UnitTestResult executionId="2ed42212-f7c7-4161-8fc1-59b88035a070" testId="eb949829-d2e4-f4c0-796a-81dfa3080bd8" testName="DeleteOneExtenionTest" computerName="TFSBUILD11" duration="00:00:00.0596410" startTime="2015-09-28T09:44:40.0985471-07:00" endTime="2015-09-28T09:44:40.1610515-07:00" testType="13cdc9d9-ddb5-4fa4-a97d-d965ccfc6d4b" outcome="Passed" testListId="8c84fa94-04c1-424b-9868-57a2d4851a1d" relativeResultsDirectory="2ed42212-f7c7-4161-8fc1-59b88035a070" />
    <UnitTestResult executionId="ff858d34-ca00-41f6-9bb8-2665e67a626d" testId="2d51e3c2-c742-b04f-48a2-c6476781a25a" testName="TestGetSingleWorkItemFromComponent" computerName="TFSBUILD11" duration="00:00:00.0366693" startTime="2015-09-28T09:44:40.1610515-07:00" endTime="2015-09-28T09:44:40.1923040-07:00" testType="13cdc9d9-ddb5-4fa4-a97d-d965ccfc6d4b" outcome="Passed" testListId="8c84fa94-04c1-424b-9868-57a2d4851a1d" relativeResultsDirectory="ff858d34-ca00-41f6-9bb8-2665e67a626d" />
    <UnitTestResult executionId="e0688a6c-f9d6-42c6-ade2-a5903f9798ac" testId="f01023aa-1743-9682-7655-fbc3e075bc18" testName="TestGetMultipleWorkItemsFromComponent" computerName="TFSBUILD11" duration="00:00:00.0421565" startTime="2015-09-28T09:44:40.1923040-07:00" endTime="2015-09-28T09:44:40.2391827-07:00" testType="13cdc9d9-ddb5-4fa4-a97d-d965ccfc6d4b" outcome="Passed" testListId="8c84fa94-04c1-424b-9868-57a2d4851a1d" relativeResultsDirectory="e0688a6c-f9d6-42c6-ade2-a5903f9798ac" />
    <UnitTestResult executionId="3fee73db-c8cc-4096-b7ed-964437839d3d" testId="e17d955f-2b08-d00e-e9d2-53d9e74a54d3" testName="TestIncludeCountFields" computerName="TFSBUILD11" duration="00:00:00.0544943" startTime="2015-09-28T09:44:40.2391827-07:00" endTime="2015-09-28T09:44:40.2860599-07:00" testType="13cdc9d9-ddb5-4fa4-a97d-d965ccfc6d4b" outcome="Passed" testListId="8c84fa94-04c1-424b-9868-57a2d4851a1d" relativeResultsDirectory="3fee73db-c8cc-4096-b7ed-964437839d3d" />
    <UnitTestResult executionId="ee52eadd-8a50-4c33-a995-a418a7b05b99" testId="80f9e162-f905-46e8-4433-e606d434d583" testName="TestIncludeCustomFields" computerName="TFSBUILD11" duration="00:00:00.0613437" startTime="2015-09-28T09:44:40.2860599-07:00" endTime="2015-09-28T09:44:40.3485640-07:00" testType="13cdc9d9-ddb5-4fa4-a97d-d965ccfc6d4b" outcome="Passed" testListId="8c84fa94-04c1-424b-9868-57a2d4851a1d" relativeResultsDirectory="ee52eadd-8a50-4c33-a995-a418a7b05b99" />
    <UnitTestResult executionId="af5c2370-e666-42f8-8267-399304f00b96" testId="d2270c20-bbd9-762c-0ee0-3b5302813bd0" testName="TestIncludeTextFields" computerName="TFSBUILD11" duration="00:00:00.1638183" startTime="2015-09-28T09:44:40.3485640-07:00" endTime="2015-09-28T09:44:40.5204652-07:00" testType="13cdc9d9-ddb5-4fa4-a97d-d965ccfc6d4b" outcome="Passed" testListId="8c84fa94-04c1-424b-9868-57a2d4851a1d" relativeResultsDirectory="af5c2370-e666-42f8-8267-399304f00b96" />
    <UnitTestResult executionId="795e17b6-fc51-4c45-a3f5-4816f5ecfa84" testId="df7f2991-0376-d92f-7d44-c5f234872e7c" testName="TestIncludeResourceLinks" computerName="TFSBUILD11" duration="00:00:00.1663060" startTime="2015-09-28T09:44:40.5204652-07:00" endTime="2015-09-28T09:44:40.6767200-07:00" testType="13cdc9d9-ddb5-4fa4-a97d-d965ccfc6d4b" outcome="Passed" testListId="8c84fa94-04c1-424b-9868-57a2d4851a1d" relativeResultsDirectory="795e17b6-fc51-4c45-a3f5-4816f5ecfa84" />
    <UnitTestResult executionId="31e54550-8f45-4fce-8246-d97da2fc77f2" testId="0b5fff6a-4976-8eab-38c7-79dc8629c549" testName="TestIncludeWorkItemLinks" computerName="TFSBUILD11" duration="00:00:00.1259887" startTime="2015-09-28T09:44:40.6767200-07:00" endTime="2015-09-28T09:44:40.8017281-07:00" testType="13cdc9d9-ddb5-4fa4-a97d-d965ccfc6d4b" outcome="Passed" testListId="8c84fa94-04c1-424b-9868-57a2d4851a1d" relativeResultsDirectory="31e54550-8f45-4fce-8246-d97da2fc77f2" />
    <UnitTestResult executionId="ed510a6e-c7b2-4932-b913-49df5d7448ce" testId="a9d3b93a-157e-465a-7873-044c9bd8bff7" testName="TestIncludeHistory" computerName="TFSBUILD11" duration="00:00:00.1064260" startTime="2015-09-28T09:44:40.8017281-07:00" endTime="2015-09-28T09:44:40.9111097-07:00" testType="13cdc9d9-ddb5-4fa4-a97d-d965ccfc6d4b" outcome="Passed" testListId="8c84fa94-04c1-424b-9868-57a2d4851a1d" relativeResultsDirectory="ed510a6e-c7b2-4932-b913-49df5d7448ce" />
    <UnitTestResult executionId="578e083b-005e-4348-943d-27f6348d2fbc" testId="cdff64f7-35b8-c977-d28a-b2385b962e70" testName="GetWorkItemDatasets_NullIdParameter" computerName="TFSBUILD11" duration="00:00:00.0289543" startTime="2015-09-28T09:44:40.9111097-07:00" endTime="2015-09-28T09:44:40.9423596-07:00" testType="13cdc9d9-ddb5-4fa4-a97d-d965ccfc6d4b" outcome="Passed" testListId="8c84fa94-04c1-424b-9868-57a2d4851a1d" relativeResultsDirectory="578e083b-005e-4348-943d-27f6348d2fbc" />
    <UnitTestResult executionId="dd711125-29c8-4d56-b8d8-98bdf91fd201" testId="c77803ee-eae3-d12e-1099-8afb35b29c8c" testName="TestGetWorkItemFieldValuesFromSingleWorkItem" computerName="TFSBUILD11" duration="00:00:01.5736379" startTime="2015-09-28T09:44:40.9423596-07:00" endTime="2015-09-28T09:44:42.5205980-07:00" testType="13cdc9d9-ddb5-4fa4-a97d-d965ccfc6d4b" outcome="Passed" testListId="8c84fa94-04c1-424b-9868-57a2d4851a1d" relativeResultsDirectory="dd711125-29c8-4d56-b8d8-98bdf91fd201" />
    <UnitTestResult executionId="d44d25ea-e6ec-4f61-b214-6fb7ab43f3e9" testId="2e56c315-e12a-d765-b511-e4cfd3f8d5cf" testName="TestGetWorkItemFieldValuesFromMultipleWorkItems" computerName="TFSBUILD11" duration="00:00:00.0363763" startTime="2015-09-28T09:44:42.5205980-07:00" endTime="2015-09-28T09:44:42.5518491-07:00" testType="13cdc9d9-ddb5-4fa4-a97d-d965ccfc6d4b" outcome="Passed" testListId="8c84fa94-04c1-424b-9868-57a2d4851a1d" relativeResultsDirectory="d44d25ea-e6ec-4f61-b214-6fb7ab43f3e9" />
    <UnitTestResult executionId="2ac91c40-f0ee-44a4-a51d-c51edabee193" testId="9c8bce3d-9bcf-912c-4c75-48ae2640c411" testName="TestWideFields" computerName="TFSBUILD11" duration="00:00:00.0443248" startTime="2015-09-28T09:44:42.5518491-07:00" endTime="2015-09-28T09:44:42.5987280-07:00" testType="13cdc9d9-ddb5-4fa4-a97d-d965ccfc6d4b" outcome="Passed" testListId="8c84fa94-04c1-424b-9868-57a2d4851a1d" relativeResultsDirectory="2ac91c40-f0ee-44a4-a51d-c51edabee193" />
    <UnitTestResult executionId="f2dd8822-2fa4-4a2e-9f76-a42ceb6d3723" testId="9aec545b-ca45-5649-ad96-82b7074b344a" testName="TestLongFields" computerName="TFSBUILD11" duration="00:00:00.0736263" startTime="2015-09-28T09:44:42.5987280-07:00" endTime="2015-09-28T09:44:42.6768577-07:00" testType="13cdc9d9-ddb5-4fa4-a97d-d965ccfc6d4b" outcome="Passed" testListId="8c84fa94-04c1-424b-9868-57a2d4851a1d" relativeResultsDirectory="f2dd8822-2fa4-4a2e-9f76-a42ceb6d3723" />
    <UnitTestResult executionId="ca2097d7-ab0d-473a-bd69-404dd7140cd2" testId="ba20c592-5654-d049-fc70-a80b78f524e7" testName="TestTextFields" computerName="TFSBUILD11" duration="00:00:00.0698963" startTime="2015-09-28T09:44:42.6768577-07:00" endTime="2015-09-28T09:44:42.7393616-07:00" testType="13cdc9d9-ddb5-4fa4-a97d-d965ccfc6d4b" outcome="Passed" testListId="8c84fa94-04c1-424b-9868-57a2d4851a1d" relativeResultsDirectory="ca2097d7-ab0d-473a-bd69-404dd7140cd2" />
    <UnitTestResult executionId="8b141adc-37ab-4357-958c-81a84167bdc0" testId="74467e6f-bee4-e236-2cf4-1a4c40d69f0c" testName="GetWorkItemFieldValues_NullParameters" computerName="TFSBUILD11" duration="00:00:00.0362401" startTime="2015-09-28T09:44:42.7393616-07:00" endTime="2015-09-28T09:44:42.7837402-07:00" testType="13cdc9d9-ddb5-4fa4-a97d-d965ccfc6d4b" outcome="Passed" testListId="8c84fa94-04c1-424b-9868-57a2d4851a1d" relativeResultsDirectory="8b141adc-37ab-4357-958c-81a84167bdc0" />
    <UnitTestResult executionId="e15083f8-ccc4-436c-a909-6ea626464d30" testId="1d574337-52c0-ac27-09c3-a67f70ebbe3d" testName="TestUpdateSingleWorkItem" computerName="TFSBUILD11" duration="00:00:00.0352920" startTime="2015-09-28T09:44:42.7837402-07:00" endTime="2015-09-28T09:44:42.8149942-07:00" testType="13cdc9d9-ddb5-4fa4-a97d-d965ccfc6d4b" outcome="Passed" testListId="8c84fa94-04c1-424b-9868-57a2d4851a1d" relativeResultsDirectory="e15083f8-ccc4-436c-a909-6ea626464d30" />
    <UnitTestResult executionId="942f99a4-1c70-4f53-a457-9e734cfcd893" testId="3c2bbf6d-f3c7-4bc2-ceae-1da2d34ba1b3" testName="TestUpdateMultipleWorkItems" computerName="TFSBUILD11" duration="00:00:00.0569755" startTime="2015-09-28T09:44:42.8149942-07:00" endTime="2015-09-28T09:44:42.8775009-07:00" testType="13cdc9d9-ddb5-4fa4-a97d-d965ccfc6d4b" outcome="Passed" testListId="8c84fa94-04c1-424b-9868-57a2d4851a1d" relativeResultsDirectory="942f99a4-1c70-4f53-a457-9e734cfcd893" />
    <UnitTestResult executionId="2c7154d0-32cb-4e8d-bf47-2a44f9f5f739" testId="8acf6ace-89a8-f425-7a23-6d31da465d40" testName="TestCustomFieldUpdate" computerName="TFSBUILD11" duration="00:00:00.0784635" startTime="2015-09-28T09:44:42.8775009-07:00" endTime="2015-09-28T09:44:42.9556314-07:00" testType="13cdc9d9-ddb5-4fa4-a97d-d965ccfc6d4b" outcome="Passed" testListId="8c84fa94-04c1-424b-9868-57a2d4851a1d" relativeResultsDirectory="2c7154d0-32cb-4e8d-bf47-2a44f9f5f739" />
    <UnitTestResult executionId="29c38178-8571-48f3-8f21-0bde8d1eb56e" testId="2aa4c03b-9618-ef78-4fda-63150ef7b468" testName="TestPendingSetMembershipChecks" computerName="TFSBUILD11" duration="00:00:00.0627289" startTime="2015-09-28T09:44:42.9556314-07:00" endTime="2015-09-28T09:44:43.0181353-07:00" testType="13cdc9d9-ddb5-4fa4-a97d-d965ccfc6d4b" outcome="Passed" testListId="8c84fa94-04c1-424b-9868-57a2d4851a1d" relativeResultsDirectory="29c38178-8571-48f3-8f21-0bde8d1eb56e" />
    <UnitTestResult executionId="3e5a8bcb-333e-4b8c-ad4a-4abd3b142318" testId="490603e7-3fe2-1c6c-f86b-fa2946030119" testName="TestResourceLinkUpdates" computerName="TFSBUILD11" duration="00:00:00.0819141" startTime="2015-09-28T09:44:43.0181353-07:00" endTime="2015-09-28T09:44:43.0962937-07:00" testType="13cdc9d9-ddb5-4fa4-a97d-d965ccfc6d4b" outcome="Passed" testListId="8c84fa94-04c1-424b-9868-57a2d4851a1d" relativeResultsDirectory="3e5a8bcb-333e-4b8c-ad4a-4abd3b142318" />
    <UnitTestResult executionId="61c03ccb-9780-47cc-aa2f-12744675a1df" testId="3300be9e-d4fc-592e-a1a6-f1fe56493cd3" testName="TestTextFieldUpdates" computerName="TFSBUILD11" duration="00:00:00.0708515" startTime="2015-09-28T09:44:43.0962937-07:00" endTime="2015-09-28T09:44:43.1744251-07:00" testType="13cdc9d9-ddb5-4fa4-a97d-d965ccfc6d4b" outcome="Passed" testListId="8c84fa94-04c1-424b-9868-57a2d4851a1d" relativeResultsDirectory="61c03ccb-9780-47cc-aa2f-12744675a1df" />
    <UnitTestResult executionId="07d8c96a-b431-4d96-a19d-6075d692f034" testId="f8a2db41-3c3b-fc03-f3c6-87e7bdbef2dd" testName="TestWorkItemLinkUpdates" computerName="TFSBUILD11" duration="00:00:00.0713857" startTime="2015-09-28T09:44:43.1744251-07:00" endTime="2015-09-28T09:44:43.2369239-07:00" testType="13cdc9d9-ddb5-4fa4-a97d-d965ccfc6d4b" outcome="Passed" testListId="8c84fa94-04c1-424b-9868-57a2d4851a1d" relativeResultsDirectory="07d8c96a-b431-4d96-a19d-6075d692f034" />
    <UnitTestResult executionId="4ccc197f-ff4c-41c0-ad8e-5e07eb725136" testId="e1ab61e6-732e-e94d-9310-25cda5a73835" testName="UpdateWorkItems_NullIdentityDescriptor" computerName="TFSBUILD11" duration="00:00:00.0560380" startTime="2015-09-28T09:44:43.2369239-07:00" endTime="2015-09-28T09:44:43.2994258-07:00" testType="13cdc9d9-ddb5-4fa4-a97d-d965ccfc6d4b" outcome="Passed" testListId="8c84fa94-04c1-424b-9868-57a2d4851a1d" relativeResultsDirectory="4ccc197f-ff4c-41c0-ad8e-5e07eb725136" />
    <UnitTestResult executionId="f9775d4f-6d33-4a2e-bf5f-c10ed5b3db1b" testId="67ccba15-b978-b475-95a0-fcf54e46f8c7" testName="UpdateWorkItems_NullUpdateDataset" computerName="TFSBUILD11" duration="00:00:00.0449219" startTime="2015-09-28T09:44:43.2994258-07:00" endTime="2015-09-28T09:44:43.3463041-07:00" testType="13cdc9d9-ddb5-4fa4-a97d-d965ccfc6d4b" outcome="Passed" testListId="8c84fa94-04c1-424b-9868-57a2d4851a1d" relativeResultsDirectory="f9775d4f-6d33-4a2e-bf5f-c10ed5b3db1b" />
    <UnitTestResult executionId="f149e84a-ade2-4056-81b3-1c29a2979695" testId="7f22901c-af4c-7cdf-842b-c90670f5ebfd" testName="DestroyWorkItems" computerName="TFSBUILD11" duration="00:00:00.0517190" startTime="2015-09-28T09:44:43.3463041-07:00" endTime="2015-09-28T09:44:43.3931813-07:00" testType="13cdc9d9-ddb5-4fa4-a97d-d965ccfc6d4b" outcome="Passed" testListId="8c84fa94-04c1-424b-9868-57a2d4851a1d" relativeResultsDirectory="f149e84a-ade2-4056-81b3-1c29a2979695" />
    <UnitTestResult executionId="7f64093b-c24a-47c0-8163-c46eb11c3150" testId="db74ad43-0db1-a74e-cbba-87692bd96b80" testName="DestroyWorkItems_NullWorkItemIds" computerName="TFSBUILD11" duration="00:00:00.0381575" startTime="2015-09-28T09:44:43.3931813-07:00" endTime="2015-09-28T09:44:43.4400588-07:00" testType="13cdc9d9-ddb5-4fa4-a97d-d965ccfc6d4b" outcome="Passed" testListId="8c84fa94-04c1-424b-9868-57a2d4851a1d" relativeResultsDirectory="7f64093b-c24a-47c0-8163-c46eb11c3150" />
    <UnitTestResult executionId="8d476159-7a5c-4833-b603-fd084a69e683" testId="5bce7669-cd26-6158-e162-b3acd8dcf62f" testName="WorkItemComponent6_DestroyWorkItems" computerName="TFSBUILD11" duration="00:00:00.9303422" startTime="2015-09-28T09:44:43.4400588-07:00" endTime="2015-09-28T09:44:44.3619911-07:00" testType="13cdc9d9-ddb5-4fa4-a97d-d965ccfc6d4b" outcome="Passed" testListId="8c84fa94-04c1-424b-9868-57a2d4851a1d" relativeResultsDirectory="8d476159-7a5c-4833-b603-fd084a69e683" />
    <UnitTestResult executionId="819cc0da-ae4d-4614-9f37-76e045e1be49" testId="10c57974-c601-f98f-3182-6b26d38312ec" testName="WorkItemComponent6_DestroyWorkItems_NullWorkItemIds" computerName="TFSBUILD11" duration="00:00:00.0175046" startTime="2015-09-28T09:44:44.3619911-07:00" endTime="2015-09-28T09:44:44.3776169-07:00" testType="13cdc9d9-ddb5-4fa4-a97d-d965ccfc6d4b" outcome="Passed" testListId="8c84fa94-04c1-424b-9868-57a2d4851a1d" relativeResultsDirectory="819cc0da-ae4d-4614-9f37-76e045e1be49" />
    <UnitTestResult executionId="703ccb5e-d34f-4086-ae52-4bc328a27428" testId="caf55c76-49f4-4ea1-087f-6977600f4473" testName="TestGetDestroyedWorkItemIds" computerName="TFSBUILD11" duration="00:00:00.0179981" startTime="2015-09-28T09:44:44.3776169-07:00" endTime="2015-09-28T09:44:44.3932433-07:00" testType="13cdc9d9-ddb5-4fa4-a97d-d965ccfc6d4b" outcome="Passed" testListId="8c84fa94-04c1-424b-9868-57a2d4851a1d" relativeResultsDirectory="703ccb5e-d34f-4086-ae52-4bc328a27428" />
    <UnitTestResult executionId="19cd30ba-5388-4e69-8437-c3f6d74b4bba" testId="f20a2ffa-57a4-a3c3-6c8d-361e6beba545" testName="GetWorkItemIdsForArtifactUris_SingleResult" computerName="TFSBUILD11" duration="00:00:00.0333831" startTime="2015-09-28T09:44:44.3932433-07:00" endTime="2015-09-28T09:44:44.4401390-07:00" testType="13cdc9d9-ddb5-4fa4-a97d-d965ccfc6d4b" outcome="Passed" testListId="8c84fa94-04c1-424b-9868-57a2d4851a1d" relativeResultsDirectory="19cd30ba-5388-4e69-8437-c3f6d74b4bba" />
    <UnitTestResult executionId="b953cc15-2b42-40ea-a66b-84a238c2754e" testId="26aa9c1a-0eb3-dfe4-17af-bf11d3b4f0f4" testName="GetWorkItemIdsForArtifactUris_MultipleResults" computerName="TFSBUILD11" duration="00:00:00.0699487" startTime="2015-09-28T09:44:44.4401390-07:00" endTime="2015-09-28T09:44:44.5026446-07:00" testType="13cdc9d9-ddb5-4fa4-a97d-d965ccfc6d4b" outcome="Passed" testListId="8c84fa94-04c1-424b-9868-57a2d4851a1d" relativeResultsDirectory="b953cc15-2b42-40ea-a66b-84a238c2754e" />
    <UnitTestResult executionId="582c252f-f4dd-405e-adea-147f86a75b74" testId="d04930b3-cfdf-a197-bae7-5b88f7f9a4e5" testName="GetWorkItemIdsForArtifactUris_NullArtifactUris" computerName="TFSBUILD11" duration="00:00:00.0572360" startTime="2015-09-28T09:44:44.5026446-07:00" endTime="2015-09-28T09:44:44.5651439-07:00" testType="13cdc9d9-ddb5-4fa4-a97d-d965ccfc6d4b" outcome="Passed" testListId="8c84fa94-04c1-424b-9868-57a2d4851a1d" relativeResultsDirectory="582c252f-f4dd-405e-adea-147f86a75b74" />
    <UnitTestResult executionId="07dd7a9a-7007-45fe-9f24-f7374170a54d" testId="b56ab53d-edcb-e1a5-4873-ce18800875e5" testName="GetWorkItemIdsForArtifactUris_NullDateTime" computerName="TFSBUILD11" duration="00:00:00.0646609" startTime="2015-09-28T09:44:44.5651439-07:00" endTime="2015-09-28T09:44:44.6276449-07:00" testType="13cdc9d9-ddb5-4fa4-a97d-d965ccfc6d4b" outcome="Passed" testListId="8c84fa94-04c1-424b-9868-57a2d4851a1d" relativeResultsDirectory="07dd7a9a-7007-45fe-9f24-f7374170a54d" />
    <UnitTestResult executionId="ac9b7ba2-4152-4b05-8dcf-ebe36ff12af9" testId="c2aa171c-c36d-4058-1986-cf8af01ecec6" testName="TestUpdateReconciledWorkItems" computerName="TFSBUILD11" duration="00:00:01.0275210" startTime="2015-09-28T09:44:44.6276449-07:00" endTime="2015-09-28T09:44:45.6589583-07:00" testType="13cdc9d9-ddb5-4fa4-a97d-d965ccfc6d4b" outcome="Passed" testListId="8c84fa94-04c1-424b-9868-57a2d4851a1d" relativeResultsDirectory="ac9b7ba2-4152-4b05-8dcf-ebe36ff12af9" />
    <UnitTestResult executionId="11d26a8a-bb17-43d2-b1df-0b92fc32a638" testId="25dad0c5-2d36-095c-c6e4-e9a5e62746ad" testName="UpdateReconciledWorkItems_NullArguments" computerName="TFSBUILD11" duration="00:00:00.0218771" startTime="2015-09-28T09:44:45.6589583-07:00" endTime="2015-09-28T09:44:45.6745853-07:00" testType="13cdc9d9-ddb5-4fa4-a97d-d965ccfc6d4b" outcome="Passed" testListId="8c84fa94-04c1-424b-9868-57a2d4851a1d" relativeResultsDirectory="11d26a8a-bb17-43d2-b1df-0b92fc32a638" />
    <UnitTestResult executionId="175afe97-fa5e-4e82-ac50-d4759fc45c15" testId="3c305e00-6c6c-0178-6fc6-13c2e00a4b30" testName="UpdateReconciledWorkItems_NullIdentityDescriptor" computerName="TFSBUILD11" duration="00:00:00.0172990" startTime="2015-09-28T09:44:45.6745853-07:00" endTime="2015-09-28T09:44:45.6902125-07:00" testType="13cdc9d9-ddb5-4fa4-a97d-d965ccfc6d4b" outcome="Passed" testListId="8c84fa94-04c1-424b-9868-57a2d4851a1d" relativeResultsDirectory="175afe97-fa5e-4e82-ac50-d4759fc45c15" />
    <UnitTestResult executionId="38934d5c-57fa-4fab-acf1-25a08c5f5e97" testId="8561ff3b-230c-4c02-ada8-8e78c657afab" testName="GetWorkItemsByArtifactUris_NullRequestContext" computerName="TFSBUILD11" duration="00:00:00.0059150" startTime="2015-09-28T09:44:45.6902125-07:00" endTime="2015-09-28T09:44:45.7058372-07:00" testType="13cdc9d9-ddb5-4fa4-a97d-d965ccfc6d4b" outcome="Passed" testListId="8c84fa94-04c1-424b-9868-57a2d4851a1d" relativeResultsDirectory="38934d5c-57fa-4fab-acf1-25a08c5f5e97" />
    <UnitTestResult executionId="5e728ee5-f985-4231-9297-4c9aeb688d4d" testId="4825d5fc-6b00-c271-e37b-5b231bba76cb" testName="GetWorkItemsByArtifactUris_NullArtifactUris" computerName="TFSBUILD11" duration="00:00:00.0037356" startTime="2015-09-28T09:44:45.7058372-07:00" endTime="2015-09-28T09:44:45.7058372-07:00" testType="13cdc9d9-ddb5-4fa4-a97d-d965ccfc6d4b" outcome="Passed" testListId="8c84fa94-04c1-424b-9868-57a2d4851a1d" relativeResultsDirectory="5e728ee5-f985-4231-9297-4c9aeb688d4d" />
    <UnitTestResult executionId="f77de18b-ff6e-4b21-8186-601ddbd56338" testId="5d271776-fd1c-9a2b-0923-1fda1c2a9fa5" testName="GetWorkItemsByArtifactUris_NullArtifactUri" computerName="TFSBUILD11" duration="00:00:00.0031667" startTime="2015-09-28T09:44:45.7058372-07:00" endTime="2015-09-28T09:44:45.7058372-07:00" testType="13cdc9d9-ddb5-4fa4-a97d-d965ccfc6d4b" outcome="Passed" testListId="8c84fa94-04c1-424b-9868-57a2d4851a1d" relativeResultsDirectory="f77de18b-ff6e-4b21-8186-601ddbd56338" />
    <UnitTestResult executionId="beb770e4-f7a1-43d2-ae28-8d5cc3bc0a5e" testId="76d9495e-ec3e-aef5-0612-0853da94906f" testName="GetWorkItemsByArtifactUris" computerName="TFSBUILD11" duration="00:00:00.0295753" startTime="2015-09-28T09:44:45.7058372-07:00" endTime="2015-09-28T09:44:45.7370914-07:00" testType="13cdc9d9-ddb5-4fa4-a97d-d965ccfc6d4b" outcome="Passed" testListId="8c84fa94-04c1-424b-9868-57a2d4851a1d" relativeResultsDirectory="beb770e4-f7a1-43d2-ae28-8d5cc3bc0a5e" />
    <UnitTestResult executionId="96c225f1-feae-4385-9db8-e1a133f48153" testId="32637ec9-af05-9819-a880-fe6cb045aeb6" testName="GetWorkItemsByArtifactUris_FiltersNonPermission" computerName="TFSBUILD11" duration="00:00:00.0109835" startTime="2015-09-28T09:44:45.7370914-07:00" endTime="2015-09-28T09:44:45.7527167-07:00" testType="13cdc9d9-ddb5-4fa4-a97d-d965ccfc6d4b" outcome="Passed" testListId="8c84fa94-04c1-424b-9868-57a2d4851a1d" relativeResultsDirectory="96c225f1-feae-4385-9db8-e1a133f48153" />
    <UnitTestResult executionId="17823cf2-1f77-4227-a446-f07fda5d5ba1" testId="639bf7a4-56f5-700c-5872-0f86304ef480" testName="GetDestroyedWorkItemIds_NullRequestContext" computerName="TFSBUILD11" duration="00:00:00.0155107" startTime="2015-09-28T09:44:45.7527167-07:00" endTime="2015-09-28T09:44:45.7683590-07:00" testType="13cdc9d9-ddb5-4fa4-a97d-d965ccfc6d4b" outcome="Passed" testListId="8c84fa94-04c1-424b-9868-57a2d4851a1d" relativeResultsDirectory="17823cf2-1f77-4227-a446-f07fda5d5ba1" />
    <UnitTestResult executionId="fa2533a8-de80-4215-bd47-ee76cbcc10de" testId="9c200632-d4f0-3601-16c4-1885d0a14f2d" testName="TestGetDestroyedWorkItemIds" computerName="TFSBUILD11" duration="00:00:00.0227893" startTime="2015-09-28T09:44:45.7683590-07:00" endTime="2015-09-28T09:44:45.7839848-07:00" testType="13cdc9d9-ddb5-4fa4-a97d-d965ccfc6d4b" outcome="Passed" testListId="8c84fa94-04c1-424b-9868-57a2d4851a1d" relativeResultsDirectory="fa2533a8-de80-4215-bd47-ee76cbcc10de" />
    <UnitTestResult executionId="e8351be1-403b-4b71-a95a-fc2ab9cf9510" testId="c67210c6-0ead-f8f4-6607-d6be8944773a" testName="WillReturnWorkItemFieldData" computerName="TFSBUILD11" duration="00:00:00.3225525" startTime="2015-09-28T09:44:45.7839848-07:00" endTime="2015-09-28T09:44:46.1121238-07:00" testType="13cdc9d9-ddb5-4fa4-a97d-d965ccfc6d4b" outcome="Passed" testListId="8c84fa94-04c1-424b-9868-57a2d4851a1d" relativeResultsDirectory="e8351be1-403b-4b71-a95a-fc2ab9cf9510" />
    <UnitTestResult executionId="0191c83d-55c3-4a60-acf7-69e6dd56b736" testId="adffb759-cbe4-55f1-6446-d228cb64f5cf" testName="HandlesOldAreaIdsWithTags" computerName="TFSBUILD11" duration="00:00:00.1820765" startTime="2015-09-28T09:44:46.1121238-07:00" endTime="2015-09-28T09:44:46.2996337-07:00" testType="13cdc9d9-ddb5-4fa4-a97d-d965ccfc6d4b" outcome="Passed" testListId="8c84fa94-04c1-424b-9868-57a2d4851a1d" relativeResultsDirectory="0191c83d-55c3-4a60-acf7-69e6dd56b736" />
    <UnitTestResult executionId="14a7facc-741f-4e4a-a89d-303148aafa13" testId="263f6e47-e1ba-d479-c475-a05de2e7362b" testName="WillThrowWorkItemAccessExceptionIfUserIsNotPermittedToReadWorkItem" computerName="TFSBUILD11" duration="00:00:00.1469741" startTime="2015-09-28T09:44:46.2996337-07:00" endTime="2015-09-28T09:44:46.4402667-07:00" testType="13cdc9d9-ddb5-4fa4-a97d-d965ccfc6d4b" outcome="Passed" testListId="8c84fa94-04c1-424b-9868-57a2d4851a1d" relativeResultsDirectory="14a7facc-741f-4e4a-a89d-303148aafa13" />
    <UnitTestResult executionId="ed371a66-fcff-4831-82af-8d7a0f7b95bc" testId="6e1e3d10-218e-4647-24e5-5589e3d7059a" testName="WillReturnDataFromComponent" computerName="TFSBUILD11" duration="00:00:00.1332926" startTime="2015-09-28T09:44:46.4402667-07:00" endTime="2015-09-28T09:44:46.5808901-07:00" testType="13cdc9d9-ddb5-4fa4-a97d-d965ccfc6d4b" outcome="Passed" testListId="8c84fa94-04c1-424b-9868-57a2d4851a1d" relativeResultsDirectory="ed371a66-fcff-4831-82af-8d7a0f7b95bc" />
    <UnitTestResult executionId="600b6c6c-3e37-47f7-90fe-88b6d7c43960" testId="067af71f-0d9e-4c09-ef9c-27d5026855e1" testName="WillProvideCorrectAreaPathFromAreaId" computerName="TFSBUILD11" duration="00:00:00.1132285" startTime="2015-09-28T09:44:46.5808901-07:00" endTime="2015-09-28T09:44:46.6902708-07:00" testType="13cdc9d9-ddb5-4fa4-a97d-d965ccfc6d4b" outcome="Passed" testListId="8c84fa94-04c1-424b-9868-57a2d4851a1d" relativeResultsDirectory="600b6c6c-3e37-47f7-90fe-88b6d7c43960" />
    <UnitTestResult executionId="60afd672-c87f-4e82-afa8-d4b41dc2752b" testId="a134cf55-47ec-2ad6-e9f2-d87c28f10f40" testName="WillProvideCorrectIterationPathFromIterationId" computerName="TFSBUILD11" duration="00:00:00.0953364" startTime="2015-09-28T09:44:46.6902708-07:00" endTime="2015-09-28T09:44:46.7840395-07:00" testType="13cdc9d9-ddb5-4fa4-a97d-d965ccfc6d4b" outcome="Passed" testListId="8c84fa94-04c1-424b-9868-57a2d4851a1d" relativeResultsDirectory="60afd672-c87f-4e82-afa8-d4b41dc2752b" />
    <UnitTestResult executionId="237208b5-3a60-4522-87b2-adab522be659" testId="3eb182c6-8ead-7cf5-5050-5ebadd4a71f6" testName="WillReturnNullDescriptionIfNoneinFieldsDictionary" computerName="TFSBUILD11" duration="00:00:00.0961804" startTime="2015-09-28T09:44:46.7840395-07:00" endTime="2015-09-28T09:44:46.8777964-07:00" testType="13cdc9d9-ddb5-4fa4-a97d-d965ccfc6d4b" outcome="Passed" testListId="8c84fa94-04c1-424b-9868-57a2d4851a1d" relativeResultsDirectory="237208b5-3a60-4522-87b2-adab522be659" />
    <UnitTestResult executionId="0a88969c-6b54-4300-8044-7c6b62f580ca" testId="9f1f0426-916a-93ef-bd5b-bfa359cd3863" testName="WillThrowWorkItemNotFoundExceptionIfWorkItemIsEmptyFromComponent" computerName="TFSBUILD11" duration="00:00:00.0804907" startTime="2015-09-28T09:44:46.8777964-07:00" endTime="2015-09-28T09:44:46.9559261-07:00" testType="13cdc9d9-ddb5-4fa4-a97d-d965ccfc6d4b" outcome="Passed" testListId="8c84fa94-04c1-424b-9868-57a2d4851a1d" relativeResultsDirectory="0a88969c-6b54-4300-8044-7c6b62f580ca" />
    <UnitTestResult executionId="b44567c1-0cf6-40dd-badf-c130367dfc43" testId="db2b8c15-11a0-395d-84a1-ddf1f82efacc" testName="WillThrowArgumentOutOfRangeExceptionIfWorItemIdIsLessThan1" computerName="TFSBUILD11" duration="00:00:00.0792332" startTime="2015-09-28T09:44:46.9559261-07:00" endTime="2015-09-28T09:44:47.0340564-07:00" testType="13cdc9d9-ddb5-4fa4-a97d-d965ccfc6d4b" outcome="Passed" testListId="8c84fa94-04c1-424b-9868-57a2d4851a1d" relativeResultsDirectory="b44567c1-0cf6-40dd-badf-c130367dfc43" />
    <UnitTestResult executionId="7cbb8df5-451f-4bc5-b6ac-79a7abdc6199" testId="18b5e7fc-8374-e02b-33d7-f2ffa74a597f" testName="WillThrowArgumentNullExceptionIfRequestContextIsNull" computerName="TFSBUILD11" duration="00:00:00.0772085" startTime="2015-09-28T09:44:47.0340564-07:00" endTime="2015-09-28T09:44:47.1121909-07:00" testType="13cdc9d9-ddb5-4fa4-a97d-d965ccfc6d4b" outcome="Passed" testListId="8c84fa94-04c1-424b-9868-57a2d4851a1d" relativeResultsDirectory="7cbb8df5-451f-4bc5-b6ac-79a7abdc6199" />
    <UnitTestResult executionId="bab942c1-8618-48b6-b997-4fc5190825aa" testId="9b710e5e-e02d-df1f-a731-bb6de136fc3e" testName="WillThrowWorkItemAccessExceptionIfUserIsNotPermittedToReadWorkItem" computerName="TFSBUILD11" duration="00:00:00.0741613" startTime="2015-09-28T09:44:47.1121909-07:00" endTime="2015-09-28T09:44:47.1903218-07:00" testType="13cdc9d9-ddb5-4fa4-a97d-d965ccfc6d4b" outcome="Passed" testListId="8c84fa94-04c1-424b-9868-57a2d4851a1d" relativeResultsDirectory="bab942c1-8618-48b6-b997-4fc5190825aa" />
    <UnitTestResult executionId="901573bb-f898-4342-8ff8-551f81d2df3b" testId="865b2e19-dfc9-aee7-f526-3c1c532352a6" testName="GetWorkItemById" computerName="TFSBUILD11" duration="00:00:00.0726825" startTime="2015-09-28T09:44:47.1903218-07:00" endTime="2015-09-28T09:44:47.2684517-07:00" testType="13cdc9d9-ddb5-4fa4-a97d-d965ccfc6d4b" outcome="Passed" testListId="8c84fa94-04c1-424b-9868-57a2d4851a1d" relativeResultsDirectory="901573bb-f898-4342-8ff8-551f81d2df3b" />
    <UnitTestResult executionId="b5fe0bf2-8c9e-4102-be5e-48aafec369eb" testId="41dc76b3-1841-4e82-953c-2f3650cbfd8d" testName="UpdateWorkItem" computerName="TFSBUILD11" duration="00:00:00.1633345" startTime="2015-09-28T09:44:47.2684517-07:00" endTime="2015-09-28T09:44:47.4247222-07:00" testType="13cdc9d9-ddb5-4fa4-a97d-d965ccfc6d4b" outcome="Passed" testListId="8c84fa94-04c1-424b-9868-57a2d4851a1d" relativeResultsDirectory="b5fe0bf2-8c9e-4102-be5e-48aafec369eb" />
    <UnitTestResult executionId="9b5f4768-0b94-48e1-9f38-d9a062150f7b" testId="e6562b54-9a8c-c5bb-9179-125b0e987e75" testName="TestCheckClassificationNode_NodeProjectsDoNotMatch" computerName="TFSBUILD11" duration="00:00:00.2910446" startTime="2015-09-28T09:44:47.4247222-07:00" endTime="2015-09-28T09:44:47.7216098-07:00" testType="13cdc9d9-ddb5-4fa4-a97d-d965ccfc6d4b" outcome="Passed" testListId="8c84fa94-04c1-424b-9868-57a2d4851a1d" relativeResultsDirectory="9b5f4768-0b94-48e1-9f38-d9a062150f7b" />
    <UnitTestResult executionId="62df7a77-371b-4941-bf2f-04e39e9e2a42" testId="0f756769-d05f-4b10-4054-8e8915e46ebf" testName="TestCheckClassificationNode_AreaAndIterationPaths" computerName="TFSBUILD11" duration="00:00:00.1545323" startTime="2015-09-28T09:44:47.7216098-07:00" endTime="2015-09-28T09:44:47.8778698-07:00" testType="13cdc9d9-ddb5-4fa4-a97d-d965ccfc6d4b" outcome="Passed" testListId="8c84fa94-04c1-424b-9868-57a2d4851a1d" relativeResultsDirectory="62df7a77-371b-4941-bf2f-04e39e9e2a42" />
    <UnitTestResult executionId="4e7894b5-fcdf-42a2-8353-326d12763eb7" testId="b6cedb84-fc40-59d8-7b52-e058e783c606" testName="TestCheckClassificationNode_NodeRevisionIsNotConsistent" computerName="TFSBUILD11" duration="00:00:00.1358506" startTime="2015-09-28T09:44:47.8778698-07:00" endTime="2015-09-28T09:44:48.0185042-07:00" testType="13cdc9d9-ddb5-4fa4-a97d-d965ccfc6d4b" outcome="Passed" testListId="8c84fa94-04c1-424b-9868-57a2d4851a1d" relativeResultsDirectory="4e7894b5-fcdf-42a2-8353-326d12763eb7" />
    <UnitTestResult executionId="57f7ab8e-b97f-436f-8305-778eb810f131" testId="d1667c5c-282b-c822-c169-1e8f10c3adb8" testName="TestCheckClassificationNode_DifferentAreaAndIterationProjects" computerName="TFSBUILD11" duration="00:00:00.1190682" startTime="2015-09-28T09:44:48.0185042-07:00" endTime="2015-09-28T09:44:48.1278859-07:00" testType="13cdc9d9-ddb5-4fa4-a97d-d965ccfc6d4b" outcome="Passed" testListId="8c84fa94-04c1-424b-9868-57a2d4851a1d" relativeResultsDirectory="57f7ab8e-b97f-436f-8305-778eb810f131" />
    <UnitTestResult executionId="30bfd395-7461-479b-8233-7b30b0c03396" testId="a8cb4d78-6822-740a-60a4-c509a6ae2dc7" testName="TestCheckClassificationNode_InvalidField" computerName="TFSBUILD11" duration="00:00:00.0967729" startTime="2015-09-28T09:44:48.1278859-07:00" endTime="2015-09-28T09:44:48.2216420-07:00" testType="13cdc9d9-ddb5-4fa4-a97d-d965ccfc6d4b" outcome="Passed" testListId="8c84fa94-04c1-424b-9868-57a2d4851a1d" relativeResultsDirectory="30bfd395-7461-479b-8233-7b30b0c03396" />
    <UnitTestResult executionId="df4ccd7b-98ea-4bcd-b616-040c9de2a741" testId="a30f45e5-260f-6892-6d5d-eba947105576" testName="TestCheckClassificationNode_InvalidType" computerName="TFSBUILD11" duration="00:00:00.0979747" startTime="2015-09-28T09:44:48.2216420-07:00" endTime="2015-09-28T09:44:48.3310245-07:00" testType="13cdc9d9-ddb5-4fa4-a97d-d965ccfc6d4b" outcome="Passed" testListId="8c84fa94-04c1-424b-9868-57a2d4851a1d" relativeResultsDirectory="df4ccd7b-98ea-4bcd-b616-040c9de2a741" />
    <UnitTestResult executionId="1d92a566-cb0f-4aed-ab3a-769fbec6b822" testId="876f7fc3-1eb5-fbd6-99e1-9ecd797b58b5" testName="TestGetTrendData" computerName="TFSBUILD11" duration="00:00:00.8057052" startTime="2015-09-28T09:44:48.3310245-07:00" endTime="2015-09-28T09:44:49.1279630-07:00" testType="13cdc9d9-ddb5-4fa4-a97d-d965ccfc6d4b" outcome="Passed" testListId="8c84fa94-04c1-424b-9868-57a2d4851a1d" relativeResultsDirectory="1d92a566-cb0f-4aed-ab3a-769fbec6b822" />
    <UnitTestResult executionId="573534fd-cc2c-4008-910a-0d95796f83a7" testId="f830c6d0-fede-dbbe-28ee-377f0fae7add" testName="TestGetTrendData_NullEndDate" computerName="TFSBUILD11" duration="00:00:00.0356112" startTime="2015-09-28T09:44:49.1279630-07:00" endTime="2015-09-28T09:44:49.1748396-07:00" testType="13cdc9d9-ddb5-4fa4-a97d-d965ccfc6d4b" outcome="Passed" testListId="8c84fa94-04c1-424b-9868-57a2d4851a1d" relativeResultsDirectory="573534fd-cc2c-4008-910a-0d95796f83a7" />
    <UnitTestResult executionId="d8e4f01d-f6b2-4665-bbd0-641708dc4de9" testId="1d5c11a9-9a61-5944-d03d-64548f3ffc52" testName="TestSetTrendDataBaseline" computerName="TFSBUILD11" duration="00:00:00.0239035" startTime="2015-09-28T09:44:49.1748396-07:00" endTime="2015-09-28T09:44:49.1904657-07:00" testType="13cdc9d9-ddb5-4fa4-a97d-d965ccfc6d4b" outcome="Passed" testListId="8c84fa94-04c1-424b-9868-57a2d4851a1d" relativeResultsDirectory="d8e4f01d-f6b2-4665-bbd0-641708dc4de9" />
    <UnitTestResult executionId="b299ec69-881c-461f-af77-8ccba1d81d84" testId="ae0a8f24-62ea-1072-7e70-6b6f4feeb6f3" testName="TestStampTrendDataBaseline" computerName="TFSBUILD11" duration="00:00:00.0221706" startTime="2015-09-28T09:44:49.1904657-07:00" endTime="2015-09-28T09:44:49.2217182-07:00" testType="13cdc9d9-ddb5-4fa4-a97d-d965ccfc6d4b" outcome="Passed" testListId="8c84fa94-04c1-424b-9868-57a2d4851a1d" relativeResultsDirectory="b299ec69-881c-461f-af77-8ccba1d81d84" />
    <UnitTestResult executionId="5c96420b-01a9-4cbb-b490-71bfcb23c946" testId="63823934-ae53-f85a-ccb0-3d1008c22a92" testName="TestAddTrendDataRecords" computerName="TFSBUILD11" duration="00:00:00.8171276" startTime="2015-09-28T09:44:49.2217182-07:00" endTime="2015-09-28T09:44:50.0342697-07:00" testType="13cdc9d9-ddb5-4fa4-a97d-d965ccfc6d4b" outcome="Passed" testListId="8c84fa94-04c1-424b-9868-57a2d4851a1d" relativeResultsDirectory="5c96420b-01a9-4cbb-b490-71bfcb23c946" />
    <UnitTestResult executionId="304e0821-8aaf-42e2-bf54-21f109dfe52e" testId="655ceafb-9fa7-a368-b988-cceca45060a7" testName="TestGetChangedWorkItemData" computerName="TFSBUILD11" duration="00:00:00.0131196" startTime="2015-09-28T09:44:50.0342697-07:00" endTime="2015-09-28T09:44:50.0498958-07:00" testType="13cdc9d9-ddb5-4fa4-a97d-d965ccfc6d4b" outcome="Passed" testListId="8c84fa94-04c1-424b-9868-57a2d4851a1d" relativeResultsDirectory="304e0821-8aaf-42e2-bf54-21f109dfe52e" />
    <UnitTestResult executionId="0c717f4c-61d8-4345-97c3-5ee621660f5f" testId="7030a2a1-e377-a66e-1354-aeee7f7b5c3b" testName="TestBeginRebuildTrendData" computerName="TFSBUILD11" duration="00:00:00.0118675" startTime="2015-09-28T09:44:50.0498958-07:00" endTime="2015-09-28T09:44:50.0655222-07:00" testType="13cdc9d9-ddb5-4fa4-a97d-d965ccfc6d4b" outcome="Passed" testListId="8c84fa94-04c1-424b-9868-57a2d4851a1d" relativeResultsDirectory="0c717f4c-61d8-4345-97c3-5ee621660f5f" />
    <UnitTestResult executionId="40f03336-e335-4897-aa1c-665434ca67aa" testId="61186fbf-70b6-496b-6556-74526a90f8ad" testName="WorkItemTrackingTelemetryComponent_TestPerformXRay_v1" computerName="TFSBUILD11" duration="00:00:01.2565971" startTime="2015-09-28T09:44:50.0655222-07:00" endTime="2015-09-28T09:44:51.3156120-07:00" testType="13cdc9d9-ddb5-4fa4-a97d-d965ccfc6d4b" outcome="Passed" testListId="8c84fa94-04c1-424b-9868-57a2d4851a1d" relativeResultsDirectory="40f03336-e335-4897-aa1c-665434ca67aa" />
    <UnitTestResult executionId="6312c41c-838d-4ec0-9d86-d26c0a41cffc" testId="1dca3ae7-9142-e5f8-acd1-1bc86dda9eb2" testName="WorkItemTrackingTelemetryComponent_TestPerformXRay_v2" computerName="TFSBUILD11" duration="00:00:00.6041895" startTime="2015-09-28T09:44:51.3156120-07:00" endTime="2015-09-28T09:44:51.9250329-07:00" testType="13cdc9d9-ddb5-4fa4-a97d-d965ccfc6d4b" outcome="Passed" testListId="8c84fa94-04c1-424b-9868-57a2d4851a1d" relativeResultsDirectory="6312c41c-838d-4ec0-9d86-d26c0a41cffc" />
    <UnitTestResult executionId="ef4affe4-487d-43f3-936a-b0e52a018351" testId="d3629313-669a-938e-5c8a-b6ed4493b066" testName="TestTakeWorkItemTrackingXRay" computerName="TFSBUILD11" duration="00:00:00.0262686" startTime="2015-09-28T09:44:51.9250329-07:00" endTime="2015-09-28T09:44:51.9406590-07:00" testType="13cdc9d9-ddb5-4fa4-a97d-d965ccfc6d4b" outcome="Passed" testListId="8c84fa94-04c1-424b-9868-57a2d4851a1d" relativeResultsDirectory="ef4affe4-487d-43f3-936a-b0e52a018351" />
    <UnitTestResult executionId="6891507e-2d03-44f5-934f-26e733611f15" testId="d81412e0-f806-c293-5684-dd96f77c258e" testName="TestTakeWorkItemTrackingXRay_NullContext" computerName="TFSBUILD11" duration="00:00:00.0107670" startTime="2015-09-28T09:44:51.9406590-07:00" endTime="2015-09-28T09:44:51.9562856-07:00" testType="13cdc9d9-ddb5-4fa4-a97d-d965ccfc6d4b" outcome="Passed" testListId="8c84fa94-04c1-424b-9868-57a2d4851a1d" relativeResultsDirectory="6891507e-2d03-44f5-934f-26e733611f15" />
    <UnitTestResult executionId="185ac21e-1216-4b22-a2b9-ff69a91a4a52" testId="7720877a-4936-0506-fbf1-da427974671f" testName="TestTakeWorkItemTrackingXRay_UserContext" computerName="TFSBUILD11" duration="00:00:00.0103705" startTime="2015-09-28T09:44:51.9562856-07:00" endTime="2015-09-28T09:44:51.9719115-07:00" testType="13cdc9d9-ddb5-4fa4-a97d-d965ccfc6d4b" outcome="Passed" testListId="8c84fa94-04c1-424b-9868-57a2d4851a1d" relativeResultsDirectory="185ac21e-1216-4b22-a2b9-ff69a91a4a52" />
    <UnitTestResult executionId="ae235363-8d39-4137-872d-b33a1a48b14d" testId="1d3851db-b6c9-407b-7065-9048f3beeafb" testName="TestPerformXray" computerName="TFSBUILD11" duration="00:00:00.0129279" startTime="2015-09-28T09:44:51.9719115-07:00" endTime="2015-09-28T09:44:51.9875373-07:00" testType="13cdc9d9-ddb5-4fa4-a97d-d965ccfc6d4b" outcome="Passed" testListId="8c84fa94-04c1-424b-9868-57a2d4851a1d" relativeResultsDirectory="ae235363-8d39-4137-872d-b33a1a48b14d" />
    <UnitTestResult executionId="98141efc-19d7-4aaa-a652-c68552f92988" testId="f9e946da-cc7d-8a29-24e6-bff00236ae06" testName="TestPublishXRayResults" computerName="TFSBUILD11" duration="00:00:00.0447435" startTime="2015-09-28T09:44:51.9875373-07:00" endTime="2015-09-28T09:44:52.0187892-07:00" testType="13cdc9d9-ddb5-4fa4-a97d-d965ccfc6d4b" outcome="Passed" testListId="8c84fa94-04c1-424b-9868-57a2d4851a1d" relativeResultsDirectory="98141efc-19d7-4aaa-a652-c68552f92988" />
    <UnitTestResult executionId="dae4ee8b-1336-4772-b2c7-b004a398c861" testId="54bf3c00-6143-9101-3b51-edbfe08517b3" testName="TestCommandTimeout" computerName="TFSBUILD11" duration="00:00:00.0075465" startTime="2015-09-28T09:44:52.0187892-07:00" endTime="2015-09-28T09:44:52.0344153-07:00" testType="13cdc9d9-ddb5-4fa4-a97d-d965ccfc6d4b" outcome="Passed" testListId="8c84fa94-04c1-424b-9868-57a2d4851a1d" relativeResultsDirectory="dae4ee8b-1336-4772-b2c7-b004a398c861" />
    <UnitTestResult executionId="67f7c33a-1fe5-40b4-91ff-2380f88a295a" testId="678878f7-d413-5d15-7df6-bc8e79426e28" testName="DataSize0Top0MaxResultSize0" computerName="TFSBUILD11" duration="00:00:00.2193554" startTime="2015-09-28T09:44:52.0344153-07:00" endTime="2015-09-28T09:44:52.2531812-07:00" testType="13cdc9d9-ddb5-4fa4-a97d-d965ccfc6d4b" outcome="Passed" testListId="8c84fa94-04c1-424b-9868-57a2d4851a1d" relativeResultsDirectory="67f7c33a-1fe5-40b4-91ff-2380f88a295a" />
    <UnitTestResult executionId="dc743734-72de-40ce-ba92-a9837c214545" testId="33a7a711-fdac-cad1-b256-c5a577c8e1e3" testName="DataSize0Top1MaxResultSize0" computerName="TFSBUILD11" duration="00:00:00.0041491" startTime="2015-09-28T09:44:52.2531812-07:00" endTime="2015-09-28T09:44:52.2531812-07:00" testType="13cdc9d9-ddb5-4fa4-a97d-d965ccfc6d4b" outcome="Passed" testListId="8c84fa94-04c1-424b-9868-57a2d4851a1d" relativeResultsDirectory="dc743734-72de-40ce-ba92-a9837c214545" />
    <UnitTestResult executionId="5d12c840-f2df-4d09-b6e9-99099fe86901" testId="37bac762-1a6a-bba6-4e24-42978aa5baab" testName="DataSize1Top0MaxResultSize1" computerName="TFSBUILD11" duration="00:00:00.0109741" startTime="2015-09-28T09:44:52.2531812-07:00" endTime="2015-09-28T09:44:52.2688076-07:00" testType="13cdc9d9-ddb5-4fa4-a97d-d965ccfc6d4b" outcome="Passed" testListId="8c84fa94-04c1-424b-9868-57a2d4851a1d" relativeResultsDirectory="5d12c840-f2df-4d09-b6e9-99099fe86901" />
    <UnitTestResult executionId="1bd43ad8-58fb-4583-8ff8-73af1d6e1e79" testId="2c299a2b-a522-cea2-e3aa-598faeffd620" testName="DataSize1Top1MaxResultSize0" computerName="TFSBUILD11" duration="00:00:00.0057909" startTime="2015-09-28T09:44:52.2688076-07:00" endTime="2015-09-28T09:44:52.2688076-07:00" testType="13cdc9d9-ddb5-4fa4-a97d-d965ccfc6d4b" outcome="Passed" testListId="8c84fa94-04c1-424b-9868-57a2d4851a1d" relativeResultsDirectory="1bd43ad8-58fb-4583-8ff8-73af1d6e1e79" />
    <UnitTestResult executionId="42b31e56-96ea-4960-9526-792febdfc639" testId="103f42f7-f40b-2036-5540-4cdccc4d11a3" testName="DataSize3Top1MaxResultSize2" computerName="TFSBUILD11" duration="00:00:00.0042632" startTime="2015-09-28T09:44:52.2688076-07:00" endTime="2015-09-28T09:44:52.2844351-07:00" testType="13cdc9d9-ddb5-4fa4-a97d-d965ccfc6d4b" outcome="Passed" testListId="8c84fa94-04c1-424b-9868-57a2d4851a1d" relativeResultsDirectory="42b31e56-96ea-4960-9526-792febdfc639" />
    <UnitTestResult executionId="6ac64b99-e8d3-46e7-b7bc-12c3da18816c" testId="2af90fad-0632-2af7-1281-681bcfbca3d2" testName="DataSize2Top3MaxResultSize2" computerName="TFSBUILD11" duration="00:00:00.0049877" startTime="2015-09-28T09:44:52.2844351-07:00" endTime="2015-09-28T09:44:52.2844351-07:00" testType="13cdc9d9-ddb5-4fa4-a97d-d965ccfc6d4b" outcome="Passed" testListId="8c84fa94-04c1-424b-9868-57a2d4851a1d" relativeResultsDirectory="6ac64b99-e8d3-46e7-b7bc-12c3da18816c" />
    <UnitTestResult executionId="00233e89-1c05-4882-b2e0-f7114f65c485" testId="1d442160-80ac-e72e-d89b-7ebd45913986" testName="DataSize0Top1MaxResultSize1" computerName="TFSBUILD11" duration="00:00:00.0050025" startTime="2015-09-28T09:44:52.2844351-07:00" endTime="2015-09-28T09:44:52.2844351-07:00" testType="13cdc9d9-ddb5-4fa4-a97d-d965ccfc6d4b" outcome="Passed" testListId="8c84fa94-04c1-424b-9868-57a2d4851a1d" relativeResultsDirectory="00233e89-1c05-4882-b2e0-f7114f65c485" />
    <UnitTestResult executionId="1222d0f3-f0f8-4a97-89cc-96ba049b2535" testId="dc2ae46e-000d-b557-286e-bc11390611d4" testName="DataSize10Top10MaxResultSize10" computerName="TFSBUILD11" duration="00:00:00.0050491" startTime="2015-09-28T09:44:52.2844351-07:00" endTime="2015-09-28T09:44:52.3000570-07:00" testType="13cdc9d9-ddb5-4fa4-a97d-d965ccfc6d4b" outcome="Passed" testListId="8c84fa94-04c1-424b-9868-57a2d4851a1d" relativeResultsDirectory="1222d0f3-f0f8-4a97-89cc-96ba049b2535" />
    <UnitTestResult executionId="4b432dac-210f-41ac-89a1-0493af0d6138" testId="9dc20e00-9270-bb2c-0568-df4d47e4e1d5" testName="DataSize10Top5MaxResultSize5" computerName="TFSBUILD11" duration="00:00:00.0049837" startTime="2015-09-28T09:44:52.3000570-07:00" endTime="2015-09-28T09:44:52.3000570-07:00" testType="13cdc9d9-ddb5-4fa4-a97d-d965ccfc6d4b" outcome="Passed" testListId="8c84fa94-04c1-424b-9868-57a2d4851a1d" relativeResultsDirectory="4b432dac-210f-41ac-89a1-0493af0d6138" />
    <UnitTestResult executionId="83e7202e-0b22-4fb8-9180-e9afb6da10db" testId="bf8d0b49-f512-9bcb-520f-6ecab174e65d" testName="DataSize5Top10MaxResultSize10" computerName="TFSBUILD11" duration="00:00:00.0050027" startTime="2015-09-28T09:44:52.3000570-07:00" endTime="2015-09-28T09:44:52.3000570-07:00" testType="13cdc9d9-ddb5-4fa4-a97d-d965ccfc6d4b" outcome="Passed" testListId="8c84fa94-04c1-424b-9868-57a2d4851a1d" relativeResultsDirectory="83e7202e-0b22-4fb8-9180-e9afb6da10db" />
    <UnitTestResult executionId="3a6f6e5f-6829-44dc-9a06-8a43d7767441" testId="90d5ddb4-9805-2f36-ebcf-ff1531734bed" testName="Test_CircuitBreaker_Doesnt_Trip_On_SizeLimitExceededException" computerName="TFSBUILD11" duration="00:00:00.0089144" startTime="2015-09-28T09:44:52.3000570-07:00" endTime="2015-09-28T09:44:52.3156831-07:00" testType="13cdc9d9-ddb5-4fa4-a97d-d965ccfc6d4b" outcome="Passed" testListId="8c84fa94-04c1-424b-9868-57a2d4851a1d" relativeResultsDirectory="3a6f6e5f-6829-44dc-9a06-8a43d7767441" />
    <UnitTestResult executionId="35ab9210-a54b-41ea-9c35-a44d8cd17799" testId="b084b3d4-b0a5-01e4-3115-07e26a944133" testName="Test_Force_CircuitBreaker_To_Trip" computerName="TFSBUILD11" startTime="2015-09-28T09:44:52.3156831-07:00" endTime="2015-09-28T09:44:52.3156831-07:00" testType="13cdc9d9-ddb5-4fa4-a97d-d965ccfc6d4b" outcome="NotExecuted" testListId="8c84fa94-04c1-424b-9868-57a2d4851a1d" relativeResultsDirectory="35ab9210-a54b-41ea-9c35-a44d8cd17799" />
    <UnitTestResult executionId="949f40d0-8059-4b1e-aa94-b6c48357ea53" testId="acd4791b-992c-b6ec-fec8-12959a10d09b" testName="TestQueryWorkItem_ReturnsAsOfQueryResultEntries" computerName="TFSBUILD11" startTime="2015-09-28T09:44:52.3156831-07:00" endTime="2015-09-28T09:44:52.3156831-07:00" testType="13cdc9d9-ddb5-4fa4-a97d-d965ccfc6d4b" outcome="NotExecuted" testListId="8c84fa94-04c1-424b-9868-57a2d4851a1d" relativeResultsDirectory="949f40d0-8059-4b1e-aa94-b6c48357ea53" />
    <UnitTestResult executionId="3e589edc-8389-4cb2-8c9f-45f23d5812d6" testId="89180dbe-0cca-a231-f0a3-899ada0a7b8e" testName="TestQueryWorkItem_ReturnsCustomAsOfQueryResultEntries" computerName="TFSBUILD11" startTime="2015-09-28T09:44:52.3156831-07:00" endTime="2015-09-28T09:44:52.3156831-07:00" testType="13cdc9d9-ddb5-4fa4-a97d-d965ccfc6d4b" outcome="NotExecuted" testListId="8c84fa94-04c1-424b-9868-57a2d4851a1d" relativeResultsDirectory="3e589edc-8389-4cb2-8c9f-45f23d5812d6" />
    <UnitTestResult executionId="c464c469-e8ca-47d6-8fad-79bde23669f8" testId="4f2e2bc2-007f-b8f4-4823-4d811b08627e" testName="TestQueryWorkItem_TestSqlParameter" computerName="TFSBUILD11" startTime="2015-09-28T09:44:52.3156831-07:00" endTime="2015-09-28T09:44:52.3156831-07:00" testType="13cdc9d9-ddb5-4fa4-a97d-d965ccfc6d4b" outcome="NotExecuted" testListId="8c84fa94-04c1-424b-9868-57a2d4851a1d" relativeResultsDirectory="c464c469-e8ca-47d6-8fad-79bde23669f8" />
    <UnitTestResult executionId="cccf01c5-ed88-4ae0-b053-8f70ff941857" testId="4114eb73-3670-6cb9-5e7a-20771910256e" testName="TestQueryWorkItem_ReturnsAsOfQueryResultEntries_NullDetail" computerName="TFSBUILD11" duration="00:00:01.1215644" startTime="2015-09-28T09:44:52.3156831-07:00" endTime="2015-09-28T09:44:53.4407494-07:00" testType="13cdc9d9-ddb5-4fa4-a97d-d965ccfc6d4b" outcome="Passed" testListId="8c84fa94-04c1-424b-9868-57a2d4851a1d" relativeResultsDirectory="cccf01c5-ed88-4ae0-b053-8f70ff941857" />
    <UnitTestResult executionId="9fe8765e-ab34-4d1f-ad1c-77b2b8fa9ddc" testId="95a17fcc-7d79-f8ff-63a4-690f7e679dab" testName="TestQueryWorkItem_ReturnsList_NullDetail" computerName="TFSBUILD11" duration="00:00:00.0119867" startTime="2015-09-28T09:44:53.4407494-07:00" endTime="2015-09-28T09:44:53.4407494-07:00" testType="13cdc9d9-ddb5-4fa4-a97d-d965ccfc6d4b" outcome="Passed" testListId="8c84fa94-04c1-424b-9868-57a2d4851a1d" relativeResultsDirectory="9fe8765e-ab34-4d1f-ad1c-77b2b8fa9ddc" />
    <UnitTestResult executionId="e2dbe339-aad2-4f94-82fc-464f170da1ce" testId="9041cdad-3dcf-505b-57fe-41bf3270f936" testName="TestQueryWorkItem_ReturnsList" computerName="TFSBUILD11" duration="00:00:00.0176406" startTime="2015-09-28T09:44:53.4407494-07:00" endTime="2015-09-28T09:44:53.4720016-07:00" testType="13cdc9d9-ddb5-4fa4-a97d-d965ccfc6d4b" outcome="Passed" testListId="8c84fa94-04c1-424b-9868-57a2d4851a1d" relativeResultsDirectory="e2dbe339-aad2-4f94-82fc-464f170da1ce" />
    <UnitTestResult executionId="269d869d-230c-49ff-abb5-da5908262617" testId="a4e78f2e-ace7-f6f4-b35d-4d65a315bc51" testName="TestQueryWorkItem_ReturnsCustomList" computerName="TFSBUILD11" duration="00:00:00.0283601" startTime="2015-09-28T09:44:53.4720016-07:00" endTime="2015-09-28T09:44:53.4876278-07:00" testType="13cdc9d9-ddb5-4fa4-a97d-d965ccfc6d4b" outcome="Passed" testListId="8c84fa94-04c1-424b-9868-57a2d4851a1d" relativeResultsDirectory="269d869d-230c-49ff-abb5-da5908262617" />
    <UnitTestResult executionId="552fc9c7-9c7e-4ee6-afa1-83743f8deca2" testId="51e85f82-fe27-8591-5731-69dd56c6b7f8" testName="TestQueryWorkItem_HasPendingReclassification" computerName="TFSBUILD11" startTime="2015-09-28T09:44:53.4876278-07:00" endTime="2015-09-28T09:44:53.4876278-07:00" testType="13cdc9d9-ddb5-4fa4-a97d-d965ccfc6d4b" outcome="NotExecuted" testListId="8c84fa94-04c1-424b-9868-57a2d4851a1d" relativeResultsDirectory="552fc9c7-9c7e-4ee6-afa1-83743f8deca2" />
    <UnitTestResult executionId="501e7c29-d54f-411c-8bca-c2adbd7d1bf2" testId="b6ac1497-7aa0-a46e-686d-2ec41f955dd1" testName="TestQueryLink" computerName="TFSBUILD11" duration="00:00:00.0683433" startTime="2015-09-28T09:44:53.4876278-07:00" endTime="2015-09-28T09:44:53.5657887-07:00" testType="13cdc9d9-ddb5-4fa4-a97d-d965ccfc6d4b" outcome="Passed" testListId="8c84fa94-04c1-424b-9868-57a2d4851a1d" relativeResultsDirectory="501e7c29-d54f-411c-8bca-c2adbd7d1bf2" />
    <UnitTestResult executionId="a4600b14-eae9-4c14-a53b-8ed18fc43216" testId="f7ca963d-2297-c832-c01b-b3c4a91c0a88" testName="TestCustomQueryLink" computerName="TFSBUILD11" duration="00:00:00.0454052" startTime="2015-09-28T09:44:53.5657887-07:00" endTime="2015-09-28T09:44:53.6126676-07:00" testType="13cdc9d9-ddb5-4fa4-a97d-d965ccfc6d4b" outcome="Passed" testListId="8c84fa94-04c1-424b-9868-57a2d4851a1d" relativeResultsDirectory="a4600b14-eae9-4c14-a53b-8ed18fc43216" />
    <UnitTestResult executionId="500c91dc-2d02-4a11-8d07-a7fa6441dff9" testId="d6d68c95-68e4-7b85-515c-f0edb9fd5261" testName="TestQueryLink_NullDetail" computerName="TFSBUILD11" duration="00:00:00.0342618" startTime="2015-09-28T09:44:53.6126676-07:00" endTime="2015-09-28T09:44:53.6439145-07:00" testType="13cdc9d9-ddb5-4fa4-a97d-d965ccfc6d4b" outcome="Passed" testListId="8c84fa94-04c1-424b-9868-57a2d4851a1d" relativeResultsDirectory="500c91dc-2d02-4a11-8d07-a7fa6441dff9" />
    <UnitTestResult executionId="978ccd7c-85cc-46c5-8e87-c45eeb4144e8" testId="fc5494ec-8f40-cff7-c815-0109cc541f39" testName="WillHandleUtcAsOfDatesWithoutChangingTimezoneForRoundtripFormat" computerName="TFSBUILD11" duration="00:00:00.6033282" startTime="2015-09-28T09:44:53.6439145-07:00" endTime="2015-09-28T09:44:54.2533075-07:00" testType="13cdc9d9-ddb5-4fa4-a97d-d965ccfc6d4b" outcome="Passed" testListId="8c84fa94-04c1-424b-9868-57a2d4851a1d" relativeResultsDirectory="978ccd7c-85cc-46c5-8e87-c45eeb4144e8" />
    <UnitTestResult executionId="de099389-5137-4149-bf59-a7838b7d4792" testId="15ece649-077d-c855-e38f-4fded3b6ba50" testName="WillHandleUtcAsOfDatesWithoutChangingTimezoneForRFC1123Format" computerName="TFSBUILD11" duration="00:00:00.0009068" startTime="2015-09-28T09:44:54.2533075-07:00" endTime="2015-09-28T09:44:54.2533075-07:00" testType="13cdc9d9-ddb5-4fa4-a97d-d965ccfc6d4b" outcome="Passed" testListId="8c84fa94-04c1-424b-9868-57a2d4851a1d" relativeResultsDirectory="de099389-5137-4149-bf59-a7838b7d4792" />
    <UnitTestResult executionId="2c6cadfb-9c7c-4cce-aba0-877f3e115ccb" testId="3539c9d9-71fa-c0af-a0e5-466a4f04b716" testName="WillHandleUtcAsOfDatesWithoutChangingTimezoneForUniversalSortableFormat" computerName="TFSBUILD11" duration="00:00:00.0008174" startTime="2015-09-28T09:44:54.2533075-07:00" endTime="2015-09-28T09:44:54.2533075-07:00" testType="13cdc9d9-ddb5-4fa4-a97d-d965ccfc6d4b" outcome="Passed" testListId="8c84fa94-04c1-424b-9868-57a2d4851a1d" relativeResultsDirectory="2c6cadfb-9c7c-4cce-aba0-877f3e115ccb" />
    <UnitTestResult executionId="fede9df2-47c8-40f6-9c60-1b6676a16e77" testId="d2d8b349-569f-2e3e-7e24-9d1b34715657" testName="WillHandleLocalAsOfDatesAndTranslateToUserTimezoneForRoundtripFormat" computerName="TFSBUILD11" duration="00:00:00.0030580" startTime="2015-09-28T09:44:54.2533075-07:00" endTime="2015-09-28T09:44:54.2533075-07:00" testType="13cdc9d9-ddb5-4fa4-a97d-d965ccfc6d4b" outcome="Passed" testListId="8c84fa94-04c1-424b-9868-57a2d4851a1d" relativeResultsDirectory="fede9df2-47c8-40f6-9c60-1b6676a16e77" />
    <UnitTestResult executionId="4dcdb125-5b30-4f74-9dfb-69aa2a790ab1" testId="81b82f2a-8d55-b388-6193-061be9cc0749" testName="WillHandleLocalAsOfDatesAndTranslateToUserTimezoneForFullFormat" computerName="TFSBUILD11" duration="00:00:00.0010097" startTime="2015-09-28T09:44:54.2533075-07:00" endTime="2015-09-28T09:44:54.2533075-07:00" testType="13cdc9d9-ddb5-4fa4-a97d-d965ccfc6d4b" outcome="Passed" testListId="8c84fa94-04c1-424b-9868-57a2d4851a1d" relativeResultsDirectory="4dcdb125-5b30-4f74-9dfb-69aa2a790ab1" />
    <UnitTestResult executionId="615e4ee0-3d7d-4569-a860-9c0eb2c96871" testId="4c2c518c-cdc8-5dac-68dc-5ada3143cdf1" testName="WillHandleLocalAsOfDatesAndTranslateToUserTimezoneForGeneralFormat" computerName="TFSBUILD11" duration="00:00:00.0009864" startTime="2015-09-28T09:44:54.2533075-07:00" endTime="2015-09-28T09:44:54.2533075-07:00" testType="13cdc9d9-ddb5-4fa4-a97d-d965ccfc6d4b" outcome="Passed" testListId="8c84fa94-04c1-424b-9868-57a2d4851a1d" relativeResultsDirectory="615e4ee0-3d7d-4569-a860-9c0eb2c96871" />
    <UnitTestResult executionId="d2f970a0-8c7e-4d7f-94a2-0e9462825843" testId="7733ea9f-d257-48b7-daa2-20101184fb5f" testName="WillHandleLocalAsOfDatesAndTranslateToUserTimezoneForDefaultFormat" computerName="TFSBUILD11" duration="00:00:00.0013863" startTime="2015-09-28T09:44:54.2533075-07:00" endTime="2015-09-28T09:44:54.2533075-07:00" testType="13cdc9d9-ddb5-4fa4-a97d-d965ccfc6d4b" outcome="Passed" testListId="8c84fa94-04c1-424b-9868-57a2d4851a1d" relativeResultsDirectory="d2f970a0-8c7e-4d7f-94a2-0e9462825843" />
    <UnitTestResult executionId="7c4a7268-69e8-469e-88f0-ff465d18a3c7" testId="0f76668e-afe7-476f-7692-5bfb85dc7143" testName="ResolvedCustomMacroAddedToContext" computerName="TFSBUILD11" duration="00:00:00.0037691" startTime="2015-09-28T09:44:54.2533075-07:00" endTime="2015-09-28T09:44:54.2689342-07:00" testType="13cdc9d9-ddb5-4fa4-a97d-d965ccfc6d4b" outcome="Passed" testListId="8c84fa94-04c1-424b-9868-57a2d4851a1d" relativeResultsDirectory="7c4a7268-69e8-469e-88f0-ff465d18a3c7" />
    <UnitTestResult executionId="836c12d1-0559-4d53-9eaa-168af5d3e323" testId="1dbe5fcf-7cfe-b516-84c2-08483e413d7c" testName="UnresolvedMacroReturnedAsNull" computerName="TFSBUILD11" duration="00:00:00.0015550" startTime="2015-09-28T09:44:54.2689342-07:00" endTime="2015-09-28T09:44:54.2689342-07:00" testType="13cdc9d9-ddb5-4fa4-a97d-d965ccfc6d4b" outcome="Passed" testListId="8c84fa94-04c1-424b-9868-57a2d4851a1d" relativeResultsDirectory="836c12d1-0559-4d53-9eaa-168af5d3e323" />
    <UnitTestResult executionId="23fdef85-8f06-46ff-832f-7fc67f09ed92" testId="0d26d294-df5a-458c-4d25-d5b8eb38296e" testName="MacroValidationReturnsDefault" computerName="TFSBUILD11" duration="00:00:00.3503964" startTime="2015-09-28T09:44:54.2689342-07:00" endTime="2015-09-28T09:44:54.6127277-07:00" testType="13cdc9d9-ddb5-4fa4-a97d-d965ccfc6d4b" outcome="Passed" testListId="8c84fa94-04c1-424b-9868-57a2d4851a1d" relativeResultsDirectory="23fdef85-8f06-46ff-832f-7fc67f09ed92" />
    <UnitTestResult executionId="a4832bd7-29ea-47de-872a-c476058e0515" testId="bd4d6fe2-87ee-4937-b079-88fe51209376" testName="TestFindTable_WorkItems" computerName="TFSBUILD11" duration="00:00:00.1029720" startTime="2015-09-28T09:44:54.6127277-07:00" endTime="2015-09-28T09:44:54.7221090-07:00" testType="13cdc9d9-ddb5-4fa4-a97d-d965ccfc6d4b" outcome="Passed" testListId="8c84fa94-04c1-424b-9868-57a2d4851a1d" relativeResultsDirectory="a4832bd7-29ea-47de-872a-c476058e0515" />
    <UnitTestResult executionId="9cbd840d-d92c-456c-8d93-2b74de4dff2a" testId="fe18cdfa-4fc1-a558-bad6-a96bcca7f5c1" testName="TestFindTable_Links" computerName="TFSBUILD11" duration="00:00:00.0710438" startTime="2015-09-28T09:44:54.7221090-07:00" endTime="2015-09-28T09:44:54.7846118-07:00" testType="13cdc9d9-ddb5-4fa4-a97d-d965ccfc6d4b" outcome="Passed" testListId="8c84fa94-04c1-424b-9868-57a2d4851a1d" relativeResultsDirectory="9cbd840d-d92c-456c-8d93-2b74de4dff2a" />
    <UnitTestResult executionId="916c0f8b-64d2-49cc-85bc-4a1b5824cba5" testId="b9f9c9c4-0c49-05ff-f841-e5236327fc76" testName="TestFindTable_NullResult" computerName="TFSBUILD11" duration="00:00:00.0734838" startTime="2015-09-28T09:44:54.7846118-07:00" endTime="2015-09-28T09:44:54.8627432-07:00" testType="13cdc9d9-ddb5-4fa4-a97d-d965ccfc6d4b" outcome="Passed" testListId="8c84fa94-04c1-424b-9868-57a2d4851a1d" relativeResultsDirectory="916c0f8b-64d2-49cc-85bc-4a1b5824cba5" />
    <UnitTestResult executionId="62ea2e88-235e-4b8c-804c-bc9d85ccfc16" testId="c8bcd66f-d288-b482-4f96-86f445f8b5b5" testName="TestFindTable_NullString" computerName="TFSBUILD11" duration="00:00:00.0648068" startTime="2015-09-28T09:44:54.8627432-07:00" endTime="2015-09-28T09:44:54.9252459-07:00" testType="13cdc9d9-ddb5-4fa4-a97d-d965ccfc6d4b" outcome="Passed" testListId="8c84fa94-04c1-424b-9868-57a2d4851a1d" relativeResultsDirectory="62ea2e88-235e-4b8c-804c-bc9d85ccfc16" />
    <UnitTestResult executionId="bdf448fa-e094-4a8e-9190-cf76da319f42" testId="8970e2b9-837b-aa28-b3f0-da2e2c820d72" testName="TestFindField_EmptyString" computerName="TFSBUILD11" duration="00:00:00.0745169" startTime="2015-09-28T09:44:54.9252459-07:00" endTime="2015-09-28T09:44:55.0033819-07:00" testType="13cdc9d9-ddb5-4fa4-a97d-d965ccfc6d4b" outcome="Passed" testListId="8c84fa94-04c1-424b-9868-57a2d4851a1d" relativeResultsDirectory="bdf448fa-e094-4a8e-9190-cf76da319f42" />
    <UnitTestResult executionId="fa87e854-b782-4d01-922a-99e933117993" testId="76e1c6d3-4a68-0ab4-b18b-20a6b08ed76f" testName="TestFindField_NullString" computerName="TFSBUILD11" duration="00:00:00.1494931" startTime="2015-09-28T09:44:55.0033819-07:00" endTime="2015-09-28T09:44:55.1596472-07:00" testType="13cdc9d9-ddb5-4fa4-a97d-d965ccfc6d4b" outcome="Passed" testListId="8c84fa94-04c1-424b-9868-57a2d4851a1d" relativeResultsDirectory="fa87e854-b782-4d01-922a-99e933117993" />
    <UnitTestResult executionId="dad62230-0882-48f0-820f-a9ccbcc277d0" testId="0b76489f-8d1d-4e36-7825-251bd9070f83" testName="TestFindField_EmptyPrefix" computerName="TFSBUILD11" duration="00:00:00.1352940" startTime="2015-09-28T09:44:55.1596472-07:00" endTime="2015-09-28T09:44:55.2846527-07:00" testType="13cdc9d9-ddb5-4fa4-a97d-d965ccfc6d4b" outcome="Passed" testListId="8c84fa94-04c1-424b-9868-57a2d4851a1d" relativeResultsDirectory="dad62230-0882-48f0-820f-a9ccbcc277d0" />
    <UnitTestResult executionId="71c78da1-1cec-4623-89a2-f1245db7b070" testId="1e569058-6f0f-f61b-85cb-a7f9a053afbb" testName="TestFindField_MatchingPrefix" computerName="TFSBUILD11" duration="00:00:00.1043155" startTime="2015-09-28T09:44:55.2846527-07:00" endTime="2015-09-28T09:44:55.3940332-07:00" testType="13cdc9d9-ddb5-4fa4-a97d-d965ccfc6d4b" outcome="Passed" testListId="8c84fa94-04c1-424b-9868-57a2d4851a1d" relativeResultsDirectory="71c78da1-1cec-4623-89a2-f1245db7b070" />
    <UnitTestResult executionId="473c9e32-e87a-42e7-8c19-f60e0b660450" testId="99d040fb-3df2-3718-71f1-498747dfce2b" testName="TestFindField_ConflictingPrefix" computerName="TFSBUILD11" duration="00:00:00.0887055" startTime="2015-09-28T09:44:55.3940332-07:00" endTime="2015-09-28T09:44:55.4877885-07:00" testType="13cdc9d9-ddb5-4fa4-a97d-d965ccfc6d4b" outcome="Passed" testListId="8c84fa94-04c1-424b-9868-57a2d4851a1d" relativeResultsDirectory="473c9e32-e87a-42e7-8c19-f60e0b660450" />
    <UnitTestResult executionId="9739cd3d-8675-46c2-8963-4410522b17f3" testId="7609b421-0cf0-7913-1ebb-96a04362222c" testName="TestFindField_NullTableTag" computerName="TFSBUILD11" duration="00:00:00.0771844" startTime="2015-09-28T09:44:55.4877885-07:00" endTime="2015-09-28T09:44:55.5659184-07:00" testType="13cdc9d9-ddb5-4fa4-a97d-d965ccfc6d4b" outcome="Passed" testListId="8c84fa94-04c1-424b-9868-57a2d4851a1d" relativeResultsDirectory="9739cd3d-8675-46c2-8963-4410522b17f3" />
    <UnitTestResult executionId="b5f96e79-e748-44e0-ad4a-5f232e2a00a8" testId="93c7019d-9f8f-7573-0164-a500db029545" testName="TestFindField_WorkItemExtension" computerName="TFSBUILD11" duration="00:00:00.0730961" startTime="2015-09-28T09:44:55.5659184-07:00" endTime="2015-09-28T09:44:55.6284212-07:00" testType="13cdc9d9-ddb5-4fa4-a97d-d965ccfc6d4b" outcome="Passed" testListId="8c84fa94-04c1-424b-9868-57a2d4851a1d" relativeResultsDirectory="b5f96e79-e748-44e0-ad4a-5f232e2a00a8" />
    <UnitTestResult executionId="137f86c8-95d7-48a8-a566-c85e66eed30f" testId="bc655d46-bfd9-2e6a-1a3b-ae0367db2470" testName="TestFindField_LinkExtension" computerName="TFSBUILD11" duration="00:00:00.0664952" startTime="2015-09-28T09:44:55.6284212-07:00" endTime="2015-09-28T09:44:55.7065517-07:00" testType="13cdc9d9-ddb5-4fa4-a97d-d965ccfc6d4b" outcome="Passed" testListId="8c84fa94-04c1-424b-9868-57a2d4851a1d" relativeResultsDirectory="137f86c8-95d7-48a8-a566-c85e66eed30f" />
    <UnitTestResult executionId="8d4bbca5-218f-4e14-8a8d-185838fc701f" testId="02051ebb-0765-7223-6771-fe0dbbe7cd42" testName="TestFindVariable_NullName" computerName="TFSBUILD11" duration="00:00:00.0593770" startTime="2015-09-28T09:44:55.7065517-07:00" endTime="2015-09-28T09:44:55.7534292-07:00" testType="13cdc9d9-ddb5-4fa4-a97d-d965ccfc6d4b" outcome="Passed" testListId="8c84fa94-04c1-424b-9868-57a2d4851a1d" relativeResultsDirectory="8d4bbca5-218f-4e14-8a8d-185838fc701f" />
    <UnitTestResult executionId="9daa2308-7d64-4808-b905-d3ccfefb546e" testId="70dcee1c-7c7f-2a81-4dc1-bf29aa784dfa" testName="TestFindVariable_EmptyName" computerName="TFSBUILD11" duration="00:00:00.0571735" startTime="2015-09-28T09:44:55.7534292-07:00" endTime="2015-09-28T09:44:55.8159328-07:00" testType="13cdc9d9-ddb5-4fa4-a97d-d965ccfc6d4b" outcome="Passed" testListId="8c84fa94-04c1-424b-9868-57a2d4851a1d" relativeResultsDirectory="9daa2308-7d64-4808-b905-d3ccfefb546e" />
    <UnitTestResult executionId="7c2c1dbe-5031-48d5-846e-c90d23e1222c" testId="89cda6c9-17d2-1bfc-b49e-ba56a4ac9987" testName="TestFindVariable_Me" computerName="TFSBUILD11" duration="00:00:00.1144656" startTime="2015-09-28T09:44:55.8159328-07:00" endTime="2015-09-28T09:44:55.9253310-07:00" testType="13cdc9d9-ddb5-4fa4-a97d-d965ccfc6d4b" outcome="Passed" testListId="8c84fa94-04c1-424b-9868-57a2d4851a1d" relativeResultsDirectory="7c2c1dbe-5031-48d5-846e-c90d23e1222c" />
    <UnitTestResult executionId="fcf82eea-65f9-4ebc-b25c-131fa6413364" testId="b5f22094-fcca-d4d8-4b40-278183ce1276" testName="TestFindVariable_Today" computerName="TFSBUILD11" duration="00:00:00.1421090" startTime="2015-09-28T09:44:55.9253310-07:00" endTime="2015-09-28T09:44:56.0815841-07:00" testType="13cdc9d9-ddb5-4fa4-a97d-d965ccfc6d4b" outcome="Passed" testListId="8c84fa94-04c1-424b-9868-57a2d4851a1d" relativeResultsDirectory="fcf82eea-65f9-4ebc-b25c-131fa6413364" />
    <UnitTestResult executionId="977750cc-5dfb-4b5f-8a58-1773b15b3287" testId="a8c3fc24-3346-e5d4-5714-5ae5f01ea119" testName="TestFindVariable_Project" computerName="TFSBUILD11" duration="00:00:00.0970966" startTime="2015-09-28T09:44:56.0815841-07:00" endTime="2015-09-28T09:44:56.1753388-07:00" testType="13cdc9d9-ddb5-4fa4-a97d-d965ccfc6d4b" outcome="Passed" testListId="8c84fa94-04c1-424b-9868-57a2d4851a1d" relativeResultsDirectory="977750cc-5dfb-4b5f-8a58-1773b15b3287" />
    <UnitTestResult executionId="f404753d-7746-4d8a-9d04-8b33ef217963" testId="454d3c13-31a9-ab5b-a2e3-a9e2c11219d4" testName="TestFindVariable_NullContext" computerName="TFSBUILD11" duration="00:00:00.0948825" startTime="2015-09-28T09:44:56.1753388-07:00" endTime="2015-09-28T09:44:56.2690952-07:00" testType="13cdc9d9-ddb5-4fa4-a97d-d965ccfc6d4b" outcome="Passed" testListId="8c84fa94-04c1-424b-9868-57a2d4851a1d" relativeResultsDirectory="f404753d-7746-4d8a-9d04-8b33ef217963" />
    <UnitTestResult executionId="e79595d6-9a82-4d71-991f-10500a2990e1" testId="dba2068a-5b53-8460-e551-6f0891dd1215" testName="TestGetVariableDataType_NullContext" computerName="TFSBUILD11" duration="00:00:00.0816831" startTime="2015-09-28T09:44:56.2690952-07:00" endTime="2015-09-28T09:44:56.3472234-07:00" testType="13cdc9d9-ddb5-4fa4-a97d-d965ccfc6d4b" outcome="Passed" testListId="8c84fa94-04c1-424b-9868-57a2d4851a1d" relativeResultsDirectory="e79595d6-9a82-4d71-991f-10500a2990e1" />
    <UnitTestResult executionId="301def42-1c1b-42fe-a526-8fcca1d46d46" testId="a497c5e2-41a0-e7b5-5f89-7bcf39965655" testName="TestGetVariableDataType_String" computerName="TFSBUILD11" duration="00:00:00.0727371" startTime="2015-09-28T09:44:56.3472234-07:00" endTime="2015-09-28T09:44:56.4253540-07:00" testType="13cdc9d9-ddb5-4fa4-a97d-d965ccfc6d4b" outcome="Passed" testListId="8c84fa94-04c1-424b-9868-57a2d4851a1d" relativeResultsDirectory="301def42-1c1b-42fe-a526-8fcca1d46d46" />
    <UnitTestResult executionId="0daf08e2-9266-495b-bb56-c05042853ce6" testId="d9880993-a823-877d-b6d2-b559e43716c1" testName="TestGetVariableDataType_Date" computerName="TFSBUILD11" duration="00:00:00.0645553" startTime="2015-09-28T09:44:56.4253540-07:00" endTime="2015-09-28T09:44:56.4878579-07:00" testType="13cdc9d9-ddb5-4fa4-a97d-d965ccfc6d4b" outcome="Passed" testListId="8c84fa94-04c1-424b-9868-57a2d4851a1d" relativeResultsDirectory="0daf08e2-9266-495b-bb56-c05042853ce6" />
    <UnitTestResult executionId="b3be60a6-01d1-4456-b014-6a3e92ee423b" testId="c67acfea-046f-eaa0-239b-5fbc742f9075" testName="TestGetVariableDataType_Numeric" computerName="TFSBUILD11" duration="00:00:00.0611414" startTime="2015-09-28T09:44:56.4878579-07:00" endTime="2015-09-28T09:44:56.5503612-07:00" testType="13cdc9d9-ddb5-4fa4-a97d-d965ccfc6d4b" outcome="Passed" testListId="8c84fa94-04c1-424b-9868-57a2d4851a1d" relativeResultsDirectory="b3be60a6-01d1-4456-b014-6a3e92ee423b" />
    <UnitTestResult executionId="d42936c8-21d3-43ae-b83a-3aa34d99ca46" testId="2635080a-ed02-86a2-8a0d-ae53e0d29882" testName="TestGetVariableDataType_Me" computerName="TFSBUILD11" duration="00:00:00.0570082" startTime="2015-09-28T09:44:56.5503612-07:00" endTime="2015-09-28T09:44:56.6128648-07:00" testType="13cdc9d9-ddb5-4fa4-a97d-d965ccfc6d4b" outcome="Passed" testListId="8c84fa94-04c1-424b-9868-57a2d4851a1d" relativeResultsDirectory="d42936c8-21d3-43ae-b83a-3aa34d99ca46" />
    <UnitTestResult executionId="c103d1e7-2660-4afc-a810-8eea09d39b89" testId="3da031ff-c961-dca6-9ab4-6effe4e22187" testName="TestGetVariableDataType_Today" computerName="TFSBUILD11" duration="00:00:00.0884404" startTime="2015-09-28T09:44:56.6128648-07:00" endTime="2015-09-28T09:44:56.6910104-07:00" testType="13cdc9d9-ddb5-4fa4-a97d-d965ccfc6d4b" outcome="Passed" testListId="8c84fa94-04c1-424b-9868-57a2d4851a1d" relativeResultsDirectory="c103d1e7-2660-4afc-a810-8eea09d39b89" />
    <UnitTestResult executionId="093a9acc-992d-4961-8752-d3f69c02f691" testId="bcfb988d-c9ac-790d-eb8c-63adb92b2287" testName="TestVerifyNode_FieldCondition" computerName="TFSBUILD11" duration="00:00:00.1728801" startTime="2015-09-28T09:44:56.6910104-07:00" endTime="2015-09-28T09:44:56.8628928-07:00" testType="13cdc9d9-ddb5-4fa4-a97d-d965ccfc6d4b" outcome="Passed" testListId="8c84fa94-04c1-424b-9868-57a2d4851a1d" relativeResultsDirectory="093a9acc-992d-4961-8752-d3f69c02f691" />
    <UnitTestResult executionId="eeb54ff7-df92-4ddc-bc7a-3df199622059" testId="2fa3492a-9dc4-3a1c-7a1c-a81085d436e1" testName="TestVerifyNode_In" computerName="TFSBUILD11" duration="00:00:00.1197190" startTime="2015-09-28T09:44:56.8628928-07:00" endTime="2015-09-28T09:44:56.9878966-07:00" testType="13cdc9d9-ddb5-4fa4-a97d-d965ccfc6d4b" outcome="Passed" testListId="8c84fa94-04c1-424b-9868-57a2d4851a1d" relativeResultsDirectory="eeb54ff7-df92-4ddc-bc7a-3df199622059" />
    <UnitTestResult executionId="0ea5fa10-085d-48a0-b138-a3f7af0ce9fe" testId="33a7b50c-631c-d843-0a7c-9e96f865d461" testName="TestVerifyNode_Ever" computerName="TFSBUILD11" duration="00:00:00.0956596" startTime="2015-09-28T09:44:56.9878966-07:00" endTime="2015-09-28T09:44:57.0816515-07:00" testType="13cdc9d9-ddb5-4fa4-a97d-d965ccfc6d4b" outcome="Passed" testListId="8c84fa94-04c1-424b-9868-57a2d4851a1d" relativeResultsDirectory="0ea5fa10-085d-48a0-b138-a3f7af0ce9fe" />
    <UnitTestResult executionId="c9802186-6c8c-4432-bf1e-e0e0cd71ff9d" testId="5bd15c5f-73f4-0f05-a748-4df5091ed1ee" testName="TestVerifyNode_FieldList" computerName="TFSBUILD11" duration="00:00:00.0784908" startTime="2015-09-28T09:44:57.0816515-07:00" endTime="2015-09-28T09:44:57.1597812-07:00" testType="13cdc9d9-ddb5-4fa4-a97d-d965ccfc6d4b" outcome="Passed" testListId="8c84fa94-04c1-424b-9868-57a2d4851a1d" relativeResultsDirectory="c9802186-6c8c-4432-bf1e-e0e0cd71ff9d" />
    <UnitTestResult executionId="8e2929bb-6f2f-400f-b5f5-60e00220e46c" testId="a5a1b99e-25a8-5c95-f31c-a70cbd98cde7" testName="TestVerifyNode_OrderFieldList" computerName="TFSBUILD11" duration="00:00:00.0844164" startTime="2015-09-28T09:44:57.1597812-07:00" endTime="2015-09-28T09:44:57.2535365-07:00" testType="13cdc9d9-ddb5-4fa4-a97d-d965ccfc6d4b" outcome="Passed" testListId="8c84fa94-04c1-424b-9868-57a2d4851a1d" relativeResultsDirectory="8e2929bb-6f2f-400f-b5f5-60e00220e46c" />
    <UnitTestResult executionId="ca132aa7-2138-49a0-a65f-8b4d3f78b1d5" testId="2eca8618-6f22-2e24-af29-2bdb868fbae2" testName="TestVerifyNode_GroupFieldList" computerName="TFSBUILD11" duration="00:00:00.0636778" startTime="2015-09-28T09:44:57.2535365-07:00" endTime="2015-09-28T09:44:57.3160415-07:00" testType="13cdc9d9-ddb5-4fa4-a97d-d965ccfc6d4b" outcome="Passed" testListId="8c84fa94-04c1-424b-9868-57a2d4851a1d" relativeResultsDirectory="ca132aa7-2138-49a0-a65f-8b4d3f78b1d5" />
    <UnitTestResult executionId="3ddf676b-75c1-4fc2-a0f3-e725f662e6df" testId="a06e9bc1-e1e9-9174-a4e4-c52a8a80ddb6" testName="TestVerifyNode_Arithmetic" computerName="TFSBUILD11" duration="00:00:00.0715384" startTime="2015-09-28T09:44:57.3160415-07:00" endTime="2015-09-28T09:44:57.3785448-07:00" testType="13cdc9d9-ddb5-4fa4-a97d-d965ccfc6d4b" outcome="Passed" testListId="8c84fa94-04c1-424b-9868-57a2d4851a1d" relativeResultsDirectory="3ddf676b-75c1-4fc2-a0f3-e725f662e6df" />
    <UnitTestResult executionId="2fce0fea-82ed-446e-8840-7e7e53834d16" testId="bddc11af-472f-b284-f561-5cae4cec0e4e" testName="TestVerifyNode_Mode" computerName="TFSBUILD11" duration="00:00:00.0566905" startTime="2015-09-28T09:44:57.3785448-07:00" endTime="2015-09-28T09:44:57.4410504-07:00" testType="13cdc9d9-ddb5-4fa4-a97d-d965ccfc6d4b" outcome="Passed" testListId="8c84fa94-04c1-424b-9868-57a2d4851a1d" relativeResultsDirectory="2fce0fea-82ed-446e-8840-7e7e53834d16" />
    <UnitTestResult executionId="4ba93a05-5533-4879-a0c4-7fbf2b9e1801" testId="71710613-b414-625f-4492-8a8ee610196a" testName="TestVerifyNode_Select" computerName="TFSBUILD11" duration="00:00:00.0649453" startTime="2015-09-28T09:44:57.4410504-07:00" endTime="2015-09-28T09:44:57.5035537-07:00" testType="13cdc9d9-ddb5-4fa4-a97d-d965ccfc6d4b" outcome="Passed" testListId="8c84fa94-04c1-424b-9868-57a2d4851a1d" relativeResultsDirectory="4ba93a05-5533-4879-a0c4-7fbf2b9e1801" />
    <UnitTestResult executionId="db2f82dc-e77e-4224-be38-741620030d01" testId="3d3cc790-6d21-dbf9-c323-8e39aaf0a7c6" testName="TestFieldCondition_In" computerName="TFSBUILD11" duration="00:00:00.1889048" startTime="2015-09-28T09:44:57.5035537-07:00" endTime="2015-09-28T09:44:57.6910784-07:00" testType="13cdc9d9-ddb5-4fa4-a97d-d965ccfc6d4b" outcome="Passed" testListId="8c84fa94-04c1-424b-9868-57a2d4851a1d" relativeResultsDirectory="db2f82dc-e77e-4224-be38-741620030d01" />
    <UnitTestResult executionId="24e4a3fb-34ac-4a21-bd2b-b30a8e3a2194" testId="036a79ee-8257-0c3b-62c3-1f52091d2ca2" testName="TestFieldCondition_Contains" computerName="TFSBUILD11" duration="00:00:00.1283439" startTime="2015-09-28T09:44:57.6910784-07:00" endTime="2015-09-28T09:44:57.8317088-07:00" testType="13cdc9d9-ddb5-4fa4-a97d-d965ccfc6d4b" outcome="Passed" testListId="8c84fa94-04c1-424b-9868-57a2d4851a1d" relativeResultsDirectory="24e4a3fb-34ac-4a21-bd2b-b30a8e3a2194" />
    <UnitTestResult executionId="fcc4db5d-c5b1-488f-8a42-29195ea677a7" testId="d6d1e935-1dc2-bc73-c017-fa5002cc629d" testName="TestFieldCondition_Contains_EmptyString" computerName="TFSBUILD11" duration="00:00:00.1001151" startTime="2015-09-28T09:44:57.8317088-07:00" endTime="2015-09-28T09:44:57.9254638-07:00" testType="13cdc9d9-ddb5-4fa4-a97d-d965ccfc6d4b" outcome="Passed" testListId="8c84fa94-04c1-424b-9868-57a2d4851a1d" relativeResultsDirectory="fcc4db5d-c5b1-488f-8a42-29195ea677a7" />
    <UnitTestResult executionId="46d2a2c2-702a-41a2-9a6c-425a78f8adfe" testId="16d5a898-3912-8d6d-6d6d-bf75e99ba161" testName="TestFieldCondition_IsNonNullable" computerName="TFSBUILD11" duration="00:00:00.0862214" startTime="2015-09-28T09:44:57.9254638-07:00" endTime="2015-09-28T09:44:58.0192185-07:00" testType="13cdc9d9-ddb5-4fa4-a97d-d965ccfc6d4b" outcome="Passed" testListId="8c84fa94-04c1-424b-9868-57a2d4851a1d" relativeResultsDirectory="46d2a2c2-702a-41a2-9a6c-425a78f8adfe" />
    <UnitTestResult executionId="aeebb5af-9ffa-4ea4-af5d-31dfb46bd3a5" testId="04a92cd7-572f-3d1a-212b-999ce2f7a9e2" testName="TestFieldCondition_IsNonNullable_EmptyString" computerName="TFSBUILD11" duration="00:00:00.0807035" startTime="2015-09-28T09:44:58.0192185-07:00" endTime="2015-09-28T09:44:58.0973479-07:00" testType="13cdc9d9-ddb5-4fa4-a97d-d965ccfc6d4b" outcome="Passed" testListId="8c84fa94-04c1-424b-9868-57a2d4851a1d" relativeResultsDirectory="aeebb5af-9ffa-4ea4-af5d-31dfb46bd3a5" />
    <UnitTestResult executionId="464c9566-ae92-40f2-b527-770b08b0e2e6" testId="cd0745fe-4ad1-78da-5886-1eb580b9cdd5" testName="TestFieldCondition_PortfolioProjectId" computerName="TFSBUILD11" duration="00:00:00.0736365" startTime="2015-09-28T09:44:58.0973479-07:00" endTime="2015-09-28T09:44:58.1598509-07:00" testType="13cdc9d9-ddb5-4fa4-a97d-d965ccfc6d4b" outcome="Passed" testListId="8c84fa94-04c1-424b-9868-57a2d4851a1d" relativeResultsDirectory="464c9566-ae92-40f2-b527-770b08b0e2e6" />
    <UnitTestResult executionId="f1e9209d-f38e-495e-8c9d-a1379dbbf97d" testId="86481061-e20d-ac57-4741-ba5265d41bde" testName="TestFieldCondition_DayPrecisionEquals" computerName="TFSBUILD11" duration="00:00:00.0700417" startTime="2015-09-28T09:44:58.1598509-07:00" endTime="2015-09-28T09:44:58.2379817-07:00" testType="13cdc9d9-ddb5-4fa4-a97d-d965ccfc6d4b" outcome="Passed" testListId="8c84fa94-04c1-424b-9868-57a2d4851a1d" relativeResultsDirectory="f1e9209d-f38e-495e-8c9d-a1379dbbf97d" />
    <UnitTestResult executionId="1ac9a7eb-ed6b-48a1-a422-405f676fa550" testId="fae57342-961d-e2f5-a502-420dfa0204cd" testName="TestFieldCondition_DayPrecisionNotEquals" computerName="TFSBUILD11" duration="00:00:00.0618713" startTime="2015-09-28T09:44:58.2379817-07:00" endTime="2015-09-28T09:44:58.3004848-07:00" testType="13cdc9d9-ddb5-4fa4-a97d-d965ccfc6d4b" outcome="Passed" testListId="8c84fa94-04c1-424b-9868-57a2d4851a1d" relativeResultsDirectory="1ac9a7eb-ed6b-48a1-a422-405f676fa550" />
    <UnitTestResult executionId="47e4387a-2279-4fcb-a224-2588f594a0a6" testId="773b7dbe-bedf-dbcf-effe-eaa4f149ebf5" testName="TestFieldCondition_DayPrecisionLess" computerName="TFSBUILD11" duration="00:00:00.1134501" startTime="2015-09-28T09:44:58.3004848-07:00" endTime="2015-09-28T09:44:58.4098553-07:00" testType="13cdc9d9-ddb5-4fa4-a97d-d965ccfc6d4b" outcome="Passed" testListId="8c84fa94-04c1-424b-9868-57a2d4851a1d" relativeResultsDirectory="47e4387a-2279-4fcb-a224-2588f594a0a6" />
    <UnitTestResult executionId="cb69581e-8624-414f-9618-f36a0e4352d6" testId="52de58bc-525c-8f28-263b-415df4fcea29" testName="TestFieldCondition_DayPrecisionGreater" computerName="TFSBUILD11" duration="00:00:00.1540624" startTime="2015-09-28T09:44:58.4098553-07:00" endTime="2015-09-28T09:44:58.5661150-07:00" testType="13cdc9d9-ddb5-4fa4-a97d-d965ccfc6d4b" outcome="Passed" testListId="8c84fa94-04c1-424b-9868-57a2d4851a1d" relativeResultsDirectory="cb69581e-8624-414f-9618-f36a0e4352d6" />
    <UnitTestResult executionId="a4608009-ac88-4c9b-a0b4-f5ded92deed9" testId="d95e3ede-ee53-468d-83a6-8be341108b30" testName="TestFieldCondition_DayPrecisionLessOrEquals" computerName="TFSBUILD11" duration="00:00:00.1098823" startTime="2015-09-28T09:44:58.5661150-07:00" endTime="2015-09-28T09:44:58.6754978-07:00" testType="13cdc9d9-ddb5-4fa4-a97d-d965ccfc6d4b" outcome="Passed" testListId="8c84fa94-04c1-424b-9868-57a2d4851a1d" relativeResultsDirectory="a4608009-ac88-4c9b-a0b4-f5ded92deed9" />
    <UnitTestResult executionId="f5bef7e3-366d-499e-8f4f-7b08b7672d4f" testId="f0d3ff45-290b-365b-93fa-2a5f087e9583" testName="TestVariable_Me" computerName="TFSBUILD11" duration="00:00:00.0882583" startTime="2015-09-28T09:44:58.6754978-07:00" endTime="2015-09-28T09:44:58.7692539-07:00" testType="13cdc9d9-ddb5-4fa4-a97d-d965ccfc6d4b" outcome="Passed" testListId="8c84fa94-04c1-424b-9868-57a2d4851a1d" relativeResultsDirectory="f5bef7e3-366d-499e-8f4f-7b08b7672d4f" />
    <UnitTestResult executionId="9e9e0d98-97a6-4463-b125-c477d7088469" testId="8888851b-6e7a-3b28-1395-79bbc170bc4a" testName="TestVariable_Today" computerName="TFSBUILD11" duration="00:00:00.0831329" startTime="2015-09-28T09:44:58.7692539-07:00" endTime="2015-09-28T09:44:58.8473844-07:00" testType="13cdc9d9-ddb5-4fa4-a97d-d965ccfc6d4b" outcome="Passed" testListId="8c84fa94-04c1-424b-9868-57a2d4851a1d" relativeResultsDirectory="9e9e0d98-97a6-4463-b125-c477d7088469" />
    <UnitTestResult executionId="706253ee-20fd-4ab3-b9ae-593fb21cfaac" testId="6a2d92e8-9afc-5a36-0e62-0a2f924d27f4" testName="TestArithmentic_Numeric" computerName="TFSBUILD11" duration="00:00:00.0757135" startTime="2015-09-28T09:44:58.8473844-07:00" endTime="2015-09-28T09:44:58.9255150-07:00" testType="13cdc9d9-ddb5-4fa4-a97d-d965ccfc6d4b" outcome="Passed" testListId="8c84fa94-04c1-424b-9868-57a2d4851a1d" relativeResultsDirectory="706253ee-20fd-4ab3-b9ae-593fb21cfaac" />
    <UnitTestResult executionId="3b2d2799-e620-4045-8d55-01d0615fb6e9" testId="1803da08-f222-3590-490b-cd4c3f1c6d89" testName="TestArithmetic_Date" computerName="TFSBUILD11" duration="00:00:00.0720991" startTime="2015-09-28T09:44:58.9255150-07:00" endTime="2015-09-28T09:44:59.0036455-07:00" testType="13cdc9d9-ddb5-4fa4-a97d-d965ccfc6d4b" outcome="Passed" testListId="8c84fa94-04c1-424b-9868-57a2d4851a1d" relativeResultsDirectory="3b2d2799-e620-4045-8d55-01d0615fb6e9" />
    <UnitTestResult executionId="2ec6be47-0356-4430-b076-64546218a892" testId="1e008cf0-0223-146f-4567-5a7b406a4cab" testName="TestComputeLinkTypes_FieldConditionEquals" computerName="TFSBUILD11" duration="00:00:00.0690120" startTime="2015-09-28T09:44:59.0036455-07:00" endTime="2015-09-28T09:44:59.0661500-07:00" testType="13cdc9d9-ddb5-4fa4-a97d-d965ccfc6d4b" outcome="Passed" testListId="8c84fa94-04c1-424b-9868-57a2d4851a1d" relativeResultsDirectory="2ec6be47-0356-4430-b076-64546218a892" />
    <UnitTestResult executionId="9203a51b-b715-47a1-800d-4b4eba14909e" testId="5893e01c-fb36-f6ac-8047-648f12b462c8" testName="TestComputeLinkTypes_FieldConditionNotEquals" computerName="TFSBUILD11" duration="00:00:00.0648418" startTime="2015-09-28T09:44:59.0661500-07:00" endTime="2015-09-28T09:44:59.1286539-07:00" testType="13cdc9d9-ddb5-4fa4-a97d-d965ccfc6d4b" outcome="Passed" testListId="8c84fa94-04c1-424b-9868-57a2d4851a1d" relativeResultsDirectory="9203a51b-b715-47a1-800d-4b4eba14909e" />
    <UnitTestResult executionId="fadc7036-3b85-4762-bf16-4df581f95bed" testId="21f155e6-9e4d-e1ff-0a51-1470314d59a7" testName="TestComputeLinkTypes_And" computerName="TFSBUILD11" duration="00:00:00.0986107" startTime="2015-09-28T09:44:59.1286539-07:00" endTime="2015-09-28T09:44:59.2380682-07:00" testType="13cdc9d9-ddb5-4fa4-a97d-d965ccfc6d4b" outcome="Passed" testListId="8c84fa94-04c1-424b-9868-57a2d4851a1d" relativeResultsDirectory="fadc7036-3b85-4762-bf16-4df581f95bed" />
    <UnitTestResult executionId="be40f628-a334-4618-b628-ab0cb8137485" testId="9f25c8a5-a363-056f-3497-1c9b28b91983" testName="TestComputeLinkTypes_Or" computerName="TFSBUILD11" duration="00:00:00.1653204" startTime="2015-09-28T09:44:59.2380682-07:00" endTime="2015-09-28T09:44:59.3943239-07:00" testType="13cdc9d9-ddb5-4fa4-a97d-d965ccfc6d4b" outcome="Passed" testListId="8c84fa94-04c1-424b-9868-57a2d4851a1d" relativeResultsDirectory="be40f628-a334-4618-b628-ab0cb8137485" />
    <UnitTestResult executionId="95a7c145-6b56-4ab1-a56b-d87d1ea1b3a2" testId="617e2a1b-a273-cdfc-fbc3-31338aeae9d5" testName="TestComputeLinkTypes_Not" computerName="TFSBUILD11" duration="00:00:00.1227164" startTime="2015-09-28T09:44:59.3943239-07:00" endTime="2015-09-28T09:44:59.5193291-07:00" testType="13cdc9d9-ddb5-4fa4-a97d-d965ccfc6d4b" outcome="Passed" testListId="8c84fa94-04c1-424b-9868-57a2d4851a1d" relativeResultsDirectory="95a7c145-6b56-4ab1-a56b-d87d1ea1b3a2" />
    <UnitTestResult executionId="ffd5700b-0328-46ae-9a98-b3926a0e6a4a" testId="c6b67e44-2eab-102a-00a4-314fc821ae92" testName="TestComputeLinkTypes_Default" computerName="TFSBUILD11" duration="00:00:00.0938172" startTime="2015-09-28T09:44:59.5193291-07:00" endTime="2015-09-28T09:44:59.6130832-07:00" testType="13cdc9d9-ddb5-4fa4-a97d-d965ccfc6d4b" outcome="Passed" testListId="8c84fa94-04c1-424b-9868-57a2d4851a1d" relativeResultsDirectory="ffd5700b-0328-46ae-9a98-b3926a0e6a4a" />
    <UnitTestResult executionId="996ac2f9-98e5-4ecd-94d3-682d218759a7" testId="0b820ba2-9251-558b-385e-cd54f1731733" testName="TestGetQueryXml_NodeSelect" computerName="TFSBUILD11" duration="00:00:00.0933928" startTime="2015-09-28T09:44:59.6130832-07:00" endTime="2015-09-28T09:44:59.7068373-07:00" testType="13cdc9d9-ddb5-4fa4-a97d-d965ccfc6d4b" outcome="Passed" testListId="8c84fa94-04c1-424b-9868-57a2d4851a1d" relativeResultsDirectory="996ac2f9-98e5-4ecd-94d3-682d218759a7" />
    <UnitTestResult executionId="12d58ced-f9f6-4cff-8b94-ec0455c4d63c" testId="78ec11a4-5371-ab2d-ae42-578920d1f831" testName="TestGetQueryXml_Wiql_IsLinkQuery" computerName="TFSBUILD11" duration="00:00:00.0714670" startTime="2015-09-28T09:44:59.7068373-07:00" endTime="2015-09-28T09:44:59.7849682-07:00" testType="13cdc9d9-ddb5-4fa4-a97d-d965ccfc6d4b" outcome="Passed" testListId="8c84fa94-04c1-424b-9868-57a2d4851a1d" relativeResultsDirectory="12d58ced-f9f6-4cff-8b94-ec0455c4d63c" />
    <UnitTestResult executionId="f60fe985-bc12-4043-84d0-4423774bfe1d" testId="7bb259d8-322d-4c05-7324-a65af949ca53" testName="TestGetQueryXml_Wiql_IsNotLinkQuery" computerName="TFSBUILD11" duration="00:00:00.0702146" startTime="2015-09-28T09:44:59.7849682-07:00" endTime="2015-09-28T09:44:59.8474715-07:00" testType="13cdc9d9-ddb5-4fa4-a97d-d965ccfc6d4b" outcome="Passed" testListId="8c84fa94-04c1-424b-9868-57a2d4851a1d" relativeResultsDirectory="f60fe985-bc12-4043-84d0-4423774bfe1d" />
    <UnitTestResult executionId="46a5be78-18d3-4db9-b1f2-6d031cabdbb7" testId="82699a32-3dea-27e9-0e58-a209de6f0dcd" testName="TestGetLinkQueryXml" computerName="TFSBUILD11" duration="00:00:00.0696887" startTime="2015-09-28T09:44:59.8474715-07:00" endTime="2015-09-28T09:44:59.9256012-07:00" testType="13cdc9d9-ddb5-4fa4-a97d-d965ccfc6d4b" outcome="Passed" testListId="8c84fa94-04c1-424b-9868-57a2d4851a1d" relativeResultsDirectory="46a5be78-18d3-4db9-b1f2-6d031cabdbb7" />
    <UnitTestResult executionId="7ec64c9c-7104-4290-a4a9-de7a1e01f9aa" testId="3e380a66-dba2-1a8f-6cdb-ae5a76b86039" testName="TestGetLinkQueryXml_LinksRecursiveReturnMatchingChildren" computerName="TFSBUILD11" duration="00:00:00.0634574" startTime="2015-09-28T09:44:59.9256012-07:00" endTime="2015-09-28T09:44:59.9881045-07:00" testType="13cdc9d9-ddb5-4fa4-a97d-d965ccfc6d4b" outcome="Passed" testListId="8c84fa94-04c1-424b-9868-57a2d4851a1d" relativeResultsDirectory="7ec64c9c-7104-4290-a4a9-de7a1e01f9aa" />
    <UnitTestResult executionId="8fa8f10b-58cd-4f08-bd88-350d691a3cfa" testId="66133bd1-d99c-8003-a099-9b351bc6fd5a" testName="NullRequestContext" computerName="TFSBUILD11" duration="00:00:00.0514729" startTime="2015-09-28T09:44:59.9881045-07:00" endTime="2015-09-28T09:45:00.0349717-07:00" testType="13cdc9d9-ddb5-4fa4-a97d-d965ccfc6d4b" outcome="Passed" testListId="8c84fa94-04c1-424b-9868-57a2d4851a1d" relativeResultsDirectory="8fa8f10b-58cd-4f08-bd88-350d691a3cfa" />
    <UnitTestResult executionId="2f026893-7339-4951-9e65-a5986c470da0" testId="3354c841-566f-899e-a504-5ed529bce361" testName="NullQueryExpression" computerName="TFSBUILD11" duration="00:00:00.0975096" startTime="2015-09-28T09:45:00.0349717-07:00" endTime="2015-09-28T09:45:00.1287349-07:00" testType="13cdc9d9-ddb5-4fa4-a97d-d965ccfc6d4b" outcome="Passed" testListId="8c84fa94-04c1-424b-9868-57a2d4851a1d" relativeResultsDirectory="2f026893-7339-4951-9e65-a5986c470da0" />
    <UnitTestResult executionId="e72d78c3-bc03-4415-8acb-5d2f2f6ebd2a" testId="10f4a4c7-585f-4668-5e80-d73824eab56d" testName="NullWiql" computerName="TFSBUILD11" duration="00:00:00.0965971" startTime="2015-09-28T09:45:00.1287349-07:00" endTime="2015-09-28T09:45:00.2381151-07:00" testType="13cdc9d9-ddb5-4fa4-a97d-d965ccfc6d4b" outcome="Passed" testListId="8c84fa94-04c1-424b-9868-57a2d4851a1d" relativeResultsDirectory="e72d78c3-bc03-4415-8acb-5d2f2f6ebd2a" />
    <UnitTestResult executionId="f32c131d-d2cc-486f-be72-b9db84d4e2d3" testId="5a7518ac-709f-580b-099d-2fe790c330ad" testName="TestHasMoreResult" computerName="TFSBUILD11" duration="00:00:00.1069346" startTime="2015-09-28T09:45:00.2381151-07:00" endTime="2015-09-28T09:45:00.3318704-07:00" testType="13cdc9d9-ddb5-4fa4-a97d-d965ccfc6d4b" outcome="Passed" testListId="8c84fa94-04c1-424b-9868-57a2d4851a1d" relativeResultsDirectory="f32c131d-d2cc-486f-be72-b9db84d4e2d3" />
    <UnitTestResult executionId="32ab8beb-3db1-4f79-8224-e4416459803a" testId="061b757d-d120-61b0-1c12-904a754bcf00" testName="TestHasPendingReclassification" computerName="TFSBUILD11" duration="00:00:00.0694646" startTime="2015-09-28T09:45:00.3318704-07:00" endTime="2015-09-28T09:45:00.4099998-07:00" testType="13cdc9d9-ddb5-4fa4-a97d-d965ccfc6d4b" outcome="Passed" testListId="8c84fa94-04c1-424b-9868-57a2d4851a1d" relativeResultsDirectory="32ab8beb-3db1-4f79-8224-e4416459803a" />
    <UnitTestResult executionId="1477d2d0-90b1-49c6-a1f0-4cfa090ce32d" testId="c3e3e98a-ec7f-8a85-9c1c-7ad66785dedd" testName="TestFilterWorkItem" computerName="TFSBUILD11" duration="00:00:00.0948958" startTime="2015-09-28T09:45:00.4099998-07:00" endTime="2015-09-28T09:45:00.5037559-07:00" testType="13cdc9d9-ddb5-4fa4-a97d-d965ccfc6d4b" outcome="Passed" testListId="8c84fa94-04c1-424b-9868-57a2d4851a1d" relativeResultsDirectory="1477d2d0-90b1-49c6-a1f0-4cfa090ce32d" />
    <UnitTestResult executionId="9fc38fff-4492-4aad-83ea-6f14654e20fc" testId="5ac67bea-66dc-f7a4-1780-b31d30e90ae3" testName="OneHopMustContainAddRootEntry" computerName="TFSBUILD11" duration="00:00:00.0679633" startTime="2015-09-28T09:45:00.5037559-07:00" endTime="2015-09-28T09:45:00.5662603-07:00" testType="13cdc9d9-ddb5-4fa4-a97d-d965ccfc6d4b" outcome="Passed" testListId="8c84fa94-04c1-424b-9868-57a2d4851a1d" relativeResultsDirectory="9fc38fff-4492-4aad-83ea-6f14654e20fc" />
    <UnitTestResult executionId="b3005acd-b141-456c-9f2c-c81bbfe4c533" testId="ea326236-2880-df30-9c04-cdf43dcb2c91" testName="OneHopMustContainFilterSource" computerName="TFSBUILD11" duration="00:00:00.0509259" startTime="2015-09-28T09:45:00.5662603-07:00" endTime="2015-09-28T09:45:00.6287642-07:00" testType="13cdc9d9-ddb5-4fa4-a97d-d965ccfc6d4b" outcome="Passed" testListId="8c84fa94-04c1-424b-9868-57a2d4851a1d" relativeResultsDirectory="b3005acd-b141-456c-9f2c-c81bbfe4c533" />
    <UnitTestResult executionId="0297a7fb-230d-46cd-a0bf-4a186cfbbb0d" testId="cc26460c-8eb1-be38-bdf9-89815cec9931" testName="OneHopMustContainFilterAllTarget" computerName="TFSBUILD11" duration="00:00:00.0580458" startTime="2015-09-28T09:45:00.6287642-07:00" endTime="2015-09-28T09:45:00.6756423-07:00" testType="13cdc9d9-ddb5-4fa4-a97d-d965ccfc6d4b" outcome="Passed" testListId="8c84fa94-04c1-424b-9868-57a2d4851a1d" relativeResultsDirectory="0297a7fb-230d-46cd-a0bf-4a186cfbbb0d" />
    <UnitTestResult executionId="8aa1b94a-ac3d-4ca0-8c8b-0d022f289c71" testId="9f780600-928f-1345-79df-e536beaabcfe" testName="OneHopMustContainFilterSomeTarget" computerName="TFSBUILD11" duration="00:00:00.0705406" startTime="2015-09-28T09:45:00.6756423-07:00" endTime="2015-09-28T09:45:00.7537740-07:00" testType="13cdc9d9-ddb5-4fa4-a97d-d965ccfc6d4b" outcome="Passed" testListId="8c84fa94-04c1-424b-9868-57a2d4851a1d" relativeResultsDirectory="8aa1b94a-ac3d-4ca0-8c8b-0d022f289c71" />
    <UnitTestResult executionId="11254977-7f47-47c3-bb5e-f9fa2afb29c4" testId="c20896cc-d7c4-18a5-cbfe-5eb43a2d5f20" testName="OneHopMayContainAddRootEntry" computerName="TFSBUILD11" duration="00:00:00.1285828" startTime="2015-09-28T09:45:00.7537740-07:00" endTime="2015-09-28T09:45:00.8788036-07:00" testType="13cdc9d9-ddb5-4fa4-a97d-d965ccfc6d4b" outcome="Passed" testListId="8c84fa94-04c1-424b-9868-57a2d4851a1d" relativeResultsDirectory="11254977-7f47-47c3-bb5e-f9fa2afb29c4" />
    <UnitTestResult executionId="38b2fe4d-6aae-4b74-9d36-e42b430a5522" testId="a6d3a260-6935-1274-9d00-cd4b57a0fc56" testName="OneHopMayContainFilterSource" computerName="TFSBUILD11" duration="00:00:00.0884239" startTime="2015-09-28T09:45:00.8788036-07:00" endTime="2015-09-28T09:45:00.9725572-07:00" testType="13cdc9d9-ddb5-4fa4-a97d-d965ccfc6d4b" outcome="Passed" testListId="8c84fa94-04c1-424b-9868-57a2d4851a1d" relativeResultsDirectory="38b2fe4d-6aae-4b74-9d36-e42b430a5522" />
    <UnitTestResult executionId="e2f05926-bb47-4604-bcf1-cb7a3cda3865" testId="900033dd-6bb2-2cb1-0a03-920c8b16f334" testName="OneHopMayContainRootEntryOnly" computerName="TFSBUILD11" duration="00:00:00.0803667" startTime="2015-09-28T09:45:00.9725572-07:00" endTime="2015-09-28T09:45:01.0506883-07:00" testType="13cdc9d9-ddb5-4fa4-a97d-d965ccfc6d4b" outcome="Passed" testListId="8c84fa94-04c1-424b-9868-57a2d4851a1d" relativeResultsDirectory="e2f05926-bb47-4604-bcf1-cb7a3cda3865" />
    <UnitTestResult executionId="13e432d1-213a-4864-961b-31f36c8ba0d0" testId="56897346-7b47-446d-13c5-07b74553cc2b" testName="OneHopMayContainFilterAllTarget" computerName="TFSBUILD11" duration="00:00:00.0726375" startTime="2015-09-28T09:45:01.0506883-07:00" endTime="2015-09-28T09:45:01.1288160-07:00" testType="13cdc9d9-ddb5-4fa4-a97d-d965ccfc6d4b" outcome="Passed" testListId="8c84fa94-04c1-424b-9868-57a2d4851a1d" relativeResultsDirectory="13e432d1-213a-4864-961b-31f36c8ba0d0" />
    <UnitTestResult executionId="08a9c4c5-1324-471a-9d14-7c735a5b3616" testId="ae1e73a1-3e0f-fde6-830f-72dc2cbd71f0" testName="OneHopMayContainFilterSomeTarget" computerName="TFSBUILD11" duration="00:00:00.0578797" startTime="2015-09-28T09:45:01.1288160-07:00" endTime="2015-09-28T09:45:01.1756935-07:00" testType="13cdc9d9-ddb5-4fa4-a97d-d965ccfc6d4b" outcome="Passed" testListId="8c84fa94-04c1-424b-9868-57a2d4851a1d" relativeResultsDirectory="08a9c4c5-1324-471a-9d14-7c735a5b3616" />
    <UnitTestResult executionId="79f0371e-a7f5-40ce-b316-3e7a0f52c2fe" testId="853f6f6e-1d43-ccbc-1554-bb5abef5bbf8" testName="OneHopDoesNotContainFilterSource" computerName="TFSBUILD11" duration="00:00:00.0654997" startTime="2015-09-28T09:45:01.1756935-07:00" endTime="2015-09-28T09:45:01.2538220-07:00" testType="13cdc9d9-ddb5-4fa4-a97d-d965ccfc6d4b" outcome="Passed" testListId="8c84fa94-04c1-424b-9868-57a2d4851a1d" relativeResultsDirectory="79f0371e-a7f5-40ce-b316-3e7a0f52c2fe" />
    <UnitTestResult executionId="ab10fdca-0243-4b16-ae6b-c1f65c381c76" testId="ea5d6401-edb8-e73d-4044-1f379026f17b" testName="OneHopDoesNotContainFilterAllTarget" computerName="TFSBUILD11" duration="00:00:00.0514229" startTime="2015-09-28T09:45:01.2538220-07:00" endTime="2015-09-28T09:45:01.3007012-07:00" testType="13cdc9d9-ddb5-4fa4-a97d-d965ccfc6d4b" outcome="Passed" testListId="8c84fa94-04c1-424b-9868-57a2d4851a1d" relativeResultsDirectory="ab10fdca-0243-4b16-ae6b-c1f65c381c76" />
    <UnitTestResult executionId="9510b533-4d47-466f-9851-f264caff7fd0" testId="8c269c7d-4abc-a0e0-86af-45db4ceef5a5" testName="OneHopDoesNotContainFilterSomeTarget" computerName="TFSBUILD11" duration="00:00:00.0531270" startTime="2015-09-28T09:45:01.3007012-07:00" endTime="2015-09-28T09:45:01.3475779-07:00" testType="13cdc9d9-ddb5-4fa4-a97d-d965ccfc6d4b" outcome="Passed" testListId="8c84fa94-04c1-424b-9868-57a2d4851a1d" relativeResultsDirectory="9510b533-4d47-466f-9851-f264caff7fd0" />
    <UnitTestResult executionId="ae211b55-2880-438e-9c52-5a5d0f1d6ea3" testId="c5bbaddb-5819-f6c8-d4f4-0ade1870a5d6" testName="TreeQueryParentFirstHasPermission" computerName="TFSBUILD11" duration="00:00:00.0698628" startTime="2015-09-28T09:45:01.3475779-07:00" endTime="2015-09-28T09:45:01.4257218-07:00" testType="13cdc9d9-ddb5-4fa4-a97d-d965ccfc6d4b" outcome="Passed" testListId="8c84fa94-04c1-424b-9868-57a2d4851a1d" relativeResultsDirectory="ae211b55-2880-438e-9c52-5a5d0f1d6ea3" />
    <UnitTestResult executionId="0869cb8b-d5b4-4788-9afe-59516296f856" testId="505c483f-5d0a-bfe6-b919-f9d621defcdc" testName="TreeQueryParentFirstFilterSourceNoPermissionNoReplace" computerName="TFSBUILD11" duration="00:00:00.1139342" startTime="2015-09-28T09:45:01.4257218-07:00" endTime="2015-09-28T09:45:01.5351054-07:00" testType="13cdc9d9-ddb5-4fa4-a97d-d965ccfc6d4b" outcome="Passed" testListId="8c84fa94-04c1-424b-9868-57a2d4851a1d" relativeResultsDirectory="0869cb8b-d5b4-4788-9afe-59516296f856" />
    <UnitTestResult executionId="ec7ee142-6fe0-4eea-aa63-813071c52f2b" testId="a54a7969-32b1-d684-cef7-64cc6d2aa141" testName="TreeQueryParentFirstFilterSourceNoPermissionReplace" computerName="TFSBUILD11" duration="00:00:00.1095586" startTime="2015-09-28T09:45:01.5351054-07:00" endTime="2015-09-28T09:45:01.6444828-07:00" testType="13cdc9d9-ddb5-4fa4-a97d-d965ccfc6d4b" outcome="Passed" testListId="8c84fa94-04c1-424b-9868-57a2d4851a1d" relativeResultsDirectory="ec7ee142-6fe0-4eea-aa63-813071c52f2b" />
    <UnitTestResult executionId="d7222684-ae98-4f1b-ac28-3c0f27d3fdd3" testId="113d581e-d812-4164-e792-3a0876572e78" testName="TreeQueryParentFirstFilterTargetChildNoPermission" computerName="TFSBUILD11" duration="00:00:00.0766567" startTime="2015-09-28T09:45:01.6444828-07:00" endTime="2015-09-28T09:45:01.7226105-07:00" testType="13cdc9d9-ddb5-4fa4-a97d-d965ccfc6d4b" outcome="Passed" testListId="8c84fa94-04c1-424b-9868-57a2d4851a1d" relativeResultsDirectory="d7222684-ae98-4f1b-ac28-3c0f27d3fdd3" />
    <UnitTestResult executionId="9bb8ef87-91cc-4dea-922f-9b2205f0f467" testId="a66076e7-b51a-9e97-ce85-bdb7f77bea7a" testName="TreeQueryParentFirstFilterTargetDoesNotMeetChildCriteriaNoRhs" computerName="TFSBUILD11" duration="00:00:00.0775430" startTime="2015-09-28T09:45:01.7226105-07:00" endTime="2015-09-28T09:45:01.8007391-07:00" testType="13cdc9d9-ddb5-4fa4-a97d-d965ccfc6d4b" outcome="Passed" testListId="8c84fa94-04c1-424b-9868-57a2d4851a1d" relativeResultsDirectory="9bb8ef87-91cc-4dea-922f-9b2205f0f467" />
    <UnitTestResult executionId="338dacec-8ea4-4e82-b6cc-3800fb415be8" testId="72e8d0b9-f1f2-3542-f23f-3cbb332af067" testName="TreeQueryParentFirstFilterTargetDoesNotMeetChildCriteriaHasRhs" computerName="TFSBUILD11" duration="00:00:00.0590394" startTime="2015-09-28T09:45:01.8007391-07:00" endTime="2015-09-28T09:45:01.8632424-07:00" testType="13cdc9d9-ddb5-4fa4-a97d-d965ccfc6d4b" outcome="Passed" testListId="8c84fa94-04c1-424b-9868-57a2d4851a1d" relativeResultsDirectory="338dacec-8ea4-4e82-b6cc-3800fb415be8" />
    <UnitTestResult executionId="6f4348f9-46ee-449b-836d-da69fbaba077" testId="3842eacd-987f-0682-8531-bbedf734927d" testName="TreeQueryParentFirstFilterTargetMeetsParentCriteriaDoesNotMeetChildCriteriaHasRhs" computerName="TFSBUILD11" duration="00:00:00.0589023" startTime="2015-09-28T09:45:01.8632424-07:00" endTime="2015-09-28T09:45:01.9257320-07:00" testType="13cdc9d9-ddb5-4fa4-a97d-d965ccfc6d4b" outcome="Passed" testListId="8c84fa94-04c1-424b-9868-57a2d4851a1d" relativeResultsDirectory="6f4348f9-46ee-449b-836d-da69fbaba077" />
    <UnitTestResult executionId="a5b1f21b-9b0e-45c5-9d83-0ca269c21157" testId="aa2166b7-4fe6-7a5a-8081-7ff24d02ff16" testName="TreeQueryParentFirstFilterTargetMeetChildCriteriaHasRhs" computerName="TFSBUILD11" duration="00:00:00.0718149" startTime="2015-09-28T09:45:01.9257320-07:00" endTime="2015-09-28T09:45:01.9882348-07:00" testType="13cdc9d9-ddb5-4fa4-a97d-d965ccfc6d4b" outcome="Passed" testListId="8c84fa94-04c1-424b-9868-57a2d4851a1d" relativeResultsDirectory="a5b1f21b-9b0e-45c5-9d83-0ca269c21157" />
    <UnitTestResult executionId="52b82312-5824-4a19-9206-2a5f8b61327f" testId="ea8a3776-44f5-befb-3232-27b6918e0094" testName="TreeQueryParentFirstIntermediateNodeNoPermission" computerName="TFSBUILD11" duration="00:00:00.1156836" startTime="2015-09-28T09:45:01.9882348-07:00" endTime="2015-09-28T09:45:02.1132434-07:00" testType="13cdc9d9-ddb5-4fa4-a97d-d965ccfc6d4b" outcome="Passed" testListId="8c84fa94-04c1-424b-9868-57a2d4851a1d" relativeResultsDirectory="52b82312-5824-4a19-9206-2a5f8b61327f" />
    <UnitTestResult executionId="85983bdf-b4a2-482d-8ecb-acb323958773" testId="7e2c3ea9-4096-c71f-2e5e-2287aeb312f3" testName="TreeQueryParentFirstIntermediateNodeDoesNotMeetsChildCriteria" computerName="TFSBUILD11" duration="00:00:00.1307104" startTime="2015-09-28T09:45:02.1132434-07:00" endTime="2015-09-28T09:45:02.2382753-07:00" testType="13cdc9d9-ddb5-4fa4-a97d-d965ccfc6d4b" outcome="Passed" testListId="8c84fa94-04c1-424b-9868-57a2d4851a1d" relativeResultsDirectory="85983bdf-b4a2-482d-8ecb-acb323958773" />
    <UnitTestResult executionId="1265842f-e2cb-420a-b519-ec7febcfaf06" testId="8f99ec77-ac20-bdd2-aa52-ff06d35874b7" testName="TreeQueryChildFirstHasPermission" computerName="TFSBUILD11" duration="00:00:00.0832376" startTime="2015-09-28T09:45:02.2382753-07:00" endTime="2015-09-28T09:45:02.3320317-07:00" testType="13cdc9d9-ddb5-4fa4-a97d-d965ccfc6d4b" outcome="Passed" testListId="8c84fa94-04c1-424b-9868-57a2d4851a1d" relativeResultsDirectory="1265842f-e2cb-420a-b519-ec7febcfaf06" />
    <UnitTestResult executionId="503deeef-f817-452d-869e-c0fef9009284" testId="506cafa5-dafe-e0da-c26c-027055b905cc" testName="TreeQueryChildFirstHasPermissionParentOnly" computerName="TFSBUILD11" duration="00:00:00.0799344" startTime="2015-09-28T09:45:02.3320317-07:00" endTime="2015-09-28T09:45:02.4101577-07:00" testType="13cdc9d9-ddb5-4fa4-a97d-d965ccfc6d4b" outcome="Passed" testListId="8c84fa94-04c1-424b-9868-57a2d4851a1d" relativeResultsDirectory="503deeef-f817-452d-869e-c0fef9009284" />
    <UnitTestResult executionId="9815601d-8edf-4971-8129-bae34ef8663a" testId="e3e60e1f-dae0-153d-b8ec-afd04c9c095b" testName="TreeQueryChildFirstHasPermissionParentAndChild" computerName="TFSBUILD11" duration="00:00:00.0691295" startTime="2015-09-28T09:45:02.4101577-07:00" endTime="2015-09-28T09:45:02.4726618-07:00" testType="13cdc9d9-ddb5-4fa4-a97d-d965ccfc6d4b" outcome="Passed" testListId="8c84fa94-04c1-424b-9868-57a2d4851a1d" relativeResultsDirectory="9815601d-8edf-4971-8129-bae34ef8663a" />
    <UnitTestResult executionId="37052ef7-7e4b-40d5-8089-813b1a8bf285" testId="831e414c-9be5-c5f9-f6fd-b328b5da7232" testName="TreeQueryChildFirstFilterSourceNoPermissionNoReplace" computerName="TFSBUILD11" duration="00:00:00.0580035" startTime="2015-09-28T09:45:02.4726618-07:00" endTime="2015-09-28T09:45:02.5351643-07:00" testType="13cdc9d9-ddb5-4fa4-a97d-d965ccfc6d4b" outcome="Passed" testListId="8c84fa94-04c1-424b-9868-57a2d4851a1d" relativeResultsDirectory="37052ef7-7e4b-40d5-8089-813b1a8bf285" />
    <UnitTestResult executionId="13fb6bd7-37ae-427c-abb9-b2aa4e8653b4" testId="108a17a8-4e77-24dd-2ac1-76a88436e8f4" testName="TreeQueryChildFirstFilterSourceNoPermissionReplaceToChild" computerName="TFSBUILD11" duration="00:00:00.0657981" startTime="2015-09-28T09:45:02.5351643-07:00" endTime="2015-09-28T09:45:02.5976673-07:00" testType="13cdc9d9-ddb5-4fa4-a97d-d965ccfc6d4b" outcome="Passed" testListId="8c84fa94-04c1-424b-9868-57a2d4851a1d" relativeResultsDirectory="13fb6bd7-37ae-427c-abb9-b2aa4e8653b4" />
    <UnitTestResult executionId="38afaec7-e280-41aa-a979-a590d3a73059" testId="bdbfef30-cc17-d64e-e355-edd66e0423f4" testName="TreeQueryChildFirstFilterSourceNoPermissionReplaceToChildMultipleLevel" computerName="TFSBUILD11" duration="00:00:00.0513546" startTime="2015-09-28T09:45:02.5976673-07:00" endTime="2015-09-28T09:45:02.6445459-07:00" testType="13cdc9d9-ddb5-4fa4-a97d-d965ccfc6d4b" outcome="Passed" testListId="8c84fa94-04c1-424b-9868-57a2d4851a1d" relativeResultsDirectory="38afaec7-e280-41aa-a979-a590d3a73059" />
    <UnitTestResult executionId="60ac41f0-2071-4511-8f11-1ebe94bef3f2" testId="830835fc-b896-d8e8-afe3-5465424ffe86" testName="TreeQueryChildFirstFilterTargetNoPermission" computerName="TFSBUILD11" duration="00:00:00.0543054" startTime="2015-09-28T09:45:02.6445459-07:00" endTime="2015-09-28T09:45:02.7070495-07:00" testType="13cdc9d9-ddb5-4fa4-a97d-d965ccfc6d4b" outcome="Passed" testListId="8c84fa94-04c1-424b-9868-57a2d4851a1d" relativeResultsDirectory="60ac41f0-2071-4511-8f11-1ebe94bef3f2" />
    <UnitTestResult executionId="2574636c-31ac-4c12-825c-e116d3d63730" testId="e7f27e0c-74dc-dfbf-bbb7-8aeb199a9f2e" testName="TreeQueryChildFirstFilterTargetDoesNotMeetChildCriteria" computerName="TFSBUILD11" duration="00:00:00.0452686" startTime="2015-09-28T09:45:02.7070495-07:00" endTime="2015-09-28T09:45:02.7539287-07:00" testType="13cdc9d9-ddb5-4fa4-a97d-d965ccfc6d4b" outcome="Passed" testListId="8c84fa94-04c1-424b-9868-57a2d4851a1d" relativeResultsDirectory="2574636c-31ac-4c12-825c-e116d3d63730" />
    <UnitTestResult executionId="acdf20d7-f5b2-4a63-98ba-b0e0973b3513" testId="7f529bec-cd20-5ea2-01b1-c948b2551340" testName="TreeQueryChildFirstFilterTargetMultipleMeetsChildCriteria" computerName="TFSBUILD11" duration="00:00:00.0450530" startTime="2015-09-28T09:45:02.7539287-07:00" endTime="2015-09-28T09:45:02.8008056-07:00" testType="13cdc9d9-ddb5-4fa4-a97d-d965ccfc6d4b" outcome="Passed" testListId="8c84fa94-04c1-424b-9868-57a2d4851a1d" relativeResultsDirectory="acdf20d7-f5b2-4a63-98ba-b0e0973b3513" />
    <UnitTestResult executionId="80914f8b-6f66-4cfd-975b-dcc129332ac9" testId="e38004b2-ef7e-f30b-5ce0-153eceede84b" testName="TreeQueryChildFirstFilterTargetDoesNotMeetChildCriteriaMultipleLevel" computerName="TFSBUILD11" duration="00:00:00.0455354" startTime="2015-09-28T09:45:02.8008056-07:00" endTime="2015-09-28T09:45:02.8476834-07:00" testType="13cdc9d9-ddb5-4fa4-a97d-d965ccfc6d4b" outcome="Passed" testListId="8c84fa94-04c1-424b-9868-57a2d4851a1d" relativeResultsDirectory="80914f8b-6f66-4cfd-975b-dcc129332ac9" />
    <UnitTestResult executionId="82d84c05-d0e6-4653-8632-df1723eaf7d1" testId="f8cbcd56-17fa-7291-b791-55840ae0d22f" testName="TreeQueryChildFirstFilterTargetNoPermissionMultipleLevel" computerName="TFSBUILD11" duration="00:00:00.0384132" startTime="2015-09-28T09:45:02.8476834-07:00" endTime="2015-09-28T09:45:02.8789356-07:00" testType="13cdc9d9-ddb5-4fa4-a97d-d965ccfc6d4b" outcome="Passed" testListId="8c84fa94-04c1-424b-9868-57a2d4851a1d" relativeResultsDirectory="82d84c05-d0e6-4653-8632-df1723eaf7d1" />
    <UnitTestResult executionId="ad0ef5cb-753e-4154-b85e-d26e858da1ec" testId="9ce70875-c01b-344b-2a4c-8a9d4428194a" testName="TreeQueryChildFirstIntermediateNodeNoPermission" computerName="TFSBUILD11" duration="00:00:00.0464994" startTime="2015-09-28T09:45:02.8789356-07:00" endTime="2015-09-28T09:45:02.9258134-07:00" testType="13cdc9d9-ddb5-4fa4-a97d-d965ccfc6d4b" outcome="Passed" testListId="8c84fa94-04c1-424b-9868-57a2d4851a1d" relativeResultsDirectory="ad0ef5cb-753e-4154-b85e-d26e858da1ec" />
    <UnitTestResult executionId="907b8f9f-e5ea-41bb-b88b-6783f5310643" testId="68a3fd17-40df-31b1-0ce7-d98468d21218" testName="TreeQueryChildFirstIntermediateNodeDoesNotMeetChildCriteria" computerName="TFSBUILD11" duration="00:00:00.0353037" startTime="2015-09-28T09:45:02.9258134-07:00" endTime="2015-09-28T09:45:02.9570653-07:00" testType="13cdc9d9-ddb5-4fa4-a97d-d965ccfc6d4b" outcome="Passed" testListId="8c84fa94-04c1-424b-9868-57a2d4851a1d" relativeResultsDirectory="907b8f9f-e5ea-41bb-b88b-6783f5310643" />
    <UnitTestResult executionId="8b30be5b-8f45-4c33-99ce-478cf2d6094c" testId="6346195a-3bfc-0f29-d7a5-ba2373052502" testName="TreeQueryRootHasLinkTypeZero" computerName="TFSBUILD11" duration="00:00:00.0377778" startTime="2015-09-28T09:45:02.9570653-07:00" endTime="2015-09-28T09:45:03.0039439-07:00" testType="13cdc9d9-ddb5-4fa4-a97d-d965ccfc6d4b" outcome="Passed" testListId="8c84fa94-04c1-424b-9868-57a2d4851a1d" relativeResultsDirectory="8b30be5b-8f45-4c33-99ce-478cf2d6094c" />
    <UnitTestResult executionId="dbebf7fe-d106-467d-8a90-2214567759c9" testId="e3aa0397-c012-c30b-19c6-b1f90aad4805" testName="TreeQueryWiqlWithNoLinkClauseShouldThrow" computerName="TFSBUILD11" duration="00:00:00.0634457" startTime="2015-09-28T09:45:03.0039439-07:00" endTime="2015-09-28T09:45:03.0664475-07:00" testType="13cdc9d9-ddb5-4fa4-a97d-d965ccfc6d4b" outcome="Passed" testListId="8c84fa94-04c1-424b-9868-57a2d4851a1d" relativeResultsDirectory="dbebf7fe-d106-467d-8a90-2214567759c9" />
    <UnitTestResult executionId="cdb7192c-acc3-4bda-85b6-cb2cb3750d16" testId="a6bcc735-662f-e4fd-f809-b1c364b99edb" testName="TreeQueryWiqlWithInOperatorInLinkClauseShouldThrow" computerName="TFSBUILD11" duration="00:00:00.0396400" startTime="2015-09-28T09:45:03.0664475-07:00" endTime="2015-09-28T09:45:03.0977000-07:00" testType="13cdc9d9-ddb5-4fa4-a97d-d965ccfc6d4b" outcome="Passed" testListId="8c84fa94-04c1-424b-9868-57a2d4851a1d" relativeResultsDirectory="cdb7192c-acc3-4bda-85b6-cb2cb3750d16" />
    <UnitTestResult executionId="28b9ca44-6af8-4626-845d-a9cf7e6d8e57" testId="42019901-4dd1-69fa-7e34-6368f328cfd1" testName="LinkQueryWiqlWithInOperatorInLinkClauseShouldSucceed" computerName="TFSBUILD11" duration="00:00:00.0390558" startTime="2015-09-28T09:45:03.0977000-07:00" endTime="2015-09-28T09:45:03.1445775-07:00" testType="13cdc9d9-ddb5-4fa4-a97d-d965ccfc6d4b" outcome="Passed" testListId="8c84fa94-04c1-424b-9868-57a2d4851a1d" relativeResultsDirectory="28b9ca44-6af8-4626-845d-a9cf7e6d8e57" />
    <UnitTestResult executionId="11264091-769d-4316-8808-3dcbdfb14ad2" testId="fb4f12eb-5730-0586-79ea-146da32b2146" testName="LinkQueryWiqlWithInOperatorInLinkClauseShouldAndBadLinkTypeShouldThrow" computerName="TFSBUILD11" duration="00:00:00.0426375" startTime="2015-09-28T09:45:03.1445775-07:00" endTime="2015-09-28T09:45:03.1914575-07:00" testType="13cdc9d9-ddb5-4fa4-a97d-d965ccfc6d4b" outcome="Passed" testListId="8c84fa94-04c1-424b-9868-57a2d4851a1d" relativeResultsDirectory="11264091-769d-4316-8808-3dcbdfb14ad2" />
    <UnitTestResult executionId="ad3d63a4-76df-43b2-a656-7b2b08a7f166" testId="6b657dff-8d7e-97fd-f445-93ce02792661" testName="SortWorkItemWhenNoSortOrderSpecified" computerName="TFSBUILD11" duration="00:00:00.0861825" startTime="2015-09-28T09:45:03.1914575-07:00" endTime="2015-09-28T09:45:03.2696043-07:00" testType="13cdc9d9-ddb5-4fa4-a97d-d965ccfc6d4b" outcome="Passed" testListId="8c84fa94-04c1-424b-9868-57a2d4851a1d" relativeResultsDirectory="ad3d63a4-76df-43b2-a656-7b2b08a7f166" />
    <UnitTestResult executionId="e3482a5c-4279-478d-b236-a71d72b86dd8" testId="21ec1a3d-1504-1cfb-32b7-6a0f8ac73099" testName="TestHasIdentityFields" computerName="TFSBUILD11" duration="00:00:00.2825614" startTime="2015-09-28T09:45:03.2696043-07:00" endTime="2015-09-28T09:45:03.5508632-07:00" testType="13cdc9d9-ddb5-4fa4-a97d-d965ccfc6d4b" outcome="Passed" testListId="8c84fa94-04c1-424b-9868-57a2d4851a1d" relativeResultsDirectory="e3482a5c-4279-478d-b236-a71d72b86dd8" />
    <UnitTestResult executionId="86d0201e-900d-4346-be25-ac3a92b75929" testId="0a158efe-2bb1-c2ed-ebbc-53ad34656618" testName="TestHasIdentityFieldsWithAmbiguousName" computerName="TFSBUILD11" duration="00:00:00.0786646" startTime="2015-09-28T09:45:03.5508632-07:00" endTime="2015-09-28T09:45:03.6289952-07:00" testType="13cdc9d9-ddb5-4fa4-a97d-d965ccfc6d4b" outcome="Passed" testListId="8c84fa94-04c1-424b-9868-57a2d4851a1d" relativeResultsDirectory="86d0201e-900d-4346-be25-ac3a92b75929" />
    <UnitTestResult executionId="ce4c660d-df7f-4891-85b7-fe1c2cf5876d" testId="8e30625b-6bf2-3f49-9f0e-6b023752a772" testName="TestHasIdentityFieldsWithDisplayNameThatIsUnique" computerName="TFSBUILD11" duration="00:00:00.0749893" startTime="2015-09-28T09:45:03.6289952-07:00" endTime="2015-09-28T09:45:03.7071215-07:00" testType="13cdc9d9-ddb5-4fa4-a97d-d965ccfc6d4b" outcome="Passed" testListId="8c84fa94-04c1-424b-9868-57a2d4851a1d" relativeResultsDirectory="ce4c660d-df7f-4891-85b7-fe1c2cf5876d" />
    <UnitTestResult executionId="b6a3dd62-992d-4d37-9651-e4ee134873f4" testId="59186be4-ae28-2a1c-a2ac-740c6f4612f7" testName="TestHasIdentityFieldsWithDisplayNameThatIsUniqueForOldClient" computerName="TFSBUILD11" duration="00:00:00.0595355" startTime="2015-09-28T09:45:03.7071215-07:00" endTime="2015-09-28T09:45:03.7696262-07:00" testType="13cdc9d9-ddb5-4fa4-a97d-d965ccfc6d4b" outcome="Passed" testListId="8c84fa94-04c1-424b-9868-57a2d4851a1d" relativeResultsDirectory="b6a3dd62-992d-4d37-9651-e4ee134873f4" />
    <UnitTestResult executionId="f881c22f-7e44-4caf-ae00-a170a9b1b862" testId="1637982f-20fd-e429-c9ce-b1b7f20ec0c9" testName="TestHasIdentityFieldsWithDisplayNameThatIsUniqueForNewClient" computerName="TFSBUILD11" duration="00:00:00.0613787" startTime="2015-09-28T09:45:03.7696262-07:00" endTime="2015-09-28T09:45:03.8321298-07:00" testType="13cdc9d9-ddb5-4fa4-a97d-d965ccfc6d4b" outcome="Passed" testListId="8c84fa94-04c1-424b-9868-57a2d4851a1d" relativeResultsDirectory="f881c22f-7e44-4caf-ae00-a170a9b1b862" />
    <UnitTestResult executionId="08dc625f-7149-47eb-b19b-52a84d516e96" testId="1d0d8f78-4400-ebb7-c44a-56caf9a5399f" testName="TestHasAadIdentityFieldsWithAadValues" computerName="TFSBUILD11" duration="00:00:00.0508144" startTime="2015-09-28T09:45:03.8321298-07:00" endTime="2015-09-28T09:45:03.8790078-07:00" testType="13cdc9d9-ddb5-4fa4-a97d-d965ccfc6d4b" outcome="Passed" testListId="8c84fa94-04c1-424b-9868-57a2d4851a1d" relativeResultsDirectory="08dc625f-7149-47eb-b19b-52a84d516e96" />
    <UnitTestResult executionId="5725e3c0-b841-4121-98c1-02e3f35b77a6" testId="431af0c2-5b8d-a29f-77a6-821fce1338ad" testName="TestIdentityDisplayNameWithExpandConstantInAADAndNonAAD" computerName="TFSBUILD11" duration="00:00:00.0550873" startTime="2015-09-28T09:45:03.8790078-07:00" endTime="2015-09-28T09:45:03.9415117-07:00" testType="13cdc9d9-ddb5-4fa4-a97d-d965ccfc6d4b" outcome="Passed" testListId="8c84fa94-04c1-424b-9868-57a2d4851a1d" relativeResultsDirectory="5725e3c0-b841-4121-98c1-02e3f35b77a6" />
    <UnitTestResult executionId="5115e59a-c035-4d89-bb1c-fb59afdbac58" testId="14a74af6-4ed9-e454-967b-5228bdd4ec79" testName="TestNullRequestContext_QueryExpression" computerName="TFSBUILD11" duration="00:00:00.0415965" startTime="2015-09-28T09:45:03.9415117-07:00" endTime="2015-09-28T09:45:03.9727631-07:00" testType="13cdc9d9-ddb5-4fa4-a97d-d965ccfc6d4b" outcome="Passed" testListId="8c84fa94-04c1-424b-9868-57a2d4851a1d" relativeResultsDirectory="5115e59a-c035-4d89-bb1c-fb59afdbac58" />
    <UnitTestResult executionId="f6408b47-4914-47e6-8088-75c31eaff4da" testId="278f78df-9103-e289-5140-4b34474809a9" testName="TestNullRequestContext_Wiql" computerName="TFSBUILD11" duration="00:00:00.0349823" startTime="2015-09-28T09:45:03.9727631-07:00" endTime="2015-09-28T09:45:04.0196417-07:00" testType="13cdc9d9-ddb5-4fa4-a97d-d965ccfc6d4b" outcome="Passed" testListId="8c84fa94-04c1-424b-9868-57a2d4851a1d" relativeResultsDirectory="f6408b47-4914-47e6-8088-75c31eaff4da" />
    <UnitTestResult executionId="917994aa-6a45-4ed6-a517-8fba3f7f1199" testId="37a0ce55-5965-7fde-8fa4-2d1115f2f957" testName="TestNullQueryExpression" computerName="TFSBUILD11" duration="00:00:00.0425926" startTime="2015-09-28T09:45:04.0196417-07:00" endTime="2015-09-28T09:45:04.0508934-07:00" testType="13cdc9d9-ddb5-4fa4-a97d-d965ccfc6d4b" outcome="Passed" testListId="8c84fa94-04c1-424b-9868-57a2d4851a1d" relativeResultsDirectory="917994aa-6a45-4ed6-a517-8fba3f7f1199" />
    <UnitTestResult executionId="cf7ef083-0d29-4ceb-b585-fb273399f4f3" testId="092e7788-a938-3a6f-6f2c-ea288bb6e03e" testName="TestNullWiql" computerName="TFSBUILD11" duration="00:00:00.0320596" startTime="2015-09-28T09:45:04.0508934-07:00" endTime="2015-09-28T09:45:04.0821453-07:00" testType="13cdc9d9-ddb5-4fa4-a97d-d965ccfc6d4b" outcome="Passed" testListId="8c84fa94-04c1-424b-9868-57a2d4851a1d" relativeResultsDirectory="cf7ef083-0d29-4ceb-b585-fb273399f4f3" />
    <UnitTestResult executionId="28bc0e3c-1e18-4f1f-9e32-4d6171fa640f" testId="37220d73-a472-b15a-794b-da06ff441419" testName="TestNullContext" computerName="TFSBUILD11" duration="00:00:00.0456779" startTime="2015-09-28T09:45:04.0821453-07:00" endTime="2015-09-28T09:45:04.1290262-07:00" testType="13cdc9d9-ddb5-4fa4-a97d-d965ccfc6d4b" outcome="Passed" testListId="8c84fa94-04c1-424b-9868-57a2d4851a1d" relativeResultsDirectory="28bc0e3c-1e18-4f1f-9e32-4d6171fa640f" />
    <UnitTestResult executionId="70ed8552-c11e-4125-b3a2-1415d939101b" testId="92291b23-dbd2-9101-0d0d-882e69d76659" testName="TestGetQueryItemEntriesById" computerName="TFSBUILD11" duration="00:00:00.7566557" startTime="2015-09-28T09:45:04.1290262-07:00" endTime="2015-09-28T09:45:04.8947048-07:00" testType="13cdc9d9-ddb5-4fa4-a97d-d965ccfc6d4b" outcome="Passed" testListId="8c84fa94-04c1-424b-9868-57a2d4851a1d" relativeResultsDirectory="70ed8552-c11e-4125-b3a2-1415d939101b" />
    <UnitTestResult executionId="b0d35ed0-671b-4871-beaa-0dcf3ad0bd6c" testId="5286b95e-4d89-21e6-66f5-1820f21f5962" testName="TestGetQueryItemEntriesById_NullQueryIds" computerName="TFSBUILD11" duration="00:00:00.0134957" startTime="2015-09-28T09:45:04.8947048-07:00" endTime="2015-09-28T09:45:04.9103170-07:00" testType="13cdc9d9-ddb5-4fa4-a97d-d965ccfc6d4b" outcome="Passed" testListId="8c84fa94-04c1-424b-9868-57a2d4851a1d" relativeResultsDirectory="b0d35ed0-671b-4871-beaa-0dcf3ad0bd6c" />
    <UnitTestResult executionId="f7ee5011-2cef-413e-9a17-d4f8e53e22b5" testId="e853a834-b2e2-b549-ec91-27294306fdab" testName="TestGetRootQueryItemEntries_RootQueriesExist" computerName="TFSBUILD11" duration="00:00:00.0127536" startTime="2015-09-28T09:45:04.9103170-07:00" endTime="2015-09-28T09:45:04.9259579-07:00" testType="13cdc9d9-ddb5-4fa4-a97d-d965ccfc6d4b" outcome="Passed" testListId="8c84fa94-04c1-424b-9868-57a2d4851a1d" relativeResultsDirectory="f7ee5011-2cef-413e-9a17-d4f8e53e22b5" />
    <UnitTestResult executionId="37acb0d9-b9e7-4926-a98b-857d24c75448" testId="1f350421-437d-dcdc-1f70-56e245b39289" testName="TestGetQueryItemByPath" computerName="TFSBUILD11" duration="00:00:00.0112025" startTime="2015-09-28T09:45:04.9259579-07:00" endTime="2015-09-28T09:45:04.9259579-07:00" testType="13cdc9d9-ddb5-4fa4-a97d-d965ccfc6d4b" outcome="Passed" testListId="8c84fa94-04c1-424b-9868-57a2d4851a1d" relativeResultsDirectory="37acb0d9-b9e7-4926-a98b-857d24c75448" />
    <UnitTestResult executionId="d199f3c2-20fb-4d65-ac03-bc60004a7a99" testId="24f30279-a0dc-4faa-ace1-500d1f4e8476" testName="TestGetQueryItemByPath_NullPath" computerName="TFSBUILD11" duration="00:00:00.0110247" startTime="2015-09-28T09:45:04.9259579-07:00" endTime="2015-09-28T09:45:04.9415840-07:00" testType="13cdc9d9-ddb5-4fa4-a97d-d965ccfc6d4b" outcome="Passed" testListId="8c84fa94-04c1-424b-9868-57a2d4851a1d" relativeResultsDirectory="d199f3c2-20fb-4d65-ac03-bc60004a7a99" />
    <UnitTestResult executionId="6fbcb42f-b86c-4996-9cfd-5d7445902c87" testId="ccebc636-c255-f138-d69c-d8a64e1da341" testName="QueryItemComponent3_TestGetQueryItemEntriesById" computerName="TFSBUILD11" duration="00:00:00.6832196" startTime="2015-09-28T09:45:04.9415840-07:00" endTime="2015-09-28T09:45:05.6291320-07:00" testType="13cdc9d9-ddb5-4fa4-a97d-d965ccfc6d4b" outcome="Passed" testListId="8c84fa94-04c1-424b-9868-57a2d4851a1d" relativeResultsDirectory="6fbcb42f-b86c-4996-9cfd-5d7445902c87" />
    <UnitTestResult executionId="c4d868cf-d832-4cfc-becc-7f84a55f2a86" testId="96d2ccf3-8c15-59aa-d6c1-8e1298e9e938" testName="QueryItemComponent3_TestGetQueryItemEntriesById_IncludeDeleted" computerName="TFSBUILD11" duration="00:00:00.0136535" startTime="2015-09-28T09:45:05.6291320-07:00" endTime="2015-09-28T09:45:05.6447590-07:00" testType="13cdc9d9-ddb5-4fa4-a97d-d965ccfc6d4b" outcome="Passed" testListId="8c84fa94-04c1-424b-9868-57a2d4851a1d" relativeResultsDirectory="c4d868cf-d832-4cfc-becc-7f84a55f2a86" />
    <UnitTestResult executionId="1719ae1d-918f-42ce-8533-cad5c5a9e93d" testId="93b12c30-c7f5-9313-3e9c-4ecb1e3844c2" testName="QueryItemComponent3_TestGetRootQueryItemEntries" computerName="TFSBUILD11" duration="00:00:00.0118231" startTime="2015-09-28T09:45:05.6447590-07:00" endTime="2015-09-28T09:45:05.6447590-07:00" testType="13cdc9d9-ddb5-4fa4-a97d-d965ccfc6d4b" outcome="Passed" testListId="8c84fa94-04c1-424b-9868-57a2d4851a1d" relativeResultsDirectory="1719ae1d-918f-42ce-8533-cad5c5a9e93d" />
    <UnitTestResult executionId="02427d36-7efb-4bb5-9724-fe3137e28200" testId="d89ee96a-ef4a-a138-7358-ee176bcb9b4a" testName="QueryItemComponent3_TestGetQueryItemByPath" computerName="TFSBUILD11" duration="00:00:00.0102732" startTime="2015-09-28T09:45:05.6447590-07:00" endTime="2015-09-28T09:45:05.6603854-07:00" testType="13cdc9d9-ddb5-4fa4-a97d-d965ccfc6d4b" outcome="Passed" testListId="8c84fa94-04c1-424b-9868-57a2d4851a1d" relativeResultsDirectory="02427d36-7efb-4bb5-9724-fe3137e28200" />
    <UnitTestResult executionId="75ce6a9c-b013-4466-bef8-e45902bb57c8" testId="38a8f69d-4e69-9a14-736d-539c40e89032" testName="TestUndeleteQueryItem" computerName="TFSBUILD11" duration="00:00:00.0109755" startTime="2015-09-28T09:45:05.6603854-07:00" endTime="2015-09-28T09:45:05.6760140-07:00" testType="13cdc9d9-ddb5-4fa4-a97d-d965ccfc6d4b" outcome="Passed" testListId="8c84fa94-04c1-424b-9868-57a2d4851a1d" relativeResultsDirectory="75ce6a9c-b013-4466-bef8-e45902bb57c8" />
    <UnitTestResult executionId="cc4783d0-18c4-4a2d-9d57-4eb2be2fa512" testId="fc737593-9371-f40c-41ad-c698f4310e2e" testName="TestUndeleteQueryItem_NonexistantQueryItem" computerName="TFSBUILD11" duration="00:00:00.0096079" startTime="2015-09-28T09:45:05.6760140-07:00" endTime="2015-09-28T09:45:05.6760140-07:00" testType="13cdc9d9-ddb5-4fa4-a97d-d965ccfc6d4b" outcome="Passed" testListId="8c84fa94-04c1-424b-9868-57a2d4851a1d" relativeResultsDirectory="cc4783d0-18c4-4a2d-9d57-4eb2be2fa512" />
    <UnitTestResult executionId="eb9ba235-41e3-49b7-bb88-21ff240805c1" testId="b17d445d-053f-fb06-905d-cead0539a605" testName="QueryItemComponent_TestGetChangedQueryItems" computerName="TFSBUILD11" duration="00:00:00.0174110" startTime="2015-09-28T09:45:05.6760140-07:00" endTime="2015-09-28T09:45:05.6916367-07:00" testType="13cdc9d9-ddb5-4fa4-a97d-d965ccfc6d4b" outcome="Passed" testListId="8c84fa94-04c1-424b-9868-57a2d4851a1d" relativeResultsDirectory="eb9ba235-41e3-49b7-bb88-21ff240805c1" />
    <UnitTestResult executionId="f4437994-e2f0-401e-b5aa-6cbfc5d9679b" testId="fc3e9a60-8c40-6989-400b-38dbbfecf69d" testName="QueryItemComponent5_TestGetChangedQueryItems" computerName="TFSBUILD11" duration="00:00:00.7033563" startTime="2015-09-28T09:45:05.6916367-07:00" endTime="2015-09-28T09:45:06.4104378-07:00" testType="13cdc9d9-ddb5-4fa4-a97d-d965ccfc6d4b" outcome="Passed" testListId="8c84fa94-04c1-424b-9868-57a2d4851a1d" relativeResultsDirectory="f4437994-e2f0-401e-b5aa-6cbfc5d9679b" />
    <UnitTestResult executionId="aeb98a83-b2cc-40b6-a998-cac079837e20" testId="aa21fc36-ba45-2f27-c8a5-47235e3433d7" testName="QueryItemComponent_TestGetPublicQueryItems" computerName="TFSBUILD11" duration="00:00:00.0125869" startTime="2015-09-28T09:45:06.4104378-07:00" endTime="2015-09-28T09:45:06.4104378-07:00" testType="13cdc9d9-ddb5-4fa4-a97d-d965ccfc6d4b" outcome="Passed" testListId="8c84fa94-04c1-424b-9868-57a2d4851a1d" relativeResultsDirectory="aeb98a83-b2cc-40b6-a998-cac079837e20" />
    <UnitTestResult executionId="ef291ded-e222-415a-86dd-deb3f6ccf629" testId="2983d147-661a-c290-948d-ba04aae77a31" testName="QueryItemComponent5_TestGetPublicQueryItems" computerName="TFSBUILD11" duration="00:00:00.0114679" startTime="2015-09-28T09:45:06.4104378-07:00" endTime="2015-09-28T09:45:06.4260651-07:00" testType="13cdc9d9-ddb5-4fa4-a97d-d965ccfc6d4b" outcome="Passed" testListId="8c84fa94-04c1-424b-9868-57a2d4851a1d" relativeResultsDirectory="ef291ded-e222-415a-86dd-deb3f6ccf629" />
    <UnitTestResult executionId="2ef18d00-6d22-4715-acb1-cff93b1de735" testId="32a6c4e2-56a0-8679-cf3a-544c51a02b1d" testName="QueryItemComponent_TestGetPrivateQueryItems" computerName="TFSBUILD11" duration="00:00:00.0269829" startTime="2015-09-28T09:45:06.4260651-07:00" endTime="2015-09-28T09:45:06.4573295-07:00" testType="13cdc9d9-ddb5-4fa4-a97d-d965ccfc6d4b" outcome="Passed" testListId="8c84fa94-04c1-424b-9868-57a2d4851a1d" relativeResultsDirectory="2ef18d00-6d22-4715-acb1-cff93b1de735" />
    <UnitTestResult executionId="81f5b844-3034-44ee-82fd-ed5fcf0918b0" testId="169721cc-67d2-906d-75a5-e6c2b72d9a62" testName="QueryItemComponent5_TestGetPrivateQueryItems" computerName="TFSBUILD11" duration="00:00:00.0529213" startTime="2015-09-28T09:45:06.4573295-07:00" endTime="2015-09-28T09:45:06.5042082-07:00" testType="13cdc9d9-ddb5-4fa4-a97d-d965ccfc6d4b" outcome="Passed" testListId="8c84fa94-04c1-424b-9868-57a2d4851a1d" relativeResultsDirectory="81f5b844-3034-44ee-82fd-ed5fcf0918b0" />
    <UnitTestResult executionId="6a225863-135c-438c-a0fe-c13db550191a" testId="b7b5076a-36ec-3655-8c27-43016bebba26" testName="QueryItemComponent_TestGetPublicQueryItemsTimestamp" computerName="TFSBUILD11" duration="00:00:00.0418653" startTime="2015-09-28T09:45:06.5042082-07:00" endTime="2015-09-28T09:45:06.5510822-07:00" testType="13cdc9d9-ddb5-4fa4-a97d-d965ccfc6d4b" outcome="Passed" testListId="8c84fa94-04c1-424b-9868-57a2d4851a1d" relativeResultsDirectory="6a225863-135c-438c-a0fe-c13db550191a" />
    <UnitTestResult executionId="5b28e7ca-ccba-41bb-87d1-a212884a9433" testId="a6fd8e33-8b0b-6b60-3042-1afb0fbe7f61" testName="QueryItemComponent5_TestGetPublicQueryItemsTimestamp" computerName="TFSBUILD11" duration="00:00:00.0393121" startTime="2015-09-28T09:45:06.5510822-07:00" endTime="2015-09-28T09:45:06.5979603-07:00" testType="13cdc9d9-ddb5-4fa4-a97d-d965ccfc6d4b" outcome="Passed" testListId="8c84fa94-04c1-424b-9868-57a2d4851a1d" relativeResultsDirectory="5b28e7ca-ccba-41bb-87d1-a212884a9433" />
    <UnitTestResult executionId="1aaef8ea-3d21-43b7-b17a-4d0e92e28a50" testId="fdf4b9fa-ecfe-9b60-56fa-9fa39327a8d3" testName="TestCreateMyQueriesFolder" computerName="TFSBUILD11" duration="00:00:00.0555462" startTime="2015-09-28T09:45:06.5979603-07:00" endTime="2015-09-28T09:45:06.6448366-07:00" testType="13cdc9d9-ddb5-4fa4-a97d-d965ccfc6d4b" outcome="Passed" testListId="8c84fa94-04c1-424b-9868-57a2d4851a1d" relativeResultsDirectory="1aaef8ea-3d21-43b7-b17a-4d0e92e28a50" />
    <UnitTestResult executionId="47667e5e-a658-4414-a9d6-7f3c6c6e9577" testId="a82ee7ed-6551-48f7-31e5-ce7d7687b29b" testName="QueryItemComponent6_TestCreateMyQueriesFolder" computerName="TFSBUILD11" duration="00:00:01.1659127" startTime="2015-09-28T09:45:06.6448366-07:00" endTime="2015-09-28T09:45:07.8167881-07:00" testType="13cdc9d9-ddb5-4fa4-a97d-d965ccfc6d4b" outcome="Passed" testListId="8c84fa94-04c1-424b-9868-57a2d4851a1d" relativeResultsDirectory="47667e5e-a658-4414-a9d6-7f3c6c6e9577" />
    <UnitTestResult executionId="e48e2d83-868d-4be6-8363-426fbe6c75a1" testId="04dcb366-534f-f39d-6354-f88713675fba" testName="TestCreatePublicQueriesFolder" computerName="TFSBUILD11" duration="00:00:00.0103568" startTime="2015-09-28T09:45:07.8167881-07:00" endTime="2015-09-28T09:45:07.8167881-07:00" testType="13cdc9d9-ddb5-4fa4-a97d-d965ccfc6d4b" outcome="Passed" testListId="8c84fa94-04c1-424b-9868-57a2d4851a1d" relativeResultsDirectory="e48e2d83-868d-4be6-8363-426fbe6c75a1" />
    <UnitTestResult executionId="eb181f8f-e134-40ec-8ef1-10b2a0a0f211" testId="0948d4df-b7c1-09b1-b1bb-99e50a82e853" testName="QueryItemComponent6_TestCreatePublicQueriesFolder" computerName="TFSBUILD11" duration="00:00:00.0141294" startTime="2015-09-28T09:45:07.8167881-07:00" endTime="2015-09-28T09:45:07.8323986-07:00" testType="13cdc9d9-ddb5-4fa4-a97d-d965ccfc6d4b" outcome="Passed" testListId="8c84fa94-04c1-424b-9868-57a2d4851a1d" relativeResultsDirectory="eb181f8f-e134-40ec-8ef1-10b2a0a0f211" />
    <UnitTestResult executionId="e6a37d26-a8cf-466e-8216-a0cc35ce7256" testId="82920493-b9c2-df5b-2d04-637f13d4b569" testName="ValidateFieldsAreInTemplate" computerName="TFSBUILD11" startTime="2015-09-28T09:45:07.8323986-07:00" endTime="2015-09-28T09:45:07.8323986-07:00" testType="13cdc9d9-ddb5-4fa4-a97d-d965ccfc6d4b" outcome="NotExecuted" testListId="8c84fa94-04c1-424b-9868-57a2d4851a1d" relativeResultsDirectory="e6a37d26-a8cf-466e-8216-a0cc35ce7256" />
    <UnitTestResult executionId="3819075c-659e-43a3-a168-822295c14e33" testId="868cb8c3-1986-01a6-f3dc-6facc92b7cc6" testName="ValidateFormIsInTemplate" computerName="TFSBUILD11" startTime="2015-09-28T09:45:07.8323986-07:00" endTime="2015-09-28T09:45:07.8323986-07:00" testType="13cdc9d9-ddb5-4fa4-a97d-d965ccfc6d4b" outcome="NotExecuted" testListId="8c84fa94-04c1-424b-9868-57a2d4851a1d" relativeResultsDirectory="3819075c-659e-43a3-a168-822295c14e33" />
    <UnitTestResult executionId="20f0df98-75fe-4f6c-bd86-9989cd6b8f05" testId="523634b3-ddff-a787-4cc6-d236f5f731cc" testName="ValidateTransitionsAreInTemplate" computerName="TFSBUILD11" startTime="2015-09-28T09:45:07.8323986-07:00" endTime="2015-09-28T09:45:07.8323986-07:00" testType="13cdc9d9-ddb5-4fa4-a97d-d965ccfc6d4b" outcome="NotExecuted" testListId="8c84fa94-04c1-424b-9868-57a2d4851a1d" relativeResultsDirectory="20f0df98-75fe-4f6c-bd86-9989cd6b8f05" />
    <UnitTestResult executionId="123a1610-1990-46c3-943b-54525404cf89" testId="b7c29beb-fe90-4b4c-af88-4e3a021b82cf" testName="WorkItemTrackingMetadataComponent_TestGetFieldRecords" computerName="TFSBUILD11" duration="00:00:01.4601906" startTime="2015-09-28T09:45:07.8323986-07:00" endTime="2015-09-28T09:45:09.3012644-07:00" testType="13cdc9d9-ddb5-4fa4-a97d-d965ccfc6d4b" outcome="Passed" testListId="8c84fa94-04c1-424b-9868-57a2d4851a1d" relativeResultsDirectory="123a1610-1990-46c3-943b-54525404cf89" />
    <UnitTestResult executionId="1ef4714f-31d0-4990-8987-05396ff2be08" testId="4a927fe3-5383-5a7f-8021-1f0c4a2b2e0a" testName="WorkItemTrackingMetadataComponent9_TestGetFieldRecords" computerName="TFSBUILD11" duration="00:00:01.4928997" startTime="2015-09-28T09:45:09.3012644-07:00" endTime="2015-09-28T09:45:10.7857487-07:00" testType="13cdc9d9-ddb5-4fa4-a97d-d965ccfc6d4b" outcome="Passed" testListId="8c84fa94-04c1-424b-9868-57a2d4851a1d" relativeResultsDirectory="1ef4714f-31d0-4990-8987-05396ff2be08" />
    <UnitTestResult executionId="76a5c60d-0e2f-4eda-bff9-dc42deb03ee0" testId="4038207b-1216-0aa4-f786-1dd9c326f76d" testName="TestGetLinkTypes" computerName="TFSBUILD11" duration="00:00:00.0156506" startTime="2015-09-28T09:45:10.7857487-07:00" endTime="2015-09-28T09:45:10.8013754-07:00" testType="13cdc9d9-ddb5-4fa4-a97d-d965ccfc6d4b" outcome="Passed" testListId="8c84fa94-04c1-424b-9868-57a2d4851a1d" relativeResultsDirectory="76a5c60d-0e2f-4eda-bff9-dc42deb03ee0" />
    <UnitTestResult executionId="2f127b98-db94-42b7-81f2-278db5cc6aea" testId="68a72a78-0726-f084-c28e-a5c677480a20" testName="TestInstallWorkItemWordsContains" computerName="TFSBUILD11" duration="00:00:00.0201531" startTime="2015-09-28T09:45:10.8013754-07:00" endTime="2015-09-28T09:45:10.8326273-07:00" testType="13cdc9d9-ddb5-4fa4-a97d-d965ccfc6d4b" outcome="Passed" testListId="8c84fa94-04c1-424b-9868-57a2d4851a1d" relativeResultsDirectory="2f127b98-db94-42b7-81f2-278db5cc6aea" />
    <UnitTestResult executionId="90eb7dd1-24b7-401a-a2fa-c66edbd995bc" testId="8420fbc3-4c0f-ad9f-798d-839c2eef0949" testName="TestGetCollationInfo" computerName="TFSBUILD11" duration="00:00:00.0151335" startTime="2015-09-28T09:45:10.8326273-07:00" endTime="2015-09-28T09:45:10.8482534-07:00" testType="13cdc9d9-ddb5-4fa4-a97d-d965ccfc6d4b" outcome="Passed" testListId="8c84fa94-04c1-424b-9868-57a2d4851a1d" relativeResultsDirectory="90eb7dd1-24b7-401a-a2fa-c66edbd995bc" />
    <UnitTestResult executionId="efce1f95-b8e8-4176-9aa0-f9ce76b6fc68" testId="45516314-afea-ea5a-5906-b779904faf20" testName="TestGetMetadataTableTimestamps" computerName="TFSBUILD11" duration="00:00:00.0162508" startTime="2015-09-28T09:45:10.8482534-07:00" endTime="2015-09-28T09:45:10.8638792-07:00" testType="13cdc9d9-ddb5-4fa4-a97d-d965ccfc6d4b" outcome="Passed" testListId="8c84fa94-04c1-424b-9868-57a2d4851a1d" relativeResultsDirectory="efce1f95-b8e8-4176-9aa0-f9ce76b6fc68" />
    <UnitTestResult executionId="5e9c1549-e2d2-4069-ac37-fdcb2cb05e31" testId="0d888b0c-534b-b796-fd52-4795175ca8fe" testName="TestGetMetadataTableTimestamps_SomeTableNames" computerName="TFSBUILD11" duration="00:00:00.0207342" startTime="2015-09-28T09:45:10.8638792-07:00" endTime="2015-09-28T09:45:10.8795053-07:00" testType="13cdc9d9-ddb5-4fa4-a97d-d965ccfc6d4b" outcome="Passed" testListId="8c84fa94-04c1-424b-9868-57a2d4851a1d" relativeResultsDirectory="5e9c1549-e2d2-4069-ac37-fdcb2cb05e31" />
    <UnitTestResult executionId="5ac0d348-f09f-440b-80ee-43ef8633b94d" testId="96f771a5-ac9c-4ca0-ae0e-64fcd8f8f8be" testName="TestGetMetadataTableTimestamps_NullTableNames" computerName="TFSBUILD11" duration="00:00:00.0242536" startTime="2015-09-28T09:45:10.8795053-07:00" endTime="2015-09-28T09:45:10.9107598-07:00" testType="13cdc9d9-ddb5-4fa4-a97d-d965ccfc6d4b" outcome="Passed" testListId="8c84fa94-04c1-424b-9868-57a2d4851a1d" relativeResultsDirectory="5ac0d348-f09f-440b-80ee-43ef8633b94d" />
    <UnitTestResult executionId="7bfc6cea-bf18-465b-aa02-071b909379da" testId="e7ef51ff-c13f-3cc3-48e0-f5fd288ff87b" testName="TestGetRules" computerName="TFSBUILD11" duration="00:00:00.1627158" startTime="2015-09-28T09:45:10.9107598-07:00" endTime="2015-09-28T09:45:11.0670053-07:00" testType="13cdc9d9-ddb5-4fa4-a97d-d965ccfc6d4b" outcome="Passed" testListId="8c84fa94-04c1-424b-9868-57a2d4851a1d" relativeResultsDirectory="7bfc6cea-bf18-465b-aa02-071b909379da" />
    <UnitTestResult executionId="ccc65844-f966-4c30-badf-361894d65c39" testId="a5cdc9eb-ff94-5ccd-028d-82f4d792b22e" testName="TestGetRules_NullWorkItemTypeName" computerName="TFSBUILD11" duration="00:00:00.0906679" startTime="2015-09-28T09:45:11.0670053-07:00" endTime="2015-09-28T09:45:11.1607614-07:00" testType="13cdc9d9-ddb5-4fa4-a97d-d965ccfc6d4b" outcome="Passed" testListId="8c84fa94-04c1-424b-9868-57a2d4851a1d" relativeResultsDirectory="ccc65844-f966-4c30-badf-361894d65c39" />
    <UnitTestResult executionId="1f6aa163-87a9-49d8-bc55-43050aff0db9" testId="81ea6b05-3214-3250-1dcf-632ca6dac3a9" testName="TestGetActions" computerName="TFSBUILD11" duration="00:00:00.0644638" startTime="2015-09-28T09:45:11.1607614-07:00" endTime="2015-09-28T09:45:11.2232656-07:00" testType="13cdc9d9-ddb5-4fa4-a97d-d965ccfc6d4b" outcome="Passed" testListId="8c84fa94-04c1-424b-9868-57a2d4851a1d" relativeResultsDirectory="1f6aa163-87a9-49d8-bc55-43050aff0db9" />
    <UnitTestResult executionId="c0aa0940-2d52-478f-a438-01ade86c04ff" testId="e609cc00-dbb9-4bce-90bb-1318b9b3c994" testName="TestGetConstantSets" computerName="TFSBUILD11" duration="00:00:00.0760870" startTime="2015-09-28T09:45:11.2232656-07:00" endTime="2015-09-28T09:45:11.3013958-07:00" testType="13cdc9d9-ddb5-4fa4-a97d-d965ccfc6d4b" outcome="Passed" testListId="8c84fa94-04c1-424b-9868-57a2d4851a1d" relativeResultsDirectory="c0aa0940-2d52-478f-a438-01ade86c04ff" />
    <UnitTestResult executionId="bd000234-4602-49e0-bb5d-5bcc047502c1" testId="c65bd3f2-143e-0f84-4f74-41ae43d3ae9b" testName="TestGetConstantSets_NullSetReference" computerName="TFSBUILD11" duration="00:00:00.0878735" startTime="2015-09-28T09:45:11.3013958-07:00" endTime="2015-09-28T09:45:11.3951809-07:00" testType="13cdc9d9-ddb5-4fa4-a97d-d965ccfc6d4b" outcome="Passed" testListId="8c84fa94-04c1-424b-9868-57a2d4851a1d" relativeResultsDirectory="bd000234-4602-49e0-bb5d-5bcc047502c1" />
    <UnitTestResult executionId="e62070a4-aef6-42ce-9d63-769b5f370ea9" testId="2ada4346-dcbd-f37a-788c-4d324726a481" testName="WorkItemTrackingMetadataComponent8_TestGetConstantSets" computerName="TFSBUILD11" duration="00:00:01.5237530" startTime="2015-09-28T09:45:11.3951809-07:00" endTime="2015-09-28T09:45:12.9109001-07:00" testType="13cdc9d9-ddb5-4fa4-a97d-d965ccfc6d4b" outcome="Passed" testListId="8c84fa94-04c1-424b-9868-57a2d4851a1d" relativeResultsDirectory="e62070a4-aef6-42ce-9d63-769b5f370ea9" />
    <UnitTestResult executionId="71cdb75a-0a8d-40a7-ab5a-76172e76ca9e" testId="2f8002f8-900e-6f5f-b797-dc362da838e0" testName="WorkItemTrackingMetadataComponent8_TestGetConstantSets_NullSetReference" computerName="TFSBUILD11" duration="00:00:00.0196212" startTime="2015-09-28T09:45:12.9109001-07:00" endTime="2015-09-28T09:45:12.9421531-07:00" testType="13cdc9d9-ddb5-4fa4-a97d-d965ccfc6d4b" outcome="Passed" testListId="8c84fa94-04c1-424b-9868-57a2d4851a1d" relativeResultsDirectory="71cdb75a-0a8d-40a7-ab5a-76172e76ca9e" />
    <UnitTestResult executionId="c28a0fab-0ca3-4ec3-b446-bf14dbd6a7e3" testId="9f7853f5-26ef-796e-7520-f52542b3fcba" testName="TestGetConstantRecords_IntConstantIds" computerName="TFSBUILD11" duration="00:00:00.0173778" startTime="2015-09-28T09:45:12.9421531-07:00" endTime="2015-09-28T09:45:12.9577778-07:00" testType="13cdc9d9-ddb5-4fa4-a97d-d965ccfc6d4b" outcome="Passed" testListId="8c84fa94-04c1-424b-9868-57a2d4851a1d" relativeResultsDirectory="c28a0fab-0ca3-4ec3-b446-bf14dbd6a7e3" />
    <UnitTestResult executionId="5004abc4-0adb-42e7-8dcf-a7ef9fcb11c1" testId="83ddd997-2743-33fe-ce0e-67ae56d5ba1f" testName="TestGetConstantRecords_IntConstantIds_NullParameter" computerName="TFSBUILD11" duration="00:00:00.0140688" startTime="2015-09-28T09:45:12.9577778-07:00" endTime="2015-09-28T09:45:12.9734042-07:00" testType="13cdc9d9-ddb5-4fa4-a97d-d965ccfc6d4b" outcome="Passed" testListId="8c84fa94-04c1-424b-9868-57a2d4851a1d" relativeResultsDirectory="5004abc4-0adb-42e7-8dcf-a7ef9fcb11c1" />
    <UnitTestResult executionId="a845be42-95b4-43fb-893b-bc1ea75e83a8" testId="8bed448e-166e-773b-e59f-e43011b68795" testName="TestGetConstantRecords_GuidConstantIds" computerName="TFSBUILD11" duration="00:00:00.0175669" startTime="2015-09-28T09:45:12.9734042-07:00" endTime="2015-09-28T09:45:12.9890306-07:00" testType="13cdc9d9-ddb5-4fa4-a97d-d965ccfc6d4b" outcome="Passed" testListId="8c84fa94-04c1-424b-9868-57a2d4851a1d" relativeResultsDirectory="a845be42-95b4-43fb-893b-bc1ea75e83a8" />
    <UnitTestResult executionId="8433f8e9-01d6-4a72-8150-abe982b7c2cd" testId="868a160d-3190-eb40-e708-0b04d4968dbb" testName="TestGetConstantRecords_GuidConstantIds_NullParameter" computerName="TFSBUILD11" duration="00:00:00.0147009" startTime="2015-09-28T09:45:12.9890306-07:00" endTime="2015-09-28T09:45:13.0046567-07:00" testType="13cdc9d9-ddb5-4fa4-a97d-d965ccfc6d4b" outcome="Passed" testListId="8c84fa94-04c1-424b-9868-57a2d4851a1d" relativeResultsDirectory="8433f8e9-01d6-4a72-8150-abe982b7c2cd" />
    <UnitTestResult executionId="581edec9-db88-4443-97d0-73f2c3c3a254" testId="96a05224-3bb1-8d04-c052-e4e7debd583e" testName="WorkItemTrackingMetadataComponent8_TestGetConstantRecords_IntConstantIds" computerName="TFSBUILD11" duration="00:00:00.0207865" startTime="2015-09-28T09:45:13.0046567-07:00" endTime="2015-09-28T09:45:13.0202837-07:00" testType="13cdc9d9-ddb5-4fa4-a97d-d965ccfc6d4b" outcome="Passed" testListId="8c84fa94-04c1-424b-9868-57a2d4851a1d" relativeResultsDirectory="581edec9-db88-4443-97d0-73f2c3c3a254" />
    <UnitTestResult executionId="c3ba0226-44cd-44ad-aa8b-da167a48c93f" testId="e52aad75-fc0b-6107-1bf4-09a12c5c3bf5" testName="WorkItemTrackingMetadataComponent8_TestGetConstantRecords_IntConstantIds_NullParameter" computerName="TFSBUILD11" duration="00:00:00.0154373" startTime="2015-09-28T09:45:13.0202837-07:00" endTime="2015-09-28T09:45:13.0359092-07:00" testType="13cdc9d9-ddb5-4fa4-a97d-d965ccfc6d4b" outcome="Passed" testListId="8c84fa94-04c1-424b-9868-57a2d4851a1d" relativeResultsDirectory="c3ba0226-44cd-44ad-aa8b-da167a48c93f" />
    <UnitTestResult executionId="29664a00-69b3-438b-b8f1-8c74b8effd97" testId="a6133153-3f39-a188-5caf-7aa49ae562f6" testName="WorkItemTrackingMetadataComponent_TestGetConstantRecordsFromPersonNames" computerName="TFSBUILD11" duration="00:00:00.0157246" startTime="2015-09-28T09:45:13.0359092-07:00" endTime="2015-09-28T09:45:13.0515348-07:00" testType="13cdc9d9-ddb5-4fa4-a97d-d965ccfc6d4b" outcome="Passed" testListId="8c84fa94-04c1-424b-9868-57a2d4851a1d" relativeResultsDirectory="29664a00-69b3-438b-b8f1-8c74b8effd97" />
    <UnitTestResult executionId="cc17d616-1411-4b57-9d88-46e02fc1f2a6" testId="7ebd8528-72de-23a3-54bc-5ec232da095d" testName="WorkItemTrackingMetadataComponent_TestGetConstantRecordsFromPersonNames_NullParameter" computerName="TFSBUILD11" duration="00:00:00.0192898" startTime="2015-09-28T09:45:13.0515348-07:00" endTime="2015-09-28T09:45:13.0671617-07:00" testType="13cdc9d9-ddb5-4fa4-a97d-d965ccfc6d4b" outcome="Passed" testListId="8c84fa94-04c1-424b-9868-57a2d4851a1d" relativeResultsDirectory="cc17d616-1411-4b57-9d88-46e02fc1f2a6" />
    <UnitTestResult executionId="693465ed-52e4-4bf8-8362-a9eff40bc04c" testId="34a214eb-d210-9956-cb54-386b8a3652de" testName="TestGetWorkItemTypes" computerName="TFSBUILD11" duration="00:00:00.0370052" startTime="2015-09-28T09:45:13.0671617-07:00" endTime="2015-09-28T09:45:13.1140526-07:00" testType="13cdc9d9-ddb5-4fa4-a97d-d965ccfc6d4b" outcome="Passed" testListId="8c84fa94-04c1-424b-9868-57a2d4851a1d" relativeResultsDirectory="693465ed-52e4-4bf8-8362-a9eff40bc04c" />
    <UnitTestResult executionId="8c93b780-463e-46a9-accd-a7a0f258feba" testId="f07ab34d-9099-ae70-1305-2de8cbad6b16" testName="TestGetWorkItemTypes_NullParameter" computerName="TFSBUILD11" duration="00:00:00.0848663" startTime="2015-09-28T09:45:13.1140526-07:00" endTime="2015-09-28T09:45:13.1921840-07:00" testType="13cdc9d9-ddb5-4fa4-a97d-d965ccfc6d4b" outcome="Passed" testListId="8c84fa94-04c1-424b-9868-57a2d4851a1d" relativeResultsDirectory="8c93b780-463e-46a9-accd-a7a0f258feba" />
    <UnitTestResult executionId="a60678e5-ac05-4247-8407-4aa3795d78f6" testId="9ef093d4-0e2a-e9a8-d1f6-bf46dfac65b4" testName="GetCorrectCountOfWorkItemTypes" computerName="TFSBUILD11" duration="00:00:01.4559914" startTime="2015-09-28T09:45:13.1921840-07:00" endTime="2015-09-28T09:45:14.6453981-07:00" testType="13cdc9d9-ddb5-4fa4-a97d-d965ccfc6d4b" outcome="Passed" testListId="8c84fa94-04c1-424b-9868-57a2d4851a1d" relativeResultsDirectory="a60678e5-ac05-4247-8407-4aa3795d78f6" />
    <UnitTestResult executionId="ab99c26c-7c2d-4bba-a037-ec1e06b62db1" testId="257e59bf-91ce-75ba-b0c9-ab7be8bdb218" testName="WorkItemTypeInheritsFromProjectAndCollectionWorkFlows" computerName="TFSBUILD11" duration="00:00:00.0233107" startTime="2015-09-28T09:45:14.6453981-07:00" endTime="2015-09-28T09:45:14.6766515-07:00" testType="13cdc9d9-ddb5-4fa4-a97d-d965ccfc6d4b" outcome="Passed" testListId="8c84fa94-04c1-424b-9868-57a2d4851a1d" relativeResultsDirectory="ab99c26c-7c2d-4bba-a037-ec1e06b62db1" />
    <UnitTestResult executionId="311db174-b033-4a59-b93c-4483cb1ec8d4" testId="1b98f460-704c-90cd-a598-21f94c492322" testName="CollectionWorkflowWillContainsItsFields" computerName="TFSBUILD11" duration="00:00:00.0169818" startTime="2015-09-28T09:45:14.6766515-07:00" endTime="2015-09-28T09:45:14.6922770-07:00" testType="13cdc9d9-ddb5-4fa4-a97d-d965ccfc6d4b" outcome="Passed" testListId="8c84fa94-04c1-424b-9868-57a2d4851a1d" relativeResultsDirectory="311db174-b033-4a59-b93c-4483cb1ec8d4" />
    <UnitTestResult executionId="53625b3c-70c5-4874-927d-f7baf0528eb9" testId="34011c74-406a-2998-2b91-52b732e83471" testName="ProjectnWorkflowWillContainsItsFields" computerName="TFSBUILD11" duration="00:00:00.0166496" startTime="2015-09-28T09:45:14.6922770-07:00" endTime="2015-09-28T09:45:14.7079043-07:00" testType="13cdc9d9-ddb5-4fa4-a97d-d965ccfc6d4b" outcome="Passed" testListId="8c84fa94-04c1-424b-9868-57a2d4851a1d" relativeResultsDirectory="53625b3c-70c5-4874-927d-f7baf0528eb9" />
    <UnitTestResult executionId="d46c3059-a621-45bd-973f-955c8cc40c10" testId="91391a1a-44e1-0623-6fdb-5a471d8888bf" testName="AllowNullProjectIdArgument" computerName="TFSBUILD11" duration="00:00:00.0163248" startTime="2015-09-28T09:45:14.7079043-07:00" endTime="2015-09-28T09:45:14.7235290-07:00" testType="13cdc9d9-ddb5-4fa4-a97d-d965ccfc6d4b" outcome="Passed" testListId="8c84fa94-04c1-424b-9868-57a2d4851a1d" relativeResultsDirectory="d46c3059-a621-45bd-973f-955c8cc40c10" />
    <UnitTestResult executionId="fb8a06da-76cd-406d-af2b-0f5739027a5a" testId="c175e5ba-1639-70eb-2705-36b255f1600f" testName="TestGetWorkItemTypeCategories" computerName="TFSBUILD11" duration="00:00:00.0214871" startTime="2015-09-28T09:45:14.7235290-07:00" endTime="2015-09-28T09:45:14.7391548-07:00" testType="13cdc9d9-ddb5-4fa4-a97d-d965ccfc6d4b" outcome="Passed" testListId="8c84fa94-04c1-424b-9868-57a2d4851a1d" relativeResultsDirectory="fb8a06da-76cd-406d-af2b-0f5739027a5a" />
    <UnitTestResult executionId="4e0b5224-24fe-4857-a02f-10a74b15244e" testId="a586eceb-c1a8-0aac-6dba-153002690915" testName="TestGetWorkItemTypeCategories" computerName="TFSBUILD11" duration="00:00:00.0176779" startTime="2015-09-28T09:45:14.7391548-07:00" endTime="2015-09-28T09:45:14.7704084-07:00" testType="13cdc9d9-ddb5-4fa4-a97d-d965ccfc6d4b" outcome="Passed" testListId="8c84fa94-04c1-424b-9868-57a2d4851a1d" relativeResultsDirectory="4e0b5224-24fe-4857-a02f-10a74b15244e" />
    <UnitTestResult executionId="87329d6d-a45e-4a38-a1c3-094eb0ac6952" testId="1daba68f-c658-7b5f-c4e1-e94d4d740e6a" testName="TestUpdateWorkItemTypeNames" computerName="TFSBUILD11" duration="00:00:00.9558130" startTime="2015-09-28T09:45:14.7704084-07:00" endTime="2015-09-28T09:45:15.7235995-07:00" testType="13cdc9d9-ddb5-4fa4-a97d-d965ccfc6d4b" outcome="Passed" testListId="8c84fa94-04c1-424b-9868-57a2d4851a1d" relativeResultsDirectory="87329d6d-a45e-4a38-a1c3-094eb0ac6952" />
    <UnitTestResult executionId="363d3846-b02d-456a-9683-bf895d7f3464" testId="2f3f38ef-23d3-0cab-4d72-923e2a8fb4a3" testName="TestUpdateWorkItemTypeNames_NullNames" computerName="TFSBUILD11" duration="00:00:00.0179856" startTime="2015-09-28T09:45:15.7235995-07:00" endTime="2015-09-28T09:45:15.7392256-07:00" testType="13cdc9d9-ddb5-4fa4-a97d-d965ccfc6d4b" outcome="Passed" testListId="8c84fa94-04c1-424b-9868-57a2d4851a1d" relativeResultsDirectory="363d3846-b02d-456a-9683-bf895d7f3464" />
    <UnitTestResult executionId="59a29889-b1dd-4013-bb56-091c06e9ca9b" testId="dbc1aafe-5d7a-713e-8bfc-a06996c0a53b" testName="TestSearchConstantIdentityRecords" computerName="TFSBUILD11" duration="00:00:00.0186962" startTime="2015-09-28T09:45:15.7392256-07:00" endTime="2015-09-28T09:45:15.7548531-07:00" testType="13cdc9d9-ddb5-4fa4-a97d-d965ccfc6d4b" outcome="Passed" testListId="8c84fa94-04c1-424b-9868-57a2d4851a1d" relativeResultsDirectory="59a29889-b1dd-4013-bb56-091c06e9ca9b" />
    <UnitTestResult executionId="5ec460b7-55a7-45e7-9a7b-4187a6491ac1" testId="01103c4c-61d3-b479-a687-99bf9a354204" testName="TestSearchConstantIdentityRecords_NullSearchTerm" computerName="TFSBUILD11" duration="00:00:00.0188847" startTime="2015-09-28T09:45:15.7548531-07:00" endTime="2015-09-28T09:45:15.7704793-07:00" testType="13cdc9d9-ddb5-4fa4-a97d-d965ccfc6d4b" outcome="Passed" testListId="8c84fa94-04c1-424b-9868-57a2d4851a1d" relativeResultsDirectory="5ec460b7-55a7-45e7-9a7b-4187a6491ac1" />
    <UnitTestResult executionId="f18c0fda-68ce-4192-98c1-4c32b7bb7e3d" testId="90feca5f-2c42-9022-e864-9a7642b9c062" testName="TestSearchConstantsRecords" computerName="TFSBUILD11" duration="00:00:00.0350958" startTime="2015-09-28T09:45:15.7704793-07:00" endTime="2015-09-28T09:45:15.8173710-07:00" testType="13cdc9d9-ddb5-4fa4-a97d-d965ccfc6d4b" outcome="Passed" testListId="8c84fa94-04c1-424b-9868-57a2d4851a1d" relativeResultsDirectory="f18c0fda-68ce-4192-98c1-4c32b7bb7e3d" />
    <UnitTestResult executionId="12d6592e-6ffb-4225-8cc9-58ebb57851ef" testId="f871529c-8762-d4f5-1e12-e0f9ebe9676f" testName="TestSearchConstantsRecords_NullValues" computerName="TFSBUILD11" duration="00:00:00.1029587" startTime="2015-09-28T09:45:15.8173710-07:00" endTime="2015-09-28T09:45:15.9111225-07:00" testType="13cdc9d9-ddb5-4fa4-a97d-d965ccfc6d4b" outcome="Passed" testListId="8c84fa94-04c1-424b-9868-57a2d4851a1d" relativeResultsDirectory="12d6592e-6ffb-4225-8cc9-58ebb57851ef" />
    <UnitTestResult executionId="7b64b225-781a-45fe-8a59-2de33d36c403" testId="b1e16c69-8dd4-e9fc-fa04-1c3f9ffa757c" testName="TestSearchConstantsRecords_EmptyArray" computerName="TFSBUILD11" duration="00:00:00.0626095" startTime="2015-09-28T09:45:15.9111225-07:00" endTime="2015-09-28T09:45:15.9736269-07:00" testType="13cdc9d9-ddb5-4fa4-a97d-d965ccfc6d4b" outcome="Passed" testListId="8c84fa94-04c1-424b-9868-57a2d4851a1d" relativeResultsDirectory="7b64b225-781a-45fe-8a59-2de33d36c403" />
    <UnitTestResult executionId="a87ae550-a5e1-4060-be87-295bd30ac259" testId="f1a38b5a-0bff-3052-ee3a-91667c2ffd75" testName="TestSearchConstantsRecords_NullValue" computerName="TFSBUILD11" duration="00:00:00.0524784" startTime="2015-09-28T09:45:15.9736269-07:00" endTime="2015-09-28T09:45:16.0361283-07:00" testType="13cdc9d9-ddb5-4fa4-a97d-d965ccfc6d4b" outcome="Passed" testListId="8c84fa94-04c1-424b-9868-57a2d4851a1d" relativeResultsDirectory="a87ae550-a5e1-4060-be87-295bd30ac259" />
    <UnitTestResult executionId="11c177ad-0f0d-48ad-bbd3-dd31df333b45" testId="42c779cb-0ce6-4254-7fa1-8f7d58e21bc0" testName="TestGetAllClassificationNodes" computerName="TFSBUILD11" duration="00:00:00.0313605" startTime="2015-09-28T09:45:16.0361283-07:00" endTime="2015-09-28T09:45:16.0673805-07:00" testType="13cdc9d9-ddb5-4fa4-a97d-d965ccfc6d4b" outcome="Passed" testListId="8c84fa94-04c1-424b-9868-57a2d4851a1d" relativeResultsDirectory="11c177ad-0f0d-48ad-bbd3-dd31df333b45" />
    <UnitTestResult executionId="cc616454-3b85-49d0-9a06-5bf6809265a7" testId="21d4839b-d5c6-d3d8-71af-0964d170e6fb" testName="TestGetChangedClassificationNodes" computerName="TFSBUILD11" duration="00:00:00.0261514" startTime="2015-09-28T09:45:16.0673805-07:00" endTime="2015-09-28T09:45:16.0830046-07:00" testType="13cdc9d9-ddb5-4fa4-a97d-d965ccfc6d4b" outcome="Passed" testListId="8c84fa94-04c1-424b-9868-57a2d4851a1d" relativeResultsDirectory="cc616454-3b85-49d0-9a06-5bf6809265a7" />
    <UnitTestResult executionId="947f7698-92f9-4900-9bc8-17dfca67c287" testId="a149e0e8-260a-76f9-79ec-a5d8dfa5c71e" testName="WillThrowWhenRequestContextIsNull" computerName="TFSBUILD11" duration="00:00:00.1713563" startTime="2015-09-28T09:45:16.0830046-07:00" endTime="2015-09-28T09:45:16.2548913-07:00" testType="13cdc9d9-ddb5-4fa4-a97d-d965ccfc6d4b" outcome="Passed" testListId="8c84fa94-04c1-424b-9868-57a2d4851a1d" relativeResultsDirectory="947f7698-92f9-4900-9bc8-17dfca67c287" />
    <UnitTestResult executionId="97a5879b-c0f1-4a37-848b-4ee74bee5803" testId="5cc6b34c-0f48-d982-6360-3d5024976b24" testName="WillThrowWhenWorkItemUpdatesIsNull" computerName="TFSBUILD11" duration="00:00:00.0472324" startTime="2015-09-28T09:45:16.2548913-07:00" endTime="2015-09-28T09:45:16.3017676-07:00" testType="13cdc9d9-ddb5-4fa4-a97d-d965ccfc6d4b" outcome="Passed" testListId="8c84fa94-04c1-424b-9868-57a2d4851a1d" relativeResultsDirectory="97a5879b-c0f1-4a37-848b-4ee74bee5803" />
    <UnitTestResult executionId="fa705c41-cdb0-463b-b6be-5d1df11cae31" testId="01e0d978-68fe-25e4-eb20-833ae7eedf58" testName="WillReturnUnchangedWhenNoChangesToIdentityFields" computerName="TFSBUILD11" duration="00:00:00.1447728" startTime="2015-09-28T09:45:16.3017676-07:00" endTime="2015-09-28T09:45:16.4580409-07:00" testType="13cdc9d9-ddb5-4fa4-a97d-d965ccfc6d4b" outcome="Passed" testListId="8c84fa94-04c1-424b-9868-57a2d4851a1d" relativeResultsDirectory="fa705c41-cdb0-463b-b6be-5d1df11cae31" />
    <UnitTestResult executionId="85072e9b-608d-4d34-bbf0-a8f886046e3e" testId="a301ab80-0015-b191-d4c7-f701e538a79c" testName="WillCheckForIdentityFields" computerName="TFSBUILD11" duration="00:00:00.1426309" startTime="2015-09-28T09:45:16.4580409-07:00" endTime="2015-09-28T09:45:16.5986685-07:00" testType="13cdc9d9-ddb5-4fa4-a97d-d965ccfc6d4b" outcome="Passed" testListId="8c84fa94-04c1-424b-9868-57a2d4851a1d" relativeResultsDirectory="85072e9b-608d-4d34-bbf0-a8f886046e3e" />
    <UnitTestResult executionId="69831c44-ee4a-4454-9741-289464537fd8" testId="67b85733-16e2-1563-e855-e64361afff4c" testName="WillCreateAadUserAndUpdateTheFieldValue" computerName="TFSBUILD11" duration="00:00:00.1126978" startTime="2015-09-28T09:45:16.5986685-07:00" endTime="2015-09-28T09:45:16.7080490-07:00" testType="13cdc9d9-ddb5-4fa4-a97d-d965ccfc6d4b" outcome="Passed" testListId="8c84fa94-04c1-424b-9868-57a2d4851a1d" relativeResultsDirectory="69831c44-ee4a-4454-9741-289464537fd8" />
    <UnitTestResult executionId="45b9c61d-d628-47dd-8b8a-00bd13b02ffb" testId="09efb9b1-6131-37f6-7951-c6941a4927f6" testName="WillAssumeAadIdentityIsUserIfNoTypeIsGiven" computerName="TFSBUILD11" duration="00:00:00.0721762" startTime="2015-09-28T09:45:16.7080490-07:00" endTime="2015-09-28T09:45:16.7861782-07:00" testType="13cdc9d9-ddb5-4fa4-a97d-d965ccfc6d4b" outcome="Passed" testListId="8c84fa94-04c1-424b-9868-57a2d4851a1d" relativeResultsDirectory="45b9c61d-d628-47dd-8b8a-00bd13b02ffb" />
    <UnitTestResult executionId="8b372f09-64db-443d-ab3b-5675007e50a6" testId="6f278810-b9ce-c865-02a7-2039c5854a94" testName="WillTakeAmbiguousNamesInLegacyMode" computerName="TFSBUILD11" duration="00:00:00.0671136" startTime="2015-09-28T09:45:16.7861782-07:00" endTime="2015-09-28T09:45:16.8486809-07:00" testType="13cdc9d9-ddb5-4fa4-a97d-d965ccfc6d4b" outcome="Passed" testListId="8c84fa94-04c1-424b-9868-57a2d4851a1d" relativeResultsDirectory="8b372f09-64db-443d-ab3b-5675007e50a6" />
    <UnitTestResult executionId="c80c4416-4bdc-46fc-b8a1-96b1da5e941b" testId="754d66e2-a8c8-0ec7-d3e5-db887957775b" testName="WillTakeAmbiguousNamesInLegacyModeEvenWhenNonIdentityExists" computerName="TFSBUILD11" duration="00:00:00.0544875" startTime="2015-09-28T09:45:16.8486809-07:00" endTime="2015-09-28T09:45:16.9111859-07:00" testType="13cdc9d9-ddb5-4fa4-a97d-d965ccfc6d4b" outcome="Passed" testListId="8c84fa94-04c1-424b-9868-57a2d4851a1d" relativeResultsDirectory="c80c4416-4bdc-46fc-b8a1-96b1da5e941b" />
    <UnitTestResult executionId="33b75e21-7a01-4c3c-88bf-1e5b429b9b13" testId="51a5b61a-5bf6-c41c-31b2-6cdaa38c6b5f" testName="WillChooseNonIdentityWhenTwoUsersAmbiguousAndNonIdentityPresent" computerName="TFSBUILD11" duration="00:00:00.0566981" startTime="2015-09-28T09:45:16.9111859-07:00" endTime="2015-09-28T09:45:16.9580628-07:00" testType="13cdc9d9-ddb5-4fa4-a97d-d965ccfc6d4b" outcome="Passed" testListId="8c84fa94-04c1-424b-9868-57a2d4851a1d" relativeResultsDirectory="33b75e21-7a01-4c3c-88bf-1e5b429b9b13" />
    <UnitTestResult executionId="ca357491-f91c-43bc-8037-af13c384e168" testId="f4df928e-8d0f-8ab7-dd53-2c32ce67e0ce" testName="WillChooseNonIdentityWhenTwoUsersAmbiguousAndNonIdentityPresentAndNotInLegacyMode" computerName="TFSBUILD11" duration="00:00:00.0508602" startTime="2015-09-28T09:45:16.9580628-07:00" endTime="2015-09-28T09:45:17.0049434-07:00" testType="13cdc9d9-ddb5-4fa4-a97d-d965ccfc6d4b" outcome="Passed" testListId="8c84fa94-04c1-424b-9868-57a2d4851a1d" relativeResultsDirectory="ca357491-f91c-43bc-8037-af13c384e168" />
    <UnitTestResult executionId="3b9f6410-955f-453c-aa8e-1d3ebbc396ce" testId="266b40f4-ba7c-afbe-d007-28c1cfdfc02a" testName="WillCreateAadGroupAndUpdateTheFieldValue" computerName="TFSBUILD11" duration="00:00:00.0709010" startTime="2015-09-28T09:45:17.0049434-07:00" endTime="2015-09-28T09:45:17.0830851-07:00" testType="13cdc9d9-ddb5-4fa4-a97d-d965ccfc6d4b" outcome="Passed" testListId="8c84fa94-04c1-424b-9868-57a2d4851a1d" relativeResultsDirectory="3b9f6410-955f-453c-aa8e-1d3ebbc396ce" />
    <UnitTestResult executionId="77c98c46-2cdb-4f02-886e-fd12ca5a82a7" testId="8131f072-f9a8-e000-ebd1-eccea0adf39a" testName="WillHandleMissingAadIdentity" computerName="TFSBUILD11" duration="00:00:00.1164063" startTime="2015-09-28T09:45:17.0830851-07:00" endTime="2015-09-28T09:45:17.2080897-07:00" testType="13cdc9d9-ddb5-4fa4-a97d-d965ccfc6d4b" outcome="Passed" testListId="8c84fa94-04c1-424b-9868-57a2d4851a1d" relativeResultsDirectory="77c98c46-2cdb-4f02-886e-fd12ca5a82a7" />
    <UnitTestResult executionId="e7206f17-dd9f-431d-9656-01a06bb416b3" testId="7b19e56c-e15e-3f0c-dbdc-8eb450cb199d" testName="WillThrowNotInScopeExceptionWhenAadIdentityIsNotInScope" computerName="TFSBUILD11" duration="00:00:00.1076509" startTime="2015-09-28T09:45:17.2080897-07:00" endTime="2015-09-28T09:45:17.3018441-07:00" testType="13cdc9d9-ddb5-4fa4-a97d-d965ccfc6d4b" outcome="Passed" testListId="8c84fa94-04c1-424b-9868-57a2d4851a1d" relativeResultsDirectory="e7206f17-dd9f-431d-9656-01a06bb416b3" />
    <UnitTestResult executionId="7653ea0a-99b4-4347-9039-34465fb60376" testId="6173f37a-ab16-7bcc-2195-0bf0aad547fa" testName="WillAllowEmptyOrNullIdentityFieldValues" computerName="TFSBUILD11" duration="00:00:00.0763418" startTime="2015-09-28T09:45:17.3018441-07:00" endTime="2015-09-28T09:45:17.3799730-07:00" testType="13cdc9d9-ddb5-4fa4-a97d-d965ccfc6d4b" outcome="Passed" testListId="8c84fa94-04c1-424b-9868-57a2d4851a1d" relativeResultsDirectory="7653ea0a-99b4-4347-9039-34465fb60376" />
    <UnitTestResult executionId="822db482-7fb5-463c-8a49-3fbc4f456632" testId="384777e5-5f31-001e-55d6-2985205162da" testName="WillReturnAllResultsAsUnknown" computerName="TFSBUILD11" duration="00:00:00.0587390" startTime="2015-09-28T09:45:17.3799730-07:00" endTime="2015-09-28T09:45:17.4424760-07:00" testType="13cdc9d9-ddb5-4fa4-a97d-d965ccfc6d4b" outcome="Passed" testListId="8c84fa94-04c1-424b-9868-57a2d4851a1d" relativeResultsDirectory="822db482-7fb5-463c-8a49-3fbc4f456632" />
    <UnitTestResult executionId="31fb46f7-384d-4dc6-933e-06c25f68738d" testId="44096829-6fad-80eb-7955-eeca1e16e973" testName="WillAllowAnyValueIfRulesBypassed" computerName="TFSBUILD11" duration="00:00:00.0635220" startTime="2015-09-28T09:45:17.4424760-07:00" endTime="2015-09-28T09:45:17.5049796-07:00" testType="13cdc9d9-ddb5-4fa4-a97d-d965ccfc6d4b" outcome="Passed" testListId="8c84fa94-04c1-424b-9868-57a2d4851a1d" relativeResultsDirectory="31fb46f7-384d-4dc6-933e-06c25f68738d" />
    <UnitTestResult executionId="1cbc06f8-f1b7-4357-ba7a-5592426661f5" testId="5e83665a-8c6e-245e-94da-61f8c7b2ab31" testName="WillReturnSingleIdentityIfPerfectMatch" computerName="TFSBUILD11" duration="00:00:00.0589794" startTime="2015-09-28T09:45:17.5049796-07:00" endTime="2015-09-28T09:45:17.5674826-07:00" testType="13cdc9d9-ddb5-4fa4-a97d-d965ccfc6d4b" outcome="Passed" testListId="8c84fa94-04c1-424b-9868-57a2d4851a1d" relativeResultsDirectory="1cbc06f8-f1b7-4357-ba7a-5592426661f5" />
    <UnitTestResult executionId="2b3909d0-e9f5-4b7f-9b65-b31abd49f845" testId="977b7339-be42-0937-a1c4-ca627ce7d86c" testName="WillReturnIdentityWhenBypassRulesAndMatchingNonIdentityDisplayName" computerName="TFSBUILD11" duration="00:00:00.0537704" startTime="2015-09-28T09:45:17.5674826-07:00" endTime="2015-09-28T09:45:17.6143609-07:00" testType="13cdc9d9-ddb5-4fa4-a97d-d965ccfc6d4b" outcome="Passed" testListId="8c84fa94-04c1-424b-9868-57a2d4851a1d" relativeResultsDirectory="2b3909d0-e9f5-4b7f-9b65-b31abd49f845" />
    <UnitTestResult executionId="22cbe81f-54c9-4495-a77e-8dde6f1a936d" testId="cfee9279-6a0d-9d06-1656-b490faccf5cd" testName="WillReturnSingleNonIdentityForWorkItemSaveWithDisplayName" computerName="TFSBUILD11" duration="00:00:00.0496277" startTime="2015-09-28T09:45:17.6143609-07:00" endTime="2015-09-28T09:45:17.6768671-07:00" testType="13cdc9d9-ddb5-4fa4-a97d-d965ccfc6d4b" outcome="Passed" testListId="8c84fa94-04c1-424b-9868-57a2d4851a1d" relativeResultsDirectory="22cbe81f-54c9-4495-a77e-8dde6f1a936d" />
    <UnitTestResult executionId="cbcd1889-ae71-4983-a68b-4d034e77764c" testId="81b530e1-ac80-126f-679f-b98c7a9a33cc" testName="WillReturnAmbiguousNamesForWorkItemQueryWithDisplayName" computerName="TFSBUILD11" duration="00:00:00.0464946" startTime="2015-09-28T09:45:17.6768671-07:00" endTime="2015-09-28T09:45:17.7237429-07:00" testType="13cdc9d9-ddb5-4fa4-a97d-d965ccfc6d4b" outcome="Passed" testListId="8c84fa94-04c1-424b-9868-57a2d4851a1d" relativeResultsDirectory="cbcd1889-ae71-4983-a68b-4d034e77764c" />
    <UnitTestResult executionId="fec0455c-0fc3-4f80-9ad4-1ca020b0c819" testId="9142b19c-7eb2-f861-b62b-eb7a2609894e" testName="Will_merge_control_added_to_delta_into_matching_base_group" computerName="TFSBUILD11" duration="00:00:00.0180001" startTime="2015-09-28T09:45:17.7237429-07:00" endTime="2015-09-28T09:45:17.7393823-07:00" testType="13cdc9d9-ddb5-4fa4-a97d-d965ccfc6d4b" outcome="Passed" testListId="8c84fa94-04c1-424b-9868-57a2d4851a1d" relativeResultsDirectory="fec0455c-0fc3-4f80-9ad4-1ca020b0c819" />
    <UnitTestResult executionId="09073968-fe9c-460b-bd13-5e5e53b06851" testId="7e2cae64-6d97-5b81-a447-fecf060831aa" testName="Will_merge_control_added_to_delta_into_matching_base_control" computerName="TFSBUILD11" duration="00:00:00.0066673" startTime="2015-09-28T09:45:17.7393823-07:00" endTime="2015-09-28T09:45:17.7393823-07:00" testType="13cdc9d9-ddb5-4fa4-a97d-d965ccfc6d4b" outcome="Passed" testListId="8c84fa94-04c1-424b-9868-57a2d4851a1d" relativeResultsDirectory="09073968-fe9c-460b-bd13-5e5e53b06851" />
    <UnitTestResult executionId="f10c6b17-da5c-48f3-8f81-2c728e0036b9" testId="628ed6da-8a53-bbbd-f6db-a88ba1fdc085" testName="Will_merge_control_added_to_delta_into_matching_base_control_excluding_extra_properties" computerName="TFSBUILD11" duration="00:00:00.0052747" startTime="2015-09-28T09:45:17.7393823-07:00" endTime="2015-09-28T09:45:17.7550084-07:00" testType="13cdc9d9-ddb5-4fa4-a97d-d965ccfc6d4b" outcome="Passed" testListId="8c84fa94-04c1-424b-9868-57a2d4851a1d" relativeResultsDirectory="f10c6b17-da5c-48f3-8f81-2c728e0036b9" />
    <UnitTestResult executionId="93f2c3f1-a96d-4c9e-85b7-2cade34540b4" testId="401f0b7c-f1aa-a06e-6b0c-51ebd7388750" testName="Will_ignore_missing_groups_from_inherit_section" computerName="TFSBUILD11" duration="00:00:00.0025127" startTime="2015-09-28T09:45:17.7550084-07:00" endTime="2015-09-28T09:45:17.7550084-07:00" testType="13cdc9d9-ddb5-4fa4-a97d-d965ccfc6d4b" outcome="Passed" testListId="8c84fa94-04c1-424b-9868-57a2d4851a1d" relativeResultsDirectory="93f2c3f1-a96d-4c9e-85b7-2cade34540b4" />
    <UnitTestResult executionId="7fca1c61-681d-42ab-8c30-e27bb4d29d73" testId="ee29e6a6-5b6d-a78e-96d8-ae326e747a01" testName="Will_not_add_duplicate_control_ids" computerName="TFSBUILD11" duration="00:00:00.0025361" startTime="2015-09-28T09:45:17.7550084-07:00" endTime="2015-09-28T09:45:17.7550084-07:00" testType="13cdc9d9-ddb5-4fa4-a97d-d965ccfc6d4b" outcome="Passed" testListId="8c84fa94-04c1-424b-9868-57a2d4851a1d" relativeResultsDirectory="7fca1c61-681d-42ab-8c30-e27bb4d29d73" />
    <UnitTestResult executionId="9232880b-feb9-4463-bb1a-d7832b28c7ca" testId="a6e0f597-5da2-79e5-8074-07a8c3617d82" testName="Will_not_throw_if_layout_is_empty" computerName="TFSBUILD11" duration="00:00:00.0021304" startTime="2015-09-28T09:45:17.7550084-07:00" endTime="2015-09-28T09:45:17.7550084-07:00" testType="13cdc9d9-ddb5-4fa4-a97d-d965ccfc6d4b" outcome="Passed" testListId="8c84fa94-04c1-424b-9868-57a2d4851a1d" relativeResultsDirectory="9232880b-feb9-4463-bb1a-d7832b28c7ca" />
    <UnitTestResult executionId="39f2d6d7-1ad7-4cad-94c4-e78a0f094676" testId="9d733459-6478-dd15-5461-a9714b168ac6" testName="Will_not_throw_if_there_are_no_groups_in_inherit_section" computerName="TFSBUILD11" duration="00:00:00.0024979" startTime="2015-09-28T09:45:17.7550084-07:00" endTime="2015-09-28T09:45:17.7550084-07:00" testType="13cdc9d9-ddb5-4fa4-a97d-d965ccfc6d4b" outcome="Passed" testListId="8c84fa94-04c1-424b-9868-57a2d4851a1d" relativeResultsDirectory="39f2d6d7-1ad7-4cad-94c4-e78a0f094676" />
    <UnitTestResult executionId="a0f2983f-bfac-49d2-b173-28ca9bfae1e5" testId="ee9b62d4-2ab2-084c-03a7-bcf969210d71" testName="Will_add_control_to_group_in_empty_layout" computerName="TFSBUILD11" duration="00:00:00.0073901" startTime="2015-09-28T09:45:17.7550084-07:00" endTime="2015-09-28T09:45:17.7706340-07:00" testType="13cdc9d9-ddb5-4fa4-a97d-d965ccfc6d4b" outcome="Passed" testListId="8c84fa94-04c1-424b-9868-57a2d4851a1d" relativeResultsDirectory="a0f2983f-bfac-49d2-b173-28ca9bfae1e5" />
    <UnitTestResult executionId="a27a077c-bf38-41da-ada5-3fc1735ab37b" testId="7de57b99-7365-f031-4575-26b5637c8e31" testName="Will_add_control_to_existing_group_in_base_layout" computerName="TFSBUILD11" duration="00:00:00.0056308" startTime="2015-09-28T09:45:17.7706340-07:00" endTime="2015-09-28T09:45:17.7706340-07:00" testType="13cdc9d9-ddb5-4fa4-a97d-d965ccfc6d4b" outcome="Passed" testListId="8c84fa94-04c1-424b-9868-57a2d4851a1d" relativeResultsDirectory="a27a077c-bf38-41da-ada5-3fc1735ab37b" />
    <UnitTestResult executionId="f76e9917-bb0f-4fd6-bc04-5d02e606f44e" testId="0b01ada9-ee7e-471d-ed0d-a6afb2af7771" testName="Will_add_control_to_existing_group_in_delta_layout" computerName="TFSBUILD11" duration="00:00:00.0037478" startTime="2015-09-28T09:45:17.7706340-07:00" endTime="2015-09-28T09:45:17.7862331-07:00" testType="13cdc9d9-ddb5-4fa4-a97d-d965ccfc6d4b" outcome="Passed" testListId="8c84fa94-04c1-424b-9868-57a2d4851a1d" relativeResultsDirectory="f76e9917-bb0f-4fd6-bc04-5d02e606f44e" />
    <UnitTestResult executionId="98638fb4-d9cf-413b-9f61-7b681afcbea8" testId="65e83944-fb34-2e6f-d851-db67af07d0fe" testName="Will_throw_if_targeted_group_does_not_exist" computerName="TFSBUILD11" duration="00:00:00.0026945" startTime="2015-09-28T09:45:17.7862331-07:00" endTime="2015-09-28T09:45:17.7862331-07:00" testType="13cdc9d9-ddb5-4fa4-a97d-d965ccfc6d4b" outcome="Passed" testListId="8c84fa94-04c1-424b-9868-57a2d4851a1d" relativeResultsDirectory="98638fb4-d9cf-413b-9f61-7b681afcbea8" />
    <UnitTestResult executionId="9ef81025-2b34-46ed-888b-31d71fe41c35" testId="372e6acf-96bb-ff93-7d2a-e6b8e9f75867" testName="Will_add_duplicate_if_control_exists_in_base" computerName="TFSBUILD11" duration="00:00:00.0023392" startTime="2015-09-28T09:45:17.7862331-07:00" endTime="2015-09-28T09:45:17.7862331-07:00" testType="13cdc9d9-ddb5-4fa4-a97d-d965ccfc6d4b" outcome="Passed" testListId="8c84fa94-04c1-424b-9868-57a2d4851a1d" relativeResultsDirectory="9ef81025-2b34-46ed-888b-31d71fe41c35" />
    <UnitTestResult executionId="406fe8f0-d13e-4006-b63f-c0c0d54b749d" testId="d89fd21d-66f2-bb9f-0df1-1e7188a1d1c6" testName="Will_not_add_duplicate_if_control_exists_in_delta" computerName="TFSBUILD11" duration="00:00:00.0021279" startTime="2015-09-28T09:45:17.7862331-07:00" endTime="2015-09-28T09:45:17.7862331-07:00" testType="13cdc9d9-ddb5-4fa4-a97d-d965ccfc6d4b" outcome="Passed" testListId="8c84fa94-04c1-424b-9868-57a2d4851a1d" relativeResultsDirectory="406fe8f0-d13e-4006-b63f-c0c0d54b749d" />
    <UnitTestResult executionId="10469975-47c2-4d25-aee7-6fb716f4c392" testId="ef5a69b1-f4e2-2e73-aa26-9b26985d16c5" testName="Will_remove_control_from_group" computerName="TFSBUILD11" duration="00:00:00.0032236" startTime="2015-09-28T09:45:17.7862331-07:00" endTime="2015-09-28T09:45:17.7862331-07:00" testType="13cdc9d9-ddb5-4fa4-a97d-d965ccfc6d4b" outcome="Passed" testListId="8c84fa94-04c1-424b-9868-57a2d4851a1d" relativeResultsDirectory="10469975-47c2-4d25-aee7-6fb716f4c392" />
    <UnitTestResult executionId="0ce9cda0-a3a1-4a2c-a8dc-b192a2744a51" testId="f98d9b95-4e21-ce77-cbdc-258015053cc4" testName="Will_not_throw_if_removed_controls_control_is_not_found" computerName="TFSBUILD11" duration="00:00:00.0014350" startTime="2015-09-28T09:45:17.7862331-07:00" endTime="2015-09-28T09:45:17.8018879-07:00" testType="13cdc9d9-ddb5-4fa4-a97d-d965ccfc6d4b" outcome="Passed" testListId="8c84fa94-04c1-424b-9868-57a2d4851a1d" relativeResultsDirectory="0ce9cda0-a3a1-4a2c-a8dc-b192a2744a51" />
    <UnitTestResult executionId="85c65e77-f9ca-4a5e-a6d2-4a45ecaf2359" testId="9429f3b6-72c9-4180-fcf7-8ed8592c6876" testName="Will_not_throw_if_removed_last_control" computerName="TFSBUILD11" duration="00:00:00.0013351" startTime="2015-09-28T09:45:17.8018879-07:00" endTime="2015-09-28T09:45:17.8018879-07:00" testType="13cdc9d9-ddb5-4fa4-a97d-d965ccfc6d4b" outcome="Passed" testListId="8c84fa94-04c1-424b-9868-57a2d4851a1d" relativeResultsDirectory="85c65e77-f9ca-4a5e-a6d2-4a45ecaf2359" />
    <UnitTestResult executionId="803203da-d737-457e-9457-1e12d3501721" testId="693b007b-c892-0a56-d6ba-9b1c46edd851" testName="Will_throw_if_removed_controls_group_is_not_found" computerName="TFSBUILD11" duration="00:00:00.0021774" startTime="2015-09-28T09:45:17.8018879-07:00" endTime="2015-09-28T09:45:17.8018879-07:00" testType="13cdc9d9-ddb5-4fa4-a97d-d965ccfc6d4b" outcome="Passed" testListId="8c84fa94-04c1-424b-9868-57a2d4851a1d" relativeResultsDirectory="803203da-d737-457e-9457-1e12d3501721" />
    <UnitTestResult executionId="986479f9-6950-42f1-9293-c8c2ba5e0db8" testId="b22bc0bd-0d14-dcef-1136-f6defb995ca3" testName="Will_remove_control_from_layout" computerName="TFSBUILD11" duration="00:00:00.0036647" startTime="2015-09-28T09:45:17.8018879-07:00" endTime="2015-09-28T09:45:17.8174916-07:00" testType="13cdc9d9-ddb5-4fa4-a97d-d965ccfc6d4b" outcome="Passed" testListId="8c84fa94-04c1-424b-9868-57a2d4851a1d" relativeResultsDirectory="986479f9-6950-42f1-9293-c8c2ba5e0db8" />
    <UnitTestResult executionId="33315c90-f1d4-4686-8db0-c82ff7913d26" testId="b9a37c6d-3533-5f60-6626-bff3c6c63794" testName="Will_remove_control_from_layout_multiple_occurences" computerName="TFSBUILD11" duration="00:00:00.0018901" startTime="2015-09-28T09:45:17.8174916-07:00" endTime="2015-09-28T09:45:17.8174916-07:00" testType="13cdc9d9-ddb5-4fa4-a97d-d965ccfc6d4b" outcome="Passed" testListId="8c84fa94-04c1-424b-9868-57a2d4851a1d" relativeResultsDirectory="33315c90-f1d4-4686-8db0-c82ff7913d26" />
    <UnitTestResult executionId="df661bc6-2463-454d-b383-5d43224e631c" testId="66e9b047-8b1e-eea5-e2b9-6bdb3ba0ecb2" testName="Will_not_throw_if_removed_controls_control_is_not_found" computerName="TFSBUILD11" duration="00:00:00.0014097" startTime="2015-09-28T09:45:17.8174916-07:00" endTime="2015-09-28T09:45:17.8174916-07:00" testType="13cdc9d9-ddb5-4fa4-a97d-d965ccfc6d4b" outcome="Passed" testListId="8c84fa94-04c1-424b-9868-57a2d4851a1d" relativeResultsDirectory="df661bc6-2463-454d-b383-5d43224e631c" />
    <UnitTestResult executionId="b38e8359-4329-40ae-9358-1a4a1a36fd6b" testId="446db3d9-cf94-b303-1760-a584f0dab5ed" testName="Will_not_throw_if_removed_last_control" computerName="TFSBUILD11" duration="00:00:00.0013175" startTime="2015-09-28T09:45:17.8174916-07:00" endTime="2015-09-28T09:45:17.8174916-07:00" testType="13cdc9d9-ddb5-4fa4-a97d-d965ccfc6d4b" outcome="Passed" testListId="8c84fa94-04c1-424b-9868-57a2d4851a1d" relativeResultsDirectory="b38e8359-4329-40ae-9358-1a4a1a36fd6b" />
    <UnitTestResult executionId="ab708fa7-5826-4c3b-b8aa-948771495dca" testId="b616451d-dcff-9381-17b5-33e16fe5d05b" testName="Will_find_all_descendants" computerName="TFSBUILD11" duration="00:00:00.0042015" startTime="2015-09-28T09:45:17.8174916-07:00" endTime="2015-09-28T09:45:17.8174916-07:00" testType="13cdc9d9-ddb5-4fa4-a97d-d965ccfc6d4b" outcome="Passed" testListId="8c84fa94-04c1-424b-9868-57a2d4851a1d" relativeResultsDirectory="ab708fa7-5826-4c3b-b8aa-948771495dca" />
    <UnitTestResult executionId="b0c52114-25e4-483f-8c68-0171308780cc" testId="8fe745aa-41b0-2858-90a8-18359801d068" testName="Will_find_descendants_by_type" computerName="TFSBUILD11" duration="00:00:00.0007685" startTime="2015-09-28T09:45:17.8174916-07:00" endTime="2015-09-28T09:45:17.8331387-07:00" testType="13cdc9d9-ddb5-4fa4-a97d-d965ccfc6d4b" outcome="Passed" testListId="8c84fa94-04c1-424b-9868-57a2d4851a1d" relativeResultsDirectory="b0c52114-25e4-483f-8c68-0171308780cc" />
    <UnitTestResult executionId="d82491a4-27ea-4ac8-a461-481873a17efc" testId="68a2599c-4eff-de8d-8ebc-17d72a372d50" testName="ControlClonesAllMembers" computerName="TFSBUILD11" duration="00:00:00.0029667" startTime="2015-09-28T09:45:17.8331387-07:00" endTime="2015-09-28T09:45:17.8331387-07:00" testType="13cdc9d9-ddb5-4fa4-a97d-d965ccfc6d4b" outcome="Passed" testListId="8c84fa94-04c1-424b-9868-57a2d4851a1d" relativeResultsDirectory="d82491a4-27ea-4ac8-a461-481873a17efc" />
    <UnitTestResult executionId="e0f59dad-c97e-4b90-bc6c-5bfcbeec53f0" testId="47d82f63-70d5-e831-af30-2c913e918460" testName="GroupClonesAllMembers" computerName="TFSBUILD11" duration="00:00:00.0017956" startTime="2015-09-28T09:45:17.8331387-07:00" endTime="2015-09-28T09:45:17.8331387-07:00" testType="13cdc9d9-ddb5-4fa4-a97d-d965ccfc6d4b" outcome="Passed" testListId="8c84fa94-04c1-424b-9868-57a2d4851a1d" relativeResultsDirectory="e0f59dad-c97e-4b90-bc6c-5bfcbeec53f0" />
    <UnitTestResult executionId="7f0ca802-66f1-459e-89dd-4f70f23caa5e" testId="f65e06be-0622-2a31-866b-19e91610af1a" testName="SectionClonesAllMembers" computerName="TFSBUILD11" duration="00:00:00.0007022" startTime="2015-09-28T09:45:17.8331387-07:00" endTime="2015-09-28T09:45:17.8331387-07:00" testType="13cdc9d9-ddb5-4fa4-a97d-d965ccfc6d4b" outcome="Passed" testListId="8c84fa94-04c1-424b-9868-57a2d4851a1d" relativeResultsDirectory="7f0ca802-66f1-459e-89dd-4f70f23caa5e" />
    <UnitTestResult executionId="9fbfc0ec-62ab-481c-8003-439ff4b8d641" testId="327efd01-e1b1-9558-25c3-94aed5d05215" testName="PageClonesAllMembers" computerName="TFSBUILD11" duration="00:00:00.0025375" startTime="2015-09-28T09:45:17.8331387-07:00" endTime="2015-09-28T09:45:17.8331387-07:00" testType="13cdc9d9-ddb5-4fa4-a97d-d965ccfc6d4b" outcome="Passed" testListId="8c84fa94-04c1-424b-9868-57a2d4851a1d" relativeResultsDirectory="9fbfc0ec-62ab-481c-8003-439ff4b8d641" />
    <UnitTestResult executionId="9b770154-53a0-4b15-86fe-1fddbb4892a1" testId="f4f076bd-c82d-68fd-c6e9-31ebe078ddcc" testName="TestGetAttachment_AttachmentId" computerName="TFSBUILD11" duration="00:00:00.0902182" startTime="2015-09-28T09:45:17.8331387-07:00" endTime="2015-09-28T09:45:17.9268925-07:00" testType="13cdc9d9-ddb5-4fa4-a97d-d965ccfc6d4b" outcome="Passed" testListId="8c84fa94-04c1-424b-9868-57a2d4851a1d" relativeResultsDirectory="9b770154-53a0-4b15-86fe-1fddbb4892a1" />
    <UnitTestResult executionId="515d96a2-45c3-4ef7-92c8-c1afc0c14949" testId="34c8b5b5-f803-ea4a-b54d-97a5cd8f221f" testName="TestGetAttachment_AttachmentExtId" computerName="TFSBUILD11" duration="00:00:00.0375187" startTime="2015-09-28T09:45:17.9268925-07:00" endTime="2015-09-28T09:45:17.9581439-07:00" testType="13cdc9d9-ddb5-4fa4-a97d-d965ccfc6d4b" outcome="Passed" testListId="8c84fa94-04c1-424b-9868-57a2d4851a1d" relativeResultsDirectory="515d96a2-45c3-4ef7-92c8-c1afc0c14949" />
    <UnitTestResult executionId="7b2e254b-5db2-4748-8279-a6f86fa74cda" testId="8883dc51-ff56-2850-d0bb-c8d9c7630407" testName="WorkItemAttachmentComponent2_GetAttachment_AttachmentId" computerName="TFSBUILD11" duration="00:00:01.7194908" startTime="2015-09-28T09:45:17.9581439-07:00" endTime="2015-09-28T09:45:19.6926303-07:00" testType="13cdc9d9-ddb5-4fa4-a97d-d965ccfc6d4b" outcome="Passed" testListId="8c84fa94-04c1-424b-9868-57a2d4851a1d" relativeResultsDirectory="7b2e254b-5db2-4748-8279-a6f86fa74cda" />
    <UnitTestResult executionId="ff08cd64-2c35-4f04-aed2-0ac2f1f788c3" testId="4e2a77c9-45d1-50f1-15a1-197418e778e4" testName="WorkItemAttachmentComponent2_GetAttachment_AttachmentExtId" computerName="TFSBUILD11" duration="00:00:00.0196471" startTime="2015-09-28T09:45:19.6926303-07:00" endTime="2015-09-28T09:45:19.7082573-07:00" testType="13cdc9d9-ddb5-4fa4-a97d-d965ccfc6d4b" outcome="Passed" testListId="8c84fa94-04c1-424b-9868-57a2d4851a1d" relativeResultsDirectory="ff08cd64-2c35-4f04-aed2-0ac2f1f788c3" />
    <UnitTestResult executionId="9bc29fdb-e416-44db-8498-e71eaf875c42" testId="87003b1b-8dd8-12cd-7541-849ae792b8bd" testName="TestGetOrphanAttachments" computerName="TFSBUILD11" duration="00:00:00.0148587" startTime="2015-09-28T09:45:19.7082573-07:00" endTime="2015-09-28T09:45:19.7238822-07:00" testType="13cdc9d9-ddb5-4fa4-a97d-d965ccfc6d4b" outcome="Passed" testListId="8c84fa94-04c1-424b-9868-57a2d4851a1d" relativeResultsDirectory="9bc29fdb-e416-44db-8498-e71eaf875c42" />
    <UnitTestResult executionId="241da165-e554-48e9-9aed-66e0ed557d81" testId="8134433b-e7a0-537d-8d39-314994392b37" testName="WorkItemAttachmentComponent2_TestGetOrphanAttachments" computerName="TFSBUILD11" duration="00:00:00.0130829" startTime="2015-09-28T09:45:19.7238822-07:00" endTime="2015-09-28T09:45:19.7395078-07:00" testType="13cdc9d9-ddb5-4fa4-a97d-d965ccfc6d4b" outcome="Passed" testListId="8c84fa94-04c1-424b-9868-57a2d4851a1d" relativeResultsDirectory="241da165-e554-48e9-9aed-66e0ed557d81" />
    <UnitTestResult executionId="684c70b0-d259-496c-9e65-82c906e199d3" testId="05dbe560-c3ff-cc03-b63c-6cf8b70cb75e" testName="TestDeleteAttachments_MultipleAttachments" computerName="TFSBUILD11" duration="00:00:00.0143920" startTime="2015-09-28T09:45:19.7395078-07:00" endTime="2015-09-28T09:45:19.7551345-07:00" testType="13cdc9d9-ddb5-4fa4-a97d-d965ccfc6d4b" outcome="Passed" testListId="8c84fa94-04c1-424b-9868-57a2d4851a1d" relativeResultsDirectory="684c70b0-d259-496c-9e65-82c906e199d3" />
    <UnitTestResult executionId="97887a0e-24c6-4be2-9b12-911eabbc7257" testId="c483e023-2990-e182-f848-bffbd7511f94" testName="TestDeleteAttachments_MultipleAttachments_NullArgument" computerName="TFSBUILD11" duration="00:00:00.0125106" startTime="2015-09-28T09:45:19.7551345-07:00" endTime="2015-09-28T09:45:19.7551345-07:00" testType="13cdc9d9-ddb5-4fa4-a97d-d965ccfc6d4b" outcome="Passed" testListId="8c84fa94-04c1-424b-9868-57a2d4851a1d" relativeResultsDirectory="97887a0e-24c6-4be2-9b12-911eabbc7257" />
    <UnitTestResult executionId="0f75a9e1-77dc-4089-ada7-a0dd67d6c47e" testId="72a300a6-1d5c-ae2c-bf54-afe4478c9a3a" testName="TestDeleteAttachments_MultipleAttachments_NullAttachment" computerName="TFSBUILD11" duration="00:00:00.0256127" startTime="2015-09-28T09:45:19.7551345-07:00" endTime="2015-09-28T09:45:19.7863861-07:00" testType="13cdc9d9-ddb5-4fa4-a97d-d965ccfc6d4b" outcome="Passed" testListId="8c84fa94-04c1-424b-9868-57a2d4851a1d" relativeResultsDirectory="0f75a9e1-77dc-4089-ada7-a0dd67d6c47e" />
    <UnitTestResult executionId="e7c1ac27-2eb0-4317-8ad3-4b4ccbe02bd7" testId="d4804236-55ae-b16a-0f28-268dac289d9c" testName="WorkItemAttachmentComponent2_TestDeleteAttachments_MultipleAttachments" computerName="TFSBUILD11" duration="00:00:00.0121801" startTime="2015-09-28T09:45:19.7863861-07:00" endTime="2015-09-28T09:45:19.8020125-07:00" testType="13cdc9d9-ddb5-4fa4-a97d-d965ccfc6d4b" outcome="Passed" testListId="8c84fa94-04c1-424b-9868-57a2d4851a1d" relativeResultsDirectory="e7c1ac27-2eb0-4317-8ad3-4b4ccbe02bd7" />
    <UnitTestResult executionId="a4149985-2bf6-42aa-ae51-06c7fa0f4238" testId="5733d375-3c73-befc-0297-582846920529" testName="WorkItemAttachmentComponent2_TestDeleteAttachments_MultipleAttachments_NullArgument" computerName="TFSBUILD11" duration="00:00:00.0115000" startTime="2015-09-28T09:45:19.8020125-07:00" endTime="2015-09-28T09:45:19.8176383-07:00" testType="13cdc9d9-ddb5-4fa4-a97d-d965ccfc6d4b" outcome="Passed" testListId="8c84fa94-04c1-424b-9868-57a2d4851a1d" relativeResultsDirectory="a4149985-2bf6-42aa-ae51-06c7fa0f4238" />
    <UnitTestResult executionId="ee7aec30-9f8e-4b3c-a696-9611391ab3a1" testId="202b7a65-ce55-c6b5-3572-158da0cc3bcf" testName="TestCreateAttachment" computerName="TFSBUILD11" duration="00:00:00.0128770" startTime="2015-09-28T09:45:19.8176383-07:00" endTime="2015-09-28T09:45:19.8176383-07:00" testType="13cdc9d9-ddb5-4fa4-a97d-d965ccfc6d4b" outcome="Passed" testListId="8c84fa94-04c1-424b-9868-57a2d4851a1d" relativeResultsDirectory="ee7aec30-9f8e-4b3c-a696-9611391ab3a1" />
    <UnitTestResult executionId="45409524-d04a-4b62-a71a-540a0b3cc671" testId="8c5a3c47-5783-df81-830a-5790c882d089" testName="WorkItemAttachmentComponent2_TestCreateAttachment" computerName="TFSBUILD11" duration="00:00:00.0177632" startTime="2015-09-28T09:45:19.8176383-07:00" endTime="2015-09-28T09:45:19.8488911-07:00" testType="13cdc9d9-ddb5-4fa4-a97d-d965ccfc6d4b" outcome="Passed" testListId="8c84fa94-04c1-424b-9868-57a2d4851a1d" relativeResultsDirectory="45409524-d04a-4b62-a71a-540a0b3cc671" />
  </Results>
  <TestDefinitions>
    <UnitTest name="WillNotUpdateSetsIfAllGroupMembershipsMatch" storage="d:\v2.0\a1\_work\dbded102\bin\release.anycpu\tfs.service\ms.tf.workitemtracking.server.l0.tests\ms.tf.workitemtracking.server.l0.tests.dll" id="08daa08e-7563-7e7b-dfd8-639aa3b1baf3">
      <Execution id="88b8b817-6010-4b95-ad46-1eb2034b05e4" />
      <TestMethod codeBase="D:\v2.0\A1\_work\dbded102\bin\Release.AnyCPU\Tfs.Service\MS.TF.WorkItemTracking.Server.L0.Tests\MS.TF.WorkItemTracking.Server.L0.Tests.dll" adapterTypeName="Microsoft.VisualStudio.TestTools.TestTypes.Unit.UnitTestAdapter" className="MS.TF.Test.WorkItemTracking.ClientService.RuleDependentGroupEvaluationTests" name="WillNotUpdateSetsIfAllGroupMembershipsMatch" />
    </UnitTest>
    <UnitTest name="WillUpdateSetsIfAllGroupMembershipsDoNotMatch" storage="d:\v2.0\a1\_work\dbded102\bin\release.anycpu\tfs.service\ms.tf.workitemtracking.server.l0.tests\ms.tf.workitemtracking.server.l0.tests.dll" id="9ed44bff-eb15-6d46-9f6f-20f3b1b52554">
      <Execution id="288bab44-3db1-4eca-95c9-ea0f51fe03da" />
      <TestMethod codeBase="D:\v2.0\A1\_work\dbded102\bin\Release.AnyCPU\Tfs.Service\MS.TF.WorkItemTracking.Server.L0.Tests\MS.TF.WorkItemTracking.Server.L0.Tests.dll" adapterTypeName="Microsoft.VisualStudio.TestTools.TestTypes.Unit.UnitTestAdapter" className="MS.TF.Test.WorkItemTracking.ClientService.RuleDependentGroupEvaluationTests" name="WillUpdateSetsIfAllGroupMembershipsDoNotMatch" />
    </UnitTest>
    <UnitTest name="TestRegisterNotificationFallThru" storage="d:\v2.0\a1\_work\dbded102\bin\release.anycpu\tfs.service\ms.tf.workitemtracking.server.l0.tests\ms.tf.workitemtracking.server.l0.tests.dll" id="7aea0a85-ae27-b00f-11d6-36ad6e2235f5">
      <Execution id="74882570-ee4e-4515-81a2-4fdab28c8e55" />
      <TestMethod codeBase="D:\v2.0\A1\_work\dbded102\bin\Release.AnyCPU\Tfs.Service\MS.TF.WorkItemTracking.Server.L0.Tests\MS.TF.WorkItemTracking.Server.L0.Tests.dll" adapterTypeName="Microsoft.VisualStudio.TestTools.TestTypes.Unit.UnitTestAdapter" className="MS.TF.WorkItemTracking.Server.L0.Tests.SettingServiceTests" name="TestRegisterNotificationFallThru" />
    </UnitTest>
    <UnitTest name="TestUnregisterNotificationFallThru" storage="d:\v2.0\a1\_work\dbded102\bin\release.anycpu\tfs.service\ms.tf.workitemtracking.server.l0.tests\ms.tf.workitemtracking.server.l0.tests.dll" id="62b0ec57-8172-dccd-ffde-b0e6c2d82033">
      <Execution id="bf08e8da-1816-4226-b95d-a7bd5a1f9b5c" />
      <TestMethod codeBase="D:\v2.0\A1\_work\dbded102\bin\Release.AnyCPU\Tfs.Service\MS.TF.WorkItemTracking.Server.L0.Tests\MS.TF.WorkItemTracking.Server.L0.Tests.dll" adapterTypeName="Microsoft.VisualStudio.TestTools.TestTypes.Unit.UnitTestAdapter" className="MS.TF.WorkItemTracking.Server.L0.Tests.SettingServiceTests" name="TestUnregisterNotificationFallThru" />
    </UnitTest>
    <UnitTest name="TestWillThrowOnNoMarkerField" storage="d:\v2.0\a1\_work\dbded102\bin\release.anycpu\tfs.service\ms.tf.workitemtracking.server.l0.tests\ms.tf.workitemtracking.server.l0.tests.dll" id="bb2327a9-dafc-1705-b4d5-3177a1688ec5">
      <Execution id="a08f0c0c-4c7d-4411-9b3d-5070d92b278d" />
      <TestMethod codeBase="D:\v2.0\A1\_work\dbded102\bin\Release.AnyCPU\Tfs.Service\MS.TF.WorkItemTracking.Server.L0.Tests\MS.TF.WorkItemTracking.Server.L0.Tests.dll" adapterTypeName="Microsoft.VisualStudio.TestTools.TestTypes.Unit.UnitTestAdapter" className="MS.TF.WorkItemTracking.Server.L0.Tests.WorkItemTypeExtensions.WorkItemTypeExtensionObjectTests" name="TestWillThrowOnNoMarkerField" />
    </UnitTest>
    <UnitTest name="TestWillThrowOnFieldNotFound" storage="d:\v2.0\a1\_work\dbded102\bin\release.anycpu\tfs.service\ms.tf.workitemtracking.server.l0.tests\ms.tf.workitemtracking.server.l0.tests.dll" id="77f7aea3-7a66-12f4-a93d-e66067cca296">
      <Execution id="6f98ffd1-4ca6-4404-82b4-8fbcf6f89751" />
      <TestMethod codeBase="D:\v2.0\A1\_work\dbded102\bin\Release.AnyCPU\Tfs.Service\MS.TF.WorkItemTracking.Server.L0.Tests\MS.TF.WorkItemTracking.Server.L0.Tests.dll" adapterTypeName="Microsoft.VisualStudio.TestTools.TestTypes.Unit.UnitTestAdapter" className="MS.TF.WorkItemTracking.Server.L0.Tests.WorkItemTypeExtensions.WorkItemTypeExtensionObjectTests" name="TestWillThrowOnFieldNotFound" />
    </UnitTest>
    <UnitTest name="TestWillThrowOnNullPredicate" storage="d:\v2.0\a1\_work\dbded102\bin\release.anycpu\tfs.service\ms.tf.workitemtracking.server.l0.tests\ms.tf.workitemtracking.server.l0.tests.dll" id="10442816-b30a-0709-5cd2-2baad4c04b2a">
      <Execution id="274934bb-c535-45b7-9868-53a624cd826c" />
      <TestMethod codeBase="D:\v2.0\A1\_work\dbded102\bin\Release.AnyCPU\Tfs.Service\MS.TF.WorkItemTracking.Server.L0.Tests\MS.TF.WorkItemTracking.Server.L0.Tests.dll" adapterTypeName="Microsoft.VisualStudio.TestTools.TestTypes.Unit.UnitTestAdapter" className="MS.TF.WorkItemTracking.Server.L0.Tests.WorkItemTypeExtensions.WorkItemTypeExtensionObjectTests" name="TestWillThrowOnNullPredicate" />
    </UnitTest>
    <UnitTest name="TestWillThrowOnEmptyPredicate" storage="d:\v2.0\a1\_work\dbded102\bin\release.anycpu\tfs.service\ms.tf.workitemtracking.server.l0.tests\ms.tf.workitemtracking.server.l0.tests.dll" id="584390ce-a0ad-b198-aa32-c615f573e4b4">
      <Execution id="e90cf6c5-a510-4c02-bbe1-1ac78e7fa09e" />
      <TestMethod codeBase="D:\v2.0\A1\_work\dbded102\bin\Release.AnyCPU\Tfs.Service\MS.TF.WorkItemTracking.Server.L0.Tests\MS.TF.WorkItemTracking.Server.L0.Tests.dll" adapterTypeName="Microsoft.VisualStudio.TestTools.TestTypes.Unit.UnitTestAdapter" className="MS.TF.WorkItemTracking.Server.L0.Tests.WorkItemTypeExtensions.WorkItemTypeExtensionObjectTests" name="TestWillThrowOnEmptyPredicate" />
    </UnitTest>
    <UnitTest name="TestWillThrowOnNullRule" storage="d:\v2.0\a1\_work\dbded102\bin\release.anycpu\tfs.service\ms.tf.workitemtracking.server.l0.tests\ms.tf.workitemtracking.server.l0.tests.dll" id="879e0d45-f150-e4a8-5a94-2a8b9cfa963f">
      <Execution id="d5dce4a8-dd41-4aa8-b0b0-e4995651c124" />
      <TestMethod codeBase="D:\v2.0\A1\_work\dbded102\bin\Release.AnyCPU\Tfs.Service\MS.TF.WorkItemTracking.Server.L0.Tests\MS.TF.WorkItemTracking.Server.L0.Tests.dll" adapterTypeName="Microsoft.VisualStudio.TestTools.TestTypes.Unit.UnitTestAdapter" className="MS.TF.WorkItemTracking.Server.L0.Tests.WorkItemTypeExtensions.WorkItemTypeExtensionObjectTests" name="TestWillThrowOnNullRule" />
    </UnitTest>
    <UnitTest name="TestWillThrowOnEmptyRule" storage="d:\v2.0\a1\_work\dbded102\bin\release.anycpu\tfs.service\ms.tf.workitemtracking.server.l0.tests\ms.tf.workitemtracking.server.l0.tests.dll" id="7bf5092b-8539-2568-3f79-6662f0238172">
      <Execution id="f4e514ec-a8d0-4411-af89-e4ea514f087d" />
      <TestMethod codeBase="D:\v2.0\A1\_work\dbded102\bin\Release.AnyCPU\Tfs.Service\MS.TF.WorkItemTracking.Server.L0.Tests\MS.TF.WorkItemTracking.Server.L0.Tests.dll" adapterTypeName="Microsoft.VisualStudio.TestTools.TestTypes.Unit.UnitTestAdapter" className="MS.TF.WorkItemTracking.Server.L0.Tests.WorkItemTypeExtensions.WorkItemTypeExtensionObjectTests" name="TestWillThrowOnEmptyRule" />
    </UnitTest>
    <UnitTest name="LinkRecordTests" storage="d:\v2.0\a1\_work\dbded102\bin\release.anycpu\tfs.service\ms.tf.workitemtracking.server.l0.tests\ms.tf.workitemtracking.server.l0.tests.dll" id="ef1c5c65-0a94-7aa0-63b5-f545117ab0f8">
      <Execution id="4a98723b-9c58-4a0b-b163-7cc053180f95" />
      <TestMethod codeBase="D:\v2.0\A1\_work\dbded102\bin\Release.AnyCPU\Tfs.Service\MS.TF.WorkItemTracking.Server.L0.Tests\MS.TF.WorkItemTracking.Server.L0.Tests.dll" adapterTypeName="Microsoft.VisualStudio.TestTools.TestTypes.Unit.UnitTestAdapter" className="MS.TF.WorkItemTracking.Server.L0.Tests.Workitems.LinkTypeDictionaryTests" name="LinkRecordTests" />
    </UnitTest>
    <UnitTest name="TryGetLinkTypeByRefName" storage="d:\v2.0\a1\_work\dbded102\bin\release.anycpu\tfs.service\ms.tf.workitemtracking.server.l0.tests\ms.tf.workitemtracking.server.l0.tests.dll" id="aa7c74c2-f29d-a75e-d8cb-255aacbae37a">
      <Execution id="ef7a5af4-ac42-484c-be54-11a711760deb" />
      <TestMethod codeBase="D:\v2.0\A1\_work\dbded102\bin\Release.AnyCPU\Tfs.Service\MS.TF.WorkItemTracking.Server.L0.Tests\MS.TF.WorkItemTracking.Server.L0.Tests.dll" adapterTypeName="Microsoft.VisualStudio.TestTools.TestTypes.Unit.UnitTestAdapter" className="MS.TF.WorkItemTracking.Server.L0.Tests.Workitems.LinkTypeDictionaryTests" name="TryGetLinkTypeByRefName" />
    </UnitTest>
    <UnitTest name="GetLinkTypeByRefName" storage="d:\v2.0\a1\_work\dbded102\bin\release.anycpu\tfs.service\ms.tf.workitemtracking.server.l0.tests\ms.tf.workitemtracking.server.l0.tests.dll" id="be6db4e4-9afa-0d04-a3f7-a7d52353bcfb">
      <Execution id="a7eea358-7a45-4529-aa80-6ebdbf4fd5ec" />
      <TestMethod codeBase="D:\v2.0\A1\_work\dbded102\bin\Release.AnyCPU\Tfs.Service\MS.TF.WorkItemTracking.Server.L0.Tests\MS.TF.WorkItemTracking.Server.L0.Tests.dll" adapterTypeName="Microsoft.VisualStudio.TestTools.TestTypes.Unit.UnitTestAdapter" className="MS.TF.WorkItemTracking.Server.L0.Tests.Workitems.LinkTypeDictionaryTests" name="GetLinkTypeByRefName" />
    </UnitTest>
    <UnitTest name="GetLinkTypeByRefName_NonexistantRefName" storage="d:\v2.0\a1\_work\dbded102\bin\release.anycpu\tfs.service\ms.tf.workitemtracking.server.l0.tests\ms.tf.workitemtracking.server.l0.tests.dll" id="a2f4ae7d-24d4-c4e0-28ea-c061b724253a">
      <Execution id="640816c7-9fd0-4389-8bfd-abf554a88076" />
      <TestMethod codeBase="D:\v2.0\A1\_work\dbded102\bin\Release.AnyCPU\Tfs.Service\MS.TF.WorkItemTracking.Server.L0.Tests\MS.TF.WorkItemTracking.Server.L0.Tests.dll" adapterTypeName="Microsoft.VisualStudio.TestTools.TestTypes.Unit.UnitTestAdapter" className="MS.TF.WorkItemTracking.Server.L0.Tests.Workitems.LinkTypeDictionaryTests" name="GetLinkTypeByRefName_NonexistantRefName" />
    </UnitTest>
    <UnitTest name="TryGetLinkTypeByName" storage="d:\v2.0\a1\_work\dbded102\bin\release.anycpu\tfs.service\ms.tf.workitemtracking.server.l0.tests\ms.tf.workitemtracking.server.l0.tests.dll" id="d2aab8bc-2bb2-bc4b-9a67-aa3b91bd3fab">
      <Execution id="f6c8b430-ced2-46d5-8161-62bc6e0c37dc" />
      <TestMethod codeBase="D:\v2.0\A1\_work\dbded102\bin\Release.AnyCPU\Tfs.Service\MS.TF.WorkItemTracking.Server.L0.Tests\MS.TF.WorkItemTracking.Server.L0.Tests.dll" adapterTypeName="Microsoft.VisualStudio.TestTools.TestTypes.Unit.UnitTestAdapter" className="MS.TF.WorkItemTracking.Server.L0.Tests.Workitems.LinkTypeDictionaryTests" name="TryGetLinkTypeByName" />
    </UnitTest>
    <UnitTest name="GetLinkTypeByName" storage="d:\v2.0\a1\_work\dbded102\bin\release.anycpu\tfs.service\ms.tf.workitemtracking.server.l0.tests\ms.tf.workitemtracking.server.l0.tests.dll" id="4e1d160a-a65c-90fc-206a-dd4c20bdd944">
      <Execution id="01a9926e-e5fa-4298-8690-a1ca55aebc98" />
      <TestMethod codeBase="D:\v2.0\A1\_work\dbded102\bin\Release.AnyCPU\Tfs.Service\MS.TF.WorkItemTracking.Server.L0.Tests\MS.TF.WorkItemTracking.Server.L0.Tests.dll" adapterTypeName="Microsoft.VisualStudio.TestTools.TestTypes.Unit.UnitTestAdapter" className="MS.TF.WorkItemTracking.Server.L0.Tests.Workitems.LinkTypeDictionaryTests" name="GetLinkTypeByName" />
    </UnitTest>
    <UnitTest name="GetLinkTypeByName_NonexistantName" storage="d:\v2.0\a1\_work\dbded102\bin\release.anycpu\tfs.service\ms.tf.workitemtracking.server.l0.tests\ms.tf.workitemtracking.server.l0.tests.dll" id="bf513475-2676-40ac-47f1-fd5aab2035f7">
      <Execution id="6c1cfda2-bca8-4246-885b-72e1fedb5d31" />
      <TestMethod codeBase="D:\v2.0\A1\_work\dbded102\bin\Release.AnyCPU\Tfs.Service\MS.TF.WorkItemTracking.Server.L0.Tests\MS.TF.WorkItemTracking.Server.L0.Tests.dll" adapterTypeName="Microsoft.VisualStudio.TestTools.TestTypes.Unit.UnitTestAdapter" className="MS.TF.WorkItemTracking.Server.L0.Tests.Workitems.LinkTypeDictionaryTests" name="GetLinkTypeByName_NonexistantName" />
    </UnitTest>
    <UnitTest name="TryGetLinkTypeById" storage="d:\v2.0\a1\_work\dbded102\bin\release.anycpu\tfs.service\ms.tf.workitemtracking.server.l0.tests\ms.tf.workitemtracking.server.l0.tests.dll" id="513a1ecd-d294-f29d-4d7d-fa2c0f2b74bc">
      <Execution id="4e330ba5-a630-4a5d-a77d-784416dd815f" />
      <TestMethod codeBase="D:\v2.0\A1\_work\dbded102\bin\Release.AnyCPU\Tfs.Service\MS.TF.WorkItemTracking.Server.L0.Tests\MS.TF.WorkItemTracking.Server.L0.Tests.dll" adapterTypeName="Microsoft.VisualStudio.TestTools.TestTypes.Unit.UnitTestAdapter" className="MS.TF.WorkItemTracking.Server.L0.Tests.Workitems.LinkTypeDictionaryTests" name="TryGetLinkTypeById" />
    </UnitTest>
    <UnitTest name="GetLinkTypeById" storage="d:\v2.0\a1\_work\dbded102\bin\release.anycpu\tfs.service\ms.tf.workitemtracking.server.l0.tests\ms.tf.workitemtracking.server.l0.tests.dll" id="5ef103da-f957-b61f-c6ec-26a6e430be20">
      <Execution id="12c00092-46c8-41e6-bde9-597a18040fbe" />
      <TestMethod codeBase="D:\v2.0\A1\_work\dbded102\bin\Release.AnyCPU\Tfs.Service\MS.TF.WorkItemTracking.Server.L0.Tests\MS.TF.WorkItemTracking.Server.L0.Tests.dll" adapterTypeName="Microsoft.VisualStudio.TestTools.TestTypes.Unit.UnitTestAdapter" className="MS.TF.WorkItemTracking.Server.L0.Tests.Workitems.LinkTypeDictionaryTests" name="GetLinkTypeById" />
    </UnitTest>
    <UnitTest name="GetLinkTypeById_NonexistantId" storage="d:\v2.0\a1\_work\dbded102\bin\release.anycpu\tfs.service\ms.tf.workitemtracking.server.l0.tests\ms.tf.workitemtracking.server.l0.tests.dll" id="b12db960-96db-69a8-440b-a19a46e0e1ec">
      <Execution id="41863407-2791-41e2-b766-369b4a93cc6c" />
      <TestMethod codeBase="D:\v2.0\A1\_work\dbded102\bin\Release.AnyCPU\Tfs.Service\MS.TF.WorkItemTracking.Server.L0.Tests\MS.TF.WorkItemTracking.Server.L0.Tests.dll" adapterTypeName="Microsoft.VisualStudio.TestTools.TestTypes.Unit.UnitTestAdapter" className="MS.TF.WorkItemTracking.Server.L0.Tests.Workitems.LinkTypeDictionaryTests" name="GetLinkTypeById_NonexistantId" />
    </UnitTest>
    <UnitTest name="GetCount" storage="d:\v2.0\a1\_work\dbded102\bin\release.anycpu\tfs.service\ms.tf.workitemtracking.server.l0.tests\ms.tf.workitemtracking.server.l0.tests.dll" id="3c0a2c05-f3f5-9ac4-b728-1084215917c1">
      <Execution id="389a817a-87d7-4b57-9f7b-7e5bf18ac42e" />
      <TestMethod codeBase="D:\v2.0\A1\_work\dbded102\bin\Release.AnyCPU\Tfs.Service\MS.TF.WorkItemTracking.Server.L0.Tests\MS.TF.WorkItemTracking.Server.L0.Tests.dll" adapterTypeName="Microsoft.VisualStudio.TestTools.TestTypes.Unit.UnitTestAdapter" className="MS.TF.WorkItemTracking.Server.L0.Tests.Workitems.LinkTypeDictionaryTests" name="GetCount" />
    </UnitTest>
    <UnitTest name="GetLinkTypeRefNames" storage="d:\v2.0\a1\_work\dbded102\bin\release.anycpu\tfs.service\ms.tf.workitemtracking.server.l0.tests\ms.tf.workitemtracking.server.l0.tests.dll" id="ccc06fc7-eba0-44aa-430f-e3b6f000cfc3">
      <Execution id="a28c9513-4ecc-4af9-a023-52a980e5e0d7" />
      <TestMethod codeBase="D:\v2.0\A1\_work\dbded102\bin\Release.AnyCPU\Tfs.Service\MS.TF.WorkItemTracking.Server.L0.Tests\MS.TF.WorkItemTracking.Server.L0.Tests.dll" adapterTypeName="Microsoft.VisualStudio.TestTools.TestTypes.Unit.UnitTestAdapter" className="MS.TF.WorkItemTracking.Server.L0.Tests.Workitems.LinkTypeDictionaryTests" name="GetLinkTypeRefNames" />
    </UnitTest>
    <UnitTest name="GetLinkTypeIds" storage="d:\v2.0\a1\_work\dbded102\bin\release.anycpu\tfs.service\ms.tf.workitemtracking.server.l0.tests\ms.tf.workitemtracking.server.l0.tests.dll" id="944f6454-dd04-1974-0d39-9715fa48f4cc">
      <Execution id="e73315bf-daa1-4627-8fc8-1448c5af7f85" />
      <TestMethod codeBase="D:\v2.0\A1\_work\dbded102\bin\Release.AnyCPU\Tfs.Service\MS.TF.WorkItemTracking.Server.L0.Tests\MS.TF.WorkItemTracking.Server.L0.Tests.dll" adapterTypeName="Microsoft.VisualStudio.TestTools.TestTypes.Unit.UnitTestAdapter" className="MS.TF.WorkItemTracking.Server.L0.Tests.Workitems.LinkTypeDictionaryTests" name="GetLinkTypeIds" />
    </UnitTest>
    <UnitTest name="TryGetLinkTypeEndByRefName" storage="d:\v2.0\a1\_work\dbded102\bin\release.anycpu\tfs.service\ms.tf.workitemtracking.server.l0.tests\ms.tf.workitemtracking.server.l0.tests.dll" id="9a1ce605-95dc-606d-28f5-8d65a2fce39e">
      <Execution id="62276538-ca3b-49ea-9dd1-7c58b0d324f1" />
      <TestMethod codeBase="D:\v2.0\A1\_work\dbded102\bin\Release.AnyCPU\Tfs.Service\MS.TF.WorkItemTracking.Server.L0.Tests\MS.TF.WorkItemTracking.Server.L0.Tests.dll" adapterTypeName="Microsoft.VisualStudio.TestTools.TestTypes.Unit.UnitTestAdapter" className="MS.TF.WorkItemTracking.Server.L0.Tests.Workitems.LinkTypeDictionaryTests" name="TryGetLinkTypeEndByRefName" />
    </UnitTest>
    <UnitTest name="GetLinkTypeEndByRefName" storage="d:\v2.0\a1\_work\dbded102\bin\release.anycpu\tfs.service\ms.tf.workitemtracking.server.l0.tests\ms.tf.workitemtracking.server.l0.tests.dll" id="77378cd7-90a4-3b39-08fe-7484d19b5c21">
      <Execution id="3011ff61-1ed6-4731-81c6-7de7846f4eb1" />
      <TestMethod codeBase="D:\v2.0\A1\_work\dbded102\bin\Release.AnyCPU\Tfs.Service\MS.TF.WorkItemTracking.Server.L0.Tests\MS.TF.WorkItemTracking.Server.L0.Tests.dll" adapterTypeName="Microsoft.VisualStudio.TestTools.TestTypes.Unit.UnitTestAdapter" className="MS.TF.WorkItemTracking.Server.L0.Tests.Workitems.LinkTypeDictionaryTests" name="GetLinkTypeEndByRefName" />
    </UnitTest>
    <UnitTest name="GetLinkTypeEndByRefName_NonexistantRefName" storage="d:\v2.0\a1\_work\dbded102\bin\release.anycpu\tfs.service\ms.tf.workitemtracking.server.l0.tests\ms.tf.workitemtracking.server.l0.tests.dll" id="255352f4-7c0b-db22-2402-cd401f49d2f4">
      <Execution id="5e9ad1dd-1e5f-441f-b4c3-141ae22037dd" />
      <TestMethod codeBase="D:\v2.0\A1\_work\dbded102\bin\Release.AnyCPU\Tfs.Service\MS.TF.WorkItemTracking.Server.L0.Tests\MS.TF.WorkItemTracking.Server.L0.Tests.dll" adapterTypeName="Microsoft.VisualStudio.TestTools.TestTypes.Unit.UnitTestAdapter" className="MS.TF.WorkItemTracking.Server.L0.Tests.Workitems.LinkTypeDictionaryTests" name="GetLinkTypeEndByRefName_NonexistantRefName" />
    </UnitTest>
    <UnitTest name="TryGetLinkTypeEndByName" storage="d:\v2.0\a1\_work\dbded102\bin\release.anycpu\tfs.service\ms.tf.workitemtracking.server.l0.tests\ms.tf.workitemtracking.server.l0.tests.dll" id="c492f37e-7183-fe32-0ef5-30fed50720fb">
      <Execution id="75734de7-59ac-4850-a7c6-9435a45c947b" />
      <TestMethod codeBase="D:\v2.0\A1\_work\dbded102\bin\Release.AnyCPU\Tfs.Service\MS.TF.WorkItemTracking.Server.L0.Tests\MS.TF.WorkItemTracking.Server.L0.Tests.dll" adapterTypeName="Microsoft.VisualStudio.TestTools.TestTypes.Unit.UnitTestAdapter" className="MS.TF.WorkItemTracking.Server.L0.Tests.Workitems.LinkTypeDictionaryTests" name="TryGetLinkTypeEndByName" />
    </UnitTest>
    <UnitTest name="GetLinkTypeEndByName" storage="d:\v2.0\a1\_work\dbded102\bin\release.anycpu\tfs.service\ms.tf.workitemtracking.server.l0.tests\ms.tf.workitemtracking.server.l0.tests.dll" id="0ba367e5-b213-5523-9ccb-2bbbbd13f0b6">
      <Execution id="64e88b28-57d0-44bf-a27b-013071366a63" />
      <TestMethod codeBase="D:\v2.0\A1\_work\dbded102\bin\Release.AnyCPU\Tfs.Service\MS.TF.WorkItemTracking.Server.L0.Tests\MS.TF.WorkItemTracking.Server.L0.Tests.dll" adapterTypeName="Microsoft.VisualStudio.TestTools.TestTypes.Unit.UnitTestAdapter" className="MS.TF.WorkItemTracking.Server.L0.Tests.Workitems.LinkTypeDictionaryTests" name="GetLinkTypeEndByName" />
    </UnitTest>
    <UnitTest name="GetLinkTypeEndByName_NonexistantName" storage="d:\v2.0\a1\_work\dbded102\bin\release.anycpu\tfs.service\ms.tf.workitemtracking.server.l0.tests\ms.tf.workitemtracking.server.l0.tests.dll" id="7b3e5574-ccb7-32d8-ebd3-65524aad22e8">
      <Execution id="9ebcf0c7-ae16-468c-adbd-3073756e6d2c" />
      <TestMethod codeBase="D:\v2.0\A1\_work\dbded102\bin\Release.AnyCPU\Tfs.Service\MS.TF.WorkItemTracking.Server.L0.Tests\MS.TF.WorkItemTracking.Server.L0.Tests.dll" adapterTypeName="Microsoft.VisualStudio.TestTools.TestTypes.Unit.UnitTestAdapter" className="MS.TF.WorkItemTracking.Server.L0.Tests.Workitems.LinkTypeDictionaryTests" name="GetLinkTypeEndByName_NonexistantName" />
    </UnitTest>
    <UnitTest name="TryGetLinkTypeEndById" storage="d:\v2.0\a1\_work\dbded102\bin\release.anycpu\tfs.service\ms.tf.workitemtracking.server.l0.tests\ms.tf.workitemtracking.server.l0.tests.dll" id="d03b6ef7-57a6-6176-00f6-b1794fe874da">
      <Execution id="7efdfa8f-6c84-4e69-add6-d2c43d3401e7" />
      <TestMethod codeBase="D:\v2.0\A1\_work\dbded102\bin\Release.AnyCPU\Tfs.Service\MS.TF.WorkItemTracking.Server.L0.Tests\MS.TF.WorkItemTracking.Server.L0.Tests.dll" adapterTypeName="Microsoft.VisualStudio.TestTools.TestTypes.Unit.UnitTestAdapter" className="MS.TF.WorkItemTracking.Server.L0.Tests.Workitems.LinkTypeDictionaryTests" name="TryGetLinkTypeEndById" />
    </UnitTest>
    <UnitTest name="GetLinkTypeEndById" storage="d:\v2.0\a1\_work\dbded102\bin\release.anycpu\tfs.service\ms.tf.workitemtracking.server.l0.tests\ms.tf.workitemtracking.server.l0.tests.dll" id="affd6fb4-d81c-a5a7-d1e7-0dd488f76369">
      <Execution id="13e4f6c5-afef-4361-87fb-d6ad61966eec" />
      <TestMethod codeBase="D:\v2.0\A1\_work\dbded102\bin\Release.AnyCPU\Tfs.Service\MS.TF.WorkItemTracking.Server.L0.Tests\MS.TF.WorkItemTracking.Server.L0.Tests.dll" adapterTypeName="Microsoft.VisualStudio.TestTools.TestTypes.Unit.UnitTestAdapter" className="MS.TF.WorkItemTracking.Server.L0.Tests.Workitems.LinkTypeDictionaryTests" name="GetLinkTypeEndById" />
    </UnitTest>
    <UnitTest name="GetLinkTypeEndById_NonexistantId" storage="d:\v2.0\a1\_work\dbded102\bin\release.anycpu\tfs.service\ms.tf.workitemtracking.server.l0.tests\ms.tf.workitemtracking.server.l0.tests.dll" id="3a653f89-b79d-895c-961a-7e787ae0bceb">
      <Execution id="4cbc9c8a-1013-4ee2-9656-56e44d5998f9" />
      <TestMethod codeBase="D:\v2.0\A1\_work\dbded102\bin\Release.AnyCPU\Tfs.Service\MS.TF.WorkItemTracking.Server.L0.Tests\MS.TF.WorkItemTracking.Server.L0.Tests.dll" adapterTypeName="Microsoft.VisualStudio.TestTools.TestTypes.Unit.UnitTestAdapter" className="MS.TF.WorkItemTracking.Server.L0.Tests.Workitems.LinkTypeDictionaryTests" name="GetLinkTypeEndById_NonexistantId" />
    </UnitTest>
    <UnitTest name="GetLinkTypeEndRefNames" storage="d:\v2.0\a1\_work\dbded102\bin\release.anycpu\tfs.service\ms.tf.workitemtracking.server.l0.tests\ms.tf.workitemtracking.server.l0.tests.dll" id="6ac1de6f-e67a-ebb4-71e3-9f0a0157ae4f">
      <Execution id="252a6eae-baef-4304-80e8-43d0b0c540c5" />
      <TestMethod codeBase="D:\v2.0\A1\_work\dbded102\bin\Release.AnyCPU\Tfs.Service\MS.TF.WorkItemTracking.Server.L0.Tests\MS.TF.WorkItemTracking.Server.L0.Tests.dll" adapterTypeName="Microsoft.VisualStudio.TestTools.TestTypes.Unit.UnitTestAdapter" className="MS.TF.WorkItemTracking.Server.L0.Tests.Workitems.LinkTypeDictionaryTests" name="GetLinkTypeEndRefNames" />
    </UnitTest>
    <UnitTest name="WillIncludeCoreFields" storage="d:\v2.0\a1\_work\dbded102\bin\release.anycpu\tfs.service\ms.tf.workitemtracking.server.l0.tests\ms.tf.workitemtracking.server.l0.tests.dll" id="cd499017-ac68-a399-b589-23355c420976">
      <Execution id="2d024b1a-3c87-4045-b6f9-7404e1c03f26" />
      <TestMethod codeBase="D:\v2.0\A1\_work\dbded102\bin\Release.AnyCPU\Tfs.Service\MS.TF.WorkItemTracking.Server.L0.Tests\MS.TF.WorkItemTracking.Server.L0.Tests.dll" adapterTypeName="Microsoft.VisualStudio.TestTools.TestTypes.Unit.UnitTestAdapter" className="MS.TF.WorkItemTracking.Server.L0.Tests.Workitems.WorkItemChangedEventTests" name="WillIncludeCoreFields" />
    </UnitTest>
    <UnitTest name="WillIncludeChangedFields" storage="d:\v2.0\a1\_work\dbded102\bin\release.anycpu\tfs.service\ms.tf.workitemtracking.server.l0.tests\ms.tf.workitemtracking.server.l0.tests.dll" id="969367e8-88b1-7c5f-69f7-5846d7838ee1">
      <Execution id="1b7dbf00-a5f3-4864-9266-efb615820dca" />
      <TestMethod codeBase="D:\v2.0\A1\_work\dbded102\bin\Release.AnyCPU\Tfs.Service\MS.TF.WorkItemTracking.Server.L0.Tests\MS.TF.WorkItemTracking.Server.L0.Tests.dll" adapterTypeName="Microsoft.VisualStudio.TestTools.TestTypes.Unit.UnitTestAdapter" className="MS.TF.WorkItemTracking.Server.L0.Tests.Workitems.WorkItemChangedEventTests" name="WillIncludeChangedFields" />
    </UnitTest>
    <UnitTest name="ExtensionFieldsNotIncluded" storage="d:\v2.0\a1\_work\dbded102\bin\release.anycpu\tfs.service\ms.tf.workitemtracking.server.l0.tests\ms.tf.workitemtracking.server.l0.tests.dll" id="9bcc64f2-504f-72a9-8291-ce75e2de618a">
      <Execution id="2c13384d-3614-4120-82c3-95221bad7ceb" />
      <TestMethod codeBase="D:\v2.0\A1\_work\dbded102\bin\Release.AnyCPU\Tfs.Service\MS.TF.WorkItemTracking.Server.L0.Tests\MS.TF.WorkItemTracking.Server.L0.Tests.dll" adapterTypeName="Microsoft.VisualStudio.TestTools.TestTypes.Unit.UnitTestAdapter" className="MS.TF.WorkItemTracking.Server.L0.Tests.Workitems.WorkItemChangedEventTests" name="ExtensionFieldsNotIncluded" />
    </UnitTest>
    <UnitTest name="WillIncludeWorkItemLinks_TargetIsUpdated" storage="d:\v2.0\a1\_work\dbded102\bin\release.anycpu\tfs.service\ms.tf.workitemtracking.server.l0.tests\ms.tf.workitemtracking.server.l0.tests.dll" id="d1b574b0-355e-bb62-8ba2-2ca5050a4014">
      <Execution id="cc79190d-466d-425e-b3d6-0901bf3ead43" />
      <TestMethod codeBase="D:\v2.0\A1\_work\dbded102\bin\Release.AnyCPU\Tfs.Service\MS.TF.WorkItemTracking.Server.L0.Tests\MS.TF.WorkItemTracking.Server.L0.Tests.dll" adapterTypeName="Microsoft.VisualStudio.TestTools.TestTypes.Unit.UnitTestAdapter" className="MS.TF.WorkItemTracking.Server.L0.Tests.Workitems.WorkItemChangedEventTests" name="WillIncludeWorkItemLinks_TargetIsUpdated" />
    </UnitTest>
    <UnitTest name="WillIncludeWorkItemLinks_TargetIsNew" storage="d:\v2.0\a1\_work\dbded102\bin\release.anycpu\tfs.service\ms.tf.workitemtracking.server.l0.tests\ms.tf.workitemtracking.server.l0.tests.dll" id="ada8bad6-274e-eb3c-e067-fc29bac316c1">
      <Execution id="345a20b8-f8bb-45e2-8881-26422fc268b7" />
      <TestMethod codeBase="D:\v2.0\A1\_work\dbded102\bin\Release.AnyCPU\Tfs.Service\MS.TF.WorkItemTracking.Server.L0.Tests\MS.TF.WorkItemTracking.Server.L0.Tests.dll" adapterTypeName="Microsoft.VisualStudio.TestTools.TestTypes.Unit.UnitTestAdapter" className="MS.TF.WorkItemTracking.Server.L0.Tests.Workitems.WorkItemChangedEventTests" name="WillIncludeWorkItemLinks_TargetIsNew" />
    </UnitTest>
    <UnitTest name="WillIncludeWorkItemLinks_TargetIsNotUpdated" storage="d:\v2.0\a1\_work\dbded102\bin\release.anycpu\tfs.service\ms.tf.workitemtracking.server.l0.tests\ms.tf.workitemtracking.server.l0.tests.dll" id="34118958-7868-346f-8563-3553327339c7">
      <Execution id="12e22a0a-49d1-4d81-b6b1-9ac507e453a9" />
      <TestMethod codeBase="D:\v2.0\A1\_work\dbded102\bin\Release.AnyCPU\Tfs.Service\MS.TF.WorkItemTracking.Server.L0.Tests\MS.TF.WorkItemTracking.Server.L0.Tests.dll" adapterTypeName="Microsoft.VisualStudio.TestTools.TestTypes.Unit.UnitTestAdapter" className="MS.TF.WorkItemTracking.Server.L0.Tests.Workitems.WorkItemChangedEventTests" name="WillIncludeWorkItemLinks_TargetIsNotUpdated" />
    </UnitTest>
    <UnitTest name="WillIncludeWorkItemResourceLinks" storage="d:\v2.0\a1\_work\dbded102\bin\release.anycpu\tfs.service\ms.tf.workitemtracking.server.l0.tests\ms.tf.workitemtracking.server.l0.tests.dll" id="2ad09514-6cf7-3e3c-92d9-ad3de46a9b16">
      <Execution id="b03d0051-eaed-4edd-8999-22bde6e28df8" />
      <TestMethod codeBase="D:\v2.0\A1\_work\dbded102\bin\Release.AnyCPU\Tfs.Service\MS.TF.WorkItemTracking.Server.L0.Tests\MS.TF.WorkItemTracking.Server.L0.Tests.dll" adapterTypeName="Microsoft.VisualStudio.TestTools.TestTypes.Unit.UnitTestAdapter" className="MS.TF.WorkItemTracking.Server.L0.Tests.Workitems.WorkItemChangedEventTests" name="WillIncludeWorkItemResourceLinks" />
    </UnitTest>
    <UnitTest name="WillIncludeTextFields" storage="d:\v2.0\a1\_work\dbded102\bin\release.anycpu\tfs.service\ms.tf.workitemtracking.server.l0.tests\ms.tf.workitemtracking.server.l0.tests.dll" id="c880546e-0009-aafe-8c7b-e52525770a57">
      <Execution id="257331e7-9c4c-4b40-b351-8a7c155515b7" />
      <TestMethod codeBase="D:\v2.0\A1\_work\dbded102\bin\Release.AnyCPU\Tfs.Service\MS.TF.WorkItemTracking.Server.L0.Tests\MS.TF.WorkItemTracking.Server.L0.Tests.dll" adapterTypeName="Microsoft.VisualStudio.TestTools.TestTypes.Unit.UnitTestAdapter" className="MS.TF.WorkItemTracking.Server.L0.Tests.Workitems.WorkItemChangedEventTests" name="WillIncludeTextFields" />
    </UnitTest>
    <UnitTest name="SimpleFieldDataPopulated" storage="d:\v2.0\a1\_work\dbded102\bin\release.anycpu\tfs.service\ms.tf.workitemtracking.server.l0.tests\ms.tf.workitemtracking.server.l0.tests.dll" id="5bf261f3-562b-909a-1fb2-3b294f2ac49c">
      <Execution id="208a1fde-cff7-449c-92a9-3cadb846ccc4" />
      <TestMethod codeBase="D:\v2.0\A1\_work\dbded102\bin\Release.AnyCPU\Tfs.Service\MS.TF.WorkItemTracking.Server.L0.Tests\MS.TF.WorkItemTracking.Server.L0.Tests.dll" adapterTypeName="Microsoft.VisualStudio.TestTools.TestTypes.Unit.UnitTestAdapter" className="MS.TF.WorkItemTracking.Server.L0.Tests.Workitems.WorkItemChangedEventTests" name="SimpleFieldDataPopulated" />
    </UnitTest>
    <UnitTest name="CorrectDataOnNewWorkItem" storage="d:\v2.0\a1\_work\dbded102\bin\release.anycpu\tfs.service\ms.tf.workitemtracking.server.l0.tests\ms.tf.workitemtracking.server.l0.tests.dll" id="fe9acd05-0efa-20f7-576c-c15bdb2fdf91">
      <Execution id="5b5645c1-4498-4312-921e-377be6539917" />
      <TestMethod codeBase="D:\v2.0\A1\_work\dbded102\bin\Release.AnyCPU\Tfs.Service\MS.TF.WorkItemTracking.Server.L0.Tests\MS.TF.WorkItemTracking.Server.L0.Tests.dll" adapterTypeName="Microsoft.VisualStudio.TestTools.TestTypes.Unit.UnitTestAdapter" className="MS.TF.WorkItemTracking.Server.L0.Tests.Workitems.WorkItemChangedEventTests" name="CorrectDataOnNewWorkItem" />
    </UnitTest>
    <UnitTest name="NullPropertiesOnEmptyData" storage="d:\v2.0\a1\_work\dbded102\bin\release.anycpu\tfs.service\ms.tf.workitemtracking.server.l0.tests\ms.tf.workitemtracking.server.l0.tests.dll" id="537481af-a913-3184-e73b-45ffb3b7280b">
      <Execution id="61114500-8bb6-4415-9c9c-e76f868e1854" />
      <TestMethod codeBase="D:\v2.0\A1\_work\dbded102\bin\Release.AnyCPU\Tfs.Service\MS.TF.WorkItemTracking.Server.L0.Tests\MS.TF.WorkItemTracking.Server.L0.Tests.dll" adapterTypeName="Microsoft.VisualStudio.TestTools.TestTypes.Unit.UnitTestAdapter" className="MS.TF.WorkItemTracking.Server.L0.Tests.Workitems.WorkItemChangedEventTests" name="NullPropertiesOnEmptyData" />
    </UnitTest>
    <UnitTest name="ConstructFieldData" storage="d:\v2.0\a1\_work\dbded102\bin\release.anycpu\tfs.service\ms.tf.workitemtracking.server.l0.tests\ms.tf.workitemtracking.server.l0.tests.dll" id="5601370c-3b4f-c3bc-c665-d9a8e2573319">
      <Execution id="0e972e32-6e5f-4037-a180-f6f9209510e4" />
      <TestMethod codeBase="D:\v2.0\A1\_work\dbded102\bin\Release.AnyCPU\Tfs.Service\MS.TF.WorkItemTracking.Server.L0.Tests\MS.TF.WorkItemTracking.Server.L0.Tests.dll" adapterTypeName="Microsoft.VisualStudio.TestTools.TestTypes.Unit.UnitTestAdapter" className="MS.TF.WorkItemTracking.Server.L0.Tests.Workitems.WorkItemFieldDataTests" name="ConstructFieldData" />
    </UnitTest>
    <UnitTest name="GetFieldValueFormatException" storage="d:\v2.0\a1\_work\dbded102\bin\release.anycpu\tfs.service\ms.tf.workitemtracking.server.l0.tests\ms.tf.workitemtracking.server.l0.tests.dll" id="eef38aad-61d5-713d-6b4b-c369b7854bb7">
      <Execution id="1ef7dcf6-5fa0-4db8-94e7-0c49590ad2f7" />
      <TestMethod codeBase="D:\v2.0\A1\_work\dbded102\bin\Release.AnyCPU\Tfs.Service\MS.TF.WorkItemTracking.Server.L0.Tests\MS.TF.WorkItemTracking.Server.L0.Tests.dll" adapterTypeName="Microsoft.VisualStudio.TestTools.TestTypes.Unit.UnitTestAdapter" className="MS.TF.WorkItemTracking.Server.L0.Tests.Workitems.WorkItemFieldDataTests" name="GetFieldValueFormatException" />
    </UnitTest>
    <UnitTest name="GetFieldValueValidCast" storage="d:\v2.0\a1\_work\dbded102\bin\release.anycpu\tfs.service\ms.tf.workitemtracking.server.l0.tests\ms.tf.workitemtracking.server.l0.tests.dll" id="630d091f-b6ef-1c7b-33e7-4cc51b959834">
      <Execution id="d8e0db25-52a9-4bcc-b38d-f4a24c3ae69b" />
      <TestMethod codeBase="D:\v2.0\A1\_work\dbded102\bin\Release.AnyCPU\Tfs.Service\MS.TF.WorkItemTracking.Server.L0.Tests\MS.TF.WorkItemTracking.Server.L0.Tests.dll" adapterTypeName="Microsoft.VisualStudio.TestTools.TestTypes.Unit.UnitTestAdapter" className="MS.TF.WorkItemTracking.Server.L0.Tests.Workitems.WorkItemFieldDataTests" name="GetFieldValueValidCast" />
    </UnitTest>
    <UnitTest name="SetFieldValue" storage="d:\v2.0\a1\_work\dbded102\bin\release.anycpu\tfs.service\ms.tf.workitemtracking.server.l0.tests\ms.tf.workitemtracking.server.l0.tests.dll" id="af54bb47-f0b0-b8b8-11af-286961b48810">
      <Execution id="525fb1ff-5076-4950-8264-e3811becb658" />
      <TestMethod codeBase="D:\v2.0\A1\_work\dbded102\bin\Release.AnyCPU\Tfs.Service\MS.TF.WorkItemTracking.Server.L0.Tests\MS.TF.WorkItemTracking.Server.L0.Tests.dll" adapterTypeName="Microsoft.VisualStudio.TestTools.TestTypes.Unit.UnitTestAdapter" className="MS.TF.WorkItemTracking.Server.L0.Tests.Workitems.WorkItemFieldDataTests" name="SetFieldValue" />
    </UnitTest>
    <UnitTest name="SetFieldValueByRefName" storage="d:\v2.0\a1\_work\dbded102\bin\release.anycpu\tfs.service\ms.tf.workitemtracking.server.l0.tests\ms.tf.workitemtracking.server.l0.tests.dll" id="71723024-3d1c-5afc-60b6-3ef6086ace2f">
      <Execution id="0003273b-649c-4403-ba05-a4bdc7acca26" />
      <TestMethod codeBase="D:\v2.0\A1\_work\dbded102\bin\Release.AnyCPU\Tfs.Service\MS.TF.WorkItemTracking.Server.L0.Tests\MS.TF.WorkItemTracking.Server.L0.Tests.dll" adapterTypeName="Microsoft.VisualStudio.TestTools.TestTypes.Unit.UnitTestAdapter" className="MS.TF.WorkItemTracking.Server.L0.Tests.Workitems.WorkItemFieldDataTests" name="SetFieldValueByRefName" />
    </UnitTest>
    <UnitTest name="SetBulkFieldUpdates" storage="d:\v2.0\a1\_work\dbded102\bin\release.anycpu\tfs.service\ms.tf.workitemtracking.server.l0.tests\ms.tf.workitemtracking.server.l0.tests.dll" id="7240edf6-9f87-81b5-a63a-dd835c19298b">
      <Execution id="22bf60f4-6542-4484-9fdd-8049bafea45b" />
      <TestMethod codeBase="D:\v2.0\A1\_work\dbded102\bin\Release.AnyCPU\Tfs.Service\MS.TF.WorkItemTracking.Server.L0.Tests\MS.TF.WorkItemTracking.Server.L0.Tests.dll" adapterTypeName="Microsoft.VisualStudio.TestTools.TestTypes.Unit.UnitTestAdapter" className="MS.TF.WorkItemTracking.Server.L0.Tests.Workitems.WorkItemFieldDataTests" name="SetBulkFieldUpdates" />
    </UnitTest>
    <UnitTest name="FieldDataUpdates" storage="d:\v2.0\a1\_work\dbded102\bin\release.anycpu\tfs.service\ms.tf.workitemtracking.server.l0.tests\ms.tf.workitemtracking.server.l0.tests.dll" id="a2ad502b-e813-04a7-0c15-eb6f592d663f">
      <Execution id="d0c2fb64-99a0-4697-a28f-d58653dfd3a7" />
      <TestMethod codeBase="D:\v2.0\A1\_work\dbded102\bin\Release.AnyCPU\Tfs.Service\MS.TF.WorkItemTracking.Server.L0.Tests\MS.TF.WorkItemTracking.Server.L0.Tests.dll" adapterTypeName="Microsoft.VisualStudio.TestTools.TestTypes.Unit.UnitTestAdapter" className="MS.TF.WorkItemTracking.Server.L0.Tests.Workitems.WorkItemFieldDataTests" name="FieldDataUpdates" />
    </UnitTest>
    <UnitTest name="TestTryComputeFieldValue_AreaId" storage="d:\v2.0\a1\_work\dbded102\bin\release.anycpu\tfs.service\ms.tf.workitemtracking.server.l0.tests\ms.tf.workitemtracking.server.l0.tests.dll" id="1665b15b-ab48-06e9-51f9-4b95b6440f4c">
      <Execution id="c9fe78bb-0255-4dd6-a892-3c349fe6d08e" />
      <TestMethod codeBase="D:\v2.0\A1\_work\dbded102\bin\Release.AnyCPU\Tfs.Service\MS.TF.WorkItemTracking.Server.L0.Tests\MS.TF.WorkItemTracking.Server.L0.Tests.dll" adapterTypeName="Microsoft.VisualStudio.TestTools.TestTypes.Unit.UnitTestAdapter" className="MS.TF.WorkItemTracking.Server.L0.Tests.Workitems.WorkItemFieldDataTests" name="TestTryComputeFieldValue_AreaId" />
    </UnitTest>
    <UnitTest name="TestTryComputeFieldValue_IterationId" storage="d:\v2.0\a1\_work\dbded102\bin\release.anycpu\tfs.service\ms.tf.workitemtracking.server.l0.tests\ms.tf.workitemtracking.server.l0.tests.dll" id="0b260af7-130b-ead7-8092-b64b215c767d">
      <Execution id="686bbe99-0276-46db-b71b-463f64b701ef" />
      <TestMethod codeBase="D:\v2.0\A1\_work\dbded102\bin\Release.AnyCPU\Tfs.Service\MS.TF.WorkItemTracking.Server.L0.Tests\MS.TF.WorkItemTracking.Server.L0.Tests.dll" adapterTypeName="Microsoft.VisualStudio.TestTools.TestTypes.Unit.UnitTestAdapter" className="MS.TF.WorkItemTracking.Server.L0.Tests.Workitems.WorkItemFieldDataTests" name="TestTryComputeFieldValue_IterationId" />
    </UnitTest>
    <UnitTest name="TestTryComputeFieldValue_AreaPath" storage="d:\v2.0\a1\_work\dbded102\bin\release.anycpu\tfs.service\ms.tf.workitemtracking.server.l0.tests\ms.tf.workitemtracking.server.l0.tests.dll" id="7a5fabe0-eee5-88c1-14ef-b1f016830824">
      <Execution id="da1bb02d-b97a-452b-bcd4-b0e0304f5cdc" />
      <TestMethod codeBase="D:\v2.0\A1\_work\dbded102\bin\Release.AnyCPU\Tfs.Service\MS.TF.WorkItemTracking.Server.L0.Tests\MS.TF.WorkItemTracking.Server.L0.Tests.dll" adapterTypeName="Microsoft.VisualStudio.TestTools.TestTypes.Unit.UnitTestAdapter" className="MS.TF.WorkItemTracking.Server.L0.Tests.Workitems.WorkItemFieldDataTests" name="TestTryComputeFieldValue_AreaPath" />
    </UnitTest>
    <UnitTest name="TestTryComputeFieldValue_IterationPath" storage="d:\v2.0\a1\_work\dbded102\bin\release.anycpu\tfs.service\ms.tf.workitemtracking.server.l0.tests\ms.tf.workitemtracking.server.l0.tests.dll" id="b9e54d3e-73a2-c5a7-65a9-1ee6503e75eb">
      <Execution id="4297bf98-01ea-46e4-96b7-58b319568438" />
      <TestMethod codeBase="D:\v2.0\A1\_work\dbded102\bin\Release.AnyCPU\Tfs.Service\MS.TF.WorkItemTracking.Server.L0.Tests\MS.TF.WorkItemTracking.Server.L0.Tests.dll" adapterTypeName="Microsoft.VisualStudio.TestTools.TestTypes.Unit.UnitTestAdapter" className="MS.TF.WorkItemTracking.Server.L0.Tests.Workitems.WorkItemFieldDataTests" name="TestTryComputeFieldValue_IterationPath" />
    </UnitTest>
    <UnitTest name="TestTryComputeFieldValue_ConvertToInt32" storage="d:\v2.0\a1\_work\dbded102\bin\release.anycpu\tfs.service\ms.tf.workitemtracking.server.l0.tests\ms.tf.workitemtracking.server.l0.tests.dll" id="12d7ac4e-0d2a-d63f-c187-29f635137b64">
      <Execution id="86223a90-5cfe-4865-b401-a31f69599c7d" />
      <TestMethod codeBase="D:\v2.0\A1\_work\dbded102\bin\Release.AnyCPU\Tfs.Service\MS.TF.WorkItemTracking.Server.L0.Tests\MS.TF.WorkItemTracking.Server.L0.Tests.dll" adapterTypeName="Microsoft.VisualStudio.TestTools.TestTypes.Unit.UnitTestAdapter" className="MS.TF.WorkItemTracking.Server.L0.Tests.Workitems.WorkItemFieldDataTests" name="TestTryComputeFieldValue_ConvertToInt32" />
    </UnitTest>
    <UnitTest name="TestTryComputeFieldValue_NotFound" storage="d:\v2.0\a1\_work\dbded102\bin\release.anycpu\tfs.service\ms.tf.workitemtracking.server.l0.tests\ms.tf.workitemtracking.server.l0.tests.dll" id="4b90dfe2-ff6e-bcf0-6c3b-ec5908c5e833">
      <Execution id="c7eaff80-09e1-48f4-bbd5-4ed5e5641a3f" />
      <TestMethod codeBase="D:\v2.0\A1\_work\dbded102\bin\Release.AnyCPU\Tfs.Service\MS.TF.WorkItemTracking.Server.L0.Tests\MS.TF.WorkItemTracking.Server.L0.Tests.dll" adapterTypeName="Microsoft.VisualStudio.TestTools.TestTypes.Unit.UnitTestAdapter" className="MS.TF.WorkItemTracking.Server.L0.Tests.Workitems.WorkItemFieldDataTests" name="TestTryComputeFieldValue_NotFound" />
    </UnitTest>
    <UnitTest name="TestTryComputeFieldValue_ReturnsFalse" storage="d:\v2.0\a1\_work\dbded102\bin\release.anycpu\tfs.service\ms.tf.workitemtracking.server.l0.tests\ms.tf.workitemtracking.server.l0.tests.dll" id="8d576840-c236-57e7-c995-6314a4ccb150">
      <Execution id="66e2f5a1-2d8e-468b-b3e5-8f20cb2d2375" />
      <TestMethod codeBase="D:\v2.0\A1\_work\dbded102\bin\Release.AnyCPU\Tfs.Service\MS.TF.WorkItemTracking.Server.L0.Tests\MS.TF.WorkItemTracking.Server.L0.Tests.dll" adapterTypeName="Microsoft.VisualStudio.TestTools.TestTypes.Unit.UnitTestAdapter" className="MS.TF.WorkItemTracking.Server.L0.Tests.Workitems.WorkItemFieldDataTests" name="TestTryComputeFieldValue_ReturnsFalse" />
    </UnitTest>
    <UnitTest name="NullArguments_RequestContext" storage="d:\v2.0\a1\_work\dbded102\bin\release.anycpu\tfs.service\ms.tf.workitemtracking.server.l0.tests\ms.tf.workitemtracking.server.l0.tests.dll" id="8431a7f4-43a9-07e0-83d0-b0d1a02dedc6">
      <Execution id="96106941-a320-4e09-aeaa-cf225e959f80" />
      <TestMethod codeBase="D:\v2.0\A1\_work\dbded102\bin\Release.AnyCPU\Tfs.Service\MS.TF.WorkItemTracking.Server.L0.Tests\MS.TF.WorkItemTracking.Server.L0.Tests.dll" adapterTypeName="Microsoft.VisualStudio.TestTools.TestTypes.Unit.UnitTestAdapter" className="MS.TF.WorkItemTracking.Server.L0.Tests.Workitems.WorkItemUpdateTests" name="NullArguments_RequestContext" />
    </UnitTest>
    <UnitTest name="NullArguments_WorkItemUpdates" storage="d:\v2.0\a1\_work\dbded102\bin\release.anycpu\tfs.service\ms.tf.workitemtracking.server.l0.tests\ms.tf.workitemtracking.server.l0.tests.dll" id="da41201a-1508-2841-dc3d-5d332861ca1b">
      <Execution id="d139b01b-eb58-43fc-8ac5-bd67ec6fae04" />
      <TestMethod codeBase="D:\v2.0\A1\_work\dbded102\bin\Release.AnyCPU\Tfs.Service\MS.TF.WorkItemTracking.Server.L0.Tests\MS.TF.WorkItemTracking.Server.L0.Tests.dll" adapterTypeName="Microsoft.VisualStudio.TestTools.TestTypes.Unit.UnitTestAdapter" className="MS.TF.WorkItemTracking.Server.L0.Tests.Workitems.WorkItemUpdateTests" name="NullArguments_WorkItemUpdates" />
    </UnitTest>
    <UnitTest name="NullArguments_WorkItemUpdates_Member" storage="d:\v2.0\a1\_work\dbded102\bin\release.anycpu\tfs.service\ms.tf.workitemtracking.server.l0.tests\ms.tf.workitemtracking.server.l0.tests.dll" id="11d84147-4888-f3a6-49de-b1c4f8adeca3">
      <Execution id="c3db9e3a-b3cc-453d-b593-4a79da5403e1" />
      <TestMethod codeBase="D:\v2.0\A1\_work\dbded102\bin\Release.AnyCPU\Tfs.Service\MS.TF.WorkItemTracking.Server.L0.Tests\MS.TF.WorkItemTracking.Server.L0.Tests.dll" adapterTypeName="Microsoft.VisualStudio.TestTools.TestTypes.Unit.UnitTestAdapter" className="MS.TF.WorkItemTracking.Server.L0.Tests.Workitems.WorkItemUpdateTests" name="NullArguments_WorkItemUpdates_Member" />
    </UnitTest>
    <UnitTest name="NullArguments_WorkItemUpdates_EmptyFields" storage="d:\v2.0\a1\_work\dbded102\bin\release.anycpu\tfs.service\ms.tf.workitemtracking.server.l0.tests\ms.tf.workitemtracking.server.l0.tests.dll" id="69d33474-632b-38fd-4de0-5cfbd22d5557">
      <Execution id="406687a5-f28c-44b4-b1ee-a033b7a93dc5" />
      <TestMethod codeBase="D:\v2.0\A1\_work\dbded102\bin\Release.AnyCPU\Tfs.Service\MS.TF.WorkItemTracking.Server.L0.Tests\MS.TF.WorkItemTracking.Server.L0.Tests.dll" adapterTypeName="Microsoft.VisualStudio.TestTools.TestTypes.Unit.UnitTestAdapter" className="MS.TF.WorkItemTracking.Server.L0.Tests.Workitems.WorkItemUpdateTests" name="NullArguments_WorkItemUpdates_EmptyFields" />
    </UnitTest>
    <UnitTest name="NullArguments_WorkItemUpdates_EmptyFields2" storage="d:\v2.0\a1\_work\dbded102\bin\release.anycpu\tfs.service\ms.tf.workitemtracking.server.l0.tests\ms.tf.workitemtracking.server.l0.tests.dll" id="fc155041-0117-cb6c-87de-f107e602a75b">
      <Execution id="474d658b-b93b-4857-a9ee-5d5eafa50a48" />
      <TestMethod codeBase="D:\v2.0\A1\_work\dbded102\bin\Release.AnyCPU\Tfs.Service\MS.TF.WorkItemTracking.Server.L0.Tests\MS.TF.WorkItemTracking.Server.L0.Tests.dll" adapterTypeName="Microsoft.VisualStudio.TestTools.TestTypes.Unit.UnitTestAdapter" className="MS.TF.WorkItemTracking.Server.L0.Tests.Workitems.WorkItemUpdateTests" name="NullArguments_WorkItemUpdates_EmptyFields2" />
    </UnitTest>
    <UnitTest name="ValidateUpdateStates_WorkItemUpdates_UpdateIdInvalid" storage="d:\v2.0\a1\_work\dbded102\bin\release.anycpu\tfs.service\ms.tf.workitemtracking.server.l0.tests\ms.tf.workitemtracking.server.l0.tests.dll" id="acc43e67-c88e-72a8-7c57-9c4d77986015">
      <Execution id="ecc81625-492c-4996-91c2-c15c8efb25bc" />
      <TestMethod codeBase="D:\v2.0\A1\_work\dbded102\bin\Release.AnyCPU\Tfs.Service\MS.TF.WorkItemTracking.Server.L0.Tests\MS.TF.WorkItemTracking.Server.L0.Tests.dll" adapterTypeName="Microsoft.VisualStudio.TestTools.TestTypes.Unit.UnitTestAdapter" className="MS.TF.WorkItemTracking.Server.L0.Tests.Workitems.WorkItemUpdateTests" name="ValidateUpdateStates_WorkItemUpdates_UpdateIdInvalid" />
    </UnitTest>
    <UnitTest name="ValidateUpdateStates_WorkItemUpdates_TooManyUpdates" storage="d:\v2.0\a1\_work\dbded102\bin\release.anycpu\tfs.service\ms.tf.workitemtracking.server.l0.tests\ms.tf.workitemtracking.server.l0.tests.dll" id="758c9297-768a-f93b-ac39-2286fd95f564">
      <Execution id="8070abdf-f7e5-4538-bc54-2ffa7d7eaf5c" />
      <TestMethod codeBase="D:\v2.0\A1\_work\dbded102\bin\Release.AnyCPU\Tfs.Service\MS.TF.WorkItemTracking.Server.L0.Tests\MS.TF.WorkItemTracking.Server.L0.Tests.dll" adapterTypeName="Microsoft.VisualStudio.TestTools.TestTypes.Unit.UnitTestAdapter" className="MS.TF.WorkItemTracking.Server.L0.Tests.Workitems.WorkItemUpdateTests" name="ValidateUpdateStates_WorkItemUpdates_TooManyUpdates" />
    </UnitTest>
    <UnitTest name="ValidateUpdateStates_WorkItemUpdates_DuplicateExistingId" storage="d:\v2.0\a1\_work\dbded102\bin\release.anycpu\tfs.service\ms.tf.workitemtracking.server.l0.tests\ms.tf.workitemtracking.server.l0.tests.dll" id="c2341e48-211e-bff2-2224-0f6f2523e30f">
      <Execution id="e5bc4fba-548a-49df-a123-7456f0213d01" />
      <TestMethod codeBase="D:\v2.0\A1\_work\dbded102\bin\Release.AnyCPU\Tfs.Service\MS.TF.WorkItemTracking.Server.L0.Tests\MS.TF.WorkItemTracking.Server.L0.Tests.dll" adapterTypeName="Microsoft.VisualStudio.TestTools.TestTypes.Unit.UnitTestAdapter" className="MS.TF.WorkItemTracking.Server.L0.Tests.Workitems.WorkItemUpdateTests" name="ValidateUpdateStates_WorkItemUpdates_DuplicateExistingId" />
    </UnitTest>
    <UnitTest name="ValidateUpdateStates_WorkItemUpdates_DuplicateNewId" storage="d:\v2.0\a1\_work\dbded102\bin\release.anycpu\tfs.service\ms.tf.workitemtracking.server.l0.tests\ms.tf.workitemtracking.server.l0.tests.dll" id="58665542-c55c-e6c2-70cf-64cf7148975d">
      <Execution id="a63bed08-9169-40a1-a6f8-96a75d8621e3" />
      <TestMethod codeBase="D:\v2.0\A1\_work\dbded102\bin\Release.AnyCPU\Tfs.Service\MS.TF.WorkItemTracking.Server.L0.Tests\MS.TF.WorkItemTracking.Server.L0.Tests.dll" adapterTypeName="Microsoft.VisualStudio.TestTools.TestTypes.Unit.UnitTestAdapter" className="MS.TF.WorkItemTracking.Server.L0.Tests.Workitems.WorkItemUpdateTests" name="ValidateUpdateStates_WorkItemUpdates_DuplicateNewId" />
    </UnitTest>
    <UnitTest name="ValidateUpdateStates_WorkItemUpdates_IncorrectFieldType" storage="d:\v2.0\a1\_work\dbded102\bin\release.anycpu\tfs.service\ms.tf.workitemtracking.server.l0.tests\ms.tf.workitemtracking.server.l0.tests.dll" id="6bf975b1-0d52-95d7-ee6d-a4b1315d4784">
      <Execution id="740cc1bc-0984-402d-8feb-53fe1d5e4478" />
      <TestMethod codeBase="D:\v2.0\A1\_work\dbded102\bin\Release.AnyCPU\Tfs.Service\MS.TF.WorkItemTracking.Server.L0.Tests\MS.TF.WorkItemTracking.Server.L0.Tests.dll" adapterTypeName="Microsoft.VisualStudio.TestTools.TestTypes.Unit.UnitTestAdapter" className="MS.TF.WorkItemTracking.Server.L0.Tests.Workitems.WorkItemUpdateTests" name="ValidateUpdateStates_WorkItemUpdates_IncorrectFieldType" />
    </UnitTest>
    <UnitTest name="ValidateUpdateStates_WorkItemUpdates_OverlongText" storage="d:\v2.0\a1\_work\dbded102\bin\release.anycpu\tfs.service\ms.tf.workitemtracking.server.l0.tests\ms.tf.workitemtracking.server.l0.tests.dll" id="8a5cc27d-db07-ea16-90b3-ec68cf19bd98">
      <Execution id="a40fcfb6-ecba-45ab-be82-8eb7667d519c" />
      <TestMethod codeBase="D:\v2.0\A1\_work\dbded102\bin\Release.AnyCPU\Tfs.Service\MS.TF.WorkItemTracking.Server.L0.Tests\MS.TF.WorkItemTracking.Server.L0.Tests.dll" adapterTypeName="Microsoft.VisualStudio.TestTools.TestTypes.Unit.UnitTestAdapter" className="MS.TF.WorkItemTracking.Server.L0.Tests.Workitems.WorkItemUpdateTests" name="ValidateUpdateStates_WorkItemUpdates_OverlongText" />
    </UnitTest>
    <UnitTest name="ValidateUpdateStates_WorkItemUpdates_InvalidTreePaths" storage="d:\v2.0\a1\_work\dbded102\bin\release.anycpu\tfs.service\ms.tf.workitemtracking.server.l0.tests\ms.tf.workitemtracking.server.l0.tests.dll" id="2fe7c38d-f8a7-21d8-b861-ee4ca5bdb054">
      <Execution id="02d72419-b3fe-4e16-a376-3563961fa6c6" />
      <TestMethod codeBase="D:\v2.0\A1\_work\dbded102\bin\Release.AnyCPU\Tfs.Service\MS.TF.WorkItemTracking.Server.L0.Tests\MS.TF.WorkItemTracking.Server.L0.Tests.dll" adapterTypeName="Microsoft.VisualStudio.TestTools.TestTypes.Unit.UnitTestAdapter" className="MS.TF.WorkItemTracking.Server.L0.Tests.Workitems.WorkItemUpdateTests" name="ValidateUpdateStates_WorkItemUpdates_InvalidTreePaths" />
    </UnitTest>
    <UnitTest name="ValidateUpdateStates_WorkItemUpdates_InvalidTreeIds" storage="d:\v2.0\a1\_work\dbded102\bin\release.anycpu\tfs.service\ms.tf.workitemtracking.server.l0.tests\ms.tf.workitemtracking.server.l0.tests.dll" id="2a9202aa-147d-d35d-7a48-b8e4cdfa9672">
      <Execution id="c3d596bb-02a1-45f3-9338-05dc4b63bf62" />
      <TestMethod codeBase="D:\v2.0\A1\_work\dbded102\bin\Release.AnyCPU\Tfs.Service\MS.TF.WorkItemTracking.Server.L0.Tests\MS.TF.WorkItemTracking.Server.L0.Tests.dll" adapterTypeName="Microsoft.VisualStudio.TestTools.TestTypes.Unit.UnitTestAdapter" className="MS.TF.WorkItemTracking.Server.L0.Tests.Workitems.WorkItemUpdateTests" name="ValidateUpdateStates_WorkItemUpdates_InvalidTreeIds" />
    </UnitTest>
    <UnitTest name="ValidateUpdateStates_WorkItemUpdates_InvalidLinkType" storage="d:\v2.0\a1\_work\dbded102\bin\release.anycpu\tfs.service\ms.tf.workitemtracking.server.l0.tests\ms.tf.workitemtracking.server.l0.tests.dll" id="e750ee8e-8d3c-f2be-0fde-d9d9eea8aff3">
      <Execution id="646cd67e-bd2e-4238-99e1-113b5895bffd" />
      <TestMethod codeBase="D:\v2.0\A1\_work\dbded102\bin\Release.AnyCPU\Tfs.Service\MS.TF.WorkItemTracking.Server.L0.Tests\MS.TF.WorkItemTracking.Server.L0.Tests.dll" adapterTypeName="Microsoft.VisualStudio.TestTools.TestTypes.Unit.UnitTestAdapter" className="MS.TF.WorkItemTracking.Server.L0.Tests.Workitems.WorkItemUpdateTests" name="ValidateUpdateStates_WorkItemUpdates_InvalidLinkType" />
    </UnitTest>
    <UnitTest name="ValidateUpdateStates_WorkItemUpdates_DisabledLinkType" storage="d:\v2.0\a1\_work\dbded102\bin\release.anycpu\tfs.service\ms.tf.workitemtracking.server.l0.tests\ms.tf.workitemtracking.server.l0.tests.dll" id="81a2f8d1-3b27-15fd-5ebb-51f09eac2175">
      <Execution id="f99ae790-8deb-4481-a53f-788c2bfa9588" />
      <TestMethod codeBase="D:\v2.0\A1\_work\dbded102\bin\Release.AnyCPU\Tfs.Service\MS.TF.WorkItemTracking.Server.L0.Tests\MS.TF.WorkItemTracking.Server.L0.Tests.dll" adapterTypeName="Microsoft.VisualStudio.TestTools.TestTypes.Unit.UnitTestAdapter" className="MS.TF.WorkItemTracking.Server.L0.Tests.Workitems.WorkItemUpdateTests" name="ValidateUpdateStates_WorkItemUpdates_DisabledLinkType" />
    </UnitTest>
    <UnitTest name="ValidateUpdateStates_WorkItemUpdates_SelfLink" storage="d:\v2.0\a1\_work\dbded102\bin\release.anycpu\tfs.service\ms.tf.workitemtracking.server.l0.tests\ms.tf.workitemtracking.server.l0.tests.dll" id="a88e8173-a948-14b9-0511-ecf893d4fc84">
      <Execution id="2dd91dc2-fe13-42df-bdff-cad76d874f9b" />
      <TestMethod codeBase="D:\v2.0\A1\_work\dbded102\bin\Release.AnyCPU\Tfs.Service\MS.TF.WorkItemTracking.Server.L0.Tests\MS.TF.WorkItemTracking.Server.L0.Tests.dll" adapterTypeName="Microsoft.VisualStudio.TestTools.TestTypes.Unit.UnitTestAdapter" className="MS.TF.WorkItemTracking.Server.L0.Tests.Workitems.WorkItemUpdateTests" name="ValidateUpdateStates_WorkItemUpdates_SelfLink" />
    </UnitTest>
    <UnitTest name="ValidateUpdateStates_WorkItemUpdates_InvalidLinkEnds" storage="d:\v2.0\a1\_work\dbded102\bin\release.anycpu\tfs.service\ms.tf.workitemtracking.server.l0.tests\ms.tf.workitemtracking.server.l0.tests.dll" id="3ea55c3b-47eb-3629-1786-8798e2922588">
      <Execution id="9b84453b-3a37-4107-86f7-5dbb12c9f993" />
      <TestMethod codeBase="D:\v2.0\A1\_work\dbded102\bin\Release.AnyCPU\Tfs.Service\MS.TF.WorkItemTracking.Server.L0.Tests\MS.TF.WorkItemTracking.Server.L0.Tests.dll" adapterTypeName="Microsoft.VisualStudio.TestTools.TestTypes.Unit.UnitTestAdapter" className="MS.TF.WorkItemTracking.Server.L0.Tests.Workitems.WorkItemUpdateTests" name="ValidateUpdateStates_WorkItemUpdates_InvalidLinkEnds" />
    </UnitTest>
    <UnitTest name="ValidateUpdateStates_WorkItemUpdates_UpdateResourceLinkWithNoResourceId" storage="d:\v2.0\a1\_work\dbded102\bin\release.anycpu\tfs.service\ms.tf.workitemtracking.server.l0.tests\ms.tf.workitemtracking.server.l0.tests.dll" id="d8d6086d-3677-fbdb-5123-59bcd2af7f91">
      <Execution id="602b6d3e-d8db-497b-8fcb-24501c72891f" />
      <TestMethod codeBase="D:\v2.0\A1\_work\dbded102\bin\Release.AnyCPU\Tfs.Service\MS.TF.WorkItemTracking.Server.L0.Tests\MS.TF.WorkItemTracking.Server.L0.Tests.dll" adapterTypeName="Microsoft.VisualStudio.TestTools.TestTypes.Unit.UnitTestAdapter" className="MS.TF.WorkItemTracking.Server.L0.Tests.Workitems.WorkItemUpdateTests" name="ValidateUpdateStates_WorkItemUpdates_UpdateResourceLinkWithNoResourceId" />
    </UnitTest>
    <UnitTest name="ValidateUpdateStates_WorkItemUpdates_DeleteResourceLinkWithNoResourceId" storage="d:\v2.0\a1\_work\dbded102\bin\release.anycpu\tfs.service\ms.tf.workitemtracking.server.l0.tests\ms.tf.workitemtracking.server.l0.tests.dll" id="f347c93b-73d9-eb3c-1b4e-e20db10499a3">
      <Execution id="6a3b6149-720e-4003-bd07-52d125b1e4e7" />
      <TestMethod codeBase="D:\v2.0\A1\_work\dbded102\bin\Release.AnyCPU\Tfs.Service\MS.TF.WorkItemTracking.Server.L0.Tests\MS.TF.WorkItemTracking.Server.L0.Tests.dll" adapterTypeName="Microsoft.VisualStudio.TestTools.TestTypes.Unit.UnitTestAdapter" className="MS.TF.WorkItemTracking.Server.L0.Tests.Workitems.WorkItemUpdateTests" name="ValidateUpdateStates_WorkItemUpdates_DeleteResourceLinkWithNoResourceId" />
    </UnitTest>
    <UnitTest name="ValidateUpdateStates_WorkItemUpdates_AddResourceLinkWithNoResourceType" storage="d:\v2.0\a1\_work\dbded102\bin\release.anycpu\tfs.service\ms.tf.workitemtracking.server.l0.tests\ms.tf.workitemtracking.server.l0.tests.dll" id="1e47d940-0bdd-0a0f-b6b9-f2c8a8775208">
      <Execution id="9bdc94ce-1d15-4907-b1a4-a02de21520fb" />
      <TestMethod codeBase="D:\v2.0\A1\_work\dbded102\bin\Release.AnyCPU\Tfs.Service\MS.TF.WorkItemTracking.Server.L0.Tests\MS.TF.WorkItemTracking.Server.L0.Tests.dll" adapterTypeName="Microsoft.VisualStudio.TestTools.TestTypes.Unit.UnitTestAdapter" className="MS.TF.WorkItemTracking.Server.L0.Tests.Workitems.WorkItemUpdateTests" name="ValidateUpdateStates_WorkItemUpdates_AddResourceLinkWithNoResourceType" />
    </UnitTest>
    <UnitTest name="ValidateUpdateStates_WorkItemUpdates_AddResourceLinkWithNullLocation" storage="d:\v2.0\a1\_work\dbded102\bin\release.anycpu\tfs.service\ms.tf.workitemtracking.server.l0.tests\ms.tf.workitemtracking.server.l0.tests.dll" id="ab468035-7468-7333-c466-9d81d6cd4399">
      <Execution id="d7cc7597-3af9-4fad-8efd-d37a7142a3b3" />
      <TestMethod codeBase="D:\v2.0\A1\_work\dbded102\bin\Release.AnyCPU\Tfs.Service\MS.TF.WorkItemTracking.Server.L0.Tests\MS.TF.WorkItemTracking.Server.L0.Tests.dll" adapterTypeName="Microsoft.VisualStudio.TestTools.TestTypes.Unit.UnitTestAdapter" className="MS.TF.WorkItemTracking.Server.L0.Tests.Workitems.WorkItemUpdateTests" name="ValidateUpdateStates_WorkItemUpdates_AddResourceLinkWithNullLocation" />
    </UnitTest>
    <UnitTest name="ValidateUpdateStates_WorkItemUpdates_AddResourceLinkWithNegativeLength" storage="d:\v2.0\a1\_work\dbded102\bin\release.anycpu\tfs.service\ms.tf.workitemtracking.server.l0.tests\ms.tf.workitemtracking.server.l0.tests.dll" id="3ec3c6b2-0d1d-4a91-6c16-63a9ec999657">
      <Execution id="7126a654-09a2-46b9-aec2-8070918d380f" />
      <TestMethod codeBase="D:\v2.0\A1\_work\dbded102\bin\Release.AnyCPU\Tfs.Service\MS.TF.WorkItemTracking.Server.L0.Tests\MS.TF.WorkItemTracking.Server.L0.Tests.dll" adapterTypeName="Microsoft.VisualStudio.TestTools.TestTypes.Unit.UnitTestAdapter" className="MS.TF.WorkItemTracking.Server.L0.Tests.Workitems.WorkItemUpdateTests" name="ValidateUpdateStates_WorkItemUpdates_AddResourceLinkWithNegativeLength" />
    </UnitTest>
    <UnitTest name="ValidateUpdateStates_WorkItemUpdates_BoardFieldsInUpdate" storage="d:\v2.0\a1\_work\dbded102\bin\release.anycpu\tfs.service\ms.tf.workitemtracking.server.l0.tests\ms.tf.workitemtracking.server.l0.tests.dll" id="7f84b9d0-d40d-8f28-d053-14715726a2f7">
      <Execution id="4395cc32-ffb5-45d3-976d-667eae6a1262" />
      <TestMethod codeBase="D:\v2.0\A1\_work\dbded102\bin\Release.AnyCPU\Tfs.Service\MS.TF.WorkItemTracking.Server.L0.Tests\MS.TF.WorkItemTracking.Server.L0.Tests.dll" adapterTypeName="Microsoft.VisualStudio.TestTools.TestTypes.Unit.UnitTestAdapter" className="MS.TF.WorkItemTracking.Server.L0.Tests.Workitems.WorkItemUpdateTests" name="ValidateUpdateStates_WorkItemUpdates_BoardFieldsInUpdate" />
    </UnitTest>
    <UnitTest name="ValidateUpdateStates_SettingCreatedDateWithoutBypassRulesFails" storage="d:\v2.0\a1\_work\dbded102\bin\release.anycpu\tfs.service\ms.tf.workitemtracking.server.l0.tests\ms.tf.workitemtracking.server.l0.tests.dll" id="d844e36b-2dbf-ccb1-e837-77630182eb65">
      <Execution id="a640a08d-92f7-4c4e-ba8e-2c93ae52e688" />
      <TestMethod codeBase="D:\v2.0\A1\_work\dbded102\bin\Release.AnyCPU\Tfs.Service\MS.TF.WorkItemTracking.Server.L0.Tests\MS.TF.WorkItemTracking.Server.L0.Tests.dll" adapterTypeName="Microsoft.VisualStudio.TestTools.TestTypes.Unit.UnitTestAdapter" className="MS.TF.WorkItemTracking.Server.L0.Tests.Workitems.WorkItemUpdateTests" name="ValidateUpdateStates_SettingCreatedDateWithoutBypassRulesFails" />
    </UnitTest>
    <UnitTest name="ValidateUpdateStates_SettingCreatedByWithoutBypassRulesFails" storage="d:\v2.0\a1\_work\dbded102\bin\release.anycpu\tfs.service\ms.tf.workitemtracking.server.l0.tests\ms.tf.workitemtracking.server.l0.tests.dll" id="9984f70d-82eb-b0ea-76f9-bc60c25532da">
      <Execution id="04a66c08-e135-4549-84a4-4972649ce162" />
      <TestMethod codeBase="D:\v2.0\A1\_work\dbded102\bin\Release.AnyCPU\Tfs.Service\MS.TF.WorkItemTracking.Server.L0.Tests\MS.TF.WorkItemTracking.Server.L0.Tests.dll" adapterTypeName="Microsoft.VisualStudio.TestTools.TestTypes.Unit.UnitTestAdapter" className="MS.TF.WorkItemTracking.Server.L0.Tests.Workitems.WorkItemUpdateTests" name="ValidateUpdateStates_SettingCreatedByWithoutBypassRulesFails" />
    </UnitTest>
    <UnitTest name="ValidateUpdateStates_SettingCreatedByWithoutBypassRulesSucceedsForProperIdentity" storage="d:\v2.0\a1\_work\dbded102\bin\release.anycpu\tfs.service\ms.tf.workitemtracking.server.l0.tests\ms.tf.workitemtracking.server.l0.tests.dll" id="63459f5d-ede7-a373-3d8c-3d5f28621a33">
      <Execution id="13e17ef6-c127-4608-b40e-dfa31b6ac292" />
      <TestMethod codeBase="D:\v2.0\A1\_work\dbded102\bin\Release.AnyCPU\Tfs.Service\MS.TF.WorkItemTracking.Server.L0.Tests\MS.TF.WorkItemTracking.Server.L0.Tests.dll" adapterTypeName="Microsoft.VisualStudio.TestTools.TestTypes.Unit.UnitTestAdapter" className="MS.TF.WorkItemTracking.Server.L0.Tests.Workitems.WorkItemUpdateTests" name="ValidateUpdateStates_SettingCreatedByWithoutBypassRulesSucceedsForProperIdentity" />
    </UnitTest>
    <UnitTest name="ValidateUpdateStates_SettingChangedDateWithoutBypassRulesFails" storage="d:\v2.0\a1\_work\dbded102\bin\release.anycpu\tfs.service\ms.tf.workitemtracking.server.l0.tests\ms.tf.workitemtracking.server.l0.tests.dll" id="492faa59-4c4a-0ca4-e9c0-e9eb64444477">
      <Execution id="6dd495a0-f44c-4af8-82d3-3559eb6e5e72" />
      <TestMethod codeBase="D:\v2.0\A1\_work\dbded102\bin\Release.AnyCPU\Tfs.Service\MS.TF.WorkItemTracking.Server.L0.Tests\MS.TF.WorkItemTracking.Server.L0.Tests.dll" adapterTypeName="Microsoft.VisualStudio.TestTools.TestTypes.Unit.UnitTestAdapter" className="MS.TF.WorkItemTracking.Server.L0.Tests.Workitems.WorkItemUpdateTests" name="ValidateUpdateStates_SettingChangedDateWithoutBypassRulesFails" />
    </UnitTest>
    <UnitTest name="ValidateUpdateStates_SettingChangedByWithoutBypassRulesFails" storage="d:\v2.0\a1\_work\dbded102\bin\release.anycpu\tfs.service\ms.tf.workitemtracking.server.l0.tests\ms.tf.workitemtracking.server.l0.tests.dll" id="ecd705e9-4527-f1aa-ad49-d04b7ca6ac5d">
      <Execution id="8d30b298-ac2a-453e-858f-7e532856fe44" />
      <TestMethod codeBase="D:\v2.0\A1\_work\dbded102\bin\Release.AnyCPU\Tfs.Service\MS.TF.WorkItemTracking.Server.L0.Tests\MS.TF.WorkItemTracking.Server.L0.Tests.dll" adapterTypeName="Microsoft.VisualStudio.TestTools.TestTypes.Unit.UnitTestAdapter" className="MS.TF.WorkItemTracking.Server.L0.Tests.Workitems.WorkItemUpdateTests" name="ValidateUpdateStates_SettingChangedByWithoutBypassRulesFails" />
    </UnitTest>
    <UnitTest name="ValidateUpdateStates_SettingChangedByWithoutBypassRulesSucceedsForProperIdentity" storage="d:\v2.0\a1\_work\dbded102\bin\release.anycpu\tfs.service\ms.tf.workitemtracking.server.l0.tests\ms.tf.workitemtracking.server.l0.tests.dll" id="7776052a-5cd3-4a40-df9a-2cfcd012de7e">
      <Execution id="a505c1a9-998c-4404-9a9c-f0f61b770460" />
      <TestMethod codeBase="D:\v2.0\A1\_work\dbded102\bin\Release.AnyCPU\Tfs.Service\MS.TF.WorkItemTracking.Server.L0.Tests\MS.TF.WorkItemTracking.Server.L0.Tests.dll" adapterTypeName="Microsoft.VisualStudio.TestTools.TestTypes.Unit.UnitTestAdapter" className="MS.TF.WorkItemTracking.Server.L0.Tests.Workitems.WorkItemUpdateTests" name="ValidateUpdateStates_SettingChangedByWithoutBypassRulesSucceedsForProperIdentity" />
    </UnitTest>
    <UnitTest name="ValidateUpdateStates_NewUpdate_ChangedDateWithoutCreatedDate" storage="d:\v2.0\a1\_work\dbded102\bin\release.anycpu\tfs.service\ms.tf.workitemtracking.server.l0.tests\ms.tf.workitemtracking.server.l0.tests.dll" id="9b453c0e-3ff5-8713-f666-554a00a406e2">
      <Execution id="83713861-ae88-4eb6-a28c-078fa514680a" />
      <TestMethod codeBase="D:\v2.0\A1\_work\dbded102\bin\Release.AnyCPU\Tfs.Service\MS.TF.WorkItemTracking.Server.L0.Tests\MS.TF.WorkItemTracking.Server.L0.Tests.dll" adapterTypeName="Microsoft.VisualStudio.TestTools.TestTypes.Unit.UnitTestAdapter" className="MS.TF.WorkItemTracking.Server.L0.Tests.Workitems.WorkItemUpdateTests" name="ValidateUpdateStates_NewUpdate_ChangedDateWithoutCreatedDate" />
    </UnitTest>
    <UnitTest name="ValidateUpdateStates_NewUpdate_CreatedDateWithoutChangedDate" storage="d:\v2.0\a1\_work\dbded102\bin\release.anycpu\tfs.service\ms.tf.workitemtracking.server.l0.tests\ms.tf.workitemtracking.server.l0.tests.dll" id="7400fdf0-1c26-519b-1157-293f176fbfb3">
      <Execution id="76c7aee9-c866-4a4e-b43f-8ef08a6252c2" />
      <TestMethod codeBase="D:\v2.0\A1\_work\dbded102\bin\Release.AnyCPU\Tfs.Service\MS.TF.WorkItemTracking.Server.L0.Tests\MS.TF.WorkItemTracking.Server.L0.Tests.dll" adapterTypeName="Microsoft.VisualStudio.TestTools.TestTypes.Unit.UnitTestAdapter" className="MS.TF.WorkItemTracking.Server.L0.Tests.Workitems.WorkItemUpdateTests" name="ValidateUpdateStates_NewUpdate_CreatedDateWithoutChangedDate" />
    </UnitTest>
    <UnitTest name="ValidateUpdateStates_NewUpdate_ChangedByWithoutCreatedBy" storage="d:\v2.0\a1\_work\dbded102\bin\release.anycpu\tfs.service\ms.tf.workitemtracking.server.l0.tests\ms.tf.workitemtracking.server.l0.tests.dll" id="578eb48d-fa44-8914-a25f-d7b307fbf8b7">
      <Execution id="e5302436-598c-41ff-8bef-dd0668d3b95d" />
      <TestMethod codeBase="D:\v2.0\A1\_work\dbded102\bin\Release.AnyCPU\Tfs.Service\MS.TF.WorkItemTracking.Server.L0.Tests\MS.TF.WorkItemTracking.Server.L0.Tests.dll" adapterTypeName="Microsoft.VisualStudio.TestTools.TestTypes.Unit.UnitTestAdapter" className="MS.TF.WorkItemTracking.Server.L0.Tests.Workitems.WorkItemUpdateTests" name="ValidateUpdateStates_NewUpdate_ChangedByWithoutCreatedBy" />
    </UnitTest>
    <UnitTest name="ValidateUpdateStates_NewUpdate_CreatedByWithoutChangedBy" storage="d:\v2.0\a1\_work\dbded102\bin\release.anycpu\tfs.service\ms.tf.workitemtracking.server.l0.tests\ms.tf.workitemtracking.server.l0.tests.dll" id="cb07c3dd-3e90-9048-cd30-8c3e881e267f">
      <Execution id="0057fad0-5111-44c8-b3fb-f80bb85c2966" />
      <TestMethod codeBase="D:\v2.0\A1\_work\dbded102\bin\Release.AnyCPU\Tfs.Service\MS.TF.WorkItemTracking.Server.L0.Tests\MS.TF.WorkItemTracking.Server.L0.Tests.dll" adapterTypeName="Microsoft.VisualStudio.TestTools.TestTypes.Unit.UnitTestAdapter" className="MS.TF.WorkItemTracking.Server.L0.Tests.Workitems.WorkItemUpdateTests" name="ValidateUpdateStates_NewUpdate_CreatedByWithoutChangedBy" />
    </UnitTest>
    <UnitTest name="ValidateUpdateStates_NewUpdate_CreatedDateWithChangedDate" storage="d:\v2.0\a1\_work\dbded102\bin\release.anycpu\tfs.service\ms.tf.workitemtracking.server.l0.tests\ms.tf.workitemtracking.server.l0.tests.dll" id="5dd6f4b6-1a3f-d70d-661c-3a904145d3a0">
      <Execution id="8d61d866-2a31-4e19-89a9-c92b20852aea" />
      <TestMethod codeBase="D:\v2.0\A1\_work\dbded102\bin\Release.AnyCPU\Tfs.Service\MS.TF.WorkItemTracking.Server.L0.Tests\MS.TF.WorkItemTracking.Server.L0.Tests.dll" adapterTypeName="Microsoft.VisualStudio.TestTools.TestTypes.Unit.UnitTestAdapter" className="MS.TF.WorkItemTracking.Server.L0.Tests.Workitems.WorkItemUpdateTests" name="ValidateUpdateStates_NewUpdate_CreatedDateWithChangedDate" />
    </UnitTest>
    <UnitTest name="ValidateUpdateStates_NewUpdate_ChangedByWithCreatedBy" storage="d:\v2.0\a1\_work\dbded102\bin\release.anycpu\tfs.service\ms.tf.workitemtracking.server.l0.tests\ms.tf.workitemtracking.server.l0.tests.dll" id="f37c56dc-f059-9ba8-5941-2a9be14e9b01">
      <Execution id="6bdcbf58-f8e3-48ca-90eb-155209af0a46" />
      <TestMethod codeBase="D:\v2.0\A1\_work\dbded102\bin\Release.AnyCPU\Tfs.Service\MS.TF.WorkItemTracking.Server.L0.Tests\MS.TF.WorkItemTracking.Server.L0.Tests.dll" adapterTypeName="Microsoft.VisualStudio.TestTools.TestTypes.Unit.UnitTestAdapter" className="MS.TF.WorkItemTracking.Server.L0.Tests.Workitems.WorkItemUpdateTests" name="ValidateUpdateStates_NewUpdate_ChangedByWithCreatedBy" />
    </UnitTest>
    <UnitTest name="ValidateUpdateStates_NewUpdate_MismatchedCreatedDateAndChangedDate" storage="d:\v2.0\a1\_work\dbded102\bin\release.anycpu\tfs.service\ms.tf.workitemtracking.server.l0.tests\ms.tf.workitemtracking.server.l0.tests.dll" id="a1a69643-a0b6-8d58-6c97-d99b8968f96d">
      <Execution id="236f62ad-72ed-4fd8-b581-001908cb4db1" />
      <TestMethod codeBase="D:\v2.0\A1\_work\dbded102\bin\Release.AnyCPU\Tfs.Service\MS.TF.WorkItemTracking.Server.L0.Tests\MS.TF.WorkItemTracking.Server.L0.Tests.dll" adapterTypeName="Microsoft.VisualStudio.TestTools.TestTypes.Unit.UnitTestAdapter" className="MS.TF.WorkItemTracking.Server.L0.Tests.Workitems.WorkItemUpdateTests" name="ValidateUpdateStates_NewUpdate_MismatchedCreatedDateAndChangedDate" />
    </UnitTest>
    <UnitTest name="ValidateUpdateStates_NewUpdate_MismatchedChangedByAndCreatedBy" storage="d:\v2.0\a1\_work\dbded102\bin\release.anycpu\tfs.service\ms.tf.workitemtracking.server.l0.tests\ms.tf.workitemtracking.server.l0.tests.dll" id="dc562195-5865-32c3-eae4-522f1767c2e2">
      <Execution id="f33c6b0d-4e51-42c1-ab77-3181104b7ba6" />
      <TestMethod codeBase="D:\v2.0\A1\_work\dbded102\bin\Release.AnyCPU\Tfs.Service\MS.TF.WorkItemTracking.Server.L0.Tests\MS.TF.WorkItemTracking.Server.L0.Tests.dll" adapterTypeName="Microsoft.VisualStudio.TestTools.TestTypes.Unit.UnitTestAdapter" className="MS.TF.WorkItemTracking.Server.L0.Tests.Workitems.WorkItemUpdateTests" name="ValidateUpdateStates_NewUpdate_MismatchedChangedByAndCreatedBy" />
    </UnitTest>
    <UnitTest name="ValidateUpdateStates_Revision_SettingCreated_DoesNotFail" storage="d:\v2.0\a1\_work\dbded102\bin\release.anycpu\tfs.service\ms.tf.workitemtracking.server.l0.tests\ms.tf.workitemtracking.server.l0.tests.dll" id="0bae0c5e-a951-0a3e-0af6-f109df960829">
      <Execution id="98cfe8cf-d3df-45e6-96ea-ac0e905ea0a9" />
      <TestMethod codeBase="D:\v2.0\A1\_work\dbded102\bin\Release.AnyCPU\Tfs.Service\MS.TF.WorkItemTracking.Server.L0.Tests\MS.TF.WorkItemTracking.Server.L0.Tests.dll" adapterTypeName="Microsoft.VisualStudio.TestTools.TestTypes.Unit.UnitTestAdapter" className="MS.TF.WorkItemTracking.Server.L0.Tests.Workitems.WorkItemUpdateTests" name="ValidateUpdateStates_Revision_SettingCreated_DoesNotFail" />
    </UnitTest>
    <UnitTest name="ValidateUpdateStates_Revision_SettingCreatedBy_DoesNotFail" storage="d:\v2.0\a1\_work\dbded102\bin\release.anycpu\tfs.service\ms.tf.workitemtracking.server.l0.tests\ms.tf.workitemtracking.server.l0.tests.dll" id="5cd4d82b-fe92-f6c0-2776-c3aa0eefe674">
      <Execution id="f80f8ee2-4e78-412a-b297-ac4946087ead" />
      <TestMethod codeBase="D:\v2.0\A1\_work\dbded102\bin\Release.AnyCPU\Tfs.Service\MS.TF.WorkItemTracking.Server.L0.Tests\MS.TF.WorkItemTracking.Server.L0.Tests.dll" adapterTypeName="Microsoft.VisualStudio.TestTools.TestTypes.Unit.UnitTestAdapter" className="MS.TF.WorkItemTracking.Server.L0.Tests.Workitems.WorkItemUpdateTests" name="ValidateUpdateStates_Revision_SettingCreatedBy_DoesNotFail" />
    </UnitTest>
    <UnitTest name="ValidateUpdateStates_Revision_ChangedDateSucceeds" storage="d:\v2.0\a1\_work\dbded102\bin\release.anycpu\tfs.service\ms.tf.workitemtracking.server.l0.tests\ms.tf.workitemtracking.server.l0.tests.dll" id="9f691cb3-c241-59e4-e5a3-b5c0a6ed9ba4">
      <Execution id="0affd762-2874-4a55-a27d-41e6a8814f3c" />
      <TestMethod codeBase="D:\v2.0\A1\_work\dbded102\bin\Release.AnyCPU\Tfs.Service\MS.TF.WorkItemTracking.Server.L0.Tests\MS.TF.WorkItemTracking.Server.L0.Tests.dll" adapterTypeName="Microsoft.VisualStudio.TestTools.TestTypes.Unit.UnitTestAdapter" className="MS.TF.WorkItemTracking.Server.L0.Tests.Workitems.WorkItemUpdateTests" name="ValidateUpdateStates_Revision_ChangedDateSucceeds" />
    </UnitTest>
    <UnitTest name="ValidateUpdateStates_Revision_ChangedBySucceeds" storage="d:\v2.0\a1\_work\dbded102\bin\release.anycpu\tfs.service\ms.tf.workitemtracking.server.l0.tests\ms.tf.workitemtracking.server.l0.tests.dll" id="32eb6b0a-88c0-59e9-1356-52f0fafe55cc">
      <Execution id="760519fc-afc1-4e77-8d51-9dfdfe4c2ea1" />
      <TestMethod codeBase="D:\v2.0\A1\_work\dbded102\bin\Release.AnyCPU\Tfs.Service\MS.TF.WorkItemTracking.Server.L0.Tests\MS.TF.WorkItemTracking.Server.L0.Tests.dll" adapterTypeName="Microsoft.VisualStudio.TestTools.TestTypes.Unit.UnitTestAdapter" className="MS.TF.WorkItemTracking.Server.L0.Tests.Workitems.WorkItemUpdateTests" name="ValidateUpdateStates_Revision_ChangedBySucceeds" />
    </UnitTest>
    <UnitTest name="ValidateWorkItemDates_ChangedDateEqualToTipChangedDate" storage="d:\v2.0\a1\_work\dbded102\bin\release.anycpu\tfs.service\ms.tf.workitemtracking.server.l0.tests\ms.tf.workitemtracking.server.l0.tests.dll" id="a15c3327-194e-d6c2-09ff-9ac9ca452233">
      <Execution id="1bf5fa36-fea8-46f6-a3a1-cb73f9a115f1" />
      <TestMethod codeBase="D:\v2.0\A1\_work\dbded102\bin\Release.AnyCPU\Tfs.Service\MS.TF.WorkItemTracking.Server.L0.Tests\MS.TF.WorkItemTracking.Server.L0.Tests.dll" adapterTypeName="Microsoft.VisualStudio.TestTools.TestTypes.Unit.UnitTestAdapter" className="MS.TF.WorkItemTracking.Server.L0.Tests.Workitems.WorkItemUpdateTests" name="ValidateWorkItemDates_ChangedDateEqualToTipChangedDate" />
    </UnitTest>
    <UnitTest name="ValidateWorkItemDates_ChangedDateLessThanTipChangedDate" storage="d:\v2.0\a1\_work\dbded102\bin\release.anycpu\tfs.service\ms.tf.workitemtracking.server.l0.tests\ms.tf.workitemtracking.server.l0.tests.dll" id="ee961ea6-908a-1b89-f065-53f2e45683fb">
      <Execution id="ca327656-d8a4-4b8e-8700-b444da26385e" />
      <TestMethod codeBase="D:\v2.0\A1\_work\dbded102\bin\Release.AnyCPU\Tfs.Service\MS.TF.WorkItemTracking.Server.L0.Tests\MS.TF.WorkItemTracking.Server.L0.Tests.dll" adapterTypeName="Microsoft.VisualStudio.TestTools.TestTypes.Unit.UnitTestAdapter" className="MS.TF.WorkItemTracking.Server.L0.Tests.Workitems.WorkItemUpdateTests" name="ValidateWorkItemDates_ChangedDateLessThanTipChangedDate" />
    </UnitTest>
    <UnitTest name="ExecuteExtensionRules_ActiveExtension_CopyValue" storage="d:\v2.0\a1\_work\dbded102\bin\release.anycpu\tfs.service\ms.tf.workitemtracking.server.l0.tests\ms.tf.workitemtracking.server.l0.tests.dll" id="23ec97bd-dd0c-57c2-9100-d51a3a2390b9">
      <Execution id="74aa7895-f658-4d68-93fc-c86784d80514" />
      <TestMethod codeBase="D:\v2.0\A1\_work\dbded102\bin\Release.AnyCPU\Tfs.Service\MS.TF.WorkItemTracking.Server.L0.Tests\MS.TF.WorkItemTracking.Server.L0.Tests.dll" adapterTypeName="Microsoft.VisualStudio.TestTools.TestTypes.Unit.UnitTestAdapter" className="MS.TF.WorkItemTracking.Server.L0.Tests.Workitems.WorkItemUpdateTests" name="ExecuteExtensionRules_ActiveExtension_CopyValue" />
    </UnitTest>
    <UnitTest name="ExecuteExtensionRules_ActiveExtensions_CopyHighestRankValue" storage="d:\v2.0\a1\_work\dbded102\bin\release.anycpu\tfs.service\ms.tf.workitemtracking.server.l0.tests\ms.tf.workitemtracking.server.l0.tests.dll" id="450c571f-6917-5e78-f5b9-79f1ea418792">
      <Execution id="98fae7e7-6cad-4931-8a5f-f8786d3a0aad" />
      <TestMethod codeBase="D:\v2.0\A1\_work\dbded102\bin\Release.AnyCPU\Tfs.Service\MS.TF.WorkItemTracking.Server.L0.Tests\MS.TF.WorkItemTracking.Server.L0.Tests.dll" adapterTypeName="Microsoft.VisualStudio.TestTools.TestTypes.Unit.UnitTestAdapter" className="MS.TF.WorkItemTracking.Server.L0.Tests.Workitems.WorkItemUpdateTests" name="ExecuteExtensionRules_ActiveExtensions_CopyHighestRankValue" />
    </UnitTest>
    <UnitTest name="ExecuteExtensionRules_DeactivatedExtension_SetParentToNull" storage="d:\v2.0\a1\_work\dbded102\bin\release.anycpu\tfs.service\ms.tf.workitemtracking.server.l0.tests\ms.tf.workitemtracking.server.l0.tests.dll" id="bfb89c01-9c41-ccfb-e040-32ec3cf314f9">
      <Execution id="06ac203c-04c1-4857-acf5-1c024b6c5dcd" />
      <TestMethod codeBase="D:\v2.0\A1\_work\dbded102\bin\Release.AnyCPU\Tfs.Service\MS.TF.WorkItemTracking.Server.L0.Tests\MS.TF.WorkItemTracking.Server.L0.Tests.dll" adapterTypeName="Microsoft.VisualStudio.TestTools.TestTypes.Unit.UnitTestAdapter" className="MS.TF.WorkItemTracking.Server.L0.Tests.Workitems.WorkItemUpdateTests" name="ExecuteExtensionRules_DeactivatedExtension_SetParentToNull" />
    </UnitTest>
    <UnitTest name="ExecuteExtensionRules_DeactivatedExtensions_SetParentToNull" storage="d:\v2.0\a1\_work\dbded102\bin\release.anycpu\tfs.service\ms.tf.workitemtracking.server.l0.tests\ms.tf.workitemtracking.server.l0.tests.dll" id="43b2cd4c-4154-ed90-d3e0-424e824195d1">
      <Execution id="d54fea07-cd9c-4e6e-9f44-3b077f6ecb41" />
      <TestMethod codeBase="D:\v2.0\A1\_work\dbded102\bin\Release.AnyCPU\Tfs.Service\MS.TF.WorkItemTracking.Server.L0.Tests\MS.TF.WorkItemTracking.Server.L0.Tests.dll" adapterTypeName="Microsoft.VisualStudio.TestTools.TestTypes.Unit.UnitTestAdapter" className="MS.TF.WorkItemTracking.Server.L0.Tests.Workitems.WorkItemUpdateTests" name="ExecuteExtensionRules_DeactivatedExtensions_SetParentToNull" />
    </UnitTest>
    <UnitTest name="PermissionTests_UpdateWorkItem_NoReadPermission" storage="d:\v2.0\a1\_work\dbded102\bin\release.anycpu\tfs.service\ms.tf.workitemtracking.server.l0.tests\ms.tf.workitemtracking.server.l0.tests.dll" id="486e75d1-24ed-32f0-85dc-f91316db1c60">
      <Execution id="d5e061ee-6c7e-4596-954f-72ef2bedac54" />
      <TestMethod codeBase="D:\v2.0\A1\_work\dbded102\bin\Release.AnyCPU\Tfs.Service\MS.TF.WorkItemTracking.Server.L0.Tests\MS.TF.WorkItemTracking.Server.L0.Tests.dll" adapterTypeName="Microsoft.VisualStudio.TestTools.TestTypes.Unit.UnitTestAdapter" className="MS.TF.WorkItemTracking.Server.L0.Tests.Workitems.WorkItemUpdateTests" name="PermissionTests_UpdateWorkItem_NoReadPermission" />
    </UnitTest>
    <UnitTest name="PermissionTests_UpdateWorkItem_NoWritePermission" storage="d:\v2.0\a1\_work\dbded102\bin\release.anycpu\tfs.service\ms.tf.workitemtracking.server.l0.tests\ms.tf.workitemtracking.server.l0.tests.dll" id="8d41f315-9e30-2368-7aff-2ac1cc5043c3">
      <Execution id="e0c03ee0-d6e1-4def-81ec-39b9363dcdc6" />
      <TestMethod codeBase="D:\v2.0\A1\_work\dbded102\bin\Release.AnyCPU\Tfs.Service\MS.TF.WorkItemTracking.Server.L0.Tests\MS.TF.WorkItemTracking.Server.L0.Tests.dll" adapterTypeName="Microsoft.VisualStudio.TestTools.TestTypes.Unit.UnitTestAdapter" className="MS.TF.WorkItemTracking.Server.L0.Tests.Workitems.WorkItemUpdateTests" name="PermissionTests_UpdateWorkItem_NoWritePermission" />
    </UnitTest>
    <UnitTest name="PermissionTests_UpdateWorkItem_NoReadPermissionOnOppositeEnd" storage="d:\v2.0\a1\_work\dbded102\bin\release.anycpu\tfs.service\ms.tf.workitemtracking.server.l0.tests\ms.tf.workitemtracking.server.l0.tests.dll" id="7df5bed8-adc1-5ed3-6764-fdf8726a6a41">
      <Execution id="b50b911c-3093-44ee-a4d8-0d4a75f0b776" />
      <TestMethod codeBase="D:\v2.0\A1\_work\dbded102\bin\Release.AnyCPU\Tfs.Service\MS.TF.WorkItemTracking.Server.L0.Tests\MS.TF.WorkItemTracking.Server.L0.Tests.dll" adapterTypeName="Microsoft.VisualStudio.TestTools.TestTypes.Unit.UnitTestAdapter" className="MS.TF.WorkItemTracking.Server.L0.Tests.Workitems.WorkItemUpdateTests" name="PermissionTests_UpdateWorkItem_NoReadPermissionOnOppositeEnd" />
    </UnitTest>
    <UnitTest name="PermissionTests_UpdateWorkItem_EnforceIsAdminFailsRequestsForNonAdmins" storage="d:\v2.0\a1\_work\dbded102\bin\release.anycpu\tfs.service\ms.tf.workitemtracking.server.l0.tests\ms.tf.workitemtracking.server.l0.tests.dll" id="59c19994-860c-b919-00b2-7b07ff0bcc4a">
      <Execution id="395fa922-0b62-4eeb-b95f-c914a9b71bb0" />
      <TestMethod codeBase="D:\v2.0\A1\_work\dbded102\bin\Release.AnyCPU\Tfs.Service\MS.TF.WorkItemTracking.Server.L0.Tests\MS.TF.WorkItemTracking.Server.L0.Tests.dll" adapterTypeName="Microsoft.VisualStudio.TestTools.TestTypes.Unit.UnitTestAdapter" className="MS.TF.WorkItemTracking.Server.L0.Tests.Workitems.WorkItemUpdateTests" name="PermissionTests_UpdateWorkItem_EnforceIsAdminFailsRequestsForNonAdmins" />
    </UnitTest>
    <UnitTest name="PermissionTests_UpdateWorkItem_EnforceIsAdminWorksForSystemContexts" storage="d:\v2.0\a1\_work\dbded102\bin\release.anycpu\tfs.service\ms.tf.workitemtracking.server.l0.tests\ms.tf.workitemtracking.server.l0.tests.dll" id="e51ac755-1610-5252-0d62-2626a981c742">
      <Execution id="180a31c3-8fc1-4c82-8e61-544480080a37" />
      <TestMethod codeBase="D:\v2.0\A1\_work\dbded102\bin\Release.AnyCPU\Tfs.Service\MS.TF.WorkItemTracking.Server.L0.Tests\MS.TF.WorkItemTracking.Server.L0.Tests.dll" adapterTypeName="Microsoft.VisualStudio.TestTools.TestTypes.Unit.UnitTestAdapter" className="MS.TF.WorkItemTracking.Server.L0.Tests.Workitems.WorkItemUpdateTests" name="PermissionTests_UpdateWorkItem_EnforceIsAdminWorksForSystemContexts" />
    </UnitTest>
    <UnitTest name="PermissionTests_UpdateWorkItem_EnforceIsAdminWorksForMembersOfNamespaceAdministratorsGroup" storage="d:\v2.0\a1\_work\dbded102\bin\release.anycpu\tfs.service\ms.tf.workitemtracking.server.l0.tests\ms.tf.workitemtracking.server.l0.tests.dll" id="dceca70b-1b60-0b3f-7898-d8f4841159db">
      <Execution id="4015f10b-6455-489b-bbc0-38d1a813e185" />
      <TestMethod codeBase="D:\v2.0\A1\_work\dbded102\bin\Release.AnyCPU\Tfs.Service\MS.TF.WorkItemTracking.Server.L0.Tests\MS.TF.WorkItemTracking.Server.L0.Tests.dll" adapterTypeName="Microsoft.VisualStudio.TestTools.TestTypes.Unit.UnitTestAdapter" className="MS.TF.WorkItemTracking.Server.L0.Tests.Workitems.WorkItemUpdateTests" name="PermissionTests_UpdateWorkItem_EnforceIsAdminWorksForMembersOfNamespaceAdministratorsGroup" />
    </UnitTest>
    <UnitTest name="PermissionTests_UpdateWorkItem_EnforceIsAdminWorksForMembersOfServiceUsersGroup" storage="d:\v2.0\a1\_work\dbded102\bin\release.anycpu\tfs.service\ms.tf.workitemtracking.server.l0.tests\ms.tf.workitemtracking.server.l0.tests.dll" id="a1a51cd6-257f-d1d9-d90b-68b13a7ee4aa">
      <Execution id="6bd4abf6-4976-4b29-ba49-acdf82edabac" />
      <TestMethod codeBase="D:\v2.0\A1\_work\dbded102\bin\Release.AnyCPU\Tfs.Service\MS.TF.WorkItemTracking.Server.L0.Tests\MS.TF.WorkItemTracking.Server.L0.Tests.dll" adapterTypeName="Microsoft.VisualStudio.TestTools.TestTypes.Unit.UnitTestAdapter" className="MS.TF.WorkItemTracking.Server.L0.Tests.Workitems.WorkItemUpdateTests" name="PermissionTests_UpdateWorkItem_EnforceIsAdminWorksForMembersOfServiceUsersGroup" />
    </UnitTest>
    <UnitTest name="PermissionTests_UpdateWorkItem_ChangingAreaIdFromAreaWithoutWriteToAreaWithWriteIsBlocked" storage="d:\v2.0\a1\_work\dbded102\bin\release.anycpu\tfs.service\ms.tf.workitemtracking.server.l0.tests\ms.tf.workitemtracking.server.l0.tests.dll" id="dc8973a6-ebba-caba-a699-a8c4c9b61737">
      <Execution id="252c3f78-0307-4909-89dd-6091cf264fab" />
      <TestMethod codeBase="D:\v2.0\A1\_work\dbded102\bin\Release.AnyCPU\Tfs.Service\MS.TF.WorkItemTracking.Server.L0.Tests\MS.TF.WorkItemTracking.Server.L0.Tests.dll" adapterTypeName="Microsoft.VisualStudio.TestTools.TestTypes.Unit.UnitTestAdapter" className="MS.TF.WorkItemTracking.Server.L0.Tests.Workitems.WorkItemUpdateTests" name="PermissionTests_UpdateWorkItem_ChangingAreaIdFromAreaWithoutWriteToAreaWithWriteIsBlocked" />
    </UnitTest>
    <UnitTest name="PermissionTests_UpdateWorkItem_LinkingToANewWorkItemThatDoesNotValidateFailsTheLinkUpdateAsWell" storage="d:\v2.0\a1\_work\dbded102\bin\release.anycpu\tfs.service\ms.tf.workitemtracking.server.l0.tests\ms.tf.workitemtracking.server.l0.tests.dll" id="725e29a9-a15a-2997-cfd9-22aef269796f">
      <Execution id="a817631e-9c13-4eaf-a62a-75ab6abd5aa0" />
      <TestMethod codeBase="D:\v2.0\A1\_work\dbded102\bin\Release.AnyCPU\Tfs.Service\MS.TF.WorkItemTracking.Server.L0.Tests\MS.TF.WorkItemTracking.Server.L0.Tests.dll" adapterTypeName="Microsoft.VisualStudio.TestTools.TestTypes.Unit.UnitTestAdapter" className="MS.TF.WorkItemTracking.Server.L0.Tests.Workitems.WorkItemUpdateTests" name="PermissionTests_UpdateWorkItem_LinkingToANewWorkItemThatDoesNotValidateFailsTheLinkUpdateAsWell" />
    </UnitTest>
    <UnitTest name="PermissionTests_UpdateWorkItem_LinkingToANewWorkItemThatIsNotInTheUpdatesPassed" storage="d:\v2.0\a1\_work\dbded102\bin\release.anycpu\tfs.service\ms.tf.workitemtracking.server.l0.tests\ms.tf.workitemtracking.server.l0.tests.dll" id="40ab6414-6944-7ead-43a1-f978925751c0">
      <Execution id="b260bff6-067e-4055-9dd1-cdc0ce7fab57" />
      <TestMethod codeBase="D:\v2.0\A1\_work\dbded102\bin\Release.AnyCPU\Tfs.Service\MS.TF.WorkItemTracking.Server.L0.Tests\MS.TF.WorkItemTracking.Server.L0.Tests.dll" adapterTypeName="Microsoft.VisualStudio.TestTools.TestTypes.Unit.UnitTestAdapter" className="MS.TF.WorkItemTracking.Server.L0.Tests.Workitems.WorkItemUpdateTests" name="PermissionTests_UpdateWorkItem_LinkingToANewWorkItemThatIsNotInTheUpdatesPassed" />
    </UnitTest>
    <UnitTest name="PermissionTests_UpdateWorkItem_OnlyProvidingLinkUpdatesWithoutWriteToItemOrLinkedItemsArea" storage="d:\v2.0\a1\_work\dbded102\bin\release.anycpu\tfs.service\ms.tf.workitemtracking.server.l0.tests\ms.tf.workitemtracking.server.l0.tests.dll" id="fbc9b21c-1ddd-ef40-ce5e-627a782482c4">
      <Execution id="0f351946-66d0-4a4c-ad46-5c7a1856c169" />
      <TestMethod codeBase="D:\v2.0\A1\_work\dbded102\bin\Release.AnyCPU\Tfs.Service\MS.TF.WorkItemTracking.Server.L0.Tests\MS.TF.WorkItemTracking.Server.L0.Tests.dll" adapterTypeName="Microsoft.VisualStudio.TestTools.TestTypes.Unit.UnitTestAdapter" className="MS.TF.WorkItemTracking.Server.L0.Tests.Workitems.WorkItemUpdateTests" name="PermissionTests_UpdateWorkItem_OnlyProvidingLinkUpdatesWithoutWriteToItemOrLinkedItemsArea" />
    </UnitTest>
    <UnitTest name="PermissionTests_UpdateWorkItem_OnlyProvidingLinkUpdatesWithoutWriteToItemOrLinkedItemsAreaWithOnlyLinkUpdatesToLinkedItem" storage="d:\v2.0\a1\_work\dbded102\bin\release.anycpu\tfs.service\ms.tf.workitemtracking.server.l0.tests\ms.tf.workitemtracking.server.l0.tests.dll" id="c67d3a53-96d7-6a29-c9a8-c50861983c83">
      <Execution id="8c4aaa87-10ff-4058-9966-54e5bb9d5b7c" />
      <TestMethod codeBase="D:\v2.0\A1\_work\dbded102\bin\Release.AnyCPU\Tfs.Service\MS.TF.WorkItemTracking.Server.L0.Tests\MS.TF.WorkItemTracking.Server.L0.Tests.dll" adapterTypeName="Microsoft.VisualStudio.TestTools.TestTypes.Unit.UnitTestAdapter" className="MS.TF.WorkItemTracking.Server.L0.Tests.Workitems.WorkItemUpdateTests" name="PermissionTests_UpdateWorkItem_OnlyProvidingLinkUpdatesWithoutWriteToItemOrLinkedItemsAreaWithOnlyLinkUpdatesToLinkedItem" />
    </UnitTest>
    <UnitTest name="TagTests_UpdateWorkItem_TooManyTags" storage="d:\v2.0\a1\_work\dbded102\bin\release.anycpu\tfs.service\ms.tf.workitemtracking.server.l0.tests\ms.tf.workitemtracking.server.l0.tests.dll" id="f20277b8-26af-3e61-e187-a48a89a80ea5">
      <Execution id="64753f1a-e04b-4601-8f4c-301bf166cb76" />
      <TestMethod codeBase="D:\v2.0\A1\_work\dbded102\bin\Release.AnyCPU\Tfs.Service\MS.TF.WorkItemTracking.Server.L0.Tests\MS.TF.WorkItemTracking.Server.L0.Tests.dll" adapterTypeName="Microsoft.VisualStudio.TestTools.TestTypes.Unit.UnitTestAdapter" className="MS.TF.WorkItemTracking.Server.L0.Tests.Workitems.WorkItemUpdateTests" name="TagTests_UpdateWorkItem_TooManyTags" />
    </UnitTest>
    <UnitTest name="WorkItemUpdates_UpdateWorkItem" storage="d:\v2.0\a1\_work\dbded102\bin\release.anycpu\tfs.service\ms.tf.workitemtracking.server.l0.tests\ms.tf.workitemtracking.server.l0.tests.dll" id="3a66c586-fdfc-c053-f96b-620c493973cf">
      <Execution id="0c66612c-8a8d-48d7-9970-464f3e40197d" />
      <TestMethod codeBase="D:\v2.0\A1\_work\dbded102\bin\Release.AnyCPU\Tfs.Service\MS.TF.WorkItemTracking.Server.L0.Tests\MS.TF.WorkItemTracking.Server.L0.Tests.dll" adapterTypeName="Microsoft.VisualStudio.TestTools.TestTypes.Unit.UnitTestAdapter" className="MS.TF.WorkItemTracking.Server.L0.Tests.Workitems.WorkItemUpdateTests" name="WorkItemUpdates_UpdateWorkItem" />
    </UnitTest>
    <UnitTest name="WorkItemUpdates_UpdateWorkItem_BypassRulesDoesNotFailBadUpdate" storage="d:\v2.0\a1\_work\dbded102\bin\release.anycpu\tfs.service\ms.tf.workitemtracking.server.l0.tests\ms.tf.workitemtracking.server.l0.tests.dll" id="5b798a8c-1a9b-df00-86f2-d8e36642b258">
      <Execution id="0c42874b-1fe4-4aa2-baf6-d67e0a419fa1" />
      <TestMethod codeBase="D:\v2.0\A1\_work\dbded102\bin\Release.AnyCPU\Tfs.Service\MS.TF.WorkItemTracking.Server.L0.Tests\MS.TF.WorkItemTracking.Server.L0.Tests.dll" adapterTypeName="Microsoft.VisualStudio.TestTools.TestTypes.Unit.UnitTestAdapter" className="MS.TF.WorkItemTracking.Server.L0.Tests.Workitems.WorkItemUpdateTests" name="WorkItemUpdates_UpdateWorkItem_BypassRulesDoesNotFailBadUpdate" />
    </UnitTest>
    <UnitTest name="WorkItemUpdates_UpdateWorkItem_FailsBadUpdateIfRulesEnabled" storage="d:\v2.0\a1\_work\dbded102\bin\release.anycpu\tfs.service\ms.tf.workitemtracking.server.l0.tests\ms.tf.workitemtracking.server.l0.tests.dll" id="6695af48-1458-b543-8924-c5a39afe5fa7">
      <Execution id="b06f0993-138b-4a22-bb29-f628adc651b0" />
      <TestMethod codeBase="D:\v2.0\A1\_work\dbded102\bin\Release.AnyCPU\Tfs.Service\MS.TF.WorkItemTracking.Server.L0.Tests\MS.TF.WorkItemTracking.Server.L0.Tests.dll" adapterTypeName="Microsoft.VisualStudio.TestTools.TestTypes.Unit.UnitTestAdapter" className="MS.TF.WorkItemTracking.Server.L0.Tests.Workitems.WorkItemUpdateTests" name="WorkItemUpdates_UpdateWorkItem_FailsBadUpdateIfRulesEnabled" />
    </UnitTest>
    <UnitTest name="WorkItemUpdates_UpdateWorkItem_RevisionMismatch" storage="d:\v2.0\a1\_work\dbded102\bin\release.anycpu\tfs.service\ms.tf.workitemtracking.server.l0.tests\ms.tf.workitemtracking.server.l0.tests.dll" id="e7889042-dd8d-dd91-fde0-6dfd00a0ca3e">
      <Execution id="12f4104f-a45c-4ebd-afb9-f9ad308b9c58" />
      <TestMethod codeBase="D:\v2.0\A1\_work\dbded102\bin\Release.AnyCPU\Tfs.Service\MS.TF.WorkItemTracking.Server.L0.Tests\MS.TF.WorkItemTracking.Server.L0.Tests.dll" adapterTypeName="Microsoft.VisualStudio.TestTools.TestTypes.Unit.UnitTestAdapter" className="MS.TF.WorkItemTracking.Server.L0.Tests.Workitems.WorkItemUpdateTests" name="WorkItemUpdates_UpdateWorkItem_RevisionMismatch" />
    </UnitTest>
    <UnitTest name="WorkItemUpdates_UpdateWorkItem_ChangeWorkItemTypeIdBlocked" storage="d:\v2.0\a1\_work\dbded102\bin\release.anycpu\tfs.service\ms.tf.workitemtracking.server.l0.tests\ms.tf.workitemtracking.server.l0.tests.dll" id="3ff9bcbf-224f-4e0c-7e44-5d3b8204abd0">
      <Execution id="356746b9-bb84-491c-9fc2-a4536654df01" />
      <TestMethod codeBase="D:\v2.0\A1\_work\dbded102\bin\Release.AnyCPU\Tfs.Service\MS.TF.WorkItemTracking.Server.L0.Tests\MS.TF.WorkItemTracking.Server.L0.Tests.dll" adapterTypeName="Microsoft.VisualStudio.TestTools.TestTypes.Unit.UnitTestAdapter" className="MS.TF.WorkItemTracking.Server.L0.Tests.Workitems.WorkItemUpdateTests" name="WorkItemUpdates_UpdateWorkItem_ChangeWorkItemTypeIdBlocked" />
    </UnitTest>
    <UnitTest name="WorkItemUpdates_UpdateWorkItem_FrenchCultureAllowsCommaDecimalPoint" storage="d:\v2.0\a1\_work\dbded102\bin\release.anycpu\tfs.service\ms.tf.workitemtracking.server.l0.tests\ms.tf.workitemtracking.server.l0.tests.dll" id="7fa8d92d-94bf-f686-927e-8515190d917a">
      <Execution id="7d979c00-48a1-4a90-a8b2-5875ec119a18" />
      <TestMethod codeBase="D:\v2.0\A1\_work\dbded102\bin\Release.AnyCPU\Tfs.Service\MS.TF.WorkItemTracking.Server.L0.Tests\MS.TF.WorkItemTracking.Server.L0.Tests.dll" adapterTypeName="Microsoft.VisualStudio.TestTools.TestTypes.Unit.UnitTestAdapter" className="MS.TF.WorkItemTracking.Server.L0.Tests.Workitems.WorkItemUpdateTests" name="WorkItemUpdates_UpdateWorkItem_FrenchCultureAllowsCommaDecimalPoint" />
    </UnitTest>
    <UnitTest name="WorkItemUpdates_UpdateWorkItem_EnglishCultureDoesNotAllowCommaDecimalPoint" storage="d:\v2.0\a1\_work\dbded102\bin\release.anycpu\tfs.service\ms.tf.workitemtracking.server.l0.tests\ms.tf.workitemtracking.server.l0.tests.dll" id="416ce7a6-fa2c-6ecf-0117-9810d0c20f8a">
      <Execution id="ead40e3d-c517-4e6a-97e6-e37ef67c30d2" />
      <TestMethod codeBase="D:\v2.0\A1\_work\dbded102\bin\Release.AnyCPU\Tfs.Service\MS.TF.WorkItemTracking.Server.L0.Tests\MS.TF.WorkItemTracking.Server.L0.Tests.dll" adapterTypeName="Microsoft.VisualStudio.TestTools.TestTypes.Unit.UnitTestAdapter" className="MS.TF.WorkItemTracking.Server.L0.Tests.Workitems.WorkItemUpdateTests" name="WorkItemUpdates_UpdateWorkItem_EnglishCultureDoesNotAllowCommaDecimalPoint" />
    </UnitTest>
    <UnitTest name="WorkItemUpdates_UpdateWorkItem_DateTimeStringsWithoutATimezoneAreTreatedAsUTC" storage="d:\v2.0\a1\_work\dbded102\bin\release.anycpu\tfs.service\ms.tf.workitemtracking.server.l0.tests\ms.tf.workitemtracking.server.l0.tests.dll" id="26fc017d-eed4-df07-3251-e7a360bf3924">
      <Execution id="1bc5b146-4ee8-47b1-adcd-2d0381044b11" />
      <TestMethod codeBase="D:\v2.0\A1\_work\dbded102\bin\Release.AnyCPU\Tfs.Service\MS.TF.WorkItemTracking.Server.L0.Tests\MS.TF.WorkItemTracking.Server.L0.Tests.dll" adapterTypeName="Microsoft.VisualStudio.TestTools.TestTypes.Unit.UnitTestAdapter" className="MS.TF.WorkItemTracking.Server.L0.Tests.Workitems.WorkItemUpdateTests" name="WorkItemUpdates_UpdateWorkItem_DateTimeStringsWithoutATimezoneAreTreatedAsUTC" />
    </UnitTest>
    <UnitTest name="WorkItemUpdates_UpdateWorkItem_DateTimeStringsWithATimezoneAreHonoredAndConvertedToUTC" storage="d:\v2.0\a1\_work\dbded102\bin\release.anycpu\tfs.service\ms.tf.workitemtracking.server.l0.tests\ms.tf.workitemtracking.server.l0.tests.dll" id="40a2a2fd-7e5d-3f08-0d4d-dae4c4026cde">
      <Execution id="7951f6f5-74f3-440c-bbe3-f3baa656f3fe" />
      <TestMethod codeBase="D:\v2.0\A1\_work\dbded102\bin\Release.AnyCPU\Tfs.Service\MS.TF.WorkItemTracking.Server.L0.Tests\MS.TF.WorkItemTracking.Server.L0.Tests.dll" adapterTypeName="Microsoft.VisualStudio.TestTools.TestTypes.Unit.UnitTestAdapter" className="MS.TF.WorkItemTracking.Server.L0.Tests.Workitems.WorkItemUpdateTests" name="WorkItemUpdates_UpdateWorkItem_DateTimeStringsWithATimezoneAreHonoredAndConvertedToUTC" />
    </UnitTest>
    <UnitTest name="RealFakeComponent_UpdateWorkItem_UpdateWorkItemSucceeds" storage="d:\v2.0\a1\_work\dbded102\bin\release.anycpu\tfs.service\ms.tf.workitemtracking.server.l0.tests\ms.tf.workitemtracking.server.l0.tests.dll" id="50200c15-54a0-68b5-bc0b-aa3ca300f7a8">
      <Execution id="6d20cdf5-fde0-4bdc-8f76-dcc86b544460" />
      <TestMethod codeBase="D:\v2.0\A1\_work\dbded102\bin\Release.AnyCPU\Tfs.Service\MS.TF.WorkItemTracking.Server.L0.Tests\MS.TF.WorkItemTracking.Server.L0.Tests.dll" adapterTypeName="Microsoft.VisualStudio.TestTools.TestTypes.Unit.UnitTestAdapter" className="MS.TF.WorkItemTracking.Server.L0.Tests.Workitems.WorkItemUpdateTests" name="RealFakeComponent_UpdateWorkItem_UpdateWorkItemSucceeds" />
    </UnitTest>
    <UnitTest name="WorkItemLinks_UpdateWorkItem_SuccessfulAddLink" storage="d:\v2.0\a1\_work\dbded102\bin\release.anycpu\tfs.service\ms.tf.workitemtracking.server.l0.tests\ms.tf.workitemtracking.server.l0.tests.dll" id="3e3d12c6-d55d-1458-9837-09ccadb08a62">
      <Execution id="3a17faf3-9a4e-491f-b5b9-8b244db4ad0e" />
      <TestMethod codeBase="D:\v2.0\A1\_work\dbded102\bin\Release.AnyCPU\Tfs.Service\MS.TF.WorkItemTracking.Server.L0.Tests\MS.TF.WorkItemTracking.Server.L0.Tests.dll" adapterTypeName="Microsoft.VisualStudio.TestTools.TestTypes.Unit.UnitTestAdapter" className="MS.TF.WorkItemTracking.Server.L0.Tests.Workitems.WorkItemUpdateTests" name="WorkItemLinks_UpdateWorkItem_SuccessfulAddLink" />
    </UnitTest>
    <UnitTest name="WorkItemLinks_UpdateWorkItem_SuccessfulUpdateLink" storage="d:\v2.0\a1\_work\dbded102\bin\release.anycpu\tfs.service\ms.tf.workitemtracking.server.l0.tests\ms.tf.workitemtracking.server.l0.tests.dll" id="7f20623b-47f6-fd56-1055-89210a4a2b96">
      <Execution id="bc14e819-5e59-4f8b-a3ea-4ca817f3ba9e" />
      <TestMethod codeBase="D:\v2.0\A1\_work\dbded102\bin\Release.AnyCPU\Tfs.Service\MS.TF.WorkItemTracking.Server.L0.Tests\MS.TF.WorkItemTracking.Server.L0.Tests.dll" adapterTypeName="Microsoft.VisualStudio.TestTools.TestTypes.Unit.UnitTestAdapter" className="MS.TF.WorkItemTracking.Server.L0.Tests.Workitems.WorkItemUpdateTests" name="WorkItemLinks_UpdateWorkItem_SuccessfulUpdateLink" />
    </UnitTest>
    <UnitTest name="WorkItemLinks_UpdateWorkItem_SuccessfulRemoveLink" storage="d:\v2.0\a1\_work\dbded102\bin\release.anycpu\tfs.service\ms.tf.workitemtracking.server.l0.tests\ms.tf.workitemtracking.server.l0.tests.dll" id="aa8e4171-b30e-5fa2-d5cf-492c8487d7e5">
      <Execution id="3ce85a89-e026-47bf-942f-de9b1c247efd" />
      <TestMethod codeBase="D:\v2.0\A1\_work\dbded102\bin\Release.AnyCPU\Tfs.Service\MS.TF.WorkItemTracking.Server.L0.Tests\MS.TF.WorkItemTracking.Server.L0.Tests.dll" adapterTypeName="Microsoft.VisualStudio.TestTools.TestTypes.Unit.UnitTestAdapter" className="MS.TF.WorkItemTracking.Server.L0.Tests.Workitems.WorkItemUpdateTests" name="WorkItemLinks_UpdateWorkItem_SuccessfulRemoveLink" />
    </UnitTest>
    <UnitTest name="ResourceLinks_UpdateWorkItem_SuccessfulAddLink" storage="d:\v2.0\a1\_work\dbded102\bin\release.anycpu\tfs.service\ms.tf.workitemtracking.server.l0.tests\ms.tf.workitemtracking.server.l0.tests.dll" id="eff044cd-a42f-f52b-e6ab-d5f940f2534e">
      <Execution id="c012e913-10cf-4977-b7e3-b58f3bc84566" />
      <TestMethod codeBase="D:\v2.0\A1\_work\dbded102\bin\Release.AnyCPU\Tfs.Service\MS.TF.WorkItemTracking.Server.L0.Tests\MS.TF.WorkItemTracking.Server.L0.Tests.dll" adapterTypeName="Microsoft.VisualStudio.TestTools.TestTypes.Unit.UnitTestAdapter" className="MS.TF.WorkItemTracking.Server.L0.Tests.Workitems.WorkItemUpdateTests" name="ResourceLinks_UpdateWorkItem_SuccessfulAddLink" />
    </UnitTest>
    <UnitTest name="ResourceLinks_UpdateWorkItem_SuccessfulUpdateLink" storage="d:\v2.0\a1\_work\dbded102\bin\release.anycpu\tfs.service\ms.tf.workitemtracking.server.l0.tests\ms.tf.workitemtracking.server.l0.tests.dll" id="29ced50a-bddb-a7c9-48b8-997d4f12a566">
      <Execution id="99ccdbc2-5446-4104-b254-94fb381660ed" />
      <TestMethod codeBase="D:\v2.0\A1\_work\dbded102\bin\Release.AnyCPU\Tfs.Service\MS.TF.WorkItemTracking.Server.L0.Tests\MS.TF.WorkItemTracking.Server.L0.Tests.dll" adapterTypeName="Microsoft.VisualStudio.TestTools.TestTypes.Unit.UnitTestAdapter" className="MS.TF.WorkItemTracking.Server.L0.Tests.Workitems.WorkItemUpdateTests" name="ResourceLinks_UpdateWorkItem_SuccessfulUpdateLink" />
    </UnitTest>
    <UnitTest name="ResourceLinks_UpdateWorkItem_SuccessfulRemoveLink" storage="d:\v2.0\a1\_work\dbded102\bin\release.anycpu\tfs.service\ms.tf.workitemtracking.server.l0.tests\ms.tf.workitemtracking.server.l0.tests.dll" id="c6d79338-1327-fc0a-5204-34f4892bf8d7">
      <Execution id="1dc2254f-7f7c-40a0-bccb-cf1c773394c3" />
      <TestMethod codeBase="D:\v2.0\A1\_work\dbded102\bin\Release.AnyCPU\Tfs.Service\MS.TF.WorkItemTracking.Server.L0.Tests\MS.TF.WorkItemTracking.Server.L0.Tests.dll" adapterTypeName="Microsoft.VisualStudio.TestTools.TestTypes.Unit.UnitTestAdapter" className="MS.TF.WorkItemTracking.Server.L0.Tests.Workitems.WorkItemUpdateTests" name="ResourceLinks_UpdateWorkItem_SuccessfulRemoveLink" />
    </UnitTest>
    <UnitTest name="ResourceLinks_UpdateWorkItem_InlineAttachmentExistsAndHasProjectId" storage="d:\v2.0\a1\_work\dbded102\bin\release.anycpu\tfs.service\ms.tf.workitemtracking.server.l0.tests\ms.tf.workitemtracking.server.l0.tests.dll" id="85eca9f0-ded7-88a8-67c2-100c08ec91da">
      <Execution id="eea0ef89-dc03-40de-9208-cbb75aae7070" />
      <TestMethod codeBase="D:\v2.0\A1\_work\dbded102\bin\Release.AnyCPU\Tfs.Service\MS.TF.WorkItemTracking.Server.L0.Tests\MS.TF.WorkItemTracking.Server.L0.Tests.dll" adapterTypeName="Microsoft.VisualStudio.TestTools.TestTypes.Unit.UnitTestAdapter" className="MS.TF.WorkItemTracking.Server.L0.Tests.Workitems.WorkItemUpdateTests" name="ResourceLinks_UpdateWorkItem_InlineAttachmentExistsAndHasProjectId" />
    </UnitTest>
    <UnitTest name="TestHasFieldUpdate_HappyPath" storage="d:\v2.0\a1\_work\dbded102\bin\release.anycpu\tfs.service\ms.tf.workitemtracking.server.l0.tests\ms.tf.workitemtracking.server.l0.tests.dll" id="0b766dd1-8be6-8352-b43d-28280af84802">
      <Execution id="cc13249a-84db-4c00-a26b-40e10f48137f" />
      <TestMethod codeBase="D:\v2.0\A1\_work\dbded102\bin\Release.AnyCPU\Tfs.Service\MS.TF.WorkItemTracking.Server.L0.Tests\MS.TF.WorkItemTracking.Server.L0.Tests.dll" adapterTypeName="Microsoft.VisualStudio.TestTools.TestTypes.Unit.UnitTestAdapter" className="MS.TF.WorkItemTracking.Server.L0.Tests.Workitems.WorkItemUpdateTests" name="TestHasFieldUpdate_HappyPath" />
    </UnitTest>
    <UnitTest name="TestHasFieldUpdate_ReturnsFalse_NullFields" storage="d:\v2.0\a1\_work\dbded102\bin\release.anycpu\tfs.service\ms.tf.workitemtracking.server.l0.tests\ms.tf.workitemtracking.server.l0.tests.dll" id="708c8da8-be68-be47-280c-fb791a95344b">
      <Execution id="89f856f3-d9d9-4163-8162-f5885706b2a2" />
      <TestMethod codeBase="D:\v2.0\A1\_work\dbded102\bin\Release.AnyCPU\Tfs.Service\MS.TF.WorkItemTracking.Server.L0.Tests\MS.TF.WorkItemTracking.Server.L0.Tests.dll" adapterTypeName="Microsoft.VisualStudio.TestTools.TestTypes.Unit.UnitTestAdapter" className="MS.TF.WorkItemTracking.Server.L0.Tests.Workitems.WorkItemUpdateTests" name="TestHasFieldUpdate_ReturnsFalse_NullFields" />
    </UnitTest>
    <UnitTest name="TestHasFieldUpdate_BadFieldId" storage="d:\v2.0\a1\_work\dbded102\bin\release.anycpu\tfs.service\ms.tf.workitemtracking.server.l0.tests\ms.tf.workitemtracking.server.l0.tests.dll" id="6e56a140-14fe-e319-0105-cb95482328f2">
      <Execution id="b8b482cd-d351-45bc-8679-03f7baad6471" />
      <TestMethod codeBase="D:\v2.0\A1\_work\dbded102\bin\Release.AnyCPU\Tfs.Service\MS.TF.WorkItemTracking.Server.L0.Tests\MS.TF.WorkItemTracking.Server.L0.Tests.dll" adapterTypeName="Microsoft.VisualStudio.TestTools.TestTypes.Unit.UnitTestAdapter" className="MS.TF.WorkItemTracking.Server.L0.Tests.Workitems.WorkItemUpdateTests" name="TestHasFieldUpdate_BadFieldId" />
    </UnitTest>
    <UnitTest name="TestUpdateDefaultFieldValues_IsNew_NoValuesProvided" storage="d:\v2.0\a1\_work\dbded102\bin\release.anycpu\tfs.service\ms.tf.workitemtracking.server.l0.tests\ms.tf.workitemtracking.server.l0.tests.dll" id="151d55e1-63eb-f05e-f4e1-0a8655812b23">
      <Execution id="725f072e-0cd5-412b-a20d-b88186f30cef" />
      <TestMethod codeBase="D:\v2.0\A1\_work\dbded102\bin\Release.AnyCPU\Tfs.Service\MS.TF.WorkItemTracking.Server.L0.Tests\MS.TF.WorkItemTracking.Server.L0.Tests.dll" adapterTypeName="Microsoft.VisualStudio.TestTools.TestTypes.Unit.UnitTestAdapter" className="MS.TF.WorkItemTracking.Server.L0.Tests.Workitems.WorkItemUpdateTests" name="TestUpdateDefaultFieldValues_IsNew_NoValuesProvided" />
    </UnitTest>
    <UnitTest name="TestUpdateDefaultFieldValues_IsNew_ValuesProvided" storage="d:\v2.0\a1\_work\dbded102\bin\release.anycpu\tfs.service\ms.tf.workitemtracking.server.l0.tests\ms.tf.workitemtracking.server.l0.tests.dll" id="aaea174a-f054-35ec-b960-7c38834c7817">
      <Execution id="1475f673-f94b-4a9b-84c4-5120e7a7d26c" />
      <TestMethod codeBase="D:\v2.0\A1\_work\dbded102\bin\Release.AnyCPU\Tfs.Service\MS.TF.WorkItemTracking.Server.L0.Tests\MS.TF.WorkItemTracking.Server.L0.Tests.dll" adapterTypeName="Microsoft.VisualStudio.TestTools.TestTypes.Unit.UnitTestAdapter" className="MS.TF.WorkItemTracking.Server.L0.Tests.Workitems.WorkItemUpdateTests" name="TestUpdateDefaultFieldValues_IsNew_ValuesProvided" />
    </UnitTest>
    <UnitTest name="TestUpdateDefaultFieldValues_NotNew_NeedsNewRevision_HasValues" storage="d:\v2.0\a1\_work\dbded102\bin\release.anycpu\tfs.service\ms.tf.workitemtracking.server.l0.tests\ms.tf.workitemtracking.server.l0.tests.dll" id="4ba77c06-462e-a666-1463-71b65b21009e">
      <Execution id="acfb0b68-6573-4b35-a85c-a1e4c10aeff0" />
      <TestMethod codeBase="D:\v2.0\A1\_work\dbded102\bin\Release.AnyCPU\Tfs.Service\MS.TF.WorkItemTracking.Server.L0.Tests\MS.TF.WorkItemTracking.Server.L0.Tests.dll" adapterTypeName="Microsoft.VisualStudio.TestTools.TestTypes.Unit.UnitTestAdapter" className="MS.TF.WorkItemTracking.Server.L0.Tests.Workitems.WorkItemUpdateTests" name="TestUpdateDefaultFieldValues_NotNew_NeedsNewRevision_HasValues" />
    </UnitTest>
    <UnitTest name="TestUpdateDefaultFieldValues_BypassRulesEnabled" storage="d:\v2.0\a1\_work\dbded102\bin\release.anycpu\tfs.service\ms.tf.workitemtracking.server.l0.tests\ms.tf.workitemtracking.server.l0.tests.dll" id="d8e54a7b-13af-45b2-bd44-e426cb162a72">
      <Execution id="2583377f-7d6f-47eb-9108-aa64cdedda89" />
      <TestMethod codeBase="D:\v2.0\A1\_work\dbded102\bin\Release.AnyCPU\Tfs.Service\MS.TF.WorkItemTracking.Server.L0.Tests\MS.TF.WorkItemTracking.Server.L0.Tests.dll" adapterTypeName="Microsoft.VisualStudio.TestTools.TestTypes.Unit.UnitTestAdapter" className="MS.TF.WorkItemTracking.Server.L0.Tests.Workitems.WorkItemUpdateTests" name="TestUpdateDefaultFieldValues_BypassRulesEnabled" />
    </UnitTest>
    <UnitTest name="GetFieldHistory_ReturnsCorrect" storage="d:\v2.0\a1\_work\dbded102\bin\release.anycpu\tfs.service\ms.tf.workitemtracking.server.l0.tests\ms.tf.workitemtracking.server.l0.tests.dll" id="a314208f-bf99-2b30-8f46-8d877319f785">
      <Execution id="6b12f935-f695-4b1c-b472-d9a400cead8a" />
      <TestMethod codeBase="D:\v2.0\A1\_work\dbded102\bin\Release.AnyCPU\Tfs.Service\MS.TF.WorkItemTracking.Server.L0.Tests\MS.TF.WorkItemTracking.Server.L0.Tests.dll" adapterTypeName="Microsoft.VisualStudio.TestTools.TestTypes.Unit.UnitTestAdapter" className="MS.TF.WorkItemTracking.Server.L0.Tests.Warehouse.WarehouseServiceTests" name="GetFieldHistory_ReturnsCorrect" />
    </UnitTest>
    <UnitTest name="GetFieldValuesHistory_IdRevPairs_ReturnsCorrect" storage="d:\v2.0\a1\_work\dbded102\bin\release.anycpu\tfs.service\ms.tf.workitemtracking.server.l0.tests\ms.tf.workitemtracking.server.l0.tests.dll" id="c5abc0c7-16fb-5f5b-9773-5bace561c588">
      <Execution id="9632b2a9-e0c0-4551-bcb7-25ea24b9629a" />
      <TestMethod codeBase="D:\v2.0\A1\_work\dbded102\bin\Release.AnyCPU\Tfs.Service\MS.TF.WorkItemTracking.Server.L0.Tests\MS.TF.WorkItemTracking.Server.L0.Tests.dll" adapterTypeName="Microsoft.VisualStudio.TestTools.TestTypes.Unit.UnitTestAdapter" className="MS.TF.WorkItemTracking.Server.L0.Tests.Warehouse.WarehouseServiceTests" name="GetFieldValuesHistory_IdRevPairs_ReturnsCorrect" />
    </UnitTest>
    <UnitTest name="GetFieldValuesHistory_Watermark_ReturnsCorrect" storage="d:\v2.0\a1\_work\dbded102\bin\release.anycpu\tfs.service\ms.tf.workitemtracking.server.l0.tests\ms.tf.workitemtracking.server.l0.tests.dll" id="178915d2-1eff-9e47-e0ba-160c5dee7f4e">
      <Execution id="bac48873-b899-459a-bd4e-90de2c47b22f" />
      <TestMethod codeBase="D:\v2.0\A1\_work\dbded102\bin\Release.AnyCPU\Tfs.Service\MS.TF.WorkItemTracking.Server.L0.Tests\MS.TF.WorkItemTracking.Server.L0.Tests.dll" adapterTypeName="Microsoft.VisualStudio.TestTools.TestTypes.Unit.UnitTestAdapter" className="MS.TF.WorkItemTracking.Server.L0.Tests.Warehouse.WarehouseServiceTests" name="GetFieldValuesHistory_Watermark_ReturnsCorrect" />
    </UnitTest>
    <UnitTest name="GetFieldValuesHistory_IdentityFields_Valid" storage="d:\v2.0\a1\_work\dbded102\bin\release.anycpu\tfs.service\ms.tf.workitemtracking.server.l0.tests\ms.tf.workitemtracking.server.l0.tests.dll" id="35bbba96-43a5-5d9a-7480-c24430fd63fd">
      <Execution id="2e717f96-818d-46ea-9f67-fbf3b22288c8" />
      <TestMethod codeBase="D:\v2.0\A1\_work\dbded102\bin\Release.AnyCPU\Tfs.Service\MS.TF.WorkItemTracking.Server.L0.Tests\MS.TF.WorkItemTracking.Server.L0.Tests.dll" adapterTypeName="Microsoft.VisualStudio.TestTools.TestTypes.Unit.UnitTestAdapter" className="MS.TF.WorkItemTracking.Server.L0.Tests.Warehouse.WarehouseServiceTests" name="GetFieldValuesHistory_IdentityFields_Valid" />
    </UnitTest>
    <UnitTest name="GetFieldValuesHistory_AreIterationIdFIelds_Valid" storage="d:\v2.0\a1\_work\dbded102\bin\release.anycpu\tfs.service\ms.tf.workitemtracking.server.l0.tests\ms.tf.workitemtracking.server.l0.tests.dll" id="bdc8a40e-34e5-d965-1915-d713e3e3c575">
      <Execution id="3d9fa129-b339-489d-935d-6059227e6538" />
      <TestMethod codeBase="D:\v2.0\A1\_work\dbded102\bin\Release.AnyCPU\Tfs.Service\MS.TF.WorkItemTracking.Server.L0.Tests\MS.TF.WorkItemTracking.Server.L0.Tests.dll" adapterTypeName="Microsoft.VisualStudio.TestTools.TestTypes.Unit.UnitTestAdapter" className="MS.TF.WorkItemTracking.Server.L0.Tests.Warehouse.WarehouseServiceTests" name="GetFieldValuesHistory_AreIterationIdFIelds_Valid" />
    </UnitTest>
    <UnitTest name="GetFieldValuesHistory_NonIdentityFields_Valid" storage="d:\v2.0\a1\_work\dbded102\bin\release.anycpu\tfs.service\ms.tf.workitemtracking.server.l0.tests\ms.tf.workitemtracking.server.l0.tests.dll" id="5463efe6-3bf4-d5fe-75f9-46919d21235e">
      <Execution id="2d87fe35-1764-4578-bfaf-c2aec8d49b30" />
      <TestMethod codeBase="D:\v2.0\A1\_work\dbded102\bin\Release.AnyCPU\Tfs.Service\MS.TF.WorkItemTracking.Server.L0.Tests\MS.TF.WorkItemTracking.Server.L0.Tests.dll" adapterTypeName="Microsoft.VisualStudio.TestTools.TestTypes.Unit.UnitTestAdapter" className="MS.TF.WorkItemTracking.Server.L0.Tests.Warehouse.WarehouseServiceTests" name="GetFieldValuesHistory_NonIdentityFields_Valid" />
    </UnitTest>
    <UnitTest name="GetWorkItemDestroyHistory_ReturnsCorrect" storage="d:\v2.0\a1\_work\dbded102\bin\release.anycpu\tfs.service\ms.tf.workitemtracking.server.l0.tests\ms.tf.workitemtracking.server.l0.tests.dll" id="f0060ca0-901a-bfb8-385d-702cd2500642">
      <Execution id="c1addde0-cd46-42e9-aefb-016eb19074fb" />
      <TestMethod codeBase="D:\v2.0\A1\_work\dbded102\bin\Release.AnyCPU\Tfs.Service\MS.TF.WorkItemTracking.Server.L0.Tests\MS.TF.WorkItemTracking.Server.L0.Tests.dll" adapterTypeName="Microsoft.VisualStudio.TestTools.TestTypes.Unit.UnitTestAdapter" className="MS.TF.WorkItemTracking.Server.L0.Tests.Warehouse.WarehouseServiceTests" name="GetWorkItemDestroyHistory_ReturnsCorrect" />
    </UnitTest>
    <UnitTest name="GetWorkItemLinkHistory_ReturnsCorrect" storage="d:\v2.0\a1\_work\dbded102\bin\release.anycpu\tfs.service\ms.tf.workitemtracking.server.l0.tests\ms.tf.workitemtracking.server.l0.tests.dll" id="cb266949-60ec-fffc-a234-cef97bb4c4f0">
      <Execution id="638fd6f6-d1cb-4033-a118-49aa4bf98112" />
      <TestMethod codeBase="D:\v2.0\A1\_work\dbded102\bin\Release.AnyCPU\Tfs.Service\MS.TF.WorkItemTracking.Server.L0.Tests\MS.TF.WorkItemTracking.Server.L0.Tests.dll" adapterTypeName="Microsoft.VisualStudio.TestTools.TestTypes.Unit.UnitTestAdapter" className="MS.TF.WorkItemTracking.Server.L0.Tests.Warehouse.WarehouseServiceTests" name="GetWorkItemLinkHistory_ReturnsCorrect" />
    </UnitTest>
    <UnitTest name="GetWorkItemLinkTypeHistory_ReturnsCorrect" storage="d:\v2.0\a1\_work\dbded102\bin\release.anycpu\tfs.service\ms.tf.workitemtracking.server.l0.tests\ms.tf.workitemtracking.server.l0.tests.dll" id="d82c15f3-3576-6867-a0fa-ff12394d8629">
      <Execution id="6ade99ce-ae0e-49bd-9174-52bb3f2042a9" />
      <TestMethod codeBase="D:\v2.0\A1\_work\dbded102\bin\Release.AnyCPU\Tfs.Service\MS.TF.WorkItemTracking.Server.L0.Tests\MS.TF.WorkItemTracking.Server.L0.Tests.dll" adapterTypeName="Microsoft.VisualStudio.TestTools.TestTypes.Unit.UnitTestAdapter" className="MS.TF.WorkItemTracking.Server.L0.Tests.Warehouse.WarehouseServiceTests" name="GetWorkItemLinkTypeHistory_ReturnsCorrect" />
    </UnitTest>
    <UnitTest name="GetWorkItemTypeCategoryHistory_ReturnsCorrect" storage="d:\v2.0\a1\_work\dbded102\bin\release.anycpu\tfs.service\ms.tf.workitemtracking.server.l0.tests\ms.tf.workitemtracking.server.l0.tests.dll" id="15c1de13-58ce-4b43-f0d1-2c90713c056b">
      <Execution id="b31d6aa3-eb35-4a9c-85df-d4be6c1f55ea" />
      <TestMethod codeBase="D:\v2.0\A1\_work\dbded102\bin\Release.AnyCPU\Tfs.Service\MS.TF.WorkItemTracking.Server.L0.Tests\MS.TF.WorkItemTracking.Server.L0.Tests.dll" adapterTypeName="Microsoft.VisualStudio.TestTools.TestTypes.Unit.UnitTestAdapter" className="MS.TF.WorkItemTracking.Server.L0.Tests.Warehouse.WarehouseServiceTests" name="GetWorkItemTypeCategoryHistory_ReturnsCorrect" />
    </UnitTest>
    <UnitTest name="GetWorkItemTypeCategoryMemberHistory_ReturnsCorrect" storage="d:\v2.0\a1\_work\dbded102\bin\release.anycpu\tfs.service\ms.tf.workitemtracking.server.l0.tests\ms.tf.workitemtracking.server.l0.tests.dll" id="db3672c4-9469-3207-2acd-ae8ef13e6a83">
      <Execution id="52f938c7-8f94-42a3-81ff-2576421ae98a" />
      <TestMethod codeBase="D:\v2.0\A1\_work\dbded102\bin\Release.AnyCPU\Tfs.Service\MS.TF.WorkItemTracking.Server.L0.Tests\MS.TF.WorkItemTracking.Server.L0.Tests.dll" adapterTypeName="Microsoft.VisualStudio.TestTools.TestTypes.Unit.UnitTestAdapter" className="MS.TF.WorkItemTracking.Server.L0.Tests.Warehouse.WarehouseServiceTests" name="GetWorkItemTypeCategoryMemberHistory_ReturnsCorrect" />
    </UnitTest>
    <UnitTest name="GetWorkItemTypeRenameHistory_ReturnsCorrect" storage="d:\v2.0\a1\_work\dbded102\bin\release.anycpu\tfs.service\ms.tf.workitemtracking.server.l0.tests\ms.tf.workitemtracking.server.l0.tests.dll" id="7381c05d-af4d-95b7-35bb-b93a049fe7ef">
      <Execution id="d4fadc39-7ca7-4caf-b303-e7a3ae112c99" />
      <TestMethod codeBase="D:\v2.0\A1\_work\dbded102\bin\Release.AnyCPU\Tfs.Service\MS.TF.WorkItemTracking.Server.L0.Tests\MS.TF.WorkItemTracking.Server.L0.Tests.dll" adapterTypeName="Microsoft.VisualStudio.TestTools.TestTypes.Unit.UnitTestAdapter" className="MS.TF.WorkItemTracking.Server.L0.Tests.Warehouse.WarehouseServiceTests" name="GetWorkItemTypeRenameHistory_ReturnsCorrect" />
    </UnitTest>
    <UnitTest name="GetFieldHistory_NullRequestContext" storage="d:\v2.0\a1\_work\dbded102\bin\release.anycpu\tfs.service\ms.tf.workitemtracking.server.l0.tests\ms.tf.workitemtracking.server.l0.tests.dll" id="acb5efd9-3146-8fc7-e1b1-11cbad93357f">
      <Execution id="ca3f2dc2-939d-4c46-899a-48e02605cb69" />
      <TestMethod codeBase="D:\v2.0\A1\_work\dbded102\bin\Release.AnyCPU\Tfs.Service\MS.TF.WorkItemTracking.Server.L0.Tests\MS.TF.WorkItemTracking.Server.L0.Tests.dll" adapterTypeName="Microsoft.VisualStudio.TestTools.TestTypes.Unit.UnitTestAdapter" className="MS.TF.WorkItemTracking.Server.L0.Tests.Warehouse.WarehouseServiceTests" name="GetFieldHistory_NullRequestContext" />
    </UnitTest>
    <UnitTest name="GetFieldValuesHistory_IdRevPairs_NullRequestContext" storage="d:\v2.0\a1\_work\dbded102\bin\release.anycpu\tfs.service\ms.tf.workitemtracking.server.l0.tests\ms.tf.workitemtracking.server.l0.tests.dll" id="5d678050-d729-e5a1-f269-206a3ed78a06">
      <Execution id="1d889fea-5e26-40d1-8ba7-6528439b81cb" />
      <TestMethod codeBase="D:\v2.0\A1\_work\dbded102\bin\Release.AnyCPU\Tfs.Service\MS.TF.WorkItemTracking.Server.L0.Tests\MS.TF.WorkItemTracking.Server.L0.Tests.dll" adapterTypeName="Microsoft.VisualStudio.TestTools.TestTypes.Unit.UnitTestAdapter" className="MS.TF.WorkItemTracking.Server.L0.Tests.Warehouse.WarehouseServiceTests" name="GetFieldValuesHistory_IdRevPairs_NullRequestContext" />
    </UnitTest>
    <UnitTest name="GetFieldValuesHistory_IdRevPairs_NullFieldReferences" storage="d:\v2.0\a1\_work\dbded102\bin\release.anycpu\tfs.service\ms.tf.workitemtracking.server.l0.tests\ms.tf.workitemtracking.server.l0.tests.dll" id="cb2572b6-5637-2f31-4486-64be9c34fb5d">
      <Execution id="6f3da31b-7cb7-4301-88ec-682e3f67c13c" />
      <TestMethod codeBase="D:\v2.0\A1\_work\dbded102\bin\Release.AnyCPU\Tfs.Service\MS.TF.WorkItemTracking.Server.L0.Tests\MS.TF.WorkItemTracking.Server.L0.Tests.dll" adapterTypeName="Microsoft.VisualStudio.TestTools.TestTypes.Unit.UnitTestAdapter" className="MS.TF.WorkItemTracking.Server.L0.Tests.Warehouse.WarehouseServiceTests" name="GetFieldValuesHistory_IdRevPairs_NullFieldReferences" />
    </UnitTest>
    <UnitTest name="GetFieldValuesHistory_IdRevPairs_NullIdRevPairs" storage="d:\v2.0\a1\_work\dbded102\bin\release.anycpu\tfs.service\ms.tf.workitemtracking.server.l0.tests\ms.tf.workitemtracking.server.l0.tests.dll" id="9c08d428-e691-3a10-26ac-b342a7f9d10c">
      <Execution id="10ba9919-e737-4488-b3df-041c24d0b2de" />
      <TestMethod codeBase="D:\v2.0\A1\_work\dbded102\bin\Release.AnyCPU\Tfs.Service\MS.TF.WorkItemTracking.Server.L0.Tests\MS.TF.WorkItemTracking.Server.L0.Tests.dll" adapterTypeName="Microsoft.VisualStudio.TestTools.TestTypes.Unit.UnitTestAdapter" className="MS.TF.WorkItemTracking.Server.L0.Tests.Warehouse.WarehouseServiceTests" name="GetFieldValuesHistory_IdRevPairs_NullIdRevPairs" />
    </UnitTest>
    <UnitTest name="GetFieldValuesHistory_Watermark_NullRequestContext" storage="d:\v2.0\a1\_work\dbded102\bin\release.anycpu\tfs.service\ms.tf.workitemtracking.server.l0.tests\ms.tf.workitemtracking.server.l0.tests.dll" id="d580b3b4-4608-b446-a700-66308751b21a">
      <Execution id="800e4182-4019-4846-b6d9-df233bc2e235" />
      <TestMethod codeBase="D:\v2.0\A1\_work\dbded102\bin\Release.AnyCPU\Tfs.Service\MS.TF.WorkItemTracking.Server.L0.Tests\MS.TF.WorkItemTracking.Server.L0.Tests.dll" adapterTypeName="Microsoft.VisualStudio.TestTools.TestTypes.Unit.UnitTestAdapter" className="MS.TF.WorkItemTracking.Server.L0.Tests.Warehouse.WarehouseServiceTests" name="GetFieldValuesHistory_Watermark_NullRequestContext" />
    </UnitTest>
    <UnitTest name="GetFieldValuesHistory_Watermark_NullFieldReferences" storage="d:\v2.0\a1\_work\dbded102\bin\release.anycpu\tfs.service\ms.tf.workitemtracking.server.l0.tests\ms.tf.workitemtracking.server.l0.tests.dll" id="c1e86b7b-c734-6640-dcc1-d41dbbf447bd">
      <Execution id="e0a264ed-bffc-4f82-8a3b-490506ac2ab7" />
      <TestMethod codeBase="D:\v2.0\A1\_work\dbded102\bin\Release.AnyCPU\Tfs.Service\MS.TF.WorkItemTracking.Server.L0.Tests\MS.TF.WorkItemTracking.Server.L0.Tests.dll" adapterTypeName="Microsoft.VisualStudio.TestTools.TestTypes.Unit.UnitTestAdapter" className="MS.TF.WorkItemTracking.Server.L0.Tests.Warehouse.WarehouseServiceTests" name="GetFieldValuesHistory_Watermark_NullFieldReferences" />
    </UnitTest>
    <UnitTest name="GetWorkItemDestroyHistory_NullRequestContext" storage="d:\v2.0\a1\_work\dbded102\bin\release.anycpu\tfs.service\ms.tf.workitemtracking.server.l0.tests\ms.tf.workitemtracking.server.l0.tests.dll" id="6599d417-6cf9-d188-61aa-7d523c47a3ba">
      <Execution id="cb687794-b20d-47f4-949a-86bb6c7b16a3" />
      <TestMethod codeBase="D:\v2.0\A1\_work\dbded102\bin\Release.AnyCPU\Tfs.Service\MS.TF.WorkItemTracking.Server.L0.Tests\MS.TF.WorkItemTracking.Server.L0.Tests.dll" adapterTypeName="Microsoft.VisualStudio.TestTools.TestTypes.Unit.UnitTestAdapter" className="MS.TF.WorkItemTracking.Server.L0.Tests.Warehouse.WarehouseServiceTests" name="GetWorkItemDestroyHistory_NullRequestContext" />
    </UnitTest>
    <UnitTest name="GetWorkItemLinkHistory_NullRequestContext" storage="d:\v2.0\a1\_work\dbded102\bin\release.anycpu\tfs.service\ms.tf.workitemtracking.server.l0.tests\ms.tf.workitemtracking.server.l0.tests.dll" id="95f8077c-74fa-be2c-9c80-cb05ed928f91">
      <Execution id="3f38697e-91df-4879-ab93-f222a103da38" />
      <TestMethod codeBase="D:\v2.0\A1\_work\dbded102\bin\Release.AnyCPU\Tfs.Service\MS.TF.WorkItemTracking.Server.L0.Tests\MS.TF.WorkItemTracking.Server.L0.Tests.dll" adapterTypeName="Microsoft.VisualStudio.TestTools.TestTypes.Unit.UnitTestAdapter" className="MS.TF.WorkItemTracking.Server.L0.Tests.Warehouse.WarehouseServiceTests" name="GetWorkItemLinkHistory_NullRequestContext" />
    </UnitTest>
    <UnitTest name="GetWorkItemLinkTypeHistory_NullRequestContext" storage="d:\v2.0\a1\_work\dbded102\bin\release.anycpu\tfs.service\ms.tf.workitemtracking.server.l0.tests\ms.tf.workitemtracking.server.l0.tests.dll" id="31023400-855b-630d-5653-fe15e5bbf0ea">
      <Execution id="69b544a4-5776-4166-9546-6aa6d62badc9" />
      <TestMethod codeBase="D:\v2.0\A1\_work\dbded102\bin\Release.AnyCPU\Tfs.Service\MS.TF.WorkItemTracking.Server.L0.Tests\MS.TF.WorkItemTracking.Server.L0.Tests.dll" adapterTypeName="Microsoft.VisualStudio.TestTools.TestTypes.Unit.UnitTestAdapter" className="MS.TF.WorkItemTracking.Server.L0.Tests.Warehouse.WarehouseServiceTests" name="GetWorkItemLinkTypeHistory_NullRequestContext" />
    </UnitTest>
    <UnitTest name="GetWorkItemTypeCategoryHistory_NullRequestContext" storage="d:\v2.0\a1\_work\dbded102\bin\release.anycpu\tfs.service\ms.tf.workitemtracking.server.l0.tests\ms.tf.workitemtracking.server.l0.tests.dll" id="a6bba361-b493-8ad6-378a-35d8018262e8">
      <Execution id="a92e6812-22b8-48f9-9509-1b66e132d31b" />
      <TestMethod codeBase="D:\v2.0\A1\_work\dbded102\bin\Release.AnyCPU\Tfs.Service\MS.TF.WorkItemTracking.Server.L0.Tests\MS.TF.WorkItemTracking.Server.L0.Tests.dll" adapterTypeName="Microsoft.VisualStudio.TestTools.TestTypes.Unit.UnitTestAdapter" className="MS.TF.WorkItemTracking.Server.L0.Tests.Warehouse.WarehouseServiceTests" name="GetWorkItemTypeCategoryHistory_NullRequestContext" />
    </UnitTest>
    <UnitTest name="GetWorkItemTypeCategoryMemberHistory_NullRequestContext" storage="d:\v2.0\a1\_work\dbded102\bin\release.anycpu\tfs.service\ms.tf.workitemtracking.server.l0.tests\ms.tf.workitemtracking.server.l0.tests.dll" id="94c3dcfc-bf62-8727-ffda-fbb3cbd7d2a8">
      <Execution id="9df2941e-4504-46b5-adae-f05c2a4bb531" />
      <TestMethod codeBase="D:\v2.0\A1\_work\dbded102\bin\Release.AnyCPU\Tfs.Service\MS.TF.WorkItemTracking.Server.L0.Tests\MS.TF.WorkItemTracking.Server.L0.Tests.dll" adapterTypeName="Microsoft.VisualStudio.TestTools.TestTypes.Unit.UnitTestAdapter" className="MS.TF.WorkItemTracking.Server.L0.Tests.Warehouse.WarehouseServiceTests" name="GetWorkItemTypeCategoryMemberHistory_NullRequestContext" />
    </UnitTest>
    <UnitTest name="GetWorkItemTypeRenameHistory_NullRequestContext" storage="d:\v2.0\a1\_work\dbded102\bin\release.anycpu\tfs.service\ms.tf.workitemtracking.server.l0.tests\ms.tf.workitemtracking.server.l0.tests.dll" id="c5981019-a71e-69c2-4483-265579011fcb">
      <Execution id="b368d516-025e-4f69-b455-dc2d6caaf3a5" />
      <TestMethod codeBase="D:\v2.0\A1\_work\dbded102\bin\Release.AnyCPU\Tfs.Service\MS.TF.WorkItemTracking.Server.L0.Tests\MS.TF.WorkItemTracking.Server.L0.Tests.dll" adapterTypeName="Microsoft.VisualStudio.TestTools.TestTypes.Unit.UnitTestAdapter" className="MS.TF.WorkItemTracking.Server.L0.Tests.Warehouse.WarehouseServiceTests" name="GetWorkItemTypeRenameHistory_NullRequestContext" />
    </UnitTest>
    <UnitTest name="TestRebuildTrendDataCaseInsensitive" storage="d:\v2.0\a1\_work\dbded102\bin\release.anycpu\tfs.service\ms.tf.workitemtracking.server.l0.tests\ms.tf.workitemtracking.server.l0.tests.dll" id="73e53c61-e733-10e7-3edc-2cd9125ec079">
      <Execution id="25cd52d3-8ea5-4d4e-bbeb-b58f71b9a0e2" />
      <TestMethod codeBase="D:\v2.0\A1\_work\dbded102\bin\Release.AnyCPU\Tfs.Service\MS.TF.WorkItemTracking.Server.L0.Tests\MS.TF.WorkItemTracking.Server.L0.Tests.dll" adapterTypeName="Microsoft.VisualStudio.TestTools.TestTypes.Unit.UnitTestAdapter" className="MS.TF.WorkItemTracking.Server.L0.Tests.Trend.TrendServiceTests" name="TestRebuildTrendDataCaseInsensitive" />
    </UnitTest>
    <UnitTest name="TestRebuildTrendDataMarkerFieldChange" storage="d:\v2.0\a1\_work\dbded102\bin\release.anycpu\tfs.service\ms.tf.workitemtracking.server.l0.tests\ms.tf.workitemtracking.server.l0.tests.dll" id="bb37d330-70c9-107e-0d7c-0ddbf2a2b4e0">
      <Execution id="39127dca-f197-4bd2-af6e-4e7b2ae30222" />
      <TestMethod codeBase="D:\v2.0\A1\_work\dbded102\bin\Release.AnyCPU\Tfs.Service\MS.TF.WorkItemTracking.Server.L0.Tests\MS.TF.WorkItemTracking.Server.L0.Tests.dll" adapterTypeName="Microsoft.VisualStudio.TestTools.TestTypes.Unit.UnitTestAdapter" className="MS.TF.WorkItemTracking.Server.L0.Tests.Trend.TrendServiceTests" name="TestRebuildTrendDataMarkerFieldChange" />
    </UnitTest>
    <UnitTest name="WillTransformAreaPathIdtoAreaPath" storage="d:\v2.0\a1\_work\dbded102\bin\release.anycpu\tfs.service\ms.tf.workitemtracking.server.l0.tests\ms.tf.workitemtracking.server.l0.tests.dll" id="cc3f134a-ea35-4647-935e-76cd07c6419e">
      <Execution id="fbf433ac-b40f-43db-9d43-7ae2eed775e2" />
      <TestMethod codeBase="D:\v2.0\A1\_work\dbded102\bin\Release.AnyCPU\Tfs.Service\MS.TF.WorkItemTracking.Server.L0.Tests\MS.TF.WorkItemTracking.Server.L0.Tests.dll" adapterTypeName="Microsoft.VisualStudio.TestTools.TestTypes.Unit.UnitTestAdapter" className="MS.TF.WorkItemTracking.Server.L0.Tests.Query.WiqlIdToNameTransformerTests" name="WillTransformAreaPathIdtoAreaPath" />
    </UnitTest>
    <UnitTest name="WillNotTransformAreaPathIdtoAreaPath" storage="d:\v2.0\a1\_work\dbded102\bin\release.anycpu\tfs.service\ms.tf.workitemtracking.server.l0.tests\ms.tf.workitemtracking.server.l0.tests.dll" id="187b02cb-2633-3708-02b0-cfe043ed495c">
      <Execution id="d640c4e9-160a-4233-8caa-1aa46dee0aef" />
      <TestMethod codeBase="D:\v2.0\A1\_work\dbded102\bin\Release.AnyCPU\Tfs.Service\MS.TF.WorkItemTracking.Server.L0.Tests\MS.TF.WorkItemTracking.Server.L0.Tests.dll" adapterTypeName="Microsoft.VisualStudio.TestTools.TestTypes.Unit.UnitTestAdapter" className="MS.TF.WorkItemTracking.Server.L0.Tests.Query.WiqlIdToNameTransformerTests" name="WillNotTransformAreaPathIdtoAreaPath" />
    </UnitTest>
    <UnitTest name="WillTransformIterationPathIdtoIterationPath" storage="d:\v2.0\a1\_work\dbded102\bin\release.anycpu\tfs.service\ms.tf.workitemtracking.server.l0.tests\ms.tf.workitemtracking.server.l0.tests.dll" id="390ba54f-e4b7-3434-086c-31b910079822">
      <Execution id="8daa8bef-b5a0-4430-bcab-68c2ad727498" />
      <TestMethod codeBase="D:\v2.0\A1\_work\dbded102\bin\Release.AnyCPU\Tfs.Service\MS.TF.WorkItemTracking.Server.L0.Tests\MS.TF.WorkItemTracking.Server.L0.Tests.dll" adapterTypeName="Microsoft.VisualStudio.TestTools.TestTypes.Unit.UnitTestAdapter" className="MS.TF.WorkItemTracking.Server.L0.Tests.Query.WiqlIdToNameTransformerTests" name="WillTransformIterationPathIdtoIterationPath" />
    </UnitTest>
    <UnitTest name="WillTransformIdToNames" storage="d:\v2.0\a1\_work\dbded102\bin\release.anycpu\tfs.service\ms.tf.workitemtracking.server.l0.tests\ms.tf.workitemtracking.server.l0.tests.dll" id="c5677a2b-9f8f-b253-8cb5-2e88230b7e30">
      <Execution id="7eb9fc20-2511-4e7a-8491-e1b770ce013c" />
      <TestMethod codeBase="D:\v2.0\A1\_work\dbded102\bin\Release.AnyCPU\Tfs.Service\MS.TF.WorkItemTracking.Server.L0.Tests\MS.TF.WorkItemTracking.Server.L0.Tests.dll" adapterTypeName="Microsoft.VisualStudio.TestTools.TestTypes.Unit.UnitTestAdapter" className="MS.TF.WorkItemTracking.Server.L0.Tests.Query.WiqlIdToNameTransformerTests" name="WillTransformIdToNames" />
    </UnitTest>
    <UnitTest name="WillTransformTfIdWithoutPrefix" storage="d:\v2.0\a1\_work\dbded102\bin\release.anycpu\tfs.service\ms.tf.workitemtracking.server.l0.tests\ms.tf.workitemtracking.server.l0.tests.dll" id="53493eb7-c642-45d8-c224-3c34ddfe836f">
      <Execution id="9058cb08-5b09-495f-aea5-5c20dd0d0b1e" />
      <TestMethod codeBase="D:\v2.0\A1\_work\dbded102\bin\Release.AnyCPU\Tfs.Service\MS.TF.WorkItemTracking.Server.L0.Tests\MS.TF.WorkItemTracking.Server.L0.Tests.dll" adapterTypeName="Microsoft.VisualStudio.TestTools.TestTypes.Unit.UnitTestAdapter" className="MS.TF.WorkItemTracking.Server.L0.Tests.Query.WiqlIdToNameTransformerTests" name="WillTransformTfIdWithoutPrefix" />
    </UnitTest>
    <UnitTest name="WillNotTransformDisplayNameInComboDisplayNameMode" storage="d:\v2.0\a1\_work\dbded102\bin\release.anycpu\tfs.service\ms.tf.workitemtracking.server.l0.tests\ms.tf.workitemtracking.server.l0.tests.dll" id="858a267f-ee6a-ae6d-b2b7-55d59022df5e">
      <Execution id="3658462d-f991-4014-be50-47e989e45bea" />
      <TestMethod codeBase="D:\v2.0\A1\_work\dbded102\bin\Release.AnyCPU\Tfs.Service\MS.TF.WorkItemTracking.Server.L0.Tests\MS.TF.WorkItemTracking.Server.L0.Tests.dll" adapterTypeName="Microsoft.VisualStudio.TestTools.TestTypes.Unit.UnitTestAdapter" className="MS.TF.WorkItemTracking.Server.L0.Tests.Query.WiqlIdToNameTransformerTests" name="WillNotTransformDisplayNameInComboDisplayNameMode" />
    </UnitTest>
    <UnitTest name="WillTransformAmbiguousDisplayNameInDisplayNameMode" storage="d:\v2.0\a1\_work\dbded102\bin\release.anycpu\tfs.service\ms.tf.workitemtracking.server.l0.tests\ms.tf.workitemtracking.server.l0.tests.dll" id="a8f15b7b-f852-c4bf-5a75-111178ca387b">
      <Execution id="43b105a7-d939-4772-83ba-b0001c7881ac" />
      <TestMethod codeBase="D:\v2.0\A1\_work\dbded102\bin\Release.AnyCPU\Tfs.Service\MS.TF.WorkItemTracking.Server.L0.Tests\MS.TF.WorkItemTracking.Server.L0.Tests.dll" adapterTypeName="Microsoft.VisualStudio.TestTools.TestTypes.Unit.UnitTestAdapter" className="MS.TF.WorkItemTracking.Server.L0.Tests.Query.WiqlIdToNameTransformerTests" name="WillTransformAmbiguousDisplayNameInDisplayNameMode" />
    </UnitTest>
    <UnitTest name="WillNotTransformAmbiguousDisplayNameInComboDisplayNameWhenNeededMode" storage="d:\v2.0\a1\_work\dbded102\bin\release.anycpu\tfs.service\ms.tf.workitemtracking.server.l0.tests\ms.tf.workitemtracking.server.l0.tests.dll" id="9fb9f77c-bc4d-ed12-a247-287885c138a2">
      <Execution id="3ebe488b-d2dd-4379-a2df-5a40d187bb2c" />
      <TestMethod codeBase="D:\v2.0\A1\_work\dbded102\bin\Release.AnyCPU\Tfs.Service\MS.TF.WorkItemTracking.Server.L0.Tests\MS.TF.WorkItemTracking.Server.L0.Tests.dll" adapterTypeName="Microsoft.VisualStudio.TestTools.TestTypes.Unit.UnitTestAdapter" className="MS.TF.WorkItemTracking.Server.L0.Tests.Query.WiqlIdToNameTransformerTests" name="WillNotTransformAmbiguousDisplayNameInComboDisplayNameWhenNeededMode" />
    </UnitTest>
    <UnitTest name="WillTransformUniqueDisplayNameInComboDisplayNameWhenNeededMode" storage="d:\v2.0\a1\_work\dbded102\bin\release.anycpu\tfs.service\ms.tf.workitemtracking.server.l0.tests\ms.tf.workitemtracking.server.l0.tests.dll" id="6e197431-339a-98dc-0c3f-28fbe51a8eef">
      <Execution id="4ccfd284-0d67-4b55-bcc5-5d4892955c03" />
      <TestMethod codeBase="D:\v2.0\A1\_work\dbded102\bin\Release.AnyCPU\Tfs.Service\MS.TF.WorkItemTracking.Server.L0.Tests\MS.TF.WorkItemTracking.Server.L0.Tests.dll" adapterTypeName="Microsoft.VisualStudio.TestTools.TestTypes.Unit.UnitTestAdapter" className="MS.TF.WorkItemTracking.Server.L0.Tests.Query.WiqlIdToNameTransformerTests" name="WillTransformUniqueDisplayNameInComboDisplayNameWhenNeededMode" />
    </UnitTest>
    <UnitTest name="OperatorInNullValue" storage="d:\v2.0\a1\_work\dbded102\bin\release.anycpu\tfs.service\ms.tf.workitemtracking.server.l0.tests\ms.tf.workitemtracking.server.l0.tests.dll" id="10da3d8a-2f5d-a9fd-8354-b201539f8502">
      <Execution id="da10f82e-2f75-43f3-83aa-61f941290c64" />
      <TestMethod codeBase="D:\v2.0\A1\_work\dbded102\bin\Release.AnyCPU\Tfs.Service\MS.TF.WorkItemTracking.Server.L0.Tests\MS.TF.WorkItemTracking.Server.L0.Tests.dll" adapterTypeName="Microsoft.VisualStudio.TestTools.TestTypes.Unit.UnitTestAdapter" className="MS.TF.WorkItemTracking.Server.L0.Tests.QueryTests.QueryProcessorTests" name="OperatorInNullValue" />
    </UnitTest>
    <UnitTest name="MaxDepthCheck" storage="d:\v2.0\a1\_work\dbded102\bin\release.anycpu\tfs.service\ms.tf.workitemtracking.server.l0.tests\ms.tf.workitemtracking.server.l0.tests.dll" id="428ce4aa-5d01-cd22-2135-98b662347fa7">
      <Execution id="ae08caad-4713-40ec-b173-b8cecbe7c422" />
      <TestMethod codeBase="D:\v2.0\A1\_work\dbded102\bin\Release.AnyCPU\Tfs.Service\MS.TF.WorkItemTracking.Server.L0.Tests\MS.TF.WorkItemTracking.Server.L0.Tests.dll" adapterTypeName="Microsoft.VisualStudio.TestTools.TestTypes.Unit.UnitTestAdapter" className="MS.TF.WorkItemTracking.Server.L0.Tests.QueryTests.QueryProcessorTests" name="MaxDepthCheck" />
    </UnitTest>
    <UnitTest name="InClauseMultipleValues" storage="d:\v2.0\a1\_work\dbded102\bin\release.anycpu\tfs.service\ms.tf.workitemtracking.server.l0.tests\ms.tf.workitemtracking.server.l0.tests.dll" id="66dda5bd-0293-02f0-22c6-ad3bdfe47761">
      <Execution id="e0919fe4-a450-49dc-b54e-a0060cd8cf14" />
      <TestMethod codeBase="D:\v2.0\A1\_work\dbded102\bin\Release.AnyCPU\Tfs.Service\MS.TF.WorkItemTracking.Server.L0.Tests\MS.TF.WorkItemTracking.Server.L0.Tests.dll" adapterTypeName="Microsoft.VisualStudio.TestTools.TestTypes.Unit.UnitTestAdapter" className="MS.TF.WorkItemTracking.Server.L0.Tests.QueryTests.QueryProcessorTests" name="InClauseMultipleValues" />
    </UnitTest>
    <UnitTest name="InClauseMultipleValuesWithNull" storage="d:\v2.0\a1\_work\dbded102\bin\release.anycpu\tfs.service\ms.tf.workitemtracking.server.l0.tests\ms.tf.workitemtracking.server.l0.tests.dll" id="0184a854-dfa3-7343-69fa-255bec91f80a">
      <Execution id="b7a12a0f-e546-495c-b7ec-852f62eb3e36" />
      <TestMethod codeBase="D:\v2.0\A1\_work\dbded102\bin\Release.AnyCPU\Tfs.Service\MS.TF.WorkItemTracking.Server.L0.Tests\MS.TF.WorkItemTracking.Server.L0.Tests.dll" adapterTypeName="Microsoft.VisualStudio.TestTools.TestTypes.Unit.UnitTestAdapter" className="MS.TF.WorkItemTracking.Server.L0.Tests.QueryTests.QueryProcessorTests" name="InClauseMultipleValuesWithNull" />
    </UnitTest>
    <UnitTest name="InClauseDupeValues" storage="d:\v2.0\a1\_work\dbded102\bin\release.anycpu\tfs.service\ms.tf.workitemtracking.server.l0.tests\ms.tf.workitemtracking.server.l0.tests.dll" id="db2b80bb-f61d-0269-2720-d3750dd0e675">
      <Execution id="35aa3f05-baea-4d06-939d-93190b713165" />
      <TestMethod codeBase="D:\v2.0\A1\_work\dbded102\bin\Release.AnyCPU\Tfs.Service\MS.TF.WorkItemTracking.Server.L0.Tests\MS.TF.WorkItemTracking.Server.L0.Tests.dll" adapterTypeName="Microsoft.VisualStudio.TestTools.TestTypes.Unit.UnitTestAdapter" className="MS.TF.WorkItemTracking.Server.L0.Tests.QueryTests.QueryProcessorTests" name="InClauseDupeValues" />
    </UnitTest>
    <UnitTest name="InClauseNullValuesOnly" storage="d:\v2.0\a1\_work\dbded102\bin\release.anycpu\tfs.service\ms.tf.workitemtracking.server.l0.tests\ms.tf.workitemtracking.server.l0.tests.dll" id="89d13d51-6b77-dddf-ecf3-555ad32208c7">
      <Execution id="d9d4d1f5-b187-4c44-994f-243e5f42a5ed" />
      <TestMethod codeBase="D:\v2.0\A1\_work\dbded102\bin\Release.AnyCPU\Tfs.Service\MS.TF.WorkItemTracking.Server.L0.Tests\MS.TF.WorkItemTracking.Server.L0.Tests.dll" adapterTypeName="Microsoft.VisualStudio.TestTools.TestTypes.Unit.UnitTestAdapter" className="MS.TF.WorkItemTracking.Server.L0.Tests.QueryTests.QueryProcessorTests" name="InClauseNullValuesOnly" />
    </UnitTest>
    <UnitTest name="NotInClauseMultipleValues" storage="d:\v2.0\a1\_work\dbded102\bin\release.anycpu\tfs.service\ms.tf.workitemtracking.server.l0.tests\ms.tf.workitemtracking.server.l0.tests.dll" id="69d9e3d2-5dfb-b3a8-553b-75b67d9ef6f6">
      <Execution id="b0a08fda-4c8e-4dc7-a7cf-0990a050f3c5" />
      <TestMethod codeBase="D:\v2.0\A1\_work\dbded102\bin\Release.AnyCPU\Tfs.Service\MS.TF.WorkItemTracking.Server.L0.Tests\MS.TF.WorkItemTracking.Server.L0.Tests.dll" adapterTypeName="Microsoft.VisualStudio.TestTools.TestTypes.Unit.UnitTestAdapter" className="MS.TF.WorkItemTracking.Server.L0.Tests.QueryTests.QueryProcessorTests" name="NotInClauseMultipleValues" />
    </UnitTest>
    <UnitTest name="NotInClauseMultipleValuesWithNull" storage="d:\v2.0\a1\_work\dbded102\bin\release.anycpu\tfs.service\ms.tf.workitemtracking.server.l0.tests\ms.tf.workitemtracking.server.l0.tests.dll" id="eb8c06dc-d193-fb1a-cc60-e7f9450fd612">
      <Execution id="08a9435a-be7a-476f-9d2d-b19a73664975" />
      <TestMethod codeBase="D:\v2.0\A1\_work\dbded102\bin\Release.AnyCPU\Tfs.Service\MS.TF.WorkItemTracking.Server.L0.Tests\MS.TF.WorkItemTracking.Server.L0.Tests.dll" adapterTypeName="Microsoft.VisualStudio.TestTools.TestTypes.Unit.UnitTestAdapter" className="MS.TF.WorkItemTracking.Server.L0.Tests.QueryTests.QueryProcessorTests" name="NotInClauseMultipleValuesWithNull" />
    </UnitTest>
    <UnitTest name="NotInClauseDupeValues" storage="d:\v2.0\a1\_work\dbded102\bin\release.anycpu\tfs.service\ms.tf.workitemtracking.server.l0.tests\ms.tf.workitemtracking.server.l0.tests.dll" id="1fb62975-e34d-8f60-364c-c9c7a9c01abb">
      <Execution id="dae4a505-e773-4b8a-a000-38de750de9c6" />
      <TestMethod codeBase="D:\v2.0\A1\_work\dbded102\bin\Release.AnyCPU\Tfs.Service\MS.TF.WorkItemTracking.Server.L0.Tests\MS.TF.WorkItemTracking.Server.L0.Tests.dll" adapterTypeName="Microsoft.VisualStudio.TestTools.TestTypes.Unit.UnitTestAdapter" className="MS.TF.WorkItemTracking.Server.L0.Tests.QueryTests.QueryProcessorTests" name="NotInClauseDupeValues" />
    </UnitTest>
    <UnitTest name="NotInClauseNullValuesOnly" storage="d:\v2.0\a1\_work\dbded102\bin\release.anycpu\tfs.service\ms.tf.workitemtracking.server.l0.tests\ms.tf.workitemtracking.server.l0.tests.dll" id="b00af85e-b98f-55c2-6158-0e14de8cf263">
      <Execution id="e3c81996-8460-4275-8898-d1074f6147a7" />
      <TestMethod codeBase="D:\v2.0\A1\_work\dbded102\bin\Release.AnyCPU\Tfs.Service\MS.TF.WorkItemTracking.Server.L0.Tests\MS.TF.WorkItemTracking.Server.L0.Tests.dll" adapterTypeName="Microsoft.VisualStudio.TestTools.TestTypes.Unit.UnitTestAdapter" className="MS.TF.WorkItemTracking.Server.L0.Tests.QueryTests.QueryProcessorTests" name="NotInClauseNullValuesOnly" />
    </UnitTest>
    <UnitTest name="OptimizationAndedExpressions" storage="d:\v2.0\a1\_work\dbded102\bin\release.anycpu\tfs.service\ms.tf.workitemtracking.server.l0.tests\ms.tf.workitemtracking.server.l0.tests.dll" id="c4730ab8-9d5f-8c0a-bbfd-d537b174bbf1">
      <Execution id="9a3d461a-04cb-474b-90b4-284a00e28b62" />
      <TestMethod codeBase="D:\v2.0\A1\_work\dbded102\bin\Release.AnyCPU\Tfs.Service\MS.TF.WorkItemTracking.Server.L0.Tests\MS.TF.WorkItemTracking.Server.L0.Tests.dll" adapterTypeName="Microsoft.VisualStudio.TestTools.TestTypes.Unit.UnitTestAdapter" className="MS.TF.WorkItemTracking.Server.L0.Tests.QueryTests.QueryProcessorTests" name="OptimizationAndedExpressions" />
    </UnitTest>
    <UnitTest name="OptimizationNotOptimizeAndedContainsExpressions" storage="d:\v2.0\a1\_work\dbded102\bin\release.anycpu\tfs.service\ms.tf.workitemtracking.server.l0.tests\ms.tf.workitemtracking.server.l0.tests.dll" id="c69328d4-a0f6-16ae-6e6b-c1f35efc3456">
      <Execution id="60bdfca7-20bb-4161-b562-c92975da99a9" />
      <TestMethod codeBase="D:\v2.0\A1\_work\dbded102\bin\Release.AnyCPU\Tfs.Service\MS.TF.WorkItemTracking.Server.L0.Tests\MS.TF.WorkItemTracking.Server.L0.Tests.dll" adapterTypeName="Microsoft.VisualStudio.TestTools.TestTypes.Unit.UnitTestAdapter" className="MS.TF.WorkItemTracking.Server.L0.Tests.QueryTests.QueryProcessorTests" name="OptimizationNotOptimizeAndedContainsExpressions" />
    </UnitTest>
    <UnitTest name="OptimizatioOredContainsExpressions" storage="d:\v2.0\a1\_work\dbded102\bin\release.anycpu\tfs.service\ms.tf.workitemtracking.server.l0.tests\ms.tf.workitemtracking.server.l0.tests.dll" id="78484ae8-ff33-7c28-be0b-ef442e4c5d75">
      <Execution id="8118d66e-5c3e-4e77-a050-fe4e5c37583f" />
      <TestMethod codeBase="D:\v2.0\A1\_work\dbded102\bin\Release.AnyCPU\Tfs.Service\MS.TF.WorkItemTracking.Server.L0.Tests\MS.TF.WorkItemTracking.Server.L0.Tests.dll" adapterTypeName="Microsoft.VisualStudio.TestTools.TestTypes.Unit.UnitTestAdapter" className="MS.TF.WorkItemTracking.Server.L0.Tests.QueryTests.QueryProcessorTests" name="OptimizatioOredContainsExpressions" />
    </UnitTest>
    <UnitTest name="OptimizatioAndedNotContainsExpressions" storage="d:\v2.0\a1\_work\dbded102\bin\release.anycpu\tfs.service\ms.tf.workitemtracking.server.l0.tests\ms.tf.workitemtracking.server.l0.tests.dll" id="3f97bb7b-a4a4-6c60-8152-7383ef8f5389">
      <Execution id="a9a107e2-a905-433e-9c4f-9dd777018b68" />
      <TestMethod codeBase="D:\v2.0\A1\_work\dbded102\bin\Release.AnyCPU\Tfs.Service\MS.TF.WorkItemTracking.Server.L0.Tests\MS.TF.WorkItemTracking.Server.L0.Tests.dll" adapterTypeName="Microsoft.VisualStudio.TestTools.TestTypes.Unit.UnitTestAdapter" className="MS.TF.WorkItemTracking.Server.L0.Tests.QueryTests.QueryProcessorTests" name="OptimizatioAndedNotContainsExpressions" />
    </UnitTest>
    <UnitTest name="OptimizationNotOptimizeAndGroups" storage="d:\v2.0\a1\_work\dbded102\bin\release.anycpu\tfs.service\ms.tf.workitemtracking.server.l0.tests\ms.tf.workitemtracking.server.l0.tests.dll" id="978169bc-57a5-5169-fa4a-4732115fb42e">
      <Execution id="e5229294-cff5-461c-bde1-53f7796ef1dd" />
      <TestMethod codeBase="D:\v2.0\A1\_work\dbded102\bin\Release.AnyCPU\Tfs.Service\MS.TF.WorkItemTracking.Server.L0.Tests\MS.TF.WorkItemTracking.Server.L0.Tests.dll" adapterTypeName="Microsoft.VisualStudio.TestTools.TestTypes.Unit.UnitTestAdapter" className="MS.TF.WorkItemTracking.Server.L0.Tests.QueryTests.QueryProcessorTests" name="OptimizationNotOptimizeAndGroups" />
    </UnitTest>
    <UnitTest name="InvalidTop" storage="d:\v2.0\a1\_work\dbded102\bin\release.anycpu\tfs.service\ms.tf.workitemtracking.server.l0.tests\ms.tf.workitemtracking.server.l0.tests.dll" id="eaf48920-42e2-838a-36a3-733b22a4b5d3">
      <Execution id="aba66474-776a-4a56-9389-3e515599284c" />
      <TestMethod codeBase="D:\v2.0\A1\_work\dbded102\bin\Release.AnyCPU\Tfs.Service\MS.TF.WorkItemTracking.Server.L0.Tests\MS.TF.WorkItemTracking.Server.L0.Tests.dll" adapterTypeName="Microsoft.VisualStudio.TestTools.TestTypes.Unit.UnitTestAdapter" className="MS.TF.WorkItemTracking.Server.L0.Tests.QueryTests.QueryProcessorTests" name="InvalidTop" />
    </UnitTest>
    <UnitTest name="ValidQueryTopZero" storage="d:\v2.0\a1\_work\dbded102\bin\release.anycpu\tfs.service\ms.tf.workitemtracking.server.l0.tests\ms.tf.workitemtracking.server.l0.tests.dll" id="70731a9e-5411-3ce8-e49e-a92378f1014b">
      <Execution id="3c80ea47-fb53-4445-a14b-91fed178797c" />
      <TestMethod codeBase="D:\v2.0\A1\_work\dbded102\bin\Release.AnyCPU\Tfs.Service\MS.TF.WorkItemTracking.Server.L0.Tests\MS.TF.WorkItemTracking.Server.L0.Tests.dll" adapterTypeName="Microsoft.VisualStudio.TestTools.TestTypes.Unit.UnitTestAdapter" className="MS.TF.WorkItemTracking.Server.L0.Tests.QueryTests.QueryProcessorTests" name="ValidQueryTopZero" />
    </UnitTest>
    <UnitTest name="ValidQueryTopPositive" storage="d:\v2.0\a1\_work\dbded102\bin\release.anycpu\tfs.service\ms.tf.workitemtracking.server.l0.tests\ms.tf.workitemtracking.server.l0.tests.dll" id="3dc77a65-c8f7-89ea-e67d-aa1810986bf8">
      <Execution id="97bea58a-72f0-4d66-a283-424d387d2452" />
      <TestMethod codeBase="D:\v2.0\A1\_work\dbded102\bin\Release.AnyCPU\Tfs.Service\MS.TF.WorkItemTracking.Server.L0.Tests\MS.TF.WorkItemTracking.Server.L0.Tests.dll" adapterTypeName="Microsoft.VisualStudio.TestTools.TestTypes.Unit.UnitTestAdapter" className="MS.TF.WorkItemTracking.Server.L0.Tests.QueryTests.QueryProcessorTests" name="ValidQueryTopPositive" />
    </UnitTest>
    <UnitTest name="ValidQueryTopPositiveLargerThanServerSetting" storage="d:\v2.0\a1\_work\dbded102\bin\release.anycpu\tfs.service\ms.tf.workitemtracking.server.l0.tests\ms.tf.workitemtracking.server.l0.tests.dll" id="ec685961-3a45-2e7b-d11b-5167de4d97a0">
      <Execution id="37586450-9376-453c-bf08-7e709fc1aba0" />
      <TestMethod codeBase="D:\v2.0\A1\_work\dbded102\bin\Release.AnyCPU\Tfs.Service\MS.TF.WorkItemTracking.Server.L0.Tests\MS.TF.WorkItemTracking.Server.L0.Tests.dll" adapterTypeName="Microsoft.VisualStudio.TestTools.TestTypes.Unit.UnitTestAdapter" className="MS.TF.WorkItemTracking.Server.L0.Tests.QueryTests.QueryProcessorTests" name="ValidQueryTopPositiveLargerThanServerSetting" />
    </UnitTest>
    <UnitTest name="ValidQueryTopMax" storage="d:\v2.0\a1\_work\dbded102\bin\release.anycpu\tfs.service\ms.tf.workitemtracking.server.l0.tests\ms.tf.workitemtracking.server.l0.tests.dll" id="d2aac943-45f5-eb78-2bb9-084031ff1fd4">
      <Execution id="4629b7dc-36d9-4d6b-aea2-5cfc33a5dfd1" />
      <TestMethod codeBase="D:\v2.0\A1\_work\dbded102\bin\Release.AnyCPU\Tfs.Service\MS.TF.WorkItemTracking.Server.L0.Tests\MS.TF.WorkItemTracking.Server.L0.Tests.dll" adapterTypeName="Microsoft.VisualStudio.TestTools.TestTypes.Unit.UnitTestAdapter" className="MS.TF.WorkItemTracking.Server.L0.Tests.QueryTests.QueryProcessorTests" name="ValidQueryTopMax" />
    </UnitTest>
    <UnitTest name="TestAppendTextCheckPendingReclassificationEquals" storage="d:\v2.0\a1\_work\dbded102\bin\release.anycpu\tfs.service\ms.tf.workitemtracking.server.l0.tests\ms.tf.workitemtracking.server.l0.tests.dll" id="3a816a3c-d015-d516-8bb3-43eaa7336d4d">
      <Execution id="159df32c-84d3-4f17-b7b7-6250f21f89ac" />
      <TestMethod codeBase="D:\v2.0\A1\_work\dbded102\bin\Release.AnyCPU\Tfs.Service\MS.TF.WorkItemTracking.Server.L0.Tests\MS.TF.WorkItemTracking.Server.L0.Tests.dll" adapterTypeName="Microsoft.VisualStudio.TestTools.TestTypes.Unit.UnitTestAdapter" className="MS.TF.WorkItemTracking.Server.L0.Tests.QueryTests.QueryProcessorTests" name="TestAppendTextCheckPendingReclassificationEquals" />
    </UnitTest>
    <UnitTest name="TestAppendTextCheckPendingReclassificationNotEquals" storage="d:\v2.0\a1\_work\dbded102\bin\release.anycpu\tfs.service\ms.tf.workitemtracking.server.l0.tests\ms.tf.workitemtracking.server.l0.tests.dll" id="6b935f09-373e-d29d-842f-0f99d938c6fc">
      <Execution id="85e7c104-63d8-427a-b329-2faccf85835a" />
      <TestMethod codeBase="D:\v2.0\A1\_work\dbded102\bin\Release.AnyCPU\Tfs.Service\MS.TF.WorkItemTracking.Server.L0.Tests\MS.TF.WorkItemTracking.Server.L0.Tests.dll" adapterTypeName="Microsoft.VisualStudio.TestTools.TestTypes.Unit.UnitTestAdapter" className="MS.TF.WorkItemTracking.Server.L0.Tests.QueryTests.QueryProcessorTests" name="TestAppendTextCheckPendingReclassificationNotEquals" />
    </UnitTest>
    <UnitTest name="TestCheckPartitionIdEmbeddedInQuery" storage="d:\v2.0\a1\_work\dbded102\bin\release.anycpu\tfs.service\ms.tf.workitemtracking.server.l0.tests\ms.tf.workitemtracking.server.l0.tests.dll" id="da94d3ac-43af-36eb-6721-d81115d235e8">
      <Execution id="ad8c140f-0c03-4c9a-afef-af150f7a82e1" />
      <TestMethod codeBase="D:\v2.0\A1\_work\dbded102\bin\Release.AnyCPU\Tfs.Service\MS.TF.WorkItemTracking.Server.L0.Tests\MS.TF.WorkItemTracking.Server.L0.Tests.dll" adapterTypeName="Microsoft.VisualStudio.TestTools.TestTypes.Unit.UnitTestAdapter" className="MS.TF.WorkItemTracking.Server.L0.Tests.QueryTests.QueryProcessorTests" name="TestCheckPartitionIdEmbeddedInQuery" />
    </UnitTest>
    <UnitTest name="TestAppendTextCheckPendingReclassificationSameNode" storage="d:\v2.0\a1\_work\dbded102\bin\release.anycpu\tfs.service\ms.tf.workitemtracking.server.l0.tests\ms.tf.workitemtracking.server.l0.tests.dll" id="1458c26e-c9fd-e8bc-f700-0847279f00ac">
      <Execution id="c796ac45-20ea-4e0b-acc4-c8828817f234" />
      <TestMethod codeBase="D:\v2.0\A1\_work\dbded102\bin\Release.AnyCPU\Tfs.Service\MS.TF.WorkItemTracking.Server.L0.Tests\MS.TF.WorkItemTracking.Server.L0.Tests.dll" adapterTypeName="Microsoft.VisualStudio.TestTools.TestTypes.Unit.UnitTestAdapter" className="MS.TF.WorkItemTracking.Server.L0.Tests.QueryTests.QueryProcessorTests" name="TestAppendTextCheckPendingReclassificationSameNode" />
    </UnitTest>
    <UnitTest name="NullRequestContext" storage="d:\v2.0\a1\_work\dbded102\bin\release.anycpu\tfs.service\ms.tf.workitemtracking.server.l0.tests\ms.tf.workitemtracking.server.l0.tests.dll" id="5a9728bd-af80-e3f4-6126-b6c5e4482940">
      <Execution id="f2a72cd7-9dba-4080-ade3-b57e3a2346c5" />
      <TestMethod codeBase="D:\v2.0\A1\_work\dbded102\bin\Release.AnyCPU\Tfs.Service\MS.TF.WorkItemTracking.Server.L0.Tests\MS.TF.WorkItemTracking.Server.L0.Tests.dll" adapterTypeName="Microsoft.VisualStudio.TestTools.TestTypes.Unit.UnitTestAdapter" className="MS.TF.WorkItemTracking.Server.L0.Tests.QueryTests.QueryProcessorTests" name="NullRequestContext" />
    </UnitTest>
    <UnitTest name="SortFieldNull" storage="d:\v2.0\a1\_work\dbded102\bin\release.anycpu\tfs.service\ms.tf.workitemtracking.server.l0.tests\ms.tf.workitemtracking.server.l0.tests.dll" id="c1b55674-3015-ee6b-5f5b-b7e319e9c5b8">
      <Execution id="4126dec2-f31f-4cd1-bb2d-79e752e360b6" />
      <TestMethod codeBase="D:\v2.0\A1\_work\dbded102\bin\Release.AnyCPU\Tfs.Service\MS.TF.WorkItemTracking.Server.L0.Tests\MS.TF.WorkItemTracking.Server.L0.Tests.dll" adapterTypeName="Microsoft.VisualStudio.TestTools.TestTypes.Unit.UnitTestAdapter" className="MS.TF.WorkItemTracking.Server.L0.Tests.QueryTests.QueryProcessorTests" name="SortFieldNull" />
    </UnitTest>
    <UnitTest name="SortFieldWorkItemQueryTableAliasNotLeft" storage="d:\v2.0\a1\_work\dbded102\bin\release.anycpu\tfs.service\ms.tf.workitemtracking.server.l0.tests\ms.tf.workitemtracking.server.l0.tests.dll" id="3f54fc65-b286-07b5-21ff-7be8f5c85307">
      <Execution id="500aa194-9fe1-44f4-8e63-dc0aa92c933d" />
      <TestMethod codeBase="D:\v2.0\A1\_work\dbded102\bin\Release.AnyCPU\Tfs.Service\MS.TF.WorkItemTracking.Server.L0.Tests\MS.TF.WorkItemTracking.Server.L0.Tests.dll" adapterTypeName="Microsoft.VisualStudio.TestTools.TestTypes.Unit.UnitTestAdapter" className="MS.TF.WorkItemTracking.Server.L0.Tests.QueryTests.QueryProcessorTests" name="SortFieldWorkItemQueryTableAliasNotLeft" />
    </UnitTest>
    <UnitTest name="SortFieldTreeQueryTableAliasNotLeft" storage="d:\v2.0\a1\_work\dbded102\bin\release.anycpu\tfs.service\ms.tf.workitemtracking.server.l0.tests\ms.tf.workitemtracking.server.l0.tests.dll" id="10697021-1c24-7ff7-307c-32098d24bb46">
      <Execution id="85302dc1-6900-4f11-90f7-fca3741e1ba6" />
      <TestMethod codeBase="D:\v2.0\A1\_work\dbded102\bin\Release.AnyCPU\Tfs.Service\MS.TF.WorkItemTracking.Server.L0.Tests\MS.TF.WorkItemTracking.Server.L0.Tests.dll" adapterTypeName="Microsoft.VisualStudio.TestTools.TestTypes.Unit.UnitTestAdapter" className="MS.TF.WorkItemTracking.Server.L0.Tests.QueryTests.QueryProcessorTests" name="SortFieldTreeQueryTableAliasNotLeft" />
    </UnitTest>
    <UnitTest name="SortFieldLinkTypeNotTableLink" storage="d:\v2.0\a1\_work\dbded102\bin\release.anycpu\tfs.service\ms.tf.workitemtracking.server.l0.tests\ms.tf.workitemtracking.server.l0.tests.dll" id="49d14824-356f-224c-41eb-7d9cd0714e17">
      <Execution id="fd312911-f151-445a-b6d8-cbbcebcc89fa" />
      <TestMethod codeBase="D:\v2.0\A1\_work\dbded102\bin\Release.AnyCPU\Tfs.Service\MS.TF.WorkItemTracking.Server.L0.Tests\MS.TF.WorkItemTracking.Server.L0.Tests.dll" adapterTypeName="Microsoft.VisualStudio.TestTools.TestTypes.Unit.UnitTestAdapter" className="MS.TF.WorkItemTracking.Server.L0.Tests.QueryTests.QueryProcessorTests" name="SortFieldLinkTypeNotTableLink" />
    </UnitTest>
    <UnitTest name="SortFieldTableLinkNotLinkType" storage="d:\v2.0\a1\_work\dbded102\bin\release.anycpu\tfs.service\ms.tf.workitemtracking.server.l0.tests\ms.tf.workitemtracking.server.l0.tests.dll" id="ae3dc229-2dde-8e9e-48cc-a7dbbadb40d2">
      <Execution id="a0737657-880d-4706-b99e-69b0ac1dcde5" />
      <TestMethod codeBase="D:\v2.0\A1\_work\dbded102\bin\Release.AnyCPU\Tfs.Service\MS.TF.WorkItemTracking.Server.L0.Tests\MS.TF.WorkItemTracking.Server.L0.Tests.dll" adapterTypeName="Microsoft.VisualStudio.TestTools.TestTypes.Unit.UnitTestAdapter" className="MS.TF.WorkItemTracking.Server.L0.Tests.QueryTests.QueryProcessorTests" name="SortFieldTableLinkNotLinkType" />
    </UnitTest>
    <UnitTest name="SortFieldDupe" storage="d:\v2.0\a1\_work\dbded102\bin\release.anycpu\tfs.service\ms.tf.workitemtracking.server.l0.tests\ms.tf.workitemtracking.server.l0.tests.dll" id="9b5d3947-ebb8-fd1a-249d-e0bc2e7da0de">
      <Execution id="bc2ea71a-6f33-45d3-9bdc-2b58318f8a58" />
      <TestMethod codeBase="D:\v2.0\A1\_work\dbded102\bin\Release.AnyCPU\Tfs.Service\MS.TF.WorkItemTracking.Server.L0.Tests\MS.TF.WorkItemTracking.Server.L0.Tests.dll" adapterTypeName="Microsoft.VisualStudio.TestTools.TestTypes.Unit.UnitTestAdapter" className="MS.TF.WorkItemTracking.Server.L0.Tests.QueryTests.QueryProcessorTests" name="SortFieldDupe" />
    </UnitTest>
    <UnitTest name="SortFieldDupeDifferentDescending" storage="d:\v2.0\a1\_work\dbded102\bin\release.anycpu\tfs.service\ms.tf.workitemtracking.server.l0.tests\ms.tf.workitemtracking.server.l0.tests.dll" id="5182a799-6524-38c7-096f-1dddc9c98e72">
      <Execution id="a00aa833-6002-4792-b540-1a15301c4e52" />
      <TestMethod codeBase="D:\v2.0\A1\_work\dbded102\bin\Release.AnyCPU\Tfs.Service\MS.TF.WorkItemTracking.Server.L0.Tests\MS.TF.WorkItemTracking.Server.L0.Tests.dll" adapterTypeName="Microsoft.VisualStudio.TestTools.TestTypes.Unit.UnitTestAdapter" className="MS.TF.WorkItemTracking.Server.L0.Tests.QueryTests.QueryProcessorTests" name="SortFieldDupeDifferentDescending" />
    </UnitTest>
    <UnitTest name="SortFieldNotDupeDifferentTable" storage="d:\v2.0\a1\_work\dbded102\bin\release.anycpu\tfs.service\ms.tf.workitemtracking.server.l0.tests\ms.tf.workitemtracking.server.l0.tests.dll" id="a6f54a8b-b619-b1d7-e05c-6ad99a7e5124">
      <Execution id="819747c0-ce8a-4ac0-b2d8-6bd0064ca282" />
      <TestMethod codeBase="D:\v2.0\A1\_work\dbded102\bin\Release.AnyCPU\Tfs.Service\MS.TF.WorkItemTracking.Server.L0.Tests\MS.TF.WorkItemTracking.Server.L0.Tests.dll" adapterTypeName="Microsoft.VisualStudio.TestTools.TestTypes.Unit.UnitTestAdapter" className="MS.TF.WorkItemTracking.Server.L0.Tests.QueryTests.QueryProcessorTests" name="SortFieldNotDupeDifferentTable" />
    </UnitTest>
    <UnitTest name="AsOfNotUtc" storage="d:\v2.0\a1\_work\dbded102\bin\release.anycpu\tfs.service\ms.tf.workitemtracking.server.l0.tests\ms.tf.workitemtracking.server.l0.tests.dll" id="bcf3d3d4-dfa3-b11e-43d2-55c88c8ec0ca">
      <Execution id="a65ca55c-05d2-4d94-b3bc-3915296b6f1c" />
      <TestMethod codeBase="D:\v2.0\A1\_work\dbded102\bin\Release.AnyCPU\Tfs.Service\MS.TF.WorkItemTracking.Server.L0.Tests\MS.TF.WorkItemTracking.Server.L0.Tests.dll" adapterTypeName="Microsoft.VisualStudio.TestTools.TestTypes.Unit.UnitTestAdapter" className="MS.TF.WorkItemTracking.Server.L0.Tests.QueryTests.QueryProcessorTests" name="AsOfNotUtc" />
    </UnitTest>
    <UnitTest name="AsOfOutofRange" storage="d:\v2.0\a1\_work\dbded102\bin\release.anycpu\tfs.service\ms.tf.workitemtracking.server.l0.tests\ms.tf.workitemtracking.server.l0.tests.dll" id="3d0671cd-c4be-f545-0154-62f69aa8bb1d">
      <Execution id="1f91aa87-c550-46f8-8c65-3f46c54bbf91" />
      <TestMethod codeBase="D:\v2.0\A1\_work\dbded102\bin\Release.AnyCPU\Tfs.Service\MS.TF.WorkItemTracking.Server.L0.Tests\MS.TF.WorkItemTracking.Server.L0.Tests.dll" adapterTypeName="Microsoft.VisualStudio.TestTools.TestTypes.Unit.UnitTestAdapter" className="MS.TF.WorkItemTracking.Server.L0.Tests.QueryTests.QueryProcessorTests" name="AsOfOutofRange" />
    </UnitTest>
    <UnitTest name="InvalidQueryTypeRecursiveDoesNotContain" storage="d:\v2.0\a1\_work\dbded102\bin\release.anycpu\tfs.service\ms.tf.workitemtracking.server.l0.tests\ms.tf.workitemtracking.server.l0.tests.dll" id="fa693faf-9709-443a-745f-b3d8feba4737">
      <Execution id="2326e7b9-1483-485a-a534-095b5030f374" />
      <TestMethod codeBase="D:\v2.0\A1\_work\dbded102\bin\Release.AnyCPU\Tfs.Service\MS.TF.WorkItemTracking.Server.L0.Tests\MS.TF.WorkItemTracking.Server.L0.Tests.dll" adapterTypeName="Microsoft.VisualStudio.TestTools.TestTypes.Unit.UnitTestAdapter" className="MS.TF.WorkItemTracking.Server.L0.Tests.QueryTests.QueryProcessorTests" name="InvalidQueryTypeRecursiveDoesNotContain" />
    </UnitTest>
    <UnitTest name="InvalidQueryTypeRecursiveMustContain" storage="d:\v2.0\a1\_work\dbded102\bin\release.anycpu\tfs.service\ms.tf.workitemtracking.server.l0.tests\ms.tf.workitemtracking.server.l0.tests.dll" id="8ed2f235-8cb3-0ad5-1712-c800d7bcd226">
      <Execution id="c347c87e-031e-4c9d-80cd-0676f6c13299" />
      <TestMethod codeBase="D:\v2.0\A1\_work\dbded102\bin\Release.AnyCPU\Tfs.Service\MS.TF.WorkItemTracking.Server.L0.Tests\MS.TF.WorkItemTracking.Server.L0.Tests.dll" adapterTypeName="Microsoft.VisualStudio.TestTools.TestTypes.Unit.UnitTestAdapter" className="MS.TF.WorkItemTracking.Server.L0.Tests.QueryTests.QueryProcessorTests" name="InvalidQueryTypeRecursiveMustContain" />
    </UnitTest>
    <UnitTest name="LinkTypeNotExist" storage="d:\v2.0\a1\_work\dbded102\bin\release.anycpu\tfs.service\ms.tf.workitemtracking.server.l0.tests\ms.tf.workitemtracking.server.l0.tests.dll" id="51d3f288-7cf1-a48a-8f77-39e8d851990a">
      <Execution id="de97a8a8-36c3-43d2-a87e-67a6b1e05b3f" />
      <TestMethod codeBase="D:\v2.0\A1\_work\dbded102\bin\Release.AnyCPU\Tfs.Service\MS.TF.WorkItemTracking.Server.L0.Tests\MS.TF.WorkItemTracking.Server.L0.Tests.dll" adapterTypeName="Microsoft.VisualStudio.TestTools.TestTypes.Unit.UnitTestAdapter" className="MS.TF.WorkItemTracking.Server.L0.Tests.QueryTests.QueryProcessorTests" name="LinkTypeNotExist" />
    </UnitTest>
    <UnitTest name="InvalidTreeTopology" storage="d:\v2.0\a1\_work\dbded102\bin\release.anycpu\tfs.service\ms.tf.workitemtracking.server.l0.tests\ms.tf.workitemtracking.server.l0.tests.dll" id="65637b77-7b0f-7813-7907-487aaed154a4">
      <Execution id="4bd2d849-fa9f-4905-948f-da85e673e4a8" />
      <TestMethod codeBase="D:\v2.0\A1\_work\dbded102\bin\Release.AnyCPU\Tfs.Service\MS.TF.WorkItemTracking.Server.L0.Tests\MS.TF.WorkItemTracking.Server.L0.Tests.dll" adapterTypeName="Microsoft.VisualStudio.TestTools.TestTypes.Unit.UnitTestAdapter" className="MS.TF.WorkItemTracking.Server.L0.Tests.QueryTests.QueryProcessorTests" name="InvalidTreeTopology" />
    </UnitTest>
    <UnitTest name="RecursionIdNotFarwardId" storage="d:\v2.0\a1\_work\dbded102\bin\release.anycpu\tfs.service\ms.tf.workitemtracking.server.l0.tests\ms.tf.workitemtracking.server.l0.tests.dll" id="c350d705-297c-2f7c-59bd-4b575c87c299">
      <Execution id="e5d986ec-f8fb-4d39-9f50-fc4e1e76675d" />
      <TestMethod codeBase="D:\v2.0\A1\_work\dbded102\bin\Release.AnyCPU\Tfs.Service\MS.TF.WorkItemTracking.Server.L0.Tests\MS.TF.WorkItemTracking.Server.L0.Tests.dll" adapterTypeName="Microsoft.VisualStudio.TestTools.TestTypes.Unit.UnitTestAdapter" className="MS.TF.WorkItemTracking.Server.L0.Tests.QueryTests.QueryProcessorTests" name="RecursionIdNotFarwardId" />
    </UnitTest>
    <UnitTest name="TreeQueryAsOf" storage="d:\v2.0\a1\_work\dbded102\bin\release.anycpu\tfs.service\ms.tf.workitemtracking.server.l0.tests\ms.tf.workitemtracking.server.l0.tests.dll" id="b77993e8-fe1d-c735-81b8-8902db4a2d6f">
      <Execution id="3e29c504-46bd-4a12-9579-283f312fc132" />
      <TestMethod codeBase="D:\v2.0\A1\_work\dbded102\bin\Release.AnyCPU\Tfs.Service\MS.TF.WorkItemTracking.Server.L0.Tests\MS.TF.WorkItemTracking.Server.L0.Tests.dll" adapterTypeName="Microsoft.VisualStudio.TestTools.TestTypes.Unit.UnitTestAdapter" className="MS.TF.WorkItemTracking.Server.L0.Tests.QueryTests.QueryProcessorTests" name="TreeQueryAsOf" />
    </UnitTest>
    <UnitTest name="TreeQueryAsOfDateTimes" storage="d:\v2.0\a1\_work\dbded102\bin\release.anycpu\tfs.service\ms.tf.workitemtracking.server.l0.tests\ms.tf.workitemtracking.server.l0.tests.dll" id="605da42c-5414-51f6-52a7-2cf1e588cf25">
      <Execution id="aabfd145-2f28-4612-b6c8-232f15bf389a" />
      <TestMethod codeBase="D:\v2.0\A1\_work\dbded102\bin\Release.AnyCPU\Tfs.Service\MS.TF.WorkItemTracking.Server.L0.Tests\MS.TF.WorkItemTracking.Server.L0.Tests.dll" adapterTypeName="Microsoft.VisualStudio.TestTools.TestTypes.Unit.UnitTestAdapter" className="MS.TF.WorkItemTracking.Server.L0.Tests.QueryTests.QueryProcessorTests" name="TreeQueryAsOfDateTimes" />
    </UnitTest>
    <UnitTest name="NullField" storage="d:\v2.0\a1\_work\dbded102\bin\release.anycpu\tfs.service\ms.tf.workitemtracking.server.l0.tests\ms.tf.workitemtracking.server.l0.tests.dll" id="11cc8c5c-cc4f-1ef0-a1b4-b29a78196669">
      <Execution id="97a62100-760d-4676-a4f7-0f7c9e545a14" />
      <TestMethod codeBase="D:\v2.0\A1\_work\dbded102\bin\Release.AnyCPU\Tfs.Service\MS.TF.WorkItemTracking.Server.L0.Tests\MS.TF.WorkItemTracking.Server.L0.Tests.dll" adapterTypeName="Microsoft.VisualStudio.TestTools.TestTypes.Unit.UnitTestAdapter" className="MS.TF.WorkItemTracking.Server.L0.Tests.QueryTests.QueryProcessorTests" name="NullField" />
    </UnitTest>
    <UnitTest name="NullValue" storage="d:\v2.0\a1\_work\dbded102\bin\release.anycpu\tfs.service\ms.tf.workitemtracking.server.l0.tests\ms.tf.workitemtracking.server.l0.tests.dll" id="b496a0e5-b2c5-20f1-8b05-eb90dfdf4d5e">
      <Execution id="be30fded-216a-4d63-afbe-b4a0c6335739" />
      <TestMethod codeBase="D:\v2.0\A1\_work\dbded102\bin\Release.AnyCPU\Tfs.Service\MS.TF.WorkItemTracking.Server.L0.Tests\MS.TF.WorkItemTracking.Server.L0.Tests.dll" adapterTypeName="Microsoft.VisualStudio.TestTools.TestTypes.Unit.UnitTestAdapter" className="MS.TF.WorkItemTracking.Server.L0.Tests.QueryTests.QueryProcessorTests" name="NullValue" />
    </UnitTest>
    <UnitTest name="InvalidLinkTypeFieldInNotLinkGroup" storage="d:\v2.0\a1\_work\dbded102\bin\release.anycpu\tfs.service\ms.tf.workitemtracking.server.l0.tests\ms.tf.workitemtracking.server.l0.tests.dll" id="c2979edc-2086-9a44-4a73-45c199cfbe53">
      <Execution id="d0af882c-be14-4191-848e-e5cf41b2bf6d" />
      <TestMethod codeBase="D:\v2.0\A1\_work\dbded102\bin\Release.AnyCPU\Tfs.Service\MS.TF.WorkItemTracking.Server.L0.Tests\MS.TF.WorkItemTracking.Server.L0.Tests.dll" adapterTypeName="Microsoft.VisualStudio.TestTools.TestTypes.Unit.UnitTestAdapter" className="MS.TF.WorkItemTracking.Server.L0.Tests.QueryTests.QueryProcessorTests" name="InvalidLinkTypeFieldInNotLinkGroup" />
    </UnitTest>
    <UnitTest name="InvalidFieldInLinkGroup" storage="d:\v2.0\a1\_work\dbded102\bin\release.anycpu\tfs.service\ms.tf.workitemtracking.server.l0.tests\ms.tf.workitemtracking.server.l0.tests.dll" id="cd154ce7-6e21-f7c4-6e43-bea32106c011">
      <Execution id="ac8f40f7-31e8-4b28-b60e-cde6ad76abb6" />
      <TestMethod codeBase="D:\v2.0\A1\_work\dbded102\bin\Release.AnyCPU\Tfs.Service\MS.TF.WorkItemTracking.Server.L0.Tests\MS.TF.WorkItemTracking.Server.L0.Tests.dll" adapterTypeName="Microsoft.VisualStudio.TestTools.TestTypes.Unit.UnitTestAdapter" className="MS.TF.WorkItemTracking.Server.L0.Tests.QueryTests.QueryProcessorTests" name="InvalidFieldInLinkGroup" />
    </UnitTest>
    <UnitTest name="InvalidExpandConstants" storage="d:\v2.0\a1\_work\dbded102\bin\release.anycpu\tfs.service\ms.tf.workitemtracking.server.l0.tests\ms.tf.workitemtracking.server.l0.tests.dll" id="5ec3f9fa-5e9d-7210-1e93-0d3f75f4f526">
      <Execution id="27e3f923-5ea4-47ed-9e22-e9678cb5bcb8" />
      <TestMethod codeBase="D:\v2.0\A1\_work\dbded102\bin\Release.AnyCPU\Tfs.Service\MS.TF.WorkItemTracking.Server.L0.Tests\MS.TF.WorkItemTracking.Server.L0.Tests.dll" adapterTypeName="Microsoft.VisualStudio.TestTools.TestTypes.Unit.UnitTestAdapter" className="MS.TF.WorkItemTracking.Server.L0.Tests.QueryTests.QueryProcessorTests" name="InvalidExpandConstants" />
    </UnitTest>
    <UnitTest name="InvalidEverContains" storage="d:\v2.0\a1\_work\dbded102\bin\release.anycpu\tfs.service\ms.tf.workitemtracking.server.l0.tests\ms.tf.workitemtracking.server.l0.tests.dll" id="036ce27f-69f0-653b-832c-df9de81fb862">
      <Execution id="288eddbd-463a-4376-812a-452ec0c7aa21" />
      <TestMethod codeBase="D:\v2.0\A1\_work\dbded102\bin\Release.AnyCPU\Tfs.Service\MS.TF.WorkItemTracking.Server.L0.Tests\MS.TF.WorkItemTracking.Server.L0.Tests.dll" adapterTypeName="Microsoft.VisualStudio.TestTools.TestTypes.Unit.UnitTestAdapter" className="MS.TF.WorkItemTracking.Server.L0.Tests.QueryTests.QueryProcessorTests" name="InvalidEverContains" />
    </UnitTest>
    <UnitTest name="InvalidContainsOperatorForField" storage="d:\v2.0\a1\_work\dbded102\bin\release.anycpu\tfs.service\ms.tf.workitemtracking.server.l0.tests\ms.tf.workitemtracking.server.l0.tests.dll" id="3284d3c2-7679-9eb4-bfe8-977b1daab10e">
      <Execution id="e1fd8735-9dbc-4702-835d-5519a969840a" />
      <TestMethod codeBase="D:\v2.0\A1\_work\dbded102\bin\Release.AnyCPU\Tfs.Service\MS.TF.WorkItemTracking.Server.L0.Tests\MS.TF.WorkItemTracking.Server.L0.Tests.dll" adapterTypeName="Microsoft.VisualStudio.TestTools.TestTypes.Unit.UnitTestAdapter" className="MS.TF.WorkItemTracking.Server.L0.Tests.QueryTests.QueryProcessorTests" name="InvalidContainsOperatorForField" />
    </UnitTest>
    <UnitTest name="InvalidLongTextOperation" storage="d:\v2.0\a1\_work\dbded102\bin\release.anycpu\tfs.service\ms.tf.workitemtracking.server.l0.tests\ms.tf.workitemtracking.server.l0.tests.dll" id="0804c8e1-3754-adb7-4a21-311cb60b2ead">
      <Execution id="e4354ac9-7b19-4e92-8106-04257697208c" />
      <TestMethod codeBase="D:\v2.0\A1\_work\dbded102\bin\Release.AnyCPU\Tfs.Service\MS.TF.WorkItemTracking.Server.L0.Tests\MS.TF.WorkItemTracking.Server.L0.Tests.dll" adapterTypeName="Microsoft.VisualStudio.TestTools.TestTypes.Unit.UnitTestAdapter" className="MS.TF.WorkItemTracking.Server.L0.Tests.QueryTests.QueryProcessorTests" name="InvalidLongTextOperation" />
    </UnitTest>
    <UnitTest name="InvalidValieTypeforUnderOperator" storage="d:\v2.0\a1\_work\dbded102\bin\release.anycpu\tfs.service\ms.tf.workitemtracking.server.l0.tests\ms.tf.workitemtracking.server.l0.tests.dll" id="d2c4f2a8-f778-2bc7-5223-fa3e696c74c4">
      <Execution id="801ddaf9-eb26-4137-94a5-d778cec1b8a1" />
      <TestMethod codeBase="D:\v2.0\A1\_work\dbded102\bin\Release.AnyCPU\Tfs.Service\MS.TF.WorkItemTracking.Server.L0.Tests\MS.TF.WorkItemTracking.Server.L0.Tests.dll" adapterTypeName="Microsoft.VisualStudio.TestTools.TestTypes.Unit.UnitTestAdapter" className="MS.TF.WorkItemTracking.Server.L0.Tests.QueryTests.QueryProcessorTests" name="InvalidValieTypeforUnderOperator" />
    </UnitTest>
    <UnitTest name="InvalidContainsValueNotString" storage="d:\v2.0\a1\_work\dbded102\bin\release.anycpu\tfs.service\ms.tf.workitemtracking.server.l0.tests\ms.tf.workitemtracking.server.l0.tests.dll" id="1c99eace-2c6c-c8e0-0513-e1e8f81e2847">
      <Execution id="39ad1c76-1673-4f43-ad0d-2666f88674c4" />
      <TestMethod codeBase="D:\v2.0\A1\_work\dbded102\bin\Release.AnyCPU\Tfs.Service\MS.TF.WorkItemTracking.Server.L0.Tests\MS.TF.WorkItemTracking.Server.L0.Tests.dll" adapterTypeName="Microsoft.VisualStudio.TestTools.TestTypes.Unit.UnitTestAdapter" className="MS.TF.WorkItemTracking.Server.L0.Tests.QueryTests.QueryProcessorTests" name="InvalidContainsValueNotString" />
    </UnitTest>
    <UnitTest name="InvalidContainsStringValueNull" storage="d:\v2.0\a1\_work\dbded102\bin\release.anycpu\tfs.service\ms.tf.workitemtracking.server.l0.tests\ms.tf.workitemtracking.server.l0.tests.dll" id="3fbfae66-8300-514e-4a9d-9e1490232f1e">
      <Execution id="a47db26b-9e70-40c2-9b92-f689eaa4ce79" />
      <TestMethod codeBase="D:\v2.0\A1\_work\dbded102\bin\Release.AnyCPU\Tfs.Service\MS.TF.WorkItemTracking.Server.L0.Tests\MS.TF.WorkItemTracking.Server.L0.Tests.dll" adapterTypeName="Microsoft.VisualStudio.TestTools.TestTypes.Unit.UnitTestAdapter" className="MS.TF.WorkItemTracking.Server.L0.Tests.QueryTests.QueryProcessorTests" name="InvalidContainsStringValueNull" />
    </UnitTest>
    <UnitTest name="InvalidContainsStringValueEmpty" storage="d:\v2.0\a1\_work\dbded102\bin\release.anycpu\tfs.service\ms.tf.workitemtracking.server.l0.tests\ms.tf.workitemtracking.server.l0.tests.dll" id="0a2e68b2-e202-e496-73e8-ae06b07268cc">
      <Execution id="405bdaac-27ad-4291-9d52-b0b7f8b153ae" />
      <TestMethod codeBase="D:\v2.0\A1\_work\dbded102\bin\Release.AnyCPU\Tfs.Service\MS.TF.WorkItemTracking.Server.L0.Tests\MS.TF.WorkItemTracking.Server.L0.Tests.dll" adapterTypeName="Microsoft.VisualStudio.TestTools.TestTypes.Unit.UnitTestAdapter" className="MS.TF.WorkItemTracking.Server.L0.Tests.QueryTests.QueryProcessorTests" name="InvalidContainsStringValueEmpty" />
    </UnitTest>
    <UnitTest name="ValidContainsStringValueEmptyStringField" storage="d:\v2.0\a1\_work\dbded102\bin\release.anycpu\tfs.service\ms.tf.workitemtracking.server.l0.tests\ms.tf.workitemtracking.server.l0.tests.dll" id="b36027ae-21c0-2028-0d45-e0e69954158d">
      <Execution id="47e8bb3b-2b61-4b0f-b157-fdbe9ba0371c" />
      <TestMethod codeBase="D:\v2.0\A1\_work\dbded102\bin\Release.AnyCPU\Tfs.Service\MS.TF.WorkItemTracking.Server.L0.Tests\MS.TF.WorkItemTracking.Server.L0.Tests.dll" adapterTypeName="Microsoft.VisualStudio.TestTools.TestTypes.Unit.UnitTestAdapter" className="MS.TF.WorkItemTracking.Server.L0.Tests.QueryTests.QueryProcessorTests" name="ValidContainsStringValueEmptyStringField" />
    </UnitTest>
    <UnitTest name="InvalidContainsStringValueTooLong" storage="d:\v2.0\a1\_work\dbded102\bin\release.anycpu\tfs.service\ms.tf.workitemtracking.server.l0.tests\ms.tf.workitemtracking.server.l0.tests.dll" id="afd66819-33e5-ec93-71dc-1db4620ca516">
      <Execution id="854a9cd1-0e71-474c-867b-5fe1807694a8" />
      <TestMethod codeBase="D:\v2.0\A1\_work\dbded102\bin\Release.AnyCPU\Tfs.Service\MS.TF.WorkItemTracking.Server.L0.Tests\MS.TF.WorkItemTracking.Server.L0.Tests.dll" adapterTypeName="Microsoft.VisualStudio.TestTools.TestTypes.Unit.UnitTestAdapter" className="MS.TF.WorkItemTracking.Server.L0.Tests.QueryTests.QueryProcessorTests" name="InvalidContainsStringValueTooLong" />
    </UnitTest>
    <UnitTest name="ValidEqualsStringValueWithBraces" storage="d:\v2.0\a1\_work\dbded102\bin\release.anycpu\tfs.service\ms.tf.workitemtracking.server.l0.tests\ms.tf.workitemtracking.server.l0.tests.dll" id="926c0220-c53d-7672-d3d2-31ce9dfb7c7d">
      <Execution id="5b4367a2-5c5f-45a0-994a-3557bc272aaf" />
      <TestMethod codeBase="D:\v2.0\A1\_work\dbded102\bin\Release.AnyCPU\Tfs.Service\MS.TF.WorkItemTracking.Server.L0.Tests\MS.TF.WorkItemTracking.Server.L0.Tests.dll" adapterTypeName="Microsoft.VisualStudio.TestTools.TestTypes.Unit.UnitTestAdapter" className="MS.TF.WorkItemTracking.Server.L0.Tests.QueryTests.QueryProcessorTests" name="ValidEqualsStringValueWithBraces" />
    </UnitTest>
    <UnitTest name="ValidContainsStringValueWithBraces" storage="d:\v2.0\a1\_work\dbded102\bin\release.anycpu\tfs.service\ms.tf.workitemtracking.server.l0.tests\ms.tf.workitemtracking.server.l0.tests.dll" id="12733265-2b7d-c237-de30-abba24d913c3">
      <Execution id="01e1e7b2-cff9-40f4-810f-1d15ae1cec92" />
      <TestMethod codeBase="D:\v2.0\A1\_work\dbded102\bin\Release.AnyCPU\Tfs.Service\MS.TF.WorkItemTracking.Server.L0.Tests\MS.TF.WorkItemTracking.Server.L0.Tests.dll" adapterTypeName="Microsoft.VisualStudio.TestTools.TestTypes.Unit.UnitTestAdapter" className="MS.TF.WorkItemTracking.Server.L0.Tests.QueryTests.QueryProcessorTests" name="ValidContainsStringValueWithBraces" />
    </UnitTest>
    <UnitTest name="ValidContainsLongTextValueWithBraces" storage="d:\v2.0\a1\_work\dbded102\bin\release.anycpu\tfs.service\ms.tf.workitemtracking.server.l0.tests\ms.tf.workitemtracking.server.l0.tests.dll" id="20475238-b981-a68b-554a-e84863b56a8f">
      <Execution id="4fd49d73-21bb-48a2-bf51-9d73231c540a" />
      <TestMethod codeBase="D:\v2.0\A1\_work\dbded102\bin\Release.AnyCPU\Tfs.Service\MS.TF.WorkItemTracking.Server.L0.Tests\MS.TF.WorkItemTracking.Server.L0.Tests.dll" adapterTypeName="Microsoft.VisualStudio.TestTools.TestTypes.Unit.UnitTestAdapter" className="MS.TF.WorkItemTracking.Server.L0.Tests.QueryTests.QueryProcessorTests" name="ValidContainsLongTextValueWithBraces" />
    </UnitTest>
    <UnitTest name="ValidInStringValueWithBraces" storage="d:\v2.0\a1\_work\dbded102\bin\release.anycpu\tfs.service\ms.tf.workitemtracking.server.l0.tests\ms.tf.workitemtracking.server.l0.tests.dll" id="e6262c96-c548-cf06-2326-1fc153c69a8a">
      <Execution id="ac72aa9b-67f6-44ab-b5a2-00b157bca382" />
      <TestMethod codeBase="D:\v2.0\A1\_work\dbded102\bin\Release.AnyCPU\Tfs.Service\MS.TF.WorkItemTracking.Server.L0.Tests\MS.TF.WorkItemTracking.Server.L0.Tests.dll" adapterTypeName="Microsoft.VisualStudio.TestTools.TestTypes.Unit.UnitTestAdapter" className="MS.TF.WorkItemTracking.Server.L0.Tests.QueryTests.QueryProcessorTests" name="ValidInStringValueWithBraces" />
    </UnitTest>
    <UnitTest name="InvalidTagName" storage="d:\v2.0\a1\_work\dbded102\bin\release.anycpu\tfs.service\ms.tf.workitemtracking.server.l0.tests\ms.tf.workitemtracking.server.l0.tests.dll" id="a809f516-248c-d032-4bb7-1a2519e87e5c">
      <Execution id="fcce44d4-356c-4624-b44f-d02e028d37ad" />
      <TestMethod codeBase="D:\v2.0\A1\_work\dbded102\bin\Release.AnyCPU\Tfs.Service\MS.TF.WorkItemTracking.Server.L0.Tests\MS.TF.WorkItemTracking.Server.L0.Tests.dll" adapterTypeName="Microsoft.VisualStudio.TestTools.TestTypes.Unit.UnitTestAdapter" className="MS.TF.WorkItemTracking.Server.L0.Tests.QueryTests.QueryProcessorTests" name="InvalidTagName" />
    </UnitTest>
    <UnitTest name="ValidateLongTextOptimizationEverable" storage="d:\v2.0\a1\_work\dbded102\bin\release.anycpu\tfs.service\ms.tf.workitemtracking.server.l0.tests\ms.tf.workitemtracking.server.l0.tests.dll" id="15c585f4-2ae2-9f85-3808-ab297c3b63f5">
      <Execution id="65ae18d7-b0a2-4912-8a07-f4c8c587e3d2" />
      <TestMethod codeBase="D:\v2.0\A1\_work\dbded102\bin\Release.AnyCPU\Tfs.Service\MS.TF.WorkItemTracking.Server.L0.Tests\MS.TF.WorkItemTracking.Server.L0.Tests.dll" adapterTypeName="Microsoft.VisualStudio.TestTools.TestTypes.Unit.UnitTestAdapter" className="MS.TF.WorkItemTracking.Server.L0.Tests.QueryTests.QueryProcessorTests" name="ValidateLongTextOptimizationEverable" />
    </UnitTest>
    <UnitTest name="ValidateLongTextOptimizationNegated" storage="d:\v2.0\a1\_work\dbded102\bin\release.anycpu\tfs.service\ms.tf.workitemtracking.server.l0.tests\ms.tf.workitemtracking.server.l0.tests.dll" id="599225d3-512c-0a68-111e-8dc88ea17e1d">
      <Execution id="1a133e6d-60fc-4f23-a986-7edaa25a8109" />
      <TestMethod codeBase="D:\v2.0\A1\_work\dbded102\bin\Release.AnyCPU\Tfs.Service\MS.TF.WorkItemTracking.Server.L0.Tests\MS.TF.WorkItemTracking.Server.L0.Tests.dll" adapterTypeName="Microsoft.VisualStudio.TestTools.TestTypes.Unit.UnitTestAdapter" className="MS.TF.WorkItemTracking.Server.L0.Tests.QueryTests.QueryProcessorTests" name="ValidateLongTextOptimizationNegated" />
    </UnitTest>
    <UnitTest name="ValidateLongTextOptimizationContainsNotContainsWords" storage="d:\v2.0\a1\_work\dbded102\bin\release.anycpu\tfs.service\ms.tf.workitemtracking.server.l0.tests\ms.tf.workitemtracking.server.l0.tests.dll" id="a1cd6630-a133-c992-2029-e7b837c8a5b8">
      <Execution id="7e25f4fa-b6ef-4b81-bbb9-5f05999ac42f" />
      <TestMethod codeBase="D:\v2.0\A1\_work\dbded102\bin\Release.AnyCPU\Tfs.Service\MS.TF.WorkItemTracking.Server.L0.Tests\MS.TF.WorkItemTracking.Server.L0.Tests.dll" adapterTypeName="Microsoft.VisualStudio.TestTools.TestTypes.Unit.UnitTestAdapter" className="MS.TF.WorkItemTracking.Server.L0.Tests.QueryTests.QueryProcessorTests" name="ValidateLongTextOptimizationContainsNotContainsWords" />
    </UnitTest>
    <UnitTest name="ValidateLongTextOptimizationContainsNotQueryAsText" storage="d:\v2.0\a1\_work\dbded102\bin\release.anycpu\tfs.service\ms.tf.workitemtracking.server.l0.tests\ms.tf.workitemtracking.server.l0.tests.dll" id="69b1906e-d8de-7174-42e6-f219df039bf0">
      <Execution id="41912e9a-ff8b-496f-92c6-f22cd905d3eb" />
      <TestMethod codeBase="D:\v2.0\A1\_work\dbded102\bin\Release.AnyCPU\Tfs.Service\MS.TF.WorkItemTracking.Server.L0.Tests\MS.TF.WorkItemTracking.Server.L0.Tests.dll" adapterTypeName="Microsoft.VisualStudio.TestTools.TestTypes.Unit.UnitTestAdapter" className="MS.TF.WorkItemTracking.Server.L0.Tests.QueryTests.QueryProcessorTests" name="ValidateLongTextOptimizationContainsNotQueryAsText" />
    </UnitTest>
    <UnitTest name="ValidateLongTextOptimizationContainsFullTextNotEnabled" storage="d:\v2.0\a1\_work\dbded102\bin\release.anycpu\tfs.service\ms.tf.workitemtracking.server.l0.tests\ms.tf.workitemtracking.server.l0.tests.dll" id="520915ae-eab2-18e4-c9c7-eee056ba33b5">
      <Execution id="c958e0f4-7259-4408-9dc7-5a227260a6fa" />
      <TestMethod codeBase="D:\v2.0\A1\_work\dbded102\bin\Release.AnyCPU\Tfs.Service\MS.TF.WorkItemTracking.Server.L0.Tests\MS.TF.WorkItemTracking.Server.L0.Tests.dll" adapterTypeName="Microsoft.VisualStudio.TestTools.TestTypes.Unit.UnitTestAdapter" className="MS.TF.WorkItemTracking.Server.L0.Tests.QueryTests.QueryProcessorTests" name="ValidateLongTextOptimizationContainsFullTextNotEnabled" />
    </UnitTest>
    <UnitTest name="DateTimeValueBecomesUtc" storage="d:\v2.0\a1\_work\dbded102\bin\release.anycpu\tfs.service\ms.tf.workitemtracking.server.l0.tests\ms.tf.workitemtracking.server.l0.tests.dll" id="265a77df-8221-8059-a51e-fc83f43e848f">
      <Execution id="5c617644-9e71-49b8-9843-50cccf13429f" />
      <TestMethod codeBase="D:\v2.0\A1\_work\dbded102\bin\Release.AnyCPU\Tfs.Service\MS.TF.WorkItemTracking.Server.L0.Tests\MS.TF.WorkItemTracking.Server.L0.Tests.dll" adapterTypeName="Microsoft.VisualStudio.TestTools.TestTypes.Unit.UnitTestAdapter" className="MS.TF.WorkItemTracking.Server.L0.Tests.QueryTests.QueryProcessorTests" name="DateTimeValueBecomesUtc" />
    </UnitTest>
    <UnitTest name="InvalidValueDateTimeOurOfRange" storage="d:\v2.0\a1\_work\dbded102\bin\release.anycpu\tfs.service\ms.tf.workitemtracking.server.l0.tests\ms.tf.workitemtracking.server.l0.tests.dll" id="ab697e2c-aec9-6c9f-a286-b6798a93a6fd">
      <Execution id="75a5edf1-42f1-4efb-8272-708a83bb3a16" />
      <TestMethod codeBase="D:\v2.0\A1\_work\dbded102\bin\Release.AnyCPU\Tfs.Service\MS.TF.WorkItemTracking.Server.L0.Tests\MS.TF.WorkItemTracking.Server.L0.Tests.dll" adapterTypeName="Microsoft.VisualStudio.TestTools.TestTypes.Unit.UnitTestAdapter" className="MS.TF.WorkItemTracking.Server.L0.Tests.QueryTests.QueryProcessorTests" name="InvalidValueDateTimeOurOfRange" />
    </UnitTest>
    <UnitTest name="ColumnValueIsNull" storage="d:\v2.0\a1\_work\dbded102\bin\release.anycpu\tfs.service\ms.tf.workitemtracking.server.l0.tests\ms.tf.workitemtracking.server.l0.tests.dll" id="2fa199c1-92c8-ad65-30aa-225806e27e49">
      <Execution id="f81c2bbf-1bc1-4394-91ba-839fd07b8ce6" />
      <TestMethod codeBase="D:\v2.0\A1\_work\dbded102\bin\Release.AnyCPU\Tfs.Service\MS.TF.WorkItemTracking.Server.L0.Tests\MS.TF.WorkItemTracking.Server.L0.Tests.dll" adapterTypeName="Microsoft.VisualStudio.TestTools.TestTypes.Unit.UnitTestAdapter" className="MS.TF.WorkItemTracking.Server.L0.Tests.QueryTests.QueryProcessorTests" name="ColumnValueIsNull" />
    </UnitTest>
    <UnitTest name="ColumnValueFieldIsNull" storage="d:\v2.0\a1\_work\dbded102\bin\release.anycpu\tfs.service\ms.tf.workitemtracking.server.l0.tests\ms.tf.workitemtracking.server.l0.tests.dll" id="34e20121-2af6-6945-9517-33fcdce3a657">
      <Execution id="d2d80fbe-d29e-475a-984b-d9987cdf8e6d" />
      <TestMethod codeBase="D:\v2.0\A1\_work\dbded102\bin\Release.AnyCPU\Tfs.Service\MS.TF.WorkItemTracking.Server.L0.Tests\MS.TF.WorkItemTracking.Server.L0.Tests.dll" adapterTypeName="Microsoft.VisualStudio.TestTools.TestTypes.Unit.UnitTestAdapter" className="MS.TF.WorkItemTracking.Server.L0.Tests.QueryTests.QueryProcessorTests" name="ColumnValueFieldIsNull" />
    </UnitTest>
    <UnitTest name="ColumnValueFieldIsLongText" storage="d:\v2.0\a1\_work\dbded102\bin\release.anycpu\tfs.service\ms.tf.workitemtracking.server.l0.tests\ms.tf.workitemtracking.server.l0.tests.dll" id="34b2ab82-a2d5-86f1-1a3f-1513d346d1d1">
      <Execution id="8e04844a-6980-4e96-b6b0-5ede4a81f722" />
      <TestMethod codeBase="D:\v2.0\A1\_work\dbded102\bin\Release.AnyCPU\Tfs.Service\MS.TF.WorkItemTracking.Server.L0.Tests\MS.TF.WorkItemTracking.Server.L0.Tests.dll" adapterTypeName="Microsoft.VisualStudio.TestTools.TestTypes.Unit.UnitTestAdapter" className="MS.TF.WorkItemTracking.Server.L0.Tests.QueryTests.QueryProcessorTests" name="ColumnValueFieldIsLongText" />
    </UnitTest>
    <UnitTest name="ArrayValueNotInOrTag" storage="d:\v2.0\a1\_work\dbded102\bin\release.anycpu\tfs.service\ms.tf.workitemtracking.server.l0.tests\ms.tf.workitemtracking.server.l0.tests.dll" id="58a08754-d3f9-3581-d8af-12e3cbe8eac9">
      <Execution id="952030e3-e51c-4485-93ed-be4673e631ed" />
      <TestMethod codeBase="D:\v2.0\A1\_work\dbded102\bin\Release.AnyCPU\Tfs.Service\MS.TF.WorkItemTracking.Server.L0.Tests\MS.TF.WorkItemTracking.Server.L0.Tests.dll" adapterTypeName="Microsoft.VisualStudio.TestTools.TestTypes.Unit.UnitTestAdapter" className="MS.TF.WorkItemTracking.Server.L0.Tests.QueryTests.QueryProcessorTests" name="ArrayValueNotInOrTag" />
    </UnitTest>
    <UnitTest name="ArrayValueIsNull" storage="d:\v2.0\a1\_work\dbded102\bin\release.anycpu\tfs.service\ms.tf.workitemtracking.server.l0.tests\ms.tf.workitemtracking.server.l0.tests.dll" id="385bfbab-359c-4fbb-cee6-c2fe868ddeef">
      <Execution id="6053b36e-f751-475b-8181-3616c5885c0d" />
      <TestMethod codeBase="D:\v2.0\A1\_work\dbded102\bin\Release.AnyCPU\Tfs.Service\MS.TF.WorkItemTracking.Server.L0.Tests\MS.TF.WorkItemTracking.Server.L0.Tests.dll" adapterTypeName="Microsoft.VisualStudio.TestTools.TestTypes.Unit.UnitTestAdapter" className="MS.TF.WorkItemTracking.Server.L0.Tests.QueryTests.QueryProcessorTests" name="ArrayValueIsNull" />
    </UnitTest>
    <UnitTest name="ArrayValueIsEmpty" storage="d:\v2.0\a1\_work\dbded102\bin\release.anycpu\tfs.service\ms.tf.workitemtracking.server.l0.tests\ms.tf.workitemtracking.server.l0.tests.dll" id="262bb660-0ace-caa8-60fa-c4225f8bf406">
      <Execution id="fd825761-4858-42c2-9bca-55975da358ec" />
      <TestMethod codeBase="D:\v2.0\A1\_work\dbded102\bin\Release.AnyCPU\Tfs.Service\MS.TF.WorkItemTracking.Server.L0.Tests\MS.TF.WorkItemTracking.Server.L0.Tests.dll" adapterTypeName="Microsoft.VisualStudio.TestTools.TestTypes.Unit.UnitTestAdapter" className="MS.TF.WorkItemTracking.Server.L0.Tests.QueryTests.QueryProcessorTests" name="ArrayValueIsEmpty" />
    </UnitTest>
    <UnitTest name="ArrayValueNested" storage="d:\v2.0\a1\_work\dbded102\bin\release.anycpu\tfs.service\ms.tf.workitemtracking.server.l0.tests\ms.tf.workitemtracking.server.l0.tests.dll" id="b3b7a6fc-026b-a639-84ae-1cbe51ac3c36">
      <Execution id="ada7fe94-5308-4864-8837-f36a0fd5cb41" />
      <TestMethod codeBase="D:\v2.0\A1\_work\dbded102\bin\Release.AnyCPU\Tfs.Service\MS.TF.WorkItemTracking.Server.L0.Tests\MS.TF.WorkItemTracking.Server.L0.Tests.dll" adapterTypeName="Microsoft.VisualStudio.TestTools.TestTypes.Unit.UnitTestAdapter" className="MS.TF.WorkItemTracking.Server.L0.Tests.QueryTests.QueryProcessorTests" name="ArrayValueNested" />
    </UnitTest>
    <UnitTest name="ArrayValueNotSameType" storage="d:\v2.0\a1\_work\dbded102\bin\release.anycpu\tfs.service\ms.tf.workitemtracking.server.l0.tests\ms.tf.workitemtracking.server.l0.tests.dll" id="3bf636c4-0b35-84f1-7dbd-9b81cc1bd6fa">
      <Execution id="6f4de548-a3d7-4e8d-8939-c5a550dd09d8" />
      <TestMethod codeBase="D:\v2.0\A1\_work\dbded102\bin\Release.AnyCPU\Tfs.Service\MS.TF.WorkItemTracking.Server.L0.Tests\MS.TF.WorkItemTracking.Server.L0.Tests.dll" adapterTypeName="Microsoft.VisualStudio.TestTools.TestTypes.Unit.UnitTestAdapter" className="MS.TF.WorkItemTracking.Server.L0.Tests.QueryTests.QueryProcessorTests" name="ArrayValueNotSameType" />
    </UnitTest>
    <UnitTest name="LogicalExpressionNoChild" storage="d:\v2.0\a1\_work\dbded102\bin\release.anycpu\tfs.service\ms.tf.workitemtracking.server.l0.tests\ms.tf.workitemtracking.server.l0.tests.dll" id="24ef3648-9deb-25cd-bbad-1b5db836c824">
      <Execution id="e0fe8418-5f9d-4e8a-87b6-2c00dd3f9b1b" />
      <TestMethod codeBase="D:\v2.0\A1\_work\dbded102\bin\Release.AnyCPU\Tfs.Service\MS.TF.WorkItemTracking.Server.L0.Tests\MS.TF.WorkItemTracking.Server.L0.Tests.dll" adapterTypeName="Microsoft.VisualStudio.TestTools.TestTypes.Unit.UnitTestAdapter" className="MS.TF.WorkItemTracking.Server.L0.Tests.QueryTests.QueryProcessorTests" name="LogicalExpressionNoChild" />
    </UnitTest>
    <UnitTest name="LogicalExpressionNullChild" storage="d:\v2.0\a1\_work\dbded102\bin\release.anycpu\tfs.service\ms.tf.workitemtracking.server.l0.tests\ms.tf.workitemtracking.server.l0.tests.dll" id="9186806c-b188-6f42-65d3-d516f8b40c01">
      <Execution id="bec38c9a-437f-4ee9-9342-720d7781b2af" />
      <TestMethod codeBase="D:\v2.0\A1\_work\dbded102\bin\Release.AnyCPU\Tfs.Service\MS.TF.WorkItemTracking.Server.L0.Tests\MS.TF.WorkItemTracking.Server.L0.Tests.dll" adapterTypeName="Microsoft.VisualStudio.TestTools.TestTypes.Unit.UnitTestAdapter" className="MS.TF.WorkItemTracking.Server.L0.Tests.QueryTests.QueryProcessorTests" name="LogicalExpressionNullChild" />
    </UnitTest>
    <UnitTest name="LogicalExpressionNodeReplaced" storage="d:\v2.0\a1\_work\dbded102\bin\release.anycpu\tfs.service\ms.tf.workitemtracking.server.l0.tests\ms.tf.workitemtracking.server.l0.tests.dll" id="d5899a32-adc6-1efa-957e-8334cec72b28">
      <Execution id="4b60b3e5-d2fb-4f26-8d41-5ee133d0c847" />
      <TestMethod codeBase="D:\v2.0\A1\_work\dbded102\bin\Release.AnyCPU\Tfs.Service\MS.TF.WorkItemTracking.Server.L0.Tests\MS.TF.WorkItemTracking.Server.L0.Tests.dll" adapterTypeName="Microsoft.VisualStudio.TestTools.TestTypes.Unit.UnitTestAdapter" className="MS.TF.WorkItemTracking.Server.L0.Tests.QueryTests.QueryProcessorTests" name="LogicalExpressionNodeReplaced" />
    </UnitTest>
    <UnitTest name="CombineExpressionNodesAnd" storage="d:\v2.0\a1\_work\dbded102\bin\release.anycpu\tfs.service\ms.tf.workitemtracking.server.l0.tests\ms.tf.workitemtracking.server.l0.tests.dll" id="43dd8d28-dadd-9d06-c959-1df67ca43387">
      <Execution id="32c3816f-b25c-4496-a0d6-f495a1f34fc0" />
      <TestMethod codeBase="D:\v2.0\A1\_work\dbded102\bin\Release.AnyCPU\Tfs.Service\MS.TF.WorkItemTracking.Server.L0.Tests\MS.TF.WorkItemTracking.Server.L0.Tests.dll" adapterTypeName="Microsoft.VisualStudio.TestTools.TestTypes.Unit.UnitTestAdapter" className="MS.TF.WorkItemTracking.Server.L0.Tests.QueryTests.QueryProcessorTests" name="CombineExpressionNodesAnd" />
    </UnitTest>
    <UnitTest name="CombineExpressionNodesOr" storage="d:\v2.0\a1\_work\dbded102\bin\release.anycpu\tfs.service\ms.tf.workitemtracking.server.l0.tests\ms.tf.workitemtracking.server.l0.tests.dll" id="592aaf1b-8f00-299a-f61b-ef4350f3907e">
      <Execution id="3ef06bbd-d69d-416d-b967-7a94c28a3fcd" />
      <TestMethod codeBase="D:\v2.0\A1\_work\dbded102\bin\Release.AnyCPU\Tfs.Service\MS.TF.WorkItemTracking.Server.L0.Tests\MS.TF.WorkItemTracking.Server.L0.Tests.dll" adapterTypeName="Microsoft.VisualStudio.TestTools.TestTypes.Unit.UnitTestAdapter" className="MS.TF.WorkItemTracking.Server.L0.Tests.QueryTests.QueryProcessorTests" name="CombineExpressionNodesOr" />
    </UnitTest>
    <UnitTest name="InOperatorDoesNotCombineDifferentField" storage="d:\v2.0\a1\_work\dbded102\bin\release.anycpu\tfs.service\ms.tf.workitemtracking.server.l0.tests\ms.tf.workitemtracking.server.l0.tests.dll" id="b39c1051-89ad-59ba-b934-1d6e290ee52e">
      <Execution id="03688421-7cd0-48ff-9418-bf8c935a32e3" />
      <TestMethod codeBase="D:\v2.0\A1\_work\dbded102\bin\Release.AnyCPU\Tfs.Service\MS.TF.WorkItemTracking.Server.L0.Tests\MS.TF.WorkItemTracking.Server.L0.Tests.dll" adapterTypeName="Microsoft.VisualStudio.TestTools.TestTypes.Unit.UnitTestAdapter" className="MS.TF.WorkItemTracking.Server.L0.Tests.QueryTests.QueryProcessorTests" name="InOperatorDoesNotCombineDifferentField" />
    </UnitTest>
    <UnitTest name="InOperatorDoesNotCombineNotEqual" storage="d:\v2.0\a1\_work\dbded102\bin\release.anycpu\tfs.service\ms.tf.workitemtracking.server.l0.tests\ms.tf.workitemtracking.server.l0.tests.dll" id="fda34ce0-3f6d-ec08-9e90-570c7f4fc990">
      <Execution id="cda911d9-358f-4bb9-ae25-bc6095d345c0" />
      <TestMethod codeBase="D:\v2.0\A1\_work\dbded102\bin\Release.AnyCPU\Tfs.Service\MS.TF.WorkItemTracking.Server.L0.Tests\MS.TF.WorkItemTracking.Server.L0.Tests.dll" adapterTypeName="Microsoft.VisualStudio.TestTools.TestTypes.Unit.UnitTestAdapter" className="MS.TF.WorkItemTracking.Server.L0.Tests.QueryTests.QueryProcessorTests" name="InOperatorDoesNotCombineNotEqual" />
    </UnitTest>
    <UnitTest name="InOperatorDoesNotCombineTreeField" storage="d:\v2.0\a1\_work\dbded102\bin\release.anycpu\tfs.service\ms.tf.workitemtracking.server.l0.tests\ms.tf.workitemtracking.server.l0.tests.dll" id="58194921-091b-1207-a8ec-b526c2b4dcba">
      <Execution id="58d1b37e-588d-4250-8299-2592388402d1" />
      <TestMethod codeBase="D:\v2.0\A1\_work\dbded102\bin\Release.AnyCPU\Tfs.Service\MS.TF.WorkItemTracking.Server.L0.Tests\MS.TF.WorkItemTracking.Server.L0.Tests.dll" adapterTypeName="Microsoft.VisualStudio.TestTools.TestTypes.Unit.UnitTestAdapter" className="MS.TF.WorkItemTracking.Server.L0.Tests.QueryTests.QueryProcessorTests" name="InOperatorDoesNotCombineTreeField" />
    </UnitTest>
    <UnitTest name="InOperatorDoesNotCombineExpandConstant" storage="d:\v2.0\a1\_work\dbded102\bin\release.anycpu\tfs.service\ms.tf.workitemtracking.server.l0.tests\ms.tf.workitemtracking.server.l0.tests.dll" id="38364d29-c89f-e7d3-0878-1e519f663add">
      <Execution id="12005768-0c45-479d-9b9c-e262da00accd" />
      <TestMethod codeBase="D:\v2.0\A1\_work\dbded102\bin\Release.AnyCPU\Tfs.Service\MS.TF.WorkItemTracking.Server.L0.Tests\MS.TF.WorkItemTracking.Server.L0.Tests.dll" adapterTypeName="Microsoft.VisualStudio.TestTools.TestTypes.Unit.UnitTestAdapter" className="MS.TF.WorkItemTracking.Server.L0.Tests.QueryTests.QueryProcessorTests" name="InOperatorDoesNotCombineExpandConstant" />
    </UnitTest>
    <UnitTest name="InOperatorDoesNotCombineColumnValue" storage="d:\v2.0\a1\_work\dbded102\bin\release.anycpu\tfs.service\ms.tf.workitemtracking.server.l0.tests\ms.tf.workitemtracking.server.l0.tests.dll" id="f52a05bc-f00f-c791-808b-67f9b31b97ae">
      <Execution id="b89526d8-bd88-46f4-8baf-dbcb065e6694" />
      <TestMethod codeBase="D:\v2.0\A1\_work\dbded102\bin\Release.AnyCPU\Tfs.Service\MS.TF.WorkItemTracking.Server.L0.Tests\MS.TF.WorkItemTracking.Server.L0.Tests.dll" adapterTypeName="Microsoft.VisualStudio.TestTools.TestTypes.Unit.UnitTestAdapter" className="MS.TF.WorkItemTracking.Server.L0.Tests.QueryTests.QueryProcessorTests" name="InOperatorDoesNotCombineColumnValue" />
    </UnitTest>
    <UnitTest name="InOperatorDoesNotCombineDifferentValueType" storage="d:\v2.0\a1\_work\dbded102\bin\release.anycpu\tfs.service\ms.tf.workitemtracking.server.l0.tests\ms.tf.workitemtracking.server.l0.tests.dll" id="4e2b47a2-5266-4356-7198-b44860455fc6">
      <Execution id="a374f6ea-1e56-481b-9250-ffdbf8fbc0bf" />
      <TestMethod codeBase="D:\v2.0\A1\_work\dbded102\bin\Release.AnyCPU\Tfs.Service\MS.TF.WorkItemTracking.Server.L0.Tests\MS.TF.WorkItemTracking.Server.L0.Tests.dll" adapterTypeName="Microsoft.VisualStudio.TestTools.TestTypes.Unit.UnitTestAdapter" className="MS.TF.WorkItemTracking.Server.L0.Tests.QueryTests.QueryProcessorTests" name="InOperatorDoesNotCombineDifferentValueType" />
    </UnitTest>
    <UnitTest name="InOperatorCombineSameField" storage="d:\v2.0\a1\_work\dbded102\bin\release.anycpu\tfs.service\ms.tf.workitemtracking.server.l0.tests\ms.tf.workitemtracking.server.l0.tests.dll" id="129d0820-f004-8a25-7950-5c9903b96eaa">
      <Execution id="eee34cad-40e1-42b0-b1f8-f6626646af4b" />
      <TestMethod codeBase="D:\v2.0\A1\_work\dbded102\bin\Release.AnyCPU\Tfs.Service\MS.TF.WorkItemTracking.Server.L0.Tests\MS.TF.WorkItemTracking.Server.L0.Tests.dll" adapterTypeName="Microsoft.VisualStudio.TestTools.TestTypes.Unit.UnitTestAdapter" className="MS.TF.WorkItemTracking.Server.L0.Tests.QueryTests.QueryProcessorTests" name="InOperatorCombineSameField" />
    </UnitTest>
    <UnitTest name="InOperatorCombineLongText" storage="d:\v2.0\a1\_work\dbded102\bin\release.anycpu\tfs.service\ms.tf.workitemtracking.server.l0.tests\ms.tf.workitemtracking.server.l0.tests.dll" id="a1c2e1ca-9e38-844e-fd74-30c0c3f3f5a9">
      <Execution id="11e210ee-228a-4cf7-8f61-8f501d00adb3" />
      <TestMethod codeBase="D:\v2.0\A1\_work\dbded102\bin\Release.AnyCPU\Tfs.Service\MS.TF.WorkItemTracking.Server.L0.Tests\MS.TF.WorkItemTracking.Server.L0.Tests.dll" adapterTypeName="Microsoft.VisualStudio.TestTools.TestTypes.Unit.UnitTestAdapter" className="MS.TF.WorkItemTracking.Server.L0.Tests.QueryTests.QueryProcessorTests" name="InOperatorCombineLongText" />
    </UnitTest>
    <UnitTest name="InOperatorDoesNotCombineLongTextDifferentValue" storage="d:\v2.0\a1\_work\dbded102\bin\release.anycpu\tfs.service\ms.tf.workitemtracking.server.l0.tests\ms.tf.workitemtracking.server.l0.tests.dll" id="20793617-ebda-20ce-9f18-4068a1fd33d0">
      <Execution id="5fc09565-06b6-419a-b93a-0b24f0c67b8d" />
      <TestMethod codeBase="D:\v2.0\A1\_work\dbded102\bin\Release.AnyCPU\Tfs.Service\MS.TF.WorkItemTracking.Server.L0.Tests\MS.TF.WorkItemTracking.Server.L0.Tests.dll" adapterTypeName="Microsoft.VisualStudio.TestTools.TestTypes.Unit.UnitTestAdapter" className="MS.TF.WorkItemTracking.Server.L0.Tests.QueryTests.QueryProcessorTests" name="InOperatorDoesNotCombineLongTextDifferentValue" />
    </UnitTest>
    <UnitTest name="InOperatorCombineTag" storage="d:\v2.0\a1\_work\dbded102\bin\release.anycpu\tfs.service\ms.tf.workitemtracking.server.l0.tests\ms.tf.workitemtracking.server.l0.tests.dll" id="55c44cce-b6ce-be80-d72e-7ace7fa3dcfc">
      <Execution id="eb91a2f5-3e4c-4186-b4f6-065388730330" />
      <TestMethod codeBase="D:\v2.0\A1\_work\dbded102\bin\Release.AnyCPU\Tfs.Service\MS.TF.WorkItemTracking.Server.L0.Tests\MS.TF.WorkItemTracking.Server.L0.Tests.dll" adapterTypeName="Microsoft.VisualStudio.TestTools.TestTypes.Unit.UnitTestAdapter" className="MS.TF.WorkItemTracking.Server.L0.Tests.QueryTests.QueryProcessorTests" name="InOperatorCombineTag" />
    </UnitTest>
    <UnitTest name="OperatorAnd" storage="d:\v2.0\a1\_work\dbded102\bin\release.anycpu\tfs.service\ms.tf.workitemtracking.server.l0.tests\ms.tf.workitemtracking.server.l0.tests.dll" id="6a63e058-f4ef-58a5-eef9-93bdd21e0466">
      <Execution id="da906dfd-7f0c-470c-bff3-a733ca84e115" />
      <TestMethod codeBase="D:\v2.0\A1\_work\dbded102\bin\Release.AnyCPU\Tfs.Service\MS.TF.WorkItemTracking.Server.L0.Tests\MS.TF.WorkItemTracking.Server.L0.Tests.dll" adapterTypeName="Microsoft.VisualStudio.TestTools.TestTypes.Unit.UnitTestAdapter" className="MS.TF.WorkItemTracking.Server.L0.Tests.QueryTests.QueryProcessorTests" name="OperatorAnd" />
    </UnitTest>
    <UnitTest name="OperatorOr" storage="d:\v2.0\a1\_work\dbded102\bin\release.anycpu\tfs.service\ms.tf.workitemtracking.server.l0.tests\ms.tf.workitemtracking.server.l0.tests.dll" id="c97eaba9-12bb-46b9-db0c-362a786b9226">
      <Execution id="dae15e3a-5bab-4411-bdef-9be75da38cd0" />
      <TestMethod codeBase="D:\v2.0\A1\_work\dbded102\bin\Release.AnyCPU\Tfs.Service\MS.TF.WorkItemTracking.Server.L0.Tests\MS.TF.WorkItemTracking.Server.L0.Tests.dll" adapterTypeName="Microsoft.VisualStudio.TestTools.TestTypes.Unit.UnitTestAdapter" className="MS.TF.WorkItemTracking.Server.L0.Tests.QueryTests.QueryProcessorTests" name="OperatorOr" />
    </UnitTest>
    <UnitTest name="OperatorEquals" storage="d:\v2.0\a1\_work\dbded102\bin\release.anycpu\tfs.service\ms.tf.workitemtracking.server.l0.tests\ms.tf.workitemtracking.server.l0.tests.dll" id="e362e8fa-cf9e-955f-688c-8f283ccf460d">
      <Execution id="5476b8d7-857a-45fe-9f6a-1c95a537de4d" />
      <TestMethod codeBase="D:\v2.0\A1\_work\dbded102\bin\Release.AnyCPU\Tfs.Service\MS.TF.WorkItemTracking.Server.L0.Tests\MS.TF.WorkItemTracking.Server.L0.Tests.dll" adapterTypeName="Microsoft.VisualStudio.TestTools.TestTypes.Unit.UnitTestAdapter" className="MS.TF.WorkItemTracking.Server.L0.Tests.QueryTests.QueryProcessorTests" name="OperatorEquals" />
    </UnitTest>
    <UnitTest name="InGroupCoreFieldNotPersonField" storage="d:\v2.0\a1\_work\dbded102\bin\release.anycpu\tfs.service\ms.tf.workitemtracking.server.l0.tests\ms.tf.workitemtracking.server.l0.tests.dll" id="387ff50d-7ea4-cfd3-b5ee-24ef5a71e51b">
      <Execution id="68bcc820-04d4-4d1e-8e32-0b98cf0bc065" />
      <TestMethod codeBase="D:\v2.0\A1\_work\dbded102\bin\Release.AnyCPU\Tfs.Service\MS.TF.WorkItemTracking.Server.L0.Tests\MS.TF.WorkItemTracking.Server.L0.Tests.dll" adapterTypeName="Microsoft.VisualStudio.TestTools.TestTypes.Unit.UnitTestAdapter" className="MS.TF.WorkItemTracking.Server.L0.Tests.QueryTests.QueryProcessorTests" name="InGroupCoreFieldNotPersonField" />
    </UnitTest>
    <UnitTest name="InGroupCoreFieldPersonField" storage="d:\v2.0\a1\_work\dbded102\bin\release.anycpu\tfs.service\ms.tf.workitemtracking.server.l0.tests\ms.tf.workitemtracking.server.l0.tests.dll" id="237e5420-377c-97f9-ca53-2f50072fe88a">
      <Execution id="2eb84130-be2b-4d68-816f-57c5fd662890" />
      <TestMethod codeBase="D:\v2.0\A1\_work\dbded102\bin\Release.AnyCPU\Tfs.Service\MS.TF.WorkItemTracking.Server.L0.Tests\MS.TF.WorkItemTracking.Server.L0.Tests.dll" adapterTypeName="Microsoft.VisualStudio.TestTools.TestTypes.Unit.UnitTestAdapter" className="MS.TF.WorkItemTracking.Server.L0.Tests.QueryTests.QueryProcessorTests" name="InGroupCoreFieldPersonField" />
    </UnitTest>
    <UnitTest name="InGroupCoreFieldIdentityFieldWithAadEnabled" storage="d:\v2.0\a1\_work\dbded102\bin\release.anycpu\tfs.service\ms.tf.workitemtracking.server.l0.tests\ms.tf.workitemtracking.server.l0.tests.dll" id="793de283-9b58-b425-3911-130a4aee4721">
      <Execution id="26d045ed-a231-4046-9856-f407e2415b1c" />
      <TestMethod codeBase="D:\v2.0\A1\_work\dbded102\bin\Release.AnyCPU\Tfs.Service\MS.TF.WorkItemTracking.Server.L0.Tests\MS.TF.WorkItemTracking.Server.L0.Tests.dll" adapterTypeName="Microsoft.VisualStudio.TestTools.TestTypes.Unit.UnitTestAdapter" className="MS.TF.WorkItemTracking.Server.L0.Tests.QueryTests.QueryProcessorTests" name="InGroupCoreFieldIdentityFieldWithAadEnabled" />
    </UnitTest>
    <UnitTest name="InGroupCustomFieldNotPersonField" storage="d:\v2.0\a1\_work\dbded102\bin\release.anycpu\tfs.service\ms.tf.workitemtracking.server.l0.tests\ms.tf.workitemtracking.server.l0.tests.dll" id="72cafa6a-2a0e-33dd-b970-b28dde18d196">
      <Execution id="4a813788-3e87-43c7-8cac-0841a4bcfddb" />
      <TestMethod codeBase="D:\v2.0\A1\_work\dbded102\bin\Release.AnyCPU\Tfs.Service\MS.TF.WorkItemTracking.Server.L0.Tests\MS.TF.WorkItemTracking.Server.L0.Tests.dll" adapterTypeName="Microsoft.VisualStudio.TestTools.TestTypes.Unit.UnitTestAdapter" className="MS.TF.WorkItemTracking.Server.L0.Tests.QueryTests.QueryProcessorTests" name="InGroupCustomFieldNotPersonField" />
    </UnitTest>
    <UnitTest name="InGroupCustomFieldPersonField" storage="d:\v2.0\a1\_work\dbded102\bin\release.anycpu\tfs.service\ms.tf.workitemtracking.server.l0.tests\ms.tf.workitemtracking.server.l0.tests.dll" id="eff70d64-25d1-9d62-90f9-3b21b14b518c">
      <Execution id="c1127a3f-95c2-4f59-838d-bd1a9eedbfe6" />
      <TestMethod codeBase="D:\v2.0\A1\_work\dbded102\bin\Release.AnyCPU\Tfs.Service\MS.TF.WorkItemTracking.Server.L0.Tests\MS.TF.WorkItemTracking.Server.L0.Tests.dll" adapterTypeName="Microsoft.VisualStudio.TestTools.TestTypes.Unit.UnitTestAdapter" className="MS.TF.WorkItemTracking.Server.L0.Tests.QueryTests.QueryProcessorTests" name="InGroupCustomFieldPersonField" />
    </UnitTest>
    <UnitTest name="InGroupCustomFieldIdentityFieldWithAadEnabled" storage="d:\v2.0\a1\_work\dbded102\bin\release.anycpu\tfs.service\ms.tf.workitemtracking.server.l0.tests\ms.tf.workitemtracking.server.l0.tests.dll" id="1f247542-62a2-5efe-6eda-05377d64b6c2">
      <Execution id="ef7bd87c-2c08-4114-851a-ba5651e0d4ab" />
      <TestMethod codeBase="D:\v2.0\A1\_work\dbded102\bin\Release.AnyCPU\Tfs.Service\MS.TF.WorkItemTracking.Server.L0.Tests\MS.TF.WorkItemTracking.Server.L0.Tests.dll" adapterTypeName="Microsoft.VisualStudio.TestTools.TestTypes.Unit.UnitTestAdapter" className="MS.TF.WorkItemTracking.Server.L0.Tests.QueryTests.QueryProcessorTests" name="InGroupCustomFieldIdentityFieldWithAadEnabled" />
    </UnitTest>
    <UnitTest name="InGroupWorkItemType" storage="d:\v2.0\a1\_work\dbded102\bin\release.anycpu\tfs.service\ms.tf.workitemtracking.server.l0.tests\ms.tf.workitemtracking.server.l0.tests.dll" id="524d03e7-28a8-977c-a65a-481f21dfa76b">
      <Execution id="738ad864-6cca-4607-80e1-8496976123d5" />
      <TestMethod codeBase="D:\v2.0\A1\_work\dbded102\bin\Release.AnyCPU\Tfs.Service\MS.TF.WorkItemTracking.Server.L0.Tests\MS.TF.WorkItemTracking.Server.L0.Tests.dll" adapterTypeName="Microsoft.VisualStudio.TestTools.TestTypes.Unit.UnitTestAdapter" className="MS.TF.WorkItemTracking.Server.L0.Tests.QueryTests.QueryProcessorTests" name="InGroupWorkItemType" />
    </UnitTest>
    <UnitTest name="OperatorInBelowThresholdCoreNotPersonField" storage="d:\v2.0\a1\_work\dbded102\bin\release.anycpu\tfs.service\ms.tf.workitemtracking.server.l0.tests\ms.tf.workitemtracking.server.l0.tests.dll" id="d2dff9fb-428a-37d6-0686-eb8228d11a57">
      <Execution id="e10250bd-c8ef-4a3b-8be9-e4208e5a93b7" />
      <TestMethod codeBase="D:\v2.0\A1\_work\dbded102\bin\Release.AnyCPU\Tfs.Service\MS.TF.WorkItemTracking.Server.L0.Tests\MS.TF.WorkItemTracking.Server.L0.Tests.dll" adapterTypeName="Microsoft.VisualStudio.TestTools.TestTypes.Unit.UnitTestAdapter" className="MS.TF.WorkItemTracking.Server.L0.Tests.QueryTests.QueryProcessorTests" name="OperatorInBelowThresholdCoreNotPersonField" />
    </UnitTest>
    <UnitTest name="OperatorInBelowThresholdCorePersonField" storage="d:\v2.0\a1\_work\dbded102\bin\release.anycpu\tfs.service\ms.tf.workitemtracking.server.l0.tests\ms.tf.workitemtracking.server.l0.tests.dll" id="8e974cd1-7f06-1a13-56bf-36d678780f75">
      <Execution id="556719eb-f2d1-46b2-acc0-eaa277f0a5c3" />
      <TestMethod codeBase="D:\v2.0\A1\_work\dbded102\bin\Release.AnyCPU\Tfs.Service\MS.TF.WorkItemTracking.Server.L0.Tests\MS.TF.WorkItemTracking.Server.L0.Tests.dll" adapterTypeName="Microsoft.VisualStudio.TestTools.TestTypes.Unit.UnitTestAdapter" className="MS.TF.WorkItemTracking.Server.L0.Tests.QueryTests.QueryProcessorTests" name="OperatorInBelowThresholdCorePersonField" />
    </UnitTest>
    <UnitTest name="OperatorInBelowThresholdCustomNotPersonField" storage="d:\v2.0\a1\_work\dbded102\bin\release.anycpu\tfs.service\ms.tf.workitemtracking.server.l0.tests\ms.tf.workitemtracking.server.l0.tests.dll" id="91c078d1-b6ae-6992-897c-4ebeb646a758">
      <Execution id="0b8b42d1-c996-4d8c-bbc4-4755117d6ada" />
      <TestMethod codeBase="D:\v2.0\A1\_work\dbded102\bin\Release.AnyCPU\Tfs.Service\MS.TF.WorkItemTracking.Server.L0.Tests\MS.TF.WorkItemTracking.Server.L0.Tests.dll" adapterTypeName="Microsoft.VisualStudio.TestTools.TestTypes.Unit.UnitTestAdapter" className="MS.TF.WorkItemTracking.Server.L0.Tests.QueryTests.QueryProcessorTests" name="OperatorInBelowThresholdCustomNotPersonField" />
    </UnitTest>
    <UnitTest name="OperatorInBelowThresholdCustomPersonField" storage="d:\v2.0\a1\_work\dbded102\bin\release.anycpu\tfs.service\ms.tf.workitemtracking.server.l0.tests\ms.tf.workitemtracking.server.l0.tests.dll" id="0962399e-6722-6bd6-9f0a-8f67cd62c16f">
      <Execution id="44b8adab-e5fb-476a-8e42-4e54096ab665" />
      <TestMethod codeBase="D:\v2.0\A1\_work\dbded102\bin\Release.AnyCPU\Tfs.Service\MS.TF.WorkItemTracking.Server.L0.Tests\MS.TF.WorkItemTracking.Server.L0.Tests.dll" adapterTypeName="Microsoft.VisualStudio.TestTools.TestTypes.Unit.UnitTestAdapter" className="MS.TF.WorkItemTracking.Server.L0.Tests.QueryTests.QueryProcessorTests" name="OperatorInBelowThresholdCustomPersonField" />
    </UnitTest>
    <UnitTest name="OperatorInAboveThresholdCoreNotPersonField" storage="d:\v2.0\a1\_work\dbded102\bin\release.anycpu\tfs.service\ms.tf.workitemtracking.server.l0.tests\ms.tf.workitemtracking.server.l0.tests.dll" id="4c0d42ce-66ce-2050-8c10-b63719874b75">
      <Execution id="1580b5d7-107c-4891-a6c2-b8732c77e35f" />
      <TestMethod codeBase="D:\v2.0\A1\_work\dbded102\bin\Release.AnyCPU\Tfs.Service\MS.TF.WorkItemTracking.Server.L0.Tests\MS.TF.WorkItemTracking.Server.L0.Tests.dll" adapterTypeName="Microsoft.VisualStudio.TestTools.TestTypes.Unit.UnitTestAdapter" className="MS.TF.WorkItemTracking.Server.L0.Tests.QueryTests.QueryProcessorTests" name="OperatorInAboveThresholdCoreNotPersonField" />
    </UnitTest>
    <UnitTest name="OperatorInAboveThresholdCorePersonField" storage="d:\v2.0\a1\_work\dbded102\bin\release.anycpu\tfs.service\ms.tf.workitemtracking.server.l0.tests\ms.tf.workitemtracking.server.l0.tests.dll" id="e696796f-4c0f-9654-b634-48c9fdad90be">
      <Execution id="294015f0-132c-454f-a37e-c407c336d5cc" />
      <TestMethod codeBase="D:\v2.0\A1\_work\dbded102\bin\Release.AnyCPU\Tfs.Service\MS.TF.WorkItemTracking.Server.L0.Tests\MS.TF.WorkItemTracking.Server.L0.Tests.dll" adapterTypeName="Microsoft.VisualStudio.TestTools.TestTypes.Unit.UnitTestAdapter" className="MS.TF.WorkItemTracking.Server.L0.Tests.QueryTests.QueryProcessorTests" name="OperatorInAboveThresholdCorePersonField" />
    </UnitTest>
    <UnitTest name="OperatorInAboveThresholdCustomNotPersonField" storage="d:\v2.0\a1\_work\dbded102\bin\release.anycpu\tfs.service\ms.tf.workitemtracking.server.l0.tests\ms.tf.workitemtracking.server.l0.tests.dll" id="303a79e7-1c75-c596-8142-fc0f7f6f2b73">
      <Execution id="7ec40d20-332b-44ed-b621-8d4233f3ed79" />
      <TestMethod codeBase="D:\v2.0\A1\_work\dbded102\bin\Release.AnyCPU\Tfs.Service\MS.TF.WorkItemTracking.Server.L0.Tests\MS.TF.WorkItemTracking.Server.L0.Tests.dll" adapterTypeName="Microsoft.VisualStudio.TestTools.TestTypes.Unit.UnitTestAdapter" className="MS.TF.WorkItemTracking.Server.L0.Tests.QueryTests.QueryProcessorTests" name="OperatorInAboveThresholdCustomNotPersonField" />
    </UnitTest>
    <UnitTest name="OperatorInAboveThresholdCustomPersonField" storage="d:\v2.0\a1\_work\dbded102\bin\release.anycpu\tfs.service\ms.tf.workitemtracking.server.l0.tests\ms.tf.workitemtracking.server.l0.tests.dll" id="bc48c99d-7aaa-a497-b673-74b7d1729546">
      <Execution id="a478e2f5-ea85-45c8-8fbb-85d34fa3d396" />
      <TestMethod codeBase="D:\v2.0\A1\_work\dbded102\bin\Release.AnyCPU\Tfs.Service\MS.TF.WorkItemTracking.Server.L0.Tests\MS.TF.WorkItemTracking.Server.L0.Tests.dll" adapterTypeName="Microsoft.VisualStudio.TestTools.TestTypes.Unit.UnitTestAdapter" className="MS.TF.WorkItemTracking.Server.L0.Tests.QueryTests.QueryProcessorTests" name="OperatorInAboveThresholdCustomPersonField" />
    </UnitTest>
    <UnitTest name="QueryItemSnapshot_InitializationTest" storage="d:\v2.0\a1\_work\dbded102\bin\release.anycpu\tfs.service\ms.tf.workitemtracking.server.l0.tests\ms.tf.workitemtracking.server.l0.tests.dll" id="114c5e1e-5124-6282-0c19-a72778d882e8">
      <Execution id="12b84f08-6c3c-40c8-ad4f-f04d27b8b4e7" />
      <TestMethod codeBase="D:\v2.0\A1\_work\dbded102\bin\Release.AnyCPU\Tfs.Service\MS.TF.WorkItemTracking.Server.L0.Tests\MS.TF.WorkItemTracking.Server.L0.Tests.dll" adapterTypeName="Microsoft.VisualStudio.TestTools.TestTypes.Unit.UnitTestAdapter" className="MS.TF.WorkItemTracking.Server.L0.Tests.QueryItems.QueryItemSnapshotTests" name="QueryItemSnapshot_InitializationTest" />
    </UnitTest>
    <UnitTest name="QueryItemSnapshot_MergeTest" storage="d:\v2.0\a1\_work\dbded102\bin\release.anycpu\tfs.service\ms.tf.workitemtracking.server.l0.tests\ms.tf.workitemtracking.server.l0.tests.dll" id="499bc8c1-f0e5-839f-24c1-e257911143b4">
      <Execution id="e25a521f-ec37-4b6e-b32f-f0c318668aa1" />
      <TestMethod codeBase="D:\v2.0\A1\_work\dbded102\bin\Release.AnyCPU\Tfs.Service\MS.TF.WorkItemTracking.Server.L0.Tests\MS.TF.WorkItemTracking.Server.L0.Tests.dll" adapterTypeName="Microsoft.VisualStudio.TestTools.TestTypes.Unit.UnitTestAdapter" className="MS.TF.WorkItemTracking.Server.L0.Tests.QueryItems.QueryItemSnapshotTests" name="QueryItemSnapshot_MergeTest" />
    </UnitTest>
    <UnitTest name="QueryItemSnapshot_MergeReparentTest" storage="d:\v2.0\a1\_work\dbded102\bin\release.anycpu\tfs.service\ms.tf.workitemtracking.server.l0.tests\ms.tf.workitemtracking.server.l0.tests.dll" id="2999e951-18c2-db03-157f-a9ea26d3eb86">
      <Execution id="eb0bce04-337b-4e05-8991-4435aa215d64" />
      <TestMethod codeBase="D:\v2.0\A1\_work\dbded102\bin\Release.AnyCPU\Tfs.Service\MS.TF.WorkItemTracking.Server.L0.Tests\MS.TF.WorkItemTracking.Server.L0.Tests.dll" adapterTypeName="Microsoft.VisualStudio.TestTools.TestTypes.Unit.UnitTestAdapter" className="MS.TF.WorkItemTracking.Server.L0.Tests.QueryItems.QueryItemSnapshotTests" name="QueryItemSnapshot_MergeReparentTest" />
    </UnitTest>
    <UnitTest name="QueryItemSnapshot_DeleteAndReparentTest" storage="d:\v2.0\a1\_work\dbded102\bin\release.anycpu\tfs.service\ms.tf.workitemtracking.server.l0.tests\ms.tf.workitemtracking.server.l0.tests.dll" id="0ca2bc0b-3974-208e-2652-c755bceee2a6">
      <Execution id="99ea6fd2-2190-492d-be2a-28324d2755d6" />
      <TestMethod codeBase="D:\v2.0\A1\_work\dbded102\bin\Release.AnyCPU\Tfs.Service\MS.TF.WorkItemTracking.Server.L0.Tests\MS.TF.WorkItemTracking.Server.L0.Tests.dll" adapterTypeName="Microsoft.VisualStudio.TestTools.TestTypes.Unit.UnitTestAdapter" className="MS.TF.WorkItemTracking.Server.L0.Tests.QueryItems.QueryItemSnapshotTests" name="QueryItemSnapshot_DeleteAndReparentTest" />
    </UnitTest>
    <UnitTest name="QueryItemSnapshot_DeleteAndReparentWithNewParentTest" storage="d:\v2.0\a1\_work\dbded102\bin\release.anycpu\tfs.service\ms.tf.workitemtracking.server.l0.tests\ms.tf.workitemtracking.server.l0.tests.dll" id="ee1c23d9-670a-a1c8-fa18-b8bbea01a1c9">
      <Execution id="c02fda48-4f04-49bd-950b-0d711adfbcbf" />
      <TestMethod codeBase="D:\v2.0\A1\_work\dbded102\bin\Release.AnyCPU\Tfs.Service\MS.TF.WorkItemTracking.Server.L0.Tests\MS.TF.WorkItemTracking.Server.L0.Tests.dll" adapterTypeName="Microsoft.VisualStudio.TestTools.TestTypes.Unit.UnitTestAdapter" className="MS.TF.WorkItemTracking.Server.L0.Tests.QueryItems.QueryItemSnapshotTests" name="QueryItemSnapshot_DeleteAndReparentWithNewParentTest" />
    </UnitTest>
    <UnitTest name="QueryItemSnapshot_SimpleCloneTest" storage="d:\v2.0\a1\_work\dbded102\bin\release.anycpu\tfs.service\ms.tf.workitemtracking.server.l0.tests\ms.tf.workitemtracking.server.l0.tests.dll" id="1ef9fa9d-04b6-9f50-6514-c0136c2de0f1">
      <Execution id="e83dfcd3-c48c-4417-9214-dba36a27350e" />
      <TestMethod codeBase="D:\v2.0\A1\_work\dbded102\bin\Release.AnyCPU\Tfs.Service\MS.TF.WorkItemTracking.Server.L0.Tests\MS.TF.WorkItemTracking.Server.L0.Tests.dll" adapterTypeName="Microsoft.VisualStudio.TestTools.TestTypes.Unit.UnitTestAdapter" className="MS.TF.WorkItemTracking.Server.L0.Tests.QueryItems.QueryItemSnapshotTests" name="QueryItemSnapshot_SimpleCloneTest" />
    </UnitTest>
    <UnitTest name="QueryItemSnapshot_CloneTest" storage="d:\v2.0\a1\_work\dbded102\bin\release.anycpu\tfs.service\ms.tf.workitemtracking.server.l0.tests\ms.tf.workitemtracking.server.l0.tests.dll" id="0ab9f54f-41ee-e21b-2952-f68ec60fd8e2">
      <Execution id="66deb241-0a78-4369-9ee8-0313b7e930a9" />
      <TestMethod codeBase="D:\v2.0\A1\_work\dbded102\bin\Release.AnyCPU\Tfs.Service\MS.TF.WorkItemTracking.Server.L0.Tests\MS.TF.WorkItemTracking.Server.L0.Tests.dll" adapterTypeName="Microsoft.VisualStudio.TestTools.TestTypes.Unit.UnitTestAdapter" className="MS.TF.WorkItemTracking.Server.L0.Tests.QueryItems.QueryItemSnapshotTests" name="QueryItemSnapshot_CloneTest" />
    </UnitTest>
    <UnitTest name="QueryItemSnapshot_DeleteItemTest" storage="d:\v2.0\a1\_work\dbded102\bin\release.anycpu\tfs.service\ms.tf.workitemtracking.server.l0.tests\ms.tf.workitemtracking.server.l0.tests.dll" id="2fdc04ec-d705-7382-0945-a6f6dfbc5ce2">
      <Execution id="2e381fd6-a172-46e8-8715-9177fda4f1e8" />
      <TestMethod codeBase="D:\v2.0\A1\_work\dbded102\bin\Release.AnyCPU\Tfs.Service\MS.TF.WorkItemTracking.Server.L0.Tests\MS.TF.WorkItemTracking.Server.L0.Tests.dll" adapterTypeName="Microsoft.VisualStudio.TestTools.TestTypes.Unit.UnitTestAdapter" className="MS.TF.WorkItemTracking.Server.L0.Tests.QueryItems.QueryItemSnapshotTests" name="QueryItemSnapshot_DeleteItemTest" />
    </UnitTest>
    <UnitTest name="QueryItemSnapshot_DeleteItemTestNotInCache" storage="d:\v2.0\a1\_work\dbded102\bin\release.anycpu\tfs.service\ms.tf.workitemtracking.server.l0.tests\ms.tf.workitemtracking.server.l0.tests.dll" id="a3854c40-be09-e615-50d8-00ce26b491f9">
      <Execution id="0876eaad-7337-4460-a668-425a6ce80099" />
      <TestMethod codeBase="D:\v2.0\A1\_work\dbded102\bin\Release.AnyCPU\Tfs.Service\MS.TF.WorkItemTracking.Server.L0.Tests\MS.TF.WorkItemTracking.Server.L0.Tests.dll" adapterTypeName="Microsoft.VisualStudio.TestTools.TestTypes.Unit.UnitTestAdapter" className="MS.TF.WorkItemTracking.Server.L0.Tests.QueryItems.QueryItemSnapshotTests" name="QueryItemSnapshot_DeleteItemTestNotInCache" />
    </UnitTest>
    <UnitTest name="GetQuery_WillReturnFromPath" storage="d:\v2.0\a1\_work\dbded102\bin\release.anycpu\tfs.service\ms.tf.workitemtracking.server.l0.tests\ms.tf.workitemtracking.server.l0.tests.dll" id="9247a585-88f5-8a77-38b6-deedba5ffe88">
      <Execution id="ee562741-7e34-4203-b5b9-f0759f44c6ad" />
      <TestMethod codeBase="D:\v2.0\A1\_work\dbded102\bin\Release.AnyCPU\Tfs.Service\MS.TF.WorkItemTracking.Server.L0.Tests\MS.TF.WorkItemTracking.Server.L0.Tests.dll" adapterTypeName="Microsoft.VisualStudio.TestTools.TestTypes.Unit.UnitTestAdapter" className="MS.TF.WorkItemTracking.Server.L0.Tests.QueryItems.QueryServiceTests" name="GetQuery_WillReturnFromPath" />
    </UnitTest>
    <UnitTest name="GetQuery_WillReturnFromId" storage="d:\v2.0\a1\_work\dbded102\bin\release.anycpu\tfs.service\ms.tf.workitemtracking.server.l0.tests\ms.tf.workitemtracking.server.l0.tests.dll" id="c885bfeb-e55a-c01e-dd54-17156759322b">
      <Execution id="5c58529f-6508-4439-9879-896bc5b0d567" />
      <TestMethod codeBase="D:\v2.0\A1\_work\dbded102\bin\Release.AnyCPU\Tfs.Service\MS.TF.WorkItemTracking.Server.L0.Tests\MS.TF.WorkItemTracking.Server.L0.Tests.dll" adapterTypeName="Microsoft.VisualStudio.TestTools.TestTypes.Unit.UnitTestAdapter" className="MS.TF.WorkItemTracking.Server.L0.Tests.QueryItems.QueryServiceTests" name="GetQuery_WillReturnFromId" />
    </UnitTest>
    <UnitTest name="GetQueryById_QueryNotFound" storage="d:\v2.0\a1\_work\dbded102\bin\release.anycpu\tfs.service\ms.tf.workitemtracking.server.l0.tests\ms.tf.workitemtracking.server.l0.tests.dll" id="e64931e2-7ace-ca58-34d7-e025447ccf1b">
      <Execution id="3c11c40a-433e-4b49-80a3-54b5e833f9c4" />
      <TestMethod codeBase="D:\v2.0\A1\_work\dbded102\bin\Release.AnyCPU\Tfs.Service\MS.TF.WorkItemTracking.Server.L0.Tests\MS.TF.WorkItemTracking.Server.L0.Tests.dll" adapterTypeName="Microsoft.VisualStudio.TestTools.TestTypes.Unit.UnitTestAdapter" className="MS.TF.WorkItemTracking.Server.L0.Tests.QueryItems.QueryServiceTests" name="GetQueryById_QueryNotFound" />
    </UnitTest>
    <UnitTest name="GetQueryById_NoQueryPermission" storage="d:\v2.0\a1\_work\dbded102\bin\release.anycpu\tfs.service\ms.tf.workitemtracking.server.l0.tests\ms.tf.workitemtracking.server.l0.tests.dll" id="0f800a20-4b6d-79a0-9cdc-120aa8fa0634">
      <Execution id="f42a571d-3518-425d-bb8a-153bc37170fa" />
      <TestMethod codeBase="D:\v2.0\A1\_work\dbded102\bin\Release.AnyCPU\Tfs.Service\MS.TF.WorkItemTracking.Server.L0.Tests\MS.TF.WorkItemTracking.Server.L0.Tests.dll" adapterTypeName="Microsoft.VisualStudio.TestTools.TestTypes.Unit.UnitTestAdapter" className="MS.TF.WorkItemTracking.Server.L0.Tests.QueryItems.QueryServiceTests" name="GetQueryById_NoQueryPermission" />
    </UnitTest>
    <UnitTest name="GetQueryById_ReturnData" storage="d:\v2.0\a1\_work\dbded102\bin\release.anycpu\tfs.service\ms.tf.workitemtracking.server.l0.tests\ms.tf.workitemtracking.server.l0.tests.dll" id="883310c6-52e0-461b-a131-a4009c4bb002">
      <Execution id="402f2368-ca22-433f-aaa9-2059966bed3c" />
      <TestMethod codeBase="D:\v2.0\A1\_work\dbded102\bin\Release.AnyCPU\Tfs.Service\MS.TF.WorkItemTracking.Server.L0.Tests\MS.TF.WorkItemTracking.Server.L0.Tests.dll" adapterTypeName="Microsoft.VisualStudio.TestTools.TestTypes.Unit.UnitTestAdapter" className="MS.TF.WorkItemTracking.Server.L0.Tests.QueryItems.QueryServiceTests" name="GetQueryById_ReturnData" />
    </UnitTest>
    <UnitTest name="GetQueryByPath_QueryNotFound" storage="d:\v2.0\a1\_work\dbded102\bin\release.anycpu\tfs.service\ms.tf.workitemtracking.server.l0.tests\ms.tf.workitemtracking.server.l0.tests.dll" id="593deb60-3ad4-9fdf-59f9-c22f3c1e15c1">
      <Execution id="7af716b3-1422-4732-b491-4bafb2e9e8f0" />
      <TestMethod codeBase="D:\v2.0\A1\_work\dbded102\bin\Release.AnyCPU\Tfs.Service\MS.TF.WorkItemTracking.Server.L0.Tests\MS.TF.WorkItemTracking.Server.L0.Tests.dll" adapterTypeName="Microsoft.VisualStudio.TestTools.TestTypes.Unit.UnitTestAdapter" className="MS.TF.WorkItemTracking.Server.L0.Tests.QueryItems.QueryServiceTests" name="GetQueryByPath_QueryNotFound" />
    </UnitTest>
    <UnitTest name="GetQueryByPath_NoQueryPermission" storage="d:\v2.0\a1\_work\dbded102\bin\release.anycpu\tfs.service\ms.tf.workitemtracking.server.l0.tests\ms.tf.workitemtracking.server.l0.tests.dll" id="3a28ec23-d147-be25-af6d-e85289351eaa">
      <Execution id="0687afde-b323-42fa-8567-47bb78f57bca" />
      <TestMethod codeBase="D:\v2.0\A1\_work\dbded102\bin\Release.AnyCPU\Tfs.Service\MS.TF.WorkItemTracking.Server.L0.Tests\MS.TF.WorkItemTracking.Server.L0.Tests.dll" adapterTypeName="Microsoft.VisualStudio.TestTools.TestTypes.Unit.UnitTestAdapter" className="MS.TF.WorkItemTracking.Server.L0.Tests.QueryItems.QueryServiceTests" name="GetQueryByPath_NoQueryPermission" />
    </UnitTest>
    <UnitTest name="GetQueryByPath_ReturnData" storage="d:\v2.0\a1\_work\dbded102\bin\release.anycpu\tfs.service\ms.tf.workitemtracking.server.l0.tests\ms.tf.workitemtracking.server.l0.tests.dll" id="e9750132-5645-51d0-f954-b61de5882f6a">
      <Execution id="b1fd0d50-95dc-43c5-aac7-9d5be7776705" />
      <TestMethod codeBase="D:\v2.0\A1\_work\dbded102\bin\Release.AnyCPU\Tfs.Service\MS.TF.WorkItemTracking.Server.L0.Tests\MS.TF.WorkItemTracking.Server.L0.Tests.dll" adapterTypeName="Microsoft.VisualStudio.TestTools.TestTypes.Unit.UnitTestAdapter" className="MS.TF.WorkItemTracking.Server.L0.Tests.QueryItems.QueryServiceTests" name="GetQueryByPath_ReturnData" />
    </UnitTest>
    <UnitTest name="UndeleteQueryItem_NullRequestContext" storage="d:\v2.0\a1\_work\dbded102\bin\release.anycpu\tfs.service\ms.tf.workitemtracking.server.l0.tests\ms.tf.workitemtracking.server.l0.tests.dll" id="b83a2397-7267-dd98-c43b-8c1a6a7bb466">
      <Execution id="1d454182-ebf2-4403-8336-6d7388db399e" />
      <TestMethod codeBase="D:\v2.0\A1\_work\dbded102\bin\Release.AnyCPU\Tfs.Service\MS.TF.WorkItemTracking.Server.L0.Tests\MS.TF.WorkItemTracking.Server.L0.Tests.dll" adapterTypeName="Microsoft.VisualStudio.TestTools.TestTypes.Unit.UnitTestAdapter" className="MS.TF.WorkItemTracking.Server.L0.Tests.QueryItems.QueryServiceTests" name="UndeleteQueryItem_NullRequestContext" />
    </UnitTest>
    <UnitTest name="UndeleteQueryItem_QueryNotFound" storage="d:\v2.0\a1\_work\dbded102\bin\release.anycpu\tfs.service\ms.tf.workitemtracking.server.l0.tests\ms.tf.workitemtracking.server.l0.tests.dll" id="c83b619c-baac-1971-6392-941d6fd6666a">
      <Execution id="2ccdeca3-2dc0-4f88-8302-e524a0c35719" />
      <TestMethod codeBase="D:\v2.0\A1\_work\dbded102\bin\Release.AnyCPU\Tfs.Service\MS.TF.WorkItemTracking.Server.L0.Tests\MS.TF.WorkItemTracking.Server.L0.Tests.dll" adapterTypeName="Microsoft.VisualStudio.TestTools.TestTypes.Unit.UnitTestAdapter" className="MS.TF.WorkItemTracking.Server.L0.Tests.QueryItems.QueryServiceTests" name="UndeleteQueryItem_QueryNotFound" />
    </UnitTest>
    <UnitTest name="UndeleteQueryItem_NoQueryReadPermission" storage="d:\v2.0\a1\_work\dbded102\bin\release.anycpu\tfs.service\ms.tf.workitemtracking.server.l0.tests\ms.tf.workitemtracking.server.l0.tests.dll" id="d5f913ab-de97-9505-7de4-3db5ac55faca">
      <Execution id="ff02197b-78e0-4759-94a4-019265ea3f96" />
      <TestMethod codeBase="D:\v2.0\A1\_work\dbded102\bin\Release.AnyCPU\Tfs.Service\MS.TF.WorkItemTracking.Server.L0.Tests\MS.TF.WorkItemTracking.Server.L0.Tests.dll" adapterTypeName="Microsoft.VisualStudio.TestTools.TestTypes.Unit.UnitTestAdapter" className="MS.TF.WorkItemTracking.Server.L0.Tests.QueryItems.QueryServiceTests" name="UndeleteQueryItem_NoQueryReadPermission" />
    </UnitTest>
    <UnitTest name="UndeleteQueryItem_NoQueryDeletePermission" storage="d:\v2.0\a1\_work\dbded102\bin\release.anycpu\tfs.service\ms.tf.workitemtracking.server.l0.tests\ms.tf.workitemtracking.server.l0.tests.dll" id="511aa2af-2123-d454-1da1-a7735240c66a">
      <Execution id="40cbc783-1947-4894-9af3-c85e2c4bee7b" />
      <TestMethod codeBase="D:\v2.0\A1\_work\dbded102\bin\Release.AnyCPU\Tfs.Service\MS.TF.WorkItemTracking.Server.L0.Tests\MS.TF.WorkItemTracking.Server.L0.Tests.dll" adapterTypeName="Microsoft.VisualStudio.TestTools.TestTypes.Unit.UnitTestAdapter" className="MS.TF.WorkItemTracking.Server.L0.Tests.QueryItems.QueryServiceTests" name="UndeleteQueryItem_NoQueryDeletePermission" />
    </UnitTest>
    <UnitTest name="UndeleteQueryItem_MaxLimit" storage="d:\v2.0\a1\_work\dbded102\bin\release.anycpu\tfs.service\ms.tf.workitemtracking.server.l0.tests\ms.tf.workitemtracking.server.l0.tests.dll" id="acd28f69-f3b7-ea36-2688-1a8fbef5f26c">
      <Execution id="a77db3d9-445a-408f-a719-3d6b74d47aee" />
      <TestMethod codeBase="D:\v2.0\A1\_work\dbded102\bin\Release.AnyCPU\Tfs.Service\MS.TF.WorkItemTracking.Server.L0.Tests\MS.TF.WorkItemTracking.Server.L0.Tests.dll" adapterTypeName="Microsoft.VisualStudio.TestTools.TestTypes.Unit.UnitTestAdapter" className="MS.TF.WorkItemTracking.Server.L0.Tests.QueryItems.QueryServiceTests" name="UndeleteQueryItem_MaxLimit" />
    </UnitTest>
    <UnitTest name="UndeleteQueryItem" storage="d:\v2.0\a1\_work\dbded102\bin\release.anycpu\tfs.service\ms.tf.workitemtracking.server.l0.tests\ms.tf.workitemtracking.server.l0.tests.dll" id="beb65e7e-3225-58fa-d365-9c7c9af10aac">
      <Execution id="7a581a97-eb1e-4932-8b8a-893cb037ccef" />
      <TestMethod codeBase="D:\v2.0\A1\_work\dbded102\bin\Release.AnyCPU\Tfs.Service\MS.TF.WorkItemTracking.Server.L0.Tests\MS.TF.WorkItemTracking.Server.L0.Tests.dll" adapterTypeName="Microsoft.VisualStudio.TestTools.TestTypes.Unit.UnitTestAdapter" className="MS.TF.WorkItemTracking.Server.L0.Tests.QueryItems.QueryServiceTests" name="UndeleteQueryItem" />
    </UnitTest>
    <UnitTest name="TeamFoundationQueryItemService_GetPublicQueriesFolderFromCache_BaseCase" storage="d:\v2.0\a1\_work\dbded102\bin\release.anycpu\tfs.service\ms.tf.workitemtracking.server.l0.tests\ms.tf.workitemtracking.server.l0.tests.dll" id="e9e30ea3-624c-a7f1-3a6d-b1f9f68564cd">
      <Execution id="0690d813-077b-4e7d-9998-9ae5a5a6ef57" />
      <TestMethod codeBase="D:\v2.0\A1\_work\dbded102\bin\Release.AnyCPU\Tfs.Service\MS.TF.WorkItemTracking.Server.L0.Tests\MS.TF.WorkItemTracking.Server.L0.Tests.dll" adapterTypeName="Microsoft.VisualStudio.TestTools.TestTypes.Unit.UnitTestAdapter" className="MS.TF.WorkItemTracking.Server.L0.Tests.QueryItems.QueryServiceTests" name="TeamFoundationQueryItemService_GetPublicQueriesFolderFromCache_BaseCase" />
    </UnitTest>
    <UnitTest name="TeamFoundationQueryItemService_GetPublicQueriesFolderFromCache_NoUpdatesCase" storage="d:\v2.0\a1\_work\dbded102\bin\release.anycpu\tfs.service\ms.tf.workitemtracking.server.l0.tests\ms.tf.workitemtracking.server.l0.tests.dll" id="278c1703-266c-d1e9-985c-c47924782892">
      <Execution id="81680dfc-45f7-4222-8845-79a418d7d87e" />
      <TestMethod codeBase="D:\v2.0\A1\_work\dbded102\bin\Release.AnyCPU\Tfs.Service\MS.TF.WorkItemTracking.Server.L0.Tests\MS.TF.WorkItemTracking.Server.L0.Tests.dll" adapterTypeName="Microsoft.VisualStudio.TestTools.TestTypes.Unit.UnitTestAdapter" className="MS.TF.WorkItemTracking.Server.L0.Tests.QueryItems.QueryServiceTests" name="TeamFoundationQueryItemService_GetPublicQueriesFolderFromCache_NoUpdatesCase" />
    </UnitTest>
    <UnitTest name="TeamFoundationQueryItemService_GetPublicQueriesFolderFromCache_Delete" storage="d:\v2.0\a1\_work\dbded102\bin\release.anycpu\tfs.service\ms.tf.workitemtracking.server.l0.tests\ms.tf.workitemtracking.server.l0.tests.dll" id="228daf74-19a6-940d-41bf-55c39c47cdb2">
      <Execution id="41403e18-b65f-476c-8b39-fe2a806a0159" />
      <TestMethod codeBase="D:\v2.0\A1\_work\dbded102\bin\Release.AnyCPU\Tfs.Service\MS.TF.WorkItemTracking.Server.L0.Tests\MS.TF.WorkItemTracking.Server.L0.Tests.dll" adapterTypeName="Microsoft.VisualStudio.TestTools.TestTypes.Unit.UnitTestAdapter" className="MS.TF.WorkItemTracking.Server.L0.Tests.QueryItems.QueryServiceTests" name="TeamFoundationQueryItemService_GetPublicQueriesFolderFromCache_Delete" />
    </UnitTest>
    <UnitTest name="TeamFoundationQueryItemService_GetPublicQueriesFolderFromCache_MultipleProjects" storage="d:\v2.0\a1\_work\dbded102\bin\release.anycpu\tfs.service\ms.tf.workitemtracking.server.l0.tests\ms.tf.workitemtracking.server.l0.tests.dll" id="be223d76-49f5-4b50-1e4b-9dee98e50a53">
      <Execution id="52317f47-515d-422a-8d59-fc3234dbae5b" />
      <TestMethod codeBase="D:\v2.0\A1\_work\dbded102\bin\Release.AnyCPU\Tfs.Service\MS.TF.WorkItemTracking.Server.L0.Tests\MS.TF.WorkItemTracking.Server.L0.Tests.dll" adapterTypeName="Microsoft.VisualStudio.TestTools.TestTypes.Unit.UnitTestAdapter" className="MS.TF.WorkItemTracking.Server.L0.Tests.QueryItems.QueryServiceTests" name="TeamFoundationQueryItemService_GetPublicQueriesFolderFromCache_MultipleProjects" />
    </UnitTest>
    <UnitTest name="TeamFoundationQueryItemService_GetPublicQueriesFolderFromComponent_BaseCase" storage="d:\v2.0\a1\_work\dbded102\bin\release.anycpu\tfs.service\ms.tf.workitemtracking.server.l0.tests\ms.tf.workitemtracking.server.l0.tests.dll" id="f30f405a-2ea3-71b6-8cb6-24a97ce887c8">
      <Execution id="da81c284-b8a5-4813-bed9-c6306461e713" />
      <TestMethod codeBase="D:\v2.0\A1\_work\dbded102\bin\Release.AnyCPU\Tfs.Service\MS.TF.WorkItemTracking.Server.L0.Tests\MS.TF.WorkItemTracking.Server.L0.Tests.dll" adapterTypeName="Microsoft.VisualStudio.TestTools.TestTypes.Unit.UnitTestAdapter" className="MS.TF.WorkItemTracking.Server.L0.Tests.QueryItems.QueryServiceTests" name="TeamFoundationQueryItemService_GetPublicQueriesFolderFromComponent_BaseCase" />
    </UnitTest>
    <UnitTest name="TeamFoundationQueryItemService_GetPublicQueriesFolderFromComponent_NoUpdatesCase" storage="d:\v2.0\a1\_work\dbded102\bin\release.anycpu\tfs.service\ms.tf.workitemtracking.server.l0.tests\ms.tf.workitemtracking.server.l0.tests.dll" id="7bff65e2-f3fa-79e1-7a87-de1ab23d7780">
      <Execution id="2d4d54d7-11fe-446f-8780-112ac2cbb3d3" />
      <TestMethod codeBase="D:\v2.0\A1\_work\dbded102\bin\Release.AnyCPU\Tfs.Service\MS.TF.WorkItemTracking.Server.L0.Tests\MS.TF.WorkItemTracking.Server.L0.Tests.dll" adapterTypeName="Microsoft.VisualStudio.TestTools.TestTypes.Unit.UnitTestAdapter" className="MS.TF.WorkItemTracking.Server.L0.Tests.QueryItems.QueryServiceTests" name="TeamFoundationQueryItemService_GetPublicQueriesFolderFromComponent_NoUpdatesCase" />
    </UnitTest>
    <UnitTest name="TeamFoundationQueryItemService_GetPublicQueriesFolderFromComponent_Delete" storage="d:\v2.0\a1\_work\dbded102\bin\release.anycpu\tfs.service\ms.tf.workitemtracking.server.l0.tests\ms.tf.workitemtracking.server.l0.tests.dll" id="c43011a9-bffe-1892-fcfe-3855ac1228fe">
      <Execution id="320c0766-893a-45ea-8e4e-9d9f4a87f006" />
      <TestMethod codeBase="D:\v2.0\A1\_work\dbded102\bin\Release.AnyCPU\Tfs.Service\MS.TF.WorkItemTracking.Server.L0.Tests\MS.TF.WorkItemTracking.Server.L0.Tests.dll" adapterTypeName="Microsoft.VisualStudio.TestTools.TestTypes.Unit.UnitTestAdapter" className="MS.TF.WorkItemTracking.Server.L0.Tests.QueryItems.QueryServiceTests" name="TeamFoundationQueryItemService_GetPublicQueriesFolderFromComponent_Delete" />
    </UnitTest>
    <UnitTest name="TeamFoundationQueryItemService_GetPublicQueriesFolderFromComponent_MultipleProjects" storage="d:\v2.0\a1\_work\dbded102\bin\release.anycpu\tfs.service\ms.tf.workitemtracking.server.l0.tests\ms.tf.workitemtracking.server.l0.tests.dll" id="35da3b33-2f35-e9af-9666-4b706dcb9a9b">
      <Execution id="a4eb3545-baa0-4248-ad6f-a88b5b9d3007" />
      <TestMethod codeBase="D:\v2.0\A1\_work\dbded102\bin\Release.AnyCPU\Tfs.Service\MS.TF.WorkItemTracking.Server.L0.Tests\MS.TF.WorkItemTracking.Server.L0.Tests.dll" adapterTypeName="Microsoft.VisualStudio.TestTools.TestTypes.Unit.UnitTestAdapter" className="MS.TF.WorkItemTracking.Server.L0.Tests.QueryItems.QueryServiceTests" name="TeamFoundationQueryItemService_GetPublicQueriesFolderFromComponent_MultipleProjects" />
    </UnitTest>
    <UnitTest name="TeamFoundationQueryItemService_GetChangedPublicQueryItems_NullRequestContext" storage="d:\v2.0\a1\_work\dbded102\bin\release.anycpu\tfs.service\ms.tf.workitemtracking.server.l0.tests\ms.tf.workitemtracking.server.l0.tests.dll" id="5ef144db-95fb-7ce4-d9c3-90847c2f9e0a">
      <Execution id="170965ed-4a25-4412-babf-5354920c1d54" />
      <TestMethod codeBase="D:\v2.0\A1\_work\dbded102\bin\Release.AnyCPU\Tfs.Service\MS.TF.WorkItemTracking.Server.L0.Tests\MS.TF.WorkItemTracking.Server.L0.Tests.dll" adapterTypeName="Microsoft.VisualStudio.TestTools.TestTypes.Unit.UnitTestAdapter" className="MS.TF.WorkItemTracking.Server.L0.Tests.QueryItems.QueryServiceTests" name="TeamFoundationQueryItemService_GetChangedPublicQueryItems_NullRequestContext" />
    </UnitTest>
    <UnitTest name="TeamFoundationQueryItemService_GetChangedPublicQueryItems_EndToEnd" storage="d:\v2.0\a1\_work\dbded102\bin\release.anycpu\tfs.service\ms.tf.workitemtracking.server.l0.tests\ms.tf.workitemtracking.server.l0.tests.dll" id="778cd66a-d30a-d1ee-bd3f-d10d637dcc75">
      <Execution id="6c4cab48-8f63-432f-bf60-e173a5427924" />
      <TestMethod codeBase="D:\v2.0\A1\_work\dbded102\bin\Release.AnyCPU\Tfs.Service\MS.TF.WorkItemTracking.Server.L0.Tests\MS.TF.WorkItemTracking.Server.L0.Tests.dll" adapterTypeName="Microsoft.VisualStudio.TestTools.TestTypes.Unit.UnitTestAdapter" className="MS.TF.WorkItemTracking.Server.L0.Tests.QueryItems.QueryServiceTests" name="TeamFoundationQueryItemService_GetChangedPublicQueryItems_EndToEnd" />
    </UnitTest>
    <UnitTest name="TeamFoundationQueryItemService_GetPublicQueryItemsTimestamp_NullRequestContext" storage="d:\v2.0\a1\_work\dbded102\bin\release.anycpu\tfs.service\ms.tf.workitemtracking.server.l0.tests\ms.tf.workitemtracking.server.l0.tests.dll" id="863ed368-50ad-3b4c-f9bb-0120a4520edf">
      <Execution id="3ff3a356-a415-4970-8bac-eca5d9711025" />
      <TestMethod codeBase="D:\v2.0\A1\_work\dbded102\bin\Release.AnyCPU\Tfs.Service\MS.TF.WorkItemTracking.Server.L0.Tests\MS.TF.WorkItemTracking.Server.L0.Tests.dll" adapterTypeName="Microsoft.VisualStudio.TestTools.TestTypes.Unit.UnitTestAdapter" className="MS.TF.WorkItemTracking.Server.L0.Tests.QueryItems.QueryServiceTests" name="TeamFoundationQueryItemService_GetPublicQueryItemsTimestamp_NullRequestContext" />
    </UnitTest>
    <UnitTest name="TeamFoundationQueryItemService_GetPublicQueryItemsTimestamp_EndToEnd" storage="d:\v2.0\a1\_work\dbded102\bin\release.anycpu\tfs.service\ms.tf.workitemtracking.server.l0.tests\ms.tf.workitemtracking.server.l0.tests.dll" id="1d191b7b-7636-a6f9-e007-23ecfee7f4f2">
      <Execution id="337d5284-58b5-47d7-abb7-695ebea3809e" />
      <TestMethod codeBase="D:\v2.0\A1\_work\dbded102\bin\Release.AnyCPU\Tfs.Service\MS.TF.WorkItemTracking.Server.L0.Tests\MS.TF.WorkItemTracking.Server.L0.Tests.dll" adapterTypeName="Microsoft.VisualStudio.TestTools.TestTypes.Unit.UnitTestAdapter" className="MS.TF.WorkItemTracking.Server.L0.Tests.QueryItems.QueryServiceTests" name="TeamFoundationQueryItemService_GetPublicQueryItemsTimestamp_EndToEnd" />
    </UnitTest>
    <UnitTest name="HasQueryPermission_NullRequestContext" storage="d:\v2.0\a1\_work\dbded102\bin\release.anycpu\tfs.service\ms.tf.workitemtracking.server.l0.tests\ms.tf.workitemtracking.server.l0.tests.dll" id="c6b10470-7fcb-cae1-099f-e4a094dc7164">
      <Execution id="041bf230-8165-4f55-9208-26b36f6bf438" />
      <TestMethod codeBase="D:\v2.0\A1\_work\dbded102\bin\Release.AnyCPU\Tfs.Service\MS.TF.WorkItemTracking.Server.L0.Tests\MS.TF.WorkItemTracking.Server.L0.Tests.dll" adapterTypeName="Microsoft.VisualStudio.TestTools.TestTypes.Unit.UnitTestAdapter" className="MS.TF.WorkItemTracking.Server.L0.Tests.QueryItems.QueryPermissionServiceTests" name="HasQueryPermission_NullRequestContext" />
    </UnitTest>
    <UnitTest name="GetFieldsInvalidProcessId" storage="d:\v2.0\a1\_work\dbded102\bin\release.anycpu\tfs.service\ms.tf.workitemtracking.server.l0.tests\ms.tf.workitemtracking.server.l0.tests.dll" id="63801b31-78d1-21cc-ecbb-6936ba36e871">
      <Execution id="c987e884-6842-4da8-ba63-3df93fc25ea8" />
      <TestMethod codeBase="D:\v2.0\A1\_work\dbded102\bin\Release.AnyCPU\Tfs.Service\MS.TF.WorkItemTracking.Server.L0.Tests\MS.TF.WorkItemTracking.Server.L0.Tests.dll" adapterTypeName="Microsoft.VisualStudio.TestTools.TestTypes.Unit.UnitTestAdapter" className="MS.TF.WorkItemTracking.Server.L0.Tests.Process.ProcessFieldServiceTests" name="GetFieldsInvalidProcessId" />
    </UnitTest>
    <UnitTest name="GetFieldsNoReadPermissions" storage="d:\v2.0\a1\_work\dbded102\bin\release.anycpu\tfs.service\ms.tf.workitemtracking.server.l0.tests\ms.tf.workitemtracking.server.l0.tests.dll" id="699acb7d-2f81-b462-f0d7-c99e0be8c509">
      <Execution id="8c131ef6-118e-4df8-93e4-8066de47f23f" />
      <TestMethod codeBase="D:\v2.0\A1\_work\dbded102\bin\Release.AnyCPU\Tfs.Service\MS.TF.WorkItemTracking.Server.L0.Tests\MS.TF.WorkItemTracking.Server.L0.Tests.dll" adapterTypeName="Microsoft.VisualStudio.TestTools.TestTypes.Unit.UnitTestAdapter" className="MS.TF.WorkItemTracking.Server.L0.Tests.Process.ProcessFieldServiceTests" name="GetFieldsNoReadPermissions" />
    </UnitTest>
    <UnitTest name="GetFieldsIncludeParentsTrue" storage="d:\v2.0\a1\_work\dbded102\bin\release.anycpu\tfs.service\ms.tf.workitemtracking.server.l0.tests\ms.tf.workitemtracking.server.l0.tests.dll" id="9b5a5b3d-179c-526d-9120-a1545331f422">
      <Execution id="9fa0430f-682d-4fe5-bf3a-30a271f39788" />
      <TestMethod codeBase="D:\v2.0\A1\_work\dbded102\bin\Release.AnyCPU\Tfs.Service\MS.TF.WorkItemTracking.Server.L0.Tests\MS.TF.WorkItemTracking.Server.L0.Tests.dll" adapterTypeName="Microsoft.VisualStudio.TestTools.TestTypes.Unit.UnitTestAdapter" className="MS.TF.WorkItemTracking.Server.L0.Tests.Process.ProcessFieldServiceTests" name="GetFieldsIncludeParentsTrue" />
    </UnitTest>
    <UnitTest name="GetFieldsIncludeParentsFalse" storage="d:\v2.0\a1\_work\dbded102\bin\release.anycpu\tfs.service\ms.tf.workitemtracking.server.l0.tests\ms.tf.workitemtracking.server.l0.tests.dll" id="b67db7bf-3097-67b9-96de-946150dc4d3b">
      <Execution id="d760384c-c99a-4c7d-abc3-bee436e43be0" />
      <TestMethod codeBase="D:\v2.0\A1\_work\dbded102\bin\Release.AnyCPU\Tfs.Service\MS.TF.WorkItemTracking.Server.L0.Tests\MS.TF.WorkItemTracking.Server.L0.Tests.dll" adapterTypeName="Microsoft.VisualStudio.TestTools.TestTypes.Unit.UnitTestAdapter" className="MS.TF.WorkItemTracking.Server.L0.Tests.Process.ProcessFieldServiceTests" name="GetFieldsIncludeParentsFalse" />
    </UnitTest>
    <UnitTest name="CreateFieldEmptyName" storage="d:\v2.0\a1\_work\dbded102\bin\release.anycpu\tfs.service\ms.tf.workitemtracking.server.l0.tests\ms.tf.workitemtracking.server.l0.tests.dll" id="cec07fab-94aa-6d90-46f3-fb19ca5a4c50">
      <Execution id="481fa100-541e-478a-bc02-7980dff70a83" />
      <TestMethod codeBase="D:\v2.0\A1\_work\dbded102\bin\Release.AnyCPU\Tfs.Service\MS.TF.WorkItemTracking.Server.L0.Tests\MS.TF.WorkItemTracking.Server.L0.Tests.dll" adapterTypeName="Microsoft.VisualStudio.TestTools.TestTypes.Unit.UnitTestAdapter" className="MS.TF.WorkItemTracking.Server.L0.Tests.Process.ProcessFieldServiceTests" name="CreateFieldEmptyName" />
    </UnitTest>
    <UnitTest name="CreateFieldEmptyProcessId" storage="d:\v2.0\a1\_work\dbded102\bin\release.anycpu\tfs.service\ms.tf.workitemtracking.server.l0.tests\ms.tf.workitemtracking.server.l0.tests.dll" id="34efb4ab-4c9c-7528-0003-574ce3cf923a">
      <Execution id="99f52565-a27f-4c7c-844d-54e7c1dd1ddf" />
      <TestMethod codeBase="D:\v2.0\A1\_work\dbded102\bin\Release.AnyCPU\Tfs.Service\MS.TF.WorkItemTracking.Server.L0.Tests\MS.TF.WorkItemTracking.Server.L0.Tests.dll" adapterTypeName="Microsoft.VisualStudio.TestTools.TestTypes.Unit.UnitTestAdapter" className="MS.TF.WorkItemTracking.Server.L0.Tests.Process.ProcessFieldServiceTests" name="CreateFieldEmptyProcessId" />
    </UnitTest>
    <UnitTest name="CreateFieldNameContainsIllegalCharacter" storage="d:\v2.0\a1\_work\dbded102\bin\release.anycpu\tfs.service\ms.tf.workitemtracking.server.l0.tests\ms.tf.workitemtracking.server.l0.tests.dll" id="a2f7125c-668f-9ad9-2dd9-0e2beb90eb20">
      <Execution id="862c63ae-903b-4c78-9f1f-75d59d531b4c" />
      <TestMethod codeBase="D:\v2.0\A1\_work\dbded102\bin\Release.AnyCPU\Tfs.Service\MS.TF.WorkItemTracking.Server.L0.Tests\MS.TF.WorkItemTracking.Server.L0.Tests.dll" adapterTypeName="Microsoft.VisualStudio.TestTools.TestTypes.Unit.UnitTestAdapter" className="MS.TF.WorkItemTracking.Server.L0.Tests.Process.ProcessFieldServiceTests" name="CreateFieldNameContainsIllegalCharacter" />
    </UnitTest>
    <UnitTest name="CreateFieldNameTooLong" storage="d:\v2.0\a1\_work\dbded102\bin\release.anycpu\tfs.service\ms.tf.workitemtracking.server.l0.tests\ms.tf.workitemtracking.server.l0.tests.dll" id="be62e135-228f-6116-5574-05bc521a74f0">
      <Execution id="b253f486-3e11-4f0a-a10d-ad5e23028044" />
      <TestMethod codeBase="D:\v2.0\A1\_work\dbded102\bin\Release.AnyCPU\Tfs.Service\MS.TF.WorkItemTracking.Server.L0.Tests\MS.TF.WorkItemTracking.Server.L0.Tests.dll" adapterTypeName="Microsoft.VisualStudio.TestTools.TestTypes.Unit.UnitTestAdapter" className="MS.TF.WorkItemTracking.Server.L0.Tests.Process.ProcessFieldServiceTests" name="CreateFieldNameTooLong" />
    </UnitTest>
    <UnitTest name="CreateFieldDescriptionTooLong" storage="d:\v2.0\a1\_work\dbded102\bin\release.anycpu\tfs.service\ms.tf.workitemtracking.server.l0.tests\ms.tf.workitemtracking.server.l0.tests.dll" id="936cb23d-7d6d-3492-2814-fb1de5d506f7">
      <Execution id="768c6701-c774-42af-a3a3-8cac02076791" />
      <TestMethod codeBase="D:\v2.0\A1\_work\dbded102\bin\Release.AnyCPU\Tfs.Service\MS.TF.WorkItemTracking.Server.L0.Tests\MS.TF.WorkItemTracking.Server.L0.Tests.dll" adapterTypeName="Microsoft.VisualStudio.TestTools.TestTypes.Unit.UnitTestAdapter" className="MS.TF.WorkItemTracking.Server.L0.Tests.Process.ProcessFieldServiceTests" name="CreateFieldDescriptionTooLong" />
    </UnitTest>
    <UnitTest name="CreateFieldNoWritePermission" storage="d:\v2.0\a1\_work\dbded102\bin\release.anycpu\tfs.service\ms.tf.workitemtracking.server.l0.tests\ms.tf.workitemtracking.server.l0.tests.dll" id="cbd80b2d-20cd-ed2b-ee16-a530d333a914">
      <Execution id="4c3ec25f-23c5-402a-b14e-20cc7927afa9" />
      <TestMethod codeBase="D:\v2.0\A1\_work\dbded102\bin\Release.AnyCPU\Tfs.Service\MS.TF.WorkItemTracking.Server.L0.Tests\MS.TF.WorkItemTracking.Server.L0.Tests.dll" adapterTypeName="Microsoft.VisualStudio.TestTools.TestTypes.Unit.UnitTestAdapter" className="MS.TF.WorkItemTracking.Server.L0.Tests.Process.ProcessFieldServiceTests" name="CreateFieldNoWritePermission" />
    </UnitTest>
    <UnitTest name="CreateFieldLimitCheck" storage="d:\v2.0\a1\_work\dbded102\bin\release.anycpu\tfs.service\ms.tf.workitemtracking.server.l0.tests\ms.tf.workitemtracking.server.l0.tests.dll" id="661940a8-e659-2db8-8e98-b272d7375e23">
      <Execution id="0730fb9e-4bce-4bea-bf96-96d3ed40505b" />
      <TestMethod codeBase="D:\v2.0\A1\_work\dbded102\bin\Release.AnyCPU\Tfs.Service\MS.TF.WorkItemTracking.Server.L0.Tests\MS.TF.WorkItemTracking.Server.L0.Tests.dll" adapterTypeName="Microsoft.VisualStudio.TestTools.TestTypes.Unit.UnitTestAdapter" className="MS.TF.WorkItemTracking.Server.L0.Tests.Process.ProcessFieldServiceTests" name="CreateFieldLimitCheck" />
    </UnitTest>
    <UnitTest name="CreateFieldNameConflictInSystemProcess" storage="d:\v2.0\a1\_work\dbded102\bin\release.anycpu\tfs.service\ms.tf.workitemtracking.server.l0.tests\ms.tf.workitemtracking.server.l0.tests.dll" id="ac02cc4f-162e-f8c5-9758-7fb78b3c70fb">
      <Execution id="20e3f8fa-39fd-4d88-a847-e281f38a6203" />
      <TestMethod codeBase="D:\v2.0\A1\_work\dbded102\bin\Release.AnyCPU\Tfs.Service\MS.TF.WorkItemTracking.Server.L0.Tests\MS.TF.WorkItemTracking.Server.L0.Tests.dll" adapterTypeName="Microsoft.VisualStudio.TestTools.TestTypes.Unit.UnitTestAdapter" className="MS.TF.WorkItemTracking.Server.L0.Tests.Process.ProcessFieldServiceTests" name="CreateFieldNameConflictInSystemProcess" />
    </UnitTest>
    <UnitTest name="CreateFieldNameConflictInMaterializeProcess" storage="d:\v2.0\a1\_work\dbded102\bin\release.anycpu\tfs.service\ms.tf.workitemtracking.server.l0.tests\ms.tf.workitemtracking.server.l0.tests.dll" id="384f6128-39ce-f8e8-86f8-ff1828dcdc2c">
      <Execution id="4e364fd1-e54a-49e4-89f4-c43107a79f35" />
      <TestMethod codeBase="D:\v2.0\A1\_work\dbded102\bin\Release.AnyCPU\Tfs.Service\MS.TF.WorkItemTracking.Server.L0.Tests\MS.TF.WorkItemTracking.Server.L0.Tests.dll" adapterTypeName="Microsoft.VisualStudio.TestTools.TestTypes.Unit.UnitTestAdapter" className="MS.TF.WorkItemTracking.Server.L0.Tests.Process.ProcessFieldServiceTests" name="CreateFieldNameConflictInMaterializeProcess" />
    </UnitTest>
    <UnitTest name="CreateFieldValid" storage="d:\v2.0\a1\_work\dbded102\bin\release.anycpu\tfs.service\ms.tf.workitemtracking.server.l0.tests\ms.tf.workitemtracking.server.l0.tests.dll" id="ba61e501-81b2-f57a-0114-af8f84b7398d">
      <Execution id="1cfe324a-034d-42a4-992d-fbd0e97f1d2e" />
      <TestMethod codeBase="D:\v2.0\A1\_work\dbded102\bin\Release.AnyCPU\Tfs.Service\MS.TF.WorkItemTracking.Server.L0.Tests\MS.TF.WorkItemTracking.Server.L0.Tests.dll" adapterTypeName="Microsoft.VisualStudio.TestTools.TestTypes.Unit.UnitTestAdapter" className="MS.TF.WorkItemTracking.Server.L0.Tests.Process.ProcessFieldServiceTests" name="CreateFieldValid" />
    </UnitTest>
    <UnitTest name="EnsureFieldExistsAlreadyMaterialized" storage="d:\v2.0\a1\_work\dbded102\bin\release.anycpu\tfs.service\ms.tf.workitemtracking.server.l0.tests\ms.tf.workitemtracking.server.l0.tests.dll" id="009bad64-a5cb-02e8-458c-61cf29022922">
      <Execution id="3f4c725f-669c-4f6b-ab03-24a1d0ac476f" />
      <TestMethod codeBase="D:\v2.0\A1\_work\dbded102\bin\Release.AnyCPU\Tfs.Service\MS.TF.WorkItemTracking.Server.L0.Tests\MS.TF.WorkItemTracking.Server.L0.Tests.dll" adapterTypeName="Microsoft.VisualStudio.TestTools.TestTypes.Unit.UnitTestAdapter" className="MS.TF.WorkItemTracking.Server.L0.Tests.Process.ProcessFieldServiceTests" name="EnsureFieldExistsAlreadyMaterialized" />
    </UnitTest>
    <UnitTest name="EnsureFieldExistsAlreadyMaterializedInOtherProcessThrow" storage="d:\v2.0\a1\_work\dbded102\bin\release.anycpu\tfs.service\ms.tf.workitemtracking.server.l0.tests\ms.tf.workitemtracking.server.l0.tests.dll" id="80dbf56a-13e2-7e13-7638-d8942834e36c">
      <Execution id="d19939d5-d2e8-4f12-9138-39f716d0aa57" />
      <TestMethod codeBase="D:\v2.0\A1\_work\dbded102\bin\Release.AnyCPU\Tfs.Service\MS.TF.WorkItemTracking.Server.L0.Tests\MS.TF.WorkItemTracking.Server.L0.Tests.dll" adapterTypeName="Microsoft.VisualStudio.TestTools.TestTypes.Unit.UnitTestAdapter" className="MS.TF.WorkItemTracking.Server.L0.Tests.Process.ProcessFieldServiceTests" name="EnsureFieldExistsAlreadyMaterializedInOtherProcessThrow" />
    </UnitTest>
    <UnitTest name="EnsureFieldExistsCustomFieldNotCreatedYetThrow" storage="d:\v2.0\a1\_work\dbded102\bin\release.anycpu\tfs.service\ms.tf.workitemtracking.server.l0.tests\ms.tf.workitemtracking.server.l0.tests.dll" id="dccaa534-ed11-4c37-2f59-83726144060c">
      <Execution id="850ebdb4-345d-4057-8435-f973d9b3fb5a" />
      <TestMethod codeBase="D:\v2.0\A1\_work\dbded102\bin\Release.AnyCPU\Tfs.Service\MS.TF.WorkItemTracking.Server.L0.Tests\MS.TF.WorkItemTracking.Server.L0.Tests.dll" adapterTypeName="Microsoft.VisualStudio.TestTools.TestTypes.Unit.UnitTestAdapter" className="MS.TF.WorkItemTracking.Server.L0.Tests.Process.ProcessFieldServiceTests" name="EnsureFieldExistsCustomFieldNotCreatedYetThrow" />
    </UnitTest>
    <UnitTest name="EnsureFieldExistsOOBFieldGetsCreatedOnDemand" storage="d:\v2.0\a1\_work\dbded102\bin\release.anycpu\tfs.service\ms.tf.workitemtracking.server.l0.tests\ms.tf.workitemtracking.server.l0.tests.dll" id="24df6dfc-5715-8c82-6448-9710c9401013">
      <Execution id="6b072baa-8c32-4ce3-a1b2-29519f17b8af" />
      <TestMethod codeBase="D:\v2.0\A1\_work\dbded102\bin\Release.AnyCPU\Tfs.Service\MS.TF.WorkItemTracking.Server.L0.Tests\MS.TF.WorkItemTracking.Server.L0.Tests.dll" adapterTypeName="Microsoft.VisualStudio.TestTools.TestTypes.Unit.UnitTestAdapter" className="MS.TF.WorkItemTracking.Server.L0.Tests.Process.ProcessFieldServiceTests" name="EnsureFieldExistsOOBFieldGetsCreatedOnDemand" />
    </UnitTest>
    <UnitTest name="CanGetInheritedTypeExtensions" storage="d:\v2.0\a1\_work\dbded102\bin\release.anycpu\tfs.service\ms.tf.workitemtracking.server.l0.tests\ms.tf.workitemtracking.server.l0.tests.dll" id="ce582876-432c-f368-97f2-cbc33a346493">
      <Execution id="4036204d-a5c6-47bb-9cdb-3501413e11e8" />
      <TestMethod codeBase="D:\v2.0\A1\_work\dbded102\bin\Release.AnyCPU\Tfs.Service\MS.TF.WorkItemTracking.Server.L0.Tests\MS.TF.WorkItemTracking.Server.L0.Tests.dll" adapterTypeName="Microsoft.VisualStudio.TestTools.TestTypes.Unit.UnitTestAdapter" className="MS.TF.WorkItemTracking.Server.L0.Tests.Process.ProcessWorkItemTypeServiceProcessTypeletsTests" name="CanGetInheritedTypeExtensions" />
    </UnitTest>
    <UnitTest name="CanGetCachedTypeExtensionsOnSecondCall" storage="d:\v2.0\a1\_work\dbded102\bin\release.anycpu\tfs.service\ms.tf.workitemtracking.server.l0.tests\ms.tf.workitemtracking.server.l0.tests.dll" id="e50356e6-02e1-3d32-8315-45cb77b9f457">
      <Execution id="02ff3a80-117c-460c-ae5b-ca68b3494bcd" />
      <TestMethod codeBase="D:\v2.0\A1\_work\dbded102\bin\Release.AnyCPU\Tfs.Service\MS.TF.WorkItemTracking.Server.L0.Tests\MS.TF.WorkItemTracking.Server.L0.Tests.dll" adapterTypeName="Microsoft.VisualStudio.TestTools.TestTypes.Unit.UnitTestAdapter" className="MS.TF.WorkItemTracking.Server.L0.Tests.Process.ProcessWorkItemTypeServiceProcessTypeletsTests" name="CanGetCachedTypeExtensionsOnSecondCall" />
    </UnitTest>
    <UnitTest name="CanGetRebuiltCachedTypeExtensionsOnSecondCallAfterSqlNotification" storage="d:\v2.0\a1\_work\dbded102\bin\release.anycpu\tfs.service\ms.tf.workitemtracking.server.l0.tests\ms.tf.workitemtracking.server.l0.tests.dll" id="7d6439ff-80b4-45d4-a3e6-9c617f49440d">
      <Execution id="4a71da79-f2a9-436b-b3ea-4b35c6bfcc09" />
      <TestMethod codeBase="D:\v2.0\A1\_work\dbded102\bin\Release.AnyCPU\Tfs.Service\MS.TF.WorkItemTracking.Server.L0.Tests\MS.TF.WorkItemTracking.Server.L0.Tests.dll" adapterTypeName="Microsoft.VisualStudio.TestTools.TestTypes.Unit.UnitTestAdapter" className="MS.TF.WorkItemTracking.Server.L0.Tests.Process.ProcessWorkItemTypeServiceProcessTypeletsTests" name="CanGetRebuiltCachedTypeExtensionsOnSecondCallAfterSqlNotification" />
    </UnitTest>
    <UnitTest name="CanGetRebuiltWithNewCachedTypeExtensionsOnSecondCallAfterSqlNotification" storage="d:\v2.0\a1\_work\dbded102\bin\release.anycpu\tfs.service\ms.tf.workitemtracking.server.l0.tests\ms.tf.workitemtracking.server.l0.tests.dll" id="b8423752-210a-a01c-cb41-ec8e036f218b">
      <Execution id="5b9dccd4-893b-4e7b-8015-2b56aebf95d4" />
      <TestMethod codeBase="D:\v2.0\A1\_work\dbded102\bin\Release.AnyCPU\Tfs.Service\MS.TF.WorkItemTracking.Server.L0.Tests\MS.TF.WorkItemTracking.Server.L0.Tests.dll" adapterTypeName="Microsoft.VisualStudio.TestTools.TestTypes.Unit.UnitTestAdapter" className="MS.TF.WorkItemTracking.Server.L0.Tests.Process.ProcessWorkItemTypeServiceProcessTypeletsTests" name="CanGetRebuiltWithNewCachedTypeExtensionsOnSecondCallAfterSqlNotification" />
    </UnitTest>
    <UnitTest name="CreateFailsForNullName" storage="d:\v2.0\a1\_work\dbded102\bin\release.anycpu\tfs.service\ms.tf.workitemtracking.server.l0.tests\ms.tf.workitemtracking.server.l0.tests.dll" id="ac7ed994-4adf-9c3c-65db-be70139507b7">
      <Execution id="016f90b5-3c7b-4115-b170-234d6b45ae8d" />
      <TestMethod codeBase="D:\v2.0\A1\_work\dbded102\bin\Release.AnyCPU\Tfs.Service\MS.TF.WorkItemTracking.Server.L0.Tests\MS.TF.WorkItemTracking.Server.L0.Tests.dll" adapterTypeName="Microsoft.VisualStudio.TestTools.TestTypes.Unit.UnitTestAdapter" className="MS.TF.WorkItemTracking.Server.L0.Tests.Process.ProcessWorkItemTypeServiceProcessTypeletsTests" name="CreateFailsForNullName" />
    </UnitTest>
    <UnitTest name="CreateFailsForNullParentTypeName" storage="d:\v2.0\a1\_work\dbded102\bin\release.anycpu\tfs.service\ms.tf.workitemtracking.server.l0.tests\ms.tf.workitemtracking.server.l0.tests.dll" id="94fe7d29-4e58-36b5-e562-f4856c485ced">
      <Execution id="0abb16a2-948e-4261-b175-9d68913ee353" />
      <TestMethod codeBase="D:\v2.0\A1\_work\dbded102\bin\Release.AnyCPU\Tfs.Service\MS.TF.WorkItemTracking.Server.L0.Tests\MS.TF.WorkItemTracking.Server.L0.Tests.dll" adapterTypeName="Microsoft.VisualStudio.TestTools.TestTypes.Unit.UnitTestAdapter" className="MS.TF.WorkItemTracking.Server.L0.Tests.Process.ProcessWorkItemTypeServiceProcessTypeletsTests" name="CreateFailsForNullParentTypeName" />
    </UnitTest>
    <UnitTest name="CreateSavesValidInheritedType" storage="d:\v2.0\a1\_work\dbded102\bin\release.anycpu\tfs.service\ms.tf.workitemtracking.server.l0.tests\ms.tf.workitemtracking.server.l0.tests.dll" id="b94c5562-9ea4-2e4b-5566-220a54c5ced6">
      <Execution id="27ff13c5-2187-48e2-a726-c2f6f437a56d" />
      <TestMethod codeBase="D:\v2.0\A1\_work\dbded102\bin\Release.AnyCPU\Tfs.Service\MS.TF.WorkItemTracking.Server.L0.Tests\MS.TF.WorkItemTracking.Server.L0.Tests.dll" adapterTypeName="Microsoft.VisualStudio.TestTools.TestTypes.Unit.UnitTestAdapter" className="MS.TF.WorkItemTracking.Server.L0.Tests.Process.ProcessWorkItemTypeServiceProcessTypeletsTests" name="CreateSavesValidInheritedType" />
    </UnitTest>
    <UnitTest name="CreateUpdatesTypeletCache" storage="d:\v2.0\a1\_work\dbded102\bin\release.anycpu\tfs.service\ms.tf.workitemtracking.server.l0.tests\ms.tf.workitemtracking.server.l0.tests.dll" id="abf8936b-dad0-71ae-a7f2-8113427e3583">
      <Execution id="67255753-d7d0-4dd0-b1ba-0083caee6433" />
      <TestMethod codeBase="D:\v2.0\A1\_work\dbded102\bin\Release.AnyCPU\Tfs.Service\MS.TF.WorkItemTracking.Server.L0.Tests\MS.TF.WorkItemTracking.Server.L0.Tests.dll" adapterTypeName="Microsoft.VisualStudio.TestTools.TestTypes.Unit.UnitTestAdapter" className="MS.TF.WorkItemTracking.Server.L0.Tests.Process.ProcessWorkItemTypeServiceProcessTypeletsTests" name="CreateUpdatesTypeletCache" />
    </UnitTest>
    <UnitTest name="UpdateFailsForBadId" storage="d:\v2.0\a1\_work\dbded102\bin\release.anycpu\tfs.service\ms.tf.workitemtracking.server.l0.tests\ms.tf.workitemtracking.server.l0.tests.dll" id="847d9104-e7c2-84e0-984f-bf823ecac8ee">
      <Execution id="993b74b7-f605-4d50-8f34-03c22244af65" />
      <TestMethod codeBase="D:\v2.0\A1\_work\dbded102\bin\Release.AnyCPU\Tfs.Service\MS.TF.WorkItemTracking.Server.L0.Tests\MS.TF.WorkItemTracking.Server.L0.Tests.dll" adapterTypeName="Microsoft.VisualStudio.TestTools.TestTypes.Unit.UnitTestAdapter" className="MS.TF.WorkItemTracking.Server.L0.Tests.Process.ProcessWorkItemTypeServiceProcessTypeletsTests" name="UpdateFailsForBadId" />
    </UnitTest>
    <UnitTest name="UpdateSavesDescriptionChange" storage="d:\v2.0\a1\_work\dbded102\bin\release.anycpu\tfs.service\ms.tf.workitemtracking.server.l0.tests\ms.tf.workitemtracking.server.l0.tests.dll" id="8bdf8f64-6f19-50a0-4f8e-11cb0172bd0b">
      <Execution id="fbec3ce9-4ddf-4aba-851c-0bb1208734ff" />
      <TestMethod codeBase="D:\v2.0\A1\_work\dbded102\bin\Release.AnyCPU\Tfs.Service\MS.TF.WorkItemTracking.Server.L0.Tests\MS.TF.WorkItemTracking.Server.L0.Tests.dll" adapterTypeName="Microsoft.VisualStudio.TestTools.TestTypes.Unit.UnitTestAdapter" className="MS.TF.WorkItemTracking.Server.L0.Tests.Process.ProcessWorkItemTypeServiceProcessTypeletsTests" name="UpdateSavesDescriptionChange" />
    </UnitTest>
    <UnitTest name="UpdateDoesNotClearCachedMetadataStampsWhenFieldsIsNull" storage="d:\v2.0\a1\_work\dbded102\bin\release.anycpu\tfs.service\ms.tf.workitemtracking.server.l0.tests\ms.tf.workitemtracking.server.l0.tests.dll" id="a434b8d0-b993-9947-3b37-7876d34ae0f7">
      <Execution id="646d6ca1-bb1d-4521-a8a5-1cded242e47a" />
      <TestMethod codeBase="D:\v2.0\A1\_work\dbded102\bin\Release.AnyCPU\Tfs.Service\MS.TF.WorkItemTracking.Server.L0.Tests\MS.TF.WorkItemTracking.Server.L0.Tests.dll" adapterTypeName="Microsoft.VisualStudio.TestTools.TestTypes.Unit.UnitTestAdapter" className="MS.TF.WorkItemTracking.Server.L0.Tests.Process.ProcessWorkItemTypeServiceProcessTypeletsTests" name="UpdateDoesNotClearCachedMetadataStampsWhenFieldsIsNull" />
    </UnitTest>
    <UnitTest name="UpdateUpdatesTypeletCache" storage="d:\v2.0\a1\_work\dbded102\bin\release.anycpu\tfs.service\ms.tf.workitemtracking.server.l0.tests\ms.tf.workitemtracking.server.l0.tests.dll" id="4d9d0cd4-8627-ee03-3c1b-4b429272aafc">
      <Execution id="6e950c30-a86a-45ed-af2f-5998699191e6" />
      <TestMethod codeBase="D:\v2.0\A1\_work\dbded102\bin\Release.AnyCPU\Tfs.Service\MS.TF.WorkItemTracking.Server.L0.Tests\MS.TF.WorkItemTracking.Server.L0.Tests.dll" adapterTypeName="Microsoft.VisualStudio.TestTools.TestTypes.Unit.UnitTestAdapter" className="MS.TF.WorkItemTracking.Server.L0.Tests.Process.ProcessWorkItemTypeServiceProcessTypeletsTests" name="UpdateUpdatesTypeletCache" />
    </UnitTest>
    <UnitTest name="GetWorkItemTypeEmptyProcessId" storage="d:\v2.0\a1\_work\dbded102\bin\release.anycpu\tfs.service\ms.tf.workitemtracking.server.l0.tests\ms.tf.workitemtracking.server.l0.tests.dll" id="4bbe79e1-836c-8abe-bcd1-cff23767707b">
      <Execution id="a020e857-f640-48f2-860d-b240701adf99" />
      <TestMethod codeBase="D:\v2.0\A1\_work\dbded102\bin\Release.AnyCPU\Tfs.Service\MS.TF.WorkItemTracking.Server.L0.Tests\MS.TF.WorkItemTracking.Server.L0.Tests.dll" adapterTypeName="Microsoft.VisualStudio.TestTools.TestTypes.Unit.UnitTestAdapter" className="MS.TF.WorkItemTracking.Server.L0.Tests.Process.ProcessWorkItemTypeServiceTests" name="GetWorkItemTypeEmptyProcessId" />
    </UnitTest>
    <UnitTest name="GetWorkItemTypeEmptyWitReferenceName" storage="d:\v2.0\a1\_work\dbded102\bin\release.anycpu\tfs.service\ms.tf.workitemtracking.server.l0.tests\ms.tf.workitemtracking.server.l0.tests.dll" id="6ff6fb44-7936-4da7-74b4-bd9174c9f73d">
      <Execution id="dc69e819-37d3-4d73-89e5-3f9232f11bbc" />
      <TestMethod codeBase="D:\v2.0\A1\_work\dbded102\bin\Release.AnyCPU\Tfs.Service\MS.TF.WorkItemTracking.Server.L0.Tests\MS.TF.WorkItemTracking.Server.L0.Tests.dll" adapterTypeName="Microsoft.VisualStudio.TestTools.TestTypes.Unit.UnitTestAdapter" className="MS.TF.WorkItemTracking.Server.L0.Tests.Process.ProcessWorkItemTypeServiceTests" name="GetWorkItemTypeEmptyWitReferenceName" />
    </UnitTest>
    <UnitTest name="GetWorkItemTypeNoReadPermission" storage="d:\v2.0\a1\_work\dbded102\bin\release.anycpu\tfs.service\ms.tf.workitemtracking.server.l0.tests\ms.tf.workitemtracking.server.l0.tests.dll" id="bc9dafb1-8541-f9b3-ff0a-81c3d6ebc821">
      <Execution id="af07a95a-6db9-4902-9d96-8831d4d2b989" />
      <TestMethod codeBase="D:\v2.0\A1\_work\dbded102\bin\Release.AnyCPU\Tfs.Service\MS.TF.WorkItemTracking.Server.L0.Tests\MS.TF.WorkItemTracking.Server.L0.Tests.dll" adapterTypeName="Microsoft.VisualStudio.TestTools.TestTypes.Unit.UnitTestAdapter" className="MS.TF.WorkItemTracking.Server.L0.Tests.Process.ProcessWorkItemTypeServiceTests" name="GetWorkItemTypeNoReadPermission" />
    </UnitTest>
    <UnitTest name="GetWorkItemTypeDoesNotExist" storage="d:\v2.0\a1\_work\dbded102\bin\release.anycpu\tfs.service\ms.tf.workitemtracking.server.l0.tests\ms.tf.workitemtracking.server.l0.tests.dll" id="2bf68f04-253e-d851-bef7-1a1a17827b8a">
      <Execution id="260f54e7-37d7-4986-a012-b1396b693bc9" />
      <TestMethod codeBase="D:\v2.0\A1\_work\dbded102\bin\Release.AnyCPU\Tfs.Service\MS.TF.WorkItemTracking.Server.L0.Tests\MS.TF.WorkItemTracking.Server.L0.Tests.dll" adapterTypeName="Microsoft.VisualStudio.TestTools.TestTypes.Unit.UnitTestAdapter" className="MS.TF.WorkItemTracking.Server.L0.Tests.Process.ProcessWorkItemTypeServiceTests" name="GetWorkItemTypeDoesNotExist" />
    </UnitTest>
    <UnitTest name="GetWorkItemTypeOnlyInParent" storage="d:\v2.0\a1\_work\dbded102\bin\release.anycpu\tfs.service\ms.tf.workitemtracking.server.l0.tests\ms.tf.workitemtracking.server.l0.tests.dll" id="9578757a-9912-f049-1098-4006f9e6e75d">
      <Execution id="e3a7df3d-984e-4127-920d-ea91fa5aad69" />
      <TestMethod codeBase="D:\v2.0\A1\_work\dbded102\bin\Release.AnyCPU\Tfs.Service\MS.TF.WorkItemTracking.Server.L0.Tests\MS.TF.WorkItemTracking.Server.L0.Tests.dll" adapterTypeName="Microsoft.VisualStudio.TestTools.TestTypes.Unit.UnitTestAdapter" className="MS.TF.WorkItemTracking.Server.L0.Tests.Process.ProcessWorkItemTypeServiceTests" name="GetWorkItemTypeOnlyInParent" />
    </UnitTest>
    <UnitTest name="GetWorkItemTypeInheritedParentRefName" storage="d:\v2.0\a1\_work\dbded102\bin\release.anycpu\tfs.service\ms.tf.workitemtracking.server.l0.tests\ms.tf.workitemtracking.server.l0.tests.dll" id="300cda21-79f8-16af-a1ef-5572cd2312d9">
      <Execution id="83624c15-98d2-4543-a23e-f2a12374fcdc" />
      <TestMethod codeBase="D:\v2.0\A1\_work\dbded102\bin\Release.AnyCPU\Tfs.Service\MS.TF.WorkItemTracking.Server.L0.Tests\MS.TF.WorkItemTracking.Server.L0.Tests.dll" adapterTypeName="Microsoft.VisualStudio.TestTools.TestTypes.Unit.UnitTestAdapter" className="MS.TF.WorkItemTracking.Server.L0.Tests.Process.ProcessWorkItemTypeServiceTests" name="GetWorkItemTypeInheritedParentRefName" />
    </UnitTest>
    <UnitTest name="GetWorkItemTypeInheritedChildRefName" storage="d:\v2.0\a1\_work\dbded102\bin\release.anycpu\tfs.service\ms.tf.workitemtracking.server.l0.tests\ms.tf.workitemtracking.server.l0.tests.dll" id="a5a647d2-25e0-11f0-1a54-bf21d8a10331">
      <Execution id="5c862737-d55d-489c-aa6c-d6c5d8791014" />
      <TestMethod codeBase="D:\v2.0\A1\_work\dbded102\bin\Release.AnyCPU\Tfs.Service\MS.TF.WorkItemTracking.Server.L0.Tests\MS.TF.WorkItemTracking.Server.L0.Tests.dll" adapterTypeName="Microsoft.VisualStudio.TestTools.TestTypes.Unit.UnitTestAdapter" className="MS.TF.WorkItemTracking.Server.L0.Tests.Process.ProcessWorkItemTypeServiceTests" name="GetWorkItemTypeInheritedChildRefName" />
    </UnitTest>
    <UnitTest name="GetAllWorkItemTypesEmptyProcessId" storage="d:\v2.0\a1\_work\dbded102\bin\release.anycpu\tfs.service\ms.tf.workitemtracking.server.l0.tests\ms.tf.workitemtracking.server.l0.tests.dll" id="5e6c9546-aeac-1a30-70ed-f2b7709cc12f">
      <Execution id="4cddaf84-7e79-43b1-b959-5dfac932626e" />
      <TestMethod codeBase="D:\v2.0\A1\_work\dbded102\bin\Release.AnyCPU\Tfs.Service\MS.TF.WorkItemTracking.Server.L0.Tests\MS.TF.WorkItemTracking.Server.L0.Tests.dll" adapterTypeName="Microsoft.VisualStudio.TestTools.TestTypes.Unit.UnitTestAdapter" className="MS.TF.WorkItemTracking.Server.L0.Tests.Process.ProcessWorkItemTypeServiceTests" name="GetAllWorkItemTypesEmptyProcessId" />
    </UnitTest>
    <UnitTest name="GetAllWorkItemTypesInvalidProcessId" storage="d:\v2.0\a1\_work\dbded102\bin\release.anycpu\tfs.service\ms.tf.workitemtracking.server.l0.tests\ms.tf.workitemtracking.server.l0.tests.dll" id="804b5e13-a793-f0a8-a6e9-9a4669565c50">
      <Execution id="67a20888-c475-42e7-a57a-bd2543fbad3a" />
      <TestMethod codeBase="D:\v2.0\A1\_work\dbded102\bin\Release.AnyCPU\Tfs.Service\MS.TF.WorkItemTracking.Server.L0.Tests\MS.TF.WorkItemTracking.Server.L0.Tests.dll" adapterTypeName="Microsoft.VisualStudio.TestTools.TestTypes.Unit.UnitTestAdapter" className="MS.TF.WorkItemTracking.Server.L0.Tests.Process.ProcessWorkItemTypeServiceTests" name="GetAllWorkItemTypesInvalidProcessId" />
    </UnitTest>
    <UnitTest name="GetAllWorkItemTypesNoReadPermission" storage="d:\v2.0\a1\_work\dbded102\bin\release.anycpu\tfs.service\ms.tf.workitemtracking.server.l0.tests\ms.tf.workitemtracking.server.l0.tests.dll" id="8699b047-b7ac-88f9-5b94-1059d847748b">
      <Execution id="6b0ed06d-41d9-4c3c-a6b2-a21c28823fdf" />
      <TestMethod codeBase="D:\v2.0\A1\_work\dbded102\bin\Release.AnyCPU\Tfs.Service\MS.TF.WorkItemTracking.Server.L0.Tests\MS.TF.WorkItemTracking.Server.L0.Tests.dll" adapterTypeName="Microsoft.VisualStudio.TestTools.TestTypes.Unit.UnitTestAdapter" className="MS.TF.WorkItemTracking.Server.L0.Tests.Process.ProcessWorkItemTypeServiceTests" name="GetAllWorkItemTypesNoReadPermission" />
    </UnitTest>
    <UnitTest name="GetAllWorkItemTypesParentProcess" storage="d:\v2.0\a1\_work\dbded102\bin\release.anycpu\tfs.service\ms.tf.workitemtracking.server.l0.tests\ms.tf.workitemtracking.server.l0.tests.dll" id="ae5c4b2d-38cf-75ef-c4a1-b3156bae6ae6">
      <Execution id="698bd6ae-77a5-4896-a61f-2646d89375c5" />
      <TestMethod codeBase="D:\v2.0\A1\_work\dbded102\bin\Release.AnyCPU\Tfs.Service\MS.TF.WorkItemTracking.Server.L0.Tests\MS.TF.WorkItemTracking.Server.L0.Tests.dll" adapterTypeName="Microsoft.VisualStudio.TestTools.TestTypes.Unit.UnitTestAdapter" className="MS.TF.WorkItemTracking.Server.L0.Tests.Process.ProcessWorkItemTypeServiceTests" name="GetAllWorkItemTypesParentProcess" />
    </UnitTest>
    <UnitTest name="GetAllWorkItemTypesChildProcess" storage="d:\v2.0\a1\_work\dbded102\bin\release.anycpu\tfs.service\ms.tf.workitemtracking.server.l0.tests\ms.tf.workitemtracking.server.l0.tests.dll" id="5d74b239-1614-234c-c9ac-21c67033aecf">
      <Execution id="417eec3e-21a7-4b46-b7ad-d0f810285c52" />
      <TestMethod codeBase="D:\v2.0\A1\_work\dbded102\bin\Release.AnyCPU\Tfs.Service\MS.TF.WorkItemTracking.Server.L0.Tests\MS.TF.WorkItemTracking.Server.L0.Tests.dll" adapterTypeName="Microsoft.VisualStudio.TestTools.TestTypes.Unit.UnitTestAdapter" className="MS.TF.WorkItemTracking.Server.L0.Tests.Process.ProcessWorkItemTypeServiceTests" name="GetAllWorkItemTypesChildProcess" />
    </UnitTest>
    <UnitTest name="GetAvailableFieldsEmptyProcessId" storage="d:\v2.0\a1\_work\dbded102\bin\release.anycpu\tfs.service\ms.tf.workitemtracking.server.l0.tests\ms.tf.workitemtracking.server.l0.tests.dll" id="325f3fad-7ef6-ee89-1355-8b5ce9d70b08">
      <Execution id="8900df64-f054-425c-8ffc-7715c6a80c92" />
      <TestMethod codeBase="D:\v2.0\A1\_work\dbded102\bin\Release.AnyCPU\Tfs.Service\MS.TF.WorkItemTracking.Server.L0.Tests\MS.TF.WorkItemTracking.Server.L0.Tests.dll" adapterTypeName="Microsoft.VisualStudio.TestTools.TestTypes.Unit.UnitTestAdapter" className="MS.TF.WorkItemTracking.Server.L0.Tests.Process.ProcessWorkItemTypeServiceTests" name="GetAvailableFieldsEmptyProcessId" />
    </UnitTest>
    <UnitTest name="GetAvailableFieldsEmptyWitReferenceName" storage="d:\v2.0\a1\_work\dbded102\bin\release.anycpu\tfs.service\ms.tf.workitemtracking.server.l0.tests\ms.tf.workitemtracking.server.l0.tests.dll" id="45f3e5c5-cf0b-0b5c-61ee-952395019322">
      <Execution id="711d14d3-de59-4882-955b-f3fa42674aad" />
      <TestMethod codeBase="D:\v2.0\A1\_work\dbded102\bin\Release.AnyCPU\Tfs.Service\MS.TF.WorkItemTracking.Server.L0.Tests\MS.TF.WorkItemTracking.Server.L0.Tests.dll" adapterTypeName="Microsoft.VisualStudio.TestTools.TestTypes.Unit.UnitTestAdapter" className="MS.TF.WorkItemTracking.Server.L0.Tests.Process.ProcessWorkItemTypeServiceTests" name="GetAvailableFieldsEmptyWitReferenceName" />
    </UnitTest>
    <UnitTest name="GetAvailableFieldsNoReadPermissions" storage="d:\v2.0\a1\_work\dbded102\bin\release.anycpu\tfs.service\ms.tf.workitemtracking.server.l0.tests\ms.tf.workitemtracking.server.l0.tests.dll" id="ae7e9735-b931-aac0-fbae-ba597844f3a3">
      <Execution id="1fb507a9-01b6-4e0b-bb13-b7f6c5b517ef" />
      <TestMethod codeBase="D:\v2.0\A1\_work\dbded102\bin\Release.AnyCPU\Tfs.Service\MS.TF.WorkItemTracking.Server.L0.Tests\MS.TF.WorkItemTracking.Server.L0.Tests.dll" adapterTypeName="Microsoft.VisualStudio.TestTools.TestTypes.Unit.UnitTestAdapter" className="MS.TF.WorkItemTracking.Server.L0.Tests.Process.ProcessWorkItemTypeServiceTests" name="GetAvailableFieldsNoReadPermissions" />
    </UnitTest>
    <UnitTest name="GetAvailableFieldsParentWit" storage="d:\v2.0\a1\_work\dbded102\bin\release.anycpu\tfs.service\ms.tf.workitemtracking.server.l0.tests\ms.tf.workitemtracking.server.l0.tests.dll" id="36edbda0-198a-07a1-1187-3a3c45fe5133">
      <Execution id="bf309c71-74be-4d90-86b7-dc67e379ca83" />
      <TestMethod codeBase="D:\v2.0\A1\_work\dbded102\bin\Release.AnyCPU\Tfs.Service\MS.TF.WorkItemTracking.Server.L0.Tests\MS.TF.WorkItemTracking.Server.L0.Tests.dll" adapterTypeName="Microsoft.VisualStudio.TestTools.TestTypes.Unit.UnitTestAdapter" className="MS.TF.WorkItemTracking.Server.L0.Tests.Process.ProcessWorkItemTypeServiceTests" name="GetAvailableFieldsParentWit" />
    </UnitTest>
    <UnitTest name="GetAvailableFieldsChildProcessParentWit" storage="d:\v2.0\a1\_work\dbded102\bin\release.anycpu\tfs.service\ms.tf.workitemtracking.server.l0.tests\ms.tf.workitemtracking.server.l0.tests.dll" id="acc8ab48-77f8-41c4-6b64-1765175c52e7">
      <Execution id="71a444b2-5336-4fb4-9530-d7cd8124e4be" />
      <TestMethod codeBase="D:\v2.0\A1\_work\dbded102\bin\Release.AnyCPU\Tfs.Service\MS.TF.WorkItemTracking.Server.L0.Tests\MS.TF.WorkItemTracking.Server.L0.Tests.dll" adapterTypeName="Microsoft.VisualStudio.TestTools.TestTypes.Unit.UnitTestAdapter" className="MS.TF.WorkItemTracking.Server.L0.Tests.Process.ProcessWorkItemTypeServiceTests" name="GetAvailableFieldsChildProcessParentWit" />
    </UnitTest>
    <UnitTest name="GetAvailableFieldsChildProcessChildWit" storage="d:\v2.0\a1\_work\dbded102\bin\release.anycpu\tfs.service\ms.tf.workitemtracking.server.l0.tests\ms.tf.workitemtracking.server.l0.tests.dll" id="fc6e04e7-1814-82d6-37a7-c24d4baeb3cb">
      <Execution id="11084045-8f0e-42bf-aedf-ee6b5e6bb840" />
      <TestMethod codeBase="D:\v2.0\A1\_work\dbded102\bin\Release.AnyCPU\Tfs.Service\MS.TF.WorkItemTracking.Server.L0.Tests\MS.TF.WorkItemTracking.Server.L0.Tests.dll" adapterTypeName="Microsoft.VisualStudio.TestTools.TestTypes.Unit.UnitTestAdapter" className="MS.TF.WorkItemTracking.Server.L0.Tests.Process.ProcessWorkItemTypeServiceTests" name="GetAvailableFieldsChildProcessChildWit" />
    </UnitTest>
    <UnitTest name="CreateWorkItemTypeInvalidInheritedTypeName" storage="d:\v2.0\a1\_work\dbded102\bin\release.anycpu\tfs.service\ms.tf.workitemtracking.server.l0.tests\ms.tf.workitemtracking.server.l0.tests.dll" id="e0cab643-f364-1960-6c58-a63aabdc0831">
      <Execution id="ed4e4c75-0344-45fa-aa12-a4228414972f" />
      <TestMethod codeBase="D:\v2.0\A1\_work\dbded102\bin\Release.AnyCPU\Tfs.Service\MS.TF.WorkItemTracking.Server.L0.Tests\MS.TF.WorkItemTracking.Server.L0.Tests.dll" adapterTypeName="Microsoft.VisualStudio.TestTools.TestTypes.Unit.UnitTestAdapter" className="MS.TF.WorkItemTracking.Server.L0.Tests.Process.ProcessWorkItemTypeServiceTests" name="CreateWorkItemTypeInvalidInheritedTypeName" />
    </UnitTest>
    <UnitTest name="CreateWorkItemTypeNameContainsIllegalCharacter" storage="d:\v2.0\a1\_work\dbded102\bin\release.anycpu\tfs.service\ms.tf.workitemtracking.server.l0.tests\ms.tf.workitemtracking.server.l0.tests.dll" id="82234017-d40e-529c-df45-f9ca8079e507">
      <Execution id="bd90212b-7b18-4c36-bfc5-8d16a7f8cb98" />
      <TestMethod codeBase="D:\v2.0\A1\_work\dbded102\bin\Release.AnyCPU\Tfs.Service\MS.TF.WorkItemTracking.Server.L0.Tests\MS.TF.WorkItemTracking.Server.L0.Tests.dll" adapterTypeName="Microsoft.VisualStudio.TestTools.TestTypes.Unit.UnitTestAdapter" className="MS.TF.WorkItemTracking.Server.L0.Tests.Process.ProcessWorkItemTypeServiceTests" name="CreateWorkItemTypeNameContainsIllegalCharacter" />
    </UnitTest>
    <UnitTest name="CreateWorkItemTypNameTooLong" storage="d:\v2.0\a1\_work\dbded102\bin\release.anycpu\tfs.service\ms.tf.workitemtracking.server.l0.tests\ms.tf.workitemtracking.server.l0.tests.dll" id="724d1673-85ed-5df0-60b2-4269bffceb52">
      <Execution id="371f8f0e-6f57-45ad-b209-f30eeb2164bd" />
      <TestMethod codeBase="D:\v2.0\A1\_work\dbded102\bin\Release.AnyCPU\Tfs.Service\MS.TF.WorkItemTracking.Server.L0.Tests\MS.TF.WorkItemTracking.Server.L0.Tests.dll" adapterTypeName="Microsoft.VisualStudio.TestTools.TestTypes.Unit.UnitTestAdapter" className="MS.TF.WorkItemTracking.Server.L0.Tests.Process.ProcessWorkItemTypeServiceTests" name="CreateWorkItemTypNameTooLong" />
    </UnitTest>
    <UnitTest name="CreateWorkItemTypeDescriptionTooLong" storage="d:\v2.0\a1\_work\dbded102\bin\release.anycpu\tfs.service\ms.tf.workitemtracking.server.l0.tests\ms.tf.workitemtracking.server.l0.tests.dll" id="c5d24360-3f41-ef7c-a904-90eaaebdce61">
      <Execution id="0653dee6-91c8-4ab8-92f9-48e4a5d7f554" />
      <TestMethod codeBase="D:\v2.0\A1\_work\dbded102\bin\Release.AnyCPU\Tfs.Service\MS.TF.WorkItemTracking.Server.L0.Tests\MS.TF.WorkItemTracking.Server.L0.Tests.dll" adapterTypeName="Microsoft.VisualStudio.TestTools.TestTypes.Unit.UnitTestAdapter" className="MS.TF.WorkItemTracking.Server.L0.Tests.Process.ProcessWorkItemTypeServiceTests" name="CreateWorkItemTypeDescriptionTooLong" />
    </UnitTest>
    <UnitTest name="CreateWorkItemTypeNoWritePermission" storage="d:\v2.0\a1\_work\dbded102\bin\release.anycpu\tfs.service\ms.tf.workitemtracking.server.l0.tests\ms.tf.workitemtracking.server.l0.tests.dll" id="0f122b05-54f0-9456-9a94-ca2e9d81e043">
      <Execution id="cc2602c1-1713-48c7-bd0c-214a72b41d72" />
      <TestMethod codeBase="D:\v2.0\A1\_work\dbded102\bin\Release.AnyCPU\Tfs.Service\MS.TF.WorkItemTracking.Server.L0.Tests\MS.TF.WorkItemTracking.Server.L0.Tests.dll" adapterTypeName="Microsoft.VisualStudio.TestTools.TestTypes.Unit.UnitTestAdapter" className="MS.TF.WorkItemTracking.Server.L0.Tests.Process.ProcessWorkItemTypeServiceTests" name="CreateWorkItemTypeNoWritePermission" />
    </UnitTest>
    <UnitTest name="CreateWorkItemTypeAlreadyExists" storage="d:\v2.0\a1\_work\dbded102\bin\release.anycpu\tfs.service\ms.tf.workitemtracking.server.l0.tests\ms.tf.workitemtracking.server.l0.tests.dll" id="6adaada0-9467-a84d-27f9-217998f433a3">
      <Execution id="eb90fc79-ffc2-4ebf-8b8d-9c02a8e6b1ce" />
      <TestMethod codeBase="D:\v2.0\A1\_work\dbded102\bin\Release.AnyCPU\Tfs.Service\MS.TF.WorkItemTracking.Server.L0.Tests\MS.TF.WorkItemTracking.Server.L0.Tests.dll" adapterTypeName="Microsoft.VisualStudio.TestTools.TestTypes.Unit.UnitTestAdapter" className="MS.TF.WorkItemTracking.Server.L0.Tests.Process.ProcessWorkItemTypeServiceTests" name="CreateWorkItemTypeAlreadyExists" />
    </UnitTest>
    <UnitTest name="UpdateWorkItemTypeFieldNoWritePermission" storage="d:\v2.0\a1\_work\dbded102\bin\release.anycpu\tfs.service\ms.tf.workitemtracking.server.l0.tests\ms.tf.workitemtracking.server.l0.tests.dll" id="2c0a4f6c-77b2-97ed-a35f-1f44583e24dc">
      <Execution id="ddfe0957-55be-447c-9b48-880f64418d3a" />
      <TestMethod codeBase="D:\v2.0\A1\_work\dbded102\bin\Release.AnyCPU\Tfs.Service\MS.TF.WorkItemTracking.Server.L0.Tests\MS.TF.WorkItemTracking.Server.L0.Tests.dll" adapterTypeName="Microsoft.VisualStudio.TestTools.TestTypes.Unit.UnitTestAdapter" className="MS.TF.WorkItemTracking.Server.L0.Tests.Process.ProcessWorkItemTypeServiceTests" name="UpdateWorkItemTypeFieldNoWritePermission" />
    </UnitTest>
    <UnitTest name="UpdateWorkItemTypeFieldTypeDoesNotExist" storage="d:\v2.0\a1\_work\dbded102\bin\release.anycpu\tfs.service\ms.tf.workitemtracking.server.l0.tests\ms.tf.workitemtracking.server.l0.tests.dll" id="a8394f44-5619-6438-e4e6-69333b297fed">
      <Execution id="ade2522d-f4ca-4a25-ae65-e8b2e525bcb7" />
      <TestMethod codeBase="D:\v2.0\A1\_work\dbded102\bin\Release.AnyCPU\Tfs.Service\MS.TF.WorkItemTracking.Server.L0.Tests\MS.TF.WorkItemTracking.Server.L0.Tests.dll" adapterTypeName="Microsoft.VisualStudio.TestTools.TestTypes.Unit.UnitTestAdapter" className="MS.TF.WorkItemTracking.Server.L0.Tests.Process.ProcessWorkItemTypeServiceTests" name="UpdateWorkItemTypeFieldTypeDoesNotExist" />
    </UnitTest>
    <UnitTest name="UpdateWorkItemTypeFieldDefaultRuleValueChecks" storage="d:\v2.0\a1\_work\dbded102\bin\release.anycpu\tfs.service\ms.tf.workitemtracking.server.l0.tests\ms.tf.workitemtracking.server.l0.tests.dll" id="a64573bb-f1c8-98cb-d96b-a602664bd64d">
      <Execution id="bf0a3704-ac39-4520-b6b1-4a3d02c06c1d" />
      <TestMethod codeBase="D:\v2.0\A1\_work\dbded102\bin\Release.AnyCPU\Tfs.Service\MS.TF.WorkItemTracking.Server.L0.Tests\MS.TF.WorkItemTracking.Server.L0.Tests.dll" adapterTypeName="Microsoft.VisualStudio.TestTools.TestTypes.Unit.UnitTestAdapter" className="MS.TF.WorkItemTracking.Server.L0.Tests.Process.ProcessWorkItemTypeServiceTests" name="UpdateWorkItemTypeFieldDefaultRuleValueChecks" />
    </UnitTest>
    <UnitTest name="UpdateWorkItemTypeFieldMergeFields" storage="d:\v2.0\a1\_work\dbded102\bin\release.anycpu\tfs.service\ms.tf.workitemtracking.server.l0.tests\ms.tf.workitemtracking.server.l0.tests.dll" id="6f0c63a8-1087-72b1-ecbe-a7d5398aab5f">
      <Execution id="f13fa7dc-634c-4594-88cb-253a3e9776bf" />
      <TestMethod codeBase="D:\v2.0\A1\_work\dbded102\bin\Release.AnyCPU\Tfs.Service\MS.TF.WorkItemTracking.Server.L0.Tests\MS.TF.WorkItemTracking.Server.L0.Tests.dll" adapterTypeName="Microsoft.VisualStudio.TestTools.TestTypes.Unit.UnitTestAdapter" className="MS.TF.WorkItemTracking.Server.L0.Tests.Process.ProcessWorkItemTypeServiceTests" name="UpdateWorkItemTypeFieldMergeFields" />
    </UnitTest>
    <UnitTest name="RemoveWorkItemTypeFieldNoWritePermission" storage="d:\v2.0\a1\_work\dbded102\bin\release.anycpu\tfs.service\ms.tf.workitemtracking.server.l0.tests\ms.tf.workitemtracking.server.l0.tests.dll" id="c78a166b-77e4-b21b-7523-ffb513331d28">
      <Execution id="871512ce-e680-4020-8026-4972bbd1c393" />
      <TestMethod codeBase="D:\v2.0\A1\_work\dbded102\bin\Release.AnyCPU\Tfs.Service\MS.TF.WorkItemTracking.Server.L0.Tests\MS.TF.WorkItemTracking.Server.L0.Tests.dll" adapterTypeName="Microsoft.VisualStudio.TestTools.TestTypes.Unit.UnitTestAdapter" className="MS.TF.WorkItemTracking.Server.L0.Tests.Process.ProcessWorkItemTypeServiceTests" name="RemoveWorkItemTypeFieldNoWritePermission" />
    </UnitTest>
    <UnitTest name="RemoveWorkItemTypeFieldTypeDoesNotExist" storage="d:\v2.0\a1\_work\dbded102\bin\release.anycpu\tfs.service\ms.tf.workitemtracking.server.l0.tests\ms.tf.workitemtracking.server.l0.tests.dll" id="18870a5f-e00d-2bcd-eb86-a42ade1f10bb">
      <Execution id="90f01d1b-2f5e-48b8-b60f-c888e9d62859" />
      <TestMethod codeBase="D:\v2.0\A1\_work\dbded102\bin\Release.AnyCPU\Tfs.Service\MS.TF.WorkItemTracking.Server.L0.Tests\MS.TF.WorkItemTracking.Server.L0.Tests.dll" adapterTypeName="Microsoft.VisualStudio.TestTools.TestTypes.Unit.UnitTestAdapter" className="MS.TF.WorkItemTracking.Server.L0.Tests.Process.ProcessWorkItemTypeServiceTests" name="RemoveWorkItemTypeFieldTypeDoesNotExist" />
    </UnitTest>
    <UnitTest name="RemoveWorkItemTypeFieldRemovesRules" storage="d:\v2.0\a1\_work\dbded102\bin\release.anycpu\tfs.service\ms.tf.workitemtracking.server.l0.tests\ms.tf.workitemtracking.server.l0.tests.dll" id="b13d1658-3a79-ded8-cd35-672a21e8ca3a">
      <Execution id="6fbd8018-1d8f-4850-8cd8-f89eb1813e3f" />
      <TestMethod codeBase="D:\v2.0\A1\_work\dbded102\bin\Release.AnyCPU\Tfs.Service\MS.TF.WorkItemTracking.Server.L0.Tests\MS.TF.WorkItemTracking.Server.L0.Tests.dll" adapterTypeName="Microsoft.VisualStudio.TestTools.TestTypes.Unit.UnitTestAdapter" className="MS.TF.WorkItemTracking.Server.L0.Tests.Process.ProcessWorkItemTypeServiceTests" name="RemoveWorkItemTypeFieldRemovesRules" />
    </UnitTest>
    <UnitTest name="WitProcessTemplateValidatorConfigurationReturnsDefaults" storage="d:\v2.0\a1\_work\dbded102\bin\release.anycpu\tfs.service\ms.tf.workitemtracking.server.l0.tests\ms.tf.workitemtracking.server.l0.tests.dll" id="346157a9-1e5c-c324-5563-2b772d37623a">
      <Execution id="59e9adb7-a0b4-410b-b407-b9d11df276eb" />
      <TestMethod codeBase="D:\v2.0\A1\_work\dbded102\bin\Release.AnyCPU\Tfs.Service\MS.TF.WorkItemTracking.Server.L0.Tests\MS.TF.WorkItemTracking.Server.L0.Tests.dll" adapterTypeName="Microsoft.VisualStudio.TestTools.TestTypes.Unit.UnitTestAdapter" className="MS.TF.WorkItemTracking.Server.L0.Tests.ProcessValidator.WitProcessTemplateValidatorConfigurationTests" name="WitProcessTemplateValidatorConfigurationReturnsDefaults" />
    </UnitTest>
    <UnitTest name="WitProcessTemplateValidatorConfigurationReturnsRegistryValues" storage="d:\v2.0\a1\_work\dbded102\bin\release.anycpu\tfs.service\ms.tf.workitemtracking.server.l0.tests\ms.tf.workitemtracking.server.l0.tests.dll" id="30b5b4d3-959f-4381-35a4-6dad35b0db03">
      <Execution id="6137a400-c49d-4bca-824d-132abe58eee7" />
      <TestMethod codeBase="D:\v2.0\A1\_work\dbded102\bin\Release.AnyCPU\Tfs.Service\MS.TF.WorkItemTracking.Server.L0.Tests\MS.TF.WorkItemTracking.Server.L0.Tests.dll" adapterTypeName="Microsoft.VisualStudio.TestTools.TestTypes.Unit.UnitTestAdapter" className="MS.TF.WorkItemTracking.Server.L0.Tests.ProcessValidator.WitProcessTemplateValidatorConfigurationTests" name="WitProcessTemplateValidatorConfigurationReturnsRegistryValues" />
    </UnitTest>
    <UnitTest name="ResultIsNotSuccessfulIfThereAreErrors" storage="d:\v2.0\a1\_work\dbded102\bin\release.anycpu\tfs.service\ms.tf.workitemtracking.server.l0.tests\ms.tf.workitemtracking.server.l0.tests.dll" id="a46f0562-eaf9-3a9f-6539-00b376033ffe">
      <Execution id="4f18b768-ea9a-4b48-942d-9196ab91f758" />
      <TestMethod codeBase="D:\v2.0\A1\_work\dbded102\bin\Release.AnyCPU\Tfs.Service\MS.TF.WorkItemTracking.Server.L0.Tests\MS.TF.WorkItemTracking.Server.L0.Tests.dll" adapterTypeName="Microsoft.VisualStudio.TestTools.TestTypes.Unit.UnitTestAdapter" className="MS.TF.WorkItemTracking.Server.L0.Tests.ProcessValidator.WitProcessTemplateValidatorResultTests" name="ResultIsNotSuccessfulIfThereAreErrors" />
    </UnitTest>
    <UnitTest name="ResultIsSuccessfulIfThereAreNoErrors" storage="d:\v2.0\a1\_work\dbded102\bin\release.anycpu\tfs.service\ms.tf.workitemtracking.server.l0.tests\ms.tf.workitemtracking.server.l0.tests.dll" id="c4fbc45a-1d74-add6-a670-3646759866d6">
      <Execution id="44099b54-19e8-46a1-b83a-0ffc853510f1" />
      <TestMethod codeBase="D:\v2.0\A1\_work\dbded102\bin\Release.AnyCPU\Tfs.Service\MS.TF.WorkItemTracking.Server.L0.Tests\MS.TF.WorkItemTracking.Server.L0.Tests.dll" adapterTypeName="Microsoft.VisualStudio.TestTools.TestTypes.Unit.UnitTestAdapter" className="MS.TF.WorkItemTracking.Server.L0.Tests.ProcessValidator.WitProcessTemplateValidatorResultTests" name="ResultIsSuccessfulIfThereAreNoErrors" />
    </UnitTest>
    <UnitTest name="ValidatorErrorsWhenStateIsMappedToMoreThanOneMetastate" storage="d:\v2.0\a1\_work\dbded102\bin\release.anycpu\tfs.service\ms.tf.workitemtracking.server.l0.tests\ms.tf.workitemtracking.server.l0.tests.dll" id="4adb92ee-79bd-ffde-a632-8679f91afcf4">
      <Execution id="0daf4a63-0d96-4df2-9b97-8e54c5acb6d6" />
      <TestMethod codeBase="D:\v2.0\A1\_work\dbded102\bin\Release.AnyCPU\Tfs.Service\MS.TF.WorkItemTracking.Server.L0.Tests\MS.TF.WorkItemTracking.Server.L0.Tests.dll" adapterTypeName="Microsoft.VisualStudio.TestTools.TestTypes.Unit.UnitTestAdapter" className="MS.TF.WorkItemTracking.Server.L0.Tests.ProcessValidator.WitProcessTemplateValidatorTests" name="ValidatorErrorsWhenStateIsMappedToMoreThanOneMetastate" />
    </UnitTest>
    <UnitTest name="ValidatorErrorsWhenTypeDoesNotHaveAnyOfTheMappedProposedStatesFromFeature" storage="d:\v2.0\a1\_work\dbded102\bin\release.anycpu\tfs.service\ms.tf.workitemtracking.server.l0.tests\ms.tf.workitemtracking.server.l0.tests.dll" id="e3aea890-fa6c-5397-912b-324e798ba894">
      <Execution id="4b9dbea1-26de-4287-9352-50ee9ff54cde" />
      <TestMethod codeBase="D:\v2.0\A1\_work\dbded102\bin\Release.AnyCPU\Tfs.Service\MS.TF.WorkItemTracking.Server.L0.Tests\MS.TF.WorkItemTracking.Server.L0.Tests.dll" adapterTypeName="Microsoft.VisualStudio.TestTools.TestTypes.Unit.UnitTestAdapter" className="MS.TF.WorkItemTracking.Server.L0.Tests.ProcessValidator.WitProcessTemplateValidatorTests" name="ValidatorErrorsWhenTypeDoesNotHaveAnyOfTheMappedProposedStatesFromFeature" />
    </UnitTest>
    <UnitTest name="ValidatorErrorsWhenTypeDoesNotHaveAnyOfTheMappedCompleteStatesFromFeature" storage="d:\v2.0\a1\_work\dbded102\bin\release.anycpu\tfs.service\ms.tf.workitemtracking.server.l0.tests\ms.tf.workitemtracking.server.l0.tests.dll" id="d3a9100d-a9e7-cb85-f9e4-e1e52baf646b">
      <Execution id="198ce8b0-b88a-4a3f-8d50-2ada5106eeb1" />
      <TestMethod codeBase="D:\v2.0\A1\_work\dbded102\bin\Release.AnyCPU\Tfs.Service\MS.TF.WorkItemTracking.Server.L0.Tests\MS.TF.WorkItemTracking.Server.L0.Tests.dll" adapterTypeName="Microsoft.VisualStudio.TestTools.TestTypes.Unit.UnitTestAdapter" className="MS.TF.WorkItemTracking.Server.L0.Tests.ProcessValidator.WitProcessTemplateValidatorTests" name="ValidatorErrorsWhenTypeDoesNotHaveAnyOfTheMappedCompleteStatesFromFeature" />
    </UnitTest>
    <UnitTest name="ValidatorErrorsWhenTypeHasMultipleMappedCompleteStatesFromFeature" storage="d:\v2.0\a1\_work\dbded102\bin\release.anycpu\tfs.service\ms.tf.workitemtracking.server.l0.tests\ms.tf.workitemtracking.server.l0.tests.dll" id="75dc72a2-f12e-beca-e0a1-c53642499c34">
      <Execution id="b36730ad-297d-4775-aedd-29f891326290" />
      <TestMethod codeBase="D:\v2.0\A1\_work\dbded102\bin\Release.AnyCPU\Tfs.Service\MS.TF.WorkItemTracking.Server.L0.Tests\MS.TF.WorkItemTracking.Server.L0.Tests.dll" adapterTypeName="Microsoft.VisualStudio.TestTools.TestTypes.Unit.UnitTestAdapter" className="MS.TF.WorkItemTracking.Server.L0.Tests.ProcessValidator.WitProcessTemplateValidatorTests" name="ValidatorErrorsWhenTypeHasMultipleMappedCompleteStatesFromFeature" />
    </UnitTest>
    <UnitTest name="ValidatorPassesWhenTypeHasMultipleMappedProposedStatesFromFeature" storage="d:\v2.0\a1\_work\dbded102\bin\release.anycpu\tfs.service\ms.tf.workitemtracking.server.l0.tests\ms.tf.workitemtracking.server.l0.tests.dll" id="79ca96c2-de0d-4cb9-31f2-fe8d9ff5eb9f">
      <Execution id="034759f6-5b8a-4d4b-8cf7-71c03ce16c78" />
      <TestMethod codeBase="D:\v2.0\A1\_work\dbded102\bin\Release.AnyCPU\Tfs.Service\MS.TF.WorkItemTracking.Server.L0.Tests\MS.TF.WorkItemTracking.Server.L0.Tests.dll" adapterTypeName="Microsoft.VisualStudio.TestTools.TestTypes.Unit.UnitTestAdapter" className="MS.TF.WorkItemTracking.Server.L0.Tests.ProcessValidator.WitProcessTemplateValidatorTests" name="ValidatorPassesWhenTypeHasMultipleMappedProposedStatesFromFeature" />
    </UnitTest>
    <UnitTest name="ValidatorErrorsWhenTestPlanCategoryIsMissingAndTestPlanFeatureIsNotProvided" storage="d:\v2.0\a1\_work\dbded102\bin\release.anycpu\tfs.service\ms.tf.workitemtracking.server.l0.tests\ms.tf.workitemtracking.server.l0.tests.dll" id="e1c11211-08f2-fe8b-2a1a-f5ea8cbe5156">
      <Execution id="069cf6a1-eefa-40c1-99c5-428b293dfe30" />
      <TestMethod codeBase="D:\v2.0\A1\_work\dbded102\bin\Release.AnyCPU\Tfs.Service\MS.TF.WorkItemTracking.Server.L0.Tests\MS.TF.WorkItemTracking.Server.L0.Tests.dll" adapterTypeName="Microsoft.VisualStudio.TestTools.TestTypes.Unit.UnitTestAdapter" className="MS.TF.WorkItemTracking.Server.L0.Tests.ProcessValidator.WitProcessTemplateValidatorTests" name="ValidatorErrorsWhenTestPlanCategoryIsMissingAndTestPlanFeatureIsNotProvided" />
    </UnitTest>
    <UnitTest name="ValidatorErrorsWhenTestPlanCategoryIsMissingAndTestSuiteFeatureIsNotProvided" storage="d:\v2.0\a1\_work\dbded102\bin\release.anycpu\tfs.service\ms.tf.workitemtracking.server.l0.tests\ms.tf.workitemtracking.server.l0.tests.dll" id="613dee43-4159-6c7f-9db6-aca4c7442130">
      <Execution id="62fc7e02-df78-40db-af9c-8367dcada609" />
      <TestMethod codeBase="D:\v2.0\A1\_work\dbded102\bin\Release.AnyCPU\Tfs.Service\MS.TF.WorkItemTracking.Server.L0.Tests\MS.TF.WorkItemTracking.Server.L0.Tests.dll" adapterTypeName="Microsoft.VisualStudio.TestTools.TestTypes.Unit.UnitTestAdapter" className="MS.TF.WorkItemTracking.Server.L0.Tests.ProcessValidator.WitProcessTemplateValidatorTests" name="ValidatorErrorsWhenTestPlanCategoryIsMissingAndTestSuiteFeatureIsNotProvided" />
    </UnitTest>
    <UnitTest name="ValidatorErrorsWhenTestPlanStateIsMissingAndTestSuiteFeatureIsNotProvided" storage="d:\v2.0\a1\_work\dbded102\bin\release.anycpu\tfs.service\ms.tf.workitemtracking.server.l0.tests\ms.tf.workitemtracking.server.l0.tests.dll" id="b538c639-ef77-3920-3aeb-60e2cd667fca">
      <Execution id="d0ce1e68-291d-4ccd-8396-a70f3c1e243b" />
      <TestMethod codeBase="D:\v2.0\A1\_work\dbded102\bin\Release.AnyCPU\Tfs.Service\MS.TF.WorkItemTracking.Server.L0.Tests\MS.TF.WorkItemTracking.Server.L0.Tests.dll" adapterTypeName="Microsoft.VisualStudio.TestTools.TestTypes.Unit.UnitTestAdapter" className="MS.TF.WorkItemTracking.Server.L0.Tests.ProcessValidator.WitProcessTemplateValidatorTests" name="ValidatorErrorsWhenTestPlanStateIsMissingAndTestSuiteFeatureIsNotProvided" />
    </UnitTest>
    <UnitTest name="ValidatorErrorsWhenTestSuiteStateIsMissingAndTestSuiteFeatureIsNotProvided" storage="d:\v2.0\a1\_work\dbded102\bin\release.anycpu\tfs.service\ms.tf.workitemtracking.server.l0.tests\ms.tf.workitemtracking.server.l0.tests.dll" id="03293ed6-a40b-edb4-35bb-245bfec22d53">
      <Execution id="985d629d-3a6c-4dce-8156-dc524c75de15" />
      <TestMethod codeBase="D:\v2.0\A1\_work\dbded102\bin\Release.AnyCPU\Tfs.Service\MS.TF.WorkItemTracking.Server.L0.Tests\MS.TF.WorkItemTracking.Server.L0.Tests.dll" adapterTypeName="Microsoft.VisualStudio.TestTools.TestTypes.Unit.UnitTestAdapter" className="MS.TF.WorkItemTracking.Server.L0.Tests.ProcessValidator.WitProcessTemplateValidatorTests" name="ValidatorErrorsWhenTestSuiteStateIsMissingAndTestSuiteFeatureIsNotProvided" />
    </UnitTest>
    <UnitTest name="ValidatorPassesWhenTestPlanStateIsNonDefaultAndTestSuiteFeatureIsProvided" storage="d:\v2.0\a1\_work\dbded102\bin\release.anycpu\tfs.service\ms.tf.workitemtracking.server.l0.tests\ms.tf.workitemtracking.server.l0.tests.dll" id="a073a537-bb51-16e1-c419-cb94c2999ae7">
      <Execution id="c9dd719e-6baa-48ae-8198-dd88c29db5e7" />
      <TestMethod codeBase="D:\v2.0\A1\_work\dbded102\bin\Release.AnyCPU\Tfs.Service\MS.TF.WorkItemTracking.Server.L0.Tests\MS.TF.WorkItemTracking.Server.L0.Tests.dll" adapterTypeName="Microsoft.VisualStudio.TestTools.TestTypes.Unit.UnitTestAdapter" className="MS.TF.WorkItemTracking.Server.L0.Tests.ProcessValidator.WitProcessTemplateValidatorTests" name="ValidatorPassesWhenTestPlanStateIsNonDefaultAndTestSuiteFeatureIsProvided" />
    </UnitTest>
    <UnitTest name="ValidatorPassesWhenTestSuiteStateIsNonDefaultAndTestSuiteFeatureIsProvided" storage="d:\v2.0\a1\_work\dbded102\bin\release.anycpu\tfs.service\ms.tf.workitemtracking.server.l0.tests\ms.tf.workitemtracking.server.l0.tests.dll" id="93eae9b9-fe0b-5c0b-ac4d-3c4ed4bd6bc3">
      <Execution id="04366d65-b866-4421-909d-d0994328dc7e" />
      <TestMethod codeBase="D:\v2.0\A1\_work\dbded102\bin\Release.AnyCPU\Tfs.Service\MS.TF.WorkItemTracking.Server.L0.Tests\MS.TF.WorkItemTracking.Server.L0.Tests.dll" adapterTypeName="Microsoft.VisualStudio.TestTools.TestTypes.Unit.UnitTestAdapter" className="MS.TF.WorkItemTracking.Server.L0.Tests.ProcessValidator.WitProcessTemplateValidatorTests" name="ValidatorPassesWhenTestSuiteStateIsNonDefaultAndTestSuiteFeatureIsProvided" />
    </UnitTest>
    <UnitTest name="ValidatorErrorsWithMissingHardcodedCategory" storage="d:\v2.0\a1\_work\dbded102\bin\release.anycpu\tfs.service\ms.tf.workitemtracking.server.l0.tests\ms.tf.workitemtracking.server.l0.tests.dll" id="f76ccab6-81f4-c469-b136-1d2fa2f441f9">
      <Execution id="e0e99291-ea09-4086-b0b5-cf828ffab7da" />
      <TestMethod codeBase="D:\v2.0\A1\_work\dbded102\bin\Release.AnyCPU\Tfs.Service\MS.TF.WorkItemTracking.Server.L0.Tests\MS.TF.WorkItemTracking.Server.L0.Tests.dll" adapterTypeName="Microsoft.VisualStudio.TestTools.TestTypes.Unit.UnitTestAdapter" className="MS.TF.WorkItemTracking.Server.L0.Tests.ProcessValidator.WitProcessTemplateValidatorTests" name="ValidatorErrorsWithMissingHardcodedCategory" />
    </UnitTest>
    <UnitTest name="ValidatorErrorsWhenHardcodedCategoryStateIsMissing" storage="d:\v2.0\a1\_work\dbded102\bin\release.anycpu\tfs.service\ms.tf.workitemtracking.server.l0.tests\ms.tf.workitemtracking.server.l0.tests.dll" id="cde79e5d-2221-76c6-9d5b-2038580227cb">
      <Execution id="0abfe79b-4a72-4e66-b4a3-e2d90e4af9f8" />
      <TestMethod codeBase="D:\v2.0\A1\_work\dbded102\bin\Release.AnyCPU\Tfs.Service\MS.TF.WorkItemTracking.Server.L0.Tests\MS.TF.WorkItemTracking.Server.L0.Tests.dll" adapterTypeName="Microsoft.VisualStudio.TestTools.TestTypes.Unit.UnitTestAdapter" className="MS.TF.WorkItemTracking.Server.L0.Tests.ProcessValidator.WitProcessTemplateValidatorTests" name="ValidatorErrorsWhenHardcodedCategoryStateIsMissing" />
    </UnitTest>
    <UnitTest name="ValidatorErrorsOnMissingFieldForFeature" storage="d:\v2.0\a1\_work\dbded102\bin\release.anycpu\tfs.service\ms.tf.workitemtracking.server.l0.tests\ms.tf.workitemtracking.server.l0.tests.dll" id="328149e2-878f-79db-ec8e-8677770b1561">
      <Execution id="551dd608-6e39-4507-a5b9-053a2aaff3c7" />
      <TestMethod codeBase="D:\v2.0\A1\_work\dbded102\bin\Release.AnyCPU\Tfs.Service\MS.TF.WorkItemTracking.Server.L0.Tests\MS.TF.WorkItemTracking.Server.L0.Tests.dll" adapterTypeName="Microsoft.VisualStudio.TestTools.TestTypes.Unit.UnitTestAdapter" className="MS.TF.WorkItemTracking.Server.L0.Tests.ProcessValidator.WitProcessTemplateValidatorTests" name="ValidatorErrorsOnMissingFieldForFeature" />
    </UnitTest>
    <UnitTest name="ValidatorErrorsOnMissingFieldForFeatureViaHardcodedCategory" storage="d:\v2.0\a1\_work\dbded102\bin\release.anycpu\tfs.service\ms.tf.workitemtracking.server.l0.tests\ms.tf.workitemtracking.server.l0.tests.dll" id="1deea6a9-a31e-a48a-688a-027a5efddf92">
      <Execution id="581d9833-0bf9-4e73-bee9-12269b7e6803" />
      <TestMethod codeBase="D:\v2.0\A1\_work\dbded102\bin\Release.AnyCPU\Tfs.Service\MS.TF.WorkItemTracking.Server.L0.Tests\MS.TF.WorkItemTracking.Server.L0.Tests.dll" adapterTypeName="Microsoft.VisualStudio.TestTools.TestTypes.Unit.UnitTestAdapter" className="MS.TF.WorkItemTracking.Server.L0.Tests.ProcessValidator.WitProcessTemplateValidatorTests" name="ValidatorErrorsOnMissingFieldForFeatureViaHardcodedCategory" />
    </UnitTest>
    <UnitTest name="ValidatorErrorsOnTooManyWITsInTemplate" storage="d:\v2.0\a1\_work\dbded102\bin\release.anycpu\tfs.service\ms.tf.workitemtracking.server.l0.tests\ms.tf.workitemtracking.server.l0.tests.dll" id="df8c33d0-d879-ad87-a6f2-914c7f9bc43b">
      <Execution id="7d295827-bcbc-4ce1-80cd-a51b3692e166" />
      <TestMethod codeBase="D:\v2.0\A1\_work\dbded102\bin\Release.AnyCPU\Tfs.Service\MS.TF.WorkItemTracking.Server.L0.Tests\MS.TF.WorkItemTracking.Server.L0.Tests.dll" adapterTypeName="Microsoft.VisualStudio.TestTools.TestTypes.Unit.UnitTestAdapter" className="MS.TF.WorkItemTracking.Server.L0.Tests.ProcessValidator.WitProcessTemplateValidatorTests" name="ValidatorErrorsOnTooManyWITsInTemplate" />
    </UnitTest>
    <UnitTest name="ValidatorErrorsOnTooManyFieldsInTemplate" storage="d:\v2.0\a1\_work\dbded102\bin\release.anycpu\tfs.service\ms.tf.workitemtracking.server.l0.tests\ms.tf.workitemtracking.server.l0.tests.dll" id="7b075a53-247e-1454-2e40-5c30007e2304">
      <Execution id="df1a9977-da1f-48cb-9de2-79d7930d32ff" />
      <TestMethod codeBase="D:\v2.0\A1\_work\dbded102\bin\Release.AnyCPU\Tfs.Service\MS.TF.WorkItemTracking.Server.L0.Tests\MS.TF.WorkItemTracking.Server.L0.Tests.dll" adapterTypeName="Microsoft.VisualStudio.TestTools.TestTypes.Unit.UnitTestAdapter" className="MS.TF.WorkItemTracking.Server.L0.Tests.ProcessValidator.WitProcessTemplateValidatorTests" name="ValidatorErrorsOnTooManyFieldsInTemplate" />
    </UnitTest>
    <UnitTest name="ValidatorErrorsOnTooManyCategories" storage="d:\v2.0\a1\_work\dbded102\bin\release.anycpu\tfs.service\ms.tf.workitemtracking.server.l0.tests\ms.tf.workitemtracking.server.l0.tests.dll" id="41e66f34-230a-3753-01bc-abdd77965d36">
      <Execution id="83e95e9f-7bce-4ca5-b141-8111506833f4" />
      <TestMethod codeBase="D:\v2.0\A1\_work\dbded102\bin\Release.AnyCPU\Tfs.Service\MS.TF.WorkItemTracking.Server.L0.Tests\MS.TF.WorkItemTracking.Server.L0.Tests.dll" adapterTypeName="Microsoft.VisualStudio.TestTools.TestTypes.Unit.UnitTestAdapter" className="MS.TF.WorkItemTracking.Server.L0.Tests.ProcessValidator.WitProcessTemplateValidatorTests" name="ValidatorErrorsOnTooManyCategories" />
    </UnitTest>
    <UnitTest name="ValidatorErrorsOnTooManyGlobalListsWhenGlobalListsArePermitted" storage="d:\v2.0\a1\_work\dbded102\bin\release.anycpu\tfs.service\ms.tf.workitemtracking.server.l0.tests\ms.tf.workitemtracking.server.l0.tests.dll" id="0533e0fe-df66-1ea7-c2df-e4ce4b1548a7">
      <Execution id="e434c82c-d609-428a-9392-f87be5b7c14c" />
      <TestMethod codeBase="D:\v2.0\A1\_work\dbded102\bin\Release.AnyCPU\Tfs.Service\MS.TF.WorkItemTracking.Server.L0.Tests\MS.TF.WorkItemTracking.Server.L0.Tests.dll" adapterTypeName="Microsoft.VisualStudio.TestTools.TestTypes.Unit.UnitTestAdapter" className="MS.TF.WorkItemTracking.Server.L0.Tests.ProcessValidator.WitProcessTemplateValidatorTests" name="ValidatorErrorsOnTooManyGlobalListsWhenGlobalListsArePermitted" />
    </UnitTest>
    <UnitTest name="ValidatorDoesNotErrorsOnTooManyGlobalListsWhenGlobalListsAreNotPermitted" storage="d:\v2.0\a1\_work\dbded102\bin\release.anycpu\tfs.service\ms.tf.workitemtracking.server.l0.tests\ms.tf.workitemtracking.server.l0.tests.dll" id="9b4fac3d-2ae2-e57e-6b9a-188382130bb2">
      <Execution id="aa2b7b5e-9255-4c38-9dde-61af63eba458" />
      <TestMethod codeBase="D:\v2.0\A1\_work\dbded102\bin\Release.AnyCPU\Tfs.Service\MS.TF.WorkItemTracking.Server.L0.Tests\MS.TF.WorkItemTracking.Server.L0.Tests.dll" adapterTypeName="Microsoft.VisualStudio.TestTools.TestTypes.Unit.UnitTestAdapter" className="MS.TF.WorkItemTracking.Server.L0.Tests.ProcessValidator.WitProcessTemplateValidatorTests" name="ValidatorDoesNotErrorsOnTooManyGlobalListsWhenGlobalListsAreNotPermitted" />
    </UnitTest>
    <UnitTest name="ValidatorErrorsOnTooManyItemsInGlobalListsWhenGlobalListsArePermitted" storage="d:\v2.0\a1\_work\dbded102\bin\release.anycpu\tfs.service\ms.tf.workitemtracking.server.l0.tests\ms.tf.workitemtracking.server.l0.tests.dll" id="9bd60b5e-0f21-91d7-e3f3-7404e39edac1">
      <Execution id="70bed003-ba64-427a-8a92-ea58a167c23c" />
      <TestMethod codeBase="D:\v2.0\A1\_work\dbded102\bin\Release.AnyCPU\Tfs.Service\MS.TF.WorkItemTracking.Server.L0.Tests\MS.TF.WorkItemTracking.Server.L0.Tests.dll" adapterTypeName="Microsoft.VisualStudio.TestTools.TestTypes.Unit.UnitTestAdapter" className="MS.TF.WorkItemTracking.Server.L0.Tests.ProcessValidator.WitProcessTemplateValidatorTests" name="ValidatorErrorsOnTooManyItemsInGlobalListsWhenGlobalListsArePermitted" />
    </UnitTest>
    <UnitTest name="ValidatorDoesNotErrorsOnTooManyItemsInGlobalListsWhenGlobalListsAreNotPermitted" storage="d:\v2.0\a1\_work\dbded102\bin\release.anycpu\tfs.service\ms.tf.workitemtracking.server.l0.tests\ms.tf.workitemtracking.server.l0.tests.dll" id="4178f710-1c0d-3f87-d897-33cbb54f1d5c">
      <Execution id="c43917f9-1c2a-4a5f-8b47-6de57c7fb083" />
      <TestMethod codeBase="D:\v2.0\A1\_work\dbded102\bin\Release.AnyCPU\Tfs.Service\MS.TF.WorkItemTracking.Server.L0.Tests\MS.TF.WorkItemTracking.Server.L0.Tests.dll" adapterTypeName="Microsoft.VisualStudio.TestTools.TestTypes.Unit.UnitTestAdapter" className="MS.TF.WorkItemTracking.Server.L0.Tests.ProcessValidator.WitProcessTemplateValidatorTests" name="ValidatorDoesNotErrorsOnTooManyItemsInGlobalListsWhenGlobalListsAreNotPermitted" />
    </UnitTest>
    <UnitTest name="ValidatorErrorsIfTooManyCustomLinkTypesAreDefinedAndCustomLinkTypesArePermitted" storage="d:\v2.0\a1\_work\dbded102\bin\release.anycpu\tfs.service\ms.tf.workitemtracking.server.l0.tests\ms.tf.workitemtracking.server.l0.tests.dll" id="ea9ebb11-ea77-4694-696b-d06ee0a2a731">
      <Execution id="1aedf4b0-00cf-4f6c-86ab-035dd8caacb2" />
      <TestMethod codeBase="D:\v2.0\A1\_work\dbded102\bin\Release.AnyCPU\Tfs.Service\MS.TF.WorkItemTracking.Server.L0.Tests\MS.TF.WorkItemTracking.Server.L0.Tests.dll" adapterTypeName="Microsoft.VisualStudio.TestTools.TestTypes.Unit.UnitTestAdapter" className="MS.TF.WorkItemTracking.Server.L0.Tests.ProcessValidator.WitProcessTemplateValidatorTests" name="ValidatorErrorsIfTooManyCustomLinkTypesAreDefinedAndCustomLinkTypesArePermitted" />
    </UnitTest>
    <UnitTest name="ValidatorDoesNotErrorOnTooManyCustomLinkTypesAreDefinedAndCustomLinkTypesAreNotPermitted" storage="d:\v2.0\a1\_work\dbded102\bin\release.anycpu\tfs.service\ms.tf.workitemtracking.server.l0.tests\ms.tf.workitemtracking.server.l0.tests.dll" id="35eab3a8-e310-a103-3496-599d135029c1">
      <Execution id="fc761ab2-1161-4030-8c87-c4da7778c42b" />
      <TestMethod codeBase="D:\v2.0\A1\_work\dbded102\bin\Release.AnyCPU\Tfs.Service\MS.TF.WorkItemTracking.Server.L0.Tests\MS.TF.WorkItemTracking.Server.L0.Tests.dll" adapterTypeName="Microsoft.VisualStudio.TestTools.TestTypes.Unit.UnitTestAdapter" className="MS.TF.WorkItemTracking.Server.L0.Tests.ProcessValidator.WitProcessTemplateValidatorTests" name="ValidatorDoesNotErrorOnTooManyCustomLinkTypesAreDefinedAndCustomLinkTypesAreNotPermitted" />
    </UnitTest>
    <UnitTest name="ValidatorErrorsForWorkItemWithTooManyStates" storage="d:\v2.0\a1\_work\dbded102\bin\release.anycpu\tfs.service\ms.tf.workitemtracking.server.l0.tests\ms.tf.workitemtracking.server.l0.tests.dll" id="e11c127e-d735-902b-aaaf-7c58f71fdba3">
      <Execution id="dafee2a6-11a0-4c73-af4b-496155e8b7dd" />
      <TestMethod codeBase="D:\v2.0\A1\_work\dbded102\bin\Release.AnyCPU\Tfs.Service\MS.TF.WorkItemTracking.Server.L0.Tests\MS.TF.WorkItemTracking.Server.L0.Tests.dll" adapterTypeName="Microsoft.VisualStudio.TestTools.TestTypes.Unit.UnitTestAdapter" className="MS.TF.WorkItemTracking.Server.L0.Tests.ProcessValidator.WitProcessTemplateValidatorTests" name="ValidatorErrorsForWorkItemWithTooManyStates" />
    </UnitTest>
    <UnitTest name="ValidatorErrorsForWorkItemWithTooManyValuesInAllowedValuesList" storage="d:\v2.0\a1\_work\dbded102\bin\release.anycpu\tfs.service\ms.tf.workitemtracking.server.l0.tests\ms.tf.workitemtracking.server.l0.tests.dll" id="8d39ec3b-9bc1-2390-da4c-41f9ca676448">
      <Execution id="a7ba58be-0875-4897-881c-69f322ddad3b" />
      <TestMethod codeBase="D:\v2.0\A1\_work\dbded102\bin\Release.AnyCPU\Tfs.Service\MS.TF.WorkItemTracking.Server.L0.Tests\MS.TF.WorkItemTracking.Server.L0.Tests.dll" adapterTypeName="Microsoft.VisualStudio.TestTools.TestTypes.Unit.UnitTestAdapter" className="MS.TF.WorkItemTracking.Server.L0.Tests.ProcessValidator.WitProcessTemplateValidatorTests" name="ValidatorErrorsForWorkItemWithTooManyValuesInAllowedValuesList" />
    </UnitTest>
    <UnitTest name="ValidatorErrorsForWorkItemTypeWithTooManySyncNameChangesFields" storage="d:\v2.0\a1\_work\dbded102\bin\release.anycpu\tfs.service\ms.tf.workitemtracking.server.l0.tests\ms.tf.workitemtracking.server.l0.tests.dll" id="e716f945-54ec-93a4-ac34-96a3d362b106">
      <Execution id="dbe3d80e-63ff-4320-9b3e-bd36e533fd41" />
      <TestMethod codeBase="D:\v2.0\A1\_work\dbded102\bin\Release.AnyCPU\Tfs.Service\MS.TF.WorkItemTracking.Server.L0.Tests\MS.TF.WorkItemTracking.Server.L0.Tests.dll" adapterTypeName="Microsoft.VisualStudio.TestTools.TestTypes.Unit.UnitTestAdapter" className="MS.TF.WorkItemTracking.Server.L0.Tests.ProcessValidator.WitProcessTemplateValidatorTests" name="ValidatorErrorsForWorkItemTypeWithTooManySyncNameChangesFields" />
    </UnitTest>
    <UnitTest name="ValidatorErrorsForTooManyFieldsOnWorkItemType" storage="d:\v2.0\a1\_work\dbded102\bin\release.anycpu\tfs.service\ms.tf.workitemtracking.server.l0.tests\ms.tf.workitemtracking.server.l0.tests.dll" id="cf2eb544-ce12-beaf-e33a-8c9a6c40408d">
      <Execution id="44e1955c-2b72-4095-874b-b84a333cf4fc" />
      <TestMethod codeBase="D:\v2.0\A1\_work\dbded102\bin\Release.AnyCPU\Tfs.Service\MS.TF.WorkItemTracking.Server.L0.Tests\MS.TF.WorkItemTracking.Server.L0.Tests.dll" adapterTypeName="Microsoft.VisualStudio.TestTools.TestTypes.Unit.UnitTestAdapter" className="MS.TF.WorkItemTracking.Server.L0.Tests.ProcessValidator.WitProcessTemplateValidatorTests" name="ValidatorErrorsForTooManyFieldsOnWorkItemType" />
    </UnitTest>
    <UnitTest name="ValidatorErrorsForTooManyLeafNodeRulesOnWorkItemType" storage="d:\v2.0\a1\_work\dbded102\bin\release.anycpu\tfs.service\ms.tf.workitemtracking.server.l0.tests\ms.tf.workitemtracking.server.l0.tests.dll" id="4f2cf9c7-5e93-e4c2-7031-b19171d78b24">
      <Execution id="8f3b4fe7-ede4-4eed-844d-61fdf499df45" />
      <TestMethod codeBase="D:\v2.0\A1\_work\dbded102\bin\Release.AnyCPU\Tfs.Service\MS.TF.WorkItemTracking.Server.L0.Tests\MS.TF.WorkItemTracking.Server.L0.Tests.dll" adapterTypeName="Microsoft.VisualStudio.TestTools.TestTypes.Unit.UnitTestAdapter" className="MS.TF.WorkItemTracking.Server.L0.Tests.ProcessValidator.WitProcessTemplateValidatorTests" name="ValidatorErrorsForTooManyLeafNodeRulesOnWorkItemType" />
    </UnitTest>
    <UnitTest name="ValidatorErrorsWithSingleTemplateNameForFieldWithInconsistentDefinition" storage="d:\v2.0\a1\_work\dbded102\bin\release.anycpu\tfs.service\ms.tf.workitemtracking.server.l0.tests\ms.tf.workitemtracking.server.l0.tests.dll" id="239f27e5-620b-9270-7a74-58ca99aa6bb8">
      <Execution id="35707c35-2dea-45fb-bfe8-5e9ec5e21f38" />
      <TestMethod codeBase="D:\v2.0\A1\_work\dbded102\bin\Release.AnyCPU\Tfs.Service\MS.TF.WorkItemTracking.Server.L0.Tests\MS.TF.WorkItemTracking.Server.L0.Tests.dll" adapterTypeName="Microsoft.VisualStudio.TestTools.TestTypes.Unit.UnitTestAdapter" className="MS.TF.WorkItemTracking.Server.L0.Tests.ProcessValidator.WitProcessTemplateValidatorTests" name="ValidatorErrorsWithSingleTemplateNameForFieldWithInconsistentDefinition" />
    </UnitTest>
    <UnitTest name="ValidatorErrorsForFieldsWithSyncNameChangesInconsistentInTemplate" storage="d:\v2.0\a1\_work\dbded102\bin\release.anycpu\tfs.service\ms.tf.workitemtracking.server.l0.tests\ms.tf.workitemtracking.server.l0.tests.dll" id="e444ed0a-4571-5b64-e3e6-3fcb2ecf7394">
      <Execution id="e57e156e-107f-4377-adb8-8fa3e64bd091" />
      <TestMethod codeBase="D:\v2.0\A1\_work\dbded102\bin\Release.AnyCPU\Tfs.Service\MS.TF.WorkItemTracking.Server.L0.Tests\MS.TF.WorkItemTracking.Server.L0.Tests.dll" adapterTypeName="Microsoft.VisualStudio.TestTools.TestTypes.Unit.UnitTestAdapter" className="MS.TF.WorkItemTracking.Server.L0.Tests.ProcessValidator.WitProcessTemplateValidatorTests" name="ValidatorErrorsForFieldsWithSyncNameChangesInconsistentInTemplate" />
    </UnitTest>
    <UnitTest name="ValidatorErrorsForFieldsWithSyncNameChangesNotOnSystemField" storage="d:\v2.0\a1\_work\dbded102\bin\release.anycpu\tfs.service\ms.tf.workitemtracking.server.l0.tests\ms.tf.workitemtracking.server.l0.tests.dll" id="c62ea68c-7565-525c-aa20-ea90735e1a18">
      <Execution id="11b72240-5c6e-495b-9aa6-46e11d442181" />
      <TestMethod codeBase="D:\v2.0\A1\_work\dbded102\bin\Release.AnyCPU\Tfs.Service\MS.TF.WorkItemTracking.Server.L0.Tests\MS.TF.WorkItemTracking.Server.L0.Tests.dll" adapterTypeName="Microsoft.VisualStudio.TestTools.TestTypes.Unit.UnitTestAdapter" className="MS.TF.WorkItemTracking.Server.L0.Tests.ProcessValidator.WitProcessTemplateValidatorTests" name="ValidatorErrorsForFieldsWithSyncNameChangesNotOnSystemField" />
    </UnitTest>
    <UnitTest name="ValidatorErrorsForFieldsWithSyncNameChangesOnSystemField" storage="d:\v2.0\a1\_work\dbded102\bin\release.anycpu\tfs.service\ms.tf.workitemtracking.server.l0.tests\ms.tf.workitemtracking.server.l0.tests.dll" id="18bcd173-5d17-509d-5263-3bb6471de613">
      <Execution id="d769a3db-b577-42fd-9ef7-7449b783ddfc" />
      <TestMethod codeBase="D:\v2.0\A1\_work\dbded102\bin\Release.AnyCPU\Tfs.Service\MS.TF.WorkItemTracking.Server.L0.Tests\MS.TF.WorkItemTracking.Server.L0.Tests.dll" adapterTypeName="Microsoft.VisualStudio.TestTools.TestTypes.Unit.UnitTestAdapter" className="MS.TF.WorkItemTracking.Server.L0.Tests.ProcessValidator.WitProcessTemplateValidatorTests" name="ValidatorErrorsForFieldsWithSyncNameChangesOnSystemField" />
    </UnitTest>
    <UnitTest name="ValidatorPassesSpecifiedTestPlanAndTestSuiteSections" storage="d:\v2.0\a1\_work\dbded102\bin\release.anycpu\tfs.service\ms.tf.workitemtracking.server.l0.tests\ms.tf.workitemtracking.server.l0.tests.dll" id="c04e3f5c-48bf-91d2-51a4-51463bfbe68f">
      <Execution id="2a247062-33d9-4aaf-8e70-ccc8c763e920" />
      <TestMethod codeBase="D:\v2.0\A1\_work\dbded102\bin\Release.AnyCPU\Tfs.Service\MS.TF.WorkItemTracking.Server.L0.Tests\MS.TF.WorkItemTracking.Server.L0.Tests.dll" adapterTypeName="Microsoft.VisualStudio.TestTools.TestTypes.Unit.UnitTestAdapter" className="MS.TF.WorkItemTracking.Server.L0.Tests.ProcessValidator.WitProcessTemplateValidatorTests" name="ValidatorPassesSpecifiedTestPlanAndTestSuiteSections" />
    </UnitTest>
    <UnitTest name="ValidatorDoesNotErrorForMalformedBugWorkItemElement" storage="d:\v2.0\a1\_work\dbded102\bin\release.anycpu\tfs.service\ms.tf.workitemtracking.server.l0.tests\ms.tf.workitemtracking.server.l0.tests.dll" id="767b5a2f-6490-c6f2-3942-9bc15c9dfa25">
      <Execution id="351ab7d8-a355-45a7-b55f-30f5c9fc5c50" />
      <TestMethod codeBase="D:\v2.0\A1\_work\dbded102\bin\Release.AnyCPU\Tfs.Service\MS.TF.WorkItemTracking.Server.L0.Tests\MS.TF.WorkItemTracking.Server.L0.Tests.dll" adapterTypeName="Microsoft.VisualStudio.TestTools.TestTypes.Unit.UnitTestAdapter" className="MS.TF.WorkItemTracking.Server.L0.Tests.ProcessValidator.WitProcessTemplateValidatorTests" name="ValidatorDoesNotErrorForMalformedBugWorkItemElement" />
    </UnitTest>
    <UnitTest name="ValidatorPassesKnownGoodTemplate" storage="d:\v2.0\a1\_work\dbded102\bin\release.anycpu\tfs.service\ms.tf.workitemtracking.server.l0.tests\ms.tf.workitemtracking.server.l0.tests.dll" id="e0f63bb4-b4ea-d2f5-0179-fa9c862ceef6">
      <Execution id="37f3c674-8274-4dab-8b9d-9d6bb68fe611" />
      <TestMethod codeBase="D:\v2.0\A1\_work\dbded102\bin\Release.AnyCPU\Tfs.Service\MS.TF.WorkItemTracking.Server.L0.Tests\MS.TF.WorkItemTracking.Server.L0.Tests.dll" adapterTypeName="Microsoft.VisualStudio.TestTools.TestTypes.Unit.UnitTestAdapter" className="MS.TF.WorkItemTracking.Server.L0.Tests.ProcessValidator.WitProcessTemplateValidatorTests" name="ValidatorPassesKnownGoodTemplate" />
    </UnitTest>
    <UnitTest name="ValidatorErrorsOnSchemaViolationOnCategories" storage="d:\v2.0\a1\_work\dbded102\bin\release.anycpu\tfs.service\ms.tf.workitemtracking.server.l0.tests\ms.tf.workitemtracking.server.l0.tests.dll" id="32ff4bea-34ed-8e32-2d8a-70333353767b">
      <Execution id="af4839e6-14fc-43e9-ae3b-3f732f2e8c2e" />
      <TestMethod codeBase="D:\v2.0\A1\_work\dbded102\bin\Release.AnyCPU\Tfs.Service\MS.TF.WorkItemTracking.Server.L0.Tests\MS.TF.WorkItemTracking.Server.L0.Tests.dll" adapterTypeName="Microsoft.VisualStudio.TestTools.TestTypes.Unit.UnitTestAdapter" className="MS.TF.WorkItemTracking.Server.L0.Tests.ProcessValidator.WitProcessTemplateValidatorTests" name="ValidatorErrorsOnSchemaViolationOnCategories" />
    </UnitTest>
    <UnitTest name="ValidatorErrorsOnSchemaViolationOnWIT" storage="d:\v2.0\a1\_work\dbded102\bin\release.anycpu\tfs.service\ms.tf.workitemtracking.server.l0.tests\ms.tf.workitemtracking.server.l0.tests.dll" id="5eee057a-50c8-83d7-581d-4499d35afe73">
      <Execution id="7b1f0e65-c46c-4cc8-9b90-851bad8c55a1" />
      <TestMethod codeBase="D:\v2.0\A1\_work\dbded102\bin\Release.AnyCPU\Tfs.Service\MS.TF.WorkItemTracking.Server.L0.Tests\MS.TF.WorkItemTracking.Server.L0.Tests.dll" adapterTypeName="Microsoft.VisualStudio.TestTools.TestTypes.Unit.UnitTestAdapter" className="MS.TF.WorkItemTracking.Server.L0.Tests.ProcessValidator.WitProcessTemplateValidatorTests" name="ValidatorErrorsOnSchemaViolationOnWIT" />
    </UnitTest>
    <UnitTest name="ValidatorErrorsOnSchemaViolationOnLinkType" storage="d:\v2.0\a1\_work\dbded102\bin\release.anycpu\tfs.service\ms.tf.workitemtracking.server.l0.tests\ms.tf.workitemtracking.server.l0.tests.dll" id="70142317-2c2a-f0d3-63ae-2ad93b01369f">
      <Execution id="307eed71-a5c8-4077-9d2b-8111599c3e73" />
      <TestMethod codeBase="D:\v2.0\A1\_work\dbded102\bin\Release.AnyCPU\Tfs.Service\MS.TF.WorkItemTracking.Server.L0.Tests\MS.TF.WorkItemTracking.Server.L0.Tests.dll" adapterTypeName="Microsoft.VisualStudio.TestTools.TestTypes.Unit.UnitTestAdapter" className="MS.TF.WorkItemTracking.Server.L0.Tests.ProcessValidator.WitProcessTemplateValidatorTests" name="ValidatorErrorsOnSchemaViolationOnLinkType" />
    </UnitTest>
    <UnitTest name="ValidatorErrorsOnMissingProcessTemplateXmlFileInPackage" storage="d:\v2.0\a1\_work\dbded102\bin\release.anycpu\tfs.service\ms.tf.workitemtracking.server.l0.tests\ms.tf.workitemtracking.server.l0.tests.dll" id="2c9df544-5832-376a-ecd1-0022cbcad4d4">
      <Execution id="fd1831a5-94cb-4793-b2bb-d3650d80f7dd" />
      <TestMethod codeBase="D:\v2.0\A1\_work\dbded102\bin\Release.AnyCPU\Tfs.Service\MS.TF.WorkItemTracking.Server.L0.Tests\MS.TF.WorkItemTracking.Server.L0.Tests.dll" adapterTypeName="Microsoft.VisualStudio.TestTools.TestTypes.Unit.UnitTestAdapter" className="MS.TF.WorkItemTracking.Server.L0.Tests.ProcessValidator.WitProcessTemplateValidatorTests" name="ValidatorErrorsOnMissingProcessTemplateXmlFileInPackage" />
    </UnitTest>
    <UnitTest name="ValidatorErrorsOnDocumentParsingFailureExceptionForProcessTemplate" storage="d:\v2.0\a1\_work\dbded102\bin\release.anycpu\tfs.service\ms.tf.workitemtracking.server.l0.tests\ms.tf.workitemtracking.server.l0.tests.dll" id="90e6a74f-f40f-d1ac-3e71-8dd8bdb2529a">
      <Execution id="5a777769-f1a0-47dc-9b25-c14296cb3154" />
      <TestMethod codeBase="D:\v2.0\A1\_work\dbded102\bin\Release.AnyCPU\Tfs.Service\MS.TF.WorkItemTracking.Server.L0.Tests\MS.TF.WorkItemTracking.Server.L0.Tests.dll" adapterTypeName="Microsoft.VisualStudio.TestTools.TestTypes.Unit.UnitTestAdapter" className="MS.TF.WorkItemTracking.Server.L0.Tests.ProcessValidator.WitProcessTemplateValidatorTests" name="ValidatorErrorsOnDocumentParsingFailureExceptionForProcessTemplate" />
    </UnitTest>
    <UnitTest name="ValidatorErrorsOnMissingWorkItemTrackingConfigurationInPackage" storage="d:\v2.0\a1\_work\dbded102\bin\release.anycpu\tfs.service\ms.tf.workitemtracking.server.l0.tests\ms.tf.workitemtracking.server.l0.tests.dll" id="c5ec0c93-b563-7cc6-d38a-430c985d555a">
      <Execution id="6df7e4ce-0e8a-4d3c-95e9-db998c97f8c8" />
      <TestMethod codeBase="D:\v2.0\A1\_work\dbded102\bin\Release.AnyCPU\Tfs.Service\MS.TF.WorkItemTracking.Server.L0.Tests\MS.TF.WorkItemTracking.Server.L0.Tests.dll" adapterTypeName="Microsoft.VisualStudio.TestTools.TestTypes.Unit.UnitTestAdapter" className="MS.TF.WorkItemTracking.Server.L0.Tests.ProcessValidator.WitProcessTemplateValidatorTests" name="ValidatorErrorsOnMissingWorkItemTrackingConfigurationInPackage" />
    </UnitTest>
    <UnitTest name="ValidatorErrorsOnMissingWorkItemTrackingGroupInProcessTemplate" storage="d:\v2.0\a1\_work\dbded102\bin\release.anycpu\tfs.service\ms.tf.workitemtracking.server.l0.tests\ms.tf.workitemtracking.server.l0.tests.dll" id="730cdf52-2633-db1a-86d9-73750d890a9a">
      <Execution id="b2b4f450-116b-4325-8f6e-c5606c4bf05e" />
      <TestMethod codeBase="D:\v2.0\A1\_work\dbded102\bin\Release.AnyCPU\Tfs.Service\MS.TF.WorkItemTracking.Server.L0.Tests\MS.TF.WorkItemTracking.Server.L0.Tests.dll" adapterTypeName="Microsoft.VisualStudio.TestTools.TestTypes.Unit.UnitTestAdapter" className="MS.TF.WorkItemTracking.Server.L0.Tests.ProcessValidator.WitProcessTemplateValidatorTests" name="ValidatorErrorsOnMissingWorkItemTrackingGroupInProcessTemplate" />
    </UnitTest>
    <UnitTest name="ValidatorErrorsOnMissingWorkItemTypeFiles" storage="d:\v2.0\a1\_work\dbded102\bin\release.anycpu\tfs.service\ms.tf.workitemtracking.server.l0.tests\ms.tf.workitemtracking.server.l0.tests.dll" id="d547e62b-f7e1-cf54-5064-f6feba255027">
      <Execution id="c7836cdd-2e9b-419e-94e3-612a683b2209" />
      <TestMethod codeBase="D:\v2.0\A1\_work\dbded102\bin\Release.AnyCPU\Tfs.Service\MS.TF.WorkItemTracking.Server.L0.Tests\MS.TF.WorkItemTracking.Server.L0.Tests.dll" adapterTypeName="Microsoft.VisualStudio.TestTools.TestTypes.Unit.UnitTestAdapter" className="MS.TF.WorkItemTracking.Server.L0.Tests.ProcessValidator.WitProcessTemplateValidatorTests" name="ValidatorErrorsOnMissingWorkItemTypeFiles" />
    </UnitTest>
    <UnitTest name="ValidatorErrorsOnMissingCategoriesFile" storage="d:\v2.0\a1\_work\dbded102\bin\release.anycpu\tfs.service\ms.tf.workitemtracking.server.l0.tests\ms.tf.workitemtracking.server.l0.tests.dll" id="b47e6397-a17a-3c81-17ca-0f1ea8a06cd7">
      <Execution id="ae98033f-e1f0-42d9-8c97-e76d7e7431bc" />
      <TestMethod codeBase="D:\v2.0\A1\_work\dbded102\bin\Release.AnyCPU\Tfs.Service\MS.TF.WorkItemTracking.Server.L0.Tests\MS.TF.WorkItemTracking.Server.L0.Tests.dll" adapterTypeName="Microsoft.VisualStudio.TestTools.TestTypes.Unit.UnitTestAdapter" className="MS.TF.WorkItemTracking.Server.L0.Tests.ProcessValidator.WitProcessTemplateValidatorTests" name="ValidatorErrorsOnMissingCategoriesFile" />
    </UnitTest>
    <UnitTest name="ValidatorErrorsOnMissingProcessConfigurationFile" storage="d:\v2.0\a1\_work\dbded102\bin\release.anycpu\tfs.service\ms.tf.workitemtracking.server.l0.tests\ms.tf.workitemtracking.server.l0.tests.dll" id="21b9da98-3fca-c946-c8d3-98744c275416">
      <Execution id="be081b82-3177-4ce1-92c3-5d0329c75a78" />
      <TestMethod codeBase="D:\v2.0\A1\_work\dbded102\bin\Release.AnyCPU\Tfs.Service\MS.TF.WorkItemTracking.Server.L0.Tests\MS.TF.WorkItemTracking.Server.L0.Tests.dll" adapterTypeName="Microsoft.VisualStudio.TestTools.TestTypes.Unit.UnitTestAdapter" className="MS.TF.WorkItemTracking.Server.L0.Tests.ProcessValidator.WitProcessTemplateValidatorTests" name="ValidatorErrorsOnMissingProcessConfigurationFile" />
    </UnitTest>
    <UnitTest name="ValidatorErrorsOnNoLinkToProcessConfigDocumentInWorkItemTrackingFile" storage="d:\v2.0\a1\_work\dbded102\bin\release.anycpu\tfs.service\ms.tf.workitemtracking.server.l0.tests\ms.tf.workitemtracking.server.l0.tests.dll" id="2dfc72f1-8ea0-3597-b915-9098ae8a8076">
      <Execution id="b0e489b7-aaa3-4d24-be4e-5cc0ab025124" />
      <TestMethod codeBase="D:\v2.0\A1\_work\dbded102\bin\Release.AnyCPU\Tfs.Service\MS.TF.WorkItemTracking.Server.L0.Tests\MS.TF.WorkItemTracking.Server.L0.Tests.dll" adapterTypeName="Microsoft.VisualStudio.TestTools.TestTypes.Unit.UnitTestAdapter" className="MS.TF.WorkItemTracking.Server.L0.Tests.ProcessValidator.WitProcessTemplateValidatorTests" name="ValidatorErrorsOnNoLinkToProcessConfigDocumentInWorkItemTrackingFile" />
    </UnitTest>
    <UnitTest name="ValidatorErrorsOnMultipleProcessConfigurationFiles" storage="d:\v2.0\a1\_work\dbded102\bin\release.anycpu\tfs.service\ms.tf.workitemtracking.server.l0.tests\ms.tf.workitemtracking.server.l0.tests.dll" id="169cb8d0-61dd-f4f3-3122-e6f9453cd013">
      <Execution id="4a4896cb-d341-41b4-8cc3-58a9fe4e8730" />
      <TestMethod codeBase="D:\v2.0\A1\_work\dbded102\bin\Release.AnyCPU\Tfs.Service\MS.TF.WorkItemTracking.Server.L0.Tests\MS.TF.WorkItemTracking.Server.L0.Tests.dll" adapterTypeName="Microsoft.VisualStudio.TestTools.TestTypes.Unit.UnitTestAdapter" className="MS.TF.WorkItemTracking.Server.L0.Tests.ProcessValidator.WitProcessTemplateValidatorTests" name="ValidatorErrorsOnMultipleProcessConfigurationFiles" />
    </UnitTest>
    <UnitTest name="ValidatorErrorsOnMultipleCategoryFiles" storage="d:\v2.0\a1\_work\dbded102\bin\release.anycpu\tfs.service\ms.tf.workitemtracking.server.l0.tests\ms.tf.workitemtracking.server.l0.tests.dll" id="cdc569e9-27f7-d80e-24d8-e55e913b3c21">
      <Execution id="214b2026-6f7b-4f06-899d-c3255c372f7b" />
      <TestMethod codeBase="D:\v2.0\A1\_work\dbded102\bin\Release.AnyCPU\Tfs.Service\MS.TF.WorkItemTracking.Server.L0.Tests\MS.TF.WorkItemTracking.Server.L0.Tests.dll" adapterTypeName="Microsoft.VisualStudio.TestTools.TestTypes.Unit.UnitTestAdapter" className="MS.TF.WorkItemTracking.Server.L0.Tests.ProcessValidator.WitProcessTemplateValidatorTests" name="ValidatorErrorsOnMultipleCategoryFiles" />
    </UnitTest>
    <UnitTest name="ValidatorErrorsOnMissingLinkTypeFiles" storage="d:\v2.0\a1\_work\dbded102\bin\release.anycpu\tfs.service\ms.tf.workitemtracking.server.l0.tests\ms.tf.workitemtracking.server.l0.tests.dll" id="4b52b999-f71d-dda3-4ddd-1913ade28549">
      <Execution id="f03773f9-20d0-4737-9048-8391d61b43d2" />
      <TestMethod codeBase="D:\v2.0\A1\_work\dbded102\bin\Release.AnyCPU\Tfs.Service\MS.TF.WorkItemTracking.Server.L0.Tests\MS.TF.WorkItemTracking.Server.L0.Tests.dll" adapterTypeName="Microsoft.VisualStudio.TestTools.TestTypes.Unit.UnitTestAdapter" className="MS.TF.WorkItemTracking.Server.L0.Tests.ProcessValidator.WitProcessTemplateValidatorTests" name="ValidatorErrorsOnMissingLinkTypeFiles" />
    </UnitTest>
    <UnitTest name="ValidatorErrorsOnSameRefNameDifferentNameInsideTemplate" storage="d:\v2.0\a1\_work\dbded102\bin\release.anycpu\tfs.service\ms.tf.workitemtracking.server.l0.tests\ms.tf.workitemtracking.server.l0.tests.dll" id="962aaaa5-2ce0-ac7c-d46c-57a0fda4dd48">
      <Execution id="6f9822d0-3cfc-4841-9aba-38e335b44db1" />
      <TestMethod codeBase="D:\v2.0\A1\_work\dbded102\bin\Release.AnyCPU\Tfs.Service\MS.TF.WorkItemTracking.Server.L0.Tests\MS.TF.WorkItemTracking.Server.L0.Tests.dll" adapterTypeName="Microsoft.VisualStudio.TestTools.TestTypes.Unit.UnitTestAdapter" className="MS.TF.WorkItemTracking.Server.L0.Tests.ProcessValidator.WitProcessTemplateValidatorTests" name="ValidatorErrorsOnSameRefNameDifferentNameInsideTemplate" />
    </UnitTest>
    <UnitTest name="ValidatorErrorsOnSameRefNameDifferentTypeInsideTemplate" storage="d:\v2.0\a1\_work\dbded102\bin\release.anycpu\tfs.service\ms.tf.workitemtracking.server.l0.tests\ms.tf.workitemtracking.server.l0.tests.dll" id="e52b29a5-8d6d-b7a4-61f7-0347777f998d">
      <Execution id="cac81d4a-9e29-44f3-b057-1f6580b451ba" />
      <TestMethod codeBase="D:\v2.0\A1\_work\dbded102\bin\Release.AnyCPU\Tfs.Service\MS.TF.WorkItemTracking.Server.L0.Tests\MS.TF.WorkItemTracking.Server.L0.Tests.dll" adapterTypeName="Microsoft.VisualStudio.TestTools.TestTypes.Unit.UnitTestAdapter" className="MS.TF.WorkItemTracking.Server.L0.Tests.ProcessValidator.WitProcessTemplateValidatorTests" name="ValidatorErrorsOnSameRefNameDifferentTypeInsideTemplate" />
    </UnitTest>
    <UnitTest name="ValidatorErrorsOnSameNameDifferentRefNameInsideTemplate" storage="d:\v2.0\a1\_work\dbded102\bin\release.anycpu\tfs.service\ms.tf.workitemtracking.server.l0.tests\ms.tf.workitemtracking.server.l0.tests.dll" id="8461b1ac-1757-a83b-d3aa-709b32578054">
      <Execution id="69cb716b-9877-4651-837c-373c0e7cadee" />
      <TestMethod codeBase="D:\v2.0\A1\_work\dbded102\bin\Release.AnyCPU\Tfs.Service\MS.TF.WorkItemTracking.Server.L0.Tests\MS.TF.WorkItemTracking.Server.L0.Tests.dll" adapterTypeName="Microsoft.VisualStudio.TestTools.TestTypes.Unit.UnitTestAdapter" className="MS.TF.WorkItemTracking.Server.L0.Tests.ProcessValidator.WitProcessTemplateValidatorTests" name="ValidatorErrorsOnSameNameDifferentRefNameInsideTemplate" />
    </UnitTest>
    <UnitTest name="ValidatorDoesNotErrorOnCaseOnlyDifferencesInRefName" storage="d:\v2.0\a1\_work\dbded102\bin\release.anycpu\tfs.service\ms.tf.workitemtracking.server.l0.tests\ms.tf.workitemtracking.server.l0.tests.dll" id="31ae5e43-f63f-ebc1-c483-3a061e533c4f">
      <Execution id="dc790849-62cb-4ee2-b7f3-abfbd06e9a63" />
      <TestMethod codeBase="D:\v2.0\A1\_work\dbded102\bin\Release.AnyCPU\Tfs.Service\MS.TF.WorkItemTracking.Server.L0.Tests\MS.TF.WorkItemTracking.Server.L0.Tests.dll" adapterTypeName="Microsoft.VisualStudio.TestTools.TestTypes.Unit.UnitTestAdapter" className="MS.TF.WorkItemTracking.Server.L0.Tests.ProcessValidator.WitProcessTemplateValidatorTests" name="ValidatorDoesNotErrorOnCaseOnlyDifferencesInRefName" />
    </UnitTest>
    <UnitTest name="ValidatorErrorsIfAnyCustomLinkTypesAreDefined" storage="d:\v2.0\a1\_work\dbded102\bin\release.anycpu\tfs.service\ms.tf.workitemtracking.server.l0.tests\ms.tf.workitemtracking.server.l0.tests.dll" id="15da8af5-67e7-c5f5-152b-5c2ae2b44d6f">
      <Execution id="716dfa46-6d2c-4383-8676-c9ff5c7fe183" />
      <TestMethod codeBase="D:\v2.0\A1\_work\dbded102\bin\Release.AnyCPU\Tfs.Service\MS.TF.WorkItemTracking.Server.L0.Tests\MS.TF.WorkItemTracking.Server.L0.Tests.dll" adapterTypeName="Microsoft.VisualStudio.TestTools.TestTypes.Unit.UnitTestAdapter" className="MS.TF.WorkItemTracking.Server.L0.Tests.ProcessValidator.WitProcessTemplateValidatorTests" name="ValidatorErrorsIfAnyCustomLinkTypesAreDefined" />
    </UnitTest>
    <UnitTest name="ValidatorPassesIfAnyCustomLinkTypesAreDefinedAndCustomLinkTypesArePermitted" storage="d:\v2.0\a1\_work\dbded102\bin\release.anycpu\tfs.service\ms.tf.workitemtracking.server.l0.tests\ms.tf.workitemtracking.server.l0.tests.dll" id="1dc9dade-fed7-c7dd-8a61-8b16aef94ccd">
      <Execution id="0c85eb64-c9c9-4f58-b9b2-8f2a267d2cae" />
      <TestMethod codeBase="D:\v2.0\A1\_work\dbded102\bin\Release.AnyCPU\Tfs.Service\MS.TF.WorkItemTracking.Server.L0.Tests\MS.TF.WorkItemTracking.Server.L0.Tests.dll" adapterTypeName="Microsoft.VisualStudio.TestTools.TestTypes.Unit.UnitTestAdapter" className="MS.TF.WorkItemTracking.Server.L0.Tests.ProcessValidator.WitProcessTemplateValidatorTests" name="ValidatorPassesIfAnyCustomLinkTypesAreDefinedAndCustomLinkTypesArePermitted" />
    </UnitTest>
    <UnitTest name="ValidatorErrorsIfDupeLinkTypesAreDefined" storage="d:\v2.0\a1\_work\dbded102\bin\release.anycpu\tfs.service\ms.tf.workitemtracking.server.l0.tests\ms.tf.workitemtracking.server.l0.tests.dll" id="128a218e-9f14-3fbd-2528-6d0e1d232d56">
      <Execution id="f2130e6f-1c84-46d4-958a-013e4fc5a6a2" />
      <TestMethod codeBase="D:\v2.0\A1\_work\dbded102\bin\Release.AnyCPU\Tfs.Service\MS.TF.WorkItemTracking.Server.L0.Tests\MS.TF.WorkItemTracking.Server.L0.Tests.dll" adapterTypeName="Microsoft.VisualStudio.TestTools.TestTypes.Unit.UnitTestAdapter" className="MS.TF.WorkItemTracking.Server.L0.Tests.ProcessValidator.WitProcessTemplateValidatorTests" name="ValidatorErrorsIfDupeLinkTypesAreDefined" />
    </UnitTest>
    <UnitTest name="ValidatorErrorsIfLinkTypesReferenceNameIsMalFormed" storage="d:\v2.0\a1\_work\dbded102\bin\release.anycpu\tfs.service\ms.tf.workitemtracking.server.l0.tests\ms.tf.workitemtracking.server.l0.tests.dll" id="ab6f506b-26b6-667e-3cff-f93115a0bdf4">
      <Execution id="48fe0290-a04f-402c-b0ca-1748ee34d2ba" />
      <TestMethod codeBase="D:\v2.0\A1\_work\dbded102\bin\Release.AnyCPU\Tfs.Service\MS.TF.WorkItemTracking.Server.L0.Tests\MS.TF.WorkItemTracking.Server.L0.Tests.dll" adapterTypeName="Microsoft.VisualStudio.TestTools.TestTypes.Unit.UnitTestAdapter" className="MS.TF.WorkItemTracking.Server.L0.Tests.ProcessValidator.WitProcessTemplateValidatorTests" name="ValidatorErrorsIfLinkTypesReferenceNameIsMalFormed" />
    </UnitTest>
    <UnitTest name="ValidatorErrorsIfLinkTypesTopologyIsNotDefined" storage="d:\v2.0\a1\_work\dbded102\bin\release.anycpu\tfs.service\ms.tf.workitemtracking.server.l0.tests\ms.tf.workitemtracking.server.l0.tests.dll" id="82c53141-704e-d3f8-623b-3a966f83a1ec">
      <Execution id="4f5fa458-d584-4ae8-aff9-99d0e0ae85b9" />
      <TestMethod codeBase="D:\v2.0\A1\_work\dbded102\bin\Release.AnyCPU\Tfs.Service\MS.TF.WorkItemTracking.Server.L0.Tests\MS.TF.WorkItemTracking.Server.L0.Tests.dll" adapterTypeName="Microsoft.VisualStudio.TestTools.TestTypes.Unit.UnitTestAdapter" className="MS.TF.WorkItemTracking.Server.L0.Tests.ProcessValidator.WitProcessTemplateValidatorTests" name="ValidatorErrorsIfLinkTypesTopologyIsNotDefined" />
    </UnitTest>
    <UnitTest name="ValidatorErrorsIfOobTemplateLinkTypeIsInconsistentlyDefined" storage="d:\v2.0\a1\_work\dbded102\bin\release.anycpu\tfs.service\ms.tf.workitemtracking.server.l0.tests\ms.tf.workitemtracking.server.l0.tests.dll" id="b4846ad7-5994-86f0-1d6c-677dce3fddfe">
      <Execution id="bc685a72-abb3-4d30-b112-06ac739a7848" />
      <TestMethod codeBase="D:\v2.0\A1\_work\dbded102\bin\Release.AnyCPU\Tfs.Service\MS.TF.WorkItemTracking.Server.L0.Tests\MS.TF.WorkItemTracking.Server.L0.Tests.dll" adapterTypeName="Microsoft.VisualStudio.TestTools.TestTypes.Unit.UnitTestAdapter" className="MS.TF.WorkItemTracking.Server.L0.Tests.ProcessValidator.WitProcessTemplateValidatorTests" name="ValidatorErrorsIfOobTemplateLinkTypeIsInconsistentlyDefined" />
    </UnitTest>
    <UnitTest name="ValidatorErrorsIfLinkTypeDisplayNameIsNotUnique" storage="d:\v2.0\a1\_work\dbded102\bin\release.anycpu\tfs.service\ms.tf.workitemtracking.server.l0.tests\ms.tf.workitemtracking.server.l0.tests.dll" id="6afff3c7-3024-e84f-05d3-700acbb3b726">
      <Execution id="1c2277ff-cfec-400a-bd2d-a72c261ff60e" />
      <TestMethod codeBase="D:\v2.0\A1\_work\dbded102\bin\Release.AnyCPU\Tfs.Service\MS.TF.WorkItemTracking.Server.L0.Tests\MS.TF.WorkItemTracking.Server.L0.Tests.dll" adapterTypeName="Microsoft.VisualStudio.TestTools.TestTypes.Unit.UnitTestAdapter" className="MS.TF.WorkItemTracking.Server.L0.Tests.ProcessValidator.WitProcessTemplateValidatorTests" name="ValidatorErrorsIfLinkTypeDisplayNameIsNotUnique" />
    </UnitTest>
    <UnitTest name="ValidatorErrorsForNonWhitelistedControlOnWorkItemForm" storage="d:\v2.0\a1\_work\dbded102\bin\release.anycpu\tfs.service\ms.tf.workitemtracking.server.l0.tests\ms.tf.workitemtracking.server.l0.tests.dll" id="d923f782-5891-e0a1-1fb0-09af1d085533">
      <Execution id="4ee35d4b-2a03-47b1-a570-19242eda24e8" />
      <TestMethod codeBase="D:\v2.0\A1\_work\dbded102\bin\Release.AnyCPU\Tfs.Service\MS.TF.WorkItemTracking.Server.L0.Tests\MS.TF.WorkItemTracking.Server.L0.Tests.dll" adapterTypeName="Microsoft.VisualStudio.TestTools.TestTypes.Unit.UnitTestAdapter" className="MS.TF.WorkItemTracking.Server.L0.Tests.ProcessValidator.WitProcessTemplateValidatorTests" name="ValidatorErrorsForNonWhitelistedControlOnWorkItemForm" />
    </UnitTest>
    <UnitTest name="ValidatorDoesNotErrorForNonWhitelistedControlOnWorkItemFormWithFlagSet" storage="d:\v2.0\a1\_work\dbded102\bin\release.anycpu\tfs.service\ms.tf.workitemtracking.server.l0.tests\ms.tf.workitemtracking.server.l0.tests.dll" id="cbf53f44-b220-35b4-82a6-cf9a976aad06">
      <Execution id="cf44025d-b59a-4afc-92f0-a370f25e8e3b" />
      <TestMethod codeBase="D:\v2.0\A1\_work\dbded102\bin\Release.AnyCPU\Tfs.Service\MS.TF.WorkItemTracking.Server.L0.Tests\MS.TF.WorkItemTracking.Server.L0.Tests.dll" adapterTypeName="Microsoft.VisualStudio.TestTools.TestTypes.Unit.UnitTestAdapter" className="MS.TF.WorkItemTracking.Server.L0.Tests.ProcessValidator.WitProcessTemplateValidatorTests" name="ValidatorDoesNotErrorForNonWhitelistedControlOnWorkItemFormWithFlagSet" />
    </UnitTest>
    <UnitTest name="ValidatorErrorsWhenAGlobalListIsDefinedInAWorkItemType" storage="d:\v2.0\a1\_work\dbded102\bin\release.anycpu\tfs.service\ms.tf.workitemtracking.server.l0.tests\ms.tf.workitemtracking.server.l0.tests.dll" id="ff6a3428-82f4-6b55-98c2-f7f37f551b28">
      <Execution id="af475647-5400-4b99-9c5e-83827d72de3a" />
      <TestMethod codeBase="D:\v2.0\A1\_work\dbded102\bin\Release.AnyCPU\Tfs.Service\MS.TF.WorkItemTracking.Server.L0.Tests\MS.TF.WorkItemTracking.Server.L0.Tests.dll" adapterTypeName="Microsoft.VisualStudio.TestTools.TestTypes.Unit.UnitTestAdapter" className="MS.TF.WorkItemTracking.Server.L0.Tests.ProcessValidator.WitProcessTemplateValidatorTests" name="ValidatorErrorsWhenAGlobalListIsDefinedInAWorkItemType" />
    </UnitTest>
    <UnitTest name="ValidatorErrorsWhenAGlobalListIsReferencedInAWorkItemType" storage="d:\v2.0\a1\_work\dbded102\bin\release.anycpu\tfs.service\ms.tf.workitemtracking.server.l0.tests\ms.tf.workitemtracking.server.l0.tests.dll" id="9f2a9b1b-b904-8eb8-b3f0-28d97891410d">
      <Execution id="0ee53c8b-a3b7-4a4d-93d7-ac0ec900fa94" />
      <TestMethod codeBase="D:\v2.0\A1\_work\dbded102\bin\Release.AnyCPU\Tfs.Service\MS.TF.WorkItemTracking.Server.L0.Tests\MS.TF.WorkItemTracking.Server.L0.Tests.dll" adapterTypeName="Microsoft.VisualStudio.TestTools.TestTypes.Unit.UnitTestAdapter" className="MS.TF.WorkItemTracking.Server.L0.Tests.ProcessValidator.WitProcessTemplateValidatorTests" name="ValidatorErrorsWhenAGlobalListIsReferencedInAWorkItemType" />
    </UnitTest>
    <UnitTest name="ValidatorPassesWhenAGlobalListIsDefinedInAWorkItemTypeAndGlobalListsArePermitted" storage="d:\v2.0\a1\_work\dbded102\bin\release.anycpu\tfs.service\ms.tf.workitemtracking.server.l0.tests\ms.tf.workitemtracking.server.l0.tests.dll" id="36782e56-e877-cfa5-219c-27b156b755c9">
      <Execution id="ddff6d12-e056-425b-b5bf-2fb5a9c3e5e8" />
      <TestMethod codeBase="D:\v2.0\A1\_work\dbded102\bin\Release.AnyCPU\Tfs.Service\MS.TF.WorkItemTracking.Server.L0.Tests\MS.TF.WorkItemTracking.Server.L0.Tests.dll" adapterTypeName="Microsoft.VisualStudio.TestTools.TestTypes.Unit.UnitTestAdapter" className="MS.TF.WorkItemTracking.Server.L0.Tests.ProcessValidator.WitProcessTemplateValidatorTests" name="ValidatorPassesWhenAGlobalListIsDefinedInAWorkItemTypeAndGlobalListsArePermitted" />
    </UnitTest>
    <UnitTest name="ValidatorPassesWhenAGlobalListIsReferencedInAWorkItemTypeAndGlobalListsArePermitted" storage="d:\v2.0\a1\_work\dbded102\bin\release.anycpu\tfs.service\ms.tf.workitemtracking.server.l0.tests\ms.tf.workitemtracking.server.l0.tests.dll" id="54c82c53-98f3-849d-7576-b87dae045189">
      <Execution id="4e8beb08-f277-46e8-b532-8c50dae6e6b2" />
      <TestMethod codeBase="D:\v2.0\A1\_work\dbded102\bin\Release.AnyCPU\Tfs.Service\MS.TF.WorkItemTracking.Server.L0.Tests\MS.TF.WorkItemTracking.Server.L0.Tests.dll" adapterTypeName="Microsoft.VisualStudio.TestTools.TestTypes.Unit.UnitTestAdapter" className="MS.TF.WorkItemTracking.Server.L0.Tests.ProcessValidator.WitProcessTemplateValidatorTests" name="ValidatorPassesWhenAGlobalListIsReferencedInAWorkItemTypeAndGlobalListsArePermitted" />
    </UnitTest>
    <UnitTest name="ValidatorErrorsWhenBannedRulesAreUsedInFieldDefinition" storage="d:\v2.0\a1\_work\dbded102\bin\release.anycpu\tfs.service\ms.tf.workitemtracking.server.l0.tests\ms.tf.workitemtracking.server.l0.tests.dll" id="f02d1f07-3b1a-f458-1977-e028463ad15d">
      <Execution id="be2f93f4-b96e-4b96-9df2-933a4dad5db2" />
      <TestMethod codeBase="D:\v2.0\A1\_work\dbded102\bin\Release.AnyCPU\Tfs.Service\MS.TF.WorkItemTracking.Server.L0.Tests\MS.TF.WorkItemTracking.Server.L0.Tests.dll" adapterTypeName="Microsoft.VisualStudio.TestTools.TestTypes.Unit.UnitTestAdapter" className="MS.TF.WorkItemTracking.Server.L0.Tests.ProcessValidator.WitProcessTemplateValidatorTests" name="ValidatorErrorsWhenBannedRulesAreUsedInFieldDefinition" />
    </UnitTest>
    <UnitTest name="ValidatorErrorsWhenBannedRulesAreUsedInStateDefinition" storage="d:\v2.0\a1\_work\dbded102\bin\release.anycpu\tfs.service\ms.tf.workitemtracking.server.l0.tests\ms.tf.workitemtracking.server.l0.tests.dll" id="627813a4-5ca1-3358-520b-b127d849279f">
      <Execution id="c5ebb5aa-947f-405e-9833-d64111ebaf34" />
      <TestMethod codeBase="D:\v2.0\A1\_work\dbded102\bin\Release.AnyCPU\Tfs.Service\MS.TF.WorkItemTracking.Server.L0.Tests\MS.TF.WorkItemTracking.Server.L0.Tests.dll" adapterTypeName="Microsoft.VisualStudio.TestTools.TestTypes.Unit.UnitTestAdapter" className="MS.TF.WorkItemTracking.Server.L0.Tests.ProcessValidator.WitProcessTemplateValidatorTests" name="ValidatorErrorsWhenBannedRulesAreUsedInStateDefinition" />
    </UnitTest>
    <UnitTest name="ValidatorErrorsWhenBannedRulesAreUsedInTransition" storage="d:\v2.0\a1\_work\dbded102\bin\release.anycpu\tfs.service\ms.tf.workitemtracking.server.l0.tests\ms.tf.workitemtracking.server.l0.tests.dll" id="21670dfe-2740-48b1-5bb3-97966afce165">
      <Execution id="ffd0e727-a1d5-4f6d-9b5c-2a52f75f1980" />
      <TestMethod codeBase="D:\v2.0\A1\_work\dbded102\bin\Release.AnyCPU\Tfs.Service\MS.TF.WorkItemTracking.Server.L0.Tests\MS.TF.WorkItemTracking.Server.L0.Tests.dll" adapterTypeName="Microsoft.VisualStudio.TestTools.TestTypes.Unit.UnitTestAdapter" className="MS.TF.WorkItemTracking.Server.L0.Tests.ProcessValidator.WitProcessTemplateValidatorTests" name="ValidatorErrorsWhenBannedRulesAreUsedInTransition" />
    </UnitTest>
    <UnitTest name="ValidatorPassesWhenBannedRulesAreUsedInFieldDefinitionAndFlagIsEnabled" storage="d:\v2.0\a1\_work\dbded102\bin\release.anycpu\tfs.service\ms.tf.workitemtracking.server.l0.tests\ms.tf.workitemtracking.server.l0.tests.dll" id="dcdcd1a6-dc06-9477-8ca2-25b3b950de0f">
      <Execution id="0b2cb755-b679-4ed3-a58e-5f3f95c2cdbd" />
      <TestMethod codeBase="D:\v2.0\A1\_work\dbded102\bin\Release.AnyCPU\Tfs.Service\MS.TF.WorkItemTracking.Server.L0.Tests\MS.TF.WorkItemTracking.Server.L0.Tests.dll" adapterTypeName="Microsoft.VisualStudio.TestTools.TestTypes.Unit.UnitTestAdapter" className="MS.TF.WorkItemTracking.Server.L0.Tests.ProcessValidator.WitProcessTemplateValidatorTests" name="ValidatorPassesWhenBannedRulesAreUsedInFieldDefinitionAndFlagIsEnabled" />
    </UnitTest>
    <UnitTest name="ValidatorPassesWhenBannedRulesAreUsedInStateDefinitionAndFlagIsEnabled" storage="d:\v2.0\a1\_work\dbded102\bin\release.anycpu\tfs.service\ms.tf.workitemtracking.server.l0.tests\ms.tf.workitemtracking.server.l0.tests.dll" id="c2cc184b-3fdf-70c1-3353-e7d71f74b4f3">
      <Execution id="332da2a0-f5fd-4f40-888b-0bd9728731e8" />
      <TestMethod codeBase="D:\v2.0\A1\_work\dbded102\bin\Release.AnyCPU\Tfs.Service\MS.TF.WorkItemTracking.Server.L0.Tests\MS.TF.WorkItemTracking.Server.L0.Tests.dll" adapterTypeName="Microsoft.VisualStudio.TestTools.TestTypes.Unit.UnitTestAdapter" className="MS.TF.WorkItemTracking.Server.L0.Tests.ProcessValidator.WitProcessTemplateValidatorTests" name="ValidatorPassesWhenBannedRulesAreUsedInStateDefinitionAndFlagIsEnabled" />
    </UnitTest>
    <UnitTest name="ValidatorPassesWhenBannedRulesAreUsedInTransitionAndFlagIsEnabled" storage="d:\v2.0\a1\_work\dbded102\bin\release.anycpu\tfs.service\ms.tf.workitemtracking.server.l0.tests\ms.tf.workitemtracking.server.l0.tests.dll" id="76a223c5-4dcf-cb15-0f63-9bac602a4253">
      <Execution id="6ea6a769-9fec-48e2-be7e-b9b6d4522789" />
      <TestMethod codeBase="D:\v2.0\A1\_work\dbded102\bin\Release.AnyCPU\Tfs.Service\MS.TF.WorkItemTracking.Server.L0.Tests\MS.TF.WorkItemTracking.Server.L0.Tests.dll" adapterTypeName="Microsoft.VisualStudio.TestTools.TestTypes.Unit.UnitTestAdapter" className="MS.TF.WorkItemTracking.Server.L0.Tests.ProcessValidator.WitProcessTemplateValidatorTests" name="ValidatorPassesWhenBannedRulesAreUsedInTransitionAndFlagIsEnabled" />
    </UnitTest>
    <UnitTest name="ValidatorErrorsWhenForRuleIsUsed" storage="d:\v2.0\a1\_work\dbded102\bin\release.anycpu\tfs.service\ms.tf.workitemtracking.server.l0.tests\ms.tf.workitemtracking.server.l0.tests.dll" id="b5a9a891-df9b-cba8-82d9-e6db7c61cdc6">
      <Execution id="a214ab40-09ac-4451-a6a2-1c8d98e4a7c2" />
      <TestMethod codeBase="D:\v2.0\A1\_work\dbded102\bin\Release.AnyCPU\Tfs.Service\MS.TF.WorkItemTracking.Server.L0.Tests\MS.TF.WorkItemTracking.Server.L0.Tests.dll" adapterTypeName="Microsoft.VisualStudio.TestTools.TestTypes.Unit.UnitTestAdapter" className="MS.TF.WorkItemTracking.Server.L0.Tests.ProcessValidator.WitProcessTemplateValidatorTests" name="ValidatorErrorsWhenForRuleIsUsed" />
    </UnitTest>
    <UnitTest name="ValidatorDoesNotErrorWhenForRuleIsUsedAndFlagIsSet" storage="d:\v2.0\a1\_work\dbded102\bin\release.anycpu\tfs.service\ms.tf.workitemtracking.server.l0.tests\ms.tf.workitemtracking.server.l0.tests.dll" id="83532134-ffa6-3ecf-13ca-11f9aafeb8b0">
      <Execution id="f7065b43-efda-4391-8a7c-e31c2b23013e" />
      <TestMethod codeBase="D:\v2.0\A1\_work\dbded102\bin\Release.AnyCPU\Tfs.Service\MS.TF.WorkItemTracking.Server.L0.Tests\MS.TF.WorkItemTracking.Server.L0.Tests.dll" adapterTypeName="Microsoft.VisualStudio.TestTools.TestTypes.Unit.UnitTestAdapter" className="MS.TF.WorkItemTracking.Server.L0.Tests.ProcessValidator.WitProcessTemplateValidatorTests" name="ValidatorDoesNotErrorWhenForRuleIsUsedAndFlagIsSet" />
    </UnitTest>
    <UnitTest name="ValidatorErrorsWhenForTransitionIsUsed" storage="d:\v2.0\a1\_work\dbded102\bin\release.anycpu\tfs.service\ms.tf.workitemtracking.server.l0.tests\ms.tf.workitemtracking.server.l0.tests.dll" id="754aabb1-bdb6-6cec-137f-3776872ef05e">
      <Execution id="02111bf0-c1a3-42b6-a9f2-3d3cf193a988" />
      <TestMethod codeBase="D:\v2.0\A1\_work\dbded102\bin\Release.AnyCPU\Tfs.Service\MS.TF.WorkItemTracking.Server.L0.Tests\MS.TF.WorkItemTracking.Server.L0.Tests.dll" adapterTypeName="Microsoft.VisualStudio.TestTools.TestTypes.Unit.UnitTestAdapter" className="MS.TF.WorkItemTracking.Server.L0.Tests.ProcessValidator.WitProcessTemplateValidatorTests" name="ValidatorErrorsWhenForTransitionIsUsed" />
    </UnitTest>
    <UnitTest name="ValidatorErrorsWhenNotRuleIsUsed" storage="d:\v2.0\a1\_work\dbded102\bin\release.anycpu\tfs.service\ms.tf.workitemtracking.server.l0.tests\ms.tf.workitemtracking.server.l0.tests.dll" id="8105b8fc-2cc8-1530-e7fd-497367651cbc">
      <Execution id="b5a8f11b-ba81-447d-890f-1b8e4c369257" />
      <TestMethod codeBase="D:\v2.0\A1\_work\dbded102\bin\Release.AnyCPU\Tfs.Service\MS.TF.WorkItemTracking.Server.L0.Tests\MS.TF.WorkItemTracking.Server.L0.Tests.dll" adapterTypeName="Microsoft.VisualStudio.TestTools.TestTypes.Unit.UnitTestAdapter" className="MS.TF.WorkItemTracking.Server.L0.Tests.ProcessValidator.WitProcessTemplateValidatorTests" name="ValidatorErrorsWhenNotRuleIsUsed" />
    </UnitTest>
    <UnitTest name="ValidatorDoesNotErrorWhenNotRuleIsUsedAndFlagIsSet" storage="d:\v2.0\a1\_work\dbded102\bin\release.anycpu\tfs.service\ms.tf.workitemtracking.server.l0.tests\ms.tf.workitemtracking.server.l0.tests.dll" id="a57238b4-cbe8-0e41-ec66-102bcf9c106d">
      <Execution id="6c803e0f-4520-4977-98a6-4930d902c080" />
      <TestMethod codeBase="D:\v2.0\A1\_work\dbded102\bin\Release.AnyCPU\Tfs.Service\MS.TF.WorkItemTracking.Server.L0.Tests\MS.TF.WorkItemTracking.Server.L0.Tests.dll" adapterTypeName="Microsoft.VisualStudio.TestTools.TestTypes.Unit.UnitTestAdapter" className="MS.TF.WorkItemTracking.Server.L0.Tests.ProcessValidator.WitProcessTemplateValidatorTests" name="ValidatorDoesNotErrorWhenNotRuleIsUsedAndFlagIsSet" />
    </UnitTest>
    <UnitTest name="ValidatorErrorsWhenNotTransitionIsUsed" storage="d:\v2.0\a1\_work\dbded102\bin\release.anycpu\tfs.service\ms.tf.workitemtracking.server.l0.tests\ms.tf.workitemtracking.server.l0.tests.dll" id="052f0130-862b-a8d7-9a80-fb0420c59058">
      <Execution id="dfc840e2-3045-4181-993f-91a74e65e930" />
      <TestMethod codeBase="D:\v2.0\A1\_work\dbded102\bin\Release.AnyCPU\Tfs.Service\MS.TF.WorkItemTracking.Server.L0.Tests\MS.TF.WorkItemTracking.Server.L0.Tests.dll" adapterTypeName="Microsoft.VisualStudio.TestTools.TestTypes.Unit.UnitTestAdapter" className="MS.TF.WorkItemTracking.Server.L0.Tests.ProcessValidator.WitProcessTemplateValidatorTests" name="ValidatorErrorsWhenNotTransitionIsUsed" />
    </UnitTest>
    <UnitTest name="ValidatorErrorsIfRequiredFeatureIsMissingFromProjectConfig" storage="d:\v2.0\a1\_work\dbded102\bin\release.anycpu\tfs.service\ms.tf.workitemtracking.server.l0.tests\ms.tf.workitemtracking.server.l0.tests.dll" id="0edc7e14-7a0b-541e-2a22-442064883284">
      <Execution id="987c4581-97de-4310-9049-8bae4236b87d" />
      <TestMethod codeBase="D:\v2.0\A1\_work\dbded102\bin\Release.AnyCPU\Tfs.Service\MS.TF.WorkItemTracking.Server.L0.Tests\MS.TF.WorkItemTracking.Server.L0.Tests.dll" adapterTypeName="Microsoft.VisualStudio.TestTools.TestTypes.Unit.UnitTestAdapter" className="MS.TF.WorkItemTracking.Server.L0.Tests.ProcessValidator.WitProcessTemplateValidatorTests" name="ValidatorErrorsIfRequiredFeatureIsMissingFromProjectConfig" />
    </UnitTest>
    <UnitTest name="ValidatorErrorsIfPortfolioBacklogsIsEmptyInProjectConfig" storage="d:\v2.0\a1\_work\dbded102\bin\release.anycpu\tfs.service\ms.tf.workitemtracking.server.l0.tests\ms.tf.workitemtracking.server.l0.tests.dll" id="6b2ce5ee-eb20-e92c-d7d7-88136af2a503">
      <Execution id="19cc3d79-d81f-4f82-9fe7-d05f5ddfcc58" />
      <TestMethod codeBase="D:\v2.0\A1\_work\dbded102\bin\Release.AnyCPU\Tfs.Service\MS.TF.WorkItemTracking.Server.L0.Tests\MS.TF.WorkItemTracking.Server.L0.Tests.dll" adapterTypeName="Microsoft.VisualStudio.TestTools.TestTypes.Unit.UnitTestAdapter" className="MS.TF.WorkItemTracking.Server.L0.Tests.ProcessValidator.WitProcessTemplateValidatorTests" name="ValidatorErrorsIfPortfolioBacklogsIsEmptyInProjectConfig" />
    </UnitTest>
    <UnitTest name="ValidatorErrorsIfRequiredTypeFieldIsMissingFromProcessConfiguration" storage="d:\v2.0\a1\_work\dbded102\bin\release.anycpu\tfs.service\ms.tf.workitemtracking.server.l0.tests\ms.tf.workitemtracking.server.l0.tests.dll" id="c05f1b88-4065-db39-928d-7156b1377439">
      <Execution id="3bd314a2-7898-40a4-ae18-b0e573aaa045" />
      <TestMethod codeBase="D:\v2.0\A1\_work\dbded102\bin\Release.AnyCPU\Tfs.Service\MS.TF.WorkItemTracking.Server.L0.Tests\MS.TF.WorkItemTracking.Server.L0.Tests.dll" adapterTypeName="Microsoft.VisualStudio.TestTools.TestTypes.Unit.UnitTestAdapter" className="MS.TF.WorkItemTracking.Server.L0.Tests.ProcessValidator.WitProcessTemplateValidatorTests" name="ValidatorErrorsIfRequiredTypeFieldIsMissingFromProcessConfiguration" />
    </UnitTest>
    <UnitTest name="ValidatorErrorsOnFieldInSystemNamespaceNotOnWhitelist" storage="d:\v2.0\a1\_work\dbded102\bin\release.anycpu\tfs.service\ms.tf.workitemtracking.server.l0.tests\ms.tf.workitemtracking.server.l0.tests.dll" id="ec3c8a9d-6215-3f76-cfba-9c97b5e7e6af">
      <Execution id="4751496f-481e-4963-be6c-324a3937b824" />
      <TestMethod codeBase="D:\v2.0\A1\_work\dbded102\bin\Release.AnyCPU\Tfs.Service\MS.TF.WorkItemTracking.Server.L0.Tests\MS.TF.WorkItemTracking.Server.L0.Tests.dll" adapterTypeName="Microsoft.VisualStudio.TestTools.TestTypes.Unit.UnitTestAdapter" className="MS.TF.WorkItemTracking.Server.L0.Tests.ProcessValidator.WitProcessTemplateValidatorTests" name="ValidatorErrorsOnFieldInSystemNamespaceNotOnWhitelist" />
    </UnitTest>
    <UnitTest name="ValidatorPassesOnFieldInSystemNamespaceNotOnWhitelistButInConfig" storage="d:\v2.0\a1\_work\dbded102\bin\release.anycpu\tfs.service\ms.tf.workitemtracking.server.l0.tests\ms.tf.workitemtracking.server.l0.tests.dll" id="e5242750-ebd7-d8d1-a076-03aa6b0fe92a">
      <Execution id="5e6e5429-c5db-4d75-9814-2775cb4ce1eb" />
      <TestMethod codeBase="D:\v2.0\A1\_work\dbded102\bin\Release.AnyCPU\Tfs.Service\MS.TF.WorkItemTracking.Server.L0.Tests\MS.TF.WorkItemTracking.Server.L0.Tests.dll" adapterTypeName="Microsoft.VisualStudio.TestTools.TestTypes.Unit.UnitTestAdapter" className="MS.TF.WorkItemTracking.Server.L0.Tests.ProcessValidator.WitProcessTemplateValidatorTests" name="ValidatorPassesOnFieldInSystemNamespaceNotOnWhitelistButInConfig" />
    </UnitTest>
    <UnitTest name="ValidatorDoesNotErrorOnCustomFieldConsistentWithExistingTemplate" storage="d:\v2.0\a1\_work\dbded102\bin\release.anycpu\tfs.service\ms.tf.workitemtracking.server.l0.tests\ms.tf.workitemtracking.server.l0.tests.dll" id="18a745dd-52d9-3193-e499-6d40e57d00eb">
      <Execution id="ef9242e6-f2b8-4058-a8cc-d4c6b6051eb7" />
      <TestMethod codeBase="D:\v2.0\A1\_work\dbded102\bin\Release.AnyCPU\Tfs.Service\MS.TF.WorkItemTracking.Server.L0.Tests\MS.TF.WorkItemTracking.Server.L0.Tests.dll" adapterTypeName="Microsoft.VisualStudio.TestTools.TestTypes.Unit.UnitTestAdapter" className="MS.TF.WorkItemTracking.Server.L0.Tests.ProcessValidator.WitProcessTemplateValidatorTests" name="ValidatorDoesNotErrorOnCustomFieldConsistentWithExistingTemplate" />
    </UnitTest>
    <UnitTest name="ValidatorErrorsOnCustomFieldNotConsistentWithExistingTemplateByType" storage="d:\v2.0\a1\_work\dbded102\bin\release.anycpu\tfs.service\ms.tf.workitemtracking.server.l0.tests\ms.tf.workitemtracking.server.l0.tests.dll" id="54fe77ed-8ef0-4c75-ecc8-9989f724ff18">
      <Execution id="7c48c9da-f342-4e59-b26f-b59bf30bc3ca" />
      <TestMethod codeBase="D:\v2.0\A1\_work\dbded102\bin\Release.AnyCPU\Tfs.Service\MS.TF.WorkItemTracking.Server.L0.Tests\MS.TF.WorkItemTracking.Server.L0.Tests.dll" adapterTypeName="Microsoft.VisualStudio.TestTools.TestTypes.Unit.UnitTestAdapter" className="MS.TF.WorkItemTracking.Server.L0.Tests.ProcessValidator.WitProcessTemplateValidatorTests" name="ValidatorErrorsOnCustomFieldNotConsistentWithExistingTemplateByType" />
    </UnitTest>
    <UnitTest name="ValidatorWarnsOnCustomFieldNotConsistentWithExistingTemplateByName" storage="d:\v2.0\a1\_work\dbded102\bin\release.anycpu\tfs.service\ms.tf.workitemtracking.server.l0.tests\ms.tf.workitemtracking.server.l0.tests.dll" id="eb25c6e2-5fd6-f32e-d820-4d225daabb3f">
      <Execution id="0cba6e43-fac8-43ea-bee7-e0606b95ea75" />
      <TestMethod codeBase="D:\v2.0\A1\_work\dbded102\bin\Release.AnyCPU\Tfs.Service\MS.TF.WorkItemTracking.Server.L0.Tests\MS.TF.WorkItemTracking.Server.L0.Tests.dll" adapterTypeName="Microsoft.VisualStudio.TestTools.TestTypes.Unit.UnitTestAdapter" className="MS.TF.WorkItemTracking.Server.L0.Tests.ProcessValidator.WitProcessTemplateValidatorTests" name="ValidatorWarnsOnCustomFieldNotConsistentWithExistingTemplateByName" />
    </UnitTest>
    <UnitTest name="ValidatorReturnsDataForRenamedFields" storage="d:\v2.0\a1\_work\dbded102\bin\release.anycpu\tfs.service\ms.tf.workitemtracking.server.l0.tests\ms.tf.workitemtracking.server.l0.tests.dll" id="7e115fa3-a0c0-d9eb-292c-85fb1e17f2e0">
      <Execution id="c721e6ec-8260-4e22-9948-593c785fe9fd" />
      <TestMethod codeBase="D:\v2.0\A1\_work\dbded102\bin\Release.AnyCPU\Tfs.Service\MS.TF.WorkItemTracking.Server.L0.Tests\MS.TF.WorkItemTracking.Server.L0.Tests.dll" adapterTypeName="Microsoft.VisualStudio.TestTools.TestTypes.Unit.UnitTestAdapter" className="MS.TF.WorkItemTracking.Server.L0.Tests.ProcessValidator.WitProcessTemplateValidatorTests" name="ValidatorReturnsDataForRenamedFields" />
    </UnitTest>
    <UnitTest name="ValidatorErrorsOnMSVSTSFieldNotConsistentWithExistingTemplateByName" storage="d:\v2.0\a1\_work\dbded102\bin\release.anycpu\tfs.service\ms.tf.workitemtracking.server.l0.tests\ms.tf.workitemtracking.server.l0.tests.dll" id="7ce937c4-aa62-e214-525d-bd464b969cb4">
      <Execution id="1ec9fe64-c296-4895-8b71-d96b6c1974d1" />
      <TestMethod codeBase="D:\v2.0\A1\_work\dbded102\bin\Release.AnyCPU\Tfs.Service\MS.TF.WorkItemTracking.Server.L0.Tests\MS.TF.WorkItemTracking.Server.L0.Tests.dll" adapterTypeName="Microsoft.VisualStudio.TestTools.TestTypes.Unit.UnitTestAdapter" className="MS.TF.WorkItemTracking.Server.L0.Tests.ProcessValidator.WitProcessTemplateValidatorTests" name="ValidatorErrorsOnMSVSTSFieldNotConsistentWithExistingTemplateByName" />
    </UnitTest>
    <UnitTest name="ValidatorErrorsOnMultipleUsagesOfWITName" storage="d:\v2.0\a1\_work\dbded102\bin\release.anycpu\tfs.service\ms.tf.workitemtracking.server.l0.tests\ms.tf.workitemtracking.server.l0.tests.dll" id="d0f2dbc2-7265-78d9-e0b1-958613cc0245">
      <Execution id="ad7ded03-2720-406e-8fa2-ea873c39ffc3" />
      <TestMethod codeBase="D:\v2.0\A1\_work\dbded102\bin\Release.AnyCPU\Tfs.Service\MS.TF.WorkItemTracking.Server.L0.Tests\MS.TF.WorkItemTracking.Server.L0.Tests.dll" adapterTypeName="Microsoft.VisualStudio.TestTools.TestTypes.Unit.UnitTestAdapter" className="MS.TF.WorkItemTracking.Server.L0.Tests.ProcessValidator.WitProcessTemplateValidatorTests" name="ValidatorErrorsOnMultipleUsagesOfWITName" />
    </UnitTest>
    <UnitTest name="ValidatorErrorsOnMultipleUsagesOfWITRefName" storage="d:\v2.0\a1\_work\dbded102\bin\release.anycpu\tfs.service\ms.tf.workitemtracking.server.l0.tests\ms.tf.workitemtracking.server.l0.tests.dll" id="907625f8-dcf2-abc9-cba2-68455395a2e2">
      <Execution id="48bae6c4-3bbe-43ec-9788-dfee8b15c142" />
      <TestMethod codeBase="D:\v2.0\A1\_work\dbded102\bin\Release.AnyCPU\Tfs.Service\MS.TF.WorkItemTracking.Server.L0.Tests\MS.TF.WorkItemTracking.Server.L0.Tests.dll" adapterTypeName="Microsoft.VisualStudio.TestTools.TestTypes.Unit.UnitTestAdapter" className="MS.TF.WorkItemTracking.Server.L0.Tests.ProcessValidator.WitProcessTemplateValidatorTests" name="ValidatorErrorsOnMultipleUsagesOfWITRefName" />
    </UnitTest>
    <UnitTest name="ValidatorErrorsForMissingRefNameOnWIT" storage="d:\v2.0\a1\_work\dbded102\bin\release.anycpu\tfs.service\ms.tf.workitemtracking.server.l0.tests\ms.tf.workitemtracking.server.l0.tests.dll" id="9dfeec4c-2535-28bc-6785-907a3cc4e3ed">
      <Execution id="70022e26-bd87-41a2-8d84-b3fa7a2b08d8" />
      <TestMethod codeBase="D:\v2.0\A1\_work\dbded102\bin\Release.AnyCPU\Tfs.Service\MS.TF.WorkItemTracking.Server.L0.Tests\MS.TF.WorkItemTracking.Server.L0.Tests.dll" adapterTypeName="Microsoft.VisualStudio.TestTools.TestTypes.Unit.UnitTestAdapter" className="MS.TF.WorkItemTracking.Server.L0.Tests.ProcessValidator.WitProcessTemplateValidatorTests" name="ValidatorErrorsForMissingRefNameOnWIT" />
    </UnitTest>
    <UnitTest name="ValidatorErrorsForRefNameOnWITWithInvalidFormat" storage="d:\v2.0\a1\_work\dbded102\bin\release.anycpu\tfs.service\ms.tf.workitemtracking.server.l0.tests\ms.tf.workitemtracking.server.l0.tests.dll" id="5d646e30-3cc5-51ed-f5b8-066880e449a9">
      <Execution id="13b036cd-0d2d-4854-ac31-1c3ab3d955d5" />
      <TestMethod codeBase="D:\v2.0\A1\_work\dbded102\bin\Release.AnyCPU\Tfs.Service\MS.TF.WorkItemTracking.Server.L0.Tests\MS.TF.WorkItemTracking.Server.L0.Tests.dll" adapterTypeName="Microsoft.VisualStudio.TestTools.TestTypes.Unit.UnitTestAdapter" className="MS.TF.WorkItemTracking.Server.L0.Tests.ProcessValidator.WitProcessTemplateValidatorTests" name="ValidatorErrorsForRefNameOnWITWithInvalidFormat" />
    </UnitTest>
    <UnitTest name="ValidatorErrorsForRefNameOnWITInSystemNamespace" storage="d:\v2.0\a1\_work\dbded102\bin\release.anycpu\tfs.service\ms.tf.workitemtracking.server.l0.tests\ms.tf.workitemtracking.server.l0.tests.dll" id="9e4d477b-1325-07df-82be-66f4f08a875b">
      <Execution id="68aaaa67-f650-4d34-a68b-2594691c23ea" />
      <TestMethod codeBase="D:\v2.0\A1\_work\dbded102\bin\Release.AnyCPU\Tfs.Service\MS.TF.WorkItemTracking.Server.L0.Tests\MS.TF.WorkItemTracking.Server.L0.Tests.dll" adapterTypeName="Microsoft.VisualStudio.TestTools.TestTypes.Unit.UnitTestAdapter" className="MS.TF.WorkItemTracking.Server.L0.Tests.ProcessValidator.WitProcessTemplateValidatorTests" name="ValidatorErrorsForRefNameOnWITInSystemNamespace" />
    </UnitTest>
    <UnitTest name="ValidatorErrorsOnCustomFieldNotConsistentWithCollectionStateByType" storage="d:\v2.0\a1\_work\dbded102\bin\release.anycpu\tfs.service\ms.tf.workitemtracking.server.l0.tests\ms.tf.workitemtracking.server.l0.tests.dll" id="3f087f96-8ec3-6141-ee07-d6c70d3f6ded">
      <Execution id="95327f19-415c-42bc-8cfb-c52368ef6ec6" />
      <TestMethod codeBase="D:\v2.0\A1\_work\dbded102\bin\Release.AnyCPU\Tfs.Service\MS.TF.WorkItemTracking.Server.L0.Tests\MS.TF.WorkItemTracking.Server.L0.Tests.dll" adapterTypeName="Microsoft.VisualStudio.TestTools.TestTypes.Unit.UnitTestAdapter" className="MS.TF.WorkItemTracking.Server.L0.Tests.ProcessValidator.WitProcessTemplateValidatorTests" name="ValidatorErrorsOnCustomFieldNotConsistentWithCollectionStateByType" />
    </UnitTest>
    <UnitTest name="ValidatorErrorsOnMultipleUsesOfNameOnFieldFromExistingTemplates" storage="d:\v2.0\a1\_work\dbded102\bin\release.anycpu\tfs.service\ms.tf.workitemtracking.server.l0.tests\ms.tf.workitemtracking.server.l0.tests.dll" id="fad06ccf-ca58-999d-5a9f-f989521f9067">
      <Execution id="cc6f36ea-b6f2-404c-b20c-4c07fb190df2" />
      <TestMethod codeBase="D:\v2.0\A1\_work\dbded102\bin\Release.AnyCPU\Tfs.Service\MS.TF.WorkItemTracking.Server.L0.Tests\MS.TF.WorkItemTracking.Server.L0.Tests.dll" adapterTypeName="Microsoft.VisualStudio.TestTools.TestTypes.Unit.UnitTestAdapter" className="MS.TF.WorkItemTracking.Server.L0.Tests.ProcessValidator.WitProcessTemplateValidatorTests" name="ValidatorErrorsOnMultipleUsesOfNameOnFieldFromExistingTemplates" />
    </UnitTest>
    <UnitTest name="ValidatorErrorsOnMultipleUsesOfNameOnFieldFromFieldTable" storage="d:\v2.0\a1\_work\dbded102\bin\release.anycpu\tfs.service\ms.tf.workitemtracking.server.l0.tests\ms.tf.workitemtracking.server.l0.tests.dll" id="f79dd0ec-cf0c-3210-48f4-7f6b453331d4">
      <Execution id="4c766904-31a3-4853-9985-aa4b926be7f3" />
      <TestMethod codeBase="D:\v2.0\A1\_work\dbded102\bin\Release.AnyCPU\Tfs.Service\MS.TF.WorkItemTracking.Server.L0.Tests\MS.TF.WorkItemTracking.Server.L0.Tests.dll" adapterTypeName="Microsoft.VisualStudio.TestTools.TestTypes.Unit.UnitTestAdapter" className="MS.TF.WorkItemTracking.Server.L0.Tests.ProcessValidator.WitProcessTemplateValidatorTests" name="ValidatorErrorsOnMultipleUsesOfNameOnFieldFromFieldTable" />
    </UnitTest>
    <UnitTest name="ValidatorWarnsOnWorkItemTypeRename" storage="d:\v2.0\a1\_work\dbded102\bin\release.anycpu\tfs.service\ms.tf.workitemtracking.server.l0.tests\ms.tf.workitemtracking.server.l0.tests.dll" id="8c242a67-848c-0461-e550-53d2ce7f8c42">
      <Execution id="64c78aaf-38ba-4a30-ad63-2cd66ed7c637" />
      <TestMethod codeBase="D:\v2.0\A1\_work\dbded102\bin\Release.AnyCPU\Tfs.Service\MS.TF.WorkItemTracking.Server.L0.Tests\MS.TF.WorkItemTracking.Server.L0.Tests.dll" adapterTypeName="Microsoft.VisualStudio.TestTools.TestTypes.Unit.UnitTestAdapter" className="MS.TF.WorkItemTracking.Server.L0.Tests.ProcessValidator.WitProcessTemplateValidatorTests" name="ValidatorWarnsOnWorkItemTypeRename" />
    </UnitTest>
    <UnitTest name="ValidatorWarnsOnWorkItemTypeDelete" storage="d:\v2.0\a1\_work\dbded102\bin\release.anycpu\tfs.service\ms.tf.workitemtracking.server.l0.tests\ms.tf.workitemtracking.server.l0.tests.dll" id="aa9bac1d-3eec-e66b-ae83-129fdb2c0443">
      <Execution id="4b695646-5625-4afa-ae37-4e062f914d07" />
      <TestMethod codeBase="D:\v2.0\A1\_work\dbded102\bin\Release.AnyCPU\Tfs.Service\MS.TF.WorkItemTracking.Server.L0.Tests\MS.TF.WorkItemTracking.Server.L0.Tests.dll" adapterTypeName="Microsoft.VisualStudio.TestTools.TestTypes.Unit.UnitTestAdapter" className="MS.TF.WorkItemTracking.Server.L0.Tests.ProcessValidator.WitProcessTemplateValidatorTests" name="ValidatorWarnsOnWorkItemTypeDelete" />
    </UnitTest>
    <UnitTest name="ValidatorWarnsOnFieldDelete" storage="d:\v2.0\a1\_work\dbded102\bin\release.anycpu\tfs.service\ms.tf.workitemtracking.server.l0.tests\ms.tf.workitemtracking.server.l0.tests.dll" id="c860fff9-bff4-125b-59ec-9f40c1b7bae9">
      <Execution id="058a2f21-803d-4bad-8c71-2fa196a8dcbd" />
      <TestMethod codeBase="D:\v2.0\A1\_work\dbded102\bin\Release.AnyCPU\Tfs.Service\MS.TF.WorkItemTracking.Server.L0.Tests\MS.TF.WorkItemTracking.Server.L0.Tests.dll" adapterTypeName="Microsoft.VisualStudio.TestTools.TestTypes.Unit.UnitTestAdapter" className="MS.TF.WorkItemTracking.Server.L0.Tests.ProcessValidator.WitProcessTemplateValidatorTests" name="ValidatorWarnsOnFieldDelete" />
    </UnitTest>
    <UnitTest name="ValidatorDoesNotWarnsWhenErrorsArePresent" storage="d:\v2.0\a1\_work\dbded102\bin\release.anycpu\tfs.service\ms.tf.workitemtracking.server.l0.tests\ms.tf.workitemtracking.server.l0.tests.dll" id="06166c9b-6243-2543-7242-d474b7f40fff">
      <Execution id="4c75ec68-90df-4736-b008-cec8ef1f0bb0" />
      <TestMethod codeBase="D:\v2.0\A1\_work\dbded102\bin\Release.AnyCPU\Tfs.Service\MS.TF.WorkItemTracking.Server.L0.Tests\MS.TF.WorkItemTracking.Server.L0.Tests.dll" adapterTypeName="Microsoft.VisualStudio.TestTools.TestTypes.Unit.UnitTestAdapter" className="MS.TF.WorkItemTracking.Server.L0.Tests.ProcessValidator.WitProcessTemplateValidatorTests" name="ValidatorDoesNotWarnsWhenErrorsArePresent" />
    </UnitTest>
    <UnitTest name="ValidatorErrorsOnUnknownTypeReferencedInCategory" storage="d:\v2.0\a1\_work\dbded102\bin\release.anycpu\tfs.service\ms.tf.workitemtracking.server.l0.tests\ms.tf.workitemtracking.server.l0.tests.dll" id="ce2dbedd-ee25-4d40-87e3-b2ea85f50c83">
      <Execution id="e5410926-90c7-4179-9013-fea8071a5e1c" />
      <TestMethod codeBase="D:\v2.0\A1\_work\dbded102\bin\Release.AnyCPU\Tfs.Service\MS.TF.WorkItemTracking.Server.L0.Tests\MS.TF.WorkItemTracking.Server.L0.Tests.dll" adapterTypeName="Microsoft.VisualStudio.TestTools.TestTypes.Unit.UnitTestAdapter" className="MS.TF.WorkItemTracking.Server.L0.Tests.ProcessValidator.WitProcessTemplateValidatorTests" name="ValidatorErrorsOnUnknownTypeReferencedInCategory" />
    </UnitTest>
    <UnitTest name="ValidatorErrorsOnPortfolioBacklogWithMultipleParentlessNodes" storage="d:\v2.0\a1\_work\dbded102\bin\release.anycpu\tfs.service\ms.tf.workitemtracking.server.l0.tests\ms.tf.workitemtracking.server.l0.tests.dll" id="ca47fe71-ac65-8cc1-5605-9c87904a0dd5">
      <Execution id="c975d7c4-a313-478c-bd98-9ffc8b07a6d1" />
      <TestMethod codeBase="D:\v2.0\A1\_work\dbded102\bin\Release.AnyCPU\Tfs.Service\MS.TF.WorkItemTracking.Server.L0.Tests\MS.TF.WorkItemTracking.Server.L0.Tests.dll" adapterTypeName="Microsoft.VisualStudio.TestTools.TestTypes.Unit.UnitTestAdapter" className="MS.TF.WorkItemTracking.Server.L0.Tests.ProcessValidator.WitProcessTemplateValidatorTests" name="ValidatorErrorsOnPortfolioBacklogWithMultipleParentlessNodes" />
    </UnitTest>
    <UnitTest name="ValidatorErrorsOnPortfolioBacklogWithMultipleChildBacklogs" storage="d:\v2.0\a1\_work\dbded102\bin\release.anycpu\tfs.service\ms.tf.workitemtracking.server.l0.tests\ms.tf.workitemtracking.server.l0.tests.dll" id="cbdd6d1e-b637-61f8-9dc7-5d1cec257362">
      <Execution id="90df738e-693f-47bd-928c-d29df376d9e0" />
      <TestMethod codeBase="D:\v2.0\A1\_work\dbded102\bin\Release.AnyCPU\Tfs.Service\MS.TF.WorkItemTracking.Server.L0.Tests\MS.TF.WorkItemTracking.Server.L0.Tests.dll" adapterTypeName="Microsoft.VisualStudio.TestTools.TestTypes.Unit.UnitTestAdapter" className="MS.TF.WorkItemTracking.Server.L0.Tests.ProcessValidator.WitProcessTemplateValidatorTests" name="ValidatorErrorsOnPortfolioBacklogWithMultipleChildBacklogs" />
    </UnitTest>
    <UnitTest name="ValidatorErrorsOnPortfolioBacklogWithNonExistantParent" storage="d:\v2.0\a1\_work\dbded102\bin\release.anycpu\tfs.service\ms.tf.workitemtracking.server.l0.tests\ms.tf.workitemtracking.server.l0.tests.dll" id="8ba7f2f3-e538-5dda-cbfc-ddbf8f1ff431">
      <Execution id="58b16496-793a-47d6-8437-7587338b4a37" />
      <TestMethod codeBase="D:\v2.0\A1\_work\dbded102\bin\Release.AnyCPU\Tfs.Service\MS.TF.WorkItemTracking.Server.L0.Tests\MS.TF.WorkItemTracking.Server.L0.Tests.dll" adapterTypeName="Microsoft.VisualStudio.TestTools.TestTypes.Unit.UnitTestAdapter" className="MS.TF.WorkItemTracking.Server.L0.Tests.ProcessValidator.WitProcessTemplateValidatorTests" name="ValidatorErrorsOnPortfolioBacklogWithNonExistantParent" />
    </UnitTest>
    <UnitTest name="ValidatorErrorsOnTooManyPortfolioBacklogs" storage="d:\v2.0\a1\_work\dbded102\bin\release.anycpu\tfs.service\ms.tf.workitemtracking.server.l0.tests\ms.tf.workitemtracking.server.l0.tests.dll" id="edda6d01-ea34-0f7e-c292-6f2ad933c92f">
      <Execution id="6490a09a-922a-4f9c-a9ea-05e7abb217a0" />
      <TestMethod codeBase="D:\v2.0\A1\_work\dbded102\bin\Release.AnyCPU\Tfs.Service\MS.TF.WorkItemTracking.Server.L0.Tests\MS.TF.WorkItemTracking.Server.L0.Tests.dll" adapterTypeName="Microsoft.VisualStudio.TestTools.TestTypes.Unit.UnitTestAdapter" className="MS.TF.WorkItemTracking.Server.L0.Tests.ProcessValidator.WitProcessTemplateValidatorTests" name="ValidatorErrorsOnTooManyPortfolioBacklogs" />
    </UnitTest>
    <UnitTest name="ValidatorErrorsForRulesOnFieldThatProhibitsRules" storage="d:\v2.0\a1\_work\dbded102\bin\release.anycpu\tfs.service\ms.tf.workitemtracking.server.l0.tests\ms.tf.workitemtracking.server.l0.tests.dll" id="a70b7274-51b0-cb9a-3941-61e7f769f076">
      <Execution id="027e5ac3-6a03-47ad-975d-3f92846a21f9" />
      <TestMethod codeBase="D:\v2.0\A1\_work\dbded102\bin\Release.AnyCPU\Tfs.Service\MS.TF.WorkItemTracking.Server.L0.Tests\MS.TF.WorkItemTracking.Server.L0.Tests.dll" adapterTypeName="Microsoft.VisualStudio.TestTools.TestTypes.Unit.UnitTestAdapter" className="MS.TF.WorkItemTracking.Server.L0.Tests.ProcessValidator.WitProcessTemplateValidatorTests" name="ValidatorErrorsForRulesOnFieldThatProhibitsRules" />
    </UnitTest>
    <UnitTest name="ValidatorErrorsForRulesOnFieldThatLimitsRules" storage="d:\v2.0\a1\_work\dbded102\bin\release.anycpu\tfs.service\ms.tf.workitemtracking.server.l0.tests\ms.tf.workitemtracking.server.l0.tests.dll" id="29a8ea38-97e9-c762-e921-b7e907f54058">
      <Execution id="9fc96e90-73a5-4249-a804-685ec8f1a7c0" />
      <TestMethod codeBase="D:\v2.0\A1\_work\dbded102\bin\Release.AnyCPU\Tfs.Service\MS.TF.WorkItemTracking.Server.L0.Tests\MS.TF.WorkItemTracking.Server.L0.Tests.dll" adapterTypeName="Microsoft.VisualStudio.TestTools.TestTypes.Unit.UnitTestAdapter" className="MS.TF.WorkItemTracking.Server.L0.Tests.ProcessValidator.WitProcessTemplateValidatorTests" name="ValidatorErrorsForRulesOnFieldThatLimitsRules" />
    </UnitTest>
    <UnitTest name="ValidatorPassesForRulesOnFieldThatLimitsRulesWithFlagEnabled" storage="d:\v2.0\a1\_work\dbded102\bin\release.anycpu\tfs.service\ms.tf.workitemtracking.server.l0.tests\ms.tf.workitemtracking.server.l0.tests.dll" id="0218765c-fea3-066c-34f0-94e42cbec409">
      <Execution id="6c305871-599d-49f8-9744-2479f13a8358" />
      <TestMethod codeBase="D:\v2.0\A1\_work\dbded102\bin\Release.AnyCPU\Tfs.Service\MS.TF.WorkItemTracking.Server.L0.Tests\MS.TF.WorkItemTracking.Server.L0.Tests.dll" adapterTypeName="Microsoft.VisualStudio.TestTools.TestTypes.Unit.UnitTestAdapter" className="MS.TF.WorkItemTracking.Server.L0.Tests.ProcessValidator.WitProcessTemplateValidatorTests" name="ValidatorPassesForRulesOnFieldThatLimitsRulesWithFlagEnabled" />
    </UnitTest>
    <UnitTest name="ValidatorErrorsForFeatureReferencingUnknownCategory" storage="d:\v2.0\a1\_work\dbded102\bin\release.anycpu\tfs.service\ms.tf.workitemtracking.server.l0.tests\ms.tf.workitemtracking.server.l0.tests.dll" id="30eb7273-fe2e-768a-c2ec-4e1083e8cacc">
      <Execution id="9005f6c6-01c9-4de7-81a6-509b7eee12d3" />
      <TestMethod codeBase="D:\v2.0\A1\_work\dbded102\bin\Release.AnyCPU\Tfs.Service\MS.TF.WorkItemTracking.Server.L0.Tests\MS.TF.WorkItemTracking.Server.L0.Tests.dll" adapterTypeName="Microsoft.VisualStudio.TestTools.TestTypes.Unit.UnitTestAdapter" className="MS.TF.WorkItemTracking.Server.L0.Tests.ProcessValidator.WitProcessTemplateValidatorTests" name="ValidatorErrorsForFeatureReferencingUnknownCategory" />
    </UnitTest>
    <UnitTest name="ValidatorErrorsForMissingTypeFieldOnTypeInFeature" storage="d:\v2.0\a1\_work\dbded102\bin\release.anycpu\tfs.service\ms.tf.workitemtracking.server.l0.tests\ms.tf.workitemtracking.server.l0.tests.dll" id="2c6518d5-9025-0b0a-e535-e9115eeaba83">
      <Execution id="bca3aaec-035c-44db-985f-824d8e6a1425" />
      <TestMethod codeBase="D:\v2.0\A1\_work\dbded102\bin\Release.AnyCPU\Tfs.Service\MS.TF.WorkItemTracking.Server.L0.Tests\MS.TF.WorkItemTracking.Server.L0.Tests.dll" adapterTypeName="Microsoft.VisualStudio.TestTools.TestTypes.Unit.UnitTestAdapter" className="MS.TF.WorkItemTracking.Server.L0.Tests.ProcessValidator.WitProcessTemplateValidatorTests" name="ValidatorErrorsForMissingTypeFieldOnTypeInFeature" />
    </UnitTest>
    <UnitTest name="ValidatorErrorsForMissingAllowedValuesRuleOnTypeFieldOnTypeInFeature" storage="d:\v2.0\a1\_work\dbded102\bin\release.anycpu\tfs.service\ms.tf.workitemtracking.server.l0.tests\ms.tf.workitemtracking.server.l0.tests.dll" id="fc7c7a6e-d0af-039f-7c91-5436416fd918">
      <Execution id="5d876159-1a6c-4fe8-9b8a-f3ab5273d1c3" />
      <TestMethod codeBase="D:\v2.0\A1\_work\dbded102\bin\Release.AnyCPU\Tfs.Service\MS.TF.WorkItemTracking.Server.L0.Tests\MS.TF.WorkItemTracking.Server.L0.Tests.dll" adapterTypeName="Microsoft.VisualStudio.TestTools.TestTypes.Unit.UnitTestAdapter" className="MS.TF.WorkItemTracking.Server.L0.Tests.ProcessValidator.WitProcessTemplateValidatorTests" name="ValidatorErrorsForMissingAllowedValuesRuleOnTypeFieldOnTypeInFeature" />
    </UnitTest>
    <UnitTest name="ValidatorErrorsForAllowedValuesRuleOnTypeFieldMissingAValueOnTypeInFeature" storage="d:\v2.0\a1\_work\dbded102\bin\release.anycpu\tfs.service\ms.tf.workitemtracking.server.l0.tests\ms.tf.workitemtracking.server.l0.tests.dll" id="7276cbac-1ed1-d84f-cbd8-eaeb485b84ba">
      <Execution id="09481273-13d3-4a24-98b2-37082848cecb" />
      <TestMethod codeBase="D:\v2.0\A1\_work\dbded102\bin\Release.AnyCPU\Tfs.Service\MS.TF.WorkItemTracking.Server.L0.Tests\MS.TF.WorkItemTracking.Server.L0.Tests.dll" adapterTypeName="Microsoft.VisualStudio.TestTools.TestTypes.Unit.UnitTestAdapter" className="MS.TF.WorkItemTracking.Server.L0.Tests.ProcessValidator.WitProcessTemplateValidatorTests" name="ValidatorErrorsForAllowedValuesRuleOnTypeFieldMissingAValueOnTypeInFeature" />
    </UnitTest>
    <UnitTest name="ValidatorErrorsWhenRequiredMetastateProposedIsNotMappedToAnyStates" storage="d:\v2.0\a1\_work\dbded102\bin\release.anycpu\tfs.service\ms.tf.workitemtracking.server.l0.tests\ms.tf.workitemtracking.server.l0.tests.dll" id="ebdafbeb-a8b8-4969-16c1-d69fdd91e719">
      <Execution id="0d988412-c818-4106-a1c9-84bc025baf95" />
      <TestMethod codeBase="D:\v2.0\A1\_work\dbded102\bin\Release.AnyCPU\Tfs.Service\MS.TF.WorkItemTracking.Server.L0.Tests\MS.TF.WorkItemTracking.Server.L0.Tests.dll" adapterTypeName="Microsoft.VisualStudio.TestTools.TestTypes.Unit.UnitTestAdapter" className="MS.TF.WorkItemTracking.Server.L0.Tests.ProcessValidator.WitProcessTemplateValidatorTests" name="ValidatorErrorsWhenRequiredMetastateProposedIsNotMappedToAnyStates" />
    </UnitTest>
    <UnitTest name="ValidatorPassesWhenRequiredMetastateProposedIsMappedToMultipleAnyStates" storage="d:\v2.0\a1\_work\dbded102\bin\release.anycpu\tfs.service\ms.tf.workitemtracking.server.l0.tests\ms.tf.workitemtracking.server.l0.tests.dll" id="922e132d-be8f-ff11-e09c-237c884c2026">
      <Execution id="42ba1818-c136-42d9-9dcd-5554b29ae493" />
      <TestMethod codeBase="D:\v2.0\A1\_work\dbded102\bin\Release.AnyCPU\Tfs.Service\MS.TF.WorkItemTracking.Server.L0.Tests\MS.TF.WorkItemTracking.Server.L0.Tests.dll" adapterTypeName="Microsoft.VisualStudio.TestTools.TestTypes.Unit.UnitTestAdapter" className="MS.TF.WorkItemTracking.Server.L0.Tests.ProcessValidator.WitProcessTemplateValidatorTests" name="ValidatorPassesWhenRequiredMetastateProposedIsMappedToMultipleAnyStates" />
    </UnitTest>
    <UnitTest name="ValidatorErrorsWhenUnknownMetastateIsMappedToAnyStates" storage="d:\v2.0\a1\_work\dbded102\bin\release.anycpu\tfs.service\ms.tf.workitemtracking.server.l0.tests\ms.tf.workitemtracking.server.l0.tests.dll" id="e88e3038-7aad-7e8b-b880-3f57900ad262">
      <Execution id="a3f752dd-6c04-44ba-9b8c-818adc6a0c65" />
      <TestMethod codeBase="D:\v2.0\A1\_work\dbded102\bin\Release.AnyCPU\Tfs.Service\MS.TF.WorkItemTracking.Server.L0.Tests\MS.TF.WorkItemTracking.Server.L0.Tests.dll" adapterTypeName="Microsoft.VisualStudio.TestTools.TestTypes.Unit.UnitTestAdapter" className="MS.TF.WorkItemTracking.Server.L0.Tests.ProcessValidator.WitProcessTemplateValidatorTests" name="ValidatorErrorsWhenUnknownMetastateIsMappedToAnyStates" />
    </UnitTest>
    <UnitTest name="ValidatorErrorsWhenRequiredMetastateCompleteIsNotMappedToAnyStates" storage="d:\v2.0\a1\_work\dbded102\bin\release.anycpu\tfs.service\ms.tf.workitemtracking.server.l0.tests\ms.tf.workitemtracking.server.l0.tests.dll" id="bd60ed2e-aace-3b82-8d47-9f94493ec2c5">
      <Execution id="1bcd2497-7449-41ad-8552-0a58dca11e5b" />
      <TestMethod codeBase="D:\v2.0\A1\_work\dbded102\bin\Release.AnyCPU\Tfs.Service\MS.TF.WorkItemTracking.Server.L0.Tests\MS.TF.WorkItemTracking.Server.L0.Tests.dll" adapterTypeName="Microsoft.VisualStudio.TestTools.TestTypes.Unit.UnitTestAdapter" className="MS.TF.WorkItemTracking.Server.L0.Tests.ProcessValidator.WitProcessTemplateValidatorTests" name="ValidatorErrorsWhenRequiredMetastateCompleteIsNotMappedToAnyStates" />
    </UnitTest>
    <UnitTest name="ValidatorPassesWhenRequiredMetastateCompleteIsMappedToMultipleAnyStates" storage="d:\v2.0\a1\_work\dbded102\bin\release.anycpu\tfs.service\ms.tf.workitemtracking.server.l0.tests\ms.tf.workitemtracking.server.l0.tests.dll" id="f4aebfea-5559-cc99-4d65-8bdfd3a5cac1">
      <Execution id="cf924eb4-7775-4684-a05e-6854ae16b96b" />
      <TestMethod codeBase="D:\v2.0\A1\_work\dbded102\bin\Release.AnyCPU\Tfs.Service\MS.TF.WorkItemTracking.Server.L0.Tests\MS.TF.WorkItemTracking.Server.L0.Tests.dll" adapterTypeName="Microsoft.VisualStudio.TestTools.TestTypes.Unit.UnitTestAdapter" className="MS.TF.WorkItemTracking.Server.L0.Tests.ProcessValidator.WitProcessTemplateValidatorTests" name="ValidatorPassesWhenRequiredMetastateCompleteIsMappedToMultipleAnyStates" />
    </UnitTest>
    <UnitTest name="ValidatorPassesWhenMetastateResolvedIsMappedToMoreThanOneState" storage="d:\v2.0\a1\_work\dbded102\bin\release.anycpu\tfs.service\ms.tf.workitemtracking.server.l0.tests\ms.tf.workitemtracking.server.l0.tests.dll" id="8f19a280-ec3a-bfb5-2452-abdfd631036b">
      <Execution id="4180a887-943b-4d11-babd-8993f3ef0938" />
      <TestMethod codeBase="D:\v2.0\A1\_work\dbded102\bin\Release.AnyCPU\Tfs.Service\MS.TF.WorkItemTracking.Server.L0.Tests\MS.TF.WorkItemTracking.Server.L0.Tests.dll" adapterTypeName="Microsoft.VisualStudio.TestTools.TestTypes.Unit.UnitTestAdapter" className="MS.TF.WorkItemTracking.Server.L0.Tests.ProcessValidator.WitProcessTemplateValidatorTests" name="ValidatorPassesWhenMetastateResolvedIsMappedToMoreThanOneState" />
    </UnitTest>
    <UnitTest name="ValidatorErrorsWhenResolvedIsMappedWhenItIsNotAllowed" storage="d:\v2.0\a1\_work\dbded102\bin\release.anycpu\tfs.service\ms.tf.workitemtracking.server.l0.tests\ms.tf.workitemtracking.server.l0.tests.dll" id="0b54d8fd-9db8-e172-dcb5-36180fb56b3c">
      <Execution id="5c109c68-0255-474e-9fe3-92352621b22a" />
      <TestMethod codeBase="D:\v2.0\A1\_work\dbded102\bin\Release.AnyCPU\Tfs.Service\MS.TF.WorkItemTracking.Server.L0.Tests\MS.TF.WorkItemTracking.Server.L0.Tests.dll" adapterTypeName="Microsoft.VisualStudio.TestTools.TestTypes.Unit.UnitTestAdapter" className="MS.TF.WorkItemTracking.Server.L0.Tests.ProcessValidator.WitProcessTemplateValidatorTests" name="ValidatorErrorsWhenResolvedIsMappedWhenItIsNotAllowed" />
    </UnitTest>
    <UnitTest name="IfUserDoesntHavePermissionsTheEventIsDiscarded" storage="d:\v2.0\a1\_work\dbded102\bin\release.anycpu\tfs.service\ms.tf.workitemtracking.server.l0.tests\ms.tf.workitemtracking.server.l0.tests.dll" id="59723b8e-bc69-d03d-5016-0ca21a0e78a3">
      <Execution id="bf57e642-6536-4ebc-b724-71ad632d9fd7" />
      <TestMethod codeBase="D:\v2.0\A1\_work\dbded102\bin\Release.AnyCPU\Tfs.Service\MS.TF.WorkItemTracking.Server.L0.Tests\MS.TF.WorkItemTracking.Server.L0.Tests.dll" adapterTypeName="Microsoft.VisualStudio.TestTools.TestTypes.Unit.UnitTestAdapter" className="MS.TF.WorkItemTracking.Server.L0.Tests.Notification.NotificationFilterTests" name="IfUserDoesntHavePermissionsTheEventIsDiscarded" />
    </UnitTest>
    <UnitTest name="IfUserHasPermissionsTheEventIsProcessed" storage="d:\v2.0\a1\_work\dbded102\bin\release.anycpu\tfs.service\ms.tf.workitemtracking.server.l0.tests\ms.tf.workitemtracking.server.l0.tests.dll" id="e7992486-c3c6-029c-b1a9-fd6ee2124838">
      <Execution id="84a34ac1-df61-4c93-9397-723f26ed92f6" />
      <TestMethod codeBase="D:\v2.0\A1\_work\dbded102\bin\Release.AnyCPU\Tfs.Service\MS.TF.WorkItemTracking.Server.L0.Tests\MS.TF.WorkItemTracking.Server.L0.Tests.dll" adapterTypeName="Microsoft.VisualStudio.TestTools.TestTypes.Unit.UnitTestAdapter" className="MS.TF.WorkItemTracking.Server.L0.Tests.Notification.NotificationFilterTests" name="IfUserHasPermissionsTheEventIsProcessed" />
    </UnitTest>
    <UnitTest name="MetadataDbStamps_NewStamps" storage="d:\v2.0\a1\_work\dbded102\bin\release.anycpu\tfs.service\ms.tf.workitemtracking.server.l0.tests\ms.tf.workitemtracking.server.l0.tests.dll" id="72eb6574-8aef-8c7b-04bb-0ec85f891637">
      <Execution id="fc6488d9-7bfd-4955-9549-c6bbd391c049" />
      <TestMethod codeBase="D:\v2.0\A1\_work\dbded102\bin\Release.AnyCPU\Tfs.Service\MS.TF.WorkItemTracking.Server.L0.Tests\MS.TF.WorkItemTracking.Server.L0.Tests.dll" adapterTypeName="Microsoft.VisualStudio.TestTools.TestTypes.Unit.UnitTestAdapter" className="MS.TF.WorkItemTracking.Server.L0.Tests.Metadata.MetadataDbStampsExtensionsTests" name="MetadataDbStamps_NewStamps" />
    </UnitTest>
    <UnitTest name="MetadataDbStamps_KeepsCachedStamps" storage="d:\v2.0\a1\_work\dbded102\bin\release.anycpu\tfs.service\ms.tf.workitemtracking.server.l0.tests\ms.tf.workitemtracking.server.l0.tests.dll" id="a359328a-5598-a351-5914-6a0b7b429043">
      <Execution id="cdabe23b-ba44-48dd-8cc9-3b92c6a001db" />
      <TestMethod codeBase="D:\v2.0\A1\_work\dbded102\bin\Release.AnyCPU\Tfs.Service\MS.TF.WorkItemTracking.Server.L0.Tests\MS.TF.WorkItemTracking.Server.L0.Tests.dll" adapterTypeName="Microsoft.VisualStudio.TestTools.TestTypes.Unit.UnitTestAdapter" className="MS.TF.WorkItemTracking.Server.L0.Tests.Metadata.MetadataDbStampsExtensionsTests" name="MetadataDbStamps_KeepsCachedStamps" />
    </UnitTest>
    <UnitTest name="MetadataDbStamps_ResetStamps_NewStamps" storage="d:\v2.0\a1\_work\dbded102\bin\release.anycpu\tfs.service\ms.tf.workitemtracking.server.l0.tests\ms.tf.workitemtracking.server.l0.tests.dll" id="8be6367e-c8b5-1373-6b72-dfbce55cd4ca">
      <Execution id="17a18c42-1621-4bf5-9f59-21629cd1cb82" />
      <TestMethod codeBase="D:\v2.0\A1\_work\dbded102\bin\Release.AnyCPU\Tfs.Service\MS.TF.WorkItemTracking.Server.L0.Tests\MS.TF.WorkItemTracking.Server.L0.Tests.dll" adapterTypeName="Microsoft.VisualStudio.TestTools.TestTypes.Unit.UnitTestAdapter" className="MS.TF.WorkItemTracking.Server.L0.Tests.Metadata.MetadataDbStampsExtensionsTests" name="MetadataDbStamps_ResetStamps_NewStamps" />
    </UnitTest>
    <UnitTest name="GetFieldsSntapshot_ReturnsFieldTypeDictionary" storage="d:\v2.0\a1\_work\dbded102\bin\release.anycpu\tfs.service\ms.tf.workitemtracking.server.l0.tests\ms.tf.workitemtracking.server.l0.tests.dll" id="68cedeae-6d07-310f-4390-63b9dbad21a0">
      <Execution id="36c1e579-6f29-4e93-8f1f-12a481146a87" />
      <TestMethod codeBase="D:\v2.0\A1\_work\dbded102\bin\Release.AnyCPU\Tfs.Service\MS.TF.WorkItemTracking.Server.L0.Tests\MS.TF.WorkItemTracking.Server.L0.Tests.dll" adapterTypeName="Microsoft.VisualStudio.TestTools.TestTypes.Unit.UnitTestAdapter" className="MS.TF.WorkItemTracking.Server.L0.Tests.Metadata.WorkItemTrackingFieldServiceTests" name="GetFieldsSntapshot_ReturnsFieldTypeDictionary" />
    </UnitTest>
    <UnitTest name="GetFieldsSnapshot_NullContext" storage="d:\v2.0\a1\_work\dbded102\bin\release.anycpu\tfs.service\ms.tf.workitemtracking.server.l0.tests\ms.tf.workitemtracking.server.l0.tests.dll" id="c39a7ee6-6501-b928-3ea6-c9436a92a2da">
      <Execution id="9ce4a4d3-29d6-432d-a067-0631453137c5" />
      <TestMethod codeBase="D:\v2.0\A1\_work\dbded102\bin\Release.AnyCPU\Tfs.Service\MS.TF.WorkItemTracking.Server.L0.Tests\MS.TF.WorkItemTracking.Server.L0.Tests.dll" adapterTypeName="Microsoft.VisualStudio.TestTools.TestTypes.Unit.UnitTestAdapter" className="MS.TF.WorkItemTracking.Server.L0.Tests.Metadata.WorkItemTrackingFieldServiceTests" name="GetFieldsSnapshot_NullContext" />
    </UnitTest>
    <UnitTest name="GetAllFields_ReturnsFieldEntries" storage="d:\v2.0\a1\_work\dbded102\bin\release.anycpu\tfs.service\ms.tf.workitemtracking.server.l0.tests\ms.tf.workitemtracking.server.l0.tests.dll" id="cecf44da-857a-5dfd-81c6-a3afe04de580">
      <Execution id="0abebd4d-ac59-440a-9fdc-0a87747d960c" />
      <TestMethod codeBase="D:\v2.0\A1\_work\dbded102\bin\Release.AnyCPU\Tfs.Service\MS.TF.WorkItemTracking.Server.L0.Tests\MS.TF.WorkItemTracking.Server.L0.Tests.dll" adapterTypeName="Microsoft.VisualStudio.TestTools.TestTypes.Unit.UnitTestAdapter" className="MS.TF.WorkItemTracking.Server.L0.Tests.Metadata.WorkItemTrackingFieldServiceTests" name="GetAllFields_ReturnsFieldEntries" />
    </UnitTest>
    <UnitTest name="GetAllFields_NullContext" storage="d:\v2.0\a1\_work\dbded102\bin\release.anycpu\tfs.service\ms.tf.workitemtracking.server.l0.tests\ms.tf.workitemtracking.server.l0.tests.dll" id="def8144b-54a5-0bdb-1ada-0a916813bb23">
      <Execution id="7e538de3-e9f3-4147-bc93-9980f5b3992c" />
      <TestMethod codeBase="D:\v2.0\A1\_work\dbded102\bin\Release.AnyCPU\Tfs.Service\MS.TF.WorkItemTracking.Server.L0.Tests\MS.TF.WorkItemTracking.Server.L0.Tests.dll" adapterTypeName="Microsoft.VisualStudio.TestTools.TestTypes.Unit.UnitTestAdapter" className="MS.TF.WorkItemTracking.Server.L0.Tests.Metadata.WorkItemTrackingFieldServiceTests" name="GetAllFields_NullContext" />
    </UnitTest>
    <UnitTest name="GetFieldByName_ReturnsFieldEntry" storage="d:\v2.0\a1\_work\dbded102\bin\release.anycpu\tfs.service\ms.tf.workitemtracking.server.l0.tests\ms.tf.workitemtracking.server.l0.tests.dll" id="ba6ba124-4ae7-c949-bd11-02271cdb3bdc">
      <Execution id="4a480802-4ccc-43e1-ab8b-bbbd74bbf3d8" />
      <TestMethod codeBase="D:\v2.0\A1\_work\dbded102\bin\Release.AnyCPU\Tfs.Service\MS.TF.WorkItemTracking.Server.L0.Tests\MS.TF.WorkItemTracking.Server.L0.Tests.dll" adapterTypeName="Microsoft.VisualStudio.TestTools.TestTypes.Unit.UnitTestAdapter" className="MS.TF.WorkItemTracking.Server.L0.Tests.Metadata.WorkItemTrackingFieldServiceTests" name="GetFieldByName_ReturnsFieldEntry" />
    </UnitTest>
    <UnitTest name="GetFieldByName" storage="d:\v2.0\a1\_work\dbded102\bin\release.anycpu\tfs.service\ms.tf.workitemtracking.server.l0.tests\ms.tf.workitemtracking.server.l0.tests.dll" id="baee8c2d-ddb5-1ef1-80a2-c9fa5e17d114">
      <Execution id="d5e61cb0-b44e-402d-b92f-8d1fa1ee5b23" />
      <TestMethod codeBase="D:\v2.0\A1\_work\dbded102\bin\Release.AnyCPU\Tfs.Service\MS.TF.WorkItemTracking.Server.L0.Tests\MS.TF.WorkItemTracking.Server.L0.Tests.dll" adapterTypeName="Microsoft.VisualStudio.TestTools.TestTypes.Unit.UnitTestAdapter" className="MS.TF.WorkItemTracking.Server.L0.Tests.Metadata.WorkItemTrackingFieldServiceTests" name="GetFieldByName" />
    </UnitTest>
    <UnitTest name="GetFieldById" storage="d:\v2.0\a1\_work\dbded102\bin\release.anycpu\tfs.service\ms.tf.workitemtracking.server.l0.tests\ms.tf.workitemtracking.server.l0.tests.dll" id="7d506ed3-8c19-5c7f-0627-3db07072fa5d">
      <Execution id="20e64512-ce05-4626-b9d3-c2bab84e74e4" />
      <TestMethod codeBase="D:\v2.0\A1\_work\dbded102\bin\Release.AnyCPU\Tfs.Service\MS.TF.WorkItemTracking.Server.L0.Tests\MS.TF.WorkItemTracking.Server.L0.Tests.dll" adapterTypeName="Microsoft.VisualStudio.TestTools.TestTypes.Unit.UnitTestAdapter" className="MS.TF.WorkItemTracking.Server.L0.Tests.Metadata.WorkItemTrackingFieldServiceTests" name="GetFieldById" />
    </UnitTest>
    <UnitTest name="CacheMissNonExistentField" storage="d:\v2.0\a1\_work\dbded102\bin\release.anycpu\tfs.service\ms.tf.workitemtracking.server.l0.tests\ms.tf.workitemtracking.server.l0.tests.dll" id="67395502-f59a-918c-1b47-8131758fed0f">
      <Execution id="06040a16-eb75-41b1-b13d-874b5f6bab28" />
      <TestMethod codeBase="D:\v2.0\A1\_work\dbded102\bin\Release.AnyCPU\Tfs.Service\MS.TF.WorkItemTracking.Server.L0.Tests\MS.TF.WorkItemTracking.Server.L0.Tests.dll" adapterTypeName="Microsoft.VisualStudio.TestTools.TestTypes.Unit.UnitTestAdapter" className="MS.TF.WorkItemTracking.Server.L0.Tests.Metadata.WorkItemTrackingFieldServiceTests" name="CacheMissNonExistentField" />
    </UnitTest>
    <UnitTest name="CacheMissNonExistentFieldAndStampChanges" storage="d:\v2.0\a1\_work\dbded102\bin\release.anycpu\tfs.service\ms.tf.workitemtracking.server.l0.tests\ms.tf.workitemtracking.server.l0.tests.dll" id="ad529509-0eca-19e5-f4f3-d239ff25279f">
      <Execution id="0e264235-1b62-42b1-9522-863830f548c3" />
      <TestMethod codeBase="D:\v2.0\A1\_work\dbded102\bin\Release.AnyCPU\Tfs.Service\MS.TF.WorkItemTracking.Server.L0.Tests\MS.TF.WorkItemTracking.Server.L0.Tests.dll" adapterTypeName="Microsoft.VisualStudio.TestTools.TestTypes.Unit.UnitTestAdapter" className="MS.TF.WorkItemTracking.Server.L0.Tests.Metadata.WorkItemTrackingFieldServiceTests" name="CacheMissNonExistentFieldAndStampChanges" />
    </UnitTest>
    <UnitTest name="SnapshotFieldChanges" storage="d:\v2.0\a1\_work\dbded102\bin\release.anycpu\tfs.service\ms.tf.workitemtracking.server.l0.tests\ms.tf.workitemtracking.server.l0.tests.dll" id="97edb834-eb0f-dc9a-e2b0-c40ea778738d">
      <Execution id="98f089b6-641a-4474-8241-6d3f5a6f944c" />
      <TestMethod codeBase="D:\v2.0\A1\_work\dbded102\bin\Release.AnyCPU\Tfs.Service\MS.TF.WorkItemTracking.Server.L0.Tests\MS.TF.WorkItemTracking.Server.L0.Tests.dll" adapterTypeName="Microsoft.VisualStudio.TestTools.TestTypes.Unit.UnitTestAdapter" className="MS.TF.WorkItemTracking.Server.L0.Tests.Metadata.WorkItemTrackingFieldServiceTests" name="SnapshotFieldChanges" />
    </UnitTest>
    <UnitTest name="GetFieldByName_WrongName" storage="d:\v2.0\a1\_work\dbded102\bin\release.anycpu\tfs.service\ms.tf.workitemtracking.server.l0.tests\ms.tf.workitemtracking.server.l0.tests.dll" id="eff06fa3-b136-a18a-a654-59e256a535c6">
      <Execution id="fc1ddc59-552a-4c24-9d05-cd5adbe0396f" />
      <TestMethod codeBase="D:\v2.0\A1\_work\dbded102\bin\Release.AnyCPU\Tfs.Service\MS.TF.WorkItemTracking.Server.L0.Tests\MS.TF.WorkItemTracking.Server.L0.Tests.dll" adapterTypeName="Microsoft.VisualStudio.TestTools.TestTypes.Unit.UnitTestAdapter" className="MS.TF.WorkItemTracking.Server.L0.Tests.Metadata.WorkItemTrackingFieldServiceTests" name="GetFieldByName_WrongName" />
    </UnitTest>
    <UnitTest name="TryGetFieldByName_ReturnsFieldEntry" storage="d:\v2.0\a1\_work\dbded102\bin\release.anycpu\tfs.service\ms.tf.workitemtracking.server.l0.tests\ms.tf.workitemtracking.server.l0.tests.dll" id="bca36d06-c2b0-86aa-d48d-2a22aab4543c">
      <Execution id="74dfdee4-00e9-4f0d-bb90-0785f7a756a5" />
      <TestMethod codeBase="D:\v2.0\A1\_work\dbded102\bin\Release.AnyCPU\Tfs.Service\MS.TF.WorkItemTracking.Server.L0.Tests\MS.TF.WorkItemTracking.Server.L0.Tests.dll" adapterTypeName="Microsoft.VisualStudio.TestTools.TestTypes.Unit.UnitTestAdapter" className="MS.TF.WorkItemTracking.Server.L0.Tests.Metadata.WorkItemTrackingFieldServiceTests" name="TryGetFieldByName_ReturnsFieldEntry" />
    </UnitTest>
    <UnitTest name="TryGetFieldByName_WrongName" storage="d:\v2.0\a1\_work\dbded102\bin\release.anycpu\tfs.service\ms.tf.workitemtracking.server.l0.tests\ms.tf.workitemtracking.server.l0.tests.dll" id="e30feb07-57a1-0ce2-a631-afde1b4563c4">
      <Execution id="b3b3ec0c-65e2-4a32-b5a1-d9b0eb2d136d" />
      <TestMethod codeBase="D:\v2.0\A1\_work\dbded102\bin\Release.AnyCPU\Tfs.Service\MS.TF.WorkItemTracking.Server.L0.Tests\MS.TF.WorkItemTracking.Server.L0.Tests.dll" adapterTypeName="Microsoft.VisualStudio.TestTools.TestTypes.Unit.UnitTestAdapter" className="MS.TF.WorkItemTracking.Server.L0.Tests.Metadata.WorkItemTrackingFieldServiceTests" name="TryGetFieldByName_WrongName" />
    </UnitTest>
    <UnitTest name="GetFieldById_ReturnsFieldEntry" storage="d:\v2.0\a1\_work\dbded102\bin\release.anycpu\tfs.service\ms.tf.workitemtracking.server.l0.tests\ms.tf.workitemtracking.server.l0.tests.dll" id="b5899f7b-2931-4561-d1cd-f634c0c4de1f">
      <Execution id="75e4c6f0-6e3f-430c-b3d6-3dc2050bb29a" />
      <TestMethod codeBase="D:\v2.0\A1\_work\dbded102\bin\Release.AnyCPU\Tfs.Service\MS.TF.WorkItemTracking.Server.L0.Tests\MS.TF.WorkItemTracking.Server.L0.Tests.dll" adapterTypeName="Microsoft.VisualStudio.TestTools.TestTypes.Unit.UnitTestAdapter" className="MS.TF.WorkItemTracking.Server.L0.Tests.Metadata.WorkItemTrackingFieldServiceTests" name="GetFieldById_ReturnsFieldEntry" />
    </UnitTest>
    <UnitTest name="GetFieldByRefName" storage="d:\v2.0\a1\_work\dbded102\bin\release.anycpu\tfs.service\ms.tf.workitemtracking.server.l0.tests\ms.tf.workitemtracking.server.l0.tests.dll" id="0d10c3e9-4881-1af1-440b-ae763ab5f4a5">
      <Execution id="7dc801ee-c3b2-47b6-9851-eda65300c949" />
      <TestMethod codeBase="D:\v2.0\A1\_work\dbded102\bin\Release.AnyCPU\Tfs.Service\MS.TF.WorkItemTracking.Server.L0.Tests\MS.TF.WorkItemTracking.Server.L0.Tests.dll" adapterTypeName="Microsoft.VisualStudio.TestTools.TestTypes.Unit.UnitTestAdapter" className="MS.TF.WorkItemTracking.Server.L0.Tests.Metadata.WorkItemTrackingFieldServiceTests" name="GetFieldByRefName" />
    </UnitTest>
    <UnitTest name="GetFieldById_WrongId" storage="d:\v2.0\a1\_work\dbded102\bin\release.anycpu\tfs.service\ms.tf.workitemtracking.server.l0.tests\ms.tf.workitemtracking.server.l0.tests.dll" id="d7e23546-5574-0cb6-8f07-ede7dc8cffa2">
      <Execution id="8754d795-d4f7-4dbd-8b64-590ed94eaf21" />
      <TestMethod codeBase="D:\v2.0\A1\_work\dbded102\bin\Release.AnyCPU\Tfs.Service\MS.TF.WorkItemTracking.Server.L0.Tests\MS.TF.WorkItemTracking.Server.L0.Tests.dll" adapterTypeName="Microsoft.VisualStudio.TestTools.TestTypes.Unit.UnitTestAdapter" className="MS.TF.WorkItemTracking.Server.L0.Tests.Metadata.WorkItemTrackingFieldServiceTests" name="GetFieldById_WrongId" />
    </UnitTest>
    <UnitTest name="IsPersonField_ReturnsIsPersonField" storage="d:\v2.0\a1\_work\dbded102\bin\release.anycpu\tfs.service\ms.tf.workitemtracking.server.l0.tests\ms.tf.workitemtracking.server.l0.tests.dll" id="c687a88a-f4bd-53bc-dbf2-4529eec2f478">
      <Execution id="60f6abc9-cb10-49d3-86f5-b8582903d060" />
      <TestMethod codeBase="D:\v2.0\A1\_work\dbded102\bin\Release.AnyCPU\Tfs.Service\MS.TF.WorkItemTracking.Server.L0.Tests\MS.TF.WorkItemTracking.Server.L0.Tests.dll" adapterTypeName="Microsoft.VisualStudio.TestTools.TestTypes.Unit.UnitTestAdapter" className="MS.TF.WorkItemTracking.Server.L0.Tests.Metadata.WorkItemTrackingFieldServiceTests" name="IsPersonField_ReturnsIsPersonField" />
    </UnitTest>
    <UnitTest name="IsPersonField_WrongName" storage="d:\v2.0\a1\_work\dbded102\bin\release.anycpu\tfs.service\ms.tf.workitemtracking.server.l0.tests\ms.tf.workitemtracking.server.l0.tests.dll" id="855882ee-adcc-3041-5c09-53fc78755922">
      <Execution id="71896144-0585-4e75-8fb4-166a8d58a65a" />
      <TestMethod codeBase="D:\v2.0\A1\_work\dbded102\bin\Release.AnyCPU\Tfs.Service\MS.TF.WorkItemTracking.Server.L0.Tests\MS.TF.WorkItemTracking.Server.L0.Tests.dll" adapterTypeName="Microsoft.VisualStudio.TestTools.TestTypes.Unit.UnitTestAdapter" className="MS.TF.WorkItemTracking.Server.L0.Tests.Metadata.WorkItemTrackingFieldServiceTests" name="IsPersonField_WrongName" />
    </UnitTest>
    <UnitTest name="GetFieldType_ReturnsFieldTypeId" storage="d:\v2.0\a1\_work\dbded102\bin\release.anycpu\tfs.service\ms.tf.workitemtracking.server.l0.tests\ms.tf.workitemtracking.server.l0.tests.dll" id="6cb830b2-303d-0739-23c3-897d590384a8">
      <Execution id="f567db1d-b2c4-4009-b5ba-75fd99c57fa6" />
      <TestMethod codeBase="D:\v2.0\A1\_work\dbded102\bin\Release.AnyCPU\Tfs.Service\MS.TF.WorkItemTracking.Server.L0.Tests\MS.TF.WorkItemTracking.Server.L0.Tests.dll" adapterTypeName="Microsoft.VisualStudio.TestTools.TestTypes.Unit.UnitTestAdapter" className="MS.TF.WorkItemTracking.Server.L0.Tests.Metadata.WorkItemTrackingFieldServiceTests" name="GetFieldType_ReturnsFieldTypeId" />
    </UnitTest>
    <UnitTest name="GetFieldType_WrongName" storage="d:\v2.0\a1\_work\dbded102\bin\release.anycpu\tfs.service\ms.tf.workitemtracking.server.l0.tests\ms.tf.workitemtracking.server.l0.tests.dll" id="9d3518da-da24-345b-160e-d84e9d44fd77">
      <Execution id="038e7dd1-df46-47a2-89cb-13ae93a748ba" />
      <TestMethod codeBase="D:\v2.0\A1\_work\dbded102\bin\Release.AnyCPU\Tfs.Service\MS.TF.WorkItemTracking.Server.L0.Tests\MS.TF.WorkItemTracking.Server.L0.Tests.dll" adapterTypeName="Microsoft.VisualStudio.TestTools.TestTypes.Unit.UnitTestAdapter" className="MS.TF.WorkItemTracking.Server.L0.Tests.Metadata.WorkItemTrackingFieldServiceTests" name="GetFieldType_WrongName" />
    </UnitTest>
    <UnitTest name="GetLinkTypeIds" storage="d:\v2.0\a1\_work\dbded102\bin\release.anycpu\tfs.service\ms.tf.workitemtracking.server.l0.tests\ms.tf.workitemtracking.server.l0.tests.dll" id="03f3e1d7-aee9-37ab-2df2-b0a298521802">
      <Execution id="14f4f526-479c-4d9d-a8fe-836e476636c5" />
      <TestMethod codeBase="D:\v2.0\A1\_work\dbded102\bin\Release.AnyCPU\Tfs.Service\MS.TF.WorkItemTracking.Server.L0.Tests\MS.TF.WorkItemTracking.Server.L0.Tests.dll" adapterTypeName="Microsoft.VisualStudio.TestTools.TestTypes.Unit.UnitTestAdapter" className="MS.TF.WorkItemTracking.Server.L0.Tests.Metadata.WorkItemTrackingLinkServiceTests" name="GetLinkTypeIds" />
    </UnitTest>
    <UnitTest name="GetLinkTypeById" storage="d:\v2.0\a1\_work\dbded102\bin\release.anycpu\tfs.service\ms.tf.workitemtracking.server.l0.tests\ms.tf.workitemtracking.server.l0.tests.dll" id="ba416520-b938-b89c-b95c-e27edcb52d16">
      <Execution id="1e928206-d039-415a-8780-760d9a573215" />
      <TestMethod codeBase="D:\v2.0\A1\_work\dbded102\bin\Release.AnyCPU\Tfs.Service\MS.TF.WorkItemTracking.Server.L0.Tests\MS.TF.WorkItemTracking.Server.L0.Tests.dll" adapterTypeName="Microsoft.VisualStudio.TestTools.TestTypes.Unit.UnitTestAdapter" className="MS.TF.WorkItemTracking.Server.L0.Tests.Metadata.WorkItemTrackingLinkServiceTests" name="GetLinkTypeById" />
    </UnitTest>
    <UnitTest name="GetLinkTypeById_NonexistantId" storage="d:\v2.0\a1\_work\dbded102\bin\release.anycpu\tfs.service\ms.tf.workitemtracking.server.l0.tests\ms.tf.workitemtracking.server.l0.tests.dll" id="0bf6139d-95a3-a3bb-fb97-fb4ce2270f3f">
      <Execution id="a9860ce7-57fb-4863-b88c-f7a6c6314bea" />
      <TestMethod codeBase="D:\v2.0\A1\_work\dbded102\bin\Release.AnyCPU\Tfs.Service\MS.TF.WorkItemTracking.Server.L0.Tests\MS.TF.WorkItemTracking.Server.L0.Tests.dll" adapterTypeName="Microsoft.VisualStudio.TestTools.TestTypes.Unit.UnitTestAdapter" className="MS.TF.WorkItemTracking.Server.L0.Tests.Metadata.WorkItemTrackingLinkServiceTests" name="GetLinkTypeById_NonexistantId" />
    </UnitTest>
    <UnitTest name="GetLinkTypeByName" storage="d:\v2.0\a1\_work\dbded102\bin\release.anycpu\tfs.service\ms.tf.workitemtracking.server.l0.tests\ms.tf.workitemtracking.server.l0.tests.dll" id="1e73a6c6-d74e-59f0-b52c-ec08cbbc6e4a">
      <Execution id="c790bcf6-c1c5-4bd1-a3f9-474251468803" />
      <TestMethod codeBase="D:\v2.0\A1\_work\dbded102\bin\Release.AnyCPU\Tfs.Service\MS.TF.WorkItemTracking.Server.L0.Tests\MS.TF.WorkItemTracking.Server.L0.Tests.dll" adapterTypeName="Microsoft.VisualStudio.TestTools.TestTypes.Unit.UnitTestAdapter" className="MS.TF.WorkItemTracking.Server.L0.Tests.Metadata.WorkItemTrackingLinkServiceTests" name="GetLinkTypeByName" />
    </UnitTest>
    <UnitTest name="GetLinkTypeByName_NonexistantName" storage="d:\v2.0\a1\_work\dbded102\bin\release.anycpu\tfs.service\ms.tf.workitemtracking.server.l0.tests\ms.tf.workitemtracking.server.l0.tests.dll" id="79b9a480-400f-c5ab-c421-7f8f0ffe1cb6">
      <Execution id="33db40ea-4aa0-4e45-af8d-80a5df06c5da" />
      <TestMethod codeBase="D:\v2.0\A1\_work\dbded102\bin\Release.AnyCPU\Tfs.Service\MS.TF.WorkItemTracking.Server.L0.Tests\MS.TF.WorkItemTracking.Server.L0.Tests.dll" adapterTypeName="Microsoft.VisualStudio.TestTools.TestTypes.Unit.UnitTestAdapter" className="MS.TF.WorkItemTracking.Server.L0.Tests.Metadata.WorkItemTrackingLinkServiceTests" name="GetLinkTypeByName_NonexistantName" />
    </UnitTest>
    <UnitTest name="GetLinkTypeByReferenceName" storage="d:\v2.0\a1\_work\dbded102\bin\release.anycpu\tfs.service\ms.tf.workitemtracking.server.l0.tests\ms.tf.workitemtracking.server.l0.tests.dll" id="531f8c51-895d-3067-84c6-5d1c27fa09c1">
      <Execution id="8e8c3a73-e931-49ab-80a7-db87a514d5a7" />
      <TestMethod codeBase="D:\v2.0\A1\_work\dbded102\bin\Release.AnyCPU\Tfs.Service\MS.TF.WorkItemTracking.Server.L0.Tests\MS.TF.WorkItemTracking.Server.L0.Tests.dll" adapterTypeName="Microsoft.VisualStudio.TestTools.TestTypes.Unit.UnitTestAdapter" className="MS.TF.WorkItemTracking.Server.L0.Tests.Metadata.WorkItemTrackingLinkServiceTests" name="GetLinkTypeByReferenceName" />
    </UnitTest>
    <UnitTest name="GetLinkTypeByRefName_NonexistantRefName" storage="d:\v2.0\a1\_work\dbded102\bin\release.anycpu\tfs.service\ms.tf.workitemtracking.server.l0.tests\ms.tf.workitemtracking.server.l0.tests.dll" id="f1714424-dd4f-4086-9abd-c24341ce1f03">
      <Execution id="b488fd15-f71f-449f-b15f-a1c03b865e3b" />
      <TestMethod codeBase="D:\v2.0\A1\_work\dbded102\bin\Release.AnyCPU\Tfs.Service\MS.TF.WorkItemTracking.Server.L0.Tests\MS.TF.WorkItemTracking.Server.L0.Tests.dll" adapterTypeName="Microsoft.VisualStudio.TestTools.TestTypes.Unit.UnitTestAdapter" className="MS.TF.WorkItemTracking.Server.L0.Tests.Metadata.WorkItemTrackingLinkServiceTests" name="GetLinkTypeByRefName_NonexistantRefName" />
    </UnitTest>
    <UnitTest name="ContainsLinkTypeName" storage="d:\v2.0\a1\_work\dbded102\bin\release.anycpu\tfs.service\ms.tf.workitemtracking.server.l0.tests\ms.tf.workitemtracking.server.l0.tests.dll" id="040711b2-3b62-d80b-ae45-6f14876d7caf">
      <Execution id="fc459f79-2c8f-4749-829b-432b5fd1abe6" />
      <TestMethod codeBase="D:\v2.0\A1\_work\dbded102\bin\Release.AnyCPU\Tfs.Service\MS.TF.WorkItemTracking.Server.L0.Tests\MS.TF.WorkItemTracking.Server.L0.Tests.dll" adapterTypeName="Microsoft.VisualStudio.TestTools.TestTypes.Unit.UnitTestAdapter" className="MS.TF.WorkItemTracking.Server.L0.Tests.Metadata.WorkItemTrackingLinkServiceTests" name="ContainsLinkTypeName" />
    </UnitTest>
    <UnitTest name="ContainsLinkTypeReferenceName" storage="d:\v2.0\a1\_work\dbded102\bin\release.anycpu\tfs.service\ms.tf.workitemtracking.server.l0.tests\ms.tf.workitemtracking.server.l0.tests.dll" id="95742a27-21fc-1ac3-ea54-d46fd71528cd">
      <Execution id="58deb9b8-b7ed-4c00-91f2-7141e21558bf" />
      <TestMethod codeBase="D:\v2.0\A1\_work\dbded102\bin\Release.AnyCPU\Tfs.Service\MS.TF.WorkItemTracking.Server.L0.Tests\MS.TF.WorkItemTracking.Server.L0.Tests.dll" adapterTypeName="Microsoft.VisualStudio.TestTools.TestTypes.Unit.UnitTestAdapter" className="MS.TF.WorkItemTracking.Server.L0.Tests.Metadata.WorkItemTrackingLinkServiceTests" name="ContainsLinkTypeReferenceName" />
    </UnitTest>
    <UnitTest name="TryGetLinkTypeById" storage="d:\v2.0\a1\_work\dbded102\bin\release.anycpu\tfs.service\ms.tf.workitemtracking.server.l0.tests\ms.tf.workitemtracking.server.l0.tests.dll" id="aee1e8ae-2cbd-337c-51f1-2f15d2cbd842">
      <Execution id="39b3e249-316c-4a1e-ba00-fa8cddbfc470" />
      <TestMethod codeBase="D:\v2.0\A1\_work\dbded102\bin\Release.AnyCPU\Tfs.Service\MS.TF.WorkItemTracking.Server.L0.Tests\MS.TF.WorkItemTracking.Server.L0.Tests.dll" adapterTypeName="Microsoft.VisualStudio.TestTools.TestTypes.Unit.UnitTestAdapter" className="MS.TF.WorkItemTracking.Server.L0.Tests.Metadata.WorkItemTrackingLinkServiceTests" name="TryGetLinkTypeById" />
    </UnitTest>
    <UnitTest name="TryGetLinkTypeByName" storage="d:\v2.0\a1\_work\dbded102\bin\release.anycpu\tfs.service\ms.tf.workitemtracking.server.l0.tests\ms.tf.workitemtracking.server.l0.tests.dll" id="a0819e3a-20c1-b4ab-b2d7-94d478d0bd06">
      <Execution id="767e5f66-2f9c-44ca-94f1-05aad8907967" />
      <TestMethod codeBase="D:\v2.0\A1\_work\dbded102\bin\Release.AnyCPU\Tfs.Service\MS.TF.WorkItemTracking.Server.L0.Tests\MS.TF.WorkItemTracking.Server.L0.Tests.dll" adapterTypeName="Microsoft.VisualStudio.TestTools.TestTypes.Unit.UnitTestAdapter" className="MS.TF.WorkItemTracking.Server.L0.Tests.Metadata.WorkItemTrackingLinkServiceTests" name="TryGetLinkTypeByName" />
    </UnitTest>
    <UnitTest name="TryGetLinkTypeByRefName" storage="d:\v2.0\a1\_work\dbded102\bin\release.anycpu\tfs.service\ms.tf.workitemtracking.server.l0.tests\ms.tf.workitemtracking.server.l0.tests.dll" id="b1e02c1d-231a-c011-6982-02b06b421815">
      <Execution id="0fda643f-f5fc-4e9f-bfeb-823b67d0846f" />
      <TestMethod codeBase="D:\v2.0\A1\_work\dbded102\bin\Release.AnyCPU\Tfs.Service\MS.TF.WorkItemTracking.Server.L0.Tests\MS.TF.WorkItemTracking.Server.L0.Tests.dll" adapterTypeName="Microsoft.VisualStudio.TestTools.TestTypes.Unit.UnitTestAdapter" className="MS.TF.WorkItemTracking.Server.L0.Tests.Metadata.WorkItemTrackingLinkServiceTests" name="TryGetLinkTypeByRefName" />
    </UnitTest>
    <UnitTest name="GetLinkTypeEndById" storage="d:\v2.0\a1\_work\dbded102\bin\release.anycpu\tfs.service\ms.tf.workitemtracking.server.l0.tests\ms.tf.workitemtracking.server.l0.tests.dll" id="2c181b93-07f3-5950-e529-964bd9bb5dbe">
      <Execution id="392ac7e7-a864-4409-bb07-c3e734c59178" />
      <TestMethod codeBase="D:\v2.0\A1\_work\dbded102\bin\Release.AnyCPU\Tfs.Service\MS.TF.WorkItemTracking.Server.L0.Tests\MS.TF.WorkItemTracking.Server.L0.Tests.dll" adapterTypeName="Microsoft.VisualStudio.TestTools.TestTypes.Unit.UnitTestAdapter" className="MS.TF.WorkItemTracking.Server.L0.Tests.Metadata.WorkItemTrackingLinkServiceTests" name="GetLinkTypeEndById" />
    </UnitTest>
    <UnitTest name="GetLinkTypeEndById_NonexistantId" storage="d:\v2.0\a1\_work\dbded102\bin\release.anycpu\tfs.service\ms.tf.workitemtracking.server.l0.tests\ms.tf.workitemtracking.server.l0.tests.dll" id="2cbe3b1c-8f3a-b762-3d2d-b6203c014c1e">
      <Execution id="7f1ce96f-76fa-4e41-a9db-d8e93c99c132" />
      <TestMethod codeBase="D:\v2.0\A1\_work\dbded102\bin\Release.AnyCPU\Tfs.Service\MS.TF.WorkItemTracking.Server.L0.Tests\MS.TF.WorkItemTracking.Server.L0.Tests.dll" adapterTypeName="Microsoft.VisualStudio.TestTools.TestTypes.Unit.UnitTestAdapter" className="MS.TF.WorkItemTracking.Server.L0.Tests.Metadata.WorkItemTrackingLinkServiceTests" name="GetLinkTypeEndById_NonexistantId" />
    </UnitTest>
    <UnitTest name="GetLinkTypeEndByName" storage="d:\v2.0\a1\_work\dbded102\bin\release.anycpu\tfs.service\ms.tf.workitemtracking.server.l0.tests\ms.tf.workitemtracking.server.l0.tests.dll" id="bd92c278-a9fa-09f8-691c-353743e8a163">
      <Execution id="19921449-2acc-4191-bf2c-642369a935d4" />
      <TestMethod codeBase="D:\v2.0\A1\_work\dbded102\bin\Release.AnyCPU\Tfs.Service\MS.TF.WorkItemTracking.Server.L0.Tests\MS.TF.WorkItemTracking.Server.L0.Tests.dll" adapterTypeName="Microsoft.VisualStudio.TestTools.TestTypes.Unit.UnitTestAdapter" className="MS.TF.WorkItemTracking.Server.L0.Tests.Metadata.WorkItemTrackingLinkServiceTests" name="GetLinkTypeEndByName" />
    </UnitTest>
    <UnitTest name="GetLinkTypeEndByName_NonexistantName" storage="d:\v2.0\a1\_work\dbded102\bin\release.anycpu\tfs.service\ms.tf.workitemtracking.server.l0.tests\ms.tf.workitemtracking.server.l0.tests.dll" id="b44b3ca4-103a-ecf7-b422-9e4e587ea4aa">
      <Execution id="2d715cfa-19f8-46e2-b66a-f98d6f10bf38" />
      <TestMethod codeBase="D:\v2.0\A1\_work\dbded102\bin\Release.AnyCPU\Tfs.Service\MS.TF.WorkItemTracking.Server.L0.Tests\MS.TF.WorkItemTracking.Server.L0.Tests.dll" adapterTypeName="Microsoft.VisualStudio.TestTools.TestTypes.Unit.UnitTestAdapter" className="MS.TF.WorkItemTracking.Server.L0.Tests.Metadata.WorkItemTrackingLinkServiceTests" name="GetLinkTypeEndByName_NonexistantName" />
    </UnitTest>
    <UnitTest name="GetLinkTypeEndByRefName" storage="d:\v2.0\a1\_work\dbded102\bin\release.anycpu\tfs.service\ms.tf.workitemtracking.server.l0.tests\ms.tf.workitemtracking.server.l0.tests.dll" id="8814778e-29ff-4f49-8ae4-177280c6421b">
      <Execution id="c6159f87-a548-4906-95b7-6695396ba0e4" />
      <TestMethod codeBase="D:\v2.0\A1\_work\dbded102\bin\Release.AnyCPU\Tfs.Service\MS.TF.WorkItemTracking.Server.L0.Tests\MS.TF.WorkItemTracking.Server.L0.Tests.dll" adapterTypeName="Microsoft.VisualStudio.TestTools.TestTypes.Unit.UnitTestAdapter" className="MS.TF.WorkItemTracking.Server.L0.Tests.Metadata.WorkItemTrackingLinkServiceTests" name="GetLinkTypeEndByRefName" />
    </UnitTest>
    <UnitTest name="GetLinkTypeEndByRefName_NonexistantRefName" storage="d:\v2.0\a1\_work\dbded102\bin\release.anycpu\tfs.service\ms.tf.workitemtracking.server.l0.tests\ms.tf.workitemtracking.server.l0.tests.dll" id="3956788b-d72c-5975-f0b5-2004a43ce60a">
      <Execution id="87484c0f-82da-4116-8c76-94d879b571a8" />
      <TestMethod codeBase="D:\v2.0\A1\_work\dbded102\bin\Release.AnyCPU\Tfs.Service\MS.TF.WorkItemTracking.Server.L0.Tests\MS.TF.WorkItemTracking.Server.L0.Tests.dll" adapterTypeName="Microsoft.VisualStudio.TestTools.TestTypes.Unit.UnitTestAdapter" className="MS.TF.WorkItemTracking.Server.L0.Tests.Metadata.WorkItemTrackingLinkServiceTests" name="GetLinkTypeEndByRefName_NonexistantRefName" />
    </UnitTest>
    <UnitTest name="ContainsLinkTypeEndReferenceName" storage="d:\v2.0\a1\_work\dbded102\bin\release.anycpu\tfs.service\ms.tf.workitemtracking.server.l0.tests\ms.tf.workitemtracking.server.l0.tests.dll" id="409f3032-e029-2281-0bd0-dca198aca684">
      <Execution id="a9b5d46d-2068-48c2-844d-e959281770ef" />
      <TestMethod codeBase="D:\v2.0\A1\_work\dbded102\bin\Release.AnyCPU\Tfs.Service\MS.TF.WorkItemTracking.Server.L0.Tests\MS.TF.WorkItemTracking.Server.L0.Tests.dll" adapterTypeName="Microsoft.VisualStudio.TestTools.TestTypes.Unit.UnitTestAdapter" className="MS.TF.WorkItemTracking.Server.L0.Tests.Metadata.WorkItemTrackingLinkServiceTests" name="ContainsLinkTypeEndReferenceName" />
    </UnitTest>
    <UnitTest name="TryGetLinkTypeEndById" storage="d:\v2.0\a1\_work\dbded102\bin\release.anycpu\tfs.service\ms.tf.workitemtracking.server.l0.tests\ms.tf.workitemtracking.server.l0.tests.dll" id="aae76030-54ef-1f41-8fe9-12028536c195">
      <Execution id="38820c83-c9db-4708-9df7-ffa047011a79" />
      <TestMethod codeBase="D:\v2.0\A1\_work\dbded102\bin\Release.AnyCPU\Tfs.Service\MS.TF.WorkItemTracking.Server.L0.Tests\MS.TF.WorkItemTracking.Server.L0.Tests.dll" adapterTypeName="Microsoft.VisualStudio.TestTools.TestTypes.Unit.UnitTestAdapter" className="MS.TF.WorkItemTracking.Server.L0.Tests.Metadata.WorkItemTrackingLinkServiceTests" name="TryGetLinkTypeEndById" />
    </UnitTest>
    <UnitTest name="TryGetLinkTypeEndByName" storage="d:\v2.0\a1\_work\dbded102\bin\release.anycpu\tfs.service\ms.tf.workitemtracking.server.l0.tests\ms.tf.workitemtracking.server.l0.tests.dll" id="1618167a-e816-28db-dab8-22d407b37857">
      <Execution id="71ecb88e-070c-45a3-be85-3de8a7440e89" />
      <TestMethod codeBase="D:\v2.0\A1\_work\dbded102\bin\Release.AnyCPU\Tfs.Service\MS.TF.WorkItemTracking.Server.L0.Tests\MS.TF.WorkItemTracking.Server.L0.Tests.dll" adapterTypeName="Microsoft.VisualStudio.TestTools.TestTypes.Unit.UnitTestAdapter" className="MS.TF.WorkItemTracking.Server.L0.Tests.Metadata.WorkItemTrackingLinkServiceTests" name="TryGetLinkTypeEndByName" />
    </UnitTest>
    <UnitTest name="TryGetLinkTypeEndByRefName" storage="d:\v2.0\a1\_work\dbded102\bin\release.anycpu\tfs.service\ms.tf.workitemtracking.server.l0.tests\ms.tf.workitemtracking.server.l0.tests.dll" id="bf37d73c-1540-9da2-539e-d2b6a71d9093">
      <Execution id="e163fb43-7456-4b6c-b7e3-bb3bc7786b5f" />
      <TestMethod codeBase="D:\v2.0\A1\_work\dbded102\bin\Release.AnyCPU\Tfs.Service\MS.TF.WorkItemTracking.Server.L0.Tests\MS.TF.WorkItemTracking.Server.L0.Tests.dll" adapterTypeName="Microsoft.VisualStudio.TestTools.TestTypes.Unit.UnitTestAdapter" className="MS.TF.WorkItemTracking.Server.L0.Tests.Metadata.WorkItemTrackingLinkServiceTests" name="TryGetLinkTypeEndByRefName" />
    </UnitTest>
    <UnitTest name="GetCount" storage="d:\v2.0\a1\_work\dbded102\bin\release.anycpu\tfs.service\ms.tf.workitemtracking.server.l0.tests\ms.tf.workitemtracking.server.l0.tests.dll" id="9d9cae51-b6df-a542-69be-29368f8e9b2f">
      <Execution id="37eb4d20-37a5-4e4c-95a9-b836d7c7fddd" />
      <TestMethod codeBase="D:\v2.0\A1\_work\dbded102\bin\Release.AnyCPU\Tfs.Service\MS.TF.WorkItemTracking.Server.L0.Tests\MS.TF.WorkItemTracking.Server.L0.Tests.dll" adapterTypeName="Microsoft.VisualStudio.TestTools.TestTypes.Unit.UnitTestAdapter" className="MS.TF.WorkItemTracking.Server.L0.Tests.Metadata.WorkItemTrackingLinkServiceTests" name="GetCount" />
    </UnitTest>
    <UnitTest name="GetLinkTypeRefNames" storage="d:\v2.0\a1\_work\dbded102\bin\release.anycpu\tfs.service\ms.tf.workitemtracking.server.l0.tests\ms.tf.workitemtracking.server.l0.tests.dll" id="0e81be8c-545c-2de5-6f6b-62bd69280c21">
      <Execution id="b30335ce-3f08-416e-9f2b-90eeb18595e6" />
      <TestMethod codeBase="D:\v2.0\A1\_work\dbded102\bin\Release.AnyCPU\Tfs.Service\MS.TF.WorkItemTracking.Server.L0.Tests\MS.TF.WorkItemTracking.Server.L0.Tests.dll" adapterTypeName="Microsoft.VisualStudio.TestTools.TestTypes.Unit.UnitTestAdapter" className="MS.TF.WorkItemTracking.Server.L0.Tests.Metadata.WorkItemTrackingLinkServiceTests" name="GetLinkTypeRefNames" />
    </UnitTest>
    <UnitTest name="GetLinkTypeEndRefNames" storage="d:\v2.0\a1\_work\dbded102\bin\release.anycpu\tfs.service\ms.tf.workitemtracking.server.l0.tests\ms.tf.workitemtracking.server.l0.tests.dll" id="01b62b5a-0496-fa4d-f303-c603fa19e4a1">
      <Execution id="69938a63-25f0-4380-8050-4a4ad40ddc84" />
      <TestMethod codeBase="D:\v2.0\A1\_work\dbded102\bin\Release.AnyCPU\Tfs.Service\MS.TF.WorkItemTracking.Server.L0.Tests\MS.TF.WorkItemTracking.Server.L0.Tests.dll" adapterTypeName="Microsoft.VisualStudio.TestTools.TestTypes.Unit.UnitTestAdapter" className="MS.TF.WorkItemTracking.Server.L0.Tests.Metadata.WorkItemTrackingLinkServiceTests" name="GetLinkTypeEndRefNames" />
    </UnitTest>
    <UnitTest name="GetMetadataTimestamps_ReturnsMetadataTimestamps" storage="d:\v2.0\a1\_work\dbded102\bin\release.anycpu\tfs.service\ms.tf.workitemtracking.server.l0.tests\ms.tf.workitemtracking.server.l0.tests.dll" id="4f7a039e-06c5-8f77-2354-fdf09856ad62">
      <Execution id="9a13432e-8954-46ba-ac86-3ad9f937af7b" />
      <TestMethod codeBase="D:\v2.0\A1\_work\dbded102\bin\Release.AnyCPU\Tfs.Service\MS.TF.WorkItemTracking.Server.L0.Tests\MS.TF.WorkItemTracking.Server.L0.Tests.dll" adapterTypeName="Microsoft.VisualStudio.TestTools.TestTypes.Unit.UnitTestAdapter" className="MS.TF.WorkItemTracking.Server.L0.Tests.Metadata.WorkItemTrackingMetadataServiceTests" name="GetMetadataTimestamps_ReturnsMetadataTimestamps" />
    </UnitTest>
    <UnitTest name="GetMetadataTimestamps_NullTableNames" storage="d:\v2.0\a1\_work\dbded102\bin\release.anycpu\tfs.service\ms.tf.workitemtracking.server.l0.tests\ms.tf.workitemtracking.server.l0.tests.dll" id="d837a9ac-fe3d-56d7-d2eb-9394bc19f096">
      <Execution id="826d6af0-b8cd-4fef-81ee-ce5df0138b49" />
      <TestMethod codeBase="D:\v2.0\A1\_work\dbded102\bin\Release.AnyCPU\Tfs.Service\MS.TF.WorkItemTracking.Server.L0.Tests\MS.TF.WorkItemTracking.Server.L0.Tests.dll" adapterTypeName="Microsoft.VisualStudio.TestTools.TestTypes.Unit.UnitTestAdapter" className="MS.TF.WorkItemTracking.Server.L0.Tests.Metadata.WorkItemTrackingMetadataServiceTests" name="GetMetadataTimestamps_NullTableNames" />
    </UnitTest>
    <UnitTest name="GetMetadataTimestamps_NullContext" storage="d:\v2.0\a1\_work\dbded102\bin\release.anycpu\tfs.service\ms.tf.workitemtracking.server.l0.tests\ms.tf.workitemtracking.server.l0.tests.dll" id="ed93aa39-f1bd-6115-22cb-5b9bd5328d9f">
      <Execution id="2d75bba2-e665-4917-ba5b-7e24b158b795" />
      <TestMethod codeBase="D:\v2.0\A1\_work\dbded102\bin\Release.AnyCPU\Tfs.Service\MS.TF.WorkItemTracking.Server.L0.Tests\MS.TF.WorkItemTracking.Server.L0.Tests.dll" adapterTypeName="Microsoft.VisualStudio.TestTools.TestTypes.Unit.UnitTestAdapter" className="MS.TF.WorkItemTracking.Server.L0.Tests.Metadata.WorkItemTrackingMetadataServiceTests" name="GetMetadataTimestamps_NullContext" />
    </UnitTest>
    <UnitTest name="GetConstantRecords_ReturnsConstantRecords" storage="d:\v2.0\a1\_work\dbded102\bin\release.anycpu\tfs.service\ms.tf.workitemtracking.server.l0.tests\ms.tf.workitemtracking.server.l0.tests.dll" id="0da2c76e-6982-f96c-1cf4-b4c53b650f24">
      <Execution id="2e010519-be33-46c1-b6ce-94f523886728" />
      <TestMethod codeBase="D:\v2.0\A1\_work\dbded102\bin\Release.AnyCPU\Tfs.Service\MS.TF.WorkItemTracking.Server.L0.Tests\MS.TF.WorkItemTracking.Server.L0.Tests.dll" adapterTypeName="Microsoft.VisualStudio.TestTools.TestTypes.Unit.UnitTestAdapter" className="MS.TF.WorkItemTracking.Server.L0.Tests.Metadata.WorkItemTrackingMetadataServiceTests" name="GetConstantRecords_ReturnsConstantRecords" />
    </UnitTest>
    <UnitTest name="GetConstantRecords_ReturnsConstantRecordsUsingConstIds" storage="d:\v2.0\a1\_work\dbded102\bin\release.anycpu\tfs.service\ms.tf.workitemtracking.server.l0.tests\ms.tf.workitemtracking.server.l0.tests.dll" id="29c3954b-b6c8-a4ca-3189-5afaef1ccca4">
      <Execution id="68f7e876-218b-4114-8f8b-4230db4c8a6d" />
      <TestMethod codeBase="D:\v2.0\A1\_work\dbded102\bin\Release.AnyCPU\Tfs.Service\MS.TF.WorkItemTracking.Server.L0.Tests\MS.TF.WorkItemTracking.Server.L0.Tests.dll" adapterTypeName="Microsoft.VisualStudio.TestTools.TestTypes.Unit.UnitTestAdapter" className="MS.TF.WorkItemTracking.Server.L0.Tests.Metadata.WorkItemTrackingMetadataServiceTests" name="GetConstantRecords_ReturnsConstantRecordsUsingConstIds" />
    </UnitTest>
    <UnitTest name="GetConstantRecords__NullContext" storage="d:\v2.0\a1\_work\dbded102\bin\release.anycpu\tfs.service\ms.tf.workitemtracking.server.l0.tests\ms.tf.workitemtracking.server.l0.tests.dll" id="da43a5d1-598b-2d24-d615-45b8a5964389">
      <Execution id="3f8d17b5-84c9-409b-a7a3-6977eac92eed" />
      <TestMethod codeBase="D:\v2.0\A1\_work\dbded102\bin\Release.AnyCPU\Tfs.Service\MS.TF.WorkItemTracking.Server.L0.Tests\MS.TF.WorkItemTracking.Server.L0.Tests.dll" adapterTypeName="Microsoft.VisualStudio.TestTools.TestTypes.Unit.UnitTestAdapter" className="MS.TF.WorkItemTracking.Server.L0.Tests.Metadata.WorkItemTrackingMetadataServiceTests" name="GetConstantRecords__NullContext" />
    </UnitTest>
    <UnitTest name="GetConstantRecords_NullConstIds" storage="d:\v2.0\a1\_work\dbded102\bin\release.anycpu\tfs.service\ms.tf.workitemtracking.server.l0.tests\ms.tf.workitemtracking.server.l0.tests.dll" id="82ce630e-f881-5742-e7eb-7991ddede7a4">
      <Execution id="839aca81-4c94-4913-a071-0754c7e49a75" />
      <TestMethod codeBase="D:\v2.0\A1\_work\dbded102\bin\Release.AnyCPU\Tfs.Service\MS.TF.WorkItemTracking.Server.L0.Tests\MS.TF.WorkItemTracking.Server.L0.Tests.dll" adapterTypeName="Microsoft.VisualStudio.TestTools.TestTypes.Unit.UnitTestAdapter" className="MS.TF.WorkItemTracking.Server.L0.Tests.Metadata.WorkItemTrackingMetadataServiceTests" name="GetConstantRecords_NullConstIds" />
    </UnitTest>
    <UnitTest name="GetConstantRecords_ReturnsConstantRecordsUsingTeamFoundationIds" storage="d:\v2.0\a1\_work\dbded102\bin\release.anycpu\tfs.service\ms.tf.workitemtracking.server.l0.tests\ms.tf.workitemtracking.server.l0.tests.dll" id="20ea3a88-0943-844e-1f4e-6e6e51356c39">
      <Execution id="320372e9-0099-40f9-9d31-81b17a0d7c11" />
      <TestMethod codeBase="D:\v2.0\A1\_work\dbded102\bin\Release.AnyCPU\Tfs.Service\MS.TF.WorkItemTracking.Server.L0.Tests\MS.TF.WorkItemTracking.Server.L0.Tests.dll" adapterTypeName="Microsoft.VisualStudio.TestTools.TestTypes.Unit.UnitTestAdapter" className="MS.TF.WorkItemTracking.Server.L0.Tests.Metadata.WorkItemTrackingMetadataServiceTests" name="GetConstantRecords_ReturnsConstantRecordsUsingTeamFoundationIds" />
    </UnitTest>
    <UnitTest name="GetConstantRecords_NullContext" storage="d:\v2.0\a1\_work\dbded102\bin\release.anycpu\tfs.service\ms.tf.workitemtracking.server.l0.tests\ms.tf.workitemtracking.server.l0.tests.dll" id="b1ecb352-6663-c988-e3c9-e61eff88c96f">
      <Execution id="7dfbab7f-9f13-4fd5-ba34-3753c71dd65e" />
      <TestMethod codeBase="D:\v2.0\A1\_work\dbded102\bin\Release.AnyCPU\Tfs.Service\MS.TF.WorkItemTracking.Server.L0.Tests\MS.TF.WorkItemTracking.Server.L0.Tests.dll" adapterTypeName="Microsoft.VisualStudio.TestTools.TestTypes.Unit.UnitTestAdapter" className="MS.TF.WorkItemTracking.Server.L0.Tests.Metadata.WorkItemTrackingMetadataServiceTests" name="GetConstantRecords_NullContext" />
    </UnitTest>
    <UnitTest name="GetConstantRecords_NullTFId" storage="d:\v2.0\a1\_work\dbded102\bin\release.anycpu\tfs.service\ms.tf.workitemtracking.server.l0.tests\ms.tf.workitemtracking.server.l0.tests.dll" id="136c82b9-ad0c-723a-8d1d-321b7e01323f">
      <Execution id="eccacfde-b46a-49ec-99be-79ae3528dfee" />
      <TestMethod codeBase="D:\v2.0\A1\_work\dbded102\bin\Release.AnyCPU\Tfs.Service\MS.TF.WorkItemTracking.Server.L0.Tests\MS.TF.WorkItemTracking.Server.L0.Tests.dll" adapterTypeName="Microsoft.VisualStudio.TestTools.TestTypes.Unit.UnitTestAdapter" className="MS.TF.WorkItemTracking.Server.L0.Tests.Metadata.WorkItemTrackingMetadataServiceTests" name="GetConstantRecords_NullTFId" />
    </UnitTest>
    <UnitTest name="GetPersonNameConstantRecords_ReturnsConstantRecordsUsingPersonName" storage="d:\v2.0\a1\_work\dbded102\bin\release.anycpu\tfs.service\ms.tf.workitemtracking.server.l0.tests\ms.tf.workitemtracking.server.l0.tests.dll" id="041c9644-197b-1801-7596-647b0cc0c201">
      <Execution id="5e254707-8659-49cf-906e-5185d34c3f4c" />
      <TestMethod codeBase="D:\v2.0\A1\_work\dbded102\bin\Release.AnyCPU\Tfs.Service\MS.TF.WorkItemTracking.Server.L0.Tests\MS.TF.WorkItemTracking.Server.L0.Tests.dll" adapterTypeName="Microsoft.VisualStudio.TestTools.TestTypes.Unit.UnitTestAdapter" className="MS.TF.WorkItemTracking.Server.L0.Tests.Metadata.WorkItemTrackingMetadataServiceTests" name="GetPersonNameConstantRecords_ReturnsConstantRecordsUsingPersonName" />
    </UnitTest>
    <UnitTest name="GetTreeNodeById_ProjectNode" storage="d:\v2.0\a1\_work\dbded102\bin\release.anycpu\tfs.service\ms.tf.workitemtracking.server.l0.tests\ms.tf.workitemtracking.server.l0.tests.dll" id="66dafe61-9a50-820f-d5cc-5300db01f9c0">
      <Execution id="465d3f11-0017-40d6-8021-7275aaee065f" />
      <TestMethod codeBase="D:\v2.0\A1\_work\dbded102\bin\Release.AnyCPU\Tfs.Service\MS.TF.WorkItemTracking.Server.L0.Tests\MS.TF.WorkItemTracking.Server.L0.Tests.dll" adapterTypeName="Microsoft.VisualStudio.TestTools.TestTypes.Unit.UnitTestAdapter" className="MS.TF.WorkItemTracking.Server.L0.Tests.Metadata.WorkItemTrackingTreeServiceTests" name="GetTreeNodeById_ProjectNode" />
    </UnitTest>
    <UnitTest name="GetTreeNodeById_ClassificationNode" storage="d:\v2.0\a1\_work\dbded102\bin\release.anycpu\tfs.service\ms.tf.workitemtracking.server.l0.tests\ms.tf.workitemtracking.server.l0.tests.dll" id="c3c05be4-4555-9158-9cc1-ea74def6e17a">
      <Execution id="829ea510-3dea-4eb1-b57e-772c394fe5c1" />
      <TestMethod codeBase="D:\v2.0\A1\_work\dbded102\bin\Release.AnyCPU\Tfs.Service\MS.TF.WorkItemTracking.Server.L0.Tests\MS.TF.WorkItemTracking.Server.L0.Tests.dll" adapterTypeName="Microsoft.VisualStudio.TestTools.TestTypes.Unit.UnitTestAdapter" className="MS.TF.WorkItemTracking.Server.L0.Tests.Metadata.WorkItemTrackingTreeServiceTests" name="GetTreeNodeById_ClassificationNode" />
    </UnitTest>
    <UnitTest name="GetTreeNodeById_BackCompat_EmptyProjectId" storage="d:\v2.0\a1\_work\dbded102\bin\release.anycpu\tfs.service\ms.tf.workitemtracking.server.l0.tests\ms.tf.workitemtracking.server.l0.tests.dll" id="dc75fb06-c39b-2434-b70e-54671b9569aa">
      <Execution id="ddfe1d9e-371c-4ab0-93aa-e233366d8948" />
      <TestMethod codeBase="D:\v2.0\A1\_work\dbded102\bin\Release.AnyCPU\Tfs.Service\MS.TF.WorkItemTracking.Server.L0.Tests\MS.TF.WorkItemTracking.Server.L0.Tests.dll" adapterTypeName="Microsoft.VisualStudio.TestTools.TestTypes.Unit.UnitTestAdapter" className="MS.TF.WorkItemTracking.Server.L0.Tests.Metadata.WorkItemTrackingTreeServiceTests" name="GetTreeNodeById_BackCompat_EmptyProjectId" />
    </UnitTest>
    <UnitTest name="GetTreeNodeByGuid_ProjectNode" storage="d:\v2.0\a1\_work\dbded102\bin\release.anycpu\tfs.service\ms.tf.workitemtracking.server.l0.tests\ms.tf.workitemtracking.server.l0.tests.dll" id="2f9dae74-b5a0-cca7-422f-c264f79c13d9">
      <Execution id="62a92661-9396-495c-9529-b64fcc5f6745" />
      <TestMethod codeBase="D:\v2.0\A1\_work\dbded102\bin\Release.AnyCPU\Tfs.Service\MS.TF.WorkItemTracking.Server.L0.Tests\MS.TF.WorkItemTracking.Server.L0.Tests.dll" adapterTypeName="Microsoft.VisualStudio.TestTools.TestTypes.Unit.UnitTestAdapter" className="MS.TF.WorkItemTracking.Server.L0.Tests.Metadata.WorkItemTrackingTreeServiceTests" name="GetTreeNodeByGuid_ProjectNode" />
    </UnitTest>
    <UnitTest name="GetTreeNodeByGuid_ClassificationNode" storage="d:\v2.0\a1\_work\dbded102\bin\release.anycpu\tfs.service\ms.tf.workitemtracking.server.l0.tests\ms.tf.workitemtracking.server.l0.tests.dll" id="2e88907a-6999-f8d1-46f4-84846640b60e">
      <Execution id="edaf2ee9-4c14-46cc-8aa0-37e23e74dc2f" />
      <TestMethod codeBase="D:\v2.0\A1\_work\dbded102\bin\Release.AnyCPU\Tfs.Service\MS.TF.WorkItemTracking.Server.L0.Tests\MS.TF.WorkItemTracking.Server.L0.Tests.dll" adapterTypeName="Microsoft.VisualStudio.TestTools.TestTypes.Unit.UnitTestAdapter" className="MS.TF.WorkItemTracking.Server.L0.Tests.Metadata.WorkItemTrackingTreeServiceTests" name="GetTreeNodeByGuid_ClassificationNode" />
    </UnitTest>
    <UnitTest name="GetTreeNodeByPath_ProjectNode" storage="d:\v2.0\a1\_work\dbded102\bin\release.anycpu\tfs.service\ms.tf.workitemtracking.server.l0.tests\ms.tf.workitemtracking.server.l0.tests.dll" id="46d02f3c-2448-9c4e-d258-bde278a84fa0">
      <Execution id="9f8c3860-e96b-4622-8054-f3f649114a85" />
      <TestMethod codeBase="D:\v2.0\A1\_work\dbded102\bin\Release.AnyCPU\Tfs.Service\MS.TF.WorkItemTracking.Server.L0.Tests\MS.TF.WorkItemTracking.Server.L0.Tests.dll" adapterTypeName="Microsoft.VisualStudio.TestTools.TestTypes.Unit.UnitTestAdapter" className="MS.TF.WorkItemTracking.Server.L0.Tests.Metadata.WorkItemTrackingTreeServiceTests" name="GetTreeNodeByPath_ProjectNode" />
    </UnitTest>
    <UnitTest name="GetTreeNodeByPath_RootAreaNode" storage="d:\v2.0\a1\_work\dbded102\bin\release.anycpu\tfs.service\ms.tf.workitemtracking.server.l0.tests\ms.tf.workitemtracking.server.l0.tests.dll" id="f75cc09a-486b-c657-e919-2cd2add0df6c">
      <Execution id="e970b065-6d62-40d1-8c49-69615cc986ec" />
      <TestMethod codeBase="D:\v2.0\A1\_work\dbded102\bin\Release.AnyCPU\Tfs.Service\MS.TF.WorkItemTracking.Server.L0.Tests\MS.TF.WorkItemTracking.Server.L0.Tests.dll" adapterTypeName="Microsoft.VisualStudio.TestTools.TestTypes.Unit.UnitTestAdapter" className="MS.TF.WorkItemTracking.Server.L0.Tests.Metadata.WorkItemTrackingTreeServiceTests" name="GetTreeNodeByPath_RootAreaNode" />
    </UnitTest>
    <UnitTest name="GetTreeNodeByPath_RootIterationNode" storage="d:\v2.0\a1\_work\dbded102\bin\release.anycpu\tfs.service\ms.tf.workitemtracking.server.l0.tests\ms.tf.workitemtracking.server.l0.tests.dll" id="5a6ba239-6adc-5980-c3ee-587ce3488048">
      <Execution id="177200ff-7a07-4ebc-a17c-989a8074e933" />
      <TestMethod codeBase="D:\v2.0\A1\_work\dbded102\bin\Release.AnyCPU\Tfs.Service\MS.TF.WorkItemTracking.Server.L0.Tests\MS.TF.WorkItemTracking.Server.L0.Tests.dll" adapterTypeName="Microsoft.VisualStudio.TestTools.TestTypes.Unit.UnitTestAdapter" className="MS.TF.WorkItemTracking.Server.L0.Tests.Metadata.WorkItemTrackingTreeServiceTests" name="GetTreeNodeByPath_RootIterationNode" />
    </UnitTest>
    <UnitTest name="GetTreeNodeByPath_ChildNode" storage="d:\v2.0\a1\_work\dbded102\bin\release.anycpu\tfs.service\ms.tf.workitemtracking.server.l0.tests\ms.tf.workitemtracking.server.l0.tests.dll" id="8916807b-c6b6-dbfa-71fa-95aa43988f99">
      <Execution id="8aa63384-f8cd-419a-bf68-7001825a26ad" />
      <TestMethod codeBase="D:\v2.0\A1\_work\dbded102\bin\Release.AnyCPU\Tfs.Service\MS.TF.WorkItemTracking.Server.L0.Tests\MS.TF.WorkItemTracking.Server.L0.Tests.dll" adapterTypeName="Microsoft.VisualStudio.TestTools.TestTypes.Unit.UnitTestAdapter" className="MS.TF.WorkItemTracking.Server.L0.Tests.Metadata.WorkItemTrackingTreeServiceTests" name="GetTreeNodeByPath_ChildNode" />
    </UnitTest>
    <UnitTest name="GetSnapshot" storage="d:\v2.0\a1\_work\dbded102\bin\release.anycpu\tfs.service\ms.tf.workitemtracking.server.l0.tests\ms.tf.workitemtracking.server.l0.tests.dll" id="6ba2b6b1-1d61-8e62-ca53-d7157cacca85">
      <Execution id="3030e992-dd3e-40e4-8aaf-e640aea18e60" />
      <TestMethod codeBase="D:\v2.0\A1\_work\dbded102\bin\Release.AnyCPU\Tfs.Service\MS.TF.WorkItemTracking.Server.L0.Tests\MS.TF.WorkItemTracking.Server.L0.Tests.dll" adapterTypeName="Microsoft.VisualStudio.TestTools.TestTypes.Unit.UnitTestAdapter" className="MS.TF.WorkItemTracking.Server.L0.Tests.Metadata.WorkItemTrackingTreeServiceTests" name="GetSnapshot" />
    </UnitTest>
    <UnitTest name="GetTreeNodeIdByCssPath" storage="d:\v2.0\a1\_work\dbded102\bin\release.anycpu\tfs.service\ms.tf.workitemtracking.server.l0.tests\ms.tf.workitemtracking.server.l0.tests.dll" id="ba1113ad-ba40-e383-2b63-0a01b118f560">
      <Execution id="c9130b5d-f768-4064-b1cb-2a1d4474252b" />
      <TestMethod codeBase="D:\v2.0\A1\_work\dbded102\bin\Release.AnyCPU\Tfs.Service\MS.TF.WorkItemTracking.Server.L0.Tests\MS.TF.WorkItemTracking.Server.L0.Tests.dll" adapterTypeName="Microsoft.VisualStudio.TestTools.TestTypes.Unit.UnitTestAdapter" className="MS.TF.WorkItemTracking.Server.L0.Tests.Metadata.WorkItemTrackingTreeServiceTests" name="GetTreeNodeIdByCssPath" />
    </UnitTest>
    <UnitTest name="GetNodeUri" storage="d:\v2.0\a1\_work\dbded102\bin\release.anycpu\tfs.service\ms.tf.workitemtracking.server.l0.tests\ms.tf.workitemtracking.server.l0.tests.dll" id="7814c72b-9a06-9f81-a52c-55489a4e0d71">
      <Execution id="c53fdc98-a384-419c-8825-dd2a69d2ba10" />
      <TestMethod codeBase="D:\v2.0\A1\_work\dbded102\bin\Release.AnyCPU\Tfs.Service\MS.TF.WorkItemTracking.Server.L0.Tests\MS.TF.WorkItemTracking.Server.L0.Tests.dll" adapterTypeName="Microsoft.VisualStudio.TestTools.TestTypes.Unit.UnitTestAdapter" className="MS.TF.WorkItemTracking.Server.L0.Tests.Metadata.WorkItemTrackingTreeServiceTests" name="GetNodeUri" />
    </UnitTest>
    <UnitTest name="GetTreeNodes" storage="d:\v2.0\a1\_work\dbded102\bin\release.anycpu\tfs.service\ms.tf.workitemtracking.server.l0.tests\ms.tf.workitemtracking.server.l0.tests.dll" id="4f316a08-28fd-9d68-8f12-12d781067307">
      <Execution id="4abfe0a1-736a-45b1-b2f3-6130277b6875" />
      <TestMethod codeBase="D:\v2.0\A1\_work\dbded102\bin\Release.AnyCPU\Tfs.Service\MS.TF.WorkItemTracking.Server.L0.Tests\MS.TF.WorkItemTracking.Server.L0.Tests.dll" adapterTypeName="Microsoft.VisualStudio.TestTools.TestTypes.Unit.UnitTestAdapter" className="MS.TF.WorkItemTracking.Server.L0.Tests.Metadata.WorkItemTrackingTreeServiceTests" name="GetTreeNodes" />
    </UnitTest>
    <UnitTest name="GetTreeNodeIdByIncorrectPath" storage="d:\v2.0\a1\_work\dbded102\bin\release.anycpu\tfs.service\ms.tf.workitemtracking.server.l0.tests\ms.tf.workitemtracking.server.l0.tests.dll" id="44be73fa-519f-de72-fb4d-a483ca0275cb">
      <Execution id="67bc08ae-9a85-4aea-8aad-99a86df8dff4" />
      <TestMethod codeBase="D:\v2.0\A1\_work\dbded102\bin\Release.AnyCPU\Tfs.Service\MS.TF.WorkItemTracking.Server.L0.Tests\MS.TF.WorkItemTracking.Server.L0.Tests.dll" adapterTypeName="Microsoft.VisualStudio.TestTools.TestTypes.Unit.UnitTestAdapter" className="MS.TF.WorkItemTracking.Server.L0.Tests.Metadata.WorkItemTrackingTreeServiceTests" name="GetTreeNodeIdByIncorrectPath" />
    </UnitTest>
    <UnitTest name="GetTreeNodeIdByCorrectPathIncorrectTreeType" storage="d:\v2.0\a1\_work\dbded102\bin\release.anycpu\tfs.service\ms.tf.workitemtracking.server.l0.tests\ms.tf.workitemtracking.server.l0.tests.dll" id="04ef4531-a415-9783-2cf1-a1007a3c0eb3">
      <Execution id="d87a4588-a2f9-486a-b498-19f1c3b4be8e" />
      <TestMethod codeBase="D:\v2.0\A1\_work\dbded102\bin\Release.AnyCPU\Tfs.Service\MS.TF.WorkItemTracking.Server.L0.Tests\MS.TF.WorkItemTracking.Server.L0.Tests.dll" adapterTypeName="Microsoft.VisualStudio.TestTools.TestTypes.Unit.UnitTestAdapter" className="MS.TF.WorkItemTracking.Server.L0.Tests.Metadata.WorkItemTrackingTreeServiceTests" name="GetTreeNodeIdByCorrectPathIncorrectTreeType" />
    </UnitTest>
    <UnitTest name="GetProjectNodeAsArea" storage="d:\v2.0\a1\_work\dbded102\bin\release.anycpu\tfs.service\ms.tf.workitemtracking.server.l0.tests\ms.tf.workitemtracking.server.l0.tests.dll" id="b2a5737c-5673-b674-ba11-ac24fbdd1b73">
      <Execution id="5956e46a-f6ea-4e9d-b2ff-e510a14bf5c4" />
      <TestMethod codeBase="D:\v2.0\A1\_work\dbded102\bin\Release.AnyCPU\Tfs.Service\MS.TF.WorkItemTracking.Server.L0.Tests\MS.TF.WorkItemTracking.Server.L0.Tests.dll" adapterTypeName="Microsoft.VisualStudio.TestTools.TestTypes.Unit.UnitTestAdapter" className="MS.TF.WorkItemTracking.Server.L0.Tests.Metadata.WorkItemTrackingTreeServiceTests" name="GetProjectNodeAsArea" />
    </UnitTest>
    <UnitTest name="GetProjectNodeAsIteration" storage="d:\v2.0\a1\_work\dbded102\bin\release.anycpu\tfs.service\ms.tf.workitemtracking.server.l0.tests\ms.tf.workitemtracking.server.l0.tests.dll" id="e8a0d294-4d66-bd92-b1e2-132cddfa71ea">
      <Execution id="c5cdaadf-f382-47b6-9f35-fa50a7621353" />
      <TestMethod codeBase="D:\v2.0\A1\_work\dbded102\bin\Release.AnyCPU\Tfs.Service\MS.TF.WorkItemTracking.Server.L0.Tests\MS.TF.WorkItemTracking.Server.L0.Tests.dll" adapterTypeName="Microsoft.VisualStudio.TestTools.TestTypes.Unit.UnitTestAdapter" className="MS.TF.WorkItemTracking.Server.L0.Tests.Metadata.WorkItemTrackingTreeServiceTests" name="GetProjectNodeAsIteration" />
    </UnitTest>
    <UnitTest name="GetProjectNodeAsNone" storage="d:\v2.0\a1\_work\dbded102\bin\release.anycpu\tfs.service\ms.tf.workitemtracking.server.l0.tests\ms.tf.workitemtracking.server.l0.tests.dll" id="6bd0f87d-f935-3c5e-8103-fdc9ca71581c">
      <Execution id="2d4030e9-b03f-446f-97ca-eaa19a3b891e" />
      <TestMethod codeBase="D:\v2.0\A1\_work\dbded102\bin\Release.AnyCPU\Tfs.Service\MS.TF.WorkItemTracking.Server.L0.Tests\MS.TF.WorkItemTracking.Server.L0.Tests.dll" adapterTypeName="Microsoft.VisualStudio.TestTools.TestTypes.Unit.UnitTestAdapter" className="MS.TF.WorkItemTracking.Server.L0.Tests.Metadata.WorkItemTrackingTreeServiceTests" name="GetProjectNodeAsNone" />
    </UnitTest>
    <UnitTest name="GetOrphanTreeNodeById" storage="d:\v2.0\a1\_work\dbded102\bin\release.anycpu\tfs.service\ms.tf.workitemtracking.server.l0.tests\ms.tf.workitemtracking.server.l0.tests.dll" id="99347b9a-71a1-2165-e407-c8bf21d7b346">
      <Execution id="d3521239-e547-4288-978f-5cd731ac10d9" />
      <TestMethod codeBase="D:\v2.0\A1\_work\dbded102\bin\Release.AnyCPU\Tfs.Service\MS.TF.WorkItemTracking.Server.L0.Tests\MS.TF.WorkItemTracking.Server.L0.Tests.dll" adapterTypeName="Microsoft.VisualStudio.TestTools.TestTypes.Unit.UnitTestAdapter" className="MS.TF.WorkItemTracking.Server.L0.Tests.Metadata.WorkItemTrackingTreeServiceTests" name="GetOrphanTreeNodeById" />
    </UnitTest>
    <UnitTest name="TreeNodePathTests" storage="d:\v2.0\a1\_work\dbded102\bin\release.anycpu\tfs.service\ms.tf.workitemtracking.server.l0.tests\ms.tf.workitemtracking.server.l0.tests.dll" id="31f7cbce-2e31-438f-9ce5-c784059d2ad7">
      <Execution id="c7c9a428-3f78-4143-b5e9-76475aece6f1" />
      <TestMethod codeBase="D:\v2.0\A1\_work\dbded102\bin\Release.AnyCPU\Tfs.Service\MS.TF.WorkItemTracking.Server.L0.Tests\MS.TF.WorkItemTracking.Server.L0.Tests.dll" adapterTypeName="Microsoft.VisualStudio.TestTools.TestTypes.Unit.UnitTestAdapter" className="MS.TF.WorkItemTracking.Server.L0.Tests.Metadata.WorkItemTrackingTreeServiceTests" name="TreeNodePathTests" />
    </UnitTest>
    <UnitTest name="SnapshotNodeChanges" storage="d:\v2.0\a1\_work\dbded102\bin\release.anycpu\tfs.service\ms.tf.workitemtracking.server.l0.tests\ms.tf.workitemtracking.server.l0.tests.dll" id="5a7dfc20-58da-1715-674a-a641db08a46f">
      <Execution id="f23cdfdd-d964-4642-8bf3-f31f17f28128" />
      <TestMethod codeBase="D:\v2.0\A1\_work\dbded102\bin\Release.AnyCPU\Tfs.Service\MS.TF.WorkItemTracking.Server.L0.Tests\MS.TF.WorkItemTracking.Server.L0.Tests.dll" adapterTypeName="Microsoft.VisualStudio.TestTools.TestTypes.Unit.UnitTestAdapter" className="MS.TF.WorkItemTracking.Server.L0.Tests.Metadata.WorkItemTrackingTreeServiceTests" name="SnapshotNodeChanges" />
    </UnitTest>
    <UnitTest name="SnapshotNodeChangesForcibly" storage="d:\v2.0\a1\_work\dbded102\bin\release.anycpu\tfs.service\ms.tf.workitemtracking.server.l0.tests\ms.tf.workitemtracking.server.l0.tests.dll" id="9c799ab4-04a8-1b7d-647f-92f3b7756647">
      <Execution id="1cbff509-992b-4b0e-b32d-b4377466756c" />
      <TestMethod codeBase="D:\v2.0\A1\_work\dbded102\bin\Release.AnyCPU\Tfs.Service\MS.TF.WorkItemTracking.Server.L0.Tests\MS.TF.WorkItemTracking.Server.L0.Tests.dll" adapterTypeName="Microsoft.VisualStudio.TestTools.TestTypes.Unit.UnitTestAdapter" className="MS.TF.WorkItemTracking.Server.L0.Tests.Metadata.WorkItemTrackingTreeServiceTests" name="SnapshotNodeChangesForcibly" />
    </UnitTest>
    <UnitTest name="GetWorkItemTypeCategories_ReturnsWorkItemTypeCategories" storage="d:\v2.0\a1\_work\dbded102\bin\release.anycpu\tfs.service\ms.tf.workitemtracking.server.l0.tests\ms.tf.workitemtracking.server.l0.tests.dll" id="483c2b6a-3b8d-6b3f-3353-e6e144507a0a">
      <Execution id="7dc23768-e9f1-432c-84d5-b7a671b53676" />
      <TestMethod codeBase="D:\v2.0\A1\_work\dbded102\bin\Release.AnyCPU\Tfs.Service\MS.TF.WorkItemTracking.Server.L0.Tests\MS.TF.WorkItemTracking.Server.L0.Tests.dll" adapterTypeName="Microsoft.VisualStudio.TestTools.TestTypes.Unit.UnitTestAdapter" className="MS.TF.WorkItemTracking.Server.L0.Tests.Metadata.WorkItemTypeCategoryServiceTests" name="GetWorkItemTypeCategories_ReturnsWorkItemTypeCategories" />
    </UnitTest>
    <UnitTest name="GetWorkItemTypeCategories_WorkItemTrackingProjectNotFound" storage="d:\v2.0\a1\_work\dbded102\bin\release.anycpu\tfs.service\ms.tf.workitemtracking.server.l0.tests\ms.tf.workitemtracking.server.l0.tests.dll" id="5c5c8824-720e-f445-73f8-434e05bd8b44">
      <Execution id="36963a45-7ed6-4a24-a104-2eb2df1f2c07" />
      <TestMethod codeBase="D:\v2.0\A1\_work\dbded102\bin\Release.AnyCPU\Tfs.Service\MS.TF.WorkItemTracking.Server.L0.Tests\MS.TF.WorkItemTracking.Server.L0.Tests.dll" adapterTypeName="Microsoft.VisualStudio.TestTools.TestTypes.Unit.UnitTestAdapter" className="MS.TF.WorkItemTracking.Server.L0.Tests.Metadata.WorkItemTypeCategoryServiceTests" name="GetWorkItemTypeCategories_WorkItemTrackingProjectNotFound" />
    </UnitTest>
    <UnitTest name="GetWorkItemTypeCategories_InvalidRequestContext" storage="d:\v2.0\a1\_work\dbded102\bin\release.anycpu\tfs.service\ms.tf.workitemtracking.server.l0.tests\ms.tf.workitemtracking.server.l0.tests.dll" id="1f80efae-ab6d-bc91-bb67-2f311d5b4116">
      <Execution id="f2fbfa8f-9a15-4cca-a759-35f5341f1ec4" />
      <TestMethod codeBase="D:\v2.0\A1\_work\dbded102\bin\Release.AnyCPU\Tfs.Service\MS.TF.WorkItemTracking.Server.L0.Tests\MS.TF.WorkItemTracking.Server.L0.Tests.dll" adapterTypeName="Microsoft.VisualStudio.TestTools.TestTypes.Unit.UnitTestAdapter" className="MS.TF.WorkItemTracking.Server.L0.Tests.Metadata.WorkItemTypeCategoryServiceTests" name="GetWorkItemTypeCategories_InvalidRequestContext" />
    </UnitTest>
    <UnitTest name="GetWorkItemTypeCategory_ReturnsWorkItemTypeCategory" storage="d:\v2.0\a1\_work\dbded102\bin\release.anycpu\tfs.service\ms.tf.workitemtracking.server.l0.tests\ms.tf.workitemtracking.server.l0.tests.dll" id="a9f39b4c-ab8a-a2d1-abcd-c2c6b8871980">
      <Execution id="a3bf9c2c-dc4c-4787-841b-015fb510f141" />
      <TestMethod codeBase="D:\v2.0\A1\_work\dbded102\bin\Release.AnyCPU\Tfs.Service\MS.TF.WorkItemTracking.Server.L0.Tests\MS.TF.WorkItemTracking.Server.L0.Tests.dll" adapterTypeName="Microsoft.VisualStudio.TestTools.TestTypes.Unit.UnitTestAdapter" className="MS.TF.WorkItemTracking.Server.L0.Tests.Metadata.WorkItemTypeCategoryServiceTests" name="GetWorkItemTypeCategory_ReturnsWorkItemTypeCategory" />
    </UnitTest>
    <UnitTest name="GetWorkItemTypeCategory_WorkItemTypeCategoryNotFound" storage="d:\v2.0\a1\_work\dbded102\bin\release.anycpu\tfs.service\ms.tf.workitemtracking.server.l0.tests\ms.tf.workitemtracking.server.l0.tests.dll" id="26dfccc3-215b-408b-3533-5ee28161ea57">
      <Execution id="b1bef6fe-a635-4edb-b354-3c3917ff3165" />
      <TestMethod codeBase="D:\v2.0\A1\_work\dbded102\bin\Release.AnyCPU\Tfs.Service\MS.TF.WorkItemTracking.Server.L0.Tests\MS.TF.WorkItemTracking.Server.L0.Tests.dll" adapterTypeName="Microsoft.VisualStudio.TestTools.TestTypes.Unit.UnitTestAdapter" className="MS.TF.WorkItemTracking.Server.L0.Tests.Metadata.WorkItemTypeCategoryServiceTests" name="GetWorkItemTypeCategory_WorkItemTypeCategoryNotFound" />
    </UnitTest>
    <UnitTest name="GetWorkItemTypeCategory_WorkItemTrackingProjectNotFound" storage="d:\v2.0\a1\_work\dbded102\bin\release.anycpu\tfs.service\ms.tf.workitemtracking.server.l0.tests\ms.tf.workitemtracking.server.l0.tests.dll" id="d29328c7-b32e-624c-1e09-d8ffa818acf2">
      <Execution id="97420dca-fbd1-4b75-8988-fbdf3964378f" />
      <TestMethod codeBase="D:\v2.0\A1\_work\dbded102\bin\Release.AnyCPU\Tfs.Service\MS.TF.WorkItemTracking.Server.L0.Tests\MS.TF.WorkItemTracking.Server.L0.Tests.dll" adapterTypeName="Microsoft.VisualStudio.TestTools.TestTypes.Unit.UnitTestAdapter" className="MS.TF.WorkItemTracking.Server.L0.Tests.Metadata.WorkItemTypeCategoryServiceTests" name="GetWorkItemTypeCategory_WorkItemTrackingProjectNotFound" />
    </UnitTest>
    <UnitTest name="GetWorkItemTypeCategory_InvalidRequestContext" storage="d:\v2.0\a1\_work\dbded102\bin\release.anycpu\tfs.service\ms.tf.workitemtracking.server.l0.tests\ms.tf.workitemtracking.server.l0.tests.dll" id="db163ca6-27b3-eab9-a552-a0b5133a88d7">
      <Execution id="193d17c2-587e-497c-9c90-d92f3b4bfdc5" />
      <TestMethod codeBase="D:\v2.0\A1\_work\dbded102\bin\Release.AnyCPU\Tfs.Service\MS.TF.WorkItemTracking.Server.L0.Tests\MS.TF.WorkItemTracking.Server.L0.Tests.dll" adapterTypeName="Microsoft.VisualStudio.TestTools.TestTypes.Unit.UnitTestAdapter" className="MS.TF.WorkItemTracking.Server.L0.Tests.Metadata.WorkItemTypeCategoryServiceTests" name="GetWorkItemTypeCategory_InvalidRequestContext" />
    </UnitTest>
    <UnitTest name="GetWorkItemTypeCategory_InvalidWorkItemTypeCategoryName" storage="d:\v2.0\a1\_work\dbded102\bin\release.anycpu\tfs.service\ms.tf.workitemtracking.server.l0.tests\ms.tf.workitemtracking.server.l0.tests.dll" id="5959bde7-a543-ece9-7542-cdd94d1529d3">
      <Execution id="2717afff-386f-4662-968b-593ddc833842" />
      <TestMethod codeBase="D:\v2.0\A1\_work\dbded102\bin\Release.AnyCPU\Tfs.Service\MS.TF.WorkItemTracking.Server.L0.Tests\MS.TF.WorkItemTracking.Server.L0.Tests.dll" adapterTypeName="Microsoft.VisualStudio.TestTools.TestTypes.Unit.UnitTestAdapter" className="MS.TF.WorkItemTracking.Server.L0.Tests.Metadata.WorkItemTypeCategoryServiceTests" name="GetWorkItemTypeCategory_InvalidWorkItemTypeCategoryName" />
    </UnitTest>
    <UnitTest name="TryGetWorkItemTypeCategory_ReturnsWorkItemTypeCategory" storage="d:\v2.0\a1\_work\dbded102\bin\release.anycpu\tfs.service\ms.tf.workitemtracking.server.l0.tests\ms.tf.workitemtracking.server.l0.tests.dll" id="2f2e3577-3268-5459-33f2-ff4ec3769d9a">
      <Execution id="5f694a40-3967-497e-b9be-bf8e3cba1d47" />
      <TestMethod codeBase="D:\v2.0\A1\_work\dbded102\bin\Release.AnyCPU\Tfs.Service\MS.TF.WorkItemTracking.Server.L0.Tests\MS.TF.WorkItemTracking.Server.L0.Tests.dll" adapterTypeName="Microsoft.VisualStudio.TestTools.TestTypes.Unit.UnitTestAdapter" className="MS.TF.WorkItemTracking.Server.L0.Tests.Metadata.WorkItemTypeCategoryServiceTests" name="TryGetWorkItemTypeCategory_ReturnsWorkItemTypeCategory" />
    </UnitTest>
    <UnitTest name="TryGetWorkItemTypeCategory_ProjectNotFound" storage="d:\v2.0\a1\_work\dbded102\bin\release.anycpu\tfs.service\ms.tf.workitemtracking.server.l0.tests\ms.tf.workitemtracking.server.l0.tests.dll" id="b08d6abd-5c11-db64-3696-c79774668bba">
      <Execution id="00b8a495-b1df-4b78-a161-44dc4da7eb4f" />
      <TestMethod codeBase="D:\v2.0\A1\_work\dbded102\bin\Release.AnyCPU\Tfs.Service\MS.TF.WorkItemTracking.Server.L0.Tests\MS.TF.WorkItemTracking.Server.L0.Tests.dll" adapterTypeName="Microsoft.VisualStudio.TestTools.TestTypes.Unit.UnitTestAdapter" className="MS.TF.WorkItemTracking.Server.L0.Tests.Metadata.WorkItemTypeCategoryServiceTests" name="TryGetWorkItemTypeCategory_ProjectNotFound" />
    </UnitTest>
    <UnitTest name="TryGetWorkItemTypeCategory_WorkItemTypeCategoryNotFound" storage="d:\v2.0\a1\_work\dbded102\bin\release.anycpu\tfs.service\ms.tf.workitemtracking.server.l0.tests\ms.tf.workitemtracking.server.l0.tests.dll" id="f076b85f-5ef7-60b7-07d8-d66349f66944">
      <Execution id="30b6e2ab-7368-4ae3-9622-2592743ac93a" />
      <TestMethod codeBase="D:\v2.0\A1\_work\dbded102\bin\Release.AnyCPU\Tfs.Service\MS.TF.WorkItemTracking.Server.L0.Tests\MS.TF.WorkItemTracking.Server.L0.Tests.dll" adapterTypeName="Microsoft.VisualStudio.TestTools.TestTypes.Unit.UnitTestAdapter" className="MS.TF.WorkItemTracking.Server.L0.Tests.Metadata.WorkItemTypeCategoryServiceTests" name="TryGetWorkItemTypeCategory_WorkItemTypeCategoryNotFound" />
    </UnitTest>
    <UnitTest name="TryGetWorkItemTypeCategory_InvalidRequestContext" storage="d:\v2.0\a1\_work\dbded102\bin\release.anycpu\tfs.service\ms.tf.workitemtracking.server.l0.tests\ms.tf.workitemtracking.server.l0.tests.dll" id="c37a7edf-bb68-52e4-f742-17e548a5c206">
      <Execution id="5c701aba-5a04-494f-8fab-659e08bfbe88" />
      <TestMethod codeBase="D:\v2.0\A1\_work\dbded102\bin\Release.AnyCPU\Tfs.Service\MS.TF.WorkItemTracking.Server.L0.Tests\MS.TF.WorkItemTracking.Server.L0.Tests.dll" adapterTypeName="Microsoft.VisualStudio.TestTools.TestTypes.Unit.UnitTestAdapter" className="MS.TF.WorkItemTracking.Server.L0.Tests.Metadata.WorkItemTypeCategoryServiceTests" name="TryGetWorkItemTypeCategory_InvalidRequestContext" />
    </UnitTest>
    <UnitTest name="TryGetWorkItemTypeCategory_InvalidWorkItemTypeName" storage="d:\v2.0\a1\_work\dbded102\bin\release.anycpu\tfs.service\ms.tf.workitemtracking.server.l0.tests\ms.tf.workitemtracking.server.l0.tests.dll" id="3fd45331-4f2e-d99a-c04f-395ba9a6ef19">
      <Execution id="a99ba7ee-dbd9-4d02-9be9-3db6be21a868" />
      <TestMethod codeBase="D:\v2.0\A1\_work\dbded102\bin\Release.AnyCPU\Tfs.Service\MS.TF.WorkItemTracking.Server.L0.Tests\MS.TF.WorkItemTracking.Server.L0.Tests.dll" adapterTypeName="Microsoft.VisualStudio.TestTools.TestTypes.Unit.UnitTestAdapter" className="MS.TF.WorkItemTracking.Server.L0.Tests.Metadata.WorkItemTypeCategoryServiceTests" name="TryGetWorkItemTypeCategory_InvalidWorkItemTypeName" />
    </UnitTest>
    <UnitTest name="GetWorkItemTypeDetails_AdditionalWorkItemTypeProperties" storage="d:\v2.0\a1\_work\dbded102\bin\release.anycpu\tfs.service\ms.tf.workitemtracking.server.l0.tests\ms.tf.workitemtracking.server.l0.tests.dll" id="5a80d6a5-7997-039f-cc05-9b91a753b8a5">
      <Execution id="57ed729d-6d23-4198-97a4-35d1e0d68ae7" />
      <TestMethod codeBase="D:\v2.0\A1\_work\dbded102\bin\Release.AnyCPU\Tfs.Service\MS.TF.WorkItemTracking.Server.L0.Tests\MS.TF.WorkItemTracking.Server.L0.Tests.dll" adapterTypeName="Microsoft.VisualStudio.TestTools.TestTypes.Unit.UnitTestAdapter" className="MS.TF.WorkItemTracking.Server.L0.Tests.Metadata.WorkItemTypePropertiesServiceTests" name="GetWorkItemTypeDetails_AdditionalWorkItemTypeProperties" />
    </UnitTest>
    <UnitTest name="GetWorkItemTypeDetails_NullContext" storage="d:\v2.0\a1\_work\dbded102\bin\release.anycpu\tfs.service\ms.tf.workitemtracking.server.l0.tests\ms.tf.workitemtracking.server.l0.tests.dll" id="74c14bd2-cf4d-7dfd-1cd8-b8594986833a">
      <Execution id="c16367a7-2f60-4d89-be6c-f7969ffcf26a" />
      <TestMethod codeBase="D:\v2.0\A1\_work\dbded102\bin\Release.AnyCPU\Tfs.Service\MS.TF.WorkItemTracking.Server.L0.Tests\MS.TF.WorkItemTracking.Server.L0.Tests.dll" adapterTypeName="Microsoft.VisualStudio.TestTools.TestTypes.Unit.UnitTestAdapter" className="MS.TF.WorkItemTracking.Server.L0.Tests.Metadata.WorkItemTypePropertiesServiceTests" name="GetWorkItemTypeDetails_NullContext" />
    </UnitTest>
    <UnitTest name="GetWorkItemTypeDetails_BadWorkItemTypeName" storage="d:\v2.0\a1\_work\dbded102\bin\release.anycpu\tfs.service\ms.tf.workitemtracking.server.l0.tests\ms.tf.workitemtracking.server.l0.tests.dll" id="1ab15acc-099a-a4a3-40a8-5ad44c800c16">
      <Execution id="d8b184fb-f2ab-4a48-9c2b-2c88713b9cfa" />
      <TestMethod codeBase="D:\v2.0\A1\_work\dbded102\bin\Release.AnyCPU\Tfs.Service\MS.TF.WorkItemTracking.Server.L0.Tests\MS.TF.WorkItemTracking.Server.L0.Tests.dll" adapterTypeName="Microsoft.VisualStudio.TestTools.TestTypes.Unit.UnitTestAdapter" className="MS.TF.WorkItemTracking.Server.L0.Tests.Metadata.WorkItemTypePropertiesServiceTests" name="GetWorkItemTypeDetails_BadWorkItemTypeName" />
    </UnitTest>
    <UnitTest name="GetWorkItemTypeDetails_BadProject" storage="d:\v2.0\a1\_work\dbded102\bin\release.anycpu\tfs.service\ms.tf.workitemtracking.server.l0.tests\ms.tf.workitemtracking.server.l0.tests.dll" id="f726318a-cdcb-b376-a8e3-468361dcedb1">
      <Execution id="34f376c1-9baa-4226-ba1f-905ea9cff9e9" />
      <TestMethod codeBase="D:\v2.0\A1\_work\dbded102\bin\Release.AnyCPU\Tfs.Service\MS.TF.WorkItemTracking.Server.L0.Tests\MS.TF.WorkItemTracking.Server.L0.Tests.dll" adapterTypeName="Microsoft.VisualStudio.TestTools.TestTypes.Unit.UnitTestAdapter" className="MS.TF.WorkItemTracking.Server.L0.Tests.Metadata.WorkItemTypePropertiesServiceTests" name="GetWorkItemTypeDetails_BadProject" />
    </UnitTest>
    <UnitTest name="GetWorkItemTypes_ReturnsWorkItemTypes" storage="d:\v2.0\a1\_work\dbded102\bin\release.anycpu\tfs.service\ms.tf.workitemtracking.server.l0.tests\ms.tf.workitemtracking.server.l0.tests.dll" id="d9aeb615-384d-b88a-6a92-6edbe0540a09">
      <Execution id="57978a84-af99-45ad-a8de-db17dbf4e630" />
      <TestMethod codeBase="D:\v2.0\A1\_work\dbded102\bin\Release.AnyCPU\Tfs.Service\MS.TF.WorkItemTracking.Server.L0.Tests\MS.TF.WorkItemTracking.Server.L0.Tests.dll" adapterTypeName="Microsoft.VisualStudio.TestTools.TestTypes.Unit.UnitTestAdapter" className="MS.TF.WorkItemTracking.Server.L0.Tests.Metadata.WorkItemTypeServiceTests" name="GetWorkItemTypes_ReturnsWorkItemTypes" />
    </UnitTest>
    <UnitTest name="GetWorkItemTypes_WorkItemTrackingProjectNotFound" storage="d:\v2.0\a1\_work\dbded102\bin\release.anycpu\tfs.service\ms.tf.workitemtracking.server.l0.tests\ms.tf.workitemtracking.server.l0.tests.dll" id="8cb8db94-dcfc-9ce5-b17d-a6d37a9e3fe7">
      <Execution id="83783f98-ada7-4023-a4e8-7505d82604a7" />
      <TestMethod codeBase="D:\v2.0\A1\_work\dbded102\bin\Release.AnyCPU\Tfs.Service\MS.TF.WorkItemTracking.Server.L0.Tests\MS.TF.WorkItemTracking.Server.L0.Tests.dll" adapterTypeName="Microsoft.VisualStudio.TestTools.TestTypes.Unit.UnitTestAdapter" className="MS.TF.WorkItemTracking.Server.L0.Tests.Metadata.WorkItemTypeServiceTests" name="GetWorkItemTypes_WorkItemTrackingProjectNotFound" />
    </UnitTest>
    <UnitTest name="GetWorkItemTypes_InvalidRequestContext" storage="d:\v2.0\a1\_work\dbded102\bin\release.anycpu\tfs.service\ms.tf.workitemtracking.server.l0.tests\ms.tf.workitemtracking.server.l0.tests.dll" id="68b98c99-612a-7f8c-5259-f8e4c16eaca3">
      <Execution id="aa6d9012-738a-4ed3-a8d9-df73c3baa572" />
      <TestMethod codeBase="D:\v2.0\A1\_work\dbded102\bin\Release.AnyCPU\Tfs.Service\MS.TF.WorkItemTracking.Server.L0.Tests\MS.TF.WorkItemTracking.Server.L0.Tests.dll" adapterTypeName="Microsoft.VisualStudio.TestTools.TestTypes.Unit.UnitTestAdapter" className="MS.TF.WorkItemTracking.Server.L0.Tests.Metadata.WorkItemTypeServiceTests" name="GetWorkItemTypes_InvalidRequestContext" />
    </UnitTest>
    <UnitTest name="GetWorkItemTypeByReferenceName_ReturnsWorkItemType" storage="d:\v2.0\a1\_work\dbded102\bin\release.anycpu\tfs.service\ms.tf.workitemtracking.server.l0.tests\ms.tf.workitemtracking.server.l0.tests.dll" id="bf009b00-3da6-e85d-3c64-9f475d18b4eb">
      <Execution id="2ab1ed66-7c08-4d6b-9261-50cee66b0d99" />
      <TestMethod codeBase="D:\v2.0\A1\_work\dbded102\bin\Release.AnyCPU\Tfs.Service\MS.TF.WorkItemTracking.Server.L0.Tests\MS.TF.WorkItemTracking.Server.L0.Tests.dll" adapterTypeName="Microsoft.VisualStudio.TestTools.TestTypes.Unit.UnitTestAdapter" className="MS.TF.WorkItemTracking.Server.L0.Tests.Metadata.WorkItemTypeServiceTests" name="GetWorkItemTypeByReferenceName_ReturnsWorkItemType" />
    </UnitTest>
    <UnitTest name="GetWorkItemTypeByReferenceName_WorkItemTypeNotFound" storage="d:\v2.0\a1\_work\dbded102\bin\release.anycpu\tfs.service\ms.tf.workitemtracking.server.l0.tests\ms.tf.workitemtracking.server.l0.tests.dll" id="5f1706c5-abfe-6444-b95f-5280c1e1a237">
      <Execution id="e9d75595-3b69-47eb-aaa2-54ecf9093303" />
      <TestMethod codeBase="D:\v2.0\A1\_work\dbded102\bin\Release.AnyCPU\Tfs.Service\MS.TF.WorkItemTracking.Server.L0.Tests\MS.TF.WorkItemTracking.Server.L0.Tests.dll" adapterTypeName="Microsoft.VisualStudio.TestTools.TestTypes.Unit.UnitTestAdapter" className="MS.TF.WorkItemTracking.Server.L0.Tests.Metadata.WorkItemTypeServiceTests" name="GetWorkItemTypeByReferenceName_WorkItemTypeNotFound" />
    </UnitTest>
    <UnitTest name="GetWorkItemTypeByReferenceName_ProjectNotFound" storage="d:\v2.0\a1\_work\dbded102\bin\release.anycpu\tfs.service\ms.tf.workitemtracking.server.l0.tests\ms.tf.workitemtracking.server.l0.tests.dll" id="60c3d16c-72de-1898-d8d7-0dba0cdd9acf">
      <Execution id="64f15097-f31d-4661-9d16-7926cbf321f7" />
      <TestMethod codeBase="D:\v2.0\A1\_work\dbded102\bin\Release.AnyCPU\Tfs.Service\MS.TF.WorkItemTracking.Server.L0.Tests\MS.TF.WorkItemTracking.Server.L0.Tests.dll" adapterTypeName="Microsoft.VisualStudio.TestTools.TestTypes.Unit.UnitTestAdapter" className="MS.TF.WorkItemTracking.Server.L0.Tests.Metadata.WorkItemTypeServiceTests" name="GetWorkItemTypeByReferenceName_ProjectNotFound" />
    </UnitTest>
    <UnitTest name="GetWorkItemTypeByReferenceName_InvalidRequestContext" storage="d:\v2.0\a1\_work\dbded102\bin\release.anycpu\tfs.service\ms.tf.workitemtracking.server.l0.tests\ms.tf.workitemtracking.server.l0.tests.dll" id="7379d6d2-6465-20b1-b91f-577f24381ac1">
      <Execution id="42738ab9-33c8-46d3-831a-406f114e383f" />
      <TestMethod codeBase="D:\v2.0\A1\_work\dbded102\bin\Release.AnyCPU\Tfs.Service\MS.TF.WorkItemTracking.Server.L0.Tests\MS.TF.WorkItemTracking.Server.L0.Tests.dll" adapterTypeName="Microsoft.VisualStudio.TestTools.TestTypes.Unit.UnitTestAdapter" className="MS.TF.WorkItemTracking.Server.L0.Tests.Metadata.WorkItemTypeServiceTests" name="GetWorkItemTypeByReferenceName_InvalidRequestContext" />
    </UnitTest>
    <UnitTest name="GetWorkItemTypeByReferenceName_InvalidWorkItemTypeName" storage="d:\v2.0\a1\_work\dbded102\bin\release.anycpu\tfs.service\ms.tf.workitemtracking.server.l0.tests\ms.tf.workitemtracking.server.l0.tests.dll" id="71bff370-e3f1-2535-3922-18440d0caf7d">
      <Execution id="1610f5fb-194d-4460-a45f-e1a81123319b" />
      <TestMethod codeBase="D:\v2.0\A1\_work\dbded102\bin\Release.AnyCPU\Tfs.Service\MS.TF.WorkItemTracking.Server.L0.Tests\MS.TF.WorkItemTracking.Server.L0.Tests.dll" adapterTypeName="Microsoft.VisualStudio.TestTools.TestTypes.Unit.UnitTestAdapter" className="MS.TF.WorkItemTracking.Server.L0.Tests.Metadata.WorkItemTypeServiceTests" name="GetWorkItemTypeByReferenceName_InvalidWorkItemTypeName" />
    </UnitTest>
    <UnitTest name="TryGetWorkItemTypeByReferenceName_ReturnsWorkItemType" storage="d:\v2.0\a1\_work\dbded102\bin\release.anycpu\tfs.service\ms.tf.workitemtracking.server.l0.tests\ms.tf.workitemtracking.server.l0.tests.dll" id="9eb47c49-0598-a876-4cc5-8fba12f32031">
      <Execution id="a629b848-dd9d-4163-af18-4552a5628871" />
      <TestMethod codeBase="D:\v2.0\A1\_work\dbded102\bin\Release.AnyCPU\Tfs.Service\MS.TF.WorkItemTracking.Server.L0.Tests\MS.TF.WorkItemTracking.Server.L0.Tests.dll" adapterTypeName="Microsoft.VisualStudio.TestTools.TestTypes.Unit.UnitTestAdapter" className="MS.TF.WorkItemTracking.Server.L0.Tests.Metadata.WorkItemTypeServiceTests" name="TryGetWorkItemTypeByReferenceName_ReturnsWorkItemType" />
    </UnitTest>
    <UnitTest name="TryGetWorkItemTypeByReferenceName_ProjectNotFound" storage="d:\v2.0\a1\_work\dbded102\bin\release.anycpu\tfs.service\ms.tf.workitemtracking.server.l0.tests\ms.tf.workitemtracking.server.l0.tests.dll" id="69b42e8a-c269-fbd8-f724-be1c0aa8206b">
      <Execution id="1d671e56-d862-49b3-b6c5-cd8a74deedbc" />
      <TestMethod codeBase="D:\v2.0\A1\_work\dbded102\bin\Release.AnyCPU\Tfs.Service\MS.TF.WorkItemTracking.Server.L0.Tests\MS.TF.WorkItemTracking.Server.L0.Tests.dll" adapterTypeName="Microsoft.VisualStudio.TestTools.TestTypes.Unit.UnitTestAdapter" className="MS.TF.WorkItemTracking.Server.L0.Tests.Metadata.WorkItemTypeServiceTests" name="TryGetWorkItemTypeByReferenceName_ProjectNotFound" />
    </UnitTest>
    <UnitTest name="TryGetWorkItemTypeByReferenceName_WorkItemTypeNotFound" storage="d:\v2.0\a1\_work\dbded102\bin\release.anycpu\tfs.service\ms.tf.workitemtracking.server.l0.tests\ms.tf.workitemtracking.server.l0.tests.dll" id="73d28c64-814b-c453-62b1-5b241eb11282">
      <Execution id="e596a506-4bf0-46cd-bd06-8ddc3de8309a" />
      <TestMethod codeBase="D:\v2.0\A1\_work\dbded102\bin\Release.AnyCPU\Tfs.Service\MS.TF.WorkItemTracking.Server.L0.Tests\MS.TF.WorkItemTracking.Server.L0.Tests.dll" adapterTypeName="Microsoft.VisualStudio.TestTools.TestTypes.Unit.UnitTestAdapter" className="MS.TF.WorkItemTracking.Server.L0.Tests.Metadata.WorkItemTypeServiceTests" name="TryGetWorkItemTypeByReferenceName_WorkItemTypeNotFound" />
    </UnitTest>
    <UnitTest name="TryGetWorkItemTypeByReferenceName_InvalidRequestContext" storage="d:\v2.0\a1\_work\dbded102\bin\release.anycpu\tfs.service\ms.tf.workitemtracking.server.l0.tests\ms.tf.workitemtracking.server.l0.tests.dll" id="7cceb62c-1846-e71b-f1eb-d3bb54794483">
      <Execution id="dc546f53-1d00-4239-8e25-bf8a3cc5a271" />
      <TestMethod codeBase="D:\v2.0\A1\_work\dbded102\bin\Release.AnyCPU\Tfs.Service\MS.TF.WorkItemTracking.Server.L0.Tests\MS.TF.WorkItemTracking.Server.L0.Tests.dll" adapterTypeName="Microsoft.VisualStudio.TestTools.TestTypes.Unit.UnitTestAdapter" className="MS.TF.WorkItemTracking.Server.L0.Tests.Metadata.WorkItemTypeServiceTests" name="TryGetWorkItemTypeByReferenceName_InvalidRequestContext" />
    </UnitTest>
    <UnitTest name="TryGetWorkItemTypeByReferenceName_InvalidWorkItemTypeName" storage="d:\v2.0\a1\_work\dbded102\bin\release.anycpu\tfs.service\ms.tf.workitemtracking.server.l0.tests\ms.tf.workitemtracking.server.l0.tests.dll" id="ac181192-e730-3766-a17d-cc02c5086adb">
      <Execution id="8a848499-6684-44f9-82ee-c1b3e5dec4f2" />
      <TestMethod codeBase="D:\v2.0\A1\_work\dbded102\bin\Release.AnyCPU\Tfs.Service\MS.TF.WorkItemTracking.Server.L0.Tests\MS.TF.WorkItemTracking.Server.L0.Tests.dll" adapterTypeName="Microsoft.VisualStudio.TestTools.TestTypes.Unit.UnitTestAdapter" className="MS.TF.WorkItemTracking.Server.L0.Tests.Metadata.WorkItemTypeServiceTests" name="TryGetWorkItemTypeByReferenceName_InvalidWorkItemTypeName" />
    </UnitTest>
    <UnitTest name="RenameWorkItemType_NullRequestContext" storage="d:\v2.0\a1\_work\dbded102\bin\release.anycpu\tfs.service\ms.tf.workitemtracking.server.l0.tests\ms.tf.workitemtracking.server.l0.tests.dll" id="450ab47a-2d91-641a-abb9-77586742b2bf">
      <Execution id="08c6a894-54cb-4bc7-8cae-fee0b6659a56" />
      <TestMethod codeBase="D:\v2.0\A1\_work\dbded102\bin\Release.AnyCPU\Tfs.Service\MS.TF.WorkItemTracking.Server.L0.Tests\MS.TF.WorkItemTracking.Server.L0.Tests.dll" adapterTypeName="Microsoft.VisualStudio.TestTools.TestTypes.Unit.UnitTestAdapter" className="MS.TF.WorkItemTracking.Server.L0.Tests.Metadata.WorkItemTypeServiceTests" name="RenameWorkItemType_NullRequestContext" />
    </UnitTest>
    <UnitTest name="RenameWorkItemType_NullOldWorkItemType" storage="d:\v2.0\a1\_work\dbded102\bin\release.anycpu\tfs.service\ms.tf.workitemtracking.server.l0.tests\ms.tf.workitemtracking.server.l0.tests.dll" id="f046b971-1788-d85c-6314-bbd809d4b928">
      <Execution id="bb9ae1f1-fd0e-4170-85af-a59c0e718e7f" />
      <TestMethod codeBase="D:\v2.0\A1\_work\dbded102\bin\Release.AnyCPU\Tfs.Service\MS.TF.WorkItemTracking.Server.L0.Tests\MS.TF.WorkItemTracking.Server.L0.Tests.dll" adapterTypeName="Microsoft.VisualStudio.TestTools.TestTypes.Unit.UnitTestAdapter" className="MS.TF.WorkItemTracking.Server.L0.Tests.Metadata.WorkItemTypeServiceTests" name="RenameWorkItemType_NullOldWorkItemType" />
    </UnitTest>
    <UnitTest name="RenameWorkItemType_NullNewWorkItemType" storage="d:\v2.0\a1\_work\dbded102\bin\release.anycpu\tfs.service\ms.tf.workitemtracking.server.l0.tests\ms.tf.workitemtracking.server.l0.tests.dll" id="b9cf99c0-0e04-c374-a2ff-28362df0af25">
      <Execution id="bf490c47-f953-4443-b260-46966f44bb31" />
      <TestMethod codeBase="D:\v2.0\A1\_work\dbded102\bin\Release.AnyCPU\Tfs.Service\MS.TF.WorkItemTracking.Server.L0.Tests\MS.TF.WorkItemTracking.Server.L0.Tests.dll" adapterTypeName="Microsoft.VisualStudio.TestTools.TestTypes.Unit.UnitTestAdapter" className="MS.TF.WorkItemTracking.Server.L0.Tests.Metadata.WorkItemTypeServiceTests" name="RenameWorkItemType_NullNewWorkItemType" />
    </UnitTest>
    <UnitTest name="RenameWorkItemType_EmptyNewWorkItemType" storage="d:\v2.0\a1\_work\dbded102\bin\release.anycpu\tfs.service\ms.tf.workitemtracking.server.l0.tests\ms.tf.workitemtracking.server.l0.tests.dll" id="648c303b-ebf8-5165-031e-a20e45f571b0">
      <Execution id="32c65522-8134-47d2-8651-0bf3970f9833" />
      <TestMethod codeBase="D:\v2.0\A1\_work\dbded102\bin\Release.AnyCPU\Tfs.Service\MS.TF.WorkItemTracking.Server.L0.Tests\MS.TF.WorkItemTracking.Server.L0.Tests.dll" adapterTypeName="Microsoft.VisualStudio.TestTools.TestTypes.Unit.UnitTestAdapter" className="MS.TF.WorkItemTracking.Server.L0.Tests.Metadata.WorkItemTypeServiceTests" name="RenameWorkItemType_EmptyNewWorkItemType" />
    </UnitTest>
    <UnitTest name="RenameWorkItemType_OverlongNewWorkItemType" storage="d:\v2.0\a1\_work\dbded102\bin\release.anycpu\tfs.service\ms.tf.workitemtracking.server.l0.tests\ms.tf.workitemtracking.server.l0.tests.dll" id="e6631de9-62ae-3bef-f0d9-76404438024b">
      <Execution id="9680df83-a5d9-4adb-84dc-6776cdb5829d" />
      <TestMethod codeBase="D:\v2.0\A1\_work\dbded102\bin\Release.AnyCPU\Tfs.Service\MS.TF.WorkItemTracking.Server.L0.Tests\MS.TF.WorkItemTracking.Server.L0.Tests.dll" adapterTypeName="Microsoft.VisualStudio.TestTools.TestTypes.Unit.UnitTestAdapter" className="MS.TF.WorkItemTracking.Server.L0.Tests.Metadata.WorkItemTypeServiceTests" name="RenameWorkItemType_OverlongNewWorkItemType" />
    </UnitTest>
    <UnitTest name="RenameWorkItemType_ProjectNotFound" storage="d:\v2.0\a1\_work\dbded102\bin\release.anycpu\tfs.service\ms.tf.workitemtracking.server.l0.tests\ms.tf.workitemtracking.server.l0.tests.dll" id="ee62288e-ebd1-3c32-db8a-119c68ab9fe4">
      <Execution id="0dd189a1-7f81-422a-8d95-3128fdd653eb" />
      <TestMethod codeBase="D:\v2.0\A1\_work\dbded102\bin\Release.AnyCPU\Tfs.Service\MS.TF.WorkItemTracking.Server.L0.Tests\MS.TF.WorkItemTracking.Server.L0.Tests.dll" adapterTypeName="Microsoft.VisualStudio.TestTools.TestTypes.Unit.UnitTestAdapter" className="MS.TF.WorkItemTracking.Server.L0.Tests.Metadata.WorkItemTypeServiceTests" name="RenameWorkItemType_ProjectNotFound" />
    </UnitTest>
    <UnitTest name="RenameWorkItemType_ProjectPermissionDenied" storage="d:\v2.0\a1\_work\dbded102\bin\release.anycpu\tfs.service\ms.tf.workitemtracking.server.l0.tests\ms.tf.workitemtracking.server.l0.tests.dll" id="b3f2f45a-d237-0dca-9460-b4c80648d3a0">
      <Execution id="3ef4673f-d65e-4bf1-999d-de2c04661c9f" />
      <TestMethod codeBase="D:\v2.0\A1\_work\dbded102\bin\Release.AnyCPU\Tfs.Service\MS.TF.WorkItemTracking.Server.L0.Tests\MS.TF.WorkItemTracking.Server.L0.Tests.dll" adapterTypeName="Microsoft.VisualStudio.TestTools.TestTypes.Unit.UnitTestAdapter" className="MS.TF.WorkItemTracking.Server.L0.Tests.Metadata.WorkItemTypeServiceTests" name="RenameWorkItemType_ProjectPermissionDenied" />
    </UnitTest>
    <UnitTest name="RenameWorkItemType_ManageTypeDenied" storage="d:\v2.0\a1\_work\dbded102\bin\release.anycpu\tfs.service\ms.tf.workitemtracking.server.l0.tests\ms.tf.workitemtracking.server.l0.tests.dll" id="d2d4c2a9-2caa-9dfe-6c05-f6671d9f010d">
      <Execution id="cdd925d9-ae16-4de1-be3e-1b519d588bd7" />
      <TestMethod codeBase="D:\v2.0\A1\_work\dbded102\bin\Release.AnyCPU\Tfs.Service\MS.TF.WorkItemTracking.Server.L0.Tests\MS.TF.WorkItemTracking.Server.L0.Tests.dll" adapterTypeName="Microsoft.VisualStudio.TestTools.TestTypes.Unit.UnitTestAdapter" className="MS.TF.WorkItemTracking.Server.L0.Tests.Metadata.WorkItemTypeServiceTests" name="RenameWorkItemType_ManageTypeDenied" />
    </UnitTest>
    <UnitTest name="GetWorkItemType_MergesInheritedTypeExtension" storage="d:\v2.0\a1\_work\dbded102\bin\release.anycpu\tfs.service\ms.tf.workitemtracking.server.l0.tests\ms.tf.workitemtracking.server.l0.tests.dll" id="549aa41f-5b22-6b65-d790-c3a404c50822">
      <Execution id="9307da34-49a1-43d5-b7f7-8321fab46884" />
      <TestMethod codeBase="D:\v2.0\A1\_work\dbded102\bin\Release.AnyCPU\Tfs.Service\MS.TF.WorkItemTracking.Server.L0.Tests\MS.TF.WorkItemTracking.Server.L0.Tests.dll" adapterTypeName="Microsoft.VisualStudio.TestTools.TestTypes.Unit.UnitTestAdapter" className="MS.TF.WorkItemTracking.Server.L0.Tests.Metadata.WorkItemTypeServiceTests" name="GetWorkItemType_MergesInheritedTypeExtension" />
    </UnitTest>
    <UnitTest name="GetWorkItemTypes_MergesInheritedTypeExtension" storage="d:\v2.0\a1\_work\dbded102\bin\release.anycpu\tfs.service\ms.tf.workitemtracking.server.l0.tests\ms.tf.workitemtracking.server.l0.tests.dll" id="6e419a9e-2839-bb17-30c1-24350ee95f9d">
      <Execution id="44efdf79-2362-4165-bba9-f9d90d7c46a7" />
      <TestMethod codeBase="D:\v2.0\A1\_work\dbded102\bin\Release.AnyCPU\Tfs.Service\MS.TF.WorkItemTracking.Server.L0.Tests\MS.TF.WorkItemTracking.Server.L0.Tests.dll" adapterTypeName="Microsoft.VisualStudio.TestTools.TestTypes.Unit.UnitTestAdapter" className="MS.TF.WorkItemTracking.Server.L0.Tests.Metadata.WorkItemTypeServiceTests" name="GetWorkItemTypes_MergesInheritedTypeExtension" />
    </UnitTest>
    <UnitTest name="NormalizationIsInPlaceOperation" storage="d:\v2.0\a1\_work\dbded102\bin\release.anycpu\tfs.service\ms.tf.workitemtracking.server.l0.tests\ms.tf.workitemtracking.server.l0.tests.dll" id="d8cd7ec9-209a-5fbb-cb72-240c55b627b5">
      <Execution id="0e98bf60-4ad2-421b-b29a-b809dbe9ae36" />
      <TestMethod codeBase="D:\v2.0\A1\_work\dbded102\bin\Release.AnyCPU\Tfs.Service\MS.TF.WorkItemTracking.Server.L0.Tests\MS.TF.WorkItemTracking.Server.L0.Tests.dll" adapterTypeName="Microsoft.VisualStudio.TestTools.TestTypes.Unit.UnitTestAdapter" className="MS.TF.WorkItemTracking.Server.L0.Tests.Identity.IdentityConstantsNormalizerTests" name="NormalizationIsInPlaceOperation" />
    </UnitTest>
    <UnitTest name="UnsetAccountNameIsInjected" storage="d:\v2.0\a1\_work\dbded102\bin\release.anycpu\tfs.service\ms.tf.workitemtracking.server.l0.tests\ms.tf.workitemtracking.server.l0.tests.dll" id="e46f5943-8b4d-fae2-b152-499e6f17eb02">
      <Execution id="dadbbf18-5748-4d48-9e63-440f546046a2" />
      <TestMethod codeBase="D:\v2.0\A1\_work\dbded102\bin\Release.AnyCPU\Tfs.Service\MS.TF.WorkItemTracking.Server.L0.Tests\MS.TF.WorkItemTracking.Server.L0.Tests.dll" adapterTypeName="Microsoft.VisualStudio.TestTools.TestTypes.Unit.UnitTestAdapter" className="MS.TF.WorkItemTracking.Server.L0.Tests.Identity.IdentityConstantsNormalizerTests" name="UnsetAccountNameIsInjected" />
    </UnitTest>
    <UnitTest name="UnsetTPCDomainsInjected" storage="d:\v2.0\a1\_work\dbded102\bin\release.anycpu\tfs.service\ms.tf.workitemtracking.server.l0.tests\ms.tf.workitemtracking.server.l0.tests.dll" id="58553f8a-e537-99b4-cae5-a489c8a3a1d1">
      <Execution id="67b45b6a-6ee7-4df2-8197-634cc92b8805" />
      <TestMethod codeBase="D:\v2.0\A1\_work\dbded102\bin\Release.AnyCPU\Tfs.Service\MS.TF.WorkItemTracking.Server.L0.Tests\MS.TF.WorkItemTracking.Server.L0.Tests.dll" adapterTypeName="Microsoft.VisualStudio.TestTools.TestTypes.Unit.UnitTestAdapter" className="MS.TF.WorkItemTracking.Server.L0.Tests.Identity.IdentityConstantsNormalizerTests" name="UnsetTPCDomainsInjected" />
    </UnitTest>
    <UnitTest name="TFCollectionDomainUsesGlobalGroup" storage="d:\v2.0\a1\_work\dbded102\bin\release.anycpu\tfs.service\ms.tf.workitemtracking.server.l0.tests\ms.tf.workitemtracking.server.l0.tests.dll" id="51b6969e-744a-122d-e053-e73e3a3d016b">
      <Execution id="84bb13f2-38fd-43e6-9d16-7f1e3c4af4a9" />
      <TestMethod codeBase="D:\v2.0\A1\_work\dbded102\bin\Release.AnyCPU\Tfs.Service\MS.TF.WorkItemTracking.Server.L0.Tests\MS.TF.WorkItemTracking.Server.L0.Tests.dll" adapterTypeName="Microsoft.VisualStudio.TestTools.TestTypes.Unit.UnitTestAdapter" className="MS.TF.WorkItemTracking.Server.L0.Tests.Identity.IdentityConstantsNormalizerTests" name="TFCollectionDomainUsesGlobalGroup" />
    </UnitTest>
    <UnitTest name="TFInstanceDomainUsesInstanceGroup" storage="d:\v2.0\a1\_work\dbded102\bin\release.anycpu\tfs.service\ms.tf.workitemtracking.server.l0.tests\ms.tf.workitemtracking.server.l0.tests.dll" id="f86a5989-42e7-3539-90b9-7350f502f5e0">
      <Execution id="fa37e149-3b4a-441b-9121-6238c2e4e67b" />
      <TestMethod codeBase="D:\v2.0\A1\_work\dbded102\bin\Release.AnyCPU\Tfs.Service\MS.TF.WorkItemTracking.Server.L0.Tests\MS.TF.WorkItemTracking.Server.L0.Tests.dll" adapterTypeName="Microsoft.VisualStudio.TestTools.TestTypes.Unit.UnitTestAdapter" className="MS.TF.WorkItemTracking.Server.L0.Tests.Identity.IdentityConstantsNormalizerTests" name="TFInstanceDomainUsesInstanceGroup" />
    </UnitTest>
    <UnitTest name="TFInstanceDomainUsesProjectGroup" storage="d:\v2.0\a1\_work\dbded102\bin\release.anycpu\tfs.service\ms.tf.workitemtracking.server.l0.tests\ms.tf.workitemtracking.server.l0.tests.dll" id="94de1167-4314-b33c-9019-1061a6574581">
      <Execution id="b3093d59-fa45-4008-98a0-1d1a3283d0a6" />
      <TestMethod codeBase="D:\v2.0\A1\_work\dbded102\bin\Release.AnyCPU\Tfs.Service\MS.TF.WorkItemTracking.Server.L0.Tests\MS.TF.WorkItemTracking.Server.L0.Tests.dll" adapterTypeName="Microsoft.VisualStudio.TestTools.TestTypes.Unit.UnitTestAdapter" className="MS.TF.WorkItemTracking.Server.L0.Tests.Identity.IdentityConstantsNormalizerTests" name="TFInstanceDomainUsesProjectGroup" />
    </UnitTest>
    <UnitTest name="UnsetPendedIdentityUsesTBD" storage="d:\v2.0\a1\_work\dbded102\bin\release.anycpu\tfs.service\ms.tf.workitemtracking.server.l0.tests\ms.tf.workitemtracking.server.l0.tests.dll" id="74bfca5c-1dad-39dc-c1b3-b8d145090ebe">
      <Execution id="1a70d5e4-2758-4112-ba1f-7cd84c251a40" />
      <TestMethod codeBase="D:\v2.0\A1\_work\dbded102\bin\Release.AnyCPU\Tfs.Service\MS.TF.WorkItemTracking.Server.L0.Tests\MS.TF.WorkItemTracking.Server.L0.Tests.dll" adapterTypeName="Microsoft.VisualStudio.TestTools.TestTypes.Unit.UnitTestAdapter" className="MS.TF.WorkItemTracking.Server.L0.Tests.Identity.IdentityConstantsNormalizerTests" name="UnsetPendedIdentityUsesTBD" />
    </UnitTest>
    <UnitTest name="GibberishDomainRemains" storage="d:\v2.0\a1\_work\dbded102\bin\release.anycpu\tfs.service\ms.tf.workitemtracking.server.l0.tests\ms.tf.workitemtracking.server.l0.tests.dll" id="35031e26-4288-6770-9939-1f2b8e9fb78c">
      <Execution id="104841ad-f3d5-4c7a-b3ba-5e9f442bd41f" />
      <TestMethod codeBase="D:\v2.0\A1\_work\dbded102\bin\Release.AnyCPU\Tfs.Service\MS.TF.WorkItemTracking.Server.L0.Tests\MS.TF.WorkItemTracking.Server.L0.Tests.dll" adapterTypeName="Microsoft.VisualStudio.TestTools.TestTypes.Unit.UnitTestAdapter" className="MS.TF.WorkItemTracking.Server.L0.Tests.Identity.IdentityConstantsNormalizerTests" name="GibberishDomainRemains" />
    </UnitTest>
    <UnitTest name="WillParseAadNameWithAccountComponent" storage="d:\v2.0\a1\_work\dbded102\bin\release.anycpu\tfs.service\ms.tf.workitemtracking.server.l0.tests\ms.tf.workitemtracking.server.l0.tests.dll" id="2c731a61-ac60-b183-574c-07b6625b46db">
      <Execution id="af9f40de-3db7-41b5-b6aa-3e1abb615b01" />
      <TestMethod codeBase="D:\v2.0\A1\_work\dbded102\bin\Release.AnyCPU\Tfs.Service\MS.TF.WorkItemTracking.Server.L0.Tests\MS.TF.WorkItemTracking.Server.L0.Tests.dll" adapterTypeName="Microsoft.VisualStudio.TestTools.TestTypes.Unit.UnitTestAdapter" className="MS.TF.WorkItemTracking.Server.L0.Tests.Identity.WorkItemAadIdentifierTests" name="WillParseAadNameWithAccountComponent" />
    </UnitTest>
    <UnitTest name="WillParseAadNameWithoutAccountComponent" storage="d:\v2.0\a1\_work\dbded102\bin\release.anycpu\tfs.service\ms.tf.workitemtracking.server.l0.tests\ms.tf.workitemtracking.server.l0.tests.dll" id="59ab15cc-f23e-0373-3fa5-b7e352752a7a">
      <Execution id="3808d48b-2eed-49cd-aedc-79ef5cb57d60" />
      <TestMethod codeBase="D:\v2.0\A1\_work\dbded102\bin\Release.AnyCPU\Tfs.Service\MS.TF.WorkItemTracking.Server.L0.Tests\MS.TF.WorkItemTracking.Server.L0.Tests.dll" adapterTypeName="Microsoft.VisualStudio.TestTools.TestTypes.Unit.UnitTestAdapter" className="MS.TF.WorkItemTracking.Server.L0.Tests.Identity.WorkItemAadIdentifierTests" name="WillParseAadNameWithoutAccountComponent" />
    </UnitTest>
    <UnitTest name="WillReturnNullIfOidIsWrongFromat" storage="d:\v2.0\a1\_work\dbded102\bin\release.anycpu\tfs.service\ms.tf.workitemtracking.server.l0.tests\ms.tf.workitemtracking.server.l0.tests.dll" id="ae365034-6f2f-bc3a-c9a0-b7197256723a">
      <Execution id="b82248a7-5918-475e-8cb1-3c50f744db82" />
      <TestMethod codeBase="D:\v2.0\A1\_work\dbded102\bin\Release.AnyCPU\Tfs.Service\MS.TF.WorkItemTracking.Server.L0.Tests\MS.TF.WorkItemTracking.Server.L0.Tests.dll" adapterTypeName="Microsoft.VisualStudio.TestTools.TestTypes.Unit.UnitTestAdapter" className="MS.TF.WorkItemTracking.Server.L0.Tests.Identity.WorkItemAadIdentifierTests" name="WillReturnNullIfOidIsWrongFromat" />
    </UnitTest>
    <UnitTest name="WillParseGroupPrefixedName" storage="d:\v2.0\a1\_work\dbded102\bin\release.anycpu\tfs.service\ms.tf.workitemtracking.server.l0.tests\ms.tf.workitemtracking.server.l0.tests.dll" id="c059a69f-5f39-efab-a32c-4ddb5953d541">
      <Execution id="7c0320a6-045b-4172-bb67-a9fa9803fc33" />
      <TestMethod codeBase="D:\v2.0\A1\_work\dbded102\bin\Release.AnyCPU\Tfs.Service\MS.TF.WorkItemTracking.Server.L0.Tests\MS.TF.WorkItemTracking.Server.L0.Tests.dll" adapterTypeName="Microsoft.VisualStudio.TestTools.TestTypes.Unit.UnitTestAdapter" className="MS.TF.WorkItemTracking.Server.L0.Tests.Identity.WorkItemAadIdentifierTests" name="WillParseGroupPrefixedName" />
    </UnitTest>
    <UnitTest name="WillHandleSpacesAroundTypePrefix" storage="d:\v2.0\a1\_work\dbded102\bin\release.anycpu\tfs.service\ms.tf.workitemtracking.server.l0.tests\ms.tf.workitemtracking.server.l0.tests.dll" id="686865d3-00b7-1859-ec95-75d7861eb21e">
      <Execution id="db40a87f-60b3-4248-b4ae-050df9420857" />
      <TestMethod codeBase="D:\v2.0\A1\_work\dbded102\bin\Release.AnyCPU\Tfs.Service\MS.TF.WorkItemTracking.Server.L0.Tests\MS.TF.WorkItemTracking.Server.L0.Tests.dll" adapterTypeName="Microsoft.VisualStudio.TestTools.TestTypes.Unit.UnitTestAdapter" className="MS.TF.WorkItemTracking.Server.L0.Tests.Identity.WorkItemAadIdentifierTests" name="WillHandleSpacesAroundTypePrefix" />
    </UnitTest>
    <UnitTest name="WillParseUserPrefixedName" storage="d:\v2.0\a1\_work\dbded102\bin\release.anycpu\tfs.service\ms.tf.workitemtracking.server.l0.tests\ms.tf.workitemtracking.server.l0.tests.dll" id="7f59d24d-8ff6-55de-6d77-886715cf858d">
      <Execution id="a962a8c1-fab3-4376-b128-3fc0df3a2e7e" />
      <TestMethod codeBase="D:\v2.0\A1\_work\dbded102\bin\Release.AnyCPU\Tfs.Service\MS.TF.WorkItemTracking.Server.L0.Tests\MS.TF.WorkItemTracking.Server.L0.Tests.dll" adapterTypeName="Microsoft.VisualStudio.TestTools.TestTypes.Unit.UnitTestAdapter" className="MS.TF.WorkItemTracking.Server.L0.Tests.Identity.WorkItemAadIdentifierTests" name="WillParseUserPrefixedName" />
    </UnitTest>
    <UnitTest name="WillHandleExtraSpaces" storage="d:\v2.0\a1\_work\dbded102\bin\release.anycpu\tfs.service\ms.tf.workitemtracking.server.l0.tests\ms.tf.workitemtracking.server.l0.tests.dll" id="9ae2a8fd-ca9c-c0e5-4ab2-a88010cde704">
      <Execution id="97d41525-a3f5-4d79-b4e1-00d301415aca" />
      <TestMethod codeBase="D:\v2.0\A1\_work\dbded102\bin\Release.AnyCPU\Tfs.Service\MS.TF.WorkItemTracking.Server.L0.Tests\MS.TF.WorkItemTracking.Server.L0.Tests.dll" adapterTypeName="Microsoft.VisualStudio.TestTools.TestTypes.Unit.UnitTestAdapter" className="MS.TF.WorkItemTracking.Server.L0.Tests.Identity.WorkItemAadIdentifierTests" name="WillHandleExtraSpaces" />
    </UnitTest>
    <UnitTest name="WillParseFriendlyNameOutOfGroupName" storage="d:\v2.0\a1\_work\dbded102\bin\release.anycpu\tfs.service\ms.tf.workitemtracking.server.l0.tests\ms.tf.workitemtracking.server.l0.tests.dll" id="40dd67a0-1499-c9f9-398d-55dcec3420c6">
      <Execution id="84c8b126-494f-419d-97bf-651d8baa5252" />
      <TestMethod codeBase="D:\v2.0\A1\_work\dbded102\bin\Release.AnyCPU\Tfs.Service\MS.TF.WorkItemTracking.Server.L0.Tests\MS.TF.WorkItemTracking.Server.L0.Tests.dll" adapterTypeName="Microsoft.VisualStudio.TestTools.TestTypes.Unit.UnitTestAdapter" className="MS.TF.WorkItemTracking.Server.L0.Tests.Identity.WorkItemAadIdentifierTests" name="WillParseFriendlyNameOutOfGroupName" />
    </UnitTest>
    <UnitTest name="Will_save_update_layout_when_setting_field_control_in_a_group" storage="d:\v2.0\a1\_work\dbded102\bin\release.anycpu\tfs.service\ms.tf.workitemtracking.server.l0.tests\ms.tf.workitemtracking.server.l0.tests.dll" id="3619b817-ad5b-7751-cb4c-d927e4609618">
      <Execution id="666a8aa8-6d45-485d-b98c-3c6a4c2cee5f" />
      <TestMethod codeBase="D:\v2.0\A1\_work\dbded102\bin\Release.AnyCPU\Tfs.Service\MS.TF.WorkItemTracking.Server.L0.Tests\MS.TF.WorkItemTracking.Server.L0.Tests.dll" adapterTypeName="Microsoft.VisualStudio.TestTools.TestTypes.Unit.UnitTestAdapter" className="MS.TF.WorkItemTracking.Server.L0.Tests.FormTransforms.FormLayoutServiceTests" name="Will_save_update_layout_when_setting_field_control_in_a_group" />
    </UnitTest>
    <UnitTest name="Will_save_update_layout_when_removing_field_control_from_a_group" storage="d:\v2.0\a1\_work\dbded102\bin\release.anycpu\tfs.service\ms.tf.workitemtracking.server.l0.tests\ms.tf.workitemtracking.server.l0.tests.dll" id="980d07a7-2096-ec07-9c49-1ea8660a3fb3">
      <Execution id="57c5b27c-603b-46c5-9568-3a7048d400c8" />
      <TestMethod codeBase="D:\v2.0\A1\_work\dbded102\bin\Release.AnyCPU\Tfs.Service\MS.TF.WorkItemTracking.Server.L0.Tests\MS.TF.WorkItemTracking.Server.L0.Tests.dll" adapterTypeName="Microsoft.VisualStudio.TestTools.TestTypes.Unit.UnitTestAdapter" className="MS.TF.WorkItemTracking.Server.L0.Tests.FormTransforms.FormLayoutServiceTests" name="Will_save_update_layout_when_removing_field_control_from_a_group" />
    </UnitTest>
    <UnitTest name="will_remove_field_from_layout_and_save_layout" storage="d:\v2.0\a1\_work\dbded102\bin\release.anycpu\tfs.service\ms.tf.workitemtracking.server.l0.tests\ms.tf.workitemtracking.server.l0.tests.dll" id="114eb2cb-c41a-b6f2-5b58-391aa364d1d9">
      <Execution id="adf0dc75-96e6-4370-9acd-ab0331a8ee28" />
      <TestMethod codeBase="D:\v2.0\A1\_work\dbded102\bin\Release.AnyCPU\Tfs.Service\MS.TF.WorkItemTracking.Server.L0.Tests\MS.TF.WorkItemTracking.Server.L0.Tests.dll" adapterTypeName="Microsoft.VisualStudio.TestTools.TestTypes.Unit.UnitTestAdapter" className="MS.TF.WorkItemTracking.Server.L0.Tests.FormTransforms.FormLayoutServiceTests" name="will_remove_field_from_layout_and_save_layout" />
    </UnitTest>
    <UnitTest name="WillThrowWhenLayoutIsNull" storage="d:\v2.0\a1\_work\dbded102\bin\release.anycpu\tfs.service\ms.tf.workitemtracking.server.l0.tests\ms.tf.workitemtracking.server.l0.tests.dll" id="2f44d031-a74d-8d57-e63d-13c55c357842">
      <Execution id="2c25aee5-eaea-48f6-a3b7-302180952e63" />
      <TestMethod codeBase="D:\v2.0\A1\_work\dbded102\bin\Release.AnyCPU\Tfs.Service\MS.TF.WorkItemTracking.Server.L0.Tests\MS.TF.WorkItemTracking.Server.L0.Tests.dll" adapterTypeName="Microsoft.VisualStudio.TestTools.TestTypes.Unit.UnitTestAdapter" className="MS.TF.WorkItemTracking.Server.L0.Tests.FormTransforms.NewFormXmlSerializerTests" name="WillThrowWhenLayoutIsNull" />
    </UnitTest>
    <UnitTest name="WillCreateFormHeader" storage="d:\v2.0\a1\_work\dbded102\bin\release.anycpu\tfs.service\ms.tf.workitemtracking.server.l0.tests\ms.tf.workitemtracking.server.l0.tests.dll" id="a34e7be7-5f56-6cd3-bb68-ef6960ae6087">
      <Execution id="248f6ab4-2550-409d-9110-c3974a43de32" />
      <TestMethod codeBase="D:\v2.0\A1\_work\dbded102\bin\Release.AnyCPU\Tfs.Service\MS.TF.WorkItemTracking.Server.L0.Tests\MS.TF.WorkItemTracking.Server.L0.Tests.dll" adapterTypeName="Microsoft.VisualStudio.TestTools.TestTypes.Unit.UnitTestAdapter" className="MS.TF.WorkItemTracking.Server.L0.Tests.FormTransforms.NewFormXmlSerializerTests" name="WillCreateFormHeader" />
    </UnitTest>
    <UnitTest name="WillCreateTabs" storage="d:\v2.0\a1\_work\dbded102\bin\release.anycpu\tfs.service\ms.tf.workitemtracking.server.l0.tests\ms.tf.workitemtracking.server.l0.tests.dll" id="38d2c936-8251-b702-88d7-2754049c2aee">
      <Execution id="f8e04ff6-64f8-4aa5-a86e-a92739d06076" />
      <TestMethod codeBase="D:\v2.0\A1\_work\dbded102\bin\Release.AnyCPU\Tfs.Service\MS.TF.WorkItemTracking.Server.L0.Tests\MS.TF.WorkItemTracking.Server.L0.Tests.dll" adapterTypeName="Microsoft.VisualStudio.TestTools.TestTypes.Unit.UnitTestAdapter" className="MS.TF.WorkItemTracking.Server.L0.Tests.FormTransforms.NewFormXmlSerializerTests" name="WillCreateTabs" />
    </UnitTest>
    <UnitTest name="WillHideTabsThatAreMakedNotVisible" storage="d:\v2.0\a1\_work\dbded102\bin\release.anycpu\tfs.service\ms.tf.workitemtracking.server.l0.tests\ms.tf.workitemtracking.server.l0.tests.dll" id="be598aac-7874-f1fc-5a37-f4858aaa7de9">
      <Execution id="d18b2040-00f4-4a4d-84b8-ad26a6c7ac27" />
      <TestMethod codeBase="D:\v2.0\A1\_work\dbded102\bin\Release.AnyCPU\Tfs.Service\MS.TF.WorkItemTracking.Server.L0.Tests\MS.TF.WorkItemTracking.Server.L0.Tests.dll" adapterTypeName="Microsoft.VisualStudio.TestTools.TestTypes.Unit.UnitTestAdapter" className="MS.TF.WorkItemTracking.Server.L0.Tests.FormTransforms.NewFormXmlSerializerTests" name="WillHideTabsThatAreMakedNotVisible" />
    </UnitTest>
    <UnitTest name="WillCreateThreeSections" storage="d:\v2.0\a1\_work\dbded102\bin\release.anycpu\tfs.service\ms.tf.workitemtracking.server.l0.tests\ms.tf.workitemtracking.server.l0.tests.dll" id="654d6260-3d10-c8b4-b480-60dc71e00727">
      <Execution id="793cf2df-e683-45c3-ba37-88e6c0bf7735" />
      <TestMethod codeBase="D:\v2.0\A1\_work\dbded102\bin\Release.AnyCPU\Tfs.Service\MS.TF.WorkItemTracking.Server.L0.Tests\MS.TF.WorkItemTracking.Server.L0.Tests.dll" adapterTypeName="Microsoft.VisualStudio.TestTools.TestTypes.Unit.UnitTestAdapter" className="MS.TF.WorkItemTracking.Server.L0.Tests.FormTransforms.NewFormXmlSerializerTests" name="WillCreateThreeSections" />
    </UnitTest>
    <UnitTest name="WillCreateTwoSections" storage="d:\v2.0\a1\_work\dbded102\bin\release.anycpu\tfs.service\ms.tf.workitemtracking.server.l0.tests\ms.tf.workitemtracking.server.l0.tests.dll" id="e6256e96-8b0e-5711-a802-276f599f7fdc">
      <Execution id="fb58dd19-48fb-451b-9c70-2d85147553d2" />
      <TestMethod codeBase="D:\v2.0\A1\_work\dbded102\bin\Release.AnyCPU\Tfs.Service\MS.TF.WorkItemTracking.Server.L0.Tests\MS.TF.WorkItemTracking.Server.L0.Tests.dll" adapterTypeName="Microsoft.VisualStudio.TestTools.TestTypes.Unit.UnitTestAdapter" className="MS.TF.WorkItemTracking.Server.L0.Tests.FormTransforms.NewFormXmlSerializerTests" name="WillCreateTwoSections" />
    </UnitTest>
    <UnitTest name="WillCreateOneSection" storage="d:\v2.0\a1\_work\dbded102\bin\release.anycpu\tfs.service\ms.tf.workitemtracking.server.l0.tests\ms.tf.workitemtracking.server.l0.tests.dll" id="540d2ead-945a-713a-acd2-74943cb190b6">
      <Execution id="cf048609-54ec-4b9b-9f81-2269cbe016e3" />
      <TestMethod codeBase="D:\v2.0\A1\_work\dbded102\bin\Release.AnyCPU\Tfs.Service\MS.TF.WorkItemTracking.Server.L0.Tests\MS.TF.WorkItemTracking.Server.L0.Tests.dll" adapterTypeName="Microsoft.VisualStudio.TestTools.TestTypes.Unit.UnitTestAdapter" className="MS.TF.WorkItemTracking.Server.L0.Tests.FormTransforms.NewFormXmlSerializerTests" name="WillCreateOneSection" />
    </UnitTest>
    <UnitTest name="WillNotShowGroupsWithoutControls" storage="d:\v2.0\a1\_work\dbded102\bin\release.anycpu\tfs.service\ms.tf.workitemtracking.server.l0.tests\ms.tf.workitemtracking.server.l0.tests.dll" id="64136798-d2a9-5cbe-17f1-63f20d7873f5">
      <Execution id="148c1fdf-ff9c-4fd1-a6e9-f693d73f028a" />
      <TestMethod codeBase="D:\v2.0\A1\_work\dbded102\bin\Release.AnyCPU\Tfs.Service\MS.TF.WorkItemTracking.Server.L0.Tests\MS.TF.WorkItemTracking.Server.L0.Tests.dll" adapterTypeName="Microsoft.VisualStudio.TestTools.TestTypes.Unit.UnitTestAdapter" className="MS.TF.WorkItemTracking.Server.L0.Tests.FormTransforms.NewFormXmlSerializerTests" name="WillNotShowGroupsWithoutControls" />
    </UnitTest>
    <UnitTest name="WillNotAppendControlMetadataOnlyIfMetadataIsXml" storage="d:\v2.0\a1\_work\dbded102\bin\release.anycpu\tfs.service\ms.tf.workitemtracking.server.l0.tests\ms.tf.workitemtracking.server.l0.tests.dll" id="a73b10fe-3d38-a1dc-b99f-0d7c1df95ea0">
      <Execution id="6ef3f116-ccf2-4fd6-941a-0d099de000e4" />
      <TestMethod codeBase="D:\v2.0\A1\_work\dbded102\bin\Release.AnyCPU\Tfs.Service\MS.TF.WorkItemTracking.Server.L0.Tests\MS.TF.WorkItemTracking.Server.L0.Tests.dll" adapterTypeName="Microsoft.VisualStudio.TestTools.TestTypes.Unit.UnitTestAdapter" className="MS.TF.WorkItemTracking.Server.L0.Tests.FormTransforms.NewFormXmlSerializerTests" name="WillNotAppendControlMetadataOnlyIfMetadataIsXml" />
    </UnitTest>
    <UnitTest name="WillThrowWhenFormXmlIsNull" storage="d:\v2.0\a1\_work\dbded102\bin\release.anycpu\tfs.service\ms.tf.workitemtracking.server.l0.tests\ms.tf.workitemtracking.server.l0.tests.dll" id="92d152ad-92ed-fac0-0c0e-4b7cc67d0947">
      <Execution id="bde88db0-6dcd-406f-968d-c900fb859021" />
      <TestMethod codeBase="D:\v2.0\A1\_work\dbded102\bin\Release.AnyCPU\Tfs.Service\MS.TF.WorkItemTracking.Server.L0.Tests\MS.TF.WorkItemTracking.Server.L0.Tests.dll" adapterTypeName="Microsoft.VisualStudio.TestTools.TestTypes.Unit.UnitTestAdapter" className="MS.TF.WorkItemTracking.Server.L0.Tests.FormTransforms.LegacyFormDeserializerTests" name="WillThrowWhenFormXmlIsNull" />
    </UnitTest>
    <UnitTest name="WillThrowWhenFormXmlIsEmpty" storage="d:\v2.0\a1\_work\dbded102\bin\release.anycpu\tfs.service\ms.tf.workitemtracking.server.l0.tests\ms.tf.workitemtracking.server.l0.tests.dll" id="548a48ea-8ab8-9497-c483-97501d9c8bd5">
      <Execution id="8838f4b8-67bb-4105-af9d-50f544f6dd07" />
      <TestMethod codeBase="D:\v2.0\A1\_work\dbded102\bin\Release.AnyCPU\Tfs.Service\MS.TF.WorkItemTracking.Server.L0.Tests\MS.TF.WorkItemTracking.Server.L0.Tests.dll" adapterTypeName="Microsoft.VisualStudio.TestTools.TestTypes.Unit.UnitTestAdapter" className="MS.TF.WorkItemTracking.Server.L0.Tests.FormTransforms.LegacyFormDeserializerTests" name="WillThrowWhenFormXmlIsEmpty" />
    </UnitTest>
    <UnitTest name="WillThrowWhenFormXmlIsMalformed" storage="d:\v2.0\a1\_work\dbded102\bin\release.anycpu\tfs.service\ms.tf.workitemtracking.server.l0.tests\ms.tf.workitemtracking.server.l0.tests.dll" id="b563ccec-de1a-7a7c-edaa-93f03b757e59">
      <Execution id="1875f38c-9633-4ce0-a7f8-5004dea02573" />
      <TestMethod codeBase="D:\v2.0\A1\_work\dbded102\bin\Release.AnyCPU\Tfs.Service\MS.TF.WorkItemTracking.Server.L0.Tests\MS.TF.WorkItemTracking.Server.L0.Tests.dll" adapterTypeName="Microsoft.VisualStudio.TestTools.TestTypes.Unit.UnitTestAdapter" className="MS.TF.WorkItemTracking.Server.L0.Tests.FormTransforms.LegacyFormDeserializerTests" name="WillThrowWhenFormXmlIsMalformed" />
    </UnitTest>
    <UnitTest name="WillGetEmptyLayoutWhenNoLayoutElementIsFound" storage="d:\v2.0\a1\_work\dbded102\bin\release.anycpu\tfs.service\ms.tf.workitemtracking.server.l0.tests\ms.tf.workitemtracking.server.l0.tests.dll" id="5dbd3da7-d701-9f0a-7e21-0d7b87626816">
      <Execution id="065c0b2f-e979-489f-8c48-e6163d4e7ef7" />
      <TestMethod codeBase="D:\v2.0\A1\_work\dbded102\bin\Release.AnyCPU\Tfs.Service\MS.TF.WorkItemTracking.Server.L0.Tests\MS.TF.WorkItemTracking.Server.L0.Tests.dll" adapterTypeName="Microsoft.VisualStudio.TestTools.TestTypes.Unit.UnitTestAdapter" className="MS.TF.WorkItemTracking.Server.L0.Tests.FormTransforms.LegacyFormDeserializerTests" name="WillGetEmptyLayoutWhenNoLayoutElementIsFound" />
    </UnitTest>
    <UnitTest name="WillChooseNewFormLayoutWhenAvailable" storage="d:\v2.0\a1\_work\dbded102\bin\release.anycpu\tfs.service\ms.tf.workitemtracking.server.l0.tests\ms.tf.workitemtracking.server.l0.tests.dll" id="093b27a6-3a44-e11c-6bcf-f4345dba1dc3">
      <Execution id="13e5cacd-580b-40a0-95f0-894ef4ec757d" />
      <TestMethod codeBase="D:\v2.0\A1\_work\dbded102\bin\Release.AnyCPU\Tfs.Service\MS.TF.WorkItemTracking.Server.L0.Tests\MS.TF.WorkItemTracking.Server.L0.Tests.dll" adapterTypeName="Microsoft.VisualStudio.TestTools.TestTypes.Unit.UnitTestAdapter" className="MS.TF.WorkItemTracking.Server.L0.Tests.FormTransforms.LegacyFormDeserializerTests" name="WillChooseNewFormLayoutWhenAvailable" />
    </UnitTest>
    <UnitTest name="WillSelectTopLevelTabsOnly" storage="d:\v2.0\a1\_work\dbded102\bin\release.anycpu\tfs.service\ms.tf.workitemtracking.server.l0.tests\ms.tf.workitemtracking.server.l0.tests.dll" id="c7f8a59a-de14-e3dc-18bb-d2d6dd2bdef2">
      <Execution id="5b939e42-7f0c-457e-83ee-e7e35912303b" />
      <TestMethod codeBase="D:\v2.0\A1\_work\dbded102\bin\Release.AnyCPU\Tfs.Service\MS.TF.WorkItemTracking.Server.L0.Tests\MS.TF.WorkItemTracking.Server.L0.Tests.dll" adapterTypeName="Microsoft.VisualStudio.TestTools.TestTypes.Unit.UnitTestAdapter" className="MS.TF.WorkItemTracking.Server.L0.Tests.FormTransforms.LegacyFormDeserializerTests" name="WillSelectTopLevelTabsOnly" />
    </UnitTest>
    <UnitTest name="WillHideEmptyTabs" storage="d:\v2.0\a1\_work\dbded102\bin\release.anycpu\tfs.service\ms.tf.workitemtracking.server.l0.tests\ms.tf.workitemtracking.server.l0.tests.dll" id="1d1e117a-5825-19f7-cacd-f9b25e552c1e">
      <Execution id="c8fa4f2d-ea27-486e-a8f6-b23765d1d504" />
      <TestMethod codeBase="D:\v2.0\A1\_work\dbded102\bin\Release.AnyCPU\Tfs.Service\MS.TF.WorkItemTracking.Server.L0.Tests\MS.TF.WorkItemTracking.Server.L0.Tests.dll" adapterTypeName="Microsoft.VisualStudio.TestTools.TestTypes.Unit.UnitTestAdapter" className="MS.TF.WorkItemTracking.Server.L0.Tests.FormTransforms.LegacyFormDeserializerTests" name="WillHideEmptyTabs" />
    </UnitTest>
    <UnitTest name="WillSelectFirstLayoutTargetingWebWhenMultipleLayoutsPresent" storage="d:\v2.0\a1\_work\dbded102\bin\release.anycpu\tfs.service\ms.tf.workitemtracking.server.l0.tests\ms.tf.workitemtracking.server.l0.tests.dll" id="b0287841-5bc4-11a9-0004-82e45c0498dd">
      <Execution id="44d03e83-9f51-4b47-a7d1-7f34ed2c3b61" />
      <TestMethod codeBase="D:\v2.0\A1\_work\dbded102\bin\Release.AnyCPU\Tfs.Service\MS.TF.WorkItemTracking.Server.L0.Tests\MS.TF.WorkItemTracking.Server.L0.Tests.dll" adapterTypeName="Microsoft.VisualStudio.TestTools.TestTypes.Unit.UnitTestAdapter" className="MS.TF.WorkItemTracking.Server.L0.Tests.FormTransforms.LegacyFormDeserializerTests" name="WillSelectFirstLayoutTargetingWebWhenMultipleLayoutsPresent" />
    </UnitTest>
    <UnitTest name="WillSelectFirstLayoutWhenMultipleLayoutsPresentAndNoneTargetingWeb" storage="d:\v2.0\a1\_work\dbded102\bin\release.anycpu\tfs.service\ms.tf.workitemtracking.server.l0.tests\ms.tf.workitemtracking.server.l0.tests.dll" id="8d06dcb1-ee91-cc2b-9be3-fd0c5cd8727b">
      <Execution id="740d0806-6d79-4cd8-b700-ba2bbf22b5b4" />
      <TestMethod codeBase="D:\v2.0\A1\_work\dbded102\bin\Release.AnyCPU\Tfs.Service\MS.TF.WorkItemTracking.Server.L0.Tests\MS.TF.WorkItemTracking.Server.L0.Tests.dll" adapterTypeName="Microsoft.VisualStudio.TestTools.TestTypes.Unit.UnitTestAdapter" className="MS.TF.WorkItemTracking.Server.L0.Tests.FormTransforms.LegacyFormDeserializerTests" name="WillSelectFirstLayoutWhenMultipleLayoutsPresentAndNoneTargetingWeb" />
    </UnitTest>
    <UnitTest name="WillCreateDefaultFirstTabWithNameDetails" storage="d:\v2.0\a1\_work\dbded102\bin\release.anycpu\tfs.service\ms.tf.workitemtracking.server.l0.tests\ms.tf.workitemtracking.server.l0.tests.dll" id="84aafa7e-4367-a18c-e651-f7b53debcf73">
      <Execution id="f4304b5d-e0fe-4f91-8b1a-773ee334d6ab" />
      <TestMethod codeBase="D:\v2.0\A1\_work\dbded102\bin\Release.AnyCPU\Tfs.Service\MS.TF.WorkItemTracking.Server.L0.Tests\MS.TF.WorkItemTracking.Server.L0.Tests.dll" adapterTypeName="Microsoft.VisualStudio.TestTools.TestTypes.Unit.UnitTestAdapter" className="MS.TF.WorkItemTracking.Server.L0.Tests.FormTransforms.LegacyFormDeserializerTests" name="WillCreateDefaultFirstTabWithNameDetails" />
    </UnitTest>
    <UnitTest name="WillSelectControlsInGroupsAndTabs" storage="d:\v2.0\a1\_work\dbded102\bin\release.anycpu\tfs.service\ms.tf.workitemtracking.server.l0.tests\ms.tf.workitemtracking.server.l0.tests.dll" id="de1be428-441e-b5e9-ba9c-7edc59bee2ef">
      <Execution id="23628965-c62f-480a-a544-024f7f2d6cec" />
      <TestMethod codeBase="D:\v2.0\A1\_work\dbded102\bin\Release.AnyCPU\Tfs.Service\MS.TF.WorkItemTracking.Server.L0.Tests\MS.TF.WorkItemTracking.Server.L0.Tests.dll" adapterTypeName="Microsoft.VisualStudio.TestTools.TestTypes.Unit.UnitTestAdapter" className="MS.TF.WorkItemTracking.Server.L0.Tests.FormTransforms.LegacyFormDeserializerTests" name="WillSelectControlsInGroupsAndTabs" />
    </UnitTest>
    <UnitTest name="WillFillAllSectionsWhenNoLongTextFields" storage="d:\v2.0\a1\_work\dbded102\bin\release.anycpu\tfs.service\ms.tf.workitemtracking.server.l0.tests\ms.tf.workitemtracking.server.l0.tests.dll" id="385d6962-8101-8326-5c80-7e85ad9f0d6f">
      <Execution id="24a3ef50-0021-4d65-b1e1-41afd5febf26" />
      <TestMethod codeBase="D:\v2.0\A1\_work\dbded102\bin\Release.AnyCPU\Tfs.Service\MS.TF.WorkItemTracking.Server.L0.Tests\MS.TF.WorkItemTracking.Server.L0.Tests.dll" adapterTypeName="Microsoft.VisualStudio.TestTools.TestTypes.Unit.UnitTestAdapter" className="MS.TF.WorkItemTracking.Server.L0.Tests.FormTransforms.LegacyFormDeserializerTests" name="WillFillAllSectionsWhenNoLongTextFields" />
    </UnitTest>
    <UnitTest name="WillRemoveHeaderFields" storage="d:\v2.0\a1\_work\dbded102\bin\release.anycpu\tfs.service\ms.tf.workitemtracking.server.l0.tests\ms.tf.workitemtracking.server.l0.tests.dll" id="74b8012c-cbd3-f279-58a0-7c5886fa9cbb">
      <Execution id="8f50e6f7-b9ff-4e09-a61d-a2aeb60b2b82" />
      <TestMethod codeBase="D:\v2.0\A1\_work\dbded102\bin\Release.AnyCPU\Tfs.Service\MS.TF.WorkItemTracking.Server.L0.Tests\MS.TF.WorkItemTracking.Server.L0.Tests.dll" adapterTypeName="Microsoft.VisualStudio.TestTools.TestTypes.Unit.UnitTestAdapter" className="MS.TF.WorkItemTracking.Server.L0.Tests.FormTransforms.LegacyFormDeserializerTests" name="WillRemoveHeaderFields" />
    </UnitTest>
    <UnitTest name="WillCreateOthersGroupForGroupWithoutLabel" storage="d:\v2.0\a1\_work\dbded102\bin\release.anycpu\tfs.service\ms.tf.workitemtracking.server.l0.tests\ms.tf.workitemtracking.server.l0.tests.dll" id="62a53428-cdc1-e3e1-94c7-7c5a56ad1b6a">
      <Execution id="17c0af93-fea4-4e0d-98fe-8b68cc18fcff" />
      <TestMethod codeBase="D:\v2.0\A1\_work\dbded102\bin\Release.AnyCPU\Tfs.Service\MS.TF.WorkItemTracking.Server.L0.Tests\MS.TF.WorkItemTracking.Server.L0.Tests.dll" adapterTypeName="Microsoft.VisualStudio.TestTools.TestTypes.Unit.UnitTestAdapter" className="MS.TF.WorkItemTracking.Server.L0.Tests.FormTransforms.LegacyFormDeserializerTests" name="WillCreateOthersGroupForGroupWithoutLabel" />
    </UnitTest>
    <UnitTest name="WillInjectHistoryTabAndReuseExistingGroupLabel" storage="d:\v2.0\a1\_work\dbded102\bin\release.anycpu\tfs.service\ms.tf.workitemtracking.server.l0.tests\ms.tf.workitemtracking.server.l0.tests.dll" id="04e5eaff-bb3a-3414-6be1-4c1daedccf6a">
      <Execution id="abe359cf-c077-465e-8d1e-73e2f0f1aba8" />
      <TestMethod codeBase="D:\v2.0\A1\_work\dbded102\bin\Release.AnyCPU\Tfs.Service\MS.TF.WorkItemTracking.Server.L0.Tests\MS.TF.WorkItemTracking.Server.L0.Tests.dll" adapterTypeName="Microsoft.VisualStudio.TestTools.TestTypes.Unit.UnitTestAdapter" className="MS.TF.WorkItemTracking.Server.L0.Tests.FormTransforms.LegacyFormDeserializerTests" name="WillInjectHistoryTabAndReuseExistingGroupLabel" />
    </UnitTest>
    <UnitTest name="WillInjectHistoryTabAndReuseExistingControlLabel" storage="d:\v2.0\a1\_work\dbded102\bin\release.anycpu\tfs.service\ms.tf.workitemtracking.server.l0.tests\ms.tf.workitemtracking.server.l0.tests.dll" id="200cfb91-d6dc-5a95-2a25-139f86e94164">
      <Execution id="35cd2934-b2ab-42ab-9729-96e57ba60fba" />
      <TestMethod codeBase="D:\v2.0\A1\_work\dbded102\bin\Release.AnyCPU\Tfs.Service\MS.TF.WorkItemTracking.Server.L0.Tests\MS.TF.WorkItemTracking.Server.L0.Tests.dll" adapterTypeName="Microsoft.VisualStudio.TestTools.TestTypes.Unit.UnitTestAdapter" className="MS.TF.WorkItemTracking.Server.L0.Tests.FormTransforms.LegacyFormDeserializerTests" name="WillInjectHistoryTabAndReuseExistingControlLabel" />
    </UnitTest>
    <UnitTest name="WillInjectOnlyOneHistoryTabAndUseStaticLabel" storage="d:\v2.0\a1\_work\dbded102\bin\release.anycpu\tfs.service\ms.tf.workitemtracking.server.l0.tests\ms.tf.workitemtracking.server.l0.tests.dll" id="d11f4d99-4a52-3d50-c583-ed23930cb07f">
      <Execution id="c0dab987-2923-478d-8d63-8237ccf79da6" />
      <TestMethod codeBase="D:\v2.0\A1\_work\dbded102\bin\Release.AnyCPU\Tfs.Service\MS.TF.WorkItemTracking.Server.L0.Tests\MS.TF.WorkItemTracking.Server.L0.Tests.dll" adapterTypeName="Microsoft.VisualStudio.TestTools.TestTypes.Unit.UnitTestAdapter" className="MS.TF.WorkItemTracking.Server.L0.Tests.FormTransforms.LegacyFormDeserializerTests" name="WillInjectOnlyOneHistoryTabAndUseStaticLabel" />
    </UnitTest>
    <UnitTest name="WillInjectAttachmentsControlAndReuseGroupLabel" storage="d:\v2.0\a1\_work\dbded102\bin\release.anycpu\tfs.service\ms.tf.workitemtracking.server.l0.tests\ms.tf.workitemtracking.server.l0.tests.dll" id="405be418-634a-1551-d970-14461fb803e3">
      <Execution id="ad730670-f6b9-415f-b44c-91e810eb4161" />
      <TestMethod codeBase="D:\v2.0\A1\_work\dbded102\bin\Release.AnyCPU\Tfs.Service\MS.TF.WorkItemTracking.Server.L0.Tests\MS.TF.WorkItemTracking.Server.L0.Tests.dll" adapterTypeName="Microsoft.VisualStudio.TestTools.TestTypes.Unit.UnitTestAdapter" className="MS.TF.WorkItemTracking.Server.L0.Tests.FormTransforms.LegacyFormDeserializerTests" name="WillInjectAttachmentsControlAndReuseGroupLabel" />
    </UnitTest>
    <UnitTest name="WillInjectAttachmentsControlAndReuseControlsLabel" storage="d:\v2.0\a1\_work\dbded102\bin\release.anycpu\tfs.service\ms.tf.workitemtracking.server.l0.tests\ms.tf.workitemtracking.server.l0.tests.dll" id="1d19ae8a-aa2c-89f7-fe3c-2ebcd1f95550">
      <Execution id="01736066-2025-48cd-9151-2ff67f0d41b1" />
      <TestMethod codeBase="D:\v2.0\A1\_work\dbded102\bin\Release.AnyCPU\Tfs.Service\MS.TF.WorkItemTracking.Server.L0.Tests\MS.TF.WorkItemTracking.Server.L0.Tests.dll" adapterTypeName="Microsoft.VisualStudio.TestTools.TestTypes.Unit.UnitTestAdapter" className="MS.TF.WorkItemTracking.Server.L0.Tests.FormTransforms.LegacyFormDeserializerTests" name="WillInjectAttachmentsControlAndReuseControlsLabel" />
    </UnitTest>
    <UnitTest name="WillInjectAttachmentsControlAndUseStaticLabel" storage="d:\v2.0\a1\_work\dbded102\bin\release.anycpu\tfs.service\ms.tf.workitemtracking.server.l0.tests\ms.tf.workitemtracking.server.l0.tests.dll" id="40d885e1-12c4-ae98-2956-30bfe08c138d">
      <Execution id="1bf664b4-721e-49d2-a0d0-f8a348b59075" />
      <TestMethod codeBase="D:\v2.0\A1\_work\dbded102\bin\Release.AnyCPU\Tfs.Service\MS.TF.WorkItemTracking.Server.L0.Tests\MS.TF.WorkItemTracking.Server.L0.Tests.dll" adapterTypeName="Microsoft.VisualStudio.TestTools.TestTypes.Unit.UnitTestAdapter" className="MS.TF.WorkItemTracking.Server.L0.Tests.FormTransforms.LegacyFormDeserializerTests" name="WillInjectAttachmentsControlAndUseStaticLabel" />
    </UnitTest>
    <UnitTest name="WillNotInjectAttachmentsIfNoAttachmentsControlFound" storage="d:\v2.0\a1\_work\dbded102\bin\release.anycpu\tfs.service\ms.tf.workitemtracking.server.l0.tests\ms.tf.workitemtracking.server.l0.tests.dll" id="7bc7106a-2a23-71d3-dede-98ad52a4faf9">
      <Execution id="42c40a27-e955-4623-b8d0-62122aea64af" />
      <TestMethod codeBase="D:\v2.0\A1\_work\dbded102\bin\Release.AnyCPU\Tfs.Service\MS.TF.WorkItemTracking.Server.L0.Tests\MS.TF.WorkItemTracking.Server.L0.Tests.dll" adapterTypeName="Microsoft.VisualStudio.TestTools.TestTypes.Unit.UnitTestAdapter" className="MS.TF.WorkItemTracking.Server.L0.Tests.FormTransforms.LegacyFormDeserializerTests" name="WillNotInjectAttachmentsIfNoAttachmentsControlFound" />
    </UnitTest>
    <UnitTest name="WillNotInjectLinksIfNoLinksControlFound" storage="d:\v2.0\a1\_work\dbded102\bin\release.anycpu\tfs.service\ms.tf.workitemtracking.server.l0.tests\ms.tf.workitemtracking.server.l0.tests.dll" id="e30c8894-eebb-a070-9bb1-ab76ddab735f">
      <Execution id="519ea5ab-56d2-4e25-a566-a26775519fe1" />
      <TestMethod codeBase="D:\v2.0\A1\_work\dbded102\bin\Release.AnyCPU\Tfs.Service\MS.TF.WorkItemTracking.Server.L0.Tests\MS.TF.WorkItemTracking.Server.L0.Tests.dll" adapterTypeName="Microsoft.VisualStudio.TestTools.TestTypes.Unit.UnitTestAdapter" className="MS.TF.WorkItemTracking.Server.L0.Tests.FormTransforms.LegacyFormDeserializerTests" name="WillNotInjectLinksIfNoLinksControlFound" />
    </UnitTest>
    <UnitTest name="WillInjectLinksInSection1" storage="d:\v2.0\a1\_work\dbded102\bin\release.anycpu\tfs.service\ms.tf.workitemtracking.server.l0.tests\ms.tf.workitemtracking.server.l0.tests.dll" id="468a1659-29a4-2032-0cf9-81a0a1d691d1">
      <Execution id="9da14b37-ebda-4f2e-86c2-3dc47ac8ec0e" />
      <TestMethod codeBase="D:\v2.0\A1\_work\dbded102\bin\Release.AnyCPU\Tfs.Service\MS.TF.WorkItemTracking.Server.L0.Tests\MS.TF.WorkItemTracking.Server.L0.Tests.dll" adapterTypeName="Microsoft.VisualStudio.TestTools.TestTypes.Unit.UnitTestAdapter" className="MS.TF.WorkItemTracking.Server.L0.Tests.FormTransforms.LegacyFormDeserializerTests" name="WillInjectLinksInSection1" />
    </UnitTest>
    <UnitTest name="WillCombineLinksControlsAndPutInLinksPageSection1" storage="d:\v2.0\a1\_work\dbded102\bin\release.anycpu\tfs.service\ms.tf.workitemtracking.server.l0.tests\ms.tf.workitemtracking.server.l0.tests.dll" id="7fd381a7-5dc2-2bcc-1d2f-418c931497ed">
      <Execution id="f91c8dea-9f66-4b9e-a774-0ec85391bd1a" />
      <TestMethod codeBase="D:\v2.0\A1\_work\dbded102\bin\Release.AnyCPU\Tfs.Service\MS.TF.WorkItemTracking.Server.L0.Tests\MS.TF.WorkItemTracking.Server.L0.Tests.dll" adapterTypeName="Microsoft.VisualStudio.TestTools.TestTypes.Unit.UnitTestAdapter" className="MS.TF.WorkItemTracking.Server.L0.Tests.FormTransforms.LegacyFormDeserializerTests" name="WillCombineLinksControlsAndPutInLinksPageSection1" />
    </UnitTest>
    <UnitTest name="WillMergeTopLevelControlsInFirstTab" storage="d:\v2.0\a1\_work\dbded102\bin\release.anycpu\tfs.service\ms.tf.workitemtracking.server.l0.tests\ms.tf.workitemtracking.server.l0.tests.dll" id="2baf8961-1a52-e3e2-fa55-4683fd45b8db">
      <Execution id="f40b6744-5e1b-4c6e-a15d-a9f9f92f1c48" />
      <TestMethod codeBase="D:\v2.0\A1\_work\dbded102\bin\Release.AnyCPU\Tfs.Service\MS.TF.WorkItemTracking.Server.L0.Tests\MS.TF.WorkItemTracking.Server.L0.Tests.dll" adapterTypeName="Microsoft.VisualStudio.TestTools.TestTypes.Unit.UnitTestAdapter" className="MS.TF.WorkItemTracking.Server.L0.Tests.FormTransforms.LegacyFormDeserializerTests" name="WillMergeTopLevelControlsInFirstTab" />
    </UnitTest>
    <UnitTest name="WillPlaceControlsNotInTabsBeforeOnesThatAre" storage="d:\v2.0\a1\_work\dbded102\bin\release.anycpu\tfs.service\ms.tf.workitemtracking.server.l0.tests\ms.tf.workitemtracking.server.l0.tests.dll" id="da0d41b6-91d1-4802-8d08-1aef77f23a02">
      <Execution id="c85cddf4-fed2-4bc7-bd49-0c20e0d1930d" />
      <TestMethod codeBase="D:\v2.0\A1\_work\dbded102\bin\Release.AnyCPU\Tfs.Service\MS.TF.WorkItemTracking.Server.L0.Tests\MS.TF.WorkItemTracking.Server.L0.Tests.dll" adapterTypeName="Microsoft.VisualStudio.TestTools.TestTypes.Unit.UnitTestAdapter" className="MS.TF.WorkItemTracking.Server.L0.Tests.FormTransforms.LegacyFormDeserializerTests" name="WillPlaceControlsNotInTabsBeforeOnesThatAre" />
    </UnitTest>
    <UnitTest name="WillUniqueifyIdsInTheAmbiguousLabelCase" storage="d:\v2.0\a1\_work\dbded102\bin\release.anycpu\tfs.service\ms.tf.workitemtracking.server.l0.tests\ms.tf.workitemtracking.server.l0.tests.dll" id="8868731c-0477-ffcd-d00e-e39195646c4f">
      <Execution id="6beaee62-6612-4fb3-b03c-e4ba4ec101e3" />
      <TestMethod codeBase="D:\v2.0\A1\_work\dbded102\bin\Release.AnyCPU\Tfs.Service\MS.TF.WorkItemTracking.Server.L0.Tests\MS.TF.WorkItemTracking.Server.L0.Tests.dll" adapterTypeName="Microsoft.VisualStudio.TestTools.TestTypes.Unit.UnitTestAdapter" className="MS.TF.WorkItemTracking.Server.L0.Tests.FormTransforms.LegacyFormDeserializerTests" name="WillUniqueifyIdsInTheAmbiguousLabelCase" />
    </UnitTest>
    <UnitTest name="WillThrowWhenFormXmlIsNull" storage="d:\v2.0\a1\_work\dbded102\bin\release.anycpu\tfs.service\ms.tf.workitemtracking.server.l0.tests\ms.tf.workitemtracking.server.l0.tests.dll" id="c61e8bb5-f68c-0550-cdd5-6c19816e99be">
      <Execution id="362f32f7-9875-41cc-9a64-d53002d1b605" />
      <TestMethod codeBase="D:\v2.0\A1\_work\dbded102\bin\Release.AnyCPU\Tfs.Service\MS.TF.WorkItemTracking.Server.L0.Tests\MS.TF.WorkItemTracking.Server.L0.Tests.dll" adapterTypeName="Microsoft.VisualStudio.TestTools.TestTypes.Unit.UnitTestAdapter" className="MS.TF.WorkItemTracking.Server.L0.Tests.FormTransforms.FormExtensionsTransformerTests" name="WillThrowWhenFormXmlIsNull" />
    </UnitTest>
    <UnitTest name="WillThrowWhenFormXmlIsEmpty" storage="d:\v2.0\a1\_work\dbded102\bin\release.anycpu\tfs.service\ms.tf.workitemtracking.server.l0.tests\ms.tf.workitemtracking.server.l0.tests.dll" id="ab5f4574-f747-d900-89e7-86218005b548">
      <Execution id="5867d190-c55e-42ce-97d6-fcc8542c6d1f" />
      <TestMethod codeBase="D:\v2.0\A1\_work\dbded102\bin\Release.AnyCPU\Tfs.Service\MS.TF.WorkItemTracking.Server.L0.Tests\MS.TF.WorkItemTracking.Server.L0.Tests.dll" adapterTypeName="Microsoft.VisualStudio.TestTools.TestTypes.Unit.UnitTestAdapter" className="MS.TF.WorkItemTracking.Server.L0.Tests.FormTransforms.FormExtensionsTransformerTests" name="WillThrowWhenFormXmlIsEmpty" />
    </UnitTest>
    <UnitTest name="WillThrowWhenFormXmlIsMalformed" storage="d:\v2.0\a1\_work\dbded102\bin\release.anycpu\tfs.service\ms.tf.workitemtracking.server.l0.tests\ms.tf.workitemtracking.server.l0.tests.dll" id="3d679ecb-1e54-c109-85a2-d52a8ca5ad71">
      <Execution id="4fda3b1e-5935-4091-822f-01cee9658cf1" />
      <TestMethod codeBase="D:\v2.0\A1\_work\dbded102\bin\Release.AnyCPU\Tfs.Service\MS.TF.WorkItemTracking.Server.L0.Tests\MS.TF.WorkItemTracking.Server.L0.Tests.dll" adapterTypeName="Microsoft.VisualStudio.TestTools.TestTypes.Unit.UnitTestAdapter" className="MS.TF.WorkItemTracking.Server.L0.Tests.FormTransforms.FormExtensionsTransformerTests" name="WillThrowWhenFormXmlIsMalformed" />
    </UnitTest>
    <UnitTest name="WillGetSameXmlWhenNoContributionFound" storage="d:\v2.0\a1\_work\dbded102\bin\release.anycpu\tfs.service\ms.tf.workitemtracking.server.l0.tests\ms.tf.workitemtracking.server.l0.tests.dll" id="1b59fd8b-2e1d-6b44-82d8-344694b6789d">
      <Execution id="15f299b1-94f3-46e7-ae60-a4d23625b852" />
      <TestMethod codeBase="D:\v2.0\A1\_work\dbded102\bin\Release.AnyCPU\Tfs.Service\MS.TF.WorkItemTracking.Server.L0.Tests\MS.TF.WorkItemTracking.Server.L0.Tests.dll" adapterTypeName="Microsoft.VisualStudio.TestTools.TestTypes.Unit.UnitTestAdapter" className="MS.TF.WorkItemTracking.Server.L0.Tests.FormTransforms.FormExtensionsTransformerTests" name="WillGetSameXmlWhenNoContributionFound" />
    </UnitTest>
    <UnitTest name="WillGetSameXmlWhenNoLayoutElementIsFound" storage="d:\v2.0\a1\_work\dbded102\bin\release.anycpu\tfs.service\ms.tf.workitemtracking.server.l0.tests\ms.tf.workitemtracking.server.l0.tests.dll" id="8223b186-6339-e760-43b3-f6b820eac151">
      <Execution id="55b5172b-bdbd-44ee-be63-54a2149e6bbf" />
      <TestMethod codeBase="D:\v2.0\A1\_work\dbded102\bin\Release.AnyCPU\Tfs.Service\MS.TF.WorkItemTracking.Server.L0.Tests\MS.TF.WorkItemTracking.Server.L0.Tests.dll" adapterTypeName="Microsoft.VisualStudio.TestTools.TestTypes.Unit.UnitTestAdapter" className="MS.TF.WorkItemTracking.Server.L0.Tests.FormTransforms.FormExtensionsTransformerTests" name="WillGetSameXmlWhenNoLayoutElementIsFound" />
    </UnitTest>
    <UnitTest name="WillAddTopLevelIfNoTabGroupInLayout" storage="d:\v2.0\a1\_work\dbded102\bin\release.anycpu\tfs.service\ms.tf.workitemtracking.server.l0.tests\ms.tf.workitemtracking.server.l0.tests.dll" id="e617eaff-0e50-c1dc-e17b-4cdb719f4637">
      <Execution id="13cb27b7-cc38-47af-ba5c-bb3d2a6ff1de" />
      <TestMethod codeBase="D:\v2.0\A1\_work\dbded102\bin\Release.AnyCPU\Tfs.Service\MS.TF.WorkItemTracking.Server.L0.Tests\MS.TF.WorkItemTracking.Server.L0.Tests.dll" adapterTypeName="Microsoft.VisualStudio.TestTools.TestTypes.Unit.UnitTestAdapter" className="MS.TF.WorkItemTracking.Server.L0.Tests.FormTransforms.FormExtensionsTransformerTests" name="WillAddTopLevelIfNoTabGroupInLayout" />
    </UnitTest>
    <UnitTest name="WillAddAdditionalTabToExistingTopLevelTabGroup" storage="d:\v2.0\a1\_work\dbded102\bin\release.anycpu\tfs.service\ms.tf.workitemtracking.server.l0.tests\ms.tf.workitemtracking.server.l0.tests.dll" id="a9b8b5ae-ab3e-79fd-5618-2a8da042ca43">
      <Execution id="4ca873ff-56c5-4c08-8e27-a6f8ee2655ac" />
      <TestMethod codeBase="D:\v2.0\A1\_work\dbded102\bin\Release.AnyCPU\Tfs.Service\MS.TF.WorkItemTracking.Server.L0.Tests\MS.TF.WorkItemTracking.Server.L0.Tests.dll" adapterTypeName="Microsoft.VisualStudio.TestTools.TestTypes.Unit.UnitTestAdapter" className="MS.TF.WorkItemTracking.Server.L0.Tests.FormTransforms.FormExtensionsTransformerTests" name="WillAddAdditionalTabToExistingTopLevelTabGroup" />
    </UnitTest>
    <UnitTest name="WillAddTopLevelIfNoTopLevelTabGroupInLayout" storage="d:\v2.0\a1\_work\dbded102\bin\release.anycpu\tfs.service\ms.tf.workitemtracking.server.l0.tests\ms.tf.workitemtracking.server.l0.tests.dll" id="30aced24-e7b0-3276-c54e-3e34116cf795">
      <Execution id="94791d20-d2ae-495e-98de-03fd81bdcca9" />
      <TestMethod codeBase="D:\v2.0\A1\_work\dbded102\bin\Release.AnyCPU\Tfs.Service\MS.TF.WorkItemTracking.Server.L0.Tests\MS.TF.WorkItemTracking.Server.L0.Tests.dll" adapterTypeName="Microsoft.VisualStudio.TestTools.TestTypes.Unit.UnitTestAdapter" className="MS.TF.WorkItemTracking.Server.L0.Tests.FormTransforms.FormExtensionsTransformerTests" name="WillAddTopLevelIfNoTopLevelTabGroupInLayout" />
    </UnitTest>
    <UnitTest name="WillAddTabGroupToExistingTopLevelTabGroup" storage="d:\v2.0\a1\_work\dbded102\bin\release.anycpu\tfs.service\ms.tf.workitemtracking.server.l0.tests\ms.tf.workitemtracking.server.l0.tests.dll" id="883260d1-dbd0-d15a-c5cb-30a034645d44">
      <Execution id="c8e8fc1a-d467-4919-bfe9-5c8f2852fc9b" />
      <TestMethod codeBase="D:\v2.0\A1\_work\dbded102\bin\Release.AnyCPU\Tfs.Service\MS.TF.WorkItemTracking.Server.L0.Tests\MS.TF.WorkItemTracking.Server.L0.Tests.dll" adapterTypeName="Microsoft.VisualStudio.TestTools.TestTypes.Unit.UnitTestAdapter" className="MS.TF.WorkItemTracking.Server.L0.Tests.FormTransforms.FormExtensionsTransformerTests" name="WillAddTabGroupToExistingTopLevelTabGroup" />
    </UnitTest>
    <UnitTest name="PerformComponentAction_HappyPath" storage="d:\v2.0\a1\_work\dbded102\bin\release.anycpu\tfs.service\ms.tf.workitemtracking.server.l0.tests\ms.tf.workitemtracking.server.l0.tests.dll" id="52d06473-e567-5d91-89f4-6b4b07de648d">
      <Execution id="df983c8e-788a-40ca-a5ff-9aaad8175984" />
      <TestMethod codeBase="D:\v2.0\A1\_work\dbded102\bin\Release.AnyCPU\Tfs.Service\MS.TF.WorkItemTracking.Server.L0.Tests\MS.TF.WorkItemTracking.Server.L0.Tests.dll" adapterTypeName="Microsoft.VisualStudio.TestTools.TestTypes.Unit.UnitTestAdapter" className="MS.TF.WorkItemTracking.Server.L0.Tests.DataAccess.WorkItemTrackingResourceComponentTests" name="PerformComponentAction_HappyPath" />
    </UnitTest>
    <UnitTest name="TestBatchResponse" storage="d:\v2.0\a1\_work\dbded102\bin\release.anycpu\tfs.service\ms.tf.workitemtracking.server.l0.tests\ms.tf.workitemtracking.server.l0.tests.dll" id="457ff18f-e312-b2f8-ea2b-a22303a43420">
      <Execution id="25abc76a-3c57-4b48-9303-d5fc6975d9a3" />
      <TestMethod codeBase="D:\v2.0\A1\_work\dbded102\bin\Release.AnyCPU\Tfs.Service\MS.TF.WorkItemTracking.Server.L0.Tests\MS.TF.WorkItemTracking.Server.L0.Tests.dll" adapterTypeName="Microsoft.VisualStudio.TestTools.TestTypes.Unit.UnitTestAdapter" className="MS.TF.WorkItemTracking.Server.L0.Tests.Common.CommonWITUtilsTests" name="TestBatchResponse" />
    </UnitTest>
    <UnitTest name="TestTraceIfEnabledTraceEnabled" storage="d:\v2.0\a1\_work\dbded102\bin\release.anycpu\tfs.service\ms.tf.workitemtracking.server.l0.tests\ms.tf.workitemtracking.server.l0.tests.dll" id="6791b1ec-0bd4-9e00-7363-4efe1c3fe064">
      <Execution id="8e3b9bb9-f60c-4bdc-8b4d-bcee3a05d913" />
      <TestMethod codeBase="D:\v2.0\A1\_work\dbded102\bin\Release.AnyCPU\Tfs.Service\MS.TF.WorkItemTracking.Server.L0.Tests\MS.TF.WorkItemTracking.Server.L0.Tests.dll" adapterTypeName="Microsoft.VisualStudio.TestTools.TestTypes.Unit.UnitTestAdapter" className="MS.TF.WorkItemTracking.Server.L0.Tests.Common.CommonWITUtilsTests" name="TestTraceIfEnabledTraceEnabled" />
    </UnitTest>
    <UnitTest name="TestTraceIfEnabledTraceDisabled" storage="d:\v2.0\a1\_work\dbded102\bin\release.anycpu\tfs.service\ms.tf.workitemtracking.server.l0.tests\ms.tf.workitemtracking.server.l0.tests.dll" id="5936e746-ab3d-6e4f-01fa-580b1db60530">
      <Execution id="b231bb9f-840f-4faa-8d92-e9b44c7f6e9d" />
      <TestMethod codeBase="D:\v2.0\A1\_work\dbded102\bin\Release.AnyCPU\Tfs.Service\MS.TF.WorkItemTracking.Server.L0.Tests\MS.TF.WorkItemTracking.Server.L0.Tests.dll" adapterTypeName="Microsoft.VisualStudio.TestTools.TestTypes.Unit.UnitTestAdapter" className="MS.TF.WorkItemTracking.Server.L0.Tests.Common.CommonWITUtilsTests" name="TestTraceIfEnabledTraceDisabled" />
    </UnitTest>
    <UnitTest name="TestAssertNullRequestContext" storage="d:\v2.0\a1\_work\dbded102\bin\release.anycpu\tfs.service\ms.tf.workitemtracking.server.l0.tests\ms.tf.workitemtracking.server.l0.tests.dll" id="d76cbde2-2d59-3fcb-f53c-921ecc70671d">
      <Execution id="da053a9f-4946-4763-9ac5-8262c7f061b2" />
      <TestMethod codeBase="D:\v2.0\A1\_work\dbded102\bin\Release.AnyCPU\Tfs.Service\MS.TF.WorkItemTracking.Server.L0.Tests\MS.TF.WorkItemTracking.Server.L0.Tests.dll" adapterTypeName="Microsoft.VisualStudio.TestTools.TestTypes.Unit.UnitTestAdapter" className="MS.TF.WorkItemTracking.Server.L0.Tests.Common.CommonWITUtilsTests" name="TestAssertNullRequestContext" />
    </UnitTest>
    <UnitTest name="TestAssertNullArea" storage="d:\v2.0\a1\_work\dbded102\bin\release.anycpu\tfs.service\ms.tf.workitemtracking.server.l0.tests\ms.tf.workitemtracking.server.l0.tests.dll" id="57fb6724-e34a-014d-fbfa-cbef470574db">
      <Execution id="beae2946-8619-4366-9dbe-a232039f7126" />
      <TestMethod codeBase="D:\v2.0\A1\_work\dbded102\bin\Release.AnyCPU\Tfs.Service\MS.TF.WorkItemTracking.Server.L0.Tests\MS.TF.WorkItemTracking.Server.L0.Tests.dll" adapterTypeName="Microsoft.VisualStudio.TestTools.TestTypes.Unit.UnitTestAdapter" className="MS.TF.WorkItemTracking.Server.L0.Tests.Common.CommonWITUtilsTests" name="TestAssertNullArea" />
    </UnitTest>
    <UnitTest name="TestAssertNullLayer" storage="d:\v2.0\a1\_work\dbded102\bin\release.anycpu\tfs.service\ms.tf.workitemtracking.server.l0.tests\ms.tf.workitemtracking.server.l0.tests.dll" id="5e20a37c-0047-7235-4f58-4ee65ba2ebcb">
      <Execution id="c57f1093-a5f8-4cc6-a690-5ef0e86eb599" />
      <TestMethod codeBase="D:\v2.0\A1\_work\dbded102\bin\Release.AnyCPU\Tfs.Service\MS.TF.WorkItemTracking.Server.L0.Tests\MS.TF.WorkItemTracking.Server.L0.Tests.dll" adapterTypeName="Microsoft.VisualStudio.TestTools.TestTypes.Unit.UnitTestAdapter" className="MS.TF.WorkItemTracking.Server.L0.Tests.Common.CommonWITUtilsTests" name="TestAssertNullLayer" />
    </UnitTest>
    <UnitTest name="TestAssertNullAssertFunc" storage="d:\v2.0\a1\_work\dbded102\bin\release.anycpu\tfs.service\ms.tf.workitemtracking.server.l0.tests\ms.tf.workitemtracking.server.l0.tests.dll" id="f2f2c2b9-9022-bcdb-0049-4a64a51ba35b">
      <Execution id="a3986639-c166-4334-8690-b59c187835d5" />
      <TestMethod codeBase="D:\v2.0\A1\_work\dbded102\bin\Release.AnyCPU\Tfs.Service\MS.TF.WorkItemTracking.Server.L0.Tests\MS.TF.WorkItemTracking.Server.L0.Tests.dll" adapterTypeName="Microsoft.VisualStudio.TestTools.TestTypes.Unit.UnitTestAdapter" className="MS.TF.WorkItemTracking.Server.L0.Tests.Common.CommonWITUtilsTests" name="TestAssertNullAssertFunc" />
    </UnitTest>
    <UnitTest name="TestAssertNullMessageFunc" storage="d:\v2.0\a1\_work\dbded102\bin\release.anycpu\tfs.service\ms.tf.workitemtracking.server.l0.tests\ms.tf.workitemtracking.server.l0.tests.dll" id="55c51b93-f951-ad11-2170-a25c03f4087e">
      <Execution id="3d015388-7f59-458f-a03c-393096828145" />
      <TestMethod codeBase="D:\v2.0\A1\_work\dbded102\bin\Release.AnyCPU\Tfs.Service\MS.TF.WorkItemTracking.Server.L0.Tests\MS.TF.WorkItemTracking.Server.L0.Tests.dll" adapterTypeName="Microsoft.VisualStudio.TestTools.TestTypes.Unit.UnitTestAdapter" className="MS.TF.WorkItemTracking.Server.L0.Tests.Common.CommonWITUtilsTests" name="TestAssertNullMessageFunc" />
    </UnitTest>
    <UnitTest name="TestAssertTraceEnabledConditionTrue" storage="d:\v2.0\a1\_work\dbded102\bin\release.anycpu\tfs.service\ms.tf.workitemtracking.server.l0.tests\ms.tf.workitemtracking.server.l0.tests.dll" id="e85b3c2d-8f11-b8f5-0d31-45c3653f5887">
      <Execution id="3000358b-d5fb-4042-a1c7-27faec124258" />
      <TestMethod codeBase="D:\v2.0\A1\_work\dbded102\bin\Release.AnyCPU\Tfs.Service\MS.TF.WorkItemTracking.Server.L0.Tests\MS.TF.WorkItemTracking.Server.L0.Tests.dll" adapterTypeName="Microsoft.VisualStudio.TestTools.TestTypes.Unit.UnitTestAdapter" className="MS.TF.WorkItemTracking.Server.L0.Tests.Common.CommonWITUtilsTests" name="TestAssertTraceEnabledConditionTrue" />
    </UnitTest>
    <UnitTest name="TestAssertTraceDisabledConditionTrue" storage="d:\v2.0\a1\_work\dbded102\bin\release.anycpu\tfs.service\ms.tf.workitemtracking.server.l0.tests\ms.tf.workitemtracking.server.l0.tests.dll" id="7cb605b8-eeda-d65c-d3b5-e14bf819ea1f">
      <Execution id="bd3fc5bf-c171-4877-a560-48ef3b8d23ca" />
      <TestMethod codeBase="D:\v2.0\A1\_work\dbded102\bin\Release.AnyCPU\Tfs.Service\MS.TF.WorkItemTracking.Server.L0.Tests\MS.TF.WorkItemTracking.Server.L0.Tests.dll" adapterTypeName="Microsoft.VisualStudio.TestTools.TestTypes.Unit.UnitTestAdapter" className="MS.TF.WorkItemTracking.Server.L0.Tests.Common.CommonWITUtilsTests" name="TestAssertTraceDisabledConditionTrue" />
    </UnitTest>
    <UnitTest name="FieldRecordTests" storage="d:\v2.0\a1\_work\dbded102\bin\release.anycpu\tfs.service\ms.tf.workitemtracking.server.l0.tests\ms.tf.workitemtracking.server.l0.tests.dll" id="dc82ca82-79c7-9543-5769-692f70ec856f">
      <Execution id="c3bddbb1-a79d-45c1-a265-6bb8b04bc06a" />
      <TestMethod codeBase="D:\v2.0\A1\_work\dbded102\bin\Release.AnyCPU\Tfs.Service\MS.TF.WorkItemTracking.Server.L0.Tests\MS.TF.WorkItemTracking.Server.L0.Tests.dll" adapterTypeName="Microsoft.VisualStudio.TestTools.TestTypes.Unit.UnitTestAdapter" className="MS.TF.WorkItemTracking.Server.L0.Tests.Common.FieldDictionaryTests" name="FieldRecordTests" />
    </UnitTest>
    <UnitTest name="GetFieldByRefName" storage="d:\v2.0\a1\_work\dbded102\bin\release.anycpu\tfs.service\ms.tf.workitemtracking.server.l0.tests\ms.tf.workitemtracking.server.l0.tests.dll" id="fb7415fb-34b0-271c-db93-64c84bb06fcd">
      <Execution id="2125ae19-11ff-4ea1-b3dd-283ba7f67765" />
      <TestMethod codeBase="D:\v2.0\A1\_work\dbded102\bin\Release.AnyCPU\Tfs.Service\MS.TF.WorkItemTracking.Server.L0.Tests\MS.TF.WorkItemTracking.Server.L0.Tests.dll" adapterTypeName="Microsoft.VisualStudio.TestTools.TestTypes.Unit.UnitTestAdapter" className="MS.TF.WorkItemTracking.Server.L0.Tests.Common.FieldDictionaryTests" name="GetFieldByRefName" />
    </UnitTest>
    <UnitTest name="GetFieldByName" storage="d:\v2.0\a1\_work\dbded102\bin\release.anycpu\tfs.service\ms.tf.workitemtracking.server.l0.tests\ms.tf.workitemtracking.server.l0.tests.dll" id="40ad8ac7-ac9a-a7de-4aa7-6821f7186b25">
      <Execution id="1031caf1-5acd-4ae0-a694-a5bd69eeb002" />
      <TestMethod codeBase="D:\v2.0\A1\_work\dbded102\bin\Release.AnyCPU\Tfs.Service\MS.TF.WorkItemTracking.Server.L0.Tests\MS.TF.WorkItemTracking.Server.L0.Tests.dll" adapterTypeName="Microsoft.VisualStudio.TestTools.TestTypes.Unit.UnitTestAdapter" className="MS.TF.WorkItemTracking.Server.L0.Tests.Common.FieldDictionaryTests" name="GetFieldByName" />
    </UnitTest>
    <UnitTest name="GetFieldById" storage="d:\v2.0\a1\_work\dbded102\bin\release.anycpu\tfs.service\ms.tf.workitemtracking.server.l0.tests\ms.tf.workitemtracking.server.l0.tests.dll" id="abbc1970-873e-89dc-f5d8-07f64f69cdac">
      <Execution id="d39714e7-765a-42d8-86dc-0fcc40bff741" />
      <TestMethod codeBase="D:\v2.0\A1\_work\dbded102\bin\Release.AnyCPU\Tfs.Service\MS.TF.WorkItemTracking.Server.L0.Tests\MS.TF.WorkItemTracking.Server.L0.Tests.dll" adapterTypeName="Microsoft.VisualStudio.TestTools.TestTypes.Unit.UnitTestAdapter" className="MS.TF.WorkItemTracking.Server.L0.Tests.Common.FieldDictionaryTests" name="GetFieldById" />
    </UnitTest>
    <UnitTest name="CacheMissNonExistentField" storage="d:\v2.0\a1\_work\dbded102\bin\release.anycpu\tfs.service\ms.tf.workitemtracking.server.l0.tests\ms.tf.workitemtracking.server.l0.tests.dll" id="16ed59ef-578e-c443-57d5-fe89d4befd9d">
      <Execution id="1ee274fc-d2b6-4138-8ba5-6eb72ca4c3e0" />
      <TestMethod codeBase="D:\v2.0\A1\_work\dbded102\bin\Release.AnyCPU\Tfs.Service\MS.TF.WorkItemTracking.Server.L0.Tests\MS.TF.WorkItemTracking.Server.L0.Tests.dll" adapterTypeName="Microsoft.VisualStudio.TestTools.TestTypes.Unit.UnitTestAdapter" className="MS.TF.WorkItemTracking.Server.L0.Tests.Common.FieldDictionaryTests" name="CacheMissNonExistentField" />
    </UnitTest>
    <UnitTest name="CacheMissExistentFieldWithoutStampChanges" storage="d:\v2.0\a1\_work\dbded102\bin\release.anycpu\tfs.service\ms.tf.workitemtracking.server.l0.tests\ms.tf.workitemtracking.server.l0.tests.dll" id="77e64193-ff6e-692f-6451-3ef84583eb54">
      <Execution id="8d8a2988-520f-4439-b63c-43c7854d3794" />
      <TestMethod codeBase="D:\v2.0\A1\_work\dbded102\bin\Release.AnyCPU\Tfs.Service\MS.TF.WorkItemTracking.Server.L0.Tests\MS.TF.WorkItemTracking.Server.L0.Tests.dll" adapterTypeName="Microsoft.VisualStudio.TestTools.TestTypes.Unit.UnitTestAdapter" className="MS.TF.WorkItemTracking.Server.L0.Tests.Common.FieldDictionaryTests" name="CacheMissExistentFieldWithoutStampChanges" />
    </UnitTest>
    <UnitTest name="CacheMissExistentFieldAndStampChanges" storage="d:\v2.0\a1\_work\dbded102\bin\release.anycpu\tfs.service\ms.tf.workitemtracking.server.l0.tests\ms.tf.workitemtracking.server.l0.tests.dll" id="2d172502-0881-8274-0e2d-a76348ae62df">
      <Execution id="2d6c042e-491b-42e9-9a70-1f4319bd5a8f" />
      <TestMethod codeBase="D:\v2.0\A1\_work\dbded102\bin\Release.AnyCPU\Tfs.Service\MS.TF.WorkItemTracking.Server.L0.Tests\MS.TF.WorkItemTracking.Server.L0.Tests.dll" adapterTypeName="Microsoft.VisualStudio.TestTools.TestTypes.Unit.UnitTestAdapter" className="MS.TF.WorkItemTracking.Server.L0.Tests.Common.FieldDictionaryTests" name="CacheMissExistentFieldAndStampChanges" />
    </UnitTest>
    <UnitTest name="FieldsSnapshotGetFieldByRefName" storage="d:\v2.0\a1\_work\dbded102\bin\release.anycpu\tfs.service\ms.tf.workitemtracking.server.l0.tests\ms.tf.workitemtracking.server.l0.tests.dll" id="2e560708-1d0e-0e53-784b-deab6ea23d28">
      <Execution id="d151c24b-150f-4a2d-9f97-067f2f5fcf7d" />
      <TestMethod codeBase="D:\v2.0\A1\_work\dbded102\bin\Release.AnyCPU\Tfs.Service\MS.TF.WorkItemTracking.Server.L0.Tests\MS.TF.WorkItemTracking.Server.L0.Tests.dll" adapterTypeName="Microsoft.VisualStudio.TestTools.TestTypes.Unit.UnitTestAdapter" className="MS.TF.WorkItemTracking.Server.L0.Tests.Common.FieldDictionaryTests" name="FieldsSnapshotGetFieldByRefName" />
    </UnitTest>
    <UnitTest name="FieldsSnapshotGetFieldByName" storage="d:\v2.0\a1\_work\dbded102\bin\release.anycpu\tfs.service\ms.tf.workitemtracking.server.l0.tests\ms.tf.workitemtracking.server.l0.tests.dll" id="bb2cdfad-0970-06a0-8253-726d839f5b2d">
      <Execution id="82dad157-718f-41c0-9b3d-b1e8287e4498" />
      <TestMethod codeBase="D:\v2.0\A1\_work\dbded102\bin\Release.AnyCPU\Tfs.Service\MS.TF.WorkItemTracking.Server.L0.Tests\MS.TF.WorkItemTracking.Server.L0.Tests.dll" adapterTypeName="Microsoft.VisualStudio.TestTools.TestTypes.Unit.UnitTestAdapter" className="MS.TF.WorkItemTracking.Server.L0.Tests.Common.FieldDictionaryTests" name="FieldsSnapshotGetFieldByName" />
    </UnitTest>
    <UnitTest name="FieldsSnapshotGetFieldById" storage="d:\v2.0\a1\_work\dbded102\bin\release.anycpu\tfs.service\ms.tf.workitemtracking.server.l0.tests\ms.tf.workitemtracking.server.l0.tests.dll" id="7b06a074-8006-7a7a-d6eb-77f2740f76ec">
      <Execution id="b66f8981-5e0b-4d29-954b-2f3422d6a827" />
      <TestMethod codeBase="D:\v2.0\A1\_work\dbded102\bin\Release.AnyCPU\Tfs.Service\MS.TF.WorkItemTracking.Server.L0.Tests\MS.TF.WorkItemTracking.Server.L0.Tests.dll" adapterTypeName="Microsoft.VisualStudio.TestTools.TestTypes.Unit.UnitTestAdapter" className="MS.TF.WorkItemTracking.Server.L0.Tests.Common.FieldDictionaryTests" name="FieldsSnapshotGetFieldById" />
    </UnitTest>
    <UnitTest name="SnapshotFieldChanges" storage="d:\v2.0\a1\_work\dbded102\bin\release.anycpu\tfs.service\ms.tf.workitemtracking.server.l0.tests\ms.tf.workitemtracking.server.l0.tests.dll" id="29f9cfd4-069a-0371-016a-9607d20376ca">
      <Execution id="61491e3d-2214-40be-b970-a72935e8472f" />
      <TestMethod codeBase="D:\v2.0\A1\_work\dbded102\bin\Release.AnyCPU\Tfs.Service\MS.TF.WorkItemTracking.Server.L0.Tests\MS.TF.WorkItemTracking.Server.L0.Tests.dll" adapterTypeName="Microsoft.VisualStudio.TestTools.TestTypes.Unit.UnitTestAdapter" className="MS.TF.WorkItemTracking.Server.L0.Tests.Common.FieldDictionaryTests" name="SnapshotFieldChanges" />
    </UnitTest>
    <UnitTest name="SnapshotFieldChangesForcibly" storage="d:\v2.0\a1\_work\dbded102\bin\release.anycpu\tfs.service\ms.tf.workitemtracking.server.l0.tests\ms.tf.workitemtracking.server.l0.tests.dll" id="2d1275f8-22a1-f43e-b981-1d6391a7d357">
      <Execution id="4fe04365-6f21-4e95-aadb-e831247da393" />
      <TestMethod codeBase="D:\v2.0\A1\_work\dbded102\bin\Release.AnyCPU\Tfs.Service\MS.TF.WorkItemTracking.Server.L0.Tests\MS.TF.WorkItemTracking.Server.L0.Tests.dll" adapterTypeName="Microsoft.VisualStudio.TestTools.TestTypes.Unit.UnitTestAdapter" className="MS.TF.WorkItemTracking.Server.L0.Tests.Common.FieldDictionaryTests" name="SnapshotFieldChangesForcibly" />
    </UnitTest>
    <UnitTest name="GetTreeNodeById" storage="d:\v2.0\a1\_work\dbded102\bin\release.anycpu\tfs.service\ms.tf.workitemtracking.server.l0.tests\ms.tf.workitemtracking.server.l0.tests.dll" id="4dfc9fd2-6a95-b81c-4e42-427d7ba6ffb1">
      <Execution id="8463bb5f-6e4b-44f4-91c0-e8f8fe3d4df1" />
      <TestMethod codeBase="D:\v2.0\A1\_work\dbded102\bin\Release.AnyCPU\Tfs.Service\MS.TF.WorkItemTracking.Server.L0.Tests\MS.TF.WorkItemTracking.Server.L0.Tests.dll" adapterTypeName="Microsoft.VisualStudio.TestTools.TestTypes.Unit.UnitTestAdapter" className="MS.TF.WorkItemTracking.Server.L0.Tests.Common.TreeDictionaryTests" name="GetTreeNodeById" />
    </UnitTest>
    <UnitTest name="GetTreeNodeByGuid" storage="d:\v2.0\a1\_work\dbded102\bin\release.anycpu\tfs.service\ms.tf.workitemtracking.server.l0.tests\ms.tf.workitemtracking.server.l0.tests.dll" id="08d1e1d3-9f72-6548-42fb-6e71e2ad552b">
      <Execution id="bb16d9ca-691e-44da-a4b6-cda1ca68d25e" />
      <TestMethod codeBase="D:\v2.0\A1\_work\dbded102\bin\Release.AnyCPU\Tfs.Service\MS.TF.WorkItemTracking.Server.L0.Tests\MS.TF.WorkItemTracking.Server.L0.Tests.dll" adapterTypeName="Microsoft.VisualStudio.TestTools.TestTypes.Unit.UnitTestAdapter" className="MS.TF.WorkItemTracking.Server.L0.Tests.Common.TreeDictionaryTests" name="GetTreeNodeByGuid" />
    </UnitTest>
    <UnitTest name="GetTreeNodeByPath" storage="d:\v2.0\a1\_work\dbded102\bin\release.anycpu\tfs.service\ms.tf.workitemtracking.server.l0.tests\ms.tf.workitemtracking.server.l0.tests.dll" id="6a6257f0-6ad7-69d8-fff1-8d38d77d7c52">
      <Execution id="fe5b22e9-990f-415d-9ff6-f6a2667dd095" />
      <TestMethod codeBase="D:\v2.0\A1\_work\dbded102\bin\Release.AnyCPU\Tfs.Service\MS.TF.WorkItemTracking.Server.L0.Tests\MS.TF.WorkItemTracking.Server.L0.Tests.dll" adapterTypeName="Microsoft.VisualStudio.TestTools.TestTypes.Unit.UnitTestAdapter" className="MS.TF.WorkItemTracking.Server.L0.Tests.Common.TreeDictionaryTests" name="GetTreeNodeByPath" />
    </UnitTest>
    <UnitTest name="GetTreeNodeIdByIncorrectPath" storage="d:\v2.0\a1\_work\dbded102\bin\release.anycpu\tfs.service\ms.tf.workitemtracking.server.l0.tests\ms.tf.workitemtracking.server.l0.tests.dll" id="4c781df9-76df-c802-bbae-755a73aad37a">
      <Execution id="46dfa18c-1877-47e9-b497-50b36dff344f" />
      <TestMethod codeBase="D:\v2.0\A1\_work\dbded102\bin\Release.AnyCPU\Tfs.Service\MS.TF.WorkItemTracking.Server.L0.Tests\MS.TF.WorkItemTracking.Server.L0.Tests.dll" adapterTypeName="Microsoft.VisualStudio.TestTools.TestTypes.Unit.UnitTestAdapter" className="MS.TF.WorkItemTracking.Server.L0.Tests.Common.TreeDictionaryTests" name="GetTreeNodeIdByIncorrectPath" />
    </UnitTest>
    <UnitTest name="GetTreeNodeIdByCorrectPathIncorrectTreeType" storage="d:\v2.0\a1\_work\dbded102\bin\release.anycpu\tfs.service\ms.tf.workitemtracking.server.l0.tests\ms.tf.workitemtracking.server.l0.tests.dll" id="7aae49cf-fd34-62ef-3f6e-52faab85b621">
      <Execution id="d484d41c-18b9-407d-ae39-51e6d93b4c8f" />
      <TestMethod codeBase="D:\v2.0\A1\_work\dbded102\bin\Release.AnyCPU\Tfs.Service\MS.TF.WorkItemTracking.Server.L0.Tests\MS.TF.WorkItemTracking.Server.L0.Tests.dll" adapterTypeName="Microsoft.VisualStudio.TestTools.TestTypes.Unit.UnitTestAdapter" className="MS.TF.WorkItemTracking.Server.L0.Tests.Common.TreeDictionaryTests" name="GetTreeNodeIdByCorrectPathIncorrectTreeType" />
    </UnitTest>
    <UnitTest name="GetProjectNodeAsArea" storage="d:\v2.0\a1\_work\dbded102\bin\release.anycpu\tfs.service\ms.tf.workitemtracking.server.l0.tests\ms.tf.workitemtracking.server.l0.tests.dll" id="ac4dde57-222e-52c0-cf09-57fefc0fed21">
      <Execution id="f34be0ae-cb65-4754-87d6-52395c719c44" />
      <TestMethod codeBase="D:\v2.0\A1\_work\dbded102\bin\Release.AnyCPU\Tfs.Service\MS.TF.WorkItemTracking.Server.L0.Tests\MS.TF.WorkItemTracking.Server.L0.Tests.dll" adapterTypeName="Microsoft.VisualStudio.TestTools.TestTypes.Unit.UnitTestAdapter" className="MS.TF.WorkItemTracking.Server.L0.Tests.Common.TreeDictionaryTests" name="GetProjectNodeAsArea" />
    </UnitTest>
    <UnitTest name="GetProjectNodeAsIteration" storage="d:\v2.0\a1\_work\dbded102\bin\release.anycpu\tfs.service\ms.tf.workitemtracking.server.l0.tests\ms.tf.workitemtracking.server.l0.tests.dll" id="0123a3a8-4c40-6515-ab93-38882077fe82">
      <Execution id="dbf06cc8-9d79-4fba-a305-7c7896fcde95" />
      <TestMethod codeBase="D:\v2.0\A1\_work\dbded102\bin\Release.AnyCPU\Tfs.Service\MS.TF.WorkItemTracking.Server.L0.Tests\MS.TF.WorkItemTracking.Server.L0.Tests.dll" adapterTypeName="Microsoft.VisualStudio.TestTools.TestTypes.Unit.UnitTestAdapter" className="MS.TF.WorkItemTracking.Server.L0.Tests.Common.TreeDictionaryTests" name="GetProjectNodeAsIteration" />
    </UnitTest>
    <UnitTest name="GetProjectNodeAsNone" storage="d:\v2.0\a1\_work\dbded102\bin\release.anycpu\tfs.service\ms.tf.workitemtracking.server.l0.tests\ms.tf.workitemtracking.server.l0.tests.dll" id="f6c40d58-9ca9-b441-af24-a7632a568e62">
      <Execution id="9419777f-7e57-4742-bd30-95962983e8dd" />
      <TestMethod codeBase="D:\v2.0\A1\_work\dbded102\bin\Release.AnyCPU\Tfs.Service\MS.TF.WorkItemTracking.Server.L0.Tests\MS.TF.WorkItemTracking.Server.L0.Tests.dll" adapterTypeName="Microsoft.VisualStudio.TestTools.TestTypes.Unit.UnitTestAdapter" className="MS.TF.WorkItemTracking.Server.L0.Tests.Common.TreeDictionaryTests" name="GetProjectNodeAsNone" />
    </UnitTest>
    <UnitTest name="GetOrphanTreeNodeById" storage="d:\v2.0\a1\_work\dbded102\bin\release.anycpu\tfs.service\ms.tf.workitemtracking.server.l0.tests\ms.tf.workitemtracking.server.l0.tests.dll" id="4f3ba38d-146b-ae97-f2e8-546c275d38e8">
      <Execution id="b3bfdeb1-8f08-4785-8e36-e15d0890e0cf" />
      <TestMethod codeBase="D:\v2.0\A1\_work\dbded102\bin\Release.AnyCPU\Tfs.Service\MS.TF.WorkItemTracking.Server.L0.Tests\MS.TF.WorkItemTracking.Server.L0.Tests.dll" adapterTypeName="Microsoft.VisualStudio.TestTools.TestTypes.Unit.UnitTestAdapter" className="MS.TF.WorkItemTracking.Server.L0.Tests.Common.TreeDictionaryTests" name="GetOrphanTreeNodeById" />
    </UnitTest>
    <UnitTest name="TreeNodePathTests" storage="d:\v2.0\a1\_work\dbded102\bin\release.anycpu\tfs.service\ms.tf.workitemtracking.server.l0.tests\ms.tf.workitemtracking.server.l0.tests.dll" id="74c26f8b-2e79-48e6-47a6-0be3b301ac62">
      <Execution id="922cd5e4-da79-40df-ac09-7c8aa17ea878" />
      <TestMethod codeBase="D:\v2.0\A1\_work\dbded102\bin\Release.AnyCPU\Tfs.Service\MS.TF.WorkItemTracking.Server.L0.Tests\MS.TF.WorkItemTracking.Server.L0.Tests.dll" adapterTypeName="Microsoft.VisualStudio.TestTools.TestTypes.Unit.UnitTestAdapter" className="MS.TF.WorkItemTracking.Server.L0.Tests.Common.TreeDictionaryTests" name="TreeNodePathTests" />
    </UnitTest>
    <UnitTest name="GetRootTreeNodes" storage="d:\v2.0\a1\_work\dbded102\bin\release.anycpu\tfs.service\ms.tf.workitemtracking.server.l0.tests\ms.tf.workitemtracking.server.l0.tests.dll" id="27416d28-716f-a57a-e035-d33276432c5b">
      <Execution id="15d4b983-ddfc-4b92-a3d4-e043383f2cd9" />
      <TestMethod codeBase="D:\v2.0\A1\_work\dbded102\bin\Release.AnyCPU\Tfs.Service\MS.TF.WorkItemTracking.Server.L0.Tests\MS.TF.WorkItemTracking.Server.L0.Tests.dll" adapterTypeName="Microsoft.VisualStudio.TestTools.TestTypes.Unit.UnitTestAdapter" className="MS.TF.WorkItemTracking.Server.L0.Tests.Common.TreeDictionaryTests" name="GetRootTreeNodes" />
    </UnitTest>
    <UnitTest name="GetIterationDates" storage="d:\v2.0\a1\_work\dbded102\bin\release.anycpu\tfs.service\ms.tf.workitemtracking.server.l0.tests\ms.tf.workitemtracking.server.l0.tests.dll" id="fd972334-7895-4918-8ecb-7d87fd91ca0c">
      <Execution id="f750a3d3-f63c-42ec-b259-081acb0bac33" />
      <TestMethod codeBase="D:\v2.0\A1\_work\dbded102\bin\Release.AnyCPU\Tfs.Service\MS.TF.WorkItemTracking.Server.L0.Tests\MS.TF.WorkItemTracking.Server.L0.Tests.dll" adapterTypeName="Microsoft.VisualStudio.TestTools.TestTypes.Unit.UnitTestAdapter" className="MS.TF.WorkItemTracking.Server.L0.Tests.Common.TreeDictionaryTests" name="GetIterationDates" />
    </UnitTest>
    <UnitTest name="SnapshotNodeChanges" storage="d:\v2.0\a1\_work\dbded102\bin\release.anycpu\tfs.service\ms.tf.workitemtracking.server.l0.tests\ms.tf.workitemtracking.server.l0.tests.dll" id="0684bbb7-ad3e-e603-5fd5-af10f1062743">
      <Execution id="85e12255-658d-4d0b-85a7-d8f7027ba5f4" />
      <TestMethod codeBase="D:\v2.0\A1\_work\dbded102\bin\Release.AnyCPU\Tfs.Service\MS.TF.WorkItemTracking.Server.L0.Tests\MS.TF.WorkItemTracking.Server.L0.Tests.dll" adapterTypeName="Microsoft.VisualStudio.TestTools.TestTypes.Unit.UnitTestAdapter" className="MS.TF.WorkItemTracking.Server.L0.Tests.Common.TreeDictionaryTests" name="SnapshotNodeChanges" />
    </UnitTest>
    <UnitTest name="SnapshotNodeChangesForcibly" storage="d:\v2.0\a1\_work\dbded102\bin\release.anycpu\tfs.service\ms.tf.workitemtracking.server.l0.tests\ms.tf.workitemtracking.server.l0.tests.dll" id="8dac384c-7318-ed3b-0e54-8d1be88633b8">
      <Execution id="8cf04405-761f-4712-a189-a280f8f96488" />
      <TestMethod codeBase="D:\v2.0\A1\_work\dbded102\bin\Release.AnyCPU\Tfs.Service\MS.TF.WorkItemTracking.Server.L0.Tests\MS.TF.WorkItemTracking.Server.L0.Tests.dll" adapterTypeName="Microsoft.VisualStudio.TestTools.TestTypes.Unit.UnitTestAdapter" className="MS.TF.WorkItemTracking.Server.L0.Tests.Common.TreeDictionaryTests" name="SnapshotNodeChangesForcibly" />
    </UnitTest>
    <UnitTest name="GetSnapshot_InitializesSnapshot" storage="d:\v2.0\a1\_work\dbded102\bin\release.anycpu\tfs.service\ms.tf.workitemtracking.server.l0.tests\ms.tf.workitemtracking.server.l0.tests.dll" id="82b4efbc-3958-1063-71d1-0800a43b3e7b">
      <Execution id="2f204b7a-3627-4019-843f-ed9ab30dbb1a" />
      <TestMethod codeBase="D:\v2.0\A1\_work\dbded102\bin\Release.AnyCPU\Tfs.Service\MS.TF.WorkItemTracking.Server.L0.Tests\MS.TF.WorkItemTracking.Server.L0.Tests.dll" adapterTypeName="Microsoft.VisualStudio.TestTools.TestTypes.Unit.UnitTestAdapter" className="MS.TF.WorkItemTracking.Server.L0.Tests.Cache.CacheServiceBaseTests" name="GetSnapshot_InitializesSnapshot" />
    </UnitTest>
    <UnitTest name="GetSnapshot_RefreshesSnapshotOnInvalidatedCache" storage="d:\v2.0\a1\_work\dbded102\bin\release.anycpu\tfs.service\ms.tf.workitemtracking.server.l0.tests\ms.tf.workitemtracking.server.l0.tests.dll" id="d81aca56-c390-66f0-3c7a-131d3151df4c">
      <Execution id="8501c945-e1d4-4e5b-ac2d-19dc0f204779" />
      <TestMethod codeBase="D:\v2.0\A1\_work\dbded102\bin\Release.AnyCPU\Tfs.Service\MS.TF.WorkItemTracking.Server.L0.Tests\MS.TF.WorkItemTracking.Server.L0.Tests.dll" adapterTypeName="Microsoft.VisualStudio.TestTools.TestTypes.Unit.UnitTestAdapter" className="MS.TF.WorkItemTracking.Server.L0.Tests.Cache.CacheServiceBaseTests" name="GetSnapshot_RefreshesSnapshotOnInvalidatedCache" />
    </UnitTest>
    <UnitTest name="GetSnapshot_WillNotRefreshOnOutOfDateCacheWithoutCheckFreshness" storage="d:\v2.0\a1\_work\dbded102\bin\release.anycpu\tfs.service\ms.tf.workitemtracking.server.l0.tests\ms.tf.workitemtracking.server.l0.tests.dll" id="1a89ff17-06a9-2e92-c50c-ed56313c3e82">
      <Execution id="0a66e87a-f656-4c2e-a533-aa8edd43a243" />
      <TestMethod codeBase="D:\v2.0\A1\_work\dbded102\bin\Release.AnyCPU\Tfs.Service\MS.TF.WorkItemTracking.Server.L0.Tests\MS.TF.WorkItemTracking.Server.L0.Tests.dll" adapterTypeName="Microsoft.VisualStudio.TestTools.TestTypes.Unit.UnitTestAdapter" className="MS.TF.WorkItemTracking.Server.L0.Tests.Cache.CacheServiceBaseTests" name="GetSnapshot_WillNotRefreshOnOutOfDateCacheWithoutCheckFreshness" />
    </UnitTest>
    <UnitTest name="GetSnapshot_WillRefreshOnOutOfDateCacheWithCheckFreshness" storage="d:\v2.0\a1\_work\dbded102\bin\release.anycpu\tfs.service\ms.tf.workitemtracking.server.l0.tests\ms.tf.workitemtracking.server.l0.tests.dll" id="916b3b47-3736-67bb-7589-33b5cecee9fa">
      <Execution id="61f963d2-0a32-4e4c-8a6b-c2166e15808a" />
      <TestMethod codeBase="D:\v2.0\A1\_work\dbded102\bin\Release.AnyCPU\Tfs.Service\MS.TF.WorkItemTracking.Server.L0.Tests\MS.TF.WorkItemTracking.Server.L0.Tests.dll" adapterTypeName="Microsoft.VisualStudio.TestTools.TestTypes.Unit.UnitTestAdapter" className="MS.TF.WorkItemTracking.Server.L0.Tests.Cache.CacheServiceBaseTests" name="GetSnapshot_WillRefreshOnOutOfDateCacheWithCheckFreshness" />
    </UnitTest>
    <UnitTest name="CacheSnapshotBase_IsFresh_ActiveTables" storage="d:\v2.0\a1\_work\dbded102\bin\release.anycpu\tfs.service\ms.tf.workitemtracking.server.l0.tests\ms.tf.workitemtracking.server.l0.tests.dll" id="f683ca90-f2c5-3f8c-ce2f-afb5f63ae957">
      <Execution id="615097db-b199-46e3-b576-b3f07f066ed7" />
      <TestMethod codeBase="D:\v2.0\A1\_work\dbded102\bin\Release.AnyCPU\Tfs.Service\MS.TF.WorkItemTracking.Server.L0.Tests\MS.TF.WorkItemTracking.Server.L0.Tests.dll" adapterTypeName="Microsoft.VisualStudio.TestTools.TestTypes.Unit.UnitTestAdapter" className="MS.TF.WorkItemTracking.Server.L0.Tests.Cache.CacheSnapshotBaseTests" name="CacheSnapshotBase_IsFresh_ActiveTables" />
    </UnitTest>
    <UnitTest name="CacheSnapshotBase_IsFresh_OldTables" storage="d:\v2.0\a1\_work\dbded102\bin\release.anycpu\tfs.service\ms.tf.workitemtracking.server.l0.tests\ms.tf.workitemtracking.server.l0.tests.dll" id="64032448-ba04-140d-b0b1-9529907385a1">
      <Execution id="3801e851-1282-453e-add2-163d01af0e83" />
      <TestMethod codeBase="D:\v2.0\A1\_work\dbded102\bin\Release.AnyCPU\Tfs.Service\MS.TF.WorkItemTracking.Server.L0.Tests\MS.TF.WorkItemTracking.Server.L0.Tests.dll" adapterTypeName="Microsoft.VisualStudio.TestTools.TestTypes.Unit.UnitTestAdapter" className="MS.TF.WorkItemTracking.Server.L0.Tests.Cache.CacheSnapshotBaseTests" name="CacheSnapshotBase_IsFresh_OldTables" />
    </UnitTest>
    <UnitTest name="TestCanAccessAttachmentIfHasPermission" storage="d:\v2.0\a1\_work\dbded102\bin\release.anycpu\tfs.service\ms.tf.workitemtracking.server.l0.tests\ms.tf.workitemtracking.server.l0.tests.dll" id="38fb199e-a1f9-a67e-a7f1-8a8c45438c2f">
      <Execution id="aa025f70-a83b-4a6e-9426-ba117265ee44" />
      <TestMethod codeBase="D:\v2.0\A1\_work\dbded102\bin\Release.AnyCPU\Tfs.Service\MS.TF.WorkItemTracking.Server.L0.Tests\MS.TF.WorkItemTracking.Server.L0.Tests.dll" adapterTypeName="Microsoft.VisualStudio.TestTools.TestTypes.Unit.UnitTestAdapter" className="MS.TF.WorkItemTracking.Server.L0.Tests.Attachments.AttachmentServiceTests" name="TestCanAccessAttachmentIfHasPermission" />
    </UnitTest>
    <UnitTest name="TestUploaderCanAccessAttachmentWithoutAttachingItToWorkItem" storage="d:\v2.0\a1\_work\dbded102\bin\release.anycpu\tfs.service\ms.tf.workitemtracking.server.l0.tests\ms.tf.workitemtracking.server.l0.tests.dll" id="7785d2e6-9e5e-7e1a-527e-cddc8fb2bcba">
      <Execution id="ebeee170-8e3f-4717-9ab3-2cf49f89c70a" />
      <TestMethod codeBase="D:\v2.0\A1\_work\dbded102\bin\Release.AnyCPU\Tfs.Service\MS.TF.WorkItemTracking.Server.L0.Tests\MS.TF.WorkItemTracking.Server.L0.Tests.dll" adapterTypeName="Microsoft.VisualStudio.TestTools.TestTypes.Unit.UnitTestAdapter" className="MS.TF.WorkItemTracking.Server.L0.Tests.Attachments.AttachmentServiceTests" name="TestUploaderCanAccessAttachmentWithoutAttachingItToWorkItem" />
    </UnitTest>
    <UnitTest name="TestOnlyUploaderCanAccessAttachmentWithoutAttachingItToWorkItem" storage="d:\v2.0\a1\_work\dbded102\bin\release.anycpu\tfs.service\ms.tf.workitemtracking.server.l0.tests\ms.tf.workitemtracking.server.l0.tests.dll" id="0b2e3c9b-84ed-0eab-36be-9fad5e060b6b">
      <Execution id="c0b3661e-576b-4892-933e-bfb23907cf0a" />
      <TestMethod codeBase="D:\v2.0\A1\_work\dbded102\bin\Release.AnyCPU\Tfs.Service\MS.TF.WorkItemTracking.Server.L0.Tests\MS.TF.WorkItemTracking.Server.L0.Tests.dll" adapterTypeName="Microsoft.VisualStudio.TestTools.TestTypes.Unit.UnitTestAdapter" className="MS.TF.WorkItemTracking.Server.L0.Tests.Attachments.AttachmentServiceTests" name="TestOnlyUploaderCanAccessAttachmentWithoutAttachingItToWorkItem" />
    </UnitTest>
    <UnitTest name="TestThrowsExceptionWhenAttachmentNotFound" storage="d:\v2.0\a1\_work\dbded102\bin\release.anycpu\tfs.service\ms.tf.workitemtracking.server.l0.tests\ms.tf.workitemtracking.server.l0.tests.dll" id="32b18670-e5c3-d7f9-9b7b-d5779e319d8d">
      <Execution id="3acef38d-7d99-4b68-9b31-0577987129e3" />
      <TestMethod codeBase="D:\v2.0\A1\_work\dbded102\bin\Release.AnyCPU\Tfs.Service\MS.TF.WorkItemTracking.Server.L0.Tests\MS.TF.WorkItemTracking.Server.L0.Tests.dll" adapterTypeName="Microsoft.VisualStudio.TestTools.TestTypes.Unit.UnitTestAdapter" className="MS.TF.WorkItemTracking.Server.L0.Tests.Attachments.AttachmentServiceTests" name="TestThrowsExceptionWhenAttachmentNotFound" />
    </UnitTest>
    <UnitTest name="TestThrowsExceptionWhenHasNoPermission" storage="d:\v2.0\a1\_work\dbded102\bin\release.anycpu\tfs.service\ms.tf.workitemtracking.server.l0.tests\ms.tf.workitemtracking.server.l0.tests.dll" id="c0863074-eae8-31ea-3bea-766ebcd87d7a">
      <Execution id="d1eb3f48-8127-43fd-bcd7-955cd7cb9921" />
      <TestMethod codeBase="D:\v2.0\A1\_work\dbded102\bin\Release.AnyCPU\Tfs.Service\MS.TF.WorkItemTracking.Server.L0.Tests\MS.TF.WorkItemTracking.Server.L0.Tests.dll" adapterTypeName="Microsoft.VisualStudio.TestTools.TestTypes.Unit.UnitTestAdapter" className="MS.TF.WorkItemTracking.Server.L0.Tests.Attachments.AttachmentServiceTests" name="TestThrowsExceptionWhenHasNoPermission" />
    </UnitTest>
    <UnitTest name="TestUploadAttachmentValidAreaNodeUri" storage="d:\v2.0\a1\_work\dbded102\bin\release.anycpu\tfs.service\ms.tf.workitemtracking.server.l0.tests\ms.tf.workitemtracking.server.l0.tests.dll" id="c4a04a35-73ce-2411-88a5-e30dc2ee5cbb">
      <Execution id="75c34200-5115-4405-896d-3781cb51a2da" />
      <TestMethod codeBase="D:\v2.0\A1\_work\dbded102\bin\Release.AnyCPU\Tfs.Service\MS.TF.WorkItemTracking.Server.L0.Tests\MS.TF.WorkItemTracking.Server.L0.Tests.dll" adapterTypeName="Microsoft.VisualStudio.TestTools.TestTypes.Unit.UnitTestAdapter" className="MS.TF.WorkItemTracking.Server.L0.Tests.Attachments.AttachmentServiceTests" name="TestUploadAttachmentValidAreaNodeUri" />
    </UnitTest>
    <UnitTest name="TestUploadAttachmentInvalidAreaNodeUri" storage="d:\v2.0\a1\_work\dbded102\bin\release.anycpu\tfs.service\ms.tf.workitemtracking.server.l0.tests\ms.tf.workitemtracking.server.l0.tests.dll" id="76564703-62c1-86e8-3016-d6cd34458878">
      <Execution id="f517732f-9e84-4bbb-8446-049f40dbf569" />
      <TestMethod codeBase="D:\v2.0\A1\_work\dbded102\bin\Release.AnyCPU\Tfs.Service\MS.TF.WorkItemTracking.Server.L0.Tests\MS.TF.WorkItemTracking.Server.L0.Tests.dll" adapterTypeName="Microsoft.VisualStudio.TestTools.TestTypes.Unit.UnitTestAdapter" className="MS.TF.WorkItemTracking.Server.L0.Tests.Attachments.AttachmentServiceTests" name="TestUploadAttachmentInvalidAreaNodeUri" />
    </UnitTest>
    <UnitTest name="TestUploadAttachmentNullAreaNodeUriHasPermission" storage="d:\v2.0\a1\_work\dbded102\bin\release.anycpu\tfs.service\ms.tf.workitemtracking.server.l0.tests\ms.tf.workitemtracking.server.l0.tests.dll" id="e1f3707e-a92a-ebad-baa1-6c1068cdb577">
      <Execution id="d40a58cc-87c2-4d90-9666-7991226fa5b4" />
      <TestMethod codeBase="D:\v2.0\A1\_work\dbded102\bin\Release.AnyCPU\Tfs.Service\MS.TF.WorkItemTracking.Server.L0.Tests\MS.TF.WorkItemTracking.Server.L0.Tests.dll" adapterTypeName="Microsoft.VisualStudio.TestTools.TestTypes.Unit.UnitTestAdapter" className="MS.TF.WorkItemTracking.Server.L0.Tests.Attachments.AttachmentServiceTests" name="TestUploadAttachmentNullAreaNodeUriHasPermission" />
    </UnitTest>
    <UnitTest name="TestUploadAttachmentNullAreaNodeUriNoPermission" storage="d:\v2.0\a1\_work\dbded102\bin\release.anycpu\tfs.service\ms.tf.workitemtracking.server.l0.tests\ms.tf.workitemtracking.server.l0.tests.dll" id="78ad2ecd-e51b-e4bd-a6a3-bffd9b6ceda5">
      <Execution id="f3347e5a-cb62-4320-8416-df2c14c862f7" />
      <TestMethod codeBase="D:\v2.0\A1\_work\dbded102\bin\Release.AnyCPU\Tfs.Service\MS.TF.WorkItemTracking.Server.L0.Tests\MS.TF.WorkItemTracking.Server.L0.Tests.dll" adapterTypeName="Microsoft.VisualStudio.TestTools.TestTypes.Unit.UnitTestAdapter" className="MS.TF.WorkItemTracking.Server.L0.Tests.Attachments.AttachmentServiceTests" name="TestUploadAttachmentNullAreaNodeUriNoPermission" />
    </UnitTest>
    <UnitTest name="WillThrowWorkItemAttachmentExceedsMaxSizeException" storage="d:\v2.0\a1\_work\dbded102\bin\release.anycpu\tfs.service\ms.tf.workitemtracking.server.l0.tests\ms.tf.workitemtracking.server.l0.tests.dll" id="62b35b79-f7fa-fbf4-b664-bbd9d6ddb174">
      <Execution id="1fb69dc0-f339-4e76-8c57-ae639f920e94" />
      <TestMethod codeBase="D:\v2.0\A1\_work\dbded102\bin\Release.AnyCPU\Tfs.Service\MS.TF.WorkItemTracking.Server.L0.Tests\MS.TF.WorkItemTracking.Server.L0.Tests.dll" adapterTypeName="Microsoft.VisualStudio.TestTools.TestTypes.Unit.UnitTestAdapter" className="MS.TF.WorkItemTracking.Server.L0.Tests.Attachments.AttachmentServiceTests" name="WillThrowWorkItemAttachmentExceedsMaxSizeException" />
    </UnitTest>
    <UnitTest name="WillNotThrowWorkItemAttachmentExceedsMaxSizeException" storage="d:\v2.0\a1\_work\dbded102\bin\release.anycpu\tfs.service\ms.tf.workitemtracking.server.l0.tests\ms.tf.workitemtracking.server.l0.tests.dll" id="dfe0216d-50e2-b53d-00c5-27a62b4749e0">
      <Execution id="2dd33d65-5abf-4d2b-bcbb-6836568c9c10" />
      <TestMethod codeBase="D:\v2.0\A1\_work\dbded102\bin\Release.AnyCPU\Tfs.Service\MS.TF.WorkItemTracking.Server.L0.Tests\MS.TF.WorkItemTracking.Server.L0.Tests.dll" adapterTypeName="Microsoft.VisualStudio.TestTools.TestTypes.Unit.UnitTestAdapter" className="MS.TF.WorkItemTracking.Server.L0.Tests.Attachments.AttachmentServiceTests" name="WillNotThrowWorkItemAttachmentExceedsMaxSizeException" />
    </UnitTest>
    <UnitTest name="TestUpdateExtension" storage="d:\v2.0\a1\_work\dbded102\bin\release.anycpu\tfs.service\ms.tf.workitemtracking.server.l0.tests\ms.tf.workitemtracking.server.l0.tests.dll" id="a9e5896a-8796-392a-7baa-f4aa578a006b">
      <Execution id="88f8825d-aaa9-46d7-8571-92735713e1ee" />
      <TestMethod codeBase="D:\v2.0\A1\_work\dbded102\bin\Release.AnyCPU\Tfs.Service\MS.TF.WorkItemTracking.Server.L0.Tests\MS.TF.WorkItemTracking.Server.L0.Tests.dll" adapterTypeName="Microsoft.VisualStudio.TestTools.TestTypes.Unit.UnitTestAdapter" className="MS.TF.WorkItemTracking.Server.L0.Tests.WorkItemTypeExtensions.WorkItemTypeExtensionComponentTests+UpdateExtensionTests" name="TestUpdateExtension" />
    </UnitTest>
    <UnitTest name="WorkItemTypeExtensionComponent5_TestUpdateExtension" storage="d:\v2.0\a1\_work\dbded102\bin\release.anycpu\tfs.service\ms.tf.workitemtracking.server.l0.tests\ms.tf.workitemtracking.server.l0.tests.dll" id="c2cdf911-c8f7-7c4b-bab4-e1341535b088">
      <Execution id="19445bb0-3d7e-4c79-9f1c-65b0410d6cb8" />
      <TestMethod codeBase="D:\v2.0\A1\_work\dbded102\bin\Release.AnyCPU\Tfs.Service\MS.TF.WorkItemTracking.Server.L0.Tests\MS.TF.WorkItemTracking.Server.L0.Tests.dll" adapterTypeName="Microsoft.VisualStudio.TestTools.TestTypes.Unit.UnitTestAdapter" className="MS.TF.WorkItemTracking.Server.L0.Tests.WorkItemTypeExtensions.WorkItemTypeExtensionComponentTests+UpdateExtensionTests" name="WorkItemTypeExtensionComponent5_TestUpdateExtension" />
    </UnitTest>
    <UnitTest name="TestCreateExtension" storage="d:\v2.0\a1\_work\dbded102\bin\release.anycpu\tfs.service\ms.tf.workitemtracking.server.l0.tests\ms.tf.workitemtracking.server.l0.tests.dll" id="11fc2fee-f3b8-a0b8-411d-251b81c5dd87">
      <Execution id="764732df-866f-49f2-b493-df36e0ccb390" />
      <TestMethod codeBase="D:\v2.0\A1\_work\dbded102\bin\Release.AnyCPU\Tfs.Service\MS.TF.WorkItemTracking.Server.L0.Tests\MS.TF.WorkItemTracking.Server.L0.Tests.dll" adapterTypeName="Microsoft.VisualStudio.TestTools.TestTypes.Unit.UnitTestAdapter" className="MS.TF.WorkItemTracking.Server.L0.Tests.WorkItemTypeExtensions.WorkItemTypeExtensionComponentTests+CreateExtensionTests" name="TestCreateExtension" />
    </UnitTest>
    <UnitTest name="WorkItemTypeExtensionComponent5_TestCreateExtension" storage="d:\v2.0\a1\_work\dbded102\bin\release.anycpu\tfs.service\ms.tf.workitemtracking.server.l0.tests\ms.tf.workitemtracking.server.l0.tests.dll" id="3fecf603-aa09-b5fb-1289-0c7acd275831">
      <Execution id="4244fd3b-e952-48a5-aa3c-aa35286c9941" />
      <TestMethod codeBase="D:\v2.0\A1\_work\dbded102\bin\Release.AnyCPU\Tfs.Service\MS.TF.WorkItemTracking.Server.L0.Tests\MS.TF.WorkItemTracking.Server.L0.Tests.dll" adapterTypeName="Microsoft.VisualStudio.TestTools.TestTypes.Unit.UnitTestAdapter" className="MS.TF.WorkItemTracking.Server.L0.Tests.WorkItemTypeExtensions.WorkItemTypeExtensionComponentTests+CreateExtensionTests" name="WorkItemTypeExtensionComponent5_TestCreateExtension" />
    </UnitTest>
    <UnitTest name="TestUpdateExtensionReconciliationStatus" storage="d:\v2.0\a1\_work\dbded102\bin\release.anycpu\tfs.service\ms.tf.workitemtracking.server.l0.tests\ms.tf.workitemtracking.server.l0.tests.dll" id="3d4be2fd-3863-2ad4-a1f2-7e8be1a9622b">
      <Execution id="8d55c9d8-475d-4033-8d36-8388b50ba592" />
      <TestMethod codeBase="D:\v2.0\A1\_work\dbded102\bin\Release.AnyCPU\Tfs.Service\MS.TF.WorkItemTracking.Server.L0.Tests\MS.TF.WorkItemTracking.Server.L0.Tests.dll" adapterTypeName="Microsoft.VisualStudio.TestTools.TestTypes.Unit.UnitTestAdapter" className="MS.TF.WorkItemTracking.Server.L0.Tests.WorkItemTypeExtensions.WorkItemTypeExtensionComponentTests+UpdateExtensionReconciliationStatusTests" name="TestUpdateExtensionReconciliationStatus" />
    </UnitTest>
    <UnitTest name="TestGetReconciliationStatus" storage="d:\v2.0\a1\_work\dbded102\bin\release.anycpu\tfs.service\ms.tf.workitemtracking.server.l0.tests\ms.tf.workitemtracking.server.l0.tests.dll" id="91d0007f-86f0-cf2c-eaf5-bcf7fb87812a">
      <Execution id="91af65d1-466d-4351-a45f-31a07225dcd8" />
      <TestMethod codeBase="D:\v2.0\A1\_work\dbded102\bin\Release.AnyCPU\Tfs.Service\MS.TF.WorkItemTracking.Server.L0.Tests\MS.TF.WorkItemTracking.Server.L0.Tests.dll" adapterTypeName="Microsoft.VisualStudio.TestTools.TestTypes.Unit.UnitTestAdapter" className="MS.TF.WorkItemTracking.Server.L0.Tests.WorkItemTypeExtensions.WorkItemTypeExtensionComponentTests+GetReconciliationStatusTests" name="TestGetReconciliationStatus" />
    </UnitTest>
    <UnitTest name="TestSetReconciliationWatermark" storage="d:\v2.0\a1\_work\dbded102\bin\release.anycpu\tfs.service\ms.tf.workitemtracking.server.l0.tests\ms.tf.workitemtracking.server.l0.tests.dll" id="a812a51f-f459-b348-6495-9bd32b7488ac">
      <Execution id="9706fea2-20c2-4d6b-8c2e-43a2a43edfd4" />
      <TestMethod codeBase="D:\v2.0\A1\_work\dbded102\bin\Release.AnyCPU\Tfs.Service\MS.TF.WorkItemTracking.Server.L0.Tests\MS.TF.WorkItemTracking.Server.L0.Tests.dll" adapterTypeName="Microsoft.VisualStudio.TestTools.TestTypes.Unit.UnitTestAdapter" className="MS.TF.WorkItemTracking.Server.L0.Tests.WorkItemTypeExtensions.WorkItemTypeExtensionComponentTests+WatemarkTests" name="TestSetReconciliationWatermark" />
    </UnitTest>
    <UnitTest name="TestGetReconciliationWatermark" storage="d:\v2.0\a1\_work\dbded102\bin\release.anycpu\tfs.service\ms.tf.workitemtracking.server.l0.tests\ms.tf.workitemtracking.server.l0.tests.dll" id="2c0ea53d-7644-76da-1007-4ea6dbd339f6">
      <Execution id="133a6c45-2a2f-4924-b1d1-59625564378c" />
      <TestMethod codeBase="D:\v2.0\A1\_work\dbded102\bin\Release.AnyCPU\Tfs.Service\MS.TF.WorkItemTracking.Server.L0.Tests\MS.TF.WorkItemTracking.Server.L0.Tests.dll" adapterTypeName="Microsoft.VisualStudio.TestTools.TestTypes.Unit.UnitTestAdapter" className="MS.TF.WorkItemTracking.Server.L0.Tests.WorkItemTypeExtensions.WorkItemTypeExtensionComponentTests+WatemarkTests" name="TestGetReconciliationWatermark" />
    </UnitTest>
    <UnitTest name="TestGetExtensionsById_SingleExtensionWithField" storage="d:\v2.0\a1\_work\dbded102\bin\release.anycpu\tfs.service\ms.tf.workitemtracking.server.l0.tests\ms.tf.workitemtracking.server.l0.tests.dll" id="bb191671-c751-8daa-6253-00fca7edc7a3">
      <Execution id="84b17637-501a-47d8-952d-2dc09646440b" />
      <TestMethod codeBase="D:\v2.0\A1\_work\dbded102\bin\Release.AnyCPU\Tfs.Service\MS.TF.WorkItemTracking.Server.L0.Tests\MS.TF.WorkItemTracking.Server.L0.Tests.dll" adapterTypeName="Microsoft.VisualStudio.TestTools.TestTypes.Unit.UnitTestAdapter" className="MS.TF.WorkItemTracking.Server.L0.Tests.WorkItemTypeExtensions.WorkItemTypeExtensionComponentTests+GetExtensionsByIdTests" name="TestGetExtensionsById_SingleExtensionWithField" />
    </UnitTest>
    <UnitTest name="TestGetExtensionsById_MultipleExtensionsWithFields" storage="d:\v2.0\a1\_work\dbded102\bin\release.anycpu\tfs.service\ms.tf.workitemtracking.server.l0.tests\ms.tf.workitemtracking.server.l0.tests.dll" id="348a4573-2078-0f3d-4f2c-12ed8aa2bed3">
      <Execution id="4f568ed9-1e40-43f1-93e7-adf2128b094c" />
      <TestMethod codeBase="D:\v2.0\A1\_work\dbded102\bin\Release.AnyCPU\Tfs.Service\MS.TF.WorkItemTracking.Server.L0.Tests\MS.TF.WorkItemTracking.Server.L0.Tests.dll" adapterTypeName="Microsoft.VisualStudio.TestTools.TestTypes.Unit.UnitTestAdapter" className="MS.TF.WorkItemTracking.Server.L0.Tests.WorkItemTypeExtensions.WorkItemTypeExtensionComponentTests+GetExtensionsByIdTests" name="TestGetExtensionsById_MultipleExtensionsWithFields" />
    </UnitTest>
    <UnitTest name="WorkItemTypeExtensionComponent5_GetExtensionsById_MultipleExtensionsWithoutFields" storage="d:\v2.0\a1\_work\dbded102\bin\release.anycpu\tfs.service\ms.tf.workitemtracking.server.l0.tests\ms.tf.workitemtracking.server.l0.tests.dll" id="0bf3f464-eb66-930d-2b6c-48a07b61debd">
      <Execution id="fa79acb1-2497-4ea1-87b1-067dcbde8ab9" />
      <TestMethod codeBase="D:\v2.0\A1\_work\dbded102\bin\Release.AnyCPU\Tfs.Service\MS.TF.WorkItemTracking.Server.L0.Tests\MS.TF.WorkItemTracking.Server.L0.Tests.dll" adapterTypeName="Microsoft.VisualStudio.TestTools.TestTypes.Unit.UnitTestAdapter" className="MS.TF.WorkItemTracking.Server.L0.Tests.WorkItemTypeExtensions.WorkItemTypeExtensionComponentTests+GetExtensionsByIdTests" name="WorkItemTypeExtensionComponent5_GetExtensionsById_MultipleExtensionsWithoutFields" />
    </UnitTest>
    <UnitTest name="WorkItemTypeExtensionComponent5_GetExtensionsById_MultipleExtensionWithFields" storage="d:\v2.0\a1\_work\dbded102\bin\release.anycpu\tfs.service\ms.tf.workitemtracking.server.l0.tests\ms.tf.workitemtracking.server.l0.tests.dll" id="ba1277aa-7d2e-e7ec-1757-bf66458ae5a2">
      <Execution id="2edda193-660e-42bb-a83b-c793038f79f1" />
      <TestMethod codeBase="D:\v2.0\A1\_work\dbded102\bin\Release.AnyCPU\Tfs.Service\MS.TF.WorkItemTracking.Server.L0.Tests\MS.TF.WorkItemTracking.Server.L0.Tests.dll" adapterTypeName="Microsoft.VisualStudio.TestTools.TestTypes.Unit.UnitTestAdapter" className="MS.TF.WorkItemTracking.Server.L0.Tests.WorkItemTypeExtensions.WorkItemTypeExtensionComponentTests+GetExtensionsByIdTests" name="WorkItemTypeExtensionComponent5_GetExtensionsById_MultipleExtensionWithFields" />
    </UnitTest>
    <UnitTest name="WillReturnNoExtensionFromDatabase" storage="d:\v2.0\a1\_work\dbded102\bin\release.anycpu\tfs.service\ms.tf.workitemtracking.server.l0.tests\ms.tf.workitemtracking.server.l0.tests.dll" id="c4176acd-0792-91a6-d4e1-b4503e1e72b5">
      <Execution id="5dc690c3-0c63-49dc-b9dd-eeb665029859" />
      <TestMethod codeBase="D:\v2.0\A1\_work\dbded102\bin\Release.AnyCPU\Tfs.Service\MS.TF.WorkItemTracking.Server.L0.Tests\MS.TF.WorkItemTracking.Server.L0.Tests.dll" adapterTypeName="Microsoft.VisualStudio.TestTools.TestTypes.Unit.UnitTestAdapter" className="MS.TF.WorkItemTracking.Server.L0.Tests.WorkItemTypeExtensions.WorkItemTypeExtensionComponentTests+GetExtensionsByIdTests" name="WillReturnNoExtensionFromDatabase" />
    </UnitTest>
    <UnitTest name="TestGetExtensions" storage="d:\v2.0\a1\_work\dbded102\bin\release.anycpu\tfs.service\ms.tf.workitemtracking.server.l0.tests\ms.tf.workitemtracking.server.l0.tests.dll" id="0f86e520-186f-d0ec-ede6-b27f4a54f484">
      <Execution id="de051d7a-c054-40b9-bc82-db3de7693006" />
      <TestMethod codeBase="D:\v2.0\A1\_work\dbded102\bin\Release.AnyCPU\Tfs.Service\MS.TF.WorkItemTracking.Server.L0.Tests\MS.TF.WorkItemTracking.Server.L0.Tests.dll" adapterTypeName="Microsoft.VisualStudio.TestTools.TestTypes.Unit.UnitTestAdapter" className="MS.TF.WorkItemTracking.Server.L0.Tests.WorkItemTypeExtensions.WorkItemTypeExtensionComponentTests+GetExtensionsTests" name="TestGetExtensions" />
    </UnitTest>
    <UnitTest name="TestGetExtensions_NullGuids" storage="d:\v2.0\a1\_work\dbded102\bin\release.anycpu\tfs.service\ms.tf.workitemtracking.server.l0.tests\ms.tf.workitemtracking.server.l0.tests.dll" id="d99cc1ab-3e0a-1a0e-7ffa-bc642ae4329c">
      <Execution id="a9ab7c73-c53d-4f3f-99eb-51826c98136b" />
      <TestMethod codeBase="D:\v2.0\A1\_work\dbded102\bin\Release.AnyCPU\Tfs.Service\MS.TF.WorkItemTracking.Server.L0.Tests\MS.TF.WorkItemTracking.Server.L0.Tests.dll" adapterTypeName="Microsoft.VisualStudio.TestTools.TestTypes.Unit.UnitTestAdapter" className="MS.TF.WorkItemTracking.Server.L0.Tests.WorkItemTypeExtensions.WorkItemTypeExtensionComponentTests+GetExtensionsTests" name="TestGetExtensions_NullGuids" />
    </UnitTest>
    <UnitTest name="WorkItemTypeExtensionComponent5_TestGetExtensions" storage="d:\v2.0\a1\_work\dbded102\bin\release.anycpu\tfs.service\ms.tf.workitemtracking.server.l0.tests\ms.tf.workitemtracking.server.l0.tests.dll" id="52f52e69-4454-af6e-16c6-e5784760586e">
      <Execution id="2f748c4b-2759-4248-9222-3212b6dfa221" />
      <TestMethod codeBase="D:\v2.0\A1\_work\dbded102\bin\Release.AnyCPU\Tfs.Service\MS.TF.WorkItemTracking.Server.L0.Tests\MS.TF.WorkItemTracking.Server.L0.Tests.dll" adapterTypeName="Microsoft.VisualStudio.TestTools.TestTypes.Unit.UnitTestAdapter" className="MS.TF.WorkItemTracking.Server.L0.Tests.WorkItemTypeExtensions.WorkItemTypeExtensionComponentTests+GetExtensionsTests" name="WorkItemTypeExtensionComponent5_TestGetExtensions" />
    </UnitTest>
    <UnitTest name="WorkItemTypeExtensionComponent5_GetExtensions_NullGuids" storage="d:\v2.0\a1\_work\dbded102\bin\release.anycpu\tfs.service\ms.tf.workitemtracking.server.l0.tests\ms.tf.workitemtracking.server.l0.tests.dll" id="3622efc3-76d3-fe8b-9223-b99742608029">
      <Execution id="2dc1371e-9b98-4970-91f9-a428f52c635a" />
      <TestMethod codeBase="D:\v2.0\A1\_work\dbded102\bin\Release.AnyCPU\Tfs.Service\MS.TF.WorkItemTracking.Server.L0.Tests\MS.TF.WorkItemTracking.Server.L0.Tests.dll" adapterTypeName="Microsoft.VisualStudio.TestTools.TestTypes.Unit.UnitTestAdapter" className="MS.TF.WorkItemTracking.Server.L0.Tests.WorkItemTypeExtensions.WorkItemTypeExtensionComponentTests+GetExtensionsTests" name="WorkItemTypeExtensionComponent5_GetExtensions_NullGuids" />
    </UnitTest>
    <UnitTest name="TestGetExtendedWorkItemIds" storage="d:\v2.0\a1\_work\dbded102\bin\release.anycpu\tfs.service\ms.tf.workitemtracking.server.l0.tests\ms.tf.workitemtracking.server.l0.tests.dll" id="1e553977-bc54-3d57-1805-7d731886f635">
      <Execution id="ffeb85e3-6a43-48fe-b0f6-7bcd890945e0" />
      <TestMethod codeBase="D:\v2.0\A1\_work\dbded102\bin\Release.AnyCPU\Tfs.Service\MS.TF.WorkItemTracking.Server.L0.Tests\MS.TF.WorkItemTracking.Server.L0.Tests.dll" adapterTypeName="Microsoft.VisualStudio.TestTools.TestTypes.Unit.UnitTestAdapter" className="MS.TF.WorkItemTracking.Server.L0.Tests.WorkItemTypeExtensions.WorkItemTypeExtensionComponentTests+GetExtendedWorkItemIdsTests" name="TestGetExtendedWorkItemIds" />
    </UnitTest>
    <UnitTest name="TestGetDetailsForReconciliation" storage="d:\v2.0\a1\_work\dbded102\bin\release.anycpu\tfs.service\ms.tf.workitemtracking.server.l0.tests\ms.tf.workitemtracking.server.l0.tests.dll" id="6772eb2f-f103-bee0-9da2-b9d405053c95">
      <Execution id="3a67d111-d762-415a-b340-6a425f650018" />
      <TestMethod codeBase="D:\v2.0\A1\_work\dbded102\bin\Release.AnyCPU\Tfs.Service\MS.TF.WorkItemTracking.Server.L0.Tests\MS.TF.WorkItemTracking.Server.L0.Tests.dll" adapterTypeName="Microsoft.VisualStudio.TestTools.TestTypes.Unit.UnitTestAdapter" className="MS.TF.WorkItemTracking.Server.L0.Tests.WorkItemTypeExtensions.WorkItemTypeExtensionComponentTests+WorkItemTypeExtensionComponent2_ReconciliationTests" name="TestGetDetailsForReconciliation" />
    </UnitTest>
    <UnitTest name="TestGetDetailsForReconciliation_NoCategories" storage="d:\v2.0\a1\_work\dbded102\bin\release.anycpu\tfs.service\ms.tf.workitemtracking.server.l0.tests\ms.tf.workitemtracking.server.l0.tests.dll" id="c4ab88b4-2038-86ec-3bb2-b7a9267d8c79">
      <Execution id="880251d0-416a-4c9b-8d6b-5825c984d4af" />
      <TestMethod codeBase="D:\v2.0\A1\_work\dbded102\bin\Release.AnyCPU\Tfs.Service\MS.TF.WorkItemTracking.Server.L0.Tests\MS.TF.WorkItemTracking.Server.L0.Tests.dll" adapterTypeName="Microsoft.VisualStudio.TestTools.TestTypes.Unit.UnitTestAdapter" className="MS.TF.WorkItemTracking.Server.L0.Tests.WorkItemTypeExtensions.WorkItemTypeExtensionComponentTests+WorkItemTypeExtensionComponent2_ReconciliationTests" name="TestGetDetailsForReconciliation_NoCategories" />
    </UnitTest>
    <UnitTest name="TestDeleteExtensions" storage="d:\v2.0\a1\_work\dbded102\bin\release.anycpu\tfs.service\ms.tf.workitemtracking.server.l0.tests\ms.tf.workitemtracking.server.l0.tests.dll" id="1d54d475-ab04-fda8-ff34-1d48a6b3409e">
      <Execution id="5a071cdb-d1ba-4238-a344-976241fe77e5" />
      <TestMethod codeBase="D:\v2.0\A1\_work\dbded102\bin\Release.AnyCPU\Tfs.Service\MS.TF.WorkItemTracking.Server.L0.Tests\MS.TF.WorkItemTracking.Server.L0.Tests.dll" adapterTypeName="Microsoft.VisualStudio.TestTools.TestTypes.Unit.UnitTestAdapter" className="MS.TF.WorkItemTracking.Server.L0.Tests.WorkItemTypeExtensions.WorkItemTypeExtensionComponentTests+WorkItemTypeExtensionComponent3_DeleteExtensionsTests" name="TestDeleteExtensions" />
    </UnitTest>
    <UnitTest name="GetInheritedTypeExtensionsReturnsEmptySetForOldVersionComponent" storage="d:\v2.0\a1\_work\dbded102\bin\release.anycpu\tfs.service\ms.tf.workitemtracking.server.l0.tests\ms.tf.workitemtracking.server.l0.tests.dll" id="3612e128-237e-9d02-dad5-d330d5a0295f">
      <Execution id="b0efdf86-3d73-4ebc-bb7d-474a2e21f884" />
      <TestMethod codeBase="D:\v2.0\A1\_work\dbded102\bin\Release.AnyCPU\Tfs.Service\MS.TF.WorkItemTracking.Server.L0.Tests\MS.TF.WorkItemTracking.Server.L0.Tests.dll" adapterTypeName="Microsoft.VisualStudio.TestTools.TestTypes.Unit.UnitTestAdapter" className="MS.TF.WorkItemTracking.Server.L0.Tests.WorkItemTypeExtensions.WorkItemTypeExtensionComponentTests+WorkItemTypeExtensionComponent7_WorkItemTypeExtensionTests" name="GetInheritedTypeExtensionsReturnsEmptySetForOldVersionComponent" />
    </UnitTest>
    <UnitTest name="CreateInheritedTypeExtensionReturnsNullForOldVersionComponent" storage="d:\v2.0\a1\_work\dbded102\bin\release.anycpu\tfs.service\ms.tf.workitemtracking.server.l0.tests\ms.tf.workitemtracking.server.l0.tests.dll" id="82178e9d-a457-14d0-d13f-d9cea0781d6e">
      <Execution id="86d24a89-8d54-4fac-95d6-29f091023688" />
      <TestMethod codeBase="D:\v2.0\A1\_work\dbded102\bin\Release.AnyCPU\Tfs.Service\MS.TF.WorkItemTracking.Server.L0.Tests\MS.TF.WorkItemTracking.Server.L0.Tests.dll" adapterTypeName="Microsoft.VisualStudio.TestTools.TestTypes.Unit.UnitTestAdapter" className="MS.TF.WorkItemTracking.Server.L0.Tests.WorkItemTypeExtensions.WorkItemTypeExtensionComponentTests+WorkItemTypeExtensionComponent7_WorkItemTypeExtensionTests" name="CreateInheritedTypeExtensionReturnsNullForOldVersionComponent" />
    </UnitTest>
    <UnitTest name="UpdateInheritedTypeExtensionFieldsReturnsNullForOldVersionComponent" storage="d:\v2.0\a1\_work\dbded102\bin\release.anycpu\tfs.service\ms.tf.workitemtracking.server.l0.tests\ms.tf.workitemtracking.server.l0.tests.dll" id="2a5c6525-b2a7-8382-f449-7b75098ff3ab">
      <Execution id="be707ffb-44c9-40af-8935-86d11a7aeaad" />
      <TestMethod codeBase="D:\v2.0\A1\_work\dbded102\bin\Release.AnyCPU\Tfs.Service\MS.TF.WorkItemTracking.Server.L0.Tests\MS.TF.WorkItemTracking.Server.L0.Tests.dll" adapterTypeName="Microsoft.VisualStudio.TestTools.TestTypes.Unit.UnitTestAdapter" className="MS.TF.WorkItemTracking.Server.L0.Tests.WorkItemTypeExtensions.WorkItemTypeExtensionComponentTests+WorkItemTypeExtensionComponent7_WorkItemTypeExtensionTests" name="UpdateInheritedTypeExtensionFieldsReturnsNullForOldVersionComponent" />
    </UnitTest>
    <UnitTest name="GetWorkItemTypeExtensionsReturnsExpectedListForProperComponentVersion" storage="d:\v2.0\a1\_work\dbded102\bin\release.anycpu\tfs.service\ms.tf.workitemtracking.server.l0.tests\ms.tf.workitemtracking.server.l0.tests.dll" id="8bedb0bd-d0b2-4e63-f56b-072b21c5a198">
      <Execution id="20f37ab8-5606-4aed-a5ff-0ff4349f6f99" />
      <TestMethod codeBase="D:\v2.0\A1\_work\dbded102\bin\Release.AnyCPU\Tfs.Service\MS.TF.WorkItemTracking.Server.L0.Tests\MS.TF.WorkItemTracking.Server.L0.Tests.dll" adapterTypeName="Microsoft.VisualStudio.TestTools.TestTypes.Unit.UnitTestAdapter" className="MS.TF.WorkItemTracking.Server.L0.Tests.WorkItemTypeExtensions.WorkItemTypeExtensionComponentTests+WorkItemTypeExtensionComponent7_WorkItemTypeExtensionTests" name="GetWorkItemTypeExtensionsReturnsExpectedListForProperComponentVersion" />
    </UnitTest>
    <UnitTest name="CreateInheritedTypeExtentionReturnsNewExtensionForProperComponentVersion" storage="d:\v2.0\a1\_work\dbded102\bin\release.anycpu\tfs.service\ms.tf.workitemtracking.server.l0.tests\ms.tf.workitemtracking.server.l0.tests.dll" id="28d5b0c5-439d-a913-88eb-4f8aa71e8e77">
      <Execution id="025d5021-1474-43cf-87cd-757b8fa2bea3" />
      <TestMethod codeBase="D:\v2.0\A1\_work\dbded102\bin\Release.AnyCPU\Tfs.Service\MS.TF.WorkItemTracking.Server.L0.Tests\MS.TF.WorkItemTracking.Server.L0.Tests.dll" adapterTypeName="Microsoft.VisualStudio.TestTools.TestTypes.Unit.UnitTestAdapter" className="MS.TF.WorkItemTracking.Server.L0.Tests.WorkItemTypeExtensions.WorkItemTypeExtensionComponentTests+WorkItemTypeExtensionComponent7_WorkItemTypeExtensionTests" name="CreateInheritedTypeExtentionReturnsNewExtensionForProperComponentVersion" />
    </UnitTest>
    <UnitTest name="UpdateInheritedTypeExtensionReturnsUpdatedExtensionForProperComponentVersion" storage="d:\v2.0\a1\_work\dbded102\bin\release.anycpu\tfs.service\ms.tf.workitemtracking.server.l0.tests\ms.tf.workitemtracking.server.l0.tests.dll" id="9e110e80-94fe-c0f9-506a-6bc1169b254c">
      <Execution id="ac402be0-6da8-48e9-8bd1-61e97ce025f0" />
      <TestMethod codeBase="D:\v2.0\A1\_work\dbded102\bin\Release.AnyCPU\Tfs.Service\MS.TF.WorkItemTracking.Server.L0.Tests\MS.TF.WorkItemTracking.Server.L0.Tests.dll" adapterTypeName="Microsoft.VisualStudio.TestTools.TestTypes.Unit.UnitTestAdapter" className="MS.TF.WorkItemTracking.Server.L0.Tests.WorkItemTypeExtensions.WorkItemTypeExtensionComponentTests+WorkItemTypeExtensionComponent7_WorkItemTypeExtensionTests" name="UpdateInheritedTypeExtensionReturnsUpdatedExtensionForProperComponentVersion" />
    </UnitTest>
    <UnitTest name="UpdateInheritedTypeExtensionPassesFalseForUpdateFieldsOnNullFieldsParameter" storage="d:\v2.0\a1\_work\dbded102\bin\release.anycpu\tfs.service\ms.tf.workitemtracking.server.l0.tests\ms.tf.workitemtracking.server.l0.tests.dll" id="f54f8282-ee13-21cc-439b-07cff6c4afcf">
      <Execution id="fe15d2fb-4894-4efe-98f5-08550e39f784" />
      <TestMethod codeBase="D:\v2.0\A1\_work\dbded102\bin\Release.AnyCPU\Tfs.Service\MS.TF.WorkItemTracking.Server.L0.Tests\MS.TF.WorkItemTracking.Server.L0.Tests.dll" adapterTypeName="Microsoft.VisualStudio.TestTools.TestTypes.Unit.UnitTestAdapter" className="MS.TF.WorkItemTracking.Server.L0.Tests.WorkItemTypeExtensions.WorkItemTypeExtensionComponentTests+WorkItemTypeExtensionComponent7_WorkItemTypeExtensionTests" name="UpdateInheritedTypeExtensionPassesFalseForUpdateFieldsOnNullFieldsParameter" />
    </UnitTest>
    <UnitTest name="UpdateInheritedTypeExtensionPassesTrueForUpdateFieldsOnEmptyParameter" storage="d:\v2.0\a1\_work\dbded102\bin\release.anycpu\tfs.service\ms.tf.workitemtracking.server.l0.tests\ms.tf.workitemtracking.server.l0.tests.dll" id="bbb3d4c0-d3fe-87c9-4547-4595add261d6">
      <Execution id="592d4e9d-92bd-474b-877c-5816c92eef7d" />
      <TestMethod codeBase="D:\v2.0\A1\_work\dbded102\bin\Release.AnyCPU\Tfs.Service\MS.TF.WorkItemTracking.Server.L0.Tests\MS.TF.WorkItemTracking.Server.L0.Tests.dll" adapterTypeName="Microsoft.VisualStudio.TestTools.TestTypes.Unit.UnitTestAdapter" className="MS.TF.WorkItemTracking.Server.L0.Tests.WorkItemTypeExtensions.WorkItemTypeExtensionComponentTests+WorkItemTypeExtensionComponent7_WorkItemTypeExtensionTests" name="UpdateInheritedTypeExtensionPassesTrueForUpdateFieldsOnEmptyParameter" />
    </UnitTest>
    <UnitTest name="CreatingInheritedTypeWithDefaultRuleCreatesConstants" storage="d:\v2.0\a1\_work\dbded102\bin\release.anycpu\tfs.service\ms.tf.workitemtracking.server.l0.tests\ms.tf.workitemtracking.server.l0.tests.dll" id="1fb7a141-71da-7f5e-8fa4-ab976268ae70">
      <Execution id="847c8072-0905-4968-ba5f-811ec80edce6" />
      <TestMethod codeBase="D:\v2.0\A1\_work\dbded102\bin\Release.AnyCPU\Tfs.Service\MS.TF.WorkItemTracking.Server.L0.Tests\MS.TF.WorkItemTracking.Server.L0.Tests.dll" adapterTypeName="Microsoft.VisualStudio.TestTools.TestTypes.Unit.UnitTestAdapter" className="MS.TF.WorkItemTracking.Server.L0.Tests.WorkItemTypeExtensions.WorkItemTypeExtensionComponentTests+WorkItemTypeExtensionComponent7_WorkItemTypeExtensionTests" name="CreatingInheritedTypeWithDefaultRuleCreatesConstants" />
    </UnitTest>
    <UnitTest name="UpdatingInheritedTypeWithDefaultRuleCreatesConstants" storage="d:\v2.0\a1\_work\dbded102\bin\release.anycpu\tfs.service\ms.tf.workitemtracking.server.l0.tests\ms.tf.workitemtracking.server.l0.tests.dll" id="4fc5f4b9-7823-6aec-49d2-3a01f5e6790a">
      <Execution id="b6b41255-3279-40df-a977-bea91498dea0" />
      <TestMethod codeBase="D:\v2.0\A1\_work\dbded102\bin\Release.AnyCPU\Tfs.Service\MS.TF.WorkItemTracking.Server.L0.Tests\MS.TF.WorkItemTracking.Server.L0.Tests.dll" adapterTypeName="Microsoft.VisualStudio.TestTools.TestTypes.Unit.UnitTestAdapter" className="MS.TF.WorkItemTracking.Server.L0.Tests.WorkItemTypeExtensions.WorkItemTypeExtensionComponentTests+WorkItemTypeExtensionComponent7_WorkItemTypeExtensionTests" name="UpdatingInheritedTypeWithDefaultRuleCreatesConstants" />
    </UnitTest>
    <UnitTest name="VerifyChangedOrderIsCorrect" storage="d:\v2.0\a1\_work\dbded102\bin\release.anycpu\tfs.service\ms.tf.workitemtracking.server.l0.tests\ms.tf.workitemtracking.server.l0.tests.dll" id="47f8dbb5-d4a7-dbe7-3ebb-ee091553bea8">
      <Execution id="d344ac1b-d587-4b1f-a2e0-9d69d0b13b1c" />
      <TestMethod codeBase="D:\v2.0\A1\_work\dbded102\bin\Release.AnyCPU\Tfs.Service\MS.TF.WorkItemTracking.Server.L0.Tests\MS.TF.WorkItemTracking.Server.L0.Tests.dll" adapterTypeName="Microsoft.VisualStudio.TestTools.TestTypes.Unit.UnitTestAdapter" className="MS.TF.WorkItemTracking.Server.L0.Tests.WorkItemTypeExtensions.WorkItemTypeExtensionComponentTests+GetChangedWorkItemTypeletsTests" name="VerifyChangedOrderIsCorrect" />
    </UnitTest>
    <UnitTest name="BasicReconcile" storage="d:\v2.0\a1\_work\dbded102\bin\release.anycpu\tfs.service\ms.tf.workitemtracking.server.l0.tests\ms.tf.workitemtracking.server.l0.tests.dll" id="29161fe4-95c0-a13c-5bb3-5a11128fcea1">
      <Execution id="ad7c84f6-3d44-4572-b72d-ab2848050666" />
      <TestMethod codeBase="D:\v2.0\A1\_work\dbded102\bin\Release.AnyCPU\Tfs.Service\MS.TF.WorkItemTracking.Server.L0.Tests\MS.TF.WorkItemTracking.Server.L0.Tests.dll" adapterTypeName="Microsoft.VisualStudio.TestTools.TestTypes.Unit.UnitTestAdapter" className="MS.TF.WorkItemTracking.Server.L0.Tests.WorkItemTypeExtensions.WorkItemTypeExtensionServiceTests+ReconcileTests" name="BasicReconcile" />
    </UnitTest>
    <UnitTest name="TestAsyncReconcile" storage="d:\v2.0\a1\_work\dbded102\bin\release.anycpu\tfs.service\ms.tf.workitemtracking.server.l0.tests\ms.tf.workitemtracking.server.l0.tests.dll" id="8f776863-8c42-00a7-2247-93993da4aed8">
      <Execution id="202d2f48-e8e9-4ef5-80c3-9adabf1406d9" />
      <TestMethod codeBase="D:\v2.0\A1\_work\dbded102\bin\Release.AnyCPU\Tfs.Service\MS.TF.WorkItemTracking.Server.L0.Tests\MS.TF.WorkItemTracking.Server.L0.Tests.dll" adapterTypeName="Microsoft.VisualStudio.TestTools.TestTypes.Unit.UnitTestAdapter" className="MS.TF.WorkItemTracking.Server.L0.Tests.WorkItemTypeExtensions.WorkItemTypeExtensionServiceTests+ReconcileTests" name="TestAsyncReconcile" />
    </UnitTest>
    <UnitTest name="TestTrySyncReconcile" storage="d:\v2.0\a1\_work\dbded102\bin\release.anycpu\tfs.service\ms.tf.workitemtracking.server.l0.tests\ms.tf.workitemtracking.server.l0.tests.dll" id="e5aa7b5c-22f7-7c6c-2602-10b218038723">
      <Execution id="564517c4-9354-4612-80b7-9e4cd19ead76" />
      <TestMethod codeBase="D:\v2.0\A1\_work\dbded102\bin\Release.AnyCPU\Tfs.Service\MS.TF.WorkItemTracking.Server.L0.Tests\MS.TF.WorkItemTracking.Server.L0.Tests.dll" adapterTypeName="Microsoft.VisualStudio.TestTools.TestTypes.Unit.UnitTestAdapter" className="MS.TF.WorkItemTracking.Server.L0.Tests.WorkItemTypeExtensions.WorkItemTypeExtensionServiceTests+ReconcileTests" name="TestTrySyncReconcile" />
    </UnitTest>
    <UnitTest name="TestErrorReconcile" storage="d:\v2.0\a1\_work\dbded102\bin\release.anycpu\tfs.service\ms.tf.workitemtracking.server.l0.tests\ms.tf.workitemtracking.server.l0.tests.dll" id="47e7c0e1-495a-bb7f-a4dc-8eed7040fa56">
      <Execution id="667dc361-faf5-4179-aa7f-016aad9dbea5" />
      <TestMethod codeBase="D:\v2.0\A1\_work\dbded102\bin\Release.AnyCPU\Tfs.Service\MS.TF.WorkItemTracking.Server.L0.Tests\MS.TF.WorkItemTracking.Server.L0.Tests.dll" adapterTypeName="Microsoft.VisualStudio.TestTools.TestTypes.Unit.UnitTestAdapter" className="MS.TF.WorkItemTracking.Server.L0.Tests.WorkItemTypeExtensions.WorkItemTypeExtensionServiceTests+ReconcileTests" name="TestErrorReconcile" />
    </UnitTest>
    <UnitTest name="TestCancelReconcile" storage="d:\v2.0\a1\_work\dbded102\bin\release.anycpu\tfs.service\ms.tf.workitemtracking.server.l0.tests\ms.tf.workitemtracking.server.l0.tests.dll" id="39ae6a67-43af-ad09-d3a1-f93dad74f762">
      <Execution id="87e151ce-dc6c-47ad-848b-16de6ef7ce1c" />
      <TestMethod codeBase="D:\v2.0\A1\_work\dbded102\bin\Release.AnyCPU\Tfs.Service\MS.TF.WorkItemTracking.Server.L0.Tests\MS.TF.WorkItemTracking.Server.L0.Tests.dll" adapterTypeName="Microsoft.VisualStudio.TestTools.TestTypes.Unit.UnitTestAdapter" className="MS.TF.WorkItemTracking.Server.L0.Tests.WorkItemTypeExtensions.WorkItemTypeExtensionServiceTests+ReconcileTests" name="TestCancelReconcile" />
    </UnitTest>
    <UnitTest name="CreateExtensionTest" storage="d:\v2.0\a1\_work\dbded102\bin\release.anycpu\tfs.service\ms.tf.workitemtracking.server.l0.tests\ms.tf.workitemtracking.server.l0.tests.dll" id="b2b56e0a-29c6-1ee3-7905-b071a6f24c21">
      <Execution id="36e1e249-6933-459e-bad5-567a2816971d" />
      <TestMethod codeBase="D:\v2.0\A1\_work\dbded102\bin\Release.AnyCPU\Tfs.Service\MS.TF.WorkItemTracking.Server.L0.Tests\MS.TF.WorkItemTracking.Server.L0.Tests.dll" adapterTypeName="Microsoft.VisualStudio.TestTools.TestTypes.Unit.UnitTestAdapter" className="MS.TF.WorkItemTracking.Server.L0.Tests.WorkItemTypeExtensions.WorkItemTypeExtensionServiceTests+CreateExtensionTests" name="CreateExtensionTest" />
    </UnitTest>
    <UnitTest name="GetExtensionsByIdTest" storage="d:\v2.0\a1\_work\dbded102\bin\release.anycpu\tfs.service\ms.tf.workitemtracking.server.l0.tests\ms.tf.workitemtracking.server.l0.tests.dll" id="9b96a94a-4071-fcff-cc89-51a0c542b7be">
      <Execution id="cce0b2f3-4de2-41d5-b8ca-64d13a0ea9aa" />
      <TestMethod codeBase="D:\v2.0\A1\_work\dbded102\bin\Release.AnyCPU\Tfs.Service\MS.TF.WorkItemTracking.Server.L0.Tests\MS.TF.WorkItemTracking.Server.L0.Tests.dll" adapterTypeName="Microsoft.VisualStudio.TestTools.TestTypes.Unit.UnitTestAdapter" className="MS.TF.WorkItemTracking.Server.L0.Tests.WorkItemTypeExtensions.WorkItemTypeExtensionServiceTests+GetExtensionTests" name="GetExtensionsByIdTest" />
    </UnitTest>
    <UnitTest name="GetExtensionsByProjectTest" storage="d:\v2.0\a1\_work\dbded102\bin\release.anycpu\tfs.service\ms.tf.workitemtracking.server.l0.tests\ms.tf.workitemtracking.server.l0.tests.dll" id="549065ff-0448-62a6-fea1-5be3f8e22873">
      <Execution id="118296b3-ccb0-46dd-bfc6-af24d2de2313" />
      <TestMethod codeBase="D:\v2.0\A1\_work\dbded102\bin\Release.AnyCPU\Tfs.Service\MS.TF.WorkItemTracking.Server.L0.Tests\MS.TF.WorkItemTracking.Server.L0.Tests.dll" adapterTypeName="Microsoft.VisualStudio.TestTools.TestTypes.Unit.UnitTestAdapter" className="MS.TF.WorkItemTracking.Server.L0.Tests.WorkItemTypeExtensions.WorkItemTypeExtensionServiceTests+GetExtensionTests" name="GetExtensionsByProjectTest" />
    </UnitTest>
    <UnitTest name="BasicUpdateTest" storage="d:\v2.0\a1\_work\dbded102\bin\release.anycpu\tfs.service\ms.tf.workitemtracking.server.l0.tests\ms.tf.workitemtracking.server.l0.tests.dll" id="e2e0404a-363a-2a7f-a2b3-3eee68fcc239">
      <Execution id="b8828091-38a1-469e-83d1-fbf5191406ff" />
      <TestMethod codeBase="D:\v2.0\A1\_work\dbded102\bin\Release.AnyCPU\Tfs.Service\MS.TF.WorkItemTracking.Server.L0.Tests\MS.TF.WorkItemTracking.Server.L0.Tests.dll" adapterTypeName="Microsoft.VisualStudio.TestTools.TestTypes.Unit.UnitTestAdapter" className="MS.TF.WorkItemTracking.Server.L0.Tests.WorkItemTypeExtensions.WorkItemTypeExtensionServiceTests+UpdateExtensionTest" name="BasicUpdateTest" />
    </UnitTest>
    <UnitTest name="DeleteEmptyListExtensionTest" storage="d:\v2.0\a1\_work\dbded102\bin\release.anycpu\tfs.service\ms.tf.workitemtracking.server.l0.tests\ms.tf.workitemtracking.server.l0.tests.dll" id="0615d6ac-3d23-f595-e697-872f9ff740a1">
      <Execution id="badec2b9-98cc-4246-b6ec-1fba6212e503" />
      <TestMethod codeBase="D:\v2.0\A1\_work\dbded102\bin\Release.AnyCPU\Tfs.Service\MS.TF.WorkItemTracking.Server.L0.Tests\MS.TF.WorkItemTracking.Server.L0.Tests.dll" adapterTypeName="Microsoft.VisualStudio.TestTools.TestTypes.Unit.UnitTestAdapter" className="MS.TF.WorkItemTracking.Server.L0.Tests.WorkItemTypeExtensions.WorkItemTypeExtensionServiceTests+DeleteExtensionTests" name="DeleteEmptyListExtensionTest" />
    </UnitTest>
    <UnitTest name="DeleteOneExtenionTest" storage="d:\v2.0\a1\_work\dbded102\bin\release.anycpu\tfs.service\ms.tf.workitemtracking.server.l0.tests\ms.tf.workitemtracking.server.l0.tests.dll" id="eb949829-d2e4-f4c0-796a-81dfa3080bd8">
      <Execution id="2ed42212-f7c7-4161-8fc1-59b88035a070" />
      <TestMethod codeBase="D:\v2.0\A1\_work\dbded102\bin\Release.AnyCPU\Tfs.Service\MS.TF.WorkItemTracking.Server.L0.Tests\MS.TF.WorkItemTracking.Server.L0.Tests.dll" adapterTypeName="Microsoft.VisualStudio.TestTools.TestTypes.Unit.UnitTestAdapter" className="MS.TF.WorkItemTracking.Server.L0.Tests.WorkItemTypeExtensions.WorkItemTypeExtensionServiceTests+DeleteExtensionTests" name="DeleteOneExtenionTest" />
    </UnitTest>
    <UnitTest name="TestGetSingleWorkItemFromComponent" storage="d:\v2.0\a1\_work\dbded102\bin\release.anycpu\tfs.service\ms.tf.workitemtracking.server.l0.tests\ms.tf.workitemtracking.server.l0.tests.dll" id="2d51e3c2-c742-b04f-48a2-c6476781a25a">
      <Execution id="ff858d34-ca00-41f6-9bb8-2665e67a626d" />
      <TestMethod codeBase="D:\v2.0\A1\_work\dbded102\bin\Release.AnyCPU\Tfs.Service\MS.TF.WorkItemTracking.Server.L0.Tests\MS.TF.WorkItemTracking.Server.L0.Tests.dll" adapterTypeName="Microsoft.VisualStudio.TestTools.TestTypes.Unit.UnitTestAdapter" className="MS.TF.WorkItemTracking.Server.L0.Tests.Workitems.WorkItemComponentTests+GetWorkItemDatasetsTests" name="TestGetSingleWorkItemFromComponent" />
    </UnitTest>
    <UnitTest name="TestGetMultipleWorkItemsFromComponent" storage="d:\v2.0\a1\_work\dbded102\bin\release.anycpu\tfs.service\ms.tf.workitemtracking.server.l0.tests\ms.tf.workitemtracking.server.l0.tests.dll" id="f01023aa-1743-9682-7655-fbc3e075bc18">
      <Execution id="e0688a6c-f9d6-42c6-ade2-a5903f9798ac" />
      <TestMethod codeBase="D:\v2.0\A1\_work\dbded102\bin\Release.AnyCPU\Tfs.Service\MS.TF.WorkItemTracking.Server.L0.Tests\MS.TF.WorkItemTracking.Server.L0.Tests.dll" adapterTypeName="Microsoft.VisualStudio.TestTools.TestTypes.Unit.UnitTestAdapter" className="MS.TF.WorkItemTracking.Server.L0.Tests.Workitems.WorkItemComponentTests+GetWorkItemDatasetsTests" name="TestGetMultipleWorkItemsFromComponent" />
    </UnitTest>
    <UnitTest name="TestIncludeCountFields" storage="d:\v2.0\a1\_work\dbded102\bin\release.anycpu\tfs.service\ms.tf.workitemtracking.server.l0.tests\ms.tf.workitemtracking.server.l0.tests.dll" id="e17d955f-2b08-d00e-e9d2-53d9e74a54d3">
      <Execution id="3fee73db-c8cc-4096-b7ed-964437839d3d" />
      <TestMethod codeBase="D:\v2.0\A1\_work\dbded102\bin\Release.AnyCPU\Tfs.Service\MS.TF.WorkItemTracking.Server.L0.Tests\MS.TF.WorkItemTracking.Server.L0.Tests.dll" adapterTypeName="Microsoft.VisualStudio.TestTools.TestTypes.Unit.UnitTestAdapter" className="MS.TF.WorkItemTracking.Server.L0.Tests.Workitems.WorkItemComponentTests+GetWorkItemDatasetsTests" name="TestIncludeCountFields" />
    </UnitTest>
    <UnitTest name="TestIncludeCustomFields" storage="d:\v2.0\a1\_work\dbded102\bin\release.anycpu\tfs.service\ms.tf.workitemtracking.server.l0.tests\ms.tf.workitemtracking.server.l0.tests.dll" id="80f9e162-f905-46e8-4433-e606d434d583">
      <Execution id="ee52eadd-8a50-4c33-a995-a418a7b05b99" />
      <TestMethod codeBase="D:\v2.0\A1\_work\dbded102\bin\Release.AnyCPU\Tfs.Service\MS.TF.WorkItemTracking.Server.L0.Tests\MS.TF.WorkItemTracking.Server.L0.Tests.dll" adapterTypeName="Microsoft.VisualStudio.TestTools.TestTypes.Unit.UnitTestAdapter" className="MS.TF.WorkItemTracking.Server.L0.Tests.Workitems.WorkItemComponentTests+GetWorkItemDatasetsTests" name="TestIncludeCustomFields" />
    </UnitTest>
    <UnitTest name="TestIncludeTextFields" storage="d:\v2.0\a1\_work\dbded102\bin\release.anycpu\tfs.service\ms.tf.workitemtracking.server.l0.tests\ms.tf.workitemtracking.server.l0.tests.dll" id="d2270c20-bbd9-762c-0ee0-3b5302813bd0">
      <Execution id="af5c2370-e666-42f8-8267-399304f00b96" />
      <TestMethod codeBase="D:\v2.0\A1\_work\dbded102\bin\Release.AnyCPU\Tfs.Service\MS.TF.WorkItemTracking.Server.L0.Tests\MS.TF.WorkItemTracking.Server.L0.Tests.dll" adapterTypeName="Microsoft.VisualStudio.TestTools.TestTypes.Unit.UnitTestAdapter" className="MS.TF.WorkItemTracking.Server.L0.Tests.Workitems.WorkItemComponentTests+GetWorkItemDatasetsTests" name="TestIncludeTextFields" />
    </UnitTest>
    <UnitTest name="TestIncludeResourceLinks" storage="d:\v2.0\a1\_work\dbded102\bin\release.anycpu\tfs.service\ms.tf.workitemtracking.server.l0.tests\ms.tf.workitemtracking.server.l0.tests.dll" id="df7f2991-0376-d92f-7d44-c5f234872e7c">
      <Execution id="795e17b6-fc51-4c45-a3f5-4816f5ecfa84" />
      <TestMethod codeBase="D:\v2.0\A1\_work\dbded102\bin\Release.AnyCPU\Tfs.Service\MS.TF.WorkItemTracking.Server.L0.Tests\MS.TF.WorkItemTracking.Server.L0.Tests.dll" adapterTypeName="Microsoft.VisualStudio.TestTools.TestTypes.Unit.UnitTestAdapter" className="MS.TF.WorkItemTracking.Server.L0.Tests.Workitems.WorkItemComponentTests+GetWorkItemDatasetsTests" name="TestIncludeResourceLinks" />
    </UnitTest>
    <UnitTest name="TestIncludeWorkItemLinks" storage="d:\v2.0\a1\_work\dbded102\bin\release.anycpu\tfs.service\ms.tf.workitemtracking.server.l0.tests\ms.tf.workitemtracking.server.l0.tests.dll" id="0b5fff6a-4976-8eab-38c7-79dc8629c549">
      <Execution id="31e54550-8f45-4fce-8246-d97da2fc77f2" />
      <TestMethod codeBase="D:\v2.0\A1\_work\dbded102\bin\Release.AnyCPU\Tfs.Service\MS.TF.WorkItemTracking.Server.L0.Tests\MS.TF.WorkItemTracking.Server.L0.Tests.dll" adapterTypeName="Microsoft.VisualStudio.TestTools.TestTypes.Unit.UnitTestAdapter" className="MS.TF.WorkItemTracking.Server.L0.Tests.Workitems.WorkItemComponentTests+GetWorkItemDatasetsTests" name="TestIncludeWorkItemLinks" />
    </UnitTest>
    <UnitTest name="TestIncludeHistory" storage="d:\v2.0\a1\_work\dbded102\bin\release.anycpu\tfs.service\ms.tf.workitemtracking.server.l0.tests\ms.tf.workitemtracking.server.l0.tests.dll" id="a9d3b93a-157e-465a-7873-044c9bd8bff7">
      <Execution id="ed510a6e-c7b2-4932-b913-49df5d7448ce" />
      <TestMethod codeBase="D:\v2.0\A1\_work\dbded102\bin\Release.AnyCPU\Tfs.Service\MS.TF.WorkItemTracking.Server.L0.Tests\MS.TF.WorkItemTracking.Server.L0.Tests.dll" adapterTypeName="Microsoft.VisualStudio.TestTools.TestTypes.Unit.UnitTestAdapter" className="MS.TF.WorkItemTracking.Server.L0.Tests.Workitems.WorkItemComponentTests+GetWorkItemDatasetsTests" name="TestIncludeHistory" />
    </UnitTest>
    <UnitTest name="GetWorkItemDatasets_NullIdParameter" storage="d:\v2.0\a1\_work\dbded102\bin\release.anycpu\tfs.service\ms.tf.workitemtracking.server.l0.tests\ms.tf.workitemtracking.server.l0.tests.dll" id="cdff64f7-35b8-c977-d28a-b2385b962e70">
      <Execution id="578e083b-005e-4348-943d-27f6348d2fbc" />
      <TestMethod codeBase="D:\v2.0\A1\_work\dbded102\bin\Release.AnyCPU\Tfs.Service\MS.TF.WorkItemTracking.Server.L0.Tests\MS.TF.WorkItemTracking.Server.L0.Tests.dll" adapterTypeName="Microsoft.VisualStudio.TestTools.TestTypes.Unit.UnitTestAdapter" className="MS.TF.WorkItemTracking.Server.L0.Tests.Workitems.WorkItemComponentTests+GetWorkItemDatasetsTests" name="GetWorkItemDatasets_NullIdParameter" />
    </UnitTest>
    <UnitTest name="TestGetWorkItemFieldValuesFromSingleWorkItem" storage="d:\v2.0\a1\_work\dbded102\bin\release.anycpu\tfs.service\ms.tf.workitemtracking.server.l0.tests\ms.tf.workitemtracking.server.l0.tests.dll" id="c77803ee-eae3-d12e-1099-8afb35b29c8c">
      <Execution id="dd711125-29c8-4d56-b8d8-98bdf91fd201" />
      <TestMethod codeBase="D:\v2.0\A1\_work\dbded102\bin\Release.AnyCPU\Tfs.Service\MS.TF.WorkItemTracking.Server.L0.Tests\MS.TF.WorkItemTracking.Server.L0.Tests.dll" adapterTypeName="Microsoft.VisualStudio.TestTools.TestTypes.Unit.UnitTestAdapter" className="MS.TF.WorkItemTracking.Server.L0.Tests.Workitems.WorkItemComponentTests+GetWorkItemFieldValuesTests" name="TestGetWorkItemFieldValuesFromSingleWorkItem" />
    </UnitTest>
    <UnitTest name="TestGetWorkItemFieldValuesFromMultipleWorkItems" storage="d:\v2.0\a1\_work\dbded102\bin\release.anycpu\tfs.service\ms.tf.workitemtracking.server.l0.tests\ms.tf.workitemtracking.server.l0.tests.dll" id="2e56c315-e12a-d765-b511-e4cfd3f8d5cf">
      <Execution id="d44d25ea-e6ec-4f61-b214-6fb7ab43f3e9" />
      <TestMethod codeBase="D:\v2.0\A1\_work\dbded102\bin\Release.AnyCPU\Tfs.Service\MS.TF.WorkItemTracking.Server.L0.Tests\MS.TF.WorkItemTracking.Server.L0.Tests.dll" adapterTypeName="Microsoft.VisualStudio.TestTools.TestTypes.Unit.UnitTestAdapter" className="MS.TF.WorkItemTracking.Server.L0.Tests.Workitems.WorkItemComponentTests+GetWorkItemFieldValuesTests" name="TestGetWorkItemFieldValuesFromMultipleWorkItems" />
    </UnitTest>
    <UnitTest name="TestWideFields" storage="d:\v2.0\a1\_work\dbded102\bin\release.anycpu\tfs.service\ms.tf.workitemtracking.server.l0.tests\ms.tf.workitemtracking.server.l0.tests.dll" id="9c8bce3d-9bcf-912c-4c75-48ae2640c411">
      <Execution id="2ac91c40-f0ee-44a4-a51d-c51edabee193" />
      <TestMethod codeBase="D:\v2.0\A1\_work\dbded102\bin\Release.AnyCPU\Tfs.Service\MS.TF.WorkItemTracking.Server.L0.Tests\MS.TF.WorkItemTracking.Server.L0.Tests.dll" adapterTypeName="Microsoft.VisualStudio.TestTools.TestTypes.Unit.UnitTestAdapter" className="MS.TF.WorkItemTracking.Server.L0.Tests.Workitems.WorkItemComponentTests+GetWorkItemFieldValuesTests" name="TestWideFields" />
    </UnitTest>
    <UnitTest name="TestLongFields" storage="d:\v2.0\a1\_work\dbded102\bin\release.anycpu\tfs.service\ms.tf.workitemtracking.server.l0.tests\ms.tf.workitemtracking.server.l0.tests.dll" id="9aec545b-ca45-5649-ad96-82b7074b344a">
      <Execution id="f2dd8822-2fa4-4a2e-9f76-a42ceb6d3723" />
      <TestMethod codeBase="D:\v2.0\A1\_work\dbded102\bin\Release.AnyCPU\Tfs.Service\MS.TF.WorkItemTracking.Server.L0.Tests\MS.TF.WorkItemTracking.Server.L0.Tests.dll" adapterTypeName="Microsoft.VisualStudio.TestTools.TestTypes.Unit.UnitTestAdapter" className="MS.TF.WorkItemTracking.Server.L0.Tests.Workitems.WorkItemComponentTests+GetWorkItemFieldValuesTests" name="TestLongFields" />
    </UnitTest>
    <UnitTest name="TestTextFields" storage="d:\v2.0\a1\_work\dbded102\bin\release.anycpu\tfs.service\ms.tf.workitemtracking.server.l0.tests\ms.tf.workitemtracking.server.l0.tests.dll" id="ba20c592-5654-d049-fc70-a80b78f524e7">
      <Execution id="ca2097d7-ab0d-473a-bd69-404dd7140cd2" />
      <TestMethod codeBase="D:\v2.0\A1\_work\dbded102\bin\Release.AnyCPU\Tfs.Service\MS.TF.WorkItemTracking.Server.L0.Tests\MS.TF.WorkItemTracking.Server.L0.Tests.dll" adapterTypeName="Microsoft.VisualStudio.TestTools.TestTypes.Unit.UnitTestAdapter" className="MS.TF.WorkItemTracking.Server.L0.Tests.Workitems.WorkItemComponentTests+GetWorkItemFieldValuesTests" name="TestTextFields" />
    </UnitTest>
    <UnitTest name="GetWorkItemFieldValues_NullParameters" storage="d:\v2.0\a1\_work\dbded102\bin\release.anycpu\tfs.service\ms.tf.workitemtracking.server.l0.tests\ms.tf.workitemtracking.server.l0.tests.dll" id="74467e6f-bee4-e236-2cf4-1a4c40d69f0c">
      <Execution id="8b141adc-37ab-4357-958c-81a84167bdc0" />
      <TestMethod codeBase="D:\v2.0\A1\_work\dbded102\bin\Release.AnyCPU\Tfs.Service\MS.TF.WorkItemTracking.Server.L0.Tests\MS.TF.WorkItemTracking.Server.L0.Tests.dll" adapterTypeName="Microsoft.VisualStudio.TestTools.TestTypes.Unit.UnitTestAdapter" className="MS.TF.WorkItemTracking.Server.L0.Tests.Workitems.WorkItemComponentTests+GetWorkItemFieldValuesTests" name="GetWorkItemFieldValues_NullParameters" />
    </UnitTest>
    <UnitTest name="TestUpdateSingleWorkItem" storage="d:\v2.0\a1\_work\dbded102\bin\release.anycpu\tfs.service\ms.tf.workitemtracking.server.l0.tests\ms.tf.workitemtracking.server.l0.tests.dll" id="1d574337-52c0-ac27-09c3-a67f70ebbe3d">
      <Execution id="e15083f8-ccc4-436c-a909-6ea626464d30" />
      <TestMethod codeBase="D:\v2.0\A1\_work\dbded102\bin\Release.AnyCPU\Tfs.Service\MS.TF.WorkItemTracking.Server.L0.Tests\MS.TF.WorkItemTracking.Server.L0.Tests.dll" adapterTypeName="Microsoft.VisualStudio.TestTools.TestTypes.Unit.UnitTestAdapter" className="MS.TF.WorkItemTracking.Server.L0.Tests.Workitems.WorkItemComponentTests+UpdateWorkItemsTests" name="TestUpdateSingleWorkItem" />
    </UnitTest>
    <UnitTest name="TestUpdateMultipleWorkItems" storage="d:\v2.0\a1\_work\dbded102\bin\release.anycpu\tfs.service\ms.tf.workitemtracking.server.l0.tests\ms.tf.workitemtracking.server.l0.tests.dll" id="3c2bbf6d-f3c7-4bc2-ceae-1da2d34ba1b3">
      <Execution id="942f99a4-1c70-4f53-a457-9e734cfcd893" />
      <TestMethod codeBase="D:\v2.0\A1\_work\dbded102\bin\Release.AnyCPU\Tfs.Service\MS.TF.WorkItemTracking.Server.L0.Tests\MS.TF.WorkItemTracking.Server.L0.Tests.dll" adapterTypeName="Microsoft.VisualStudio.TestTools.TestTypes.Unit.UnitTestAdapter" className="MS.TF.WorkItemTracking.Server.L0.Tests.Workitems.WorkItemComponentTests+UpdateWorkItemsTests" name="TestUpdateMultipleWorkItems" />
    </UnitTest>
    <UnitTest name="TestCustomFieldUpdate" storage="d:\v2.0\a1\_work\dbded102\bin\release.anycpu\tfs.service\ms.tf.workitemtracking.server.l0.tests\ms.tf.workitemtracking.server.l0.tests.dll" id="8acf6ace-89a8-f425-7a23-6d31da465d40">
      <Execution id="2c7154d0-32cb-4e8d-bf47-2a44f9f5f739" />
      <TestMethod codeBase="D:\v2.0\A1\_work\dbded102\bin\Release.AnyCPU\Tfs.Service\MS.TF.WorkItemTracking.Server.L0.Tests\MS.TF.WorkItemTracking.Server.L0.Tests.dll" adapterTypeName="Microsoft.VisualStudio.TestTools.TestTypes.Unit.UnitTestAdapter" className="MS.TF.WorkItemTracking.Server.L0.Tests.Workitems.WorkItemComponentTests+UpdateWorkItemsTests" name="TestCustomFieldUpdate" />
    </UnitTest>
    <UnitTest name="TestPendingSetMembershipChecks" storage="d:\v2.0\a1\_work\dbded102\bin\release.anycpu\tfs.service\ms.tf.workitemtracking.server.l0.tests\ms.tf.workitemtracking.server.l0.tests.dll" id="2aa4c03b-9618-ef78-4fda-63150ef7b468">
      <Execution id="29c38178-8571-48f3-8f21-0bde8d1eb56e" />
      <TestMethod codeBase="D:\v2.0\A1\_work\dbded102\bin\Release.AnyCPU\Tfs.Service\MS.TF.WorkItemTracking.Server.L0.Tests\MS.TF.WorkItemTracking.Server.L0.Tests.dll" adapterTypeName="Microsoft.VisualStudio.TestTools.TestTypes.Unit.UnitTestAdapter" className="MS.TF.WorkItemTracking.Server.L0.Tests.Workitems.WorkItemComponentTests+UpdateWorkItemsTests" name="TestPendingSetMembershipChecks" />
    </UnitTest>
    <UnitTest name="TestResourceLinkUpdates" storage="d:\v2.0\a1\_work\dbded102\bin\release.anycpu\tfs.service\ms.tf.workitemtracking.server.l0.tests\ms.tf.workitemtracking.server.l0.tests.dll" id="490603e7-3fe2-1c6c-f86b-fa2946030119">
      <Execution id="3e5a8bcb-333e-4b8c-ad4a-4abd3b142318" />
      <TestMethod codeBase="D:\v2.0\A1\_work\dbded102\bin\Release.AnyCPU\Tfs.Service\MS.TF.WorkItemTracking.Server.L0.Tests\MS.TF.WorkItemTracking.Server.L0.Tests.dll" adapterTypeName="Microsoft.VisualStudio.TestTools.TestTypes.Unit.UnitTestAdapter" className="MS.TF.WorkItemTracking.Server.L0.Tests.Workitems.WorkItemComponentTests+UpdateWorkItemsTests" name="TestResourceLinkUpdates" />
    </UnitTest>
    <UnitTest name="TestTextFieldUpdates" storage="d:\v2.0\a1\_work\dbded102\bin\release.anycpu\tfs.service\ms.tf.workitemtracking.server.l0.tests\ms.tf.workitemtracking.server.l0.tests.dll" id="3300be9e-d4fc-592e-a1a6-f1fe56493cd3">
      <Execution id="61c03ccb-9780-47cc-aa2f-12744675a1df" />
      <TestMethod codeBase="D:\v2.0\A1\_work\dbded102\bin\Release.AnyCPU\Tfs.Service\MS.TF.WorkItemTracking.Server.L0.Tests\MS.TF.WorkItemTracking.Server.L0.Tests.dll" adapterTypeName="Microsoft.VisualStudio.TestTools.TestTypes.Unit.UnitTestAdapter" className="MS.TF.WorkItemTracking.Server.L0.Tests.Workitems.WorkItemComponentTests+UpdateWorkItemsTests" name="TestTextFieldUpdates" />
    </UnitTest>
    <UnitTest name="TestWorkItemLinkUpdates" storage="d:\v2.0\a1\_work\dbded102\bin\release.anycpu\tfs.service\ms.tf.workitemtracking.server.l0.tests\ms.tf.workitemtracking.server.l0.tests.dll" id="f8a2db41-3c3b-fc03-f3c6-87e7bdbef2dd">
      <Execution id="07d8c96a-b431-4d96-a19d-6075d692f034" />
      <TestMethod codeBase="D:\v2.0\A1\_work\dbded102\bin\Release.AnyCPU\Tfs.Service\MS.TF.WorkItemTracking.Server.L0.Tests\MS.TF.WorkItemTracking.Server.L0.Tests.dll" adapterTypeName="Microsoft.VisualStudio.TestTools.TestTypes.Unit.UnitTestAdapter" className="MS.TF.WorkItemTracking.Server.L0.Tests.Workitems.WorkItemComponentTests+UpdateWorkItemsTests" name="TestWorkItemLinkUpdates" />
    </UnitTest>
    <UnitTest name="UpdateWorkItems_NullIdentityDescriptor" storage="d:\v2.0\a1\_work\dbded102\bin\release.anycpu\tfs.service\ms.tf.workitemtracking.server.l0.tests\ms.tf.workitemtracking.server.l0.tests.dll" id="e1ab61e6-732e-e94d-9310-25cda5a73835">
      <Execution id="4ccc197f-ff4c-41c0-ad8e-5e07eb725136" />
      <TestMethod codeBase="D:\v2.0\A1\_work\dbded102\bin\Release.AnyCPU\Tfs.Service\MS.TF.WorkItemTracking.Server.L0.Tests\MS.TF.WorkItemTracking.Server.L0.Tests.dll" adapterTypeName="Microsoft.VisualStudio.TestTools.TestTypes.Unit.UnitTestAdapter" className="MS.TF.WorkItemTracking.Server.L0.Tests.Workitems.WorkItemComponentTests+UpdateWorkItemsTests" name="UpdateWorkItems_NullIdentityDescriptor" />
    </UnitTest>
    <UnitTest name="UpdateWorkItems_NullUpdateDataset" storage="d:\v2.0\a1\_work\dbded102\bin\release.anycpu\tfs.service\ms.tf.workitemtracking.server.l0.tests\ms.tf.workitemtracking.server.l0.tests.dll" id="67ccba15-b978-b475-95a0-fcf54e46f8c7">
      <Execution id="f9775d4f-6d33-4a2e-bf5f-c10ed5b3db1b" />
      <TestMethod codeBase="D:\v2.0\A1\_work\dbded102\bin\Release.AnyCPU\Tfs.Service\MS.TF.WorkItemTracking.Server.L0.Tests\MS.TF.WorkItemTracking.Server.L0.Tests.dll" adapterTypeName="Microsoft.VisualStudio.TestTools.TestTypes.Unit.UnitTestAdapter" className="MS.TF.WorkItemTracking.Server.L0.Tests.Workitems.WorkItemComponentTests+UpdateWorkItemsTests" name="UpdateWorkItems_NullUpdateDataset" />
    </UnitTest>
    <UnitTest name="DestroyWorkItems" storage="d:\v2.0\a1\_work\dbded102\bin\release.anycpu\tfs.service\ms.tf.workitemtracking.server.l0.tests\ms.tf.workitemtracking.server.l0.tests.dll" id="7f22901c-af4c-7cdf-842b-c90670f5ebfd">
      <Execution id="f149e84a-ade2-4056-81b3-1c29a2979695" />
      <TestMethod codeBase="D:\v2.0\A1\_work\dbded102\bin\Release.AnyCPU\Tfs.Service\MS.TF.WorkItemTracking.Server.L0.Tests\MS.TF.WorkItemTracking.Server.L0.Tests.dll" adapterTypeName="Microsoft.VisualStudio.TestTools.TestTypes.Unit.UnitTestAdapter" className="MS.TF.WorkItemTracking.Server.L0.Tests.Workitems.WorkItemComponentTests+DestroyWorkItemTests" name="DestroyWorkItems" />
    </UnitTest>
    <UnitTest name="DestroyWorkItems_NullWorkItemIds" storage="d:\v2.0\a1\_work\dbded102\bin\release.anycpu\tfs.service\ms.tf.workitemtracking.server.l0.tests\ms.tf.workitemtracking.server.l0.tests.dll" id="db74ad43-0db1-a74e-cbba-87692bd96b80">
      <Execution id="7f64093b-c24a-47c0-8163-c46eb11c3150" />
      <TestMethod codeBase="D:\v2.0\A1\_work\dbded102\bin\Release.AnyCPU\Tfs.Service\MS.TF.WorkItemTracking.Server.L0.Tests\MS.TF.WorkItemTracking.Server.L0.Tests.dll" adapterTypeName="Microsoft.VisualStudio.TestTools.TestTypes.Unit.UnitTestAdapter" className="MS.TF.WorkItemTracking.Server.L0.Tests.Workitems.WorkItemComponentTests+DestroyWorkItemTests" name="DestroyWorkItems_NullWorkItemIds" />
    </UnitTest>
    <UnitTest name="WorkItemComponent6_DestroyWorkItems" storage="d:\v2.0\a1\_work\dbded102\bin\release.anycpu\tfs.service\ms.tf.workitemtracking.server.l0.tests\ms.tf.workitemtracking.server.l0.tests.dll" id="5bce7669-cd26-6158-e162-b3acd8dcf62f">
      <Execution id="8d476159-7a5c-4833-b603-fd084a69e683" />
      <TestMethod codeBase="D:\v2.0\A1\_work\dbded102\bin\Release.AnyCPU\Tfs.Service\MS.TF.WorkItemTracking.Server.L0.Tests\MS.TF.WorkItemTracking.Server.L0.Tests.dll" adapterTypeName="Microsoft.VisualStudio.TestTools.TestTypes.Unit.UnitTestAdapter" className="MS.TF.WorkItemTracking.Server.L0.Tests.Workitems.WorkItemComponentTests+DestroyWorkItemTests" name="WorkItemComponent6_DestroyWorkItems" />
    </UnitTest>
    <UnitTest name="WorkItemComponent6_DestroyWorkItems_NullWorkItemIds" storage="d:\v2.0\a1\_work\dbded102\bin\release.anycpu\tfs.service\ms.tf.workitemtracking.server.l0.tests\ms.tf.workitemtracking.server.l0.tests.dll" id="10c57974-c601-f98f-3182-6b26d38312ec">
      <Execution id="819cc0da-ae4d-4614-9f37-76e045e1be49" />
      <TestMethod codeBase="D:\v2.0\A1\_work\dbded102\bin\Release.AnyCPU\Tfs.Service\MS.TF.WorkItemTracking.Server.L0.Tests\MS.TF.WorkItemTracking.Server.L0.Tests.dll" adapterTypeName="Microsoft.VisualStudio.TestTools.TestTypes.Unit.UnitTestAdapter" className="MS.TF.WorkItemTracking.Server.L0.Tests.Workitems.WorkItemComponentTests+DestroyWorkItemTests" name="WorkItemComponent6_DestroyWorkItems_NullWorkItemIds" />
    </UnitTest>
    <UnitTest name="TestGetDestroyedWorkItemIds" storage="d:\v2.0\a1\_work\dbded102\bin\release.anycpu\tfs.service\ms.tf.workitemtracking.server.l0.tests\ms.tf.workitemtracking.server.l0.tests.dll" id="caf55c76-49f4-4ea1-087f-6977600f4473">
      <Execution id="703ccb5e-d34f-4086-ae52-4bc328a27428" />
      <TestMethod codeBase="D:\v2.0\A1\_work\dbded102\bin\Release.AnyCPU\Tfs.Service\MS.TF.WorkItemTracking.Server.L0.Tests\MS.TF.WorkItemTracking.Server.L0.Tests.dll" adapterTypeName="Microsoft.VisualStudio.TestTools.TestTypes.Unit.UnitTestAdapter" className="MS.TF.WorkItemTracking.Server.L0.Tests.Workitems.WorkItemComponentTests+GetDestroyedWorkItemIdsTests" name="TestGetDestroyedWorkItemIds" />
    </UnitTest>
    <UnitTest name="GetWorkItemIdsForArtifactUris_SingleResult" storage="d:\v2.0\a1\_work\dbded102\bin\release.anycpu\tfs.service\ms.tf.workitemtracking.server.l0.tests\ms.tf.workitemtracking.server.l0.tests.dll" id="f20a2ffa-57a4-a3c3-6c8d-361e6beba545">
      <Execution id="19cd30ba-5388-4e69-8437-c3f6d74b4bba" />
      <TestMethod codeBase="D:\v2.0\A1\_work\dbded102\bin\Release.AnyCPU\Tfs.Service\MS.TF.WorkItemTracking.Server.L0.Tests\MS.TF.WorkItemTracking.Server.L0.Tests.dll" adapterTypeName="Microsoft.VisualStudio.TestTools.TestTypes.Unit.UnitTestAdapter" className="MS.TF.WorkItemTracking.Server.L0.Tests.Workitems.WorkItemComponentTests+GetWorkItemIdsForArtifactUrisTests" name="GetWorkItemIdsForArtifactUris_SingleResult" />
    </UnitTest>
    <UnitTest name="GetWorkItemIdsForArtifactUris_MultipleResults" storage="d:\v2.0\a1\_work\dbded102\bin\release.anycpu\tfs.service\ms.tf.workitemtracking.server.l0.tests\ms.tf.workitemtracking.server.l0.tests.dll" id="26aa9c1a-0eb3-dfe4-17af-bf11d3b4f0f4">
      <Execution id="b953cc15-2b42-40ea-a66b-84a238c2754e" />
      <TestMethod codeBase="D:\v2.0\A1\_work\dbded102\bin\Release.AnyCPU\Tfs.Service\MS.TF.WorkItemTracking.Server.L0.Tests\MS.TF.WorkItemTracking.Server.L0.Tests.dll" adapterTypeName="Microsoft.VisualStudio.TestTools.TestTypes.Unit.UnitTestAdapter" className="MS.TF.WorkItemTracking.Server.L0.Tests.Workitems.WorkItemComponentTests+GetWorkItemIdsForArtifactUrisTests" name="GetWorkItemIdsForArtifactUris_MultipleResults" />
    </UnitTest>
    <UnitTest name="GetWorkItemIdsForArtifactUris_NullArtifactUris" storage="d:\v2.0\a1\_work\dbded102\bin\release.anycpu\tfs.service\ms.tf.workitemtracking.server.l0.tests\ms.tf.workitemtracking.server.l0.tests.dll" id="d04930b3-cfdf-a197-bae7-5b88f7f9a4e5">
      <Execution id="582c252f-f4dd-405e-adea-147f86a75b74" />
      <TestMethod codeBase="D:\v2.0\A1\_work\dbded102\bin\Release.AnyCPU\Tfs.Service\MS.TF.WorkItemTracking.Server.L0.Tests\MS.TF.WorkItemTracking.Server.L0.Tests.dll" adapterTypeName="Microsoft.VisualStudio.TestTools.TestTypes.Unit.UnitTestAdapter" className="MS.TF.WorkItemTracking.Server.L0.Tests.Workitems.WorkItemComponentTests+GetWorkItemIdsForArtifactUrisTests" name="GetWorkItemIdsForArtifactUris_NullArtifactUris" />
    </UnitTest>
    <UnitTest name="GetWorkItemIdsForArtifactUris_NullDateTime" storage="d:\v2.0\a1\_work\dbded102\bin\release.anycpu\tfs.service\ms.tf.workitemtracking.server.l0.tests\ms.tf.workitemtracking.server.l0.tests.dll" id="b56ab53d-edcb-e1a5-4873-ce18800875e5">
      <Execution id="07dd7a9a-7007-45fe-9f24-f7374170a54d" />
      <TestMethod codeBase="D:\v2.0\A1\_work\dbded102\bin\Release.AnyCPU\Tfs.Service\MS.TF.WorkItemTracking.Server.L0.Tests\MS.TF.WorkItemTracking.Server.L0.Tests.dll" adapterTypeName="Microsoft.VisualStudio.TestTools.TestTypes.Unit.UnitTestAdapter" className="MS.TF.WorkItemTracking.Server.L0.Tests.Workitems.WorkItemComponentTests+GetWorkItemIdsForArtifactUrisTests" name="GetWorkItemIdsForArtifactUris_NullDateTime" />
    </UnitTest>
    <UnitTest name="TestUpdateReconciledWorkItems" storage="d:\v2.0\a1\_work\dbded102\bin\release.anycpu\tfs.service\ms.tf.workitemtracking.server.l0.tests\ms.tf.workitemtracking.server.l0.tests.dll" id="c2aa171c-c36d-4058-1986-cf8af01ecec6">
      <Execution id="ac9b7ba2-4152-4b05-8dcf-ebe36ff12af9" />
      <TestMethod codeBase="D:\v2.0\A1\_work\dbded102\bin\Release.AnyCPU\Tfs.Service\MS.TF.WorkItemTracking.Server.L0.Tests\MS.TF.WorkItemTracking.Server.L0.Tests.dll" adapterTypeName="Microsoft.VisualStudio.TestTools.TestTypes.Unit.UnitTestAdapter" className="MS.TF.WorkItemTracking.Server.L0.Tests.Workitems.WorkItemComponentTests+UpdateReconciledWorkItemsTests" name="TestUpdateReconciledWorkItems" />
    </UnitTest>
    <UnitTest name="UpdateReconciledWorkItems_NullArguments" storage="d:\v2.0\a1\_work\dbded102\bin\release.anycpu\tfs.service\ms.tf.workitemtracking.server.l0.tests\ms.tf.workitemtracking.server.l0.tests.dll" id="25dad0c5-2d36-095c-c6e4-e9a5e62746ad">
      <Execution id="11d26a8a-bb17-43d2-b1df-0b92fc32a638" />
      <TestMethod codeBase="D:\v2.0\A1\_work\dbded102\bin\Release.AnyCPU\Tfs.Service\MS.TF.WorkItemTracking.Server.L0.Tests\MS.TF.WorkItemTracking.Server.L0.Tests.dll" adapterTypeName="Microsoft.VisualStudio.TestTools.TestTypes.Unit.UnitTestAdapter" className="MS.TF.WorkItemTracking.Server.L0.Tests.Workitems.WorkItemComponentTests+UpdateReconciledWorkItemsTests" name="UpdateReconciledWorkItems_NullArguments" />
    </UnitTest>
    <UnitTest name="UpdateReconciledWorkItems_NullIdentityDescriptor" storage="d:\v2.0\a1\_work\dbded102\bin\release.anycpu\tfs.service\ms.tf.workitemtracking.server.l0.tests\ms.tf.workitemtracking.server.l0.tests.dll" id="3c305e00-6c6c-0178-6fc6-13c2e00a4b30">
      <Execution id="175afe97-fa5e-4e82-ac50-d4759fc45c15" />
      <TestMethod codeBase="D:\v2.0\A1\_work\dbded102\bin\Release.AnyCPU\Tfs.Service\MS.TF.WorkItemTracking.Server.L0.Tests\MS.TF.WorkItemTracking.Server.L0.Tests.dll" adapterTypeName="Microsoft.VisualStudio.TestTools.TestTypes.Unit.UnitTestAdapter" className="MS.TF.WorkItemTracking.Server.L0.Tests.Workitems.WorkItemComponentTests+UpdateReconciledWorkItemsTests" name="UpdateReconciledWorkItems_NullIdentityDescriptor" />
    </UnitTest>
    <UnitTest name="GetWorkItemsByArtifactUris_NullRequestContext" storage="d:\v2.0\a1\_work\dbded102\bin\release.anycpu\tfs.service\ms.tf.workitemtracking.server.l0.tests\ms.tf.workitemtracking.server.l0.tests.dll" id="8561ff3b-230c-4c02-ada8-8e78c657afab">
      <Execution id="38934d5c-57fa-4fab-acf1-25a08c5f5e97" />
      <TestMethod codeBase="D:\v2.0\A1\_work\dbded102\bin\Release.AnyCPU\Tfs.Service\MS.TF.WorkItemTracking.Server.L0.Tests\MS.TF.WorkItemTracking.Server.L0.Tests.dll" adapterTypeName="Microsoft.VisualStudio.TestTools.TestTypes.Unit.UnitTestAdapter" className="MS.TF.WorkItemTracking.Server.L0.Tests.Workitems.WorkItemServiceFilterTests+GetWorkItemsByArtifactUrisTests" name="GetWorkItemsByArtifactUris_NullRequestContext" />
    </UnitTest>
    <UnitTest name="GetWorkItemsByArtifactUris_NullArtifactUris" storage="d:\v2.0\a1\_work\dbded102\bin\release.anycpu\tfs.service\ms.tf.workitemtracking.server.l0.tests\ms.tf.workitemtracking.server.l0.tests.dll" id="4825d5fc-6b00-c271-e37b-5b231bba76cb">
      <Execution id="5e728ee5-f985-4231-9297-4c9aeb688d4d" />
      <TestMethod codeBase="D:\v2.0\A1\_work\dbded102\bin\Release.AnyCPU\Tfs.Service\MS.TF.WorkItemTracking.Server.L0.Tests\MS.TF.WorkItemTracking.Server.L0.Tests.dll" adapterTypeName="Microsoft.VisualStudio.TestTools.TestTypes.Unit.UnitTestAdapter" className="MS.TF.WorkItemTracking.Server.L0.Tests.Workitems.WorkItemServiceFilterTests+GetWorkItemsByArtifactUrisTests" name="GetWorkItemsByArtifactUris_NullArtifactUris" />
    </UnitTest>
    <UnitTest name="GetWorkItemsByArtifactUris_NullArtifactUri" storage="d:\v2.0\a1\_work\dbded102\bin\release.anycpu\tfs.service\ms.tf.workitemtracking.server.l0.tests\ms.tf.workitemtracking.server.l0.tests.dll" id="5d271776-fd1c-9a2b-0923-1fda1c2a9fa5">
      <Execution id="f77de18b-ff6e-4b21-8186-601ddbd56338" />
      <TestMethod codeBase="D:\v2.0\A1\_work\dbded102\bin\Release.AnyCPU\Tfs.Service\MS.TF.WorkItemTracking.Server.L0.Tests\MS.TF.WorkItemTracking.Server.L0.Tests.dll" adapterTypeName="Microsoft.VisualStudio.TestTools.TestTypes.Unit.UnitTestAdapter" className="MS.TF.WorkItemTracking.Server.L0.Tests.Workitems.WorkItemServiceFilterTests+GetWorkItemsByArtifactUrisTests" name="GetWorkItemsByArtifactUris_NullArtifactUri" />
    </UnitTest>
    <UnitTest name="GetWorkItemsByArtifactUris" storage="d:\v2.0\a1\_work\dbded102\bin\release.anycpu\tfs.service\ms.tf.workitemtracking.server.l0.tests\ms.tf.workitemtracking.server.l0.tests.dll" id="76d9495e-ec3e-aef5-0612-0853da94906f">
      <Execution id="beb770e4-f7a1-43d2-ae28-8d5cc3bc0a5e" />
      <TestMethod codeBase="D:\v2.0\A1\_work\dbded102\bin\Release.AnyCPU\Tfs.Service\MS.TF.WorkItemTracking.Server.L0.Tests\MS.TF.WorkItemTracking.Server.L0.Tests.dll" adapterTypeName="Microsoft.VisualStudio.TestTools.TestTypes.Unit.UnitTestAdapter" className="MS.TF.WorkItemTracking.Server.L0.Tests.Workitems.WorkItemServiceFilterTests+GetWorkItemsByArtifactUrisTests" name="GetWorkItemsByArtifactUris" />
    </UnitTest>
    <UnitTest name="GetWorkItemsByArtifactUris_FiltersNonPermission" storage="d:\v2.0\a1\_work\dbded102\bin\release.anycpu\tfs.service\ms.tf.workitemtracking.server.l0.tests\ms.tf.workitemtracking.server.l0.tests.dll" id="32637ec9-af05-9819-a880-fe6cb045aeb6">
      <Execution id="96c225f1-feae-4385-9db8-e1a133f48153" />
      <TestMethod codeBase="D:\v2.0\A1\_work\dbded102\bin\Release.AnyCPU\Tfs.Service\MS.TF.WorkItemTracking.Server.L0.Tests\MS.TF.WorkItemTracking.Server.L0.Tests.dll" adapterTypeName="Microsoft.VisualStudio.TestTools.TestTypes.Unit.UnitTestAdapter" className="MS.TF.WorkItemTracking.Server.L0.Tests.Workitems.WorkItemServiceFilterTests+GetWorkItemsByArtifactUrisTests" name="GetWorkItemsByArtifactUris_FiltersNonPermission" />
    </UnitTest>
    <UnitTest name="GetDestroyedWorkItemIds_NullRequestContext" storage="d:\v2.0\a1\_work\dbded102\bin\release.anycpu\tfs.service\ms.tf.workitemtracking.server.l0.tests\ms.tf.workitemtracking.server.l0.tests.dll" id="639bf7a4-56f5-700c-5872-0f86304ef480">
      <Execution id="17823cf2-1f77-4227-a446-f07fda5d5ba1" />
      <TestMethod codeBase="D:\v2.0\A1\_work\dbded102\bin\Release.AnyCPU\Tfs.Service\MS.TF.WorkItemTracking.Server.L0.Tests\MS.TF.WorkItemTracking.Server.L0.Tests.dll" adapterTypeName="Microsoft.VisualStudio.TestTools.TestTypes.Unit.UnitTestAdapter" className="MS.TF.WorkItemTracking.Server.L0.Tests.Workitems.WorkItemServiceFilterTests+GetDestroyedWorkItemIdsTests" name="GetDestroyedWorkItemIds_NullRequestContext" />
    </UnitTest>
    <UnitTest name="TestGetDestroyedWorkItemIds" storage="d:\v2.0\a1\_work\dbded102\bin\release.anycpu\tfs.service\ms.tf.workitemtracking.server.l0.tests\ms.tf.workitemtracking.server.l0.tests.dll" id="9c200632-d4f0-3601-16c4-1885d0a14f2d">
      <Execution id="fa2533a8-de80-4215-bd47-ee76cbcc10de" />
      <TestMethod codeBase="D:\v2.0\A1\_work\dbded102\bin\Release.AnyCPU\Tfs.Service\MS.TF.WorkItemTracking.Server.L0.Tests\MS.TF.WorkItemTracking.Server.L0.Tests.dll" adapterTypeName="Microsoft.VisualStudio.TestTools.TestTypes.Unit.UnitTestAdapter" className="MS.TF.WorkItemTracking.Server.L0.Tests.Workitems.WorkItemServiceFilterTests+GetDestroyedWorkItemIdsTests" name="TestGetDestroyedWorkItemIds" />
    </UnitTest>
    <UnitTest name="WillReturnWorkItemFieldData" storage="d:\v2.0\a1\_work\dbded102\bin\release.anycpu\tfs.service\ms.tf.workitemtracking.server.l0.tests\ms.tf.workitemtracking.server.l0.tests.dll" id="c67210c6-0ead-f8f4-6607-d6be8944773a">
      <Execution id="e8351be1-403b-4b71-a95a-fc2ab9cf9510" />
      <TestMethod codeBase="D:\v2.0\A1\_work\dbded102\bin\Release.AnyCPU\Tfs.Service\MS.TF.WorkItemTracking.Server.L0.Tests\MS.TF.WorkItemTracking.Server.L0.Tests.dll" adapterTypeName="Microsoft.VisualStudio.TestTools.TestTypes.Unit.UnitTestAdapter" className="MS.TF.WorkItemTracking.Server.L0.Tests.Workitems.WorkItemServiceTests+GetWorkItemFieldValuesTests" name="WillReturnWorkItemFieldData" />
    </UnitTest>
    <UnitTest name="HandlesOldAreaIdsWithTags" storage="d:\v2.0\a1\_work\dbded102\bin\release.anycpu\tfs.service\ms.tf.workitemtracking.server.l0.tests\ms.tf.workitemtracking.server.l0.tests.dll" id="adffb759-cbe4-55f1-6446-d228cb64f5cf">
      <Execution id="0191c83d-55c3-4a60-acf7-69e6dd56b736" />
      <TestMethod codeBase="D:\v2.0\A1\_work\dbded102\bin\Release.AnyCPU\Tfs.Service\MS.TF.WorkItemTracking.Server.L0.Tests\MS.TF.WorkItemTracking.Server.L0.Tests.dll" adapterTypeName="Microsoft.VisualStudio.TestTools.TestTypes.Unit.UnitTestAdapter" className="MS.TF.WorkItemTracking.Server.L0.Tests.Workitems.WorkItemServiceTests+GetWorkItemFieldValuesTests" name="HandlesOldAreaIdsWithTags" />
    </UnitTest>
    <UnitTest name="WillThrowWorkItemAccessExceptionIfUserIsNotPermittedToReadWorkItem" storage="d:\v2.0\a1\_work\dbded102\bin\release.anycpu\tfs.service\ms.tf.workitemtracking.server.l0.tests\ms.tf.workitemtracking.server.l0.tests.dll" id="263f6e47-e1ba-d479-c475-a05de2e7362b">
      <Execution id="14a7facc-741f-4e4a-a89d-303148aafa13" />
      <TestMethod codeBase="D:\v2.0\A1\_work\dbded102\bin\Release.AnyCPU\Tfs.Service\MS.TF.WorkItemTracking.Server.L0.Tests\MS.TF.WorkItemTracking.Server.L0.Tests.dll" adapterTypeName="Microsoft.VisualStudio.TestTools.TestTypes.Unit.UnitTestAdapter" className="MS.TF.WorkItemTracking.Server.L0.Tests.Workitems.WorkItemServiceTests+GetWorkItemFieldValuesTests" name="WillThrowWorkItemAccessExceptionIfUserIsNotPermittedToReadWorkItem" />
    </UnitTest>
    <UnitTest name="WillReturnDataFromComponent" storage="d:\v2.0\a1\_work\dbded102\bin\release.anycpu\tfs.service\ms.tf.workitemtracking.server.l0.tests\ms.tf.workitemtracking.server.l0.tests.dll" id="6e1e3d10-218e-4647-24e5-5589e3d7059a">
      <Execution id="ed371a66-fcff-4831-82af-8d7a0f7b95bc" />
      <TestMethod codeBase="D:\v2.0\A1\_work\dbded102\bin\Release.AnyCPU\Tfs.Service\MS.TF.WorkItemTracking.Server.L0.Tests\MS.TF.WorkItemTracking.Server.L0.Tests.dll" adapterTypeName="Microsoft.VisualStudio.TestTools.TestTypes.Unit.UnitTestAdapter" className="MS.TF.WorkItemTracking.Server.L0.Tests.Workitems.WorkItemServiceTests+GetWorkItemByIdTests" name="WillReturnDataFromComponent" />
    </UnitTest>
    <UnitTest name="WillProvideCorrectAreaPathFromAreaId" storage="d:\v2.0\a1\_work\dbded102\bin\release.anycpu\tfs.service\ms.tf.workitemtracking.server.l0.tests\ms.tf.workitemtracking.server.l0.tests.dll" id="067af71f-0d9e-4c09-ef9c-27d5026855e1">
      <Execution id="600b6c6c-3e37-47f7-90fe-88b6d7c43960" />
      <TestMethod codeBase="D:\v2.0\A1\_work\dbded102\bin\Release.AnyCPU\Tfs.Service\MS.TF.WorkItemTracking.Server.L0.Tests\MS.TF.WorkItemTracking.Server.L0.Tests.dll" adapterTypeName="Microsoft.VisualStudio.TestTools.TestTypes.Unit.UnitTestAdapter" className="MS.TF.WorkItemTracking.Server.L0.Tests.Workitems.WorkItemServiceTests+GetWorkItemByIdTests" name="WillProvideCorrectAreaPathFromAreaId" />
    </UnitTest>
    <UnitTest name="WillProvideCorrectIterationPathFromIterationId" storage="d:\v2.0\a1\_work\dbded102\bin\release.anycpu\tfs.service\ms.tf.workitemtracking.server.l0.tests\ms.tf.workitemtracking.server.l0.tests.dll" id="a134cf55-47ec-2ad6-e9f2-d87c28f10f40">
      <Execution id="60afd672-c87f-4e82-afa8-d4b41dc2752b" />
      <TestMethod codeBase="D:\v2.0\A1\_work\dbded102\bin\Release.AnyCPU\Tfs.Service\MS.TF.WorkItemTracking.Server.L0.Tests\MS.TF.WorkItemTracking.Server.L0.Tests.dll" adapterTypeName="Microsoft.VisualStudio.TestTools.TestTypes.Unit.UnitTestAdapter" className="MS.TF.WorkItemTracking.Server.L0.Tests.Workitems.WorkItemServiceTests+GetWorkItemByIdTests" name="WillProvideCorrectIterationPathFromIterationId" />
    </UnitTest>
    <UnitTest name="WillReturnNullDescriptionIfNoneinFieldsDictionary" storage="d:\v2.0\a1\_work\dbded102\bin\release.anycpu\tfs.service\ms.tf.workitemtracking.server.l0.tests\ms.tf.workitemtracking.server.l0.tests.dll" id="3eb182c6-8ead-7cf5-5050-5ebadd4a71f6">
      <Execution id="237208b5-3a60-4522-87b2-adab522be659" />
      <TestMethod codeBase="D:\v2.0\A1\_work\dbded102\bin\Release.AnyCPU\Tfs.Service\MS.TF.WorkItemTracking.Server.L0.Tests\MS.TF.WorkItemTracking.Server.L0.Tests.dll" adapterTypeName="Microsoft.VisualStudio.TestTools.TestTypes.Unit.UnitTestAdapter" className="MS.TF.WorkItemTracking.Server.L0.Tests.Workitems.WorkItemServiceTests+GetWorkItemByIdTests" name="WillReturnNullDescriptionIfNoneinFieldsDictionary" />
    </UnitTest>
    <UnitTest name="WillThrowWorkItemNotFoundExceptionIfWorkItemIsEmptyFromComponent" storage="d:\v2.0\a1\_work\dbded102\bin\release.anycpu\tfs.service\ms.tf.workitemtracking.server.l0.tests\ms.tf.workitemtracking.server.l0.tests.dll" id="9f1f0426-916a-93ef-bd5b-bfa359cd3863">
      <Execution id="0a88969c-6b54-4300-8044-7c6b62f580ca" />
      <TestMethod codeBase="D:\v2.0\A1\_work\dbded102\bin\Release.AnyCPU\Tfs.Service\MS.TF.WorkItemTracking.Server.L0.Tests\MS.TF.WorkItemTracking.Server.L0.Tests.dll" adapterTypeName="Microsoft.VisualStudio.TestTools.TestTypes.Unit.UnitTestAdapter" className="MS.TF.WorkItemTracking.Server.L0.Tests.Workitems.WorkItemServiceTests+GetWorkItemByIdTests" name="WillThrowWorkItemNotFoundExceptionIfWorkItemIsEmptyFromComponent" />
    </UnitTest>
    <UnitTest name="WillThrowArgumentOutOfRangeExceptionIfWorItemIdIsLessThan1" storage="d:\v2.0\a1\_work\dbded102\bin\release.anycpu\tfs.service\ms.tf.workitemtracking.server.l0.tests\ms.tf.workitemtracking.server.l0.tests.dll" id="db2b8c15-11a0-395d-84a1-ddf1f82efacc">
      <Execution id="b44567c1-0cf6-40dd-badf-c130367dfc43" />
      <TestMethod codeBase="D:\v2.0\A1\_work\dbded102\bin\Release.AnyCPU\Tfs.Service\MS.TF.WorkItemTracking.Server.L0.Tests\MS.TF.WorkItemTracking.Server.L0.Tests.dll" adapterTypeName="Microsoft.VisualStudio.TestTools.TestTypes.Unit.UnitTestAdapter" className="MS.TF.WorkItemTracking.Server.L0.Tests.Workitems.WorkItemServiceTests+GetWorkItemByIdTests" name="WillThrowArgumentOutOfRangeExceptionIfWorItemIdIsLessThan1" />
    </UnitTest>
    <UnitTest name="WillThrowArgumentNullExceptionIfRequestContextIsNull" storage="d:\v2.0\a1\_work\dbded102\bin\release.anycpu\tfs.service\ms.tf.workitemtracking.server.l0.tests\ms.tf.workitemtracking.server.l0.tests.dll" id="18b5e7fc-8374-e02b-33d7-f2ffa74a597f">
      <Execution id="7cbb8df5-451f-4bc5-b6ac-79a7abdc6199" />
      <TestMethod codeBase="D:\v2.0\A1\_work\dbded102\bin\Release.AnyCPU\Tfs.Service\MS.TF.WorkItemTracking.Server.L0.Tests\MS.TF.WorkItemTracking.Server.L0.Tests.dll" adapterTypeName="Microsoft.VisualStudio.TestTools.TestTypes.Unit.UnitTestAdapter" className="MS.TF.WorkItemTracking.Server.L0.Tests.Workitems.WorkItemServiceTests+GetWorkItemByIdTests" name="WillThrowArgumentNullExceptionIfRequestContextIsNull" />
    </UnitTest>
    <UnitTest name="WillThrowWorkItemAccessExceptionIfUserIsNotPermittedToReadWorkItem" storage="d:\v2.0\a1\_work\dbded102\bin\release.anycpu\tfs.service\ms.tf.workitemtracking.server.l0.tests\ms.tf.workitemtracking.server.l0.tests.dll" id="9b710e5e-e02d-df1f-a731-bb6de136fc3e">
      <Execution id="bab942c1-8618-48b6-b997-4fc5190825aa" />
      <TestMethod codeBase="D:\v2.0\A1\_work\dbded102\bin\Release.AnyCPU\Tfs.Service\MS.TF.WorkItemTracking.Server.L0.Tests\MS.TF.WorkItemTracking.Server.L0.Tests.dll" adapterTypeName="Microsoft.VisualStudio.TestTools.TestTypes.Unit.UnitTestAdapter" className="MS.TF.WorkItemTracking.Server.L0.Tests.Workitems.WorkItemServiceTests+GetWorkItemByIdTests" name="WillThrowWorkItemAccessExceptionIfUserIsNotPermittedToReadWorkItem" />
    </UnitTest>
    <UnitTest name="GetWorkItemById" storage="d:\v2.0\a1\_work\dbded102\bin\release.anycpu\tfs.service\ms.tf.workitemtracking.server.l0.tests\ms.tf.workitemtracking.server.l0.tests.dll" id="865b2e19-dfc9-aee7-f526-3c1c532352a6">
      <Execution id="901573bb-f898-4342-8ff8-551f81d2df3b" />
      <TestMethod codeBase="D:\v2.0\A1\_work\dbded102\bin\Release.AnyCPU\Tfs.Service\MS.TF.WorkItemTracking.Server.L0.Tests\MS.TF.WorkItemTracking.Server.L0.Tests.dll" adapterTypeName="Microsoft.VisualStudio.TestTools.TestTypes.Unit.UnitTestAdapter" className="MS.TF.WorkItemTracking.Server.L0.Tests.Workitems.WorkItemServiceTests+GetWorkItemByIdTests" name="GetWorkItemById" />
    </UnitTest>
    <UnitTest name="UpdateWorkItem" storage="d:\v2.0\a1\_work\dbded102\bin\release.anycpu\tfs.service\ms.tf.workitemtracking.server.l0.tests\ms.tf.workitemtracking.server.l0.tests.dll" id="41dc76b3-1841-4e82-953c-2f3650cbfd8d">
      <Execution id="b5fe0bf2-8c9e-4102-be5e-48aafec369eb" />
      <TestMethod codeBase="D:\v2.0\A1\_work\dbded102\bin\Release.AnyCPU\Tfs.Service\MS.TF.WorkItemTracking.Server.L0.Tests\MS.TF.WorkItemTracking.Server.L0.Tests.dll" adapterTypeName="Microsoft.VisualStudio.TestTools.TestTypes.Unit.UnitTestAdapter" className="MS.TF.WorkItemTracking.Server.L0.Tests.Workitems.WorkItemServiceTests+UpdateWorkItemsTests" name="UpdateWorkItem" />
    </UnitTest>
    <UnitTest name="TestCheckClassificationNode_NodeProjectsDoNotMatch" storage="d:\v2.0\a1\_work\dbded102\bin\release.anycpu\tfs.service\ms.tf.workitemtracking.server.l0.tests\ms.tf.workitemtracking.server.l0.tests.dll" id="e6562b54-9a8c-c5bb-9179-125b0e987e75">
      <Execution id="9b5f4768-0b94-48e1-9f38-d9a062150f7b" />
      <TestMethod codeBase="D:\v2.0\A1\_work\dbded102\bin\Release.AnyCPU\Tfs.Service\MS.TF.WorkItemTracking.Server.L0.Tests\MS.TF.WorkItemTracking.Server.L0.Tests.dll" adapterTypeName="Microsoft.VisualStudio.TestTools.TestTypes.Unit.UnitTestAdapter" className="MS.TF.WorkItemTracking.Server.L0.Tests.Workitems.WorkItemServiceTests+UpdateWorkItemsTests" name="TestCheckClassificationNode_NodeProjectsDoNotMatch" />
    </UnitTest>
    <UnitTest name="TestCheckClassificationNode_AreaAndIterationPaths" storage="d:\v2.0\a1\_work\dbded102\bin\release.anycpu\tfs.service\ms.tf.workitemtracking.server.l0.tests\ms.tf.workitemtracking.server.l0.tests.dll" id="0f756769-d05f-4b10-4054-8e8915e46ebf">
      <Execution id="62df7a77-371b-4941-bf2f-04e39e9e2a42" />
      <TestMethod codeBase="D:\v2.0\A1\_work\dbded102\bin\Release.AnyCPU\Tfs.Service\MS.TF.WorkItemTracking.Server.L0.Tests\MS.TF.WorkItemTracking.Server.L0.Tests.dll" adapterTypeName="Microsoft.VisualStudio.TestTools.TestTypes.Unit.UnitTestAdapter" className="MS.TF.WorkItemTracking.Server.L0.Tests.Workitems.WorkItemServiceTests+UpdateWorkItemsTests" name="TestCheckClassificationNode_AreaAndIterationPaths" />
    </UnitTest>
    <UnitTest name="TestCheckClassificationNode_NodeRevisionIsNotConsistent" storage="d:\v2.0\a1\_work\dbded102\bin\release.anycpu\tfs.service\ms.tf.workitemtracking.server.l0.tests\ms.tf.workitemtracking.server.l0.tests.dll" id="b6cedb84-fc40-59d8-7b52-e058e783c606">
      <Execution id="4e7894b5-fcdf-42a2-8353-326d12763eb7" />
      <TestMethod codeBase="D:\v2.0\A1\_work\dbded102\bin\Release.AnyCPU\Tfs.Service\MS.TF.WorkItemTracking.Server.L0.Tests\MS.TF.WorkItemTracking.Server.L0.Tests.dll" adapterTypeName="Microsoft.VisualStudio.TestTools.TestTypes.Unit.UnitTestAdapter" className="MS.TF.WorkItemTracking.Server.L0.Tests.Workitems.WorkItemServiceTests+UpdateWorkItemsTests" name="TestCheckClassificationNode_NodeRevisionIsNotConsistent" />
    </UnitTest>
    <UnitTest name="TestCheckClassificationNode_DifferentAreaAndIterationProjects" storage="d:\v2.0\a1\_work\dbded102\bin\release.anycpu\tfs.service\ms.tf.workitemtracking.server.l0.tests\ms.tf.workitemtracking.server.l0.tests.dll" id="d1667c5c-282b-c822-c169-1e8f10c3adb8">
      <Execution id="57f7ab8e-b97f-436f-8305-778eb810f131" />
      <TestMethod codeBase="D:\v2.0\A1\_work\dbded102\bin\Release.AnyCPU\Tfs.Service\MS.TF.WorkItemTracking.Server.L0.Tests\MS.TF.WorkItemTracking.Server.L0.Tests.dll" adapterTypeName="Microsoft.VisualStudio.TestTools.TestTypes.Unit.UnitTestAdapter" className="MS.TF.WorkItemTracking.Server.L0.Tests.Workitems.WorkItemServiceTests+UpdateWorkItemsTests" name="TestCheckClassificationNode_DifferentAreaAndIterationProjects" />
    </UnitTest>
    <UnitTest name="TestCheckClassificationNode_InvalidField" storage="d:\v2.0\a1\_work\dbded102\bin\release.anycpu\tfs.service\ms.tf.workitemtracking.server.l0.tests\ms.tf.workitemtracking.server.l0.tests.dll" id="a8cb4d78-6822-740a-60a4-c509a6ae2dc7">
      <Execution id="30bfd395-7461-479b-8233-7b30b0c03396" />
      <TestMethod codeBase="D:\v2.0\A1\_work\dbded102\bin\Release.AnyCPU\Tfs.Service\MS.TF.WorkItemTracking.Server.L0.Tests\MS.TF.WorkItemTracking.Server.L0.Tests.dll" adapterTypeName="Microsoft.VisualStudio.TestTools.TestTypes.Unit.UnitTestAdapter" className="MS.TF.WorkItemTracking.Server.L0.Tests.Workitems.WorkItemServiceTests+UpdateWorkItemsTests" name="TestCheckClassificationNode_InvalidField" />
    </UnitTest>
    <UnitTest name="TestCheckClassificationNode_InvalidType" storage="d:\v2.0\a1\_work\dbded102\bin\release.anycpu\tfs.service\ms.tf.workitemtracking.server.l0.tests\ms.tf.workitemtracking.server.l0.tests.dll" id="a30f45e5-260f-6892-6d5d-eba947105576">
      <Execution id="df4ccd7b-98ea-4bcd-b616-040c9de2a741" />
      <TestMethod codeBase="D:\v2.0\A1\_work\dbded102\bin\Release.AnyCPU\Tfs.Service\MS.TF.WorkItemTracking.Server.L0.Tests\MS.TF.WorkItemTracking.Server.L0.Tests.dll" adapterTypeName="Microsoft.VisualStudio.TestTools.TestTypes.Unit.UnitTestAdapter" className="MS.TF.WorkItemTracking.Server.L0.Tests.Workitems.WorkItemServiceTests+UpdateWorkItemsTests" name="TestCheckClassificationNode_InvalidType" />
    </UnitTest>
    <UnitTest name="TestGetTrendData" storage="d:\v2.0\a1\_work\dbded102\bin\release.anycpu\tfs.service\ms.tf.workitemtracking.server.l0.tests\ms.tf.workitemtracking.server.l0.tests.dll" id="876f7fc3-1eb5-fbd6-99e1-9ecd797b58b5">
      <Execution id="1d92a566-cb0f-4aed-ab3a-769fbec6b822" />
      <TestMethod codeBase="D:\v2.0\A1\_work\dbded102\bin\Release.AnyCPU\Tfs.Service\MS.TF.WorkItemTracking.Server.L0.Tests\MS.TF.WorkItemTracking.Server.L0.Tests.dll" adapterTypeName="Microsoft.VisualStudio.TestTools.TestTypes.Unit.UnitTestAdapter" className="MS.TF.WorkItemTracking.Server.L0.Tests.Trend.WorkItemTrendDataComponentTests+GetTrendDataTests" name="TestGetTrendData" />
    </UnitTest>
    <UnitTest name="TestGetTrendData_NullEndDate" storage="d:\v2.0\a1\_work\dbded102\bin\release.anycpu\tfs.service\ms.tf.workitemtracking.server.l0.tests\ms.tf.workitemtracking.server.l0.tests.dll" id="f830c6d0-fede-dbbe-28ee-377f0fae7add">
      <Execution id="573534fd-cc2c-4008-910a-0d95796f83a7" />
      <TestMethod codeBase="D:\v2.0\A1\_work\dbded102\bin\Release.AnyCPU\Tfs.Service\MS.TF.WorkItemTracking.Server.L0.Tests\MS.TF.WorkItemTracking.Server.L0.Tests.dll" adapterTypeName="Microsoft.VisualStudio.TestTools.TestTypes.Unit.UnitTestAdapter" className="MS.TF.WorkItemTracking.Server.L0.Tests.Trend.WorkItemTrendDataComponentTests+GetTrendDataTests" name="TestGetTrendData_NullEndDate" />
    </UnitTest>
    <UnitTest name="TestSetTrendDataBaseline" storage="d:\v2.0\a1\_work\dbded102\bin\release.anycpu\tfs.service\ms.tf.workitemtracking.server.l0.tests\ms.tf.workitemtracking.server.l0.tests.dll" id="1d5c11a9-9a61-5944-d03d-64548f3ffc52">
      <Execution id="d8e4f01d-f6b2-4665-bbd0-641708dc4de9" />
      <TestMethod codeBase="D:\v2.0\A1\_work\dbded102\bin\Release.AnyCPU\Tfs.Service\MS.TF.WorkItemTracking.Server.L0.Tests\MS.TF.WorkItemTracking.Server.L0.Tests.dll" adapterTypeName="Microsoft.VisualStudio.TestTools.TestTypes.Unit.UnitTestAdapter" className="MS.TF.WorkItemTracking.Server.L0.Tests.Trend.WorkItemTrendDataComponentTests+SetTrendDataBaselineTests" name="TestSetTrendDataBaseline" />
    </UnitTest>
    <UnitTest name="TestStampTrendDataBaseline" storage="d:\v2.0\a1\_work\dbded102\bin\release.anycpu\tfs.service\ms.tf.workitemtracking.server.l0.tests\ms.tf.workitemtracking.server.l0.tests.dll" id="ae0a8f24-62ea-1072-7e70-6b6f4feeb6f3">
      <Execution id="b299ec69-881c-461f-af77-8ccba1d81d84" />
      <TestMethod codeBase="D:\v2.0\A1\_work\dbded102\bin\Release.AnyCPU\Tfs.Service\MS.TF.WorkItemTracking.Server.L0.Tests\MS.TF.WorkItemTracking.Server.L0.Tests.dll" adapterTypeName="Microsoft.VisualStudio.TestTools.TestTypes.Unit.UnitTestAdapter" className="MS.TF.WorkItemTracking.Server.L0.Tests.Trend.WorkItemTrendDataComponentTests+StampTrendDataBaselineTests" name="TestStampTrendDataBaseline" />
    </UnitTest>
    <UnitTest name="TestAddTrendDataRecords" storage="d:\v2.0\a1\_work\dbded102\bin\release.anycpu\tfs.service\ms.tf.workitemtracking.server.l0.tests\ms.tf.workitemtracking.server.l0.tests.dll" id="63823934-ae53-f85a-ccb0-3d1008c22a92">
      <Execution id="5c96420b-01a9-4cbb-b490-71bfcb23c946" />
      <TestMethod codeBase="D:\v2.0\A1\_work\dbded102\bin\Release.AnyCPU\Tfs.Service\MS.TF.WorkItemTracking.Server.L0.Tests\MS.TF.WorkItemTracking.Server.L0.Tests.dll" adapterTypeName="Microsoft.VisualStudio.TestTools.TestTypes.Unit.UnitTestAdapter" className="MS.TF.WorkItemTracking.Server.L0.Tests.Trend.WorkItemTrendDataComponentTests+WorkItemTrendDataComponent2_AddTrendDataRecordsTests" name="TestAddTrendDataRecords" />
    </UnitTest>
    <UnitTest name="TestGetChangedWorkItemData" storage="d:\v2.0\a1\_work\dbded102\bin\release.anycpu\tfs.service\ms.tf.workitemtracking.server.l0.tests\ms.tf.workitemtracking.server.l0.tests.dll" id="655ceafb-9fa7-a368-b988-cceca45060a7">
      <Execution id="304e0821-8aaf-42e2-bf54-21f109dfe52e" />
      <TestMethod codeBase="D:\v2.0\A1\_work\dbded102\bin\Release.AnyCPU\Tfs.Service\MS.TF.WorkItemTracking.Server.L0.Tests\MS.TF.WorkItemTracking.Server.L0.Tests.dll" adapterTypeName="Microsoft.VisualStudio.TestTools.TestTypes.Unit.UnitTestAdapter" className="MS.TF.WorkItemTracking.Server.L0.Tests.Trend.WorkItemTrendDataComponentTests+WorkItemTrendDataComponent2_GetChangedWorkItemDataTests" name="TestGetChangedWorkItemData" />
    </UnitTest>
    <UnitTest name="TestBeginRebuildTrendData" storage="d:\v2.0\a1\_work\dbded102\bin\release.anycpu\tfs.service\ms.tf.workitemtracking.server.l0.tests\ms.tf.workitemtracking.server.l0.tests.dll" id="7030a2a1-e377-a66e-1354-aeee7f7b5c3b">
      <Execution id="0c717f4c-61d8-4345-97c3-5ee621660f5f" />
      <TestMethod codeBase="D:\v2.0\A1\_work\dbded102\bin\Release.AnyCPU\Tfs.Service\MS.TF.WorkItemTracking.Server.L0.Tests\MS.TF.WorkItemTracking.Server.L0.Tests.dll" adapterTypeName="Microsoft.VisualStudio.TestTools.TestTypes.Unit.UnitTestAdapter" className="MS.TF.WorkItemTracking.Server.L0.Tests.Trend.WorkItemTrendDataComponentTests+WorkItemTrendDataComponent2_BeginRebuildTrendDataTests" name="TestBeginRebuildTrendData" />
    </UnitTest>
    <UnitTest name="WorkItemTrackingTelemetryComponent_TestPerformXRay_v1" storage="d:\v2.0\a1\_work\dbded102\bin\release.anycpu\tfs.service\ms.tf.workitemtracking.server.l0.tests\ms.tf.workitemtracking.server.l0.tests.dll" id="61186fbf-70b6-496b-6556-74526a90f8ad">
      <Execution id="40f03336-e335-4897-aa1c-665434ca67aa" />
      <TestMethod codeBase="D:\v2.0\A1\_work\dbded102\bin\Release.AnyCPU\Tfs.Service\MS.TF.WorkItemTracking.Server.L0.Tests\MS.TF.WorkItemTracking.Server.L0.Tests.dll" adapterTypeName="Microsoft.VisualStudio.TestTools.TestTypes.Unit.UnitTestAdapter" className="MS.TF.WorkItemTracking.Server.L0.Tests.Telemetry.WorkItemTrackingTelemetryComponentTests+PerformXRayTests" name="WorkItemTrackingTelemetryComponent_TestPerformXRay_v1" />
    </UnitTest>
    <UnitTest name="WorkItemTrackingTelemetryComponent_TestPerformXRay_v2" storage="d:\v2.0\a1\_work\dbded102\bin\release.anycpu\tfs.service\ms.tf.workitemtracking.server.l0.tests\ms.tf.workitemtracking.server.l0.tests.dll" id="1dca3ae7-9142-e5f8-acd1-1bc86dda9eb2">
      <Execution id="6312c41c-838d-4ec0-9d86-d26c0a41cffc" />
      <TestMethod codeBase="D:\v2.0\A1\_work\dbded102\bin\Release.AnyCPU\Tfs.Service\MS.TF.WorkItemTracking.Server.L0.Tests\MS.TF.WorkItemTracking.Server.L0.Tests.dll" adapterTypeName="Microsoft.VisualStudio.TestTools.TestTypes.Unit.UnitTestAdapter" className="MS.TF.WorkItemTracking.Server.L0.Tests.Telemetry.WorkItemTrackingTelemetryComponentTests+PerformXRayTests" name="WorkItemTrackingTelemetryComponent_TestPerformXRay_v2" />
    </UnitTest>
    <UnitTest name="TestTakeWorkItemTrackingXRay" storage="d:\v2.0\a1\_work\dbded102\bin\release.anycpu\tfs.service\ms.tf.workitemtracking.server.l0.tests\ms.tf.workitemtracking.server.l0.tests.dll" id="d3629313-669a-938e-5c8a-b6ed4493b066">
      <Execution id="ef4affe4-487d-43f3-936a-b0e52a018351" />
      <TestMethod codeBase="D:\v2.0\A1\_work\dbded102\bin\Release.AnyCPU\Tfs.Service\MS.TF.WorkItemTracking.Server.L0.Tests\MS.TF.WorkItemTracking.Server.L0.Tests.dll" adapterTypeName="Microsoft.VisualStudio.TestTools.TestTypes.Unit.UnitTestAdapter" className="MS.TF.WorkItemTracking.Server.L0.Tests.Telemetry.WorkItemTrackingTelemetryServiceTests+TakeWorkItemTrackingXRayTests" name="TestTakeWorkItemTrackingXRay" />
    </UnitTest>
    <UnitTest name="TestTakeWorkItemTrackingXRay_NullContext" storage="d:\v2.0\a1\_work\dbded102\bin\release.anycpu\tfs.service\ms.tf.workitemtracking.server.l0.tests\ms.tf.workitemtracking.server.l0.tests.dll" id="d81412e0-f806-c293-5684-dd96f77c258e">
      <Execution id="6891507e-2d03-44f5-934f-26e733611f15" />
      <TestMethod codeBase="D:\v2.0\A1\_work\dbded102\bin\Release.AnyCPU\Tfs.Service\MS.TF.WorkItemTracking.Server.L0.Tests\MS.TF.WorkItemTracking.Server.L0.Tests.dll" adapterTypeName="Microsoft.VisualStudio.TestTools.TestTypes.Unit.UnitTestAdapter" className="MS.TF.WorkItemTracking.Server.L0.Tests.Telemetry.WorkItemTrackingTelemetryServiceTests+TakeWorkItemTrackingXRayTests" name="TestTakeWorkItemTrackingXRay_NullContext" />
    </UnitTest>
    <UnitTest name="TestTakeWorkItemTrackingXRay_UserContext" storage="d:\v2.0\a1\_work\dbded102\bin\release.anycpu\tfs.service\ms.tf.workitemtracking.server.l0.tests\ms.tf.workitemtracking.server.l0.tests.dll" id="7720877a-4936-0506-fbf1-da427974671f">
      <Execution id="185ac21e-1216-4b22-a2b9-ff69a91a4a52" />
      <TestMethod codeBase="D:\v2.0\A1\_work\dbded102\bin\Release.AnyCPU\Tfs.Service\MS.TF.WorkItemTracking.Server.L0.Tests\MS.TF.WorkItemTracking.Server.L0.Tests.dll" adapterTypeName="Microsoft.VisualStudio.TestTools.TestTypes.Unit.UnitTestAdapter" className="MS.TF.WorkItemTracking.Server.L0.Tests.Telemetry.WorkItemTrackingTelemetryServiceTests+TakeWorkItemTrackingXRayTests" name="TestTakeWorkItemTrackingXRay_UserContext" />
    </UnitTest>
    <UnitTest name="TestPerformXray" storage="d:\v2.0\a1\_work\dbded102\bin\release.anycpu\tfs.service\ms.tf.workitemtracking.server.l0.tests\ms.tf.workitemtracking.server.l0.tests.dll" id="1d3851db-b6c9-407b-7065-9048f3beeafb">
      <Execution id="ae235363-8d39-4137-872d-b33a1a48b14d" />
      <TestMethod codeBase="D:\v2.0\A1\_work\dbded102\bin\Release.AnyCPU\Tfs.Service\MS.TF.WorkItemTracking.Server.L0.Tests\MS.TF.WorkItemTracking.Server.L0.Tests.dll" adapterTypeName="Microsoft.VisualStudio.TestTools.TestTypes.Unit.UnitTestAdapter" className="MS.TF.WorkItemTracking.Server.L0.Tests.Telemetry.WorkItemTrackingTelemetryServiceTests+PerformXRayTests" name="TestPerformXray" />
    </UnitTest>
    <UnitTest name="TestPublishXRayResults" storage="d:\v2.0\a1\_work\dbded102\bin\release.anycpu\tfs.service\ms.tf.workitemtracking.server.l0.tests\ms.tf.workitemtracking.server.l0.tests.dll" id="f9e946da-cc7d-8a29-24e6-bff00236ae06">
      <Execution id="98141efc-19d7-4aaa-a652-c68552f92988" />
      <TestMethod codeBase="D:\v2.0\A1\_work\dbded102\bin\Release.AnyCPU\Tfs.Service\MS.TF.WorkItemTracking.Server.L0.Tests\MS.TF.WorkItemTracking.Server.L0.Tests.dll" adapterTypeName="Microsoft.VisualStudio.TestTools.TestTypes.Unit.UnitTestAdapter" className="MS.TF.WorkItemTracking.Server.L0.Tests.Telemetry.WorkItemTrackingTelemetryServiceTests+PublishXRayResultsTests" name="TestPublishXRayResults" />
    </UnitTest>
    <UnitTest name="TestCommandTimeout" storage="d:\v2.0\a1\_work\dbded102\bin\release.anycpu\tfs.service\ms.tf.workitemtracking.server.l0.tests\ms.tf.workitemtracking.server.l0.tests.dll" id="54bf3c00-6143-9101-3b51-edbfe08517b3">
      <Execution id="dae4ee8b-1336-4772-b2c7-b004a398c861" />
      <TestMethod codeBase="D:\v2.0\A1\_work\dbded102\bin\Release.AnyCPU\Tfs.Service\MS.TF.WorkItemTracking.Server.L0.Tests\MS.TF.WorkItemTracking.Server.L0.Tests.dll" adapterTypeName="Microsoft.VisualStudio.TestTools.TestTypes.Unit.UnitTestAdapter" className="MS.TF.WorkItemTracking.Server.L0.Tests.QueryItemTests.QuerySqlComponentTests+QuerySizeLimitTests" name="TestCommandTimeout" />
    </UnitTest>
    <UnitTest name="DataSize0Top0MaxResultSize0" storage="d:\v2.0\a1\_work\dbded102\bin\release.anycpu\tfs.service\ms.tf.workitemtracking.server.l0.tests\ms.tf.workitemtracking.server.l0.tests.dll" id="678878f7-d413-5d15-7df6-bc8e79426e28">
      <Execution id="67f7c33a-1fe5-40b4-91ff-2380f88a295a" />
      <TestMethod codeBase="D:\v2.0\A1\_work\dbded102\bin\Release.AnyCPU\Tfs.Service\MS.TF.WorkItemTracking.Server.L0.Tests\MS.TF.WorkItemTracking.Server.L0.Tests.dll" adapterTypeName="Microsoft.VisualStudio.TestTools.TestTypes.Unit.UnitTestAdapter" className="MS.TF.WorkItemTracking.Server.L0.Tests.QueryItemTests.QuerySqlComponentTests+QuerySizeLimitTests" name="DataSize0Top0MaxResultSize0" />
    </UnitTest>
    <UnitTest name="DataSize0Top1MaxResultSize0" storage="d:\v2.0\a1\_work\dbded102\bin\release.anycpu\tfs.service\ms.tf.workitemtracking.server.l0.tests\ms.tf.workitemtracking.server.l0.tests.dll" id="33a7a711-fdac-cad1-b256-c5a577c8e1e3">
      <Execution id="dc743734-72de-40ce-ba92-a9837c214545" />
      <TestMethod codeBase="D:\v2.0\A1\_work\dbded102\bin\Release.AnyCPU\Tfs.Service\MS.TF.WorkItemTracking.Server.L0.Tests\MS.TF.WorkItemTracking.Server.L0.Tests.dll" adapterTypeName="Microsoft.VisualStudio.TestTools.TestTypes.Unit.UnitTestAdapter" className="MS.TF.WorkItemTracking.Server.L0.Tests.QueryItemTests.QuerySqlComponentTests+QuerySizeLimitTests" name="DataSize0Top1MaxResultSize0" />
    </UnitTest>
    <UnitTest name="DataSize1Top0MaxResultSize1" storage="d:\v2.0\a1\_work\dbded102\bin\release.anycpu\tfs.service\ms.tf.workitemtracking.server.l0.tests\ms.tf.workitemtracking.server.l0.tests.dll" id="37bac762-1a6a-bba6-4e24-42978aa5baab">
      <Execution id="5d12c840-f2df-4d09-b6e9-99099fe86901" />
      <TestMethod codeBase="D:\v2.0\A1\_work\dbded102\bin\Release.AnyCPU\Tfs.Service\MS.TF.WorkItemTracking.Server.L0.Tests\MS.TF.WorkItemTracking.Server.L0.Tests.dll" adapterTypeName="Microsoft.VisualStudio.TestTools.TestTypes.Unit.UnitTestAdapter" className="MS.TF.WorkItemTracking.Server.L0.Tests.QueryItemTests.QuerySqlComponentTests+QuerySizeLimitTests" name="DataSize1Top0MaxResultSize1" />
    </UnitTest>
    <UnitTest name="DataSize1Top1MaxResultSize0" storage="d:\v2.0\a1\_work\dbded102\bin\release.anycpu\tfs.service\ms.tf.workitemtracking.server.l0.tests\ms.tf.workitemtracking.server.l0.tests.dll" id="2c299a2b-a522-cea2-e3aa-598faeffd620">
      <Execution id="1bd43ad8-58fb-4583-8ff8-73af1d6e1e79" />
      <TestMethod codeBase="D:\v2.0\A1\_work\dbded102\bin\Release.AnyCPU\Tfs.Service\MS.TF.WorkItemTracking.Server.L0.Tests\MS.TF.WorkItemTracking.Server.L0.Tests.dll" adapterTypeName="Microsoft.VisualStudio.TestTools.TestTypes.Unit.UnitTestAdapter" className="MS.TF.WorkItemTracking.Server.L0.Tests.QueryItemTests.QuerySqlComponentTests+QuerySizeLimitTests" name="DataSize1Top1MaxResultSize0" />
    </UnitTest>
    <UnitTest name="DataSize3Top1MaxResultSize2" storage="d:\v2.0\a1\_work\dbded102\bin\release.anycpu\tfs.service\ms.tf.workitemtracking.server.l0.tests\ms.tf.workitemtracking.server.l0.tests.dll" id="103f42f7-f40b-2036-5540-4cdccc4d11a3">
      <Execution id="42b31e56-96ea-4960-9526-792febdfc639" />
      <TestMethod codeBase="D:\v2.0\A1\_work\dbded102\bin\Release.AnyCPU\Tfs.Service\MS.TF.WorkItemTracking.Server.L0.Tests\MS.TF.WorkItemTracking.Server.L0.Tests.dll" adapterTypeName="Microsoft.VisualStudio.TestTools.TestTypes.Unit.UnitTestAdapter" className="MS.TF.WorkItemTracking.Server.L0.Tests.QueryItemTests.QuerySqlComponentTests+QuerySizeLimitTests" name="DataSize3Top1MaxResultSize2" />
    </UnitTest>
    <UnitTest name="DataSize2Top3MaxResultSize2" storage="d:\v2.0\a1\_work\dbded102\bin\release.anycpu\tfs.service\ms.tf.workitemtracking.server.l0.tests\ms.tf.workitemtracking.server.l0.tests.dll" id="2af90fad-0632-2af7-1281-681bcfbca3d2">
      <Execution id="6ac64b99-e8d3-46e7-b7bc-12c3da18816c" />
      <TestMethod codeBase="D:\v2.0\A1\_work\dbded102\bin\Release.AnyCPU\Tfs.Service\MS.TF.WorkItemTracking.Server.L0.Tests\MS.TF.WorkItemTracking.Server.L0.Tests.dll" adapterTypeName="Microsoft.VisualStudio.TestTools.TestTypes.Unit.UnitTestAdapter" className="MS.TF.WorkItemTracking.Server.L0.Tests.QueryItemTests.QuerySqlComponentTests+QuerySizeLimitTests" name="DataSize2Top3MaxResultSize2" />
    </UnitTest>
    <UnitTest name="DataSize0Top1MaxResultSize1" storage="d:\v2.0\a1\_work\dbded102\bin\release.anycpu\tfs.service\ms.tf.workitemtracking.server.l0.tests\ms.tf.workitemtracking.server.l0.tests.dll" id="1d442160-80ac-e72e-d89b-7ebd45913986">
      <Execution id="00233e89-1c05-4882-b2e0-f7114f65c485" />
      <TestMethod codeBase="D:\v2.0\A1\_work\dbded102\bin\Release.AnyCPU\Tfs.Service\MS.TF.WorkItemTracking.Server.L0.Tests\MS.TF.WorkItemTracking.Server.L0.Tests.dll" adapterTypeName="Microsoft.VisualStudio.TestTools.TestTypes.Unit.UnitTestAdapter" className="MS.TF.WorkItemTracking.Server.L0.Tests.QueryItemTests.QuerySqlComponentTests+QuerySizeLimitTests" name="DataSize0Top1MaxResultSize1" />
    </UnitTest>
    <UnitTest name="DataSize10Top10MaxResultSize10" storage="d:\v2.0\a1\_work\dbded102\bin\release.anycpu\tfs.service\ms.tf.workitemtracking.server.l0.tests\ms.tf.workitemtracking.server.l0.tests.dll" id="dc2ae46e-000d-b557-286e-bc11390611d4">
      <Execution id="1222d0f3-f0f8-4a97-89cc-96ba049b2535" />
      <TestMethod codeBase="D:\v2.0\A1\_work\dbded102\bin\Release.AnyCPU\Tfs.Service\MS.TF.WorkItemTracking.Server.L0.Tests\MS.TF.WorkItemTracking.Server.L0.Tests.dll" adapterTypeName="Microsoft.VisualStudio.TestTools.TestTypes.Unit.UnitTestAdapter" className="MS.TF.WorkItemTracking.Server.L0.Tests.QueryItemTests.QuerySqlComponentTests+QuerySizeLimitTests" name="DataSize10Top10MaxResultSize10" />
    </UnitTest>
    <UnitTest name="DataSize10Top5MaxResultSize5" storage="d:\v2.0\a1\_work\dbded102\bin\release.anycpu\tfs.service\ms.tf.workitemtracking.server.l0.tests\ms.tf.workitemtracking.server.l0.tests.dll" id="9dc20e00-9270-bb2c-0568-df4d47e4e1d5">
      <Execution id="4b432dac-210f-41ac-89a1-0493af0d6138" />
      <TestMethod codeBase="D:\v2.0\A1\_work\dbded102\bin\Release.AnyCPU\Tfs.Service\MS.TF.WorkItemTracking.Server.L0.Tests\MS.TF.WorkItemTracking.Server.L0.Tests.dll" adapterTypeName="Microsoft.VisualStudio.TestTools.TestTypes.Unit.UnitTestAdapter" className="MS.TF.WorkItemTracking.Server.L0.Tests.QueryItemTests.QuerySqlComponentTests+QuerySizeLimitTests" name="DataSize10Top5MaxResultSize5" />
    </UnitTest>
    <UnitTest name="DataSize5Top10MaxResultSize10" storage="d:\v2.0\a1\_work\dbded102\bin\release.anycpu\tfs.service\ms.tf.workitemtracking.server.l0.tests\ms.tf.workitemtracking.server.l0.tests.dll" id="bf8d0b49-f512-9bcb-520f-6ecab174e65d">
      <Execution id="83e7202e-0b22-4fb8-9180-e9afb6da10db" />
      <TestMethod codeBase="D:\v2.0\A1\_work\dbded102\bin\Release.AnyCPU\Tfs.Service\MS.TF.WorkItemTracking.Server.L0.Tests\MS.TF.WorkItemTracking.Server.L0.Tests.dll" adapterTypeName="Microsoft.VisualStudio.TestTools.TestTypes.Unit.UnitTestAdapter" className="MS.TF.WorkItemTracking.Server.L0.Tests.QueryItemTests.QuerySqlComponentTests+QuerySizeLimitTests" name="DataSize5Top10MaxResultSize10" />
    </UnitTest>
    <UnitTest name="Test_CircuitBreaker_Doesnt_Trip_On_SizeLimitExceededException" storage="d:\v2.0\a1\_work\dbded102\bin\release.anycpu\tfs.service\ms.tf.workitemtracking.server.l0.tests\ms.tf.workitemtracking.server.l0.tests.dll" id="90d5ddb4-9805-2f36-ebcf-ff1531734bed">
      <Execution id="3a6f6e5f-6829-44dc-9a06-8a43d7767441" />
      <TestMethod codeBase="D:\v2.0\A1\_work\dbded102\bin\Release.AnyCPU\Tfs.Service\MS.TF.WorkItemTracking.Server.L0.Tests\MS.TF.WorkItemTracking.Server.L0.Tests.dll" adapterTypeName="Microsoft.VisualStudio.TestTools.TestTypes.Unit.UnitTestAdapter" className="MS.TF.WorkItemTracking.Server.L0.Tests.QueryItemTests.QuerySqlComponentTests+QuerySizeLimitTests" name="Test_CircuitBreaker_Doesnt_Trip_On_SizeLimitExceededException" />
    </UnitTest>
    <UnitTest name="Test_Force_CircuitBreaker_To_Trip" storage="d:\v2.0\a1\_work\dbded102\bin\release.anycpu\tfs.service\ms.tf.workitemtracking.server.l0.tests\ms.tf.workitemtracking.server.l0.tests.dll" id="b084b3d4-b0a5-01e4-3115-07e26a944133">
      <Execution id="35ab9210-a54b-41ea-9c35-a44d8cd17799" />
      <TestMethod codeBase="D:\v2.0\A1\_work\dbded102\bin\Release.AnyCPU\Tfs.Service\MS.TF.WorkItemTracking.Server.L0.Tests\MS.TF.WorkItemTracking.Server.L0.Tests.dll" adapterTypeName="Microsoft.VisualStudio.TestTools.TestTypes.Unit.UnitTestAdapter" className="MS.TF.WorkItemTracking.Server.L0.Tests.QueryItemTests.QuerySqlComponentTests+QuerySizeLimitTests" name="Test_Force_CircuitBreaker_To_Trip" />
    </UnitTest>
    <UnitTest name="TestQueryWorkItem_ReturnsAsOfQueryResultEntries" storage="d:\v2.0\a1\_work\dbded102\bin\release.anycpu\tfs.service\ms.tf.workitemtracking.server.l0.tests\ms.tf.workitemtracking.server.l0.tests.dll" id="acd4791b-992c-b6ec-fec8-12959a10d09b">
      <Execution id="949f40d0-8059-4b1e-aa94-b6c48357ea53" />
      <TestMethod codeBase="D:\v2.0\A1\_work\dbded102\bin\Release.AnyCPU\Tfs.Service\MS.TF.WorkItemTracking.Server.L0.Tests\MS.TF.WorkItemTracking.Server.L0.Tests.dll" adapterTypeName="Microsoft.VisualStudio.TestTools.TestTypes.Unit.UnitTestAdapter" className="MS.TF.WorkItemTracking.Server.L0.Tests.Query.QuerySqlComponentTests+QueryWorkItemTests" name="TestQueryWorkItem_ReturnsAsOfQueryResultEntries" />
    </UnitTest>
    <UnitTest name="TestQueryWorkItem_ReturnsCustomAsOfQueryResultEntries" storage="d:\v2.0\a1\_work\dbded102\bin\release.anycpu\tfs.service\ms.tf.workitemtracking.server.l0.tests\ms.tf.workitemtracking.server.l0.tests.dll" id="89180dbe-0cca-a231-f0a3-899ada0a7b8e">
      <Execution id="3e589edc-8389-4cb2-8c9f-45f23d5812d6" />
      <TestMethod codeBase="D:\v2.0\A1\_work\dbded102\bin\Release.AnyCPU\Tfs.Service\MS.TF.WorkItemTracking.Server.L0.Tests\MS.TF.WorkItemTracking.Server.L0.Tests.dll" adapterTypeName="Microsoft.VisualStudio.TestTools.TestTypes.Unit.UnitTestAdapter" className="MS.TF.WorkItemTracking.Server.L0.Tests.Query.QuerySqlComponentTests+QueryWorkItemTests" name="TestQueryWorkItem_ReturnsCustomAsOfQueryResultEntries" />
    </UnitTest>
    <UnitTest name="TestQueryWorkItem_TestSqlParameter" storage="d:\v2.0\a1\_work\dbded102\bin\release.anycpu\tfs.service\ms.tf.workitemtracking.server.l0.tests\ms.tf.workitemtracking.server.l0.tests.dll" id="4f2e2bc2-007f-b8f4-4823-4d811b08627e">
      <Execution id="c464c469-e8ca-47d6-8fad-79bde23669f8" />
      <TestMethod codeBase="D:\v2.0\A1\_work\dbded102\bin\Release.AnyCPU\Tfs.Service\MS.TF.WorkItemTracking.Server.L0.Tests\MS.TF.WorkItemTracking.Server.L0.Tests.dll" adapterTypeName="Microsoft.VisualStudio.TestTools.TestTypes.Unit.UnitTestAdapter" className="MS.TF.WorkItemTracking.Server.L0.Tests.Query.QuerySqlComponentTests+QueryWorkItemTests" name="TestQueryWorkItem_TestSqlParameter" />
    </UnitTest>
    <UnitTest name="TestQueryWorkItem_ReturnsAsOfQueryResultEntries_NullDetail" storage="d:\v2.0\a1\_work\dbded102\bin\release.anycpu\tfs.service\ms.tf.workitemtracking.server.l0.tests\ms.tf.workitemtracking.server.l0.tests.dll" id="4114eb73-3670-6cb9-5e7a-20771910256e">
      <Execution id="cccf01c5-ed88-4ae0-b053-8f70ff941857" />
      <TestMethod codeBase="D:\v2.0\A1\_work\dbded102\bin\Release.AnyCPU\Tfs.Service\MS.TF.WorkItemTracking.Server.L0.Tests\MS.TF.WorkItemTracking.Server.L0.Tests.dll" adapterTypeName="Microsoft.VisualStudio.TestTools.TestTypes.Unit.UnitTestAdapter" className="MS.TF.WorkItemTracking.Server.L0.Tests.Query.QuerySqlComponentTests+QueryWorkItemTests" name="TestQueryWorkItem_ReturnsAsOfQueryResultEntries_NullDetail" />
    </UnitTest>
    <UnitTest name="TestQueryWorkItem_ReturnsList_NullDetail" storage="d:\v2.0\a1\_work\dbded102\bin\release.anycpu\tfs.service\ms.tf.workitemtracking.server.l0.tests\ms.tf.workitemtracking.server.l0.tests.dll" id="95a17fcc-7d79-f8ff-63a4-690f7e679dab">
      <Execution id="9fe8765e-ab34-4d1f-ad1c-77b2b8fa9ddc" />
      <TestMethod codeBase="D:\v2.0\A1\_work\dbded102\bin\Release.AnyCPU\Tfs.Service\MS.TF.WorkItemTracking.Server.L0.Tests\MS.TF.WorkItemTracking.Server.L0.Tests.dll" adapterTypeName="Microsoft.VisualStudio.TestTools.TestTypes.Unit.UnitTestAdapter" className="MS.TF.WorkItemTracking.Server.L0.Tests.Query.QuerySqlComponentTests+QueryWorkItemTests" name="TestQueryWorkItem_ReturnsList_NullDetail" />
    </UnitTest>
    <UnitTest name="TestQueryWorkItem_ReturnsList" storage="d:\v2.0\a1\_work\dbded102\bin\release.anycpu\tfs.service\ms.tf.workitemtracking.server.l0.tests\ms.tf.workitemtracking.server.l0.tests.dll" id="9041cdad-3dcf-505b-57fe-41bf3270f936">
      <Execution id="e2dbe339-aad2-4f94-82fc-464f170da1ce" />
      <TestMethod codeBase="D:\v2.0\A1\_work\dbded102\bin\Release.AnyCPU\Tfs.Service\MS.TF.WorkItemTracking.Server.L0.Tests\MS.TF.WorkItemTracking.Server.L0.Tests.dll" adapterTypeName="Microsoft.VisualStudio.TestTools.TestTypes.Unit.UnitTestAdapter" className="MS.TF.WorkItemTracking.Server.L0.Tests.Query.QuerySqlComponentTests+QueryWorkItemTests" name="TestQueryWorkItem_ReturnsList" />
    </UnitTest>
    <UnitTest name="TestQueryWorkItem_ReturnsCustomList" storage="d:\v2.0\a1\_work\dbded102\bin\release.anycpu\tfs.service\ms.tf.workitemtracking.server.l0.tests\ms.tf.workitemtracking.server.l0.tests.dll" id="a4e78f2e-ace7-f6f4-b35d-4d65a315bc51">
      <Execution id="269d869d-230c-49ff-abb5-da5908262617" />
      <TestMethod codeBase="D:\v2.0\A1\_work\dbded102\bin\Release.AnyCPU\Tfs.Service\MS.TF.WorkItemTracking.Server.L0.Tests\MS.TF.WorkItemTracking.Server.L0.Tests.dll" adapterTypeName="Microsoft.VisualStudio.TestTools.TestTypes.Unit.UnitTestAdapter" className="MS.TF.WorkItemTracking.Server.L0.Tests.Query.QuerySqlComponentTests+QueryWorkItemTests" name="TestQueryWorkItem_ReturnsCustomList" />
    </UnitTest>
    <UnitTest name="TestQueryWorkItem_HasPendingReclassification" storage="d:\v2.0\a1\_work\dbded102\bin\release.anycpu\tfs.service\ms.tf.workitemtracking.server.l0.tests\ms.tf.workitemtracking.server.l0.tests.dll" id="51e85f82-fe27-8591-5731-69dd56c6b7f8">
      <Execution id="552fc9c7-9c7e-4ee6-afa1-83743f8deca2" />
      <TestMethod codeBase="D:\v2.0\A1\_work\dbded102\bin\Release.AnyCPU\Tfs.Service\MS.TF.WorkItemTracking.Server.L0.Tests\MS.TF.WorkItemTracking.Server.L0.Tests.dll" adapterTypeName="Microsoft.VisualStudio.TestTools.TestTypes.Unit.UnitTestAdapter" className="MS.TF.WorkItemTracking.Server.L0.Tests.Query.QuerySqlComponentTests+QueryWorkItemTests" name="TestQueryWorkItem_HasPendingReclassification" />
    </UnitTest>
    <UnitTest name="TestQueryLink" storage="d:\v2.0\a1\_work\dbded102\bin\release.anycpu\tfs.service\ms.tf.workitemtracking.server.l0.tests\ms.tf.workitemtracking.server.l0.tests.dll" id="b6ac1497-7aa0-a46e-686d-2ec41f955dd1">
      <Execution id="501e7c29-d54f-411c-8bca-c2adbd7d1bf2" />
      <TestMethod codeBase="D:\v2.0\A1\_work\dbded102\bin\Release.AnyCPU\Tfs.Service\MS.TF.WorkItemTracking.Server.L0.Tests\MS.TF.WorkItemTracking.Server.L0.Tests.dll" adapterTypeName="Microsoft.VisualStudio.TestTools.TestTypes.Unit.UnitTestAdapter" className="MS.TF.WorkItemTracking.Server.L0.Tests.Query.QuerySqlComponentTests+QueryLinkTests" name="TestQueryLink" />
    </UnitTest>
    <UnitTest name="TestCustomQueryLink" storage="d:\v2.0\a1\_work\dbded102\bin\release.anycpu\tfs.service\ms.tf.workitemtracking.server.l0.tests\ms.tf.workitemtracking.server.l0.tests.dll" id="f7ca963d-2297-c832-c01b-b3c4a91c0a88">
      <Execution id="a4600b14-eae9-4c14-a53b-8ed18fc43216" />
      <TestMethod codeBase="D:\v2.0\A1\_work\dbded102\bin\Release.AnyCPU\Tfs.Service\MS.TF.WorkItemTracking.Server.L0.Tests\MS.TF.WorkItemTracking.Server.L0.Tests.dll" adapterTypeName="Microsoft.VisualStudio.TestTools.TestTypes.Unit.UnitTestAdapter" className="MS.TF.WorkItemTracking.Server.L0.Tests.Query.QuerySqlComponentTests+QueryLinkTests" name="TestCustomQueryLink" />
    </UnitTest>
    <UnitTest name="TestQueryLink_NullDetail" storage="d:\v2.0\a1\_work\dbded102\bin\release.anycpu\tfs.service\ms.tf.workitemtracking.server.l0.tests\ms.tf.workitemtracking.server.l0.tests.dll" id="d6d68c95-68e4-7b85-515c-f0edb9fd5261">
      <Execution id="500c91dc-2d02-4a11-8d07-a7fa6441dff9" />
      <TestMethod codeBase="D:\v2.0\A1\_work\dbded102\bin\Release.AnyCPU\Tfs.Service\MS.TF.WorkItemTracking.Server.L0.Tests\MS.TF.WorkItemTracking.Server.L0.Tests.dll" adapterTypeName="Microsoft.VisualStudio.TestTools.TestTypes.Unit.UnitTestAdapter" className="MS.TF.WorkItemTracking.Server.L0.Tests.Query.QuerySqlComponentTests+QueryLinkTests" name="TestQueryLink_NullDetail" />
    </UnitTest>
    <UnitTest name="WillHandleUtcAsOfDatesWithoutChangingTimezoneForRoundtripFormat" storage="d:\v2.0\a1\_work\dbded102\bin\release.anycpu\tfs.service\ms.tf.workitemtracking.server.l0.tests\ms.tf.workitemtracking.server.l0.tests.dll" id="fc5494ec-8f40-cff7-c815-0109cc541f39">
      <Execution id="978ccd7c-85cc-46c5-8e87-c45eeb4144e8" />
      <TestMethod codeBase="D:\v2.0\A1\_work\dbded102\bin\Release.AnyCPU\Tfs.Service\MS.TF.WorkItemTracking.Server.L0.Tests\MS.TF.WorkItemTracking.Server.L0.Tests.dll" adapterTypeName="Microsoft.VisualStudio.TestTools.TestTypes.Unit.UnitTestAdapter" className="MS.TF.WorkItemTracking.Server.L0.Tests.Query.WiqlAdapterTests+DateTests" name="WillHandleUtcAsOfDatesWithoutChangingTimezoneForRoundtripFormat" />
    </UnitTest>
    <UnitTest name="WillHandleUtcAsOfDatesWithoutChangingTimezoneForRFC1123Format" storage="d:\v2.0\a1\_work\dbded102\bin\release.anycpu\tfs.service\ms.tf.workitemtracking.server.l0.tests\ms.tf.workitemtracking.server.l0.tests.dll" id="15ece649-077d-c855-e38f-4fded3b6ba50">
      <Execution id="de099389-5137-4149-bf59-a7838b7d4792" />
      <TestMethod codeBase="D:\v2.0\A1\_work\dbded102\bin\Release.AnyCPU\Tfs.Service\MS.TF.WorkItemTracking.Server.L0.Tests\MS.TF.WorkItemTracking.Server.L0.Tests.dll" adapterTypeName="Microsoft.VisualStudio.TestTools.TestTypes.Unit.UnitTestAdapter" className="MS.TF.WorkItemTracking.Server.L0.Tests.Query.WiqlAdapterTests+DateTests" name="WillHandleUtcAsOfDatesWithoutChangingTimezoneForRFC1123Format" />
    </UnitTest>
    <UnitTest name="WillHandleUtcAsOfDatesWithoutChangingTimezoneForUniversalSortableFormat" storage="d:\v2.0\a1\_work\dbded102\bin\release.anycpu\tfs.service\ms.tf.workitemtracking.server.l0.tests\ms.tf.workitemtracking.server.l0.tests.dll" id="3539c9d9-71fa-c0af-a0e5-466a4f04b716">
      <Execution id="2c6cadfb-9c7c-4cce-aba0-877f3e115ccb" />
      <TestMethod codeBase="D:\v2.0\A1\_work\dbded102\bin\Release.AnyCPU\Tfs.Service\MS.TF.WorkItemTracking.Server.L0.Tests\MS.TF.WorkItemTracking.Server.L0.Tests.dll" adapterTypeName="Microsoft.VisualStudio.TestTools.TestTypes.Unit.UnitTestAdapter" className="MS.TF.WorkItemTracking.Server.L0.Tests.Query.WiqlAdapterTests+DateTests" name="WillHandleUtcAsOfDatesWithoutChangingTimezoneForUniversalSortableFormat" />
    </UnitTest>
    <UnitTest name="WillHandleLocalAsOfDatesAndTranslateToUserTimezoneForRoundtripFormat" storage="d:\v2.0\a1\_work\dbded102\bin\release.anycpu\tfs.service\ms.tf.workitemtracking.server.l0.tests\ms.tf.workitemtracking.server.l0.tests.dll" id="d2d8b349-569f-2e3e-7e24-9d1b34715657">
      <Execution id="fede9df2-47c8-40f6-9c60-1b6676a16e77" />
      <TestMethod codeBase="D:\v2.0\A1\_work\dbded102\bin\Release.AnyCPU\Tfs.Service\MS.TF.WorkItemTracking.Server.L0.Tests\MS.TF.WorkItemTracking.Server.L0.Tests.dll" adapterTypeName="Microsoft.VisualStudio.TestTools.TestTypes.Unit.UnitTestAdapter" className="MS.TF.WorkItemTracking.Server.L0.Tests.Query.WiqlAdapterTests+DateTests" name="WillHandleLocalAsOfDatesAndTranslateToUserTimezoneForRoundtripFormat" />
    </UnitTest>
    <UnitTest name="WillHandleLocalAsOfDatesAndTranslateToUserTimezoneForFullFormat" storage="d:\v2.0\a1\_work\dbded102\bin\release.anycpu\tfs.service\ms.tf.workitemtracking.server.l0.tests\ms.tf.workitemtracking.server.l0.tests.dll" id="81b82f2a-8d55-b388-6193-061be9cc0749">
      <Execution id="4dcdb125-5b30-4f74-9dfb-69aa2a790ab1" />
      <TestMethod codeBase="D:\v2.0\A1\_work\dbded102\bin\Release.AnyCPU\Tfs.Service\MS.TF.WorkItemTracking.Server.L0.Tests\MS.TF.WorkItemTracking.Server.L0.Tests.dll" adapterTypeName="Microsoft.VisualStudio.TestTools.TestTypes.Unit.UnitTestAdapter" className="MS.TF.WorkItemTracking.Server.L0.Tests.Query.WiqlAdapterTests+DateTests" name="WillHandleLocalAsOfDatesAndTranslateToUserTimezoneForFullFormat" />
    </UnitTest>
    <UnitTest name="WillHandleLocalAsOfDatesAndTranslateToUserTimezoneForGeneralFormat" storage="d:\v2.0\a1\_work\dbded102\bin\release.anycpu\tfs.service\ms.tf.workitemtracking.server.l0.tests\ms.tf.workitemtracking.server.l0.tests.dll" id="4c2c518c-cdc8-5dac-68dc-5ada3143cdf1">
      <Execution id="615e4ee0-3d7d-4569-a860-9c0eb2c96871" />
      <TestMethod codeBase="D:\v2.0\A1\_work\dbded102\bin\Release.AnyCPU\Tfs.Service\MS.TF.WorkItemTracking.Server.L0.Tests\MS.TF.WorkItemTracking.Server.L0.Tests.dll" adapterTypeName="Microsoft.VisualStudio.TestTools.TestTypes.Unit.UnitTestAdapter" className="MS.TF.WorkItemTracking.Server.L0.Tests.Query.WiqlAdapterTests+DateTests" name="WillHandleLocalAsOfDatesAndTranslateToUserTimezoneForGeneralFormat" />
    </UnitTest>
    <UnitTest name="WillHandleLocalAsOfDatesAndTranslateToUserTimezoneForDefaultFormat" storage="d:\v2.0\a1\_work\dbded102\bin\release.anycpu\tfs.service\ms.tf.workitemtracking.server.l0.tests\ms.tf.workitemtracking.server.l0.tests.dll" id="7733ea9f-d257-48b7-daa2-20101184fb5f">
      <Execution id="d2f970a0-8c7e-4d7f-94a2-0e9462825843" />
      <TestMethod codeBase="D:\v2.0\A1\_work\dbded102\bin\Release.AnyCPU\Tfs.Service\MS.TF.WorkItemTracking.Server.L0.Tests\MS.TF.WorkItemTracking.Server.L0.Tests.dll" adapterTypeName="Microsoft.VisualStudio.TestTools.TestTypes.Unit.UnitTestAdapter" className="MS.TF.WorkItemTracking.Server.L0.Tests.Query.WiqlAdapterTests+DateTests" name="WillHandleLocalAsOfDatesAndTranslateToUserTimezoneForDefaultFormat" />
    </UnitTest>
    <UnitTest name="ResolvedCustomMacroAddedToContext" storage="d:\v2.0\a1\_work\dbded102\bin\release.anycpu\tfs.service\ms.tf.workitemtracking.server.l0.tests\ms.tf.workitemtracking.server.l0.tests.dll" id="0f76668e-afe7-476f-7692-5bfb85dc7143">
      <Execution id="7c4a7268-69e8-469e-88f0-ff465d18a3c7" />
      <TestMethod codeBase="D:\v2.0\A1\_work\dbded102\bin\Release.AnyCPU\Tfs.Service\MS.TF.WorkItemTracking.Server.L0.Tests\MS.TF.WorkItemTracking.Server.L0.Tests.dll" adapterTypeName="Microsoft.VisualStudio.TestTools.TestTypes.Unit.UnitTestAdapter" className="MS.TF.WorkItemTracking.Server.L0.Tests.Query.WiqlAdapterTests+MacroTests" name="ResolvedCustomMacroAddedToContext" />
    </UnitTest>
    <UnitTest name="UnresolvedMacroReturnedAsNull" storage="d:\v2.0\a1\_work\dbded102\bin\release.anycpu\tfs.service\ms.tf.workitemtracking.server.l0.tests\ms.tf.workitemtracking.server.l0.tests.dll" id="1dbe5fcf-7cfe-b516-84c2-08483e413d7c">
      <Execution id="836c12d1-0559-4d53-9eaa-168af5d3e323" />
      <TestMethod codeBase="D:\v2.0\A1\_work\dbded102\bin\Release.AnyCPU\Tfs.Service\MS.TF.WorkItemTracking.Server.L0.Tests\MS.TF.WorkItemTracking.Server.L0.Tests.dll" adapterTypeName="Microsoft.VisualStudio.TestTools.TestTypes.Unit.UnitTestAdapter" className="MS.TF.WorkItemTracking.Server.L0.Tests.Query.WiqlAdapterTests+MacroTests" name="UnresolvedMacroReturnedAsNull" />
    </UnitTest>
    <UnitTest name="MacroValidationReturnsDefault" storage="d:\v2.0\a1\_work\dbded102\bin\release.anycpu\tfs.service\ms.tf.workitemtracking.server.l0.tests\ms.tf.workitemtracking.server.l0.tests.dll" id="0d26d294-df5a-458c-4d25-d5b8eb38296e">
      <Execution id="23fdef85-8f06-46ff-832f-7fc67f09ed92" />
      <TestMethod codeBase="D:\v2.0\A1\_work\dbded102\bin\Release.AnyCPU\Tfs.Service\MS.TF.WorkItemTracking.Server.L0.Tests\MS.TF.WorkItemTracking.Server.L0.Tests.dll" adapterTypeName="Microsoft.VisualStudio.TestTools.TestTypes.Unit.UnitTestAdapter" className="MS.TF.WorkItemTracking.Server.L0.Tests.Query.WiqlAdapterTests+MacroTests" name="MacroValidationReturnsDefault" />
    </UnitTest>
    <UnitTest name="TestFindTable_WorkItems" storage="d:\v2.0\a1\_work\dbded102\bin\release.anycpu\tfs.service\ms.tf.workitemtracking.server.l0.tests\ms.tf.workitemtracking.server.l0.tests.dll" id="bd4d6fe2-87ee-4937-b079-88fe51209376">
      <Execution id="a4832bd7-29ea-47de-872a-c476058e0515" />
      <TestMethod codeBase="D:\v2.0\A1\_work\dbded102\bin\Release.AnyCPU\Tfs.Service\MS.TF.WorkItemTracking.Server.L0.Tests\MS.TF.WorkItemTracking.Server.L0.Tests.dll" adapterTypeName="Microsoft.VisualStudio.TestTools.TestTypes.Unit.UnitTestAdapter" className="MS.TF.WorkItemTracking.Server.L0.Tests.Query.WiqlAdapterTests+FindTableTests" name="TestFindTable_WorkItems" />
    </UnitTest>
    <UnitTest name="TestFindTable_Links" storage="d:\v2.0\a1\_work\dbded102\bin\release.anycpu\tfs.service\ms.tf.workitemtracking.server.l0.tests\ms.tf.workitemtracking.server.l0.tests.dll" id="fe18cdfa-4fc1-a558-bad6-a96bcca7f5c1">
      <Execution id="9cbd840d-d92c-456c-8d93-2b74de4dff2a" />
      <TestMethod codeBase="D:\v2.0\A1\_work\dbded102\bin\Release.AnyCPU\Tfs.Service\MS.TF.WorkItemTracking.Server.L0.Tests\MS.TF.WorkItemTracking.Server.L0.Tests.dll" adapterTypeName="Microsoft.VisualStudio.TestTools.TestTypes.Unit.UnitTestAdapter" className="MS.TF.WorkItemTracking.Server.L0.Tests.Query.WiqlAdapterTests+FindTableTests" name="TestFindTable_Links" />
    </UnitTest>
    <UnitTest name="TestFindTable_NullResult" storage="d:\v2.0\a1\_work\dbded102\bin\release.anycpu\tfs.service\ms.tf.workitemtracking.server.l0.tests\ms.tf.workitemtracking.server.l0.tests.dll" id="b9f9c9c4-0c49-05ff-f841-e5236327fc76">
      <Execution id="916c0f8b-64d2-49cc-85bc-4a1b5824cba5" />
      <TestMethod codeBase="D:\v2.0\A1\_work\dbded102\bin\Release.AnyCPU\Tfs.Service\MS.TF.WorkItemTracking.Server.L0.Tests\MS.TF.WorkItemTracking.Server.L0.Tests.dll" adapterTypeName="Microsoft.VisualStudio.TestTools.TestTypes.Unit.UnitTestAdapter" className="MS.TF.WorkItemTracking.Server.L0.Tests.Query.WiqlAdapterTests+FindTableTests" name="TestFindTable_NullResult" />
    </UnitTest>
    <UnitTest name="TestFindTable_NullString" storage="d:\v2.0\a1\_work\dbded102\bin\release.anycpu\tfs.service\ms.tf.workitemtracking.server.l0.tests\ms.tf.workitemtracking.server.l0.tests.dll" id="c8bcd66f-d288-b482-4f96-86f445f8b5b5">
      <Execution id="62ea2e88-235e-4b8c-804c-bc9d85ccfc16" />
      <TestMethod codeBase="D:\v2.0\A1\_work\dbded102\bin\Release.AnyCPU\Tfs.Service\MS.TF.WorkItemTracking.Server.L0.Tests\MS.TF.WorkItemTracking.Server.L0.Tests.dll" adapterTypeName="Microsoft.VisualStudio.TestTools.TestTypes.Unit.UnitTestAdapter" className="MS.TF.WorkItemTracking.Server.L0.Tests.Query.WiqlAdapterTests+FindTableTests" name="TestFindTable_NullString" />
    </UnitTest>
    <UnitTest name="TestFindField_EmptyString" storage="d:\v2.0\a1\_work\dbded102\bin\release.anycpu\tfs.service\ms.tf.workitemtracking.server.l0.tests\ms.tf.workitemtracking.server.l0.tests.dll" id="8970e2b9-837b-aa28-b3f0-da2e2c820d72">
      <Execution id="bdf448fa-e094-4a8e-9190-cf76da319f42" />
      <TestMethod codeBase="D:\v2.0\A1\_work\dbded102\bin\Release.AnyCPU\Tfs.Service\MS.TF.WorkItemTracking.Server.L0.Tests\MS.TF.WorkItemTracking.Server.L0.Tests.dll" adapterTypeName="Microsoft.VisualStudio.TestTools.TestTypes.Unit.UnitTestAdapter" className="MS.TF.WorkItemTracking.Server.L0.Tests.Query.WiqlAdapterTests+FindFieldTests" name="TestFindField_EmptyString" />
    </UnitTest>
    <UnitTest name="TestFindField_NullString" storage="d:\v2.0\a1\_work\dbded102\bin\release.anycpu\tfs.service\ms.tf.workitemtracking.server.l0.tests\ms.tf.workitemtracking.server.l0.tests.dll" id="76e1c6d3-4a68-0ab4-b18b-20a6b08ed76f">
      <Execution id="fa87e854-b782-4d01-922a-99e933117993" />
      <TestMethod codeBase="D:\v2.0\A1\_work\dbded102\bin\Release.AnyCPU\Tfs.Service\MS.TF.WorkItemTracking.Server.L0.Tests\MS.TF.WorkItemTracking.Server.L0.Tests.dll" adapterTypeName="Microsoft.VisualStudio.TestTools.TestTypes.Unit.UnitTestAdapter" className="MS.TF.WorkItemTracking.Server.L0.Tests.Query.WiqlAdapterTests+FindFieldTests" name="TestFindField_NullString" />
    </UnitTest>
    <UnitTest name="TestFindField_EmptyPrefix" storage="d:\v2.0\a1\_work\dbded102\bin\release.anycpu\tfs.service\ms.tf.workitemtracking.server.l0.tests\ms.tf.workitemtracking.server.l0.tests.dll" id="0b76489f-8d1d-4e36-7825-251bd9070f83">
      <Execution id="dad62230-0882-48f0-820f-a9ccbcc277d0" />
      <TestMethod codeBase="D:\v2.0\A1\_work\dbded102\bin\Release.AnyCPU\Tfs.Service\MS.TF.WorkItemTracking.Server.L0.Tests\MS.TF.WorkItemTracking.Server.L0.Tests.dll" adapterTypeName="Microsoft.VisualStudio.TestTools.TestTypes.Unit.UnitTestAdapter" className="MS.TF.WorkItemTracking.Server.L0.Tests.Query.WiqlAdapterTests+FindFieldTests" name="TestFindField_EmptyPrefix" />
    </UnitTest>
    <UnitTest name="TestFindField_MatchingPrefix" storage="d:\v2.0\a1\_work\dbded102\bin\release.anycpu\tfs.service\ms.tf.workitemtracking.server.l0.tests\ms.tf.workitemtracking.server.l0.tests.dll" id="1e569058-6f0f-f61b-85cb-a7f9a053afbb">
      <Execution id="71c78da1-1cec-4623-89a2-f1245db7b070" />
      <TestMethod codeBase="D:\v2.0\A1\_work\dbded102\bin\Release.AnyCPU\Tfs.Service\MS.TF.WorkItemTracking.Server.L0.Tests\MS.TF.WorkItemTracking.Server.L0.Tests.dll" adapterTypeName="Microsoft.VisualStudio.TestTools.TestTypes.Unit.UnitTestAdapter" className="MS.TF.WorkItemTracking.Server.L0.Tests.Query.WiqlAdapterTests+FindFieldTests" name="TestFindField_MatchingPrefix" />
    </UnitTest>
    <UnitTest name="TestFindField_ConflictingPrefix" storage="d:\v2.0\a1\_work\dbded102\bin\release.anycpu\tfs.service\ms.tf.workitemtracking.server.l0.tests\ms.tf.workitemtracking.server.l0.tests.dll" id="99d040fb-3df2-3718-71f1-498747dfce2b">
      <Execution id="473c9e32-e87a-42e7-8c19-f60e0b660450" />
      <TestMethod codeBase="D:\v2.0\A1\_work\dbded102\bin\Release.AnyCPU\Tfs.Service\MS.TF.WorkItemTracking.Server.L0.Tests\MS.TF.WorkItemTracking.Server.L0.Tests.dll" adapterTypeName="Microsoft.VisualStudio.TestTools.TestTypes.Unit.UnitTestAdapter" className="MS.TF.WorkItemTracking.Server.L0.Tests.Query.WiqlAdapterTests+FindFieldTests" name="TestFindField_ConflictingPrefix" />
    </UnitTest>
    <UnitTest name="TestFindField_NullTableTag" storage="d:\v2.0\a1\_work\dbded102\bin\release.anycpu\tfs.service\ms.tf.workitemtracking.server.l0.tests\ms.tf.workitemtracking.server.l0.tests.dll" id="7609b421-0cf0-7913-1ebb-96a04362222c">
      <Execution id="9739cd3d-8675-46c2-8963-4410522b17f3" />
      <TestMethod codeBase="D:\v2.0\A1\_work\dbded102\bin\Release.AnyCPU\Tfs.Service\MS.TF.WorkItemTracking.Server.L0.Tests\MS.TF.WorkItemTracking.Server.L0.Tests.dll" adapterTypeName="Microsoft.VisualStudio.TestTools.TestTypes.Unit.UnitTestAdapter" className="MS.TF.WorkItemTracking.Server.L0.Tests.Query.WiqlAdapterTests+FindFieldTests" name="TestFindField_NullTableTag" />
    </UnitTest>
    <UnitTest name="TestFindField_WorkItemExtension" storage="d:\v2.0\a1\_work\dbded102\bin\release.anycpu\tfs.service\ms.tf.workitemtracking.server.l0.tests\ms.tf.workitemtracking.server.l0.tests.dll" id="93c7019d-9f8f-7573-0164-a500db029545">
      <Execution id="b5f96e79-e748-44e0-ad4a-5f232e2a00a8" />
      <TestMethod codeBase="D:\v2.0\A1\_work\dbded102\bin\Release.AnyCPU\Tfs.Service\MS.TF.WorkItemTracking.Server.L0.Tests\MS.TF.WorkItemTracking.Server.L0.Tests.dll" adapterTypeName="Microsoft.VisualStudio.TestTools.TestTypes.Unit.UnitTestAdapter" className="MS.TF.WorkItemTracking.Server.L0.Tests.Query.WiqlAdapterTests+FindFieldTests" name="TestFindField_WorkItemExtension" />
    </UnitTest>
    <UnitTest name="TestFindField_LinkExtension" storage="d:\v2.0\a1\_work\dbded102\bin\release.anycpu\tfs.service\ms.tf.workitemtracking.server.l0.tests\ms.tf.workitemtracking.server.l0.tests.dll" id="bc655d46-bfd9-2e6a-1a3b-ae0367db2470">
      <Execution id="137f86c8-95d7-48a8-a566-c85e66eed30f" />
      <TestMethod codeBase="D:\v2.0\A1\_work\dbded102\bin\Release.AnyCPU\Tfs.Service\MS.TF.WorkItemTracking.Server.L0.Tests\MS.TF.WorkItemTracking.Server.L0.Tests.dll" adapterTypeName="Microsoft.VisualStudio.TestTools.TestTypes.Unit.UnitTestAdapter" className="MS.TF.WorkItemTracking.Server.L0.Tests.Query.WiqlAdapterTests+FindFieldTests" name="TestFindField_LinkExtension" />
    </UnitTest>
    <UnitTest name="TestFindVariable_NullName" storage="d:\v2.0\a1\_work\dbded102\bin\release.anycpu\tfs.service\ms.tf.workitemtracking.server.l0.tests\ms.tf.workitemtracking.server.l0.tests.dll" id="02051ebb-0765-7223-6771-fe0dbbe7cd42">
      <Execution id="8d4bbca5-218f-4e14-8a8d-185838fc701f" />
      <TestMethod codeBase="D:\v2.0\A1\_work\dbded102\bin\Release.AnyCPU\Tfs.Service\MS.TF.WorkItemTracking.Server.L0.Tests\MS.TF.WorkItemTracking.Server.L0.Tests.dll" adapterTypeName="Microsoft.VisualStudio.TestTools.TestTypes.Unit.UnitTestAdapter" className="MS.TF.WorkItemTracking.Server.L0.Tests.Query.WiqlAdapterTests+FindVariableTests" name="TestFindVariable_NullName" />
    </UnitTest>
    <UnitTest name="TestFindVariable_EmptyName" storage="d:\v2.0\a1\_work\dbded102\bin\release.anycpu\tfs.service\ms.tf.workitemtracking.server.l0.tests\ms.tf.workitemtracking.server.l0.tests.dll" id="70dcee1c-7c7f-2a81-4dc1-bf29aa784dfa">
      <Execution id="9daa2308-7d64-4808-b905-d3ccfefb546e" />
      <TestMethod codeBase="D:\v2.0\A1\_work\dbded102\bin\Release.AnyCPU\Tfs.Service\MS.TF.WorkItemTracking.Server.L0.Tests\MS.TF.WorkItemTracking.Server.L0.Tests.dll" adapterTypeName="Microsoft.VisualStudio.TestTools.TestTypes.Unit.UnitTestAdapter" className="MS.TF.WorkItemTracking.Server.L0.Tests.Query.WiqlAdapterTests+FindVariableTests" name="TestFindVariable_EmptyName" />
    </UnitTest>
    <UnitTest name="TestFindVariable_Me" storage="d:\v2.0\a1\_work\dbded102\bin\release.anycpu\tfs.service\ms.tf.workitemtracking.server.l0.tests\ms.tf.workitemtracking.server.l0.tests.dll" id="89cda6c9-17d2-1bfc-b49e-ba56a4ac9987">
      <Execution id="7c2c1dbe-5031-48d5-846e-c90d23e1222c" />
      <TestMethod codeBase="D:\v2.0\A1\_work\dbded102\bin\Release.AnyCPU\Tfs.Service\MS.TF.WorkItemTracking.Server.L0.Tests\MS.TF.WorkItemTracking.Server.L0.Tests.dll" adapterTypeName="Microsoft.VisualStudio.TestTools.TestTypes.Unit.UnitTestAdapter" className="MS.TF.WorkItemTracking.Server.L0.Tests.Query.WiqlAdapterTests+FindVariableTests" name="TestFindVariable_Me" />
    </UnitTest>
    <UnitTest name="TestFindVariable_Today" storage="d:\v2.0\a1\_work\dbded102\bin\release.anycpu\tfs.service\ms.tf.workitemtracking.server.l0.tests\ms.tf.workitemtracking.server.l0.tests.dll" id="b5f22094-fcca-d4d8-4b40-278183ce1276">
      <Execution id="fcf82eea-65f9-4ebc-b25c-131fa6413364" />
      <TestMethod codeBase="D:\v2.0\A1\_work\dbded102\bin\Release.AnyCPU\Tfs.Service\MS.TF.WorkItemTracking.Server.L0.Tests\MS.TF.WorkItemTracking.Server.L0.Tests.dll" adapterTypeName="Microsoft.VisualStudio.TestTools.TestTypes.Unit.UnitTestAdapter" className="MS.TF.WorkItemTracking.Server.L0.Tests.Query.WiqlAdapterTests+FindVariableTests" name="TestFindVariable_Today" />
    </UnitTest>
    <UnitTest name="TestFindVariable_Project" storage="d:\v2.0\a1\_work\dbded102\bin\release.anycpu\tfs.service\ms.tf.workitemtracking.server.l0.tests\ms.tf.workitemtracking.server.l0.tests.dll" id="a8c3fc24-3346-e5d4-5714-5ae5f01ea119">
      <Execution id="977750cc-5dfb-4b5f-8a58-1773b15b3287" />
      <TestMethod codeBase="D:\v2.0\A1\_work\dbded102\bin\Release.AnyCPU\Tfs.Service\MS.TF.WorkItemTracking.Server.L0.Tests\MS.TF.WorkItemTracking.Server.L0.Tests.dll" adapterTypeName="Microsoft.VisualStudio.TestTools.TestTypes.Unit.UnitTestAdapter" className="MS.TF.WorkItemTracking.Server.L0.Tests.Query.WiqlAdapterTests+FindVariableTests" name="TestFindVariable_Project" />
    </UnitTest>
    <UnitTest name="TestFindVariable_NullContext" storage="d:\v2.0\a1\_work\dbded102\bin\release.anycpu\tfs.service\ms.tf.workitemtracking.server.l0.tests\ms.tf.workitemtracking.server.l0.tests.dll" id="454d3c13-31a9-ab5b-a2e3-a9e2c11219d4">
      <Execution id="f404753d-7746-4d8a-9d04-8b33ef217963" />
      <TestMethod codeBase="D:\v2.0\A1\_work\dbded102\bin\Release.AnyCPU\Tfs.Service\MS.TF.WorkItemTracking.Server.L0.Tests\MS.TF.WorkItemTracking.Server.L0.Tests.dll" adapterTypeName="Microsoft.VisualStudio.TestTools.TestTypes.Unit.UnitTestAdapter" className="MS.TF.WorkItemTracking.Server.L0.Tests.Query.WiqlAdapterTests+FindVariableTests" name="TestFindVariable_NullContext" />
    </UnitTest>
    <UnitTest name="TestGetVariableDataType_NullContext" storage="d:\v2.0\a1\_work\dbded102\bin\release.anycpu\tfs.service\ms.tf.workitemtracking.server.l0.tests\ms.tf.workitemtracking.server.l0.tests.dll" id="dba2068a-5b53-8460-e551-6f0891dd1215">
      <Execution id="e79595d6-9a82-4d71-991f-10500a2990e1" />
      <TestMethod codeBase="D:\v2.0\A1\_work\dbded102\bin\Release.AnyCPU\Tfs.Service\MS.TF.WorkItemTracking.Server.L0.Tests\MS.TF.WorkItemTracking.Server.L0.Tests.dll" adapterTypeName="Microsoft.VisualStudio.TestTools.TestTypes.Unit.UnitTestAdapter" className="MS.TF.WorkItemTracking.Server.L0.Tests.Query.WiqlAdapterTests+GetVariableDataTypeTests" name="TestGetVariableDataType_NullContext" />
    </UnitTest>
    <UnitTest name="TestGetVariableDataType_String" storage="d:\v2.0\a1\_work\dbded102\bin\release.anycpu\tfs.service\ms.tf.workitemtracking.server.l0.tests\ms.tf.workitemtracking.server.l0.tests.dll" id="a497c5e2-41a0-e7b5-5f89-7bcf39965655">
      <Execution id="301def42-1c1b-42fe-a526-8fcca1d46d46" />
      <TestMethod codeBase="D:\v2.0\A1\_work\dbded102\bin\Release.AnyCPU\Tfs.Service\MS.TF.WorkItemTracking.Server.L0.Tests\MS.TF.WorkItemTracking.Server.L0.Tests.dll" adapterTypeName="Microsoft.VisualStudio.TestTools.TestTypes.Unit.UnitTestAdapter" className="MS.TF.WorkItemTracking.Server.L0.Tests.Query.WiqlAdapterTests+GetVariableDataTypeTests" name="TestGetVariableDataType_String" />
    </UnitTest>
    <UnitTest name="TestGetVariableDataType_Date" storage="d:\v2.0\a1\_work\dbded102\bin\release.anycpu\tfs.service\ms.tf.workitemtracking.server.l0.tests\ms.tf.workitemtracking.server.l0.tests.dll" id="d9880993-a823-877d-b6d2-b559e43716c1">
      <Execution id="0daf08e2-9266-495b-bb56-c05042853ce6" />
      <TestMethod codeBase="D:\v2.0\A1\_work\dbded102\bin\Release.AnyCPU\Tfs.Service\MS.TF.WorkItemTracking.Server.L0.Tests\MS.TF.WorkItemTracking.Server.L0.Tests.dll" adapterTypeName="Microsoft.VisualStudio.TestTools.TestTypes.Unit.UnitTestAdapter" className="MS.TF.WorkItemTracking.Server.L0.Tests.Query.WiqlAdapterTests+GetVariableDataTypeTests" name="TestGetVariableDataType_Date" />
    </UnitTest>
    <UnitTest name="TestGetVariableDataType_Numeric" storage="d:\v2.0\a1\_work\dbded102\bin\release.anycpu\tfs.service\ms.tf.workitemtracking.server.l0.tests\ms.tf.workitemtracking.server.l0.tests.dll" id="c67acfea-046f-eaa0-239b-5fbc742f9075">
      <Execution id="b3be60a6-01d1-4456-b014-6a3e92ee423b" />
      <TestMethod codeBase="D:\v2.0\A1\_work\dbded102\bin\Release.AnyCPU\Tfs.Service\MS.TF.WorkItemTracking.Server.L0.Tests\MS.TF.WorkItemTracking.Server.L0.Tests.dll" adapterTypeName="Microsoft.VisualStudio.TestTools.TestTypes.Unit.UnitTestAdapter" className="MS.TF.WorkItemTracking.Server.L0.Tests.Query.WiqlAdapterTests+GetVariableDataTypeTests" name="TestGetVariableDataType_Numeric" />
    </UnitTest>
    <UnitTest name="TestGetVariableDataType_Me" storage="d:\v2.0\a1\_work\dbded102\bin\release.anycpu\tfs.service\ms.tf.workitemtracking.server.l0.tests\ms.tf.workitemtracking.server.l0.tests.dll" id="2635080a-ed02-86a2-8a0d-ae53e0d29882">
      <Execution id="d42936c8-21d3-43ae-b83a-3aa34d99ca46" />
      <TestMethod codeBase="D:\v2.0\A1\_work\dbded102\bin\Release.AnyCPU\Tfs.Service\MS.TF.WorkItemTracking.Server.L0.Tests\MS.TF.WorkItemTracking.Server.L0.Tests.dll" adapterTypeName="Microsoft.VisualStudio.TestTools.TestTypes.Unit.UnitTestAdapter" className="MS.TF.WorkItemTracking.Server.L0.Tests.Query.WiqlAdapterTests+GetVariableDataTypeTests" name="TestGetVariableDataType_Me" />
    </UnitTest>
    <UnitTest name="TestGetVariableDataType_Today" storage="d:\v2.0\a1\_work\dbded102\bin\release.anycpu\tfs.service\ms.tf.workitemtracking.server.l0.tests\ms.tf.workitemtracking.server.l0.tests.dll" id="3da031ff-c961-dca6-9ab4-6effe4e22187">
      <Execution id="c103d1e7-2660-4afc-a810-8eea09d39b89" />
      <TestMethod codeBase="D:\v2.0\A1\_work\dbded102\bin\Release.AnyCPU\Tfs.Service\MS.TF.WorkItemTracking.Server.L0.Tests\MS.TF.WorkItemTracking.Server.L0.Tests.dll" adapterTypeName="Microsoft.VisualStudio.TestTools.TestTypes.Unit.UnitTestAdapter" className="MS.TF.WorkItemTracking.Server.L0.Tests.Query.WiqlAdapterTests+GetVariableDataTypeTests" name="TestGetVariableDataType_Today" />
    </UnitTest>
    <UnitTest name="TestVerifyNode_FieldCondition" storage="d:\v2.0\a1\_work\dbded102\bin\release.anycpu\tfs.service\ms.tf.workitemtracking.server.l0.tests\ms.tf.workitemtracking.server.l0.tests.dll" id="bcfb988d-c9ac-790d-eb8c-63adb92b2287">
      <Execution id="093a9acc-992d-4961-8752-d3f69c02f691" />
      <TestMethod codeBase="D:\v2.0\A1\_work\dbded102\bin\Release.AnyCPU\Tfs.Service\MS.TF.WorkItemTracking.Server.L0.Tests\MS.TF.WorkItemTracking.Server.L0.Tests.dll" adapterTypeName="Microsoft.VisualStudio.TestTools.TestTypes.Unit.UnitTestAdapter" className="MS.TF.WorkItemTracking.Server.L0.Tests.Query.WiqlAdapterTests+VerifyNodeTests" name="TestVerifyNode_FieldCondition" />
    </UnitTest>
    <UnitTest name="TestVerifyNode_In" storage="d:\v2.0\a1\_work\dbded102\bin\release.anycpu\tfs.service\ms.tf.workitemtracking.server.l0.tests\ms.tf.workitemtracking.server.l0.tests.dll" id="2fa3492a-9dc4-3a1c-7a1c-a81085d436e1">
      <Execution id="eeb54ff7-df92-4ddc-bc7a-3df199622059" />
      <TestMethod codeBase="D:\v2.0\A1\_work\dbded102\bin\Release.AnyCPU\Tfs.Service\MS.TF.WorkItemTracking.Server.L0.Tests\MS.TF.WorkItemTracking.Server.L0.Tests.dll" adapterTypeName="Microsoft.VisualStudio.TestTools.TestTypes.Unit.UnitTestAdapter" className="MS.TF.WorkItemTracking.Server.L0.Tests.Query.WiqlAdapterTests+VerifyNodeTests" name="TestVerifyNode_In" />
    </UnitTest>
    <UnitTest name="TestVerifyNode_Ever" storage="d:\v2.0\a1\_work\dbded102\bin\release.anycpu\tfs.service\ms.tf.workitemtracking.server.l0.tests\ms.tf.workitemtracking.server.l0.tests.dll" id="33a7b50c-631c-d843-0a7c-9e96f865d461">
      <Execution id="0ea5fa10-085d-48a0-b138-a3f7af0ce9fe" />
      <TestMethod codeBase="D:\v2.0\A1\_work\dbded102\bin\Release.AnyCPU\Tfs.Service\MS.TF.WorkItemTracking.Server.L0.Tests\MS.TF.WorkItemTracking.Server.L0.Tests.dll" adapterTypeName="Microsoft.VisualStudio.TestTools.TestTypes.Unit.UnitTestAdapter" className="MS.TF.WorkItemTracking.Server.L0.Tests.Query.WiqlAdapterTests+VerifyNodeTests" name="TestVerifyNode_Ever" />
    </UnitTest>
    <UnitTest name="TestVerifyNode_FieldList" storage="d:\v2.0\a1\_work\dbded102\bin\release.anycpu\tfs.service\ms.tf.workitemtracking.server.l0.tests\ms.tf.workitemtracking.server.l0.tests.dll" id="5bd15c5f-73f4-0f05-a748-4df5091ed1ee">
      <Execution id="c9802186-6c8c-4432-bf1e-e0e0cd71ff9d" />
      <TestMethod codeBase="D:\v2.0\A1\_work\dbded102\bin\Release.AnyCPU\Tfs.Service\MS.TF.WorkItemTracking.Server.L0.Tests\MS.TF.WorkItemTracking.Server.L0.Tests.dll" adapterTypeName="Microsoft.VisualStudio.TestTools.TestTypes.Unit.UnitTestAdapter" className="MS.TF.WorkItemTracking.Server.L0.Tests.Query.WiqlAdapterTests+VerifyNodeTests" name="TestVerifyNode_FieldList" />
    </UnitTest>
    <UnitTest name="TestVerifyNode_OrderFieldList" storage="d:\v2.0\a1\_work\dbded102\bin\release.anycpu\tfs.service\ms.tf.workitemtracking.server.l0.tests\ms.tf.workitemtracking.server.l0.tests.dll" id="a5a1b99e-25a8-5c95-f31c-a70cbd98cde7">
      <Execution id="8e2929bb-6f2f-400f-b5f5-60e00220e46c" />
      <TestMethod codeBase="D:\v2.0\A1\_work\dbded102\bin\Release.AnyCPU\Tfs.Service\MS.TF.WorkItemTracking.Server.L0.Tests\MS.TF.WorkItemTracking.Server.L0.Tests.dll" adapterTypeName="Microsoft.VisualStudio.TestTools.TestTypes.Unit.UnitTestAdapter" className="MS.TF.WorkItemTracking.Server.L0.Tests.Query.WiqlAdapterTests+VerifyNodeTests" name="TestVerifyNode_OrderFieldList" />
    </UnitTest>
    <UnitTest name="TestVerifyNode_GroupFieldList" storage="d:\v2.0\a1\_work\dbded102\bin\release.anycpu\tfs.service\ms.tf.workitemtracking.server.l0.tests\ms.tf.workitemtracking.server.l0.tests.dll" id="2eca8618-6f22-2e24-af29-2bdb868fbae2">
      <Execution id="ca132aa7-2138-49a0-a65f-8b4d3f78b1d5" />
      <TestMethod codeBase="D:\v2.0\A1\_work\dbded102\bin\Release.AnyCPU\Tfs.Service\MS.TF.WorkItemTracking.Server.L0.Tests\MS.TF.WorkItemTracking.Server.L0.Tests.dll" adapterTypeName="Microsoft.VisualStudio.TestTools.TestTypes.Unit.UnitTestAdapter" className="MS.TF.WorkItemTracking.Server.L0.Tests.Query.WiqlAdapterTests+VerifyNodeTests" name="TestVerifyNode_GroupFieldList" />
    </UnitTest>
    <UnitTest name="TestVerifyNode_Arithmetic" storage="d:\v2.0\a1\_work\dbded102\bin\release.anycpu\tfs.service\ms.tf.workitemtracking.server.l0.tests\ms.tf.workitemtracking.server.l0.tests.dll" id="a06e9bc1-e1e9-9174-a4e4-c52a8a80ddb6">
      <Execution id="3ddf676b-75c1-4fc2-a0f3-e725f662e6df" />
      <TestMethod codeBase="D:\v2.0\A1\_work\dbded102\bin\Release.AnyCPU\Tfs.Service\MS.TF.WorkItemTracking.Server.L0.Tests\MS.TF.WorkItemTracking.Server.L0.Tests.dll" adapterTypeName="Microsoft.VisualStudio.TestTools.TestTypes.Unit.UnitTestAdapter" className="MS.TF.WorkItemTracking.Server.L0.Tests.Query.WiqlAdapterTests+VerifyNodeTests" name="TestVerifyNode_Arithmetic" />
    </UnitTest>
    <UnitTest name="TestVerifyNode_Mode" storage="d:\v2.0\a1\_work\dbded102\bin\release.anycpu\tfs.service\ms.tf.workitemtracking.server.l0.tests\ms.tf.workitemtracking.server.l0.tests.dll" id="bddc11af-472f-b284-f561-5cae4cec0e4e">
      <Execution id="2fce0fea-82ed-446e-8840-7e7e53834d16" />
      <TestMethod codeBase="D:\v2.0\A1\_work\dbded102\bin\Release.AnyCPU\Tfs.Service\MS.TF.WorkItemTracking.Server.L0.Tests\MS.TF.WorkItemTracking.Server.L0.Tests.dll" adapterTypeName="Microsoft.VisualStudio.TestTools.TestTypes.Unit.UnitTestAdapter" className="MS.TF.WorkItemTracking.Server.L0.Tests.Query.WiqlAdapterTests+VerifyNodeTests" name="TestVerifyNode_Mode" />
    </UnitTest>
    <UnitTest name="TestVerifyNode_Select" storage="d:\v2.0\a1\_work\dbded102\bin\release.anycpu\tfs.service\ms.tf.workitemtracking.server.l0.tests\ms.tf.workitemtracking.server.l0.tests.dll" id="71710613-b414-625f-4492-8a8ee610196a">
      <Execution id="4ba93a05-5533-4879-a0c4-7fbf2b9e1801" />
      <TestMethod codeBase="D:\v2.0\A1\_work\dbded102\bin\Release.AnyCPU\Tfs.Service\MS.TF.WorkItemTracking.Server.L0.Tests\MS.TF.WorkItemTracking.Server.L0.Tests.dll" adapterTypeName="Microsoft.VisualStudio.TestTools.TestTypes.Unit.UnitTestAdapter" className="MS.TF.WorkItemTracking.Server.L0.Tests.Query.WiqlAdapterTests+VerifyNodeTests" name="TestVerifyNode_Select" />
    </UnitTest>
    <UnitTest name="TestFieldCondition_In" storage="d:\v2.0\a1\_work\dbded102\bin\release.anycpu\tfs.service\ms.tf.workitemtracking.server.l0.tests\ms.tf.workitemtracking.server.l0.tests.dll" id="3d3cc790-6d21-dbf9-c323-8e39aaf0a7c6">
      <Execution id="db2f82dc-e77e-4224-be38-741620030d01" />
      <TestMethod codeBase="D:\v2.0\A1\_work\dbded102\bin\Release.AnyCPU\Tfs.Service\MS.TF.WorkItemTracking.Server.L0.Tests\MS.TF.WorkItemTracking.Server.L0.Tests.dll" adapterTypeName="Microsoft.VisualStudio.TestTools.TestTypes.Unit.UnitTestAdapter" className="MS.TF.WorkItemTracking.Server.L0.Tests.Query.WiqlAdapterTests+OptimizeNodeTests" name="TestFieldCondition_In" />
    </UnitTest>
    <UnitTest name="TestFieldCondition_Contains" storage="d:\v2.0\a1\_work\dbded102\bin\release.anycpu\tfs.service\ms.tf.workitemtracking.server.l0.tests\ms.tf.workitemtracking.server.l0.tests.dll" id="036a79ee-8257-0c3b-62c3-1f52091d2ca2">
      <Execution id="24e4a3fb-34ac-4a21-bd2b-b30a8e3a2194" />
      <TestMethod codeBase="D:\v2.0\A1\_work\dbded102\bin\Release.AnyCPU\Tfs.Service\MS.TF.WorkItemTracking.Server.L0.Tests\MS.TF.WorkItemTracking.Server.L0.Tests.dll" adapterTypeName="Microsoft.VisualStudio.TestTools.TestTypes.Unit.UnitTestAdapter" className="MS.TF.WorkItemTracking.Server.L0.Tests.Query.WiqlAdapterTests+OptimizeNodeTests" name="TestFieldCondition_Contains" />
    </UnitTest>
    <UnitTest name="TestFieldCondition_Contains_EmptyString" storage="d:\v2.0\a1\_work\dbded102\bin\release.anycpu\tfs.service\ms.tf.workitemtracking.server.l0.tests\ms.tf.workitemtracking.server.l0.tests.dll" id="d6d1e935-1dc2-bc73-c017-fa5002cc629d">
      <Execution id="fcc4db5d-c5b1-488f-8a42-29195ea677a7" />
      <TestMethod codeBase="D:\v2.0\A1\_work\dbded102\bin\Release.AnyCPU\Tfs.Service\MS.TF.WorkItemTracking.Server.L0.Tests\MS.TF.WorkItemTracking.Server.L0.Tests.dll" adapterTypeName="Microsoft.VisualStudio.TestTools.TestTypes.Unit.UnitTestAdapter" className="MS.TF.WorkItemTracking.Server.L0.Tests.Query.WiqlAdapterTests+OptimizeNodeTests" name="TestFieldCondition_Contains_EmptyString" />
    </UnitTest>
    <UnitTest name="TestFieldCondition_IsNonNullable" storage="d:\v2.0\a1\_work\dbded102\bin\release.anycpu\tfs.service\ms.tf.workitemtracking.server.l0.tests\ms.tf.workitemtracking.server.l0.tests.dll" id="16d5a898-3912-8d6d-6d6d-bf75e99ba161">
      <Execution id="46d2a2c2-702a-41a2-9a6c-425a78f8adfe" />
      <TestMethod codeBase="D:\v2.0\A1\_work\dbded102\bin\Release.AnyCPU\Tfs.Service\MS.TF.WorkItemTracking.Server.L0.Tests\MS.TF.WorkItemTracking.Server.L0.Tests.dll" adapterTypeName="Microsoft.VisualStudio.TestTools.TestTypes.Unit.UnitTestAdapter" className="MS.TF.WorkItemTracking.Server.L0.Tests.Query.WiqlAdapterTests+OptimizeNodeTests" name="TestFieldCondition_IsNonNullable" />
    </UnitTest>
    <UnitTest name="TestFieldCondition_IsNonNullable_EmptyString" storage="d:\v2.0\a1\_work\dbded102\bin\release.anycpu\tfs.service\ms.tf.workitemtracking.server.l0.tests\ms.tf.workitemtracking.server.l0.tests.dll" id="04a92cd7-572f-3d1a-212b-999ce2f7a9e2">
      <Execution id="aeebb5af-9ffa-4ea4-af5d-31dfb46bd3a5" />
      <TestMethod codeBase="D:\v2.0\A1\_work\dbded102\bin\Release.AnyCPU\Tfs.Service\MS.TF.WorkItemTracking.Server.L0.Tests\MS.TF.WorkItemTracking.Server.L0.Tests.dll" adapterTypeName="Microsoft.VisualStudio.TestTools.TestTypes.Unit.UnitTestAdapter" className="MS.TF.WorkItemTracking.Server.L0.Tests.Query.WiqlAdapterTests+OptimizeNodeTests" name="TestFieldCondition_IsNonNullable_EmptyString" />
    </UnitTest>
    <UnitTest name="TestFieldCondition_PortfolioProjectId" storage="d:\v2.0\a1\_work\dbded102\bin\release.anycpu\tfs.service\ms.tf.workitemtracking.server.l0.tests\ms.tf.workitemtracking.server.l0.tests.dll" id="cd0745fe-4ad1-78da-5886-1eb580b9cdd5">
      <Execution id="464c9566-ae92-40f2-b527-770b08b0e2e6" />
      <TestMethod codeBase="D:\v2.0\A1\_work\dbded102\bin\Release.AnyCPU\Tfs.Service\MS.TF.WorkItemTracking.Server.L0.Tests\MS.TF.WorkItemTracking.Server.L0.Tests.dll" adapterTypeName="Microsoft.VisualStudio.TestTools.TestTypes.Unit.UnitTestAdapter" className="MS.TF.WorkItemTracking.Server.L0.Tests.Query.WiqlAdapterTests+OptimizeNodeTests" name="TestFieldCondition_PortfolioProjectId" />
    </UnitTest>
    <UnitTest name="TestFieldCondition_DayPrecisionEquals" storage="d:\v2.0\a1\_work\dbded102\bin\release.anycpu\tfs.service\ms.tf.workitemtracking.server.l0.tests\ms.tf.workitemtracking.server.l0.tests.dll" id="86481061-e20d-ac57-4741-ba5265d41bde">
      <Execution id="f1e9209d-f38e-495e-8c9d-a1379dbbf97d" />
      <TestMethod codeBase="D:\v2.0\A1\_work\dbded102\bin\Release.AnyCPU\Tfs.Service\MS.TF.WorkItemTracking.Server.L0.Tests\MS.TF.WorkItemTracking.Server.L0.Tests.dll" adapterTypeName="Microsoft.VisualStudio.TestTools.TestTypes.Unit.UnitTestAdapter" className="MS.TF.WorkItemTracking.Server.L0.Tests.Query.WiqlAdapterTests+OptimizeNodeTests" name="TestFieldCondition_DayPrecisionEquals" />
    </UnitTest>
    <UnitTest name="TestFieldCondition_DayPrecisionNotEquals" storage="d:\v2.0\a1\_work\dbded102\bin\release.anycpu\tfs.service\ms.tf.workitemtracking.server.l0.tests\ms.tf.workitemtracking.server.l0.tests.dll" id="fae57342-961d-e2f5-a502-420dfa0204cd">
      <Execution id="1ac9a7eb-ed6b-48a1-a422-405f676fa550" />
      <TestMethod codeBase="D:\v2.0\A1\_work\dbded102\bin\Release.AnyCPU\Tfs.Service\MS.TF.WorkItemTracking.Server.L0.Tests\MS.TF.WorkItemTracking.Server.L0.Tests.dll" adapterTypeName="Microsoft.VisualStudio.TestTools.TestTypes.Unit.UnitTestAdapter" className="MS.TF.WorkItemTracking.Server.L0.Tests.Query.WiqlAdapterTests+OptimizeNodeTests" name="TestFieldCondition_DayPrecisionNotEquals" />
    </UnitTest>
    <UnitTest name="TestFieldCondition_DayPrecisionLess" storage="d:\v2.0\a1\_work\dbded102\bin\release.anycpu\tfs.service\ms.tf.workitemtracking.server.l0.tests\ms.tf.workitemtracking.server.l0.tests.dll" id="773b7dbe-bedf-dbcf-effe-eaa4f149ebf5">
      <Execution id="47e4387a-2279-4fcb-a224-2588f594a0a6" />
      <TestMethod codeBase="D:\v2.0\A1\_work\dbded102\bin\Release.AnyCPU\Tfs.Service\MS.TF.WorkItemTracking.Server.L0.Tests\MS.TF.WorkItemTracking.Server.L0.Tests.dll" adapterTypeName="Microsoft.VisualStudio.TestTools.TestTypes.Unit.UnitTestAdapter" className="MS.TF.WorkItemTracking.Server.L0.Tests.Query.WiqlAdapterTests+OptimizeNodeTests" name="TestFieldCondition_DayPrecisionLess" />
    </UnitTest>
    <UnitTest name="TestFieldCondition_DayPrecisionGreater" storage="d:\v2.0\a1\_work\dbded102\bin\release.anycpu\tfs.service\ms.tf.workitemtracking.server.l0.tests\ms.tf.workitemtracking.server.l0.tests.dll" id="52de58bc-525c-8f28-263b-415df4fcea29">
      <Execution id="cb69581e-8624-414f-9618-f36a0e4352d6" />
      <TestMethod codeBase="D:\v2.0\A1\_work\dbded102\bin\Release.AnyCPU\Tfs.Service\MS.TF.WorkItemTracking.Server.L0.Tests\MS.TF.WorkItemTracking.Server.L0.Tests.dll" adapterTypeName="Microsoft.VisualStudio.TestTools.TestTypes.Unit.UnitTestAdapter" className="MS.TF.WorkItemTracking.Server.L0.Tests.Query.WiqlAdapterTests+OptimizeNodeTests" name="TestFieldCondition_DayPrecisionGreater" />
    </UnitTest>
    <UnitTest name="TestFieldCondition_DayPrecisionLessOrEquals" storage="d:\v2.0\a1\_work\dbded102\bin\release.anycpu\tfs.service\ms.tf.workitemtracking.server.l0.tests\ms.tf.workitemtracking.server.l0.tests.dll" id="d95e3ede-ee53-468d-83a6-8be341108b30">
      <Execution id="a4608009-ac88-4c9b-a0b4-f5ded92deed9" />
      <TestMethod codeBase="D:\v2.0\A1\_work\dbded102\bin\Release.AnyCPU\Tfs.Service\MS.TF.WorkItemTracking.Server.L0.Tests\MS.TF.WorkItemTracking.Server.L0.Tests.dll" adapterTypeName="Microsoft.VisualStudio.TestTools.TestTypes.Unit.UnitTestAdapter" className="MS.TF.WorkItemTracking.Server.L0.Tests.Query.WiqlAdapterTests+OptimizeNodeTests" name="TestFieldCondition_DayPrecisionLessOrEquals" />
    </UnitTest>
    <UnitTest name="TestVariable_Me" storage="d:\v2.0\a1\_work\dbded102\bin\release.anycpu\tfs.service\ms.tf.workitemtracking.server.l0.tests\ms.tf.workitemtracking.server.l0.tests.dll" id="f0d3ff45-290b-365b-93fa-2a5f087e9583">
      <Execution id="f5bef7e3-366d-499e-8f4f-7b08b7672d4f" />
      <TestMethod codeBase="D:\v2.0\A1\_work\dbded102\bin\Release.AnyCPU\Tfs.Service\MS.TF.WorkItemTracking.Server.L0.Tests\MS.TF.WorkItemTracking.Server.L0.Tests.dll" adapterTypeName="Microsoft.VisualStudio.TestTools.TestTypes.Unit.UnitTestAdapter" className="MS.TF.WorkItemTracking.Server.L0.Tests.Query.WiqlAdapterTests+OptimizeNodeTests" name="TestVariable_Me" />
    </UnitTest>
    <UnitTest name="TestVariable_Today" storage="d:\v2.0\a1\_work\dbded102\bin\release.anycpu\tfs.service\ms.tf.workitemtracking.server.l0.tests\ms.tf.workitemtracking.server.l0.tests.dll" id="8888851b-6e7a-3b28-1395-79bbc170bc4a">
      <Execution id="9e9e0d98-97a6-4463-b125-c477d7088469" />
      <TestMethod codeBase="D:\v2.0\A1\_work\dbded102\bin\Release.AnyCPU\Tfs.Service\MS.TF.WorkItemTracking.Server.L0.Tests\MS.TF.WorkItemTracking.Server.L0.Tests.dll" adapterTypeName="Microsoft.VisualStudio.TestTools.TestTypes.Unit.UnitTestAdapter" className="MS.TF.WorkItemTracking.Server.L0.Tests.Query.WiqlAdapterTests+OptimizeNodeTests" name="TestVariable_Today" />
    </UnitTest>
    <UnitTest name="TestArithmentic_Numeric" storage="d:\v2.0\a1\_work\dbded102\bin\release.anycpu\tfs.service\ms.tf.workitemtracking.server.l0.tests\ms.tf.workitemtracking.server.l0.tests.dll" id="6a2d92e8-9afc-5a36-0e62-0a2f924d27f4">
      <Execution id="706253ee-20fd-4ab3-b9ae-593fb21cfaac" />
      <TestMethod codeBase="D:\v2.0\A1\_work\dbded102\bin\Release.AnyCPU\Tfs.Service\MS.TF.WorkItemTracking.Server.L0.Tests\MS.TF.WorkItemTracking.Server.L0.Tests.dll" adapterTypeName="Microsoft.VisualStudio.TestTools.TestTypes.Unit.UnitTestAdapter" className="MS.TF.WorkItemTracking.Server.L0.Tests.Query.WiqlAdapterTests+OptimizeNodeTests" name="TestArithmentic_Numeric" />
    </UnitTest>
    <UnitTest name="TestArithmetic_Date" storage="d:\v2.0\a1\_work\dbded102\bin\release.anycpu\tfs.service\ms.tf.workitemtracking.server.l0.tests\ms.tf.workitemtracking.server.l0.tests.dll" id="1803da08-f222-3590-490b-cd4c3f1c6d89">
      <Execution id="3b2d2799-e620-4045-8d55-01d0615fb6e9" />
      <TestMethod codeBase="D:\v2.0\A1\_work\dbded102\bin\Release.AnyCPU\Tfs.Service\MS.TF.WorkItemTracking.Server.L0.Tests\MS.TF.WorkItemTracking.Server.L0.Tests.dll" adapterTypeName="Microsoft.VisualStudio.TestTools.TestTypes.Unit.UnitTestAdapter" className="MS.TF.WorkItemTracking.Server.L0.Tests.Query.WiqlAdapterTests+OptimizeNodeTests" name="TestArithmetic_Date" />
    </UnitTest>
    <UnitTest name="TestComputeLinkTypes_FieldConditionEquals" storage="d:\v2.0\a1\_work\dbded102\bin\release.anycpu\tfs.service\ms.tf.workitemtracking.server.l0.tests\ms.tf.workitemtracking.server.l0.tests.dll" id="1e008cf0-0223-146f-4567-5a7b406a4cab">
      <Execution id="2ec6be47-0356-4430-b076-64546218a892" />
      <TestMethod codeBase="D:\v2.0\A1\_work\dbded102\bin\Release.AnyCPU\Tfs.Service\MS.TF.WorkItemTracking.Server.L0.Tests\MS.TF.WorkItemTracking.Server.L0.Tests.dll" adapterTypeName="Microsoft.VisualStudio.TestTools.TestTypes.Unit.UnitTestAdapter" className="MS.TF.WorkItemTracking.Server.L0.Tests.Query.WiqlAdapterTests+ComputeLinkTypesTests" name="TestComputeLinkTypes_FieldConditionEquals" />
    </UnitTest>
    <UnitTest name="TestComputeLinkTypes_FieldConditionNotEquals" storage="d:\v2.0\a1\_work\dbded102\bin\release.anycpu\tfs.service\ms.tf.workitemtracking.server.l0.tests\ms.tf.workitemtracking.server.l0.tests.dll" id="5893e01c-fb36-f6ac-8047-648f12b462c8">
      <Execution id="9203a51b-b715-47a1-800d-4b4eba14909e" />
      <TestMethod codeBase="D:\v2.0\A1\_work\dbded102\bin\Release.AnyCPU\Tfs.Service\MS.TF.WorkItemTracking.Server.L0.Tests\MS.TF.WorkItemTracking.Server.L0.Tests.dll" adapterTypeName="Microsoft.VisualStudio.TestTools.TestTypes.Unit.UnitTestAdapter" className="MS.TF.WorkItemTracking.Server.L0.Tests.Query.WiqlAdapterTests+ComputeLinkTypesTests" name="TestComputeLinkTypes_FieldConditionNotEquals" />
    </UnitTest>
    <UnitTest name="TestComputeLinkTypes_And" storage="d:\v2.0\a1\_work\dbded102\bin\release.anycpu\tfs.service\ms.tf.workitemtracking.server.l0.tests\ms.tf.workitemtracking.server.l0.tests.dll" id="21f155e6-9e4d-e1ff-0a51-1470314d59a7">
      <Execution id="fadc7036-3b85-4762-bf16-4df581f95bed" />
      <TestMethod codeBase="D:\v2.0\A1\_work\dbded102\bin\Release.AnyCPU\Tfs.Service\MS.TF.WorkItemTracking.Server.L0.Tests\MS.TF.WorkItemTracking.Server.L0.Tests.dll" adapterTypeName="Microsoft.VisualStudio.TestTools.TestTypes.Unit.UnitTestAdapter" className="MS.TF.WorkItemTracking.Server.L0.Tests.Query.WiqlAdapterTests+ComputeLinkTypesTests" name="TestComputeLinkTypes_And" />
    </UnitTest>
    <UnitTest name="TestComputeLinkTypes_Or" storage="d:\v2.0\a1\_work\dbded102\bin\release.anycpu\tfs.service\ms.tf.workitemtracking.server.l0.tests\ms.tf.workitemtracking.server.l0.tests.dll" id="9f25c8a5-a363-056f-3497-1c9b28b91983">
      <Execution id="be40f628-a334-4618-b628-ab0cb8137485" />
      <TestMethod codeBase="D:\v2.0\A1\_work\dbded102\bin\Release.AnyCPU\Tfs.Service\MS.TF.WorkItemTracking.Server.L0.Tests\MS.TF.WorkItemTracking.Server.L0.Tests.dll" adapterTypeName="Microsoft.VisualStudio.TestTools.TestTypes.Unit.UnitTestAdapter" className="MS.TF.WorkItemTracking.Server.L0.Tests.Query.WiqlAdapterTests+ComputeLinkTypesTests" name="TestComputeLinkTypes_Or" />
    </UnitTest>
    <UnitTest name="TestComputeLinkTypes_Not" storage="d:\v2.0\a1\_work\dbded102\bin\release.anycpu\tfs.service\ms.tf.workitemtracking.server.l0.tests\ms.tf.workitemtracking.server.l0.tests.dll" id="617e2a1b-a273-cdfc-fbc3-31338aeae9d5">
      <Execution id="95a7c145-6b56-4ab1-a56b-d87d1ea1b3a2" />
      <TestMethod codeBase="D:\v2.0\A1\_work\dbded102\bin\Release.AnyCPU\Tfs.Service\MS.TF.WorkItemTracking.Server.L0.Tests\MS.TF.WorkItemTracking.Server.L0.Tests.dll" adapterTypeName="Microsoft.VisualStudio.TestTools.TestTypes.Unit.UnitTestAdapter" className="MS.TF.WorkItemTracking.Server.L0.Tests.Query.WiqlAdapterTests+ComputeLinkTypesTests" name="TestComputeLinkTypes_Not" />
    </UnitTest>
    <UnitTest name="TestComputeLinkTypes_Default" storage="d:\v2.0\a1\_work\dbded102\bin\release.anycpu\tfs.service\ms.tf.workitemtracking.server.l0.tests\ms.tf.workitemtracking.server.l0.tests.dll" id="c6b67e44-2eab-102a-00a4-314fc821ae92">
      <Execution id="ffd5700b-0328-46ae-9a98-b3926a0e6a4a" />
      <TestMethod codeBase="D:\v2.0\A1\_work\dbded102\bin\Release.AnyCPU\Tfs.Service\MS.TF.WorkItemTracking.Server.L0.Tests\MS.TF.WorkItemTracking.Server.L0.Tests.dll" adapterTypeName="Microsoft.VisualStudio.TestTools.TestTypes.Unit.UnitTestAdapter" className="MS.TF.WorkItemTracking.Server.L0.Tests.Query.WiqlAdapterTests+ComputeLinkTypesTests" name="TestComputeLinkTypes_Default" />
    </UnitTest>
    <UnitTest name="TestGetQueryXml_NodeSelect" storage="d:\v2.0\a1\_work\dbded102\bin\release.anycpu\tfs.service\ms.tf.workitemtracking.server.l0.tests\ms.tf.workitemtracking.server.l0.tests.dll" id="0b820ba2-9251-558b-385e-cd54f1731733">
      <Execution id="996ac2f9-98e5-4ecd-94d3-682d218759a7" />
      <TestMethod codeBase="D:\v2.0\A1\_work\dbded102\bin\Release.AnyCPU\Tfs.Service\MS.TF.WorkItemTracking.Server.L0.Tests\MS.TF.WorkItemTracking.Server.L0.Tests.dll" adapterTypeName="Microsoft.VisualStudio.TestTools.TestTypes.Unit.UnitTestAdapter" className="MS.TF.WorkItemTracking.Server.L0.Tests.Query.WiqlAdapterTests+XmlTests" name="TestGetQueryXml_NodeSelect" />
    </UnitTest>
    <UnitTest name="TestGetQueryXml_Wiql_IsLinkQuery" storage="d:\v2.0\a1\_work\dbded102\bin\release.anycpu\tfs.service\ms.tf.workitemtracking.server.l0.tests\ms.tf.workitemtracking.server.l0.tests.dll" id="78ec11a4-5371-ab2d-ae42-578920d1f831">
      <Execution id="12d58ced-f9f6-4cff-8b94-ec0455c4d63c" />
      <TestMethod codeBase="D:\v2.0\A1\_work\dbded102\bin\Release.AnyCPU\Tfs.Service\MS.TF.WorkItemTracking.Server.L0.Tests\MS.TF.WorkItemTracking.Server.L0.Tests.dll" adapterTypeName="Microsoft.VisualStudio.TestTools.TestTypes.Unit.UnitTestAdapter" className="MS.TF.WorkItemTracking.Server.L0.Tests.Query.WiqlAdapterTests+XmlTests" name="TestGetQueryXml_Wiql_IsLinkQuery" />
    </UnitTest>
    <UnitTest name="TestGetQueryXml_Wiql_IsNotLinkQuery" storage="d:\v2.0\a1\_work\dbded102\bin\release.anycpu\tfs.service\ms.tf.workitemtracking.server.l0.tests\ms.tf.workitemtracking.server.l0.tests.dll" id="7bb259d8-322d-4c05-7324-a65af949ca53">
      <Execution id="f60fe985-bc12-4043-84d0-4423774bfe1d" />
      <TestMethod codeBase="D:\v2.0\A1\_work\dbded102\bin\Release.AnyCPU\Tfs.Service\MS.TF.WorkItemTracking.Server.L0.Tests\MS.TF.WorkItemTracking.Server.L0.Tests.dll" adapterTypeName="Microsoft.VisualStudio.TestTools.TestTypes.Unit.UnitTestAdapter" className="MS.TF.WorkItemTracking.Server.L0.Tests.Query.WiqlAdapterTests+XmlTests" name="TestGetQueryXml_Wiql_IsNotLinkQuery" />
    </UnitTest>
    <UnitTest name="TestGetLinkQueryXml" storage="d:\v2.0\a1\_work\dbded102\bin\release.anycpu\tfs.service\ms.tf.workitemtracking.server.l0.tests\ms.tf.workitemtracking.server.l0.tests.dll" id="82699a32-3dea-27e9-0e58-a209de6f0dcd">
      <Execution id="46a5be78-18d3-4db9-b1f2-6d031cabdbb7" />
      <TestMethod codeBase="D:\v2.0\A1\_work\dbded102\bin\Release.AnyCPU\Tfs.Service\MS.TF.WorkItemTracking.Server.L0.Tests\MS.TF.WorkItemTracking.Server.L0.Tests.dll" adapterTypeName="Microsoft.VisualStudio.TestTools.TestTypes.Unit.UnitTestAdapter" className="MS.TF.WorkItemTracking.Server.L0.Tests.Query.WiqlAdapterTests+XmlTests" name="TestGetLinkQueryXml" />
    </UnitTest>
    <UnitTest name="TestGetLinkQueryXml_LinksRecursiveReturnMatchingChildren" storage="d:\v2.0\a1\_work\dbded102\bin\release.anycpu\tfs.service\ms.tf.workitemtracking.server.l0.tests\ms.tf.workitemtracking.server.l0.tests.dll" id="3e380a66-dba2-1a8f-6cdb-ae5a76b86039">
      <Execution id="7ec64c9c-7104-4290-a4a9-de7a1e01f9aa" />
      <TestMethod codeBase="D:\v2.0\A1\_work\dbded102\bin\Release.AnyCPU\Tfs.Service\MS.TF.WorkItemTracking.Server.L0.Tests\MS.TF.WorkItemTracking.Server.L0.Tests.dll" adapterTypeName="Microsoft.VisualStudio.TestTools.TestTypes.Unit.UnitTestAdapter" className="MS.TF.WorkItemTracking.Server.L0.Tests.Query.WiqlAdapterTests+XmlTests" name="TestGetLinkQueryXml_LinksRecursiveReturnMatchingChildren" />
    </UnitTest>
    <UnitTest name="NullRequestContext" storage="d:\v2.0\a1\_work\dbded102\bin\release.anycpu\tfs.service\ms.tf.workitemtracking.server.l0.tests\ms.tf.workitemtracking.server.l0.tests.dll" id="66133bd1-d99c-8003-a099-9b351bc6fd5a">
      <Execution id="8fa8f10b-58cd-4f08-bd88-350d691a3cfa" />
      <TestMethod codeBase="D:\v2.0\A1\_work\dbded102\bin\Release.AnyCPU\Tfs.Service\MS.TF.WorkItemTracking.Server.L0.Tests\MS.TF.WorkItemTracking.Server.L0.Tests.dll" adapterTypeName="Microsoft.VisualStudio.TestTools.TestTypes.Unit.UnitTestAdapter" className="MS.TF.WorkItemTracking.Server.L0.Tests.QueryTests.QueryServiceTests+ExecuteQueryTests" name="NullRequestContext" />
    </UnitTest>
    <UnitTest name="NullQueryExpression" storage="d:\v2.0\a1\_work\dbded102\bin\release.anycpu\tfs.service\ms.tf.workitemtracking.server.l0.tests\ms.tf.workitemtracking.server.l0.tests.dll" id="3354c841-566f-899e-a504-5ed529bce361">
      <Execution id="2f026893-7339-4951-9e65-a5986c470da0" />
      <TestMethod codeBase="D:\v2.0\A1\_work\dbded102\bin\Release.AnyCPU\Tfs.Service\MS.TF.WorkItemTracking.Server.L0.Tests\MS.TF.WorkItemTracking.Server.L0.Tests.dll" adapterTypeName="Microsoft.VisualStudio.TestTools.TestTypes.Unit.UnitTestAdapter" className="MS.TF.WorkItemTracking.Server.L0.Tests.QueryTests.QueryServiceTests+ExecuteQueryTests" name="NullQueryExpression" />
    </UnitTest>
    <UnitTest name="NullWiql" storage="d:\v2.0\a1\_work\dbded102\bin\release.anycpu\tfs.service\ms.tf.workitemtracking.server.l0.tests\ms.tf.workitemtracking.server.l0.tests.dll" id="10f4a4c7-585f-4668-5e80-d73824eab56d">
      <Execution id="e72d78c3-bc03-4415-8acb-5d2f2f6ebd2a" />
      <TestMethod codeBase="D:\v2.0\A1\_work\dbded102\bin\Release.AnyCPU\Tfs.Service\MS.TF.WorkItemTracking.Server.L0.Tests\MS.TF.WorkItemTracking.Server.L0.Tests.dll" adapterTypeName="Microsoft.VisualStudio.TestTools.TestTypes.Unit.UnitTestAdapter" className="MS.TF.WorkItemTracking.Server.L0.Tests.QueryTests.QueryServiceTests+ExecuteQueryTests" name="NullWiql" />
    </UnitTest>
    <UnitTest name="TestHasMoreResult" storage="d:\v2.0\a1\_work\dbded102\bin\release.anycpu\tfs.service\ms.tf.workitemtracking.server.l0.tests\ms.tf.workitemtracking.server.l0.tests.dll" id="5a7518ac-709f-580b-099d-2fe790c330ad">
      <Execution id="f32c131d-d2cc-486f-be72-b9db84d4e2d3" />
      <TestMethod codeBase="D:\v2.0\A1\_work\dbded102\bin\Release.AnyCPU\Tfs.Service\MS.TF.WorkItemTracking.Server.L0.Tests\MS.TF.WorkItemTracking.Server.L0.Tests.dll" adapterTypeName="Microsoft.VisualStudio.TestTools.TestTypes.Unit.UnitTestAdapter" className="MS.TF.WorkItemTracking.Server.L0.Tests.QueryTests.QueryServiceTests+ExecuteQueryTests" name="TestHasMoreResult" />
    </UnitTest>
    <UnitTest name="TestHasPendingReclassification" storage="d:\v2.0\a1\_work\dbded102\bin\release.anycpu\tfs.service\ms.tf.workitemtracking.server.l0.tests\ms.tf.workitemtracking.server.l0.tests.dll" id="061b757d-d120-61b0-1c12-904a754bcf00">
      <Execution id="32ab8beb-3db1-4f79-8224-e4416459803a" />
      <TestMethod codeBase="D:\v2.0\A1\_work\dbded102\bin\Release.AnyCPU\Tfs.Service\MS.TF.WorkItemTracking.Server.L0.Tests\MS.TF.WorkItemTracking.Server.L0.Tests.dll" adapterTypeName="Microsoft.VisualStudio.TestTools.TestTypes.Unit.UnitTestAdapter" className="MS.TF.WorkItemTracking.Server.L0.Tests.QueryTests.QueryServiceTests+ExecuteQueryTests" name="TestHasPendingReclassification" />
    </UnitTest>
    <UnitTest name="TestFilterWorkItem" storage="d:\v2.0\a1\_work\dbded102\bin\release.anycpu\tfs.service\ms.tf.workitemtracking.server.l0.tests\ms.tf.workitemtracking.server.l0.tests.dll" id="c3e3e98a-ec7f-8a85-9c1c-7ad66785dedd">
      <Execution id="1477d2d0-90b1-49c6-a1f0-4cfa090ce32d" />
      <TestMethod codeBase="D:\v2.0\A1\_work\dbded102\bin\Release.AnyCPU\Tfs.Service\MS.TF.WorkItemTracking.Server.L0.Tests\MS.TF.WorkItemTracking.Server.L0.Tests.dll" adapterTypeName="Microsoft.VisualStudio.TestTools.TestTypes.Unit.UnitTestAdapter" className="MS.TF.WorkItemTracking.Server.L0.Tests.QueryTests.QueryServiceTests+ExecuteQueryTests" name="TestFilterWorkItem" />
    </UnitTest>
    <UnitTest name="OneHopMustContainAddRootEntry" storage="d:\v2.0\a1\_work\dbded102\bin\release.anycpu\tfs.service\ms.tf.workitemtracking.server.l0.tests\ms.tf.workitemtracking.server.l0.tests.dll" id="5ac67bea-66dc-f7a4-1780-b31d30e90ae3">
      <Execution id="9fc38fff-4492-4aad-83ea-6f14654e20fc" />
      <TestMethod codeBase="D:\v2.0\A1\_work\dbded102\bin\Release.AnyCPU\Tfs.Service\MS.TF.WorkItemTracking.Server.L0.Tests\MS.TF.WorkItemTracking.Server.L0.Tests.dll" adapterTypeName="Microsoft.VisualStudio.TestTools.TestTypes.Unit.UnitTestAdapter" className="MS.TF.WorkItemTracking.Server.L0.Tests.QueryTests.QueryServiceTests+ExecuteQueryTests" name="OneHopMustContainAddRootEntry" />
    </UnitTest>
    <UnitTest name="OneHopMustContainFilterSource" storage="d:\v2.0\a1\_work\dbded102\bin\release.anycpu\tfs.service\ms.tf.workitemtracking.server.l0.tests\ms.tf.workitemtracking.server.l0.tests.dll" id="ea326236-2880-df30-9c04-cdf43dcb2c91">
      <Execution id="b3005acd-b141-456c-9f2c-c81bbfe4c533" />
      <TestMethod codeBase="D:\v2.0\A1\_work\dbded102\bin\Release.AnyCPU\Tfs.Service\MS.TF.WorkItemTracking.Server.L0.Tests\MS.TF.WorkItemTracking.Server.L0.Tests.dll" adapterTypeName="Microsoft.VisualStudio.TestTools.TestTypes.Unit.UnitTestAdapter" className="MS.TF.WorkItemTracking.Server.L0.Tests.QueryTests.QueryServiceTests+ExecuteQueryTests" name="OneHopMustContainFilterSource" />
    </UnitTest>
    <UnitTest name="OneHopMustContainFilterAllTarget" storage="d:\v2.0\a1\_work\dbded102\bin\release.anycpu\tfs.service\ms.tf.workitemtracking.server.l0.tests\ms.tf.workitemtracking.server.l0.tests.dll" id="cc26460c-8eb1-be38-bdf9-89815cec9931">
      <Execution id="0297a7fb-230d-46cd-a0bf-4a186cfbbb0d" />
      <TestMethod codeBase="D:\v2.0\A1\_work\dbded102\bin\Release.AnyCPU\Tfs.Service\MS.TF.WorkItemTracking.Server.L0.Tests\MS.TF.WorkItemTracking.Server.L0.Tests.dll" adapterTypeName="Microsoft.VisualStudio.TestTools.TestTypes.Unit.UnitTestAdapter" className="MS.TF.WorkItemTracking.Server.L0.Tests.QueryTests.QueryServiceTests+ExecuteQueryTests" name="OneHopMustContainFilterAllTarget" />
    </UnitTest>
    <UnitTest name="OneHopMustContainFilterSomeTarget" storage="d:\v2.0\a1\_work\dbded102\bin\release.anycpu\tfs.service\ms.tf.workitemtracking.server.l0.tests\ms.tf.workitemtracking.server.l0.tests.dll" id="9f780600-928f-1345-79df-e536beaabcfe">
      <Execution id="8aa1b94a-ac3d-4ca0-8c8b-0d022f289c71" />
      <TestMethod codeBase="D:\v2.0\A1\_work\dbded102\bin\Release.AnyCPU\Tfs.Service\MS.TF.WorkItemTracking.Server.L0.Tests\MS.TF.WorkItemTracking.Server.L0.Tests.dll" adapterTypeName="Microsoft.VisualStudio.TestTools.TestTypes.Unit.UnitTestAdapter" className="MS.TF.WorkItemTracking.Server.L0.Tests.QueryTests.QueryServiceTests+ExecuteQueryTests" name="OneHopMustContainFilterSomeTarget" />
    </UnitTest>
    <UnitTest name="OneHopMayContainAddRootEntry" storage="d:\v2.0\a1\_work\dbded102\bin\release.anycpu\tfs.service\ms.tf.workitemtracking.server.l0.tests\ms.tf.workitemtracking.server.l0.tests.dll" id="c20896cc-d7c4-18a5-cbfe-5eb43a2d5f20">
      <Execution id="11254977-7f47-47c3-bb5e-f9fa2afb29c4" />
      <TestMethod codeBase="D:\v2.0\A1\_work\dbded102\bin\Release.AnyCPU\Tfs.Service\MS.TF.WorkItemTracking.Server.L0.Tests\MS.TF.WorkItemTracking.Server.L0.Tests.dll" adapterTypeName="Microsoft.VisualStudio.TestTools.TestTypes.Unit.UnitTestAdapter" className="MS.TF.WorkItemTracking.Server.L0.Tests.QueryTests.QueryServiceTests+ExecuteQueryTests" name="OneHopMayContainAddRootEntry" />
    </UnitTest>
    <UnitTest name="OneHopMayContainFilterSource" storage="d:\v2.0\a1\_work\dbded102\bin\release.anycpu\tfs.service\ms.tf.workitemtracking.server.l0.tests\ms.tf.workitemtracking.server.l0.tests.dll" id="a6d3a260-6935-1274-9d00-cd4b57a0fc56">
      <Execution id="38b2fe4d-6aae-4b74-9d36-e42b430a5522" />
      <TestMethod codeBase="D:\v2.0\A1\_work\dbded102\bin\Release.AnyCPU\Tfs.Service\MS.TF.WorkItemTracking.Server.L0.Tests\MS.TF.WorkItemTracking.Server.L0.Tests.dll" adapterTypeName="Microsoft.VisualStudio.TestTools.TestTypes.Unit.UnitTestAdapter" className="MS.TF.WorkItemTracking.Server.L0.Tests.QueryTests.QueryServiceTests+ExecuteQueryTests" name="OneHopMayContainFilterSource" />
    </UnitTest>
    <UnitTest name="OneHopMayContainRootEntryOnly" storage="d:\v2.0\a1\_work\dbded102\bin\release.anycpu\tfs.service\ms.tf.workitemtracking.server.l0.tests\ms.tf.workitemtracking.server.l0.tests.dll" id="900033dd-6bb2-2cb1-0a03-920c8b16f334">
      <Execution id="e2f05926-bb47-4604-bcf1-cb7a3cda3865" />
      <TestMethod codeBase="D:\v2.0\A1\_work\dbded102\bin\Release.AnyCPU\Tfs.Service\MS.TF.WorkItemTracking.Server.L0.Tests\MS.TF.WorkItemTracking.Server.L0.Tests.dll" adapterTypeName="Microsoft.VisualStudio.TestTools.TestTypes.Unit.UnitTestAdapter" className="MS.TF.WorkItemTracking.Server.L0.Tests.QueryTests.QueryServiceTests+ExecuteQueryTests" name="OneHopMayContainRootEntryOnly" />
    </UnitTest>
    <UnitTest name="OneHopMayContainFilterAllTarget" storage="d:\v2.0\a1\_work\dbded102\bin\release.anycpu\tfs.service\ms.tf.workitemtracking.server.l0.tests\ms.tf.workitemtracking.server.l0.tests.dll" id="56897346-7b47-446d-13c5-07b74553cc2b">
      <Execution id="13e432d1-213a-4864-961b-31f36c8ba0d0" />
      <TestMethod codeBase="D:\v2.0\A1\_work\dbded102\bin\Release.AnyCPU\Tfs.Service\MS.TF.WorkItemTracking.Server.L0.Tests\MS.TF.WorkItemTracking.Server.L0.Tests.dll" adapterTypeName="Microsoft.VisualStudio.TestTools.TestTypes.Unit.UnitTestAdapter" className="MS.TF.WorkItemTracking.Server.L0.Tests.QueryTests.QueryServiceTests+ExecuteQueryTests" name="OneHopMayContainFilterAllTarget" />
    </UnitTest>
    <UnitTest name="OneHopMayContainFilterSomeTarget" storage="d:\v2.0\a1\_work\dbded102\bin\release.anycpu\tfs.service\ms.tf.workitemtracking.server.l0.tests\ms.tf.workitemtracking.server.l0.tests.dll" id="ae1e73a1-3e0f-fde6-830f-72dc2cbd71f0">
      <Execution id="08a9c4c5-1324-471a-9d14-7c735a5b3616" />
      <TestMethod codeBase="D:\v2.0\A1\_work\dbded102\bin\Release.AnyCPU\Tfs.Service\MS.TF.WorkItemTracking.Server.L0.Tests\MS.TF.WorkItemTracking.Server.L0.Tests.dll" adapterTypeName="Microsoft.VisualStudio.TestTools.TestTypes.Unit.UnitTestAdapter" className="MS.TF.WorkItemTracking.Server.L0.Tests.QueryTests.QueryServiceTests+ExecuteQueryTests" name="OneHopMayContainFilterSomeTarget" />
    </UnitTest>
    <UnitTest name="OneHopDoesNotContainFilterSource" storage="d:\v2.0\a1\_work\dbded102\bin\release.anycpu\tfs.service\ms.tf.workitemtracking.server.l0.tests\ms.tf.workitemtracking.server.l0.tests.dll" id="853f6f6e-1d43-ccbc-1554-bb5abef5bbf8">
      <Execution id="79f0371e-a7f5-40ce-b316-3e7a0f52c2fe" />
      <TestMethod codeBase="D:\v2.0\A1\_work\dbded102\bin\Release.AnyCPU\Tfs.Service\MS.TF.WorkItemTracking.Server.L0.Tests\MS.TF.WorkItemTracking.Server.L0.Tests.dll" adapterTypeName="Microsoft.VisualStudio.TestTools.TestTypes.Unit.UnitTestAdapter" className="MS.TF.WorkItemTracking.Server.L0.Tests.QueryTests.QueryServiceTests+ExecuteQueryTests" name="OneHopDoesNotContainFilterSource" />
    </UnitTest>
    <UnitTest name="OneHopDoesNotContainFilterAllTarget" storage="d:\v2.0\a1\_work\dbded102\bin\release.anycpu\tfs.service\ms.tf.workitemtracking.server.l0.tests\ms.tf.workitemtracking.server.l0.tests.dll" id="ea5d6401-edb8-e73d-4044-1f379026f17b">
      <Execution id="ab10fdca-0243-4b16-ae6b-c1f65c381c76" />
      <TestMethod codeBase="D:\v2.0\A1\_work\dbded102\bin\Release.AnyCPU\Tfs.Service\MS.TF.WorkItemTracking.Server.L0.Tests\MS.TF.WorkItemTracking.Server.L0.Tests.dll" adapterTypeName="Microsoft.VisualStudio.TestTools.TestTypes.Unit.UnitTestAdapter" className="MS.TF.WorkItemTracking.Server.L0.Tests.QueryTests.QueryServiceTests+ExecuteQueryTests" name="OneHopDoesNotContainFilterAllTarget" />
    </UnitTest>
    <UnitTest name="OneHopDoesNotContainFilterSomeTarget" storage="d:\v2.0\a1\_work\dbded102\bin\release.anycpu\tfs.service\ms.tf.workitemtracking.server.l0.tests\ms.tf.workitemtracking.server.l0.tests.dll" id="8c269c7d-4abc-a0e0-86af-45db4ceef5a5">
      <Execution id="9510b533-4d47-466f-9851-f264caff7fd0" />
      <TestMethod codeBase="D:\v2.0\A1\_work\dbded102\bin\Release.AnyCPU\Tfs.Service\MS.TF.WorkItemTracking.Server.L0.Tests\MS.TF.WorkItemTracking.Server.L0.Tests.dll" adapterTypeName="Microsoft.VisualStudio.TestTools.TestTypes.Unit.UnitTestAdapter" className="MS.TF.WorkItemTracking.Server.L0.Tests.QueryTests.QueryServiceTests+ExecuteQueryTests" name="OneHopDoesNotContainFilterSomeTarget" />
    </UnitTest>
    <UnitTest name="TreeQueryParentFirstHasPermission" storage="d:\v2.0\a1\_work\dbded102\bin\release.anycpu\tfs.service\ms.tf.workitemtracking.server.l0.tests\ms.tf.workitemtracking.server.l0.tests.dll" id="c5bbaddb-5819-f6c8-d4f4-0ade1870a5d6">
      <Execution id="ae211b55-2880-438e-9c52-5a5d0f1d6ea3" />
      <TestMethod codeBase="D:\v2.0\A1\_work\dbded102\bin\Release.AnyCPU\Tfs.Service\MS.TF.WorkItemTracking.Server.L0.Tests\MS.TF.WorkItemTracking.Server.L0.Tests.dll" adapterTypeName="Microsoft.VisualStudio.TestTools.TestTypes.Unit.UnitTestAdapter" className="MS.TF.WorkItemTracking.Server.L0.Tests.QueryTests.QueryServiceTests+ExecuteQueryTests" name="TreeQueryParentFirstHasPermission" />
    </UnitTest>
    <UnitTest name="TreeQueryParentFirstFilterSourceNoPermissionNoReplace" storage="d:\v2.0\a1\_work\dbded102\bin\release.anycpu\tfs.service\ms.tf.workitemtracking.server.l0.tests\ms.tf.workitemtracking.server.l0.tests.dll" id="505c483f-5d0a-bfe6-b919-f9d621defcdc">
      <Execution id="0869cb8b-d5b4-4788-9afe-59516296f856" />
      <TestMethod codeBase="D:\v2.0\A1\_work\dbded102\bin\Release.AnyCPU\Tfs.Service\MS.TF.WorkItemTracking.Server.L0.Tests\MS.TF.WorkItemTracking.Server.L0.Tests.dll" adapterTypeName="Microsoft.VisualStudio.TestTools.TestTypes.Unit.UnitTestAdapter" className="MS.TF.WorkItemTracking.Server.L0.Tests.QueryTests.QueryServiceTests+ExecuteQueryTests" name="TreeQueryParentFirstFilterSourceNoPermissionNoReplace" />
    </UnitTest>
    <UnitTest name="TreeQueryParentFirstFilterSourceNoPermissionReplace" storage="d:\v2.0\a1\_work\dbded102\bin\release.anycpu\tfs.service\ms.tf.workitemtracking.server.l0.tests\ms.tf.workitemtracking.server.l0.tests.dll" id="a54a7969-32b1-d684-cef7-64cc6d2aa141">
      <Execution id="ec7ee142-6fe0-4eea-aa63-813071c52f2b" />
      <TestMethod codeBase="D:\v2.0\A1\_work\dbded102\bin\Release.AnyCPU\Tfs.Service\MS.TF.WorkItemTracking.Server.L0.Tests\MS.TF.WorkItemTracking.Server.L0.Tests.dll" adapterTypeName="Microsoft.VisualStudio.TestTools.TestTypes.Unit.UnitTestAdapter" className="MS.TF.WorkItemTracking.Server.L0.Tests.QueryTests.QueryServiceTests+ExecuteQueryTests" name="TreeQueryParentFirstFilterSourceNoPermissionReplace" />
    </UnitTest>
    <UnitTest name="TreeQueryParentFirstFilterTargetChildNoPermission" storage="d:\v2.0\a1\_work\dbded102\bin\release.anycpu\tfs.service\ms.tf.workitemtracking.server.l0.tests\ms.tf.workitemtracking.server.l0.tests.dll" id="113d581e-d812-4164-e792-3a0876572e78">
      <Execution id="d7222684-ae98-4f1b-ac28-3c0f27d3fdd3" />
      <TestMethod codeBase="D:\v2.0\A1\_work\dbded102\bin\Release.AnyCPU\Tfs.Service\MS.TF.WorkItemTracking.Server.L0.Tests\MS.TF.WorkItemTracking.Server.L0.Tests.dll" adapterTypeName="Microsoft.VisualStudio.TestTools.TestTypes.Unit.UnitTestAdapter" className="MS.TF.WorkItemTracking.Server.L0.Tests.QueryTests.QueryServiceTests+ExecuteQueryTests" name="TreeQueryParentFirstFilterTargetChildNoPermission" />
    </UnitTest>
    <UnitTest name="TreeQueryParentFirstFilterTargetDoesNotMeetChildCriteriaNoRhs" storage="d:\v2.0\a1\_work\dbded102\bin\release.anycpu\tfs.service\ms.tf.workitemtracking.server.l0.tests\ms.tf.workitemtracking.server.l0.tests.dll" id="a66076e7-b51a-9e97-ce85-bdb7f77bea7a">
      <Execution id="9bb8ef87-91cc-4dea-922f-9b2205f0f467" />
      <TestMethod codeBase="D:\v2.0\A1\_work\dbded102\bin\Release.AnyCPU\Tfs.Service\MS.TF.WorkItemTracking.Server.L0.Tests\MS.TF.WorkItemTracking.Server.L0.Tests.dll" adapterTypeName="Microsoft.VisualStudio.TestTools.TestTypes.Unit.UnitTestAdapter" className="MS.TF.WorkItemTracking.Server.L0.Tests.QueryTests.QueryServiceTests+ExecuteQueryTests" name="TreeQueryParentFirstFilterTargetDoesNotMeetChildCriteriaNoRhs" />
    </UnitTest>
    <UnitTest name="TreeQueryParentFirstFilterTargetDoesNotMeetChildCriteriaHasRhs" storage="d:\v2.0\a1\_work\dbded102\bin\release.anycpu\tfs.service\ms.tf.workitemtracking.server.l0.tests\ms.tf.workitemtracking.server.l0.tests.dll" id="72e8d0b9-f1f2-3542-f23f-3cbb332af067">
      <Execution id="338dacec-8ea4-4e82-b6cc-3800fb415be8" />
      <TestMethod codeBase="D:\v2.0\A1\_work\dbded102\bin\Release.AnyCPU\Tfs.Service\MS.TF.WorkItemTracking.Server.L0.Tests\MS.TF.WorkItemTracking.Server.L0.Tests.dll" adapterTypeName="Microsoft.VisualStudio.TestTools.TestTypes.Unit.UnitTestAdapter" className="MS.TF.WorkItemTracking.Server.L0.Tests.QueryTests.QueryServiceTests+ExecuteQueryTests" name="TreeQueryParentFirstFilterTargetDoesNotMeetChildCriteriaHasRhs" />
    </UnitTest>
    <UnitTest name="TreeQueryParentFirstFilterTargetMeetsParentCriteriaDoesNotMeetChildCriteriaHasRhs" storage="d:\v2.0\a1\_work\dbded102\bin\release.anycpu\tfs.service\ms.tf.workitemtracking.server.l0.tests\ms.tf.workitemtracking.server.l0.tests.dll" id="3842eacd-987f-0682-8531-bbedf734927d">
      <Execution id="6f4348f9-46ee-449b-836d-da69fbaba077" />
      <TestMethod codeBase="D:\v2.0\A1\_work\dbded102\bin\Release.AnyCPU\Tfs.Service\MS.TF.WorkItemTracking.Server.L0.Tests\MS.TF.WorkItemTracking.Server.L0.Tests.dll" adapterTypeName="Microsoft.VisualStudio.TestTools.TestTypes.Unit.UnitTestAdapter" className="MS.TF.WorkItemTracking.Server.L0.Tests.QueryTests.QueryServiceTests+ExecuteQueryTests" name="TreeQueryParentFirstFilterTargetMeetsParentCriteriaDoesNotMeetChildCriteriaHasRhs" />
    </UnitTest>
    <UnitTest name="TreeQueryParentFirstFilterTargetMeetChildCriteriaHasRhs" storage="d:\v2.0\a1\_work\dbded102\bin\release.anycpu\tfs.service\ms.tf.workitemtracking.server.l0.tests\ms.tf.workitemtracking.server.l0.tests.dll" id="aa2166b7-4fe6-7a5a-8081-7ff24d02ff16">
      <Execution id="a5b1f21b-9b0e-45c5-9d83-0ca269c21157" />
      <TestMethod codeBase="D:\v2.0\A1\_work\dbded102\bin\Release.AnyCPU\Tfs.Service\MS.TF.WorkItemTracking.Server.L0.Tests\MS.TF.WorkItemTracking.Server.L0.Tests.dll" adapterTypeName="Microsoft.VisualStudio.TestTools.TestTypes.Unit.UnitTestAdapter" className="MS.TF.WorkItemTracking.Server.L0.Tests.QueryTests.QueryServiceTests+ExecuteQueryTests" name="TreeQueryParentFirstFilterTargetMeetChildCriteriaHasRhs" />
    </UnitTest>
    <UnitTest name="TreeQueryParentFirstIntermediateNodeNoPermission" storage="d:\v2.0\a1\_work\dbded102\bin\release.anycpu\tfs.service\ms.tf.workitemtracking.server.l0.tests\ms.tf.workitemtracking.server.l0.tests.dll" id="ea8a3776-44f5-befb-3232-27b6918e0094">
      <Execution id="52b82312-5824-4a19-9206-2a5f8b61327f" />
      <TestMethod codeBase="D:\v2.0\A1\_work\dbded102\bin\Release.AnyCPU\Tfs.Service\MS.TF.WorkItemTracking.Server.L0.Tests\MS.TF.WorkItemTracking.Server.L0.Tests.dll" adapterTypeName="Microsoft.VisualStudio.TestTools.TestTypes.Unit.UnitTestAdapter" className="MS.TF.WorkItemTracking.Server.L0.Tests.QueryTests.QueryServiceTests+ExecuteQueryTests" name="TreeQueryParentFirstIntermediateNodeNoPermission" />
    </UnitTest>
    <UnitTest name="TreeQueryParentFirstIntermediateNodeDoesNotMeetsChildCriteria" storage="d:\v2.0\a1\_work\dbded102\bin\release.anycpu\tfs.service\ms.tf.workitemtracking.server.l0.tests\ms.tf.workitemtracking.server.l0.tests.dll" id="7e2c3ea9-4096-c71f-2e5e-2287aeb312f3">
      <Execution id="85983bdf-b4a2-482d-8ecb-acb323958773" />
      <TestMethod codeBase="D:\v2.0\A1\_work\dbded102\bin\Release.AnyCPU\Tfs.Service\MS.TF.WorkItemTracking.Server.L0.Tests\MS.TF.WorkItemTracking.Server.L0.Tests.dll" adapterTypeName="Microsoft.VisualStudio.TestTools.TestTypes.Unit.UnitTestAdapter" className="MS.TF.WorkItemTracking.Server.L0.Tests.QueryTests.QueryServiceTests+ExecuteQueryTests" name="TreeQueryParentFirstIntermediateNodeDoesNotMeetsChildCriteria" />
    </UnitTest>
    <UnitTest name="TreeQueryChildFirstHasPermission" storage="d:\v2.0\a1\_work\dbded102\bin\release.anycpu\tfs.service\ms.tf.workitemtracking.server.l0.tests\ms.tf.workitemtracking.server.l0.tests.dll" id="8f99ec77-ac20-bdd2-aa52-ff06d35874b7">
      <Execution id="1265842f-e2cb-420a-b519-ec7febcfaf06" />
      <TestMethod codeBase="D:\v2.0\A1\_work\dbded102\bin\Release.AnyCPU\Tfs.Service\MS.TF.WorkItemTracking.Server.L0.Tests\MS.TF.WorkItemTracking.Server.L0.Tests.dll" adapterTypeName="Microsoft.VisualStudio.TestTools.TestTypes.Unit.UnitTestAdapter" className="MS.TF.WorkItemTracking.Server.L0.Tests.QueryTests.QueryServiceTests+ExecuteQueryTests" name="TreeQueryChildFirstHasPermission" />
    </UnitTest>
    <UnitTest name="TreeQueryChildFirstHasPermissionParentOnly" storage="d:\v2.0\a1\_work\dbded102\bin\release.anycpu\tfs.service\ms.tf.workitemtracking.server.l0.tests\ms.tf.workitemtracking.server.l0.tests.dll" id="506cafa5-dafe-e0da-c26c-027055b905cc">
      <Execution id="503deeef-f817-452d-869e-c0fef9009284" />
      <TestMethod codeBase="D:\v2.0\A1\_work\dbded102\bin\Release.AnyCPU\Tfs.Service\MS.TF.WorkItemTracking.Server.L0.Tests\MS.TF.WorkItemTracking.Server.L0.Tests.dll" adapterTypeName="Microsoft.VisualStudio.TestTools.TestTypes.Unit.UnitTestAdapter" className="MS.TF.WorkItemTracking.Server.L0.Tests.QueryTests.QueryServiceTests+ExecuteQueryTests" name="TreeQueryChildFirstHasPermissionParentOnly" />
    </UnitTest>
    <UnitTest name="TreeQueryChildFirstHasPermissionParentAndChild" storage="d:\v2.0\a1\_work\dbded102\bin\release.anycpu\tfs.service\ms.tf.workitemtracking.server.l0.tests\ms.tf.workitemtracking.server.l0.tests.dll" id="e3e60e1f-dae0-153d-b8ec-afd04c9c095b">
      <Execution id="9815601d-8edf-4971-8129-bae34ef8663a" />
      <TestMethod codeBase="D:\v2.0\A1\_work\dbded102\bin\Release.AnyCPU\Tfs.Service\MS.TF.WorkItemTracking.Server.L0.Tests\MS.TF.WorkItemTracking.Server.L0.Tests.dll" adapterTypeName="Microsoft.VisualStudio.TestTools.TestTypes.Unit.UnitTestAdapter" className="MS.TF.WorkItemTracking.Server.L0.Tests.QueryTests.QueryServiceTests+ExecuteQueryTests" name="TreeQueryChildFirstHasPermissionParentAndChild" />
    </UnitTest>
    <UnitTest name="TreeQueryChildFirstFilterSourceNoPermissionNoReplace" storage="d:\v2.0\a1\_work\dbded102\bin\release.anycpu\tfs.service\ms.tf.workitemtracking.server.l0.tests\ms.tf.workitemtracking.server.l0.tests.dll" id="831e414c-9be5-c5f9-f6fd-b328b5da7232">
      <Execution id="37052ef7-7e4b-40d5-8089-813b1a8bf285" />
      <TestMethod codeBase="D:\v2.0\A1\_work\dbded102\bin\Release.AnyCPU\Tfs.Service\MS.TF.WorkItemTracking.Server.L0.Tests\MS.TF.WorkItemTracking.Server.L0.Tests.dll" adapterTypeName="Microsoft.VisualStudio.TestTools.TestTypes.Unit.UnitTestAdapter" className="MS.TF.WorkItemTracking.Server.L0.Tests.QueryTests.QueryServiceTests+ExecuteQueryTests" name="TreeQueryChildFirstFilterSourceNoPermissionNoReplace" />
    </UnitTest>
    <UnitTest name="TreeQueryChildFirstFilterSourceNoPermissionReplaceToChild" storage="d:\v2.0\a1\_work\dbded102\bin\release.anycpu\tfs.service\ms.tf.workitemtracking.server.l0.tests\ms.tf.workitemtracking.server.l0.tests.dll" id="108a17a8-4e77-24dd-2ac1-76a88436e8f4">
      <Execution id="13fb6bd7-37ae-427c-abb9-b2aa4e8653b4" />
      <TestMethod codeBase="D:\v2.0\A1\_work\dbded102\bin\Release.AnyCPU\Tfs.Service\MS.TF.WorkItemTracking.Server.L0.Tests\MS.TF.WorkItemTracking.Server.L0.Tests.dll" adapterTypeName="Microsoft.VisualStudio.TestTools.TestTypes.Unit.UnitTestAdapter" className="MS.TF.WorkItemTracking.Server.L0.Tests.QueryTests.QueryServiceTests+ExecuteQueryTests" name="TreeQueryChildFirstFilterSourceNoPermissionReplaceToChild" />
    </UnitTest>
    <UnitTest name="TreeQueryChildFirstFilterSourceNoPermissionReplaceToChildMultipleLevel" storage="d:\v2.0\a1\_work\dbded102\bin\release.anycpu\tfs.service\ms.tf.workitemtracking.server.l0.tests\ms.tf.workitemtracking.server.l0.tests.dll" id="bdbfef30-cc17-d64e-e355-edd66e0423f4">
      <Execution id="38afaec7-e280-41aa-a979-a590d3a73059" />
      <TestMethod codeBase="D:\v2.0\A1\_work\dbded102\bin\Release.AnyCPU\Tfs.Service\MS.TF.WorkItemTracking.Server.L0.Tests\MS.TF.WorkItemTracking.Server.L0.Tests.dll" adapterTypeName="Microsoft.VisualStudio.TestTools.TestTypes.Unit.UnitTestAdapter" className="MS.TF.WorkItemTracking.Server.L0.Tests.QueryTests.QueryServiceTests+ExecuteQueryTests" name="TreeQueryChildFirstFilterSourceNoPermissionReplaceToChildMultipleLevel" />
    </UnitTest>
    <UnitTest name="TreeQueryChildFirstFilterTargetNoPermission" storage="d:\v2.0\a1\_work\dbded102\bin\release.anycpu\tfs.service\ms.tf.workitemtracking.server.l0.tests\ms.tf.workitemtracking.server.l0.tests.dll" id="830835fc-b896-d8e8-afe3-5465424ffe86">
      <Execution id="60ac41f0-2071-4511-8f11-1ebe94bef3f2" />
      <TestMethod codeBase="D:\v2.0\A1\_work\dbded102\bin\Release.AnyCPU\Tfs.Service\MS.TF.WorkItemTracking.Server.L0.Tests\MS.TF.WorkItemTracking.Server.L0.Tests.dll" adapterTypeName="Microsoft.VisualStudio.TestTools.TestTypes.Unit.UnitTestAdapter" className="MS.TF.WorkItemTracking.Server.L0.Tests.QueryTests.QueryServiceTests+ExecuteQueryTests" name="TreeQueryChildFirstFilterTargetNoPermission" />
    </UnitTest>
    <UnitTest name="TreeQueryChildFirstFilterTargetDoesNotMeetChildCriteria" storage="d:\v2.0\a1\_work\dbded102\bin\release.anycpu\tfs.service\ms.tf.workitemtracking.server.l0.tests\ms.tf.workitemtracking.server.l0.tests.dll" id="e7f27e0c-74dc-dfbf-bbb7-8aeb199a9f2e">
      <Execution id="2574636c-31ac-4c12-825c-e116d3d63730" />
      <TestMethod codeBase="D:\v2.0\A1\_work\dbded102\bin\Release.AnyCPU\Tfs.Service\MS.TF.WorkItemTracking.Server.L0.Tests\MS.TF.WorkItemTracking.Server.L0.Tests.dll" adapterTypeName="Microsoft.VisualStudio.TestTools.TestTypes.Unit.UnitTestAdapter" className="MS.TF.WorkItemTracking.Server.L0.Tests.QueryTests.QueryServiceTests+ExecuteQueryTests" name="TreeQueryChildFirstFilterTargetDoesNotMeetChildCriteria" />
    </UnitTest>
    <UnitTest name="TreeQueryChildFirstFilterTargetMultipleMeetsChildCriteria" storage="d:\v2.0\a1\_work\dbded102\bin\release.anycpu\tfs.service\ms.tf.workitemtracking.server.l0.tests\ms.tf.workitemtracking.server.l0.tests.dll" id="7f529bec-cd20-5ea2-01b1-c948b2551340">
      <Execution id="acdf20d7-f5b2-4a63-98ba-b0e0973b3513" />
      <TestMethod codeBase="D:\v2.0\A1\_work\dbded102\bin\Release.AnyCPU\Tfs.Service\MS.TF.WorkItemTracking.Server.L0.Tests\MS.TF.WorkItemTracking.Server.L0.Tests.dll" adapterTypeName="Microsoft.VisualStudio.TestTools.TestTypes.Unit.UnitTestAdapter" className="MS.TF.WorkItemTracking.Server.L0.Tests.QueryTests.QueryServiceTests+ExecuteQueryTests" name="TreeQueryChildFirstFilterTargetMultipleMeetsChildCriteria" />
    </UnitTest>
    <UnitTest name="TreeQueryChildFirstFilterTargetDoesNotMeetChildCriteriaMultipleLevel" storage="d:\v2.0\a1\_work\dbded102\bin\release.anycpu\tfs.service\ms.tf.workitemtracking.server.l0.tests\ms.tf.workitemtracking.server.l0.tests.dll" id="e38004b2-ef7e-f30b-5ce0-153eceede84b">
      <Execution id="80914f8b-6f66-4cfd-975b-dcc129332ac9" />
      <TestMethod codeBase="D:\v2.0\A1\_work\dbded102\bin\Release.AnyCPU\Tfs.Service\MS.TF.WorkItemTracking.Server.L0.Tests\MS.TF.WorkItemTracking.Server.L0.Tests.dll" adapterTypeName="Microsoft.VisualStudio.TestTools.TestTypes.Unit.UnitTestAdapter" className="MS.TF.WorkItemTracking.Server.L0.Tests.QueryTests.QueryServiceTests+ExecuteQueryTests" name="TreeQueryChildFirstFilterTargetDoesNotMeetChildCriteriaMultipleLevel" />
    </UnitTest>
    <UnitTest name="TreeQueryChildFirstFilterTargetNoPermissionMultipleLevel" storage="d:\v2.0\a1\_work\dbded102\bin\release.anycpu\tfs.service\ms.tf.workitemtracking.server.l0.tests\ms.tf.workitemtracking.server.l0.tests.dll" id="f8cbcd56-17fa-7291-b791-55840ae0d22f">
      <Execution id="82d84c05-d0e6-4653-8632-df1723eaf7d1" />
      <TestMethod codeBase="D:\v2.0\A1\_work\dbded102\bin\Release.AnyCPU\Tfs.Service\MS.TF.WorkItemTracking.Server.L0.Tests\MS.TF.WorkItemTracking.Server.L0.Tests.dll" adapterTypeName="Microsoft.VisualStudio.TestTools.TestTypes.Unit.UnitTestAdapter" className="MS.TF.WorkItemTracking.Server.L0.Tests.QueryTests.QueryServiceTests+ExecuteQueryTests" name="TreeQueryChildFirstFilterTargetNoPermissionMultipleLevel" />
    </UnitTest>
    <UnitTest name="TreeQueryChildFirstIntermediateNodeNoPermission" storage="d:\v2.0\a1\_work\dbded102\bin\release.anycpu\tfs.service\ms.tf.workitemtracking.server.l0.tests\ms.tf.workitemtracking.server.l0.tests.dll" id="9ce70875-c01b-344b-2a4c-8a9d4428194a">
      <Execution id="ad0ef5cb-753e-4154-b85e-d26e858da1ec" />
      <TestMethod codeBase="D:\v2.0\A1\_work\dbded102\bin\Release.AnyCPU\Tfs.Service\MS.TF.WorkItemTracking.Server.L0.Tests\MS.TF.WorkItemTracking.Server.L0.Tests.dll" adapterTypeName="Microsoft.VisualStudio.TestTools.TestTypes.Unit.UnitTestAdapter" className="MS.TF.WorkItemTracking.Server.L0.Tests.QueryTests.QueryServiceTests+ExecuteQueryTests" name="TreeQueryChildFirstIntermediateNodeNoPermission" />
    </UnitTest>
    <UnitTest name="TreeQueryChildFirstIntermediateNodeDoesNotMeetChildCriteria" storage="d:\v2.0\a1\_work\dbded102\bin\release.anycpu\tfs.service\ms.tf.workitemtracking.server.l0.tests\ms.tf.workitemtracking.server.l0.tests.dll" id="68a3fd17-40df-31b1-0ce7-d98468d21218">
      <Execution id="907b8f9f-e5ea-41bb-b88b-6783f5310643" />
      <TestMethod codeBase="D:\v2.0\A1\_work\dbded102\bin\Release.AnyCPU\Tfs.Service\MS.TF.WorkItemTracking.Server.L0.Tests\MS.TF.WorkItemTracking.Server.L0.Tests.dll" adapterTypeName="Microsoft.VisualStudio.TestTools.TestTypes.Unit.UnitTestAdapter" className="MS.TF.WorkItemTracking.Server.L0.Tests.QueryTests.QueryServiceTests+ExecuteQueryTests" name="TreeQueryChildFirstIntermediateNodeDoesNotMeetChildCriteria" />
    </UnitTest>
    <UnitTest name="TreeQueryRootHasLinkTypeZero" storage="d:\v2.0\a1\_work\dbded102\bin\release.anycpu\tfs.service\ms.tf.workitemtracking.server.l0.tests\ms.tf.workitemtracking.server.l0.tests.dll" id="6346195a-3bfc-0f29-d7a5-ba2373052502">
      <Execution id="8b30be5b-8f45-4c33-99ce-478cf2d6094c" />
      <TestMethod codeBase="D:\v2.0\A1\_work\dbded102\bin\Release.AnyCPU\Tfs.Service\MS.TF.WorkItemTracking.Server.L0.Tests\MS.TF.WorkItemTracking.Server.L0.Tests.dll" adapterTypeName="Microsoft.VisualStudio.TestTools.TestTypes.Unit.UnitTestAdapter" className="MS.TF.WorkItemTracking.Server.L0.Tests.QueryTests.QueryServiceTests+ExecuteQueryTests" name="TreeQueryRootHasLinkTypeZero" />
    </UnitTest>
    <UnitTest name="TreeQueryWiqlWithNoLinkClauseShouldThrow" storage="d:\v2.0\a1\_work\dbded102\bin\release.anycpu\tfs.service\ms.tf.workitemtracking.server.l0.tests\ms.tf.workitemtracking.server.l0.tests.dll" id="e3aa0397-c012-c30b-19c6-b1f90aad4805">
      <Execution id="dbebf7fe-d106-467d-8a90-2214567759c9" />
      <TestMethod codeBase="D:\v2.0\A1\_work\dbded102\bin\Release.AnyCPU\Tfs.Service\MS.TF.WorkItemTracking.Server.L0.Tests\MS.TF.WorkItemTracking.Server.L0.Tests.dll" adapterTypeName="Microsoft.VisualStudio.TestTools.TestTypes.Unit.UnitTestAdapter" className="MS.TF.WorkItemTracking.Server.L0.Tests.QueryTests.QueryServiceTests+ExecuteQueryTests" name="TreeQueryWiqlWithNoLinkClauseShouldThrow" />
    </UnitTest>
    <UnitTest name="TreeQueryWiqlWithInOperatorInLinkClauseShouldThrow" storage="d:\v2.0\a1\_work\dbded102\bin\release.anycpu\tfs.service\ms.tf.workitemtracking.server.l0.tests\ms.tf.workitemtracking.server.l0.tests.dll" id="a6bcc735-662f-e4fd-f809-b1c364b99edb">
      <Execution id="cdb7192c-acc3-4bda-85b6-cb2cb3750d16" />
      <TestMethod codeBase="D:\v2.0\A1\_work\dbded102\bin\Release.AnyCPU\Tfs.Service\MS.TF.WorkItemTracking.Server.L0.Tests\MS.TF.WorkItemTracking.Server.L0.Tests.dll" adapterTypeName="Microsoft.VisualStudio.TestTools.TestTypes.Unit.UnitTestAdapter" className="MS.TF.WorkItemTracking.Server.L0.Tests.QueryTests.QueryServiceTests+ExecuteQueryTests" name="TreeQueryWiqlWithInOperatorInLinkClauseShouldThrow" />
    </UnitTest>
    <UnitTest name="LinkQueryWiqlWithInOperatorInLinkClauseShouldSucceed" storage="d:\v2.0\a1\_work\dbded102\bin\release.anycpu\tfs.service\ms.tf.workitemtracking.server.l0.tests\ms.tf.workitemtracking.server.l0.tests.dll" id="42019901-4dd1-69fa-7e34-6368f328cfd1">
      <Execution id="28b9ca44-6af8-4626-845d-a9cf7e6d8e57" />
      <TestMethod codeBase="D:\v2.0\A1\_work\dbded102\bin\Release.AnyCPU\Tfs.Service\MS.TF.WorkItemTracking.Server.L0.Tests\MS.TF.WorkItemTracking.Server.L0.Tests.dll" adapterTypeName="Microsoft.VisualStudio.TestTools.TestTypes.Unit.UnitTestAdapter" className="MS.TF.WorkItemTracking.Server.L0.Tests.QueryTests.QueryServiceTests+ExecuteQueryTests" name="LinkQueryWiqlWithInOperatorInLinkClauseShouldSucceed" />
    </UnitTest>
    <UnitTest name="LinkQueryWiqlWithInOperatorInLinkClauseShouldAndBadLinkTypeShouldThrow" storage="d:\v2.0\a1\_work\dbded102\bin\release.anycpu\tfs.service\ms.tf.workitemtracking.server.l0.tests\ms.tf.workitemtracking.server.l0.tests.dll" id="fb4f12eb-5730-0586-79ea-146da32b2146">
      <Execution id="11264091-769d-4316-8808-3dcbdfb14ad2" />
      <TestMethod codeBase="D:\v2.0\A1\_work\dbded102\bin\Release.AnyCPU\Tfs.Service\MS.TF.WorkItemTracking.Server.L0.Tests\MS.TF.WorkItemTracking.Server.L0.Tests.dll" adapterTypeName="Microsoft.VisualStudio.TestTools.TestTypes.Unit.UnitTestAdapter" className="MS.TF.WorkItemTracking.Server.L0.Tests.QueryTests.QueryServiceTests+ExecuteQueryTests" name="LinkQueryWiqlWithInOperatorInLinkClauseShouldAndBadLinkTypeShouldThrow" />
    </UnitTest>
    <UnitTest name="SortWorkItemWhenNoSortOrderSpecified" storage="d:\v2.0\a1\_work\dbded102\bin\release.anycpu\tfs.service\ms.tf.workitemtracking.server.l0.tests\ms.tf.workitemtracking.server.l0.tests.dll" id="6b657dff-8d7e-97fd-f445-93ce02792661">
      <Execution id="ad3d63a4-76df-43b2-a656-7b2b08a7f166" />
      <TestMethod codeBase="D:\v2.0\A1\_work\dbded102\bin\Release.AnyCPU\Tfs.Service\MS.TF.WorkItemTracking.Server.L0.Tests\MS.TF.WorkItemTracking.Server.L0.Tests.dll" adapterTypeName="Microsoft.VisualStudio.TestTools.TestTypes.Unit.UnitTestAdapter" className="MS.TF.WorkItemTracking.Server.L0.Tests.QueryTests.QueryServiceTests+ExecuteQueryTests" name="SortWorkItemWhenNoSortOrderSpecified" />
    </UnitTest>
    <UnitTest name="TestHasIdentityFields" storage="d:\v2.0\a1\_work\dbded102\bin\release.anycpu\tfs.service\ms.tf.workitemtracking.server.l0.tests\ms.tf.workitemtracking.server.l0.tests.dll" id="21ec1a3d-1504-1cfb-32b7-6a0f8ac73099">
      <Execution id="e3482a5c-4279-478d-b236-a71d72b86dd8" />
      <TestMethod codeBase="D:\v2.0\A1\_work\dbded102\bin\Release.AnyCPU\Tfs.Service\MS.TF.WorkItemTracking.Server.L0.Tests\MS.TF.WorkItemTracking.Server.L0.Tests.dll" adapterTypeName="Microsoft.VisualStudio.TestTools.TestTypes.Unit.UnitTestAdapter" className="MS.TF.WorkItemTracking.Server.L0.Tests.QueryTests.QueryServiceTests+ExecuteQueryTests" name="TestHasIdentityFields" />
    </UnitTest>
    <UnitTest name="TestHasIdentityFieldsWithAmbiguousName" storage="d:\v2.0\a1\_work\dbded102\bin\release.anycpu\tfs.service\ms.tf.workitemtracking.server.l0.tests\ms.tf.workitemtracking.server.l0.tests.dll" id="0a158efe-2bb1-c2ed-ebbc-53ad34656618">
      <Execution id="86d0201e-900d-4346-be25-ac3a92b75929" />
      <TestMethod codeBase="D:\v2.0\A1\_work\dbded102\bin\Release.AnyCPU\Tfs.Service\MS.TF.WorkItemTracking.Server.L0.Tests\MS.TF.WorkItemTracking.Server.L0.Tests.dll" adapterTypeName="Microsoft.VisualStudio.TestTools.TestTypes.Unit.UnitTestAdapter" className="MS.TF.WorkItemTracking.Server.L0.Tests.QueryTests.QueryServiceTests+ExecuteQueryTests" name="TestHasIdentityFieldsWithAmbiguousName" />
    </UnitTest>
    <UnitTest name="TestHasIdentityFieldsWithDisplayNameThatIsUnique" storage="d:\v2.0\a1\_work\dbded102\bin\release.anycpu\tfs.service\ms.tf.workitemtracking.server.l0.tests\ms.tf.workitemtracking.server.l0.tests.dll" id="8e30625b-6bf2-3f49-9f0e-6b023752a772">
      <Execution id="ce4c660d-df7f-4891-85b7-fe1c2cf5876d" />
      <TestMethod codeBase="D:\v2.0\A1\_work\dbded102\bin\Release.AnyCPU\Tfs.Service\MS.TF.WorkItemTracking.Server.L0.Tests\MS.TF.WorkItemTracking.Server.L0.Tests.dll" adapterTypeName="Microsoft.VisualStudio.TestTools.TestTypes.Unit.UnitTestAdapter" className="MS.TF.WorkItemTracking.Server.L0.Tests.QueryTests.QueryServiceTests+ExecuteQueryTests" name="TestHasIdentityFieldsWithDisplayNameThatIsUnique" />
    </UnitTest>
    <UnitTest name="TestHasIdentityFieldsWithDisplayNameThatIsUniqueForOldClient" storage="d:\v2.0\a1\_work\dbded102\bin\release.anycpu\tfs.service\ms.tf.workitemtracking.server.l0.tests\ms.tf.workitemtracking.server.l0.tests.dll" id="59186be4-ae28-2a1c-a2ac-740c6f4612f7">
      <Execution id="b6a3dd62-992d-4d37-9651-e4ee134873f4" />
      <TestMethod codeBase="D:\v2.0\A1\_work\dbded102\bin\Release.AnyCPU\Tfs.Service\MS.TF.WorkItemTracking.Server.L0.Tests\MS.TF.WorkItemTracking.Server.L0.Tests.dll" adapterTypeName="Microsoft.VisualStudio.TestTools.TestTypes.Unit.UnitTestAdapter" className="MS.TF.WorkItemTracking.Server.L0.Tests.QueryTests.QueryServiceTests+ExecuteQueryTests" name="TestHasIdentityFieldsWithDisplayNameThatIsUniqueForOldClient" />
    </UnitTest>
    <UnitTest name="TestHasIdentityFieldsWithDisplayNameThatIsUniqueForNewClient" storage="d:\v2.0\a1\_work\dbded102\bin\release.anycpu\tfs.service\ms.tf.workitemtracking.server.l0.tests\ms.tf.workitemtracking.server.l0.tests.dll" id="1637982f-20fd-e429-c9ce-b1b7f20ec0c9">
      <Execution id="f881c22f-7e44-4caf-ae00-a170a9b1b862" />
      <TestMethod codeBase="D:\v2.0\A1\_work\dbded102\bin\Release.AnyCPU\Tfs.Service\MS.TF.WorkItemTracking.Server.L0.Tests\MS.TF.WorkItemTracking.Server.L0.Tests.dll" adapterTypeName="Microsoft.VisualStudio.TestTools.TestTypes.Unit.UnitTestAdapter" className="MS.TF.WorkItemTracking.Server.L0.Tests.QueryTests.QueryServiceTests+ExecuteQueryTests" name="TestHasIdentityFieldsWithDisplayNameThatIsUniqueForNewClient" />
    </UnitTest>
    <UnitTest name="TestHasAadIdentityFieldsWithAadValues" storage="d:\v2.0\a1\_work\dbded102\bin\release.anycpu\tfs.service\ms.tf.workitemtracking.server.l0.tests\ms.tf.workitemtracking.server.l0.tests.dll" id="1d0d8f78-4400-ebb7-c44a-56caf9a5399f">
      <Execution id="08dc625f-7149-47eb-b19b-52a84d516e96" />
      <TestMethod codeBase="D:\v2.0\A1\_work\dbded102\bin\Release.AnyCPU\Tfs.Service\MS.TF.WorkItemTracking.Server.L0.Tests\MS.TF.WorkItemTracking.Server.L0.Tests.dll" adapterTypeName="Microsoft.VisualStudio.TestTools.TestTypes.Unit.UnitTestAdapter" className="MS.TF.WorkItemTracking.Server.L0.Tests.QueryTests.QueryServiceTests+ExecuteQueryTests" name="TestHasAadIdentityFieldsWithAadValues" />
    </UnitTest>
    <UnitTest name="TestIdentityDisplayNameWithExpandConstantInAADAndNonAAD" storage="d:\v2.0\a1\_work\dbded102\bin\release.anycpu\tfs.service\ms.tf.workitemtracking.server.l0.tests\ms.tf.workitemtracking.server.l0.tests.dll" id="431af0c2-5b8d-a29f-77a6-821fce1338ad">
      <Execution id="5725e3c0-b841-4121-98c1-02e3f35b77a6" />
      <TestMethod codeBase="D:\v2.0\A1\_work\dbded102\bin\Release.AnyCPU\Tfs.Service\MS.TF.WorkItemTracking.Server.L0.Tests\MS.TF.WorkItemTracking.Server.L0.Tests.dll" adapterTypeName="Microsoft.VisualStudio.TestTools.TestTypes.Unit.UnitTestAdapter" className="MS.TF.WorkItemTracking.Server.L0.Tests.QueryTests.QueryServiceTests+ExecuteQueryTests" name="TestIdentityDisplayNameWithExpandConstantInAADAndNonAAD" />
    </UnitTest>
    <UnitTest name="TestNullRequestContext_QueryExpression" storage="d:\v2.0\a1\_work\dbded102\bin\release.anycpu\tfs.service\ms.tf.workitemtracking.server.l0.tests\ms.tf.workitemtracking.server.l0.tests.dll" id="14a74af6-4ed9-e454-967b-5228bdd4ec79">
      <Execution id="5115e59a-c035-4d89-bb1c-fb59afdbac58" />
      <TestMethod codeBase="D:\v2.0\A1\_work\dbded102\bin\Release.AnyCPU\Tfs.Service\MS.TF.WorkItemTracking.Server.L0.Tests\MS.TF.WorkItemTracking.Server.L0.Tests.dll" adapterTypeName="Microsoft.VisualStudio.TestTools.TestTypes.Unit.UnitTestAdapter" className="MS.TF.WorkItemTracking.Server.L0.Tests.QueryTests.QueryServiceTests+ExecuteQueryAsOfDateTimesTests" name="TestNullRequestContext_QueryExpression" />
    </UnitTest>
    <UnitTest name="TestNullRequestContext_Wiql" storage="d:\v2.0\a1\_work\dbded102\bin\release.anycpu\tfs.service\ms.tf.workitemtracking.server.l0.tests\ms.tf.workitemtracking.server.l0.tests.dll" id="278f78df-9103-e289-5140-4b34474809a9">
      <Execution id="f6408b47-4914-47e6-8088-75c31eaff4da" />
      <TestMethod codeBase="D:\v2.0\A1\_work\dbded102\bin\Release.AnyCPU\Tfs.Service\MS.TF.WorkItemTracking.Server.L0.Tests\MS.TF.WorkItemTracking.Server.L0.Tests.dll" adapterTypeName="Microsoft.VisualStudio.TestTools.TestTypes.Unit.UnitTestAdapter" className="MS.TF.WorkItemTracking.Server.L0.Tests.QueryTests.QueryServiceTests+ExecuteQueryAsOfDateTimesTests" name="TestNullRequestContext_Wiql" />
    </UnitTest>
    <UnitTest name="TestNullQueryExpression" storage="d:\v2.0\a1\_work\dbded102\bin\release.anycpu\tfs.service\ms.tf.workitemtracking.server.l0.tests\ms.tf.workitemtracking.server.l0.tests.dll" id="37a0ce55-5965-7fde-8fa4-2d1115f2f957">
      <Execution id="917994aa-6a45-4ed6-a517-8fba3f7f1199" />
      <TestMethod codeBase="D:\v2.0\A1\_work\dbded102\bin\Release.AnyCPU\Tfs.Service\MS.TF.WorkItemTracking.Server.L0.Tests\MS.TF.WorkItemTracking.Server.L0.Tests.dll" adapterTypeName="Microsoft.VisualStudio.TestTools.TestTypes.Unit.UnitTestAdapter" className="MS.TF.WorkItemTracking.Server.L0.Tests.QueryTests.QueryServiceTests+ExecuteQueryAsOfDateTimesTests" name="TestNullQueryExpression" />
    </UnitTest>
    <UnitTest name="TestNullWiql" storage="d:\v2.0\a1\_work\dbded102\bin\release.anycpu\tfs.service\ms.tf.workitemtracking.server.l0.tests\ms.tf.workitemtracking.server.l0.tests.dll" id="092e7788-a938-3a6f-6f2c-ea288bb6e03e">
      <Execution id="cf7ef083-0d29-4ceb-b585-fb273399f4f3" />
      <TestMethod codeBase="D:\v2.0\A1\_work\dbded102\bin\Release.AnyCPU\Tfs.Service\MS.TF.WorkItemTracking.Server.L0.Tests\MS.TF.WorkItemTracking.Server.L0.Tests.dll" adapterTypeName="Microsoft.VisualStudio.TestTools.TestTypes.Unit.UnitTestAdapter" className="MS.TF.WorkItemTracking.Server.L0.Tests.QueryTests.QueryServiceTests+ExecuteQueryAsOfDateTimesTests" name="TestNullWiql" />
    </UnitTest>
    <UnitTest name="TestNullContext" storage="d:\v2.0\a1\_work\dbded102\bin\release.anycpu\tfs.service\ms.tf.workitemtracking.server.l0.tests\ms.tf.workitemtracking.server.l0.tests.dll" id="37220d73-a472-b15a-794b-da06ff441419">
      <Execution id="28bc0e3c-1e18-4f1f-9e32-4d6171fa640f" />
      <TestMethod codeBase="D:\v2.0\A1\_work\dbded102\bin\Release.AnyCPU\Tfs.Service\MS.TF.WorkItemTracking.Server.L0.Tests\MS.TF.WorkItemTracking.Server.L0.Tests.dll" adapterTypeName="Microsoft.VisualStudio.TestTools.TestTypes.Unit.UnitTestAdapter" className="MS.TF.WorkItemTracking.Server.L0.Tests.QueryTests.QueryServiceTests+ExecuteQueryAsOfDateTimesTests" name="TestNullContext" />
    </UnitTest>
    <UnitTest name="TestGetQueryItemEntriesById" storage="d:\v2.0\a1\_work\dbded102\bin\release.anycpu\tfs.service\ms.tf.workitemtracking.server.l0.tests\ms.tf.workitemtracking.server.l0.tests.dll" id="92291b23-dbd2-9101-0d0d-882e69d76659">
      <Execution id="70ed8552-c11e-4125-b3a2-1415d939101b" />
      <TestMethod codeBase="D:\v2.0\A1\_work\dbded102\bin\Release.AnyCPU\Tfs.Service\MS.TF.WorkItemTracking.Server.L0.Tests\MS.TF.WorkItemTracking.Server.L0.Tests.dll" adapterTypeName="Microsoft.VisualStudio.TestTools.TestTypes.Unit.UnitTestAdapter" className="MS.TF.WorkItemTracking.Server.L0.Tests.QueryItems.QueryItemComponentTests+GetQueryItemEntriesTests" name="TestGetQueryItemEntriesById" />
    </UnitTest>
    <UnitTest name="TestGetQueryItemEntriesById_NullQueryIds" storage="d:\v2.0\a1\_work\dbded102\bin\release.anycpu\tfs.service\ms.tf.workitemtracking.server.l0.tests\ms.tf.workitemtracking.server.l0.tests.dll" id="5286b95e-4d89-21e6-66f5-1820f21f5962">
      <Execution id="b0d35ed0-671b-4871-beaa-0dcf3ad0bd6c" />
      <TestMethod codeBase="D:\v2.0\A1\_work\dbded102\bin\Release.AnyCPU\Tfs.Service\MS.TF.WorkItemTracking.Server.L0.Tests\MS.TF.WorkItemTracking.Server.L0.Tests.dll" adapterTypeName="Microsoft.VisualStudio.TestTools.TestTypes.Unit.UnitTestAdapter" className="MS.TF.WorkItemTracking.Server.L0.Tests.QueryItems.QueryItemComponentTests+GetQueryItemEntriesTests" name="TestGetQueryItemEntriesById_NullQueryIds" />
    </UnitTest>
    <UnitTest name="TestGetRootQueryItemEntries_RootQueriesExist" storage="d:\v2.0\a1\_work\dbded102\bin\release.anycpu\tfs.service\ms.tf.workitemtracking.server.l0.tests\ms.tf.workitemtracking.server.l0.tests.dll" id="e853a834-b2e2-b549-ec91-27294306fdab">
      <Execution id="f7ee5011-2cef-413e-9a17-d4f8e53e22b5" />
      <TestMethod codeBase="D:\v2.0\A1\_work\dbded102\bin\Release.AnyCPU\Tfs.Service\MS.TF.WorkItemTracking.Server.L0.Tests\MS.TF.WorkItemTracking.Server.L0.Tests.dll" adapterTypeName="Microsoft.VisualStudio.TestTools.TestTypes.Unit.UnitTestAdapter" className="MS.TF.WorkItemTracking.Server.L0.Tests.QueryItems.QueryItemComponentTests+GetQueryItemEntriesTests" name="TestGetRootQueryItemEntries_RootQueriesExist" />
    </UnitTest>
    <UnitTest name="TestGetQueryItemByPath" storage="d:\v2.0\a1\_work\dbded102\bin\release.anycpu\tfs.service\ms.tf.workitemtracking.server.l0.tests\ms.tf.workitemtracking.server.l0.tests.dll" id="1f350421-437d-dcdc-1f70-56e245b39289">
      <Execution id="37acb0d9-b9e7-4926-a98b-857d24c75448" />
      <TestMethod codeBase="D:\v2.0\A1\_work\dbded102\bin\Release.AnyCPU\Tfs.Service\MS.TF.WorkItemTracking.Server.L0.Tests\MS.TF.WorkItemTracking.Server.L0.Tests.dll" adapterTypeName="Microsoft.VisualStudio.TestTools.TestTypes.Unit.UnitTestAdapter" className="MS.TF.WorkItemTracking.Server.L0.Tests.QueryItems.QueryItemComponentTests+GetQueryItemEntriesTests" name="TestGetQueryItemByPath" />
    </UnitTest>
    <UnitTest name="TestGetQueryItemByPath_NullPath" storage="d:\v2.0\a1\_work\dbded102\bin\release.anycpu\tfs.service\ms.tf.workitemtracking.server.l0.tests\ms.tf.workitemtracking.server.l0.tests.dll" id="24f30279-a0dc-4faa-ace1-500d1f4e8476">
      <Execution id="d199f3c2-20fb-4d65-ac03-bc60004a7a99" />
      <TestMethod codeBase="D:\v2.0\A1\_work\dbded102\bin\Release.AnyCPU\Tfs.Service\MS.TF.WorkItemTracking.Server.L0.Tests\MS.TF.WorkItemTracking.Server.L0.Tests.dll" adapterTypeName="Microsoft.VisualStudio.TestTools.TestTypes.Unit.UnitTestAdapter" className="MS.TF.WorkItemTracking.Server.L0.Tests.QueryItems.QueryItemComponentTests+GetQueryItemEntriesTests" name="TestGetQueryItemByPath_NullPath" />
    </UnitTest>
    <UnitTest name="QueryItemComponent3_TestGetQueryItemEntriesById" storage="d:\v2.0\a1\_work\dbded102\bin\release.anycpu\tfs.service\ms.tf.workitemtracking.server.l0.tests\ms.tf.workitemtracking.server.l0.tests.dll" id="ccebc636-c255-f138-d69c-d8a64e1da341">
      <Execution id="6fbcb42f-b86c-4996-9cfd-5d7445902c87" />
      <TestMethod codeBase="D:\v2.0\A1\_work\dbded102\bin\Release.AnyCPU\Tfs.Service\MS.TF.WorkItemTracking.Server.L0.Tests\MS.TF.WorkItemTracking.Server.L0.Tests.dll" adapterTypeName="Microsoft.VisualStudio.TestTools.TestTypes.Unit.UnitTestAdapter" className="MS.TF.WorkItemTracking.Server.L0.Tests.QueryItems.QueryItemComponentTests+GetQueryItemEntriesTests" name="QueryItemComponent3_TestGetQueryItemEntriesById" />
    </UnitTest>
    <UnitTest name="QueryItemComponent3_TestGetQueryItemEntriesById_IncludeDeleted" storage="d:\v2.0\a1\_work\dbded102\bin\release.anycpu\tfs.service\ms.tf.workitemtracking.server.l0.tests\ms.tf.workitemtracking.server.l0.tests.dll" id="96d2ccf3-8c15-59aa-d6c1-8e1298e9e938">
      <Execution id="c4d868cf-d832-4cfc-becc-7f84a55f2a86" />
      <TestMethod codeBase="D:\v2.0\A1\_work\dbded102\bin\Release.AnyCPU\Tfs.Service\MS.TF.WorkItemTracking.Server.L0.Tests\MS.TF.WorkItemTracking.Server.L0.Tests.dll" adapterTypeName="Microsoft.VisualStudio.TestTools.TestTypes.Unit.UnitTestAdapter" className="MS.TF.WorkItemTracking.Server.L0.Tests.QueryItems.QueryItemComponentTests+GetQueryItemEntriesTests" name="QueryItemComponent3_TestGetQueryItemEntriesById_IncludeDeleted" />
    </UnitTest>
    <UnitTest name="QueryItemComponent3_TestGetRootQueryItemEntries" storage="d:\v2.0\a1\_work\dbded102\bin\release.anycpu\tfs.service\ms.tf.workitemtracking.server.l0.tests\ms.tf.workitemtracking.server.l0.tests.dll" id="93b12c30-c7f5-9313-3e9c-4ecb1e3844c2">
      <Execution id="1719ae1d-918f-42ce-8533-cad5c5a9e93d" />
      <TestMethod codeBase="D:\v2.0\A1\_work\dbded102\bin\Release.AnyCPU\Tfs.Service\MS.TF.WorkItemTracking.Server.L0.Tests\MS.TF.WorkItemTracking.Server.L0.Tests.dll" adapterTypeName="Microsoft.VisualStudio.TestTools.TestTypes.Unit.UnitTestAdapter" className="MS.TF.WorkItemTracking.Server.L0.Tests.QueryItems.QueryItemComponentTests+GetQueryItemEntriesTests" name="QueryItemComponent3_TestGetRootQueryItemEntries" />
    </UnitTest>
    <UnitTest name="QueryItemComponent3_TestGetQueryItemByPath" storage="d:\v2.0\a1\_work\dbded102\bin\release.anycpu\tfs.service\ms.tf.workitemtracking.server.l0.tests\ms.tf.workitemtracking.server.l0.tests.dll" id="d89ee96a-ef4a-a138-7358-ee176bcb9b4a">
      <Execution id="02427d36-7efb-4bb5-9724-fe3137e28200" />
      <TestMethod codeBase="D:\v2.0\A1\_work\dbded102\bin\Release.AnyCPU\Tfs.Service\MS.TF.WorkItemTracking.Server.L0.Tests\MS.TF.WorkItemTracking.Server.L0.Tests.dll" adapterTypeName="Microsoft.VisualStudio.TestTools.TestTypes.Unit.UnitTestAdapter" className="MS.TF.WorkItemTracking.Server.L0.Tests.QueryItems.QueryItemComponentTests+GetQueryItemEntriesTests" name="QueryItemComponent3_TestGetQueryItemByPath" />
    </UnitTest>
    <UnitTest name="TestUndeleteQueryItem" storage="d:\v2.0\a1\_work\dbded102\bin\release.anycpu\tfs.service\ms.tf.workitemtracking.server.l0.tests\ms.tf.workitemtracking.server.l0.tests.dll" id="38a8f69d-4e69-9a14-736d-539c40e89032">
      <Execution id="75ce6a9c-b013-4466-bef8-e45902bb57c8" />
      <TestMethod codeBase="D:\v2.0\A1\_work\dbded102\bin\Release.AnyCPU\Tfs.Service\MS.TF.WorkItemTracking.Server.L0.Tests\MS.TF.WorkItemTracking.Server.L0.Tests.dll" adapterTypeName="Microsoft.VisualStudio.TestTools.TestTypes.Unit.UnitTestAdapter" className="MS.TF.WorkItemTracking.Server.L0.Tests.QueryItems.QueryItemComponentTests+UndeleteQueryItemTests" name="TestUndeleteQueryItem" />
    </UnitTest>
    <UnitTest name="TestUndeleteQueryItem_NonexistantQueryItem" storage="d:\v2.0\a1\_work\dbded102\bin\release.anycpu\tfs.service\ms.tf.workitemtracking.server.l0.tests\ms.tf.workitemtracking.server.l0.tests.dll" id="fc737593-9371-f40c-41ad-c698f4310e2e">
      <Execution id="cc4783d0-18c4-4a2d-9d57-4eb2be2fa512" />
      <TestMethod codeBase="D:\v2.0\A1\_work\dbded102\bin\Release.AnyCPU\Tfs.Service\MS.TF.WorkItemTracking.Server.L0.Tests\MS.TF.WorkItemTracking.Server.L0.Tests.dll" adapterTypeName="Microsoft.VisualStudio.TestTools.TestTypes.Unit.UnitTestAdapter" className="MS.TF.WorkItemTracking.Server.L0.Tests.QueryItems.QueryItemComponentTests+UndeleteQueryItemTests" name="TestUndeleteQueryItem_NonexistantQueryItem" />
    </UnitTest>
    <UnitTest name="QueryItemComponent_TestGetChangedQueryItems" storage="d:\v2.0\a1\_work\dbded102\bin\release.anycpu\tfs.service\ms.tf.workitemtracking.server.l0.tests\ms.tf.workitemtracking.server.l0.tests.dll" id="b17d445d-053f-fb06-905d-cead0539a605">
      <Execution id="eb9ba235-41e3-49b7-bb88-21ff240805c1" />
      <TestMethod codeBase="D:\v2.0\A1\_work\dbded102\bin\Release.AnyCPU\Tfs.Service\MS.TF.WorkItemTracking.Server.L0.Tests\MS.TF.WorkItemTracking.Server.L0.Tests.dll" adapterTypeName="Microsoft.VisualStudio.TestTools.TestTypes.Unit.UnitTestAdapter" className="MS.TF.WorkItemTracking.Server.L0.Tests.QueryItems.QueryItemComponentTests+GetChangedPublicQueryItemsTests" name="QueryItemComponent_TestGetChangedQueryItems" />
    </UnitTest>
    <UnitTest name="QueryItemComponent5_TestGetChangedQueryItems" storage="d:\v2.0\a1\_work\dbded102\bin\release.anycpu\tfs.service\ms.tf.workitemtracking.server.l0.tests\ms.tf.workitemtracking.server.l0.tests.dll" id="fc3e9a60-8c40-6989-400b-38dbbfecf69d">
      <Execution id="f4437994-e2f0-401e-b5aa-6cbfc5d9679b" />
      <TestMethod codeBase="D:\v2.0\A1\_work\dbded102\bin\Release.AnyCPU\Tfs.Service\MS.TF.WorkItemTracking.Server.L0.Tests\MS.TF.WorkItemTracking.Server.L0.Tests.dll" adapterTypeName="Microsoft.VisualStudio.TestTools.TestTypes.Unit.UnitTestAdapter" className="MS.TF.WorkItemTracking.Server.L0.Tests.QueryItems.QueryItemComponentTests+GetChangedPublicQueryItemsTests" name="QueryItemComponent5_TestGetChangedQueryItems" />
    </UnitTest>
    <UnitTest name="QueryItemComponent_TestGetPublicQueryItems" storage="d:\v2.0\a1\_work\dbded102\bin\release.anycpu\tfs.service\ms.tf.workitemtracking.server.l0.tests\ms.tf.workitemtracking.server.l0.tests.dll" id="aa21fc36-ba45-2f27-c8a5-47235e3433d7">
      <Execution id="aeb98a83-b2cc-40b6-a998-cac079837e20" />
      <TestMethod codeBase="D:\v2.0\A1\_work\dbded102\bin\Release.AnyCPU\Tfs.Service\MS.TF.WorkItemTracking.Server.L0.Tests\MS.TF.WorkItemTracking.Server.L0.Tests.dll" adapterTypeName="Microsoft.VisualStudio.TestTools.TestTypes.Unit.UnitTestAdapter" className="MS.TF.WorkItemTracking.Server.L0.Tests.QueryItems.QueryItemComponentTests+GetPublicQueryItemsTests" name="QueryItemComponent_TestGetPublicQueryItems" />
    </UnitTest>
    <UnitTest name="QueryItemComponent5_TestGetPublicQueryItems" storage="d:\v2.0\a1\_work\dbded102\bin\release.anycpu\tfs.service\ms.tf.workitemtracking.server.l0.tests\ms.tf.workitemtracking.server.l0.tests.dll" id="2983d147-661a-c290-948d-ba04aae77a31">
      <Execution id="ef291ded-e222-415a-86dd-deb3f6ccf629" />
      <TestMethod codeBase="D:\v2.0\A1\_work\dbded102\bin\Release.AnyCPU\Tfs.Service\MS.TF.WorkItemTracking.Server.L0.Tests\MS.TF.WorkItemTracking.Server.L0.Tests.dll" adapterTypeName="Microsoft.VisualStudio.TestTools.TestTypes.Unit.UnitTestAdapter" className="MS.TF.WorkItemTracking.Server.L0.Tests.QueryItems.QueryItemComponentTests+GetPublicQueryItemsTests" name="QueryItemComponent5_TestGetPublicQueryItems" />
    </UnitTest>
    <UnitTest name="QueryItemComponent_TestGetPrivateQueryItems" storage="d:\v2.0\a1\_work\dbded102\bin\release.anycpu\tfs.service\ms.tf.workitemtracking.server.l0.tests\ms.tf.workitemtracking.server.l0.tests.dll" id="32a6c4e2-56a0-8679-cf3a-544c51a02b1d">
      <Execution id="2ef18d00-6d22-4715-acb1-cff93b1de735" />
      <TestMethod codeBase="D:\v2.0\A1\_work\dbded102\bin\Release.AnyCPU\Tfs.Service\MS.TF.WorkItemTracking.Server.L0.Tests\MS.TF.WorkItemTracking.Server.L0.Tests.dll" adapterTypeName="Microsoft.VisualStudio.TestTools.TestTypes.Unit.UnitTestAdapter" className="MS.TF.WorkItemTracking.Server.L0.Tests.QueryItems.QueryItemComponentTests+GetPrivateQueryItemsTests" name="QueryItemComponent_TestGetPrivateQueryItems" />
    </UnitTest>
    <UnitTest name="QueryItemComponent5_TestGetPrivateQueryItems" storage="d:\v2.0\a1\_work\dbded102\bin\release.anycpu\tfs.service\ms.tf.workitemtracking.server.l0.tests\ms.tf.workitemtracking.server.l0.tests.dll" id="169721cc-67d2-906d-75a5-e6c2b72d9a62">
      <Execution id="81f5b844-3034-44ee-82fd-ed5fcf0918b0" />
      <TestMethod codeBase="D:\v2.0\A1\_work\dbded102\bin\Release.AnyCPU\Tfs.Service\MS.TF.WorkItemTracking.Server.L0.Tests\MS.TF.WorkItemTracking.Server.L0.Tests.dll" adapterTypeName="Microsoft.VisualStudio.TestTools.TestTypes.Unit.UnitTestAdapter" className="MS.TF.WorkItemTracking.Server.L0.Tests.QueryItems.QueryItemComponentTests+GetPrivateQueryItemsTests" name="QueryItemComponent5_TestGetPrivateQueryItems" />
    </UnitTest>
    <UnitTest name="QueryItemComponent_TestGetPublicQueryItemsTimestamp" storage="d:\v2.0\a1\_work\dbded102\bin\release.anycpu\tfs.service\ms.tf.workitemtracking.server.l0.tests\ms.tf.workitemtracking.server.l0.tests.dll" id="b7b5076a-36ec-3655-8c27-43016bebba26">
      <Execution id="6a225863-135c-438c-a0fe-c13db550191a" />
      <TestMethod codeBase="D:\v2.0\A1\_work\dbded102\bin\Release.AnyCPU\Tfs.Service\MS.TF.WorkItemTracking.Server.L0.Tests\MS.TF.WorkItemTracking.Server.L0.Tests.dll" adapterTypeName="Microsoft.VisualStudio.TestTools.TestTypes.Unit.UnitTestAdapter" className="MS.TF.WorkItemTracking.Server.L0.Tests.QueryItems.QueryItemComponentTests+GetPublicQueryItemsTimestampTests" name="QueryItemComponent_TestGetPublicQueryItemsTimestamp" />
    </UnitTest>
    <UnitTest name="QueryItemComponent5_TestGetPublicQueryItemsTimestamp" storage="d:\v2.0\a1\_work\dbded102\bin\release.anycpu\tfs.service\ms.tf.workitemtracking.server.l0.tests\ms.tf.workitemtracking.server.l0.tests.dll" id="a6fd8e33-8b0b-6b60-3042-1afb0fbe7f61">
      <Execution id="5b28e7ca-ccba-41bb-87d1-a212884a9433" />
      <TestMethod codeBase="D:\v2.0\A1\_work\dbded102\bin\Release.AnyCPU\Tfs.Service\MS.TF.WorkItemTracking.Server.L0.Tests\MS.TF.WorkItemTracking.Server.L0.Tests.dll" adapterTypeName="Microsoft.VisualStudio.TestTools.TestTypes.Unit.UnitTestAdapter" className="MS.TF.WorkItemTracking.Server.L0.Tests.QueryItems.QueryItemComponentTests+GetPublicQueryItemsTimestampTests" name="QueryItemComponent5_TestGetPublicQueryItemsTimestamp" />
    </UnitTest>
    <UnitTest name="TestCreateMyQueriesFolder" storage="d:\v2.0\a1\_work\dbded102\bin\release.anycpu\tfs.service\ms.tf.workitemtracking.server.l0.tests\ms.tf.workitemtracking.server.l0.tests.dll" id="fdf4b9fa-ecfe-9b60-56fa-9fa39327a8d3">
      <Execution id="1aaef8ea-3d21-43b7-b17a-4d0e92e28a50" />
      <TestMethod codeBase="D:\v2.0\A1\_work\dbded102\bin\Release.AnyCPU\Tfs.Service\MS.TF.WorkItemTracking.Server.L0.Tests\MS.TF.WorkItemTracking.Server.L0.Tests.dll" adapterTypeName="Microsoft.VisualStudio.TestTools.TestTypes.Unit.UnitTestAdapter" className="MS.TF.WorkItemTracking.Server.L0.Tests.QueryItems.QueryItemComponentTests+CreateMyQueriesFolderTests" name="TestCreateMyQueriesFolder" />
    </UnitTest>
    <UnitTest name="QueryItemComponent6_TestCreateMyQueriesFolder" storage="d:\v2.0\a1\_work\dbded102\bin\release.anycpu\tfs.service\ms.tf.workitemtracking.server.l0.tests\ms.tf.workitemtracking.server.l0.tests.dll" id="a82ee7ed-6551-48f7-31e5-ce7d7687b29b">
      <Execution id="47667e5e-a658-4414-a9d6-7f3c6c6e9577" />
      <TestMethod codeBase="D:\v2.0\A1\_work\dbded102\bin\Release.AnyCPU\Tfs.Service\MS.TF.WorkItemTracking.Server.L0.Tests\MS.TF.WorkItemTracking.Server.L0.Tests.dll" adapterTypeName="Microsoft.VisualStudio.TestTools.TestTypes.Unit.UnitTestAdapter" className="MS.TF.WorkItemTracking.Server.L0.Tests.QueryItems.QueryItemComponentTests+CreateMyQueriesFolderTests" name="QueryItemComponent6_TestCreateMyQueriesFolder" />
    </UnitTest>
    <UnitTest name="TestCreatePublicQueriesFolder" storage="d:\v2.0\a1\_work\dbded102\bin\release.anycpu\tfs.service\ms.tf.workitemtracking.server.l0.tests\ms.tf.workitemtracking.server.l0.tests.dll" id="04dcb366-534f-f39d-6354-f88713675fba">
      <Execution id="e48e2d83-868d-4be6-8363-426fbe6c75a1" />
      <TestMethod codeBase="D:\v2.0\A1\_work\dbded102\bin\Release.AnyCPU\Tfs.Service\MS.TF.WorkItemTracking.Server.L0.Tests\MS.TF.WorkItemTracking.Server.L0.Tests.dll" adapterTypeName="Microsoft.VisualStudio.TestTools.TestTypes.Unit.UnitTestAdapter" className="MS.TF.WorkItemTracking.Server.L0.Tests.QueryItems.QueryItemComponentTests+CreatePublicQueriesFolderTests" name="TestCreatePublicQueriesFolder" />
    </UnitTest>
    <UnitTest name="QueryItemComponent6_TestCreatePublicQueriesFolder" storage="d:\v2.0\a1\_work\dbded102\bin\release.anycpu\tfs.service\ms.tf.workitemtracking.server.l0.tests\ms.tf.workitemtracking.server.l0.tests.dll" id="0948d4df-b7c1-09b1-b1bb-99e50a82e853">
      <Execution id="eb181f8f-e134-40ec-8ef1-10b2a0a0f211" />
      <TestMethod codeBase="D:\v2.0\A1\_work\dbded102\bin\Release.AnyCPU\Tfs.Service\MS.TF.WorkItemTracking.Server.L0.Tests\MS.TF.WorkItemTracking.Server.L0.Tests.dll" adapterTypeName="Microsoft.VisualStudio.TestTools.TestTypes.Unit.UnitTestAdapter" className="MS.TF.WorkItemTracking.Server.L0.Tests.QueryItems.QueryItemComponentTests+CreatePublicQueriesFolderTests" name="QueryItemComponent6_TestCreatePublicQueriesFolder" />
    </UnitTest>
    <UnitTest name="ValidateFieldsAreInTemplate" storage="d:\v2.0\a1\_work\dbded102\bin\release.anycpu\tfs.service\ms.tf.workitemtracking.server.l0.tests\ms.tf.workitemtracking.server.l0.tests.dll" id="82920493-b9c2-df5b-2d04-637f13d4b569">
      <Execution id="e6a37d26-a8cf-466e-8216-a0cc35ce7256" />
      <TestMethod codeBase="D:\v2.0\A1\_work\dbded102\bin\Release.AnyCPU\Tfs.Service\MS.TF.WorkItemTracking.Server.L0.Tests\MS.TF.WorkItemTracking.Server.L0.Tests.dll" adapterTypeName="Microsoft.VisualStudio.TestTools.TestTypes.Unit.UnitTestAdapter" className="MS.TF.WorkItemTracking.Server.L0.Tests.Metadata.WITExporterTests+ExportWorkItemType" name="ValidateFieldsAreInTemplate" />
    </UnitTest>
    <UnitTest name="ValidateFormIsInTemplate" storage="d:\v2.0\a1\_work\dbded102\bin\release.anycpu\tfs.service\ms.tf.workitemtracking.server.l0.tests\ms.tf.workitemtracking.server.l0.tests.dll" id="868cb8c3-1986-01a6-f3dc-6facc92b7cc6">
      <Execution id="3819075c-659e-43a3-a168-822295c14e33" />
      <TestMethod codeBase="D:\v2.0\A1\_work\dbded102\bin\Release.AnyCPU\Tfs.Service\MS.TF.WorkItemTracking.Server.L0.Tests\MS.TF.WorkItemTracking.Server.L0.Tests.dll" adapterTypeName="Microsoft.VisualStudio.TestTools.TestTypes.Unit.UnitTestAdapter" className="MS.TF.WorkItemTracking.Server.L0.Tests.Metadata.WITExporterTests+ExportWorkItemType" name="ValidateFormIsInTemplate" />
    </UnitTest>
    <UnitTest name="ValidateTransitionsAreInTemplate" storage="d:\v2.0\a1\_work\dbded102\bin\release.anycpu\tfs.service\ms.tf.workitemtracking.server.l0.tests\ms.tf.workitemtracking.server.l0.tests.dll" id="523634b3-ddff-a787-4cc6-d236f5f731cc">
      <Execution id="20f0df98-75fe-4f6c-bd86-9989cd6b8f05" />
      <TestMethod codeBase="D:\v2.0\A1\_work\dbded102\bin\Release.AnyCPU\Tfs.Service\MS.TF.WorkItemTracking.Server.L0.Tests\MS.TF.WorkItemTracking.Server.L0.Tests.dll" adapterTypeName="Microsoft.VisualStudio.TestTools.TestTypes.Unit.UnitTestAdapter" className="MS.TF.WorkItemTracking.Server.L0.Tests.Metadata.WITExporterTests+ExportWorkItemType" name="ValidateTransitionsAreInTemplate" />
    </UnitTest>
    <UnitTest name="WorkItemTrackingMetadataComponent_TestGetFieldRecords" storage="d:\v2.0\a1\_work\dbded102\bin\release.anycpu\tfs.service\ms.tf.workitemtracking.server.l0.tests\ms.tf.workitemtracking.server.l0.tests.dll" id="b7c29beb-fe90-4b4c-af88-4e3a021b82cf">
      <Execution id="123a1610-1990-46c3-943b-54525404cf89" />
      <TestMethod codeBase="D:\v2.0\A1\_work\dbded102\bin\Release.AnyCPU\Tfs.Service\MS.TF.WorkItemTracking.Server.L0.Tests\MS.TF.WorkItemTracking.Server.L0.Tests.dll" adapterTypeName="Microsoft.VisualStudio.TestTools.TestTypes.Unit.UnitTestAdapter" className="MS.TF.WorkItemTracking.Server.L0.Tests.Metadata.WorkItemTrackingMetadataComponentTests+GetFieldRecordsTests" name="WorkItemTrackingMetadataComponent_TestGetFieldRecords" />
    </UnitTest>
    <UnitTest name="WorkItemTrackingMetadataComponent9_TestGetFieldRecords" storage="d:\v2.0\a1\_work\dbded102\bin\release.anycpu\tfs.service\ms.tf.workitemtracking.server.l0.tests\ms.tf.workitemtracking.server.l0.tests.dll" id="4a927fe3-5383-5a7f-8021-1f0c4a2b2e0a">
      <Execution id="1ef4714f-31d0-4990-8987-05396ff2be08" />
      <TestMethod codeBase="D:\v2.0\A1\_work\dbded102\bin\Release.AnyCPU\Tfs.Service\MS.TF.WorkItemTracking.Server.L0.Tests\MS.TF.WorkItemTracking.Server.L0.Tests.dll" adapterTypeName="Microsoft.VisualStudio.TestTools.TestTypes.Unit.UnitTestAdapter" className="MS.TF.WorkItemTracking.Server.L0.Tests.Metadata.WorkItemTrackingMetadataComponentTests+GetFieldRecordsTests" name="WorkItemTrackingMetadataComponent9_TestGetFieldRecords" />
    </UnitTest>
    <UnitTest name="TestGetLinkTypes" storage="d:\v2.0\a1\_work\dbded102\bin\release.anycpu\tfs.service\ms.tf.workitemtracking.server.l0.tests\ms.tf.workitemtracking.server.l0.tests.dll" id="4038207b-1216-0aa4-f786-1dd9c326f76d">
      <Execution id="76a5c60d-0e2f-4eda-bff9-dc42deb03ee0" />
      <TestMethod codeBase="D:\v2.0\A1\_work\dbded102\bin\Release.AnyCPU\Tfs.Service\MS.TF.WorkItemTracking.Server.L0.Tests\MS.TF.WorkItemTracking.Server.L0.Tests.dll" adapterTypeName="Microsoft.VisualStudio.TestTools.TestTypes.Unit.UnitTestAdapter" className="MS.TF.WorkItemTracking.Server.L0.Tests.Metadata.WorkItemTrackingMetadataComponentTests+GetLinkTypesTests" name="TestGetLinkTypes" />
    </UnitTest>
    <UnitTest name="TestInstallWorkItemWordsContains" storage="d:\v2.0\a1\_work\dbded102\bin\release.anycpu\tfs.service\ms.tf.workitemtracking.server.l0.tests\ms.tf.workitemtracking.server.l0.tests.dll" id="68a72a78-0726-f084-c28e-a5c677480a20">
      <Execution id="2f127b98-db94-42b7-81f2-278db5cc6aea" />
      <TestMethod codeBase="D:\v2.0\A1\_work\dbded102\bin\Release.AnyCPU\Tfs.Service\MS.TF.WorkItemTracking.Server.L0.Tests\MS.TF.WorkItemTracking.Server.L0.Tests.dll" adapterTypeName="Microsoft.VisualStudio.TestTools.TestTypes.Unit.UnitTestAdapter" className="MS.TF.WorkItemTracking.Server.L0.Tests.Metadata.WorkItemTrackingMetadataComponentTests+InstallWorkItemWordsContainsTests" name="TestInstallWorkItemWordsContains" />
    </UnitTest>
    <UnitTest name="TestGetCollationInfo" storage="d:\v2.0\a1\_work\dbded102\bin\release.anycpu\tfs.service\ms.tf.workitemtracking.server.l0.tests\ms.tf.workitemtracking.server.l0.tests.dll" id="8420fbc3-4c0f-ad9f-798d-839c2eef0949">
      <Execution id="90eb7dd1-24b7-401a-a2fa-c66edbd995bc" />
      <TestMethod codeBase="D:\v2.0\A1\_work\dbded102\bin\Release.AnyCPU\Tfs.Service\MS.TF.WorkItemTracking.Server.L0.Tests\MS.TF.WorkItemTracking.Server.L0.Tests.dll" adapterTypeName="Microsoft.VisualStudio.TestTools.TestTypes.Unit.UnitTestAdapter" className="MS.TF.WorkItemTracking.Server.L0.Tests.Metadata.WorkItemTrackingMetadataComponentTests+GetCollationInfoTests" name="TestGetCollationInfo" />
    </UnitTest>
    <UnitTest name="TestGetMetadataTableTimestamps" storage="d:\v2.0\a1\_work\dbded102\bin\release.anycpu\tfs.service\ms.tf.workitemtracking.server.l0.tests\ms.tf.workitemtracking.server.l0.tests.dll" id="45516314-afea-ea5a-5906-b779904faf20">
      <Execution id="efce1f95-b8e8-4176-9aa0-f9ce76b6fc68" />
      <TestMethod codeBase="D:\v2.0\A1\_work\dbded102\bin\Release.AnyCPU\Tfs.Service\MS.TF.WorkItemTracking.Server.L0.Tests\MS.TF.WorkItemTracking.Server.L0.Tests.dll" adapterTypeName="Microsoft.VisualStudio.TestTools.TestTypes.Unit.UnitTestAdapter" className="MS.TF.WorkItemTracking.Server.L0.Tests.Metadata.WorkItemTrackingMetadataComponentTests+GetMetadataTableTimestampsTests" name="TestGetMetadataTableTimestamps" />
    </UnitTest>
    <UnitTest name="TestGetMetadataTableTimestamps_SomeTableNames" storage="d:\v2.0\a1\_work\dbded102\bin\release.anycpu\tfs.service\ms.tf.workitemtracking.server.l0.tests\ms.tf.workitemtracking.server.l0.tests.dll" id="0d888b0c-534b-b796-fd52-4795175ca8fe">
      <Execution id="5e9c1549-e2d2-4069-ac37-fdcb2cb05e31" />
      <TestMethod codeBase="D:\v2.0\A1\_work\dbded102\bin\Release.AnyCPU\Tfs.Service\MS.TF.WorkItemTracking.Server.L0.Tests\MS.TF.WorkItemTracking.Server.L0.Tests.dll" adapterTypeName="Microsoft.VisualStudio.TestTools.TestTypes.Unit.UnitTestAdapter" className="MS.TF.WorkItemTracking.Server.L0.Tests.Metadata.WorkItemTrackingMetadataComponentTests+GetMetadataTableTimestampsTests" name="TestGetMetadataTableTimestamps_SomeTableNames" />
    </UnitTest>
    <UnitTest name="TestGetMetadataTableTimestamps_NullTableNames" storage="d:\v2.0\a1\_work\dbded102\bin\release.anycpu\tfs.service\ms.tf.workitemtracking.server.l0.tests\ms.tf.workitemtracking.server.l0.tests.dll" id="96f771a5-ac9c-4ca0-ae0e-64fcd8f8f8be">
      <Execution id="5ac0d348-f09f-440b-80ee-43ef8633b94d" />
      <TestMethod codeBase="D:\v2.0\A1\_work\dbded102\bin\Release.AnyCPU\Tfs.Service\MS.TF.WorkItemTracking.Server.L0.Tests\MS.TF.WorkItemTracking.Server.L0.Tests.dll" adapterTypeName="Microsoft.VisualStudio.TestTools.TestTypes.Unit.UnitTestAdapter" className="MS.TF.WorkItemTracking.Server.L0.Tests.Metadata.WorkItemTrackingMetadataComponentTests+GetMetadataTableTimestampsTests" name="TestGetMetadataTableTimestamps_NullTableNames" />
    </UnitTest>
    <UnitTest name="TestGetRules" storage="d:\v2.0\a1\_work\dbded102\bin\release.anycpu\tfs.service\ms.tf.workitemtracking.server.l0.tests\ms.tf.workitemtracking.server.l0.tests.dll" id="e7ef51ff-c13f-3cc3-48e0-f5fd288ff87b">
      <Execution id="7bfc6cea-bf18-465b-aa02-071b909379da" />
      <TestMethod codeBase="D:\v2.0\A1\_work\dbded102\bin\Release.AnyCPU\Tfs.Service\MS.TF.WorkItemTracking.Server.L0.Tests\MS.TF.WorkItemTracking.Server.L0.Tests.dll" adapterTypeName="Microsoft.VisualStudio.TestTools.TestTypes.Unit.UnitTestAdapter" className="MS.TF.WorkItemTracking.Server.L0.Tests.Metadata.WorkItemTrackingMetadataComponentTests+GetRulesTests" name="TestGetRules" />
    </UnitTest>
    <UnitTest name="TestGetRules_NullWorkItemTypeName" storage="d:\v2.0\a1\_work\dbded102\bin\release.anycpu\tfs.service\ms.tf.workitemtracking.server.l0.tests\ms.tf.workitemtracking.server.l0.tests.dll" id="a5cdc9eb-ff94-5ccd-028d-82f4d792b22e">
      <Execution id="ccc65844-f966-4c30-badf-361894d65c39" />
      <TestMethod codeBase="D:\v2.0\A1\_work\dbded102\bin\Release.AnyCPU\Tfs.Service\MS.TF.WorkItemTracking.Server.L0.Tests\MS.TF.WorkItemTracking.Server.L0.Tests.dll" adapterTypeName="Microsoft.VisualStudio.TestTools.TestTypes.Unit.UnitTestAdapter" className="MS.TF.WorkItemTracking.Server.L0.Tests.Metadata.WorkItemTrackingMetadataComponentTests+GetRulesTests" name="TestGetRules_NullWorkItemTypeName" />
    </UnitTest>
    <UnitTest name="TestGetActions" storage="d:\v2.0\a1\_work\dbded102\bin\release.anycpu\tfs.service\ms.tf.workitemtracking.server.l0.tests\ms.tf.workitemtracking.server.l0.tests.dll" id="81ea6b05-3214-3250-1dcf-632ca6dac3a9">
      <Execution id="1f6aa163-87a9-49d8-bc55-43050aff0db9" />
      <TestMethod codeBase="D:\v2.0\A1\_work\dbded102\bin\Release.AnyCPU\Tfs.Service\MS.TF.WorkItemTracking.Server.L0.Tests\MS.TF.WorkItemTracking.Server.L0.Tests.dll" adapterTypeName="Microsoft.VisualStudio.TestTools.TestTypes.Unit.UnitTestAdapter" className="MS.TF.WorkItemTracking.Server.L0.Tests.Metadata.WorkItemTrackingMetadataComponentTests+GetActionsTests" name="TestGetActions" />
    </UnitTest>
    <UnitTest name="TestGetConstantSets" storage="d:\v2.0\a1\_work\dbded102\bin\release.anycpu\tfs.service\ms.tf.workitemtracking.server.l0.tests\ms.tf.workitemtracking.server.l0.tests.dll" id="e609cc00-dbb9-4bce-90bb-1318b9b3c994">
      <Execution id="c0aa0940-2d52-478f-a438-01ade86c04ff" />
      <TestMethod codeBase="D:\v2.0\A1\_work\dbded102\bin\Release.AnyCPU\Tfs.Service\MS.TF.WorkItemTracking.Server.L0.Tests\MS.TF.WorkItemTracking.Server.L0.Tests.dll" adapterTypeName="Microsoft.VisualStudio.TestTools.TestTypes.Unit.UnitTestAdapter" className="MS.TF.WorkItemTracking.Server.L0.Tests.Metadata.WorkItemTrackingMetadataComponentTests+GetConstantSetsTests" name="TestGetConstantSets" />
    </UnitTest>
    <UnitTest name="TestGetConstantSets_NullSetReference" storage="d:\v2.0\a1\_work\dbded102\bin\release.anycpu\tfs.service\ms.tf.workitemtracking.server.l0.tests\ms.tf.workitemtracking.server.l0.tests.dll" id="c65bd3f2-143e-0f84-4f74-41ae43d3ae9b">
      <Execution id="bd000234-4602-49e0-bb5d-5bcc047502c1" />
      <TestMethod codeBase="D:\v2.0\A1\_work\dbded102\bin\Release.AnyCPU\Tfs.Service\MS.TF.WorkItemTracking.Server.L0.Tests\MS.TF.WorkItemTracking.Server.L0.Tests.dll" adapterTypeName="Microsoft.VisualStudio.TestTools.TestTypes.Unit.UnitTestAdapter" className="MS.TF.WorkItemTracking.Server.L0.Tests.Metadata.WorkItemTrackingMetadataComponentTests+GetConstantSetsTests" name="TestGetConstantSets_NullSetReference" />
    </UnitTest>
    <UnitTest name="WorkItemTrackingMetadataComponent8_TestGetConstantSets" storage="d:\v2.0\a1\_work\dbded102\bin\release.anycpu\tfs.service\ms.tf.workitemtracking.server.l0.tests\ms.tf.workitemtracking.server.l0.tests.dll" id="2ada4346-dcbd-f37a-788c-4d324726a481">
      <Execution id="e62070a4-aef6-42ce-9d63-769b5f370ea9" />
      <TestMethod codeBase="D:\v2.0\A1\_work\dbded102\bin\Release.AnyCPU\Tfs.Service\MS.TF.WorkItemTracking.Server.L0.Tests\MS.TF.WorkItemTracking.Server.L0.Tests.dll" adapterTypeName="Microsoft.VisualStudio.TestTools.TestTypes.Unit.UnitTestAdapter" className="MS.TF.WorkItemTracking.Server.L0.Tests.Metadata.WorkItemTrackingMetadataComponentTests+GetConstantSetsTests" name="WorkItemTrackingMetadataComponent8_TestGetConstantSets" />
    </UnitTest>
    <UnitTest name="WorkItemTrackingMetadataComponent8_TestGetConstantSets_NullSetReference" storage="d:\v2.0\a1\_work\dbded102\bin\release.anycpu\tfs.service\ms.tf.workitemtracking.server.l0.tests\ms.tf.workitemtracking.server.l0.tests.dll" id="2f8002f8-900e-6f5f-b797-dc362da838e0">
      <Execution id="71cdb75a-0a8d-40a7-ab5a-76172e76ca9e" />
      <TestMethod codeBase="D:\v2.0\A1\_work\dbded102\bin\Release.AnyCPU\Tfs.Service\MS.TF.WorkItemTracking.Server.L0.Tests\MS.TF.WorkItemTracking.Server.L0.Tests.dll" adapterTypeName="Microsoft.VisualStudio.TestTools.TestTypes.Unit.UnitTestAdapter" className="MS.TF.WorkItemTracking.Server.L0.Tests.Metadata.WorkItemTrackingMetadataComponentTests+GetConstantSetsTests" name="WorkItemTrackingMetadataComponent8_TestGetConstantSets_NullSetReference" />
    </UnitTest>
    <UnitTest name="TestGetConstantRecords_IntConstantIds" storage="d:\v2.0\a1\_work\dbded102\bin\release.anycpu\tfs.service\ms.tf.workitemtracking.server.l0.tests\ms.tf.workitemtracking.server.l0.tests.dll" id="9f7853f5-26ef-796e-7520-f52542b3fcba">
      <Execution id="c28a0fab-0ca3-4ec3-b446-bf14dbd6a7e3" />
      <TestMethod codeBase="D:\v2.0\A1\_work\dbded102\bin\Release.AnyCPU\Tfs.Service\MS.TF.WorkItemTracking.Server.L0.Tests\MS.TF.WorkItemTracking.Server.L0.Tests.dll" adapterTypeName="Microsoft.VisualStudio.TestTools.TestTypes.Unit.UnitTestAdapter" className="MS.TF.WorkItemTracking.Server.L0.Tests.Metadata.WorkItemTrackingMetadataComponentTests+GetConstantRecordsTests" name="TestGetConstantRecords_IntConstantIds" />
    </UnitTest>
    <UnitTest name="TestGetConstantRecords_IntConstantIds_NullParameter" storage="d:\v2.0\a1\_work\dbded102\bin\release.anycpu\tfs.service\ms.tf.workitemtracking.server.l0.tests\ms.tf.workitemtracking.server.l0.tests.dll" id="83ddd997-2743-33fe-ce0e-67ae56d5ba1f">
      <Execution id="5004abc4-0adb-42e7-8dcf-a7ef9fcb11c1" />
      <TestMethod codeBase="D:\v2.0\A1\_work\dbded102\bin\Release.AnyCPU\Tfs.Service\MS.TF.WorkItemTracking.Server.L0.Tests\MS.TF.WorkItemTracking.Server.L0.Tests.dll" adapterTypeName="Microsoft.VisualStudio.TestTools.TestTypes.Unit.UnitTestAdapter" className="MS.TF.WorkItemTracking.Server.L0.Tests.Metadata.WorkItemTrackingMetadataComponentTests+GetConstantRecordsTests" name="TestGetConstantRecords_IntConstantIds_NullParameter" />
    </UnitTest>
    <UnitTest name="TestGetConstantRecords_GuidConstantIds" storage="d:\v2.0\a1\_work\dbded102\bin\release.anycpu\tfs.service\ms.tf.workitemtracking.server.l0.tests\ms.tf.workitemtracking.server.l0.tests.dll" id="8bed448e-166e-773b-e59f-e43011b68795">
      <Execution id="a845be42-95b4-43fb-893b-bc1ea75e83a8" />
      <TestMethod codeBase="D:\v2.0\A1\_work\dbded102\bin\Release.AnyCPU\Tfs.Service\MS.TF.WorkItemTracking.Server.L0.Tests\MS.TF.WorkItemTracking.Server.L0.Tests.dll" adapterTypeName="Microsoft.VisualStudio.TestTools.TestTypes.Unit.UnitTestAdapter" className="MS.TF.WorkItemTracking.Server.L0.Tests.Metadata.WorkItemTrackingMetadataComponentTests+GetConstantRecordsTests" name="TestGetConstantRecords_GuidConstantIds" />
    </UnitTest>
    <UnitTest name="TestGetConstantRecords_GuidConstantIds_NullParameter" storage="d:\v2.0\a1\_work\dbded102\bin\release.anycpu\tfs.service\ms.tf.workitemtracking.server.l0.tests\ms.tf.workitemtracking.server.l0.tests.dll" id="868a160d-3190-eb40-e708-0b04d4968dbb">
      <Execution id="8433f8e9-01d6-4a72-8150-abe982b7c2cd" />
      <TestMethod codeBase="D:\v2.0\A1\_work\dbded102\bin\Release.AnyCPU\Tfs.Service\MS.TF.WorkItemTracking.Server.L0.Tests\MS.TF.WorkItemTracking.Server.L0.Tests.dll" adapterTypeName="Microsoft.VisualStudio.TestTools.TestTypes.Unit.UnitTestAdapter" className="MS.TF.WorkItemTracking.Server.L0.Tests.Metadata.WorkItemTrackingMetadataComponentTests+GetConstantRecordsTests" name="TestGetConstantRecords_GuidConstantIds_NullParameter" />
    </UnitTest>
    <UnitTest name="WorkItemTrackingMetadataComponent8_TestGetConstantRecords_IntConstantIds" storage="d:\v2.0\a1\_work\dbded102\bin\release.anycpu\tfs.service\ms.tf.workitemtracking.server.l0.tests\ms.tf.workitemtracking.server.l0.tests.dll" id="96a05224-3bb1-8d04-c052-e4e7debd583e">
      <Execution id="581edec9-db88-4443-97d0-73f2c3c3a254" />
      <TestMethod codeBase="D:\v2.0\A1\_work\dbded102\bin\Release.AnyCPU\Tfs.Service\MS.TF.WorkItemTracking.Server.L0.Tests\MS.TF.WorkItemTracking.Server.L0.Tests.dll" adapterTypeName="Microsoft.VisualStudio.TestTools.TestTypes.Unit.UnitTestAdapter" className="MS.TF.WorkItemTracking.Server.L0.Tests.Metadata.WorkItemTrackingMetadataComponentTests+GetConstantRecordsTests" name="WorkItemTrackingMetadataComponent8_TestGetConstantRecords_IntConstantIds" />
    </UnitTest>
    <UnitTest name="WorkItemTrackingMetadataComponent8_TestGetConstantRecords_IntConstantIds_NullParameter" storage="d:\v2.0\a1\_work\dbded102\bin\release.anycpu\tfs.service\ms.tf.workitemtracking.server.l0.tests\ms.tf.workitemtracking.server.l0.tests.dll" id="e52aad75-fc0b-6107-1bf4-09a12c5c3bf5">
      <Execution id="c3ba0226-44cd-44ad-aa8b-da167a48c93f" />
      <TestMethod codeBase="D:\v2.0\A1\_work\dbded102\bin\Release.AnyCPU\Tfs.Service\MS.TF.WorkItemTracking.Server.L0.Tests\MS.TF.WorkItemTracking.Server.L0.Tests.dll" adapterTypeName="Microsoft.VisualStudio.TestTools.TestTypes.Unit.UnitTestAdapter" className="MS.TF.WorkItemTracking.Server.L0.Tests.Metadata.WorkItemTrackingMetadataComponentTests+GetConstantRecordsTests" name="WorkItemTrackingMetadataComponent8_TestGetConstantRecords_IntConstantIds_NullParameter" />
    </UnitTest>
    <UnitTest name="WorkItemTrackingMetadataComponent_TestGetConstantRecordsFromPersonNames" storage="d:\v2.0\a1\_work\dbded102\bin\release.anycpu\tfs.service\ms.tf.workitemtracking.server.l0.tests\ms.tf.workitemtracking.server.l0.tests.dll" id="a6133153-3f39-a188-5caf-7aa49ae562f6">
      <Execution id="29664a00-69b3-438b-b8f1-8c74b8effd97" />
      <TestMethod codeBase="D:\v2.0\A1\_work\dbded102\bin\Release.AnyCPU\Tfs.Service\MS.TF.WorkItemTracking.Server.L0.Tests\MS.TF.WorkItemTracking.Server.L0.Tests.dll" adapterTypeName="Microsoft.VisualStudio.TestTools.TestTypes.Unit.UnitTestAdapter" className="MS.TF.WorkItemTracking.Server.L0.Tests.Metadata.WorkItemTrackingMetadataComponentTests+GetConstantRecordsTests" name="WorkItemTrackingMetadataComponent_TestGetConstantRecordsFromPersonNames" />
    </UnitTest>
    <UnitTest name="WorkItemTrackingMetadataComponent_TestGetConstantRecordsFromPersonNames_NullParameter" storage="d:\v2.0\a1\_work\dbded102\bin\release.anycpu\tfs.service\ms.tf.workitemtracking.server.l0.tests\ms.tf.workitemtracking.server.l0.tests.dll" id="7ebd8528-72de-23a3-54bc-5ec232da095d">
      <Execution id="cc17d616-1411-4b57-9d88-46e02fc1f2a6" />
      <TestMethod codeBase="D:\v2.0\A1\_work\dbded102\bin\Release.AnyCPU\Tfs.Service\MS.TF.WorkItemTracking.Server.L0.Tests\MS.TF.WorkItemTracking.Server.L0.Tests.dll" adapterTypeName="Microsoft.VisualStudio.TestTools.TestTypes.Unit.UnitTestAdapter" className="MS.TF.WorkItemTracking.Server.L0.Tests.Metadata.WorkItemTrackingMetadataComponentTests+GetConstantRecordsTests" name="WorkItemTrackingMetadataComponent_TestGetConstantRecordsFromPersonNames_NullParameter" />
    </UnitTest>
    <UnitTest name="TestGetWorkItemTypes" storage="d:\v2.0\a1\_work\dbded102\bin\release.anycpu\tfs.service\ms.tf.workitemtracking.server.l0.tests\ms.tf.workitemtracking.server.l0.tests.dll" id="34a214eb-d210-9956-cb54-386b8a3652de">
      <Execution id="693465ed-52e4-4bf8-8362-a9eff40bc04c" />
      <TestMethod codeBase="D:\v2.0\A1\_work\dbded102\bin\Release.AnyCPU\Tfs.Service\MS.TF.WorkItemTracking.Server.L0.Tests\MS.TF.WorkItemTracking.Server.L0.Tests.dll" adapterTypeName="Microsoft.VisualStudio.TestTools.TestTypes.Unit.UnitTestAdapter" className="MS.TF.WorkItemTracking.Server.L0.Tests.Metadata.WorkItemTrackingMetadataComponentTests+GetWorkItemTypesTests" name="TestGetWorkItemTypes" />
    </UnitTest>
    <UnitTest name="TestGetWorkItemTypes_NullParameter" storage="d:\v2.0\a1\_work\dbded102\bin\release.anycpu\tfs.service\ms.tf.workitemtracking.server.l0.tests\ms.tf.workitemtracking.server.l0.tests.dll" id="f07ab34d-9099-ae70-1305-2de8cbad6b16">
      <Execution id="8c93b780-463e-46a9-accd-a7a0f258feba" />
      <TestMethod codeBase="D:\v2.0\A1\_work\dbded102\bin\Release.AnyCPU\Tfs.Service\MS.TF.WorkItemTracking.Server.L0.Tests\MS.TF.WorkItemTracking.Server.L0.Tests.dll" adapterTypeName="Microsoft.VisualStudio.TestTools.TestTypes.Unit.UnitTestAdapter" className="MS.TF.WorkItemTracking.Server.L0.Tests.Metadata.WorkItemTrackingMetadataComponentTests+GetWorkItemTypesTests" name="TestGetWorkItemTypes_NullParameter" />
    </UnitTest>
    <UnitTest name="GetCorrectCountOfWorkItemTypes" storage="d:\v2.0\a1\_work\dbded102\bin\release.anycpu\tfs.service\ms.tf.workitemtracking.server.l0.tests\ms.tf.workitemtracking.server.l0.tests.dll" id="9ef093d4-0e2a-e9a8-d1f6-bf46dfac65b4">
      <Execution id="a60678e5-ac05-4247-8407-4aa3795d78f6" />
      <TestMethod codeBase="D:\v2.0\A1\_work\dbded102\bin\Release.AnyCPU\Tfs.Service\MS.TF.WorkItemTracking.Server.L0.Tests\MS.TF.WorkItemTracking.Server.L0.Tests.dll" adapterTypeName="Microsoft.VisualStudio.TestTools.TestTypes.Unit.UnitTestAdapter" className="MS.TF.WorkItemTracking.Server.L0.Tests.Metadata.WorkItemTrackingMetadataComponentTests+WorkItemTrackingMetadataComponent12_GetWorkItemTypesTests" name="GetCorrectCountOfWorkItemTypes" />
    </UnitTest>
    <UnitTest name="WorkItemTypeInheritsFromProjectAndCollectionWorkFlows" storage="d:\v2.0\a1\_work\dbded102\bin\release.anycpu\tfs.service\ms.tf.workitemtracking.server.l0.tests\ms.tf.workitemtracking.server.l0.tests.dll" id="257e59bf-91ce-75ba-b0c9-ab7be8bdb218">
      <Execution id="ab99c26c-7c2d-4bba-a037-ec1e06b62db1" />
      <TestMethod codeBase="D:\v2.0\A1\_work\dbded102\bin\Release.AnyCPU\Tfs.Service\MS.TF.WorkItemTracking.Server.L0.Tests\MS.TF.WorkItemTracking.Server.L0.Tests.dll" adapterTypeName="Microsoft.VisualStudio.TestTools.TestTypes.Unit.UnitTestAdapter" className="MS.TF.WorkItemTracking.Server.L0.Tests.Metadata.WorkItemTrackingMetadataComponentTests+WorkItemTrackingMetadataComponent12_GetWorkItemTypesTests" name="WorkItemTypeInheritsFromProjectAndCollectionWorkFlows" />
    </UnitTest>
    <UnitTest name="CollectionWorkflowWillContainsItsFields" storage="d:\v2.0\a1\_work\dbded102\bin\release.anycpu\tfs.service\ms.tf.workitemtracking.server.l0.tests\ms.tf.workitemtracking.server.l0.tests.dll" id="1b98f460-704c-90cd-a598-21f94c492322">
      <Execution id="311db174-b033-4a59-b93c-4483cb1ec8d4" />
      <TestMethod codeBase="D:\v2.0\A1\_work\dbded102\bin\Release.AnyCPU\Tfs.Service\MS.TF.WorkItemTracking.Server.L0.Tests\MS.TF.WorkItemTracking.Server.L0.Tests.dll" adapterTypeName="Microsoft.VisualStudio.TestTools.TestTypes.Unit.UnitTestAdapter" className="MS.TF.WorkItemTracking.Server.L0.Tests.Metadata.WorkItemTrackingMetadataComponentTests+WorkItemTrackingMetadataComponent12_GetWorkItemTypesTests" name="CollectionWorkflowWillContainsItsFields" />
    </UnitTest>
    <UnitTest name="ProjectnWorkflowWillContainsItsFields" storage="d:\v2.0\a1\_work\dbded102\bin\release.anycpu\tfs.service\ms.tf.workitemtracking.server.l0.tests\ms.tf.workitemtracking.server.l0.tests.dll" id="34011c74-406a-2998-2b91-52b732e83471">
      <Execution id="53625b3c-70c5-4874-927d-f7baf0528eb9" />
      <TestMethod codeBase="D:\v2.0\A1\_work\dbded102\bin\Release.AnyCPU\Tfs.Service\MS.TF.WorkItemTracking.Server.L0.Tests\MS.TF.WorkItemTracking.Server.L0.Tests.dll" adapterTypeName="Microsoft.VisualStudio.TestTools.TestTypes.Unit.UnitTestAdapter" className="MS.TF.WorkItemTracking.Server.L0.Tests.Metadata.WorkItemTrackingMetadataComponentTests+WorkItemTrackingMetadataComponent12_GetWorkItemTypesTests" name="ProjectnWorkflowWillContainsItsFields" />
    </UnitTest>
    <UnitTest name="AllowNullProjectIdArgument" storage="d:\v2.0\a1\_work\dbded102\bin\release.anycpu\tfs.service\ms.tf.workitemtracking.server.l0.tests\ms.tf.workitemtracking.server.l0.tests.dll" id="91391a1a-44e1-0623-6fdb-5a471d8888bf">
      <Execution id="d46c3059-a621-45bd-973f-955c8cc40c10" />
      <TestMethod codeBase="D:\v2.0\A1\_work\dbded102\bin\Release.AnyCPU\Tfs.Service\MS.TF.WorkItemTracking.Server.L0.Tests\MS.TF.WorkItemTracking.Server.L0.Tests.dll" adapterTypeName="Microsoft.VisualStudio.TestTools.TestTypes.Unit.UnitTestAdapter" className="MS.TF.WorkItemTracking.Server.L0.Tests.Metadata.WorkItemTrackingMetadataComponentTests+WorkItemTrackingMetadataComponent12_GetWorkItemTypesTests" name="AllowNullProjectIdArgument" />
    </UnitTest>
    <UnitTest name="TestGetWorkItemTypeCategories" storage="d:\v2.0\a1\_work\dbded102\bin\release.anycpu\tfs.service\ms.tf.workitemtracking.server.l0.tests\ms.tf.workitemtracking.server.l0.tests.dll" id="c175e5ba-1639-70eb-2705-36b255f1600f">
      <Execution id="fb8a06da-76cd-406d-af2b-0f5739027a5a" />
      <TestMethod codeBase="D:\v2.0\A1\_work\dbded102\bin\Release.AnyCPU\Tfs.Service\MS.TF.WorkItemTracking.Server.L0.Tests\MS.TF.WorkItemTracking.Server.L0.Tests.dll" adapterTypeName="Microsoft.VisualStudio.TestTools.TestTypes.Unit.UnitTestAdapter" className="MS.TF.WorkItemTracking.Server.L0.Tests.Metadata.WorkItemTrackingMetadataComponentTests+GetWorkItemTypeCategoriesTests" name="TestGetWorkItemTypeCategories" />
    </UnitTest>
    <UnitTest name="TestGetWorkItemTypeCategories" storage="d:\v2.0\a1\_work\dbded102\bin\release.anycpu\tfs.service\ms.tf.workitemtracking.server.l0.tests\ms.tf.workitemtracking.server.l0.tests.dll" id="a586eceb-c1a8-0aac-6dba-153002690915">
      <Execution id="4e0b5224-24fe-4857-a02f-10a74b15244e" />
      <TestMethod codeBase="D:\v2.0\A1\_work\dbded102\bin\Release.AnyCPU\Tfs.Service\MS.TF.WorkItemTracking.Server.L0.Tests\MS.TF.WorkItemTracking.Server.L0.Tests.dll" adapterTypeName="Microsoft.VisualStudio.TestTools.TestTypes.Unit.UnitTestAdapter" className="MS.TF.WorkItemTracking.Server.L0.Tests.Metadata.WorkItemTrackingMetadataComponentTests+WorkItemTrackingMetadataComponent12_GetWorkItemTypeCategoriesTests" name="TestGetWorkItemTypeCategories" />
    </UnitTest>
    <UnitTest name="TestUpdateWorkItemTypeNames" storage="d:\v2.0\a1\_work\dbded102\bin\release.anycpu\tfs.service\ms.tf.workitemtracking.server.l0.tests\ms.tf.workitemtracking.server.l0.tests.dll" id="1daba68f-c658-7b5f-c4e1-e94d4d740e6a">
      <Execution id="87329d6d-a45e-4a38-a1c3-094eb0ac6952" />
      <TestMethod codeBase="D:\v2.0\A1\_work\dbded102\bin\Release.AnyCPU\Tfs.Service\MS.TF.WorkItemTracking.Server.L0.Tests\MS.TF.WorkItemTracking.Server.L0.Tests.dll" adapterTypeName="Microsoft.VisualStudio.TestTools.TestTypes.Unit.UnitTestAdapter" className="MS.TF.WorkItemTracking.Server.L0.Tests.Metadata.WorkItemTrackingMetadataComponentTests+UpdateWorkItemTypeNamesTests" name="TestUpdateWorkItemTypeNames" />
    </UnitTest>
    <UnitTest name="TestUpdateWorkItemTypeNames_NullNames" storage="d:\v2.0\a1\_work\dbded102\bin\release.anycpu\tfs.service\ms.tf.workitemtracking.server.l0.tests\ms.tf.workitemtracking.server.l0.tests.dll" id="2f3f38ef-23d3-0cab-4d72-923e2a8fb4a3">
      <Execution id="363d3846-b02d-456a-9683-bf895d7f3464" />
      <TestMethod codeBase="D:\v2.0\A1\_work\dbded102\bin\Release.AnyCPU\Tfs.Service\MS.TF.WorkItemTracking.Server.L0.Tests\MS.TF.WorkItemTracking.Server.L0.Tests.dll" adapterTypeName="Microsoft.VisualStudio.TestTools.TestTypes.Unit.UnitTestAdapter" className="MS.TF.WorkItemTracking.Server.L0.Tests.Metadata.WorkItemTrackingMetadataComponentTests+UpdateWorkItemTypeNamesTests" name="TestUpdateWorkItemTypeNames_NullNames" />
    </UnitTest>
    <UnitTest name="TestSearchConstantIdentityRecords" storage="d:\v2.0\a1\_work\dbded102\bin\release.anycpu\tfs.service\ms.tf.workitemtracking.server.l0.tests\ms.tf.workitemtracking.server.l0.tests.dll" id="dbc1aafe-5d7a-713e-8bfc-a06996c0a53b">
      <Execution id="59a29889-b1dd-4013-bb56-091c06e9ca9b" />
      <TestMethod codeBase="D:\v2.0\A1\_work\dbded102\bin\Release.AnyCPU\Tfs.Service\MS.TF.WorkItemTracking.Server.L0.Tests\MS.TF.WorkItemTracking.Server.L0.Tests.dll" adapterTypeName="Microsoft.VisualStudio.TestTools.TestTypes.Unit.UnitTestAdapter" className="MS.TF.WorkItemTracking.Server.L0.Tests.Metadata.WorkItemTrackingMetadataComponentTests+SearchConstantIdentityRecordsTests" name="TestSearchConstantIdentityRecords" />
    </UnitTest>
    <UnitTest name="TestSearchConstantIdentityRecords_NullSearchTerm" storage="d:\v2.0\a1\_work\dbded102\bin\release.anycpu\tfs.service\ms.tf.workitemtracking.server.l0.tests\ms.tf.workitemtracking.server.l0.tests.dll" id="01103c4c-61d3-b479-a687-99bf9a354204">
      <Execution id="5ec460b7-55a7-45e7-9a7b-4187a6491ac1" />
      <TestMethod codeBase="D:\v2.0\A1\_work\dbded102\bin\Release.AnyCPU\Tfs.Service\MS.TF.WorkItemTracking.Server.L0.Tests\MS.TF.WorkItemTracking.Server.L0.Tests.dll" adapterTypeName="Microsoft.VisualStudio.TestTools.TestTypes.Unit.UnitTestAdapter" className="MS.TF.WorkItemTracking.Server.L0.Tests.Metadata.WorkItemTrackingMetadataComponentTests+SearchConstantIdentityRecordsTests" name="TestSearchConstantIdentityRecords_NullSearchTerm" />
    </UnitTest>
    <UnitTest name="TestSearchConstantsRecords" storage="d:\v2.0\a1\_work\dbded102\bin\release.anycpu\tfs.service\ms.tf.workitemtracking.server.l0.tests\ms.tf.workitemtracking.server.l0.tests.dll" id="90feca5f-2c42-9022-e864-9a7642b9c062">
      <Execution id="f18c0fda-68ce-4192-98c1-4c32b7bb7e3d" />
      <TestMethod codeBase="D:\v2.0\A1\_work\dbded102\bin\Release.AnyCPU\Tfs.Service\MS.TF.WorkItemTracking.Server.L0.Tests\MS.TF.WorkItemTracking.Server.L0.Tests.dll" adapterTypeName="Microsoft.VisualStudio.TestTools.TestTypes.Unit.UnitTestAdapter" className="MS.TF.WorkItemTracking.Server.L0.Tests.Metadata.WorkItemTrackingMetadataComponentTests+SearchConstantsRecordsTests" name="TestSearchConstantsRecords" />
    </UnitTest>
    <UnitTest name="TestSearchConstantsRecords_NullValues" storage="d:\v2.0\a1\_work\dbded102\bin\release.anycpu\tfs.service\ms.tf.workitemtracking.server.l0.tests\ms.tf.workitemtracking.server.l0.tests.dll" id="f871529c-8762-d4f5-1e12-e0f9ebe9676f">
      <Execution id="12d6592e-6ffb-4225-8cc9-58ebb57851ef" />
      <TestMethod codeBase="D:\v2.0\A1\_work\dbded102\bin\Release.AnyCPU\Tfs.Service\MS.TF.WorkItemTracking.Server.L0.Tests\MS.TF.WorkItemTracking.Server.L0.Tests.dll" adapterTypeName="Microsoft.VisualStudio.TestTools.TestTypes.Unit.UnitTestAdapter" className="MS.TF.WorkItemTracking.Server.L0.Tests.Metadata.WorkItemTrackingMetadataComponentTests+SearchConstantsRecordsTests" name="TestSearchConstantsRecords_NullValues" />
    </UnitTest>
    <UnitTest name="TestSearchConstantsRecords_EmptyArray" storage="d:\v2.0\a1\_work\dbded102\bin\release.anycpu\tfs.service\ms.tf.workitemtracking.server.l0.tests\ms.tf.workitemtracking.server.l0.tests.dll" id="b1e16c69-8dd4-e9fc-fa04-1c3f9ffa757c">
      <Execution id="7b64b225-781a-45fe-8a59-2de33d36c403" />
      <TestMethod codeBase="D:\v2.0\A1\_work\dbded102\bin\Release.AnyCPU\Tfs.Service\MS.TF.WorkItemTracking.Server.L0.Tests\MS.TF.WorkItemTracking.Server.L0.Tests.dll" adapterTypeName="Microsoft.VisualStudio.TestTools.TestTypes.Unit.UnitTestAdapter" className="MS.TF.WorkItemTracking.Server.L0.Tests.Metadata.WorkItemTrackingMetadataComponentTests+SearchConstantsRecordsTests" name="TestSearchConstantsRecords_EmptyArray" />
    </UnitTest>
    <UnitTest name="TestSearchConstantsRecords_NullValue" storage="d:\v2.0\a1\_work\dbded102\bin\release.anycpu\tfs.service\ms.tf.workitemtracking.server.l0.tests\ms.tf.workitemtracking.server.l0.tests.dll" id="f1a38b5a-0bff-3052-ee3a-91667c2ffd75">
      <Execution id="a87ae550-a5e1-4060-be87-295bd30ac259" />
      <TestMethod codeBase="D:\v2.0\A1\_work\dbded102\bin\Release.AnyCPU\Tfs.Service\MS.TF.WorkItemTracking.Server.L0.Tests\MS.TF.WorkItemTracking.Server.L0.Tests.dll" adapterTypeName="Microsoft.VisualStudio.TestTools.TestTypes.Unit.UnitTestAdapter" className="MS.TF.WorkItemTracking.Server.L0.Tests.Metadata.WorkItemTrackingMetadataComponentTests+SearchConstantsRecordsTests" name="TestSearchConstantsRecords_NullValue" />
    </UnitTest>
    <UnitTest name="TestGetAllClassificationNodes" storage="d:\v2.0\a1\_work\dbded102\bin\release.anycpu\tfs.service\ms.tf.workitemtracking.server.l0.tests\ms.tf.workitemtracking.server.l0.tests.dll" id="42c779cb-0ce6-4254-7fa1-8f7d58e21bc0">
      <Execution id="11c177ad-0f0d-48ad-bbd3-dd31df333b45" />
      <TestMethod codeBase="D:\v2.0\A1\_work\dbded102\bin\Release.AnyCPU\Tfs.Service\MS.TF.WorkItemTracking.Server.L0.Tests\MS.TF.WorkItemTracking.Server.L0.Tests.dll" adapterTypeName="Microsoft.VisualStudio.TestTools.TestTypes.Unit.UnitTestAdapter" className="MS.TF.WorkItemTracking.Server.L0.Tests.Metadata.ClassificationNodeComponentTests+GetAllClassificationNodesTests" name="TestGetAllClassificationNodes" />
    </UnitTest>
    <UnitTest name="TestGetChangedClassificationNodes" storage="d:\v2.0\a1\_work\dbded102\bin\release.anycpu\tfs.service\ms.tf.workitemtracking.server.l0.tests\ms.tf.workitemtracking.server.l0.tests.dll" id="21d4839b-d5c6-d3d8-71af-0964d170e6fb">
      <Execution id="cc616454-3b85-49d0-9a06-5bf6809265a7" />
      <TestMethod codeBase="D:\v2.0\A1\_work\dbded102\bin\Release.AnyCPU\Tfs.Service\MS.TF.WorkItemTracking.Server.L0.Tests\MS.TF.WorkItemTracking.Server.L0.Tests.dll" adapterTypeName="Microsoft.VisualStudio.TestTools.TestTypes.Unit.UnitTestAdapter" className="MS.TF.WorkItemTracking.Server.L0.Tests.Metadata.ClassificationNodeComponentTests+GetChangedClassificationNodesTests" name="TestGetChangedClassificationNodes" />
    </UnitTest>
    <UnitTest name="WillThrowWhenRequestContextIsNull" storage="d:\v2.0\a1\_work\dbded102\bin\release.anycpu\tfs.service\ms.tf.workitemtracking.server.l0.tests\ms.tf.workitemtracking.server.l0.tests.dll" id="a149e0e8-260a-76f9-79ec-a5d8dfa5c71e">
      <Execution id="947f7698-92f9-4900-9bc8-17dfca67c287" />
      <TestMethod codeBase="D:\v2.0\A1\_work\dbded102\bin\Release.AnyCPU\Tfs.Service\MS.TF.WorkItemTracking.Server.L0.Tests\MS.TF.WorkItemTracking.Server.L0.Tests.dll" adapterTypeName="Microsoft.VisualStudio.TestTools.TestTypes.Unit.UnitTestAdapter" className="MS.TF.WorkItemTracking.Server.L0.Tests.Identity.WorkItemIdentityServiceTests+ResolveIdentityFields" name="WillThrowWhenRequestContextIsNull" />
    </UnitTest>
    <UnitTest name="WillThrowWhenWorkItemUpdatesIsNull" storage="d:\v2.0\a1\_work\dbded102\bin\release.anycpu\tfs.service\ms.tf.workitemtracking.server.l0.tests\ms.tf.workitemtracking.server.l0.tests.dll" id="5cc6b34c-0f48-d982-6360-3d5024976b24">
      <Execution id="97a5879b-c0f1-4a37-848b-4ee74bee5803" />
      <TestMethod codeBase="D:\v2.0\A1\_work\dbded102\bin\Release.AnyCPU\Tfs.Service\MS.TF.WorkItemTracking.Server.L0.Tests\MS.TF.WorkItemTracking.Server.L0.Tests.dll" adapterTypeName="Microsoft.VisualStudio.TestTools.TestTypes.Unit.UnitTestAdapter" className="MS.TF.WorkItemTracking.Server.L0.Tests.Identity.WorkItemIdentityServiceTests+ResolveIdentityFields" name="WillThrowWhenWorkItemUpdatesIsNull" />
    </UnitTest>
    <UnitTest name="WillReturnUnchangedWhenNoChangesToIdentityFields" storage="d:\v2.0\a1\_work\dbded102\bin\release.anycpu\tfs.service\ms.tf.workitemtracking.server.l0.tests\ms.tf.workitemtracking.server.l0.tests.dll" id="01e0d978-68fe-25e4-eb20-833ae7eedf58">
      <Execution id="fa705c41-cdb0-463b-b6be-5d1df11cae31" />
      <TestMethod codeBase="D:\v2.0\A1\_work\dbded102\bin\Release.AnyCPU\Tfs.Service\MS.TF.WorkItemTracking.Server.L0.Tests\MS.TF.WorkItemTracking.Server.L0.Tests.dll" adapterTypeName="Microsoft.VisualStudio.TestTools.TestTypes.Unit.UnitTestAdapter" className="MS.TF.WorkItemTracking.Server.L0.Tests.Identity.WorkItemIdentityServiceTests+ResolveIdentityFields" name="WillReturnUnchangedWhenNoChangesToIdentityFields" />
    </UnitTest>
    <UnitTest name="WillCheckForIdentityFields" storage="d:\v2.0\a1\_work\dbded102\bin\release.anycpu\tfs.service\ms.tf.workitemtracking.server.l0.tests\ms.tf.workitemtracking.server.l0.tests.dll" id="a301ab80-0015-b191-d4c7-f701e538a79c">
      <Execution id="85072e9b-608d-4d34-bbf0-a8f886046e3e" />
      <TestMethod codeBase="D:\v2.0\A1\_work\dbded102\bin\Release.AnyCPU\Tfs.Service\MS.TF.WorkItemTracking.Server.L0.Tests\MS.TF.WorkItemTracking.Server.L0.Tests.dll" adapterTypeName="Microsoft.VisualStudio.TestTools.TestTypes.Unit.UnitTestAdapter" className="MS.TF.WorkItemTracking.Server.L0.Tests.Identity.WorkItemIdentityServiceTests+ResolveIdentityFields" name="WillCheckForIdentityFields" />
    </UnitTest>
    <UnitTest name="WillCreateAadUserAndUpdateTheFieldValue" storage="d:\v2.0\a1\_work\dbded102\bin\release.anycpu\tfs.service\ms.tf.workitemtracking.server.l0.tests\ms.tf.workitemtracking.server.l0.tests.dll" id="67b85733-16e2-1563-e855-e64361afff4c">
      <Execution id="69831c44-ee4a-4454-9741-289464537fd8" />
      <TestMethod codeBase="D:\v2.0\A1\_work\dbded102\bin\Release.AnyCPU\Tfs.Service\MS.TF.WorkItemTracking.Server.L0.Tests\MS.TF.WorkItemTracking.Server.L0.Tests.dll" adapterTypeName="Microsoft.VisualStudio.TestTools.TestTypes.Unit.UnitTestAdapter" className="MS.TF.WorkItemTracking.Server.L0.Tests.Identity.WorkItemIdentityServiceTests+ResolveIdentityFields" name="WillCreateAadUserAndUpdateTheFieldValue" />
    </UnitTest>
    <UnitTest name="WillAssumeAadIdentityIsUserIfNoTypeIsGiven" storage="d:\v2.0\a1\_work\dbded102\bin\release.anycpu\tfs.service\ms.tf.workitemtracking.server.l0.tests\ms.tf.workitemtracking.server.l0.tests.dll" id="09efb9b1-6131-37f6-7951-c6941a4927f6">
      <Execution id="45b9c61d-d628-47dd-8b8a-00bd13b02ffb" />
      <TestMethod codeBase="D:\v2.0\A1\_work\dbded102\bin\Release.AnyCPU\Tfs.Service\MS.TF.WorkItemTracking.Server.L0.Tests\MS.TF.WorkItemTracking.Server.L0.Tests.dll" adapterTypeName="Microsoft.VisualStudio.TestTools.TestTypes.Unit.UnitTestAdapter" className="MS.TF.WorkItemTracking.Server.L0.Tests.Identity.WorkItemIdentityServiceTests+ResolveIdentityFields" name="WillAssumeAadIdentityIsUserIfNoTypeIsGiven" />
    </UnitTest>
    <UnitTest name="WillTakeAmbiguousNamesInLegacyMode" storage="d:\v2.0\a1\_work\dbded102\bin\release.anycpu\tfs.service\ms.tf.workitemtracking.server.l0.tests\ms.tf.workitemtracking.server.l0.tests.dll" id="6f278810-b9ce-c865-02a7-2039c5854a94">
      <Execution id="8b372f09-64db-443d-ab3b-5675007e50a6" />
      <TestMethod codeBase="D:\v2.0\A1\_work\dbded102\bin\Release.AnyCPU\Tfs.Service\MS.TF.WorkItemTracking.Server.L0.Tests\MS.TF.WorkItemTracking.Server.L0.Tests.dll" adapterTypeName="Microsoft.VisualStudio.TestTools.TestTypes.Unit.UnitTestAdapter" className="MS.TF.WorkItemTracking.Server.L0.Tests.Identity.WorkItemIdentityServiceTests+ResolveIdentityFields" name="WillTakeAmbiguousNamesInLegacyMode" />
    </UnitTest>
    <UnitTest name="WillTakeAmbiguousNamesInLegacyModeEvenWhenNonIdentityExists" storage="d:\v2.0\a1\_work\dbded102\bin\release.anycpu\tfs.service\ms.tf.workitemtracking.server.l0.tests\ms.tf.workitemtracking.server.l0.tests.dll" id="754d66e2-a8c8-0ec7-d3e5-db887957775b">
      <Execution id="c80c4416-4bdc-46fc-b8a1-96b1da5e941b" />
      <TestMethod codeBase="D:\v2.0\A1\_work\dbded102\bin\Release.AnyCPU\Tfs.Service\MS.TF.WorkItemTracking.Server.L0.Tests\MS.TF.WorkItemTracking.Server.L0.Tests.dll" adapterTypeName="Microsoft.VisualStudio.TestTools.TestTypes.Unit.UnitTestAdapter" className="MS.TF.WorkItemTracking.Server.L0.Tests.Identity.WorkItemIdentityServiceTests+ResolveIdentityFields" name="WillTakeAmbiguousNamesInLegacyModeEvenWhenNonIdentityExists" />
    </UnitTest>
    <UnitTest name="WillChooseNonIdentityWhenTwoUsersAmbiguousAndNonIdentityPresent" storage="d:\v2.0\a1\_work\dbded102\bin\release.anycpu\tfs.service\ms.tf.workitemtracking.server.l0.tests\ms.tf.workitemtracking.server.l0.tests.dll" id="51a5b61a-5bf6-c41c-31b2-6cdaa38c6b5f">
      <Execution id="33b75e21-7a01-4c3c-88bf-1e5b429b9b13" />
      <TestMethod codeBase="D:\v2.0\A1\_work\dbded102\bin\Release.AnyCPU\Tfs.Service\MS.TF.WorkItemTracking.Server.L0.Tests\MS.TF.WorkItemTracking.Server.L0.Tests.dll" adapterTypeName="Microsoft.VisualStudio.TestTools.TestTypes.Unit.UnitTestAdapter" className="MS.TF.WorkItemTracking.Server.L0.Tests.Identity.WorkItemIdentityServiceTests+ResolveIdentityFields" name="WillChooseNonIdentityWhenTwoUsersAmbiguousAndNonIdentityPresent" />
    </UnitTest>
    <UnitTest name="WillChooseNonIdentityWhenTwoUsersAmbiguousAndNonIdentityPresentAndNotInLegacyMode" storage="d:\v2.0\a1\_work\dbded102\bin\release.anycpu\tfs.service\ms.tf.workitemtracking.server.l0.tests\ms.tf.workitemtracking.server.l0.tests.dll" id="f4df928e-8d0f-8ab7-dd53-2c32ce67e0ce">
      <Execution id="ca357491-f91c-43bc-8037-af13c384e168" />
      <TestMethod codeBase="D:\v2.0\A1\_work\dbded102\bin\Release.AnyCPU\Tfs.Service\MS.TF.WorkItemTracking.Server.L0.Tests\MS.TF.WorkItemTracking.Server.L0.Tests.dll" adapterTypeName="Microsoft.VisualStudio.TestTools.TestTypes.Unit.UnitTestAdapter" className="MS.TF.WorkItemTracking.Server.L0.Tests.Identity.WorkItemIdentityServiceTests+ResolveIdentityFields" name="WillChooseNonIdentityWhenTwoUsersAmbiguousAndNonIdentityPresentAndNotInLegacyMode" />
    </UnitTest>
    <UnitTest name="WillCreateAadGroupAndUpdateTheFieldValue" storage="d:\v2.0\a1\_work\dbded102\bin\release.anycpu\tfs.service\ms.tf.workitemtracking.server.l0.tests\ms.tf.workitemtracking.server.l0.tests.dll" id="266b40f4-ba7c-afbe-d007-28c1cfdfc02a">
      <Execution id="3b9f6410-955f-453c-aa8e-1d3ebbc396ce" />
      <TestMethod codeBase="D:\v2.0\A1\_work\dbded102\bin\Release.AnyCPU\Tfs.Service\MS.TF.WorkItemTracking.Server.L0.Tests\MS.TF.WorkItemTracking.Server.L0.Tests.dll" adapterTypeName="Microsoft.VisualStudio.TestTools.TestTypes.Unit.UnitTestAdapter" className="MS.TF.WorkItemTracking.Server.L0.Tests.Identity.WorkItemIdentityServiceTests+ResolveIdentityFields" name="WillCreateAadGroupAndUpdateTheFieldValue" />
    </UnitTest>
    <UnitTest name="WillHandleMissingAadIdentity" storage="d:\v2.0\a1\_work\dbded102\bin\release.anycpu\tfs.service\ms.tf.workitemtracking.server.l0.tests\ms.tf.workitemtracking.server.l0.tests.dll" id="8131f072-f9a8-e000-ebd1-eccea0adf39a">
      <Execution id="77c98c46-2cdb-4f02-886e-fd12ca5a82a7" />
      <TestMethod codeBase="D:\v2.0\A1\_work\dbded102\bin\Release.AnyCPU\Tfs.Service\MS.TF.WorkItemTracking.Server.L0.Tests\MS.TF.WorkItemTracking.Server.L0.Tests.dll" adapterTypeName="Microsoft.VisualStudio.TestTools.TestTypes.Unit.UnitTestAdapter" className="MS.TF.WorkItemTracking.Server.L0.Tests.Identity.WorkItemIdentityServiceTests+ResolveIdentityFields" name="WillHandleMissingAadIdentity" />
    </UnitTest>
    <UnitTest name="WillThrowNotInScopeExceptionWhenAadIdentityIsNotInScope" storage="d:\v2.0\a1\_work\dbded102\bin\release.anycpu\tfs.service\ms.tf.workitemtracking.server.l0.tests\ms.tf.workitemtracking.server.l0.tests.dll" id="7b19e56c-e15e-3f0c-dbdc-8eb450cb199d">
      <Execution id="e7206f17-dd9f-431d-9656-01a06bb416b3" />
      <TestMethod codeBase="D:\v2.0\A1\_work\dbded102\bin\Release.AnyCPU\Tfs.Service\MS.TF.WorkItemTracking.Server.L0.Tests\MS.TF.WorkItemTracking.Server.L0.Tests.dll" adapterTypeName="Microsoft.VisualStudio.TestTools.TestTypes.Unit.UnitTestAdapter" className="MS.TF.WorkItemTracking.Server.L0.Tests.Identity.WorkItemIdentityServiceTests+ResolveIdentityFields" name="WillThrowNotInScopeExceptionWhenAadIdentityIsNotInScope" />
    </UnitTest>
    <UnitTest name="WillAllowEmptyOrNullIdentityFieldValues" storage="d:\v2.0\a1\_work\dbded102\bin\release.anycpu\tfs.service\ms.tf.workitemtracking.server.l0.tests\ms.tf.workitemtracking.server.l0.tests.dll" id="6173f37a-ab16-7bcc-2195-0bf0aad547fa">
      <Execution id="7653ea0a-99b4-4347-9039-34465fb60376" />
      <TestMethod codeBase="D:\v2.0\A1\_work\dbded102\bin\Release.AnyCPU\Tfs.Service\MS.TF.WorkItemTracking.Server.L0.Tests\MS.TF.WorkItemTracking.Server.L0.Tests.dll" adapterTypeName="Microsoft.VisualStudio.TestTools.TestTypes.Unit.UnitTestAdapter" className="MS.TF.WorkItemTracking.Server.L0.Tests.Identity.WorkItemIdentityServiceTests+ResolveIdentityNames" name="WillAllowEmptyOrNullIdentityFieldValues" />
    </UnitTest>
    <UnitTest name="WillReturnAllResultsAsUnknown" storage="d:\v2.0\a1\_work\dbded102\bin\release.anycpu\tfs.service\ms.tf.workitemtracking.server.l0.tests\ms.tf.workitemtracking.server.l0.tests.dll" id="384777e5-5f31-001e-55d6-2985205162da">
      <Execution id="822db482-7fb5-463c-8a49-3fbc4f456632" />
      <TestMethod codeBase="D:\v2.0\A1\_work\dbded102\bin\Release.AnyCPU\Tfs.Service\MS.TF.WorkItemTracking.Server.L0.Tests\MS.TF.WorkItemTracking.Server.L0.Tests.dll" adapterTypeName="Microsoft.VisualStudio.TestTools.TestTypes.Unit.UnitTestAdapter" className="MS.TF.WorkItemTracking.Server.L0.Tests.Identity.WorkItemIdentityServiceTests+ResolveIdentityNames" name="WillReturnAllResultsAsUnknown" />
    </UnitTest>
    <UnitTest name="WillAllowAnyValueIfRulesBypassed" storage="d:\v2.0\a1\_work\dbded102\bin\release.anycpu\tfs.service\ms.tf.workitemtracking.server.l0.tests\ms.tf.workitemtracking.server.l0.tests.dll" id="44096829-6fad-80eb-7955-eeca1e16e973">
      <Execution id="31fb46f7-384d-4dc6-933e-06c25f68738d" />
      <TestMethod codeBase="D:\v2.0\A1\_work\dbded102\bin\Release.AnyCPU\Tfs.Service\MS.TF.WorkItemTracking.Server.L0.Tests\MS.TF.WorkItemTracking.Server.L0.Tests.dll" adapterTypeName="Microsoft.VisualStudio.TestTools.TestTypes.Unit.UnitTestAdapter" className="MS.TF.WorkItemTracking.Server.L0.Tests.Identity.WorkItemIdentityServiceTests+ResolveIdentityNames" name="WillAllowAnyValueIfRulesBypassed" />
    </UnitTest>
    <UnitTest name="WillReturnSingleIdentityIfPerfectMatch" storage="d:\v2.0\a1\_work\dbded102\bin\release.anycpu\tfs.service\ms.tf.workitemtracking.server.l0.tests\ms.tf.workitemtracking.server.l0.tests.dll" id="5e83665a-8c6e-245e-94da-61f8c7b2ab31">
      <Execution id="1cbc06f8-f1b7-4357-ba7a-5592426661f5" />
      <TestMethod codeBase="D:\v2.0\A1\_work\dbded102\bin\Release.AnyCPU\Tfs.Service\MS.TF.WorkItemTracking.Server.L0.Tests\MS.TF.WorkItemTracking.Server.L0.Tests.dll" adapterTypeName="Microsoft.VisualStudio.TestTools.TestTypes.Unit.UnitTestAdapter" className="MS.TF.WorkItemTracking.Server.L0.Tests.Identity.WorkItemIdentityServiceTests+ResolveIdentityNames" name="WillReturnSingleIdentityIfPerfectMatch" />
    </UnitTest>
    <UnitTest name="WillReturnIdentityWhenBypassRulesAndMatchingNonIdentityDisplayName" storage="d:\v2.0\a1\_work\dbded102\bin\release.anycpu\tfs.service\ms.tf.workitemtracking.server.l0.tests\ms.tf.workitemtracking.server.l0.tests.dll" id="977b7339-be42-0937-a1c4-ca627ce7d86c">
      <Execution id="2b3909d0-e9f5-4b7f-9b65-b31abd49f845" />
      <TestMethod codeBase="D:\v2.0\A1\_work\dbded102\bin\Release.AnyCPU\Tfs.Service\MS.TF.WorkItemTracking.Server.L0.Tests\MS.TF.WorkItemTracking.Server.L0.Tests.dll" adapterTypeName="Microsoft.VisualStudio.TestTools.TestTypes.Unit.UnitTestAdapter" className="MS.TF.WorkItemTracking.Server.L0.Tests.Identity.WorkItemIdentityServiceTests+ResolveIdentityNames" name="WillReturnIdentityWhenBypassRulesAndMatchingNonIdentityDisplayName" />
    </UnitTest>
    <UnitTest name="WillReturnSingleNonIdentityForWorkItemSaveWithDisplayName" storage="d:\v2.0\a1\_work\dbded102\bin\release.anycpu\tfs.service\ms.tf.workitemtracking.server.l0.tests\ms.tf.workitemtracking.server.l0.tests.dll" id="cfee9279-6a0d-9d06-1656-b490faccf5cd">
      <Execution id="22cbe81f-54c9-4495-a77e-8dde6f1a936d" />
      <TestMethod codeBase="D:\v2.0\A1\_work\dbded102\bin\Release.AnyCPU\Tfs.Service\MS.TF.WorkItemTracking.Server.L0.Tests\MS.TF.WorkItemTracking.Server.L0.Tests.dll" adapterTypeName="Microsoft.VisualStudio.TestTools.TestTypes.Unit.UnitTestAdapter" className="MS.TF.WorkItemTracking.Server.L0.Tests.Identity.WorkItemIdentityServiceTests+ResolveIdentityNames" name="WillReturnSingleNonIdentityForWorkItemSaveWithDisplayName" />
    </UnitTest>
    <UnitTest name="WillReturnAmbiguousNamesForWorkItemQueryWithDisplayName" storage="d:\v2.0\a1\_work\dbded102\bin\release.anycpu\tfs.service\ms.tf.workitemtracking.server.l0.tests\ms.tf.workitemtracking.server.l0.tests.dll" id="81b530e1-ac80-126f-679f-b98c7a9a33cc">
      <Execution id="cbcd1889-ae71-4983-a68b-4d034e77764c" />
      <TestMethod codeBase="D:\v2.0\A1\_work\dbded102\bin\Release.AnyCPU\Tfs.Service\MS.TF.WorkItemTracking.Server.L0.Tests\MS.TF.WorkItemTracking.Server.L0.Tests.dll" adapterTypeName="Microsoft.VisualStudio.TestTools.TestTypes.Unit.UnitTestAdapter" className="MS.TF.WorkItemTracking.Server.L0.Tests.Identity.WorkItemIdentityServiceTests+ResolveIdentityNames" name="WillReturnAmbiguousNamesForWorkItemQueryWithDisplayName" />
    </UnitTest>
    <UnitTest name="Will_merge_control_added_to_delta_into_matching_base_group" storage="d:\v2.0\a1\_work\dbded102\bin\release.anycpu\tfs.service\ms.tf.workitemtracking.server.l0.tests\ms.tf.workitemtracking.server.l0.tests.dll" id="9142b19c-7eb2-f861-b62b-eb7a2609894e">
      <Execution id="fec0455c-0fc3-4f80-9ad4-1ca020b0c819" />
      <TestMethod codeBase="D:\v2.0\A1\_work\dbded102\bin\Release.AnyCPU\Tfs.Service\MS.TF.WorkItemTracking.Server.L0.Tests\MS.TF.WorkItemTracking.Server.L0.Tests.dll" adapterTypeName="Microsoft.VisualStudio.TestTools.TestTypes.Unit.UnitTestAdapter" className="MS.TF.WorkItemTracking.Server.L0.Tests.FormTransforms.LayoutOperationTests+BuildCombinedLayout" name="Will_merge_control_added_to_delta_into_matching_base_group" />
    </UnitTest>
    <UnitTest name="Will_merge_control_added_to_delta_into_matching_base_control" storage="d:\v2.0\a1\_work\dbded102\bin\release.anycpu\tfs.service\ms.tf.workitemtracking.server.l0.tests\ms.tf.workitemtracking.server.l0.tests.dll" id="7e2cae64-6d97-5b81-a447-fecf060831aa">
      <Execution id="09073968-fe9c-460b-bd13-5e5e53b06851" />
      <TestMethod codeBase="D:\v2.0\A1\_work\dbded102\bin\Release.AnyCPU\Tfs.Service\MS.TF.WorkItemTracking.Server.L0.Tests\MS.TF.WorkItemTracking.Server.L0.Tests.dll" adapterTypeName="Microsoft.VisualStudio.TestTools.TestTypes.Unit.UnitTestAdapter" className="MS.TF.WorkItemTracking.Server.L0.Tests.FormTransforms.LayoutOperationTests+BuildCombinedLayout" name="Will_merge_control_added_to_delta_into_matching_base_control" />
    </UnitTest>
    <UnitTest name="Will_merge_control_added_to_delta_into_matching_base_control_excluding_extra_properties" storage="d:\v2.0\a1\_work\dbded102\bin\release.anycpu\tfs.service\ms.tf.workitemtracking.server.l0.tests\ms.tf.workitemtracking.server.l0.tests.dll" id="628ed6da-8a53-bbbd-f6db-a88ba1fdc085">
      <Execution id="f10c6b17-da5c-48f3-8f81-2c728e0036b9" />
      <TestMethod codeBase="D:\v2.0\A1\_work\dbded102\bin\Release.AnyCPU\Tfs.Service\MS.TF.WorkItemTracking.Server.L0.Tests\MS.TF.WorkItemTracking.Server.L0.Tests.dll" adapterTypeName="Microsoft.VisualStudio.TestTools.TestTypes.Unit.UnitTestAdapter" className="MS.TF.WorkItemTracking.Server.L0.Tests.FormTransforms.LayoutOperationTests+BuildCombinedLayout" name="Will_merge_control_added_to_delta_into_matching_base_control_excluding_extra_properties" />
    </UnitTest>
    <UnitTest name="Will_ignore_missing_groups_from_inherit_section" storage="d:\v2.0\a1\_work\dbded102\bin\release.anycpu\tfs.service\ms.tf.workitemtracking.server.l0.tests\ms.tf.workitemtracking.server.l0.tests.dll" id="401f0b7c-f1aa-a06e-6b0c-51ebd7388750">
      <Execution id="93f2c3f1-a96d-4c9e-85b7-2cade34540b4" />
      <TestMethod codeBase="D:\v2.0\A1\_work\dbded102\bin\Release.AnyCPU\Tfs.Service\MS.TF.WorkItemTracking.Server.L0.Tests\MS.TF.WorkItemTracking.Server.L0.Tests.dll" adapterTypeName="Microsoft.VisualStudio.TestTools.TestTypes.Unit.UnitTestAdapter" className="MS.TF.WorkItemTracking.Server.L0.Tests.FormTransforms.LayoutOperationTests+BuildCombinedLayout" name="Will_ignore_missing_groups_from_inherit_section" />
    </UnitTest>
    <UnitTest name="Will_not_add_duplicate_control_ids" storage="d:\v2.0\a1\_work\dbded102\bin\release.anycpu\tfs.service\ms.tf.workitemtracking.server.l0.tests\ms.tf.workitemtracking.server.l0.tests.dll" id="ee29e6a6-5b6d-a78e-96d8-ae326e747a01">
      <Execution id="7fca1c61-681d-42ab-8c30-e27bb4d29d73" />
      <TestMethod codeBase="D:\v2.0\A1\_work\dbded102\bin\Release.AnyCPU\Tfs.Service\MS.TF.WorkItemTracking.Server.L0.Tests\MS.TF.WorkItemTracking.Server.L0.Tests.dll" adapterTypeName="Microsoft.VisualStudio.TestTools.TestTypes.Unit.UnitTestAdapter" className="MS.TF.WorkItemTracking.Server.L0.Tests.FormTransforms.LayoutOperationTests+BuildCombinedLayout" name="Will_not_add_duplicate_control_ids" />
    </UnitTest>
    <UnitTest name="Will_not_throw_if_layout_is_empty" storage="d:\v2.0\a1\_work\dbded102\bin\release.anycpu\tfs.service\ms.tf.workitemtracking.server.l0.tests\ms.tf.workitemtracking.server.l0.tests.dll" id="a6e0f597-5da2-79e5-8074-07a8c3617d82">
      <Execution id="9232880b-feb9-4463-bb1a-d7832b28c7ca" />
      <TestMethod codeBase="D:\v2.0\A1\_work\dbded102\bin\Release.AnyCPU\Tfs.Service\MS.TF.WorkItemTracking.Server.L0.Tests\MS.TF.WorkItemTracking.Server.L0.Tests.dll" adapterTypeName="Microsoft.VisualStudio.TestTools.TestTypes.Unit.UnitTestAdapter" className="MS.TF.WorkItemTracking.Server.L0.Tests.FormTransforms.LayoutOperationTests+BuildCombinedLayout" name="Will_not_throw_if_layout_is_empty" />
    </UnitTest>
    <UnitTest name="Will_not_throw_if_there_are_no_groups_in_inherit_section" storage="d:\v2.0\a1\_work\dbded102\bin\release.anycpu\tfs.service\ms.tf.workitemtracking.server.l0.tests\ms.tf.workitemtracking.server.l0.tests.dll" id="9d733459-6478-dd15-5461-a9714b168ac6">
      <Execution id="39f2d6d7-1ad7-4cad-94c4-e78a0f094676" />
      <TestMethod codeBase="D:\v2.0\A1\_work\dbded102\bin\Release.AnyCPU\Tfs.Service\MS.TF.WorkItemTracking.Server.L0.Tests\MS.TF.WorkItemTracking.Server.L0.Tests.dll" adapterTypeName="Microsoft.VisualStudio.TestTools.TestTypes.Unit.UnitTestAdapter" className="MS.TF.WorkItemTracking.Server.L0.Tests.FormTransforms.LayoutOperationTests+BuildCombinedLayout" name="Will_not_throw_if_there_are_no_groups_in_inherit_section" />
    </UnitTest>
    <UnitTest name="Will_add_control_to_group_in_empty_layout" storage="d:\v2.0\a1\_work\dbded102\bin\release.anycpu\tfs.service\ms.tf.workitemtracking.server.l0.tests\ms.tf.workitemtracking.server.l0.tests.dll" id="ee9b62d4-2ab2-084c-03a7-bcf969210d71">
      <Execution id="a0f2983f-bfac-49d2-b173-28ca9bfae1e5" />
      <TestMethod codeBase="D:\v2.0\A1\_work\dbded102\bin\Release.AnyCPU\Tfs.Service\MS.TF.WorkItemTracking.Server.L0.Tests\MS.TF.WorkItemTracking.Server.L0.Tests.dll" adapterTypeName="Microsoft.VisualStudio.TestTools.TestTypes.Unit.UnitTestAdapter" className="MS.TF.WorkItemTracking.Server.L0.Tests.FormTransforms.LayoutOperationTests+PutControlInExistingGroup" name="Will_add_control_to_group_in_empty_layout" />
    </UnitTest>
    <UnitTest name="Will_add_control_to_existing_group_in_base_layout" storage="d:\v2.0\a1\_work\dbded102\bin\release.anycpu\tfs.service\ms.tf.workitemtracking.server.l0.tests\ms.tf.workitemtracking.server.l0.tests.dll" id="7de57b99-7365-f031-4575-26b5637c8e31">
      <Execution id="a27a077c-bf38-41da-ada5-3fc1735ab37b" />
      <TestMethod codeBase="D:\v2.0\A1\_work\dbded102\bin\Release.AnyCPU\Tfs.Service\MS.TF.WorkItemTracking.Server.L0.Tests\MS.TF.WorkItemTracking.Server.L0.Tests.dll" adapterTypeName="Microsoft.VisualStudio.TestTools.TestTypes.Unit.UnitTestAdapter" className="MS.TF.WorkItemTracking.Server.L0.Tests.FormTransforms.LayoutOperationTests+PutControlInExistingGroup" name="Will_add_control_to_existing_group_in_base_layout" />
    </UnitTest>
    <UnitTest name="Will_add_control_to_existing_group_in_delta_layout" storage="d:\v2.0\a1\_work\dbded102\bin\release.anycpu\tfs.service\ms.tf.workitemtracking.server.l0.tests\ms.tf.workitemtracking.server.l0.tests.dll" id="0b01ada9-ee7e-471d-ed0d-a6afb2af7771">
      <Execution id="f76e9917-bb0f-4fd6-bc04-5d02e606f44e" />
      <TestMethod codeBase="D:\v2.0\A1\_work\dbded102\bin\Release.AnyCPU\Tfs.Service\MS.TF.WorkItemTracking.Server.L0.Tests\MS.TF.WorkItemTracking.Server.L0.Tests.dll" adapterTypeName="Microsoft.VisualStudio.TestTools.TestTypes.Unit.UnitTestAdapter" className="MS.TF.WorkItemTracking.Server.L0.Tests.FormTransforms.LayoutOperationTests+PutControlInExistingGroup" name="Will_add_control_to_existing_group_in_delta_layout" />
    </UnitTest>
    <UnitTest name="Will_throw_if_targeted_group_does_not_exist" storage="d:\v2.0\a1\_work\dbded102\bin\release.anycpu\tfs.service\ms.tf.workitemtracking.server.l0.tests\ms.tf.workitemtracking.server.l0.tests.dll" id="65e83944-fb34-2e6f-d851-db67af07d0fe">
      <Execution id="98638fb4-d9cf-413b-9f61-7b681afcbea8" />
      <TestMethod codeBase="D:\v2.0\A1\_work\dbded102\bin\Release.AnyCPU\Tfs.Service\MS.TF.WorkItemTracking.Server.L0.Tests\MS.TF.WorkItemTracking.Server.L0.Tests.dll" adapterTypeName="Microsoft.VisualStudio.TestTools.TestTypes.Unit.UnitTestAdapter" className="MS.TF.WorkItemTracking.Server.L0.Tests.FormTransforms.LayoutOperationTests+PutControlInExistingGroup" name="Will_throw_if_targeted_group_does_not_exist" />
    </UnitTest>
    <UnitTest name="Will_add_duplicate_if_control_exists_in_base" storage="d:\v2.0\a1\_work\dbded102\bin\release.anycpu\tfs.service\ms.tf.workitemtracking.server.l0.tests\ms.tf.workitemtracking.server.l0.tests.dll" id="372e6acf-96bb-ff93-7d2a-e6b8e9f75867">
      <Execution id="9ef81025-2b34-46ed-888b-31d71fe41c35" />
      <TestMethod codeBase="D:\v2.0\A1\_work\dbded102\bin\Release.AnyCPU\Tfs.Service\MS.TF.WorkItemTracking.Server.L0.Tests\MS.TF.WorkItemTracking.Server.L0.Tests.dll" adapterTypeName="Microsoft.VisualStudio.TestTools.TestTypes.Unit.UnitTestAdapter" className="MS.TF.WorkItemTracking.Server.L0.Tests.FormTransforms.LayoutOperationTests+PutControlInExistingGroup" name="Will_add_duplicate_if_control_exists_in_base" />
    </UnitTest>
    <UnitTest name="Will_not_add_duplicate_if_control_exists_in_delta" storage="d:\v2.0\a1\_work\dbded102\bin\release.anycpu\tfs.service\ms.tf.workitemtracking.server.l0.tests\ms.tf.workitemtracking.server.l0.tests.dll" id="d89fd21d-66f2-bb9f-0df1-1e7188a1d1c6">
      <Execution id="406fe8f0-d13e-4006-b63f-c0c0d54b749d" />
      <TestMethod codeBase="D:\v2.0\A1\_work\dbded102\bin\Release.AnyCPU\Tfs.Service\MS.TF.WorkItemTracking.Server.L0.Tests\MS.TF.WorkItemTracking.Server.L0.Tests.dll" adapterTypeName="Microsoft.VisualStudio.TestTools.TestTypes.Unit.UnitTestAdapter" className="MS.TF.WorkItemTracking.Server.L0.Tests.FormTransforms.LayoutOperationTests+PutControlInExistingGroup" name="Will_not_add_duplicate_if_control_exists_in_delta" />
    </UnitTest>
    <UnitTest name="Will_remove_control_from_group" storage="d:\v2.0\a1\_work\dbded102\bin\release.anycpu\tfs.service\ms.tf.workitemtracking.server.l0.tests\ms.tf.workitemtracking.server.l0.tests.dll" id="ef5a69b1-f4e2-2e73-aa26-9b26985d16c5">
      <Execution id="10469975-47c2-4d25-aee7-6fb716f4c392" />
      <TestMethod codeBase="D:\v2.0\A1\_work\dbded102\bin\Release.AnyCPU\Tfs.Service\MS.TF.WorkItemTracking.Server.L0.Tests\MS.TF.WorkItemTracking.Server.L0.Tests.dll" adapterTypeName="Microsoft.VisualStudio.TestTools.TestTypes.Unit.UnitTestAdapter" className="MS.TF.WorkItemTracking.Server.L0.Tests.FormTransforms.LayoutOperationTests+RemoveControlFromGroup" name="Will_remove_control_from_group" />
    </UnitTest>
    <UnitTest name="Will_not_throw_if_removed_controls_control_is_not_found" storage="d:\v2.0\a1\_work\dbded102\bin\release.anycpu\tfs.service\ms.tf.workitemtracking.server.l0.tests\ms.tf.workitemtracking.server.l0.tests.dll" id="f98d9b95-4e21-ce77-cbdc-258015053cc4">
      <Execution id="0ce9cda0-a3a1-4a2c-a8dc-b192a2744a51" />
      <TestMethod codeBase="D:\v2.0\A1\_work\dbded102\bin\Release.AnyCPU\Tfs.Service\MS.TF.WorkItemTracking.Server.L0.Tests\MS.TF.WorkItemTracking.Server.L0.Tests.dll" adapterTypeName="Microsoft.VisualStudio.TestTools.TestTypes.Unit.UnitTestAdapter" className="MS.TF.WorkItemTracking.Server.L0.Tests.FormTransforms.LayoutOperationTests+RemoveControlFromGroup" name="Will_not_throw_if_removed_controls_control_is_not_found" />
    </UnitTest>
    <UnitTest name="Will_not_throw_if_removed_last_control" storage="d:\v2.0\a1\_work\dbded102\bin\release.anycpu\tfs.service\ms.tf.workitemtracking.server.l0.tests\ms.tf.workitemtracking.server.l0.tests.dll" id="9429f3b6-72c9-4180-fcf7-8ed8592c6876">
      <Execution id="85c65e77-f9ca-4a5e-a6d2-4a45ecaf2359" />
      <TestMethod codeBase="D:\v2.0\A1\_work\dbded102\bin\Release.AnyCPU\Tfs.Service\MS.TF.WorkItemTracking.Server.L0.Tests\MS.TF.WorkItemTracking.Server.L0.Tests.dll" adapterTypeName="Microsoft.VisualStudio.TestTools.TestTypes.Unit.UnitTestAdapter" className="MS.TF.WorkItemTracking.Server.L0.Tests.FormTransforms.LayoutOperationTests+RemoveControlFromGroup" name="Will_not_throw_if_removed_last_control" />
    </UnitTest>
    <UnitTest name="Will_throw_if_removed_controls_group_is_not_found" storage="d:\v2.0\a1\_work\dbded102\bin\release.anycpu\tfs.service\ms.tf.workitemtracking.server.l0.tests\ms.tf.workitemtracking.server.l0.tests.dll" id="693b007b-c892-0a56-d6ba-9b1c46edd851">
      <Execution id="803203da-d737-457e-9457-1e12d3501721" />
      <TestMethod codeBase="D:\v2.0\A1\_work\dbded102\bin\Release.AnyCPU\Tfs.Service\MS.TF.WorkItemTracking.Server.L0.Tests\MS.TF.WorkItemTracking.Server.L0.Tests.dll" adapterTypeName="Microsoft.VisualStudio.TestTools.TestTypes.Unit.UnitTestAdapter" className="MS.TF.WorkItemTracking.Server.L0.Tests.FormTransforms.LayoutOperationTests+RemoveControlFromGroup" name="Will_throw_if_removed_controls_group_is_not_found" />
    </UnitTest>
    <UnitTest name="Will_remove_control_from_layout" storage="d:\v2.0\a1\_work\dbded102\bin\release.anycpu\tfs.service\ms.tf.workitemtracking.server.l0.tests\ms.tf.workitemtracking.server.l0.tests.dll" id="b22bc0bd-0d14-dcef-1136-f6defb995ca3">
      <Execution id="986479f9-6950-42f1-9293-c8c2ba5e0db8" />
      <TestMethod codeBase="D:\v2.0\A1\_work\dbded102\bin\Release.AnyCPU\Tfs.Service\MS.TF.WorkItemTracking.Server.L0.Tests\MS.TF.WorkItemTracking.Server.L0.Tests.dll" adapterTypeName="Microsoft.VisualStudio.TestTools.TestTypes.Unit.UnitTestAdapter" className="MS.TF.WorkItemTracking.Server.L0.Tests.FormTransforms.LayoutOperationTests+RemoveControlFromLayout" name="Will_remove_control_from_layout" />
    </UnitTest>
    <UnitTest name="Will_remove_control_from_layout_multiple_occurences" storage="d:\v2.0\a1\_work\dbded102\bin\release.anycpu\tfs.service\ms.tf.workitemtracking.server.l0.tests\ms.tf.workitemtracking.server.l0.tests.dll" id="b9a37c6d-3533-5f60-6626-bff3c6c63794">
      <Execution id="33315c90-f1d4-4686-8db0-c82ff7913d26" />
      <TestMethod codeBase="D:\v2.0\A1\_work\dbded102\bin\Release.AnyCPU\Tfs.Service\MS.TF.WorkItemTracking.Server.L0.Tests\MS.TF.WorkItemTracking.Server.L0.Tests.dll" adapterTypeName="Microsoft.VisualStudio.TestTools.TestTypes.Unit.UnitTestAdapter" className="MS.TF.WorkItemTracking.Server.L0.Tests.FormTransforms.LayoutOperationTests+RemoveControlFromLayout" name="Will_remove_control_from_layout_multiple_occurences" />
    </UnitTest>
    <UnitTest name="Will_not_throw_if_removed_controls_control_is_not_found" storage="d:\v2.0\a1\_work\dbded102\bin\release.anycpu\tfs.service\ms.tf.workitemtracking.server.l0.tests\ms.tf.workitemtracking.server.l0.tests.dll" id="66e9b047-8b1e-eea5-e2b9-6bdb3ba0ecb2">
      <Execution id="df661bc6-2463-454d-b383-5d43224e631c" />
      <TestMethod codeBase="D:\v2.0\A1\_work\dbded102\bin\Release.AnyCPU\Tfs.Service\MS.TF.WorkItemTracking.Server.L0.Tests\MS.TF.WorkItemTracking.Server.L0.Tests.dll" adapterTypeName="Microsoft.VisualStudio.TestTools.TestTypes.Unit.UnitTestAdapter" className="MS.TF.WorkItemTracking.Server.L0.Tests.FormTransforms.LayoutOperationTests+RemoveControlFromLayout" name="Will_not_throw_if_removed_controls_control_is_not_found" />
    </UnitTest>
    <UnitTest name="Will_not_throw_if_removed_last_control" storage="d:\v2.0\a1\_work\dbded102\bin\release.anycpu\tfs.service\ms.tf.workitemtracking.server.l0.tests\ms.tf.workitemtracking.server.l0.tests.dll" id="446db3d9-cf94-b303-1760-a584f0dab5ed">
      <Execution id="b38e8359-4329-40ae-9358-1a4a1a36fd6b" />
      <TestMethod codeBase="D:\v2.0\A1\_work\dbded102\bin\Release.AnyCPU\Tfs.Service\MS.TF.WorkItemTracking.Server.L0.Tests\MS.TF.WorkItemTracking.Server.L0.Tests.dll" adapterTypeName="Microsoft.VisualStudio.TestTools.TestTypes.Unit.UnitTestAdapter" className="MS.TF.WorkItemTracking.Server.L0.Tests.FormTransforms.LayoutOperationTests+RemoveControlFromLayout" name="Will_not_throw_if_removed_last_control" />
    </UnitTest>
    <UnitTest name="Will_find_all_descendants" storage="d:\v2.0\a1\_work\dbded102\bin\release.anycpu\tfs.service\ms.tf.workitemtracking.server.l0.tests\ms.tf.workitemtracking.server.l0.tests.dll" id="b616451d-dcff-9381-17b5-33e16fe5d05b">
      <Execution id="ab708fa7-5826-4c3b-b8aa-948771495dca" />
      <TestMethod codeBase="D:\v2.0\A1\_work\dbded102\bin\Release.AnyCPU\Tfs.Service\MS.TF.WorkItemTracking.Server.L0.Tests\MS.TF.WorkItemTracking.Server.L0.Tests.dll" adapterTypeName="Microsoft.VisualStudio.TestTools.TestTypes.Unit.UnitTestAdapter" className="MS.TF.WorkItemTracking.Server.L0.Tests.FormLayout.LayoutNodeTests+GetDescendants" name="Will_find_all_descendants" />
    </UnitTest>
    <UnitTest name="Will_find_descendants_by_type" storage="d:\v2.0\a1\_work\dbded102\bin\release.anycpu\tfs.service\ms.tf.workitemtracking.server.l0.tests\ms.tf.workitemtracking.server.l0.tests.dll" id="8fe745aa-41b0-2858-90a8-18359801d068">
      <Execution id="b0c52114-25e4-483f-8c68-0171308780cc" />
      <TestMethod codeBase="D:\v2.0\A1\_work\dbded102\bin\Release.AnyCPU\Tfs.Service\MS.TF.WorkItemTracking.Server.L0.Tests\MS.TF.WorkItemTracking.Server.L0.Tests.dll" adapterTypeName="Microsoft.VisualStudio.TestTools.TestTypes.Unit.UnitTestAdapter" className="MS.TF.WorkItemTracking.Server.L0.Tests.FormLayout.LayoutNodeTests+GetDescendants" name="Will_find_descendants_by_type" />
    </UnitTest>
    <UnitTest name="ControlClonesAllMembers" storage="d:\v2.0\a1\_work\dbded102\bin\release.anycpu\tfs.service\ms.tf.workitemtracking.server.l0.tests\ms.tf.workitemtracking.server.l0.tests.dll" id="68a2599c-4eff-de8d-8ebc-17d72a372d50">
      <Execution id="d82491a4-27ea-4ac8-a461-481873a17efc" />
      <TestMethod codeBase="D:\v2.0\A1\_work\dbded102\bin\Release.AnyCPU\Tfs.Service\MS.TF.WorkItemTracking.Server.L0.Tests\MS.TF.WorkItemTracking.Server.L0.Tests.dll" adapterTypeName="Microsoft.VisualStudio.TestTools.TestTypes.Unit.UnitTestAdapter" className="MS.TF.WorkItemTracking.Server.L0.Tests.FormLayout.LayoutNodeTests+Clone" name="ControlClonesAllMembers" />
    </UnitTest>
    <UnitTest name="GroupClonesAllMembers" storage="d:\v2.0\a1\_work\dbded102\bin\release.anycpu\tfs.service\ms.tf.workitemtracking.server.l0.tests\ms.tf.workitemtracking.server.l0.tests.dll" id="47d82f63-70d5-e831-af30-2c913e918460">
      <Execution id="e0f59dad-c97e-4b90-bc6c-5bfcbeec53f0" />
      <TestMethod codeBase="D:\v2.0\A1\_work\dbded102\bin\Release.AnyCPU\Tfs.Service\MS.TF.WorkItemTracking.Server.L0.Tests\MS.TF.WorkItemTracking.Server.L0.Tests.dll" adapterTypeName="Microsoft.VisualStudio.TestTools.TestTypes.Unit.UnitTestAdapter" className="MS.TF.WorkItemTracking.Server.L0.Tests.FormLayout.LayoutNodeTests+Clone" name="GroupClonesAllMembers" />
    </UnitTest>
    <UnitTest name="SectionClonesAllMembers" storage="d:\v2.0\a1\_work\dbded102\bin\release.anycpu\tfs.service\ms.tf.workitemtracking.server.l0.tests\ms.tf.workitemtracking.server.l0.tests.dll" id="f65e06be-0622-2a31-866b-19e91610af1a">
      <Execution id="7f0ca802-66f1-459e-89dd-4f70f23caa5e" />
      <TestMethod codeBase="D:\v2.0\A1\_work\dbded102\bin\Release.AnyCPU\Tfs.Service\MS.TF.WorkItemTracking.Server.L0.Tests\MS.TF.WorkItemTracking.Server.L0.Tests.dll" adapterTypeName="Microsoft.VisualStudio.TestTools.TestTypes.Unit.UnitTestAdapter" className="MS.TF.WorkItemTracking.Server.L0.Tests.FormLayout.LayoutNodeTests+Clone" name="SectionClonesAllMembers" />
    </UnitTest>
    <UnitTest name="PageClonesAllMembers" storage="d:\v2.0\a1\_work\dbded102\bin\release.anycpu\tfs.service\ms.tf.workitemtracking.server.l0.tests\ms.tf.workitemtracking.server.l0.tests.dll" id="327efd01-e1b1-9558-25c3-94aed5d05215">
      <Execution id="9fbfc0ec-62ab-481c-8003-439ff4b8d641" />
      <TestMethod codeBase="D:\v2.0\A1\_work\dbded102\bin\Release.AnyCPU\Tfs.Service\MS.TF.WorkItemTracking.Server.L0.Tests\MS.TF.WorkItemTracking.Server.L0.Tests.dll" adapterTypeName="Microsoft.VisualStudio.TestTools.TestTypes.Unit.UnitTestAdapter" className="MS.TF.WorkItemTracking.Server.L0.Tests.FormLayout.LayoutNodeTests+Clone" name="PageClonesAllMembers" />
    </UnitTest>
    <UnitTest name="TestGetAttachment_AttachmentId" storage="d:\v2.0\a1\_work\dbded102\bin\release.anycpu\tfs.service\ms.tf.workitemtracking.server.l0.tests\ms.tf.workitemtracking.server.l0.tests.dll" id="f4f076bd-c82d-68fd-c6e9-31ebe078ddcc">
      <Execution id="9b770154-53a0-4b15-86fe-1fddbb4892a1" />
      <TestMethod codeBase="D:\v2.0\A1\_work\dbded102\bin\Release.AnyCPU\Tfs.Service\MS.TF.WorkItemTracking.Server.L0.Tests\MS.TF.WorkItemTracking.Server.L0.Tests.dll" adapterTypeName="Microsoft.VisualStudio.TestTools.TestTypes.Unit.UnitTestAdapter" className="MS.TF.WorkItemTracking.Server.L0.Tests.Attachments.WorkItemAttachmentComponentTests+GetAttachmentTests" name="TestGetAttachment_AttachmentId" />
    </UnitTest>
    <UnitTest name="TestGetAttachment_AttachmentExtId" storage="d:\v2.0\a1\_work\dbded102\bin\release.anycpu\tfs.service\ms.tf.workitemtracking.server.l0.tests\ms.tf.workitemtracking.server.l0.tests.dll" id="34c8b5b5-f803-ea4a-b54d-97a5cd8f221f">
      <Execution id="515d96a2-45c3-4ef7-92c8-c1afc0c14949" />
      <TestMethod codeBase="D:\v2.0\A1\_work\dbded102\bin\Release.AnyCPU\Tfs.Service\MS.TF.WorkItemTracking.Server.L0.Tests\MS.TF.WorkItemTracking.Server.L0.Tests.dll" adapterTypeName="Microsoft.VisualStudio.TestTools.TestTypes.Unit.UnitTestAdapter" className="MS.TF.WorkItemTracking.Server.L0.Tests.Attachments.WorkItemAttachmentComponentTests+GetAttachmentTests" name="TestGetAttachment_AttachmentExtId" />
    </UnitTest>
    <UnitTest name="WorkItemAttachmentComponent2_GetAttachment_AttachmentId" storage="d:\v2.0\a1\_work\dbded102\bin\release.anycpu\tfs.service\ms.tf.workitemtracking.server.l0.tests\ms.tf.workitemtracking.server.l0.tests.dll" id="8883dc51-ff56-2850-d0bb-c8d9c7630407">
      <Execution id="7b2e254b-5db2-4748-8279-a6f86fa74cda" />
      <TestMethod codeBase="D:\v2.0\A1\_work\dbded102\bin\Release.AnyCPU\Tfs.Service\MS.TF.WorkItemTracking.Server.L0.Tests\MS.TF.WorkItemTracking.Server.L0.Tests.dll" adapterTypeName="Microsoft.VisualStudio.TestTools.TestTypes.Unit.UnitTestAdapter" className="MS.TF.WorkItemTracking.Server.L0.Tests.Attachments.WorkItemAttachmentComponentTests+GetAttachmentTests" name="WorkItemAttachmentComponent2_GetAttachment_AttachmentId" />
    </UnitTest>
    <UnitTest name="WorkItemAttachmentComponent2_GetAttachment_AttachmentExtId" storage="d:\v2.0\a1\_work\dbded102\bin\release.anycpu\tfs.service\ms.tf.workitemtracking.server.l0.tests\ms.tf.workitemtracking.server.l0.tests.dll" id="4e2a77c9-45d1-50f1-15a1-197418e778e4">
      <Execution id="ff08cd64-2c35-4f04-aed2-0ac2f1f788c3" />
      <TestMethod codeBase="D:\v2.0\A1\_work\dbded102\bin\Release.AnyCPU\Tfs.Service\MS.TF.WorkItemTracking.Server.L0.Tests\MS.TF.WorkItemTracking.Server.L0.Tests.dll" adapterTypeName="Microsoft.VisualStudio.TestTools.TestTypes.Unit.UnitTestAdapter" className="MS.TF.WorkItemTracking.Server.L0.Tests.Attachments.WorkItemAttachmentComponentTests+GetAttachmentTests" name="WorkItemAttachmentComponent2_GetAttachment_AttachmentExtId" />
    </UnitTest>
    <UnitTest name="TestGetOrphanAttachments" storage="d:\v2.0\a1\_work\dbded102\bin\release.anycpu\tfs.service\ms.tf.workitemtracking.server.l0.tests\ms.tf.workitemtracking.server.l0.tests.dll" id="87003b1b-8dd8-12cd-7541-849ae792b8bd">
      <Execution id="9bc29fdb-e416-44db-8498-e71eaf875c42" />
      <TestMethod codeBase="D:\v2.0\A1\_work\dbded102\bin\Release.AnyCPU\Tfs.Service\MS.TF.WorkItemTracking.Server.L0.Tests\MS.TF.WorkItemTracking.Server.L0.Tests.dll" adapterTypeName="Microsoft.VisualStudio.TestTools.TestTypes.Unit.UnitTestAdapter" className="MS.TF.WorkItemTracking.Server.L0.Tests.Attachments.WorkItemAttachmentComponentTests+GetOrphanAttachmentsTests" name="TestGetOrphanAttachments" />
    </UnitTest>
    <UnitTest name="WorkItemAttachmentComponent2_TestGetOrphanAttachments" storage="d:\v2.0\a1\_work\dbded102\bin\release.anycpu\tfs.service\ms.tf.workitemtracking.server.l0.tests\ms.tf.workitemtracking.server.l0.tests.dll" id="8134433b-e7a0-537d-8d39-314994392b37">
      <Execution id="241da165-e554-48e9-9aed-66e0ed557d81" />
      <TestMethod codeBase="D:\v2.0\A1\_work\dbded102\bin\Release.AnyCPU\Tfs.Service\MS.TF.WorkItemTracking.Server.L0.Tests\MS.TF.WorkItemTracking.Server.L0.Tests.dll" adapterTypeName="Microsoft.VisualStudio.TestTools.TestTypes.Unit.UnitTestAdapter" className="MS.TF.WorkItemTracking.Server.L0.Tests.Attachments.WorkItemAttachmentComponentTests+GetOrphanAttachmentsTests" name="WorkItemAttachmentComponent2_TestGetOrphanAttachments" />
    </UnitTest>
    <UnitTest name="TestDeleteAttachments_MultipleAttachments" storage="d:\v2.0\a1\_work\dbded102\bin\release.anycpu\tfs.service\ms.tf.workitemtracking.server.l0.tests\ms.tf.workitemtracking.server.l0.tests.dll" id="05dbe560-c3ff-cc03-b63c-6cf8b70cb75e">
      <Execution id="684c70b0-d259-496c-9e65-82c906e199d3" />
      <TestMethod codeBase="D:\v2.0\A1\_work\dbded102\bin\Release.AnyCPU\Tfs.Service\MS.TF.WorkItemTracking.Server.L0.Tests\MS.TF.WorkItemTracking.Server.L0.Tests.dll" adapterTypeName="Microsoft.VisualStudio.TestTools.TestTypes.Unit.UnitTestAdapter" className="MS.TF.WorkItemTracking.Server.L0.Tests.Attachments.WorkItemAttachmentComponentTests+DeleteAttachmentsTests" name="TestDeleteAttachments_MultipleAttachments" />
    </UnitTest>
    <UnitTest name="TestDeleteAttachments_MultipleAttachments_NullArgument" storage="d:\v2.0\a1\_work\dbded102\bin\release.anycpu\tfs.service\ms.tf.workitemtracking.server.l0.tests\ms.tf.workitemtracking.server.l0.tests.dll" id="c483e023-2990-e182-f848-bffbd7511f94">
      <Execution id="97887a0e-24c6-4be2-9b12-911eabbc7257" />
      <TestMethod codeBase="D:\v2.0\A1\_work\dbded102\bin\Release.AnyCPU\Tfs.Service\MS.TF.WorkItemTracking.Server.L0.Tests\MS.TF.WorkItemTracking.Server.L0.Tests.dll" adapterTypeName="Microsoft.VisualStudio.TestTools.TestTypes.Unit.UnitTestAdapter" className="MS.TF.WorkItemTracking.Server.L0.Tests.Attachments.WorkItemAttachmentComponentTests+DeleteAttachmentsTests" name="TestDeleteAttachments_MultipleAttachments_NullArgument" />
    </UnitTest>
    <UnitTest name="TestDeleteAttachments_MultipleAttachments_NullAttachment" storage="d:\v2.0\a1\_work\dbded102\bin\release.anycpu\tfs.service\ms.tf.workitemtracking.server.l0.tests\ms.tf.workitemtracking.server.l0.tests.dll" id="72a300a6-1d5c-ae2c-bf54-afe4478c9a3a">
      <Execution id="0f75a9e1-77dc-4089-ada7-a0dd67d6c47e" />
      <TestMethod codeBase="D:\v2.0\A1\_work\dbded102\bin\Release.AnyCPU\Tfs.Service\MS.TF.WorkItemTracking.Server.L0.Tests\MS.TF.WorkItemTracking.Server.L0.Tests.dll" adapterTypeName="Microsoft.VisualStudio.TestTools.TestTypes.Unit.UnitTestAdapter" className="MS.TF.WorkItemTracking.Server.L0.Tests.Attachments.WorkItemAttachmentComponentTests+DeleteAttachmentsTests" name="TestDeleteAttachments_MultipleAttachments_NullAttachment" />
    </UnitTest>
    <UnitTest name="WorkItemAttachmentComponent2_TestDeleteAttachments_MultipleAttachments" storage="d:\v2.0\a1\_work\dbded102\bin\release.anycpu\tfs.service\ms.tf.workitemtracking.server.l0.tests\ms.tf.workitemtracking.server.l0.tests.dll" id="d4804236-55ae-b16a-0f28-268dac289d9c">
      <Execution id="e7c1ac27-2eb0-4317-8ad3-4b4ccbe02bd7" />
      <TestMethod codeBase="D:\v2.0\A1\_work\dbded102\bin\Release.AnyCPU\Tfs.Service\MS.TF.WorkItemTracking.Server.L0.Tests\MS.TF.WorkItemTracking.Server.L0.Tests.dll" adapterTypeName="Microsoft.VisualStudio.TestTools.TestTypes.Unit.UnitTestAdapter" className="MS.TF.WorkItemTracking.Server.L0.Tests.Attachments.WorkItemAttachmentComponentTests+DeleteAttachmentsTests" name="WorkItemAttachmentComponent2_TestDeleteAttachments_MultipleAttachments" />
    </UnitTest>
    <UnitTest name="WorkItemAttachmentComponent2_TestDeleteAttachments_MultipleAttachments_NullArgument" storage="d:\v2.0\a1\_work\dbded102\bin\release.anycpu\tfs.service\ms.tf.workitemtracking.server.l0.tests\ms.tf.workitemtracking.server.l0.tests.dll" id="5733d375-3c73-befc-0297-582846920529">
      <Execution id="a4149985-2bf6-42aa-ae51-06c7fa0f4238" />
      <TestMethod codeBase="D:\v2.0\A1\_work\dbded102\bin\Release.AnyCPU\Tfs.Service\MS.TF.WorkItemTracking.Server.L0.Tests\MS.TF.WorkItemTracking.Server.L0.Tests.dll" adapterTypeName="Microsoft.VisualStudio.TestTools.TestTypes.Unit.UnitTestAdapter" className="MS.TF.WorkItemTracking.Server.L0.Tests.Attachments.WorkItemAttachmentComponentTests+DeleteAttachmentsTests" name="WorkItemAttachmentComponent2_TestDeleteAttachments_MultipleAttachments_NullArgument" />
    </UnitTest>
    <UnitTest name="TestCreateAttachment" storage="d:\v2.0\a1\_work\dbded102\bin\release.anycpu\tfs.service\ms.tf.workitemtracking.server.l0.tests\ms.tf.workitemtracking.server.l0.tests.dll" id="202b7a65-ce55-c6b5-3572-158da0cc3bcf">
      <Execution id="ee7aec30-9f8e-4b3c-a696-9611391ab3a1" />
      <TestMethod codeBase="D:\v2.0\A1\_work\dbded102\bin\Release.AnyCPU\Tfs.Service\MS.TF.WorkItemTracking.Server.L0.Tests\MS.TF.WorkItemTracking.Server.L0.Tests.dll" adapterTypeName="Microsoft.VisualStudio.TestTools.TestTypes.Unit.UnitTestAdapter" className="MS.TF.WorkItemTracking.Server.L0.Tests.Attachments.WorkItemAttachmentComponentTests+CreateAttachmentTests" name="TestCreateAttachment" />
    </UnitTest>
    <UnitTest name="WorkItemAttachmentComponent2_TestCreateAttachment" storage="d:\v2.0\a1\_work\dbded102\bin\release.anycpu\tfs.service\ms.tf.workitemtracking.server.l0.tests\ms.tf.workitemtracking.server.l0.tests.dll" id="8c5a3c47-5783-df81-830a-5790c882d089">
      <Execution id="45409524-d04a-4b62-a71a-540a0b3cc671" />
      <TestMethod codeBase="D:\v2.0\A1\_work\dbded102\bin\Release.AnyCPU\Tfs.Service\MS.TF.WorkItemTracking.Server.L0.Tests\MS.TF.WorkItemTracking.Server.L0.Tests.dll" adapterTypeName="Microsoft.VisualStudio.TestTools.TestTypes.Unit.UnitTestAdapter" className="MS.TF.WorkItemTracking.Server.L0.Tests.Attachments.WorkItemAttachmentComponentTests+CreateAttachmentTests" name="WorkItemAttachmentComponent2_TestCreateAttachment" />
    </UnitTest>
  </TestDefinitions>
  <TestEntries>
    <TestEntry testId="08daa08e-7563-7e7b-dfd8-639aa3b1baf3" executionId="88b8b817-6010-4b95-ad46-1eb2034b05e4" testListId="8c84fa94-04c1-424b-9868-57a2d4851a1d" />
    <TestEntry testId="9ed44bff-eb15-6d46-9f6f-20f3b1b52554" executionId="288bab44-3db1-4eca-95c9-ea0f51fe03da" testListId="8c84fa94-04c1-424b-9868-57a2d4851a1d" />
    <TestEntry testId="7aea0a85-ae27-b00f-11d6-36ad6e2235f5" executionId="74882570-ee4e-4515-81a2-4fdab28c8e55" testListId="8c84fa94-04c1-424b-9868-57a2d4851a1d" />
    <TestEntry testId="62b0ec57-8172-dccd-ffde-b0e6c2d82033" executionId="bf08e8da-1816-4226-b95d-a7bd5a1f9b5c" testListId="8c84fa94-04c1-424b-9868-57a2d4851a1d" />
    <TestEntry testId="bb2327a9-dafc-1705-b4d5-3177a1688ec5" executionId="a08f0c0c-4c7d-4411-9b3d-5070d92b278d" testListId="8c84fa94-04c1-424b-9868-57a2d4851a1d" />
    <TestEntry testId="77f7aea3-7a66-12f4-a93d-e66067cca296" executionId="6f98ffd1-4ca6-4404-82b4-8fbcf6f89751" testListId="8c84fa94-04c1-424b-9868-57a2d4851a1d" />
    <TestEntry testId="10442816-b30a-0709-5cd2-2baad4c04b2a" executionId="274934bb-c535-45b7-9868-53a624cd826c" testListId="8c84fa94-04c1-424b-9868-57a2d4851a1d" />
    <TestEntry testId="584390ce-a0ad-b198-aa32-c615f573e4b4" executionId="e90cf6c5-a510-4c02-bbe1-1ac78e7fa09e" testListId="8c84fa94-04c1-424b-9868-57a2d4851a1d" />
    <TestEntry testId="879e0d45-f150-e4a8-5a94-2a8b9cfa963f" executionId="d5dce4a8-dd41-4aa8-b0b0-e4995651c124" testListId="8c84fa94-04c1-424b-9868-57a2d4851a1d" />
    <TestEntry testId="7bf5092b-8539-2568-3f79-6662f0238172" executionId="f4e514ec-a8d0-4411-af89-e4ea514f087d" testListId="8c84fa94-04c1-424b-9868-57a2d4851a1d" />
    <TestEntry testId="ef1c5c65-0a94-7aa0-63b5-f545117ab0f8" executionId="4a98723b-9c58-4a0b-b163-7cc053180f95" testListId="8c84fa94-04c1-424b-9868-57a2d4851a1d" />
    <TestEntry testId="aa7c74c2-f29d-a75e-d8cb-255aacbae37a" executionId="ef7a5af4-ac42-484c-be54-11a711760deb" testListId="8c84fa94-04c1-424b-9868-57a2d4851a1d" />
    <TestEntry testId="be6db4e4-9afa-0d04-a3f7-a7d52353bcfb" executionId="a7eea358-7a45-4529-aa80-6ebdbf4fd5ec" testListId="8c84fa94-04c1-424b-9868-57a2d4851a1d" />
    <TestEntry testId="a2f4ae7d-24d4-c4e0-28ea-c061b724253a" executionId="640816c7-9fd0-4389-8bfd-abf554a88076" testListId="8c84fa94-04c1-424b-9868-57a2d4851a1d" />
    <TestEntry testId="d2aab8bc-2bb2-bc4b-9a67-aa3b91bd3fab" executionId="f6c8b430-ced2-46d5-8161-62bc6e0c37dc" testListId="8c84fa94-04c1-424b-9868-57a2d4851a1d" />
    <TestEntry testId="4e1d160a-a65c-90fc-206a-dd4c20bdd944" executionId="01a9926e-e5fa-4298-8690-a1ca55aebc98" testListId="8c84fa94-04c1-424b-9868-57a2d4851a1d" />
    <TestEntry testId="bf513475-2676-40ac-47f1-fd5aab2035f7" executionId="6c1cfda2-bca8-4246-885b-72e1fedb5d31" testListId="8c84fa94-04c1-424b-9868-57a2d4851a1d" />
    <TestEntry testId="513a1ecd-d294-f29d-4d7d-fa2c0f2b74bc" executionId="4e330ba5-a630-4a5d-a77d-784416dd815f" testListId="8c84fa94-04c1-424b-9868-57a2d4851a1d" />
    <TestEntry testId="5ef103da-f957-b61f-c6ec-26a6e430be20" executionId="12c00092-46c8-41e6-bde9-597a18040fbe" testListId="8c84fa94-04c1-424b-9868-57a2d4851a1d" />
    <TestEntry testId="b12db960-96db-69a8-440b-a19a46e0e1ec" executionId="41863407-2791-41e2-b766-369b4a93cc6c" testListId="8c84fa94-04c1-424b-9868-57a2d4851a1d" />
    <TestEntry testId="3c0a2c05-f3f5-9ac4-b728-1084215917c1" executionId="389a817a-87d7-4b57-9f7b-7e5bf18ac42e" testListId="8c84fa94-04c1-424b-9868-57a2d4851a1d" />
    <TestEntry testId="ccc06fc7-eba0-44aa-430f-e3b6f000cfc3" executionId="a28c9513-4ecc-4af9-a023-52a980e5e0d7" testListId="8c84fa94-04c1-424b-9868-57a2d4851a1d" />
    <TestEntry testId="944f6454-dd04-1974-0d39-9715fa48f4cc" executionId="e73315bf-daa1-4627-8fc8-1448c5af7f85" testListId="8c84fa94-04c1-424b-9868-57a2d4851a1d" />
    <TestEntry testId="9a1ce605-95dc-606d-28f5-8d65a2fce39e" executionId="62276538-ca3b-49ea-9dd1-7c58b0d324f1" testListId="8c84fa94-04c1-424b-9868-57a2d4851a1d" />
    <TestEntry testId="77378cd7-90a4-3b39-08fe-7484d19b5c21" executionId="3011ff61-1ed6-4731-81c6-7de7846f4eb1" testListId="8c84fa94-04c1-424b-9868-57a2d4851a1d" />
    <TestEntry testId="255352f4-7c0b-db22-2402-cd401f49d2f4" executionId="5e9ad1dd-1e5f-441f-b4c3-141ae22037dd" testListId="8c84fa94-04c1-424b-9868-57a2d4851a1d" />
    <TestEntry testId="c492f37e-7183-fe32-0ef5-30fed50720fb" executionId="75734de7-59ac-4850-a7c6-9435a45c947b" testListId="8c84fa94-04c1-424b-9868-57a2d4851a1d" />
    <TestEntry testId="0ba367e5-b213-5523-9ccb-2bbbbd13f0b6" executionId="64e88b28-57d0-44bf-a27b-013071366a63" testListId="8c84fa94-04c1-424b-9868-57a2d4851a1d" />
    <TestEntry testId="7b3e5574-ccb7-32d8-ebd3-65524aad22e8" executionId="9ebcf0c7-ae16-468c-adbd-3073756e6d2c" testListId="8c84fa94-04c1-424b-9868-57a2d4851a1d" />
    <TestEntry testId="d03b6ef7-57a6-6176-00f6-b1794fe874da" executionId="7efdfa8f-6c84-4e69-add6-d2c43d3401e7" testListId="8c84fa94-04c1-424b-9868-57a2d4851a1d" />
    <TestEntry testId="affd6fb4-d81c-a5a7-d1e7-0dd488f76369" executionId="13e4f6c5-afef-4361-87fb-d6ad61966eec" testListId="8c84fa94-04c1-424b-9868-57a2d4851a1d" />
    <TestEntry testId="3a653f89-b79d-895c-961a-7e787ae0bceb" executionId="4cbc9c8a-1013-4ee2-9656-56e44d5998f9" testListId="8c84fa94-04c1-424b-9868-57a2d4851a1d" />
    <TestEntry testId="6ac1de6f-e67a-ebb4-71e3-9f0a0157ae4f" executionId="252a6eae-baef-4304-80e8-43d0b0c540c5" testListId="8c84fa94-04c1-424b-9868-57a2d4851a1d" />
    <TestEntry testId="cd499017-ac68-a399-b589-23355c420976" executionId="2d024b1a-3c87-4045-b6f9-7404e1c03f26" testListId="8c84fa94-04c1-424b-9868-57a2d4851a1d" />
    <TestEntry testId="969367e8-88b1-7c5f-69f7-5846d7838ee1" executionId="1b7dbf00-a5f3-4864-9266-efb615820dca" testListId="8c84fa94-04c1-424b-9868-57a2d4851a1d" />
    <TestEntry testId="9bcc64f2-504f-72a9-8291-ce75e2de618a" executionId="2c13384d-3614-4120-82c3-95221bad7ceb" testListId="8c84fa94-04c1-424b-9868-57a2d4851a1d" />
    <TestEntry testId="d1b574b0-355e-bb62-8ba2-2ca5050a4014" executionId="cc79190d-466d-425e-b3d6-0901bf3ead43" testListId="8c84fa94-04c1-424b-9868-57a2d4851a1d" />
    <TestEntry testId="ada8bad6-274e-eb3c-e067-fc29bac316c1" executionId="345a20b8-f8bb-45e2-8881-26422fc268b7" testListId="8c84fa94-04c1-424b-9868-57a2d4851a1d" />
    <TestEntry testId="34118958-7868-346f-8563-3553327339c7" executionId="12e22a0a-49d1-4d81-b6b1-9ac507e453a9" testListId="8c84fa94-04c1-424b-9868-57a2d4851a1d" />
    <TestEntry testId="2ad09514-6cf7-3e3c-92d9-ad3de46a9b16" executionId="b03d0051-eaed-4edd-8999-22bde6e28df8" testListId="8c84fa94-04c1-424b-9868-57a2d4851a1d" />
    <TestEntry testId="c880546e-0009-aafe-8c7b-e52525770a57" executionId="257331e7-9c4c-4b40-b351-8a7c155515b7" testListId="8c84fa94-04c1-424b-9868-57a2d4851a1d" />
    <TestEntry testId="5bf261f3-562b-909a-1fb2-3b294f2ac49c" executionId="208a1fde-cff7-449c-92a9-3cadb846ccc4" testListId="8c84fa94-04c1-424b-9868-57a2d4851a1d" />
    <TestEntry testId="fe9acd05-0efa-20f7-576c-c15bdb2fdf91" executionId="5b5645c1-4498-4312-921e-377be6539917" testListId="8c84fa94-04c1-424b-9868-57a2d4851a1d" />
    <TestEntry testId="537481af-a913-3184-e73b-45ffb3b7280b" executionId="61114500-8bb6-4415-9c9c-e76f868e1854" testListId="8c84fa94-04c1-424b-9868-57a2d4851a1d" />
    <TestEntry testId="5601370c-3b4f-c3bc-c665-d9a8e2573319" executionId="0e972e32-6e5f-4037-a180-f6f9209510e4" testListId="8c84fa94-04c1-424b-9868-57a2d4851a1d" />
    <TestEntry testId="eef38aad-61d5-713d-6b4b-c369b7854bb7" executionId="1ef7dcf6-5fa0-4db8-94e7-0c49590ad2f7" testListId="8c84fa94-04c1-424b-9868-57a2d4851a1d" />
    <TestEntry testId="630d091f-b6ef-1c7b-33e7-4cc51b959834" executionId="d8e0db25-52a9-4bcc-b38d-f4a24c3ae69b" testListId="8c84fa94-04c1-424b-9868-57a2d4851a1d" />
    <TestEntry testId="af54bb47-f0b0-b8b8-11af-286961b48810" executionId="525fb1ff-5076-4950-8264-e3811becb658" testListId="8c84fa94-04c1-424b-9868-57a2d4851a1d" />
    <TestEntry testId="71723024-3d1c-5afc-60b6-3ef6086ace2f" executionId="0003273b-649c-4403-ba05-a4bdc7acca26" testListId="8c84fa94-04c1-424b-9868-57a2d4851a1d" />
    <TestEntry testId="7240edf6-9f87-81b5-a63a-dd835c19298b" executionId="22bf60f4-6542-4484-9fdd-8049bafea45b" testListId="8c84fa94-04c1-424b-9868-57a2d4851a1d" />
    <TestEntry testId="a2ad502b-e813-04a7-0c15-eb6f592d663f" executionId="d0c2fb64-99a0-4697-a28f-d58653dfd3a7" testListId="8c84fa94-04c1-424b-9868-57a2d4851a1d" />
    <TestEntry testId="1665b15b-ab48-06e9-51f9-4b95b6440f4c" executionId="c9fe78bb-0255-4dd6-a892-3c349fe6d08e" testListId="8c84fa94-04c1-424b-9868-57a2d4851a1d" />
    <TestEntry testId="0b260af7-130b-ead7-8092-b64b215c767d" executionId="686bbe99-0276-46db-b71b-463f64b701ef" testListId="8c84fa94-04c1-424b-9868-57a2d4851a1d" />
    <TestEntry testId="7a5fabe0-eee5-88c1-14ef-b1f016830824" executionId="da1bb02d-b97a-452b-bcd4-b0e0304f5cdc" testListId="8c84fa94-04c1-424b-9868-57a2d4851a1d" />
    <TestEntry testId="b9e54d3e-73a2-c5a7-65a9-1ee6503e75eb" executionId="4297bf98-01ea-46e4-96b7-58b319568438" testListId="8c84fa94-04c1-424b-9868-57a2d4851a1d" />
    <TestEntry testId="12d7ac4e-0d2a-d63f-c187-29f635137b64" executionId="86223a90-5cfe-4865-b401-a31f69599c7d" testListId="8c84fa94-04c1-424b-9868-57a2d4851a1d" />
    <TestEntry testId="4b90dfe2-ff6e-bcf0-6c3b-ec5908c5e833" executionId="c7eaff80-09e1-48f4-bbd5-4ed5e5641a3f" testListId="8c84fa94-04c1-424b-9868-57a2d4851a1d" />
    <TestEntry testId="8d576840-c236-57e7-c995-6314a4ccb150" executionId="66e2f5a1-2d8e-468b-b3e5-8f20cb2d2375" testListId="8c84fa94-04c1-424b-9868-57a2d4851a1d" />
    <TestEntry testId="8431a7f4-43a9-07e0-83d0-b0d1a02dedc6" executionId="96106941-a320-4e09-aeaa-cf225e959f80" testListId="8c84fa94-04c1-424b-9868-57a2d4851a1d" />
    <TestEntry testId="da41201a-1508-2841-dc3d-5d332861ca1b" executionId="d139b01b-eb58-43fc-8ac5-bd67ec6fae04" testListId="8c84fa94-04c1-424b-9868-57a2d4851a1d" />
    <TestEntry testId="11d84147-4888-f3a6-49de-b1c4f8adeca3" executionId="c3db9e3a-b3cc-453d-b593-4a79da5403e1" testListId="8c84fa94-04c1-424b-9868-57a2d4851a1d" />
    <TestEntry testId="69d33474-632b-38fd-4de0-5cfbd22d5557" executionId="406687a5-f28c-44b4-b1ee-a033b7a93dc5" testListId="8c84fa94-04c1-424b-9868-57a2d4851a1d" />
    <TestEntry testId="fc155041-0117-cb6c-87de-f107e602a75b" executionId="474d658b-b93b-4857-a9ee-5d5eafa50a48" testListId="8c84fa94-04c1-424b-9868-57a2d4851a1d" />
    <TestEntry testId="acc43e67-c88e-72a8-7c57-9c4d77986015" executionId="ecc81625-492c-4996-91c2-c15c8efb25bc" testListId="8c84fa94-04c1-424b-9868-57a2d4851a1d" />
    <TestEntry testId="758c9297-768a-f93b-ac39-2286fd95f564" executionId="8070abdf-f7e5-4538-bc54-2ffa7d7eaf5c" testListId="8c84fa94-04c1-424b-9868-57a2d4851a1d" />
    <TestEntry testId="c2341e48-211e-bff2-2224-0f6f2523e30f" executionId="e5bc4fba-548a-49df-a123-7456f0213d01" testListId="8c84fa94-04c1-424b-9868-57a2d4851a1d" />
    <TestEntry testId="58665542-c55c-e6c2-70cf-64cf7148975d" executionId="a63bed08-9169-40a1-a6f8-96a75d8621e3" testListId="8c84fa94-04c1-424b-9868-57a2d4851a1d" />
    <TestEntry testId="6bf975b1-0d52-95d7-ee6d-a4b1315d4784" executionId="740cc1bc-0984-402d-8feb-53fe1d5e4478" testListId="8c84fa94-04c1-424b-9868-57a2d4851a1d" />
    <TestEntry testId="8a5cc27d-db07-ea16-90b3-ec68cf19bd98" executionId="a40fcfb6-ecba-45ab-be82-8eb7667d519c" testListId="8c84fa94-04c1-424b-9868-57a2d4851a1d" />
    <TestEntry testId="2fe7c38d-f8a7-21d8-b861-ee4ca5bdb054" executionId="02d72419-b3fe-4e16-a376-3563961fa6c6" testListId="8c84fa94-04c1-424b-9868-57a2d4851a1d" />
    <TestEntry testId="2a9202aa-147d-d35d-7a48-b8e4cdfa9672" executionId="c3d596bb-02a1-45f3-9338-05dc4b63bf62" testListId="8c84fa94-04c1-424b-9868-57a2d4851a1d" />
    <TestEntry testId="e750ee8e-8d3c-f2be-0fde-d9d9eea8aff3" executionId="646cd67e-bd2e-4238-99e1-113b5895bffd" testListId="8c84fa94-04c1-424b-9868-57a2d4851a1d" />
    <TestEntry testId="81a2f8d1-3b27-15fd-5ebb-51f09eac2175" executionId="f99ae790-8deb-4481-a53f-788c2bfa9588" testListId="8c84fa94-04c1-424b-9868-57a2d4851a1d" />
    <TestEntry testId="a88e8173-a948-14b9-0511-ecf893d4fc84" executionId="2dd91dc2-fe13-42df-bdff-cad76d874f9b" testListId="8c84fa94-04c1-424b-9868-57a2d4851a1d" />
    <TestEntry testId="3ea55c3b-47eb-3629-1786-8798e2922588" executionId="9b84453b-3a37-4107-86f7-5dbb12c9f993" testListId="8c84fa94-04c1-424b-9868-57a2d4851a1d" />
    <TestEntry testId="d8d6086d-3677-fbdb-5123-59bcd2af7f91" executionId="602b6d3e-d8db-497b-8fcb-24501c72891f" testListId="8c84fa94-04c1-424b-9868-57a2d4851a1d" />
    <TestEntry testId="f347c93b-73d9-eb3c-1b4e-e20db10499a3" executionId="6a3b6149-720e-4003-bd07-52d125b1e4e7" testListId="8c84fa94-04c1-424b-9868-57a2d4851a1d" />
    <TestEntry testId="1e47d940-0bdd-0a0f-b6b9-f2c8a8775208" executionId="9bdc94ce-1d15-4907-b1a4-a02de21520fb" testListId="8c84fa94-04c1-424b-9868-57a2d4851a1d" />
    <TestEntry testId="ab468035-7468-7333-c466-9d81d6cd4399" executionId="d7cc7597-3af9-4fad-8efd-d37a7142a3b3" testListId="8c84fa94-04c1-424b-9868-57a2d4851a1d" />
    <TestEntry testId="3ec3c6b2-0d1d-4a91-6c16-63a9ec999657" executionId="7126a654-09a2-46b9-aec2-8070918d380f" testListId="8c84fa94-04c1-424b-9868-57a2d4851a1d" />
    <TestEntry testId="7f84b9d0-d40d-8f28-d053-14715726a2f7" executionId="4395cc32-ffb5-45d3-976d-667eae6a1262" testListId="8c84fa94-04c1-424b-9868-57a2d4851a1d" />
    <TestEntry testId="d844e36b-2dbf-ccb1-e837-77630182eb65" executionId="a640a08d-92f7-4c4e-ba8e-2c93ae52e688" testListId="8c84fa94-04c1-424b-9868-57a2d4851a1d" />
    <TestEntry testId="9984f70d-82eb-b0ea-76f9-bc60c25532da" executionId="04a66c08-e135-4549-84a4-4972649ce162" testListId="8c84fa94-04c1-424b-9868-57a2d4851a1d" />
    <TestEntry testId="63459f5d-ede7-a373-3d8c-3d5f28621a33" executionId="13e17ef6-c127-4608-b40e-dfa31b6ac292" testListId="8c84fa94-04c1-424b-9868-57a2d4851a1d" />
    <TestEntry testId="492faa59-4c4a-0ca4-e9c0-e9eb64444477" executionId="6dd495a0-f44c-4af8-82d3-3559eb6e5e72" testListId="8c84fa94-04c1-424b-9868-57a2d4851a1d" />
    <TestEntry testId="ecd705e9-4527-f1aa-ad49-d04b7ca6ac5d" executionId="8d30b298-ac2a-453e-858f-7e532856fe44" testListId="8c84fa94-04c1-424b-9868-57a2d4851a1d" />
    <TestEntry testId="7776052a-5cd3-4a40-df9a-2cfcd012de7e" executionId="a505c1a9-998c-4404-9a9c-f0f61b770460" testListId="8c84fa94-04c1-424b-9868-57a2d4851a1d" />
    <TestEntry testId="9b453c0e-3ff5-8713-f666-554a00a406e2" executionId="83713861-ae88-4eb6-a28c-078fa514680a" testListId="8c84fa94-04c1-424b-9868-57a2d4851a1d" />
    <TestEntry testId="7400fdf0-1c26-519b-1157-293f176fbfb3" executionId="76c7aee9-c866-4a4e-b43f-8ef08a6252c2" testListId="8c84fa94-04c1-424b-9868-57a2d4851a1d" />
    <TestEntry testId="578eb48d-fa44-8914-a25f-d7b307fbf8b7" executionId="e5302436-598c-41ff-8bef-dd0668d3b95d" testListId="8c84fa94-04c1-424b-9868-57a2d4851a1d" />
    <TestEntry testId="cb07c3dd-3e90-9048-cd30-8c3e881e267f" executionId="0057fad0-5111-44c8-b3fb-f80bb85c2966" testListId="8c84fa94-04c1-424b-9868-57a2d4851a1d" />
    <TestEntry testId="5dd6f4b6-1a3f-d70d-661c-3a904145d3a0" executionId="8d61d866-2a31-4e19-89a9-c92b20852aea" testListId="8c84fa94-04c1-424b-9868-57a2d4851a1d" />
    <TestEntry testId="f37c56dc-f059-9ba8-5941-2a9be14e9b01" executionId="6bdcbf58-f8e3-48ca-90eb-155209af0a46" testListId="8c84fa94-04c1-424b-9868-57a2d4851a1d" />
    <TestEntry testId="a1a69643-a0b6-8d58-6c97-d99b8968f96d" executionId="236f62ad-72ed-4fd8-b581-001908cb4db1" testListId="8c84fa94-04c1-424b-9868-57a2d4851a1d" />
    <TestEntry testId="dc562195-5865-32c3-eae4-522f1767c2e2" executionId="f33c6b0d-4e51-42c1-ab77-3181104b7ba6" testListId="8c84fa94-04c1-424b-9868-57a2d4851a1d" />
    <TestEntry testId="0bae0c5e-a951-0a3e-0af6-f109df960829" executionId="98cfe8cf-d3df-45e6-96ea-ac0e905ea0a9" testListId="8c84fa94-04c1-424b-9868-57a2d4851a1d" />
    <TestEntry testId="5cd4d82b-fe92-f6c0-2776-c3aa0eefe674" executionId="f80f8ee2-4e78-412a-b297-ac4946087ead" testListId="8c84fa94-04c1-424b-9868-57a2d4851a1d" />
    <TestEntry testId="9f691cb3-c241-59e4-e5a3-b5c0a6ed9ba4" executionId="0affd762-2874-4a55-a27d-41e6a8814f3c" testListId="8c84fa94-04c1-424b-9868-57a2d4851a1d" />
    <TestEntry testId="32eb6b0a-88c0-59e9-1356-52f0fafe55cc" executionId="760519fc-afc1-4e77-8d51-9dfdfe4c2ea1" testListId="8c84fa94-04c1-424b-9868-57a2d4851a1d" />
    <TestEntry testId="a15c3327-194e-d6c2-09ff-9ac9ca452233" executionId="1bf5fa36-fea8-46f6-a3a1-cb73f9a115f1" testListId="8c84fa94-04c1-424b-9868-57a2d4851a1d" />
    <TestEntry testId="ee961ea6-908a-1b89-f065-53f2e45683fb" executionId="ca327656-d8a4-4b8e-8700-b444da26385e" testListId="8c84fa94-04c1-424b-9868-57a2d4851a1d" />
    <TestEntry testId="23ec97bd-dd0c-57c2-9100-d51a3a2390b9" executionId="74aa7895-f658-4d68-93fc-c86784d80514" testListId="8c84fa94-04c1-424b-9868-57a2d4851a1d" />
    <TestEntry testId="450c571f-6917-5e78-f5b9-79f1ea418792" executionId="98fae7e7-6cad-4931-8a5f-f8786d3a0aad" testListId="8c84fa94-04c1-424b-9868-57a2d4851a1d" />
    <TestEntry testId="bfb89c01-9c41-ccfb-e040-32ec3cf314f9" executionId="06ac203c-04c1-4857-acf5-1c024b6c5dcd" testListId="8c84fa94-04c1-424b-9868-57a2d4851a1d" />
    <TestEntry testId="43b2cd4c-4154-ed90-d3e0-424e824195d1" executionId="d54fea07-cd9c-4e6e-9f44-3b077f6ecb41" testListId="8c84fa94-04c1-424b-9868-57a2d4851a1d" />
    <TestEntry testId="486e75d1-24ed-32f0-85dc-f91316db1c60" executionId="d5e061ee-6c7e-4596-954f-72ef2bedac54" testListId="8c84fa94-04c1-424b-9868-57a2d4851a1d" />
    <TestEntry testId="8d41f315-9e30-2368-7aff-2ac1cc5043c3" executionId="e0c03ee0-d6e1-4def-81ec-39b9363dcdc6" testListId="8c84fa94-04c1-424b-9868-57a2d4851a1d" />
    <TestEntry testId="7df5bed8-adc1-5ed3-6764-fdf8726a6a41" executionId="b50b911c-3093-44ee-a4d8-0d4a75f0b776" testListId="8c84fa94-04c1-424b-9868-57a2d4851a1d" />
    <TestEntry testId="59c19994-860c-b919-00b2-7b07ff0bcc4a" executionId="395fa922-0b62-4eeb-b95f-c914a9b71bb0" testListId="8c84fa94-04c1-424b-9868-57a2d4851a1d" />
    <TestEntry testId="e51ac755-1610-5252-0d62-2626a981c742" executionId="180a31c3-8fc1-4c82-8e61-544480080a37" testListId="8c84fa94-04c1-424b-9868-57a2d4851a1d" />
    <TestEntry testId="dceca70b-1b60-0b3f-7898-d8f4841159db" executionId="4015f10b-6455-489b-bbc0-38d1a813e185" testListId="8c84fa94-04c1-424b-9868-57a2d4851a1d" />
    <TestEntry testId="a1a51cd6-257f-d1d9-d90b-68b13a7ee4aa" executionId="6bd4abf6-4976-4b29-ba49-acdf82edabac" testListId="8c84fa94-04c1-424b-9868-57a2d4851a1d" />
    <TestEntry testId="dc8973a6-ebba-caba-a699-a8c4c9b61737" executionId="252c3f78-0307-4909-89dd-6091cf264fab" testListId="8c84fa94-04c1-424b-9868-57a2d4851a1d" />
    <TestEntry testId="725e29a9-a15a-2997-cfd9-22aef269796f" executionId="a817631e-9c13-4eaf-a62a-75ab6abd5aa0" testListId="8c84fa94-04c1-424b-9868-57a2d4851a1d" />
    <TestEntry testId="40ab6414-6944-7ead-43a1-f978925751c0" executionId="b260bff6-067e-4055-9dd1-cdc0ce7fab57" testListId="8c84fa94-04c1-424b-9868-57a2d4851a1d" />
    <TestEntry testId="fbc9b21c-1ddd-ef40-ce5e-627a782482c4" executionId="0f351946-66d0-4a4c-ad46-5c7a1856c169" testListId="8c84fa94-04c1-424b-9868-57a2d4851a1d" />
    <TestEntry testId="c67d3a53-96d7-6a29-c9a8-c50861983c83" executionId="8c4aaa87-10ff-4058-9966-54e5bb9d5b7c" testListId="8c84fa94-04c1-424b-9868-57a2d4851a1d" />
    <TestEntry testId="f20277b8-26af-3e61-e187-a48a89a80ea5" executionId="64753f1a-e04b-4601-8f4c-301bf166cb76" testListId="8c84fa94-04c1-424b-9868-57a2d4851a1d" />
    <TestEntry testId="3a66c586-fdfc-c053-f96b-620c493973cf" executionId="0c66612c-8a8d-48d7-9970-464f3e40197d" testListId="8c84fa94-04c1-424b-9868-57a2d4851a1d" />
    <TestEntry testId="5b798a8c-1a9b-df00-86f2-d8e36642b258" executionId="0c42874b-1fe4-4aa2-baf6-d67e0a419fa1" testListId="8c84fa94-04c1-424b-9868-57a2d4851a1d" />
    <TestEntry testId="6695af48-1458-b543-8924-c5a39afe5fa7" executionId="b06f0993-138b-4a22-bb29-f628adc651b0" testListId="8c84fa94-04c1-424b-9868-57a2d4851a1d" />
    <TestEntry testId="e7889042-dd8d-dd91-fde0-6dfd00a0ca3e" executionId="12f4104f-a45c-4ebd-afb9-f9ad308b9c58" testListId="8c84fa94-04c1-424b-9868-57a2d4851a1d" />
    <TestEntry testId="3ff9bcbf-224f-4e0c-7e44-5d3b8204abd0" executionId="356746b9-bb84-491c-9fc2-a4536654df01" testListId="8c84fa94-04c1-424b-9868-57a2d4851a1d" />
    <TestEntry testId="7fa8d92d-94bf-f686-927e-8515190d917a" executionId="7d979c00-48a1-4a90-a8b2-5875ec119a18" testListId="8c84fa94-04c1-424b-9868-57a2d4851a1d" />
    <TestEntry testId="416ce7a6-fa2c-6ecf-0117-9810d0c20f8a" executionId="ead40e3d-c517-4e6a-97e6-e37ef67c30d2" testListId="8c84fa94-04c1-424b-9868-57a2d4851a1d" />
    <TestEntry testId="26fc017d-eed4-df07-3251-e7a360bf3924" executionId="1bc5b146-4ee8-47b1-adcd-2d0381044b11" testListId="8c84fa94-04c1-424b-9868-57a2d4851a1d" />
    <TestEntry testId="40a2a2fd-7e5d-3f08-0d4d-dae4c4026cde" executionId="7951f6f5-74f3-440c-bbe3-f3baa656f3fe" testListId="8c84fa94-04c1-424b-9868-57a2d4851a1d" />
    <TestEntry testId="50200c15-54a0-68b5-bc0b-aa3ca300f7a8" executionId="6d20cdf5-fde0-4bdc-8f76-dcc86b544460" testListId="8c84fa94-04c1-424b-9868-57a2d4851a1d" />
    <TestEntry testId="3e3d12c6-d55d-1458-9837-09ccadb08a62" executionId="3a17faf3-9a4e-491f-b5b9-8b244db4ad0e" testListId="8c84fa94-04c1-424b-9868-57a2d4851a1d" />
    <TestEntry testId="7f20623b-47f6-fd56-1055-89210a4a2b96" executionId="bc14e819-5e59-4f8b-a3ea-4ca817f3ba9e" testListId="8c84fa94-04c1-424b-9868-57a2d4851a1d" />
    <TestEntry testId="aa8e4171-b30e-5fa2-d5cf-492c8487d7e5" executionId="3ce85a89-e026-47bf-942f-de9b1c247efd" testListId="8c84fa94-04c1-424b-9868-57a2d4851a1d" />
    <TestEntry testId="eff044cd-a42f-f52b-e6ab-d5f940f2534e" executionId="c012e913-10cf-4977-b7e3-b58f3bc84566" testListId="8c84fa94-04c1-424b-9868-57a2d4851a1d" />
    <TestEntry testId="29ced50a-bddb-a7c9-48b8-997d4f12a566" executionId="99ccdbc2-5446-4104-b254-94fb381660ed" testListId="8c84fa94-04c1-424b-9868-57a2d4851a1d" />
    <TestEntry testId="c6d79338-1327-fc0a-5204-34f4892bf8d7" executionId="1dc2254f-7f7c-40a0-bccb-cf1c773394c3" testListId="8c84fa94-04c1-424b-9868-57a2d4851a1d" />
    <TestEntry testId="85eca9f0-ded7-88a8-67c2-100c08ec91da" executionId="eea0ef89-dc03-40de-9208-cbb75aae7070" testListId="8c84fa94-04c1-424b-9868-57a2d4851a1d" />
    <TestEntry testId="0b766dd1-8be6-8352-b43d-28280af84802" executionId="cc13249a-84db-4c00-a26b-40e10f48137f" testListId="8c84fa94-04c1-424b-9868-57a2d4851a1d" />
    <TestEntry testId="708c8da8-be68-be47-280c-fb791a95344b" executionId="89f856f3-d9d9-4163-8162-f5885706b2a2" testListId="8c84fa94-04c1-424b-9868-57a2d4851a1d" />
    <TestEntry testId="6e56a140-14fe-e319-0105-cb95482328f2" executionId="b8b482cd-d351-45bc-8679-03f7baad6471" testListId="8c84fa94-04c1-424b-9868-57a2d4851a1d" />
    <TestEntry testId="151d55e1-63eb-f05e-f4e1-0a8655812b23" executionId="725f072e-0cd5-412b-a20d-b88186f30cef" testListId="8c84fa94-04c1-424b-9868-57a2d4851a1d" />
    <TestEntry testId="aaea174a-f054-35ec-b960-7c38834c7817" executionId="1475f673-f94b-4a9b-84c4-5120e7a7d26c" testListId="8c84fa94-04c1-424b-9868-57a2d4851a1d" />
    <TestEntry testId="4ba77c06-462e-a666-1463-71b65b21009e" executionId="acfb0b68-6573-4b35-a85c-a1e4c10aeff0" testListId="8c84fa94-04c1-424b-9868-57a2d4851a1d" />
    <TestEntry testId="d8e54a7b-13af-45b2-bd44-e426cb162a72" executionId="2583377f-7d6f-47eb-9108-aa64cdedda89" testListId="8c84fa94-04c1-424b-9868-57a2d4851a1d" />
    <TestEntry testId="a314208f-bf99-2b30-8f46-8d877319f785" executionId="6b12f935-f695-4b1c-b472-d9a400cead8a" testListId="8c84fa94-04c1-424b-9868-57a2d4851a1d" />
    <TestEntry testId="c5abc0c7-16fb-5f5b-9773-5bace561c588" executionId="9632b2a9-e0c0-4551-bcb7-25ea24b9629a" testListId="8c84fa94-04c1-424b-9868-57a2d4851a1d" />
    <TestEntry testId="178915d2-1eff-9e47-e0ba-160c5dee7f4e" executionId="bac48873-b899-459a-bd4e-90de2c47b22f" testListId="8c84fa94-04c1-424b-9868-57a2d4851a1d" />
    <TestEntry testId="35bbba96-43a5-5d9a-7480-c24430fd63fd" executionId="2e717f96-818d-46ea-9f67-fbf3b22288c8" testListId="8c84fa94-04c1-424b-9868-57a2d4851a1d" />
    <TestEntry testId="bdc8a40e-34e5-d965-1915-d713e3e3c575" executionId="3d9fa129-b339-489d-935d-6059227e6538" testListId="8c84fa94-04c1-424b-9868-57a2d4851a1d" />
    <TestEntry testId="5463efe6-3bf4-d5fe-75f9-46919d21235e" executionId="2d87fe35-1764-4578-bfaf-c2aec8d49b30" testListId="8c84fa94-04c1-424b-9868-57a2d4851a1d" />
    <TestEntry testId="f0060ca0-901a-bfb8-385d-702cd2500642" executionId="c1addde0-cd46-42e9-aefb-016eb19074fb" testListId="8c84fa94-04c1-424b-9868-57a2d4851a1d" />
    <TestEntry testId="cb266949-60ec-fffc-a234-cef97bb4c4f0" executionId="638fd6f6-d1cb-4033-a118-49aa4bf98112" testListId="8c84fa94-04c1-424b-9868-57a2d4851a1d" />
    <TestEntry testId="d82c15f3-3576-6867-a0fa-ff12394d8629" executionId="6ade99ce-ae0e-49bd-9174-52bb3f2042a9" testListId="8c84fa94-04c1-424b-9868-57a2d4851a1d" />
    <TestEntry testId="15c1de13-58ce-4b43-f0d1-2c90713c056b" executionId="b31d6aa3-eb35-4a9c-85df-d4be6c1f55ea" testListId="8c84fa94-04c1-424b-9868-57a2d4851a1d" />
    <TestEntry testId="db3672c4-9469-3207-2acd-ae8ef13e6a83" executionId="52f938c7-8f94-42a3-81ff-2576421ae98a" testListId="8c84fa94-04c1-424b-9868-57a2d4851a1d" />
    <TestEntry testId="7381c05d-af4d-95b7-35bb-b93a049fe7ef" executionId="d4fadc39-7ca7-4caf-b303-e7a3ae112c99" testListId="8c84fa94-04c1-424b-9868-57a2d4851a1d" />
    <TestEntry testId="acb5efd9-3146-8fc7-e1b1-11cbad93357f" executionId="ca3f2dc2-939d-4c46-899a-48e02605cb69" testListId="8c84fa94-04c1-424b-9868-57a2d4851a1d" />
    <TestEntry testId="5d678050-d729-e5a1-f269-206a3ed78a06" executionId="1d889fea-5e26-40d1-8ba7-6528439b81cb" testListId="8c84fa94-04c1-424b-9868-57a2d4851a1d" />
    <TestEntry testId="cb2572b6-5637-2f31-4486-64be9c34fb5d" executionId="6f3da31b-7cb7-4301-88ec-682e3f67c13c" testListId="8c84fa94-04c1-424b-9868-57a2d4851a1d" />
    <TestEntry testId="9c08d428-e691-3a10-26ac-b342a7f9d10c" executionId="10ba9919-e737-4488-b3df-041c24d0b2de" testListId="8c84fa94-04c1-424b-9868-57a2d4851a1d" />
    <TestEntry testId="d580b3b4-4608-b446-a700-66308751b21a" executionId="800e4182-4019-4846-b6d9-df233bc2e235" testListId="8c84fa94-04c1-424b-9868-57a2d4851a1d" />
    <TestEntry testId="c1e86b7b-c734-6640-dcc1-d41dbbf447bd" executionId="e0a264ed-bffc-4f82-8a3b-490506ac2ab7" testListId="8c84fa94-04c1-424b-9868-57a2d4851a1d" />
    <TestEntry testId="6599d417-6cf9-d188-61aa-7d523c47a3ba" executionId="cb687794-b20d-47f4-949a-86bb6c7b16a3" testListId="8c84fa94-04c1-424b-9868-57a2d4851a1d" />
    <TestEntry testId="95f8077c-74fa-be2c-9c80-cb05ed928f91" executionId="3f38697e-91df-4879-ab93-f222a103da38" testListId="8c84fa94-04c1-424b-9868-57a2d4851a1d" />
    <TestEntry testId="31023400-855b-630d-5653-fe15e5bbf0ea" executionId="69b544a4-5776-4166-9546-6aa6d62badc9" testListId="8c84fa94-04c1-424b-9868-57a2d4851a1d" />
    <TestEntry testId="a6bba361-b493-8ad6-378a-35d8018262e8" executionId="a92e6812-22b8-48f9-9509-1b66e132d31b" testListId="8c84fa94-04c1-424b-9868-57a2d4851a1d" />
    <TestEntry testId="94c3dcfc-bf62-8727-ffda-fbb3cbd7d2a8" executionId="9df2941e-4504-46b5-adae-f05c2a4bb531" testListId="8c84fa94-04c1-424b-9868-57a2d4851a1d" />
    <TestEntry testId="c5981019-a71e-69c2-4483-265579011fcb" executionId="b368d516-025e-4f69-b455-dc2d6caaf3a5" testListId="8c84fa94-04c1-424b-9868-57a2d4851a1d" />
    <TestEntry testId="73e53c61-e733-10e7-3edc-2cd9125ec079" executionId="25cd52d3-8ea5-4d4e-bbeb-b58f71b9a0e2" testListId="8c84fa94-04c1-424b-9868-57a2d4851a1d" />
    <TestEntry testId="bb37d330-70c9-107e-0d7c-0ddbf2a2b4e0" executionId="39127dca-f197-4bd2-af6e-4e7b2ae30222" testListId="8c84fa94-04c1-424b-9868-57a2d4851a1d" />
    <TestEntry testId="cc3f134a-ea35-4647-935e-76cd07c6419e" executionId="fbf433ac-b40f-43db-9d43-7ae2eed775e2" testListId="8c84fa94-04c1-424b-9868-57a2d4851a1d" />
    <TestEntry testId="187b02cb-2633-3708-02b0-cfe043ed495c" executionId="d640c4e9-160a-4233-8caa-1aa46dee0aef" testListId="8c84fa94-04c1-424b-9868-57a2d4851a1d" />
    <TestEntry testId="390ba54f-e4b7-3434-086c-31b910079822" executionId="8daa8bef-b5a0-4430-bcab-68c2ad727498" testListId="8c84fa94-04c1-424b-9868-57a2d4851a1d" />
    <TestEntry testId="c5677a2b-9f8f-b253-8cb5-2e88230b7e30" executionId="7eb9fc20-2511-4e7a-8491-e1b770ce013c" testListId="8c84fa94-04c1-424b-9868-57a2d4851a1d" />
    <TestEntry testId="53493eb7-c642-45d8-c224-3c34ddfe836f" executionId="9058cb08-5b09-495f-aea5-5c20dd0d0b1e" testListId="8c84fa94-04c1-424b-9868-57a2d4851a1d" />
    <TestEntry testId="858a267f-ee6a-ae6d-b2b7-55d59022df5e" executionId="3658462d-f991-4014-be50-47e989e45bea" testListId="8c84fa94-04c1-424b-9868-57a2d4851a1d" />
    <TestEntry testId="a8f15b7b-f852-c4bf-5a75-111178ca387b" executionId="43b105a7-d939-4772-83ba-b0001c7881ac" testListId="8c84fa94-04c1-424b-9868-57a2d4851a1d" />
    <TestEntry testId="9fb9f77c-bc4d-ed12-a247-287885c138a2" executionId="3ebe488b-d2dd-4379-a2df-5a40d187bb2c" testListId="8c84fa94-04c1-424b-9868-57a2d4851a1d" />
    <TestEntry testId="6e197431-339a-98dc-0c3f-28fbe51a8eef" executionId="4ccfd284-0d67-4b55-bcc5-5d4892955c03" testListId="8c84fa94-04c1-424b-9868-57a2d4851a1d" />
    <TestEntry testId="10da3d8a-2f5d-a9fd-8354-b201539f8502" executionId="da10f82e-2f75-43f3-83aa-61f941290c64" testListId="8c84fa94-04c1-424b-9868-57a2d4851a1d" />
    <TestEntry testId="428ce4aa-5d01-cd22-2135-98b662347fa7" executionId="ae08caad-4713-40ec-b173-b8cecbe7c422" testListId="8c84fa94-04c1-424b-9868-57a2d4851a1d" />
    <TestEntry testId="66dda5bd-0293-02f0-22c6-ad3bdfe47761" executionId="e0919fe4-a450-49dc-b54e-a0060cd8cf14" testListId="8c84fa94-04c1-424b-9868-57a2d4851a1d" />
    <TestEntry testId="0184a854-dfa3-7343-69fa-255bec91f80a" executionId="b7a12a0f-e546-495c-b7ec-852f62eb3e36" testListId="8c84fa94-04c1-424b-9868-57a2d4851a1d" />
    <TestEntry testId="db2b80bb-f61d-0269-2720-d3750dd0e675" executionId="35aa3f05-baea-4d06-939d-93190b713165" testListId="8c84fa94-04c1-424b-9868-57a2d4851a1d" />
    <TestEntry testId="89d13d51-6b77-dddf-ecf3-555ad32208c7" executionId="d9d4d1f5-b187-4c44-994f-243e5f42a5ed" testListId="8c84fa94-04c1-424b-9868-57a2d4851a1d" />
    <TestEntry testId="69d9e3d2-5dfb-b3a8-553b-75b67d9ef6f6" executionId="b0a08fda-4c8e-4dc7-a7cf-0990a050f3c5" testListId="8c84fa94-04c1-424b-9868-57a2d4851a1d" />
    <TestEntry testId="eb8c06dc-d193-fb1a-cc60-e7f9450fd612" executionId="08a9435a-be7a-476f-9d2d-b19a73664975" testListId="8c84fa94-04c1-424b-9868-57a2d4851a1d" />
    <TestEntry testId="1fb62975-e34d-8f60-364c-c9c7a9c01abb" executionId="dae4a505-e773-4b8a-a000-38de750de9c6" testListId="8c84fa94-04c1-424b-9868-57a2d4851a1d" />
    <TestEntry testId="b00af85e-b98f-55c2-6158-0e14de8cf263" executionId="e3c81996-8460-4275-8898-d1074f6147a7" testListId="8c84fa94-04c1-424b-9868-57a2d4851a1d" />
    <TestEntry testId="c4730ab8-9d5f-8c0a-bbfd-d537b174bbf1" executionId="9a3d461a-04cb-474b-90b4-284a00e28b62" testListId="8c84fa94-04c1-424b-9868-57a2d4851a1d" />
    <TestEntry testId="c69328d4-a0f6-16ae-6e6b-c1f35efc3456" executionId="60bdfca7-20bb-4161-b562-c92975da99a9" testListId="8c84fa94-04c1-424b-9868-57a2d4851a1d" />
    <TestEntry testId="78484ae8-ff33-7c28-be0b-ef442e4c5d75" executionId="8118d66e-5c3e-4e77-a050-fe4e5c37583f" testListId="8c84fa94-04c1-424b-9868-57a2d4851a1d" />
    <TestEntry testId="3f97bb7b-a4a4-6c60-8152-7383ef8f5389" executionId="a9a107e2-a905-433e-9c4f-9dd777018b68" testListId="8c84fa94-04c1-424b-9868-57a2d4851a1d" />
    <TestEntry testId="978169bc-57a5-5169-fa4a-4732115fb42e" executionId="e5229294-cff5-461c-bde1-53f7796ef1dd" testListId="8c84fa94-04c1-424b-9868-57a2d4851a1d" />
    <TestEntry testId="eaf48920-42e2-838a-36a3-733b22a4b5d3" executionId="aba66474-776a-4a56-9389-3e515599284c" testListId="8c84fa94-04c1-424b-9868-57a2d4851a1d" />
    <TestEntry testId="70731a9e-5411-3ce8-e49e-a92378f1014b" executionId="3c80ea47-fb53-4445-a14b-91fed178797c" testListId="8c84fa94-04c1-424b-9868-57a2d4851a1d" />
    <TestEntry testId="3dc77a65-c8f7-89ea-e67d-aa1810986bf8" executionId="97bea58a-72f0-4d66-a283-424d387d2452" testListId="8c84fa94-04c1-424b-9868-57a2d4851a1d" />
    <TestEntry testId="ec685961-3a45-2e7b-d11b-5167de4d97a0" executionId="37586450-9376-453c-bf08-7e709fc1aba0" testListId="8c84fa94-04c1-424b-9868-57a2d4851a1d" />
    <TestEntry testId="d2aac943-45f5-eb78-2bb9-084031ff1fd4" executionId="4629b7dc-36d9-4d6b-aea2-5cfc33a5dfd1" testListId="8c84fa94-04c1-424b-9868-57a2d4851a1d" />
    <TestEntry testId="3a816a3c-d015-d516-8bb3-43eaa7336d4d" executionId="159df32c-84d3-4f17-b7b7-6250f21f89ac" testListId="8c84fa94-04c1-424b-9868-57a2d4851a1d" />
    <TestEntry testId="6b935f09-373e-d29d-842f-0f99d938c6fc" executionId="85e7c104-63d8-427a-b329-2faccf85835a" testListId="8c84fa94-04c1-424b-9868-57a2d4851a1d" />
    <TestEntry testId="da94d3ac-43af-36eb-6721-d81115d235e8" executionId="ad8c140f-0c03-4c9a-afef-af150f7a82e1" testListId="8c84fa94-04c1-424b-9868-57a2d4851a1d" />
    <TestEntry testId="1458c26e-c9fd-e8bc-f700-0847279f00ac" executionId="c796ac45-20ea-4e0b-acc4-c8828817f234" testListId="8c84fa94-04c1-424b-9868-57a2d4851a1d" />
    <TestEntry testId="5a9728bd-af80-e3f4-6126-b6c5e4482940" executionId="f2a72cd7-9dba-4080-ade3-b57e3a2346c5" testListId="8c84fa94-04c1-424b-9868-57a2d4851a1d" />
    <TestEntry testId="c1b55674-3015-ee6b-5f5b-b7e319e9c5b8" executionId="4126dec2-f31f-4cd1-bb2d-79e752e360b6" testListId="8c84fa94-04c1-424b-9868-57a2d4851a1d" />
    <TestEntry testId="3f54fc65-b286-07b5-21ff-7be8f5c85307" executionId="500aa194-9fe1-44f4-8e63-dc0aa92c933d" testListId="8c84fa94-04c1-424b-9868-57a2d4851a1d" />
    <TestEntry testId="10697021-1c24-7ff7-307c-32098d24bb46" executionId="85302dc1-6900-4f11-90f7-fca3741e1ba6" testListId="8c84fa94-04c1-424b-9868-57a2d4851a1d" />
    <TestEntry testId="49d14824-356f-224c-41eb-7d9cd0714e17" executionId="fd312911-f151-445a-b6d8-cbbcebcc89fa" testListId="8c84fa94-04c1-424b-9868-57a2d4851a1d" />
    <TestEntry testId="ae3dc229-2dde-8e9e-48cc-a7dbbadb40d2" executionId="a0737657-880d-4706-b99e-69b0ac1dcde5" testListId="8c84fa94-04c1-424b-9868-57a2d4851a1d" />
    <TestEntry testId="9b5d3947-ebb8-fd1a-249d-e0bc2e7da0de" executionId="bc2ea71a-6f33-45d3-9bdc-2b58318f8a58" testListId="8c84fa94-04c1-424b-9868-57a2d4851a1d" />
    <TestEntry testId="5182a799-6524-38c7-096f-1dddc9c98e72" executionId="a00aa833-6002-4792-b540-1a15301c4e52" testListId="8c84fa94-04c1-424b-9868-57a2d4851a1d" />
    <TestEntry testId="a6f54a8b-b619-b1d7-e05c-6ad99a7e5124" executionId="819747c0-ce8a-4ac0-b2d8-6bd0064ca282" testListId="8c84fa94-04c1-424b-9868-57a2d4851a1d" />
    <TestEntry testId="bcf3d3d4-dfa3-b11e-43d2-55c88c8ec0ca" executionId="a65ca55c-05d2-4d94-b3bc-3915296b6f1c" testListId="8c84fa94-04c1-424b-9868-57a2d4851a1d" />
    <TestEntry testId="3d0671cd-c4be-f545-0154-62f69aa8bb1d" executionId="1f91aa87-c550-46f8-8c65-3f46c54bbf91" testListId="8c84fa94-04c1-424b-9868-57a2d4851a1d" />
    <TestEntry testId="fa693faf-9709-443a-745f-b3d8feba4737" executionId="2326e7b9-1483-485a-a534-095b5030f374" testListId="8c84fa94-04c1-424b-9868-57a2d4851a1d" />
    <TestEntry testId="8ed2f235-8cb3-0ad5-1712-c800d7bcd226" executionId="c347c87e-031e-4c9d-80cd-0676f6c13299" testListId="8c84fa94-04c1-424b-9868-57a2d4851a1d" />
    <TestEntry testId="51d3f288-7cf1-a48a-8f77-39e8d851990a" executionId="de97a8a8-36c3-43d2-a87e-67a6b1e05b3f" testListId="8c84fa94-04c1-424b-9868-57a2d4851a1d" />
    <TestEntry testId="65637b77-7b0f-7813-7907-487aaed154a4" executionId="4bd2d849-fa9f-4905-948f-da85e673e4a8" testListId="8c84fa94-04c1-424b-9868-57a2d4851a1d" />
    <TestEntry testId="c350d705-297c-2f7c-59bd-4b575c87c299" executionId="e5d986ec-f8fb-4d39-9f50-fc4e1e76675d" testListId="8c84fa94-04c1-424b-9868-57a2d4851a1d" />
    <TestEntry testId="b77993e8-fe1d-c735-81b8-8902db4a2d6f" executionId="3e29c504-46bd-4a12-9579-283f312fc132" testListId="8c84fa94-04c1-424b-9868-57a2d4851a1d" />
    <TestEntry testId="605da42c-5414-51f6-52a7-2cf1e588cf25" executionId="aabfd145-2f28-4612-b6c8-232f15bf389a" testListId="8c84fa94-04c1-424b-9868-57a2d4851a1d" />
    <TestEntry testId="11cc8c5c-cc4f-1ef0-a1b4-b29a78196669" executionId="97a62100-760d-4676-a4f7-0f7c9e545a14" testListId="8c84fa94-04c1-424b-9868-57a2d4851a1d" />
    <TestEntry testId="b496a0e5-b2c5-20f1-8b05-eb90dfdf4d5e" executionId="be30fded-216a-4d63-afbe-b4a0c6335739" testListId="8c84fa94-04c1-424b-9868-57a2d4851a1d" />
    <TestEntry testId="c2979edc-2086-9a44-4a73-45c199cfbe53" executionId="d0af882c-be14-4191-848e-e5cf41b2bf6d" testListId="8c84fa94-04c1-424b-9868-57a2d4851a1d" />
    <TestEntry testId="cd154ce7-6e21-f7c4-6e43-bea32106c011" executionId="ac8f40f7-31e8-4b28-b60e-cde6ad76abb6" testListId="8c84fa94-04c1-424b-9868-57a2d4851a1d" />
    <TestEntry testId="5ec3f9fa-5e9d-7210-1e93-0d3f75f4f526" executionId="27e3f923-5ea4-47ed-9e22-e9678cb5bcb8" testListId="8c84fa94-04c1-424b-9868-57a2d4851a1d" />
    <TestEntry testId="036ce27f-69f0-653b-832c-df9de81fb862" executionId="288eddbd-463a-4376-812a-452ec0c7aa21" testListId="8c84fa94-04c1-424b-9868-57a2d4851a1d" />
    <TestEntry testId="3284d3c2-7679-9eb4-bfe8-977b1daab10e" executionId="e1fd8735-9dbc-4702-835d-5519a969840a" testListId="8c84fa94-04c1-424b-9868-57a2d4851a1d" />
    <TestEntry testId="0804c8e1-3754-adb7-4a21-311cb60b2ead" executionId="e4354ac9-7b19-4e92-8106-04257697208c" testListId="8c84fa94-04c1-424b-9868-57a2d4851a1d" />
    <TestEntry testId="d2c4f2a8-f778-2bc7-5223-fa3e696c74c4" executionId="801ddaf9-eb26-4137-94a5-d778cec1b8a1" testListId="8c84fa94-04c1-424b-9868-57a2d4851a1d" />
    <TestEntry testId="1c99eace-2c6c-c8e0-0513-e1e8f81e2847" executionId="39ad1c76-1673-4f43-ad0d-2666f88674c4" testListId="8c84fa94-04c1-424b-9868-57a2d4851a1d" />
    <TestEntry testId="3fbfae66-8300-514e-4a9d-9e1490232f1e" executionId="a47db26b-9e70-40c2-9b92-f689eaa4ce79" testListId="8c84fa94-04c1-424b-9868-57a2d4851a1d" />
    <TestEntry testId="0a2e68b2-e202-e496-73e8-ae06b07268cc" executionId="405bdaac-27ad-4291-9d52-b0b7f8b153ae" testListId="8c84fa94-04c1-424b-9868-57a2d4851a1d" />
    <TestEntry testId="b36027ae-21c0-2028-0d45-e0e69954158d" executionId="47e8bb3b-2b61-4b0f-b157-fdbe9ba0371c" testListId="8c84fa94-04c1-424b-9868-57a2d4851a1d" />
    <TestEntry testId="afd66819-33e5-ec93-71dc-1db4620ca516" executionId="854a9cd1-0e71-474c-867b-5fe1807694a8" testListId="8c84fa94-04c1-424b-9868-57a2d4851a1d" />
    <TestEntry testId="926c0220-c53d-7672-d3d2-31ce9dfb7c7d" executionId="5b4367a2-5c5f-45a0-994a-3557bc272aaf" testListId="8c84fa94-04c1-424b-9868-57a2d4851a1d" />
    <TestEntry testId="12733265-2b7d-c237-de30-abba24d913c3" executionId="01e1e7b2-cff9-40f4-810f-1d15ae1cec92" testListId="8c84fa94-04c1-424b-9868-57a2d4851a1d" />
    <TestEntry testId="20475238-b981-a68b-554a-e84863b56a8f" executionId="4fd49d73-21bb-48a2-bf51-9d73231c540a" testListId="8c84fa94-04c1-424b-9868-57a2d4851a1d" />
    <TestEntry testId="e6262c96-c548-cf06-2326-1fc153c69a8a" executionId="ac72aa9b-67f6-44ab-b5a2-00b157bca382" testListId="8c84fa94-04c1-424b-9868-57a2d4851a1d" />
    <TestEntry testId="a809f516-248c-d032-4bb7-1a2519e87e5c" executionId="fcce44d4-356c-4624-b44f-d02e028d37ad" testListId="8c84fa94-04c1-424b-9868-57a2d4851a1d" />
    <TestEntry testId="15c585f4-2ae2-9f85-3808-ab297c3b63f5" executionId="65ae18d7-b0a2-4912-8a07-f4c8c587e3d2" testListId="8c84fa94-04c1-424b-9868-57a2d4851a1d" />
    <TestEntry testId="599225d3-512c-0a68-111e-8dc88ea17e1d" executionId="1a133e6d-60fc-4f23-a986-7edaa25a8109" testListId="8c84fa94-04c1-424b-9868-57a2d4851a1d" />
    <TestEntry testId="a1cd6630-a133-c992-2029-e7b837c8a5b8" executionId="7e25f4fa-b6ef-4b81-bbb9-5f05999ac42f" testListId="8c84fa94-04c1-424b-9868-57a2d4851a1d" />
    <TestEntry testId="69b1906e-d8de-7174-42e6-f219df039bf0" executionId="41912e9a-ff8b-496f-92c6-f22cd905d3eb" testListId="8c84fa94-04c1-424b-9868-57a2d4851a1d" />
    <TestEntry testId="520915ae-eab2-18e4-c9c7-eee056ba33b5" executionId="c958e0f4-7259-4408-9dc7-5a227260a6fa" testListId="8c84fa94-04c1-424b-9868-57a2d4851a1d" />
    <TestEntry testId="265a77df-8221-8059-a51e-fc83f43e848f" executionId="5c617644-9e71-49b8-9843-50cccf13429f" testListId="8c84fa94-04c1-424b-9868-57a2d4851a1d" />
    <TestEntry testId="ab697e2c-aec9-6c9f-a286-b6798a93a6fd" executionId="75a5edf1-42f1-4efb-8272-708a83bb3a16" testListId="8c84fa94-04c1-424b-9868-57a2d4851a1d" />
    <TestEntry testId="2fa199c1-92c8-ad65-30aa-225806e27e49" executionId="f81c2bbf-1bc1-4394-91ba-839fd07b8ce6" testListId="8c84fa94-04c1-424b-9868-57a2d4851a1d" />
    <TestEntry testId="34e20121-2af6-6945-9517-33fcdce3a657" executionId="d2d80fbe-d29e-475a-984b-d9987cdf8e6d" testListId="8c84fa94-04c1-424b-9868-57a2d4851a1d" />
    <TestEntry testId="34b2ab82-a2d5-86f1-1a3f-1513d346d1d1" executionId="8e04844a-6980-4e96-b6b0-5ede4a81f722" testListId="8c84fa94-04c1-424b-9868-57a2d4851a1d" />
    <TestEntry testId="58a08754-d3f9-3581-d8af-12e3cbe8eac9" executionId="952030e3-e51c-4485-93ed-be4673e631ed" testListId="8c84fa94-04c1-424b-9868-57a2d4851a1d" />
    <TestEntry testId="385bfbab-359c-4fbb-cee6-c2fe868ddeef" executionId="6053b36e-f751-475b-8181-3616c5885c0d" testListId="8c84fa94-04c1-424b-9868-57a2d4851a1d" />
    <TestEntry testId="262bb660-0ace-caa8-60fa-c4225f8bf406" executionId="fd825761-4858-42c2-9bca-55975da358ec" testListId="8c84fa94-04c1-424b-9868-57a2d4851a1d" />
    <TestEntry testId="b3b7a6fc-026b-a639-84ae-1cbe51ac3c36" executionId="ada7fe94-5308-4864-8837-f36a0fd5cb41" testListId="8c84fa94-04c1-424b-9868-57a2d4851a1d" />
    <TestEntry testId="3bf636c4-0b35-84f1-7dbd-9b81cc1bd6fa" executionId="6f4de548-a3d7-4e8d-8939-c5a550dd09d8" testListId="8c84fa94-04c1-424b-9868-57a2d4851a1d" />
    <TestEntry testId="24ef3648-9deb-25cd-bbad-1b5db836c824" executionId="e0fe8418-5f9d-4e8a-87b6-2c00dd3f9b1b" testListId="8c84fa94-04c1-424b-9868-57a2d4851a1d" />
    <TestEntry testId="9186806c-b188-6f42-65d3-d516f8b40c01" executionId="bec38c9a-437f-4ee9-9342-720d7781b2af" testListId="8c84fa94-04c1-424b-9868-57a2d4851a1d" />
    <TestEntry testId="d5899a32-adc6-1efa-957e-8334cec72b28" executionId="4b60b3e5-d2fb-4f26-8d41-5ee133d0c847" testListId="8c84fa94-04c1-424b-9868-57a2d4851a1d" />
    <TestEntry testId="43dd8d28-dadd-9d06-c959-1df67ca43387" executionId="32c3816f-b25c-4496-a0d6-f495a1f34fc0" testListId="8c84fa94-04c1-424b-9868-57a2d4851a1d" />
    <TestEntry testId="592aaf1b-8f00-299a-f61b-ef4350f3907e" executionId="3ef06bbd-d69d-416d-b967-7a94c28a3fcd" testListId="8c84fa94-04c1-424b-9868-57a2d4851a1d" />
    <TestEntry testId="b39c1051-89ad-59ba-b934-1d6e290ee52e" executionId="03688421-7cd0-48ff-9418-bf8c935a32e3" testListId="8c84fa94-04c1-424b-9868-57a2d4851a1d" />
    <TestEntry testId="fda34ce0-3f6d-ec08-9e90-570c7f4fc990" executionId="cda911d9-358f-4bb9-ae25-bc6095d345c0" testListId="8c84fa94-04c1-424b-9868-57a2d4851a1d" />
    <TestEntry testId="58194921-091b-1207-a8ec-b526c2b4dcba" executionId="58d1b37e-588d-4250-8299-2592388402d1" testListId="8c84fa94-04c1-424b-9868-57a2d4851a1d" />
    <TestEntry testId="38364d29-c89f-e7d3-0878-1e519f663add" executionId="12005768-0c45-479d-9b9c-e262da00accd" testListId="8c84fa94-04c1-424b-9868-57a2d4851a1d" />
    <TestEntry testId="f52a05bc-f00f-c791-808b-67f9b31b97ae" executionId="b89526d8-bd88-46f4-8baf-dbcb065e6694" testListId="8c84fa94-04c1-424b-9868-57a2d4851a1d" />
    <TestEntry testId="4e2b47a2-5266-4356-7198-b44860455fc6" executionId="a374f6ea-1e56-481b-9250-ffdbf8fbc0bf" testListId="8c84fa94-04c1-424b-9868-57a2d4851a1d" />
    <TestEntry testId="129d0820-f004-8a25-7950-5c9903b96eaa" executionId="eee34cad-40e1-42b0-b1f8-f6626646af4b" testListId="8c84fa94-04c1-424b-9868-57a2d4851a1d" />
    <TestEntry testId="a1c2e1ca-9e38-844e-fd74-30c0c3f3f5a9" executionId="11e210ee-228a-4cf7-8f61-8f501d00adb3" testListId="8c84fa94-04c1-424b-9868-57a2d4851a1d" />
    <TestEntry testId="20793617-ebda-20ce-9f18-4068a1fd33d0" executionId="5fc09565-06b6-419a-b93a-0b24f0c67b8d" testListId="8c84fa94-04c1-424b-9868-57a2d4851a1d" />
    <TestEntry testId="55c44cce-b6ce-be80-d72e-7ace7fa3dcfc" executionId="eb91a2f5-3e4c-4186-b4f6-065388730330" testListId="8c84fa94-04c1-424b-9868-57a2d4851a1d" />
    <TestEntry testId="6a63e058-f4ef-58a5-eef9-93bdd21e0466" executionId="da906dfd-7f0c-470c-bff3-a733ca84e115" testListId="8c84fa94-04c1-424b-9868-57a2d4851a1d" />
    <TestEntry testId="c97eaba9-12bb-46b9-db0c-362a786b9226" executionId="dae15e3a-5bab-4411-bdef-9be75da38cd0" testListId="8c84fa94-04c1-424b-9868-57a2d4851a1d" />
    <TestEntry testId="e362e8fa-cf9e-955f-688c-8f283ccf460d" executionId="5476b8d7-857a-45fe-9f6a-1c95a537de4d" testListId="8c84fa94-04c1-424b-9868-57a2d4851a1d" />
    <TestEntry testId="387ff50d-7ea4-cfd3-b5ee-24ef5a71e51b" executionId="68bcc820-04d4-4d1e-8e32-0b98cf0bc065" testListId="8c84fa94-04c1-424b-9868-57a2d4851a1d" />
    <TestEntry testId="237e5420-377c-97f9-ca53-2f50072fe88a" executionId="2eb84130-be2b-4d68-816f-57c5fd662890" testListId="8c84fa94-04c1-424b-9868-57a2d4851a1d" />
    <TestEntry testId="793de283-9b58-b425-3911-130a4aee4721" executionId="26d045ed-a231-4046-9856-f407e2415b1c" testListId="8c84fa94-04c1-424b-9868-57a2d4851a1d" />
    <TestEntry testId="72cafa6a-2a0e-33dd-b970-b28dde18d196" executionId="4a813788-3e87-43c7-8cac-0841a4bcfddb" testListId="8c84fa94-04c1-424b-9868-57a2d4851a1d" />
    <TestEntry testId="eff70d64-25d1-9d62-90f9-3b21b14b518c" executionId="c1127a3f-95c2-4f59-838d-bd1a9eedbfe6" testListId="8c84fa94-04c1-424b-9868-57a2d4851a1d" />
    <TestEntry testId="1f247542-62a2-5efe-6eda-05377d64b6c2" executionId="ef7bd87c-2c08-4114-851a-ba5651e0d4ab" testListId="8c84fa94-04c1-424b-9868-57a2d4851a1d" />
    <TestEntry testId="524d03e7-28a8-977c-a65a-481f21dfa76b" executionId="738ad864-6cca-4607-80e1-8496976123d5" testListId="8c84fa94-04c1-424b-9868-57a2d4851a1d" />
    <TestEntry testId="d2dff9fb-428a-37d6-0686-eb8228d11a57" executionId="e10250bd-c8ef-4a3b-8be9-e4208e5a93b7" testListId="8c84fa94-04c1-424b-9868-57a2d4851a1d" />
    <TestEntry testId="8e974cd1-7f06-1a13-56bf-36d678780f75" executionId="556719eb-f2d1-46b2-acc0-eaa277f0a5c3" testListId="8c84fa94-04c1-424b-9868-57a2d4851a1d" />
    <TestEntry testId="91c078d1-b6ae-6992-897c-4ebeb646a758" executionId="0b8b42d1-c996-4d8c-bbc4-4755117d6ada" testListId="8c84fa94-04c1-424b-9868-57a2d4851a1d" />
    <TestEntry testId="0962399e-6722-6bd6-9f0a-8f67cd62c16f" executionId="44b8adab-e5fb-476a-8e42-4e54096ab665" testListId="8c84fa94-04c1-424b-9868-57a2d4851a1d" />
    <TestEntry testId="4c0d42ce-66ce-2050-8c10-b63719874b75" executionId="1580b5d7-107c-4891-a6c2-b8732c77e35f" testListId="8c84fa94-04c1-424b-9868-57a2d4851a1d" />
    <TestEntry testId="e696796f-4c0f-9654-b634-48c9fdad90be" executionId="294015f0-132c-454f-a37e-c407c336d5cc" testListId="8c84fa94-04c1-424b-9868-57a2d4851a1d" />
    <TestEntry testId="303a79e7-1c75-c596-8142-fc0f7f6f2b73" executionId="7ec40d20-332b-44ed-b621-8d4233f3ed79" testListId="8c84fa94-04c1-424b-9868-57a2d4851a1d" />
    <TestEntry testId="bc48c99d-7aaa-a497-b673-74b7d1729546" executionId="a478e2f5-ea85-45c8-8fbb-85d34fa3d396" testListId="8c84fa94-04c1-424b-9868-57a2d4851a1d" />
    <TestEntry testId="114c5e1e-5124-6282-0c19-a72778d882e8" executionId="12b84f08-6c3c-40c8-ad4f-f04d27b8b4e7" testListId="8c84fa94-04c1-424b-9868-57a2d4851a1d" />
    <TestEntry testId="499bc8c1-f0e5-839f-24c1-e257911143b4" executionId="e25a521f-ec37-4b6e-b32f-f0c318668aa1" testListId="8c84fa94-04c1-424b-9868-57a2d4851a1d" />
    <TestEntry testId="2999e951-18c2-db03-157f-a9ea26d3eb86" executionId="eb0bce04-337b-4e05-8991-4435aa215d64" testListId="8c84fa94-04c1-424b-9868-57a2d4851a1d" />
    <TestEntry testId="0ca2bc0b-3974-208e-2652-c755bceee2a6" executionId="99ea6fd2-2190-492d-be2a-28324d2755d6" testListId="8c84fa94-04c1-424b-9868-57a2d4851a1d" />
    <TestEntry testId="ee1c23d9-670a-a1c8-fa18-b8bbea01a1c9" executionId="c02fda48-4f04-49bd-950b-0d711adfbcbf" testListId="8c84fa94-04c1-424b-9868-57a2d4851a1d" />
    <TestEntry testId="1ef9fa9d-04b6-9f50-6514-c0136c2de0f1" executionId="e83dfcd3-c48c-4417-9214-dba36a27350e" testListId="8c84fa94-04c1-424b-9868-57a2d4851a1d" />
    <TestEntry testId="0ab9f54f-41ee-e21b-2952-f68ec60fd8e2" executionId="66deb241-0a78-4369-9ee8-0313b7e930a9" testListId="8c84fa94-04c1-424b-9868-57a2d4851a1d" />
    <TestEntry testId="2fdc04ec-d705-7382-0945-a6f6dfbc5ce2" executionId="2e381fd6-a172-46e8-8715-9177fda4f1e8" testListId="8c84fa94-04c1-424b-9868-57a2d4851a1d" />
    <TestEntry testId="a3854c40-be09-e615-50d8-00ce26b491f9" executionId="0876eaad-7337-4460-a668-425a6ce80099" testListId="8c84fa94-04c1-424b-9868-57a2d4851a1d" />
    <TestEntry testId="9247a585-88f5-8a77-38b6-deedba5ffe88" executionId="ee562741-7e34-4203-b5b9-f0759f44c6ad" testListId="8c84fa94-04c1-424b-9868-57a2d4851a1d" />
    <TestEntry testId="c885bfeb-e55a-c01e-dd54-17156759322b" executionId="5c58529f-6508-4439-9879-896bc5b0d567" testListId="8c84fa94-04c1-424b-9868-57a2d4851a1d" />
    <TestEntry testId="e64931e2-7ace-ca58-34d7-e025447ccf1b" executionId="3c11c40a-433e-4b49-80a3-54b5e833f9c4" testListId="8c84fa94-04c1-424b-9868-57a2d4851a1d" />
    <TestEntry testId="0f800a20-4b6d-79a0-9cdc-120aa8fa0634" executionId="f42a571d-3518-425d-bb8a-153bc37170fa" testListId="8c84fa94-04c1-424b-9868-57a2d4851a1d" />
    <TestEntry testId="883310c6-52e0-461b-a131-a4009c4bb002" executionId="402f2368-ca22-433f-aaa9-2059966bed3c" testListId="8c84fa94-04c1-424b-9868-57a2d4851a1d" />
    <TestEntry testId="593deb60-3ad4-9fdf-59f9-c22f3c1e15c1" executionId="7af716b3-1422-4732-b491-4bafb2e9e8f0" testListId="8c84fa94-04c1-424b-9868-57a2d4851a1d" />
    <TestEntry testId="3a28ec23-d147-be25-af6d-e85289351eaa" executionId="0687afde-b323-42fa-8567-47bb78f57bca" testListId="8c84fa94-04c1-424b-9868-57a2d4851a1d" />
    <TestEntry testId="e9750132-5645-51d0-f954-b61de5882f6a" executionId="b1fd0d50-95dc-43c5-aac7-9d5be7776705" testListId="8c84fa94-04c1-424b-9868-57a2d4851a1d" />
    <TestEntry testId="b83a2397-7267-dd98-c43b-8c1a6a7bb466" executionId="1d454182-ebf2-4403-8336-6d7388db399e" testListId="8c84fa94-04c1-424b-9868-57a2d4851a1d" />
    <TestEntry testId="c83b619c-baac-1971-6392-941d6fd6666a" executionId="2ccdeca3-2dc0-4f88-8302-e524a0c35719" testListId="8c84fa94-04c1-424b-9868-57a2d4851a1d" />
    <TestEntry testId="d5f913ab-de97-9505-7de4-3db5ac55faca" executionId="ff02197b-78e0-4759-94a4-019265ea3f96" testListId="8c84fa94-04c1-424b-9868-57a2d4851a1d" />
    <TestEntry testId="511aa2af-2123-d454-1da1-a7735240c66a" executionId="40cbc783-1947-4894-9af3-c85e2c4bee7b" testListId="8c84fa94-04c1-424b-9868-57a2d4851a1d" />
    <TestEntry testId="acd28f69-f3b7-ea36-2688-1a8fbef5f26c" executionId="a77db3d9-445a-408f-a719-3d6b74d47aee" testListId="8c84fa94-04c1-424b-9868-57a2d4851a1d" />
    <TestEntry testId="beb65e7e-3225-58fa-d365-9c7c9af10aac" executionId="7a581a97-eb1e-4932-8b8a-893cb037ccef" testListId="8c84fa94-04c1-424b-9868-57a2d4851a1d" />
    <TestEntry testId="e9e30ea3-624c-a7f1-3a6d-b1f9f68564cd" executionId="0690d813-077b-4e7d-9998-9ae5a5a6ef57" testListId="8c84fa94-04c1-424b-9868-57a2d4851a1d" />
    <TestEntry testId="278c1703-266c-d1e9-985c-c47924782892" executionId="81680dfc-45f7-4222-8845-79a418d7d87e" testListId="8c84fa94-04c1-424b-9868-57a2d4851a1d" />
    <TestEntry testId="228daf74-19a6-940d-41bf-55c39c47cdb2" executionId="41403e18-b65f-476c-8b39-fe2a806a0159" testListId="8c84fa94-04c1-424b-9868-57a2d4851a1d" />
    <TestEntry testId="be223d76-49f5-4b50-1e4b-9dee98e50a53" executionId="52317f47-515d-422a-8d59-fc3234dbae5b" testListId="8c84fa94-04c1-424b-9868-57a2d4851a1d" />
    <TestEntry testId="f30f405a-2ea3-71b6-8cb6-24a97ce887c8" executionId="da81c284-b8a5-4813-bed9-c6306461e713" testListId="8c84fa94-04c1-424b-9868-57a2d4851a1d" />
    <TestEntry testId="7bff65e2-f3fa-79e1-7a87-de1ab23d7780" executionId="2d4d54d7-11fe-446f-8780-112ac2cbb3d3" testListId="8c84fa94-04c1-424b-9868-57a2d4851a1d" />
    <TestEntry testId="c43011a9-bffe-1892-fcfe-3855ac1228fe" executionId="320c0766-893a-45ea-8e4e-9d9f4a87f006" testListId="8c84fa94-04c1-424b-9868-57a2d4851a1d" />
    <TestEntry testId="35da3b33-2f35-e9af-9666-4b706dcb9a9b" executionId="a4eb3545-baa0-4248-ad6f-a88b5b9d3007" testListId="8c84fa94-04c1-424b-9868-57a2d4851a1d" />
    <TestEntry testId="5ef144db-95fb-7ce4-d9c3-90847c2f9e0a" executionId="170965ed-4a25-4412-babf-5354920c1d54" testListId="8c84fa94-04c1-424b-9868-57a2d4851a1d" />
    <TestEntry testId="778cd66a-d30a-d1ee-bd3f-d10d637dcc75" executionId="6c4cab48-8f63-432f-bf60-e173a5427924" testListId="8c84fa94-04c1-424b-9868-57a2d4851a1d" />
    <TestEntry testId="863ed368-50ad-3b4c-f9bb-0120a4520edf" executionId="3ff3a356-a415-4970-8bac-eca5d9711025" testListId="8c84fa94-04c1-424b-9868-57a2d4851a1d" />
    <TestEntry testId="1d191b7b-7636-a6f9-e007-23ecfee7f4f2" executionId="337d5284-58b5-47d7-abb7-695ebea3809e" testListId="8c84fa94-04c1-424b-9868-57a2d4851a1d" />
    <TestEntry testId="c6b10470-7fcb-cae1-099f-e4a094dc7164" executionId="041bf230-8165-4f55-9208-26b36f6bf438" testListId="8c84fa94-04c1-424b-9868-57a2d4851a1d" />
    <TestEntry testId="63801b31-78d1-21cc-ecbb-6936ba36e871" executionId="c987e884-6842-4da8-ba63-3df93fc25ea8" testListId="8c84fa94-04c1-424b-9868-57a2d4851a1d" />
    <TestEntry testId="699acb7d-2f81-b462-f0d7-c99e0be8c509" executionId="8c131ef6-118e-4df8-93e4-8066de47f23f" testListId="8c84fa94-04c1-424b-9868-57a2d4851a1d" />
    <TestEntry testId="9b5a5b3d-179c-526d-9120-a1545331f422" executionId="9fa0430f-682d-4fe5-bf3a-30a271f39788" testListId="8c84fa94-04c1-424b-9868-57a2d4851a1d" />
    <TestEntry testId="b67db7bf-3097-67b9-96de-946150dc4d3b" executionId="d760384c-c99a-4c7d-abc3-bee436e43be0" testListId="8c84fa94-04c1-424b-9868-57a2d4851a1d" />
    <TestEntry testId="cec07fab-94aa-6d90-46f3-fb19ca5a4c50" executionId="481fa100-541e-478a-bc02-7980dff70a83" testListId="8c84fa94-04c1-424b-9868-57a2d4851a1d" />
    <TestEntry testId="34efb4ab-4c9c-7528-0003-574ce3cf923a" executionId="99f52565-a27f-4c7c-844d-54e7c1dd1ddf" testListId="8c84fa94-04c1-424b-9868-57a2d4851a1d" />
    <TestEntry testId="a2f7125c-668f-9ad9-2dd9-0e2beb90eb20" executionId="862c63ae-903b-4c78-9f1f-75d59d531b4c" testListId="8c84fa94-04c1-424b-9868-57a2d4851a1d" />
    <TestEntry testId="be62e135-228f-6116-5574-05bc521a74f0" executionId="b253f486-3e11-4f0a-a10d-ad5e23028044" testListId="8c84fa94-04c1-424b-9868-57a2d4851a1d" />
    <TestEntry testId="936cb23d-7d6d-3492-2814-fb1de5d506f7" executionId="768c6701-c774-42af-a3a3-8cac02076791" testListId="8c84fa94-04c1-424b-9868-57a2d4851a1d" />
    <TestEntry testId="cbd80b2d-20cd-ed2b-ee16-a530d333a914" executionId="4c3ec25f-23c5-402a-b14e-20cc7927afa9" testListId="8c84fa94-04c1-424b-9868-57a2d4851a1d" />
    <TestEntry testId="661940a8-e659-2db8-8e98-b272d7375e23" executionId="0730fb9e-4bce-4bea-bf96-96d3ed40505b" testListId="8c84fa94-04c1-424b-9868-57a2d4851a1d" />
    <TestEntry testId="ac02cc4f-162e-f8c5-9758-7fb78b3c70fb" executionId="20e3f8fa-39fd-4d88-a847-e281f38a6203" testListId="8c84fa94-04c1-424b-9868-57a2d4851a1d" />
    <TestEntry testId="384f6128-39ce-f8e8-86f8-ff1828dcdc2c" executionId="4e364fd1-e54a-49e4-89f4-c43107a79f35" testListId="8c84fa94-04c1-424b-9868-57a2d4851a1d" />
    <TestEntry testId="ba61e501-81b2-f57a-0114-af8f84b7398d" executionId="1cfe324a-034d-42a4-992d-fbd0e97f1d2e" testListId="8c84fa94-04c1-424b-9868-57a2d4851a1d" />
    <TestEntry testId="009bad64-a5cb-02e8-458c-61cf29022922" executionId="3f4c725f-669c-4f6b-ab03-24a1d0ac476f" testListId="8c84fa94-04c1-424b-9868-57a2d4851a1d" />
    <TestEntry testId="80dbf56a-13e2-7e13-7638-d8942834e36c" executionId="d19939d5-d2e8-4f12-9138-39f716d0aa57" testListId="8c84fa94-04c1-424b-9868-57a2d4851a1d" />
    <TestEntry testId="dccaa534-ed11-4c37-2f59-83726144060c" executionId="850ebdb4-345d-4057-8435-f973d9b3fb5a" testListId="8c84fa94-04c1-424b-9868-57a2d4851a1d" />
    <TestEntry testId="24df6dfc-5715-8c82-6448-9710c9401013" executionId="6b072baa-8c32-4ce3-a1b2-29519f17b8af" testListId="8c84fa94-04c1-424b-9868-57a2d4851a1d" />
    <TestEntry testId="ce582876-432c-f368-97f2-cbc33a346493" executionId="4036204d-a5c6-47bb-9cdb-3501413e11e8" testListId="8c84fa94-04c1-424b-9868-57a2d4851a1d" />
    <TestEntry testId="e50356e6-02e1-3d32-8315-45cb77b9f457" executionId="02ff3a80-117c-460c-ae5b-ca68b3494bcd" testListId="8c84fa94-04c1-424b-9868-57a2d4851a1d" />
    <TestEntry testId="7d6439ff-80b4-45d4-a3e6-9c617f49440d" executionId="4a71da79-f2a9-436b-b3ea-4b35c6bfcc09" testListId="8c84fa94-04c1-424b-9868-57a2d4851a1d" />
    <TestEntry testId="b8423752-210a-a01c-cb41-ec8e036f218b" executionId="5b9dccd4-893b-4e7b-8015-2b56aebf95d4" testListId="8c84fa94-04c1-424b-9868-57a2d4851a1d" />
    <TestEntry testId="ac7ed994-4adf-9c3c-65db-be70139507b7" executionId="016f90b5-3c7b-4115-b170-234d6b45ae8d" testListId="8c84fa94-04c1-424b-9868-57a2d4851a1d" />
    <TestEntry testId="94fe7d29-4e58-36b5-e562-f4856c485ced" executionId="0abb16a2-948e-4261-b175-9d68913ee353" testListId="8c84fa94-04c1-424b-9868-57a2d4851a1d" />
    <TestEntry testId="b94c5562-9ea4-2e4b-5566-220a54c5ced6" executionId="27ff13c5-2187-48e2-a726-c2f6f437a56d" testListId="8c84fa94-04c1-424b-9868-57a2d4851a1d" />
    <TestEntry testId="abf8936b-dad0-71ae-a7f2-8113427e3583" executionId="67255753-d7d0-4dd0-b1ba-0083caee6433" testListId="8c84fa94-04c1-424b-9868-57a2d4851a1d" />
    <TestEntry testId="847d9104-e7c2-84e0-984f-bf823ecac8ee" executionId="993b74b7-f605-4d50-8f34-03c22244af65" testListId="8c84fa94-04c1-424b-9868-57a2d4851a1d" />
    <TestEntry testId="8bdf8f64-6f19-50a0-4f8e-11cb0172bd0b" executionId="fbec3ce9-4ddf-4aba-851c-0bb1208734ff" testListId="8c84fa94-04c1-424b-9868-57a2d4851a1d" />
    <TestEntry testId="a434b8d0-b993-9947-3b37-7876d34ae0f7" executionId="646d6ca1-bb1d-4521-a8a5-1cded242e47a" testListId="8c84fa94-04c1-424b-9868-57a2d4851a1d" />
    <TestEntry testId="4d9d0cd4-8627-ee03-3c1b-4b429272aafc" executionId="6e950c30-a86a-45ed-af2f-5998699191e6" testListId="8c84fa94-04c1-424b-9868-57a2d4851a1d" />
    <TestEntry testId="4bbe79e1-836c-8abe-bcd1-cff23767707b" executionId="a020e857-f640-48f2-860d-b240701adf99" testListId="8c84fa94-04c1-424b-9868-57a2d4851a1d" />
    <TestEntry testId="6ff6fb44-7936-4da7-74b4-bd9174c9f73d" executionId="dc69e819-37d3-4d73-89e5-3f9232f11bbc" testListId="8c84fa94-04c1-424b-9868-57a2d4851a1d" />
    <TestEntry testId="bc9dafb1-8541-f9b3-ff0a-81c3d6ebc821" executionId="af07a95a-6db9-4902-9d96-8831d4d2b989" testListId="8c84fa94-04c1-424b-9868-57a2d4851a1d" />
    <TestEntry testId="2bf68f04-253e-d851-bef7-1a1a17827b8a" executionId="260f54e7-37d7-4986-a012-b1396b693bc9" testListId="8c84fa94-04c1-424b-9868-57a2d4851a1d" />
    <TestEntry testId="9578757a-9912-f049-1098-4006f9e6e75d" executionId="e3a7df3d-984e-4127-920d-ea91fa5aad69" testListId="8c84fa94-04c1-424b-9868-57a2d4851a1d" />
    <TestEntry testId="300cda21-79f8-16af-a1ef-5572cd2312d9" executionId="83624c15-98d2-4543-a23e-f2a12374fcdc" testListId="8c84fa94-04c1-424b-9868-57a2d4851a1d" />
    <TestEntry testId="a5a647d2-25e0-11f0-1a54-bf21d8a10331" executionId="5c862737-d55d-489c-aa6c-d6c5d8791014" testListId="8c84fa94-04c1-424b-9868-57a2d4851a1d" />
    <TestEntry testId="5e6c9546-aeac-1a30-70ed-f2b7709cc12f" executionId="4cddaf84-7e79-43b1-b959-5dfac932626e" testListId="8c84fa94-04c1-424b-9868-57a2d4851a1d" />
    <TestEntry testId="804b5e13-a793-f0a8-a6e9-9a4669565c50" executionId="67a20888-c475-42e7-a57a-bd2543fbad3a" testListId="8c84fa94-04c1-424b-9868-57a2d4851a1d" />
    <TestEntry testId="8699b047-b7ac-88f9-5b94-1059d847748b" executionId="6b0ed06d-41d9-4c3c-a6b2-a21c28823fdf" testListId="8c84fa94-04c1-424b-9868-57a2d4851a1d" />
    <TestEntry testId="ae5c4b2d-38cf-75ef-c4a1-b3156bae6ae6" executionId="698bd6ae-77a5-4896-a61f-2646d89375c5" testListId="8c84fa94-04c1-424b-9868-57a2d4851a1d" />
    <TestEntry testId="5d74b239-1614-234c-c9ac-21c67033aecf" executionId="417eec3e-21a7-4b46-b7ad-d0f810285c52" testListId="8c84fa94-04c1-424b-9868-57a2d4851a1d" />
    <TestEntry testId="325f3fad-7ef6-ee89-1355-8b5ce9d70b08" executionId="8900df64-f054-425c-8ffc-7715c6a80c92" testListId="8c84fa94-04c1-424b-9868-57a2d4851a1d" />
    <TestEntry testId="45f3e5c5-cf0b-0b5c-61ee-952395019322" executionId="711d14d3-de59-4882-955b-f3fa42674aad" testListId="8c84fa94-04c1-424b-9868-57a2d4851a1d" />
    <TestEntry testId="ae7e9735-b931-aac0-fbae-ba597844f3a3" executionId="1fb507a9-01b6-4e0b-bb13-b7f6c5b517ef" testListId="8c84fa94-04c1-424b-9868-57a2d4851a1d" />
    <TestEntry testId="36edbda0-198a-07a1-1187-3a3c45fe5133" executionId="bf309c71-74be-4d90-86b7-dc67e379ca83" testListId="8c84fa94-04c1-424b-9868-57a2d4851a1d" />
    <TestEntry testId="acc8ab48-77f8-41c4-6b64-1765175c52e7" executionId="71a444b2-5336-4fb4-9530-d7cd8124e4be" testListId="8c84fa94-04c1-424b-9868-57a2d4851a1d" />
    <TestEntry testId="fc6e04e7-1814-82d6-37a7-c24d4baeb3cb" executionId="11084045-8f0e-42bf-aedf-ee6b5e6bb840" testListId="8c84fa94-04c1-424b-9868-57a2d4851a1d" />
    <TestEntry testId="e0cab643-f364-1960-6c58-a63aabdc0831" executionId="ed4e4c75-0344-45fa-aa12-a4228414972f" testListId="8c84fa94-04c1-424b-9868-57a2d4851a1d" />
    <TestEntry testId="82234017-d40e-529c-df45-f9ca8079e507" executionId="bd90212b-7b18-4c36-bfc5-8d16a7f8cb98" testListId="8c84fa94-04c1-424b-9868-57a2d4851a1d" />
    <TestEntry testId="724d1673-85ed-5df0-60b2-4269bffceb52" executionId="371f8f0e-6f57-45ad-b209-f30eeb2164bd" testListId="8c84fa94-04c1-424b-9868-57a2d4851a1d" />
    <TestEntry testId="c5d24360-3f41-ef7c-a904-90eaaebdce61" executionId="0653dee6-91c8-4ab8-92f9-48e4a5d7f554" testListId="8c84fa94-04c1-424b-9868-57a2d4851a1d" />
    <TestEntry testId="0f122b05-54f0-9456-9a94-ca2e9d81e043" executionId="cc2602c1-1713-48c7-bd0c-214a72b41d72" testListId="8c84fa94-04c1-424b-9868-57a2d4851a1d" />
    <TestEntry testId="6adaada0-9467-a84d-27f9-217998f433a3" executionId="eb90fc79-ffc2-4ebf-8b8d-9c02a8e6b1ce" testListId="8c84fa94-04c1-424b-9868-57a2d4851a1d" />
    <TestEntry testId="2c0a4f6c-77b2-97ed-a35f-1f44583e24dc" executionId="ddfe0957-55be-447c-9b48-880f64418d3a" testListId="8c84fa94-04c1-424b-9868-57a2d4851a1d" />
    <TestEntry testId="a8394f44-5619-6438-e4e6-69333b297fed" executionId="ade2522d-f4ca-4a25-ae65-e8b2e525bcb7" testListId="8c84fa94-04c1-424b-9868-57a2d4851a1d" />
    <TestEntry testId="a64573bb-f1c8-98cb-d96b-a602664bd64d" executionId="bf0a3704-ac39-4520-b6b1-4a3d02c06c1d" testListId="8c84fa94-04c1-424b-9868-57a2d4851a1d" />
    <TestEntry testId="6f0c63a8-1087-72b1-ecbe-a7d5398aab5f" executionId="f13fa7dc-634c-4594-88cb-253a3e9776bf" testListId="8c84fa94-04c1-424b-9868-57a2d4851a1d" />
    <TestEntry testId="c78a166b-77e4-b21b-7523-ffb513331d28" executionId="871512ce-e680-4020-8026-4972bbd1c393" testListId="8c84fa94-04c1-424b-9868-57a2d4851a1d" />
    <TestEntry testId="18870a5f-e00d-2bcd-eb86-a42ade1f10bb" executionId="90f01d1b-2f5e-48b8-b60f-c888e9d62859" testListId="8c84fa94-04c1-424b-9868-57a2d4851a1d" />
    <TestEntry testId="b13d1658-3a79-ded8-cd35-672a21e8ca3a" executionId="6fbd8018-1d8f-4850-8cd8-f89eb1813e3f" testListId="8c84fa94-04c1-424b-9868-57a2d4851a1d" />
    <TestEntry testId="346157a9-1e5c-c324-5563-2b772d37623a" executionId="59e9adb7-a0b4-410b-b407-b9d11df276eb" testListId="8c84fa94-04c1-424b-9868-57a2d4851a1d" />
    <TestEntry testId="30b5b4d3-959f-4381-35a4-6dad35b0db03" executionId="6137a400-c49d-4bca-824d-132abe58eee7" testListId="8c84fa94-04c1-424b-9868-57a2d4851a1d" />
    <TestEntry testId="a46f0562-eaf9-3a9f-6539-00b376033ffe" executionId="4f18b768-ea9a-4b48-942d-9196ab91f758" testListId="8c84fa94-04c1-424b-9868-57a2d4851a1d" />
    <TestEntry testId="c4fbc45a-1d74-add6-a670-3646759866d6" executionId="44099b54-19e8-46a1-b83a-0ffc853510f1" testListId="8c84fa94-04c1-424b-9868-57a2d4851a1d" />
    <TestEntry testId="4adb92ee-79bd-ffde-a632-8679f91afcf4" executionId="0daf4a63-0d96-4df2-9b97-8e54c5acb6d6" testListId="8c84fa94-04c1-424b-9868-57a2d4851a1d" />
    <TestEntry testId="e3aea890-fa6c-5397-912b-324e798ba894" executionId="4b9dbea1-26de-4287-9352-50ee9ff54cde" testListId="8c84fa94-04c1-424b-9868-57a2d4851a1d" />
    <TestEntry testId="d3a9100d-a9e7-cb85-f9e4-e1e52baf646b" executionId="198ce8b0-b88a-4a3f-8d50-2ada5106eeb1" testListId="8c84fa94-04c1-424b-9868-57a2d4851a1d" />
    <TestEntry testId="75dc72a2-f12e-beca-e0a1-c53642499c34" executionId="b36730ad-297d-4775-aedd-29f891326290" testListId="8c84fa94-04c1-424b-9868-57a2d4851a1d" />
    <TestEntry testId="79ca96c2-de0d-4cb9-31f2-fe8d9ff5eb9f" executionId="034759f6-5b8a-4d4b-8cf7-71c03ce16c78" testListId="8c84fa94-04c1-424b-9868-57a2d4851a1d" />
    <TestEntry testId="e1c11211-08f2-fe8b-2a1a-f5ea8cbe5156" executionId="069cf6a1-eefa-40c1-99c5-428b293dfe30" testListId="8c84fa94-04c1-424b-9868-57a2d4851a1d" />
    <TestEntry testId="613dee43-4159-6c7f-9db6-aca4c7442130" executionId="62fc7e02-df78-40db-af9c-8367dcada609" testListId="8c84fa94-04c1-424b-9868-57a2d4851a1d" />
    <TestEntry testId="b538c639-ef77-3920-3aeb-60e2cd667fca" executionId="d0ce1e68-291d-4ccd-8396-a70f3c1e243b" testListId="8c84fa94-04c1-424b-9868-57a2d4851a1d" />
    <TestEntry testId="03293ed6-a40b-edb4-35bb-245bfec22d53" executionId="985d629d-3a6c-4dce-8156-dc524c75de15" testListId="8c84fa94-04c1-424b-9868-57a2d4851a1d" />
    <TestEntry testId="a073a537-bb51-16e1-c419-cb94c2999ae7" executionId="c9dd719e-6baa-48ae-8198-dd88c29db5e7" testListId="8c84fa94-04c1-424b-9868-57a2d4851a1d" />
    <TestEntry testId="93eae9b9-fe0b-5c0b-ac4d-3c4ed4bd6bc3" executionId="04366d65-b866-4421-909d-d0994328dc7e" testListId="8c84fa94-04c1-424b-9868-57a2d4851a1d" />
    <TestEntry testId="f76ccab6-81f4-c469-b136-1d2fa2f441f9" executionId="e0e99291-ea09-4086-b0b5-cf828ffab7da" testListId="8c84fa94-04c1-424b-9868-57a2d4851a1d" />
    <TestEntry testId="cde79e5d-2221-76c6-9d5b-2038580227cb" executionId="0abfe79b-4a72-4e66-b4a3-e2d90e4af9f8" testListId="8c84fa94-04c1-424b-9868-57a2d4851a1d" />
    <TestEntry testId="328149e2-878f-79db-ec8e-8677770b1561" executionId="551dd608-6e39-4507-a5b9-053a2aaff3c7" testListId="8c84fa94-04c1-424b-9868-57a2d4851a1d" />
    <TestEntry testId="1deea6a9-a31e-a48a-688a-027a5efddf92" executionId="581d9833-0bf9-4e73-bee9-12269b7e6803" testListId="8c84fa94-04c1-424b-9868-57a2d4851a1d" />
    <TestEntry testId="df8c33d0-d879-ad87-a6f2-914c7f9bc43b" executionId="7d295827-bcbc-4ce1-80cd-a51b3692e166" testListId="8c84fa94-04c1-424b-9868-57a2d4851a1d" />
    <TestEntry testId="7b075a53-247e-1454-2e40-5c30007e2304" executionId="df1a9977-da1f-48cb-9de2-79d7930d32ff" testListId="8c84fa94-04c1-424b-9868-57a2d4851a1d" />
    <TestEntry testId="41e66f34-230a-3753-01bc-abdd77965d36" executionId="83e95e9f-7bce-4ca5-b141-8111506833f4" testListId="8c84fa94-04c1-424b-9868-57a2d4851a1d" />
    <TestEntry testId="0533e0fe-df66-1ea7-c2df-e4ce4b1548a7" executionId="e434c82c-d609-428a-9392-f87be5b7c14c" testListId="8c84fa94-04c1-424b-9868-57a2d4851a1d" />
    <TestEntry testId="9b4fac3d-2ae2-e57e-6b9a-188382130bb2" executionId="aa2b7b5e-9255-4c38-9dde-61af63eba458" testListId="8c84fa94-04c1-424b-9868-57a2d4851a1d" />
    <TestEntry testId="9bd60b5e-0f21-91d7-e3f3-7404e39edac1" executionId="70bed003-ba64-427a-8a92-ea58a167c23c" testListId="8c84fa94-04c1-424b-9868-57a2d4851a1d" />
    <TestEntry testId="4178f710-1c0d-3f87-d897-33cbb54f1d5c" executionId="c43917f9-1c2a-4a5f-8b47-6de57c7fb083" testListId="8c84fa94-04c1-424b-9868-57a2d4851a1d" />
    <TestEntry testId="ea9ebb11-ea77-4694-696b-d06ee0a2a731" executionId="1aedf4b0-00cf-4f6c-86ab-035dd8caacb2" testListId="8c84fa94-04c1-424b-9868-57a2d4851a1d" />
    <TestEntry testId="35eab3a8-e310-a103-3496-599d135029c1" executionId="fc761ab2-1161-4030-8c87-c4da7778c42b" testListId="8c84fa94-04c1-424b-9868-57a2d4851a1d" />
    <TestEntry testId="e11c127e-d735-902b-aaaf-7c58f71fdba3" executionId="dafee2a6-11a0-4c73-af4b-496155e8b7dd" testListId="8c84fa94-04c1-424b-9868-57a2d4851a1d" />
    <TestEntry testId="8d39ec3b-9bc1-2390-da4c-41f9ca676448" executionId="a7ba58be-0875-4897-881c-69f322ddad3b" testListId="8c84fa94-04c1-424b-9868-57a2d4851a1d" />
    <TestEntry testId="e716f945-54ec-93a4-ac34-96a3d362b106" executionId="dbe3d80e-63ff-4320-9b3e-bd36e533fd41" testListId="8c84fa94-04c1-424b-9868-57a2d4851a1d" />
    <TestEntry testId="cf2eb544-ce12-beaf-e33a-8c9a6c40408d" executionId="44e1955c-2b72-4095-874b-b84a333cf4fc" testListId="8c84fa94-04c1-424b-9868-57a2d4851a1d" />
    <TestEntry testId="4f2cf9c7-5e93-e4c2-7031-b19171d78b24" executionId="8f3b4fe7-ede4-4eed-844d-61fdf499df45" testListId="8c84fa94-04c1-424b-9868-57a2d4851a1d" />
    <TestEntry testId="239f27e5-620b-9270-7a74-58ca99aa6bb8" executionId="35707c35-2dea-45fb-bfe8-5e9ec5e21f38" testListId="8c84fa94-04c1-424b-9868-57a2d4851a1d" />
    <TestEntry testId="e444ed0a-4571-5b64-e3e6-3fcb2ecf7394" executionId="e57e156e-107f-4377-adb8-8fa3e64bd091" testListId="8c84fa94-04c1-424b-9868-57a2d4851a1d" />
    <TestEntry testId="c62ea68c-7565-525c-aa20-ea90735e1a18" executionId="11b72240-5c6e-495b-9aa6-46e11d442181" testListId="8c84fa94-04c1-424b-9868-57a2d4851a1d" />
    <TestEntry testId="18bcd173-5d17-509d-5263-3bb6471de613" executionId="d769a3db-b577-42fd-9ef7-7449b783ddfc" testListId="8c84fa94-04c1-424b-9868-57a2d4851a1d" />
    <TestEntry testId="c04e3f5c-48bf-91d2-51a4-51463bfbe68f" executionId="2a247062-33d9-4aaf-8e70-ccc8c763e920" testListId="8c84fa94-04c1-424b-9868-57a2d4851a1d" />
    <TestEntry testId="767b5a2f-6490-c6f2-3942-9bc15c9dfa25" executionId="351ab7d8-a355-45a7-b55f-30f5c9fc5c50" testListId="8c84fa94-04c1-424b-9868-57a2d4851a1d" />
    <TestEntry testId="e0f63bb4-b4ea-d2f5-0179-fa9c862ceef6" executionId="37f3c674-8274-4dab-8b9d-9d6bb68fe611" testListId="8c84fa94-04c1-424b-9868-57a2d4851a1d" />
    <TestEntry testId="32ff4bea-34ed-8e32-2d8a-70333353767b" executionId="af4839e6-14fc-43e9-ae3b-3f732f2e8c2e" testListId="8c84fa94-04c1-424b-9868-57a2d4851a1d" />
    <TestEntry testId="5eee057a-50c8-83d7-581d-4499d35afe73" executionId="7b1f0e65-c46c-4cc8-9b90-851bad8c55a1" testListId="8c84fa94-04c1-424b-9868-57a2d4851a1d" />
    <TestEntry testId="70142317-2c2a-f0d3-63ae-2ad93b01369f" executionId="307eed71-a5c8-4077-9d2b-8111599c3e73" testListId="8c84fa94-04c1-424b-9868-57a2d4851a1d" />
    <TestEntry testId="2c9df544-5832-376a-ecd1-0022cbcad4d4" executionId="fd1831a5-94cb-4793-b2bb-d3650d80f7dd" testListId="8c84fa94-04c1-424b-9868-57a2d4851a1d" />
    <TestEntry testId="90e6a74f-f40f-d1ac-3e71-8dd8bdb2529a" executionId="5a777769-f1a0-47dc-9b25-c14296cb3154" testListId="8c84fa94-04c1-424b-9868-57a2d4851a1d" />
    <TestEntry testId="c5ec0c93-b563-7cc6-d38a-430c985d555a" executionId="6df7e4ce-0e8a-4d3c-95e9-db998c97f8c8" testListId="8c84fa94-04c1-424b-9868-57a2d4851a1d" />
    <TestEntry testId="730cdf52-2633-db1a-86d9-73750d890a9a" executionId="b2b4f450-116b-4325-8f6e-c5606c4bf05e" testListId="8c84fa94-04c1-424b-9868-57a2d4851a1d" />
    <TestEntry testId="d547e62b-f7e1-cf54-5064-f6feba255027" executionId="c7836cdd-2e9b-419e-94e3-612a683b2209" testListId="8c84fa94-04c1-424b-9868-57a2d4851a1d" />
    <TestEntry testId="b47e6397-a17a-3c81-17ca-0f1ea8a06cd7" executionId="ae98033f-e1f0-42d9-8c97-e76d7e7431bc" testListId="8c84fa94-04c1-424b-9868-57a2d4851a1d" />
    <TestEntry testId="21b9da98-3fca-c946-c8d3-98744c275416" executionId="be081b82-3177-4ce1-92c3-5d0329c75a78" testListId="8c84fa94-04c1-424b-9868-57a2d4851a1d" />
    <TestEntry testId="2dfc72f1-8ea0-3597-b915-9098ae8a8076" executionId="b0e489b7-aaa3-4d24-be4e-5cc0ab025124" testListId="8c84fa94-04c1-424b-9868-57a2d4851a1d" />
    <TestEntry testId="169cb8d0-61dd-f4f3-3122-e6f9453cd013" executionId="4a4896cb-d341-41b4-8cc3-58a9fe4e8730" testListId="8c84fa94-04c1-424b-9868-57a2d4851a1d" />
    <TestEntry testId="cdc569e9-27f7-d80e-24d8-e55e913b3c21" executionId="214b2026-6f7b-4f06-899d-c3255c372f7b" testListId="8c84fa94-04c1-424b-9868-57a2d4851a1d" />
    <TestEntry testId="4b52b999-f71d-dda3-4ddd-1913ade28549" executionId="f03773f9-20d0-4737-9048-8391d61b43d2" testListId="8c84fa94-04c1-424b-9868-57a2d4851a1d" />
    <TestEntry testId="962aaaa5-2ce0-ac7c-d46c-57a0fda4dd48" executionId="6f9822d0-3cfc-4841-9aba-38e335b44db1" testListId="8c84fa94-04c1-424b-9868-57a2d4851a1d" />
    <TestEntry testId="e52b29a5-8d6d-b7a4-61f7-0347777f998d" executionId="cac81d4a-9e29-44f3-b057-1f6580b451ba" testListId="8c84fa94-04c1-424b-9868-57a2d4851a1d" />
    <TestEntry testId="8461b1ac-1757-a83b-d3aa-709b32578054" executionId="69cb716b-9877-4651-837c-373c0e7cadee" testListId="8c84fa94-04c1-424b-9868-57a2d4851a1d" />
    <TestEntry testId="31ae5e43-f63f-ebc1-c483-3a061e533c4f" executionId="dc790849-62cb-4ee2-b7f3-abfbd06e9a63" testListId="8c84fa94-04c1-424b-9868-57a2d4851a1d" />
    <TestEntry testId="15da8af5-67e7-c5f5-152b-5c2ae2b44d6f" executionId="716dfa46-6d2c-4383-8676-c9ff5c7fe183" testListId="8c84fa94-04c1-424b-9868-57a2d4851a1d" />
    <TestEntry testId="1dc9dade-fed7-c7dd-8a61-8b16aef94ccd" executionId="0c85eb64-c9c9-4f58-b9b2-8f2a267d2cae" testListId="8c84fa94-04c1-424b-9868-57a2d4851a1d" />
    <TestEntry testId="128a218e-9f14-3fbd-2528-6d0e1d232d56" executionId="f2130e6f-1c84-46d4-958a-013e4fc5a6a2" testListId="8c84fa94-04c1-424b-9868-57a2d4851a1d" />
    <TestEntry testId="ab6f506b-26b6-667e-3cff-f93115a0bdf4" executionId="48fe0290-a04f-402c-b0ca-1748ee34d2ba" testListId="8c84fa94-04c1-424b-9868-57a2d4851a1d" />
    <TestEntry testId="82c53141-704e-d3f8-623b-3a966f83a1ec" executionId="4f5fa458-d584-4ae8-aff9-99d0e0ae85b9" testListId="8c84fa94-04c1-424b-9868-57a2d4851a1d" />
    <TestEntry testId="b4846ad7-5994-86f0-1d6c-677dce3fddfe" executionId="bc685a72-abb3-4d30-b112-06ac739a7848" testListId="8c84fa94-04c1-424b-9868-57a2d4851a1d" />
    <TestEntry testId="6afff3c7-3024-e84f-05d3-700acbb3b726" executionId="1c2277ff-cfec-400a-bd2d-a72c261ff60e" testListId="8c84fa94-04c1-424b-9868-57a2d4851a1d" />
    <TestEntry testId="d923f782-5891-e0a1-1fb0-09af1d085533" executionId="4ee35d4b-2a03-47b1-a570-19242eda24e8" testListId="8c84fa94-04c1-424b-9868-57a2d4851a1d" />
    <TestEntry testId="cbf53f44-b220-35b4-82a6-cf9a976aad06" executionId="cf44025d-b59a-4afc-92f0-a370f25e8e3b" testListId="8c84fa94-04c1-424b-9868-57a2d4851a1d" />
    <TestEntry testId="ff6a3428-82f4-6b55-98c2-f7f37f551b28" executionId="af475647-5400-4b99-9c5e-83827d72de3a" testListId="8c84fa94-04c1-424b-9868-57a2d4851a1d" />
    <TestEntry testId="9f2a9b1b-b904-8eb8-b3f0-28d97891410d" executionId="0ee53c8b-a3b7-4a4d-93d7-ac0ec900fa94" testListId="8c84fa94-04c1-424b-9868-57a2d4851a1d" />
    <TestEntry testId="36782e56-e877-cfa5-219c-27b156b755c9" executionId="ddff6d12-e056-425b-b5bf-2fb5a9c3e5e8" testListId="8c84fa94-04c1-424b-9868-57a2d4851a1d" />
    <TestEntry testId="54c82c53-98f3-849d-7576-b87dae045189" executionId="4e8beb08-f277-46e8-b532-8c50dae6e6b2" testListId="8c84fa94-04c1-424b-9868-57a2d4851a1d" />
    <TestEntry testId="f02d1f07-3b1a-f458-1977-e028463ad15d" executionId="be2f93f4-b96e-4b96-9df2-933a4dad5db2" testListId="8c84fa94-04c1-424b-9868-57a2d4851a1d" />
    <TestEntry testId="627813a4-5ca1-3358-520b-b127d849279f" executionId="c5ebb5aa-947f-405e-9833-d64111ebaf34" testListId="8c84fa94-04c1-424b-9868-57a2d4851a1d" />
    <TestEntry testId="21670dfe-2740-48b1-5bb3-97966afce165" executionId="ffd0e727-a1d5-4f6d-9b5c-2a52f75f1980" testListId="8c84fa94-04c1-424b-9868-57a2d4851a1d" />
    <TestEntry testId="dcdcd1a6-dc06-9477-8ca2-25b3b950de0f" executionId="0b2cb755-b679-4ed3-a58e-5f3f95c2cdbd" testListId="8c84fa94-04c1-424b-9868-57a2d4851a1d" />
    <TestEntry testId="c2cc184b-3fdf-70c1-3353-e7d71f74b4f3" executionId="332da2a0-f5fd-4f40-888b-0bd9728731e8" testListId="8c84fa94-04c1-424b-9868-57a2d4851a1d" />
    <TestEntry testId="76a223c5-4dcf-cb15-0f63-9bac602a4253" executionId="6ea6a769-9fec-48e2-be7e-b9b6d4522789" testListId="8c84fa94-04c1-424b-9868-57a2d4851a1d" />
    <TestEntry testId="b5a9a891-df9b-cba8-82d9-e6db7c61cdc6" executionId="a214ab40-09ac-4451-a6a2-1c8d98e4a7c2" testListId="8c84fa94-04c1-424b-9868-57a2d4851a1d" />
    <TestEntry testId="83532134-ffa6-3ecf-13ca-11f9aafeb8b0" executionId="f7065b43-efda-4391-8a7c-e31c2b23013e" testListId="8c84fa94-04c1-424b-9868-57a2d4851a1d" />
    <TestEntry testId="754aabb1-bdb6-6cec-137f-3776872ef05e" executionId="02111bf0-c1a3-42b6-a9f2-3d3cf193a988" testListId="8c84fa94-04c1-424b-9868-57a2d4851a1d" />
    <TestEntry testId="8105b8fc-2cc8-1530-e7fd-497367651cbc" executionId="b5a8f11b-ba81-447d-890f-1b8e4c369257" testListId="8c84fa94-04c1-424b-9868-57a2d4851a1d" />
    <TestEntry testId="a57238b4-cbe8-0e41-ec66-102bcf9c106d" executionId="6c803e0f-4520-4977-98a6-4930d902c080" testListId="8c84fa94-04c1-424b-9868-57a2d4851a1d" />
    <TestEntry testId="052f0130-862b-a8d7-9a80-fb0420c59058" executionId="dfc840e2-3045-4181-993f-91a74e65e930" testListId="8c84fa94-04c1-424b-9868-57a2d4851a1d" />
    <TestEntry testId="0edc7e14-7a0b-541e-2a22-442064883284" executionId="987c4581-97de-4310-9049-8bae4236b87d" testListId="8c84fa94-04c1-424b-9868-57a2d4851a1d" />
    <TestEntry testId="6b2ce5ee-eb20-e92c-d7d7-88136af2a503" executionId="19cc3d79-d81f-4f82-9fe7-d05f5ddfcc58" testListId="8c84fa94-04c1-424b-9868-57a2d4851a1d" />
    <TestEntry testId="c05f1b88-4065-db39-928d-7156b1377439" executionId="3bd314a2-7898-40a4-ae18-b0e573aaa045" testListId="8c84fa94-04c1-424b-9868-57a2d4851a1d" />
    <TestEntry testId="ec3c8a9d-6215-3f76-cfba-9c97b5e7e6af" executionId="4751496f-481e-4963-be6c-324a3937b824" testListId="8c84fa94-04c1-424b-9868-57a2d4851a1d" />
    <TestEntry testId="e5242750-ebd7-d8d1-a076-03aa6b0fe92a" executionId="5e6e5429-c5db-4d75-9814-2775cb4ce1eb" testListId="8c84fa94-04c1-424b-9868-57a2d4851a1d" />
    <TestEntry testId="18a745dd-52d9-3193-e499-6d40e57d00eb" executionId="ef9242e6-f2b8-4058-a8cc-d4c6b6051eb7" testListId="8c84fa94-04c1-424b-9868-57a2d4851a1d" />
    <TestEntry testId="54fe77ed-8ef0-4c75-ecc8-9989f724ff18" executionId="7c48c9da-f342-4e59-b26f-b59bf30bc3ca" testListId="8c84fa94-04c1-424b-9868-57a2d4851a1d" />
    <TestEntry testId="eb25c6e2-5fd6-f32e-d820-4d225daabb3f" executionId="0cba6e43-fac8-43ea-bee7-e0606b95ea75" testListId="8c84fa94-04c1-424b-9868-57a2d4851a1d" />
    <TestEntry testId="7e115fa3-a0c0-d9eb-292c-85fb1e17f2e0" executionId="c721e6ec-8260-4e22-9948-593c785fe9fd" testListId="8c84fa94-04c1-424b-9868-57a2d4851a1d" />
    <TestEntry testId="7ce937c4-aa62-e214-525d-bd464b969cb4" executionId="1ec9fe64-c296-4895-8b71-d96b6c1974d1" testListId="8c84fa94-04c1-424b-9868-57a2d4851a1d" />
    <TestEntry testId="d0f2dbc2-7265-78d9-e0b1-958613cc0245" executionId="ad7ded03-2720-406e-8fa2-ea873c39ffc3" testListId="8c84fa94-04c1-424b-9868-57a2d4851a1d" />
    <TestEntry testId="907625f8-dcf2-abc9-cba2-68455395a2e2" executionId="48bae6c4-3bbe-43ec-9788-dfee8b15c142" testListId="8c84fa94-04c1-424b-9868-57a2d4851a1d" />
    <TestEntry testId="9dfeec4c-2535-28bc-6785-907a3cc4e3ed" executionId="70022e26-bd87-41a2-8d84-b3fa7a2b08d8" testListId="8c84fa94-04c1-424b-9868-57a2d4851a1d" />
    <TestEntry testId="5d646e30-3cc5-51ed-f5b8-066880e449a9" executionId="13b036cd-0d2d-4854-ac31-1c3ab3d955d5" testListId="8c84fa94-04c1-424b-9868-57a2d4851a1d" />
    <TestEntry testId="9e4d477b-1325-07df-82be-66f4f08a875b" executionId="68aaaa67-f650-4d34-a68b-2594691c23ea" testListId="8c84fa94-04c1-424b-9868-57a2d4851a1d" />
    <TestEntry testId="3f087f96-8ec3-6141-ee07-d6c70d3f6ded" executionId="95327f19-415c-42bc-8cfb-c52368ef6ec6" testListId="8c84fa94-04c1-424b-9868-57a2d4851a1d" />
    <TestEntry testId="fad06ccf-ca58-999d-5a9f-f989521f9067" executionId="cc6f36ea-b6f2-404c-b20c-4c07fb190df2" testListId="8c84fa94-04c1-424b-9868-57a2d4851a1d" />
    <TestEntry testId="f79dd0ec-cf0c-3210-48f4-7f6b453331d4" executionId="4c766904-31a3-4853-9985-aa4b926be7f3" testListId="8c84fa94-04c1-424b-9868-57a2d4851a1d" />
    <TestEntry testId="8c242a67-848c-0461-e550-53d2ce7f8c42" executionId="64c78aaf-38ba-4a30-ad63-2cd66ed7c637" testListId="8c84fa94-04c1-424b-9868-57a2d4851a1d" />
    <TestEntry testId="aa9bac1d-3eec-e66b-ae83-129fdb2c0443" executionId="4b695646-5625-4afa-ae37-4e062f914d07" testListId="8c84fa94-04c1-424b-9868-57a2d4851a1d" />
    <TestEntry testId="c860fff9-bff4-125b-59ec-9f40c1b7bae9" executionId="058a2f21-803d-4bad-8c71-2fa196a8dcbd" testListId="8c84fa94-04c1-424b-9868-57a2d4851a1d" />
    <TestEntry testId="06166c9b-6243-2543-7242-d474b7f40fff" executionId="4c75ec68-90df-4736-b008-cec8ef1f0bb0" testListId="8c84fa94-04c1-424b-9868-57a2d4851a1d" />
    <TestEntry testId="ce2dbedd-ee25-4d40-87e3-b2ea85f50c83" executionId="e5410926-90c7-4179-9013-fea8071a5e1c" testListId="8c84fa94-04c1-424b-9868-57a2d4851a1d" />
    <TestEntry testId="ca47fe71-ac65-8cc1-5605-9c87904a0dd5" executionId="c975d7c4-a313-478c-bd98-9ffc8b07a6d1" testListId="8c84fa94-04c1-424b-9868-57a2d4851a1d" />
    <TestEntry testId="cbdd6d1e-b637-61f8-9dc7-5d1cec257362" executionId="90df738e-693f-47bd-928c-d29df376d9e0" testListId="8c84fa94-04c1-424b-9868-57a2d4851a1d" />
    <TestEntry testId="8ba7f2f3-e538-5dda-cbfc-ddbf8f1ff431" executionId="58b16496-793a-47d6-8437-7587338b4a37" testListId="8c84fa94-04c1-424b-9868-57a2d4851a1d" />
    <TestEntry testId="edda6d01-ea34-0f7e-c292-6f2ad933c92f" executionId="6490a09a-922a-4f9c-a9ea-05e7abb217a0" testListId="8c84fa94-04c1-424b-9868-57a2d4851a1d" />
    <TestEntry testId="a70b7274-51b0-cb9a-3941-61e7f769f076" executionId="027e5ac3-6a03-47ad-975d-3f92846a21f9" testListId="8c84fa94-04c1-424b-9868-57a2d4851a1d" />
    <TestEntry testId="29a8ea38-97e9-c762-e921-b7e907f54058" executionId="9fc96e90-73a5-4249-a804-685ec8f1a7c0" testListId="8c84fa94-04c1-424b-9868-57a2d4851a1d" />
    <TestEntry testId="0218765c-fea3-066c-34f0-94e42cbec409" executionId="6c305871-599d-49f8-9744-2479f13a8358" testListId="8c84fa94-04c1-424b-9868-57a2d4851a1d" />
    <TestEntry testId="30eb7273-fe2e-768a-c2ec-4e1083e8cacc" executionId="9005f6c6-01c9-4de7-81a6-509b7eee12d3" testListId="8c84fa94-04c1-424b-9868-57a2d4851a1d" />
    <TestEntry testId="2c6518d5-9025-0b0a-e535-e9115eeaba83" executionId="bca3aaec-035c-44db-985f-824d8e6a1425" testListId="8c84fa94-04c1-424b-9868-57a2d4851a1d" />
    <TestEntry testId="fc7c7a6e-d0af-039f-7c91-5436416fd918" executionId="5d876159-1a6c-4fe8-9b8a-f3ab5273d1c3" testListId="8c84fa94-04c1-424b-9868-57a2d4851a1d" />
    <TestEntry testId="7276cbac-1ed1-d84f-cbd8-eaeb485b84ba" executionId="09481273-13d3-4a24-98b2-37082848cecb" testListId="8c84fa94-04c1-424b-9868-57a2d4851a1d" />
    <TestEntry testId="ebdafbeb-a8b8-4969-16c1-d69fdd91e719" executionId="0d988412-c818-4106-a1c9-84bc025baf95" testListId="8c84fa94-04c1-424b-9868-57a2d4851a1d" />
    <TestEntry testId="922e132d-be8f-ff11-e09c-237c884c2026" executionId="42ba1818-c136-42d9-9dcd-5554b29ae493" testListId="8c84fa94-04c1-424b-9868-57a2d4851a1d" />
    <TestEntry testId="e88e3038-7aad-7e8b-b880-3f57900ad262" executionId="a3f752dd-6c04-44ba-9b8c-818adc6a0c65" testListId="8c84fa94-04c1-424b-9868-57a2d4851a1d" />
    <TestEntry testId="bd60ed2e-aace-3b82-8d47-9f94493ec2c5" executionId="1bcd2497-7449-41ad-8552-0a58dca11e5b" testListId="8c84fa94-04c1-424b-9868-57a2d4851a1d" />
    <TestEntry testId="f4aebfea-5559-cc99-4d65-8bdfd3a5cac1" executionId="cf924eb4-7775-4684-a05e-6854ae16b96b" testListId="8c84fa94-04c1-424b-9868-57a2d4851a1d" />
    <TestEntry testId="8f19a280-ec3a-bfb5-2452-abdfd631036b" executionId="4180a887-943b-4d11-babd-8993f3ef0938" testListId="8c84fa94-04c1-424b-9868-57a2d4851a1d" />
    <TestEntry testId="0b54d8fd-9db8-e172-dcb5-36180fb56b3c" executionId="5c109c68-0255-474e-9fe3-92352621b22a" testListId="8c84fa94-04c1-424b-9868-57a2d4851a1d" />
    <TestEntry testId="59723b8e-bc69-d03d-5016-0ca21a0e78a3" executionId="bf57e642-6536-4ebc-b724-71ad632d9fd7" testListId="8c84fa94-04c1-424b-9868-57a2d4851a1d" />
    <TestEntry testId="e7992486-c3c6-029c-b1a9-fd6ee2124838" executionId="84a34ac1-df61-4c93-9397-723f26ed92f6" testListId="8c84fa94-04c1-424b-9868-57a2d4851a1d" />
    <TestEntry testId="72eb6574-8aef-8c7b-04bb-0ec85f891637" executionId="fc6488d9-7bfd-4955-9549-c6bbd391c049" testListId="8c84fa94-04c1-424b-9868-57a2d4851a1d" />
    <TestEntry testId="a359328a-5598-a351-5914-6a0b7b429043" executionId="cdabe23b-ba44-48dd-8cc9-3b92c6a001db" testListId="8c84fa94-04c1-424b-9868-57a2d4851a1d" />
    <TestEntry testId="8be6367e-c8b5-1373-6b72-dfbce55cd4ca" executionId="17a18c42-1621-4bf5-9f59-21629cd1cb82" testListId="8c84fa94-04c1-424b-9868-57a2d4851a1d" />
    <TestEntry testId="68cedeae-6d07-310f-4390-63b9dbad21a0" executionId="36c1e579-6f29-4e93-8f1f-12a481146a87" testListId="8c84fa94-04c1-424b-9868-57a2d4851a1d" />
    <TestEntry testId="c39a7ee6-6501-b928-3ea6-c9436a92a2da" executionId="9ce4a4d3-29d6-432d-a067-0631453137c5" testListId="8c84fa94-04c1-424b-9868-57a2d4851a1d" />
    <TestEntry testId="cecf44da-857a-5dfd-81c6-a3afe04de580" executionId="0abebd4d-ac59-440a-9fdc-0a87747d960c" testListId="8c84fa94-04c1-424b-9868-57a2d4851a1d" />
    <TestEntry testId="def8144b-54a5-0bdb-1ada-0a916813bb23" executionId="7e538de3-e9f3-4147-bc93-9980f5b3992c" testListId="8c84fa94-04c1-424b-9868-57a2d4851a1d" />
    <TestEntry testId="ba6ba124-4ae7-c949-bd11-02271cdb3bdc" executionId="4a480802-4ccc-43e1-ab8b-bbbd74bbf3d8" testListId="8c84fa94-04c1-424b-9868-57a2d4851a1d" />
    <TestEntry testId="baee8c2d-ddb5-1ef1-80a2-c9fa5e17d114" executionId="d5e61cb0-b44e-402d-b92f-8d1fa1ee5b23" testListId="8c84fa94-04c1-424b-9868-57a2d4851a1d" />
    <TestEntry testId="7d506ed3-8c19-5c7f-0627-3db07072fa5d" executionId="20e64512-ce05-4626-b9d3-c2bab84e74e4" testListId="8c84fa94-04c1-424b-9868-57a2d4851a1d" />
    <TestEntry testId="67395502-f59a-918c-1b47-8131758fed0f" executionId="06040a16-eb75-41b1-b13d-874b5f6bab28" testListId="8c84fa94-04c1-424b-9868-57a2d4851a1d" />
    <TestEntry testId="ad529509-0eca-19e5-f4f3-d239ff25279f" executionId="0e264235-1b62-42b1-9522-863830f548c3" testListId="8c84fa94-04c1-424b-9868-57a2d4851a1d" />
    <TestEntry testId="97edb834-eb0f-dc9a-e2b0-c40ea778738d" executionId="98f089b6-641a-4474-8241-6d3f5a6f944c" testListId="8c84fa94-04c1-424b-9868-57a2d4851a1d" />
    <TestEntry testId="eff06fa3-b136-a18a-a654-59e256a535c6" executionId="fc1ddc59-552a-4c24-9d05-cd5adbe0396f" testListId="8c84fa94-04c1-424b-9868-57a2d4851a1d" />
    <TestEntry testId="bca36d06-c2b0-86aa-d48d-2a22aab4543c" executionId="74dfdee4-00e9-4f0d-bb90-0785f7a756a5" testListId="8c84fa94-04c1-424b-9868-57a2d4851a1d" />
    <TestEntry testId="e30feb07-57a1-0ce2-a631-afde1b4563c4" executionId="b3b3ec0c-65e2-4a32-b5a1-d9b0eb2d136d" testListId="8c84fa94-04c1-424b-9868-57a2d4851a1d" />
    <TestEntry testId="b5899f7b-2931-4561-d1cd-f634c0c4de1f" executionId="75e4c6f0-6e3f-430c-b3d6-3dc2050bb29a" testListId="8c84fa94-04c1-424b-9868-57a2d4851a1d" />
    <TestEntry testId="0d10c3e9-4881-1af1-440b-ae763ab5f4a5" executionId="7dc801ee-c3b2-47b6-9851-eda65300c949" testListId="8c84fa94-04c1-424b-9868-57a2d4851a1d" />
    <TestEntry testId="d7e23546-5574-0cb6-8f07-ede7dc8cffa2" executionId="8754d795-d4f7-4dbd-8b64-590ed94eaf21" testListId="8c84fa94-04c1-424b-9868-57a2d4851a1d" />
    <TestEntry testId="c687a88a-f4bd-53bc-dbf2-4529eec2f478" executionId="60f6abc9-cb10-49d3-86f5-b8582903d060" testListId="8c84fa94-04c1-424b-9868-57a2d4851a1d" />
    <TestEntry testId="855882ee-adcc-3041-5c09-53fc78755922" executionId="71896144-0585-4e75-8fb4-166a8d58a65a" testListId="8c84fa94-04c1-424b-9868-57a2d4851a1d" />
    <TestEntry testId="6cb830b2-303d-0739-23c3-897d590384a8" executionId="f567db1d-b2c4-4009-b5ba-75fd99c57fa6" testListId="8c84fa94-04c1-424b-9868-57a2d4851a1d" />
    <TestEntry testId="9d3518da-da24-345b-160e-d84e9d44fd77" executionId="038e7dd1-df46-47a2-89cb-13ae93a748ba" testListId="8c84fa94-04c1-424b-9868-57a2d4851a1d" />
    <TestEntry testId="03f3e1d7-aee9-37ab-2df2-b0a298521802" executionId="14f4f526-479c-4d9d-a8fe-836e476636c5" testListId="8c84fa94-04c1-424b-9868-57a2d4851a1d" />
    <TestEntry testId="ba416520-b938-b89c-b95c-e27edcb52d16" executionId="1e928206-d039-415a-8780-760d9a573215" testListId="8c84fa94-04c1-424b-9868-57a2d4851a1d" />
    <TestEntry testId="0bf6139d-95a3-a3bb-fb97-fb4ce2270f3f" executionId="a9860ce7-57fb-4863-b88c-f7a6c6314bea" testListId="8c84fa94-04c1-424b-9868-57a2d4851a1d" />
    <TestEntry testId="1e73a6c6-d74e-59f0-b52c-ec08cbbc6e4a" executionId="c790bcf6-c1c5-4bd1-a3f9-474251468803" testListId="8c84fa94-04c1-424b-9868-57a2d4851a1d" />
    <TestEntry testId="79b9a480-400f-c5ab-c421-7f8f0ffe1cb6" executionId="33db40ea-4aa0-4e45-af8d-80a5df06c5da" testListId="8c84fa94-04c1-424b-9868-57a2d4851a1d" />
    <TestEntry testId="531f8c51-895d-3067-84c6-5d1c27fa09c1" executionId="8e8c3a73-e931-49ab-80a7-db87a514d5a7" testListId="8c84fa94-04c1-424b-9868-57a2d4851a1d" />
    <TestEntry testId="f1714424-dd4f-4086-9abd-c24341ce1f03" executionId="b488fd15-f71f-449f-b15f-a1c03b865e3b" testListId="8c84fa94-04c1-424b-9868-57a2d4851a1d" />
    <TestEntry testId="040711b2-3b62-d80b-ae45-6f14876d7caf" executionId="fc459f79-2c8f-4749-829b-432b5fd1abe6" testListId="8c84fa94-04c1-424b-9868-57a2d4851a1d" />
    <TestEntry testId="95742a27-21fc-1ac3-ea54-d46fd71528cd" executionId="58deb9b8-b7ed-4c00-91f2-7141e21558bf" testListId="8c84fa94-04c1-424b-9868-57a2d4851a1d" />
    <TestEntry testId="aee1e8ae-2cbd-337c-51f1-2f15d2cbd842" executionId="39b3e249-316c-4a1e-ba00-fa8cddbfc470" testListId="8c84fa94-04c1-424b-9868-57a2d4851a1d" />
    <TestEntry testId="a0819e3a-20c1-b4ab-b2d7-94d478d0bd06" executionId="767e5f66-2f9c-44ca-94f1-05aad8907967" testListId="8c84fa94-04c1-424b-9868-57a2d4851a1d" />
    <TestEntry testId="b1e02c1d-231a-c011-6982-02b06b421815" executionId="0fda643f-f5fc-4e9f-bfeb-823b67d0846f" testListId="8c84fa94-04c1-424b-9868-57a2d4851a1d" />
    <TestEntry testId="2c181b93-07f3-5950-e529-964bd9bb5dbe" executionId="392ac7e7-a864-4409-bb07-c3e734c59178" testListId="8c84fa94-04c1-424b-9868-57a2d4851a1d" />
    <TestEntry testId="2cbe3b1c-8f3a-b762-3d2d-b6203c014c1e" executionId="7f1ce96f-76fa-4e41-a9db-d8e93c99c132" testListId="8c84fa94-04c1-424b-9868-57a2d4851a1d" />
    <TestEntry testId="bd92c278-a9fa-09f8-691c-353743e8a163" executionId="19921449-2acc-4191-bf2c-642369a935d4" testListId="8c84fa94-04c1-424b-9868-57a2d4851a1d" />
    <TestEntry testId="b44b3ca4-103a-ecf7-b422-9e4e587ea4aa" executionId="2d715cfa-19f8-46e2-b66a-f98d6f10bf38" testListId="8c84fa94-04c1-424b-9868-57a2d4851a1d" />
    <TestEntry testId="8814778e-29ff-4f49-8ae4-177280c6421b" executionId="c6159f87-a548-4906-95b7-6695396ba0e4" testListId="8c84fa94-04c1-424b-9868-57a2d4851a1d" />
    <TestEntry testId="3956788b-d72c-5975-f0b5-2004a43ce60a" executionId="87484c0f-82da-4116-8c76-94d879b571a8" testListId="8c84fa94-04c1-424b-9868-57a2d4851a1d" />
    <TestEntry testId="409f3032-e029-2281-0bd0-dca198aca684" executionId="a9b5d46d-2068-48c2-844d-e959281770ef" testListId="8c84fa94-04c1-424b-9868-57a2d4851a1d" />
    <TestEntry testId="aae76030-54ef-1f41-8fe9-12028536c195" executionId="38820c83-c9db-4708-9df7-ffa047011a79" testListId="8c84fa94-04c1-424b-9868-57a2d4851a1d" />
    <TestEntry testId="1618167a-e816-28db-dab8-22d407b37857" executionId="71ecb88e-070c-45a3-be85-3de8a7440e89" testListId="8c84fa94-04c1-424b-9868-57a2d4851a1d" />
    <TestEntry testId="bf37d73c-1540-9da2-539e-d2b6a71d9093" executionId="e163fb43-7456-4b6c-b7e3-bb3bc7786b5f" testListId="8c84fa94-04c1-424b-9868-57a2d4851a1d" />
    <TestEntry testId="9d9cae51-b6df-a542-69be-29368f8e9b2f" executionId="37eb4d20-37a5-4e4c-95a9-b836d7c7fddd" testListId="8c84fa94-04c1-424b-9868-57a2d4851a1d" />
    <TestEntry testId="0e81be8c-545c-2de5-6f6b-62bd69280c21" executionId="b30335ce-3f08-416e-9f2b-90eeb18595e6" testListId="8c84fa94-04c1-424b-9868-57a2d4851a1d" />
    <TestEntry testId="01b62b5a-0496-fa4d-f303-c603fa19e4a1" executionId="69938a63-25f0-4380-8050-4a4ad40ddc84" testListId="8c84fa94-04c1-424b-9868-57a2d4851a1d" />
    <TestEntry testId="4f7a039e-06c5-8f77-2354-fdf09856ad62" executionId="9a13432e-8954-46ba-ac86-3ad9f937af7b" testListId="8c84fa94-04c1-424b-9868-57a2d4851a1d" />
    <TestEntry testId="d837a9ac-fe3d-56d7-d2eb-9394bc19f096" executionId="826d6af0-b8cd-4fef-81ee-ce5df0138b49" testListId="8c84fa94-04c1-424b-9868-57a2d4851a1d" />
    <TestEntry testId="ed93aa39-f1bd-6115-22cb-5b9bd5328d9f" executionId="2d75bba2-e665-4917-ba5b-7e24b158b795" testListId="8c84fa94-04c1-424b-9868-57a2d4851a1d" />
    <TestEntry testId="0da2c76e-6982-f96c-1cf4-b4c53b650f24" executionId="2e010519-be33-46c1-b6ce-94f523886728" testListId="8c84fa94-04c1-424b-9868-57a2d4851a1d" />
    <TestEntry testId="29c3954b-b6c8-a4ca-3189-5afaef1ccca4" executionId="68f7e876-218b-4114-8f8b-4230db4c8a6d" testListId="8c84fa94-04c1-424b-9868-57a2d4851a1d" />
    <TestEntry testId="da43a5d1-598b-2d24-d615-45b8a5964389" executionId="3f8d17b5-84c9-409b-a7a3-6977eac92eed" testListId="8c84fa94-04c1-424b-9868-57a2d4851a1d" />
    <TestEntry testId="82ce630e-f881-5742-e7eb-7991ddede7a4" executionId="839aca81-4c94-4913-a071-0754c7e49a75" testListId="8c84fa94-04c1-424b-9868-57a2d4851a1d" />
    <TestEntry testId="20ea3a88-0943-844e-1f4e-6e6e51356c39" executionId="320372e9-0099-40f9-9d31-81b17a0d7c11" testListId="8c84fa94-04c1-424b-9868-57a2d4851a1d" />
    <TestEntry testId="b1ecb352-6663-c988-e3c9-e61eff88c96f" executionId="7dfbab7f-9f13-4fd5-ba34-3753c71dd65e" testListId="8c84fa94-04c1-424b-9868-57a2d4851a1d" />
    <TestEntry testId="136c82b9-ad0c-723a-8d1d-321b7e01323f" executionId="eccacfde-b46a-49ec-99be-79ae3528dfee" testListId="8c84fa94-04c1-424b-9868-57a2d4851a1d" />
    <TestEntry testId="041c9644-197b-1801-7596-647b0cc0c201" executionId="5e254707-8659-49cf-906e-5185d34c3f4c" testListId="8c84fa94-04c1-424b-9868-57a2d4851a1d" />
    <TestEntry testId="66dafe61-9a50-820f-d5cc-5300db01f9c0" executionId="465d3f11-0017-40d6-8021-7275aaee065f" testListId="8c84fa94-04c1-424b-9868-57a2d4851a1d" />
    <TestEntry testId="c3c05be4-4555-9158-9cc1-ea74def6e17a" executionId="829ea510-3dea-4eb1-b57e-772c394fe5c1" testListId="8c84fa94-04c1-424b-9868-57a2d4851a1d" />
    <TestEntry testId="dc75fb06-c39b-2434-b70e-54671b9569aa" executionId="ddfe1d9e-371c-4ab0-93aa-e233366d8948" testListId="8c84fa94-04c1-424b-9868-57a2d4851a1d" />
    <TestEntry testId="2f9dae74-b5a0-cca7-422f-c264f79c13d9" executionId="62a92661-9396-495c-9529-b64fcc5f6745" testListId="8c84fa94-04c1-424b-9868-57a2d4851a1d" />
    <TestEntry testId="2e88907a-6999-f8d1-46f4-84846640b60e" executionId="edaf2ee9-4c14-46cc-8aa0-37e23e74dc2f" testListId="8c84fa94-04c1-424b-9868-57a2d4851a1d" />
    <TestEntry testId="46d02f3c-2448-9c4e-d258-bde278a84fa0" executionId="9f8c3860-e96b-4622-8054-f3f649114a85" testListId="8c84fa94-04c1-424b-9868-57a2d4851a1d" />
    <TestEntry testId="f75cc09a-486b-c657-e919-2cd2add0df6c" executionId="e970b065-6d62-40d1-8c49-69615cc986ec" testListId="8c84fa94-04c1-424b-9868-57a2d4851a1d" />
    <TestEntry testId="5a6ba239-6adc-5980-c3ee-587ce3488048" executionId="177200ff-7a07-4ebc-a17c-989a8074e933" testListId="8c84fa94-04c1-424b-9868-57a2d4851a1d" />
    <TestEntry testId="8916807b-c6b6-dbfa-71fa-95aa43988f99" executionId="8aa63384-f8cd-419a-bf68-7001825a26ad" testListId="8c84fa94-04c1-424b-9868-57a2d4851a1d" />
    <TestEntry testId="6ba2b6b1-1d61-8e62-ca53-d7157cacca85" executionId="3030e992-dd3e-40e4-8aaf-e640aea18e60" testListId="8c84fa94-04c1-424b-9868-57a2d4851a1d" />
    <TestEntry testId="ba1113ad-ba40-e383-2b63-0a01b118f560" executionId="c9130b5d-f768-4064-b1cb-2a1d4474252b" testListId="8c84fa94-04c1-424b-9868-57a2d4851a1d" />
    <TestEntry testId="7814c72b-9a06-9f81-a52c-55489a4e0d71" executionId="c53fdc98-a384-419c-8825-dd2a69d2ba10" testListId="8c84fa94-04c1-424b-9868-57a2d4851a1d" />
    <TestEntry testId="4f316a08-28fd-9d68-8f12-12d781067307" executionId="4abfe0a1-736a-45b1-b2f3-6130277b6875" testListId="8c84fa94-04c1-424b-9868-57a2d4851a1d" />
    <TestEntry testId="44be73fa-519f-de72-fb4d-a483ca0275cb" executionId="67bc08ae-9a85-4aea-8aad-99a86df8dff4" testListId="8c84fa94-04c1-424b-9868-57a2d4851a1d" />
    <TestEntry testId="04ef4531-a415-9783-2cf1-a1007a3c0eb3" executionId="d87a4588-a2f9-486a-b498-19f1c3b4be8e" testListId="8c84fa94-04c1-424b-9868-57a2d4851a1d" />
    <TestEntry testId="b2a5737c-5673-b674-ba11-ac24fbdd1b73" executionId="5956e46a-f6ea-4e9d-b2ff-e510a14bf5c4" testListId="8c84fa94-04c1-424b-9868-57a2d4851a1d" />
    <TestEntry testId="e8a0d294-4d66-bd92-b1e2-132cddfa71ea" executionId="c5cdaadf-f382-47b6-9f35-fa50a7621353" testListId="8c84fa94-04c1-424b-9868-57a2d4851a1d" />
    <TestEntry testId="6bd0f87d-f935-3c5e-8103-fdc9ca71581c" executionId="2d4030e9-b03f-446f-97ca-eaa19a3b891e" testListId="8c84fa94-04c1-424b-9868-57a2d4851a1d" />
    <TestEntry testId="99347b9a-71a1-2165-e407-c8bf21d7b346" executionId="d3521239-e547-4288-978f-5cd731ac10d9" testListId="8c84fa94-04c1-424b-9868-57a2d4851a1d" />
    <TestEntry testId="31f7cbce-2e31-438f-9ce5-c784059d2ad7" executionId="c7c9a428-3f78-4143-b5e9-76475aece6f1" testListId="8c84fa94-04c1-424b-9868-57a2d4851a1d" />
    <TestEntry testId="5a7dfc20-58da-1715-674a-a641db08a46f" executionId="f23cdfdd-d964-4642-8bf3-f31f17f28128" testListId="8c84fa94-04c1-424b-9868-57a2d4851a1d" />
    <TestEntry testId="9c799ab4-04a8-1b7d-647f-92f3b7756647" executionId="1cbff509-992b-4b0e-b32d-b4377466756c" testListId="8c84fa94-04c1-424b-9868-57a2d4851a1d" />
    <TestEntry testId="483c2b6a-3b8d-6b3f-3353-e6e144507a0a" executionId="7dc23768-e9f1-432c-84d5-b7a671b53676" testListId="8c84fa94-04c1-424b-9868-57a2d4851a1d" />
    <TestEntry testId="5c5c8824-720e-f445-73f8-434e05bd8b44" executionId="36963a45-7ed6-4a24-a104-2eb2df1f2c07" testListId="8c84fa94-04c1-424b-9868-57a2d4851a1d" />
    <TestEntry testId="1f80efae-ab6d-bc91-bb67-2f311d5b4116" executionId="f2fbfa8f-9a15-4cca-a759-35f5341f1ec4" testListId="8c84fa94-04c1-424b-9868-57a2d4851a1d" />
    <TestEntry testId="a9f39b4c-ab8a-a2d1-abcd-c2c6b8871980" executionId="a3bf9c2c-dc4c-4787-841b-015fb510f141" testListId="8c84fa94-04c1-424b-9868-57a2d4851a1d" />
    <TestEntry testId="26dfccc3-215b-408b-3533-5ee28161ea57" executionId="b1bef6fe-a635-4edb-b354-3c3917ff3165" testListId="8c84fa94-04c1-424b-9868-57a2d4851a1d" />
    <TestEntry testId="d29328c7-b32e-624c-1e09-d8ffa818acf2" executionId="97420dca-fbd1-4b75-8988-fbdf3964378f" testListId="8c84fa94-04c1-424b-9868-57a2d4851a1d" />
    <TestEntry testId="db163ca6-27b3-eab9-a552-a0b5133a88d7" executionId="193d17c2-587e-497c-9c90-d92f3b4bfdc5" testListId="8c84fa94-04c1-424b-9868-57a2d4851a1d" />
    <TestEntry testId="5959bde7-a543-ece9-7542-cdd94d1529d3" executionId="2717afff-386f-4662-968b-593ddc833842" testListId="8c84fa94-04c1-424b-9868-57a2d4851a1d" />
    <TestEntry testId="2f2e3577-3268-5459-33f2-ff4ec3769d9a" executionId="5f694a40-3967-497e-b9be-bf8e3cba1d47" testListId="8c84fa94-04c1-424b-9868-57a2d4851a1d" />
    <TestEntry testId="b08d6abd-5c11-db64-3696-c79774668bba" executionId="00b8a495-b1df-4b78-a161-44dc4da7eb4f" testListId="8c84fa94-04c1-424b-9868-57a2d4851a1d" />
    <TestEntry testId="f076b85f-5ef7-60b7-07d8-d66349f66944" executionId="30b6e2ab-7368-4ae3-9622-2592743ac93a" testListId="8c84fa94-04c1-424b-9868-57a2d4851a1d" />
    <TestEntry testId="c37a7edf-bb68-52e4-f742-17e548a5c206" executionId="5c701aba-5a04-494f-8fab-659e08bfbe88" testListId="8c84fa94-04c1-424b-9868-57a2d4851a1d" />
    <TestEntry testId="3fd45331-4f2e-d99a-c04f-395ba9a6ef19" executionId="a99ba7ee-dbd9-4d02-9be9-3db6be21a868" testListId="8c84fa94-04c1-424b-9868-57a2d4851a1d" />
    <TestEntry testId="5a80d6a5-7997-039f-cc05-9b91a753b8a5" executionId="57ed729d-6d23-4198-97a4-35d1e0d68ae7" testListId="8c84fa94-04c1-424b-9868-57a2d4851a1d" />
    <TestEntry testId="74c14bd2-cf4d-7dfd-1cd8-b8594986833a" executionId="c16367a7-2f60-4d89-be6c-f7969ffcf26a" testListId="8c84fa94-04c1-424b-9868-57a2d4851a1d" />
    <TestEntry testId="1ab15acc-099a-a4a3-40a8-5ad44c800c16" executionId="d8b184fb-f2ab-4a48-9c2b-2c88713b9cfa" testListId="8c84fa94-04c1-424b-9868-57a2d4851a1d" />
    <TestEntry testId="f726318a-cdcb-b376-a8e3-468361dcedb1" executionId="34f376c1-9baa-4226-ba1f-905ea9cff9e9" testListId="8c84fa94-04c1-424b-9868-57a2d4851a1d" />
    <TestEntry testId="d9aeb615-384d-b88a-6a92-6edbe0540a09" executionId="57978a84-af99-45ad-a8de-db17dbf4e630" testListId="8c84fa94-04c1-424b-9868-57a2d4851a1d" />
    <TestEntry testId="8cb8db94-dcfc-9ce5-b17d-a6d37a9e3fe7" executionId="83783f98-ada7-4023-a4e8-7505d82604a7" testListId="8c84fa94-04c1-424b-9868-57a2d4851a1d" />
    <TestEntry testId="68b98c99-612a-7f8c-5259-f8e4c16eaca3" executionId="aa6d9012-738a-4ed3-a8d9-df73c3baa572" testListId="8c84fa94-04c1-424b-9868-57a2d4851a1d" />
    <TestEntry testId="bf009b00-3da6-e85d-3c64-9f475d18b4eb" executionId="2ab1ed66-7c08-4d6b-9261-50cee66b0d99" testListId="8c84fa94-04c1-424b-9868-57a2d4851a1d" />
    <TestEntry testId="5f1706c5-abfe-6444-b95f-5280c1e1a237" executionId="e9d75595-3b69-47eb-aaa2-54ecf9093303" testListId="8c84fa94-04c1-424b-9868-57a2d4851a1d" />
    <TestEntry testId="60c3d16c-72de-1898-d8d7-0dba0cdd9acf" executionId="64f15097-f31d-4661-9d16-7926cbf321f7" testListId="8c84fa94-04c1-424b-9868-57a2d4851a1d" />
    <TestEntry testId="7379d6d2-6465-20b1-b91f-577f24381ac1" executionId="42738ab9-33c8-46d3-831a-406f114e383f" testListId="8c84fa94-04c1-424b-9868-57a2d4851a1d" />
    <TestEntry testId="71bff370-e3f1-2535-3922-18440d0caf7d" executionId="1610f5fb-194d-4460-a45f-e1a81123319b" testListId="8c84fa94-04c1-424b-9868-57a2d4851a1d" />
    <TestEntry testId="9eb47c49-0598-a876-4cc5-8fba12f32031" executionId="a629b848-dd9d-4163-af18-4552a5628871" testListId="8c84fa94-04c1-424b-9868-57a2d4851a1d" />
    <TestEntry testId="69b42e8a-c269-fbd8-f724-be1c0aa8206b" executionId="1d671e56-d862-49b3-b6c5-cd8a74deedbc" testListId="8c84fa94-04c1-424b-9868-57a2d4851a1d" />
    <TestEntry testId="73d28c64-814b-c453-62b1-5b241eb11282" executionId="e596a506-4bf0-46cd-bd06-8ddc3de8309a" testListId="8c84fa94-04c1-424b-9868-57a2d4851a1d" />
    <TestEntry testId="7cceb62c-1846-e71b-f1eb-d3bb54794483" executionId="dc546f53-1d00-4239-8e25-bf8a3cc5a271" testListId="8c84fa94-04c1-424b-9868-57a2d4851a1d" />
    <TestEntry testId="ac181192-e730-3766-a17d-cc02c5086adb" executionId="8a848499-6684-44f9-82ee-c1b3e5dec4f2" testListId="8c84fa94-04c1-424b-9868-57a2d4851a1d" />
    <TestEntry testId="450ab47a-2d91-641a-abb9-77586742b2bf" executionId="08c6a894-54cb-4bc7-8cae-fee0b6659a56" testListId="8c84fa94-04c1-424b-9868-57a2d4851a1d" />
    <TestEntry testId="f046b971-1788-d85c-6314-bbd809d4b928" executionId="bb9ae1f1-fd0e-4170-85af-a59c0e718e7f" testListId="8c84fa94-04c1-424b-9868-57a2d4851a1d" />
    <TestEntry testId="b9cf99c0-0e04-c374-a2ff-28362df0af25" executionId="bf490c47-f953-4443-b260-46966f44bb31" testListId="8c84fa94-04c1-424b-9868-57a2d4851a1d" />
    <TestEntry testId="648c303b-ebf8-5165-031e-a20e45f571b0" executionId="32c65522-8134-47d2-8651-0bf3970f9833" testListId="8c84fa94-04c1-424b-9868-57a2d4851a1d" />
    <TestEntry testId="e6631de9-62ae-3bef-f0d9-76404438024b" executionId="9680df83-a5d9-4adb-84dc-6776cdb5829d" testListId="8c84fa94-04c1-424b-9868-57a2d4851a1d" />
    <TestEntry testId="ee62288e-ebd1-3c32-db8a-119c68ab9fe4" executionId="0dd189a1-7f81-422a-8d95-3128fdd653eb" testListId="8c84fa94-04c1-424b-9868-57a2d4851a1d" />
    <TestEntry testId="b3f2f45a-d237-0dca-9460-b4c80648d3a0" executionId="3ef4673f-d65e-4bf1-999d-de2c04661c9f" testListId="8c84fa94-04c1-424b-9868-57a2d4851a1d" />
    <TestEntry testId="d2d4c2a9-2caa-9dfe-6c05-f6671d9f010d" executionId="cdd925d9-ae16-4de1-be3e-1b519d588bd7" testListId="8c84fa94-04c1-424b-9868-57a2d4851a1d" />
    <TestEntry testId="549aa41f-5b22-6b65-d790-c3a404c50822" executionId="9307da34-49a1-43d5-b7f7-8321fab46884" testListId="8c84fa94-04c1-424b-9868-57a2d4851a1d" />
    <TestEntry testId="6e419a9e-2839-bb17-30c1-24350ee95f9d" executionId="44efdf79-2362-4165-bba9-f9d90d7c46a7" testListId="8c84fa94-04c1-424b-9868-57a2d4851a1d" />
    <TestEntry testId="d8cd7ec9-209a-5fbb-cb72-240c55b627b5" executionId="0e98bf60-4ad2-421b-b29a-b809dbe9ae36" testListId="8c84fa94-04c1-424b-9868-57a2d4851a1d" />
    <TestEntry testId="e46f5943-8b4d-fae2-b152-499e6f17eb02" executionId="dadbbf18-5748-4d48-9e63-440f546046a2" testListId="8c84fa94-04c1-424b-9868-57a2d4851a1d" />
    <TestEntry testId="58553f8a-e537-99b4-cae5-a489c8a3a1d1" executionId="67b45b6a-6ee7-4df2-8197-634cc92b8805" testListId="8c84fa94-04c1-424b-9868-57a2d4851a1d" />
    <TestEntry testId="51b6969e-744a-122d-e053-e73e3a3d016b" executionId="84bb13f2-38fd-43e6-9d16-7f1e3c4af4a9" testListId="8c84fa94-04c1-424b-9868-57a2d4851a1d" />
    <TestEntry testId="f86a5989-42e7-3539-90b9-7350f502f5e0" executionId="fa37e149-3b4a-441b-9121-6238c2e4e67b" testListId="8c84fa94-04c1-424b-9868-57a2d4851a1d" />
    <TestEntry testId="94de1167-4314-b33c-9019-1061a6574581" executionId="b3093d59-fa45-4008-98a0-1d1a3283d0a6" testListId="8c84fa94-04c1-424b-9868-57a2d4851a1d" />
    <TestEntry testId="74bfca5c-1dad-39dc-c1b3-b8d145090ebe" executionId="1a70d5e4-2758-4112-ba1f-7cd84c251a40" testListId="8c84fa94-04c1-424b-9868-57a2d4851a1d" />
    <TestEntry testId="35031e26-4288-6770-9939-1f2b8e9fb78c" executionId="104841ad-f3d5-4c7a-b3ba-5e9f442bd41f" testListId="8c84fa94-04c1-424b-9868-57a2d4851a1d" />
    <TestEntry testId="2c731a61-ac60-b183-574c-07b6625b46db" executionId="af9f40de-3db7-41b5-b6aa-3e1abb615b01" testListId="8c84fa94-04c1-424b-9868-57a2d4851a1d" />
    <TestEntry testId="59ab15cc-f23e-0373-3fa5-b7e352752a7a" executionId="3808d48b-2eed-49cd-aedc-79ef5cb57d60" testListId="8c84fa94-04c1-424b-9868-57a2d4851a1d" />
    <TestEntry testId="ae365034-6f2f-bc3a-c9a0-b7197256723a" executionId="b82248a7-5918-475e-8cb1-3c50f744db82" testListId="8c84fa94-04c1-424b-9868-57a2d4851a1d" />
    <TestEntry testId="c059a69f-5f39-efab-a32c-4ddb5953d541" executionId="7c0320a6-045b-4172-bb67-a9fa9803fc33" testListId="8c84fa94-04c1-424b-9868-57a2d4851a1d" />
    <TestEntry testId="686865d3-00b7-1859-ec95-75d7861eb21e" executionId="db40a87f-60b3-4248-b4ae-050df9420857" testListId="8c84fa94-04c1-424b-9868-57a2d4851a1d" />
    <TestEntry testId="7f59d24d-8ff6-55de-6d77-886715cf858d" executionId="a962a8c1-fab3-4376-b128-3fc0df3a2e7e" testListId="8c84fa94-04c1-424b-9868-57a2d4851a1d" />
    <TestEntry testId="9ae2a8fd-ca9c-c0e5-4ab2-a88010cde704" executionId="97d41525-a3f5-4d79-b4e1-00d301415aca" testListId="8c84fa94-04c1-424b-9868-57a2d4851a1d" />
    <TestEntry testId="40dd67a0-1499-c9f9-398d-55dcec3420c6" executionId="84c8b126-494f-419d-97bf-651d8baa5252" testListId="8c84fa94-04c1-424b-9868-57a2d4851a1d" />
    <TestEntry testId="3619b817-ad5b-7751-cb4c-d927e4609618" executionId="666a8aa8-6d45-485d-b98c-3c6a4c2cee5f" testListId="8c84fa94-04c1-424b-9868-57a2d4851a1d" />
    <TestEntry testId="980d07a7-2096-ec07-9c49-1ea8660a3fb3" executionId="57c5b27c-603b-46c5-9568-3a7048d400c8" testListId="8c84fa94-04c1-424b-9868-57a2d4851a1d" />
    <TestEntry testId="114eb2cb-c41a-b6f2-5b58-391aa364d1d9" executionId="adf0dc75-96e6-4370-9acd-ab0331a8ee28" testListId="8c84fa94-04c1-424b-9868-57a2d4851a1d" />
    <TestEntry testId="2f44d031-a74d-8d57-e63d-13c55c357842" executionId="2c25aee5-eaea-48f6-a3b7-302180952e63" testListId="8c84fa94-04c1-424b-9868-57a2d4851a1d" />
    <TestEntry testId="a34e7be7-5f56-6cd3-bb68-ef6960ae6087" executionId="248f6ab4-2550-409d-9110-c3974a43de32" testListId="8c84fa94-04c1-424b-9868-57a2d4851a1d" />
    <TestEntry testId="38d2c936-8251-b702-88d7-2754049c2aee" executionId="f8e04ff6-64f8-4aa5-a86e-a92739d06076" testListId="8c84fa94-04c1-424b-9868-57a2d4851a1d" />
    <TestEntry testId="be598aac-7874-f1fc-5a37-f4858aaa7de9" executionId="d18b2040-00f4-4a4d-84b8-ad26a6c7ac27" testListId="8c84fa94-04c1-424b-9868-57a2d4851a1d" />
    <TestEntry testId="654d6260-3d10-c8b4-b480-60dc71e00727" executionId="793cf2df-e683-45c3-ba37-88e6c0bf7735" testListId="8c84fa94-04c1-424b-9868-57a2d4851a1d" />
    <TestEntry testId="e6256e96-8b0e-5711-a802-276f599f7fdc" executionId="fb58dd19-48fb-451b-9c70-2d85147553d2" testListId="8c84fa94-04c1-424b-9868-57a2d4851a1d" />
    <TestEntry testId="540d2ead-945a-713a-acd2-74943cb190b6" executionId="cf048609-54ec-4b9b-9f81-2269cbe016e3" testListId="8c84fa94-04c1-424b-9868-57a2d4851a1d" />
    <TestEntry testId="64136798-d2a9-5cbe-17f1-63f20d7873f5" executionId="148c1fdf-ff9c-4fd1-a6e9-f693d73f028a" testListId="8c84fa94-04c1-424b-9868-57a2d4851a1d" />
    <TestEntry testId="a73b10fe-3d38-a1dc-b99f-0d7c1df95ea0" executionId="6ef3f116-ccf2-4fd6-941a-0d099de000e4" testListId="8c84fa94-04c1-424b-9868-57a2d4851a1d" />
    <TestEntry testId="92d152ad-92ed-fac0-0c0e-4b7cc67d0947" executionId="bde88db0-6dcd-406f-968d-c900fb859021" testListId="8c84fa94-04c1-424b-9868-57a2d4851a1d" />
    <TestEntry testId="548a48ea-8ab8-9497-c483-97501d9c8bd5" executionId="8838f4b8-67bb-4105-af9d-50f544f6dd07" testListId="8c84fa94-04c1-424b-9868-57a2d4851a1d" />
    <TestEntry testId="b563ccec-de1a-7a7c-edaa-93f03b757e59" executionId="1875f38c-9633-4ce0-a7f8-5004dea02573" testListId="8c84fa94-04c1-424b-9868-57a2d4851a1d" />
    <TestEntry testId="5dbd3da7-d701-9f0a-7e21-0d7b87626816" executionId="065c0b2f-e979-489f-8c48-e6163d4e7ef7" testListId="8c84fa94-04c1-424b-9868-57a2d4851a1d" />
    <TestEntry testId="093b27a6-3a44-e11c-6bcf-f4345dba1dc3" executionId="13e5cacd-580b-40a0-95f0-894ef4ec757d" testListId="8c84fa94-04c1-424b-9868-57a2d4851a1d" />
    <TestEntry testId="c7f8a59a-de14-e3dc-18bb-d2d6dd2bdef2" executionId="5b939e42-7f0c-457e-83ee-e7e35912303b" testListId="8c84fa94-04c1-424b-9868-57a2d4851a1d" />
    <TestEntry testId="1d1e117a-5825-19f7-cacd-f9b25e552c1e" executionId="c8fa4f2d-ea27-486e-a8f6-b23765d1d504" testListId="8c84fa94-04c1-424b-9868-57a2d4851a1d" />
    <TestEntry testId="b0287841-5bc4-11a9-0004-82e45c0498dd" executionId="44d03e83-9f51-4b47-a7d1-7f34ed2c3b61" testListId="8c84fa94-04c1-424b-9868-57a2d4851a1d" />
    <TestEntry testId="8d06dcb1-ee91-cc2b-9be3-fd0c5cd8727b" executionId="740d0806-6d79-4cd8-b700-ba2bbf22b5b4" testListId="8c84fa94-04c1-424b-9868-57a2d4851a1d" />
    <TestEntry testId="84aafa7e-4367-a18c-e651-f7b53debcf73" executionId="f4304b5d-e0fe-4f91-8b1a-773ee334d6ab" testListId="8c84fa94-04c1-424b-9868-57a2d4851a1d" />
    <TestEntry testId="de1be428-441e-b5e9-ba9c-7edc59bee2ef" executionId="23628965-c62f-480a-a544-024f7f2d6cec" testListId="8c84fa94-04c1-424b-9868-57a2d4851a1d" />
    <TestEntry testId="385d6962-8101-8326-5c80-7e85ad9f0d6f" executionId="24a3ef50-0021-4d65-b1e1-41afd5febf26" testListId="8c84fa94-04c1-424b-9868-57a2d4851a1d" />
    <TestEntry testId="74b8012c-cbd3-f279-58a0-7c5886fa9cbb" executionId="8f50e6f7-b9ff-4e09-a61d-a2aeb60b2b82" testListId="8c84fa94-04c1-424b-9868-57a2d4851a1d" />
    <TestEntry testId="62a53428-cdc1-e3e1-94c7-7c5a56ad1b6a" executionId="17c0af93-fea4-4e0d-98fe-8b68cc18fcff" testListId="8c84fa94-04c1-424b-9868-57a2d4851a1d" />
    <TestEntry testId="04e5eaff-bb3a-3414-6be1-4c1daedccf6a" executionId="abe359cf-c077-465e-8d1e-73e2f0f1aba8" testListId="8c84fa94-04c1-424b-9868-57a2d4851a1d" />
    <TestEntry testId="200cfb91-d6dc-5a95-2a25-139f86e94164" executionId="35cd2934-b2ab-42ab-9729-96e57ba60fba" testListId="8c84fa94-04c1-424b-9868-57a2d4851a1d" />
    <TestEntry testId="d11f4d99-4a52-3d50-c583-ed23930cb07f" executionId="c0dab987-2923-478d-8d63-8237ccf79da6" testListId="8c84fa94-04c1-424b-9868-57a2d4851a1d" />
    <TestEntry testId="405be418-634a-1551-d970-14461fb803e3" executionId="ad730670-f6b9-415f-b44c-91e810eb4161" testListId="8c84fa94-04c1-424b-9868-57a2d4851a1d" />
    <TestEntry testId="1d19ae8a-aa2c-89f7-fe3c-2ebcd1f95550" executionId="01736066-2025-48cd-9151-2ff67f0d41b1" testListId="8c84fa94-04c1-424b-9868-57a2d4851a1d" />
    <TestEntry testId="40d885e1-12c4-ae98-2956-30bfe08c138d" executionId="1bf664b4-721e-49d2-a0d0-f8a348b59075" testListId="8c84fa94-04c1-424b-9868-57a2d4851a1d" />
    <TestEntry testId="7bc7106a-2a23-71d3-dede-98ad52a4faf9" executionId="42c40a27-e955-4623-b8d0-62122aea64af" testListId="8c84fa94-04c1-424b-9868-57a2d4851a1d" />
    <TestEntry testId="e30c8894-eebb-a070-9bb1-ab76ddab735f" executionId="519ea5ab-56d2-4e25-a566-a26775519fe1" testListId="8c84fa94-04c1-424b-9868-57a2d4851a1d" />
    <TestEntry testId="468a1659-29a4-2032-0cf9-81a0a1d691d1" executionId="9da14b37-ebda-4f2e-86c2-3dc47ac8ec0e" testListId="8c84fa94-04c1-424b-9868-57a2d4851a1d" />
    <TestEntry testId="7fd381a7-5dc2-2bcc-1d2f-418c931497ed" executionId="f91c8dea-9f66-4b9e-a774-0ec85391bd1a" testListId="8c84fa94-04c1-424b-9868-57a2d4851a1d" />
    <TestEntry testId="2baf8961-1a52-e3e2-fa55-4683fd45b8db" executionId="f40b6744-5e1b-4c6e-a15d-a9f9f92f1c48" testListId="8c84fa94-04c1-424b-9868-57a2d4851a1d" />
    <TestEntry testId="da0d41b6-91d1-4802-8d08-1aef77f23a02" executionId="c85cddf4-fed2-4bc7-bd49-0c20e0d1930d" testListId="8c84fa94-04c1-424b-9868-57a2d4851a1d" />
    <TestEntry testId="8868731c-0477-ffcd-d00e-e39195646c4f" executionId="6beaee62-6612-4fb3-b03c-e4ba4ec101e3" testListId="8c84fa94-04c1-424b-9868-57a2d4851a1d" />
    <TestEntry testId="c61e8bb5-f68c-0550-cdd5-6c19816e99be" executionId="362f32f7-9875-41cc-9a64-d53002d1b605" testListId="8c84fa94-04c1-424b-9868-57a2d4851a1d" />
    <TestEntry testId="ab5f4574-f747-d900-89e7-86218005b548" executionId="5867d190-c55e-42ce-97d6-fcc8542c6d1f" testListId="8c84fa94-04c1-424b-9868-57a2d4851a1d" />
    <TestEntry testId="3d679ecb-1e54-c109-85a2-d52a8ca5ad71" executionId="4fda3b1e-5935-4091-822f-01cee9658cf1" testListId="8c84fa94-04c1-424b-9868-57a2d4851a1d" />
    <TestEntry testId="1b59fd8b-2e1d-6b44-82d8-344694b6789d" executionId="15f299b1-94f3-46e7-ae60-a4d23625b852" testListId="8c84fa94-04c1-424b-9868-57a2d4851a1d" />
    <TestEntry testId="8223b186-6339-e760-43b3-f6b820eac151" executionId="55b5172b-bdbd-44ee-be63-54a2149e6bbf" testListId="8c84fa94-04c1-424b-9868-57a2d4851a1d" />
    <TestEntry testId="e617eaff-0e50-c1dc-e17b-4cdb719f4637" executionId="13cb27b7-cc38-47af-ba5c-bb3d2a6ff1de" testListId="8c84fa94-04c1-424b-9868-57a2d4851a1d" />
    <TestEntry testId="a9b8b5ae-ab3e-79fd-5618-2a8da042ca43" executionId="4ca873ff-56c5-4c08-8e27-a6f8ee2655ac" testListId="8c84fa94-04c1-424b-9868-57a2d4851a1d" />
    <TestEntry testId="30aced24-e7b0-3276-c54e-3e34116cf795" executionId="94791d20-d2ae-495e-98de-03fd81bdcca9" testListId="8c84fa94-04c1-424b-9868-57a2d4851a1d" />
    <TestEntry testId="883260d1-dbd0-d15a-c5cb-30a034645d44" executionId="c8e8fc1a-d467-4919-bfe9-5c8f2852fc9b" testListId="8c84fa94-04c1-424b-9868-57a2d4851a1d" />
    <TestEntry testId="52d06473-e567-5d91-89f4-6b4b07de648d" executionId="df983c8e-788a-40ca-a5ff-9aaad8175984" testListId="8c84fa94-04c1-424b-9868-57a2d4851a1d" />
    <TestEntry testId="457ff18f-e312-b2f8-ea2b-a22303a43420" executionId="25abc76a-3c57-4b48-9303-d5fc6975d9a3" testListId="8c84fa94-04c1-424b-9868-57a2d4851a1d" />
    <TestEntry testId="6791b1ec-0bd4-9e00-7363-4efe1c3fe064" executionId="8e3b9bb9-f60c-4bdc-8b4d-bcee3a05d913" testListId="8c84fa94-04c1-424b-9868-57a2d4851a1d" />
    <TestEntry testId="5936e746-ab3d-6e4f-01fa-580b1db60530" executionId="b231bb9f-840f-4faa-8d92-e9b44c7f6e9d" testListId="8c84fa94-04c1-424b-9868-57a2d4851a1d" />
    <TestEntry testId="d76cbde2-2d59-3fcb-f53c-921ecc70671d" executionId="da053a9f-4946-4763-9ac5-8262c7f061b2" testListId="8c84fa94-04c1-424b-9868-57a2d4851a1d" />
    <TestEntry testId="57fb6724-e34a-014d-fbfa-cbef470574db" executionId="beae2946-8619-4366-9dbe-a232039f7126" testListId="8c84fa94-04c1-424b-9868-57a2d4851a1d" />
    <TestEntry testId="5e20a37c-0047-7235-4f58-4ee65ba2ebcb" executionId="c57f1093-a5f8-4cc6-a690-5ef0e86eb599" testListId="8c84fa94-04c1-424b-9868-57a2d4851a1d" />
    <TestEntry testId="f2f2c2b9-9022-bcdb-0049-4a64a51ba35b" executionId="a3986639-c166-4334-8690-b59c187835d5" testListId="8c84fa94-04c1-424b-9868-57a2d4851a1d" />
    <TestEntry testId="55c51b93-f951-ad11-2170-a25c03f4087e" executionId="3d015388-7f59-458f-a03c-393096828145" testListId="8c84fa94-04c1-424b-9868-57a2d4851a1d" />
    <TestEntry testId="e85b3c2d-8f11-b8f5-0d31-45c3653f5887" executionId="3000358b-d5fb-4042-a1c7-27faec124258" testListId="8c84fa94-04c1-424b-9868-57a2d4851a1d" />
    <TestEntry testId="7cb605b8-eeda-d65c-d3b5-e14bf819ea1f" executionId="bd3fc5bf-c171-4877-a560-48ef3b8d23ca" testListId="8c84fa94-04c1-424b-9868-57a2d4851a1d" />
    <TestEntry testId="dc82ca82-79c7-9543-5769-692f70ec856f" executionId="c3bddbb1-a79d-45c1-a265-6bb8b04bc06a" testListId="8c84fa94-04c1-424b-9868-57a2d4851a1d" />
    <TestEntry testId="fb7415fb-34b0-271c-db93-64c84bb06fcd" executionId="2125ae19-11ff-4ea1-b3dd-283ba7f67765" testListId="8c84fa94-04c1-424b-9868-57a2d4851a1d" />
    <TestEntry testId="40ad8ac7-ac9a-a7de-4aa7-6821f7186b25" executionId="1031caf1-5acd-4ae0-a694-a5bd69eeb002" testListId="8c84fa94-04c1-424b-9868-57a2d4851a1d" />
    <TestEntry testId="abbc1970-873e-89dc-f5d8-07f64f69cdac" executionId="d39714e7-765a-42d8-86dc-0fcc40bff741" testListId="8c84fa94-04c1-424b-9868-57a2d4851a1d" />
    <TestEntry testId="16ed59ef-578e-c443-57d5-fe89d4befd9d" executionId="1ee274fc-d2b6-4138-8ba5-6eb72ca4c3e0" testListId="8c84fa94-04c1-424b-9868-57a2d4851a1d" />
    <TestEntry testId="77e64193-ff6e-692f-6451-3ef84583eb54" executionId="8d8a2988-520f-4439-b63c-43c7854d3794" testListId="8c84fa94-04c1-424b-9868-57a2d4851a1d" />
    <TestEntry testId="2d172502-0881-8274-0e2d-a76348ae62df" executionId="2d6c042e-491b-42e9-9a70-1f4319bd5a8f" testListId="8c84fa94-04c1-424b-9868-57a2d4851a1d" />
    <TestEntry testId="2e560708-1d0e-0e53-784b-deab6ea23d28" executionId="d151c24b-150f-4a2d-9f97-067f2f5fcf7d" testListId="8c84fa94-04c1-424b-9868-57a2d4851a1d" />
    <TestEntry testId="bb2cdfad-0970-06a0-8253-726d839f5b2d" executionId="82dad157-718f-41c0-9b3d-b1e8287e4498" testListId="8c84fa94-04c1-424b-9868-57a2d4851a1d" />
    <TestEntry testId="7b06a074-8006-7a7a-d6eb-77f2740f76ec" executionId="b66f8981-5e0b-4d29-954b-2f3422d6a827" testListId="8c84fa94-04c1-424b-9868-57a2d4851a1d" />
    <TestEntry testId="29f9cfd4-069a-0371-016a-9607d20376ca" executionId="61491e3d-2214-40be-b970-a72935e8472f" testListId="8c84fa94-04c1-424b-9868-57a2d4851a1d" />
    <TestEntry testId="2d1275f8-22a1-f43e-b981-1d6391a7d357" executionId="4fe04365-6f21-4e95-aadb-e831247da393" testListId="8c84fa94-04c1-424b-9868-57a2d4851a1d" />
    <TestEntry testId="4dfc9fd2-6a95-b81c-4e42-427d7ba6ffb1" executionId="8463bb5f-6e4b-44f4-91c0-e8f8fe3d4df1" testListId="8c84fa94-04c1-424b-9868-57a2d4851a1d" />
    <TestEntry testId="08d1e1d3-9f72-6548-42fb-6e71e2ad552b" executionId="bb16d9ca-691e-44da-a4b6-cda1ca68d25e" testListId="8c84fa94-04c1-424b-9868-57a2d4851a1d" />
    <TestEntry testId="6a6257f0-6ad7-69d8-fff1-8d38d77d7c52" executionId="fe5b22e9-990f-415d-9ff6-f6a2667dd095" testListId="8c84fa94-04c1-424b-9868-57a2d4851a1d" />
    <TestEntry testId="4c781df9-76df-c802-bbae-755a73aad37a" executionId="46dfa18c-1877-47e9-b497-50b36dff344f" testListId="8c84fa94-04c1-424b-9868-57a2d4851a1d" />
    <TestEntry testId="7aae49cf-fd34-62ef-3f6e-52faab85b621" executionId="d484d41c-18b9-407d-ae39-51e6d93b4c8f" testListId="8c84fa94-04c1-424b-9868-57a2d4851a1d" />
    <TestEntry testId="ac4dde57-222e-52c0-cf09-57fefc0fed21" executionId="f34be0ae-cb65-4754-87d6-52395c719c44" testListId="8c84fa94-04c1-424b-9868-57a2d4851a1d" />
    <TestEntry testId="0123a3a8-4c40-6515-ab93-38882077fe82" executionId="dbf06cc8-9d79-4fba-a305-7c7896fcde95" testListId="8c84fa94-04c1-424b-9868-57a2d4851a1d" />
    <TestEntry testId="f6c40d58-9ca9-b441-af24-a7632a568e62" executionId="9419777f-7e57-4742-bd30-95962983e8dd" testListId="8c84fa94-04c1-424b-9868-57a2d4851a1d" />
    <TestEntry testId="4f3ba38d-146b-ae97-f2e8-546c275d38e8" executionId="b3bfdeb1-8f08-4785-8e36-e15d0890e0cf" testListId="8c84fa94-04c1-424b-9868-57a2d4851a1d" />
    <TestEntry testId="74c26f8b-2e79-48e6-47a6-0be3b301ac62" executionId="922cd5e4-da79-40df-ac09-7c8aa17ea878" testListId="8c84fa94-04c1-424b-9868-57a2d4851a1d" />
    <TestEntry testId="27416d28-716f-a57a-e035-d33276432c5b" executionId="15d4b983-ddfc-4b92-a3d4-e043383f2cd9" testListId="8c84fa94-04c1-424b-9868-57a2d4851a1d" />
    <TestEntry testId="fd972334-7895-4918-8ecb-7d87fd91ca0c" executionId="f750a3d3-f63c-42ec-b259-081acb0bac33" testListId="8c84fa94-04c1-424b-9868-57a2d4851a1d" />
    <TestEntry testId="0684bbb7-ad3e-e603-5fd5-af10f1062743" executionId="85e12255-658d-4d0b-85a7-d8f7027ba5f4" testListId="8c84fa94-04c1-424b-9868-57a2d4851a1d" />
    <TestEntry testId="8dac384c-7318-ed3b-0e54-8d1be88633b8" executionId="8cf04405-761f-4712-a189-a280f8f96488" testListId="8c84fa94-04c1-424b-9868-57a2d4851a1d" />
    <TestEntry testId="82b4efbc-3958-1063-71d1-0800a43b3e7b" executionId="2f204b7a-3627-4019-843f-ed9ab30dbb1a" testListId="8c84fa94-04c1-424b-9868-57a2d4851a1d" />
    <TestEntry testId="d81aca56-c390-66f0-3c7a-131d3151df4c" executionId="8501c945-e1d4-4e5b-ac2d-19dc0f204779" testListId="8c84fa94-04c1-424b-9868-57a2d4851a1d" />
    <TestEntry testId="1a89ff17-06a9-2e92-c50c-ed56313c3e82" executionId="0a66e87a-f656-4c2e-a533-aa8edd43a243" testListId="8c84fa94-04c1-424b-9868-57a2d4851a1d" />
    <TestEntry testId="916b3b47-3736-67bb-7589-33b5cecee9fa" executionId="61f963d2-0a32-4e4c-8a6b-c2166e15808a" testListId="8c84fa94-04c1-424b-9868-57a2d4851a1d" />
    <TestEntry testId="f683ca90-f2c5-3f8c-ce2f-afb5f63ae957" executionId="615097db-b199-46e3-b576-b3f07f066ed7" testListId="8c84fa94-04c1-424b-9868-57a2d4851a1d" />
    <TestEntry testId="64032448-ba04-140d-b0b1-9529907385a1" executionId="3801e851-1282-453e-add2-163d01af0e83" testListId="8c84fa94-04c1-424b-9868-57a2d4851a1d" />
    <TestEntry testId="38fb199e-a1f9-a67e-a7f1-8a8c45438c2f" executionId="aa025f70-a83b-4a6e-9426-ba117265ee44" testListId="8c84fa94-04c1-424b-9868-57a2d4851a1d" />
    <TestEntry testId="7785d2e6-9e5e-7e1a-527e-cddc8fb2bcba" executionId="ebeee170-8e3f-4717-9ab3-2cf49f89c70a" testListId="8c84fa94-04c1-424b-9868-57a2d4851a1d" />
    <TestEntry testId="0b2e3c9b-84ed-0eab-36be-9fad5e060b6b" executionId="c0b3661e-576b-4892-933e-bfb23907cf0a" testListId="8c84fa94-04c1-424b-9868-57a2d4851a1d" />
    <TestEntry testId="32b18670-e5c3-d7f9-9b7b-d5779e319d8d" executionId="3acef38d-7d99-4b68-9b31-0577987129e3" testListId="8c84fa94-04c1-424b-9868-57a2d4851a1d" />
    <TestEntry testId="c0863074-eae8-31ea-3bea-766ebcd87d7a" executionId="d1eb3f48-8127-43fd-bcd7-955cd7cb9921" testListId="8c84fa94-04c1-424b-9868-57a2d4851a1d" />
    <TestEntry testId="c4a04a35-73ce-2411-88a5-e30dc2ee5cbb" executionId="75c34200-5115-4405-896d-3781cb51a2da" testListId="8c84fa94-04c1-424b-9868-57a2d4851a1d" />
    <TestEntry testId="76564703-62c1-86e8-3016-d6cd34458878" executionId="f517732f-9e84-4bbb-8446-049f40dbf569" testListId="8c84fa94-04c1-424b-9868-57a2d4851a1d" />
    <TestEntry testId="e1f3707e-a92a-ebad-baa1-6c1068cdb577" executionId="d40a58cc-87c2-4d90-9666-7991226fa5b4" testListId="8c84fa94-04c1-424b-9868-57a2d4851a1d" />
    <TestEntry testId="78ad2ecd-e51b-e4bd-a6a3-bffd9b6ceda5" executionId="f3347e5a-cb62-4320-8416-df2c14c862f7" testListId="8c84fa94-04c1-424b-9868-57a2d4851a1d" />
    <TestEntry testId="62b35b79-f7fa-fbf4-b664-bbd9d6ddb174" executionId="1fb69dc0-f339-4e76-8c57-ae639f920e94" testListId="8c84fa94-04c1-424b-9868-57a2d4851a1d" />
    <TestEntry testId="dfe0216d-50e2-b53d-00c5-27a62b4749e0" executionId="2dd33d65-5abf-4d2b-bcbb-6836568c9c10" testListId="8c84fa94-04c1-424b-9868-57a2d4851a1d" />
    <TestEntry testId="a9e5896a-8796-392a-7baa-f4aa578a006b" executionId="88f8825d-aaa9-46d7-8571-92735713e1ee" testListId="8c84fa94-04c1-424b-9868-57a2d4851a1d" />
    <TestEntry testId="c2cdf911-c8f7-7c4b-bab4-e1341535b088" executionId="19445bb0-3d7e-4c79-9f1c-65b0410d6cb8" testListId="8c84fa94-04c1-424b-9868-57a2d4851a1d" />
    <TestEntry testId="11fc2fee-f3b8-a0b8-411d-251b81c5dd87" executionId="764732df-866f-49f2-b493-df36e0ccb390" testListId="8c84fa94-04c1-424b-9868-57a2d4851a1d" />
    <TestEntry testId="3fecf603-aa09-b5fb-1289-0c7acd275831" executionId="4244fd3b-e952-48a5-aa3c-aa35286c9941" testListId="8c84fa94-04c1-424b-9868-57a2d4851a1d" />
    <TestEntry testId="3d4be2fd-3863-2ad4-a1f2-7e8be1a9622b" executionId="8d55c9d8-475d-4033-8d36-8388b50ba592" testListId="8c84fa94-04c1-424b-9868-57a2d4851a1d" />
    <TestEntry testId="91d0007f-86f0-cf2c-eaf5-bcf7fb87812a" executionId="91af65d1-466d-4351-a45f-31a07225dcd8" testListId="8c84fa94-04c1-424b-9868-57a2d4851a1d" />
    <TestEntry testId="a812a51f-f459-b348-6495-9bd32b7488ac" executionId="9706fea2-20c2-4d6b-8c2e-43a2a43edfd4" testListId="8c84fa94-04c1-424b-9868-57a2d4851a1d" />
    <TestEntry testId="2c0ea53d-7644-76da-1007-4ea6dbd339f6" executionId="133a6c45-2a2f-4924-b1d1-59625564378c" testListId="8c84fa94-04c1-424b-9868-57a2d4851a1d" />
    <TestEntry testId="bb191671-c751-8daa-6253-00fca7edc7a3" executionId="84b17637-501a-47d8-952d-2dc09646440b" testListId="8c84fa94-04c1-424b-9868-57a2d4851a1d" />
    <TestEntry testId="348a4573-2078-0f3d-4f2c-12ed8aa2bed3" executionId="4f568ed9-1e40-43f1-93e7-adf2128b094c" testListId="8c84fa94-04c1-424b-9868-57a2d4851a1d" />
    <TestEntry testId="0bf3f464-eb66-930d-2b6c-48a07b61debd" executionId="fa79acb1-2497-4ea1-87b1-067dcbde8ab9" testListId="8c84fa94-04c1-424b-9868-57a2d4851a1d" />
    <TestEntry testId="ba1277aa-7d2e-e7ec-1757-bf66458ae5a2" executionId="2edda193-660e-42bb-a83b-c793038f79f1" testListId="8c84fa94-04c1-424b-9868-57a2d4851a1d" />
    <TestEntry testId="c4176acd-0792-91a6-d4e1-b4503e1e72b5" executionId="5dc690c3-0c63-49dc-b9dd-eeb665029859" testListId="8c84fa94-04c1-424b-9868-57a2d4851a1d" />
    <TestEntry testId="0f86e520-186f-d0ec-ede6-b27f4a54f484" executionId="de051d7a-c054-40b9-bc82-db3de7693006" testListId="8c84fa94-04c1-424b-9868-57a2d4851a1d" />
    <TestEntry testId="d99cc1ab-3e0a-1a0e-7ffa-bc642ae4329c" executionId="a9ab7c73-c53d-4f3f-99eb-51826c98136b" testListId="8c84fa94-04c1-424b-9868-57a2d4851a1d" />
    <TestEntry testId="52f52e69-4454-af6e-16c6-e5784760586e" executionId="2f748c4b-2759-4248-9222-3212b6dfa221" testListId="8c84fa94-04c1-424b-9868-57a2d4851a1d" />
    <TestEntry testId="3622efc3-76d3-fe8b-9223-b99742608029" executionId="2dc1371e-9b98-4970-91f9-a428f52c635a" testListId="8c84fa94-04c1-424b-9868-57a2d4851a1d" />
    <TestEntry testId="1e553977-bc54-3d57-1805-7d731886f635" executionId="ffeb85e3-6a43-48fe-b0f6-7bcd890945e0" testListId="8c84fa94-04c1-424b-9868-57a2d4851a1d" />
    <TestEntry testId="6772eb2f-f103-bee0-9da2-b9d405053c95" executionId="3a67d111-d762-415a-b340-6a425f650018" testListId="8c84fa94-04c1-424b-9868-57a2d4851a1d" />
    <TestEntry testId="c4ab88b4-2038-86ec-3bb2-b7a9267d8c79" executionId="880251d0-416a-4c9b-8d6b-5825c984d4af" testListId="8c84fa94-04c1-424b-9868-57a2d4851a1d" />
    <TestEntry testId="1d54d475-ab04-fda8-ff34-1d48a6b3409e" executionId="5a071cdb-d1ba-4238-a344-976241fe77e5" testListId="8c84fa94-04c1-424b-9868-57a2d4851a1d" />
    <TestEntry testId="3612e128-237e-9d02-dad5-d330d5a0295f" executionId="b0efdf86-3d73-4ebc-bb7d-474a2e21f884" testListId="8c84fa94-04c1-424b-9868-57a2d4851a1d" />
    <TestEntry testId="82178e9d-a457-14d0-d13f-d9cea0781d6e" executionId="86d24a89-8d54-4fac-95d6-29f091023688" testListId="8c84fa94-04c1-424b-9868-57a2d4851a1d" />
    <TestEntry testId="2a5c6525-b2a7-8382-f449-7b75098ff3ab" executionId="be707ffb-44c9-40af-8935-86d11a7aeaad" testListId="8c84fa94-04c1-424b-9868-57a2d4851a1d" />
    <TestEntry testId="8bedb0bd-d0b2-4e63-f56b-072b21c5a198" executionId="20f37ab8-5606-4aed-a5ff-0ff4349f6f99" testListId="8c84fa94-04c1-424b-9868-57a2d4851a1d" />
    <TestEntry testId="28d5b0c5-439d-a913-88eb-4f8aa71e8e77" executionId="025d5021-1474-43cf-87cd-757b8fa2bea3" testListId="8c84fa94-04c1-424b-9868-57a2d4851a1d" />
    <TestEntry testId="9e110e80-94fe-c0f9-506a-6bc1169b254c" executionId="ac402be0-6da8-48e9-8bd1-61e97ce025f0" testListId="8c84fa94-04c1-424b-9868-57a2d4851a1d" />
    <TestEntry testId="f54f8282-ee13-21cc-439b-07cff6c4afcf" executionId="fe15d2fb-4894-4efe-98f5-08550e39f784" testListId="8c84fa94-04c1-424b-9868-57a2d4851a1d" />
    <TestEntry testId="bbb3d4c0-d3fe-87c9-4547-4595add261d6" executionId="592d4e9d-92bd-474b-877c-5816c92eef7d" testListId="8c84fa94-04c1-424b-9868-57a2d4851a1d" />
    <TestEntry testId="1fb7a141-71da-7f5e-8fa4-ab976268ae70" executionId="847c8072-0905-4968-ba5f-811ec80edce6" testListId="8c84fa94-04c1-424b-9868-57a2d4851a1d" />
    <TestEntry testId="4fc5f4b9-7823-6aec-49d2-3a01f5e6790a" executionId="b6b41255-3279-40df-a977-bea91498dea0" testListId="8c84fa94-04c1-424b-9868-57a2d4851a1d" />
    <TestEntry testId="47f8dbb5-d4a7-dbe7-3ebb-ee091553bea8" executionId="d344ac1b-d587-4b1f-a2e0-9d69d0b13b1c" testListId="8c84fa94-04c1-424b-9868-57a2d4851a1d" />
    <TestEntry testId="29161fe4-95c0-a13c-5bb3-5a11128fcea1" executionId="ad7c84f6-3d44-4572-b72d-ab2848050666" testListId="8c84fa94-04c1-424b-9868-57a2d4851a1d" />
    <TestEntry testId="8f776863-8c42-00a7-2247-93993da4aed8" executionId="202d2f48-e8e9-4ef5-80c3-9adabf1406d9" testListId="8c84fa94-04c1-424b-9868-57a2d4851a1d" />
    <TestEntry testId="e5aa7b5c-22f7-7c6c-2602-10b218038723" executionId="564517c4-9354-4612-80b7-9e4cd19ead76" testListId="8c84fa94-04c1-424b-9868-57a2d4851a1d" />
    <TestEntry testId="47e7c0e1-495a-bb7f-a4dc-8eed7040fa56" executionId="667dc361-faf5-4179-aa7f-016aad9dbea5" testListId="8c84fa94-04c1-424b-9868-57a2d4851a1d" />
    <TestEntry testId="39ae6a67-43af-ad09-d3a1-f93dad74f762" executionId="87e151ce-dc6c-47ad-848b-16de6ef7ce1c" testListId="8c84fa94-04c1-424b-9868-57a2d4851a1d" />
    <TestEntry testId="b2b56e0a-29c6-1ee3-7905-b071a6f24c21" executionId="36e1e249-6933-459e-bad5-567a2816971d" testListId="8c84fa94-04c1-424b-9868-57a2d4851a1d" />
    <TestEntry testId="9b96a94a-4071-fcff-cc89-51a0c542b7be" executionId="cce0b2f3-4de2-41d5-b8ca-64d13a0ea9aa" testListId="8c84fa94-04c1-424b-9868-57a2d4851a1d" />
    <TestEntry testId="549065ff-0448-62a6-fea1-5be3f8e22873" executionId="118296b3-ccb0-46dd-bfc6-af24d2de2313" testListId="8c84fa94-04c1-424b-9868-57a2d4851a1d" />
    <TestEntry testId="e2e0404a-363a-2a7f-a2b3-3eee68fcc239" executionId="b8828091-38a1-469e-83d1-fbf5191406ff" testListId="8c84fa94-04c1-424b-9868-57a2d4851a1d" />
    <TestEntry testId="0615d6ac-3d23-f595-e697-872f9ff740a1" executionId="badec2b9-98cc-4246-b6ec-1fba6212e503" testListId="8c84fa94-04c1-424b-9868-57a2d4851a1d" />
    <TestEntry testId="eb949829-d2e4-f4c0-796a-81dfa3080bd8" executionId="2ed42212-f7c7-4161-8fc1-59b88035a070" testListId="8c84fa94-04c1-424b-9868-57a2d4851a1d" />
    <TestEntry testId="2d51e3c2-c742-b04f-48a2-c6476781a25a" executionId="ff858d34-ca00-41f6-9bb8-2665e67a626d" testListId="8c84fa94-04c1-424b-9868-57a2d4851a1d" />
    <TestEntry testId="f01023aa-1743-9682-7655-fbc3e075bc18" executionId="e0688a6c-f9d6-42c6-ade2-a5903f9798ac" testListId="8c84fa94-04c1-424b-9868-57a2d4851a1d" />
    <TestEntry testId="e17d955f-2b08-d00e-e9d2-53d9e74a54d3" executionId="3fee73db-c8cc-4096-b7ed-964437839d3d" testListId="8c84fa94-04c1-424b-9868-57a2d4851a1d" />
    <TestEntry testId="80f9e162-f905-46e8-4433-e606d434d583" executionId="ee52eadd-8a50-4c33-a995-a418a7b05b99" testListId="8c84fa94-04c1-424b-9868-57a2d4851a1d" />
    <TestEntry testId="d2270c20-bbd9-762c-0ee0-3b5302813bd0" executionId="af5c2370-e666-42f8-8267-399304f00b96" testListId="8c84fa94-04c1-424b-9868-57a2d4851a1d" />
    <TestEntry testId="df7f2991-0376-d92f-7d44-c5f234872e7c" executionId="795e17b6-fc51-4c45-a3f5-4816f5ecfa84" testListId="8c84fa94-04c1-424b-9868-57a2d4851a1d" />
    <TestEntry testId="0b5fff6a-4976-8eab-38c7-79dc8629c549" executionId="31e54550-8f45-4fce-8246-d97da2fc77f2" testListId="8c84fa94-04c1-424b-9868-57a2d4851a1d" />
    <TestEntry testId="a9d3b93a-157e-465a-7873-044c9bd8bff7" executionId="ed510a6e-c7b2-4932-b913-49df5d7448ce" testListId="8c84fa94-04c1-424b-9868-57a2d4851a1d" />
    <TestEntry testId="cdff64f7-35b8-c977-d28a-b2385b962e70" executionId="578e083b-005e-4348-943d-27f6348d2fbc" testListId="8c84fa94-04c1-424b-9868-57a2d4851a1d" />
    <TestEntry testId="c77803ee-eae3-d12e-1099-8afb35b29c8c" executionId="dd711125-29c8-4d56-b8d8-98bdf91fd201" testListId="8c84fa94-04c1-424b-9868-57a2d4851a1d" />
    <TestEntry testId="2e56c315-e12a-d765-b511-e4cfd3f8d5cf" executionId="d44d25ea-e6ec-4f61-b214-6fb7ab43f3e9" testListId="8c84fa94-04c1-424b-9868-57a2d4851a1d" />
    <TestEntry testId="9c8bce3d-9bcf-912c-4c75-48ae2640c411" executionId="2ac91c40-f0ee-44a4-a51d-c51edabee193" testListId="8c84fa94-04c1-424b-9868-57a2d4851a1d" />
    <TestEntry testId="9aec545b-ca45-5649-ad96-82b7074b344a" executionId="f2dd8822-2fa4-4a2e-9f76-a42ceb6d3723" testListId="8c84fa94-04c1-424b-9868-57a2d4851a1d" />
    <TestEntry testId="ba20c592-5654-d049-fc70-a80b78f524e7" executionId="ca2097d7-ab0d-473a-bd69-404dd7140cd2" testListId="8c84fa94-04c1-424b-9868-57a2d4851a1d" />
    <TestEntry testId="74467e6f-bee4-e236-2cf4-1a4c40d69f0c" executionId="8b141adc-37ab-4357-958c-81a84167bdc0" testListId="8c84fa94-04c1-424b-9868-57a2d4851a1d" />
    <TestEntry testId="1d574337-52c0-ac27-09c3-a67f70ebbe3d" executionId="e15083f8-ccc4-436c-a909-6ea626464d30" testListId="8c84fa94-04c1-424b-9868-57a2d4851a1d" />
    <TestEntry testId="3c2bbf6d-f3c7-4bc2-ceae-1da2d34ba1b3" executionId="942f99a4-1c70-4f53-a457-9e734cfcd893" testListId="8c84fa94-04c1-424b-9868-57a2d4851a1d" />
    <TestEntry testId="8acf6ace-89a8-f425-7a23-6d31da465d40" executionId="2c7154d0-32cb-4e8d-bf47-2a44f9f5f739" testListId="8c84fa94-04c1-424b-9868-57a2d4851a1d" />
    <TestEntry testId="2aa4c03b-9618-ef78-4fda-63150ef7b468" executionId="29c38178-8571-48f3-8f21-0bde8d1eb56e" testListId="8c84fa94-04c1-424b-9868-57a2d4851a1d" />
    <TestEntry testId="490603e7-3fe2-1c6c-f86b-fa2946030119" executionId="3e5a8bcb-333e-4b8c-ad4a-4abd3b142318" testListId="8c84fa94-04c1-424b-9868-57a2d4851a1d" />
    <TestEntry testId="3300be9e-d4fc-592e-a1a6-f1fe56493cd3" executionId="61c03ccb-9780-47cc-aa2f-12744675a1df" testListId="8c84fa94-04c1-424b-9868-57a2d4851a1d" />
    <TestEntry testId="f8a2db41-3c3b-fc03-f3c6-87e7bdbef2dd" executionId="07d8c96a-b431-4d96-a19d-6075d692f034" testListId="8c84fa94-04c1-424b-9868-57a2d4851a1d" />
    <TestEntry testId="e1ab61e6-732e-e94d-9310-25cda5a73835" executionId="4ccc197f-ff4c-41c0-ad8e-5e07eb725136" testListId="8c84fa94-04c1-424b-9868-57a2d4851a1d" />
    <TestEntry testId="67ccba15-b978-b475-95a0-fcf54e46f8c7" executionId="f9775d4f-6d33-4a2e-bf5f-c10ed5b3db1b" testListId="8c84fa94-04c1-424b-9868-57a2d4851a1d" />
    <TestEntry testId="7f22901c-af4c-7cdf-842b-c90670f5ebfd" executionId="f149e84a-ade2-4056-81b3-1c29a2979695" testListId="8c84fa94-04c1-424b-9868-57a2d4851a1d" />
    <TestEntry testId="db74ad43-0db1-a74e-cbba-87692bd96b80" executionId="7f64093b-c24a-47c0-8163-c46eb11c3150" testListId="8c84fa94-04c1-424b-9868-57a2d4851a1d" />
    <TestEntry testId="5bce7669-cd26-6158-e162-b3acd8dcf62f" executionId="8d476159-7a5c-4833-b603-fd084a69e683" testListId="8c84fa94-04c1-424b-9868-57a2d4851a1d" />
    <TestEntry testId="10c57974-c601-f98f-3182-6b26d38312ec" executionId="819cc0da-ae4d-4614-9f37-76e045e1be49" testListId="8c84fa94-04c1-424b-9868-57a2d4851a1d" />
    <TestEntry testId="caf55c76-49f4-4ea1-087f-6977600f4473" executionId="703ccb5e-d34f-4086-ae52-4bc328a27428" testListId="8c84fa94-04c1-424b-9868-57a2d4851a1d" />
    <TestEntry testId="f20a2ffa-57a4-a3c3-6c8d-361e6beba545" executionId="19cd30ba-5388-4e69-8437-c3f6d74b4bba" testListId="8c84fa94-04c1-424b-9868-57a2d4851a1d" />
    <TestEntry testId="26aa9c1a-0eb3-dfe4-17af-bf11d3b4f0f4" executionId="b953cc15-2b42-40ea-a66b-84a238c2754e" testListId="8c84fa94-04c1-424b-9868-57a2d4851a1d" />
    <TestEntry testId="d04930b3-cfdf-a197-bae7-5b88f7f9a4e5" executionId="582c252f-f4dd-405e-adea-147f86a75b74" testListId="8c84fa94-04c1-424b-9868-57a2d4851a1d" />
    <TestEntry testId="b56ab53d-edcb-e1a5-4873-ce18800875e5" executionId="07dd7a9a-7007-45fe-9f24-f7374170a54d" testListId="8c84fa94-04c1-424b-9868-57a2d4851a1d" />
    <TestEntry testId="c2aa171c-c36d-4058-1986-cf8af01ecec6" executionId="ac9b7ba2-4152-4b05-8dcf-ebe36ff12af9" testListId="8c84fa94-04c1-424b-9868-57a2d4851a1d" />
    <TestEntry testId="25dad0c5-2d36-095c-c6e4-e9a5e62746ad" executionId="11d26a8a-bb17-43d2-b1df-0b92fc32a638" testListId="8c84fa94-04c1-424b-9868-57a2d4851a1d" />
    <TestEntry testId="3c305e00-6c6c-0178-6fc6-13c2e00a4b30" executionId="175afe97-fa5e-4e82-ac50-d4759fc45c15" testListId="8c84fa94-04c1-424b-9868-57a2d4851a1d" />
    <TestEntry testId="8561ff3b-230c-4c02-ada8-8e78c657afab" executionId="38934d5c-57fa-4fab-acf1-25a08c5f5e97" testListId="8c84fa94-04c1-424b-9868-57a2d4851a1d" />
    <TestEntry testId="4825d5fc-6b00-c271-e37b-5b231bba76cb" executionId="5e728ee5-f985-4231-9297-4c9aeb688d4d" testListId="8c84fa94-04c1-424b-9868-57a2d4851a1d" />
    <TestEntry testId="5d271776-fd1c-9a2b-0923-1fda1c2a9fa5" executionId="f77de18b-ff6e-4b21-8186-601ddbd56338" testListId="8c84fa94-04c1-424b-9868-57a2d4851a1d" />
    <TestEntry testId="76d9495e-ec3e-aef5-0612-0853da94906f" executionId="beb770e4-f7a1-43d2-ae28-8d5cc3bc0a5e" testListId="8c84fa94-04c1-424b-9868-57a2d4851a1d" />
    <TestEntry testId="32637ec9-af05-9819-a880-fe6cb045aeb6" executionId="96c225f1-feae-4385-9db8-e1a133f48153" testListId="8c84fa94-04c1-424b-9868-57a2d4851a1d" />
    <TestEntry testId="639bf7a4-56f5-700c-5872-0f86304ef480" executionId="17823cf2-1f77-4227-a446-f07fda5d5ba1" testListId="8c84fa94-04c1-424b-9868-57a2d4851a1d" />
    <TestEntry testId="9c200632-d4f0-3601-16c4-1885d0a14f2d" executionId="fa2533a8-de80-4215-bd47-ee76cbcc10de" testListId="8c84fa94-04c1-424b-9868-57a2d4851a1d" />
    <TestEntry testId="c67210c6-0ead-f8f4-6607-d6be8944773a" executionId="e8351be1-403b-4b71-a95a-fc2ab9cf9510" testListId="8c84fa94-04c1-424b-9868-57a2d4851a1d" />
    <TestEntry testId="adffb759-cbe4-55f1-6446-d228cb64f5cf" executionId="0191c83d-55c3-4a60-acf7-69e6dd56b736" testListId="8c84fa94-04c1-424b-9868-57a2d4851a1d" />
    <TestEntry testId="263f6e47-e1ba-d479-c475-a05de2e7362b" executionId="14a7facc-741f-4e4a-a89d-303148aafa13" testListId="8c84fa94-04c1-424b-9868-57a2d4851a1d" />
    <TestEntry testId="6e1e3d10-218e-4647-24e5-5589e3d7059a" executionId="ed371a66-fcff-4831-82af-8d7a0f7b95bc" testListId="8c84fa94-04c1-424b-9868-57a2d4851a1d" />
    <TestEntry testId="067af71f-0d9e-4c09-ef9c-27d5026855e1" executionId="600b6c6c-3e37-47f7-90fe-88b6d7c43960" testListId="8c84fa94-04c1-424b-9868-57a2d4851a1d" />
    <TestEntry testId="a134cf55-47ec-2ad6-e9f2-d87c28f10f40" executionId="60afd672-c87f-4e82-afa8-d4b41dc2752b" testListId="8c84fa94-04c1-424b-9868-57a2d4851a1d" />
    <TestEntry testId="3eb182c6-8ead-7cf5-5050-5ebadd4a71f6" executionId="237208b5-3a60-4522-87b2-adab522be659" testListId="8c84fa94-04c1-424b-9868-57a2d4851a1d" />
    <TestEntry testId="9f1f0426-916a-93ef-bd5b-bfa359cd3863" executionId="0a88969c-6b54-4300-8044-7c6b62f580ca" testListId="8c84fa94-04c1-424b-9868-57a2d4851a1d" />
    <TestEntry testId="db2b8c15-11a0-395d-84a1-ddf1f82efacc" executionId="b44567c1-0cf6-40dd-badf-c130367dfc43" testListId="8c84fa94-04c1-424b-9868-57a2d4851a1d" />
    <TestEntry testId="18b5e7fc-8374-e02b-33d7-f2ffa74a597f" executionId="7cbb8df5-451f-4bc5-b6ac-79a7abdc6199" testListId="8c84fa94-04c1-424b-9868-57a2d4851a1d" />
    <TestEntry testId="9b710e5e-e02d-df1f-a731-bb6de136fc3e" executionId="bab942c1-8618-48b6-b997-4fc5190825aa" testListId="8c84fa94-04c1-424b-9868-57a2d4851a1d" />
    <TestEntry testId="865b2e19-dfc9-aee7-f526-3c1c532352a6" executionId="901573bb-f898-4342-8ff8-551f81d2df3b" testListId="8c84fa94-04c1-424b-9868-57a2d4851a1d" />
    <TestEntry testId="41dc76b3-1841-4e82-953c-2f3650cbfd8d" executionId="b5fe0bf2-8c9e-4102-be5e-48aafec369eb" testListId="8c84fa94-04c1-424b-9868-57a2d4851a1d" />
    <TestEntry testId="e6562b54-9a8c-c5bb-9179-125b0e987e75" executionId="9b5f4768-0b94-48e1-9f38-d9a062150f7b" testListId="8c84fa94-04c1-424b-9868-57a2d4851a1d" />
    <TestEntry testId="0f756769-d05f-4b10-4054-8e8915e46ebf" executionId="62df7a77-371b-4941-bf2f-04e39e9e2a42" testListId="8c84fa94-04c1-424b-9868-57a2d4851a1d" />
    <TestEntry testId="b6cedb84-fc40-59d8-7b52-e058e783c606" executionId="4e7894b5-fcdf-42a2-8353-326d12763eb7" testListId="8c84fa94-04c1-424b-9868-57a2d4851a1d" />
    <TestEntry testId="d1667c5c-282b-c822-c169-1e8f10c3adb8" executionId="57f7ab8e-b97f-436f-8305-778eb810f131" testListId="8c84fa94-04c1-424b-9868-57a2d4851a1d" />
    <TestEntry testId="a8cb4d78-6822-740a-60a4-c509a6ae2dc7" executionId="30bfd395-7461-479b-8233-7b30b0c03396" testListId="8c84fa94-04c1-424b-9868-57a2d4851a1d" />
    <TestEntry testId="a30f45e5-260f-6892-6d5d-eba947105576" executionId="df4ccd7b-98ea-4bcd-b616-040c9de2a741" testListId="8c84fa94-04c1-424b-9868-57a2d4851a1d" />
    <TestEntry testId="876f7fc3-1eb5-fbd6-99e1-9ecd797b58b5" executionId="1d92a566-cb0f-4aed-ab3a-769fbec6b822" testListId="8c84fa94-04c1-424b-9868-57a2d4851a1d" />
    <TestEntry testId="f830c6d0-fede-dbbe-28ee-377f0fae7add" executionId="573534fd-cc2c-4008-910a-0d95796f83a7" testListId="8c84fa94-04c1-424b-9868-57a2d4851a1d" />
    <TestEntry testId="1d5c11a9-9a61-5944-d03d-64548f3ffc52" executionId="d8e4f01d-f6b2-4665-bbd0-641708dc4de9" testListId="8c84fa94-04c1-424b-9868-57a2d4851a1d" />
    <TestEntry testId="ae0a8f24-62ea-1072-7e70-6b6f4feeb6f3" executionId="b299ec69-881c-461f-af77-8ccba1d81d84" testListId="8c84fa94-04c1-424b-9868-57a2d4851a1d" />
    <TestEntry testId="63823934-ae53-f85a-ccb0-3d1008c22a92" executionId="5c96420b-01a9-4cbb-b490-71bfcb23c946" testListId="8c84fa94-04c1-424b-9868-57a2d4851a1d" />
    <TestEntry testId="655ceafb-9fa7-a368-b988-cceca45060a7" executionId="304e0821-8aaf-42e2-bf54-21f109dfe52e" testListId="8c84fa94-04c1-424b-9868-57a2d4851a1d" />
    <TestEntry testId="7030a2a1-e377-a66e-1354-aeee7f7b5c3b" executionId="0c717f4c-61d8-4345-97c3-5ee621660f5f" testListId="8c84fa94-04c1-424b-9868-57a2d4851a1d" />
    <TestEntry testId="61186fbf-70b6-496b-6556-74526a90f8ad" executionId="40f03336-e335-4897-aa1c-665434ca67aa" testListId="8c84fa94-04c1-424b-9868-57a2d4851a1d" />
    <TestEntry testId="1dca3ae7-9142-e5f8-acd1-1bc86dda9eb2" executionId="6312c41c-838d-4ec0-9d86-d26c0a41cffc" testListId="8c84fa94-04c1-424b-9868-57a2d4851a1d" />
    <TestEntry testId="d3629313-669a-938e-5c8a-b6ed4493b066" executionId="ef4affe4-487d-43f3-936a-b0e52a018351" testListId="8c84fa94-04c1-424b-9868-57a2d4851a1d" />
    <TestEntry testId="d81412e0-f806-c293-5684-dd96f77c258e" executionId="6891507e-2d03-44f5-934f-26e733611f15" testListId="8c84fa94-04c1-424b-9868-57a2d4851a1d" />
    <TestEntry testId="7720877a-4936-0506-fbf1-da427974671f" executionId="185ac21e-1216-4b22-a2b9-ff69a91a4a52" testListId="8c84fa94-04c1-424b-9868-57a2d4851a1d" />
    <TestEntry testId="1d3851db-b6c9-407b-7065-9048f3beeafb" executionId="ae235363-8d39-4137-872d-b33a1a48b14d" testListId="8c84fa94-04c1-424b-9868-57a2d4851a1d" />
    <TestEntry testId="f9e946da-cc7d-8a29-24e6-bff00236ae06" executionId="98141efc-19d7-4aaa-a652-c68552f92988" testListId="8c84fa94-04c1-424b-9868-57a2d4851a1d" />
    <TestEntry testId="54bf3c00-6143-9101-3b51-edbfe08517b3" executionId="dae4ee8b-1336-4772-b2c7-b004a398c861" testListId="8c84fa94-04c1-424b-9868-57a2d4851a1d" />
    <TestEntry testId="678878f7-d413-5d15-7df6-bc8e79426e28" executionId="67f7c33a-1fe5-40b4-91ff-2380f88a295a" testListId="8c84fa94-04c1-424b-9868-57a2d4851a1d" />
    <TestEntry testId="33a7a711-fdac-cad1-b256-c5a577c8e1e3" executionId="dc743734-72de-40ce-ba92-a9837c214545" testListId="8c84fa94-04c1-424b-9868-57a2d4851a1d" />
    <TestEntry testId="37bac762-1a6a-bba6-4e24-42978aa5baab" executionId="5d12c840-f2df-4d09-b6e9-99099fe86901" testListId="8c84fa94-04c1-424b-9868-57a2d4851a1d" />
    <TestEntry testId="2c299a2b-a522-cea2-e3aa-598faeffd620" executionId="1bd43ad8-58fb-4583-8ff8-73af1d6e1e79" testListId="8c84fa94-04c1-424b-9868-57a2d4851a1d" />
    <TestEntry testId="103f42f7-f40b-2036-5540-4cdccc4d11a3" executionId="42b31e56-96ea-4960-9526-792febdfc639" testListId="8c84fa94-04c1-424b-9868-57a2d4851a1d" />
    <TestEntry testId="2af90fad-0632-2af7-1281-681bcfbca3d2" executionId="6ac64b99-e8d3-46e7-b7bc-12c3da18816c" testListId="8c84fa94-04c1-424b-9868-57a2d4851a1d" />
    <TestEntry testId="1d442160-80ac-e72e-d89b-7ebd45913986" executionId="00233e89-1c05-4882-b2e0-f7114f65c485" testListId="8c84fa94-04c1-424b-9868-57a2d4851a1d" />
    <TestEntry testId="dc2ae46e-000d-b557-286e-bc11390611d4" executionId="1222d0f3-f0f8-4a97-89cc-96ba049b2535" testListId="8c84fa94-04c1-424b-9868-57a2d4851a1d" />
    <TestEntry testId="9dc20e00-9270-bb2c-0568-df4d47e4e1d5" executionId="4b432dac-210f-41ac-89a1-0493af0d6138" testListId="8c84fa94-04c1-424b-9868-57a2d4851a1d" />
    <TestEntry testId="bf8d0b49-f512-9bcb-520f-6ecab174e65d" executionId="83e7202e-0b22-4fb8-9180-e9afb6da10db" testListId="8c84fa94-04c1-424b-9868-57a2d4851a1d" />
    <TestEntry testId="90d5ddb4-9805-2f36-ebcf-ff1531734bed" executionId="3a6f6e5f-6829-44dc-9a06-8a43d7767441" testListId="8c84fa94-04c1-424b-9868-57a2d4851a1d" />
    <TestEntry testId="b084b3d4-b0a5-01e4-3115-07e26a944133" executionId="35ab9210-a54b-41ea-9c35-a44d8cd17799" testListId="8c84fa94-04c1-424b-9868-57a2d4851a1d" />
    <TestEntry testId="acd4791b-992c-b6ec-fec8-12959a10d09b" executionId="949f40d0-8059-4b1e-aa94-b6c48357ea53" testListId="8c84fa94-04c1-424b-9868-57a2d4851a1d" />
    <TestEntry testId="89180dbe-0cca-a231-f0a3-899ada0a7b8e" executionId="3e589edc-8389-4cb2-8c9f-45f23d5812d6" testListId="8c84fa94-04c1-424b-9868-57a2d4851a1d" />
    <TestEntry testId="4f2e2bc2-007f-b8f4-4823-4d811b08627e" executionId="c464c469-e8ca-47d6-8fad-79bde23669f8" testListId="8c84fa94-04c1-424b-9868-57a2d4851a1d" />
    <TestEntry testId="4114eb73-3670-6cb9-5e7a-20771910256e" executionId="cccf01c5-ed88-4ae0-b053-8f70ff941857" testListId="8c84fa94-04c1-424b-9868-57a2d4851a1d" />
    <TestEntry testId="95a17fcc-7d79-f8ff-63a4-690f7e679dab" executionId="9fe8765e-ab34-4d1f-ad1c-77b2b8fa9ddc" testListId="8c84fa94-04c1-424b-9868-57a2d4851a1d" />
    <TestEntry testId="9041cdad-3dcf-505b-57fe-41bf3270f936" executionId="e2dbe339-aad2-4f94-82fc-464f170da1ce" testListId="8c84fa94-04c1-424b-9868-57a2d4851a1d" />
    <TestEntry testId="a4e78f2e-ace7-f6f4-b35d-4d65a315bc51" executionId="269d869d-230c-49ff-abb5-da5908262617" testListId="8c84fa94-04c1-424b-9868-57a2d4851a1d" />
    <TestEntry testId="51e85f82-fe27-8591-5731-69dd56c6b7f8" executionId="552fc9c7-9c7e-4ee6-afa1-83743f8deca2" testListId="8c84fa94-04c1-424b-9868-57a2d4851a1d" />
    <TestEntry testId="b6ac1497-7aa0-a46e-686d-2ec41f955dd1" executionId="501e7c29-d54f-411c-8bca-c2adbd7d1bf2" testListId="8c84fa94-04c1-424b-9868-57a2d4851a1d" />
    <TestEntry testId="f7ca963d-2297-c832-c01b-b3c4a91c0a88" executionId="a4600b14-eae9-4c14-a53b-8ed18fc43216" testListId="8c84fa94-04c1-424b-9868-57a2d4851a1d" />
    <TestEntry testId="d6d68c95-68e4-7b85-515c-f0edb9fd5261" executionId="500c91dc-2d02-4a11-8d07-a7fa6441dff9" testListId="8c84fa94-04c1-424b-9868-57a2d4851a1d" />
    <TestEntry testId="fc5494ec-8f40-cff7-c815-0109cc541f39" executionId="978ccd7c-85cc-46c5-8e87-c45eeb4144e8" testListId="8c84fa94-04c1-424b-9868-57a2d4851a1d" />
    <TestEntry testId="15ece649-077d-c855-e38f-4fded3b6ba50" executionId="de099389-5137-4149-bf59-a7838b7d4792" testListId="8c84fa94-04c1-424b-9868-57a2d4851a1d" />
    <TestEntry testId="3539c9d9-71fa-c0af-a0e5-466a4f04b716" executionId="2c6cadfb-9c7c-4cce-aba0-877f3e115ccb" testListId="8c84fa94-04c1-424b-9868-57a2d4851a1d" />
    <TestEntry testId="d2d8b349-569f-2e3e-7e24-9d1b34715657" executionId="fede9df2-47c8-40f6-9c60-1b6676a16e77" testListId="8c84fa94-04c1-424b-9868-57a2d4851a1d" />
    <TestEntry testId="81b82f2a-8d55-b388-6193-061be9cc0749" executionId="4dcdb125-5b30-4f74-9dfb-69aa2a790ab1" testListId="8c84fa94-04c1-424b-9868-57a2d4851a1d" />
    <TestEntry testId="4c2c518c-cdc8-5dac-68dc-5ada3143cdf1" executionId="615e4ee0-3d7d-4569-a860-9c0eb2c96871" testListId="8c84fa94-04c1-424b-9868-57a2d4851a1d" />
    <TestEntry testId="7733ea9f-d257-48b7-daa2-20101184fb5f" executionId="d2f970a0-8c7e-4d7f-94a2-0e9462825843" testListId="8c84fa94-04c1-424b-9868-57a2d4851a1d" />
    <TestEntry testId="0f76668e-afe7-476f-7692-5bfb85dc7143" executionId="7c4a7268-69e8-469e-88f0-ff465d18a3c7" testListId="8c84fa94-04c1-424b-9868-57a2d4851a1d" />
    <TestEntry testId="1dbe5fcf-7cfe-b516-84c2-08483e413d7c" executionId="836c12d1-0559-4d53-9eaa-168af5d3e323" testListId="8c84fa94-04c1-424b-9868-57a2d4851a1d" />
    <TestEntry testId="0d26d294-df5a-458c-4d25-d5b8eb38296e" executionId="23fdef85-8f06-46ff-832f-7fc67f09ed92" testListId="8c84fa94-04c1-424b-9868-57a2d4851a1d" />
    <TestEntry testId="bd4d6fe2-87ee-4937-b079-88fe51209376" executionId="a4832bd7-29ea-47de-872a-c476058e0515" testListId="8c84fa94-04c1-424b-9868-57a2d4851a1d" />
    <TestEntry testId="fe18cdfa-4fc1-a558-bad6-a96bcca7f5c1" executionId="9cbd840d-d92c-456c-8d93-2b74de4dff2a" testListId="8c84fa94-04c1-424b-9868-57a2d4851a1d" />
    <TestEntry testId="b9f9c9c4-0c49-05ff-f841-e5236327fc76" executionId="916c0f8b-64d2-49cc-85bc-4a1b5824cba5" testListId="8c84fa94-04c1-424b-9868-57a2d4851a1d" />
    <TestEntry testId="c8bcd66f-d288-b482-4f96-86f445f8b5b5" executionId="62ea2e88-235e-4b8c-804c-bc9d85ccfc16" testListId="8c84fa94-04c1-424b-9868-57a2d4851a1d" />
    <TestEntry testId="8970e2b9-837b-aa28-b3f0-da2e2c820d72" executionId="bdf448fa-e094-4a8e-9190-cf76da319f42" testListId="8c84fa94-04c1-424b-9868-57a2d4851a1d" />
    <TestEntry testId="76e1c6d3-4a68-0ab4-b18b-20a6b08ed76f" executionId="fa87e854-b782-4d01-922a-99e933117993" testListId="8c84fa94-04c1-424b-9868-57a2d4851a1d" />
    <TestEntry testId="0b76489f-8d1d-4e36-7825-251bd9070f83" executionId="dad62230-0882-48f0-820f-a9ccbcc277d0" testListId="8c84fa94-04c1-424b-9868-57a2d4851a1d" />
    <TestEntry testId="1e569058-6f0f-f61b-85cb-a7f9a053afbb" executionId="71c78da1-1cec-4623-89a2-f1245db7b070" testListId="8c84fa94-04c1-424b-9868-57a2d4851a1d" />
    <TestEntry testId="99d040fb-3df2-3718-71f1-498747dfce2b" executionId="473c9e32-e87a-42e7-8c19-f60e0b660450" testListId="8c84fa94-04c1-424b-9868-57a2d4851a1d" />
    <TestEntry testId="7609b421-0cf0-7913-1ebb-96a04362222c" executionId="9739cd3d-8675-46c2-8963-4410522b17f3" testListId="8c84fa94-04c1-424b-9868-57a2d4851a1d" />
    <TestEntry testId="93c7019d-9f8f-7573-0164-a500db029545" executionId="b5f96e79-e748-44e0-ad4a-5f232e2a00a8" testListId="8c84fa94-04c1-424b-9868-57a2d4851a1d" />
    <TestEntry testId="bc655d46-bfd9-2e6a-1a3b-ae0367db2470" executionId="137f86c8-95d7-48a8-a566-c85e66eed30f" testListId="8c84fa94-04c1-424b-9868-57a2d4851a1d" />
    <TestEntry testId="02051ebb-0765-7223-6771-fe0dbbe7cd42" executionId="8d4bbca5-218f-4e14-8a8d-185838fc701f" testListId="8c84fa94-04c1-424b-9868-57a2d4851a1d" />
    <TestEntry testId="70dcee1c-7c7f-2a81-4dc1-bf29aa784dfa" executionId="9daa2308-7d64-4808-b905-d3ccfefb546e" testListId="8c84fa94-04c1-424b-9868-57a2d4851a1d" />
    <TestEntry testId="89cda6c9-17d2-1bfc-b49e-ba56a4ac9987" executionId="7c2c1dbe-5031-48d5-846e-c90d23e1222c" testListId="8c84fa94-04c1-424b-9868-57a2d4851a1d" />
    <TestEntry testId="b5f22094-fcca-d4d8-4b40-278183ce1276" executionId="fcf82eea-65f9-4ebc-b25c-131fa6413364" testListId="8c84fa94-04c1-424b-9868-57a2d4851a1d" />
    <TestEntry testId="a8c3fc24-3346-e5d4-5714-5ae5f01ea119" executionId="977750cc-5dfb-4b5f-8a58-1773b15b3287" testListId="8c84fa94-04c1-424b-9868-57a2d4851a1d" />
    <TestEntry testId="454d3c13-31a9-ab5b-a2e3-a9e2c11219d4" executionId="f404753d-7746-4d8a-9d04-8b33ef217963" testListId="8c84fa94-04c1-424b-9868-57a2d4851a1d" />
    <TestEntry testId="dba2068a-5b53-8460-e551-6f0891dd1215" executionId="e79595d6-9a82-4d71-991f-10500a2990e1" testListId="8c84fa94-04c1-424b-9868-57a2d4851a1d" />
    <TestEntry testId="a497c5e2-41a0-e7b5-5f89-7bcf39965655" executionId="301def42-1c1b-42fe-a526-8fcca1d46d46" testListId="8c84fa94-04c1-424b-9868-57a2d4851a1d" />
    <TestEntry testId="d9880993-a823-877d-b6d2-b559e43716c1" executionId="0daf08e2-9266-495b-bb56-c05042853ce6" testListId="8c84fa94-04c1-424b-9868-57a2d4851a1d" />
    <TestEntry testId="c67acfea-046f-eaa0-239b-5fbc742f9075" executionId="b3be60a6-01d1-4456-b014-6a3e92ee423b" testListId="8c84fa94-04c1-424b-9868-57a2d4851a1d" />
    <TestEntry testId="2635080a-ed02-86a2-8a0d-ae53e0d29882" executionId="d42936c8-21d3-43ae-b83a-3aa34d99ca46" testListId="8c84fa94-04c1-424b-9868-57a2d4851a1d" />
    <TestEntry testId="3da031ff-c961-dca6-9ab4-6effe4e22187" executionId="c103d1e7-2660-4afc-a810-8eea09d39b89" testListId="8c84fa94-04c1-424b-9868-57a2d4851a1d" />
    <TestEntry testId="bcfb988d-c9ac-790d-eb8c-63adb92b2287" executionId="093a9acc-992d-4961-8752-d3f69c02f691" testListId="8c84fa94-04c1-424b-9868-57a2d4851a1d" />
    <TestEntry testId="2fa3492a-9dc4-3a1c-7a1c-a81085d436e1" executionId="eeb54ff7-df92-4ddc-bc7a-3df199622059" testListId="8c84fa94-04c1-424b-9868-57a2d4851a1d" />
    <TestEntry testId="33a7b50c-631c-d843-0a7c-9e96f865d461" executionId="0ea5fa10-085d-48a0-b138-a3f7af0ce9fe" testListId="8c84fa94-04c1-424b-9868-57a2d4851a1d" />
    <TestEntry testId="5bd15c5f-73f4-0f05-a748-4df5091ed1ee" executionId="c9802186-6c8c-4432-bf1e-e0e0cd71ff9d" testListId="8c84fa94-04c1-424b-9868-57a2d4851a1d" />
    <TestEntry testId="a5a1b99e-25a8-5c95-f31c-a70cbd98cde7" executionId="8e2929bb-6f2f-400f-b5f5-60e00220e46c" testListId="8c84fa94-04c1-424b-9868-57a2d4851a1d" />
    <TestEntry testId="2eca8618-6f22-2e24-af29-2bdb868fbae2" executionId="ca132aa7-2138-49a0-a65f-8b4d3f78b1d5" testListId="8c84fa94-04c1-424b-9868-57a2d4851a1d" />
    <TestEntry testId="a06e9bc1-e1e9-9174-a4e4-c52a8a80ddb6" executionId="3ddf676b-75c1-4fc2-a0f3-e725f662e6df" testListId="8c84fa94-04c1-424b-9868-57a2d4851a1d" />
    <TestEntry testId="bddc11af-472f-b284-f561-5cae4cec0e4e" executionId="2fce0fea-82ed-446e-8840-7e7e53834d16" testListId="8c84fa94-04c1-424b-9868-57a2d4851a1d" />
    <TestEntry testId="71710613-b414-625f-4492-8a8ee610196a" executionId="4ba93a05-5533-4879-a0c4-7fbf2b9e1801" testListId="8c84fa94-04c1-424b-9868-57a2d4851a1d" />
    <TestEntry testId="3d3cc790-6d21-dbf9-c323-8e39aaf0a7c6" executionId="db2f82dc-e77e-4224-be38-741620030d01" testListId="8c84fa94-04c1-424b-9868-57a2d4851a1d" />
    <TestEntry testId="036a79ee-8257-0c3b-62c3-1f52091d2ca2" executionId="24e4a3fb-34ac-4a21-bd2b-b30a8e3a2194" testListId="8c84fa94-04c1-424b-9868-57a2d4851a1d" />
    <TestEntry testId="d6d1e935-1dc2-bc73-c017-fa5002cc629d" executionId="fcc4db5d-c5b1-488f-8a42-29195ea677a7" testListId="8c84fa94-04c1-424b-9868-57a2d4851a1d" />
    <TestEntry testId="16d5a898-3912-8d6d-6d6d-bf75e99ba161" executionId="46d2a2c2-702a-41a2-9a6c-425a78f8adfe" testListId="8c84fa94-04c1-424b-9868-57a2d4851a1d" />
    <TestEntry testId="04a92cd7-572f-3d1a-212b-999ce2f7a9e2" executionId="aeebb5af-9ffa-4ea4-af5d-31dfb46bd3a5" testListId="8c84fa94-04c1-424b-9868-57a2d4851a1d" />
    <TestEntry testId="cd0745fe-4ad1-78da-5886-1eb580b9cdd5" executionId="464c9566-ae92-40f2-b527-770b08b0e2e6" testListId="8c84fa94-04c1-424b-9868-57a2d4851a1d" />
    <TestEntry testId="86481061-e20d-ac57-4741-ba5265d41bde" executionId="f1e9209d-f38e-495e-8c9d-a1379dbbf97d" testListId="8c84fa94-04c1-424b-9868-57a2d4851a1d" />
    <TestEntry testId="fae57342-961d-e2f5-a502-420dfa0204cd" executionId="1ac9a7eb-ed6b-48a1-a422-405f676fa550" testListId="8c84fa94-04c1-424b-9868-57a2d4851a1d" />
    <TestEntry testId="773b7dbe-bedf-dbcf-effe-eaa4f149ebf5" executionId="47e4387a-2279-4fcb-a224-2588f594a0a6" testListId="8c84fa94-04c1-424b-9868-57a2d4851a1d" />
    <TestEntry testId="52de58bc-525c-8f28-263b-415df4fcea29" executionId="cb69581e-8624-414f-9618-f36a0e4352d6" testListId="8c84fa94-04c1-424b-9868-57a2d4851a1d" />
    <TestEntry testId="d95e3ede-ee53-468d-83a6-8be341108b30" executionId="a4608009-ac88-4c9b-a0b4-f5ded92deed9" testListId="8c84fa94-04c1-424b-9868-57a2d4851a1d" />
    <TestEntry testId="f0d3ff45-290b-365b-93fa-2a5f087e9583" executionId="f5bef7e3-366d-499e-8f4f-7b08b7672d4f" testListId="8c84fa94-04c1-424b-9868-57a2d4851a1d" />
    <TestEntry testId="8888851b-6e7a-3b28-1395-79bbc170bc4a" executionId="9e9e0d98-97a6-4463-b125-c477d7088469" testListId="8c84fa94-04c1-424b-9868-57a2d4851a1d" />
    <TestEntry testId="6a2d92e8-9afc-5a36-0e62-0a2f924d27f4" executionId="706253ee-20fd-4ab3-b9ae-593fb21cfaac" testListId="8c84fa94-04c1-424b-9868-57a2d4851a1d" />
    <TestEntry testId="1803da08-f222-3590-490b-cd4c3f1c6d89" executionId="3b2d2799-e620-4045-8d55-01d0615fb6e9" testListId="8c84fa94-04c1-424b-9868-57a2d4851a1d" />
    <TestEntry testId="1e008cf0-0223-146f-4567-5a7b406a4cab" executionId="2ec6be47-0356-4430-b076-64546218a892" testListId="8c84fa94-04c1-424b-9868-57a2d4851a1d" />
    <TestEntry testId="5893e01c-fb36-f6ac-8047-648f12b462c8" executionId="9203a51b-b715-47a1-800d-4b4eba14909e" testListId="8c84fa94-04c1-424b-9868-57a2d4851a1d" />
    <TestEntry testId="21f155e6-9e4d-e1ff-0a51-1470314d59a7" executionId="fadc7036-3b85-4762-bf16-4df581f95bed" testListId="8c84fa94-04c1-424b-9868-57a2d4851a1d" />
    <TestEntry testId="9f25c8a5-a363-056f-3497-1c9b28b91983" executionId="be40f628-a334-4618-b628-ab0cb8137485" testListId="8c84fa94-04c1-424b-9868-57a2d4851a1d" />
    <TestEntry testId="617e2a1b-a273-cdfc-fbc3-31338aeae9d5" executionId="95a7c145-6b56-4ab1-a56b-d87d1ea1b3a2" testListId="8c84fa94-04c1-424b-9868-57a2d4851a1d" />
    <TestEntry testId="c6b67e44-2eab-102a-00a4-314fc821ae92" executionId="ffd5700b-0328-46ae-9a98-b3926a0e6a4a" testListId="8c84fa94-04c1-424b-9868-57a2d4851a1d" />
    <TestEntry testId="0b820ba2-9251-558b-385e-cd54f1731733" executionId="996ac2f9-98e5-4ecd-94d3-682d218759a7" testListId="8c84fa94-04c1-424b-9868-57a2d4851a1d" />
    <TestEntry testId="78ec11a4-5371-ab2d-ae42-578920d1f831" executionId="12d58ced-f9f6-4cff-8b94-ec0455c4d63c" testListId="8c84fa94-04c1-424b-9868-57a2d4851a1d" />
    <TestEntry testId="7bb259d8-322d-4c05-7324-a65af949ca53" executionId="f60fe985-bc12-4043-84d0-4423774bfe1d" testListId="8c84fa94-04c1-424b-9868-57a2d4851a1d" />
    <TestEntry testId="82699a32-3dea-27e9-0e58-a209de6f0dcd" executionId="46a5be78-18d3-4db9-b1f2-6d031cabdbb7" testListId="8c84fa94-04c1-424b-9868-57a2d4851a1d" />
    <TestEntry testId="3e380a66-dba2-1a8f-6cdb-ae5a76b86039" executionId="7ec64c9c-7104-4290-a4a9-de7a1e01f9aa" testListId="8c84fa94-04c1-424b-9868-57a2d4851a1d" />
    <TestEntry testId="66133bd1-d99c-8003-a099-9b351bc6fd5a" executionId="8fa8f10b-58cd-4f08-bd88-350d691a3cfa" testListId="8c84fa94-04c1-424b-9868-57a2d4851a1d" />
    <TestEntry testId="3354c841-566f-899e-a504-5ed529bce361" executionId="2f026893-7339-4951-9e65-a5986c470da0" testListId="8c84fa94-04c1-424b-9868-57a2d4851a1d" />
    <TestEntry testId="10f4a4c7-585f-4668-5e80-d73824eab56d" executionId="e72d78c3-bc03-4415-8acb-5d2f2f6ebd2a" testListId="8c84fa94-04c1-424b-9868-57a2d4851a1d" />
    <TestEntry testId="5a7518ac-709f-580b-099d-2fe790c330ad" executionId="f32c131d-d2cc-486f-be72-b9db84d4e2d3" testListId="8c84fa94-04c1-424b-9868-57a2d4851a1d" />
    <TestEntry testId="061b757d-d120-61b0-1c12-904a754bcf00" executionId="32ab8beb-3db1-4f79-8224-e4416459803a" testListId="8c84fa94-04c1-424b-9868-57a2d4851a1d" />
    <TestEntry testId="c3e3e98a-ec7f-8a85-9c1c-7ad66785dedd" executionId="1477d2d0-90b1-49c6-a1f0-4cfa090ce32d" testListId="8c84fa94-04c1-424b-9868-57a2d4851a1d" />
    <TestEntry testId="5ac67bea-66dc-f7a4-1780-b31d30e90ae3" executionId="9fc38fff-4492-4aad-83ea-6f14654e20fc" testListId="8c84fa94-04c1-424b-9868-57a2d4851a1d" />
    <TestEntry testId="ea326236-2880-df30-9c04-cdf43dcb2c91" executionId="b3005acd-b141-456c-9f2c-c81bbfe4c533" testListId="8c84fa94-04c1-424b-9868-57a2d4851a1d" />
    <TestEntry testId="cc26460c-8eb1-be38-bdf9-89815cec9931" executionId="0297a7fb-230d-46cd-a0bf-4a186cfbbb0d" testListId="8c84fa94-04c1-424b-9868-57a2d4851a1d" />
    <TestEntry testId="9f780600-928f-1345-79df-e536beaabcfe" executionId="8aa1b94a-ac3d-4ca0-8c8b-0d022f289c71" testListId="8c84fa94-04c1-424b-9868-57a2d4851a1d" />
    <TestEntry testId="c20896cc-d7c4-18a5-cbfe-5eb43a2d5f20" executionId="11254977-7f47-47c3-bb5e-f9fa2afb29c4" testListId="8c84fa94-04c1-424b-9868-57a2d4851a1d" />
    <TestEntry testId="a6d3a260-6935-1274-9d00-cd4b57a0fc56" executionId="38b2fe4d-6aae-4b74-9d36-e42b430a5522" testListId="8c84fa94-04c1-424b-9868-57a2d4851a1d" />
    <TestEntry testId="900033dd-6bb2-2cb1-0a03-920c8b16f334" executionId="e2f05926-bb47-4604-bcf1-cb7a3cda3865" testListId="8c84fa94-04c1-424b-9868-57a2d4851a1d" />
    <TestEntry testId="56897346-7b47-446d-13c5-07b74553cc2b" executionId="13e432d1-213a-4864-961b-31f36c8ba0d0" testListId="8c84fa94-04c1-424b-9868-57a2d4851a1d" />
    <TestEntry testId="ae1e73a1-3e0f-fde6-830f-72dc2cbd71f0" executionId="08a9c4c5-1324-471a-9d14-7c735a5b3616" testListId="8c84fa94-04c1-424b-9868-57a2d4851a1d" />
    <TestEntry testId="853f6f6e-1d43-ccbc-1554-bb5abef5bbf8" executionId="79f0371e-a7f5-40ce-b316-3e7a0f52c2fe" testListId="8c84fa94-04c1-424b-9868-57a2d4851a1d" />
    <TestEntry testId="ea5d6401-edb8-e73d-4044-1f379026f17b" executionId="ab10fdca-0243-4b16-ae6b-c1f65c381c76" testListId="8c84fa94-04c1-424b-9868-57a2d4851a1d" />
    <TestEntry testId="8c269c7d-4abc-a0e0-86af-45db4ceef5a5" executionId="9510b533-4d47-466f-9851-f264caff7fd0" testListId="8c84fa94-04c1-424b-9868-57a2d4851a1d" />
    <TestEntry testId="c5bbaddb-5819-f6c8-d4f4-0ade1870a5d6" executionId="ae211b55-2880-438e-9c52-5a5d0f1d6ea3" testListId="8c84fa94-04c1-424b-9868-57a2d4851a1d" />
    <TestEntry testId="505c483f-5d0a-bfe6-b919-f9d621defcdc" executionId="0869cb8b-d5b4-4788-9afe-59516296f856" testListId="8c84fa94-04c1-424b-9868-57a2d4851a1d" />
    <TestEntry testId="a54a7969-32b1-d684-cef7-64cc6d2aa141" executionId="ec7ee142-6fe0-4eea-aa63-813071c52f2b" testListId="8c84fa94-04c1-424b-9868-57a2d4851a1d" />
    <TestEntry testId="113d581e-d812-4164-e792-3a0876572e78" executionId="d7222684-ae98-4f1b-ac28-3c0f27d3fdd3" testListId="8c84fa94-04c1-424b-9868-57a2d4851a1d" />
    <TestEntry testId="a66076e7-b51a-9e97-ce85-bdb7f77bea7a" executionId="9bb8ef87-91cc-4dea-922f-9b2205f0f467" testListId="8c84fa94-04c1-424b-9868-57a2d4851a1d" />
    <TestEntry testId="72e8d0b9-f1f2-3542-f23f-3cbb332af067" executionId="338dacec-8ea4-4e82-b6cc-3800fb415be8" testListId="8c84fa94-04c1-424b-9868-57a2d4851a1d" />
    <TestEntry testId="3842eacd-987f-0682-8531-bbedf734927d" executionId="6f4348f9-46ee-449b-836d-da69fbaba077" testListId="8c84fa94-04c1-424b-9868-57a2d4851a1d" />
    <TestEntry testId="aa2166b7-4fe6-7a5a-8081-7ff24d02ff16" executionId="a5b1f21b-9b0e-45c5-9d83-0ca269c21157" testListId="8c84fa94-04c1-424b-9868-57a2d4851a1d" />
    <TestEntry testId="ea8a3776-44f5-befb-3232-27b6918e0094" executionId="52b82312-5824-4a19-9206-2a5f8b61327f" testListId="8c84fa94-04c1-424b-9868-57a2d4851a1d" />
    <TestEntry testId="7e2c3ea9-4096-c71f-2e5e-2287aeb312f3" executionId="85983bdf-b4a2-482d-8ecb-acb323958773" testListId="8c84fa94-04c1-424b-9868-57a2d4851a1d" />
    <TestEntry testId="8f99ec77-ac20-bdd2-aa52-ff06d35874b7" executionId="1265842f-e2cb-420a-b519-ec7febcfaf06" testListId="8c84fa94-04c1-424b-9868-57a2d4851a1d" />
    <TestEntry testId="506cafa5-dafe-e0da-c26c-027055b905cc" executionId="503deeef-f817-452d-869e-c0fef9009284" testListId="8c84fa94-04c1-424b-9868-57a2d4851a1d" />
    <TestEntry testId="e3e60e1f-dae0-153d-b8ec-afd04c9c095b" executionId="9815601d-8edf-4971-8129-bae34ef8663a" testListId="8c84fa94-04c1-424b-9868-57a2d4851a1d" />
    <TestEntry testId="831e414c-9be5-c5f9-f6fd-b328b5da7232" executionId="37052ef7-7e4b-40d5-8089-813b1a8bf285" testListId="8c84fa94-04c1-424b-9868-57a2d4851a1d" />
    <TestEntry testId="108a17a8-4e77-24dd-2ac1-76a88436e8f4" executionId="13fb6bd7-37ae-427c-abb9-b2aa4e8653b4" testListId="8c84fa94-04c1-424b-9868-57a2d4851a1d" />
    <TestEntry testId="bdbfef30-cc17-d64e-e355-edd66e0423f4" executionId="38afaec7-e280-41aa-a979-a590d3a73059" testListId="8c84fa94-04c1-424b-9868-57a2d4851a1d" />
    <TestEntry testId="830835fc-b896-d8e8-afe3-5465424ffe86" executionId="60ac41f0-2071-4511-8f11-1ebe94bef3f2" testListId="8c84fa94-04c1-424b-9868-57a2d4851a1d" />
    <TestEntry testId="e7f27e0c-74dc-dfbf-bbb7-8aeb199a9f2e" executionId="2574636c-31ac-4c12-825c-e116d3d63730" testListId="8c84fa94-04c1-424b-9868-57a2d4851a1d" />
    <TestEntry testId="7f529bec-cd20-5ea2-01b1-c948b2551340" executionId="acdf20d7-f5b2-4a63-98ba-b0e0973b3513" testListId="8c84fa94-04c1-424b-9868-57a2d4851a1d" />
    <TestEntry testId="e38004b2-ef7e-f30b-5ce0-153eceede84b" executionId="80914f8b-6f66-4cfd-975b-dcc129332ac9" testListId="8c84fa94-04c1-424b-9868-57a2d4851a1d" />
    <TestEntry testId="f8cbcd56-17fa-7291-b791-55840ae0d22f" executionId="82d84c05-d0e6-4653-8632-df1723eaf7d1" testListId="8c84fa94-04c1-424b-9868-57a2d4851a1d" />
    <TestEntry testId="9ce70875-c01b-344b-2a4c-8a9d4428194a" executionId="ad0ef5cb-753e-4154-b85e-d26e858da1ec" testListId="8c84fa94-04c1-424b-9868-57a2d4851a1d" />
    <TestEntry testId="68a3fd17-40df-31b1-0ce7-d98468d21218" executionId="907b8f9f-e5ea-41bb-b88b-6783f5310643" testListId="8c84fa94-04c1-424b-9868-57a2d4851a1d" />
    <TestEntry testId="6346195a-3bfc-0f29-d7a5-ba2373052502" executionId="8b30be5b-8f45-4c33-99ce-478cf2d6094c" testListId="8c84fa94-04c1-424b-9868-57a2d4851a1d" />
    <TestEntry testId="e3aa0397-c012-c30b-19c6-b1f90aad4805" executionId="dbebf7fe-d106-467d-8a90-2214567759c9" testListId="8c84fa94-04c1-424b-9868-57a2d4851a1d" />
    <TestEntry testId="a6bcc735-662f-e4fd-f809-b1c364b99edb" executionId="cdb7192c-acc3-4bda-85b6-cb2cb3750d16" testListId="8c84fa94-04c1-424b-9868-57a2d4851a1d" />
    <TestEntry testId="42019901-4dd1-69fa-7e34-6368f328cfd1" executionId="28b9ca44-6af8-4626-845d-a9cf7e6d8e57" testListId="8c84fa94-04c1-424b-9868-57a2d4851a1d" />
    <TestEntry testId="fb4f12eb-5730-0586-79ea-146da32b2146" executionId="11264091-769d-4316-8808-3dcbdfb14ad2" testListId="8c84fa94-04c1-424b-9868-57a2d4851a1d" />
    <TestEntry testId="6b657dff-8d7e-97fd-f445-93ce02792661" executionId="ad3d63a4-76df-43b2-a656-7b2b08a7f166" testListId="8c84fa94-04c1-424b-9868-57a2d4851a1d" />
    <TestEntry testId="21ec1a3d-1504-1cfb-32b7-6a0f8ac73099" executionId="e3482a5c-4279-478d-b236-a71d72b86dd8" testListId="8c84fa94-04c1-424b-9868-57a2d4851a1d" />
    <TestEntry testId="0a158efe-2bb1-c2ed-ebbc-53ad34656618" executionId="86d0201e-900d-4346-be25-ac3a92b75929" testListId="8c84fa94-04c1-424b-9868-57a2d4851a1d" />
    <TestEntry testId="8e30625b-6bf2-3f49-9f0e-6b023752a772" executionId="ce4c660d-df7f-4891-85b7-fe1c2cf5876d" testListId="8c84fa94-04c1-424b-9868-57a2d4851a1d" />
    <TestEntry testId="59186be4-ae28-2a1c-a2ac-740c6f4612f7" executionId="b6a3dd62-992d-4d37-9651-e4ee134873f4" testListId="8c84fa94-04c1-424b-9868-57a2d4851a1d" />
    <TestEntry testId="1637982f-20fd-e429-c9ce-b1b7f20ec0c9" executionId="f881c22f-7e44-4caf-ae00-a170a9b1b862" testListId="8c84fa94-04c1-424b-9868-57a2d4851a1d" />
    <TestEntry testId="1d0d8f78-4400-ebb7-c44a-56caf9a5399f" executionId="08dc625f-7149-47eb-b19b-52a84d516e96" testListId="8c84fa94-04c1-424b-9868-57a2d4851a1d" />
    <TestEntry testId="431af0c2-5b8d-a29f-77a6-821fce1338ad" executionId="5725e3c0-b841-4121-98c1-02e3f35b77a6" testListId="8c84fa94-04c1-424b-9868-57a2d4851a1d" />
    <TestEntry testId="14a74af6-4ed9-e454-967b-5228bdd4ec79" executionId="5115e59a-c035-4d89-bb1c-fb59afdbac58" testListId="8c84fa94-04c1-424b-9868-57a2d4851a1d" />
    <TestEntry testId="278f78df-9103-e289-5140-4b34474809a9" executionId="f6408b47-4914-47e6-8088-75c31eaff4da" testListId="8c84fa94-04c1-424b-9868-57a2d4851a1d" />
    <TestEntry testId="37a0ce55-5965-7fde-8fa4-2d1115f2f957" executionId="917994aa-6a45-4ed6-a517-8fba3f7f1199" testListId="8c84fa94-04c1-424b-9868-57a2d4851a1d" />
    <TestEntry testId="092e7788-a938-3a6f-6f2c-ea288bb6e03e" executionId="cf7ef083-0d29-4ceb-b585-fb273399f4f3" testListId="8c84fa94-04c1-424b-9868-57a2d4851a1d" />
    <TestEntry testId="37220d73-a472-b15a-794b-da06ff441419" executionId="28bc0e3c-1e18-4f1f-9e32-4d6171fa640f" testListId="8c84fa94-04c1-424b-9868-57a2d4851a1d" />
    <TestEntry testId="92291b23-dbd2-9101-0d0d-882e69d76659" executionId="70ed8552-c11e-4125-b3a2-1415d939101b" testListId="8c84fa94-04c1-424b-9868-57a2d4851a1d" />
    <TestEntry testId="5286b95e-4d89-21e6-66f5-1820f21f5962" executionId="b0d35ed0-671b-4871-beaa-0dcf3ad0bd6c" testListId="8c84fa94-04c1-424b-9868-57a2d4851a1d" />
    <TestEntry testId="e853a834-b2e2-b549-ec91-27294306fdab" executionId="f7ee5011-2cef-413e-9a17-d4f8e53e22b5" testListId="8c84fa94-04c1-424b-9868-57a2d4851a1d" />
    <TestEntry testId="1f350421-437d-dcdc-1f70-56e245b39289" executionId="37acb0d9-b9e7-4926-a98b-857d24c75448" testListId="8c84fa94-04c1-424b-9868-57a2d4851a1d" />
    <TestEntry testId="24f30279-a0dc-4faa-ace1-500d1f4e8476" executionId="d199f3c2-20fb-4d65-ac03-bc60004a7a99" testListId="8c84fa94-04c1-424b-9868-57a2d4851a1d" />
    <TestEntry testId="ccebc636-c255-f138-d69c-d8a64e1da341" executionId="6fbcb42f-b86c-4996-9cfd-5d7445902c87" testListId="8c84fa94-04c1-424b-9868-57a2d4851a1d" />
    <TestEntry testId="96d2ccf3-8c15-59aa-d6c1-8e1298e9e938" executionId="c4d868cf-d832-4cfc-becc-7f84a55f2a86" testListId="8c84fa94-04c1-424b-9868-57a2d4851a1d" />
    <TestEntry testId="93b12c30-c7f5-9313-3e9c-4ecb1e3844c2" executionId="1719ae1d-918f-42ce-8533-cad5c5a9e93d" testListId="8c84fa94-04c1-424b-9868-57a2d4851a1d" />
    <TestEntry testId="d89ee96a-ef4a-a138-7358-ee176bcb9b4a" executionId="02427d36-7efb-4bb5-9724-fe3137e28200" testListId="8c84fa94-04c1-424b-9868-57a2d4851a1d" />
    <TestEntry testId="38a8f69d-4e69-9a14-736d-539c40e89032" executionId="75ce6a9c-b013-4466-bef8-e45902bb57c8" testListId="8c84fa94-04c1-424b-9868-57a2d4851a1d" />
    <TestEntry testId="fc737593-9371-f40c-41ad-c698f4310e2e" executionId="cc4783d0-18c4-4a2d-9d57-4eb2be2fa512" testListId="8c84fa94-04c1-424b-9868-57a2d4851a1d" />
    <TestEntry testId="b17d445d-053f-fb06-905d-cead0539a605" executionId="eb9ba235-41e3-49b7-bb88-21ff240805c1" testListId="8c84fa94-04c1-424b-9868-57a2d4851a1d" />
    <TestEntry testId="fc3e9a60-8c40-6989-400b-38dbbfecf69d" executionId="f4437994-e2f0-401e-b5aa-6cbfc5d9679b" testListId="8c84fa94-04c1-424b-9868-57a2d4851a1d" />
    <TestEntry testId="aa21fc36-ba45-2f27-c8a5-47235e3433d7" executionId="aeb98a83-b2cc-40b6-a998-cac079837e20" testListId="8c84fa94-04c1-424b-9868-57a2d4851a1d" />
    <TestEntry testId="2983d147-661a-c290-948d-ba04aae77a31" executionId="ef291ded-e222-415a-86dd-deb3f6ccf629" testListId="8c84fa94-04c1-424b-9868-57a2d4851a1d" />
    <TestEntry testId="32a6c4e2-56a0-8679-cf3a-544c51a02b1d" executionId="2ef18d00-6d22-4715-acb1-cff93b1de735" testListId="8c84fa94-04c1-424b-9868-57a2d4851a1d" />
    <TestEntry testId="169721cc-67d2-906d-75a5-e6c2b72d9a62" executionId="81f5b844-3034-44ee-82fd-ed5fcf0918b0" testListId="8c84fa94-04c1-424b-9868-57a2d4851a1d" />
    <TestEntry testId="b7b5076a-36ec-3655-8c27-43016bebba26" executionId="6a225863-135c-438c-a0fe-c13db550191a" testListId="8c84fa94-04c1-424b-9868-57a2d4851a1d" />
    <TestEntry testId="a6fd8e33-8b0b-6b60-3042-1afb0fbe7f61" executionId="5b28e7ca-ccba-41bb-87d1-a212884a9433" testListId="8c84fa94-04c1-424b-9868-57a2d4851a1d" />
    <TestEntry testId="fdf4b9fa-ecfe-9b60-56fa-9fa39327a8d3" executionId="1aaef8ea-3d21-43b7-b17a-4d0e92e28a50" testListId="8c84fa94-04c1-424b-9868-57a2d4851a1d" />
    <TestEntry testId="a82ee7ed-6551-48f7-31e5-ce7d7687b29b" executionId="47667e5e-a658-4414-a9d6-7f3c6c6e9577" testListId="8c84fa94-04c1-424b-9868-57a2d4851a1d" />
    <TestEntry testId="04dcb366-534f-f39d-6354-f88713675fba" executionId="e48e2d83-868d-4be6-8363-426fbe6c75a1" testListId="8c84fa94-04c1-424b-9868-57a2d4851a1d" />
    <TestEntry testId="0948d4df-b7c1-09b1-b1bb-99e50a82e853" executionId="eb181f8f-e134-40ec-8ef1-10b2a0a0f211" testListId="8c84fa94-04c1-424b-9868-57a2d4851a1d" />
    <TestEntry testId="82920493-b9c2-df5b-2d04-637f13d4b569" executionId="e6a37d26-a8cf-466e-8216-a0cc35ce7256" testListId="8c84fa94-04c1-424b-9868-57a2d4851a1d" />
    <TestEntry testId="868cb8c3-1986-01a6-f3dc-6facc92b7cc6" executionId="3819075c-659e-43a3-a168-822295c14e33" testListId="8c84fa94-04c1-424b-9868-57a2d4851a1d" />
    <TestEntry testId="523634b3-ddff-a787-4cc6-d236f5f731cc" executionId="20f0df98-75fe-4f6c-bd86-9989cd6b8f05" testListId="8c84fa94-04c1-424b-9868-57a2d4851a1d" />
    <TestEntry testId="b7c29beb-fe90-4b4c-af88-4e3a021b82cf" executionId="123a1610-1990-46c3-943b-54525404cf89" testListId="8c84fa94-04c1-424b-9868-57a2d4851a1d" />
    <TestEntry testId="4a927fe3-5383-5a7f-8021-1f0c4a2b2e0a" executionId="1ef4714f-31d0-4990-8987-05396ff2be08" testListId="8c84fa94-04c1-424b-9868-57a2d4851a1d" />
    <TestEntry testId="4038207b-1216-0aa4-f786-1dd9c326f76d" executionId="76a5c60d-0e2f-4eda-bff9-dc42deb03ee0" testListId="8c84fa94-04c1-424b-9868-57a2d4851a1d" />
    <TestEntry testId="68a72a78-0726-f084-c28e-a5c677480a20" executionId="2f127b98-db94-42b7-81f2-278db5cc6aea" testListId="8c84fa94-04c1-424b-9868-57a2d4851a1d" />
    <TestEntry testId="8420fbc3-4c0f-ad9f-798d-839c2eef0949" executionId="90eb7dd1-24b7-401a-a2fa-c66edbd995bc" testListId="8c84fa94-04c1-424b-9868-57a2d4851a1d" />
    <TestEntry testId="45516314-afea-ea5a-5906-b779904faf20" executionId="efce1f95-b8e8-4176-9aa0-f9ce76b6fc68" testListId="8c84fa94-04c1-424b-9868-57a2d4851a1d" />
    <TestEntry testId="0d888b0c-534b-b796-fd52-4795175ca8fe" executionId="5e9c1549-e2d2-4069-ac37-fdcb2cb05e31" testListId="8c84fa94-04c1-424b-9868-57a2d4851a1d" />
    <TestEntry testId="96f771a5-ac9c-4ca0-ae0e-64fcd8f8f8be" executionId="5ac0d348-f09f-440b-80ee-43ef8633b94d" testListId="8c84fa94-04c1-424b-9868-57a2d4851a1d" />
    <TestEntry testId="e7ef51ff-c13f-3cc3-48e0-f5fd288ff87b" executionId="7bfc6cea-bf18-465b-aa02-071b909379da" testListId="8c84fa94-04c1-424b-9868-57a2d4851a1d" />
    <TestEntry testId="a5cdc9eb-ff94-5ccd-028d-82f4d792b22e" executionId="ccc65844-f966-4c30-badf-361894d65c39" testListId="8c84fa94-04c1-424b-9868-57a2d4851a1d" />
    <TestEntry testId="81ea6b05-3214-3250-1dcf-632ca6dac3a9" executionId="1f6aa163-87a9-49d8-bc55-43050aff0db9" testListId="8c84fa94-04c1-424b-9868-57a2d4851a1d" />
    <TestEntry testId="e609cc00-dbb9-4bce-90bb-1318b9b3c994" executionId="c0aa0940-2d52-478f-a438-01ade86c04ff" testListId="8c84fa94-04c1-424b-9868-57a2d4851a1d" />
    <TestEntry testId="c65bd3f2-143e-0f84-4f74-41ae43d3ae9b" executionId="bd000234-4602-49e0-bb5d-5bcc047502c1" testListId="8c84fa94-04c1-424b-9868-57a2d4851a1d" />
    <TestEntry testId="2ada4346-dcbd-f37a-788c-4d324726a481" executionId="e62070a4-aef6-42ce-9d63-769b5f370ea9" testListId="8c84fa94-04c1-424b-9868-57a2d4851a1d" />
    <TestEntry testId="2f8002f8-900e-6f5f-b797-dc362da838e0" executionId="71cdb75a-0a8d-40a7-ab5a-76172e76ca9e" testListId="8c84fa94-04c1-424b-9868-57a2d4851a1d" />
    <TestEntry testId="9f7853f5-26ef-796e-7520-f52542b3fcba" executionId="c28a0fab-0ca3-4ec3-b446-bf14dbd6a7e3" testListId="8c84fa94-04c1-424b-9868-57a2d4851a1d" />
    <TestEntry testId="83ddd997-2743-33fe-ce0e-67ae56d5ba1f" executionId="5004abc4-0adb-42e7-8dcf-a7ef9fcb11c1" testListId="8c84fa94-04c1-424b-9868-57a2d4851a1d" />
    <TestEntry testId="8bed448e-166e-773b-e59f-e43011b68795" executionId="a845be42-95b4-43fb-893b-bc1ea75e83a8" testListId="8c84fa94-04c1-424b-9868-57a2d4851a1d" />
    <TestEntry testId="868a160d-3190-eb40-e708-0b04d4968dbb" executionId="8433f8e9-01d6-4a72-8150-abe982b7c2cd" testListId="8c84fa94-04c1-424b-9868-57a2d4851a1d" />
    <TestEntry testId="96a05224-3bb1-8d04-c052-e4e7debd583e" executionId="581edec9-db88-4443-97d0-73f2c3c3a254" testListId="8c84fa94-04c1-424b-9868-57a2d4851a1d" />
    <TestEntry testId="e52aad75-fc0b-6107-1bf4-09a12c5c3bf5" executionId="c3ba0226-44cd-44ad-aa8b-da167a48c93f" testListId="8c84fa94-04c1-424b-9868-57a2d4851a1d" />
    <TestEntry testId="a6133153-3f39-a188-5caf-7aa49ae562f6" executionId="29664a00-69b3-438b-b8f1-8c74b8effd97" testListId="8c84fa94-04c1-424b-9868-57a2d4851a1d" />
    <TestEntry testId="7ebd8528-72de-23a3-54bc-5ec232da095d" executionId="cc17d616-1411-4b57-9d88-46e02fc1f2a6" testListId="8c84fa94-04c1-424b-9868-57a2d4851a1d" />
    <TestEntry testId="34a214eb-d210-9956-cb54-386b8a3652de" executionId="693465ed-52e4-4bf8-8362-a9eff40bc04c" testListId="8c84fa94-04c1-424b-9868-57a2d4851a1d" />
    <TestEntry testId="f07ab34d-9099-ae70-1305-2de8cbad6b16" executionId="8c93b780-463e-46a9-accd-a7a0f258feba" testListId="8c84fa94-04c1-424b-9868-57a2d4851a1d" />
    <TestEntry testId="9ef093d4-0e2a-e9a8-d1f6-bf46dfac65b4" executionId="a60678e5-ac05-4247-8407-4aa3795d78f6" testListId="8c84fa94-04c1-424b-9868-57a2d4851a1d" />
    <TestEntry testId="257e59bf-91ce-75ba-b0c9-ab7be8bdb218" executionId="ab99c26c-7c2d-4bba-a037-ec1e06b62db1" testListId="8c84fa94-04c1-424b-9868-57a2d4851a1d" />
    <TestEntry testId="1b98f460-704c-90cd-a598-21f94c492322" executionId="311db174-b033-4a59-b93c-4483cb1ec8d4" testListId="8c84fa94-04c1-424b-9868-57a2d4851a1d" />
    <TestEntry testId="34011c74-406a-2998-2b91-52b732e83471" executionId="53625b3c-70c5-4874-927d-f7baf0528eb9" testListId="8c84fa94-04c1-424b-9868-57a2d4851a1d" />
    <TestEntry testId="91391a1a-44e1-0623-6fdb-5a471d8888bf" executionId="d46c3059-a621-45bd-973f-955c8cc40c10" testListId="8c84fa94-04c1-424b-9868-57a2d4851a1d" />
    <TestEntry testId="c175e5ba-1639-70eb-2705-36b255f1600f" executionId="fb8a06da-76cd-406d-af2b-0f5739027a5a" testListId="8c84fa94-04c1-424b-9868-57a2d4851a1d" />
    <TestEntry testId="a586eceb-c1a8-0aac-6dba-153002690915" executionId="4e0b5224-24fe-4857-a02f-10a74b15244e" testListId="8c84fa94-04c1-424b-9868-57a2d4851a1d" />
    <TestEntry testId="1daba68f-c658-7b5f-c4e1-e94d4d740e6a" executionId="87329d6d-a45e-4a38-a1c3-094eb0ac6952" testListId="8c84fa94-04c1-424b-9868-57a2d4851a1d" />
    <TestEntry testId="2f3f38ef-23d3-0cab-4d72-923e2a8fb4a3" executionId="363d3846-b02d-456a-9683-bf895d7f3464" testListId="8c84fa94-04c1-424b-9868-57a2d4851a1d" />
    <TestEntry testId="dbc1aafe-5d7a-713e-8bfc-a06996c0a53b" executionId="59a29889-b1dd-4013-bb56-091c06e9ca9b" testListId="8c84fa94-04c1-424b-9868-57a2d4851a1d" />
    <TestEntry testId="01103c4c-61d3-b479-a687-99bf9a354204" executionId="5ec460b7-55a7-45e7-9a7b-4187a6491ac1" testListId="8c84fa94-04c1-424b-9868-57a2d4851a1d" />
    <TestEntry testId="90feca5f-2c42-9022-e864-9a7642b9c062" executionId="f18c0fda-68ce-4192-98c1-4c32b7bb7e3d" testListId="8c84fa94-04c1-424b-9868-57a2d4851a1d" />
    <TestEntry testId="f871529c-8762-d4f5-1e12-e0f9ebe9676f" executionId="12d6592e-6ffb-4225-8cc9-58ebb57851ef" testListId="8c84fa94-04c1-424b-9868-57a2d4851a1d" />
    <TestEntry testId="b1e16c69-8dd4-e9fc-fa04-1c3f9ffa757c" executionId="7b64b225-781a-45fe-8a59-2de33d36c403" testListId="8c84fa94-04c1-424b-9868-57a2d4851a1d" />
    <TestEntry testId="f1a38b5a-0bff-3052-ee3a-91667c2ffd75" executionId="a87ae550-a5e1-4060-be87-295bd30ac259" testListId="8c84fa94-04c1-424b-9868-57a2d4851a1d" />
    <TestEntry testId="42c779cb-0ce6-4254-7fa1-8f7d58e21bc0" executionId="11c177ad-0f0d-48ad-bbd3-dd31df333b45" testListId="8c84fa94-04c1-424b-9868-57a2d4851a1d" />
    <TestEntry testId="21d4839b-d5c6-d3d8-71af-0964d170e6fb" executionId="cc616454-3b85-49d0-9a06-5bf6809265a7" testListId="8c84fa94-04c1-424b-9868-57a2d4851a1d" />
    <TestEntry testId="a149e0e8-260a-76f9-79ec-a5d8dfa5c71e" executionId="947f7698-92f9-4900-9bc8-17dfca67c287" testListId="8c84fa94-04c1-424b-9868-57a2d4851a1d" />
    <TestEntry testId="5cc6b34c-0f48-d982-6360-3d5024976b24" executionId="97a5879b-c0f1-4a37-848b-4ee74bee5803" testListId="8c84fa94-04c1-424b-9868-57a2d4851a1d" />
    <TestEntry testId="01e0d978-68fe-25e4-eb20-833ae7eedf58" executionId="fa705c41-cdb0-463b-b6be-5d1df11cae31" testListId="8c84fa94-04c1-424b-9868-57a2d4851a1d" />
    <TestEntry testId="a301ab80-0015-b191-d4c7-f701e538a79c" executionId="85072e9b-608d-4d34-bbf0-a8f886046e3e" testListId="8c84fa94-04c1-424b-9868-57a2d4851a1d" />
    <TestEntry testId="67b85733-16e2-1563-e855-e64361afff4c" executionId="69831c44-ee4a-4454-9741-289464537fd8" testListId="8c84fa94-04c1-424b-9868-57a2d4851a1d" />
    <TestEntry testId="09efb9b1-6131-37f6-7951-c6941a4927f6" executionId="45b9c61d-d628-47dd-8b8a-00bd13b02ffb" testListId="8c84fa94-04c1-424b-9868-57a2d4851a1d" />
    <TestEntry testId="6f278810-b9ce-c865-02a7-2039c5854a94" executionId="8b372f09-64db-443d-ab3b-5675007e50a6" testListId="8c84fa94-04c1-424b-9868-57a2d4851a1d" />
    <TestEntry testId="754d66e2-a8c8-0ec7-d3e5-db887957775b" executionId="c80c4416-4bdc-46fc-b8a1-96b1da5e941b" testListId="8c84fa94-04c1-424b-9868-57a2d4851a1d" />
    <TestEntry testId="51a5b61a-5bf6-c41c-31b2-6cdaa38c6b5f" executionId="33b75e21-7a01-4c3c-88bf-1e5b429b9b13" testListId="8c84fa94-04c1-424b-9868-57a2d4851a1d" />
    <TestEntry testId="f4df928e-8d0f-8ab7-dd53-2c32ce67e0ce" executionId="ca357491-f91c-43bc-8037-af13c384e168" testListId="8c84fa94-04c1-424b-9868-57a2d4851a1d" />
    <TestEntry testId="266b40f4-ba7c-afbe-d007-28c1cfdfc02a" executionId="3b9f6410-955f-453c-aa8e-1d3ebbc396ce" testListId="8c84fa94-04c1-424b-9868-57a2d4851a1d" />
    <TestEntry testId="8131f072-f9a8-e000-ebd1-eccea0adf39a" executionId="77c98c46-2cdb-4f02-886e-fd12ca5a82a7" testListId="8c84fa94-04c1-424b-9868-57a2d4851a1d" />
    <TestEntry testId="7b19e56c-e15e-3f0c-dbdc-8eb450cb199d" executionId="e7206f17-dd9f-431d-9656-01a06bb416b3" testListId="8c84fa94-04c1-424b-9868-57a2d4851a1d" />
    <TestEntry testId="6173f37a-ab16-7bcc-2195-0bf0aad547fa" executionId="7653ea0a-99b4-4347-9039-34465fb60376" testListId="8c84fa94-04c1-424b-9868-57a2d4851a1d" />
    <TestEntry testId="384777e5-5f31-001e-55d6-2985205162da" executionId="822db482-7fb5-463c-8a49-3fbc4f456632" testListId="8c84fa94-04c1-424b-9868-57a2d4851a1d" />
    <TestEntry testId="44096829-6fad-80eb-7955-eeca1e16e973" executionId="31fb46f7-384d-4dc6-933e-06c25f68738d" testListId="8c84fa94-04c1-424b-9868-57a2d4851a1d" />
    <TestEntry testId="5e83665a-8c6e-245e-94da-61f8c7b2ab31" executionId="1cbc06f8-f1b7-4357-ba7a-5592426661f5" testListId="8c84fa94-04c1-424b-9868-57a2d4851a1d" />
    <TestEntry testId="977b7339-be42-0937-a1c4-ca627ce7d86c" executionId="2b3909d0-e9f5-4b7f-9b65-b31abd49f845" testListId="8c84fa94-04c1-424b-9868-57a2d4851a1d" />
    <TestEntry testId="cfee9279-6a0d-9d06-1656-b490faccf5cd" executionId="22cbe81f-54c9-4495-a77e-8dde6f1a936d" testListId="8c84fa94-04c1-424b-9868-57a2d4851a1d" />
    <TestEntry testId="81b530e1-ac80-126f-679f-b98c7a9a33cc" executionId="cbcd1889-ae71-4983-a68b-4d034e77764c" testListId="8c84fa94-04c1-424b-9868-57a2d4851a1d" />
    <TestEntry testId="9142b19c-7eb2-f861-b62b-eb7a2609894e" executionId="fec0455c-0fc3-4f80-9ad4-1ca020b0c819" testListId="8c84fa94-04c1-424b-9868-57a2d4851a1d" />
    <TestEntry testId="7e2cae64-6d97-5b81-a447-fecf060831aa" executionId="09073968-fe9c-460b-bd13-5e5e53b06851" testListId="8c84fa94-04c1-424b-9868-57a2d4851a1d" />
    <TestEntry testId="628ed6da-8a53-bbbd-f6db-a88ba1fdc085" executionId="f10c6b17-da5c-48f3-8f81-2c728e0036b9" testListId="8c84fa94-04c1-424b-9868-57a2d4851a1d" />
    <TestEntry testId="401f0b7c-f1aa-a06e-6b0c-51ebd7388750" executionId="93f2c3f1-a96d-4c9e-85b7-2cade34540b4" testListId="8c84fa94-04c1-424b-9868-57a2d4851a1d" />
    <TestEntry testId="ee29e6a6-5b6d-a78e-96d8-ae326e747a01" executionId="7fca1c61-681d-42ab-8c30-e27bb4d29d73" testListId="8c84fa94-04c1-424b-9868-57a2d4851a1d" />
    <TestEntry testId="a6e0f597-5da2-79e5-8074-07a8c3617d82" executionId="9232880b-feb9-4463-bb1a-d7832b28c7ca" testListId="8c84fa94-04c1-424b-9868-57a2d4851a1d" />
    <TestEntry testId="9d733459-6478-dd15-5461-a9714b168ac6" executionId="39f2d6d7-1ad7-4cad-94c4-e78a0f094676" testListId="8c84fa94-04c1-424b-9868-57a2d4851a1d" />
    <TestEntry testId="ee9b62d4-2ab2-084c-03a7-bcf969210d71" executionId="a0f2983f-bfac-49d2-b173-28ca9bfae1e5" testListId="8c84fa94-04c1-424b-9868-57a2d4851a1d" />
    <TestEntry testId="7de57b99-7365-f031-4575-26b5637c8e31" executionId="a27a077c-bf38-41da-ada5-3fc1735ab37b" testListId="8c84fa94-04c1-424b-9868-57a2d4851a1d" />
    <TestEntry testId="0b01ada9-ee7e-471d-ed0d-a6afb2af7771" executionId="f76e9917-bb0f-4fd6-bc04-5d02e606f44e" testListId="8c84fa94-04c1-424b-9868-57a2d4851a1d" />
    <TestEntry testId="65e83944-fb34-2e6f-d851-db67af07d0fe" executionId="98638fb4-d9cf-413b-9f61-7b681afcbea8" testListId="8c84fa94-04c1-424b-9868-57a2d4851a1d" />
    <TestEntry testId="372e6acf-96bb-ff93-7d2a-e6b8e9f75867" executionId="9ef81025-2b34-46ed-888b-31d71fe41c35" testListId="8c84fa94-04c1-424b-9868-57a2d4851a1d" />
    <TestEntry testId="d89fd21d-66f2-bb9f-0df1-1e7188a1d1c6" executionId="406fe8f0-d13e-4006-b63f-c0c0d54b749d" testListId="8c84fa94-04c1-424b-9868-57a2d4851a1d" />
    <TestEntry testId="ef5a69b1-f4e2-2e73-aa26-9b26985d16c5" executionId="10469975-47c2-4d25-aee7-6fb716f4c392" testListId="8c84fa94-04c1-424b-9868-57a2d4851a1d" />
    <TestEntry testId="f98d9b95-4e21-ce77-cbdc-258015053cc4" executionId="0ce9cda0-a3a1-4a2c-a8dc-b192a2744a51" testListId="8c84fa94-04c1-424b-9868-57a2d4851a1d" />
    <TestEntry testId="9429f3b6-72c9-4180-fcf7-8ed8592c6876" executionId="85c65e77-f9ca-4a5e-a6d2-4a45ecaf2359" testListId="8c84fa94-04c1-424b-9868-57a2d4851a1d" />
    <TestEntry testId="693b007b-c892-0a56-d6ba-9b1c46edd851" executionId="803203da-d737-457e-9457-1e12d3501721" testListId="8c84fa94-04c1-424b-9868-57a2d4851a1d" />
    <TestEntry testId="b22bc0bd-0d14-dcef-1136-f6defb995ca3" executionId="986479f9-6950-42f1-9293-c8c2ba5e0db8" testListId="8c84fa94-04c1-424b-9868-57a2d4851a1d" />
    <TestEntry testId="b9a37c6d-3533-5f60-6626-bff3c6c63794" executionId="33315c90-f1d4-4686-8db0-c82ff7913d26" testListId="8c84fa94-04c1-424b-9868-57a2d4851a1d" />
    <TestEntry testId="66e9b047-8b1e-eea5-e2b9-6bdb3ba0ecb2" executionId="df661bc6-2463-454d-b383-5d43224e631c" testListId="8c84fa94-04c1-424b-9868-57a2d4851a1d" />
    <TestEntry testId="446db3d9-cf94-b303-1760-a584f0dab5ed" executionId="b38e8359-4329-40ae-9358-1a4a1a36fd6b" testListId="8c84fa94-04c1-424b-9868-57a2d4851a1d" />
    <TestEntry testId="b616451d-dcff-9381-17b5-33e16fe5d05b" executionId="ab708fa7-5826-4c3b-b8aa-948771495dca" testListId="8c84fa94-04c1-424b-9868-57a2d4851a1d" />
    <TestEntry testId="8fe745aa-41b0-2858-90a8-18359801d068" executionId="b0c52114-25e4-483f-8c68-0171308780cc" testListId="8c84fa94-04c1-424b-9868-57a2d4851a1d" />
    <TestEntry testId="68a2599c-4eff-de8d-8ebc-17d72a372d50" executionId="d82491a4-27ea-4ac8-a461-481873a17efc" testListId="8c84fa94-04c1-424b-9868-57a2d4851a1d" />
    <TestEntry testId="47d82f63-70d5-e831-af30-2c913e918460" executionId="e0f59dad-c97e-4b90-bc6c-5bfcbeec53f0" testListId="8c84fa94-04c1-424b-9868-57a2d4851a1d" />
    <TestEntry testId="f65e06be-0622-2a31-866b-19e91610af1a" executionId="7f0ca802-66f1-459e-89dd-4f70f23caa5e" testListId="8c84fa94-04c1-424b-9868-57a2d4851a1d" />
    <TestEntry testId="327efd01-e1b1-9558-25c3-94aed5d05215" executionId="9fbfc0ec-62ab-481c-8003-439ff4b8d641" testListId="8c84fa94-04c1-424b-9868-57a2d4851a1d" />
    <TestEntry testId="f4f076bd-c82d-68fd-c6e9-31ebe078ddcc" executionId="9b770154-53a0-4b15-86fe-1fddbb4892a1" testListId="8c84fa94-04c1-424b-9868-57a2d4851a1d" />
    <TestEntry testId="34c8b5b5-f803-ea4a-b54d-97a5cd8f221f" executionId="515d96a2-45c3-4ef7-92c8-c1afc0c14949" testListId="8c84fa94-04c1-424b-9868-57a2d4851a1d" />
    <TestEntry testId="8883dc51-ff56-2850-d0bb-c8d9c7630407" executionId="7b2e254b-5db2-4748-8279-a6f86fa74cda" testListId="8c84fa94-04c1-424b-9868-57a2d4851a1d" />
    <TestEntry testId="4e2a77c9-45d1-50f1-15a1-197418e778e4" executionId="ff08cd64-2c35-4f04-aed2-0ac2f1f788c3" testListId="8c84fa94-04c1-424b-9868-57a2d4851a1d" />
    <TestEntry testId="87003b1b-8dd8-12cd-7541-849ae792b8bd" executionId="9bc29fdb-e416-44db-8498-e71eaf875c42" testListId="8c84fa94-04c1-424b-9868-57a2d4851a1d" />
    <TestEntry testId="8134433b-e7a0-537d-8d39-314994392b37" executionId="241da165-e554-48e9-9aed-66e0ed557d81" testListId="8c84fa94-04c1-424b-9868-57a2d4851a1d" />
    <TestEntry testId="05dbe560-c3ff-cc03-b63c-6cf8b70cb75e" executionId="684c70b0-d259-496c-9e65-82c906e199d3" testListId="8c84fa94-04c1-424b-9868-57a2d4851a1d" />
    <TestEntry testId="c483e023-2990-e182-f848-bffbd7511f94" executionId="97887a0e-24c6-4be2-9b12-911eabbc7257" testListId="8c84fa94-04c1-424b-9868-57a2d4851a1d" />
    <TestEntry testId="72a300a6-1d5c-ae2c-bf54-afe4478c9a3a" executionId="0f75a9e1-77dc-4089-ada7-a0dd67d6c47e" testListId="8c84fa94-04c1-424b-9868-57a2d4851a1d" />
    <TestEntry testId="d4804236-55ae-b16a-0f28-268dac289d9c" executionId="e7c1ac27-2eb0-4317-8ad3-4b4ccbe02bd7" testListId="8c84fa94-04c1-424b-9868-57a2d4851a1d" />
    <TestEntry testId="5733d375-3c73-befc-0297-582846920529" executionId="a4149985-2bf6-42aa-ae51-06c7fa0f4238" testListId="8c84fa94-04c1-424b-9868-57a2d4851a1d" />
    <TestEntry testId="202b7a65-ce55-c6b5-3572-158da0cc3bcf" executionId="ee7aec30-9f8e-4b3c-a696-9611391ab3a1" testListId="8c84fa94-04c1-424b-9868-57a2d4851a1d" />
    <TestEntry testId="8c5a3c47-5783-df81-830a-5790c882d089" executionId="45409524-d04a-4b62-a71a-540a0b3cc671" testListId="8c84fa94-04c1-424b-9868-57a2d4851a1d" />
  </TestEntries>
  <TestLists>
    <TestList name="Results Not in a List" id="8c84fa94-04c1-424b-9868-57a2d4851a1d" />
    <TestList name="All Loaded Results" id="19431567-8539-422a-85d7-44ee4e166bda" />
  </TestLists>
  <ResultSummary outcome="Completed">
    <Counters total="1147" executed="1127" passed="1127" failed="0" error="0" timeout="0" aborted="0" inconclusive="0" passedButRunAborted="0" notRunnable="0" notExecuted="0" disconnected="0" warning="0" completed="0" inProgress="0" pending="0" />
    <Output>
      <StdOut>Test 'ValidateUpdateStates_WorkItemUpdates_OverlongText' was skipped in the test run.Test 'GetFieldValuesHistory_IdRevPairs_ReturnsCorrect' was skipped in the test run.Test 'GetFieldValuesHistory_Watermark_ReturnsCorrect' was skipped in the test run.Test 'CanGetInheritedTypeExtensions' was skipped in the test run.Test 'CanGetCachedTypeExtensionsOnSecondCall' was skipped in the test run.Test 'CanGetRebuiltCachedTypeExtensionsOnSecondCallAfterSqlNotification' was skipped in the test run.Test 'CanGetRebuiltWithNewCachedTypeExtensionsOnSecondCallAfterSqlNotification' was skipped in the test run.Test 'CreateUpdatesTypeletCache' was skipped in the test run.Test 'UpdateFailsForBadId' was skipped in the test run.Test 'UpdateSavesDescriptionChange' was skipped in the test run.Test 'UpdateDoesNotClearCachedMetadataStampsWhenFieldsIsNull' was skipped in the test run.Test 'UpdateUpdatesTypeletCache' was skipped in the test run.Test 'Test_Force_CircuitBreaker_To_Trip' was skipped in the test run.Test 'TestQueryWorkItem_ReturnsAsOfQueryResultEntries' was skipped in the test run.Test 'TestQueryWorkItem_ReturnsCustomAsOfQueryResultEntries' was skipped in the test run.Test 'TestQueryWorkItem_TestSqlParameter' was skipped in the test run.Test 'TestQueryWorkItem_HasPendingReclassification' was skipped in the test run.Test 'ValidateFieldsAreInTemplate' was skipped in the test run.Test 'ValidateFormIsInTemplate' was skipped in the test run.Test 'ValidateTransitionsAreInTemplate' was skipped in the test run.</StdOut>
    </Output>
  </ResultSummary>
</TestRun>