<?xml version="1.0" encoding="UTF-8"?>
<TestRun id="12a425a2-15b8-4d8e-8e92-e04a3ffe300d" name="tfsmladm@TFSBUILD11 2015-09-28 09:43:23" runUser="REDMOND\tfsmladm" xmlns="http://microsoft.com/schemas/VisualStudio/TeamTest/2010">
  <Times creation="2015-09-28T09:43:23.7493566-07:00" queuing="2015-09-28T09:43:23.7493566-07:00" start="2015-09-28T09:43:23.7493566-07:00" finish="2015-09-28T09:43:27.7965185-07:00" />
  <TestSettings name="default" id="11848340-9e10-45fb-a674-23273c50afbf">
    <Execution>
      <TestTypeSpecific />
    </Execution>
    <Deployment runDeploymentRoot="tfsmladm_TFSBUILD11 2015-09-28 09_43_23" />
    <Properties />
  </TestSettings>
  <Results>
    <UnitTestResult executionId="e6021abd-6d30-4994-b030-d461ec9321b1" testId="21180375-8a77-9e82-045a-dc6b1dd2d506" testName="ToInitials" computerName="TFSBUILD11" duration="00:00:00.0051251" startTime="2015-09-28T09:43:23.0305549-07:00" endTime="2015-09-28T09:43:23.1399380-07:00" testType="13cdc9d9-ddb5-4fa4-a97d-d965ccfc6d4b" outcome="Passed" testListId="8c84fa94-04c1-424b-9868-57a2d4851a1d" relativeResultsDirectory="e6021abd-6d30-4994-b030-d461ec9321b1" />
    <UnitTestResult executionId="3a030dad-275c-4c58-a506-9b8d1f5e8fd3" testId="fe83767f-76a7-4f16-f365-46c8d2d50f3d" testName="MapToAvatarSizeInPixelsTests" computerName="TFSBUILD11" duration="00:00:00.0009665" startTime="2015-09-28T09:43:23.1555638-07:00" endTime="2015-09-28T09:43:23.1555638-07:00" testType="13cdc9d9-ddb5-4fa4-a97d-d965ccfc6d4b" outcome="Passed" testListId="8c84fa94-04c1-424b-9868-57a2d4851a1d" relativeResultsDirectory="3a030dad-275c-4c58-a506-9b8d1f5e8fd3" />
    <UnitTestResult executionId="7b2d6b7e-a06f-4632-b471-b626051a8e44" testId="64d2dd89-a4e4-61bd-acc6-4dbed53f40d1" testName="MapToAvatarFontSize" computerName="TFSBUILD11" duration="00:00:00.0057733" startTime="2015-09-28T09:43:23.1555638-07:00" endTime="2015-09-28T09:43:23.1711896-07:00" testType="13cdc9d9-ddb5-4fa4-a97d-d965ccfc6d4b" outcome="Passed" testListId="8c84fa94-04c1-424b-9868-57a2d4851a1d" relativeResultsDirectory="7b2d6b7e-a06f-4632-b471-b626051a8e44" />
    <UnitTestResult executionId="4b0f169b-3bb2-41ae-a437-6c8402eb4c9d" testId="5c0b886c-4ad4-5cfe-f1d3-7c20eac0dba3" testName="GetRandomDefaultAvatarColor_Returns_SomeColor" computerName="TFSBUILD11" duration="00:00:00.0473826" startTime="2015-09-28T09:43:23.1711896-07:00" endTime="2015-09-28T09:43:23.2180682-07:00" testType="13cdc9d9-ddb5-4fa4-a97d-d965ccfc6d4b" outcome="Passed" testListId="8c84fa94-04c1-424b-9868-57a2d4851a1d" relativeResultsDirectory="4b0f169b-3bb2-41ae-a437-6c8402eb4c9d" />
    <UnitTestResult executionId="bf72068c-1c26-4694-8eed-18f1bbea1d93" testId="f03dcebf-9d98-88db-8fdc-82aa8973ebb1" testName="GetRandomDefaultAvatarColor_DoesNotThrow_WhenEmptyGuidIsPassedAsParamter" computerName="TFSBUILD11" duration="00:00:00.0007953" startTime="2015-09-28T09:43:23.2180682-07:00" endTime="2015-09-28T09:43:23.2180682-07:00" testType="13cdc9d9-ddb5-4fa4-a97d-d965ccfc6d4b" outcome="Passed" testListId="8c84fa94-04c1-424b-9868-57a2d4851a1d" relativeResultsDirectory="bf72068c-1c26-4694-8eed-18f1bbea1d93" />
    <UnitTestResult executionId="9f26f46e-9e5b-4f7e-b492-2e65b163f079" testId="f82da313-17c7-130d-85c6-96e6f961df10" testName="GetRandomDefaultAvatarColor_Return_UniformlyDistributedRandomValue" computerName="TFSBUILD11" duration="00:00:00.4913913" startTime="2015-09-28T09:43:23.2180682-07:00" endTime="2015-09-28T09:43:23.7024777-07:00" testType="13cdc9d9-ddb5-4fa4-a97d-d965ccfc6d4b" outcome="Passed" testListId="8c84fa94-04c1-424b-9868-57a2d4851a1d" relativeResultsDirectory="9f26f46e-9e5b-4f7e-b492-2e65b163f079" />
    <UnitTestResult executionId="317fd0d9-970d-4946-a4a4-8dab415e4449" testId="4201fa5d-6960-92b6-5152-b2211f21a0f8" testName="GeneratePngs" computerName="TFSBUILD11" duration="00:00:00.0052807" startTime="2015-09-28T09:43:23.7024777-07:00" endTime="2015-09-28T09:43:23.7181035-07:00" testType="13cdc9d9-ddb5-4fa4-a97d-d965ccfc6d4b" outcome="Passed" testListId="8c84fa94-04c1-424b-9868-57a2d4851a1d" relativeResultsDirectory="317fd0d9-970d-4946-a4a4-8dab415e4449" />
    <UnitTestResult executionId="729a6d42-845c-4650-b579-99625d123ab5" testId="3398eb05-6cb9-476f-a929-6570fe4cd5df" testName="GenerateJpgs" computerName="TFSBUILD11" duration="00:00:00.0010402" startTime="2015-09-28T09:43:23.7181035-07:00" endTime="2015-09-28T09:43:23.7181035-07:00" testType="13cdc9d9-ddb5-4fa4-a97d-d965ccfc6d4b" outcome="Passed" testListId="8c84fa94-04c1-424b-9868-57a2d4851a1d" relativeResultsDirectory="729a6d42-845c-4650-b579-99625d123ab5" />
    <UnitTestResult executionId="d9834917-3c17-4ba7-aa7e-435f9dc2bff7" testId="711a16ff-7dd5-2e82-f59e-202bb93d0020" testName="IsDecimalDigitTests" computerName="TFSBUILD11" duration="00:00:00.0004866" startTime="2015-09-28T09:43:23.7181035-07:00" endTime="2015-09-28T09:43:23.7181035-07:00" testType="13cdc9d9-ddb5-4fa4-a97d-d965ccfc6d4b" outcome="Passed" testListId="8c84fa94-04c1-424b-9868-57a2d4851a1d" relativeResultsDirectory="d9834917-3c17-4ba7-aa7e-435f9dc2bff7" />
    <UnitTestResult executionId="a9f28771-9e60-492c-8f8c-932d4fe63f02" testId="e36fe6d1-6de3-ac54-6ed0-f31432f53d11" testName="IsUnicodeLetterTests" computerName="TFSBUILD11" duration="00:00:00.0005464" startTime="2015-09-28T09:43:23.7181035-07:00" endTime="2015-09-28T09:43:23.7181035-07:00" testType="13cdc9d9-ddb5-4fa4-a97d-d965ccfc6d4b" outcome="Passed" testListId="8c84fa94-04c1-424b-9868-57a2d4851a1d" relativeResultsDirectory="a9f28771-9e60-492c-8f8c-932d4fe63f02" />
    <UnitTestResult executionId="9a188239-8dc8-4a0d-8aa0-b906b7503a70" testId="b239ede7-c07a-633c-0df2-d716967a885a" testName="PublicAliasValidationTests" computerName="TFSBUILD11" duration="00:00:00.0031709" startTime="2015-09-28T09:43:23.7181035-07:00" endTime="2015-09-28T09:43:23.7181035-07:00" testType="13cdc9d9-ddb5-4fa4-a97d-d965ccfc6d4b" outcome="Passed" testListId="8c84fa94-04c1-424b-9868-57a2d4851a1d" relativeResultsDirectory="9a188239-8dc8-4a0d-8aa0-b906b7503a70" />
    <UnitTestResult executionId="31827a20-bb04-40a3-83f3-0b8173f677b0" testId="f9dfa75c-66ac-4cec-d7e4-f40f658c4d0c" testName="DisplayNameValidationTests" computerName="TFSBUILD11" duration="00:00:00.0267491" startTime="2015-09-28T09:43:23.7181035-07:00" endTime="2015-09-28T09:43:23.7493566-07:00" testType="13cdc9d9-ddb5-4fa4-a97d-d965ccfc6d4b" outcome="Passed" testListId="8c84fa94-04c1-424b-9868-57a2d4851a1d" relativeResultsDirectory="31827a20-bb04-40a3-83f3-0b8173f677b0" />
    <UnitTestResult executionId="01e089da-e71b-4a91-80a5-a4ec2b9d914c" testId="b74d1622-f479-fad7-d825-109ba52ff229" testName="GetUnsigned16BitIntFromGuidUsingMostSignificantBits_Returns_WithinZeroTo32768" computerName="TFSBUILD11" duration="00:00:00.1612691" startTime="2015-09-28T09:43:23.7493566-07:00" endTime="2015-09-28T09:43:23.9212441-07:00" testType="13cdc9d9-ddb5-4fa4-a97d-d965ccfc6d4b" outcome="Passed" testListId="8c84fa94-04c1-424b-9868-57a2d4851a1d" relativeResultsDirectory="01e089da-e71b-4a91-80a5-a4ec2b9d914c" />
    <UnitTestResult executionId="39a64a1a-3b42-4f23-84d5-45823f9fd282" testId="ee362d38-6ccd-4ff1-539e-ea8c9a893672" testName="GetUnsigned16BitIntFromGuidUsingMostSignificantBits_DoesNotThrow_WhenEmptyGuidIsPassedAsParamter" computerName="TFSBUILD11" duration="00:00:00.0001234" startTime="2015-09-28T09:43:23.9212441-07:00" endTime="2015-09-28T09:43:23.9212441-07:00" testType="13cdc9d9-ddb5-4fa4-a97d-d965ccfc6d4b" outcome="Passed" testListId="8c84fa94-04c1-424b-9868-57a2d4851a1d" relativeResultsDirectory="39a64a1a-3b42-4f23-84d5-45823f9fd282" />
    <UnitTestResult executionId="804c9bb8-712a-4203-b5c6-0b4b96394a01" testId="9cbbc23d-8639-22f2-b8fb-c8b5186048c0" testName="GetLocalizedCountryList_WhenCultureIsCurrentUICulture" computerName="TFSBUILD11" duration="00:00:00.0152112" startTime="2015-09-28T09:43:23.9212441-07:00" endTime="2015-09-28T09:43:23.9368708-07:00" testType="13cdc9d9-ddb5-4fa4-a97d-d965ccfc6d4b" outcome="Passed" testListId="8c84fa94-04c1-424b-9868-57a2d4851a1d" relativeResultsDirectory="804c9bb8-712a-4203-b5c6-0b4b96394a01" />
    <UnitTestResult executionId="1766f081-4230-4a04-be62-532f5a7dfbcd" testId="47f85734-7f2e-ac4b-43a7-1c7e6420f8b6" testName="GetLocalizedCountryList_WhenCultureIsTypeNeutral" computerName="TFSBUILD11" duration="00:00:00.3872965" startTime="2015-09-28T09:43:23.9368708-07:00" endTime="2015-09-28T09:43:24.3118966-07:00" testType="13cdc9d9-ddb5-4fa4-a97d-d965ccfc6d4b" outcome="Passed" testListId="8c84fa94-04c1-424b-9868-57a2d4851a1d" relativeResultsDirectory="1766f081-4230-4a04-be62-532f5a7dfbcd" />
    <UnitTestResult executionId="0cd622c2-e505-47e6-ae14-4e26f2e22355" testId="f6f3e74f-93cb-694f-f798-0b17224197fc" testName="GetLocalizedCountryList_WhenCultureIsEnglish" computerName="TFSBUILD11" duration="00:00:00.0007899" startTime="2015-09-28T09:43:24.3118966-07:00" endTime="2015-09-28T09:43:24.3118966-07:00" testType="13cdc9d9-ddb5-4fa4-a97d-d965ccfc6d4b" outcome="Passed" testListId="8c84fa94-04c1-424b-9868-57a2d4851a1d" relativeResultsDirectory="0cd622c2-e505-47e6-ae14-4e26f2e22355" />
    <UnitTestResult executionId="19be21a2-98b4-4f69-a696-cb908eb56b36" testId="014b2b72-3b09-a6dd-15c3-e05b3aec7be7" testName="GetLocalizedCountryList_WhenCultureIsSpanish" computerName="TFSBUILD11" duration="00:00:00.0008612" startTime="2015-09-28T09:43:24.3118966-07:00" endTime="2015-09-28T09:43:24.3275224-07:00" testType="13cdc9d9-ddb5-4fa4-a97d-d965ccfc6d4b" outcome="Passed" testListId="8c84fa94-04c1-424b-9868-57a2d4851a1d" relativeResultsDirectory="19be21a2-98b4-4f69-a696-cb908eb56b36" />
    <UnitTestResult executionId="eaac9837-7e3d-4b07-8167-d6aa12340b44" testId="26b4c3f9-0ad7-64ea-17b5-4520f20000e0" testName="ParameterValidation_NullRequestContextThrowsException" computerName="TFSBUILD11" duration="00:00:00.4154291" startTime="2015-09-28T09:43:24.3275224-07:00" endTime="2015-09-28T09:43:24.7338013-07:00" testType="13cdc9d9-ddb5-4fa4-a97d-d965ccfc6d4b" outcome="Passed" testListId="8c84fa94-04c1-424b-9868-57a2d4851a1d" relativeResultsDirectory="eaac9837-7e3d-4b07-8167-d6aa12340b44" />
    <UnitTestResult executionId="99224a5d-388d-47e3-a1aa-bebe163fc098" testId="bcd5a20d-28f2-ad1a-f1bf-632997430890" testName="ParameterValidation_NullAttributeNameThrowsException" computerName="TFSBUILD11" duration="00:00:00.0037944" startTime="2015-09-28T09:43:24.7338013-07:00" endTime="2015-09-28T09:43:24.7338013-07:00" testType="13cdc9d9-ddb5-4fa4-a97d-d965ccfc6d4b" outcome="Passed" testListId="8c84fa94-04c1-424b-9868-57a2d4851a1d" relativeResultsDirectory="99224a5d-388d-47e3-a1aa-bebe163fc098" />
    <UnitTestResult executionId="b9407dde-1d73-4131-a407-733f0e9f3a94" testId="9f70f1c4-c68e-319b-b39f-a4d1e1f9128d" testName="ParameterValidation_EmptyStringAttributeNameThrowsException_Case1" computerName="TFSBUILD11" duration="00:00:00.0029872" startTime="2015-09-28T09:43:24.7338013-07:00" endTime="2015-09-28T09:43:24.7494274-07:00" testType="13cdc9d9-ddb5-4fa4-a97d-d965ccfc6d4b" outcome="Passed" testListId="8c84fa94-04c1-424b-9868-57a2d4851a1d" relativeResultsDirectory="b9407dde-1d73-4131-a407-733f0e9f3a94" />
    <UnitTestResult executionId="a6ea4eaf-548a-43ad-9536-ecfa223d7b7e" testId="b18d57d7-cb3f-4293-d048-84cbb8ea4b1d" testName="ParameterValidation_EmptyStringAttributeNameThrowsException_Case2" computerName="TFSBUILD11" duration="00:00:00.0026003" startTime="2015-09-28T09:43:24.7494274-07:00" endTime="2015-09-28T09:43:24.7494274-07:00" testType="13cdc9d9-ddb5-4fa4-a97d-d965ccfc6d4b" outcome="Passed" testListId="8c84fa94-04c1-424b-9868-57a2d4851a1d" relativeResultsDirectory="a6ea4eaf-548a-43ad-9536-ecfa223d7b7e" />
    <UnitTestResult executionId="2d7cdbee-9da4-4e69-9bec-e22d2ed0d37f" testId="9aeef58c-e9dc-72dd-440c-0f5aba620702" testName="ParameterValidation_EmptyStringAttributeNameThrowsException_Case3" computerName="TFSBUILD11" duration="00:00:00.0025417" startTime="2015-09-28T09:43:24.7494274-07:00" endTime="2015-09-28T09:43:24.7494274-07:00" testType="13cdc9d9-ddb5-4fa4-a97d-d965ccfc6d4b" outcome="Passed" testListId="8c84fa94-04c1-424b-9868-57a2d4851a1d" relativeResultsDirectory="2d7cdbee-9da4-4e69-9bec-e22d2ed0d37f" />
    <UnitTestResult executionId="757acebe-307a-47da-92a5-7f12d7ff817e" testId="4304cfbb-a8c8-e696-fc50-309208bdea2c" testName="ParameterValidation_EmptyGuidIdentityIdThrowsException_Case1" computerName="TFSBUILD11" duration="00:00:00.0027426" startTime="2015-09-28T09:43:24.7494274-07:00" endTime="2015-09-28T09:43:24.7494274-07:00" testType="13cdc9d9-ddb5-4fa4-a97d-d965ccfc6d4b" outcome="Passed" testListId="8c84fa94-04c1-424b-9868-57a2d4851a1d" relativeResultsDirectory="757acebe-307a-47da-92a5-7f12d7ff817e" />
    <UnitTestResult executionId="259eabf8-55f8-402b-91f4-93b7124b3ca1" testId="2f5ce052-0815-175d-ae66-d187d5e02411" testName="ParameterValidation_EmptyGuidIdentityIdThrowsException_Case2" computerName="TFSBUILD11" duration="00:00:00.0025329" startTime="2015-09-28T09:43:24.7494274-07:00" endTime="2015-09-28T09:43:24.7494274-07:00" testType="13cdc9d9-ddb5-4fa4-a97d-d965ccfc6d4b" outcome="Passed" testListId="8c84fa94-04c1-424b-9868-57a2d4851a1d" relativeResultsDirectory="259eabf8-55f8-402b-91f4-93b7124b3ca1" />
    <UnitTestResult executionId="10f63d49-4f07-450d-ad7f-f0166faa1284" testId="fb955dcf-a5ec-47b2-316e-c435b116b140" testName="SetAttribute_CallsSetProfileAttributeOnClient" computerName="TFSBUILD11" duration="00:00:00.0952665" startTime="2015-09-28T09:43:24.7494274-07:00" endTime="2015-09-28T09:43:24.8431844-07:00" testType="13cdc9d9-ddb5-4fa4-a97d-d965ccfc6d4b" outcome="Passed" testListId="8c84fa94-04c1-424b-9868-57a2d4851a1d" relativeResultsDirectory="10f63d49-4f07-450d-ad7f-f0166faa1284" />
    <UnitTestResult executionId="ccc84cde-489b-409d-88d7-176a49b413a4" testId="75a82428-4f07-014c-c947-f6bc8e0b21d0" testName="SetAttribute_Unconditional_CallsUnconditionalSetProfileAttributeOnClient" computerName="TFSBUILD11" duration="00:00:00.0070903" startTime="2015-09-28T09:43:24.8431844-07:00" endTime="2015-09-28T09:43:24.8588099-07:00" testType="13cdc9d9-ddb5-4fa4-a97d-d965ccfc6d4b" outcome="Passed" testListId="8c84fa94-04c1-424b-9868-57a2d4851a1d" relativeResultsDirectory="ccc84cde-489b-409d-88d7-176a49b413a4" />
    <UnitTestResult executionId="6b16ce08-4ba8-4de6-ad9e-df6b2ee6cf17" testId="6fa58f90-a94b-17ab-ba40-67617863f0ce" testName="GetAttribute_CallsGetAttributeOnClient" computerName="TFSBUILD11" duration="00:00:00.0082025" startTime="2015-09-28T09:43:24.8588099-07:00" endTime="2015-09-28T09:43:24.8588099-07:00" testType="13cdc9d9-ddb5-4fa4-a97d-d965ccfc6d4b" outcome="Passed" testListId="8c84fa94-04c1-424b-9868-57a2d4851a1d" relativeResultsDirectory="6b16ce08-4ba8-4de6-ad9e-df6b2ee6cf17" />
    <UnitTestResult executionId="40d526a1-99aa-4bf6-8b05-3f45a72857f8" testId="8465cda5-bb98-99f6-ac8a-65c91f5e8e38" testName="Get_CallsGetProfileOnClient" computerName="TFSBUILD11" duration="00:00:00.0098696" startTime="2015-09-28T09:43:24.8588099-07:00" endTime="2015-09-28T09:43:24.8744366-07:00" testType="13cdc9d9-ddb5-4fa4-a97d-d965ccfc6d4b" outcome="Passed" testListId="8c84fa94-04c1-424b-9868-57a2d4851a1d" relativeResultsDirectory="40d526a1-99aa-4bf6-8b05-3f45a72857f8" />
    <UnitTestResult executionId="3b532b15-fca2-4339-b0bf-7474eddf5759" testId="716b8fe7-ebde-0dfd-4f9f-039a9dae25d8" testName="GetAttributes_CallsGetChangedAttributesOnClient_WhenParameterModifiedSinceIsPresent" computerName="TFSBUILD11" duration="00:00:00.0094557" startTime="2015-09-28T09:43:24.8744366-07:00" endTime="2015-09-28T09:43:24.8900630-07:00" testType="13cdc9d9-ddb5-4fa4-a97d-d965ccfc6d4b" outcome="Passed" testListId="8c84fa94-04c1-424b-9868-57a2d4851a1d" relativeResultsDirectory="3b532b15-fca2-4339-b0bf-7474eddf5759" />
    <UnitTestResult executionId="67577ed3-9f62-4905-ae7f-4961efb35d85" testId="e6f2f407-d91a-7dab-d5ea-b20ee34124aa" testName="GetAttribute_ReturnsNull_WhenClientThrowsProfileAttributeNotFoundException" computerName="TFSBUILD11" duration="00:00:00.0054641" startTime="2015-09-28T09:43:24.8900630-07:00" endTime="2015-09-28T09:43:24.8900630-07:00" testType="13cdc9d9-ddb5-4fa4-a97d-d965ccfc6d4b" outcome="Passed" testListId="8c84fa94-04c1-424b-9868-57a2d4851a1d" relativeResultsDirectory="67577ed3-9f62-4905-ae7f-4961efb35d85" />
    <UnitTestResult executionId="538c5f39-1946-481c-ae14-cdfc265ac552" testId="1e63489b-71cc-6d71-cb52-517d6d707a35" testName="GetAttributes_CallsGetAttributesOnClient_WhenParameterModifiedSinceIsAbsent" computerName="TFSBUILD11" duration="00:00:00.0043400" startTime="2015-09-28T09:43:24.8900630-07:00" endTime="2015-09-28T09:43:24.8900630-07:00" testType="13cdc9d9-ddb5-4fa4-a97d-d965ccfc6d4b" outcome="Passed" testListId="8c84fa94-04c1-424b-9868-57a2d4851a1d" relativeResultsDirectory="538c5f39-1946-481c-ae14-cdfc265ac552" />
    <UnitTestResult executionId="0e16e173-11d1-42cd-8734-8ccb6e09073d" testId="ea4b0176-99e3-830f-6b3a-5da533faa1a0" testName="SetAvatar_CallsSetAvatarOnClient" computerName="TFSBUILD11" duration="00:00:00.0069085" startTime="2015-09-28T09:43:24.8900630-07:00" endTime="2015-09-28T09:43:24.9056879-07:00" testType="13cdc9d9-ddb5-4fa4-a97d-d965ccfc6d4b" outcome="Passed" testListId="8c84fa94-04c1-424b-9868-57a2d4851a1d" relativeResultsDirectory="0e16e173-11d1-42cd-8734-8ccb6e09073d" />
    <UnitTestResult executionId="96feb120-27d9-4502-93d2-da53e5f7d0bc" testId="a8ca1112-9827-48af-bf0b-9bb65fc62394" testName="GetAvatar_CallsGetAvatarOnClient" computerName="TFSBUILD11" duration="00:00:00.0075681" startTime="2015-09-28T09:43:24.9056879-07:00" endTime="2015-09-28T09:43:24.9056879-07:00" testType="13cdc9d9-ddb5-4fa4-a97d-d965ccfc6d4b" outcome="Passed" testListId="8c84fa94-04c1-424b-9868-57a2d4851a1d" relativeResultsDirectory="96feb120-27d9-4502-93d2-da53e5f7d0bc" />
    <UnitTestResult executionId="12ed2b14-1cc6-40da-9298-a67862d7f87f" testId="c812df79-b3d4-807e-99e2-3da527d52a9f" testName="LookUpRegionBasedOnIp_CallsLookUpRegionBasedOnIpAsyncOnClient" computerName="TFSBUILD11" duration="00:00:00.0070086" startTime="2015-09-28T09:43:24.9056879-07:00" endTime="2015-09-28T09:43:24.9213146-07:00" testType="13cdc9d9-ddb5-4fa4-a97d-d965ccfc6d4b" outcome="Passed" testListId="8c84fa94-04c1-424b-9868-57a2d4851a1d" relativeResultsDirectory="12ed2b14-1cc6-40da-9298-a67862d7f87f" />
    <UnitTestResult executionId="5f676035-f060-4ecb-ad2a-35960207c74e" testId="4ad6340f-79af-4f20-2c32-0ad655f9ddd4" testName="DeserializationOfDisplayName_DoesNotFail_ForAnyCulture" computerName="TFSBUILD11" duration="00:00:00.0134157" startTime="2015-09-28T09:43:24.9213146-07:00" endTime="2015-09-28T09:43:24.9369405-07:00" testType="13cdc9d9-ddb5-4fa4-a97d-d965ccfc6d4b" outcome="Passed" testListId="8c84fa94-04c1-424b-9868-57a2d4851a1d" relativeResultsDirectory="5f676035-f060-4ecb-ad2a-35960207c74e" />
    <UnitTestResult executionId="e5f891b5-327a-4130-bf85-2db53734d527" testId="adb11304-cb3d-b5d2-0723-f6c0ef2f2038" testName="DeserializationOfEmailAddress_DoesNotFail_ForAnyCulture" computerName="TFSBUILD11" duration="00:00:00.0015837" startTime="2015-09-28T09:43:24.9369405-07:00" endTime="2015-09-28T09:43:24.9369405-07:00" testType="13cdc9d9-ddb5-4fa4-a97d-d965ccfc6d4b" outcome="Passed" testListId="8c84fa94-04c1-424b-9868-57a2d4851a1d" relativeResultsDirectory="e5f891b5-327a-4130-bf85-2db53734d527" />
    <UnitTestResult executionId="031c68b9-8375-4128-bfe6-a8be43e53294" testId="128ee67f-866b-6c2a-29b5-214309075b1f" testName="DeserializationOfTermsOfServiceAcceptDateField_DoesNotFail_ForAnyCulture" computerName="TFSBUILD11" duration="00:00:00.0593204" startTime="2015-09-28T09:43:24.9369405-07:00" endTime="2015-09-28T09:43:24.9994449-07:00" testType="13cdc9d9-ddb5-4fa4-a97d-d965ccfc6d4b" outcome="Passed" testListId="8c84fa94-04c1-424b-9868-57a2d4851a1d" relativeResultsDirectory="031c68b9-8375-4128-bfe6-a8be43e53294" />
    <UnitTestResult executionId="25e7faa4-ab27-4569-ab53-8920b2387d11" testId="dad4e75c-4ccd-19d6-3d19-b7045db013af" testName="DeserializationOfTermsOfServiceVersionField_DoesNotFail_ForAnyCulture" computerName="TFSBUILD11" duration="00:00:00.0040928" startTime="2015-09-28T09:43:24.9994449-07:00" endTime="2015-09-28T09:43:24.9994449-07:00" testType="13cdc9d9-ddb5-4fa4-a97d-d965ccfc6d4b" outcome="Passed" testListId="8c84fa94-04c1-424b-9868-57a2d4851a1d" relativeResultsDirectory="25e7faa4-ab27-4569-ab53-8920b2387d11" />
    <UnitTestResult executionId="7058cfe3-bfb8-4d44-bff2-ec168132dca7" testId="3295f920-31aa-9716-05d1-a351fa1a6c9e" testName="DeserializationOfContactWithOffers_DoesNotFail_ForAnyCulture" computerName="TFSBUILD11" duration="00:00:00.0020064" startTime="2015-09-28T09:43:24.9994449-07:00" endTime="2015-09-28T09:43:24.9994449-07:00" testType="13cdc9d9-ddb5-4fa4-a97d-d965ccfc6d4b" outcome="Passed" testListId="8c84fa94-04c1-424b-9868-57a2d4851a1d" relativeResultsDirectory="7058cfe3-bfb8-4d44-bff2-ec168132dca7" />
    <UnitTestResult executionId="e9ada57a-d254-414a-b5b6-dcc4d76561b6" testId="692ea816-bba0-577a-ad2d-ef49a900c879" testName="Equals_AttributesQueryContext" computerName="TFSBUILD11" duration="00:00:00.0017848" startTime="2015-09-28T09:43:24.9994449-07:00" endTime="2015-09-28T09:43:24.9994449-07:00" testType="13cdc9d9-ddb5-4fa4-a97d-d965ccfc6d4b" outcome="Passed" testListId="8c84fa94-04c1-424b-9868-57a2d4851a1d" relativeResultsDirectory="e9ada57a-d254-414a-b5b6-dcc4d76561b6" />
    <UnitTestResult executionId="c5bee001-cdee-4a15-9d76-f9ed9c788871" testId="b1771434-2482-eae2-48f0-c8edaee647eb" testName="Equals_AttributesDescriptor" computerName="TFSBUILD11" duration="00:00:00.0005375" startTime="2015-09-28T09:43:24.9994449-07:00" endTime="2015-09-28T09:43:24.9994449-07:00" testType="13cdc9d9-ddb5-4fa4-a97d-d965ccfc6d4b" outcome="Passed" testListId="8c84fa94-04c1-424b-9868-57a2d4851a1d" relativeResultsDirectory="c5bee001-cdee-4a15-9d76-f9ed9c788871" />
    <UnitTestResult executionId="946501f4-c828-4a84-8d5d-3d60de163b04" testId="f3f48c87-9f05-1e82-0760-9008bdbe192c" testName="IncorrectInitializationThrows_AttributesQueryContext_1" computerName="TFSBUILD11" duration="00:00:00.0023313" startTime="2015-09-28T09:43:24.9994449-07:00" endTime="2015-09-28T09:43:24.9994449-07:00" testType="13cdc9d9-ddb5-4fa4-a97d-d965ccfc6d4b" outcome="Passed" testListId="8c84fa94-04c1-424b-9868-57a2d4851a1d" relativeResultsDirectory="946501f4-c828-4a84-8d5d-3d60de163b04" />
    <UnitTestResult executionId="978e1046-94b5-4c4b-8c4a-9ca2e6361022" testId="e522ba5c-8d3c-e08c-d623-c3eefb83299e" testName="IncorrectInitializationThrows_AttributesQueryContext_2" computerName="TFSBUILD11" duration="00:00:00.0003603" startTime="2015-09-28T09:43:24.9994449-07:00" endTime="2015-09-28T09:43:24.9994449-07:00" testType="13cdc9d9-ddb5-4fa4-a97d-d965ccfc6d4b" outcome="Passed" testListId="8c84fa94-04c1-424b-9868-57a2d4851a1d" relativeResultsDirectory="978e1046-94b5-4c4b-8c4a-9ca2e6361022" />
    <UnitTestResult executionId="054e4eae-7f1e-4616-870a-3caf4b0e300c" testId="d13a392a-d21a-342b-c7b6-e2fcd6795718" testName="IncorrectInitializationThrows_AttributeDescriptor_1" computerName="TFSBUILD11" duration="00:00:00.0036869" startTime="2015-09-28T09:43:24.9994449-07:00" endTime="2015-09-28T09:43:25.0150713-07:00" testType="13cdc9d9-ddb5-4fa4-a97d-d965ccfc6d4b" outcome="Passed" testListId="8c84fa94-04c1-424b-9868-57a2d4851a1d" relativeResultsDirectory="054e4eae-7f1e-4616-870a-3caf4b0e300c" />
    <UnitTestResult executionId="f6ce176d-9b00-4928-9eb6-d6f0781b4a32" testId="1d1fc074-e1d3-4b85-2fc9-e75daca18f51" testName="IncorrectInitializationThrows_AttributeDescriptor_2" computerName="TFSBUILD11" duration="00:00:00.0004317" startTime="2015-09-28T09:43:25.0150713-07:00" endTime="2015-09-28T09:43:25.0150713-07:00" testType="13cdc9d9-ddb5-4fa4-a97d-d965ccfc6d4b" outcome="Passed" testListId="8c84fa94-04c1-424b-9868-57a2d4851a1d" relativeResultsDirectory="f6ce176d-9b00-4928-9eb6-d6f0781b4a32" />
    <UnitTestResult executionId="3bab7fa3-7ee2-43aa-bca3-2885afd71425" testId="3801dfb6-6285-dc0b-c4e0-036e7e19e556" testName="IncorrectInitializationThrows_AttributeDescriptor_3" computerName="TFSBUILD11" duration="00:00:00.0004479" startTime="2015-09-28T09:43:25.0150713-07:00" endTime="2015-09-28T09:43:25.0150713-07:00" testType="13cdc9d9-ddb5-4fa4-a97d-d965ccfc6d4b" outcome="Passed" testListId="8c84fa94-04c1-424b-9868-57a2d4851a1d" relativeResultsDirectory="3bab7fa3-7ee2-43aa-bca3-2885afd71425" />
    <UnitTestResult executionId="c217434d-b431-4fbe-b6dd-71830b523640" testId="b1228faf-9d81-09e0-5c36-7c9cf609db46" testName="IncorrectInitializationThrows_AttributeDescriptor_4" computerName="TFSBUILD11" duration="00:00:00.0004067" startTime="2015-09-28T09:43:25.0150713-07:00" endTime="2015-09-28T09:43:25.0150713-07:00" testType="13cdc9d9-ddb5-4fa4-a97d-d965ccfc6d4b" outcome="Passed" testListId="8c84fa94-04c1-424b-9868-57a2d4851a1d" relativeResultsDirectory="c217434d-b431-4fbe-b6dd-71830b523640" />
    <UnitTestResult executionId="eb7096bc-37bd-4c88-873e-c464f0965c19" testId="b33918c5-d877-5ef9-5177-9da795da31ae" testName="IncorrectInitializationThrows_AttributeDescriptor_5" computerName="TFSBUILD11" duration="00:00:00.0004027" startTime="2015-09-28T09:43:25.0150713-07:00" endTime="2015-09-28T09:43:25.0150713-07:00" testType="13cdc9d9-ddb5-4fa4-a97d-d965ccfc6d4b" outcome="Passed" testListId="8c84fa94-04c1-424b-9868-57a2d4851a1d" relativeResultsDirectory="eb7096bc-37bd-4c88-873e-c464f0965c19" />
    <UnitTestResult executionId="e84cb583-1257-45af-9cf8-0643e0a286cb" testId="b5c90c4a-2ae6-93ca-2865-18676c1bf2d5" testName="IncorrectInitializationThrows_AttributeDescriptor_6" computerName="TFSBUILD11" duration="00:00:00.0004155" startTime="2015-09-28T09:43:25.0150713-07:00" endTime="2015-09-28T09:43:25.0150713-07:00" testType="13cdc9d9-ddb5-4fa4-a97d-d965ccfc6d4b" outcome="Passed" testListId="8c84fa94-04c1-424b-9868-57a2d4851a1d" relativeResultsDirectory="e84cb583-1257-45af-9cf8-0643e0a286cb" />
    <UnitTestResult executionId="3c3b28a7-f81f-456d-a922-ce791fa5f63b" testId="c859b881-90a6-5bfb-7388-7dbd13b26517" testName="IncorrectInitializationThrows_AttributeDescriptor_7" computerName="TFSBUILD11" duration="00:00:00.0003982" startTime="2015-09-28T09:43:25.0150713-07:00" endTime="2015-09-28T09:43:25.0150713-07:00" testType="13cdc9d9-ddb5-4fa4-a97d-d965ccfc6d4b" outcome="Passed" testListId="8c84fa94-04c1-424b-9868-57a2d4851a1d" relativeResultsDirectory="3c3b28a7-f81f-456d-a922-ce791fa5f63b" />
    <UnitTestResult executionId="9fc5d112-c6cf-4cde-b6a7-1302d25bddcf" testId="97a7bd4c-3c27-1481-a48d-191b455612d1" testName="IncorrectInitializationThrows_AttributeDescriptor_8" computerName="TFSBUILD11" duration="00:00:00.0004030" startTime="2015-09-28T09:43:25.0150713-07:00" endTime="2015-09-28T09:43:25.0150713-07:00" testType="13cdc9d9-ddb5-4fa4-a97d-d965ccfc6d4b" outcome="Passed" testListId="8c84fa94-04c1-424b-9868-57a2d4851a1d" relativeResultsDirectory="9fc5d112-c6cf-4cde-b6a7-1302d25bddcf" />
    <UnitTestResult executionId="c72b2ed1-be16-4b71-baa9-c150d2bf2b67" testId="d2897dc0-c264-44d1-871c-32034b63957f" testName="LookUpRegionBasedOnIp_ReturnsNullWhenFeatureFlagIsDisabled" computerName="TFSBUILD11" duration="00:00:00.1024342" startTime="2015-09-28T09:43:25.0150713-07:00" endTime="2015-09-28T09:43:25.1088274-07:00" testType="13cdc9d9-ddb5-4fa4-a97d-d965ccfc6d4b" outcome="Passed" testListId="8c84fa94-04c1-424b-9868-57a2d4851a1d" relativeResultsDirectory="c72b2ed1-be16-4b71-baa9-c150d2bf2b67" />
    <UnitTestResult executionId="089be1f8-19bb-40cf-8097-cb5aeb5961b9" testId="dedfea72-5784-c391-6ca2-86a5f3e7f3e2" testName="LookUpRegionBasedOnIp_ReturnsUSForLocalhost" computerName="TFSBUILD11" duration="00:00:00.0127172" startTime="2015-09-28T09:43:25.1088274-07:00" endTime="2015-09-28T09:43:25.1244541-07:00" testType="13cdc9d9-ddb5-4fa4-a97d-d965ccfc6d4b" outcome="Passed" testListId="8c84fa94-04c1-424b-9868-57a2d4851a1d" relativeResultsDirectory="089be1f8-19bb-40cf-8097-cb5aeb5961b9" />
    <UnitTestResult executionId="818006c9-6dd2-4fb8-b952-b58a075bd69e" testId="79eb1932-1300-0721-fb9a-3d3ecf766be6" testName="LookUpRegionBasedOnIp_ReturnsTheRegion_ReturnedByGeoClient" computerName="TFSBUILD11" duration="00:00:00.0085429" startTime="2015-09-28T09:43:25.1244541-07:00" endTime="2015-09-28T09:43:25.1400802-07:00" testType="13cdc9d9-ddb5-4fa4-a97d-d965ccfc6d4b" outcome="Passed" testListId="8c84fa94-04c1-424b-9868-57a2d4851a1d" relativeResultsDirectory="818006c9-6dd2-4fb8-b952-b58a075bd69e" />
    <UnitTestResult executionId="96ffb04b-af62-47b1-954e-b78e018cd9f3" testId="eaa289f2-4c0c-b70c-7b89-df4dd8aefe94" testName="ProfileAttributeRedirection_EnrichProfileQueryFromIms_UpdatesQueryContext" computerName="TFSBUILD11" duration="00:00:00.0670095" startTime="2015-09-28T09:43:25.1400802-07:00" endTime="2015-09-28T09:43:25.2025843-07:00" testType="13cdc9d9-ddb5-4fa4-a97d-d965ccfc6d4b" outcome="Passed" testListId="8c84fa94-04c1-424b-9868-57a2d4851a1d" relativeResultsDirectory="96ffb04b-af62-47b1-954e-b78e018cd9f3" />
    <UnitTestResult executionId="c0300757-2e3a-4401-a097-2c2589bd5ceb" testId="df33633d-5474-b802-45ae-17b9a269dc61" testName="ProfileAttributeRedirection_EnrichProfileQueryFromIms_ReplacesIdentityAttributes" computerName="TFSBUILD11" duration="00:00:00.0046037" startTime="2015-09-28T09:43:25.2025843-07:00" endTime="2015-09-28T09:43:25.2182107-07:00" testType="13cdc9d9-ddb5-4fa4-a97d-d965ccfc6d4b" outcome="Passed" testListId="8c84fa94-04c1-424b-9868-57a2d4851a1d" relativeResultsDirectory="c0300757-2e3a-4401-a097-2c2589bd5ceb" />
    <UnitTestResult executionId="8d5dcdec-c8a9-4b41-bf87-b37b93ec4c25" testId="3a462568-6c45-d704-a439-b085668952e3" testName="ProfileAttributeRedirection_EnrichProfileQueryFromIms_ReactsToNoIdentity" computerName="TFSBUILD11" duration="00:00:00.0089949" startTime="2015-09-28T09:43:25.2182107-07:00" endTime="2015-09-28T09:43:25.2182107-07:00" testType="13cdc9d9-ddb5-4fa4-a97d-d965ccfc6d4b" outcome="Passed" testListId="8c84fa94-04c1-424b-9868-57a2d4851a1d" relativeResultsDirectory="8d5dcdec-c8a9-4b41-bf87-b37b93ec4c25" />
    <UnitTestResult executionId="d6a63c18-aa73-43d2-95f2-e13255c22f58" testId="adbd10c9-d568-8b8a-5268-46685599f475" testName="ProfileAttributeRedirection_EnrichProfileQueryFromIms_OnlyCallsIdentityWhenNeeded" computerName="TFSBUILD11" duration="00:00:00.0046062" startTime="2015-09-28T09:43:25.2182107-07:00" endTime="2015-09-28T09:43:25.2182107-07:00" testType="13cdc9d9-ddb5-4fa4-a97d-d965ccfc6d4b" outcome="Passed" testListId="8c84fa94-04c1-424b-9868-57a2d4851a1d" relativeResultsDirectory="d6a63c18-aa73-43d2-95f2-e13255c22f58" />
    <UnitTestResult executionId="c9ff1266-6924-4448-9963-1bdcd3237823" testId="d6185d98-d844-6112-6b13-69070caa8995" testName="ProfileAttributeRedirection_EnrichProfileAttributeQueryFromIms_UpdatesQueryContext" computerName="TFSBUILD11" duration="00:00:00.0056120" startTime="2015-09-28T09:43:25.2182107-07:00" endTime="2015-09-28T09:43:25.2338371-07:00" testType="13cdc9d9-ddb5-4fa4-a97d-d965ccfc6d4b" outcome="Passed" testListId="8c84fa94-04c1-424b-9868-57a2d4851a1d" relativeResultsDirectory="c9ff1266-6924-4448-9963-1bdcd3237823" />
    <UnitTestResult executionId="65f87c58-e79a-43c3-9046-8eeef8a5b37e" testId="ab704369-37c0-59e7-96d4-63adfaf2286c" testName="ProfileAttributeRedirection_EnrichProfileAttributeQueryFromIms_ReplacesIdentityAttributes" computerName="TFSBUILD11" duration="00:00:00.0058214" startTime="2015-09-28T09:43:25.2338371-07:00" endTime="2015-09-28T09:43:25.2338371-07:00" testType="13cdc9d9-ddb5-4fa4-a97d-d965ccfc6d4b" outcome="Passed" testListId="8c84fa94-04c1-424b-9868-57a2d4851a1d" relativeResultsDirectory="65f87c58-e79a-43c3-9046-8eeef8a5b37e" />
    <UnitTestResult executionId="5a99bb69-6a42-41d9-b9f8-62cc8a50bab8" testId="aa9fa291-c5e9-55ed-c411-d7a167f9883e" testName="ProfileAttributeRedirection_EnrichProfileAttributeQueryFromIms_PreservesProfileAttributes" computerName="TFSBUILD11" duration="00:00:00.0060922" startTime="2015-09-28T09:43:25.2338371-07:00" endTime="2015-09-28T09:43:25.2494632-07:00" testType="13cdc9d9-ddb5-4fa4-a97d-d965ccfc6d4b" outcome="Passed" testListId="8c84fa94-04c1-424b-9868-57a2d4851a1d" relativeResultsDirectory="5a99bb69-6a42-41d9-b9f8-62cc8a50bab8" />
    <UnitTestResult executionId="0c2cc29b-8439-4344-ad9f-a170b3c628e5" testId="6ea0044d-6f2a-e3ad-9568-f698da021632" testName="ProfileAttributeRedirection_EnrichProfileAttributeQueryFromIms_ReactsToNoIdentity" computerName="TFSBUILD11" duration="00:00:00.0043753" startTime="2015-09-28T09:43:25.2494632-07:00" endTime="2015-09-28T09:43:25.2494632-07:00" testType="13cdc9d9-ddb5-4fa4-a97d-d965ccfc6d4b" outcome="Passed" testListId="8c84fa94-04c1-424b-9868-57a2d4851a1d" relativeResultsDirectory="0c2cc29b-8439-4344-ad9f-a170b3c628e5" />
    <UnitTestResult executionId="d3433937-3961-4fd5-af21-770cddd83852" testId="12e8ffa6-8ee3-cd29-2e6d-d0be1b019e79" testName="ProfileAttributeRedirection_EnrichProfileAttributeQueryFromIms_OnlyCallsIdentityWhenNeeded" computerName="TFSBUILD11" duration="00:00:00.0159371" startTime="2015-09-28T09:43:25.2494632-07:00" endTime="2015-09-28T09:43:25.2650888-07:00" testType="13cdc9d9-ddb5-4fa4-a97d-d965ccfc6d4b" outcome="Passed" testListId="8c84fa94-04c1-424b-9868-57a2d4851a1d" relativeResultsDirectory="d3433937-3961-4fd5-af21-770cddd83852" />
    <UnitTestResult executionId="6f7d039c-b8ac-4101-8eed-ac002eca7110" testId="cb38b05c-ee15-3b58-ce03-e3bb1f815914" testName="ProfileAttributeRedirection_EnrichProfileAttributeQueryFromIms_ReactsToNullAttributeLists" computerName="TFSBUILD11" duration="00:00:00.0046620" startTime="2015-09-28T09:43:25.2650888-07:00" endTime="2015-09-28T09:43:25.2650888-07:00" testType="13cdc9d9-ddb5-4fa4-a97d-d965ccfc6d4b" outcome="Passed" testListId="8c84fa94-04c1-424b-9868-57a2d4851a1d" relativeResultsDirectory="6f7d039c-b8ac-4101-8eed-ac002eca7110" />
    <UnitTestResult executionId="c0cd967a-6ae7-40f4-80e6-4c044fbd6f85" testId="29f3695d-8225-c298-7e40-58f7132f128a" testName="ProfileAttributeRedirection_GetCoreAttributesFromIms_OnlyCallsIdentityWhenNeeded" computerName="TFSBUILD11" duration="00:00:00.0041625" startTime="2015-09-28T09:43:25.2650888-07:00" endTime="2015-09-28T09:43:25.2650888-07:00" testType="13cdc9d9-ddb5-4fa4-a97d-d965ccfc6d4b" outcome="Passed" testListId="8c84fa94-04c1-424b-9868-57a2d4851a1d" relativeResultsDirectory="c0cd967a-6ae7-40f4-80e6-4c044fbd6f85" />
    <UnitTestResult executionId="7ed753d4-ccc9-49b2-9b84-e0362ed34580" testId="36ae3ec7-b749-94de-ff2e-8303d8dbf890" testName="ProfileAttributeRedirection_GetCoreAttributesFromIms_ReactsToNoIdentity" computerName="TFSBUILD11" duration="00:00:00.0038618" startTime="2015-09-28T09:43:25.2807152-07:00" endTime="2015-09-28T09:43:25.2807152-07:00" testType="13cdc9d9-ddb5-4fa4-a97d-d965ccfc6d4b" outcome="Passed" testListId="8c84fa94-04c1-424b-9868-57a2d4851a1d" relativeResultsDirectory="7ed753d4-ccc9-49b2-9b84-e0362ed34580" />
    <UnitTestResult executionId="fca981e7-55dc-470a-802b-d9774e03719a" testId="5445b1a5-f8f7-ce3a-af70-d393a543bdcd" testName="ProfileAttributeRedirection_GetDisplayNameFromIms_GetsDisplayName" computerName="TFSBUILD11" duration="00:00:00.0035239" startTime="2015-09-28T09:43:25.2807152-07:00" endTime="2015-09-28T09:43:25.2807152-07:00" testType="13cdc9d9-ddb5-4fa4-a97d-d965ccfc6d4b" outcome="Passed" testListId="8c84fa94-04c1-424b-9868-57a2d4851a1d" relativeResultsDirectory="fca981e7-55dc-470a-802b-d9774e03719a" />
    <UnitTestResult executionId="7d634fea-c111-4a6a-a49e-de9f21443698" testId="dfe17340-beaf-b7ff-84dc-badee7c91ece" testName="ProfileAttributeRedirection_GetDisplayNameFromIms_ReactsToNoIdentity" computerName="TFSBUILD11" duration="00:00:00.0037748" startTime="2015-09-28T09:43:25.2807152-07:00" endTime="2015-09-28T09:43:25.2807152-07:00" testType="13cdc9d9-ddb5-4fa4-a97d-d965ccfc6d4b" outcome="Passed" testListId="8c84fa94-04c1-424b-9868-57a2d4851a1d" relativeResultsDirectory="7d634fea-c111-4a6a-a49e-de9f21443698" />
    <UnitTestResult executionId="2f45fed2-dc30-4f79-8ffb-9a5ff8742b7f" testId="3bbeca69-2a20-0573-aef5-a30190d63261" testName="ProfileAttributeRedirection_GetEmailAddressFromIms_GetsEmailAddress" computerName="TFSBUILD11" duration="00:00:00.0035063" startTime="2015-09-28T09:43:25.2807152-07:00" endTime="2015-09-28T09:43:25.2807152-07:00" testType="13cdc9d9-ddb5-4fa4-a97d-d965ccfc6d4b" outcome="Passed" testListId="8c84fa94-04c1-424b-9868-57a2d4851a1d" relativeResultsDirectory="2f45fed2-dc30-4f79-8ffb-9a5ff8742b7f" />
    <UnitTestResult executionId="128804a7-7d47-4fad-b261-1893ed03a629" testId="48f76585-b018-4e29-7bf8-96e57bd1d573" testName="ProfileAttributeRedirection_GetEmailAddressFromIms_ReactsToNoIdentity" computerName="TFSBUILD11" duration="00:00:00.0037566" startTime="2015-09-28T09:43:25.2807152-07:00" endTime="2015-09-28T09:43:25.2963416-07:00" testType="13cdc9d9-ddb5-4fa4-a97d-d965ccfc6d4b" outcome="Passed" testListId="8c84fa94-04c1-424b-9868-57a2d4851a1d" relativeResultsDirectory="128804a7-7d47-4fad-b261-1893ed03a629" />
    <UnitTestResult executionId="a189ddb6-a050-4b02-8a1f-40e19b189649" testId="5d65194f-722d-a7ee-fae4-c4e8a43de9f0" testName="ProfileAttributeRedirection_GetUnconfirmedEmailAddressFromIms_GetsUnconfirmedEmailAddress" computerName="TFSBUILD11" duration="00:00:00.0034830" startTime="2015-09-28T09:43:25.2963416-07:00" endTime="2015-09-28T09:43:25.2963416-07:00" testType="13cdc9d9-ddb5-4fa4-a97d-d965ccfc6d4b" outcome="Passed" testListId="8c84fa94-04c1-424b-9868-57a2d4851a1d" relativeResultsDirectory="a189ddb6-a050-4b02-8a1f-40e19b189649" />
    <UnitTestResult executionId="31e0721d-87e9-4b2c-833b-9c80d64029b4" testId="26f9c2cf-69e1-2cfd-f3e5-6f9648144189" testName="ProfileAttributeRedirection_GetUnconfirmedEmailAddressFromIms_ReactsToNoIdentity" computerName="TFSBUILD11" duration="00:00:00.0039173" startTime="2015-09-28T09:43:25.2963416-07:00" endTime="2015-09-28T09:43:25.2963416-07:00" testType="13cdc9d9-ddb5-4fa4-a97d-d965ccfc6d4b" outcome="Passed" testListId="8c84fa94-04c1-424b-9868-57a2d4851a1d" relativeResultsDirectory="31e0721d-87e9-4b2c-833b-9c80d64029b4" />
    <UnitTestResult executionId="0a2777e0-b40f-4643-a47a-79c495130bd0" testId="d6adc898-4d26-ae39-1bdd-1752661b818d" testName="ProfileAttributeRedirection_UpdateProfileAttributesInIms_ReturnsUpdatedProfile" computerName="TFSBUILD11" duration="00:00:00.0086624" startTime="2015-09-28T09:43:25.2963416-07:00" endTime="2015-09-28T09:43:25.3119671-07:00" testType="13cdc9d9-ddb5-4fa4-a97d-d965ccfc6d4b" outcome="Passed" testListId="8c84fa94-04c1-424b-9868-57a2d4851a1d" relativeResultsDirectory="0a2777e0-b40f-4643-a47a-79c495130bd0" />
    <UnitTestResult executionId="57230d29-b4eb-4874-be9a-0f140ef77901" testId="2169994d-ddb9-c04b-5c1a-2d71d160d28f" testName="ProfileAttributeRedirection_UpdateProfileAttributesInIms_WillUseRequestIdentity" computerName="TFSBUILD11" duration="00:00:00.0065231" startTime="2015-09-28T09:43:25.3119671-07:00" endTime="2015-09-28T09:43:25.3119671-07:00" testType="13cdc9d9-ddb5-4fa4-a97d-d965ccfc6d4b" outcome="Passed" testListId="8c84fa94-04c1-424b-9868-57a2d4851a1d" relativeResultsDirectory="57230d29-b4eb-4874-be9a-0f140ef77901" />
    <UnitTestResult executionId="57d3eba9-cb76-4aeb-a043-e16f5d760d25" testId="5762032a-1f3d-0046-c015-8cd65c771a16" testName="ProfileAttributeRedirection_UpdateCoreAttributeListInIms_ReturnsUpdatedList" computerName="TFSBUILD11" duration="00:00:00.0055253" startTime="2015-09-28T09:43:25.3119671-07:00" endTime="2015-09-28T09:43:25.3275935-07:00" testType="13cdc9d9-ddb5-4fa4-a97d-d965ccfc6d4b" outcome="Passed" testListId="8c84fa94-04c1-424b-9868-57a2d4851a1d" relativeResultsDirectory="57d3eba9-cb76-4aeb-a043-e16f5d760d25" />
    <UnitTestResult executionId="5137c9fd-5150-48ac-869a-17b684b67491" testId="f10f2cea-3b4b-91ce-f642-2003ec307170" testName="ProfileAttributeRedirection_UpdateCoreAttributeListInIms_CallsUpdateIdentityWithProperties" computerName="TFSBUILD11" duration="00:00:00.0068949" startTime="2015-09-28T09:43:25.3275935-07:00" endTime="2015-09-28T09:43:25.3275935-07:00" testType="13cdc9d9-ddb5-4fa4-a97d-d965ccfc6d4b" outcome="Passed" testListId="8c84fa94-04c1-424b-9868-57a2d4851a1d" relativeResultsDirectory="5137c9fd-5150-48ac-869a-17b684b67491" />
    <UnitTestResult executionId="65c791f3-60b8-4e9b-8f9a-c21c33558295" testId="600391c9-c152-8f74-33a7-95627d8addfe" testName="ProfileAttributeRedirection_CreateProfileAttributesInIms_CallsUpdateIdentityWithProperties" computerName="TFSBUILD11" duration="00:00:00.0050090" startTime="2015-09-28T09:43:25.3275935-07:00" endTime="2015-09-28T09:43:25.3275935-07:00" testType="13cdc9d9-ddb5-4fa4-a97d-d965ccfc6d4b" outcome="Passed" testListId="8c84fa94-04c1-424b-9868-57a2d4851a1d" relativeResultsDirectory="65c791f3-60b8-4e9b-8f9a-c21c33558295" />
    <UnitTestResult executionId="d5a9d379-3ca9-48e5-a6ac-d684710de179" testId="c31337fe-496b-121c-650d-b874138487d6" testName="ProfileAttributeRedirection_UpdateDisplayNameInIms_CallsUpdateIdentityWithProperty" computerName="TFSBUILD11" duration="00:00:00.0047271" startTime="2015-09-28T09:43:25.3275935-07:00" endTime="2015-09-28T09:43:25.3432196-07:00" testType="13cdc9d9-ddb5-4fa4-a97d-d965ccfc6d4b" outcome="Passed" testListId="8c84fa94-04c1-424b-9868-57a2d4851a1d" relativeResultsDirectory="d5a9d379-3ca9-48e5-a6ac-d684710de179" />
    <UnitTestResult executionId="26bbcaea-f59d-4778-a40c-7f7a97c8a43b" testId="9930b5ce-add1-3f5f-aeef-73fadde35a1a" testName="ProfileAttributeRedirection_UpdateEmailAddressInIms_CallsUpdateIdentityWithProperty" computerName="TFSBUILD11" duration="00:00:00.0046594" startTime="2015-09-28T09:43:25.3432196-07:00" endTime="2015-09-28T09:43:25.3432196-07:00" testType="13cdc9d9-ddb5-4fa4-a97d-d965ccfc6d4b" outcome="Passed" testListId="8c84fa94-04c1-424b-9868-57a2d4851a1d" relativeResultsDirectory="26bbcaea-f59d-4778-a40c-7f7a97c8a43b" />
    <UnitTestResult executionId="556c4b0b-6315-431b-a1f6-5bee7b642ccf" testId="4d06ee1f-ad45-5a8f-3816-916a60d04d20" testName="ProfileAttributeRedirection_UpdateUnconfirmedEmailAddressInIms_CallsUpdateIdentityWithProperty" computerName="TFSBUILD11" duration="00:00:00.0046111" startTime="2015-09-28T09:43:25.3432196-07:00" endTime="2015-09-28T09:43:25.3432196-07:00" testType="13cdc9d9-ddb5-4fa4-a97d-d965ccfc6d4b" outcome="Passed" testListId="8c84fa94-04c1-424b-9868-57a2d4851a1d" relativeResultsDirectory="556c4b0b-6315-431b-a1f6-5bee7b642ccf" />
    <UnitTestResult executionId="266f0e50-d64c-46a1-995a-0ccd76547ac4" testId="926f8e73-b99f-274e-5589-4417db8746d2" testName="ProfileDataMigrationJobExtension_TeamFoundationJobExecutionResult_Test" computerName="TFSBUILD11" duration="00:00:00.0286878" startTime="2015-09-28T09:43:25.3432196-07:00" endTime="2015-09-28T09:43:25.3744713-07:00" testType="13cdc9d9-ddb5-4fa4-a97d-d965ccfc6d4b" outcome="Passed" testListId="8c84fa94-04c1-424b-9868-57a2d4851a1d" relativeResultsDirectory="266f0e50-d64c-46a1-995a-0ccd76547ac4" />
    <UnitTestResult executionId="f5408678-3d25-4855-b53b-3390e08227c7" testId="73c3eb45-7a25-fc37-abff-79300cec7221" testName="ProfileDataMigrationJobExtension_TeamFoundationJobExecutionResult1_Test" computerName="TFSBUILD11" duration="00:00:00.1427982" startTime="2015-09-28T09:43:25.3744713-07:00" endTime="2015-09-28T09:43:25.5151066-07:00" testType="13cdc9d9-ddb5-4fa4-a97d-d965ccfc6d4b" outcome="Passed" testListId="8c84fa94-04c1-424b-9868-57a2d4851a1d" relativeResultsDirectory="f5408678-3d25-4855-b53b-3390e08227c7" />
    <UnitTestResult executionId="c12b54fd-48d3-45d7-839e-045a51b6dfd6" testId="f7c11a9b-ea4e-8af3-ac72-051bda1e56eb" testName="ProfileDataMigrationJobExtension_TeamFoundationJobExecutionResult3_Test" computerName="TFSBUILD11" duration="00:00:00.0109044" startTime="2015-09-28T09:43:25.5151066-07:00" endTime="2015-09-28T09:43:25.5307327-07:00" testType="13cdc9d9-ddb5-4fa4-a97d-d965ccfc6d4b" outcome="Passed" testListId="8c84fa94-04c1-424b-9868-57a2d4851a1d" relativeResultsDirectory="c12b54fd-48d3-45d7-839e-045a51b6dfd6" />
    <UnitTestResult executionId="4f77fefb-f076-4862-9098-8cef366e19b0" testId="2349169d-6ecc-e65c-e1ac-8be64ff275b0" testName="ProfileDataMigrationJobExtension_TeamFoundationJobExecutionResult4_Test" computerName="TFSBUILD11" duration="00:00:00.0337330" startTime="2015-09-28T09:43:25.5307327-07:00" endTime="2015-09-28T09:43:25.5619849-07:00" testType="13cdc9d9-ddb5-4fa4-a97d-d965ccfc6d4b" outcome="Passed" testListId="8c84fa94-04c1-424b-9868-57a2d4851a1d" relativeResultsDirectory="4f77fefb-f076-4862-9098-8cef366e19b0" />
    <UnitTestResult executionId="053c8e97-3050-4555-a38d-72b2032e7f7c" testId="33c05bbc-9320-0a6a-8154-cb853aa4bc85" testName="ProfileDataMigrationJobExtension_TeamFoundationJobExecutionResult5_Test" computerName="TFSBUILD11" duration="00:00:00.0307293" startTime="2015-09-28T09:43:25.5619849-07:00" endTime="2015-09-28T09:43:25.5932377-07:00" testType="13cdc9d9-ddb5-4fa4-a97d-d965ccfc6d4b" outcome="Passed" testListId="8c84fa94-04c1-424b-9868-57a2d4851a1d" relativeResultsDirectory="053c8e97-3050-4555-a38d-72b2032e7f7c" />
    <UnitTestResult executionId="b44885a4-084c-48df-9bc9-f37ea4f671a2" testId="22541de7-5876-fa80-c2de-128438d2f245" testName="ProfileDataMigrationJobExtension_TeamFoundationJobExecutionResult6_Test" computerName="TFSBUILD11" duration="00:00:00.0249360" startTime="2015-09-28T09:43:25.5932377-07:00" endTime="2015-09-28T09:43:25.6244896-07:00" testType="13cdc9d9-ddb5-4fa4-a97d-d965ccfc6d4b" outcome="Passed" testListId="8c84fa94-04c1-424b-9868-57a2d4851a1d" relativeResultsDirectory="b44885a4-084c-48df-9bc9-f37ea4f671a2" />
    <UnitTestResult executionId="3ed18c5a-2a91-46d2-aab5-ab59c224ff69" testId="462445de-656b-a891-3a02-64f15dcb418d" testName="ProfileDataMigrationJobExtension_TeamFoundationJobExecutionResult7_Test" computerName="TFSBUILD11" duration="00:00:00.0926285" startTime="2015-09-28T09:43:25.6244896-07:00" endTime="2015-09-28T09:43:25.7182469-07:00" testType="13cdc9d9-ddb5-4fa4-a97d-d965ccfc6d4b" outcome="Passed" testListId="8c84fa94-04c1-424b-9868-57a2d4851a1d" relativeResultsDirectory="3ed18c5a-2a91-46d2-aab5-ab59c224ff69" />
    <UnitTestResult executionId="0c78869e-0f90-4b98-966f-4cd02640a455" testId="ba06307e-6295-d5ba-7ec8-f8c3b364544c" testName="InitializeProfileDataMigrationJobHelperTest" computerName="TFSBUILD11" duration="00:00:00.0044430" startTime="2015-09-28T09:43:25.7182469-07:00" endTime="2015-09-28T09:43:25.7182469-07:00" testType="13cdc9d9-ddb5-4fa4-a97d-d965ccfc6d4b" outcome="Passed" testListId="8c84fa94-04c1-424b-9868-57a2d4851a1d" relativeResultsDirectory="0c78869e-0f90-4b98-966f-4cd02640a455" />
    <UnitTestResult executionId="3a5d53ba-f9d3-43cf-a3dc-5ebea9773382" testId="60056bcb-210a-c9a2-896a-b6196cf3b4ca" testName="ProfileDataMigrationJobHelper_GetProfileIdsForMigration_Test" computerName="TFSBUILD11" duration="00:00:00.0055392" startTime="2015-09-28T09:43:25.7182469-07:00" endTime="2015-09-28T09:43:25.7182469-07:00" testType="13cdc9d9-ddb5-4fa4-a97d-d965ccfc6d4b" outcome="Passed" testListId="8c84fa94-04c1-424b-9868-57a2d4851a1d" relativeResultsDirectory="3a5d53ba-f9d3-43cf-a3dc-5ebea9773382" />
    <UnitTestResult executionId="d019081a-5277-4cb0-bbb3-d4831a55661d" testId="5c242452-df3b-f448-c95c-c83ab19c9edc" testName="ProfileDataMigrationJobHelper_GetProfileIdsForMigration1_Test" computerName="TFSBUILD11" duration="00:00:00.0050844" startTime="2015-09-28T09:43:25.7182469-07:00" endTime="2015-09-28T09:43:25.7338721-07:00" testType="13cdc9d9-ddb5-4fa4-a97d-d965ccfc6d4b" outcome="Passed" testListId="8c84fa94-04c1-424b-9868-57a2d4851a1d" relativeResultsDirectory="d019081a-5277-4cb0-bbb3-d4831a55661d" />
    <UnitTestResult executionId="5011dec5-4717-45fc-8e35-6ce6a2e38d53" testId="7040d48f-729b-f9a7-7ede-865861b53ee5" testName="ProfileDataMigrationJobHelper_GetProfileIdsForMigration2_Test" computerName="TFSBUILD11" duration="00:00:00.0029963" startTime="2015-09-28T09:43:25.7338721-07:00" endTime="2015-09-28T09:43:25.7338721-07:00" testType="13cdc9d9-ddb5-4fa4-a97d-d965ccfc6d4b" outcome="Passed" testListId="8c84fa94-04c1-424b-9868-57a2d4851a1d" relativeResultsDirectory="5011dec5-4717-45fc-8e35-6ce6a2e38d53" />
    <UnitTestResult executionId="797ca92c-ec48-463e-927b-b67998882f29" testId="0598f9f5-425c-6659-cd5f-ed8d73a0a28d" testName="ProfileDataMigrationJobHelper_GetProfileIdsFromAccountForMigration_Test" computerName="TFSBUILD11" duration="00:00:00.0085287" startTime="2015-09-28T09:43:25.7338721-07:00" endTime="2015-09-28T09:43:25.7494985-07:00" testType="13cdc9d9-ddb5-4fa4-a97d-d965ccfc6d4b" outcome="Passed" testListId="8c84fa94-04c1-424b-9868-57a2d4851a1d" relativeResultsDirectory="797ca92c-ec48-463e-927b-b67998882f29" />
    <UnitTestResult executionId="70ffc296-ab9c-467b-b56c-52d7f5028304" testId="24d51e26-df25-6a1c-7f97-30e247af6cd8" testName="ProfileDataMigrationJobHelper_GetProfileIdsFromAccountForMigration2_Test" computerName="TFSBUILD11" duration="00:00:00.0090649" startTime="2015-09-28T09:43:25.7494985-07:00" endTime="2015-09-28T09:43:25.7494985-07:00" testType="13cdc9d9-ddb5-4fa4-a97d-d965ccfc6d4b" outcome="Passed" testListId="8c84fa94-04c1-424b-9868-57a2d4851a1d" relativeResultsDirectory="70ffc296-ab9c-467b-b56c-52d7f5028304" />
    <UnitTestResult executionId="2100936e-990a-45a7-bd6e-6967c01513ba" testId="b4fdd828-0987-a558-41e7-a31b170ca786" testName="ProfileDataMigrationJobHelper_GetProfileIdsFromAccountForMigration3_Test" computerName="TFSBUILD11" duration="00:00:00.0076666" startTime="2015-09-28T09:43:25.7494985-07:00" endTime="2015-09-28T09:43:25.7651255-07:00" testType="13cdc9d9-ddb5-4fa4-a97d-d965ccfc6d4b" outcome="Passed" testListId="8c84fa94-04c1-424b-9868-57a2d4851a1d" relativeResultsDirectory="2100936e-990a-45a7-bd6e-6967c01513ba" />
    <UnitTestResult executionId="da05e3b2-bf35-44a5-9df2-7b49d5a546a9" testId="efd1ae24-59bf-ffe3-b8d1-d7f5a80193b7" testName="ProfileDataMigrationJobHelper_GetProfileIdsFromAccountForMigration4_Test" computerName="TFSBUILD11" duration="00:00:00.0075286" startTime="2015-09-28T09:43:25.7651255-07:00" endTime="2015-09-28T09:43:25.7651255-07:00" testType="13cdc9d9-ddb5-4fa4-a97d-d965ccfc6d4b" outcome="Passed" testListId="8c84fa94-04c1-424b-9868-57a2d4851a1d" relativeResultsDirectory="da05e3b2-bf35-44a5-9df2-7b49d5a546a9" />
    <UnitTestResult executionId="8b4eca3d-18b8-4be6-8ec5-139bb6688a91" testId="109e20c4-772c-5323-e11a-ebda237e73b0" testName="LoadSettings_should_load_sps_deployment_url_from_registry" computerName="TFSBUILD11" duration="00:00:00.0108956" startTime="2015-09-28T09:43:25.7651255-07:00" endTime="2015-09-28T09:43:25.7807510-07:00" testType="13cdc9d9-ddb5-4fa4-a97d-d965ccfc6d4b" outcome="Passed" testListId="8c84fa94-04c1-424b-9868-57a2d4851a1d" relativeResultsDirectory="8b4eca3d-18b8-4be6-8ec5-139bb6688a91" />
    <UnitTestResult executionId="42280b40-8eec-4eb2-ba37-c61f3d259b5c" testId="86487b42-5eaf-59a1-6aee-8caa1771fc06" testName="LoadSettings_should_load_update_profile_page_url_from_registry" computerName="TFSBUILD11" duration="00:00:00.0006391" startTime="2015-09-28T09:43:25.7807510-07:00" endTime="2015-09-28T09:43:25.7807510-07:00" testType="13cdc9d9-ddb5-4fa4-a97d-d965ccfc6d4b" outcome="Passed" testListId="8c84fa94-04c1-424b-9868-57a2d4851a1d" relativeResultsDirectory="42280b40-8eec-4eb2-ba37-c61f3d259b5c" />
    <UnitTestResult executionId="2a0ea8bc-a09e-4a58-9871-8f04604c60b5" testId="93032568-b875-f891-ddc2-cc515a9350df" testName="LoadSettings_should_load_create_profile_page_url_from_registry" computerName="TFSBUILD11" duration="00:00:00.0005629" startTime="2015-09-28T09:43:25.7807510-07:00" endTime="2015-09-28T09:43:25.7807510-07:00" testType="13cdc9d9-ddb5-4fa4-a97d-d965ccfc6d4b" outcome="Passed" testListId="8c84fa94-04c1-424b-9868-57a2d4851a1d" relativeResultsDirectory="2a0ea8bc-a09e-4a58-9871-8f04604c60b5" />
    <UnitTestResult executionId="32a67d1a-b90e-41eb-8fc7-64beb3cb22a1" testId="59419375-f76f-1cf1-e7bc-77eba5ddd193" testName="LoadSettings_should_load_edit_profile_page_url_from_registry" computerName="TFSBUILD11" duration="00:00:00.0005449" startTime="2015-09-28T09:43:25.7807510-07:00" endTime="2015-09-28T09:43:25.7963763-07:00" testType="13cdc9d9-ddb5-4fa4-a97d-d965ccfc6d4b" outcome="Passed" testListId="8c84fa94-04c1-424b-9868-57a2d4851a1d" relativeResultsDirectory="32a67d1a-b90e-41eb-8fc7-64beb3cb22a1" />
    <UnitTestResult executionId="e061bedc-a6ec-4419-a7a3-012fe9a09d37" testId="92146383-3fbe-8623-7f9d-6a4332eb4755" testName="LoadSettings_should_load_create_profile_with_edit_page_url_from_registry" computerName="TFSBUILD11" duration="00:00:00.0005617" startTime="2015-09-28T09:43:25.7963763-07:00" endTime="2015-09-28T09:43:25.7963763-07:00" testType="13cdc9d9-ddb5-4fa4-a97d-d965ccfc6d4b" outcome="Passed" testListId="8c84fa94-04c1-424b-9868-57a2d4851a1d" relativeResultsDirectory="e061bedc-a6ec-4419-a7a3-012fe9a09d37" />
    <UnitTestResult executionId="31f89fd4-1a24-4d8d-83e6-30eee0a50b5b" testId="31047058-8715-44a5-888f-5bbf1f2e9793" testName="LoadSettings_should_load_email_confirmation_page_url_from_registry" computerName="TFSBUILD11" duration="00:00:00.0005731" startTime="2015-09-28T09:43:25.7963763-07:00" endTime="2015-09-28T09:43:25.7963763-07:00" testType="13cdc9d9-ddb5-4fa4-a97d-d965ccfc6d4b" outcome="Passed" testListId="8c84fa94-04c1-424b-9868-57a2d4851a1d" relativeResultsDirectory="31f89fd4-1a24-4d8d-83e6-30eee0a50b5b" />
    <UnitTestResult executionId="045210b7-07a9-4c24-952f-d8a43294d629" testId="cd0a3d1f-9c15-6dfb-1df8-17210c9d29b0" testName="LoadSettings_should_load_profile_go_url_from_registry" computerName="TFSBUILD11" duration="00:00:00.0007893" startTime="2015-09-28T09:43:25.7963763-07:00" endTime="2015-09-28T09:43:25.7963763-07:00" testType="13cdc9d9-ddb5-4fa4-a97d-d965ccfc6d4b" outcome="Passed" testListId="8c84fa94-04c1-424b-9868-57a2d4851a1d" relativeResultsDirectory="045210b7-07a9-4c24-952f-d8a43294d629" />
    <UnitTestResult executionId="6aca76e4-c0bc-48de-9769-71b0b22964fe" testId="51298517-fbb0-654c-59de-653b1f77a940" testName="LoadSettings_should_load_profile_go_url_from_default_when_registry_value_is_not_specified" computerName="TFSBUILD11" duration="00:00:00.0004829" startTime="2015-09-28T09:43:25.7963763-07:00" endTime="2015-09-28T09:43:25.7963763-07:00" testType="13cdc9d9-ddb5-4fa4-a97d-d965ccfc6d4b" outcome="Passed" testListId="8c84fa94-04c1-424b-9868-57a2d4851a1d" relativeResultsDirectory="6aca76e4-c0bc-48de-9769-71b0b22964fe" />
    <UnitTestResult executionId="ab2036f0-afea-4a6d-8f69-6447f86475fe" testId="ad95a412-3f98-4fd1-3932-8cdfce40c825" testName="LoadSettings_should_load_profile_account_percentage_from_registry" computerName="TFSBUILD11" duration="00:00:00.0004266" startTime="2015-09-28T09:43:25.7963763-07:00" endTime="2015-09-28T09:43:25.8120024-07:00" testType="13cdc9d9-ddb5-4fa4-a97d-d965ccfc6d4b" outcome="Passed" testListId="8c84fa94-04c1-424b-9868-57a2d4851a1d" relativeResultsDirectory="ab2036f0-afea-4a6d-8f69-6447f86475fe" />
    <UnitTestResult executionId="339deb83-500b-4f65-a7b1-5d2f846dfcb0" testId="d827fb30-e14b-fa94-0a05-9e1e0858917d" testName="LoadSettings_should_load_default_account_percentage_when_registry_value_is_not_set" computerName="TFSBUILD11" duration="00:00:00.0003009" startTime="2015-09-28T09:43:25.8120024-07:00" endTime="2015-09-28T09:43:25.8120024-07:00" testType="13cdc9d9-ddb5-4fa4-a97d-d965ccfc6d4b" outcome="Passed" testListId="8c84fa94-04c1-424b-9868-57a2d4851a1d" relativeResultsDirectory="339deb83-500b-4f65-a7b1-5d2f846dfcb0" />
    <UnitTestResult executionId="8ec10afb-485e-423d-a0c9-a0d09a625e03" testId="86ad1769-8834-5ed7-68c4-b88b7b4c09e8" testName="LoadSettings_should_load_attribute_inline_storage_threshold_from_registry" computerName="TFSBUILD11" duration="00:00:00.0004741" startTime="2015-09-28T09:43:25.8120024-07:00" endTime="2015-09-28T09:43:25.8120024-07:00" testType="13cdc9d9-ddb5-4fa4-a97d-d965ccfc6d4b" outcome="Passed" testListId="8c84fa94-04c1-424b-9868-57a2d4851a1d" relativeResultsDirectory="8ec10afb-485e-423d-a0c9-a0d09a625e03" />
    <UnitTestResult executionId="ce4305ab-01d8-4893-b2bc-da9c5a080f4e" testId="769f7094-3109-8fb5-bec6-9d54cc1dc66c" testName="LoadSettings_should_load_default_attribute_inline_storage_threshold_when_registry_value_is_not_set" computerName="TFSBUILD11" duration="00:00:00.0002989" startTime="2015-09-28T09:43:25.8120024-07:00" endTime="2015-09-28T09:43:25.8120024-07:00" testType="13cdc9d9-ddb5-4fa4-a97d-d965ccfc6d4b" outcome="Passed" testListId="8c84fa94-04c1-424b-9868-57a2d4851a1d" relativeResultsDirectory="ce4305ab-01d8-4893-b2bc-da9c5a080f4e" />
    <UnitTestResult executionId="91081ffb-974d-429d-9a13-5a04f0855c73" testId="cfcf4c34-897f-82ad-0810-078919f698bb" testName="LoadSettings_should_load_post_notification_delay_from_registry" computerName="TFSBUILD11" duration="00:00:00.0004175" startTime="2015-09-28T09:43:25.8120024-07:00" endTime="2015-09-28T09:43:25.8120024-07:00" testType="13cdc9d9-ddb5-4fa4-a97d-d965ccfc6d4b" outcome="Passed" testListId="8c84fa94-04c1-424b-9868-57a2d4851a1d" relativeResultsDirectory="91081ffb-974d-429d-9a13-5a04f0855c73" />
    <UnitTestResult executionId="52200aec-fb4c-4bc1-b4ff-bae1c9543b80" testId="17c4b973-6bec-587e-a324-9b371feee403" testName="LoadSettings_should_load_default_post_notification_delay_when_registry_value_is_not_set" computerName="TFSBUILD11" duration="00:00:00.0002716" startTime="2015-09-28T09:43:25.8120024-07:00" endTime="2015-09-28T09:43:25.8120024-07:00" testType="13cdc9d9-ddb5-4fa4-a97d-d965ccfc6d4b" outcome="Passed" testListId="8c84fa94-04c1-424b-9868-57a2d4851a1d" relativeResultsDirectory="52200aec-fb4c-4bc1-b4ff-bae1c9543b80" />
    <UnitTestResult executionId="4f24e3af-988c-4c02-b44f-e641a33a0207" testId="2a009b98-2161-183f-9f10-564d6ea7553f" testName="LoadSettings_should_load_attribute_data_provider_from_registry" computerName="TFSBUILD11" duration="00:00:00.0014924" startTime="2015-09-28T09:43:25.8120024-07:00" endTime="2015-09-28T09:43:25.8276296-07:00" testType="13cdc9d9-ddb5-4fa4-a97d-d965ccfc6d4b" outcome="Passed" testListId="8c84fa94-04c1-424b-9868-57a2d4851a1d" relativeResultsDirectory="4f24e3af-988c-4c02-b44f-e641a33a0207" />
    <UnitTestResult executionId="0e5d426a-eced-475d-af3f-9f21c455ae4e" testId="cba6990b-49cd-6ad0-f547-469b3f649dfe" testName="LoadSettings_should_load_default_attribute_data_provider_when_registry_value_is_not_set" computerName="TFSBUILD11" duration="00:00:00.0005156" startTime="2015-09-28T09:43:25.8276296-07:00" endTime="2015-09-28T09:43:25.8276296-07:00" testType="13cdc9d9-ddb5-4fa4-a97d-d965ccfc6d4b" outcome="Passed" testListId="8c84fa94-04c1-424b-9868-57a2d4851a1d" relativeResultsDirectory="0e5d426a-eced-475d-af3f-9f21c455ae4e" />
    <UnitTestResult executionId="976fef96-ffc0-48b8-af53-9a9b75051319" testId="4bbc63e6-5ae0-0c9f-1a47-389db36332b7" testName="LoadSettings_should_load_wellknown_containers_from_registry" computerName="TFSBUILD11" duration="00:00:00.0111797" startTime="2015-09-28T09:43:25.8276296-07:00" endTime="2015-09-28T09:43:25.8432549-07:00" testType="13cdc9d9-ddb5-4fa4-a97d-d965ccfc6d4b" outcome="Passed" testListId="8c84fa94-04c1-424b-9868-57a2d4851a1d" relativeResultsDirectory="976fef96-ffc0-48b8-af53-9a9b75051319" />
    <UnitTestResult executionId="64f5a599-4499-4b4e-9079-90f09c9879ff" testId="34779a83-3c13-e69e-6caf-80f563cc1c0d" testName="GetAttributesRepository_should_return_default_provider_for_unknown_container" computerName="TFSBUILD11" duration="00:00:00.0067666" startTime="2015-09-28T09:43:25.8432549-07:00" endTime="2015-09-28T09:43:25.8432549-07:00" testType="13cdc9d9-ddb5-4fa4-a97d-d965ccfc6d4b" outcome="Passed" testListId="8c84fa94-04c1-424b-9868-57a2d4851a1d" relativeResultsDirectory="64f5a599-4499-4b4e-9079-90f09c9879ff" />
    <UnitTestResult executionId="3c67dfd7-c564-408f-b114-ef30e9b4ee20" testId="f29b02b2-245f-96a5-c5d1-26a8bbd8b5cc" testName="GetAttributesRepository_should_return_default_provider_for_null_container_name" computerName="TFSBUILD11" duration="00:00:00.0007526" startTime="2015-09-28T09:43:25.8432549-07:00" endTime="2015-09-28T09:43:25.8432549-07:00" testType="13cdc9d9-ddb5-4fa4-a97d-d965ccfc6d4b" outcome="Passed" testListId="8c84fa94-04c1-424b-9868-57a2d4851a1d" relativeResultsDirectory="3c67dfd7-c564-408f-b114-ef30e9b4ee20" />
    <UnitTestResult executionId="887b0b6c-542a-4cb8-a4cf-36afae9ea62e" testId="10d8d064-e8d7-5256-130c-46158b9ef3c3" testName="GetAttributesRepository_should_return_configured_provider_for_wellknown_contianer" computerName="TFSBUILD11" duration="00:00:00.0007890" startTime="2015-09-28T09:43:25.8432549-07:00" endTime="2015-09-28T09:43:25.8432549-07:00" testType="13cdc9d9-ddb5-4fa4-a97d-d965ccfc6d4b" outcome="Passed" testListId="8c84fa94-04c1-424b-9868-57a2d4851a1d" relativeResultsDirectory="887b0b6c-542a-4cb8-a4cf-36afae9ea62e" />
    <UnitTestResult executionId="63b6cf16-4bc9-4dca-9b15-3dd5b72fea60" testId="958148da-8a05-efcb-6066-231a49d6a111" testName="PlatformCompliance_ValidateBusinessPolicy_ReturnsUrlforAccountCreatePage_WhenOnIDEAndNotAffiliatedWithAnyAccount" computerName="TFSBUILD11" duration="00:00:00.4075278" startTime="2015-09-28T09:43:25.8432549-07:00" endTime="2015-09-28T09:43:26.2964121-07:00" testType="13cdc9d9-ddb5-4fa4-a97d-d965ccfc6d4b" outcome="Passed" testListId="8c84fa94-04c1-424b-9868-57a2d4851a1d" relativeResultsDirectory="63b6cf16-4bc9-4dca-9b15-3dd5b72fea60" />
    <UnitTestResult executionId="2e440ad2-ab6b-4001-8326-e6c90078c95b" testId="a4a80b38-f1c5-c999-67d2-b3d7dee5d451" testName="PlatformCompliance_ValidateBusinessPolicy_IsNotCompliant_WhenOnIDEAndNotAffiliatedWithAnyAccount" computerName="TFSBUILD11" duration="00:00:00.0017663" startTime="2015-09-28T09:43:26.2964121-07:00" endTime="2015-09-28T09:43:26.3120382-07:00" testType="13cdc9d9-ddb5-4fa4-a97d-d965ccfc6d4b" outcome="Passed" testListId="8c84fa94-04c1-424b-9868-57a2d4851a1d" relativeResultsDirectory="2e440ad2-ab6b-4001-8326-e6c90078c95b" />
    <UnitTestResult executionId="63eb71b2-d76f-433c-b7a9-bdb429f9a644" testId="1d6529ac-9777-be9e-254b-d81c634344b6" testName="PlatformCompliance_ValidateBusinessPolicy_IsCompliant_WhenOnIDEAndNotAffiliatedWithAnyAccount_ButCreateAccountIDEFeatureFlagIsOff" computerName="TFSBUILD11" duration="00:00:00.0058018" startTime="2015-09-28T09:43:26.3120382-07:00" endTime="2015-09-28T09:43:26.3432907-07:00" testType="13cdc9d9-ddb5-4fa4-a97d-d965ccfc6d4b" outcome="Passed" testListId="8c84fa94-04c1-424b-9868-57a2d4851a1d" relativeResultsDirectory="63eb71b2-d76f-433c-b7a9-bdb429f9a644" />
    <UnitTestResult executionId="5a3f5d69-c4cb-473e-8f3d-bea78a710c6a" testId="7d8bbe4c-5ec1-8041-da65-d4fdfb9ace96" testName="PlatformCompliance_ValidateBusinessPolicy_IsCompliant_WhenOnIDEAndOwnsAnAccount" computerName="TFSBUILD11" duration="00:00:00.0069853" startTime="2015-09-28T09:43:26.3432907-07:00" endTime="2015-09-28T09:43:26.3589169-07:00" testType="13cdc9d9-ddb5-4fa4-a97d-d965ccfc6d4b" outcome="Passed" testListId="8c84fa94-04c1-424b-9868-57a2d4851a1d" relativeResultsDirectory="5a3f5d69-c4cb-473e-8f3d-bea78a710c6a" />
    <UnitTestResult executionId="b49fd847-5ae7-440d-a03c-b98691004ec0" testId="569caa03-271b-8730-6642-6d07abdc7b7e" testName="PlatformCompliance_ValidateBusinessPolicy_IsCompliant_WhenOnIDEAndMemberOfAnAccount" computerName="TFSBUILD11" duration="00:00:00.0050443" startTime="2015-09-28T09:43:26.3589169-07:00" endTime="2015-09-28T09:43:26.3901691-07:00" testType="13cdc9d9-ddb5-4fa4-a97d-d965ccfc6d4b" outcome="Passed" testListId="8c84fa94-04c1-424b-9868-57a2d4851a1d" relativeResultsDirectory="b49fd847-5ae7-440d-a03c-b98691004ec0" />
    <UnitTestResult executionId="3a79e7cb-2810-49d7-8de3-8b5dc44533c6" testId="a50e7e0e-508e-0e5f-09ab-bdb88c236258" testName="PlatformCompliance_ValidateBusinessPolicy_DoesNotLookupAccountsOwned_WhenOnIDEAndMemberOfAnAccount" computerName="TFSBUILD11" duration="00:00:00.0069976" startTime="2015-09-28T09:43:26.3901691-07:00" endTime="2015-09-28T09:43:26.4214216-07:00" testType="13cdc9d9-ddb5-4fa4-a97d-d965ccfc6d4b" outcome="Passed" testListId="8c84fa94-04c1-424b-9868-57a2d4851a1d" relativeResultsDirectory="3a79e7cb-2810-49d7-8de3-8b5dc44533c6" />
    <UnitTestResult executionId="37e9ab34-21b0-4afb-be6b-b33cc381f651" testId="b5d8c049-5598-4df8-8a76-f5fe8901f6ee" testName="PlatformCompliance_ValidateBusinessPolicy_IsCompliant_WhenOnIDEAndOwnerAndMemberOfAnAccount" computerName="TFSBUILD11" duration="00:00:00.0042274" startTime="2015-09-28T09:43:26.4214216-07:00" endTime="2015-09-28T09:43:26.4370468-07:00" testType="13cdc9d9-ddb5-4fa4-a97d-d965ccfc6d4b" outcome="Passed" testListId="8c84fa94-04c1-424b-9868-57a2d4851a1d" relativeResultsDirectory="37e9ab34-21b0-4afb-be6b-b33cc381f651" />
    <UnitTestResult executionId="47634833-bf2d-4506-b5b7-619bbe94f305" testId="95189afc-93ac-ffad-0b82-a38426206369" testName="PlatformCompliance_ValidateBusinessPolicy_IsCompliant_WhenNotOnIDEAndHasProfile" computerName="TFSBUILD11" duration="00:00:00.0014609" startTime="2015-09-28T09:43:26.4370468-07:00" endTime="2015-09-28T09:43:26.4526735-07:00" testType="13cdc9d9-ddb5-4fa4-a97d-d965ccfc6d4b" outcome="Passed" testListId="8c84fa94-04c1-424b-9868-57a2d4851a1d" relativeResultsDirectory="47634833-bf2d-4506-b5b7-619bbe94f305" />
    <UnitTestResult executionId="146d07d5-d616-4ab1-a242-eeb5ccc217b9" testId="815003c1-1272-8452-930c-600c692ff5b8" testName="PlatformCompliance_ValidateBusinessPolicy_ReturnsUrlforTOS_WhenOnIDEAndNotAffiliatedWithAnyAccount_ButLatestTOSIsOutOfDate" computerName="TFSBUILD11" duration="00:00:00.0028046" startTime="2015-09-28T09:43:26.4526735-07:00" endTime="2015-09-28T09:43:26.4682996-07:00" testType="13cdc9d9-ddb5-4fa4-a97d-d965ccfc6d4b" outcome="Passed" testListId="8c84fa94-04c1-424b-9868-57a2d4851a1d" relativeResultsDirectory="146d07d5-d616-4ab1-a242-eeb5ccc217b9" />
    <UnitTestResult executionId="432f503b-b626-40f2-bbaf-b279c35a351a" testId="e6bb8e66-2cbb-8edb-11b1-ff1e19d1d63e" testName="PlatformCompliance_ValidateBusinessPolicy_ReturnsUrlforTermsOfService_WhenOnIDEAndOwnerOfAnAccount_ButLatestTOSIsOutOfDate" computerName="TFSBUILD11" duration="00:00:00.0042851" startTime="2015-09-28T09:43:26.4682996-07:00" endTime="2015-09-28T09:43:26.4839260-07:00" testType="13cdc9d9-ddb5-4fa4-a97d-d965ccfc6d4b" outcome="Passed" testListId="8c84fa94-04c1-424b-9868-57a2d4851a1d" relativeResultsDirectory="432f503b-b626-40f2-bbaf-b279c35a351a" />
    <UnitTestResult executionId="bc3aa109-b1a7-474e-8e0f-ff744bf00169" testId="d6b760ba-a015-e227-a4cf-6e67fa4d3c43" testName="PlatformCompliance_ValidateBusinessPolicy_ReturnsUrlforTermsOfService_WhenOnIDEAndMemberOfAnAccount_ButLatestTOSIsOutOfDate" computerName="TFSBUILD11" duration="00:00:00.0034392" startTime="2015-09-28T09:43:26.4839260-07:00" endTime="2015-09-28T09:43:26.5151777-07:00" testType="13cdc9d9-ddb5-4fa4-a97d-d965ccfc6d4b" outcome="Passed" testListId="8c84fa94-04c1-424b-9868-57a2d4851a1d" relativeResultsDirectory="bc3aa109-b1a7-474e-8e0f-ff744bf00169" />
    <UnitTestResult executionId="8d72d138-b448-4679-81e8-de1381db6f7b" testId="c4924d77-9ac7-7ff1-2ff1-7b2126745fdb" testName="PlatformCompliance_ValidateBusinessPolicy_ReturnsUrlforTermsOfService_WhenOnIDEAndMemberOfAnAccountAndOwnerOfOtherAccount_ButLatestTOSIsOutOfDate" computerName="TFSBUILD11" duration="00:00:00.0049535" startTime="2015-09-28T09:43:26.5151777-07:00" endTime="2015-09-28T09:43:26.5308038-07:00" testType="13cdc9d9-ddb5-4fa4-a97d-d965ccfc6d4b" outcome="Passed" testListId="8c84fa94-04c1-424b-9868-57a2d4851a1d" relativeResultsDirectory="8d72d138-b448-4679-81e8-de1381db6f7b" />
    <UnitTestResult executionId="6e452de4-c540-48af-b0c1-b9b7e038e191" testId="1f917e45-6d40-7041-92ca-bbe9a01a264b" testName="PlatformCompliance_ValidateBusinessPolicy_ReturnsUrlforTOS_WhenNotOnIDEAndNotAffiliatedWithAnyAccount_ButLatestTOSIsOutOfDate" computerName="TFSBUILD11" duration="00:00:00.0068300" startTime="2015-09-28T09:43:26.5308038-07:00" endTime="2015-09-28T09:43:26.5620563-07:00" testType="13cdc9d9-ddb5-4fa4-a97d-d965ccfc6d4b" outcome="Passed" testListId="8c84fa94-04c1-424b-9868-57a2d4851a1d" relativeResultsDirectory="6e452de4-c540-48af-b0c1-b9b7e038e191" />
    <UnitTestResult executionId="70c1fd91-68b7-4474-8fe4-e3c7e78e9cf9" testId="60307291-bfd1-51ab-d4c0-50c49116ffaf" testName="PlatformCompliance_ValidateBusinessPolicy_ReturnsUrlforTOS_WhenNotOnIDEAndOwnsAnAccount_ButLatestTOSIsOutOfDate" computerName="TFSBUILD11" duration="00:00:00.0033973" startTime="2015-09-28T09:43:26.5620563-07:00" endTime="2015-09-28T09:43:26.5933088-07:00" testType="13cdc9d9-ddb5-4fa4-a97d-d965ccfc6d4b" outcome="Passed" testListId="8c84fa94-04c1-424b-9868-57a2d4851a1d" relativeResultsDirectory="70c1fd91-68b7-4474-8fe4-e3c7e78e9cf9" />
    <UnitTestResult executionId="1e46ebb6-a6f4-4944-882b-6dbdc5880ebf" testId="23690340-5972-5d4e-9d77-2bb8add776b6" testName="PlatformCompliance_ValidateBusinessPolicy_ReturnsUrlforTOS_WhenNotOnIDEAndMemberOfAnAccount_ButLatestTOSIsOutOfDate" computerName="TFSBUILD11" duration="00:00:00.0034150" startTime="2015-09-28T09:43:26.5933088-07:00" endTime="2015-09-28T09:43:26.6089343-07:00" testType="13cdc9d9-ddb5-4fa4-a97d-d965ccfc6d4b" outcome="Passed" testListId="8c84fa94-04c1-424b-9868-57a2d4851a1d" relativeResultsDirectory="1e46ebb6-a6f4-4944-882b-6dbdc5880ebf" />
    <UnitTestResult executionId="31a5d447-fa3e-4ecd-b4eb-d8a59a606ba5" testId="f7114769-aadd-f446-867e-b32c1ddcc228" testName="PlatformCompliance_ValidateBusinessPolicy_ReturnsUrlforTOS_WhenNotOnIDEAndOwnAccountAndMemberOfAnotherAccount_ButLatestTOSIsOutOfDate" computerName="TFSBUILD11" duration="00:00:00.0051680" startTime="2015-09-28T09:43:26.6089343-07:00" endTime="2015-09-28T09:43:26.6401866-07:00" testType="13cdc9d9-ddb5-4fa4-a97d-d965ccfc6d4b" outcome="Passed" testListId="8c84fa94-04c1-424b-9868-57a2d4851a1d" relativeResultsDirectory="31a5d447-fa3e-4ecd-b4eb-d8a59a606ba5" />
    <UnitTestResult executionId="a09c3547-9528-4e43-b20c-b465e4c38c5a" testId="c30a07da-9cb4-59a5-f6d9-e8234186ee5d" testName="PlatformCompliance_ValidateBusinessPolicy_ReturnsCreateUrl_WhenNotOnIDE_ProfileDoesNotExist" computerName="TFSBUILD11" duration="00:00:00.0026174" startTime="2015-09-28T09:43:26.6401866-07:00" endTime="2015-09-28T09:43:26.6558124-07:00" testType="13cdc9d9-ddb5-4fa4-a97d-d965ccfc6d4b" outcome="Passed" testListId="8c84fa94-04c1-424b-9868-57a2d4851a1d" relativeResultsDirectory="a09c3547-9528-4e43-b20c-b465e4c38c5a" />
    <UnitTestResult executionId="7184d719-04dd-4518-af51-688af60ad0b9" testId="da4fda6c-af49-1f76-0488-767a5ce95f51" testName="PlatformCompliance_ValidateBusinessPolicy_MarksUserForNotSeeingCreateAccountPage_WhenOnIDE_ProfileDoesNotExist" computerName="TFSBUILD11" duration="00:00:00.0028558" startTime="2015-09-28T09:43:26.6558124-07:00" endTime="2015-09-28T09:43:26.6870652-07:00" testType="13cdc9d9-ddb5-4fa4-a97d-d965ccfc6d4b" outcome="Passed" testListId="8c84fa94-04c1-424b-9868-57a2d4851a1d" relativeResultsDirectory="7184d719-04dd-4518-af51-688af60ad0b9" />
    <UnitTestResult executionId="93195e50-3ccc-48aa-8fc8-9685807f68ac" testId="b23bad4d-5cd0-43f5-8615-cc5c8aa51733" testName="PlatformCompliance_ValidateBusinessPolicy_DoesNotTryToDetectIfShouldShowCreateAccountPage_WhenOnIDE_AndProfileDoesNotExist" computerName="TFSBUILD11" duration="00:00:00.0071358" startTime="2015-09-28T09:43:26.6870652-07:00" endTime="2015-09-28T09:43:26.7026916-07:00" testType="13cdc9d9-ddb5-4fa4-a97d-d965ccfc6d4b" outcome="Passed" testListId="8c84fa94-04c1-424b-9868-57a2d4851a1d" relativeResultsDirectory="93195e50-3ccc-48aa-8fc8-9685807f68ac" />
    <UnitTestResult executionId="a6442f66-5549-4c6b-9283-f58cb7092327" testId="5c47017d-35c3-fda1-7276-b2b0fda49c88" testName="PlatformCompliance_ValidateBusinessPolicy_ReturnsCreateUrl_IfUnableToRetrieveAcceptedTermsOfService_WhenOnIDEAndNotAffiliatedWithAnyAccount" computerName="TFSBUILD11" duration="00:00:00.0022866" startTime="2015-09-28T09:43:26.7026916-07:00" endTime="2015-09-28T09:43:26.7183171-07:00" testType="13cdc9d9-ddb5-4fa4-a97d-d965ccfc6d4b" outcome="Passed" testListId="8c84fa94-04c1-424b-9868-57a2d4851a1d" relativeResultsDirectory="a6442f66-5549-4c6b-9283-f58cb7092327" />
    <UnitTestResult executionId="e5b5ecf0-d6e7-4b08-896c-a20446fc8547" testId="5da846a7-1ef1-1c41-26db-4688a8e9dafe" testName="PlatformCompliance_ValidateBusinessPolicy_ThrowsException_IfOnIDEGetAcceptedTermsOfService_ThrowsUnknownException" computerName="TFSBUILD11" duration="00:00:00.0028290" startTime="2015-09-28T09:43:26.7183171-07:00" endTime="2015-09-28T09:43:26.7495696-07:00" testType="13cdc9d9-ddb5-4fa4-a97d-d965ccfc6d4b" outcome="Passed" testListId="8c84fa94-04c1-424b-9868-57a2d4851a1d" relativeResultsDirectory="e5b5ecf0-d6e7-4b08-896c-a20446fc8547" />
    <UnitTestResult executionId="fbd6c51a-222a-43af-a968-6df7933b1de1" testId="9d1ead51-18b7-19a1-7527-a63365f0db25" testName="PlatformCompliance_ValidateBusinessPolicy_IsCompliant_WhenOnIDEAndNotAffiliatedWithAnyAccount_ButUserSeenPageWithinSavedRange" computerName="TFSBUILD11" duration="00:00:00.0065131" startTime="2015-09-28T09:43:26.7495696-07:00" endTime="2015-09-28T09:43:26.7651955-07:00" testType="13cdc9d9-ddb5-4fa4-a97d-d965ccfc6d4b" outcome="Passed" testListId="8c84fa94-04c1-424b-9868-57a2d4851a1d" relativeResultsDirectory="fbd6c51a-222a-43af-a968-6df7933b1de1" />
    <UnitTestResult executionId="41e3bb6f-19ef-4d79-9519-495c5d0e9fdd" testId="2e41cc9c-2e82-c968-2d73-aace9a0d000e" testName="PlatformCompliance_ValidateBusinessPolicy_IsCompliant_WhenNotOnIDEAndNotAffiliatedWithAnyAccount_ButUserSeenPageWithinSavedRange" computerName="TFSBUILD11" duration="00:00:00.0088126" startTime="2015-09-28T09:43:26.7651955-07:00" endTime="2015-09-28T09:43:26.7964480-07:00" testType="13cdc9d9-ddb5-4fa4-a97d-d965ccfc6d4b" outcome="Passed" testListId="8c84fa94-04c1-424b-9868-57a2d4851a1d" relativeResultsDirectory="41e3bb6f-19ef-4d79-9519-495c5d0e9fdd" />
    <UnitTestResult executionId="ea8d5a24-439c-48bb-a9df-62ca6b3d00f3" testId="6387aa38-e6fa-07b1-9b00-177536cf56e5" testName="PlatformCompliance_ValidateBusinessPolicy_DoesNotLookupAccounts_WhenNotOnIDEAndNotAffiliatedWithAnyAccount_ButUserSeenPageWithinSavedRange" computerName="TFSBUILD11" duration="00:00:00.0060657" startTime="2015-09-28T09:43:26.7964480-07:00" endTime="2015-09-28T09:43:26.8120738-07:00" testType="13cdc9d9-ddb5-4fa4-a97d-d965ccfc6d4b" outcome="Passed" testListId="8c84fa94-04c1-424b-9868-57a2d4851a1d" relativeResultsDirectory="ea8d5a24-439c-48bb-a9df-62ca6b3d00f3" />
    <UnitTestResult executionId="feb876e5-e52f-4891-8426-ec19a0db7aef" testId="18f6c57c-521c-bd1d-5bbe-6f7e2161368d" testName="PlatformCompliance_ValidateBusinessPolicy_ReturnsUrlforAccountCreatePage_WhenOnIDEAndNotAffiliatedWithAnyAccount_ButUserHasNotSeenPageSinceSpecifiedDateRange" computerName="TFSBUILD11" duration="00:00:00.0046990" startTime="2015-09-28T09:43:26.8120738-07:00" endTime="2015-09-28T09:43:26.8433257-07:00" testType="13cdc9d9-ddb5-4fa4-a97d-d965ccfc6d4b" outcome="Passed" testListId="8c84fa94-04c1-424b-9868-57a2d4851a1d" relativeResultsDirectory="feb876e5-e52f-4891-8426-ec19a0db7aef" />
    <UnitTestResult executionId="29c24a05-25d7-479d-bac0-31912e50ed37" testId="f6dc18be-9545-8541-1c4b-92d5f82044c8" testName="PlatformCompliance_ValidateBusinessPolicy_ReturnsUrlforAccountCreatePage_WhenOnIDEAndNotAffiliatedWithAnyAccount_ButUserHasNeverSeenPageBefore" computerName="TFSBUILD11" duration="00:00:00.0043360" startTime="2015-09-28T09:43:26.8433257-07:00" endTime="2015-09-28T09:43:26.8589521-07:00" testType="13cdc9d9-ddb5-4fa4-a97d-d965ccfc6d4b" outcome="Passed" testListId="8c84fa94-04c1-424b-9868-57a2d4851a1d" relativeResultsDirectory="29c24a05-25d7-479d-bac0-31912e50ed37" />
    <UnitTestResult executionId="246408c4-c3d2-460f-9bd5-e8b8d0803103" testId="a98e92dd-23be-6b94-89ac-818d2ace8d5b" testName="PlatformCompliance_ValidateBusinessPolicy_IsCompliant_WhenNotOnIDEAndNotAffiliatedWithAnyAccount_ButUserHasNotSeenPageSinceSpecifiedDateRange" computerName="TFSBUILD11" duration="00:00:00.0036588" startTime="2015-09-28T09:43:26.8589521-07:00" endTime="2015-09-28T09:43:26.8745777-07:00" testType="13cdc9d9-ddb5-4fa4-a97d-d965ccfc6d4b" outcome="Passed" testListId="8c84fa94-04c1-424b-9868-57a2d4851a1d" relativeResultsDirectory="246408c4-c3d2-460f-9bd5-e8b8d0803103" />
    <UnitTestResult executionId="6fb86df7-1bb5-4201-8154-6d2c6def26ad" testId="717df749-00bb-c724-563f-ade246595e09" testName="PlatformCompliance_ValidateBusinessPolicy_IsCompliant_WhenOnIDEAndNotAffiliatedWithAnyAccount_ButInLicensingFlow" computerName="TFSBUILD11" duration="00:00:00.0067040" startTime="2015-09-28T09:43:26.8745777-07:00" endTime="2015-09-28T09:43:26.9058305-07:00" testType="13cdc9d9-ddb5-4fa4-a97d-d965ccfc6d4b" outcome="Passed" testListId="8c84fa94-04c1-424b-9868-57a2d4851a1d" relativeResultsDirectory="6fb86df7-1bb5-4201-8154-6d2c6def26ad" />
    <UnitTestResult executionId="51865e11-ee1a-4cf3-aaaa-f6ae870d930d" testId="814c1dad-37b3-d1f3-0294-fc5b5ec2a234" testName="PlatformCompliance_ValidateBusinessPolicy_IsCompliant_WhenNotOnIDEAndNotAffiliatedWithAnyAccount_ButInLicensingFlow" computerName="TFSBUILD11" duration="00:00:00.0022408" startTime="2015-09-28T09:43:26.9058305-07:00" endTime="2015-09-28T09:43:26.9214566-07:00" testType="13cdc9d9-ddb5-4fa4-a97d-d965ccfc6d4b" outcome="Passed" testListId="8c84fa94-04c1-424b-9868-57a2d4851a1d" relativeResultsDirectory="51865e11-ee1a-4cf3-aaaa-f6ae870d930d" />
    <UnitTestResult executionId="78498265-74bf-40ad-b4a6-43dd3ed9991a" testId="03c86fe5-4f86-315c-5397-1b3b089a4c77" testName="PlatformCompliance_ValidateBusinessPolicy_IsCompliant_WhenNotOnIDEAndNotAffiliatedWithAnyAccount_ButInLicensingFlow_AndLicensingFlowQueryStringParamIsUpperCase" computerName="TFSBUILD11" duration="00:00:00.0019777" startTime="2015-09-28T09:43:26.9214566-07:00" endTime="2015-09-28T09:43:26.9370832-07:00" testType="13cdc9d9-ddb5-4fa4-a97d-d965ccfc6d4b" outcome="Passed" testListId="8c84fa94-04c1-424b-9868-57a2d4851a1d" relativeResultsDirectory="78498265-74bf-40ad-b4a6-43dd3ed9991a" />
    <UnitTestResult executionId="b463796b-e5aa-462b-aa5f-fd121907f774" testId="b95c667b-a99f-ae39-9dcc-ee2dfc3210b2" testName="PlatformCompliance_ValidateBusinessPolicy_ReturnsUrlforAccountCreatePage_WhenNotAffiliatedWithAnyAccount_AndIDEQueryStringParamIsUpperCase" computerName="TFSBUILD11" duration="00:00:00.0020064" startTime="2015-09-28T09:43:26.9370832-07:00" endTime="2015-09-28T09:43:26.9527085-07:00" testType="13cdc9d9-ddb5-4fa4-a97d-d965ccfc6d4b" outcome="Passed" testListId="8c84fa94-04c1-424b-9868-57a2d4851a1d" relativeResultsDirectory="b463796b-e5aa-462b-aa5f-fd121907f774" />
    <UnitTestResult executionId="df356c68-5f0d-4742-b203-93329fe994bd" testId="dcb63cda-819b-d273-c119-f67aebda1f98" testName="SetPublicAlias_Throws_WhenParameterRequestContextIsNull" computerName="TFSBUILD11" duration="00:00:00.0079925" startTime="2015-09-28T09:43:26.9527085-07:00" endTime="2015-09-28T09:43:26.9683346-07:00" testType="13cdc9d9-ddb5-4fa4-a97d-d965ccfc6d4b" outcome="Passed" testListId="8c84fa94-04c1-424b-9868-57a2d4851a1d" relativeResultsDirectory="df356c68-5f0d-4742-b203-93329fe994bd" />
    <UnitTestResult executionId="0ffb1665-0e6f-4df6-8317-c5f0e0649320" testId="1e400c6b-9ed8-122e-f9f6-f3219cd0cac4" testName="SetPublicAlias_Throws_WhenParameterIdentityIdIsEmpty_Case1" computerName="TFSBUILD11" startTime="2015-09-28T09:43:26.9683346-07:00" endTime="2015-09-28T09:43:26.9683346-07:00" testType="13cdc9d9-ddb5-4fa4-a97d-d965ccfc6d4b" outcome="NotExecuted" testListId="8c84fa94-04c1-424b-9868-57a2d4851a1d" relativeResultsDirectory="0ffb1665-0e6f-4df6-8317-c5f0e0649320" />
    <UnitTestResult executionId="27559590-6d2a-4cfa-937e-872edb07e463" testId="98c74d7a-6809-ba8c-6201-3cc5f14c07b7" testName="SetPublicAlias_Throws_WhenParameterIdentityIdIsEmpty_Case2" computerName="TFSBUILD11" startTime="2015-09-28T09:43:26.9683346-07:00" endTime="2015-09-28T09:43:26.9683346-07:00" testType="13cdc9d9-ddb5-4fa4-a97d-d965ccfc6d4b" outcome="NotExecuted" testListId="8c84fa94-04c1-424b-9868-57a2d4851a1d" relativeResultsDirectory="27559590-6d2a-4cfa-937e-872edb07e463" />
    <UnitTestResult executionId="e3499f5f-153d-41df-9435-d00621dbb672" testId="381ca558-cb56-7a2c-6bd7-d18df2b1b173" testName="SetPublicAlias_Throws_WhenParameterValue_HasMoreThan50Characters" computerName="TFSBUILD11" duration="00:00:00.0180482" startTime="2015-09-28T09:43:26.9683346-07:00" endTime="2015-09-28T09:43:26.9839610-07:00" testType="13cdc9d9-ddb5-4fa4-a97d-d965ccfc6d4b" outcome="Passed" testListId="8c84fa94-04c1-424b-9868-57a2d4851a1d" relativeResultsDirectory="e3499f5f-153d-41df-9435-d00621dbb672" />
    <UnitTestResult executionId="5a723d38-aff7-4dfb-8a7d-2cf5cb55e626" testId="86cdbd0f-33b8-914e-50a2-21c5b29f4a39" testName="SetPublicAlias_Throws_WhenIdentityGuidDoesNotMatchWithTheAuthenticatedIdentityGuid" computerName="TFSBUILD11" duration="00:00:00.0073975" startTime="2015-09-28T09:43:26.9839610-07:00" endTime="2015-09-28T09:43:26.9995868-07:00" testType="13cdc9d9-ddb5-4fa4-a97d-d965ccfc6d4b" outcome="Passed" testListId="8c84fa94-04c1-424b-9868-57a2d4851a1d" relativeResultsDirectory="5a723d38-aff7-4dfb-8a7d-2cf5cb55e626" />
    <UnitTestResult executionId="291d9c61-8e11-4904-9d93-a07b96495eda" testId="5ddd803c-80f0-b22a-f1e5-1664c0a07313" testName="SetPublicAlias_CallsUpdateCoreProfileOnRepository" computerName="TFSBUILD11" duration="00:00:00.0112818" startTime="2015-09-28T09:43:26.9995868-07:00" endTime="2015-09-28T09:43:26.9995868-07:00" testType="13cdc9d9-ddb5-4fa4-a97d-d965ccfc6d4b" outcome="Passed" testListId="8c84fa94-04c1-424b-9868-57a2d4851a1d" relativeResultsDirectory="291d9c61-8e11-4904-9d93-a07b96495eda" />
    <UnitTestResult executionId="e96233b2-fe59-4463-94c6-8b771c5ec208" testId="5a6ea1a9-8862-605f-4692-706a57f32a5e" testName="SetDisplayName_Throws_WhenParameterRequestContextIsNull" computerName="TFSBUILD11" duration="00:00:00.0059423" startTime="2015-09-28T09:43:26.9995868-07:00" endTime="2015-09-28T09:43:27.0152135-07:00" testType="13cdc9d9-ddb5-4fa4-a97d-d965ccfc6d4b" outcome="Passed" testListId="8c84fa94-04c1-424b-9868-57a2d4851a1d" relativeResultsDirectory="e96233b2-fe59-4463-94c6-8b771c5ec208" />
    <UnitTestResult executionId="bc0278c7-254a-4f3c-9cc9-8beaad0fd945" testId="549b53a6-1f07-2653-ba50-5de281b23920" testName="SetDisplayName_Throws_WhenParameterIdentityIdIsEmpty_Case1" computerName="TFSBUILD11" startTime="2015-09-28T09:43:27.0152135-07:00" endTime="2015-09-28T09:43:27.0152135-07:00" testType="13cdc9d9-ddb5-4fa4-a97d-d965ccfc6d4b" outcome="NotExecuted" testListId="8c84fa94-04c1-424b-9868-57a2d4851a1d" relativeResultsDirectory="bc0278c7-254a-4f3c-9cc9-8beaad0fd945" />
    <UnitTestResult executionId="afdd7668-4708-4566-bbbb-f62e76fb329a" testId="a151f0c2-8e06-3649-66e3-eaa4f4eb2393" testName="SetDisplayName_Throws_WhenParameterIdentityIdIsEmpty_Case2" computerName="TFSBUILD11" startTime="2015-09-28T09:43:27.0152135-07:00" endTime="2015-09-28T09:43:27.0152135-07:00" testType="13cdc9d9-ddb5-4fa4-a97d-d965ccfc6d4b" outcome="NotExecuted" testListId="8c84fa94-04c1-424b-9868-57a2d4851a1d" relativeResultsDirectory="afdd7668-4708-4566-bbbb-f62e76fb329a" />
    <UnitTestResult executionId="6aa8565f-175a-4f84-8439-08a699acca86" testId="1ef7a0ea-0539-dd8d-6fdc-d4f961dc10e0" testName="SetDisplayName_Throws_WhenParameterValue_HasMoreThan256Characters" computerName="TFSBUILD11" duration="00:00:00.0065666" startTime="2015-09-28T09:43:27.0152135-07:00" endTime="2015-09-28T09:43:27.0152135-07:00" testType="13cdc9d9-ddb5-4fa4-a97d-d965ccfc6d4b" outcome="Passed" testListId="8c84fa94-04c1-424b-9868-57a2d4851a1d" relativeResultsDirectory="6aa8565f-175a-4f84-8439-08a699acca86" />
    <UnitTestResult executionId="c64c7113-c8b5-4f54-9a9a-1b9913c13691" testId="f7e07d6f-c120-32b3-de97-c9d1bef3425f" testName="SetDisplayName_Throws_WhenParameterValue_ContainsAPeriod" computerName="TFSBUILD11" duration="00:00:00.0138965" startTime="2015-09-28T09:43:27.0152135-07:00" endTime="2015-09-28T09:43:27.0308396-07:00" testType="13cdc9d9-ddb5-4fa4-a97d-d965ccfc6d4b" outcome="Passed" testListId="8c84fa94-04c1-424b-9868-57a2d4851a1d" relativeResultsDirectory="c64c7113-c8b5-4f54-9a9a-1b9913c13691" />
    <UnitTestResult executionId="c545d10d-8d18-4caa-aff6-3d4666f74c46" testId="a36ee782-f539-7bb9-2bad-79fb91f82357" testName="SetDisplayName_Throws_WhenParameterValue_ContainsPeriodsAlone" computerName="TFSBUILD11" duration="00:00:00.0057423" startTime="2015-09-28T09:43:27.0308396-07:00" endTime="2015-09-28T09:43:27.0464652-07:00" testType="13cdc9d9-ddb5-4fa4-a97d-d965ccfc6d4b" outcome="Passed" testListId="8c84fa94-04c1-424b-9868-57a2d4851a1d" relativeResultsDirectory="c545d10d-8d18-4caa-aff6-3d4666f74c46" />
    <UnitTestResult executionId="d712cb50-b20b-4167-aae2-0752cc1844b6" testId="a462d42d-384e-4293-7fa5-c7fe6e5e44d9" testName="SetDisplayName_Throws_WhenParameterValue_BeginsWithAHyphen" computerName="TFSBUILD11" duration="00:00:00.0055184" startTime="2015-09-28T09:43:27.0464652-07:00" endTime="2015-09-28T09:43:27.0464652-07:00" testType="13cdc9d9-ddb5-4fa4-a97d-d965ccfc6d4b" outcome="Passed" testListId="8c84fa94-04c1-424b-9868-57a2d4851a1d" relativeResultsDirectory="d712cb50-b20b-4167-aae2-0752cc1844b6" />
    <UnitTestResult executionId="03f9569a-2323-4107-b9b7-e1d12bf3bd3e" testId="f91dfdaf-4a19-0a97-cec4-e9cb6ed77cf6" testName="SetDisplayName_Throws_WhenParameterValue_EndsWithAHyphen" computerName="TFSBUILD11" duration="00:00:00.0050403" startTime="2015-09-28T09:43:27.0464652-07:00" endTime="2015-09-28T09:43:27.0464652-07:00" testType="13cdc9d9-ddb5-4fa4-a97d-d965ccfc6d4b" outcome="Passed" testListId="8c84fa94-04c1-424b-9868-57a2d4851a1d" relativeResultsDirectory="03f9569a-2323-4107-b9b7-e1d12bf3bd3e" />
    <UnitTestResult executionId="465b1832-b554-4eb9-98d2-166dc895be9c" testId="e9e1cead-1501-2cc6-9ac1-b62d8e0d87d5" testName="SetDisplayName_Throws_WhenIdentityGuidDoesNotMatchWithTheAuthenticatedIdentityGuid" computerName="TFSBUILD11" duration="00:00:00.0051091" startTime="2015-09-28T09:43:27.0464652-07:00" endTime="2015-09-28T09:43:27.0620916-07:00" testType="13cdc9d9-ddb5-4fa4-a97d-d965ccfc6d4b" outcome="Passed" testListId="8c84fa94-04c1-424b-9868-57a2d4851a1d" relativeResultsDirectory="465b1832-b554-4eb9-98d2-166dc895be9c" />
    <UnitTestResult executionId="9633a08b-c9c7-4465-ae82-64065cc02ebe" testId="88adab4a-c9b0-aa4b-5716-3ecb348d2b86" testName="GetServiceSetting_Throws_WhenParameterRequestContextIsNull" computerName="TFSBUILD11" duration="00:00:00.0031712" startTime="2015-09-28T09:43:27.0620916-07:00" endTime="2015-09-28T09:43:27.0620916-07:00" testType="13cdc9d9-ddb5-4fa4-a97d-d965ccfc6d4b" outcome="Passed" testListId="8c84fa94-04c1-424b-9868-57a2d4851a1d" relativeResultsDirectory="9633a08b-c9c7-4465-ae82-64065cc02ebe" />
    <UnitTestResult executionId="f7b7011d-e67f-4086-a60f-4c6eb8665713" testId="1de52408-712b-63f9-4de5-d5b13832680a" testName="GetServiceSetting_Throws_WhenSettingNameIsNull" computerName="TFSBUILD11" duration="00:00:00.0033459" startTime="2015-09-28T09:43:27.0620916-07:00" endTime="2015-09-28T09:43:27.0620916-07:00" testType="13cdc9d9-ddb5-4fa4-a97d-d965ccfc6d4b" outcome="Passed" testListId="8c84fa94-04c1-424b-9868-57a2d4851a1d" relativeResultsDirectory="f7b7011d-e67f-4086-a60f-4c6eb8665713" />
    <UnitTestResult executionId="927dd849-d3c6-453c-bd17-7582ad250a81" testId="002a9e5c-c7c2-249f-67b1-a0913878ae57" testName="GetServiceSetting_Throws_WhenSettingNameIsEmpty" computerName="TFSBUILD11" duration="00:00:00.0030432" startTime="2015-09-28T09:43:27.0620916-07:00" endTime="2015-09-28T09:43:27.0620916-07:00" testType="13cdc9d9-ddb5-4fa4-a97d-d965ccfc6d4b" outcome="Passed" testListId="8c84fa94-04c1-424b-9868-57a2d4851a1d" relativeResultsDirectory="927dd849-d3c6-453c-bd17-7582ad250a81" />
    <UnitTestResult executionId="ba357763-9d35-4a66-8b2d-74913e271d59" testId="df12383a-58ff-fa11-d76b-f78a0ff715c6" testName="GetServiceSetting_Throws_WhenSettingNameIsInvalid" computerName="TFSBUILD11" duration="00:00:00.0039153" startTime="2015-09-28T09:43:27.0620916-07:00" endTime="2015-09-28T09:43:27.0777177-07:00" testType="13cdc9d9-ddb5-4fa4-a97d-d965ccfc6d4b" outcome="Passed" testListId="8c84fa94-04c1-424b-9868-57a2d4851a1d" relativeResultsDirectory="ba357763-9d35-4a66-8b2d-74913e271d59" />
    <UnitTestResult executionId="ba0d0d57-de7a-4bbc-aa49-9c6f59ca2454" testId="503766ec-d60e-2992-570a-57bd3211dcf0" testName="GetServiceSetting_Throws_WhenSettingNameLengthExceedsMax" computerName="TFSBUILD11" duration="00:00:00.0027463" startTime="2015-09-28T09:43:27.0777177-07:00" endTime="2015-09-28T09:43:27.0777177-07:00" testType="13cdc9d9-ddb5-4fa4-a97d-d965ccfc6d4b" outcome="Passed" testListId="8c84fa94-04c1-424b-9868-57a2d4851a1d" relativeResultsDirectory="ba0d0d57-de7a-4bbc-aa49-9c6f59ca2454" />
    <UnitTestResult executionId="30ea80f7-5256-4519-8922-fce71f30d227" testId="a7745643-2fe2-2bc6-d16f-2b1606c0e5d5" testName="GetServiceSetting_Throws_WhenSettingDoesNotExist" computerName="TFSBUILD11" duration="00:00:00.0040615" startTime="2015-09-28T09:43:27.0777177-07:00" endTime="2015-09-28T09:43:27.0777177-07:00" testType="13cdc9d9-ddb5-4fa4-a97d-d965ccfc6d4b" outcome="Passed" testListId="8c84fa94-04c1-424b-9868-57a2d4851a1d" relativeResultsDirectory="30ea80f7-5256-4519-8922-fce71f30d227" />
    <UnitTestResult executionId="c50e428b-69bd-42c9-a261-47c62f9ae7e7" testId="a2b994bf-e2a3-06a8-c53c-de0c8e355e5a" testName="GetServiceSetting_ReadsFromRegistry" computerName="TFSBUILD11" duration="00:00:00.0033120" startTime="2015-09-28T09:43:27.0777177-07:00" endTime="2015-09-28T09:43:27.0777177-07:00" testType="13cdc9d9-ddb5-4fa4-a97d-d965ccfc6d4b" outcome="Passed" testListId="8c84fa94-04c1-424b-9868-57a2d4851a1d" relativeResultsDirectory="c50e428b-69bd-42c9-a261-47c62f9ae7e7" />
    <UnitTestResult executionId="524843a8-30d7-4fde-b282-d859aaf5febe" testId="2e606d95-1e54-218a-da3a-4af12072e08e" testName="DeleteAttribute_Throws_WhenParameterRequestContextIsNull" computerName="TFSBUILD11" duration="00:00:00.0063300" startTime="2015-09-28T09:43:27.0777177-07:00" endTime="2015-09-28T09:43:27.0933438-07:00" testType="13cdc9d9-ddb5-4fa4-a97d-d965ccfc6d4b" outcome="Passed" testListId="8c84fa94-04c1-424b-9868-57a2d4851a1d" relativeResultsDirectory="524843a8-30d7-4fde-b282-d859aaf5febe" />
    <UnitTestResult executionId="193243c3-3061-4fd1-a612-1d5d9dd3c9cb" testId="00a172f3-57ff-c8e7-bcdf-5e757d37bf72" testName="DeleteAttribute_Throws_WhenNullAttributeName" computerName="TFSBUILD11" duration="00:00:00.0056294" startTime="2015-09-28T09:43:27.0933438-07:00" endTime="2015-09-28T09:43:27.0933438-07:00" testType="13cdc9d9-ddb5-4fa4-a97d-d965ccfc6d4b" outcome="Passed" testListId="8c84fa94-04c1-424b-9868-57a2d4851a1d" relativeResultsDirectory="193243c3-3061-4fd1-a612-1d5d9dd3c9cb" />
    <UnitTestResult executionId="5b891b76-7bf3-4fe3-8b82-b7539a5932e4" testId="1badc357-7168-7ef3-1307-fa56b2eee7f6" testName="DeleteAttribute_Throws_WhenParameterAttributeNameIsEmpty_Case1" computerName="TFSBUILD11" duration="00:00:00.0047095" startTime="2015-09-28T09:43:27.0933438-07:00" endTime="2015-09-28T09:43:27.0933438-07:00" testType="13cdc9d9-ddb5-4fa4-a97d-d965ccfc6d4b" outcome="Passed" testListId="8c84fa94-04c1-424b-9868-57a2d4851a1d" relativeResultsDirectory="5b891b76-7bf3-4fe3-8b82-b7539a5932e4" />
    <UnitTestResult executionId="51293fd9-d381-4120-a468-1e4db64b4367" testId="24c2c9e1-674c-fed8-c270-971a86b9e935" testName="DeleteAttribute_Throws_WhenParameterAttributeNameIsEmpty_Case2" computerName="TFSBUILD11" duration="00:00:00.0046725" startTime="2015-09-28T09:43:27.0933438-07:00" endTime="2015-09-28T09:43:27.1089705-07:00" testType="13cdc9d9-ddb5-4fa4-a97d-d965ccfc6d4b" outcome="Passed" testListId="8c84fa94-04c1-424b-9868-57a2d4851a1d" relativeResultsDirectory="51293fd9-d381-4120-a468-1e4db64b4367" />
    <UnitTestResult executionId="5f7756d8-6088-438a-9057-ac4a2548dc12" testId="cf950545-fb92-7f46-fd21-f44819d60060" testName="DeleteAttribute_Throws_WhenParameterAttributeNameIsEmpty_Case3" computerName="TFSBUILD11" duration="00:00:00.0045528" startTime="2015-09-28T09:43:27.1089705-07:00" endTime="2015-09-28T09:43:27.1089705-07:00" testType="13cdc9d9-ddb5-4fa4-a97d-d965ccfc6d4b" outcome="Passed" testListId="8c84fa94-04c1-424b-9868-57a2d4851a1d" relativeResultsDirectory="5f7756d8-6088-438a-9057-ac4a2548dc12" />
    <UnitTestResult executionId="ab917ad3-19fc-42f0-91b8-5ea072efaa2e" testId="a167001f-41ee-bd8c-2b68-924fc776f24e" testName="DeleteAttribute_Throws_WhenParameterIdentityIdIsEmpty_Case1" computerName="TFSBUILD11" startTime="2015-09-28T09:43:27.1089705-07:00" endTime="2015-09-28T09:43:27.1089705-07:00" testType="13cdc9d9-ddb5-4fa4-a97d-d965ccfc6d4b" outcome="NotExecuted" testListId="8c84fa94-04c1-424b-9868-57a2d4851a1d" relativeResultsDirectory="ab917ad3-19fc-42f0-91b8-5ea072efaa2e" />
    <UnitTestResult executionId="fb8b2920-65a7-436a-acde-a54713d07959" testId="5ab77e68-20b7-0bf8-6453-f1020f4553d8" testName="DeleteAttribute_Throws_WhenIdentityGuidDoesNotMatchWithTheAuthenticatedIdentityGuid" computerName="TFSBUILD11" duration="00:00:00.0052659" startTime="2015-09-28T09:43:27.1089705-07:00" endTime="2015-09-28T09:43:27.1089705-07:00" testType="13cdc9d9-ddb5-4fa4-a97d-d965ccfc6d4b" outcome="Passed" testListId="8c84fa94-04c1-424b-9868-57a2d4851a1d" relativeResultsDirectory="fb8b2920-65a7-436a-acde-a54713d07959" />
    <UnitTestResult executionId="5d098ed0-8d8e-4870-99a3-4af8aa8efbb3" testId="005ed471-b2c0-f7a1-5f3c-151243789a1b" testName="DeleteAttribute_CallsDeleteAttributeOnRepository" computerName="TFSBUILD11" duration="00:00:00.0098195" startTime="2015-09-28T09:43:27.1089705-07:00" endTime="2015-09-28T09:43:27.1245957-07:00" testType="13cdc9d9-ddb5-4fa4-a97d-d965ccfc6d4b" outcome="Passed" testListId="8c84fa94-04c1-424b-9868-57a2d4851a1d" relativeResultsDirectory="5d098ed0-8d8e-4870-99a3-4af8aa8efbb3" />
    <UnitTestResult executionId="87d33c37-fe67-4a88-b969-ce3f8a3b9462" testId="f70ab0bd-73de-8ab6-08ce-f9a7fe19edea" testName="GetCurrentTermsOfService_CallsComponent_OnCacheMiss_AndUpdatesCache" computerName="TFSBUILD11" duration="00:00:00.3408300" startTime="2015-09-28T09:43:27.1245957-07:00" endTime="2015-09-28T09:43:27.4683705-07:00" testType="13cdc9d9-ddb5-4fa4-a97d-d965ccfc6d4b" outcome="Passed" testListId="8c84fa94-04c1-424b-9868-57a2d4851a1d" relativeResultsDirectory="87d33c37-fe67-4a88-b969-ce3f8a3b9462" />
    <UnitTestResult executionId="00f1bb09-6fe0-4166-85a7-3a01ec394daa" testId="6c880d32-0d10-8df8-baeb-038621b59abe" testName="GetCurrentTermsOfService_DoesNotCallComponent_OnCacheHit" computerName="TFSBUILD11" duration="00:00:00.0087392" startTime="2015-09-28T09:43:27.4683705-07:00" endTime="2015-09-28T09:43:27.4683705-07:00" testType="13cdc9d9-ddb5-4fa4-a97d-d965ccfc6d4b" outcome="Passed" testListId="8c84fa94-04c1-424b-9868-57a2d4851a1d" relativeResultsDirectory="00f1bb09-6fe0-4166-85a7-3a01ec394daa" />
    <UnitTestResult executionId="4361bb07-3660-491a-a830-75055fb53bb9" testId="2c14f121-20f3-e0d1-c498-2e7ba59ab98d" testName="GetAttribute_Throws_WhenParameterRequestContextIsNull" computerName="TFSBUILD11" duration="00:00:00.0061678" startTime="2015-09-28T09:43:27.4683705-07:00" endTime="2015-09-28T09:43:27.4839966-07:00" testType="13cdc9d9-ddb5-4fa4-a97d-d965ccfc6d4b" outcome="Passed" testListId="8c84fa94-04c1-424b-9868-57a2d4851a1d" relativeResultsDirectory="4361bb07-3660-491a-a830-75055fb53bb9" />
    <UnitTestResult executionId="afc26225-2188-4303-a329-1e764822ed2a" testId="e8e77634-1f34-02a3-4b03-1bd23815abf5" testName="GetAttribute_Throws_WhenNullAttributeName" computerName="TFSBUILD11" duration="00:00:00.0051529" startTime="2015-09-28T09:43:27.4839966-07:00" endTime="2015-09-28T09:43:27.4839966-07:00" testType="13cdc9d9-ddb5-4fa4-a97d-d965ccfc6d4b" outcome="Passed" testListId="8c84fa94-04c1-424b-9868-57a2d4851a1d" relativeResultsDirectory="afc26225-2188-4303-a329-1e764822ed2a" />
    <UnitTestResult executionId="7643b141-ce68-4ffb-8048-b5a1daf859aa" testId="df1188ea-b83c-f3e2-7af8-2256cb481667" testName="GetAttribute_Throws_WhenParameterAttributeNameIsEmpty_Case1" computerName="TFSBUILD11" duration="00:00:00.0046637" startTime="2015-09-28T09:43:27.4839966-07:00" endTime="2015-09-28T09:43:27.4839966-07:00" testType="13cdc9d9-ddb5-4fa4-a97d-d965ccfc6d4b" outcome="Passed" testListId="8c84fa94-04c1-424b-9868-57a2d4851a1d" relativeResultsDirectory="7643b141-ce68-4ffb-8048-b5a1daf859aa" />
    <UnitTestResult executionId="5100437c-68e7-4693-9f04-13ef859b1d90" testId="2fc992f7-6592-d489-1e0b-fa21b6a8d266" testName="GetAttribute_Throws_WhenParameterAttributeNameIsEmpty_Case2" computerName="TFSBUILD11" duration="00:00:00.0047334" startTime="2015-09-28T09:43:27.4839966-07:00" endTime="2015-09-28T09:43:27.4996230-07:00" testType="13cdc9d9-ddb5-4fa4-a97d-d965ccfc6d4b" outcome="Passed" testListId="8c84fa94-04c1-424b-9868-57a2d4851a1d" relativeResultsDirectory="5100437c-68e7-4693-9f04-13ef859b1d90" />
    <UnitTestResult executionId="413f47bb-2f7a-4c7d-9770-f0f66e09ac80" testId="9fb5fd5e-fe09-86eb-0af1-d5e1967f719b" testName="GetAttribute_Throws_WhenParameterAttributeNameIsEmpty_Case3" computerName="TFSBUILD11" duration="00:00:00.0044461" startTime="2015-09-28T09:43:27.4996230-07:00" endTime="2015-09-28T09:43:27.4996230-07:00" testType="13cdc9d9-ddb5-4fa4-a97d-d965ccfc6d4b" outcome="Passed" testListId="8c84fa94-04c1-424b-9868-57a2d4851a1d" relativeResultsDirectory="413f47bb-2f7a-4c7d-9770-f0f66e09ac80" />
    <UnitTestResult executionId="cf8d9312-76ec-4405-b438-1045f8896994" testId="00a3f809-61c4-f9b4-48ec-b9721f80da02" testName="GetAttribute_Throws_WhenParameterIdentityIdIsEmpty_Case1" computerName="TFSBUILD11" startTime="2015-09-28T09:43:27.4996230-07:00" endTime="2015-09-28T09:43:27.4996230-07:00" testType="13cdc9d9-ddb5-4fa4-a97d-d965ccfc6d4b" outcome="NotExecuted" testListId="8c84fa94-04c1-424b-9868-57a2d4851a1d" relativeResultsDirectory="cf8d9312-76ec-4405-b438-1045f8896994" />
    <UnitTestResult executionId="fc3e4452-a86c-49a4-b104-039a5d76458a" testId="f90bf7a1-224e-8f6b-2301-78de2bcc8c2a" testName="GetAttribute_Throws_WhenParameterIdentityIdIsEmpty_Case2" computerName="TFSBUILD11" startTime="2015-09-28T09:43:27.4996230-07:00" endTime="2015-09-28T09:43:27.4996230-07:00" testType="13cdc9d9-ddb5-4fa4-a97d-d965ccfc6d4b" outcome="NotExecuted" testListId="8c84fa94-04c1-424b-9868-57a2d4851a1d" relativeResultsDirectory="fc3e4452-a86c-49a4-b104-039a5d76458a" />
    <UnitTestResult executionId="caabba00-aa2b-4898-93ce-a628fc575a65" testId="25935ee7-ad94-6232-3042-749b317696ae" testName="GetAttribute_Throws_WhenIdentityGuidDoesNotMatchWithTheAuthenticatedIdentityGuid" computerName="TFSBUILD11" duration="00:00:00.0048110" startTime="2015-09-28T09:43:27.4996230-07:00" endTime="2015-09-28T09:43:27.4996230-07:00" testType="13cdc9d9-ddb5-4fa4-a97d-d965ccfc6d4b" outcome="Passed" testListId="8c84fa94-04c1-424b-9868-57a2d4851a1d" relativeResultsDirectory="caabba00-aa2b-4898-93ce-a628fc575a65" />
    <UnitTestResult executionId="c1ef7987-d943-47ee-8e6d-2faccffe9b99" testId="d47c22ea-4081-3b38-d65c-29fadfd5affc" testName="GetAttribute_CallsGetAttributeOnRepository" computerName="TFSBUILD11" duration="00:00:00.0090083" startTime="2015-09-28T09:43:27.4996230-07:00" endTime="2015-09-28T09:43:27.5152491-07:00" testType="13cdc9d9-ddb5-4fa4-a97d-d965ccfc6d4b" outcome="Passed" testListId="8c84fa94-04c1-424b-9868-57a2d4851a1d" relativeResultsDirectory="c1ef7987-d943-47ee-8e6d-2faccffe9b99" />
    <UnitTestResult executionId="1e657170-306b-4438-9e7f-d7ea4ea4668d" testId="4888288a-b93a-4505-be64-ae602a5810da" testName="GetAvatar_Throws_WhenParameterRequestContextIsNull" computerName="TFSBUILD11" duration="00:00:00.0060822" startTime="2015-09-28T09:43:27.5152491-07:00" endTime="2015-09-28T09:43:27.5152491-07:00" testType="13cdc9d9-ddb5-4fa4-a97d-d965ccfc6d4b" outcome="Passed" testListId="8c84fa94-04c1-424b-9868-57a2d4851a1d" relativeResultsDirectory="1e657170-306b-4438-9e7f-d7ea4ea4668d" />
    <UnitTestResult executionId="0e4b6127-0f52-4738-802e-a16fbe8080ca" testId="b203cbfe-cc69-b636-02a4-1e14b977443c" testName="GetAvatar_Throws_WhenParameterIdentityIdIsEmpty_Case1" computerName="TFSBUILD11" startTime="2015-09-28T09:43:27.5152491-07:00" endTime="2015-09-28T09:43:27.5152491-07:00" testType="13cdc9d9-ddb5-4fa4-a97d-d965ccfc6d4b" outcome="NotExecuted" testListId="8c84fa94-04c1-424b-9868-57a2d4851a1d" relativeResultsDirectory="0e4b6127-0f52-4738-802e-a16fbe8080ca" />
    <UnitTestResult executionId="2189f476-cb61-4448-a66e-514dcd3b3794" testId="112626e9-c182-83bb-1880-97ec3c10cdda" testName="GetAvatar_Throws_WhenIdentityGuidDoesNotMatchWithTheAuthenticatedIdentityGuid" computerName="TFSBUILD11" duration="00:00:00.0142051" startTime="2015-09-28T09:43:27.5152491-07:00" endTime="2015-09-28T09:43:27.5308749-07:00" testType="13cdc9d9-ddb5-4fa4-a97d-d965ccfc6d4b" outcome="Passed" testListId="8c84fa94-04c1-424b-9868-57a2d4851a1d" relativeResultsDirectory="2189f476-cb61-4448-a66e-514dcd3b3794" />
    <UnitTestResult executionId="845ba9e9-f2e2-42a6-91e9-3a939011f2d7" testId="0ec1d050-1007-4fbb-6ad8-ff1cb89e6876" testName="GetAvatar_CallsGetProfileOnRepository" computerName="TFSBUILD11" duration="00:00:00.0140412" startTime="2015-09-28T09:43:27.5308749-07:00" endTime="2015-09-28T09:43:27.5465013-07:00" testType="13cdc9d9-ddb5-4fa4-a97d-d965ccfc6d4b" outcome="Passed" testListId="8c84fa94-04c1-424b-9868-57a2d4851a1d" relativeResultsDirectory="845ba9e9-f2e2-42a6-91e9-3a939011f2d7" />
    <UnitTestResult executionId="c0f927e1-7e3e-48cb-aab0-5b422a086282" testId="c7c76e8e-6fd3-a653-0ec4-b1242c3ffe35" testName="GetProfile_Throws_WhenParameterRequestContextIsNull" computerName="TFSBUILD11" duration="00:00:00.0060640" startTime="2015-09-28T09:43:27.5465013-07:00" endTime="2015-09-28T09:43:27.5621283-07:00" testType="13cdc9d9-ddb5-4fa4-a97d-d965ccfc6d4b" outcome="Passed" testListId="8c84fa94-04c1-424b-9868-57a2d4851a1d" relativeResultsDirectory="c0f927e1-7e3e-48cb-aab0-5b422a086282" />
    <UnitTestResult executionId="b18c89f8-d828-4b04-8446-662033e502e7" testId="2e9ad08d-6a6a-c66d-1876-d4324594e97f" testName="GetProfile_Throws_WhenParameterIdentityIdIsEmpty_Case1" computerName="TFSBUILD11" startTime="2015-09-28T09:43:27.5621283-07:00" endTime="2015-09-28T09:43:27.5621283-07:00" testType="13cdc9d9-ddb5-4fa4-a97d-d965ccfc6d4b" outcome="NotExecuted" testListId="8c84fa94-04c1-424b-9868-57a2d4851a1d" relativeResultsDirectory="b18c89f8-d828-4b04-8446-662033e502e7" />
    <UnitTestResult executionId="fcefdd4f-ca83-4679-bfd3-0ea650959630" testId="5b8da2e4-a76f-eecc-ea44-54796a706016" testName="GetProfile_Throws_WhenProfileNotFound" computerName="TFSBUILD11" duration="00:00:00.0189960" startTime="2015-09-28T09:43:27.5621283-07:00" endTime="2015-09-28T09:43:27.5777535-07:00" testType="13cdc9d9-ddb5-4fa4-a97d-d965ccfc6d4b" outcome="Passed" testListId="8c84fa94-04c1-424b-9868-57a2d4851a1d" relativeResultsDirectory="fcefdd4f-ca83-4679-bfd3-0ea650959630" />
    <UnitTestResult executionId="510a7b5c-a43d-4875-97ec-9f0144a7f987" testId="e0b486ec-38f9-769b-858e-2b88f7caca87" testName="GetProfile_Throws_WhenIdentityGuidDoesNotMatchWithTheAuthenticatedIdentityGuid" computerName="TFSBUILD11" duration="00:00:00.0053896" startTime="2015-09-28T09:43:27.5777535-07:00" endTime="2015-09-28T09:43:27.5777535-07:00" testType="13cdc9d9-ddb5-4fa4-a97d-d965ccfc6d4b" outcome="Passed" testListId="8c84fa94-04c1-424b-9868-57a2d4851a1d" relativeResultsDirectory="510a7b5c-a43d-4875-97ec-9f0144a7f987" />
    <UnitTestResult executionId="4c5b9b6c-ada2-4eac-a0cf-9e21a167ad16" testId="901837fd-5946-e598-fafb-e3242a9705f0" testName="GetProfile_Throws_WhenAuthenticatedUserIdDoesNotMatchGivenIdInParameter" computerName="TFSBUILD11" startTime="2015-09-28T09:43:27.5777535-07:00" endTime="2015-09-28T09:43:27.5777535-07:00" testType="13cdc9d9-ddb5-4fa4-a97d-d965ccfc6d4b" outcome="NotExecuted" testListId="8c84fa94-04c1-424b-9868-57a2d4851a1d" relativeResultsDirectory="4c5b9b6c-ada2-4eac-a0cf-9e21a167ad16" />
    <UnitTestResult executionId="6f248ef3-31f7-4a6d-9598-a832fd8c82bc" testId="b5f39956-cf04-a1c9-049b-f77734bbebc8" testName="SetAttribute_Throws_WhenParameterRequestContextIsNull" computerName="TFSBUILD11" duration="00:00:00.0063982" startTime="2015-09-28T09:43:27.5777535-07:00" endTime="2015-09-28T09:43:27.5933793-07:00" testType="13cdc9d9-ddb5-4fa4-a97d-d965ccfc6d4b" outcome="Passed" testListId="8c84fa94-04c1-424b-9868-57a2d4851a1d" relativeResultsDirectory="6f248ef3-31f7-4a6d-9598-a832fd8c82bc" />
    <UnitTestResult executionId="9056acf7-1bcf-409a-bc3d-0c36d83e6d9d" testId="184ac053-7cd5-5f9a-59b2-2392bc2366a4" testName="SetAttribute_Throws_WhenNullAttributeName" computerName="TFSBUILD11" duration="00:00:00.0052707" startTime="2015-09-28T09:43:27.5933793-07:00" endTime="2015-09-28T09:43:27.5933793-07:00" testType="13cdc9d9-ddb5-4fa4-a97d-d965ccfc6d4b" outcome="Passed" testListId="8c84fa94-04c1-424b-9868-57a2d4851a1d" relativeResultsDirectory="9056acf7-1bcf-409a-bc3d-0c36d83e6d9d" />
    <UnitTestResult executionId="fb8e4ccf-d0b6-4884-8926-a7a75dbf13d6" testId="a4036a5c-8648-3efd-d5fa-9d466e13a706" testName="SetAttribute_Throws_WhenParameterAttributeNameIsEmpty_Case1" computerName="TFSBUILD11" duration="00:00:00.0083598" startTime="2015-09-28T09:43:27.5933793-07:00" endTime="2015-09-28T09:43:27.6090055-07:00" testType="13cdc9d9-ddb5-4fa4-a97d-d965ccfc6d4b" outcome="Passed" testListId="8c84fa94-04c1-424b-9868-57a2d4851a1d" relativeResultsDirectory="fb8e4ccf-d0b6-4884-8926-a7a75dbf13d6" />
    <UnitTestResult executionId="be9e18bb-896f-4a72-a0b6-e644bfc22cae" testId="2d2fe65a-260b-9251-bfd7-9591f53cb087" testName="SetAttribute_Throws_WhenParameterAttributeNameIsEmpty_Case2" computerName="TFSBUILD11" duration="00:00:00.0047667" startTime="2015-09-28T09:43:27.6090055-07:00" endTime="2015-09-28T09:43:27.6090055-07:00" testType="13cdc9d9-ddb5-4fa4-a97d-d965ccfc6d4b" outcome="Passed" testListId="8c84fa94-04c1-424b-9868-57a2d4851a1d" relativeResultsDirectory="be9e18bb-896f-4a72-a0b6-e644bfc22cae" />
    <UnitTestResult executionId="bbe81b76-2f29-4c30-a27a-3d1647997b22" testId="dc9c0b0b-de4c-d789-ff6b-219d9a8a6416" testName="SetAttribute_Throws_WhenParameterAttributeNameIsEmpty_Case3" computerName="TFSBUILD11" duration="00:00:00.0047396" startTime="2015-09-28T09:43:27.6090055-07:00" endTime="2015-09-28T09:43:27.6090055-07:00" testType="13cdc9d9-ddb5-4fa4-a97d-d965ccfc6d4b" outcome="Passed" testListId="8c84fa94-04c1-424b-9868-57a2d4851a1d" relativeResultsDirectory="bbe81b76-2f29-4c30-a27a-3d1647997b22" />
    <UnitTestResult executionId="c5059250-665f-4841-ba1a-8c938db585e0" testId="b7086aa4-2ce0-6e32-9e53-e013d0d5a9c3" testName="SetAttribute_Throws_WhenParameterIdentityIdIsEmpty_Case1" computerName="TFSBUILD11" startTime="2015-09-28T09:43:27.6090055-07:00" endTime="2015-09-28T09:43:27.6090055-07:00" testType="13cdc9d9-ddb5-4fa4-a97d-d965ccfc6d4b" outcome="NotExecuted" testListId="8c84fa94-04c1-424b-9868-57a2d4851a1d" relativeResultsDirectory="c5059250-665f-4841-ba1a-8c938db585e0" />
    <UnitTestResult executionId="e14a8fea-c8bf-4748-97d5-0b4eaf2e0cfe" testId="c72e2627-2836-9f94-03a6-0d2d1810cb71" testName="SetAttribute_Throws_WhenParameterIdentityIdIsEmpty_Case2" computerName="TFSBUILD11" startTime="2015-09-28T09:43:27.6090055-07:00" endTime="2015-09-28T09:43:27.6090055-07:00" testType="13cdc9d9-ddb5-4fa4-a97d-d965ccfc6d4b" outcome="NotExecuted" testListId="8c84fa94-04c1-424b-9868-57a2d4851a1d" relativeResultsDirectory="e14a8fea-c8bf-4748-97d5-0b4eaf2e0cfe" />
    <UnitTestResult executionId="aec0d41b-1569-4eeb-a0c8-95cb4d72f1cd" testId="31e18a15-4deb-fd2b-91d4-964ae56f08c4" testName="SetAttribute_Throws_WhenIdentityGuidDoesNotMatchWithTheAuthenticatedIdentityGuid" computerName="TFSBUILD11" duration="00:00:00.0050909" startTime="2015-09-28T09:43:27.6090055-07:00" endTime="2015-09-28T09:43:27.6246318-07:00" testType="13cdc9d9-ddb5-4fa4-a97d-d965ccfc6d4b" outcome="Passed" testListId="8c84fa94-04c1-424b-9868-57a2d4851a1d" relativeResultsDirectory="aec0d41b-1569-4eeb-a0c8-95cb4d72f1cd" />
    <UnitTestResult executionId="e6af8f8a-fe84-44ee-8252-17705f07c74e" testId="a4c7fffe-44ba-3285-c7f6-0fdc690b0480" testName="SetAttribute_CallsSetProfileAttributeOnRepository" computerName="TFSBUILD11" duration="00:00:00.0260442" startTime="2015-09-28T09:43:27.6246318-07:00" endTime="2015-09-28T09:43:27.6402582-07:00" testType="13cdc9d9-ddb5-4fa4-a97d-d965ccfc6d4b" outcome="Passed" testListId="8c84fa94-04c1-424b-9868-57a2d4851a1d" relativeResultsDirectory="e6af8f8a-fe84-44ee-8252-17705f07c74e" />
    <UnitTestResult executionId="c8c01415-8db6-4efa-914e-a31362e58208" testId="72725134-fd26-2abc-e2fc-4226f507afda" testName="SetAvatar_Throws_WhenParameterRequestContextIsNull" computerName="TFSBUILD11" duration="00:00:00.0062469" startTime="2015-09-28T09:43:27.6402582-07:00" endTime="2015-09-28T09:43:27.6558838-07:00" testType="13cdc9d9-ddb5-4fa4-a97d-d965ccfc6d4b" outcome="Passed" testListId="8c84fa94-04c1-424b-9868-57a2d4851a1d" relativeResultsDirectory="c8c01415-8db6-4efa-914e-a31362e58208" />
    <UnitTestResult executionId="9e12040f-270a-45cd-9592-8384aa356a20" testId="4936bda7-7bbb-b9dc-9e7c-9dc22ee103c6" testName="SetAvatar_Throws_WhenParameterIdentityIdIsEmpty_Case1" computerName="TFSBUILD11" startTime="2015-09-28T09:43:27.6558838-07:00" endTime="2015-09-28T09:43:27.6558838-07:00" testType="13cdc9d9-ddb5-4fa4-a97d-d965ccfc6d4b" outcome="NotExecuted" testListId="8c84fa94-04c1-424b-9868-57a2d4851a1d" relativeResultsDirectory="9e12040f-270a-45cd-9592-8384aa356a20" />
    <UnitTestResult executionId="c7d02b24-ea6f-4299-a902-8617912b8b68" testId="208a566c-78ec-35cb-6a5d-34a840a6d0eb" testName="SetAvatar_Throws_WhenParameterIdentityIdIsEmpty_Case2" computerName="TFSBUILD11" startTime="2015-09-28T09:43:27.6558838-07:00" endTime="2015-09-28T09:43:27.6558838-07:00" testType="13cdc9d9-ddb5-4fa4-a97d-d965ccfc6d4b" outcome="NotExecuted" testListId="8c84fa94-04c1-424b-9868-57a2d4851a1d" relativeResultsDirectory="c7d02b24-ea6f-4299-a902-8617912b8b68" />
    <UnitTestResult executionId="327c04c5-9e45-4ce4-8c3c-36b8a23010ea" testId="ec2d90c7-97af-07cc-5ae2-95a623ba4196" testName="SetAvatar_Throws_WhenIdentityGuidDoesNotMatchWithTheAuthenticatedIdentityGuid" computerName="TFSBUILD11" duration="00:00:00.0049134" startTime="2015-09-28T09:43:27.6558838-07:00" endTime="2015-09-28T09:43:27.6558838-07:00" testType="13cdc9d9-ddb5-4fa4-a97d-d965ccfc6d4b" outcome="Passed" testListId="8c84fa94-04c1-424b-9868-57a2d4851a1d" relativeResultsDirectory="327c04c5-9e45-4ce4-8c3c-36b8a23010ea" />
    <UnitTestResult executionId="adc6c3b9-5ae5-4e78-a02d-560b7b91c508" testId="131cb635-a8f9-d328-c870-d81fb0f683b4" testName="SetAvatar_Throws_WhenProvidedImageBytesAreNotReallyImageBytes" computerName="TFSBUILD11" duration="00:00:00.0241182" startTime="2015-09-28T09:43:27.6558838-07:00" endTime="2015-09-28T09:43:27.6871357-07:00" testType="13cdc9d9-ddb5-4fa4-a97d-d965ccfc6d4b" outcome="Passed" testListId="8c84fa94-04c1-424b-9868-57a2d4851a1d" relativeResultsDirectory="adc6c3b9-5ae5-4e78-a02d-560b7b91c508" />
    <UnitTestResult executionId="83ea66f0-a07d-4816-86c0-1bb121ee3554" testId="ce874311-1da6-9f21-dde2-9d068a0ca464" testName="SetAvatar_CallsSetAvatarOnRepository" computerName="TFSBUILD11" duration="00:00:00.0147828" startTime="2015-09-28T09:43:27.6871357-07:00" endTime="2015-09-28T09:43:27.7027621-07:00" testType="13cdc9d9-ddb5-4fa4-a97d-d965ccfc6d4b" outcome="Passed" testListId="8c84fa94-04c1-424b-9868-57a2d4851a1d" relativeResultsDirectory="83ea66f0-a07d-4816-86c0-1bb121ee3554" />
    <UnitTestResult executionId="85c661d5-495c-4937-8d01-28832f6a03fe" testId="56d17ff4-4d33-9804-caf5-6990c56b6003" testName="GetProfile_Throws_WhenParameterRequestContextIsNull" computerName="TFSBUILD11" duration="00:00:00.0079777" startTime="2015-09-28T09:43:27.7027621-07:00" endTime="2015-09-28T09:43:27.7027621-07:00" testType="13cdc9d9-ddb5-4fa4-a97d-d965ccfc6d4b" outcome="Passed" testListId="8c84fa94-04c1-424b-9868-57a2d4851a1d" relativeResultsDirectory="85c661d5-495c-4937-8d01-28832f6a03fe" />
    <UnitTestResult executionId="c08534f1-55c8-4663-a236-fda3de88108a" testId="01b2a897-a346-746e-7e91-486556a8845b" testName="GetProfile_Throws_WhenParameterIdentityIdIsEmpty_Case1" computerName="TFSBUILD11" startTime="2015-09-28T09:43:27.7027621-07:00" endTime="2015-09-28T09:43:27.7027621-07:00" testType="13cdc9d9-ddb5-4fa4-a97d-d965ccfc6d4b" outcome="NotExecuted" testListId="8c84fa94-04c1-424b-9868-57a2d4851a1d" relativeResultsDirectory="c08534f1-55c8-4663-a236-fda3de88108a" />
    <UnitTestResult executionId="2919dafa-e6c3-49c8-bd52-11d300f17ea9" testId="9d233ad6-47c6-3b2f-610e-8544a2196011" testName="GetProfile_Throws_WhenParameterIdentityIdIsEmpty_Case2" computerName="TFSBUILD11" startTime="2015-09-28T09:43:27.7027621-07:00" endTime="2015-09-28T09:43:27.7027621-07:00" testType="13cdc9d9-ddb5-4fa4-a97d-d965ccfc6d4b" outcome="NotExecuted" testListId="8c84fa94-04c1-424b-9868-57a2d4851a1d" relativeResultsDirectory="2919dafa-e6c3-49c8-bd52-11d300f17ea9" />
    <UnitTestResult executionId="499aefa4-fc02-46d1-8ce8-3208911d8f65" testId="a11c169a-31c9-1795-65f9-ad0bc4cc315f" testName="GetProfile_Throws_WhenIdentityGuidDoesNotMatchWithTheAuthenticatedIdentityGuid" computerName="TFSBUILD11" duration="00:00:00.0062910" startTime="2015-09-28T09:43:27.7027621-07:00" endTime="2015-09-28T09:43:27.7183885-07:00" testType="13cdc9d9-ddb5-4fa4-a97d-d965ccfc6d4b" outcome="Passed" testListId="8c84fa94-04c1-424b-9868-57a2d4851a1d" relativeResultsDirectory="499aefa4-fc02-46d1-8ce8-3208911d8f65" />
    <UnitTestResult executionId="7539d02c-d444-488d-b0d9-42498ebbd8e3" testId="28dc1683-719b-8987-13ae-6d81f877a20c" testName="GetProfile_Throws_WhenProfileNotFound" computerName="TFSBUILD11" duration="00:00:00.0156427" startTime="2015-09-28T09:43:27.7183885-07:00" endTime="2015-09-28T09:43:27.7340149-07:00" testType="13cdc9d9-ddb5-4fa4-a97d-d965ccfc6d4b" outcome="Passed" testListId="8c84fa94-04c1-424b-9868-57a2d4851a1d" relativeResultsDirectory="7539d02c-d444-488d-b0d9-42498ebbd8e3" />
    <UnitTestResult executionId="e2b1e77c-448b-41c3-a045-28d01a0e7584" testId="3939977b-1115-32a0-421a-a02cb53c4fab" testName="GetProfile_Throws_WhenAuthenticatedUserIdDoesNotMatchGivenIdInParameter" computerName="TFSBUILD11" startTime="2015-09-28T09:43:27.7340149-07:00" endTime="2015-09-28T09:43:27.7340149-07:00" testType="13cdc9d9-ddb5-4fa4-a97d-d965ccfc6d4b" outcome="NotExecuted" testListId="8c84fa94-04c1-424b-9868-57a2d4851a1d" relativeResultsDirectory="e2b1e77c-448b-41c3-a045-28d01a0e7584" />
    <UnitTestResult executionId="7b7a646e-86e1-40e4-a3bd-b760e3ef87dc" testId="ab7a5eb1-4b3f-391f-704e-2ab0d1fb8fd1" testName="GetAttribute_CallsGetProfileAttributeOnRepository" computerName="TFSBUILD11" duration="00:00:00.0103250" startTime="2015-09-28T09:43:27.7340149-07:00" endTime="2015-09-28T09:43:27.7340149-07:00" testType="13cdc9d9-ddb5-4fa4-a97d-d965ccfc6d4b" outcome="Passed" testListId="8c84fa94-04c1-424b-9868-57a2d4851a1d" relativeResultsDirectory="7b7a646e-86e1-40e4-a3bd-b760e3ef87dc" />
    <UnitTestResult executionId="18846b61-0695-47f8-a878-2b86efb62fc5" testId="051e4863-f218-cc5a-a7af-8eb43835f6b7" testName="SetAvatar_CallsSetProfileAvatarOnRepository" computerName="TFSBUILD11" duration="00:00:00.0309025" startTime="2015-09-28T09:43:27.7340149-07:00" endTime="2015-09-28T09:43:27.7652668-07:00" testType="13cdc9d9-ddb5-4fa4-a97d-d965ccfc6d4b" outcome="Passed" testListId="8c84fa94-04c1-424b-9868-57a2d4851a1d" relativeResultsDirectory="18846b61-0695-47f8-a878-2b86efb62fc5" />
    <UnitTestResult executionId="30298a4a-8ed4-4b1a-9643-2c0eb98739c8" testId="ce671525-6436-9c51-2bd4-1341e6d713b1" testName="SetPublicAlias_CallsUpdateProfileRepository" computerName="TFSBUILD11" duration="00:00:00.0101833" startTime="2015-09-28T09:43:27.7652668-07:00" endTime="2015-09-28T09:43:27.7808932-07:00" testType="13cdc9d9-ddb5-4fa4-a97d-d965ccfc6d4b" outcome="Passed" testListId="8c84fa94-04c1-424b-9868-57a2d4851a1d" relativeResultsDirectory="30298a4a-8ed4-4b1a-9643-2c0eb98739c8" />
  </Results>
  <TestDefinitions>
    <UnitTest name="ToInitials" storage="d:\v2.0\a1\_work\dbded102\bin\release.anycpu\sps.service\ms.vs.services.profile.l0.tests\ms.vs.services.profile.l0.tests.dll" priority="1" id="21180375-8a77-9e82-045a-dc6b1dd2d506">
      <Owners>
        <Owner name="vscsditeam" />
      </Owners>
      <Execution id="e6021abd-6d30-4994-b030-d461ec9321b1" />
      <TestMethod codeBase="D:\v2.0\A1\_work\dbded102\bin\Release.AnyCPU\Sps.Service\MS.VS.Services.Profile.L0.Tests\MS.VS.Services.Profile.L0.Tests.dll" adapterTypeName="Microsoft.VisualStudio.TestTools.TestTypes.Unit.UnitTestAdapter" className="MS.VS.Services.Profile.L0.Tests.AvatarUtilsTests" name="ToInitials" />
    </UnitTest>
    <UnitTest name="MapToAvatarSizeInPixelsTests" storage="d:\v2.0\a1\_work\dbded102\bin\release.anycpu\sps.service\ms.vs.services.profile.l0.tests\ms.vs.services.profile.l0.tests.dll" priority="1" id="fe83767f-76a7-4f16-f365-46c8d2d50f3d">
      <Owners>
        <Owner name="vscsditeam" />
      </Owners>
      <Execution id="3a030dad-275c-4c58-a506-9b8d1f5e8fd3" />
      <TestMethod codeBase="D:\v2.0\A1\_work\dbded102\bin\Release.AnyCPU\Sps.Service\MS.VS.Services.Profile.L0.Tests\MS.VS.Services.Profile.L0.Tests.dll" adapterTypeName="Microsoft.VisualStudio.TestTools.TestTypes.Unit.UnitTestAdapter" className="MS.VS.Services.Profile.L0.Tests.AvatarUtilsTests" name="MapToAvatarSizeInPixelsTests" />
    </UnitTest>
    <UnitTest name="MapToAvatarFontSize" storage="d:\v2.0\a1\_work\dbded102\bin\release.anycpu\sps.service\ms.vs.services.profile.l0.tests\ms.vs.services.profile.l0.tests.dll" priority="1" id="64d2dd89-a4e4-61bd-acc6-4dbed53f40d1">
      <Owners>
        <Owner name="vscsditeam" />
      </Owners>
      <Execution id="7b2d6b7e-a06f-4632-b471-b626051a8e44" />
      <TestMethod codeBase="D:\v2.0\A1\_work\dbded102\bin\Release.AnyCPU\Sps.Service\MS.VS.Services.Profile.L0.Tests\MS.VS.Services.Profile.L0.Tests.dll" adapterTypeName="Microsoft.VisualStudio.TestTools.TestTypes.Unit.UnitTestAdapter" className="MS.VS.Services.Profile.L0.Tests.AvatarUtilsTests" name="MapToAvatarFontSize" />
    </UnitTest>
    <UnitTest name="GetRandomDefaultAvatarColor_Returns_SomeColor" storage="d:\v2.0\a1\_work\dbded102\bin\release.anycpu\sps.service\ms.vs.services.profile.l0.tests\ms.vs.services.profile.l0.tests.dll" priority="1" id="5c0b886c-4ad4-5cfe-f1d3-7c20eac0dba3">
      <Owners>
        <Owner name="vscsditeam" />
      </Owners>
      <Execution id="4b0f169b-3bb2-41ae-a437-6c8402eb4c9d" />
      <TestMethod codeBase="D:\v2.0\A1\_work\dbded102\bin\Release.AnyCPU\Sps.Service\MS.VS.Services.Profile.L0.Tests\MS.VS.Services.Profile.L0.Tests.dll" adapterTypeName="Microsoft.VisualStudio.TestTools.TestTypes.Unit.UnitTestAdapter" className="MS.VS.Services.Profile.L0.Tests.AvatarUtilsTests" name="GetRandomDefaultAvatarColor_Returns_SomeColor" />
    </UnitTest>
    <UnitTest name="GetRandomDefaultAvatarColor_DoesNotThrow_WhenEmptyGuidIsPassedAsParamter" storage="d:\v2.0\a1\_work\dbded102\bin\release.anycpu\sps.service\ms.vs.services.profile.l0.tests\ms.vs.services.profile.l0.tests.dll" priority="1" id="f03dcebf-9d98-88db-8fdc-82aa8973ebb1">
      <Owners>
        <Owner name="vscsditeam" />
      </Owners>
      <Execution id="bf72068c-1c26-4694-8eed-18f1bbea1d93" />
      <TestMethod codeBase="D:\v2.0\A1\_work\dbded102\bin\Release.AnyCPU\Sps.Service\MS.VS.Services.Profile.L0.Tests\MS.VS.Services.Profile.L0.Tests.dll" adapterTypeName="Microsoft.VisualStudio.TestTools.TestTypes.Unit.UnitTestAdapter" className="MS.VS.Services.Profile.L0.Tests.AvatarUtilsTests" name="GetRandomDefaultAvatarColor_DoesNotThrow_WhenEmptyGuidIsPassedAsParamter" />
    </UnitTest>
    <UnitTest name="GetRandomDefaultAvatarColor_Return_UniformlyDistributedRandomValue" storage="d:\v2.0\a1\_work\dbded102\bin\release.anycpu\sps.service\ms.vs.services.profile.l0.tests\ms.vs.services.profile.l0.tests.dll" priority="1" id="f82da313-17c7-130d-85c6-96e6f961df10">
      <Owners>
        <Owner name="vscsditeam" />
      </Owners>
      <Execution id="9f26f46e-9e5b-4f7e-b492-2e65b163f079" />
      <TestMethod codeBase="D:\v2.0\A1\_work\dbded102\bin\Release.AnyCPU\Sps.Service\MS.VS.Services.Profile.L0.Tests\MS.VS.Services.Profile.L0.Tests.dll" adapterTypeName="Microsoft.VisualStudio.TestTools.TestTypes.Unit.UnitTestAdapter" className="MS.VS.Services.Profile.L0.Tests.AvatarUtilsTests" name="GetRandomDefaultAvatarColor_Return_UniformlyDistributedRandomValue" />
    </UnitTest>
    <UnitTest name="GeneratePngs" storage="d:\v2.0\a1\_work\dbded102\bin\release.anycpu\sps.service\ms.vs.services.profile.l0.tests\ms.vs.services.profile.l0.tests.dll" priority="1" id="4201fa5d-6960-92b6-5152-b2211f21a0f8">
      <Owners>
        <Owner name="vscsditeam" />
      </Owners>
      <Execution id="317fd0d9-970d-4946-a4a4-8dab415e4449" />
      <TestMethod codeBase="D:\v2.0\A1\_work\dbded102\bin\Release.AnyCPU\Sps.Service\MS.VS.Services.Profile.L0.Tests\MS.VS.Services.Profile.L0.Tests.dll" adapterTypeName="Microsoft.VisualStudio.TestTools.TestTypes.Unit.UnitTestAdapter" className="MS.VS.Services.Profile.L0.Tests.AvatarUtilsTests" name="GeneratePngs" />
    </UnitTest>
    <UnitTest name="GenerateJpgs" storage="d:\v2.0\a1\_work\dbded102\bin\release.anycpu\sps.service\ms.vs.services.profile.l0.tests\ms.vs.services.profile.l0.tests.dll" priority="1" id="3398eb05-6cb9-476f-a929-6570fe4cd5df">
      <Owners>
        <Owner name="vscsditeam" />
      </Owners>
      <Execution id="729a6d42-845c-4650-b579-99625d123ab5" />
      <TestMethod codeBase="D:\v2.0\A1\_work\dbded102\bin\Release.AnyCPU\Sps.Service\MS.VS.Services.Profile.L0.Tests\MS.VS.Services.Profile.L0.Tests.dll" adapterTypeName="Microsoft.VisualStudio.TestTools.TestTypes.Unit.UnitTestAdapter" className="MS.VS.Services.Profile.L0.Tests.AvatarUtilsTests" name="GenerateJpgs" />
    </UnitTest>
    <UnitTest name="IsDecimalDigitTests" storage="d:\v2.0\a1\_work\dbded102\bin\release.anycpu\sps.service\ms.vs.services.profile.l0.tests\ms.vs.services.profile.l0.tests.dll" priority="1" id="711a16ff-7dd5-2e82-f59e-202bb93d0020">
      <Owners>
        <Owner name="vscsditeam" />
      </Owners>
      <Execution id="d9834917-3c17-4ba7-aa7e-435f9dc2bff7" />
      <TestMethod codeBase="D:\v2.0\A1\_work\dbded102\bin\Release.AnyCPU\Sps.Service\MS.VS.Services.Profile.L0.Tests\MS.VS.Services.Profile.L0.Tests.dll" adapterTypeName="Microsoft.VisualStudio.TestTools.TestTypes.Unit.UnitTestAdapter" className="MS.VS.Services.Profile.L0.Tests.BusinessRulesValidationTests" name="IsDecimalDigitTests" />
    </UnitTest>
    <UnitTest name="IsUnicodeLetterTests" storage="d:\v2.0\a1\_work\dbded102\bin\release.anycpu\sps.service\ms.vs.services.profile.l0.tests\ms.vs.services.profile.l0.tests.dll" priority="1" id="e36fe6d1-6de3-ac54-6ed0-f31432f53d11">
      <Owners>
        <Owner name="vscsditeam" />
      </Owners>
      <Execution id="a9f28771-9e60-492c-8f8c-932d4fe63f02" />
      <TestMethod codeBase="D:\v2.0\A1\_work\dbded102\bin\Release.AnyCPU\Sps.Service\MS.VS.Services.Profile.L0.Tests\MS.VS.Services.Profile.L0.Tests.dll" adapterTypeName="Microsoft.VisualStudio.TestTools.TestTypes.Unit.UnitTestAdapter" className="MS.VS.Services.Profile.L0.Tests.BusinessRulesValidationTests" name="IsUnicodeLetterTests" />
    </UnitTest>
    <UnitTest name="PublicAliasValidationTests" storage="d:\v2.0\a1\_work\dbded102\bin\release.anycpu\sps.service\ms.vs.services.profile.l0.tests\ms.vs.services.profile.l0.tests.dll" priority="1" id="b239ede7-c07a-633c-0df2-d716967a885a">
      <Owners>
        <Owner name="vscsditeam" />
      </Owners>
      <Execution id="9a188239-8dc8-4a0d-8aa0-b906b7503a70" />
      <TestMethod codeBase="D:\v2.0\A1\_work\dbded102\bin\Release.AnyCPU\Sps.Service\MS.VS.Services.Profile.L0.Tests\MS.VS.Services.Profile.L0.Tests.dll" adapterTypeName="Microsoft.VisualStudio.TestTools.TestTypes.Unit.UnitTestAdapter" className="MS.VS.Services.Profile.L0.Tests.BusinessRulesValidationTests" name="PublicAliasValidationTests" />
    </UnitTest>
    <UnitTest name="DisplayNameValidationTests" storage="d:\v2.0\a1\_work\dbded102\bin\release.anycpu\sps.service\ms.vs.services.profile.l0.tests\ms.vs.services.profile.l0.tests.dll" priority="1" id="f9dfa75c-66ac-4cec-d7e4-f40f658c4d0c">
      <Owners>
        <Owner name="vscsditeam" />
      </Owners>
      <Execution id="31827a20-bb04-40a3-83f3-0b8173f677b0" />
      <TestMethod codeBase="D:\v2.0\A1\_work\dbded102\bin\Release.AnyCPU\Sps.Service\MS.VS.Services.Profile.L0.Tests\MS.VS.Services.Profile.L0.Tests.dll" adapterTypeName="Microsoft.VisualStudio.TestTools.TestTypes.Unit.UnitTestAdapter" className="MS.VS.Services.Profile.L0.Tests.BusinessRulesValidationTests" name="DisplayNameValidationTests" />
    </UnitTest>
    <UnitTest name="GetUnsigned16BitIntFromGuidUsingMostSignificantBits_Returns_WithinZeroTo32768" storage="d:\v2.0\a1\_work\dbded102\bin\release.anycpu\sps.service\ms.vs.services.profile.l0.tests\ms.vs.services.profile.l0.tests.dll" priority="1" id="b74d1622-f479-fad7-d825-109ba52ff229">
      <Owners>
        <Owner name="vscsditeam" />
      </Owners>
      <Execution id="01e089da-e71b-4a91-80a5-a4ec2b9d914c" />
      <TestMethod codeBase="D:\v2.0\A1\_work\dbded102\bin\Release.AnyCPU\Sps.Service\MS.VS.Services.Profile.L0.Tests\MS.VS.Services.Profile.L0.Tests.dll" adapterTypeName="Microsoft.VisualStudio.TestTools.TestTypes.Unit.UnitTestAdapter" className="MS.VS.Services.Profile.L0.Tests.CommonUtilsTests" name="GetUnsigned16BitIntFromGuidUsingMostSignificantBits_Returns_WithinZeroTo32768" />
    </UnitTest>
    <UnitTest name="GetUnsigned16BitIntFromGuidUsingMostSignificantBits_DoesNotThrow_WhenEmptyGuidIsPassedAsParamter" storage="d:\v2.0\a1\_work\dbded102\bin\release.anycpu\sps.service\ms.vs.services.profile.l0.tests\ms.vs.services.profile.l0.tests.dll" priority="1" id="ee362d38-6ccd-4ff1-539e-ea8c9a893672">
      <Owners>
        <Owner name="vscsditeam" />
      </Owners>
      <Execution id="39a64a1a-3b42-4f23-84d5-45823f9fd282" />
      <TestMethod codeBase="D:\v2.0\A1\_work\dbded102\bin\Release.AnyCPU\Sps.Service\MS.VS.Services.Profile.L0.Tests\MS.VS.Services.Profile.L0.Tests.dll" adapterTypeName="Microsoft.VisualStudio.TestTools.TestTypes.Unit.UnitTestAdapter" className="MS.VS.Services.Profile.L0.Tests.CommonUtilsTests" name="GetUnsigned16BitIntFromGuidUsingMostSignificantBits_DoesNotThrow_WhenEmptyGuidIsPassedAsParamter" />
    </UnitTest>
    <UnitTest name="GetLocalizedCountryList_WhenCultureIsCurrentUICulture" storage="d:\v2.0\a1\_work\dbded102\bin\release.anycpu\sps.service\ms.vs.services.profile.l0.tests\ms.vs.services.profile.l0.tests.dll" priority="1" id="9cbbc23d-8639-22f2-b8fb-c8b5186048c0">
      <Owners>
        <Owner name="vscsditeam" />
      </Owners>
      <Execution id="804c9bb8-712a-4203-b5c6-0b4b96394a01" />
      <TestMethod codeBase="D:\v2.0\A1\_work\dbded102\bin\Release.AnyCPU\Sps.Service\MS.VS.Services.Profile.L0.Tests\MS.VS.Services.Profile.L0.Tests.dll" adapterTypeName="Microsoft.VisualStudio.TestTools.TestTypes.Unit.UnitTestAdapter" className="MS.VS.Services.Profile.L0.Tests.CommonUtilsTests" name="GetLocalizedCountryList_WhenCultureIsCurrentUICulture" />
    </UnitTest>
    <UnitTest name="GetLocalizedCountryList_WhenCultureIsTypeNeutral" storage="d:\v2.0\a1\_work\dbded102\bin\release.anycpu\sps.service\ms.vs.services.profile.l0.tests\ms.vs.services.profile.l0.tests.dll" priority="1" id="47f85734-7f2e-ac4b-43a7-1c7e6420f8b6">
      <Owners>
        <Owner name="vscsditeam" />
      </Owners>
      <Execution id="1766f081-4230-4a04-be62-532f5a7dfbcd" />
      <TestMethod codeBase="D:\v2.0\A1\_work\dbded102\bin\Release.AnyCPU\Sps.Service\MS.VS.Services.Profile.L0.Tests\MS.VS.Services.Profile.L0.Tests.dll" adapterTypeName="Microsoft.VisualStudio.TestTools.TestTypes.Unit.UnitTestAdapter" className="MS.VS.Services.Profile.L0.Tests.CommonUtilsTests" name="GetLocalizedCountryList_WhenCultureIsTypeNeutral" />
    </UnitTest>
    <UnitTest name="GetLocalizedCountryList_WhenCultureIsEnglish" storage="d:\v2.0\a1\_work\dbded102\bin\release.anycpu\sps.service\ms.vs.services.profile.l0.tests\ms.vs.services.profile.l0.tests.dll" priority="1" id="f6f3e74f-93cb-694f-f798-0b17224197fc">
      <Owners>
        <Owner name="vscsditeam" />
      </Owners>
      <Execution id="0cd622c2-e505-47e6-ae14-4e26f2e22355" />
      <TestMethod codeBase="D:\v2.0\A1\_work\dbded102\bin\Release.AnyCPU\Sps.Service\MS.VS.Services.Profile.L0.Tests\MS.VS.Services.Profile.L0.Tests.dll" adapterTypeName="Microsoft.VisualStudio.TestTools.TestTypes.Unit.UnitTestAdapter" className="MS.VS.Services.Profile.L0.Tests.CommonUtilsTests" name="GetLocalizedCountryList_WhenCultureIsEnglish" />
    </UnitTest>
    <UnitTest name="GetLocalizedCountryList_WhenCultureIsSpanish" storage="d:\v2.0\a1\_work\dbded102\bin\release.anycpu\sps.service\ms.vs.services.profile.l0.tests\ms.vs.services.profile.l0.tests.dll" priority="1" id="014b2b72-3b09-a6dd-15c3-e05b3aec7be7">
      <Owners>
        <Owner name="vscsditeam" />
      </Owners>
      <Execution id="19be21a2-98b4-4f69-a696-cb908eb56b36" />
      <TestMethod codeBase="D:\v2.0\A1\_work\dbded102\bin\Release.AnyCPU\Sps.Service\MS.VS.Services.Profile.L0.Tests\MS.VS.Services.Profile.L0.Tests.dll" adapterTypeName="Microsoft.VisualStudio.TestTools.TestTypes.Unit.UnitTestAdapter" className="MS.VS.Services.Profile.L0.Tests.CommonUtilsTests" name="GetLocalizedCountryList_WhenCultureIsSpanish" />
    </UnitTest>
    <UnitTest name="ParameterValidation_NullRequestContextThrowsException" storage="d:\v2.0\a1\_work\dbded102\bin\release.anycpu\sps.service\ms.vs.services.profile.l0.tests\ms.vs.services.profile.l0.tests.dll" priority="1" id="26b4c3f9-0ad7-64ea-17b5-4520f20000e0">
      <Owners>
        <Owner name="AcquisitionTests" />
      </Owners>
      <Execution id="eaac9837-7e3d-4b07-8167-d6aa12340b44" />
      <TestMethod codeBase="D:\v2.0\A1\_work\dbded102\bin\Release.AnyCPU\Sps.Service\MS.VS.Services.Profile.L0.Tests\MS.VS.Services.Profile.L0.Tests.dll" adapterTypeName="Microsoft.VisualStudio.TestTools.TestTypes.Unit.UnitTestAdapter" className="MS.VS.Services.Profile.L0.Tests.FrameworkProfileServiceTests" name="ParameterValidation_NullRequestContextThrowsException" />
    </UnitTest>
    <UnitTest name="ParameterValidation_NullAttributeNameThrowsException" storage="d:\v2.0\a1\_work\dbded102\bin\release.anycpu\sps.service\ms.vs.services.profile.l0.tests\ms.vs.services.profile.l0.tests.dll" priority="1" id="bcd5a20d-28f2-ad1a-f1bf-632997430890">
      <Owners>
        <Owner name="AcquisitionTests" />
      </Owners>
      <Execution id="99224a5d-388d-47e3-a1aa-bebe163fc098" />
      <TestMethod codeBase="D:\v2.0\A1\_work\dbded102\bin\Release.AnyCPU\Sps.Service\MS.VS.Services.Profile.L0.Tests\MS.VS.Services.Profile.L0.Tests.dll" adapterTypeName="Microsoft.VisualStudio.TestTools.TestTypes.Unit.UnitTestAdapter" className="MS.VS.Services.Profile.L0.Tests.FrameworkProfileServiceTests" name="ParameterValidation_NullAttributeNameThrowsException" />
    </UnitTest>
    <UnitTest name="ParameterValidation_EmptyStringAttributeNameThrowsException_Case1" storage="d:\v2.0\a1\_work\dbded102\bin\release.anycpu\sps.service\ms.vs.services.profile.l0.tests\ms.vs.services.profile.l0.tests.dll" priority="1" id="9f70f1c4-c68e-319b-b39f-a4d1e1f9128d">
      <Owners>
        <Owner name="AcquisitionTests" />
      </Owners>
      <Execution id="b9407dde-1d73-4131-a407-733f0e9f3a94" />
      <TestMethod codeBase="D:\v2.0\A1\_work\dbded102\bin\Release.AnyCPU\Sps.Service\MS.VS.Services.Profile.L0.Tests\MS.VS.Services.Profile.L0.Tests.dll" adapterTypeName="Microsoft.VisualStudio.TestTools.TestTypes.Unit.UnitTestAdapter" className="MS.VS.Services.Profile.L0.Tests.FrameworkProfileServiceTests" name="ParameterValidation_EmptyStringAttributeNameThrowsException_Case1" />
    </UnitTest>
    <UnitTest name="ParameterValidation_EmptyStringAttributeNameThrowsException_Case2" storage="d:\v2.0\a1\_work\dbded102\bin\release.anycpu\sps.service\ms.vs.services.profile.l0.tests\ms.vs.services.profile.l0.tests.dll" priority="1" id="b18d57d7-cb3f-4293-d048-84cbb8ea4b1d">
      <Owners>
        <Owner name="AcquisitionTests" />
      </Owners>
      <Execution id="a6ea4eaf-548a-43ad-9536-ecfa223d7b7e" />
      <TestMethod codeBase="D:\v2.0\A1\_work\dbded102\bin\Release.AnyCPU\Sps.Service\MS.VS.Services.Profile.L0.Tests\MS.VS.Services.Profile.L0.Tests.dll" adapterTypeName="Microsoft.VisualStudio.TestTools.TestTypes.Unit.UnitTestAdapter" className="MS.VS.Services.Profile.L0.Tests.FrameworkProfileServiceTests" name="ParameterValidation_EmptyStringAttributeNameThrowsException_Case2" />
    </UnitTest>
    <UnitTest name="ParameterValidation_EmptyStringAttributeNameThrowsException_Case3" storage="d:\v2.0\a1\_work\dbded102\bin\release.anycpu\sps.service\ms.vs.services.profile.l0.tests\ms.vs.services.profile.l0.tests.dll" priority="1" id="9aeef58c-e9dc-72dd-440c-0f5aba620702">
      <Owners>
        <Owner name="AcquisitionTests" />
      </Owners>
      <Execution id="2d7cdbee-9da4-4e69-9bec-e22d2ed0d37f" />
      <TestMethod codeBase="D:\v2.0\A1\_work\dbded102\bin\Release.AnyCPU\Sps.Service\MS.VS.Services.Profile.L0.Tests\MS.VS.Services.Profile.L0.Tests.dll" adapterTypeName="Microsoft.VisualStudio.TestTools.TestTypes.Unit.UnitTestAdapter" className="MS.VS.Services.Profile.L0.Tests.FrameworkProfileServiceTests" name="ParameterValidation_EmptyStringAttributeNameThrowsException_Case3" />
    </UnitTest>
    <UnitTest name="ParameterValidation_EmptyGuidIdentityIdThrowsException_Case1" storage="d:\v2.0\a1\_work\dbded102\bin\release.anycpu\sps.service\ms.vs.services.profile.l0.tests\ms.vs.services.profile.l0.tests.dll" priority="1" id="4304cfbb-a8c8-e696-fc50-309208bdea2c">
      <Owners>
        <Owner name="AcquisitionTests" />
      </Owners>
      <Execution id="757acebe-307a-47da-92a5-7f12d7ff817e" />
      <TestMethod codeBase="D:\v2.0\A1\_work\dbded102\bin\Release.AnyCPU\Sps.Service\MS.VS.Services.Profile.L0.Tests\MS.VS.Services.Profile.L0.Tests.dll" adapterTypeName="Microsoft.VisualStudio.TestTools.TestTypes.Unit.UnitTestAdapter" className="MS.VS.Services.Profile.L0.Tests.FrameworkProfileServiceTests" name="ParameterValidation_EmptyGuidIdentityIdThrowsException_Case1" />
    </UnitTest>
    <UnitTest name="ParameterValidation_EmptyGuidIdentityIdThrowsException_Case2" storage="d:\v2.0\a1\_work\dbded102\bin\release.anycpu\sps.service\ms.vs.services.profile.l0.tests\ms.vs.services.profile.l0.tests.dll" priority="1" id="2f5ce052-0815-175d-ae66-d187d5e02411">
      <Owners>
        <Owner name="AcquisitionTests" />
      </Owners>
      <Execution id="259eabf8-55f8-402b-91f4-93b7124b3ca1" />
      <TestMethod codeBase="D:\v2.0\A1\_work\dbded102\bin\Release.AnyCPU\Sps.Service\MS.VS.Services.Profile.L0.Tests\MS.VS.Services.Profile.L0.Tests.dll" adapterTypeName="Microsoft.VisualStudio.TestTools.TestTypes.Unit.UnitTestAdapter" className="MS.VS.Services.Profile.L0.Tests.FrameworkProfileServiceTests" name="ParameterValidation_EmptyGuidIdentityIdThrowsException_Case2" />
    </UnitTest>
    <UnitTest name="SetAttribute_CallsSetProfileAttributeOnClient" storage="d:\v2.0\a1\_work\dbded102\bin\release.anycpu\sps.service\ms.vs.services.profile.l0.tests\ms.vs.services.profile.l0.tests.dll" priority="1" id="fb955dcf-a5ec-47b2-316e-c435b116b140">
      <Owners>
        <Owner name="AcquisitionTests" />
      </Owners>
      <Execution id="10f63d49-4f07-450d-ad7f-f0166faa1284" />
      <TestMethod codeBase="D:\v2.0\A1\_work\dbded102\bin\Release.AnyCPU\Sps.Service\MS.VS.Services.Profile.L0.Tests\MS.VS.Services.Profile.L0.Tests.dll" adapterTypeName="Microsoft.VisualStudio.TestTools.TestTypes.Unit.UnitTestAdapter" className="MS.VS.Services.Profile.L0.Tests.FrameworkProfileServiceTests" name="SetAttribute_CallsSetProfileAttributeOnClient" />
    </UnitTest>
    <UnitTest name="SetAttribute_Unconditional_CallsUnconditionalSetProfileAttributeOnClient" storage="d:\v2.0\a1\_work\dbded102\bin\release.anycpu\sps.service\ms.vs.services.profile.l0.tests\ms.vs.services.profile.l0.tests.dll" priority="1" id="75a82428-4f07-014c-c947-f6bc8e0b21d0">
      <Owners>
        <Owner name="AcquisitionTests" />
      </Owners>
      <Execution id="ccc84cde-489b-409d-88d7-176a49b413a4" />
      <TestMethod codeBase="D:\v2.0\A1\_work\dbded102\bin\Release.AnyCPU\Sps.Service\MS.VS.Services.Profile.L0.Tests\MS.VS.Services.Profile.L0.Tests.dll" adapterTypeName="Microsoft.VisualStudio.TestTools.TestTypes.Unit.UnitTestAdapter" className="MS.VS.Services.Profile.L0.Tests.FrameworkProfileServiceTests" name="SetAttribute_Unconditional_CallsUnconditionalSetProfileAttributeOnClient" />
    </UnitTest>
    <UnitTest name="GetAttribute_CallsGetAttributeOnClient" storage="d:\v2.0\a1\_work\dbded102\bin\release.anycpu\sps.service\ms.vs.services.profile.l0.tests\ms.vs.services.profile.l0.tests.dll" priority="1" id="6fa58f90-a94b-17ab-ba40-67617863f0ce">
      <Owners>
        <Owner name="AcquisitionTests" />
      </Owners>
      <Execution id="6b16ce08-4ba8-4de6-ad9e-df6b2ee6cf17" />
      <TestMethod codeBase="D:\v2.0\A1\_work\dbded102\bin\Release.AnyCPU\Sps.Service\MS.VS.Services.Profile.L0.Tests\MS.VS.Services.Profile.L0.Tests.dll" adapterTypeName="Microsoft.VisualStudio.TestTools.TestTypes.Unit.UnitTestAdapter" className="MS.VS.Services.Profile.L0.Tests.FrameworkProfileServiceTests" name="GetAttribute_CallsGetAttributeOnClient" />
    </UnitTest>
    <UnitTest name="Get_CallsGetProfileOnClient" storage="d:\v2.0\a1\_work\dbded102\bin\release.anycpu\sps.service\ms.vs.services.profile.l0.tests\ms.vs.services.profile.l0.tests.dll" priority="1" id="8465cda5-bb98-99f6-ac8a-65c91f5e8e38">
      <Owners>
        <Owner name="AcquisitionTests" />
      </Owners>
      <Execution id="40d526a1-99aa-4bf6-8b05-3f45a72857f8" />
      <TestMethod codeBase="D:\v2.0\A1\_work\dbded102\bin\Release.AnyCPU\Sps.Service\MS.VS.Services.Profile.L0.Tests\MS.VS.Services.Profile.L0.Tests.dll" adapterTypeName="Microsoft.VisualStudio.TestTools.TestTypes.Unit.UnitTestAdapter" className="MS.VS.Services.Profile.L0.Tests.FrameworkProfileServiceTests" name="Get_CallsGetProfileOnClient" />
    </UnitTest>
    <UnitTest name="GetAttributes_CallsGetChangedAttributesOnClient_WhenParameterModifiedSinceIsPresent" storage="d:\v2.0\a1\_work\dbded102\bin\release.anycpu\sps.service\ms.vs.services.profile.l0.tests\ms.vs.services.profile.l0.tests.dll" priority="1" id="716b8fe7-ebde-0dfd-4f9f-039a9dae25d8">
      <Owners>
        <Owner name="AcquisitionTests" />
      </Owners>
      <Execution id="3b532b15-fca2-4339-b0bf-7474eddf5759" />
      <TestMethod codeBase="D:\v2.0\A1\_work\dbded102\bin\Release.AnyCPU\Sps.Service\MS.VS.Services.Profile.L0.Tests\MS.VS.Services.Profile.L0.Tests.dll" adapterTypeName="Microsoft.VisualStudio.TestTools.TestTypes.Unit.UnitTestAdapter" className="MS.VS.Services.Profile.L0.Tests.FrameworkProfileServiceTests" name="GetAttributes_CallsGetChangedAttributesOnClient_WhenParameterModifiedSinceIsPresent" />
    </UnitTest>
    <UnitTest name="GetAttribute_ReturnsNull_WhenClientThrowsProfileAttributeNotFoundException" storage="d:\v2.0\a1\_work\dbded102\bin\release.anycpu\sps.service\ms.vs.services.profile.l0.tests\ms.vs.services.profile.l0.tests.dll" priority="1" id="e6f2f407-d91a-7dab-d5ea-b20ee34124aa">
      <Owners>
        <Owner name="AcquisitionTests" />
      </Owners>
      <Execution id="67577ed3-9f62-4905-ae7f-4961efb35d85" />
      <TestMethod codeBase="D:\v2.0\A1\_work\dbded102\bin\Release.AnyCPU\Sps.Service\MS.VS.Services.Profile.L0.Tests\MS.VS.Services.Profile.L0.Tests.dll" adapterTypeName="Microsoft.VisualStudio.TestTools.TestTypes.Unit.UnitTestAdapter" className="MS.VS.Services.Profile.L0.Tests.FrameworkProfileServiceTests" name="GetAttribute_ReturnsNull_WhenClientThrowsProfileAttributeNotFoundException" />
    </UnitTest>
    <UnitTest name="GetAttributes_CallsGetAttributesOnClient_WhenParameterModifiedSinceIsAbsent" storage="d:\v2.0\a1\_work\dbded102\bin\release.anycpu\sps.service\ms.vs.services.profile.l0.tests\ms.vs.services.profile.l0.tests.dll" priority="1" id="1e63489b-71cc-6d71-cb52-517d6d707a35">
      <Owners>
        <Owner name="AcquisitionTests" />
      </Owners>
      <Execution id="538c5f39-1946-481c-ae14-cdfc265ac552" />
      <TestMethod codeBase="D:\v2.0\A1\_work\dbded102\bin\Release.AnyCPU\Sps.Service\MS.VS.Services.Profile.L0.Tests\MS.VS.Services.Profile.L0.Tests.dll" adapterTypeName="Microsoft.VisualStudio.TestTools.TestTypes.Unit.UnitTestAdapter" className="MS.VS.Services.Profile.L0.Tests.FrameworkProfileServiceTests" name="GetAttributes_CallsGetAttributesOnClient_WhenParameterModifiedSinceIsAbsent" />
    </UnitTest>
    <UnitTest name="SetAvatar_CallsSetAvatarOnClient" storage="d:\v2.0\a1\_work\dbded102\bin\release.anycpu\sps.service\ms.vs.services.profile.l0.tests\ms.vs.services.profile.l0.tests.dll" priority="1" id="ea4b0176-99e3-830f-6b3a-5da533faa1a0">
      <Owners>
        <Owner name="AcquisitionTests" />
      </Owners>
      <Execution id="0e16e173-11d1-42cd-8734-8ccb6e09073d" />
      <TestMethod codeBase="D:\v2.0\A1\_work\dbded102\bin\Release.AnyCPU\Sps.Service\MS.VS.Services.Profile.L0.Tests\MS.VS.Services.Profile.L0.Tests.dll" adapterTypeName="Microsoft.VisualStudio.TestTools.TestTypes.Unit.UnitTestAdapter" className="MS.VS.Services.Profile.L0.Tests.FrameworkProfileServiceTests" name="SetAvatar_CallsSetAvatarOnClient" />
    </UnitTest>
    <UnitTest name="GetAvatar_CallsGetAvatarOnClient" storage="d:\v2.0\a1\_work\dbded102\bin\release.anycpu\sps.service\ms.vs.services.profile.l0.tests\ms.vs.services.profile.l0.tests.dll" priority="1" id="a8ca1112-9827-48af-bf0b-9bb65fc62394">
      <Owners>
        <Owner name="AcquisitionTests" />
      </Owners>
      <Execution id="96feb120-27d9-4502-93d2-da53e5f7d0bc" />
      <TestMethod codeBase="D:\v2.0\A1\_work\dbded102\bin\Release.AnyCPU\Sps.Service\MS.VS.Services.Profile.L0.Tests\MS.VS.Services.Profile.L0.Tests.dll" adapterTypeName="Microsoft.VisualStudio.TestTools.TestTypes.Unit.UnitTestAdapter" className="MS.VS.Services.Profile.L0.Tests.FrameworkProfileServiceTests" name="GetAvatar_CallsGetAvatarOnClient" />
    </UnitTest>
    <UnitTest name="LookUpRegionBasedOnIp_CallsLookUpRegionBasedOnIpAsyncOnClient" storage="d:\v2.0\a1\_work\dbded102\bin\release.anycpu\sps.service\ms.vs.services.profile.l0.tests\ms.vs.services.profile.l0.tests.dll" priority="1" id="c812df79-b3d4-807e-99e2-3da527d52a9f">
      <Owners>
        <Owner name="AcquisitionTests" />
      </Owners>
      <Execution id="12ed2b14-1cc6-40da-9298-a67862d7f87f" />
      <TestMethod codeBase="D:\v2.0\A1\_work\dbded102\bin\Release.AnyCPU\Sps.Service\MS.VS.Services.Profile.L0.Tests\MS.VS.Services.Profile.L0.Tests.dll" adapterTypeName="Microsoft.VisualStudio.TestTools.TestTypes.Unit.UnitTestAdapter" className="MS.VS.Services.Profile.L0.Tests.FrameworkProfileServiceTests" name="LookUpRegionBasedOnIp_CallsLookUpRegionBasedOnIpAsyncOnClient" />
    </UnitTest>
    <UnitTest name="DeserializationOfDisplayName_DoesNotFail_ForAnyCulture" storage="d:\v2.0\a1\_work\dbded102\bin\release.anycpu\sps.service\ms.vs.services.profile.l0.tests\ms.vs.services.profile.l0.tests.dll" priority="1" id="4ad6340f-79af-4f20-2c32-0ad655f9ddd4">
      <Owners>
        <Owner name="vscsditeam" />
      </Owners>
      <Execution id="5f676035-f060-4ecb-ad2a-35960207c74e" />
      <TestMethod codeBase="D:\v2.0\A1\_work\dbded102\bin\Release.AnyCPU\Sps.Service\MS.VS.Services.Profile.L0.Tests\MS.VS.Services.Profile.L0.Tests.dll" adapterTypeName="Microsoft.VisualStudio.TestTools.TestTypes.Unit.UnitTestAdapter" className="MS.VS.Services.Profile.L0.Tests.ProfileUtilityTests" name="DeserializationOfDisplayName_DoesNotFail_ForAnyCulture" />
    </UnitTest>
    <UnitTest name="DeserializationOfEmailAddress_DoesNotFail_ForAnyCulture" storage="d:\v2.0\a1\_work\dbded102\bin\release.anycpu\sps.service\ms.vs.services.profile.l0.tests\ms.vs.services.profile.l0.tests.dll" priority="1" id="adb11304-cb3d-b5d2-0723-f6c0ef2f2038">
      <Owners>
        <Owner name="vscsditeam" />
      </Owners>
      <Execution id="e5f891b5-327a-4130-bf85-2db53734d527" />
      <TestMethod codeBase="D:\v2.0\A1\_work\dbded102\bin\Release.AnyCPU\Sps.Service\MS.VS.Services.Profile.L0.Tests\MS.VS.Services.Profile.L0.Tests.dll" adapterTypeName="Microsoft.VisualStudio.TestTools.TestTypes.Unit.UnitTestAdapter" className="MS.VS.Services.Profile.L0.Tests.ProfileUtilityTests" name="DeserializationOfEmailAddress_DoesNotFail_ForAnyCulture" />
    </UnitTest>
    <UnitTest name="DeserializationOfTermsOfServiceAcceptDateField_DoesNotFail_ForAnyCulture" storage="d:\v2.0\a1\_work\dbded102\bin\release.anycpu\sps.service\ms.vs.services.profile.l0.tests\ms.vs.services.profile.l0.tests.dll" priority="1" id="128ee67f-866b-6c2a-29b5-214309075b1f">
      <Owners>
        <Owner name="vscsditeam" />
      </Owners>
      <Execution id="031c68b9-8375-4128-bfe6-a8be43e53294" />
      <TestMethod codeBase="D:\v2.0\A1\_work\dbded102\bin\Release.AnyCPU\Sps.Service\MS.VS.Services.Profile.L0.Tests\MS.VS.Services.Profile.L0.Tests.dll" adapterTypeName="Microsoft.VisualStudio.TestTools.TestTypes.Unit.UnitTestAdapter" className="MS.VS.Services.Profile.L0.Tests.ProfileUtilityTests" name="DeserializationOfTermsOfServiceAcceptDateField_DoesNotFail_ForAnyCulture" />
    </UnitTest>
    <UnitTest name="DeserializationOfTermsOfServiceVersionField_DoesNotFail_ForAnyCulture" storage="d:\v2.0\a1\_work\dbded102\bin\release.anycpu\sps.service\ms.vs.services.profile.l0.tests\ms.vs.services.profile.l0.tests.dll" priority="1" id="dad4e75c-4ccd-19d6-3d19-b7045db013af">
      <Owners>
        <Owner name="vscsditeam" />
      </Owners>
      <Execution id="25e7faa4-ab27-4569-ab53-8920b2387d11" />
      <TestMethod codeBase="D:\v2.0\A1\_work\dbded102\bin\Release.AnyCPU\Sps.Service\MS.VS.Services.Profile.L0.Tests\MS.VS.Services.Profile.L0.Tests.dll" adapterTypeName="Microsoft.VisualStudio.TestTools.TestTypes.Unit.UnitTestAdapter" className="MS.VS.Services.Profile.L0.Tests.ProfileUtilityTests" name="DeserializationOfTermsOfServiceVersionField_DoesNotFail_ForAnyCulture" />
    </UnitTest>
    <UnitTest name="DeserializationOfContactWithOffers_DoesNotFail_ForAnyCulture" storage="d:\v2.0\a1\_work\dbded102\bin\release.anycpu\sps.service\ms.vs.services.profile.l0.tests\ms.vs.services.profile.l0.tests.dll" priority="1" id="3295f920-31aa-9716-05d1-a351fa1a6c9e">
      <Owners>
        <Owner name="vscsditeam" />
      </Owners>
      <Execution id="7058cfe3-bfb8-4d44-bff2-ec168132dca7" />
      <TestMethod codeBase="D:\v2.0\A1\_work\dbded102\bin\Release.AnyCPU\Sps.Service\MS.VS.Services.Profile.L0.Tests\MS.VS.Services.Profile.L0.Tests.dll" adapterTypeName="Microsoft.VisualStudio.TestTools.TestTypes.Unit.UnitTestAdapter" className="MS.VS.Services.Profile.L0.Tests.ProfileUtilityTests" name="DeserializationOfContactWithOffers_DoesNotFail_ForAnyCulture" />
    </UnitTest>
    <UnitTest name="Equals_AttributesQueryContext" storage="d:\v2.0\a1\_work\dbded102\bin\release.anycpu\sps.service\ms.vs.services.profile.l0.tests\ms.vs.services.profile.l0.tests.dll" priority="1" id="692ea816-bba0-577a-ad2d-ef49a900c879">
      <Owners>
        <Owner name="vscsditeam" />
      </Owners>
      <Execution id="e9ada57a-d254-414a-b5b6-dcc4d76561b6" />
      <TestMethod codeBase="D:\v2.0\A1\_work\dbded102\bin\Release.AnyCPU\Sps.Service\MS.VS.Services.Profile.L0.Tests\MS.VS.Services.Profile.L0.Tests.dll" adapterTypeName="Microsoft.VisualStudio.TestTools.TestTypes.Unit.UnitTestAdapter" className="MS.VS.Services.Profile.L0.Tests.ModelTests" name="Equals_AttributesQueryContext" />
    </UnitTest>
    <UnitTest name="Equals_AttributesDescriptor" storage="d:\v2.0\a1\_work\dbded102\bin\release.anycpu\sps.service\ms.vs.services.profile.l0.tests\ms.vs.services.profile.l0.tests.dll" priority="1" id="b1771434-2482-eae2-48f0-c8edaee647eb">
      <Owners>
        <Owner name="vscsditeam" />
      </Owners>
      <Execution id="c5bee001-cdee-4a15-9d76-f9ed9c788871" />
      <TestMethod codeBase="D:\v2.0\A1\_work\dbded102\bin\Release.AnyCPU\Sps.Service\MS.VS.Services.Profile.L0.Tests\MS.VS.Services.Profile.L0.Tests.dll" adapterTypeName="Microsoft.VisualStudio.TestTools.TestTypes.Unit.UnitTestAdapter" className="MS.VS.Services.Profile.L0.Tests.ModelTests" name="Equals_AttributesDescriptor" />
    </UnitTest>
    <UnitTest name="IncorrectInitializationThrows_AttributesQueryContext_1" storage="d:\v2.0\a1\_work\dbded102\bin\release.anycpu\sps.service\ms.vs.services.profile.l0.tests\ms.vs.services.profile.l0.tests.dll" priority="1" id="f3f48c87-9f05-1e82-0760-9008bdbe192c">
      <Owners>
        <Owner name="vscsditeam" />
      </Owners>
      <Execution id="946501f4-c828-4a84-8d5d-3d60de163b04" />
      <TestMethod codeBase="D:\v2.0\A1\_work\dbded102\bin\Release.AnyCPU\Sps.Service\MS.VS.Services.Profile.L0.Tests\MS.VS.Services.Profile.L0.Tests.dll" adapterTypeName="Microsoft.VisualStudio.TestTools.TestTypes.Unit.UnitTestAdapter" className="MS.VS.Services.Profile.L0.Tests.ModelTests" name="IncorrectInitializationThrows_AttributesQueryContext_1" />
    </UnitTest>
    <UnitTest name="IncorrectInitializationThrows_AttributesQueryContext_2" storage="d:\v2.0\a1\_work\dbded102\bin\release.anycpu\sps.service\ms.vs.services.profile.l0.tests\ms.vs.services.profile.l0.tests.dll" priority="1" id="e522ba5c-8d3c-e08c-d623-c3eefb83299e">
      <Owners>
        <Owner name="vscsditeam" />
      </Owners>
      <Execution id="978e1046-94b5-4c4b-8c4a-9ca2e6361022" />
      <TestMethod codeBase="D:\v2.0\A1\_work\dbded102\bin\Release.AnyCPU\Sps.Service\MS.VS.Services.Profile.L0.Tests\MS.VS.Services.Profile.L0.Tests.dll" adapterTypeName="Microsoft.VisualStudio.TestTools.TestTypes.Unit.UnitTestAdapter" className="MS.VS.Services.Profile.L0.Tests.ModelTests" name="IncorrectInitializationThrows_AttributesQueryContext_2" />
    </UnitTest>
    <UnitTest name="IncorrectInitializationThrows_AttributeDescriptor_1" storage="d:\v2.0\a1\_work\dbded102\bin\release.anycpu\sps.service\ms.vs.services.profile.l0.tests\ms.vs.services.profile.l0.tests.dll" priority="1" id="d13a392a-d21a-342b-c7b6-e2fcd6795718">
      <Owners>
        <Owner name="vscsditeam" />
      </Owners>
      <Execution id="054e4eae-7f1e-4616-870a-3caf4b0e300c" />
      <TestMethod codeBase="D:\v2.0\A1\_work\dbded102\bin\Release.AnyCPU\Sps.Service\MS.VS.Services.Profile.L0.Tests\MS.VS.Services.Profile.L0.Tests.dll" adapterTypeName="Microsoft.VisualStudio.TestTools.TestTypes.Unit.UnitTestAdapter" className="MS.VS.Services.Profile.L0.Tests.ModelTests" name="IncorrectInitializationThrows_AttributeDescriptor_1" />
    </UnitTest>
    <UnitTest name="IncorrectInitializationThrows_AttributeDescriptor_2" storage="d:\v2.0\a1\_work\dbded102\bin\release.anycpu\sps.service\ms.vs.services.profile.l0.tests\ms.vs.services.profile.l0.tests.dll" priority="1" id="1d1fc074-e1d3-4b85-2fc9-e75daca18f51">
      <Owners>
        <Owner name="vscsditeam" />
      </Owners>
      <Execution id="f6ce176d-9b00-4928-9eb6-d6f0781b4a32" />
      <TestMethod codeBase="D:\v2.0\A1\_work\dbded102\bin\Release.AnyCPU\Sps.Service\MS.VS.Services.Profile.L0.Tests\MS.VS.Services.Profile.L0.Tests.dll" adapterTypeName="Microsoft.VisualStudio.TestTools.TestTypes.Unit.UnitTestAdapter" className="MS.VS.Services.Profile.L0.Tests.ModelTests" name="IncorrectInitializationThrows_AttributeDescriptor_2" />
    </UnitTest>
    <UnitTest name="IncorrectInitializationThrows_AttributeDescriptor_3" storage="d:\v2.0\a1\_work\dbded102\bin\release.anycpu\sps.service\ms.vs.services.profile.l0.tests\ms.vs.services.profile.l0.tests.dll" priority="1" id="3801dfb6-6285-dc0b-c4e0-036e7e19e556">
      <Owners>
        <Owner name="vscsditeam" />
      </Owners>
      <Execution id="3bab7fa3-7ee2-43aa-bca3-2885afd71425" />
      <TestMethod codeBase="D:\v2.0\A1\_work\dbded102\bin\Release.AnyCPU\Sps.Service\MS.VS.Services.Profile.L0.Tests\MS.VS.Services.Profile.L0.Tests.dll" adapterTypeName="Microsoft.VisualStudio.TestTools.TestTypes.Unit.UnitTestAdapter" className="MS.VS.Services.Profile.L0.Tests.ModelTests" name="IncorrectInitializationThrows_AttributeDescriptor_3" />
    </UnitTest>
    <UnitTest name="IncorrectInitializationThrows_AttributeDescriptor_4" storage="d:\v2.0\a1\_work\dbded102\bin\release.anycpu\sps.service\ms.vs.services.profile.l0.tests\ms.vs.services.profile.l0.tests.dll" priority="1" id="b1228faf-9d81-09e0-5c36-7c9cf609db46">
      <Owners>
        <Owner name="vscsditeam" />
      </Owners>
      <Execution id="c217434d-b431-4fbe-b6dd-71830b523640" />
      <TestMethod codeBase="D:\v2.0\A1\_work\dbded102\bin\Release.AnyCPU\Sps.Service\MS.VS.Services.Profile.L0.Tests\MS.VS.Services.Profile.L0.Tests.dll" adapterTypeName="Microsoft.VisualStudio.TestTools.TestTypes.Unit.UnitTestAdapter" className="MS.VS.Services.Profile.L0.Tests.ModelTests" name="IncorrectInitializationThrows_AttributeDescriptor_4" />
    </UnitTest>
    <UnitTest name="IncorrectInitializationThrows_AttributeDescriptor_5" storage="d:\v2.0\a1\_work\dbded102\bin\release.anycpu\sps.service\ms.vs.services.profile.l0.tests\ms.vs.services.profile.l0.tests.dll" priority="1" id="b33918c5-d877-5ef9-5177-9da795da31ae">
      <Owners>
        <Owner name="vscsditeam" />
      </Owners>
      <Execution id="eb7096bc-37bd-4c88-873e-c464f0965c19" />
      <TestMethod codeBase="D:\v2.0\A1\_work\dbded102\bin\Release.AnyCPU\Sps.Service\MS.VS.Services.Profile.L0.Tests\MS.VS.Services.Profile.L0.Tests.dll" adapterTypeName="Microsoft.VisualStudio.TestTools.TestTypes.Unit.UnitTestAdapter" className="MS.VS.Services.Profile.L0.Tests.ModelTests" name="IncorrectInitializationThrows_AttributeDescriptor_5" />
    </UnitTest>
    <UnitTest name="IncorrectInitializationThrows_AttributeDescriptor_6" storage="d:\v2.0\a1\_work\dbded102\bin\release.anycpu\sps.service\ms.vs.services.profile.l0.tests\ms.vs.services.profile.l0.tests.dll" priority="1" id="b5c90c4a-2ae6-93ca-2865-18676c1bf2d5">
      <Owners>
        <Owner name="vscsditeam" />
      </Owners>
      <Execution id="e84cb583-1257-45af-9cf8-0643e0a286cb" />
      <TestMethod codeBase="D:\v2.0\A1\_work\dbded102\bin\Release.AnyCPU\Sps.Service\MS.VS.Services.Profile.L0.Tests\MS.VS.Services.Profile.L0.Tests.dll" adapterTypeName="Microsoft.VisualStudio.TestTools.TestTypes.Unit.UnitTestAdapter" className="MS.VS.Services.Profile.L0.Tests.ModelTests" name="IncorrectInitializationThrows_AttributeDescriptor_6" />
    </UnitTest>
    <UnitTest name="IncorrectInitializationThrows_AttributeDescriptor_7" storage="d:\v2.0\a1\_work\dbded102\bin\release.anycpu\sps.service\ms.vs.services.profile.l0.tests\ms.vs.services.profile.l0.tests.dll" priority="1" id="c859b881-90a6-5bfb-7388-7dbd13b26517">
      <Owners>
        <Owner name="vscsditeam" />
      </Owners>
      <Execution id="3c3b28a7-f81f-456d-a922-ce791fa5f63b" />
      <TestMethod codeBase="D:\v2.0\A1\_work\dbded102\bin\Release.AnyCPU\Sps.Service\MS.VS.Services.Profile.L0.Tests\MS.VS.Services.Profile.L0.Tests.dll" adapterTypeName="Microsoft.VisualStudio.TestTools.TestTypes.Unit.UnitTestAdapter" className="MS.VS.Services.Profile.L0.Tests.ModelTests" name="IncorrectInitializationThrows_AttributeDescriptor_7" />
    </UnitTest>
    <UnitTest name="IncorrectInitializationThrows_AttributeDescriptor_8" storage="d:\v2.0\a1\_work\dbded102\bin\release.anycpu\sps.service\ms.vs.services.profile.l0.tests\ms.vs.services.profile.l0.tests.dll" priority="1" id="97a7bd4c-3c27-1481-a48d-191b455612d1">
      <Owners>
        <Owner name="vscsditeam" />
      </Owners>
      <Execution id="9fc5d112-c6cf-4cde-b6a7-1302d25bddcf" />
      <TestMethod codeBase="D:\v2.0\A1\_work\dbded102\bin\Release.AnyCPU\Sps.Service\MS.VS.Services.Profile.L0.Tests\MS.VS.Services.Profile.L0.Tests.dll" adapterTypeName="Microsoft.VisualStudio.TestTools.TestTypes.Unit.UnitTestAdapter" className="MS.VS.Services.Profile.L0.Tests.ModelTests" name="IncorrectInitializationThrows_AttributeDescriptor_8" />
    </UnitTest>
    <UnitTest name="LookUpRegionBasedOnIp_ReturnsNullWhenFeatureFlagIsDisabled" storage="d:\v2.0\a1\_work\dbded102\bin\release.anycpu\sps.service\ms.vs.services.profile.l0.tests\ms.vs.services.profile.l0.tests.dll" priority="1" id="d2897dc0-c264-44d1-871c-32034b63957f">
      <Owners>
        <Owner name="AcquisitionTests" />
      </Owners>
      <Execution id="c72b2ed1-be16-4b71-baa9-c150d2bf2b67" />
      <TestMethod codeBase="D:\v2.0\A1\_work\dbded102\bin\Release.AnyCPU\Sps.Service\MS.VS.Services.Profile.L0.Tests\MS.VS.Services.Profile.L0.Tests.dll" adapterTypeName="Microsoft.VisualStudio.TestTools.TestTypes.Unit.UnitTestAdapter" className="MS.VS.Services.Profile.L0.Tests.PlatformProfileServiceTests" name="LookUpRegionBasedOnIp_ReturnsNullWhenFeatureFlagIsDisabled" />
    </UnitTest>
    <UnitTest name="LookUpRegionBasedOnIp_ReturnsUSForLocalhost" storage="d:\v2.0\a1\_work\dbded102\bin\release.anycpu\sps.service\ms.vs.services.profile.l0.tests\ms.vs.services.profile.l0.tests.dll" priority="1" id="dedfea72-5784-c391-6ca2-86a5f3e7f3e2">
      <Owners>
        <Owner name="AcquisitionTests" />
      </Owners>
      <Execution id="089be1f8-19bb-40cf-8097-cb5aeb5961b9" />
      <TestMethod codeBase="D:\v2.0\A1\_work\dbded102\bin\Release.AnyCPU\Sps.Service\MS.VS.Services.Profile.L0.Tests\MS.VS.Services.Profile.L0.Tests.dll" adapterTypeName="Microsoft.VisualStudio.TestTools.TestTypes.Unit.UnitTestAdapter" className="MS.VS.Services.Profile.L0.Tests.PlatformProfileServiceTests" name="LookUpRegionBasedOnIp_ReturnsUSForLocalhost" />
    </UnitTest>
    <UnitTest name="LookUpRegionBasedOnIp_ReturnsTheRegion_ReturnedByGeoClient" storage="d:\v2.0\a1\_work\dbded102\bin\release.anycpu\sps.service\ms.vs.services.profile.l0.tests\ms.vs.services.profile.l0.tests.dll" priority="1" id="79eb1932-1300-0721-fb9a-3d3ecf766be6">
      <Owners>
        <Owner name="AcquisitionTests" />
      </Owners>
      <Execution id="818006c9-6dd2-4fb8-b952-b58a075bd69e" />
      <TestMethod codeBase="D:\v2.0\A1\_work\dbded102\bin\Release.AnyCPU\Sps.Service\MS.VS.Services.Profile.L0.Tests\MS.VS.Services.Profile.L0.Tests.dll" adapterTypeName="Microsoft.VisualStudio.TestTools.TestTypes.Unit.UnitTestAdapter" className="MS.VS.Services.Profile.L0.Tests.PlatformProfileServiceTests" name="LookUpRegionBasedOnIp_ReturnsTheRegion_ReturnedByGeoClient" />
    </UnitTest>
    <UnitTest name="ProfileAttributeRedirection_EnrichProfileQueryFromIms_UpdatesQueryContext" storage="d:\v2.0\a1\_work\dbded102\bin\release.anycpu\sps.service\ms.vs.services.profile.l0.tests\ms.vs.services.profile.l0.tests.dll" priority="1" id="eaa289f2-4c0c-b70c-7b89-df4dd8aefe94">
      <Owners>
        <Owner name="andelmar" />
      </Owners>
      <Execution id="96ffb04b-af62-47b1-954e-b78e018cd9f3" />
      <TestMethod codeBase="D:\v2.0\A1\_work\dbded102\bin\Release.AnyCPU\Sps.Service\MS.VS.Services.Profile.L0.Tests\MS.VS.Services.Profile.L0.Tests.dll" adapterTypeName="Microsoft.VisualStudio.TestTools.TestTypes.Unit.UnitTestAdapter" className="MS.VS.Services.Profile.L0.Tests.ProfileAttributeRedirectionTests" name="ProfileAttributeRedirection_EnrichProfileQueryFromIms_UpdatesQueryContext" />
    </UnitTest>
    <UnitTest name="ProfileAttributeRedirection_EnrichProfileQueryFromIms_ReplacesIdentityAttributes" storage="d:\v2.0\a1\_work\dbded102\bin\release.anycpu\sps.service\ms.vs.services.profile.l0.tests\ms.vs.services.profile.l0.tests.dll" priority="1" id="df33633d-5474-b802-45ae-17b9a269dc61">
      <Owners>
        <Owner name="andelmar" />
      </Owners>
      <Execution id="c0300757-2e3a-4401-a097-2c2589bd5ceb" />
      <TestMethod codeBase="D:\v2.0\A1\_work\dbded102\bin\Release.AnyCPU\Sps.Service\MS.VS.Services.Profile.L0.Tests\MS.VS.Services.Profile.L0.Tests.dll" adapterTypeName="Microsoft.VisualStudio.TestTools.TestTypes.Unit.UnitTestAdapter" className="MS.VS.Services.Profile.L0.Tests.ProfileAttributeRedirectionTests" name="ProfileAttributeRedirection_EnrichProfileQueryFromIms_ReplacesIdentityAttributes" />
    </UnitTest>
    <UnitTest name="ProfileAttributeRedirection_EnrichProfileQueryFromIms_ReactsToNoIdentity" storage="d:\v2.0\a1\_work\dbded102\bin\release.anycpu\sps.service\ms.vs.services.profile.l0.tests\ms.vs.services.profile.l0.tests.dll" priority="1" id="3a462568-6c45-d704-a439-b085668952e3">
      <Owners>
        <Owner name="andelmar" />
      </Owners>
      <Execution id="8d5dcdec-c8a9-4b41-bf87-b37b93ec4c25" />
      <TestMethod codeBase="D:\v2.0\A1\_work\dbded102\bin\Release.AnyCPU\Sps.Service\MS.VS.Services.Profile.L0.Tests\MS.VS.Services.Profile.L0.Tests.dll" adapterTypeName="Microsoft.VisualStudio.TestTools.TestTypes.Unit.UnitTestAdapter" className="MS.VS.Services.Profile.L0.Tests.ProfileAttributeRedirectionTests" name="ProfileAttributeRedirection_EnrichProfileQueryFromIms_ReactsToNoIdentity" />
    </UnitTest>
    <UnitTest name="ProfileAttributeRedirection_EnrichProfileQueryFromIms_OnlyCallsIdentityWhenNeeded" storage="d:\v2.0\a1\_work\dbded102\bin\release.anycpu\sps.service\ms.vs.services.profile.l0.tests\ms.vs.services.profile.l0.tests.dll" priority="1" id="adbd10c9-d568-8b8a-5268-46685599f475">
      <Owners>
        <Owner name="andelmar" />
      </Owners>
      <Execution id="d6a63c18-aa73-43d2-95f2-e13255c22f58" />
      <TestMethod codeBase="D:\v2.0\A1\_work\dbded102\bin\Release.AnyCPU\Sps.Service\MS.VS.Services.Profile.L0.Tests\MS.VS.Services.Profile.L0.Tests.dll" adapterTypeName="Microsoft.VisualStudio.TestTools.TestTypes.Unit.UnitTestAdapter" className="MS.VS.Services.Profile.L0.Tests.ProfileAttributeRedirectionTests" name="ProfileAttributeRedirection_EnrichProfileQueryFromIms_OnlyCallsIdentityWhenNeeded" />
    </UnitTest>
    <UnitTest name="ProfileAttributeRedirection_EnrichProfileAttributeQueryFromIms_UpdatesQueryContext" storage="d:\v2.0\a1\_work\dbded102\bin\release.anycpu\sps.service\ms.vs.services.profile.l0.tests\ms.vs.services.profile.l0.tests.dll" priority="1" id="d6185d98-d844-6112-6b13-69070caa8995">
      <Owners>
        <Owner name="andelmar" />
      </Owners>
      <Execution id="c9ff1266-6924-4448-9963-1bdcd3237823" />
      <TestMethod codeBase="D:\v2.0\A1\_work\dbded102\bin\Release.AnyCPU\Sps.Service\MS.VS.Services.Profile.L0.Tests\MS.VS.Services.Profile.L0.Tests.dll" adapterTypeName="Microsoft.VisualStudio.TestTools.TestTypes.Unit.UnitTestAdapter" className="MS.VS.Services.Profile.L0.Tests.ProfileAttributeRedirectionTests" name="ProfileAttributeRedirection_EnrichProfileAttributeQueryFromIms_UpdatesQueryContext" />
    </UnitTest>
    <UnitTest name="ProfileAttributeRedirection_EnrichProfileAttributeQueryFromIms_ReplacesIdentityAttributes" storage="d:\v2.0\a1\_work\dbded102\bin\release.anycpu\sps.service\ms.vs.services.profile.l0.tests\ms.vs.services.profile.l0.tests.dll" priority="1" id="ab704369-37c0-59e7-96d4-63adfaf2286c">
      <Owners>
        <Owner name="andelmar" />
      </Owners>
      <Execution id="65f87c58-e79a-43c3-9046-8eeef8a5b37e" />
      <TestMethod codeBase="D:\v2.0\A1\_work\dbded102\bin\Release.AnyCPU\Sps.Service\MS.VS.Services.Profile.L0.Tests\MS.VS.Services.Profile.L0.Tests.dll" adapterTypeName="Microsoft.VisualStudio.TestTools.TestTypes.Unit.UnitTestAdapter" className="MS.VS.Services.Profile.L0.Tests.ProfileAttributeRedirectionTests" name="ProfileAttributeRedirection_EnrichProfileAttributeQueryFromIms_ReplacesIdentityAttributes" />
    </UnitTest>
    <UnitTest name="ProfileAttributeRedirection_EnrichProfileAttributeQueryFromIms_PreservesProfileAttributes" storage="d:\v2.0\a1\_work\dbded102\bin\release.anycpu\sps.service\ms.vs.services.profile.l0.tests\ms.vs.services.profile.l0.tests.dll" priority="1" id="aa9fa291-c5e9-55ed-c411-d7a167f9883e">
      <Owners>
        <Owner name="andelmar" />
      </Owners>
      <Execution id="5a99bb69-6a42-41d9-b9f8-62cc8a50bab8" />
      <TestMethod codeBase="D:\v2.0\A1\_work\dbded102\bin\Release.AnyCPU\Sps.Service\MS.VS.Services.Profile.L0.Tests\MS.VS.Services.Profile.L0.Tests.dll" adapterTypeName="Microsoft.VisualStudio.TestTools.TestTypes.Unit.UnitTestAdapter" className="MS.VS.Services.Profile.L0.Tests.ProfileAttributeRedirectionTests" name="ProfileAttributeRedirection_EnrichProfileAttributeQueryFromIms_PreservesProfileAttributes" />
    </UnitTest>
    <UnitTest name="ProfileAttributeRedirection_EnrichProfileAttributeQueryFromIms_ReactsToNoIdentity" storage="d:\v2.0\a1\_work\dbded102\bin\release.anycpu\sps.service\ms.vs.services.profile.l0.tests\ms.vs.services.profile.l0.tests.dll" priority="1" id="6ea0044d-6f2a-e3ad-9568-f698da021632">
      <Owners>
        <Owner name="andelmar" />
      </Owners>
      <Execution id="0c2cc29b-8439-4344-ad9f-a170b3c628e5" />
      <TestMethod codeBase="D:\v2.0\A1\_work\dbded102\bin\Release.AnyCPU\Sps.Service\MS.VS.Services.Profile.L0.Tests\MS.VS.Services.Profile.L0.Tests.dll" adapterTypeName="Microsoft.VisualStudio.TestTools.TestTypes.Unit.UnitTestAdapter" className="MS.VS.Services.Profile.L0.Tests.ProfileAttributeRedirectionTests" name="ProfileAttributeRedirection_EnrichProfileAttributeQueryFromIms_ReactsToNoIdentity" />
    </UnitTest>
    <UnitTest name="ProfileAttributeRedirection_EnrichProfileAttributeQueryFromIms_OnlyCallsIdentityWhenNeeded" storage="d:\v2.0\a1\_work\dbded102\bin\release.anycpu\sps.service\ms.vs.services.profile.l0.tests\ms.vs.services.profile.l0.tests.dll" priority="1" id="12e8ffa6-8ee3-cd29-2e6d-d0be1b019e79">
      <Owners>
        <Owner name="andelmar" />
      </Owners>
      <Execution id="d3433937-3961-4fd5-af21-770cddd83852" />
      <TestMethod codeBase="D:\v2.0\A1\_work\dbded102\bin\Release.AnyCPU\Sps.Service\MS.VS.Services.Profile.L0.Tests\MS.VS.Services.Profile.L0.Tests.dll" adapterTypeName="Microsoft.VisualStudio.TestTools.TestTypes.Unit.UnitTestAdapter" className="MS.VS.Services.Profile.L0.Tests.ProfileAttributeRedirectionTests" name="ProfileAttributeRedirection_EnrichProfileAttributeQueryFromIms_OnlyCallsIdentityWhenNeeded" />
    </UnitTest>
    <UnitTest name="ProfileAttributeRedirection_EnrichProfileAttributeQueryFromIms_ReactsToNullAttributeLists" storage="d:\v2.0\a1\_work\dbded102\bin\release.anycpu\sps.service\ms.vs.services.profile.l0.tests\ms.vs.services.profile.l0.tests.dll" priority="1" id="cb38b05c-ee15-3b58-ce03-e3bb1f815914">
      <Owners>
        <Owner name="andelmar" />
      </Owners>
      <Execution id="6f7d039c-b8ac-4101-8eed-ac002eca7110" />
      <TestMethod codeBase="D:\v2.0\A1\_work\dbded102\bin\Release.AnyCPU\Sps.Service\MS.VS.Services.Profile.L0.Tests\MS.VS.Services.Profile.L0.Tests.dll" adapterTypeName="Microsoft.VisualStudio.TestTools.TestTypes.Unit.UnitTestAdapter" className="MS.VS.Services.Profile.L0.Tests.ProfileAttributeRedirectionTests" name="ProfileAttributeRedirection_EnrichProfileAttributeQueryFromIms_ReactsToNullAttributeLists" />
    </UnitTest>
    <UnitTest name="ProfileAttributeRedirection_GetCoreAttributesFromIms_OnlyCallsIdentityWhenNeeded" storage="d:\v2.0\a1\_work\dbded102\bin\release.anycpu\sps.service\ms.vs.services.profile.l0.tests\ms.vs.services.profile.l0.tests.dll" priority="1" id="29f3695d-8225-c298-7e40-58f7132f128a">
      <Owners>
        <Owner name="andelmar" />
      </Owners>
      <Execution id="c0cd967a-6ae7-40f4-80e6-4c044fbd6f85" />
      <TestMethod codeBase="D:\v2.0\A1\_work\dbded102\bin\Release.AnyCPU\Sps.Service\MS.VS.Services.Profile.L0.Tests\MS.VS.Services.Profile.L0.Tests.dll" adapterTypeName="Microsoft.VisualStudio.TestTools.TestTypes.Unit.UnitTestAdapter" className="MS.VS.Services.Profile.L0.Tests.ProfileAttributeRedirectionTests" name="ProfileAttributeRedirection_GetCoreAttributesFromIms_OnlyCallsIdentityWhenNeeded" />
    </UnitTest>
    <UnitTest name="ProfileAttributeRedirection_GetCoreAttributesFromIms_ReactsToNoIdentity" storage="d:\v2.0\a1\_work\dbded102\bin\release.anycpu\sps.service\ms.vs.services.profile.l0.tests\ms.vs.services.profile.l0.tests.dll" priority="1" id="36ae3ec7-b749-94de-ff2e-8303d8dbf890">
      <Owners>
        <Owner name="andelmar" />
      </Owners>
      <Execution id="7ed753d4-ccc9-49b2-9b84-e0362ed34580" />
      <TestMethod codeBase="D:\v2.0\A1\_work\dbded102\bin\Release.AnyCPU\Sps.Service\MS.VS.Services.Profile.L0.Tests\MS.VS.Services.Profile.L0.Tests.dll" adapterTypeName="Microsoft.VisualStudio.TestTools.TestTypes.Unit.UnitTestAdapter" className="MS.VS.Services.Profile.L0.Tests.ProfileAttributeRedirectionTests" name="ProfileAttributeRedirection_GetCoreAttributesFromIms_ReactsToNoIdentity" />
    </UnitTest>
    <UnitTest name="ProfileAttributeRedirection_GetDisplayNameFromIms_GetsDisplayName" storage="d:\v2.0\a1\_work\dbded102\bin\release.anycpu\sps.service\ms.vs.services.profile.l0.tests\ms.vs.services.profile.l0.tests.dll" priority="1" id="5445b1a5-f8f7-ce3a-af70-d393a543bdcd">
      <Owners>
        <Owner name="andelmar" />
      </Owners>
      <Execution id="fca981e7-55dc-470a-802b-d9774e03719a" />
      <TestMethod codeBase="D:\v2.0\A1\_work\dbded102\bin\Release.AnyCPU\Sps.Service\MS.VS.Services.Profile.L0.Tests\MS.VS.Services.Profile.L0.Tests.dll" adapterTypeName="Microsoft.VisualStudio.TestTools.TestTypes.Unit.UnitTestAdapter" className="MS.VS.Services.Profile.L0.Tests.ProfileAttributeRedirectionTests" name="ProfileAttributeRedirection_GetDisplayNameFromIms_GetsDisplayName" />
    </UnitTest>
    <UnitTest name="ProfileAttributeRedirection_GetDisplayNameFromIms_ReactsToNoIdentity" storage="d:\v2.0\a1\_work\dbded102\bin\release.anycpu\sps.service\ms.vs.services.profile.l0.tests\ms.vs.services.profile.l0.tests.dll" priority="1" id="dfe17340-beaf-b7ff-84dc-badee7c91ece">
      <Owners>
        <Owner name="andelmar" />
      </Owners>
      <Execution id="7d634fea-c111-4a6a-a49e-de9f21443698" />
      <TestMethod codeBase="D:\v2.0\A1\_work\dbded102\bin\Release.AnyCPU\Sps.Service\MS.VS.Services.Profile.L0.Tests\MS.VS.Services.Profile.L0.Tests.dll" adapterTypeName="Microsoft.VisualStudio.TestTools.TestTypes.Unit.UnitTestAdapter" className="MS.VS.Services.Profile.L0.Tests.ProfileAttributeRedirectionTests" name="ProfileAttributeRedirection_GetDisplayNameFromIms_ReactsToNoIdentity" />
    </UnitTest>
    <UnitTest name="ProfileAttributeRedirection_GetEmailAddressFromIms_GetsEmailAddress" storage="d:\v2.0\a1\_work\dbded102\bin\release.anycpu\sps.service\ms.vs.services.profile.l0.tests\ms.vs.services.profile.l0.tests.dll" priority="1" id="3bbeca69-2a20-0573-aef5-a30190d63261">
      <Owners>
        <Owner name="andelmar" />
      </Owners>
      <Execution id="2f45fed2-dc30-4f79-8ffb-9a5ff8742b7f" />
      <TestMethod codeBase="D:\v2.0\A1\_work\dbded102\bin\Release.AnyCPU\Sps.Service\MS.VS.Services.Profile.L0.Tests\MS.VS.Services.Profile.L0.Tests.dll" adapterTypeName="Microsoft.VisualStudio.TestTools.TestTypes.Unit.UnitTestAdapter" className="MS.VS.Services.Profile.L0.Tests.ProfileAttributeRedirectionTests" name="ProfileAttributeRedirection_GetEmailAddressFromIms_GetsEmailAddress" />
    </UnitTest>
    <UnitTest name="ProfileAttributeRedirection_GetEmailAddressFromIms_ReactsToNoIdentity" storage="d:\v2.0\a1\_work\dbded102\bin\release.anycpu\sps.service\ms.vs.services.profile.l0.tests\ms.vs.services.profile.l0.tests.dll" priority="1" id="48f76585-b018-4e29-7bf8-96e57bd1d573">
      <Owners>
        <Owner name="andelmar" />
      </Owners>
      <Execution id="128804a7-7d47-4fad-b261-1893ed03a629" />
      <TestMethod codeBase="D:\v2.0\A1\_work\dbded102\bin\Release.AnyCPU\Sps.Service\MS.VS.Services.Profile.L0.Tests\MS.VS.Services.Profile.L0.Tests.dll" adapterTypeName="Microsoft.VisualStudio.TestTools.TestTypes.Unit.UnitTestAdapter" className="MS.VS.Services.Profile.L0.Tests.ProfileAttributeRedirectionTests" name="ProfileAttributeRedirection_GetEmailAddressFromIms_ReactsToNoIdentity" />
    </UnitTest>
    <UnitTest name="ProfileAttributeRedirection_GetUnconfirmedEmailAddressFromIms_GetsUnconfirmedEmailAddress" storage="d:\v2.0\a1\_work\dbded102\bin\release.anycpu\sps.service\ms.vs.services.profile.l0.tests\ms.vs.services.profile.l0.tests.dll" priority="1" id="5d65194f-722d-a7ee-fae4-c4e8a43de9f0">
      <Owners>
        <Owner name="andelmar" />
      </Owners>
      <Execution id="a189ddb6-a050-4b02-8a1f-40e19b189649" />
      <TestMethod codeBase="D:\v2.0\A1\_work\dbded102\bin\Release.AnyCPU\Sps.Service\MS.VS.Services.Profile.L0.Tests\MS.VS.Services.Profile.L0.Tests.dll" adapterTypeName="Microsoft.VisualStudio.TestTools.TestTypes.Unit.UnitTestAdapter" className="MS.VS.Services.Profile.L0.Tests.ProfileAttributeRedirectionTests" name="ProfileAttributeRedirection_GetUnconfirmedEmailAddressFromIms_GetsUnconfirmedEmailAddress" />
    </UnitTest>
    <UnitTest name="ProfileAttributeRedirection_GetUnconfirmedEmailAddressFromIms_ReactsToNoIdentity" storage="d:\v2.0\a1\_work\dbded102\bin\release.anycpu\sps.service\ms.vs.services.profile.l0.tests\ms.vs.services.profile.l0.tests.dll" priority="1" id="26f9c2cf-69e1-2cfd-f3e5-6f9648144189">
      <Owners>
        <Owner name="andelmar" />
      </Owners>
      <Execution id="31e0721d-87e9-4b2c-833b-9c80d64029b4" />
      <TestMethod codeBase="D:\v2.0\A1\_work\dbded102\bin\Release.AnyCPU\Sps.Service\MS.VS.Services.Profile.L0.Tests\MS.VS.Services.Profile.L0.Tests.dll" adapterTypeName="Microsoft.VisualStudio.TestTools.TestTypes.Unit.UnitTestAdapter" className="MS.VS.Services.Profile.L0.Tests.ProfileAttributeRedirectionTests" name="ProfileAttributeRedirection_GetUnconfirmedEmailAddressFromIms_ReactsToNoIdentity" />
    </UnitTest>
    <UnitTest name="ProfileAttributeRedirection_UpdateProfileAttributesInIms_ReturnsUpdatedProfile" storage="d:\v2.0\a1\_work\dbded102\bin\release.anycpu\sps.service\ms.vs.services.profile.l0.tests\ms.vs.services.profile.l0.tests.dll" priority="1" id="d6adc898-4d26-ae39-1bdd-1752661b818d">
      <Owners>
        <Owner name="andelmar" />
      </Owners>
      <Execution id="0a2777e0-b40f-4643-a47a-79c495130bd0" />
      <TestMethod codeBase="D:\v2.0\A1\_work\dbded102\bin\Release.AnyCPU\Sps.Service\MS.VS.Services.Profile.L0.Tests\MS.VS.Services.Profile.L0.Tests.dll" adapterTypeName="Microsoft.VisualStudio.TestTools.TestTypes.Unit.UnitTestAdapter" className="MS.VS.Services.Profile.L0.Tests.ProfileAttributeRedirectionTests" name="ProfileAttributeRedirection_UpdateProfileAttributesInIms_ReturnsUpdatedProfile" />
    </UnitTest>
    <UnitTest name="ProfileAttributeRedirection_UpdateProfileAttributesInIms_WillUseRequestIdentity" storage="d:\v2.0\a1\_work\dbded102\bin\release.anycpu\sps.service\ms.vs.services.profile.l0.tests\ms.vs.services.profile.l0.tests.dll" priority="1" id="2169994d-ddb9-c04b-5c1a-2d71d160d28f">
      <Owners>
        <Owner name="andelmar" />
      </Owners>
      <Execution id="57230d29-b4eb-4874-be9a-0f140ef77901" />
      <TestMethod codeBase="D:\v2.0\A1\_work\dbded102\bin\Release.AnyCPU\Sps.Service\MS.VS.Services.Profile.L0.Tests\MS.VS.Services.Profile.L0.Tests.dll" adapterTypeName="Microsoft.VisualStudio.TestTools.TestTypes.Unit.UnitTestAdapter" className="MS.VS.Services.Profile.L0.Tests.ProfileAttributeRedirectionTests" name="ProfileAttributeRedirection_UpdateProfileAttributesInIms_WillUseRequestIdentity" />
    </UnitTest>
    <UnitTest name="ProfileAttributeRedirection_UpdateCoreAttributeListInIms_ReturnsUpdatedList" storage="d:\v2.0\a1\_work\dbded102\bin\release.anycpu\sps.service\ms.vs.services.profile.l0.tests\ms.vs.services.profile.l0.tests.dll" priority="1" id="5762032a-1f3d-0046-c015-8cd65c771a16">
      <Owners>
        <Owner name="andelmar" />
      </Owners>
      <Execution id="57d3eba9-cb76-4aeb-a043-e16f5d760d25" />
      <TestMethod codeBase="D:\v2.0\A1\_work\dbded102\bin\Release.AnyCPU\Sps.Service\MS.VS.Services.Profile.L0.Tests\MS.VS.Services.Profile.L0.Tests.dll" adapterTypeName="Microsoft.VisualStudio.TestTools.TestTypes.Unit.UnitTestAdapter" className="MS.VS.Services.Profile.L0.Tests.ProfileAttributeRedirectionTests" name="ProfileAttributeRedirection_UpdateCoreAttributeListInIms_ReturnsUpdatedList" />
    </UnitTest>
    <UnitTest name="ProfileAttributeRedirection_UpdateCoreAttributeListInIms_CallsUpdateIdentityWithProperties" storage="d:\v2.0\a1\_work\dbded102\bin\release.anycpu\sps.service\ms.vs.services.profile.l0.tests\ms.vs.services.profile.l0.tests.dll" priority="1" id="f10f2cea-3b4b-91ce-f642-2003ec307170">
      <Owners>
        <Owner name="andelmar" />
      </Owners>
      <Execution id="5137c9fd-5150-48ac-869a-17b684b67491" />
      <TestMethod codeBase="D:\v2.0\A1\_work\dbded102\bin\Release.AnyCPU\Sps.Service\MS.VS.Services.Profile.L0.Tests\MS.VS.Services.Profile.L0.Tests.dll" adapterTypeName="Microsoft.VisualStudio.TestTools.TestTypes.Unit.UnitTestAdapter" className="MS.VS.Services.Profile.L0.Tests.ProfileAttributeRedirectionTests" name="ProfileAttributeRedirection_UpdateCoreAttributeListInIms_CallsUpdateIdentityWithProperties" />
    </UnitTest>
    <UnitTest name="ProfileAttributeRedirection_CreateProfileAttributesInIms_CallsUpdateIdentityWithProperties" storage="d:\v2.0\a1\_work\dbded102\bin\release.anycpu\sps.service\ms.vs.services.profile.l0.tests\ms.vs.services.profile.l0.tests.dll" priority="1" id="600391c9-c152-8f74-33a7-95627d8addfe">
      <Owners>
        <Owner name="andelmar" />
      </Owners>
      <Execution id="65c791f3-60b8-4e9b-8f9a-c21c33558295" />
      <TestMethod codeBase="D:\v2.0\A1\_work\dbded102\bin\Release.AnyCPU\Sps.Service\MS.VS.Services.Profile.L0.Tests\MS.VS.Services.Profile.L0.Tests.dll" adapterTypeName="Microsoft.VisualStudio.TestTools.TestTypes.Unit.UnitTestAdapter" className="MS.VS.Services.Profile.L0.Tests.ProfileAttributeRedirectionTests" name="ProfileAttributeRedirection_CreateProfileAttributesInIms_CallsUpdateIdentityWithProperties" />
    </UnitTest>
    <UnitTest name="ProfileAttributeRedirection_UpdateDisplayNameInIms_CallsUpdateIdentityWithProperty" storage="d:\v2.0\a1\_work\dbded102\bin\release.anycpu\sps.service\ms.vs.services.profile.l0.tests\ms.vs.services.profile.l0.tests.dll" priority="1" id="c31337fe-496b-121c-650d-b874138487d6">
      <Owners>
        <Owner name="andelmar" />
      </Owners>
      <Execution id="d5a9d379-3ca9-48e5-a6ac-d684710de179" />
      <TestMethod codeBase="D:\v2.0\A1\_work\dbded102\bin\Release.AnyCPU\Sps.Service\MS.VS.Services.Profile.L0.Tests\MS.VS.Services.Profile.L0.Tests.dll" adapterTypeName="Microsoft.VisualStudio.TestTools.TestTypes.Unit.UnitTestAdapter" className="MS.VS.Services.Profile.L0.Tests.ProfileAttributeRedirectionTests" name="ProfileAttributeRedirection_UpdateDisplayNameInIms_CallsUpdateIdentityWithProperty" />
    </UnitTest>
    <UnitTest name="ProfileAttributeRedirection_UpdateEmailAddressInIms_CallsUpdateIdentityWithProperty" storage="d:\v2.0\a1\_work\dbded102\bin\release.anycpu\sps.service\ms.vs.services.profile.l0.tests\ms.vs.services.profile.l0.tests.dll" priority="1" id="9930b5ce-add1-3f5f-aeef-73fadde35a1a">
      <Owners>
        <Owner name="andelmar" />
      </Owners>
      <Execution id="26bbcaea-f59d-4778-a40c-7f7a97c8a43b" />
      <TestMethod codeBase="D:\v2.0\A1\_work\dbded102\bin\Release.AnyCPU\Sps.Service\MS.VS.Services.Profile.L0.Tests\MS.VS.Services.Profile.L0.Tests.dll" adapterTypeName="Microsoft.VisualStudio.TestTools.TestTypes.Unit.UnitTestAdapter" className="MS.VS.Services.Profile.L0.Tests.ProfileAttributeRedirectionTests" name="ProfileAttributeRedirection_UpdateEmailAddressInIms_CallsUpdateIdentityWithProperty" />
    </UnitTest>
    <UnitTest name="ProfileAttributeRedirection_UpdateUnconfirmedEmailAddressInIms_CallsUpdateIdentityWithProperty" storage="d:\v2.0\a1\_work\dbded102\bin\release.anycpu\sps.service\ms.vs.services.profile.l0.tests\ms.vs.services.profile.l0.tests.dll" priority="1" id="4d06ee1f-ad45-5a8f-3816-916a60d04d20">
      <Owners>
        <Owner name="andelmar" />
      </Owners>
      <Execution id="556c4b0b-6315-431b-a1f6-5bee7b642ccf" />
      <TestMethod codeBase="D:\v2.0\A1\_work\dbded102\bin\Release.AnyCPU\Sps.Service\MS.VS.Services.Profile.L0.Tests\MS.VS.Services.Profile.L0.Tests.dll" adapterTypeName="Microsoft.VisualStudio.TestTools.TestTypes.Unit.UnitTestAdapter" className="MS.VS.Services.Profile.L0.Tests.ProfileAttributeRedirectionTests" name="ProfileAttributeRedirection_UpdateUnconfirmedEmailAddressInIms_CallsUpdateIdentityWithProperty" />
    </UnitTest>
    <UnitTest name="ProfileDataMigrationJobExtension_TeamFoundationJobExecutionResult_Test" storage="d:\v2.0\a1\_work\dbded102\bin\release.anycpu\sps.service\ms.vs.services.profile.l0.tests\ms.vs.services.profile.l0.tests.dll" priority="1" id="926f8e73-b99f-274e-5589-4417db8746d2">
      <Owners>
        <Owner name="maojha" />
      </Owners>
      <Execution id="266f0e50-d64c-46a1-995a-0ccd76547ac4" />
      <TestMethod codeBase="D:\v2.0\A1\_work\dbded102\bin\Release.AnyCPU\Sps.Service\MS.VS.Services.Profile.L0.Tests\MS.VS.Services.Profile.L0.Tests.dll" adapterTypeName="Microsoft.VisualStudio.TestTools.TestTypes.Unit.UnitTestAdapter" className="MS.VS.Services.Profile.L0.Tests.ProfileDataMigrationJobExtensionTest" name="ProfileDataMigrationJobExtension_TeamFoundationJobExecutionResult_Test" />
    </UnitTest>
    <UnitTest name="ProfileDataMigrationJobExtension_TeamFoundationJobExecutionResult1_Test" storage="d:\v2.0\a1\_work\dbded102\bin\release.anycpu\sps.service\ms.vs.services.profile.l0.tests\ms.vs.services.profile.l0.tests.dll" priority="1" id="73c3eb45-7a25-fc37-abff-79300cec7221">
      <Owners>
        <Owner name="maojha" />
      </Owners>
      <Execution id="f5408678-3d25-4855-b53b-3390e08227c7" />
      <TestMethod codeBase="D:\v2.0\A1\_work\dbded102\bin\Release.AnyCPU\Sps.Service\MS.VS.Services.Profile.L0.Tests\MS.VS.Services.Profile.L0.Tests.dll" adapterTypeName="Microsoft.VisualStudio.TestTools.TestTypes.Unit.UnitTestAdapter" className="MS.VS.Services.Profile.L0.Tests.ProfileDataMigrationJobExtensionTest" name="ProfileDataMigrationJobExtension_TeamFoundationJobExecutionResult1_Test" />
    </UnitTest>
    <UnitTest name="ProfileDataMigrationJobExtension_TeamFoundationJobExecutionResult3_Test" storage="d:\v2.0\a1\_work\dbded102\bin\release.anycpu\sps.service\ms.vs.services.profile.l0.tests\ms.vs.services.profile.l0.tests.dll" priority="1" id="f7c11a9b-ea4e-8af3-ac72-051bda1e56eb">
      <Owners>
        <Owner name="maojha" />
      </Owners>
      <Execution id="c12b54fd-48d3-45d7-839e-045a51b6dfd6" />
      <TestMethod codeBase="D:\v2.0\A1\_work\dbded102\bin\Release.AnyCPU\Sps.Service\MS.VS.Services.Profile.L0.Tests\MS.VS.Services.Profile.L0.Tests.dll" adapterTypeName="Microsoft.VisualStudio.TestTools.TestTypes.Unit.UnitTestAdapter" className="MS.VS.Services.Profile.L0.Tests.ProfileDataMigrationJobExtensionTest" name="ProfileDataMigrationJobExtension_TeamFoundationJobExecutionResult3_Test" />
    </UnitTest>
    <UnitTest name="ProfileDataMigrationJobExtension_TeamFoundationJobExecutionResult4_Test" storage="d:\v2.0\a1\_work\dbded102\bin\release.anycpu\sps.service\ms.vs.services.profile.l0.tests\ms.vs.services.profile.l0.tests.dll" priority="1" id="2349169d-6ecc-e65c-e1ac-8be64ff275b0">
      <Owners>
        <Owner name="maojha" />
      </Owners>
      <Execution id="4f77fefb-f076-4862-9098-8cef366e19b0" />
      <TestMethod codeBase="D:\v2.0\A1\_work\dbded102\bin\Release.AnyCPU\Sps.Service\MS.VS.Services.Profile.L0.Tests\MS.VS.Services.Profile.L0.Tests.dll" adapterTypeName="Microsoft.VisualStudio.TestTools.TestTypes.Unit.UnitTestAdapter" className="MS.VS.Services.Profile.L0.Tests.ProfileDataMigrationJobExtensionTest" name="ProfileDataMigrationJobExtension_TeamFoundationJobExecutionResult4_Test" />
    </UnitTest>
    <UnitTest name="ProfileDataMigrationJobExtension_TeamFoundationJobExecutionResult5_Test" storage="d:\v2.0\a1\_work\dbded102\bin\release.anycpu\sps.service\ms.vs.services.profile.l0.tests\ms.vs.services.profile.l0.tests.dll" priority="1" id="33c05bbc-9320-0a6a-8154-cb853aa4bc85">
      <Owners>
        <Owner name="maojha" />
      </Owners>
      <Execution id="053c8e97-3050-4555-a38d-72b2032e7f7c" />
      <TestMethod codeBase="D:\v2.0\A1\_work\dbded102\bin\Release.AnyCPU\Sps.Service\MS.VS.Services.Profile.L0.Tests\MS.VS.Services.Profile.L0.Tests.dll" adapterTypeName="Microsoft.VisualStudio.TestTools.TestTypes.Unit.UnitTestAdapter" className="MS.VS.Services.Profile.L0.Tests.ProfileDataMigrationJobExtensionTest" name="ProfileDataMigrationJobExtension_TeamFoundationJobExecutionResult5_Test" />
    </UnitTest>
    <UnitTest name="ProfileDataMigrationJobExtension_TeamFoundationJobExecutionResult6_Test" storage="d:\v2.0\a1\_work\dbded102\bin\release.anycpu\sps.service\ms.vs.services.profile.l0.tests\ms.vs.services.profile.l0.tests.dll" priority="1" id="22541de7-5876-fa80-c2de-128438d2f245">
      <Owners>
        <Owner name="maojha" />
      </Owners>
      <Execution id="b44885a4-084c-48df-9bc9-f37ea4f671a2" />
      <TestMethod codeBase="D:\v2.0\A1\_work\dbded102\bin\Release.AnyCPU\Sps.Service\MS.VS.Services.Profile.L0.Tests\MS.VS.Services.Profile.L0.Tests.dll" adapterTypeName="Microsoft.VisualStudio.TestTools.TestTypes.Unit.UnitTestAdapter" className="MS.VS.Services.Profile.L0.Tests.ProfileDataMigrationJobExtensionTest" name="ProfileDataMigrationJobExtension_TeamFoundationJobExecutionResult6_Test" />
    </UnitTest>
    <UnitTest name="ProfileDataMigrationJobExtension_TeamFoundationJobExecutionResult7_Test" storage="d:\v2.0\a1\_work\dbded102\bin\release.anycpu\sps.service\ms.vs.services.profile.l0.tests\ms.vs.services.profile.l0.tests.dll" priority="1" id="462445de-656b-a891-3a02-64f15dcb418d">
      <Owners>
        <Owner name="maojha" />
      </Owners>
      <Execution id="3ed18c5a-2a91-46d2-aab5-ab59c224ff69" />
      <TestMethod codeBase="D:\v2.0\A1\_work\dbded102\bin\Release.AnyCPU\Sps.Service\MS.VS.Services.Profile.L0.Tests\MS.VS.Services.Profile.L0.Tests.dll" adapterTypeName="Microsoft.VisualStudio.TestTools.TestTypes.Unit.UnitTestAdapter" className="MS.VS.Services.Profile.L0.Tests.ProfileDataMigrationJobExtensionTest" name="ProfileDataMigrationJobExtension_TeamFoundationJobExecutionResult7_Test" />
    </UnitTest>
    <UnitTest name="InitializeProfileDataMigrationJobHelperTest" storage="d:\v2.0\a1\_work\dbded102\bin\release.anycpu\sps.service\ms.vs.services.profile.l0.tests\ms.vs.services.profile.l0.tests.dll" priority="1" id="ba06307e-6295-d5ba-7ec8-f8c3b364544c">
      <Owners>
        <Owner name="maojha" />
      </Owners>
      <Execution id="0c78869e-0f90-4b98-966f-4cd02640a455" />
      <TestMethod codeBase="D:\v2.0\A1\_work\dbded102\bin\Release.AnyCPU\Sps.Service\MS.VS.Services.Profile.L0.Tests\MS.VS.Services.Profile.L0.Tests.dll" adapterTypeName="Microsoft.VisualStudio.TestTools.TestTypes.Unit.UnitTestAdapter" className="MS.VS.Services.Profile.L0.Tests.ProfileDataMigrationJobHelperTest" name="InitializeProfileDataMigrationJobHelperTest" />
    </UnitTest>
    <UnitTest name="ProfileDataMigrationJobHelper_GetProfileIdsForMigration_Test" storage="d:\v2.0\a1\_work\dbded102\bin\release.anycpu\sps.service\ms.vs.services.profile.l0.tests\ms.vs.services.profile.l0.tests.dll" priority="1" id="60056bcb-210a-c9a2-896a-b6196cf3b4ca">
      <Owners>
        <Owner name="maojha" />
      </Owners>
      <Execution id="3a5d53ba-f9d3-43cf-a3dc-5ebea9773382" />
      <TestMethod codeBase="D:\v2.0\A1\_work\dbded102\bin\Release.AnyCPU\Sps.Service\MS.VS.Services.Profile.L0.Tests\MS.VS.Services.Profile.L0.Tests.dll" adapterTypeName="Microsoft.VisualStudio.TestTools.TestTypes.Unit.UnitTestAdapter" className="MS.VS.Services.Profile.L0.Tests.ProfileDataMigrationJobHelperTest" name="ProfileDataMigrationJobHelper_GetProfileIdsForMigration_Test" />
    </UnitTest>
    <UnitTest name="ProfileDataMigrationJobHelper_GetProfileIdsForMigration1_Test" storage="d:\v2.0\a1\_work\dbded102\bin\release.anycpu\sps.service\ms.vs.services.profile.l0.tests\ms.vs.services.profile.l0.tests.dll" priority="1" id="5c242452-df3b-f448-c95c-c83ab19c9edc">
      <Owners>
        <Owner name="maojha" />
      </Owners>
      <Execution id="d019081a-5277-4cb0-bbb3-d4831a55661d" />
      <TestMethod codeBase="D:\v2.0\A1\_work\dbded102\bin\Release.AnyCPU\Sps.Service\MS.VS.Services.Profile.L0.Tests\MS.VS.Services.Profile.L0.Tests.dll" adapterTypeName="Microsoft.VisualStudio.TestTools.TestTypes.Unit.UnitTestAdapter" className="MS.VS.Services.Profile.L0.Tests.ProfileDataMigrationJobHelperTest" name="ProfileDataMigrationJobHelper_GetProfileIdsForMigration1_Test" />
    </UnitTest>
    <UnitTest name="ProfileDataMigrationJobHelper_GetProfileIdsForMigration2_Test" storage="d:\v2.0\a1\_work\dbded102\bin\release.anycpu\sps.service\ms.vs.services.profile.l0.tests\ms.vs.services.profile.l0.tests.dll" priority="1" id="7040d48f-729b-f9a7-7ede-865861b53ee5">
      <Owners>
        <Owner name="maojha" />
      </Owners>
      <Execution id="5011dec5-4717-45fc-8e35-6ce6a2e38d53" />
      <TestMethod codeBase="D:\v2.0\A1\_work\dbded102\bin\Release.AnyCPU\Sps.Service\MS.VS.Services.Profile.L0.Tests\MS.VS.Services.Profile.L0.Tests.dll" adapterTypeName="Microsoft.VisualStudio.TestTools.TestTypes.Unit.UnitTestAdapter" className="MS.VS.Services.Profile.L0.Tests.ProfileDataMigrationJobHelperTest" name="ProfileDataMigrationJobHelper_GetProfileIdsForMigration2_Test" />
    </UnitTest>
    <UnitTest name="ProfileDataMigrationJobHelper_GetProfileIdsFromAccountForMigration_Test" storage="d:\v2.0\a1\_work\dbded102\bin\release.anycpu\sps.service\ms.vs.services.profile.l0.tests\ms.vs.services.profile.l0.tests.dll" priority="1" id="0598f9f5-425c-6659-cd5f-ed8d73a0a28d">
      <Owners>
        <Owner name="maojha" />
      </Owners>
      <Execution id="797ca92c-ec48-463e-927b-b67998882f29" />
      <TestMethod codeBase="D:\v2.0\A1\_work\dbded102\bin\Release.AnyCPU\Sps.Service\MS.VS.Services.Profile.L0.Tests\MS.VS.Services.Profile.L0.Tests.dll" adapterTypeName="Microsoft.VisualStudio.TestTools.TestTypes.Unit.UnitTestAdapter" className="MS.VS.Services.Profile.L0.Tests.ProfileDataMigrationJobHelperTest" name="ProfileDataMigrationJobHelper_GetProfileIdsFromAccountForMigration_Test" />
    </UnitTest>
    <UnitTest name="ProfileDataMigrationJobHelper_GetProfileIdsFromAccountForMigration2_Test" storage="d:\v2.0\a1\_work\dbded102\bin\release.anycpu\sps.service\ms.vs.services.profile.l0.tests\ms.vs.services.profile.l0.tests.dll" priority="1" id="24d51e26-df25-6a1c-7f97-30e247af6cd8">
      <Owners>
        <Owner name="maojha" />
      </Owners>
      <Execution id="70ffc296-ab9c-467b-b56c-52d7f5028304" />
      <TestMethod codeBase="D:\v2.0\A1\_work\dbded102\bin\Release.AnyCPU\Sps.Service\MS.VS.Services.Profile.L0.Tests\MS.VS.Services.Profile.L0.Tests.dll" adapterTypeName="Microsoft.VisualStudio.TestTools.TestTypes.Unit.UnitTestAdapter" className="MS.VS.Services.Profile.L0.Tests.ProfileDataMigrationJobHelperTest" name="ProfileDataMigrationJobHelper_GetProfileIdsFromAccountForMigration2_Test" />
    </UnitTest>
    <UnitTest name="ProfileDataMigrationJobHelper_GetProfileIdsFromAccountForMigration3_Test" storage="d:\v2.0\a1\_work\dbded102\bin\release.anycpu\sps.service\ms.vs.services.profile.l0.tests\ms.vs.services.profile.l0.tests.dll" priority="1" id="b4fdd828-0987-a558-41e7-a31b170ca786">
      <Owners>
        <Owner name="maojha" />
      </Owners>
      <Execution id="2100936e-990a-45a7-bd6e-6967c01513ba" />
      <TestMethod codeBase="D:\v2.0\A1\_work\dbded102\bin\Release.AnyCPU\Sps.Service\MS.VS.Services.Profile.L0.Tests\MS.VS.Services.Profile.L0.Tests.dll" adapterTypeName="Microsoft.VisualStudio.TestTools.TestTypes.Unit.UnitTestAdapter" className="MS.VS.Services.Profile.L0.Tests.ProfileDataMigrationJobHelperTest" name="ProfileDataMigrationJobHelper_GetProfileIdsFromAccountForMigration3_Test" />
    </UnitTest>
    <UnitTest name="ProfileDataMigrationJobHelper_GetProfileIdsFromAccountForMigration4_Test" storage="d:\v2.0\a1\_work\dbded102\bin\release.anycpu\sps.service\ms.vs.services.profile.l0.tests\ms.vs.services.profile.l0.tests.dll" priority="1" id="efd1ae24-59bf-ffe3-b8d1-d7f5a80193b7">
      <Owners>
        <Owner name="maojha" />
      </Owners>
      <Execution id="da05e3b2-bf35-44a5-9df2-7b49d5a546a9" />
      <TestMethod codeBase="D:\v2.0\A1\_work\dbded102\bin\Release.AnyCPU\Sps.Service\MS.VS.Services.Profile.L0.Tests\MS.VS.Services.Profile.L0.Tests.dll" adapterTypeName="Microsoft.VisualStudio.TestTools.TestTypes.Unit.UnitTestAdapter" className="MS.VS.Services.Profile.L0.Tests.ProfileDataMigrationJobHelperTest" name="ProfileDataMigrationJobHelper_GetProfileIdsFromAccountForMigration4_Test" />
    </UnitTest>
    <UnitTest name="LoadSettings_should_load_sps_deployment_url_from_registry" storage="d:\v2.0\a1\_work\dbded102\bin\release.anycpu\sps.service\ms.vs.services.profile.l0.tests\ms.vs.services.profile.l0.tests.dll" priority="1" id="109e20c4-772c-5323-e11a-ebda237e73b0">
      <Owners>
        <Owner name="vscsditeam" />
      </Owners>
      <Execution id="8b4eca3d-18b8-4be6-8ec5-139bb6688a91" />
      <TestMethod codeBase="D:\v2.0\A1\_work\dbded102\bin\Release.AnyCPU\Sps.Service\MS.VS.Services.Profile.L0.Tests\MS.VS.Services.Profile.L0.Tests.dll" adapterTypeName="Microsoft.VisualStudio.TestTools.TestTypes.Unit.UnitTestAdapter" className="MS.VS.Services.Profile.L0.Tests.ProfileSettingsRegistryManagerTests" name="LoadSettings_should_load_sps_deployment_url_from_registry" />
    </UnitTest>
    <UnitTest name="LoadSettings_should_load_update_profile_page_url_from_registry" storage="d:\v2.0\a1\_work\dbded102\bin\release.anycpu\sps.service\ms.vs.services.profile.l0.tests\ms.vs.services.profile.l0.tests.dll" priority="1" id="86487b42-5eaf-59a1-6aee-8caa1771fc06">
      <Owners>
        <Owner name="vscsditeam" />
      </Owners>
      <Execution id="42280b40-8eec-4eb2-ba37-c61f3d259b5c" />
      <TestMethod codeBase="D:\v2.0\A1\_work\dbded102\bin\Release.AnyCPU\Sps.Service\MS.VS.Services.Profile.L0.Tests\MS.VS.Services.Profile.L0.Tests.dll" adapterTypeName="Microsoft.VisualStudio.TestTools.TestTypes.Unit.UnitTestAdapter" className="MS.VS.Services.Profile.L0.Tests.ProfileSettingsRegistryManagerTests" name="LoadSettings_should_load_update_profile_page_url_from_registry" />
    </UnitTest>
    <UnitTest name="LoadSettings_should_load_create_profile_page_url_from_registry" storage="d:\v2.0\a1\_work\dbded102\bin\release.anycpu\sps.service\ms.vs.services.profile.l0.tests\ms.vs.services.profile.l0.tests.dll" priority="1" id="93032568-b875-f891-ddc2-cc515a9350df">
      <Owners>
        <Owner name="vscsditeam" />
      </Owners>
      <Execution id="2a0ea8bc-a09e-4a58-9871-8f04604c60b5" />
      <TestMethod codeBase="D:\v2.0\A1\_work\dbded102\bin\Release.AnyCPU\Sps.Service\MS.VS.Services.Profile.L0.Tests\MS.VS.Services.Profile.L0.Tests.dll" adapterTypeName="Microsoft.VisualStudio.TestTools.TestTypes.Unit.UnitTestAdapter" className="MS.VS.Services.Profile.L0.Tests.ProfileSettingsRegistryManagerTests" name="LoadSettings_should_load_create_profile_page_url_from_registry" />
    </UnitTest>
    <UnitTest name="LoadSettings_should_load_edit_profile_page_url_from_registry" storage="d:\v2.0\a1\_work\dbded102\bin\release.anycpu\sps.service\ms.vs.services.profile.l0.tests\ms.vs.services.profile.l0.tests.dll" priority="1" id="59419375-f76f-1cf1-e7bc-77eba5ddd193">
      <Owners>
        <Owner name="vscsditeam" />
      </Owners>
      <Execution id="32a67d1a-b90e-41eb-8fc7-64beb3cb22a1" />
      <TestMethod codeBase="D:\v2.0\A1\_work\dbded102\bin\Release.AnyCPU\Sps.Service\MS.VS.Services.Profile.L0.Tests\MS.VS.Services.Profile.L0.Tests.dll" adapterTypeName="Microsoft.VisualStudio.TestTools.TestTypes.Unit.UnitTestAdapter" className="MS.VS.Services.Profile.L0.Tests.ProfileSettingsRegistryManagerTests" name="LoadSettings_should_load_edit_profile_page_url_from_registry" />
    </UnitTest>
    <UnitTest name="LoadSettings_should_load_create_profile_with_edit_page_url_from_registry" storage="d:\v2.0\a1\_work\dbded102\bin\release.anycpu\sps.service\ms.vs.services.profile.l0.tests\ms.vs.services.profile.l0.tests.dll" priority="1" id="92146383-3fbe-8623-7f9d-6a4332eb4755">
      <Owners>
        <Owner name="vscsditeam" />
      </Owners>
      <Execution id="e061bedc-a6ec-4419-a7a3-012fe9a09d37" />
      <TestMethod codeBase="D:\v2.0\A1\_work\dbded102\bin\Release.AnyCPU\Sps.Service\MS.VS.Services.Profile.L0.Tests\MS.VS.Services.Profile.L0.Tests.dll" adapterTypeName="Microsoft.VisualStudio.TestTools.TestTypes.Unit.UnitTestAdapter" className="MS.VS.Services.Profile.L0.Tests.ProfileSettingsRegistryManagerTests" name="LoadSettings_should_load_create_profile_with_edit_page_url_from_registry" />
    </UnitTest>
    <UnitTest name="LoadSettings_should_load_email_confirmation_page_url_from_registry" storage="d:\v2.0\a1\_work\dbded102\bin\release.anycpu\sps.service\ms.vs.services.profile.l0.tests\ms.vs.services.profile.l0.tests.dll" priority="1" id="31047058-8715-44a5-888f-5bbf1f2e9793">
      <Owners>
        <Owner name="vscsditeam" />
      </Owners>
      <Execution id="31f89fd4-1a24-4d8d-83e6-30eee0a50b5b" />
      <TestMethod codeBase="D:\v2.0\A1\_work\dbded102\bin\Release.AnyCPU\Sps.Service\MS.VS.Services.Profile.L0.Tests\MS.VS.Services.Profile.L0.Tests.dll" adapterTypeName="Microsoft.VisualStudio.TestTools.TestTypes.Unit.UnitTestAdapter" className="MS.VS.Services.Profile.L0.Tests.ProfileSettingsRegistryManagerTests" name="LoadSettings_should_load_email_confirmation_page_url_from_registry" />
    </UnitTest>
    <UnitTest name="LoadSettings_should_load_profile_go_url_from_registry" storage="d:\v2.0\a1\_work\dbded102\bin\release.anycpu\sps.service\ms.vs.services.profile.l0.tests\ms.vs.services.profile.l0.tests.dll" priority="1" id="cd0a3d1f-9c15-6dfb-1df8-17210c9d29b0">
      <Owners>
        <Owner name="vscsditeam" />
      </Owners>
      <Execution id="045210b7-07a9-4c24-952f-d8a43294d629" />
      <TestMethod codeBase="D:\v2.0\A1\_work\dbded102\bin\Release.AnyCPU\Sps.Service\MS.VS.Services.Profile.L0.Tests\MS.VS.Services.Profile.L0.Tests.dll" adapterTypeName="Microsoft.VisualStudio.TestTools.TestTypes.Unit.UnitTestAdapter" className="MS.VS.Services.Profile.L0.Tests.ProfileSettingsRegistryManagerTests" name="LoadSettings_should_load_profile_go_url_from_registry" />
    </UnitTest>
    <UnitTest name="LoadSettings_should_load_profile_go_url_from_default_when_registry_value_is_not_specified" storage="d:\v2.0\a1\_work\dbded102\bin\release.anycpu\sps.service\ms.vs.services.profile.l0.tests\ms.vs.services.profile.l0.tests.dll" priority="1" id="51298517-fbb0-654c-59de-653b1f77a940">
      <Owners>
        <Owner name="vscsditeam" />
      </Owners>
      <Execution id="6aca76e4-c0bc-48de-9769-71b0b22964fe" />
      <TestMethod codeBase="D:\v2.0\A1\_work\dbded102\bin\Release.AnyCPU\Sps.Service\MS.VS.Services.Profile.L0.Tests\MS.VS.Services.Profile.L0.Tests.dll" adapterTypeName="Microsoft.VisualStudio.TestTools.TestTypes.Unit.UnitTestAdapter" className="MS.VS.Services.Profile.L0.Tests.ProfileSettingsRegistryManagerTests" name="LoadSettings_should_load_profile_go_url_from_default_when_registry_value_is_not_specified" />
    </UnitTest>
    <UnitTest name="LoadSettings_should_load_profile_account_percentage_from_registry" storage="d:\v2.0\a1\_work\dbded102\bin\release.anycpu\sps.service\ms.vs.services.profile.l0.tests\ms.vs.services.profile.l0.tests.dll" priority="1" id="ad95a412-3f98-4fd1-3932-8cdfce40c825">
      <Owners>
        <Owner name="vscsditeam" />
      </Owners>
      <Execution id="ab2036f0-afea-4a6d-8f69-6447f86475fe" />
      <TestMethod codeBase="D:\v2.0\A1\_work\dbded102\bin\Release.AnyCPU\Sps.Service\MS.VS.Services.Profile.L0.Tests\MS.VS.Services.Profile.L0.Tests.dll" adapterTypeName="Microsoft.VisualStudio.TestTools.TestTypes.Unit.UnitTestAdapter" className="MS.VS.Services.Profile.L0.Tests.ProfileSettingsRegistryManagerTests" name="LoadSettings_should_load_profile_account_percentage_from_registry" />
    </UnitTest>
    <UnitTest name="LoadSettings_should_load_default_account_percentage_when_registry_value_is_not_set" storage="d:\v2.0\a1\_work\dbded102\bin\release.anycpu\sps.service\ms.vs.services.profile.l0.tests\ms.vs.services.profile.l0.tests.dll" priority="1" id="d827fb30-e14b-fa94-0a05-9e1e0858917d">
      <Owners>
        <Owner name="vscsditeam" />
      </Owners>
      <Execution id="339deb83-500b-4f65-a7b1-5d2f846dfcb0" />
      <TestMethod codeBase="D:\v2.0\A1\_work\dbded102\bin\Release.AnyCPU\Sps.Service\MS.VS.Services.Profile.L0.Tests\MS.VS.Services.Profile.L0.Tests.dll" adapterTypeName="Microsoft.VisualStudio.TestTools.TestTypes.Unit.UnitTestAdapter" className="MS.VS.Services.Profile.L0.Tests.ProfileSettingsRegistryManagerTests" name="LoadSettings_should_load_default_account_percentage_when_registry_value_is_not_set" />
    </UnitTest>
    <UnitTest name="LoadSettings_should_load_attribute_inline_storage_threshold_from_registry" storage="d:\v2.0\a1\_work\dbded102\bin\release.anycpu\sps.service\ms.vs.services.profile.l0.tests\ms.vs.services.profile.l0.tests.dll" priority="1" id="86ad1769-8834-5ed7-68c4-b88b7b4c09e8">
      <Owners>
        <Owner name="vscsditeam" />
      </Owners>
      <Execution id="8ec10afb-485e-423d-a0c9-a0d09a625e03" />
      <TestMethod codeBase="D:\v2.0\A1\_work\dbded102\bin\Release.AnyCPU\Sps.Service\MS.VS.Services.Profile.L0.Tests\MS.VS.Services.Profile.L0.Tests.dll" adapterTypeName="Microsoft.VisualStudio.TestTools.TestTypes.Unit.UnitTestAdapter" className="MS.VS.Services.Profile.L0.Tests.ProfileSettingsRegistryManagerTests" name="LoadSettings_should_load_attribute_inline_storage_threshold_from_registry" />
    </UnitTest>
    <UnitTest name="LoadSettings_should_load_default_attribute_inline_storage_threshold_when_registry_value_is_not_set" storage="d:\v2.0\a1\_work\dbded102\bin\release.anycpu\sps.service\ms.vs.services.profile.l0.tests\ms.vs.services.profile.l0.tests.dll" priority="1" id="769f7094-3109-8fb5-bec6-9d54cc1dc66c">
      <Owners>
        <Owner name="vscsditeam" />
      </Owners>
      <Execution id="ce4305ab-01d8-4893-b2bc-da9c5a080f4e" />
      <TestMethod codeBase="D:\v2.0\A1\_work\dbded102\bin\Release.AnyCPU\Sps.Service\MS.VS.Services.Profile.L0.Tests\MS.VS.Services.Profile.L0.Tests.dll" adapterTypeName="Microsoft.VisualStudio.TestTools.TestTypes.Unit.UnitTestAdapter" className="MS.VS.Services.Profile.L0.Tests.ProfileSettingsRegistryManagerTests" name="LoadSettings_should_load_default_attribute_inline_storage_threshold_when_registry_value_is_not_set" />
    </UnitTest>
    <UnitTest name="LoadSettings_should_load_post_notification_delay_from_registry" storage="d:\v2.0\a1\_work\dbded102\bin\release.anycpu\sps.service\ms.vs.services.profile.l0.tests\ms.vs.services.profile.l0.tests.dll" priority="1" id="cfcf4c34-897f-82ad-0810-078919f698bb">
      <Owners>
        <Owner name="vscsditeam" />
      </Owners>
      <Execution id="91081ffb-974d-429d-9a13-5a04f0855c73" />
      <TestMethod codeBase="D:\v2.0\A1\_work\dbded102\bin\Release.AnyCPU\Sps.Service\MS.VS.Services.Profile.L0.Tests\MS.VS.Services.Profile.L0.Tests.dll" adapterTypeName="Microsoft.VisualStudio.TestTools.TestTypes.Unit.UnitTestAdapter" className="MS.VS.Services.Profile.L0.Tests.ProfileSettingsRegistryManagerTests" name="LoadSettings_should_load_post_notification_delay_from_registry" />
    </UnitTest>
    <UnitTest name="LoadSettings_should_load_default_post_notification_delay_when_registry_value_is_not_set" storage="d:\v2.0\a1\_work\dbded102\bin\release.anycpu\sps.service\ms.vs.services.profile.l0.tests\ms.vs.services.profile.l0.tests.dll" priority="1" id="17c4b973-6bec-587e-a324-9b371feee403">
      <Owners>
        <Owner name="vscsditeam" />
      </Owners>
      <Execution id="52200aec-fb4c-4bc1-b4ff-bae1c9543b80" />
      <TestMethod codeBase="D:\v2.0\A1\_work\dbded102\bin\Release.AnyCPU\Sps.Service\MS.VS.Services.Profile.L0.Tests\MS.VS.Services.Profile.L0.Tests.dll" adapterTypeName="Microsoft.VisualStudio.TestTools.TestTypes.Unit.UnitTestAdapter" className="MS.VS.Services.Profile.L0.Tests.ProfileSettingsRegistryManagerTests" name="LoadSettings_should_load_default_post_notification_delay_when_registry_value_is_not_set" />
    </UnitTest>
    <UnitTest name="LoadSettings_should_load_attribute_data_provider_from_registry" storage="d:\v2.0\a1\_work\dbded102\bin\release.anycpu\sps.service\ms.vs.services.profile.l0.tests\ms.vs.services.profile.l0.tests.dll" priority="1" id="2a009b98-2161-183f-9f10-564d6ea7553f">
      <Owners>
        <Owner name="vscsditeam" />
      </Owners>
      <Execution id="4f24e3af-988c-4c02-b44f-e641a33a0207" />
      <TestMethod codeBase="D:\v2.0\A1\_work\dbded102\bin\Release.AnyCPU\Sps.Service\MS.VS.Services.Profile.L0.Tests\MS.VS.Services.Profile.L0.Tests.dll" adapterTypeName="Microsoft.VisualStudio.TestTools.TestTypes.Unit.UnitTestAdapter" className="MS.VS.Services.Profile.L0.Tests.ProfileSettingsRegistryManagerTests" name="LoadSettings_should_load_attribute_data_provider_from_registry" />
    </UnitTest>
    <UnitTest name="LoadSettings_should_load_default_attribute_data_provider_when_registry_value_is_not_set" storage="d:\v2.0\a1\_work\dbded102\bin\release.anycpu\sps.service\ms.vs.services.profile.l0.tests\ms.vs.services.profile.l0.tests.dll" priority="1" id="cba6990b-49cd-6ad0-f547-469b3f649dfe">
      <Owners>
        <Owner name="vscsditeam" />
      </Owners>
      <Execution id="0e5d426a-eced-475d-af3f-9f21c455ae4e" />
      <TestMethod codeBase="D:\v2.0\A1\_work\dbded102\bin\Release.AnyCPU\Sps.Service\MS.VS.Services.Profile.L0.Tests\MS.VS.Services.Profile.L0.Tests.dll" adapterTypeName="Microsoft.VisualStudio.TestTools.TestTypes.Unit.UnitTestAdapter" className="MS.VS.Services.Profile.L0.Tests.ProfileSettingsRegistryManagerTests" name="LoadSettings_should_load_default_attribute_data_provider_when_registry_value_is_not_set" />
    </UnitTest>
    <UnitTest name="LoadSettings_should_load_wellknown_containers_from_registry" storage="d:\v2.0\a1\_work\dbded102\bin\release.anycpu\sps.service\ms.vs.services.profile.l0.tests\ms.vs.services.profile.l0.tests.dll" priority="1" id="4bbc63e6-5ae0-0c9f-1a47-389db36332b7">
      <Owners>
        <Owner name="vscsditeam" />
      </Owners>
      <Execution id="976fef96-ffc0-48b8-af53-9a9b75051319" />
      <TestMethod codeBase="D:\v2.0\A1\_work\dbded102\bin\Release.AnyCPU\Sps.Service\MS.VS.Services.Profile.L0.Tests\MS.VS.Services.Profile.L0.Tests.dll" adapterTypeName="Microsoft.VisualStudio.TestTools.TestTypes.Unit.UnitTestAdapter" className="MS.VS.Services.Profile.L0.Tests.ProfileSettingsRegistryManagerTests" name="LoadSettings_should_load_wellknown_containers_from_registry" />
    </UnitTest>
    <UnitTest name="GetAttributesRepository_should_return_default_provider_for_unknown_container" storage="d:\v2.0\a1\_work\dbded102\bin\release.anycpu\sps.service\ms.vs.services.profile.l0.tests\ms.vs.services.profile.l0.tests.dll" priority="1" id="34779a83-3c13-e69e-6caf-80f563cc1c0d">
      <Owners>
        <Owner name="vscsditeam" />
      </Owners>
      <Execution id="64f5a599-4499-4b4e-9079-90f09c9879ff" />
      <TestMethod codeBase="D:\v2.0\A1\_work\dbded102\bin\Release.AnyCPU\Sps.Service\MS.VS.Services.Profile.L0.Tests\MS.VS.Services.Profile.L0.Tests.dll" adapterTypeName="Microsoft.VisualStudio.TestTools.TestTypes.Unit.UnitTestAdapter" className="MS.VS.Services.Profile.L0.Tests.DataAccess.AttributesRepositoryProviderTests" name="GetAttributesRepository_should_return_default_provider_for_unknown_container" />
    </UnitTest>
    <UnitTest name="GetAttributesRepository_should_return_default_provider_for_null_container_name" storage="d:\v2.0\a1\_work\dbded102\bin\release.anycpu\sps.service\ms.vs.services.profile.l0.tests\ms.vs.services.profile.l0.tests.dll" priority="1" id="f29b02b2-245f-96a5-c5d1-26a8bbd8b5cc">
      <Owners>
        <Owner name="vscsditeam" />
      </Owners>
      <Execution id="3c67dfd7-c564-408f-b114-ef30e9b4ee20" />
      <TestMethod codeBase="D:\v2.0\A1\_work\dbded102\bin\Release.AnyCPU\Sps.Service\MS.VS.Services.Profile.L0.Tests\MS.VS.Services.Profile.L0.Tests.dll" adapterTypeName="Microsoft.VisualStudio.TestTools.TestTypes.Unit.UnitTestAdapter" className="MS.VS.Services.Profile.L0.Tests.DataAccess.AttributesRepositoryProviderTests" name="GetAttributesRepository_should_return_default_provider_for_null_container_name" />
    </UnitTest>
    <UnitTest name="GetAttributesRepository_should_return_configured_provider_for_wellknown_contianer" storage="d:\v2.0\a1\_work\dbded102\bin\release.anycpu\sps.service\ms.vs.services.profile.l0.tests\ms.vs.services.profile.l0.tests.dll" priority="1" id="10d8d064-e8d7-5256-130c-46158b9ef3c3">
      <Owners>
        <Owner name="vscsditeam" />
      </Owners>
      <Execution id="887b0b6c-542a-4cb8-a4cf-36afae9ea62e" />
      <TestMethod codeBase="D:\v2.0\A1\_work\dbded102\bin\Release.AnyCPU\Sps.Service\MS.VS.Services.Profile.L0.Tests\MS.VS.Services.Profile.L0.Tests.dll" adapterTypeName="Microsoft.VisualStudio.TestTools.TestTypes.Unit.UnitTestAdapter" className="MS.VS.Services.Profile.L0.Tests.DataAccess.AttributesRepositoryProviderTests" name="GetAttributesRepository_should_return_configured_provider_for_wellknown_contianer" />
    </UnitTest>
    <UnitTest name="PlatformCompliance_ValidateBusinessPolicy_ReturnsUrlforAccountCreatePage_WhenOnIDEAndNotAffiliatedWithAnyAccount" storage="d:\v2.0\a1\_work\dbded102\bin\release.anycpu\sps.service\ms.vs.services.profile.l0.tests\ms.vs.services.profile.l0.tests.dll" priority="1" id="958148da-8a05-efcb-6066-231a49d6a111">
      <Owners>
        <Owner name="vscsditeam" />
      </Owners>
      <Execution id="63b6cf16-4bc9-4dca-9b15-3dd5b72fea60" />
      <TestMethod codeBase="D:\v2.0\A1\_work\dbded102\bin\Release.AnyCPU\Sps.Service\MS.VS.Services.Profile.L0.Tests\MS.VS.Services.Profile.L0.Tests.dll" adapterTypeName="Microsoft.VisualStudio.TestTools.TestTypes.Unit.UnitTestAdapter" className="MS.VS.Services.Profile.L0.Tests.ComplianceServiceTests.PlatformComplianceServiceTests" name="PlatformCompliance_ValidateBusinessPolicy_ReturnsUrlforAccountCreatePage_WhenOnIDEAndNotAffiliatedWithAnyAccount" />
    </UnitTest>
    <UnitTest name="PlatformCompliance_ValidateBusinessPolicy_IsNotCompliant_WhenOnIDEAndNotAffiliatedWithAnyAccount" storage="d:\v2.0\a1\_work\dbded102\bin\release.anycpu\sps.service\ms.vs.services.profile.l0.tests\ms.vs.services.profile.l0.tests.dll" priority="1" id="a4a80b38-f1c5-c999-67d2-b3d7dee5d451">
      <Owners>
        <Owner name="vscsditeam" />
      </Owners>
      <Execution id="2e440ad2-ab6b-4001-8326-e6c90078c95b" />
      <TestMethod codeBase="D:\v2.0\A1\_work\dbded102\bin\Release.AnyCPU\Sps.Service\MS.VS.Services.Profile.L0.Tests\MS.VS.Services.Profile.L0.Tests.dll" adapterTypeName="Microsoft.VisualStudio.TestTools.TestTypes.Unit.UnitTestAdapter" className="MS.VS.Services.Profile.L0.Tests.ComplianceServiceTests.PlatformComplianceServiceTests" name="PlatformCompliance_ValidateBusinessPolicy_IsNotCompliant_WhenOnIDEAndNotAffiliatedWithAnyAccount" />
    </UnitTest>
    <UnitTest name="PlatformCompliance_ValidateBusinessPolicy_IsCompliant_WhenOnIDEAndNotAffiliatedWithAnyAccount_ButCreateAccountIDEFeatureFlagIsOff" storage="d:\v2.0\a1\_work\dbded102\bin\release.anycpu\sps.service\ms.vs.services.profile.l0.tests\ms.vs.services.profile.l0.tests.dll" priority="1" id="1d6529ac-9777-be9e-254b-d81c634344b6">
      <Owners>
        <Owner name="vscsditeam" />
      </Owners>
      <Execution id="63eb71b2-d76f-433c-b7a9-bdb429f9a644" />
      <TestMethod codeBase="D:\v2.0\A1\_work\dbded102\bin\Release.AnyCPU\Sps.Service\MS.VS.Services.Profile.L0.Tests\MS.VS.Services.Profile.L0.Tests.dll" adapterTypeName="Microsoft.VisualStudio.TestTools.TestTypes.Unit.UnitTestAdapter" className="MS.VS.Services.Profile.L0.Tests.ComplianceServiceTests.PlatformComplianceServiceTests" name="PlatformCompliance_ValidateBusinessPolicy_IsCompliant_WhenOnIDEAndNotAffiliatedWithAnyAccount_ButCreateAccountIDEFeatureFlagIsOff" />
    </UnitTest>
    <UnitTest name="PlatformCompliance_ValidateBusinessPolicy_IsCompliant_WhenOnIDEAndOwnsAnAccount" storage="d:\v2.0\a1\_work\dbded102\bin\release.anycpu\sps.service\ms.vs.services.profile.l0.tests\ms.vs.services.profile.l0.tests.dll" priority="1" id="7d8bbe4c-5ec1-8041-da65-d4fdfb9ace96">
      <Owners>
        <Owner name="vscsditeam" />
      </Owners>
      <Execution id="5a3f5d69-c4cb-473e-8f3d-bea78a710c6a" />
      <TestMethod codeBase="D:\v2.0\A1\_work\dbded102\bin\Release.AnyCPU\Sps.Service\MS.VS.Services.Profile.L0.Tests\MS.VS.Services.Profile.L0.Tests.dll" adapterTypeName="Microsoft.VisualStudio.TestTools.TestTypes.Unit.UnitTestAdapter" className="MS.VS.Services.Profile.L0.Tests.ComplianceServiceTests.PlatformComplianceServiceTests" name="PlatformCompliance_ValidateBusinessPolicy_IsCompliant_WhenOnIDEAndOwnsAnAccount" />
    </UnitTest>
    <UnitTest name="PlatformCompliance_ValidateBusinessPolicy_IsCompliant_WhenOnIDEAndMemberOfAnAccount" storage="d:\v2.0\a1\_work\dbded102\bin\release.anycpu\sps.service\ms.vs.services.profile.l0.tests\ms.vs.services.profile.l0.tests.dll" priority="1" id="569caa03-271b-8730-6642-6d07abdc7b7e">
      <Owners>
        <Owner name="vscsditeam" />
      </Owners>
      <Execution id="b49fd847-5ae7-440d-a03c-b98691004ec0" />
      <TestMethod codeBase="D:\v2.0\A1\_work\dbded102\bin\Release.AnyCPU\Sps.Service\MS.VS.Services.Profile.L0.Tests\MS.VS.Services.Profile.L0.Tests.dll" adapterTypeName="Microsoft.VisualStudio.TestTools.TestTypes.Unit.UnitTestAdapter" className="MS.VS.Services.Profile.L0.Tests.ComplianceServiceTests.PlatformComplianceServiceTests" name="PlatformCompliance_ValidateBusinessPolicy_IsCompliant_WhenOnIDEAndMemberOfAnAccount" />
    </UnitTest>
    <UnitTest name="PlatformCompliance_ValidateBusinessPolicy_DoesNotLookupAccountsOwned_WhenOnIDEAndMemberOfAnAccount" storage="d:\v2.0\a1\_work\dbded102\bin\release.anycpu\sps.service\ms.vs.services.profile.l0.tests\ms.vs.services.profile.l0.tests.dll" priority="1" id="a50e7e0e-508e-0e5f-09ab-bdb88c236258">
      <Owners>
        <Owner name="vscsditeam" />
      </Owners>
      <Execution id="3a79e7cb-2810-49d7-8de3-8b5dc44533c6" />
      <TestMethod codeBase="D:\v2.0\A1\_work\dbded102\bin\Release.AnyCPU\Sps.Service\MS.VS.Services.Profile.L0.Tests\MS.VS.Services.Profile.L0.Tests.dll" adapterTypeName="Microsoft.VisualStudio.TestTools.TestTypes.Unit.UnitTestAdapter" className="MS.VS.Services.Profile.L0.Tests.ComplianceServiceTests.PlatformComplianceServiceTests" name="PlatformCompliance_ValidateBusinessPolicy_DoesNotLookupAccountsOwned_WhenOnIDEAndMemberOfAnAccount" />
    </UnitTest>
    <UnitTest name="PlatformCompliance_ValidateBusinessPolicy_IsCompliant_WhenOnIDEAndOwnerAndMemberOfAnAccount" storage="d:\v2.0\a1\_work\dbded102\bin\release.anycpu\sps.service\ms.vs.services.profile.l0.tests\ms.vs.services.profile.l0.tests.dll" priority="1" id="b5d8c049-5598-4df8-8a76-f5fe8901f6ee">
      <Owners>
        <Owner name="vscsditeam" />
      </Owners>
      <Execution id="37e9ab34-21b0-4afb-be6b-b33cc381f651" />
      <TestMethod codeBase="D:\v2.0\A1\_work\dbded102\bin\Release.AnyCPU\Sps.Service\MS.VS.Services.Profile.L0.Tests\MS.VS.Services.Profile.L0.Tests.dll" adapterTypeName="Microsoft.VisualStudio.TestTools.TestTypes.Unit.UnitTestAdapter" className="MS.VS.Services.Profile.L0.Tests.ComplianceServiceTests.PlatformComplianceServiceTests" name="PlatformCompliance_ValidateBusinessPolicy_IsCompliant_WhenOnIDEAndOwnerAndMemberOfAnAccount" />
    </UnitTest>
    <UnitTest name="PlatformCompliance_ValidateBusinessPolicy_IsCompliant_WhenNotOnIDEAndHasProfile" storage="d:\v2.0\a1\_work\dbded102\bin\release.anycpu\sps.service\ms.vs.services.profile.l0.tests\ms.vs.services.profile.l0.tests.dll" priority="1" id="95189afc-93ac-ffad-0b82-a38426206369">
      <Owners>
        <Owner name="vscsditeam" />
      </Owners>
      <Execution id="47634833-bf2d-4506-b5b7-619bbe94f305" />
      <TestMethod codeBase="D:\v2.0\A1\_work\dbded102\bin\Release.AnyCPU\Sps.Service\MS.VS.Services.Profile.L0.Tests\MS.VS.Services.Profile.L0.Tests.dll" adapterTypeName="Microsoft.VisualStudio.TestTools.TestTypes.Unit.UnitTestAdapter" className="MS.VS.Services.Profile.L0.Tests.ComplianceServiceTests.PlatformComplianceServiceTests" name="PlatformCompliance_ValidateBusinessPolicy_IsCompliant_WhenNotOnIDEAndHasProfile" />
    </UnitTest>
    <UnitTest name="PlatformCompliance_ValidateBusinessPolicy_ReturnsUrlforTOS_WhenOnIDEAndNotAffiliatedWithAnyAccount_ButLatestTOSIsOutOfDate" storage="d:\v2.0\a1\_work\dbded102\bin\release.anycpu\sps.service\ms.vs.services.profile.l0.tests\ms.vs.services.profile.l0.tests.dll" priority="1" id="815003c1-1272-8452-930c-600c692ff5b8">
      <Owners>
        <Owner name="vscsditeam" />
      </Owners>
      <Execution id="146d07d5-d616-4ab1-a242-eeb5ccc217b9" />
      <TestMethod codeBase="D:\v2.0\A1\_work\dbded102\bin\Release.AnyCPU\Sps.Service\MS.VS.Services.Profile.L0.Tests\MS.VS.Services.Profile.L0.Tests.dll" adapterTypeName="Microsoft.VisualStudio.TestTools.TestTypes.Unit.UnitTestAdapter" className="MS.VS.Services.Profile.L0.Tests.ComplianceServiceTests.PlatformComplianceServiceTests" name="PlatformCompliance_ValidateBusinessPolicy_ReturnsUrlforTOS_WhenOnIDEAndNotAffiliatedWithAnyAccount_ButLatestTOSIsOutOfDate" />
    </UnitTest>
    <UnitTest name="PlatformCompliance_ValidateBusinessPolicy_ReturnsUrlforTermsOfService_WhenOnIDEAndOwnerOfAnAccount_ButLatestTOSIsOutOfDate" storage="d:\v2.0\a1\_work\dbded102\bin\release.anycpu\sps.service\ms.vs.services.profile.l0.tests\ms.vs.services.profile.l0.tests.dll" priority="1" id="e6bb8e66-2cbb-8edb-11b1-ff1e19d1d63e">
      <Owners>
        <Owner name="vscsditeam" />
      </Owners>
      <Execution id="432f503b-b626-40f2-bbaf-b279c35a351a" />
      <TestMethod codeBase="D:\v2.0\A1\_work\dbded102\bin\Release.AnyCPU\Sps.Service\MS.VS.Services.Profile.L0.Tests\MS.VS.Services.Profile.L0.Tests.dll" adapterTypeName="Microsoft.VisualStudio.TestTools.TestTypes.Unit.UnitTestAdapter" className="MS.VS.Services.Profile.L0.Tests.ComplianceServiceTests.PlatformComplianceServiceTests" name="PlatformCompliance_ValidateBusinessPolicy_ReturnsUrlforTermsOfService_WhenOnIDEAndOwnerOfAnAccount_ButLatestTOSIsOutOfDate" />
    </UnitTest>
    <UnitTest name="PlatformCompliance_ValidateBusinessPolicy_ReturnsUrlforTermsOfService_WhenOnIDEAndMemberOfAnAccount_ButLatestTOSIsOutOfDate" storage="d:\v2.0\a1\_work\dbded102\bin\release.anycpu\sps.service\ms.vs.services.profile.l0.tests\ms.vs.services.profile.l0.tests.dll" priority="1" id="d6b760ba-a015-e227-a4cf-6e67fa4d3c43">
      <Owners>
        <Owner name="vscsditeam" />
      </Owners>
      <Execution id="bc3aa109-b1a7-474e-8e0f-ff744bf00169" />
      <TestMethod codeBase="D:\v2.0\A1\_work\dbded102\bin\Release.AnyCPU\Sps.Service\MS.VS.Services.Profile.L0.Tests\MS.VS.Services.Profile.L0.Tests.dll" adapterTypeName="Microsoft.VisualStudio.TestTools.TestTypes.Unit.UnitTestAdapter" className="MS.VS.Services.Profile.L0.Tests.ComplianceServiceTests.PlatformComplianceServiceTests" name="PlatformCompliance_ValidateBusinessPolicy_ReturnsUrlforTermsOfService_WhenOnIDEAndMemberOfAnAccount_ButLatestTOSIsOutOfDate" />
    </UnitTest>
    <UnitTest name="PlatformCompliance_ValidateBusinessPolicy_ReturnsUrlforTermsOfService_WhenOnIDEAndMemberOfAnAccountAndOwnerOfOtherAccount_ButLatestTOSIsOutOfDate" storage="d:\v2.0\a1\_work\dbded102\bin\release.anycpu\sps.service\ms.vs.services.profile.l0.tests\ms.vs.services.profile.l0.tests.dll" priority="1" id="c4924d77-9ac7-7ff1-2ff1-7b2126745fdb">
      <Owners>
        <Owner name="vscsditeam" />
      </Owners>
      <Execution id="8d72d138-b448-4679-81e8-de1381db6f7b" />
      <TestMethod codeBase="D:\v2.0\A1\_work\dbded102\bin\Release.AnyCPU\Sps.Service\MS.VS.Services.Profile.L0.Tests\MS.VS.Services.Profile.L0.Tests.dll" adapterTypeName="Microsoft.VisualStudio.TestTools.TestTypes.Unit.UnitTestAdapter" className="MS.VS.Services.Profile.L0.Tests.ComplianceServiceTests.PlatformComplianceServiceTests" name="PlatformCompliance_ValidateBusinessPolicy_ReturnsUrlforTermsOfService_WhenOnIDEAndMemberOfAnAccountAndOwnerOfOtherAccount_ButLatestTOSIsOutOfDate" />
    </UnitTest>
    <UnitTest name="PlatformCompliance_ValidateBusinessPolicy_ReturnsUrlforTOS_WhenNotOnIDEAndNotAffiliatedWithAnyAccount_ButLatestTOSIsOutOfDate" storage="d:\v2.0\a1\_work\dbded102\bin\release.anycpu\sps.service\ms.vs.services.profile.l0.tests\ms.vs.services.profile.l0.tests.dll" priority="1" id="1f917e45-6d40-7041-92ca-bbe9a01a264b">
      <Owners>
        <Owner name="vscsditeam" />
      </Owners>
      <Execution id="6e452de4-c540-48af-b0c1-b9b7e038e191" />
      <TestMethod codeBase="D:\v2.0\A1\_work\dbded102\bin\Release.AnyCPU\Sps.Service\MS.VS.Services.Profile.L0.Tests\MS.VS.Services.Profile.L0.Tests.dll" adapterTypeName="Microsoft.VisualStudio.TestTools.TestTypes.Unit.UnitTestAdapter" className="MS.VS.Services.Profile.L0.Tests.ComplianceServiceTests.PlatformComplianceServiceTests" name="PlatformCompliance_ValidateBusinessPolicy_ReturnsUrlforTOS_WhenNotOnIDEAndNotAffiliatedWithAnyAccount_ButLatestTOSIsOutOfDate" />
    </UnitTest>
    <UnitTest name="PlatformCompliance_ValidateBusinessPolicy_ReturnsUrlforTOS_WhenNotOnIDEAndOwnsAnAccount_ButLatestTOSIsOutOfDate" storage="d:\v2.0\a1\_work\dbded102\bin\release.anycpu\sps.service\ms.vs.services.profile.l0.tests\ms.vs.services.profile.l0.tests.dll" priority="1" id="60307291-bfd1-51ab-d4c0-50c49116ffaf">
      <Owners>
        <Owner name="vscsditeam" />
      </Owners>
      <Execution id="70c1fd91-68b7-4474-8fe4-e3c7e78e9cf9" />
      <TestMethod codeBase="D:\v2.0\A1\_work\dbded102\bin\Release.AnyCPU\Sps.Service\MS.VS.Services.Profile.L0.Tests\MS.VS.Services.Profile.L0.Tests.dll" adapterTypeName="Microsoft.VisualStudio.TestTools.TestTypes.Unit.UnitTestAdapter" className="MS.VS.Services.Profile.L0.Tests.ComplianceServiceTests.PlatformComplianceServiceTests" name="PlatformCompliance_ValidateBusinessPolicy_ReturnsUrlforTOS_WhenNotOnIDEAndOwnsAnAccount_ButLatestTOSIsOutOfDate" />
    </UnitTest>
    <UnitTest name="PlatformCompliance_ValidateBusinessPolicy_ReturnsUrlforTOS_WhenNotOnIDEAndMemberOfAnAccount_ButLatestTOSIsOutOfDate" storage="d:\v2.0\a1\_work\dbded102\bin\release.anycpu\sps.service\ms.vs.services.profile.l0.tests\ms.vs.services.profile.l0.tests.dll" priority="1" id="23690340-5972-5d4e-9d77-2bb8add776b6">
      <Owners>
        <Owner name="vscsditeam" />
      </Owners>
      <Execution id="1e46ebb6-a6f4-4944-882b-6dbdc5880ebf" />
      <TestMethod codeBase="D:\v2.0\A1\_work\dbded102\bin\Release.AnyCPU\Sps.Service\MS.VS.Services.Profile.L0.Tests\MS.VS.Services.Profile.L0.Tests.dll" adapterTypeName="Microsoft.VisualStudio.TestTools.TestTypes.Unit.UnitTestAdapter" className="MS.VS.Services.Profile.L0.Tests.ComplianceServiceTests.PlatformComplianceServiceTests" name="PlatformCompliance_ValidateBusinessPolicy_ReturnsUrlforTOS_WhenNotOnIDEAndMemberOfAnAccount_ButLatestTOSIsOutOfDate" />
    </UnitTest>
    <UnitTest name="PlatformCompliance_ValidateBusinessPolicy_ReturnsUrlforTOS_WhenNotOnIDEAndOwnAccountAndMemberOfAnotherAccount_ButLatestTOSIsOutOfDate" storage="d:\v2.0\a1\_work\dbded102\bin\release.anycpu\sps.service\ms.vs.services.profile.l0.tests\ms.vs.services.profile.l0.tests.dll" priority="1" id="f7114769-aadd-f446-867e-b32c1ddcc228">
      <Owners>
        <Owner name="vscsditeam" />
      </Owners>
      <Execution id="31a5d447-fa3e-4ecd-b4eb-d8a59a606ba5" />
      <TestMethod codeBase="D:\v2.0\A1\_work\dbded102\bin\Release.AnyCPU\Sps.Service\MS.VS.Services.Profile.L0.Tests\MS.VS.Services.Profile.L0.Tests.dll" adapterTypeName="Microsoft.VisualStudio.TestTools.TestTypes.Unit.UnitTestAdapter" className="MS.VS.Services.Profile.L0.Tests.ComplianceServiceTests.PlatformComplianceServiceTests" name="PlatformCompliance_ValidateBusinessPolicy_ReturnsUrlforTOS_WhenNotOnIDEAndOwnAccountAndMemberOfAnotherAccount_ButLatestTOSIsOutOfDate" />
    </UnitTest>
    <UnitTest name="PlatformCompliance_ValidateBusinessPolicy_ReturnsCreateUrl_WhenNotOnIDE_ProfileDoesNotExist" storage="d:\v2.0\a1\_work\dbded102\bin\release.anycpu\sps.service\ms.vs.services.profile.l0.tests\ms.vs.services.profile.l0.tests.dll" priority="1" id="c30a07da-9cb4-59a5-f6d9-e8234186ee5d">
      <Owners>
        <Owner name="vscsditeam" />
      </Owners>
      <Execution id="a09c3547-9528-4e43-b20c-b465e4c38c5a" />
      <TestMethod codeBase="D:\v2.0\A1\_work\dbded102\bin\Release.AnyCPU\Sps.Service\MS.VS.Services.Profile.L0.Tests\MS.VS.Services.Profile.L0.Tests.dll" adapterTypeName="Microsoft.VisualStudio.TestTools.TestTypes.Unit.UnitTestAdapter" className="MS.VS.Services.Profile.L0.Tests.ComplianceServiceTests.PlatformComplianceServiceTests" name="PlatformCompliance_ValidateBusinessPolicy_ReturnsCreateUrl_WhenNotOnIDE_ProfileDoesNotExist" />
    </UnitTest>
    <UnitTest name="PlatformCompliance_ValidateBusinessPolicy_MarksUserForNotSeeingCreateAccountPage_WhenOnIDE_ProfileDoesNotExist" storage="d:\v2.0\a1\_work\dbded102\bin\release.anycpu\sps.service\ms.vs.services.profile.l0.tests\ms.vs.services.profile.l0.tests.dll" priority="1" id="da4fda6c-af49-1f76-0488-767a5ce95f51">
      <Owners>
        <Owner name="vscsditeam" />
      </Owners>
      <Execution id="7184d719-04dd-4518-af51-688af60ad0b9" />
      <TestMethod codeBase="D:\v2.0\A1\_work\dbded102\bin\Release.AnyCPU\Sps.Service\MS.VS.Services.Profile.L0.Tests\MS.VS.Services.Profile.L0.Tests.dll" adapterTypeName="Microsoft.VisualStudio.TestTools.TestTypes.Unit.UnitTestAdapter" className="MS.VS.Services.Profile.L0.Tests.ComplianceServiceTests.PlatformComplianceServiceTests" name="PlatformCompliance_ValidateBusinessPolicy_MarksUserForNotSeeingCreateAccountPage_WhenOnIDE_ProfileDoesNotExist" />
    </UnitTest>
    <UnitTest name="PlatformCompliance_ValidateBusinessPolicy_DoesNotTryToDetectIfShouldShowCreateAccountPage_WhenOnIDE_AndProfileDoesNotExist" storage="d:\v2.0\a1\_work\dbded102\bin\release.anycpu\sps.service\ms.vs.services.profile.l0.tests\ms.vs.services.profile.l0.tests.dll" priority="1" id="b23bad4d-5cd0-43f5-8615-cc5c8aa51733">
      <Owners>
        <Owner name="vscsditeam" />
      </Owners>
      <Execution id="93195e50-3ccc-48aa-8fc8-9685807f68ac" />
      <TestMethod codeBase="D:\v2.0\A1\_work\dbded102\bin\Release.AnyCPU\Sps.Service\MS.VS.Services.Profile.L0.Tests\MS.VS.Services.Profile.L0.Tests.dll" adapterTypeName="Microsoft.VisualStudio.TestTools.TestTypes.Unit.UnitTestAdapter" className="MS.VS.Services.Profile.L0.Tests.ComplianceServiceTests.PlatformComplianceServiceTests" name="PlatformCompliance_ValidateBusinessPolicy_DoesNotTryToDetectIfShouldShowCreateAccountPage_WhenOnIDE_AndProfileDoesNotExist" />
    </UnitTest>
    <UnitTest name="PlatformCompliance_ValidateBusinessPolicy_ReturnsCreateUrl_IfUnableToRetrieveAcceptedTermsOfService_WhenOnIDEAndNotAffiliatedWithAnyAccount" storage="d:\v2.0\a1\_work\dbded102\bin\release.anycpu\sps.service\ms.vs.services.profile.l0.tests\ms.vs.services.profile.l0.tests.dll" priority="1" id="5c47017d-35c3-fda1-7276-b2b0fda49c88">
      <Owners>
        <Owner name="vscsditeam" />
      </Owners>
      <Execution id="a6442f66-5549-4c6b-9283-f58cb7092327" />
      <TestMethod codeBase="D:\v2.0\A1\_work\dbded102\bin\Release.AnyCPU\Sps.Service\MS.VS.Services.Profile.L0.Tests\MS.VS.Services.Profile.L0.Tests.dll" adapterTypeName="Microsoft.VisualStudio.TestTools.TestTypes.Unit.UnitTestAdapter" className="MS.VS.Services.Profile.L0.Tests.ComplianceServiceTests.PlatformComplianceServiceTests" name="PlatformCompliance_ValidateBusinessPolicy_ReturnsCreateUrl_IfUnableToRetrieveAcceptedTermsOfService_WhenOnIDEAndNotAffiliatedWithAnyAccount" />
    </UnitTest>
    <UnitTest name="PlatformCompliance_ValidateBusinessPolicy_ThrowsException_IfOnIDEGetAcceptedTermsOfService_ThrowsUnknownException" storage="d:\v2.0\a1\_work\dbded102\bin\release.anycpu\sps.service\ms.vs.services.profile.l0.tests\ms.vs.services.profile.l0.tests.dll" priority="1" id="5da846a7-1ef1-1c41-26db-4688a8e9dafe">
      <Owners>
        <Owner name="vscsditeam" />
      </Owners>
      <Execution id="e5b5ecf0-d6e7-4b08-896c-a20446fc8547" />
      <TestMethod codeBase="D:\v2.0\A1\_work\dbded102\bin\Release.AnyCPU\Sps.Service\MS.VS.Services.Profile.L0.Tests\MS.VS.Services.Profile.L0.Tests.dll" adapterTypeName="Microsoft.VisualStudio.TestTools.TestTypes.Unit.UnitTestAdapter" className="MS.VS.Services.Profile.L0.Tests.ComplianceServiceTests.PlatformComplianceServiceTests" name="PlatformCompliance_ValidateBusinessPolicy_ThrowsException_IfOnIDEGetAcceptedTermsOfService_ThrowsUnknownException" />
    </UnitTest>
    <UnitTest name="PlatformCompliance_ValidateBusinessPolicy_IsCompliant_WhenOnIDEAndNotAffiliatedWithAnyAccount_ButUserSeenPageWithinSavedRange" storage="d:\v2.0\a1\_work\dbded102\bin\release.anycpu\sps.service\ms.vs.services.profile.l0.tests\ms.vs.services.profile.l0.tests.dll" priority="1" id="9d1ead51-18b7-19a1-7527-a63365f0db25">
      <Owners>
        <Owner name="vscsditeam" />
      </Owners>
      <Execution id="fbd6c51a-222a-43af-a968-6df7933b1de1" />
      <TestMethod codeBase="D:\v2.0\A1\_work\dbded102\bin\Release.AnyCPU\Sps.Service\MS.VS.Services.Profile.L0.Tests\MS.VS.Services.Profile.L0.Tests.dll" adapterTypeName="Microsoft.VisualStudio.TestTools.TestTypes.Unit.UnitTestAdapter" className="MS.VS.Services.Profile.L0.Tests.ComplianceServiceTests.PlatformComplianceServiceTests" name="PlatformCompliance_ValidateBusinessPolicy_IsCompliant_WhenOnIDEAndNotAffiliatedWithAnyAccount_ButUserSeenPageWithinSavedRange" />
    </UnitTest>
    <UnitTest name="PlatformCompliance_ValidateBusinessPolicy_IsCompliant_WhenNotOnIDEAndNotAffiliatedWithAnyAccount_ButUserSeenPageWithinSavedRange" storage="d:\v2.0\a1\_work\dbded102\bin\release.anycpu\sps.service\ms.vs.services.profile.l0.tests\ms.vs.services.profile.l0.tests.dll" priority="1" id="2e41cc9c-2e82-c968-2d73-aace9a0d000e">
      <Owners>
        <Owner name="vscsditeam" />
      </Owners>
      <Execution id="41e3bb6f-19ef-4d79-9519-495c5d0e9fdd" />
      <TestMethod codeBase="D:\v2.0\A1\_work\dbded102\bin\Release.AnyCPU\Sps.Service\MS.VS.Services.Profile.L0.Tests\MS.VS.Services.Profile.L0.Tests.dll" adapterTypeName="Microsoft.VisualStudio.TestTools.TestTypes.Unit.UnitTestAdapter" className="MS.VS.Services.Profile.L0.Tests.ComplianceServiceTests.PlatformComplianceServiceTests" name="PlatformCompliance_ValidateBusinessPolicy_IsCompliant_WhenNotOnIDEAndNotAffiliatedWithAnyAccount_ButUserSeenPageWithinSavedRange" />
    </UnitTest>
    <UnitTest name="PlatformCompliance_ValidateBusinessPolicy_DoesNotLookupAccounts_WhenNotOnIDEAndNotAffiliatedWithAnyAccount_ButUserSeenPageWithinSavedRange" storage="d:\v2.0\a1\_work\dbded102\bin\release.anycpu\sps.service\ms.vs.services.profile.l0.tests\ms.vs.services.profile.l0.tests.dll" priority="1" id="6387aa38-e6fa-07b1-9b00-177536cf56e5">
      <Owners>
        <Owner name="vscsditeam" />
      </Owners>
      <Execution id="ea8d5a24-439c-48bb-a9df-62ca6b3d00f3" />
      <TestMethod codeBase="D:\v2.0\A1\_work\dbded102\bin\Release.AnyCPU\Sps.Service\MS.VS.Services.Profile.L0.Tests\MS.VS.Services.Profile.L0.Tests.dll" adapterTypeName="Microsoft.VisualStudio.TestTools.TestTypes.Unit.UnitTestAdapter" className="MS.VS.Services.Profile.L0.Tests.ComplianceServiceTests.PlatformComplianceServiceTests" name="PlatformCompliance_ValidateBusinessPolicy_DoesNotLookupAccounts_WhenNotOnIDEAndNotAffiliatedWithAnyAccount_ButUserSeenPageWithinSavedRange" />
    </UnitTest>
    <UnitTest name="PlatformCompliance_ValidateBusinessPolicy_ReturnsUrlforAccountCreatePage_WhenOnIDEAndNotAffiliatedWithAnyAccount_ButUserHasNotSeenPageSinceSpecifiedDateRange" storage="d:\v2.0\a1\_work\dbded102\bin\release.anycpu\sps.service\ms.vs.services.profile.l0.tests\ms.vs.services.profile.l0.tests.dll" priority="1" id="18f6c57c-521c-bd1d-5bbe-6f7e2161368d">
      <Owners>
        <Owner name="vscsditeam" />
      </Owners>
      <Execution id="feb876e5-e52f-4891-8426-ec19a0db7aef" />
      <TestMethod codeBase="D:\v2.0\A1\_work\dbded102\bin\Release.AnyCPU\Sps.Service\MS.VS.Services.Profile.L0.Tests\MS.VS.Services.Profile.L0.Tests.dll" adapterTypeName="Microsoft.VisualStudio.TestTools.TestTypes.Unit.UnitTestAdapter" className="MS.VS.Services.Profile.L0.Tests.ComplianceServiceTests.PlatformComplianceServiceTests" name="PlatformCompliance_ValidateBusinessPolicy_ReturnsUrlforAccountCreatePage_WhenOnIDEAndNotAffiliatedWithAnyAccount_ButUserHasNotSeenPageSinceSpecifiedDateRange" />
    </UnitTest>
    <UnitTest name="PlatformCompliance_ValidateBusinessPolicy_ReturnsUrlforAccountCreatePage_WhenOnIDEAndNotAffiliatedWithAnyAccount_ButUserHasNeverSeenPageBefore" storage="d:\v2.0\a1\_work\dbded102\bin\release.anycpu\sps.service\ms.vs.services.profile.l0.tests\ms.vs.services.profile.l0.tests.dll" priority="1" id="f6dc18be-9545-8541-1c4b-92d5f82044c8">
      <Owners>
        <Owner name="vscsditeam" />
      </Owners>
      <Execution id="29c24a05-25d7-479d-bac0-31912e50ed37" />
      <TestMethod codeBase="D:\v2.0\A1\_work\dbded102\bin\Release.AnyCPU\Sps.Service\MS.VS.Services.Profile.L0.Tests\MS.VS.Services.Profile.L0.Tests.dll" adapterTypeName="Microsoft.VisualStudio.TestTools.TestTypes.Unit.UnitTestAdapter" className="MS.VS.Services.Profile.L0.Tests.ComplianceServiceTests.PlatformComplianceServiceTests" name="PlatformCompliance_ValidateBusinessPolicy_ReturnsUrlforAccountCreatePage_WhenOnIDEAndNotAffiliatedWithAnyAccount_ButUserHasNeverSeenPageBefore" />
    </UnitTest>
    <UnitTest name="PlatformCompliance_ValidateBusinessPolicy_IsCompliant_WhenNotOnIDEAndNotAffiliatedWithAnyAccount_ButUserHasNotSeenPageSinceSpecifiedDateRange" storage="d:\v2.0\a1\_work\dbded102\bin\release.anycpu\sps.service\ms.vs.services.profile.l0.tests\ms.vs.services.profile.l0.tests.dll" priority="1" id="a98e92dd-23be-6b94-89ac-818d2ace8d5b">
      <Owners>
        <Owner name="vscsditeam" />
      </Owners>
      <Execution id="246408c4-c3d2-460f-9bd5-e8b8d0803103" />
      <TestMethod codeBase="D:\v2.0\A1\_work\dbded102\bin\Release.AnyCPU\Sps.Service\MS.VS.Services.Profile.L0.Tests\MS.VS.Services.Profile.L0.Tests.dll" adapterTypeName="Microsoft.VisualStudio.TestTools.TestTypes.Unit.UnitTestAdapter" className="MS.VS.Services.Profile.L0.Tests.ComplianceServiceTests.PlatformComplianceServiceTests" name="PlatformCompliance_ValidateBusinessPolicy_IsCompliant_WhenNotOnIDEAndNotAffiliatedWithAnyAccount_ButUserHasNotSeenPageSinceSpecifiedDateRange" />
    </UnitTest>
    <UnitTest name="PlatformCompliance_ValidateBusinessPolicy_IsCompliant_WhenOnIDEAndNotAffiliatedWithAnyAccount_ButInLicensingFlow" storage="d:\v2.0\a1\_work\dbded102\bin\release.anycpu\sps.service\ms.vs.services.profile.l0.tests\ms.vs.services.profile.l0.tests.dll" priority="1" id="717df749-00bb-c724-563f-ade246595e09">
      <Owners>
        <Owner name="vscsditeam" />
      </Owners>
      <Execution id="6fb86df7-1bb5-4201-8154-6d2c6def26ad" />
      <TestMethod codeBase="D:\v2.0\A1\_work\dbded102\bin\Release.AnyCPU\Sps.Service\MS.VS.Services.Profile.L0.Tests\MS.VS.Services.Profile.L0.Tests.dll" adapterTypeName="Microsoft.VisualStudio.TestTools.TestTypes.Unit.UnitTestAdapter" className="MS.VS.Services.Profile.L0.Tests.ComplianceServiceTests.PlatformComplianceServiceTests" name="PlatformCompliance_ValidateBusinessPolicy_IsCompliant_WhenOnIDEAndNotAffiliatedWithAnyAccount_ButInLicensingFlow" />
    </UnitTest>
    <UnitTest name="PlatformCompliance_ValidateBusinessPolicy_IsCompliant_WhenNotOnIDEAndNotAffiliatedWithAnyAccount_ButInLicensingFlow" storage="d:\v2.0\a1\_work\dbded102\bin\release.anycpu\sps.service\ms.vs.services.profile.l0.tests\ms.vs.services.profile.l0.tests.dll" priority="1" id="814c1dad-37b3-d1f3-0294-fc5b5ec2a234">
      <Owners>
        <Owner name="vscsditeam" />
      </Owners>
      <Execution id="51865e11-ee1a-4cf3-aaaa-f6ae870d930d" />
      <TestMethod codeBase="D:\v2.0\A1\_work\dbded102\bin\Release.AnyCPU\Sps.Service\MS.VS.Services.Profile.L0.Tests\MS.VS.Services.Profile.L0.Tests.dll" adapterTypeName="Microsoft.VisualStudio.TestTools.TestTypes.Unit.UnitTestAdapter" className="MS.VS.Services.Profile.L0.Tests.ComplianceServiceTests.PlatformComplianceServiceTests" name="PlatformCompliance_ValidateBusinessPolicy_IsCompliant_WhenNotOnIDEAndNotAffiliatedWithAnyAccount_ButInLicensingFlow" />
    </UnitTest>
    <UnitTest name="PlatformCompliance_ValidateBusinessPolicy_IsCompliant_WhenNotOnIDEAndNotAffiliatedWithAnyAccount_ButInLicensingFlow_AndLicensingFlowQueryStringParamIsUpperCase" storage="d:\v2.0\a1\_work\dbded102\bin\release.anycpu\sps.service\ms.vs.services.profile.l0.tests\ms.vs.services.profile.l0.tests.dll" priority="1" id="03c86fe5-4f86-315c-5397-1b3b089a4c77">
      <Owners>
        <Owner name="vscsditeam" />
      </Owners>
      <Execution id="78498265-74bf-40ad-b4a6-43dd3ed9991a" />
      <TestMethod codeBase="D:\v2.0\A1\_work\dbded102\bin\Release.AnyCPU\Sps.Service\MS.VS.Services.Profile.L0.Tests\MS.VS.Services.Profile.L0.Tests.dll" adapterTypeName="Microsoft.VisualStudio.TestTools.TestTypes.Unit.UnitTestAdapter" className="MS.VS.Services.Profile.L0.Tests.ComplianceServiceTests.PlatformComplianceServiceTests" name="PlatformCompliance_ValidateBusinessPolicy_IsCompliant_WhenNotOnIDEAndNotAffiliatedWithAnyAccount_ButInLicensingFlow_AndLicensingFlowQueryStringParamIsUpperCase" />
    </UnitTest>
    <UnitTest name="PlatformCompliance_ValidateBusinessPolicy_ReturnsUrlforAccountCreatePage_WhenNotAffiliatedWithAnyAccount_AndIDEQueryStringParamIsUpperCase" storage="d:\v2.0\a1\_work\dbded102\bin\release.anycpu\sps.service\ms.vs.services.profile.l0.tests\ms.vs.services.profile.l0.tests.dll" priority="1" id="b95c667b-a99f-ae39-9dcc-ee2dfc3210b2">
      <Owners>
        <Owner name="vscsditeam" />
      </Owners>
      <Execution id="b463796b-e5aa-462b-aa5f-fd121907f774" />
      <TestMethod codeBase="D:\v2.0\A1\_work\dbded102\bin\Release.AnyCPU\Sps.Service\MS.VS.Services.Profile.L0.Tests\MS.VS.Services.Profile.L0.Tests.dll" adapterTypeName="Microsoft.VisualStudio.TestTools.TestTypes.Unit.UnitTestAdapter" className="MS.VS.Services.Profile.L0.Tests.ComplianceServiceTests.PlatformComplianceServiceTests" name="PlatformCompliance_ValidateBusinessPolicy_ReturnsUrlforAccountCreatePage_WhenNotAffiliatedWithAnyAccount_AndIDEQueryStringParamIsUpperCase" />
    </UnitTest>
    <UnitTest name="SetPublicAlias_Throws_WhenParameterRequestContextIsNull" storage="d:\v2.0\a1\_work\dbded102\bin\release.anycpu\sps.service\ms.vs.services.profile.l0.tests\ms.vs.services.profile.l0.tests.dll" priority="1" id="dcb63cda-819b-d273-c119-f67aebda1f98">
      <Owners>
        <Owner name="vscsditeam" />
      </Owners>
      <Execution id="df356c68-5f0d-4742-b203-93329fe994bd" />
      <TestMethod codeBase="D:\v2.0\A1\_work\dbded102\bin\Release.AnyCPU\Sps.Service\MS.VS.Services.Profile.L0.Tests\MS.VS.Services.Profile.L0.Tests.dll" adapterTypeName="Microsoft.VisualStudio.TestTools.TestTypes.Unit.UnitTestAdapter" className="MS.VS.Services.Profile.L0.Tests.PlatformProfileServiceTests+SetPublicAlias" name="SetPublicAlias_Throws_WhenParameterRequestContextIsNull" />
    </UnitTest>
    <UnitTest name="SetPublicAlias_Throws_WhenParameterIdentityIdIsEmpty_Case1" storage="d:\v2.0\a1\_work\dbded102\bin\release.anycpu\sps.service\ms.vs.services.profile.l0.tests\ms.vs.services.profile.l0.tests.dll" priority="1" id="1e400c6b-9ed8-122e-f9f6-f3219cd0cac4">
      <Owners>
        <Owner name="vscsditeam" />
      </Owners>
      <Execution id="0ffb1665-0e6f-4df6-8317-c5f0e0649320" />
      <TestMethod codeBase="D:\v2.0\A1\_work\dbded102\bin\Release.AnyCPU\Sps.Service\MS.VS.Services.Profile.L0.Tests\MS.VS.Services.Profile.L0.Tests.dll" adapterTypeName="Microsoft.VisualStudio.TestTools.TestTypes.Unit.UnitTestAdapter" className="MS.VS.Services.Profile.L0.Tests.PlatformProfileServiceTests+SetPublicAlias" name="SetPublicAlias_Throws_WhenParameterIdentityIdIsEmpty_Case1" />
    </UnitTest>
    <UnitTest name="SetPublicAlias_Throws_WhenParameterIdentityIdIsEmpty_Case2" storage="d:\v2.0\a1\_work\dbded102\bin\release.anycpu\sps.service\ms.vs.services.profile.l0.tests\ms.vs.services.profile.l0.tests.dll" priority="1" id="98c74d7a-6809-ba8c-6201-3cc5f14c07b7">
      <Owners>
        <Owner name="vscsditeam" />
      </Owners>
      <Execution id="27559590-6d2a-4cfa-937e-872edb07e463" />
      <TestMethod codeBase="D:\v2.0\A1\_work\dbded102\bin\Release.AnyCPU\Sps.Service\MS.VS.Services.Profile.L0.Tests\MS.VS.Services.Profile.L0.Tests.dll" adapterTypeName="Microsoft.VisualStudio.TestTools.TestTypes.Unit.UnitTestAdapter" className="MS.VS.Services.Profile.L0.Tests.PlatformProfileServiceTests+SetPublicAlias" name="SetPublicAlias_Throws_WhenParameterIdentityIdIsEmpty_Case2" />
    </UnitTest>
    <UnitTest name="SetPublicAlias_Throws_WhenParameterValue_HasMoreThan50Characters" storage="d:\v2.0\a1\_work\dbded102\bin\release.anycpu\sps.service\ms.vs.services.profile.l0.tests\ms.vs.services.profile.l0.tests.dll" priority="1" id="381ca558-cb56-7a2c-6bd7-d18df2b1b173">
      <Owners>
        <Owner name="vscsditeam" />
      </Owners>
      <Execution id="e3499f5f-153d-41df-9435-d00621dbb672" />
      <TestMethod codeBase="D:\v2.0\A1\_work\dbded102\bin\Release.AnyCPU\Sps.Service\MS.VS.Services.Profile.L0.Tests\MS.VS.Services.Profile.L0.Tests.dll" adapterTypeName="Microsoft.VisualStudio.TestTools.TestTypes.Unit.UnitTestAdapter" className="MS.VS.Services.Profile.L0.Tests.PlatformProfileServiceTests+SetPublicAlias" name="SetPublicAlias_Throws_WhenParameterValue_HasMoreThan50Characters" />
    </UnitTest>
    <UnitTest name="SetPublicAlias_Throws_WhenIdentityGuidDoesNotMatchWithTheAuthenticatedIdentityGuid" storage="d:\v2.0\a1\_work\dbded102\bin\release.anycpu\sps.service\ms.vs.services.profile.l0.tests\ms.vs.services.profile.l0.tests.dll" priority="1" id="86cdbd0f-33b8-914e-50a2-21c5b29f4a39">
      <Owners>
        <Owner name="vscsditeam" />
      </Owners>
      <Execution id="5a723d38-aff7-4dfb-8a7d-2cf5cb55e626" />
      <TestMethod codeBase="D:\v2.0\A1\_work\dbded102\bin\Release.AnyCPU\Sps.Service\MS.VS.Services.Profile.L0.Tests\MS.VS.Services.Profile.L0.Tests.dll" adapterTypeName="Microsoft.VisualStudio.TestTools.TestTypes.Unit.UnitTestAdapter" className="MS.VS.Services.Profile.L0.Tests.PlatformProfileServiceTests+SetPublicAlias" name="SetPublicAlias_Throws_WhenIdentityGuidDoesNotMatchWithTheAuthenticatedIdentityGuid" />
    </UnitTest>
    <UnitTest name="SetPublicAlias_CallsUpdateCoreProfileOnRepository" storage="d:\v2.0\a1\_work\dbded102\bin\release.anycpu\sps.service\ms.vs.services.profile.l0.tests\ms.vs.services.profile.l0.tests.dll" priority="1" id="5ddd803c-80f0-b22a-f1e5-1664c0a07313">
      <Owners>
        <Owner name="vscsditeam" />
      </Owners>
      <Execution id="291d9c61-8e11-4904-9d93-a07b96495eda" />
      <TestMethod codeBase="D:\v2.0\A1\_work\dbded102\bin\Release.AnyCPU\Sps.Service\MS.VS.Services.Profile.L0.Tests\MS.VS.Services.Profile.L0.Tests.dll" adapterTypeName="Microsoft.VisualStudio.TestTools.TestTypes.Unit.UnitTestAdapter" className="MS.VS.Services.Profile.L0.Tests.PlatformProfileServiceTests+SetPublicAlias" name="SetPublicAlias_CallsUpdateCoreProfileOnRepository" />
    </UnitTest>
    <UnitTest name="SetDisplayName_Throws_WhenParameterRequestContextIsNull" storage="d:\v2.0\a1\_work\dbded102\bin\release.anycpu\sps.service\ms.vs.services.profile.l0.tests\ms.vs.services.profile.l0.tests.dll" priority="1" id="5a6ea1a9-8862-605f-4692-706a57f32a5e">
      <Owners>
        <Owner name="vscsditeam" />
      </Owners>
      <Execution id="e96233b2-fe59-4463-94c6-8b771c5ec208" />
      <TestMethod codeBase="D:\v2.0\A1\_work\dbded102\bin\Release.AnyCPU\Sps.Service\MS.VS.Services.Profile.L0.Tests\MS.VS.Services.Profile.L0.Tests.dll" adapterTypeName="Microsoft.VisualStudio.TestTools.TestTypes.Unit.UnitTestAdapter" className="MS.VS.Services.Profile.L0.Tests.PlatformProfileServiceTests+SetDisplayName" name="SetDisplayName_Throws_WhenParameterRequestContextIsNull" />
    </UnitTest>
    <UnitTest name="SetDisplayName_Throws_WhenParameterIdentityIdIsEmpty_Case1" storage="d:\v2.0\a1\_work\dbded102\bin\release.anycpu\sps.service\ms.vs.services.profile.l0.tests\ms.vs.services.profile.l0.tests.dll" priority="1" id="549b53a6-1f07-2653-ba50-5de281b23920">
      <Owners>
        <Owner name="vscsditeam" />
      </Owners>
      <Execution id="bc0278c7-254a-4f3c-9cc9-8beaad0fd945" />
      <TestMethod codeBase="D:\v2.0\A1\_work\dbded102\bin\Release.AnyCPU\Sps.Service\MS.VS.Services.Profile.L0.Tests\MS.VS.Services.Profile.L0.Tests.dll" adapterTypeName="Microsoft.VisualStudio.TestTools.TestTypes.Unit.UnitTestAdapter" className="MS.VS.Services.Profile.L0.Tests.PlatformProfileServiceTests+SetDisplayName" name="SetDisplayName_Throws_WhenParameterIdentityIdIsEmpty_Case1" />
    </UnitTest>
    <UnitTest name="SetDisplayName_Throws_WhenParameterIdentityIdIsEmpty_Case2" storage="d:\v2.0\a1\_work\dbded102\bin\release.anycpu\sps.service\ms.vs.services.profile.l0.tests\ms.vs.services.profile.l0.tests.dll" priority="1" id="a151f0c2-8e06-3649-66e3-eaa4f4eb2393">
      <Owners>
        <Owner name="vscsditeam" />
      </Owners>
      <Execution id="afdd7668-4708-4566-bbbb-f62e76fb329a" />
      <TestMethod codeBase="D:\v2.0\A1\_work\dbded102\bin\Release.AnyCPU\Sps.Service\MS.VS.Services.Profile.L0.Tests\MS.VS.Services.Profile.L0.Tests.dll" adapterTypeName="Microsoft.VisualStudio.TestTools.TestTypes.Unit.UnitTestAdapter" className="MS.VS.Services.Profile.L0.Tests.PlatformProfileServiceTests+SetDisplayName" name="SetDisplayName_Throws_WhenParameterIdentityIdIsEmpty_Case2" />
    </UnitTest>
    <UnitTest name="SetDisplayName_Throws_WhenParameterValue_HasMoreThan256Characters" storage="d:\v2.0\a1\_work\dbded102\bin\release.anycpu\sps.service\ms.vs.services.profile.l0.tests\ms.vs.services.profile.l0.tests.dll" priority="1" id="1ef7a0ea-0539-dd8d-6fdc-d4f961dc10e0">
      <Owners>
        <Owner name="vscsditeam" />
      </Owners>
      <Execution id="6aa8565f-175a-4f84-8439-08a699acca86" />
      <TestMethod codeBase="D:\v2.0\A1\_work\dbded102\bin\Release.AnyCPU\Sps.Service\MS.VS.Services.Profile.L0.Tests\MS.VS.Services.Profile.L0.Tests.dll" adapterTypeName="Microsoft.VisualStudio.TestTools.TestTypes.Unit.UnitTestAdapter" className="MS.VS.Services.Profile.L0.Tests.PlatformProfileServiceTests+SetDisplayName" name="SetDisplayName_Throws_WhenParameterValue_HasMoreThan256Characters" />
    </UnitTest>
    <UnitTest name="SetDisplayName_Throws_WhenParameterValue_ContainsAPeriod" storage="d:\v2.0\a1\_work\dbded102\bin\release.anycpu\sps.service\ms.vs.services.profile.l0.tests\ms.vs.services.profile.l0.tests.dll" priority="1" id="f7e07d6f-c120-32b3-de97-c9d1bef3425f">
      <Owners>
        <Owner name="vscsditeam" />
      </Owners>
      <Execution id="c64c7113-c8b5-4f54-9a9a-1b9913c13691" />
      <TestMethod codeBase="D:\v2.0\A1\_work\dbded102\bin\Release.AnyCPU\Sps.Service\MS.VS.Services.Profile.L0.Tests\MS.VS.Services.Profile.L0.Tests.dll" adapterTypeName="Microsoft.VisualStudio.TestTools.TestTypes.Unit.UnitTestAdapter" className="MS.VS.Services.Profile.L0.Tests.PlatformProfileServiceTests+SetDisplayName" name="SetDisplayName_Throws_WhenParameterValue_ContainsAPeriod" />
    </UnitTest>
    <UnitTest name="SetDisplayName_Throws_WhenParameterValue_ContainsPeriodsAlone" storage="d:\v2.0\a1\_work\dbded102\bin\release.anycpu\sps.service\ms.vs.services.profile.l0.tests\ms.vs.services.profile.l0.tests.dll" priority="1" id="a36ee782-f539-7bb9-2bad-79fb91f82357">
      <Owners>
        <Owner name="vscsditeam" />
      </Owners>
      <Execution id="c545d10d-8d18-4caa-aff6-3d4666f74c46" />
      <TestMethod codeBase="D:\v2.0\A1\_work\dbded102\bin\Release.AnyCPU\Sps.Service\MS.VS.Services.Profile.L0.Tests\MS.VS.Services.Profile.L0.Tests.dll" adapterTypeName="Microsoft.VisualStudio.TestTools.TestTypes.Unit.UnitTestAdapter" className="MS.VS.Services.Profile.L0.Tests.PlatformProfileServiceTests+SetDisplayName" name="SetDisplayName_Throws_WhenParameterValue_ContainsPeriodsAlone" />
    </UnitTest>
    <UnitTest name="SetDisplayName_Throws_WhenParameterValue_BeginsWithAHyphen" storage="d:\v2.0\a1\_work\dbded102\bin\release.anycpu\sps.service\ms.vs.services.profile.l0.tests\ms.vs.services.profile.l0.tests.dll" priority="1" id="a462d42d-384e-4293-7fa5-c7fe6e5e44d9">
      <Owners>
        <Owner name="vscsditeam" />
      </Owners>
      <Execution id="d712cb50-b20b-4167-aae2-0752cc1844b6" />
      <TestMethod codeBase="D:\v2.0\A1\_work\dbded102\bin\Release.AnyCPU\Sps.Service\MS.VS.Services.Profile.L0.Tests\MS.VS.Services.Profile.L0.Tests.dll" adapterTypeName="Microsoft.VisualStudio.TestTools.TestTypes.Unit.UnitTestAdapter" className="MS.VS.Services.Profile.L0.Tests.PlatformProfileServiceTests+SetDisplayName" name="SetDisplayName_Throws_WhenParameterValue_BeginsWithAHyphen" />
    </UnitTest>
    <UnitTest name="SetDisplayName_Throws_WhenParameterValue_EndsWithAHyphen" storage="d:\v2.0\a1\_work\dbded102\bin\release.anycpu\sps.service\ms.vs.services.profile.l0.tests\ms.vs.services.profile.l0.tests.dll" priority="1" id="f91dfdaf-4a19-0a97-cec4-e9cb6ed77cf6">
      <Owners>
        <Owner name="vscsditeam" />
      </Owners>
      <Execution id="03f9569a-2323-4107-b9b7-e1d12bf3bd3e" />
      <TestMethod codeBase="D:\v2.0\A1\_work\dbded102\bin\Release.AnyCPU\Sps.Service\MS.VS.Services.Profile.L0.Tests\MS.VS.Services.Profile.L0.Tests.dll" adapterTypeName="Microsoft.VisualStudio.TestTools.TestTypes.Unit.UnitTestAdapter" className="MS.VS.Services.Profile.L0.Tests.PlatformProfileServiceTests+SetDisplayName" name="SetDisplayName_Throws_WhenParameterValue_EndsWithAHyphen" />
    </UnitTest>
    <UnitTest name="SetDisplayName_Throws_WhenIdentityGuidDoesNotMatchWithTheAuthenticatedIdentityGuid" storage="d:\v2.0\a1\_work\dbded102\bin\release.anycpu\sps.service\ms.vs.services.profile.l0.tests\ms.vs.services.profile.l0.tests.dll" priority="1" id="e9e1cead-1501-2cc6-9ac1-b62d8e0d87d5">
      <Owners>
        <Owner name="vscsditeam" />
      </Owners>
      <Execution id="465b1832-b554-4eb9-98d2-166dc895be9c" />
      <TestMethod codeBase="D:\v2.0\A1\_work\dbded102\bin\Release.AnyCPU\Sps.Service\MS.VS.Services.Profile.L0.Tests\MS.VS.Services.Profile.L0.Tests.dll" adapterTypeName="Microsoft.VisualStudio.TestTools.TestTypes.Unit.UnitTestAdapter" className="MS.VS.Services.Profile.L0.Tests.PlatformProfileServiceTests+SetDisplayName" name="SetDisplayName_Throws_WhenIdentityGuidDoesNotMatchWithTheAuthenticatedIdentityGuid" />
    </UnitTest>
    <UnitTest name="GetServiceSetting_Throws_WhenParameterRequestContextIsNull" storage="d:\v2.0\a1\_work\dbded102\bin\release.anycpu\sps.service\ms.vs.services.profile.l0.tests\ms.vs.services.profile.l0.tests.dll" priority="1" id="88adab4a-c9b0-aa4b-5716-3ecb348d2b86">
      <Owners>
        <Owner name="vscsditeam" />
      </Owners>
      <Execution id="9633a08b-c9c7-4465-ae82-64065cc02ebe" />
      <TestMethod codeBase="D:\v2.0\A1\_work\dbded102\bin\Release.AnyCPU\Sps.Service\MS.VS.Services.Profile.L0.Tests\MS.VS.Services.Profile.L0.Tests.dll" adapterTypeName="Microsoft.VisualStudio.TestTools.TestTypes.Unit.UnitTestAdapter" className="MS.VS.Services.Profile.L0.Tests.PlatformProfileServiceTests+GetServiceSetting" name="GetServiceSetting_Throws_WhenParameterRequestContextIsNull" />
    </UnitTest>
    <UnitTest name="GetServiceSetting_Throws_WhenSettingNameIsNull" storage="d:\v2.0\a1\_work\dbded102\bin\release.anycpu\sps.service\ms.vs.services.profile.l0.tests\ms.vs.services.profile.l0.tests.dll" priority="1" id="1de52408-712b-63f9-4de5-d5b13832680a">
      <Owners>
        <Owner name="vscsditeam" />
      </Owners>
      <Execution id="f7b7011d-e67f-4086-a60f-4c6eb8665713" />
      <TestMethod codeBase="D:\v2.0\A1\_work\dbded102\bin\Release.AnyCPU\Sps.Service\MS.VS.Services.Profile.L0.Tests\MS.VS.Services.Profile.L0.Tests.dll" adapterTypeName="Microsoft.VisualStudio.TestTools.TestTypes.Unit.UnitTestAdapter" className="MS.VS.Services.Profile.L0.Tests.PlatformProfileServiceTests+GetServiceSetting" name="GetServiceSetting_Throws_WhenSettingNameIsNull" />
    </UnitTest>
    <UnitTest name="GetServiceSetting_Throws_WhenSettingNameIsEmpty" storage="d:\v2.0\a1\_work\dbded102\bin\release.anycpu\sps.service\ms.vs.services.profile.l0.tests\ms.vs.services.profile.l0.tests.dll" priority="1" id="002a9e5c-c7c2-249f-67b1-a0913878ae57">
      <Owners>
        <Owner name="vscsditeam" />
      </Owners>
      <Execution id="927dd849-d3c6-453c-bd17-7582ad250a81" />
      <TestMethod codeBase="D:\v2.0\A1\_work\dbded102\bin\Release.AnyCPU\Sps.Service\MS.VS.Services.Profile.L0.Tests\MS.VS.Services.Profile.L0.Tests.dll" adapterTypeName="Microsoft.VisualStudio.TestTools.TestTypes.Unit.UnitTestAdapter" className="MS.VS.Services.Profile.L0.Tests.PlatformProfileServiceTests+GetServiceSetting" name="GetServiceSetting_Throws_WhenSettingNameIsEmpty" />
    </UnitTest>
    <UnitTest name="GetServiceSetting_Throws_WhenSettingNameIsInvalid" storage="d:\v2.0\a1\_work\dbded102\bin\release.anycpu\sps.service\ms.vs.services.profile.l0.tests\ms.vs.services.profile.l0.tests.dll" priority="1" id="df12383a-58ff-fa11-d76b-f78a0ff715c6">
      <Owners>
        <Owner name="vscsditeam" />
      </Owners>
      <Execution id="ba357763-9d35-4a66-8b2d-74913e271d59" />
      <TestMethod codeBase="D:\v2.0\A1\_work\dbded102\bin\Release.AnyCPU\Sps.Service\MS.VS.Services.Profile.L0.Tests\MS.VS.Services.Profile.L0.Tests.dll" adapterTypeName="Microsoft.VisualStudio.TestTools.TestTypes.Unit.UnitTestAdapter" className="MS.VS.Services.Profile.L0.Tests.PlatformProfileServiceTests+GetServiceSetting" name="GetServiceSetting_Throws_WhenSettingNameIsInvalid" />
    </UnitTest>
    <UnitTest name="GetServiceSetting_Throws_WhenSettingNameLengthExceedsMax" storage="d:\v2.0\a1\_work\dbded102\bin\release.anycpu\sps.service\ms.vs.services.profile.l0.tests\ms.vs.services.profile.l0.tests.dll" priority="1" id="503766ec-d60e-2992-570a-57bd3211dcf0">
      <Owners>
        <Owner name="vscsditeam" />
      </Owners>
      <Execution id="ba0d0d57-de7a-4bbc-aa49-9c6f59ca2454" />
      <TestMethod codeBase="D:\v2.0\A1\_work\dbded102\bin\Release.AnyCPU\Sps.Service\MS.VS.Services.Profile.L0.Tests\MS.VS.Services.Profile.L0.Tests.dll" adapterTypeName="Microsoft.VisualStudio.TestTools.TestTypes.Unit.UnitTestAdapter" className="MS.VS.Services.Profile.L0.Tests.PlatformProfileServiceTests+GetServiceSetting" name="GetServiceSetting_Throws_WhenSettingNameLengthExceedsMax" />
    </UnitTest>
    <UnitTest name="GetServiceSetting_Throws_WhenSettingDoesNotExist" storage="d:\v2.0\a1\_work\dbded102\bin\release.anycpu\sps.service\ms.vs.services.profile.l0.tests\ms.vs.services.profile.l0.tests.dll" priority="1" id="a7745643-2fe2-2bc6-d16f-2b1606c0e5d5">
      <Owners>
        <Owner name="vscsditeam" />
      </Owners>
      <Execution id="30ea80f7-5256-4519-8922-fce71f30d227" />
      <TestMethod codeBase="D:\v2.0\A1\_work\dbded102\bin\Release.AnyCPU\Sps.Service\MS.VS.Services.Profile.L0.Tests\MS.VS.Services.Profile.L0.Tests.dll" adapterTypeName="Microsoft.VisualStudio.TestTools.TestTypes.Unit.UnitTestAdapter" className="MS.VS.Services.Profile.L0.Tests.PlatformProfileServiceTests+GetServiceSetting" name="GetServiceSetting_Throws_WhenSettingDoesNotExist" />
    </UnitTest>
    <UnitTest name="GetServiceSetting_ReadsFromRegistry" storage="d:\v2.0\a1\_work\dbded102\bin\release.anycpu\sps.service\ms.vs.services.profile.l0.tests\ms.vs.services.profile.l0.tests.dll" priority="1" id="a2b994bf-e2a3-06a8-c53c-de0c8e355e5a">
      <Owners>
        <Owner name="vscsditeam" />
      </Owners>
      <Execution id="c50e428b-69bd-42c9-a261-47c62f9ae7e7" />
      <TestMethod codeBase="D:\v2.0\A1\_work\dbded102\bin\Release.AnyCPU\Sps.Service\MS.VS.Services.Profile.L0.Tests\MS.VS.Services.Profile.L0.Tests.dll" adapterTypeName="Microsoft.VisualStudio.TestTools.TestTypes.Unit.UnitTestAdapter" className="MS.VS.Services.Profile.L0.Tests.PlatformProfileServiceTests+GetServiceSetting" name="GetServiceSetting_ReadsFromRegistry" />
    </UnitTest>
    <UnitTest name="DeleteAttribute_Throws_WhenParameterRequestContextIsNull" storage="d:\v2.0\a1\_work\dbded102\bin\release.anycpu\sps.service\ms.vs.services.profile.l0.tests\ms.vs.services.profile.l0.tests.dll" priority="1" id="2e606d95-1e54-218a-da3a-4af12072e08e">
      <Owners>
        <Owner name="vscsditeam" />
      </Owners>
      <Execution id="524843a8-30d7-4fde-b282-d859aaf5febe" />
      <TestMethod codeBase="D:\v2.0\A1\_work\dbded102\bin\Release.AnyCPU\Sps.Service\MS.VS.Services.Profile.L0.Tests\MS.VS.Services.Profile.L0.Tests.dll" adapterTypeName="Microsoft.VisualStudio.TestTools.TestTypes.Unit.UnitTestAdapter" className="MS.VS.Services.Profile.L0.Tests.PlatformProfileServiceTests+DeleteAttribute" name="DeleteAttribute_Throws_WhenParameterRequestContextIsNull" />
    </UnitTest>
    <UnitTest name="DeleteAttribute_Throws_WhenNullAttributeName" storage="d:\v2.0\a1\_work\dbded102\bin\release.anycpu\sps.service\ms.vs.services.profile.l0.tests\ms.vs.services.profile.l0.tests.dll" priority="1" id="00a172f3-57ff-c8e7-bcdf-5e757d37bf72">
      <Owners>
        <Owner name="vscsditeam" />
      </Owners>
      <Execution id="193243c3-3061-4fd1-a612-1d5d9dd3c9cb" />
      <TestMethod codeBase="D:\v2.0\A1\_work\dbded102\bin\Release.AnyCPU\Sps.Service\MS.VS.Services.Profile.L0.Tests\MS.VS.Services.Profile.L0.Tests.dll" adapterTypeName="Microsoft.VisualStudio.TestTools.TestTypes.Unit.UnitTestAdapter" className="MS.VS.Services.Profile.L0.Tests.PlatformProfileServiceTests+DeleteAttribute" name="DeleteAttribute_Throws_WhenNullAttributeName" />
    </UnitTest>
    <UnitTest name="DeleteAttribute_Throws_WhenParameterAttributeNameIsEmpty_Case1" storage="d:\v2.0\a1\_work\dbded102\bin\release.anycpu\sps.service\ms.vs.services.profile.l0.tests\ms.vs.services.profile.l0.tests.dll" priority="1" id="1badc357-7168-7ef3-1307-fa56b2eee7f6">
      <Owners>
        <Owner name="vscsditeam" />
      </Owners>
      <Execution id="5b891b76-7bf3-4fe3-8b82-b7539a5932e4" />
      <TestMethod codeBase="D:\v2.0\A1\_work\dbded102\bin\Release.AnyCPU\Sps.Service\MS.VS.Services.Profile.L0.Tests\MS.VS.Services.Profile.L0.Tests.dll" adapterTypeName="Microsoft.VisualStudio.TestTools.TestTypes.Unit.UnitTestAdapter" className="MS.VS.Services.Profile.L0.Tests.PlatformProfileServiceTests+DeleteAttribute" name="DeleteAttribute_Throws_WhenParameterAttributeNameIsEmpty_Case1" />
    </UnitTest>
    <UnitTest name="DeleteAttribute_Throws_WhenParameterAttributeNameIsEmpty_Case2" storage="d:\v2.0\a1\_work\dbded102\bin\release.anycpu\sps.service\ms.vs.services.profile.l0.tests\ms.vs.services.profile.l0.tests.dll" priority="1" id="24c2c9e1-674c-fed8-c270-971a86b9e935">
      <Owners>
        <Owner name="vscsditeam" />
      </Owners>
      <Execution id="51293fd9-d381-4120-a468-1e4db64b4367" />
      <TestMethod codeBase="D:\v2.0\A1\_work\dbded102\bin\Release.AnyCPU\Sps.Service\MS.VS.Services.Profile.L0.Tests\MS.VS.Services.Profile.L0.Tests.dll" adapterTypeName="Microsoft.VisualStudio.TestTools.TestTypes.Unit.UnitTestAdapter" className="MS.VS.Services.Profile.L0.Tests.PlatformProfileServiceTests+DeleteAttribute" name="DeleteAttribute_Throws_WhenParameterAttributeNameIsEmpty_Case2" />
    </UnitTest>
    <UnitTest name="DeleteAttribute_Throws_WhenParameterAttributeNameIsEmpty_Case3" storage="d:\v2.0\a1\_work\dbded102\bin\release.anycpu\sps.service\ms.vs.services.profile.l0.tests\ms.vs.services.profile.l0.tests.dll" priority="1" id="cf950545-fb92-7f46-fd21-f44819d60060">
      <Owners>
        <Owner name="vscsditeam" />
      </Owners>
      <Execution id="5f7756d8-6088-438a-9057-ac4a2548dc12" />
      <TestMethod codeBase="D:\v2.0\A1\_work\dbded102\bin\Release.AnyCPU\Sps.Service\MS.VS.Services.Profile.L0.Tests\MS.VS.Services.Profile.L0.Tests.dll" adapterTypeName="Microsoft.VisualStudio.TestTools.TestTypes.Unit.UnitTestAdapter" className="MS.VS.Services.Profile.L0.Tests.PlatformProfileServiceTests+DeleteAttribute" name="DeleteAttribute_Throws_WhenParameterAttributeNameIsEmpty_Case3" />
    </UnitTest>
    <UnitTest name="DeleteAttribute_Throws_WhenParameterIdentityIdIsEmpty_Case1" storage="d:\v2.0\a1\_work\dbded102\bin\release.anycpu\sps.service\ms.vs.services.profile.l0.tests\ms.vs.services.profile.l0.tests.dll" priority="1" id="a167001f-41ee-bd8c-2b68-924fc776f24e">
      <Owners>
        <Owner name="vscsditeam" />
      </Owners>
      <Execution id="ab917ad3-19fc-42f0-91b8-5ea072efaa2e" />
      <TestMethod codeBase="D:\v2.0\A1\_work\dbded102\bin\Release.AnyCPU\Sps.Service\MS.VS.Services.Profile.L0.Tests\MS.VS.Services.Profile.L0.Tests.dll" adapterTypeName="Microsoft.VisualStudio.TestTools.TestTypes.Unit.UnitTestAdapter" className="MS.VS.Services.Profile.L0.Tests.PlatformProfileServiceTests+DeleteAttribute" name="DeleteAttribute_Throws_WhenParameterIdentityIdIsEmpty_Case1" />
    </UnitTest>
    <UnitTest name="DeleteAttribute_Throws_WhenIdentityGuidDoesNotMatchWithTheAuthenticatedIdentityGuid" storage="d:\v2.0\a1\_work\dbded102\bin\release.anycpu\sps.service\ms.vs.services.profile.l0.tests\ms.vs.services.profile.l0.tests.dll" priority="1" id="5ab77e68-20b7-0bf8-6453-f1020f4553d8">
      <Owners>
        <Owner name="vscsditeam" />
      </Owners>
      <Execution id="fb8b2920-65a7-436a-acde-a54713d07959" />
      <TestMethod codeBase="D:\v2.0\A1\_work\dbded102\bin\Release.AnyCPU\Sps.Service\MS.VS.Services.Profile.L0.Tests\MS.VS.Services.Profile.L0.Tests.dll" adapterTypeName="Microsoft.VisualStudio.TestTools.TestTypes.Unit.UnitTestAdapter" className="MS.VS.Services.Profile.L0.Tests.PlatformProfileServiceTests+DeleteAttribute" name="DeleteAttribute_Throws_WhenIdentityGuidDoesNotMatchWithTheAuthenticatedIdentityGuid" />
    </UnitTest>
    <UnitTest name="DeleteAttribute_CallsDeleteAttributeOnRepository" storage="d:\v2.0\a1\_work\dbded102\bin\release.anycpu\sps.service\ms.vs.services.profile.l0.tests\ms.vs.services.profile.l0.tests.dll" priority="1" id="005ed471-b2c0-f7a1-5f3c-151243789a1b">
      <Owners>
        <Owner name="vscsditeam" />
      </Owners>
      <Execution id="5d098ed0-8d8e-4870-99a3-4af8aa8efbb3" />
      <TestMethod codeBase="D:\v2.0\A1\_work\dbded102\bin\Release.AnyCPU\Sps.Service\MS.VS.Services.Profile.L0.Tests\MS.VS.Services.Profile.L0.Tests.dll" adapterTypeName="Microsoft.VisualStudio.TestTools.TestTypes.Unit.UnitTestAdapter" className="MS.VS.Services.Profile.L0.Tests.PlatformProfileServiceTests+DeleteAttribute" name="DeleteAttribute_CallsDeleteAttributeOnRepository" />
    </UnitTest>
    <UnitTest name="GetCurrentTermsOfService_CallsComponent_OnCacheMiss_AndUpdatesCache" storage="d:\v2.0\a1\_work\dbded102\bin\release.anycpu\sps.service\ms.vs.services.profile.l0.tests\ms.vs.services.profile.l0.tests.dll" priority="1" id="f70ab0bd-73de-8ab6-08ce-f9a7fe19edea">
      <Execution id="87d33c37-fe67-4a88-b969-ce3f8a3b9462" />
      <TestMethod codeBase="D:\v2.0\A1\_work\dbded102\bin\Release.AnyCPU\Sps.Service\MS.VS.Services.Profile.L0.Tests\MS.VS.Services.Profile.L0.Tests.dll" adapterTypeName="Microsoft.VisualStudio.TestTools.TestTypes.Unit.UnitTestAdapter" className="MS.VS.Services.Profile.L0.Tests.PlatformProfileServiceTests+GetLatestTermsofService" name="GetCurrentTermsOfService_CallsComponent_OnCacheMiss_AndUpdatesCache" />
    </UnitTest>
    <UnitTest name="GetCurrentTermsOfService_DoesNotCallComponent_OnCacheHit" storage="d:\v2.0\a1\_work\dbded102\bin\release.anycpu\sps.service\ms.vs.services.profile.l0.tests\ms.vs.services.profile.l0.tests.dll" priority="1" id="6c880d32-0d10-8df8-baeb-038621b59abe">
      <Execution id="00f1bb09-6fe0-4166-85a7-3a01ec394daa" />
      <TestMethod codeBase="D:\v2.0\A1\_work\dbded102\bin\Release.AnyCPU\Sps.Service\MS.VS.Services.Profile.L0.Tests\MS.VS.Services.Profile.L0.Tests.dll" adapterTypeName="Microsoft.VisualStudio.TestTools.TestTypes.Unit.UnitTestAdapter" className="MS.VS.Services.Profile.L0.Tests.PlatformProfileServiceTests+GetLatestTermsofService" name="GetCurrentTermsOfService_DoesNotCallComponent_OnCacheHit" />
    </UnitTest>
    <UnitTest name="GetAttribute_Throws_WhenParameterRequestContextIsNull" storage="d:\v2.0\a1\_work\dbded102\bin\release.anycpu\sps.service\ms.vs.services.profile.l0.tests\ms.vs.services.profile.l0.tests.dll" priority="1" id="2c14f121-20f3-e0d1-c498-2e7ba59ab98d">
      <Owners>
        <Owner name="vscsditeam" />
      </Owners>
      <Execution id="4361bb07-3660-491a-a830-75055fb53bb9" />
      <TestMethod codeBase="D:\v2.0\A1\_work\dbded102\bin\Release.AnyCPU\Sps.Service\MS.VS.Services.Profile.L0.Tests\MS.VS.Services.Profile.L0.Tests.dll" adapterTypeName="Microsoft.VisualStudio.TestTools.TestTypes.Unit.UnitTestAdapter" className="MS.VS.Services.Profile.L0.Tests.PlatformProfileServiceTests+GetAttribute" name="GetAttribute_Throws_WhenParameterRequestContextIsNull" />
    </UnitTest>
    <UnitTest name="GetAttribute_Throws_WhenNullAttributeName" storage="d:\v2.0\a1\_work\dbded102\bin\release.anycpu\sps.service\ms.vs.services.profile.l0.tests\ms.vs.services.profile.l0.tests.dll" priority="1" id="e8e77634-1f34-02a3-4b03-1bd23815abf5">
      <Owners>
        <Owner name="vscsditeam" />
      </Owners>
      <Execution id="afc26225-2188-4303-a329-1e764822ed2a" />
      <TestMethod codeBase="D:\v2.0\A1\_work\dbded102\bin\Release.AnyCPU\Sps.Service\MS.VS.Services.Profile.L0.Tests\MS.VS.Services.Profile.L0.Tests.dll" adapterTypeName="Microsoft.VisualStudio.TestTools.TestTypes.Unit.UnitTestAdapter" className="MS.VS.Services.Profile.L0.Tests.PlatformProfileServiceTests+GetAttribute" name="GetAttribute_Throws_WhenNullAttributeName" />
    </UnitTest>
    <UnitTest name="GetAttribute_Throws_WhenParameterAttributeNameIsEmpty_Case1" storage="d:\v2.0\a1\_work\dbded102\bin\release.anycpu\sps.service\ms.vs.services.profile.l0.tests\ms.vs.services.profile.l0.tests.dll" priority="1" id="df1188ea-b83c-f3e2-7af8-2256cb481667">
      <Owners>
        <Owner name="vscsditeam" />
      </Owners>
      <Execution id="7643b141-ce68-4ffb-8048-b5a1daf859aa" />
      <TestMethod codeBase="D:\v2.0\A1\_work\dbded102\bin\Release.AnyCPU\Sps.Service\MS.VS.Services.Profile.L0.Tests\MS.VS.Services.Profile.L0.Tests.dll" adapterTypeName="Microsoft.VisualStudio.TestTools.TestTypes.Unit.UnitTestAdapter" className="MS.VS.Services.Profile.L0.Tests.PlatformProfileServiceTests+GetAttribute" name="GetAttribute_Throws_WhenParameterAttributeNameIsEmpty_Case1" />
    </UnitTest>
    <UnitTest name="GetAttribute_Throws_WhenParameterAttributeNameIsEmpty_Case2" storage="d:\v2.0\a1\_work\dbded102\bin\release.anycpu\sps.service\ms.vs.services.profile.l0.tests\ms.vs.services.profile.l0.tests.dll" priority="1" id="2fc992f7-6592-d489-1e0b-fa21b6a8d266">
      <Owners>
        <Owner name="vscsditeam" />
      </Owners>
      <Execution id="5100437c-68e7-4693-9f04-13ef859b1d90" />
      <TestMethod codeBase="D:\v2.0\A1\_work\dbded102\bin\Release.AnyCPU\Sps.Service\MS.VS.Services.Profile.L0.Tests\MS.VS.Services.Profile.L0.Tests.dll" adapterTypeName="Microsoft.VisualStudio.TestTools.TestTypes.Unit.UnitTestAdapter" className="MS.VS.Services.Profile.L0.Tests.PlatformProfileServiceTests+GetAttribute" name="GetAttribute_Throws_WhenParameterAttributeNameIsEmpty_Case2" />
    </UnitTest>
    <UnitTest name="GetAttribute_Throws_WhenParameterAttributeNameIsEmpty_Case3" storage="d:\v2.0\a1\_work\dbded102\bin\release.anycpu\sps.service\ms.vs.services.profile.l0.tests\ms.vs.services.profile.l0.tests.dll" priority="1" id="9fb5fd5e-fe09-86eb-0af1-d5e1967f719b">
      <Owners>
        <Owner name="vscsditeam" />
      </Owners>
      <Execution id="413f47bb-2f7a-4c7d-9770-f0f66e09ac80" />
      <TestMethod codeBase="D:\v2.0\A1\_work\dbded102\bin\Release.AnyCPU\Sps.Service\MS.VS.Services.Profile.L0.Tests\MS.VS.Services.Profile.L0.Tests.dll" adapterTypeName="Microsoft.VisualStudio.TestTools.TestTypes.Unit.UnitTestAdapter" className="MS.VS.Services.Profile.L0.Tests.PlatformProfileServiceTests+GetAttribute" name="GetAttribute_Throws_WhenParameterAttributeNameIsEmpty_Case3" />
    </UnitTest>
    <UnitTest name="GetAttribute_Throws_WhenParameterIdentityIdIsEmpty_Case1" storage="d:\v2.0\a1\_work\dbded102\bin\release.anycpu\sps.service\ms.vs.services.profile.l0.tests\ms.vs.services.profile.l0.tests.dll" priority="1" id="00a3f809-61c4-f9b4-48ec-b9721f80da02">
      <Owners>
        <Owner name="vscsditeam" />
      </Owners>
      <Execution id="cf8d9312-76ec-4405-b438-1045f8896994" />
      <TestMethod codeBase="D:\v2.0\A1\_work\dbded102\bin\Release.AnyCPU\Sps.Service\MS.VS.Services.Profile.L0.Tests\MS.VS.Services.Profile.L0.Tests.dll" adapterTypeName="Microsoft.VisualStudio.TestTools.TestTypes.Unit.UnitTestAdapter" className="MS.VS.Services.Profile.L0.Tests.PlatformProfileServiceTests+GetAttribute" name="GetAttribute_Throws_WhenParameterIdentityIdIsEmpty_Case1" />
    </UnitTest>
    <UnitTest name="GetAttribute_Throws_WhenParameterIdentityIdIsEmpty_Case2" storage="d:\v2.0\a1\_work\dbded102\bin\release.anycpu\sps.service\ms.vs.services.profile.l0.tests\ms.vs.services.profile.l0.tests.dll" priority="1" id="f90bf7a1-224e-8f6b-2301-78de2bcc8c2a">
      <Owners>
        <Owner name="vscsditeam" />
      </Owners>
      <Execution id="fc3e4452-a86c-49a4-b104-039a5d76458a" />
      <TestMethod codeBase="D:\v2.0\A1\_work\dbded102\bin\Release.AnyCPU\Sps.Service\MS.VS.Services.Profile.L0.Tests\MS.VS.Services.Profile.L0.Tests.dll" adapterTypeName="Microsoft.VisualStudio.TestTools.TestTypes.Unit.UnitTestAdapter" className="MS.VS.Services.Profile.L0.Tests.PlatformProfileServiceTests+GetAttribute" name="GetAttribute_Throws_WhenParameterIdentityIdIsEmpty_Case2" />
    </UnitTest>
    <UnitTest name="GetAttribute_Throws_WhenIdentityGuidDoesNotMatchWithTheAuthenticatedIdentityGuid" storage="d:\v2.0\a1\_work\dbded102\bin\release.anycpu\sps.service\ms.vs.services.profile.l0.tests\ms.vs.services.profile.l0.tests.dll" priority="1" id="25935ee7-ad94-6232-3042-749b317696ae">
      <Owners>
        <Owner name="vscsditeam" />
      </Owners>
      <Execution id="caabba00-aa2b-4898-93ce-a628fc575a65" />
      <TestMethod codeBase="D:\v2.0\A1\_work\dbded102\bin\Release.AnyCPU\Sps.Service\MS.VS.Services.Profile.L0.Tests\MS.VS.Services.Profile.L0.Tests.dll" adapterTypeName="Microsoft.VisualStudio.TestTools.TestTypes.Unit.UnitTestAdapter" className="MS.VS.Services.Profile.L0.Tests.PlatformProfileServiceTests+GetAttribute" name="GetAttribute_Throws_WhenIdentityGuidDoesNotMatchWithTheAuthenticatedIdentityGuid" />
    </UnitTest>
    <UnitTest name="GetAttribute_CallsGetAttributeOnRepository" storage="d:\v2.0\a1\_work\dbded102\bin\release.anycpu\sps.service\ms.vs.services.profile.l0.tests\ms.vs.services.profile.l0.tests.dll" priority="1" id="d47c22ea-4081-3b38-d65c-29fadfd5affc">
      <Owners>
        <Owner name="vscsditeam" />
      </Owners>
      <Execution id="c1ef7987-d943-47ee-8e6d-2faccffe9b99" />
      <TestMethod codeBase="D:\v2.0\A1\_work\dbded102\bin\Release.AnyCPU\Sps.Service\MS.VS.Services.Profile.L0.Tests\MS.VS.Services.Profile.L0.Tests.dll" adapterTypeName="Microsoft.VisualStudio.TestTools.TestTypes.Unit.UnitTestAdapter" className="MS.VS.Services.Profile.L0.Tests.PlatformProfileServiceTests+GetAttribute" name="GetAttribute_CallsGetAttributeOnRepository" />
    </UnitTest>
    <UnitTest name="GetAvatar_Throws_WhenParameterRequestContextIsNull" storage="d:\v2.0\a1\_work\dbded102\bin\release.anycpu\sps.service\ms.vs.services.profile.l0.tests\ms.vs.services.profile.l0.tests.dll" priority="1" id="4888288a-b93a-4505-be64-ae602a5810da">
      <Owners>
        <Owner name="vscsditeam" />
      </Owners>
      <Execution id="1e657170-306b-4438-9e7f-d7ea4ea4668d" />
      <TestMethod codeBase="D:\v2.0\A1\_work\dbded102\bin\Release.AnyCPU\Sps.Service\MS.VS.Services.Profile.L0.Tests\MS.VS.Services.Profile.L0.Tests.dll" adapterTypeName="Microsoft.VisualStudio.TestTools.TestTypes.Unit.UnitTestAdapter" className="MS.VS.Services.Profile.L0.Tests.PlatformProfileServiceTests+GetAvatar" name="GetAvatar_Throws_WhenParameterRequestContextIsNull" />
    </UnitTest>
    <UnitTest name="GetAvatar_Throws_WhenParameterIdentityIdIsEmpty_Case1" storage="d:\v2.0\a1\_work\dbded102\bin\release.anycpu\sps.service\ms.vs.services.profile.l0.tests\ms.vs.services.profile.l0.tests.dll" priority="1" id="b203cbfe-cc69-b636-02a4-1e14b977443c">
      <Owners>
        <Owner name="vscsditeam" />
      </Owners>
      <Execution id="0e4b6127-0f52-4738-802e-a16fbe8080ca" />
      <TestMethod codeBase="D:\v2.0\A1\_work\dbded102\bin\Release.AnyCPU\Sps.Service\MS.VS.Services.Profile.L0.Tests\MS.VS.Services.Profile.L0.Tests.dll" adapterTypeName="Microsoft.VisualStudio.TestTools.TestTypes.Unit.UnitTestAdapter" className="MS.VS.Services.Profile.L0.Tests.PlatformProfileServiceTests+GetAvatar" name="GetAvatar_Throws_WhenParameterIdentityIdIsEmpty_Case1" />
    </UnitTest>
    <UnitTest name="GetAvatar_Throws_WhenIdentityGuidDoesNotMatchWithTheAuthenticatedIdentityGuid" storage="d:\v2.0\a1\_work\dbded102\bin\release.anycpu\sps.service\ms.vs.services.profile.l0.tests\ms.vs.services.profile.l0.tests.dll" priority="1" id="112626e9-c182-83bb-1880-97ec3c10cdda">
      <Owners>
        <Owner name="vscsditeam" />
      </Owners>
      <Execution id="2189f476-cb61-4448-a66e-514dcd3b3794" />
      <TestMethod codeBase="D:\v2.0\A1\_work\dbded102\bin\Release.AnyCPU\Sps.Service\MS.VS.Services.Profile.L0.Tests\MS.VS.Services.Profile.L0.Tests.dll" adapterTypeName="Microsoft.VisualStudio.TestTools.TestTypes.Unit.UnitTestAdapter" className="MS.VS.Services.Profile.L0.Tests.PlatformProfileServiceTests+GetAvatar" name="GetAvatar_Throws_WhenIdentityGuidDoesNotMatchWithTheAuthenticatedIdentityGuid" />
    </UnitTest>
    <UnitTest name="GetAvatar_CallsGetProfileOnRepository" storage="d:\v2.0\a1\_work\dbded102\bin\release.anycpu\sps.service\ms.vs.services.profile.l0.tests\ms.vs.services.profile.l0.tests.dll" priority="1" id="0ec1d050-1007-4fbb-6ad8-ff1cb89e6876">
      <Owners>
        <Owner name="vscsditeam" />
      </Owners>
      <Execution id="845ba9e9-f2e2-42a6-91e9-3a939011f2d7" />
      <TestMethod codeBase="D:\v2.0\A1\_work\dbded102\bin\Release.AnyCPU\Sps.Service\MS.VS.Services.Profile.L0.Tests\MS.VS.Services.Profile.L0.Tests.dll" adapterTypeName="Microsoft.VisualStudio.TestTools.TestTypes.Unit.UnitTestAdapter" className="MS.VS.Services.Profile.L0.Tests.PlatformProfileServiceTests+GetAvatar" name="GetAvatar_CallsGetProfileOnRepository" />
    </UnitTest>
    <UnitTest name="GetProfile_Throws_WhenParameterRequestContextIsNull" storage="d:\v2.0\a1\_work\dbded102\bin\release.anycpu\sps.service\ms.vs.services.profile.l0.tests\ms.vs.services.profile.l0.tests.dll" id="c7c76e8e-6fd3-a653-0ec4-b1242c3ffe35">
      <Execution id="c0f927e1-7e3e-48cb-aab0-5b422a086282" />
      <TestMethod codeBase="D:\v2.0\A1\_work\dbded102\bin\Release.AnyCPU\Sps.Service\MS.VS.Services.Profile.L0.Tests\MS.VS.Services.Profile.L0.Tests.dll" adapterTypeName="Microsoft.VisualStudio.TestTools.TestTypes.Unit.UnitTestAdapter" className="MS.VS.Services.Profile.L0.Tests.PlatformProfileServiceTests+Get" name="GetProfile_Throws_WhenParameterRequestContextIsNull" />
    </UnitTest>
    <UnitTest name="GetProfile_Throws_WhenParameterIdentityIdIsEmpty_Case1" storage="d:\v2.0\a1\_work\dbded102\bin\release.anycpu\sps.service\ms.vs.services.profile.l0.tests\ms.vs.services.profile.l0.tests.dll" id="2e9ad08d-6a6a-c66d-1876-d4324594e97f">
      <Execution id="b18c89f8-d828-4b04-8446-662033e502e7" />
      <TestMethod codeBase="D:\v2.0\A1\_work\dbded102\bin\Release.AnyCPU\Sps.Service\MS.VS.Services.Profile.L0.Tests\MS.VS.Services.Profile.L0.Tests.dll" adapterTypeName="Microsoft.VisualStudio.TestTools.TestTypes.Unit.UnitTestAdapter" className="MS.VS.Services.Profile.L0.Tests.PlatformProfileServiceTests+Get" name="GetProfile_Throws_WhenParameterIdentityIdIsEmpty_Case1" />
    </UnitTest>
    <UnitTest name="GetProfile_Throws_WhenProfileNotFound" storage="d:\v2.0\a1\_work\dbded102\bin\release.anycpu\sps.service\ms.vs.services.profile.l0.tests\ms.vs.services.profile.l0.tests.dll" id="5b8da2e4-a76f-eecc-ea44-54796a706016">
      <Execution id="fcefdd4f-ca83-4679-bfd3-0ea650959630" />
      <TestMethod codeBase="D:\v2.0\A1\_work\dbded102\bin\Release.AnyCPU\Sps.Service\MS.VS.Services.Profile.L0.Tests\MS.VS.Services.Profile.L0.Tests.dll" adapterTypeName="Microsoft.VisualStudio.TestTools.TestTypes.Unit.UnitTestAdapter" className="MS.VS.Services.Profile.L0.Tests.PlatformProfileServiceTests+Get" name="GetProfile_Throws_WhenProfileNotFound" />
    </UnitTest>
    <UnitTest name="GetProfile_Throws_WhenIdentityGuidDoesNotMatchWithTheAuthenticatedIdentityGuid" storage="d:\v2.0\a1\_work\dbded102\bin\release.anycpu\sps.service\ms.vs.services.profile.l0.tests\ms.vs.services.profile.l0.tests.dll" id="e0b486ec-38f9-769b-858e-2b88f7caca87">
      <Execution id="510a7b5c-a43d-4875-97ec-9f0144a7f987" />
      <TestMethod codeBase="D:\v2.0\A1\_work\dbded102\bin\Release.AnyCPU\Sps.Service\MS.VS.Services.Profile.L0.Tests\MS.VS.Services.Profile.L0.Tests.dll" adapterTypeName="Microsoft.VisualStudio.TestTools.TestTypes.Unit.UnitTestAdapter" className="MS.VS.Services.Profile.L0.Tests.PlatformProfileServiceTests+Get" name="GetProfile_Throws_WhenIdentityGuidDoesNotMatchWithTheAuthenticatedIdentityGuid" />
    </UnitTest>
    <UnitTest name="GetProfile_Throws_WhenAuthenticatedUserIdDoesNotMatchGivenIdInParameter" storage="d:\v2.0\a1\_work\dbded102\bin\release.anycpu\sps.service\ms.vs.services.profile.l0.tests\ms.vs.services.profile.l0.tests.dll" id="901837fd-5946-e598-fafb-e3242a9705f0">
      <Execution id="4c5b9b6c-ada2-4eac-a0cf-9e21a167ad16" />
      <TestMethod codeBase="D:\v2.0\A1\_work\dbded102\bin\Release.AnyCPU\Sps.Service\MS.VS.Services.Profile.L0.Tests\MS.VS.Services.Profile.L0.Tests.dll" adapterTypeName="Microsoft.VisualStudio.TestTools.TestTypes.Unit.UnitTestAdapter" className="MS.VS.Services.Profile.L0.Tests.PlatformProfileServiceTests+Get" name="GetProfile_Throws_WhenAuthenticatedUserIdDoesNotMatchGivenIdInParameter" />
    </UnitTest>
    <UnitTest name="SetAttribute_Throws_WhenParameterRequestContextIsNull" storage="d:\v2.0\a1\_work\dbded102\bin\release.anycpu\sps.service\ms.vs.services.profile.l0.tests\ms.vs.services.profile.l0.tests.dll" priority="1" id="b5f39956-cf04-a1c9-049b-f77734bbebc8">
      <Owners>
        <Owner name="vscsditeam" />
      </Owners>
      <Execution id="6f248ef3-31f7-4a6d-9598-a832fd8c82bc" />
      <TestMethod codeBase="D:\v2.0\A1\_work\dbded102\bin\Release.AnyCPU\Sps.Service\MS.VS.Services.Profile.L0.Tests\MS.VS.Services.Profile.L0.Tests.dll" adapterTypeName="Microsoft.VisualStudio.TestTools.TestTypes.Unit.UnitTestAdapter" className="MS.VS.Services.Profile.L0.Tests.PlatformProfileServiceTests+SetAttribute" name="SetAttribute_Throws_WhenParameterRequestContextIsNull" />
    </UnitTest>
    <UnitTest name="SetAttribute_Throws_WhenNullAttributeName" storage="d:\v2.0\a1\_work\dbded102\bin\release.anycpu\sps.service\ms.vs.services.profile.l0.tests\ms.vs.services.profile.l0.tests.dll" priority="1" id="184ac053-7cd5-5f9a-59b2-2392bc2366a4">
      <Owners>
        <Owner name="vscsditeam" />
      </Owners>
      <Execution id="9056acf7-1bcf-409a-bc3d-0c36d83e6d9d" />
      <TestMethod codeBase="D:\v2.0\A1\_work\dbded102\bin\Release.AnyCPU\Sps.Service\MS.VS.Services.Profile.L0.Tests\MS.VS.Services.Profile.L0.Tests.dll" adapterTypeName="Microsoft.VisualStudio.TestTools.TestTypes.Unit.UnitTestAdapter" className="MS.VS.Services.Profile.L0.Tests.PlatformProfileServiceTests+SetAttribute" name="SetAttribute_Throws_WhenNullAttributeName" />
    </UnitTest>
    <UnitTest name="SetAttribute_Throws_WhenParameterAttributeNameIsEmpty_Case1" storage="d:\v2.0\a1\_work\dbded102\bin\release.anycpu\sps.service\ms.vs.services.profile.l0.tests\ms.vs.services.profile.l0.tests.dll" priority="1" id="a4036a5c-8648-3efd-d5fa-9d466e13a706">
      <Owners>
        <Owner name="vscsditeam" />
      </Owners>
      <Execution id="fb8e4ccf-d0b6-4884-8926-a7a75dbf13d6" />
      <TestMethod codeBase="D:\v2.0\A1\_work\dbded102\bin\Release.AnyCPU\Sps.Service\MS.VS.Services.Profile.L0.Tests\MS.VS.Services.Profile.L0.Tests.dll" adapterTypeName="Microsoft.VisualStudio.TestTools.TestTypes.Unit.UnitTestAdapter" className="MS.VS.Services.Profile.L0.Tests.PlatformProfileServiceTests+SetAttribute" name="SetAttribute_Throws_WhenParameterAttributeNameIsEmpty_Case1" />
    </UnitTest>
    <UnitTest name="SetAttribute_Throws_WhenParameterAttributeNameIsEmpty_Case2" storage="d:\v2.0\a1\_work\dbded102\bin\release.anycpu\sps.service\ms.vs.services.profile.l0.tests\ms.vs.services.profile.l0.tests.dll" priority="1" id="2d2fe65a-260b-9251-bfd7-9591f53cb087">
      <Owners>
        <Owner name="vscsditeam" />
      </Owners>
      <Execution id="be9e18bb-896f-4a72-a0b6-e644bfc22cae" />
      <TestMethod codeBase="D:\v2.0\A1\_work\dbded102\bin\Release.AnyCPU\Sps.Service\MS.VS.Services.Profile.L0.Tests\MS.VS.Services.Profile.L0.Tests.dll" adapterTypeName="Microsoft.VisualStudio.TestTools.TestTypes.Unit.UnitTestAdapter" className="MS.VS.Services.Profile.L0.Tests.PlatformProfileServiceTests+SetAttribute" name="SetAttribute_Throws_WhenParameterAttributeNameIsEmpty_Case2" />
    </UnitTest>
    <UnitTest name="SetAttribute_Throws_WhenParameterAttributeNameIsEmpty_Case3" storage="d:\v2.0\a1\_work\dbded102\bin\release.anycpu\sps.service\ms.vs.services.profile.l0.tests\ms.vs.services.profile.l0.tests.dll" priority="1" id="dc9c0b0b-de4c-d789-ff6b-219d9a8a6416">
      <Owners>
        <Owner name="vscsditeam" />
      </Owners>
      <Execution id="bbe81b76-2f29-4c30-a27a-3d1647997b22" />
      <TestMethod codeBase="D:\v2.0\A1\_work\dbded102\bin\Release.AnyCPU\Sps.Service\MS.VS.Services.Profile.L0.Tests\MS.VS.Services.Profile.L0.Tests.dll" adapterTypeName="Microsoft.VisualStudio.TestTools.TestTypes.Unit.UnitTestAdapter" className="MS.VS.Services.Profile.L0.Tests.PlatformProfileServiceTests+SetAttribute" name="SetAttribute_Throws_WhenParameterAttributeNameIsEmpty_Case3" />
    </UnitTest>
    <UnitTest name="SetAttribute_Throws_WhenParameterIdentityIdIsEmpty_Case1" storage="d:\v2.0\a1\_work\dbded102\bin\release.anycpu\sps.service\ms.vs.services.profile.l0.tests\ms.vs.services.profile.l0.tests.dll" priority="1" id="b7086aa4-2ce0-6e32-9e53-e013d0d5a9c3">
      <Owners>
        <Owner name="vscsditeam" />
      </Owners>
      <Execution id="c5059250-665f-4841-ba1a-8c938db585e0" />
      <TestMethod codeBase="D:\v2.0\A1\_work\dbded102\bin\Release.AnyCPU\Sps.Service\MS.VS.Services.Profile.L0.Tests\MS.VS.Services.Profile.L0.Tests.dll" adapterTypeName="Microsoft.VisualStudio.TestTools.TestTypes.Unit.UnitTestAdapter" className="MS.VS.Services.Profile.L0.Tests.PlatformProfileServiceTests+SetAttribute" name="SetAttribute_Throws_WhenParameterIdentityIdIsEmpty_Case1" />
    </UnitTest>
    <UnitTest name="SetAttribute_Throws_WhenParameterIdentityIdIsEmpty_Case2" storage="d:\v2.0\a1\_work\dbded102\bin\release.anycpu\sps.service\ms.vs.services.profile.l0.tests\ms.vs.services.profile.l0.tests.dll" priority="1" id="c72e2627-2836-9f94-03a6-0d2d1810cb71">
      <Owners>
        <Owner name="vscsditeam" />
      </Owners>
      <Execution id="e14a8fea-c8bf-4748-97d5-0b4eaf2e0cfe" />
      <TestMethod codeBase="D:\v2.0\A1\_work\dbded102\bin\Release.AnyCPU\Sps.Service\MS.VS.Services.Profile.L0.Tests\MS.VS.Services.Profile.L0.Tests.dll" adapterTypeName="Microsoft.VisualStudio.TestTools.TestTypes.Unit.UnitTestAdapter" className="MS.VS.Services.Profile.L0.Tests.PlatformProfileServiceTests+SetAttribute" name="SetAttribute_Throws_WhenParameterIdentityIdIsEmpty_Case2" />
    </UnitTest>
    <UnitTest name="SetAttribute_Throws_WhenIdentityGuidDoesNotMatchWithTheAuthenticatedIdentityGuid" storage="d:\v2.0\a1\_work\dbded102\bin\release.anycpu\sps.service\ms.vs.services.profile.l0.tests\ms.vs.services.profile.l0.tests.dll" priority="1" id="31e18a15-4deb-fd2b-91d4-964ae56f08c4">
      <Owners>
        <Owner name="vscsditeam" />
      </Owners>
      <Execution id="aec0d41b-1569-4eeb-a0c8-95cb4d72f1cd" />
      <TestMethod codeBase="D:\v2.0\A1\_work\dbded102\bin\Release.AnyCPU\Sps.Service\MS.VS.Services.Profile.L0.Tests\MS.VS.Services.Profile.L0.Tests.dll" adapterTypeName="Microsoft.VisualStudio.TestTools.TestTypes.Unit.UnitTestAdapter" className="MS.VS.Services.Profile.L0.Tests.PlatformProfileServiceTests+SetAttribute" name="SetAttribute_Throws_WhenIdentityGuidDoesNotMatchWithTheAuthenticatedIdentityGuid" />
    </UnitTest>
    <UnitTest name="SetAttribute_CallsSetProfileAttributeOnRepository" storage="d:\v2.0\a1\_work\dbded102\bin\release.anycpu\sps.service\ms.vs.services.profile.l0.tests\ms.vs.services.profile.l0.tests.dll" priority="1" id="a4c7fffe-44ba-3285-c7f6-0fdc690b0480">
      <Owners>
        <Owner name="vscsditeam" />
      </Owners>
      <Execution id="e6af8f8a-fe84-44ee-8252-17705f07c74e" />
      <TestMethod codeBase="D:\v2.0\A1\_work\dbded102\bin\Release.AnyCPU\Sps.Service\MS.VS.Services.Profile.L0.Tests\MS.VS.Services.Profile.L0.Tests.dll" adapterTypeName="Microsoft.VisualStudio.TestTools.TestTypes.Unit.UnitTestAdapter" className="MS.VS.Services.Profile.L0.Tests.PlatformProfileServiceTests+SetAttribute" name="SetAttribute_CallsSetProfileAttributeOnRepository" />
    </UnitTest>
    <UnitTest name="SetAvatar_Throws_WhenParameterRequestContextIsNull" storage="d:\v2.0\a1\_work\dbded102\bin\release.anycpu\sps.service\ms.vs.services.profile.l0.tests\ms.vs.services.profile.l0.tests.dll" priority="1" id="72725134-fd26-2abc-e2fc-4226f507afda">
      <Owners>
        <Owner name="vscsditeam" />
      </Owners>
      <Execution id="c8c01415-8db6-4efa-914e-a31362e58208" />
      <TestMethod codeBase="D:\v2.0\A1\_work\dbded102\bin\Release.AnyCPU\Sps.Service\MS.VS.Services.Profile.L0.Tests\MS.VS.Services.Profile.L0.Tests.dll" adapterTypeName="Microsoft.VisualStudio.TestTools.TestTypes.Unit.UnitTestAdapter" className="MS.VS.Services.Profile.L0.Tests.PlatformProfileServiceTests+SetAvatar" name="SetAvatar_Throws_WhenParameterRequestContextIsNull" />
    </UnitTest>
    <UnitTest name="SetAvatar_Throws_WhenParameterIdentityIdIsEmpty_Case1" storage="d:\v2.0\a1\_work\dbded102\bin\release.anycpu\sps.service\ms.vs.services.profile.l0.tests\ms.vs.services.profile.l0.tests.dll" priority="1" id="4936bda7-7bbb-b9dc-9e7c-9dc22ee103c6">
      <Owners>
        <Owner name="vscsditeam" />
      </Owners>
      <Execution id="9e12040f-270a-45cd-9592-8384aa356a20" />
      <TestMethod codeBase="D:\v2.0\A1\_work\dbded102\bin\Release.AnyCPU\Sps.Service\MS.VS.Services.Profile.L0.Tests\MS.VS.Services.Profile.L0.Tests.dll" adapterTypeName="Microsoft.VisualStudio.TestTools.TestTypes.Unit.UnitTestAdapter" className="MS.VS.Services.Profile.L0.Tests.PlatformProfileServiceTests+SetAvatar" name="SetAvatar_Throws_WhenParameterIdentityIdIsEmpty_Case1" />
    </UnitTest>
    <UnitTest name="SetAvatar_Throws_WhenParameterIdentityIdIsEmpty_Case2" storage="d:\v2.0\a1\_work\dbded102\bin\release.anycpu\sps.service\ms.vs.services.profile.l0.tests\ms.vs.services.profile.l0.tests.dll" priority="1" id="208a566c-78ec-35cb-6a5d-34a840a6d0eb">
      <Owners>
        <Owner name="vscsditeam" />
      </Owners>
      <Execution id="c7d02b24-ea6f-4299-a902-8617912b8b68" />
      <TestMethod codeBase="D:\v2.0\A1\_work\dbded102\bin\Release.AnyCPU\Sps.Service\MS.VS.Services.Profile.L0.Tests\MS.VS.Services.Profile.L0.Tests.dll" adapterTypeName="Microsoft.VisualStudio.TestTools.TestTypes.Unit.UnitTestAdapter" className="MS.VS.Services.Profile.L0.Tests.PlatformProfileServiceTests+SetAvatar" name="SetAvatar_Throws_WhenParameterIdentityIdIsEmpty_Case2" />
    </UnitTest>
    <UnitTest name="SetAvatar_Throws_WhenIdentityGuidDoesNotMatchWithTheAuthenticatedIdentityGuid" storage="d:\v2.0\a1\_work\dbded102\bin\release.anycpu\sps.service\ms.vs.services.profile.l0.tests\ms.vs.services.profile.l0.tests.dll" priority="1" id="ec2d90c7-97af-07cc-5ae2-95a623ba4196">
      <Owners>
        <Owner name="vscsditeam" />
      </Owners>
      <Execution id="327c04c5-9e45-4ce4-8c3c-36b8a23010ea" />
      <TestMethod codeBase="D:\v2.0\A1\_work\dbded102\bin\Release.AnyCPU\Sps.Service\MS.VS.Services.Profile.L0.Tests\MS.VS.Services.Profile.L0.Tests.dll" adapterTypeName="Microsoft.VisualStudio.TestTools.TestTypes.Unit.UnitTestAdapter" className="MS.VS.Services.Profile.L0.Tests.PlatformProfileServiceTests+SetAvatar" name="SetAvatar_Throws_WhenIdentityGuidDoesNotMatchWithTheAuthenticatedIdentityGuid" />
    </UnitTest>
    <UnitTest name="SetAvatar_Throws_WhenProvidedImageBytesAreNotReallyImageBytes" storage="d:\v2.0\a1\_work\dbded102\bin\release.anycpu\sps.service\ms.vs.services.profile.l0.tests\ms.vs.services.profile.l0.tests.dll" priority="1" id="131cb635-a8f9-d328-c870-d81fb0f683b4">
      <Owners>
        <Owner name="vscsditeam" />
      </Owners>
      <Execution id="adc6c3b9-5ae5-4e78-a02d-560b7b91c508" />
      <TestMethod codeBase="D:\v2.0\A1\_work\dbded102\bin\Release.AnyCPU\Sps.Service\MS.VS.Services.Profile.L0.Tests\MS.VS.Services.Profile.L0.Tests.dll" adapterTypeName="Microsoft.VisualStudio.TestTools.TestTypes.Unit.UnitTestAdapter" className="MS.VS.Services.Profile.L0.Tests.PlatformProfileServiceTests+SetAvatar" name="SetAvatar_Throws_WhenProvidedImageBytesAreNotReallyImageBytes" />
    </UnitTest>
    <UnitTest name="SetAvatar_CallsSetAvatarOnRepository" storage="d:\v2.0\a1\_work\dbded102\bin\release.anycpu\sps.service\ms.vs.services.profile.l0.tests\ms.vs.services.profile.l0.tests.dll" priority="1" id="ce874311-1da6-9f21-dde2-9d068a0ca464">
      <Owners>
        <Owner name="vscsditeam" />
      </Owners>
      <Execution id="83ea66f0-a07d-4816-86c0-1bb121ee3554" />
      <TestMethod codeBase="D:\v2.0\A1\_work\dbded102\bin\Release.AnyCPU\Sps.Service\MS.VS.Services.Profile.L0.Tests\MS.VS.Services.Profile.L0.Tests.dll" adapterTypeName="Microsoft.VisualStudio.TestTools.TestTypes.Unit.UnitTestAdapter" className="MS.VS.Services.Profile.L0.Tests.PlatformProfileServiceTests+SetAvatar" name="SetAvatar_CallsSetAvatarOnRepository" />
    </UnitTest>
    <UnitTest name="GetProfile_Throws_WhenParameterRequestContextIsNull" storage="d:\v2.0\a1\_work\dbded102\bin\release.anycpu\sps.service\ms.vs.services.profile.l0.tests\ms.vs.services.profile.l0.tests.dll" priority="1" id="56d17ff4-4d33-9804-caf5-6990c56b6003">
      <Owners>
        <Owner name="vscsditeam" />
      </Owners>
      <Execution id="85c661d5-495c-4937-8d01-28832f6a03fe" />
      <TestMethod codeBase="D:\v2.0\A1\_work\dbded102\bin\Release.AnyCPU\Sps.Service\MS.VS.Services.Profile.L0.Tests\MS.VS.Services.Profile.L0.Tests.dll" adapterTypeName="Microsoft.VisualStudio.TestTools.TestTypes.Unit.UnitTestAdapter" className="MS.VS.Services.Profile.L0.Tests.PlatformProfileServiceGetTests+Get" name="GetProfile_Throws_WhenParameterRequestContextIsNull" />
    </UnitTest>
    <UnitTest name="GetProfile_Throws_WhenParameterIdentityIdIsEmpty_Case1" storage="d:\v2.0\a1\_work\dbded102\bin\release.anycpu\sps.service\ms.vs.services.profile.l0.tests\ms.vs.services.profile.l0.tests.dll" priority="1" id="01b2a897-a346-746e-7e91-486556a8845b">
      <Owners>
        <Owner name="vscsditeam" />
      </Owners>
      <Execution id="c08534f1-55c8-4663-a236-fda3de88108a" />
      <TestMethod codeBase="D:\v2.0\A1\_work\dbded102\bin\Release.AnyCPU\Sps.Service\MS.VS.Services.Profile.L0.Tests\MS.VS.Services.Profile.L0.Tests.dll" adapterTypeName="Microsoft.VisualStudio.TestTools.TestTypes.Unit.UnitTestAdapter" className="MS.VS.Services.Profile.L0.Tests.PlatformProfileServiceGetTests+Get" name="GetProfile_Throws_WhenParameterIdentityIdIsEmpty_Case1" />
    </UnitTest>
    <UnitTest name="GetProfile_Throws_WhenParameterIdentityIdIsEmpty_Case2" storage="d:\v2.0\a1\_work\dbded102\bin\release.anycpu\sps.service\ms.vs.services.profile.l0.tests\ms.vs.services.profile.l0.tests.dll" priority="1" id="9d233ad6-47c6-3b2f-610e-8544a2196011">
      <Owners>
        <Owner name="vscsditeam" />
      </Owners>
      <Execution id="2919dafa-e6c3-49c8-bd52-11d300f17ea9" />
      <TestMethod codeBase="D:\v2.0\A1\_work\dbded102\bin\Release.AnyCPU\Sps.Service\MS.VS.Services.Profile.L0.Tests\MS.VS.Services.Profile.L0.Tests.dll" adapterTypeName="Microsoft.VisualStudio.TestTools.TestTypes.Unit.UnitTestAdapter" className="MS.VS.Services.Profile.L0.Tests.PlatformProfileServiceGetTests+Get" name="GetProfile_Throws_WhenParameterIdentityIdIsEmpty_Case2" />
    </UnitTest>
    <UnitTest name="GetProfile_Throws_WhenIdentityGuidDoesNotMatchWithTheAuthenticatedIdentityGuid" storage="d:\v2.0\a1\_work\dbded102\bin\release.anycpu\sps.service\ms.vs.services.profile.l0.tests\ms.vs.services.profile.l0.tests.dll" priority="1" id="a11c169a-31c9-1795-65f9-ad0bc4cc315f">
      <Owners>
        <Owner name="vscsditeam" />
      </Owners>
      <Execution id="499aefa4-fc02-46d1-8ce8-3208911d8f65" />
      <TestMethod codeBase="D:\v2.0\A1\_work\dbded102\bin\Release.AnyCPU\Sps.Service\MS.VS.Services.Profile.L0.Tests\MS.VS.Services.Profile.L0.Tests.dll" adapterTypeName="Microsoft.VisualStudio.TestTools.TestTypes.Unit.UnitTestAdapter" className="MS.VS.Services.Profile.L0.Tests.PlatformProfileServiceGetTests+Get" name="GetProfile_Throws_WhenIdentityGuidDoesNotMatchWithTheAuthenticatedIdentityGuid" />
    </UnitTest>
    <UnitTest name="GetProfile_Throws_WhenProfileNotFound" storage="d:\v2.0\a1\_work\dbded102\bin\release.anycpu\sps.service\ms.vs.services.profile.l0.tests\ms.vs.services.profile.l0.tests.dll" priority="1" id="28dc1683-719b-8987-13ae-6d81f877a20c">
      <Owners>
        <Owner name="vscsditeam" />
      </Owners>
      <Execution id="7539d02c-d444-488d-b0d9-42498ebbd8e3" />
      <TestMethod codeBase="D:\v2.0\A1\_work\dbded102\bin\Release.AnyCPU\Sps.Service\MS.VS.Services.Profile.L0.Tests\MS.VS.Services.Profile.L0.Tests.dll" adapterTypeName="Microsoft.VisualStudio.TestTools.TestTypes.Unit.UnitTestAdapter" className="MS.VS.Services.Profile.L0.Tests.PlatformProfileServiceGetTests+Get" name="GetProfile_Throws_WhenProfileNotFound" />
    </UnitTest>
    <UnitTest name="GetProfile_Throws_WhenAuthenticatedUserIdDoesNotMatchGivenIdInParameter" storage="d:\v2.0\a1\_work\dbded102\bin\release.anycpu\sps.service\ms.vs.services.profile.l0.tests\ms.vs.services.profile.l0.tests.dll" priority="1" id="3939977b-1115-32a0-421a-a02cb53c4fab">
      <Owners>
        <Owner name="vscsditeam" />
      </Owners>
      <Execution id="e2b1e77c-448b-41c3-a045-28d01a0e7584" />
      <TestMethod codeBase="D:\v2.0\A1\_work\dbded102\bin\Release.AnyCPU\Sps.Service\MS.VS.Services.Profile.L0.Tests\MS.VS.Services.Profile.L0.Tests.dll" adapterTypeName="Microsoft.VisualStudio.TestTools.TestTypes.Unit.UnitTestAdapter" className="MS.VS.Services.Profile.L0.Tests.PlatformProfileServiceGetTests+Get" name="GetProfile_Throws_WhenAuthenticatedUserIdDoesNotMatchGivenIdInParameter" />
    </UnitTest>
    <UnitTest name="GetAttribute_CallsGetProfileAttributeOnRepository" storage="d:\v2.0\a1\_work\dbded102\bin\release.anycpu\sps.service\ms.vs.services.profile.l0.tests\ms.vs.services.profile.l0.tests.dll" priority="1" id="ab7a5eb1-4b3f-391f-704e-2ab0d1fb8fd1">
      <Owners>
        <Owner name="vscsditeam" />
      </Owners>
      <Execution id="7b7a646e-86e1-40e4-a3bd-b760e3ef87dc" />
      <TestMethod codeBase="D:\v2.0\A1\_work\dbded102\bin\Release.AnyCPU\Sps.Service\MS.VS.Services.Profile.L0.Tests\MS.VS.Services.Profile.L0.Tests.dll" adapterTypeName="Microsoft.VisualStudio.TestTools.TestTypes.Unit.UnitTestAdapter" className="MS.VS.Services.Profile.L0.Tests.PlatformProfileServiceGetTests+Get" name="GetAttribute_CallsGetProfileAttributeOnRepository" />
    </UnitTest>
    <UnitTest name="SetAvatar_CallsSetProfileAvatarOnRepository" storage="d:\v2.0\a1\_work\dbded102\bin\release.anycpu\sps.service\ms.vs.services.profile.l0.tests\ms.vs.services.profile.l0.tests.dll" priority="1" id="051e4863-f218-cc5a-a7af-8eb43835f6b7">
      <Owners>
        <Owner name="vscsditeam" />
      </Owners>
      <Execution id="18846b61-0695-47f8-a878-2b86efb62fc5" />
      <TestMethod codeBase="D:\v2.0\A1\_work\dbded102\bin\Release.AnyCPU\Sps.Service\MS.VS.Services.Profile.L0.Tests\MS.VS.Services.Profile.L0.Tests.dll" adapterTypeName="Microsoft.VisualStudio.TestTools.TestTypes.Unit.UnitTestAdapter" className="MS.VS.Services.Profile.L0.Tests.PlatformProfileServiceGetTests+Get" name="SetAvatar_CallsSetProfileAvatarOnRepository" />
    </UnitTest>
    <UnitTest name="SetPublicAlias_CallsUpdateProfileRepository" storage="d:\v2.0\a1\_work\dbded102\bin\release.anycpu\sps.service\ms.vs.services.profile.l0.tests\ms.vs.services.profile.l0.tests.dll" priority="1" id="ce671525-6436-9c51-2bd4-1341e6d713b1">
      <Owners>
        <Owner name="vscsditeam" />
      </Owners>
      <Execution id="30298a4a-8ed4-4b1a-9643-2c0eb98739c8" />
      <TestMethod codeBase="D:\v2.0\A1\_work\dbded102\bin\Release.AnyCPU\Sps.Service\MS.VS.Services.Profile.L0.Tests\MS.VS.Services.Profile.L0.Tests.dll" adapterTypeName="Microsoft.VisualStudio.TestTools.TestTypes.Unit.UnitTestAdapter" className="MS.VS.Services.Profile.L0.Tests.PlatformProfileServiceGetTests+Get" name="SetPublicAlias_CallsUpdateProfileRepository" />
    </UnitTest>
  </TestDefinitions>
  <TestEntries>
    <TestEntry testId="21180375-8a77-9e82-045a-dc6b1dd2d506" executionId="e6021abd-6d30-4994-b030-d461ec9321b1" testListId="8c84fa94-04c1-424b-9868-57a2d4851a1d" />
    <TestEntry testId="fe83767f-76a7-4f16-f365-46c8d2d50f3d" executionId="3a030dad-275c-4c58-a506-9b8d1f5e8fd3" testListId="8c84fa94-04c1-424b-9868-57a2d4851a1d" />
    <TestEntry testId="64d2dd89-a4e4-61bd-acc6-4dbed53f40d1" executionId="7b2d6b7e-a06f-4632-b471-b626051a8e44" testListId="8c84fa94-04c1-424b-9868-57a2d4851a1d" />
    <TestEntry testId="5c0b886c-4ad4-5cfe-f1d3-7c20eac0dba3" executionId="4b0f169b-3bb2-41ae-a437-6c8402eb4c9d" testListId="8c84fa94-04c1-424b-9868-57a2d4851a1d" />
    <TestEntry testId="f03dcebf-9d98-88db-8fdc-82aa8973ebb1" executionId="bf72068c-1c26-4694-8eed-18f1bbea1d93" testListId="8c84fa94-04c1-424b-9868-57a2d4851a1d" />
    <TestEntry testId="f82da313-17c7-130d-85c6-96e6f961df10" executionId="9f26f46e-9e5b-4f7e-b492-2e65b163f079" testListId="8c84fa94-04c1-424b-9868-57a2d4851a1d" />
    <TestEntry testId="4201fa5d-6960-92b6-5152-b2211f21a0f8" executionId="317fd0d9-970d-4946-a4a4-8dab415e4449" testListId="8c84fa94-04c1-424b-9868-57a2d4851a1d" />
    <TestEntry testId="3398eb05-6cb9-476f-a929-6570fe4cd5df" executionId="729a6d42-845c-4650-b579-99625d123ab5" testListId="8c84fa94-04c1-424b-9868-57a2d4851a1d" />
    <TestEntry testId="711a16ff-7dd5-2e82-f59e-202bb93d0020" executionId="d9834917-3c17-4ba7-aa7e-435f9dc2bff7" testListId="8c84fa94-04c1-424b-9868-57a2d4851a1d" />
    <TestEntry testId="e36fe6d1-6de3-ac54-6ed0-f31432f53d11" executionId="a9f28771-9e60-492c-8f8c-932d4fe63f02" testListId="8c84fa94-04c1-424b-9868-57a2d4851a1d" />
    <TestEntry testId="b239ede7-c07a-633c-0df2-d716967a885a" executionId="9a188239-8dc8-4a0d-8aa0-b906b7503a70" testListId="8c84fa94-04c1-424b-9868-57a2d4851a1d" />
    <TestEntry testId="f9dfa75c-66ac-4cec-d7e4-f40f658c4d0c" executionId="31827a20-bb04-40a3-83f3-0b8173f677b0" testListId="8c84fa94-04c1-424b-9868-57a2d4851a1d" />
    <TestEntry testId="b74d1622-f479-fad7-d825-109ba52ff229" executionId="01e089da-e71b-4a91-80a5-a4ec2b9d914c" testListId="8c84fa94-04c1-424b-9868-57a2d4851a1d" />
    <TestEntry testId="ee362d38-6ccd-4ff1-539e-ea8c9a893672" executionId="39a64a1a-3b42-4f23-84d5-45823f9fd282" testListId="8c84fa94-04c1-424b-9868-57a2d4851a1d" />
    <TestEntry testId="9cbbc23d-8639-22f2-b8fb-c8b5186048c0" executionId="804c9bb8-712a-4203-b5c6-0b4b96394a01" testListId="8c84fa94-04c1-424b-9868-57a2d4851a1d" />
    <TestEntry testId="47f85734-7f2e-ac4b-43a7-1c7e6420f8b6" executionId="1766f081-4230-4a04-be62-532f5a7dfbcd" testListId="8c84fa94-04c1-424b-9868-57a2d4851a1d" />
    <TestEntry testId="f6f3e74f-93cb-694f-f798-0b17224197fc" executionId="0cd622c2-e505-47e6-ae14-4e26f2e22355" testListId="8c84fa94-04c1-424b-9868-57a2d4851a1d" />
    <TestEntry testId="014b2b72-3b09-a6dd-15c3-e05b3aec7be7" executionId="19be21a2-98b4-4f69-a696-cb908eb56b36" testListId="8c84fa94-04c1-424b-9868-57a2d4851a1d" />
    <TestEntry testId="26b4c3f9-0ad7-64ea-17b5-4520f20000e0" executionId="eaac9837-7e3d-4b07-8167-d6aa12340b44" testListId="8c84fa94-04c1-424b-9868-57a2d4851a1d" />
    <TestEntry testId="bcd5a20d-28f2-ad1a-f1bf-632997430890" executionId="99224a5d-388d-47e3-a1aa-bebe163fc098" testListId="8c84fa94-04c1-424b-9868-57a2d4851a1d" />
    <TestEntry testId="9f70f1c4-c68e-319b-b39f-a4d1e1f9128d" executionId="b9407dde-1d73-4131-a407-733f0e9f3a94" testListId="8c84fa94-04c1-424b-9868-57a2d4851a1d" />
    <TestEntry testId="b18d57d7-cb3f-4293-d048-84cbb8ea4b1d" executionId="a6ea4eaf-548a-43ad-9536-ecfa223d7b7e" testListId="8c84fa94-04c1-424b-9868-57a2d4851a1d" />
    <TestEntry testId="9aeef58c-e9dc-72dd-440c-0f5aba620702" executionId="2d7cdbee-9da4-4e69-9bec-e22d2ed0d37f" testListId="8c84fa94-04c1-424b-9868-57a2d4851a1d" />
    <TestEntry testId="4304cfbb-a8c8-e696-fc50-309208bdea2c" executionId="757acebe-307a-47da-92a5-7f12d7ff817e" testListId="8c84fa94-04c1-424b-9868-57a2d4851a1d" />
    <TestEntry testId="2f5ce052-0815-175d-ae66-d187d5e02411" executionId="259eabf8-55f8-402b-91f4-93b7124b3ca1" testListId="8c84fa94-04c1-424b-9868-57a2d4851a1d" />
    <TestEntry testId="fb955dcf-a5ec-47b2-316e-c435b116b140" executionId="10f63d49-4f07-450d-ad7f-f0166faa1284" testListId="8c84fa94-04c1-424b-9868-57a2d4851a1d" />
    <TestEntry testId="75a82428-4f07-014c-c947-f6bc8e0b21d0" executionId="ccc84cde-489b-409d-88d7-176a49b413a4" testListId="8c84fa94-04c1-424b-9868-57a2d4851a1d" />
    <TestEntry testId="6fa58f90-a94b-17ab-ba40-67617863f0ce" executionId="6b16ce08-4ba8-4de6-ad9e-df6b2ee6cf17" testListId="8c84fa94-04c1-424b-9868-57a2d4851a1d" />
    <TestEntry testId="8465cda5-bb98-99f6-ac8a-65c91f5e8e38" executionId="40d526a1-99aa-4bf6-8b05-3f45a72857f8" testListId="8c84fa94-04c1-424b-9868-57a2d4851a1d" />
    <TestEntry testId="716b8fe7-ebde-0dfd-4f9f-039a9dae25d8" executionId="3b532b15-fca2-4339-b0bf-7474eddf5759" testListId="8c84fa94-04c1-424b-9868-57a2d4851a1d" />
    <TestEntry testId="e6f2f407-d91a-7dab-d5ea-b20ee34124aa" executionId="67577ed3-9f62-4905-ae7f-4961efb35d85" testListId="8c84fa94-04c1-424b-9868-57a2d4851a1d" />
    <TestEntry testId="1e63489b-71cc-6d71-cb52-517d6d707a35" executionId="538c5f39-1946-481c-ae14-cdfc265ac552" testListId="8c84fa94-04c1-424b-9868-57a2d4851a1d" />
    <TestEntry testId="ea4b0176-99e3-830f-6b3a-5da533faa1a0" executionId="0e16e173-11d1-42cd-8734-8ccb6e09073d" testListId="8c84fa94-04c1-424b-9868-57a2d4851a1d" />
    <TestEntry testId="a8ca1112-9827-48af-bf0b-9bb65fc62394" executionId="96feb120-27d9-4502-93d2-da53e5f7d0bc" testListId="8c84fa94-04c1-424b-9868-57a2d4851a1d" />
    <TestEntry testId="c812df79-b3d4-807e-99e2-3da527d52a9f" executionId="12ed2b14-1cc6-40da-9298-a67862d7f87f" testListId="8c84fa94-04c1-424b-9868-57a2d4851a1d" />
    <TestEntry testId="4ad6340f-79af-4f20-2c32-0ad655f9ddd4" executionId="5f676035-f060-4ecb-ad2a-35960207c74e" testListId="8c84fa94-04c1-424b-9868-57a2d4851a1d" />
    <TestEntry testId="adb11304-cb3d-b5d2-0723-f6c0ef2f2038" executionId="e5f891b5-327a-4130-bf85-2db53734d527" testListId="8c84fa94-04c1-424b-9868-57a2d4851a1d" />
    <TestEntry testId="128ee67f-866b-6c2a-29b5-214309075b1f" executionId="031c68b9-8375-4128-bfe6-a8be43e53294" testListId="8c84fa94-04c1-424b-9868-57a2d4851a1d" />
    <TestEntry testId="dad4e75c-4ccd-19d6-3d19-b7045db013af" executionId="25e7faa4-ab27-4569-ab53-8920b2387d11" testListId="8c84fa94-04c1-424b-9868-57a2d4851a1d" />
    <TestEntry testId="3295f920-31aa-9716-05d1-a351fa1a6c9e" executionId="7058cfe3-bfb8-4d44-bff2-ec168132dca7" testListId="8c84fa94-04c1-424b-9868-57a2d4851a1d" />
    <TestEntry testId="692ea816-bba0-577a-ad2d-ef49a900c879" executionId="e9ada57a-d254-414a-b5b6-dcc4d76561b6" testListId="8c84fa94-04c1-424b-9868-57a2d4851a1d" />
    <TestEntry testId="b1771434-2482-eae2-48f0-c8edaee647eb" executionId="c5bee001-cdee-4a15-9d76-f9ed9c788871" testListId="8c84fa94-04c1-424b-9868-57a2d4851a1d" />
    <TestEntry testId="f3f48c87-9f05-1e82-0760-9008bdbe192c" executionId="946501f4-c828-4a84-8d5d-3d60de163b04" testListId="8c84fa94-04c1-424b-9868-57a2d4851a1d" />
    <TestEntry testId="e522ba5c-8d3c-e08c-d623-c3eefb83299e" executionId="978e1046-94b5-4c4b-8c4a-9ca2e6361022" testListId="8c84fa94-04c1-424b-9868-57a2d4851a1d" />
    <TestEntry testId="d13a392a-d21a-342b-c7b6-e2fcd6795718" executionId="054e4eae-7f1e-4616-870a-3caf4b0e300c" testListId="8c84fa94-04c1-424b-9868-57a2d4851a1d" />
    <TestEntry testId="1d1fc074-e1d3-4b85-2fc9-e75daca18f51" executionId="f6ce176d-9b00-4928-9eb6-d6f0781b4a32" testListId="8c84fa94-04c1-424b-9868-57a2d4851a1d" />
    <TestEntry testId="3801dfb6-6285-dc0b-c4e0-036e7e19e556" executionId="3bab7fa3-7ee2-43aa-bca3-2885afd71425" testListId="8c84fa94-04c1-424b-9868-57a2d4851a1d" />
    <TestEntry testId="b1228faf-9d81-09e0-5c36-7c9cf609db46" executionId="c217434d-b431-4fbe-b6dd-71830b523640" testListId="8c84fa94-04c1-424b-9868-57a2d4851a1d" />
    <TestEntry testId="b33918c5-d877-5ef9-5177-9da795da31ae" executionId="eb7096bc-37bd-4c88-873e-c464f0965c19" testListId="8c84fa94-04c1-424b-9868-57a2d4851a1d" />
    <TestEntry testId="b5c90c4a-2ae6-93ca-2865-18676c1bf2d5" executionId="e84cb583-1257-45af-9cf8-0643e0a286cb" testListId="8c84fa94-04c1-424b-9868-57a2d4851a1d" />
    <TestEntry testId="c859b881-90a6-5bfb-7388-7dbd13b26517" executionId="3c3b28a7-f81f-456d-a922-ce791fa5f63b" testListId="8c84fa94-04c1-424b-9868-57a2d4851a1d" />
    <TestEntry testId="97a7bd4c-3c27-1481-a48d-191b455612d1" executionId="9fc5d112-c6cf-4cde-b6a7-1302d25bddcf" testListId="8c84fa94-04c1-424b-9868-57a2d4851a1d" />
    <TestEntry testId="d2897dc0-c264-44d1-871c-32034b63957f" executionId="c72b2ed1-be16-4b71-baa9-c150d2bf2b67" testListId="8c84fa94-04c1-424b-9868-57a2d4851a1d" />
    <TestEntry testId="dedfea72-5784-c391-6ca2-86a5f3e7f3e2" executionId="089be1f8-19bb-40cf-8097-cb5aeb5961b9" testListId="8c84fa94-04c1-424b-9868-57a2d4851a1d" />
    <TestEntry testId="79eb1932-1300-0721-fb9a-3d3ecf766be6" executionId="818006c9-6dd2-4fb8-b952-b58a075bd69e" testListId="8c84fa94-04c1-424b-9868-57a2d4851a1d" />
    <TestEntry testId="eaa289f2-4c0c-b70c-7b89-df4dd8aefe94" executionId="96ffb04b-af62-47b1-954e-b78e018cd9f3" testListId="8c84fa94-04c1-424b-9868-57a2d4851a1d" />
    <TestEntry testId="df33633d-5474-b802-45ae-17b9a269dc61" executionId="c0300757-2e3a-4401-a097-2c2589bd5ceb" testListId="8c84fa94-04c1-424b-9868-57a2d4851a1d" />
    <TestEntry testId="3a462568-6c45-d704-a439-b085668952e3" executionId="8d5dcdec-c8a9-4b41-bf87-b37b93ec4c25" testListId="8c84fa94-04c1-424b-9868-57a2d4851a1d" />
    <TestEntry testId="adbd10c9-d568-8b8a-5268-46685599f475" executionId="d6a63c18-aa73-43d2-95f2-e13255c22f58" testListId="8c84fa94-04c1-424b-9868-57a2d4851a1d" />
    <TestEntry testId="d6185d98-d844-6112-6b13-69070caa8995" executionId="c9ff1266-6924-4448-9963-1bdcd3237823" testListId="8c84fa94-04c1-424b-9868-57a2d4851a1d" />
    <TestEntry testId="ab704369-37c0-59e7-96d4-63adfaf2286c" executionId="65f87c58-e79a-43c3-9046-8eeef8a5b37e" testListId="8c84fa94-04c1-424b-9868-57a2d4851a1d" />
    <TestEntry testId="aa9fa291-c5e9-55ed-c411-d7a167f9883e" executionId="5a99bb69-6a42-41d9-b9f8-62cc8a50bab8" testListId="8c84fa94-04c1-424b-9868-57a2d4851a1d" />
    <TestEntry testId="6ea0044d-6f2a-e3ad-9568-f698da021632" executionId="0c2cc29b-8439-4344-ad9f-a170b3c628e5" testListId="8c84fa94-04c1-424b-9868-57a2d4851a1d" />
    <TestEntry testId="12e8ffa6-8ee3-cd29-2e6d-d0be1b019e79" executionId="d3433937-3961-4fd5-af21-770cddd83852" testListId="8c84fa94-04c1-424b-9868-57a2d4851a1d" />
    <TestEntry testId="cb38b05c-ee15-3b58-ce03-e3bb1f815914" executionId="6f7d039c-b8ac-4101-8eed-ac002eca7110" testListId="8c84fa94-04c1-424b-9868-57a2d4851a1d" />
    <TestEntry testId="29f3695d-8225-c298-7e40-58f7132f128a" executionId="c0cd967a-6ae7-40f4-80e6-4c044fbd6f85" testListId="8c84fa94-04c1-424b-9868-57a2d4851a1d" />
    <TestEntry testId="36ae3ec7-b749-94de-ff2e-8303d8dbf890" executionId="7ed753d4-ccc9-49b2-9b84-e0362ed34580" testListId="8c84fa94-04c1-424b-9868-57a2d4851a1d" />
    <TestEntry testId="5445b1a5-f8f7-ce3a-af70-d393a543bdcd" executionId="fca981e7-55dc-470a-802b-d9774e03719a" testListId="8c84fa94-04c1-424b-9868-57a2d4851a1d" />
    <TestEntry testId="dfe17340-beaf-b7ff-84dc-badee7c91ece" executionId="7d634fea-c111-4a6a-a49e-de9f21443698" testListId="8c84fa94-04c1-424b-9868-57a2d4851a1d" />
    <TestEntry testId="3bbeca69-2a20-0573-aef5-a30190d63261" executionId="2f45fed2-dc30-4f79-8ffb-9a5ff8742b7f" testListId="8c84fa94-04c1-424b-9868-57a2d4851a1d" />
    <TestEntry testId="48f76585-b018-4e29-7bf8-96e57bd1d573" executionId="128804a7-7d47-4fad-b261-1893ed03a629" testListId="8c84fa94-04c1-424b-9868-57a2d4851a1d" />
    <TestEntry testId="5d65194f-722d-a7ee-fae4-c4e8a43de9f0" executionId="a189ddb6-a050-4b02-8a1f-40e19b189649" testListId="8c84fa94-04c1-424b-9868-57a2d4851a1d" />
    <TestEntry testId="26f9c2cf-69e1-2cfd-f3e5-6f9648144189" executionId="31e0721d-87e9-4b2c-833b-9c80d64029b4" testListId="8c84fa94-04c1-424b-9868-57a2d4851a1d" />
    <TestEntry testId="d6adc898-4d26-ae39-1bdd-1752661b818d" executionId="0a2777e0-b40f-4643-a47a-79c495130bd0" testListId="8c84fa94-04c1-424b-9868-57a2d4851a1d" />
    <TestEntry testId="2169994d-ddb9-c04b-5c1a-2d71d160d28f" executionId="57230d29-b4eb-4874-be9a-0f140ef77901" testListId="8c84fa94-04c1-424b-9868-57a2d4851a1d" />
    <TestEntry testId="5762032a-1f3d-0046-c015-8cd65c771a16" executionId="57d3eba9-cb76-4aeb-a043-e16f5d760d25" testListId="8c84fa94-04c1-424b-9868-57a2d4851a1d" />
    <TestEntry testId="f10f2cea-3b4b-91ce-f642-2003ec307170" executionId="5137c9fd-5150-48ac-869a-17b684b67491" testListId="8c84fa94-04c1-424b-9868-57a2d4851a1d" />
    <TestEntry testId="600391c9-c152-8f74-33a7-95627d8addfe" executionId="65c791f3-60b8-4e9b-8f9a-c21c33558295" testListId="8c84fa94-04c1-424b-9868-57a2d4851a1d" />
    <TestEntry testId="c31337fe-496b-121c-650d-b874138487d6" executionId="d5a9d379-3ca9-48e5-a6ac-d684710de179" testListId="8c84fa94-04c1-424b-9868-57a2d4851a1d" />
    <TestEntry testId="9930b5ce-add1-3f5f-aeef-73fadde35a1a" executionId="26bbcaea-f59d-4778-a40c-7f7a97c8a43b" testListId="8c84fa94-04c1-424b-9868-57a2d4851a1d" />
    <TestEntry testId="4d06ee1f-ad45-5a8f-3816-916a60d04d20" executionId="556c4b0b-6315-431b-a1f6-5bee7b642ccf" testListId="8c84fa94-04c1-424b-9868-57a2d4851a1d" />
    <TestEntry testId="926f8e73-b99f-274e-5589-4417db8746d2" executionId="266f0e50-d64c-46a1-995a-0ccd76547ac4" testListId="8c84fa94-04c1-424b-9868-57a2d4851a1d" />
    <TestEntry testId="73c3eb45-7a25-fc37-abff-79300cec7221" executionId="f5408678-3d25-4855-b53b-3390e08227c7" testListId="8c84fa94-04c1-424b-9868-57a2d4851a1d" />
    <TestEntry testId="f7c11a9b-ea4e-8af3-ac72-051bda1e56eb" executionId="c12b54fd-48d3-45d7-839e-045a51b6dfd6" testListId="8c84fa94-04c1-424b-9868-57a2d4851a1d" />
    <TestEntry testId="2349169d-6ecc-e65c-e1ac-8be64ff275b0" executionId="4f77fefb-f076-4862-9098-8cef366e19b0" testListId="8c84fa94-04c1-424b-9868-57a2d4851a1d" />
    <TestEntry testId="33c05bbc-9320-0a6a-8154-cb853aa4bc85" executionId="053c8e97-3050-4555-a38d-72b2032e7f7c" testListId="8c84fa94-04c1-424b-9868-57a2d4851a1d" />
    <TestEntry testId="22541de7-5876-fa80-c2de-128438d2f245" executionId="b44885a4-084c-48df-9bc9-f37ea4f671a2" testListId="8c84fa94-04c1-424b-9868-57a2d4851a1d" />
    <TestEntry testId="462445de-656b-a891-3a02-64f15dcb418d" executionId="3ed18c5a-2a91-46d2-aab5-ab59c224ff69" testListId="8c84fa94-04c1-424b-9868-57a2d4851a1d" />
    <TestEntry testId="ba06307e-6295-d5ba-7ec8-f8c3b364544c" executionId="0c78869e-0f90-4b98-966f-4cd02640a455" testListId="8c84fa94-04c1-424b-9868-57a2d4851a1d" />
    <TestEntry testId="60056bcb-210a-c9a2-896a-b6196cf3b4ca" executionId="3a5d53ba-f9d3-43cf-a3dc-5ebea9773382" testListId="8c84fa94-04c1-424b-9868-57a2d4851a1d" />
    <TestEntry testId="5c242452-df3b-f448-c95c-c83ab19c9edc" executionId="d019081a-5277-4cb0-bbb3-d4831a55661d" testListId="8c84fa94-04c1-424b-9868-57a2d4851a1d" />
    <TestEntry testId="7040d48f-729b-f9a7-7ede-865861b53ee5" executionId="5011dec5-4717-45fc-8e35-6ce6a2e38d53" testListId="8c84fa94-04c1-424b-9868-57a2d4851a1d" />
    <TestEntry testId="0598f9f5-425c-6659-cd5f-ed8d73a0a28d" executionId="797ca92c-ec48-463e-927b-b67998882f29" testListId="8c84fa94-04c1-424b-9868-57a2d4851a1d" />
    <TestEntry testId="24d51e26-df25-6a1c-7f97-30e247af6cd8" executionId="70ffc296-ab9c-467b-b56c-52d7f5028304" testListId="8c84fa94-04c1-424b-9868-57a2d4851a1d" />
    <TestEntry testId="b4fdd828-0987-a558-41e7-a31b170ca786" executionId="2100936e-990a-45a7-bd6e-6967c01513ba" testListId="8c84fa94-04c1-424b-9868-57a2d4851a1d" />
    <TestEntry testId="efd1ae24-59bf-ffe3-b8d1-d7f5a80193b7" executionId="da05e3b2-bf35-44a5-9df2-7b49d5a546a9" testListId="8c84fa94-04c1-424b-9868-57a2d4851a1d" />
    <TestEntry testId="109e20c4-772c-5323-e11a-ebda237e73b0" executionId="8b4eca3d-18b8-4be6-8ec5-139bb6688a91" testListId="8c84fa94-04c1-424b-9868-57a2d4851a1d" />
    <TestEntry testId="86487b42-5eaf-59a1-6aee-8caa1771fc06" executionId="42280b40-8eec-4eb2-ba37-c61f3d259b5c" testListId="8c84fa94-04c1-424b-9868-57a2d4851a1d" />
    <TestEntry testId="93032568-b875-f891-ddc2-cc515a9350df" executionId="2a0ea8bc-a09e-4a58-9871-8f04604c60b5" testListId="8c84fa94-04c1-424b-9868-57a2d4851a1d" />
    <TestEntry testId="59419375-f76f-1cf1-e7bc-77eba5ddd193" executionId="32a67d1a-b90e-41eb-8fc7-64beb3cb22a1" testListId="8c84fa94-04c1-424b-9868-57a2d4851a1d" />
    <TestEntry testId="92146383-3fbe-8623-7f9d-6a4332eb4755" executionId="e061bedc-a6ec-4419-a7a3-012fe9a09d37" testListId="8c84fa94-04c1-424b-9868-57a2d4851a1d" />
    <TestEntry testId="31047058-8715-44a5-888f-5bbf1f2e9793" executionId="31f89fd4-1a24-4d8d-83e6-30eee0a50b5b" testListId="8c84fa94-04c1-424b-9868-57a2d4851a1d" />
    <TestEntry testId="cd0a3d1f-9c15-6dfb-1df8-17210c9d29b0" executionId="045210b7-07a9-4c24-952f-d8a43294d629" testListId="8c84fa94-04c1-424b-9868-57a2d4851a1d" />
    <TestEntry testId="51298517-fbb0-654c-59de-653b1f77a940" executionId="6aca76e4-c0bc-48de-9769-71b0b22964fe" testListId="8c84fa94-04c1-424b-9868-57a2d4851a1d" />
    <TestEntry testId="ad95a412-3f98-4fd1-3932-8cdfce40c825" executionId="ab2036f0-afea-4a6d-8f69-6447f86475fe" testListId="8c84fa94-04c1-424b-9868-57a2d4851a1d" />
    <TestEntry testId="d827fb30-e14b-fa94-0a05-9e1e0858917d" executionId="339deb83-500b-4f65-a7b1-5d2f846dfcb0" testListId="8c84fa94-04c1-424b-9868-57a2d4851a1d" />
    <TestEntry testId="86ad1769-8834-5ed7-68c4-b88b7b4c09e8" executionId="8ec10afb-485e-423d-a0c9-a0d09a625e03" testListId="8c84fa94-04c1-424b-9868-57a2d4851a1d" />
    <TestEntry testId="769f7094-3109-8fb5-bec6-9d54cc1dc66c" executionId="ce4305ab-01d8-4893-b2bc-da9c5a080f4e" testListId="8c84fa94-04c1-424b-9868-57a2d4851a1d" />
    <TestEntry testId="cfcf4c34-897f-82ad-0810-078919f698bb" executionId="91081ffb-974d-429d-9a13-5a04f0855c73" testListId="8c84fa94-04c1-424b-9868-57a2d4851a1d" />
    <TestEntry testId="17c4b973-6bec-587e-a324-9b371feee403" executionId="52200aec-fb4c-4bc1-b4ff-bae1c9543b80" testListId="8c84fa94-04c1-424b-9868-57a2d4851a1d" />
    <TestEntry testId="2a009b98-2161-183f-9f10-564d6ea7553f" executionId="4f24e3af-988c-4c02-b44f-e641a33a0207" testListId="8c84fa94-04c1-424b-9868-57a2d4851a1d" />
    <TestEntry testId="cba6990b-49cd-6ad0-f547-469b3f649dfe" executionId="0e5d426a-eced-475d-af3f-9f21c455ae4e" testListId="8c84fa94-04c1-424b-9868-57a2d4851a1d" />
    <TestEntry testId="4bbc63e6-5ae0-0c9f-1a47-389db36332b7" executionId="976fef96-ffc0-48b8-af53-9a9b75051319" testListId="8c84fa94-04c1-424b-9868-57a2d4851a1d" />
    <TestEntry testId="34779a83-3c13-e69e-6caf-80f563cc1c0d" executionId="64f5a599-4499-4b4e-9079-90f09c9879ff" testListId="8c84fa94-04c1-424b-9868-57a2d4851a1d" />
    <TestEntry testId="f29b02b2-245f-96a5-c5d1-26a8bbd8b5cc" executionId="3c67dfd7-c564-408f-b114-ef30e9b4ee20" testListId="8c84fa94-04c1-424b-9868-57a2d4851a1d" />
    <TestEntry testId="10d8d064-e8d7-5256-130c-46158b9ef3c3" executionId="887b0b6c-542a-4cb8-a4cf-36afae9ea62e" testListId="8c84fa94-04c1-424b-9868-57a2d4851a1d" />
    <TestEntry testId="958148da-8a05-efcb-6066-231a49d6a111" executionId="63b6cf16-4bc9-4dca-9b15-3dd5b72fea60" testListId="8c84fa94-04c1-424b-9868-57a2d4851a1d" />
    <TestEntry testId="a4a80b38-f1c5-c999-67d2-b3d7dee5d451" executionId="2e440ad2-ab6b-4001-8326-e6c90078c95b" testListId="8c84fa94-04c1-424b-9868-57a2d4851a1d" />
    <TestEntry testId="1d6529ac-9777-be9e-254b-d81c634344b6" executionId="63eb71b2-d76f-433c-b7a9-bdb429f9a644" testListId="8c84fa94-04c1-424b-9868-57a2d4851a1d" />
    <TestEntry testId="7d8bbe4c-5ec1-8041-da65-d4fdfb9ace96" executionId="5a3f5d69-c4cb-473e-8f3d-bea78a710c6a" testListId="8c84fa94-04c1-424b-9868-57a2d4851a1d" />
    <TestEntry testId="569caa03-271b-8730-6642-6d07abdc7b7e" executionId="b49fd847-5ae7-440d-a03c-b98691004ec0" testListId="8c84fa94-04c1-424b-9868-57a2d4851a1d" />
    <TestEntry testId="a50e7e0e-508e-0e5f-09ab-bdb88c236258" executionId="3a79e7cb-2810-49d7-8de3-8b5dc44533c6" testListId="8c84fa94-04c1-424b-9868-57a2d4851a1d" />
    <TestEntry testId="b5d8c049-5598-4df8-8a76-f5fe8901f6ee" executionId="37e9ab34-21b0-4afb-be6b-b33cc381f651" testListId="8c84fa94-04c1-424b-9868-57a2d4851a1d" />
    <TestEntry testId="95189afc-93ac-ffad-0b82-a38426206369" executionId="47634833-bf2d-4506-b5b7-619bbe94f305" testListId="8c84fa94-04c1-424b-9868-57a2d4851a1d" />
    <TestEntry testId="815003c1-1272-8452-930c-600c692ff5b8" executionId="146d07d5-d616-4ab1-a242-eeb5ccc217b9" testListId="8c84fa94-04c1-424b-9868-57a2d4851a1d" />
    <TestEntry testId="e6bb8e66-2cbb-8edb-11b1-ff1e19d1d63e" executionId="432f503b-b626-40f2-bbaf-b279c35a351a" testListId="8c84fa94-04c1-424b-9868-57a2d4851a1d" />
    <TestEntry testId="d6b760ba-a015-e227-a4cf-6e67fa4d3c43" executionId="bc3aa109-b1a7-474e-8e0f-ff744bf00169" testListId="8c84fa94-04c1-424b-9868-57a2d4851a1d" />
    <TestEntry testId="c4924d77-9ac7-7ff1-2ff1-7b2126745fdb" executionId="8d72d138-b448-4679-81e8-de1381db6f7b" testListId="8c84fa94-04c1-424b-9868-57a2d4851a1d" />
    <TestEntry testId="1f917e45-6d40-7041-92ca-bbe9a01a264b" executionId="6e452de4-c540-48af-b0c1-b9b7e038e191" testListId="8c84fa94-04c1-424b-9868-57a2d4851a1d" />
    <TestEntry testId="60307291-bfd1-51ab-d4c0-50c49116ffaf" executionId="70c1fd91-68b7-4474-8fe4-e3c7e78e9cf9" testListId="8c84fa94-04c1-424b-9868-57a2d4851a1d" />
    <TestEntry testId="23690340-5972-5d4e-9d77-2bb8add776b6" executionId="1e46ebb6-a6f4-4944-882b-6dbdc5880ebf" testListId="8c84fa94-04c1-424b-9868-57a2d4851a1d" />
    <TestEntry testId="f7114769-aadd-f446-867e-b32c1ddcc228" executionId="31a5d447-fa3e-4ecd-b4eb-d8a59a606ba5" testListId="8c84fa94-04c1-424b-9868-57a2d4851a1d" />
    <TestEntry testId="c30a07da-9cb4-59a5-f6d9-e8234186ee5d" executionId="a09c3547-9528-4e43-b20c-b465e4c38c5a" testListId="8c84fa94-04c1-424b-9868-57a2d4851a1d" />
    <TestEntry testId="da4fda6c-af49-1f76-0488-767a5ce95f51" executionId="7184d719-04dd-4518-af51-688af60ad0b9" testListId="8c84fa94-04c1-424b-9868-57a2d4851a1d" />
    <TestEntry testId="b23bad4d-5cd0-43f5-8615-cc5c8aa51733" executionId="93195e50-3ccc-48aa-8fc8-9685807f68ac" testListId="8c84fa94-04c1-424b-9868-57a2d4851a1d" />
    <TestEntry testId="5c47017d-35c3-fda1-7276-b2b0fda49c88" executionId="a6442f66-5549-4c6b-9283-f58cb7092327" testListId="8c84fa94-04c1-424b-9868-57a2d4851a1d" />
    <TestEntry testId="5da846a7-1ef1-1c41-26db-4688a8e9dafe" executionId="e5b5ecf0-d6e7-4b08-896c-a20446fc8547" testListId="8c84fa94-04c1-424b-9868-57a2d4851a1d" />
    <TestEntry testId="9d1ead51-18b7-19a1-7527-a63365f0db25" executionId="fbd6c51a-222a-43af-a968-6df7933b1de1" testListId="8c84fa94-04c1-424b-9868-57a2d4851a1d" />
    <TestEntry testId="2e41cc9c-2e82-c968-2d73-aace9a0d000e" executionId="41e3bb6f-19ef-4d79-9519-495c5d0e9fdd" testListId="8c84fa94-04c1-424b-9868-57a2d4851a1d" />
    <TestEntry testId="6387aa38-e6fa-07b1-9b00-177536cf56e5" executionId="ea8d5a24-439c-48bb-a9df-62ca6b3d00f3" testListId="8c84fa94-04c1-424b-9868-57a2d4851a1d" />
    <TestEntry testId="18f6c57c-521c-bd1d-5bbe-6f7e2161368d" executionId="feb876e5-e52f-4891-8426-ec19a0db7aef" testListId="8c84fa94-04c1-424b-9868-57a2d4851a1d" />
    <TestEntry testId="f6dc18be-9545-8541-1c4b-92d5f82044c8" executionId="29c24a05-25d7-479d-bac0-31912e50ed37" testListId="8c84fa94-04c1-424b-9868-57a2d4851a1d" />
    <TestEntry testId="a98e92dd-23be-6b94-89ac-818d2ace8d5b" executionId="246408c4-c3d2-460f-9bd5-e8b8d0803103" testListId="8c84fa94-04c1-424b-9868-57a2d4851a1d" />
    <TestEntry testId="717df749-00bb-c724-563f-ade246595e09" executionId="6fb86df7-1bb5-4201-8154-6d2c6def26ad" testListId="8c84fa94-04c1-424b-9868-57a2d4851a1d" />
    <TestEntry testId="814c1dad-37b3-d1f3-0294-fc5b5ec2a234" executionId="51865e11-ee1a-4cf3-aaaa-f6ae870d930d" testListId="8c84fa94-04c1-424b-9868-57a2d4851a1d" />
    <TestEntry testId="03c86fe5-4f86-315c-5397-1b3b089a4c77" executionId="78498265-74bf-40ad-b4a6-43dd3ed9991a" testListId="8c84fa94-04c1-424b-9868-57a2d4851a1d" />
    <TestEntry testId="b95c667b-a99f-ae39-9dcc-ee2dfc3210b2" executionId="b463796b-e5aa-462b-aa5f-fd121907f774" testListId="8c84fa94-04c1-424b-9868-57a2d4851a1d" />
    <TestEntry testId="dcb63cda-819b-d273-c119-f67aebda1f98" executionId="df356c68-5f0d-4742-b203-93329fe994bd" testListId="8c84fa94-04c1-424b-9868-57a2d4851a1d" />
    <TestEntry testId="1e400c6b-9ed8-122e-f9f6-f3219cd0cac4" executionId="0ffb1665-0e6f-4df6-8317-c5f0e0649320" testListId="8c84fa94-04c1-424b-9868-57a2d4851a1d" />
    <TestEntry testId="98c74d7a-6809-ba8c-6201-3cc5f14c07b7" executionId="27559590-6d2a-4cfa-937e-872edb07e463" testListId="8c84fa94-04c1-424b-9868-57a2d4851a1d" />
    <TestEntry testId="381ca558-cb56-7a2c-6bd7-d18df2b1b173" executionId="e3499f5f-153d-41df-9435-d00621dbb672" testListId="8c84fa94-04c1-424b-9868-57a2d4851a1d" />
    <TestEntry testId="86cdbd0f-33b8-914e-50a2-21c5b29f4a39" executionId="5a723d38-aff7-4dfb-8a7d-2cf5cb55e626" testListId="8c84fa94-04c1-424b-9868-57a2d4851a1d" />
    <TestEntry testId="5ddd803c-80f0-b22a-f1e5-1664c0a07313" executionId="291d9c61-8e11-4904-9d93-a07b96495eda" testListId="8c84fa94-04c1-424b-9868-57a2d4851a1d" />
    <TestEntry testId="5a6ea1a9-8862-605f-4692-706a57f32a5e" executionId="e96233b2-fe59-4463-94c6-8b771c5ec208" testListId="8c84fa94-04c1-424b-9868-57a2d4851a1d" />
    <TestEntry testId="549b53a6-1f07-2653-ba50-5de281b23920" executionId="bc0278c7-254a-4f3c-9cc9-8beaad0fd945" testListId="8c84fa94-04c1-424b-9868-57a2d4851a1d" />
    <TestEntry testId="a151f0c2-8e06-3649-66e3-eaa4f4eb2393" executionId="afdd7668-4708-4566-bbbb-f62e76fb329a" testListId="8c84fa94-04c1-424b-9868-57a2d4851a1d" />
    <TestEntry testId="1ef7a0ea-0539-dd8d-6fdc-d4f961dc10e0" executionId="6aa8565f-175a-4f84-8439-08a699acca86" testListId="8c84fa94-04c1-424b-9868-57a2d4851a1d" />
    <TestEntry testId="f7e07d6f-c120-32b3-de97-c9d1bef3425f" executionId="c64c7113-c8b5-4f54-9a9a-1b9913c13691" testListId="8c84fa94-04c1-424b-9868-57a2d4851a1d" />
    <TestEntry testId="a36ee782-f539-7bb9-2bad-79fb91f82357" executionId="c545d10d-8d18-4caa-aff6-3d4666f74c46" testListId="8c84fa94-04c1-424b-9868-57a2d4851a1d" />
    <TestEntry testId="a462d42d-384e-4293-7fa5-c7fe6e5e44d9" executionId="d712cb50-b20b-4167-aae2-0752cc1844b6" testListId="8c84fa94-04c1-424b-9868-57a2d4851a1d" />
    <TestEntry testId="f91dfdaf-4a19-0a97-cec4-e9cb6ed77cf6" executionId="03f9569a-2323-4107-b9b7-e1d12bf3bd3e" testListId="8c84fa94-04c1-424b-9868-57a2d4851a1d" />
    <TestEntry testId="e9e1cead-1501-2cc6-9ac1-b62d8e0d87d5" executionId="465b1832-b554-4eb9-98d2-166dc895be9c" testListId="8c84fa94-04c1-424b-9868-57a2d4851a1d" />
    <TestEntry testId="88adab4a-c9b0-aa4b-5716-3ecb348d2b86" executionId="9633a08b-c9c7-4465-ae82-64065cc02ebe" testListId="8c84fa94-04c1-424b-9868-57a2d4851a1d" />
    <TestEntry testId="1de52408-712b-63f9-4de5-d5b13832680a" executionId="f7b7011d-e67f-4086-a60f-4c6eb8665713" testListId="8c84fa94-04c1-424b-9868-57a2d4851a1d" />
    <TestEntry testId="002a9e5c-c7c2-249f-67b1-a0913878ae57" executionId="927dd849-d3c6-453c-bd17-7582ad250a81" testListId="8c84fa94-04c1-424b-9868-57a2d4851a1d" />
    <TestEntry testId="df12383a-58ff-fa11-d76b-f78a0ff715c6" executionId="ba357763-9d35-4a66-8b2d-74913e271d59" testListId="8c84fa94-04c1-424b-9868-57a2d4851a1d" />
    <TestEntry testId="503766ec-d60e-2992-570a-57bd3211dcf0" executionId="ba0d0d57-de7a-4bbc-aa49-9c6f59ca2454" testListId="8c84fa94-04c1-424b-9868-57a2d4851a1d" />
    <TestEntry testId="a7745643-2fe2-2bc6-d16f-2b1606c0e5d5" executionId="30ea80f7-5256-4519-8922-fce71f30d227" testListId="8c84fa94-04c1-424b-9868-57a2d4851a1d" />
    <TestEntry testId="a2b994bf-e2a3-06a8-c53c-de0c8e355e5a" executionId="c50e428b-69bd-42c9-a261-47c62f9ae7e7" testListId="8c84fa94-04c1-424b-9868-57a2d4851a1d" />
    <TestEntry testId="2e606d95-1e54-218a-da3a-4af12072e08e" executionId="524843a8-30d7-4fde-b282-d859aaf5febe" testListId="8c84fa94-04c1-424b-9868-57a2d4851a1d" />
    <TestEntry testId="00a172f3-57ff-c8e7-bcdf-5e757d37bf72" executionId="193243c3-3061-4fd1-a612-1d5d9dd3c9cb" testListId="8c84fa94-04c1-424b-9868-57a2d4851a1d" />
    <TestEntry testId="1badc357-7168-7ef3-1307-fa56b2eee7f6" executionId="5b891b76-7bf3-4fe3-8b82-b7539a5932e4" testListId="8c84fa94-04c1-424b-9868-57a2d4851a1d" />
    <TestEntry testId="24c2c9e1-674c-fed8-c270-971a86b9e935" executionId="51293fd9-d381-4120-a468-1e4db64b4367" testListId="8c84fa94-04c1-424b-9868-57a2d4851a1d" />
    <TestEntry testId="cf950545-fb92-7f46-fd21-f44819d60060" executionId="5f7756d8-6088-438a-9057-ac4a2548dc12" testListId="8c84fa94-04c1-424b-9868-57a2d4851a1d" />
    <TestEntry testId="a167001f-41ee-bd8c-2b68-924fc776f24e" executionId="ab917ad3-19fc-42f0-91b8-5ea072efaa2e" testListId="8c84fa94-04c1-424b-9868-57a2d4851a1d" />
    <TestEntry testId="5ab77e68-20b7-0bf8-6453-f1020f4553d8" executionId="fb8b2920-65a7-436a-acde-a54713d07959" testListId="8c84fa94-04c1-424b-9868-57a2d4851a1d" />
    <TestEntry testId="005ed471-b2c0-f7a1-5f3c-151243789a1b" executionId="5d098ed0-8d8e-4870-99a3-4af8aa8efbb3" testListId="8c84fa94-04c1-424b-9868-57a2d4851a1d" />
    <TestEntry testId="f70ab0bd-73de-8ab6-08ce-f9a7fe19edea" executionId="87d33c37-fe67-4a88-b969-ce3f8a3b9462" testListId="8c84fa94-04c1-424b-9868-57a2d4851a1d" />
    <TestEntry testId="6c880d32-0d10-8df8-baeb-038621b59abe" executionId="00f1bb09-6fe0-4166-85a7-3a01ec394daa" testListId="8c84fa94-04c1-424b-9868-57a2d4851a1d" />
    <TestEntry testId="2c14f121-20f3-e0d1-c498-2e7ba59ab98d" executionId="4361bb07-3660-491a-a830-75055fb53bb9" testListId="8c84fa94-04c1-424b-9868-57a2d4851a1d" />
    <TestEntry testId="e8e77634-1f34-02a3-4b03-1bd23815abf5" executionId="afc26225-2188-4303-a329-1e764822ed2a" testListId="8c84fa94-04c1-424b-9868-57a2d4851a1d" />
    <TestEntry testId="df1188ea-b83c-f3e2-7af8-2256cb481667" executionId="7643b141-ce68-4ffb-8048-b5a1daf859aa" testListId="8c84fa94-04c1-424b-9868-57a2d4851a1d" />
    <TestEntry testId="2fc992f7-6592-d489-1e0b-fa21b6a8d266" executionId="5100437c-68e7-4693-9f04-13ef859b1d90" testListId="8c84fa94-04c1-424b-9868-57a2d4851a1d" />
    <TestEntry testId="9fb5fd5e-fe09-86eb-0af1-d5e1967f719b" executionId="413f47bb-2f7a-4c7d-9770-f0f66e09ac80" testListId="8c84fa94-04c1-424b-9868-57a2d4851a1d" />
    <TestEntry testId="00a3f809-61c4-f9b4-48ec-b9721f80da02" executionId="cf8d9312-76ec-4405-b438-1045f8896994" testListId="8c84fa94-04c1-424b-9868-57a2d4851a1d" />
    <TestEntry testId="f90bf7a1-224e-8f6b-2301-78de2bcc8c2a" executionId="fc3e4452-a86c-49a4-b104-039a5d76458a" testListId="8c84fa94-04c1-424b-9868-57a2d4851a1d" />
    <TestEntry testId="25935ee7-ad94-6232-3042-749b317696ae" executionId="caabba00-aa2b-4898-93ce-a628fc575a65" testListId="8c84fa94-04c1-424b-9868-57a2d4851a1d" />
    <TestEntry testId="d47c22ea-4081-3b38-d65c-29fadfd5affc" executionId="c1ef7987-d943-47ee-8e6d-2faccffe9b99" testListId="8c84fa94-04c1-424b-9868-57a2d4851a1d" />
    <TestEntry testId="4888288a-b93a-4505-be64-ae602a5810da" executionId="1e657170-306b-4438-9e7f-d7ea4ea4668d" testListId="8c84fa94-04c1-424b-9868-57a2d4851a1d" />
    <TestEntry testId="b203cbfe-cc69-b636-02a4-1e14b977443c" executionId="0e4b6127-0f52-4738-802e-a16fbe8080ca" testListId="8c84fa94-04c1-424b-9868-57a2d4851a1d" />
    <TestEntry testId="112626e9-c182-83bb-1880-97ec3c10cdda" executionId="2189f476-cb61-4448-a66e-514dcd3b3794" testListId="8c84fa94-04c1-424b-9868-57a2d4851a1d" />
    <TestEntry testId="0ec1d050-1007-4fbb-6ad8-ff1cb89e6876" executionId="845ba9e9-f2e2-42a6-91e9-3a939011f2d7" testListId="8c84fa94-04c1-424b-9868-57a2d4851a1d" />
    <TestEntry testId="c7c76e8e-6fd3-a653-0ec4-b1242c3ffe35" executionId="c0f927e1-7e3e-48cb-aab0-5b422a086282" testListId="8c84fa94-04c1-424b-9868-57a2d4851a1d" />
    <TestEntry testId="2e9ad08d-6a6a-c66d-1876-d4324594e97f" executionId="b18c89f8-d828-4b04-8446-662033e502e7" testListId="8c84fa94-04c1-424b-9868-57a2d4851a1d" />
    <TestEntry testId="5b8da2e4-a76f-eecc-ea44-54796a706016" executionId="fcefdd4f-ca83-4679-bfd3-0ea650959630" testListId="8c84fa94-04c1-424b-9868-57a2d4851a1d" />
    <TestEntry testId="e0b486ec-38f9-769b-858e-2b88f7caca87" executionId="510a7b5c-a43d-4875-97ec-9f0144a7f987" testListId="8c84fa94-04c1-424b-9868-57a2d4851a1d" />
    <TestEntry testId="901837fd-5946-e598-fafb-e3242a9705f0" executionId="4c5b9b6c-ada2-4eac-a0cf-9e21a167ad16" testListId="8c84fa94-04c1-424b-9868-57a2d4851a1d" />
    <TestEntry testId="b5f39956-cf04-a1c9-049b-f77734bbebc8" executionId="6f248ef3-31f7-4a6d-9598-a832fd8c82bc" testListId="8c84fa94-04c1-424b-9868-57a2d4851a1d" />
    <TestEntry testId="184ac053-7cd5-5f9a-59b2-2392bc2366a4" executionId="9056acf7-1bcf-409a-bc3d-0c36d83e6d9d" testListId="8c84fa94-04c1-424b-9868-57a2d4851a1d" />
    <TestEntry testId="a4036a5c-8648-3efd-d5fa-9d466e13a706" executionId="fb8e4ccf-d0b6-4884-8926-a7a75dbf13d6" testListId="8c84fa94-04c1-424b-9868-57a2d4851a1d" />
    <TestEntry testId="2d2fe65a-260b-9251-bfd7-9591f53cb087" executionId="be9e18bb-896f-4a72-a0b6-e644bfc22cae" testListId="8c84fa94-04c1-424b-9868-57a2d4851a1d" />
    <TestEntry testId="dc9c0b0b-de4c-d789-ff6b-219d9a8a6416" executionId="bbe81b76-2f29-4c30-a27a-3d1647997b22" testListId="8c84fa94-04c1-424b-9868-57a2d4851a1d" />
    <TestEntry testId="b7086aa4-2ce0-6e32-9e53-e013d0d5a9c3" executionId="c5059250-665f-4841-ba1a-8c938db585e0" testListId="8c84fa94-04c1-424b-9868-57a2d4851a1d" />
    <TestEntry testId="c72e2627-2836-9f94-03a6-0d2d1810cb71" executionId="e14a8fea-c8bf-4748-97d5-0b4eaf2e0cfe" testListId="8c84fa94-04c1-424b-9868-57a2d4851a1d" />
    <TestEntry testId="31e18a15-4deb-fd2b-91d4-964ae56f08c4" executionId="aec0d41b-1569-4eeb-a0c8-95cb4d72f1cd" testListId="8c84fa94-04c1-424b-9868-57a2d4851a1d" />
    <TestEntry testId="a4c7fffe-44ba-3285-c7f6-0fdc690b0480" executionId="e6af8f8a-fe84-44ee-8252-17705f07c74e" testListId="8c84fa94-04c1-424b-9868-57a2d4851a1d" />
    <TestEntry testId="72725134-fd26-2abc-e2fc-4226f507afda" executionId="c8c01415-8db6-4efa-914e-a31362e58208" testListId="8c84fa94-04c1-424b-9868-57a2d4851a1d" />
    <TestEntry testId="4936bda7-7bbb-b9dc-9e7c-9dc22ee103c6" executionId="9e12040f-270a-45cd-9592-8384aa356a20" testListId="8c84fa94-04c1-424b-9868-57a2d4851a1d" />
    <TestEntry testId="208a566c-78ec-35cb-6a5d-34a840a6d0eb" executionId="c7d02b24-ea6f-4299-a902-8617912b8b68" testListId="8c84fa94-04c1-424b-9868-57a2d4851a1d" />
    <TestEntry testId="ec2d90c7-97af-07cc-5ae2-95a623ba4196" executionId="327c04c5-9e45-4ce4-8c3c-36b8a23010ea" testListId="8c84fa94-04c1-424b-9868-57a2d4851a1d" />
    <TestEntry testId="131cb635-a8f9-d328-c870-d81fb0f683b4" executionId="adc6c3b9-5ae5-4e78-a02d-560b7b91c508" testListId="8c84fa94-04c1-424b-9868-57a2d4851a1d" />
    <TestEntry testId="ce874311-1da6-9f21-dde2-9d068a0ca464" executionId="83ea66f0-a07d-4816-86c0-1bb121ee3554" testListId="8c84fa94-04c1-424b-9868-57a2d4851a1d" />
    <TestEntry testId="56d17ff4-4d33-9804-caf5-6990c56b6003" executionId="85c661d5-495c-4937-8d01-28832f6a03fe" testListId="8c84fa94-04c1-424b-9868-57a2d4851a1d" />
    <TestEntry testId="01b2a897-a346-746e-7e91-486556a8845b" executionId="c08534f1-55c8-4663-a236-fda3de88108a" testListId="8c84fa94-04c1-424b-9868-57a2d4851a1d" />
    <TestEntry testId="9d233ad6-47c6-3b2f-610e-8544a2196011" executionId="2919dafa-e6c3-49c8-bd52-11d300f17ea9" testListId="8c84fa94-04c1-424b-9868-57a2d4851a1d" />
    <TestEntry testId="a11c169a-31c9-1795-65f9-ad0bc4cc315f" executionId="499aefa4-fc02-46d1-8ce8-3208911d8f65" testListId="8c84fa94-04c1-424b-9868-57a2d4851a1d" />
    <TestEntry testId="28dc1683-719b-8987-13ae-6d81f877a20c" executionId="7539d02c-d444-488d-b0d9-42498ebbd8e3" testListId="8c84fa94-04c1-424b-9868-57a2d4851a1d" />
    <TestEntry testId="3939977b-1115-32a0-421a-a02cb53c4fab" executionId="e2b1e77c-448b-41c3-a045-28d01a0e7584" testListId="8c84fa94-04c1-424b-9868-57a2d4851a1d" />
    <TestEntry testId="ab7a5eb1-4b3f-391f-704e-2ab0d1fb8fd1" executionId="7b7a646e-86e1-40e4-a3bd-b760e3ef87dc" testListId="8c84fa94-04c1-424b-9868-57a2d4851a1d" />
    <TestEntry testId="051e4863-f218-cc5a-a7af-8eb43835f6b7" executionId="18846b61-0695-47f8-a878-2b86efb62fc5" testListId="8c84fa94-04c1-424b-9868-57a2d4851a1d" />
    <TestEntry testId="ce671525-6436-9c51-2bd4-1341e6d713b1" executionId="30298a4a-8ed4-4b1a-9643-2c0eb98739c8" testListId="8c84fa94-04c1-424b-9868-57a2d4851a1d" />
  </TestEntries>
  <TestLists>
    <TestList name="Results Not in a List" id="8c84fa94-04c1-424b-9868-57a2d4851a1d" />
    <TestList name="All Loaded Results" id="19431567-8539-422a-85d7-44ee4e166bda" />
  </TestLists>
  <ResultSummary outcome="Completed">
    <Counters total="221" executed="204" passed="204" failed="0" error="0" timeout="0" aborted="0" inconclusive="0" passedButRunAborted="0" notRunnable="0" notExecuted="0" disconnected="0" warning="0" completed="0" inProgress="0" pending="0" />
    <Output>
      <StdOut>Test 'SetPublicAlias_Throws_WhenParameterIdentityIdIsEmpty_Case1' was skipped in the test run.Test 'SetPublicAlias_Throws_WhenParameterIdentityIdIsEmpty_Case2' was skipped in the test run.Test 'SetDisplayName_Throws_WhenParameterIdentityIdIsEmpty_Case1' was skipped in the test run.Test 'SetDisplayName_Throws_WhenParameterIdentityIdIsEmpty_Case2' was skipped in the test run.Test 'DeleteAttribute_Throws_WhenParameterIdentityIdIsEmpty_Case1' was skipped in the test run.Test 'GetAttribute_Throws_WhenParameterIdentityIdIsEmpty_Case1' was skipped in the test run.Test 'GetAttribute_Throws_WhenParameterIdentityIdIsEmpty_Case2' was skipped in the test run.Test 'GetAvatar_Throws_WhenParameterIdentityIdIsEmpty_Case1' was skipped in the test run.Test 'GetProfile_Throws_WhenParameterIdentityIdIsEmpty_Case1' was skipped in the test run.Test 'GetProfile_Throws_WhenAuthenticatedUserIdDoesNotMatchGivenIdInParameter' was skipped in the test run.Test 'SetAttribute_Throws_WhenParameterIdentityIdIsEmpty_Case1' was skipped in the test run.Test 'SetAttribute_Throws_WhenParameterIdentityIdIsEmpty_Case2' was skipped in the test run.Test 'SetAvatar_Throws_WhenParameterIdentityIdIsEmpty_Case1' was skipped in the test run.Test 'SetAvatar_Throws_WhenParameterIdentityIdIsEmpty_Case2' was skipped in the test run.Test 'GetProfile_Throws_WhenParameterIdentityIdIsEmpty_Case1' was skipped in the test run.Test 'GetProfile_Throws_WhenParameterIdentityIdIsEmpty_Case2' was skipped in the test run.Test 'GetProfile_Throws_WhenAuthenticatedUserIdDoesNotMatchGivenIdInParameter' was skipped in the test run.</StdOut>
    </Output>
  </ResultSummary>
</TestRun>