<?xml version="1.0" encoding="UTF-8"?>
<TestRun id="1363a138-8794-4432-a2e2-939ea1b1bd3e" name="tfsmladm@TFSBUILD11 2015-09-28 09:45:58" runUser="REDMOND\tfsmladm" xmlns="http://microsoft.com/schemas/VisualStudio/TeamTest/2010">
  <Times creation="2015-09-28T09:45:58.6654515-07:00" queuing="2015-09-28T09:45:58.6654515-07:00" start="2015-09-28T09:45:58.6694531-07:00" finish="2015-09-28T09:46:07.8701368-07:00" />
  <TestSettings name="default" id="254b5cd9-4a9e-494a-9c7d-cbba7c9eb049">
    <Execution>
      <TestTypeSpecific />
    </Execution>
    <Deployment runDeploymentRoot="tfsmladm_TFSBUILD11 2015-09-28 09_45_58" />
    <Properties />
  </TestSettings>
  <Results>
    <UnitTestResult executionId="df9f38a7-f7e5-4cb9-8914-7e8c36be5e8e" testId="e1ab2436-0699-4708-af31-e325e4d7e957" testName="TFSTests.TestManagement.Charting VerifyFieldsFromAuthoringClientSideMetadataProvider" computerName="TFSBUILD11" duration="00:00:00.0220000" startTime="2015-09-28T09:45:58.7087937-07:00" endTime="2015-09-28T09:45:58.7087937-07:00" testType="13cdc9d9-ddb5-4fa4-a97d-d965ccfc6d4b" outcome="Passed" testListId="8c84fa94-04c1-424b-9868-57a2d4851a1d" relativeResultsDirectory="df9f38a7-f7e5-4cb9-8914-7e8c36be5e8e" />
    <UnitTestResult executionId="0c792b9d-3c8e-4038-b0a9-5ba3ec594b6e" testId="bc8dd0ec-a5c5-498c-a7d0-72fe88ee81e7" testName="TFSTests.TestManagement.TestExecution CreateIterations" computerName="TFSBUILD11" duration="00:00:00.0190000" startTime="2015-09-28T09:45:58.7187982-07:00" endTime="2015-09-28T09:45:58.7187982-07:00" testType="13cdc9d9-ddb5-4fa4-a97d-d965ccfc6d4b" outcome="Passed" testListId="8c84fa94-04c1-424b-9868-57a2d4851a1d" relativeResultsDirectory="0c792b9d-3c8e-4038-b0a9-5ba3ec594b6e" />
    <UnitTestResult executionId="8b8451d1-3e8f-49f2-98a0-f844ce4b4b10" testId="13935cc6-f383-44fa-9d80-4edb52431b90" testName="TFSTests.TestManagement.TestExecution CreateStepResults" computerName="TFSBUILD11" duration="00:00:00.0150000" startTime="2015-09-28T09:45:58.7187982-07:00" endTime="2015-09-28T09:45:58.7187982-07:00" testType="13cdc9d9-ddb5-4fa4-a97d-d965ccfc6d4b" outcome="Passed" testListId="8c84fa94-04c1-424b-9868-57a2d4851a1d" relativeResultsDirectory="8b8451d1-3e8f-49f2-98a0-f844ce4b4b10" />
    <UnitTestResult executionId="4c9e34bf-12e8-48b2-8710-b527b50e737a" testId="ef7a2807-cab8-45d4-9751-c4513fab4410" testName="TFSTests.TestManagement.TestExecution CreateMultipleIterationsWithStepResults" computerName="TFSBUILD11" duration="00:00:00.0160000" startTime="2015-09-28T09:45:58.7187982-07:00" endTime="2015-09-28T09:45:58.7187982-07:00" testType="13cdc9d9-ddb5-4fa4-a97d-d965ccfc6d4b" outcome="Passed" testListId="8c84fa94-04c1-424b-9868-57a2d4851a1d" relativeResultsDirectory="4c9e34bf-12e8-48b2-8710-b527b50e737a" />
    <UnitTestResult executionId="19e4062f-d004-460e-9622-90f0b67712c9" testId="0ba8ab54-f35a-402d-b1ff-6710ffac1deb" testName="TFSTests.TestManagement.TestExecution VerifySetIsDirtyForTestCaseResult" computerName="TFSBUILD11" duration="00:00:00.0150000" startTime="2015-09-28T09:45:58.7187982-07:00" endTime="2015-09-28T09:45:58.7187982-07:00" testType="13cdc9d9-ddb5-4fa4-a97d-d965ccfc6d4b" outcome="Passed" testListId="8c84fa94-04c1-424b-9868-57a2d4851a1d" relativeResultsDirectory="19e4062f-d004-460e-9622-90f0b67712c9" />
    <UnitTestResult executionId="42e34782-b4fe-4094-907c-96c5816bbaf3" testId="d7a7ccf3-31e5-4413-b9e5-f3bb2cf10e4e" testName="TFSTests.TestManagement.TestExecution VerifySetIsDirtyForTestIterationResult" computerName="TFSBUILD11" duration="00:00:00.0150000" startTime="2015-09-28T09:45:58.7197989-07:00" endTime="2015-09-28T09:45:58.7197989-07:00" testType="13cdc9d9-ddb5-4fa4-a97d-d965ccfc6d4b" outcome="Passed" testListId="8c84fa94-04c1-424b-9868-57a2d4851a1d" relativeResultsDirectory="42e34782-b4fe-4094-907c-96c5816bbaf3" />
    <UnitTestResult executionId="0181f9f3-652e-49e9-8e50-eb3c032e83d4" testId="a3f19d37-01ef-4ef9-b38e-f75ffd034f2b" testName="TFSTests.TestManagement.TestExecution VerifyGetIsDirtyForTestcaseAndIterationResults" computerName="TFSBUILD11" duration="00:00:00.0150000" startTime="2015-09-28T09:45:58.7197989-07:00" endTime="2015-09-28T09:45:58.7197989-07:00" testType="13cdc9d9-ddb5-4fa4-a97d-d965ccfc6d4b" outcome="Passed" testListId="8c84fa94-04c1-424b-9868-57a2d4851a1d" relativeResultsDirectory="0181f9f3-652e-49e9-8e50-eb3c032e83d4" />
    <UnitTestResult executionId="dbb2244f-90ae-4c7b-aa35-0cd9da763863" testId="f8ed318d-34cf-4292-81cf-55ae0ed2ff5e" testName="TFSTests.TestManagement.TestExecution ActionPathHelperTest_GetHexString" computerName="TFSBUILD11" duration="00:00:00.0160000" startTime="2015-09-28T09:45:58.7197989-07:00" endTime="2015-09-28T09:45:58.7197989-07:00" testType="13cdc9d9-ddb5-4fa4-a97d-d965ccfc6d4b" outcome="Passed" testListId="8c84fa94-04c1-424b-9868-57a2d4851a1d" relativeResultsDirectory="dbb2244f-90ae-4c7b-aa35-0cd9da763863" />
    <UnitTestResult executionId="8906e618-5a4c-4450-9cb3-32e0213c958f" testId="e1d92425-60ce-4cd8-af0d-6f739ccac9a2" testName="TFSTests.TestManagement.TestExecution ActionPathHelperTest_Prepend" computerName="TFSBUILD11" duration="00:00:00.0140000" startTime="2015-09-28T09:45:58.7197989-07:00" endTime="2015-09-28T09:45:58.7197989-07:00" testType="13cdc9d9-ddb5-4fa4-a97d-d965ccfc6d4b" outcome="Passed" testListId="8c84fa94-04c1-424b-9868-57a2d4851a1d" relativeResultsDirectory="8906e618-5a4c-4450-9cb3-32e0213c958f" />
    <UnitTestResult executionId="eb48b6ae-78b6-428e-8a43-899daa961fad" testId="a2556612-cca7-4229-b1bc-0c27d3a72788" testName="TFSTests.TestManagement.TestExecution ActionPathHelperTest_Combine" computerName="TFSBUILD11" duration="00:00:00.0140000" startTime="2015-09-28T09:45:58.7778222-07:00" endTime="2015-09-28T09:45:58.7778222-07:00" testType="13cdc9d9-ddb5-4fa4-a97d-d965ccfc6d4b" outcome="Passed" testListId="8c84fa94-04c1-424b-9868-57a2d4851a1d" relativeResultsDirectory="eb48b6ae-78b6-428e-8a43-899daa961fad" />
    <UnitTestResult executionId="37dcd49d-8551-42ca-a6c4-b644f12f6963" testId="cb13feee-39f2-42b1-95b3-7e02af6bdc4a" testName="TFSTests.TestManagement.TestExecution ActionPathHelperTest_LastElementOf" computerName="TFSBUILD11" duration="00:00:00.0140000" startTime="2015-09-28T09:45:58.7778222-07:00" endTime="2015-09-28T09:45:58.7778222-07:00" testType="13cdc9d9-ddb5-4fa4-a97d-d965ccfc6d4b" outcome="Passed" testListId="8c84fa94-04c1-424b-9868-57a2d4851a1d" relativeResultsDirectory="37dcd49d-8551-42ca-a6c4-b644f12f6963" />
    <UnitTestResult executionId="9a36d004-cc20-4834-b9e8-11c499ec71bc" testId="b6973cbd-4f6e-4cc9-9778-db50bf39f8f9" testName="TFSTests.TestManagement.TestExecution ActionPathHelperTest_LengthOf" computerName="TFSBUILD11" duration="00:00:00.0150000" startTime="2015-09-28T09:45:58.7778222-07:00" endTime="2015-09-28T09:45:58.7778222-07:00" testType="13cdc9d9-ddb5-4fa4-a97d-d965ccfc6d4b" outcome="Passed" testListId="8c84fa94-04c1-424b-9868-57a2d4851a1d" relativeResultsDirectory="9a36d004-cc20-4834-b9e8-11c499ec71bc" />
    <UnitTestResult executionId="ea144bf0-3298-478c-ad37-4987f5d0776b" testId="48538775-278b-4ae8-a36f-d065baaba631" testName="TFSTests.TestManagement.TestExecution ActionPathHelperTest_ElementsOf" computerName="TFSBUILD11" duration="00:00:00.0140000" startTime="2015-09-28T09:45:58.7778222-07:00" endTime="2015-09-28T09:45:58.7778222-07:00" testType="13cdc9d9-ddb5-4fa4-a97d-d965ccfc6d4b" outcome="Passed" testListId="8c84fa94-04c1-424b-9868-57a2d4851a1d" relativeResultsDirectory="ea144bf0-3298-478c-ad37-4987f5d0776b" />
    <UnitTestResult executionId="7005b303-f06c-4c37-81d1-c2a0069f55cf" testId="5099187c-7f85-41e9-a70b-5a4df58732ee" testName="TFSTests.TestManagement.TestExecution CollectionTests_Add" computerName="TFSBUILD11" duration="00:00:00.0160000" startTime="2015-09-28T09:45:58.7778222-07:00" endTime="2015-09-28T09:45:58.7778222-07:00" testType="13cdc9d9-ddb5-4fa4-a97d-d965ccfc6d4b" outcome="Passed" testListId="8c84fa94-04c1-424b-9868-57a2d4851a1d" relativeResultsDirectory="7005b303-f06c-4c37-81d1-c2a0069f55cf" />
    <UnitTestResult executionId="b9144dd5-f4ed-40af-aadd-d44de5a48ccc" testId="9e33ae50-fdba-4e00-85b3-1d0f7c50d340" testName="TFSTests.TestManagement.TestExecution CollectionTests_Swap" computerName="TFSBUILD11" duration="00:00:00.0150000" startTime="2015-09-28T09:45:58.7778222-07:00" endTime="2015-09-28T09:45:58.7778222-07:00" testType="13cdc9d9-ddb5-4fa4-a97d-d965ccfc6d4b" outcome="Passed" testListId="8c84fa94-04c1-424b-9868-57a2d4851a1d" relativeResultsDirectory="b9144dd5-f4ed-40af-aadd-d44de5a48ccc" />
    <UnitTestResult executionId="dee8bfb5-7389-4dae-8f0f-7ef48a68094b" testId="bfcd1d54-667f-4be6-8166-fd85650ec5d5" testName="TFSTests.TestManagement.TestExecution CollectionTests_Insert" computerName="TFSBUILD11" duration="00:00:00.0150000" startTime="2015-09-28T09:45:58.7788220-07:00" endTime="2015-09-28T09:45:58.7788220-07:00" testType="13cdc9d9-ddb5-4fa4-a97d-d965ccfc6d4b" outcome="Passed" testListId="8c84fa94-04c1-424b-9868-57a2d4851a1d" relativeResultsDirectory="dee8bfb5-7389-4dae-8f0f-7ef48a68094b" />
    <UnitTestResult executionId="57177854-6592-474f-a91c-5bdbefb019f4" testId="b5005283-7818-43f5-be9d-d586cbd52964" testName="TFSTests.TestManagement.TestExecution CollectionTests_Remove" computerName="TFSBUILD11" duration="00:00:00.0160000" startTime="2015-09-28T09:45:58.7788220-07:00" endTime="2015-09-28T09:45:58.7788220-07:00" testType="13cdc9d9-ddb5-4fa4-a97d-d965ccfc6d4b" outcome="Passed" testListId="8c84fa94-04c1-424b-9868-57a2d4851a1d" relativeResultsDirectory="57177854-6592-474f-a91c-5bdbefb019f4" />
    <UnitTestResult executionId="cb4497bf-1068-46c7-9796-26fa24dd71f8" testId="78ed904f-f9ae-4d79-8290-a1d97e378a5d" testName="TFSTests.TestManagement.TestExecution CollectionTests_SetItem" computerName="TFSBUILD11" duration="00:00:00.0150000" startTime="2015-09-28T09:45:58.7788220-07:00" endTime="2015-09-28T09:45:58.7788220-07:00" testType="13cdc9d9-ddb5-4fa4-a97d-d965ccfc6d4b" outcome="Passed" testListId="8c84fa94-04c1-424b-9868-57a2d4851a1d" relativeResultsDirectory="cb4497bf-1068-46c7-9796-26fa24dd71f8" />
    <UnitTestResult executionId="1f9465b8-86ac-4b67-8b97-57ac30857a4d" testId="c4cec040-1b9a-4b54-84e7-c340c4d77a64" testName="TFSTests.TestManagement.TestExecution CollectionTests_Clear" computerName="TFSBUILD11" duration="00:00:00.0150000" startTime="2015-09-28T09:45:58.9098586-07:00" endTime="2015-09-28T09:45:58.9098586-07:00" testType="13cdc9d9-ddb5-4fa4-a97d-d965ccfc6d4b" outcome="Passed" testListId="8c84fa94-04c1-424b-9868-57a2d4851a1d" relativeResultsDirectory="1f9465b8-86ac-4b67-8b97-57ac30857a4d" />
    <UnitTestResult executionId="bf1edbb4-87a8-4135-b5f0-8f04161d7362" testId="7657d399-dd31-49c9-9640-50e44f6fbbcd" testName="TFSTests.TestManagement.TestExecution CollectionTests_IndexOf" computerName="TFSBUILD11" duration="00:00:00.0140000" startTime="2015-09-28T09:45:58.9098586-07:00" endTime="2015-09-28T09:45:58.9098586-07:00" testType="13cdc9d9-ddb5-4fa4-a97d-d965ccfc6d4b" outcome="Passed" testListId="8c84fa94-04c1-424b-9868-57a2d4851a1d" relativeResultsDirectory="bf1edbb4-87a8-4135-b5f0-8f04161d7362" />
    <UnitTestResult executionId="e5b60f33-0f82-4150-b586-c9d47b9aae4b" testId="34df631f-b5e3-4ec1-89be-4ab607654ed5" testName="TFSTests.TestManagement.TestExecution ServerObjectConversionHelper_fromServerObject" computerName="TFSBUILD11" duration="00:00:00.0140000" startTime="2015-09-28T09:45:58.9098586-07:00" endTime="2015-09-28T09:45:58.9098586-07:00" testType="13cdc9d9-ddb5-4fa4-a97d-d965ccfc6d4b" outcome="Passed" testListId="8c84fa94-04c1-424b-9868-57a2d4851a1d" relativeResultsDirectory="e5b60f33-0f82-4150-b586-c9d47b9aae4b" />
    <UnitTestResult executionId="6ecd45a3-e4d1-4ab7-847f-881f610071db" testId="c6555a91-74b3-4bc6-94f3-79d47e86e176" testName="TFSTests.TestManagement.TestExecution ServerObjectConversionHelper_toServerObject" computerName="TFSBUILD11" duration="00:00:00.0150000" startTime="2015-09-28T09:45:58.9098586-07:00" endTime="2015-09-28T09:45:58.9098586-07:00" testType="13cdc9d9-ddb5-4fa4-a97d-d965ccfc6d4b" outcome="Passed" testListId="8c84fa94-04c1-424b-9868-57a2d4851a1d" relativeResultsDirectory="6ecd45a3-e4d1-4ab7-847f-881f610071db" />
    <UnitTestResult executionId="061a7c16-d5dc-40e3-bb94-c08c70c64e38" testId="d5b3b6c5-9555-4398-bbe8-2ded6a6f176d" testName="TFSTests.TestManagement.TestExecution TestCaseResultIdentifier_Equals" computerName="TFSBUILD11" duration="00:00:00.0140000" startTime="2015-09-28T09:45:58.9098586-07:00" endTime="2015-09-28T09:45:58.9098586-07:00" testType="13cdc9d9-ddb5-4fa4-a97d-d965ccfc6d4b" outcome="Passed" testListId="8c84fa94-04c1-424b-9868-57a2d4851a1d" relativeResultsDirectory="061a7c16-d5dc-40e3-bb94-c08c70c64e38" />
    <UnitTestResult executionId="b2138e79-2d73-4d85-addd-05e99e79adea" testId="08cdd832-6aad-48e1-949a-9b2e3c770366" testName="TFSTests.TestManagement.TestExecution ClientObjectTest_PostLoad" computerName="TFSBUILD11" duration="00:00:00.0140000" startTime="2015-09-28T09:45:58.9108601-07:00" endTime="2015-09-28T09:45:58.9108601-07:00" testType="13cdc9d9-ddb5-4fa4-a97d-d965ccfc6d4b" outcome="Passed" testListId="8c84fa94-04c1-424b-9868-57a2d4851a1d" relativeResultsDirectory="b2138e79-2d73-4d85-addd-05e99e79adea" />
    <UnitTestResult executionId="94538b21-efd7-4f00-9f76-c3e7e09eb9da" testId="953f6eec-ca67-4912-8f2d-178dbf1c263a" testName="TFSTests.TestManagement.TestExecution TestResult_PostLoad" computerName="TFSBUILD11" duration="00:00:00.0140000" startTime="2015-09-28T09:45:58.9108601-07:00" endTime="2015-09-28T09:45:58.9108601-07:00" testType="13cdc9d9-ddb5-4fa4-a97d-d965ccfc6d4b" outcome="Passed" testListId="8c84fa94-04c1-424b-9868-57a2d4851a1d" relativeResultsDirectory="94538b21-efd7-4f00-9f76-c3e7e09eb9da" />
    <UnitTestResult executionId="8a2e3e68-5de0-45d9-8adb-d801adf6545b" testId="da11ae11-332b-4bce-9547-06f9be842fff" testName="TFSTests.TestManagement.TestExecution TestActionResult_PostLoad" computerName="TFSBUILD11" duration="00:00:00.0150000" startTime="2015-09-28T09:45:58.9108601-07:00" endTime="2015-09-28T09:45:58.9108601-07:00" testType="13cdc9d9-ddb5-4fa4-a97d-d965ccfc6d4b" outcome="Passed" testListId="8c84fa94-04c1-424b-9868-57a2d4851a1d" relativeResultsDirectory="8a2e3e68-5de0-45d9-8adb-d801adf6545b" />
    <UnitTestResult executionId="08372d32-c32a-402e-9999-8e9e5ad17eae" testId="674bb8c5-6ce9-407a-9ad1-58df907aa4dc" testName="TFSTests.TestManagement.TestExecution TestActionResult_PostSave" computerName="TFSBUILD11" duration="00:00:00.0140000" startTime="2015-09-28T09:45:58.9108601-07:00" endTime="2015-09-28T09:45:58.9108601-07:00" testType="13cdc9d9-ddb5-4fa4-a97d-d965ccfc6d4b" outcome="Passed" testListId="8c84fa94-04c1-424b-9868-57a2d4851a1d" relativeResultsDirectory="08372d32-c32a-402e-9999-8e9e5ad17eae" />
    <UnitTestResult executionId="1cb975e6-3927-4bea-b731-2d36feceafc6" testId="6250bc5e-f091-4611-a82f-a86dc0f04ce8" testName="TFSTests.TestManagement.TestExecution TestResultParameter_PreSave" computerName="TFSBUILD11" duration="00:00:00.0150000" startTime="2015-09-28T09:45:59.0435339-07:00" endTime="2015-09-28T09:45:59.0435339-07:00" testType="13cdc9d9-ddb5-4fa4-a97d-d965ccfc6d4b" outcome="Passed" testListId="8c84fa94-04c1-424b-9868-57a2d4851a1d" relativeResultsDirectory="1cb975e6-3927-4bea-b731-2d36feceafc6" />
    <UnitTestResult executionId="3e72a4e5-65bb-432a-b47c-05ed118d7273" testId="003e2dcc-883d-4bd3-8683-3a74b35aa06e" testName="TFSTests.TestManagement.TestExecution TestResultParameter_PreSaveWhenNotDirty" computerName="TFSBUILD11" duration="00:00:00.0140000" startTime="2015-09-28T09:45:59.0435339-07:00" endTime="2015-09-28T09:45:59.0435339-07:00" testType="13cdc9d9-ddb5-4fa4-a97d-d965ccfc6d4b" outcome="Passed" testListId="8c84fa94-04c1-424b-9868-57a2d4851a1d" relativeResultsDirectory="3e72a4e5-65bb-432a-b47c-05ed118d7273" />
    <UnitTestResult executionId="e8b81886-dbba-43d4-8072-01802f105657" testId="62c9f1c0-0f18-4c9d-8640-6998f3b451e9" testName="TFSTests.TestManagement.TestExecution TestResultParameter_PostSave" computerName="TFSBUILD11" duration="00:00:00.0150000" startTime="2015-09-28T09:45:59.0435339-07:00" endTime="2015-09-28T09:45:59.0435339-07:00" testType="13cdc9d9-ddb5-4fa4-a97d-d965ccfc6d4b" outcome="Passed" testListId="8c84fa94-04c1-424b-9868-57a2d4851a1d" relativeResultsDirectory="e8b81886-dbba-43d4-8072-01802f105657" />
    <UnitTestResult executionId="b15c1af2-d5dd-4554-9baa-fdf075183acb" testId="6fdc9235-5a9a-487f-a40f-a267ab58edca" testName="TFSTests.TestManagement.TestExecution TestParameterCollection_PreSave" computerName="TFSBUILD11" duration="00:00:00.0140000" startTime="2015-09-28T09:45:59.0435339-07:00" endTime="2015-09-28T09:45:59.0435339-07:00" testType="13cdc9d9-ddb5-4fa4-a97d-d965ccfc6d4b" outcome="Passed" testListId="8c84fa94-04c1-424b-9868-57a2d4851a1d" relativeResultsDirectory="b15c1af2-d5dd-4554-9baa-fdf075183acb" />
    <UnitTestResult executionId="6db5de20-3247-4457-b0a0-998191a4a9b2" testId="7fd51eae-31f5-48d6-b9e9-1ee48104e127" testName="TFSTests.TestManagement.TestExecution TestParameterCollection_PreSaveWithDeletedParameter" computerName="TFSBUILD11" duration="00:00:00.0140000" startTime="2015-09-28T09:45:59.0435339-07:00" endTime="2015-09-28T09:45:59.0435339-07:00" testType="13cdc9d9-ddb5-4fa4-a97d-d965ccfc6d4b" outcome="Passed" testListId="8c84fa94-04c1-424b-9868-57a2d4851a1d" relativeResultsDirectory="6db5de20-3247-4457-b0a0-998191a4a9b2" />
    <UnitTestResult executionId="9096c63a-1442-4d17-b21f-0675b567d1c5" testId="6408be1c-6e82-4a86-8471-2cfedd3ec4f0" testName="TFSTests.TestManagement.TestExecution TestParameterCollection_GetIndexFromCollection" computerName="TFSBUILD11" duration="00:00:00.0140000" startTime="2015-09-28T09:45:59.0435339-07:00" endTime="2015-09-28T09:45:59.0435339-07:00" testType="13cdc9d9-ddb5-4fa4-a97d-d965ccfc6d4b" outcome="Passed" testListId="8c84fa94-04c1-424b-9868-57a2d4851a1d" relativeResultsDirectory="9096c63a-1442-4d17-b21f-0675b567d1c5" />
    <UnitTestResult executionId="13b57279-a012-4394-a6c5-10206236ea6b" testId="1fd32554-5d2b-48ea-80fb-caf41591e46f" testName="TFSTests.TestManagement.TestExecution TestParameterCollection_PostSave" computerName="TFSBUILD11" duration="00:00:00.0150000" startTime="2015-09-28T09:45:59.0435339-07:00" endTime="2015-09-28T09:45:59.0435339-07:00" testType="13cdc9d9-ddb5-4fa4-a97d-d965ccfc6d4b" outcome="Passed" testListId="8c84fa94-04c1-424b-9868-57a2d4851a1d" relativeResultsDirectory="13b57279-a012-4394-a6c5-10206236ea6b" />
    <UnitTestResult executionId="d15d2bb3-80b7-4cfa-9971-4e3557d05974" testId="22c734fe-b554-477a-b65e-db713f842353" testName="TFSTests.TestManagement.TestExecution TestStepResult_PreSave" computerName="TFSBUILD11" duration="00:00:00.0150000" startTime="2015-09-28T09:45:59.0445340-07:00" endTime="2015-09-28T09:45:59.0435339-07:00" testType="13cdc9d9-ddb5-4fa4-a97d-d965ccfc6d4b" outcome="Passed" testListId="8c84fa94-04c1-424b-9868-57a2d4851a1d" relativeResultsDirectory="d15d2bb3-80b7-4cfa-9971-4e3557d05974" />
    <UnitTestResult executionId="999f75b3-5e0d-418f-8490-65eb9c082d27" testId="675f2a75-1601-413c-9bec-287efa35f71a" testName="TFSTests.TestManagement.TestExecution TestStepResult_PostSave" computerName="TFSBUILD11" duration="00:00:00.0140000" startTime="2015-09-28T09:45:59.0445340-07:00" endTime="2015-09-28T09:45:59.0445340-07:00" testType="13cdc9d9-ddb5-4fa4-a97d-d965ccfc6d4b" outcome="Passed" testListId="8c84fa94-04c1-424b-9868-57a2d4851a1d" relativeResultsDirectory="999f75b3-5e0d-418f-8490-65eb9c082d27" />
    <UnitTestResult executionId="687da101-1faa-4f0e-ac40-740062c8df65" testId="d3fe02bc-6988-498f-a8a2-b6827b292107" testName="TFSTests.TestManagement.TestExecution TestStepResult_PostLoad" computerName="TFSBUILD11" duration="00:00:00.0140000" startTime="2015-09-28T09:45:59.1795876-07:00" endTime="2015-09-28T09:45:59.1795876-07:00" testType="13cdc9d9-ddb5-4fa4-a97d-d965ccfc6d4b" outcome="Passed" testListId="8c84fa94-04c1-424b-9868-57a2d4851a1d" relativeResultsDirectory="687da101-1faa-4f0e-ac40-740062c8df65" />
    <UnitTestResult executionId="a1510e91-f335-47de-92e5-54aff7290d8b" testId="24c9ef1b-6da3-4205-bb4d-07c29fa21d97" testName="TFSTests.TestManagement.TestExecution TestStepResult_CanEditTest" computerName="TFSBUILD11" duration="00:00:00.0210000" startTime="2015-09-28T09:45:59.1795876-07:00" endTime="2015-09-28T09:45:59.1795876-07:00" testType="13cdc9d9-ddb5-4fa4-a97d-d965ccfc6d4b" outcome="Passed" testListId="8c84fa94-04c1-424b-9868-57a2d4851a1d" relativeResultsDirectory="a1510e91-f335-47de-92e5-54aff7290d8b" />
    <UnitTestResult executionId="d2f15226-8826-4d47-982e-ed198e77e0d3" testId="1f0df0f6-daf0-4615-9443-f992b94bcfb0" testName="TFSTests.TestManagement.TestExecution TestActionResultCollection_PreSave" computerName="TFSBUILD11" duration="00:00:00.0150000" startTime="2015-09-28T09:45:59.1795876-07:00" endTime="2015-09-28T09:45:59.1795876-07:00" testType="13cdc9d9-ddb5-4fa4-a97d-d965ccfc6d4b" outcome="Passed" testListId="8c84fa94-04c1-424b-9868-57a2d4851a1d" relativeResultsDirectory="d2f15226-8826-4d47-982e-ed198e77e0d3" />
    <UnitTestResult executionId="66a18147-3465-4225-a39f-b3e1b8000a21" testId="4360f71b-38c2-4d7d-a94d-be24b79d58dc" testName="TFSTests.TestManagement.TestExecution TestActionResultCollection_PreSaveWithDeletedActions" computerName="TFSBUILD11" duration="00:00:00.0140000" startTime="2015-09-28T09:45:59.1795876-07:00" endTime="2015-09-28T09:45:59.1795876-07:00" testType="13cdc9d9-ddb5-4fa4-a97d-d965ccfc6d4b" outcome="Passed" testListId="8c84fa94-04c1-424b-9868-57a2d4851a1d" relativeResultsDirectory="66a18147-3465-4225-a39f-b3e1b8000a21" />
    <UnitTestResult executionId="b34777c3-b185-4ea5-a81c-ae4a14381fc4" testId="28afdceb-3271-4fca-ba66-ae8c25c4b7f5" testName="TFSTests.TestManagement.TestExecution TestActionResultCollection_PostSave" computerName="TFSBUILD11" duration="00:00:00.0150000" startTime="2015-09-28T09:45:59.1795876-07:00" endTime="2015-09-28T09:45:59.1795876-07:00" testType="13cdc9d9-ddb5-4fa4-a97d-d965ccfc6d4b" outcome="Passed" testListId="8c84fa94-04c1-424b-9868-57a2d4851a1d" relativeResultsDirectory="b34777c3-b185-4ea5-a81c-ae4a14381fc4" />
    <UnitTestResult executionId="324cb346-59e9-465c-86cd-2953db405b08" testId="36036c56-6865-4857-a7e9-ffb4d036f717" testName="TFSTests.TestManagement.TestExecution SharedStepResult_PreSave" computerName="TFSBUILD11" duration="00:00:00.0140000" startTime="2015-09-28T09:45:59.1795876-07:00" endTime="2015-09-28T09:45:59.1795876-07:00" testType="13cdc9d9-ddb5-4fa4-a97d-d965ccfc6d4b" outcome="Passed" testListId="8c84fa94-04c1-424b-9868-57a2d4851a1d" relativeResultsDirectory="324cb346-59e9-465c-86cd-2953db405b08" />
    <UnitTestResult executionId="bc0c4962-55de-4666-8d07-6d0abe4f96d6" testId="4463ab9a-f42c-4ee8-8630-a73dc1688761" testName="TFSTests.TestManagement.TestExecution SharedStepResult_PostSave" computerName="TFSBUILD11" duration="00:00:00.0140000" startTime="2015-09-28T09:45:59.1795876-07:00" endTime="2015-09-28T09:45:59.1795876-07:00" testType="13cdc9d9-ddb5-4fa4-a97d-d965ccfc6d4b" outcome="Passed" testListId="8c84fa94-04c1-424b-9868-57a2d4851a1d" relativeResultsDirectory="bc0c4962-55de-4666-8d07-6d0abe4f96d6" />
    <UnitTestResult executionId="0d404fb7-f710-4a91-9f9e-0ccbdb6e6cd7" testId="8d3b4510-5929-4954-97ec-dbd09ac6a286" testName="TFSTests.TestManagement.TestExecution TestIteration_CreateStepResult" computerName="TFSBUILD11" duration="00:00:00.0140000" startTime="2015-09-28T09:45:59.1795876-07:00" endTime="2015-09-28T09:45:59.1795876-07:00" testType="13cdc9d9-ddb5-4fa4-a97d-d965ccfc6d4b" outcome="Passed" testListId="8c84fa94-04c1-424b-9868-57a2d4851a1d" relativeResultsDirectory="0d404fb7-f710-4a91-9f9e-0ccbdb6e6cd7" />
    <UnitTestResult executionId="9833cd47-daa8-442e-8ba2-a5bd33ffa28e" testId="98cb1937-f15c-415d-b5ea-0b73090860bf" testName="TFSTests.TestManagement.TestExecution TestIteration_CreateSharedStepResult" computerName="TFSBUILD11" duration="00:00:00.0140000" startTime="2015-09-28T09:45:59.1795876-07:00" endTime="2015-09-28T09:45:59.1795876-07:00" testType="13cdc9d9-ddb5-4fa4-a97d-d965ccfc6d4b" outcome="Passed" testListId="8c84fa94-04c1-424b-9868-57a2d4851a1d" relativeResultsDirectory="9833cd47-daa8-442e-8ba2-a5bd33ffa28e" />
    <UnitTestResult executionId="6ca521b6-d483-4b82-97b5-7831642e7e7b" testId="104b8014-5b20-45d6-8165-3cbfe2101f05" testName="TFSTests.TestManagement.TestExecution TestIteration_PreSave" computerName="TFSBUILD11" duration="00:00:00.0150000" startTime="2015-09-28T09:45:59.3146101-07:00" endTime="2015-09-28T09:45:59.3146101-07:00" testType="13cdc9d9-ddb5-4fa4-a97d-d965ccfc6d4b" outcome="Passed" testListId="8c84fa94-04c1-424b-9868-57a2d4851a1d" relativeResultsDirectory="6ca521b6-d483-4b82-97b5-7831642e7e7b" />
    <UnitTestResult executionId="6c277836-727f-4dc9-8581-2c49eefb3123" testId="bc92df5a-849d-4b98-8ffb-f250e00f08ee" testName="TFSTests.TestManagement.TestExecution TestIteration_PostSave" computerName="TFSBUILD11" duration="00:00:00.0140000" startTime="2015-09-28T09:45:59.3146101-07:00" endTime="2015-09-28T09:45:59.3146101-07:00" testType="13cdc9d9-ddb5-4fa4-a97d-d965ccfc6d4b" outcome="Passed" testListId="8c84fa94-04c1-424b-9868-57a2d4851a1d" relativeResultsDirectory="6c277836-727f-4dc9-8581-2c49eefb3123" />
    <UnitTestResult executionId="90aade58-00ec-471d-b142-d7fa41be7c45" testId="eb2ace46-1967-48f6-b1a1-1337422c160b" testName="TFSTests.TestManagement.TestExecution TestIteration_PostLoad" computerName="TFSBUILD11" duration="00:00:00.0130000" startTime="2015-09-28T09:45:59.3146101-07:00" endTime="2015-09-28T09:45:59.3146101-07:00" testType="13cdc9d9-ddb5-4fa4-a97d-d965ccfc6d4b" outcome="Passed" testListId="8c84fa94-04c1-424b-9868-57a2d4851a1d" relativeResultsDirectory="90aade58-00ec-471d-b142-d7fa41be7c45" />
    <UnitTestResult executionId="c94ca672-1c57-4176-9a33-d209ec3679b4" testId="baf47d58-acdc-43ac-afca-fac9db6c4607" testName="TFSTests.TestManagement.TestExecution TestIterationCollection_GetIteration" computerName="TFSBUILD11" duration="00:00:00.0150000" startTime="2015-09-28T09:45:59.3146101-07:00" endTime="2015-09-28T09:45:59.3146101-07:00" testType="13cdc9d9-ddb5-4fa4-a97d-d965ccfc6d4b" outcome="Passed" testListId="8c84fa94-04c1-424b-9868-57a2d4851a1d" relativeResultsDirectory="c94ca672-1c57-4176-9a33-d209ec3679b4" />
    <UnitTestResult executionId="13ffb28b-20a2-4a8c-92d4-ed513880b002" testId="0d75790b-dec7-493b-b607-09e8be28c4f6" testName="TFSTests.TestManagement.TestExecution TestIterationCollection_RemoveIteration" computerName="TFSBUILD11" duration="00:00:00.0150000" startTime="2015-09-28T09:45:59.3146101-07:00" endTime="2015-09-28T09:45:59.3146101-07:00" testType="13cdc9d9-ddb5-4fa4-a97d-d965ccfc6d4b" outcome="Passed" testListId="8c84fa94-04c1-424b-9868-57a2d4851a1d" relativeResultsDirectory="13ffb28b-20a2-4a8c-92d4-ed513880b002" />
    <UnitTestResult executionId="3363fb8e-cb0f-4589-bf9e-cbe3190fb346" testId="a9f57252-b6b0-4c50-9241-c5bcc3652da3" testName="TFSTests.TestManagement.TestExecution TestIterationCollection_PreSave" computerName="TFSBUILD11" duration="00:00:00.0150000" startTime="2015-09-28T09:45:59.3146101-07:00" endTime="2015-09-28T09:45:59.3146101-07:00" testType="13cdc9d9-ddb5-4fa4-a97d-d965ccfc6d4b" outcome="Passed" testListId="8c84fa94-04c1-424b-9868-57a2d4851a1d" relativeResultsDirectory="3363fb8e-cb0f-4589-bf9e-cbe3190fb346" />
    <UnitTestResult executionId="ad21b580-ba49-4563-a7d9-6ea05af5cdd8" testId="acebb775-8552-4156-ba46-413ed6bf6dcf" testName="TFSTests.TestManagement.TestExecution TestIterationCollection_PreSaveWithDeletedIterations" computerName="TFSBUILD11" duration="00:00:00.0140000" startTime="2015-09-28T09:45:59.3146101-07:00" endTime="2015-09-28T09:45:59.3146101-07:00" testType="13cdc9d9-ddb5-4fa4-a97d-d965ccfc6d4b" outcome="Passed" testListId="8c84fa94-04c1-424b-9868-57a2d4851a1d" relativeResultsDirectory="ad21b580-ba49-4563-a7d9-6ea05af5cdd8" />
    <UnitTestResult executionId="0636f5f5-4d90-4ffd-9987-8d8789ff5044" testId="44fcd511-0cf3-4065-9e41-67616d7aa5c9" testName="TFSTests.TestManagement.TestExecution TestStep_SetActionAndExpectedResultTest" computerName="TFSBUILD11" duration="00:00:00.0150000" startTime="2015-09-28T09:45:59.3156105-07:00" endTime="2015-09-28T09:45:59.3156105-07:00" testType="13cdc9d9-ddb5-4fa4-a97d-d965ccfc6d4b" outcome="Passed" testListId="8c84fa94-04c1-424b-9868-57a2d4851a1d" relativeResultsDirectory="0636f5f5-4d90-4ffd-9987-8d8789ff5044" />
    <UnitTestResult executionId="566dcea2-e8f4-45c8-92f2-3838e1a2001b" testId="42c13c6a-d22f-4982-a2ea-703f1c8f6cbd" testName="TFSTests.TestManagement.TestExecution TestStep_HasErrorTest" computerName="TFSBUILD11" duration="00:00:00.0150000" startTime="2015-09-28T09:45:59.3156105-07:00" endTime="2015-09-28T09:45:59.3156105-07:00" testType="13cdc9d9-ddb5-4fa4-a97d-d965ccfc6d4b" outcome="Passed" testListId="8c84fa94-04c1-424b-9868-57a2d4851a1d" relativeResultsDirectory="566dcea2-e8f4-45c8-92f2-3838e1a2001b" />
    <UnitTestResult executionId="ab71a7cf-012f-46af-b5ce-22ee7598c68a" testId="ad2e61cd-3483-4b9d-894b-f05a76cbf0f5" testName="TFSTests.TestManagement.TestExecution TestCase_IsDirtyTest" computerName="TFSBUILD11" duration="00:00:00.0180000" startTime="2015-09-28T09:45:59.4928575-07:00" endTime="2015-09-28T09:45:59.4928575-07:00" testType="13cdc9d9-ddb5-4fa4-a97d-d965ccfc6d4b" outcome="Passed" testListId="8c84fa94-04c1-424b-9868-57a2d4851a1d" relativeResultsDirectory="ab71a7cf-012f-46af-b5ce-22ee7598c68a" />
    <UnitTestResult executionId="0ee99e02-b907-4d19-9fd5-2a75748b6e39" testId="79ee52b4-b765-4622-bbf2-69a4181a7dfa" testName="TFSTests.TestManagement.TestExecution TestCase_HasErrorTest" computerName="TFSBUILD11" duration="00:00:00.0180000" startTime="2015-09-28T09:45:59.4928575-07:00" endTime="2015-09-28T09:45:59.4928575-07:00" testType="13cdc9d9-ddb5-4fa4-a97d-d965ccfc6d4b" outcome="Passed" testListId="8c84fa94-04c1-424b-9868-57a2d4851a1d" relativeResultsDirectory="0ee99e02-b907-4d19-9fd5-2a75748b6e39" />
    <UnitTestResult executionId="06a894c1-943a-4b1e-8025-2a053559173b" testId="ab80f20b-549a-49c3-86b8-d3a3d010d374" testName="TFSTests.TestManagement.TestExecution TestCase_GetStepTest" computerName="TFSBUILD11" duration="00:00:00.0150000" startTime="2015-09-28T09:45:59.4938584-07:00" endTime="2015-09-28T09:45:59.4938584-07:00" testType="13cdc9d9-ddb5-4fa4-a97d-d965ccfc6d4b" outcome="Passed" testListId="8c84fa94-04c1-424b-9868-57a2d4851a1d" relativeResultsDirectory="06a894c1-943a-4b1e-8025-2a053559173b" />
    <UnitTestResult executionId="a93b6a53-7d6f-426a-9c91-04dec60c9714" testId="b5704d4d-ed13-4fd7-a69d-5a7dba7157be" testName="TFSTests.TestManagement.TestExecution SharedStep_GetStepTest" computerName="TFSBUILD11" duration="00:00:00.0140000" startTime="2015-09-28T09:45:59.4938584-07:00" endTime="2015-09-28T09:45:59.4938584-07:00" testType="13cdc9d9-ddb5-4fa4-a97d-d965ccfc6d4b" outcome="Passed" testListId="8c84fa94-04c1-424b-9868-57a2d4851a1d" relativeResultsDirectory="a93b6a53-7d6f-426a-9c91-04dec60c9714" />
    <UnitTestResult executionId="e7b1724e-f44c-4ac9-8100-06a4cfeed98a" testId="e37472d2-bd5f-41a2-8e97-ac8ffe269e4a" testName="TFSTests.TestManagement.TestExecution SharedSteps_IsDirtyTest" computerName="TFSBUILD11" duration="00:00:00.0140000" startTime="2015-09-28T09:45:59.4938584-07:00" endTime="2015-09-28T09:45:59.4938584-07:00" testType="13cdc9d9-ddb5-4fa4-a97d-d965ccfc6d4b" outcome="Passed" testListId="8c84fa94-04c1-424b-9868-57a2d4851a1d" relativeResultsDirectory="e7b1724e-f44c-4ac9-8100-06a4cfeed98a" />
    <UnitTestResult executionId="c6252075-c7a3-458b-9781-a0136fcf7103" testId="25022b5f-969d-4e2f-8ce1-183f0dd3a9da" testName="TFSTests.TestManagement.TestExecution SharedSteps_HasErrorTest" computerName="TFSBUILD11" duration="00:00:00.0140000" startTime="2015-09-28T09:45:59.4938584-07:00" endTime="2015-09-28T09:45:59.4938584-07:00" testType="13cdc9d9-ddb5-4fa4-a97d-d965ccfc6d4b" outcome="Passed" testListId="8c84fa94-04c1-424b-9868-57a2d4851a1d" relativeResultsDirectory="c6252075-c7a3-458b-9781-a0136fcf7103" />
    <UnitTestResult executionId="cf578ea9-84d0-4bfd-ba06-11ac50ffe098" testId="f44eef26-adf2-4f0b-a86f-63b1985f2726" testName="TFSTests.TestManagement.TestExecution HtmlUtils_wrapInDivTest" computerName="TFSBUILD11" duration="00:00:00.0140000" startTime="2015-09-28T09:45:59.4938584-07:00" endTime="2015-09-28T09:45:59.4938584-07:00" testType="13cdc9d9-ddb5-4fa4-a97d-d965ccfc6d4b" outcome="Passed" testListId="8c84fa94-04c1-424b-9868-57a2d4851a1d" relativeResultsDirectory="cf578ea9-84d0-4bfd-ba06-11ac50ffe098" />
    <UnitTestResult executionId="aa83e23b-199f-4c4f-8ea1-4c5a3da7f8f4" testId="e6c8e806-bfb1-459b-ba2d-5d6784a190a4" testName="TFSTests.TestManagement.ExportToHtmlTests VerifyExportAsHtmlPlanXml" computerName="TFSBUILD11" duration="00:00:00.0430000" startTime="2015-09-28T09:45:59.4938584-07:00" endTime="2015-09-28T09:45:59.4938584-07:00" testType="13cdc9d9-ddb5-4fa4-a97d-d965ccfc6d4b" outcome="Passed" testListId="8c84fa94-04c1-424b-9868-57a2d4851a1d" relativeResultsDirectory="aa83e23b-199f-4c4f-8ea1-4c5a3da7f8f4" />
    <UnitTestResult executionId="ce45a23d-eac3-44b0-9538-15011b32d6f5" testId="3613609a-f00c-440d-8b32-1f481da5c8f4" testName="TFSTests.TestManagement.ExportToHtmlTests VerifyExportAsHtmlSuiteXml" computerName="TFSBUILD11" duration="00:00:00.0260000" startTime="2015-09-28T09:45:59.4938584-07:00" endTime="2015-09-28T09:45:59.4938584-07:00" testType="13cdc9d9-ddb5-4fa4-a97d-d965ccfc6d4b" outcome="Passed" testListId="8c84fa94-04c1-424b-9868-57a2d4851a1d" relativeResultsDirectory="ce45a23d-eac3-44b0-9538-15011b32d6f5" />
    <UnitTestResult executionId="547a69a9-e9bc-4499-948b-8622241512b6" testId="29b1812d-25ff-4b30-a2d9-eb515db9b422" testName="TFSTests.TestManagement.ExportToHtmlTests VerifyExportAsHtmlSuiteXmlForDuplicateSuiteNames" computerName="TFSBUILD11" duration="00:00:00.0270000" startTime="2015-09-28T09:45:59.9188187-07:00" endTime="2015-09-28T09:45:59.9188187-07:00" testType="13cdc9d9-ddb5-4fa4-a97d-d965ccfc6d4b" outcome="Passed" testListId="8c84fa94-04c1-424b-9868-57a2d4851a1d" relativeResultsDirectory="547a69a9-e9bc-4499-948b-8622241512b6" />
    <UnitTestResult executionId="1a825d20-7395-4152-a5d2-41eb5a28f600" testId="11530a61-c832-4c92-a45d-fea7ff1d852b" testName="TFSTests.TestManagement.ExportToHtmlTests VerifyExportAsHtmlTestCaseWithStepsXml" computerName="TFSBUILD11" duration="00:00:00.0630000" startTime="2015-09-28T09:45:59.9188187-07:00" endTime="2015-09-28T09:45:59.9188187-07:00" testType="13cdc9d9-ddb5-4fa4-a97d-d965ccfc6d4b" outcome="Passed" testListId="8c84fa94-04c1-424b-9868-57a2d4851a1d" relativeResultsDirectory="1a825d20-7395-4152-a5d2-41eb5a28f600" />
    <UnitTestResult executionId="b70da01c-be1a-4c5c-b717-77773f1491c6" testId="d88a7ac2-63fb-4c81-b486-ab0c4856b19e" testName="TFSTests.TestManagement.ExportToHtmlTests VerifyExportAsHtmlTestCaseWithLatestTestOutcomeWithMultipleTestPointsInSameTestCase" computerName="TFSBUILD11" duration="00:00:00.0600000" startTime="2015-09-28T09:45:59.9188187-07:00" endTime="2015-09-28T09:45:59.9188187-07:00" testType="13cdc9d9-ddb5-4fa4-a97d-d965ccfc6d4b" outcome="Passed" testListId="8c84fa94-04c1-424b-9868-57a2d4851a1d" relativeResultsDirectory="b70da01c-be1a-4c5c-b717-77773f1491c6" />
    <UnitTestResult executionId="cfda375f-9884-47ce-a4d0-712d721f4295" testId="52b7e93a-04b5-4a3b-8a94-4a4153813d6c" testName="TFSTests.TestManagement.ExportToHtmlTests VerifyExportAsHtmlTestCaseWithLatestTestOutcomeWithMultipleTestPointsInDifferentTestCase" computerName="TFSBUILD11" duration="00:00:00.0610000" startTime="2015-09-28T09:45:59.9188187-07:00" endTime="2015-09-28T09:45:59.9188187-07:00" testType="13cdc9d9-ddb5-4fa4-a97d-d965ccfc6d4b" outcome="Passed" testListId="8c84fa94-04c1-424b-9868-57a2d4851a1d" relativeResultsDirectory="cfda375f-9884-47ce-a4d0-712d721f4295" />
    <UnitTestResult executionId="97b2a7c5-7704-4125-b015-1631d12b8c52" testId="097d04f9-5863-4f5b-9e17-fa91b1b66254" testName="TFSTests.TestManagement.ExportToHtmlTests VerifyExportAsHtmlTestCaseWithLatestTestOutcomeWithNoTestPoints" computerName="TFSBUILD11" duration="00:00:00.0340000" startTime="2015-09-28T09:45:59.9188187-07:00" endTime="2015-09-28T09:45:59.9188187-07:00" testType="13cdc9d9-ddb5-4fa4-a97d-d965ccfc6d4b" outcome="Passed" testListId="8c84fa94-04c1-424b-9868-57a2d4851a1d" relativeResultsDirectory="97b2a7c5-7704-4125-b015-1631d12b8c52" />
    <UnitTestResult executionId="0ebdb3bf-35d0-4d7f-9646-fe0329f85514" testId="ef19249c-2256-4f97-aadc-5b2e567f6707" testName="TFSTests.TestManagement.ExportToHtmlTests VerifyExportAsHtmlTestCaseWithSharedStepXml" computerName="TFSBUILD11" duration="00:00:00.0490000" startTime="2015-09-28T09:45:59.9188187-07:00" endTime="2015-09-28T09:45:59.9188187-07:00" testType="13cdc9d9-ddb5-4fa4-a97d-d965ccfc6d4b" outcome="Passed" testListId="8c84fa94-04c1-424b-9868-57a2d4851a1d" relativeResultsDirectory="0ebdb3bf-35d0-4d7f-9646-fe0329f85514" />
    <UnitTestResult executionId="cc164c2c-2155-4c8e-b76c-2de399164e04" testId="2c774329-a1e1-4662-b775-9e09bdd05ae3" testName="TFSTests.TestManagement.ExportToHtmlTests VerifyExportAsHtmlTestCaseWithParamsXml" computerName="TFSBUILD11" duration="00:00:00.0360000" startTime="2015-09-28T09:45:59.9188187-07:00" endTime="2015-09-28T09:45:59.9188187-07:00" testType="13cdc9d9-ddb5-4fa4-a97d-d965ccfc6d4b" outcome="Passed" testListId="8c84fa94-04c1-424b-9868-57a2d4851a1d" relativeResultsDirectory="cc164c2c-2155-4c8e-b76c-2de399164e04" />
    <UnitTestResult executionId="886389b2-9dac-4651-8ab4-91c6bc92eb9e" testId="8bb1bc08-32a2-4464-94e8-d5ad73d11f62" testName="TFSTests.TestManagement.ExportToHtmlTests VerifyExportAsHtmlTestCaseAutomationDataXml" computerName="TFSBUILD11" duration="00:00:00.0330000" startTime="2015-09-28T09:45:59.9188187-07:00" endTime="2015-09-28T09:45:59.9188187-07:00" testType="13cdc9d9-ddb5-4fa4-a97d-d965ccfc6d4b" outcome="Passed" testListId="8c84fa94-04c1-424b-9868-57a2d4851a1d" relativeResultsDirectory="886389b2-9dac-4651-8ab4-91c6bc92eb9e" />
    <UnitTestResult executionId="15729d6a-665f-4a66-9e1a-531193fb055b" testId="aa77ead3-5768-4706-a140-f87457d8b838" testName="TFSTests.TestManagement.ExportToHtmlTests VerifyExportAsHtmlNoParametersXml" computerName="TFSBUILD11" duration="00:00:00.0580000" startTime="2015-09-28T09:45:59.9188187-07:00" endTime="2015-09-28T09:45:59.9188187-07:00" testType="13cdc9d9-ddb5-4fa4-a97d-d965ccfc6d4b" outcome="Passed" testListId="8c84fa94-04c1-424b-9868-57a2d4851a1d" relativeResultsDirectory="15729d6a-665f-4a66-9e1a-531193fb055b" />
    <UnitTestResult executionId="3b3e33e0-cad4-4699-8f55-78c7720c0000" testId="5ebad6ac-36ae-4cae-bc39-66683d75b6b4" testName="TFSTests.TestManagement.ExportToHtmlTests VerifyExportAsHtmlSharedParametersXml" computerName="TFSBUILD11" duration="00:00:00.0450000" startTime="2015-09-28T09:46:00.3642888-07:00" endTime="2015-09-28T09:46:00.3642888-07:00" testType="13cdc9d9-ddb5-4fa4-a97d-d965ccfc6d4b" outcome="Passed" testListId="8c84fa94-04c1-424b-9868-57a2d4851a1d" relativeResultsDirectory="3b3e33e0-cad4-4699-8f55-78c7720c0000" />
    <UnitTestResult executionId="0790e4c4-bf34-4e85-96b3-bda0877aa004" testId="607665f5-7d21-4f7e-8c10-99b636a163bf" testName="TFSTests.TestManagement.ExportToHtmlTests VerifyExportAsHtmlRunSettingsXml" computerName="TFSBUILD11" duration="00:00:00.0270000" startTime="2015-09-28T09:46:00.3642888-07:00" endTime="2015-09-28T09:46:00.3642888-07:00" testType="13cdc9d9-ddb5-4fa4-a97d-d965ccfc6d4b" outcome="Passed" testListId="8c84fa94-04c1-424b-9868-57a2d4851a1d" relativeResultsDirectory="0790e4c4-bf34-4e85-96b3-bda0877aa004" />
    <UnitTestResult executionId="21767668-7c71-4aa5-8584-cbeb291b6691" testId="407a5679-04fb-4e8a-9bd2-c13a72d39530" testName="TFSTests.TestManagement.ExportToHtmlTests ValidateMethodAddTestStepAttachmentsMetadata" computerName="TFSBUILD11" duration="00:00:00.0270000" startTime="2015-09-28T09:46:00.3642888-07:00" endTime="2015-09-28T09:46:00.3642888-07:00" testType="13cdc9d9-ddb5-4fa4-a97d-d965ccfc6d4b" outcome="Passed" testListId="8c84fa94-04c1-424b-9868-57a2d4851a1d" relativeResultsDirectory="21767668-7c71-4aa5-8584-cbeb291b6691" />
    <UnitTestResult executionId="253dc62d-09d6-4165-a9b5-66e0db67e062" testId="7060934f-bacc-42dc-9b22-4a29473b1d28" testName="TFSTests.TestManagement.ResultsView.Iterations IterationsView.Validate.NumberOfIterationsSections" computerName="TFSBUILD11" duration="00:00:00.0910000" startTime="2015-09-28T09:46:00.3642888-07:00" endTime="2015-09-28T09:46:00.3642888-07:00" testType="13cdc9d9-ddb5-4fa4-a97d-d965ccfc6d4b" outcome="Passed" testListId="8c84fa94-04c1-424b-9868-57a2d4851a1d" relativeResultsDirectory="253dc62d-09d6-4165-a9b5-66e0db67e062" />
    <UnitTestResult executionId="2b0170ff-733c-4e9a-83b2-ff6713036bae" testId="22628718-56a9-4695-b147-ac53f20971eb" testName="TFSTests.TestManagement.ResultsView.Iterations IterationsView.Validate.IterationsHaveCollapsedIconByDefault" computerName="TFSBUILD11" duration="00:00:00.0550000" startTime="2015-09-28T09:46:00.3642888-07:00" endTime="2015-09-28T09:46:00.3642888-07:00" testType="13cdc9d9-ddb5-4fa4-a97d-d965ccfc6d4b" outcome="Passed" testListId="8c84fa94-04c1-424b-9868-57a2d4851a1d" relativeResultsDirectory="2b0170ff-733c-4e9a-83b2-ff6713036bae" />
    <UnitTestResult executionId="0568eb98-b515-4d33-b60e-186ce293b864" testId="af307ca4-f2dd-4da7-a3c8-4026b30bb508" testName="TFSTests.TestManagement.ResultsView.Iterations IterationsView.Validate.IterationsAreCollapsedByDefault" computerName="TFSBUILD11" duration="00:00:00.0520000" startTime="2015-09-28T09:46:00.3642888-07:00" endTime="2015-09-28T09:46:00.3642888-07:00" testType="13cdc9d9-ddb5-4fa4-a97d-d965ccfc6d4b" outcome="Passed" testListId="8c84fa94-04c1-424b-9868-57a2d4851a1d" relativeResultsDirectory="0568eb98-b515-4d33-b60e-186ce293b864" />
    <UnitTestResult executionId="52bd316b-af7d-4a0c-a26d-4fe1dfd9a8ef" testId="1862e713-5e50-47bc-b37b-bc0af1e309cb" testName="TFSTests.TestManagement.ResultsView.Iterations IterationsView.Validate.ParametersForStepResult" computerName="TFSBUILD11" duration="00:00:00.0450000" startTime="2015-09-28T09:46:00.3652889-07:00" endTime="2015-09-28T09:46:00.3652889-07:00" testType="13cdc9d9-ddb5-4fa4-a97d-d965ccfc6d4b" outcome="Passed" testListId="8c84fa94-04c1-424b-9868-57a2d4851a1d" relativeResultsDirectory="52bd316b-af7d-4a0c-a26d-4fe1dfd9a8ef" />
    <UnitTestResult executionId="ac4aeb4e-d022-4dd0-962b-cfdc28a5c8e6" testId="2ae604c0-e29c-4328-87b5-22c429499875" testName="TFSTests.TestManagement.ResultsView.Iterations IterationsView.Validate.ExpectedResultForStepResult" computerName="TFSBUILD11" duration="00:00:00.0430000" startTime="2015-09-28T09:46:00.3652889-07:00" endTime="2015-09-28T09:46:00.3652889-07:00" testType="13cdc9d9-ddb5-4fa4-a97d-d965ccfc6d4b" outcome="Passed" testListId="8c84fa94-04c1-424b-9868-57a2d4851a1d" relativeResultsDirectory="ac4aeb4e-d022-4dd0-962b-cfdc28a5c8e6" />
    <UnitTestResult executionId="bfd1d6e2-78cd-4393-a2f6-634e95d279eb" testId="1733b3eb-23df-48ec-83cd-aa32866f2cf3" testName="TFSTests.TestManagement.ResultsView.Iterations IterationsView.Validate.NonEmptytestResultComment" computerName="TFSBUILD11" duration="00:00:00.0520000" startTime="2015-09-28T09:46:00.3652889-07:00" endTime="2015-09-28T09:46:00.3652889-07:00" testType="13cdc9d9-ddb5-4fa4-a97d-d965ccfc6d4b" outcome="Passed" testListId="8c84fa94-04c1-424b-9868-57a2d4851a1d" relativeResultsDirectory="bfd1d6e2-78cd-4393-a2f6-634e95d279eb" />
    <UnitTestResult executionId="6a8326be-2fdf-4170-8af3-d21598ba2548" testId="8c362009-8676-4f5a-809a-4d330c1ef181" testName="TFSTests.TestManagement.ResultsView.Iterations IterationsView.Validate.EmptyTestStepResultExpectedResult" computerName="TFSBUILD11" duration="00:00:00.0630000" startTime="2015-09-28T09:46:00.7985079-07:00" endTime="2015-09-28T09:46:00.7985079-07:00" testType="13cdc9d9-ddb5-4fa4-a97d-d965ccfc6d4b" outcome="Passed" testListId="8c84fa94-04c1-424b-9868-57a2d4851a1d" relativeResultsDirectory="6a8326be-2fdf-4170-8af3-d21598ba2548" />
    <UnitTestResult executionId="a7885436-9abe-4fbf-b27e-bd9a7b3fbd00" testId="e76f5e34-8fed-4b22-a6f3-c9c655912fe0" testName="TFSTests.TestManagement.ResultsView.Iterations IterationsView.Validate.EmptyTestStepComment" computerName="TFSBUILD11" duration="00:00:00.0530000" startTime="2015-09-28T09:46:00.7985079-07:00" endTime="2015-09-28T09:46:00.7985079-07:00" testType="13cdc9d9-ddb5-4fa4-a97d-d965ccfc6d4b" outcome="Passed" testListId="8c84fa94-04c1-424b-9868-57a2d4851a1d" relativeResultsDirectory="a7885436-9abe-4fbf-b27e-bd9a7b3fbd00" />
    <UnitTestResult executionId="abd717e8-9e8e-40ac-bf9a-ed8c69e6bb68" testId="fad5918a-a19c-4749-a97e-e89f6dad692c" testName="TFSTests.TestManagement.ResultsView.Iterations IterationsView.Validate.EmptyTestStepParameters" computerName="TFSBUILD11" duration="00:00:00.0510000" startTime="2015-09-28T09:46:00.7985079-07:00" endTime="2015-09-28T09:46:00.7985079-07:00" testType="13cdc9d9-ddb5-4fa4-a97d-d965ccfc6d4b" outcome="Passed" testListId="8c84fa94-04c1-424b-9868-57a2d4851a1d" relativeResultsDirectory="abd717e8-9e8e-40ac-bf9a-ed8c69e6bb68" />
    <UnitTestResult executionId="a4c40545-3f23-4e76-aab7-ad2610ef0520" testId="538cc54c-ab94-4a28-aa3e-af069e30e944" testName="TFSTests.TestManagement.ResultsView.Iterations IterationsView.Validate.MissingOutcomeIconForIteration" computerName="TFSBUILD11" duration="00:00:00.0500000" startTime="2015-09-28T09:46:00.7985079-07:00" endTime="2015-09-28T09:46:00.7985079-07:00" testType="13cdc9d9-ddb5-4fa4-a97d-d965ccfc6d4b" outcome="Passed" testListId="8c84fa94-04c1-424b-9868-57a2d4851a1d" relativeResultsDirectory="a4c40545-3f23-4e76-aab7-ad2610ef0520" />
    <UnitTestResult executionId="afef0fd5-058d-480a-8f0a-d69d75cf498a" testId="6b1a8dc9-6ca7-4dac-a4be-5b3ac7a3a2c3" testName="TFSTests.TestManagement.ResultsView.Iterations IterationsView.Validate.WrongOutcomeIconForIteration" computerName="TFSBUILD11" duration="00:00:00.0500000" startTime="2015-09-28T09:46:00.7985079-07:00" endTime="2015-09-28T09:46:00.7985079-07:00" testType="13cdc9d9-ddb5-4fa4-a97d-d965ccfc6d4b" outcome="Passed" testListId="8c84fa94-04c1-424b-9868-57a2d4851a1d" relativeResultsDirectory="afef0fd5-058d-480a-8f0a-d69d75cf498a" />
    <UnitTestResult executionId="3d46d9fe-6300-4547-bd25-1834a492a125" testId="422e223d-3915-4104-8969-07765d8a400a" testName="TFSTests.TestManagement.ResultsView.Iterations IterationsView.Validate.IterationTitleString" computerName="TFSBUILD11" duration="00:00:00.0390000" startTime="2015-09-28T09:46:00.8071752-07:00" endTime="2015-09-28T09:46:00.8071752-07:00" testType="13cdc9d9-ddb5-4fa4-a97d-d965ccfc6d4b" outcome="Passed" testListId="8c84fa94-04c1-424b-9868-57a2d4851a1d" relativeResultsDirectory="3d46d9fe-6300-4547-bd25-1834a492a125" />
    <UnitTestResult executionId="bdcfde9e-8a4f-47a2-b58a-4421abee95a4" testId="c3933f47-e627-416d-87ff-6f5b025764ae" testName="TFSTests.TestManagement.ResultsView.Iterations IterationsView.Validate.TestStepHeaderInIterationContainer" computerName="TFSBUILD11" duration="00:00:00.0370000" startTime="2015-09-28T09:46:00.8081759-07:00" endTime="2015-09-28T09:46:00.8081759-07:00" testType="13cdc9d9-ddb5-4fa4-a97d-d965ccfc6d4b" outcome="Passed" testListId="8c84fa94-04c1-424b-9868-57a2d4851a1d" relativeResultsDirectory="bdcfde9e-8a4f-47a2-b58a-4421abee95a4" />
    <UnitTestResult executionId="6219d7d4-4e6c-4ac0-aee4-59e869cdb284" testId="c86448d4-2f0c-4b8c-906e-8e635b27a667" testName="TFSTests.TestManagement.ResultsView.Iterations IterationsView.Validate.TestStepTitleString" computerName="TFSBUILD11" duration="00:00:00.0480000" startTime="2015-09-28T09:46:00.8081759-07:00" endTime="2015-09-28T09:46:00.8081759-07:00" testType="13cdc9d9-ddb5-4fa4-a97d-d965ccfc6d4b" outcome="Passed" testListId="8c84fa94-04c1-424b-9868-57a2d4851a1d" relativeResultsDirectory="6219d7d4-4e6c-4ac0-aee4-59e869cdb284" />
    <UnitTestResult executionId="62ac2a6f-0a26-4032-a094-eb7d83564c4a" testId="0551c84f-7854-4d14-98d2-23e792ff73b3" testName="TFSTests.TestManagement.ResultsView.Iterations IterationsView.Validate.NumberOfTestStepResultSectionsInDOM" computerName="TFSBUILD11" duration="00:00:00.0510000" startTime="2015-09-28T09:46:00.8081759-07:00" endTime="2015-09-28T09:46:00.8081759-07:00" testType="13cdc9d9-ddb5-4fa4-a97d-d965ccfc6d4b" outcome="Passed" testListId="8c84fa94-04c1-424b-9868-57a2d4851a1d" relativeResultsDirectory="62ac2a6f-0a26-4032-a094-eb7d83564c4a" />
    <UnitTestResult executionId="684568b4-9697-4c2a-9ed6-648e5adcf0b0" testId="c8bcba91-4f59-4031-a617-e7f0006c9ab5" testName="TFSTests.TestManagement.ResultsView.Iterations IterationsView.Validate.IterationStartTimeDurationFormat" computerName="TFSBUILD11" duration="00:00:00.0450000" startTime="2015-09-28T09:46:01.1776388-07:00" endTime="2015-09-28T09:46:01.1776388-07:00" testType="13cdc9d9-ddb5-4fa4-a97d-d965ccfc6d4b" outcome="Passed" testListId="8c84fa94-04c1-424b-9868-57a2d4851a1d" relativeResultsDirectory="684568b4-9697-4c2a-9ed6-648e5adcf0b0" />
    <UnitTestResult executionId="63885043-4e9b-4964-b6c0-c9ae7efb2394" testId="b2ee3fd4-0a7e-415a-9413-b0c9c6c42201" testName="TFSTests.TestManagement.ResultsView.Iterations IterationsView.Validate.SharedTestStepResultDOM" computerName="TFSBUILD11" duration="00:00:00.0420000" startTime="2015-09-28T09:46:01.1776388-07:00" endTime="2015-09-28T09:46:01.1776388-07:00" testType="13cdc9d9-ddb5-4fa4-a97d-d965ccfc6d4b" outcome="Passed" testListId="8c84fa94-04c1-424b-9868-57a2d4851a1d" relativeResultsDirectory="63885043-4e9b-4964-b6c0-c9ae7efb2394" />
    <UnitTestResult executionId="f58e4244-8542-4d24-a77e-8011b27a4a23" testId="92664af5-1532-41e7-8446-682eb63ac2ae" testName="TFSTests.TestManagement.ResultsView.Iterations IterationsView.Validate.SharedStepResultSubSteps" computerName="TFSBUILD11" duration="00:00:00.0400000" startTime="2015-09-28T09:46:01.1776388-07:00" endTime="2015-09-28T09:46:01.1776388-07:00" testType="13cdc9d9-ddb5-4fa4-a97d-d965ccfc6d4b" outcome="Passed" testListId="8c84fa94-04c1-424b-9868-57a2d4851a1d" relativeResultsDirectory="f58e4244-8542-4d24-a77e-8011b27a4a23" />
    <UnitTestResult executionId="f9557722-3699-4887-91c9-4e5457e3c740" testId="e65c0178-07f9-4813-accf-3e2ee857b496" testName="TFSTests.TestManagement.ResultsView.Iterations IterationsView.Validate.TestStepResultIcon" computerName="TFSBUILD11" duration="00:00:00.0360000" startTime="2015-09-28T09:46:01.1776388-07:00" endTime="2015-09-28T09:46:01.1776388-07:00" testType="13cdc9d9-ddb5-4fa4-a97d-d965ccfc6d4b" outcome="Passed" testListId="8c84fa94-04c1-424b-9868-57a2d4851a1d" relativeResultsDirectory="f9557722-3699-4887-91c9-4e5457e3c740" />
    <UnitTestResult executionId="71dfd780-1506-4bd0-a51f-e8f7df0ecd5f" testId="557b8178-77f2-4f11-a6b8-07a8873cdc53" testName="TFSTests.TestManagement.ResultsView.Iterations IterationsView.Validate.TestStepResultIndexString" computerName="TFSBUILD11" duration="00:00:00.0440000" startTime="2015-09-28T09:46:01.1776388-07:00" endTime="2015-09-28T09:46:01.1776388-07:00" testType="13cdc9d9-ddb5-4fa4-a97d-d965ccfc6d4b" outcome="Passed" testListId="8c84fa94-04c1-424b-9868-57a2d4851a1d" relativeResultsDirectory="71dfd780-1506-4bd0-a51f-e8f7df0ecd5f" />
    <UnitTestResult executionId="49abe40f-e64f-49c2-a5de-722c400bf0ea" testId="e3636bc3-e32a-4c91-b0ae-fbb067abce6d" testName="TFSTests.TestManagement.ResultsView.Iterations IterationsView.Validate.TestStepResultTitle" computerName="TFSBUILD11" duration="00:00:00.0440000" startTime="2015-09-28T09:46:01.1776388-07:00" endTime="2015-09-28T09:46:01.1776388-07:00" testType="13cdc9d9-ddb5-4fa4-a97d-d965ccfc6d4b" outcome="Passed" testListId="8c84fa94-04c1-424b-9868-57a2d4851a1d" relativeResultsDirectory="49abe40f-e64f-49c2-a5de-722c400bf0ea" />
    <UnitTestResult executionId="4192280d-2833-4d8d-b3cd-8cfa75cafe09" testId="dfbc0906-a642-4b59-9ca7-f4dba812e476" testName="TFSTests.TestManagement.ResultsView.Iterations IterationsView.Validate.IterationCommentForIterationWithComment" computerName="TFSBUILD11" duration="00:00:00.0420000" startTime="2015-09-28T09:46:01.1776388-07:00" endTime="2015-09-28T09:46:01.1776388-07:00" testType="13cdc9d9-ddb5-4fa4-a97d-d965ccfc6d4b" outcome="Passed" testListId="8c84fa94-04c1-424b-9868-57a2d4851a1d" relativeResultsDirectory="4192280d-2833-4d8d-b3cd-8cfa75cafe09" />
    <UnitTestResult executionId="f52d19b5-d336-417a-bc28-9e88c5f109b2" testId="8255a108-5fa9-4faf-86ff-a5009e956b0f" testName="TFSTests.TestManagement.ResultsView.Iterations IterationsView.Validate.IterationCommentForIterationWithNoComment" computerName="TFSBUILD11" duration="00:00:00.0410000" startTime="2015-09-28T09:46:01.1776388-07:00" endTime="2015-09-28T09:46:01.1776388-07:00" testType="13cdc9d9-ddb5-4fa4-a97d-d965ccfc6d4b" outcome="Passed" testListId="8c84fa94-04c1-424b-9868-57a2d4851a1d" relativeResultsDirectory="f52d19b5-d336-417a-bc28-9e88c5f109b2" />
    <UnitTestResult executionId="1b6c676e-3739-4e3a-b048-4fa0e9443b7f" testId="d4bf95f1-4c9b-49f6-8871-2349eb404680" testName="TFSTests.TestManagement.ResultsView.Iterations IterationsView.Validate.AttachmentsForIteration" computerName="TFSBUILD11" duration="00:00:00.0420000" startTime="2015-09-28T09:46:01.1776388-07:00" endTime="2015-09-28T09:46:01.1776388-07:00" testType="13cdc9d9-ddb5-4fa4-a97d-d965ccfc6d4b" outcome="Passed" testListId="8c84fa94-04c1-424b-9868-57a2d4851a1d" relativeResultsDirectory="1b6c676e-3739-4e3a-b048-4fa0e9443b7f" />
    <UnitTestResult executionId="1d6d7a87-d959-427f-b687-132b285d78dc" testId="b96bf6bc-560e-4052-9ae6-bf28994622a5" testName="TFSTests.TestManagement.ResultsView.Iterations IterationsView.Validate.AttachmentsForTestStepResult" computerName="TFSBUILD11" duration="00:00:00.0410000" startTime="2015-09-28T09:46:01.5752357-07:00" endTime="2015-09-28T09:46:01.5752357-07:00" testType="13cdc9d9-ddb5-4fa4-a97d-d965ccfc6d4b" outcome="Passed" testListId="8c84fa94-04c1-424b-9868-57a2d4851a1d" relativeResultsDirectory="1d6d7a87-d959-427f-b687-132b285d78dc" />
    <UnitTestResult executionId="ad57cdf5-da5f-49d9-b8ec-4a99dabe8d53" testId="68c5ded2-3778-463f-819c-da12dac528aa" testName="TFSTests.TestManagement.ResultsView.Iterations IterationsView.Validate.NoAttachmentsForIteration" computerName="TFSBUILD11" duration="00:00:00.0420000" startTime="2015-09-28T09:46:01.5752357-07:00" endTime="2015-09-28T09:46:01.5752357-07:00" testType="13cdc9d9-ddb5-4fa4-a97d-d965ccfc6d4b" outcome="Passed" testListId="8c84fa94-04c1-424b-9868-57a2d4851a1d" relativeResultsDirectory="ad57cdf5-da5f-49d9-b8ec-4a99dabe8d53" />
    <UnitTestResult executionId="92d97401-544c-4bcd-a184-67f66edf2fd5" testId="462b35bb-ed55-41f4-aaa8-e648d3b5671a" testName="TFSTests.TestManagement.ResultsView.Iterations IterationsView.Validate.SingleAccordionForChevronIconChange" computerName="TFSBUILD11" duration="00:00:00.0460000" startTime="2015-09-28T09:46:01.5752357-07:00" endTime="2015-09-28T09:46:01.5752357-07:00" testType="13cdc9d9-ddb5-4fa4-a97d-d965ccfc6d4b" outcome="Passed" testListId="8c84fa94-04c1-424b-9868-57a2d4851a1d" relativeResultsDirectory="92d97401-544c-4bcd-a184-67f66edf2fd5" />
    <UnitTestResult executionId="dd3cfd8f-e851-475d-9be4-86a67bb060cc" testId="1dfe1568-5f1a-4103-bc81-2cbae2988168" testName="TFSTests.TestManagement.ResultsView.Iterations IterationsView.Validate.MultipleAccordionForChevronIconChange" computerName="TFSBUILD11" duration="00:00:00.0480000" startTime="2015-09-28T09:46:01.5752357-07:00" endTime="2015-09-28T09:46:01.5752357-07:00" testType="13cdc9d9-ddb5-4fa4-a97d-d965ccfc6d4b" outcome="Passed" testListId="8c84fa94-04c1-424b-9868-57a2d4851a1d" relativeResultsDirectory="dd3cfd8f-e851-475d-9be4-86a67bb060cc" />
    <UnitTestResult executionId="6d470ae7-4bb0-4dca-ae92-7040c498f433" testId="919d35f2-006d-4ea8-934f-e4d79d028abf" testName="TFSTests.TestManagement.ResultsView.Iterations IterationsView.Validate.SingleAccordionForOpenClose" computerName="TFSBUILD11" duration="00:00:00.0390000" startTime="2015-09-28T09:46:01.5752357-07:00" endTime="2015-09-28T09:46:01.5752357-07:00" testType="13cdc9d9-ddb5-4fa4-a97d-d965ccfc6d4b" outcome="Passed" testListId="8c84fa94-04c1-424b-9868-57a2d4851a1d" relativeResultsDirectory="6d470ae7-4bb0-4dca-ae92-7040c498f433" />
    <UnitTestResult executionId="f88e0299-c853-43a7-873b-631062136113" testId="3b52fee8-6940-4e3a-a775-a62b079777d1" testName="TFSTests.TestManagement.ResultsView.Iterations IterationsView.Validate.OpenCloseAccordionsIndividually" computerName="TFSBUILD11" duration="00:00:00.0500000" startTime="2015-09-28T09:46:01.5752357-07:00" endTime="2015-09-28T09:46:01.5752357-07:00" testType="13cdc9d9-ddb5-4fa4-a97d-d965ccfc6d4b" outcome="Passed" testListId="8c84fa94-04c1-424b-9868-57a2d4851a1d" relativeResultsDirectory="f88e0299-c853-43a7-873b-631062136113" />
    <UnitTestResult executionId="2a4f483f-542e-4c3e-ae6d-768a7e0234b3" testId="e1773e1a-0854-4207-ab05-6ad29d5a259a" testName="TFSTests.TestManagement.ResultsView.Iterations IterationsView.Validate.ExpandAllAccordionsWhenAllAccordionsAreCollapsed" computerName="TFSBUILD11" duration="00:00:00.0480000" startTime="2015-09-28T09:46:01.5752357-07:00" endTime="2015-09-28T09:46:01.5752357-07:00" testType="13cdc9d9-ddb5-4fa4-a97d-d965ccfc6d4b" outcome="Passed" testListId="8c84fa94-04c1-424b-9868-57a2d4851a1d" relativeResultsDirectory="2a4f483f-542e-4c3e-ae6d-768a7e0234b3" />
    <UnitTestResult executionId="e1b02d7c-9d08-4688-8533-5a67e8262fb4" testId="21d7ea35-168d-4420-8298-d1dbcfbca235" testName="TFSTests.TestManagement.ResultsView.Iterations IterationsView.Validate.ExpandAllAccordionsWhenSomeAccordionsAreExpandedAndSomeCollapsed" computerName="TFSBUILD11" duration="00:00:00.0430000" startTime="2015-09-28T09:46:01.5752357-07:00" endTime="2015-09-28T09:46:01.5752357-07:00" testType="13cdc9d9-ddb5-4fa4-a97d-d965ccfc6d4b" outcome="Passed" testListId="8c84fa94-04c1-424b-9868-57a2d4851a1d" relativeResultsDirectory="e1b02d7c-9d08-4688-8533-5a67e8262fb4" />
    <UnitTestResult executionId="8bcd22f4-86bc-43db-80d5-dd6f342092dc" testId="b09b91fb-7851-45e7-8599-c6dfa47d89cf" testName="TFSTests.TestManagement.ResultsView.Iterations IterationsView.Validate.CollapseAllAccordionsWhenAllAccordionsAreExpanded" computerName="TFSBUILD11" duration="00:00:00.0370000" startTime="2015-09-28T09:46:01.5752357-07:00" endTime="2015-09-28T09:46:01.5752357-07:00" testType="13cdc9d9-ddb5-4fa4-a97d-d965ccfc6d4b" outcome="Passed" testListId="8c84fa94-04c1-424b-9868-57a2d4851a1d" relativeResultsDirectory="8bcd22f4-86bc-43db-80d5-dd6f342092dc" />
    <UnitTestResult executionId="4caba9cb-1ed4-49e7-9be1-2cac44950a0f" testId="42f97c9d-5c33-43c6-ba33-69952164c877" testName="TFSTests.TestManagement.ResultsView.Iterations IterationsView.Validate.CollapseAllAccordionsWhenSomeAccordionsAreExpandedAndSomeCollapsed" computerName="TFSBUILD11" duration="00:00:00.0430000" startTime="2015-09-28T09:46:01.7940495-07:00" endTime="2015-09-28T09:46:01.7940495-07:00" testType="13cdc9d9-ddb5-4fa4-a97d-d965ccfc6d4b" outcome="Passed" testListId="8c84fa94-04c1-424b-9868-57a2d4851a1d" relativeResultsDirectory="4caba9cb-1ed4-49e7-9be1-2cac44950a0f" />
    <UnitTestResult executionId="58645095-5195-4022-8235-5495e0392294" testId="cc092792-83a3-4b78-b26d-a69922797c44" testName="TFSTests.TestManagement.ResultsView.Iterations IterationsView.Validate.ExpandAllControl" computerName="TFSBUILD11" duration="00:00:00.0500000" startTime="2015-09-28T09:46:01.7940495-07:00" endTime="2015-09-28T09:46:01.7940495-07:00" testType="13cdc9d9-ddb5-4fa4-a97d-d965ccfc6d4b" outcome="Passed" testListId="8c84fa94-04c1-424b-9868-57a2d4851a1d" relativeResultsDirectory="58645095-5195-4022-8235-5495e0392294" />
    <UnitTestResult executionId="6969bbc2-e89c-47f7-9818-f785b6766310" testId="9ef6c70e-981d-44bd-9d68-4235e50355eb" testName="TFSTests.TestManagement.RetentionSettings Retention settings view model constructor test" computerName="TFSBUILD11" duration="00:00:00.0330000" startTime="2015-09-28T09:46:01.7940495-07:00" endTime="2015-09-28T09:46:01.7940495-07:00" testType="13cdc9d9-ddb5-4fa4-a97d-d965ccfc6d4b" outcome="Passed" testListId="8c84fa94-04c1-424b-9868-57a2d4851a1d" relativeResultsDirectory="6969bbc2-e89c-47f7-9818-f785b6766310" />
    <UnitTestResult executionId="7f20f863-b55b-4d47-9aad-bbb6bb0dc828" testId="c9aced6f-c370-46b0-83d7-989e110e860c" testName="TFSTests.TestManagement.RetentionSettings Retention settings validation test for id: 1 value: 30" computerName="TFSBUILD11" duration="00:00:00.0160000" startTime="2015-09-28T09:46:01.7940495-07:00" endTime="2015-09-28T09:46:01.7940495-07:00" testType="13cdc9d9-ddb5-4fa4-a97d-d965ccfc6d4b" outcome="Passed" testListId="8c84fa94-04c1-424b-9868-57a2d4851a1d" relativeResultsDirectory="7f20f863-b55b-4d47-9aad-bbb6bb0dc828" />
    <UnitTestResult executionId="4d831076-2e1c-4928-b675-89b9d6a6a25e" testId="0067eaba-d927-4a09-9078-09a1916351b3" testName="TFSTests.TestManagement.RetentionSettings Retention settings validation test for id: 2 value: 1" computerName="TFSBUILD11" duration="00:00:00.0150000" startTime="2015-09-28T09:46:01.7940495-07:00" endTime="2015-09-28T09:46:01.7940495-07:00" testType="13cdc9d9-ddb5-4fa4-a97d-d965ccfc6d4b" outcome="Passed" testListId="8c84fa94-04c1-424b-9868-57a2d4851a1d" relativeResultsDirectory="4d831076-2e1c-4928-b675-89b9d6a6a25e" />
    <UnitTestResult executionId="d5ea68f7-aad1-4d41-96c9-4005a34dc741" testId="e92d31f4-3b5e-4f69-80a4-cbd296c4d0a7" testName="TFSTests.TestManagement.RetentionSettings Retention settings validation test for id: 3 value: 0" computerName="TFSBUILD11" duration="00:00:00.0150000" startTime="2015-09-28T09:46:01.7950499-07:00" endTime="2015-09-28T09:46:01.7950499-07:00" testType="13cdc9d9-ddb5-4fa4-a97d-d965ccfc6d4b" outcome="Passed" testListId="8c84fa94-04c1-424b-9868-57a2d4851a1d" relativeResultsDirectory="d5ea68f7-aad1-4d41-96c9-4005a34dc741" />
    <UnitTestResult executionId="db386e11-7b5d-4ab4-a085-280e0ba1feec" testId="53b2d337-cb9d-46b4-9072-a1adfe728e96" testName="TFSTests.TestManagement.RetentionSettings Retention settings validation test for id: 4 value: -1" computerName="TFSBUILD11" duration="00:00:00.0150000" startTime="2015-09-28T09:46:01.7950499-07:00" endTime="2015-09-28T09:46:01.7950499-07:00" testType="13cdc9d9-ddb5-4fa4-a97d-d965ccfc6d4b" outcome="Passed" testListId="8c84fa94-04c1-424b-9868-57a2d4851a1d" relativeResultsDirectory="db386e11-7b5d-4ab4-a085-280e0ba1feec" />
    <UnitTestResult executionId="39479ef4-957f-4bfb-9c4c-bf8d8d416fc5" testId="4fc5b410-6e77-407c-a81f-6f3056cbd2ac" testName="TFSTests.TestManagement.RetentionSettings Retention settings validation test for id: 5 value: 10000" computerName="TFSBUILD11" duration="00:00:00.0140000" startTime="2015-09-28T09:46:01.7950499-07:00" endTime="2015-09-28T09:46:01.7950499-07:00" testType="13cdc9d9-ddb5-4fa4-a97d-d965ccfc6d4b" outcome="Passed" testListId="8c84fa94-04c1-424b-9868-57a2d4851a1d" relativeResultsDirectory="39479ef4-957f-4bfb-9c4c-bf8d8d416fc5" />
    <UnitTestResult executionId="04dc8d79-0936-48aa-a290-aaf308af41d3" testId="b2d7f6c9-3d62-40ae-81d6-625ceee29099" testName="TFSTests.TestManagement.RetentionSettings Retention settings validation test for id: 5 value: 10001" computerName="TFSBUILD11" duration="00:00:00.0140000" startTime="2015-09-28T09:46:01.7950499-07:00" endTime="2015-09-28T09:46:01.7950499-07:00" testType="13cdc9d9-ddb5-4fa4-a97d-d965ccfc6d4b" outcome="Passed" testListId="8c84fa94-04c1-424b-9868-57a2d4851a1d" relativeResultsDirectory="04dc8d79-0936-48aa-a290-aaf308af41d3" />
    <UnitTestResult executionId="19f1327e-ba5d-4050-990a-0942921142a6" testId="9ffba8e3-b00b-492b-b553-dca1bca88bdc" testName="TFSTests.TestManagement.RetentionSettings Retention settings validation test for id: 6 value: 20.3" computerName="TFSBUILD11" duration="00:00:00.0140000" startTime="2015-09-28T09:46:01.9343097-07:00" endTime="2015-09-28T09:46:01.9343097-07:00" testType="13cdc9d9-ddb5-4fa4-a97d-d965ccfc6d4b" outcome="Passed" testListId="8c84fa94-04c1-424b-9868-57a2d4851a1d" relativeResultsDirectory="19f1327e-ba5d-4050-990a-0942921142a6" />
    <UnitTestResult executionId="6e19407a-a413-43aa-ae8e-993a998bd306" testId="dc80a207-85f3-497e-bece-c52096b317d8" testName="TFSTests.TestManagement.RetentionSettings Retention settings validation test for id: 7 value: random string" computerName="TFSBUILD11" duration="00:00:00.0140000" startTime="2015-09-28T09:46:01.9343097-07:00" endTime="2015-09-28T09:46:01.9343097-07:00" testType="13cdc9d9-ddb5-4fa4-a97d-d965ccfc6d4b" outcome="Passed" testListId="8c84fa94-04c1-424b-9868-57a2d4851a1d" relativeResultsDirectory="6e19407a-a413-43aa-ae8e-993a998bd306" />
    <UnitTestResult executionId="ef519b48-20fb-44bb-9d99-3379e62ffb7e" testId="0ba761df-0a8b-465b-996e-131fa48ef101" testName="TFSTests.TestManagement.RetentionSettings Retention settings validation test for id: 8 value: Never delete" computerName="TFSBUILD11" duration="00:00:00.0140000" startTime="2015-09-28T09:46:01.9343097-07:00" endTime="2015-09-28T09:46:01.9343097-07:00" testType="13cdc9d9-ddb5-4fa4-a97d-d965ccfc6d4b" outcome="Passed" testListId="8c84fa94-04c1-424b-9868-57a2d4851a1d" relativeResultsDirectory="ef519b48-20fb-44bb-9d99-3379e62ffb7e" />
    <UnitTestResult executionId="f228f824-c253-402d-b9db-f6a6099fccbd" testId="7e2e44ed-6662-4360-ad1d-6566ab8548d0" testName="TFSTests.TestManagement.RetentionSettings Retention settings validation test for id: 9 value: 20.0" computerName="TFSBUILD11" duration="00:00:00.0140000" startTime="2015-09-28T09:46:01.9343097-07:00" endTime="2015-09-28T09:46:01.9343097-07:00" testType="13cdc9d9-ddb5-4fa4-a97d-d965ccfc6d4b" outcome="Passed" testListId="8c84fa94-04c1-424b-9868-57a2d4851a1d" relativeResultsDirectory="f228f824-c253-402d-b9db-f6a6099fccbd" />
    <UnitTestResult executionId="305ecadb-0c77-48ba-8142-3ee86eee5b90" testId="aefb2a12-f223-4416-befe-8eb44628bdd2" testName="TFSTests.TestManagement.RetentionSettings Retention settings validation test for id: 10 value: neVER DeLETE" computerName="TFSBUILD11" duration="00:00:00.0150000" startTime="2015-09-28T09:46:01.9343097-07:00" endTime="2015-09-28T09:46:01.9343097-07:00" testType="13cdc9d9-ddb5-4fa4-a97d-d965ccfc6d4b" outcome="Passed" testListId="8c84fa94-04c1-424b-9868-57a2d4851a1d" relativeResultsDirectory="305ecadb-0c77-48ba-8142-3ee86eee5b90" />
    <UnitTestResult executionId="6a8ee83a-86d7-4fb2-951e-6b96d2177673" testId="cc59d5e6-2ed6-47ab-ae7d-5bce4435376f" testName="TFSTests.TestManagement.RetentionSettings Retention settings validation test for id: 11 value: 20addf" computerName="TFSBUILD11" duration="00:00:00.0150000" startTime="2015-09-28T09:46:01.9343097-07:00" endTime="2015-09-28T09:46:01.9343097-07:00" testType="13cdc9d9-ddb5-4fa4-a97d-d965ccfc6d4b" outcome="Passed" testListId="8c84fa94-04c1-424b-9868-57a2d4851a1d" relativeResultsDirectory="6a8ee83a-86d7-4fb2-951e-6b96d2177673" />
    <UnitTestResult executionId="24391109-b2a0-4b8e-ae52-aeaf31cebd8f" testId="384dd454-2f31-44c7-a5ca-0bb399d1bf9b" testName="TFSTests.TestManagement.RetentionSettings Retention settings save test" computerName="TFSBUILD11" duration="00:00:00.0160000" startTime="2015-09-28T09:46:01.9343097-07:00" endTime="2015-09-28T09:46:01.9343097-07:00" testType="13cdc9d9-ddb5-4fa4-a97d-d965ccfc6d4b" outcome="Passed" testListId="8c84fa94-04c1-424b-9868-57a2d4851a1d" relativeResultsDirectory="24391109-b2a0-4b8e-ae52-aeaf31cebd8f" />
    <UnitTestResult executionId="065973da-7b16-43c4-8485-a8cde9a7746d" testId="f4bf05b1-f190-428c-bd07-8e0b10124555" testName="TFSTests.TestManagement.RetentionSettings Retention settings undo test" computerName="TFSBUILD11" duration="00:00:00.0190000" startTime="2015-09-28T09:46:01.9343097-07:00" endTime="2015-09-28T09:46:01.9343097-07:00" testType="13cdc9d9-ddb5-4fa4-a97d-d965ccfc6d4b" outcome="Passed" testListId="8c84fa94-04c1-424b-9868-57a2d4851a1d" relativeResultsDirectory="065973da-7b16-43c4-8485-a8cde9a7746d" />
    <UnitTestResult executionId="de141dfa-d025-4d01-9946-cde7dd284767" testId="edb8f6f2-15e8-4720-ab68-129def2e0bb4" testName="TFSTests.TestManagement.RetentionSettings Retention settings undo after save test" computerName="TFSBUILD11" duration="00:00:00.0160000" startTime="2015-09-28T09:46:01.9343097-07:00" endTime="2015-09-28T09:46:01.9343097-07:00" testType="13cdc9d9-ddb5-4fa4-a97d-d965ccfc6d4b" outcome="Passed" testListId="8c84fa94-04c1-424b-9868-57a2d4851a1d" relativeResultsDirectory="de141dfa-d025-4d01-9946-cde7dd284767" />
    <UnitTestResult executionId="f75ff3b6-34d1-42cf-b6da-cb5087a057e1" testId="0d8e7a5e-39c2-474a-b89c-ac4c6192fc16" testName="TFSTests.TestManagement.RetentionSettings Get possible values has Never delete as last settings" computerName="TFSBUILD11" duration="00:00:00.0140000" startTime="2015-09-28T09:46:02.1516517-07:00" endTime="2015-09-28T09:46:02.1516517-07:00" testType="13cdc9d9-ddb5-4fa4-a97d-d965ccfc6d4b" outcome="Passed" testListId="8c84fa94-04c1-424b-9868-57a2d4851a1d" relativeResultsDirectory="f75ff3b6-34d1-42cf-b6da-cb5087a057e1" />
    <UnitTestResult executionId="9ea13686-f0a2-42e3-98c8-841d9aa18374" testId="a706bdd4-4ae1-4d00-8c97-9911d2f7171c" testName="TFSTests.TestManagement.RetentionSettings Ensure that error is shown when an invalid value is entered and cleared when the valid value is entered again." computerName="TFSBUILD11" duration="00:00:00.0150000" startTime="2015-09-28T09:46:02.1516517-07:00" endTime="2015-09-28T09:46:02.1516517-07:00" testType="13cdc9d9-ddb5-4fa4-a97d-d965ccfc6d4b" outcome="Passed" testListId="8c84fa94-04c1-424b-9868-57a2d4851a1d" relativeResultsDirectory="9ea13686-f0a2-42e3-98c8-841d9aa18374" />
    <UnitTestResult executionId="00615729-cc79-4a7e-8f3c-79b98de47f46" testId="714f742a-90a9-4fea-80cf-9145ffbb6312" testName="TFSTests.TestManagement.RunsView.Summary TestRunAnalysis.Validate.TestRunSummaryView.populateControls" computerName="TFSBUILD11" duration="00:00:00.0370000" startTime="2015-09-28T09:46:02.1516517-07:00" endTime="2015-09-28T09:46:02.1516517-07:00" testType="13cdc9d9-ddb5-4fa4-a97d-d965ccfc6d4b" outcome="Passed" testListId="8c84fa94-04c1-424b-9868-57a2d4851a1d" relativeResultsDirectory="00615729-cc79-4a7e-8f3c-79b98de47f46" />
    <UnitTestResult executionId="53b1c06b-520d-4f25-87bf-013704f6336f" testId="e2859386-1eb1-4186-bb56-13cb03706a17" testName="TFSTests.TestManagement.RunsView.Summary TestRunAnalysis.Validate.TestRunSummaryTextView.loadSummaryTextView" computerName="TFSBUILD11" duration="00:00:00.0240000" startTime="2015-09-28T09:46:02.1516517-07:00" endTime="2015-09-28T09:46:02.1516517-07:00" testType="13cdc9d9-ddb5-4fa4-a97d-d965ccfc6d4b" outcome="Passed" testListId="8c84fa94-04c1-424b-9868-57a2d4851a1d" relativeResultsDirectory="53b1c06b-520d-4f25-87bf-013704f6336f" />
    <UnitTestResult executionId="22703783-1bed-4045-8d06-16fca1009428" testId="94f3e17b-8bda-4755-9907-a387d501bb7c" testName="TFSTests.TestManagement.RunsView.Summary TestRunAnalysis.Validate.TestRunSummaryTextView.Refresh" computerName="TFSBUILD11" duration="00:00:00.0230000" startTime="2015-09-28T09:46:02.1516517-07:00" endTime="2015-09-28T09:46:02.1516517-07:00" testType="13cdc9d9-ddb5-4fa4-a97d-d965ccfc6d4b" outcome="Passed" testListId="8c84fa94-04c1-424b-9868-57a2d4851a1d" relativeResultsDirectory="22703783-1bed-4045-8d06-16fca1009428" />
    <UnitTestResult executionId="1120da4c-b183-4152-b7c4-f47d229e7cdf" testId="a060698a-c5df-40cc-b95e-5777e69c55d4" testName="TFSTests.TestManagement.RunsView.Summary TestRunAnalysis.Validate.TestRunSummaryTextView._createLayout" computerName="TFSBUILD11" duration="00:00:00.0250000" startTime="2015-09-28T09:46:02.1516517-07:00" endTime="2015-09-28T09:46:02.1516517-07:00" testType="13cdc9d9-ddb5-4fa4-a97d-d965ccfc6d4b" outcome="Passed" testListId="8c84fa94-04c1-424b-9868-57a2d4851a1d" relativeResultsDirectory="1120da4c-b183-4152-b7c4-f47d229e7cdf" />
    <UnitTestResult executionId="2c1eee07-0298-49a2-bae4-d9800a599ef1" testId="db5c1bcf-3f1f-4c3b-b5f2-ef9612044d9f" testName="TFSTests.TestManagement.RunsView.Summary TestRunAnalysis.Validate.TestRunSummaryTextView._errorHandler" computerName="TFSBUILD11" duration="00:00:00.0240000" startTime="2015-09-28T09:46:02.1516517-07:00" endTime="2015-09-28T09:46:02.1516517-07:00" testType="13cdc9d9-ddb5-4fa4-a97d-d965ccfc6d4b" outcome="Passed" testListId="8c84fa94-04c1-424b-9868-57a2d4851a1d" relativeResultsDirectory="2c1eee07-0298-49a2-bae4-d9800a599ef1" />
    <UnitTestResult executionId="827fa50d-9813-4ecf-9dcd-f77664c7d3c1" testId="34102d32-26f5-4266-ba62-47d4eee47349" testName="TFSTests.TestManagement.RunsView.Summary TestRunAnalysis.Validate.TestRunSummaryTextView._addRunState" computerName="TFSBUILD11" duration="00:00:00.0280000" startTime="2015-09-28T09:46:02.1516517-07:00" endTime="2015-09-28T09:46:02.1516517-07:00" testType="13cdc9d9-ddb5-4fa4-a97d-d965ccfc6d4b" outcome="Passed" testListId="8c84fa94-04c1-424b-9868-57a2d4851a1d" relativeResultsDirectory="827fa50d-9813-4ecf-9dcd-f77664c7d3c1" />
    <UnitTestResult executionId="39ed3350-9683-4d95-b7e3-e22651702dd8" testId="0833cc33-75c8-45c7-b2e5-bfc465a0940a" testName="TFSTests.TestManagement.RunsView.Summary TestRunAnalysis.Validate.TestRunSummaryTextView.NoDuplication" computerName="TFSBUILD11" duration="00:00:00.0240000" startTime="2015-09-28T09:46:02.1516517-07:00" endTime="2015-09-28T09:46:02.1516517-07:00" testType="13cdc9d9-ddb5-4fa4-a97d-d965ccfc6d4b" outcome="Passed" testListId="8c84fa94-04c1-424b-9868-57a2d4851a1d" relativeResultsDirectory="39ed3350-9683-4d95-b7e3-e22651702dd8" />
    <UnitTestResult executionId="53dd3aae-198d-4c3b-b7af-2d820676f02b" testId="5bb9bc60-3e58-427f-a9b2-fa7c0dcbc930" testName="TFSTests.TestManagement.RunsView.Summary TestRunAnalysis.Validate.TestRunSummary._addRunSummaryInfo" computerName="TFSBUILD11" duration="00:00:00.0300000" startTime="2015-09-28T09:46:02.3524474-07:00" endTime="2015-09-28T09:46:02.3524474-07:00" testType="13cdc9d9-ddb5-4fa4-a97d-d965ccfc6d4b" outcome="Passed" testListId="8c84fa94-04c1-424b-9868-57a2d4851a1d" relativeResultsDirectory="53dd3aae-198d-4c3b-b7af-2d820676f02b" />
    <UnitTestResult executionId="5f8a1a5f-b3d5-4c70-ab10-9cb33aaa819f" testId="0622b897-cd3d-4c1b-a9a6-06d5dcfae484" testName="TFSTests.TestManagement.RunsView.Summary TestRunAnalysis.Validate.TestRunSummaryTextView._addCommentSection" computerName="TFSBUILD11" duration="00:00:00.0250000" startTime="2015-09-28T09:46:02.3524474-07:00" endTime="2015-09-28T09:46:02.3524474-07:00" testType="13cdc9d9-ddb5-4fa4-a97d-d965ccfc6d4b" outcome="Passed" testListId="8c84fa94-04c1-424b-9868-57a2d4851a1d" relativeResultsDirectory="5f8a1a5f-b3d5-4c70-ab10-9cb33aaa819f" />
    <UnitTestResult executionId="75cccfa8-cf04-4b59-a899-a3d8e00787a3" testId="b01b5713-2fb8-4eb6-a1b5-19868da9d27a" testName="TFSTests.TestManagement.RunsView.Summary TestRunAnalysis.Validate.TestRunSummaryTextView._addErrorMessageSection" computerName="TFSBUILD11" duration="00:00:00.0260000" startTime="2015-09-28T09:46:02.3524474-07:00" endTime="2015-09-28T09:46:02.3524474-07:00" testType="13cdc9d9-ddb5-4fa4-a97d-d965ccfc6d4b" outcome="Passed" testListId="8c84fa94-04c1-424b-9868-57a2d4851a1d" relativeResultsDirectory="75cccfa8-cf04-4b59-a899-a3d8e00787a3" />
    <UnitTestResult executionId="66359c5d-5902-4096-81e1-3d91ef0864d5" testId="19fddbd4-507a-4734-9383-961c8e2fc0c0" testName="TFSTests.TestManagement.RunsView.Summary TestRunAnalysis.Validate.TestRunSummaryTextView._addAttachmentSection" computerName="TFSBUILD11" duration="00:00:00.0290000" startTime="2015-09-28T09:46:02.3524474-07:00" endTime="2015-09-28T09:46:02.3524474-07:00" testType="13cdc9d9-ddb5-4fa4-a97d-d965ccfc6d4b" outcome="Passed" testListId="8c84fa94-04c1-424b-9868-57a2d4851a1d" relativeResultsDirectory="66359c5d-5902-4096-81e1-3d91ef0864d5" />
    <UnitTestResult executionId="0f037dca-6b73-454b-8626-d7581845bd36" testId="de148d48-0faf-41d5-a3bd-cb072345e242" testName="TFSTests.TestManagement.RunsView TestRunAnalysis_VerifyGotoControl" computerName="TFSBUILD11" duration="00:00:00.0210000" startTime="2015-09-28T09:46:02.3524474-07:00" endTime="2015-09-28T09:46:02.3524474-07:00" testType="13cdc9d9-ddb5-4fa4-a97d-d965ccfc6d4b" outcome="Passed" testListId="8c84fa94-04c1-424b-9868-57a2d4851a1d" relativeResultsDirectory="0f037dca-6b73-454b-8626-d7581845bd36" />
    <UnitTestResult executionId="fb0c4a2b-46f8-4e84-9959-fbc7a1a24f20" testId="7e5f6fc3-a3fc-4d00-96b3-bebb04fdde03" testName="TFSTests.TestManagement.RunsView TestRunAnalysis_VerifyDurationFormatInResutlSummary" computerName="TFSBUILD11" duration="00:00:00.0140000" startTime="2015-09-28T09:46:02.3524474-07:00" endTime="2015-09-28T09:46:02.3524474-07:00" testType="13cdc9d9-ddb5-4fa4-a97d-d965ccfc6d4b" outcome="Passed" testListId="8c84fa94-04c1-424b-9868-57a2d4851a1d" relativeResultsDirectory="fb0c4a2b-46f8-4e84-9959-fbc7a1a24f20" />
    <UnitTestResult executionId="b37a93b8-fa6a-4789-8fe9-c079109a8631" testId="74265c86-a46b-4a52-ac22-637576063e8f" testName="TFSTests.TestManagement.RunsView TestRunAnalysis_VerifyDurationFormatInRunSummary" computerName="TFSBUILD11" duration="00:00:00.0160000" startTime="2015-09-28T09:46:02.3524474-07:00" endTime="2015-09-28T09:46:02.3524474-07:00" testType="13cdc9d9-ddb5-4fa4-a97d-d965ccfc6d4b" outcome="Passed" testListId="8c84fa94-04c1-424b-9868-57a2d4851a1d" relativeResultsDirectory="b37a93b8-fa6a-4789-8fe9-c079109a8631" />
    <UnitTestResult executionId="dda58844-484a-4c2c-b0e6-7052fcecd579" testId="82c73603-4fcc-4d25-9cf0-15cd657bdaff" testName="TFSTests.TestManagement.RunsView TestRunAnalysis_VerifyRowValueForSummary" computerName="TFSBUILD11" duration="00:00:00.0170000" startTime="2015-09-28T09:46:02.3534478-07:00" endTime="2015-09-28T09:46:02.3534478-07:00" testType="13cdc9d9-ddb5-4fa4-a97d-d965ccfc6d4b" outcome="Passed" testListId="8c84fa94-04c1-424b-9868-57a2d4851a1d" relativeResultsDirectory="dda58844-484a-4c2c-b0e6-7052fcecd579" />
    <UnitTestResult executionId="47f1dfa7-0138-41fa-b576-e407d93caf84" testId="cb44cc2a-fe08-4694-9b55-e8619af5f22c" testName="TFSTests.TestManagement.RunsView TestRunAnalysis_VerifyRowValueForLinkSummary" computerName="TFSBUILD11" duration="00:00:00.0170000" startTime="2015-09-28T09:46:02.3534478-07:00" endTime="2015-09-28T09:46:02.3534478-07:00" testType="13cdc9d9-ddb5-4fa4-a97d-d965ccfc6d4b" outcome="Passed" testListId="8c84fa94-04c1-424b-9868-57a2d4851a1d" relativeResultsDirectory="47f1dfa7-0138-41fa-b576-e407d93caf84" />
    <UnitTestResult executionId="a6397550-f8ce-4395-98ec-6762ee4f9364" testId="e6b20660-9110-4c13-87d3-2cff697dff5c" testName="TFSTests.TestManagement.RunsView.OM.Queries TestRunAnalysis_VerifyQueryHierarchyRefresh" computerName="TFSBUILD11" duration="00:00:00.0170000" startTime="2015-09-28T09:46:02.5362457-07:00" endTime="2015-09-28T09:46:02.5362457-07:00" testType="13cdc9d9-ddb5-4fa4-a97d-d965ccfc6d4b" outcome="Passed" testListId="8c84fa94-04c1-424b-9868-57a2d4851a1d" relativeResultsDirectory="a6397550-f8ce-4395-98ec-6762ee4f9364" />
    <UnitTestResult executionId="7115ef3a-1b6b-43fe-b005-894a97d98127" testId="4dfda930-05b3-4fdd-a04a-f41d8ff00f1c" testName="TFSTests.TestManagement.RunsView.Controls.Queries TestRunAnalysis_VerifySetQueryOfQueryEditor" computerName="TFSBUILD11" duration="00:00:00.0290000" startTime="2015-09-28T09:46:02.5362457-07:00" endTime="2015-09-28T09:46:02.5362457-07:00" testType="13cdc9d9-ddb5-4fa4-a97d-d965ccfc6d4b" outcome="Passed" testListId="8c84fa94-04c1-424b-9868-57a2d4851a1d" relativeResultsDirectory="7115ef3a-1b6b-43fe-b005-894a97d98127" />
    <UnitTestResult executionId="ffc2df78-93b6-4035-82cb-105c3140a081" testId="9565b5c3-4539-4bf3-8b7d-aad40febd34b" testName="TFSTests.TestManagement.RunsView.Controls.Queries TestRunAnalysis_VerifyResultsView" computerName="TFSBUILD11" duration="00:00:00.0260000" startTime="2015-09-28T09:46:02.5362457-07:00" endTime="2015-09-28T09:46:02.5362457-07:00" testType="13cdc9d9-ddb5-4fa4-a97d-d965ccfc6d4b" outcome="Passed" testListId="8c84fa94-04c1-424b-9868-57a2d4851a1d" relativeResultsDirectory="ffc2df78-93b6-4035-82cb-105c3140a081" />
    <UnitTestResult executionId="1f3b8eec-a421-4c42-beb0-9be362e72794" testId="f330a525-ae96-490e-b864-c13a2c5b2e6b" testName="TFSTests.TestManagement.RunsView.Controls.Queries TestRunAnalysis_VerifyRunsView" computerName="TFSBUILD11" duration="00:00:00.0200000" startTime="2015-09-28T09:46:02.5362457-07:00" endTime="2015-09-28T09:46:02.5362457-07:00" testType="13cdc9d9-ddb5-4fa4-a97d-d965ccfc6d4b" outcome="Passed" testListId="8c84fa94-04c1-424b-9868-57a2d4851a1d" relativeResultsDirectory="1f3b8eec-a421-4c42-beb0-9be362e72794" />
    <UnitTestResult executionId="c414bfc0-c9e8-4dde-a443-58b9081afa0f" testId="17cb009b-5888-4f1d-83ee-5c15ba721b9c" testName="TFSTests.TestManagement.RunsView.Controls.Queries TestRunAnalysis_VerifyResultsViewToolbarItems" computerName="TFSBUILD11" duration="00:00:00.0240000" startTime="2015-09-28T09:46:02.5362457-07:00" endTime="2015-09-28T09:46:02.5362457-07:00" testType="13cdc9d9-ddb5-4fa4-a97d-d965ccfc6d4b" outcome="Passed" testListId="8c84fa94-04c1-424b-9868-57a2d4851a1d" relativeResultsDirectory="c414bfc0-c9e8-4dde-a443-58b9081afa0f" />
    <UnitTestResult executionId="19b3a79f-a683-40ea-8449-8cce81b0bb4e" testId="93981316-f8e3-4773-87e3-e7c4307dff4c" testName="TFSTests.TestManagement.RunsView.Controls.Queries TestRunAnalysis_VerifySetQueryOnGrids" computerName="TFSBUILD11" duration="00:00:00.0160000" startTime="2015-09-28T09:46:02.5362457-07:00" endTime="2015-09-28T09:46:02.5362457-07:00" testType="13cdc9d9-ddb5-4fa4-a97d-d965ccfc6d4b" outcome="Passed" testListId="8c84fa94-04c1-424b-9868-57a2d4851a1d" relativeResultsDirectory="19b3a79f-a683-40ea-8449-8cce81b0bb4e" />
    <UnitTestResult executionId="e01683f0-5274-47cb-873d-2cdb1b1f86f9" testId="aab57414-09cc-497b-8426-3351ec0f7530" testName="TFSTests.TestManagement.RunsView.Controls.Queries TestRunAnalysis_VerifyRunningQueryOnGrids" computerName="TFSBUILD11" duration="00:00:00.0180000" startTime="2015-09-28T09:46:02.5362457-07:00" endTime="2015-09-28T09:46:02.5362457-07:00" testType="13cdc9d9-ddb5-4fa4-a97d-d965ccfc6d4b" outcome="Passed" testListId="8c84fa94-04c1-424b-9868-57a2d4851a1d" relativeResultsDirectory="e01683f0-5274-47cb-873d-2cdb1b1f86f9" />
    <UnitTestResult executionId="7be73ddc-e64b-4df8-b6ff-2cffbd827f1e" testId="ba89639f-e5e6-4261-9077-a1a578073a2b" testName="TFSTests.TestManagement.RunsView.Controls.Queries TestRunAnalysis_VerifyGridSort" computerName="TFSBUILD11" duration="00:00:00.0170000" startTime="2015-09-28T09:46:02.5362457-07:00" endTime="2015-09-28T09:46:02.5362457-07:00" testType="13cdc9d9-ddb5-4fa4-a97d-d965ccfc6d4b" outcome="Passed" testListId="8c84fa94-04c1-424b-9868-57a2d4851a1d" relativeResultsDirectory="7be73ddc-e64b-4df8-b6ff-2cffbd827f1e" />
    <UnitTestResult executionId="e8969508-d89a-4c0f-87b6-4789736fab1a" testId="850a9cc5-f539-47cd-a838-7a159d04452e" testName="TFSTests.TestManagement.RunsView.Controls.Queries TestRunAnalysis_VerifyGetColumnValue" computerName="TFSBUILD11" duration="00:00:00.0160000" startTime="2015-09-28T09:46:02.5362457-07:00" endTime="2015-09-28T09:46:02.5362457-07:00" testType="13cdc9d9-ddb5-4fa4-a97d-d965ccfc6d4b" outcome="Passed" testListId="8c84fa94-04c1-424b-9868-57a2d4851a1d" relativeResultsDirectory="e8969508-d89a-4c0f-87b6-4789736fab1a" />
    <UnitTestResult executionId="fac8aeb2-9a61-407b-9b85-316df7431107" testId="36402050-d517-42f3-9dad-d78a09c8ec3d" testName="TFSTests.TestManagement.RunsView.Controls.Queries TestRunAnalysis_VerifyItemHierarchyForQueryTree" computerName="TFSBUILD11" duration="00:00:00.0230000" startTime="2015-09-28T09:46:02.8173893-07:00" endTime="2015-09-28T09:46:02.8173893-07:00" testType="13cdc9d9-ddb5-4fa4-a97d-d965ccfc6d4b" outcome="Passed" testListId="8c84fa94-04c1-424b-9868-57a2d4851a1d" relativeResultsDirectory="fac8aeb2-9a61-407b-9b85-316df7431107" />
    <UnitTestResult executionId="2e8fc16c-4811-4481-a9bb-9a364eb63a0d" testId="f297afa2-8943-4a42-86b6-39a5a4e336a2" testName="TFSTests.TestManagement.RunsView.Common.Controls TestRunAnalysis_VerifyUpdateAnalysisDialogDecoration" computerName="TFSBUILD11" duration="00:00:00.0370000" startTime="2015-09-28T09:46:02.8173893-07:00" endTime="2015-09-28T09:46:02.8173893-07:00" testType="13cdc9d9-ddb5-4fa4-a97d-d965ccfc6d4b" outcome="Passed" testListId="8c84fa94-04c1-424b-9868-57a2d4851a1d" relativeResultsDirectory="2e8fc16c-4811-4481-a9bb-9a364eb63a0d" />
    <UnitTestResult executionId="841ef879-e049-400a-883e-cf8b27f733f5" testId="b12becfd-dbeb-42fe-8e6a-05899d060f76" testName="TFSTests.TestManagement.RunsView.Common.Controls TestRunAnalysis_VerifyUpdateAnalysisCombosIndex" computerName="TFSBUILD11" duration="00:00:00.0480000" startTime="2015-09-28T09:46:02.8173893-07:00" endTime="2015-09-28T09:46:02.8173893-07:00" testType="13cdc9d9-ddb5-4fa4-a97d-d965ccfc6d4b" outcome="Passed" testListId="8c84fa94-04c1-424b-9868-57a2d4851a1d" relativeResultsDirectory="841ef879-e049-400a-883e-cf8b27f733f5" />
    <UnitTestResult executionId="0f8d3540-90ca-4e95-bc1b-0b0b35e065bd" testId="3e57dab4-d1cf-4cd4-85d2-97899d2f1bf7" testName="TFSTests.TestManagement.RunsView.Common.Controls TestRunAnalysis_VerifyUpdateAnalysisOKButtonStateWithOneResult" computerName="TFSBUILD11" duration="00:00:00.0330000" startTime="2015-09-28T09:46:02.8173893-07:00" endTime="2015-09-28T09:46:02.8173893-07:00" testType="13cdc9d9-ddb5-4fa4-a97d-d965ccfc6d4b" outcome="Passed" testListId="8c84fa94-04c1-424b-9868-57a2d4851a1d" relativeResultsDirectory="0f8d3540-90ca-4e95-bc1b-0b0b35e065bd" />
    <UnitTestResult executionId="cec20328-904b-41fb-bca6-8d7bb2ecda47" testId="5765aab8-2b15-4b09-b69b-891f4d527318" testName="TFSTests.TestManagement.RunsView.Common.Controls TestRunAnalysis_VerifyUpdateAnalysisOKButtonStateWithBulkResult" computerName="TFSBUILD11" duration="00:00:00.0390000" startTime="2015-09-28T09:46:02.8173893-07:00" endTime="2015-09-28T09:46:02.8173893-07:00" testType="13cdc9d9-ddb5-4fa4-a97d-d965ccfc6d4b" outcome="Passed" testListId="8c84fa94-04c1-424b-9868-57a2d4851a1d" relativeResultsDirectory="cec20328-904b-41fb-bca6-8d7bb2ecda47" />
    <UnitTestResult executionId="23c8f39f-cbcf-4b72-b1c5-b95cfdb799c9" testId="b1f7a770-ebae-4756-a26b-806c63c4bf37" testName="TFSTests.TestManagement.RunsView.Common.Controls TestRunAnalysis_VerifyUpdateAnalysisOKButtonClick" computerName="TFSBUILD11" duration="00:00:00.0480000" startTime="2015-09-28T09:46:02.8173893-07:00" endTime="2015-09-28T09:46:02.8173893-07:00" testType="13cdc9d9-ddb5-4fa4-a97d-d965ccfc6d4b" outcome="Passed" testListId="8c84fa94-04c1-424b-9868-57a2d4851a1d" relativeResultsDirectory="23c8f39f-cbcf-4b72-b1c5-b95cfdb799c9" />
    <UnitTestResult executionId="9f70b165-e5d8-449c-91d1-5da6eeaa3530" testId="75912279-3571-4b91-842a-5b29e6e1468c" testName="TFSTests.TestManagement.SelectWorkItemViewTests VerifyQuerySettingsHelper_AreaPathHasSingleQuote" computerName="TFSBUILD11" duration="00:00:00.0170000" startTime="2015-09-28T09:46:02.8173893-07:00" endTime="2015-09-28T09:46:02.8173893-07:00" testType="13cdc9d9-ddb5-4fa4-a97d-d965ccfc6d4b" outcome="Passed" testListId="8c84fa94-04c1-424b-9868-57a2d4851a1d" relativeResultsDirectory="9f70b165-e5d8-449c-91d1-5da6eeaa3530" />
    <UnitTestResult executionId="39b45dcc-b546-4f7b-b1de-284197ca677a" testId="8f943465-3a1d-4a61-beff-84709f9c102a" testName="TFSTests.TestManagement.SelectWorkItemViewTests VerifyQuerySettingsHelper_AreaPathHasMultipleSingleQuotes" computerName="TFSBUILD11" duration="00:00:00.0150000" startTime="2015-09-28T09:46:02.8173893-07:00" endTime="2015-09-28T09:46:02.8173893-07:00" testType="13cdc9d9-ddb5-4fa4-a97d-d965ccfc6d4b" outcome="Passed" testListId="8c84fa94-04c1-424b-9868-57a2d4851a1d" relativeResultsDirectory="39b45dcc-b546-4f7b-b1de-284197ca677a" />
    <UnitTestResult executionId="d577d1cb-ff6f-48ba-a941-5aa85fc61cf7" testId="1e8acf25-8c27-4b7b-aaa7-70da5d036ea3" testName="TFSTests.TestManagement.SelectWorkItemViewTests VerifyQuerySettingsHelper_AreaPathIsUndefined" computerName="TFSBUILD11" duration="00:00:00.0140000" startTime="2015-09-28T09:46:02.8173893-07:00" endTime="2015-09-28T09:46:02.8173893-07:00" testType="13cdc9d9-ddb5-4fa4-a97d-d965ccfc6d4b" outcome="Passed" testListId="8c84fa94-04c1-424b-9868-57a2d4851a1d" relativeResultsDirectory="d577d1cb-ff6f-48ba-a941-5aa85fc61cf7" />
    <UnitTestResult executionId="f287123b-65d4-4099-a7a8-40c068dfff5e" testId="e2819c0b-c021-4ea1-a183-b1498e30cf0e" testName="TFSTests.TestManagement.Controls verifyTestStepCount" computerName="TFSBUILD11" duration="00:00:00.0530000" startTime="2015-09-28T09:46:03.1221625-07:00" endTime="2015-09-28T09:46:03.1221625-07:00" testType="13cdc9d9-ddb5-4fa4-a97d-d965ccfc6d4b" outcome="Passed" testListId="8c84fa94-04c1-424b-9868-57a2d4851a1d" relativeResultsDirectory="f287123b-65d4-4099-a7a8-40c068dfff5e" />
    <UnitTestResult executionId="218ca4bc-725d-4b60-9031-857d079fecc7" testId="28ed52fc-849b-4ec6-a7c5-b77972c4c03f" testName="TFSTests.TestManagement.Controls VerifyMarginSet" computerName="TFSBUILD11" duration="00:00:00.0260000" startTime="2015-09-28T09:46:03.1221625-07:00" endTime="2015-09-28T09:46:03.1221625-07:00" testType="13cdc9d9-ddb5-4fa4-a97d-d965ccfc6d4b" outcome="Passed" testListId="8c84fa94-04c1-424b-9868-57a2d4851a1d" relativeResultsDirectory="218ca4bc-725d-4b60-9031-857d079fecc7" />
    <UnitTestResult executionId="f12ac3b3-4cc1-4eeb-ae0d-d45ffa42ac5b" testId="fdba3c1a-597b-4bcb-9b17-ddb3863244d4" testName="TFSTests.TestManagement.Controls VerifyColumns" computerName="TFSBUILD11" duration="00:00:00.0230000" startTime="2015-09-28T09:46:03.1221625-07:00" endTime="2015-09-28T09:46:03.1221625-07:00" testType="13cdc9d9-ddb5-4fa4-a97d-d965ccfc6d4b" outcome="Passed" testListId="8c84fa94-04c1-424b-9868-57a2d4851a1d" relativeResultsDirectory="f12ac3b3-4cc1-4eeb-ae0d-d45ffa42ac5b" />
    <UnitTestResult executionId="ed7e17b4-5584-4b22-a0c3-eef7d16577a3" testId="9c6dc2a6-bc71-444d-971c-cc2b92afdda8" testName="TFSTests.TestManagement.Controls VerifyParamGridColumnHeaders" computerName="TFSBUILD11" duration="00:00:00.0410000" startTime="2015-09-28T09:46:03.1221625-07:00" endTime="2015-09-28T09:46:03.1221625-07:00" testType="13cdc9d9-ddb5-4fa4-a97d-d965ccfc6d4b" outcome="Passed" testListId="8c84fa94-04c1-424b-9868-57a2d4851a1d" relativeResultsDirectory="ed7e17b4-5584-4b22-a0c3-eef7d16577a3" />
    <UnitTestResult executionId="aa3d1063-b631-4965-885a-b3fdfb7d93f2" testId="a13a3b9a-e097-455a-9c32-ec66800be1d7" testName="TFSTests.TestManagement.Controls VerifyParamGridRowSpacing" computerName="TFSBUILD11" duration="00:00:00.0350000" startTime="2015-09-28T09:46:03.1221625-07:00" endTime="2015-09-28T09:46:03.1221625-07:00" testType="13cdc9d9-ddb5-4fa4-a97d-d965ccfc6d4b" outcome="Passed" testListId="8c84fa94-04c1-424b-9868-57a2d4851a1d" relativeResultsDirectory="aa3d1063-b631-4965-885a-b3fdfb7d93f2" />
    <UnitTestResult executionId="37cdd492-1123-429d-91d3-ee67d2c88b39" testId="ce6a43a2-5a58-4e17-ad81-b3744a0b7715" testName="TFSTests.TestManagement.Controls VerifyAttachmentAndSharedStepTab" computerName="TFSBUILD11" duration="00:00:00.0340000" startTime="2015-09-28T09:46:03.1221625-07:00" endTime="2015-09-28T09:46:03.1221625-07:00" testType="13cdc9d9-ddb5-4fa4-a97d-d965ccfc6d4b" outcome="Passed" testListId="8c84fa94-04c1-424b-9868-57a2d4851a1d" relativeResultsDirectory="37cdd492-1123-429d-91d3-ee67d2c88b39" />
    <UnitTestResult executionId="02e2fde9-98c3-4b47-88a8-87c3bd125f27" testId="5a0f9f8b-f07b-442b-ab0a-6755f3d413a2" testName="TFSTests.TestManagement.Controls verifyStepsAreEditable" computerName="TFSBUILD11" duration="00:00:00.0360000" startTime="2015-09-28T09:46:03.1221625-07:00" endTime="2015-09-28T09:46:03.1221625-07:00" testType="13cdc9d9-ddb5-4fa4-a97d-d965ccfc6d4b" outcome="Passed" testListId="8c84fa94-04c1-424b-9868-57a2d4851a1d" relativeResultsDirectory="02e2fde9-98c3-4b47-88a8-87c3bd125f27" />
    <UnitTestResult executionId="fd5312b2-a588-4d95-8889-2d884969e193" testId="63e4faeb-a6a6-4501-8e09-774b125e1746" testName="TFSTests.TestManagement.Controls verifyStepsHavingParametersAreEditable" computerName="TFSBUILD11" duration="00:00:00.0290000" startTime="2015-09-28T09:46:03.1221625-07:00" endTime="2015-09-28T09:46:03.1221625-07:00" testType="13cdc9d9-ddb5-4fa4-a97d-d965ccfc6d4b" outcome="Passed" testListId="8c84fa94-04c1-424b-9868-57a2d4851a1d" relativeResultsDirectory="fd5312b2-a588-4d95-8889-2d884969e193" />
    <UnitTestResult executionId="7247a842-7c80-4721-9d9e-464c9195aadc" testId="1c549781-c94a-4cd3-aeba-31c94f23a021" testName="TFSTests.TestManagement.Controls VerifyAddParametersAreAllowed" computerName="TFSBUILD11" duration="00:00:00.0270000" startTime="2015-09-28T09:46:03.1231629-07:00" endTime="2015-09-28T09:46:03.1231629-07:00" testType="13cdc9d9-ddb5-4fa4-a97d-d965ccfc6d4b" outcome="Passed" testListId="8c84fa94-04c1-424b-9868-57a2d4851a1d" relativeResultsDirectory="7247a842-7c80-4721-9d9e-464c9195aadc" />
    <UnitTestResult executionId="04d2e105-9d73-42f5-a86f-10bf88de2feb" testId="b8c3553c-1e82-4166-afde-075010057a56" testName="TFSTests.TestManagement.Controls verifyStepsAreMultiline" computerName="TFSBUILD11" duration="00:00:00.0350000" startTime="2015-09-28T09:46:03.3125818-07:00" endTime="2015-09-28T09:46:03.3125818-07:00" testType="13cdc9d9-ddb5-4fa4-a97d-d965ccfc6d4b" outcome="Passed" testListId="8c84fa94-04c1-424b-9868-57a2d4851a1d" relativeResultsDirectory="04d2e105-9d73-42f5-a86f-10bf88de2feb" />
    <UnitTestResult executionId="a34deb3c-a447-4e21-818b-57290ed4cf76" testId="5d5a1798-5225-43ae-8d46-5885f7f8252d" testName="TFSTests.TestManagement.Controls VerifyCellMinWidth" computerName="TFSBUILD11" duration="00:00:00.0270000" startTime="2015-09-28T09:46:03.3125818-07:00" endTime="2015-09-28T09:46:03.3125818-07:00" testType="13cdc9d9-ddb5-4fa4-a97d-d965ccfc6d4b" outcome="Passed" testListId="8c84fa94-04c1-424b-9868-57a2d4851a1d" relativeResultsDirectory="a34deb3c-a447-4e21-818b-57290ed4cf76" />
    <UnitTestResult executionId="b4101155-fed6-42ff-8192-fdd8641cd279" testId="800627c3-88a2-47ea-a66c-831867136cdb" testName="TFSTests.TestManagement.Controls VerifyAddTestStepRow" computerName="TFSBUILD11" duration="00:00:00.0290000" startTime="2015-09-28T09:46:03.3125818-07:00" endTime="2015-09-28T09:46:03.3125818-07:00" testType="13cdc9d9-ddb5-4fa4-a97d-d965ccfc6d4b" outcome="Passed" testListId="8c84fa94-04c1-424b-9868-57a2d4851a1d" relativeResultsDirectory="b4101155-fed6-42ff-8192-fdd8641cd279" />
    <UnitTestResult executionId="c7d470b7-85dc-4a5a-8462-1668d103df05" testId="403ab4c0-b4a0-4c21-8624-d92f0a5792e0" testName="TFSTests.TestManagement.Controls RenameParameterInString_1" computerName="TFSBUILD11" duration="00:00:00.0200000" startTime="2015-09-28T09:46:03.3125818-07:00" endTime="2015-09-28T09:46:03.3125818-07:00" testType="13cdc9d9-ddb5-4fa4-a97d-d965ccfc6d4b" outcome="Passed" testListId="8c84fa94-04c1-424b-9868-57a2d4851a1d" relativeResultsDirectory="c7d470b7-85dc-4a5a-8462-1668d103df05" />
    <UnitTestResult executionId="34cb4be1-4612-4a0a-a0f6-150081f15a3e" testId="a4eccd97-c5c2-43f8-9973-fde39567bf16" testName="TFSTests.TestManagement.Controls RenameParameterInString_2" computerName="TFSBUILD11" duration="00:00:00.0150000" startTime="2015-09-28T09:46:03.3125818-07:00" endTime="2015-09-28T09:46:03.3125818-07:00" testType="13cdc9d9-ddb5-4fa4-a97d-d965ccfc6d4b" outcome="Passed" testListId="8c84fa94-04c1-424b-9868-57a2d4851a1d" relativeResultsDirectory="34cb4be1-4612-4a0a-a0f6-150081f15a3e" />
    <UnitTestResult executionId="8e8e3085-a8fe-4653-aba8-cebde7deff57" testId="9d8dbb67-fbcf-453f-b04c-ec88e1545617" testName="TFSTests.TestManagement.Controls RenameParameterInString_3" computerName="TFSBUILD11" duration="00:00:00.0150000" startTime="2015-09-28T09:46:03.3125818-07:00" endTime="2015-09-28T09:46:03.3125818-07:00" testType="13cdc9d9-ddb5-4fa4-a97d-d965ccfc6d4b" outcome="Passed" testListId="8c84fa94-04c1-424b-9868-57a2d4851a1d" relativeResultsDirectory="8e8e3085-a8fe-4653-aba8-cebde7deff57" />
    <UnitTestResult executionId="25590a9b-ab93-4d41-90ba-bc3a282391cb" testId="f21f2217-cbfe-43ba-91de-0a6c6e0330b1" testName="TFSTests.TestManagement.Controls RenameParameterInString_4" computerName="TFSBUILD11" duration="00:00:00.0150000" startTime="2015-09-28T09:46:03.3125818-07:00" endTime="2015-09-28T09:46:03.3125818-07:00" testType="13cdc9d9-ddb5-4fa4-a97d-d965ccfc6d4b" outcome="Passed" testListId="8c84fa94-04c1-424b-9868-57a2d4851a1d" relativeResultsDirectory="25590a9b-ab93-4d41-90ba-bc3a282391cb" />
    <UnitTestResult executionId="075e7e8d-e759-4339-81ba-858465370d56" testId="f7e484c4-8790-4b70-a324-c0396db684c5" testName="TFSTests.TestManagement.Controls RenameParameterInString_5" computerName="TFSBUILD11" duration="00:00:00.0160000" startTime="2015-09-28T09:46:03.3125818-07:00" endTime="2015-09-28T09:46:03.3125818-07:00" testType="13cdc9d9-ddb5-4fa4-a97d-d965ccfc6d4b" outcome="Passed" testListId="8c84fa94-04c1-424b-9868-57a2d4851a1d" relativeResultsDirectory="075e7e8d-e759-4339-81ba-858465370d56" />
    <UnitTestResult executionId="d59e4464-2fd2-4975-925c-639c0179248f" testId="27e7b189-a7c2-435f-8c10-930d94b60d76" testName="TFSTests.TestManagement.Controls RenameParameterInString_6" computerName="TFSBUILD11" duration="00:00:00.0150000" startTime="2015-09-28T09:46:03.3125818-07:00" endTime="2015-09-28T09:46:03.3125818-07:00" testType="13cdc9d9-ddb5-4fa4-a97d-d965ccfc6d4b" outcome="Passed" testListId="8c84fa94-04c1-424b-9868-57a2d4851a1d" relativeResultsDirectory="d59e4464-2fd2-4975-925c-639c0179248f" />
    <UnitTestResult executionId="c8e391b7-fd28-409f-ad74-8218eaab3d0e" testId="bf50de47-dcfc-4f96-be93-b34d73c8e1f5" testName="TFSTests.TestManagement.Controls RenameParameterInString_7" computerName="TFSBUILD11" duration="00:00:00.0150000" startTime="2015-09-28T09:46:03.4781582-07:00" endTime="2015-09-28T09:46:03.4781582-07:00" testType="13cdc9d9-ddb5-4fa4-a97d-d965ccfc6d4b" outcome="Passed" testListId="8c84fa94-04c1-424b-9868-57a2d4851a1d" relativeResultsDirectory="c8e391b7-fd28-409f-ad74-8218eaab3d0e" />
    <UnitTestResult executionId="ec00b1d4-8a1c-4d92-833e-030a48af7d4c" testId="93fe16ee-83f7-4b2f-ac34-242c06aab06d" testName="TFSTests.TestManagement.Controls RenameParameterInString_8" computerName="TFSBUILD11" duration="00:00:00.0190000" startTime="2015-09-28T09:46:03.4792149-07:00" endTime="2015-09-28T09:46:03.4791589-07:00" testType="13cdc9d9-ddb5-4fa4-a97d-d965ccfc6d4b" outcome="Passed" testListId="8c84fa94-04c1-424b-9868-57a2d4851a1d" relativeResultsDirectory="ec00b1d4-8a1c-4d92-833e-030a48af7d4c" />
    <UnitTestResult executionId="016dc0c9-9eba-4b3d-9bd1-198281183d5e" testId="1d753604-663c-4d49-90f9-9c9ef89c3bd5" testName="TFSTests.TestManagement.Controls RenameParameterInString_9" computerName="TFSBUILD11" duration="00:00:00.0190000" startTime="2015-09-28T09:46:03.4792149-07:00" endTime="2015-09-28T09:46:03.4792149-07:00" testType="13cdc9d9-ddb5-4fa4-a97d-d965ccfc6d4b" outcome="Passed" testListId="8c84fa94-04c1-424b-9868-57a2d4851a1d" relativeResultsDirectory="016dc0c9-9eba-4b3d-9bd1-198281183d5e" />
    <UnitTestResult executionId="f6a48315-3dd4-4450-8789-5b3cdaaf71b4" testId="bf63ebad-7d84-4cc5-89b5-b726b023bb2a" testName="TFSTests.TestManagement.Controls RenameParameterInString_11" computerName="TFSBUILD11" duration="00:00:00.0180000" startTime="2015-09-28T09:46:03.4792149-07:00" endTime="2015-09-28T09:46:03.4792149-07:00" testType="13cdc9d9-ddb5-4fa4-a97d-d965ccfc6d4b" outcome="Passed" testListId="8c84fa94-04c1-424b-9868-57a2d4851a1d" relativeResultsDirectory="f6a48315-3dd4-4450-8789-5b3cdaaf71b4" />
    <UnitTestResult executionId="33daa5a3-fe99-41d4-af90-1d7bcada2660" testId="fcd0993e-b2c1-45e8-8391-b3a7d9160900" testName="TFSTests.TestManagement.Controls RenameParameterInString_12" computerName="TFSBUILD11" duration="00:00:00.0160000" startTime="2015-09-28T09:46:03.4792149-07:00" endTime="2015-09-28T09:46:03.4792149-07:00" testType="13cdc9d9-ddb5-4fa4-a97d-d965ccfc6d4b" outcome="Passed" testListId="8c84fa94-04c1-424b-9868-57a2d4851a1d" relativeResultsDirectory="33daa5a3-fe99-41d4-af90-1d7bcada2660" />
    <UnitTestResult executionId="d21b343a-1afe-480d-a018-2c1e15344c71" testId="bb3830eb-b122-48e1-81dd-35a21a14fe19" testName="TFSTests.TestManagement.Controls RenameParameterInString_13" computerName="TFSBUILD11" duration="00:00:00.0150000" startTime="2015-09-28T09:46:03.4792149-07:00" endTime="2015-09-28T09:46:03.4792149-07:00" testType="13cdc9d9-ddb5-4fa4-a97d-d965ccfc6d4b" outcome="Passed" testListId="8c84fa94-04c1-424b-9868-57a2d4851a1d" relativeResultsDirectory="d21b343a-1afe-480d-a018-2c1e15344c71" />
    <UnitTestResult executionId="59c2e2ad-a9b9-488d-811c-26094f70be1a" testId="17dcbff8-9359-4135-9769-c154ea686592" testName="TFSTests.TestManagement.Controls RenameParameterInString_14" computerName="TFSBUILD11" duration="00:00:00.0150000" startTime="2015-09-28T09:46:03.4792149-07:00" endTime="2015-09-28T09:46:03.4792149-07:00" testType="13cdc9d9-ddb5-4fa4-a97d-d965ccfc6d4b" outcome="Passed" testListId="8c84fa94-04c1-424b-9868-57a2d4851a1d" relativeResultsDirectory="59c2e2ad-a9b9-488d-811c-26094f70be1a" />
    <UnitTestResult executionId="92ae17c9-4001-4837-86b6-47c7b65d76bd" testId="322299b3-1f3b-432a-a111-fd1142cce974" testName="TFSTests.TestManagement.Controls RenameParameterInString_15" computerName="TFSBUILD11" duration="00:00:00.0270000" startTime="2015-09-28T09:46:03.4792149-07:00" endTime="2015-09-28T09:46:03.4792149-07:00" testType="13cdc9d9-ddb5-4fa4-a97d-d965ccfc6d4b" outcome="Passed" testListId="8c84fa94-04c1-424b-9868-57a2d4851a1d" relativeResultsDirectory="92ae17c9-4001-4837-86b6-47c7b65d76bd" />
    <UnitTestResult executionId="b5647cbb-fda3-46ce-ad2f-b7a775473e77" testId="db340d66-32c4-44e7-992b-42798b50a73e" testName="TFSTests.TestManagement.Controls RenameParameterInString_16" computerName="TFSBUILD11" duration="00:00:00.0200000" startTime="2015-09-28T09:46:03.4792149-07:00" endTime="2015-09-28T09:46:03.4792149-07:00" testType="13cdc9d9-ddb5-4fa4-a97d-d965ccfc6d4b" outcome="Passed" testListId="8c84fa94-04c1-424b-9868-57a2d4851a1d" relativeResultsDirectory="b5647cbb-fda3-46ce-ad2f-b7a775473e77" />
    <UnitTestResult executionId="1ec43978-129c-475a-97eb-d120a98d6b51" testId="387fadc8-d905-4cf1-84bc-d85f6ad1e8f7" testName="TFSTests.TestManagement.Controls DeleteParameterInString_1" computerName="TFSBUILD11" duration="00:00:00.0150000" startTime="2015-09-28T09:46:03.6174911-07:00" endTime="2015-09-28T09:46:03.6174911-07:00" testType="13cdc9d9-ddb5-4fa4-a97d-d965ccfc6d4b" outcome="Passed" testListId="8c84fa94-04c1-424b-9868-57a2d4851a1d" relativeResultsDirectory="1ec43978-129c-475a-97eb-d120a98d6b51" />
    <UnitTestResult executionId="ea1a4731-3520-4af1-bd67-9cda47c06221" testId="cf8b57c5-e088-4654-8e05-78328fa43f32" testName="TFSTests.TestManagement.Controls DeleteParameterInString_2" computerName="TFSBUILD11" duration="00:00:00.0160000" startTime="2015-09-28T09:46:03.6174911-07:00" endTime="2015-09-28T09:46:03.6174911-07:00" testType="13cdc9d9-ddb5-4fa4-a97d-d965ccfc6d4b" outcome="Passed" testListId="8c84fa94-04c1-424b-9868-57a2d4851a1d" relativeResultsDirectory="ea1a4731-3520-4af1-bd67-9cda47c06221" />
    <UnitTestResult executionId="790a2496-e354-4490-9830-8791bb9fa5fb" testId="3dd8a4a4-c5a7-489e-8ca3-2f4a588a8678" testName="TFSTests.TestManagement.Controls DeleteParameterInString_3" computerName="TFSBUILD11" duration="00:00:00.0140000" startTime="2015-09-28T09:46:03.6174911-07:00" endTime="2015-09-28T09:46:03.6174911-07:00" testType="13cdc9d9-ddb5-4fa4-a97d-d965ccfc6d4b" outcome="Passed" testListId="8c84fa94-04c1-424b-9868-57a2d4851a1d" relativeResultsDirectory="790a2496-e354-4490-9830-8791bb9fa5fb" />
    <UnitTestResult executionId="82ebd8d7-744b-4c77-8fb7-11ba136730ca" testId="4a486669-daa8-4716-aa69-1db3783e9db6" testName="TFSTests.TestManagement.Controls DeleteParameterInString_4" computerName="TFSBUILD11" duration="00:00:00.0150000" startTime="2015-09-28T09:46:03.6174911-07:00" endTime="2015-09-28T09:46:03.6174911-07:00" testType="13cdc9d9-ddb5-4fa4-a97d-d965ccfc6d4b" outcome="Passed" testListId="8c84fa94-04c1-424b-9868-57a2d4851a1d" relativeResultsDirectory="82ebd8d7-744b-4c77-8fb7-11ba136730ca" />
    <UnitTestResult executionId="9e5db0bf-55aa-4769-8882-82767f37a411" testId="76b78891-e994-46cc-bb69-63a6e7df890f" testName="TFSTests.TestManagement.Controls DeleteParameterInString_5" computerName="TFSBUILD11" duration="00:00:00.0150000" startTime="2015-09-28T09:46:03.6174911-07:00" endTime="2015-09-28T09:46:03.6174911-07:00" testType="13cdc9d9-ddb5-4fa4-a97d-d965ccfc6d4b" outcome="Passed" testListId="8c84fa94-04c1-424b-9868-57a2d4851a1d" relativeResultsDirectory="9e5db0bf-55aa-4769-8882-82767f37a411" />
    <UnitTestResult executionId="1e0535a2-9dcb-4e1c-923f-5dd7bce1dc2e" testId="9542b290-4829-44da-88f7-bae80a303416" testName="TFSTests.TestManagement.Controls DeleteParameterInString_6" computerName="TFSBUILD11" duration="00:00:00.0150000" startTime="2015-09-28T09:46:03.6184921-07:00" endTime="2015-09-28T09:46:03.6184921-07:00" testType="13cdc9d9-ddb5-4fa4-a97d-d965ccfc6d4b" outcome="Passed" testListId="8c84fa94-04c1-424b-9868-57a2d4851a1d" relativeResultsDirectory="1e0535a2-9dcb-4e1c-923f-5dd7bce1dc2e" />
    <UnitTestResult executionId="b913773a-9efe-46ca-85c0-7bd11beca5f4" testId="34f58995-b6ac-4f3d-ab55-cb249bd94a20" testName="TFSTests.TestManagement.Controls DeleteParameterInString_7" computerName="TFSBUILD11" duration="00:00:00.0150000" startTime="2015-09-28T09:46:03.6184921-07:00" endTime="2015-09-28T09:46:03.6184921-07:00" testType="13cdc9d9-ddb5-4fa4-a97d-d965ccfc6d4b" outcome="Passed" testListId="8c84fa94-04c1-424b-9868-57a2d4851a1d" relativeResultsDirectory="b913773a-9efe-46ca-85c0-7bd11beca5f4" />
    <UnitTestResult executionId="32d66b0b-39d7-4e9e-8c7c-c3cc3bd08d47" testId="5c3dbfb5-234f-4410-9f4a-3a3c3b08501d" testName="TFSTests.TestManagement.Controls DeleteParameterInString_8" computerName="TFSBUILD11" duration="00:00:00.0150000" startTime="2015-09-28T09:46:03.6184921-07:00" endTime="2015-09-28T09:46:03.6184921-07:00" testType="13cdc9d9-ddb5-4fa4-a97d-d965ccfc6d4b" outcome="Passed" testListId="8c84fa94-04c1-424b-9868-57a2d4851a1d" relativeResultsDirectory="32d66b0b-39d7-4e9e-8c7c-c3cc3bd08d47" />
    <UnitTestResult executionId="0fcffe94-d750-42a4-b6c4-be9dc7a8965a" testId="a58485f4-f476-462e-92e9-1c4c2ab62f25" testName="TFSTests.TestManagement.Controls DeleteParameterInString_10" computerName="TFSBUILD11" duration="00:00:00.0150000" startTime="2015-09-28T09:46:03.6184921-07:00" endTime="2015-09-28T09:46:03.6184921-07:00" testType="13cdc9d9-ddb5-4fa4-a97d-d965ccfc6d4b" outcome="Passed" testListId="8c84fa94-04c1-424b-9868-57a2d4851a1d" relativeResultsDirectory="0fcffe94-d750-42a4-b6c4-be9dc7a8965a" />
    <UnitTestResult executionId="11a4fac5-f7ef-4905-a3e8-9587bdc05815" testId="349c6722-1962-4813-9aec-8d3bbbefcaf0" testName="TFSTests.TestManagement.Controls DeleteParameterInString_11" computerName="TFSBUILD11" duration="00:00:00.0160000" startTime="2015-09-28T09:46:03.8093946-07:00" endTime="2015-09-28T09:46:03.8093946-07:00" testType="13cdc9d9-ddb5-4fa4-a97d-d965ccfc6d4b" outcome="Passed" testListId="8c84fa94-04c1-424b-9868-57a2d4851a1d" relativeResultsDirectory="11a4fac5-f7ef-4905-a3e8-9587bdc05815" />
    <UnitTestResult executionId="c6fcdd52-86a6-4224-8fe2-fa64e4a95e28" testId="62e81d24-5fbe-4c9d-a12c-af4729b62327" testName="TFSTests.TestManagement.Controls DeleteParameterInString_12" computerName="TFSBUILD11" duration="00:00:00.0150000" startTime="2015-09-28T09:46:03.8093946-07:00" endTime="2015-09-28T09:46:03.8093946-07:00" testType="13cdc9d9-ddb5-4fa4-a97d-d965ccfc6d4b" outcome="Passed" testListId="8c84fa94-04c1-424b-9868-57a2d4851a1d" relativeResultsDirectory="c6fcdd52-86a6-4224-8fe2-fa64e4a95e28" />
    <UnitTestResult executionId="b5590252-dd48-41df-9166-e7e7145e01fc" testId="e93fe79e-b16d-432f-b54d-cc66ec2b07fa" testName="TFSTests.TestManagement.Controls DeleteParameterInString_13" computerName="TFSBUILD11" duration="00:00:00.0280000" startTime="2015-09-28T09:46:03.8093946-07:00" endTime="2015-09-28T09:46:03.8093946-07:00" testType="13cdc9d9-ddb5-4fa4-a97d-d965ccfc6d4b" outcome="Passed" testListId="8c84fa94-04c1-424b-9868-57a2d4851a1d" relativeResultsDirectory="b5590252-dd48-41df-9166-e7e7145e01fc" />
    <UnitTestResult executionId="932e12c6-eaba-4633-82af-ab103acb7ce1" testId="878e9e10-5355-4492-90e8-daf86816de9a" testName="TFSTests.TestManagement.Controls DeleteParameterInString_14" computerName="TFSBUILD11" duration="00:00:00.0310000" startTime="2015-09-28T09:46:03.8093946-07:00" endTime="2015-09-28T09:46:03.8093946-07:00" testType="13cdc9d9-ddb5-4fa4-a97d-d965ccfc6d4b" outcome="Passed" testListId="8c84fa94-04c1-424b-9868-57a2d4851a1d" relativeResultsDirectory="932e12c6-eaba-4633-82af-ab103acb7ce1" />
    <UnitTestResult executionId="8879b2ed-fdcc-4a5a-8939-21896fdda30f" testId="38d15af0-45ce-46d7-a9a6-61be87f34dad" testName="TFSTests.TestManagement.Controls DeleteParameterInString_15" computerName="TFSBUILD11" duration="00:00:00.0190000" startTime="2015-09-28T09:46:03.8093946-07:00" endTime="2015-09-28T09:46:03.8093946-07:00" testType="13cdc9d9-ddb5-4fa4-a97d-d965ccfc6d4b" outcome="Passed" testListId="8c84fa94-04c1-424b-9868-57a2d4851a1d" relativeResultsDirectory="8879b2ed-fdcc-4a5a-8939-21896fdda30f" />
    <UnitTestResult executionId="94c44fb5-e18f-43b6-9b92-e93708b51589" testId="46e29a55-e6d0-4bfb-adbb-f54b7b29f0aa" testName="TFSTests.TestManagement.Controls VerifyCentralParametersReadingFromXmlBasics" computerName="TFSBUILD11" duration="00:00:00.0180000" startTime="2015-09-28T09:46:03.8093946-07:00" endTime="2015-09-28T09:46:03.8093946-07:00" testType="13cdc9d9-ddb5-4fa4-a97d-d965ccfc6d4b" outcome="Passed" testListId="8c84fa94-04c1-424b-9868-57a2d4851a1d" relativeResultsDirectory="94c44fb5-e18f-43b6-9b92-e93708b51589" />
    <UnitTestResult executionId="c48a74ed-6c61-4d79-90e5-3fca91ea9e8b" testId="c16be0ad-9f3b-45ff-b4f3-c63c2f42de15" testName="TFSTests.TestManagement.Controls VerifyCentralParameterToXmlBasics" computerName="TFSBUILD11" duration="00:00:00.0290000" startTime="2015-09-28T09:46:03.8093946-07:00" endTime="2015-09-28T09:46:03.8093946-07:00" testType="13cdc9d9-ddb5-4fa4-a97d-d965ccfc6d4b" outcome="Passed" testListId="8c84fa94-04c1-424b-9868-57a2d4851a1d" relativeResultsDirectory="c48a74ed-6c61-4d79-90e5-3fca91ea9e8b" />
    <UnitTestResult executionId="8c3f8c0f-4a5a-42e5-b32a-61150cb8d505" testId="a583fc23-65f1-412a-a342-b9580d418f21" testName="TFSTests.TestManagement.Controls VerifyTestCaseParameterDataFromJson" computerName="TFSBUILD11" duration="00:00:00.0160000" startTime="2015-09-28T09:46:03.8093946-07:00" endTime="2015-09-28T09:46:03.8093946-07:00" testType="13cdc9d9-ddb5-4fa4-a97d-d965ccfc6d4b" outcome="Passed" testListId="8c84fa94-04c1-424b-9868-57a2d4851a1d" relativeResultsDirectory="8c3f8c0f-4a5a-42e5-b32a-61150cb8d505" />
    <UnitTestResult executionId="548e78fe-9d54-4903-bf7e-81a603d5a145" testId="34dd4922-49e3-4ec3-81ff-6a4d8b823016" testName="TFSTests.TestManagement.Controls VerifyTestCaseParameterDataToJson" computerName="TFSBUILD11" duration="00:00:00.0160000" startTime="2015-09-28T09:46:03.8103945-07:00" endTime="2015-09-28T09:46:03.8103945-07:00" testType="13cdc9d9-ddb5-4fa4-a97d-d965ccfc6d4b" outcome="Passed" testListId="8c84fa94-04c1-424b-9868-57a2d4851a1d" relativeResultsDirectory="548e78fe-9d54-4903-bf7e-81a603d5a145" />
    <UnitTestResult executionId="657addfd-366e-42a9-a4e9-270489ac268a" testId="2a66cb12-636c-49e8-b582-4495cd4cbf15" testName="TFSTests.TestManagement.Controls VerifyCopyToClipboard" computerName="TFSBUILD11" duration="00:00:00.0160000" startTime="2015-09-28T09:46:04.0428354-07:00" endTime="2015-09-28T09:46:04.0428354-07:00" testType="13cdc9d9-ddb5-4fa4-a97d-d965ccfc6d4b" outcome="Passed" testListId="8c84fa94-04c1-424b-9868-57a2d4851a1d" relativeResultsDirectory="657addfd-366e-42a9-a4e9-270489ac268a" />
    <UnitTestResult executionId="d1023a9e-c074-4580-8f5d-2d4cf8878b39" testId="d489e4bc-3f06-4b2f-8265-933b12031b41" testName="TFSTests.TestManagement.TestRun VerifyListViewItems" computerName="TFSBUILD11" duration="00:00:00.0200000" startTime="2015-09-28T09:46:04.0428354-07:00" endTime="2015-09-28T09:46:04.0428354-07:00" testType="13cdc9d9-ddb5-4fa4-a97d-d965ccfc6d4b" outcome="Passed" testListId="8c84fa94-04c1-424b-9868-57a2d4851a1d" relativeResultsDirectory="d1023a9e-c074-4580-8f5d-2d4cf8878b39" />
    <UnitTestResult executionId="faa9cb60-4c81-4200-8541-10e4373113a0" testId="e47a968a-ad0e-44f3-a626-e9c877007d9f" testName="TFSTests.TestManagement.TestRun VerifyListViewItemFunction" computerName="TFSBUILD11" duration="00:00:00.0170000" startTime="2015-09-28T09:46:04.0428354-07:00" endTime="2015-09-28T09:46:04.0428354-07:00" testType="13cdc9d9-ddb5-4fa4-a97d-d965ccfc6d4b" outcome="Passed" testListId="8c84fa94-04c1-424b-9868-57a2d4851a1d" relativeResultsDirectory="faa9cb60-4c81-4200-8541-10e4373113a0" />
    <UnitTestResult executionId="5af9dbe2-a587-44ab-a679-c3534e467889" testId="7768298f-4e08-43cb-8b01-e27d6372d9fe" testName="TFSTests.TestManagement.TestRun VerifyListViewItemStyles" computerName="TFSBUILD11" duration="00:00:00.0200000" startTime="2015-09-28T09:46:04.0428354-07:00" endTime="2015-09-28T09:46:04.0428354-07:00" testType="13cdc9d9-ddb5-4fa4-a97d-d965ccfc6d4b" outcome="Passed" testListId="8c84fa94-04c1-424b-9868-57a2d4851a1d" relativeResultsDirectory="5af9dbe2-a587-44ab-a679-c3534e467889" />
    <UnitTestResult executionId="fc66c3ac-a923-4a26-b9fe-8e2e918f411e" testId="2daf1287-33f6-417d-8f70-6bde22a25709" testName="TFSTests.TestManagement.TestRun VerifyListViewSelectionChange" computerName="TFSBUILD11" duration="00:00:00.0180000" startTime="2015-09-28T09:46:04.0428354-07:00" endTime="2015-09-28T09:46:04.0428354-07:00" testType="13cdc9d9-ddb5-4fa4-a97d-d965ccfc6d4b" outcome="Passed" testListId="8c84fa94-04c1-424b-9868-57a2d4851a1d" relativeResultsDirectory="fc66c3ac-a923-4a26-b9fe-8e2e918f411e" />
    <UnitTestResult executionId="9a7d2cc0-d6b9-47b4-8bb5-796ff0a8ec74" testId="a917d972-7ef7-44a4-954f-25e2c227bd4a" testName="TFSTests.TestManagement.TestRun VerifyTestStepListItemContent" computerName="TFSBUILD11" duration="00:00:00.0450000" startTime="2015-09-28T09:46:04.0428354-07:00" endTime="2015-09-28T09:46:04.0428354-07:00" testType="13cdc9d9-ddb5-4fa4-a97d-d965ccfc6d4b" outcome="Passed" testListId="8c84fa94-04c1-424b-9868-57a2d4851a1d" relativeResultsDirectory="9a7d2cc0-d6b9-47b4-8bb5-796ff0a8ec74" />
    <UnitTestResult executionId="57811915-be70-4571-a9a8-625a315cd296" testId="8d51539e-689d-44c4-b40d-6467f04971e9" testName="TFSTests.TestManagement.TestRun VerifyTestStepMultiSelection" computerName="TFSBUILD11" duration="00:00:00.0420000" startTime="2015-09-28T09:46:04.0428354-07:00" endTime="2015-09-28T09:46:04.0428354-07:00" testType="13cdc9d9-ddb5-4fa4-a97d-d965ccfc6d4b" outcome="Passed" testListId="8c84fa94-04c1-424b-9868-57a2d4851a1d" relativeResultsDirectory="57811915-be70-4571-a9a8-625a315cd296" />
    <UnitTestResult executionId="3c1b1229-3a53-45ea-8827-63d214a1d534" testId="ed78b1ed-c191-46c8-88a1-5478bd8fa844" testName="TFSTests.TestManagement.TestRun VerifyPassFailButtonForSteps" computerName="TFSBUILD11" duration="00:00:00.0380000" startTime="2015-09-28T09:46:04.0428354-07:00" endTime="2015-09-28T09:46:04.0428354-07:00" testType="13cdc9d9-ddb5-4fa4-a97d-d965ccfc6d4b" outcome="Passed" testListId="8c84fa94-04c1-424b-9868-57a2d4851a1d" relativeResultsDirectory="3c1b1229-3a53-45ea-8827-63d214a1d534" />
    <UnitTestResult executionId="651503f5-a2fd-4e2b-8c68-9d36ea9c77d0" testId="2339d8e6-1488-4280-a0cf-114dccc672b6" testName="TFSTests.TestManagement.TestRun VerifyGetParametersList-1" computerName="TFSBUILD11" duration="00:00:00.0140000" startTime="2015-09-28T09:46:04.0428354-07:00" endTime="2015-09-28T09:46:04.0428354-07:00" testType="13cdc9d9-ddb5-4fa4-a97d-d965ccfc6d4b" outcome="Passed" testListId="8c84fa94-04c1-424b-9868-57a2d4851a1d" relativeResultsDirectory="651503f5-a2fd-4e2b-8c68-9d36ea9c77d0" />
    <UnitTestResult executionId="05489d08-d2a2-480e-92ca-69e54d3a94f9" testId="8cc7abda-ba64-41f2-a237-7bdd7b9e3077" testName="TFSTests.TestManagement.TestRun VerifyGetParametersList-2" computerName="TFSBUILD11" duration="00:00:00.0140000" startTime="2015-09-28T09:46:04.1770043-07:00" endTime="2015-09-28T09:46:04.1770043-07:00" testType="13cdc9d9-ddb5-4fa4-a97d-d965ccfc6d4b" outcome="Passed" testListId="8c84fa94-04c1-424b-9868-57a2d4851a1d" relativeResultsDirectory="05489d08-d2a2-480e-92ca-69e54d3a94f9" />
    <UnitTestResult executionId="f8a5f029-ab65-425b-b52f-c7c695330d48" testId="5edd18b1-6234-40af-b65b-8127479c6da7" testName="TFSTests.TestManagement.TestRun VerifyGetParametersList-3" computerName="TFSBUILD11" duration="00:00:00.0140000" startTime="2015-09-28T09:46:04.1770043-07:00" endTime="2015-09-28T09:46:04.1770043-07:00" testType="13cdc9d9-ddb5-4fa4-a97d-d965ccfc6d4b" outcome="Passed" testListId="8c84fa94-04c1-424b-9868-57a2d4851a1d" relativeResultsDirectory="f8a5f029-ab65-425b-b52f-c7c695330d48" />
    <UnitTestResult executionId="fa79528c-bb22-4263-bb2f-d452195f1647" testId="f7863d13-d696-451b-8c36-706b1881c135" testName="TFSTests.TestManagement.TestRun VerifyGetParametersList-4" computerName="TFSBUILD11" duration="00:00:00.0150000" startTime="2015-09-28T09:46:04.1770043-07:00" endTime="2015-09-28T09:46:04.1770043-07:00" testType="13cdc9d9-ddb5-4fa4-a97d-d965ccfc6d4b" outcome="Passed" testListId="8c84fa94-04c1-424b-9868-57a2d4851a1d" relativeResultsDirectory="fa79528c-bb22-4263-bb2f-d452195f1647" />
    <UnitTestResult executionId="6c34f1b4-b551-4fec-9099-75acc3073c3f" testId="b7c95dc4-7701-458e-a3df-70f3ca59f22d" testName="TFSTests.TestManagement.TestRun VerifyGetParametersList-5" computerName="TFSBUILD11" duration="00:00:00.0190000" startTime="2015-09-28T09:46:04.1770043-07:00" endTime="2015-09-28T09:46:04.1770043-07:00" testType="13cdc9d9-ddb5-4fa4-a97d-d965ccfc6d4b" outcome="Passed" testListId="8c84fa94-04c1-424b-9868-57a2d4851a1d" relativeResultsDirectory="6c34f1b4-b551-4fec-9099-75acc3073c3f" />
    <UnitTestResult executionId="9035555c-8f6f-442a-ac81-8b1e2015d0f0" testId="1eb4355b-7afd-4a36-93c0-9179c393ab46" testName="TFSTests.TestManagement.TestRun VerifyGetParametersList-6" computerName="TFSBUILD11" duration="00:00:00.0140000" startTime="2015-09-28T09:46:04.1770043-07:00" endTime="2015-09-28T09:46:04.1770043-07:00" testType="13cdc9d9-ddb5-4fa4-a97d-d965ccfc6d4b" outcome="Passed" testListId="8c84fa94-04c1-424b-9868-57a2d4851a1d" relativeResultsDirectory="9035555c-8f6f-442a-ac81-8b1e2015d0f0" />
    <UnitTestResult executionId="092d63e6-6102-4abd-b555-df78df09ba47" testId="00eb6b1e-936f-4ea0-9e92-508154164058" testName="TFSTests.TestManagement.TestRun VerifyGetParametersList-7" computerName="TFSBUILD11" duration="00:00:00.0140000" startTime="2015-09-28T09:46:04.1770043-07:00" endTime="2015-09-28T09:46:04.1770043-07:00" testType="13cdc9d9-ddb5-4fa4-a97d-d965ccfc6d4b" outcome="Passed" testListId="8c84fa94-04c1-424b-9868-57a2d4851a1d" relativeResultsDirectory="092d63e6-6102-4abd-b555-df78df09ba47" />
    <UnitTestResult executionId="fd6673fd-f97c-4453-9f01-9a829120362d" testId="272780bd-3c7a-40a2-90e7-d8f7d6047fd3" testName="TFSTests.TestManagement.TestRun EncodeParamName-1" computerName="TFSBUILD11" duration="00:00:00.0140000" startTime="2015-09-28T09:46:04.1770043-07:00" endTime="2015-09-28T09:46:04.1770043-07:00" testType="13cdc9d9-ddb5-4fa4-a97d-d965ccfc6d4b" outcome="Passed" testListId="8c84fa94-04c1-424b-9868-57a2d4851a1d" relativeResultsDirectory="fd6673fd-f97c-4453-9f01-9a829120362d" />
    <UnitTestResult executionId="0f77b0fc-4ab9-411a-9ca4-3a97afbb2de4" testId="ca9b80a4-92ec-473d-a395-48225d4dc055" testName="TFSTests.TestManagement.TestRun EncodeParamName-2" computerName="TFSBUILD11" duration="00:00:00.0150000" startTime="2015-09-28T09:46:04.1770043-07:00" endTime="2015-09-28T09:46:04.1770043-07:00" testType="13cdc9d9-ddb5-4fa4-a97d-d965ccfc6d4b" outcome="Passed" testListId="8c84fa94-04c1-424b-9868-57a2d4851a1d" relativeResultsDirectory="0f77b0fc-4ab9-411a-9ca4-3a97afbb2de4" />
    <UnitTestResult executionId="51ed2dad-6585-4dbe-8f4f-513a137850f7" testId="e5bc2c9e-d170-492b-a8f5-c31008de3c2a" testName="TFSTests.TestManagement.TestRun EncodeParamName-3" computerName="TFSBUILD11" duration="00:00:00.0140000" startTime="2015-09-28T09:46:04.1770043-07:00" endTime="2015-09-28T09:46:04.1770043-07:00" testType="13cdc9d9-ddb5-4fa4-a97d-d965ccfc6d4b" outcome="Passed" testListId="8c84fa94-04c1-424b-9868-57a2d4851a1d" relativeResultsDirectory="51ed2dad-6585-4dbe-8f4f-513a137850f7" />
    <UnitTestResult executionId="c7abdd81-72cd-40f4-a809-7d69fae9d941" testId="989d3750-f4b4-4034-99b1-8b53a5772462" testName="TFSTests.TestManagement.TestRun EncodeParamName-4" computerName="TFSBUILD11" duration="00:00:00.0140000" startTime="2015-09-28T09:46:04.3072790-07:00" endTime="2015-09-28T09:46:04.3072790-07:00" testType="13cdc9d9-ddb5-4fa4-a97d-d965ccfc6d4b" outcome="Passed" testListId="8c84fa94-04c1-424b-9868-57a2d4851a1d" relativeResultsDirectory="c7abdd81-72cd-40f4-a809-7d69fae9d941" />
    <UnitTestResult executionId="2cdc8b22-ebc1-4e5a-bd7f-826bc216917b" testId="a818f5bf-04f3-495a-95c0-ebd95d118d2d" testName="TFSTests.TestManagement.TestRun EncodeParamName-5" computerName="TFSBUILD11" duration="00:00:00.0140000" startTime="2015-09-28T09:46:04.3072790-07:00" endTime="2015-09-28T09:46:04.3072790-07:00" testType="13cdc9d9-ddb5-4fa4-a97d-d965ccfc6d4b" outcome="Passed" testListId="8c84fa94-04c1-424b-9868-57a2d4851a1d" relativeResultsDirectory="2cdc8b22-ebc1-4e5a-bd7f-826bc216917b" />
    <UnitTestResult executionId="08c6a182-e519-4bdf-8c8f-619c8d464701" testId="e47bf2e1-c586-41be-b1cc-d3829083cd32" testName="TFSTests.TestManagement.TestRun EncodeParamName-6" computerName="TFSBUILD11" duration="00:00:00.0140000" startTime="2015-09-28T09:46:04.3072790-07:00" endTime="2015-09-28T09:46:04.3072790-07:00" testType="13cdc9d9-ddb5-4fa4-a97d-d965ccfc6d4b" outcome="Passed" testListId="8c84fa94-04c1-424b-9868-57a2d4851a1d" relativeResultsDirectory="08c6a182-e519-4bdf-8c8f-619c8d464701" />
    <UnitTestResult executionId="73c436a4-0966-4605-ac35-85ec2c7034ca" testId="13f9a88e-7553-4031-8aae-a851b0d00ef7" testName="TFSTests.TestManagement.TestRun EncodeParamName-7" computerName="TFSBUILD11" duration="00:00:00.0140000" startTime="2015-09-28T09:46:04.3072790-07:00" endTime="2015-09-28T09:46:04.3072790-07:00" testType="13cdc9d9-ddb5-4fa4-a97d-d965ccfc6d4b" outcome="Passed" testListId="8c84fa94-04c1-424b-9868-57a2d4851a1d" relativeResultsDirectory="73c436a4-0966-4605-ac35-85ec2c7034ca" />
    <UnitTestResult executionId="7160f1b3-7936-4261-86d5-fa16c871cf6a" testId="95bcc4d2-6e78-4b44-8e5e-9cf603aad7a4" testName="TFSTests.TestManagement.TestRun EncodeParamName-8" computerName="TFSBUILD11" duration="00:00:00.0140000" startTime="2015-09-28T09:46:04.3072790-07:00" endTime="2015-09-28T09:46:04.3072790-07:00" testType="13cdc9d9-ddb5-4fa4-a97d-d965ccfc6d4b" outcome="Passed" testListId="8c84fa94-04c1-424b-9868-57a2d4851a1d" relativeResultsDirectory="7160f1b3-7936-4261-86d5-fa16c871cf6a" />
    <UnitTestResult executionId="5348ff89-57bd-400c-877a-dd1091f7d75b" testId="c6c3d96f-b742-4cab-8bbd-b6750fe2972d" testName="TFSTests.TestManagement.TestRun EncodeParamName-9" computerName="TFSBUILD11" duration="00:00:00.0140000" startTime="2015-09-28T09:46:04.3072790-07:00" endTime="2015-09-28T09:46:04.3072790-07:00" testType="13cdc9d9-ddb5-4fa4-a97d-d965ccfc6d4b" outcome="Passed" testListId="8c84fa94-04c1-424b-9868-57a2d4851a1d" relativeResultsDirectory="5348ff89-57bd-400c-877a-dd1091f7d75b" />
    <UnitTestResult executionId="c98f3fee-4ba8-4757-a1bb-0afa9371b2bf" testId="45c767dd-d94c-4c01-bb4a-601440f73400" testName="TFSTests.TestManagement.TestRun EncodeParamName-10" computerName="TFSBUILD11" duration="00:00:00.0140000" startTime="2015-09-28T09:46:04.3072790-07:00" endTime="2015-09-28T09:46:04.3072790-07:00" testType="13cdc9d9-ddb5-4fa4-a97d-d965ccfc6d4b" outcome="Passed" testListId="8c84fa94-04c1-424b-9868-57a2d4851a1d" relativeResultsDirectory="c98f3fee-4ba8-4757-a1bb-0afa9371b2bf" />
    <UnitTestResult executionId="772ce1ad-5034-4ae5-b7cf-37f2d69b43f0" testId="eb9e459b-f810-4bff-b051-853c672d65eb" testName="TFSTests.TestManagement.TestRun EncodeParamName-11" computerName="TFSBUILD11" duration="00:00:00.0140000" startTime="2015-09-28T09:46:04.3072790-07:00" endTime="2015-09-28T09:46:04.3072790-07:00" testType="13cdc9d9-ddb5-4fa4-a97d-d965ccfc6d4b" outcome="Passed" testListId="8c84fa94-04c1-424b-9868-57a2d4851a1d" relativeResultsDirectory="772ce1ad-5034-4ae5-b7cf-37f2d69b43f0" />
    <UnitTestResult executionId="bcd75bf9-93cd-4da1-986d-e18f8b9c2dd7" testId="fdb78037-9c37-471b-b861-cbf82e739b91" testName="TFSTests.TestManagement.TestRun EncodeParamName-12" computerName="TFSBUILD11" duration="00:00:00.0140000" startTime="2015-09-28T09:46:04.3072790-07:00" endTime="2015-09-28T09:46:04.3072790-07:00" testType="13cdc9d9-ddb5-4fa4-a97d-d965ccfc6d4b" outcome="Passed" testListId="8c84fa94-04c1-424b-9868-57a2d4851a1d" relativeResultsDirectory="bcd75bf9-93cd-4da1-986d-e18f8b9c2dd7" />
    <UnitTestResult executionId="ea4ac396-32c7-4812-a19f-da8b230e619b" testId="f6abd5a1-6f76-4488-a8e8-39430df2aa76" testName="TFSTests.TestManagement.TestRun DecodeParamName-1" computerName="TFSBUILD11" duration="00:00:00.0150000" startTime="2015-09-28T09:46:04.4359702-07:00" endTime="2015-09-28T09:46:04.4359702-07:00" testType="13cdc9d9-ddb5-4fa4-a97d-d965ccfc6d4b" outcome="Passed" testListId="8c84fa94-04c1-424b-9868-57a2d4851a1d" relativeResultsDirectory="ea4ac396-32c7-4812-a19f-da8b230e619b" />
    <UnitTestResult executionId="9de7ee37-607c-4892-9c03-2b790719178e" testId="1d857c3d-5042-41b6-a6dd-7588c807be37" testName="TFSTests.TestManagement.TestRun DecodeParamName-2" computerName="TFSBUILD11" duration="00:00:00.0140000" startTime="2015-09-28T09:46:04.4359702-07:00" endTime="2015-09-28T09:46:04.4359702-07:00" testType="13cdc9d9-ddb5-4fa4-a97d-d965ccfc6d4b" outcome="Passed" testListId="8c84fa94-04c1-424b-9868-57a2d4851a1d" relativeResultsDirectory="9de7ee37-607c-4892-9c03-2b790719178e" />
    <UnitTestResult executionId="b7fe31e2-874c-4161-a645-bcd024c18417" testId="6cb5400e-acca-465a-8261-8bb796974a9c" testName="TFSTests.TestManagement.TestRun DecodeParamName-3" computerName="TFSBUILD11" duration="00:00:00.0140000" startTime="2015-09-28T09:46:04.4359702-07:00" endTime="2015-09-28T09:46:04.4359702-07:00" testType="13cdc9d9-ddb5-4fa4-a97d-d965ccfc6d4b" outcome="Passed" testListId="8c84fa94-04c1-424b-9868-57a2d4851a1d" relativeResultsDirectory="b7fe31e2-874c-4161-a645-bcd024c18417" />
    <UnitTestResult executionId="79a44b94-56a7-4ed8-9ce9-babd0b2a9098" testId="f1d4805a-6968-4df2-99be-f76732a076b7" testName="TFSTests.TestManagement.TestRun DecodeParamName-4" computerName="TFSBUILD11" duration="00:00:00.0130000" startTime="2015-09-28T09:46:04.4359702-07:00" endTime="2015-09-28T09:46:04.4359702-07:00" testType="13cdc9d9-ddb5-4fa4-a97d-d965ccfc6d4b" outcome="Passed" testListId="8c84fa94-04c1-424b-9868-57a2d4851a1d" relativeResultsDirectory="79a44b94-56a7-4ed8-9ce9-babd0b2a9098" />
    <UnitTestResult executionId="36794c48-d899-4351-8059-f6c189bf0897" testId="93e6047b-37ae-4e8e-ba65-8c18423e46c4" testName="TFSTests.TestManagement.TestRun DecodeParamName-5" computerName="TFSBUILD11" duration="00:00:00.0140000" startTime="2015-09-28T09:46:04.4369706-07:00" endTime="2015-09-28T09:46:04.4369706-07:00" testType="13cdc9d9-ddb5-4fa4-a97d-d965ccfc6d4b" outcome="Passed" testListId="8c84fa94-04c1-424b-9868-57a2d4851a1d" relativeResultsDirectory="36794c48-d899-4351-8059-f6c189bf0897" />
    <UnitTestResult executionId="69c14b9f-1de5-4041-abe3-29b2f62e18bd" testId="4fb83c9b-cf74-4260-a162-cbe0b4bf129f" testName="TFSTests.TestManagement.TestRun DecodeParamName-6" computerName="TFSBUILD11" duration="00:00:00.0140000" startTime="2015-09-28T09:46:04.4369706-07:00" endTime="2015-09-28T09:46:04.4369706-07:00" testType="13cdc9d9-ddb5-4fa4-a97d-d965ccfc6d4b" outcome="Passed" testListId="8c84fa94-04c1-424b-9868-57a2d4851a1d" relativeResultsDirectory="69c14b9f-1de5-4041-abe3-29b2f62e18bd" />
    <UnitTestResult executionId="0ae8dc63-ac2b-4355-ae30-d13dd256d9c0" testId="168d0df4-4ede-4c0a-af0c-4ebdeb95cb8f" testName="TFSTests.TestManagement.TestRun DecodeParamName-7" computerName="TFSBUILD11" duration="00:00:00.0140000" startTime="2015-09-28T09:46:04.4369706-07:00" endTime="2015-09-28T09:46:04.4369706-07:00" testType="13cdc9d9-ddb5-4fa4-a97d-d965ccfc6d4b" outcome="Passed" testListId="8c84fa94-04c1-424b-9868-57a2d4851a1d" relativeResultsDirectory="0ae8dc63-ac2b-4355-ae30-d13dd256d9c0" />
    <UnitTestResult executionId="1513db1c-28c6-40cf-9546-1113f2c1d564" testId="0af29dc3-fcb0-4b1b-8a37-0dff0b0d6460" testName="TFSTests.TestManagement.TestRun DecodeParamName-8" computerName="TFSBUILD11" duration="00:00:00.0140000" startTime="2015-09-28T09:46:04.4369706-07:00" endTime="2015-09-28T09:46:04.4369706-07:00" testType="13cdc9d9-ddb5-4fa4-a97d-d965ccfc6d4b" outcome="Passed" testListId="8c84fa94-04c1-424b-9868-57a2d4851a1d" relativeResultsDirectory="1513db1c-28c6-40cf-9546-1113f2c1d564" />
    <UnitTestResult executionId="78feff61-3ac8-47bb-9c8b-dd84206ce28b" testId="d2c4e7a4-70ea-465f-a619-3ac9df44def7" testName="TFSTests.TestManagement.TestRun DecodeParamName-9" computerName="TFSBUILD11" duration="00:00:00.0140000" startTime="2015-09-28T09:46:04.4369706-07:00" endTime="2015-09-28T09:46:04.4369706-07:00" testType="13cdc9d9-ddb5-4fa4-a97d-d965ccfc6d4b" outcome="Passed" testListId="8c84fa94-04c1-424b-9868-57a2d4851a1d" relativeResultsDirectory="78feff61-3ac8-47bb-9c8b-dd84206ce28b" />
    <UnitTestResult executionId="3440ab3c-f4ea-485c-b1b9-0e6ed94b018f" testId="42054093-20e6-4b5d-863c-3e53de5ff5d8" testName="TFSTests.TestManagement.TestRun DecodeParamName-10" computerName="TFSBUILD11" duration="00:00:00.0140000" startTime="2015-09-28T09:46:04.5650222-07:00" endTime="2015-09-28T09:46:04.5650222-07:00" testType="13cdc9d9-ddb5-4fa4-a97d-d965ccfc6d4b" outcome="Passed" testListId="8c84fa94-04c1-424b-9868-57a2d4851a1d" relativeResultsDirectory="3440ab3c-f4ea-485c-b1b9-0e6ed94b018f" />
    <UnitTestResult executionId="f8baff30-2113-43e8-b096-4ec6a6cc0aed" testId="1e43903f-94b3-4876-8398-9431ef6b6dd3" testName="TFSTests.TestManagement.TestRun DecodeParamName-11" computerName="TFSBUILD11" duration="00:00:00.0140000" startTime="2015-09-28T09:46:04.5650222-07:00" endTime="2015-09-28T09:46:04.5650222-07:00" testType="13cdc9d9-ddb5-4fa4-a97d-d965ccfc6d4b" outcome="Passed" testListId="8c84fa94-04c1-424b-9868-57a2d4851a1d" relativeResultsDirectory="f8baff30-2113-43e8-b096-4ec6a6cc0aed" />
    <UnitTestResult executionId="4c3e71fc-997e-44db-bd76-8a4c206b8710" testId="f30289d7-e6cc-4bb9-9b0a-a3d220822153" testName="TFSTests.TestManagement.TestRun DecodeParamName-12" computerName="TFSBUILD11" duration="00:00:00.0140000" startTime="2015-09-28T09:46:04.5660223-07:00" endTime="2015-09-28T09:46:04.5660223-07:00" testType="13cdc9d9-ddb5-4fa4-a97d-d965ccfc6d4b" outcome="Passed" testListId="8c84fa94-04c1-424b-9868-57a2d4851a1d" relativeResultsDirectory="4c3e71fc-997e-44db-bd76-8a4c206b8710" />
    <UnitTestResult executionId="2e7ed981-555f-47fd-9167-8362f00e92f4" testId="dcfe5c22-d6d0-4450-a2a0-2a3e7deb68c6" testName="TFSTests.TestManagement.TestRun DecodeParamName-13" computerName="TFSBUILD11" duration="00:00:00.0140000" startTime="2015-09-28T09:46:04.5660223-07:00" endTime="2015-09-28T09:46:04.5660223-07:00" testType="13cdc9d9-ddb5-4fa4-a97d-d965ccfc6d4b" outcome="Passed" testListId="8c84fa94-04c1-424b-9868-57a2d4851a1d" relativeResultsDirectory="2e7ed981-555f-47fd-9167-8362f00e92f4" />
    <UnitTestResult executionId="cee2ada5-5e77-4a36-b62a-d31b9bf704d4" testId="9a3f9192-032b-444b-b909-ae11d670b39a" testName="TFSTests.TestManagement.TestRun ConvertParamNameToHex_1" computerName="TFSBUILD11" duration="00:00:00.0140000" startTime="2015-09-28T09:46:04.5660223-07:00" endTime="2015-09-28T09:46:04.5660223-07:00" testType="13cdc9d9-ddb5-4fa4-a97d-d965ccfc6d4b" outcome="Passed" testListId="8c84fa94-04c1-424b-9868-57a2d4851a1d" relativeResultsDirectory="cee2ada5-5e77-4a36-b62a-d31b9bf704d4" />
    <UnitTestResult executionId="197aab24-b2a7-4967-81bf-39d658799ece" testId="7d0cc240-ba24-48e9-a1df-a36e66efc716" testName="TFSTests.TestManagement.TestRun ConvertParamNameToHex_2" computerName="TFSBUILD11" duration="00:00:00.0130000" startTime="2015-09-28T09:46:04.5660223-07:00" endTime="2015-09-28T09:46:04.5660223-07:00" testType="13cdc9d9-ddb5-4fa4-a97d-d965ccfc6d4b" outcome="Passed" testListId="8c84fa94-04c1-424b-9868-57a2d4851a1d" relativeResultsDirectory="197aab24-b2a7-4967-81bf-39d658799ece" />
    <UnitTestResult executionId="831a7382-48cf-4c62-baeb-d74f6f931425" testId="b3bcc853-149a-45c6-8d54-8cc01933f89e" testName="TFSTests.TestManagement.TestRun ConvertParamNameToHex_3" computerName="TFSBUILD11" duration="00:00:00.0140000" startTime="2015-09-28T09:46:04.5660223-07:00" endTime="2015-09-28T09:46:04.5660223-07:00" testType="13cdc9d9-ddb5-4fa4-a97d-d965ccfc6d4b" outcome="Passed" testListId="8c84fa94-04c1-424b-9868-57a2d4851a1d" relativeResultsDirectory="831a7382-48cf-4c62-baeb-d74f6f931425" />
    <UnitTestResult executionId="90959dcd-41b9-4367-af51-c9fc718314c2" testId="0a88c8d4-8215-486d-be52-bafa2855cb07" testName="TFSTests.TestManagement.TestRun ConvertParamNameToHex_4" computerName="TFSBUILD11" duration="00:00:00.0140000" startTime="2015-09-28T09:46:04.5660223-07:00" endTime="2015-09-28T09:46:04.5660223-07:00" testType="13cdc9d9-ddb5-4fa4-a97d-d965ccfc6d4b" outcome="Passed" testListId="8c84fa94-04c1-424b-9868-57a2d4851a1d" relativeResultsDirectory="90959dcd-41b9-4367-af51-c9fc718314c2" />
    <UnitTestResult executionId="8fe0b164-c425-4b75-88f2-e0304ac2d4b9" testId="2b1a97d4-fab7-49f0-b92c-8a7477eefb69" testName="TFSTests.TestManagement.TestRun ConvertParamNameToHex_5" computerName="TFSBUILD11" duration="00:00:00.0140000" startTime="2015-09-28T09:46:04.5660223-07:00" endTime="2015-09-28T09:46:04.5660223-07:00" testType="13cdc9d9-ddb5-4fa4-a97d-d965ccfc6d4b" outcome="Passed" testListId="8c84fa94-04c1-424b-9868-57a2d4851a1d" relativeResultsDirectory="8fe0b164-c425-4b75-88f2-e0304ac2d4b9" />
    <UnitTestResult executionId="42ed176a-e05a-469c-a164-851053a87e18" testId="9f999e7d-0c3d-4425-b5c6-c67e7ed2facd" testName="TFSTests.TestManagement.TestRun ConvertParamNameToHex_6" computerName="TFSBUILD11" duration="00:00:00.0140000" startTime="2015-09-28T09:46:04.8589340-07:00" endTime="2015-09-28T09:46:04.8589340-07:00" testType="13cdc9d9-ddb5-4fa4-a97d-d965ccfc6d4b" outcome="Passed" testListId="8c84fa94-04c1-424b-9868-57a2d4851a1d" relativeResultsDirectory="42ed176a-e05a-469c-a164-851053a87e18" />
    <UnitTestResult executionId="ea90cce2-e903-4819-9b39-2dd1d8921bf7" testId="dcdb5713-2f6d-4b3f-9053-55cceb478941" testName="TFSTests.TestManagement.TestRun HasParameterTests" computerName="TFSBUILD11" duration="00:00:00.0150000" startTime="2015-09-28T09:46:04.8589340-07:00" endTime="2015-09-28T09:46:04.8589340-07:00" testType="13cdc9d9-ddb5-4fa4-a97d-d965ccfc6d4b" outcome="Passed" testListId="8c84fa94-04c1-424b-9868-57a2d4851a1d" relativeResultsDirectory="ea90cce2-e903-4819-9b39-2dd1d8921bf7" />
    <UnitTestResult executionId="b37cec0f-73e9-4d48-9635-ca218c1b5a13" testId="13dc3a9a-a02d-4da8-b391-22bae9ca3757" testName="TFSTests.TestManagement.TestRun VerifyHeaderTable" computerName="TFSBUILD11" duration="00:00:00.0300000" startTime="2015-09-28T09:46:04.8589340-07:00" endTime="2015-09-28T09:46:04.8589340-07:00" testType="13cdc9d9-ddb5-4fa4-a97d-d965ccfc6d4b" outcome="Passed" testListId="8c84fa94-04c1-424b-9868-57a2d4851a1d" relativeResultsDirectory="b37cec0f-73e9-4d48-9635-ca218c1b5a13" />
    <UnitTestResult executionId="fe018be3-e2a1-4cbf-a8fc-8c7f241cf4dc" testId="c20e071c-a380-495a-afe4-297e2ed3a6e4" testName="TFSTests.TestManagement.TestRun VerifyReproStepsTable1" computerName="TFSBUILD11" duration="00:00:00.0150000" startTime="2015-09-28T09:46:04.8589340-07:00" endTime="2015-09-28T09:46:04.8589340-07:00" testType="13cdc9d9-ddb5-4fa4-a97d-d965ccfc6d4b" outcome="Passed" testListId="8c84fa94-04c1-424b-9868-57a2d4851a1d" relativeResultsDirectory="fe018be3-e2a1-4cbf-a8fc-8c7f241cf4dc" />
    <UnitTestResult executionId="3f6eee01-5515-410d-800a-c8345177f802" testId="557c7e56-4b6a-47fa-b56c-f491b41604e3" testName="TFSTests.TestManagement.TestRun VerifyReproStepTable" computerName="TFSBUILD11" duration="00:00:00.0210000" startTime="2015-09-28T09:46:04.8589340-07:00" endTime="2015-09-28T09:46:04.8589340-07:00" testType="13cdc9d9-ddb5-4fa4-a97d-d965ccfc6d4b" outcome="Passed" testListId="8c84fa94-04c1-424b-9868-57a2d4851a1d" relativeResultsDirectory="3f6eee01-5515-410d-800a-c8345177f802" />
    <UnitTestResult executionId="962186ac-5fd8-468c-9db1-bdd07325a50f" testId="ecedaced-3805-47b9-9966-db1e8c3c145f" testName="TFSTests.TestManagement.TestRun VerifyEditTestStepInWebRunnerContextMenuBasedOnLicense" computerName="TFSBUILD11" duration="00:00:00.0190000" startTime="2015-09-28T09:46:04.8599341-07:00" endTime="2015-09-28T09:46:04.8599341-07:00" testType="13cdc9d9-ddb5-4fa4-a97d-d965ccfc6d4b" outcome="Passed" testListId="8c84fa94-04c1-424b-9868-57a2d4851a1d" relativeResultsDirectory="962186ac-5fd8-468c-9db1-bdd07325a50f" />
    <UnitTestResult executionId="38fe3451-2969-4ea1-9318-74276e90a21f" testId="663eed6b-6cbf-4a6a-ba96-cfadc44a0eb7" testName="TFSTests.TestManagement.TestRun VerifyTestStepEditIconVisibilyBasedOnLicense" computerName="TFSBUILD11" duration="00:00:00.0630000" startTime="2015-09-28T09:46:04.8599341-07:00" endTime="2015-09-28T09:46:04.8599341-07:00" testType="13cdc9d9-ddb5-4fa4-a97d-d965ccfc6d4b" outcome="Passed" testListId="8c84fa94-04c1-424b-9868-57a2d4851a1d" relativeResultsDirectory="38fe3451-2969-4ea1-9318-74276e90a21f" />
    <UnitTestResult executionId="3a4361a8-3991-40b2-8fed-e094fd560d33" testId="c330027a-afa3-4b4a-a205-bc5be5122262" testName="TFSTests.TestManagement.TestHubView.TagsFilterTests VerifyFilteredTestPoints" computerName="TFSBUILD11" duration="00:00:00.0770000" startTime="2015-09-28T09:46:04.8599341-07:00" endTime="2015-09-28T09:46:04.8599341-07:00" testType="13cdc9d9-ddb5-4fa4-a97d-d965ccfc6d4b" outcome="Passed" testListId="8c84fa94-04c1-424b-9868-57a2d4851a1d" relativeResultsDirectory="3a4361a8-3991-40b2-8fed-e094fd560d33" />
    <UnitTestResult executionId="c7712e8b-2a5f-4ec3-871a-d558df82c924" testId="93b945cc-dc99-4926-a56c-0d05f6f1435c" testName="TFSTests.TestManagement.TestHubView.TagsFilterTests VerifyFilteringOnTagInitializesAndSortsGrid" computerName="TFSBUILD11" duration="00:00:00.0350000" startTime="2015-09-28T09:46:04.8599341-07:00" endTime="2015-09-28T09:46:04.8599341-07:00" testType="13cdc9d9-ddb5-4fa4-a97d-d965ccfc6d4b" outcome="Passed" testListId="8c84fa94-04c1-424b-9868-57a2d4851a1d" relativeResultsDirectory="c7712e8b-2a5f-4ec3-871a-d558df82c924" />
    <UnitTestResult executionId="526c24df-e774-4d2d-9dec-6d09ea043def" testId="40866aa3-3fe6-4673-9345-523e241b442e" testName="TFSTests.TestManagement.TestHubView.TagsFilterTests TagsRefreshedOnFilterActivation" computerName="TFSBUILD11" duration="00:00:00.0320000" startTime="2015-09-28T09:46:05.1809723-07:00" endTime="2015-09-28T09:46:05.1809723-07:00" testType="13cdc9d9-ddb5-4fa4-a97d-d965ccfc6d4b" outcome="Passed" testListId="8c84fa94-04c1-424b-9868-57a2d4851a1d" relativeResultsDirectory="526c24df-e774-4d2d-9dec-6d09ea043def" />
    <UnitTestResult executionId="2978ad78-85e5-4e68-b214-a4208e2757c8" testId="fc2e94f1-e081-4df3-9e96-31a3dfa28945" testName="TFSTests.TestManagement.TestHubView.TagsFilterTests RefreshingGridWillFilterWorkitems" computerName="TFSBUILD11" duration="00:00:00.0400000" startTime="2015-09-28T09:46:05.1809723-07:00" endTime="2015-09-28T09:46:05.1809723-07:00" testType="13cdc9d9-ddb5-4fa4-a97d-d965ccfc6d4b" outcome="Passed" testListId="8c84fa94-04c1-424b-9868-57a2d4851a1d" relativeResultsDirectory="2978ad78-85e5-4e68-b214-a4208e2757c8" />
    <UnitTestResult executionId="17781666-def5-4af0-8d70-0124b965beef" testId="83f13489-b3ea-46ce-b024-7e800431d3fb" testName="TFSTests.TestManagement.TestHubView.TagsFilterTests AddFilterGetsMatchingIdsAnfFiltersTestpoints" computerName="TFSBUILD11" duration="00:00:00.0410000" startTime="2015-09-28T09:46:05.1809723-07:00" endTime="2015-09-28T09:46:05.1809723-07:00" testType="13cdc9d9-ddb5-4fa4-a97d-d965ccfc6d4b" outcome="Passed" testListId="8c84fa94-04c1-424b-9868-57a2d4851a1d" relativeResultsDirectory="17781666-def5-4af0-8d70-0124b965beef" />
    <UnitTestResult executionId="dc47199e-28af-4d0b-8d20-7d7c606ffd34" testId="fd8ad5a9-58e1-4c88-be4d-5b461466690f" testName="TFSTests.TestManagement.TestHubView.TagsFilterTests RemoveTagFilterRestoresUnfilteredList" computerName="TFSBUILD11" duration="00:00:00.0570000" startTime="2015-09-28T09:46:05.1809723-07:00" endTime="2015-09-28T09:46:05.1809723-07:00" testType="13cdc9d9-ddb5-4fa4-a97d-d965ccfc6d4b" outcome="Passed" testListId="8c84fa94-04c1-424b-9868-57a2d4851a1d" relativeResultsDirectory="dc47199e-28af-4d0b-8d20-7d7c606ffd34" />
    <UnitTestResult executionId="3c22cac0-a33e-437a-90de-5d4d49597f50" testId="e08ced45-504a-4888-9f39-6baa47504c08" testName="TFSTests.TestManagement.TestHubView VerifyTestPlansDisplayText" computerName="TFSBUILD11" duration="00:00:00.0330000" startTime="2015-09-28T09:46:05.1809723-07:00" endTime="2015-09-28T09:46:05.1809723-07:00" testType="13cdc9d9-ddb5-4fa4-a97d-d965ccfc6d4b" outcome="Passed" testListId="8c84fa94-04c1-424b-9868-57a2d4851a1d" relativeResultsDirectory="3c22cac0-a33e-437a-90de-5d4d49597f50" />
    <UnitTestResult executionId="88ff70e9-e9f9-4013-9eec-313d139b6d1a" testId="97f175c6-1842-43dd-b338-34d90f6083ae" testName="TFSTests.TestManagement.TestHubView VerifyTestPlansDropDownDataFormat" computerName="TFSBUILD11" duration="00:00:00.0410000" startTime="2015-09-28T09:46:05.1809723-07:00" endTime="2015-09-28T09:46:05.1809723-07:00" testType="13cdc9d9-ddb5-4fa4-a97d-d965ccfc6d4b" outcome="Passed" testListId="8c84fa94-04c1-424b-9868-57a2d4851a1d" relativeResultsDirectory="88ff70e9-e9f9-4013-9eec-313d139b6d1a" />
    <UnitTestResult executionId="3a9b9bcb-b581-4a97-9fed-39af22b7cd61" testId="052582ca-3191-4eff-83a2-1cf4b1b70399" testName="TFSTests.TestManagement.TestHubView VerifyTestPlansDropDown2" computerName="TFSBUILD11" duration="00:00:00.0230000" startTime="2015-09-28T09:46:05.1809723-07:00" endTime="2015-09-28T09:46:05.1809723-07:00" testType="13cdc9d9-ddb5-4fa4-a97d-d965ccfc6d4b" outcome="Passed" testListId="8c84fa94-04c1-424b-9868-57a2d4851a1d" relativeResultsDirectory="3a9b9bcb-b581-4a97-9fed-39af22b7cd61" />
    <UnitTestResult executionId="b7b6b14c-7e1c-4288-a9cb-48ba9bee53f5" testId="4d66a8f7-5381-415d-be5f-bbcab20cada8" testName="TFSTests.TestManagement.TestHubView VerifyTestSuitesTree1" computerName="TFSBUILD11" duration="00:00:00.0280000" startTime="2015-09-28T09:46:05.1809723-07:00" endTime="2015-09-28T09:46:05.1809723-07:00" testType="13cdc9d9-ddb5-4fa4-a97d-d965ccfc6d4b" outcome="Passed" testListId="8c84fa94-04c1-424b-9868-57a2d4851a1d" relativeResultsDirectory="b7b6b14c-7e1c-4288-a9cb-48ba9bee53f5" />
    <UnitTestResult executionId="9b5f0d09-9f83-4f59-8a92-823379e27b37" testId="f9f8a9ab-142c-4d4a-95ed-46517ec95fcc" testName="TFSTests.TestManagement.TestHubView VerifyRootNodeExpansion" computerName="TFSBUILD11" duration="00:00:00.0240000" startTime="2015-09-28T09:46:05.1819725-07:00" endTime="2015-09-28T09:46:05.1819725-07:00" testType="13cdc9d9-ddb5-4fa4-a97d-d965ccfc6d4b" outcome="Passed" testListId="8c84fa94-04c1-424b-9868-57a2d4851a1d" relativeResultsDirectory="9b5f0d09-9f83-4f59-8a92-823379e27b37" />
    <UnitTestResult executionId="86ddd409-cb1e-4d40-865c-65fdd0b17a80" testId="1f9b5dca-8f6f-4893-a7f9-190ac71066e9" testName="TFSTests.TestManagement.TestHubView VerifyTestSuitesTree2" computerName="TFSBUILD11" duration="00:00:00.0180000" startTime="2015-09-28T09:46:05.7146499-07:00" endTime="2015-09-28T09:46:05.7146499-07:00" testType="13cdc9d9-ddb5-4fa4-a97d-d965ccfc6d4b" outcome="Passed" testListId="8c84fa94-04c1-424b-9868-57a2d4851a1d" relativeResultsDirectory="86ddd409-cb1e-4d40-865c-65fdd0b17a80" />
    <UnitTestResult executionId="28fe3442-359a-496f-a0ca-eb1b7c26e054" testId="4b17262c-24a0-4700-92cf-57706b2988c6" testName="TFSTests.TestManagement.TestHubView VerifyTestSuitesTreeSelectionMethods" computerName="TFSBUILD11" duration="00:00:00.0360000" startTime="2015-09-28T09:46:05.7146499-07:00" endTime="2015-09-28T09:46:05.7146499-07:00" testType="13cdc9d9-ddb5-4fa4-a97d-d965ccfc6d4b" outcome="Passed" testListId="8c84fa94-04c1-424b-9868-57a2d4851a1d" relativeResultsDirectory="28fe3442-359a-496f-a0ca-eb1b7c26e054" />
    <UnitTestResult executionId="fe72a938-71e0-44e9-8915-76a16e4b01c8" testId="6973b24a-6c59-4b1b-a1bc-37ac58549e08" testName="TFSTests.TestManagement.TestHubView VerifyTestHubViewControls" computerName="TFSBUILD11" duration="00:00:00.1260000" startTime="2015-09-28T09:46:05.7146499-07:00" endTime="2015-09-28T09:46:05.7146499-07:00" testType="13cdc9d9-ddb5-4fa4-a97d-d965ccfc6d4b" outcome="Passed" testListId="8c84fa94-04c1-424b-9868-57a2d4851a1d" relativeResultsDirectory="fe72a938-71e0-44e9-8915-76a16e4b01c8" />
    <UnitTestResult executionId="d330b9d2-1979-4e68-b961-a0bda5d3d034" testId="85102758-1481-4101-8cd0-e3221bd1168f" testName="TFSTests.TestManagement.TestHubView VerifyTestHubViewErrorFunctions" computerName="TFSBUILD11" duration="00:00:00.0770000" startTime="2015-09-28T09:46:05.7146499-07:00" endTime="2015-09-28T09:46:05.7146499-07:00" testType="13cdc9d9-ddb5-4fa4-a97d-d965ccfc6d4b" outcome="Passed" testListId="8c84fa94-04c1-424b-9868-57a2d4851a1d" relativeResultsDirectory="d330b9d2-1979-4e68-b961-a0bda5d3d034" />
    <UnitTestResult executionId="10ece39c-6035-4f0e-8a33-d5f2aa2b3cc8" testId="23cf9123-d540-4b7e-8f0d-225c016ff028" testName="TFSTests.TestManagement.TestHubView VerifyTestCaseGridData" computerName="TFSBUILD11" duration="00:00:00.0350000" startTime="2015-09-28T09:46:05.7146499-07:00" endTime="2015-09-28T09:46:05.7146499-07:00" testType="13cdc9d9-ddb5-4fa4-a97d-d965ccfc6d4b" outcome="Passed" testListId="8c84fa94-04c1-424b-9868-57a2d4851a1d" relativeResultsDirectory="10ece39c-6035-4f0e-8a33-d5f2aa2b3cc8" />
    <UnitTestResult executionId="5ff447c4-da75-44a2-998e-11f4768d9c4a" testId="05052326-d68a-4be3-a0e7-fd6682efa584" testName="TFSTests.TestManagement.TestHubView VerifyAssignTesterContextMenuNotShowingForBasicUser" computerName="TFSBUILD11" duration="00:00:00.0410000" startTime="2015-09-28T09:46:05.7146499-07:00" endTime="2015-09-28T09:46:05.7146499-07:00" testType="13cdc9d9-ddb5-4fa4-a97d-d965ccfc6d4b" outcome="Passed" testListId="8c84fa94-04c1-424b-9868-57a2d4851a1d" relativeResultsDirectory="5ff447c4-da75-44a2-998e-11f4768d9c4a" />
    <UnitTestResult executionId="944c0d0a-02c5-4ea2-bad0-10a04038e519" testId="aa074c82-6e73-4a64-98b7-afd9194a6b5c" testName="TFSTests.TestManagement.TestHubView VerifyTestPointContextMenuGridItemsCount" computerName="TFSBUILD11" duration="00:00:00.0210000" startTime="2015-09-28T09:46:05.7146499-07:00" endTime="2015-09-28T09:46:05.7146499-07:00" testType="13cdc9d9-ddb5-4fa4-a97d-d965ccfc6d4b" outcome="Passed" testListId="8c84fa94-04c1-424b-9868-57a2d4851a1d" relativeResultsDirectory="944c0d0a-02c5-4ea2-bad0-10a04038e519" />
    <UnitTestResult executionId="d3d44c7c-964c-41f4-9334-efd38a167480" testId="b2dc02d4-0fde-4b93-b0da-0dbc4a436ab3" testName="TFSTests.TestManagement.TestHubView VerifyToolbarButtonState" computerName="TFSBUILD11" duration="00:00:00.0940000" startTime="2015-09-28T09:46:05.7146499-07:00" endTime="2015-09-28T09:46:05.7146499-07:00" testType="13cdc9d9-ddb5-4fa4-a97d-d965ccfc6d4b" outcome="Passed" testListId="8c84fa94-04c1-424b-9868-57a2d4851a1d" relativeResultsDirectory="d3d44c7c-964c-41f4-9334-efd38a167480" />
    <UnitTestResult executionId="0f0c447a-e50e-4f12-84d7-b41e9d43a6fd" testId="badca105-378e-4e13-8584-9c82c237537e" testName="TFSTests.TestManagement.TestHubView VerifyOpenTestButtonDisabledForMultiSelect" computerName="TFSBUILD11" duration="00:00:00.0820000" startTime="2015-09-28T09:46:05.7146499-07:00" endTime="2015-09-28T09:46:05.7146499-07:00" testType="13cdc9d9-ddb5-4fa4-a97d-d965ccfc6d4b" outcome="Passed" testListId="8c84fa94-04c1-424b-9868-57a2d4851a1d" relativeResultsDirectory="0f0c447a-e50e-4f12-84d7-b41e9d43a6fd" />
    <UnitTestResult executionId="292fff83-0ba4-4ee6-8674-b70f4acedc13" testId="c84aaef4-497b-4ffe-9ba4-bf5f91c27f15" testName="TFSTests.TestManagement.TestHubView VerifyRemoveSuiteNOtAvailableForBasicUsers" computerName="TFSBUILD11" duration="00:00:00.0280000" startTime="2015-09-28T09:46:06.0872650-07:00" endTime="2015-09-28T09:46:06.0872650-07:00" testType="13cdc9d9-ddb5-4fa4-a97d-d965ccfc6d4b" outcome="Passed" testListId="8c84fa94-04c1-424b-9868-57a2d4851a1d" relativeResultsDirectory="292fff83-0ba4-4ee6-8674-b70f4acedc13" />
    <UnitTestResult executionId="5976d80e-4ff5-4da5-8300-27c7040af749" testId="50413de3-7cee-45dc-a095-37503a2743f6" testName="TFSTests.TestManagement.TestHubView VerifyRemoveTestCaseButtonDisabledIfNoTestCaseSelected" computerName="TFSBUILD11" duration="00:00:00.0920000" startTime="2015-09-28T09:46:06.0872650-07:00" endTime="2015-09-28T09:46:06.0872650-07:00" testType="13cdc9d9-ddb5-4fa4-a97d-d965ccfc6d4b" outcome="Passed" testListId="8c84fa94-04c1-424b-9868-57a2d4851a1d" relativeResultsDirectory="5976d80e-4ff5-4da5-8300-27c7040af749" />
    <UnitTestResult executionId="78325265-edc9-4471-9410-dd4eed7f19c1" testId="76ded4fc-0f0d-4241-a41a-9b51bdda175e" testName="TFSTests.TestManagement.TestHubView VerifyColumnOptionsButtonDisabledIfNoTestCaseSelected" computerName="TFSBUILD11" duration="00:00:00.0850000" startTime="2015-09-28T09:46:06.0882654-07:00" endTime="2015-09-28T09:46:06.0882654-07:00" testType="13cdc9d9-ddb5-4fa4-a97d-d965ccfc6d4b" outcome="Passed" testListId="8c84fa94-04c1-424b-9868-57a2d4851a1d" relativeResultsDirectory="78325265-edc9-4471-9410-dd4eed7f19c1" />
    <UnitTestResult executionId="6d854af9-7a3a-4af7-885b-0bb35a9bbc3d" testId="91462990-8c44-4877-b86f-e828b14c5058" testName="TFSTests.TestManagement.TestHubView VerifyNotApplicableButtonDisabledBehavior" computerName="TFSBUILD11" duration="00:00:00.0830000" startTime="2015-09-28T09:46:06.0882654-07:00" endTime="2015-09-28T09:46:06.0882654-07:00" testType="13cdc9d9-ddb5-4fa4-a97d-d965ccfc6d4b" outcome="Passed" testListId="8c84fa94-04c1-424b-9868-57a2d4851a1d" relativeResultsDirectory="6d854af9-7a3a-4af7-885b-0bb35a9bbc3d" />
    <UnitTestResult executionId="d7820970-00c5-4e62-bb5b-6927cae60651" testId="39caacb7-a298-4fc9-b816-820491db8e6c" testName="TFSTests.TestManagement.TestHubView FilterHelperBasicTest" computerName="TFSBUILD11" duration="00:00:00.0200000" startTime="2015-09-28T09:46:06.0882654-07:00" endTime="2015-09-28T09:46:06.0882654-07:00" testType="13cdc9d9-ddb5-4fa4-a97d-d965ccfc6d4b" outcome="Passed" testListId="8c84fa94-04c1-424b-9868-57a2d4851a1d" relativeResultsDirectory="d7820970-00c5-4e62-bb5b-6927cae60651" />
    <UnitTestResult executionId="db8ead99-c78f-4840-bdeb-0d2c6651656c" testId="1e2c6b5d-f04e-4bf4-83a7-20d405ca6d7b" testName="TFSTests.TestManagement.TestHubView FilterHelperBasicTestForTesterField" computerName="TFSBUILD11" duration="00:00:00.0160000" startTime="2015-09-28T09:46:06.0882654-07:00" endTime="2015-09-28T09:46:06.0882654-07:00" testType="13cdc9d9-ddb5-4fa4-a97d-d965ccfc6d4b" outcome="Passed" testListId="8c84fa94-04c1-424b-9868-57a2d4851a1d" relativeResultsDirectory="db8ead99-c78f-4840-bdeb-0d2c6651656c" />
    <UnitTestResult executionId="17a82c4e-d3a4-47af-a651-730ad6d3b346" testId="fc2aa48c-2f32-418d-9804-47654cbfa537" testName="TFSTests.TestManagement.TestHubView FilterHelperNoTester" computerName="TFSBUILD11" duration="00:00:00.0150000" startTime="2015-09-28T09:46:06.0882654-07:00" endTime="2015-09-28T09:46:06.0882654-07:00" testType="13cdc9d9-ddb5-4fa4-a97d-d965ccfc6d4b" outcome="Passed" testListId="8c84fa94-04c1-424b-9868-57a2d4851a1d" relativeResultsDirectory="17a82c4e-d3a4-47af-a651-730ad6d3b346" />
    <UnitTestResult executionId="c7ce3ae8-8b2b-4c54-95c0-c1b3cb591710" testId="58d587ac-c982-4cdf-8ed9-ebe744a11270" testName="TFSTests.TestManagement.TestHubView FilterHelperTestMultipleFilter" computerName="TFSBUILD11" duration="00:00:00.0150000" startTime="2015-09-28T09:46:06.0882654-07:00" endTime="2015-09-28T09:46:06.0882654-07:00" testType="13cdc9d9-ddb5-4fa4-a97d-d965ccfc6d4b" outcome="Passed" testListId="8c84fa94-04c1-424b-9868-57a2d4851a1d" relativeResultsDirectory="c7ce3ae8-8b2b-4c54-95c0-c1b3cb591710" />
    <UnitTestResult executionId="06d5469f-5503-419a-b48b-f3d25364659a" testId="9733bdd7-4231-4709-a854-0c560033d713" testName="TFSTests.TestManagement.TestHubView FilterHelperDefaultSelectionTest" computerName="TFSBUILD11" duration="00:00:00.0160000" startTime="2015-09-28T09:46:06.0882654-07:00" endTime="2015-09-28T09:46:06.0882654-07:00" testType="13cdc9d9-ddb5-4fa4-a97d-d965ccfc6d4b" outcome="Passed" testListId="8c84fa94-04c1-424b-9868-57a2d4851a1d" relativeResultsDirectory="06d5469f-5503-419a-b48b-f3d25364659a" />
    <UnitTestResult executionId="71feec0d-59b0-45af-8f27-fdd1cbc23c8d" testId="059c3979-11c0-42d8-9c37-ef853e98d124" testName="TFSTests.TestManagement.TestHubView FilterHelperSelectionStickyTest" computerName="TFSBUILD11" duration="00:00:00.0150000" startTime="2015-09-28T09:46:06.2300872-07:00" endTime="2015-09-28T09:46:06.2300872-07:00" testType="13cdc9d9-ddb5-4fa4-a97d-d965ccfc6d4b" outcome="Passed" testListId="8c84fa94-04c1-424b-9868-57a2d4851a1d" relativeResultsDirectory="71feec0d-59b0-45af-8f27-fdd1cbc23c8d" />
    <UnitTestResult executionId="87b184ae-6706-447c-a25d-94c6a7cc3224" testId="f391eaa9-009f-4d81-8c66-3f4b7ece5af9" testName="TFSTests.TestManagement.TestHubView ValidateClientMTRUrl" computerName="TFSBUILD11" duration="00:00:00.0150000" startTime="2015-09-28T09:46:06.2310873-07:00" endTime="2015-09-28T09:46:06.2310873-07:00" testType="13cdc9d9-ddb5-4fa4-a97d-d965ccfc6d4b" outcome="Passed" testListId="8c84fa94-04c1-424b-9868-57a2d4851a1d" relativeResultsDirectory="87b184ae-6706-447c-a25d-94c6a7cc3224" />
    <UnitTestResult executionId="711bfd55-d492-431a-95e2-606f5186361b" testId="a1915bfa-6da5-4b75-a3da-7376c058f54a" testName="TFSTests.TestManagement.TestHubView ValidateClienResultsUrl" computerName="TFSBUILD11" duration="00:00:00.0160000" startTime="2015-09-28T09:46:06.2310873-07:00" endTime="2015-09-28T09:46:06.2310873-07:00" testType="13cdc9d9-ddb5-4fa4-a97d-d965ccfc6d4b" outcome="Passed" testListId="8c84fa94-04c1-424b-9868-57a2d4851a1d" relativeResultsDirectory="711bfd55-d492-431a-95e2-606f5186361b" />
    <UnitTestResult executionId="6a34a1d8-d073-4a36-ae38-687e967df732" testId="4327825a-6920-4f70-8090-9b69f7f3e340" testName="TFSTests.TestManagement.TestHubView ValidateClientResultsUrlForManualRun" computerName="TFSBUILD11" duration="00:00:00.0150000" startTime="2015-09-28T09:46:06.2310873-07:00" endTime="2015-09-28T09:46:06.2310873-07:00" testType="13cdc9d9-ddb5-4fa4-a97d-d965ccfc6d4b" outcome="Passed" testListId="8c84fa94-04c1-424b-9868-57a2d4851a1d" relativeResultsDirectory="6a34a1d8-d073-4a36-ae38-687e967df732" />
    <UnitTestResult executionId="b41b31e8-d7e4-4fc0-b315-8582da0b9e5c" testId="b5381c68-9bcc-4142-adc2-c1eae61a3ffd" testName="TFSTests.TestManagement.TestHubView PageHelper_Constructor" computerName="TFSBUILD11" duration="00:00:00.0150000" startTime="2015-09-28T09:46:06.2310873-07:00" endTime="2015-09-28T09:46:06.2310873-07:00" testType="13cdc9d9-ddb5-4fa4-a97d-d965ccfc6d4b" outcome="Passed" testListId="8c84fa94-04c1-424b-9868-57a2d4851a1d" relativeResultsDirectory="b41b31e8-d7e4-4fc0-b315-8582da0b9e5c" />
    <UnitTestResult executionId="05c3e535-7635-4a1d-9fb3-5ca63028d261" testId="f32afd85-0262-4d46-b76e-3eab7e7eabe9" testName="TFSTests.TestManagement.TestHubView PageHelper_BasicPaging" computerName="TFSBUILD11" duration="00:00:00.0160000" startTime="2015-09-28T09:46:06.2310873-07:00" endTime="2015-09-28T09:46:06.2310873-07:00" testType="13cdc9d9-ddb5-4fa4-a97d-d965ccfc6d4b" outcome="Passed" testListId="8c84fa94-04c1-424b-9868-57a2d4851a1d" relativeResultsDirectory="05c3e535-7635-4a1d-9fb3-5ca63028d261" />
    <UnitTestResult executionId="71a68a4a-b2e8-46a3-a2e8-8d341a46a6ba" testId="f5b1501c-1236-4cf8-af55-9fead2b9d4bf" testName="TFSTests.TestManagement.TestHubView PageHelper_BoundaryCases" computerName="TFSBUILD11" duration="00:00:00.0170000" startTime="2015-09-28T09:46:06.2310873-07:00" endTime="2015-09-28T09:46:06.2310873-07:00" testType="13cdc9d9-ddb5-4fa4-a97d-d965ccfc6d4b" outcome="Passed" testListId="8c84fa94-04c1-424b-9868-57a2d4851a1d" relativeResultsDirectory="71a68a4a-b2e8-46a3-a2e8-8d341a46a6ba" />
    <UnitTestResult executionId="7fcbd69e-2d31-4767-940b-2e53cbd5cb5d" testId="b3aa68a5-26a3-40ff-888e-f2838f6b2880" testName="TFSTests.TestManagement.TestHubView RichTextEditorIE11Check" computerName="TFSBUILD11" duration="00:00:00.0160000" startTime="2015-09-28T09:46:06.2310873-07:00" endTime="2015-09-28T09:46:06.2310873-07:00" testType="13cdc9d9-ddb5-4fa4-a97d-d965ccfc6d4b" outcome="Passed" testListId="8c84fa94-04c1-424b-9868-57a2d4851a1d" relativeResultsDirectory="7fcbd69e-2d31-4767-940b-2e53cbd5cb5d" />
    <UnitTestResult executionId="9a456f1b-ea9f-48d5-aff2-c61424be8396" testId="ccf344d8-b28a-4fa5-8434-ec42c0a64a25" testName="TFSTests.TestManagement.TestHubView FormatInExcelFormatTest" computerName="TFSBUILD11" duration="00:00:00.0140000" startTime="2015-09-28T09:46:06.2310873-07:00" endTime="2015-09-28T09:46:06.2310873-07:00" testType="13cdc9d9-ddb5-4fa4-a97d-d965ccfc6d4b" outcome="Passed" testListId="8c84fa94-04c1-424b-9868-57a2d4851a1d" relativeResultsDirectory="9a456f1b-ea9f-48d5-aff2-c61424be8396" />
    <UnitTestResult executionId="9f774851-be0e-4818-b810-c48985e00a79" testId="9bebe953-c920-46b5-8574-08990a4d12b3" testName="TFSTests.TestManagement.TestSuitesAndResultsPane RefreshSuitePanePaneListCallsGetSuiteApi" computerName="TFSBUILD11" duration="00:00:00.0600000" startTime="2015-09-28T09:46:06.4391008-07:00" endTime="2015-09-28T09:46:06.4391008-07:00" testType="13cdc9d9-ddb5-4fa4-a97d-d965ccfc6d4b" outcome="Passed" testListId="8c84fa94-04c1-424b-9868-57a2d4851a1d" relativeResultsDirectory="9f774851-be0e-4818-b810-c48985e00a79" />
    <UnitTestResult executionId="a94cee4a-c8b2-4e15-88be-1f45967f79ca" testId="8d4798bc-11be-4b2f-8eb2-b6394c4a5fc1" testName="TFSTests.TestManagement.TestSuitesAndResultsPane RefreshResultsPaneListCallsGetResultsApi" computerName="TFSBUILD11" duration="00:00:00.0210000" startTime="2015-09-28T09:46:06.4391008-07:00" endTime="2015-09-28T09:46:06.4391008-07:00" testType="13cdc9d9-ddb5-4fa4-a97d-d965ccfc6d4b" outcome="Passed" testListId="8c84fa94-04c1-424b-9868-57a2d4851a1d" relativeResultsDirectory="a94cee4a-c8b2-4e15-88be-1f45967f79ca" />
    <UnitTestResult executionId="e0bcb54c-b88a-45d5-bb92-ca1ff639f8d3" testId="5e2b331c-1624-404b-8f57-6d8aaef11a32" testName="TFSTests.TestManagement.TestSuitesAndResultsPane PopulateDataGridCallsGetResultsApi" computerName="TFSBUILD11" duration="00:00:00.0220000" startTime="2015-09-28T09:46:06.4391008-07:00" endTime="2015-09-28T09:46:06.4391008-07:00" testType="13cdc9d9-ddb5-4fa4-a97d-d965ccfc6d4b" outcome="Passed" testListId="8c84fa94-04c1-424b-9868-57a2d4851a1d" relativeResultsDirectory="e0bcb54c-b88a-45d5-bb92-ca1ff639f8d3" />
    <UnitTestResult executionId="d2f5d783-65a2-4ce3-be5e-8e267cb6eb75" testId="eb1acb12-e68b-48e4-bb56-b49eae6c09b1" testName="TFSTests.TestManagement.TestSuitesAndResultsPane PaneDoesNotRefreshIfParamsDontChange" computerName="TFSBUILD11" duration="00:00:00.0200000" startTime="2015-09-28T09:46:06.4391008-07:00" endTime="2015-09-28T09:46:06.4391008-07:00" testType="13cdc9d9-ddb5-4fa4-a97d-d965ccfc6d4b" outcome="Passed" testListId="8c84fa94-04c1-424b-9868-57a2d4851a1d" relativeResultsDirectory="d2f5d783-65a2-4ce3-be5e-8e267cb6eb75" />
    <UnitTestResult executionId="fa4beb7e-09c7-4a16-9864-ee148a9386a9" testId="7b56ded8-f8ed-4f0f-9470-e7037f2fe603" testName="TFSTests.TestManagement.SuitesTreeTests VerifyAssignTestersToSuiteContextMenuCommand" computerName="TFSBUILD11" duration="00:00:00.0180000" startTime="2015-09-28T09:46:06.4391008-07:00" endTime="2015-09-28T09:46:06.4391008-07:00" testType="13cdc9d9-ddb5-4fa4-a97d-d965ccfc6d4b" outcome="Passed" testListId="8c84fa94-04c1-424b-9868-57a2d4851a1d" relativeResultsDirectory="fa4beb7e-09c7-4a16-9864-ee148a9386a9" />
    <UnitTestResult executionId="30d84079-5477-4f53-b234-40f3b3284df6" testId="6e6e71f3-c9a4-4cac-b5dd-baf4374ceeef" testName="TFSTests.TestManagement.TestResults.ResultsGrid Results detail view model constructor test" computerName="TFSBUILD11" duration="00:00:00.0150000" startTime="2015-09-28T09:46:06.4391008-07:00" endTime="2015-09-28T09:46:06.4391008-07:00" testType="13cdc9d9-ddb5-4fa4-a97d-d965ccfc6d4b" outcome="Passed" testListId="8c84fa94-04c1-424b-9868-57a2d4851a1d" relativeResultsDirectory="30d84079-5477-4f53-b234-40f3b3284df6" />
    <UnitTestResult executionId="8c7f1aac-aa96-42ce-b2a7-1ff6175c2761" testId="3fb28fa0-0860-4dd2-8149-13f3ab111800" testName="TFSTests.TestManagement.TestResults.ResultsGrid Ensure that onDisplayeDelegate is called back" computerName="TFSBUILD11" duration="00:00:00.0140000" startTime="2015-09-28T09:46:06.4401012-07:00" endTime="2015-09-28T09:46:06.4401012-07:00" testType="13cdc9d9-ddb5-4fa4-a97d-d965ccfc6d4b" outcome="Passed" testListId="8c84fa94-04c1-424b-9868-57a2d4851a1d" relativeResultsDirectory="8c7f1aac-aa96-42ce-b2a7-1ff6175c2761" />
    <UnitTestResult executionId="96132ede-389a-4ef3-8235-20cb12cbd323" testId="6bbaceb9-3934-4ebf-894f-c5e50efa9db3" testName="TFSTests.TestManagement.TestResults.ResultsGrid Ensure that load calls the results" computerName="TFSBUILD11" duration="00:00:00.0220000" startTime="2015-09-28T09:46:06.4401012-07:00" endTime="2015-09-28T09:46:06.4401012-07:00" testType="13cdc9d9-ddb5-4fa4-a97d-d965ccfc6d4b" outcome="Passed" testListId="8c84fa94-04c1-424b-9868-57a2d4851a1d" relativeResultsDirectory="96132ede-389a-4ef3-8235-20cb12cbd323" />
    <UnitTestResult executionId="e46a5d7a-72bc-45bd-a07e-2aee38bdb2f6" testId="078735af-bd25-4169-9032-96d7dc67db2f" testName="TFSTests.TestManagement.TestResults.ResultsDetailsPane VerifySummaryUpdateOnResultChange" computerName="TFSBUILD11" duration="00:00:00.0160000" startTime="2015-09-28T09:46:06.4401012-07:00" endTime="2015-09-28T09:46:06.4401012-07:00" testType="13cdc9d9-ddb5-4fa4-a97d-d965ccfc6d4b" outcome="Passed" testListId="8c84fa94-04c1-424b-9868-57a2d4851a1d" relativeResultsDirectory="e46a5d7a-72bc-45bd-a07e-2aee38bdb2f6" />
    <UnitTestResult executionId="f095426b-c221-4255-bb39-4fcc3c97b5ee" testId="56369843-a9e3-4fb5-83f8-65a5881b9414" testName="TFSTests.TestManagement.TestResults.TestResultsExtensionTests VerifyExceptionIsThrownForNullOption" computerName="TFSBUILD11" duration="00:00:00.0150000" startTime="2015-09-28T09:46:07.8596774-07:00" endTime="2015-09-28T09:46:07.8596774-07:00" testType="13cdc9d9-ddb5-4fa4-a97d-d965ccfc6d4b" outcome="Passed" testListId="8c84fa94-04c1-424b-9868-57a2d4851a1d" relativeResultsDirectory="f095426b-c221-4255-bb39-4fcc3c97b5ee" />
    <UnitTestResult executionId="331efaad-3943-4da5-abdc-813b3a99fc2b" testId="d8aac0cc-84ca-4c20-8ded-6a0ea08e9963" testName="TFSTests.TestManagement.TestResults.TestResultsExtensionTests VerifyOnDisplayCallbackIsHandled" computerName="TFSBUILD11" duration="00:00:00.0150000" startTime="2015-09-28T09:46:07.8596774-07:00" endTime="2015-09-28T09:46:07.8596774-07:00" testType="13cdc9d9-ddb5-4fa4-a97d-d965ccfc6d4b" outcome="Passed" testListId="8c84fa94-04c1-424b-9868-57a2d4851a1d" relativeResultsDirectory="331efaad-3943-4da5-abdc-813b3a99fc2b" />
    <UnitTestResult executionId="53b6d596-9189-4807-b18e-febe4f7eb9ff" testId="ec6eea14-e2b7-4985-ba82-e38130e188a8" testName="TFSTests.TestManagement.TestResults.TestResultsExtensionTests VerifyCreateViewIsCalledOnInitialize" computerName="TFSBUILD11" duration="00:00:00.0140000" startTime="2015-09-28T09:46:07.8596774-07:00" endTime="2015-09-28T09:46:07.8596774-07:00" testType="13cdc9d9-ddb5-4fa4-a97d-d965ccfc6d4b" outcome="Passed" testListId="8c84fa94-04c1-424b-9868-57a2d4851a1d" relativeResultsDirectory="53b6d596-9189-4807-b18e-febe4f7eb9ff" />
    <UnitTestResult executionId="3a9792d8-6281-4ffa-9b5c-d87890d91738" testId="d9613bca-151f-4e61-8ba5-2e420dbe8484" testName="TFSTests.TestManagement.TestResults.BuildContextHandlerTest VerifySourceCallbackLoadsResultViewModel" computerName="TFSBUILD11" duration="00:00:00.0150000" startTime="2015-09-28T09:46:07.8596774-07:00" endTime="2015-09-28T09:46:07.8596774-07:00" testType="13cdc9d9-ddb5-4fa4-a97d-d965ccfc6d4b" outcome="Passed" testListId="8c84fa94-04c1-424b-9868-57a2d4851a1d" relativeResultsDirectory="3a9792d8-6281-4ffa-9b5c-d87890d91738" />
    <UnitTestResult executionId="6973a5ce-31cd-4281-b414-b99695215a58" testId="083cabdb-bdb6-4a24-bf2b-4fb055964640" testName="TFSTests.TestManagement.TestResults.BuildContextHandlerTest VerifyOnDisplayCallbackIsHandled" computerName="TFSBUILD11" duration="00:00:00.0150000" startTime="2015-09-28T09:46:07.8607531-07:00" endTime="2015-09-28T09:46:07.8606755-07:00" testType="13cdc9d9-ddb5-4fa4-a97d-d965ccfc6d4b" outcome="Passed" testListId="8c84fa94-04c1-424b-9868-57a2d4851a1d" relativeResultsDirectory="6973a5ce-31cd-4281-b414-b99695215a58" />
    <UnitTestResult executionId="9a31fae1-1fd5-41f1-956d-3c81749f5018" testId="0f5c45d4-962d-4992-9cda-10197c11d87a" testName="TFSTests.TestManagement.TestResults.TestReportDataParserTests ValidateParseDuration" computerName="TFSBUILD11" duration="00:00:00.0140000" startTime="2015-09-28T09:46:07.8618527-07:00" endTime="2015-09-28T09:46:07.8618527-07:00" testType="13cdc9d9-ddb5-4fa4-a97d-d965ccfc6d4b" outcome="Passed" testListId="8c84fa94-04c1-424b-9868-57a2d4851a1d" relativeResultsDirectory="9a31fae1-1fd5-41f1-956d-3c81749f5018" />
    <UnitTestResult executionId="68f20de9-3d2e-49b5-82f2-67f5802b56fc" testId="0e849104-189c-4390-821d-f4338392cb36" testName="TFSTests.TestManagement.TestResults.TestReportDataParserTests ValidateParseFailureData" computerName="TFSBUILD11" duration="00:00:00.0150000" startTime="2015-09-28T09:46:07.8618527-07:00" endTime="2015-09-28T09:46:07.8618527-07:00" testType="13cdc9d9-ddb5-4fa4-a97d-d965ccfc6d4b" outcome="Passed" testListId="8c84fa94-04c1-424b-9868-57a2d4851a1d" relativeResultsDirectory="68f20de9-3d2e-49b5-82f2-67f5802b56fc" />
  </Results>
  <TestDefinitions>
    <UnitTest name="TFSTests.TestManagement.Charting VerifyFieldsFromAuthoringClientSideMetadataProvider" storage="d:\v2.0\a1\_work\dbded102\vso\tfs\service\webaccess\testmanagement\testscripts\tests\tfstests.testmanagement.charting.ts" id="e1ab2436-0699-4708-af31-e325e4d7e957">
      <Execution id="df9f38a7-f7e5-4cb9-8914-7e8c36be5e8e" />
      <TestMethod codeBase="d:\v2.0\a1\_work\dbded102\vso\tfs\service\webaccess\testmanagement\testscripts\tests\tfstests.testmanagement.charting.ts" adapterTypeName="Microsoft.VisualStudio.TestTools.TestTypes.Unit.UnitTestAdapter" className="d:\v2.0\a1\_work\dbded102\vso\tfs\service\webaccess\testmanagement\testscripts\tests\tfstests.testmanagement.charting.ts::tfstests.testmanagement" name="TFSTests.TestManagement.Charting VerifyFieldsFromAuthoringClientSideMetadataProvider" />
    </UnitTest>
    <UnitTest name="TFSTests.TestManagement.TestExecution CreateIterations" storage="d:\v2.0\a1\_work\dbded102\vso\tfs\service\webaccess\testmanagement\testscripts\tests\tfstests.testmanagement.testexecution.ts" id="bc8dd0ec-a5c5-498c-a7d0-72fe88ee81e7">
      <Execution id="0c792b9d-3c8e-4038-b0a9-5ba3ec594b6e" />
      <TestMethod codeBase="d:\v2.0\a1\_work\dbded102\vso\tfs\service\webaccess\testmanagement\testscripts\tests\tfstests.testmanagement.testexecution.ts" adapterTypeName="Microsoft.VisualStudio.TestTools.TestTypes.Unit.UnitTestAdapter" className="d:\v2.0\a1\_work\dbded102\vso\tfs\service\webaccess\testmanagement\testscripts\tests\tfstests.testmanagement.testexecution.ts::tfstests.testmanagement" name="TFSTests.TestManagement.TestExecution CreateIterations" />
    </UnitTest>
    <UnitTest name="TFSTests.TestManagement.TestExecution CreateStepResults" storage="d:\v2.0\a1\_work\dbded102\vso\tfs\service\webaccess\testmanagement\testscripts\tests\tfstests.testmanagement.testexecution.ts" id="13935cc6-f383-44fa-9d80-4edb52431b90">
      <Execution id="8b8451d1-3e8f-49f2-98a0-f844ce4b4b10" />
      <TestMethod codeBase="d:\v2.0\a1\_work\dbded102\vso\tfs\service\webaccess\testmanagement\testscripts\tests\tfstests.testmanagement.testexecution.ts" adapterTypeName="Microsoft.VisualStudio.TestTools.TestTypes.Unit.UnitTestAdapter" className="d:\v2.0\a1\_work\dbded102\vso\tfs\service\webaccess\testmanagement\testscripts\tests\tfstests.testmanagement.testexecution.ts::tfstests.testmanagement" name="TFSTests.TestManagement.TestExecution CreateStepResults" />
    </UnitTest>
    <UnitTest name="TFSTests.TestManagement.TestExecution CreateMultipleIterationsWithStepResults" storage="d:\v2.0\a1\_work\dbded102\vso\tfs\service\webaccess\testmanagement\testscripts\tests\tfstests.testmanagement.testexecution.ts" id="ef7a2807-cab8-45d4-9751-c4513fab4410">
      <Execution id="4c9e34bf-12e8-48b2-8710-b527b50e737a" />
      <TestMethod codeBase="d:\v2.0\a1\_work\dbded102\vso\tfs\service\webaccess\testmanagement\testscripts\tests\tfstests.testmanagement.testexecution.ts" adapterTypeName="Microsoft.VisualStudio.TestTools.TestTypes.Unit.UnitTestAdapter" className="d:\v2.0\a1\_work\dbded102\vso\tfs\service\webaccess\testmanagement\testscripts\tests\tfstests.testmanagement.testexecution.ts::tfstests.testmanagement" name="TFSTests.TestManagement.TestExecution CreateMultipleIterationsWithStepResults" />
    </UnitTest>
    <UnitTest name="TFSTests.TestManagement.TestExecution VerifySetIsDirtyForTestCaseResult" storage="d:\v2.0\a1\_work\dbded102\vso\tfs\service\webaccess\testmanagement\testscripts\tests\tfstests.testmanagement.testexecution.ts" id="0ba8ab54-f35a-402d-b1ff-6710ffac1deb">
      <Execution id="19e4062f-d004-460e-9622-90f0b67712c9" />
      <TestMethod codeBase="d:\v2.0\a1\_work\dbded102\vso\tfs\service\webaccess\testmanagement\testscripts\tests\tfstests.testmanagement.testexecution.ts" adapterTypeName="Microsoft.VisualStudio.TestTools.TestTypes.Unit.UnitTestAdapter" className="d:\v2.0\a1\_work\dbded102\vso\tfs\service\webaccess\testmanagement\testscripts\tests\tfstests.testmanagement.testexecution.ts::tfstests.testmanagement" name="TFSTests.TestManagement.TestExecution VerifySetIsDirtyForTestCaseResult" />
    </UnitTest>
    <UnitTest name="TFSTests.TestManagement.TestExecution VerifySetIsDirtyForTestIterationResult" storage="d:\v2.0\a1\_work\dbded102\vso\tfs\service\webaccess\testmanagement\testscripts\tests\tfstests.testmanagement.testexecution.ts" id="d7a7ccf3-31e5-4413-b9e5-f3bb2cf10e4e">
      <Execution id="42e34782-b4fe-4094-907c-96c5816bbaf3" />
      <TestMethod codeBase="d:\v2.0\a1\_work\dbded102\vso\tfs\service\webaccess\testmanagement\testscripts\tests\tfstests.testmanagement.testexecution.ts" adapterTypeName="Microsoft.VisualStudio.TestTools.TestTypes.Unit.UnitTestAdapter" className="d:\v2.0\a1\_work\dbded102\vso\tfs\service\webaccess\testmanagement\testscripts\tests\tfstests.testmanagement.testexecution.ts::tfstests.testmanagement" name="TFSTests.TestManagement.TestExecution VerifySetIsDirtyForTestIterationResult" />
    </UnitTest>
    <UnitTest name="TFSTests.TestManagement.TestExecution VerifyGetIsDirtyForTestcaseAndIterationResults" storage="d:\v2.0\a1\_work\dbded102\vso\tfs\service\webaccess\testmanagement\testscripts\tests\tfstests.testmanagement.testexecution.ts" id="a3f19d37-01ef-4ef9-b38e-f75ffd034f2b">
      <Execution id="0181f9f3-652e-49e9-8e50-eb3c032e83d4" />
      <TestMethod codeBase="d:\v2.0\a1\_work\dbded102\vso\tfs\service\webaccess\testmanagement\testscripts\tests\tfstests.testmanagement.testexecution.ts" adapterTypeName="Microsoft.VisualStudio.TestTools.TestTypes.Unit.UnitTestAdapter" className="d:\v2.0\a1\_work\dbded102\vso\tfs\service\webaccess\testmanagement\testscripts\tests\tfstests.testmanagement.testexecution.ts::tfstests.testmanagement" name="TFSTests.TestManagement.TestExecution VerifyGetIsDirtyForTestcaseAndIterationResults" />
    </UnitTest>
    <UnitTest name="TFSTests.TestManagement.TestExecution ActionPathHelperTest_GetHexString" storage="d:\v2.0\a1\_work\dbded102\vso\tfs\service\webaccess\testmanagement\testscripts\tests\tfstests.testmanagement.testexecution.ts" id="f8ed318d-34cf-4292-81cf-55ae0ed2ff5e">
      <Execution id="dbb2244f-90ae-4c7b-aa35-0cd9da763863" />
      <TestMethod codeBase="d:\v2.0\a1\_work\dbded102\vso\tfs\service\webaccess\testmanagement\testscripts\tests\tfstests.testmanagement.testexecution.ts" adapterTypeName="Microsoft.VisualStudio.TestTools.TestTypes.Unit.UnitTestAdapter" className="d:\v2.0\a1\_work\dbded102\vso\tfs\service\webaccess\testmanagement\testscripts\tests\tfstests.testmanagement.testexecution.ts::tfstests.testmanagement" name="TFSTests.TestManagement.TestExecution ActionPathHelperTest_GetHexString" />
    </UnitTest>
    <UnitTest name="TFSTests.TestManagement.TestExecution ActionPathHelperTest_Prepend" storage="d:\v2.0\a1\_work\dbded102\vso\tfs\service\webaccess\testmanagement\testscripts\tests\tfstests.testmanagement.testexecution.ts" id="e1d92425-60ce-4cd8-af0d-6f739ccac9a2">
      <Execution id="8906e618-5a4c-4450-9cb3-32e0213c958f" />
      <TestMethod codeBase="d:\v2.0\a1\_work\dbded102\vso\tfs\service\webaccess\testmanagement\testscripts\tests\tfstests.testmanagement.testexecution.ts" adapterTypeName="Microsoft.VisualStudio.TestTools.TestTypes.Unit.UnitTestAdapter" className="d:\v2.0\a1\_work\dbded102\vso\tfs\service\webaccess\testmanagement\testscripts\tests\tfstests.testmanagement.testexecution.ts::tfstests.testmanagement" name="TFSTests.TestManagement.TestExecution ActionPathHelperTest_Prepend" />
    </UnitTest>
    <UnitTest name="TFSTests.TestManagement.TestExecution ActionPathHelperTest_Combine" storage="d:\v2.0\a1\_work\dbded102\vso\tfs\service\webaccess\testmanagement\testscripts\tests\tfstests.testmanagement.testexecution.ts" id="a2556612-cca7-4229-b1bc-0c27d3a72788">
      <Execution id="eb48b6ae-78b6-428e-8a43-899daa961fad" />
      <TestMethod codeBase="d:\v2.0\a1\_work\dbded102\vso\tfs\service\webaccess\testmanagement\testscripts\tests\tfstests.testmanagement.testexecution.ts" adapterTypeName="Microsoft.VisualStudio.TestTools.TestTypes.Unit.UnitTestAdapter" className="d:\v2.0\a1\_work\dbded102\vso\tfs\service\webaccess\testmanagement\testscripts\tests\tfstests.testmanagement.testexecution.ts::tfstests.testmanagement" name="TFSTests.TestManagement.TestExecution ActionPathHelperTest_Combine" />
    </UnitTest>
    <UnitTest name="TFSTests.TestManagement.TestExecution ActionPathHelperTest_LastElementOf" storage="d:\v2.0\a1\_work\dbded102\vso\tfs\service\webaccess\testmanagement\testscripts\tests\tfstests.testmanagement.testexecution.ts" id="cb13feee-39f2-42b1-95b3-7e02af6bdc4a">
      <Execution id="37dcd49d-8551-42ca-a6c4-b644f12f6963" />
      <TestMethod codeBase="d:\v2.0\a1\_work\dbded102\vso\tfs\service\webaccess\testmanagement\testscripts\tests\tfstests.testmanagement.testexecution.ts" adapterTypeName="Microsoft.VisualStudio.TestTools.TestTypes.Unit.UnitTestAdapter" className="d:\v2.0\a1\_work\dbded102\vso\tfs\service\webaccess\testmanagement\testscripts\tests\tfstests.testmanagement.testexecution.ts::tfstests.testmanagement" name="TFSTests.TestManagement.TestExecution ActionPathHelperTest_LastElementOf" />
    </UnitTest>
    <UnitTest name="TFSTests.TestManagement.TestExecution ActionPathHelperTest_LengthOf" storage="d:\v2.0\a1\_work\dbded102\vso\tfs\service\webaccess\testmanagement\testscripts\tests\tfstests.testmanagement.testexecution.ts" id="b6973cbd-4f6e-4cc9-9778-db50bf39f8f9">
      <Execution id="9a36d004-cc20-4834-b9e8-11c499ec71bc" />
      <TestMethod codeBase="d:\v2.0\a1\_work\dbded102\vso\tfs\service\webaccess\testmanagement\testscripts\tests\tfstests.testmanagement.testexecution.ts" adapterTypeName="Microsoft.VisualStudio.TestTools.TestTypes.Unit.UnitTestAdapter" className="d:\v2.0\a1\_work\dbded102\vso\tfs\service\webaccess\testmanagement\testscripts\tests\tfstests.testmanagement.testexecution.ts::tfstests.testmanagement" name="TFSTests.TestManagement.TestExecution ActionPathHelperTest_LengthOf" />
    </UnitTest>
    <UnitTest name="TFSTests.TestManagement.TestExecution ActionPathHelperTest_ElementsOf" storage="d:\v2.0\a1\_work\dbded102\vso\tfs\service\webaccess\testmanagement\testscripts\tests\tfstests.testmanagement.testexecution.ts" id="48538775-278b-4ae8-a36f-d065baaba631">
      <Execution id="ea144bf0-3298-478c-ad37-4987f5d0776b" />
      <TestMethod codeBase="d:\v2.0\a1\_work\dbded102\vso\tfs\service\webaccess\testmanagement\testscripts\tests\tfstests.testmanagement.testexecution.ts" adapterTypeName="Microsoft.VisualStudio.TestTools.TestTypes.Unit.UnitTestAdapter" className="d:\v2.0\a1\_work\dbded102\vso\tfs\service\webaccess\testmanagement\testscripts\tests\tfstests.testmanagement.testexecution.ts::tfstests.testmanagement" name="TFSTests.TestManagement.TestExecution ActionPathHelperTest_ElementsOf" />
    </UnitTest>
    <UnitTest name="TFSTests.TestManagement.TestExecution CollectionTests_Add" storage="d:\v2.0\a1\_work\dbded102\vso\tfs\service\webaccess\testmanagement\testscripts\tests\tfstests.testmanagement.testexecution.ts" id="5099187c-7f85-41e9-a70b-5a4df58732ee">
      <Execution id="7005b303-f06c-4c37-81d1-c2a0069f55cf" />
      <TestMethod codeBase="d:\v2.0\a1\_work\dbded102\vso\tfs\service\webaccess\testmanagement\testscripts\tests\tfstests.testmanagement.testexecution.ts" adapterTypeName="Microsoft.VisualStudio.TestTools.TestTypes.Unit.UnitTestAdapter" className="d:\v2.0\a1\_work\dbded102\vso\tfs\service\webaccess\testmanagement\testscripts\tests\tfstests.testmanagement.testexecution.ts::tfstests.testmanagement" name="TFSTests.TestManagement.TestExecution CollectionTests_Add" />
    </UnitTest>
    <UnitTest name="TFSTests.TestManagement.TestExecution CollectionTests_Swap" storage="d:\v2.0\a1\_work\dbded102\vso\tfs\service\webaccess\testmanagement\testscripts\tests\tfstests.testmanagement.testexecution.ts" id="9e33ae50-fdba-4e00-85b3-1d0f7c50d340">
      <Execution id="b9144dd5-f4ed-40af-aadd-d44de5a48ccc" />
      <TestMethod codeBase="d:\v2.0\a1\_work\dbded102\vso\tfs\service\webaccess\testmanagement\testscripts\tests\tfstests.testmanagement.testexecution.ts" adapterTypeName="Microsoft.VisualStudio.TestTools.TestTypes.Unit.UnitTestAdapter" className="d:\v2.0\a1\_work\dbded102\vso\tfs\service\webaccess\testmanagement\testscripts\tests\tfstests.testmanagement.testexecution.ts::tfstests.testmanagement" name="TFSTests.TestManagement.TestExecution CollectionTests_Swap" />
    </UnitTest>
    <UnitTest name="TFSTests.TestManagement.TestExecution CollectionTests_Insert" storage="d:\v2.0\a1\_work\dbded102\vso\tfs\service\webaccess\testmanagement\testscripts\tests\tfstests.testmanagement.testexecution.ts" id="bfcd1d54-667f-4be6-8166-fd85650ec5d5">
      <Execution id="dee8bfb5-7389-4dae-8f0f-7ef48a68094b" />
      <TestMethod codeBase="d:\v2.0\a1\_work\dbded102\vso\tfs\service\webaccess\testmanagement\testscripts\tests\tfstests.testmanagement.testexecution.ts" adapterTypeName="Microsoft.VisualStudio.TestTools.TestTypes.Unit.UnitTestAdapter" className="d:\v2.0\a1\_work\dbded102\vso\tfs\service\webaccess\testmanagement\testscripts\tests\tfstests.testmanagement.testexecution.ts::tfstests.testmanagement" name="TFSTests.TestManagement.TestExecution CollectionTests_Insert" />
    </UnitTest>
    <UnitTest name="TFSTests.TestManagement.TestExecution CollectionTests_Remove" storage="d:\v2.0\a1\_work\dbded102\vso\tfs\service\webaccess\testmanagement\testscripts\tests\tfstests.testmanagement.testexecution.ts" id="b5005283-7818-43f5-be9d-d586cbd52964">
      <Execution id="57177854-6592-474f-a91c-5bdbefb019f4" />
      <TestMethod codeBase="d:\v2.0\a1\_work\dbded102\vso\tfs\service\webaccess\testmanagement\testscripts\tests\tfstests.testmanagement.testexecution.ts" adapterTypeName="Microsoft.VisualStudio.TestTools.TestTypes.Unit.UnitTestAdapter" className="d:\v2.0\a1\_work\dbded102\vso\tfs\service\webaccess\testmanagement\testscripts\tests\tfstests.testmanagement.testexecution.ts::tfstests.testmanagement" name="TFSTests.TestManagement.TestExecution CollectionTests_Remove" />
    </UnitTest>
    <UnitTest name="TFSTests.TestManagement.TestExecution CollectionTests_SetItem" storage="d:\v2.0\a1\_work\dbded102\vso\tfs\service\webaccess\testmanagement\testscripts\tests\tfstests.testmanagement.testexecution.ts" id="78ed904f-f9ae-4d79-8290-a1d97e378a5d">
      <Execution id="cb4497bf-1068-46c7-9796-26fa24dd71f8" />
      <TestMethod codeBase="d:\v2.0\a1\_work\dbded102\vso\tfs\service\webaccess\testmanagement\testscripts\tests\tfstests.testmanagement.testexecution.ts" adapterTypeName="Microsoft.VisualStudio.TestTools.TestTypes.Unit.UnitTestAdapter" className="d:\v2.0\a1\_work\dbded102\vso\tfs\service\webaccess\testmanagement\testscripts\tests\tfstests.testmanagement.testexecution.ts::tfstests.testmanagement" name="TFSTests.TestManagement.TestExecution CollectionTests_SetItem" />
    </UnitTest>
    <UnitTest name="TFSTests.TestManagement.TestExecution CollectionTests_Clear" storage="d:\v2.0\a1\_work\dbded102\vso\tfs\service\webaccess\testmanagement\testscripts\tests\tfstests.testmanagement.testexecution.ts" id="c4cec040-1b9a-4b54-84e7-c340c4d77a64">
      <Execution id="1f9465b8-86ac-4b67-8b97-57ac30857a4d" />
      <TestMethod codeBase="d:\v2.0\a1\_work\dbded102\vso\tfs\service\webaccess\testmanagement\testscripts\tests\tfstests.testmanagement.testexecution.ts" adapterTypeName="Microsoft.VisualStudio.TestTools.TestTypes.Unit.UnitTestAdapter" className="d:\v2.0\a1\_work\dbded102\vso\tfs\service\webaccess\testmanagement\testscripts\tests\tfstests.testmanagement.testexecution.ts::tfstests.testmanagement" name="TFSTests.TestManagement.TestExecution CollectionTests_Clear" />
    </UnitTest>
    <UnitTest name="TFSTests.TestManagement.TestExecution CollectionTests_IndexOf" storage="d:\v2.0\a1\_work\dbded102\vso\tfs\service\webaccess\testmanagement\testscripts\tests\tfstests.testmanagement.testexecution.ts" id="7657d399-dd31-49c9-9640-50e44f6fbbcd">
      <Execution id="bf1edbb4-87a8-4135-b5f0-8f04161d7362" />
      <TestMethod codeBase="d:\v2.0\a1\_work\dbded102\vso\tfs\service\webaccess\testmanagement\testscripts\tests\tfstests.testmanagement.testexecution.ts" adapterTypeName="Microsoft.VisualStudio.TestTools.TestTypes.Unit.UnitTestAdapter" className="d:\v2.0\a1\_work\dbded102\vso\tfs\service\webaccess\testmanagement\testscripts\tests\tfstests.testmanagement.testexecution.ts::tfstests.testmanagement" name="TFSTests.TestManagement.TestExecution CollectionTests_IndexOf" />
    </UnitTest>
    <UnitTest name="TFSTests.TestManagement.TestExecution ServerObjectConversionHelper_fromServerObject" storage="d:\v2.0\a1\_work\dbded102\vso\tfs\service\webaccess\testmanagement\testscripts\tests\tfstests.testmanagement.testexecution.ts" id="34df631f-b5e3-4ec1-89be-4ab607654ed5">
      <Execution id="e5b60f33-0f82-4150-b586-c9d47b9aae4b" />
      <TestMethod codeBase="d:\v2.0\a1\_work\dbded102\vso\tfs\service\webaccess\testmanagement\testscripts\tests\tfstests.testmanagement.testexecution.ts" adapterTypeName="Microsoft.VisualStudio.TestTools.TestTypes.Unit.UnitTestAdapter" className="d:\v2.0\a1\_work\dbded102\vso\tfs\service\webaccess\testmanagement\testscripts\tests\tfstests.testmanagement.testexecution.ts::tfstests.testmanagement" name="TFSTests.TestManagement.TestExecution ServerObjectConversionHelper_fromServerObject" />
    </UnitTest>
    <UnitTest name="TFSTests.TestManagement.TestExecution ServerObjectConversionHelper_toServerObject" storage="d:\v2.0\a1\_work\dbded102\vso\tfs\service\webaccess\testmanagement\testscripts\tests\tfstests.testmanagement.testexecution.ts" id="c6555a91-74b3-4bc6-94f3-79d47e86e176">
      <Execution id="6ecd45a3-e4d1-4ab7-847f-881f610071db" />
      <TestMethod codeBase="d:\v2.0\a1\_work\dbded102\vso\tfs\service\webaccess\testmanagement\testscripts\tests\tfstests.testmanagement.testexecution.ts" adapterTypeName="Microsoft.VisualStudio.TestTools.TestTypes.Unit.UnitTestAdapter" className="d:\v2.0\a1\_work\dbded102\vso\tfs\service\webaccess\testmanagement\testscripts\tests\tfstests.testmanagement.testexecution.ts::tfstests.testmanagement" name="TFSTests.TestManagement.TestExecution ServerObjectConversionHelper_toServerObject" />
    </UnitTest>
    <UnitTest name="TFSTests.TestManagement.TestExecution TestCaseResultIdentifier_Equals" storage="d:\v2.0\a1\_work\dbded102\vso\tfs\service\webaccess\testmanagement\testscripts\tests\tfstests.testmanagement.testexecution.ts" id="d5b3b6c5-9555-4398-bbe8-2ded6a6f176d">
      <Execution id="061a7c16-d5dc-40e3-bb94-c08c70c64e38" />
      <TestMethod codeBase="d:\v2.0\a1\_work\dbded102\vso\tfs\service\webaccess\testmanagement\testscripts\tests\tfstests.testmanagement.testexecution.ts" adapterTypeName="Microsoft.VisualStudio.TestTools.TestTypes.Unit.UnitTestAdapter" className="d:\v2.0\a1\_work\dbded102\vso\tfs\service\webaccess\testmanagement\testscripts\tests\tfstests.testmanagement.testexecution.ts::tfstests.testmanagement" name="TFSTests.TestManagement.TestExecution TestCaseResultIdentifier_Equals" />
    </UnitTest>
    <UnitTest name="TFSTests.TestManagement.TestExecution ClientObjectTest_PostLoad" storage="d:\v2.0\a1\_work\dbded102\vso\tfs\service\webaccess\testmanagement\testscripts\tests\tfstests.testmanagement.testexecution.ts" id="08cdd832-6aad-48e1-949a-9b2e3c770366">
      <Execution id="b2138e79-2d73-4d85-addd-05e99e79adea" />
      <TestMethod codeBase="d:\v2.0\a1\_work\dbded102\vso\tfs\service\webaccess\testmanagement\testscripts\tests\tfstests.testmanagement.testexecution.ts" adapterTypeName="Microsoft.VisualStudio.TestTools.TestTypes.Unit.UnitTestAdapter" className="d:\v2.0\a1\_work\dbded102\vso\tfs\service\webaccess\testmanagement\testscripts\tests\tfstests.testmanagement.testexecution.ts::tfstests.testmanagement" name="TFSTests.TestManagement.TestExecution ClientObjectTest_PostLoad" />
    </UnitTest>
    <UnitTest name="TFSTests.TestManagement.TestExecution TestResult_PostLoad" storage="d:\v2.0\a1\_work\dbded102\vso\tfs\service\webaccess\testmanagement\testscripts\tests\tfstests.testmanagement.testexecution.ts" id="953f6eec-ca67-4912-8f2d-178dbf1c263a">
      <Execution id="94538b21-efd7-4f00-9f76-c3e7e09eb9da" />
      <TestMethod codeBase="d:\v2.0\a1\_work\dbded102\vso\tfs\service\webaccess\testmanagement\testscripts\tests\tfstests.testmanagement.testexecution.ts" adapterTypeName="Microsoft.VisualStudio.TestTools.TestTypes.Unit.UnitTestAdapter" className="d:\v2.0\a1\_work\dbded102\vso\tfs\service\webaccess\testmanagement\testscripts\tests\tfstests.testmanagement.testexecution.ts::tfstests.testmanagement" name="TFSTests.TestManagement.TestExecution TestResult_PostLoad" />
    </UnitTest>
    <UnitTest name="TFSTests.TestManagement.TestExecution TestActionResult_PostLoad" storage="d:\v2.0\a1\_work\dbded102\vso\tfs\service\webaccess\testmanagement\testscripts\tests\tfstests.testmanagement.testexecution.ts" id="da11ae11-332b-4bce-9547-06f9be842fff">
      <Execution id="8a2e3e68-5de0-45d9-8adb-d801adf6545b" />
      <TestMethod codeBase="d:\v2.0\a1\_work\dbded102\vso\tfs\service\webaccess\testmanagement\testscripts\tests\tfstests.testmanagement.testexecution.ts" adapterTypeName="Microsoft.VisualStudio.TestTools.TestTypes.Unit.UnitTestAdapter" className="d:\v2.0\a1\_work\dbded102\vso\tfs\service\webaccess\testmanagement\testscripts\tests\tfstests.testmanagement.testexecution.ts::tfstests.testmanagement" name="TFSTests.TestManagement.TestExecution TestActionResult_PostLoad" />
    </UnitTest>
    <UnitTest name="TFSTests.TestManagement.TestExecution TestActionResult_PostSave" storage="d:\v2.0\a1\_work\dbded102\vso\tfs\service\webaccess\testmanagement\testscripts\tests\tfstests.testmanagement.testexecution.ts" id="674bb8c5-6ce9-407a-9ad1-58df907aa4dc">
      <Execution id="08372d32-c32a-402e-9999-8e9e5ad17eae" />
      <TestMethod codeBase="d:\v2.0\a1\_work\dbded102\vso\tfs\service\webaccess\testmanagement\testscripts\tests\tfstests.testmanagement.testexecution.ts" adapterTypeName="Microsoft.VisualStudio.TestTools.TestTypes.Unit.UnitTestAdapter" className="d:\v2.0\a1\_work\dbded102\vso\tfs\service\webaccess\testmanagement\testscripts\tests\tfstests.testmanagement.testexecution.ts::tfstests.testmanagement" name="TFSTests.TestManagement.TestExecution TestActionResult_PostSave" />
    </UnitTest>
    <UnitTest name="TFSTests.TestManagement.TestExecution TestResultParameter_PreSave" storage="d:\v2.0\a1\_work\dbded102\vso\tfs\service\webaccess\testmanagement\testscripts\tests\tfstests.testmanagement.testexecution.ts" id="6250bc5e-f091-4611-a82f-a86dc0f04ce8">
      <Execution id="1cb975e6-3927-4bea-b731-2d36feceafc6" />
      <TestMethod codeBase="d:\v2.0\a1\_work\dbded102\vso\tfs\service\webaccess\testmanagement\testscripts\tests\tfstests.testmanagement.testexecution.ts" adapterTypeName="Microsoft.VisualStudio.TestTools.TestTypes.Unit.UnitTestAdapter" className="d:\v2.0\a1\_work\dbded102\vso\tfs\service\webaccess\testmanagement\testscripts\tests\tfstests.testmanagement.testexecution.ts::tfstests.testmanagement" name="TFSTests.TestManagement.TestExecution TestResultParameter_PreSave" />
    </UnitTest>
    <UnitTest name="TFSTests.TestManagement.TestExecution TestResultParameter_PreSaveWhenNotDirty" storage="d:\v2.0\a1\_work\dbded102\vso\tfs\service\webaccess\testmanagement\testscripts\tests\tfstests.testmanagement.testexecution.ts" id="003e2dcc-883d-4bd3-8683-3a74b35aa06e">
      <Execution id="3e72a4e5-65bb-432a-b47c-05ed118d7273" />
      <TestMethod codeBase="d:\v2.0\a1\_work\dbded102\vso\tfs\service\webaccess\testmanagement\testscripts\tests\tfstests.testmanagement.testexecution.ts" adapterTypeName="Microsoft.VisualStudio.TestTools.TestTypes.Unit.UnitTestAdapter" className="d:\v2.0\a1\_work\dbded102\vso\tfs\service\webaccess\testmanagement\testscripts\tests\tfstests.testmanagement.testexecution.ts::tfstests.testmanagement" name="TFSTests.TestManagement.TestExecution TestResultParameter_PreSaveWhenNotDirty" />
    </UnitTest>
    <UnitTest name="TFSTests.TestManagement.TestExecution TestResultParameter_PostSave" storage="d:\v2.0\a1\_work\dbded102\vso\tfs\service\webaccess\testmanagement\testscripts\tests\tfstests.testmanagement.testexecution.ts" id="62c9f1c0-0f18-4c9d-8640-6998f3b451e9">
      <Execution id="e8b81886-dbba-43d4-8072-01802f105657" />
      <TestMethod codeBase="d:\v2.0\a1\_work\dbded102\vso\tfs\service\webaccess\testmanagement\testscripts\tests\tfstests.testmanagement.testexecution.ts" adapterTypeName="Microsoft.VisualStudio.TestTools.TestTypes.Unit.UnitTestAdapter" className="d:\v2.0\a1\_work\dbded102\vso\tfs\service\webaccess\testmanagement\testscripts\tests\tfstests.testmanagement.testexecution.ts::tfstests.testmanagement" name="TFSTests.TestManagement.TestExecution TestResultParameter_PostSave" />
    </UnitTest>
    <UnitTest name="TFSTests.TestManagement.TestExecution TestParameterCollection_PreSave" storage="d:\v2.0\a1\_work\dbded102\vso\tfs\service\webaccess\testmanagement\testscripts\tests\tfstests.testmanagement.testexecution.ts" id="6fdc9235-5a9a-487f-a40f-a267ab58edca">
      <Execution id="b15c1af2-d5dd-4554-9baa-fdf075183acb" />
      <TestMethod codeBase="d:\v2.0\a1\_work\dbded102\vso\tfs\service\webaccess\testmanagement\testscripts\tests\tfstests.testmanagement.testexecution.ts" adapterTypeName="Microsoft.VisualStudio.TestTools.TestTypes.Unit.UnitTestAdapter" className="d:\v2.0\a1\_work\dbded102\vso\tfs\service\webaccess\testmanagement\testscripts\tests\tfstests.testmanagement.testexecution.ts::tfstests.testmanagement" name="TFSTests.TestManagement.TestExecution TestParameterCollection_PreSave" />
    </UnitTest>
    <UnitTest name="TFSTests.TestManagement.TestExecution TestParameterCollection_PreSaveWithDeletedParameter" storage="d:\v2.0\a1\_work\dbded102\vso\tfs\service\webaccess\testmanagement\testscripts\tests\tfstests.testmanagement.testexecution.ts" id="7fd51eae-31f5-48d6-b9e9-1ee48104e127">
      <Execution id="6db5de20-3247-4457-b0a0-998191a4a9b2" />
      <TestMethod codeBase="d:\v2.0\a1\_work\dbded102\vso\tfs\service\webaccess\testmanagement\testscripts\tests\tfstests.testmanagement.testexecution.ts" adapterTypeName="Microsoft.VisualStudio.TestTools.TestTypes.Unit.UnitTestAdapter" className="d:\v2.0\a1\_work\dbded102\vso\tfs\service\webaccess\testmanagement\testscripts\tests\tfstests.testmanagement.testexecution.ts::tfstests.testmanagement" name="TFSTests.TestManagement.TestExecution TestParameterCollection_PreSaveWithDeletedParameter" />
    </UnitTest>
    <UnitTest name="TFSTests.TestManagement.TestExecution TestParameterCollection_GetIndexFromCollection" storage="d:\v2.0\a1\_work\dbded102\vso\tfs\service\webaccess\testmanagement\testscripts\tests\tfstests.testmanagement.testexecution.ts" id="6408be1c-6e82-4a86-8471-2cfedd3ec4f0">
      <Execution id="9096c63a-1442-4d17-b21f-0675b567d1c5" />
      <TestMethod codeBase="d:\v2.0\a1\_work\dbded102\vso\tfs\service\webaccess\testmanagement\testscripts\tests\tfstests.testmanagement.testexecution.ts" adapterTypeName="Microsoft.VisualStudio.TestTools.TestTypes.Unit.UnitTestAdapter" className="d:\v2.0\a1\_work\dbded102\vso\tfs\service\webaccess\testmanagement\testscripts\tests\tfstests.testmanagement.testexecution.ts::tfstests.testmanagement" name="TFSTests.TestManagement.TestExecution TestParameterCollection_GetIndexFromCollection" />
    </UnitTest>
    <UnitTest name="TFSTests.TestManagement.TestExecution TestParameterCollection_PostSave" storage="d:\v2.0\a1\_work\dbded102\vso\tfs\service\webaccess\testmanagement\testscripts\tests\tfstests.testmanagement.testexecution.ts" id="1fd32554-5d2b-48ea-80fb-caf41591e46f">
      <Execution id="13b57279-a012-4394-a6c5-10206236ea6b" />
      <TestMethod codeBase="d:\v2.0\a1\_work\dbded102\vso\tfs\service\webaccess\testmanagement\testscripts\tests\tfstests.testmanagement.testexecution.ts" adapterTypeName="Microsoft.VisualStudio.TestTools.TestTypes.Unit.UnitTestAdapter" className="d:\v2.0\a1\_work\dbded102\vso\tfs\service\webaccess\testmanagement\testscripts\tests\tfstests.testmanagement.testexecution.ts::tfstests.testmanagement" name="TFSTests.TestManagement.TestExecution TestParameterCollection_PostSave" />
    </UnitTest>
    <UnitTest name="TFSTests.TestManagement.TestExecution TestStepResult_PreSave" storage="d:\v2.0\a1\_work\dbded102\vso\tfs\service\webaccess\testmanagement\testscripts\tests\tfstests.testmanagement.testexecution.ts" id="22c734fe-b554-477a-b65e-db713f842353">
      <Execution id="d15d2bb3-80b7-4cfa-9971-4e3557d05974" />
      <TestMethod codeBase="d:\v2.0\a1\_work\dbded102\vso\tfs\service\webaccess\testmanagement\testscripts\tests\tfstests.testmanagement.testexecution.ts" adapterTypeName="Microsoft.VisualStudio.TestTools.TestTypes.Unit.UnitTestAdapter" className="d:\v2.0\a1\_work\dbded102\vso\tfs\service\webaccess\testmanagement\testscripts\tests\tfstests.testmanagement.testexecution.ts::tfstests.testmanagement" name="TFSTests.TestManagement.TestExecution TestStepResult_PreSave" />
    </UnitTest>
    <UnitTest name="TFSTests.TestManagement.TestExecution TestStepResult_PostSave" storage="d:\v2.0\a1\_work\dbded102\vso\tfs\service\webaccess\testmanagement\testscripts\tests\tfstests.testmanagement.testexecution.ts" id="675f2a75-1601-413c-9bec-287efa35f71a">
      <Execution id="999f75b3-5e0d-418f-8490-65eb9c082d27" />
      <TestMethod codeBase="d:\v2.0\a1\_work\dbded102\vso\tfs\service\webaccess\testmanagement\testscripts\tests\tfstests.testmanagement.testexecution.ts" adapterTypeName="Microsoft.VisualStudio.TestTools.TestTypes.Unit.UnitTestAdapter" className="d:\v2.0\a1\_work\dbded102\vso\tfs\service\webaccess\testmanagement\testscripts\tests\tfstests.testmanagement.testexecution.ts::tfstests.testmanagement" name="TFSTests.TestManagement.TestExecution TestStepResult_PostSave" />
    </UnitTest>
    <UnitTest name="TFSTests.TestManagement.TestExecution TestStepResult_PostLoad" storage="d:\v2.0\a1\_work\dbded102\vso\tfs\service\webaccess\testmanagement\testscripts\tests\tfstests.testmanagement.testexecution.ts" id="d3fe02bc-6988-498f-a8a2-b6827b292107">
      <Execution id="687da101-1faa-4f0e-ac40-740062c8df65" />
      <TestMethod codeBase="d:\v2.0\a1\_work\dbded102\vso\tfs\service\webaccess\testmanagement\testscripts\tests\tfstests.testmanagement.testexecution.ts" adapterTypeName="Microsoft.VisualStudio.TestTools.TestTypes.Unit.UnitTestAdapter" className="d:\v2.0\a1\_work\dbded102\vso\tfs\service\webaccess\testmanagement\testscripts\tests\tfstests.testmanagement.testexecution.ts::tfstests.testmanagement" name="TFSTests.TestManagement.TestExecution TestStepResult_PostLoad" />
    </UnitTest>
    <UnitTest name="TFSTests.TestManagement.TestExecution TestStepResult_CanEditTest" storage="d:\v2.0\a1\_work\dbded102\vso\tfs\service\webaccess\testmanagement\testscripts\tests\tfstests.testmanagement.testexecution.ts" id="24c9ef1b-6da3-4205-bb4d-07c29fa21d97">
      <Execution id="a1510e91-f335-47de-92e5-54aff7290d8b" />
      <TestMethod codeBase="d:\v2.0\a1\_work\dbded102\vso\tfs\service\webaccess\testmanagement\testscripts\tests\tfstests.testmanagement.testexecution.ts" adapterTypeName="Microsoft.VisualStudio.TestTools.TestTypes.Unit.UnitTestAdapter" className="d:\v2.0\a1\_work\dbded102\vso\tfs\service\webaccess\testmanagement\testscripts\tests\tfstests.testmanagement.testexecution.ts::tfstests.testmanagement" name="TFSTests.TestManagement.TestExecution TestStepResult_CanEditTest" />
    </UnitTest>
    <UnitTest name="TFSTests.TestManagement.TestExecution TestActionResultCollection_PreSave" storage="d:\v2.0\a1\_work\dbded102\vso\tfs\service\webaccess\testmanagement\testscripts\tests\tfstests.testmanagement.testexecution.ts" id="1f0df0f6-daf0-4615-9443-f992b94bcfb0">
      <Execution id="d2f15226-8826-4d47-982e-ed198e77e0d3" />
      <TestMethod codeBase="d:\v2.0\a1\_work\dbded102\vso\tfs\service\webaccess\testmanagement\testscripts\tests\tfstests.testmanagement.testexecution.ts" adapterTypeName="Microsoft.VisualStudio.TestTools.TestTypes.Unit.UnitTestAdapter" className="d:\v2.0\a1\_work\dbded102\vso\tfs\service\webaccess\testmanagement\testscripts\tests\tfstests.testmanagement.testexecution.ts::tfstests.testmanagement" name="TFSTests.TestManagement.TestExecution TestActionResultCollection_PreSave" />
    </UnitTest>
    <UnitTest name="TFSTests.TestManagement.TestExecution TestActionResultCollection_PreSaveWithDeletedActions" storage="d:\v2.0\a1\_work\dbded102\vso\tfs\service\webaccess\testmanagement\testscripts\tests\tfstests.testmanagement.testexecution.ts" id="4360f71b-38c2-4d7d-a94d-be24b79d58dc">
      <Execution id="66a18147-3465-4225-a39f-b3e1b8000a21" />
      <TestMethod codeBase="d:\v2.0\a1\_work\dbded102\vso\tfs\service\webaccess\testmanagement\testscripts\tests\tfstests.testmanagement.testexecution.ts" adapterTypeName="Microsoft.VisualStudio.TestTools.TestTypes.Unit.UnitTestAdapter" className="d:\v2.0\a1\_work\dbded102\vso\tfs\service\webaccess\testmanagement\testscripts\tests\tfstests.testmanagement.testexecution.ts::tfstests.testmanagement" name="TFSTests.TestManagement.TestExecution TestActionResultCollection_PreSaveWithDeletedActions" />
    </UnitTest>
    <UnitTest name="TFSTests.TestManagement.TestExecution TestActionResultCollection_PostSave" storage="d:\v2.0\a1\_work\dbded102\vso\tfs\service\webaccess\testmanagement\testscripts\tests\tfstests.testmanagement.testexecution.ts" id="28afdceb-3271-4fca-ba66-ae8c25c4b7f5">
      <Execution id="b34777c3-b185-4ea5-a81c-ae4a14381fc4" />
      <TestMethod codeBase="d:\v2.0\a1\_work\dbded102\vso\tfs\service\webaccess\testmanagement\testscripts\tests\tfstests.testmanagement.testexecution.ts" adapterTypeName="Microsoft.VisualStudio.TestTools.TestTypes.Unit.UnitTestAdapter" className="d:\v2.0\a1\_work\dbded102\vso\tfs\service\webaccess\testmanagement\testscripts\tests\tfstests.testmanagement.testexecution.ts::tfstests.testmanagement" name="TFSTests.TestManagement.TestExecution TestActionResultCollection_PostSave" />
    </UnitTest>
    <UnitTest name="TFSTests.TestManagement.TestExecution SharedStepResult_PreSave" storage="d:\v2.0\a1\_work\dbded102\vso\tfs\service\webaccess\testmanagement\testscripts\tests\tfstests.testmanagement.testexecution.ts" id="36036c56-6865-4857-a7e9-ffb4d036f717">
      <Execution id="324cb346-59e9-465c-86cd-2953db405b08" />
      <TestMethod codeBase="d:\v2.0\a1\_work\dbded102\vso\tfs\service\webaccess\testmanagement\testscripts\tests\tfstests.testmanagement.testexecution.ts" adapterTypeName="Microsoft.VisualStudio.TestTools.TestTypes.Unit.UnitTestAdapter" className="d:\v2.0\a1\_work\dbded102\vso\tfs\service\webaccess\testmanagement\testscripts\tests\tfstests.testmanagement.testexecution.ts::tfstests.testmanagement" name="TFSTests.TestManagement.TestExecution SharedStepResult_PreSave" />
    </UnitTest>
    <UnitTest name="TFSTests.TestManagement.TestExecution SharedStepResult_PostSave" storage="d:\v2.0\a1\_work\dbded102\vso\tfs\service\webaccess\testmanagement\testscripts\tests\tfstests.testmanagement.testexecution.ts" id="4463ab9a-f42c-4ee8-8630-a73dc1688761">
      <Execution id="bc0c4962-55de-4666-8d07-6d0abe4f96d6" />
      <TestMethod codeBase="d:\v2.0\a1\_work\dbded102\vso\tfs\service\webaccess\testmanagement\testscripts\tests\tfstests.testmanagement.testexecution.ts" adapterTypeName="Microsoft.VisualStudio.TestTools.TestTypes.Unit.UnitTestAdapter" className="d:\v2.0\a1\_work\dbded102\vso\tfs\service\webaccess\testmanagement\testscripts\tests\tfstests.testmanagement.testexecution.ts::tfstests.testmanagement" name="TFSTests.TestManagement.TestExecution SharedStepResult_PostSave" />
    </UnitTest>
    <UnitTest name="TFSTests.TestManagement.TestExecution TestIteration_CreateStepResult" storage="d:\v2.0\a1\_work\dbded102\vso\tfs\service\webaccess\testmanagement\testscripts\tests\tfstests.testmanagement.testexecution.ts" id="8d3b4510-5929-4954-97ec-dbd09ac6a286">
      <Execution id="0d404fb7-f710-4a91-9f9e-0ccbdb6e6cd7" />
      <TestMethod codeBase="d:\v2.0\a1\_work\dbded102\vso\tfs\service\webaccess\testmanagement\testscripts\tests\tfstests.testmanagement.testexecution.ts" adapterTypeName="Microsoft.VisualStudio.TestTools.TestTypes.Unit.UnitTestAdapter" className="d:\v2.0\a1\_work\dbded102\vso\tfs\service\webaccess\testmanagement\testscripts\tests\tfstests.testmanagement.testexecution.ts::tfstests.testmanagement" name="TFSTests.TestManagement.TestExecution TestIteration_CreateStepResult" />
    </UnitTest>
    <UnitTest name="TFSTests.TestManagement.TestExecution TestIteration_CreateSharedStepResult" storage="d:\v2.0\a1\_work\dbded102\vso\tfs\service\webaccess\testmanagement\testscripts\tests\tfstests.testmanagement.testexecution.ts" id="98cb1937-f15c-415d-b5ea-0b73090860bf">
      <Execution id="9833cd47-daa8-442e-8ba2-a5bd33ffa28e" />
      <TestMethod codeBase="d:\v2.0\a1\_work\dbded102\vso\tfs\service\webaccess\testmanagement\testscripts\tests\tfstests.testmanagement.testexecution.ts" adapterTypeName="Microsoft.VisualStudio.TestTools.TestTypes.Unit.UnitTestAdapter" className="d:\v2.0\a1\_work\dbded102\vso\tfs\service\webaccess\testmanagement\testscripts\tests\tfstests.testmanagement.testexecution.ts::tfstests.testmanagement" name="TFSTests.TestManagement.TestExecution TestIteration_CreateSharedStepResult" />
    </UnitTest>
    <UnitTest name="TFSTests.TestManagement.TestExecution TestIteration_PreSave" storage="d:\v2.0\a1\_work\dbded102\vso\tfs\service\webaccess\testmanagement\testscripts\tests\tfstests.testmanagement.testexecution.ts" id="104b8014-5b20-45d6-8165-3cbfe2101f05">
      <Execution id="6ca521b6-d483-4b82-97b5-7831642e7e7b" />
      <TestMethod codeBase="d:\v2.0\a1\_work\dbded102\vso\tfs\service\webaccess\testmanagement\testscripts\tests\tfstests.testmanagement.testexecution.ts" adapterTypeName="Microsoft.VisualStudio.TestTools.TestTypes.Unit.UnitTestAdapter" className="d:\v2.0\a1\_work\dbded102\vso\tfs\service\webaccess\testmanagement\testscripts\tests\tfstests.testmanagement.testexecution.ts::tfstests.testmanagement" name="TFSTests.TestManagement.TestExecution TestIteration_PreSave" />
    </UnitTest>
    <UnitTest name="TFSTests.TestManagement.TestExecution TestIteration_PostSave" storage="d:\v2.0\a1\_work\dbded102\vso\tfs\service\webaccess\testmanagement\testscripts\tests\tfstests.testmanagement.testexecution.ts" id="bc92df5a-849d-4b98-8ffb-f250e00f08ee">
      <Execution id="6c277836-727f-4dc9-8581-2c49eefb3123" />
      <TestMethod codeBase="d:\v2.0\a1\_work\dbded102\vso\tfs\service\webaccess\testmanagement\testscripts\tests\tfstests.testmanagement.testexecution.ts" adapterTypeName="Microsoft.VisualStudio.TestTools.TestTypes.Unit.UnitTestAdapter" className="d:\v2.0\a1\_work\dbded102\vso\tfs\service\webaccess\testmanagement\testscripts\tests\tfstests.testmanagement.testexecution.ts::tfstests.testmanagement" name="TFSTests.TestManagement.TestExecution TestIteration_PostSave" />
    </UnitTest>
    <UnitTest name="TFSTests.TestManagement.TestExecution TestIteration_PostLoad" storage="d:\v2.0\a1\_work\dbded102\vso\tfs\service\webaccess\testmanagement\testscripts\tests\tfstests.testmanagement.testexecution.ts" id="eb2ace46-1967-48f6-b1a1-1337422c160b">
      <Execution id="90aade58-00ec-471d-b142-d7fa41be7c45" />
      <TestMethod codeBase="d:\v2.0\a1\_work\dbded102\vso\tfs\service\webaccess\testmanagement\testscripts\tests\tfstests.testmanagement.testexecution.ts" adapterTypeName="Microsoft.VisualStudio.TestTools.TestTypes.Unit.UnitTestAdapter" className="d:\v2.0\a1\_work\dbded102\vso\tfs\service\webaccess\testmanagement\testscripts\tests\tfstests.testmanagement.testexecution.ts::tfstests.testmanagement" name="TFSTests.TestManagement.TestExecution TestIteration_PostLoad" />
    </UnitTest>
    <UnitTest name="TFSTests.TestManagement.TestExecution TestIterationCollection_GetIteration" storage="d:\v2.0\a1\_work\dbded102\vso\tfs\service\webaccess\testmanagement\testscripts\tests\tfstests.testmanagement.testexecution.ts" id="baf47d58-acdc-43ac-afca-fac9db6c4607">
      <Execution id="c94ca672-1c57-4176-9a33-d209ec3679b4" />
      <TestMethod codeBase="d:\v2.0\a1\_work\dbded102\vso\tfs\service\webaccess\testmanagement\testscripts\tests\tfstests.testmanagement.testexecution.ts" adapterTypeName="Microsoft.VisualStudio.TestTools.TestTypes.Unit.UnitTestAdapter" className="d:\v2.0\a1\_work\dbded102\vso\tfs\service\webaccess\testmanagement\testscripts\tests\tfstests.testmanagement.testexecution.ts::tfstests.testmanagement" name="TFSTests.TestManagement.TestExecution TestIterationCollection_GetIteration" />
    </UnitTest>
    <UnitTest name="TFSTests.TestManagement.TestExecution TestIterationCollection_RemoveIteration" storage="d:\v2.0\a1\_work\dbded102\vso\tfs\service\webaccess\testmanagement\testscripts\tests\tfstests.testmanagement.testexecution.ts" id="0d75790b-dec7-493b-b607-09e8be28c4f6">
      <Execution id="13ffb28b-20a2-4a8c-92d4-ed513880b002" />
      <TestMethod codeBase="d:\v2.0\a1\_work\dbded102\vso\tfs\service\webaccess\testmanagement\testscripts\tests\tfstests.testmanagement.testexecution.ts" adapterTypeName="Microsoft.VisualStudio.TestTools.TestTypes.Unit.UnitTestAdapter" className="d:\v2.0\a1\_work\dbded102\vso\tfs\service\webaccess\testmanagement\testscripts\tests\tfstests.testmanagement.testexecution.ts::tfstests.testmanagement" name="TFSTests.TestManagement.TestExecution TestIterationCollection_RemoveIteration" />
    </UnitTest>
    <UnitTest name="TFSTests.TestManagement.TestExecution TestIterationCollection_PreSave" storage="d:\v2.0\a1\_work\dbded102\vso\tfs\service\webaccess\testmanagement\testscripts\tests\tfstests.testmanagement.testexecution.ts" id="a9f57252-b6b0-4c50-9241-c5bcc3652da3">
      <Execution id="3363fb8e-cb0f-4589-bf9e-cbe3190fb346" />
      <TestMethod codeBase="d:\v2.0\a1\_work\dbded102\vso\tfs\service\webaccess\testmanagement\testscripts\tests\tfstests.testmanagement.testexecution.ts" adapterTypeName="Microsoft.VisualStudio.TestTools.TestTypes.Unit.UnitTestAdapter" className="d:\v2.0\a1\_work\dbded102\vso\tfs\service\webaccess\testmanagement\testscripts\tests\tfstests.testmanagement.testexecution.ts::tfstests.testmanagement" name="TFSTests.TestManagement.TestExecution TestIterationCollection_PreSave" />
    </UnitTest>
    <UnitTest name="TFSTests.TestManagement.TestExecution TestIterationCollection_PreSaveWithDeletedIterations" storage="d:\v2.0\a1\_work\dbded102\vso\tfs\service\webaccess\testmanagement\testscripts\tests\tfstests.testmanagement.testexecution.ts" id="acebb775-8552-4156-ba46-413ed6bf6dcf">
      <Execution id="ad21b580-ba49-4563-a7d9-6ea05af5cdd8" />
      <TestMethod codeBase="d:\v2.0\a1\_work\dbded102\vso\tfs\service\webaccess\testmanagement\testscripts\tests\tfstests.testmanagement.testexecution.ts" adapterTypeName="Microsoft.VisualStudio.TestTools.TestTypes.Unit.UnitTestAdapter" className="d:\v2.0\a1\_work\dbded102\vso\tfs\service\webaccess\testmanagement\testscripts\tests\tfstests.testmanagement.testexecution.ts::tfstests.testmanagement" name="TFSTests.TestManagement.TestExecution TestIterationCollection_PreSaveWithDeletedIterations" />
    </UnitTest>
    <UnitTest name="TFSTests.TestManagement.TestExecution TestStep_SetActionAndExpectedResultTest" storage="d:\v2.0\a1\_work\dbded102\vso\tfs\service\webaccess\testmanagement\testscripts\tests\tfstests.testmanagement.testexecution.ts" id="44fcd511-0cf3-4065-9e41-67616d7aa5c9">
      <Execution id="0636f5f5-4d90-4ffd-9987-8d8789ff5044" />
      <TestMethod codeBase="d:\v2.0\a1\_work\dbded102\vso\tfs\service\webaccess\testmanagement\testscripts\tests\tfstests.testmanagement.testexecution.ts" adapterTypeName="Microsoft.VisualStudio.TestTools.TestTypes.Unit.UnitTestAdapter" className="d:\v2.0\a1\_work\dbded102\vso\tfs\service\webaccess\testmanagement\testscripts\tests\tfstests.testmanagement.testexecution.ts::tfstests.testmanagement" name="TFSTests.TestManagement.TestExecution TestStep_SetActionAndExpectedResultTest" />
    </UnitTest>
    <UnitTest name="TFSTests.TestManagement.TestExecution TestStep_HasErrorTest" storage="d:\v2.0\a1\_work\dbded102\vso\tfs\service\webaccess\testmanagement\testscripts\tests\tfstests.testmanagement.testexecution.ts" id="42c13c6a-d22f-4982-a2ea-703f1c8f6cbd">
      <Execution id="566dcea2-e8f4-45c8-92f2-3838e1a2001b" />
      <TestMethod codeBase="d:\v2.0\a1\_work\dbded102\vso\tfs\service\webaccess\testmanagement\testscripts\tests\tfstests.testmanagement.testexecution.ts" adapterTypeName="Microsoft.VisualStudio.TestTools.TestTypes.Unit.UnitTestAdapter" className="d:\v2.0\a1\_work\dbded102\vso\tfs\service\webaccess\testmanagement\testscripts\tests\tfstests.testmanagement.testexecution.ts::tfstests.testmanagement" name="TFSTests.TestManagement.TestExecution TestStep_HasErrorTest" />
    </UnitTest>
    <UnitTest name="TFSTests.TestManagement.TestExecution TestCase_IsDirtyTest" storage="d:\v2.0\a1\_work\dbded102\vso\tfs\service\webaccess\testmanagement\testscripts\tests\tfstests.testmanagement.testexecution.ts" id="ad2e61cd-3483-4b9d-894b-f05a76cbf0f5">
      <Execution id="ab71a7cf-012f-46af-b5ce-22ee7598c68a" />
      <TestMethod codeBase="d:\v2.0\a1\_work\dbded102\vso\tfs\service\webaccess\testmanagement\testscripts\tests\tfstests.testmanagement.testexecution.ts" adapterTypeName="Microsoft.VisualStudio.TestTools.TestTypes.Unit.UnitTestAdapter" className="d:\v2.0\a1\_work\dbded102\vso\tfs\service\webaccess\testmanagement\testscripts\tests\tfstests.testmanagement.testexecution.ts::tfstests.testmanagement" name="TFSTests.TestManagement.TestExecution TestCase_IsDirtyTest" />
    </UnitTest>
    <UnitTest name="TFSTests.TestManagement.TestExecution TestCase_HasErrorTest" storage="d:\v2.0\a1\_work\dbded102\vso\tfs\service\webaccess\testmanagement\testscripts\tests\tfstests.testmanagement.testexecution.ts" id="79ee52b4-b765-4622-bbf2-69a4181a7dfa">
      <Execution id="0ee99e02-b907-4d19-9fd5-2a75748b6e39" />
      <TestMethod codeBase="d:\v2.0\a1\_work\dbded102\vso\tfs\service\webaccess\testmanagement\testscripts\tests\tfstests.testmanagement.testexecution.ts" adapterTypeName="Microsoft.VisualStudio.TestTools.TestTypes.Unit.UnitTestAdapter" className="d:\v2.0\a1\_work\dbded102\vso\tfs\service\webaccess\testmanagement\testscripts\tests\tfstests.testmanagement.testexecution.ts::tfstests.testmanagement" name="TFSTests.TestManagement.TestExecution TestCase_HasErrorTest" />
    </UnitTest>
    <UnitTest name="TFSTests.TestManagement.TestExecution TestCase_GetStepTest" storage="d:\v2.0\a1\_work\dbded102\vso\tfs\service\webaccess\testmanagement\testscripts\tests\tfstests.testmanagement.testexecution.ts" id="ab80f20b-549a-49c3-86b8-d3a3d010d374">
      <Execution id="06a894c1-943a-4b1e-8025-2a053559173b" />
      <TestMethod codeBase="d:\v2.0\a1\_work\dbded102\vso\tfs\service\webaccess\testmanagement\testscripts\tests\tfstests.testmanagement.testexecution.ts" adapterTypeName="Microsoft.VisualStudio.TestTools.TestTypes.Unit.UnitTestAdapter" className="d:\v2.0\a1\_work\dbded102\vso\tfs\service\webaccess\testmanagement\testscripts\tests\tfstests.testmanagement.testexecution.ts::tfstests.testmanagement" name="TFSTests.TestManagement.TestExecution TestCase_GetStepTest" />
    </UnitTest>
    <UnitTest name="TFSTests.TestManagement.TestExecution SharedStep_GetStepTest" storage="d:\v2.0\a1\_work\dbded102\vso\tfs\service\webaccess\testmanagement\testscripts\tests\tfstests.testmanagement.testexecution.ts" id="b5704d4d-ed13-4fd7-a69d-5a7dba7157be">
      <Execution id="a93b6a53-7d6f-426a-9c91-04dec60c9714" />
      <TestMethod codeBase="d:\v2.0\a1\_work\dbded102\vso\tfs\service\webaccess\testmanagement\testscripts\tests\tfstests.testmanagement.testexecution.ts" adapterTypeName="Microsoft.VisualStudio.TestTools.TestTypes.Unit.UnitTestAdapter" className="d:\v2.0\a1\_work\dbded102\vso\tfs\service\webaccess\testmanagement\testscripts\tests\tfstests.testmanagement.testexecution.ts::tfstests.testmanagement" name="TFSTests.TestManagement.TestExecution SharedStep_GetStepTest" />
    </UnitTest>
    <UnitTest name="TFSTests.TestManagement.TestExecution SharedSteps_IsDirtyTest" storage="d:\v2.0\a1\_work\dbded102\vso\tfs\service\webaccess\testmanagement\testscripts\tests\tfstests.testmanagement.testexecution.ts" id="e37472d2-bd5f-41a2-8e97-ac8ffe269e4a">
      <Execution id="e7b1724e-f44c-4ac9-8100-06a4cfeed98a" />
      <TestMethod codeBase="d:\v2.0\a1\_work\dbded102\vso\tfs\service\webaccess\testmanagement\testscripts\tests\tfstests.testmanagement.testexecution.ts" adapterTypeName="Microsoft.VisualStudio.TestTools.TestTypes.Unit.UnitTestAdapter" className="d:\v2.0\a1\_work\dbded102\vso\tfs\service\webaccess\testmanagement\testscripts\tests\tfstests.testmanagement.testexecution.ts::tfstests.testmanagement" name="TFSTests.TestManagement.TestExecution SharedSteps_IsDirtyTest" />
    </UnitTest>
    <UnitTest name="TFSTests.TestManagement.TestExecution SharedSteps_HasErrorTest" storage="d:\v2.0\a1\_work\dbded102\vso\tfs\service\webaccess\testmanagement\testscripts\tests\tfstests.testmanagement.testexecution.ts" id="25022b5f-969d-4e2f-8ce1-183f0dd3a9da">
      <Execution id="c6252075-c7a3-458b-9781-a0136fcf7103" />
      <TestMethod codeBase="d:\v2.0\a1\_work\dbded102\vso\tfs\service\webaccess\testmanagement\testscripts\tests\tfstests.testmanagement.testexecution.ts" adapterTypeName="Microsoft.VisualStudio.TestTools.TestTypes.Unit.UnitTestAdapter" className="d:\v2.0\a1\_work\dbded102\vso\tfs\service\webaccess\testmanagement\testscripts\tests\tfstests.testmanagement.testexecution.ts::tfstests.testmanagement" name="TFSTests.TestManagement.TestExecution SharedSteps_HasErrorTest" />
    </UnitTest>
    <UnitTest name="TFSTests.TestManagement.TestExecution HtmlUtils_wrapInDivTest" storage="d:\v2.0\a1\_work\dbded102\vso\tfs\service\webaccess\testmanagement\testscripts\tests\tfstests.testmanagement.testexecution.ts" id="f44eef26-adf2-4f0b-a86f-63b1985f2726">
      <Execution id="cf578ea9-84d0-4bfd-ba06-11ac50ffe098" />
      <TestMethod codeBase="d:\v2.0\a1\_work\dbded102\vso\tfs\service\webaccess\testmanagement\testscripts\tests\tfstests.testmanagement.testexecution.ts" adapterTypeName="Microsoft.VisualStudio.TestTools.TestTypes.Unit.UnitTestAdapter" className="d:\v2.0\a1\_work\dbded102\vso\tfs\service\webaccess\testmanagement\testscripts\tests\tfstests.testmanagement.testexecution.ts::tfstests.testmanagement" name="TFSTests.TestManagement.TestExecution HtmlUtils_wrapInDivTest" />
    </UnitTest>
    <UnitTest name="TFSTests.TestManagement.ExportToHtmlTests VerifyExportAsHtmlPlanXml" storage="d:\v2.0\a1\_work\dbded102\vso\tfs\service\webaccess\testmanagement\testscripts\tests\tfstests.testmanagement.exporttohtmltests.ts" id="e6c8e806-bfb1-459b-ba2d-5d6784a190a4">
      <Execution id="aa83e23b-199f-4c4f-8ea1-4c5a3da7f8f4" />
      <TestMethod codeBase="d:\v2.0\a1\_work\dbded102\vso\tfs\service\webaccess\testmanagement\testscripts\tests\tfstests.testmanagement.exporttohtmltests.ts" adapterTypeName="Microsoft.VisualStudio.TestTools.TestTypes.Unit.UnitTestAdapter" className="d:\v2.0\a1\_work\dbded102\vso\tfs\service\webaccess\testmanagement\testscripts\tests\tfstests.testmanagement.exporttohtmltests.ts::tfstests.testmanagement" name="TFSTests.TestManagement.ExportToHtmlTests VerifyExportAsHtmlPlanXml" />
    </UnitTest>
    <UnitTest name="TFSTests.TestManagement.ExportToHtmlTests VerifyExportAsHtmlSuiteXml" storage="d:\v2.0\a1\_work\dbded102\vso\tfs\service\webaccess\testmanagement\testscripts\tests\tfstests.testmanagement.exporttohtmltests.ts" id="3613609a-f00c-440d-8b32-1f481da5c8f4">
      <Execution id="ce45a23d-eac3-44b0-9538-15011b32d6f5" />
      <TestMethod codeBase="d:\v2.0\a1\_work\dbded102\vso\tfs\service\webaccess\testmanagement\testscripts\tests\tfstests.testmanagement.exporttohtmltests.ts" adapterTypeName="Microsoft.VisualStudio.TestTools.TestTypes.Unit.UnitTestAdapter" className="d:\v2.0\a1\_work\dbded102\vso\tfs\service\webaccess\testmanagement\testscripts\tests\tfstests.testmanagement.exporttohtmltests.ts::tfstests.testmanagement" name="TFSTests.TestManagement.ExportToHtmlTests VerifyExportAsHtmlSuiteXml" />
    </UnitTest>
    <UnitTest name="TFSTests.TestManagement.ExportToHtmlTests VerifyExportAsHtmlSuiteXmlForDuplicateSuiteNames" storage="d:\v2.0\a1\_work\dbded102\vso\tfs\service\webaccess\testmanagement\testscripts\tests\tfstests.testmanagement.exporttohtmltests.ts" id="29b1812d-25ff-4b30-a2d9-eb515db9b422">
      <Execution id="547a69a9-e9bc-4499-948b-8622241512b6" />
      <TestMethod codeBase="d:\v2.0\a1\_work\dbded102\vso\tfs\service\webaccess\testmanagement\testscripts\tests\tfstests.testmanagement.exporttohtmltests.ts" adapterTypeName="Microsoft.VisualStudio.TestTools.TestTypes.Unit.UnitTestAdapter" className="d:\v2.0\a1\_work\dbded102\vso\tfs\service\webaccess\testmanagement\testscripts\tests\tfstests.testmanagement.exporttohtmltests.ts::tfstests.testmanagement" name="TFSTests.TestManagement.ExportToHtmlTests VerifyExportAsHtmlSuiteXmlForDuplicateSuiteNames" />
    </UnitTest>
    <UnitTest name="TFSTests.TestManagement.ExportToHtmlTests VerifyExportAsHtmlTestCaseWithStepsXml" storage="d:\v2.0\a1\_work\dbded102\vso\tfs\service\webaccess\testmanagement\testscripts\tests\tfstests.testmanagement.exporttohtmltests.ts" id="11530a61-c832-4c92-a45d-fea7ff1d852b">
      <Execution id="1a825d20-7395-4152-a5d2-41eb5a28f600" />
      <TestMethod codeBase="d:\v2.0\a1\_work\dbded102\vso\tfs\service\webaccess\testmanagement\testscripts\tests\tfstests.testmanagement.exporttohtmltests.ts" adapterTypeName="Microsoft.VisualStudio.TestTools.TestTypes.Unit.UnitTestAdapter" className="d:\v2.0\a1\_work\dbded102\vso\tfs\service\webaccess\testmanagement\testscripts\tests\tfstests.testmanagement.exporttohtmltests.ts::tfstests.testmanagement" name="TFSTests.TestManagement.ExportToHtmlTests VerifyExportAsHtmlTestCaseWithStepsXml" />
    </UnitTest>
    <UnitTest name="TFSTests.TestManagement.ExportToHtmlTests VerifyExportAsHtmlTestCaseWithLatestTestOutcomeWithMultipleTestPointsInSameTestCase" storage="d:\v2.0\a1\_work\dbded102\vso\tfs\service\webaccess\testmanagement\testscripts\tests\tfstests.testmanagement.exporttohtmltests.ts" id="d88a7ac2-63fb-4c81-b486-ab0c4856b19e">
      <Execution id="b70da01c-be1a-4c5c-b717-77773f1491c6" />
      <TestMethod codeBase="d:\v2.0\a1\_work\dbded102\vso\tfs\service\webaccess\testmanagement\testscripts\tests\tfstests.testmanagement.exporttohtmltests.ts" adapterTypeName="Microsoft.VisualStudio.TestTools.TestTypes.Unit.UnitTestAdapter" className="d:\v2.0\a1\_work\dbded102\vso\tfs\service\webaccess\testmanagement\testscripts\tests\tfstests.testmanagement.exporttohtmltests.ts::tfstests.testmanagement" name="TFSTests.TestManagement.ExportToHtmlTests VerifyExportAsHtmlTestCaseWithLatestTestOutcomeWithMultipleTestPointsInSameTestCase" />
    </UnitTest>
    <UnitTest name="TFSTests.TestManagement.ExportToHtmlTests VerifyExportAsHtmlTestCaseWithLatestTestOutcomeWithMultipleTestPointsInDifferentTestCase" storage="d:\v2.0\a1\_work\dbded102\vso\tfs\service\webaccess\testmanagement\testscripts\tests\tfstests.testmanagement.exporttohtmltests.ts" id="52b7e93a-04b5-4a3b-8a94-4a4153813d6c">
      <Execution id="cfda375f-9884-47ce-a4d0-712d721f4295" />
      <TestMethod codeBase="d:\v2.0\a1\_work\dbded102\vso\tfs\service\webaccess\testmanagement\testscripts\tests\tfstests.testmanagement.exporttohtmltests.ts" adapterTypeName="Microsoft.VisualStudio.TestTools.TestTypes.Unit.UnitTestAdapter" className="d:\v2.0\a1\_work\dbded102\vso\tfs\service\webaccess\testmanagement\testscripts\tests\tfstests.testmanagement.exporttohtmltests.ts::tfstests.testmanagement" name="TFSTests.TestManagement.ExportToHtmlTests VerifyExportAsHtmlTestCaseWithLatestTestOutcomeWithMultipleTestPointsInDifferentTestCase" />
    </UnitTest>
    <UnitTest name="TFSTests.TestManagement.ExportToHtmlTests VerifyExportAsHtmlTestCaseWithLatestTestOutcomeWithNoTestPoints" storage="d:\v2.0\a1\_work\dbded102\vso\tfs\service\webaccess\testmanagement\testscripts\tests\tfstests.testmanagement.exporttohtmltests.ts" id="097d04f9-5863-4f5b-9e17-fa91b1b66254">
      <Execution id="97b2a7c5-7704-4125-b015-1631d12b8c52" />
      <TestMethod codeBase="d:\v2.0\a1\_work\dbded102\vso\tfs\service\webaccess\testmanagement\testscripts\tests\tfstests.testmanagement.exporttohtmltests.ts" adapterTypeName="Microsoft.VisualStudio.TestTools.TestTypes.Unit.UnitTestAdapter" className="d:\v2.0\a1\_work\dbded102\vso\tfs\service\webaccess\testmanagement\testscripts\tests\tfstests.testmanagement.exporttohtmltests.ts::tfstests.testmanagement" name="TFSTests.TestManagement.ExportToHtmlTests VerifyExportAsHtmlTestCaseWithLatestTestOutcomeWithNoTestPoints" />
    </UnitTest>
    <UnitTest name="TFSTests.TestManagement.ExportToHtmlTests VerifyExportAsHtmlTestCaseWithSharedStepXml" storage="d:\v2.0\a1\_work\dbded102\vso\tfs\service\webaccess\testmanagement\testscripts\tests\tfstests.testmanagement.exporttohtmltests.ts" id="ef19249c-2256-4f97-aadc-5b2e567f6707">
      <Execution id="0ebdb3bf-35d0-4d7f-9646-fe0329f85514" />
      <TestMethod codeBase="d:\v2.0\a1\_work\dbded102\vso\tfs\service\webaccess\testmanagement\testscripts\tests\tfstests.testmanagement.exporttohtmltests.ts" adapterTypeName="Microsoft.VisualStudio.TestTools.TestTypes.Unit.UnitTestAdapter" className="d:\v2.0\a1\_work\dbded102\vso\tfs\service\webaccess\testmanagement\testscripts\tests\tfstests.testmanagement.exporttohtmltests.ts::tfstests.testmanagement" name="TFSTests.TestManagement.ExportToHtmlTests VerifyExportAsHtmlTestCaseWithSharedStepXml" />
    </UnitTest>
    <UnitTest name="TFSTests.TestManagement.ExportToHtmlTests VerifyExportAsHtmlTestCaseWithParamsXml" storage="d:\v2.0\a1\_work\dbded102\vso\tfs\service\webaccess\testmanagement\testscripts\tests\tfstests.testmanagement.exporttohtmltests.ts" id="2c774329-a1e1-4662-b775-9e09bdd05ae3">
      <Execution id="cc164c2c-2155-4c8e-b76c-2de399164e04" />
      <TestMethod codeBase="d:\v2.0\a1\_work\dbded102\vso\tfs\service\webaccess\testmanagement\testscripts\tests\tfstests.testmanagement.exporttohtmltests.ts" adapterTypeName="Microsoft.VisualStudio.TestTools.TestTypes.Unit.UnitTestAdapter" className="d:\v2.0\a1\_work\dbded102\vso\tfs\service\webaccess\testmanagement\testscripts\tests\tfstests.testmanagement.exporttohtmltests.ts::tfstests.testmanagement" name="TFSTests.TestManagement.ExportToHtmlTests VerifyExportAsHtmlTestCaseWithParamsXml" />
    </UnitTest>
    <UnitTest name="TFSTests.TestManagement.ExportToHtmlTests VerifyExportAsHtmlTestCaseAutomationDataXml" storage="d:\v2.0\a1\_work\dbded102\vso\tfs\service\webaccess\testmanagement\testscripts\tests\tfstests.testmanagement.exporttohtmltests.ts" id="8bb1bc08-32a2-4464-94e8-d5ad73d11f62">
      <Execution id="886389b2-9dac-4651-8ab4-91c6bc92eb9e" />
      <TestMethod codeBase="d:\v2.0\a1\_work\dbded102\vso\tfs\service\webaccess\testmanagement\testscripts\tests\tfstests.testmanagement.exporttohtmltests.ts" adapterTypeName="Microsoft.VisualStudio.TestTools.TestTypes.Unit.UnitTestAdapter" className="d:\v2.0\a1\_work\dbded102\vso\tfs\service\webaccess\testmanagement\testscripts\tests\tfstests.testmanagement.exporttohtmltests.ts::tfstests.testmanagement" name="TFSTests.TestManagement.ExportToHtmlTests VerifyExportAsHtmlTestCaseAutomationDataXml" />
    </UnitTest>
    <UnitTest name="TFSTests.TestManagement.ExportToHtmlTests VerifyExportAsHtmlNoParametersXml" storage="d:\v2.0\a1\_work\dbded102\vso\tfs\service\webaccess\testmanagement\testscripts\tests\tfstests.testmanagement.exporttohtmltests.ts" id="aa77ead3-5768-4706-a140-f87457d8b838">
      <Execution id="15729d6a-665f-4a66-9e1a-531193fb055b" />
      <TestMethod codeBase="d:\v2.0\a1\_work\dbded102\vso\tfs\service\webaccess\testmanagement\testscripts\tests\tfstests.testmanagement.exporttohtmltests.ts" adapterTypeName="Microsoft.VisualStudio.TestTools.TestTypes.Unit.UnitTestAdapter" className="d:\v2.0\a1\_work\dbded102\vso\tfs\service\webaccess\testmanagement\testscripts\tests\tfstests.testmanagement.exporttohtmltests.ts::tfstests.testmanagement" name="TFSTests.TestManagement.ExportToHtmlTests VerifyExportAsHtmlNoParametersXml" />
    </UnitTest>
    <UnitTest name="TFSTests.TestManagement.ExportToHtmlTests VerifyExportAsHtmlSharedParametersXml" storage="d:\v2.0\a1\_work\dbded102\vso\tfs\service\webaccess\testmanagement\testscripts\tests\tfstests.testmanagement.exporttohtmltests.ts" id="5ebad6ac-36ae-4cae-bc39-66683d75b6b4">
      <Execution id="3b3e33e0-cad4-4699-8f55-78c7720c0000" />
      <TestMethod codeBase="d:\v2.0\a1\_work\dbded102\vso\tfs\service\webaccess\testmanagement\testscripts\tests\tfstests.testmanagement.exporttohtmltests.ts" adapterTypeName="Microsoft.VisualStudio.TestTools.TestTypes.Unit.UnitTestAdapter" className="d:\v2.0\a1\_work\dbded102\vso\tfs\service\webaccess\testmanagement\testscripts\tests\tfstests.testmanagement.exporttohtmltests.ts::tfstests.testmanagement" name="TFSTests.TestManagement.ExportToHtmlTests VerifyExportAsHtmlSharedParametersXml" />
    </UnitTest>
    <UnitTest name="TFSTests.TestManagement.ExportToHtmlTests VerifyExportAsHtmlRunSettingsXml" storage="d:\v2.0\a1\_work\dbded102\vso\tfs\service\webaccess\testmanagement\testscripts\tests\tfstests.testmanagement.exporttohtmltests.ts" id="607665f5-7d21-4f7e-8c10-99b636a163bf">
      <Execution id="0790e4c4-bf34-4e85-96b3-bda0877aa004" />
      <TestMethod codeBase="d:\v2.0\a1\_work\dbded102\vso\tfs\service\webaccess\testmanagement\testscripts\tests\tfstests.testmanagement.exporttohtmltests.ts" adapterTypeName="Microsoft.VisualStudio.TestTools.TestTypes.Unit.UnitTestAdapter" className="d:\v2.0\a1\_work\dbded102\vso\tfs\service\webaccess\testmanagement\testscripts\tests\tfstests.testmanagement.exporttohtmltests.ts::tfstests.testmanagement" name="TFSTests.TestManagement.ExportToHtmlTests VerifyExportAsHtmlRunSettingsXml" />
    </UnitTest>
    <UnitTest name="TFSTests.TestManagement.ExportToHtmlTests ValidateMethodAddTestStepAttachmentsMetadata" storage="d:\v2.0\a1\_work\dbded102\vso\tfs\service\webaccess\testmanagement\testscripts\tests\tfstests.testmanagement.exporttohtmltests.ts" id="407a5679-04fb-4e8a-9bd2-c13a72d39530">
      <Execution id="21767668-7c71-4aa5-8584-cbeb291b6691" />
      <TestMethod codeBase="d:\v2.0\a1\_work\dbded102\vso\tfs\service\webaccess\testmanagement\testscripts\tests\tfstests.testmanagement.exporttohtmltests.ts" adapterTypeName="Microsoft.VisualStudio.TestTools.TestTypes.Unit.UnitTestAdapter" className="d:\v2.0\a1\_work\dbded102\vso\tfs\service\webaccess\testmanagement\testscripts\tests\tfstests.testmanagement.exporttohtmltests.ts::tfstests.testmanagement" name="TFSTests.TestManagement.ExportToHtmlTests ValidateMethodAddTestStepAttachmentsMetadata" />
    </UnitTest>
    <UnitTest name="TFSTests.TestManagement.ResultsView.Iterations IterationsView.Validate.NumberOfIterationsSections" storage="d:\v2.0\a1\_work\dbded102\vso\tfs\service\webaccess\testmanagement\testscripts\tests\tfstests.testmanagement.resultsview.iterations.ts" id="7060934f-bacc-42dc-9b22-4a29473b1d28">
      <Execution id="253dc62d-09d6-4165-a9b5-66e0db67e062" />
      <TestMethod codeBase="d:\v2.0\a1\_work\dbded102\vso\tfs\service\webaccess\testmanagement\testscripts\tests\tfstests.testmanagement.resultsview.iterations.ts" adapterTypeName="Microsoft.VisualStudio.TestTools.TestTypes.Unit.UnitTestAdapter" className="d:\v2.0\a1\_work\dbded102\vso\tfs\service\webaccess\testmanagement\testscripts\tests\tfstests.testmanagement.resultsview.iterations.ts::tfstests.testmanagement.resultsview.iterations::iterationsview.validate" name="TFSTests.TestManagement.ResultsView.Iterations IterationsView.Validate.NumberOfIterationsSections" />
    </UnitTest>
    <UnitTest name="TFSTests.TestManagement.ResultsView.Iterations IterationsView.Validate.IterationsHaveCollapsedIconByDefault" storage="d:\v2.0\a1\_work\dbded102\vso\tfs\service\webaccess\testmanagement\testscripts\tests\tfstests.testmanagement.resultsview.iterations.ts" id="22628718-56a9-4695-b147-ac53f20971eb">
      <Execution id="2b0170ff-733c-4e9a-83b2-ff6713036bae" />
      <TestMethod codeBase="d:\v2.0\a1\_work\dbded102\vso\tfs\service\webaccess\testmanagement\testscripts\tests\tfstests.testmanagement.resultsview.iterations.ts" adapterTypeName="Microsoft.VisualStudio.TestTools.TestTypes.Unit.UnitTestAdapter" className="d:\v2.0\a1\_work\dbded102\vso\tfs\service\webaccess\testmanagement\testscripts\tests\tfstests.testmanagement.resultsview.iterations.ts::tfstests.testmanagement.resultsview.iterations::iterationsview.validate" name="TFSTests.TestManagement.ResultsView.Iterations IterationsView.Validate.IterationsHaveCollapsedIconByDefault" />
    </UnitTest>
    <UnitTest name="TFSTests.TestManagement.ResultsView.Iterations IterationsView.Validate.IterationsAreCollapsedByDefault" storage="d:\v2.0\a1\_work\dbded102\vso\tfs\service\webaccess\testmanagement\testscripts\tests\tfstests.testmanagement.resultsview.iterations.ts" id="af307ca4-f2dd-4da7-a3c8-4026b30bb508">
      <Execution id="0568eb98-b515-4d33-b60e-186ce293b864" />
      <TestMethod codeBase="d:\v2.0\a1\_work\dbded102\vso\tfs\service\webaccess\testmanagement\testscripts\tests\tfstests.testmanagement.resultsview.iterations.ts" adapterTypeName="Microsoft.VisualStudio.TestTools.TestTypes.Unit.UnitTestAdapter" className="d:\v2.0\a1\_work\dbded102\vso\tfs\service\webaccess\testmanagement\testscripts\tests\tfstests.testmanagement.resultsview.iterations.ts::tfstests.testmanagement.resultsview.iterations::iterationsview.validate" name="TFSTests.TestManagement.ResultsView.Iterations IterationsView.Validate.IterationsAreCollapsedByDefault" />
    </UnitTest>
    <UnitTest name="TFSTests.TestManagement.ResultsView.Iterations IterationsView.Validate.ParametersForStepResult" storage="d:\v2.0\a1\_work\dbded102\vso\tfs\service\webaccess\testmanagement\testscripts\tests\tfstests.testmanagement.resultsview.iterations.ts" id="1862e713-5e50-47bc-b37b-bc0af1e309cb">
      <Execution id="52bd316b-af7d-4a0c-a26d-4fe1dfd9a8ef" />
      <TestMethod codeBase="d:\v2.0\a1\_work\dbded102\vso\tfs\service\webaccess\testmanagement\testscripts\tests\tfstests.testmanagement.resultsview.iterations.ts" adapterTypeName="Microsoft.VisualStudio.TestTools.TestTypes.Unit.UnitTestAdapter" className="d:\v2.0\a1\_work\dbded102\vso\tfs\service\webaccess\testmanagement\testscripts\tests\tfstests.testmanagement.resultsview.iterations.ts::tfstests.testmanagement.resultsview.iterations::iterationsview.validate" name="TFSTests.TestManagement.ResultsView.Iterations IterationsView.Validate.ParametersForStepResult" />
    </UnitTest>
    <UnitTest name="TFSTests.TestManagement.ResultsView.Iterations IterationsView.Validate.ExpectedResultForStepResult" storage="d:\v2.0\a1\_work\dbded102\vso\tfs\service\webaccess\testmanagement\testscripts\tests\tfstests.testmanagement.resultsview.iterations.ts" id="2ae604c0-e29c-4328-87b5-22c429499875">
      <Execution id="ac4aeb4e-d022-4dd0-962b-cfdc28a5c8e6" />
      <TestMethod codeBase="d:\v2.0\a1\_work\dbded102\vso\tfs\service\webaccess\testmanagement\testscripts\tests\tfstests.testmanagement.resultsview.iterations.ts" adapterTypeName="Microsoft.VisualStudio.TestTools.TestTypes.Unit.UnitTestAdapter" className="d:\v2.0\a1\_work\dbded102\vso\tfs\service\webaccess\testmanagement\testscripts\tests\tfstests.testmanagement.resultsview.iterations.ts::tfstests.testmanagement.resultsview.iterations::iterationsview.validate" name="TFSTests.TestManagement.ResultsView.Iterations IterationsView.Validate.ExpectedResultForStepResult" />
    </UnitTest>
    <UnitTest name="TFSTests.TestManagement.ResultsView.Iterations IterationsView.Validate.NonEmptytestResultComment" storage="d:\v2.0\a1\_work\dbded102\vso\tfs\service\webaccess\testmanagement\testscripts\tests\tfstests.testmanagement.resultsview.iterations.ts" id="1733b3eb-23df-48ec-83cd-aa32866f2cf3">
      <Execution id="bfd1d6e2-78cd-4393-a2f6-634e95d279eb" />
      <TestMethod codeBase="d:\v2.0\a1\_work\dbded102\vso\tfs\service\webaccess\testmanagement\testscripts\tests\tfstests.testmanagement.resultsview.iterations.ts" adapterTypeName="Microsoft.VisualStudio.TestTools.TestTypes.Unit.UnitTestAdapter" className="d:\v2.0\a1\_work\dbded102\vso\tfs\service\webaccess\testmanagement\testscripts\tests\tfstests.testmanagement.resultsview.iterations.ts::tfstests.testmanagement.resultsview.iterations::iterationsview.validate" name="TFSTests.TestManagement.ResultsView.Iterations IterationsView.Validate.NonEmptytestResultComment" />
    </UnitTest>
    <UnitTest name="TFSTests.TestManagement.ResultsView.Iterations IterationsView.Validate.EmptyTestStepResultExpectedResult" storage="d:\v2.0\a1\_work\dbded102\vso\tfs\service\webaccess\testmanagement\testscripts\tests\tfstests.testmanagement.resultsview.iterations.ts" id="8c362009-8676-4f5a-809a-4d330c1ef181">
      <Execution id="6a8326be-2fdf-4170-8af3-d21598ba2548" />
      <TestMethod codeBase="d:\v2.0\a1\_work\dbded102\vso\tfs\service\webaccess\testmanagement\testscripts\tests\tfstests.testmanagement.resultsview.iterations.ts" adapterTypeName="Microsoft.VisualStudio.TestTools.TestTypes.Unit.UnitTestAdapter" className="d:\v2.0\a1\_work\dbded102\vso\tfs\service\webaccess\testmanagement\testscripts\tests\tfstests.testmanagement.resultsview.iterations.ts::tfstests.testmanagement.resultsview.iterations::iterationsview.validate" name="TFSTests.TestManagement.ResultsView.Iterations IterationsView.Validate.EmptyTestStepResultExpectedResult" />
    </UnitTest>
    <UnitTest name="TFSTests.TestManagement.ResultsView.Iterations IterationsView.Validate.EmptyTestStepComment" storage="d:\v2.0\a1\_work\dbded102\vso\tfs\service\webaccess\testmanagement\testscripts\tests\tfstests.testmanagement.resultsview.iterations.ts" id="e76f5e34-8fed-4b22-a6f3-c9c655912fe0">
      <Execution id="a7885436-9abe-4fbf-b27e-bd9a7b3fbd00" />
      <TestMethod codeBase="d:\v2.0\a1\_work\dbded102\vso\tfs\service\webaccess\testmanagement\testscripts\tests\tfstests.testmanagement.resultsview.iterations.ts" adapterTypeName="Microsoft.VisualStudio.TestTools.TestTypes.Unit.UnitTestAdapter" className="d:\v2.0\a1\_work\dbded102\vso\tfs\service\webaccess\testmanagement\testscripts\tests\tfstests.testmanagement.resultsview.iterations.ts::tfstests.testmanagement.resultsview.iterations::iterationsview.validate" name="TFSTests.TestManagement.ResultsView.Iterations IterationsView.Validate.EmptyTestStepComment" />
    </UnitTest>
    <UnitTest name="TFSTests.TestManagement.ResultsView.Iterations IterationsView.Validate.EmptyTestStepParameters" storage="d:\v2.0\a1\_work\dbded102\vso\tfs\service\webaccess\testmanagement\testscripts\tests\tfstests.testmanagement.resultsview.iterations.ts" id="fad5918a-a19c-4749-a97e-e89f6dad692c">
      <Execution id="abd717e8-9e8e-40ac-bf9a-ed8c69e6bb68" />
      <TestMethod codeBase="d:\v2.0\a1\_work\dbded102\vso\tfs\service\webaccess\testmanagement\testscripts\tests\tfstests.testmanagement.resultsview.iterations.ts" adapterTypeName="Microsoft.VisualStudio.TestTools.TestTypes.Unit.UnitTestAdapter" className="d:\v2.0\a1\_work\dbded102\vso\tfs\service\webaccess\testmanagement\testscripts\tests\tfstests.testmanagement.resultsview.iterations.ts::tfstests.testmanagement.resultsview.iterations::iterationsview.validate" name="TFSTests.TestManagement.ResultsView.Iterations IterationsView.Validate.EmptyTestStepParameters" />
    </UnitTest>
    <UnitTest name="TFSTests.TestManagement.ResultsView.Iterations IterationsView.Validate.MissingOutcomeIconForIteration" storage="d:\v2.0\a1\_work\dbded102\vso\tfs\service\webaccess\testmanagement\testscripts\tests\tfstests.testmanagement.resultsview.iterations.ts" id="538cc54c-ab94-4a28-aa3e-af069e30e944">
      <Execution id="a4c40545-3f23-4e76-aab7-ad2610ef0520" />
      <TestMethod codeBase="d:\v2.0\a1\_work\dbded102\vso\tfs\service\webaccess\testmanagement\testscripts\tests\tfstests.testmanagement.resultsview.iterations.ts" adapterTypeName="Microsoft.VisualStudio.TestTools.TestTypes.Unit.UnitTestAdapter" className="d:\v2.0\a1\_work\dbded102\vso\tfs\service\webaccess\testmanagement\testscripts\tests\tfstests.testmanagement.resultsview.iterations.ts::tfstests.testmanagement.resultsview.iterations::iterationsview.validate" name="TFSTests.TestManagement.ResultsView.Iterations IterationsView.Validate.MissingOutcomeIconForIteration" />
    </UnitTest>
    <UnitTest name="TFSTests.TestManagement.ResultsView.Iterations IterationsView.Validate.WrongOutcomeIconForIteration" storage="d:\v2.0\a1\_work\dbded102\vso\tfs\service\webaccess\testmanagement\testscripts\tests\tfstests.testmanagement.resultsview.iterations.ts" id="6b1a8dc9-6ca7-4dac-a4be-5b3ac7a3a2c3">
      <Execution id="afef0fd5-058d-480a-8f0a-d69d75cf498a" />
      <TestMethod codeBase="d:\v2.0\a1\_work\dbded102\vso\tfs\service\webaccess\testmanagement\testscripts\tests\tfstests.testmanagement.resultsview.iterations.ts" adapterTypeName="Microsoft.VisualStudio.TestTools.TestTypes.Unit.UnitTestAdapter" className="d:\v2.0\a1\_work\dbded102\vso\tfs\service\webaccess\testmanagement\testscripts\tests\tfstests.testmanagement.resultsview.iterations.ts::tfstests.testmanagement.resultsview.iterations::iterationsview.validate" name="TFSTests.TestManagement.ResultsView.Iterations IterationsView.Validate.WrongOutcomeIconForIteration" />
    </UnitTest>
    <UnitTest name="TFSTests.TestManagement.ResultsView.Iterations IterationsView.Validate.IterationTitleString" storage="d:\v2.0\a1\_work\dbded102\vso\tfs\service\webaccess\testmanagement\testscripts\tests\tfstests.testmanagement.resultsview.iterations.ts" id="422e223d-3915-4104-8969-07765d8a400a">
      <Execution id="3d46d9fe-6300-4547-bd25-1834a492a125" />
      <TestMethod codeBase="d:\v2.0\a1\_work\dbded102\vso\tfs\service\webaccess\testmanagement\testscripts\tests\tfstests.testmanagement.resultsview.iterations.ts" adapterTypeName="Microsoft.VisualStudio.TestTools.TestTypes.Unit.UnitTestAdapter" className="d:\v2.0\a1\_work\dbded102\vso\tfs\service\webaccess\testmanagement\testscripts\tests\tfstests.testmanagement.resultsview.iterations.ts::tfstests.testmanagement.resultsview.iterations::iterationsview.validate" name="TFSTests.TestManagement.ResultsView.Iterations IterationsView.Validate.IterationTitleString" />
    </UnitTest>
    <UnitTest name="TFSTests.TestManagement.ResultsView.Iterations IterationsView.Validate.TestStepHeaderInIterationContainer" storage="d:\v2.0\a1\_work\dbded102\vso\tfs\service\webaccess\testmanagement\testscripts\tests\tfstests.testmanagement.resultsview.iterations.ts" id="c3933f47-e627-416d-87ff-6f5b025764ae">
      <Execution id="bdcfde9e-8a4f-47a2-b58a-4421abee95a4" />
      <TestMethod codeBase="d:\v2.0\a1\_work\dbded102\vso\tfs\service\webaccess\testmanagement\testscripts\tests\tfstests.testmanagement.resultsview.iterations.ts" adapterTypeName="Microsoft.VisualStudio.TestTools.TestTypes.Unit.UnitTestAdapter" className="d:\v2.0\a1\_work\dbded102\vso\tfs\service\webaccess\testmanagement\testscripts\tests\tfstests.testmanagement.resultsview.iterations.ts::tfstests.testmanagement.resultsview.iterations::iterationsview.validate" name="TFSTests.TestManagement.ResultsView.Iterations IterationsView.Validate.TestStepHeaderInIterationContainer" />
    </UnitTest>
    <UnitTest name="TFSTests.TestManagement.ResultsView.Iterations IterationsView.Validate.TestStepTitleString" storage="d:\v2.0\a1\_work\dbded102\vso\tfs\service\webaccess\testmanagement\testscripts\tests\tfstests.testmanagement.resultsview.iterations.ts" id="c86448d4-2f0c-4b8c-906e-8e635b27a667">
      <Execution id="6219d7d4-4e6c-4ac0-aee4-59e869cdb284" />
      <TestMethod codeBase="d:\v2.0\a1\_work\dbded102\vso\tfs\service\webaccess\testmanagement\testscripts\tests\tfstests.testmanagement.resultsview.iterations.ts" adapterTypeName="Microsoft.VisualStudio.TestTools.TestTypes.Unit.UnitTestAdapter" className="d:\v2.0\a1\_work\dbded102\vso\tfs\service\webaccess\testmanagement\testscripts\tests\tfstests.testmanagement.resultsview.iterations.ts::tfstests.testmanagement.resultsview.iterations::iterationsview.validate" name="TFSTests.TestManagement.ResultsView.Iterations IterationsView.Validate.TestStepTitleString" />
    </UnitTest>
    <UnitTest name="TFSTests.TestManagement.ResultsView.Iterations IterationsView.Validate.NumberOfTestStepResultSectionsInDOM" storage="d:\v2.0\a1\_work\dbded102\vso\tfs\service\webaccess\testmanagement\testscripts\tests\tfstests.testmanagement.resultsview.iterations.ts" id="0551c84f-7854-4d14-98d2-23e792ff73b3">
      <Execution id="62ac2a6f-0a26-4032-a094-eb7d83564c4a" />
      <TestMethod codeBase="d:\v2.0\a1\_work\dbded102\vso\tfs\service\webaccess\testmanagement\testscripts\tests\tfstests.testmanagement.resultsview.iterations.ts" adapterTypeName="Microsoft.VisualStudio.TestTools.TestTypes.Unit.UnitTestAdapter" className="d:\v2.0\a1\_work\dbded102\vso\tfs\service\webaccess\testmanagement\testscripts\tests\tfstests.testmanagement.resultsview.iterations.ts::tfstests.testmanagement.resultsview.iterations::iterationsview.validate" name="TFSTests.TestManagement.ResultsView.Iterations IterationsView.Validate.NumberOfTestStepResultSectionsInDOM" />
    </UnitTest>
    <UnitTest name="TFSTests.TestManagement.ResultsView.Iterations IterationsView.Validate.IterationStartTimeDurationFormat" storage="d:\v2.0\a1\_work\dbded102\vso\tfs\service\webaccess\testmanagement\testscripts\tests\tfstests.testmanagement.resultsview.iterations.ts" id="c8bcba91-4f59-4031-a617-e7f0006c9ab5">
      <Execution id="684568b4-9697-4c2a-9ed6-648e5adcf0b0" />
      <TestMethod codeBase="d:\v2.0\a1\_work\dbded102\vso\tfs\service\webaccess\testmanagement\testscripts\tests\tfstests.testmanagement.resultsview.iterations.ts" adapterTypeName="Microsoft.VisualStudio.TestTools.TestTypes.Unit.UnitTestAdapter" className="d:\v2.0\a1\_work\dbded102\vso\tfs\service\webaccess\testmanagement\testscripts\tests\tfstests.testmanagement.resultsview.iterations.ts::tfstests.testmanagement.resultsview.iterations::iterationsview.validate" name="TFSTests.TestManagement.ResultsView.Iterations IterationsView.Validate.IterationStartTimeDurationFormat" />
    </UnitTest>
    <UnitTest name="TFSTests.TestManagement.ResultsView.Iterations IterationsView.Validate.SharedTestStepResultDOM" storage="d:\v2.0\a1\_work\dbded102\vso\tfs\service\webaccess\testmanagement\testscripts\tests\tfstests.testmanagement.resultsview.iterations.ts" id="b2ee3fd4-0a7e-415a-9413-b0c9c6c42201">
      <Execution id="63885043-4e9b-4964-b6c0-c9ae7efb2394" />
      <TestMethod codeBase="d:\v2.0\a1\_work\dbded102\vso\tfs\service\webaccess\testmanagement\testscripts\tests\tfstests.testmanagement.resultsview.iterations.ts" adapterTypeName="Microsoft.VisualStudio.TestTools.TestTypes.Unit.UnitTestAdapter" className="d:\v2.0\a1\_work\dbded102\vso\tfs\service\webaccess\testmanagement\testscripts\tests\tfstests.testmanagement.resultsview.iterations.ts::tfstests.testmanagement.resultsview.iterations::iterationsview.validate" name="TFSTests.TestManagement.ResultsView.Iterations IterationsView.Validate.SharedTestStepResultDOM" />
    </UnitTest>
    <UnitTest name="TFSTests.TestManagement.ResultsView.Iterations IterationsView.Validate.SharedStepResultSubSteps" storage="d:\v2.0\a1\_work\dbded102\vso\tfs\service\webaccess\testmanagement\testscripts\tests\tfstests.testmanagement.resultsview.iterations.ts" id="92664af5-1532-41e7-8446-682eb63ac2ae">
      <Execution id="f58e4244-8542-4d24-a77e-8011b27a4a23" />
      <TestMethod codeBase="d:\v2.0\a1\_work\dbded102\vso\tfs\service\webaccess\testmanagement\testscripts\tests\tfstests.testmanagement.resultsview.iterations.ts" adapterTypeName="Microsoft.VisualStudio.TestTools.TestTypes.Unit.UnitTestAdapter" className="d:\v2.0\a1\_work\dbded102\vso\tfs\service\webaccess\testmanagement\testscripts\tests\tfstests.testmanagement.resultsview.iterations.ts::tfstests.testmanagement.resultsview.iterations::iterationsview.validate" name="TFSTests.TestManagement.ResultsView.Iterations IterationsView.Validate.SharedStepResultSubSteps" />
    </UnitTest>
    <UnitTest name="TFSTests.TestManagement.ResultsView.Iterations IterationsView.Validate.TestStepResultIcon" storage="d:\v2.0\a1\_work\dbded102\vso\tfs\service\webaccess\testmanagement\testscripts\tests\tfstests.testmanagement.resultsview.iterations.ts" id="e65c0178-07f9-4813-accf-3e2ee857b496">
      <Execution id="f9557722-3699-4887-91c9-4e5457e3c740" />
      <TestMethod codeBase="d:\v2.0\a1\_work\dbded102\vso\tfs\service\webaccess\testmanagement\testscripts\tests\tfstests.testmanagement.resultsview.iterations.ts" adapterTypeName="Microsoft.VisualStudio.TestTools.TestTypes.Unit.UnitTestAdapter" className="d:\v2.0\a1\_work\dbded102\vso\tfs\service\webaccess\testmanagement\testscripts\tests\tfstests.testmanagement.resultsview.iterations.ts::tfstests.testmanagement.resultsview.iterations::iterationsview.validate" name="TFSTests.TestManagement.ResultsView.Iterations IterationsView.Validate.TestStepResultIcon" />
    </UnitTest>
    <UnitTest name="TFSTests.TestManagement.ResultsView.Iterations IterationsView.Validate.TestStepResultIndexString" storage="d:\v2.0\a1\_work\dbded102\vso\tfs\service\webaccess\testmanagement\testscripts\tests\tfstests.testmanagement.resultsview.iterations.ts" id="557b8178-77f2-4f11-a6b8-07a8873cdc53">
      <Execution id="71dfd780-1506-4bd0-a51f-e8f7df0ecd5f" />
      <TestMethod codeBase="d:\v2.0\a1\_work\dbded102\vso\tfs\service\webaccess\testmanagement\testscripts\tests\tfstests.testmanagement.resultsview.iterations.ts" adapterTypeName="Microsoft.VisualStudio.TestTools.TestTypes.Unit.UnitTestAdapter" className="d:\v2.0\a1\_work\dbded102\vso\tfs\service\webaccess\testmanagement\testscripts\tests\tfstests.testmanagement.resultsview.iterations.ts::tfstests.testmanagement.resultsview.iterations::iterationsview.validate" name="TFSTests.TestManagement.ResultsView.Iterations IterationsView.Validate.TestStepResultIndexString" />
    </UnitTest>
    <UnitTest name="TFSTests.TestManagement.ResultsView.Iterations IterationsView.Validate.TestStepResultTitle" storage="d:\v2.0\a1\_work\dbded102\vso\tfs\service\webaccess\testmanagement\testscripts\tests\tfstests.testmanagement.resultsview.iterations.ts" id="e3636bc3-e32a-4c91-b0ae-fbb067abce6d">
      <Execution id="49abe40f-e64f-49c2-a5de-722c400bf0ea" />
      <TestMethod codeBase="d:\v2.0\a1\_work\dbded102\vso\tfs\service\webaccess\testmanagement\testscripts\tests\tfstests.testmanagement.resultsview.iterations.ts" adapterTypeName="Microsoft.VisualStudio.TestTools.TestTypes.Unit.UnitTestAdapter" className="d:\v2.0\a1\_work\dbded102\vso\tfs\service\webaccess\testmanagement\testscripts\tests\tfstests.testmanagement.resultsview.iterations.ts::tfstests.testmanagement.resultsview.iterations::iterationsview.validate" name="TFSTests.TestManagement.ResultsView.Iterations IterationsView.Validate.TestStepResultTitle" />
    </UnitTest>
    <UnitTest name="TFSTests.TestManagement.ResultsView.Iterations IterationsView.Validate.IterationCommentForIterationWithComment" storage="d:\v2.0\a1\_work\dbded102\vso\tfs\service\webaccess\testmanagement\testscripts\tests\tfstests.testmanagement.resultsview.iterations.ts" id="dfbc0906-a642-4b59-9ca7-f4dba812e476">
      <Execution id="4192280d-2833-4d8d-b3cd-8cfa75cafe09" />
      <TestMethod codeBase="d:\v2.0\a1\_work\dbded102\vso\tfs\service\webaccess\testmanagement\testscripts\tests\tfstests.testmanagement.resultsview.iterations.ts" adapterTypeName="Microsoft.VisualStudio.TestTools.TestTypes.Unit.UnitTestAdapter" className="d:\v2.0\a1\_work\dbded102\vso\tfs\service\webaccess\testmanagement\testscripts\tests\tfstests.testmanagement.resultsview.iterations.ts::tfstests.testmanagement.resultsview.iterations::iterationsview.validate" name="TFSTests.TestManagement.ResultsView.Iterations IterationsView.Validate.IterationCommentForIterationWithComment" />
    </UnitTest>
    <UnitTest name="TFSTests.TestManagement.ResultsView.Iterations IterationsView.Validate.IterationCommentForIterationWithNoComment" storage="d:\v2.0\a1\_work\dbded102\vso\tfs\service\webaccess\testmanagement\testscripts\tests\tfstests.testmanagement.resultsview.iterations.ts" id="8255a108-5fa9-4faf-86ff-a5009e956b0f">
      <Execution id="f52d19b5-d336-417a-bc28-9e88c5f109b2" />
      <TestMethod codeBase="d:\v2.0\a1\_work\dbded102\vso\tfs\service\webaccess\testmanagement\testscripts\tests\tfstests.testmanagement.resultsview.iterations.ts" adapterTypeName="Microsoft.VisualStudio.TestTools.TestTypes.Unit.UnitTestAdapter" className="d:\v2.0\a1\_work\dbded102\vso\tfs\service\webaccess\testmanagement\testscripts\tests\tfstests.testmanagement.resultsview.iterations.ts::tfstests.testmanagement.resultsview.iterations::iterationsview.validate" name="TFSTests.TestManagement.ResultsView.Iterations IterationsView.Validate.IterationCommentForIterationWithNoComment" />
    </UnitTest>
    <UnitTest name="TFSTests.TestManagement.ResultsView.Iterations IterationsView.Validate.AttachmentsForIteration" storage="d:\v2.0\a1\_work\dbded102\vso\tfs\service\webaccess\testmanagement\testscripts\tests\tfstests.testmanagement.resultsview.iterations.ts" id="d4bf95f1-4c9b-49f6-8871-2349eb404680">
      <Execution id="1b6c676e-3739-4e3a-b048-4fa0e9443b7f" />
      <TestMethod codeBase="d:\v2.0\a1\_work\dbded102\vso\tfs\service\webaccess\testmanagement\testscripts\tests\tfstests.testmanagement.resultsview.iterations.ts" adapterTypeName="Microsoft.VisualStudio.TestTools.TestTypes.Unit.UnitTestAdapter" className="d:\v2.0\a1\_work\dbded102\vso\tfs\service\webaccess\testmanagement\testscripts\tests\tfstests.testmanagement.resultsview.iterations.ts::tfstests.testmanagement.resultsview.iterations::iterationsview.validate" name="TFSTests.TestManagement.ResultsView.Iterations IterationsView.Validate.AttachmentsForIteration" />
    </UnitTest>
    <UnitTest name="TFSTests.TestManagement.ResultsView.Iterations IterationsView.Validate.AttachmentsForTestStepResult" storage="d:\v2.0\a1\_work\dbded102\vso\tfs\service\webaccess\testmanagement\testscripts\tests\tfstests.testmanagement.resultsview.iterations.ts" id="b96bf6bc-560e-4052-9ae6-bf28994622a5">
      <Execution id="1d6d7a87-d959-427f-b687-132b285d78dc" />
      <TestMethod codeBase="d:\v2.0\a1\_work\dbded102\vso\tfs\service\webaccess\testmanagement\testscripts\tests\tfstests.testmanagement.resultsview.iterations.ts" adapterTypeName="Microsoft.VisualStudio.TestTools.TestTypes.Unit.UnitTestAdapter" className="d:\v2.0\a1\_work\dbded102\vso\tfs\service\webaccess\testmanagement\testscripts\tests\tfstests.testmanagement.resultsview.iterations.ts::tfstests.testmanagement.resultsview.iterations::iterationsview.validate" name="TFSTests.TestManagement.ResultsView.Iterations IterationsView.Validate.AttachmentsForTestStepResult" />
    </UnitTest>
    <UnitTest name="TFSTests.TestManagement.ResultsView.Iterations IterationsView.Validate.NoAttachmentsForIteration" storage="d:\v2.0\a1\_work\dbded102\vso\tfs\service\webaccess\testmanagement\testscripts\tests\tfstests.testmanagement.resultsview.iterations.ts" id="68c5ded2-3778-463f-819c-da12dac528aa">
      <Execution id="ad57cdf5-da5f-49d9-b8ec-4a99dabe8d53" />
      <TestMethod codeBase="d:\v2.0\a1\_work\dbded102\vso\tfs\service\webaccess\testmanagement\testscripts\tests\tfstests.testmanagement.resultsview.iterations.ts" adapterTypeName="Microsoft.VisualStudio.TestTools.TestTypes.Unit.UnitTestAdapter" className="d:\v2.0\a1\_work\dbded102\vso\tfs\service\webaccess\testmanagement\testscripts\tests\tfstests.testmanagement.resultsview.iterations.ts::tfstests.testmanagement.resultsview.iterations::iterationsview.validate" name="TFSTests.TestManagement.ResultsView.Iterations IterationsView.Validate.NoAttachmentsForIteration" />
    </UnitTest>
    <UnitTest name="TFSTests.TestManagement.ResultsView.Iterations IterationsView.Validate.SingleAccordionForChevronIconChange" storage="d:\v2.0\a1\_work\dbded102\vso\tfs\service\webaccess\testmanagement\testscripts\tests\tfstests.testmanagement.resultsview.iterations.ts" id="462b35bb-ed55-41f4-aaa8-e648d3b5671a">
      <Execution id="92d97401-544c-4bcd-a184-67f66edf2fd5" />
      <TestMethod codeBase="d:\v2.0\a1\_work\dbded102\vso\tfs\service\webaccess\testmanagement\testscripts\tests\tfstests.testmanagement.resultsview.iterations.ts" adapterTypeName="Microsoft.VisualStudio.TestTools.TestTypes.Unit.UnitTestAdapter" className="d:\v2.0\a1\_work\dbded102\vso\tfs\service\webaccess\testmanagement\testscripts\tests\tfstests.testmanagement.resultsview.iterations.ts::tfstests.testmanagement.resultsview.iterations::iterationsview.validate" name="TFSTests.TestManagement.ResultsView.Iterations IterationsView.Validate.SingleAccordionForChevronIconChange" />
    </UnitTest>
    <UnitTest name="TFSTests.TestManagement.ResultsView.Iterations IterationsView.Validate.MultipleAccordionForChevronIconChange" storage="d:\v2.0\a1\_work\dbded102\vso\tfs\service\webaccess\testmanagement\testscripts\tests\tfstests.testmanagement.resultsview.iterations.ts" id="1dfe1568-5f1a-4103-bc81-2cbae2988168">
      <Execution id="dd3cfd8f-e851-475d-9be4-86a67bb060cc" />
      <TestMethod codeBase="d:\v2.0\a1\_work\dbded102\vso\tfs\service\webaccess\testmanagement\testscripts\tests\tfstests.testmanagement.resultsview.iterations.ts" adapterTypeName="Microsoft.VisualStudio.TestTools.TestTypes.Unit.UnitTestAdapter" className="d:\v2.0\a1\_work\dbded102\vso\tfs\service\webaccess\testmanagement\testscripts\tests\tfstests.testmanagement.resultsview.iterations.ts::tfstests.testmanagement.resultsview.iterations::iterationsview.validate" name="TFSTests.TestManagement.ResultsView.Iterations IterationsView.Validate.MultipleAccordionForChevronIconChange" />
    </UnitTest>
    <UnitTest name="TFSTests.TestManagement.ResultsView.Iterations IterationsView.Validate.SingleAccordionForOpenClose" storage="d:\v2.0\a1\_work\dbded102\vso\tfs\service\webaccess\testmanagement\testscripts\tests\tfstests.testmanagement.resultsview.iterations.ts" id="919d35f2-006d-4ea8-934f-e4d79d028abf">
      <Execution id="6d470ae7-4bb0-4dca-ae92-7040c498f433" />
      <TestMethod codeBase="d:\v2.0\a1\_work\dbded102\vso\tfs\service\webaccess\testmanagement\testscripts\tests\tfstests.testmanagement.resultsview.iterations.ts" adapterTypeName="Microsoft.VisualStudio.TestTools.TestTypes.Unit.UnitTestAdapter" className="d:\v2.0\a1\_work\dbded102\vso\tfs\service\webaccess\testmanagement\testscripts\tests\tfstests.testmanagement.resultsview.iterations.ts::tfstests.testmanagement.resultsview.iterations::iterationsview.validate" name="TFSTests.TestManagement.ResultsView.Iterations IterationsView.Validate.SingleAccordionForOpenClose" />
    </UnitTest>
    <UnitTest name="TFSTests.TestManagement.ResultsView.Iterations IterationsView.Validate.OpenCloseAccordionsIndividually" storage="d:\v2.0\a1\_work\dbded102\vso\tfs\service\webaccess\testmanagement\testscripts\tests\tfstests.testmanagement.resultsview.iterations.ts" id="3b52fee8-6940-4e3a-a775-a62b079777d1">
      <Execution id="f88e0299-c853-43a7-873b-631062136113" />
      <TestMethod codeBase="d:\v2.0\a1\_work\dbded102\vso\tfs\service\webaccess\testmanagement\testscripts\tests\tfstests.testmanagement.resultsview.iterations.ts" adapterTypeName="Microsoft.VisualStudio.TestTools.TestTypes.Unit.UnitTestAdapter" className="d:\v2.0\a1\_work\dbded102\vso\tfs\service\webaccess\testmanagement\testscripts\tests\tfstests.testmanagement.resultsview.iterations.ts::tfstests.testmanagement.resultsview.iterations::iterationsview.validate" name="TFSTests.TestManagement.ResultsView.Iterations IterationsView.Validate.OpenCloseAccordionsIndividually" />
    </UnitTest>
    <UnitTest name="TFSTests.TestManagement.ResultsView.Iterations IterationsView.Validate.ExpandAllAccordionsWhenAllAccordionsAreCollapsed" storage="d:\v2.0\a1\_work\dbded102\vso\tfs\service\webaccess\testmanagement\testscripts\tests\tfstests.testmanagement.resultsview.iterations.ts" id="e1773e1a-0854-4207-ab05-6ad29d5a259a">
      <Execution id="2a4f483f-542e-4c3e-ae6d-768a7e0234b3" />
      <TestMethod codeBase="d:\v2.0\a1\_work\dbded102\vso\tfs\service\webaccess\testmanagement\testscripts\tests\tfstests.testmanagement.resultsview.iterations.ts" adapterTypeName="Microsoft.VisualStudio.TestTools.TestTypes.Unit.UnitTestAdapter" className="d:\v2.0\a1\_work\dbded102\vso\tfs\service\webaccess\testmanagement\testscripts\tests\tfstests.testmanagement.resultsview.iterations.ts::tfstests.testmanagement.resultsview.iterations::iterationsview.validate" name="TFSTests.TestManagement.ResultsView.Iterations IterationsView.Validate.ExpandAllAccordionsWhenAllAccordionsAreCollapsed" />
    </UnitTest>
    <UnitTest name="TFSTests.TestManagement.ResultsView.Iterations IterationsView.Validate.ExpandAllAccordionsWhenSomeAccordionsAreExpandedAndSomeCollapsed" storage="d:\v2.0\a1\_work\dbded102\vso\tfs\service\webaccess\testmanagement\testscripts\tests\tfstests.testmanagement.resultsview.iterations.ts" id="21d7ea35-168d-4420-8298-d1dbcfbca235">
      <Execution id="e1b02d7c-9d08-4688-8533-5a67e8262fb4" />
      <TestMethod codeBase="d:\v2.0\a1\_work\dbded102\vso\tfs\service\webaccess\testmanagement\testscripts\tests\tfstests.testmanagement.resultsview.iterations.ts" adapterTypeName="Microsoft.VisualStudio.TestTools.TestTypes.Unit.UnitTestAdapter" className="d:\v2.0\a1\_work\dbded102\vso\tfs\service\webaccess\testmanagement\testscripts\tests\tfstests.testmanagement.resultsview.iterations.ts::tfstests.testmanagement.resultsview.iterations::iterationsview.validate" name="TFSTests.TestManagement.ResultsView.Iterations IterationsView.Validate.ExpandAllAccordionsWhenSomeAccordionsAreExpandedAndSomeCollapsed" />
    </UnitTest>
    <UnitTest name="TFSTests.TestManagement.ResultsView.Iterations IterationsView.Validate.CollapseAllAccordionsWhenAllAccordionsAreExpanded" storage="d:\v2.0\a1\_work\dbded102\vso\tfs\service\webaccess\testmanagement\testscripts\tests\tfstests.testmanagement.resultsview.iterations.ts" id="b09b91fb-7851-45e7-8599-c6dfa47d89cf">
      <Execution id="8bcd22f4-86bc-43db-80d5-dd6f342092dc" />
      <TestMethod codeBase="d:\v2.0\a1\_work\dbded102\vso\tfs\service\webaccess\testmanagement\testscripts\tests\tfstests.testmanagement.resultsview.iterations.ts" adapterTypeName="Microsoft.VisualStudio.TestTools.TestTypes.Unit.UnitTestAdapter" className="d:\v2.0\a1\_work\dbded102\vso\tfs\service\webaccess\testmanagement\testscripts\tests\tfstests.testmanagement.resultsview.iterations.ts::tfstests.testmanagement.resultsview.iterations::iterationsview.validate" name="TFSTests.TestManagement.ResultsView.Iterations IterationsView.Validate.CollapseAllAccordionsWhenAllAccordionsAreExpanded" />
    </UnitTest>
    <UnitTest name="TFSTests.TestManagement.ResultsView.Iterations IterationsView.Validate.CollapseAllAccordionsWhenSomeAccordionsAreExpandedAndSomeCollapsed" storage="d:\v2.0\a1\_work\dbded102\vso\tfs\service\webaccess\testmanagement\testscripts\tests\tfstests.testmanagement.resultsview.iterations.ts" id="42f97c9d-5c33-43c6-ba33-69952164c877">
      <Execution id="4caba9cb-1ed4-49e7-9be1-2cac44950a0f" />
      <TestMethod codeBase="d:\v2.0\a1\_work\dbded102\vso\tfs\service\webaccess\testmanagement\testscripts\tests\tfstests.testmanagement.resultsview.iterations.ts" adapterTypeName="Microsoft.VisualStudio.TestTools.TestTypes.Unit.UnitTestAdapter" className="d:\v2.0\a1\_work\dbded102\vso\tfs\service\webaccess\testmanagement\testscripts\tests\tfstests.testmanagement.resultsview.iterations.ts::tfstests.testmanagement.resultsview.iterations::iterationsview.validate" name="TFSTests.TestManagement.ResultsView.Iterations IterationsView.Validate.CollapseAllAccordionsWhenSomeAccordionsAreExpandedAndSomeCollapsed" />
    </UnitTest>
    <UnitTest name="TFSTests.TestManagement.ResultsView.Iterations IterationsView.Validate.ExpandAllControl" storage="d:\v2.0\a1\_work\dbded102\vso\tfs\service\webaccess\testmanagement\testscripts\tests\tfstests.testmanagement.resultsview.iterations.ts" id="cc092792-83a3-4b78-b26d-a69922797c44">
      <Execution id="58645095-5195-4022-8235-5495e0392294" />
      <TestMethod codeBase="d:\v2.0\a1\_work\dbded102\vso\tfs\service\webaccess\testmanagement\testscripts\tests\tfstests.testmanagement.resultsview.iterations.ts" adapterTypeName="Microsoft.VisualStudio.TestTools.TestTypes.Unit.UnitTestAdapter" className="d:\v2.0\a1\_work\dbded102\vso\tfs\service\webaccess\testmanagement\testscripts\tests\tfstests.testmanagement.resultsview.iterations.ts::tfstests.testmanagement.resultsview.iterations::iterationsview.validate" name="TFSTests.TestManagement.ResultsView.Iterations IterationsView.Validate.ExpandAllControl" />
    </UnitTest>
    <UnitTest name="TFSTests.TestManagement.RetentionSettings Retention settings view model constructor test" storage="d:\v2.0\a1\_work\dbded102\vso\tfs\service\webaccess\testmanagement\testscripts\tests\tfstests.testmanagement.retentionsettings.ts" id="9ef6c70e-981d-44bd-9d68-4235e50355eb">
      <Execution id="6969bbc2-e89c-47f7-9818-f785b6766310" />
      <TestMethod codeBase="d:\v2.0\a1\_work\dbded102\vso\tfs\service\webaccess\testmanagement\testscripts\tests\tfstests.testmanagement.retentionsettings.ts" adapterTypeName="Microsoft.VisualStudio.TestTools.TestTypes.Unit.UnitTestAdapter" className="d:\v2.0\a1\_work\dbded102\vso\tfs\service\webaccess\testmanagement\testscripts\tests\tfstests.testmanagement.retentionsettings.ts::tfstests.testmanagement" name="TFSTests.TestManagement.RetentionSettings Retention settings view model constructor test" />
    </UnitTest>
    <UnitTest name="TFSTests.TestManagement.RetentionSettings Retention settings validation test for id: 1 value: 30" storage="d:\v2.0\a1\_work\dbded102\vso\tfs\service\webaccess\testmanagement\testscripts\tests\tfstests.testmanagement.retentionsettings.ts" id="c9aced6f-c370-46b0-83d7-989e110e860c">
      <Execution id="7f20f863-b55b-4d47-9aad-bbb6bb0dc828" />
      <TestMethod codeBase="d:\v2.0\a1\_work\dbded102\vso\tfs\service\webaccess\testmanagement\testscripts\tests\tfstests.testmanagement.retentionsettings.ts" adapterTypeName="Microsoft.VisualStudio.TestTools.TestTypes.Unit.UnitTestAdapter" className="d:\v2.0\a1\_work\dbded102\vso\tfs\service\webaccess\testmanagement\testscripts\tests\tfstests.testmanagement.retentionsettings.ts::tfstests.testmanagement" name="TFSTests.TestManagement.RetentionSettings Retention settings validation test for id: 1 value: 30" />
    </UnitTest>
    <UnitTest name="TFSTests.TestManagement.RetentionSettings Retention settings validation test for id: 2 value: 1" storage="d:\v2.0\a1\_work\dbded102\vso\tfs\service\webaccess\testmanagement\testscripts\tests\tfstests.testmanagement.retentionsettings.ts" id="0067eaba-d927-4a09-9078-09a1916351b3">
      <Execution id="4d831076-2e1c-4928-b675-89b9d6a6a25e" />
      <TestMethod codeBase="d:\v2.0\a1\_work\dbded102\vso\tfs\service\webaccess\testmanagement\testscripts\tests\tfstests.testmanagement.retentionsettings.ts" adapterTypeName="Microsoft.VisualStudio.TestTools.TestTypes.Unit.UnitTestAdapter" className="d:\v2.0\a1\_work\dbded102\vso\tfs\service\webaccess\testmanagement\testscripts\tests\tfstests.testmanagement.retentionsettings.ts::tfstests.testmanagement" name="TFSTests.TestManagement.RetentionSettings Retention settings validation test for id: 2 value: 1" />
    </UnitTest>
    <UnitTest name="TFSTests.TestManagement.RetentionSettings Retention settings validation test for id: 3 value: 0" storage="d:\v2.0\a1\_work\dbded102\vso\tfs\service\webaccess\testmanagement\testscripts\tests\tfstests.testmanagement.retentionsettings.ts" id="e92d31f4-3b5e-4f69-80a4-cbd296c4d0a7">
      <Execution id="d5ea68f7-aad1-4d41-96c9-4005a34dc741" />
      <TestMethod codeBase="d:\v2.0\a1\_work\dbded102\vso\tfs\service\webaccess\testmanagement\testscripts\tests\tfstests.testmanagement.retentionsettings.ts" adapterTypeName="Microsoft.VisualStudio.TestTools.TestTypes.Unit.UnitTestAdapter" className="d:\v2.0\a1\_work\dbded102\vso\tfs\service\webaccess\testmanagement\testscripts\tests\tfstests.testmanagement.retentionsettings.ts::tfstests.testmanagement" name="TFSTests.TestManagement.RetentionSettings Retention settings validation test for id: 3 value: 0" />
    </UnitTest>
    <UnitTest name="TFSTests.TestManagement.RetentionSettings Retention settings validation test for id: 4 value: -1" storage="d:\v2.0\a1\_work\dbded102\vso\tfs\service\webaccess\testmanagement\testscripts\tests\tfstests.testmanagement.retentionsettings.ts" id="53b2d337-cb9d-46b4-9072-a1adfe728e96">
      <Execution id="db386e11-7b5d-4ab4-a085-280e0ba1feec" />
      <TestMethod codeBase="d:\v2.0\a1\_work\dbded102\vso\tfs\service\webaccess\testmanagement\testscripts\tests\tfstests.testmanagement.retentionsettings.ts" adapterTypeName="Microsoft.VisualStudio.TestTools.TestTypes.Unit.UnitTestAdapter" className="d:\v2.0\a1\_work\dbded102\vso\tfs\service\webaccess\testmanagement\testscripts\tests\tfstests.testmanagement.retentionsettings.ts::tfstests.testmanagement" name="TFSTests.TestManagement.RetentionSettings Retention settings validation test for id: 4 value: -1" />
    </UnitTest>
    <UnitTest name="TFSTests.TestManagement.RetentionSettings Retention settings validation test for id: 5 value: 10000" storage="d:\v2.0\a1\_work\dbded102\vso\tfs\service\webaccess\testmanagement\testscripts\tests\tfstests.testmanagement.retentionsettings.ts" id="4fc5b410-6e77-407c-a81f-6f3056cbd2ac">
      <Execution id="39479ef4-957f-4bfb-9c4c-bf8d8d416fc5" />
      <TestMethod codeBase="d:\v2.0\a1\_work\dbded102\vso\tfs\service\webaccess\testmanagement\testscripts\tests\tfstests.testmanagement.retentionsettings.ts" adapterTypeName="Microsoft.VisualStudio.TestTools.TestTypes.Unit.UnitTestAdapter" className="d:\v2.0\a1\_work\dbded102\vso\tfs\service\webaccess\testmanagement\testscripts\tests\tfstests.testmanagement.retentionsettings.ts::tfstests.testmanagement" name="TFSTests.TestManagement.RetentionSettings Retention settings validation test for id: 5 value: 10000" />
    </UnitTest>
    <UnitTest name="TFSTests.TestManagement.RetentionSettings Retention settings validation test for id: 5 value: 10001" storage="d:\v2.0\a1\_work\dbded102\vso\tfs\service\webaccess\testmanagement\testscripts\tests\tfstests.testmanagement.retentionsettings.ts" id="b2d7f6c9-3d62-40ae-81d6-625ceee29099">
      <Execution id="04dc8d79-0936-48aa-a290-aaf308af41d3" />
      <TestMethod codeBase="d:\v2.0\a1\_work\dbded102\vso\tfs\service\webaccess\testmanagement\testscripts\tests\tfstests.testmanagement.retentionsettings.ts" adapterTypeName="Microsoft.VisualStudio.TestTools.TestTypes.Unit.UnitTestAdapter" className="d:\v2.0\a1\_work\dbded102\vso\tfs\service\webaccess\testmanagement\testscripts\tests\tfstests.testmanagement.retentionsettings.ts::tfstests.testmanagement" name="TFSTests.TestManagement.RetentionSettings Retention settings validation test for id: 5 value: 10001" />
    </UnitTest>
    <UnitTest name="TFSTests.TestManagement.RetentionSettings Retention settings validation test for id: 6 value: 20.3" storage="d:\v2.0\a1\_work\dbded102\vso\tfs\service\webaccess\testmanagement\testscripts\tests\tfstests.testmanagement.retentionsettings.ts" id="9ffba8e3-b00b-492b-b553-dca1bca88bdc">
      <Execution id="19f1327e-ba5d-4050-990a-0942921142a6" />
      <TestMethod codeBase="d:\v2.0\a1\_work\dbded102\vso\tfs\service\webaccess\testmanagement\testscripts\tests\tfstests.testmanagement.retentionsettings.ts" adapterTypeName="Microsoft.VisualStudio.TestTools.TestTypes.Unit.UnitTestAdapter" className="d:\v2.0\a1\_work\dbded102\vso\tfs\service\webaccess\testmanagement\testscripts\tests\tfstests.testmanagement.retentionsettings.ts::tfstests.testmanagement.retentionsettings::retention settings validation test for id: 6 value: 20" name="TFSTests.TestManagement.RetentionSettings Retention settings validation test for id: 6 value: 20.3" />
    </UnitTest>
    <UnitTest name="TFSTests.TestManagement.RetentionSettings Retention settings validation test for id: 7 value: random string" storage="d:\v2.0\a1\_work\dbded102\vso\tfs\service\webaccess\testmanagement\testscripts\tests\tfstests.testmanagement.retentionsettings.ts" id="dc80a207-85f3-497e-bece-c52096b317d8">
      <Execution id="6e19407a-a413-43aa-ae8e-993a998bd306" />
      <TestMethod codeBase="d:\v2.0\a1\_work\dbded102\vso\tfs\service\webaccess\testmanagement\testscripts\tests\tfstests.testmanagement.retentionsettings.ts" adapterTypeName="Microsoft.VisualStudio.TestTools.TestTypes.Unit.UnitTestAdapter" className="d:\v2.0\a1\_work\dbded102\vso\tfs\service\webaccess\testmanagement\testscripts\tests\tfstests.testmanagement.retentionsettings.ts::tfstests.testmanagement" name="TFSTests.TestManagement.RetentionSettings Retention settings validation test for id: 7 value: random string" />
    </UnitTest>
    <UnitTest name="TFSTests.TestManagement.RetentionSettings Retention settings validation test for id: 8 value: Never delete" storage="d:\v2.0\a1\_work\dbded102\vso\tfs\service\webaccess\testmanagement\testscripts\tests\tfstests.testmanagement.retentionsettings.ts" id="0ba761df-0a8b-465b-996e-131fa48ef101">
      <Execution id="ef519b48-20fb-44bb-9d99-3379e62ffb7e" />
      <TestMethod codeBase="d:\v2.0\a1\_work\dbded102\vso\tfs\service\webaccess\testmanagement\testscripts\tests\tfstests.testmanagement.retentionsettings.ts" adapterTypeName="Microsoft.VisualStudio.TestTools.TestTypes.Unit.UnitTestAdapter" className="d:\v2.0\a1\_work\dbded102\vso\tfs\service\webaccess\testmanagement\testscripts\tests\tfstests.testmanagement.retentionsettings.ts::tfstests.testmanagement" name="TFSTests.TestManagement.RetentionSettings Retention settings validation test for id: 8 value: Never delete" />
    </UnitTest>
    <UnitTest name="TFSTests.TestManagement.RetentionSettings Retention settings validation test for id: 9 value: 20.0" storage="d:\v2.0\a1\_work\dbded102\vso\tfs\service\webaccess\testmanagement\testscripts\tests\tfstests.testmanagement.retentionsettings.ts" id="7e2e44ed-6662-4360-ad1d-6566ab8548d0">
      <Execution id="f228f824-c253-402d-b9db-f6a6099fccbd" />
      <TestMethod codeBase="d:\v2.0\a1\_work\dbded102\vso\tfs\service\webaccess\testmanagement\testscripts\tests\tfstests.testmanagement.retentionsettings.ts" adapterTypeName="Microsoft.VisualStudio.TestTools.TestTypes.Unit.UnitTestAdapter" className="d:\v2.0\a1\_work\dbded102\vso\tfs\service\webaccess\testmanagement\testscripts\tests\tfstests.testmanagement.retentionsettings.ts::tfstests.testmanagement.retentionsettings::retention settings validation test for id: 9 value: 20" name="TFSTests.TestManagement.RetentionSettings Retention settings validation test for id: 9 value: 20.0" />
    </UnitTest>
    <UnitTest name="TFSTests.TestManagement.RetentionSettings Retention settings validation test for id: 10 value: neVER DeLETE" storage="d:\v2.0\a1\_work\dbded102\vso\tfs\service\webaccess\testmanagement\testscripts\tests\tfstests.testmanagement.retentionsettings.ts" id="aefb2a12-f223-4416-befe-8eb44628bdd2">
      <Execution id="305ecadb-0c77-48ba-8142-3ee86eee5b90" />
      <TestMethod codeBase="d:\v2.0\a1\_work\dbded102\vso\tfs\service\webaccess\testmanagement\testscripts\tests\tfstests.testmanagement.retentionsettings.ts" adapterTypeName="Microsoft.VisualStudio.TestTools.TestTypes.Unit.UnitTestAdapter" className="d:\v2.0\a1\_work\dbded102\vso\tfs\service\webaccess\testmanagement\testscripts\tests\tfstests.testmanagement.retentionsettings.ts::tfstests.testmanagement" name="TFSTests.TestManagement.RetentionSettings Retention settings validation test for id: 10 value: neVER DeLETE" />
    </UnitTest>
    <UnitTest name="TFSTests.TestManagement.RetentionSettings Retention settings validation test for id: 11 value: 20addf" storage="d:\v2.0\a1\_work\dbded102\vso\tfs\service\webaccess\testmanagement\testscripts\tests\tfstests.testmanagement.retentionsettings.ts" id="cc59d5e6-2ed6-47ab-ae7d-5bce4435376f">
      <Execution id="6a8ee83a-86d7-4fb2-951e-6b96d2177673" />
      <TestMethod codeBase="d:\v2.0\a1\_work\dbded102\vso\tfs\service\webaccess\testmanagement\testscripts\tests\tfstests.testmanagement.retentionsettings.ts" adapterTypeName="Microsoft.VisualStudio.TestTools.TestTypes.Unit.UnitTestAdapter" className="d:\v2.0\a1\_work\dbded102\vso\tfs\service\webaccess\testmanagement\testscripts\tests\tfstests.testmanagement.retentionsettings.ts::tfstests.testmanagement" name="TFSTests.TestManagement.RetentionSettings Retention settings validation test for id: 11 value: 20addf" />
    </UnitTest>
    <UnitTest name="TFSTests.TestManagement.RetentionSettings Retention settings save test" storage="d:\v2.0\a1\_work\dbded102\vso\tfs\service\webaccess\testmanagement\testscripts\tests\tfstests.testmanagement.retentionsettings.ts" id="384dd454-2f31-44c7-a5ca-0bb399d1bf9b">
      <Execution id="24391109-b2a0-4b8e-ae52-aeaf31cebd8f" />
      <TestMethod codeBase="d:\v2.0\a1\_work\dbded102\vso\tfs\service\webaccess\testmanagement\testscripts\tests\tfstests.testmanagement.retentionsettings.ts" adapterTypeName="Microsoft.VisualStudio.TestTools.TestTypes.Unit.UnitTestAdapter" className="d:\v2.0\a1\_work\dbded102\vso\tfs\service\webaccess\testmanagement\testscripts\tests\tfstests.testmanagement.retentionsettings.ts::tfstests.testmanagement" name="TFSTests.TestManagement.RetentionSettings Retention settings save test" />
    </UnitTest>
    <UnitTest name="TFSTests.TestManagement.RetentionSettings Retention settings undo test" storage="d:\v2.0\a1\_work\dbded102\vso\tfs\service\webaccess\testmanagement\testscripts\tests\tfstests.testmanagement.retentionsettings.ts" id="f4bf05b1-f190-428c-bd07-8e0b10124555">
      <Execution id="065973da-7b16-43c4-8485-a8cde9a7746d" />
      <TestMethod codeBase="d:\v2.0\a1\_work\dbded102\vso\tfs\service\webaccess\testmanagement\testscripts\tests\tfstests.testmanagement.retentionsettings.ts" adapterTypeName="Microsoft.VisualStudio.TestTools.TestTypes.Unit.UnitTestAdapter" className="d:\v2.0\a1\_work\dbded102\vso\tfs\service\webaccess\testmanagement\testscripts\tests\tfstests.testmanagement.retentionsettings.ts::tfstests.testmanagement" name="TFSTests.TestManagement.RetentionSettings Retention settings undo test" />
    </UnitTest>
    <UnitTest name="TFSTests.TestManagement.RetentionSettings Retention settings undo after save test" storage="d:\v2.0\a1\_work\dbded102\vso\tfs\service\webaccess\testmanagement\testscripts\tests\tfstests.testmanagement.retentionsettings.ts" id="edb8f6f2-15e8-4720-ab68-129def2e0bb4">
      <Execution id="de141dfa-d025-4d01-9946-cde7dd284767" />
      <TestMethod codeBase="d:\v2.0\a1\_work\dbded102\vso\tfs\service\webaccess\testmanagement\testscripts\tests\tfstests.testmanagement.retentionsettings.ts" adapterTypeName="Microsoft.VisualStudio.TestTools.TestTypes.Unit.UnitTestAdapter" className="d:\v2.0\a1\_work\dbded102\vso\tfs\service\webaccess\testmanagement\testscripts\tests\tfstests.testmanagement.retentionsettings.ts::tfstests.testmanagement" name="TFSTests.TestManagement.RetentionSettings Retention settings undo after save test" />
    </UnitTest>
    <UnitTest name="TFSTests.TestManagement.RetentionSettings Get possible values has Never delete as last settings" storage="d:\v2.0\a1\_work\dbded102\vso\tfs\service\webaccess\testmanagement\testscripts\tests\tfstests.testmanagement.retentionsettings.ts" id="0d8e7a5e-39c2-474a-b89c-ac4c6192fc16">
      <Execution id="f75ff3b6-34d1-42cf-b6da-cb5087a057e1" />
      <TestMethod codeBase="d:\v2.0\a1\_work\dbded102\vso\tfs\service\webaccess\testmanagement\testscripts\tests\tfstests.testmanagement.retentionsettings.ts" adapterTypeName="Microsoft.VisualStudio.TestTools.TestTypes.Unit.UnitTestAdapter" className="d:\v2.0\a1\_work\dbded102\vso\tfs\service\webaccess\testmanagement\testscripts\tests\tfstests.testmanagement.retentionsettings.ts::tfstests.testmanagement" name="TFSTests.TestManagement.RetentionSettings Get possible values has Never delete as last settings" />
    </UnitTest>
    <UnitTest name="TFSTests.TestManagement.RetentionSettings Ensure that error is shown when an invalid value is entered and cleared when the valid value is entered again." storage="d:\v2.0\a1\_work\dbded102\vso\tfs\service\webaccess\testmanagement\testscripts\tests\tfstests.testmanagement.retentionsettings.ts" id="a706bdd4-4ae1-4d00-8c97-9911d2f7171c">
      <Execution id="9ea13686-f0a2-42e3-98c8-841d9aa18374" />
      <TestMethod codeBase="d:\v2.0\a1\_work\dbded102\vso\tfs\service\webaccess\testmanagement\testscripts\tests\tfstests.testmanagement.retentionsettings.ts" adapterTypeName="Microsoft.VisualStudio.TestTools.TestTypes.Unit.UnitTestAdapter" className="d:\v2.0\a1\_work\dbded102\vso\tfs\service\webaccess\testmanagement\testscripts\tests\tfstests.testmanagement.retentionsettings.ts::tfstests.testmanagement.retentionsettings::ensure that error is shown when an invalid value is entered and cleared when the valid value is entered again" name="TFSTests.TestManagement.RetentionSettings Ensure that error is shown when an invalid value is entered and cleared when the valid value is entered again." />
    </UnitTest>
    <UnitTest name="TFSTests.TestManagement.RunsView.Summary TestRunAnalysis.Validate.TestRunSummaryView.populateControls" storage="d:\v2.0\a1\_work\dbded102\vso\tfs\service\webaccess\testmanagement\testscripts\tests\tfstests.testmanagement.runsview.summary.ts" id="714f742a-90a9-4fea-80cf-9145ffbb6312">
      <Execution id="00615729-cc79-4a7e-8f3c-79b98de47f46" />
      <TestMethod codeBase="d:\v2.0\a1\_work\dbded102\vso\tfs\service\webaccess\testmanagement\testscripts\tests\tfstests.testmanagement.runsview.summary.ts" adapterTypeName="Microsoft.VisualStudio.TestTools.TestTypes.Unit.UnitTestAdapter" className="d:\v2.0\a1\_work\dbded102\vso\tfs\service\webaccess\testmanagement\testscripts\tests\tfstests.testmanagement.runsview.summary.ts::tfstests.testmanagement.runsview.summary::testrunanalysis.validate.testrunsummaryview" name="TFSTests.TestManagement.RunsView.Summary TestRunAnalysis.Validate.TestRunSummaryView.populateControls" />
    </UnitTest>
    <UnitTest name="TFSTests.TestManagement.RunsView.Summary TestRunAnalysis.Validate.TestRunSummaryTextView.loadSummaryTextView" storage="d:\v2.0\a1\_work\dbded102\vso\tfs\service\webaccess\testmanagement\testscripts\tests\tfstests.testmanagement.runsview.summary.ts" id="e2859386-1eb1-4186-bb56-13cb03706a17">
      <Execution id="53b1c06b-520d-4f25-87bf-013704f6336f" />
      <TestMethod codeBase="d:\v2.0\a1\_work\dbded102\vso\tfs\service\webaccess\testmanagement\testscripts\tests\tfstests.testmanagement.runsview.summary.ts" adapterTypeName="Microsoft.VisualStudio.TestTools.TestTypes.Unit.UnitTestAdapter" className="d:\v2.0\a1\_work\dbded102\vso\tfs\service\webaccess\testmanagement\testscripts\tests\tfstests.testmanagement.runsview.summary.ts::tfstests.testmanagement.runsview.summary::testrunanalysis.validate.testrunsummarytextview" name="TFSTests.TestManagement.RunsView.Summary TestRunAnalysis.Validate.TestRunSummaryTextView.loadSummaryTextView" />
    </UnitTest>
    <UnitTest name="TFSTests.TestManagement.RunsView.Summary TestRunAnalysis.Validate.TestRunSummaryTextView.Refresh" storage="d:\v2.0\a1\_work\dbded102\vso\tfs\service\webaccess\testmanagement\testscripts\tests\tfstests.testmanagement.runsview.summary.ts" id="94f3e17b-8bda-4755-9907-a387d501bb7c">
      <Execution id="22703783-1bed-4045-8d06-16fca1009428" />
      <TestMethod codeBase="d:\v2.0\a1\_work\dbded102\vso\tfs\service\webaccess\testmanagement\testscripts\tests\tfstests.testmanagement.runsview.summary.ts" adapterTypeName="Microsoft.VisualStudio.TestTools.TestTypes.Unit.UnitTestAdapter" className="d:\v2.0\a1\_work\dbded102\vso\tfs\service\webaccess\testmanagement\testscripts\tests\tfstests.testmanagement.runsview.summary.ts::tfstests.testmanagement.runsview.summary::testrunanalysis.validate.testrunsummarytextview" name="TFSTests.TestManagement.RunsView.Summary TestRunAnalysis.Validate.TestRunSummaryTextView.Refresh" />
    </UnitTest>
    <UnitTest name="TFSTests.TestManagement.RunsView.Summary TestRunAnalysis.Validate.TestRunSummaryTextView._createLayout" storage="d:\v2.0\a1\_work\dbded102\vso\tfs\service\webaccess\testmanagement\testscripts\tests\tfstests.testmanagement.runsview.summary.ts" id="a060698a-c5df-40cc-b95e-5777e69c55d4">
      <Execution id="1120da4c-b183-4152-b7c4-f47d229e7cdf" />
      <TestMethod codeBase="d:\v2.0\a1\_work\dbded102\vso\tfs\service\webaccess\testmanagement\testscripts\tests\tfstests.testmanagement.runsview.summary.ts" adapterTypeName="Microsoft.VisualStudio.TestTools.TestTypes.Unit.UnitTestAdapter" className="d:\v2.0\a1\_work\dbded102\vso\tfs\service\webaccess\testmanagement\testscripts\tests\tfstests.testmanagement.runsview.summary.ts::tfstests.testmanagement.runsview.summary::testrunanalysis.validate.testrunsummarytextview" name="TFSTests.TestManagement.RunsView.Summary TestRunAnalysis.Validate.TestRunSummaryTextView._createLayout" />
    </UnitTest>
    <UnitTest name="TFSTests.TestManagement.RunsView.Summary TestRunAnalysis.Validate.TestRunSummaryTextView._errorHandler" storage="d:\v2.0\a1\_work\dbded102\vso\tfs\service\webaccess\testmanagement\testscripts\tests\tfstests.testmanagement.runsview.summary.ts" id="db5c1bcf-3f1f-4c3b-b5f2-ef9612044d9f">
      <Execution id="2c1eee07-0298-49a2-bae4-d9800a599ef1" />
      <TestMethod codeBase="d:\v2.0\a1\_work\dbded102\vso\tfs\service\webaccess\testmanagement\testscripts\tests\tfstests.testmanagement.runsview.summary.ts" adapterTypeName="Microsoft.VisualStudio.TestTools.TestTypes.Unit.UnitTestAdapter" className="d:\v2.0\a1\_work\dbded102\vso\tfs\service\webaccess\testmanagement\testscripts\tests\tfstests.testmanagement.runsview.summary.ts::tfstests.testmanagement.runsview.summary::testrunanalysis.validate.testrunsummarytextview" name="TFSTests.TestManagement.RunsView.Summary TestRunAnalysis.Validate.TestRunSummaryTextView._errorHandler" />
    </UnitTest>
    <UnitTest name="TFSTests.TestManagement.RunsView.Summary TestRunAnalysis.Validate.TestRunSummaryTextView._addRunState" storage="d:\v2.0\a1\_work\dbded102\vso\tfs\service\webaccess\testmanagement\testscripts\tests\tfstests.testmanagement.runsview.summary.ts" id="34102d32-26f5-4266-ba62-47d4eee47349">
      <Execution id="827fa50d-9813-4ecf-9dcd-f77664c7d3c1" />
      <TestMethod codeBase="d:\v2.0\a1\_work\dbded102\vso\tfs\service\webaccess\testmanagement\testscripts\tests\tfstests.testmanagement.runsview.summary.ts" adapterTypeName="Microsoft.VisualStudio.TestTools.TestTypes.Unit.UnitTestAdapter" className="d:\v2.0\a1\_work\dbded102\vso\tfs\service\webaccess\testmanagement\testscripts\tests\tfstests.testmanagement.runsview.summary.ts::tfstests.testmanagement.runsview.summary::testrunanalysis.validate.testrunsummarytextview" name="TFSTests.TestManagement.RunsView.Summary TestRunAnalysis.Validate.TestRunSummaryTextView._addRunState" />
    </UnitTest>
    <UnitTest name="TFSTests.TestManagement.RunsView.Summary TestRunAnalysis.Validate.TestRunSummaryTextView.NoDuplication" storage="d:\v2.0\a1\_work\dbded102\vso\tfs\service\webaccess\testmanagement\testscripts\tests\tfstests.testmanagement.runsview.summary.ts" id="0833cc33-75c8-45c7-b2e5-bfc465a0940a">
      <Execution id="39ed3350-9683-4d95-b7e3-e22651702dd8" />
      <TestMethod codeBase="d:\v2.0\a1\_work\dbded102\vso\tfs\service\webaccess\testmanagement\testscripts\tests\tfstests.testmanagement.runsview.summary.ts" adapterTypeName="Microsoft.VisualStudio.TestTools.TestTypes.Unit.UnitTestAdapter" className="d:\v2.0\a1\_work\dbded102\vso\tfs\service\webaccess\testmanagement\testscripts\tests\tfstests.testmanagement.runsview.summary.ts::tfstests.testmanagement.runsview.summary::testrunanalysis.validate.testrunsummarytextview" name="TFSTests.TestManagement.RunsView.Summary TestRunAnalysis.Validate.TestRunSummaryTextView.NoDuplication" />
    </UnitTest>
    <UnitTest name="TFSTests.TestManagement.RunsView.Summary TestRunAnalysis.Validate.TestRunSummary._addRunSummaryInfo" storage="d:\v2.0\a1\_work\dbded102\vso\tfs\service\webaccess\testmanagement\testscripts\tests\tfstests.testmanagement.runsview.summary.ts" id="5bb9bc60-3e58-427f-a9b2-fa7c0dcbc930">
      <Execution id="53dd3aae-198d-4c3b-b7af-2d820676f02b" />
      <TestMethod codeBase="d:\v2.0\a1\_work\dbded102\vso\tfs\service\webaccess\testmanagement\testscripts\tests\tfstests.testmanagement.runsview.summary.ts" adapterTypeName="Microsoft.VisualStudio.TestTools.TestTypes.Unit.UnitTestAdapter" className="d:\v2.0\a1\_work\dbded102\vso\tfs\service\webaccess\testmanagement\testscripts\tests\tfstests.testmanagement.runsview.summary.ts::tfstests.testmanagement.runsview.summary::testrunanalysis.validate.testrunsummary" name="TFSTests.TestManagement.RunsView.Summary TestRunAnalysis.Validate.TestRunSummary._addRunSummaryInfo" />
    </UnitTest>
    <UnitTest name="TFSTests.TestManagement.RunsView.Summary TestRunAnalysis.Validate.TestRunSummaryTextView._addCommentSection" storage="d:\v2.0\a1\_work\dbded102\vso\tfs\service\webaccess\testmanagement\testscripts\tests\tfstests.testmanagement.runsview.summary.ts" id="0622b897-cd3d-4c1b-a9a6-06d5dcfae484">
      <Execution id="5f8a1a5f-b3d5-4c70-ab10-9cb33aaa819f" />
      <TestMethod codeBase="d:\v2.0\a1\_work\dbded102\vso\tfs\service\webaccess\testmanagement\testscripts\tests\tfstests.testmanagement.runsview.summary.ts" adapterTypeName="Microsoft.VisualStudio.TestTools.TestTypes.Unit.UnitTestAdapter" className="d:\v2.0\a1\_work\dbded102\vso\tfs\service\webaccess\testmanagement\testscripts\tests\tfstests.testmanagement.runsview.summary.ts::tfstests.testmanagement.runsview.summary::testrunanalysis.validate.testrunsummarytextview" name="TFSTests.TestManagement.RunsView.Summary TestRunAnalysis.Validate.TestRunSummaryTextView._addCommentSection" />
    </UnitTest>
    <UnitTest name="TFSTests.TestManagement.RunsView.Summary TestRunAnalysis.Validate.TestRunSummaryTextView._addErrorMessageSection" storage="d:\v2.0\a1\_work\dbded102\vso\tfs\service\webaccess\testmanagement\testscripts\tests\tfstests.testmanagement.runsview.summary.ts" id="b01b5713-2fb8-4eb6-a1b5-19868da9d27a">
      <Execution id="75cccfa8-cf04-4b59-a899-a3d8e00787a3" />
      <TestMethod codeBase="d:\v2.0\a1\_work\dbded102\vso\tfs\service\webaccess\testmanagement\testscripts\tests\tfstests.testmanagement.runsview.summary.ts" adapterTypeName="Microsoft.VisualStudio.TestTools.TestTypes.Unit.UnitTestAdapter" className="d:\v2.0\a1\_work\dbded102\vso\tfs\service\webaccess\testmanagement\testscripts\tests\tfstests.testmanagement.runsview.summary.ts::tfstests.testmanagement.runsview.summary::testrunanalysis.validate.testrunsummarytextview" name="TFSTests.TestManagement.RunsView.Summary TestRunAnalysis.Validate.TestRunSummaryTextView._addErrorMessageSection" />
    </UnitTest>
    <UnitTest name="TFSTests.TestManagement.RunsView.Summary TestRunAnalysis.Validate.TestRunSummaryTextView._addAttachmentSection" storage="d:\v2.0\a1\_work\dbded102\vso\tfs\service\webaccess\testmanagement\testscripts\tests\tfstests.testmanagement.runsview.summary.ts" id="19fddbd4-507a-4734-9383-961c8e2fc0c0">
      <Execution id="66359c5d-5902-4096-81e1-3d91ef0864d5" />
      <TestMethod codeBase="d:\v2.0\a1\_work\dbded102\vso\tfs\service\webaccess\testmanagement\testscripts\tests\tfstests.testmanagement.runsview.summary.ts" adapterTypeName="Microsoft.VisualStudio.TestTools.TestTypes.Unit.UnitTestAdapter" className="d:\v2.0\a1\_work\dbded102\vso\tfs\service\webaccess\testmanagement\testscripts\tests\tfstests.testmanagement.runsview.summary.ts::tfstests.testmanagement.runsview.summary::testrunanalysis.validate.testrunsummarytextview" name="TFSTests.TestManagement.RunsView.Summary TestRunAnalysis.Validate.TestRunSummaryTextView._addAttachmentSection" />
    </UnitTest>
    <UnitTest name="TFSTests.TestManagement.RunsView TestRunAnalysis_VerifyGotoControl" storage="d:\v2.0\a1\_work\dbded102\vso\tfs\service\webaccess\testmanagement\testscripts\tests\tfstests.testmanagement.runsview.ts" id="de148d48-0faf-41d5-a3bd-cb072345e242">
      <Execution id="0f037dca-6b73-454b-8626-d7581845bd36" />
      <TestMethod codeBase="d:\v2.0\a1\_work\dbded102\vso\tfs\service\webaccess\testmanagement\testscripts\tests\tfstests.testmanagement.runsview.ts" adapterTypeName="Microsoft.VisualStudio.TestTools.TestTypes.Unit.UnitTestAdapter" className="d:\v2.0\a1\_work\dbded102\vso\tfs\service\webaccess\testmanagement\testscripts\tests\tfstests.testmanagement.runsview.ts::tfstests.testmanagement" name="TFSTests.TestManagement.RunsView TestRunAnalysis_VerifyGotoControl" />
    </UnitTest>
    <UnitTest name="TFSTests.TestManagement.RunsView TestRunAnalysis_VerifyDurationFormatInResutlSummary" storage="d:\v2.0\a1\_work\dbded102\vso\tfs\service\webaccess\testmanagement\testscripts\tests\tfstests.testmanagement.runsview.ts" id="7e5f6fc3-a3fc-4d00-96b3-bebb04fdde03">
      <Execution id="fb0c4a2b-46f8-4e84-9959-fbc7a1a24f20" />
      <TestMethod codeBase="d:\v2.0\a1\_work\dbded102\vso\tfs\service\webaccess\testmanagement\testscripts\tests\tfstests.testmanagement.runsview.ts" adapterTypeName="Microsoft.VisualStudio.TestTools.TestTypes.Unit.UnitTestAdapter" className="d:\v2.0\a1\_work\dbded102\vso\tfs\service\webaccess\testmanagement\testscripts\tests\tfstests.testmanagement.runsview.ts::tfstests.testmanagement" name="TFSTests.TestManagement.RunsView TestRunAnalysis_VerifyDurationFormatInResutlSummary" />
    </UnitTest>
    <UnitTest name="TFSTests.TestManagement.RunsView TestRunAnalysis_VerifyDurationFormatInRunSummary" storage="d:\v2.0\a1\_work\dbded102\vso\tfs\service\webaccess\testmanagement\testscripts\tests\tfstests.testmanagement.runsview.ts" id="74265c86-a46b-4a52-ac22-637576063e8f">
      <Execution id="b37a93b8-fa6a-4789-8fe9-c079109a8631" />
      <TestMethod codeBase="d:\v2.0\a1\_work\dbded102\vso\tfs\service\webaccess\testmanagement\testscripts\tests\tfstests.testmanagement.runsview.ts" adapterTypeName="Microsoft.VisualStudio.TestTools.TestTypes.Unit.UnitTestAdapter" className="d:\v2.0\a1\_work\dbded102\vso\tfs\service\webaccess\testmanagement\testscripts\tests\tfstests.testmanagement.runsview.ts::tfstests.testmanagement" name="TFSTests.TestManagement.RunsView TestRunAnalysis_VerifyDurationFormatInRunSummary" />
    </UnitTest>
    <UnitTest name="TFSTests.TestManagement.RunsView TestRunAnalysis_VerifyRowValueForSummary" storage="d:\v2.0\a1\_work\dbded102\vso\tfs\service\webaccess\testmanagement\testscripts\tests\tfstests.testmanagement.runsview.ts" id="82c73603-4fcc-4d25-9cf0-15cd657bdaff">
      <Execution id="dda58844-484a-4c2c-b0e6-7052fcecd579" />
      <TestMethod codeBase="d:\v2.0\a1\_work\dbded102\vso\tfs\service\webaccess\testmanagement\testscripts\tests\tfstests.testmanagement.runsview.ts" adapterTypeName="Microsoft.VisualStudio.TestTools.TestTypes.Unit.UnitTestAdapter" className="d:\v2.0\a1\_work\dbded102\vso\tfs\service\webaccess\testmanagement\testscripts\tests\tfstests.testmanagement.runsview.ts::tfstests.testmanagement" name="TFSTests.TestManagement.RunsView TestRunAnalysis_VerifyRowValueForSummary" />
    </UnitTest>
    <UnitTest name="TFSTests.TestManagement.RunsView TestRunAnalysis_VerifyRowValueForLinkSummary" storage="d:\v2.0\a1\_work\dbded102\vso\tfs\service\webaccess\testmanagement\testscripts\tests\tfstests.testmanagement.runsview.ts" id="cb44cc2a-fe08-4694-9b55-e8619af5f22c">
      <Execution id="47f1dfa7-0138-41fa-b576-e407d93caf84" />
      <TestMethod codeBase="d:\v2.0\a1\_work\dbded102\vso\tfs\service\webaccess\testmanagement\testscripts\tests\tfstests.testmanagement.runsview.ts" adapterTypeName="Microsoft.VisualStudio.TestTools.TestTypes.Unit.UnitTestAdapter" className="d:\v2.0\a1\_work\dbded102\vso\tfs\service\webaccess\testmanagement\testscripts\tests\tfstests.testmanagement.runsview.ts::tfstests.testmanagement" name="TFSTests.TestManagement.RunsView TestRunAnalysis_VerifyRowValueForLinkSummary" />
    </UnitTest>
    <UnitTest name="TFSTests.TestManagement.RunsView.OM.Queries TestRunAnalysis_VerifyQueryHierarchyRefresh" storage="d:\v2.0\a1\_work\dbded102\vso\tfs\service\webaccess\testmanagement\testscripts\tests\tfstests.testmanagement.runsview.ts" id="e6b20660-9110-4c13-87d3-2cff697dff5c">
      <Execution id="a6397550-f8ce-4395-98ec-6762ee4f9364" />
      <TestMethod codeBase="d:\v2.0\a1\_work\dbded102\vso\tfs\service\webaccess\testmanagement\testscripts\tests\tfstests.testmanagement.runsview.ts" adapterTypeName="Microsoft.VisualStudio.TestTools.TestTypes.Unit.UnitTestAdapter" className="d:\v2.0\a1\_work\dbded102\vso\tfs\service\webaccess\testmanagement\testscripts\tests\tfstests.testmanagement.runsview.ts::tfstests.testmanagement.runsview.om" name="TFSTests.TestManagement.RunsView.OM.Queries TestRunAnalysis_VerifyQueryHierarchyRefresh" />
    </UnitTest>
    <UnitTest name="TFSTests.TestManagement.RunsView.Controls.Queries TestRunAnalysis_VerifySetQueryOfQueryEditor" storage="d:\v2.0\a1\_work\dbded102\vso\tfs\service\webaccess\testmanagement\testscripts\tests\tfstests.testmanagement.runsview.ts" id="4dfda930-05b3-4fdd-a04a-f41d8ff00f1c">
      <Execution id="7115ef3a-1b6b-43fe-b005-894a97d98127" />
      <TestMethod codeBase="d:\v2.0\a1\_work\dbded102\vso\tfs\service\webaccess\testmanagement\testscripts\tests\tfstests.testmanagement.runsview.ts" adapterTypeName="Microsoft.VisualStudio.TestTools.TestTypes.Unit.UnitTestAdapter" className="d:\v2.0\a1\_work\dbded102\vso\tfs\service\webaccess\testmanagement\testscripts\tests\tfstests.testmanagement.runsview.ts::tfstests.testmanagement.runsview.controls" name="TFSTests.TestManagement.RunsView.Controls.Queries TestRunAnalysis_VerifySetQueryOfQueryEditor" />
    </UnitTest>
    <UnitTest name="TFSTests.TestManagement.RunsView.Controls.Queries TestRunAnalysis_VerifyResultsView" storage="d:\v2.0\a1\_work\dbded102\vso\tfs\service\webaccess\testmanagement\testscripts\tests\tfstests.testmanagement.runsview.ts" id="9565b5c3-4539-4bf3-8b7d-aad40febd34b">
      <Execution id="ffc2df78-93b6-4035-82cb-105c3140a081" />
      <TestMethod codeBase="d:\v2.0\a1\_work\dbded102\vso\tfs\service\webaccess\testmanagement\testscripts\tests\tfstests.testmanagement.runsview.ts" adapterTypeName="Microsoft.VisualStudio.TestTools.TestTypes.Unit.UnitTestAdapter" className="d:\v2.0\a1\_work\dbded102\vso\tfs\service\webaccess\testmanagement\testscripts\tests\tfstests.testmanagement.runsview.ts::tfstests.testmanagement.runsview.controls" name="TFSTests.TestManagement.RunsView.Controls.Queries TestRunAnalysis_VerifyResultsView" />
    </UnitTest>
    <UnitTest name="TFSTests.TestManagement.RunsView.Controls.Queries TestRunAnalysis_VerifyRunsView" storage="d:\v2.0\a1\_work\dbded102\vso\tfs\service\webaccess\testmanagement\testscripts\tests\tfstests.testmanagement.runsview.ts" id="f330a525-ae96-490e-b864-c13a2c5b2e6b">
      <Execution id="1f3b8eec-a421-4c42-beb0-9be362e72794" />
      <TestMethod codeBase="d:\v2.0\a1\_work\dbded102\vso\tfs\service\webaccess\testmanagement\testscripts\tests\tfstests.testmanagement.runsview.ts" adapterTypeName="Microsoft.VisualStudio.TestTools.TestTypes.Unit.UnitTestAdapter" className="d:\v2.0\a1\_work\dbded102\vso\tfs\service\webaccess\testmanagement\testscripts\tests\tfstests.testmanagement.runsview.ts::tfstests.testmanagement.runsview.controls" name="TFSTests.TestManagement.RunsView.Controls.Queries TestRunAnalysis_VerifyRunsView" />
    </UnitTest>
    <UnitTest name="TFSTests.TestManagement.RunsView.Controls.Queries TestRunAnalysis_VerifyResultsViewToolbarItems" storage="d:\v2.0\a1\_work\dbded102\vso\tfs\service\webaccess\testmanagement\testscripts\tests\tfstests.testmanagement.runsview.ts" id="17cb009b-5888-4f1d-83ee-5c15ba721b9c">
      <Execution id="c414bfc0-c9e8-4dde-a443-58b9081afa0f" />
      <TestMethod codeBase="d:\v2.0\a1\_work\dbded102\vso\tfs\service\webaccess\testmanagement\testscripts\tests\tfstests.testmanagement.runsview.ts" adapterTypeName="Microsoft.VisualStudio.TestTools.TestTypes.Unit.UnitTestAdapter" className="d:\v2.0\a1\_work\dbded102\vso\tfs\service\webaccess\testmanagement\testscripts\tests\tfstests.testmanagement.runsview.ts::tfstests.testmanagement.runsview.controls" name="TFSTests.TestManagement.RunsView.Controls.Queries TestRunAnalysis_VerifyResultsViewToolbarItems" />
    </UnitTest>
    <UnitTest name="TFSTests.TestManagement.RunsView.Controls.Queries TestRunAnalysis_VerifySetQueryOnGrids" storage="d:\v2.0\a1\_work\dbded102\vso\tfs\service\webaccess\testmanagement\testscripts\tests\tfstests.testmanagement.runsview.ts" id="93981316-f8e3-4773-87e3-e7c4307dff4c">
      <Execution id="19b3a79f-a683-40ea-8449-8cce81b0bb4e" />
      <TestMethod codeBase="d:\v2.0\a1\_work\dbded102\vso\tfs\service\webaccess\testmanagement\testscripts\tests\tfstests.testmanagement.runsview.ts" adapterTypeName="Microsoft.VisualStudio.TestTools.TestTypes.Unit.UnitTestAdapter" className="d:\v2.0\a1\_work\dbded102\vso\tfs\service\webaccess\testmanagement\testscripts\tests\tfstests.testmanagement.runsview.ts::tfstests.testmanagement.runsview.controls" name="TFSTests.TestManagement.RunsView.Controls.Queries TestRunAnalysis_VerifySetQueryOnGrids" />
    </UnitTest>
    <UnitTest name="TFSTests.TestManagement.RunsView.Controls.Queries TestRunAnalysis_VerifyRunningQueryOnGrids" storage="d:\v2.0\a1\_work\dbded102\vso\tfs\service\webaccess\testmanagement\testscripts\tests\tfstests.testmanagement.runsview.ts" id="aab57414-09cc-497b-8426-3351ec0f7530">
      <Execution id="e01683f0-5274-47cb-873d-2cdb1b1f86f9" />
      <TestMethod codeBase="d:\v2.0\a1\_work\dbded102\vso\tfs\service\webaccess\testmanagement\testscripts\tests\tfstests.testmanagement.runsview.ts" adapterTypeName="Microsoft.VisualStudio.TestTools.TestTypes.Unit.UnitTestAdapter" className="d:\v2.0\a1\_work\dbded102\vso\tfs\service\webaccess\testmanagement\testscripts\tests\tfstests.testmanagement.runsview.ts::tfstests.testmanagement.runsview.controls" name="TFSTests.TestManagement.RunsView.Controls.Queries TestRunAnalysis_VerifyRunningQueryOnGrids" />
    </UnitTest>
    <UnitTest name="TFSTests.TestManagement.RunsView.Controls.Queries TestRunAnalysis_VerifyGridSort" storage="d:\v2.0\a1\_work\dbded102\vso\tfs\service\webaccess\testmanagement\testscripts\tests\tfstests.testmanagement.runsview.ts" id="ba89639f-e5e6-4261-9077-a1a578073a2b">
      <Execution id="7be73ddc-e64b-4df8-b6ff-2cffbd827f1e" />
      <TestMethod codeBase="d:\v2.0\a1\_work\dbded102\vso\tfs\service\webaccess\testmanagement\testscripts\tests\tfstests.testmanagement.runsview.ts" adapterTypeName="Microsoft.VisualStudio.TestTools.TestTypes.Unit.UnitTestAdapter" className="d:\v2.0\a1\_work\dbded102\vso\tfs\service\webaccess\testmanagement\testscripts\tests\tfstests.testmanagement.runsview.ts::tfstests.testmanagement.runsview.controls" name="TFSTests.TestManagement.RunsView.Controls.Queries TestRunAnalysis_VerifyGridSort" />
    </UnitTest>
    <UnitTest name="TFSTests.TestManagement.RunsView.Controls.Queries TestRunAnalysis_VerifyGetColumnValue" storage="d:\v2.0\a1\_work\dbded102\vso\tfs\service\webaccess\testmanagement\testscripts\tests\tfstests.testmanagement.runsview.ts" id="850a9cc5-f539-47cd-a838-7a159d04452e">
      <Execution id="e8969508-d89a-4c0f-87b6-4789736fab1a" />
      <TestMethod codeBase="d:\v2.0\a1\_work\dbded102\vso\tfs\service\webaccess\testmanagement\testscripts\tests\tfstests.testmanagement.runsview.ts" adapterTypeName="Microsoft.VisualStudio.TestTools.TestTypes.Unit.UnitTestAdapter" className="d:\v2.0\a1\_work\dbded102\vso\tfs\service\webaccess\testmanagement\testscripts\tests\tfstests.testmanagement.runsview.ts::tfstests.testmanagement.runsview.controls" name="TFSTests.TestManagement.RunsView.Controls.Queries TestRunAnalysis_VerifyGetColumnValue" />
    </UnitTest>
    <UnitTest name="TFSTests.TestManagement.RunsView.Controls.Queries TestRunAnalysis_VerifyItemHierarchyForQueryTree" storage="d:\v2.0\a1\_work\dbded102\vso\tfs\service\webaccess\testmanagement\testscripts\tests\tfstests.testmanagement.runsview.ts" id="36402050-d517-42f3-9dad-d78a09c8ec3d">
      <Execution id="fac8aeb2-9a61-407b-9b85-316df7431107" />
      <TestMethod codeBase="d:\v2.0\a1\_work\dbded102\vso\tfs\service\webaccess\testmanagement\testscripts\tests\tfstests.testmanagement.runsview.ts" adapterTypeName="Microsoft.VisualStudio.TestTools.TestTypes.Unit.UnitTestAdapter" className="d:\v2.0\a1\_work\dbded102\vso\tfs\service\webaccess\testmanagement\testscripts\tests\tfstests.testmanagement.runsview.ts::tfstests.testmanagement.runsview.controls" name="TFSTests.TestManagement.RunsView.Controls.Queries TestRunAnalysis_VerifyItemHierarchyForQueryTree" />
    </UnitTest>
    <UnitTest name="TFSTests.TestManagement.RunsView.Common.Controls TestRunAnalysis_VerifyUpdateAnalysisDialogDecoration" storage="d:\v2.0\a1\_work\dbded102\vso\tfs\service\webaccess\testmanagement\testscripts\tests\tfstests.testmanagement.runsview.ts" id="f297afa2-8943-4a42-86b6-39a5a4e336a2">
      <Execution id="2e8fc16c-4811-4481-a9bb-9a364eb63a0d" />
      <TestMethod codeBase="d:\v2.0\a1\_work\dbded102\vso\tfs\service\webaccess\testmanagement\testscripts\tests\tfstests.testmanagement.runsview.ts" adapterTypeName="Microsoft.VisualStudio.TestTools.TestTypes.Unit.UnitTestAdapter" className="d:\v2.0\a1\_work\dbded102\vso\tfs\service\webaccess\testmanagement\testscripts\tests\tfstests.testmanagement.runsview.ts::tfstests.testmanagement.runsview.common" name="TFSTests.TestManagement.RunsView.Common.Controls TestRunAnalysis_VerifyUpdateAnalysisDialogDecoration" />
    </UnitTest>
    <UnitTest name="TFSTests.TestManagement.RunsView.Common.Controls TestRunAnalysis_VerifyUpdateAnalysisCombosIndex" storage="d:\v2.0\a1\_work\dbded102\vso\tfs\service\webaccess\testmanagement\testscripts\tests\tfstests.testmanagement.runsview.ts" id="b12becfd-dbeb-42fe-8e6a-05899d060f76">
      <Execution id="841ef879-e049-400a-883e-cf8b27f733f5" />
      <TestMethod codeBase="d:\v2.0\a1\_work\dbded102\vso\tfs\service\webaccess\testmanagement\testscripts\tests\tfstests.testmanagement.runsview.ts" adapterTypeName="Microsoft.VisualStudio.TestTools.TestTypes.Unit.UnitTestAdapter" className="d:\v2.0\a1\_work\dbded102\vso\tfs\service\webaccess\testmanagement\testscripts\tests\tfstests.testmanagement.runsview.ts::tfstests.testmanagement.runsview.common" name="TFSTests.TestManagement.RunsView.Common.Controls TestRunAnalysis_VerifyUpdateAnalysisCombosIndex" />
    </UnitTest>
    <UnitTest name="TFSTests.TestManagement.RunsView.Common.Controls TestRunAnalysis_VerifyUpdateAnalysisOKButtonStateWithOneResult" storage="d:\v2.0\a1\_work\dbded102\vso\tfs\service\webaccess\testmanagement\testscripts\tests\tfstests.testmanagement.runsview.ts" id="3e57dab4-d1cf-4cd4-85d2-97899d2f1bf7">
      <Execution id="0f8d3540-90ca-4e95-bc1b-0b0b35e065bd" />
      <TestMethod codeBase="d:\v2.0\a1\_work\dbded102\vso\tfs\service\webaccess\testmanagement\testscripts\tests\tfstests.testmanagement.runsview.ts" adapterTypeName="Microsoft.VisualStudio.TestTools.TestTypes.Unit.UnitTestAdapter" className="d:\v2.0\a1\_work\dbded102\vso\tfs\service\webaccess\testmanagement\testscripts\tests\tfstests.testmanagement.runsview.ts::tfstests.testmanagement.runsview.common" name="TFSTests.TestManagement.RunsView.Common.Controls TestRunAnalysis_VerifyUpdateAnalysisOKButtonStateWithOneResult" />
    </UnitTest>
    <UnitTest name="TFSTests.TestManagement.RunsView.Common.Controls TestRunAnalysis_VerifyUpdateAnalysisOKButtonStateWithBulkResult" storage="d:\v2.0\a1\_work\dbded102\vso\tfs\service\webaccess\testmanagement\testscripts\tests\tfstests.testmanagement.runsview.ts" id="5765aab8-2b15-4b09-b69b-891f4d527318">
      <Execution id="cec20328-904b-41fb-bca6-8d7bb2ecda47" />
      <TestMethod codeBase="d:\v2.0\a1\_work\dbded102\vso\tfs\service\webaccess\testmanagement\testscripts\tests\tfstests.testmanagement.runsview.ts" adapterTypeName="Microsoft.VisualStudio.TestTools.TestTypes.Unit.UnitTestAdapter" className="d:\v2.0\a1\_work\dbded102\vso\tfs\service\webaccess\testmanagement\testscripts\tests\tfstests.testmanagement.runsview.ts::tfstests.testmanagement.runsview.common" name="TFSTests.TestManagement.RunsView.Common.Controls TestRunAnalysis_VerifyUpdateAnalysisOKButtonStateWithBulkResult" />
    </UnitTest>
    <UnitTest name="TFSTests.TestManagement.RunsView.Common.Controls TestRunAnalysis_VerifyUpdateAnalysisOKButtonClick" storage="d:\v2.0\a1\_work\dbded102\vso\tfs\service\webaccess\testmanagement\testscripts\tests\tfstests.testmanagement.runsview.ts" id="b1f7a770-ebae-4756-a26b-806c63c4bf37">
      <Execution id="23c8f39f-cbcf-4b72-b1c5-b95cfdb799c9" />
      <TestMethod codeBase="d:\v2.0\a1\_work\dbded102\vso\tfs\service\webaccess\testmanagement\testscripts\tests\tfstests.testmanagement.runsview.ts" adapterTypeName="Microsoft.VisualStudio.TestTools.TestTypes.Unit.UnitTestAdapter" className="d:\v2.0\a1\_work\dbded102\vso\tfs\service\webaccess\testmanagement\testscripts\tests\tfstests.testmanagement.runsview.ts::tfstests.testmanagement.runsview.common" name="TFSTests.TestManagement.RunsView.Common.Controls TestRunAnalysis_VerifyUpdateAnalysisOKButtonClick" />
    </UnitTest>
    <UnitTest name="TFSTests.TestManagement.SelectWorkItemViewTests VerifyQuerySettingsHelper_AreaPathHasSingleQuote" storage="d:\v2.0\a1\_work\dbded102\vso\tfs\service\webaccess\testmanagement\testscripts\tests\tfstests.testmanagement.selectworkitemview.ts" id="75912279-3571-4b91-842a-5b29e6e1468c">
      <Execution id="9f70b165-e5d8-449c-91d1-5da6eeaa3530" />
      <TestMethod codeBase="d:\v2.0\a1\_work\dbded102\vso\tfs\service\webaccess\testmanagement\testscripts\tests\tfstests.testmanagement.selectworkitemview.ts" adapterTypeName="Microsoft.VisualStudio.TestTools.TestTypes.Unit.UnitTestAdapter" className="d:\v2.0\a1\_work\dbded102\vso\tfs\service\webaccess\testmanagement\testscripts\tests\tfstests.testmanagement.selectworkitemview.ts::tfstests.testmanagement" name="TFSTests.TestManagement.SelectWorkItemViewTests VerifyQuerySettingsHelper_AreaPathHasSingleQuote" />
    </UnitTest>
    <UnitTest name="TFSTests.TestManagement.SelectWorkItemViewTests VerifyQuerySettingsHelper_AreaPathHasMultipleSingleQuotes" storage="d:\v2.0\a1\_work\dbded102\vso\tfs\service\webaccess\testmanagement\testscripts\tests\tfstests.testmanagement.selectworkitemview.ts" id="8f943465-3a1d-4a61-beff-84709f9c102a">
      <Execution id="39b45dcc-b546-4f7b-b1de-284197ca677a" />
      <TestMethod codeBase="d:\v2.0\a1\_work\dbded102\vso\tfs\service\webaccess\testmanagement\testscripts\tests\tfstests.testmanagement.selectworkitemview.ts" adapterTypeName="Microsoft.VisualStudio.TestTools.TestTypes.Unit.UnitTestAdapter" className="d:\v2.0\a1\_work\dbded102\vso\tfs\service\webaccess\testmanagement\testscripts\tests\tfstests.testmanagement.selectworkitemview.ts::tfstests.testmanagement" name="TFSTests.TestManagement.SelectWorkItemViewTests VerifyQuerySettingsHelper_AreaPathHasMultipleSingleQuotes" />
    </UnitTest>
    <UnitTest name="TFSTests.TestManagement.SelectWorkItemViewTests VerifyQuerySettingsHelper_AreaPathIsUndefined" storage="d:\v2.0\a1\_work\dbded102\vso\tfs\service\webaccess\testmanagement\testscripts\tests\tfstests.testmanagement.selectworkitemview.ts" id="1e8acf25-8c27-4b7b-aaa7-70da5d036ea3">
      <Execution id="d577d1cb-ff6f-48ba-a941-5aa85fc61cf7" />
      <TestMethod codeBase="d:\v2.0\a1\_work\dbded102\vso\tfs\service\webaccess\testmanagement\testscripts\tests\tfstests.testmanagement.selectworkitemview.ts" adapterTypeName="Microsoft.VisualStudio.TestTools.TestTypes.Unit.UnitTestAdapter" className="d:\v2.0\a1\_work\dbded102\vso\tfs\service\webaccess\testmanagement\testscripts\tests\tfstests.testmanagement.selectworkitemview.ts::tfstests.testmanagement" name="TFSTests.TestManagement.SelectWorkItemViewTests VerifyQuerySettingsHelper_AreaPathIsUndefined" />
    </UnitTest>
    <UnitTest name="TFSTests.TestManagement.Controls verifyTestStepCount" storage="d:\v2.0\a1\_work\dbded102\vso\tfs\service\webaccess\testmanagement\testscripts\tests\tfstests.testmanagement.controls.ts" id="e2819c0b-c021-4ea1-a183-b1498e30cf0e">
      <Execution id="f287123b-65d4-4099-a7a8-40c068dfff5e" />
      <TestMethod codeBase="d:\v2.0\a1\_work\dbded102\vso\tfs\service\webaccess\testmanagement\testscripts\tests\tfstests.testmanagement.controls.ts" adapterTypeName="Microsoft.VisualStudio.TestTools.TestTypes.Unit.UnitTestAdapter" className="d:\v2.0\a1\_work\dbded102\vso\tfs\service\webaccess\testmanagement\testscripts\tests\tfstests.testmanagement.controls.ts::tfstests.testmanagement" name="TFSTests.TestManagement.Controls verifyTestStepCount" />
    </UnitTest>
    <UnitTest name="TFSTests.TestManagement.Controls VerifyMarginSet" storage="d:\v2.0\a1\_work\dbded102\vso\tfs\service\webaccess\testmanagement\testscripts\tests\tfstests.testmanagement.controls.ts" id="28ed52fc-849b-4ec6-a7c5-b77972c4c03f">
      <Execution id="218ca4bc-725d-4b60-9031-857d079fecc7" />
      <TestMethod codeBase="d:\v2.0\a1\_work\dbded102\vso\tfs\service\webaccess\testmanagement\testscripts\tests\tfstests.testmanagement.controls.ts" adapterTypeName="Microsoft.VisualStudio.TestTools.TestTypes.Unit.UnitTestAdapter" className="d:\v2.0\a1\_work\dbded102\vso\tfs\service\webaccess\testmanagement\testscripts\tests\tfstests.testmanagement.controls.ts::tfstests.testmanagement" name="TFSTests.TestManagement.Controls VerifyMarginSet" />
    </UnitTest>
    <UnitTest name="TFSTests.TestManagement.Controls VerifyColumns" storage="d:\v2.0\a1\_work\dbded102\vso\tfs\service\webaccess\testmanagement\testscripts\tests\tfstests.testmanagement.controls.ts" id="fdba3c1a-597b-4bcb-9b17-ddb3863244d4">
      <Execution id="f12ac3b3-4cc1-4eeb-ae0d-d45ffa42ac5b" />
      <TestMethod codeBase="d:\v2.0\a1\_work\dbded102\vso\tfs\service\webaccess\testmanagement\testscripts\tests\tfstests.testmanagement.controls.ts" adapterTypeName="Microsoft.VisualStudio.TestTools.TestTypes.Unit.UnitTestAdapter" className="d:\v2.0\a1\_work\dbded102\vso\tfs\service\webaccess\testmanagement\testscripts\tests\tfstests.testmanagement.controls.ts::tfstests.testmanagement" name="TFSTests.TestManagement.Controls VerifyColumns" />
    </UnitTest>
    <UnitTest name="TFSTests.TestManagement.Controls VerifyParamGridColumnHeaders" storage="d:\v2.0\a1\_work\dbded102\vso\tfs\service\webaccess\testmanagement\testscripts\tests\tfstests.testmanagement.controls.ts" id="9c6dc2a6-bc71-444d-971c-cc2b92afdda8">
      <Execution id="ed7e17b4-5584-4b22-a0c3-eef7d16577a3" />
      <TestMethod codeBase="d:\v2.0\a1\_work\dbded102\vso\tfs\service\webaccess\testmanagement\testscripts\tests\tfstests.testmanagement.controls.ts" adapterTypeName="Microsoft.VisualStudio.TestTools.TestTypes.Unit.UnitTestAdapter" className="d:\v2.0\a1\_work\dbded102\vso\tfs\service\webaccess\testmanagement\testscripts\tests\tfstests.testmanagement.controls.ts::tfstests.testmanagement" name="TFSTests.TestManagement.Controls VerifyParamGridColumnHeaders" />
    </UnitTest>
    <UnitTest name="TFSTests.TestManagement.Controls VerifyParamGridRowSpacing" storage="d:\v2.0\a1\_work\dbded102\vso\tfs\service\webaccess\testmanagement\testscripts\tests\tfstests.testmanagement.controls.ts" id="a13a3b9a-e097-455a-9c32-ec66800be1d7">
      <Execution id="aa3d1063-b631-4965-885a-b3fdfb7d93f2" />
      <TestMethod codeBase="d:\v2.0\a1\_work\dbded102\vso\tfs\service\webaccess\testmanagement\testscripts\tests\tfstests.testmanagement.controls.ts" adapterTypeName="Microsoft.VisualStudio.TestTools.TestTypes.Unit.UnitTestAdapter" className="d:\v2.0\a1\_work\dbded102\vso\tfs\service\webaccess\testmanagement\testscripts\tests\tfstests.testmanagement.controls.ts::tfstests.testmanagement" name="TFSTests.TestManagement.Controls VerifyParamGridRowSpacing" />
    </UnitTest>
    <UnitTest name="TFSTests.TestManagement.Controls VerifyAttachmentAndSharedStepTab" storage="d:\v2.0\a1\_work\dbded102\vso\tfs\service\webaccess\testmanagement\testscripts\tests\tfstests.testmanagement.controls.ts" id="ce6a43a2-5a58-4e17-ad81-b3744a0b7715">
      <Execution id="37cdd492-1123-429d-91d3-ee67d2c88b39" />
      <TestMethod codeBase="d:\v2.0\a1\_work\dbded102\vso\tfs\service\webaccess\testmanagement\testscripts\tests\tfstests.testmanagement.controls.ts" adapterTypeName="Microsoft.VisualStudio.TestTools.TestTypes.Unit.UnitTestAdapter" className="d:\v2.0\a1\_work\dbded102\vso\tfs\service\webaccess\testmanagement\testscripts\tests\tfstests.testmanagement.controls.ts::tfstests.testmanagement" name="TFSTests.TestManagement.Controls VerifyAttachmentAndSharedStepTab" />
    </UnitTest>
    <UnitTest name="TFSTests.TestManagement.Controls verifyStepsAreEditable" storage="d:\v2.0\a1\_work\dbded102\vso\tfs\service\webaccess\testmanagement\testscripts\tests\tfstests.testmanagement.controls.ts" id="5a0f9f8b-f07b-442b-ab0a-6755f3d413a2">
      <Execution id="02e2fde9-98c3-4b47-88a8-87c3bd125f27" />
      <TestMethod codeBase="d:\v2.0\a1\_work\dbded102\vso\tfs\service\webaccess\testmanagement\testscripts\tests\tfstests.testmanagement.controls.ts" adapterTypeName="Microsoft.VisualStudio.TestTools.TestTypes.Unit.UnitTestAdapter" className="d:\v2.0\a1\_work\dbded102\vso\tfs\service\webaccess\testmanagement\testscripts\tests\tfstests.testmanagement.controls.ts::tfstests.testmanagement" name="TFSTests.TestManagement.Controls verifyStepsAreEditable" />
    </UnitTest>
    <UnitTest name="TFSTests.TestManagement.Controls verifyStepsHavingParametersAreEditable" storage="d:\v2.0\a1\_work\dbded102\vso\tfs\service\webaccess\testmanagement\testscripts\tests\tfstests.testmanagement.controls.ts" id="63e4faeb-a6a6-4501-8e09-774b125e1746">
      <Execution id="fd5312b2-a588-4d95-8889-2d884969e193" />
      <TestMethod codeBase="d:\v2.0\a1\_work\dbded102\vso\tfs\service\webaccess\testmanagement\testscripts\tests\tfstests.testmanagement.controls.ts" adapterTypeName="Microsoft.VisualStudio.TestTools.TestTypes.Unit.UnitTestAdapter" className="d:\v2.0\a1\_work\dbded102\vso\tfs\service\webaccess\testmanagement\testscripts\tests\tfstests.testmanagement.controls.ts::tfstests.testmanagement" name="TFSTests.TestManagement.Controls verifyStepsHavingParametersAreEditable" />
    </UnitTest>
    <UnitTest name="TFSTests.TestManagement.Controls VerifyAddParametersAreAllowed" storage="d:\v2.0\a1\_work\dbded102\vso\tfs\service\webaccess\testmanagement\testscripts\tests\tfstests.testmanagement.controls.ts" id="1c549781-c94a-4cd3-aeba-31c94f23a021">
      <Execution id="7247a842-7c80-4721-9d9e-464c9195aadc" />
      <TestMethod codeBase="d:\v2.0\a1\_work\dbded102\vso\tfs\service\webaccess\testmanagement\testscripts\tests\tfstests.testmanagement.controls.ts" adapterTypeName="Microsoft.VisualStudio.TestTools.TestTypes.Unit.UnitTestAdapter" className="d:\v2.0\a1\_work\dbded102\vso\tfs\service\webaccess\testmanagement\testscripts\tests\tfstests.testmanagement.controls.ts::tfstests.testmanagement" name="TFSTests.TestManagement.Controls VerifyAddParametersAreAllowed" />
    </UnitTest>
    <UnitTest name="TFSTests.TestManagement.Controls verifyStepsAreMultiline" storage="d:\v2.0\a1\_work\dbded102\vso\tfs\service\webaccess\testmanagement\testscripts\tests\tfstests.testmanagement.controls.ts" id="b8c3553c-1e82-4166-afde-075010057a56">
      <Execution id="04d2e105-9d73-42f5-a86f-10bf88de2feb" />
      <TestMethod codeBase="d:\v2.0\a1\_work\dbded102\vso\tfs\service\webaccess\testmanagement\testscripts\tests\tfstests.testmanagement.controls.ts" adapterTypeName="Microsoft.VisualStudio.TestTools.TestTypes.Unit.UnitTestAdapter" className="d:\v2.0\a1\_work\dbded102\vso\tfs\service\webaccess\testmanagement\testscripts\tests\tfstests.testmanagement.controls.ts::tfstests.testmanagement" name="TFSTests.TestManagement.Controls verifyStepsAreMultiline" />
    </UnitTest>
    <UnitTest name="TFSTests.TestManagement.Controls VerifyCellMinWidth" storage="d:\v2.0\a1\_work\dbded102\vso\tfs\service\webaccess\testmanagement\testscripts\tests\tfstests.testmanagement.controls.ts" id="5d5a1798-5225-43ae-8d46-5885f7f8252d">
      <Execution id="a34deb3c-a447-4e21-818b-57290ed4cf76" />
      <TestMethod codeBase="d:\v2.0\a1\_work\dbded102\vso\tfs\service\webaccess\testmanagement\testscripts\tests\tfstests.testmanagement.controls.ts" adapterTypeName="Microsoft.VisualStudio.TestTools.TestTypes.Unit.UnitTestAdapter" className="d:\v2.0\a1\_work\dbded102\vso\tfs\service\webaccess\testmanagement\testscripts\tests\tfstests.testmanagement.controls.ts::tfstests.testmanagement" name="TFSTests.TestManagement.Controls VerifyCellMinWidth" />
    </UnitTest>
    <UnitTest name="TFSTests.TestManagement.Controls VerifyAddTestStepRow" storage="d:\v2.0\a1\_work\dbded102\vso\tfs\service\webaccess\testmanagement\testscripts\tests\tfstests.testmanagement.controls.ts" id="800627c3-88a2-47ea-a66c-831867136cdb">
      <Execution id="b4101155-fed6-42ff-8192-fdd8641cd279" />
      <TestMethod codeBase="d:\v2.0\a1\_work\dbded102\vso\tfs\service\webaccess\testmanagement\testscripts\tests\tfstests.testmanagement.controls.ts" adapterTypeName="Microsoft.VisualStudio.TestTools.TestTypes.Unit.UnitTestAdapter" className="d:\v2.0\a1\_work\dbded102\vso\tfs\service\webaccess\testmanagement\testscripts\tests\tfstests.testmanagement.controls.ts::tfstests.testmanagement" name="TFSTests.TestManagement.Controls VerifyAddTestStepRow" />
    </UnitTest>
    <UnitTest name="TFSTests.TestManagement.Controls RenameParameterInString_1" storage="d:\v2.0\a1\_work\dbded102\vso\tfs\service\webaccess\testmanagement\testscripts\tests\tfstests.testmanagement.controls.ts" id="403ab4c0-b4a0-4c21-8624-d92f0a5792e0">
      <Execution id="c7d470b7-85dc-4a5a-8462-1668d103df05" />
      <TestMethod codeBase="d:\v2.0\a1\_work\dbded102\vso\tfs\service\webaccess\testmanagement\testscripts\tests\tfstests.testmanagement.controls.ts" adapterTypeName="Microsoft.VisualStudio.TestTools.TestTypes.Unit.UnitTestAdapter" className="d:\v2.0\a1\_work\dbded102\vso\tfs\service\webaccess\testmanagement\testscripts\tests\tfstests.testmanagement.controls.ts::tfstests.testmanagement" name="TFSTests.TestManagement.Controls RenameParameterInString_1" />
    </UnitTest>
    <UnitTest name="TFSTests.TestManagement.Controls RenameParameterInString_2" storage="d:\v2.0\a1\_work\dbded102\vso\tfs\service\webaccess\testmanagement\testscripts\tests\tfstests.testmanagement.controls.ts" id="a4eccd97-c5c2-43f8-9973-fde39567bf16">
      <Execution id="34cb4be1-4612-4a0a-a0f6-150081f15a3e" />
      <TestMethod codeBase="d:\v2.0\a1\_work\dbded102\vso\tfs\service\webaccess\testmanagement\testscripts\tests\tfstests.testmanagement.controls.ts" adapterTypeName="Microsoft.VisualStudio.TestTools.TestTypes.Unit.UnitTestAdapter" className="d:\v2.0\a1\_work\dbded102\vso\tfs\service\webaccess\testmanagement\testscripts\tests\tfstests.testmanagement.controls.ts::tfstests.testmanagement" name="TFSTests.TestManagement.Controls RenameParameterInString_2" />
    </UnitTest>
    <UnitTest name="TFSTests.TestManagement.Controls RenameParameterInString_3" storage="d:\v2.0\a1\_work\dbded102\vso\tfs\service\webaccess\testmanagement\testscripts\tests\tfstests.testmanagement.controls.ts" id="9d8dbb67-fbcf-453f-b04c-ec88e1545617">
      <Execution id="8e8e3085-a8fe-4653-aba8-cebde7deff57" />
      <TestMethod codeBase="d:\v2.0\a1\_work\dbded102\vso\tfs\service\webaccess\testmanagement\testscripts\tests\tfstests.testmanagement.controls.ts" adapterTypeName="Microsoft.VisualStudio.TestTools.TestTypes.Unit.UnitTestAdapter" className="d:\v2.0\a1\_work\dbded102\vso\tfs\service\webaccess\testmanagement\testscripts\tests\tfstests.testmanagement.controls.ts::tfstests.testmanagement" name="TFSTests.TestManagement.Controls RenameParameterInString_3" />
    </UnitTest>
    <UnitTest name="TFSTests.TestManagement.Controls RenameParameterInString_4" storage="d:\v2.0\a1\_work\dbded102\vso\tfs\service\webaccess\testmanagement\testscripts\tests\tfstests.testmanagement.controls.ts" id="f21f2217-cbfe-43ba-91de-0a6c6e0330b1">
      <Execution id="25590a9b-ab93-4d41-90ba-bc3a282391cb" />
      <TestMethod codeBase="d:\v2.0\a1\_work\dbded102\vso\tfs\service\webaccess\testmanagement\testscripts\tests\tfstests.testmanagement.controls.ts" adapterTypeName="Microsoft.VisualStudio.TestTools.TestTypes.Unit.UnitTestAdapter" className="d:\v2.0\a1\_work\dbded102\vso\tfs\service\webaccess\testmanagement\testscripts\tests\tfstests.testmanagement.controls.ts::tfstests.testmanagement" name="TFSTests.TestManagement.Controls RenameParameterInString_4" />
    </UnitTest>
    <UnitTest name="TFSTests.TestManagement.Controls RenameParameterInString_5" storage="d:\v2.0\a1\_work\dbded102\vso\tfs\service\webaccess\testmanagement\testscripts\tests\tfstests.testmanagement.controls.ts" id="f7e484c4-8790-4b70-a324-c0396db684c5">
      <Execution id="075e7e8d-e759-4339-81ba-858465370d56" />
      <TestMethod codeBase="d:\v2.0\a1\_work\dbded102\vso\tfs\service\webaccess\testmanagement\testscripts\tests\tfstests.testmanagement.controls.ts" adapterTypeName="Microsoft.VisualStudio.TestTools.TestTypes.Unit.UnitTestAdapter" className="d:\v2.0\a1\_work\dbded102\vso\tfs\service\webaccess\testmanagement\testscripts\tests\tfstests.testmanagement.controls.ts::tfstests.testmanagement" name="TFSTests.TestManagement.Controls RenameParameterInString_5" />
    </UnitTest>
    <UnitTest name="TFSTests.TestManagement.Controls RenameParameterInString_6" storage="d:\v2.0\a1\_work\dbded102\vso\tfs\service\webaccess\testmanagement\testscripts\tests\tfstests.testmanagement.controls.ts" id="27e7b189-a7c2-435f-8c10-930d94b60d76">
      <Execution id="d59e4464-2fd2-4975-925c-639c0179248f" />
      <TestMethod codeBase="d:\v2.0\a1\_work\dbded102\vso\tfs\service\webaccess\testmanagement\testscripts\tests\tfstests.testmanagement.controls.ts" adapterTypeName="Microsoft.VisualStudio.TestTools.TestTypes.Unit.UnitTestAdapter" className="d:\v2.0\a1\_work\dbded102\vso\tfs\service\webaccess\testmanagement\testscripts\tests\tfstests.testmanagement.controls.ts::tfstests.testmanagement" name="TFSTests.TestManagement.Controls RenameParameterInString_6" />
    </UnitTest>
    <UnitTest name="TFSTests.TestManagement.Controls RenameParameterInString_7" storage="d:\v2.0\a1\_work\dbded102\vso\tfs\service\webaccess\testmanagement\testscripts\tests\tfstests.testmanagement.controls.ts" id="bf50de47-dcfc-4f96-be93-b34d73c8e1f5">
      <Execution id="c8e391b7-fd28-409f-ad74-8218eaab3d0e" />
      <TestMethod codeBase="d:\v2.0\a1\_work\dbded102\vso\tfs\service\webaccess\testmanagement\testscripts\tests\tfstests.testmanagement.controls.ts" adapterTypeName="Microsoft.VisualStudio.TestTools.TestTypes.Unit.UnitTestAdapter" className="d:\v2.0\a1\_work\dbded102\vso\tfs\service\webaccess\testmanagement\testscripts\tests\tfstests.testmanagement.controls.ts::tfstests.testmanagement" name="TFSTests.TestManagement.Controls RenameParameterInString_7" />
    </UnitTest>
    <UnitTest name="TFSTests.TestManagement.Controls RenameParameterInString_8" storage="d:\v2.0\a1\_work\dbded102\vso\tfs\service\webaccess\testmanagement\testscripts\tests\tfstests.testmanagement.controls.ts" id="93fe16ee-83f7-4b2f-ac34-242c06aab06d">
      <Execution id="ec00b1d4-8a1c-4d92-833e-030a48af7d4c" />
      <TestMethod codeBase="d:\v2.0\a1\_work\dbded102\vso\tfs\service\webaccess\testmanagement\testscripts\tests\tfstests.testmanagement.controls.ts" adapterTypeName="Microsoft.VisualStudio.TestTools.TestTypes.Unit.UnitTestAdapter" className="d:\v2.0\a1\_work\dbded102\vso\tfs\service\webaccess\testmanagement\testscripts\tests\tfstests.testmanagement.controls.ts::tfstests.testmanagement" name="TFSTests.TestManagement.Controls RenameParameterInString_8" />
    </UnitTest>
    <UnitTest name="TFSTests.TestManagement.Controls RenameParameterInString_9" storage="d:\v2.0\a1\_work\dbded102\vso\tfs\service\webaccess\testmanagement\testscripts\tests\tfstests.testmanagement.controls.ts" id="1d753604-663c-4d49-90f9-9c9ef89c3bd5">
      <Execution id="016dc0c9-9eba-4b3d-9bd1-198281183d5e" />
      <TestMethod codeBase="d:\v2.0\a1\_work\dbded102\vso\tfs\service\webaccess\testmanagement\testscripts\tests\tfstests.testmanagement.controls.ts" adapterTypeName="Microsoft.VisualStudio.TestTools.TestTypes.Unit.UnitTestAdapter" className="d:\v2.0\a1\_work\dbded102\vso\tfs\service\webaccess\testmanagement\testscripts\tests\tfstests.testmanagement.controls.ts::tfstests.testmanagement" name="TFSTests.TestManagement.Controls RenameParameterInString_9" />
    </UnitTest>
    <UnitTest name="TFSTests.TestManagement.Controls RenameParameterInString_11" storage="d:\v2.0\a1\_work\dbded102\vso\tfs\service\webaccess\testmanagement\testscripts\tests\tfstests.testmanagement.controls.ts" id="bf63ebad-7d84-4cc5-89b5-b726b023bb2a">
      <Execution id="f6a48315-3dd4-4450-8789-5b3cdaaf71b4" />
      <TestMethod codeBase="d:\v2.0\a1\_work\dbded102\vso\tfs\service\webaccess\testmanagement\testscripts\tests\tfstests.testmanagement.controls.ts" adapterTypeName="Microsoft.VisualStudio.TestTools.TestTypes.Unit.UnitTestAdapter" className="d:\v2.0\a1\_work\dbded102\vso\tfs\service\webaccess\testmanagement\testscripts\tests\tfstests.testmanagement.controls.ts::tfstests.testmanagement" name="TFSTests.TestManagement.Controls RenameParameterInString_11" />
    </UnitTest>
    <UnitTest name="TFSTests.TestManagement.Controls RenameParameterInString_12" storage="d:\v2.0\a1\_work\dbded102\vso\tfs\service\webaccess\testmanagement\testscripts\tests\tfstests.testmanagement.controls.ts" id="fcd0993e-b2c1-45e8-8391-b3a7d9160900">
      <Execution id="33daa5a3-fe99-41d4-af90-1d7bcada2660" />
      <TestMethod codeBase="d:\v2.0\a1\_work\dbded102\vso\tfs\service\webaccess\testmanagement\testscripts\tests\tfstests.testmanagement.controls.ts" adapterTypeName="Microsoft.VisualStudio.TestTools.TestTypes.Unit.UnitTestAdapter" className="d:\v2.0\a1\_work\dbded102\vso\tfs\service\webaccess\testmanagement\testscripts\tests\tfstests.testmanagement.controls.ts::tfstests.testmanagement" name="TFSTests.TestManagement.Controls RenameParameterInString_12" />
    </UnitTest>
    <UnitTest name="TFSTests.TestManagement.Controls RenameParameterInString_13" storage="d:\v2.0\a1\_work\dbded102\vso\tfs\service\webaccess\testmanagement\testscripts\tests\tfstests.testmanagement.controls.ts" id="bb3830eb-b122-48e1-81dd-35a21a14fe19">
      <Execution id="d21b343a-1afe-480d-a018-2c1e15344c71" />
      <TestMethod codeBase="d:\v2.0\a1\_work\dbded102\vso\tfs\service\webaccess\testmanagement\testscripts\tests\tfstests.testmanagement.controls.ts" adapterTypeName="Microsoft.VisualStudio.TestTools.TestTypes.Unit.UnitTestAdapter" className="d:\v2.0\a1\_work\dbded102\vso\tfs\service\webaccess\testmanagement\testscripts\tests\tfstests.testmanagement.controls.ts::tfstests.testmanagement" name="TFSTests.TestManagement.Controls RenameParameterInString_13" />
    </UnitTest>
    <UnitTest name="TFSTests.TestManagement.Controls RenameParameterInString_14" storage="d:\v2.0\a1\_work\dbded102\vso\tfs\service\webaccess\testmanagement\testscripts\tests\tfstests.testmanagement.controls.ts" id="17dcbff8-9359-4135-9769-c154ea686592">
      <Execution id="59c2e2ad-a9b9-488d-811c-26094f70be1a" />
      <TestMethod codeBase="d:\v2.0\a1\_work\dbded102\vso\tfs\service\webaccess\testmanagement\testscripts\tests\tfstests.testmanagement.controls.ts" adapterTypeName="Microsoft.VisualStudio.TestTools.TestTypes.Unit.UnitTestAdapter" className="d:\v2.0\a1\_work\dbded102\vso\tfs\service\webaccess\testmanagement\testscripts\tests\tfstests.testmanagement.controls.ts::tfstests.testmanagement" name="TFSTests.TestManagement.Controls RenameParameterInString_14" />
    </UnitTest>
    <UnitTest name="TFSTests.TestManagement.Controls RenameParameterInString_15" storage="d:\v2.0\a1\_work\dbded102\vso\tfs\service\webaccess\testmanagement\testscripts\tests\tfstests.testmanagement.controls.ts" id="322299b3-1f3b-432a-a111-fd1142cce974">
      <Execution id="92ae17c9-4001-4837-86b6-47c7b65d76bd" />
      <TestMethod codeBase="d:\v2.0\a1\_work\dbded102\vso\tfs\service\webaccess\testmanagement\testscripts\tests\tfstests.testmanagement.controls.ts" adapterTypeName="Microsoft.VisualStudio.TestTools.TestTypes.Unit.UnitTestAdapter" className="d:\v2.0\a1\_work\dbded102\vso\tfs\service\webaccess\testmanagement\testscripts\tests\tfstests.testmanagement.controls.ts::tfstests.testmanagement" name="TFSTests.TestManagement.Controls RenameParameterInString_15" />
    </UnitTest>
    <UnitTest name="TFSTests.TestManagement.Controls RenameParameterInString_16" storage="d:\v2.0\a1\_work\dbded102\vso\tfs\service\webaccess\testmanagement\testscripts\tests\tfstests.testmanagement.controls.ts" id="db340d66-32c4-44e7-992b-42798b50a73e">
      <Execution id="b5647cbb-fda3-46ce-ad2f-b7a775473e77" />
      <TestMethod codeBase="d:\v2.0\a1\_work\dbded102\vso\tfs\service\webaccess\testmanagement\testscripts\tests\tfstests.testmanagement.controls.ts" adapterTypeName="Microsoft.VisualStudio.TestTools.TestTypes.Unit.UnitTestAdapter" className="d:\v2.0\a1\_work\dbded102\vso\tfs\service\webaccess\testmanagement\testscripts\tests\tfstests.testmanagement.controls.ts::tfstests.testmanagement" name="TFSTests.TestManagement.Controls RenameParameterInString_16" />
    </UnitTest>
    <UnitTest name="TFSTests.TestManagement.Controls DeleteParameterInString_1" storage="d:\v2.0\a1\_work\dbded102\vso\tfs\service\webaccess\testmanagement\testscripts\tests\tfstests.testmanagement.controls.ts" id="387fadc8-d905-4cf1-84bc-d85f6ad1e8f7">
      <Execution id="1ec43978-129c-475a-97eb-d120a98d6b51" />
      <TestMethod codeBase="d:\v2.0\a1\_work\dbded102\vso\tfs\service\webaccess\testmanagement\testscripts\tests\tfstests.testmanagement.controls.ts" adapterTypeName="Microsoft.VisualStudio.TestTools.TestTypes.Unit.UnitTestAdapter" className="d:\v2.0\a1\_work\dbded102\vso\tfs\service\webaccess\testmanagement\testscripts\tests\tfstests.testmanagement.controls.ts::tfstests.testmanagement" name="TFSTests.TestManagement.Controls DeleteParameterInString_1" />
    </UnitTest>
    <UnitTest name="TFSTests.TestManagement.Controls DeleteParameterInString_2" storage="d:\v2.0\a1\_work\dbded102\vso\tfs\service\webaccess\testmanagement\testscripts\tests\tfstests.testmanagement.controls.ts" id="cf8b57c5-e088-4654-8e05-78328fa43f32">
      <Execution id="ea1a4731-3520-4af1-bd67-9cda47c06221" />
      <TestMethod codeBase="d:\v2.0\a1\_work\dbded102\vso\tfs\service\webaccess\testmanagement\testscripts\tests\tfstests.testmanagement.controls.ts" adapterTypeName="Microsoft.VisualStudio.TestTools.TestTypes.Unit.UnitTestAdapter" className="d:\v2.0\a1\_work\dbded102\vso\tfs\service\webaccess\testmanagement\testscripts\tests\tfstests.testmanagement.controls.ts::tfstests.testmanagement" name="TFSTests.TestManagement.Controls DeleteParameterInString_2" />
    </UnitTest>
    <UnitTest name="TFSTests.TestManagement.Controls DeleteParameterInString_3" storage="d:\v2.0\a1\_work\dbded102\vso\tfs\service\webaccess\testmanagement\testscripts\tests\tfstests.testmanagement.controls.ts" id="3dd8a4a4-c5a7-489e-8ca3-2f4a588a8678">
      <Execution id="790a2496-e354-4490-9830-8791bb9fa5fb" />
      <TestMethod codeBase="d:\v2.0\a1\_work\dbded102\vso\tfs\service\webaccess\testmanagement\testscripts\tests\tfstests.testmanagement.controls.ts" adapterTypeName="Microsoft.VisualStudio.TestTools.TestTypes.Unit.UnitTestAdapter" className="d:\v2.0\a1\_work\dbded102\vso\tfs\service\webaccess\testmanagement\testscripts\tests\tfstests.testmanagement.controls.ts::tfstests.testmanagement" name="TFSTests.TestManagement.Controls DeleteParameterInString_3" />
    </UnitTest>
    <UnitTest name="TFSTests.TestManagement.Controls DeleteParameterInString_4" storage="d:\v2.0\a1\_work\dbded102\vso\tfs\service\webaccess\testmanagement\testscripts\tests\tfstests.testmanagement.controls.ts" id="4a486669-daa8-4716-aa69-1db3783e9db6">
      <Execution id="82ebd8d7-744b-4c77-8fb7-11ba136730ca" />
      <TestMethod codeBase="d:\v2.0\a1\_work\dbded102\vso\tfs\service\webaccess\testmanagement\testscripts\tests\tfstests.testmanagement.controls.ts" adapterTypeName="Microsoft.VisualStudio.TestTools.TestTypes.Unit.UnitTestAdapter" className="d:\v2.0\a1\_work\dbded102\vso\tfs\service\webaccess\testmanagement\testscripts\tests\tfstests.testmanagement.controls.ts::tfstests.testmanagement" name="TFSTests.TestManagement.Controls DeleteParameterInString_4" />
    </UnitTest>
    <UnitTest name="TFSTests.TestManagement.Controls DeleteParameterInString_5" storage="d:\v2.0\a1\_work\dbded102\vso\tfs\service\webaccess\testmanagement\testscripts\tests\tfstests.testmanagement.controls.ts" id="76b78891-e994-46cc-bb69-63a6e7df890f">
      <Execution id="9e5db0bf-55aa-4769-8882-82767f37a411" />
      <TestMethod codeBase="d:\v2.0\a1\_work\dbded102\vso\tfs\service\webaccess\testmanagement\testscripts\tests\tfstests.testmanagement.controls.ts" adapterTypeName="Microsoft.VisualStudio.TestTools.TestTypes.Unit.UnitTestAdapter" className="d:\v2.0\a1\_work\dbded102\vso\tfs\service\webaccess\testmanagement\testscripts\tests\tfstests.testmanagement.controls.ts::tfstests.testmanagement" name="TFSTests.TestManagement.Controls DeleteParameterInString_5" />
    </UnitTest>
    <UnitTest name="TFSTests.TestManagement.Controls DeleteParameterInString_6" storage="d:\v2.0\a1\_work\dbded102\vso\tfs\service\webaccess\testmanagement\testscripts\tests\tfstests.testmanagement.controls.ts" id="9542b290-4829-44da-88f7-bae80a303416">
      <Execution id="1e0535a2-9dcb-4e1c-923f-5dd7bce1dc2e" />
      <TestMethod codeBase="d:\v2.0\a1\_work\dbded102\vso\tfs\service\webaccess\testmanagement\testscripts\tests\tfstests.testmanagement.controls.ts" adapterTypeName="Microsoft.VisualStudio.TestTools.TestTypes.Unit.UnitTestAdapter" className="d:\v2.0\a1\_work\dbded102\vso\tfs\service\webaccess\testmanagement\testscripts\tests\tfstests.testmanagement.controls.ts::tfstests.testmanagement" name="TFSTests.TestManagement.Controls DeleteParameterInString_6" />
    </UnitTest>
    <UnitTest name="TFSTests.TestManagement.Controls DeleteParameterInString_7" storage="d:\v2.0\a1\_work\dbded102\vso\tfs\service\webaccess\testmanagement\testscripts\tests\tfstests.testmanagement.controls.ts" id="34f58995-b6ac-4f3d-ab55-cb249bd94a20">
      <Execution id="b913773a-9efe-46ca-85c0-7bd11beca5f4" />
      <TestMethod codeBase="d:\v2.0\a1\_work\dbded102\vso\tfs\service\webaccess\testmanagement\testscripts\tests\tfstests.testmanagement.controls.ts" adapterTypeName="Microsoft.VisualStudio.TestTools.TestTypes.Unit.UnitTestAdapter" className="d:\v2.0\a1\_work\dbded102\vso\tfs\service\webaccess\testmanagement\testscripts\tests\tfstests.testmanagement.controls.ts::tfstests.testmanagement" name="TFSTests.TestManagement.Controls DeleteParameterInString_7" />
    </UnitTest>
    <UnitTest name="TFSTests.TestManagement.Controls DeleteParameterInString_8" storage="d:\v2.0\a1\_work\dbded102\vso\tfs\service\webaccess\testmanagement\testscripts\tests\tfstests.testmanagement.controls.ts" id="5c3dbfb5-234f-4410-9f4a-3a3c3b08501d">
      <Execution id="32d66b0b-39d7-4e9e-8c7c-c3cc3bd08d47" />
      <TestMethod codeBase="d:\v2.0\a1\_work\dbded102\vso\tfs\service\webaccess\testmanagement\testscripts\tests\tfstests.testmanagement.controls.ts" adapterTypeName="Microsoft.VisualStudio.TestTools.TestTypes.Unit.UnitTestAdapter" className="d:\v2.0\a1\_work\dbded102\vso\tfs\service\webaccess\testmanagement\testscripts\tests\tfstests.testmanagement.controls.ts::tfstests.testmanagement" name="TFSTests.TestManagement.Controls DeleteParameterInString_8" />
    </UnitTest>
    <UnitTest name="TFSTests.TestManagement.Controls DeleteParameterInString_10" storage="d:\v2.0\a1\_work\dbded102\vso\tfs\service\webaccess\testmanagement\testscripts\tests\tfstests.testmanagement.controls.ts" id="a58485f4-f476-462e-92e9-1c4c2ab62f25">
      <Execution id="0fcffe94-d750-42a4-b6c4-be9dc7a8965a" />
      <TestMethod codeBase="d:\v2.0\a1\_work\dbded102\vso\tfs\service\webaccess\testmanagement\testscripts\tests\tfstests.testmanagement.controls.ts" adapterTypeName="Microsoft.VisualStudio.TestTools.TestTypes.Unit.UnitTestAdapter" className="d:\v2.0\a1\_work\dbded102\vso\tfs\service\webaccess\testmanagement\testscripts\tests\tfstests.testmanagement.controls.ts::tfstests.testmanagement" name="TFSTests.TestManagement.Controls DeleteParameterInString_10" />
    </UnitTest>
    <UnitTest name="TFSTests.TestManagement.Controls DeleteParameterInString_11" storage="d:\v2.0\a1\_work\dbded102\vso\tfs\service\webaccess\testmanagement\testscripts\tests\tfstests.testmanagement.controls.ts" id="349c6722-1962-4813-9aec-8d3bbbefcaf0">
      <Execution id="11a4fac5-f7ef-4905-a3e8-9587bdc05815" />
      <TestMethod codeBase="d:\v2.0\a1\_work\dbded102\vso\tfs\service\webaccess\testmanagement\testscripts\tests\tfstests.testmanagement.controls.ts" adapterTypeName="Microsoft.VisualStudio.TestTools.TestTypes.Unit.UnitTestAdapter" className="d:\v2.0\a1\_work\dbded102\vso\tfs\service\webaccess\testmanagement\testscripts\tests\tfstests.testmanagement.controls.ts::tfstests.testmanagement" name="TFSTests.TestManagement.Controls DeleteParameterInString_11" />
    </UnitTest>
    <UnitTest name="TFSTests.TestManagement.Controls DeleteParameterInString_12" storage="d:\v2.0\a1\_work\dbded102\vso\tfs\service\webaccess\testmanagement\testscripts\tests\tfstests.testmanagement.controls.ts" id="62e81d24-5fbe-4c9d-a12c-af4729b62327">
      <Execution id="c6fcdd52-86a6-4224-8fe2-fa64e4a95e28" />
      <TestMethod codeBase="d:\v2.0\a1\_work\dbded102\vso\tfs\service\webaccess\testmanagement\testscripts\tests\tfstests.testmanagement.controls.ts" adapterTypeName="Microsoft.VisualStudio.TestTools.TestTypes.Unit.UnitTestAdapter" className="d:\v2.0\a1\_work\dbded102\vso\tfs\service\webaccess\testmanagement\testscripts\tests\tfstests.testmanagement.controls.ts::tfstests.testmanagement" name="TFSTests.TestManagement.Controls DeleteParameterInString_12" />
    </UnitTest>
    <UnitTest name="TFSTests.TestManagement.Controls DeleteParameterInString_13" storage="d:\v2.0\a1\_work\dbded102\vso\tfs\service\webaccess\testmanagement\testscripts\tests\tfstests.testmanagement.controls.ts" id="e93fe79e-b16d-432f-b54d-cc66ec2b07fa">
      <Execution id="b5590252-dd48-41df-9166-e7e7145e01fc" />
      <TestMethod codeBase="d:\v2.0\a1\_work\dbded102\vso\tfs\service\webaccess\testmanagement\testscripts\tests\tfstests.testmanagement.controls.ts" adapterTypeName="Microsoft.VisualStudio.TestTools.TestTypes.Unit.UnitTestAdapter" className="d:\v2.0\a1\_work\dbded102\vso\tfs\service\webaccess\testmanagement\testscripts\tests\tfstests.testmanagement.controls.ts::tfstests.testmanagement" name="TFSTests.TestManagement.Controls DeleteParameterInString_13" />
    </UnitTest>
    <UnitTest name="TFSTests.TestManagement.Controls DeleteParameterInString_14" storage="d:\v2.0\a1\_work\dbded102\vso\tfs\service\webaccess\testmanagement\testscripts\tests\tfstests.testmanagement.controls.ts" id="878e9e10-5355-4492-90e8-daf86816de9a">
      <Execution id="932e12c6-eaba-4633-82af-ab103acb7ce1" />
      <TestMethod codeBase="d:\v2.0\a1\_work\dbded102\vso\tfs\service\webaccess\testmanagement\testscripts\tests\tfstests.testmanagement.controls.ts" adapterTypeName="Microsoft.VisualStudio.TestTools.TestTypes.Unit.UnitTestAdapter" className="d:\v2.0\a1\_work\dbded102\vso\tfs\service\webaccess\testmanagement\testscripts\tests\tfstests.testmanagement.controls.ts::tfstests.testmanagement" name="TFSTests.TestManagement.Controls DeleteParameterInString_14" />
    </UnitTest>
    <UnitTest name="TFSTests.TestManagement.Controls DeleteParameterInString_15" storage="d:\v2.0\a1\_work\dbded102\vso\tfs\service\webaccess\testmanagement\testscripts\tests\tfstests.testmanagement.controls.ts" id="38d15af0-45ce-46d7-a9a6-61be87f34dad">
      <Execution id="8879b2ed-fdcc-4a5a-8939-21896fdda30f" />
      <TestMethod codeBase="d:\v2.0\a1\_work\dbded102\vso\tfs\service\webaccess\testmanagement\testscripts\tests\tfstests.testmanagement.controls.ts" adapterTypeName="Microsoft.VisualStudio.TestTools.TestTypes.Unit.UnitTestAdapter" className="d:\v2.0\a1\_work\dbded102\vso\tfs\service\webaccess\testmanagement\testscripts\tests\tfstests.testmanagement.controls.ts::tfstests.testmanagement" name="TFSTests.TestManagement.Controls DeleteParameterInString_15" />
    </UnitTest>
    <UnitTest name="TFSTests.TestManagement.Controls VerifyCentralParametersReadingFromXmlBasics" storage="d:\v2.0\a1\_work\dbded102\vso\tfs\service\webaccess\testmanagement\testscripts\tests\tfstests.testmanagement.controls.ts" id="46e29a55-e6d0-4bfb-adbb-f54b7b29f0aa">
      <Execution id="94c44fb5-e18f-43b6-9b92-e93708b51589" />
      <TestMethod codeBase="d:\v2.0\a1\_work\dbded102\vso\tfs\service\webaccess\testmanagement\testscripts\tests\tfstests.testmanagement.controls.ts" adapterTypeName="Microsoft.VisualStudio.TestTools.TestTypes.Unit.UnitTestAdapter" className="d:\v2.0\a1\_work\dbded102\vso\tfs\service\webaccess\testmanagement\testscripts\tests\tfstests.testmanagement.controls.ts::tfstests.testmanagement" name="TFSTests.TestManagement.Controls VerifyCentralParametersReadingFromXmlBasics" />
    </UnitTest>
    <UnitTest name="TFSTests.TestManagement.Controls VerifyCentralParameterToXmlBasics" storage="d:\v2.0\a1\_work\dbded102\vso\tfs\service\webaccess\testmanagement\testscripts\tests\tfstests.testmanagement.controls.ts" id="c16be0ad-9f3b-45ff-b4f3-c63c2f42de15">
      <Execution id="c48a74ed-6c61-4d79-90e5-3fca91ea9e8b" />
      <TestMethod codeBase="d:\v2.0\a1\_work\dbded102\vso\tfs\service\webaccess\testmanagement\testscripts\tests\tfstests.testmanagement.controls.ts" adapterTypeName="Microsoft.VisualStudio.TestTools.TestTypes.Unit.UnitTestAdapter" className="d:\v2.0\a1\_work\dbded102\vso\tfs\service\webaccess\testmanagement\testscripts\tests\tfstests.testmanagement.controls.ts::tfstests.testmanagement" name="TFSTests.TestManagement.Controls VerifyCentralParameterToXmlBasics" />
    </UnitTest>
    <UnitTest name="TFSTests.TestManagement.Controls VerifyTestCaseParameterDataFromJson" storage="d:\v2.0\a1\_work\dbded102\vso\tfs\service\webaccess\testmanagement\testscripts\tests\tfstests.testmanagement.controls.ts" id="a583fc23-65f1-412a-a342-b9580d418f21">
      <Execution id="8c3f8c0f-4a5a-42e5-b32a-61150cb8d505" />
      <TestMethod codeBase="d:\v2.0\a1\_work\dbded102\vso\tfs\service\webaccess\testmanagement\testscripts\tests\tfstests.testmanagement.controls.ts" adapterTypeName="Microsoft.VisualStudio.TestTools.TestTypes.Unit.UnitTestAdapter" className="d:\v2.0\a1\_work\dbded102\vso\tfs\service\webaccess\testmanagement\testscripts\tests\tfstests.testmanagement.controls.ts::tfstests.testmanagement" name="TFSTests.TestManagement.Controls VerifyTestCaseParameterDataFromJson" />
    </UnitTest>
    <UnitTest name="TFSTests.TestManagement.Controls VerifyTestCaseParameterDataToJson" storage="d:\v2.0\a1\_work\dbded102\vso\tfs\service\webaccess\testmanagement\testscripts\tests\tfstests.testmanagement.controls.ts" id="34dd4922-49e3-4ec3-81ff-6a4d8b823016">
      <Execution id="548e78fe-9d54-4903-bf7e-81a603d5a145" />
      <TestMethod codeBase="d:\v2.0\a1\_work\dbded102\vso\tfs\service\webaccess\testmanagement\testscripts\tests\tfstests.testmanagement.controls.ts" adapterTypeName="Microsoft.VisualStudio.TestTools.TestTypes.Unit.UnitTestAdapter" className="d:\v2.0\a1\_work\dbded102\vso\tfs\service\webaccess\testmanagement\testscripts\tests\tfstests.testmanagement.controls.ts::tfstests.testmanagement" name="TFSTests.TestManagement.Controls VerifyTestCaseParameterDataToJson" />
    </UnitTest>
    <UnitTest name="TFSTests.TestManagement.Controls VerifyCopyToClipboard" storage="d:\v2.0\a1\_work\dbded102\vso\tfs\service\webaccess\testmanagement\testscripts\tests\tfstests.testmanagement.controls.ts" id="2a66cb12-636c-49e8-b582-4495cd4cbf15">
      <Execution id="657addfd-366e-42a9-a4e9-270489ac268a" />
      <TestMethod codeBase="d:\v2.0\a1\_work\dbded102\vso\tfs\service\webaccess\testmanagement\testscripts\tests\tfstests.testmanagement.controls.ts" adapterTypeName="Microsoft.VisualStudio.TestTools.TestTypes.Unit.UnitTestAdapter" className="d:\v2.0\a1\_work\dbded102\vso\tfs\service\webaccess\testmanagement\testscripts\tests\tfstests.testmanagement.controls.ts::tfstests.testmanagement" name="TFSTests.TestManagement.Controls VerifyCopyToClipboard" />
    </UnitTest>
    <UnitTest name="TFSTests.TestManagement.TestRun VerifyListViewItems" storage="d:\v2.0\a1\_work\dbded102\vso\tfs\service\webaccess\testmanagement\testscripts\tests\tfstests.testmanagement.testrun.ts" id="d489e4bc-3f06-4b2f-8265-933b12031b41">
      <Execution id="d1023a9e-c074-4580-8f5d-2d4cf8878b39" />
      <TestMethod codeBase="d:\v2.0\a1\_work\dbded102\vso\tfs\service\webaccess\testmanagement\testscripts\tests\tfstests.testmanagement.testrun.ts" adapterTypeName="Microsoft.VisualStudio.TestTools.TestTypes.Unit.UnitTestAdapter" className="d:\v2.0\a1\_work\dbded102\vso\tfs\service\webaccess\testmanagement\testscripts\tests\tfstests.testmanagement.testrun.ts::tfstests.testmanagement" name="TFSTests.TestManagement.TestRun VerifyListViewItems" />
    </UnitTest>
    <UnitTest name="TFSTests.TestManagement.TestRun VerifyListViewItemFunction" storage="d:\v2.0\a1\_work\dbded102\vso\tfs\service\webaccess\testmanagement\testscripts\tests\tfstests.testmanagement.testrun.ts" id="e47a968a-ad0e-44f3-a626-e9c877007d9f">
      <Execution id="faa9cb60-4c81-4200-8541-10e4373113a0" />
      <TestMethod codeBase="d:\v2.0\a1\_work\dbded102\vso\tfs\service\webaccess\testmanagement\testscripts\tests\tfstests.testmanagement.testrun.ts" adapterTypeName="Microsoft.VisualStudio.TestTools.TestTypes.Unit.UnitTestAdapter" className="d:\v2.0\a1\_work\dbded102\vso\tfs\service\webaccess\testmanagement\testscripts\tests\tfstests.testmanagement.testrun.ts::tfstests.testmanagement" name="TFSTests.TestManagement.TestRun VerifyListViewItemFunction" />
    </UnitTest>
    <UnitTest name="TFSTests.TestManagement.TestRun VerifyListViewItemStyles" storage="d:\v2.0\a1\_work\dbded102\vso\tfs\service\webaccess\testmanagement\testscripts\tests\tfstests.testmanagement.testrun.ts" id="7768298f-4e08-43cb-8b01-e27d6372d9fe">
      <Execution id="5af9dbe2-a587-44ab-a679-c3534e467889" />
      <TestMethod codeBase="d:\v2.0\a1\_work\dbded102\vso\tfs\service\webaccess\testmanagement\testscripts\tests\tfstests.testmanagement.testrun.ts" adapterTypeName="Microsoft.VisualStudio.TestTools.TestTypes.Unit.UnitTestAdapter" className="d:\v2.0\a1\_work\dbded102\vso\tfs\service\webaccess\testmanagement\testscripts\tests\tfstests.testmanagement.testrun.ts::tfstests.testmanagement" name="TFSTests.TestManagement.TestRun VerifyListViewItemStyles" />
    </UnitTest>
    <UnitTest name="TFSTests.TestManagement.TestRun VerifyListViewSelectionChange" storage="d:\v2.0\a1\_work\dbded102\vso\tfs\service\webaccess\testmanagement\testscripts\tests\tfstests.testmanagement.testrun.ts" id="2daf1287-33f6-417d-8f70-6bde22a25709">
      <Execution id="fc66c3ac-a923-4a26-b9fe-8e2e918f411e" />
      <TestMethod codeBase="d:\v2.0\a1\_work\dbded102\vso\tfs\service\webaccess\testmanagement\testscripts\tests\tfstests.testmanagement.testrun.ts" adapterTypeName="Microsoft.VisualStudio.TestTools.TestTypes.Unit.UnitTestAdapter" className="d:\v2.0\a1\_work\dbded102\vso\tfs\service\webaccess\testmanagement\testscripts\tests\tfstests.testmanagement.testrun.ts::tfstests.testmanagement" name="TFSTests.TestManagement.TestRun VerifyListViewSelectionChange" />
    </UnitTest>
    <UnitTest name="TFSTests.TestManagement.TestRun VerifyTestStepListItemContent" storage="d:\v2.0\a1\_work\dbded102\vso\tfs\service\webaccess\testmanagement\testscripts\tests\tfstests.testmanagement.testrun.ts" id="a917d972-7ef7-44a4-954f-25e2c227bd4a">
      <Execution id="9a7d2cc0-d6b9-47b4-8bb5-796ff0a8ec74" />
      <TestMethod codeBase="d:\v2.0\a1\_work\dbded102\vso\tfs\service\webaccess\testmanagement\testscripts\tests\tfstests.testmanagement.testrun.ts" adapterTypeName="Microsoft.VisualStudio.TestTools.TestTypes.Unit.UnitTestAdapter" className="d:\v2.0\a1\_work\dbded102\vso\tfs\service\webaccess\testmanagement\testscripts\tests\tfstests.testmanagement.testrun.ts::tfstests.testmanagement" name="TFSTests.TestManagement.TestRun VerifyTestStepListItemContent" />
    </UnitTest>
    <UnitTest name="TFSTests.TestManagement.TestRun VerifyTestStepMultiSelection" storage="d:\v2.0\a1\_work\dbded102\vso\tfs\service\webaccess\testmanagement\testscripts\tests\tfstests.testmanagement.testrun.ts" id="8d51539e-689d-44c4-b40d-6467f04971e9">
      <Execution id="57811915-be70-4571-a9a8-625a315cd296" />
      <TestMethod codeBase="d:\v2.0\a1\_work\dbded102\vso\tfs\service\webaccess\testmanagement\testscripts\tests\tfstests.testmanagement.testrun.ts" adapterTypeName="Microsoft.VisualStudio.TestTools.TestTypes.Unit.UnitTestAdapter" className="d:\v2.0\a1\_work\dbded102\vso\tfs\service\webaccess\testmanagement\testscripts\tests\tfstests.testmanagement.testrun.ts::tfstests.testmanagement" name="TFSTests.TestManagement.TestRun VerifyTestStepMultiSelection" />
    </UnitTest>
    <UnitTest name="TFSTests.TestManagement.TestRun VerifyPassFailButtonForSteps" storage="d:\v2.0\a1\_work\dbded102\vso\tfs\service\webaccess\testmanagement\testscripts\tests\tfstests.testmanagement.testrun.ts" id="ed78b1ed-c191-46c8-88a1-5478bd8fa844">
      <Execution id="3c1b1229-3a53-45ea-8827-63d214a1d534" />
      <TestMethod codeBase="d:\v2.0\a1\_work\dbded102\vso\tfs\service\webaccess\testmanagement\testscripts\tests\tfstests.testmanagement.testrun.ts" adapterTypeName="Microsoft.VisualStudio.TestTools.TestTypes.Unit.UnitTestAdapter" className="d:\v2.0\a1\_work\dbded102\vso\tfs\service\webaccess\testmanagement\testscripts\tests\tfstests.testmanagement.testrun.ts::tfstests.testmanagement" name="TFSTests.TestManagement.TestRun VerifyPassFailButtonForSteps" />
    </UnitTest>
    <UnitTest name="TFSTests.TestManagement.TestRun VerifyGetParametersList-1" storage="d:\v2.0\a1\_work\dbded102\vso\tfs\service\webaccess\testmanagement\testscripts\tests\tfstests.testmanagement.testrun.ts" id="2339d8e6-1488-4280-a0cf-114dccc672b6">
      <Execution id="651503f5-a2fd-4e2b-8c68-9d36ea9c77d0" />
      <TestMethod codeBase="d:\v2.0\a1\_work\dbded102\vso\tfs\service\webaccess\testmanagement\testscripts\tests\tfstests.testmanagement.testrun.ts" adapterTypeName="Microsoft.VisualStudio.TestTools.TestTypes.Unit.UnitTestAdapter" className="d:\v2.0\a1\_work\dbded102\vso\tfs\service\webaccess\testmanagement\testscripts\tests\tfstests.testmanagement.testrun.ts::tfstests.testmanagement" name="TFSTests.TestManagement.TestRun VerifyGetParametersList-1" />
    </UnitTest>
    <UnitTest name="TFSTests.TestManagement.TestRun VerifyGetParametersList-2" storage="d:\v2.0\a1\_work\dbded102\vso\tfs\service\webaccess\testmanagement\testscripts\tests\tfstests.testmanagement.testrun.ts" id="8cc7abda-ba64-41f2-a237-7bdd7b9e3077">
      <Execution id="05489d08-d2a2-480e-92ca-69e54d3a94f9" />
      <TestMethod codeBase="d:\v2.0\a1\_work\dbded102\vso\tfs\service\webaccess\testmanagement\testscripts\tests\tfstests.testmanagement.testrun.ts" adapterTypeName="Microsoft.VisualStudio.TestTools.TestTypes.Unit.UnitTestAdapter" className="d:\v2.0\a1\_work\dbded102\vso\tfs\service\webaccess\testmanagement\testscripts\tests\tfstests.testmanagement.testrun.ts::tfstests.testmanagement" name="TFSTests.TestManagement.TestRun VerifyGetParametersList-2" />
    </UnitTest>
    <UnitTest name="TFSTests.TestManagement.TestRun VerifyGetParametersList-3" storage="d:\v2.0\a1\_work\dbded102\vso\tfs\service\webaccess\testmanagement\testscripts\tests\tfstests.testmanagement.testrun.ts" id="5edd18b1-6234-40af-b65b-8127479c6da7">
      <Execution id="f8a5f029-ab65-425b-b52f-c7c695330d48" />
      <TestMethod codeBase="d:\v2.0\a1\_work\dbded102\vso\tfs\service\webaccess\testmanagement\testscripts\tests\tfstests.testmanagement.testrun.ts" adapterTypeName="Microsoft.VisualStudio.TestTools.TestTypes.Unit.UnitTestAdapter" className="d:\v2.0\a1\_work\dbded102\vso\tfs\service\webaccess\testmanagement\testscripts\tests\tfstests.testmanagement.testrun.ts::tfstests.testmanagement" name="TFSTests.TestManagement.TestRun VerifyGetParametersList-3" />
    </UnitTest>
    <UnitTest name="TFSTests.TestManagement.TestRun VerifyGetParametersList-4" storage="d:\v2.0\a1\_work\dbded102\vso\tfs\service\webaccess\testmanagement\testscripts\tests\tfstests.testmanagement.testrun.ts" id="f7863d13-d696-451b-8c36-706b1881c135">
      <Execution id="fa79528c-bb22-4263-bb2f-d452195f1647" />
      <TestMethod codeBase="d:\v2.0\a1\_work\dbded102\vso\tfs\service\webaccess\testmanagement\testscripts\tests\tfstests.testmanagement.testrun.ts" adapterTypeName="Microsoft.VisualStudio.TestTools.TestTypes.Unit.UnitTestAdapter" className="d:\v2.0\a1\_work\dbded102\vso\tfs\service\webaccess\testmanagement\testscripts\tests\tfstests.testmanagement.testrun.ts::tfstests.testmanagement" name="TFSTests.TestManagement.TestRun VerifyGetParametersList-4" />
    </UnitTest>
    <UnitTest name="TFSTests.TestManagement.TestRun VerifyGetParametersList-5" storage="d:\v2.0\a1\_work\dbded102\vso\tfs\service\webaccess\testmanagement\testscripts\tests\tfstests.testmanagement.testrun.ts" id="b7c95dc4-7701-458e-a3df-70f3ca59f22d">
      <Execution id="6c34f1b4-b551-4fec-9099-75acc3073c3f" />
      <TestMethod codeBase="d:\v2.0\a1\_work\dbded102\vso\tfs\service\webaccess\testmanagement\testscripts\tests\tfstests.testmanagement.testrun.ts" adapterTypeName="Microsoft.VisualStudio.TestTools.TestTypes.Unit.UnitTestAdapter" className="d:\v2.0\a1\_work\dbded102\vso\tfs\service\webaccess\testmanagement\testscripts\tests\tfstests.testmanagement.testrun.ts::tfstests.testmanagement" name="TFSTests.TestManagement.TestRun VerifyGetParametersList-5" />
    </UnitTest>
    <UnitTest name="TFSTests.TestManagement.TestRun VerifyGetParametersList-6" storage="d:\v2.0\a1\_work\dbded102\vso\tfs\service\webaccess\testmanagement\testscripts\tests\tfstests.testmanagement.testrun.ts" id="1eb4355b-7afd-4a36-93c0-9179c393ab46">
      <Execution id="9035555c-8f6f-442a-ac81-8b1e2015d0f0" />
      <TestMethod codeBase="d:\v2.0\a1\_work\dbded102\vso\tfs\service\webaccess\testmanagement\testscripts\tests\tfstests.testmanagement.testrun.ts" adapterTypeName="Microsoft.VisualStudio.TestTools.TestTypes.Unit.UnitTestAdapter" className="d:\v2.0\a1\_work\dbded102\vso\tfs\service\webaccess\testmanagement\testscripts\tests\tfstests.testmanagement.testrun.ts::tfstests.testmanagement" name="TFSTests.TestManagement.TestRun VerifyGetParametersList-6" />
    </UnitTest>
    <UnitTest name="TFSTests.TestManagement.TestRun VerifyGetParametersList-7" storage="d:\v2.0\a1\_work\dbded102\vso\tfs\service\webaccess\testmanagement\testscripts\tests\tfstests.testmanagement.testrun.ts" id="00eb6b1e-936f-4ea0-9e92-508154164058">
      <Execution id="092d63e6-6102-4abd-b555-df78df09ba47" />
      <TestMethod codeBase="d:\v2.0\a1\_work\dbded102\vso\tfs\service\webaccess\testmanagement\testscripts\tests\tfstests.testmanagement.testrun.ts" adapterTypeName="Microsoft.VisualStudio.TestTools.TestTypes.Unit.UnitTestAdapter" className="d:\v2.0\a1\_work\dbded102\vso\tfs\service\webaccess\testmanagement\testscripts\tests\tfstests.testmanagement.testrun.ts::tfstests.testmanagement" name="TFSTests.TestManagement.TestRun VerifyGetParametersList-7" />
    </UnitTest>
    <UnitTest name="TFSTests.TestManagement.TestRun EncodeParamName-1" storage="d:\v2.0\a1\_work\dbded102\vso\tfs\service\webaccess\testmanagement\testscripts\tests\tfstests.testmanagement.testrun.ts" id="272780bd-3c7a-40a2-90e7-d8f7d6047fd3">
      <Execution id="fd6673fd-f97c-4453-9f01-9a829120362d" />
      <TestMethod codeBase="d:\v2.0\a1\_work\dbded102\vso\tfs\service\webaccess\testmanagement\testscripts\tests\tfstests.testmanagement.testrun.ts" adapterTypeName="Microsoft.VisualStudio.TestTools.TestTypes.Unit.UnitTestAdapter" className="d:\v2.0\a1\_work\dbded102\vso\tfs\service\webaccess\testmanagement\testscripts\tests\tfstests.testmanagement.testrun.ts::tfstests.testmanagement" name="TFSTests.TestManagement.TestRun EncodeParamName-1" />
    </UnitTest>
    <UnitTest name="TFSTests.TestManagement.TestRun EncodeParamName-2" storage="d:\v2.0\a1\_work\dbded102\vso\tfs\service\webaccess\testmanagement\testscripts\tests\tfstests.testmanagement.testrun.ts" id="ca9b80a4-92ec-473d-a395-48225d4dc055">
      <Execution id="0f77b0fc-4ab9-411a-9ca4-3a97afbb2de4" />
      <TestMethod codeBase="d:\v2.0\a1\_work\dbded102\vso\tfs\service\webaccess\testmanagement\testscripts\tests\tfstests.testmanagement.testrun.ts" adapterTypeName="Microsoft.VisualStudio.TestTools.TestTypes.Unit.UnitTestAdapter" className="d:\v2.0\a1\_work\dbded102\vso\tfs\service\webaccess\testmanagement\testscripts\tests\tfstests.testmanagement.testrun.ts::tfstests.testmanagement" name="TFSTests.TestManagement.TestRun EncodeParamName-2" />
    </UnitTest>
    <UnitTest name="TFSTests.TestManagement.TestRun EncodeParamName-3" storage="d:\v2.0\a1\_work\dbded102\vso\tfs\service\webaccess\testmanagement\testscripts\tests\tfstests.testmanagement.testrun.ts" id="e5bc2c9e-d170-492b-a8f5-c31008de3c2a">
      <Execution id="51ed2dad-6585-4dbe-8f4f-513a137850f7" />
      <TestMethod codeBase="d:\v2.0\a1\_work\dbded102\vso\tfs\service\webaccess\testmanagement\testscripts\tests\tfstests.testmanagement.testrun.ts" adapterTypeName="Microsoft.VisualStudio.TestTools.TestTypes.Unit.UnitTestAdapter" className="d:\v2.0\a1\_work\dbded102\vso\tfs\service\webaccess\testmanagement\testscripts\tests\tfstests.testmanagement.testrun.ts::tfstests.testmanagement" name="TFSTests.TestManagement.TestRun EncodeParamName-3" />
    </UnitTest>
    <UnitTest name="TFSTests.TestManagement.TestRun EncodeParamName-4" storage="d:\v2.0\a1\_work\dbded102\vso\tfs\service\webaccess\testmanagement\testscripts\tests\tfstests.testmanagement.testrun.ts" id="989d3750-f4b4-4034-99b1-8b53a5772462">
      <Execution id="c7abdd81-72cd-40f4-a809-7d69fae9d941" />
      <TestMethod codeBase="d:\v2.0\a1\_work\dbded102\vso\tfs\service\webaccess\testmanagement\testscripts\tests\tfstests.testmanagement.testrun.ts" adapterTypeName="Microsoft.VisualStudio.TestTools.TestTypes.Unit.UnitTestAdapter" className="d:\v2.0\a1\_work\dbded102\vso\tfs\service\webaccess\testmanagement\testscripts\tests\tfstests.testmanagement.testrun.ts::tfstests.testmanagement" name="TFSTests.TestManagement.TestRun EncodeParamName-4" />
    </UnitTest>
    <UnitTest name="TFSTests.TestManagement.TestRun EncodeParamName-5" storage="d:\v2.0\a1\_work\dbded102\vso\tfs\service\webaccess\testmanagement\testscripts\tests\tfstests.testmanagement.testrun.ts" id="a818f5bf-04f3-495a-95c0-ebd95d118d2d">
      <Execution id="2cdc8b22-ebc1-4e5a-bd7f-826bc216917b" />
      <TestMethod codeBase="d:\v2.0\a1\_work\dbded102\vso\tfs\service\webaccess\testmanagement\testscripts\tests\tfstests.testmanagement.testrun.ts" adapterTypeName="Microsoft.VisualStudio.TestTools.TestTypes.Unit.UnitTestAdapter" className="d:\v2.0\a1\_work\dbded102\vso\tfs\service\webaccess\testmanagement\testscripts\tests\tfstests.testmanagement.testrun.ts::tfstests.testmanagement" name="TFSTests.TestManagement.TestRun EncodeParamName-5" />
    </UnitTest>
    <UnitTest name="TFSTests.TestManagement.TestRun EncodeParamName-6" storage="d:\v2.0\a1\_work\dbded102\vso\tfs\service\webaccess\testmanagement\testscripts\tests\tfstests.testmanagement.testrun.ts" id="e47bf2e1-c586-41be-b1cc-d3829083cd32">
      <Execution id="08c6a182-e519-4bdf-8c8f-619c8d464701" />
      <TestMethod codeBase="d:\v2.0\a1\_work\dbded102\vso\tfs\service\webaccess\testmanagement\testscripts\tests\tfstests.testmanagement.testrun.ts" adapterTypeName="Microsoft.VisualStudio.TestTools.TestTypes.Unit.UnitTestAdapter" className="d:\v2.0\a1\_work\dbded102\vso\tfs\service\webaccess\testmanagement\testscripts\tests\tfstests.testmanagement.testrun.ts::tfstests.testmanagement" name="TFSTests.TestManagement.TestRun EncodeParamName-6" />
    </UnitTest>
    <UnitTest name="TFSTests.TestManagement.TestRun EncodeParamName-7" storage="d:\v2.0\a1\_work\dbded102\vso\tfs\service\webaccess\testmanagement\testscripts\tests\tfstests.testmanagement.testrun.ts" id="13f9a88e-7553-4031-8aae-a851b0d00ef7">
      <Execution id="73c436a4-0966-4605-ac35-85ec2c7034ca" />
      <TestMethod codeBase="d:\v2.0\a1\_work\dbded102\vso\tfs\service\webaccess\testmanagement\testscripts\tests\tfstests.testmanagement.testrun.ts" adapterTypeName="Microsoft.VisualStudio.TestTools.TestTypes.Unit.UnitTestAdapter" className="d:\v2.0\a1\_work\dbded102\vso\tfs\service\webaccess\testmanagement\testscripts\tests\tfstests.testmanagement.testrun.ts::tfstests.testmanagement" name="TFSTests.TestManagement.TestRun EncodeParamName-7" />
    </UnitTest>
    <UnitTest name="TFSTests.TestManagement.TestRun EncodeParamName-8" storage="d:\v2.0\a1\_work\dbded102\vso\tfs\service\webaccess\testmanagement\testscripts\tests\tfstests.testmanagement.testrun.ts" id="95bcc4d2-6e78-4b44-8e5e-9cf603aad7a4">
      <Execution id="7160f1b3-7936-4261-86d5-fa16c871cf6a" />
      <TestMethod codeBase="d:\v2.0\a1\_work\dbded102\vso\tfs\service\webaccess\testmanagement\testscripts\tests\tfstests.testmanagement.testrun.ts" adapterTypeName="Microsoft.VisualStudio.TestTools.TestTypes.Unit.UnitTestAdapter" className="d:\v2.0\a1\_work\dbded102\vso\tfs\service\webaccess\testmanagement\testscripts\tests\tfstests.testmanagement.testrun.ts::tfstests.testmanagement" name="TFSTests.TestManagement.TestRun EncodeParamName-8" />
    </UnitTest>
    <UnitTest name="TFSTests.TestManagement.TestRun EncodeParamName-9" storage="d:\v2.0\a1\_work\dbded102\vso\tfs\service\webaccess\testmanagement\testscripts\tests\tfstests.testmanagement.testrun.ts" id="c6c3d96f-b742-4cab-8bbd-b6750fe2972d">
      <Execution id="5348ff89-57bd-400c-877a-dd1091f7d75b" />
      <TestMethod codeBase="d:\v2.0\a1\_work\dbded102\vso\tfs\service\webaccess\testmanagement\testscripts\tests\tfstests.testmanagement.testrun.ts" adapterTypeName="Microsoft.VisualStudio.TestTools.TestTypes.Unit.UnitTestAdapter" className="d:\v2.0\a1\_work\dbded102\vso\tfs\service\webaccess\testmanagement\testscripts\tests\tfstests.testmanagement.testrun.ts::tfstests.testmanagement" name="TFSTests.TestManagement.TestRun EncodeParamName-9" />
    </UnitTest>
    <UnitTest name="TFSTests.TestManagement.TestRun EncodeParamName-10" storage="d:\v2.0\a1\_work\dbded102\vso\tfs\service\webaccess\testmanagement\testscripts\tests\tfstests.testmanagement.testrun.ts" id="45c767dd-d94c-4c01-bb4a-601440f73400">
      <Execution id="c98f3fee-4ba8-4757-a1bb-0afa9371b2bf" />
      <TestMethod codeBase="d:\v2.0\a1\_work\dbded102\vso\tfs\service\webaccess\testmanagement\testscripts\tests\tfstests.testmanagement.testrun.ts" adapterTypeName="Microsoft.VisualStudio.TestTools.TestTypes.Unit.UnitTestAdapter" className="d:\v2.0\a1\_work\dbded102\vso\tfs\service\webaccess\testmanagement\testscripts\tests\tfstests.testmanagement.testrun.ts::tfstests.testmanagement" name="TFSTests.TestManagement.TestRun EncodeParamName-10" />
    </UnitTest>
    <UnitTest name="TFSTests.TestManagement.TestRun EncodeParamName-11" storage="d:\v2.0\a1\_work\dbded102\vso\tfs\service\webaccess\testmanagement\testscripts\tests\tfstests.testmanagement.testrun.ts" id="eb9e459b-f810-4bff-b051-853c672d65eb">
      <Execution id="772ce1ad-5034-4ae5-b7cf-37f2d69b43f0" />
      <TestMethod codeBase="d:\v2.0\a1\_work\dbded102\vso\tfs\service\webaccess\testmanagement\testscripts\tests\tfstests.testmanagement.testrun.ts" adapterTypeName="Microsoft.VisualStudio.TestTools.TestTypes.Unit.UnitTestAdapter" className="d:\v2.0\a1\_work\dbded102\vso\tfs\service\webaccess\testmanagement\testscripts\tests\tfstests.testmanagement.testrun.ts::tfstests.testmanagement" name="TFSTests.TestManagement.TestRun EncodeParamName-11" />
    </UnitTest>
    <UnitTest name="TFSTests.TestManagement.TestRun EncodeParamName-12" storage="d:\v2.0\a1\_work\dbded102\vso\tfs\service\webaccess\testmanagement\testscripts\tests\tfstests.testmanagement.testrun.ts" id="fdb78037-9c37-471b-b861-cbf82e739b91">
      <Execution id="bcd75bf9-93cd-4da1-986d-e18f8b9c2dd7" />
      <TestMethod codeBase="d:\v2.0\a1\_work\dbded102\vso\tfs\service\webaccess\testmanagement\testscripts\tests\tfstests.testmanagement.testrun.ts" adapterTypeName="Microsoft.VisualStudio.TestTools.TestTypes.Unit.UnitTestAdapter" className="d:\v2.0\a1\_work\dbded102\vso\tfs\service\webaccess\testmanagement\testscripts\tests\tfstests.testmanagement.testrun.ts::tfstests.testmanagement" name="TFSTests.TestManagement.TestRun EncodeParamName-12" />
    </UnitTest>
    <UnitTest name="TFSTests.TestManagement.TestRun DecodeParamName-1" storage="d:\v2.0\a1\_work\dbded102\vso\tfs\service\webaccess\testmanagement\testscripts\tests\tfstests.testmanagement.testrun.ts" id="f6abd5a1-6f76-4488-a8e8-39430df2aa76">
      <Execution id="ea4ac396-32c7-4812-a19f-da8b230e619b" />
      <TestMethod codeBase="d:\v2.0\a1\_work\dbded102\vso\tfs\service\webaccess\testmanagement\testscripts\tests\tfstests.testmanagement.testrun.ts" adapterTypeName="Microsoft.VisualStudio.TestTools.TestTypes.Unit.UnitTestAdapter" className="d:\v2.0\a1\_work\dbded102\vso\tfs\service\webaccess\testmanagement\testscripts\tests\tfstests.testmanagement.testrun.ts::tfstests.testmanagement" name="TFSTests.TestManagement.TestRun DecodeParamName-1" />
    </UnitTest>
    <UnitTest name="TFSTests.TestManagement.TestRun DecodeParamName-2" storage="d:\v2.0\a1\_work\dbded102\vso\tfs\service\webaccess\testmanagement\testscripts\tests\tfstests.testmanagement.testrun.ts" id="1d857c3d-5042-41b6-a6dd-7588c807be37">
      <Execution id="9de7ee37-607c-4892-9c03-2b790719178e" />
      <TestMethod codeBase="d:\v2.0\a1\_work\dbded102\vso\tfs\service\webaccess\testmanagement\testscripts\tests\tfstests.testmanagement.testrun.ts" adapterTypeName="Microsoft.VisualStudio.TestTools.TestTypes.Unit.UnitTestAdapter" className="d:\v2.0\a1\_work\dbded102\vso\tfs\service\webaccess\testmanagement\testscripts\tests\tfstests.testmanagement.testrun.ts::tfstests.testmanagement" name="TFSTests.TestManagement.TestRun DecodeParamName-2" />
    </UnitTest>
    <UnitTest name="TFSTests.TestManagement.TestRun DecodeParamName-3" storage="d:\v2.0\a1\_work\dbded102\vso\tfs\service\webaccess\testmanagement\testscripts\tests\tfstests.testmanagement.testrun.ts" id="6cb5400e-acca-465a-8261-8bb796974a9c">
      <Execution id="b7fe31e2-874c-4161-a645-bcd024c18417" />
      <TestMethod codeBase="d:\v2.0\a1\_work\dbded102\vso\tfs\service\webaccess\testmanagement\testscripts\tests\tfstests.testmanagement.testrun.ts" adapterTypeName="Microsoft.VisualStudio.TestTools.TestTypes.Unit.UnitTestAdapter" className="d:\v2.0\a1\_work\dbded102\vso\tfs\service\webaccess\testmanagement\testscripts\tests\tfstests.testmanagement.testrun.ts::tfstests.testmanagement" name="TFSTests.TestManagement.TestRun DecodeParamName-3" />
    </UnitTest>
    <UnitTest name="TFSTests.TestManagement.TestRun DecodeParamName-4" storage="d:\v2.0\a1\_work\dbded102\vso\tfs\service\webaccess\testmanagement\testscripts\tests\tfstests.testmanagement.testrun.ts" id="f1d4805a-6968-4df2-99be-f76732a076b7">
      <Execution id="79a44b94-56a7-4ed8-9ce9-babd0b2a9098" />
      <TestMethod codeBase="d:\v2.0\a1\_work\dbded102\vso\tfs\service\webaccess\testmanagement\testscripts\tests\tfstests.testmanagement.testrun.ts" adapterTypeName="Microsoft.VisualStudio.TestTools.TestTypes.Unit.UnitTestAdapter" className="d:\v2.0\a1\_work\dbded102\vso\tfs\service\webaccess\testmanagement\testscripts\tests\tfstests.testmanagement.testrun.ts::tfstests.testmanagement" name="TFSTests.TestManagement.TestRun DecodeParamName-4" />
    </UnitTest>
    <UnitTest name="TFSTests.TestManagement.TestRun DecodeParamName-5" storage="d:\v2.0\a1\_work\dbded102\vso\tfs\service\webaccess\testmanagement\testscripts\tests\tfstests.testmanagement.testrun.ts" id="93e6047b-37ae-4e8e-ba65-8c18423e46c4">
      <Execution id="36794c48-d899-4351-8059-f6c189bf0897" />
      <TestMethod codeBase="d:\v2.0\a1\_work\dbded102\vso\tfs\service\webaccess\testmanagement\testscripts\tests\tfstests.testmanagement.testrun.ts" adapterTypeName="Microsoft.VisualStudio.TestTools.TestTypes.Unit.UnitTestAdapter" className="d:\v2.0\a1\_work\dbded102\vso\tfs\service\webaccess\testmanagement\testscripts\tests\tfstests.testmanagement.testrun.ts::tfstests.testmanagement" name="TFSTests.TestManagement.TestRun DecodeParamName-5" />
    </UnitTest>
    <UnitTest name="TFSTests.TestManagement.TestRun DecodeParamName-6" storage="d:\v2.0\a1\_work\dbded102\vso\tfs\service\webaccess\testmanagement\testscripts\tests\tfstests.testmanagement.testrun.ts" id="4fb83c9b-cf74-4260-a162-cbe0b4bf129f">
      <Execution id="69c14b9f-1de5-4041-abe3-29b2f62e18bd" />
      <TestMethod codeBase="d:\v2.0\a1\_work\dbded102\vso\tfs\service\webaccess\testmanagement\testscripts\tests\tfstests.testmanagement.testrun.ts" adapterTypeName="Microsoft.VisualStudio.TestTools.TestTypes.Unit.UnitTestAdapter" className="d:\v2.0\a1\_work\dbded102\vso\tfs\service\webaccess\testmanagement\testscripts\tests\tfstests.testmanagement.testrun.ts::tfstests.testmanagement" name="TFSTests.TestManagement.TestRun DecodeParamName-6" />
    </UnitTest>
    <UnitTest name="TFSTests.TestManagement.TestRun DecodeParamName-7" storage="d:\v2.0\a1\_work\dbded102\vso\tfs\service\webaccess\testmanagement\testscripts\tests\tfstests.testmanagement.testrun.ts" id="168d0df4-4ede-4c0a-af0c-4ebdeb95cb8f">
      <Execution id="0ae8dc63-ac2b-4355-ae30-d13dd256d9c0" />
      <TestMethod codeBase="d:\v2.0\a1\_work\dbded102\vso\tfs\service\webaccess\testmanagement\testscripts\tests\tfstests.testmanagement.testrun.ts" adapterTypeName="Microsoft.VisualStudio.TestTools.TestTypes.Unit.UnitTestAdapter" className="d:\v2.0\a1\_work\dbded102\vso\tfs\service\webaccess\testmanagement\testscripts\tests\tfstests.testmanagement.testrun.ts::tfstests.testmanagement" name="TFSTests.TestManagement.TestRun DecodeParamName-7" />
    </UnitTest>
    <UnitTest name="TFSTests.TestManagement.TestRun DecodeParamName-8" storage="d:\v2.0\a1\_work\dbded102\vso\tfs\service\webaccess\testmanagement\testscripts\tests\tfstests.testmanagement.testrun.ts" id="0af29dc3-fcb0-4b1b-8a37-0dff0b0d6460">
      <Execution id="1513db1c-28c6-40cf-9546-1113f2c1d564" />
      <TestMethod codeBase="d:\v2.0\a1\_work\dbded102\vso\tfs\service\webaccess\testmanagement\testscripts\tests\tfstests.testmanagement.testrun.ts" adapterTypeName="Microsoft.VisualStudio.TestTools.TestTypes.Unit.UnitTestAdapter" className="d:\v2.0\a1\_work\dbded102\vso\tfs\service\webaccess\testmanagement\testscripts\tests\tfstests.testmanagement.testrun.ts::tfstests.testmanagement" name="TFSTests.TestManagement.TestRun DecodeParamName-8" />
    </UnitTest>
    <UnitTest name="TFSTests.TestManagement.TestRun DecodeParamName-9" storage="d:\v2.0\a1\_work\dbded102\vso\tfs\service\webaccess\testmanagement\testscripts\tests\tfstests.testmanagement.testrun.ts" id="d2c4e7a4-70ea-465f-a619-3ac9df44def7">
      <Execution id="78feff61-3ac8-47bb-9c8b-dd84206ce28b" />
      <TestMethod codeBase="d:\v2.0\a1\_work\dbded102\vso\tfs\service\webaccess\testmanagement\testscripts\tests\tfstests.testmanagement.testrun.ts" adapterTypeName="Microsoft.VisualStudio.TestTools.TestTypes.Unit.UnitTestAdapter" className="d:\v2.0\a1\_work\dbded102\vso\tfs\service\webaccess\testmanagement\testscripts\tests\tfstests.testmanagement.testrun.ts::tfstests.testmanagement" name="TFSTests.TestManagement.TestRun DecodeParamName-9" />
    </UnitTest>
    <UnitTest name="TFSTests.TestManagement.TestRun DecodeParamName-10" storage="d:\v2.0\a1\_work\dbded102\vso\tfs\service\webaccess\testmanagement\testscripts\tests\tfstests.testmanagement.testrun.ts" id="42054093-20e6-4b5d-863c-3e53de5ff5d8">
      <Execution id="3440ab3c-f4ea-485c-b1b9-0e6ed94b018f" />
      <TestMethod codeBase="d:\v2.0\a1\_work\dbded102\vso\tfs\service\webaccess\testmanagement\testscripts\tests\tfstests.testmanagement.testrun.ts" adapterTypeName="Microsoft.VisualStudio.TestTools.TestTypes.Unit.UnitTestAdapter" className="d:\v2.0\a1\_work\dbded102\vso\tfs\service\webaccess\testmanagement\testscripts\tests\tfstests.testmanagement.testrun.ts::tfstests.testmanagement" name="TFSTests.TestManagement.TestRun DecodeParamName-10" />
    </UnitTest>
    <UnitTest name="TFSTests.TestManagement.TestRun DecodeParamName-11" storage="d:\v2.0\a1\_work\dbded102\vso\tfs\service\webaccess\testmanagement\testscripts\tests\tfstests.testmanagement.testrun.ts" id="1e43903f-94b3-4876-8398-9431ef6b6dd3">
      <Execution id="f8baff30-2113-43e8-b096-4ec6a6cc0aed" />
      <TestMethod codeBase="d:\v2.0\a1\_work\dbded102\vso\tfs\service\webaccess\testmanagement\testscripts\tests\tfstests.testmanagement.testrun.ts" adapterTypeName="Microsoft.VisualStudio.TestTools.TestTypes.Unit.UnitTestAdapter" className="d:\v2.0\a1\_work\dbded102\vso\tfs\service\webaccess\testmanagement\testscripts\tests\tfstests.testmanagement.testrun.ts::tfstests.testmanagement" name="TFSTests.TestManagement.TestRun DecodeParamName-11" />
    </UnitTest>
    <UnitTest name="TFSTests.TestManagement.TestRun DecodeParamName-12" storage="d:\v2.0\a1\_work\dbded102\vso\tfs\service\webaccess\testmanagement\testscripts\tests\tfstests.testmanagement.testrun.ts" id="f30289d7-e6cc-4bb9-9b0a-a3d220822153">
      <Execution id="4c3e71fc-997e-44db-bd76-8a4c206b8710" />
      <TestMethod codeBase="d:\v2.0\a1\_work\dbded102\vso\tfs\service\webaccess\testmanagement\testscripts\tests\tfstests.testmanagement.testrun.ts" adapterTypeName="Microsoft.VisualStudio.TestTools.TestTypes.Unit.UnitTestAdapter" className="d:\v2.0\a1\_work\dbded102\vso\tfs\service\webaccess\testmanagement\testscripts\tests\tfstests.testmanagement.testrun.ts::tfstests.testmanagement" name="TFSTests.TestManagement.TestRun DecodeParamName-12" />
    </UnitTest>
    <UnitTest name="TFSTests.TestManagement.TestRun DecodeParamName-13" storage="d:\v2.0\a1\_work\dbded102\vso\tfs\service\webaccess\testmanagement\testscripts\tests\tfstests.testmanagement.testrun.ts" id="dcfe5c22-d6d0-4450-a2a0-2a3e7deb68c6">
      <Execution id="2e7ed981-555f-47fd-9167-8362f00e92f4" />
      <TestMethod codeBase="d:\v2.0\a1\_work\dbded102\vso\tfs\service\webaccess\testmanagement\testscripts\tests\tfstests.testmanagement.testrun.ts" adapterTypeName="Microsoft.VisualStudio.TestTools.TestTypes.Unit.UnitTestAdapter" className="d:\v2.0\a1\_work\dbded102\vso\tfs\service\webaccess\testmanagement\testscripts\tests\tfstests.testmanagement.testrun.ts::tfstests.testmanagement" name="TFSTests.TestManagement.TestRun DecodeParamName-13" />
    </UnitTest>
    <UnitTest name="TFSTests.TestManagement.TestRun ConvertParamNameToHex_1" storage="d:\v2.0\a1\_work\dbded102\vso\tfs\service\webaccess\testmanagement\testscripts\tests\tfstests.testmanagement.testrun.ts" id="9a3f9192-032b-444b-b909-ae11d670b39a">
      <Execution id="cee2ada5-5e77-4a36-b62a-d31b9bf704d4" />
      <TestMethod codeBase="d:\v2.0\a1\_work\dbded102\vso\tfs\service\webaccess\testmanagement\testscripts\tests\tfstests.testmanagement.testrun.ts" adapterTypeName="Microsoft.VisualStudio.TestTools.TestTypes.Unit.UnitTestAdapter" className="d:\v2.0\a1\_work\dbded102\vso\tfs\service\webaccess\testmanagement\testscripts\tests\tfstests.testmanagement.testrun.ts::tfstests.testmanagement" name="TFSTests.TestManagement.TestRun ConvertParamNameToHex_1" />
    </UnitTest>
    <UnitTest name="TFSTests.TestManagement.TestRun ConvertParamNameToHex_2" storage="d:\v2.0\a1\_work\dbded102\vso\tfs\service\webaccess\testmanagement\testscripts\tests\tfstests.testmanagement.testrun.ts" id="7d0cc240-ba24-48e9-a1df-a36e66efc716">
      <Execution id="197aab24-b2a7-4967-81bf-39d658799ece" />
      <TestMethod codeBase="d:\v2.0\a1\_work\dbded102\vso\tfs\service\webaccess\testmanagement\testscripts\tests\tfstests.testmanagement.testrun.ts" adapterTypeName="Microsoft.VisualStudio.TestTools.TestTypes.Unit.UnitTestAdapter" className="d:\v2.0\a1\_work\dbded102\vso\tfs\service\webaccess\testmanagement\testscripts\tests\tfstests.testmanagement.testrun.ts::tfstests.testmanagement" name="TFSTests.TestManagement.TestRun ConvertParamNameToHex_2" />
    </UnitTest>
    <UnitTest name="TFSTests.TestManagement.TestRun ConvertParamNameToHex_3" storage="d:\v2.0\a1\_work\dbded102\vso\tfs\service\webaccess\testmanagement\testscripts\tests\tfstests.testmanagement.testrun.ts" id="b3bcc853-149a-45c6-8d54-8cc01933f89e">
      <Execution id="831a7382-48cf-4c62-baeb-d74f6f931425" />
      <TestMethod codeBase="d:\v2.0\a1\_work\dbded102\vso\tfs\service\webaccess\testmanagement\testscripts\tests\tfstests.testmanagement.testrun.ts" adapterTypeName="Microsoft.VisualStudio.TestTools.TestTypes.Unit.UnitTestAdapter" className="d:\v2.0\a1\_work\dbded102\vso\tfs\service\webaccess\testmanagement\testscripts\tests\tfstests.testmanagement.testrun.ts::tfstests.testmanagement" name="TFSTests.TestManagement.TestRun ConvertParamNameToHex_3" />
    </UnitTest>
    <UnitTest name="TFSTests.TestManagement.TestRun ConvertParamNameToHex_4" storage="d:\v2.0\a1\_work\dbded102\vso\tfs\service\webaccess\testmanagement\testscripts\tests\tfstests.testmanagement.testrun.ts" id="0a88c8d4-8215-486d-be52-bafa2855cb07">
      <Execution id="90959dcd-41b9-4367-af51-c9fc718314c2" />
      <TestMethod codeBase="d:\v2.0\a1\_work\dbded102\vso\tfs\service\webaccess\testmanagement\testscripts\tests\tfstests.testmanagement.testrun.ts" adapterTypeName="Microsoft.VisualStudio.TestTools.TestTypes.Unit.UnitTestAdapter" className="d:\v2.0\a1\_work\dbded102\vso\tfs\service\webaccess\testmanagement\testscripts\tests\tfstests.testmanagement.testrun.ts::tfstests.testmanagement" name="TFSTests.TestManagement.TestRun ConvertParamNameToHex_4" />
    </UnitTest>
    <UnitTest name="TFSTests.TestManagement.TestRun ConvertParamNameToHex_5" storage="d:\v2.0\a1\_work\dbded102\vso\tfs\service\webaccess\testmanagement\testscripts\tests\tfstests.testmanagement.testrun.ts" id="2b1a97d4-fab7-49f0-b92c-8a7477eefb69">
      <Execution id="8fe0b164-c425-4b75-88f2-e0304ac2d4b9" />
      <TestMethod codeBase="d:\v2.0\a1\_work\dbded102\vso\tfs\service\webaccess\testmanagement\testscripts\tests\tfstests.testmanagement.testrun.ts" adapterTypeName="Microsoft.VisualStudio.TestTools.TestTypes.Unit.UnitTestAdapter" className="d:\v2.0\a1\_work\dbded102\vso\tfs\service\webaccess\testmanagement\testscripts\tests\tfstests.testmanagement.testrun.ts::tfstests.testmanagement" name="TFSTests.TestManagement.TestRun ConvertParamNameToHex_5" />
    </UnitTest>
    <UnitTest name="TFSTests.TestManagement.TestRun ConvertParamNameToHex_6" storage="d:\v2.0\a1\_work\dbded102\vso\tfs\service\webaccess\testmanagement\testscripts\tests\tfstests.testmanagement.testrun.ts" id="9f999e7d-0c3d-4425-b5c6-c67e7ed2facd">
      <Execution id="42ed176a-e05a-469c-a164-851053a87e18" />
      <TestMethod codeBase="d:\v2.0\a1\_work\dbded102\vso\tfs\service\webaccess\testmanagement\testscripts\tests\tfstests.testmanagement.testrun.ts" adapterTypeName="Microsoft.VisualStudio.TestTools.TestTypes.Unit.UnitTestAdapter" className="d:\v2.0\a1\_work\dbded102\vso\tfs\service\webaccess\testmanagement\testscripts\tests\tfstests.testmanagement.testrun.ts::tfstests.testmanagement" name="TFSTests.TestManagement.TestRun ConvertParamNameToHex_6" />
    </UnitTest>
    <UnitTest name="TFSTests.TestManagement.TestRun HasParameterTests" storage="d:\v2.0\a1\_work\dbded102\vso\tfs\service\webaccess\testmanagement\testscripts\tests\tfstests.testmanagement.testrun.ts" id="dcdb5713-2f6d-4b3f-9053-55cceb478941">
      <Execution id="ea90cce2-e903-4819-9b39-2dd1d8921bf7" />
      <TestMethod codeBase="d:\v2.0\a1\_work\dbded102\vso\tfs\service\webaccess\testmanagement\testscripts\tests\tfstests.testmanagement.testrun.ts" adapterTypeName="Microsoft.VisualStudio.TestTools.TestTypes.Unit.UnitTestAdapter" className="d:\v2.0\a1\_work\dbded102\vso\tfs\service\webaccess\testmanagement\testscripts\tests\tfstests.testmanagement.testrun.ts::tfstests.testmanagement" name="TFSTests.TestManagement.TestRun HasParameterTests" />
    </UnitTest>
    <UnitTest name="TFSTests.TestManagement.TestRun VerifyHeaderTable" storage="d:\v2.0\a1\_work\dbded102\vso\tfs\service\webaccess\testmanagement\testscripts\tests\tfstests.testmanagement.testrun.ts" id="13dc3a9a-a02d-4da8-b391-22bae9ca3757">
      <Execution id="b37cec0f-73e9-4d48-9635-ca218c1b5a13" />
      <TestMethod codeBase="d:\v2.0\a1\_work\dbded102\vso\tfs\service\webaccess\testmanagement\testscripts\tests\tfstests.testmanagement.testrun.ts" adapterTypeName="Microsoft.VisualStudio.TestTools.TestTypes.Unit.UnitTestAdapter" className="d:\v2.0\a1\_work\dbded102\vso\tfs\service\webaccess\testmanagement\testscripts\tests\tfstests.testmanagement.testrun.ts::tfstests.testmanagement" name="TFSTests.TestManagement.TestRun VerifyHeaderTable" />
    </UnitTest>
    <UnitTest name="TFSTests.TestManagement.TestRun VerifyReproStepsTable1" storage="d:\v2.0\a1\_work\dbded102\vso\tfs\service\webaccess\testmanagement\testscripts\tests\tfstests.testmanagement.testrun.ts" id="c20e071c-a380-495a-afe4-297e2ed3a6e4">
      <Execution id="fe018be3-e2a1-4cbf-a8fc-8c7f241cf4dc" />
      <TestMethod codeBase="d:\v2.0\a1\_work\dbded102\vso\tfs\service\webaccess\testmanagement\testscripts\tests\tfstests.testmanagement.testrun.ts" adapterTypeName="Microsoft.VisualStudio.TestTools.TestTypes.Unit.UnitTestAdapter" className="d:\v2.0\a1\_work\dbded102\vso\tfs\service\webaccess\testmanagement\testscripts\tests\tfstests.testmanagement.testrun.ts::tfstests.testmanagement" name="TFSTests.TestManagement.TestRun VerifyReproStepsTable1" />
    </UnitTest>
    <UnitTest name="TFSTests.TestManagement.TestRun VerifyReproStepTable" storage="d:\v2.0\a1\_work\dbded102\vso\tfs\service\webaccess\testmanagement\testscripts\tests\tfstests.testmanagement.testrun.ts" id="557c7e56-4b6a-47fa-b56c-f491b41604e3">
      <Execution id="3f6eee01-5515-410d-800a-c8345177f802" />
      <TestMethod codeBase="d:\v2.0\a1\_work\dbded102\vso\tfs\service\webaccess\testmanagement\testscripts\tests\tfstests.testmanagement.testrun.ts" adapterTypeName="Microsoft.VisualStudio.TestTools.TestTypes.Unit.UnitTestAdapter" className="d:\v2.0\a1\_work\dbded102\vso\tfs\service\webaccess\testmanagement\testscripts\tests\tfstests.testmanagement.testrun.ts::tfstests.testmanagement" name="TFSTests.TestManagement.TestRun VerifyReproStepTable" />
    </UnitTest>
    <UnitTest name="TFSTests.TestManagement.TestRun VerifyEditTestStepInWebRunnerContextMenuBasedOnLicense" storage="d:\v2.0\a1\_work\dbded102\vso\tfs\service\webaccess\testmanagement\testscripts\tests\tfstests.testmanagement.testrun.ts" id="ecedaced-3805-47b9-9966-db1e8c3c145f">
      <Execution id="962186ac-5fd8-468c-9db1-bdd07325a50f" />
      <TestMethod codeBase="d:\v2.0\a1\_work\dbded102\vso\tfs\service\webaccess\testmanagement\testscripts\tests\tfstests.testmanagement.testrun.ts" adapterTypeName="Microsoft.VisualStudio.TestTools.TestTypes.Unit.UnitTestAdapter" className="d:\v2.0\a1\_work\dbded102\vso\tfs\service\webaccess\testmanagement\testscripts\tests\tfstests.testmanagement.testrun.ts::tfstests.testmanagement" name="TFSTests.TestManagement.TestRun VerifyEditTestStepInWebRunnerContextMenuBasedOnLicense" />
    </UnitTest>
    <UnitTest name="TFSTests.TestManagement.TestRun VerifyTestStepEditIconVisibilyBasedOnLicense" storage="d:\v2.0\a1\_work\dbded102\vso\tfs\service\webaccess\testmanagement\testscripts\tests\tfstests.testmanagement.testrun.ts" id="663eed6b-6cbf-4a6a-ba96-cfadc44a0eb7">
      <Execution id="38fe3451-2969-4ea1-9318-74276e90a21f" />
      <TestMethod codeBase="d:\v2.0\a1\_work\dbded102\vso\tfs\service\webaccess\testmanagement\testscripts\tests\tfstests.testmanagement.testrun.ts" adapterTypeName="Microsoft.VisualStudio.TestTools.TestTypes.Unit.UnitTestAdapter" className="d:\v2.0\a1\_work\dbded102\vso\tfs\service\webaccess\testmanagement\testscripts\tests\tfstests.testmanagement.testrun.ts::tfstests.testmanagement" name="TFSTests.TestManagement.TestRun VerifyTestStepEditIconVisibilyBasedOnLicense" />
    </UnitTest>
    <UnitTest name="TFSTests.TestManagement.TestHubView.TagsFilterTests VerifyFilteredTestPoints" storage="d:\v2.0\a1\_work\dbded102\vso\tfs\service\webaccess\testmanagement\testscripts\tests\tfstests.testmanagement.testhubview.tagsfiltertests.ts" id="c330027a-afa3-4b4a-a205-bc5be5122262">
      <Execution id="3a4361a8-3991-40b2-8fed-e094fd560d33" />
      <TestMethod codeBase="d:\v2.0\a1\_work\dbded102\vso\tfs\service\webaccess\testmanagement\testscripts\tests\tfstests.testmanagement.testhubview.tagsfiltertests.ts" adapterTypeName="Microsoft.VisualStudio.TestTools.TestTypes.Unit.UnitTestAdapter" className="d:\v2.0\a1\_work\dbded102\vso\tfs\service\webaccess\testmanagement\testscripts\tests\tfstests.testmanagement.testhubview.tagsfiltertests.ts::tfstests.testmanagement.testhubview" name="TFSTests.TestManagement.TestHubView.TagsFilterTests VerifyFilteredTestPoints" />
    </UnitTest>
    <UnitTest name="TFSTests.TestManagement.TestHubView.TagsFilterTests VerifyFilteringOnTagInitializesAndSortsGrid" storage="d:\v2.0\a1\_work\dbded102\vso\tfs\service\webaccess\testmanagement\testscripts\tests\tfstests.testmanagement.testhubview.tagsfiltertests.ts" id="93b945cc-dc99-4926-a56c-0d05f6f1435c">
      <Execution id="c7712e8b-2a5f-4ec3-871a-d558df82c924" />
      <TestMethod codeBase="d:\v2.0\a1\_work\dbded102\vso\tfs\service\webaccess\testmanagement\testscripts\tests\tfstests.testmanagement.testhubview.tagsfiltertests.ts" adapterTypeName="Microsoft.VisualStudio.TestTools.TestTypes.Unit.UnitTestAdapter" className="d:\v2.0\a1\_work\dbded102\vso\tfs\service\webaccess\testmanagement\testscripts\tests\tfstests.testmanagement.testhubview.tagsfiltertests.ts::tfstests.testmanagement.testhubview" name="TFSTests.TestManagement.TestHubView.TagsFilterTests VerifyFilteringOnTagInitializesAndSortsGrid" />
    </UnitTest>
    <UnitTest name="TFSTests.TestManagement.TestHubView.TagsFilterTests TagsRefreshedOnFilterActivation" storage="d:\v2.0\a1\_work\dbded102\vso\tfs\service\webaccess\testmanagement\testscripts\tests\tfstests.testmanagement.testhubview.tagsfiltertests.ts" id="40866aa3-3fe6-4673-9345-523e241b442e">
      <Execution id="526c24df-e774-4d2d-9dec-6d09ea043def" />
      <TestMethod codeBase="d:\v2.0\a1\_work\dbded102\vso\tfs\service\webaccess\testmanagement\testscripts\tests\tfstests.testmanagement.testhubview.tagsfiltertests.ts" adapterTypeName="Microsoft.VisualStudio.TestTools.TestTypes.Unit.UnitTestAdapter" className="d:\v2.0\a1\_work\dbded102\vso\tfs\service\webaccess\testmanagement\testscripts\tests\tfstests.testmanagement.testhubview.tagsfiltertests.ts::tfstests.testmanagement.testhubview" name="TFSTests.TestManagement.TestHubView.TagsFilterTests TagsRefreshedOnFilterActivation" />
    </UnitTest>
    <UnitTest name="TFSTests.TestManagement.TestHubView.TagsFilterTests RefreshingGridWillFilterWorkitems" storage="d:\v2.0\a1\_work\dbded102\vso\tfs\service\webaccess\testmanagement\testscripts\tests\tfstests.testmanagement.testhubview.tagsfiltertests.ts" id="fc2e94f1-e081-4df3-9e96-31a3dfa28945">
      <Execution id="2978ad78-85e5-4e68-b214-a4208e2757c8" />
      <TestMethod codeBase="d:\v2.0\a1\_work\dbded102\vso\tfs\service\webaccess\testmanagement\testscripts\tests\tfstests.testmanagement.testhubview.tagsfiltertests.ts" adapterTypeName="Microsoft.VisualStudio.TestTools.TestTypes.Unit.UnitTestAdapter" className="d:\v2.0\a1\_work\dbded102\vso\tfs\service\webaccess\testmanagement\testscripts\tests\tfstests.testmanagement.testhubview.tagsfiltertests.ts::tfstests.testmanagement.testhubview" name="TFSTests.TestManagement.TestHubView.TagsFilterTests RefreshingGridWillFilterWorkitems" />
    </UnitTest>
    <UnitTest name="TFSTests.TestManagement.TestHubView.TagsFilterTests AddFilterGetsMatchingIdsAnfFiltersTestpoints" storage="d:\v2.0\a1\_work\dbded102\vso\tfs\service\webaccess\testmanagement\testscripts\tests\tfstests.testmanagement.testhubview.tagsfiltertests.ts" id="83f13489-b3ea-46ce-b024-7e800431d3fb">
      <Execution id="17781666-def5-4af0-8d70-0124b965beef" />
      <TestMethod codeBase="d:\v2.0\a1\_work\dbded102\vso\tfs\service\webaccess\testmanagement\testscripts\tests\tfstests.testmanagement.testhubview.tagsfiltertests.ts" adapterTypeName="Microsoft.VisualStudio.TestTools.TestTypes.Unit.UnitTestAdapter" className="d:\v2.0\a1\_work\dbded102\vso\tfs\service\webaccess\testmanagement\testscripts\tests\tfstests.testmanagement.testhubview.tagsfiltertests.ts::tfstests.testmanagement.testhubview" name="TFSTests.TestManagement.TestHubView.TagsFilterTests AddFilterGetsMatchingIdsAnfFiltersTestpoints" />
    </UnitTest>
    <UnitTest name="TFSTests.TestManagement.TestHubView.TagsFilterTests RemoveTagFilterRestoresUnfilteredList" storage="d:\v2.0\a1\_work\dbded102\vso\tfs\service\webaccess\testmanagement\testscripts\tests\tfstests.testmanagement.testhubview.tagsfiltertests.ts" id="fd8ad5a9-58e1-4c88-be4d-5b461466690f">
      <Execution id="dc47199e-28af-4d0b-8d20-7d7c606ffd34" />
      <TestMethod codeBase="d:\v2.0\a1\_work\dbded102\vso\tfs\service\webaccess\testmanagement\testscripts\tests\tfstests.testmanagement.testhubview.tagsfiltertests.ts" adapterTypeName="Microsoft.VisualStudio.TestTools.TestTypes.Unit.UnitTestAdapter" className="d:\v2.0\a1\_work\dbded102\vso\tfs\service\webaccess\testmanagement\testscripts\tests\tfstests.testmanagement.testhubview.tagsfiltertests.ts::tfstests.testmanagement.testhubview" name="TFSTests.TestManagement.TestHubView.TagsFilterTests RemoveTagFilterRestoresUnfilteredList" />
    </UnitTest>
    <UnitTest name="TFSTests.TestManagement.TestHubView VerifyTestPlansDisplayText" storage="d:\v2.0\a1\_work\dbded102\vso\tfs\service\webaccess\testmanagement\testscripts\tests\tfstests.testmanagement.testhubview.ts" id="e08ced45-504a-4888-9f39-6baa47504c08">
      <Execution id="3c22cac0-a33e-437a-90de-5d4d49597f50" />
      <TestMethod codeBase="d:\v2.0\a1\_work\dbded102\vso\tfs\service\webaccess\testmanagement\testscripts\tests\tfstests.testmanagement.testhubview.ts" adapterTypeName="Microsoft.VisualStudio.TestTools.TestTypes.Unit.UnitTestAdapter" className="d:\v2.0\a1\_work\dbded102\vso\tfs\service\webaccess\testmanagement\testscripts\tests\tfstests.testmanagement.testhubview.ts::tfstests.testmanagement" name="TFSTests.TestManagement.TestHubView VerifyTestPlansDisplayText" />
    </UnitTest>
    <UnitTest name="TFSTests.TestManagement.TestHubView VerifyTestPlansDropDownDataFormat" storage="d:\v2.0\a1\_work\dbded102\vso\tfs\service\webaccess\testmanagement\testscripts\tests\tfstests.testmanagement.testhubview.ts" id="97f175c6-1842-43dd-b338-34d90f6083ae">
      <Execution id="88ff70e9-e9f9-4013-9eec-313d139b6d1a" />
      <TestMethod codeBase="d:\v2.0\a1\_work\dbded102\vso\tfs\service\webaccess\testmanagement\testscripts\tests\tfstests.testmanagement.testhubview.ts" adapterTypeName="Microsoft.VisualStudio.TestTools.TestTypes.Unit.UnitTestAdapter" className="d:\v2.0\a1\_work\dbded102\vso\tfs\service\webaccess\testmanagement\testscripts\tests\tfstests.testmanagement.testhubview.ts::tfstests.testmanagement" name="TFSTests.TestManagement.TestHubView VerifyTestPlansDropDownDataFormat" />
    </UnitTest>
    <UnitTest name="TFSTests.TestManagement.TestHubView VerifyTestPlansDropDown2" storage="d:\v2.0\a1\_work\dbded102\vso\tfs\service\webaccess\testmanagement\testscripts\tests\tfstests.testmanagement.testhubview.ts" id="052582ca-3191-4eff-83a2-1cf4b1b70399">
      <Execution id="3a9b9bcb-b581-4a97-9fed-39af22b7cd61" />
      <TestMethod codeBase="d:\v2.0\a1\_work\dbded102\vso\tfs\service\webaccess\testmanagement\testscripts\tests\tfstests.testmanagement.testhubview.ts" adapterTypeName="Microsoft.VisualStudio.TestTools.TestTypes.Unit.UnitTestAdapter" className="d:\v2.0\a1\_work\dbded102\vso\tfs\service\webaccess\testmanagement\testscripts\tests\tfstests.testmanagement.testhubview.ts::tfstests.testmanagement" name="TFSTests.TestManagement.TestHubView VerifyTestPlansDropDown2" />
    </UnitTest>
    <UnitTest name="TFSTests.TestManagement.TestHubView VerifyTestSuitesTree1" storage="d:\v2.0\a1\_work\dbded102\vso\tfs\service\webaccess\testmanagement\testscripts\tests\tfstests.testmanagement.testhubview.ts" id="4d66a8f7-5381-415d-be5f-bbcab20cada8">
      <Execution id="b7b6b14c-7e1c-4288-a9cb-48ba9bee53f5" />
      <TestMethod codeBase="d:\v2.0\a1\_work\dbded102\vso\tfs\service\webaccess\testmanagement\testscripts\tests\tfstests.testmanagement.testhubview.ts" adapterTypeName="Microsoft.VisualStudio.TestTools.TestTypes.Unit.UnitTestAdapter" className="d:\v2.0\a1\_work\dbded102\vso\tfs\service\webaccess\testmanagement\testscripts\tests\tfstests.testmanagement.testhubview.ts::tfstests.testmanagement" name="TFSTests.TestManagement.TestHubView VerifyTestSuitesTree1" />
    </UnitTest>
    <UnitTest name="TFSTests.TestManagement.TestHubView VerifyRootNodeExpansion" storage="d:\v2.0\a1\_work\dbded102\vso\tfs\service\webaccess\testmanagement\testscripts\tests\tfstests.testmanagement.testhubview.ts" id="f9f8a9ab-142c-4d4a-95ed-46517ec95fcc">
      <Execution id="9b5f0d09-9f83-4f59-8a92-823379e27b37" />
      <TestMethod codeBase="d:\v2.0\a1\_work\dbded102\vso\tfs\service\webaccess\testmanagement\testscripts\tests\tfstests.testmanagement.testhubview.ts" adapterTypeName="Microsoft.VisualStudio.TestTools.TestTypes.Unit.UnitTestAdapter" className="d:\v2.0\a1\_work\dbded102\vso\tfs\service\webaccess\testmanagement\testscripts\tests\tfstests.testmanagement.testhubview.ts::tfstests.testmanagement" name="TFSTests.TestManagement.TestHubView VerifyRootNodeExpansion" />
    </UnitTest>
    <UnitTest name="TFSTests.TestManagement.TestHubView VerifyTestSuitesTree2" storage="d:\v2.0\a1\_work\dbded102\vso\tfs\service\webaccess\testmanagement\testscripts\tests\tfstests.testmanagement.testhubview.ts" id="1f9b5dca-8f6f-4893-a7f9-190ac71066e9">
      <Execution id="86ddd409-cb1e-4d40-865c-65fdd0b17a80" />
      <TestMethod codeBase="d:\v2.0\a1\_work\dbded102\vso\tfs\service\webaccess\testmanagement\testscripts\tests\tfstests.testmanagement.testhubview.ts" adapterTypeName="Microsoft.VisualStudio.TestTools.TestTypes.Unit.UnitTestAdapter" className="d:\v2.0\a1\_work\dbded102\vso\tfs\service\webaccess\testmanagement\testscripts\tests\tfstests.testmanagement.testhubview.ts::tfstests.testmanagement" name="TFSTests.TestManagement.TestHubView VerifyTestSuitesTree2" />
    </UnitTest>
    <UnitTest name="TFSTests.TestManagement.TestHubView VerifyTestSuitesTreeSelectionMethods" storage="d:\v2.0\a1\_work\dbded102\vso\tfs\service\webaccess\testmanagement\testscripts\tests\tfstests.testmanagement.testhubview.ts" id="4b17262c-24a0-4700-92cf-57706b2988c6">
      <Execution id="28fe3442-359a-496f-a0ca-eb1b7c26e054" />
      <TestMethod codeBase="d:\v2.0\a1\_work\dbded102\vso\tfs\service\webaccess\testmanagement\testscripts\tests\tfstests.testmanagement.testhubview.ts" adapterTypeName="Microsoft.VisualStudio.TestTools.TestTypes.Unit.UnitTestAdapter" className="d:\v2.0\a1\_work\dbded102\vso\tfs\service\webaccess\testmanagement\testscripts\tests\tfstests.testmanagement.testhubview.ts::tfstests.testmanagement" name="TFSTests.TestManagement.TestHubView VerifyTestSuitesTreeSelectionMethods" />
    </UnitTest>
    <UnitTest name="TFSTests.TestManagement.TestHubView VerifyTestHubViewControls" storage="d:\v2.0\a1\_work\dbded102\vso\tfs\service\webaccess\testmanagement\testscripts\tests\tfstests.testmanagement.testhubview.ts" id="6973b24a-6c59-4b1b-a1bc-37ac58549e08">
      <Execution id="fe72a938-71e0-44e9-8915-76a16e4b01c8" />
      <TestMethod codeBase="d:\v2.0\a1\_work\dbded102\vso\tfs\service\webaccess\testmanagement\testscripts\tests\tfstests.testmanagement.testhubview.ts" adapterTypeName="Microsoft.VisualStudio.TestTools.TestTypes.Unit.UnitTestAdapter" className="d:\v2.0\a1\_work\dbded102\vso\tfs\service\webaccess\testmanagement\testscripts\tests\tfstests.testmanagement.testhubview.ts::tfstests.testmanagement" name="TFSTests.TestManagement.TestHubView VerifyTestHubViewControls" />
    </UnitTest>
    <UnitTest name="TFSTests.TestManagement.TestHubView VerifyTestHubViewErrorFunctions" storage="d:\v2.0\a1\_work\dbded102\vso\tfs\service\webaccess\testmanagement\testscripts\tests\tfstests.testmanagement.testhubview.ts" id="85102758-1481-4101-8cd0-e3221bd1168f">
      <Execution id="d330b9d2-1979-4e68-b961-a0bda5d3d034" />
      <TestMethod codeBase="d:\v2.0\a1\_work\dbded102\vso\tfs\service\webaccess\testmanagement\testscripts\tests\tfstests.testmanagement.testhubview.ts" adapterTypeName="Microsoft.VisualStudio.TestTools.TestTypes.Unit.UnitTestAdapter" className="d:\v2.0\a1\_work\dbded102\vso\tfs\service\webaccess\testmanagement\testscripts\tests\tfstests.testmanagement.testhubview.ts::tfstests.testmanagement" name="TFSTests.TestManagement.TestHubView VerifyTestHubViewErrorFunctions" />
    </UnitTest>
    <UnitTest name="TFSTests.TestManagement.TestHubView VerifyTestCaseGridData" storage="d:\v2.0\a1\_work\dbded102\vso\tfs\service\webaccess\testmanagement\testscripts\tests\tfstests.testmanagement.testhubview.ts" id="23cf9123-d540-4b7e-8f0d-225c016ff028">
      <Execution id="10ece39c-6035-4f0e-8a33-d5f2aa2b3cc8" />
      <TestMethod codeBase="d:\v2.0\a1\_work\dbded102\vso\tfs\service\webaccess\testmanagement\testscripts\tests\tfstests.testmanagement.testhubview.ts" adapterTypeName="Microsoft.VisualStudio.TestTools.TestTypes.Unit.UnitTestAdapter" className="d:\v2.0\a1\_work\dbded102\vso\tfs\service\webaccess\testmanagement\testscripts\tests\tfstests.testmanagement.testhubview.ts::tfstests.testmanagement" name="TFSTests.TestManagement.TestHubView VerifyTestCaseGridData" />
    </UnitTest>
    <UnitTest name="TFSTests.TestManagement.TestHubView VerifyAssignTesterContextMenuNotShowingForBasicUser" storage="d:\v2.0\a1\_work\dbded102\vso\tfs\service\webaccess\testmanagement\testscripts\tests\tfstests.testmanagement.testhubview.ts" id="05052326-d68a-4be3-a0e7-fd6682efa584">
      <Execution id="5ff447c4-da75-44a2-998e-11f4768d9c4a" />
      <TestMethod codeBase="d:\v2.0\a1\_work\dbded102\vso\tfs\service\webaccess\testmanagement\testscripts\tests\tfstests.testmanagement.testhubview.ts" adapterTypeName="Microsoft.VisualStudio.TestTools.TestTypes.Unit.UnitTestAdapter" className="d:\v2.0\a1\_work\dbded102\vso\tfs\service\webaccess\testmanagement\testscripts\tests\tfstests.testmanagement.testhubview.ts::tfstests.testmanagement" name="TFSTests.TestManagement.TestHubView VerifyAssignTesterContextMenuNotShowingForBasicUser" />
    </UnitTest>
    <UnitTest name="TFSTests.TestManagement.TestHubView VerifyTestPointContextMenuGridItemsCount" storage="d:\v2.0\a1\_work\dbded102\vso\tfs\service\webaccess\testmanagement\testscripts\tests\tfstests.testmanagement.testhubview.ts" id="aa074c82-6e73-4a64-98b7-afd9194a6b5c">
      <Execution id="944c0d0a-02c5-4ea2-bad0-10a04038e519" />
      <TestMethod codeBase="d:\v2.0\a1\_work\dbded102\vso\tfs\service\webaccess\testmanagement\testscripts\tests\tfstests.testmanagement.testhubview.ts" adapterTypeName="Microsoft.VisualStudio.TestTools.TestTypes.Unit.UnitTestAdapter" className="d:\v2.0\a1\_work\dbded102\vso\tfs\service\webaccess\testmanagement\testscripts\tests\tfstests.testmanagement.testhubview.ts::tfstests.testmanagement" name="TFSTests.TestManagement.TestHubView VerifyTestPointContextMenuGridItemsCount" />
    </UnitTest>
    <UnitTest name="TFSTests.TestManagement.TestHubView VerifyToolbarButtonState" storage="d:\v2.0\a1\_work\dbded102\vso\tfs\service\webaccess\testmanagement\testscripts\tests\tfstests.testmanagement.testhubview.ts" id="b2dc02d4-0fde-4b93-b0da-0dbc4a436ab3">
      <Execution id="d3d44c7c-964c-41f4-9334-efd38a167480" />
      <TestMethod codeBase="d:\v2.0\a1\_work\dbded102\vso\tfs\service\webaccess\testmanagement\testscripts\tests\tfstests.testmanagement.testhubview.ts" adapterTypeName="Microsoft.VisualStudio.TestTools.TestTypes.Unit.UnitTestAdapter" className="d:\v2.0\a1\_work\dbded102\vso\tfs\service\webaccess\testmanagement\testscripts\tests\tfstests.testmanagement.testhubview.ts::tfstests.testmanagement" name="TFSTests.TestManagement.TestHubView VerifyToolbarButtonState" />
    </UnitTest>
    <UnitTest name="TFSTests.TestManagement.TestHubView VerifyOpenTestButtonDisabledForMultiSelect" storage="d:\v2.0\a1\_work\dbded102\vso\tfs\service\webaccess\testmanagement\testscripts\tests\tfstests.testmanagement.testhubview.ts" id="badca105-378e-4e13-8584-9c82c237537e">
      <Execution id="0f0c447a-e50e-4f12-84d7-b41e9d43a6fd" />
      <TestMethod codeBase="d:\v2.0\a1\_work\dbded102\vso\tfs\service\webaccess\testmanagement\testscripts\tests\tfstests.testmanagement.testhubview.ts" adapterTypeName="Microsoft.VisualStudio.TestTools.TestTypes.Unit.UnitTestAdapter" className="d:\v2.0\a1\_work\dbded102\vso\tfs\service\webaccess\testmanagement\testscripts\tests\tfstests.testmanagement.testhubview.ts::tfstests.testmanagement" name="TFSTests.TestManagement.TestHubView VerifyOpenTestButtonDisabledForMultiSelect" />
    </UnitTest>
    <UnitTest name="TFSTests.TestManagement.TestHubView VerifyRemoveSuiteNOtAvailableForBasicUsers" storage="d:\v2.0\a1\_work\dbded102\vso\tfs\service\webaccess\testmanagement\testscripts\tests\tfstests.testmanagement.testhubview.ts" id="c84aaef4-497b-4ffe-9ba4-bf5f91c27f15">
      <Execution id="292fff83-0ba4-4ee6-8674-b70f4acedc13" />
      <TestMethod codeBase="d:\v2.0\a1\_work\dbded102\vso\tfs\service\webaccess\testmanagement\testscripts\tests\tfstests.testmanagement.testhubview.ts" adapterTypeName="Microsoft.VisualStudio.TestTools.TestTypes.Unit.UnitTestAdapter" className="d:\v2.0\a1\_work\dbded102\vso\tfs\service\webaccess\testmanagement\testscripts\tests\tfstests.testmanagement.testhubview.ts::tfstests.testmanagement" name="TFSTests.TestManagement.TestHubView VerifyRemoveSuiteNOtAvailableForBasicUsers" />
    </UnitTest>
    <UnitTest name="TFSTests.TestManagement.TestHubView VerifyRemoveTestCaseButtonDisabledIfNoTestCaseSelected" storage="d:\v2.0\a1\_work\dbded102\vso\tfs\service\webaccess\testmanagement\testscripts\tests\tfstests.testmanagement.testhubview.ts" id="50413de3-7cee-45dc-a095-37503a2743f6">
      <Execution id="5976d80e-4ff5-4da5-8300-27c7040af749" />
      <TestMethod codeBase="d:\v2.0\a1\_work\dbded102\vso\tfs\service\webaccess\testmanagement\testscripts\tests\tfstests.testmanagement.testhubview.ts" adapterTypeName="Microsoft.VisualStudio.TestTools.TestTypes.Unit.UnitTestAdapter" className="d:\v2.0\a1\_work\dbded102\vso\tfs\service\webaccess\testmanagement\testscripts\tests\tfstests.testmanagement.testhubview.ts::tfstests.testmanagement" name="TFSTests.TestManagement.TestHubView VerifyRemoveTestCaseButtonDisabledIfNoTestCaseSelected" />
    </UnitTest>
    <UnitTest name="TFSTests.TestManagement.TestHubView VerifyColumnOptionsButtonDisabledIfNoTestCaseSelected" storage="d:\v2.0\a1\_work\dbded102\vso\tfs\service\webaccess\testmanagement\testscripts\tests\tfstests.testmanagement.testhubview.ts" id="76ded4fc-0f0d-4241-a41a-9b51bdda175e">
      <Execution id="78325265-edc9-4471-9410-dd4eed7f19c1" />
      <TestMethod codeBase="d:\v2.0\a1\_work\dbded102\vso\tfs\service\webaccess\testmanagement\testscripts\tests\tfstests.testmanagement.testhubview.ts" adapterTypeName="Microsoft.VisualStudio.TestTools.TestTypes.Unit.UnitTestAdapter" className="d:\v2.0\a1\_work\dbded102\vso\tfs\service\webaccess\testmanagement\testscripts\tests\tfstests.testmanagement.testhubview.ts::tfstests.testmanagement" name="TFSTests.TestManagement.TestHubView VerifyColumnOptionsButtonDisabledIfNoTestCaseSelected" />
    </UnitTest>
    <UnitTest name="TFSTests.TestManagement.TestHubView VerifyNotApplicableButtonDisabledBehavior" storage="d:\v2.0\a1\_work\dbded102\vso\tfs\service\webaccess\testmanagement\testscripts\tests\tfstests.testmanagement.testhubview.ts" id="91462990-8c44-4877-b86f-e828b14c5058">
      <Execution id="6d854af9-7a3a-4af7-885b-0bb35a9bbc3d" />
      <TestMethod codeBase="d:\v2.0\a1\_work\dbded102\vso\tfs\service\webaccess\testmanagement\testscripts\tests\tfstests.testmanagement.testhubview.ts" adapterTypeName="Microsoft.VisualStudio.TestTools.TestTypes.Unit.UnitTestAdapter" className="d:\v2.0\a1\_work\dbded102\vso\tfs\service\webaccess\testmanagement\testscripts\tests\tfstests.testmanagement.testhubview.ts::tfstests.testmanagement" name="TFSTests.TestManagement.TestHubView VerifyNotApplicableButtonDisabledBehavior" />
    </UnitTest>
    <UnitTest name="TFSTests.TestManagement.TestHubView FilterHelperBasicTest" storage="d:\v2.0\a1\_work\dbded102\vso\tfs\service\webaccess\testmanagement\testscripts\tests\tfstests.testmanagement.testhubview.ts" id="39caacb7-a298-4fc9-b816-820491db8e6c">
      <Execution id="d7820970-00c5-4e62-bb5b-6927cae60651" />
      <TestMethod codeBase="d:\v2.0\a1\_work\dbded102\vso\tfs\service\webaccess\testmanagement\testscripts\tests\tfstests.testmanagement.testhubview.ts" adapterTypeName="Microsoft.VisualStudio.TestTools.TestTypes.Unit.UnitTestAdapter" className="d:\v2.0\a1\_work\dbded102\vso\tfs\service\webaccess\testmanagement\testscripts\tests\tfstests.testmanagement.testhubview.ts::tfstests.testmanagement" name="TFSTests.TestManagement.TestHubView FilterHelperBasicTest" />
    </UnitTest>
    <UnitTest name="TFSTests.TestManagement.TestHubView FilterHelperBasicTestForTesterField" storage="d:\v2.0\a1\_work\dbded102\vso\tfs\service\webaccess\testmanagement\testscripts\tests\tfstests.testmanagement.testhubview.ts" id="1e2c6b5d-f04e-4bf4-83a7-20d405ca6d7b">
      <Execution id="db8ead99-c78f-4840-bdeb-0d2c6651656c" />
      <TestMethod codeBase="d:\v2.0\a1\_work\dbded102\vso\tfs\service\webaccess\testmanagement\testscripts\tests\tfstests.testmanagement.testhubview.ts" adapterTypeName="Microsoft.VisualStudio.TestTools.TestTypes.Unit.UnitTestAdapter" className="d:\v2.0\a1\_work\dbded102\vso\tfs\service\webaccess\testmanagement\testscripts\tests\tfstests.testmanagement.testhubview.ts::tfstests.testmanagement" name="TFSTests.TestManagement.TestHubView FilterHelperBasicTestForTesterField" />
    </UnitTest>
    <UnitTest name="TFSTests.TestManagement.TestHubView FilterHelperNoTester" storage="d:\v2.0\a1\_work\dbded102\vso\tfs\service\webaccess\testmanagement\testscripts\tests\tfstests.testmanagement.testhubview.ts" id="fc2aa48c-2f32-418d-9804-47654cbfa537">
      <Execution id="17a82c4e-d3a4-47af-a651-730ad6d3b346" />
      <TestMethod codeBase="d:\v2.0\a1\_work\dbded102\vso\tfs\service\webaccess\testmanagement\testscripts\tests\tfstests.testmanagement.testhubview.ts" adapterTypeName="Microsoft.VisualStudio.TestTools.TestTypes.Unit.UnitTestAdapter" className="d:\v2.0\a1\_work\dbded102\vso\tfs\service\webaccess\testmanagement\testscripts\tests\tfstests.testmanagement.testhubview.ts::tfstests.testmanagement" name="TFSTests.TestManagement.TestHubView FilterHelperNoTester" />
    </UnitTest>
    <UnitTest name="TFSTests.TestManagement.TestHubView FilterHelperTestMultipleFilter" storage="d:\v2.0\a1\_work\dbded102\vso\tfs\service\webaccess\testmanagement\testscripts\tests\tfstests.testmanagement.testhubview.ts" id="58d587ac-c982-4cdf-8ed9-ebe744a11270">
      <Execution id="c7ce3ae8-8b2b-4c54-95c0-c1b3cb591710" />
      <TestMethod codeBase="d:\v2.0\a1\_work\dbded102\vso\tfs\service\webaccess\testmanagement\testscripts\tests\tfstests.testmanagement.testhubview.ts" adapterTypeName="Microsoft.VisualStudio.TestTools.TestTypes.Unit.UnitTestAdapter" className="d:\v2.0\a1\_work\dbded102\vso\tfs\service\webaccess\testmanagement\testscripts\tests\tfstests.testmanagement.testhubview.ts::tfstests.testmanagement" name="TFSTests.TestManagement.TestHubView FilterHelperTestMultipleFilter" />
    </UnitTest>
    <UnitTest name="TFSTests.TestManagement.TestHubView FilterHelperDefaultSelectionTest" storage="d:\v2.0\a1\_work\dbded102\vso\tfs\service\webaccess\testmanagement\testscripts\tests\tfstests.testmanagement.testhubview.ts" id="9733bdd7-4231-4709-a854-0c560033d713">
      <Execution id="06d5469f-5503-419a-b48b-f3d25364659a" />
      <TestMethod codeBase="d:\v2.0\a1\_work\dbded102\vso\tfs\service\webaccess\testmanagement\testscripts\tests\tfstests.testmanagement.testhubview.ts" adapterTypeName="Microsoft.VisualStudio.TestTools.TestTypes.Unit.UnitTestAdapter" className="d:\v2.0\a1\_work\dbded102\vso\tfs\service\webaccess\testmanagement\testscripts\tests\tfstests.testmanagement.testhubview.ts::tfstests.testmanagement" name="TFSTests.TestManagement.TestHubView FilterHelperDefaultSelectionTest" />
    </UnitTest>
    <UnitTest name="TFSTests.TestManagement.TestHubView FilterHelperSelectionStickyTest" storage="d:\v2.0\a1\_work\dbded102\vso\tfs\service\webaccess\testmanagement\testscripts\tests\tfstests.testmanagement.testhubview.ts" id="059c3979-11c0-42d8-9c37-ef853e98d124">
      <Execution id="71feec0d-59b0-45af-8f27-fdd1cbc23c8d" />
      <TestMethod codeBase="d:\v2.0\a1\_work\dbded102\vso\tfs\service\webaccess\testmanagement\testscripts\tests\tfstests.testmanagement.testhubview.ts" adapterTypeName="Microsoft.VisualStudio.TestTools.TestTypes.Unit.UnitTestAdapter" className="d:\v2.0\a1\_work\dbded102\vso\tfs\service\webaccess\testmanagement\testscripts\tests\tfstests.testmanagement.testhubview.ts::tfstests.testmanagement" name="TFSTests.TestManagement.TestHubView FilterHelperSelectionStickyTest" />
    </UnitTest>
    <UnitTest name="TFSTests.TestManagement.TestHubView ValidateClientMTRUrl" storage="d:\v2.0\a1\_work\dbded102\vso\tfs\service\webaccess\testmanagement\testscripts\tests\tfstests.testmanagement.testhubview.ts" id="f391eaa9-009f-4d81-8c66-3f4b7ece5af9">
      <Execution id="87b184ae-6706-447c-a25d-94c6a7cc3224" />
      <TestMethod codeBase="d:\v2.0\a1\_work\dbded102\vso\tfs\service\webaccess\testmanagement\testscripts\tests\tfstests.testmanagement.testhubview.ts" adapterTypeName="Microsoft.VisualStudio.TestTools.TestTypes.Unit.UnitTestAdapter" className="d:\v2.0\a1\_work\dbded102\vso\tfs\service\webaccess\testmanagement\testscripts\tests\tfstests.testmanagement.testhubview.ts::tfstests.testmanagement" name="TFSTests.TestManagement.TestHubView ValidateClientMTRUrl" />
    </UnitTest>
    <UnitTest name="TFSTests.TestManagement.TestHubView ValidateClienResultsUrl" storage="d:\v2.0\a1\_work\dbded102\vso\tfs\service\webaccess\testmanagement\testscripts\tests\tfstests.testmanagement.testhubview.ts" id="a1915bfa-6da5-4b75-a3da-7376c058f54a">
      <Execution id="711bfd55-d492-431a-95e2-606f5186361b" />
      <TestMethod codeBase="d:\v2.0\a1\_work\dbded102\vso\tfs\service\webaccess\testmanagement\testscripts\tests\tfstests.testmanagement.testhubview.ts" adapterTypeName="Microsoft.VisualStudio.TestTools.TestTypes.Unit.UnitTestAdapter" className="d:\v2.0\a1\_work\dbded102\vso\tfs\service\webaccess\testmanagement\testscripts\tests\tfstests.testmanagement.testhubview.ts::tfstests.testmanagement" name="TFSTests.TestManagement.TestHubView ValidateClienResultsUrl" />
    </UnitTest>
    <UnitTest name="TFSTests.TestManagement.TestHubView ValidateClientResultsUrlForManualRun" storage="d:\v2.0\a1\_work\dbded102\vso\tfs\service\webaccess\testmanagement\testscripts\tests\tfstests.testmanagement.testhubview.ts" id="4327825a-6920-4f70-8090-9b69f7f3e340">
      <Execution id="6a34a1d8-d073-4a36-ae38-687e967df732" />
      <TestMethod codeBase="d:\v2.0\a1\_work\dbded102\vso\tfs\service\webaccess\testmanagement\testscripts\tests\tfstests.testmanagement.testhubview.ts" adapterTypeName="Microsoft.VisualStudio.TestTools.TestTypes.Unit.UnitTestAdapter" className="d:\v2.0\a1\_work\dbded102\vso\tfs\service\webaccess\testmanagement\testscripts\tests\tfstests.testmanagement.testhubview.ts::tfstests.testmanagement" name="TFSTests.TestManagement.TestHubView ValidateClientResultsUrlForManualRun" />
    </UnitTest>
    <UnitTest name="TFSTests.TestManagement.TestHubView PageHelper_Constructor" storage="d:\v2.0\a1\_work\dbded102\vso\tfs\service\webaccess\testmanagement\testscripts\tests\tfstests.testmanagement.testhubview.ts" id="b5381c68-9bcc-4142-adc2-c1eae61a3ffd">
      <Execution id="b41b31e8-d7e4-4fc0-b315-8582da0b9e5c" />
      <TestMethod codeBase="d:\v2.0\a1\_work\dbded102\vso\tfs\service\webaccess\testmanagement\testscripts\tests\tfstests.testmanagement.testhubview.ts" adapterTypeName="Microsoft.VisualStudio.TestTools.TestTypes.Unit.UnitTestAdapter" className="d:\v2.0\a1\_work\dbded102\vso\tfs\service\webaccess\testmanagement\testscripts\tests\tfstests.testmanagement.testhubview.ts::tfstests.testmanagement" name="TFSTests.TestManagement.TestHubView PageHelper_Constructor" />
    </UnitTest>
    <UnitTest name="TFSTests.TestManagement.TestHubView PageHelper_BasicPaging" storage="d:\v2.0\a1\_work\dbded102\vso\tfs\service\webaccess\testmanagement\testscripts\tests\tfstests.testmanagement.testhubview.ts" id="f32afd85-0262-4d46-b76e-3eab7e7eabe9">
      <Execution id="05c3e535-7635-4a1d-9fb3-5ca63028d261" />
      <TestMethod codeBase="d:\v2.0\a1\_work\dbded102\vso\tfs\service\webaccess\testmanagement\testscripts\tests\tfstests.testmanagement.testhubview.ts" adapterTypeName="Microsoft.VisualStudio.TestTools.TestTypes.Unit.UnitTestAdapter" className="d:\v2.0\a1\_work\dbded102\vso\tfs\service\webaccess\testmanagement\testscripts\tests\tfstests.testmanagement.testhubview.ts::tfstests.testmanagement" name="TFSTests.TestManagement.TestHubView PageHelper_BasicPaging" />
    </UnitTest>
    <UnitTest name="TFSTests.TestManagement.TestHubView PageHelper_BoundaryCases" storage="d:\v2.0\a1\_work\dbded102\vso\tfs\service\webaccess\testmanagement\testscripts\tests\tfstests.testmanagement.testhubview.ts" id="f5b1501c-1236-4cf8-af55-9fead2b9d4bf">
      <Execution id="71a68a4a-b2e8-46a3-a2e8-8d341a46a6ba" />
      <TestMethod codeBase="d:\v2.0\a1\_work\dbded102\vso\tfs\service\webaccess\testmanagement\testscripts\tests\tfstests.testmanagement.testhubview.ts" adapterTypeName="Microsoft.VisualStudio.TestTools.TestTypes.Unit.UnitTestAdapter" className="d:\v2.0\a1\_work\dbded102\vso\tfs\service\webaccess\testmanagement\testscripts\tests\tfstests.testmanagement.testhubview.ts::tfstests.testmanagement" name="TFSTests.TestManagement.TestHubView PageHelper_BoundaryCases" />
    </UnitTest>
    <UnitTest name="TFSTests.TestManagement.TestHubView RichTextEditorIE11Check" storage="d:\v2.0\a1\_work\dbded102\vso\tfs\service\webaccess\testmanagement\testscripts\tests\tfstests.testmanagement.testhubview.ts" id="b3aa68a5-26a3-40ff-888e-f2838f6b2880">
      <Execution id="7fcbd69e-2d31-4767-940b-2e53cbd5cb5d" />
      <TestMethod codeBase="d:\v2.0\a1\_work\dbded102\vso\tfs\service\webaccess\testmanagement\testscripts\tests\tfstests.testmanagement.testhubview.ts" adapterTypeName="Microsoft.VisualStudio.TestTools.TestTypes.Unit.UnitTestAdapter" className="d:\v2.0\a1\_work\dbded102\vso\tfs\service\webaccess\testmanagement\testscripts\tests\tfstests.testmanagement.testhubview.ts::tfstests.testmanagement" name="TFSTests.TestManagement.TestHubView RichTextEditorIE11Check" />
    </UnitTest>
    <UnitTest name="TFSTests.TestManagement.TestHubView FormatInExcelFormatTest" storage="d:\v2.0\a1\_work\dbded102\vso\tfs\service\webaccess\testmanagement\testscripts\tests\tfstests.testmanagement.testhubview.ts" id="ccf344d8-b28a-4fa5-8434-ec42c0a64a25">
      <Execution id="9a456f1b-ea9f-48d5-aff2-c61424be8396" />
      <TestMethod codeBase="d:\v2.0\a1\_work\dbded102\vso\tfs\service\webaccess\testmanagement\testscripts\tests\tfstests.testmanagement.testhubview.ts" adapterTypeName="Microsoft.VisualStudio.TestTools.TestTypes.Unit.UnitTestAdapter" className="d:\v2.0\a1\_work\dbded102\vso\tfs\service\webaccess\testmanagement\testscripts\tests\tfstests.testmanagement.testhubview.ts::tfstests.testmanagement" name="TFSTests.TestManagement.TestHubView FormatInExcelFormatTest" />
    </UnitTest>
    <UnitTest name="TFSTests.TestManagement.TestSuitesAndResultsPane RefreshSuitePanePaneListCallsGetSuiteApi" storage="d:\v2.0\a1\_work\dbded102\vso\tfs\service\webaccess\testmanagement\testscripts\tests\tfstests.testmanagement.testsuitesandresultspane.ts" id="9bebe953-c920-46b5-8574-08990a4d12b3">
      <Execution id="9f774851-be0e-4818-b810-c48985e00a79" />
      <TestMethod codeBase="d:\v2.0\a1\_work\dbded102\vso\tfs\service\webaccess\testmanagement\testscripts\tests\tfstests.testmanagement.testsuitesandresultspane.ts" adapterTypeName="Microsoft.VisualStudio.TestTools.TestTypes.Unit.UnitTestAdapter" className="d:\v2.0\a1\_work\dbded102\vso\tfs\service\webaccess\testmanagement\testscripts\tests\tfstests.testmanagement.testsuitesandresultspane.ts::tfstests.testmanagement" name="TFSTests.TestManagement.TestSuitesAndResultsPane RefreshSuitePanePaneListCallsGetSuiteApi" />
    </UnitTest>
    <UnitTest name="TFSTests.TestManagement.TestSuitesAndResultsPane RefreshResultsPaneListCallsGetResultsApi" storage="d:\v2.0\a1\_work\dbded102\vso\tfs\service\webaccess\testmanagement\testscripts\tests\tfstests.testmanagement.testsuitesandresultspane.ts" id="8d4798bc-11be-4b2f-8eb2-b6394c4a5fc1">
      <Execution id="a94cee4a-c8b2-4e15-88be-1f45967f79ca" />
      <TestMethod codeBase="d:\v2.0\a1\_work\dbded102\vso\tfs\service\webaccess\testmanagement\testscripts\tests\tfstests.testmanagement.testsuitesandresultspane.ts" adapterTypeName="Microsoft.VisualStudio.TestTools.TestTypes.Unit.UnitTestAdapter" className="d:\v2.0\a1\_work\dbded102\vso\tfs\service\webaccess\testmanagement\testscripts\tests\tfstests.testmanagement.testsuitesandresultspane.ts::tfstests.testmanagement" name="TFSTests.TestManagement.TestSuitesAndResultsPane RefreshResultsPaneListCallsGetResultsApi" />
    </UnitTest>
    <UnitTest name="TFSTests.TestManagement.TestSuitesAndResultsPane PopulateDataGridCallsGetResultsApi" storage="d:\v2.0\a1\_work\dbded102\vso\tfs\service\webaccess\testmanagement\testscripts\tests\tfstests.testmanagement.testsuitesandresultspane.ts" id="5e2b331c-1624-404b-8f57-6d8aaef11a32">
      <Execution id="e0bcb54c-b88a-45d5-bb92-ca1ff639f8d3" />
      <TestMethod codeBase="d:\v2.0\a1\_work\dbded102\vso\tfs\service\webaccess\testmanagement\testscripts\tests\tfstests.testmanagement.testsuitesandresultspane.ts" adapterTypeName="Microsoft.VisualStudio.TestTools.TestTypes.Unit.UnitTestAdapter" className="d:\v2.0\a1\_work\dbded102\vso\tfs\service\webaccess\testmanagement\testscripts\tests\tfstests.testmanagement.testsuitesandresultspane.ts::tfstests.testmanagement" name="TFSTests.TestManagement.TestSuitesAndResultsPane PopulateDataGridCallsGetResultsApi" />
    </UnitTest>
    <UnitTest name="TFSTests.TestManagement.TestSuitesAndResultsPane PaneDoesNotRefreshIfParamsDontChange" storage="d:\v2.0\a1\_work\dbded102\vso\tfs\service\webaccess\testmanagement\testscripts\tests\tfstests.testmanagement.testsuitesandresultspane.ts" id="eb1acb12-e68b-48e4-bb56-b49eae6c09b1">
      <Execution id="d2f5d783-65a2-4ce3-be5e-8e267cb6eb75" />
      <TestMethod codeBase="d:\v2.0\a1\_work\dbded102\vso\tfs\service\webaccess\testmanagement\testscripts\tests\tfstests.testmanagement.testsuitesandresultspane.ts" adapterTypeName="Microsoft.VisualStudio.TestTools.TestTypes.Unit.UnitTestAdapter" className="d:\v2.0\a1\_work\dbded102\vso\tfs\service\webaccess\testmanagement\testscripts\tests\tfstests.testmanagement.testsuitesandresultspane.ts::tfstests.testmanagement" name="TFSTests.TestManagement.TestSuitesAndResultsPane PaneDoesNotRefreshIfParamsDontChange" />
    </UnitTest>
    <UnitTest name="TFSTests.TestManagement.SuitesTreeTests VerifyAssignTestersToSuiteContextMenuCommand" storage="d:\v2.0\a1\_work\dbded102\vso\tfs\service\webaccess\testmanagement\testscripts\tests\tfstests.testmanagement.testsuitetree.ts" id="7b56ded8-f8ed-4f0f-9470-e7037f2fe603">
      <Execution id="fa4beb7e-09c7-4a16-9864-ee148a9386a9" />
      <TestMethod codeBase="d:\v2.0\a1\_work\dbded102\vso\tfs\service\webaccess\testmanagement\testscripts\tests\tfstests.testmanagement.testsuitetree.ts" adapterTypeName="Microsoft.VisualStudio.TestTools.TestTypes.Unit.UnitTestAdapter" className="d:\v2.0\a1\_work\dbded102\vso\tfs\service\webaccess\testmanagement\testscripts\tests\tfstests.testmanagement.testsuitetree.ts::tfstests.testmanagement" name="TFSTests.TestManagement.SuitesTreeTests VerifyAssignTestersToSuiteContextMenuCommand" />
    </UnitTest>
    <UnitTest name="TFSTests.TestManagement.TestResults.ResultsGrid Results detail view model constructor test" storage="d:\v2.0\a1\_work\dbded102\vso\tfs\service\webaccess\testmanagement\testscripts\tests\tfstests.testmanagement.testresults.resultsdetail.ts" id="6e6e71f3-c9a4-4cac-b5dd-baf4374ceeef">
      <Execution id="30d84079-5477-4f53-b234-40f3b3284df6" />
      <TestMethod codeBase="d:\v2.0\a1\_work\dbded102\vso\tfs\service\webaccess\testmanagement\testscripts\tests\tfstests.testmanagement.testresults.resultsdetail.ts" adapterTypeName="Microsoft.VisualStudio.TestTools.TestTypes.Unit.UnitTestAdapter" className="d:\v2.0\a1\_work\dbded102\vso\tfs\service\webaccess\testmanagement\testscripts\tests\tfstests.testmanagement.testresults.resultsdetail.ts::tfstests.testmanagement.testresults" name="TFSTests.TestManagement.TestResults.ResultsGrid Results detail view model constructor test" />
    </UnitTest>
    <UnitTest name="TFSTests.TestManagement.TestResults.ResultsGrid Ensure that onDisplayeDelegate is called back" storage="d:\v2.0\a1\_work\dbded102\vso\tfs\service\webaccess\testmanagement\testscripts\tests\tfstests.testmanagement.testresults.resultsdetail.ts" id="3fb28fa0-0860-4dd2-8149-13f3ab111800">
      <Execution id="8c7f1aac-aa96-42ce-b2a7-1ff6175c2761" />
      <TestMethod codeBase="d:\v2.0\a1\_work\dbded102\vso\tfs\service\webaccess\testmanagement\testscripts\tests\tfstests.testmanagement.testresults.resultsdetail.ts" adapterTypeName="Microsoft.VisualStudio.TestTools.TestTypes.Unit.UnitTestAdapter" className="d:\v2.0\a1\_work\dbded102\vso\tfs\service\webaccess\testmanagement\testscripts\tests\tfstests.testmanagement.testresults.resultsdetail.ts::tfstests.testmanagement.testresults" name="TFSTests.TestManagement.TestResults.ResultsGrid Ensure that onDisplayeDelegate is called back" />
    </UnitTest>
    <UnitTest name="TFSTests.TestManagement.TestResults.ResultsGrid Ensure that load calls the results" storage="d:\v2.0\a1\_work\dbded102\vso\tfs\service\webaccess\testmanagement\testscripts\tests\tfstests.testmanagement.testresults.resultsdetail.ts" id="6bbaceb9-3934-4ebf-894f-c5e50efa9db3">
      <Execution id="96132ede-389a-4ef3-8235-20cb12cbd323" />
      <TestMethod codeBase="d:\v2.0\a1\_work\dbded102\vso\tfs\service\webaccess\testmanagement\testscripts\tests\tfstests.testmanagement.testresults.resultsdetail.ts" adapterTypeName="Microsoft.VisualStudio.TestTools.TestTypes.Unit.UnitTestAdapter" className="d:\v2.0\a1\_work\dbded102\vso\tfs\service\webaccess\testmanagement\testscripts\tests\tfstests.testmanagement.testresults.resultsdetail.ts::tfstests.testmanagement.testresults" name="TFSTests.TestManagement.TestResults.ResultsGrid Ensure that load calls the results" />
    </UnitTest>
    <UnitTest name="TFSTests.TestManagement.TestResults.ResultsDetailsPane VerifySummaryUpdateOnResultChange" storage="d:\v2.0\a1\_work\dbded102\vso\tfs\service\webaccess\testmanagement\testscripts\tests\tfstests.testmanagement.testresults.resultsdetail.ts" id="078735af-bd25-4169-9032-96d7dc67db2f">
      <Execution id="e46a5d7a-72bc-45bd-a07e-2aee38bdb2f6" />
      <TestMethod codeBase="d:\v2.0\a1\_work\dbded102\vso\tfs\service\webaccess\testmanagement\testscripts\tests\tfstests.testmanagement.testresults.resultsdetail.ts" adapterTypeName="Microsoft.VisualStudio.TestTools.TestTypes.Unit.UnitTestAdapter" className="d:\v2.0\a1\_work\dbded102\vso\tfs\service\webaccess\testmanagement\testscripts\tests\tfstests.testmanagement.testresults.resultsdetail.ts::tfstests.testmanagement.testresults" name="TFSTests.TestManagement.TestResults.ResultsDetailsPane VerifySummaryUpdateOnResultChange" />
    </UnitTest>
    <UnitTest name="TFSTests.TestManagement.TestResults.TestResultsExtensionTests VerifyExceptionIsThrownForNullOption" storage="d:\v2.0\a1\_work\dbded102\vso\tfs\service\webaccess\testmanagement\testscripts\tests\tfstests.testmanagement.testresults.extension.ts" id="56369843-a9e3-4fb5-83f8-65a5881b9414">
      <Execution id="f095426b-c221-4255-bb39-4fcc3c97b5ee" />
      <TestMethod codeBase="d:\v2.0\a1\_work\dbded102\vso\tfs\service\webaccess\testmanagement\testscripts\tests\tfstests.testmanagement.testresults.extension.ts" adapterTypeName="Microsoft.VisualStudio.TestTools.TestTypes.Unit.UnitTestAdapter" className="d:\v2.0\a1\_work\dbded102\vso\tfs\service\webaccess\testmanagement\testscripts\tests\tfstests.testmanagement.testresults.extension.ts::tfstests.testmanagement.testresults" name="TFSTests.TestManagement.TestResults.TestResultsExtensionTests VerifyExceptionIsThrownForNullOption" />
    </UnitTest>
    <UnitTest name="TFSTests.TestManagement.TestResults.TestResultsExtensionTests VerifyOnDisplayCallbackIsHandled" storage="d:\v2.0\a1\_work\dbded102\vso\tfs\service\webaccess\testmanagement\testscripts\tests\tfstests.testmanagement.testresults.extension.ts" id="d8aac0cc-84ca-4c20-8ded-6a0ea08e9963">
      <Execution id="331efaad-3943-4da5-abdc-813b3a99fc2b" />
      <TestMethod codeBase="d:\v2.0\a1\_work\dbded102\vso\tfs\service\webaccess\testmanagement\testscripts\tests\tfstests.testmanagement.testresults.extension.ts" adapterTypeName="Microsoft.VisualStudio.TestTools.TestTypes.Unit.UnitTestAdapter" className="d:\v2.0\a1\_work\dbded102\vso\tfs\service\webaccess\testmanagement\testscripts\tests\tfstests.testmanagement.testresults.extension.ts::tfstests.testmanagement.testresults" name="TFSTests.TestManagement.TestResults.TestResultsExtensionTests VerifyOnDisplayCallbackIsHandled" />
    </UnitTest>
    <UnitTest name="TFSTests.TestManagement.TestResults.TestResultsExtensionTests VerifyCreateViewIsCalledOnInitialize" storage="d:\v2.0\a1\_work\dbded102\vso\tfs\service\webaccess\testmanagement\testscripts\tests\tfstests.testmanagement.testresults.extension.ts" id="ec6eea14-e2b7-4985-ba82-e38130e188a8">
      <Execution id="53b6d596-9189-4807-b18e-febe4f7eb9ff" />
      <TestMethod codeBase="d:\v2.0\a1\_work\dbded102\vso\tfs\service\webaccess\testmanagement\testscripts\tests\tfstests.testmanagement.testresults.extension.ts" adapterTypeName="Microsoft.VisualStudio.TestTools.TestTypes.Unit.UnitTestAdapter" className="d:\v2.0\a1\_work\dbded102\vso\tfs\service\webaccess\testmanagement\testscripts\tests\tfstests.testmanagement.testresults.extension.ts::tfstests.testmanagement.testresults" name="TFSTests.TestManagement.TestResults.TestResultsExtensionTests VerifyCreateViewIsCalledOnInitialize" />
    </UnitTest>
    <UnitTest name="TFSTests.TestManagement.TestResults.BuildContextHandlerTest VerifySourceCallbackLoadsResultViewModel" storage="d:\v2.0\a1\_work\dbded102\vso\tfs\service\webaccess\testmanagement\testscripts\tests\tfstests.testmanagement.testresults.extension.ts" id="d9613bca-151f-4e61-8ba5-2e420dbe8484">
      <Execution id="3a9792d8-6281-4ffa-9b5c-d87890d91738" />
      <TestMethod codeBase="d:\v2.0\a1\_work\dbded102\vso\tfs\service\webaccess\testmanagement\testscripts\tests\tfstests.testmanagement.testresults.extension.ts" adapterTypeName="Microsoft.VisualStudio.TestTools.TestTypes.Unit.UnitTestAdapter" className="d:\v2.0\a1\_work\dbded102\vso\tfs\service\webaccess\testmanagement\testscripts\tests\tfstests.testmanagement.testresults.extension.ts::tfstests.testmanagement.testresults" name="TFSTests.TestManagement.TestResults.BuildContextHandlerTest VerifySourceCallbackLoadsResultViewModel" />
    </UnitTest>
    <UnitTest name="TFSTests.TestManagement.TestResults.BuildContextHandlerTest VerifyOnDisplayCallbackIsHandled" storage="d:\v2.0\a1\_work\dbded102\vso\tfs\service\webaccess\testmanagement\testscripts\tests\tfstests.testmanagement.testresults.extension.ts" id="083cabdb-bdb6-4a24-bf2b-4fb055964640">
      <Execution id="6973a5ce-31cd-4281-b414-b99695215a58" />
      <TestMethod codeBase="d:\v2.0\a1\_work\dbded102\vso\tfs\service\webaccess\testmanagement\testscripts\tests\tfstests.testmanagement.testresults.extension.ts" adapterTypeName="Microsoft.VisualStudio.TestTools.TestTypes.Unit.UnitTestAdapter" className="d:\v2.0\a1\_work\dbded102\vso\tfs\service\webaccess\testmanagement\testscripts\tests\tfstests.testmanagement.testresults.extension.ts::tfstests.testmanagement.testresults" name="TFSTests.TestManagement.TestResults.BuildContextHandlerTest VerifyOnDisplayCallbackIsHandled" />
    </UnitTest>
    <UnitTest name="TFSTests.TestManagement.TestResults.TestReportDataParserTests ValidateParseDuration" storage="d:\v2.0\a1\_work\dbded102\vso\tfs\service\webaccess\testmanagement\testscripts\tests\tfstests.testmanagement.testresults.extension.ts" id="0f5c45d4-962d-4992-9cda-10197c11d87a">
      <Execution id="9a31fae1-1fd5-41f1-956d-3c81749f5018" />
      <TestMethod codeBase="d:\v2.0\a1\_work\dbded102\vso\tfs\service\webaccess\testmanagement\testscripts\tests\tfstests.testmanagement.testresults.extension.ts" adapterTypeName="Microsoft.VisualStudio.TestTools.TestTypes.Unit.UnitTestAdapter" className="d:\v2.0\a1\_work\dbded102\vso\tfs\service\webaccess\testmanagement\testscripts\tests\tfstests.testmanagement.testresults.extension.ts::tfstests.testmanagement.testresults" name="TFSTests.TestManagement.TestResults.TestReportDataParserTests ValidateParseDuration" />
    </UnitTest>
    <UnitTest name="TFSTests.TestManagement.TestResults.TestReportDataParserTests ValidateParseFailureData" storage="d:\v2.0\a1\_work\dbded102\vso\tfs\service\webaccess\testmanagement\testscripts\tests\tfstests.testmanagement.testresults.extension.ts" id="0e849104-189c-4390-821d-f4338392cb36">
      <Execution id="68f20de9-3d2e-49b5-82f2-67f5802b56fc" />
      <TestMethod codeBase="d:\v2.0\a1\_work\dbded102\vso\tfs\service\webaccess\testmanagement\testscripts\tests\tfstests.testmanagement.testresults.extension.ts" adapterTypeName="Microsoft.VisualStudio.TestTools.TestTypes.Unit.UnitTestAdapter" className="d:\v2.0\a1\_work\dbded102\vso\tfs\service\webaccess\testmanagement\testscripts\tests\tfstests.testmanagement.testresults.extension.ts::tfstests.testmanagement.testresults" name="TFSTests.TestManagement.TestResults.TestReportDataParserTests ValidateParseFailureData" />
    </UnitTest>
  </TestDefinitions>
  <TestEntries>
    <TestEntry testId="e1ab2436-0699-4708-af31-e325e4d7e957" executionId="df9f38a7-f7e5-4cb9-8914-7e8c36be5e8e" testListId="8c84fa94-04c1-424b-9868-57a2d4851a1d" />
    <TestEntry testId="bc8dd0ec-a5c5-498c-a7d0-72fe88ee81e7" executionId="0c792b9d-3c8e-4038-b0a9-5ba3ec594b6e" testListId="8c84fa94-04c1-424b-9868-57a2d4851a1d" />
    <TestEntry testId="13935cc6-f383-44fa-9d80-4edb52431b90" executionId="8b8451d1-3e8f-49f2-98a0-f844ce4b4b10" testListId="8c84fa94-04c1-424b-9868-57a2d4851a1d" />
    <TestEntry testId="ef7a2807-cab8-45d4-9751-c4513fab4410" executionId="4c9e34bf-12e8-48b2-8710-b527b50e737a" testListId="8c84fa94-04c1-424b-9868-57a2d4851a1d" />
    <TestEntry testId="0ba8ab54-f35a-402d-b1ff-6710ffac1deb" executionId="19e4062f-d004-460e-9622-90f0b67712c9" testListId="8c84fa94-04c1-424b-9868-57a2d4851a1d" />
    <TestEntry testId="d7a7ccf3-31e5-4413-b9e5-f3bb2cf10e4e" executionId="42e34782-b4fe-4094-907c-96c5816bbaf3" testListId="8c84fa94-04c1-424b-9868-57a2d4851a1d" />
    <TestEntry testId="a3f19d37-01ef-4ef9-b38e-f75ffd034f2b" executionId="0181f9f3-652e-49e9-8e50-eb3c032e83d4" testListId="8c84fa94-04c1-424b-9868-57a2d4851a1d" />
    <TestEntry testId="f8ed318d-34cf-4292-81cf-55ae0ed2ff5e" executionId="dbb2244f-90ae-4c7b-aa35-0cd9da763863" testListId="8c84fa94-04c1-424b-9868-57a2d4851a1d" />
    <TestEntry testId="e1d92425-60ce-4cd8-af0d-6f739ccac9a2" executionId="8906e618-5a4c-4450-9cb3-32e0213c958f" testListId="8c84fa94-04c1-424b-9868-57a2d4851a1d" />
    <TestEntry testId="a2556612-cca7-4229-b1bc-0c27d3a72788" executionId="eb48b6ae-78b6-428e-8a43-899daa961fad" testListId="8c84fa94-04c1-424b-9868-57a2d4851a1d" />
    <TestEntry testId="cb13feee-39f2-42b1-95b3-7e02af6bdc4a" executionId="37dcd49d-8551-42ca-a6c4-b644f12f6963" testListId="8c84fa94-04c1-424b-9868-57a2d4851a1d" />
    <TestEntry testId="b6973cbd-4f6e-4cc9-9778-db50bf39f8f9" executionId="9a36d004-cc20-4834-b9e8-11c499ec71bc" testListId="8c84fa94-04c1-424b-9868-57a2d4851a1d" />
    <TestEntry testId="48538775-278b-4ae8-a36f-d065baaba631" executionId="ea144bf0-3298-478c-ad37-4987f5d0776b" testListId="8c84fa94-04c1-424b-9868-57a2d4851a1d" />
    <TestEntry testId="5099187c-7f85-41e9-a70b-5a4df58732ee" executionId="7005b303-f06c-4c37-81d1-c2a0069f55cf" testListId="8c84fa94-04c1-424b-9868-57a2d4851a1d" />
    <TestEntry testId="9e33ae50-fdba-4e00-85b3-1d0f7c50d340" executionId="b9144dd5-f4ed-40af-aadd-d44de5a48ccc" testListId="8c84fa94-04c1-424b-9868-57a2d4851a1d" />
    <TestEntry testId="bfcd1d54-667f-4be6-8166-fd85650ec5d5" executionId="dee8bfb5-7389-4dae-8f0f-7ef48a68094b" testListId="8c84fa94-04c1-424b-9868-57a2d4851a1d" />
    <TestEntry testId="b5005283-7818-43f5-be9d-d586cbd52964" executionId="57177854-6592-474f-a91c-5bdbefb019f4" testListId="8c84fa94-04c1-424b-9868-57a2d4851a1d" />
    <TestEntry testId="78ed904f-f9ae-4d79-8290-a1d97e378a5d" executionId="cb4497bf-1068-46c7-9796-26fa24dd71f8" testListId="8c84fa94-04c1-424b-9868-57a2d4851a1d" />
    <TestEntry testId="c4cec040-1b9a-4b54-84e7-c340c4d77a64" executionId="1f9465b8-86ac-4b67-8b97-57ac30857a4d" testListId="8c84fa94-04c1-424b-9868-57a2d4851a1d" />
    <TestEntry testId="7657d399-dd31-49c9-9640-50e44f6fbbcd" executionId="bf1edbb4-87a8-4135-b5f0-8f04161d7362" testListId="8c84fa94-04c1-424b-9868-57a2d4851a1d" />
    <TestEntry testId="34df631f-b5e3-4ec1-89be-4ab607654ed5" executionId="e5b60f33-0f82-4150-b586-c9d47b9aae4b" testListId="8c84fa94-04c1-424b-9868-57a2d4851a1d" />
    <TestEntry testId="c6555a91-74b3-4bc6-94f3-79d47e86e176" executionId="6ecd45a3-e4d1-4ab7-847f-881f610071db" testListId="8c84fa94-04c1-424b-9868-57a2d4851a1d" />
    <TestEntry testId="d5b3b6c5-9555-4398-bbe8-2ded6a6f176d" executionId="061a7c16-d5dc-40e3-bb94-c08c70c64e38" testListId="8c84fa94-04c1-424b-9868-57a2d4851a1d" />
    <TestEntry testId="08cdd832-6aad-48e1-949a-9b2e3c770366" executionId="b2138e79-2d73-4d85-addd-05e99e79adea" testListId="8c84fa94-04c1-424b-9868-57a2d4851a1d" />
    <TestEntry testId="953f6eec-ca67-4912-8f2d-178dbf1c263a" executionId="94538b21-efd7-4f00-9f76-c3e7e09eb9da" testListId="8c84fa94-04c1-424b-9868-57a2d4851a1d" />
    <TestEntry testId="da11ae11-332b-4bce-9547-06f9be842fff" executionId="8a2e3e68-5de0-45d9-8adb-d801adf6545b" testListId="8c84fa94-04c1-424b-9868-57a2d4851a1d" />
    <TestEntry testId="674bb8c5-6ce9-407a-9ad1-58df907aa4dc" executionId="08372d32-c32a-402e-9999-8e9e5ad17eae" testListId="8c84fa94-04c1-424b-9868-57a2d4851a1d" />
    <TestEntry testId="6250bc5e-f091-4611-a82f-a86dc0f04ce8" executionId="1cb975e6-3927-4bea-b731-2d36feceafc6" testListId="8c84fa94-04c1-424b-9868-57a2d4851a1d" />
    <TestEntry testId="003e2dcc-883d-4bd3-8683-3a74b35aa06e" executionId="3e72a4e5-65bb-432a-b47c-05ed118d7273" testListId="8c84fa94-04c1-424b-9868-57a2d4851a1d" />
    <TestEntry testId="62c9f1c0-0f18-4c9d-8640-6998f3b451e9" executionId="e8b81886-dbba-43d4-8072-01802f105657" testListId="8c84fa94-04c1-424b-9868-57a2d4851a1d" />
    <TestEntry testId="6fdc9235-5a9a-487f-a40f-a267ab58edca" executionId="b15c1af2-d5dd-4554-9baa-fdf075183acb" testListId="8c84fa94-04c1-424b-9868-57a2d4851a1d" />
    <TestEntry testId="7fd51eae-31f5-48d6-b9e9-1ee48104e127" executionId="6db5de20-3247-4457-b0a0-998191a4a9b2" testListId="8c84fa94-04c1-424b-9868-57a2d4851a1d" />
    <TestEntry testId="6408be1c-6e82-4a86-8471-2cfedd3ec4f0" executionId="9096c63a-1442-4d17-b21f-0675b567d1c5" testListId="8c84fa94-04c1-424b-9868-57a2d4851a1d" />
    <TestEntry testId="1fd32554-5d2b-48ea-80fb-caf41591e46f" executionId="13b57279-a012-4394-a6c5-10206236ea6b" testListId="8c84fa94-04c1-424b-9868-57a2d4851a1d" />
    <TestEntry testId="22c734fe-b554-477a-b65e-db713f842353" executionId="d15d2bb3-80b7-4cfa-9971-4e3557d05974" testListId="8c84fa94-04c1-424b-9868-57a2d4851a1d" />
    <TestEntry testId="675f2a75-1601-413c-9bec-287efa35f71a" executionId="999f75b3-5e0d-418f-8490-65eb9c082d27" testListId="8c84fa94-04c1-424b-9868-57a2d4851a1d" />
    <TestEntry testId="d3fe02bc-6988-498f-a8a2-b6827b292107" executionId="687da101-1faa-4f0e-ac40-740062c8df65" testListId="8c84fa94-04c1-424b-9868-57a2d4851a1d" />
    <TestEntry testId="24c9ef1b-6da3-4205-bb4d-07c29fa21d97" executionId="a1510e91-f335-47de-92e5-54aff7290d8b" testListId="8c84fa94-04c1-424b-9868-57a2d4851a1d" />
    <TestEntry testId="1f0df0f6-daf0-4615-9443-f992b94bcfb0" executionId="d2f15226-8826-4d47-982e-ed198e77e0d3" testListId="8c84fa94-04c1-424b-9868-57a2d4851a1d" />
    <TestEntry testId="4360f71b-38c2-4d7d-a94d-be24b79d58dc" executionId="66a18147-3465-4225-a39f-b3e1b8000a21" testListId="8c84fa94-04c1-424b-9868-57a2d4851a1d" />
    <TestEntry testId="28afdceb-3271-4fca-ba66-ae8c25c4b7f5" executionId="b34777c3-b185-4ea5-a81c-ae4a14381fc4" testListId="8c84fa94-04c1-424b-9868-57a2d4851a1d" />
    <TestEntry testId="36036c56-6865-4857-a7e9-ffb4d036f717" executionId="324cb346-59e9-465c-86cd-2953db405b08" testListId="8c84fa94-04c1-424b-9868-57a2d4851a1d" />
    <TestEntry testId="4463ab9a-f42c-4ee8-8630-a73dc1688761" executionId="bc0c4962-55de-4666-8d07-6d0abe4f96d6" testListId="8c84fa94-04c1-424b-9868-57a2d4851a1d" />
    <TestEntry testId="8d3b4510-5929-4954-97ec-dbd09ac6a286" executionId="0d404fb7-f710-4a91-9f9e-0ccbdb6e6cd7" testListId="8c84fa94-04c1-424b-9868-57a2d4851a1d" />
    <TestEntry testId="98cb1937-f15c-415d-b5ea-0b73090860bf" executionId="9833cd47-daa8-442e-8ba2-a5bd33ffa28e" testListId="8c84fa94-04c1-424b-9868-57a2d4851a1d" />
    <TestEntry testId="104b8014-5b20-45d6-8165-3cbfe2101f05" executionId="6ca521b6-d483-4b82-97b5-7831642e7e7b" testListId="8c84fa94-04c1-424b-9868-57a2d4851a1d" />
    <TestEntry testId="bc92df5a-849d-4b98-8ffb-f250e00f08ee" executionId="6c277836-727f-4dc9-8581-2c49eefb3123" testListId="8c84fa94-04c1-424b-9868-57a2d4851a1d" />
    <TestEntry testId="eb2ace46-1967-48f6-b1a1-1337422c160b" executionId="90aade58-00ec-471d-b142-d7fa41be7c45" testListId="8c84fa94-04c1-424b-9868-57a2d4851a1d" />
    <TestEntry testId="baf47d58-acdc-43ac-afca-fac9db6c4607" executionId="c94ca672-1c57-4176-9a33-d209ec3679b4" testListId="8c84fa94-04c1-424b-9868-57a2d4851a1d" />
    <TestEntry testId="0d75790b-dec7-493b-b607-09e8be28c4f6" executionId="13ffb28b-20a2-4a8c-92d4-ed513880b002" testListId="8c84fa94-04c1-424b-9868-57a2d4851a1d" />
    <TestEntry testId="a9f57252-b6b0-4c50-9241-c5bcc3652da3" executionId="3363fb8e-cb0f-4589-bf9e-cbe3190fb346" testListId="8c84fa94-04c1-424b-9868-57a2d4851a1d" />
    <TestEntry testId="acebb775-8552-4156-ba46-413ed6bf6dcf" executionId="ad21b580-ba49-4563-a7d9-6ea05af5cdd8" testListId="8c84fa94-04c1-424b-9868-57a2d4851a1d" />
    <TestEntry testId="44fcd511-0cf3-4065-9e41-67616d7aa5c9" executionId="0636f5f5-4d90-4ffd-9987-8d8789ff5044" testListId="8c84fa94-04c1-424b-9868-57a2d4851a1d" />
    <TestEntry testId="42c13c6a-d22f-4982-a2ea-703f1c8f6cbd" executionId="566dcea2-e8f4-45c8-92f2-3838e1a2001b" testListId="8c84fa94-04c1-424b-9868-57a2d4851a1d" />
    <TestEntry testId="ad2e61cd-3483-4b9d-894b-f05a76cbf0f5" executionId="ab71a7cf-012f-46af-b5ce-22ee7598c68a" testListId="8c84fa94-04c1-424b-9868-57a2d4851a1d" />
    <TestEntry testId="79ee52b4-b765-4622-bbf2-69a4181a7dfa" executionId="0ee99e02-b907-4d19-9fd5-2a75748b6e39" testListId="8c84fa94-04c1-424b-9868-57a2d4851a1d" />
    <TestEntry testId="ab80f20b-549a-49c3-86b8-d3a3d010d374" executionId="06a894c1-943a-4b1e-8025-2a053559173b" testListId="8c84fa94-04c1-424b-9868-57a2d4851a1d" />
    <TestEntry testId="b5704d4d-ed13-4fd7-a69d-5a7dba7157be" executionId="a93b6a53-7d6f-426a-9c91-04dec60c9714" testListId="8c84fa94-04c1-424b-9868-57a2d4851a1d" />
    <TestEntry testId="e37472d2-bd5f-41a2-8e97-ac8ffe269e4a" executionId="e7b1724e-f44c-4ac9-8100-06a4cfeed98a" testListId="8c84fa94-04c1-424b-9868-57a2d4851a1d" />
    <TestEntry testId="25022b5f-969d-4e2f-8ce1-183f0dd3a9da" executionId="c6252075-c7a3-458b-9781-a0136fcf7103" testListId="8c84fa94-04c1-424b-9868-57a2d4851a1d" />
    <TestEntry testId="f44eef26-adf2-4f0b-a86f-63b1985f2726" executionId="cf578ea9-84d0-4bfd-ba06-11ac50ffe098" testListId="8c84fa94-04c1-424b-9868-57a2d4851a1d" />
    <TestEntry testId="e6c8e806-bfb1-459b-ba2d-5d6784a190a4" executionId="aa83e23b-199f-4c4f-8ea1-4c5a3da7f8f4" testListId="8c84fa94-04c1-424b-9868-57a2d4851a1d" />
    <TestEntry testId="3613609a-f00c-440d-8b32-1f481da5c8f4" executionId="ce45a23d-eac3-44b0-9538-15011b32d6f5" testListId="8c84fa94-04c1-424b-9868-57a2d4851a1d" />
    <TestEntry testId="29b1812d-25ff-4b30-a2d9-eb515db9b422" executionId="547a69a9-e9bc-4499-948b-8622241512b6" testListId="8c84fa94-04c1-424b-9868-57a2d4851a1d" />
    <TestEntry testId="11530a61-c832-4c92-a45d-fea7ff1d852b" executionId="1a825d20-7395-4152-a5d2-41eb5a28f600" testListId="8c84fa94-04c1-424b-9868-57a2d4851a1d" />
    <TestEntry testId="d88a7ac2-63fb-4c81-b486-ab0c4856b19e" executionId="b70da01c-be1a-4c5c-b717-77773f1491c6" testListId="8c84fa94-04c1-424b-9868-57a2d4851a1d" />
    <TestEntry testId="52b7e93a-04b5-4a3b-8a94-4a4153813d6c" executionId="cfda375f-9884-47ce-a4d0-712d721f4295" testListId="8c84fa94-04c1-424b-9868-57a2d4851a1d" />
    <TestEntry testId="097d04f9-5863-4f5b-9e17-fa91b1b66254" executionId="97b2a7c5-7704-4125-b015-1631d12b8c52" testListId="8c84fa94-04c1-424b-9868-57a2d4851a1d" />
    <TestEntry testId="ef19249c-2256-4f97-aadc-5b2e567f6707" executionId="0ebdb3bf-35d0-4d7f-9646-fe0329f85514" testListId="8c84fa94-04c1-424b-9868-57a2d4851a1d" />
    <TestEntry testId="2c774329-a1e1-4662-b775-9e09bdd05ae3" executionId="cc164c2c-2155-4c8e-b76c-2de399164e04" testListId="8c84fa94-04c1-424b-9868-57a2d4851a1d" />
    <TestEntry testId="8bb1bc08-32a2-4464-94e8-d5ad73d11f62" executionId="886389b2-9dac-4651-8ab4-91c6bc92eb9e" testListId="8c84fa94-04c1-424b-9868-57a2d4851a1d" />
    <TestEntry testId="aa77ead3-5768-4706-a140-f87457d8b838" executionId="15729d6a-665f-4a66-9e1a-531193fb055b" testListId="8c84fa94-04c1-424b-9868-57a2d4851a1d" />
    <TestEntry testId="5ebad6ac-36ae-4cae-bc39-66683d75b6b4" executionId="3b3e33e0-cad4-4699-8f55-78c7720c0000" testListId="8c84fa94-04c1-424b-9868-57a2d4851a1d" />
    <TestEntry testId="607665f5-7d21-4f7e-8c10-99b636a163bf" executionId="0790e4c4-bf34-4e85-96b3-bda0877aa004" testListId="8c84fa94-04c1-424b-9868-57a2d4851a1d" />
    <TestEntry testId="407a5679-04fb-4e8a-9bd2-c13a72d39530" executionId="21767668-7c71-4aa5-8584-cbeb291b6691" testListId="8c84fa94-04c1-424b-9868-57a2d4851a1d" />
    <TestEntry testId="7060934f-bacc-42dc-9b22-4a29473b1d28" executionId="253dc62d-09d6-4165-a9b5-66e0db67e062" testListId="8c84fa94-04c1-424b-9868-57a2d4851a1d" />
    <TestEntry testId="22628718-56a9-4695-b147-ac53f20971eb" executionId="2b0170ff-733c-4e9a-83b2-ff6713036bae" testListId="8c84fa94-04c1-424b-9868-57a2d4851a1d" />
    <TestEntry testId="af307ca4-f2dd-4da7-a3c8-4026b30bb508" executionId="0568eb98-b515-4d33-b60e-186ce293b864" testListId="8c84fa94-04c1-424b-9868-57a2d4851a1d" />
    <TestEntry testId="1862e713-5e50-47bc-b37b-bc0af1e309cb" executionId="52bd316b-af7d-4a0c-a26d-4fe1dfd9a8ef" testListId="8c84fa94-04c1-424b-9868-57a2d4851a1d" />
    <TestEntry testId="2ae604c0-e29c-4328-87b5-22c429499875" executionId="ac4aeb4e-d022-4dd0-962b-cfdc28a5c8e6" testListId="8c84fa94-04c1-424b-9868-57a2d4851a1d" />
    <TestEntry testId="1733b3eb-23df-48ec-83cd-aa32866f2cf3" executionId="bfd1d6e2-78cd-4393-a2f6-634e95d279eb" testListId="8c84fa94-04c1-424b-9868-57a2d4851a1d" />
    <TestEntry testId="8c362009-8676-4f5a-809a-4d330c1ef181" executionId="6a8326be-2fdf-4170-8af3-d21598ba2548" testListId="8c84fa94-04c1-424b-9868-57a2d4851a1d" />
    <TestEntry testId="e76f5e34-8fed-4b22-a6f3-c9c655912fe0" executionId="a7885436-9abe-4fbf-b27e-bd9a7b3fbd00" testListId="8c84fa94-04c1-424b-9868-57a2d4851a1d" />
    <TestEntry testId="fad5918a-a19c-4749-a97e-e89f6dad692c" executionId="abd717e8-9e8e-40ac-bf9a-ed8c69e6bb68" testListId="8c84fa94-04c1-424b-9868-57a2d4851a1d" />
    <TestEntry testId="538cc54c-ab94-4a28-aa3e-af069e30e944" executionId="a4c40545-3f23-4e76-aab7-ad2610ef0520" testListId="8c84fa94-04c1-424b-9868-57a2d4851a1d" />
    <TestEntry testId="6b1a8dc9-6ca7-4dac-a4be-5b3ac7a3a2c3" executionId="afef0fd5-058d-480a-8f0a-d69d75cf498a" testListId="8c84fa94-04c1-424b-9868-57a2d4851a1d" />
    <TestEntry testId="422e223d-3915-4104-8969-07765d8a400a" executionId="3d46d9fe-6300-4547-bd25-1834a492a125" testListId="8c84fa94-04c1-424b-9868-57a2d4851a1d" />
    <TestEntry testId="c3933f47-e627-416d-87ff-6f5b025764ae" executionId="bdcfde9e-8a4f-47a2-b58a-4421abee95a4" testListId="8c84fa94-04c1-424b-9868-57a2d4851a1d" />
    <TestEntry testId="c86448d4-2f0c-4b8c-906e-8e635b27a667" executionId="6219d7d4-4e6c-4ac0-aee4-59e869cdb284" testListId="8c84fa94-04c1-424b-9868-57a2d4851a1d" />
    <TestEntry testId="0551c84f-7854-4d14-98d2-23e792ff73b3" executionId="62ac2a6f-0a26-4032-a094-eb7d83564c4a" testListId="8c84fa94-04c1-424b-9868-57a2d4851a1d" />
    <TestEntry testId="c8bcba91-4f59-4031-a617-e7f0006c9ab5" executionId="684568b4-9697-4c2a-9ed6-648e5adcf0b0" testListId="8c84fa94-04c1-424b-9868-57a2d4851a1d" />
    <TestEntry testId="b2ee3fd4-0a7e-415a-9413-b0c9c6c42201" executionId="63885043-4e9b-4964-b6c0-c9ae7efb2394" testListId="8c84fa94-04c1-424b-9868-57a2d4851a1d" />
    <TestEntry testId="92664af5-1532-41e7-8446-682eb63ac2ae" executionId="f58e4244-8542-4d24-a77e-8011b27a4a23" testListId="8c84fa94-04c1-424b-9868-57a2d4851a1d" />
    <TestEntry testId="e65c0178-07f9-4813-accf-3e2ee857b496" executionId="f9557722-3699-4887-91c9-4e5457e3c740" testListId="8c84fa94-04c1-424b-9868-57a2d4851a1d" />
    <TestEntry testId="557b8178-77f2-4f11-a6b8-07a8873cdc53" executionId="71dfd780-1506-4bd0-a51f-e8f7df0ecd5f" testListId="8c84fa94-04c1-424b-9868-57a2d4851a1d" />
    <TestEntry testId="e3636bc3-e32a-4c91-b0ae-fbb067abce6d" executionId="49abe40f-e64f-49c2-a5de-722c400bf0ea" testListId="8c84fa94-04c1-424b-9868-57a2d4851a1d" />
    <TestEntry testId="dfbc0906-a642-4b59-9ca7-f4dba812e476" executionId="4192280d-2833-4d8d-b3cd-8cfa75cafe09" testListId="8c84fa94-04c1-424b-9868-57a2d4851a1d" />
    <TestEntry testId="8255a108-5fa9-4faf-86ff-a5009e956b0f" executionId="f52d19b5-d336-417a-bc28-9e88c5f109b2" testListId="8c84fa94-04c1-424b-9868-57a2d4851a1d" />
    <TestEntry testId="d4bf95f1-4c9b-49f6-8871-2349eb404680" executionId="1b6c676e-3739-4e3a-b048-4fa0e9443b7f" testListId="8c84fa94-04c1-424b-9868-57a2d4851a1d" />
    <TestEntry testId="b96bf6bc-560e-4052-9ae6-bf28994622a5" executionId="1d6d7a87-d959-427f-b687-132b285d78dc" testListId="8c84fa94-04c1-424b-9868-57a2d4851a1d" />
    <TestEntry testId="68c5ded2-3778-463f-819c-da12dac528aa" executionId="ad57cdf5-da5f-49d9-b8ec-4a99dabe8d53" testListId="8c84fa94-04c1-424b-9868-57a2d4851a1d" />
    <TestEntry testId="462b35bb-ed55-41f4-aaa8-e648d3b5671a" executionId="92d97401-544c-4bcd-a184-67f66edf2fd5" testListId="8c84fa94-04c1-424b-9868-57a2d4851a1d" />
    <TestEntry testId="1dfe1568-5f1a-4103-bc81-2cbae2988168" executionId="dd3cfd8f-e851-475d-9be4-86a67bb060cc" testListId="8c84fa94-04c1-424b-9868-57a2d4851a1d" />
    <TestEntry testId="919d35f2-006d-4ea8-934f-e4d79d028abf" executionId="6d470ae7-4bb0-4dca-ae92-7040c498f433" testListId="8c84fa94-04c1-424b-9868-57a2d4851a1d" />
    <TestEntry testId="3b52fee8-6940-4e3a-a775-a62b079777d1" executionId="f88e0299-c853-43a7-873b-631062136113" testListId="8c84fa94-04c1-424b-9868-57a2d4851a1d" />
    <TestEntry testId="e1773e1a-0854-4207-ab05-6ad29d5a259a" executionId="2a4f483f-542e-4c3e-ae6d-768a7e0234b3" testListId="8c84fa94-04c1-424b-9868-57a2d4851a1d" />
    <TestEntry testId="21d7ea35-168d-4420-8298-d1dbcfbca235" executionId="e1b02d7c-9d08-4688-8533-5a67e8262fb4" testListId="8c84fa94-04c1-424b-9868-57a2d4851a1d" />
    <TestEntry testId="b09b91fb-7851-45e7-8599-c6dfa47d89cf" executionId="8bcd22f4-86bc-43db-80d5-dd6f342092dc" testListId="8c84fa94-04c1-424b-9868-57a2d4851a1d" />
    <TestEntry testId="42f97c9d-5c33-43c6-ba33-69952164c877" executionId="4caba9cb-1ed4-49e7-9be1-2cac44950a0f" testListId="8c84fa94-04c1-424b-9868-57a2d4851a1d" />
    <TestEntry testId="cc092792-83a3-4b78-b26d-a69922797c44" executionId="58645095-5195-4022-8235-5495e0392294" testListId="8c84fa94-04c1-424b-9868-57a2d4851a1d" />
    <TestEntry testId="9ef6c70e-981d-44bd-9d68-4235e50355eb" executionId="6969bbc2-e89c-47f7-9818-f785b6766310" testListId="8c84fa94-04c1-424b-9868-57a2d4851a1d" />
    <TestEntry testId="c9aced6f-c370-46b0-83d7-989e110e860c" executionId="7f20f863-b55b-4d47-9aad-bbb6bb0dc828" testListId="8c84fa94-04c1-424b-9868-57a2d4851a1d" />
    <TestEntry testId="0067eaba-d927-4a09-9078-09a1916351b3" executionId="4d831076-2e1c-4928-b675-89b9d6a6a25e" testListId="8c84fa94-04c1-424b-9868-57a2d4851a1d" />
    <TestEntry testId="e92d31f4-3b5e-4f69-80a4-cbd296c4d0a7" executionId="d5ea68f7-aad1-4d41-96c9-4005a34dc741" testListId="8c84fa94-04c1-424b-9868-57a2d4851a1d" />
    <TestEntry testId="53b2d337-cb9d-46b4-9072-a1adfe728e96" executionId="db386e11-7b5d-4ab4-a085-280e0ba1feec" testListId="8c84fa94-04c1-424b-9868-57a2d4851a1d" />
    <TestEntry testId="4fc5b410-6e77-407c-a81f-6f3056cbd2ac" executionId="39479ef4-957f-4bfb-9c4c-bf8d8d416fc5" testListId="8c84fa94-04c1-424b-9868-57a2d4851a1d" />
    <TestEntry testId="b2d7f6c9-3d62-40ae-81d6-625ceee29099" executionId="04dc8d79-0936-48aa-a290-aaf308af41d3" testListId="8c84fa94-04c1-424b-9868-57a2d4851a1d" />
    <TestEntry testId="9ffba8e3-b00b-492b-b553-dca1bca88bdc" executionId="19f1327e-ba5d-4050-990a-0942921142a6" testListId="8c84fa94-04c1-424b-9868-57a2d4851a1d" />
    <TestEntry testId="dc80a207-85f3-497e-bece-c52096b317d8" executionId="6e19407a-a413-43aa-ae8e-993a998bd306" testListId="8c84fa94-04c1-424b-9868-57a2d4851a1d" />
    <TestEntry testId="0ba761df-0a8b-465b-996e-131fa48ef101" executionId="ef519b48-20fb-44bb-9d99-3379e62ffb7e" testListId="8c84fa94-04c1-424b-9868-57a2d4851a1d" />
    <TestEntry testId="7e2e44ed-6662-4360-ad1d-6566ab8548d0" executionId="f228f824-c253-402d-b9db-f6a6099fccbd" testListId="8c84fa94-04c1-424b-9868-57a2d4851a1d" />
    <TestEntry testId="aefb2a12-f223-4416-befe-8eb44628bdd2" executionId="305ecadb-0c77-48ba-8142-3ee86eee5b90" testListId="8c84fa94-04c1-424b-9868-57a2d4851a1d" />
    <TestEntry testId="cc59d5e6-2ed6-47ab-ae7d-5bce4435376f" executionId="6a8ee83a-86d7-4fb2-951e-6b96d2177673" testListId="8c84fa94-04c1-424b-9868-57a2d4851a1d" />
    <TestEntry testId="384dd454-2f31-44c7-a5ca-0bb399d1bf9b" executionId="24391109-b2a0-4b8e-ae52-aeaf31cebd8f" testListId="8c84fa94-04c1-424b-9868-57a2d4851a1d" />
    <TestEntry testId="f4bf05b1-f190-428c-bd07-8e0b10124555" executionId="065973da-7b16-43c4-8485-a8cde9a7746d" testListId="8c84fa94-04c1-424b-9868-57a2d4851a1d" />
    <TestEntry testId="edb8f6f2-15e8-4720-ab68-129def2e0bb4" executionId="de141dfa-d025-4d01-9946-cde7dd284767" testListId="8c84fa94-04c1-424b-9868-57a2d4851a1d" />
    <TestEntry testId="0d8e7a5e-39c2-474a-b89c-ac4c6192fc16" executionId="f75ff3b6-34d1-42cf-b6da-cb5087a057e1" testListId="8c84fa94-04c1-424b-9868-57a2d4851a1d" />
    <TestEntry testId="a706bdd4-4ae1-4d00-8c97-9911d2f7171c" executionId="9ea13686-f0a2-42e3-98c8-841d9aa18374" testListId="8c84fa94-04c1-424b-9868-57a2d4851a1d" />
    <TestEntry testId="714f742a-90a9-4fea-80cf-9145ffbb6312" executionId="00615729-cc79-4a7e-8f3c-79b98de47f46" testListId="8c84fa94-04c1-424b-9868-57a2d4851a1d" />
    <TestEntry testId="e2859386-1eb1-4186-bb56-13cb03706a17" executionId="53b1c06b-520d-4f25-87bf-013704f6336f" testListId="8c84fa94-04c1-424b-9868-57a2d4851a1d" />
    <TestEntry testId="94f3e17b-8bda-4755-9907-a387d501bb7c" executionId="22703783-1bed-4045-8d06-16fca1009428" testListId="8c84fa94-04c1-424b-9868-57a2d4851a1d" />
    <TestEntry testId="a060698a-c5df-40cc-b95e-5777e69c55d4" executionId="1120da4c-b183-4152-b7c4-f47d229e7cdf" testListId="8c84fa94-04c1-424b-9868-57a2d4851a1d" />
    <TestEntry testId="db5c1bcf-3f1f-4c3b-b5f2-ef9612044d9f" executionId="2c1eee07-0298-49a2-bae4-d9800a599ef1" testListId="8c84fa94-04c1-424b-9868-57a2d4851a1d" />
    <TestEntry testId="34102d32-26f5-4266-ba62-47d4eee47349" executionId="827fa50d-9813-4ecf-9dcd-f77664c7d3c1" testListId="8c84fa94-04c1-424b-9868-57a2d4851a1d" />
    <TestEntry testId="0833cc33-75c8-45c7-b2e5-bfc465a0940a" executionId="39ed3350-9683-4d95-b7e3-e22651702dd8" testListId="8c84fa94-04c1-424b-9868-57a2d4851a1d" />
    <TestEntry testId="5bb9bc60-3e58-427f-a9b2-fa7c0dcbc930" executionId="53dd3aae-198d-4c3b-b7af-2d820676f02b" testListId="8c84fa94-04c1-424b-9868-57a2d4851a1d" />
    <TestEntry testId="0622b897-cd3d-4c1b-a9a6-06d5dcfae484" executionId="5f8a1a5f-b3d5-4c70-ab10-9cb33aaa819f" testListId="8c84fa94-04c1-424b-9868-57a2d4851a1d" />
    <TestEntry testId="b01b5713-2fb8-4eb6-a1b5-19868da9d27a" executionId="75cccfa8-cf04-4b59-a899-a3d8e00787a3" testListId="8c84fa94-04c1-424b-9868-57a2d4851a1d" />
    <TestEntry testId="19fddbd4-507a-4734-9383-961c8e2fc0c0" executionId="66359c5d-5902-4096-81e1-3d91ef0864d5" testListId="8c84fa94-04c1-424b-9868-57a2d4851a1d" />
    <TestEntry testId="de148d48-0faf-41d5-a3bd-cb072345e242" executionId="0f037dca-6b73-454b-8626-d7581845bd36" testListId="8c84fa94-04c1-424b-9868-57a2d4851a1d" />
    <TestEntry testId="7e5f6fc3-a3fc-4d00-96b3-bebb04fdde03" executionId="fb0c4a2b-46f8-4e84-9959-fbc7a1a24f20" testListId="8c84fa94-04c1-424b-9868-57a2d4851a1d" />
    <TestEntry testId="74265c86-a46b-4a52-ac22-637576063e8f" executionId="b37a93b8-fa6a-4789-8fe9-c079109a8631" testListId="8c84fa94-04c1-424b-9868-57a2d4851a1d" />
    <TestEntry testId="82c73603-4fcc-4d25-9cf0-15cd657bdaff" executionId="dda58844-484a-4c2c-b0e6-7052fcecd579" testListId="8c84fa94-04c1-424b-9868-57a2d4851a1d" />
    <TestEntry testId="cb44cc2a-fe08-4694-9b55-e8619af5f22c" executionId="47f1dfa7-0138-41fa-b576-e407d93caf84" testListId="8c84fa94-04c1-424b-9868-57a2d4851a1d" />
    <TestEntry testId="e6b20660-9110-4c13-87d3-2cff697dff5c" executionId="a6397550-f8ce-4395-98ec-6762ee4f9364" testListId="8c84fa94-04c1-424b-9868-57a2d4851a1d" />
    <TestEntry testId="4dfda930-05b3-4fdd-a04a-f41d8ff00f1c" executionId="7115ef3a-1b6b-43fe-b005-894a97d98127" testListId="8c84fa94-04c1-424b-9868-57a2d4851a1d" />
    <TestEntry testId="9565b5c3-4539-4bf3-8b7d-aad40febd34b" executionId="ffc2df78-93b6-4035-82cb-105c3140a081" testListId="8c84fa94-04c1-424b-9868-57a2d4851a1d" />
    <TestEntry testId="f330a525-ae96-490e-b864-c13a2c5b2e6b" executionId="1f3b8eec-a421-4c42-beb0-9be362e72794" testListId="8c84fa94-04c1-424b-9868-57a2d4851a1d" />
    <TestEntry testId="17cb009b-5888-4f1d-83ee-5c15ba721b9c" executionId="c414bfc0-c9e8-4dde-a443-58b9081afa0f" testListId="8c84fa94-04c1-424b-9868-57a2d4851a1d" />
    <TestEntry testId="93981316-f8e3-4773-87e3-e7c4307dff4c" executionId="19b3a79f-a683-40ea-8449-8cce81b0bb4e" testListId="8c84fa94-04c1-424b-9868-57a2d4851a1d" />
    <TestEntry testId="aab57414-09cc-497b-8426-3351ec0f7530" executionId="e01683f0-5274-47cb-873d-2cdb1b1f86f9" testListId="8c84fa94-04c1-424b-9868-57a2d4851a1d" />
    <TestEntry testId="ba89639f-e5e6-4261-9077-a1a578073a2b" executionId="7be73ddc-e64b-4df8-b6ff-2cffbd827f1e" testListId="8c84fa94-04c1-424b-9868-57a2d4851a1d" />
    <TestEntry testId="850a9cc5-f539-47cd-a838-7a159d04452e" executionId="e8969508-d89a-4c0f-87b6-4789736fab1a" testListId="8c84fa94-04c1-424b-9868-57a2d4851a1d" />
    <TestEntry testId="36402050-d517-42f3-9dad-d78a09c8ec3d" executionId="fac8aeb2-9a61-407b-9b85-316df7431107" testListId="8c84fa94-04c1-424b-9868-57a2d4851a1d" />
    <TestEntry testId="f297afa2-8943-4a42-86b6-39a5a4e336a2" executionId="2e8fc16c-4811-4481-a9bb-9a364eb63a0d" testListId="8c84fa94-04c1-424b-9868-57a2d4851a1d" />
    <TestEntry testId="b12becfd-dbeb-42fe-8e6a-05899d060f76" executionId="841ef879-e049-400a-883e-cf8b27f733f5" testListId="8c84fa94-04c1-424b-9868-57a2d4851a1d" />
    <TestEntry testId="3e57dab4-d1cf-4cd4-85d2-97899d2f1bf7" executionId="0f8d3540-90ca-4e95-bc1b-0b0b35e065bd" testListId="8c84fa94-04c1-424b-9868-57a2d4851a1d" />
    <TestEntry testId="5765aab8-2b15-4b09-b69b-891f4d527318" executionId="cec20328-904b-41fb-bca6-8d7bb2ecda47" testListId="8c84fa94-04c1-424b-9868-57a2d4851a1d" />
    <TestEntry testId="b1f7a770-ebae-4756-a26b-806c63c4bf37" executionId="23c8f39f-cbcf-4b72-b1c5-b95cfdb799c9" testListId="8c84fa94-04c1-424b-9868-57a2d4851a1d" />
    <TestEntry testId="75912279-3571-4b91-842a-5b29e6e1468c" executionId="9f70b165-e5d8-449c-91d1-5da6eeaa3530" testListId="8c84fa94-04c1-424b-9868-57a2d4851a1d" />
    <TestEntry testId="8f943465-3a1d-4a61-beff-84709f9c102a" executionId="39b45dcc-b546-4f7b-b1de-284197ca677a" testListId="8c84fa94-04c1-424b-9868-57a2d4851a1d" />
    <TestEntry testId="1e8acf25-8c27-4b7b-aaa7-70da5d036ea3" executionId="d577d1cb-ff6f-48ba-a941-5aa85fc61cf7" testListId="8c84fa94-04c1-424b-9868-57a2d4851a1d" />
    <TestEntry testId="e2819c0b-c021-4ea1-a183-b1498e30cf0e" executionId="f287123b-65d4-4099-a7a8-40c068dfff5e" testListId="8c84fa94-04c1-424b-9868-57a2d4851a1d" />
    <TestEntry testId="28ed52fc-849b-4ec6-a7c5-b77972c4c03f" executionId="218ca4bc-725d-4b60-9031-857d079fecc7" testListId="8c84fa94-04c1-424b-9868-57a2d4851a1d" />
    <TestEntry testId="fdba3c1a-597b-4bcb-9b17-ddb3863244d4" executionId="f12ac3b3-4cc1-4eeb-ae0d-d45ffa42ac5b" testListId="8c84fa94-04c1-424b-9868-57a2d4851a1d" />
    <TestEntry testId="9c6dc2a6-bc71-444d-971c-cc2b92afdda8" executionId="ed7e17b4-5584-4b22-a0c3-eef7d16577a3" testListId="8c84fa94-04c1-424b-9868-57a2d4851a1d" />
    <TestEntry testId="a13a3b9a-e097-455a-9c32-ec66800be1d7" executionId="aa3d1063-b631-4965-885a-b3fdfb7d93f2" testListId="8c84fa94-04c1-424b-9868-57a2d4851a1d" />
    <TestEntry testId="ce6a43a2-5a58-4e17-ad81-b3744a0b7715" executionId="37cdd492-1123-429d-91d3-ee67d2c88b39" testListId="8c84fa94-04c1-424b-9868-57a2d4851a1d" />
    <TestEntry testId="5a0f9f8b-f07b-442b-ab0a-6755f3d413a2" executionId="02e2fde9-98c3-4b47-88a8-87c3bd125f27" testListId="8c84fa94-04c1-424b-9868-57a2d4851a1d" />
    <TestEntry testId="63e4faeb-a6a6-4501-8e09-774b125e1746" executionId="fd5312b2-a588-4d95-8889-2d884969e193" testListId="8c84fa94-04c1-424b-9868-57a2d4851a1d" />
    <TestEntry testId="1c549781-c94a-4cd3-aeba-31c94f23a021" executionId="7247a842-7c80-4721-9d9e-464c9195aadc" testListId="8c84fa94-04c1-424b-9868-57a2d4851a1d" />
    <TestEntry testId="b8c3553c-1e82-4166-afde-075010057a56" executionId="04d2e105-9d73-42f5-a86f-10bf88de2feb" testListId="8c84fa94-04c1-424b-9868-57a2d4851a1d" />
    <TestEntry testId="5d5a1798-5225-43ae-8d46-5885f7f8252d" executionId="a34deb3c-a447-4e21-818b-57290ed4cf76" testListId="8c84fa94-04c1-424b-9868-57a2d4851a1d" />
    <TestEntry testId="800627c3-88a2-47ea-a66c-831867136cdb" executionId="b4101155-fed6-42ff-8192-fdd8641cd279" testListId="8c84fa94-04c1-424b-9868-57a2d4851a1d" />
    <TestEntry testId="403ab4c0-b4a0-4c21-8624-d92f0a5792e0" executionId="c7d470b7-85dc-4a5a-8462-1668d103df05" testListId="8c84fa94-04c1-424b-9868-57a2d4851a1d" />
    <TestEntry testId="a4eccd97-c5c2-43f8-9973-fde39567bf16" executionId="34cb4be1-4612-4a0a-a0f6-150081f15a3e" testListId="8c84fa94-04c1-424b-9868-57a2d4851a1d" />
    <TestEntry testId="9d8dbb67-fbcf-453f-b04c-ec88e1545617" executionId="8e8e3085-a8fe-4653-aba8-cebde7deff57" testListId="8c84fa94-04c1-424b-9868-57a2d4851a1d" />
    <TestEntry testId="f21f2217-cbfe-43ba-91de-0a6c6e0330b1" executionId="25590a9b-ab93-4d41-90ba-bc3a282391cb" testListId="8c84fa94-04c1-424b-9868-57a2d4851a1d" />
    <TestEntry testId="f7e484c4-8790-4b70-a324-c0396db684c5" executionId="075e7e8d-e759-4339-81ba-858465370d56" testListId="8c84fa94-04c1-424b-9868-57a2d4851a1d" />
    <TestEntry testId="27e7b189-a7c2-435f-8c10-930d94b60d76" executionId="d59e4464-2fd2-4975-925c-639c0179248f" testListId="8c84fa94-04c1-424b-9868-57a2d4851a1d" />
    <TestEntry testId="bf50de47-dcfc-4f96-be93-b34d73c8e1f5" executionId="c8e391b7-fd28-409f-ad74-8218eaab3d0e" testListId="8c84fa94-04c1-424b-9868-57a2d4851a1d" />
    <TestEntry testId="93fe16ee-83f7-4b2f-ac34-242c06aab06d" executionId="ec00b1d4-8a1c-4d92-833e-030a48af7d4c" testListId="8c84fa94-04c1-424b-9868-57a2d4851a1d" />
    <TestEntry testId="1d753604-663c-4d49-90f9-9c9ef89c3bd5" executionId="016dc0c9-9eba-4b3d-9bd1-198281183d5e" testListId="8c84fa94-04c1-424b-9868-57a2d4851a1d" />
    <TestEntry testId="bf63ebad-7d84-4cc5-89b5-b726b023bb2a" executionId="f6a48315-3dd4-4450-8789-5b3cdaaf71b4" testListId="8c84fa94-04c1-424b-9868-57a2d4851a1d" />
    <TestEntry testId="fcd0993e-b2c1-45e8-8391-b3a7d9160900" executionId="33daa5a3-fe99-41d4-af90-1d7bcada2660" testListId="8c84fa94-04c1-424b-9868-57a2d4851a1d" />
    <TestEntry testId="bb3830eb-b122-48e1-81dd-35a21a14fe19" executionId="d21b343a-1afe-480d-a018-2c1e15344c71" testListId="8c84fa94-04c1-424b-9868-57a2d4851a1d" />
    <TestEntry testId="17dcbff8-9359-4135-9769-c154ea686592" executionId="59c2e2ad-a9b9-488d-811c-26094f70be1a" testListId="8c84fa94-04c1-424b-9868-57a2d4851a1d" />
    <TestEntry testId="322299b3-1f3b-432a-a111-fd1142cce974" executionId="92ae17c9-4001-4837-86b6-47c7b65d76bd" testListId="8c84fa94-04c1-424b-9868-57a2d4851a1d" />
    <TestEntry testId="db340d66-32c4-44e7-992b-42798b50a73e" executionId="b5647cbb-fda3-46ce-ad2f-b7a775473e77" testListId="8c84fa94-04c1-424b-9868-57a2d4851a1d" />
    <TestEntry testId="387fadc8-d905-4cf1-84bc-d85f6ad1e8f7" executionId="1ec43978-129c-475a-97eb-d120a98d6b51" testListId="8c84fa94-04c1-424b-9868-57a2d4851a1d" />
    <TestEntry testId="cf8b57c5-e088-4654-8e05-78328fa43f32" executionId="ea1a4731-3520-4af1-bd67-9cda47c06221" testListId="8c84fa94-04c1-424b-9868-57a2d4851a1d" />
    <TestEntry testId="3dd8a4a4-c5a7-489e-8ca3-2f4a588a8678" executionId="790a2496-e354-4490-9830-8791bb9fa5fb" testListId="8c84fa94-04c1-424b-9868-57a2d4851a1d" />
    <TestEntry testId="4a486669-daa8-4716-aa69-1db3783e9db6" executionId="82ebd8d7-744b-4c77-8fb7-11ba136730ca" testListId="8c84fa94-04c1-424b-9868-57a2d4851a1d" />
    <TestEntry testId="76b78891-e994-46cc-bb69-63a6e7df890f" executionId="9e5db0bf-55aa-4769-8882-82767f37a411" testListId="8c84fa94-04c1-424b-9868-57a2d4851a1d" />
    <TestEntry testId="9542b290-4829-44da-88f7-bae80a303416" executionId="1e0535a2-9dcb-4e1c-923f-5dd7bce1dc2e" testListId="8c84fa94-04c1-424b-9868-57a2d4851a1d" />
    <TestEntry testId="34f58995-b6ac-4f3d-ab55-cb249bd94a20" executionId="b913773a-9efe-46ca-85c0-7bd11beca5f4" testListId="8c84fa94-04c1-424b-9868-57a2d4851a1d" />
    <TestEntry testId="5c3dbfb5-234f-4410-9f4a-3a3c3b08501d" executionId="32d66b0b-39d7-4e9e-8c7c-c3cc3bd08d47" testListId="8c84fa94-04c1-424b-9868-57a2d4851a1d" />
    <TestEntry testId="a58485f4-f476-462e-92e9-1c4c2ab62f25" executionId="0fcffe94-d750-42a4-b6c4-be9dc7a8965a" testListId="8c84fa94-04c1-424b-9868-57a2d4851a1d" />
    <TestEntry testId="349c6722-1962-4813-9aec-8d3bbbefcaf0" executionId="11a4fac5-f7ef-4905-a3e8-9587bdc05815" testListId="8c84fa94-04c1-424b-9868-57a2d4851a1d" />
    <TestEntry testId="62e81d24-5fbe-4c9d-a12c-af4729b62327" executionId="c6fcdd52-86a6-4224-8fe2-fa64e4a95e28" testListId="8c84fa94-04c1-424b-9868-57a2d4851a1d" />
    <TestEntry testId="e93fe79e-b16d-432f-b54d-cc66ec2b07fa" executionId="b5590252-dd48-41df-9166-e7e7145e01fc" testListId="8c84fa94-04c1-424b-9868-57a2d4851a1d" />
    <TestEntry testId="878e9e10-5355-4492-90e8-daf86816de9a" executionId="932e12c6-eaba-4633-82af-ab103acb7ce1" testListId="8c84fa94-04c1-424b-9868-57a2d4851a1d" />
    <TestEntry testId="38d15af0-45ce-46d7-a9a6-61be87f34dad" executionId="8879b2ed-fdcc-4a5a-8939-21896fdda30f" testListId="8c84fa94-04c1-424b-9868-57a2d4851a1d" />
    <TestEntry testId="46e29a55-e6d0-4bfb-adbb-f54b7b29f0aa" executionId="94c44fb5-e18f-43b6-9b92-e93708b51589" testListId="8c84fa94-04c1-424b-9868-57a2d4851a1d" />
    <TestEntry testId="c16be0ad-9f3b-45ff-b4f3-c63c2f42de15" executionId="c48a74ed-6c61-4d79-90e5-3fca91ea9e8b" testListId="8c84fa94-04c1-424b-9868-57a2d4851a1d" />
    <TestEntry testId="a583fc23-65f1-412a-a342-b9580d418f21" executionId="8c3f8c0f-4a5a-42e5-b32a-61150cb8d505" testListId="8c84fa94-04c1-424b-9868-57a2d4851a1d" />
    <TestEntry testId="34dd4922-49e3-4ec3-81ff-6a4d8b823016" executionId="548e78fe-9d54-4903-bf7e-81a603d5a145" testListId="8c84fa94-04c1-424b-9868-57a2d4851a1d" />
    <TestEntry testId="2a66cb12-636c-49e8-b582-4495cd4cbf15" executionId="657addfd-366e-42a9-a4e9-270489ac268a" testListId="8c84fa94-04c1-424b-9868-57a2d4851a1d" />
    <TestEntry testId="d489e4bc-3f06-4b2f-8265-933b12031b41" executionId="d1023a9e-c074-4580-8f5d-2d4cf8878b39" testListId="8c84fa94-04c1-424b-9868-57a2d4851a1d" />
    <TestEntry testId="e47a968a-ad0e-44f3-a626-e9c877007d9f" executionId="faa9cb60-4c81-4200-8541-10e4373113a0" testListId="8c84fa94-04c1-424b-9868-57a2d4851a1d" />
    <TestEntry testId="7768298f-4e08-43cb-8b01-e27d6372d9fe" executionId="5af9dbe2-a587-44ab-a679-c3534e467889" testListId="8c84fa94-04c1-424b-9868-57a2d4851a1d" />
    <TestEntry testId="2daf1287-33f6-417d-8f70-6bde22a25709" executionId="fc66c3ac-a923-4a26-b9fe-8e2e918f411e" testListId="8c84fa94-04c1-424b-9868-57a2d4851a1d" />
    <TestEntry testId="a917d972-7ef7-44a4-954f-25e2c227bd4a" executionId="9a7d2cc0-d6b9-47b4-8bb5-796ff0a8ec74" testListId="8c84fa94-04c1-424b-9868-57a2d4851a1d" />
    <TestEntry testId="8d51539e-689d-44c4-b40d-6467f04971e9" executionId="57811915-be70-4571-a9a8-625a315cd296" testListId="8c84fa94-04c1-424b-9868-57a2d4851a1d" />
    <TestEntry testId="ed78b1ed-c191-46c8-88a1-5478bd8fa844" executionId="3c1b1229-3a53-45ea-8827-63d214a1d534" testListId="8c84fa94-04c1-424b-9868-57a2d4851a1d" />
    <TestEntry testId="2339d8e6-1488-4280-a0cf-114dccc672b6" executionId="651503f5-a2fd-4e2b-8c68-9d36ea9c77d0" testListId="8c84fa94-04c1-424b-9868-57a2d4851a1d" />
    <TestEntry testId="8cc7abda-ba64-41f2-a237-7bdd7b9e3077" executionId="05489d08-d2a2-480e-92ca-69e54d3a94f9" testListId="8c84fa94-04c1-424b-9868-57a2d4851a1d" />
    <TestEntry testId="5edd18b1-6234-40af-b65b-8127479c6da7" executionId="f8a5f029-ab65-425b-b52f-c7c695330d48" testListId="8c84fa94-04c1-424b-9868-57a2d4851a1d" />
    <TestEntry testId="f7863d13-d696-451b-8c36-706b1881c135" executionId="fa79528c-bb22-4263-bb2f-d452195f1647" testListId="8c84fa94-04c1-424b-9868-57a2d4851a1d" />
    <TestEntry testId="b7c95dc4-7701-458e-a3df-70f3ca59f22d" executionId="6c34f1b4-b551-4fec-9099-75acc3073c3f" testListId="8c84fa94-04c1-424b-9868-57a2d4851a1d" />
    <TestEntry testId="1eb4355b-7afd-4a36-93c0-9179c393ab46" executionId="9035555c-8f6f-442a-ac81-8b1e2015d0f0" testListId="8c84fa94-04c1-424b-9868-57a2d4851a1d" />
    <TestEntry testId="00eb6b1e-936f-4ea0-9e92-508154164058" executionId="092d63e6-6102-4abd-b555-df78df09ba47" testListId="8c84fa94-04c1-424b-9868-57a2d4851a1d" />
    <TestEntry testId="272780bd-3c7a-40a2-90e7-d8f7d6047fd3" executionId="fd6673fd-f97c-4453-9f01-9a829120362d" testListId="8c84fa94-04c1-424b-9868-57a2d4851a1d" />
    <TestEntry testId="ca9b80a4-92ec-473d-a395-48225d4dc055" executionId="0f77b0fc-4ab9-411a-9ca4-3a97afbb2de4" testListId="8c84fa94-04c1-424b-9868-57a2d4851a1d" />
    <TestEntry testId="e5bc2c9e-d170-492b-a8f5-c31008de3c2a" executionId="51ed2dad-6585-4dbe-8f4f-513a137850f7" testListId="8c84fa94-04c1-424b-9868-57a2d4851a1d" />
    <TestEntry testId="989d3750-f4b4-4034-99b1-8b53a5772462" executionId="c7abdd81-72cd-40f4-a809-7d69fae9d941" testListId="8c84fa94-04c1-424b-9868-57a2d4851a1d" />
    <TestEntry testId="a818f5bf-04f3-495a-95c0-ebd95d118d2d" executionId="2cdc8b22-ebc1-4e5a-bd7f-826bc216917b" testListId="8c84fa94-04c1-424b-9868-57a2d4851a1d" />
    <TestEntry testId="e47bf2e1-c586-41be-b1cc-d3829083cd32" executionId="08c6a182-e519-4bdf-8c8f-619c8d464701" testListId="8c84fa94-04c1-424b-9868-57a2d4851a1d" />
    <TestEntry testId="13f9a88e-7553-4031-8aae-a851b0d00ef7" executionId="73c436a4-0966-4605-ac35-85ec2c7034ca" testListId="8c84fa94-04c1-424b-9868-57a2d4851a1d" />
    <TestEntry testId="95bcc4d2-6e78-4b44-8e5e-9cf603aad7a4" executionId="7160f1b3-7936-4261-86d5-fa16c871cf6a" testListId="8c84fa94-04c1-424b-9868-57a2d4851a1d" />
    <TestEntry testId="c6c3d96f-b742-4cab-8bbd-b6750fe2972d" executionId="5348ff89-57bd-400c-877a-dd1091f7d75b" testListId="8c84fa94-04c1-424b-9868-57a2d4851a1d" />
    <TestEntry testId="45c767dd-d94c-4c01-bb4a-601440f73400" executionId="c98f3fee-4ba8-4757-a1bb-0afa9371b2bf" testListId="8c84fa94-04c1-424b-9868-57a2d4851a1d" />
    <TestEntry testId="eb9e459b-f810-4bff-b051-853c672d65eb" executionId="772ce1ad-5034-4ae5-b7cf-37f2d69b43f0" testListId="8c84fa94-04c1-424b-9868-57a2d4851a1d" />
    <TestEntry testId="fdb78037-9c37-471b-b861-cbf82e739b91" executionId="bcd75bf9-93cd-4da1-986d-e18f8b9c2dd7" testListId="8c84fa94-04c1-424b-9868-57a2d4851a1d" />
    <TestEntry testId="f6abd5a1-6f76-4488-a8e8-39430df2aa76" executionId="ea4ac396-32c7-4812-a19f-da8b230e619b" testListId="8c84fa94-04c1-424b-9868-57a2d4851a1d" />
    <TestEntry testId="1d857c3d-5042-41b6-a6dd-7588c807be37" executionId="9de7ee37-607c-4892-9c03-2b790719178e" testListId="8c84fa94-04c1-424b-9868-57a2d4851a1d" />
    <TestEntry testId="6cb5400e-acca-465a-8261-8bb796974a9c" executionId="b7fe31e2-874c-4161-a645-bcd024c18417" testListId="8c84fa94-04c1-424b-9868-57a2d4851a1d" />
    <TestEntry testId="f1d4805a-6968-4df2-99be-f76732a076b7" executionId="79a44b94-56a7-4ed8-9ce9-babd0b2a9098" testListId="8c84fa94-04c1-424b-9868-57a2d4851a1d" />
    <TestEntry testId="93e6047b-37ae-4e8e-ba65-8c18423e46c4" executionId="36794c48-d899-4351-8059-f6c189bf0897" testListId="8c84fa94-04c1-424b-9868-57a2d4851a1d" />
    <TestEntry testId="4fb83c9b-cf74-4260-a162-cbe0b4bf129f" executionId="69c14b9f-1de5-4041-abe3-29b2f62e18bd" testListId="8c84fa94-04c1-424b-9868-57a2d4851a1d" />
    <TestEntry testId="168d0df4-4ede-4c0a-af0c-4ebdeb95cb8f" executionId="0ae8dc63-ac2b-4355-ae30-d13dd256d9c0" testListId="8c84fa94-04c1-424b-9868-57a2d4851a1d" />
    <TestEntry testId="0af29dc3-fcb0-4b1b-8a37-0dff0b0d6460" executionId="1513db1c-28c6-40cf-9546-1113f2c1d564" testListId="8c84fa94-04c1-424b-9868-57a2d4851a1d" />
    <TestEntry testId="d2c4e7a4-70ea-465f-a619-3ac9df44def7" executionId="78feff61-3ac8-47bb-9c8b-dd84206ce28b" testListId="8c84fa94-04c1-424b-9868-57a2d4851a1d" />
    <TestEntry testId="42054093-20e6-4b5d-863c-3e53de5ff5d8" executionId="3440ab3c-f4ea-485c-b1b9-0e6ed94b018f" testListId="8c84fa94-04c1-424b-9868-57a2d4851a1d" />
    <TestEntry testId="1e43903f-94b3-4876-8398-9431ef6b6dd3" executionId="f8baff30-2113-43e8-b096-4ec6a6cc0aed" testListId="8c84fa94-04c1-424b-9868-57a2d4851a1d" />
    <TestEntry testId="f30289d7-e6cc-4bb9-9b0a-a3d220822153" executionId="4c3e71fc-997e-44db-bd76-8a4c206b8710" testListId="8c84fa94-04c1-424b-9868-57a2d4851a1d" />
    <TestEntry testId="dcfe5c22-d6d0-4450-a2a0-2a3e7deb68c6" executionId="2e7ed981-555f-47fd-9167-8362f00e92f4" testListId="8c84fa94-04c1-424b-9868-57a2d4851a1d" />
    <TestEntry testId="9a3f9192-032b-444b-b909-ae11d670b39a" executionId="cee2ada5-5e77-4a36-b62a-d31b9bf704d4" testListId="8c84fa94-04c1-424b-9868-57a2d4851a1d" />
    <TestEntry testId="7d0cc240-ba24-48e9-a1df-a36e66efc716" executionId="197aab24-b2a7-4967-81bf-39d658799ece" testListId="8c84fa94-04c1-424b-9868-57a2d4851a1d" />
    <TestEntry testId="b3bcc853-149a-45c6-8d54-8cc01933f89e" executionId="831a7382-48cf-4c62-baeb-d74f6f931425" testListId="8c84fa94-04c1-424b-9868-57a2d4851a1d" />
    <TestEntry testId="0a88c8d4-8215-486d-be52-bafa2855cb07" executionId="90959dcd-41b9-4367-af51-c9fc718314c2" testListId="8c84fa94-04c1-424b-9868-57a2d4851a1d" />
    <TestEntry testId="2b1a97d4-fab7-49f0-b92c-8a7477eefb69" executionId="8fe0b164-c425-4b75-88f2-e0304ac2d4b9" testListId="8c84fa94-04c1-424b-9868-57a2d4851a1d" />
    <TestEntry testId="9f999e7d-0c3d-4425-b5c6-c67e7ed2facd" executionId="42ed176a-e05a-469c-a164-851053a87e18" testListId="8c84fa94-04c1-424b-9868-57a2d4851a1d" />
    <TestEntry testId="dcdb5713-2f6d-4b3f-9053-55cceb478941" executionId="ea90cce2-e903-4819-9b39-2dd1d8921bf7" testListId="8c84fa94-04c1-424b-9868-57a2d4851a1d" />
    <TestEntry testId="13dc3a9a-a02d-4da8-b391-22bae9ca3757" executionId="b37cec0f-73e9-4d48-9635-ca218c1b5a13" testListId="8c84fa94-04c1-424b-9868-57a2d4851a1d" />
    <TestEntry testId="c20e071c-a380-495a-afe4-297e2ed3a6e4" executionId="fe018be3-e2a1-4cbf-a8fc-8c7f241cf4dc" testListId="8c84fa94-04c1-424b-9868-57a2d4851a1d" />
    <TestEntry testId="557c7e56-4b6a-47fa-b56c-f491b41604e3" executionId="3f6eee01-5515-410d-800a-c8345177f802" testListId="8c84fa94-04c1-424b-9868-57a2d4851a1d" />
    <TestEntry testId="ecedaced-3805-47b9-9966-db1e8c3c145f" executionId="962186ac-5fd8-468c-9db1-bdd07325a50f" testListId="8c84fa94-04c1-424b-9868-57a2d4851a1d" />
    <TestEntry testId="663eed6b-6cbf-4a6a-ba96-cfadc44a0eb7" executionId="38fe3451-2969-4ea1-9318-74276e90a21f" testListId="8c84fa94-04c1-424b-9868-57a2d4851a1d" />
    <TestEntry testId="c330027a-afa3-4b4a-a205-bc5be5122262" executionId="3a4361a8-3991-40b2-8fed-e094fd560d33" testListId="8c84fa94-04c1-424b-9868-57a2d4851a1d" />
    <TestEntry testId="93b945cc-dc99-4926-a56c-0d05f6f1435c" executionId="c7712e8b-2a5f-4ec3-871a-d558df82c924" testListId="8c84fa94-04c1-424b-9868-57a2d4851a1d" />
    <TestEntry testId="40866aa3-3fe6-4673-9345-523e241b442e" executionId="526c24df-e774-4d2d-9dec-6d09ea043def" testListId="8c84fa94-04c1-424b-9868-57a2d4851a1d" />
    <TestEntry testId="fc2e94f1-e081-4df3-9e96-31a3dfa28945" executionId="2978ad78-85e5-4e68-b214-a4208e2757c8" testListId="8c84fa94-04c1-424b-9868-57a2d4851a1d" />
    <TestEntry testId="83f13489-b3ea-46ce-b024-7e800431d3fb" executionId="17781666-def5-4af0-8d70-0124b965beef" testListId="8c84fa94-04c1-424b-9868-57a2d4851a1d" />
    <TestEntry testId="fd8ad5a9-58e1-4c88-be4d-5b461466690f" executionId="dc47199e-28af-4d0b-8d20-7d7c606ffd34" testListId="8c84fa94-04c1-424b-9868-57a2d4851a1d" />
    <TestEntry testId="e08ced45-504a-4888-9f39-6baa47504c08" executionId="3c22cac0-a33e-437a-90de-5d4d49597f50" testListId="8c84fa94-04c1-424b-9868-57a2d4851a1d" />
    <TestEntry testId="97f175c6-1842-43dd-b338-34d90f6083ae" executionId="88ff70e9-e9f9-4013-9eec-313d139b6d1a" testListId="8c84fa94-04c1-424b-9868-57a2d4851a1d" />
    <TestEntry testId="052582ca-3191-4eff-83a2-1cf4b1b70399" executionId="3a9b9bcb-b581-4a97-9fed-39af22b7cd61" testListId="8c84fa94-04c1-424b-9868-57a2d4851a1d" />
    <TestEntry testId="4d66a8f7-5381-415d-be5f-bbcab20cada8" executionId="b7b6b14c-7e1c-4288-a9cb-48ba9bee53f5" testListId="8c84fa94-04c1-424b-9868-57a2d4851a1d" />
    <TestEntry testId="f9f8a9ab-142c-4d4a-95ed-46517ec95fcc" executionId="9b5f0d09-9f83-4f59-8a92-823379e27b37" testListId="8c84fa94-04c1-424b-9868-57a2d4851a1d" />
    <TestEntry testId="1f9b5dca-8f6f-4893-a7f9-190ac71066e9" executionId="86ddd409-cb1e-4d40-865c-65fdd0b17a80" testListId="8c84fa94-04c1-424b-9868-57a2d4851a1d" />
    <TestEntry testId="4b17262c-24a0-4700-92cf-57706b2988c6" executionId="28fe3442-359a-496f-a0ca-eb1b7c26e054" testListId="8c84fa94-04c1-424b-9868-57a2d4851a1d" />
    <TestEntry testId="6973b24a-6c59-4b1b-a1bc-37ac58549e08" executionId="fe72a938-71e0-44e9-8915-76a16e4b01c8" testListId="8c84fa94-04c1-424b-9868-57a2d4851a1d" />
    <TestEntry testId="85102758-1481-4101-8cd0-e3221bd1168f" executionId="d330b9d2-1979-4e68-b961-a0bda5d3d034" testListId="8c84fa94-04c1-424b-9868-57a2d4851a1d" />
    <TestEntry testId="23cf9123-d540-4b7e-8f0d-225c016ff028" executionId="10ece39c-6035-4f0e-8a33-d5f2aa2b3cc8" testListId="8c84fa94-04c1-424b-9868-57a2d4851a1d" />
    <TestEntry testId="05052326-d68a-4be3-a0e7-fd6682efa584" executionId="5ff447c4-da75-44a2-998e-11f4768d9c4a" testListId="8c84fa94-04c1-424b-9868-57a2d4851a1d" />
    <TestEntry testId="aa074c82-6e73-4a64-98b7-afd9194a6b5c" executionId="944c0d0a-02c5-4ea2-bad0-10a04038e519" testListId="8c84fa94-04c1-424b-9868-57a2d4851a1d" />
    <TestEntry testId="b2dc02d4-0fde-4b93-b0da-0dbc4a436ab3" executionId="d3d44c7c-964c-41f4-9334-efd38a167480" testListId="8c84fa94-04c1-424b-9868-57a2d4851a1d" />
    <TestEntry testId="badca105-378e-4e13-8584-9c82c237537e" executionId="0f0c447a-e50e-4f12-84d7-b41e9d43a6fd" testListId="8c84fa94-04c1-424b-9868-57a2d4851a1d" />
    <TestEntry testId="c84aaef4-497b-4ffe-9ba4-bf5f91c27f15" executionId="292fff83-0ba4-4ee6-8674-b70f4acedc13" testListId="8c84fa94-04c1-424b-9868-57a2d4851a1d" />
    <TestEntry testId="50413de3-7cee-45dc-a095-37503a2743f6" executionId="5976d80e-4ff5-4da5-8300-27c7040af749" testListId="8c84fa94-04c1-424b-9868-57a2d4851a1d" />
    <TestEntry testId="76ded4fc-0f0d-4241-a41a-9b51bdda175e" executionId="78325265-edc9-4471-9410-dd4eed7f19c1" testListId="8c84fa94-04c1-424b-9868-57a2d4851a1d" />
    <TestEntry testId="91462990-8c44-4877-b86f-e828b14c5058" executionId="6d854af9-7a3a-4af7-885b-0bb35a9bbc3d" testListId="8c84fa94-04c1-424b-9868-57a2d4851a1d" />
    <TestEntry testId="39caacb7-a298-4fc9-b816-820491db8e6c" executionId="d7820970-00c5-4e62-bb5b-6927cae60651" testListId="8c84fa94-04c1-424b-9868-57a2d4851a1d" />
    <TestEntry testId="1e2c6b5d-f04e-4bf4-83a7-20d405ca6d7b" executionId="db8ead99-c78f-4840-bdeb-0d2c6651656c" testListId="8c84fa94-04c1-424b-9868-57a2d4851a1d" />
    <TestEntry testId="fc2aa48c-2f32-418d-9804-47654cbfa537" executionId="17a82c4e-d3a4-47af-a651-730ad6d3b346" testListId="8c84fa94-04c1-424b-9868-57a2d4851a1d" />
    <TestEntry testId="58d587ac-c982-4cdf-8ed9-ebe744a11270" executionId="c7ce3ae8-8b2b-4c54-95c0-c1b3cb591710" testListId="8c84fa94-04c1-424b-9868-57a2d4851a1d" />
    <TestEntry testId="9733bdd7-4231-4709-a854-0c560033d713" executionId="06d5469f-5503-419a-b48b-f3d25364659a" testListId="8c84fa94-04c1-424b-9868-57a2d4851a1d" />
    <TestEntry testId="059c3979-11c0-42d8-9c37-ef853e98d124" executionId="71feec0d-59b0-45af-8f27-fdd1cbc23c8d" testListId="8c84fa94-04c1-424b-9868-57a2d4851a1d" />
    <TestEntry testId="f391eaa9-009f-4d81-8c66-3f4b7ece5af9" executionId="87b184ae-6706-447c-a25d-94c6a7cc3224" testListId="8c84fa94-04c1-424b-9868-57a2d4851a1d" />
    <TestEntry testId="a1915bfa-6da5-4b75-a3da-7376c058f54a" executionId="711bfd55-d492-431a-95e2-606f5186361b" testListId="8c84fa94-04c1-424b-9868-57a2d4851a1d" />
    <TestEntry testId="4327825a-6920-4f70-8090-9b69f7f3e340" executionId="6a34a1d8-d073-4a36-ae38-687e967df732" testListId="8c84fa94-04c1-424b-9868-57a2d4851a1d" />
    <TestEntry testId="b5381c68-9bcc-4142-adc2-c1eae61a3ffd" executionId="b41b31e8-d7e4-4fc0-b315-8582da0b9e5c" testListId="8c84fa94-04c1-424b-9868-57a2d4851a1d" />
    <TestEntry testId="f32afd85-0262-4d46-b76e-3eab7e7eabe9" executionId="05c3e535-7635-4a1d-9fb3-5ca63028d261" testListId="8c84fa94-04c1-424b-9868-57a2d4851a1d" />
    <TestEntry testId="f5b1501c-1236-4cf8-af55-9fead2b9d4bf" executionId="71a68a4a-b2e8-46a3-a2e8-8d341a46a6ba" testListId="8c84fa94-04c1-424b-9868-57a2d4851a1d" />
    <TestEntry testId="b3aa68a5-26a3-40ff-888e-f2838f6b2880" executionId="7fcbd69e-2d31-4767-940b-2e53cbd5cb5d" testListId="8c84fa94-04c1-424b-9868-57a2d4851a1d" />
    <TestEntry testId="ccf344d8-b28a-4fa5-8434-ec42c0a64a25" executionId="9a456f1b-ea9f-48d5-aff2-c61424be8396" testListId="8c84fa94-04c1-424b-9868-57a2d4851a1d" />
    <TestEntry testId="9bebe953-c920-46b5-8574-08990a4d12b3" executionId="9f774851-be0e-4818-b810-c48985e00a79" testListId="8c84fa94-04c1-424b-9868-57a2d4851a1d" />
    <TestEntry testId="8d4798bc-11be-4b2f-8eb2-b6394c4a5fc1" executionId="a94cee4a-c8b2-4e15-88be-1f45967f79ca" testListId="8c84fa94-04c1-424b-9868-57a2d4851a1d" />
    <TestEntry testId="5e2b331c-1624-404b-8f57-6d8aaef11a32" executionId="e0bcb54c-b88a-45d5-bb92-ca1ff639f8d3" testListId="8c84fa94-04c1-424b-9868-57a2d4851a1d" />
    <TestEntry testId="eb1acb12-e68b-48e4-bb56-b49eae6c09b1" executionId="d2f5d783-65a2-4ce3-be5e-8e267cb6eb75" testListId="8c84fa94-04c1-424b-9868-57a2d4851a1d" />
    <TestEntry testId="7b56ded8-f8ed-4f0f-9470-e7037f2fe603" executionId="fa4beb7e-09c7-4a16-9864-ee148a9386a9" testListId="8c84fa94-04c1-424b-9868-57a2d4851a1d" />
    <TestEntry testId="6e6e71f3-c9a4-4cac-b5dd-baf4374ceeef" executionId="30d84079-5477-4f53-b234-40f3b3284df6" testListId="8c84fa94-04c1-424b-9868-57a2d4851a1d" />
    <TestEntry testId="3fb28fa0-0860-4dd2-8149-13f3ab111800" executionId="8c7f1aac-aa96-42ce-b2a7-1ff6175c2761" testListId="8c84fa94-04c1-424b-9868-57a2d4851a1d" />
    <TestEntry testId="6bbaceb9-3934-4ebf-894f-c5e50efa9db3" executionId="96132ede-389a-4ef3-8235-20cb12cbd323" testListId="8c84fa94-04c1-424b-9868-57a2d4851a1d" />
    <TestEntry testId="078735af-bd25-4169-9032-96d7dc67db2f" executionId="e46a5d7a-72bc-45bd-a07e-2aee38bdb2f6" testListId="8c84fa94-04c1-424b-9868-57a2d4851a1d" />
    <TestEntry testId="56369843-a9e3-4fb5-83f8-65a5881b9414" executionId="f095426b-c221-4255-bb39-4fcc3c97b5ee" testListId="8c84fa94-04c1-424b-9868-57a2d4851a1d" />
    <TestEntry testId="d8aac0cc-84ca-4c20-8ded-6a0ea08e9963" executionId="331efaad-3943-4da5-abdc-813b3a99fc2b" testListId="8c84fa94-04c1-424b-9868-57a2d4851a1d" />
    <TestEntry testId="ec6eea14-e2b7-4985-ba82-e38130e188a8" executionId="53b6d596-9189-4807-b18e-febe4f7eb9ff" testListId="8c84fa94-04c1-424b-9868-57a2d4851a1d" />
    <TestEntry testId="d9613bca-151f-4e61-8ba5-2e420dbe8484" executionId="3a9792d8-6281-4ffa-9b5c-d87890d91738" testListId="8c84fa94-04c1-424b-9868-57a2d4851a1d" />
    <TestEntry testId="083cabdb-bdb6-4a24-bf2b-4fb055964640" executionId="6973a5ce-31cd-4281-b414-b99695215a58" testListId="8c84fa94-04c1-424b-9868-57a2d4851a1d" />
    <TestEntry testId="0f5c45d4-962d-4992-9cda-10197c11d87a" executionId="9a31fae1-1fd5-41f1-956d-3c81749f5018" testListId="8c84fa94-04c1-424b-9868-57a2d4851a1d" />
    <TestEntry testId="0e849104-189c-4390-821d-f4338392cb36" executionId="68f20de9-3d2e-49b5-82f2-67f5802b56fc" testListId="8c84fa94-04c1-424b-9868-57a2d4851a1d" />
  </TestEntries>
  <TestLists>
    <TestList name="Results Not in a List" id="8c84fa94-04c1-424b-9868-57a2d4851a1d" />
    <TestList name="All Loaded Results" id="19431567-8539-422a-85d7-44ee4e166bda" />
  </TestLists>
  <ResultSummary outcome="Completed">
    <Counters total="313" executed="313" passed="313" failed="0" error="0" timeout="0" aborted="0" inconclusive="0" passedButRunAborted="0" notRunnable="0" notExecuted="0" disconnected="0" warning="0" completed="0" inProgress="0" pending="0" />
    <Output>
      <StdOut>Log Message: Instantiating TestRunSummaryView object from d:\v2.0\a1\_work\dbded102\vso\tfs\service\webaccess\testmanagement\testscripts\tests\TFSTests.TestManagement.RunsView.Summary.ts
Log Message: Instantiating TestRunSummaryTextView object from d:\v2.0\a1\_work\dbded102\vso\tfs\service\webaccess\testmanagement\testscripts\tests\TFSTests.TestManagement.RunsView.Summary.ts
Log Message: Stubbing beginInitialize and _showLoadingMessage methods from d:\v2.0\a1\_work\dbded102\vso\tfs\service\webaccess\testmanagement\testscripts\tests\TFSTests.TestManagement.RunsView.Summary.ts
Log Message: Calling loadSummaryTextView method from d:\v2.0\a1\_work\dbded102\vso\tfs\service\webaccess\testmanagement\testscripts\tests\TFSTests.TestManagement.RunsView.Summary.ts
Log Message: Stubbing methods. from d:\v2.0\a1\_work\dbded102\vso\tfs\service\webaccess\testmanagement\testscripts\tests\TFSTests.TestManagement.RunsView.Summary.ts
Log Message: Spying on loadSummaryTextView method from d:\v2.0\a1\_work\dbded102\vso\tfs\service\webaccess\testmanagement\testscripts\tests\TFSTests.TestManagement.RunsView.Summary.ts
Log Message: Calling Refresh method from d:\v2.0\a1\_work\dbded102\vso\tfs\service\webaccess\testmanagement\testscripts\tests\TFSTests.TestManagement.RunsView.Summary.ts
Log Message: AssertIsTrue on loadSummaryTextView method getting called from d:\v2.0\a1\_work\dbded102\vso\tfs\service\webaccess\testmanagement\testscripts\tests\TFSTests.TestManagement.RunsView.Summary.ts
Log Message: Stubbing methods. from d:\v2.0\a1\_work\dbded102\vso\tfs\service\webaccess\testmanagement\testscripts\tests\TFSTests.TestManagement.RunsView.Summary.ts
Log Message: Spying on _createLayout method from d:\v2.0\a1\_work\dbded102\vso\tfs\service\webaccess\testmanagement\testscripts\tests\TFSTests.TestManagement.RunsView.Summary.ts
Log Message: Calling loadSummaryTextView method from d:\v2.0\a1\_work\dbded102\vso\tfs\service\webaccess\testmanagement\testscripts\tests\TFSTests.TestManagement.RunsView.Summary.ts
Log Message: AssertIsTrue on _createLayout method getting called from d:\v2.0\a1\_work\dbded102\vso\tfs\service\webaccess\testmanagement\testscripts\tests\TFSTests.TestManagement.RunsView.Summary.ts
Log Message: Stubbing methods. from d:\v2.0\a1\_work\dbded102\vso\tfs\service\webaccess\testmanagement\testscripts\tests\TFSTests.TestManagement.RunsView.Summary.ts
Log Message: Spying on _errorHandler method from d:\v2.0\a1\_work\dbded102\vso\tfs\service\webaccess\testmanagement\testscripts\tests\TFSTests.TestManagement.RunsView.Summary.ts
Log Message: Calling loadSummaryTextView method from d:\v2.0\a1\_work\dbded102\vso\tfs\service\webaccess\testmanagement\testscripts\tests\TFSTests.TestManagement.RunsView.Summary.ts
Log Message: [TestRunSummaryTextView._errorHandler]: undefined from d:\v2.0\a1\_work\dbded102\vso\tfs\service\webaccess\testmanagement\testscripts\tests\TFSTests.TestManagement.RunsView.Summary.ts
Log Message: AssertIsTrue on _errorHandler method getting called from d:\v2.0\a1\_work\dbded102\vso\tfs\service\webaccess\testmanagement\testscripts\tests\TFSTests.TestManagement.RunsView.Summary.ts
Log Message: Stubbing methods. from d:\v2.0\a1\_work\dbded102\vso\tfs\service\webaccess\testmanagement\testscripts\tests\TFSTests.TestManagement.RunsView.Summary.ts
Log Message: Calling loadSummaryTextView method from d:\v2.0\a1\_work\dbded102\vso\tfs\service\webaccess\testmanagement\testscripts\tests\TFSTests.TestManagement.RunsView.Summary.ts
Log Message: Stubbing methods. from d:\v2.0\a1\_work\dbded102\vso\tfs\service\webaccess\testmanagement\testscripts\tests\TFSTests.TestManagement.RunsView.Summary.ts
Log Message: Calling loadSummaryTextView method from d:\v2.0\a1\_work\dbded102\vso\tfs\service\webaccess\testmanagement\testscripts\tests\TFSTests.TestManagement.RunsView.Summary.ts
Log Message: Stubbing methods. from d:\v2.0\a1\_work\dbded102\vso\tfs\service\webaccess\testmanagement\testscripts\tests\TFSTests.TestManagement.RunsView.Summary.ts
Log Message: Calling loadSummaryTextView method from d:\v2.0\a1\_work\dbded102\vso\tfs\service\webaccess\testmanagement\testscripts\tests\TFSTests.TestManagement.RunsView.Summary.ts
Log Message: Stubbing methods. from d:\v2.0\a1\_work\dbded102\vso\tfs\service\webaccess\testmanagement\testscripts\tests\TFSTests.TestManagement.RunsView.Summary.ts
Log Message: Calling loadSummaryTextView method from d:\v2.0\a1\_work\dbded102\vso\tfs\service\webaccess\testmanagement\testscripts\tests\TFSTests.TestManagement.RunsView.Summary.ts
Log Message: Stubbing methods. from d:\v2.0\a1\_work\dbded102\vso\tfs\service\webaccess\testmanagement\testscripts\tests\TFSTests.TestManagement.RunsView.Summary.ts
Log Message: Calling loadSummaryTextView method from d:\v2.0\a1\_work\dbded102\vso\tfs\service\webaccess\testmanagement\testscripts\tests\TFSTests.TestManagement.RunsView.Summary.ts
Log Message: Stubbing methods. from d:\v2.0\a1\_work\dbded102\vso\tfs\service\webaccess\testmanagement\testscripts\tests\TFSTests.TestManagement.RunsView.Summary.ts
Log Message: Calling loadSummaryTextView method from d:\v2.0\a1\_work\dbded102\vso\tfs\service\webaccess\testmanagement\testscripts\tests\TFSTests.TestManagement.RunsView.Summary.ts
Log Message: 002 milliseconds from d:\v2.0\a1\_work\dbded102\vso\tfs\service\webaccess\testmanagement\testscripts\tests\TFSTests.TestManagement.RunsView.ts
Log Message: 002 milliseconds from d:\v2.0\a1\_work\dbded102\vso\tfs\service\webaccess\testmanagement\testscripts\tests\TFSTests.TestManagement.RunsView.ts
Log Message: 010 milliseconds from d:\v2.0\a1\_work\dbded102\vso\tfs\service\webaccess\testmanagement\testscripts\tests\TFSTests.TestManagement.RunsView.ts
Log Message: 010 milliseconds from d:\v2.0\a1\_work\dbded102\vso\tfs\service\webaccess\testmanagement\testscripts\tests\TFSTests.TestManagement.RunsView.ts
Log Message: 123 milliseconds from d:\v2.0\a1\_work\dbded102\vso\tfs\service\webaccess\testmanagement\testscripts\tests\TFSTests.TestManagement.RunsView.ts
Log Message: 123 milliseconds from d:\v2.0\a1\_work\dbded102\vso\tfs\service\webaccess\testmanagement\testscripts\tests\TFSTests.TestManagement.RunsView.ts
Log Message: 01 seconds from d:\v2.0\a1\_work\dbded102\vso\tfs\service\webaccess\testmanagement\testscripts\tests\TFSTests.TestManagement.RunsView.ts
Log Message: 01 seconds from d:\v2.0\a1\_work\dbded102\vso\tfs\service\webaccess\testmanagement\testscripts\tests\TFSTests.TestManagement.RunsView.ts
Log Message: 12 seconds from d:\v2.0\a1\_work\dbded102\vso\tfs\service\webaccess\testmanagement\testscripts\tests\TFSTests.TestManagement.RunsView.ts
Log Message: 12 seconds from d:\v2.0\a1\_work\dbded102\vso\tfs\service\webaccess\testmanagement\testscripts\tests\TFSTests.TestManagement.RunsView.ts
Log Message: 02 minutes 03 seconds from d:\v2.0\a1\_work\dbded102\vso\tfs\service\webaccess\testmanagement\testscripts\tests\TFSTests.TestManagement.RunsView.ts
Log Message: 02 minutes 03 seconds from d:\v2.0\a1\_work\dbded102\vso\tfs\service\webaccess\testmanagement\testscripts\tests\TFSTests.TestManagement.RunsView.ts
Log Message: 20 minutes 34 seconds from d:\v2.0\a1\_work\dbded102\vso\tfs\service\webaccess\testmanagement\testscripts\tests\TFSTests.TestManagement.RunsView.ts
Log Message: 20 minutes 34 seconds from d:\v2.0\a1\_work\dbded102\vso\tfs\service\webaccess\testmanagement\testscripts\tests\TFSTests.TestManagement.RunsView.ts
Log Message: 03 hours 25 minutes 45 seconds from d:\v2.0\a1\_work\dbded102\vso\tfs\service\webaccess\testmanagement\testscripts\tests\TFSTests.TestManagement.RunsView.ts
Log Message: 03 hours 25 minutes 45 seconds from d:\v2.0\a1\_work\dbded102\vso\tfs\service\webaccess\testmanagement\testscripts\tests\TFSTests.TestManagement.RunsView.ts
Log Message: 1 day 10 hours 17 minutes 36 seconds from d:\v2.0\a1\_work\dbded102\vso\tfs\service\webaccess\testmanagement\testscripts\tests\TFSTests.TestManagement.RunsView.ts
Log Message: 1 day 10 hours 17 minutes 36 seconds from d:\v2.0\a1\_work\dbded102\vso\tfs\service\webaccess\testmanagement\testscripts\tests\TFSTests.TestManagement.RunsView.ts
Log Message: 142 days 21 hours 21 minutes 18 seconds from d:\v2.0\a1\_work\dbded102\vso\tfs\service\webaccess\testmanagement\testscripts\tests\TFSTests.TestManagement.RunsView.ts
Log Message: 142 days 21 hours 21 minutes 18 seconds from d:\v2.0\a1\_work\dbded102\vso\tfs\service\webaccess\testmanagement\testscripts\tests\TFSTests.TestManagement.RunsView.ts
Log Message: (no stack) TFS.WebApi.Exception: An undefined error occurred while attempting to connect to the server. Status code 0: error. from d:\v2.0\a1\_work\dbded102\vso\tfs\service\webaccess\testmanagement\testscripts\tests\TFSTests.TestManagement.RunsView.ts
Log Message: at _handleRequestFailure (file:///D:/v2.0/A1/_work/dbded102/layout/L1/tfsjstestsclean/vssjstests/VSS/Ajax.js:116:18)
	at file:///D:/v2.0/A1/_work/dbded102/layout/L1/tfsjstestsclean/vssjstests/VSS/Ajax.js:321:34
	at _rejected (file:///D:/v2.0/A1/_work/dbded102/layout/L1/tfsjstestsclean/vssjstests/q.js:797:32)
	at file:///D:/v2.0/A1/_work/dbded102/layout/L1/tfsjstestsclean/vssjstests/q.js:823:39
	at when (file:///D:/v2.0/A1/_work/dbded102/layout/L1/tfsjstestsclean/vssjstests/q.js:1035:39)
	at promiseDispatch (file:///D:/v2.0/A1/_work/dbded102/layout/L1/tfsjstestsclean/vssjstests/q.js:741:46)
	at file:///D:/v2.0/A1/_work/dbded102/layout/L1/tfsjstestsclean/vssjstests/q.js:557:49
	at flush (file:///D:/v2.0/A1/_work/dbded102/layout/L1/tfsjstestsclean/vssjstests/q.js:108:21) from d:\v2.0\a1\_work\dbded102\vso\tfs\service\webaccess\testmanagement\testscripts\tests\TFSTests.TestManagement.RunsView.ts
Log Message: [DataSetGrid.ClipboardAction._copyToClipboard] - Event e is null, copy didn't happen from d:\v2.0\a1\_work\dbded102\vso\tfs\service\webaccess\testmanagement\testscripts\tests\TFSTests.TestManagement.Controls.ts
Log Message: [AssignTestersToSuite.AssignTesters]: suite object is NULL from d:\v2.0\a1\_work\dbded102\vso\tfs\service\webaccess\testmanagement\testscripts\tests\TFSTests.TestManagement.TestSuiteTree.ts
</StdOut>
    </Output>
  </ResultSummary>
</TestRun>