<?xml version="1.0" encoding="UTF-8"?>
<TestRun id="b466d81d-b2cd-4284-b6cc-7ce4104a7327" name="tfsmladm@TFSBUILD11 2015-09-28 09:43:14" runUser="REDMOND\tfsmladm" xmlns="http://microsoft.com/schemas/VisualStudio/TeamTest/2010">
  <Times creation="2015-09-28T09:43:14.7018371-07:00" queuing="2015-09-28T09:43:14.7018371-07:00" start="2015-09-28T09:43:14.7018371-07:00" finish="2015-09-28T09:43:14.7487160-07:00" />
  <TestSettings name="default" id="b3863362-064a-45a6-aedf-875e4c609ea6">
    <Execution>
      <TestTypeSpecific />
    </Execution>
    <Deployment runDeploymentRoot="tfsmladm_TFSBUILD11 2015-09-28 09_43_14" />
    <Properties />
  </TestSettings>
  <Results>
    <UnitTestResult executionId="cc22317c-bbf0-4564-a0d7-24e09007831a" testId="02cd0c01-5820-0eba-040f-e1fc32b41dd7" testName="TestMethod1" computerName="TFSBUILD11" duration="00:00:00.0035071" startTime="2015-09-28T09:43:14.6080810-07:00" endTime="2015-09-28T09:43:14.6393330-07:00" testType="13cdc9d9-ddb5-4fa4-a97d-d965ccfc6d4b" outcome="Passed" testListId="8c84fa94-04c1-424b-9868-57a2d4851a1d" relativeResultsDirectory="cc22317c-bbf0-4564-a0d7-24e09007831a" />
  </Results>
  <TestDefinitions>
    <UnitTest name="TestMethod1" storage="d:\v2.0\a1\_work\dbded102\bin\release.anycpu\analytics.service\ms.vs.services.analytics.server.l0.tests\ms.vs.services.analytics.server.l0.tests.dll" id="02cd0c01-5820-0eba-040f-e1fc32b41dd7">
      <Execution id="cc22317c-bbf0-4564-a0d7-24e09007831a" />
      <TestMethod codeBase="D:\v2.0\A1\_work\dbded102\bin\Release.AnyCPU\Analytics.Service\MS.VS.Services.Analytics.Server.L0.Tests\MS.VS.Services.Analytics.Server.L0.Tests.dll" adapterTypeName="Microsoft.VisualStudio.TestTools.TestTypes.Unit.UnitTestAdapter" className="MS.VS.Services.Analytics.Server.L0.Tests.UnitTest1" name="TestMethod1" />
    </UnitTest>
  </TestDefinitions>
  <TestEntries>
    <TestEntry testId="02cd0c01-5820-0eba-040f-e1fc32b41dd7" executionId="cc22317c-bbf0-4564-a0d7-24e09007831a" testListId="8c84fa94-04c1-424b-9868-57a2d4851a1d" />
  </TestEntries>
  <TestLists>
    <TestList name="Results Not in a List" id="8c84fa94-04c1-424b-9868-57a2d4851a1d" />
    <TestList name="All Loaded Results" id="19431567-8539-422a-85d7-44ee4e166bda" />
  </TestLists>
  <ResultSummary outcome="Completed">
    <Counters total="1" executed="1" passed="1" failed="0" error="0" timeout="0" aborted="0" inconclusive="0" passedButRunAborted="0" notRunnable="0" notExecuted="0" disconnected="0" warning="0" completed="0" inProgress="0" pending="0" />
  </ResultSummary>
</TestRun>