<?xml version="1.0" encoding="UTF-8"?>
<TestRun id="bacdd288-a678-404e-9b19-e5638879ed8a" name="tfsmladm@TFSBUILD11 2015-09-28 09:43:33" runUser="REDMOND\tfsmladm" xmlns="http://microsoft.com/schemas/VisualStudio/TeamTest/2010">
  <Times creation="2015-09-28T09:43:33.0312669-07:00" queuing="2015-09-28T09:43:33.0312669-07:00" start="2015-09-28T09:43:33.0468918-07:00" finish="2015-09-28T09:43:39.0629452-07:00" />
  <TestSettings name="default" id="0dc1f758-e8a4-45f9-9a05-ebd26393d36d">
    <Execution>
      <TestTypeSpecific />
    </Execution>
    <Deployment runDeploymentRoot="tfsmladm_TFSBUILD11 2015-09-28 09_43_33" />
    <Properties />
  </TestSettings>
  <Results>
    <UnitTestResult executionId="bc40297e-7eae-4b78-9eff-a5329514a83e" testId="52e47b29-6f31-e4b3-75af-491142588800" testName="WidgetTypesControllerTests_GetWidgetTypes" computerName="TFSBUILD11" duration="00:00:01.9257146" startTime="2015-09-28T09:43:30.2966968-07:00" endTime="2015-09-28T09:43:32.3593435-07:00" testType="13cdc9d9-ddb5-4fa4-a97d-d965ccfc6d4b" outcome="Passed" testListId="8c84fa94-04c1-424b-9868-57a2d4851a1d" relativeResultsDirectory="bc40297e-7eae-4b78-9eff-a5329514a83e" />
    <UnitTestResult executionId="b88e6348-cbef-47bf-8cdb-df2b198a122d" testId="78bbc2b9-8d32-ee86-1eb1-577d43fc85e1" testName="WidgetTypesControllerTests_GetWidgetTypes_NullMetaDataFromCatalog" computerName="TFSBUILD11" duration="00:00:00.0135608" startTime="2015-09-28T09:43:32.3749702-07:00" endTime="2015-09-28T09:43:32.3905957-07:00" testType="13cdc9d9-ddb5-4fa4-a97d-d965ccfc6d4b" outcome="Passed" testListId="8c84fa94-04c1-424b-9868-57a2d4851a1d" relativeResultsDirectory="b88e6348-cbef-47bf-8cdb-df2b198a122d" />
    <UnitTestResult executionId="ceabd2c9-d577-48a1-80f8-7d211c47fdcb" testId="9643692c-c96f-8c3f-8577-1c09833042b9" testName="WidgetTypesControllerTests_GetWidgetMetadata" computerName="TFSBUILD11" duration="00:00:00.0115313" startTime="2015-09-28T09:43:32.3905957-07:00" endTime="2015-09-28T09:43:32.4062216-07:00" testType="13cdc9d9-ddb5-4fa4-a97d-d965ccfc6d4b" outcome="Passed" testListId="8c84fa94-04c1-424b-9868-57a2d4851a1d" relativeResultsDirectory="ceabd2c9-d577-48a1-80f8-7d211c47fdcb" />
    <UnitTestResult executionId="51c97e7a-ade1-49db-b9ef-09571bfea820" testId="a8cf8338-968d-ee70-a31a-97a599f3fec7" testName="WidgetTypesControllerTests_GetWidgetMetadata_NullMetaDataFromCatalog" computerName="TFSBUILD11" duration="00:00:00.0100155" startTime="2015-09-28T09:43:32.4062216-07:00" endTime="2015-09-28T09:43:32.4218485-07:00" testType="13cdc9d9-ddb5-4fa4-a97d-d965ccfc6d4b" outcome="Passed" testListId="8c84fa94-04c1-424b-9868-57a2d4851a1d" relativeResultsDirectory="51c97e7a-ade1-49db-b9ef-09571bfea820" />
    <UnitTestResult executionId="f460e915-2fb3-4551-a88e-95a93098f2ed" testId="9ee43f9d-c5af-980c-b3f7-d16b38944bef" testName="TypeInfoTests_MemberNull" computerName="TFSBUILD11" duration="00:00:00.0011246" startTime="2015-09-28T09:43:32.4218485-07:00" endTime="2015-09-28T09:43:32.4218485-07:00" testType="13cdc9d9-ddb5-4fa4-a97d-d965ccfc6d4b" outcome="Passed" testListId="8c84fa94-04c1-424b-9868-57a2d4851a1d" relativeResultsDirectory="f460e915-2fb3-4551-a88e-95a93098f2ed" />
    <UnitTestResult executionId="6ce1603f-2103-4f93-b59c-3fd8806981f4" testId="3cb6d3be-6cfd-acd4-eaf9-6e8099bab082" testName="DashboardGroupRoutesTests_GetDashboardGroup" computerName="TFSBUILD11" duration="00:00:00.6569063" startTime="2015-09-28T09:43:32.4218485-07:00" endTime="2015-09-28T09:43:33.0781449-07:00" testType="13cdc9d9-ddb5-4fa4-a97d-d965ccfc6d4b" outcome="Passed" testListId="8c84fa94-04c1-424b-9868-57a2d4851a1d" relativeResultsDirectory="6ce1603f-2103-4f93-b59c-3fd8806981f4" />
    <UnitTestResult executionId="9b8ee703-1c18-49ec-b47b-7a46db3b3416" testId="20cbea81-1f6e-4834-1a4d-bd30b0657de0" testName="DashboardGroupRoutesTests_PutDashboardGroup" computerName="TFSBUILD11" duration="00:00:00.3494475" startTime="2015-09-28T09:43:33.0781449-07:00" endTime="2015-09-28T09:43:33.4219191-07:00" testType="13cdc9d9-ddb5-4fa4-a97d-d965ccfc6d4b" outcome="Passed" testListId="8c84fa94-04c1-424b-9868-57a2d4851a1d" relativeResultsDirectory="9b8ee703-1c18-49ec-b47b-7a46db3b3416" />
    <UnitTestResult executionId="78da45f5-ce52-4edf-a836-99942993cb43" testId="ff4fd26c-5773-2b02-3f2e-2360159a9251" testName="DashboardRouteTests_GetDashboard" computerName="TFSBUILD11" duration="00:00:00.4815122" startTime="2015-09-28T09:43:33.4219191-07:00" endTime="2015-09-28T09:43:33.9063285-07:00" testType="13cdc9d9-ddb5-4fa4-a97d-d965ccfc6d4b" outcome="Passed" testListId="8c84fa94-04c1-424b-9868-57a2d4851a1d" relativeResultsDirectory="78da45f5-ce52-4edf-a836-99942993cb43" />
    <UnitTestResult executionId="58fcb97a-dce9-4b79-ab8e-acc3ed1466de" testId="61c4f785-757a-480c-34bb-0c96482d5877" testName="DashboardRouteTests_DeleteDashboard" computerName="TFSBUILD11" duration="00:00:00.3526885" startTime="2015-09-28T09:43:33.9063285-07:00" endTime="2015-09-28T09:43:34.2657296-07:00" testType="13cdc9d9-ddb5-4fa4-a97d-d965ccfc6d4b" outcome="Passed" testListId="8c84fa94-04c1-424b-9868-57a2d4851a1d" relativeResultsDirectory="58fcb97a-dce9-4b79-ab8e-acc3ed1466de" />
    <UnitTestResult executionId="2e1756d6-da70-4ced-8f2e-9de1b8ee38b2" testId="578cc8d4-bee6-3a3c-06e9-fa8f73691ad5" testName="DashboardRouteTests_PutDashboard" computerName="TFSBUILD11" duration="00:00:00.3346411" startTime="2015-09-28T09:43:34.2657296-07:00" endTime="2015-09-28T09:43:34.5938777-07:00" testType="13cdc9d9-ddb5-4fa4-a97d-d965ccfc6d4b" outcome="Passed" testListId="8c84fa94-04c1-424b-9868-57a2d4851a1d" relativeResultsDirectory="2e1756d6-da70-4ced-8f2e-9de1b8ee38b2" />
    <UnitTestResult executionId="2cfe46de-276c-49a9-8fb9-add2d59cf358" testId="4bbdee0a-d851-338c-e354-e73903460a0c" testName="DashboardRouteTests_PostDashboard" computerName="TFSBUILD11" duration="00:00:00.3265296" startTime="2015-09-28T09:43:34.5938777-07:00" endTime="2015-09-28T09:43:34.9220263-07:00" testType="13cdc9d9-ddb5-4fa4-a97d-d965ccfc6d4b" outcome="Passed" testListId="8c84fa94-04c1-424b-9868-57a2d4851a1d" relativeResultsDirectory="2cfe46de-276c-49a9-8fb9-add2d59cf358" />
    <UnitTestResult executionId="ff9336be-6cb8-40d1-a3de-f4cfb29f19d2" testId="963a0e7d-ba8a-def1-a8d1-18124cd2487d" testName="WidgetsRoutesTests_GetWidget" computerName="TFSBUILD11" duration="00:00:00.5013889" startTime="2015-09-28T09:43:34.9220263-07:00" endTime="2015-09-28T09:43:35.4220607-07:00" testType="13cdc9d9-ddb5-4fa4-a97d-d965ccfc6d4b" outcome="Passed" testListId="8c84fa94-04c1-424b-9868-57a2d4851a1d" relativeResultsDirectory="ff9336be-6cb8-40d1-a3de-f4cfb29f19d2" />
    <UnitTestResult executionId="950ad49a-5f15-4d70-9f39-8927d9dbb5ec" testId="584b040d-f787-4b44-e7f1-f9cacc8594e2" testName="WidgetRoutesTests_DeleteWidget" computerName="TFSBUILD11" duration="00:00:00.3399038" startTime="2015-09-28T09:43:35.4220607-07:00" endTime="2015-09-28T09:43:35.7658354-07:00" testType="13cdc9d9-ddb5-4fa4-a97d-d965ccfc6d4b" outcome="Passed" testListId="8c84fa94-04c1-424b-9868-57a2d4851a1d" relativeResultsDirectory="950ad49a-5f15-4d70-9f39-8927d9dbb5ec" />
    <UnitTestResult executionId="b49e77da-5204-4db8-b738-411e168f95ea" testId="066eb9cd-2f16-5cfd-722b-f4663320f53a" testName="WidgetRoutesTests_PatchWidget" computerName="TFSBUILD11" duration="00:00:00.3491596" startTime="2015-09-28T09:43:35.7658354-07:00" endTime="2015-09-28T09:43:36.1096096-07:00" testType="13cdc9d9-ddb5-4fa4-a97d-d965ccfc6d4b" outcome="Passed" testListId="8c84fa94-04c1-424b-9868-57a2d4851a1d" relativeResultsDirectory="b49e77da-5204-4db8-b738-411e168f95ea" />
    <UnitTestResult executionId="a23098b7-496d-49d4-a510-553a46062976" testId="365779b3-1121-6bbf-0e81-dc3cf25bd25e" testName="WidgetRoutesTests_PostWidget" computerName="TFSBUILD11" duration="00:00:00.3395181" startTime="2015-09-28T09:43:36.1096096-07:00" endTime="2015-09-28T09:43:36.4533843-07:00" testType="13cdc9d9-ddb5-4fa4-a97d-d965ccfc6d4b" outcome="Passed" testListId="8c84fa94-04c1-424b-9868-57a2d4851a1d" relativeResultsDirectory="a23098b7-496d-49d4-a510-553a46062976" />
    <UnitTestResult executionId="ee2aba2c-9259-4232-9839-9b676c8e3a44" testId="d3083ee5-2368-5797-2c3d-3ba33a5844a5" testName="TeamDashboardConsumerTests_CheckGetMethods" computerName="TFSBUILD11" duration="00:00:00.0015459" startTime="2015-09-28T09:43:36.4533843-07:00" endTime="2015-09-28T09:43:36.4533843-07:00" testType="13cdc9d9-ddb5-4fa4-a97d-d965ccfc6d4b" outcome="Passed" testListId="8c84fa94-04c1-424b-9868-57a2d4851a1d" relativeResultsDirectory="ee2aba2c-9259-4232-9839-9b676c8e3a44" />
    <UnitTestResult executionId="db23e94d-7970-4b03-b0e1-468acb9336e8" testId="ea505dba-d385-a35f-cb26-deea1b0895bf" testName="TeamDashboardConsumerTests_CheckReadPermission" computerName="TFSBUILD11" duration="00:00:00.0033658" startTime="2015-09-28T09:43:36.4533843-07:00" endTime="2015-09-28T09:43:36.4533843-07:00" testType="13cdc9d9-ddb5-4fa4-a97d-d965ccfc6d4b" outcome="Passed" testListId="8c84fa94-04c1-424b-9868-57a2d4851a1d" relativeResultsDirectory="db23e94d-7970-4b03-b0e1-468acb9336e8" />
    <UnitTestResult executionId="c390eb57-3bc0-4294-994b-ce0f7c6cb08a" testId="a3f765a7-6b61-7f4f-edab-7fa77c5c0f5a" testName="TeamDashboardConsumerTests_ThrowExceptionIfProjectNotFound" computerName="TFSBUILD11" duration="00:00:00.0386490" startTime="2015-09-28T09:43:36.4533843-07:00" endTime="2015-09-28T09:43:36.5002627-07:00" testType="13cdc9d9-ddb5-4fa4-a97d-d965ccfc6d4b" outcome="Passed" testListId="8c84fa94-04c1-424b-9868-57a2d4851a1d" relativeResultsDirectory="c390eb57-3bc0-4294-994b-ce0f7c6cb08a" />
    <UnitTestResult executionId="74b10187-3e89-455c-9b10-7825bd37011c" testId="cdd5b93c-2dea-0a13-10fa-85ab750af889" testName="TeamDashboardConsumerTests_ThrowExceptionWhenNoTeamsAreFound" computerName="TFSBUILD11" duration="00:00:00.0545048" startTime="2015-09-28T09:43:36.5002627-07:00" endTime="2015-09-28T09:43:36.5471410-07:00" testType="13cdc9d9-ddb5-4fa4-a97d-d965ccfc6d4b" outcome="Passed" testListId="8c84fa94-04c1-424b-9868-57a2d4851a1d" relativeResultsDirectory="74b10187-3e89-455c-9b10-7825bd37011c" />
    <UnitTestResult executionId="8d2eb03c-20a9-418c-8674-f01207ba99d0" testId="58e2bcc3-364f-d352-54a4-b4d0864ab7a7" testName="TeamDashboardConsumerTests_ThrowExceptionWhenGivenTeamNotFound" computerName="TFSBUILD11" duration="00:00:00.0378196" startTime="2015-09-28T09:43:36.5471410-07:00" endTime="2015-09-28T09:43:36.5940193-07:00" testType="13cdc9d9-ddb5-4fa4-a97d-d965ccfc6d4b" outcome="Passed" testListId="8c84fa94-04c1-424b-9868-57a2d4851a1d" relativeResultsDirectory="8d2eb03c-20a9-418c-8674-f01207ba99d0" />
    <UnitTestResult executionId="1f1e0b99-65ce-43a1-9241-d33e5189ee85" testId="f156dd38-d720-cb57-9a85-3ae06e60e471" testName="TeamDashboardConsumerTests_ThrowExceptionWhenUserNotAdmin" computerName="TFSBUILD11" duration="00:00:00.0121744" startTime="2015-09-28T09:43:36.5940193-07:00" endTime="2015-09-28T09:43:36.6096460-07:00" testType="13cdc9d9-ddb5-4fa4-a97d-d965ccfc6d4b" outcome="Passed" testListId="8c84fa94-04c1-424b-9868-57a2d4851a1d" relativeResultsDirectory="1f1e0b99-65ce-43a1-9241-d33e5189ee85" />
    <UnitTestResult executionId="a1170bcc-8ba9-4078-9c37-02cf1830dce9" testId="b86f80dc-957f-8174-cc6d-a1bc7aad8010" testName="TeamDashboardConsumerTests_AdminSuccess" computerName="TFSBUILD11" duration="00:00:00.0089585" startTime="2015-09-28T09:43:36.6096460-07:00" endTime="2015-09-28T09:43:36.6096460-07:00" testType="13cdc9d9-ddb5-4fa4-a97d-d965ccfc6d4b" outcome="Passed" testListId="8c84fa94-04c1-424b-9868-57a2d4851a1d" relativeResultsDirectory="a1170bcc-8ba9-4078-9c37-02cf1830dce9" />
    <UnitTestResult executionId="a99c4781-a204-41e5-af8f-a515b030a35e" testId="69cd3c12-75b0-64d4-e473-05f4a8e1ccf1" testName="AppStoreWidgetMetadataServiceTests_TfsContractTest" computerName="TFSBUILD11" duration="00:00:00.0001416" startTime="2015-09-28T09:43:36.6096460-07:00" endTime="2015-09-28T09:43:36.6096460-07:00" testType="13cdc9d9-ddb5-4fa4-a97d-d965ccfc6d4b" outcome="Passed" testListId="8c84fa94-04c1-424b-9868-57a2d4851a1d" relativeResultsDirectory="a99c4781-a204-41e5-af8f-a515b030a35e" />
    <UnitTestResult executionId="792b683b-4829-40bc-af0a-b10cbf8020d7" testId="4d7fcc96-061a-a048-9fed-b62165231d9d" testName="AppStoreWidgetMetadataServiceTest_EmptyCatalogWhenFeatureFlagOff" computerName="TFSBUILD11" duration="00:00:00.0207450" startTime="2015-09-28T09:43:36.6096460-07:00" endTime="2015-09-28T09:43:36.6408980-07:00" testType="13cdc9d9-ddb5-4fa4-a97d-d965ccfc6d4b" outcome="Passed" testListId="8c84fa94-04c1-424b-9868-57a2d4851a1d" relativeResultsDirectory="792b683b-4829-40bc-af0a-b10cbf8020d7" />
    <UnitTestResult executionId="a30926c1-370a-4bf8-87c6-2f8defaac7b5" testId="4f74749f-a2f3-aee8-21a2-e2b7b976465b" testName="AppStoreWidgetMetadataServiceTest_NonEmptyCatalogWithFlag" computerName="TFSBUILD11" duration="00:00:00.0508926" startTime="2015-09-28T09:43:36.6408980-07:00" endTime="2015-09-28T09:43:36.6877766-07:00" testType="13cdc9d9-ddb5-4fa4-a97d-d965ccfc6d4b" outcome="Passed" testListId="8c84fa94-04c1-424b-9868-57a2d4851a1d" relativeResultsDirectory="a30926c1-370a-4bf8-87c6-2f8defaac7b5" />
    <UnitTestResult executionId="712196d6-c650-46fc-925e-9391235b49ab" testId="5d85080f-bd8d-6730-9a8c-fd2a83320f60" testName="AppStoreWidgetConfigurationMetadataServiceTest_EmptyCatalogWhenFeatureFlagOff" computerName="TFSBUILD11" duration="00:00:00.0071705" startTime="2015-09-28T09:43:36.6877766-07:00" endTime="2015-09-28T09:43:36.6877766-07:00" testType="13cdc9d9-ddb5-4fa4-a97d-d965ccfc6d4b" outcome="Passed" testListId="8c84fa94-04c1-424b-9868-57a2d4851a1d" relativeResultsDirectory="712196d6-c650-46fc-925e-9391235b49ab" />
    <UnitTestResult executionId="1851a0bb-bfdf-40fb-b100-518788fd6a66" testId="d5fa67cd-582e-63d9-bfc2-5fe7d4735af8" testName="AppStoreWidgetConfigurationMetadataServiceTest_NonEmptyCatalogWithFlag" computerName="TFSBUILD11" duration="00:00:00.0066682" startTime="2015-09-28T09:43:36.6877766-07:00" endTime="2015-09-28T09:43:36.7034027-07:00" testType="13cdc9d9-ddb5-4fa4-a97d-d965ccfc6d4b" outcome="Passed" testListId="8c84fa94-04c1-424b-9868-57a2d4851a1d" relativeResultsDirectory="1851a0bb-bfdf-40fb-b100-518788fd6a66" />
    <UnitTestResult executionId="10737c8e-1ef6-4fa1-94dd-7473487c1189" testId="e92a8daa-1e31-bd84-0afd-b4f85f0de75c" testName="WidgetMetadataTests_LegalWidgetSizesAreValid" computerName="TFSBUILD11" duration="00:00:00.0021469" startTime="2015-09-28T09:43:36.7034027-07:00" endTime="2015-09-28T09:43:36.7034027-07:00" testType="13cdc9d9-ddb5-4fa4-a97d-d965ccfc6d4b" outcome="Passed" testListId="8c84fa94-04c1-424b-9868-57a2d4851a1d" relativeResultsDirectory="10737c8e-1ef6-4fa1-94dd-7473487c1189" />
    <UnitTestResult executionId="c8948570-d222-496b-ad27-13c73f271945" testId="b3d009c1-fe20-58b9-c763-da6775dd0a60" testName="WidgetMetadataTests_OversizedWidgetsAreInvalid" computerName="TFSBUILD11" duration="00:00:00.0003490" startTime="2015-09-28T09:43:36.7034027-07:00" endTime="2015-09-28T09:43:36.7034027-07:00" testType="13cdc9d9-ddb5-4fa4-a97d-d965ccfc6d4b" outcome="Passed" testListId="8c84fa94-04c1-424b-9868-57a2d4851a1d" relativeResultsDirectory="c8948570-d222-496b-ad27-13c73f271945" />
    <UnitTestResult executionId="105578a2-6a9f-47b1-a63f-492a8179ba76" testId="2ea69776-3c3e-532b-a357-4721dd022190" testName="WidgetMetadataTests_MalformedNameorTypeIdRejected" computerName="TFSBUILD11" duration="00:00:00.0037011" startTime="2015-09-28T09:43:36.7034027-07:00" endTime="2015-09-28T09:43:36.7034027-07:00" testType="13cdc9d9-ddb5-4fa4-a97d-d965ccfc6d4b" outcome="Passed" testListId="8c84fa94-04c1-424b-9868-57a2d4851a1d" relativeResultsDirectory="105578a2-6a9f-47b1-a63f-492a8179ba76" />
    <UnitTestResult executionId="bfb7f2b8-baba-4bdf-be03-43dcdaf3f553" testId="b9bc68f6-ce4e-008f-7a45-48cc367ed4b8" testName="WidgetTypesRoutesTests_GetWidgetTypesTest" computerName="TFSBUILD11" duration="00:00:00.3425554" startTime="2015-09-28T09:43:36.7034027-07:00" endTime="2015-09-28T09:43:37.0471763-07:00" testType="13cdc9d9-ddb5-4fa4-a97d-d965ccfc6d4b" outcome="Passed" testListId="8c84fa94-04c1-424b-9868-57a2d4851a1d" relativeResultsDirectory="bfb7f2b8-baba-4bdf-be03-43dcdaf3f553" />
    <UnitTestResult executionId="9b5a6afb-34ac-430f-89bc-efc34b870726" testId="40276a9c-413b-2b3f-0135-bd890c746cb7" testName="WidgetTypesServiceTests_TfsContractTest" computerName="TFSBUILD11" duration="00:00:00.0001171" startTime="2015-09-28T09:43:37.0471763-07:00" endTime="2015-09-28T09:43:37.0471763-07:00" testType="13cdc9d9-ddb5-4fa4-a97d-d965ccfc6d4b" outcome="Passed" testListId="8c84fa94-04c1-424b-9868-57a2d4851a1d" relativeResultsDirectory="9b5a6afb-34ac-430f-89bc-efc34b870726" />
    <UnitTestResult executionId="e39fbc9d-6641-43b5-a2c5-6e18d3b830e5" testId="87ec1db4-6516-4343-61a2-5b5a9a102cd5" testName="WidgetTypesServiceTests_ReturnsExpectedResults" computerName="TFSBUILD11" duration="00:00:00.0792728" startTime="2015-09-28T09:43:37.0471763-07:00" endTime="2015-09-28T09:43:37.1253077-07:00" testType="13cdc9d9-ddb5-4fa4-a97d-d965ccfc6d4b" outcome="Passed" testListId="8c84fa94-04c1-424b-9868-57a2d4851a1d" relativeResultsDirectory="e39fbc9d-6641-43b5-a2c5-6e18d3b830e5" />
    <UnitTestResult executionId="52e5d9ac-ba91-4715-b455-88b1bfc0dfd2" testId="f297b000-47eb-7f96-8e5a-a236db6b507b" testName="WidgetTypesServiceTests_ValidateWidgets" computerName="TFSBUILD11" duration="00:00:00.0075189" startTime="2015-09-28T09:43:37.1253077-07:00" endTime="2015-09-28T09:43:37.1409332-07:00" testType="13cdc9d9-ddb5-4fa4-a97d-d965ccfc6d4b" outcome="Passed" testListId="8c84fa94-04c1-424b-9868-57a2d4851a1d" relativeResultsDirectory="52e5d9ac-ba91-4715-b455-88b1bfc0dfd2" />
    <UnitTestResult executionId="ba32b5c5-2ce8-4262-8c45-168343d2223a" testId="ae59c132-f47a-e113-a6eb-2ff1c358ddb1" testName="WidgetTypesServiceTests_ValidationHappyPath" computerName="TFSBUILD11" duration="00:00:00.0064577" startTime="2015-09-28T09:43:37.1409332-07:00" endTime="2015-09-28T09:43:37.1409332-07:00" testType="13cdc9d9-ddb5-4fa4-a97d-d965ccfc6d4b" outcome="Passed" testListId="8c84fa94-04c1-424b-9868-57a2d4851a1d" relativeResultsDirectory="ba32b5c5-2ce8-4262-8c45-168343d2223a" />
    <UnitTestResult executionId="98bc4d8a-50a5-44bd-baa1-635f713c3ccc" testId="d28f0d36-76ff-e971-f1dd-33481c2f020e" testName="WidgetTypesServiceTests_UnrecognizedWidgetTest" computerName="TFSBUILD11" duration="00:00:00.0077035" startTime="2015-09-28T09:43:37.1409332-07:00" endTime="2015-09-28T09:43:37.1565593-07:00" testType="13cdc9d9-ddb5-4fa4-a97d-d965ccfc6d4b" outcome="Passed" testListId="8c84fa94-04c1-424b-9868-57a2d4851a1d" relativeResultsDirectory="98bc4d8a-50a5-44bd-baa1-635f713c3ccc" />
    <UnitTestResult executionId="7bac6595-4cab-4bc6-8ee3-7e7f11f191c7" testId="615a00a0-2f00-f1f5-17fc-3610207b6ab0" testName="WidgetTypesServiceTests_NullWidgetTypeTest" computerName="TFSBUILD11" duration="00:00:00.0057494" startTime="2015-09-28T09:43:37.1565593-07:00" endTime="2015-09-28T09:43:37.1565593-07:00" testType="13cdc9d9-ddb5-4fa4-a97d-d965ccfc6d4b" outcome="Passed" testListId="8c84fa94-04c1-424b-9868-57a2d4851a1d" relativeResultsDirectory="7bac6595-4cab-4bc6-8ee3-7e7f11f191c7" />
    <UnitTestResult executionId="9ec1a7f5-6a1a-4591-b3dc-bd997aadfb4e" testId="e4d0ff42-5913-e020-6147-a5e99927401c" testName="WidgetTypesServiceTests_BadColSizeTest" computerName="TFSBUILD11" duration="00:00:00.0061886" startTime="2015-09-28T09:43:37.1565593-07:00" endTime="2015-09-28T09:43:37.1721857-07:00" testType="13cdc9d9-ddb5-4fa4-a97d-d965ccfc6d4b" outcome="Passed" testListId="8c84fa94-04c1-424b-9868-57a2d4851a1d" relativeResultsDirectory="9ec1a7f5-6a1a-4591-b3dc-bd997aadfb4e" />
    <UnitTestResult executionId="e7ea4731-4ba6-461a-8605-b32c6dc4e582" testId="0cf9654c-609a-28cf-a583-820f27840f09" testName="WidgetTypesServiceTests_BadRowSizeTest" computerName="TFSBUILD11" duration="00:00:00.0099524" startTime="2015-09-28T09:43:37.1721857-07:00" endTime="2015-09-28T09:43:37.1721857-07:00" testType="13cdc9d9-ddb5-4fa4-a97d-d965ccfc6d4b" outcome="Passed" testListId="8c84fa94-04c1-424b-9868-57a2d4851a1d" relativeResultsDirectory="e7ea4731-4ba6-461a-8605-b32c6dc4e582" />
    <UnitTestResult executionId="d02de6e8-2d42-47d1-8ef3-80235758c950" testId="3ef4d3fb-ed82-9737-ee9d-f0181c9495ff" testName="WidgetTypesServiceTests_AllowsDisabledWidgetsTest" computerName="TFSBUILD11" duration="00:00:00.0050138" startTime="2015-09-28T09:43:37.1721857-07:00" endTime="2015-09-28T09:43:37.1878118-07:00" testType="13cdc9d9-ddb5-4fa4-a97d-d965ccfc6d4b" outcome="Passed" testListId="8c84fa94-04c1-424b-9868-57a2d4851a1d" relativeResultsDirectory="d02de6e8-2d42-47d1-8ef3-80235758c950" />
    <UnitTestResult executionId="9732bc5f-9f0f-4d4e-8d1e-dca4c1e46499" testId="95a220d3-072c-f7ec-bd49-90272945c25b" testName="WidgetTypesServiceTests_AllowsInvisibleWidgetsTest" computerName="TFSBUILD11" duration="00:00:00.0050249" startTime="2015-09-28T09:43:37.1878118-07:00" endTime="2015-09-28T09:43:37.1878118-07:00" testType="13cdc9d9-ddb5-4fa4-a97d-d965ccfc6d4b" outcome="Passed" testListId="8c84fa94-04c1-424b-9868-57a2d4851a1d" relativeResultsDirectory="9732bc5f-9f0f-4d4e-8d1e-dca4c1e46499" />
    <UnitTestResult executionId="c1664e6a-a32f-453b-ac70-964e5b8bdc85" testId="b8124131-3e38-7ca2-a122-d4d5e3885576" testName="WidgetTypesServiceTests_IsEmptyByDefaultTest" computerName="TFSBUILD11" duration="00:00:00.0053705" startTime="2015-09-28T09:43:37.1878118-07:00" endTime="2015-09-28T09:43:37.1878118-07:00" testType="13cdc9d9-ddb5-4fa4-a97d-d965ccfc6d4b" outcome="Passed" testListId="8c84fa94-04c1-424b-9868-57a2d4851a1d" relativeResultsDirectory="c1664e6a-a32f-453b-ac70-964e5b8bdc85" />
    <UnitTestResult executionId="79d5549f-3b04-4456-bb8f-8f8abb028d03" testId="f4ec2576-392b-dac9-658e-dd8e99fbb128" testName="WidgetTypesServiceTests_MetadataFiltersById" computerName="TFSBUILD11" duration="00:00:00.0068980" startTime="2015-09-28T09:43:37.1878118-07:00" endTime="2015-09-28T09:43:37.2034380-07:00" testType="13cdc9d9-ddb5-4fa4-a97d-d965ccfc6d4b" outcome="Passed" testListId="8c84fa94-04c1-424b-9868-57a2d4851a1d" relativeResultsDirectory="79d5549f-3b04-4456-bb8f-8f8abb028d03" />
    <UnitTestResult executionId="0af6c619-5427-4298-8039-a5c35dab8a6a" testId="d2535fe0-035c-13e5-2e17-b59c0c277104" testName="WidgetTypesServiceTests_ConfigurationContributionIdFound" computerName="TFSBUILD11" duration="00:00:00.0046000" startTime="2015-09-28T09:43:37.2034380-07:00" endTime="2015-09-28T09:43:37.2034380-07:00" testType="13cdc9d9-ddb5-4fa4-a97d-d965ccfc6d4b" outcome="Passed" testListId="8c84fa94-04c1-424b-9868-57a2d4851a1d" relativeResultsDirectory="0af6c619-5427-4298-8039-a5c35dab8a6a" />
    <UnitTestResult executionId="03c008ef-9f04-43f3-bc36-4a149f46470f" testId="08aa2066-b7f5-e21a-4638-2208aab0a7cf" testName="WidgetTypesServiceTests_ConfigurationContributionIdNotFound" computerName="TFSBUILD11" duration="00:00:00.0069245" startTime="2015-09-28T09:43:37.2034380-07:00" endTime="2015-09-28T09:43:37.2034380-07:00" testType="13cdc9d9-ddb5-4fa4-a97d-d965ccfc6d4b" outcome="Passed" testListId="8c84fa94-04c1-424b-9868-57a2d4851a1d" relativeResultsDirectory="03c008ef-9f04-43f3-bc36-4a149f46470f" />
    <UnitTestResult executionId="456d3fde-ba19-4f2a-8170-24866950938f" testId="01fed252-29bd-0014-6581-19246c562dab" testName="DashboardControllerTests_GetDashboard" computerName="TFSBUILD11" duration="00:00:00.0516581" startTime="2015-09-28T09:43:37.2034380-07:00" endTime="2015-09-28T09:43:37.2659424-07:00" testType="13cdc9d9-ddb5-4fa4-a97d-d965ccfc6d4b" outcome="Passed" testListId="8c84fa94-04c1-424b-9868-57a2d4851a1d" relativeResultsDirectory="456d3fde-ba19-4f2a-8170-24866950938f" />
    <UnitTestResult executionId="c104efd8-ba6c-43e7-a2ee-ed23f0a8ea7e" testId="1d554f68-48ec-1506-c672-385b809a3d42" testName="DashboardControllerTests_DeleteDashboard" computerName="TFSBUILD11" duration="00:00:00.0198217" startTime="2015-09-28T09:43:37.2659424-07:00" endTime="2015-09-28T09:43:37.2815688-07:00" testType="13cdc9d9-ddb5-4fa4-a97d-d965ccfc6d4b" outcome="Passed" testListId="8c84fa94-04c1-424b-9868-57a2d4851a1d" relativeResultsDirectory="c104efd8-ba6c-43e7-a2ee-ed23f0a8ea7e" />
    <UnitTestResult executionId="8eef2085-8e5f-4122-89a5-906f4e631e79" testId="bae7e3cc-c063-9921-9694-8b4f18b6b10e" testName="DashboardControllerTests_PutDashboard_NullDashboard" computerName="TFSBUILD11" duration="00:00:00.0079189" startTime="2015-09-28T09:43:37.2815688-07:00" endTime="2015-09-28T09:43:37.2971943-07:00" testType="13cdc9d9-ddb5-4fa4-a97d-d965ccfc6d4b" outcome="Passed" testListId="8c84fa94-04c1-424b-9868-57a2d4851a1d" relativeResultsDirectory="8eef2085-8e5f-4122-89a5-906f4e631e79" />
    <UnitTestResult executionId="7069028b-2987-4eff-813a-83e047ea5be4" testId="31da472c-3d70-61ee-0efa-1f9caa5205bd" testName="DashboardControllerTests_PutDashboard" computerName="TFSBUILD11" duration="00:00:00.0144269" startTime="2015-09-28T09:43:37.2971943-07:00" endTime="2015-09-28T09:43:37.3128210-07:00" testType="13cdc9d9-ddb5-4fa4-a97d-d965ccfc6d4b" outcome="Passed" testListId="8c84fa94-04c1-424b-9868-57a2d4851a1d" relativeResultsDirectory="7069028b-2987-4eff-813a-83e047ea5be4" />
    <UnitTestResult executionId="e18e6b7e-af02-47a5-a175-5d0d0663da43" testId="cfff1af5-4a3c-1360-8d10-33e05801f012" testName="DashboardControllerTests_PostDashboard" computerName="TFSBUILD11" duration="00:00:00.0129734" startTime="2015-09-28T09:43:37.3128210-07:00" endTime="2015-09-28T09:43:37.3128210-07:00" testType="13cdc9d9-ddb5-4fa4-a97d-d965ccfc6d4b" outcome="Passed" testListId="8c84fa94-04c1-424b-9868-57a2d4851a1d" relativeResultsDirectory="e18e6b7e-af02-47a5-a175-5d0d0663da43" />
    <UnitTestResult executionId="2fb4ad9f-d4c3-4db1-9330-45414f345c94" testId="ff771efd-3f81-bd47-a492-7b1defa274f5" testName="DashboardControllerTests_PostDashboard_GroupEntryNullFromService" computerName="TFSBUILD11" duration="00:00:00.0103048" startTime="2015-09-28T09:43:37.3128210-07:00" endTime="2015-09-28T09:43:37.3284463-07:00" testType="13cdc9d9-ddb5-4fa4-a97d-d965ccfc6d4b" outcome="Passed" testListId="8c84fa94-04c1-424b-9868-57a2d4851a1d" relativeResultsDirectory="2fb4ad9f-d4c3-4db1-9330-45414f345c94" />
    <UnitTestResult executionId="2f877fc2-e812-4327-a76d-962b16bf77d9" testId="d841c0ec-5dc4-7941-c97b-1de2b57a2904" testName="DashboardControllerTests_GetDashboard_GroupEntryWidgetsEmptyFromService" computerName="TFSBUILD11" duration="00:00:00.0133310" startTime="2015-09-28T09:43:37.3284463-07:00" endTime="2015-09-28T09:43:37.3440727-07:00" testType="13cdc9d9-ddb5-4fa4-a97d-d965ccfc6d4b" outcome="Passed" testListId="8c84fa94-04c1-424b-9868-57a2d4851a1d" relativeResultsDirectory="2f877fc2-e812-4327-a76d-962b16bf77d9" />
    <UnitTestResult executionId="8054277e-9abe-4687-85d6-876fb1944f85" testId="60753307-1d6f-8e5f-842b-9f21359fa8fb" testName="DashboardControllerTests_GetDashboard_GroupEntryNullFromService" computerName="TFSBUILD11" duration="00:00:00.0143308" startTime="2015-09-28T09:43:37.3440727-07:00" endTime="2015-09-28T09:43:37.3596985-07:00" testType="13cdc9d9-ddb5-4fa4-a97d-d965ccfc6d4b" outcome="Passed" testListId="8c84fa94-04c1-424b-9868-57a2d4851a1d" relativeResultsDirectory="8054277e-9abe-4687-85d6-876fb1944f85" />
    <UnitTestResult executionId="a730eaf5-6798-4069-bab7-30334a55da2f" testId="89487df3-84c6-fadc-597b-4963bc771fc6" testName="DashboardGroupControllerTests_GetDashboardGroup" computerName="TFSBUILD11" duration="00:00:00.0137739" startTime="2015-09-28T09:43:37.3596985-07:00" endTime="2015-09-28T09:43:37.3753246-07:00" testType="13cdc9d9-ddb5-4fa4-a97d-d965ccfc6d4b" outcome="Passed" testListId="8c84fa94-04c1-424b-9868-57a2d4851a1d" relativeResultsDirectory="a730eaf5-6798-4069-bab7-30334a55da2f" />
    <UnitTestResult executionId="f158bfe1-9fad-499b-981f-f05007f57123" testId="ff6c9779-ecb9-a5dc-fdd5-873d716eed11" testName="DashboardGroupControllerTests_PutDashboardGroup" computerName="TFSBUILD11" duration="00:00:00.0175069" startTime="2015-09-28T09:43:37.3753246-07:00" endTime="2015-09-28T09:43:37.3909510-07:00" testType="13cdc9d9-ddb5-4fa4-a97d-d965ccfc6d4b" outcome="Passed" testListId="8c84fa94-04c1-424b-9868-57a2d4851a1d" relativeResultsDirectory="f158bfe1-9fad-499b-981f-f05007f57123" />
    <UnitTestResult executionId="eec2a6fb-00b5-4bf9-b8aa-71d2c0243177" testId="1a813216-0f3a-8f01-43ab-d060ce5618df" testName="DashboardGroupControllerTests_PutDashboardGroup_InvalidGroup" computerName="TFSBUILD11" duration="00:00:00.0072746" startTime="2015-09-28T09:43:37.3909510-07:00" endTime="2015-09-28T09:43:37.4065774-07:00" testType="13cdc9d9-ddb5-4fa4-a97d-d965ccfc6d4b" outcome="Passed" testListId="8c84fa94-04c1-424b-9868-57a2d4851a1d" relativeResultsDirectory="eec2a6fb-00b5-4bf9-b8aa-71d2c0243177" />
    <UnitTestResult executionId="eb17d5fd-8253-4906-a830-0de8a9b38d26" testId="39276187-8fe7-c424-984a-7507bbbeed10" testName="DashboardGroupControllerTests_PutDashboardGroup_EmptyGroupFromService" computerName="TFSBUILD11" duration="00:00:00.0103511" startTime="2015-09-28T09:43:37.4065774-07:00" endTime="2015-09-28T09:43:37.4065774-07:00" testType="13cdc9d9-ddb5-4fa4-a97d-d965ccfc6d4b" outcome="Passed" testListId="8c84fa94-04c1-424b-9868-57a2d4851a1d" relativeResultsDirectory="eb17d5fd-8253-4906-a830-0de8a9b38d26" />
    <UnitTestResult executionId="d3c93ff7-4803-4e5a-b7dd-bd7075712b85" testId="fee863ea-aabc-d3f8-d0bc-7efc58ee7361" testName="WidgetControllerTests_GetWidget" computerName="TFSBUILD11" duration="00:00:00.0164949" startTime="2015-09-28T09:43:37.4065774-07:00" endTime="2015-09-28T09:43:37.4222038-07:00" testType="13cdc9d9-ddb5-4fa4-a97d-d965ccfc6d4b" outcome="Passed" testListId="8c84fa94-04c1-424b-9868-57a2d4851a1d" relativeResultsDirectory="d3c93ff7-4803-4e5a-b7dd-bd7075712b85" />
    <UnitTestResult executionId="fa7c2b95-eb23-498c-aa70-16f06457055f" testId="1b9d4d89-b672-02ed-31b8-3f23b18f4979" testName="WidgetControllerTests_GetWidget_EmptyWidgetFromService" computerName="TFSBUILD11" duration="00:00:00.0135292" startTime="2015-09-28T09:43:37.4222038-07:00" endTime="2015-09-28T09:43:37.4378291-07:00" testType="13cdc9d9-ddb5-4fa4-a97d-d965ccfc6d4b" outcome="Passed" testListId="8c84fa94-04c1-424b-9868-57a2d4851a1d" relativeResultsDirectory="fa7c2b95-eb23-498c-aa70-16f06457055f" />
    <UnitTestResult executionId="604718c7-08fa-4ba9-be8e-813eba154b15" testId="bd7152bd-d815-df6d-ed84-30b316ec7319" testName="WidgetControllerTests_GetWidget_EmptyWidgetMetadataFromCatalog" computerName="TFSBUILD11" duration="00:00:00.0140739" startTime="2015-09-28T09:43:37.4378291-07:00" endTime="2015-09-28T09:43:37.4534557-07:00" testType="13cdc9d9-ddb5-4fa4-a97d-d965ccfc6d4b" outcome="Passed" testListId="8c84fa94-04c1-424b-9868-57a2d4851a1d" relativeResultsDirectory="604718c7-08fa-4ba9-be8e-813eba154b15" />
    <UnitTestResult executionId="efe30a80-672e-4450-8541-410f81760da3" testId="406cd764-7715-fd7e-2da8-31d9f5b12d1d" testName="WidgetControllerTests_GetWidget_NullWidgetMetadataFromCatalog" computerName="TFSBUILD11" duration="00:00:00.0136911" startTime="2015-09-28T09:43:37.4534557-07:00" endTime="2015-09-28T09:43:37.4690818-07:00" testType="13cdc9d9-ddb5-4fa4-a97d-d965ccfc6d4b" outcome="Passed" testListId="8c84fa94-04c1-424b-9868-57a2d4851a1d" relativeResultsDirectory="efe30a80-672e-4450-8541-410f81760da3" />
    <UnitTestResult executionId="eb9b9c09-f552-48ae-8798-032d38938c41" testId="1f737ac7-70eb-b4d9-5f92-532662851369" testName="WidgetControllerTests_DeleteWidget" computerName="TFSBUILD11" duration="00:00:00.0111706" startTime="2015-09-28T09:43:37.4690818-07:00" endTime="2015-09-28T09:43:37.4847077-07:00" testType="13cdc9d9-ddb5-4fa4-a97d-d965ccfc6d4b" outcome="Passed" testListId="8c84fa94-04c1-424b-9868-57a2d4851a1d" relativeResultsDirectory="eb9b9c09-f552-48ae-8798-032d38938c41" />
    <UnitTestResult executionId="fa13b52a-0d7b-4205-b938-04aa1e8cd50c" testId="45ca1bc7-5a10-f222-2a6e-74a08c95d64c" testName="WidgetControllerTests_PostWidget" computerName="TFSBUILD11" duration="00:00:00.0145219" startTime="2015-09-28T09:43:37.4847077-07:00" endTime="2015-09-28T09:43:37.5003335-07:00" testType="13cdc9d9-ddb5-4fa4-a97d-d965ccfc6d4b" outcome="Passed" testListId="8c84fa94-04c1-424b-9868-57a2d4851a1d" relativeResultsDirectory="fa13b52a-0d7b-4205-b938-04aa1e8cd50c" />
    <UnitTestResult executionId="3dd135ab-672a-4576-9425-7357333d0d21" testId="3a1b319d-ebad-0555-8cf3-8c561b538b92" testName="WidgetControllerTests_PatchWidget" computerName="TFSBUILD11" duration="00:00:00.0141488" startTime="2015-09-28T09:43:37.5003335-07:00" endTime="2015-09-28T09:43:37.5159599-07:00" testType="13cdc9d9-ddb5-4fa4-a97d-d965ccfc6d4b" outcome="Passed" testListId="8c84fa94-04c1-424b-9868-57a2d4851a1d" relativeResultsDirectory="3dd135ab-672a-4576-9425-7357333d0d21" />
    <UnitTestResult executionId="d172a973-0e5e-411d-a943-a28b71845a76" testId="435e4884-75b3-19af-595c-1f4647fa89bf" testName="DashboardServiceTests_AddDashboard_TfsContractTest" computerName="TFSBUILD11" duration="00:00:00.4244374" startTime="2015-09-28T09:43:37.5159599-07:00" endTime="2015-09-28T09:43:37.9378652-07:00" testType="13cdc9d9-ddb5-4fa4-a97d-d965ccfc6d4b" outcome="Passed" testListId="8c84fa94-04c1-424b-9868-57a2d4851a1d" relativeResultsDirectory="d172a973-0e5e-411d-a943-a28b71845a76" />
    <UnitTestResult executionId="00bc22de-6849-441e-b6df-b99f67656618" testId="061c52d7-2516-e531-196f-8ab81d750566" testName="DashboardServiceTests_AddDashboard_ThrowArgumentExceptionWhenGroupIdIsEmpty" computerName="TFSBUILD11" duration="00:00:00.0094850" startTime="2015-09-28T09:43:37.9378652-07:00" endTime="2015-09-28T09:43:37.9378652-07:00" testType="13cdc9d9-ddb5-4fa4-a97d-d965ccfc6d4b" outcome="Passed" testListId="8c84fa94-04c1-424b-9868-57a2d4851a1d" relativeResultsDirectory="00bc22de-6849-441e-b6df-b99f67656618" />
    <UnitTestResult executionId="d6ef13a0-9c1e-4850-b7d4-699034a60e99" testId="e9d9c480-4b94-9bd4-9185-b1fe1715ebac" testName="DashboardServiceTests_AddDashboard_ThrowPermissionsFailure" computerName="TFSBUILD11" duration="00:00:00.0082130" startTime="2015-09-28T09:43:37.9378652-07:00" endTime="2015-09-28T09:43:37.9534916-07:00" testType="13cdc9d9-ddb5-4fa4-a97d-d965ccfc6d4b" outcome="Passed" testListId="8c84fa94-04c1-424b-9868-57a2d4851a1d" relativeResultsDirectory="d6ef13a0-9c1e-4850-b7d4-699034a60e99" />
    <UnitTestResult executionId="daf29700-1d3b-4b7e-8ed6-f11c775b1325" testId="437c208b-0981-ff0b-bd6a-222e71778e74" testName="DashboardServiceTests_AddDashboard_ThrowExceptionWhenEntryIsNull" computerName="TFSBUILD11" duration="00:00:00.0084104" startTime="2015-09-28T09:43:37.9534916-07:00" endTime="2015-09-28T09:43:37.9691180-07:00" testType="13cdc9d9-ddb5-4fa4-a97d-d965ccfc6d4b" outcome="Passed" testListId="8c84fa94-04c1-424b-9868-57a2d4851a1d" relativeResultsDirectory="daf29700-1d3b-4b7e-8ed6-f11c775b1325" />
    <UnitTestResult executionId="1fbfe720-e3be-44ee-bba1-9f5ba6a06352" testId="780eaffc-3ef0-4605-648d-62e56fb9e741" testName="DashboardServiceTests_AddDashboard_ThrowExceptionWhenEntryIsNotNew" computerName="TFSBUILD11" duration="00:00:00.0073304" startTime="2015-09-28T09:43:37.9691180-07:00" endTime="2015-09-28T09:43:37.9691180-07:00" testType="13cdc9d9-ddb5-4fa4-a97d-d965ccfc6d4b" outcome="Passed" testListId="8c84fa94-04c1-424b-9868-57a2d4851a1d" relativeResultsDirectory="1fbfe720-e3be-44ee-bba1-9f5ba6a06352" />
    <UnitTestResult executionId="196a3a51-0313-4430-acc5-d8a21d7dd48a" testId="22b7c91e-ec49-8f6a-4dd6-70dbbd3ba018" testName="DashboardServiceTests_AddDashboard_ThrowExceptionWhenGroupHasAlreadyReachedMaxLimit" computerName="TFSBUILD11" duration="00:00:00.0114053" startTime="2015-09-28T09:43:37.9691180-07:00" endTime="2015-09-28T09:43:37.9847429-07:00" testType="13cdc9d9-ddb5-4fa4-a97d-d965ccfc6d4b" outcome="Passed" testListId="8c84fa94-04c1-424b-9868-57a2d4851a1d" relativeResultsDirectory="196a3a51-0313-4430-acc5-d8a21d7dd48a" />
    <UnitTestResult executionId="be941ca6-1611-433a-b942-06c82e9189b6" testId="85e62e42-8f59-193c-0579-ae505bf32afb" testName="DashboardServiceTests_AddDashboard_ThrowExceptionWhenGroupHasDashboardWithSamePosition" computerName="TFSBUILD11" duration="00:00:00.0080494" startTime="2015-09-28T09:43:37.9847429-07:00" endTime="2015-09-28T09:43:37.9847429-07:00" testType="13cdc9d9-ddb5-4fa4-a97d-d965ccfc6d4b" outcome="Passed" testListId="8c84fa94-04c1-424b-9868-57a2d4851a1d" relativeResultsDirectory="be941ca6-1611-433a-b942-06c82e9189b6" />
    <UnitTestResult executionId="355b4dcb-0559-4d7d-8273-c9bb6cc6629c" testId="ae19d337-12a5-ca85-827d-27a54029e4ed" testName="DashboardServiceTests_AddDashboard" computerName="TFSBUILD11" duration="00:00:00.0123568" startTime="2015-09-28T09:43:37.9847429-07:00" endTime="2015-09-28T09:43:38.0003696-07:00" testType="13cdc9d9-ddb5-4fa4-a97d-d965ccfc6d4b" outcome="Passed" testListId="8c84fa94-04c1-424b-9868-57a2d4851a1d" relativeResultsDirectory="355b4dcb-0559-4d7d-8273-c9bb6cc6629c" />
    <UnitTestResult executionId="5d6b60a1-13bf-4dc1-ada9-cf02eaf0c54c" testId="5407e356-a615-f34b-3acc-33d8795f67af" testName="DashboardServiceTests_DetectCollision_OnNullList" computerName="TFSBUILD11" duration="00:00:00.0145564" startTime="2015-09-28T09:43:38.0003696-07:00" endTime="2015-09-28T09:43:38.0159957-07:00" testType="13cdc9d9-ddb5-4fa4-a97d-d965ccfc6d4b" outcome="Passed" testListId="8c84fa94-04c1-424b-9868-57a2d4851a1d" relativeResultsDirectory="5d6b60a1-13bf-4dc1-ada9-cf02eaf0c54c" />
    <UnitTestResult executionId="6964dc00-02e8-4ded-8d15-46b62ec95e8b" testId="bee9b950-259b-40c1-bcfb-27a28328cf5b" testName="DashboardServiceTests_DetectCollision_OnEmptyList" computerName="TFSBUILD11" duration="00:00:00.0071750" startTime="2015-09-28T09:43:38.0159957-07:00" endTime="2015-09-28T09:43:38.0316221-07:00" testType="13cdc9d9-ddb5-4fa4-a97d-d965ccfc6d4b" outcome="Passed" testListId="8c84fa94-04c1-424b-9868-57a2d4851a1d" relativeResultsDirectory="6964dc00-02e8-4ded-8d15-46b62ec95e8b" />
    <UnitTestResult executionId="7938955a-9b9e-4686-a6e4-cfc6728e813f" testId="486f8e56-842e-bad9-94e4-a5bb7aca4c20" testName="DashboardServiceTests_DetectCollision_NoCollisions" computerName="TFSBUILD11" duration="00:00:00.0072291" startTime="2015-09-28T09:43:38.0316221-07:00" endTime="2015-09-28T09:43:38.0316221-07:00" testType="13cdc9d9-ddb5-4fa4-a97d-d965ccfc6d4b" outcome="Passed" testListId="8c84fa94-04c1-424b-9868-57a2d4851a1d" relativeResultsDirectory="7938955a-9b9e-4686-a6e4-cfc6728e813f" />
    <UnitTestResult executionId="88ed0b93-ef78-444c-9471-f8aecaf43827" testId="b56f8277-4ed2-6d1e-4613-edbb3be12ae0" testName="DashboardServiceTests_DetectCollision_WhenTwoWidgetsHaveSamePosition" computerName="TFSBUILD11" duration="00:00:00.0074908" startTime="2015-09-28T09:43:38.0316221-07:00" endTime="2015-09-28T09:43:38.0472482-07:00" testType="13cdc9d9-ddb5-4fa4-a97d-d965ccfc6d4b" outcome="Passed" testListId="8c84fa94-04c1-424b-9868-57a2d4851a1d" relativeResultsDirectory="88ed0b93-ef78-444c-9471-f8aecaf43827" />
    <UnitTestResult executionId="6624a21f-5036-4bea-baff-50f55968a2c2" testId="766b7c95-082d-8b62-3ed7-38cd29cc6deb" testName="DashboardServiceTests_DetectCollision_WhenTwoWidgetsOverLap" computerName="TFSBUILD11" duration="00:00:00.0075084" startTime="2015-09-28T09:43:38.0472482-07:00" endTime="2015-09-28T09:43:38.0472482-07:00" testType="13cdc9d9-ddb5-4fa4-a97d-d965ccfc6d4b" outcome="Passed" testListId="8c84fa94-04c1-424b-9868-57a2d4851a1d" relativeResultsDirectory="6624a21f-5036-4bea-baff-50f55968a2c2" />
    <UnitTestResult executionId="4b64ffe5-336d-44cd-93c4-f91bd8c199d8" testId="e3c2fc14-e11a-ffcd-bed8-4b2a20e34cac" testName="DashboardServiceTests_GetWidgetsByDashboardId_ThrowArgumentExceptionWhenGroupIdIsEmpty" computerName="TFSBUILD11" duration="00:00:00.0078361" startTime="2015-09-28T09:43:38.0472482-07:00" endTime="2015-09-28T09:43:38.0628738-07:00" testType="13cdc9d9-ddb5-4fa4-a97d-d965ccfc6d4b" outcome="Passed" testListId="8c84fa94-04c1-424b-9868-57a2d4851a1d" relativeResultsDirectory="4b64ffe5-336d-44cd-93c4-f91bd8c199d8" />
    <UnitTestResult executionId="248c2eaf-2c09-4cd8-8e09-6300cbbaf849" testId="a8476a2f-d1d1-db21-1e91-01e8421f1443" testName="DashboardServiceTests_GetWidgetsByDashboardId_ThrowArgumentExceptionWhenDashboardIdIsEmpty" computerName="TFSBUILD11" duration="00:00:00.0156006" startTime="2015-09-28T09:43:38.0628738-07:00" endTime="2015-09-28T09:43:38.0785005-07:00" testType="13cdc9d9-ddb5-4fa4-a97d-d965ccfc6d4b" outcome="Passed" testListId="8c84fa94-04c1-424b-9868-57a2d4851a1d" relativeResultsDirectory="248c2eaf-2c09-4cd8-8e09-6300cbbaf849" />
    <UnitTestResult executionId="08b82ff6-6caa-409b-9de6-ffa1183c1adf" testId="2c709fa1-ef9d-3a33-863f-1fe69e421b6b" testName="DashboardServiceTests_GetWidgetsByDashboardId" computerName="TFSBUILD11" duration="00:00:00.0107522" startTime="2015-09-28T09:43:38.0785005-07:00" endTime="2015-09-28T09:43:38.0785005-07:00" testType="13cdc9d9-ddb5-4fa4-a97d-d965ccfc6d4b" outcome="Passed" testListId="8c84fa94-04c1-424b-9868-57a2d4851a1d" relativeResultsDirectory="08b82ff6-6caa-409b-9de6-ffa1183c1adf" />
    <UnitTestResult executionId="23cd31d3-5792-41a9-98e9-d680aa02378d" testId="672511bb-3622-b21d-db46-2cbb3ccb22f5" testName="DashboardServiceTests_GetWidgetById_ThrowArgumentExceptionWhenGroupIdIsEmpty" computerName="TFSBUILD11" duration="00:00:00.0077656" startTime="2015-09-28T09:43:38.0785005-07:00" endTime="2015-09-28T09:43:38.0941269-07:00" testType="13cdc9d9-ddb5-4fa4-a97d-d965ccfc6d4b" outcome="Passed" testListId="8c84fa94-04c1-424b-9868-57a2d4851a1d" relativeResultsDirectory="23cd31d3-5792-41a9-98e9-d680aa02378d" />
    <UnitTestResult executionId="b6bbf582-8405-4387-a38a-e40cc6832a02" testId="f69323ba-fd5b-9c2c-7c84-13a2018532a2" testName="DashboardServiceTests_GetWidgetById_ThrowArgumentExceptionWhenDashboardIdIsEmpty" computerName="TFSBUILD11" duration="00:00:00.0070456" startTime="2015-09-28T09:43:38.0941269-07:00" endTime="2015-09-28T09:43:38.0941269-07:00" testType="13cdc9d9-ddb5-4fa4-a97d-d965ccfc6d4b" outcome="Passed" testListId="8c84fa94-04c1-424b-9868-57a2d4851a1d" relativeResultsDirectory="b6bbf582-8405-4387-a38a-e40cc6832a02" />
    <UnitTestResult executionId="433846e7-5b8a-4be0-a5f5-d0b94ab82b55" testId="68cdf974-ba59-0ebd-4244-ad658892ff87" testName="DashboardServiceTests_GetWidgetById_ThrowExceptionWhenWidgetIdIsEmpty" computerName="TFSBUILD11" duration="00:00:00.0072501" startTime="2015-09-28T09:43:38.0941269-07:00" endTime="2015-09-28T09:43:38.1097521-07:00" testType="13cdc9d9-ddb5-4fa4-a97d-d965ccfc6d4b" outcome="Passed" testListId="8c84fa94-04c1-424b-9868-57a2d4851a1d" relativeResultsDirectory="433846e7-5b8a-4be0-a5f5-d0b94ab82b55" />
    <UnitTestResult executionId="015ee155-8386-4d54-9fe0-7f04bf5e2374" testId="75f23245-8b6b-f6e1-9baf-2bb20eaa21f9" testName="DashboardServiceTests_GetWidgetById_ThrowExceptionWhenNoWidgetFoundForGivenId" computerName="TFSBUILD11" duration="00:00:00.0096059" startTime="2015-09-28T09:43:38.1097521-07:00" endTime="2015-09-28T09:43:38.1097521-07:00" testType="13cdc9d9-ddb5-4fa4-a97d-d965ccfc6d4b" outcome="Passed" testListId="8c84fa94-04c1-424b-9868-57a2d4851a1d" relativeResultsDirectory="015ee155-8386-4d54-9fe0-7f04bf5e2374" />
    <UnitTestResult executionId="52281cfa-9bc4-4959-a98d-7cde487849f1" testId="a6986303-de42-1cbb-0f8e-fbcafbad65f0" testName="DashboardServiceTests_GetWidgetById" computerName="TFSBUILD11" duration="00:00:00.0090336" startTime="2015-09-28T09:43:38.1097521-07:00" endTime="2015-09-28T09:43:38.1253782-07:00" testType="13cdc9d9-ddb5-4fa4-a97d-d965ccfc6d4b" outcome="Passed" testListId="8c84fa94-04c1-424b-9868-57a2d4851a1d" relativeResultsDirectory="52281cfa-9bc4-4959-a98d-7cde487849f1" />
    <UnitTestResult executionId="04bcc511-c849-4829-9d7f-e48b791ec158" testId="dfc76670-d392-bc3a-29dd-b9b83a08da62" testName="DashboardServiceTests_UpdateWidgets_ThrowArgumentExceptionWhenGroupIdIsEmpty" computerName="TFSBUILD11" duration="00:00:00.0094469" startTime="2015-09-28T09:43:38.1253782-07:00" endTime="2015-09-28T09:43:38.1410043-07:00" testType="13cdc9d9-ddb5-4fa4-a97d-d965ccfc6d4b" outcome="Passed" testListId="8c84fa94-04c1-424b-9868-57a2d4851a1d" relativeResultsDirectory="04bcc511-c849-4829-9d7f-e48b791ec158" />
    <UnitTestResult executionId="d723aef2-859f-42cf-985b-8dc3aa4d5716" testId="dda7c27f-b9cd-ed24-9230-8571870fa108" testName="DashboardServiceTests_UpdateWidgets_ThrowArgumentExceptionWhenDashboardIdIsEmpty" computerName="TFSBUILD11" duration="00:00:00.0069179" startTime="2015-09-28T09:43:38.1410043-07:00" endTime="2015-09-28T09:43:38.1410043-07:00" testType="13cdc9d9-ddb5-4fa4-a97d-d965ccfc6d4b" outcome="Passed" testListId="8c84fa94-04c1-424b-9868-57a2d4851a1d" relativeResultsDirectory="d723aef2-859f-42cf-985b-8dc3aa4d5716" />
    <UnitTestResult executionId="b20d0a72-370c-46ab-a5e5-cb123f9f75b8" testId="8102cc3c-4a32-25aa-3852-3fa42466fcb9" testName="DashboardServiceTests_UpdateWidgets_ThrowArgumentExceptionWhenDashboardDoesntExist" computerName="TFSBUILD11" duration="00:00:00.0086633" startTime="2015-09-28T09:43:38.1410043-07:00" endTime="2015-09-28T09:43:38.1566304-07:00" testType="13cdc9d9-ddb5-4fa4-a97d-d965ccfc6d4b" outcome="Passed" testListId="8c84fa94-04c1-424b-9868-57a2d4851a1d" relativeResultsDirectory="b20d0a72-370c-46ab-a5e5-cb123f9f75b8" />
    <UnitTestResult executionId="52f623fe-8e95-4846-942d-65ca368bcf2f" testId="8f0fd4d4-df23-c42c-5fa1-a3c0df2369bc" testName="DashboardServiceTests_UpdatesDashboards_ThrowExceptionWhenWidgetsAreNull" computerName="TFSBUILD11" duration="00:00:00.0069196" startTime="2015-09-28T09:43:38.1566304-07:00" endTime="2015-09-28T09:43:38.1566304-07:00" testType="13cdc9d9-ddb5-4fa4-a97d-d965ccfc6d4b" outcome="Passed" testListId="8c84fa94-04c1-424b-9868-57a2d4851a1d" relativeResultsDirectory="52f623fe-8e95-4846-942d-65ca368bcf2f" />
    <UnitTestResult executionId="2803dc52-d2f6-4c6e-897f-b14e2351bbbd" testId="79a53458-571e-e357-68fb-f466e6c308f4" testName="DashboardServiceTests_UpdateWidgets_ThrowExceptionWhenNonNewEntriesDontExistinDashboard" computerName="TFSBUILD11" duration="00:00:00.0144235" startTime="2015-09-28T09:43:38.1566304-07:00" endTime="2015-09-28T09:43:38.1722568-07:00" testType="13cdc9d9-ddb5-4fa4-a97d-d965ccfc6d4b" outcome="Passed" testListId="8c84fa94-04c1-424b-9868-57a2d4851a1d" relativeResultsDirectory="2803dc52-d2f6-4c6e-897f-b14e2351bbbd" />
    <UnitTestResult executionId="a56561ee-78bc-4bad-98b6-dc9a0fbc45a0" testId="c3ebb486-d7c1-bded-f154-5c4bfa5126b6" testName="DashboardServiceTests_UpdateWidgets_ThrowExceptionWhenTryingToUpdateTooManyWidgets" computerName="TFSBUILD11" duration="00:00:00.0158335" startTime="2015-09-28T09:43:38.1722568-07:00" endTime="2015-09-28T09:43:38.1878830-07:00" testType="13cdc9d9-ddb5-4fa4-a97d-d965ccfc6d4b" outcome="Passed" testListId="8c84fa94-04c1-424b-9868-57a2d4851a1d" relativeResultsDirectory="a56561ee-78bc-4bad-98b6-dc9a0fbc45a0" />
    <UnitTestResult executionId="bab3e8e7-b2a8-446c-91bf-c19054795eec" testId="fa8e47ec-033f-aa21-97e7-28efef2e7a3a" testName="DashboardServiceTests_UpdateWidgets_ThrowExceptionWhenDashboardHasWidgetWithSamePosition" computerName="TFSBUILD11" duration="00:00:00.0155033" startTime="2015-09-28T09:43:38.1878830-07:00" endTime="2015-09-28T09:43:38.2035096-07:00" testType="13cdc9d9-ddb5-4fa4-a97d-d965ccfc6d4b" outcome="Passed" testListId="8c84fa94-04c1-424b-9868-57a2d4851a1d" relativeResultsDirectory="bab3e8e7-b2a8-446c-91bf-c19054795eec" />
    <UnitTestResult executionId="f981adeb-5666-4b56-8c5f-0a316e0c29bc" testId="e4901b6f-a8a3-b72e-998c-daf3e8f3cc8c" testName="DashboardServiceTests_UpdateWidgets" computerName="TFSBUILD11" duration="00:00:00.0148061" startTime="2015-09-28T09:43:38.2035096-07:00" endTime="2015-09-28T09:43:38.2191352-07:00" testType="13cdc9d9-ddb5-4fa4-a97d-d965ccfc6d4b" outcome="Passed" testListId="8c84fa94-04c1-424b-9868-57a2d4851a1d" relativeResultsDirectory="f981adeb-5666-4b56-8c5f-0a316e0c29bc" />
    <UnitTestResult executionId="5e3523b8-e052-401f-bbc1-546833f69b96" testId="4833ee05-6743-628e-b342-52a7ee2b7917" testName="DashboardServiceTests_UpdateWidget_ThrowArgumentExceptionWhenGroupIdIsEmpty" computerName="TFSBUILD11" duration="00:00:00.0081535" startTime="2015-09-28T09:43:38.2191352-07:00" endTime="2015-09-28T09:43:38.2191352-07:00" testType="13cdc9d9-ddb5-4fa4-a97d-d965ccfc6d4b" outcome="Passed" testListId="8c84fa94-04c1-424b-9868-57a2d4851a1d" relativeResultsDirectory="5e3523b8-e052-401f-bbc1-546833f69b96" />
    <UnitTestResult executionId="c62ce08c-1872-4d86-83dd-f154ec2e401e" testId="ff0e4471-75cf-dd9b-f4dd-c65dc0caae55" testName="DashboardServiceTests_UpdateWidget_ThrowArgumentExceptionWhenDashboardIdIsEmpty" computerName="TFSBUILD11" duration="00:00:00.0152160" startTime="2015-09-28T09:43:38.2347616-07:00" endTime="2015-09-28T09:43:38.2347616-07:00" testType="13cdc9d9-ddb5-4fa4-a97d-d965ccfc6d4b" outcome="Passed" testListId="8c84fa94-04c1-424b-9868-57a2d4851a1d" relativeResultsDirectory="c62ce08c-1872-4d86-83dd-f154ec2e401e" />
    <UnitTestResult executionId="e13ca067-630d-4627-853a-58175cfafcb2" testId="dac650ae-b1a4-44fc-8cfa-6deb8a1f44ac" testName="DashboardServiceTests_UpdateWidget_ThrowExceptionIfWidgetIsNull" computerName="TFSBUILD11" duration="00:00:00.0079083" startTime="2015-09-28T09:43:38.2347616-07:00" endTime="2015-09-28T09:43:38.2503880-07:00" testType="13cdc9d9-ddb5-4fa4-a97d-d965ccfc6d4b" outcome="Passed" testListId="8c84fa94-04c1-424b-9868-57a2d4851a1d" relativeResultsDirectory="e13ca067-630d-4627-853a-58175cfafcb2" />
    <UnitTestResult executionId="dfe44e64-7fa1-4a48-8059-c6be2633d722" testId="3741feeb-c7c3-e11c-7376-d52a8013fe37" testName="DashboardServiceTests_UpdateWidget_ThrowExceptionIfWidgetIsNew" computerName="TFSBUILD11" duration="00:00:00.0072897" startTime="2015-09-28T09:43:38.2503880-07:00" endTime="2015-09-28T09:43:38.2503880-07:00" testType="13cdc9d9-ddb5-4fa4-a97d-d965ccfc6d4b" outcome="Passed" testListId="8c84fa94-04c1-424b-9868-57a2d4851a1d" relativeResultsDirectory="dfe44e64-7fa1-4a48-8059-c6be2633d722" />
    <UnitTestResult executionId="c1a67cec-fb60-4bc8-9bd7-1dbcefffefba" testId="8a7cbea2-0c74-b2e7-ffb9-7fe075840256" testName="DashboardServiceTests_UpdateWidget_ThrowExceptionIfWidgetDoesntExist" computerName="TFSBUILD11" duration="00:00:00.0106219" startTime="2015-09-28T09:43:38.2503880-07:00" endTime="2015-09-28T09:43:38.2660132-07:00" testType="13cdc9d9-ddb5-4fa4-a97d-d965ccfc6d4b" outcome="Passed" testListId="8c84fa94-04c1-424b-9868-57a2d4851a1d" relativeResultsDirectory="c1a67cec-fb60-4bc8-9bd7-1dbcefffefba" />
    <UnitTestResult executionId="cdba97fc-a280-4f77-9637-9ebd77390800" testId="1e0e00d2-2e66-fa05-0af1-c6a0cc159139" testName="DashboardServiceTests_UpdateWidget" computerName="TFSBUILD11" duration="00:00:00.0121961" startTime="2015-09-28T09:43:38.2660132-07:00" endTime="2015-09-28T09:43:38.2816396-07:00" testType="13cdc9d9-ddb5-4fa4-a97d-d965ccfc6d4b" outcome="Passed" testListId="8c84fa94-04c1-424b-9868-57a2d4851a1d" relativeResultsDirectory="cdba97fc-a280-4f77-9637-9ebd77390800" />
    <UnitTestResult executionId="827d720e-8f2b-4218-8cfb-04c829a3a66b" testId="e81900ad-2ead-0128-f148-1c80e65adebc" testName="DashboardServiceTests_DeleteWidget_ThrowArgumentExceptionWhenGroupIdIsEmpty" computerName="TFSBUILD11" duration="00:00:00.0079001" startTime="2015-09-28T09:43:38.2816396-07:00" endTime="2015-09-28T09:43:38.2972657-07:00" testType="13cdc9d9-ddb5-4fa4-a97d-d965ccfc6d4b" outcome="Passed" testListId="8c84fa94-04c1-424b-9868-57a2d4851a1d" relativeResultsDirectory="827d720e-8f2b-4218-8cfb-04c829a3a66b" />
    <UnitTestResult executionId="c1fe0332-0e44-42df-9464-eb572732daa3" testId="c391c072-b4ed-e5fa-83b7-0f2eba4217b7" testName="DashboardServiceTests_DeleteWidget_ThrowArgumentExceptionWhenDashboardIdIsEmpty" computerName="TFSBUILD11" duration="00:00:00.0070738" startTime="2015-09-28T09:43:38.2972657-07:00" endTime="2015-09-28T09:43:38.2972657-07:00" testType="13cdc9d9-ddb5-4fa4-a97d-d965ccfc6d4b" outcome="Passed" testListId="8c84fa94-04c1-424b-9868-57a2d4851a1d" relativeResultsDirectory="c1fe0332-0e44-42df-9464-eb572732daa3" />
    <UnitTestResult executionId="8ba43c24-7d3c-4885-bade-bcf84fd03d93" testId="7e2f7afb-8961-4445-6cf7-63aa1164ff3d" testName="DashboardServiceTests_DeleteWidget_ThrowExceptionWhenWidgetIdIsEmpty" computerName="TFSBUILD11" duration="00:00:00.0071446" startTime="2015-09-28T09:43:38.2972657-07:00" endTime="2015-09-28T09:43:38.2972657-07:00" testType="13cdc9d9-ddb5-4fa4-a97d-d965ccfc6d4b" outcome="Passed" testListId="8c84fa94-04c1-424b-9868-57a2d4851a1d" relativeResultsDirectory="8ba43c24-7d3c-4885-bade-bcf84fd03d93" />
    <UnitTestResult executionId="3c20bdfe-a519-4052-bfb5-99202c422263" testId="13b02c9c-c15e-70f0-662c-00301cc4e79d" testName="DashboardServiceTests_DeleteWidget_ThrowExceptionWhenWidgetDoesNotExistInDashboard" computerName="TFSBUILD11" duration="00:00:00.0089631" startTime="2015-09-28T09:43:38.2972657-07:00" endTime="2015-09-28T09:43:38.3128921-07:00" testType="13cdc9d9-ddb5-4fa4-a97d-d965ccfc6d4b" outcome="Passed" testListId="8c84fa94-04c1-424b-9868-57a2d4851a1d" relativeResultsDirectory="3c20bdfe-a519-4052-bfb5-99202c422263" />
    <UnitTestResult executionId="236c060c-9a50-488f-8a07-9ddf489d48e3" testId="9a02413e-dfe2-53fa-e49a-6e0655e6d5f8" testName="DashboardServiceTests_DeleteWidget" computerName="TFSBUILD11" duration="00:00:00.0110765" startTime="2015-09-28T09:43:38.3128921-07:00" endTime="2015-09-28T09:43:38.3285180-07:00" testType="13cdc9d9-ddb5-4fa4-a97d-d965ccfc6d4b" outcome="Passed" testListId="8c84fa94-04c1-424b-9868-57a2d4851a1d" relativeResultsDirectory="236c060c-9a50-488f-8a07-9ddf489d48e3" />
    <UnitTestResult executionId="d234409d-f18b-4a9d-96cd-7bea94a87cbc" testId="f8ea3d11-6701-91fe-1ff1-54f8e111384b" testName="DashboardServiceTests_AddWidget_ThrowArgumentExceptionWhenGroupIdIsEmpty" computerName="TFSBUILD11" duration="00:00:00.0086081" startTime="2015-09-28T09:43:38.3285180-07:00" endTime="2015-09-28T09:43:38.3285180-07:00" testType="13cdc9d9-ddb5-4fa4-a97d-d965ccfc6d4b" outcome="Passed" testListId="8c84fa94-04c1-424b-9868-57a2d4851a1d" relativeResultsDirectory="d234409d-f18b-4a9d-96cd-7bea94a87cbc" />
    <UnitTestResult executionId="dc963d9a-f4e4-493d-bc15-0a0e688662e1" testId="f9f51912-9f74-344a-08ed-9af53b5cd26d" testName="DashboardServiceTests_AddWidget_ThrowArgumentExceptionWhenDashboardIdIsEmpty" computerName="TFSBUILD11" duration="00:00:00.0071725" startTime="2015-09-28T09:43:38.3285180-07:00" endTime="2015-09-28T09:43:38.3441438-07:00" testType="13cdc9d9-ddb5-4fa4-a97d-d965ccfc6d4b" outcome="Passed" testListId="8c84fa94-04c1-424b-9868-57a2d4851a1d" relativeResultsDirectory="dc963d9a-f4e4-493d-bc15-0a0e688662e1" />
    <UnitTestResult executionId="9d7db08e-d310-4f62-801b-21d3a35d2bd4" testId="f4ad17eb-7498-a4da-f7b1-05e133f367b7" testName="DashboardServiceTests_AddWidget_ThrowExceptionWhenWidgetIsNull" computerName="TFSBUILD11" duration="00:00:00.0081584" startTime="2015-09-28T09:43:38.3441438-07:00" endTime="2015-09-28T09:43:38.3441438-07:00" testType="13cdc9d9-ddb5-4fa4-a97d-d965ccfc6d4b" outcome="Passed" testListId="8c84fa94-04c1-424b-9868-57a2d4851a1d" relativeResultsDirectory="9d7db08e-d310-4f62-801b-21d3a35d2bd4" />
    <UnitTestResult executionId="0bcfac54-a871-4658-8e5f-842d982884cf" testId="2e894b86-b723-38b7-4e0a-913582dada2d" testName="DashboardServiceTests_AddWidget_ThrowExceptionWhenWidgetIsNotNew" computerName="TFSBUILD11" duration="00:00:00.0082266" startTime="2015-09-28T09:43:38.3441438-07:00" endTime="2015-09-28T09:43:38.3597702-07:00" testType="13cdc9d9-ddb5-4fa4-a97d-d965ccfc6d4b" outcome="Passed" testListId="8c84fa94-04c1-424b-9868-57a2d4851a1d" relativeResultsDirectory="0bcfac54-a871-4658-8e5f-842d982884cf" />
    <UnitTestResult executionId="622c002b-9ef2-4ab1-a463-23440aaa6512" testId="a8983b09-f291-b63a-8a77-55f01807e162" testName="DashboardServiceTests_AddWidget_ThrowExceptionWhenDashboardHasAlreadyReachedMaxLimit" computerName="TFSBUILD11" duration="00:00:00.0099319" startTime="2015-09-28T09:43:38.3597702-07:00" endTime="2015-09-28T09:43:38.3753957-07:00" testType="13cdc9d9-ddb5-4fa4-a97d-d965ccfc6d4b" outcome="Passed" testListId="8c84fa94-04c1-424b-9868-57a2d4851a1d" relativeResultsDirectory="622c002b-9ef2-4ab1-a463-23440aaa6512" />
    <UnitTestResult executionId="04429b98-676b-4790-8638-d71d561e3115" testId="e1df0efc-1f5c-0748-f5a6-b9d61e2854b4" testName="DashboardServiceTests_AddWidget_ThrowExceptionWhenDashboardHasWidgetWithSamePosition" computerName="TFSBUILD11" duration="00:00:00.0096352" startTime="2015-09-28T09:43:38.3753957-07:00" endTime="2015-09-28T09:43:38.3753957-07:00" testType="13cdc9d9-ddb5-4fa4-a97d-d965ccfc6d4b" outcome="Passed" testListId="8c84fa94-04c1-424b-9868-57a2d4851a1d" relativeResultsDirectory="04429b98-676b-4790-8638-d71d561e3115" />
    <UnitTestResult executionId="da56714b-303b-4a73-8117-d4bc069cd621" testId="3455d562-e851-64a3-fc7e-734a9ef1efbe" testName="DashboardServiceTests_AddWidget" computerName="TFSBUILD11" duration="00:00:00.0108265" startTime="2015-09-28T09:43:38.3753957-07:00" endTime="2015-09-28T09:43:38.3910221-07:00" testType="13cdc9d9-ddb5-4fa4-a97d-d965ccfc6d4b" outcome="Passed" testListId="8c84fa94-04c1-424b-9868-57a2d4851a1d" relativeResultsDirectory="da56714b-303b-4a73-8117-d4bc069cd621" />
    <UnitTestResult executionId="d1873320-e4f5-4b78-bfd7-7add4cc281cf" testId="088e400b-a6fe-3023-c992-7b560016c12a" testName="DashboardServiceTests_DeleteDashboard_ThrowArgumentExceptionWhenGroupIdIsEmpty" computerName="TFSBUILD11" duration="00:00:00.0134971" startTime="2015-09-28T09:43:38.3910221-07:00" endTime="2015-09-28T09:43:38.4066482-07:00" testType="13cdc9d9-ddb5-4fa4-a97d-d965ccfc6d4b" outcome="Passed" testListId="8c84fa94-04c1-424b-9868-57a2d4851a1d" relativeResultsDirectory="d1873320-e4f5-4b78-bfd7-7add4cc281cf" />
    <UnitTestResult executionId="5bb8f298-b621-4069-a363-e7e80ca6d013" testId="3ddb91e7-a063-c4e7-6c97-14d4c9276ed0" testName="DashboardServiceTests_DeleteDashboard_ThrowExceptionWhenDashboardIdIsEmpty" computerName="TFSBUILD11" duration="00:00:00.0076293" startTime="2015-09-28T09:43:38.4066482-07:00" endTime="2015-09-28T09:43:38.4066482-07:00" testType="13cdc9d9-ddb5-4fa4-a97d-d965ccfc6d4b" outcome="Passed" testListId="8c84fa94-04c1-424b-9868-57a2d4851a1d" relativeResultsDirectory="5bb8f298-b621-4069-a363-e7e80ca6d013" />
    <UnitTestResult executionId="233b0070-3824-435e-afb8-42148d7534b7" testId="485f7afb-0c88-bbd1-3493-8feb5a6708c7" testName="DashboardServiceTests_DeleteDashboard_ThrowExceptionWhenDashboardDoesNotExistinGroup" computerName="TFSBUILD11" duration="00:00:00.0077530" startTime="2015-09-28T09:43:38.4066482-07:00" endTime="2015-09-28T09:43:38.4222749-07:00" testType="13cdc9d9-ddb5-4fa4-a97d-d965ccfc6d4b" outcome="Passed" testListId="8c84fa94-04c1-424b-9868-57a2d4851a1d" relativeResultsDirectory="233b0070-3824-435e-afb8-42148d7534b7" />
    <UnitTestResult executionId="8e59426c-60f8-49c6-9338-1087e121f1ec" testId="c2ec2074-992a-db83-9a4f-fabe03edda69" testName="DashboardServiceTests_DeleteDashboard_ThrowExceptionWhenDeletingTheOnlyDashboardInGroup" computerName="TFSBUILD11" duration="00:00:00.0087349" startTime="2015-09-28T09:43:38.4222749-07:00" endTime="2015-09-28T09:43:38.4222749-07:00" testType="13cdc9d9-ddb5-4fa4-a97d-d965ccfc6d4b" outcome="Passed" testListId="8c84fa94-04c1-424b-9868-57a2d4851a1d" relativeResultsDirectory="8e59426c-60f8-49c6-9338-1087e121f1ec" />
    <UnitTestResult executionId="93ae898f-2d21-496d-ace9-cd0d0f3ea45f" testId="e9cc9e79-6016-508e-272a-5c5dd1abb28a" testName="DashboardServiceTests_DeleteDashboard" computerName="TFSBUILD11" duration="00:00:00.0217562" startTime="2015-09-28T09:43:38.4222749-07:00" endTime="2015-09-28T09:43:38.4535266-07:00" testType="13cdc9d9-ddb5-4fa4-a97d-d965ccfc6d4b" outcome="Passed" testListId="8c84fa94-04c1-424b-9868-57a2d4851a1d" relativeResultsDirectory="93ae898f-2d21-496d-ace9-cd0d0f3ea45f" />
    <UnitTestResult executionId="41a7e1b5-617b-471a-824c-73a24056d04e" testId="2f0615af-ab79-89ee-9dd3-993292ee944b" testName="DashboardServiceTests_GetDashboardEntry_ThrowArgumentExceptionWhenGroupIdIsEmpty" computerName="TFSBUILD11" duration="00:00:00.0081885" startTime="2015-09-28T09:43:38.4535266-07:00" endTime="2015-09-28T09:43:38.4535266-07:00" testType="13cdc9d9-ddb5-4fa4-a97d-d965ccfc6d4b" outcome="Passed" testListId="8c84fa94-04c1-424b-9868-57a2d4851a1d" relativeResultsDirectory="41a7e1b5-617b-471a-824c-73a24056d04e" />
    <UnitTestResult executionId="1919e69d-418b-4c31-b4e4-320627bbba37" testId="5060a8cc-eb31-5a82-3d42-e855e7c3bddf" testName="DashboardServiceTests_GetDashboardEntry_ThrowExceptionWhenDashboardIdIsEmpty" computerName="TFSBUILD11" duration="00:00:00.0071119" startTime="2015-09-28T09:43:38.4535266-07:00" endTime="2015-09-28T09:43:38.4691530-07:00" testType="13cdc9d9-ddb5-4fa4-a97d-d965ccfc6d4b" outcome="Passed" testListId="8c84fa94-04c1-424b-9868-57a2d4851a1d" relativeResultsDirectory="1919e69d-418b-4c31-b4e4-320627bbba37" />
    <UnitTestResult executionId="a4cc79ed-dda7-41cc-bdb8-cf9da75c19b9" testId="c8893d43-4ef8-2b71-204a-3cf944efa1dc" testName="DashboardServiceTests_GetDashboardEntry_ThrowPermissionsFailure" computerName="TFSBUILD11" duration="00:00:00.0073116" startTime="2015-09-28T09:43:38.4691530-07:00" endTime="2015-09-28T09:43:38.4691530-07:00" testType="13cdc9d9-ddb5-4fa4-a97d-d965ccfc6d4b" outcome="Passed" testListId="8c84fa94-04c1-424b-9868-57a2d4851a1d" relativeResultsDirectory="a4cc79ed-dda7-41cc-bdb8-cf9da75c19b9" />
    <UnitTestResult executionId="ce616eac-c6c3-4de0-8031-ee2680a7bbd3" testId="1b515c70-e7f6-1666-d159-5e6a9ed8058f" testName="DashboardServiceTests_GetDashboardEntry_ThrowExceptionOnNoDashboardFoundForGivenId" computerName="TFSBUILD11" duration="00:00:00.0092944" startTime="2015-09-28T09:43:38.4691530-07:00" endTime="2015-09-28T09:43:38.4847793-07:00" testType="13cdc9d9-ddb5-4fa4-a97d-d965ccfc6d4b" outcome="Passed" testListId="8c84fa94-04c1-424b-9868-57a2d4851a1d" relativeResultsDirectory="ce616eac-c6c3-4de0-8031-ee2680a7bbd3" />
    <UnitTestResult executionId="102c8665-ba18-4e17-bae3-f4cba556f253" testId="536d08c5-8071-9f44-ca22-99ef8f1aabd9" testName="DashboardServiceTests_GetDashboardEntry" computerName="TFSBUILD11" duration="00:00:00.0137679" startTime="2015-09-28T09:43:38.4847793-07:00" endTime="2015-09-28T09:43:38.5004052-07:00" testType="13cdc9d9-ddb5-4fa4-a97d-d965ccfc6d4b" outcome="Passed" testListId="8c84fa94-04c1-424b-9868-57a2d4851a1d" relativeResultsDirectory="102c8665-ba18-4e17-bae3-f4cba556f253" />
    <UnitTestResult executionId="4e220df4-b7d3-4656-a069-0e6414d67633" testId="eecd381f-4d64-283a-e82a-e379a6755902" testName="DashboardServiceTests_ValidateDashboard_ThrowExceptionOnNullDashboard" computerName="TFSBUILD11" duration="00:00:00.0077237" startTime="2015-09-28T09:43:38.5004052-07:00" endTime="2015-09-28T09:43:38.5004052-07:00" testType="13cdc9d9-ddb5-4fa4-a97d-d965ccfc6d4b" outcome="Passed" testListId="8c84fa94-04c1-424b-9868-57a2d4851a1d" relativeResultsDirectory="4e220df4-b7d3-4656-a069-0e6414d67633" />
    <UnitTestResult executionId="e08702f0-0846-458c-80f4-9c2c2851edbc" testId="ead0393d-e996-74cb-d554-fd378c5d3eff" testName="DashboardServiceTests_ValidateDashboard_ThrowExceptionOnEmptyDashboardName" computerName="TFSBUILD11" duration="00:00:00.0068781" startTime="2015-09-28T09:43:38.5004052-07:00" endTime="2015-09-28T09:43:38.5160313-07:00" testType="13cdc9d9-ddb5-4fa4-a97d-d965ccfc6d4b" outcome="Passed" testListId="8c84fa94-04c1-424b-9868-57a2d4851a1d" relativeResultsDirectory="e08702f0-0846-458c-80f4-9c2c2851edbc" />
    <UnitTestResult executionId="04d93710-bd30-4ee9-b83b-c55adff3aeb0" testId="9f1d59f7-75ab-23af-741b-f9d0bc02e26e" testName="DashboardServiceTests_ValidateDashboard_ThrowExceptionOnNullDashboardName" computerName="TFSBUILD11" duration="00:00:00.0108006" startTime="2015-09-28T09:43:38.5160313-07:00" endTime="2015-09-28T09:43:38.5160313-07:00" testType="13cdc9d9-ddb5-4fa4-a97d-d965ccfc6d4b" outcome="Passed" testListId="8c84fa94-04c1-424b-9868-57a2d4851a1d" relativeResultsDirectory="04d93710-bd30-4ee9-b83b-c55adff3aeb0" />
    <UnitTestResult executionId="b8e453a2-4525-4be0-93b4-94aee7f6f39a" testId="4adbf089-9832-6121-ab21-5428a257156a" testName="DashboardServiceTests_ValidateDashboard_ThrowExceptionOnLongDashboardName" computerName="TFSBUILD11" duration="00:00:00.0070607" startTime="2015-09-28T09:43:38.5160313-07:00" endTime="2015-09-28T09:43:38.5316577-07:00" testType="13cdc9d9-ddb5-4fa4-a97d-d965ccfc6d4b" outcome="Passed" testListId="8c84fa94-04c1-424b-9868-57a2d4851a1d" relativeResultsDirectory="b8e453a2-4525-4be0-93b4-94aee7f6f39a" />
    <UnitTestResult executionId="00f9a99d-0e24-402c-b5ea-454eeab3ae7e" testId="ef05f4d5-027d-28ec-2faa-b14451e5e1cc" testName="DashboardServiceTests_ValidateDashboard_ThrowExceptionOnPositionIsLessThanOne" computerName="TFSBUILD11" duration="00:00:00.0071679" startTime="2015-09-28T09:43:38.5316577-07:00" endTime="2015-09-28T09:43:38.5316577-07:00" testType="13cdc9d9-ddb5-4fa4-a97d-d965ccfc6d4b" outcome="Passed" testListId="8c84fa94-04c1-424b-9868-57a2d4851a1d" relativeResultsDirectory="00f9a99d-0e24-402c-b5ea-454eeab3ae7e" />
    <UnitTestResult executionId="11d4a952-7545-4839-af2f-a37c1bb0bedf" testId="038e781f-d1ee-1670-b053-8c14c865c5f2" testName="DashboardServiceTests_UpdateDashboards_ThrowArgumentExceptionWhenGroupIdIsEmpty" computerName="TFSBUILD11" duration="00:00:00.0095285" startTime="2015-09-28T09:43:38.5316577-07:00" endTime="2015-09-28T09:43:38.5472835-07:00" testType="13cdc9d9-ddb5-4fa4-a97d-d965ccfc6d4b" outcome="Passed" testListId="8c84fa94-04c1-424b-9868-57a2d4851a1d" relativeResultsDirectory="11d4a952-7545-4839-af2f-a37c1bb0bedf" />
    <UnitTestResult executionId="4bf420d5-dc05-4634-be88-b906d4fabb58" testId="03fef14e-9678-963d-947a-df3b8aacbde7" testName="DashboardServiceTests_UpdateDashboards_ThrowExceptionWhenEntriesAreNull" computerName="TFSBUILD11" duration="00:00:00.0067194" startTime="2015-09-28T09:43:38.5472835-07:00" endTime="2015-09-28T09:43:38.5472835-07:00" testType="13cdc9d9-ddb5-4fa4-a97d-d965ccfc6d4b" outcome="Passed" testListId="8c84fa94-04c1-424b-9868-57a2d4851a1d" relativeResultsDirectory="4bf420d5-dc05-4634-be88-b906d4fabb58" />
    <UnitTestResult executionId="3bdc5e59-17f8-4056-8281-acc7cf967804" testId="b76eb5c0-8190-ad0d-d786-71f055e739ed" testName="DashboardServiceTests_UpdateDashboards_ThrowExceptionWhenEntriesAreEmpty" computerName="TFSBUILD11" duration="00:00:00.0086300" startTime="2015-09-28T09:43:38.5472835-07:00" endTime="2015-09-28T09:43:38.5629096-07:00" testType="13cdc9d9-ddb5-4fa4-a97d-d965ccfc6d4b" outcome="Passed" testListId="8c84fa94-04c1-424b-9868-57a2d4851a1d" relativeResultsDirectory="3bdc5e59-17f8-4056-8281-acc7cf967804" />
    <UnitTestResult executionId="09243a51-1923-473b-96b0-a1af8a91344b" testId="a900cccc-1536-93b9-f563-2bb23211ded6" testName="DashboardServiceTests_UpdateDashboards_ThrowExceptionWhenNonNewEntriesDontExistinGroup" computerName="TFSBUILD11" duration="00:00:00.0104240" startTime="2015-09-28T09:43:38.5629096-07:00" endTime="2015-09-28T09:43:38.5785354-07:00" testType="13cdc9d9-ddb5-4fa4-a97d-d965ccfc6d4b" outcome="Passed" testListId="8c84fa94-04c1-424b-9868-57a2d4851a1d" relativeResultsDirectory="09243a51-1923-473b-96b0-a1af8a91344b" />
    <UnitTestResult executionId="7ea6d371-5080-42d2-a4e2-0befd5d94f8e" testId="47a07ef0-8827-70c0-e712-b61d510192e2" testName="DashboardServiceTests_UpdateDashboards_ThrowExceptionWhenTryingToUpdateTooManyDashboards" computerName="TFSBUILD11" duration="00:00:00.0101609" startTime="2015-09-28T09:43:38.5785354-07:00" endTime="2015-09-28T09:43:38.5785354-07:00" testType="13cdc9d9-ddb5-4fa4-a97d-d965ccfc6d4b" outcome="Passed" testListId="8c84fa94-04c1-424b-9868-57a2d4851a1d" relativeResultsDirectory="7ea6d371-5080-42d2-a4e2-0befd5d94f8e" />
    <UnitTestResult executionId="2248de3a-04d0-42b3-b88b-926bbd6b977c" testId="014137da-efad-4dc1-e78a-0ffe47305a2a" testName="DashboardServiceTests_UpdateDashboards_ThrowExceptionWhenGroupHasDashboardWithSamePosition" computerName="TFSBUILD11" duration="00:00:00.0100528" startTime="2015-09-28T09:43:38.5785354-07:00" endTime="2015-09-28T09:43:38.5941618-07:00" testType="13cdc9d9-ddb5-4fa4-a97d-d965ccfc6d4b" outcome="Passed" testListId="8c84fa94-04c1-424b-9868-57a2d4851a1d" relativeResultsDirectory="2248de3a-04d0-42b3-b88b-926bbd6b977c" />
    <UnitTestResult executionId="c33dae0e-81e4-414b-a8a6-df07e55c1dfc" testId="324cd5a4-ac44-d170-fc7e-62cc89ffb70c" testName="DashboardServiceTests_UpdateDashboards" computerName="TFSBUILD11" duration="00:00:00.0165168" startTime="2015-09-28T09:43:38.5941618-07:00" endTime="2015-09-28T09:43:38.6097885-07:00" testType="13cdc9d9-ddb5-4fa4-a97d-d965ccfc6d4b" outcome="Passed" testListId="8c84fa94-04c1-424b-9868-57a2d4851a1d" relativeResultsDirectory="c33dae0e-81e4-414b-a8a6-df07e55c1dfc" />
    <UnitTestResult executionId="bcc0db30-4112-4f25-bd15-29962093bf20" testId="34f06152-8d6e-fac6-be39-12cf7a52cf0d" testName="DashboardServiceTests_GetDashboardsByGroupId_ThrowArgumentExceptionWhenGroupIdIsEmpty" computerName="TFSBUILD11" duration="00:00:00.0099927" startTime="2015-09-28T09:43:38.6097885-07:00" endTime="2015-09-28T09:43:38.6254138-07:00" testType="13cdc9d9-ddb5-4fa4-a97d-d965ccfc6d4b" outcome="Passed" testListId="8c84fa94-04c1-424b-9868-57a2d4851a1d" relativeResultsDirectory="bcc0db30-4112-4f25-bd15-29962093bf20" />
    <UnitTestResult executionId="a469b966-18ba-4fae-935e-e9242047a4ea" testId="31d5a743-c4cc-3925-b715-3ebaca999941" testName="DashboardServiceTests_GetDashboardsByGroupId_WithExistingEntries" computerName="TFSBUILD11" duration="00:00:00.0147552" startTime="2015-09-28T09:43:38.6254138-07:00" endTime="2015-09-28T09:43:38.6410402-07:00" testType="13cdc9d9-ddb5-4fa4-a97d-d965ccfc6d4b" outcome="Passed" testListId="8c84fa94-04c1-424b-9868-57a2d4851a1d" relativeResultsDirectory="a469b966-18ba-4fae-935e-e9242047a4ea" />
    <UnitTestResult executionId="81ae0d5c-878a-4bd5-a31a-f3e2c0925077" testId="1d53a7bf-8595-a4c1-4cd4-bfcb8f8d4b82" testName="DashboardServiceTests_GetDashboardsByGroupId_DefaultDashboard" computerName="TFSBUILD11" duration="00:00:00.0176909" startTime="2015-09-28T09:43:38.6410402-07:00" endTime="2015-09-28T09:43:38.6566660-07:00" testType="13cdc9d9-ddb5-4fa4-a97d-d965ccfc6d4b" outcome="Passed" testListId="8c84fa94-04c1-424b-9868-57a2d4851a1d" relativeResultsDirectory="81ae0d5c-878a-4bd5-a31a-f3e2c0925077" />
    <UnitTestResult executionId="e1efa673-1b8b-454d-9b01-3e85c45b989b" testId="1f57f0f9-59c9-0cf7-0245-9849324fd3e0" testName="DashboardServiceTests_ValidateWidget_ThrowExceptionWhenWidgetIsNull" computerName="TFSBUILD11" duration="00:00:00.0072993" startTime="2015-09-28T09:43:38.6566660-07:00" endTime="2015-09-28T09:43:38.6566660-07:00" testType="13cdc9d9-ddb5-4fa4-a97d-d965ccfc6d4b" outcome="Passed" testListId="8c84fa94-04c1-424b-9868-57a2d4851a1d" relativeResultsDirectory="e1efa673-1b8b-454d-9b01-3e85c45b989b" />
    <UnitTestResult executionId="0a64e6af-4cd8-4bac-9b98-f3ca219e5b89" testId="02bf555e-ceb8-7114-2200-276ab68a0b9e" testName="DashboardServiceTests_ValidateWidget_ThrowExceptionWhenWidgetNameIsNull" computerName="TFSBUILD11" duration="00:00:00.0072089" startTime="2015-09-28T09:43:38.6566660-07:00" endTime="2015-09-28T09:43:38.6722930-07:00" testType="13cdc9d9-ddb5-4fa4-a97d-d965ccfc6d4b" outcome="Passed" testListId="8c84fa94-04c1-424b-9868-57a2d4851a1d" relativeResultsDirectory="0a64e6af-4cd8-4bac-9b98-f3ca219e5b89" />
    <UnitTestResult executionId="946517cb-a266-4994-bef8-955abff708a0" testId="2b6a9ef0-a95e-f3ac-c958-9ad4556c760a" testName="DashboardServiceTests_ValidateWidget_ThrowExceptionWhenWidgetNameIsEmpty" computerName="TFSBUILD11" duration="00:00:00.0073693" startTime="2015-09-28T09:43:38.6722930-07:00" endTime="2015-09-28T09:43:38.6722930-07:00" testType="13cdc9d9-ddb5-4fa4-a97d-d965ccfc6d4b" outcome="Passed" testListId="8c84fa94-04c1-424b-9868-57a2d4851a1d" relativeResultsDirectory="946517cb-a266-4994-bef8-955abff708a0" />
    <UnitTestResult executionId="a1392d68-6275-4d3b-b00e-2b2693d84d38" testId="c05c0a84-e848-0391-3718-da7fc656ab84" testName="DashboardServiceTests_ValidateWidget_ThrowExceptionWhenWidgetNameIsTooLong" computerName="TFSBUILD11" duration="00:00:00.0074672" startTime="2015-09-28T09:43:38.6722930-07:00" endTime="2015-09-28T09:43:38.6879182-07:00" testType="13cdc9d9-ddb5-4fa4-a97d-d965ccfc6d4b" outcome="Passed" testListId="8c84fa94-04c1-424b-9868-57a2d4851a1d" relativeResultsDirectory="a1392d68-6275-4d3b-b00e-2b2693d84d38" />
    <UnitTestResult executionId="358154a8-541c-4d8f-8deb-6000820bde26" testId="8a445cba-5adb-49af-b4a1-63fb8098f84e" testName="DashboardServiceTests_ValidateWidget_ThrowExceptionWhenWidgetTypeIdIsNull" computerName="TFSBUILD11" duration="00:00:00.0083660" startTime="2015-09-28T09:43:38.6879182-07:00" endTime="2015-09-28T09:43:38.6879182-07:00" testType="13cdc9d9-ddb5-4fa4-a97d-d965ccfc6d4b" outcome="Passed" testListId="8c84fa94-04c1-424b-9868-57a2d4851a1d" relativeResultsDirectory="358154a8-541c-4d8f-8deb-6000820bde26" />
    <UnitTestResult executionId="0247398f-1c62-4acc-bec2-42763835ba3e" testId="80fd5b8d-2a68-9292-189e-bd8bc81ec411" testName="DashboardServiceTests_ValidateWidget_ThrowExceptionWhenWidgetTypeIdIsEmpty" computerName="TFSBUILD11" duration="00:00:00.0077348" startTime="2015-09-28T09:43:38.6879182-07:00" endTime="2015-09-28T09:43:38.7035438-07:00" testType="13cdc9d9-ddb5-4fa4-a97d-d965ccfc6d4b" outcome="Passed" testListId="8c84fa94-04c1-424b-9868-57a2d4851a1d" relativeResultsDirectory="0247398f-1c62-4acc-bec2-42763835ba3e" />
    <UnitTestResult executionId="2b33742d-8e0c-42a7-ab3a-e4462d27c5d9" testId="606f7a39-7352-75eb-5105-4ab1d1d3407c" testName="DashboardServiceTests_ValidateWidget_ThrowExceptionWhenWidgetTypeIdIsTooLong" computerName="TFSBUILD11" duration="00:00:00.0070675" startTime="2015-09-28T09:43:38.7035438-07:00" endTime="2015-09-28T09:43:38.7035438-07:00" testType="13cdc9d9-ddb5-4fa4-a97d-d965ccfc6d4b" outcome="Passed" testListId="8c84fa94-04c1-424b-9868-57a2d4851a1d" relativeResultsDirectory="2b33742d-8e0c-42a7-ab3a-e4462d27c5d9" />
    <UnitTestResult executionId="68846452-c9fb-4af4-88c5-e1779df0cfb9" testId="ebf02d02-54dc-cd0b-a7ea-7c251187e308" testName="DashboardServiceTests_ValidateWidget_ThrowExceptionOnLongArtifactId" computerName="TFSBUILD11" duration="00:00:00.0094961" startTime="2015-09-28T09:43:38.7035438-07:00" endTime="2015-09-28T09:43:38.7191704-07:00" testType="13cdc9d9-ddb5-4fa4-a97d-d965ccfc6d4b" outcome="Passed" testListId="8c84fa94-04c1-424b-9868-57a2d4851a1d" relativeResultsDirectory="68846452-c9fb-4af4-88c5-e1779df0cfb9" />
    <UnitTestResult executionId="10d59892-48ec-48dc-8f09-8b5ff6cf3c2d" testId="18650772-aa80-3c38-e3a3-2db55fcb94cb" testName="DashboardServiceTests_ValidateWidget_ThrowExceptionOnLongSettings" computerName="TFSBUILD11" duration="00:00:00.0084886" startTime="2015-09-28T09:43:38.7191704-07:00" endTime="2015-09-28T09:43:38.7347963-07:00" testType="13cdc9d9-ddb5-4fa4-a97d-d965ccfc6d4b" outcome="Passed" testListId="8c84fa94-04c1-424b-9868-57a2d4851a1d" relativeResultsDirectory="10d59892-48ec-48dc-8f09-8b5ff6cf3c2d" />
    <UnitTestResult executionId="7a8aa7af-8045-4d9f-aff3-1659836a0c16" testId="acd37170-d17d-357b-5d90-8f67e871c3b7" testName="DashboardServiceTests_ValidateWidget_ThrowExceptionOnRowNumberLessThanOne" computerName="TFSBUILD11" duration="00:00:00.0079027" startTime="2015-09-28T09:43:38.7347963-07:00" endTime="2015-09-28T09:43:38.7347963-07:00" testType="13cdc9d9-ddb5-4fa4-a97d-d965ccfc6d4b" outcome="Passed" testListId="8c84fa94-04c1-424b-9868-57a2d4851a1d" relativeResultsDirectory="7a8aa7af-8045-4d9f-aff3-1659836a0c16" />
    <UnitTestResult executionId="123b16e1-5b7d-446a-803b-4901c476dad1" testId="c64d0af0-a63d-b429-1bf4-f4a71224b245" testName="DashboardServiceTests_ValidateWidget_ThrowExceptionOnColumnNumberLessThanOne" computerName="TFSBUILD11" duration="00:00:00.0087799" startTime="2015-09-28T09:43:38.7347963-07:00" endTime="2015-09-28T09:43:38.7504230-07:00" testType="13cdc9d9-ddb5-4fa4-a97d-d965ccfc6d4b" outcome="Passed" testListId="8c84fa94-04c1-424b-9868-57a2d4851a1d" relativeResultsDirectory="123b16e1-5b7d-446a-803b-4901c476dad1" />
    <UnitTestResult executionId="12f6f55c-368c-433f-8909-273357ffff16" testId="1ca42edd-3ac6-c7e2-df25-64d012446979" testName="DashboardServiceTests_ValidateWidget_UnpositionedWidget" computerName="TFSBUILD11" duration="00:00:00.0106285" startTime="2015-09-28T09:43:38.7504230-07:00" endTime="2015-09-28T09:43:38.7504230-07:00" testType="13cdc9d9-ddb5-4fa4-a97d-d965ccfc6d4b" outcome="Passed" testListId="8c84fa94-04c1-424b-9868-57a2d4851a1d" relativeResultsDirectory="12f6f55c-368c-433f-8909-273357ffff16" />
    <UnitTestResult executionId="4325481e-afa1-4da6-b539-426403c36947" testId="c10299bc-a13e-ea9b-6bde-b14c4dd12cd9" testName="DashboardServiceTests_ValidateWidget_ThrowExceptionOnInvalidRowNumber" computerName="TFSBUILD11" duration="00:00:00.0073437" startTime="2015-09-28T09:43:38.7504230-07:00" endTime="2015-09-28T09:43:38.7660491-07:00" testType="13cdc9d9-ddb5-4fa4-a97d-d965ccfc6d4b" outcome="Passed" testListId="8c84fa94-04c1-424b-9868-57a2d4851a1d" relativeResultsDirectory="4325481e-afa1-4da6-b539-426403c36947" />
    <UnitTestResult executionId="9cccba37-ef5a-469a-81db-303b0871c9a1" testId="425b1d67-78e8-3561-7d56-01782c710551" testName="DashboardServiceTests_ValidateWidget_ThrowExceptionOnInvalidColumnNumber" computerName="TFSBUILD11" duration="00:00:00.0085111" startTime="2015-09-28T09:43:38.7660491-07:00" endTime="2015-09-28T09:43:38.7660491-07:00" testType="13cdc9d9-ddb5-4fa4-a97d-d965ccfc6d4b" outcome="Passed" testListId="8c84fa94-04c1-424b-9868-57a2d4851a1d" relativeResultsDirectory="9cccba37-ef5a-469a-81db-303b0871c9a1" />
    <UnitTestResult executionId="3391c8ed-ea71-42a8-b64a-9f63d9174e76" testId="b647022b-0bb4-67aa-5692-7c8e57b6b96d" testName="DashboardServiceTests_ValidateWidget_ThrowExceptionOnRowLengthLessThanOne" computerName="TFSBUILD11" duration="00:00:00.0080483" startTime="2015-09-28T09:43:38.7660491-07:00" endTime="2015-09-28T09:43:38.7816752-07:00" testType="13cdc9d9-ddb5-4fa4-a97d-d965ccfc6d4b" outcome="Passed" testListId="8c84fa94-04c1-424b-9868-57a2d4851a1d" relativeResultsDirectory="3391c8ed-ea71-42a8-b64a-9f63d9174e76" />
    <UnitTestResult executionId="5ade00dd-4e4a-40e3-a68f-53e56adb7758" testId="e159de54-a9ec-0c06-1dbf-0d59594e4edf" testName="DashboardServiceTests_ValidateWidget_ThrowExceptionOnColumnLengthLessThanOne" computerName="TFSBUILD11" duration="00:00:00.0073853" startTime="2015-09-28T09:43:38.7816752-07:00" endTime="2015-09-28T09:43:38.7816752-07:00" testType="13cdc9d9-ddb5-4fa4-a97d-d965ccfc6d4b" outcome="Passed" testListId="8c84fa94-04c1-424b-9868-57a2d4851a1d" relativeResultsDirectory="5ade00dd-4e4a-40e3-a68f-53e56adb7758" />
    <UnitTestResult executionId="5d01a567-6bf6-421b-a41b-960325d5cab0" testId="b7dfde85-249b-7e2c-6430-850dd7c361f5" testName="DashboardServiceTests_ValidateWidget_ThrowExceptionOnInvalidRowLength" computerName="TFSBUILD11" duration="00:00:00.0107886" startTime="2015-09-28T09:43:38.7816752-07:00" endTime="2015-09-28T09:43:38.7973007-07:00" testType="13cdc9d9-ddb5-4fa4-a97d-d965ccfc6d4b" outcome="Passed" testListId="8c84fa94-04c1-424b-9868-57a2d4851a1d" relativeResultsDirectory="5d01a567-6bf6-421b-a41b-960325d5cab0" />
    <UnitTestResult executionId="5b9e8ae1-2182-4a7a-92d6-f8f431d5178c" testId="e6bf9479-3eda-701d-ad2c-9cb7a2ee012c" testName="DashboardServiceTests_ValidateWidget_ThrowExceptionOnInvalidColumnLength" computerName="TFSBUILD11" duration="00:00:00.0121707" startTime="2015-09-28T09:43:38.7973007-07:00" endTime="2015-09-28T09:43:38.8129274-07:00" testType="13cdc9d9-ddb5-4fa4-a97d-d965ccfc6d4b" outcome="Passed" testListId="8c84fa94-04c1-424b-9868-57a2d4851a1d" relativeResultsDirectory="5b9e8ae1-2182-4a7a-92d6-f8f431d5178c" />
    <UnitTestResult executionId="fff834c9-67cd-484b-a0ab-3bfd0a5b4506" testId="7887e1f6-f171-effd-e06e-1b6327ebe2ea" testName="CollectionUserDashboardConsumerTests_CheckGetMethods" computerName="TFSBUILD11" duration="00:00:00.0004229" startTime="2015-09-28T09:43:38.8129274-07:00" endTime="2015-09-28T09:43:38.8129274-07:00" testType="13cdc9d9-ddb5-4fa4-a97d-d965ccfc6d4b" outcome="Passed" testListId="8c84fa94-04c1-424b-9868-57a2d4851a1d" relativeResultsDirectory="fff834c9-67cd-484b-a0ab-3bfd0a5b4506" />
    <UnitTestResult executionId="67ec79c9-89ac-4569-9461-5b2737758313" testId="615d0ab3-8d94-e669-b2e8-ab98d3ec6cfd" testName="CollectionUserDashboardConsumerTests_CheckPermissionsFailureFromEmptyIdentityInRequest" computerName="TFSBUILD11" duration="00:00:00.2093080" startTime="2015-09-28T09:43:38.8129274-07:00" endTime="2015-09-28T09:43:39.0160668-07:00" testType="13cdc9d9-ddb5-4fa4-a97d-d965ccfc6d4b" outcome="Passed" testListId="8c84fa94-04c1-424b-9868-57a2d4851a1d" relativeResultsDirectory="67ec79c9-89ac-4569-9461-5b2737758313" />
    <UnitTestResult executionId="b3035fd3-7f2b-4065-90a4-1fdaa2986b6e" testId="ef3f53e0-5346-8d8e-795b-6d8272bbe8bc" testName="CollectionUserDashboardConsumerTests_CheckPermissionsFailureFromInvalidIdentityInRequest" computerName="TFSBUILD11" duration="00:00:00.0044350" startTime="2015-09-28T09:43:39.0160668-07:00" endTime="2015-09-28T09:43:39.0316930-07:00" testType="13cdc9d9-ddb5-4fa4-a97d-d965ccfc6d4b" outcome="Passed" testListId="8c84fa94-04c1-424b-9868-57a2d4851a1d" relativeResultsDirectory="b3035fd3-7f2b-4065-90a4-1fdaa2986b6e" />
    <UnitTestResult executionId="58e5c15e-3c0a-418c-a848-06def4e6ed27" testId="1e981bc7-9c25-9076-bb18-dad0f3644824" testName="CollectionUserDashboardConsumerTests_CheckPermissionsSuccessFromvalidIdentityInRequest" computerName="TFSBUILD11" duration="00:00:00.0045078" startTime="2015-09-28T09:43:39.0316930-07:00" endTime="2015-09-28T09:43:39.0316930-07:00" testType="13cdc9d9-ddb5-4fa4-a97d-d965ccfc6d4b" outcome="Passed" testListId="8c84fa94-04c1-424b-9868-57a2d4851a1d" relativeResultsDirectory="58e5c15e-3c0a-418c-a848-06def4e6ed27" />
  </Results>
  <TestDefinitions>
    <UnitTest name="WidgetTypesControllerTests_GetWidgetTypes" storage="d:\v2.0\a1\_work\dbded102\bin\release.anycpu\tfs.service\microsoft.teamfoundation.dashboards.server.l0.tests\microsoft.teamfoundation.dashboards.server.l0.tests.dll" priority="0" id="52e47b29-6f31-e4b3-75af-491142588800">
      <Owners>
        <Owner name="vscsdash" />
      </Owners>
      <Execution id="bc40297e-7eae-4b78-9eff-a5329514a83e" />
      <TestMethod codeBase="D:\v2.0\A1\_work\dbded102\bin\Release.AnyCPU\Tfs.Service\Microsoft.TeamFoundation.Dashboards.Server.L0.Tests\Microsoft.TeamFoundation.Dashboards.Server.L0.Tests.dll" adapterTypeName="Microsoft.VisualStudio.TestTools.TestTypes.Unit.UnitTestAdapter" className="Microsoft.TeamFoundation.Dashboards.Server.L0.Tests.WidgetTypesControllerTests" name="WidgetTypesControllerTests_GetWidgetTypes" />
    </UnitTest>
    <UnitTest name="WidgetTypesControllerTests_GetWidgetTypes_NullMetaDataFromCatalog" storage="d:\v2.0\a1\_work\dbded102\bin\release.anycpu\tfs.service\microsoft.teamfoundation.dashboards.server.l0.tests\microsoft.teamfoundation.dashboards.server.l0.tests.dll" priority="0" id="78bbc2b9-8d32-ee86-1eb1-577d43fc85e1">
      <Owners>
        <Owner name="vscsdash" />
      </Owners>
      <Execution id="b88e6348-cbef-47bf-8cdb-df2b198a122d" />
      <TestMethod codeBase="D:\v2.0\A1\_work\dbded102\bin\Release.AnyCPU\Tfs.Service\Microsoft.TeamFoundation.Dashboards.Server.L0.Tests\Microsoft.TeamFoundation.Dashboards.Server.L0.Tests.dll" adapterTypeName="Microsoft.VisualStudio.TestTools.TestTypes.Unit.UnitTestAdapter" className="Microsoft.TeamFoundation.Dashboards.Server.L0.Tests.WidgetTypesControllerTests" name="WidgetTypesControllerTests_GetWidgetTypes_NullMetaDataFromCatalog" />
    </UnitTest>
    <UnitTest name="WidgetTypesControllerTests_GetWidgetMetadata" storage="d:\v2.0\a1\_work\dbded102\bin\release.anycpu\tfs.service\microsoft.teamfoundation.dashboards.server.l0.tests\microsoft.teamfoundation.dashboards.server.l0.tests.dll" priority="0" id="9643692c-c96f-8c3f-8577-1c09833042b9">
      <Owners>
        <Owner name="vscsdash" />
      </Owners>
      <Execution id="ceabd2c9-d577-48a1-80f8-7d211c47fdcb" />
      <TestMethod codeBase="D:\v2.0\A1\_work\dbded102\bin\Release.AnyCPU\Tfs.Service\Microsoft.TeamFoundation.Dashboards.Server.L0.Tests\Microsoft.TeamFoundation.Dashboards.Server.L0.Tests.dll" adapterTypeName="Microsoft.VisualStudio.TestTools.TestTypes.Unit.UnitTestAdapter" className="Microsoft.TeamFoundation.Dashboards.Server.L0.Tests.WidgetTypesControllerTests" name="WidgetTypesControllerTests_GetWidgetMetadata" />
    </UnitTest>
    <UnitTest name="WidgetTypesControllerTests_GetWidgetMetadata_NullMetaDataFromCatalog" storage="d:\v2.0\a1\_work\dbded102\bin\release.anycpu\tfs.service\microsoft.teamfoundation.dashboards.server.l0.tests\microsoft.teamfoundation.dashboards.server.l0.tests.dll" priority="0" id="a8cf8338-968d-ee70-a31a-97a599f3fec7">
      <Owners>
        <Owner name="vscsdash" />
      </Owners>
      <Execution id="51c97e7a-ade1-49db-b9ef-09571bfea820" />
      <TestMethod codeBase="D:\v2.0\A1\_work\dbded102\bin\Release.AnyCPU\Tfs.Service\Microsoft.TeamFoundation.Dashboards.Server.L0.Tests\Microsoft.TeamFoundation.Dashboards.Server.L0.Tests.dll" adapterTypeName="Microsoft.VisualStudio.TestTools.TestTypes.Unit.UnitTestAdapter" className="Microsoft.TeamFoundation.Dashboards.Server.L0.Tests.WidgetTypesControllerTests" name="WidgetTypesControllerTests_GetWidgetMetadata_NullMetaDataFromCatalog" />
    </UnitTest>
    <UnitTest name="TypeInfoTests_MemberNull" storage="d:\v2.0\a1\_work\dbded102\bin\release.anycpu\tfs.service\microsoft.teamfoundation.dashboards.server.l0.tests\microsoft.teamfoundation.dashboards.server.l0.tests.dll" priority="0" id="9ee43f9d-c5af-980c-b3f7-d16b38944bef">
      <Owners>
        <Owner name="vscsdash" />
      </Owners>
      <Execution id="f460e915-2fb3-4551-a88e-95a93098f2ed" />
      <TestMethod codeBase="D:\v2.0\A1\_work\dbded102\bin\Release.AnyCPU\Tfs.Service\Microsoft.TeamFoundation.Dashboards.Server.L0.Tests\Microsoft.TeamFoundation.Dashboards.Server.L0.Tests.dll" adapterTypeName="Microsoft.VisualStudio.TestTools.TestTypes.Unit.UnitTestAdapter" className="Microsoft.TeamFoundation.Dashboards.Server.L0.Tests.TypeInfoTests" name="TypeInfoTests_MemberNull" />
    </UnitTest>
    <UnitTest name="DashboardGroupRoutesTests_GetDashboardGroup" storage="d:\v2.0\a1\_work\dbded102\bin\release.anycpu\tfs.service\microsoft.teamfoundation.dashboards.server.l0.tests\microsoft.teamfoundation.dashboards.server.l0.tests.dll" priority="0" id="3cb6d3be-6cfd-acd4-eaf9-6e8099bab082">
      <Owners>
        <Owner name="vscsdash" />
      </Owners>
      <Execution id="6ce1603f-2103-4f93-b59c-3fd8806981f4" />
      <TestMethod codeBase="D:\v2.0\A1\_work\dbded102\bin\Release.AnyCPU\Tfs.Service\Microsoft.TeamFoundation.Dashboards.Server.L0.Tests\Microsoft.TeamFoundation.Dashboards.Server.L0.Tests.dll" adapterTypeName="Microsoft.VisualStudio.TestTools.TestTypes.Unit.UnitTestAdapter" className="Microsoft.TeamFoundation.Dashboards.Server.L0.Tests.DashboardGroupRoutesTests" name="DashboardGroupRoutesTests_GetDashboardGroup" />
    </UnitTest>
    <UnitTest name="DashboardGroupRoutesTests_PutDashboardGroup" storage="d:\v2.0\a1\_work\dbded102\bin\release.anycpu\tfs.service\microsoft.teamfoundation.dashboards.server.l0.tests\microsoft.teamfoundation.dashboards.server.l0.tests.dll" priority="0" id="20cbea81-1f6e-4834-1a4d-bd30b0657de0">
      <Owners>
        <Owner name="vscsdash" />
      </Owners>
      <Execution id="9b8ee703-1c18-49ec-b47b-7a46db3b3416" />
      <TestMethod codeBase="D:\v2.0\A1\_work\dbded102\bin\Release.AnyCPU\Tfs.Service\Microsoft.TeamFoundation.Dashboards.Server.L0.Tests\Microsoft.TeamFoundation.Dashboards.Server.L0.Tests.dll" adapterTypeName="Microsoft.VisualStudio.TestTools.TestTypes.Unit.UnitTestAdapter" className="Microsoft.TeamFoundation.Dashboards.Server.L0.Tests.DashboardGroupRoutesTests" name="DashboardGroupRoutesTests_PutDashboardGroup" />
    </UnitTest>
    <UnitTest name="DashboardRouteTests_GetDashboard" storage="d:\v2.0\a1\_work\dbded102\bin\release.anycpu\tfs.service\microsoft.teamfoundation.dashboards.server.l0.tests\microsoft.teamfoundation.dashboards.server.l0.tests.dll" priority="0" id="ff4fd26c-5773-2b02-3f2e-2360159a9251">
      <Owners>
        <Owner name="vscsdash" />
      </Owners>
      <Execution id="78da45f5-ce52-4edf-a836-99942993cb43" />
      <TestMethod codeBase="D:\v2.0\A1\_work\dbded102\bin\Release.AnyCPU\Tfs.Service\Microsoft.TeamFoundation.Dashboards.Server.L0.Tests\Microsoft.TeamFoundation.Dashboards.Server.L0.Tests.dll" adapterTypeName="Microsoft.VisualStudio.TestTools.TestTypes.Unit.UnitTestAdapter" className="Microsoft.TeamFoundation.Dashboards.Server.L0.Tests.DashboardRoutesTests" name="DashboardRouteTests_GetDashboard" />
    </UnitTest>
    <UnitTest name="DashboardRouteTests_DeleteDashboard" storage="d:\v2.0\a1\_work\dbded102\bin\release.anycpu\tfs.service\microsoft.teamfoundation.dashboards.server.l0.tests\microsoft.teamfoundation.dashboards.server.l0.tests.dll" priority="0" id="61c4f785-757a-480c-34bb-0c96482d5877">
      <Owners>
        <Owner name="vscsdash" />
      </Owners>
      <Execution id="58fcb97a-dce9-4b79-ab8e-acc3ed1466de" />
      <TestMethod codeBase="D:\v2.0\A1\_work\dbded102\bin\Release.AnyCPU\Tfs.Service\Microsoft.TeamFoundation.Dashboards.Server.L0.Tests\Microsoft.TeamFoundation.Dashboards.Server.L0.Tests.dll" adapterTypeName="Microsoft.VisualStudio.TestTools.TestTypes.Unit.UnitTestAdapter" className="Microsoft.TeamFoundation.Dashboards.Server.L0.Tests.DashboardRoutesTests" name="DashboardRouteTests_DeleteDashboard" />
    </UnitTest>
    <UnitTest name="DashboardRouteTests_PutDashboard" storage="d:\v2.0\a1\_work\dbded102\bin\release.anycpu\tfs.service\microsoft.teamfoundation.dashboards.server.l0.tests\microsoft.teamfoundation.dashboards.server.l0.tests.dll" priority="0" id="578cc8d4-bee6-3a3c-06e9-fa8f73691ad5">
      <Owners>
        <Owner name="vscsdash" />
      </Owners>
      <Execution id="2e1756d6-da70-4ced-8f2e-9de1b8ee38b2" />
      <TestMethod codeBase="D:\v2.0\A1\_work\dbded102\bin\Release.AnyCPU\Tfs.Service\Microsoft.TeamFoundation.Dashboards.Server.L0.Tests\Microsoft.TeamFoundation.Dashboards.Server.L0.Tests.dll" adapterTypeName="Microsoft.VisualStudio.TestTools.TestTypes.Unit.UnitTestAdapter" className="Microsoft.TeamFoundation.Dashboards.Server.L0.Tests.DashboardRoutesTests" name="DashboardRouteTests_PutDashboard" />
    </UnitTest>
    <UnitTest name="DashboardRouteTests_PostDashboard" storage="d:\v2.0\a1\_work\dbded102\bin\release.anycpu\tfs.service\microsoft.teamfoundation.dashboards.server.l0.tests\microsoft.teamfoundation.dashboards.server.l0.tests.dll" priority="0" id="4bbdee0a-d851-338c-e354-e73903460a0c">
      <Owners>
        <Owner name="vscsdash" />
      </Owners>
      <Execution id="2cfe46de-276c-49a9-8fb9-add2d59cf358" />
      <TestMethod codeBase="D:\v2.0\A1\_work\dbded102\bin\Release.AnyCPU\Tfs.Service\Microsoft.TeamFoundation.Dashboards.Server.L0.Tests\Microsoft.TeamFoundation.Dashboards.Server.L0.Tests.dll" adapterTypeName="Microsoft.VisualStudio.TestTools.TestTypes.Unit.UnitTestAdapter" className="Microsoft.TeamFoundation.Dashboards.Server.L0.Tests.DashboardRoutesTests" name="DashboardRouteTests_PostDashboard" />
    </UnitTest>
    <UnitTest name="WidgetsRoutesTests_GetWidget" storage="d:\v2.0\a1\_work\dbded102\bin\release.anycpu\tfs.service\microsoft.teamfoundation.dashboards.server.l0.tests\microsoft.teamfoundation.dashboards.server.l0.tests.dll" priority="0" id="963a0e7d-ba8a-def1-a8d1-18124cd2487d">
      <Owners>
        <Owner name="vscsdash" />
      </Owners>
      <Execution id="ff9336be-6cb8-40d1-a3de-f4cfb29f19d2" />
      <TestMethod codeBase="D:\v2.0\A1\_work\dbded102\bin\Release.AnyCPU\Tfs.Service\Microsoft.TeamFoundation.Dashboards.Server.L0.Tests\Microsoft.TeamFoundation.Dashboards.Server.L0.Tests.dll" adapterTypeName="Microsoft.VisualStudio.TestTools.TestTypes.Unit.UnitTestAdapter" className="Microsoft.TeamFoundation.Dashboards.Server.L0.Tests.WidgetRoutesTests" name="WidgetsRoutesTests_GetWidget" />
    </UnitTest>
    <UnitTest name="WidgetRoutesTests_DeleteWidget" storage="d:\v2.0\a1\_work\dbded102\bin\release.anycpu\tfs.service\microsoft.teamfoundation.dashboards.server.l0.tests\microsoft.teamfoundation.dashboards.server.l0.tests.dll" priority="0" id="584b040d-f787-4b44-e7f1-f9cacc8594e2">
      <Owners>
        <Owner name="vscsdash" />
      </Owners>
      <Execution id="950ad49a-5f15-4d70-9f39-8927d9dbb5ec" />
      <TestMethod codeBase="D:\v2.0\A1\_work\dbded102\bin\Release.AnyCPU\Tfs.Service\Microsoft.TeamFoundation.Dashboards.Server.L0.Tests\Microsoft.TeamFoundation.Dashboards.Server.L0.Tests.dll" adapterTypeName="Microsoft.VisualStudio.TestTools.TestTypes.Unit.UnitTestAdapter" className="Microsoft.TeamFoundation.Dashboards.Server.L0.Tests.WidgetRoutesTests" name="WidgetRoutesTests_DeleteWidget" />
    </UnitTest>
    <UnitTest name="WidgetRoutesTests_PatchWidget" storage="d:\v2.0\a1\_work\dbded102\bin\release.anycpu\tfs.service\microsoft.teamfoundation.dashboards.server.l0.tests\microsoft.teamfoundation.dashboards.server.l0.tests.dll" priority="0" id="066eb9cd-2f16-5cfd-722b-f4663320f53a">
      <Owners>
        <Owner name="vscsdash" />
      </Owners>
      <Execution id="b49e77da-5204-4db8-b738-411e168f95ea" />
      <TestMethod codeBase="D:\v2.0\A1\_work\dbded102\bin\Release.AnyCPU\Tfs.Service\Microsoft.TeamFoundation.Dashboards.Server.L0.Tests\Microsoft.TeamFoundation.Dashboards.Server.L0.Tests.dll" adapterTypeName="Microsoft.VisualStudio.TestTools.TestTypes.Unit.UnitTestAdapter" className="Microsoft.TeamFoundation.Dashboards.Server.L0.Tests.WidgetRoutesTests" name="WidgetRoutesTests_PatchWidget" />
    </UnitTest>
    <UnitTest name="WidgetRoutesTests_PostWidget" storage="d:\v2.0\a1\_work\dbded102\bin\release.anycpu\tfs.service\microsoft.teamfoundation.dashboards.server.l0.tests\microsoft.teamfoundation.dashboards.server.l0.tests.dll" priority="0" id="365779b3-1121-6bbf-0e81-dc3cf25bd25e">
      <Owners>
        <Owner name="vscsdash" />
      </Owners>
      <Execution id="a23098b7-496d-49d4-a510-553a46062976" />
      <TestMethod codeBase="D:\v2.0\A1\_work\dbded102\bin\Release.AnyCPU\Tfs.Service\Microsoft.TeamFoundation.Dashboards.Server.L0.Tests\Microsoft.TeamFoundation.Dashboards.Server.L0.Tests.dll" adapterTypeName="Microsoft.VisualStudio.TestTools.TestTypes.Unit.UnitTestAdapter" className="Microsoft.TeamFoundation.Dashboards.Server.L0.Tests.WidgetRoutesTests" name="WidgetRoutesTests_PostWidget" />
    </UnitTest>
    <UnitTest name="TeamDashboardConsumerTests_CheckGetMethods" storage="d:\v2.0\a1\_work\dbded102\bin\release.anycpu\tfs.service\microsoft.teamfoundation.dashboards.server.l0.tests\microsoft.teamfoundation.dashboards.server.l0.tests.dll" priority="0" id="d3083ee5-2368-5797-2c3d-3ba33a5844a5">
      <Owners>
        <Owner name="vscsdash" />
      </Owners>
      <Execution id="ee2aba2c-9259-4232-9839-9b676c8e3a44" />
      <TestMethod codeBase="D:\v2.0\A1\_work\dbded102\bin\Release.AnyCPU\Tfs.Service\Microsoft.TeamFoundation.Dashboards.Server.L0.Tests\Microsoft.TeamFoundation.Dashboards.Server.L0.Tests.dll" adapterTypeName="Microsoft.VisualStudio.TestTools.TestTypes.Unit.UnitTestAdapter" className="Microsoft.TeamFoundation.Dashboards.Server.L0.Tests.TeamDashboardConsumerTests" name="TeamDashboardConsumerTests_CheckGetMethods" />
    </UnitTest>
    <UnitTest name="TeamDashboardConsumerTests_CheckReadPermission" storage="d:\v2.0\a1\_work\dbded102\bin\release.anycpu\tfs.service\microsoft.teamfoundation.dashboards.server.l0.tests\microsoft.teamfoundation.dashboards.server.l0.tests.dll" priority="0" id="ea505dba-d385-a35f-cb26-deea1b0895bf">
      <Owners>
        <Owner name="vscsdash" />
      </Owners>
      <Execution id="db23e94d-7970-4b03-b0e1-468acb9336e8" />
      <TestMethod codeBase="D:\v2.0\A1\_work\dbded102\bin\Release.AnyCPU\Tfs.Service\Microsoft.TeamFoundation.Dashboards.Server.L0.Tests\Microsoft.TeamFoundation.Dashboards.Server.L0.Tests.dll" adapterTypeName="Microsoft.VisualStudio.TestTools.TestTypes.Unit.UnitTestAdapter" className="Microsoft.TeamFoundation.Dashboards.Server.L0.Tests.TeamDashboardConsumerTests" name="TeamDashboardConsumerTests_CheckReadPermission" />
    </UnitTest>
    <UnitTest name="TeamDashboardConsumerTests_ThrowExceptionIfProjectNotFound" storage="d:\v2.0\a1\_work\dbded102\bin\release.anycpu\tfs.service\microsoft.teamfoundation.dashboards.server.l0.tests\microsoft.teamfoundation.dashboards.server.l0.tests.dll" priority="0" id="a3f765a7-6b61-7f4f-edab-7fa77c5c0f5a">
      <Owners>
        <Owner name="vscsdash" />
      </Owners>
      <Execution id="c390eb57-3bc0-4294-994b-ce0f7c6cb08a" />
      <TestMethod codeBase="D:\v2.0\A1\_work\dbded102\bin\Release.AnyCPU\Tfs.Service\Microsoft.TeamFoundation.Dashboards.Server.L0.Tests\Microsoft.TeamFoundation.Dashboards.Server.L0.Tests.dll" adapterTypeName="Microsoft.VisualStudio.TestTools.TestTypes.Unit.UnitTestAdapter" className="Microsoft.TeamFoundation.Dashboards.Server.L0.Tests.TeamDashboardConsumerTests" name="TeamDashboardConsumerTests_ThrowExceptionIfProjectNotFound" />
    </UnitTest>
    <UnitTest name="TeamDashboardConsumerTests_ThrowExceptionWhenNoTeamsAreFound" storage="d:\v2.0\a1\_work\dbded102\bin\release.anycpu\tfs.service\microsoft.teamfoundation.dashboards.server.l0.tests\microsoft.teamfoundation.dashboards.server.l0.tests.dll" priority="0" id="cdd5b93c-2dea-0a13-10fa-85ab750af889">
      <Owners>
        <Owner name="vscsdash" />
      </Owners>
      <Execution id="74b10187-3e89-455c-9b10-7825bd37011c" />
      <TestMethod codeBase="D:\v2.0\A1\_work\dbded102\bin\Release.AnyCPU\Tfs.Service\Microsoft.TeamFoundation.Dashboards.Server.L0.Tests\Microsoft.TeamFoundation.Dashboards.Server.L0.Tests.dll" adapterTypeName="Microsoft.VisualStudio.TestTools.TestTypes.Unit.UnitTestAdapter" className="Microsoft.TeamFoundation.Dashboards.Server.L0.Tests.TeamDashboardConsumerTests" name="TeamDashboardConsumerTests_ThrowExceptionWhenNoTeamsAreFound" />
    </UnitTest>
    <UnitTest name="TeamDashboardConsumerTests_ThrowExceptionWhenGivenTeamNotFound" storage="d:\v2.0\a1\_work\dbded102\bin\release.anycpu\tfs.service\microsoft.teamfoundation.dashboards.server.l0.tests\microsoft.teamfoundation.dashboards.server.l0.tests.dll" priority="0" id="58e2bcc3-364f-d352-54a4-b4d0864ab7a7">
      <Owners>
        <Owner name="vscsdash" />
      </Owners>
      <Execution id="8d2eb03c-20a9-418c-8674-f01207ba99d0" />
      <TestMethod codeBase="D:\v2.0\A1\_work\dbded102\bin\Release.AnyCPU\Tfs.Service\Microsoft.TeamFoundation.Dashboards.Server.L0.Tests\Microsoft.TeamFoundation.Dashboards.Server.L0.Tests.dll" adapterTypeName="Microsoft.VisualStudio.TestTools.TestTypes.Unit.UnitTestAdapter" className="Microsoft.TeamFoundation.Dashboards.Server.L0.Tests.TeamDashboardConsumerTests" name="TeamDashboardConsumerTests_ThrowExceptionWhenGivenTeamNotFound" />
    </UnitTest>
    <UnitTest name="TeamDashboardConsumerTests_ThrowExceptionWhenUserNotAdmin" storage="d:\v2.0\a1\_work\dbded102\bin\release.anycpu\tfs.service\microsoft.teamfoundation.dashboards.server.l0.tests\microsoft.teamfoundation.dashboards.server.l0.tests.dll" priority="0" id="f156dd38-d720-cb57-9a85-3ae06e60e471">
      <Owners>
        <Owner name="vscsdash" />
      </Owners>
      <Execution id="1f1e0b99-65ce-43a1-9241-d33e5189ee85" />
      <TestMethod codeBase="D:\v2.0\A1\_work\dbded102\bin\Release.AnyCPU\Tfs.Service\Microsoft.TeamFoundation.Dashboards.Server.L0.Tests\Microsoft.TeamFoundation.Dashboards.Server.L0.Tests.dll" adapterTypeName="Microsoft.VisualStudio.TestTools.TestTypes.Unit.UnitTestAdapter" className="Microsoft.TeamFoundation.Dashboards.Server.L0.Tests.TeamDashboardConsumerTests" name="TeamDashboardConsumerTests_ThrowExceptionWhenUserNotAdmin" />
    </UnitTest>
    <UnitTest name="TeamDashboardConsumerTests_AdminSuccess" storage="d:\v2.0\a1\_work\dbded102\bin\release.anycpu\tfs.service\microsoft.teamfoundation.dashboards.server.l0.tests\microsoft.teamfoundation.dashboards.server.l0.tests.dll" priority="0" id="b86f80dc-957f-8174-cc6d-a1bc7aad8010">
      <Owners>
        <Owner name="vscsdash" />
      </Owners>
      <Execution id="a1170bcc-8ba9-4078-9c37-02cf1830dce9" />
      <TestMethod codeBase="D:\v2.0\A1\_work\dbded102\bin\Release.AnyCPU\Tfs.Service\Microsoft.TeamFoundation.Dashboards.Server.L0.Tests\Microsoft.TeamFoundation.Dashboards.Server.L0.Tests.dll" adapterTypeName="Microsoft.VisualStudio.TestTools.TestTypes.Unit.UnitTestAdapter" className="Microsoft.TeamFoundation.Dashboards.Server.L0.Tests.TeamDashboardConsumerTests" name="TeamDashboardConsumerTests_AdminSuccess" />
    </UnitTest>
    <UnitTest name="AppStoreWidgetMetadataServiceTests_TfsContractTest" storage="d:\v2.0\a1\_work\dbded102\bin\release.anycpu\tfs.service\microsoft.teamfoundation.dashboards.server.l0.tests\microsoft.teamfoundation.dashboards.server.l0.tests.dll" priority="0" id="69cd3c12-75b0-64d4-e473-05f4a8e1ccf1">
      <Owners>
        <Owner name="vscsdash" />
      </Owners>
      <Execution id="a99c4781-a204-41e5-af8f-a515b030a35e" />
      <TestMethod codeBase="D:\v2.0\A1\_work\dbded102\bin\Release.AnyCPU\Tfs.Service\Microsoft.TeamFoundation.Dashboards.Server.L0.Tests\Microsoft.TeamFoundation.Dashboards.Server.L0.Tests.dll" adapterTypeName="Microsoft.VisualStudio.TestTools.TestTypes.Unit.UnitTestAdapter" className="Microsoft.TeamFoundation.Dashboards.Server.L0.Tests.AppStoreWidgetMetadataServiceTests" name="AppStoreWidgetMetadataServiceTests_TfsContractTest" />
    </UnitTest>
    <UnitTest name="AppStoreWidgetMetadataServiceTest_EmptyCatalogWhenFeatureFlagOff" storage="d:\v2.0\a1\_work\dbded102\bin\release.anycpu\tfs.service\microsoft.teamfoundation.dashboards.server.l0.tests\microsoft.teamfoundation.dashboards.server.l0.tests.dll" priority="0" id="4d7fcc96-061a-a048-9fed-b62165231d9d">
      <Owners>
        <Owner name="vscsdash" />
      </Owners>
      <Execution id="792b683b-4829-40bc-af0a-b10cbf8020d7" />
      <TestMethod codeBase="D:\v2.0\A1\_work\dbded102\bin\Release.AnyCPU\Tfs.Service\Microsoft.TeamFoundation.Dashboards.Server.L0.Tests\Microsoft.TeamFoundation.Dashboards.Server.L0.Tests.dll" adapterTypeName="Microsoft.VisualStudio.TestTools.TestTypes.Unit.UnitTestAdapter" className="Microsoft.TeamFoundation.Dashboards.Server.L0.Tests.AppStoreWidgetMetadataServiceTests" name="AppStoreWidgetMetadataServiceTest_EmptyCatalogWhenFeatureFlagOff" />
    </UnitTest>
    <UnitTest name="AppStoreWidgetMetadataServiceTest_NonEmptyCatalogWithFlag" storage="d:\v2.0\a1\_work\dbded102\bin\release.anycpu\tfs.service\microsoft.teamfoundation.dashboards.server.l0.tests\microsoft.teamfoundation.dashboards.server.l0.tests.dll" priority="0" id="4f74749f-a2f3-aee8-21a2-e2b7b976465b">
      <Owners>
        <Owner name="vscsdash" />
      </Owners>
      <Execution id="a30926c1-370a-4bf8-87c6-2f8defaac7b5" />
      <TestMethod codeBase="D:\v2.0\A1\_work\dbded102\bin\Release.AnyCPU\Tfs.Service\Microsoft.TeamFoundation.Dashboards.Server.L0.Tests\Microsoft.TeamFoundation.Dashboards.Server.L0.Tests.dll" adapterTypeName="Microsoft.VisualStudio.TestTools.TestTypes.Unit.UnitTestAdapter" className="Microsoft.TeamFoundation.Dashboards.Server.L0.Tests.AppStoreWidgetMetadataServiceTests" name="AppStoreWidgetMetadataServiceTest_NonEmptyCatalogWithFlag" />
    </UnitTest>
    <UnitTest name="AppStoreWidgetConfigurationMetadataServiceTest_EmptyCatalogWhenFeatureFlagOff" storage="d:\v2.0\a1\_work\dbded102\bin\release.anycpu\tfs.service\microsoft.teamfoundation.dashboards.server.l0.tests\microsoft.teamfoundation.dashboards.server.l0.tests.dll" priority="0" id="5d85080f-bd8d-6730-9a8c-fd2a83320f60">
      <Owners>
        <Owner name="vscsdash" />
      </Owners>
      <Execution id="712196d6-c650-46fc-925e-9391235b49ab" />
      <TestMethod codeBase="D:\v2.0\A1\_work\dbded102\bin\Release.AnyCPU\Tfs.Service\Microsoft.TeamFoundation.Dashboards.Server.L0.Tests\Microsoft.TeamFoundation.Dashboards.Server.L0.Tests.dll" adapterTypeName="Microsoft.VisualStudio.TestTools.TestTypes.Unit.UnitTestAdapter" className="Microsoft.TeamFoundation.Dashboards.Server.L0.Tests.AppStoreWidgetMetadataServiceTests" name="AppStoreWidgetConfigurationMetadataServiceTest_EmptyCatalogWhenFeatureFlagOff" />
    </UnitTest>
    <UnitTest name="AppStoreWidgetConfigurationMetadataServiceTest_NonEmptyCatalogWithFlag" storage="d:\v2.0\a1\_work\dbded102\bin\release.anycpu\tfs.service\microsoft.teamfoundation.dashboards.server.l0.tests\microsoft.teamfoundation.dashboards.server.l0.tests.dll" priority="0" id="d5fa67cd-582e-63d9-bfc2-5fe7d4735af8">
      <Owners>
        <Owner name="vscsdash" />
      </Owners>
      <Execution id="1851a0bb-bfdf-40fb-b100-518788fd6a66" />
      <TestMethod codeBase="D:\v2.0\A1\_work\dbded102\bin\Release.AnyCPU\Tfs.Service\Microsoft.TeamFoundation.Dashboards.Server.L0.Tests\Microsoft.TeamFoundation.Dashboards.Server.L0.Tests.dll" adapterTypeName="Microsoft.VisualStudio.TestTools.TestTypes.Unit.UnitTestAdapter" className="Microsoft.TeamFoundation.Dashboards.Server.L0.Tests.AppStoreWidgetMetadataServiceTests" name="AppStoreWidgetConfigurationMetadataServiceTest_NonEmptyCatalogWithFlag" />
    </UnitTest>
    <UnitTest name="WidgetMetadataTests_LegalWidgetSizesAreValid" storage="d:\v2.0\a1\_work\dbded102\bin\release.anycpu\tfs.service\microsoft.teamfoundation.dashboards.server.l0.tests\microsoft.teamfoundation.dashboards.server.l0.tests.dll" priority="0" id="e92a8daa-1e31-bd84-0afd-b4f85f0de75c">
      <Owners>
        <Owner name="vscsdash" />
      </Owners>
      <Execution id="10737c8e-1ef6-4fa1-94dd-7473487c1189" />
      <TestMethod codeBase="D:\v2.0\A1\_work\dbded102\bin\Release.AnyCPU\Tfs.Service\Microsoft.TeamFoundation.Dashboards.Server.L0.Tests\Microsoft.TeamFoundation.Dashboards.Server.L0.Tests.dll" adapterTypeName="Microsoft.VisualStudio.TestTools.TestTypes.Unit.UnitTestAdapter" className="Microsoft.TeamFoundation.Dashboards.Server.L0.Tests.WidgetMetadataTests" name="WidgetMetadataTests_LegalWidgetSizesAreValid" />
    </UnitTest>
    <UnitTest name="WidgetMetadataTests_OversizedWidgetsAreInvalid" storage="d:\v2.0\a1\_work\dbded102\bin\release.anycpu\tfs.service\microsoft.teamfoundation.dashboards.server.l0.tests\microsoft.teamfoundation.dashboards.server.l0.tests.dll" priority="0" id="b3d009c1-fe20-58b9-c763-da6775dd0a60">
      <Owners>
        <Owner name="vscsdash" />
      </Owners>
      <Execution id="c8948570-d222-496b-ad27-13c73f271945" />
      <TestMethod codeBase="D:\v2.0\A1\_work\dbded102\bin\Release.AnyCPU\Tfs.Service\Microsoft.TeamFoundation.Dashboards.Server.L0.Tests\Microsoft.TeamFoundation.Dashboards.Server.L0.Tests.dll" adapterTypeName="Microsoft.VisualStudio.TestTools.TestTypes.Unit.UnitTestAdapter" className="Microsoft.TeamFoundation.Dashboards.Server.L0.Tests.WidgetMetadataTests" name="WidgetMetadataTests_OversizedWidgetsAreInvalid" />
    </UnitTest>
    <UnitTest name="WidgetMetadataTests_MalformedNameorTypeIdRejected" storage="d:\v2.0\a1\_work\dbded102\bin\release.anycpu\tfs.service\microsoft.teamfoundation.dashboards.server.l0.tests\microsoft.teamfoundation.dashboards.server.l0.tests.dll" priority="0" id="2ea69776-3c3e-532b-a357-4721dd022190">
      <Owners>
        <Owner name="vscsdash" />
      </Owners>
      <Execution id="105578a2-6a9f-47b1-a63f-492a8179ba76" />
      <TestMethod codeBase="D:\v2.0\A1\_work\dbded102\bin\Release.AnyCPU\Tfs.Service\Microsoft.TeamFoundation.Dashboards.Server.L0.Tests\Microsoft.TeamFoundation.Dashboards.Server.L0.Tests.dll" adapterTypeName="Microsoft.VisualStudio.TestTools.TestTypes.Unit.UnitTestAdapter" className="Microsoft.TeamFoundation.Dashboards.Server.L0.Tests.WidgetMetadataTests" name="WidgetMetadataTests_MalformedNameorTypeIdRejected" />
    </UnitTest>
    <UnitTest name="WidgetTypesRoutesTests_GetWidgetTypesTest" storage="d:\v2.0\a1\_work\dbded102\bin\release.anycpu\tfs.service\microsoft.teamfoundation.dashboards.server.l0.tests\microsoft.teamfoundation.dashboards.server.l0.tests.dll" priority="0" id="b9bc68f6-ce4e-008f-7a45-48cc367ed4b8">
      <Owners>
        <Owner name="vscsdash" />
      </Owners>
      <Execution id="bfb7f2b8-baba-4bdf-be03-43dcdaf3f553" />
      <TestMethod codeBase="D:\v2.0\A1\_work\dbded102\bin\Release.AnyCPU\Tfs.Service\Microsoft.TeamFoundation.Dashboards.Server.L0.Tests\Microsoft.TeamFoundation.Dashboards.Server.L0.Tests.dll" adapterTypeName="Microsoft.VisualStudio.TestTools.TestTypes.Unit.UnitTestAdapter" className="Microsoft.TeamFoundation.Dashboards.Server.L0.Tests.WidgetTypesRoutesTests" name="WidgetTypesRoutesTests_GetWidgetTypesTest" />
    </UnitTest>
    <UnitTest name="WidgetTypesServiceTests_TfsContractTest" storage="d:\v2.0\a1\_work\dbded102\bin\release.anycpu\tfs.service\microsoft.teamfoundation.dashboards.server.l0.tests\microsoft.teamfoundation.dashboards.server.l0.tests.dll" priority="0" id="40276a9c-413b-2b3f-0135-bd890c746cb7">
      <Owners>
        <Owner name="vscsdash" />
      </Owners>
      <Execution id="9b5a6afb-34ac-430f-89bc-efc34b870726" />
      <TestMethod codeBase="D:\v2.0\A1\_work\dbded102\bin\Release.AnyCPU\Tfs.Service\Microsoft.TeamFoundation.Dashboards.Server.L0.Tests\Microsoft.TeamFoundation.Dashboards.Server.L0.Tests.dll" adapterTypeName="Microsoft.VisualStudio.TestTools.TestTypes.Unit.UnitTestAdapter" className="Microsoft.TeamFoundation.Dashboards.Server.L0.Tests.WidgetTypesServiceTests" name="WidgetTypesServiceTests_TfsContractTest" />
    </UnitTest>
    <UnitTest name="WidgetTypesServiceTests_ReturnsExpectedResults" storage="d:\v2.0\a1\_work\dbded102\bin\release.anycpu\tfs.service\microsoft.teamfoundation.dashboards.server.l0.tests\microsoft.teamfoundation.dashboards.server.l0.tests.dll" priority="0" id="87ec1db4-6516-4343-61a2-5b5a9a102cd5">
      <Owners>
        <Owner name="vscsdash" />
      </Owners>
      <Execution id="e39fbc9d-6641-43b5-a2c5-6e18d3b830e5" />
      <TestMethod codeBase="D:\v2.0\A1\_work\dbded102\bin\Release.AnyCPU\Tfs.Service\Microsoft.TeamFoundation.Dashboards.Server.L0.Tests\Microsoft.TeamFoundation.Dashboards.Server.L0.Tests.dll" adapterTypeName="Microsoft.VisualStudio.TestTools.TestTypes.Unit.UnitTestAdapter" className="Microsoft.TeamFoundation.Dashboards.Server.L0.Tests.WidgetTypesServiceTests" name="WidgetTypesServiceTests_ReturnsExpectedResults" />
    </UnitTest>
    <UnitTest name="WidgetTypesServiceTests_ValidateWidgets" storage="d:\v2.0\a1\_work\dbded102\bin\release.anycpu\tfs.service\microsoft.teamfoundation.dashboards.server.l0.tests\microsoft.teamfoundation.dashboards.server.l0.tests.dll" priority="0" id="f297b000-47eb-7f96-8e5a-a236db6b507b">
      <Owners>
        <Owner name="vscsdash" />
      </Owners>
      <Execution id="52e5d9ac-ba91-4715-b455-88b1bfc0dfd2" />
      <TestMethod codeBase="D:\v2.0\A1\_work\dbded102\bin\Release.AnyCPU\Tfs.Service\Microsoft.TeamFoundation.Dashboards.Server.L0.Tests\Microsoft.TeamFoundation.Dashboards.Server.L0.Tests.dll" adapterTypeName="Microsoft.VisualStudio.TestTools.TestTypes.Unit.UnitTestAdapter" className="Microsoft.TeamFoundation.Dashboards.Server.L0.Tests.WidgetTypesServiceTests" name="WidgetTypesServiceTests_ValidateWidgets" />
    </UnitTest>
    <UnitTest name="WidgetTypesServiceTests_ValidationHappyPath" storage="d:\v2.0\a1\_work\dbded102\bin\release.anycpu\tfs.service\microsoft.teamfoundation.dashboards.server.l0.tests\microsoft.teamfoundation.dashboards.server.l0.tests.dll" priority="0" id="ae59c132-f47a-e113-a6eb-2ff1c358ddb1">
      <Owners>
        <Owner name="vscsdash" />
      </Owners>
      <Execution id="ba32b5c5-2ce8-4262-8c45-168343d2223a" />
      <TestMethod codeBase="D:\v2.0\A1\_work\dbded102\bin\Release.AnyCPU\Tfs.Service\Microsoft.TeamFoundation.Dashboards.Server.L0.Tests\Microsoft.TeamFoundation.Dashboards.Server.L0.Tests.dll" adapterTypeName="Microsoft.VisualStudio.TestTools.TestTypes.Unit.UnitTestAdapter" className="Microsoft.TeamFoundation.Dashboards.Server.L0.Tests.WidgetTypesServiceTests" name="WidgetTypesServiceTests_ValidationHappyPath" />
    </UnitTest>
    <UnitTest name="WidgetTypesServiceTests_UnrecognizedWidgetTest" storage="d:\v2.0\a1\_work\dbded102\bin\release.anycpu\tfs.service\microsoft.teamfoundation.dashboards.server.l0.tests\microsoft.teamfoundation.dashboards.server.l0.tests.dll" priority="0" id="d28f0d36-76ff-e971-f1dd-33481c2f020e">
      <Owners>
        <Owner name="vscsdash" />
      </Owners>
      <Execution id="98bc4d8a-50a5-44bd-baa1-635f713c3ccc" />
      <TestMethod codeBase="D:\v2.0\A1\_work\dbded102\bin\Release.AnyCPU\Tfs.Service\Microsoft.TeamFoundation.Dashboards.Server.L0.Tests\Microsoft.TeamFoundation.Dashboards.Server.L0.Tests.dll" adapterTypeName="Microsoft.VisualStudio.TestTools.TestTypes.Unit.UnitTestAdapter" className="Microsoft.TeamFoundation.Dashboards.Server.L0.Tests.WidgetTypesServiceTests" name="WidgetTypesServiceTests_UnrecognizedWidgetTest" />
    </UnitTest>
    <UnitTest name="WidgetTypesServiceTests_NullWidgetTypeTest" storage="d:\v2.0\a1\_work\dbded102\bin\release.anycpu\tfs.service\microsoft.teamfoundation.dashboards.server.l0.tests\microsoft.teamfoundation.dashboards.server.l0.tests.dll" priority="0" id="615a00a0-2f00-f1f5-17fc-3610207b6ab0">
      <Owners>
        <Owner name="vscsdash" />
      </Owners>
      <Execution id="7bac6595-4cab-4bc6-8ee3-7e7f11f191c7" />
      <TestMethod codeBase="D:\v2.0\A1\_work\dbded102\bin\Release.AnyCPU\Tfs.Service\Microsoft.TeamFoundation.Dashboards.Server.L0.Tests\Microsoft.TeamFoundation.Dashboards.Server.L0.Tests.dll" adapterTypeName="Microsoft.VisualStudio.TestTools.TestTypes.Unit.UnitTestAdapter" className="Microsoft.TeamFoundation.Dashboards.Server.L0.Tests.WidgetTypesServiceTests" name="WidgetTypesServiceTests_NullWidgetTypeTest" />
    </UnitTest>
    <UnitTest name="WidgetTypesServiceTests_BadColSizeTest" storage="d:\v2.0\a1\_work\dbded102\bin\release.anycpu\tfs.service\microsoft.teamfoundation.dashboards.server.l0.tests\microsoft.teamfoundation.dashboards.server.l0.tests.dll" priority="0" id="e4d0ff42-5913-e020-6147-a5e99927401c">
      <Owners>
        <Owner name="vscsdash" />
      </Owners>
      <Execution id="9ec1a7f5-6a1a-4591-b3dc-bd997aadfb4e" />
      <TestMethod codeBase="D:\v2.0\A1\_work\dbded102\bin\Release.AnyCPU\Tfs.Service\Microsoft.TeamFoundation.Dashboards.Server.L0.Tests\Microsoft.TeamFoundation.Dashboards.Server.L0.Tests.dll" adapterTypeName="Microsoft.VisualStudio.TestTools.TestTypes.Unit.UnitTestAdapter" className="Microsoft.TeamFoundation.Dashboards.Server.L0.Tests.WidgetTypesServiceTests" name="WidgetTypesServiceTests_BadColSizeTest" />
    </UnitTest>
    <UnitTest name="WidgetTypesServiceTests_BadRowSizeTest" storage="d:\v2.0\a1\_work\dbded102\bin\release.anycpu\tfs.service\microsoft.teamfoundation.dashboards.server.l0.tests\microsoft.teamfoundation.dashboards.server.l0.tests.dll" priority="0" id="0cf9654c-609a-28cf-a583-820f27840f09">
      <Owners>
        <Owner name="vscsdash" />
      </Owners>
      <Execution id="e7ea4731-4ba6-461a-8605-b32c6dc4e582" />
      <TestMethod codeBase="D:\v2.0\A1\_work\dbded102\bin\Release.AnyCPU\Tfs.Service\Microsoft.TeamFoundation.Dashboards.Server.L0.Tests\Microsoft.TeamFoundation.Dashboards.Server.L0.Tests.dll" adapterTypeName="Microsoft.VisualStudio.TestTools.TestTypes.Unit.UnitTestAdapter" className="Microsoft.TeamFoundation.Dashboards.Server.L0.Tests.WidgetTypesServiceTests" name="WidgetTypesServiceTests_BadRowSizeTest" />
    </UnitTest>
    <UnitTest name="WidgetTypesServiceTests_AllowsDisabledWidgetsTest" storage="d:\v2.0\a1\_work\dbded102\bin\release.anycpu\tfs.service\microsoft.teamfoundation.dashboards.server.l0.tests\microsoft.teamfoundation.dashboards.server.l0.tests.dll" priority="0" id="3ef4d3fb-ed82-9737-ee9d-f0181c9495ff">
      <Owners>
        <Owner name="vscsdash" />
      </Owners>
      <Execution id="d02de6e8-2d42-47d1-8ef3-80235758c950" />
      <TestMethod codeBase="D:\v2.0\A1\_work\dbded102\bin\Release.AnyCPU\Tfs.Service\Microsoft.TeamFoundation.Dashboards.Server.L0.Tests\Microsoft.TeamFoundation.Dashboards.Server.L0.Tests.dll" adapterTypeName="Microsoft.VisualStudio.TestTools.TestTypes.Unit.UnitTestAdapter" className="Microsoft.TeamFoundation.Dashboards.Server.L0.Tests.WidgetTypesServiceTests" name="WidgetTypesServiceTests_AllowsDisabledWidgetsTest" />
    </UnitTest>
    <UnitTest name="WidgetTypesServiceTests_AllowsInvisibleWidgetsTest" storage="d:\v2.0\a1\_work\dbded102\bin\release.anycpu\tfs.service\microsoft.teamfoundation.dashboards.server.l0.tests\microsoft.teamfoundation.dashboards.server.l0.tests.dll" priority="0" id="95a220d3-072c-f7ec-bd49-90272945c25b">
      <Owners>
        <Owner name="vscsdash" />
      </Owners>
      <Execution id="9732bc5f-9f0f-4d4e-8d1e-dca4c1e46499" />
      <TestMethod codeBase="D:\v2.0\A1\_work\dbded102\bin\Release.AnyCPU\Tfs.Service\Microsoft.TeamFoundation.Dashboards.Server.L0.Tests\Microsoft.TeamFoundation.Dashboards.Server.L0.Tests.dll" adapterTypeName="Microsoft.VisualStudio.TestTools.TestTypes.Unit.UnitTestAdapter" className="Microsoft.TeamFoundation.Dashboards.Server.L0.Tests.WidgetTypesServiceTests" name="WidgetTypesServiceTests_AllowsInvisibleWidgetsTest" />
    </UnitTest>
    <UnitTest name="WidgetTypesServiceTests_IsEmptyByDefaultTest" storage="d:\v2.0\a1\_work\dbded102\bin\release.anycpu\tfs.service\microsoft.teamfoundation.dashboards.server.l0.tests\microsoft.teamfoundation.dashboards.server.l0.tests.dll" priority="0" id="b8124131-3e38-7ca2-a122-d4d5e3885576">
      <Owners>
        <Owner name="vscsdash" />
      </Owners>
      <Execution id="c1664e6a-a32f-453b-ac70-964e5b8bdc85" />
      <TestMethod codeBase="D:\v2.0\A1\_work\dbded102\bin\Release.AnyCPU\Tfs.Service\Microsoft.TeamFoundation.Dashboards.Server.L0.Tests\Microsoft.TeamFoundation.Dashboards.Server.L0.Tests.dll" adapterTypeName="Microsoft.VisualStudio.TestTools.TestTypes.Unit.UnitTestAdapter" className="Microsoft.TeamFoundation.Dashboards.Server.L0.Tests.WidgetTypesServiceTests" name="WidgetTypesServiceTests_IsEmptyByDefaultTest" />
    </UnitTest>
    <UnitTest name="WidgetTypesServiceTests_MetadataFiltersById" storage="d:\v2.0\a1\_work\dbded102\bin\release.anycpu\tfs.service\microsoft.teamfoundation.dashboards.server.l0.tests\microsoft.teamfoundation.dashboards.server.l0.tests.dll" priority="0" id="f4ec2576-392b-dac9-658e-dd8e99fbb128">
      <Owners>
        <Owner name="vscsdash" />
      </Owners>
      <Execution id="79d5549f-3b04-4456-bb8f-8f8abb028d03" />
      <TestMethod codeBase="D:\v2.0\A1\_work\dbded102\bin\Release.AnyCPU\Tfs.Service\Microsoft.TeamFoundation.Dashboards.Server.L0.Tests\Microsoft.TeamFoundation.Dashboards.Server.L0.Tests.dll" adapterTypeName="Microsoft.VisualStudio.TestTools.TestTypes.Unit.UnitTestAdapter" className="Microsoft.TeamFoundation.Dashboards.Server.L0.Tests.WidgetTypesServiceTests" name="WidgetTypesServiceTests_MetadataFiltersById" />
    </UnitTest>
    <UnitTest name="WidgetTypesServiceTests_ConfigurationContributionIdFound" storage="d:\v2.0\a1\_work\dbded102\bin\release.anycpu\tfs.service\microsoft.teamfoundation.dashboards.server.l0.tests\microsoft.teamfoundation.dashboards.server.l0.tests.dll" priority="0" id="d2535fe0-035c-13e5-2e17-b59c0c277104">
      <Owners>
        <Owner name="vscsdash" />
      </Owners>
      <Execution id="0af6c619-5427-4298-8039-a5c35dab8a6a" />
      <TestMethod codeBase="D:\v2.0\A1\_work\dbded102\bin\Release.AnyCPU\Tfs.Service\Microsoft.TeamFoundation.Dashboards.Server.L0.Tests\Microsoft.TeamFoundation.Dashboards.Server.L0.Tests.dll" adapterTypeName="Microsoft.VisualStudio.TestTools.TestTypes.Unit.UnitTestAdapter" className="Microsoft.TeamFoundation.Dashboards.Server.L0.Tests.WidgetTypesServiceTests" name="WidgetTypesServiceTests_ConfigurationContributionIdFound" />
    </UnitTest>
    <UnitTest name="WidgetTypesServiceTests_ConfigurationContributionIdNotFound" storage="d:\v2.0\a1\_work\dbded102\bin\release.anycpu\tfs.service\microsoft.teamfoundation.dashboards.server.l0.tests\microsoft.teamfoundation.dashboards.server.l0.tests.dll" priority="0" id="08aa2066-b7f5-e21a-4638-2208aab0a7cf">
      <Owners>
        <Owner name="vscsdash" />
      </Owners>
      <Execution id="03c008ef-9f04-43f3-bc36-4a149f46470f" />
      <TestMethod codeBase="D:\v2.0\A1\_work\dbded102\bin\Release.AnyCPU\Tfs.Service\Microsoft.TeamFoundation.Dashboards.Server.L0.Tests\Microsoft.TeamFoundation.Dashboards.Server.L0.Tests.dll" adapterTypeName="Microsoft.VisualStudio.TestTools.TestTypes.Unit.UnitTestAdapter" className="Microsoft.TeamFoundation.Dashboards.Server.L0.Tests.WidgetTypesServiceTests" name="WidgetTypesServiceTests_ConfigurationContributionIdNotFound" />
    </UnitTest>
    <UnitTest name="DashboardControllerTests_GetDashboard" storage="d:\v2.0\a1\_work\dbded102\bin\release.anycpu\tfs.service\microsoft.teamfoundation.dashboards.server.l0.tests\microsoft.teamfoundation.dashboards.server.l0.tests.dll" priority="0" id="01fed252-29bd-0014-6581-19246c562dab">
      <Owners>
        <Owner name="vscsdash" />
      </Owners>
      <Execution id="456d3fde-ba19-4f2a-8170-24866950938f" />
      <TestMethod codeBase="D:\v2.0\A1\_work\dbded102\bin\Release.AnyCPU\Tfs.Service\Microsoft.TeamFoundation.Dashboards.Server.L0.Tests\Microsoft.TeamFoundation.Dashboards.Server.L0.Tests.dll" adapterTypeName="Microsoft.VisualStudio.TestTools.TestTypes.Unit.UnitTestAdapter" className="Microsoft.TeamFoundation.Dashboards.Server.L0.Tests.DashboardControllerTests" name="DashboardControllerTests_GetDashboard" />
    </UnitTest>
    <UnitTest name="DashboardControllerTests_DeleteDashboard" storage="d:\v2.0\a1\_work\dbded102\bin\release.anycpu\tfs.service\microsoft.teamfoundation.dashboards.server.l0.tests\microsoft.teamfoundation.dashboards.server.l0.tests.dll" priority="0" id="1d554f68-48ec-1506-c672-385b809a3d42">
      <Owners>
        <Owner name="vscsdash" />
      </Owners>
      <Execution id="c104efd8-ba6c-43e7-a2ee-ed23f0a8ea7e" />
      <TestMethod codeBase="D:\v2.0\A1\_work\dbded102\bin\Release.AnyCPU\Tfs.Service\Microsoft.TeamFoundation.Dashboards.Server.L0.Tests\Microsoft.TeamFoundation.Dashboards.Server.L0.Tests.dll" adapterTypeName="Microsoft.VisualStudio.TestTools.TestTypes.Unit.UnitTestAdapter" className="Microsoft.TeamFoundation.Dashboards.Server.L0.Tests.DashboardControllerTests" name="DashboardControllerTests_DeleteDashboard" />
    </UnitTest>
    <UnitTest name="DashboardControllerTests_PutDashboard_NullDashboard" storage="d:\v2.0\a1\_work\dbded102\bin\release.anycpu\tfs.service\microsoft.teamfoundation.dashboards.server.l0.tests\microsoft.teamfoundation.dashboards.server.l0.tests.dll" priority="0" id="bae7e3cc-c063-9921-9694-8b4f18b6b10e">
      <Owners>
        <Owner name="vscsdash" />
      </Owners>
      <Execution id="8eef2085-8e5f-4122-89a5-906f4e631e79" />
      <TestMethod codeBase="D:\v2.0\A1\_work\dbded102\bin\Release.AnyCPU\Tfs.Service\Microsoft.TeamFoundation.Dashboards.Server.L0.Tests\Microsoft.TeamFoundation.Dashboards.Server.L0.Tests.dll" adapterTypeName="Microsoft.VisualStudio.TestTools.TestTypes.Unit.UnitTestAdapter" className="Microsoft.TeamFoundation.Dashboards.Server.L0.Tests.DashboardControllerTests" name="DashboardControllerTests_PutDashboard_NullDashboard" />
    </UnitTest>
    <UnitTest name="DashboardControllerTests_PutDashboard" storage="d:\v2.0\a1\_work\dbded102\bin\release.anycpu\tfs.service\microsoft.teamfoundation.dashboards.server.l0.tests\microsoft.teamfoundation.dashboards.server.l0.tests.dll" priority="0" id="31da472c-3d70-61ee-0efa-1f9caa5205bd">
      <Owners>
        <Owner name="vscsdash" />
      </Owners>
      <Execution id="7069028b-2987-4eff-813a-83e047ea5be4" />
      <TestMethod codeBase="D:\v2.0\A1\_work\dbded102\bin\Release.AnyCPU\Tfs.Service\Microsoft.TeamFoundation.Dashboards.Server.L0.Tests\Microsoft.TeamFoundation.Dashboards.Server.L0.Tests.dll" adapterTypeName="Microsoft.VisualStudio.TestTools.TestTypes.Unit.UnitTestAdapter" className="Microsoft.TeamFoundation.Dashboards.Server.L0.Tests.DashboardControllerTests" name="DashboardControllerTests_PutDashboard" />
    </UnitTest>
    <UnitTest name="DashboardControllerTests_PostDashboard" storage="d:\v2.0\a1\_work\dbded102\bin\release.anycpu\tfs.service\microsoft.teamfoundation.dashboards.server.l0.tests\microsoft.teamfoundation.dashboards.server.l0.tests.dll" priority="0" id="cfff1af5-4a3c-1360-8d10-33e05801f012">
      <Owners>
        <Owner name="vscsdash" />
      </Owners>
      <Execution id="e18e6b7e-af02-47a5-a175-5d0d0663da43" />
      <TestMethod codeBase="D:\v2.0\A1\_work\dbded102\bin\Release.AnyCPU\Tfs.Service\Microsoft.TeamFoundation.Dashboards.Server.L0.Tests\Microsoft.TeamFoundation.Dashboards.Server.L0.Tests.dll" adapterTypeName="Microsoft.VisualStudio.TestTools.TestTypes.Unit.UnitTestAdapter" className="Microsoft.TeamFoundation.Dashboards.Server.L0.Tests.DashboardControllerTests" name="DashboardControllerTests_PostDashboard" />
    </UnitTest>
    <UnitTest name="DashboardControllerTests_PostDashboard_GroupEntryNullFromService" storage="d:\v2.0\a1\_work\dbded102\bin\release.anycpu\tfs.service\microsoft.teamfoundation.dashboards.server.l0.tests\microsoft.teamfoundation.dashboards.server.l0.tests.dll" priority="0" id="ff771efd-3f81-bd47-a492-7b1defa274f5">
      <Owners>
        <Owner name="vscsdash" />
      </Owners>
      <Execution id="2fb4ad9f-d4c3-4db1-9330-45414f345c94" />
      <TestMethod codeBase="D:\v2.0\A1\_work\dbded102\bin\Release.AnyCPU\Tfs.Service\Microsoft.TeamFoundation.Dashboards.Server.L0.Tests\Microsoft.TeamFoundation.Dashboards.Server.L0.Tests.dll" adapterTypeName="Microsoft.VisualStudio.TestTools.TestTypes.Unit.UnitTestAdapter" className="Microsoft.TeamFoundation.Dashboards.Server.L0.Tests.DashboardControllerTests" name="DashboardControllerTests_PostDashboard_GroupEntryNullFromService" />
    </UnitTest>
    <UnitTest name="DashboardControllerTests_GetDashboard_GroupEntryWidgetsEmptyFromService" storage="d:\v2.0\a1\_work\dbded102\bin\release.anycpu\tfs.service\microsoft.teamfoundation.dashboards.server.l0.tests\microsoft.teamfoundation.dashboards.server.l0.tests.dll" priority="0" id="d841c0ec-5dc4-7941-c97b-1de2b57a2904">
      <Owners>
        <Owner name="vscsdash" />
      </Owners>
      <Execution id="2f877fc2-e812-4327-a76d-962b16bf77d9" />
      <TestMethod codeBase="D:\v2.0\A1\_work\dbded102\bin\Release.AnyCPU\Tfs.Service\Microsoft.TeamFoundation.Dashboards.Server.L0.Tests\Microsoft.TeamFoundation.Dashboards.Server.L0.Tests.dll" adapterTypeName="Microsoft.VisualStudio.TestTools.TestTypes.Unit.UnitTestAdapter" className="Microsoft.TeamFoundation.Dashboards.Server.L0.Tests.DashboardControllerTests" name="DashboardControllerTests_GetDashboard_GroupEntryWidgetsEmptyFromService" />
    </UnitTest>
    <UnitTest name="DashboardControllerTests_GetDashboard_GroupEntryNullFromService" storage="d:\v2.0\a1\_work\dbded102\bin\release.anycpu\tfs.service\microsoft.teamfoundation.dashboards.server.l0.tests\microsoft.teamfoundation.dashboards.server.l0.tests.dll" priority="0" id="60753307-1d6f-8e5f-842b-9f21359fa8fb">
      <Owners>
        <Owner name="vscsdash" />
      </Owners>
      <Execution id="8054277e-9abe-4687-85d6-876fb1944f85" />
      <TestMethod codeBase="D:\v2.0\A1\_work\dbded102\bin\Release.AnyCPU\Tfs.Service\Microsoft.TeamFoundation.Dashboards.Server.L0.Tests\Microsoft.TeamFoundation.Dashboards.Server.L0.Tests.dll" adapterTypeName="Microsoft.VisualStudio.TestTools.TestTypes.Unit.UnitTestAdapter" className="Microsoft.TeamFoundation.Dashboards.Server.L0.Tests.DashboardControllerTests" name="DashboardControllerTests_GetDashboard_GroupEntryNullFromService" />
    </UnitTest>
    <UnitTest name="DashboardGroupControllerTests_GetDashboardGroup" storage="d:\v2.0\a1\_work\dbded102\bin\release.anycpu\tfs.service\microsoft.teamfoundation.dashboards.server.l0.tests\microsoft.teamfoundation.dashboards.server.l0.tests.dll" priority="0" id="89487df3-84c6-fadc-597b-4963bc771fc6">
      <Owners>
        <Owner name="vscsdash" />
      </Owners>
      <Execution id="a730eaf5-6798-4069-bab7-30334a55da2f" />
      <TestMethod codeBase="D:\v2.0\A1\_work\dbded102\bin\Release.AnyCPU\Tfs.Service\Microsoft.TeamFoundation.Dashboards.Server.L0.Tests\Microsoft.TeamFoundation.Dashboards.Server.L0.Tests.dll" adapterTypeName="Microsoft.VisualStudio.TestTools.TestTypes.Unit.UnitTestAdapter" className="Microsoft.TeamFoundation.Dashboards.Server.L0.Tests.DashboardGroupControllerTests" name="DashboardGroupControllerTests_GetDashboardGroup" />
    </UnitTest>
    <UnitTest name="DashboardGroupControllerTests_PutDashboardGroup" storage="d:\v2.0\a1\_work\dbded102\bin\release.anycpu\tfs.service\microsoft.teamfoundation.dashboards.server.l0.tests\microsoft.teamfoundation.dashboards.server.l0.tests.dll" priority="0" id="ff6c9779-ecb9-a5dc-fdd5-873d716eed11">
      <Owners>
        <Owner name="vscsdash" />
      </Owners>
      <Execution id="f158bfe1-9fad-499b-981f-f05007f57123" />
      <TestMethod codeBase="D:\v2.0\A1\_work\dbded102\bin\Release.AnyCPU\Tfs.Service\Microsoft.TeamFoundation.Dashboards.Server.L0.Tests\Microsoft.TeamFoundation.Dashboards.Server.L0.Tests.dll" adapterTypeName="Microsoft.VisualStudio.TestTools.TestTypes.Unit.UnitTestAdapter" className="Microsoft.TeamFoundation.Dashboards.Server.L0.Tests.DashboardGroupControllerTests" name="DashboardGroupControllerTests_PutDashboardGroup" />
    </UnitTest>
    <UnitTest name="DashboardGroupControllerTests_PutDashboardGroup_InvalidGroup" storage="d:\v2.0\a1\_work\dbded102\bin\release.anycpu\tfs.service\microsoft.teamfoundation.dashboards.server.l0.tests\microsoft.teamfoundation.dashboards.server.l0.tests.dll" priority="0" id="1a813216-0f3a-8f01-43ab-d060ce5618df">
      <Owners>
        <Owner name="vscsdash" />
      </Owners>
      <Execution id="eec2a6fb-00b5-4bf9-b8aa-71d2c0243177" />
      <TestMethod codeBase="D:\v2.0\A1\_work\dbded102\bin\Release.AnyCPU\Tfs.Service\Microsoft.TeamFoundation.Dashboards.Server.L0.Tests\Microsoft.TeamFoundation.Dashboards.Server.L0.Tests.dll" adapterTypeName="Microsoft.VisualStudio.TestTools.TestTypes.Unit.UnitTestAdapter" className="Microsoft.TeamFoundation.Dashboards.Server.L0.Tests.DashboardGroupControllerTests" name="DashboardGroupControllerTests_PutDashboardGroup_InvalidGroup" />
    </UnitTest>
    <UnitTest name="DashboardGroupControllerTests_PutDashboardGroup_EmptyGroupFromService" storage="d:\v2.0\a1\_work\dbded102\bin\release.anycpu\tfs.service\microsoft.teamfoundation.dashboards.server.l0.tests\microsoft.teamfoundation.dashboards.server.l0.tests.dll" priority="0" id="39276187-8fe7-c424-984a-7507bbbeed10">
      <Owners>
        <Owner name="vscsdash" />
      </Owners>
      <Execution id="eb17d5fd-8253-4906-a830-0de8a9b38d26" />
      <TestMethod codeBase="D:\v2.0\A1\_work\dbded102\bin\Release.AnyCPU\Tfs.Service\Microsoft.TeamFoundation.Dashboards.Server.L0.Tests\Microsoft.TeamFoundation.Dashboards.Server.L0.Tests.dll" adapterTypeName="Microsoft.VisualStudio.TestTools.TestTypes.Unit.UnitTestAdapter" className="Microsoft.TeamFoundation.Dashboards.Server.L0.Tests.DashboardGroupControllerTests" name="DashboardGroupControllerTests_PutDashboardGroup_EmptyGroupFromService" />
    </UnitTest>
    <UnitTest name="WidgetControllerTests_GetWidget" storage="d:\v2.0\a1\_work\dbded102\bin\release.anycpu\tfs.service\microsoft.teamfoundation.dashboards.server.l0.tests\microsoft.teamfoundation.dashboards.server.l0.tests.dll" priority="0" id="fee863ea-aabc-d3f8-d0bc-7efc58ee7361">
      <Owners>
        <Owner name="vscsdash" />
      </Owners>
      <Execution id="d3c93ff7-4803-4e5a-b7dd-bd7075712b85" />
      <TestMethod codeBase="D:\v2.0\A1\_work\dbded102\bin\Release.AnyCPU\Tfs.Service\Microsoft.TeamFoundation.Dashboards.Server.L0.Tests\Microsoft.TeamFoundation.Dashboards.Server.L0.Tests.dll" adapterTypeName="Microsoft.VisualStudio.TestTools.TestTypes.Unit.UnitTestAdapter" className="Microsoft.TeamFoundation.Dashboards.Server.L0.Tests.WidgetControllerTests" name="WidgetControllerTests_GetWidget" />
    </UnitTest>
    <UnitTest name="WidgetControllerTests_GetWidget_EmptyWidgetFromService" storage="d:\v2.0\a1\_work\dbded102\bin\release.anycpu\tfs.service\microsoft.teamfoundation.dashboards.server.l0.tests\microsoft.teamfoundation.dashboards.server.l0.tests.dll" priority="0" id="1b9d4d89-b672-02ed-31b8-3f23b18f4979">
      <Owners>
        <Owner name="vscsdash" />
      </Owners>
      <Execution id="fa7c2b95-eb23-498c-aa70-16f06457055f" />
      <TestMethod codeBase="D:\v2.0\A1\_work\dbded102\bin\Release.AnyCPU\Tfs.Service\Microsoft.TeamFoundation.Dashboards.Server.L0.Tests\Microsoft.TeamFoundation.Dashboards.Server.L0.Tests.dll" adapterTypeName="Microsoft.VisualStudio.TestTools.TestTypes.Unit.UnitTestAdapter" className="Microsoft.TeamFoundation.Dashboards.Server.L0.Tests.WidgetControllerTests" name="WidgetControllerTests_GetWidget_EmptyWidgetFromService" />
    </UnitTest>
    <UnitTest name="WidgetControllerTests_GetWidget_EmptyWidgetMetadataFromCatalog" storage="d:\v2.0\a1\_work\dbded102\bin\release.anycpu\tfs.service\microsoft.teamfoundation.dashboards.server.l0.tests\microsoft.teamfoundation.dashboards.server.l0.tests.dll" priority="0" id="bd7152bd-d815-df6d-ed84-30b316ec7319">
      <Owners>
        <Owner name="vscsdash" />
      </Owners>
      <Execution id="604718c7-08fa-4ba9-be8e-813eba154b15" />
      <TestMethod codeBase="D:\v2.0\A1\_work\dbded102\bin\Release.AnyCPU\Tfs.Service\Microsoft.TeamFoundation.Dashboards.Server.L0.Tests\Microsoft.TeamFoundation.Dashboards.Server.L0.Tests.dll" adapterTypeName="Microsoft.VisualStudio.TestTools.TestTypes.Unit.UnitTestAdapter" className="Microsoft.TeamFoundation.Dashboards.Server.L0.Tests.WidgetControllerTests" name="WidgetControllerTests_GetWidget_EmptyWidgetMetadataFromCatalog" />
    </UnitTest>
    <UnitTest name="WidgetControllerTests_GetWidget_NullWidgetMetadataFromCatalog" storage="d:\v2.0\a1\_work\dbded102\bin\release.anycpu\tfs.service\microsoft.teamfoundation.dashboards.server.l0.tests\microsoft.teamfoundation.dashboards.server.l0.tests.dll" priority="0" id="406cd764-7715-fd7e-2da8-31d9f5b12d1d">
      <Owners>
        <Owner name="vscsdash" />
      </Owners>
      <Execution id="efe30a80-672e-4450-8541-410f81760da3" />
      <TestMethod codeBase="D:\v2.0\A1\_work\dbded102\bin\Release.AnyCPU\Tfs.Service\Microsoft.TeamFoundation.Dashboards.Server.L0.Tests\Microsoft.TeamFoundation.Dashboards.Server.L0.Tests.dll" adapterTypeName="Microsoft.VisualStudio.TestTools.TestTypes.Unit.UnitTestAdapter" className="Microsoft.TeamFoundation.Dashboards.Server.L0.Tests.WidgetControllerTests" name="WidgetControllerTests_GetWidget_NullWidgetMetadataFromCatalog" />
    </UnitTest>
    <UnitTest name="WidgetControllerTests_DeleteWidget" storage="d:\v2.0\a1\_work\dbded102\bin\release.anycpu\tfs.service\microsoft.teamfoundation.dashboards.server.l0.tests\microsoft.teamfoundation.dashboards.server.l0.tests.dll" priority="0" id="1f737ac7-70eb-b4d9-5f92-532662851369">
      <Owners>
        <Owner name="vscsdash" />
      </Owners>
      <Execution id="eb9b9c09-f552-48ae-8798-032d38938c41" />
      <TestMethod codeBase="D:\v2.0\A1\_work\dbded102\bin\Release.AnyCPU\Tfs.Service\Microsoft.TeamFoundation.Dashboards.Server.L0.Tests\Microsoft.TeamFoundation.Dashboards.Server.L0.Tests.dll" adapterTypeName="Microsoft.VisualStudio.TestTools.TestTypes.Unit.UnitTestAdapter" className="Microsoft.TeamFoundation.Dashboards.Server.L0.Tests.WidgetControllerTests" name="WidgetControllerTests_DeleteWidget" />
    </UnitTest>
    <UnitTest name="WidgetControllerTests_PostWidget" storage="d:\v2.0\a1\_work\dbded102\bin\release.anycpu\tfs.service\microsoft.teamfoundation.dashboards.server.l0.tests\microsoft.teamfoundation.dashboards.server.l0.tests.dll" priority="0" id="45ca1bc7-5a10-f222-2a6e-74a08c95d64c">
      <Owners>
        <Owner name="vscsdash" />
      </Owners>
      <Execution id="fa13b52a-0d7b-4205-b938-04aa1e8cd50c" />
      <TestMethod codeBase="D:\v2.0\A1\_work\dbded102\bin\Release.AnyCPU\Tfs.Service\Microsoft.TeamFoundation.Dashboards.Server.L0.Tests\Microsoft.TeamFoundation.Dashboards.Server.L0.Tests.dll" adapterTypeName="Microsoft.VisualStudio.TestTools.TestTypes.Unit.UnitTestAdapter" className="Microsoft.TeamFoundation.Dashboards.Server.L0.Tests.WidgetControllerTests" name="WidgetControllerTests_PostWidget" />
    </UnitTest>
    <UnitTest name="WidgetControllerTests_PatchWidget" storage="d:\v2.0\a1\_work\dbded102\bin\release.anycpu\tfs.service\microsoft.teamfoundation.dashboards.server.l0.tests\microsoft.teamfoundation.dashboards.server.l0.tests.dll" priority="0" id="3a1b319d-ebad-0555-8cf3-8c561b538b92">
      <Owners>
        <Owner name="vscsdash" />
      </Owners>
      <Execution id="3dd135ab-672a-4576-9425-7357333d0d21" />
      <TestMethod codeBase="D:\v2.0\A1\_work\dbded102\bin\Release.AnyCPU\Tfs.Service\Microsoft.TeamFoundation.Dashboards.Server.L0.Tests\Microsoft.TeamFoundation.Dashboards.Server.L0.Tests.dll" adapterTypeName="Microsoft.VisualStudio.TestTools.TestTypes.Unit.UnitTestAdapter" className="Microsoft.TeamFoundation.Dashboards.Server.L0.Tests.WidgetControllerTests" name="WidgetControllerTests_PatchWidget" />
    </UnitTest>
    <UnitTest name="DashboardServiceTests_AddDashboard_TfsContractTest" storage="d:\v2.0\a1\_work\dbded102\bin\release.anycpu\tfs.service\microsoft.teamfoundation.dashboards.server.l0.tests\microsoft.teamfoundation.dashboards.server.l0.tests.dll" priority="0" id="435e4884-75b3-19af-595c-1f4647fa89bf">
      <Owners>
        <Owner name="vscsdash" />
      </Owners>
      <Execution id="d172a973-0e5e-411d-a943-a28b71845a76" />
      <TestMethod codeBase="D:\v2.0\A1\_work\dbded102\bin\Release.AnyCPU\Tfs.Service\Microsoft.TeamFoundation.Dashboards.Server.L0.Tests\Microsoft.TeamFoundation.Dashboards.Server.L0.Tests.dll" adapterTypeName="Microsoft.VisualStudio.TestTools.TestTypes.Unit.UnitTestAdapter" className="Microsoft.TeamFoundation.Dashboards.Server.L0.Tests.AddDashboardServiceTests" name="DashboardServiceTests_AddDashboard_TfsContractTest" />
    </UnitTest>
    <UnitTest name="DashboardServiceTests_AddDashboard_ThrowArgumentExceptionWhenGroupIdIsEmpty" storage="d:\v2.0\a1\_work\dbded102\bin\release.anycpu\tfs.service\microsoft.teamfoundation.dashboards.server.l0.tests\microsoft.teamfoundation.dashboards.server.l0.tests.dll" priority="0" id="061c52d7-2516-e531-196f-8ab81d750566">
      <Owners>
        <Owner name="vscsdash" />
      </Owners>
      <Execution id="00bc22de-6849-441e-b6df-b99f67656618" />
      <TestMethod codeBase="D:\v2.0\A1\_work\dbded102\bin\Release.AnyCPU\Tfs.Service\Microsoft.TeamFoundation.Dashboards.Server.L0.Tests\Microsoft.TeamFoundation.Dashboards.Server.L0.Tests.dll" adapterTypeName="Microsoft.VisualStudio.TestTools.TestTypes.Unit.UnitTestAdapter" className="Microsoft.TeamFoundation.Dashboards.Server.L0.Tests.AddDashboardServiceTests" name="DashboardServiceTests_AddDashboard_ThrowArgumentExceptionWhenGroupIdIsEmpty" />
    </UnitTest>
    <UnitTest name="DashboardServiceTests_AddDashboard_ThrowPermissionsFailure" storage="d:\v2.0\a1\_work\dbded102\bin\release.anycpu\tfs.service\microsoft.teamfoundation.dashboards.server.l0.tests\microsoft.teamfoundation.dashboards.server.l0.tests.dll" priority="0" id="e9d9c480-4b94-9bd4-9185-b1fe1715ebac">
      <Owners>
        <Owner name="vscsdash" />
      </Owners>
      <Execution id="d6ef13a0-9c1e-4850-b7d4-699034a60e99" />
      <TestMethod codeBase="D:\v2.0\A1\_work\dbded102\bin\Release.AnyCPU\Tfs.Service\Microsoft.TeamFoundation.Dashboards.Server.L0.Tests\Microsoft.TeamFoundation.Dashboards.Server.L0.Tests.dll" adapterTypeName="Microsoft.VisualStudio.TestTools.TestTypes.Unit.UnitTestAdapter" className="Microsoft.TeamFoundation.Dashboards.Server.L0.Tests.AddDashboardServiceTests" name="DashboardServiceTests_AddDashboard_ThrowPermissionsFailure" />
    </UnitTest>
    <UnitTest name="DashboardServiceTests_AddDashboard_ThrowExceptionWhenEntryIsNull" storage="d:\v2.0\a1\_work\dbded102\bin\release.anycpu\tfs.service\microsoft.teamfoundation.dashboards.server.l0.tests\microsoft.teamfoundation.dashboards.server.l0.tests.dll" priority="0" id="437c208b-0981-ff0b-bd6a-222e71778e74">
      <Owners>
        <Owner name="vscsdash" />
      </Owners>
      <Execution id="daf29700-1d3b-4b7e-8ed6-f11c775b1325" />
      <TestMethod codeBase="D:\v2.0\A1\_work\dbded102\bin\Release.AnyCPU\Tfs.Service\Microsoft.TeamFoundation.Dashboards.Server.L0.Tests\Microsoft.TeamFoundation.Dashboards.Server.L0.Tests.dll" adapterTypeName="Microsoft.VisualStudio.TestTools.TestTypes.Unit.UnitTestAdapter" className="Microsoft.TeamFoundation.Dashboards.Server.L0.Tests.AddDashboardServiceTests" name="DashboardServiceTests_AddDashboard_ThrowExceptionWhenEntryIsNull" />
    </UnitTest>
    <UnitTest name="DashboardServiceTests_AddDashboard_ThrowExceptionWhenEntryIsNotNew" storage="d:\v2.0\a1\_work\dbded102\bin\release.anycpu\tfs.service\microsoft.teamfoundation.dashboards.server.l0.tests\microsoft.teamfoundation.dashboards.server.l0.tests.dll" priority="0" id="780eaffc-3ef0-4605-648d-62e56fb9e741">
      <Owners>
        <Owner name="vscsdash" />
      </Owners>
      <Execution id="1fbfe720-e3be-44ee-bba1-9f5ba6a06352" />
      <TestMethod codeBase="D:\v2.0\A1\_work\dbded102\bin\Release.AnyCPU\Tfs.Service\Microsoft.TeamFoundation.Dashboards.Server.L0.Tests\Microsoft.TeamFoundation.Dashboards.Server.L0.Tests.dll" adapterTypeName="Microsoft.VisualStudio.TestTools.TestTypes.Unit.UnitTestAdapter" className="Microsoft.TeamFoundation.Dashboards.Server.L0.Tests.AddDashboardServiceTests" name="DashboardServiceTests_AddDashboard_ThrowExceptionWhenEntryIsNotNew" />
    </UnitTest>
    <UnitTest name="DashboardServiceTests_AddDashboard_ThrowExceptionWhenGroupHasAlreadyReachedMaxLimit" storage="d:\v2.0\a1\_work\dbded102\bin\release.anycpu\tfs.service\microsoft.teamfoundation.dashboards.server.l0.tests\microsoft.teamfoundation.dashboards.server.l0.tests.dll" priority="0" id="22b7c91e-ec49-8f6a-4dd6-70dbbd3ba018">
      <Owners>
        <Owner name="vscsdash" />
      </Owners>
      <Execution id="196a3a51-0313-4430-acc5-d8a21d7dd48a" />
      <TestMethod codeBase="D:\v2.0\A1\_work\dbded102\bin\Release.AnyCPU\Tfs.Service\Microsoft.TeamFoundation.Dashboards.Server.L0.Tests\Microsoft.TeamFoundation.Dashboards.Server.L0.Tests.dll" adapterTypeName="Microsoft.VisualStudio.TestTools.TestTypes.Unit.UnitTestAdapter" className="Microsoft.TeamFoundation.Dashboards.Server.L0.Tests.AddDashboardServiceTests" name="DashboardServiceTests_AddDashboard_ThrowExceptionWhenGroupHasAlreadyReachedMaxLimit" />
    </UnitTest>
    <UnitTest name="DashboardServiceTests_AddDashboard_ThrowExceptionWhenGroupHasDashboardWithSamePosition" storage="d:\v2.0\a1\_work\dbded102\bin\release.anycpu\tfs.service\microsoft.teamfoundation.dashboards.server.l0.tests\microsoft.teamfoundation.dashboards.server.l0.tests.dll" priority="0" id="85e62e42-8f59-193c-0579-ae505bf32afb">
      <Owners>
        <Owner name="vscsdash" />
      </Owners>
      <Execution id="be941ca6-1611-433a-b942-06c82e9189b6" />
      <TestMethod codeBase="D:\v2.0\A1\_work\dbded102\bin\Release.AnyCPU\Tfs.Service\Microsoft.TeamFoundation.Dashboards.Server.L0.Tests\Microsoft.TeamFoundation.Dashboards.Server.L0.Tests.dll" adapterTypeName="Microsoft.VisualStudio.TestTools.TestTypes.Unit.UnitTestAdapter" className="Microsoft.TeamFoundation.Dashboards.Server.L0.Tests.AddDashboardServiceTests" name="DashboardServiceTests_AddDashboard_ThrowExceptionWhenGroupHasDashboardWithSamePosition" />
    </UnitTest>
    <UnitTest name="DashboardServiceTests_AddDashboard" storage="d:\v2.0\a1\_work\dbded102\bin\release.anycpu\tfs.service\microsoft.teamfoundation.dashboards.server.l0.tests\microsoft.teamfoundation.dashboards.server.l0.tests.dll" priority="0" id="ae19d337-12a5-ca85-827d-27a54029e4ed">
      <Owners>
        <Owner name="vscsdash" />
      </Owners>
      <Execution id="355b4dcb-0559-4d7d-8273-c9bb6cc6629c" />
      <TestMethod codeBase="D:\v2.0\A1\_work\dbded102\bin\Release.AnyCPU\Tfs.Service\Microsoft.TeamFoundation.Dashboards.Server.L0.Tests\Microsoft.TeamFoundation.Dashboards.Server.L0.Tests.dll" adapterTypeName="Microsoft.VisualStudio.TestTools.TestTypes.Unit.UnitTestAdapter" className="Microsoft.TeamFoundation.Dashboards.Server.L0.Tests.AddDashboardServiceTests" name="DashboardServiceTests_AddDashboard" />
    </UnitTest>
    <UnitTest name="DashboardServiceTests_DetectCollision_OnNullList" storage="d:\v2.0\a1\_work\dbded102\bin\release.anycpu\tfs.service\microsoft.teamfoundation.dashboards.server.l0.tests\microsoft.teamfoundation.dashboards.server.l0.tests.dll" priority="0" id="5407e356-a615-f34b-3acc-33d8795f67af">
      <Owners>
        <Owner name="vscsdash" />
      </Owners>
      <Execution id="5d6b60a1-13bf-4dc1-ada9-cf02eaf0c54c" />
      <TestMethod codeBase="D:\v2.0\A1\_work\dbded102\bin\Release.AnyCPU\Tfs.Service\Microsoft.TeamFoundation.Dashboards.Server.L0.Tests\Microsoft.TeamFoundation.Dashboards.Server.L0.Tests.dll" adapterTypeName="Microsoft.VisualStudio.TestTools.TestTypes.Unit.UnitTestAdapter" className="Microsoft.TeamFoundation.Dashboards.Server.L0.Tests.DetectWidgetCollisionTests" name="DashboardServiceTests_DetectCollision_OnNullList" />
    </UnitTest>
    <UnitTest name="DashboardServiceTests_DetectCollision_OnEmptyList" storage="d:\v2.0\a1\_work\dbded102\bin\release.anycpu\tfs.service\microsoft.teamfoundation.dashboards.server.l0.tests\microsoft.teamfoundation.dashboards.server.l0.tests.dll" priority="0" id="bee9b950-259b-40c1-bcfb-27a28328cf5b">
      <Owners>
        <Owner name="vscsdash" />
      </Owners>
      <Execution id="6964dc00-02e8-4ded-8d15-46b62ec95e8b" />
      <TestMethod codeBase="D:\v2.0\A1\_work\dbded102\bin\Release.AnyCPU\Tfs.Service\Microsoft.TeamFoundation.Dashboards.Server.L0.Tests\Microsoft.TeamFoundation.Dashboards.Server.L0.Tests.dll" adapterTypeName="Microsoft.VisualStudio.TestTools.TestTypes.Unit.UnitTestAdapter" className="Microsoft.TeamFoundation.Dashboards.Server.L0.Tests.DetectWidgetCollisionTests" name="DashboardServiceTests_DetectCollision_OnEmptyList" />
    </UnitTest>
    <UnitTest name="DashboardServiceTests_DetectCollision_NoCollisions" storage="d:\v2.0\a1\_work\dbded102\bin\release.anycpu\tfs.service\microsoft.teamfoundation.dashboards.server.l0.tests\microsoft.teamfoundation.dashboards.server.l0.tests.dll" priority="0" id="486f8e56-842e-bad9-94e4-a5bb7aca4c20">
      <Owners>
        <Owner name="vscsdash" />
      </Owners>
      <Execution id="7938955a-9b9e-4686-a6e4-cfc6728e813f" />
      <TestMethod codeBase="D:\v2.0\A1\_work\dbded102\bin\Release.AnyCPU\Tfs.Service\Microsoft.TeamFoundation.Dashboards.Server.L0.Tests\Microsoft.TeamFoundation.Dashboards.Server.L0.Tests.dll" adapterTypeName="Microsoft.VisualStudio.TestTools.TestTypes.Unit.UnitTestAdapter" className="Microsoft.TeamFoundation.Dashboards.Server.L0.Tests.DetectWidgetCollisionTests" name="DashboardServiceTests_DetectCollision_NoCollisions" />
    </UnitTest>
    <UnitTest name="DashboardServiceTests_DetectCollision_WhenTwoWidgetsHaveSamePosition" storage="d:\v2.0\a1\_work\dbded102\bin\release.anycpu\tfs.service\microsoft.teamfoundation.dashboards.server.l0.tests\microsoft.teamfoundation.dashboards.server.l0.tests.dll" priority="0" id="b56f8277-4ed2-6d1e-4613-edbb3be12ae0">
      <Owners>
        <Owner name="vscsdash" />
      </Owners>
      <Execution id="88ed0b93-ef78-444c-9471-f8aecaf43827" />
      <TestMethod codeBase="D:\v2.0\A1\_work\dbded102\bin\Release.AnyCPU\Tfs.Service\Microsoft.TeamFoundation.Dashboards.Server.L0.Tests\Microsoft.TeamFoundation.Dashboards.Server.L0.Tests.dll" adapterTypeName="Microsoft.VisualStudio.TestTools.TestTypes.Unit.UnitTestAdapter" className="Microsoft.TeamFoundation.Dashboards.Server.L0.Tests.DetectWidgetCollisionTests" name="DashboardServiceTests_DetectCollision_WhenTwoWidgetsHaveSamePosition" />
    </UnitTest>
    <UnitTest name="DashboardServiceTests_DetectCollision_WhenTwoWidgetsOverLap" storage="d:\v2.0\a1\_work\dbded102\bin\release.anycpu\tfs.service\microsoft.teamfoundation.dashboards.server.l0.tests\microsoft.teamfoundation.dashboards.server.l0.tests.dll" priority="0" id="766b7c95-082d-8b62-3ed7-38cd29cc6deb">
      <Owners>
        <Owner name="vscsdash" />
      </Owners>
      <Execution id="6624a21f-5036-4bea-baff-50f55968a2c2" />
      <TestMethod codeBase="D:\v2.0\A1\_work\dbded102\bin\Release.AnyCPU\Tfs.Service\Microsoft.TeamFoundation.Dashboards.Server.L0.Tests\Microsoft.TeamFoundation.Dashboards.Server.L0.Tests.dll" adapterTypeName="Microsoft.VisualStudio.TestTools.TestTypes.Unit.UnitTestAdapter" className="Microsoft.TeamFoundation.Dashboards.Server.L0.Tests.DetectWidgetCollisionTests" name="DashboardServiceTests_DetectCollision_WhenTwoWidgetsOverLap" />
    </UnitTest>
    <UnitTest name="DashboardServiceTests_GetWidgetsByDashboardId_ThrowArgumentExceptionWhenGroupIdIsEmpty" storage="d:\v2.0\a1\_work\dbded102\bin\release.anycpu\tfs.service\microsoft.teamfoundation.dashboards.server.l0.tests\microsoft.teamfoundation.dashboards.server.l0.tests.dll" priority="0" id="e3c2fc14-e11a-ffcd-bed8-4b2a20e34cac">
      <Owners>
        <Owner name="vscsdash" />
      </Owners>
      <Execution id="4b64ffe5-336d-44cd-93c4-f91bd8c199d8" />
      <TestMethod codeBase="D:\v2.0\A1\_work\dbded102\bin\Release.AnyCPU\Tfs.Service\Microsoft.TeamFoundation.Dashboards.Server.L0.Tests\Microsoft.TeamFoundation.Dashboards.Server.L0.Tests.dll" adapterTypeName="Microsoft.VisualStudio.TestTools.TestTypes.Unit.UnitTestAdapter" className="Microsoft.TeamFoundation.Dashboards.Server.L0.Tests.GetWidgetsByDashboardIdServiceTests" name="DashboardServiceTests_GetWidgetsByDashboardId_ThrowArgumentExceptionWhenGroupIdIsEmpty" />
    </UnitTest>
    <UnitTest name="DashboardServiceTests_GetWidgetsByDashboardId_ThrowArgumentExceptionWhenDashboardIdIsEmpty" storage="d:\v2.0\a1\_work\dbded102\bin\release.anycpu\tfs.service\microsoft.teamfoundation.dashboards.server.l0.tests\microsoft.teamfoundation.dashboards.server.l0.tests.dll" priority="0" id="a8476a2f-d1d1-db21-1e91-01e8421f1443">
      <Owners>
        <Owner name="vscsdash" />
      </Owners>
      <Execution id="248c2eaf-2c09-4cd8-8e09-6300cbbaf849" />
      <TestMethod codeBase="D:\v2.0\A1\_work\dbded102\bin\Release.AnyCPU\Tfs.Service\Microsoft.TeamFoundation.Dashboards.Server.L0.Tests\Microsoft.TeamFoundation.Dashboards.Server.L0.Tests.dll" adapterTypeName="Microsoft.VisualStudio.TestTools.TestTypes.Unit.UnitTestAdapter" className="Microsoft.TeamFoundation.Dashboards.Server.L0.Tests.GetWidgetsByDashboardIdServiceTests" name="DashboardServiceTests_GetWidgetsByDashboardId_ThrowArgumentExceptionWhenDashboardIdIsEmpty" />
    </UnitTest>
    <UnitTest name="DashboardServiceTests_GetWidgetsByDashboardId" storage="d:\v2.0\a1\_work\dbded102\bin\release.anycpu\tfs.service\microsoft.teamfoundation.dashboards.server.l0.tests\microsoft.teamfoundation.dashboards.server.l0.tests.dll" priority="0" id="2c709fa1-ef9d-3a33-863f-1fe69e421b6b">
      <Owners>
        <Owner name="vscsdash" />
      </Owners>
      <Execution id="08b82ff6-6caa-409b-9de6-ffa1183c1adf" />
      <TestMethod codeBase="D:\v2.0\A1\_work\dbded102\bin\Release.AnyCPU\Tfs.Service\Microsoft.TeamFoundation.Dashboards.Server.L0.Tests\Microsoft.TeamFoundation.Dashboards.Server.L0.Tests.dll" adapterTypeName="Microsoft.VisualStudio.TestTools.TestTypes.Unit.UnitTestAdapter" className="Microsoft.TeamFoundation.Dashboards.Server.L0.Tests.GetWidgetsByDashboardIdServiceTests" name="DashboardServiceTests_GetWidgetsByDashboardId" />
    </UnitTest>
    <UnitTest name="DashboardServiceTests_GetWidgetById_ThrowArgumentExceptionWhenGroupIdIsEmpty" storage="d:\v2.0\a1\_work\dbded102\bin\release.anycpu\tfs.service\microsoft.teamfoundation.dashboards.server.l0.tests\microsoft.teamfoundation.dashboards.server.l0.tests.dll" priority="0" id="672511bb-3622-b21d-db46-2cbb3ccb22f5">
      <Owners>
        <Owner name="vscsdash" />
      </Owners>
      <Execution id="23cd31d3-5792-41a9-98e9-d680aa02378d" />
      <TestMethod codeBase="D:\v2.0\A1\_work\dbded102\bin\Release.AnyCPU\Tfs.Service\Microsoft.TeamFoundation.Dashboards.Server.L0.Tests\Microsoft.TeamFoundation.Dashboards.Server.L0.Tests.dll" adapterTypeName="Microsoft.VisualStudio.TestTools.TestTypes.Unit.UnitTestAdapter" className="Microsoft.TeamFoundation.Dashboards.Server.L0.Tests.GetWidgetByIdServiceTests" name="DashboardServiceTests_GetWidgetById_ThrowArgumentExceptionWhenGroupIdIsEmpty" />
    </UnitTest>
    <UnitTest name="DashboardServiceTests_GetWidgetById_ThrowArgumentExceptionWhenDashboardIdIsEmpty" storage="d:\v2.0\a1\_work\dbded102\bin\release.anycpu\tfs.service\microsoft.teamfoundation.dashboards.server.l0.tests\microsoft.teamfoundation.dashboards.server.l0.tests.dll" priority="0" id="f69323ba-fd5b-9c2c-7c84-13a2018532a2">
      <Owners>
        <Owner name="vscsdash" />
      </Owners>
      <Execution id="b6bbf582-8405-4387-a38a-e40cc6832a02" />
      <TestMethod codeBase="D:\v2.0\A1\_work\dbded102\bin\Release.AnyCPU\Tfs.Service\Microsoft.TeamFoundation.Dashboards.Server.L0.Tests\Microsoft.TeamFoundation.Dashboards.Server.L0.Tests.dll" adapterTypeName="Microsoft.VisualStudio.TestTools.TestTypes.Unit.UnitTestAdapter" className="Microsoft.TeamFoundation.Dashboards.Server.L0.Tests.GetWidgetByIdServiceTests" name="DashboardServiceTests_GetWidgetById_ThrowArgumentExceptionWhenDashboardIdIsEmpty" />
    </UnitTest>
    <UnitTest name="DashboardServiceTests_GetWidgetById_ThrowExceptionWhenWidgetIdIsEmpty" storage="d:\v2.0\a1\_work\dbded102\bin\release.anycpu\tfs.service\microsoft.teamfoundation.dashboards.server.l0.tests\microsoft.teamfoundation.dashboards.server.l0.tests.dll" priority="0" id="68cdf974-ba59-0ebd-4244-ad658892ff87">
      <Owners>
        <Owner name="vscsdash" />
      </Owners>
      <Execution id="433846e7-5b8a-4be0-a5f5-d0b94ab82b55" />
      <TestMethod codeBase="D:\v2.0\A1\_work\dbded102\bin\Release.AnyCPU\Tfs.Service\Microsoft.TeamFoundation.Dashboards.Server.L0.Tests\Microsoft.TeamFoundation.Dashboards.Server.L0.Tests.dll" adapterTypeName="Microsoft.VisualStudio.TestTools.TestTypes.Unit.UnitTestAdapter" className="Microsoft.TeamFoundation.Dashboards.Server.L0.Tests.GetWidgetByIdServiceTests" name="DashboardServiceTests_GetWidgetById_ThrowExceptionWhenWidgetIdIsEmpty" />
    </UnitTest>
    <UnitTest name="DashboardServiceTests_GetWidgetById_ThrowExceptionWhenNoWidgetFoundForGivenId" storage="d:\v2.0\a1\_work\dbded102\bin\release.anycpu\tfs.service\microsoft.teamfoundation.dashboards.server.l0.tests\microsoft.teamfoundation.dashboards.server.l0.tests.dll" priority="0" id="75f23245-8b6b-f6e1-9baf-2bb20eaa21f9">
      <Owners>
        <Owner name="vscsdash" />
      </Owners>
      <Execution id="015ee155-8386-4d54-9fe0-7f04bf5e2374" />
      <TestMethod codeBase="D:\v2.0\A1\_work\dbded102\bin\Release.AnyCPU\Tfs.Service\Microsoft.TeamFoundation.Dashboards.Server.L0.Tests\Microsoft.TeamFoundation.Dashboards.Server.L0.Tests.dll" adapterTypeName="Microsoft.VisualStudio.TestTools.TestTypes.Unit.UnitTestAdapter" className="Microsoft.TeamFoundation.Dashboards.Server.L0.Tests.GetWidgetByIdServiceTests" name="DashboardServiceTests_GetWidgetById_ThrowExceptionWhenNoWidgetFoundForGivenId" />
    </UnitTest>
    <UnitTest name="DashboardServiceTests_GetWidgetById" storage="d:\v2.0\a1\_work\dbded102\bin\release.anycpu\tfs.service\microsoft.teamfoundation.dashboards.server.l0.tests\microsoft.teamfoundation.dashboards.server.l0.tests.dll" priority="0" id="a6986303-de42-1cbb-0f8e-fbcafbad65f0">
      <Owners>
        <Owner name="vscsdash" />
      </Owners>
      <Execution id="52281cfa-9bc4-4959-a98d-7cde487849f1" />
      <TestMethod codeBase="D:\v2.0\A1\_work\dbded102\bin\Release.AnyCPU\Tfs.Service\Microsoft.TeamFoundation.Dashboards.Server.L0.Tests\Microsoft.TeamFoundation.Dashboards.Server.L0.Tests.dll" adapterTypeName="Microsoft.VisualStudio.TestTools.TestTypes.Unit.UnitTestAdapter" className="Microsoft.TeamFoundation.Dashboards.Server.L0.Tests.GetWidgetByIdServiceTests" name="DashboardServiceTests_GetWidgetById" />
    </UnitTest>
    <UnitTest name="DashboardServiceTests_UpdateWidgets_ThrowArgumentExceptionWhenGroupIdIsEmpty" storage="d:\v2.0\a1\_work\dbded102\bin\release.anycpu\tfs.service\microsoft.teamfoundation.dashboards.server.l0.tests\microsoft.teamfoundation.dashboards.server.l0.tests.dll" priority="0" id="dfc76670-d392-bc3a-29dd-b9b83a08da62">
      <Owners>
        <Owner name="vscsdash" />
      </Owners>
      <Execution id="04bcc511-c849-4829-9d7f-e48b791ec158" />
      <TestMethod codeBase="D:\v2.0\A1\_work\dbded102\bin\Release.AnyCPU\Tfs.Service\Microsoft.TeamFoundation.Dashboards.Server.L0.Tests\Microsoft.TeamFoundation.Dashboards.Server.L0.Tests.dll" adapterTypeName="Microsoft.VisualStudio.TestTools.TestTypes.Unit.UnitTestAdapter" className="Microsoft.TeamFoundation.Dashboards.Server.L0.Tests.UpdateDashboardServiceTests" name="DashboardServiceTests_UpdateWidgets_ThrowArgumentExceptionWhenGroupIdIsEmpty" />
    </UnitTest>
    <UnitTest name="DashboardServiceTests_UpdateWidgets_ThrowArgumentExceptionWhenDashboardIdIsEmpty" storage="d:\v2.0\a1\_work\dbded102\bin\release.anycpu\tfs.service\microsoft.teamfoundation.dashboards.server.l0.tests\microsoft.teamfoundation.dashboards.server.l0.tests.dll" priority="0" id="dda7c27f-b9cd-ed24-9230-8571870fa108">
      <Owners>
        <Owner name="vscsdash" />
      </Owners>
      <Execution id="d723aef2-859f-42cf-985b-8dc3aa4d5716" />
      <TestMethod codeBase="D:\v2.0\A1\_work\dbded102\bin\Release.AnyCPU\Tfs.Service\Microsoft.TeamFoundation.Dashboards.Server.L0.Tests\Microsoft.TeamFoundation.Dashboards.Server.L0.Tests.dll" adapterTypeName="Microsoft.VisualStudio.TestTools.TestTypes.Unit.UnitTestAdapter" className="Microsoft.TeamFoundation.Dashboards.Server.L0.Tests.UpdateDashboardServiceTests" name="DashboardServiceTests_UpdateWidgets_ThrowArgumentExceptionWhenDashboardIdIsEmpty" />
    </UnitTest>
    <UnitTest name="DashboardServiceTests_UpdateWidgets_ThrowArgumentExceptionWhenDashboardDoesntExist" storage="d:\v2.0\a1\_work\dbded102\bin\release.anycpu\tfs.service\microsoft.teamfoundation.dashboards.server.l0.tests\microsoft.teamfoundation.dashboards.server.l0.tests.dll" priority="0" id="8102cc3c-4a32-25aa-3852-3fa42466fcb9">
      <Owners>
        <Owner name="vscsdash" />
      </Owners>
      <Execution id="b20d0a72-370c-46ab-a5e5-cb123f9f75b8" />
      <TestMethod codeBase="D:\v2.0\A1\_work\dbded102\bin\Release.AnyCPU\Tfs.Service\Microsoft.TeamFoundation.Dashboards.Server.L0.Tests\Microsoft.TeamFoundation.Dashboards.Server.L0.Tests.dll" adapterTypeName="Microsoft.VisualStudio.TestTools.TestTypes.Unit.UnitTestAdapter" className="Microsoft.TeamFoundation.Dashboards.Server.L0.Tests.UpdateDashboardServiceTests" name="DashboardServiceTests_UpdateWidgets_ThrowArgumentExceptionWhenDashboardDoesntExist" />
    </UnitTest>
    <UnitTest name="DashboardServiceTests_UpdatesDashboards_ThrowExceptionWhenWidgetsAreNull" storage="d:\v2.0\a1\_work\dbded102\bin\release.anycpu\tfs.service\microsoft.teamfoundation.dashboards.server.l0.tests\microsoft.teamfoundation.dashboards.server.l0.tests.dll" priority="0" id="8f0fd4d4-df23-c42c-5fa1-a3c0df2369bc">
      <Owners>
        <Owner name="vscsdash" />
      </Owners>
      <Execution id="52f623fe-8e95-4846-942d-65ca368bcf2f" />
      <TestMethod codeBase="D:\v2.0\A1\_work\dbded102\bin\Release.AnyCPU\Tfs.Service\Microsoft.TeamFoundation.Dashboards.Server.L0.Tests\Microsoft.TeamFoundation.Dashboards.Server.L0.Tests.dll" adapterTypeName="Microsoft.VisualStudio.TestTools.TestTypes.Unit.UnitTestAdapter" className="Microsoft.TeamFoundation.Dashboards.Server.L0.Tests.UpdateDashboardServiceTests" name="DashboardServiceTests_UpdatesDashboards_ThrowExceptionWhenWidgetsAreNull" />
    </UnitTest>
    <UnitTest name="DashboardServiceTests_UpdateWidgets_ThrowExceptionWhenNonNewEntriesDontExistinDashboard" storage="d:\v2.0\a1\_work\dbded102\bin\release.anycpu\tfs.service\microsoft.teamfoundation.dashboards.server.l0.tests\microsoft.teamfoundation.dashboards.server.l0.tests.dll" priority="0" id="79a53458-571e-e357-68fb-f466e6c308f4">
      <Owners>
        <Owner name="vscsdash" />
      </Owners>
      <Execution id="2803dc52-d2f6-4c6e-897f-b14e2351bbbd" />
      <TestMethod codeBase="D:\v2.0\A1\_work\dbded102\bin\Release.AnyCPU\Tfs.Service\Microsoft.TeamFoundation.Dashboards.Server.L0.Tests\Microsoft.TeamFoundation.Dashboards.Server.L0.Tests.dll" adapterTypeName="Microsoft.VisualStudio.TestTools.TestTypes.Unit.UnitTestAdapter" className="Microsoft.TeamFoundation.Dashboards.Server.L0.Tests.UpdateDashboardServiceTests" name="DashboardServiceTests_UpdateWidgets_ThrowExceptionWhenNonNewEntriesDontExistinDashboard" />
    </UnitTest>
    <UnitTest name="DashboardServiceTests_UpdateWidgets_ThrowExceptionWhenTryingToUpdateTooManyWidgets" storage="d:\v2.0\a1\_work\dbded102\bin\release.anycpu\tfs.service\microsoft.teamfoundation.dashboards.server.l0.tests\microsoft.teamfoundation.dashboards.server.l0.tests.dll" priority="0" id="c3ebb486-d7c1-bded-f154-5c4bfa5126b6">
      <Owners>
        <Owner name="vscsdash" />
      </Owners>
      <Execution id="a56561ee-78bc-4bad-98b6-dc9a0fbc45a0" />
      <TestMethod codeBase="D:\v2.0\A1\_work\dbded102\bin\Release.AnyCPU\Tfs.Service\Microsoft.TeamFoundation.Dashboards.Server.L0.Tests\Microsoft.TeamFoundation.Dashboards.Server.L0.Tests.dll" adapterTypeName="Microsoft.VisualStudio.TestTools.TestTypes.Unit.UnitTestAdapter" className="Microsoft.TeamFoundation.Dashboards.Server.L0.Tests.UpdateDashboardServiceTests" name="DashboardServiceTests_UpdateWidgets_ThrowExceptionWhenTryingToUpdateTooManyWidgets" />
    </UnitTest>
    <UnitTest name="DashboardServiceTests_UpdateWidgets_ThrowExceptionWhenDashboardHasWidgetWithSamePosition" storage="d:\v2.0\a1\_work\dbded102\bin\release.anycpu\tfs.service\microsoft.teamfoundation.dashboards.server.l0.tests\microsoft.teamfoundation.dashboards.server.l0.tests.dll" priority="0" id="fa8e47ec-033f-aa21-97e7-28efef2e7a3a">
      <Owners>
        <Owner name="vscsdash" />
      </Owners>
      <Execution id="bab3e8e7-b2a8-446c-91bf-c19054795eec" />
      <TestMethod codeBase="D:\v2.0\A1\_work\dbded102\bin\Release.AnyCPU\Tfs.Service\Microsoft.TeamFoundation.Dashboards.Server.L0.Tests\Microsoft.TeamFoundation.Dashboards.Server.L0.Tests.dll" adapterTypeName="Microsoft.VisualStudio.TestTools.TestTypes.Unit.UnitTestAdapter" className="Microsoft.TeamFoundation.Dashboards.Server.L0.Tests.UpdateDashboardServiceTests" name="DashboardServiceTests_UpdateWidgets_ThrowExceptionWhenDashboardHasWidgetWithSamePosition" />
    </UnitTest>
    <UnitTest name="DashboardServiceTests_UpdateWidgets" storage="d:\v2.0\a1\_work\dbded102\bin\release.anycpu\tfs.service\microsoft.teamfoundation.dashboards.server.l0.tests\microsoft.teamfoundation.dashboards.server.l0.tests.dll" priority="0" id="e4901b6f-a8a3-b72e-998c-daf3e8f3cc8c">
      <Owners>
        <Owner name="vscsdash" />
      </Owners>
      <Execution id="f981adeb-5666-4b56-8c5f-0a316e0c29bc" />
      <TestMethod codeBase="D:\v2.0\A1\_work\dbded102\bin\Release.AnyCPU\Tfs.Service\Microsoft.TeamFoundation.Dashboards.Server.L0.Tests\Microsoft.TeamFoundation.Dashboards.Server.L0.Tests.dll" adapterTypeName="Microsoft.VisualStudio.TestTools.TestTypes.Unit.UnitTestAdapter" className="Microsoft.TeamFoundation.Dashboards.Server.L0.Tests.UpdateDashboardServiceTests" name="DashboardServiceTests_UpdateWidgets" />
    </UnitTest>
    <UnitTest name="DashboardServiceTests_UpdateWidget_ThrowArgumentExceptionWhenGroupIdIsEmpty" storage="d:\v2.0\a1\_work\dbded102\bin\release.anycpu\tfs.service\microsoft.teamfoundation.dashboards.server.l0.tests\microsoft.teamfoundation.dashboards.server.l0.tests.dll" priority="0" id="4833ee05-6743-628e-b342-52a7ee2b7917">
      <Owners>
        <Owner name="vscsdash" />
      </Owners>
      <Execution id="5e3523b8-e052-401f-bbc1-546833f69b96" />
      <TestMethod codeBase="D:\v2.0\A1\_work\dbded102\bin\Release.AnyCPU\Tfs.Service\Microsoft.TeamFoundation.Dashboards.Server.L0.Tests\Microsoft.TeamFoundation.Dashboards.Server.L0.Tests.dll" adapterTypeName="Microsoft.VisualStudio.TestTools.TestTypes.Unit.UnitTestAdapter" className="Microsoft.TeamFoundation.Dashboards.Server.L0.Tests.UpdateWidgetServiceTests" name="DashboardServiceTests_UpdateWidget_ThrowArgumentExceptionWhenGroupIdIsEmpty" />
    </UnitTest>
    <UnitTest name="DashboardServiceTests_UpdateWidget_ThrowArgumentExceptionWhenDashboardIdIsEmpty" storage="d:\v2.0\a1\_work\dbded102\bin\release.anycpu\tfs.service\microsoft.teamfoundation.dashboards.server.l0.tests\microsoft.teamfoundation.dashboards.server.l0.tests.dll" priority="0" id="ff0e4471-75cf-dd9b-f4dd-c65dc0caae55">
      <Owners>
        <Owner name="vscsdash" />
      </Owners>
      <Execution id="c62ce08c-1872-4d86-83dd-f154ec2e401e" />
      <TestMethod codeBase="D:\v2.0\A1\_work\dbded102\bin\Release.AnyCPU\Tfs.Service\Microsoft.TeamFoundation.Dashboards.Server.L0.Tests\Microsoft.TeamFoundation.Dashboards.Server.L0.Tests.dll" adapterTypeName="Microsoft.VisualStudio.TestTools.TestTypes.Unit.UnitTestAdapter" className="Microsoft.TeamFoundation.Dashboards.Server.L0.Tests.UpdateWidgetServiceTests" name="DashboardServiceTests_UpdateWidget_ThrowArgumentExceptionWhenDashboardIdIsEmpty" />
    </UnitTest>
    <UnitTest name="DashboardServiceTests_UpdateWidget_ThrowExceptionIfWidgetIsNull" storage="d:\v2.0\a1\_work\dbded102\bin\release.anycpu\tfs.service\microsoft.teamfoundation.dashboards.server.l0.tests\microsoft.teamfoundation.dashboards.server.l0.tests.dll" priority="0" id="dac650ae-b1a4-44fc-8cfa-6deb8a1f44ac">
      <Owners>
        <Owner name="vscsdash" />
      </Owners>
      <Execution id="e13ca067-630d-4627-853a-58175cfafcb2" />
      <TestMethod codeBase="D:\v2.0\A1\_work\dbded102\bin\Release.AnyCPU\Tfs.Service\Microsoft.TeamFoundation.Dashboards.Server.L0.Tests\Microsoft.TeamFoundation.Dashboards.Server.L0.Tests.dll" adapterTypeName="Microsoft.VisualStudio.TestTools.TestTypes.Unit.UnitTestAdapter" className="Microsoft.TeamFoundation.Dashboards.Server.L0.Tests.UpdateWidgetServiceTests" name="DashboardServiceTests_UpdateWidget_ThrowExceptionIfWidgetIsNull" />
    </UnitTest>
    <UnitTest name="DashboardServiceTests_UpdateWidget_ThrowExceptionIfWidgetIsNew" storage="d:\v2.0\a1\_work\dbded102\bin\release.anycpu\tfs.service\microsoft.teamfoundation.dashboards.server.l0.tests\microsoft.teamfoundation.dashboards.server.l0.tests.dll" priority="0" id="3741feeb-c7c3-e11c-7376-d52a8013fe37">
      <Owners>
        <Owner name="vscsdash" />
      </Owners>
      <Execution id="dfe44e64-7fa1-4a48-8059-c6be2633d722" />
      <TestMethod codeBase="D:\v2.0\A1\_work\dbded102\bin\Release.AnyCPU\Tfs.Service\Microsoft.TeamFoundation.Dashboards.Server.L0.Tests\Microsoft.TeamFoundation.Dashboards.Server.L0.Tests.dll" adapterTypeName="Microsoft.VisualStudio.TestTools.TestTypes.Unit.UnitTestAdapter" className="Microsoft.TeamFoundation.Dashboards.Server.L0.Tests.UpdateWidgetServiceTests" name="DashboardServiceTests_UpdateWidget_ThrowExceptionIfWidgetIsNew" />
    </UnitTest>
    <UnitTest name="DashboardServiceTests_UpdateWidget_ThrowExceptionIfWidgetDoesntExist" storage="d:\v2.0\a1\_work\dbded102\bin\release.anycpu\tfs.service\microsoft.teamfoundation.dashboards.server.l0.tests\microsoft.teamfoundation.dashboards.server.l0.tests.dll" priority="0" id="8a7cbea2-0c74-b2e7-ffb9-7fe075840256">
      <Owners>
        <Owner name="vscsdash" />
      </Owners>
      <Execution id="c1a67cec-fb60-4bc8-9bd7-1dbcefffefba" />
      <TestMethod codeBase="D:\v2.0\A1\_work\dbded102\bin\Release.AnyCPU\Tfs.Service\Microsoft.TeamFoundation.Dashboards.Server.L0.Tests\Microsoft.TeamFoundation.Dashboards.Server.L0.Tests.dll" adapterTypeName="Microsoft.VisualStudio.TestTools.TestTypes.Unit.UnitTestAdapter" className="Microsoft.TeamFoundation.Dashboards.Server.L0.Tests.UpdateWidgetServiceTests" name="DashboardServiceTests_UpdateWidget_ThrowExceptionIfWidgetDoesntExist" />
    </UnitTest>
    <UnitTest name="DashboardServiceTests_UpdateWidget" storage="d:\v2.0\a1\_work\dbded102\bin\release.anycpu\tfs.service\microsoft.teamfoundation.dashboards.server.l0.tests\microsoft.teamfoundation.dashboards.server.l0.tests.dll" priority="0" id="1e0e00d2-2e66-fa05-0af1-c6a0cc159139">
      <Owners>
        <Owner name="vscsdash" />
      </Owners>
      <Execution id="cdba97fc-a280-4f77-9637-9ebd77390800" />
      <TestMethod codeBase="D:\v2.0\A1\_work\dbded102\bin\Release.AnyCPU\Tfs.Service\Microsoft.TeamFoundation.Dashboards.Server.L0.Tests\Microsoft.TeamFoundation.Dashboards.Server.L0.Tests.dll" adapterTypeName="Microsoft.VisualStudio.TestTools.TestTypes.Unit.UnitTestAdapter" className="Microsoft.TeamFoundation.Dashboards.Server.L0.Tests.UpdateWidgetServiceTests" name="DashboardServiceTests_UpdateWidget" />
    </UnitTest>
    <UnitTest name="DashboardServiceTests_DeleteWidget_ThrowArgumentExceptionWhenGroupIdIsEmpty" storage="d:\v2.0\a1\_work\dbded102\bin\release.anycpu\tfs.service\microsoft.teamfoundation.dashboards.server.l0.tests\microsoft.teamfoundation.dashboards.server.l0.tests.dll" priority="0" id="e81900ad-2ead-0128-f148-1c80e65adebc">
      <Owners>
        <Owner name="vscsdash" />
      </Owners>
      <Execution id="827d720e-8f2b-4218-8cfb-04c829a3a66b" />
      <TestMethod codeBase="D:\v2.0\A1\_work\dbded102\bin\Release.AnyCPU\Tfs.Service\Microsoft.TeamFoundation.Dashboards.Server.L0.Tests\Microsoft.TeamFoundation.Dashboards.Server.L0.Tests.dll" adapterTypeName="Microsoft.VisualStudio.TestTools.TestTypes.Unit.UnitTestAdapter" className="Microsoft.TeamFoundation.Dashboards.Server.L0.Tests.DeleteWidgetServiceTests" name="DashboardServiceTests_DeleteWidget_ThrowArgumentExceptionWhenGroupIdIsEmpty" />
    </UnitTest>
    <UnitTest name="DashboardServiceTests_DeleteWidget_ThrowArgumentExceptionWhenDashboardIdIsEmpty" storage="d:\v2.0\a1\_work\dbded102\bin\release.anycpu\tfs.service\microsoft.teamfoundation.dashboards.server.l0.tests\microsoft.teamfoundation.dashboards.server.l0.tests.dll" priority="0" id="c391c072-b4ed-e5fa-83b7-0f2eba4217b7">
      <Owners>
        <Owner name="vscsdash" />
      </Owners>
      <Execution id="c1fe0332-0e44-42df-9464-eb572732daa3" />
      <TestMethod codeBase="D:\v2.0\A1\_work\dbded102\bin\Release.AnyCPU\Tfs.Service\Microsoft.TeamFoundation.Dashboards.Server.L0.Tests\Microsoft.TeamFoundation.Dashboards.Server.L0.Tests.dll" adapterTypeName="Microsoft.VisualStudio.TestTools.TestTypes.Unit.UnitTestAdapter" className="Microsoft.TeamFoundation.Dashboards.Server.L0.Tests.DeleteWidgetServiceTests" name="DashboardServiceTests_DeleteWidget_ThrowArgumentExceptionWhenDashboardIdIsEmpty" />
    </UnitTest>
    <UnitTest name="DashboardServiceTests_DeleteWidget_ThrowExceptionWhenWidgetIdIsEmpty" storage="d:\v2.0\a1\_work\dbded102\bin\release.anycpu\tfs.service\microsoft.teamfoundation.dashboards.server.l0.tests\microsoft.teamfoundation.dashboards.server.l0.tests.dll" priority="0" id="7e2f7afb-8961-4445-6cf7-63aa1164ff3d">
      <Owners>
        <Owner name="vscsdash" />
      </Owners>
      <Execution id="8ba43c24-7d3c-4885-bade-bcf84fd03d93" />
      <TestMethod codeBase="D:\v2.0\A1\_work\dbded102\bin\Release.AnyCPU\Tfs.Service\Microsoft.TeamFoundation.Dashboards.Server.L0.Tests\Microsoft.TeamFoundation.Dashboards.Server.L0.Tests.dll" adapterTypeName="Microsoft.VisualStudio.TestTools.TestTypes.Unit.UnitTestAdapter" className="Microsoft.TeamFoundation.Dashboards.Server.L0.Tests.DeleteWidgetServiceTests" name="DashboardServiceTests_DeleteWidget_ThrowExceptionWhenWidgetIdIsEmpty" />
    </UnitTest>
    <UnitTest name="DashboardServiceTests_DeleteWidget_ThrowExceptionWhenWidgetDoesNotExistInDashboard" storage="d:\v2.0\a1\_work\dbded102\bin\release.anycpu\tfs.service\microsoft.teamfoundation.dashboards.server.l0.tests\microsoft.teamfoundation.dashboards.server.l0.tests.dll" priority="0" id="13b02c9c-c15e-70f0-662c-00301cc4e79d">
      <Owners>
        <Owner name="vscsdash" />
      </Owners>
      <Execution id="3c20bdfe-a519-4052-bfb5-99202c422263" />
      <TestMethod codeBase="D:\v2.0\A1\_work\dbded102\bin\Release.AnyCPU\Tfs.Service\Microsoft.TeamFoundation.Dashboards.Server.L0.Tests\Microsoft.TeamFoundation.Dashboards.Server.L0.Tests.dll" adapterTypeName="Microsoft.VisualStudio.TestTools.TestTypes.Unit.UnitTestAdapter" className="Microsoft.TeamFoundation.Dashboards.Server.L0.Tests.DeleteWidgetServiceTests" name="DashboardServiceTests_DeleteWidget_ThrowExceptionWhenWidgetDoesNotExistInDashboard" />
    </UnitTest>
    <UnitTest name="DashboardServiceTests_DeleteWidget" storage="d:\v2.0\a1\_work\dbded102\bin\release.anycpu\tfs.service\microsoft.teamfoundation.dashboards.server.l0.tests\microsoft.teamfoundation.dashboards.server.l0.tests.dll" priority="0" id="9a02413e-dfe2-53fa-e49a-6e0655e6d5f8">
      <Owners>
        <Owner name="vscsdash" />
      </Owners>
      <Execution id="236c060c-9a50-488f-8a07-9ddf489d48e3" />
      <TestMethod codeBase="D:\v2.0\A1\_work\dbded102\bin\Release.AnyCPU\Tfs.Service\Microsoft.TeamFoundation.Dashboards.Server.L0.Tests\Microsoft.TeamFoundation.Dashboards.Server.L0.Tests.dll" adapterTypeName="Microsoft.VisualStudio.TestTools.TestTypes.Unit.UnitTestAdapter" className="Microsoft.TeamFoundation.Dashboards.Server.L0.Tests.DeleteWidgetServiceTests" name="DashboardServiceTests_DeleteWidget" />
    </UnitTest>
    <UnitTest name="DashboardServiceTests_AddWidget_ThrowArgumentExceptionWhenGroupIdIsEmpty" storage="d:\v2.0\a1\_work\dbded102\bin\release.anycpu\tfs.service\microsoft.teamfoundation.dashboards.server.l0.tests\microsoft.teamfoundation.dashboards.server.l0.tests.dll" priority="0" id="f8ea3d11-6701-91fe-1ff1-54f8e111384b">
      <Owners>
        <Owner name="vscsdash" />
      </Owners>
      <Execution id="d234409d-f18b-4a9d-96cd-7bea94a87cbc" />
      <TestMethod codeBase="D:\v2.0\A1\_work\dbded102\bin\Release.AnyCPU\Tfs.Service\Microsoft.TeamFoundation.Dashboards.Server.L0.Tests\Microsoft.TeamFoundation.Dashboards.Server.L0.Tests.dll" adapterTypeName="Microsoft.VisualStudio.TestTools.TestTypes.Unit.UnitTestAdapter" className="Microsoft.TeamFoundation.Dashboards.Server.L0.Tests.AddWidgetServiceTests" name="DashboardServiceTests_AddWidget_ThrowArgumentExceptionWhenGroupIdIsEmpty" />
    </UnitTest>
    <UnitTest name="DashboardServiceTests_AddWidget_ThrowArgumentExceptionWhenDashboardIdIsEmpty" storage="d:\v2.0\a1\_work\dbded102\bin\release.anycpu\tfs.service\microsoft.teamfoundation.dashboards.server.l0.tests\microsoft.teamfoundation.dashboards.server.l0.tests.dll" priority="0" id="f9f51912-9f74-344a-08ed-9af53b5cd26d">
      <Owners>
        <Owner name="vscsdash" />
      </Owners>
      <Execution id="dc963d9a-f4e4-493d-bc15-0a0e688662e1" />
      <TestMethod codeBase="D:\v2.0\A1\_work\dbded102\bin\Release.AnyCPU\Tfs.Service\Microsoft.TeamFoundation.Dashboards.Server.L0.Tests\Microsoft.TeamFoundation.Dashboards.Server.L0.Tests.dll" adapterTypeName="Microsoft.VisualStudio.TestTools.TestTypes.Unit.UnitTestAdapter" className="Microsoft.TeamFoundation.Dashboards.Server.L0.Tests.AddWidgetServiceTests" name="DashboardServiceTests_AddWidget_ThrowArgumentExceptionWhenDashboardIdIsEmpty" />
    </UnitTest>
    <UnitTest name="DashboardServiceTests_AddWidget_ThrowExceptionWhenWidgetIsNull" storage="d:\v2.0\a1\_work\dbded102\bin\release.anycpu\tfs.service\microsoft.teamfoundation.dashboards.server.l0.tests\microsoft.teamfoundation.dashboards.server.l0.tests.dll" priority="0" id="f4ad17eb-7498-a4da-f7b1-05e133f367b7">
      <Owners>
        <Owner name="vscsdash" />
      </Owners>
      <Execution id="9d7db08e-d310-4f62-801b-21d3a35d2bd4" />
      <TestMethod codeBase="D:\v2.0\A1\_work\dbded102\bin\Release.AnyCPU\Tfs.Service\Microsoft.TeamFoundation.Dashboards.Server.L0.Tests\Microsoft.TeamFoundation.Dashboards.Server.L0.Tests.dll" adapterTypeName="Microsoft.VisualStudio.TestTools.TestTypes.Unit.UnitTestAdapter" className="Microsoft.TeamFoundation.Dashboards.Server.L0.Tests.AddWidgetServiceTests" name="DashboardServiceTests_AddWidget_ThrowExceptionWhenWidgetIsNull" />
    </UnitTest>
    <UnitTest name="DashboardServiceTests_AddWidget_ThrowExceptionWhenWidgetIsNotNew" storage="d:\v2.0\a1\_work\dbded102\bin\release.anycpu\tfs.service\microsoft.teamfoundation.dashboards.server.l0.tests\microsoft.teamfoundation.dashboards.server.l0.tests.dll" priority="0" id="2e894b86-b723-38b7-4e0a-913582dada2d">
      <Owners>
        <Owner name="vscsdash" />
      </Owners>
      <Execution id="0bcfac54-a871-4658-8e5f-842d982884cf" />
      <TestMethod codeBase="D:\v2.0\A1\_work\dbded102\bin\Release.AnyCPU\Tfs.Service\Microsoft.TeamFoundation.Dashboards.Server.L0.Tests\Microsoft.TeamFoundation.Dashboards.Server.L0.Tests.dll" adapterTypeName="Microsoft.VisualStudio.TestTools.TestTypes.Unit.UnitTestAdapter" className="Microsoft.TeamFoundation.Dashboards.Server.L0.Tests.AddWidgetServiceTests" name="DashboardServiceTests_AddWidget_ThrowExceptionWhenWidgetIsNotNew" />
    </UnitTest>
    <UnitTest name="DashboardServiceTests_AddWidget_ThrowExceptionWhenDashboardHasAlreadyReachedMaxLimit" storage="d:\v2.0\a1\_work\dbded102\bin\release.anycpu\tfs.service\microsoft.teamfoundation.dashboards.server.l0.tests\microsoft.teamfoundation.dashboards.server.l0.tests.dll" priority="0" id="a8983b09-f291-b63a-8a77-55f01807e162">
      <Owners>
        <Owner name="vscsdash" />
      </Owners>
      <Execution id="622c002b-9ef2-4ab1-a463-23440aaa6512" />
      <TestMethod codeBase="D:\v2.0\A1\_work\dbded102\bin\Release.AnyCPU\Tfs.Service\Microsoft.TeamFoundation.Dashboards.Server.L0.Tests\Microsoft.TeamFoundation.Dashboards.Server.L0.Tests.dll" adapterTypeName="Microsoft.VisualStudio.TestTools.TestTypes.Unit.UnitTestAdapter" className="Microsoft.TeamFoundation.Dashboards.Server.L0.Tests.AddWidgetServiceTests" name="DashboardServiceTests_AddWidget_ThrowExceptionWhenDashboardHasAlreadyReachedMaxLimit" />
    </UnitTest>
    <UnitTest name="DashboardServiceTests_AddWidget_ThrowExceptionWhenDashboardHasWidgetWithSamePosition" storage="d:\v2.0\a1\_work\dbded102\bin\release.anycpu\tfs.service\microsoft.teamfoundation.dashboards.server.l0.tests\microsoft.teamfoundation.dashboards.server.l0.tests.dll" priority="0" id="e1df0efc-1f5c-0748-f5a6-b9d61e2854b4">
      <Owners>
        <Owner name="vscsdash" />
      </Owners>
      <Execution id="04429b98-676b-4790-8638-d71d561e3115" />
      <TestMethod codeBase="D:\v2.0\A1\_work\dbded102\bin\Release.AnyCPU\Tfs.Service\Microsoft.TeamFoundation.Dashboards.Server.L0.Tests\Microsoft.TeamFoundation.Dashboards.Server.L0.Tests.dll" adapterTypeName="Microsoft.VisualStudio.TestTools.TestTypes.Unit.UnitTestAdapter" className="Microsoft.TeamFoundation.Dashboards.Server.L0.Tests.AddWidgetServiceTests" name="DashboardServiceTests_AddWidget_ThrowExceptionWhenDashboardHasWidgetWithSamePosition" />
    </UnitTest>
    <UnitTest name="DashboardServiceTests_AddWidget" storage="d:\v2.0\a1\_work\dbded102\bin\release.anycpu\tfs.service\microsoft.teamfoundation.dashboards.server.l0.tests\microsoft.teamfoundation.dashboards.server.l0.tests.dll" priority="0" id="3455d562-e851-64a3-fc7e-734a9ef1efbe">
      <Owners>
        <Owner name="vscsdash" />
      </Owners>
      <Execution id="da56714b-303b-4a73-8117-d4bc069cd621" />
      <TestMethod codeBase="D:\v2.0\A1\_work\dbded102\bin\Release.AnyCPU\Tfs.Service\Microsoft.TeamFoundation.Dashboards.Server.L0.Tests\Microsoft.TeamFoundation.Dashboards.Server.L0.Tests.dll" adapterTypeName="Microsoft.VisualStudio.TestTools.TestTypes.Unit.UnitTestAdapter" className="Microsoft.TeamFoundation.Dashboards.Server.L0.Tests.AddWidgetServiceTests" name="DashboardServiceTests_AddWidget" />
    </UnitTest>
    <UnitTest name="DashboardServiceTests_DeleteDashboard_ThrowArgumentExceptionWhenGroupIdIsEmpty" storage="d:\v2.0\a1\_work\dbded102\bin\release.anycpu\tfs.service\microsoft.teamfoundation.dashboards.server.l0.tests\microsoft.teamfoundation.dashboards.server.l0.tests.dll" priority="0" id="088e400b-a6fe-3023-c992-7b560016c12a">
      <Owners>
        <Owner name="vscsdash" />
      </Owners>
      <Execution id="d1873320-e4f5-4b78-bfd7-7add4cc281cf" />
      <TestMethod codeBase="D:\v2.0\A1\_work\dbded102\bin\Release.AnyCPU\Tfs.Service\Microsoft.TeamFoundation.Dashboards.Server.L0.Tests\Microsoft.TeamFoundation.Dashboards.Server.L0.Tests.dll" adapterTypeName="Microsoft.VisualStudio.TestTools.TestTypes.Unit.UnitTestAdapter" className="Microsoft.TeamFoundation.Dashboards.Server.L0.Tests.DeleteDashboardServiceTests" name="DashboardServiceTests_DeleteDashboard_ThrowArgumentExceptionWhenGroupIdIsEmpty" />
    </UnitTest>
    <UnitTest name="DashboardServiceTests_DeleteDashboard_ThrowExceptionWhenDashboardIdIsEmpty" storage="d:\v2.0\a1\_work\dbded102\bin\release.anycpu\tfs.service\microsoft.teamfoundation.dashboards.server.l0.tests\microsoft.teamfoundation.dashboards.server.l0.tests.dll" priority="0" id="3ddb91e7-a063-c4e7-6c97-14d4c9276ed0">
      <Owners>
        <Owner name="vscsdash" />
      </Owners>
      <Execution id="5bb8f298-b621-4069-a363-e7e80ca6d013" />
      <TestMethod codeBase="D:\v2.0\A1\_work\dbded102\bin\Release.AnyCPU\Tfs.Service\Microsoft.TeamFoundation.Dashboards.Server.L0.Tests\Microsoft.TeamFoundation.Dashboards.Server.L0.Tests.dll" adapterTypeName="Microsoft.VisualStudio.TestTools.TestTypes.Unit.UnitTestAdapter" className="Microsoft.TeamFoundation.Dashboards.Server.L0.Tests.DeleteDashboardServiceTests" name="DashboardServiceTests_DeleteDashboard_ThrowExceptionWhenDashboardIdIsEmpty" />
    </UnitTest>
    <UnitTest name="DashboardServiceTests_DeleteDashboard_ThrowExceptionWhenDashboardDoesNotExistinGroup" storage="d:\v2.0\a1\_work\dbded102\bin\release.anycpu\tfs.service\microsoft.teamfoundation.dashboards.server.l0.tests\microsoft.teamfoundation.dashboards.server.l0.tests.dll" priority="0" id="485f7afb-0c88-bbd1-3493-8feb5a6708c7">
      <Owners>
        <Owner name="vscsdash" />
      </Owners>
      <Execution id="233b0070-3824-435e-afb8-42148d7534b7" />
      <TestMethod codeBase="D:\v2.0\A1\_work\dbded102\bin\Release.AnyCPU\Tfs.Service\Microsoft.TeamFoundation.Dashboards.Server.L0.Tests\Microsoft.TeamFoundation.Dashboards.Server.L0.Tests.dll" adapterTypeName="Microsoft.VisualStudio.TestTools.TestTypes.Unit.UnitTestAdapter" className="Microsoft.TeamFoundation.Dashboards.Server.L0.Tests.DeleteDashboardServiceTests" name="DashboardServiceTests_DeleteDashboard_ThrowExceptionWhenDashboardDoesNotExistinGroup" />
    </UnitTest>
    <UnitTest name="DashboardServiceTests_DeleteDashboard_ThrowExceptionWhenDeletingTheOnlyDashboardInGroup" storage="d:\v2.0\a1\_work\dbded102\bin\release.anycpu\tfs.service\microsoft.teamfoundation.dashboards.server.l0.tests\microsoft.teamfoundation.dashboards.server.l0.tests.dll" priority="0" id="c2ec2074-992a-db83-9a4f-fabe03edda69">
      <Owners>
        <Owner name="vscsdash" />
      </Owners>
      <Execution id="8e59426c-60f8-49c6-9338-1087e121f1ec" />
      <TestMethod codeBase="D:\v2.0\A1\_work\dbded102\bin\Release.AnyCPU\Tfs.Service\Microsoft.TeamFoundation.Dashboards.Server.L0.Tests\Microsoft.TeamFoundation.Dashboards.Server.L0.Tests.dll" adapterTypeName="Microsoft.VisualStudio.TestTools.TestTypes.Unit.UnitTestAdapter" className="Microsoft.TeamFoundation.Dashboards.Server.L0.Tests.DeleteDashboardServiceTests" name="DashboardServiceTests_DeleteDashboard_ThrowExceptionWhenDeletingTheOnlyDashboardInGroup" />
    </UnitTest>
    <UnitTest name="DashboardServiceTests_DeleteDashboard" storage="d:\v2.0\a1\_work\dbded102\bin\release.anycpu\tfs.service\microsoft.teamfoundation.dashboards.server.l0.tests\microsoft.teamfoundation.dashboards.server.l0.tests.dll" priority="0" id="e9cc9e79-6016-508e-272a-5c5dd1abb28a">
      <Owners>
        <Owner name="vscsdash" />
      </Owners>
      <Execution id="93ae898f-2d21-496d-ace9-cd0d0f3ea45f" />
      <TestMethod codeBase="D:\v2.0\A1\_work\dbded102\bin\Release.AnyCPU\Tfs.Service\Microsoft.TeamFoundation.Dashboards.Server.L0.Tests\Microsoft.TeamFoundation.Dashboards.Server.L0.Tests.dll" adapterTypeName="Microsoft.VisualStudio.TestTools.TestTypes.Unit.UnitTestAdapter" className="Microsoft.TeamFoundation.Dashboards.Server.L0.Tests.DeleteDashboardServiceTests" name="DashboardServiceTests_DeleteDashboard" />
    </UnitTest>
    <UnitTest name="DashboardServiceTests_GetDashboardEntry_ThrowArgumentExceptionWhenGroupIdIsEmpty" storage="d:\v2.0\a1\_work\dbded102\bin\release.anycpu\tfs.service\microsoft.teamfoundation.dashboards.server.l0.tests\microsoft.teamfoundation.dashboards.server.l0.tests.dll" priority="0" id="2f0615af-ab79-89ee-9dd3-993292ee944b">
      <Owners>
        <Owner name="vscsdash" />
      </Owners>
      <Execution id="41a7e1b5-617b-471a-824c-73a24056d04e" />
      <TestMethod codeBase="D:\v2.0\A1\_work\dbded102\bin\Release.AnyCPU\Tfs.Service\Microsoft.TeamFoundation.Dashboards.Server.L0.Tests\Microsoft.TeamFoundation.Dashboards.Server.L0.Tests.dll" adapterTypeName="Microsoft.VisualStudio.TestTools.TestTypes.Unit.UnitTestAdapter" className="Microsoft.TeamFoundation.Dashboards.Server.L0.Tests.GetDashboardEntryServiceTests" name="DashboardServiceTests_GetDashboardEntry_ThrowArgumentExceptionWhenGroupIdIsEmpty" />
    </UnitTest>
    <UnitTest name="DashboardServiceTests_GetDashboardEntry_ThrowExceptionWhenDashboardIdIsEmpty" storage="d:\v2.0\a1\_work\dbded102\bin\release.anycpu\tfs.service\microsoft.teamfoundation.dashboards.server.l0.tests\microsoft.teamfoundation.dashboards.server.l0.tests.dll" priority="0" id="5060a8cc-eb31-5a82-3d42-e855e7c3bddf">
      <Owners>
        <Owner name="vscsdash" />
      </Owners>
      <Execution id="1919e69d-418b-4c31-b4e4-320627bbba37" />
      <TestMethod codeBase="D:\v2.0\A1\_work\dbded102\bin\Release.AnyCPU\Tfs.Service\Microsoft.TeamFoundation.Dashboards.Server.L0.Tests\Microsoft.TeamFoundation.Dashboards.Server.L0.Tests.dll" adapterTypeName="Microsoft.VisualStudio.TestTools.TestTypes.Unit.UnitTestAdapter" className="Microsoft.TeamFoundation.Dashboards.Server.L0.Tests.GetDashboardEntryServiceTests" name="DashboardServiceTests_GetDashboardEntry_ThrowExceptionWhenDashboardIdIsEmpty" />
    </UnitTest>
    <UnitTest name="DashboardServiceTests_GetDashboardEntry_ThrowPermissionsFailure" storage="d:\v2.0\a1\_work\dbded102\bin\release.anycpu\tfs.service\microsoft.teamfoundation.dashboards.server.l0.tests\microsoft.teamfoundation.dashboards.server.l0.tests.dll" priority="0" id="c8893d43-4ef8-2b71-204a-3cf944efa1dc">
      <Owners>
        <Owner name="vscsdash" />
      </Owners>
      <Execution id="a4cc79ed-dda7-41cc-bdb8-cf9da75c19b9" />
      <TestMethod codeBase="D:\v2.0\A1\_work\dbded102\bin\Release.AnyCPU\Tfs.Service\Microsoft.TeamFoundation.Dashboards.Server.L0.Tests\Microsoft.TeamFoundation.Dashboards.Server.L0.Tests.dll" adapterTypeName="Microsoft.VisualStudio.TestTools.TestTypes.Unit.UnitTestAdapter" className="Microsoft.TeamFoundation.Dashboards.Server.L0.Tests.GetDashboardEntryServiceTests" name="DashboardServiceTests_GetDashboardEntry_ThrowPermissionsFailure" />
    </UnitTest>
    <UnitTest name="DashboardServiceTests_GetDashboardEntry_ThrowExceptionOnNoDashboardFoundForGivenId" storage="d:\v2.0\a1\_work\dbded102\bin\release.anycpu\tfs.service\microsoft.teamfoundation.dashboards.server.l0.tests\microsoft.teamfoundation.dashboards.server.l0.tests.dll" priority="0" id="1b515c70-e7f6-1666-d159-5e6a9ed8058f">
      <Owners>
        <Owner name="vscsdash" />
      </Owners>
      <Execution id="ce616eac-c6c3-4de0-8031-ee2680a7bbd3" />
      <TestMethod codeBase="D:\v2.0\A1\_work\dbded102\bin\Release.AnyCPU\Tfs.Service\Microsoft.TeamFoundation.Dashboards.Server.L0.Tests\Microsoft.TeamFoundation.Dashboards.Server.L0.Tests.dll" adapterTypeName="Microsoft.VisualStudio.TestTools.TestTypes.Unit.UnitTestAdapter" className="Microsoft.TeamFoundation.Dashboards.Server.L0.Tests.GetDashboardEntryServiceTests" name="DashboardServiceTests_GetDashboardEntry_ThrowExceptionOnNoDashboardFoundForGivenId" />
    </UnitTest>
    <UnitTest name="DashboardServiceTests_GetDashboardEntry" storage="d:\v2.0\a1\_work\dbded102\bin\release.anycpu\tfs.service\microsoft.teamfoundation.dashboards.server.l0.tests\microsoft.teamfoundation.dashboards.server.l0.tests.dll" priority="0" id="536d08c5-8071-9f44-ca22-99ef8f1aabd9">
      <Owners>
        <Owner name="vscsdash" />
      </Owners>
      <Execution id="102c8665-ba18-4e17-bae3-f4cba556f253" />
      <TestMethod codeBase="D:\v2.0\A1\_work\dbded102\bin\Release.AnyCPU\Tfs.Service\Microsoft.TeamFoundation.Dashboards.Server.L0.Tests\Microsoft.TeamFoundation.Dashboards.Server.L0.Tests.dll" adapterTypeName="Microsoft.VisualStudio.TestTools.TestTypes.Unit.UnitTestAdapter" className="Microsoft.TeamFoundation.Dashboards.Server.L0.Tests.GetDashboardEntryServiceTests" name="DashboardServiceTests_GetDashboardEntry" />
    </UnitTest>
    <UnitTest name="DashboardServiceTests_ValidateDashboard_ThrowExceptionOnNullDashboard" storage="d:\v2.0\a1\_work\dbded102\bin\release.anycpu\tfs.service\microsoft.teamfoundation.dashboards.server.l0.tests\microsoft.teamfoundation.dashboards.server.l0.tests.dll" priority="0" id="eecd381f-4d64-283a-e82a-e379a6755902">
      <Owners>
        <Owner name="vscsdash" />
      </Owners>
      <Execution id="4e220df4-b7d3-4656-a069-0e6414d67633" />
      <TestMethod codeBase="D:\v2.0\A1\_work\dbded102\bin\Release.AnyCPU\Tfs.Service\Microsoft.TeamFoundation.Dashboards.Server.L0.Tests\Microsoft.TeamFoundation.Dashboards.Server.L0.Tests.dll" adapterTypeName="Microsoft.VisualStudio.TestTools.TestTypes.Unit.UnitTestAdapter" className="Microsoft.TeamFoundation.Dashboards.Server.L0.Tests.ValidateDashboardTests" name="DashboardServiceTests_ValidateDashboard_ThrowExceptionOnNullDashboard" />
    </UnitTest>
    <UnitTest name="DashboardServiceTests_ValidateDashboard_ThrowExceptionOnEmptyDashboardName" storage="d:\v2.0\a1\_work\dbded102\bin\release.anycpu\tfs.service\microsoft.teamfoundation.dashboards.server.l0.tests\microsoft.teamfoundation.dashboards.server.l0.tests.dll" priority="0" id="ead0393d-e996-74cb-d554-fd378c5d3eff">
      <Owners>
        <Owner name="vscsdash" />
      </Owners>
      <Execution id="e08702f0-0846-458c-80f4-9c2c2851edbc" />
      <TestMethod codeBase="D:\v2.0\A1\_work\dbded102\bin\Release.AnyCPU\Tfs.Service\Microsoft.TeamFoundation.Dashboards.Server.L0.Tests\Microsoft.TeamFoundation.Dashboards.Server.L0.Tests.dll" adapterTypeName="Microsoft.VisualStudio.TestTools.TestTypes.Unit.UnitTestAdapter" className="Microsoft.TeamFoundation.Dashboards.Server.L0.Tests.ValidateDashboardTests" name="DashboardServiceTests_ValidateDashboard_ThrowExceptionOnEmptyDashboardName" />
    </UnitTest>
    <UnitTest name="DashboardServiceTests_ValidateDashboard_ThrowExceptionOnNullDashboardName" storage="d:\v2.0\a1\_work\dbded102\bin\release.anycpu\tfs.service\microsoft.teamfoundation.dashboards.server.l0.tests\microsoft.teamfoundation.dashboards.server.l0.tests.dll" priority="0" id="9f1d59f7-75ab-23af-741b-f9d0bc02e26e">
      <Owners>
        <Owner name="vscsdash" />
      </Owners>
      <Execution id="04d93710-bd30-4ee9-b83b-c55adff3aeb0" />
      <TestMethod codeBase="D:\v2.0\A1\_work\dbded102\bin\Release.AnyCPU\Tfs.Service\Microsoft.TeamFoundation.Dashboards.Server.L0.Tests\Microsoft.TeamFoundation.Dashboards.Server.L0.Tests.dll" adapterTypeName="Microsoft.VisualStudio.TestTools.TestTypes.Unit.UnitTestAdapter" className="Microsoft.TeamFoundation.Dashboards.Server.L0.Tests.ValidateDashboardTests" name="DashboardServiceTests_ValidateDashboard_ThrowExceptionOnNullDashboardName" />
    </UnitTest>
    <UnitTest name="DashboardServiceTests_ValidateDashboard_ThrowExceptionOnLongDashboardName" storage="d:\v2.0\a1\_work\dbded102\bin\release.anycpu\tfs.service\microsoft.teamfoundation.dashboards.server.l0.tests\microsoft.teamfoundation.dashboards.server.l0.tests.dll" priority="0" id="4adbf089-9832-6121-ab21-5428a257156a">
      <Owners>
        <Owner name="vscsdash" />
      </Owners>
      <Execution id="b8e453a2-4525-4be0-93b4-94aee7f6f39a" />
      <TestMethod codeBase="D:\v2.0\A1\_work\dbded102\bin\Release.AnyCPU\Tfs.Service\Microsoft.TeamFoundation.Dashboards.Server.L0.Tests\Microsoft.TeamFoundation.Dashboards.Server.L0.Tests.dll" adapterTypeName="Microsoft.VisualStudio.TestTools.TestTypes.Unit.UnitTestAdapter" className="Microsoft.TeamFoundation.Dashboards.Server.L0.Tests.ValidateDashboardTests" name="DashboardServiceTests_ValidateDashboard_ThrowExceptionOnLongDashboardName" />
    </UnitTest>
    <UnitTest name="DashboardServiceTests_ValidateDashboard_ThrowExceptionOnPositionIsLessThanOne" storage="d:\v2.0\a1\_work\dbded102\bin\release.anycpu\tfs.service\microsoft.teamfoundation.dashboards.server.l0.tests\microsoft.teamfoundation.dashboards.server.l0.tests.dll" priority="0" id="ef05f4d5-027d-28ec-2faa-b14451e5e1cc">
      <Owners>
        <Owner name="vscsdash" />
      </Owners>
      <Execution id="00f9a99d-0e24-402c-b5ea-454eeab3ae7e" />
      <TestMethod codeBase="D:\v2.0\A1\_work\dbded102\bin\Release.AnyCPU\Tfs.Service\Microsoft.TeamFoundation.Dashboards.Server.L0.Tests\Microsoft.TeamFoundation.Dashboards.Server.L0.Tests.dll" adapterTypeName="Microsoft.VisualStudio.TestTools.TestTypes.Unit.UnitTestAdapter" className="Microsoft.TeamFoundation.Dashboards.Server.L0.Tests.ValidateDashboardTests" name="DashboardServiceTests_ValidateDashboard_ThrowExceptionOnPositionIsLessThanOne" />
    </UnitTest>
    <UnitTest name="DashboardServiceTests_UpdateDashboards_ThrowArgumentExceptionWhenGroupIdIsEmpty" storage="d:\v2.0\a1\_work\dbded102\bin\release.anycpu\tfs.service\microsoft.teamfoundation.dashboards.server.l0.tests\microsoft.teamfoundation.dashboards.server.l0.tests.dll" priority="0" id="038e781f-d1ee-1670-b053-8c14c865c5f2">
      <Owners>
        <Owner name="vscsdash" />
      </Owners>
      <Execution id="11d4a952-7545-4839-af2f-a37c1bb0bedf" />
      <TestMethod codeBase="D:\v2.0\A1\_work\dbded102\bin\Release.AnyCPU\Tfs.Service\Microsoft.TeamFoundation.Dashboards.Server.L0.Tests\Microsoft.TeamFoundation.Dashboards.Server.L0.Tests.dll" adapterTypeName="Microsoft.VisualStudio.TestTools.TestTypes.Unit.UnitTestAdapter" className="Microsoft.TeamFoundation.Dashboards.Server.L0.Tests.UpdateDashboardsServiceTests" name="DashboardServiceTests_UpdateDashboards_ThrowArgumentExceptionWhenGroupIdIsEmpty" />
    </UnitTest>
    <UnitTest name="DashboardServiceTests_UpdateDashboards_ThrowExceptionWhenEntriesAreNull" storage="d:\v2.0\a1\_work\dbded102\bin\release.anycpu\tfs.service\microsoft.teamfoundation.dashboards.server.l0.tests\microsoft.teamfoundation.dashboards.server.l0.tests.dll" priority="0" id="03fef14e-9678-963d-947a-df3b8aacbde7">
      <Owners>
        <Owner name="vscsdash" />
      </Owners>
      <Execution id="4bf420d5-dc05-4634-be88-b906d4fabb58" />
      <TestMethod codeBase="D:\v2.0\A1\_work\dbded102\bin\Release.AnyCPU\Tfs.Service\Microsoft.TeamFoundation.Dashboards.Server.L0.Tests\Microsoft.TeamFoundation.Dashboards.Server.L0.Tests.dll" adapterTypeName="Microsoft.VisualStudio.TestTools.TestTypes.Unit.UnitTestAdapter" className="Microsoft.TeamFoundation.Dashboards.Server.L0.Tests.UpdateDashboardsServiceTests" name="DashboardServiceTests_UpdateDashboards_ThrowExceptionWhenEntriesAreNull" />
    </UnitTest>
    <UnitTest name="DashboardServiceTests_UpdateDashboards_ThrowExceptionWhenEntriesAreEmpty" storage="d:\v2.0\a1\_work\dbded102\bin\release.anycpu\tfs.service\microsoft.teamfoundation.dashboards.server.l0.tests\microsoft.teamfoundation.dashboards.server.l0.tests.dll" priority="0" id="b76eb5c0-8190-ad0d-d786-71f055e739ed">
      <Owners>
        <Owner name="vscsdash" />
      </Owners>
      <Execution id="3bdc5e59-17f8-4056-8281-acc7cf967804" />
      <TestMethod codeBase="D:\v2.0\A1\_work\dbded102\bin\Release.AnyCPU\Tfs.Service\Microsoft.TeamFoundation.Dashboards.Server.L0.Tests\Microsoft.TeamFoundation.Dashboards.Server.L0.Tests.dll" adapterTypeName="Microsoft.VisualStudio.TestTools.TestTypes.Unit.UnitTestAdapter" className="Microsoft.TeamFoundation.Dashboards.Server.L0.Tests.UpdateDashboardsServiceTests" name="DashboardServiceTests_UpdateDashboards_ThrowExceptionWhenEntriesAreEmpty" />
    </UnitTest>
    <UnitTest name="DashboardServiceTests_UpdateDashboards_ThrowExceptionWhenNonNewEntriesDontExistinGroup" storage="d:\v2.0\a1\_work\dbded102\bin\release.anycpu\tfs.service\microsoft.teamfoundation.dashboards.server.l0.tests\microsoft.teamfoundation.dashboards.server.l0.tests.dll" priority="0" id="a900cccc-1536-93b9-f563-2bb23211ded6">
      <Owners>
        <Owner name="vscsdash" />
      </Owners>
      <Execution id="09243a51-1923-473b-96b0-a1af8a91344b" />
      <TestMethod codeBase="D:\v2.0\A1\_work\dbded102\bin\Release.AnyCPU\Tfs.Service\Microsoft.TeamFoundation.Dashboards.Server.L0.Tests\Microsoft.TeamFoundation.Dashboards.Server.L0.Tests.dll" adapterTypeName="Microsoft.VisualStudio.TestTools.TestTypes.Unit.UnitTestAdapter" className="Microsoft.TeamFoundation.Dashboards.Server.L0.Tests.UpdateDashboardsServiceTests" name="DashboardServiceTests_UpdateDashboards_ThrowExceptionWhenNonNewEntriesDontExistinGroup" />
    </UnitTest>
    <UnitTest name="DashboardServiceTests_UpdateDashboards_ThrowExceptionWhenTryingToUpdateTooManyDashboards" storage="d:\v2.0\a1\_work\dbded102\bin\release.anycpu\tfs.service\microsoft.teamfoundation.dashboards.server.l0.tests\microsoft.teamfoundation.dashboards.server.l0.tests.dll" priority="0" id="47a07ef0-8827-70c0-e712-b61d510192e2">
      <Owners>
        <Owner name="vscsdash" />
      </Owners>
      <Execution id="7ea6d371-5080-42d2-a4e2-0befd5d94f8e" />
      <TestMethod codeBase="D:\v2.0\A1\_work\dbded102\bin\Release.AnyCPU\Tfs.Service\Microsoft.TeamFoundation.Dashboards.Server.L0.Tests\Microsoft.TeamFoundation.Dashboards.Server.L0.Tests.dll" adapterTypeName="Microsoft.VisualStudio.TestTools.TestTypes.Unit.UnitTestAdapter" className="Microsoft.TeamFoundation.Dashboards.Server.L0.Tests.UpdateDashboardsServiceTests" name="DashboardServiceTests_UpdateDashboards_ThrowExceptionWhenTryingToUpdateTooManyDashboards" />
    </UnitTest>
    <UnitTest name="DashboardServiceTests_UpdateDashboards_ThrowExceptionWhenGroupHasDashboardWithSamePosition" storage="d:\v2.0\a1\_work\dbded102\bin\release.anycpu\tfs.service\microsoft.teamfoundation.dashboards.server.l0.tests\microsoft.teamfoundation.dashboards.server.l0.tests.dll" priority="0" id="014137da-efad-4dc1-e78a-0ffe47305a2a">
      <Owners>
        <Owner name="vscsdash" />
      </Owners>
      <Execution id="2248de3a-04d0-42b3-b88b-926bbd6b977c" />
      <TestMethod codeBase="D:\v2.0\A1\_work\dbded102\bin\Release.AnyCPU\Tfs.Service\Microsoft.TeamFoundation.Dashboards.Server.L0.Tests\Microsoft.TeamFoundation.Dashboards.Server.L0.Tests.dll" adapterTypeName="Microsoft.VisualStudio.TestTools.TestTypes.Unit.UnitTestAdapter" className="Microsoft.TeamFoundation.Dashboards.Server.L0.Tests.UpdateDashboardsServiceTests" name="DashboardServiceTests_UpdateDashboards_ThrowExceptionWhenGroupHasDashboardWithSamePosition" />
    </UnitTest>
    <UnitTest name="DashboardServiceTests_UpdateDashboards" storage="d:\v2.0\a1\_work\dbded102\bin\release.anycpu\tfs.service\microsoft.teamfoundation.dashboards.server.l0.tests\microsoft.teamfoundation.dashboards.server.l0.tests.dll" priority="0" id="324cd5a4-ac44-d170-fc7e-62cc89ffb70c">
      <Owners>
        <Owner name="vscsdash" />
      </Owners>
      <Execution id="c33dae0e-81e4-414b-a8a6-df07e55c1dfc" />
      <TestMethod codeBase="D:\v2.0\A1\_work\dbded102\bin\Release.AnyCPU\Tfs.Service\Microsoft.TeamFoundation.Dashboards.Server.L0.Tests\Microsoft.TeamFoundation.Dashboards.Server.L0.Tests.dll" adapterTypeName="Microsoft.VisualStudio.TestTools.TestTypes.Unit.UnitTestAdapter" className="Microsoft.TeamFoundation.Dashboards.Server.L0.Tests.UpdateDashboardsServiceTests" name="DashboardServiceTests_UpdateDashboards" />
    </UnitTest>
    <UnitTest name="DashboardServiceTests_GetDashboardsByGroupId_ThrowArgumentExceptionWhenGroupIdIsEmpty" storage="d:\v2.0\a1\_work\dbded102\bin\release.anycpu\tfs.service\microsoft.teamfoundation.dashboards.server.l0.tests\microsoft.teamfoundation.dashboards.server.l0.tests.dll" priority="0" id="34f06152-8d6e-fac6-be39-12cf7a52cf0d">
      <Owners>
        <Owner name="vscsdash" />
      </Owners>
      <Execution id="bcc0db30-4112-4f25-bd15-29962093bf20" />
      <TestMethod codeBase="D:\v2.0\A1\_work\dbded102\bin\Release.AnyCPU\Tfs.Service\Microsoft.TeamFoundation.Dashboards.Server.L0.Tests\Microsoft.TeamFoundation.Dashboards.Server.L0.Tests.dll" adapterTypeName="Microsoft.VisualStudio.TestTools.TestTypes.Unit.UnitTestAdapter" className="Microsoft.TeamFoundation.Dashboards.Server.L0.Tests.GetDashboardsByGroupIdServiceTests" name="DashboardServiceTests_GetDashboardsByGroupId_ThrowArgumentExceptionWhenGroupIdIsEmpty" />
    </UnitTest>
    <UnitTest name="DashboardServiceTests_GetDashboardsByGroupId_WithExistingEntries" storage="d:\v2.0\a1\_work\dbded102\bin\release.anycpu\tfs.service\microsoft.teamfoundation.dashboards.server.l0.tests\microsoft.teamfoundation.dashboards.server.l0.tests.dll" priority="0" id="31d5a743-c4cc-3925-b715-3ebaca999941">
      <Owners>
        <Owner name="vscsdash" />
      </Owners>
      <Execution id="a469b966-18ba-4fae-935e-e9242047a4ea" />
      <TestMethod codeBase="D:\v2.0\A1\_work\dbded102\bin\Release.AnyCPU\Tfs.Service\Microsoft.TeamFoundation.Dashboards.Server.L0.Tests\Microsoft.TeamFoundation.Dashboards.Server.L0.Tests.dll" adapterTypeName="Microsoft.VisualStudio.TestTools.TestTypes.Unit.UnitTestAdapter" className="Microsoft.TeamFoundation.Dashboards.Server.L0.Tests.GetDashboardsByGroupIdServiceTests" name="DashboardServiceTests_GetDashboardsByGroupId_WithExistingEntries" />
    </UnitTest>
    <UnitTest name="DashboardServiceTests_GetDashboardsByGroupId_DefaultDashboard" storage="d:\v2.0\a1\_work\dbded102\bin\release.anycpu\tfs.service\microsoft.teamfoundation.dashboards.server.l0.tests\microsoft.teamfoundation.dashboards.server.l0.tests.dll" priority="0" id="1d53a7bf-8595-a4c1-4cd4-bfcb8f8d4b82">
      <Owners>
        <Owner name="vscsdash" />
      </Owners>
      <Execution id="81ae0d5c-878a-4bd5-a31a-f3e2c0925077" />
      <TestMethod codeBase="D:\v2.0\A1\_work\dbded102\bin\Release.AnyCPU\Tfs.Service\Microsoft.TeamFoundation.Dashboards.Server.L0.Tests\Microsoft.TeamFoundation.Dashboards.Server.L0.Tests.dll" adapterTypeName="Microsoft.VisualStudio.TestTools.TestTypes.Unit.UnitTestAdapter" className="Microsoft.TeamFoundation.Dashboards.Server.L0.Tests.GetDashboardsByGroupIdServiceTests" name="DashboardServiceTests_GetDashboardsByGroupId_DefaultDashboard" />
    </UnitTest>
    <UnitTest name="DashboardServiceTests_ValidateWidget_ThrowExceptionWhenWidgetIsNull" storage="d:\v2.0\a1\_work\dbded102\bin\release.anycpu\tfs.service\microsoft.teamfoundation.dashboards.server.l0.tests\microsoft.teamfoundation.dashboards.server.l0.tests.dll" priority="0" id="1f57f0f9-59c9-0cf7-0245-9849324fd3e0">
      <Owners>
        <Owner name="vscsdash" />
      </Owners>
      <Execution id="e1efa673-1b8b-454d-9b01-3e85c45b989b" />
      <TestMethod codeBase="D:\v2.0\A1\_work\dbded102\bin\Release.AnyCPU\Tfs.Service\Microsoft.TeamFoundation.Dashboards.Server.L0.Tests\Microsoft.TeamFoundation.Dashboards.Server.L0.Tests.dll" adapterTypeName="Microsoft.VisualStudio.TestTools.TestTypes.Unit.UnitTestAdapter" className="Microsoft.TeamFoundation.Dashboards.Server.L0.Tests.ValidateWidgetTests" name="DashboardServiceTests_ValidateWidget_ThrowExceptionWhenWidgetIsNull" />
    </UnitTest>
    <UnitTest name="DashboardServiceTests_ValidateWidget_ThrowExceptionWhenWidgetNameIsNull" storage="d:\v2.0\a1\_work\dbded102\bin\release.anycpu\tfs.service\microsoft.teamfoundation.dashboards.server.l0.tests\microsoft.teamfoundation.dashboards.server.l0.tests.dll" priority="0" id="02bf555e-ceb8-7114-2200-276ab68a0b9e">
      <Owners>
        <Owner name="vscsdash" />
      </Owners>
      <Execution id="0a64e6af-4cd8-4bac-9b98-f3ca219e5b89" />
      <TestMethod codeBase="D:\v2.0\A1\_work\dbded102\bin\Release.AnyCPU\Tfs.Service\Microsoft.TeamFoundation.Dashboards.Server.L0.Tests\Microsoft.TeamFoundation.Dashboards.Server.L0.Tests.dll" adapterTypeName="Microsoft.VisualStudio.TestTools.TestTypes.Unit.UnitTestAdapter" className="Microsoft.TeamFoundation.Dashboards.Server.L0.Tests.ValidateWidgetTests" name="DashboardServiceTests_ValidateWidget_ThrowExceptionWhenWidgetNameIsNull" />
    </UnitTest>
    <UnitTest name="DashboardServiceTests_ValidateWidget_ThrowExceptionWhenWidgetNameIsEmpty" storage="d:\v2.0\a1\_work\dbded102\bin\release.anycpu\tfs.service\microsoft.teamfoundation.dashboards.server.l0.tests\microsoft.teamfoundation.dashboards.server.l0.tests.dll" priority="0" id="2b6a9ef0-a95e-f3ac-c958-9ad4556c760a">
      <Owners>
        <Owner name="vscsdash" />
      </Owners>
      <Execution id="946517cb-a266-4994-bef8-955abff708a0" />
      <TestMethod codeBase="D:\v2.0\A1\_work\dbded102\bin\Release.AnyCPU\Tfs.Service\Microsoft.TeamFoundation.Dashboards.Server.L0.Tests\Microsoft.TeamFoundation.Dashboards.Server.L0.Tests.dll" adapterTypeName="Microsoft.VisualStudio.TestTools.TestTypes.Unit.UnitTestAdapter" className="Microsoft.TeamFoundation.Dashboards.Server.L0.Tests.ValidateWidgetTests" name="DashboardServiceTests_ValidateWidget_ThrowExceptionWhenWidgetNameIsEmpty" />
    </UnitTest>
    <UnitTest name="DashboardServiceTests_ValidateWidget_ThrowExceptionWhenWidgetNameIsTooLong" storage="d:\v2.0\a1\_work\dbded102\bin\release.anycpu\tfs.service\microsoft.teamfoundation.dashboards.server.l0.tests\microsoft.teamfoundation.dashboards.server.l0.tests.dll" priority="0" id="c05c0a84-e848-0391-3718-da7fc656ab84">
      <Owners>
        <Owner name="vscsdash" />
      </Owners>
      <Execution id="a1392d68-6275-4d3b-b00e-2b2693d84d38" />
      <TestMethod codeBase="D:\v2.0\A1\_work\dbded102\bin\Release.AnyCPU\Tfs.Service\Microsoft.TeamFoundation.Dashboards.Server.L0.Tests\Microsoft.TeamFoundation.Dashboards.Server.L0.Tests.dll" adapterTypeName="Microsoft.VisualStudio.TestTools.TestTypes.Unit.UnitTestAdapter" className="Microsoft.TeamFoundation.Dashboards.Server.L0.Tests.ValidateWidgetTests" name="DashboardServiceTests_ValidateWidget_ThrowExceptionWhenWidgetNameIsTooLong" />
    </UnitTest>
    <UnitTest name="DashboardServiceTests_ValidateWidget_ThrowExceptionWhenWidgetTypeIdIsNull" storage="d:\v2.0\a1\_work\dbded102\bin\release.anycpu\tfs.service\microsoft.teamfoundation.dashboards.server.l0.tests\microsoft.teamfoundation.dashboards.server.l0.tests.dll" priority="0" id="8a445cba-5adb-49af-b4a1-63fb8098f84e">
      <Owners>
        <Owner name="vscsdash" />
      </Owners>
      <Execution id="358154a8-541c-4d8f-8deb-6000820bde26" />
      <TestMethod codeBase="D:\v2.0\A1\_work\dbded102\bin\Release.AnyCPU\Tfs.Service\Microsoft.TeamFoundation.Dashboards.Server.L0.Tests\Microsoft.TeamFoundation.Dashboards.Server.L0.Tests.dll" adapterTypeName="Microsoft.VisualStudio.TestTools.TestTypes.Unit.UnitTestAdapter" className="Microsoft.TeamFoundation.Dashboards.Server.L0.Tests.ValidateWidgetTests" name="DashboardServiceTests_ValidateWidget_ThrowExceptionWhenWidgetTypeIdIsNull" />
    </UnitTest>
    <UnitTest name="DashboardServiceTests_ValidateWidget_ThrowExceptionWhenWidgetTypeIdIsEmpty" storage="d:\v2.0\a1\_work\dbded102\bin\release.anycpu\tfs.service\microsoft.teamfoundation.dashboards.server.l0.tests\microsoft.teamfoundation.dashboards.server.l0.tests.dll" priority="0" id="80fd5b8d-2a68-9292-189e-bd8bc81ec411">
      <Owners>
        <Owner name="vscsdash" />
      </Owners>
      <Execution id="0247398f-1c62-4acc-bec2-42763835ba3e" />
      <TestMethod codeBase="D:\v2.0\A1\_work\dbded102\bin\Release.AnyCPU\Tfs.Service\Microsoft.TeamFoundation.Dashboards.Server.L0.Tests\Microsoft.TeamFoundation.Dashboards.Server.L0.Tests.dll" adapterTypeName="Microsoft.VisualStudio.TestTools.TestTypes.Unit.UnitTestAdapter" className="Microsoft.TeamFoundation.Dashboards.Server.L0.Tests.ValidateWidgetTests" name="DashboardServiceTests_ValidateWidget_ThrowExceptionWhenWidgetTypeIdIsEmpty" />
    </UnitTest>
    <UnitTest name="DashboardServiceTests_ValidateWidget_ThrowExceptionWhenWidgetTypeIdIsTooLong" storage="d:\v2.0\a1\_work\dbded102\bin\release.anycpu\tfs.service\microsoft.teamfoundation.dashboards.server.l0.tests\microsoft.teamfoundation.dashboards.server.l0.tests.dll" priority="0" id="606f7a39-7352-75eb-5105-4ab1d1d3407c">
      <Owners>
        <Owner name="vscsdash" />
      </Owners>
      <Execution id="2b33742d-8e0c-42a7-ab3a-e4462d27c5d9" />
      <TestMethod codeBase="D:\v2.0\A1\_work\dbded102\bin\Release.AnyCPU\Tfs.Service\Microsoft.TeamFoundation.Dashboards.Server.L0.Tests\Microsoft.TeamFoundation.Dashboards.Server.L0.Tests.dll" adapterTypeName="Microsoft.VisualStudio.TestTools.TestTypes.Unit.UnitTestAdapter" className="Microsoft.TeamFoundation.Dashboards.Server.L0.Tests.ValidateWidgetTests" name="DashboardServiceTests_ValidateWidget_ThrowExceptionWhenWidgetTypeIdIsTooLong" />
    </UnitTest>
    <UnitTest name="DashboardServiceTests_ValidateWidget_ThrowExceptionOnLongArtifactId" storage="d:\v2.0\a1\_work\dbded102\bin\release.anycpu\tfs.service\microsoft.teamfoundation.dashboards.server.l0.tests\microsoft.teamfoundation.dashboards.server.l0.tests.dll" priority="0" id="ebf02d02-54dc-cd0b-a7ea-7c251187e308">
      <Owners>
        <Owner name="vscsdash" />
      </Owners>
      <Execution id="68846452-c9fb-4af4-88c5-e1779df0cfb9" />
      <TestMethod codeBase="D:\v2.0\A1\_work\dbded102\bin\Release.AnyCPU\Tfs.Service\Microsoft.TeamFoundation.Dashboards.Server.L0.Tests\Microsoft.TeamFoundation.Dashboards.Server.L0.Tests.dll" adapterTypeName="Microsoft.VisualStudio.TestTools.TestTypes.Unit.UnitTestAdapter" className="Microsoft.TeamFoundation.Dashboards.Server.L0.Tests.ValidateWidgetTests" name="DashboardServiceTests_ValidateWidget_ThrowExceptionOnLongArtifactId" />
    </UnitTest>
    <UnitTest name="DashboardServiceTests_ValidateWidget_ThrowExceptionOnLongSettings" storage="d:\v2.0\a1\_work\dbded102\bin\release.anycpu\tfs.service\microsoft.teamfoundation.dashboards.server.l0.tests\microsoft.teamfoundation.dashboards.server.l0.tests.dll" priority="0" id="18650772-aa80-3c38-e3a3-2db55fcb94cb">
      <Owners>
        <Owner name="vscsdash" />
      </Owners>
      <Execution id="10d59892-48ec-48dc-8f09-8b5ff6cf3c2d" />
      <TestMethod codeBase="D:\v2.0\A1\_work\dbded102\bin\Release.AnyCPU\Tfs.Service\Microsoft.TeamFoundation.Dashboards.Server.L0.Tests\Microsoft.TeamFoundation.Dashboards.Server.L0.Tests.dll" adapterTypeName="Microsoft.VisualStudio.TestTools.TestTypes.Unit.UnitTestAdapter" className="Microsoft.TeamFoundation.Dashboards.Server.L0.Tests.ValidateWidgetTests" name="DashboardServiceTests_ValidateWidget_ThrowExceptionOnLongSettings" />
    </UnitTest>
    <UnitTest name="DashboardServiceTests_ValidateWidget_ThrowExceptionOnRowNumberLessThanOne" storage="d:\v2.0\a1\_work\dbded102\bin\release.anycpu\tfs.service\microsoft.teamfoundation.dashboards.server.l0.tests\microsoft.teamfoundation.dashboards.server.l0.tests.dll" priority="0" id="acd37170-d17d-357b-5d90-8f67e871c3b7">
      <Owners>
        <Owner name="vscsdash" />
      </Owners>
      <Execution id="7a8aa7af-8045-4d9f-aff3-1659836a0c16" />
      <TestMethod codeBase="D:\v2.0\A1\_work\dbded102\bin\Release.AnyCPU\Tfs.Service\Microsoft.TeamFoundation.Dashboards.Server.L0.Tests\Microsoft.TeamFoundation.Dashboards.Server.L0.Tests.dll" adapterTypeName="Microsoft.VisualStudio.TestTools.TestTypes.Unit.UnitTestAdapter" className="Microsoft.TeamFoundation.Dashboards.Server.L0.Tests.ValidateWidgetTests" name="DashboardServiceTests_ValidateWidget_ThrowExceptionOnRowNumberLessThanOne" />
    </UnitTest>
    <UnitTest name="DashboardServiceTests_ValidateWidget_ThrowExceptionOnColumnNumberLessThanOne" storage="d:\v2.0\a1\_work\dbded102\bin\release.anycpu\tfs.service\microsoft.teamfoundation.dashboards.server.l0.tests\microsoft.teamfoundation.dashboards.server.l0.tests.dll" priority="0" id="c64d0af0-a63d-b429-1bf4-f4a71224b245">
      <Owners>
        <Owner name="vscsdash" />
      </Owners>
      <Execution id="123b16e1-5b7d-446a-803b-4901c476dad1" />
      <TestMethod codeBase="D:\v2.0\A1\_work\dbded102\bin\Release.AnyCPU\Tfs.Service\Microsoft.TeamFoundation.Dashboards.Server.L0.Tests\Microsoft.TeamFoundation.Dashboards.Server.L0.Tests.dll" adapterTypeName="Microsoft.VisualStudio.TestTools.TestTypes.Unit.UnitTestAdapter" className="Microsoft.TeamFoundation.Dashboards.Server.L0.Tests.ValidateWidgetTests" name="DashboardServiceTests_ValidateWidget_ThrowExceptionOnColumnNumberLessThanOne" />
    </UnitTest>
    <UnitTest name="DashboardServiceTests_ValidateWidget_UnpositionedWidget" storage="d:\v2.0\a1\_work\dbded102\bin\release.anycpu\tfs.service\microsoft.teamfoundation.dashboards.server.l0.tests\microsoft.teamfoundation.dashboards.server.l0.tests.dll" priority="0" id="1ca42edd-3ac6-c7e2-df25-64d012446979">
      <Owners>
        <Owner name="vscsdash" />
      </Owners>
      <Execution id="12f6f55c-368c-433f-8909-273357ffff16" />
      <TestMethod codeBase="D:\v2.0\A1\_work\dbded102\bin\Release.AnyCPU\Tfs.Service\Microsoft.TeamFoundation.Dashboards.Server.L0.Tests\Microsoft.TeamFoundation.Dashboards.Server.L0.Tests.dll" adapterTypeName="Microsoft.VisualStudio.TestTools.TestTypes.Unit.UnitTestAdapter" className="Microsoft.TeamFoundation.Dashboards.Server.L0.Tests.ValidateWidgetTests" name="DashboardServiceTests_ValidateWidget_UnpositionedWidget" />
    </UnitTest>
    <UnitTest name="DashboardServiceTests_ValidateWidget_ThrowExceptionOnInvalidRowNumber" storage="d:\v2.0\a1\_work\dbded102\bin\release.anycpu\tfs.service\microsoft.teamfoundation.dashboards.server.l0.tests\microsoft.teamfoundation.dashboards.server.l0.tests.dll" priority="0" id="c10299bc-a13e-ea9b-6bde-b14c4dd12cd9">
      <Owners>
        <Owner name="vscsdash" />
      </Owners>
      <Execution id="4325481e-afa1-4da6-b539-426403c36947" />
      <TestMethod codeBase="D:\v2.0\A1\_work\dbded102\bin\Release.AnyCPU\Tfs.Service\Microsoft.TeamFoundation.Dashboards.Server.L0.Tests\Microsoft.TeamFoundation.Dashboards.Server.L0.Tests.dll" adapterTypeName="Microsoft.VisualStudio.TestTools.TestTypes.Unit.UnitTestAdapter" className="Microsoft.TeamFoundation.Dashboards.Server.L0.Tests.ValidateWidgetTests" name="DashboardServiceTests_ValidateWidget_ThrowExceptionOnInvalidRowNumber" />
    </UnitTest>
    <UnitTest name="DashboardServiceTests_ValidateWidget_ThrowExceptionOnInvalidColumnNumber" storage="d:\v2.0\a1\_work\dbded102\bin\release.anycpu\tfs.service\microsoft.teamfoundation.dashboards.server.l0.tests\microsoft.teamfoundation.dashboards.server.l0.tests.dll" priority="0" id="425b1d67-78e8-3561-7d56-01782c710551">
      <Owners>
        <Owner name="vscsdash" />
      </Owners>
      <Execution id="9cccba37-ef5a-469a-81db-303b0871c9a1" />
      <TestMethod codeBase="D:\v2.0\A1\_work\dbded102\bin\Release.AnyCPU\Tfs.Service\Microsoft.TeamFoundation.Dashboards.Server.L0.Tests\Microsoft.TeamFoundation.Dashboards.Server.L0.Tests.dll" adapterTypeName="Microsoft.VisualStudio.TestTools.TestTypes.Unit.UnitTestAdapter" className="Microsoft.TeamFoundation.Dashboards.Server.L0.Tests.ValidateWidgetTests" name="DashboardServiceTests_ValidateWidget_ThrowExceptionOnInvalidColumnNumber" />
    </UnitTest>
    <UnitTest name="DashboardServiceTests_ValidateWidget_ThrowExceptionOnRowLengthLessThanOne" storage="d:\v2.0\a1\_work\dbded102\bin\release.anycpu\tfs.service\microsoft.teamfoundation.dashboards.server.l0.tests\microsoft.teamfoundation.dashboards.server.l0.tests.dll" priority="0" id="b647022b-0bb4-67aa-5692-7c8e57b6b96d">
      <Owners>
        <Owner name="vscsdash" />
      </Owners>
      <Execution id="3391c8ed-ea71-42a8-b64a-9f63d9174e76" />
      <TestMethod codeBase="D:\v2.0\A1\_work\dbded102\bin\Release.AnyCPU\Tfs.Service\Microsoft.TeamFoundation.Dashboards.Server.L0.Tests\Microsoft.TeamFoundation.Dashboards.Server.L0.Tests.dll" adapterTypeName="Microsoft.VisualStudio.TestTools.TestTypes.Unit.UnitTestAdapter" className="Microsoft.TeamFoundation.Dashboards.Server.L0.Tests.ValidateWidgetTests" name="DashboardServiceTests_ValidateWidget_ThrowExceptionOnRowLengthLessThanOne" />
    </UnitTest>
    <UnitTest name="DashboardServiceTests_ValidateWidget_ThrowExceptionOnColumnLengthLessThanOne" storage="d:\v2.0\a1\_work\dbded102\bin\release.anycpu\tfs.service\microsoft.teamfoundation.dashboards.server.l0.tests\microsoft.teamfoundation.dashboards.server.l0.tests.dll" priority="0" id="e159de54-a9ec-0c06-1dbf-0d59594e4edf">
      <Owners>
        <Owner name="vscsdash" />
      </Owners>
      <Execution id="5ade00dd-4e4a-40e3-a68f-53e56adb7758" />
      <TestMethod codeBase="D:\v2.0\A1\_work\dbded102\bin\Release.AnyCPU\Tfs.Service\Microsoft.TeamFoundation.Dashboards.Server.L0.Tests\Microsoft.TeamFoundation.Dashboards.Server.L0.Tests.dll" adapterTypeName="Microsoft.VisualStudio.TestTools.TestTypes.Unit.UnitTestAdapter" className="Microsoft.TeamFoundation.Dashboards.Server.L0.Tests.ValidateWidgetTests" name="DashboardServiceTests_ValidateWidget_ThrowExceptionOnColumnLengthLessThanOne" />
    </UnitTest>
    <UnitTest name="DashboardServiceTests_ValidateWidget_ThrowExceptionOnInvalidRowLength" storage="d:\v2.0\a1\_work\dbded102\bin\release.anycpu\tfs.service\microsoft.teamfoundation.dashboards.server.l0.tests\microsoft.teamfoundation.dashboards.server.l0.tests.dll" priority="0" id="b7dfde85-249b-7e2c-6430-850dd7c361f5">
      <Owners>
        <Owner name="vscsdash" />
      </Owners>
      <Execution id="5d01a567-6bf6-421b-a41b-960325d5cab0" />
      <TestMethod codeBase="D:\v2.0\A1\_work\dbded102\bin\Release.AnyCPU\Tfs.Service\Microsoft.TeamFoundation.Dashboards.Server.L0.Tests\Microsoft.TeamFoundation.Dashboards.Server.L0.Tests.dll" adapterTypeName="Microsoft.VisualStudio.TestTools.TestTypes.Unit.UnitTestAdapter" className="Microsoft.TeamFoundation.Dashboards.Server.L0.Tests.ValidateWidgetTests" name="DashboardServiceTests_ValidateWidget_ThrowExceptionOnInvalidRowLength" />
    </UnitTest>
    <UnitTest name="DashboardServiceTests_ValidateWidget_ThrowExceptionOnInvalidColumnLength" storage="d:\v2.0\a1\_work\dbded102\bin\release.anycpu\tfs.service\microsoft.teamfoundation.dashboards.server.l0.tests\microsoft.teamfoundation.dashboards.server.l0.tests.dll" priority="0" id="e6bf9479-3eda-701d-ad2c-9cb7a2ee012c">
      <Owners>
        <Owner name="vscsdash" />
      </Owners>
      <Execution id="5b9e8ae1-2182-4a7a-92d6-f8f431d5178c" />
      <TestMethod codeBase="D:\v2.0\A1\_work\dbded102\bin\Release.AnyCPU\Tfs.Service\Microsoft.TeamFoundation.Dashboards.Server.L0.Tests\Microsoft.TeamFoundation.Dashboards.Server.L0.Tests.dll" adapterTypeName="Microsoft.VisualStudio.TestTools.TestTypes.Unit.UnitTestAdapter" className="Microsoft.TeamFoundation.Dashboards.Server.L0.Tests.ValidateWidgetTests" name="DashboardServiceTests_ValidateWidget_ThrowExceptionOnInvalidColumnLength" />
    </UnitTest>
    <UnitTest name="CollectionUserDashboardConsumerTests_CheckGetMethods" storage="d:\v2.0\a1\_work\dbded102\bin\release.anycpu\tfs.service\microsoft.teamfoundation.dashboards.server.l0.tests\microsoft.teamfoundation.dashboards.server.l0.tests.dll" priority="0" id="7887e1f6-f171-effd-e06e-1b6327ebe2ea">
      <Owners>
        <Owner name="vscsdash" />
      </Owners>
      <Execution id="fff834c9-67cd-484b-a0ab-3bfd0a5b4506" />
      <TestMethod codeBase="D:\v2.0\A1\_work\dbded102\bin\Release.AnyCPU\Tfs.Service\Microsoft.TeamFoundation.Dashboards.Server.L0.Tests\Microsoft.TeamFoundation.Dashboards.Server.L0.Tests.dll" adapterTypeName="Microsoft.VisualStudio.TestTools.TestTypes.Unit.UnitTestAdapter" className="Microsoft.TeamFoundation.Dashboards.Server.L0.Tests.Services.Consumer.CollectionUserDashboardConsumerTests" name="CollectionUserDashboardConsumerTests_CheckGetMethods" />
    </UnitTest>
    <UnitTest name="CollectionUserDashboardConsumerTests_CheckPermissionsFailureFromEmptyIdentityInRequest" storage="d:\v2.0\a1\_work\dbded102\bin\release.anycpu\tfs.service\microsoft.teamfoundation.dashboards.server.l0.tests\microsoft.teamfoundation.dashboards.server.l0.tests.dll" priority="0" id="615d0ab3-8d94-e669-b2e8-ab98d3ec6cfd">
      <Owners>
        <Owner name="vscsdash" />
      </Owners>
      <Execution id="67ec79c9-89ac-4569-9461-5b2737758313" />
      <TestMethod codeBase="D:\v2.0\A1\_work\dbded102\bin\Release.AnyCPU\Tfs.Service\Microsoft.TeamFoundation.Dashboards.Server.L0.Tests\Microsoft.TeamFoundation.Dashboards.Server.L0.Tests.dll" adapterTypeName="Microsoft.VisualStudio.TestTools.TestTypes.Unit.UnitTestAdapter" className="Microsoft.TeamFoundation.Dashboards.Server.L0.Tests.Services.Consumer.CollectionUserDashboardConsumerTests" name="CollectionUserDashboardConsumerTests_CheckPermissionsFailureFromEmptyIdentityInRequest" />
    </UnitTest>
    <UnitTest name="CollectionUserDashboardConsumerTests_CheckPermissionsFailureFromInvalidIdentityInRequest" storage="d:\v2.0\a1\_work\dbded102\bin\release.anycpu\tfs.service\microsoft.teamfoundation.dashboards.server.l0.tests\microsoft.teamfoundation.dashboards.server.l0.tests.dll" priority="0" id="ef3f53e0-5346-8d8e-795b-6d8272bbe8bc">
      <Owners>
        <Owner name="vscsdash" />
      </Owners>
      <Execution id="b3035fd3-7f2b-4065-90a4-1fdaa2986b6e" />
      <TestMethod codeBase="D:\v2.0\A1\_work\dbded102\bin\Release.AnyCPU\Tfs.Service\Microsoft.TeamFoundation.Dashboards.Server.L0.Tests\Microsoft.TeamFoundation.Dashboards.Server.L0.Tests.dll" adapterTypeName="Microsoft.VisualStudio.TestTools.TestTypes.Unit.UnitTestAdapter" className="Microsoft.TeamFoundation.Dashboards.Server.L0.Tests.Services.Consumer.CollectionUserDashboardConsumerTests" name="CollectionUserDashboardConsumerTests_CheckPermissionsFailureFromInvalidIdentityInRequest" />
    </UnitTest>
    <UnitTest name="CollectionUserDashboardConsumerTests_CheckPermissionsSuccessFromvalidIdentityInRequest" storage="d:\v2.0\a1\_work\dbded102\bin\release.anycpu\tfs.service\microsoft.teamfoundation.dashboards.server.l0.tests\microsoft.teamfoundation.dashboards.server.l0.tests.dll" priority="0" id="1e981bc7-9c25-9076-bb18-dad0f3644824">
      <Owners>
        <Owner name="vscsdash" />
      </Owners>
      <Execution id="58e5c15e-3c0a-418c-a848-06def4e6ed27" />
      <TestMethod codeBase="D:\v2.0\A1\_work\dbded102\bin\Release.AnyCPU\Tfs.Service\Microsoft.TeamFoundation.Dashboards.Server.L0.Tests\Microsoft.TeamFoundation.Dashboards.Server.L0.Tests.dll" adapterTypeName="Microsoft.VisualStudio.TestTools.TestTypes.Unit.UnitTestAdapter" className="Microsoft.TeamFoundation.Dashboards.Server.L0.Tests.Services.Consumer.CollectionUserDashboardConsumerTests" name="CollectionUserDashboardConsumerTests_CheckPermissionsSuccessFromvalidIdentityInRequest" />
    </UnitTest>
  </TestDefinitions>
  <TestEntries>
    <TestEntry testId="52e47b29-6f31-e4b3-75af-491142588800" executionId="bc40297e-7eae-4b78-9eff-a5329514a83e" testListId="8c84fa94-04c1-424b-9868-57a2d4851a1d" />
    <TestEntry testId="78bbc2b9-8d32-ee86-1eb1-577d43fc85e1" executionId="b88e6348-cbef-47bf-8cdb-df2b198a122d" testListId="8c84fa94-04c1-424b-9868-57a2d4851a1d" />
    <TestEntry testId="9643692c-c96f-8c3f-8577-1c09833042b9" executionId="ceabd2c9-d577-48a1-80f8-7d211c47fdcb" testListId="8c84fa94-04c1-424b-9868-57a2d4851a1d" />
    <TestEntry testId="a8cf8338-968d-ee70-a31a-97a599f3fec7" executionId="51c97e7a-ade1-49db-b9ef-09571bfea820" testListId="8c84fa94-04c1-424b-9868-57a2d4851a1d" />
    <TestEntry testId="9ee43f9d-c5af-980c-b3f7-d16b38944bef" executionId="f460e915-2fb3-4551-a88e-95a93098f2ed" testListId="8c84fa94-04c1-424b-9868-57a2d4851a1d" />
    <TestEntry testId="3cb6d3be-6cfd-acd4-eaf9-6e8099bab082" executionId="6ce1603f-2103-4f93-b59c-3fd8806981f4" testListId="8c84fa94-04c1-424b-9868-57a2d4851a1d" />
    <TestEntry testId="20cbea81-1f6e-4834-1a4d-bd30b0657de0" executionId="9b8ee703-1c18-49ec-b47b-7a46db3b3416" testListId="8c84fa94-04c1-424b-9868-57a2d4851a1d" />
    <TestEntry testId="ff4fd26c-5773-2b02-3f2e-2360159a9251" executionId="78da45f5-ce52-4edf-a836-99942993cb43" testListId="8c84fa94-04c1-424b-9868-57a2d4851a1d" />
    <TestEntry testId="61c4f785-757a-480c-34bb-0c96482d5877" executionId="58fcb97a-dce9-4b79-ab8e-acc3ed1466de" testListId="8c84fa94-04c1-424b-9868-57a2d4851a1d" />
    <TestEntry testId="578cc8d4-bee6-3a3c-06e9-fa8f73691ad5" executionId="2e1756d6-da70-4ced-8f2e-9de1b8ee38b2" testListId="8c84fa94-04c1-424b-9868-57a2d4851a1d" />
    <TestEntry testId="4bbdee0a-d851-338c-e354-e73903460a0c" executionId="2cfe46de-276c-49a9-8fb9-add2d59cf358" testListId="8c84fa94-04c1-424b-9868-57a2d4851a1d" />
    <TestEntry testId="963a0e7d-ba8a-def1-a8d1-18124cd2487d" executionId="ff9336be-6cb8-40d1-a3de-f4cfb29f19d2" testListId="8c84fa94-04c1-424b-9868-57a2d4851a1d" />
    <TestEntry testId="584b040d-f787-4b44-e7f1-f9cacc8594e2" executionId="950ad49a-5f15-4d70-9f39-8927d9dbb5ec" testListId="8c84fa94-04c1-424b-9868-57a2d4851a1d" />
    <TestEntry testId="066eb9cd-2f16-5cfd-722b-f4663320f53a" executionId="b49e77da-5204-4db8-b738-411e168f95ea" testListId="8c84fa94-04c1-424b-9868-57a2d4851a1d" />
    <TestEntry testId="365779b3-1121-6bbf-0e81-dc3cf25bd25e" executionId="a23098b7-496d-49d4-a510-553a46062976" testListId="8c84fa94-04c1-424b-9868-57a2d4851a1d" />
    <TestEntry testId="d3083ee5-2368-5797-2c3d-3ba33a5844a5" executionId="ee2aba2c-9259-4232-9839-9b676c8e3a44" testListId="8c84fa94-04c1-424b-9868-57a2d4851a1d" />
    <TestEntry testId="ea505dba-d385-a35f-cb26-deea1b0895bf" executionId="db23e94d-7970-4b03-b0e1-468acb9336e8" testListId="8c84fa94-04c1-424b-9868-57a2d4851a1d" />
    <TestEntry testId="a3f765a7-6b61-7f4f-edab-7fa77c5c0f5a" executionId="c390eb57-3bc0-4294-994b-ce0f7c6cb08a" testListId="8c84fa94-04c1-424b-9868-57a2d4851a1d" />
    <TestEntry testId="cdd5b93c-2dea-0a13-10fa-85ab750af889" executionId="74b10187-3e89-455c-9b10-7825bd37011c" testListId="8c84fa94-04c1-424b-9868-57a2d4851a1d" />
    <TestEntry testId="58e2bcc3-364f-d352-54a4-b4d0864ab7a7" executionId="8d2eb03c-20a9-418c-8674-f01207ba99d0" testListId="8c84fa94-04c1-424b-9868-57a2d4851a1d" />
    <TestEntry testId="f156dd38-d720-cb57-9a85-3ae06e60e471" executionId="1f1e0b99-65ce-43a1-9241-d33e5189ee85" testListId="8c84fa94-04c1-424b-9868-57a2d4851a1d" />
    <TestEntry testId="b86f80dc-957f-8174-cc6d-a1bc7aad8010" executionId="a1170bcc-8ba9-4078-9c37-02cf1830dce9" testListId="8c84fa94-04c1-424b-9868-57a2d4851a1d" />
    <TestEntry testId="69cd3c12-75b0-64d4-e473-05f4a8e1ccf1" executionId="a99c4781-a204-41e5-af8f-a515b030a35e" testListId="8c84fa94-04c1-424b-9868-57a2d4851a1d" />
    <TestEntry testId="4d7fcc96-061a-a048-9fed-b62165231d9d" executionId="792b683b-4829-40bc-af0a-b10cbf8020d7" testListId="8c84fa94-04c1-424b-9868-57a2d4851a1d" />
    <TestEntry testId="4f74749f-a2f3-aee8-21a2-e2b7b976465b" executionId="a30926c1-370a-4bf8-87c6-2f8defaac7b5" testListId="8c84fa94-04c1-424b-9868-57a2d4851a1d" />
    <TestEntry testId="5d85080f-bd8d-6730-9a8c-fd2a83320f60" executionId="712196d6-c650-46fc-925e-9391235b49ab" testListId="8c84fa94-04c1-424b-9868-57a2d4851a1d" />
    <TestEntry testId="d5fa67cd-582e-63d9-bfc2-5fe7d4735af8" executionId="1851a0bb-bfdf-40fb-b100-518788fd6a66" testListId="8c84fa94-04c1-424b-9868-57a2d4851a1d" />
    <TestEntry testId="e92a8daa-1e31-bd84-0afd-b4f85f0de75c" executionId="10737c8e-1ef6-4fa1-94dd-7473487c1189" testListId="8c84fa94-04c1-424b-9868-57a2d4851a1d" />
    <TestEntry testId="b3d009c1-fe20-58b9-c763-da6775dd0a60" executionId="c8948570-d222-496b-ad27-13c73f271945" testListId="8c84fa94-04c1-424b-9868-57a2d4851a1d" />
    <TestEntry testId="2ea69776-3c3e-532b-a357-4721dd022190" executionId="105578a2-6a9f-47b1-a63f-492a8179ba76" testListId="8c84fa94-04c1-424b-9868-57a2d4851a1d" />
    <TestEntry testId="b9bc68f6-ce4e-008f-7a45-48cc367ed4b8" executionId="bfb7f2b8-baba-4bdf-be03-43dcdaf3f553" testListId="8c84fa94-04c1-424b-9868-57a2d4851a1d" />
    <TestEntry testId="40276a9c-413b-2b3f-0135-bd890c746cb7" executionId="9b5a6afb-34ac-430f-89bc-efc34b870726" testListId="8c84fa94-04c1-424b-9868-57a2d4851a1d" />
    <TestEntry testId="87ec1db4-6516-4343-61a2-5b5a9a102cd5" executionId="e39fbc9d-6641-43b5-a2c5-6e18d3b830e5" testListId="8c84fa94-04c1-424b-9868-57a2d4851a1d" />
    <TestEntry testId="f297b000-47eb-7f96-8e5a-a236db6b507b" executionId="52e5d9ac-ba91-4715-b455-88b1bfc0dfd2" testListId="8c84fa94-04c1-424b-9868-57a2d4851a1d" />
    <TestEntry testId="ae59c132-f47a-e113-a6eb-2ff1c358ddb1" executionId="ba32b5c5-2ce8-4262-8c45-168343d2223a" testListId="8c84fa94-04c1-424b-9868-57a2d4851a1d" />
    <TestEntry testId="d28f0d36-76ff-e971-f1dd-33481c2f020e" executionId="98bc4d8a-50a5-44bd-baa1-635f713c3ccc" testListId="8c84fa94-04c1-424b-9868-57a2d4851a1d" />
    <TestEntry testId="615a00a0-2f00-f1f5-17fc-3610207b6ab0" executionId="7bac6595-4cab-4bc6-8ee3-7e7f11f191c7" testListId="8c84fa94-04c1-424b-9868-57a2d4851a1d" />
    <TestEntry testId="e4d0ff42-5913-e020-6147-a5e99927401c" executionId="9ec1a7f5-6a1a-4591-b3dc-bd997aadfb4e" testListId="8c84fa94-04c1-424b-9868-57a2d4851a1d" />
    <TestEntry testId="0cf9654c-609a-28cf-a583-820f27840f09" executionId="e7ea4731-4ba6-461a-8605-b32c6dc4e582" testListId="8c84fa94-04c1-424b-9868-57a2d4851a1d" />
    <TestEntry testId="3ef4d3fb-ed82-9737-ee9d-f0181c9495ff" executionId="d02de6e8-2d42-47d1-8ef3-80235758c950" testListId="8c84fa94-04c1-424b-9868-57a2d4851a1d" />
    <TestEntry testId="95a220d3-072c-f7ec-bd49-90272945c25b" executionId="9732bc5f-9f0f-4d4e-8d1e-dca4c1e46499" testListId="8c84fa94-04c1-424b-9868-57a2d4851a1d" />
    <TestEntry testId="b8124131-3e38-7ca2-a122-d4d5e3885576" executionId="c1664e6a-a32f-453b-ac70-964e5b8bdc85" testListId="8c84fa94-04c1-424b-9868-57a2d4851a1d" />
    <TestEntry testId="f4ec2576-392b-dac9-658e-dd8e99fbb128" executionId="79d5549f-3b04-4456-bb8f-8f8abb028d03" testListId="8c84fa94-04c1-424b-9868-57a2d4851a1d" />
    <TestEntry testId="d2535fe0-035c-13e5-2e17-b59c0c277104" executionId="0af6c619-5427-4298-8039-a5c35dab8a6a" testListId="8c84fa94-04c1-424b-9868-57a2d4851a1d" />
    <TestEntry testId="08aa2066-b7f5-e21a-4638-2208aab0a7cf" executionId="03c008ef-9f04-43f3-bc36-4a149f46470f" testListId="8c84fa94-04c1-424b-9868-57a2d4851a1d" />
    <TestEntry testId="01fed252-29bd-0014-6581-19246c562dab" executionId="456d3fde-ba19-4f2a-8170-24866950938f" testListId="8c84fa94-04c1-424b-9868-57a2d4851a1d" />
    <TestEntry testId="1d554f68-48ec-1506-c672-385b809a3d42" executionId="c104efd8-ba6c-43e7-a2ee-ed23f0a8ea7e" testListId="8c84fa94-04c1-424b-9868-57a2d4851a1d" />
    <TestEntry testId="bae7e3cc-c063-9921-9694-8b4f18b6b10e" executionId="8eef2085-8e5f-4122-89a5-906f4e631e79" testListId="8c84fa94-04c1-424b-9868-57a2d4851a1d" />
    <TestEntry testId="31da472c-3d70-61ee-0efa-1f9caa5205bd" executionId="7069028b-2987-4eff-813a-83e047ea5be4" testListId="8c84fa94-04c1-424b-9868-57a2d4851a1d" />
    <TestEntry testId="cfff1af5-4a3c-1360-8d10-33e05801f012" executionId="e18e6b7e-af02-47a5-a175-5d0d0663da43" testListId="8c84fa94-04c1-424b-9868-57a2d4851a1d" />
    <TestEntry testId="ff771efd-3f81-bd47-a492-7b1defa274f5" executionId="2fb4ad9f-d4c3-4db1-9330-45414f345c94" testListId="8c84fa94-04c1-424b-9868-57a2d4851a1d" />
    <TestEntry testId="d841c0ec-5dc4-7941-c97b-1de2b57a2904" executionId="2f877fc2-e812-4327-a76d-962b16bf77d9" testListId="8c84fa94-04c1-424b-9868-57a2d4851a1d" />
    <TestEntry testId="60753307-1d6f-8e5f-842b-9f21359fa8fb" executionId="8054277e-9abe-4687-85d6-876fb1944f85" testListId="8c84fa94-04c1-424b-9868-57a2d4851a1d" />
    <TestEntry testId="89487df3-84c6-fadc-597b-4963bc771fc6" executionId="a730eaf5-6798-4069-bab7-30334a55da2f" testListId="8c84fa94-04c1-424b-9868-57a2d4851a1d" />
    <TestEntry testId="ff6c9779-ecb9-a5dc-fdd5-873d716eed11" executionId="f158bfe1-9fad-499b-981f-f05007f57123" testListId="8c84fa94-04c1-424b-9868-57a2d4851a1d" />
    <TestEntry testId="1a813216-0f3a-8f01-43ab-d060ce5618df" executionId="eec2a6fb-00b5-4bf9-b8aa-71d2c0243177" testListId="8c84fa94-04c1-424b-9868-57a2d4851a1d" />
    <TestEntry testId="39276187-8fe7-c424-984a-7507bbbeed10" executionId="eb17d5fd-8253-4906-a830-0de8a9b38d26" testListId="8c84fa94-04c1-424b-9868-57a2d4851a1d" />
    <TestEntry testId="fee863ea-aabc-d3f8-d0bc-7efc58ee7361" executionId="d3c93ff7-4803-4e5a-b7dd-bd7075712b85" testListId="8c84fa94-04c1-424b-9868-57a2d4851a1d" />
    <TestEntry testId="1b9d4d89-b672-02ed-31b8-3f23b18f4979" executionId="fa7c2b95-eb23-498c-aa70-16f06457055f" testListId="8c84fa94-04c1-424b-9868-57a2d4851a1d" />
    <TestEntry testId="bd7152bd-d815-df6d-ed84-30b316ec7319" executionId="604718c7-08fa-4ba9-be8e-813eba154b15" testListId="8c84fa94-04c1-424b-9868-57a2d4851a1d" />
    <TestEntry testId="406cd764-7715-fd7e-2da8-31d9f5b12d1d" executionId="efe30a80-672e-4450-8541-410f81760da3" testListId="8c84fa94-04c1-424b-9868-57a2d4851a1d" />
    <TestEntry testId="1f737ac7-70eb-b4d9-5f92-532662851369" executionId="eb9b9c09-f552-48ae-8798-032d38938c41" testListId="8c84fa94-04c1-424b-9868-57a2d4851a1d" />
    <TestEntry testId="45ca1bc7-5a10-f222-2a6e-74a08c95d64c" executionId="fa13b52a-0d7b-4205-b938-04aa1e8cd50c" testListId="8c84fa94-04c1-424b-9868-57a2d4851a1d" />
    <TestEntry testId="3a1b319d-ebad-0555-8cf3-8c561b538b92" executionId="3dd135ab-672a-4576-9425-7357333d0d21" testListId="8c84fa94-04c1-424b-9868-57a2d4851a1d" />
    <TestEntry testId="435e4884-75b3-19af-595c-1f4647fa89bf" executionId="d172a973-0e5e-411d-a943-a28b71845a76" testListId="8c84fa94-04c1-424b-9868-57a2d4851a1d" />
    <TestEntry testId="061c52d7-2516-e531-196f-8ab81d750566" executionId="00bc22de-6849-441e-b6df-b99f67656618" testListId="8c84fa94-04c1-424b-9868-57a2d4851a1d" />
    <TestEntry testId="e9d9c480-4b94-9bd4-9185-b1fe1715ebac" executionId="d6ef13a0-9c1e-4850-b7d4-699034a60e99" testListId="8c84fa94-04c1-424b-9868-57a2d4851a1d" />
    <TestEntry testId="437c208b-0981-ff0b-bd6a-222e71778e74" executionId="daf29700-1d3b-4b7e-8ed6-f11c775b1325" testListId="8c84fa94-04c1-424b-9868-57a2d4851a1d" />
    <TestEntry testId="780eaffc-3ef0-4605-648d-62e56fb9e741" executionId="1fbfe720-e3be-44ee-bba1-9f5ba6a06352" testListId="8c84fa94-04c1-424b-9868-57a2d4851a1d" />
    <TestEntry testId="22b7c91e-ec49-8f6a-4dd6-70dbbd3ba018" executionId="196a3a51-0313-4430-acc5-d8a21d7dd48a" testListId="8c84fa94-04c1-424b-9868-57a2d4851a1d" />
    <TestEntry testId="85e62e42-8f59-193c-0579-ae505bf32afb" executionId="be941ca6-1611-433a-b942-06c82e9189b6" testListId="8c84fa94-04c1-424b-9868-57a2d4851a1d" />
    <TestEntry testId="ae19d337-12a5-ca85-827d-27a54029e4ed" executionId="355b4dcb-0559-4d7d-8273-c9bb6cc6629c" testListId="8c84fa94-04c1-424b-9868-57a2d4851a1d" />
    <TestEntry testId="5407e356-a615-f34b-3acc-33d8795f67af" executionId="5d6b60a1-13bf-4dc1-ada9-cf02eaf0c54c" testListId="8c84fa94-04c1-424b-9868-57a2d4851a1d" />
    <TestEntry testId="bee9b950-259b-40c1-bcfb-27a28328cf5b" executionId="6964dc00-02e8-4ded-8d15-46b62ec95e8b" testListId="8c84fa94-04c1-424b-9868-57a2d4851a1d" />
    <TestEntry testId="486f8e56-842e-bad9-94e4-a5bb7aca4c20" executionId="7938955a-9b9e-4686-a6e4-cfc6728e813f" testListId="8c84fa94-04c1-424b-9868-57a2d4851a1d" />
    <TestEntry testId="b56f8277-4ed2-6d1e-4613-edbb3be12ae0" executionId="88ed0b93-ef78-444c-9471-f8aecaf43827" testListId="8c84fa94-04c1-424b-9868-57a2d4851a1d" />
    <TestEntry testId="766b7c95-082d-8b62-3ed7-38cd29cc6deb" executionId="6624a21f-5036-4bea-baff-50f55968a2c2" testListId="8c84fa94-04c1-424b-9868-57a2d4851a1d" />
    <TestEntry testId="e3c2fc14-e11a-ffcd-bed8-4b2a20e34cac" executionId="4b64ffe5-336d-44cd-93c4-f91bd8c199d8" testListId="8c84fa94-04c1-424b-9868-57a2d4851a1d" />
    <TestEntry testId="a8476a2f-d1d1-db21-1e91-01e8421f1443" executionId="248c2eaf-2c09-4cd8-8e09-6300cbbaf849" testListId="8c84fa94-04c1-424b-9868-57a2d4851a1d" />
    <TestEntry testId="2c709fa1-ef9d-3a33-863f-1fe69e421b6b" executionId="08b82ff6-6caa-409b-9de6-ffa1183c1adf" testListId="8c84fa94-04c1-424b-9868-57a2d4851a1d" />
    <TestEntry testId="672511bb-3622-b21d-db46-2cbb3ccb22f5" executionId="23cd31d3-5792-41a9-98e9-d680aa02378d" testListId="8c84fa94-04c1-424b-9868-57a2d4851a1d" />
    <TestEntry testId="f69323ba-fd5b-9c2c-7c84-13a2018532a2" executionId="b6bbf582-8405-4387-a38a-e40cc6832a02" testListId="8c84fa94-04c1-424b-9868-57a2d4851a1d" />
    <TestEntry testId="68cdf974-ba59-0ebd-4244-ad658892ff87" executionId="433846e7-5b8a-4be0-a5f5-d0b94ab82b55" testListId="8c84fa94-04c1-424b-9868-57a2d4851a1d" />
    <TestEntry testId="75f23245-8b6b-f6e1-9baf-2bb20eaa21f9" executionId="015ee155-8386-4d54-9fe0-7f04bf5e2374" testListId="8c84fa94-04c1-424b-9868-57a2d4851a1d" />
    <TestEntry testId="a6986303-de42-1cbb-0f8e-fbcafbad65f0" executionId="52281cfa-9bc4-4959-a98d-7cde487849f1" testListId="8c84fa94-04c1-424b-9868-57a2d4851a1d" />
    <TestEntry testId="dfc76670-d392-bc3a-29dd-b9b83a08da62" executionId="04bcc511-c849-4829-9d7f-e48b791ec158" testListId="8c84fa94-04c1-424b-9868-57a2d4851a1d" />
    <TestEntry testId="dda7c27f-b9cd-ed24-9230-8571870fa108" executionId="d723aef2-859f-42cf-985b-8dc3aa4d5716" testListId="8c84fa94-04c1-424b-9868-57a2d4851a1d" />
    <TestEntry testId="8102cc3c-4a32-25aa-3852-3fa42466fcb9" executionId="b20d0a72-370c-46ab-a5e5-cb123f9f75b8" testListId="8c84fa94-04c1-424b-9868-57a2d4851a1d" />
    <TestEntry testId="8f0fd4d4-df23-c42c-5fa1-a3c0df2369bc" executionId="52f623fe-8e95-4846-942d-65ca368bcf2f" testListId="8c84fa94-04c1-424b-9868-57a2d4851a1d" />
    <TestEntry testId="79a53458-571e-e357-68fb-f466e6c308f4" executionId="2803dc52-d2f6-4c6e-897f-b14e2351bbbd" testListId="8c84fa94-04c1-424b-9868-57a2d4851a1d" />
    <TestEntry testId="c3ebb486-d7c1-bded-f154-5c4bfa5126b6" executionId="a56561ee-78bc-4bad-98b6-dc9a0fbc45a0" testListId="8c84fa94-04c1-424b-9868-57a2d4851a1d" />
    <TestEntry testId="fa8e47ec-033f-aa21-97e7-28efef2e7a3a" executionId="bab3e8e7-b2a8-446c-91bf-c19054795eec" testListId="8c84fa94-04c1-424b-9868-57a2d4851a1d" />
    <TestEntry testId="e4901b6f-a8a3-b72e-998c-daf3e8f3cc8c" executionId="f981adeb-5666-4b56-8c5f-0a316e0c29bc" testListId="8c84fa94-04c1-424b-9868-57a2d4851a1d" />
    <TestEntry testId="4833ee05-6743-628e-b342-52a7ee2b7917" executionId="5e3523b8-e052-401f-bbc1-546833f69b96" testListId="8c84fa94-04c1-424b-9868-57a2d4851a1d" />
    <TestEntry testId="ff0e4471-75cf-dd9b-f4dd-c65dc0caae55" executionId="c62ce08c-1872-4d86-83dd-f154ec2e401e" testListId="8c84fa94-04c1-424b-9868-57a2d4851a1d" />
    <TestEntry testId="dac650ae-b1a4-44fc-8cfa-6deb8a1f44ac" executionId="e13ca067-630d-4627-853a-58175cfafcb2" testListId="8c84fa94-04c1-424b-9868-57a2d4851a1d" />
    <TestEntry testId="3741feeb-c7c3-e11c-7376-d52a8013fe37" executionId="dfe44e64-7fa1-4a48-8059-c6be2633d722" testListId="8c84fa94-04c1-424b-9868-57a2d4851a1d" />
    <TestEntry testId="8a7cbea2-0c74-b2e7-ffb9-7fe075840256" executionId="c1a67cec-fb60-4bc8-9bd7-1dbcefffefba" testListId="8c84fa94-04c1-424b-9868-57a2d4851a1d" />
    <TestEntry testId="1e0e00d2-2e66-fa05-0af1-c6a0cc159139" executionId="cdba97fc-a280-4f77-9637-9ebd77390800" testListId="8c84fa94-04c1-424b-9868-57a2d4851a1d" />
    <TestEntry testId="e81900ad-2ead-0128-f148-1c80e65adebc" executionId="827d720e-8f2b-4218-8cfb-04c829a3a66b" testListId="8c84fa94-04c1-424b-9868-57a2d4851a1d" />
    <TestEntry testId="c391c072-b4ed-e5fa-83b7-0f2eba4217b7" executionId="c1fe0332-0e44-42df-9464-eb572732daa3" testListId="8c84fa94-04c1-424b-9868-57a2d4851a1d" />
    <TestEntry testId="7e2f7afb-8961-4445-6cf7-63aa1164ff3d" executionId="8ba43c24-7d3c-4885-bade-bcf84fd03d93" testListId="8c84fa94-04c1-424b-9868-57a2d4851a1d" />
    <TestEntry testId="13b02c9c-c15e-70f0-662c-00301cc4e79d" executionId="3c20bdfe-a519-4052-bfb5-99202c422263" testListId="8c84fa94-04c1-424b-9868-57a2d4851a1d" />
    <TestEntry testId="9a02413e-dfe2-53fa-e49a-6e0655e6d5f8" executionId="236c060c-9a50-488f-8a07-9ddf489d48e3" testListId="8c84fa94-04c1-424b-9868-57a2d4851a1d" />
    <TestEntry testId="f8ea3d11-6701-91fe-1ff1-54f8e111384b" executionId="d234409d-f18b-4a9d-96cd-7bea94a87cbc" testListId="8c84fa94-04c1-424b-9868-57a2d4851a1d" />
    <TestEntry testId="f9f51912-9f74-344a-08ed-9af53b5cd26d" executionId="dc963d9a-f4e4-493d-bc15-0a0e688662e1" testListId="8c84fa94-04c1-424b-9868-57a2d4851a1d" />
    <TestEntry testId="f4ad17eb-7498-a4da-f7b1-05e133f367b7" executionId="9d7db08e-d310-4f62-801b-21d3a35d2bd4" testListId="8c84fa94-04c1-424b-9868-57a2d4851a1d" />
    <TestEntry testId="2e894b86-b723-38b7-4e0a-913582dada2d" executionId="0bcfac54-a871-4658-8e5f-842d982884cf" testListId="8c84fa94-04c1-424b-9868-57a2d4851a1d" />
    <TestEntry testId="a8983b09-f291-b63a-8a77-55f01807e162" executionId="622c002b-9ef2-4ab1-a463-23440aaa6512" testListId="8c84fa94-04c1-424b-9868-57a2d4851a1d" />
    <TestEntry testId="e1df0efc-1f5c-0748-f5a6-b9d61e2854b4" executionId="04429b98-676b-4790-8638-d71d561e3115" testListId="8c84fa94-04c1-424b-9868-57a2d4851a1d" />
    <TestEntry testId="3455d562-e851-64a3-fc7e-734a9ef1efbe" executionId="da56714b-303b-4a73-8117-d4bc069cd621" testListId="8c84fa94-04c1-424b-9868-57a2d4851a1d" />
    <TestEntry testId="088e400b-a6fe-3023-c992-7b560016c12a" executionId="d1873320-e4f5-4b78-bfd7-7add4cc281cf" testListId="8c84fa94-04c1-424b-9868-57a2d4851a1d" />
    <TestEntry testId="3ddb91e7-a063-c4e7-6c97-14d4c9276ed0" executionId="5bb8f298-b621-4069-a363-e7e80ca6d013" testListId="8c84fa94-04c1-424b-9868-57a2d4851a1d" />
    <TestEntry testId="485f7afb-0c88-bbd1-3493-8feb5a6708c7" executionId="233b0070-3824-435e-afb8-42148d7534b7" testListId="8c84fa94-04c1-424b-9868-57a2d4851a1d" />
    <TestEntry testId="c2ec2074-992a-db83-9a4f-fabe03edda69" executionId="8e59426c-60f8-49c6-9338-1087e121f1ec" testListId="8c84fa94-04c1-424b-9868-57a2d4851a1d" />
    <TestEntry testId="e9cc9e79-6016-508e-272a-5c5dd1abb28a" executionId="93ae898f-2d21-496d-ace9-cd0d0f3ea45f" testListId="8c84fa94-04c1-424b-9868-57a2d4851a1d" />
    <TestEntry testId="2f0615af-ab79-89ee-9dd3-993292ee944b" executionId="41a7e1b5-617b-471a-824c-73a24056d04e" testListId="8c84fa94-04c1-424b-9868-57a2d4851a1d" />
    <TestEntry testId="5060a8cc-eb31-5a82-3d42-e855e7c3bddf" executionId="1919e69d-418b-4c31-b4e4-320627bbba37" testListId="8c84fa94-04c1-424b-9868-57a2d4851a1d" />
    <TestEntry testId="c8893d43-4ef8-2b71-204a-3cf944efa1dc" executionId="a4cc79ed-dda7-41cc-bdb8-cf9da75c19b9" testListId="8c84fa94-04c1-424b-9868-57a2d4851a1d" />
    <TestEntry testId="1b515c70-e7f6-1666-d159-5e6a9ed8058f" executionId="ce616eac-c6c3-4de0-8031-ee2680a7bbd3" testListId="8c84fa94-04c1-424b-9868-57a2d4851a1d" />
    <TestEntry testId="536d08c5-8071-9f44-ca22-99ef8f1aabd9" executionId="102c8665-ba18-4e17-bae3-f4cba556f253" testListId="8c84fa94-04c1-424b-9868-57a2d4851a1d" />
    <TestEntry testId="eecd381f-4d64-283a-e82a-e379a6755902" executionId="4e220df4-b7d3-4656-a069-0e6414d67633" testListId="8c84fa94-04c1-424b-9868-57a2d4851a1d" />
    <TestEntry testId="ead0393d-e996-74cb-d554-fd378c5d3eff" executionId="e08702f0-0846-458c-80f4-9c2c2851edbc" testListId="8c84fa94-04c1-424b-9868-57a2d4851a1d" />
    <TestEntry testId="9f1d59f7-75ab-23af-741b-f9d0bc02e26e" executionId="04d93710-bd30-4ee9-b83b-c55adff3aeb0" testListId="8c84fa94-04c1-424b-9868-57a2d4851a1d" />
    <TestEntry testId="4adbf089-9832-6121-ab21-5428a257156a" executionId="b8e453a2-4525-4be0-93b4-94aee7f6f39a" testListId="8c84fa94-04c1-424b-9868-57a2d4851a1d" />
    <TestEntry testId="ef05f4d5-027d-28ec-2faa-b14451e5e1cc" executionId="00f9a99d-0e24-402c-b5ea-454eeab3ae7e" testListId="8c84fa94-04c1-424b-9868-57a2d4851a1d" />
    <TestEntry testId="038e781f-d1ee-1670-b053-8c14c865c5f2" executionId="11d4a952-7545-4839-af2f-a37c1bb0bedf" testListId="8c84fa94-04c1-424b-9868-57a2d4851a1d" />
    <TestEntry testId="03fef14e-9678-963d-947a-df3b8aacbde7" executionId="4bf420d5-dc05-4634-be88-b906d4fabb58" testListId="8c84fa94-04c1-424b-9868-57a2d4851a1d" />
    <TestEntry testId="b76eb5c0-8190-ad0d-d786-71f055e739ed" executionId="3bdc5e59-17f8-4056-8281-acc7cf967804" testListId="8c84fa94-04c1-424b-9868-57a2d4851a1d" />
    <TestEntry testId="a900cccc-1536-93b9-f563-2bb23211ded6" executionId="09243a51-1923-473b-96b0-a1af8a91344b" testListId="8c84fa94-04c1-424b-9868-57a2d4851a1d" />
    <TestEntry testId="47a07ef0-8827-70c0-e712-b61d510192e2" executionId="7ea6d371-5080-42d2-a4e2-0befd5d94f8e" testListId="8c84fa94-04c1-424b-9868-57a2d4851a1d" />
    <TestEntry testId="014137da-efad-4dc1-e78a-0ffe47305a2a" executionId="2248de3a-04d0-42b3-b88b-926bbd6b977c" testListId="8c84fa94-04c1-424b-9868-57a2d4851a1d" />
    <TestEntry testId="324cd5a4-ac44-d170-fc7e-62cc89ffb70c" executionId="c33dae0e-81e4-414b-a8a6-df07e55c1dfc" testListId="8c84fa94-04c1-424b-9868-57a2d4851a1d" />
    <TestEntry testId="34f06152-8d6e-fac6-be39-12cf7a52cf0d" executionId="bcc0db30-4112-4f25-bd15-29962093bf20" testListId="8c84fa94-04c1-424b-9868-57a2d4851a1d" />
    <TestEntry testId="31d5a743-c4cc-3925-b715-3ebaca999941" executionId="a469b966-18ba-4fae-935e-e9242047a4ea" testListId="8c84fa94-04c1-424b-9868-57a2d4851a1d" />
    <TestEntry testId="1d53a7bf-8595-a4c1-4cd4-bfcb8f8d4b82" executionId="81ae0d5c-878a-4bd5-a31a-f3e2c0925077" testListId="8c84fa94-04c1-424b-9868-57a2d4851a1d" />
    <TestEntry testId="1f57f0f9-59c9-0cf7-0245-9849324fd3e0" executionId="e1efa673-1b8b-454d-9b01-3e85c45b989b" testListId="8c84fa94-04c1-424b-9868-57a2d4851a1d" />
    <TestEntry testId="02bf555e-ceb8-7114-2200-276ab68a0b9e" executionId="0a64e6af-4cd8-4bac-9b98-f3ca219e5b89" testListId="8c84fa94-04c1-424b-9868-57a2d4851a1d" />
    <TestEntry testId="2b6a9ef0-a95e-f3ac-c958-9ad4556c760a" executionId="946517cb-a266-4994-bef8-955abff708a0" testListId="8c84fa94-04c1-424b-9868-57a2d4851a1d" />
    <TestEntry testId="c05c0a84-e848-0391-3718-da7fc656ab84" executionId="a1392d68-6275-4d3b-b00e-2b2693d84d38" testListId="8c84fa94-04c1-424b-9868-57a2d4851a1d" />
    <TestEntry testId="8a445cba-5adb-49af-b4a1-63fb8098f84e" executionId="358154a8-541c-4d8f-8deb-6000820bde26" testListId="8c84fa94-04c1-424b-9868-57a2d4851a1d" />
    <TestEntry testId="80fd5b8d-2a68-9292-189e-bd8bc81ec411" executionId="0247398f-1c62-4acc-bec2-42763835ba3e" testListId="8c84fa94-04c1-424b-9868-57a2d4851a1d" />
    <TestEntry testId="606f7a39-7352-75eb-5105-4ab1d1d3407c" executionId="2b33742d-8e0c-42a7-ab3a-e4462d27c5d9" testListId="8c84fa94-04c1-424b-9868-57a2d4851a1d" />
    <TestEntry testId="ebf02d02-54dc-cd0b-a7ea-7c251187e308" executionId="68846452-c9fb-4af4-88c5-e1779df0cfb9" testListId="8c84fa94-04c1-424b-9868-57a2d4851a1d" />
    <TestEntry testId="18650772-aa80-3c38-e3a3-2db55fcb94cb" executionId="10d59892-48ec-48dc-8f09-8b5ff6cf3c2d" testListId="8c84fa94-04c1-424b-9868-57a2d4851a1d" />
    <TestEntry testId="acd37170-d17d-357b-5d90-8f67e871c3b7" executionId="7a8aa7af-8045-4d9f-aff3-1659836a0c16" testListId="8c84fa94-04c1-424b-9868-57a2d4851a1d" />
    <TestEntry testId="c64d0af0-a63d-b429-1bf4-f4a71224b245" executionId="123b16e1-5b7d-446a-803b-4901c476dad1" testListId="8c84fa94-04c1-424b-9868-57a2d4851a1d" />
    <TestEntry testId="1ca42edd-3ac6-c7e2-df25-64d012446979" executionId="12f6f55c-368c-433f-8909-273357ffff16" testListId="8c84fa94-04c1-424b-9868-57a2d4851a1d" />
    <TestEntry testId="c10299bc-a13e-ea9b-6bde-b14c4dd12cd9" executionId="4325481e-afa1-4da6-b539-426403c36947" testListId="8c84fa94-04c1-424b-9868-57a2d4851a1d" />
    <TestEntry testId="425b1d67-78e8-3561-7d56-01782c710551" executionId="9cccba37-ef5a-469a-81db-303b0871c9a1" testListId="8c84fa94-04c1-424b-9868-57a2d4851a1d" />
    <TestEntry testId="b647022b-0bb4-67aa-5692-7c8e57b6b96d" executionId="3391c8ed-ea71-42a8-b64a-9f63d9174e76" testListId="8c84fa94-04c1-424b-9868-57a2d4851a1d" />
    <TestEntry testId="e159de54-a9ec-0c06-1dbf-0d59594e4edf" executionId="5ade00dd-4e4a-40e3-a68f-53e56adb7758" testListId="8c84fa94-04c1-424b-9868-57a2d4851a1d" />
    <TestEntry testId="b7dfde85-249b-7e2c-6430-850dd7c361f5" executionId="5d01a567-6bf6-421b-a41b-960325d5cab0" testListId="8c84fa94-04c1-424b-9868-57a2d4851a1d" />
    <TestEntry testId="e6bf9479-3eda-701d-ad2c-9cb7a2ee012c" executionId="5b9e8ae1-2182-4a7a-92d6-f8f431d5178c" testListId="8c84fa94-04c1-424b-9868-57a2d4851a1d" />
    <TestEntry testId="7887e1f6-f171-effd-e06e-1b6327ebe2ea" executionId="fff834c9-67cd-484b-a0ab-3bfd0a5b4506" testListId="8c84fa94-04c1-424b-9868-57a2d4851a1d" />
    <TestEntry testId="615d0ab3-8d94-e669-b2e8-ab98d3ec6cfd" executionId="67ec79c9-89ac-4569-9461-5b2737758313" testListId="8c84fa94-04c1-424b-9868-57a2d4851a1d" />
    <TestEntry testId="ef3f53e0-5346-8d8e-795b-6d8272bbe8bc" executionId="b3035fd3-7f2b-4065-90a4-1fdaa2986b6e" testListId="8c84fa94-04c1-424b-9868-57a2d4851a1d" />
    <TestEntry testId="1e981bc7-9c25-9076-bb18-dad0f3644824" executionId="58e5c15e-3c0a-418c-a848-06def4e6ed27" testListId="8c84fa94-04c1-424b-9868-57a2d4851a1d" />
  </TestEntries>
  <TestLists>
    <TestList name="Results Not in a List" id="8c84fa94-04c1-424b-9868-57a2d4851a1d" />
    <TestList name="All Loaded Results" id="19431567-8539-422a-85d7-44ee4e166bda" />
  </TestLists>
  <ResultSummary outcome="Completed">
    <Counters total="158" executed="158" passed="158" failed="0" error="0" timeout="0" aborted="0" inconclusive="0" passedButRunAborted="0" notRunnable="0" notExecuted="0" disconnected="0" warning="0" completed="0" inProgress="0" pending="0" />
  </ResultSummary>
</TestRun>