<?xml version="1.0" encoding="UTF-8"?>
<TestRun id="6dee4119-079b-4806-8798-c940da0d0710" name="tfsmladm@TFSBUILD11 2015-09-28 09:43:16" runUser="REDMOND\tfsmladm" xmlns="http://microsoft.com/schemas/VisualStudio/TeamTest/2010">
  <Times creation="2015-09-28T09:43:16.1081874-07:00" queuing="2015-09-28T09:43:16.1081874-07:00" start="2015-09-28T09:43:16.1081874-07:00" finish="2015-09-28T09:43:16.1550660-07:00" />
  <TestSettings name="default" id="d0762ca7-c347-4797-bf1d-d51775299886">
    <Execution>
      <TestTypeSpecific />
    </Execution>
    <Deployment runDeploymentRoot="tfsmladm_TFSBUILD11 2015-09-28 09_43_16" />
    <Properties />
  </TestSettings>
  <Results>
    <UnitTestResult executionId="4f85ab4e-4968-44b2-bcc7-822491d29eee" testId="48d6eedd-405d-4b2b-ee8b-e5077a792b46" testName="GetBuildFolderHashKey" computerName="TFSBUILD11" duration="00:00:00.2398220" startTime="2015-09-28T09:43:15.7644138-07:00" endTime="2015-09-28T09:43:16.0456832-07:00" testType="13cdc9d9-ddb5-4fa4-a97d-d965ccfc6d4b" outcome="Passed" testListId="8c84fa94-04c1-424b-9868-57a2d4851a1d" relativeResultsDirectory="4f85ab4e-4968-44b2-bcc7-822491d29eee" />
  </Results>
  <TestDefinitions>
    <UnitTest name="GetBuildFolderHashKey" storage="d:\v2.0\a1\_work\dbded102\bin\release.anycpu\distributedtask.agent\ms.tf.distributedtask.plugin.build.l0.tests\microsoft.teamfoundation.distributedtask.plugin.build.l0.tests.dll" id="48d6eedd-405d-4b2b-ee8b-e5077a792b46">
      <Execution id="4f85ab4e-4968-44b2-bcc7-822491d29eee" />
      <TestMethod codeBase="D:\v2.0\A1\_work\dbded102\bin\Release.AnyCPU\DistributedTask.Agent\MS.TF.DistributedTask.Plugin.Build.L0.Tests\Microsoft.TeamFoundation.DistributedTask.Plugin.Build.L0.Tests.dll" adapterTypeName="Microsoft.VisualStudio.TestTools.TestTypes.Unit.UnitTestAdapter" className="Microsoft.TeamFoundation.DistributedTask.Plugin.Build.L0.UnitTests.SourceProviderBaseTests" name="GetBuildFolderHashKey" />
    </UnitTest>
  </TestDefinitions>
  <TestEntries>
    <TestEntry testId="48d6eedd-405d-4b2b-ee8b-e5077a792b46" executionId="4f85ab4e-4968-44b2-bcc7-822491d29eee" testListId="8c84fa94-04c1-424b-9868-57a2d4851a1d" />
  </TestEntries>
  <TestLists>
    <TestList name="Results Not in a List" id="8c84fa94-04c1-424b-9868-57a2d4851a1d" />
    <TestList name="All Loaded Results" id="19431567-8539-422a-85d7-44ee4e166bda" />
  </TestLists>
  <ResultSummary outcome="Completed">
    <Counters total="1" executed="1" passed="1" failed="0" error="0" timeout="0" aborted="0" inconclusive="0" passedButRunAborted="0" notRunnable="0" notExecuted="0" disconnected="0" warning="0" completed="0" inProgress="0" pending="0" />
  </ResultSummary>
</TestRun>