<?xml version="1.0" encoding="UTF-8"?>
<TestRun id="f1e2ebcd-4e94-4514-8b57-2cdd7626e9de" name="tfsmladm@TFSBUILD11 2015-09-28 09:43:18" runUser="REDMOND\tfsmladm" xmlns="http://microsoft.com/schemas/VisualStudio/TeamTest/2010">
  <Times creation="2015-09-28T09:43:18.8896355-07:00" queuing="2015-09-28T09:43:18.8896355-07:00" start="2015-09-28T09:43:18.9052619-07:00" finish="2015-09-28T09:43:21.6867096-07:00" />
  <TestSettings name="default" id="b461a003-96e5-4a32-ba50-b6e77daefc3c">
    <Execution>
      <TestTypeSpecific />
    </Execution>
    <Deployment runDeploymentRoot="tfsmladm_TFSBUILD11 2015-09-28 09_43_18" />
    <Properties />
  </TestSettings>
  <Results>
    <UnitTestResult executionId="c6c17e1b-f3b0-4774-9b48-8066ee4db83a" testId="c5fed459-50f1-647c-2b9b-f21f3bc3b792" testName="ShsBadArgs_GetSubscription1" computerName="TFSBUILD11" duration="00:00:01.7056677" startTime="2015-09-28T09:43:16.8582407-07:00" endTime="2015-09-28T09:43:18.6396177-07:00" testType="13cdc9d9-ddb5-4fa4-a97d-d965ccfc6d4b" outcome="Passed" testListId="8c84fa94-04c1-424b-9868-57a2d4851a1d" relativeResultsDirectory="c6c17e1b-f3b0-4774-9b48-8066ee4db83a" />
    <UnitTestResult executionId="0ea8752b-b8ad-4944-9956-fd2043ff4e19" testId="f1083d24-8369-f2b6-3899-3b6ad1d8ec29" testName="ShsBadArgs_GetSubscription2" computerName="TFSBUILD11" duration="00:00:00.0154546" startTime="2015-09-28T09:43:18.6552441-07:00" endTime="2015-09-28T09:43:18.6708696-07:00" testType="13cdc9d9-ddb5-4fa4-a97d-d965ccfc6d4b" outcome="Passed" testListId="8c84fa94-04c1-424b-9868-57a2d4851a1d" relativeResultsDirectory="0ea8752b-b8ad-4944-9956-fd2043ff4e19" />
    <UnitTestResult executionId="dc039da5-fd57-4c99-9ba6-f26910893dfe" testId="a1e62996-1934-4432-52f4-a2d3c1b59548" testName="ShsSubscriptions_GetWithUnknownId" computerName="TFSBUILD11" duration="00:00:00.0161987" startTime="2015-09-28T09:43:18.6708696-07:00" endTime="2015-09-28T09:43:18.6864957-07:00" testType="13cdc9d9-ddb5-4fa4-a97d-d965ccfc6d4b" outcome="Passed" testListId="8c84fa94-04c1-424b-9868-57a2d4851a1d" relativeResultsDirectory="dc039da5-fd57-4c99-9ba6-f26910893dfe" />
    <UnitTestResult executionId="b405baf6-1df7-494c-9af2-ebc2c553f628" testId="a2d0c685-2585-906b-a88d-d98f0479ba59" testName="ShsSubscriptions_GetOne" computerName="TFSBUILD11" duration="00:00:00.1031743" startTime="2015-09-28T09:43:18.6864957-07:00" endTime="2015-09-28T09:43:18.7802530-07:00" testType="13cdc9d9-ddb5-4fa4-a97d-d965ccfc6d4b" outcome="Passed" testListId="8c84fa94-04c1-424b-9868-57a2d4851a1d" relativeResultsDirectory="b405baf6-1df7-494c-9af2-ebc2c553f628" />
    <UnitTestResult executionId="dc709282-e80a-4ece-a204-992211e49f5c" testId="cddce590-c561-a925-1717-32c03934a2b6" testName="ShsBadArgs_GetSubscriptions1" computerName="TFSBUILD11" duration="00:00:00.0147182" startTime="2015-09-28T09:43:18.7802530-07:00" endTime="2015-09-28T09:43:18.7958794-07:00" testType="13cdc9d9-ddb5-4fa4-a97d-d965ccfc6d4b" outcome="Passed" testListId="8c84fa94-04c1-424b-9868-57a2d4851a1d" relativeResultsDirectory="dc709282-e80a-4ece-a204-992211e49f5c" />
    <UnitTestResult executionId="da1ef59a-3af3-4d3a-9d31-f84ebf6305b5" testId="b72e2394-16dd-0c8b-8f58-519dc9a8d126" testName="ShsBadArgs_GetSubscriptions2" computerName="TFSBUILD11" duration="00:00:00.0140432" startTime="2015-09-28T09:43:18.7958794-07:00" endTime="2015-09-28T09:43:18.8115052-07:00" testType="13cdc9d9-ddb5-4fa4-a97d-d965ccfc6d4b" outcome="Passed" testListId="8c84fa94-04c1-424b-9868-57a2d4851a1d" relativeResultsDirectory="da1ef59a-3af3-4d3a-9d31-f84ebf6305b5" />
    <UnitTestResult executionId="74e5b17c-5acc-4c5d-90b5-146b427bc856" testId="eb2a7336-9220-f784-2ab6-2ae764263240" testName="ShsBadArgs_GetSubscriptions3" computerName="TFSBUILD11" duration="00:00:00.0146144" startTime="2015-09-28T09:43:18.8115052-07:00" endTime="2015-09-28T09:43:18.8271313-07:00" testType="13cdc9d9-ddb5-4fa4-a97d-d965ccfc6d4b" outcome="Passed" testListId="8c84fa94-04c1-424b-9868-57a2d4851a1d" relativeResultsDirectory="74e5b17c-5acc-4c5d-90b5-146b427bc856" />
    <UnitTestResult executionId="24a5bb05-7074-403d-82f8-975dbf565fb2" testId="b9ed8ae0-9c64-f4dd-39de-ca990d246678" testName="ShsSubscriptions_GetMultiple" computerName="TFSBUILD11" duration="00:00:00.0194903" startTime="2015-09-28T09:43:18.8271313-07:00" endTime="2015-09-28T09:43:18.8583852-07:00" testType="13cdc9d9-ddb5-4fa4-a97d-d965ccfc6d4b" outcome="Passed" testListId="8c84fa94-04c1-424b-9868-57a2d4851a1d" relativeResultsDirectory="24a5bb05-7074-403d-82f8-975dbf565fb2" />
    <UnitTestResult executionId="2294e58b-70ff-436f-995a-55fcfa97f402" testId="304808fb-4676-b6eb-0e09-19dbc4248730" testName="ShsBadArgs_CreateSubscription1" computerName="TFSBUILD11" duration="00:00:00.0131467" startTime="2015-09-28T09:43:18.8583852-07:00" endTime="2015-09-28T09:43:18.8583852-07:00" testType="13cdc9d9-ddb5-4fa4-a97d-d965ccfc6d4b" outcome="Passed" testListId="8c84fa94-04c1-424b-9868-57a2d4851a1d" relativeResultsDirectory="2294e58b-70ff-436f-995a-55fcfa97f402" />
    <UnitTestResult executionId="b902d23c-2159-44d2-a18c-b62f7ab79ea9" testId="ec0a3927-0617-dcdf-6578-9bf149e0ce5e" testName="ShsBadArgs_CreateSubscription2" computerName="TFSBUILD11" duration="00:00:00.0196911" startTime="2015-09-28T09:43:18.8740096-07:00" endTime="2015-09-28T09:43:18.8896355-07:00" testType="13cdc9d9-ddb5-4fa4-a97d-d965ccfc6d4b" outcome="Passed" testListId="8c84fa94-04c1-424b-9868-57a2d4851a1d" relativeResultsDirectory="b902d23c-2159-44d2-a18c-b62f7ab79ea9" />
    <UnitTestResult executionId="fa99ddfe-e1fd-4d45-9513-44f7b49dbb7d" testId="430abac5-3a36-740b-5658-1af45efeec77" testName="ShsBadArgs_CreateSubscription4" computerName="TFSBUILD11" duration="00:00:00.0152507" startTime="2015-09-28T09:43:18.8896355-07:00" endTime="2015-09-28T09:43:18.9052619-07:00" testType="13cdc9d9-ddb5-4fa4-a97d-d965ccfc6d4b" outcome="Passed" testListId="8c84fa94-04c1-424b-9868-57a2d4851a1d" relativeResultsDirectory="fa99ddfe-e1fd-4d45-9513-44f7b49dbb7d" />
    <UnitTestResult executionId="a5254cc2-c3d1-4543-bc67-ca3b3a18ae18" testId="f989e53f-9855-0296-300a-1035251e0c99" testName="ShsBadArgs_CreateSubscription5" computerName="TFSBUILD11" duration="00:00:00.0156088" startTime="2015-09-28T09:43:18.9052619-07:00" endTime="2015-09-28T09:43:18.9208877-07:00" testType="13cdc9d9-ddb5-4fa4-a97d-d965ccfc6d4b" outcome="Passed" testListId="8c84fa94-04c1-424b-9868-57a2d4851a1d" relativeResultsDirectory="a5254cc2-c3d1-4543-bc67-ca3b3a18ae18" />
    <UnitTestResult executionId="274b90c9-b175-4762-9e4b-9a14a362d522" testId="d539e923-698b-61ab-481c-80122d8bf94b" testName="ShsBadArgs_CreateSubscription6" computerName="TFSBUILD11" duration="00:00:00.0153602" startTime="2015-09-28T09:43:18.9208877-07:00" endTime="2015-09-28T09:43:18.9365138-07:00" testType="13cdc9d9-ddb5-4fa4-a97d-d965ccfc6d4b" outcome="Passed" testListId="8c84fa94-04c1-424b-9868-57a2d4851a1d" relativeResultsDirectory="274b90c9-b175-4762-9e4b-9a14a362d522" />
    <UnitTestResult executionId="df15c9e8-ac66-4301-af1d-da2239584ab7" testId="8953a02a-65df-31fd-10c5-8de8631b0a05" testName="ShsBadArgs_CreateSubscription7" computerName="TFSBUILD11" duration="00:00:00.0155514" startTime="2015-09-28T09:43:18.9365138-07:00" endTime="2015-09-28T09:43:18.9521399-07:00" testType="13cdc9d9-ddb5-4fa4-a97d-d965ccfc6d4b" outcome="Passed" testListId="8c84fa94-04c1-424b-9868-57a2d4851a1d" relativeResultsDirectory="df15c9e8-ac66-4301-af1d-da2239584ab7" />
    <UnitTestResult executionId="1a44afe3-3818-457c-861f-022e773f1e9d" testId="d9c9dfc1-9ce1-bf1d-66fb-da2ae0c01691" testName="ShsBadArgs_CreateSubscription8" computerName="TFSBUILD11" duration="00:00:00.0152919" startTime="2015-09-28T09:43:18.9521399-07:00" endTime="2015-09-28T09:43:18.9677683-07:00" testType="13cdc9d9-ddb5-4fa4-a97d-d965ccfc6d4b" outcome="Passed" testListId="8c84fa94-04c1-424b-9868-57a2d4851a1d" relativeResultsDirectory="1a44afe3-3818-457c-861f-022e773f1e9d" />
    <UnitTestResult executionId="b9c77e72-1742-4ecf-8b29-a395c0692a45" testId="124c824e-b498-e454-3dbc-adb3ae04c5da" testName="ShsBadArgs_CreateSubscription9" computerName="TFSBUILD11" duration="00:00:00.0172085" startTime="2015-09-28T09:43:18.9677683-07:00" endTime="2015-09-28T09:43:18.9833924-07:00" testType="13cdc9d9-ddb5-4fa4-a97d-d965ccfc6d4b" outcome="Passed" testListId="8c84fa94-04c1-424b-9868-57a2d4851a1d" relativeResultsDirectory="b9c77e72-1742-4ecf-8b29-a395c0692a45" />
    <UnitTestResult executionId="016fec3b-c660-4cf2-8399-e2a247e921a7" testId="7fbfd774-8859-4364-2952-970a58ef45e8" testName="ShsBadArgs_CreateSubscription10" computerName="TFSBUILD11" duration="00:00:00.0143553" startTime="2015-09-28T09:43:18.9833924-07:00" endTime="2015-09-28T09:43:18.9990180-07:00" testType="13cdc9d9-ddb5-4fa4-a97d-d965ccfc6d4b" outcome="Passed" testListId="8c84fa94-04c1-424b-9868-57a2d4851a1d" relativeResultsDirectory="016fec3b-c660-4cf2-8399-e2a247e921a7" />
    <UnitTestResult executionId="6485afd6-ca8e-4a6c-9d5d-4ec3e4db9135" testId="2c2d8944-cd01-4afb-4f32-df1937a751d8" testName="ShsBadArgs_CreateSubscription11" computerName="TFSBUILD11" duration="00:00:00.0137471" startTime="2015-09-28T09:43:18.9990180-07:00" endTime="2015-09-28T09:43:19.0146449-07:00" testType="13cdc9d9-ddb5-4fa4-a97d-d965ccfc6d4b" outcome="Passed" testListId="8c84fa94-04c1-424b-9868-57a2d4851a1d" relativeResultsDirectory="6485afd6-ca8e-4a6c-9d5d-4ec3e4db9135" />
    <UnitTestResult executionId="cbf29018-9ef6-4e04-84ce-292db13583ff" testId="d8b4f2bc-aa2f-248f-6149-f67f8c91ec2c" testName="ShsBadArgs_CreateSubscription12" computerName="TFSBUILD11" duration="00:00:00.0137685" startTime="2015-09-28T09:43:19.0146449-07:00" endTime="2015-09-28T09:43:19.0302707-07:00" testType="13cdc9d9-ddb5-4fa4-a97d-d965ccfc6d4b" outcome="Passed" testListId="8c84fa94-04c1-424b-9868-57a2d4851a1d" relativeResultsDirectory="cbf29018-9ef6-4e04-84ce-292db13583ff" />
    <UnitTestResult executionId="9d9aaa35-dc56-4759-a8c8-ba729f875352" testId="b0e6f9ab-e8b5-3533-fce5-0576ad4ac5ca" testName="ShsBadArgs_CreateSubscription13" computerName="TFSBUILD11" duration="00:00:00.0150018" startTime="2015-09-28T09:43:19.0302707-07:00" endTime="2015-09-28T09:43:19.0458971-07:00" testType="13cdc9d9-ddb5-4fa4-a97d-d965ccfc6d4b" outcome="Passed" testListId="8c84fa94-04c1-424b-9868-57a2d4851a1d" relativeResultsDirectory="9d9aaa35-dc56-4759-a8c8-ba729f875352" />
    <UnitTestResult executionId="04814f7b-dfde-480e-abc8-fea169b3bd8e" testId="31026231-a005-ef57-59c1-64cd566f4d96" testName="ShsBadArgs_CreateSubscription14" computerName="TFSBUILD11" duration="00:00:00.0158073" startTime="2015-09-28T09:43:19.0458971-07:00" endTime="2015-09-28T09:43:19.0615238-07:00" testType="13cdc9d9-ddb5-4fa4-a97d-d965ccfc6d4b" outcome="Passed" testListId="8c84fa94-04c1-424b-9868-57a2d4851a1d" relativeResultsDirectory="04814f7b-dfde-480e-abc8-fea169b3bd8e" />
    <UnitTestResult executionId="64de3402-1023-429c-a331-8b9f17dd5992" testId="41dd802f-b477-01db-16ec-c1f27490eb10" testName="ShsBadArgs_CreateSubscription15" computerName="TFSBUILD11" duration="00:00:00.0138686" startTime="2015-09-28T09:43:19.0615238-07:00" endTime="2015-09-28T09:43:19.0771494-07:00" testType="13cdc9d9-ddb5-4fa4-a97d-d965ccfc6d4b" outcome="Passed" testListId="8c84fa94-04c1-424b-9868-57a2d4851a1d" relativeResultsDirectory="64de3402-1023-429c-a331-8b9f17dd5992" />
    <UnitTestResult executionId="a2397534-9793-43a2-9c79-fd5224784a7b" testId="0bf7be58-443f-c7a6-4a24-fcd0219d975a" testName="ShsBadArgs_CreateSubscription16" computerName="TFSBUILD11" duration="00:00:00.0140785" startTime="2015-09-28T09:43:19.0771494-07:00" endTime="2015-09-28T09:43:19.0771494-07:00" testType="13cdc9d9-ddb5-4fa4-a97d-d965ccfc6d4b" outcome="Passed" testListId="8c84fa94-04c1-424b-9868-57a2d4851a1d" relativeResultsDirectory="a2397534-9793-43a2-9c79-fd5224784a7b" />
    <UnitTestResult executionId="93dc12af-89d9-4d3b-95c9-a2413c53a16b" testId="98be272e-13ae-4f7b-6932-783aa90b6b02" testName="ShsSubscriptions_CreateForAzureServiceBusNotificationHub" computerName="TFSBUILD11" duration="00:00:00.0150829" startTime="2015-09-28T09:43:19.0771494-07:00" endTime="2015-09-28T09:43:19.0927760-07:00" testType="13cdc9d9-ddb5-4fa4-a97d-d965ccfc6d4b" outcome="Passed" testListId="8c84fa94-04c1-424b-9868-57a2d4851a1d" relativeResultsDirectory="93dc12af-89d9-4d3b-95c9-a2413c53a16b" />
    <UnitTestResult executionId="849ce5b8-9e0c-40f7-a184-a1a9e12997ab" testId="f4809d20-7a30-e5cb-30da-5b5ce1d7472a" testName="ShsSubscriptions_CreateForAzureServiceBusQueue" computerName="TFSBUILD11" duration="00:00:00.0160278" startTime="2015-09-28T09:43:19.0927760-07:00" endTime="2015-09-28T09:43:19.1084024-07:00" testType="13cdc9d9-ddb5-4fa4-a97d-d965ccfc6d4b" outcome="Passed" testListId="8c84fa94-04c1-424b-9868-57a2d4851a1d" relativeResultsDirectory="849ce5b8-9e0c-40f7-a184-a1a9e12997ab" />
    <UnitTestResult executionId="8f588138-b263-45ea-a34f-50b58ed899d7" testId="6dae32fd-3c5e-8a80-2e7d-b3a7722c41e8" testName="ShsSubscriptions_CreateForAzureServiceBusTopic" computerName="TFSBUILD11" duration="00:00:00.0146266" startTime="2015-09-28T09:43:19.1084024-07:00" endTime="2015-09-28T09:43:19.1240268-07:00" testType="13cdc9d9-ddb5-4fa4-a97d-d965ccfc6d4b" outcome="Passed" testListId="8c84fa94-04c1-424b-9868-57a2d4851a1d" relativeResultsDirectory="8f588138-b263-45ea-a34f-50b58ed899d7" />
    <UnitTestResult executionId="9149b21c-f3ee-442c-9f3e-3fb70ab361f7" testId="2b6994d5-f891-6e2b-1085-c7e686dfd16b" testName="ShsSubscriptions_CreateForAzureStorageQueue" computerName="TFSBUILD11" duration="00:00:00.0134052" startTime="2015-09-28T09:43:19.1240268-07:00" endTime="2015-09-28T09:43:19.1396530-07:00" testType="13cdc9d9-ddb5-4fa4-a97d-d965ccfc6d4b" outcome="Passed" testListId="8c84fa94-04c1-424b-9868-57a2d4851a1d" relativeResultsDirectory="9149b21c-f3ee-442c-9f3e-3fb70ab361f7" />
    <UnitTestResult executionId="ed1162ad-e087-4a5d-be65-a2dd10b55b24" testId="1d2063e5-c30e-d48e-782e-1aa36e8676c8" testName="ShsSubscriptions_CreateForHipChatPostToRoom" computerName="TFSBUILD11" duration="00:00:00.0190369" startTime="2015-09-28T09:43:19.1396530-07:00" endTime="2015-09-28T09:43:19.1709055-07:00" testType="13cdc9d9-ddb5-4fa4-a97d-d965ccfc6d4b" outcome="Passed" testListId="8c84fa94-04c1-424b-9868-57a2d4851a1d" relativeResultsDirectory="ed1162ad-e087-4a5d-be65-a2dd10b55b24" />
    <UnitTestResult executionId="affb7504-585f-4319-97d7-ba5c44bbefcd" testId="d010eb92-c4ec-59ad-5b0c-a0a3d9412a4e" testName="ShsSubscriptions_CreateForTrelloCreateCard" computerName="TFSBUILD11" duration="00:00:00.0206853" startTime="2015-09-28T09:43:19.1709055-07:00" endTime="2015-09-28T09:43:19.1865310-07:00" testType="13cdc9d9-ddb5-4fa4-a97d-d965ccfc6d4b" outcome="Passed" testListId="8c84fa94-04c1-424b-9868-57a2d4851a1d" relativeResultsDirectory="affb7504-585f-4319-97d7-ba5c44bbefcd" />
    <UnitTestResult executionId="3e3ef3d1-c2e5-4e8e-b2f8-f6ee305d4895" testId="49163636-dd10-0589-4da4-dfa216cfdd15" testName="ShsSubscriptions_CreateForTrelloCreateList" computerName="TFSBUILD11" duration="00:00:00.0142947" startTime="2015-09-28T09:43:19.1865310-07:00" endTime="2015-09-28T09:43:19.2021574-07:00" testType="13cdc9d9-ddb5-4fa4-a97d-d965ccfc6d4b" outcome="Passed" testListId="8c84fa94-04c1-424b-9868-57a2d4851a1d" relativeResultsDirectory="3e3ef3d1-c2e5-4e8e-b2f8-f6ee305d4895" />
    <UnitTestResult executionId="9ef03d69-044c-4c13-ab0f-e6fb5c00a880" testId="dc8cf262-ce61-0ea9-5366-f82327f46772" testName="ShsSubscriptions_CreateForWebHooksHttpRequest" computerName="TFSBUILD11" duration="00:00:00.0135329" startTime="2015-09-28T09:43:19.2021574-07:00" endTime="2015-09-28T09:43:19.2177835-07:00" testType="13cdc9d9-ddb5-4fa4-a97d-d965ccfc6d4b" outcome="Passed" testListId="8c84fa94-04c1-424b-9868-57a2d4851a1d" relativeResultsDirectory="9ef03d69-044c-4c13-ab0f-e6fb5c00a880" />
    <UnitTestResult executionId="2e027421-f4db-41e4-8608-c5a9af086937" testId="bb213746-6bc0-adc8-d84e-70b3e4484b87" testName="ShsSubscriptions_CreateForZapier" computerName="TFSBUILD11" duration="00:00:00.0156296" startTime="2015-09-28T09:43:19.2177835-07:00" endTime="2015-09-28T09:43:19.2334099-07:00" testType="13cdc9d9-ddb5-4fa4-a97d-d965ccfc6d4b" outcome="Passed" testListId="8c84fa94-04c1-424b-9868-57a2d4851a1d" relativeResultsDirectory="2e027421-f4db-41e4-8608-c5a9af086937" />
    <UnitTestResult executionId="0e85e226-1fc2-424b-84b8-ad6e63880baf" testId="d6ac527d-7c2d-8bae-1ea8-1cdd3fa0032c" testName="ShsBadArgs_DeleteSubscription1" computerName="TFSBUILD11" duration="00:00:00.0147893" startTime="2015-09-28T09:43:19.2334099-07:00" endTime="2015-09-28T09:43:19.2490363-07:00" testType="13cdc9d9-ddb5-4fa4-a97d-d965ccfc6d4b" outcome="Passed" testListId="8c84fa94-04c1-424b-9868-57a2d4851a1d" relativeResultsDirectory="0e85e226-1fc2-424b-84b8-ad6e63880baf" />
    <UnitTestResult executionId="49d16e93-a8da-4f57-b9b3-3d7affc2866d" testId="ffd7d084-8041-8da6-cdab-e5c66d1e14f5" testName="ShsBadArgs_DeleteSubscription2" computerName="TFSBUILD11" duration="00:00:00.0144130" startTime="2015-09-28T09:43:19.2490363-07:00" endTime="2015-09-28T09:43:19.2646621-07:00" testType="13cdc9d9-ddb5-4fa4-a97d-d965ccfc6d4b" outcome="Passed" testListId="8c84fa94-04c1-424b-9868-57a2d4851a1d" relativeResultsDirectory="49d16e93-a8da-4f57-b9b3-3d7affc2866d" />
    <UnitTestResult executionId="b136e7f5-b8ef-4f8f-ba7a-e334ac871674" testId="ad6ff1b1-73eb-03ac-77a4-06ca94eabf6a" testName="ShsBadArgs_QuerySubscriptions1_1" computerName="TFSBUILD11" duration="00:00:00.0150055" startTime="2015-09-28T09:43:19.2646621-07:00" endTime="2015-09-28T09:43:19.2802888-07:00" testType="13cdc9d9-ddb5-4fa4-a97d-d965ccfc6d4b" outcome="Passed" testListId="8c84fa94-04c1-424b-9868-57a2d4851a1d" relativeResultsDirectory="b136e7f5-b8ef-4f8f-ba7a-e334ac871674" />
    <UnitTestResult executionId="2eaa31c3-8a21-4d9a-b3dc-c258db293dd8" testId="76cb9f06-bec0-4ec5-ab63-512313828a02" testName="ShsBadArgs_QuerySubscriptions1_2" computerName="TFSBUILD11" duration="00:00:00.0153670" startTime="2015-09-28T09:43:19.2802888-07:00" endTime="2015-09-28T09:43:19.2959149-07:00" testType="13cdc9d9-ddb5-4fa4-a97d-d965ccfc6d4b" outcome="Passed" testListId="8c84fa94-04c1-424b-9868-57a2d4851a1d" relativeResultsDirectory="2eaa31c3-8a21-4d9a-b3dc-c258db293dd8" />
    <UnitTestResult executionId="d69afc73-5722-42ec-ac3e-711bc7f139ac" testId="564aa53d-818b-a55c-e279-c8ccc43deade" testName="ShsSubscriptions_QuerySubscriptionsWithEmptyQuery" computerName="TFSBUILD11" duration="00:00:00.0179233" startTime="2015-09-28T09:43:19.2959149-07:00" endTime="2015-09-28T09:43:19.3115410-07:00" testType="13cdc9d9-ddb5-4fa4-a97d-d965ccfc6d4b" outcome="Passed" testListId="8c84fa94-04c1-424b-9868-57a2d4851a1d" relativeResultsDirectory="d69afc73-5722-42ec-ac3e-711bc7f139ac" />
    <UnitTestResult executionId="4a5bcd9d-0327-4ec1-9f27-cb072ca41b4d" testId="95f66d37-9955-c00b-8f68-b6a08562620b" testName="ShsSubscriptions_QuerySubscriptionsWitNoCriteria" computerName="TFSBUILD11" duration="00:00:00.0136877" startTime="2015-09-28T09:43:19.3115410-07:00" endTime="2015-09-28T09:43:19.3271683-07:00" testType="13cdc9d9-ddb5-4fa4-a97d-d965ccfc6d4b" outcome="Passed" testListId="8c84fa94-04c1-424b-9868-57a2d4851a1d" relativeResultsDirectory="4a5bcd9d-0327-4ec1-9f27-cb072ca41b4d" />
    <UnitTestResult executionId="d979ccb5-616c-4dbc-8442-c002d2704dc2" testId="65ca2bfe-5819-a2d8-ccb1-1d83710e0569" testName="ShsBadArgs_QuerySubscriptions2_1" computerName="TFSBUILD11" duration="00:00:00.0136106" startTime="2015-09-28T09:43:19.3271683-07:00" endTime="2015-09-28T09:43:19.3427932-07:00" testType="13cdc9d9-ddb5-4fa4-a97d-d965ccfc6d4b" outcome="Passed" testListId="8c84fa94-04c1-424b-9868-57a2d4851a1d" relativeResultsDirectory="d979ccb5-616c-4dbc-8442-c002d2704dc2" />
    <UnitTestResult executionId="30fedb28-65b7-472f-a4a2-3215b58db000" testId="99efa732-0aad-983c-a09d-360e9fd23285" testName="ShsBadArgs_QuerySubscriptions2_2" computerName="TFSBUILD11" duration="00:00:00.0162019" startTime="2015-09-28T09:43:19.3427932-07:00" endTime="2015-09-28T09:43:19.3584194-07:00" testType="13cdc9d9-ddb5-4fa4-a97d-d965ccfc6d4b" outcome="Passed" testListId="8c84fa94-04c1-424b-9868-57a2d4851a1d" relativeResultsDirectory="30fedb28-65b7-472f-a4a2-3215b58db000" />
    <UnitTestResult executionId="edf38ece-d4ce-4736-beb4-2fe00ced683b" testId="b3e43e34-bcd8-6bc7-df51-83be7b269695" testName="ShsBadArgs_QuerySubscriptions2_3" computerName="TFSBUILD11" duration="00:00:00.0157721" startTime="2015-09-28T09:43:19.3584194-07:00" endTime="2015-09-28T09:43:19.3740449-07:00" testType="13cdc9d9-ddb5-4fa4-a97d-d965ccfc6d4b" outcome="Passed" testListId="8c84fa94-04c1-424b-9868-57a2d4851a1d" relativeResultsDirectory="edf38ece-d4ce-4736-beb4-2fe00ced683b" />
    <UnitTestResult executionId="da62f70b-23fc-449e-8c28-c309c65f3f16" testId="cf0fe0b8-31d0-5e4e-cce7-37ab0b5ca8f8" testName="ShsBadArgs_QuerySubscriptions2_4" computerName="TFSBUILD11" duration="00:00:00.0134829" startTime="2015-09-28T09:43:19.3740449-07:00" endTime="2015-09-28T09:43:19.3896716-07:00" testType="13cdc9d9-ddb5-4fa4-a97d-d965ccfc6d4b" outcome="Passed" testListId="8c84fa94-04c1-424b-9868-57a2d4851a1d" relativeResultsDirectory="da62f70b-23fc-449e-8c28-c309c65f3f16" />
    <UnitTestResult executionId="94f00c1d-ca71-421a-843c-d7c76f1ce85c" testId="1016dbf5-9d9d-9d28-329c-6f79851aa8bd" testName="ShsBadArgs_QuerySubscriptions2_5" computerName="TFSBUILD11" duration="00:00:00.0140006" startTime="2015-09-28T09:43:19.3896716-07:00" endTime="2015-09-28T09:43:19.3896716-07:00" testType="13cdc9d9-ddb5-4fa4-a97d-d965ccfc6d4b" outcome="Passed" testListId="8c84fa94-04c1-424b-9868-57a2d4851a1d" relativeResultsDirectory="94f00c1d-ca71-421a-843c-d7c76f1ce85c" />
    <UnitTestResult executionId="d24d5c45-6ecf-42da-a08d-5b2e6339e300" testId="4a19dcc4-4b52-7bbf-8aaa-7d1aaceeaa50" testName="ShsBadArgs_QuerySubscriptions2_6" computerName="TFSBUILD11" duration="00:00:00.0167750" startTime="2015-09-28T09:43:19.3896716-07:00" endTime="2015-09-28T09:43:19.4209238-07:00" testType="13cdc9d9-ddb5-4fa4-a97d-d965ccfc6d4b" outcome="Passed" testListId="8c84fa94-04c1-424b-9868-57a2d4851a1d" relativeResultsDirectory="d24d5c45-6ecf-42da-a08d-5b2e6339e300" />
    <UnitTestResult executionId="0c6a2fb7-cb7a-4ce8-a2ec-73dc462e991e" testId="69810759-97ac-1e2d-dcfb-f5b81e4a95b2" testName="ShsBadArgs_QuerySubscriptions2_7" computerName="TFSBUILD11" duration="00:00:00.0139107" startTime="2015-09-28T09:43:19.4209238-07:00" endTime="2015-09-28T09:43:19.4209238-07:00" testType="13cdc9d9-ddb5-4fa4-a97d-d965ccfc6d4b" outcome="Passed" testListId="8c84fa94-04c1-424b-9868-57a2d4851a1d" relativeResultsDirectory="0c6a2fb7-cb7a-4ce8-a2ec-73dc462e991e" />
    <UnitTestResult executionId="d63dc2ed-1532-491a-b449-8ba281ef18cf" testId="aecfad6b-49ca-f7c5-cf88-bc0f227b7131" testName="ShsBadArgs_QuerySubscriptions2_8" computerName="TFSBUILD11" duration="00:00:00.0133805" startTime="2015-09-28T09:43:19.4365496-07:00" endTime="2015-09-28T09:43:19.4365496-07:00" testType="13cdc9d9-ddb5-4fa4-a97d-d965ccfc6d4b" outcome="Passed" testListId="8c84fa94-04c1-424b-9868-57a2d4851a1d" relativeResultsDirectory="d63dc2ed-1532-491a-b449-8ba281ef18cf" />
    <UnitTestResult executionId="abaae298-df94-415d-960e-053f534b880c" testId="6329fcb6-2f6b-0412-1ba6-9d1a436a5b7d" testName="ShsBadArgs_QuerySubscriptions2_9" computerName="TFSBUILD11" duration="00:00:00.0136305" startTime="2015-09-28T09:43:19.4365496-07:00" endTime="2015-09-28T09:43:19.4521757-07:00" testType="13cdc9d9-ddb5-4fa4-a97d-d965ccfc6d4b" outcome="Passed" testListId="8c84fa94-04c1-424b-9868-57a2d4851a1d" relativeResultsDirectory="abaae298-df94-415d-960e-053f534b880c" />
    <UnitTestResult executionId="cc9e3036-0c0c-4eeb-b80a-359ded03ad2e" testId="e639a91a-9eaf-6e26-a1e0-1bd0192b01a0" testName="ShsBadArgs_UpdateSubscription1" computerName="TFSBUILD11" duration="00:00:00.0180493" startTime="2015-09-28T09:43:19.4521757-07:00" endTime="2015-09-28T09:43:19.4678016-07:00" testType="13cdc9d9-ddb5-4fa4-a97d-d965ccfc6d4b" outcome="Passed" testListId="8c84fa94-04c1-424b-9868-57a2d4851a1d" relativeResultsDirectory="cc9e3036-0c0c-4eeb-b80a-359ded03ad2e" />
    <UnitTestResult executionId="1e469dd7-be4b-46ba-9a39-0f24997d130c" testId="f816691c-8613-43b6-5fa9-542141844073" testName="ShsBadArgs_UpdateSubscription2" computerName="TFSBUILD11" duration="00:00:00.0138179" startTime="2015-09-28T09:43:19.4678016-07:00" endTime="2015-09-28T09:43:19.4834277-07:00" testType="13cdc9d9-ddb5-4fa4-a97d-d965ccfc6d4b" outcome="Passed" testListId="8c84fa94-04c1-424b-9868-57a2d4851a1d" relativeResultsDirectory="1e469dd7-be4b-46ba-9a39-0f24997d130c" />
    <UnitTestResult executionId="6022180b-6f35-4159-a1e2-be959e0e8ea6" testId="b5bc2fa2-9978-405f-6683-63bc274d9a26" testName="ShsBadArgs_UpdateSubscription3" computerName="TFSBUILD11" duration="00:00:00.0145817" startTime="2015-09-28T09:43:19.4834277-07:00" endTime="2015-09-28T09:43:19.4990541-07:00" testType="13cdc9d9-ddb5-4fa4-a97d-d965ccfc6d4b" outcome="Passed" testListId="8c84fa94-04c1-424b-9868-57a2d4851a1d" relativeResultsDirectory="6022180b-6f35-4159-a1e2-be959e0e8ea6" />
    <UnitTestResult executionId="711b8afb-6851-4086-9ab6-91418dc38ad7" testId="5a359d8a-ef37-8089-89c4-4a32b4da2532" testName="ShsBadArgs_UpdateSubscription4" computerName="TFSBUILD11" duration="00:00:00.0142008" startTime="2015-09-28T09:43:19.4990541-07:00" endTime="2015-09-28T09:43:19.5146802-07:00" testType="13cdc9d9-ddb5-4fa4-a97d-d965ccfc6d4b" outcome="Passed" testListId="8c84fa94-04c1-424b-9868-57a2d4851a1d" relativeResultsDirectory="711b8afb-6851-4086-9ab6-91418dc38ad7" />
    <UnitTestResult executionId="cc7554af-1ba0-422b-bb93-742e03dfd33d" testId="6120b963-3503-ee4c-2dad-625c2d8e008f" testName="ShsBadArgs_UpdateSubscription5" computerName="TFSBUILD11" duration="00:00:00.0154100" startTime="2015-09-28T09:43:19.5146802-07:00" endTime="2015-09-28T09:43:19.5303063-07:00" testType="13cdc9d9-ddb5-4fa4-a97d-d965ccfc6d4b" outcome="Passed" testListId="8c84fa94-04c1-424b-9868-57a2d4851a1d" relativeResultsDirectory="cc7554af-1ba0-422b-bb93-742e03dfd33d" />
    <UnitTestResult executionId="d33a897e-0716-44ac-9ebb-7bfb182e1553" testId="b3fd6b0d-493e-8d13-3b81-185640c83a1c" testName="ShsBadArgs_UpdateSubscription6" computerName="TFSBUILD11" duration="00:00:00.0148320" startTime="2015-09-28T09:43:19.5303063-07:00" endTime="2015-09-28T09:43:19.5459327-07:00" testType="13cdc9d9-ddb5-4fa4-a97d-d965ccfc6d4b" outcome="Passed" testListId="8c84fa94-04c1-424b-9868-57a2d4851a1d" relativeResultsDirectory="d33a897e-0716-44ac-9ebb-7bfb182e1553" />
    <UnitTestResult executionId="f7ddcdf1-a546-4a9a-a686-f5cf4d32bb05" testId="096fca2f-2272-caa4-15c3-448594c675b7" testName="ShsBadArgs_UpdateSubscription7" computerName="TFSBUILD11" duration="00:00:00.0143510" startTime="2015-09-28T09:43:19.5459327-07:00" endTime="2015-09-28T09:43:19.5615585-07:00" testType="13cdc9d9-ddb5-4fa4-a97d-d965ccfc6d4b" outcome="Passed" testListId="8c84fa94-04c1-424b-9868-57a2d4851a1d" relativeResultsDirectory="f7ddcdf1-a546-4a9a-a686-f5cf4d32bb05" />
    <UnitTestResult executionId="5d9c3fc7-17e6-4881-8c09-edf7c6c1cc82" testId="773dbc74-7b1f-c0db-246d-c73e99b771da" testName="ShsBadArgs_UpdateSubscription8" computerName="TFSBUILD11" duration="00:00:00.0159223" startTime="2015-09-28T09:43:19.5615585-07:00" endTime="2015-09-28T09:43:19.5771843-07:00" testType="13cdc9d9-ddb5-4fa4-a97d-d965ccfc6d4b" outcome="Passed" testListId="8c84fa94-04c1-424b-9868-57a2d4851a1d" relativeResultsDirectory="5d9c3fc7-17e6-4881-8c09-edf7c6c1cc82" />
    <UnitTestResult executionId="f5db628b-e145-47cc-95e5-042e382db628" testId="31a827f7-c18f-f98f-b1ff-99a18a10d61b" testName="ShsBadArgs_UpdateSubscription9" computerName="TFSBUILD11" duration="00:00:00.0142278" startTime="2015-09-28T09:43:19.5771843-07:00" endTime="2015-09-28T09:43:19.5928105-07:00" testType="13cdc9d9-ddb5-4fa4-a97d-d965ccfc6d4b" outcome="Passed" testListId="8c84fa94-04c1-424b-9868-57a2d4851a1d" relativeResultsDirectory="f5db628b-e145-47cc-95e5-042e382db628" />
    <UnitTestResult executionId="433d575a-3bea-4d07-aa6f-0b8a145d6157" testId="48c9edf1-40dc-4943-22f4-3809bf94ca39" testName="ShsBadArgs_UpdateSubscription10" computerName="TFSBUILD11" duration="00:00:00.0142062" startTime="2015-09-28T09:43:19.5928105-07:00" endTime="2015-09-28T09:43:19.6084366-07:00" testType="13cdc9d9-ddb5-4fa4-a97d-d965ccfc6d4b" outcome="Passed" testListId="8c84fa94-04c1-424b-9868-57a2d4851a1d" relativeResultsDirectory="433d575a-3bea-4d07-aa6f-0b8a145d6157" />
    <UnitTestResult executionId="230806f1-3aec-4b5f-b989-29c2670123f8" testId="ca85c107-90f4-8c79-45b6-e1d754a50979" testName="ShsBadArgs_UpdateSubscription11" computerName="TFSBUILD11" duration="00:00:00.0139969" startTime="2015-09-28T09:43:19.6084366-07:00" endTime="2015-09-28T09:43:19.6240632-07:00" testType="13cdc9d9-ddb5-4fa4-a97d-d965ccfc6d4b" outcome="Passed" testListId="8c84fa94-04c1-424b-9868-57a2d4851a1d" relativeResultsDirectory="230806f1-3aec-4b5f-b989-29c2670123f8" />
    <UnitTestResult executionId="c9b6fad4-731b-457a-be9b-6d7cbd8ab296" testId="8c5aeafb-d996-3935-bf08-ed8fc36fab7f" testName="ShsBadArgs_UpdateSubscription12" computerName="TFSBUILD11" duration="00:00:00.0149088" startTime="2015-09-28T09:43:19.6240632-07:00" endTime="2015-09-28T09:43:19.6396891-07:00" testType="13cdc9d9-ddb5-4fa4-a97d-d965ccfc6d4b" outcome="Passed" testListId="8c84fa94-04c1-424b-9868-57a2d4851a1d" relativeResultsDirectory="c9b6fad4-731b-457a-be9b-6d7cbd8ab296" />
    <UnitTestResult executionId="4cc8b1c1-557e-4424-b31e-7f78012df16f" testId="7edaba94-1e13-1b52-0d31-26efc3534dea" testName="ShsBadArgs_UpdateSubscription13" computerName="TFSBUILD11" duration="00:00:00.0141499" startTime="2015-09-28T09:43:19.6396891-07:00" endTime="2015-09-28T09:43:19.6553160-07:00" testType="13cdc9d9-ddb5-4fa4-a97d-d965ccfc6d4b" outcome="Passed" testListId="8c84fa94-04c1-424b-9868-57a2d4851a1d" relativeResultsDirectory="4cc8b1c1-557e-4424-b31e-7f78012df16f" />
    <UnitTestResult executionId="cfe4a74f-713c-46ba-b036-3ce4384eb9bf" testId="5f183548-42f4-59d9-b681-b6cb73c0ed1a" testName="ShsBadArgs_UpdateSubscription14" computerName="TFSBUILD11" duration="00:00:00.0141889" startTime="2015-09-28T09:43:19.6553160-07:00" endTime="2015-09-28T09:43:19.6709427-07:00" testType="13cdc9d9-ddb5-4fa4-a97d-d965ccfc6d4b" outcome="Passed" testListId="8c84fa94-04c1-424b-9868-57a2d4851a1d" relativeResultsDirectory="cfe4a74f-713c-46ba-b036-3ce4384eb9bf" />
    <UnitTestResult executionId="9cac0435-ffd8-4a34-8797-ab0a32ef9a38" testId="231e9845-6a4f-94a1-b109-f22d8d61ddf9" testName="ShsBadArgs_UpdateSubscription15" computerName="TFSBUILD11" duration="00:00:00.0136453" startTime="2015-09-28T09:43:19.6709427-07:00" endTime="2015-09-28T09:43:19.6865674-07:00" testType="13cdc9d9-ddb5-4fa4-a97d-d965ccfc6d4b" outcome="Passed" testListId="8c84fa94-04c1-424b-9868-57a2d4851a1d" relativeResultsDirectory="9cac0435-ffd8-4a34-8797-ab0a32ef9a38" />
    <UnitTestResult executionId="ba41168e-2349-452a-92eb-26f0ffcffb0e" testId="946a3e72-7b03-8bbe-743e-3a24aa7079e2" testName="ShsBadArgs_UpdateSubscription16" computerName="TFSBUILD11" duration="00:00:00.0160978" startTime="2015-09-28T09:43:19.6865674-07:00" endTime="2015-09-28T09:43:19.7021935-07:00" testType="13cdc9d9-ddb5-4fa4-a97d-d965ccfc6d4b" outcome="Passed" testListId="8c84fa94-04c1-424b-9868-57a2d4851a1d" relativeResultsDirectory="ba41168e-2349-452a-92eb-26f0ffcffb0e" />
    <UnitTestResult executionId="33a517b8-dd38-4524-8eac-b59628d21f34" testId="bbbfeb55-89a1-5478-d543-c228e4c93cae" testName="ShsBadArgs_UpdateSubscription17" computerName="TFSBUILD11" duration="00:00:00.0145393" startTime="2015-09-28T09:43:19.7021935-07:00" endTime="2015-09-28T09:43:19.7178199-07:00" testType="13cdc9d9-ddb5-4fa4-a97d-d965ccfc6d4b" outcome="Passed" testListId="8c84fa94-04c1-424b-9868-57a2d4851a1d" relativeResultsDirectory="33a517b8-dd38-4524-8eac-b59628d21f34" />
    <UnitTestResult executionId="b0c62378-26f6-4661-94d8-14bf3b2e1a58" testId="405a0bf2-d8f7-21c4-b547-ad6519dbc0ae" testName="ShsBadArgs_UpdateSubscription18" computerName="TFSBUILD11" duration="00:00:00.0171201" startTime="2015-09-28T09:43:19.7178199-07:00" endTime="2015-09-28T09:43:19.7334460-07:00" testType="13cdc9d9-ddb5-4fa4-a97d-d965ccfc6d4b" outcome="Passed" testListId="8c84fa94-04c1-424b-9868-57a2d4851a1d" relativeResultsDirectory="b0c62378-26f6-4661-94d8-14bf3b2e1a58" />
    <UnitTestResult executionId="cc51ec05-7773-4495-bc00-bf87085e2cdc" testId="8d9d7424-353a-6fea-54b6-66ca20abeb73" testName="ShsBadArgs_UpdateSubscriptionStatus1" computerName="TFSBUILD11" duration="00:00:00.0143911" startTime="2015-09-28T09:43:19.7334460-07:00" endTime="2015-09-28T09:43:19.7490721-07:00" testType="13cdc9d9-ddb5-4fa4-a97d-d965ccfc6d4b" outcome="Passed" testListId="8c84fa94-04c1-424b-9868-57a2d4851a1d" relativeResultsDirectory="cc51ec05-7773-4495-bc00-bf87085e2cdc" />
    <UnitTestResult executionId="3319c5f3-3c55-42e1-863a-7c881fd098bb" testId="57e6197f-95d9-0e2d-f2fa-3e23bed28dea" testName="ShsBadArgs_UpdateSubscriptionStatus2" computerName="TFSBUILD11" duration="00:00:00.0161268" startTime="2015-09-28T09:43:19.7490721-07:00" endTime="2015-09-28T09:43:19.7646974-07:00" testType="13cdc9d9-ddb5-4fa4-a97d-d965ccfc6d4b" outcome="Passed" testListId="8c84fa94-04c1-424b-9868-57a2d4851a1d" relativeResultsDirectory="3319c5f3-3c55-42e1-863a-7c881fd098bb" />
    <UnitTestResult executionId="84214aa5-7d4f-4908-bd64-4008722f0eac" testId="8ef49b47-1522-40d4-dfac-c4ad6dd6b37b" testName="ShsBadArgs_UpdateSubscriptionStatus3" computerName="TFSBUILD11" duration="00:00:00.0140202" startTime="2015-09-28T09:43:19.7646974-07:00" endTime="2015-09-28T09:43:19.7803238-07:00" testType="13cdc9d9-ddb5-4fa4-a97d-d965ccfc6d4b" outcome="Passed" testListId="8c84fa94-04c1-424b-9868-57a2d4851a1d" relativeResultsDirectory="84214aa5-7d4f-4908-bd64-4008722f0eac" />
    <UnitTestResult executionId="26c6289d-f437-4977-864d-9c51c51e2019" testId="9add1f71-d105-d1e6-1eed-2ab3b091ba6a" testName="ShsSubscriptions_UpdateSubscriptionStatusIncrementProbationRetries" computerName="TFSBUILD11" duration="00:00:00.0143285" startTime="2015-09-28T09:43:19.7803238-07:00" endTime="2015-09-28T09:43:19.7959502-07:00" testType="13cdc9d9-ddb5-4fa4-a97d-d965ccfc6d4b" outcome="Passed" testListId="8c84fa94-04c1-424b-9868-57a2d4851a1d" relativeResultsDirectory="26c6289d-f437-4977-864d-9c51c51e2019" />
    <UnitTestResult executionId="a0dcbcf0-e352-44d1-b972-d3a9a8397775" testId="65ec22f2-cb94-8807-f63d-e9a184464ffc" testName="ShsSubscriptions_UpdateSubscriptionStatusResetProbationRetries" computerName="TFSBUILD11" duration="00:00:00.0229887" startTime="2015-09-28T09:43:19.7959502-07:00" endTime="2015-09-28T09:43:19.8115769-07:00" testType="13cdc9d9-ddb5-4fa4-a97d-d965ccfc6d4b" outcome="Passed" testListId="8c84fa94-04c1-424b-9868-57a2d4851a1d" relativeResultsDirectory="a0dcbcf0-e352-44d1-b972-d3a9a8397775" />
    <UnitTestResult executionId="c3b94f52-ae18-4b32-bdd6-5f36e18ecbd9" testId="9e052879-4291-b2fd-38ad-9dbb1e6263d3" testName="ShsSubscriptions_UpdateSubscriptionStatusNoIncrementNorResetProbationRetries" computerName="TFSBUILD11" duration="00:00:00.0153918" startTime="2015-09-28T09:43:19.8115769-07:00" endTime="2015-09-28T09:43:19.8272016-07:00" testType="13cdc9d9-ddb5-4fa4-a97d-d965ccfc6d4b" outcome="Passed" testListId="8c84fa94-04c1-424b-9868-57a2d4851a1d" relativeResultsDirectory="c3b94f52-ae18-4b32-bdd6-5f36e18ecbd9" />
    <UnitTestResult executionId="8cc15835-8584-48d4-8b12-7a12aeb7f6b7" testId="2b92375b-f426-3fe0-c0f8-49e5a12a5616" testName="ShsBadArgs_GetConsumer1" computerName="TFSBUILD11" duration="00:00:00.0133620" startTime="2015-09-28T09:43:19.8272016-07:00" endTime="2015-09-28T09:43:19.8428282-07:00" testType="13cdc9d9-ddb5-4fa4-a97d-d965ccfc6d4b" outcome="Passed" testListId="8c84fa94-04c1-424b-9868-57a2d4851a1d" relativeResultsDirectory="8cc15835-8584-48d4-8b12-7a12aeb7f6b7" />
    <UnitTestResult executionId="19d2faca-aaea-4896-9300-0d94ef3a0eb8" testId="bb28437c-b54d-b71a-cf57-fc04e330e603" testName="ShsBadArgs_GetConsumer2" computerName="TFSBUILD11" duration="00:00:00.0135961" startTime="2015-09-28T09:43:19.8428282-07:00" endTime="2015-09-28T09:43:19.8584541-07:00" testType="13cdc9d9-ddb5-4fa4-a97d-d965ccfc6d4b" outcome="Passed" testListId="8c84fa94-04c1-424b-9868-57a2d4851a1d" relativeResultsDirectory="19d2faca-aaea-4896-9300-0d94ef3a0eb8" />
    <UnitTestResult executionId="36b3f647-16a1-411c-9bb0-33a4639d4a09" testId="e0d16924-5b50-8e45-452a-7d516e0eb1d6" testName="ShsBadArgs_GetConsumer3" computerName="TFSBUILD11" duration="00:00:00.0154222" startTime="2015-09-28T09:43:19.8584541-07:00" endTime="2015-09-28T09:43:19.8740807-07:00" testType="13cdc9d9-ddb5-4fa4-a97d-d965ccfc6d4b" outcome="Passed" testListId="8c84fa94-04c1-424b-9868-57a2d4851a1d" relativeResultsDirectory="36b3f647-16a1-411c-9bb0-33a4639d4a09" />
    <UnitTestResult executionId="2dc3e237-ef44-468d-8c22-52a96add2469" testId="fcee1c72-e24e-e199-4fa9-053418226418" testName="ShsConsumers_GetAzureServiceBus" computerName="TFSBUILD11" duration="00:00:00.0228405" startTime="2015-09-28T09:43:19.8740807-07:00" endTime="2015-09-28T09:43:19.9053332-07:00" testType="13cdc9d9-ddb5-4fa4-a97d-d965ccfc6d4b" outcome="Passed" testListId="8c84fa94-04c1-424b-9868-57a2d4851a1d" relativeResultsDirectory="2dc3e237-ef44-468d-8c22-52a96add2469" />
    <UnitTestResult executionId="6f960f93-5b7b-4a40-99b4-1d9ff55c2db9" testId="a963227c-0121-e341-4233-6d503daf3bdd" testName="ShsConsumers_GetAzureStorage" computerName="TFSBUILD11" duration="00:00:00.0157655" startTime="2015-09-28T09:43:19.9053332-07:00" endTime="2015-09-28T09:43:19.9209599-07:00" testType="13cdc9d9-ddb5-4fa4-a97d-d965ccfc6d4b" outcome="Passed" testListId="8c84fa94-04c1-424b-9868-57a2d4851a1d" relativeResultsDirectory="6f960f93-5b7b-4a40-99b4-1d9ff55c2db9" />
    <UnitTestResult executionId="2d05bf1f-53a1-4155-95bd-ff1024ff5a44" testId="05c3a42d-7a9c-fbc2-b56c-282019170aa7" testName="ShsConsumers_GetHipChat" computerName="TFSBUILD11" duration="00:00:00.0169042" startTime="2015-09-28T09:43:19.9209599-07:00" endTime="2015-09-28T09:43:19.9365849-07:00" testType="13cdc9d9-ddb5-4fa4-a97d-d965ccfc6d4b" outcome="Passed" testListId="8c84fa94-04c1-424b-9868-57a2d4851a1d" relativeResultsDirectory="2d05bf1f-53a1-4155-95bd-ff1024ff5a44" />
    <UnitTestResult executionId="80430231-e1e4-4714-8c4e-e461147d3115" testId="0faa1c16-b155-113a-c2e3-aa6122eedc13" testName="ShsConsumers_GetTrello" computerName="TFSBUILD11" duration="00:00:00.0178204" startTime="2015-09-28T09:43:19.9365849-07:00" endTime="2015-09-28T09:43:19.9522124-07:00" testType="13cdc9d9-ddb5-4fa4-a97d-d965ccfc6d4b" outcome="Passed" testListId="8c84fa94-04c1-424b-9868-57a2d4851a1d" relativeResultsDirectory="80430231-e1e4-4714-8c4e-e461147d3115" />
    <UnitTestResult executionId="1f196d14-c59f-4805-9036-d0550696231d" testId="66e062ae-e0a2-d249-9aff-ae66aa1fed15" testName="ShsConsumers_GetWebHooks" computerName="TFSBUILD11" duration="00:00:00.0149441" startTime="2015-09-28T09:43:19.9522124-07:00" endTime="2015-09-28T09:43:19.9678385-07:00" testType="13cdc9d9-ddb5-4fa4-a97d-d965ccfc6d4b" outcome="Passed" testListId="8c84fa94-04c1-424b-9868-57a2d4851a1d" relativeResultsDirectory="1f196d14-c59f-4805-9036-d0550696231d" />
    <UnitTestResult executionId="f768fd5c-4282-4470-914e-a727d1a69635" testId="9cdc180d-73c0-d176-e844-df8efce040d2" testName="ShsConsumers_GetZapier" computerName="TFSBUILD11" duration="00:00:00.0134268" startTime="2015-09-28T09:43:19.9678385-07:00" endTime="2015-09-28T09:43:19.9834647-07:00" testType="13cdc9d9-ddb5-4fa4-a97d-d965ccfc6d4b" outcome="Passed" testListId="8c84fa94-04c1-424b-9868-57a2d4851a1d" relativeResultsDirectory="f768fd5c-4282-4470-914e-a727d1a69635" />
    <UnitTestResult executionId="12feb3d0-2ca4-452e-a1cd-851315c7e410" testId="0d693899-6d82-fc8e-d6f7-1c26d040788f" testName="ShsBadArgs_GetConsumers1" computerName="TFSBUILD11" duration="00:00:00.0139696" startTime="2015-09-28T09:43:19.9834647-07:00" endTime="2015-09-28T09:43:19.9990899-07:00" testType="13cdc9d9-ddb5-4fa4-a97d-d965ccfc6d4b" outcome="Passed" testListId="8c84fa94-04c1-424b-9868-57a2d4851a1d" relativeResultsDirectory="12feb3d0-2ca4-452e-a1cd-851315c7e410" />
    <UnitTestResult executionId="77e775cb-d96b-4ebb-bc1e-18f3a7eb3d12" testId="5fde79b3-8754-b479-46e5-65c345acc44b" testName="ShsConsumers_GetConsumers_Hosted" computerName="TFSBUILD11" duration="00:00:00.0274676" startTime="2015-09-28T09:43:19.9990899-07:00" endTime="2015-09-28T09:43:20.0147163-07:00" testType="13cdc9d9-ddb5-4fa4-a97d-d965ccfc6d4b" outcome="Passed" testListId="8c84fa94-04c1-424b-9868-57a2d4851a1d" relativeResultsDirectory="77e775cb-d96b-4ebb-bc1e-18f3a7eb3d12" />
    <UnitTestResult executionId="549e104e-53da-4153-aada-bd0dc8724e4a" testId="b393c08b-a98f-a886-3a5e-5daefb70bd00" testName="ShsConsumers_GetConsumers_OnPremises" computerName="TFSBUILD11" duration="00:00:00.0139679" startTime="2015-09-28T09:43:20.0147163-07:00" endTime="2015-09-28T09:43:20.0303419-07:00" testType="13cdc9d9-ddb5-4fa4-a97d-d965ccfc6d4b" outcome="Passed" testListId="8c84fa94-04c1-424b-9868-57a2d4851a1d" relativeResultsDirectory="549e104e-53da-4153-aada-bd0dc8724e4a" />
    <UnitTestResult executionId="083e0734-3b92-4da5-a8a0-b6c679166ba9" testId="3d78d7a6-b0ed-25ee-ce74-1f3295111719" testName="ShsBadArgs_GetConsumerInputValues1" computerName="TFSBUILD11" duration="00:00:00.0152382" startTime="2015-09-28T09:43:20.0303419-07:00" endTime="2015-09-28T09:43:20.0459680-07:00" testType="13cdc9d9-ddb5-4fa4-a97d-d965ccfc6d4b" outcome="Passed" testListId="8c84fa94-04c1-424b-9868-57a2d4851a1d" relativeResultsDirectory="083e0734-3b92-4da5-a8a0-b6c679166ba9" />
    <UnitTestResult executionId="0db1a0e0-8612-4f1c-a03a-f6dadc243cf8" testId="d7635f12-eca9-63dc-4612-35a9213f18d6" testName="ShsBadArgs_GetConsumerInputValues2" computerName="TFSBUILD11" duration="00:00:00.0149432" startTime="2015-09-28T09:43:20.0459680-07:00" endTime="2015-09-28T09:43:20.0615946-07:00" testType="13cdc9d9-ddb5-4fa4-a97d-d965ccfc6d4b" outcome="Passed" testListId="8c84fa94-04c1-424b-9868-57a2d4851a1d" relativeResultsDirectory="0db1a0e0-8612-4f1c-a03a-f6dadc243cf8" />
    <UnitTestResult executionId="4dbecbe7-42a4-43e7-902a-85143e0a241f" testId="344783b8-9a91-60ab-b9fd-9c52dfb3b22b" testName="ShsBadArgs_GetConsumerInputValues3" computerName="TFSBUILD11" duration="00:00:00.0174418" startTime="2015-09-28T09:43:20.0615946-07:00" endTime="2015-09-28T09:43:20.0772199-07:00" testType="13cdc9d9-ddb5-4fa4-a97d-d965ccfc6d4b" outcome="Passed" testListId="8c84fa94-04c1-424b-9868-57a2d4851a1d" relativeResultsDirectory="4dbecbe7-42a4-43e7-902a-85143e0a241f" />
    <UnitTestResult executionId="6602aaf4-0693-4a10-97b3-3e247e12c483" testId="38e9d4e4-6e57-003d-5caa-955f09652951" testName="ShsBadArgs_GetConsumerInputValues4" computerName="TFSBUILD11" duration="00:00:00.0145694" startTime="2015-09-28T09:43:20.0772199-07:00" endTime="2015-09-28T09:43:20.0928466-07:00" testType="13cdc9d9-ddb5-4fa4-a97d-d965ccfc6d4b" outcome="Passed" testListId="8c84fa94-04c1-424b-9868-57a2d4851a1d" relativeResultsDirectory="6602aaf4-0693-4a10-97b3-3e247e12c483" />
    <UnitTestResult executionId="7a55fd57-8dc4-432e-bdd2-d724fda5d2e0" testId="db7ca052-40e5-8f57-505c-e8b5c582b5af" testName="ShsBadArgs_GetConsumerInputValues5" computerName="TFSBUILD11" duration="00:00:00.0137921" startTime="2015-09-28T09:43:20.0928466-07:00" endTime="2015-09-28T09:43:20.1084727-07:00" testType="13cdc9d9-ddb5-4fa4-a97d-d965ccfc6d4b" outcome="Passed" testListId="8c84fa94-04c1-424b-9868-57a2d4851a1d" relativeResultsDirectory="7a55fd57-8dc4-432e-bdd2-d724fda5d2e0" />
    <UnitTestResult executionId="652476e5-8a03-46f1-a616-33904ef5de8f" testId="d7cdb276-501b-db10-a24c-6655fc43227b" testName="ShsBadArgs_GetConsumerInputValues6" computerName="TFSBUILD11" duration="00:00:00.0147430" startTime="2015-09-28T09:43:20.1084727-07:00" endTime="2015-09-28T09:43:20.1240977-07:00" testType="13cdc9d9-ddb5-4fa4-a97d-d965ccfc6d4b" outcome="Passed" testListId="8c84fa94-04c1-424b-9868-57a2d4851a1d" relativeResultsDirectory="652476e5-8a03-46f1-a616-33904ef5de8f" />
    <UnitTestResult executionId="af38eac2-d82d-4365-94ae-1956872bd230" testId="ae3b259c-2ead-2462-b5bf-c5d84b12e49c" testName="ShsBadArgs_GetConsumerInputValues7" computerName="TFSBUILD11" duration="00:00:00.0146969" startTime="2015-09-28T09:43:20.1240977-07:00" endTime="2015-09-28T09:43:20.1397249-07:00" testType="13cdc9d9-ddb5-4fa4-a97d-d965ccfc6d4b" outcome="Passed" testListId="8c84fa94-04c1-424b-9868-57a2d4851a1d" relativeResultsDirectory="af38eac2-d82d-4365-94ae-1956872bd230" />
    <UnitTestResult executionId="cbb74b22-d1f8-42be-8d09-19281fa1d4d1" testId="970d46b4-9f21-3016-ead2-e4ebacc7016f" testName="ShsBadArgs_GetConsumerInputValues8" computerName="TFSBUILD11" duration="00:00:00.0139349" startTime="2015-09-28T09:43:20.1397249-07:00" endTime="2015-09-28T09:43:20.1553502-07:00" testType="13cdc9d9-ddb5-4fa4-a97d-d965ccfc6d4b" outcome="Passed" testListId="8c84fa94-04c1-424b-9868-57a2d4851a1d" relativeResultsDirectory="cbb74b22-d1f8-42be-8d09-19281fa1d4d1" />
    <UnitTestResult executionId="afe8486c-007e-459c-aa19-d01bd0580ba0" testId="434e9009-f7ec-e476-dada-ba745d34ecb0" testName="ShsBadArgs_GetNotification1" computerName="TFSBUILD11" duration="00:00:00.0136888" startTime="2015-09-28T09:43:20.1553502-07:00" endTime="2015-09-28T09:43:20.1709769-07:00" testType="13cdc9d9-ddb5-4fa4-a97d-d965ccfc6d4b" outcome="Passed" testListId="8c84fa94-04c1-424b-9868-57a2d4851a1d" relativeResultsDirectory="afe8486c-007e-459c-aa19-d01bd0580ba0" />
    <UnitTestResult executionId="6d562b8d-e0d1-4637-99b5-83d1b9acc4fb" testId="97d0db5e-eb88-1a79-b9fa-a449e22521cd" testName="ShsBadArgs_GetNotification2" computerName="TFSBUILD11" duration="00:00:00.0149168" startTime="2015-09-28T09:43:20.1709769-07:00" endTime="2015-09-28T09:43:20.1866030-07:00" testType="13cdc9d9-ddb5-4fa4-a97d-d965ccfc6d4b" outcome="Passed" testListId="8c84fa94-04c1-424b-9868-57a2d4851a1d" relativeResultsDirectory="6d562b8d-e0d1-4637-99b5-83d1b9acc4fb" />
    <UnitTestResult executionId="9515c7bc-10ab-4a42-bed2-8198ac795208" testId="e30c20d8-b6ec-bd95-5cc5-65afbd8ad85f" testName="ShsBadArgs_GetNotification3" computerName="TFSBUILD11" duration="00:00:00.0150169" startTime="2015-09-28T09:43:20.1866030-07:00" endTime="2015-09-28T09:43:20.2022288-07:00" testType="13cdc9d9-ddb5-4fa4-a97d-d965ccfc6d4b" outcome="Passed" testListId="8c84fa94-04c1-424b-9868-57a2d4851a1d" relativeResultsDirectory="9515c7bc-10ab-4a42-bed2-8198ac795208" />
    <UnitTestResult executionId="6e57af36-00fd-44ba-bf1c-5b25352461e2" testId="def52dbd-0b1d-4990-e7f3-ea205e5e4d5f" testName="ShsBadArgs_GetNotification4" computerName="TFSBUILD11" duration="00:00:00.0136009" startTime="2015-09-28T09:43:20.2022288-07:00" endTime="2015-09-28T09:43:20.2178552-07:00" testType="13cdc9d9-ddb5-4fa4-a97d-d965ccfc6d4b" outcome="Passed" testListId="8c84fa94-04c1-424b-9868-57a2d4851a1d" relativeResultsDirectory="6e57af36-00fd-44ba-bf1c-5b25352461e2" />
    <UnitTestResult executionId="c3c50c1f-c1b2-404a-b247-0373226d8ebe" testId="bad41c9a-29e7-b501-b6c4-fcc080adf684" testName="ShsBadArgs_GetNotifications1" computerName="TFSBUILD11" duration="00:00:00.0153153" startTime="2015-09-28T09:43:20.2178552-07:00" endTime="2015-09-28T09:43:20.2334813-07:00" testType="13cdc9d9-ddb5-4fa4-a97d-d965ccfc6d4b" outcome="Passed" testListId="8c84fa94-04c1-424b-9868-57a2d4851a1d" relativeResultsDirectory="c3c50c1f-c1b2-404a-b247-0373226d8ebe" />
    <UnitTestResult executionId="8a20b4df-6945-404b-b21f-2ee96322b908" testId="4c88e19d-6ba1-fc31-d923-24c8539d5fd1" testName="ShsBadArgs_GetNotifications2" computerName="TFSBUILD11" duration="00:00:00.0140031" startTime="2015-09-28T09:43:20.2334813-07:00" endTime="2015-09-28T09:43:20.2491068-07:00" testType="13cdc9d9-ddb5-4fa4-a97d-d965ccfc6d4b" outcome="Passed" testListId="8c84fa94-04c1-424b-9868-57a2d4851a1d" relativeResultsDirectory="8a20b4df-6945-404b-b21f-2ee96322b908" />
    <UnitTestResult executionId="2ad15148-27be-409c-8c73-b9a97081bdc1" testId="55392d0e-36d0-c927-8333-7294cfd35275" testName="ShsBadArgs_GetNotifications3" computerName="TFSBUILD11" duration="00:00:00.0152376" startTime="2015-09-28T09:43:20.2491068-07:00" endTime="2015-09-28T09:43:20.2647338-07:00" testType="13cdc9d9-ddb5-4fa4-a97d-d965ccfc6d4b" outcome="Passed" testListId="8c84fa94-04c1-424b-9868-57a2d4851a1d" relativeResultsDirectory="2ad15148-27be-409c-8c73-b9a97081bdc1" />
    <UnitTestResult executionId="c9634bb4-9108-4ea7-9699-5b1337087367" testId="e47c1fa3-b3a2-a9ce-3793-b67777cc1d01" testName="ShsBadArgs_GetNotifications4" computerName="TFSBUILD11" duration="00:00:00.0188031" startTime="2015-09-28T09:43:20.2647338-07:00" endTime="2015-09-28T09:43:20.2803591-07:00" testType="13cdc9d9-ddb5-4fa4-a97d-d965ccfc6d4b" outcome="Passed" testListId="8c84fa94-04c1-424b-9868-57a2d4851a1d" relativeResultsDirectory="c9634bb4-9108-4ea7-9699-5b1337087367" />
    <UnitTestResult executionId="d31c9732-d3f4-4c8b-b429-e4ab54830d5d" testId="91da0dc2-fda5-f2c5-c0ef-ee2746e40403" testName="ShsBadArgs_QueryNotifications1_1" computerName="TFSBUILD11" duration="00:00:00.0182905" startTime="2015-09-28T09:43:20.2803591-07:00" endTime="2015-09-28T09:43:20.2959855-07:00" testType="13cdc9d9-ddb5-4fa4-a97d-d965ccfc6d4b" outcome="Passed" testListId="8c84fa94-04c1-424b-9868-57a2d4851a1d" relativeResultsDirectory="d31c9732-d3f4-4c8b-b429-e4ab54830d5d" />
    <UnitTestResult executionId="39b1b07f-8ca0-48dd-a0f2-d1834f4d1df4" testId="4f5c25f2-1114-4656-7f5a-a17069273307" testName="ShsBadArgs_QueryNotifications1_2" computerName="TFSBUILD11" duration="00:00:00.0136063" startTime="2015-09-28T09:43:20.2959855-07:00" endTime="2015-09-28T09:43:20.3116119-07:00" testType="13cdc9d9-ddb5-4fa4-a97d-d965ccfc6d4b" outcome="Passed" testListId="8c84fa94-04c1-424b-9868-57a2d4851a1d" relativeResultsDirectory="39b1b07f-8ca0-48dd-a0f2-d1834f4d1df4" />
    <UnitTestResult executionId="576a1687-90dd-49b6-a909-c041b7f69cee" testId="05a6c36c-e5c9-6f40-db27-b6a099689468" testName="ShsBadArgs_QueryNotifications2_1" computerName="TFSBUILD11" duration="00:00:00.0162940" startTime="2015-09-28T09:43:20.3116119-07:00" endTime="2015-09-28T09:43:20.3272377-07:00" testType="13cdc9d9-ddb5-4fa4-a97d-d965ccfc6d4b" outcome="Passed" testListId="8c84fa94-04c1-424b-9868-57a2d4851a1d" relativeResultsDirectory="576a1687-90dd-49b6-a909-c041b7f69cee" />
    <UnitTestResult executionId="2677fdb6-403d-4c78-8c0c-ba35857a87cb" testId="99750fd9-b647-b6fc-6edc-65daabb7cb59" testName="ShsBadArgs_QueryNotifications2_2" computerName="TFSBUILD11" duration="00:00:00.0145074" startTime="2015-09-28T09:43:20.3272377-07:00" endTime="2015-09-28T09:43:20.3428644-07:00" testType="13cdc9d9-ddb5-4fa4-a97d-d965ccfc6d4b" outcome="Passed" testListId="8c84fa94-04c1-424b-9868-57a2d4851a1d" relativeResultsDirectory="2677fdb6-403d-4c78-8c0c-ba35857a87cb" />
    <UnitTestResult executionId="3b45dc7c-c61f-4641-a56c-e3c9ae0efd3b" testId="00d052a3-b910-3c85-1377-d6300aa0399e" testName="ShsBadArgs_QueryNotifications2_3" computerName="TFSBUILD11" duration="00:00:00.0142796" startTime="2015-09-28T09:43:20.3428644-07:00" endTime="2015-09-28T09:43:20.3584902-07:00" testType="13cdc9d9-ddb5-4fa4-a97d-d965ccfc6d4b" outcome="Passed" testListId="8c84fa94-04c1-424b-9868-57a2d4851a1d" relativeResultsDirectory="3b45dc7c-c61f-4641-a56c-e3c9ae0efd3b" />
    <UnitTestResult executionId="5785f9ef-fd6e-4037-a58c-29a1e6d78838" testId="a5b23f60-c6ab-3e35-759d-54c277330954" testName="ShsBadArgs_QueryNotifications2_4" computerName="TFSBUILD11" duration="00:00:00.0150516" startTime="2015-09-28T09:43:20.3584902-07:00" endTime="2015-09-28T09:43:20.3741169-07:00" testType="13cdc9d9-ddb5-4fa4-a97d-d965ccfc6d4b" outcome="Passed" testListId="8c84fa94-04c1-424b-9868-57a2d4851a1d" relativeResultsDirectory="5785f9ef-fd6e-4037-a58c-29a1e6d78838" />
    <UnitTestResult executionId="8d5d87a8-7169-4869-ba41-1b2dfe1bd327" testId="254ffab0-d460-f4be-738a-e7187b8ccd77" testName="ShsBadArgs_QueryNotifications2_5" computerName="TFSBUILD11" duration="00:00:00.0158065" startTime="2015-09-28T09:43:20.3741169-07:00" endTime="2015-09-28T09:43:20.3897424-07:00" testType="13cdc9d9-ddb5-4fa4-a97d-d965ccfc6d4b" outcome="Passed" testListId="8c84fa94-04c1-424b-9868-57a2d4851a1d" relativeResultsDirectory="8d5d87a8-7169-4869-ba41-1b2dfe1bd327" />
    <UnitTestResult executionId="5b25a339-bf65-4c03-932a-0ea6da8f6407" testId="c5edf371-500a-3e34-d877-47a68d7f843d" testName="ShsBadArgs_QueryNotifications3_1" computerName="TFSBUILD11" duration="00:00:00.0140614" startTime="2015-09-28T09:43:20.3897424-07:00" endTime="2015-09-28T09:43:20.4053691-07:00" testType="13cdc9d9-ddb5-4fa4-a97d-d965ccfc6d4b" outcome="Passed" testListId="8c84fa94-04c1-424b-9868-57a2d4851a1d" relativeResultsDirectory="5b25a339-bf65-4c03-932a-0ea6da8f6407" />
    <UnitTestResult executionId="454e3b0a-83b9-4b9f-bed3-bedddc15600c" testId="dd6e7a28-da99-58f1-b902-d6446acfee26" testName="ShsBadArgs_QueryNotifications3_2" computerName="TFSBUILD11" duration="00:00:00.0135836" startTime="2015-09-28T09:43:20.4053691-07:00" endTime="2015-09-28T09:43:20.4209949-07:00" testType="13cdc9d9-ddb5-4fa4-a97d-d965ccfc6d4b" outcome="Passed" testListId="8c84fa94-04c1-424b-9868-57a2d4851a1d" relativeResultsDirectory="454e3b0a-83b9-4b9f-bed3-bedddc15600c" />
    <UnitTestResult executionId="07a74e8f-1228-4457-b789-8a93c015a5da" testId="7bd74164-9157-c054-d973-9d57407e7832" testName="ShsBadArgs_QueryNotifications3_3" computerName="TFSBUILD11" duration="00:00:00.0140458" startTime="2015-09-28T09:43:20.4209949-07:00" endTime="2015-09-28T09:43:20.4366210-07:00" testType="13cdc9d9-ddb5-4fa4-a97d-d965ccfc6d4b" outcome="Passed" testListId="8c84fa94-04c1-424b-9868-57a2d4851a1d" relativeResultsDirectory="07a74e8f-1228-4457-b789-8a93c015a5da" />
    <UnitTestResult executionId="806ebd62-c13e-4320-b44e-a1a04edc0ed5" testId="397fd72a-bfe5-9c15-1bf0-3b7baefb9d53" testName="ShsBadArgs_QueryNotifications3_4" computerName="TFSBUILD11" duration="00:00:00.0159530" startTime="2015-09-28T09:43:20.4366210-07:00" endTime="2015-09-28T09:43:20.4522494-07:00" testType="13cdc9d9-ddb5-4fa4-a97d-d965ccfc6d4b" outcome="Passed" testListId="8c84fa94-04c1-424b-9868-57a2d4851a1d" relativeResultsDirectory="806ebd62-c13e-4320-b44e-a1a04edc0ed5" />
    <UnitTestResult executionId="72e9b31c-08d3-4927-98af-b4504af7e5b1" testId="95209900-5c0a-aa40-dafc-6fb86c04d36a" testName="ShsBadArgs_QueryNotifications3_5" computerName="TFSBUILD11" duration="00:00:00.0139733" startTime="2015-09-28T09:43:20.4522494-07:00" endTime="2015-09-28T09:43:20.4678732-07:00" testType="13cdc9d9-ddb5-4fa4-a97d-d965ccfc6d4b" outcome="Passed" testListId="8c84fa94-04c1-424b-9868-57a2d4851a1d" relativeResultsDirectory="72e9b31c-08d3-4927-98af-b4504af7e5b1" />
    <UnitTestResult executionId="51a19d6b-2210-4084-9780-f7e53a42df25" testId="48be5ae9-f175-55fb-22f9-3c9693edc4dc" testName="ShsBadArgs_QueryNotifications3_6" computerName="TFSBUILD11" duration="00:00:00.0135122" startTime="2015-09-28T09:43:20.4678732-07:00" endTime="2015-09-28T09:43:20.4834991-07:00" testType="13cdc9d9-ddb5-4fa4-a97d-d965ccfc6d4b" outcome="Passed" testListId="8c84fa94-04c1-424b-9868-57a2d4851a1d" relativeResultsDirectory="51a19d6b-2210-4084-9780-f7e53a42df25" />
    <UnitTestResult executionId="970992ab-cac7-444a-b926-c26700358788" testId="6b01c8ee-f8c8-9b00-4563-969be21624e3" testName="ShsBadArgs_CleanupNotificationDetails1" computerName="TFSBUILD11" duration="00:00:00.0136609" startTime="2015-09-28T09:43:20.4834991-07:00" endTime="2015-09-28T09:43:20.4834991-07:00" testType="13cdc9d9-ddb5-4fa4-a97d-d965ccfc6d4b" outcome="Passed" testListId="8c84fa94-04c1-424b-9868-57a2d4851a1d" relativeResultsDirectory="970992ab-cac7-444a-b926-c26700358788" />
    <UnitTestResult executionId="bb1b24c5-33b8-41fe-b86a-48384a5b4c21" testId="dc879427-e851-516f-fdc8-c23e7dede893" testName="ShsBadArgs_PublishEvent1" computerName="TFSBUILD11" duration="00:00:00.0160770" startTime="2015-09-28T09:43:20.4834991-07:00" endTime="2015-09-28T09:43:20.4991255-07:00" testType="13cdc9d9-ddb5-4fa4-a97d-d965ccfc6d4b" outcome="Passed" testListId="8c84fa94-04c1-424b-9868-57a2d4851a1d" relativeResultsDirectory="bb1b24c5-33b8-41fe-b86a-48384a5b4c21" />
    <UnitTestResult executionId="70da0625-981c-4ce4-9c05-b61e13e19501" testId="e48ed15a-a23b-0847-f22a-85c1a50782ec" testName="ShsBadArgs_PublishEvent2" computerName="TFSBUILD11" duration="00:00:00.0141479" startTime="2015-09-28T09:43:20.4991255-07:00" endTime="2015-09-28T09:43:20.5147516-07:00" testType="13cdc9d9-ddb5-4fa4-a97d-d965ccfc6d4b" outcome="Passed" testListId="8c84fa94-04c1-424b-9868-57a2d4851a1d" relativeResultsDirectory="70da0625-981c-4ce4-9c05-b61e13e19501" />
    <UnitTestResult executionId="4304ef2c-ef8b-4cea-a8b8-59676ecd5a36" testId="4aa2eefd-0193-44fd-8e89-ccd8403e2a24" testName="ShsEndToEnd_PublishToWebHooks" computerName="TFSBUILD11" duration="00:00:00.2342492" startTime="2015-09-28T09:43:20.5147516-07:00" endTime="2015-09-28T09:43:20.7491430-07:00" testType="13cdc9d9-ddb5-4fa4-a97d-d965ccfc6d4b" outcome="Passed" testListId="8c84fa94-04c1-424b-9868-57a2d4851a1d" relativeResultsDirectory="4304ef2c-ef8b-4cea-a8b8-59676ecd5a36" />
    <UnitTestResult executionId="bc85d3fa-2eb3-45a6-b746-8e0fda74690b" testId="f3bc9ef1-d1a0-6d34-8dae-87d7b1ebb8dc" testName="ShsBadArgs_PublishEvents1" computerName="TFSBUILD11" duration="00:00:00.0162474" startTime="2015-09-28T09:43:20.7491430-07:00" endTime="2015-09-28T09:43:20.7647691-07:00" testType="13cdc9d9-ddb5-4fa4-a97d-d965ccfc6d4b" outcome="Passed" testListId="8c84fa94-04c1-424b-9868-57a2d4851a1d" relativeResultsDirectory="bc85d3fa-2eb3-45a6-b746-8e0fda74690b" />
    <UnitTestResult executionId="e5fdc29a-f313-406e-afe1-2e3ded014f33" testId="927daf48-d66b-e1cc-1099-90e308487cd0" testName="ShsBadArgs_PublishEvents2" computerName="TFSBUILD11" duration="00:00:00.0129777" startTime="2015-09-28T09:43:20.7647691-07:00" endTime="2015-09-28T09:43:20.7803946-07:00" testType="13cdc9d9-ddb5-4fa4-a97d-d965ccfc6d4b" outcome="Passed" testListId="8c84fa94-04c1-424b-9868-57a2d4851a1d" relativeResultsDirectory="e5fdc29a-f313-406e-afe1-2e3ded014f33" />
    <UnitTestResult executionId="16354cba-7415-4de9-a9d1-15d0a1a1c344" testId="ce294eba-709c-2d5c-fb48-7b60c2342253" testName="ShsBadArgs_PublishEvents3" computerName="TFSBUILD11" duration="00:00:00.0138714" startTime="2015-09-28T09:43:20.7803946-07:00" endTime="2015-09-28T09:43:20.7960210-07:00" testType="13cdc9d9-ddb5-4fa4-a97d-d965ccfc6d4b" outcome="Passed" testListId="8c84fa94-04c1-424b-9868-57a2d4851a1d" relativeResultsDirectory="16354cba-7415-4de9-a9d1-15d0a1a1c344" />
    <UnitTestResult executionId="fd5c860d-9419-43cc-a334-865e103d0100" testId="bd6b4a0a-acca-d797-e66a-505d4f72dcf6" testName="ShsBadArgs_SendTestNotification1" computerName="TFSBUILD11" duration="00:00:00.0178886" startTime="2015-09-28T09:43:20.7960210-07:00" endTime="2015-09-28T09:43:20.8116471-07:00" testType="13cdc9d9-ddb5-4fa4-a97d-d965ccfc6d4b" outcome="Passed" testListId="8c84fa94-04c1-424b-9868-57a2d4851a1d" relativeResultsDirectory="fd5c860d-9419-43cc-a334-865e103d0100" />
    <UnitTestResult executionId="6c6fc69b-d2bc-4187-8996-7ac6d04d3d46" testId="5b47f5d4-a517-b8a1-3ffb-007a635a5eba" testName="ShsBadArgs_SendTestNotification2" computerName="TFSBUILD11" duration="00:00:00.0136757" startTime="2015-09-28T09:43:20.8116471-07:00" endTime="2015-09-28T09:43:20.8272735-07:00" testType="13cdc9d9-ddb5-4fa4-a97d-d965ccfc6d4b" outcome="Passed" testListId="8c84fa94-04c1-424b-9868-57a2d4851a1d" relativeResultsDirectory="6c6fc69b-d2bc-4187-8996-7ac6d04d3d46" />
    <UnitTestResult executionId="24f19226-e5c5-47d3-b13c-b7a0a1d11f0d" testId="ca3d60ec-9c62-c85d-440c-0995c35e46ac" testName="ShsBadArgs_SendTestNotification3" computerName="TFSBUILD11" duration="00:00:00.0221180" startTime="2015-09-28T09:43:20.8272735-07:00" endTime="2015-09-28T09:43:20.8585252-07:00" testType="13cdc9d9-ddb5-4fa4-a97d-d965ccfc6d4b" outcome="Passed" testListId="8c84fa94-04c1-424b-9868-57a2d4851a1d" relativeResultsDirectory="24f19226-e5c5-47d3-b13c-b7a0a1d11f0d" />
    <UnitTestResult executionId="8d2ce621-25a8-4967-aae6-584fe27a2694" testId="be72cc63-26ac-3941-0645-f540e29c8cb8" testName="ShsBadArgs_SendTestNotification4" computerName="TFSBUILD11" duration="00:00:00.0133202" startTime="2015-09-28T09:43:20.8585252-07:00" endTime="2015-09-28T09:43:20.8741516-07:00" testType="13cdc9d9-ddb5-4fa4-a97d-d965ccfc6d4b" outcome="Passed" testListId="8c84fa94-04c1-424b-9868-57a2d4851a1d" relativeResultsDirectory="8d2ce621-25a8-4967-aae6-584fe27a2694" />
    <UnitTestResult executionId="14ebd8fd-4e3c-40c7-a22a-6b94ad070596" testId="2cf2f6b7-0b54-4e49-a590-295431ca1255" testName="ShsBadArgs_SendTestNotification5" computerName="TFSBUILD11" duration="00:00:00.0133998" startTime="2015-09-28T09:43:20.8741516-07:00" endTime="2015-09-28T09:43:20.8741516-07:00" testType="13cdc9d9-ddb5-4fa4-a97d-d965ccfc6d4b" outcome="Passed" testListId="8c84fa94-04c1-424b-9868-57a2d4851a1d" relativeResultsDirectory="14ebd8fd-4e3c-40c7-a22a-6b94ad070596" />
    <UnitTestResult executionId="3db93811-d4a3-4a15-8f93-b65bc6d9f449" testId="d058ea13-ad61-54f5-ba02-a4e36892193b" testName="ShsBadArgs_SendTestNotification6" computerName="TFSBUILD11" duration="00:00:00.0135790" startTime="2015-09-28T09:43:20.8741516-07:00" endTime="2015-09-28T09:43:20.8897777-07:00" testType="13cdc9d9-ddb5-4fa4-a97d-d965ccfc6d4b" outcome="Passed" testListId="8c84fa94-04c1-424b-9868-57a2d4851a1d" relativeResultsDirectory="3db93811-d4a3-4a15-8f93-b65bc6d9f449" />
    <UnitTestResult executionId="1fbd5e20-b863-4881-9030-bcc9feaa3e2f" testId="2ee99ca7-b720-9efb-a488-31accea6975a" testName="ShsBadArgs_SendTestNotification7" computerName="TFSBUILD11" duration="00:00:00.0133540" startTime="2015-09-28T09:43:20.8897777-07:00" endTime="2015-09-28T09:43:20.9054038-07:00" testType="13cdc9d9-ddb5-4fa4-a97d-d965ccfc6d4b" outcome="Passed" testListId="8c84fa94-04c1-424b-9868-57a2d4851a1d" relativeResultsDirectory="1fbd5e20-b863-4881-9030-bcc9feaa3e2f" />
    <UnitTestResult executionId="bf9d86d3-c015-4cb0-bcba-14d96d575191" testId="9f8b5fa7-18cc-831f-4c84-e671247b6be6" testName="ShsBadArgs_SendTestNotification8" computerName="TFSBUILD11" duration="00:00:00.0147731" startTime="2015-09-28T09:43:20.9054038-07:00" endTime="2015-09-28T09:43:20.9210308-07:00" testType="13cdc9d9-ddb5-4fa4-a97d-d965ccfc6d4b" outcome="Passed" testListId="8c84fa94-04c1-424b-9868-57a2d4851a1d" relativeResultsDirectory="bf9d86d3-c015-4cb0-bcba-14d96d575191" />
    <UnitTestResult executionId="6f45c4f9-5919-4818-860e-c055b05b0320" testId="d851af94-3faf-5814-04f7-6e88e25eb5ea" testName="ShsBadArgs_SendTestNotification9" computerName="TFSBUILD11" duration="00:00:00.0179822" startTime="2015-09-28T09:43:20.9210308-07:00" endTime="2015-09-28T09:43:20.9366557-07:00" testType="13cdc9d9-ddb5-4fa4-a97d-d965ccfc6d4b" outcome="Passed" testListId="8c84fa94-04c1-424b-9868-57a2d4851a1d" relativeResultsDirectory="6f45c4f9-5919-4818-860e-c055b05b0320" />
    <UnitTestResult executionId="f6a18cdf-426e-4132-a063-b105fc089f73" testId="1f94cf2e-0ce9-bab7-8f60-6dfb1873ac3e" testName="ShsBadArgs_SendTestNotification10" computerName="TFSBUILD11" duration="00:00:00.0135449" startTime="2015-09-28T09:43:20.9366557-07:00" endTime="2015-09-28T09:43:20.9522824-07:00" testType="13cdc9d9-ddb5-4fa4-a97d-d965ccfc6d4b" outcome="Passed" testListId="8c84fa94-04c1-424b-9868-57a2d4851a1d" relativeResultsDirectory="f6a18cdf-426e-4132-a063-b105fc089f73" />
    <UnitTestResult executionId="a3d154e8-e3a3-4d83-8a2d-f002c9f3f637" testId="d9763848-8ef4-3464-0fa0-dee34d1a136a" testName="ShsBadArgs_SendTestNotification11" computerName="TFSBUILD11" duration="00:00:00.0133759" startTime="2015-09-28T09:43:20.9522824-07:00" endTime="2015-09-28T09:43:20.9679094-07:00" testType="13cdc9d9-ddb5-4fa4-a97d-d965ccfc6d4b" outcome="Passed" testListId="8c84fa94-04c1-424b-9868-57a2d4851a1d" relativeResultsDirectory="a3d154e8-e3a3-4d83-8a2d-f002c9f3f637" />
    <UnitTestResult executionId="d9b74d95-0ece-42e9-bea5-3822a639f002" testId="fad0ae15-064f-51c8-2f77-63196ae9a1ab" testName="ShsBadArgs_SendTestNotification12" computerName="TFSBUILD11" duration="00:00:00.0174162" startTime="2015-09-28T09:43:20.9679094-07:00" endTime="2015-09-28T09:43:20.9835343-07:00" testType="13cdc9d9-ddb5-4fa4-a97d-d965ccfc6d4b" outcome="Passed" testListId="8c84fa94-04c1-424b-9868-57a2d4851a1d" relativeResultsDirectory="d9b74d95-0ece-42e9-bea5-3822a639f002" />
    <UnitTestResult executionId="56349305-7155-4ca6-82a4-3908f56202d5" testId="538e8fc7-6970-b7e6-8c8f-28933f05c42b" testName="ShsBadArgs_SendTestNotification13" computerName="TFSBUILD11" duration="00:00:00.0167582" startTime="2015-09-28T09:43:20.9835343-07:00" endTime="2015-09-28T09:43:20.9991613-07:00" testType="13cdc9d9-ddb5-4fa4-a97d-d965ccfc6d4b" outcome="Passed" testListId="8c84fa94-04c1-424b-9868-57a2d4851a1d" relativeResultsDirectory="56349305-7155-4ca6-82a4-3908f56202d5" />
    <UnitTestResult executionId="d5ec2ec5-20d8-45ba-aa5d-d1cbe2e5c024" testId="d2b523f8-e6e7-4dbe-32af-6dee25554405" testName="ShsBadArgs_SendTestNotification14" computerName="TFSBUILD11" duration="00:00:00.0144150" startTime="2015-09-28T09:43:20.9991613-07:00" endTime="2015-09-28T09:43:21.0147869-07:00" testType="13cdc9d9-ddb5-4fa4-a97d-d965ccfc6d4b" outcome="Passed" testListId="8c84fa94-04c1-424b-9868-57a2d4851a1d" relativeResultsDirectory="d5ec2ec5-20d8-45ba-aa5d-d1cbe2e5c024" />
    <UnitTestResult executionId="4c261168-c393-4904-92b1-cecda77eb826" testId="f2fe8800-76e7-4e50-83d6-282546ae0e14" testName="ShsBadArgs_SendTestNotification15" computerName="TFSBUILD11" duration="00:00:00.0161655" startTime="2015-09-28T09:43:21.0147869-07:00" endTime="2015-09-28T09:43:21.0304132-07:00" testType="13cdc9d9-ddb5-4fa4-a97d-d965ccfc6d4b" outcome="Passed" testListId="8c84fa94-04c1-424b-9868-57a2d4851a1d" relativeResultsDirectory="4c261168-c393-4904-92b1-cecda77eb826" />
    <UnitTestResult executionId="44f53b05-26e4-4270-b518-83ad2d23f6e7" testId="f077363b-1d52-5c66-64c6-cd0c59950718" testName="ShsBadArgs_SendTestNotification16" computerName="TFSBUILD11" duration="00:00:00.0139331" startTime="2015-09-28T09:43:21.0304132-07:00" endTime="2015-09-28T09:43:21.0460388-07:00" testType="13cdc9d9-ddb5-4fa4-a97d-d965ccfc6d4b" outcome="Passed" testListId="8c84fa94-04c1-424b-9868-57a2d4851a1d" relativeResultsDirectory="44f53b05-26e4-4270-b518-83ad2d23f6e7" />
    <UnitTestResult executionId="fd1c638b-4d44-4211-bc82-a851925ba761" testId="f0a29604-c091-bf4c-5772-dbc4ddd053e0" testName="ShsBadArgs_SendTestNotification17" computerName="TFSBUILD11" duration="00:00:00.0187616" startTime="2015-09-28T09:43:21.0460388-07:00" endTime="2015-09-28T09:43:21.0772907-07:00" testType="13cdc9d9-ddb5-4fa4-a97d-d965ccfc6d4b" outcome="Passed" testListId="8c84fa94-04c1-424b-9868-57a2d4851a1d" relativeResultsDirectory="fd1c638b-4d44-4211-bc82-a851925ba761" />
    <UnitTestResult executionId="0edca900-e33f-40ed-a2f6-0dcf8493027b" testId="244e02f0-bd81-c4f3-c7c5-a2958a7fc10f" testName="ShsBadArgs_SendTestNotification18" computerName="TFSBUILD11" duration="00:00:00.0145877" startTime="2015-09-28T09:43:21.0772907-07:00" endTime="2015-09-28T09:43:21.0929174-07:00" testType="13cdc9d9-ddb5-4fa4-a97d-d965ccfc6d4b" outcome="Passed" testListId="8c84fa94-04c1-424b-9868-57a2d4851a1d" relativeResultsDirectory="0edca900-e33f-40ed-a2f6-0dcf8493027b" />
    <UnitTestResult executionId="cd369e6b-72e7-4bef-acaf-df7361605b66" testId="07b0c263-f041-87d6-6367-946ec1abf654" testName="ShsBadArgs_SendTestNotification19" computerName="TFSBUILD11" duration="00:00:00.0137676" startTime="2015-09-28T09:43:21.0929174-07:00" endTime="2015-09-28T09:43:21.0929174-07:00" testType="13cdc9d9-ddb5-4fa4-a97d-d965ccfc6d4b" outcome="Passed" testListId="8c84fa94-04c1-424b-9868-57a2d4851a1d" relativeResultsDirectory="cd369e6b-72e7-4bef-acaf-df7361605b66" />
    <UnitTestResult executionId="0a211969-7d0c-44c3-a23a-ea5dda1b461a" testId="c64ba3bc-2cc9-261c-d381-25ac2463f987" testName="ShsBadArgs_SendTestNotification20" computerName="TFSBUILD11" duration="00:00:00.0160184" startTime="2015-09-28T09:43:21.0929174-07:00" endTime="2015-09-28T09:43:21.1085438-07:00" testType="13cdc9d9-ddb5-4fa4-a97d-d965ccfc6d4b" outcome="Passed" testListId="8c84fa94-04c1-424b-9868-57a2d4851a1d" relativeResultsDirectory="0a211969-7d0c-44c3-a23a-ea5dda1b461a" />
    <UnitTestResult executionId="f94a1ef7-9285-4957-95ca-4e97e9b4e1da" testId="d73ff2c7-1ac2-308c-f2fc-c71cb454d640" testName="ShsBadArgs_SendTestNotification21" computerName="TFSBUILD11" duration="00:00:00.0166593" startTime="2015-09-28T09:43:21.1085438-07:00" endTime="2015-09-28T09:43:21.1397955-07:00" testType="13cdc9d9-ddb5-4fa4-a97d-d965ccfc6d4b" outcome="Passed" testListId="8c84fa94-04c1-424b-9868-57a2d4851a1d" relativeResultsDirectory="f94a1ef7-9285-4957-95ca-4e97e9b4e1da" />
    <UnitTestResult executionId="1df1b175-dee5-4e2c-bf5a-c4cbdf39b81a" testId="df2295c7-dc63-0aa5-a7c9-ed7f6bc7700a" testName="ShsBadArgs_SendTestNotification22" computerName="TFSBUILD11" duration="00:00:00.0185756" startTime="2015-09-28T09:43:21.1397955-07:00" endTime="2015-09-28T09:43:21.1554219-07:00" testType="13cdc9d9-ddb5-4fa4-a97d-d965ccfc6d4b" outcome="Passed" testListId="8c84fa94-04c1-424b-9868-57a2d4851a1d" relativeResultsDirectory="1df1b175-dee5-4e2c-bf5a-c4cbdf39b81a" />
    <UnitTestResult executionId="134bf730-4f64-4e23-8d74-b3ed0ecaac67" testId="4dbba5e6-b3cd-10b3-c749-a5ed0356e036" testName="ShsBadArgs_SendTestNotification23" computerName="TFSBUILD11" duration="00:00:00.0162115" startTime="2015-09-28T09:43:21.1554219-07:00" endTime="2015-09-28T09:43:21.1710480-07:00" testType="13cdc9d9-ddb5-4fa4-a97d-d965ccfc6d4b" outcome="Passed" testListId="8c84fa94-04c1-424b-9868-57a2d4851a1d" relativeResultsDirectory="134bf730-4f64-4e23-8d74-b3ed0ecaac67" />
    <UnitTestResult executionId="fb175171-8032-437a-aad4-44e6149a92eb" testId="f02fa42f-dfd6-d2e7-3571-05f5307ed69f" testName="ShsBadArgs_SendTestNotification24" computerName="TFSBUILD11" duration="00:00:00.0171525" startTime="2015-09-28T09:43:21.1710480-07:00" endTime="2015-09-28T09:43:21.1866735-07:00" testType="13cdc9d9-ddb5-4fa4-a97d-d965ccfc6d4b" outcome="Passed" testListId="8c84fa94-04c1-424b-9868-57a2d4851a1d" relativeResultsDirectory="fb175171-8032-437a-aad4-44e6149a92eb" />
    <UnitTestResult executionId="170bcc56-7535-4f65-b7d1-2673b7de93a3" testId="8a915b7d-0881-c25a-524c-7fba7b47681f" testName="ShsBadArgs_SendTestNotification25" computerName="TFSBUILD11" duration="00:00:00.0144147" startTime="2015-09-28T09:43:21.1866735-07:00" endTime="2015-09-28T09:43:21.2022996-07:00" testType="13cdc9d9-ddb5-4fa4-a97d-d965ccfc6d4b" outcome="Passed" testListId="8c84fa94-04c1-424b-9868-57a2d4851a1d" relativeResultsDirectory="170bcc56-7535-4f65-b7d1-2673b7de93a3" />
    <UnitTestResult executionId="0a303041-9dc5-40b8-9a2f-b412f68459e0" testId="34903c5b-d819-c9ab-d0df-fd00c55b7a54" testName="ShsBadArgs_SendTestNotification26" computerName="TFSBUILD11" duration="00:00:00.0137522" startTime="2015-09-28T09:43:21.2022996-07:00" endTime="2015-09-28T09:43:21.2179257-07:00" testType="13cdc9d9-ddb5-4fa4-a97d-d965ccfc6d4b" outcome="Passed" testListId="8c84fa94-04c1-424b-9868-57a2d4851a1d" relativeResultsDirectory="0a303041-9dc5-40b8-9a2f-b412f68459e0" />
    <UnitTestResult executionId="6145e58b-9899-4404-b7e4-07127b72d839" testId="af59b52f-afdb-5312-13a2-b7a9d7565027" testName="ShsBadArgs_SendTestNotification27" computerName="TFSBUILD11" duration="00:00:00.0140219" startTime="2015-09-28T09:43:21.2179257-07:00" endTime="2015-09-28T09:43:21.2335521-07:00" testType="13cdc9d9-ddb5-4fa4-a97d-d965ccfc6d4b" outcome="Passed" testListId="8c84fa94-04c1-424b-9868-57a2d4851a1d" relativeResultsDirectory="6145e58b-9899-4404-b7e4-07127b72d839" />
    <UnitTestResult executionId="13a85594-079c-4b62-8104-8b346eb52307" testId="3a2ef0be-711b-1a72-66ed-da7f6c0bd807" testName="ShsBadArgs_SendTestNotification28" computerName="TFSBUILD11" duration="00:00:00.0158523" startTime="2015-09-28T09:43:21.2335521-07:00" endTime="2015-09-28T09:43:21.2491797-07:00" testType="13cdc9d9-ddb5-4fa4-a97d-d965ccfc6d4b" outcome="Passed" testListId="8c84fa94-04c1-424b-9868-57a2d4851a1d" relativeResultsDirectory="13a85594-079c-4b62-8104-8b346eb52307" />
    <UnitTestResult executionId="29ebd640-0c2f-4da5-b289-baa7f8c022ee" testId="a56cb506-7843-cb65-b406-ded844e14823" testName="ShsBadArgs_SendTestNotification29" computerName="TFSBUILD11" duration="00:00:00.0145362" startTime="2015-09-28T09:43:21.2491797-07:00" endTime="2015-09-28T09:43:21.2648041-07:00" testType="13cdc9d9-ddb5-4fa4-a97d-d965ccfc6d4b" outcome="Passed" testListId="8c84fa94-04c1-424b-9868-57a2d4851a1d" relativeResultsDirectory="29ebd640-0c2f-4da5-b289-baa7f8c022ee" />
    <UnitTestResult executionId="fce789d6-8111-4693-9453-e35c40292429" testId="6e30e997-f236-fe6e-d5c3-5e4c0fd2aaf9" testName="ShsBadArgs_SendTestNotification30" computerName="TFSBUILD11" duration="00:00:00.0142756" startTime="2015-09-28T09:43:21.2648041-07:00" endTime="2015-09-28T09:43:21.2804299-07:00" testType="13cdc9d9-ddb5-4fa4-a97d-d965ccfc6d4b" outcome="Passed" testListId="8c84fa94-04c1-424b-9868-57a2d4851a1d" relativeResultsDirectory="fce789d6-8111-4693-9453-e35c40292429" />
    <UnitTestResult executionId="080d68d6-4982-4352-ab5b-4069e32d55fa" testId="ad94827b-6518-72ff-dfbf-0a123690d642" testName="ShsBadArgs_SendTestNotification31" computerName="TFSBUILD11" duration="00:00:00.0138234" startTime="2015-09-28T09:43:21.2804299-07:00" endTime="2015-09-28T09:43:21.2804299-07:00" testType="13cdc9d9-ddb5-4fa4-a97d-d965ccfc6d4b" outcome="Passed" testListId="8c84fa94-04c1-424b-9868-57a2d4851a1d" relativeResultsDirectory="080d68d6-4982-4352-ab5b-4069e32d55fa" />
    <UnitTestResult executionId="4f780630-8dd7-4f57-aec8-f8927464505d" testId="419a2409-5d36-31d5-a72a-6a751429b180" testName="ShsBadArgs_SendTestNotification32" computerName="TFSBUILD11" duration="00:00:00.0157610" startTime="2015-09-28T09:43:21.2804299-07:00" endTime="2015-09-28T09:43:21.2960569-07:00" testType="13cdc9d9-ddb5-4fa4-a97d-d965ccfc6d4b" outcome="Passed" testListId="8c84fa94-04c1-424b-9868-57a2d4851a1d" relativeResultsDirectory="4f780630-8dd7-4f57-aec8-f8927464505d" />
    <UnitTestResult executionId="53bbdd6f-4dbb-4773-b0d2-7eddcdfbf6e2" testId="dbf50882-d004-b985-f6ba-0749dd8b5ecb" testName="ShsBadArgs_SendTestNotification33" computerName="TFSBUILD11" duration="00:00:00.0171536" startTime="2015-09-28T09:43:21.2960569-07:00" endTime="2015-09-28T09:43:21.3273094-07:00" testType="13cdc9d9-ddb5-4fa4-a97d-d965ccfc6d4b" outcome="Passed" testListId="8c84fa94-04c1-424b-9868-57a2d4851a1d" relativeResultsDirectory="53bbdd6f-4dbb-4773-b0d2-7eddcdfbf6e2" />
    <UnitTestResult executionId="15514e51-1a51-447f-8503-00a6d02dc583" testId="c296f1be-bb67-1090-446a-af4de5248cc0" testName="ShsEndToEnd_SendTestNotificationForSubscription" computerName="TFSBUILD11" duration="00:00:00.0468828" startTime="2015-09-28T09:43:21.3273094-07:00" endTime="2015-09-28T09:43:21.3741868-07:00" testType="13cdc9d9-ddb5-4fa4-a97d-d965ccfc6d4b" outcome="Passed" testListId="8c84fa94-04c1-424b-9868-57a2d4851a1d" relativeResultsDirectory="15514e51-1a51-447f-8503-00a6d02dc583" />
    <UnitTestResult executionId="23d9b6ee-1d49-4217-91a0-fc153806b975" testId="1d8ee746-25a0-0edb-b129-eafa5fd72fc6" testName="ShsEndToEnd_SendTestNotificationWithEmptySubscriptionId" computerName="TFSBUILD11" duration="00:00:00.0276780" startTime="2015-09-28T09:43:21.3741868-07:00" endTime="2015-09-28T09:43:21.3898132-07:00" testType="13cdc9d9-ddb5-4fa4-a97d-d965ccfc6d4b" outcome="Passed" testListId="8c84fa94-04c1-424b-9868-57a2d4851a1d" relativeResultsDirectory="23d9b6ee-1d49-4217-91a0-fc153806b975" />
    <UnitTestResult executionId="0bc67044-3471-486b-873d-1c75b046343f" testId="01eef046-40cf-7e59-5739-c406223410c2" testName="ShsBadArgs_UpdateNotification1" computerName="TFSBUILD11" duration="00:00:00.0159578" startTime="2015-09-28T09:43:21.3898132-07:00" endTime="2015-09-28T09:43:21.4054391-07:00" testType="13cdc9d9-ddb5-4fa4-a97d-d965ccfc6d4b" outcome="Passed" testListId="8c84fa94-04c1-424b-9868-57a2d4851a1d" relativeResultsDirectory="0bc67044-3471-486b-873d-1c75b046343f" />
    <UnitTestResult executionId="9a3c6f6f-5281-4220-84a8-3e6170d90d58" testId="4b27c8ff-4ca7-6d57-acdb-875a08d7c7c9" testName="ShsBadArgs_UpdateNotification2" computerName="TFSBUILD11" duration="00:00:00.0143621" startTime="2015-09-28T09:43:21.4054391-07:00" endTime="2015-09-28T09:43:21.4210657-07:00" testType="13cdc9d9-ddb5-4fa4-a97d-d965ccfc6d4b" outcome="Passed" testListId="8c84fa94-04c1-424b-9868-57a2d4851a1d" relativeResultsDirectory="9a3c6f6f-5281-4220-84a8-3e6170d90d58" />
    <UnitTestResult executionId="a851f05a-796b-424f-95e8-84b01e160613" testId="90a9ae43-47fc-1b61-0c66-19d3cd408b1a" testName="ShsBadArgs_UpdateNotification3" computerName="TFSBUILD11" duration="00:00:00.0145680" startTime="2015-09-28T09:43:21.4210657-07:00" endTime="2015-09-28T09:43:21.4366916-07:00" testType="13cdc9d9-ddb5-4fa4-a97d-d965ccfc6d4b" outcome="Passed" testListId="8c84fa94-04c1-424b-9868-57a2d4851a1d" relativeResultsDirectory="a851f05a-796b-424f-95e8-84b01e160613" />
    <UnitTestResult executionId="00364f1b-8f66-42dd-b851-cfc2f93ab881" testId="130bd8eb-cd05-df9a-db2a-94f1df1daf5d" testName="ShsNotifications_UpdateNotificationWithEmptySubscriptionId" computerName="TFSBUILD11" duration="00:00:00.0136530" startTime="2015-09-28T09:43:21.4366916-07:00" endTime="2015-09-28T09:43:21.4523182-07:00" testType="13cdc9d9-ddb5-4fa4-a97d-d965ccfc6d4b" outcome="Passed" testListId="8c84fa94-04c1-424b-9868-57a2d4851a1d" relativeResultsDirectory="00364f1b-8f66-42dd-b851-cfc2f93ab881" />
    <UnitTestResult executionId="9bdf8c72-e1fe-443f-85d4-4978ce92b9d8" testId="03f3a1b1-45d3-16aa-551e-1c679a2d3ae6" testName="ShsNotifications_CreateFor1MatchingSubscription" computerName="TFSBUILD11" duration="00:00:00.0182692" startTime="2015-09-28T09:43:21.4523182-07:00" endTime="2015-09-28T09:43:21.4679441-07:00" testType="13cdc9d9-ddb5-4fa4-a97d-d965ccfc6d4b" outcome="Passed" testListId="8c84fa94-04c1-424b-9868-57a2d4851a1d" relativeResultsDirectory="9bdf8c72-e1fe-443f-85d4-4978ce92b9d8" />
    <UnitTestResult executionId="25515cda-2b84-468c-81d3-07abc05966d2" testId="8ddc6a6a-a567-134b-08da-3f74e1e51f30" testName="ShsNotifications_CreateFor2MatchingSubscriptions" computerName="TFSBUILD11" duration="00:00:00.0188310" startTime="2015-09-28T09:43:21.4679441-07:00" endTime="2015-09-28T09:43:21.4991960-07:00" testType="13cdc9d9-ddb5-4fa4-a97d-d965ccfc6d4b" outcome="Passed" testListId="8c84fa94-04c1-424b-9868-57a2d4851a1d" relativeResultsDirectory="25515cda-2b84-468c-81d3-07abc05966d2" />
    <UnitTestResult executionId="cf5da197-c885-4d9f-80d0-4fc6a0575be1" testId="f731eb7f-a0d4-dd44-ffa1-c60ddbe0746c" testName="ShsNotifications_CreateForSubscriptionDisabledByUser" computerName="TFSBUILD11" duration="00:00:00.0148778" startTime="2015-09-28T09:43:21.4991960-07:00" endTime="2015-09-28T09:43:21.5148221-07:00" testType="13cdc9d9-ddb5-4fa4-a97d-d965ccfc6d4b" outcome="Passed" testListId="8c84fa94-04c1-424b-9868-57a2d4851a1d" relativeResultsDirectory="cf5da197-c885-4d9f-80d0-4fc6a0575be1" />
    <UnitTestResult executionId="ef666891-0225-4cbb-9d21-c97e7bfa4536" testId="8dc41d12-10dc-92d1-1e75-44a5165859a5" testName="ShsNotifications_CreateForSubscriptionDisabledBySystem" computerName="TFSBUILD11" duration="00:00:00.0164849" startTime="2015-09-28T09:43:21.5148221-07:00" endTime="2015-09-28T09:43:21.5304482-07:00" testType="13cdc9d9-ddb5-4fa4-a97d-d965ccfc6d4b" outcome="Passed" testListId="8c84fa94-04c1-424b-9868-57a2d4851a1d" relativeResultsDirectory="ef666891-0225-4cbb-9d21-c97e7bfa4536" />
    <UnitTestResult executionId="2e0ed611-5484-4c34-8678-2cb60bbbfcd9" testId="7b0d9e04-136c-5fd0-f100-9833ade339ae" testName="ShsNotifications_HandleFailure_EnabledToProbationForEnduringError" computerName="TFSBUILD11" duration="00:00:00.0169522" startTime="2015-09-28T09:43:21.5304482-07:00" endTime="2015-09-28T09:43:21.5460746-07:00" testType="13cdc9d9-ddb5-4fa4-a97d-d965ccfc6d4b" outcome="Passed" testListId="8c84fa94-04c1-424b-9868-57a2d4851a1d" relativeResultsDirectory="2e0ed611-5484-4c34-8678-2cb60bbbfcd9" />
    <UnitTestResult executionId="a68cd637-5e6d-4782-b4b8-8eb97a897cc3" testId="5fe8f0ed-6043-df57-217e-a68c7f71d4ef" testName="ShsNotifications_HandleFailure_EnabledToProbationForFinalTransientError" computerName="TFSBUILD11" duration="00:00:00.0146514" startTime="2015-09-28T09:43:21.5460746-07:00" endTime="2015-09-28T09:43:21.5617005-07:00" testType="13cdc9d9-ddb5-4fa4-a97d-d965ccfc6d4b" outcome="Passed" testListId="8c84fa94-04c1-424b-9868-57a2d4851a1d" relativeResultsDirectory="a68cd637-5e6d-4782-b4b8-8eb97a897cc3" />
    <UnitTestResult executionId="ad3b61e7-d899-4960-b1d0-be2f3f2779cc" testId="459d535e-ac0c-946b-b14e-e5477bda38ac" testName="ShsNotifications_HandleFailure_ProbationToDisabledBySystemAfter7TransientErrors" computerName="TFSBUILD11" duration="00:00:00.0159544" startTime="2015-09-28T09:43:21.5617005-07:00" endTime="2015-09-28T09:43:21.5773260-07:00" testType="13cdc9d9-ddb5-4fa4-a97d-d965ccfc6d4b" outcome="Passed" testListId="8c84fa94-04c1-424b-9868-57a2d4851a1d" relativeResultsDirectory="ad3b61e7-d899-4960-b1d0-be2f3f2779cc" />
    <UnitTestResult executionId="73805aaa-e70e-4bff-811b-d2aa95a45106" testId="b4207361-c85e-b78d-2690-97bc303919e5" testName="ShsNotifications_HandleFailure_ProbationUnchangedForNonFinalEnduringError" computerName="TFSBUILD11" duration="00:00:00.0157152" startTime="2015-09-28T09:43:21.5773260-07:00" endTime="2015-09-28T09:43:21.5929530-07:00" testType="13cdc9d9-ddb5-4fa4-a97d-d965ccfc6d4b" outcome="Passed" testListId="8c84fa94-04c1-424b-9868-57a2d4851a1d" relativeResultsDirectory="73805aaa-e70e-4bff-811b-d2aa95a45106" />
    <UnitTestResult executionId="e9e5538f-3b22-409e-af08-55ed12482ddf" testId="3e4d249b-13be-dc8d-2140-8e0d655a1238" testName="ShsNotifications_HandleSuccess_StillEnabledAfterSucceeding" computerName="TFSBUILD11" duration="00:00:00.0150459" startTime="2015-09-28T09:43:21.5929530-07:00" endTime="2015-09-28T09:43:21.6085788-07:00" testType="13cdc9d9-ddb5-4fa4-a97d-d965ccfc6d4b" outcome="Passed" testListId="8c84fa94-04c1-424b-9868-57a2d4851a1d" relativeResultsDirectory="e9e5538f-3b22-409e-af08-55ed12482ddf" />
    <UnitTestResult executionId="a1b8060b-634a-4ad7-98e1-dbb2af065fac" testId="7254c5d4-ae18-e11e-1ee3-fdef8b74441a" testName="ShsNotifications_HandleSuccess_ProbationToEnabledAfterSucceeding" computerName="TFSBUILD11" duration="00:00:00.0142022" startTime="2015-09-28T09:43:21.6085788-07:00" endTime="2015-09-28T09:43:21.6242055-07:00" testType="13cdc9d9-ddb5-4fa4-a97d-d965ccfc6d4b" outcome="Passed" testListId="8c84fa94-04c1-424b-9868-57a2d4851a1d" relativeResultsDirectory="a1b8060b-634a-4ad7-98e1-dbb2af065fac" />
    <UnitTestResult executionId="3cb70b72-46aa-4587-a0e8-d9aa6972e166" testId="b2625394-5bb7-4674-28e6-8c628e013810" testName="ShsBadArgs_ServiceEnd1" computerName="TFSBUILD11" duration="00:00:00.0140614" startTime="2015-09-28T09:43:21.6242055-07:00" endTime="2015-09-28T09:43:21.6398316-07:00" testType="13cdc9d9-ddb5-4fa4-a97d-d965ccfc6d4b" outcome="Passed" testListId="8c84fa94-04c1-424b-9868-57a2d4851a1d" relativeResultsDirectory="3cb70b72-46aa-4587-a0e8-d9aa6972e166" />
    <UnitTestResult executionId="3e2f7ff1-2a5f-4aeb-bb7a-483cec4b23a6" testId="d00983e3-967b-e4c9-d219-be67ffdadc6f" testName="ShsBadArgs_ServiceStart1" computerName="TFSBUILD11" duration="00:00:00.0190876" startTime="2015-09-28T09:43:21.6398316-07:00" endTime="2015-09-28T09:43:21.6554574-07:00" testType="13cdc9d9-ddb5-4fa4-a97d-d965ccfc6d4b" outcome="Passed" testListId="8c84fa94-04c1-424b-9868-57a2d4851a1d" relativeResultsDirectory="3e2f7ff1-2a5f-4aeb-bb7a-483cec4b23a6" />
    <UnitTestResult executionId="8eb4cef4-def8-4302-8e49-1c6eb6154130" testId="661f9ca8-c4b2-42bd-d8db-425e3e3d028e" testName="ShsBadArgs_SynchronizeDashboard1" computerName="TFSBUILD11" duration="00:00:00.0171107" startTime="2015-09-28T09:43:21.6554574-07:00" endTime="2015-09-28T09:43:21.6710830-07:00" testType="13cdc9d9-ddb5-4fa4-a97d-d965ccfc6d4b" outcome="Passed" testListId="8c84fa94-04c1-424b-9868-57a2d4851a1d" relativeResultsDirectory="8eb4cef4-def8-4302-8e49-1c6eb6154130" />
  </Results>
  <TestDefinitions>
    <UnitTest name="ShsBadArgs_GetSubscription1" storage="d:\v2.0\a1\_work\dbded102\bin\release.anycpu\servicehooks.service\ms.vs.services.servicehooks.server.l0.tests\ms.vs.services.servicehooks.server.l0.tests.dll" priority="3" id="c5fed459-50f1-647c-2b9b-f21f3bc3b792">
      <Owners>
        <Owner name="jpresto" />
      </Owners>
      <Execution id="c6c17e1b-f3b0-4774-9b48-8066ee4db83a" />
      <TestMethod codeBase="D:\v2.0\A1\_work\dbded102\bin\Release.AnyCPU\ServiceHooks.Service\MS.VS.Services.ServiceHooks.Server.L0.Tests\MS.VS.Services.ServiceHooks.Server.L0.Tests.dll" adapterTypeName="Microsoft.VisualStudio.TestTools.TestTypes.Unit.UnitTestAdapter" className="MS.VS.Services.ServiceHooks.Server.L0.Tests.ServiceHooksServiceTests+GetSubscriptionTests" name="ShsBadArgs_GetSubscription1" />
    </UnitTest>
    <UnitTest name="ShsBadArgs_GetSubscription2" storage="d:\v2.0\a1\_work\dbded102\bin\release.anycpu\servicehooks.service\ms.vs.services.servicehooks.server.l0.tests\ms.vs.services.servicehooks.server.l0.tests.dll" priority="3" id="f1083d24-8369-f2b6-3899-3b6ad1d8ec29">
      <Owners>
        <Owner name="jpresto" />
      </Owners>
      <Execution id="0ea8752b-b8ad-4944-9956-fd2043ff4e19" />
      <TestMethod codeBase="D:\v2.0\A1\_work\dbded102\bin\Release.AnyCPU\ServiceHooks.Service\MS.VS.Services.ServiceHooks.Server.L0.Tests\MS.VS.Services.ServiceHooks.Server.L0.Tests.dll" adapterTypeName="Microsoft.VisualStudio.TestTools.TestTypes.Unit.UnitTestAdapter" className="MS.VS.Services.ServiceHooks.Server.L0.Tests.ServiceHooksServiceTests+GetSubscriptionTests" name="ShsBadArgs_GetSubscription2" />
    </UnitTest>
    <UnitTest name="ShsSubscriptions_GetWithUnknownId" storage="d:\v2.0\a1\_work\dbded102\bin\release.anycpu\servicehooks.service\ms.vs.services.servicehooks.server.l0.tests\ms.vs.services.servicehooks.server.l0.tests.dll" priority="2" id="a1e62996-1934-4432-52f4-a2d3c1b59548">
      <Owners>
        <Owner name="jpresto" />
      </Owners>
      <Execution id="dc039da5-fd57-4c99-9ba6-f26910893dfe" />
      <TestMethod codeBase="D:\v2.0\A1\_work\dbded102\bin\Release.AnyCPU\ServiceHooks.Service\MS.VS.Services.ServiceHooks.Server.L0.Tests\MS.VS.Services.ServiceHooks.Server.L0.Tests.dll" adapterTypeName="Microsoft.VisualStudio.TestTools.TestTypes.Unit.UnitTestAdapter" className="MS.VS.Services.ServiceHooks.Server.L0.Tests.ServiceHooksServiceTests+GetSubscriptionTests" name="ShsSubscriptions_GetWithUnknownId" />
    </UnitTest>
    <UnitTest name="ShsSubscriptions_GetOne" storage="d:\v2.0\a1\_work\dbded102\bin\release.anycpu\servicehooks.service\ms.vs.services.servicehooks.server.l0.tests\ms.vs.services.servicehooks.server.l0.tests.dll" priority="1" id="a2d0c685-2585-906b-a88d-d98f0479ba59">
      <Owners>
        <Owner name="jpresto" />
      </Owners>
      <Execution id="b405baf6-1df7-494c-9af2-ebc2c553f628" />
      <TestMethod codeBase="D:\v2.0\A1\_work\dbded102\bin\Release.AnyCPU\ServiceHooks.Service\MS.VS.Services.ServiceHooks.Server.L0.Tests\MS.VS.Services.ServiceHooks.Server.L0.Tests.dll" adapterTypeName="Microsoft.VisualStudio.TestTools.TestTypes.Unit.UnitTestAdapter" className="MS.VS.Services.ServiceHooks.Server.L0.Tests.ServiceHooksServiceTests+GetSubscriptionTests" name="ShsSubscriptions_GetOne" />
    </UnitTest>
    <UnitTest name="ShsBadArgs_GetSubscriptions1" storage="d:\v2.0\a1\_work\dbded102\bin\release.anycpu\servicehooks.service\ms.vs.services.servicehooks.server.l0.tests\ms.vs.services.servicehooks.server.l0.tests.dll" priority="3" id="cddce590-c561-a925-1717-32c03934a2b6">
      <Owners>
        <Owner name="jpresto" />
      </Owners>
      <Execution id="dc709282-e80a-4ece-a204-992211e49f5c" />
      <TestMethod codeBase="D:\v2.0\A1\_work\dbded102\bin\Release.AnyCPU\ServiceHooks.Service\MS.VS.Services.ServiceHooks.Server.L0.Tests\MS.VS.Services.ServiceHooks.Server.L0.Tests.dll" adapterTypeName="Microsoft.VisualStudio.TestTools.TestTypes.Unit.UnitTestAdapter" className="MS.VS.Services.ServiceHooks.Server.L0.Tests.ServiceHooksServiceTests+GetSubscriptions" name="ShsBadArgs_GetSubscriptions1" />
    </UnitTest>
    <UnitTest name="ShsBadArgs_GetSubscriptions2" storage="d:\v2.0\a1\_work\dbded102\bin\release.anycpu\servicehooks.service\ms.vs.services.servicehooks.server.l0.tests\ms.vs.services.servicehooks.server.l0.tests.dll" priority="3" id="b72e2394-16dd-0c8b-8f58-519dc9a8d126">
      <Owners>
        <Owner name="jpresto" />
      </Owners>
      <Execution id="da1ef59a-3af3-4d3a-9d31-f84ebf6305b5" />
      <TestMethod codeBase="D:\v2.0\A1\_work\dbded102\bin\Release.AnyCPU\ServiceHooks.Service\MS.VS.Services.ServiceHooks.Server.L0.Tests\MS.VS.Services.ServiceHooks.Server.L0.Tests.dll" adapterTypeName="Microsoft.VisualStudio.TestTools.TestTypes.Unit.UnitTestAdapter" className="MS.VS.Services.ServiceHooks.Server.L0.Tests.ServiceHooksServiceTests+GetSubscriptions" name="ShsBadArgs_GetSubscriptions2" />
    </UnitTest>
    <UnitTest name="ShsBadArgs_GetSubscriptions3" storage="d:\v2.0\a1\_work\dbded102\bin\release.anycpu\servicehooks.service\ms.vs.services.servicehooks.server.l0.tests\ms.vs.services.servicehooks.server.l0.tests.dll" priority="3" id="eb2a7336-9220-f784-2ab6-2ae764263240">
      <Owners>
        <Owner name="jpresto" />
      </Owners>
      <Execution id="74e5b17c-5acc-4c5d-90b5-146b427bc856" />
      <TestMethod codeBase="D:\v2.0\A1\_work\dbded102\bin\Release.AnyCPU\ServiceHooks.Service\MS.VS.Services.ServiceHooks.Server.L0.Tests\MS.VS.Services.ServiceHooks.Server.L0.Tests.dll" adapterTypeName="Microsoft.VisualStudio.TestTools.TestTypes.Unit.UnitTestAdapter" className="MS.VS.Services.ServiceHooks.Server.L0.Tests.ServiceHooksServiceTests+GetSubscriptions" name="ShsBadArgs_GetSubscriptions3" />
    </UnitTest>
    <UnitTest name="ShsSubscriptions_GetMultiple" storage="d:\v2.0\a1\_work\dbded102\bin\release.anycpu\servicehooks.service\ms.vs.services.servicehooks.server.l0.tests\ms.vs.services.servicehooks.server.l0.tests.dll" priority="1" id="b9ed8ae0-9c64-f4dd-39de-ca990d246678">
      <Owners>
        <Owner name="jpresto" />
      </Owners>
      <Execution id="24a5bb05-7074-403d-82f8-975dbf565fb2" />
      <TestMethod codeBase="D:\v2.0\A1\_work\dbded102\bin\Release.AnyCPU\ServiceHooks.Service\MS.VS.Services.ServiceHooks.Server.L0.Tests\MS.VS.Services.ServiceHooks.Server.L0.Tests.dll" adapterTypeName="Microsoft.VisualStudio.TestTools.TestTypes.Unit.UnitTestAdapter" className="MS.VS.Services.ServiceHooks.Server.L0.Tests.ServiceHooksServiceTests+GetSubscriptions" name="ShsSubscriptions_GetMultiple" />
    </UnitTest>
    <UnitTest name="ShsBadArgs_CreateSubscription1" storage="d:\v2.0\a1\_work\dbded102\bin\release.anycpu\servicehooks.service\ms.vs.services.servicehooks.server.l0.tests\ms.vs.services.servicehooks.server.l0.tests.dll" priority="3" id="304808fb-4676-b6eb-0e09-19dbc4248730">
      <Owners>
        <Owner name="jpresto" />
      </Owners>
      <Execution id="2294e58b-70ff-436f-995a-55fcfa97f402" />
      <TestMethod codeBase="D:\v2.0\A1\_work\dbded102\bin\Release.AnyCPU\ServiceHooks.Service\MS.VS.Services.ServiceHooks.Server.L0.Tests\MS.VS.Services.ServiceHooks.Server.L0.Tests.dll" adapterTypeName="Microsoft.VisualStudio.TestTools.TestTypes.Unit.UnitTestAdapter" className="MS.VS.Services.ServiceHooks.Server.L0.Tests.ServiceHooksServiceTests+CreateSubscriptionTests" name="ShsBadArgs_CreateSubscription1" />
    </UnitTest>
    <UnitTest name="ShsBadArgs_CreateSubscription2" storage="d:\v2.0\a1\_work\dbded102\bin\release.anycpu\servicehooks.service\ms.vs.services.servicehooks.server.l0.tests\ms.vs.services.servicehooks.server.l0.tests.dll" priority="3" id="ec0a3927-0617-dcdf-6578-9bf149e0ce5e">
      <Owners>
        <Owner name="jpresto" />
      </Owners>
      <Execution id="b902d23c-2159-44d2-a18c-b62f7ab79ea9" />
      <TestMethod codeBase="D:\v2.0\A1\_work\dbded102\bin\Release.AnyCPU\ServiceHooks.Service\MS.VS.Services.ServiceHooks.Server.L0.Tests\MS.VS.Services.ServiceHooks.Server.L0.Tests.dll" adapterTypeName="Microsoft.VisualStudio.TestTools.TestTypes.Unit.UnitTestAdapter" className="MS.VS.Services.ServiceHooks.Server.L0.Tests.ServiceHooksServiceTests+CreateSubscriptionTests" name="ShsBadArgs_CreateSubscription2" />
    </UnitTest>
    <UnitTest name="ShsBadArgs_CreateSubscription4" storage="d:\v2.0\a1\_work\dbded102\bin\release.anycpu\servicehooks.service\ms.vs.services.servicehooks.server.l0.tests\ms.vs.services.servicehooks.server.l0.tests.dll" priority="3" id="430abac5-3a36-740b-5658-1af45efeec77">
      <Owners>
        <Owner name="jpresto" />
      </Owners>
      <Execution id="fa99ddfe-e1fd-4d45-9513-44f7b49dbb7d" />
      <TestMethod codeBase="D:\v2.0\A1\_work\dbded102\bin\Release.AnyCPU\ServiceHooks.Service\MS.VS.Services.ServiceHooks.Server.L0.Tests\MS.VS.Services.ServiceHooks.Server.L0.Tests.dll" adapterTypeName="Microsoft.VisualStudio.TestTools.TestTypes.Unit.UnitTestAdapter" className="MS.VS.Services.ServiceHooks.Server.L0.Tests.ServiceHooksServiceTests+CreateSubscriptionTests" name="ShsBadArgs_CreateSubscription4" />
    </UnitTest>
    <UnitTest name="ShsBadArgs_CreateSubscription5" storage="d:\v2.0\a1\_work\dbded102\bin\release.anycpu\servicehooks.service\ms.vs.services.servicehooks.server.l0.tests\ms.vs.services.servicehooks.server.l0.tests.dll" priority="3" id="f989e53f-9855-0296-300a-1035251e0c99">
      <Owners>
        <Owner name="jpresto" />
      </Owners>
      <Execution id="a5254cc2-c3d1-4543-bc67-ca3b3a18ae18" />
      <TestMethod codeBase="D:\v2.0\A1\_work\dbded102\bin\Release.AnyCPU\ServiceHooks.Service\MS.VS.Services.ServiceHooks.Server.L0.Tests\MS.VS.Services.ServiceHooks.Server.L0.Tests.dll" adapterTypeName="Microsoft.VisualStudio.TestTools.TestTypes.Unit.UnitTestAdapter" className="MS.VS.Services.ServiceHooks.Server.L0.Tests.ServiceHooksServiceTests+CreateSubscriptionTests" name="ShsBadArgs_CreateSubscription5" />
    </UnitTest>
    <UnitTest name="ShsBadArgs_CreateSubscription6" storage="d:\v2.0\a1\_work\dbded102\bin\release.anycpu\servicehooks.service\ms.vs.services.servicehooks.server.l0.tests\ms.vs.services.servicehooks.server.l0.tests.dll" priority="3" id="d539e923-698b-61ab-481c-80122d8bf94b">
      <Owners>
        <Owner name="jpresto" />
      </Owners>
      <Execution id="274b90c9-b175-4762-9e4b-9a14a362d522" />
      <TestMethod codeBase="D:\v2.0\A1\_work\dbded102\bin\Release.AnyCPU\ServiceHooks.Service\MS.VS.Services.ServiceHooks.Server.L0.Tests\MS.VS.Services.ServiceHooks.Server.L0.Tests.dll" adapterTypeName="Microsoft.VisualStudio.TestTools.TestTypes.Unit.UnitTestAdapter" className="MS.VS.Services.ServiceHooks.Server.L0.Tests.ServiceHooksServiceTests+CreateSubscriptionTests" name="ShsBadArgs_CreateSubscription6" />
    </UnitTest>
    <UnitTest name="ShsBadArgs_CreateSubscription7" storage="d:\v2.0\a1\_work\dbded102\bin\release.anycpu\servicehooks.service\ms.vs.services.servicehooks.server.l0.tests\ms.vs.services.servicehooks.server.l0.tests.dll" priority="3" id="8953a02a-65df-31fd-10c5-8de8631b0a05">
      <Owners>
        <Owner name="jpresto" />
      </Owners>
      <Execution id="df15c9e8-ac66-4301-af1d-da2239584ab7" />
      <TestMethod codeBase="D:\v2.0\A1\_work\dbded102\bin\Release.AnyCPU\ServiceHooks.Service\MS.VS.Services.ServiceHooks.Server.L0.Tests\MS.VS.Services.ServiceHooks.Server.L0.Tests.dll" adapterTypeName="Microsoft.VisualStudio.TestTools.TestTypes.Unit.UnitTestAdapter" className="MS.VS.Services.ServiceHooks.Server.L0.Tests.ServiceHooksServiceTests+CreateSubscriptionTests" name="ShsBadArgs_CreateSubscription7" />
    </UnitTest>
    <UnitTest name="ShsBadArgs_CreateSubscription8" storage="d:\v2.0\a1\_work\dbded102\bin\release.anycpu\servicehooks.service\ms.vs.services.servicehooks.server.l0.tests\ms.vs.services.servicehooks.server.l0.tests.dll" priority="3" id="d9c9dfc1-9ce1-bf1d-66fb-da2ae0c01691">
      <Owners>
        <Owner name="jpresto" />
      </Owners>
      <Execution id="1a44afe3-3818-457c-861f-022e773f1e9d" />
      <TestMethod codeBase="D:\v2.0\A1\_work\dbded102\bin\Release.AnyCPU\ServiceHooks.Service\MS.VS.Services.ServiceHooks.Server.L0.Tests\MS.VS.Services.ServiceHooks.Server.L0.Tests.dll" adapterTypeName="Microsoft.VisualStudio.TestTools.TestTypes.Unit.UnitTestAdapter" className="MS.VS.Services.ServiceHooks.Server.L0.Tests.ServiceHooksServiceTests+CreateSubscriptionTests" name="ShsBadArgs_CreateSubscription8" />
    </UnitTest>
    <UnitTest name="ShsBadArgs_CreateSubscription9" storage="d:\v2.0\a1\_work\dbded102\bin\release.anycpu\servicehooks.service\ms.vs.services.servicehooks.server.l0.tests\ms.vs.services.servicehooks.server.l0.tests.dll" priority="3" id="124c824e-b498-e454-3dbc-adb3ae04c5da">
      <Owners>
        <Owner name="jpresto" />
      </Owners>
      <Execution id="b9c77e72-1742-4ecf-8b29-a395c0692a45" />
      <TestMethod codeBase="D:\v2.0\A1\_work\dbded102\bin\Release.AnyCPU\ServiceHooks.Service\MS.VS.Services.ServiceHooks.Server.L0.Tests\MS.VS.Services.ServiceHooks.Server.L0.Tests.dll" adapterTypeName="Microsoft.VisualStudio.TestTools.TestTypes.Unit.UnitTestAdapter" className="MS.VS.Services.ServiceHooks.Server.L0.Tests.ServiceHooksServiceTests+CreateSubscriptionTests" name="ShsBadArgs_CreateSubscription9" />
    </UnitTest>
    <UnitTest name="ShsBadArgs_CreateSubscription10" storage="d:\v2.0\a1\_work\dbded102\bin\release.anycpu\servicehooks.service\ms.vs.services.servicehooks.server.l0.tests\ms.vs.services.servicehooks.server.l0.tests.dll" priority="3" id="7fbfd774-8859-4364-2952-970a58ef45e8">
      <Owners>
        <Owner name="jpresto" />
      </Owners>
      <Execution id="016fec3b-c660-4cf2-8399-e2a247e921a7" />
      <TestMethod codeBase="D:\v2.0\A1\_work\dbded102\bin\Release.AnyCPU\ServiceHooks.Service\MS.VS.Services.ServiceHooks.Server.L0.Tests\MS.VS.Services.ServiceHooks.Server.L0.Tests.dll" adapterTypeName="Microsoft.VisualStudio.TestTools.TestTypes.Unit.UnitTestAdapter" className="MS.VS.Services.ServiceHooks.Server.L0.Tests.ServiceHooksServiceTests+CreateSubscriptionTests" name="ShsBadArgs_CreateSubscription10" />
    </UnitTest>
    <UnitTest name="ShsBadArgs_CreateSubscription11" storage="d:\v2.0\a1\_work\dbded102\bin\release.anycpu\servicehooks.service\ms.vs.services.servicehooks.server.l0.tests\ms.vs.services.servicehooks.server.l0.tests.dll" priority="3" id="2c2d8944-cd01-4afb-4f32-df1937a751d8">
      <Owners>
        <Owner name="jpresto" />
      </Owners>
      <Execution id="6485afd6-ca8e-4a6c-9d5d-4ec3e4db9135" />
      <TestMethod codeBase="D:\v2.0\A1\_work\dbded102\bin\Release.AnyCPU\ServiceHooks.Service\MS.VS.Services.ServiceHooks.Server.L0.Tests\MS.VS.Services.ServiceHooks.Server.L0.Tests.dll" adapterTypeName="Microsoft.VisualStudio.TestTools.TestTypes.Unit.UnitTestAdapter" className="MS.VS.Services.ServiceHooks.Server.L0.Tests.ServiceHooksServiceTests+CreateSubscriptionTests" name="ShsBadArgs_CreateSubscription11" />
    </UnitTest>
    <UnitTest name="ShsBadArgs_CreateSubscription12" storage="d:\v2.0\a1\_work\dbded102\bin\release.anycpu\servicehooks.service\ms.vs.services.servicehooks.server.l0.tests\ms.vs.services.servicehooks.server.l0.tests.dll" priority="3" id="d8b4f2bc-aa2f-248f-6149-f67f8c91ec2c">
      <Owners>
        <Owner name="jpresto" />
      </Owners>
      <Execution id="cbf29018-9ef6-4e04-84ce-292db13583ff" />
      <TestMethod codeBase="D:\v2.0\A1\_work\dbded102\bin\Release.AnyCPU\ServiceHooks.Service\MS.VS.Services.ServiceHooks.Server.L0.Tests\MS.VS.Services.ServiceHooks.Server.L0.Tests.dll" adapterTypeName="Microsoft.VisualStudio.TestTools.TestTypes.Unit.UnitTestAdapter" className="MS.VS.Services.ServiceHooks.Server.L0.Tests.ServiceHooksServiceTests+CreateSubscriptionTests" name="ShsBadArgs_CreateSubscription12" />
    </UnitTest>
    <UnitTest name="ShsBadArgs_CreateSubscription13" storage="d:\v2.0\a1\_work\dbded102\bin\release.anycpu\servicehooks.service\ms.vs.services.servicehooks.server.l0.tests\ms.vs.services.servicehooks.server.l0.tests.dll" priority="3" id="b0e6f9ab-e8b5-3533-fce5-0576ad4ac5ca">
      <Owners>
        <Owner name="jpresto" />
      </Owners>
      <Execution id="9d9aaa35-dc56-4759-a8c8-ba729f875352" />
      <TestMethod codeBase="D:\v2.0\A1\_work\dbded102\bin\Release.AnyCPU\ServiceHooks.Service\MS.VS.Services.ServiceHooks.Server.L0.Tests\MS.VS.Services.ServiceHooks.Server.L0.Tests.dll" adapterTypeName="Microsoft.VisualStudio.TestTools.TestTypes.Unit.UnitTestAdapter" className="MS.VS.Services.ServiceHooks.Server.L0.Tests.ServiceHooksServiceTests+CreateSubscriptionTests" name="ShsBadArgs_CreateSubscription13" />
    </UnitTest>
    <UnitTest name="ShsBadArgs_CreateSubscription14" storage="d:\v2.0\a1\_work\dbded102\bin\release.anycpu\servicehooks.service\ms.vs.services.servicehooks.server.l0.tests\ms.vs.services.servicehooks.server.l0.tests.dll" priority="3" id="31026231-a005-ef57-59c1-64cd566f4d96">
      <Owners>
        <Owner name="jpresto" />
      </Owners>
      <Execution id="04814f7b-dfde-480e-abc8-fea169b3bd8e" />
      <TestMethod codeBase="D:\v2.0\A1\_work\dbded102\bin\Release.AnyCPU\ServiceHooks.Service\MS.VS.Services.ServiceHooks.Server.L0.Tests\MS.VS.Services.ServiceHooks.Server.L0.Tests.dll" adapterTypeName="Microsoft.VisualStudio.TestTools.TestTypes.Unit.UnitTestAdapter" className="MS.VS.Services.ServiceHooks.Server.L0.Tests.ServiceHooksServiceTests+CreateSubscriptionTests" name="ShsBadArgs_CreateSubscription14" />
    </UnitTest>
    <UnitTest name="ShsBadArgs_CreateSubscription15" storage="d:\v2.0\a1\_work\dbded102\bin\release.anycpu\servicehooks.service\ms.vs.services.servicehooks.server.l0.tests\ms.vs.services.servicehooks.server.l0.tests.dll" priority="3" id="41dd802f-b477-01db-16ec-c1f27490eb10">
      <Owners>
        <Owner name="jpresto" />
      </Owners>
      <Execution id="64de3402-1023-429c-a331-8b9f17dd5992" />
      <TestMethod codeBase="D:\v2.0\A1\_work\dbded102\bin\Release.AnyCPU\ServiceHooks.Service\MS.VS.Services.ServiceHooks.Server.L0.Tests\MS.VS.Services.ServiceHooks.Server.L0.Tests.dll" adapterTypeName="Microsoft.VisualStudio.TestTools.TestTypes.Unit.UnitTestAdapter" className="MS.VS.Services.ServiceHooks.Server.L0.Tests.ServiceHooksServiceTests+CreateSubscriptionTests" name="ShsBadArgs_CreateSubscription15" />
    </UnitTest>
    <UnitTest name="ShsBadArgs_CreateSubscription16" storage="d:\v2.0\a1\_work\dbded102\bin\release.anycpu\servicehooks.service\ms.vs.services.servicehooks.server.l0.tests\ms.vs.services.servicehooks.server.l0.tests.dll" priority="3" id="0bf7be58-443f-c7a6-4a24-fcd0219d975a">
      <Owners>
        <Owner name="jpresto" />
      </Owners>
      <Execution id="a2397534-9793-43a2-9c79-fd5224784a7b" />
      <TestMethod codeBase="D:\v2.0\A1\_work\dbded102\bin\Release.AnyCPU\ServiceHooks.Service\MS.VS.Services.ServiceHooks.Server.L0.Tests\MS.VS.Services.ServiceHooks.Server.L0.Tests.dll" adapterTypeName="Microsoft.VisualStudio.TestTools.TestTypes.Unit.UnitTestAdapter" className="MS.VS.Services.ServiceHooks.Server.L0.Tests.ServiceHooksServiceTests+CreateSubscriptionTests" name="ShsBadArgs_CreateSubscription16" />
    </UnitTest>
    <UnitTest name="ShsSubscriptions_CreateForAzureServiceBusNotificationHub" storage="d:\v2.0\a1\_work\dbded102\bin\release.anycpu\servicehooks.service\ms.vs.services.servicehooks.server.l0.tests\ms.vs.services.servicehooks.server.l0.tests.dll" priority="1" id="98be272e-13ae-4f7b-6932-783aa90b6b02">
      <Owners>
        <Owner name="jpresto" />
      </Owners>
      <Execution id="93dc12af-89d9-4d3b-95c9-a2413c53a16b" />
      <TestMethod codeBase="D:\v2.0\A1\_work\dbded102\bin\Release.AnyCPU\ServiceHooks.Service\MS.VS.Services.ServiceHooks.Server.L0.Tests\MS.VS.Services.ServiceHooks.Server.L0.Tests.dll" adapterTypeName="Microsoft.VisualStudio.TestTools.TestTypes.Unit.UnitTestAdapter" className="MS.VS.Services.ServiceHooks.Server.L0.Tests.ServiceHooksServiceTests+CreateSubscriptionTests" name="ShsSubscriptions_CreateForAzureServiceBusNotificationHub" />
    </UnitTest>
    <UnitTest name="ShsSubscriptions_CreateForAzureServiceBusQueue" storage="d:\v2.0\a1\_work\dbded102\bin\release.anycpu\servicehooks.service\ms.vs.services.servicehooks.server.l0.tests\ms.vs.services.servicehooks.server.l0.tests.dll" priority="1" id="f4809d20-7a30-e5cb-30da-5b5ce1d7472a">
      <Owners>
        <Owner name="jpresto" />
      </Owners>
      <Execution id="849ce5b8-9e0c-40f7-a184-a1a9e12997ab" />
      <TestMethod codeBase="D:\v2.0\A1\_work\dbded102\bin\Release.AnyCPU\ServiceHooks.Service\MS.VS.Services.ServiceHooks.Server.L0.Tests\MS.VS.Services.ServiceHooks.Server.L0.Tests.dll" adapterTypeName="Microsoft.VisualStudio.TestTools.TestTypes.Unit.UnitTestAdapter" className="MS.VS.Services.ServiceHooks.Server.L0.Tests.ServiceHooksServiceTests+CreateSubscriptionTests" name="ShsSubscriptions_CreateForAzureServiceBusQueue" />
    </UnitTest>
    <UnitTest name="ShsSubscriptions_CreateForAzureServiceBusTopic" storage="d:\v2.0\a1\_work\dbded102\bin\release.anycpu\servicehooks.service\ms.vs.services.servicehooks.server.l0.tests\ms.vs.services.servicehooks.server.l0.tests.dll" priority="1" id="6dae32fd-3c5e-8a80-2e7d-b3a7722c41e8">
      <Owners>
        <Owner name="jpresto" />
      </Owners>
      <Execution id="8f588138-b263-45ea-a34f-50b58ed899d7" />
      <TestMethod codeBase="D:\v2.0\A1\_work\dbded102\bin\Release.AnyCPU\ServiceHooks.Service\MS.VS.Services.ServiceHooks.Server.L0.Tests\MS.VS.Services.ServiceHooks.Server.L0.Tests.dll" adapterTypeName="Microsoft.VisualStudio.TestTools.TestTypes.Unit.UnitTestAdapter" className="MS.VS.Services.ServiceHooks.Server.L0.Tests.ServiceHooksServiceTests+CreateSubscriptionTests" name="ShsSubscriptions_CreateForAzureServiceBusTopic" />
    </UnitTest>
    <UnitTest name="ShsSubscriptions_CreateForAzureStorageQueue" storage="d:\v2.0\a1\_work\dbded102\bin\release.anycpu\servicehooks.service\ms.vs.services.servicehooks.server.l0.tests\ms.vs.services.servicehooks.server.l0.tests.dll" priority="1" id="2b6994d5-f891-6e2b-1085-c7e686dfd16b">
      <Owners>
        <Owner name="jpresto" />
      </Owners>
      <Execution id="9149b21c-f3ee-442c-9f3e-3fb70ab361f7" />
      <TestMethod codeBase="D:\v2.0\A1\_work\dbded102\bin\Release.AnyCPU\ServiceHooks.Service\MS.VS.Services.ServiceHooks.Server.L0.Tests\MS.VS.Services.ServiceHooks.Server.L0.Tests.dll" adapterTypeName="Microsoft.VisualStudio.TestTools.TestTypes.Unit.UnitTestAdapter" className="MS.VS.Services.ServiceHooks.Server.L0.Tests.ServiceHooksServiceTests+CreateSubscriptionTests" name="ShsSubscriptions_CreateForAzureStorageQueue" />
    </UnitTest>
    <UnitTest name="ShsSubscriptions_CreateForHipChatPostToRoom" storage="d:\v2.0\a1\_work\dbded102\bin\release.anycpu\servicehooks.service\ms.vs.services.servicehooks.server.l0.tests\ms.vs.services.servicehooks.server.l0.tests.dll" priority="1" id="1d2063e5-c30e-d48e-782e-1aa36e8676c8">
      <Owners>
        <Owner name="jpresto" />
      </Owners>
      <Execution id="ed1162ad-e087-4a5d-be65-a2dd10b55b24" />
      <TestMethod codeBase="D:\v2.0\A1\_work\dbded102\bin\Release.AnyCPU\ServiceHooks.Service\MS.VS.Services.ServiceHooks.Server.L0.Tests\MS.VS.Services.ServiceHooks.Server.L0.Tests.dll" adapterTypeName="Microsoft.VisualStudio.TestTools.TestTypes.Unit.UnitTestAdapter" className="MS.VS.Services.ServiceHooks.Server.L0.Tests.ServiceHooksServiceTests+CreateSubscriptionTests" name="ShsSubscriptions_CreateForHipChatPostToRoom" />
    </UnitTest>
    <UnitTest name="ShsSubscriptions_CreateForTrelloCreateCard" storage="d:\v2.0\a1\_work\dbded102\bin\release.anycpu\servicehooks.service\ms.vs.services.servicehooks.server.l0.tests\ms.vs.services.servicehooks.server.l0.tests.dll" priority="1" id="d010eb92-c4ec-59ad-5b0c-a0a3d9412a4e">
      <Owners>
        <Owner name="jpresto" />
      </Owners>
      <Execution id="affb7504-585f-4319-97d7-ba5c44bbefcd" />
      <TestMethod codeBase="D:\v2.0\A1\_work\dbded102\bin\Release.AnyCPU\ServiceHooks.Service\MS.VS.Services.ServiceHooks.Server.L0.Tests\MS.VS.Services.ServiceHooks.Server.L0.Tests.dll" adapterTypeName="Microsoft.VisualStudio.TestTools.TestTypes.Unit.UnitTestAdapter" className="MS.VS.Services.ServiceHooks.Server.L0.Tests.ServiceHooksServiceTests+CreateSubscriptionTests" name="ShsSubscriptions_CreateForTrelloCreateCard" />
    </UnitTest>
    <UnitTest name="ShsSubscriptions_CreateForTrelloCreateList" storage="d:\v2.0\a1\_work\dbded102\bin\release.anycpu\servicehooks.service\ms.vs.services.servicehooks.server.l0.tests\ms.vs.services.servicehooks.server.l0.tests.dll" priority="1" id="49163636-dd10-0589-4da4-dfa216cfdd15">
      <Owners>
        <Owner name="jpresto" />
      </Owners>
      <Execution id="3e3ef3d1-c2e5-4e8e-b2f8-f6ee305d4895" />
      <TestMethod codeBase="D:\v2.0\A1\_work\dbded102\bin\Release.AnyCPU\ServiceHooks.Service\MS.VS.Services.ServiceHooks.Server.L0.Tests\MS.VS.Services.ServiceHooks.Server.L0.Tests.dll" adapterTypeName="Microsoft.VisualStudio.TestTools.TestTypes.Unit.UnitTestAdapter" className="MS.VS.Services.ServiceHooks.Server.L0.Tests.ServiceHooksServiceTests+CreateSubscriptionTests" name="ShsSubscriptions_CreateForTrelloCreateList" />
    </UnitTest>
    <UnitTest name="ShsSubscriptions_CreateForWebHooksHttpRequest" storage="d:\v2.0\a1\_work\dbded102\bin\release.anycpu\servicehooks.service\ms.vs.services.servicehooks.server.l0.tests\ms.vs.services.servicehooks.server.l0.tests.dll" priority="1" id="dc8cf262-ce61-0ea9-5366-f82327f46772">
      <Owners>
        <Owner name="jpresto" />
      </Owners>
      <Execution id="9ef03d69-044c-4c13-ab0f-e6fb5c00a880" />
      <TestMethod codeBase="D:\v2.0\A1\_work\dbded102\bin\Release.AnyCPU\ServiceHooks.Service\MS.VS.Services.ServiceHooks.Server.L0.Tests\MS.VS.Services.ServiceHooks.Server.L0.Tests.dll" adapterTypeName="Microsoft.VisualStudio.TestTools.TestTypes.Unit.UnitTestAdapter" className="MS.VS.Services.ServiceHooks.Server.L0.Tests.ServiceHooksServiceTests+CreateSubscriptionTests" name="ShsSubscriptions_CreateForWebHooksHttpRequest" />
    </UnitTest>
    <UnitTest name="ShsSubscriptions_CreateForZapier" storage="d:\v2.0\a1\_work\dbded102\bin\release.anycpu\servicehooks.service\ms.vs.services.servicehooks.server.l0.tests\ms.vs.services.servicehooks.server.l0.tests.dll" priority="1" id="bb213746-6bc0-adc8-d84e-70b3e4484b87">
      <Owners>
        <Owner name="jpresto" />
      </Owners>
      <Execution id="2e027421-f4db-41e4-8608-c5a9af086937" />
      <TestMethod codeBase="D:\v2.0\A1\_work\dbded102\bin\Release.AnyCPU\ServiceHooks.Service\MS.VS.Services.ServiceHooks.Server.L0.Tests\MS.VS.Services.ServiceHooks.Server.L0.Tests.dll" adapterTypeName="Microsoft.VisualStudio.TestTools.TestTypes.Unit.UnitTestAdapter" className="MS.VS.Services.ServiceHooks.Server.L0.Tests.ServiceHooksServiceTests+CreateSubscriptionTests" name="ShsSubscriptions_CreateForZapier" />
    </UnitTest>
    <UnitTest name="ShsBadArgs_DeleteSubscription1" storage="d:\v2.0\a1\_work\dbded102\bin\release.anycpu\servicehooks.service\ms.vs.services.servicehooks.server.l0.tests\ms.vs.services.servicehooks.server.l0.tests.dll" priority="3" id="d6ac527d-7c2d-8bae-1ea8-1cdd3fa0032c">
      <Owners>
        <Owner name="jpresto" />
      </Owners>
      <Execution id="0e85e226-1fc2-424b-84b8-ad6e63880baf" />
      <TestMethod codeBase="D:\v2.0\A1\_work\dbded102\bin\Release.AnyCPU\ServiceHooks.Service\MS.VS.Services.ServiceHooks.Server.L0.Tests\MS.VS.Services.ServiceHooks.Server.L0.Tests.dll" adapterTypeName="Microsoft.VisualStudio.TestTools.TestTypes.Unit.UnitTestAdapter" className="MS.VS.Services.ServiceHooks.Server.L0.Tests.ServiceHooksServiceTests+DeleteSubscriptionTests" name="ShsBadArgs_DeleteSubscription1" />
    </UnitTest>
    <UnitTest name="ShsBadArgs_DeleteSubscription2" storage="d:\v2.0\a1\_work\dbded102\bin\release.anycpu\servicehooks.service\ms.vs.services.servicehooks.server.l0.tests\ms.vs.services.servicehooks.server.l0.tests.dll" priority="3" id="ffd7d084-8041-8da6-cdab-e5c66d1e14f5">
      <Owners>
        <Owner name="jpresto" />
      </Owners>
      <Execution id="49d16e93-a8da-4f57-b9b3-3d7affc2866d" />
      <TestMethod codeBase="D:\v2.0\A1\_work\dbded102\bin\Release.AnyCPU\ServiceHooks.Service\MS.VS.Services.ServiceHooks.Server.L0.Tests\MS.VS.Services.ServiceHooks.Server.L0.Tests.dll" adapterTypeName="Microsoft.VisualStudio.TestTools.TestTypes.Unit.UnitTestAdapter" className="MS.VS.Services.ServiceHooks.Server.L0.Tests.ServiceHooksServiceTests+DeleteSubscriptionTests" name="ShsBadArgs_DeleteSubscription2" />
    </UnitTest>
    <UnitTest name="ShsBadArgs_QuerySubscriptions1_1" storage="d:\v2.0\a1\_work\dbded102\bin\release.anycpu\servicehooks.service\ms.vs.services.servicehooks.server.l0.tests\ms.vs.services.servicehooks.server.l0.tests.dll" priority="3" id="ad6ff1b1-73eb-03ac-77a4-06ca94eabf6a">
      <Owners>
        <Owner name="jpresto" />
      </Owners>
      <Execution id="b136e7f5-b8ef-4f8f-ba7a-e334ac871674" />
      <TestMethod codeBase="D:\v2.0\A1\_work\dbded102\bin\Release.AnyCPU\ServiceHooks.Service\MS.VS.Services.ServiceHooks.Server.L0.Tests\MS.VS.Services.ServiceHooks.Server.L0.Tests.dll" adapterTypeName="Microsoft.VisualStudio.TestTools.TestTypes.Unit.UnitTestAdapter" className="MS.VS.Services.ServiceHooks.Server.L0.Tests.ServiceHooksServiceTests+QuerySubscriptionsTests" name="ShsBadArgs_QuerySubscriptions1_1" />
    </UnitTest>
    <UnitTest name="ShsBadArgs_QuerySubscriptions1_2" storage="d:\v2.0\a1\_work\dbded102\bin\release.anycpu\servicehooks.service\ms.vs.services.servicehooks.server.l0.tests\ms.vs.services.servicehooks.server.l0.tests.dll" priority="3" id="76cb9f06-bec0-4ec5-ab63-512313828a02">
      <Owners>
        <Owner name="jpresto" />
      </Owners>
      <Execution id="2eaa31c3-8a21-4d9a-b3dc-c258db293dd8" />
      <TestMethod codeBase="D:\v2.0\A1\_work\dbded102\bin\Release.AnyCPU\ServiceHooks.Service\MS.VS.Services.ServiceHooks.Server.L0.Tests\MS.VS.Services.ServiceHooks.Server.L0.Tests.dll" adapterTypeName="Microsoft.VisualStudio.TestTools.TestTypes.Unit.UnitTestAdapter" className="MS.VS.Services.ServiceHooks.Server.L0.Tests.ServiceHooksServiceTests+QuerySubscriptionsTests" name="ShsBadArgs_QuerySubscriptions1_2" />
    </UnitTest>
    <UnitTest name="ShsSubscriptions_QuerySubscriptionsWithEmptyQuery" storage="d:\v2.0\a1\_work\dbded102\bin\release.anycpu\servicehooks.service\ms.vs.services.servicehooks.server.l0.tests\ms.vs.services.servicehooks.server.l0.tests.dll" priority="2" id="564aa53d-818b-a55c-e279-c8ccc43deade">
      <Owners>
        <Owner name="jpresto" />
      </Owners>
      <Execution id="d69afc73-5722-42ec-ac3e-711bc7f139ac" />
      <TestMethod codeBase="D:\v2.0\A1\_work\dbded102\bin\Release.AnyCPU\ServiceHooks.Service\MS.VS.Services.ServiceHooks.Server.L0.Tests\MS.VS.Services.ServiceHooks.Server.L0.Tests.dll" adapterTypeName="Microsoft.VisualStudio.TestTools.TestTypes.Unit.UnitTestAdapter" className="MS.VS.Services.ServiceHooks.Server.L0.Tests.ServiceHooksServiceTests+QuerySubscriptionsTests" name="ShsSubscriptions_QuerySubscriptionsWithEmptyQuery" />
    </UnitTest>
    <UnitTest name="ShsSubscriptions_QuerySubscriptionsWitNoCriteria" storage="d:\v2.0\a1\_work\dbded102\bin\release.anycpu\servicehooks.service\ms.vs.services.servicehooks.server.l0.tests\ms.vs.services.servicehooks.server.l0.tests.dll" priority="2" id="95f66d37-9955-c00b-8f68-b6a08562620b">
      <Owners>
        <Owner name="jpresto" />
      </Owners>
      <Execution id="4a5bcd9d-0327-4ec1-9f27-cb072ca41b4d" />
      <TestMethod codeBase="D:\v2.0\A1\_work\dbded102\bin\Release.AnyCPU\ServiceHooks.Service\MS.VS.Services.ServiceHooks.Server.L0.Tests\MS.VS.Services.ServiceHooks.Server.L0.Tests.dll" adapterTypeName="Microsoft.VisualStudio.TestTools.TestTypes.Unit.UnitTestAdapter" className="MS.VS.Services.ServiceHooks.Server.L0.Tests.ServiceHooksServiceTests+QuerySubscriptionsTests" name="ShsSubscriptions_QuerySubscriptionsWitNoCriteria" />
    </UnitTest>
    <UnitTest name="ShsBadArgs_QuerySubscriptions2_1" storage="d:\v2.0\a1\_work\dbded102\bin\release.anycpu\servicehooks.service\ms.vs.services.servicehooks.server.l0.tests\ms.vs.services.servicehooks.server.l0.tests.dll" priority="3" id="65ca2bfe-5819-a2d8-ccb1-1d83710e0569">
      <Owners>
        <Owner name="jpresto" />
      </Owners>
      <Execution id="d979ccb5-616c-4dbc-8442-c002d2704dc2" />
      <TestMethod codeBase="D:\v2.0\A1\_work\dbded102\bin\Release.AnyCPU\ServiceHooks.Service\MS.VS.Services.ServiceHooks.Server.L0.Tests\MS.VS.Services.ServiceHooks.Server.L0.Tests.dll" adapterTypeName="Microsoft.VisualStudio.TestTools.TestTypes.Unit.UnitTestAdapter" className="MS.VS.Services.ServiceHooks.Server.L0.Tests.ServiceHooksServiceTests+QuerySubscriptionsTests" name="ShsBadArgs_QuerySubscriptions2_1" />
    </UnitTest>
    <UnitTest name="ShsBadArgs_QuerySubscriptions2_2" storage="d:\v2.0\a1\_work\dbded102\bin\release.anycpu\servicehooks.service\ms.vs.services.servicehooks.server.l0.tests\ms.vs.services.servicehooks.server.l0.tests.dll" priority="3" id="99efa732-0aad-983c-a09d-360e9fd23285">
      <Owners>
        <Owner name="jpresto" />
      </Owners>
      <Execution id="30fedb28-65b7-472f-a4a2-3215b58db000" />
      <TestMethod codeBase="D:\v2.0\A1\_work\dbded102\bin\Release.AnyCPU\ServiceHooks.Service\MS.VS.Services.ServiceHooks.Server.L0.Tests\MS.VS.Services.ServiceHooks.Server.L0.Tests.dll" adapterTypeName="Microsoft.VisualStudio.TestTools.TestTypes.Unit.UnitTestAdapter" className="MS.VS.Services.ServiceHooks.Server.L0.Tests.ServiceHooksServiceTests+QuerySubscriptionsTests" name="ShsBadArgs_QuerySubscriptions2_2" />
    </UnitTest>
    <UnitTest name="ShsBadArgs_QuerySubscriptions2_3" storage="d:\v2.0\a1\_work\dbded102\bin\release.anycpu\servicehooks.service\ms.vs.services.servicehooks.server.l0.tests\ms.vs.services.servicehooks.server.l0.tests.dll" priority="3" id="b3e43e34-bcd8-6bc7-df51-83be7b269695">
      <Owners>
        <Owner name="jpresto" />
      </Owners>
      <Execution id="edf38ece-d4ce-4736-beb4-2fe00ced683b" />
      <TestMethod codeBase="D:\v2.0\A1\_work\dbded102\bin\Release.AnyCPU\ServiceHooks.Service\MS.VS.Services.ServiceHooks.Server.L0.Tests\MS.VS.Services.ServiceHooks.Server.L0.Tests.dll" adapterTypeName="Microsoft.VisualStudio.TestTools.TestTypes.Unit.UnitTestAdapter" className="MS.VS.Services.ServiceHooks.Server.L0.Tests.ServiceHooksServiceTests+QuerySubscriptionsTests" name="ShsBadArgs_QuerySubscriptions2_3" />
    </UnitTest>
    <UnitTest name="ShsBadArgs_QuerySubscriptions2_4" storage="d:\v2.0\a1\_work\dbded102\bin\release.anycpu\servicehooks.service\ms.vs.services.servicehooks.server.l0.tests\ms.vs.services.servicehooks.server.l0.tests.dll" priority="3" id="cf0fe0b8-31d0-5e4e-cce7-37ab0b5ca8f8">
      <Owners>
        <Owner name="jpresto" />
      </Owners>
      <Execution id="da62f70b-23fc-449e-8c28-c309c65f3f16" />
      <TestMethod codeBase="D:\v2.0\A1\_work\dbded102\bin\Release.AnyCPU\ServiceHooks.Service\MS.VS.Services.ServiceHooks.Server.L0.Tests\MS.VS.Services.ServiceHooks.Server.L0.Tests.dll" adapterTypeName="Microsoft.VisualStudio.TestTools.TestTypes.Unit.UnitTestAdapter" className="MS.VS.Services.ServiceHooks.Server.L0.Tests.ServiceHooksServiceTests+QuerySubscriptionsTests" name="ShsBadArgs_QuerySubscriptions2_4" />
    </UnitTest>
    <UnitTest name="ShsBadArgs_QuerySubscriptions2_5" storage="d:\v2.0\a1\_work\dbded102\bin\release.anycpu\servicehooks.service\ms.vs.services.servicehooks.server.l0.tests\ms.vs.services.servicehooks.server.l0.tests.dll" priority="3" id="1016dbf5-9d9d-9d28-329c-6f79851aa8bd">
      <Owners>
        <Owner name="jpresto" />
      </Owners>
      <Execution id="94f00c1d-ca71-421a-843c-d7c76f1ce85c" />
      <TestMethod codeBase="D:\v2.0\A1\_work\dbded102\bin\Release.AnyCPU\ServiceHooks.Service\MS.VS.Services.ServiceHooks.Server.L0.Tests\MS.VS.Services.ServiceHooks.Server.L0.Tests.dll" adapterTypeName="Microsoft.VisualStudio.TestTools.TestTypes.Unit.UnitTestAdapter" className="MS.VS.Services.ServiceHooks.Server.L0.Tests.ServiceHooksServiceTests+QuerySubscriptionsTests" name="ShsBadArgs_QuerySubscriptions2_5" />
    </UnitTest>
    <UnitTest name="ShsBadArgs_QuerySubscriptions2_6" storage="d:\v2.0\a1\_work\dbded102\bin\release.anycpu\servicehooks.service\ms.vs.services.servicehooks.server.l0.tests\ms.vs.services.servicehooks.server.l0.tests.dll" priority="3" id="4a19dcc4-4b52-7bbf-8aaa-7d1aaceeaa50">
      <Owners>
        <Owner name="jpresto" />
      </Owners>
      <Execution id="d24d5c45-6ecf-42da-a08d-5b2e6339e300" />
      <TestMethod codeBase="D:\v2.0\A1\_work\dbded102\bin\Release.AnyCPU\ServiceHooks.Service\MS.VS.Services.ServiceHooks.Server.L0.Tests\MS.VS.Services.ServiceHooks.Server.L0.Tests.dll" adapterTypeName="Microsoft.VisualStudio.TestTools.TestTypes.Unit.UnitTestAdapter" className="MS.VS.Services.ServiceHooks.Server.L0.Tests.ServiceHooksServiceTests+QuerySubscriptionsTests" name="ShsBadArgs_QuerySubscriptions2_6" />
    </UnitTest>
    <UnitTest name="ShsBadArgs_QuerySubscriptions2_7" storage="d:\v2.0\a1\_work\dbded102\bin\release.anycpu\servicehooks.service\ms.vs.services.servicehooks.server.l0.tests\ms.vs.services.servicehooks.server.l0.tests.dll" priority="3" id="69810759-97ac-1e2d-dcfb-f5b81e4a95b2">
      <Owners>
        <Owner name="jpresto" />
      </Owners>
      <Execution id="0c6a2fb7-cb7a-4ce8-a2ec-73dc462e991e" />
      <TestMethod codeBase="D:\v2.0\A1\_work\dbded102\bin\Release.AnyCPU\ServiceHooks.Service\MS.VS.Services.ServiceHooks.Server.L0.Tests\MS.VS.Services.ServiceHooks.Server.L0.Tests.dll" adapterTypeName="Microsoft.VisualStudio.TestTools.TestTypes.Unit.UnitTestAdapter" className="MS.VS.Services.ServiceHooks.Server.L0.Tests.ServiceHooksServiceTests+QuerySubscriptionsTests" name="ShsBadArgs_QuerySubscriptions2_7" />
    </UnitTest>
    <UnitTest name="ShsBadArgs_QuerySubscriptions2_8" storage="d:\v2.0\a1\_work\dbded102\bin\release.anycpu\servicehooks.service\ms.vs.services.servicehooks.server.l0.tests\ms.vs.services.servicehooks.server.l0.tests.dll" priority="3" id="aecfad6b-49ca-f7c5-cf88-bc0f227b7131">
      <Owners>
        <Owner name="jpresto" />
      </Owners>
      <Execution id="d63dc2ed-1532-491a-b449-8ba281ef18cf" />
      <TestMethod codeBase="D:\v2.0\A1\_work\dbded102\bin\Release.AnyCPU\ServiceHooks.Service\MS.VS.Services.ServiceHooks.Server.L0.Tests\MS.VS.Services.ServiceHooks.Server.L0.Tests.dll" adapterTypeName="Microsoft.VisualStudio.TestTools.TestTypes.Unit.UnitTestAdapter" className="MS.VS.Services.ServiceHooks.Server.L0.Tests.ServiceHooksServiceTests+QuerySubscriptionsTests" name="ShsBadArgs_QuerySubscriptions2_8" />
    </UnitTest>
    <UnitTest name="ShsBadArgs_QuerySubscriptions2_9" storage="d:\v2.0\a1\_work\dbded102\bin\release.anycpu\servicehooks.service\ms.vs.services.servicehooks.server.l0.tests\ms.vs.services.servicehooks.server.l0.tests.dll" priority="3" id="6329fcb6-2f6b-0412-1ba6-9d1a436a5b7d">
      <Owners>
        <Owner name="jpresto" />
      </Owners>
      <Execution id="abaae298-df94-415d-960e-053f534b880c" />
      <TestMethod codeBase="D:\v2.0\A1\_work\dbded102\bin\Release.AnyCPU\ServiceHooks.Service\MS.VS.Services.ServiceHooks.Server.L0.Tests\MS.VS.Services.ServiceHooks.Server.L0.Tests.dll" adapterTypeName="Microsoft.VisualStudio.TestTools.TestTypes.Unit.UnitTestAdapter" className="MS.VS.Services.ServiceHooks.Server.L0.Tests.ServiceHooksServiceTests+QuerySubscriptionsTests" name="ShsBadArgs_QuerySubscriptions2_9" />
    </UnitTest>
    <UnitTest name="ShsBadArgs_UpdateSubscription1" storage="d:\v2.0\a1\_work\dbded102\bin\release.anycpu\servicehooks.service\ms.vs.services.servicehooks.server.l0.tests\ms.vs.services.servicehooks.server.l0.tests.dll" priority="3" id="e639a91a-9eaf-6e26-a1e0-1bd0192b01a0">
      <Owners>
        <Owner name="jpresto" />
      </Owners>
      <Execution id="cc9e3036-0c0c-4eeb-b80a-359ded03ad2e" />
      <TestMethod codeBase="D:\v2.0\A1\_work\dbded102\bin\Release.AnyCPU\ServiceHooks.Service\MS.VS.Services.ServiceHooks.Server.L0.Tests\MS.VS.Services.ServiceHooks.Server.L0.Tests.dll" adapterTypeName="Microsoft.VisualStudio.TestTools.TestTypes.Unit.UnitTestAdapter" className="MS.VS.Services.ServiceHooks.Server.L0.Tests.ServiceHooksServiceTests+UpdateSubscriptionTests" name="ShsBadArgs_UpdateSubscription1" />
    </UnitTest>
    <UnitTest name="ShsBadArgs_UpdateSubscription2" storage="d:\v2.0\a1\_work\dbded102\bin\release.anycpu\servicehooks.service\ms.vs.services.servicehooks.server.l0.tests\ms.vs.services.servicehooks.server.l0.tests.dll" priority="3" id="f816691c-8613-43b6-5fa9-542141844073">
      <Owners>
        <Owner name="jpresto" />
      </Owners>
      <Execution id="1e469dd7-be4b-46ba-9a39-0f24997d130c" />
      <TestMethod codeBase="D:\v2.0\A1\_work\dbded102\bin\Release.AnyCPU\ServiceHooks.Service\MS.VS.Services.ServiceHooks.Server.L0.Tests\MS.VS.Services.ServiceHooks.Server.L0.Tests.dll" adapterTypeName="Microsoft.VisualStudio.TestTools.TestTypes.Unit.UnitTestAdapter" className="MS.VS.Services.ServiceHooks.Server.L0.Tests.ServiceHooksServiceTests+UpdateSubscriptionTests" name="ShsBadArgs_UpdateSubscription2" />
    </UnitTest>
    <UnitTest name="ShsBadArgs_UpdateSubscription3" storage="d:\v2.0\a1\_work\dbded102\bin\release.anycpu\servicehooks.service\ms.vs.services.servicehooks.server.l0.tests\ms.vs.services.servicehooks.server.l0.tests.dll" priority="3" id="b5bc2fa2-9978-405f-6683-63bc274d9a26">
      <Owners>
        <Owner name="jpresto" />
      </Owners>
      <Execution id="6022180b-6f35-4159-a1e2-be959e0e8ea6" />
      <TestMethod codeBase="D:\v2.0\A1\_work\dbded102\bin\Release.AnyCPU\ServiceHooks.Service\MS.VS.Services.ServiceHooks.Server.L0.Tests\MS.VS.Services.ServiceHooks.Server.L0.Tests.dll" adapterTypeName="Microsoft.VisualStudio.TestTools.TestTypes.Unit.UnitTestAdapter" className="MS.VS.Services.ServiceHooks.Server.L0.Tests.ServiceHooksServiceTests+UpdateSubscriptionTests" name="ShsBadArgs_UpdateSubscription3" />
    </UnitTest>
    <UnitTest name="ShsBadArgs_UpdateSubscription4" storage="d:\v2.0\a1\_work\dbded102\bin\release.anycpu\servicehooks.service\ms.vs.services.servicehooks.server.l0.tests\ms.vs.services.servicehooks.server.l0.tests.dll" priority="3" id="5a359d8a-ef37-8089-89c4-4a32b4da2532">
      <Owners>
        <Owner name="jpresto" />
      </Owners>
      <Execution id="711b8afb-6851-4086-9ab6-91418dc38ad7" />
      <TestMethod codeBase="D:\v2.0\A1\_work\dbded102\bin\Release.AnyCPU\ServiceHooks.Service\MS.VS.Services.ServiceHooks.Server.L0.Tests\MS.VS.Services.ServiceHooks.Server.L0.Tests.dll" adapterTypeName="Microsoft.VisualStudio.TestTools.TestTypes.Unit.UnitTestAdapter" className="MS.VS.Services.ServiceHooks.Server.L0.Tests.ServiceHooksServiceTests+UpdateSubscriptionTests" name="ShsBadArgs_UpdateSubscription4" />
    </UnitTest>
    <UnitTest name="ShsBadArgs_UpdateSubscription5" storage="d:\v2.0\a1\_work\dbded102\bin\release.anycpu\servicehooks.service\ms.vs.services.servicehooks.server.l0.tests\ms.vs.services.servicehooks.server.l0.tests.dll" priority="3" id="6120b963-3503-ee4c-2dad-625c2d8e008f">
      <Owners>
        <Owner name="jpresto" />
      </Owners>
      <Execution id="cc7554af-1ba0-422b-bb93-742e03dfd33d" />
      <TestMethod codeBase="D:\v2.0\A1\_work\dbded102\bin\Release.AnyCPU\ServiceHooks.Service\MS.VS.Services.ServiceHooks.Server.L0.Tests\MS.VS.Services.ServiceHooks.Server.L0.Tests.dll" adapterTypeName="Microsoft.VisualStudio.TestTools.TestTypes.Unit.UnitTestAdapter" className="MS.VS.Services.ServiceHooks.Server.L0.Tests.ServiceHooksServiceTests+UpdateSubscriptionTests" name="ShsBadArgs_UpdateSubscription5" />
    </UnitTest>
    <UnitTest name="ShsBadArgs_UpdateSubscription6" storage="d:\v2.0\a1\_work\dbded102\bin\release.anycpu\servicehooks.service\ms.vs.services.servicehooks.server.l0.tests\ms.vs.services.servicehooks.server.l0.tests.dll" priority="3" id="b3fd6b0d-493e-8d13-3b81-185640c83a1c">
      <Owners>
        <Owner name="jpresto" />
      </Owners>
      <Execution id="d33a897e-0716-44ac-9ebb-7bfb182e1553" />
      <TestMethod codeBase="D:\v2.0\A1\_work\dbded102\bin\Release.AnyCPU\ServiceHooks.Service\MS.VS.Services.ServiceHooks.Server.L0.Tests\MS.VS.Services.ServiceHooks.Server.L0.Tests.dll" adapterTypeName="Microsoft.VisualStudio.TestTools.TestTypes.Unit.UnitTestAdapter" className="MS.VS.Services.ServiceHooks.Server.L0.Tests.ServiceHooksServiceTests+UpdateSubscriptionTests" name="ShsBadArgs_UpdateSubscription6" />
    </UnitTest>
    <UnitTest name="ShsBadArgs_UpdateSubscription7" storage="d:\v2.0\a1\_work\dbded102\bin\release.anycpu\servicehooks.service\ms.vs.services.servicehooks.server.l0.tests\ms.vs.services.servicehooks.server.l0.tests.dll" priority="3" id="096fca2f-2272-caa4-15c3-448594c675b7">
      <Owners>
        <Owner name="jpresto" />
      </Owners>
      <Execution id="f7ddcdf1-a546-4a9a-a686-f5cf4d32bb05" />
      <TestMethod codeBase="D:\v2.0\A1\_work\dbded102\bin\Release.AnyCPU\ServiceHooks.Service\MS.VS.Services.ServiceHooks.Server.L0.Tests\MS.VS.Services.ServiceHooks.Server.L0.Tests.dll" adapterTypeName="Microsoft.VisualStudio.TestTools.TestTypes.Unit.UnitTestAdapter" className="MS.VS.Services.ServiceHooks.Server.L0.Tests.ServiceHooksServiceTests+UpdateSubscriptionTests" name="ShsBadArgs_UpdateSubscription7" />
    </UnitTest>
    <UnitTest name="ShsBadArgs_UpdateSubscription8" storage="d:\v2.0\a1\_work\dbded102\bin\release.anycpu\servicehooks.service\ms.vs.services.servicehooks.server.l0.tests\ms.vs.services.servicehooks.server.l0.tests.dll" priority="3" id="773dbc74-7b1f-c0db-246d-c73e99b771da">
      <Owners>
        <Owner name="jpresto" />
      </Owners>
      <Execution id="5d9c3fc7-17e6-4881-8c09-edf7c6c1cc82" />
      <TestMethod codeBase="D:\v2.0\A1\_work\dbded102\bin\Release.AnyCPU\ServiceHooks.Service\MS.VS.Services.ServiceHooks.Server.L0.Tests\MS.VS.Services.ServiceHooks.Server.L0.Tests.dll" adapterTypeName="Microsoft.VisualStudio.TestTools.TestTypes.Unit.UnitTestAdapter" className="MS.VS.Services.ServiceHooks.Server.L0.Tests.ServiceHooksServiceTests+UpdateSubscriptionTests" name="ShsBadArgs_UpdateSubscription8" />
    </UnitTest>
    <UnitTest name="ShsBadArgs_UpdateSubscription9" storage="d:\v2.0\a1\_work\dbded102\bin\release.anycpu\servicehooks.service\ms.vs.services.servicehooks.server.l0.tests\ms.vs.services.servicehooks.server.l0.tests.dll" priority="3" id="31a827f7-c18f-f98f-b1ff-99a18a10d61b">
      <Owners>
        <Owner name="jpresto" />
      </Owners>
      <Execution id="f5db628b-e145-47cc-95e5-042e382db628" />
      <TestMethod codeBase="D:\v2.0\A1\_work\dbded102\bin\Release.AnyCPU\ServiceHooks.Service\MS.VS.Services.ServiceHooks.Server.L0.Tests\MS.VS.Services.ServiceHooks.Server.L0.Tests.dll" adapterTypeName="Microsoft.VisualStudio.TestTools.TestTypes.Unit.UnitTestAdapter" className="MS.VS.Services.ServiceHooks.Server.L0.Tests.ServiceHooksServiceTests+UpdateSubscriptionTests" name="ShsBadArgs_UpdateSubscription9" />
    </UnitTest>
    <UnitTest name="ShsBadArgs_UpdateSubscription10" storage="d:\v2.0\a1\_work\dbded102\bin\release.anycpu\servicehooks.service\ms.vs.services.servicehooks.server.l0.tests\ms.vs.services.servicehooks.server.l0.tests.dll" priority="3" id="48c9edf1-40dc-4943-22f4-3809bf94ca39">
      <Owners>
        <Owner name="jpresto" />
      </Owners>
      <Execution id="433d575a-3bea-4d07-aa6f-0b8a145d6157" />
      <TestMethod codeBase="D:\v2.0\A1\_work\dbded102\bin\Release.AnyCPU\ServiceHooks.Service\MS.VS.Services.ServiceHooks.Server.L0.Tests\MS.VS.Services.ServiceHooks.Server.L0.Tests.dll" adapterTypeName="Microsoft.VisualStudio.TestTools.TestTypes.Unit.UnitTestAdapter" className="MS.VS.Services.ServiceHooks.Server.L0.Tests.ServiceHooksServiceTests+UpdateSubscriptionTests" name="ShsBadArgs_UpdateSubscription10" />
    </UnitTest>
    <UnitTest name="ShsBadArgs_UpdateSubscription11" storage="d:\v2.0\a1\_work\dbded102\bin\release.anycpu\servicehooks.service\ms.vs.services.servicehooks.server.l0.tests\ms.vs.services.servicehooks.server.l0.tests.dll" priority="3" id="ca85c107-90f4-8c79-45b6-e1d754a50979">
      <Owners>
        <Owner name="jpresto" />
      </Owners>
      <Execution id="230806f1-3aec-4b5f-b989-29c2670123f8" />
      <TestMethod codeBase="D:\v2.0\A1\_work\dbded102\bin\Release.AnyCPU\ServiceHooks.Service\MS.VS.Services.ServiceHooks.Server.L0.Tests\MS.VS.Services.ServiceHooks.Server.L0.Tests.dll" adapterTypeName="Microsoft.VisualStudio.TestTools.TestTypes.Unit.UnitTestAdapter" className="MS.VS.Services.ServiceHooks.Server.L0.Tests.ServiceHooksServiceTests+UpdateSubscriptionTests" name="ShsBadArgs_UpdateSubscription11" />
    </UnitTest>
    <UnitTest name="ShsBadArgs_UpdateSubscription12" storage="d:\v2.0\a1\_work\dbded102\bin\release.anycpu\servicehooks.service\ms.vs.services.servicehooks.server.l0.tests\ms.vs.services.servicehooks.server.l0.tests.dll" priority="3" id="8c5aeafb-d996-3935-bf08-ed8fc36fab7f">
      <Owners>
        <Owner name="jpresto" />
      </Owners>
      <Execution id="c9b6fad4-731b-457a-be9b-6d7cbd8ab296" />
      <TestMethod codeBase="D:\v2.0\A1\_work\dbded102\bin\Release.AnyCPU\ServiceHooks.Service\MS.VS.Services.ServiceHooks.Server.L0.Tests\MS.VS.Services.ServiceHooks.Server.L0.Tests.dll" adapterTypeName="Microsoft.VisualStudio.TestTools.TestTypes.Unit.UnitTestAdapter" className="MS.VS.Services.ServiceHooks.Server.L0.Tests.ServiceHooksServiceTests+UpdateSubscriptionTests" name="ShsBadArgs_UpdateSubscription12" />
    </UnitTest>
    <UnitTest name="ShsBadArgs_UpdateSubscription13" storage="d:\v2.0\a1\_work\dbded102\bin\release.anycpu\servicehooks.service\ms.vs.services.servicehooks.server.l0.tests\ms.vs.services.servicehooks.server.l0.tests.dll" priority="3" id="7edaba94-1e13-1b52-0d31-26efc3534dea">
      <Owners>
        <Owner name="jpresto" />
      </Owners>
      <Execution id="4cc8b1c1-557e-4424-b31e-7f78012df16f" />
      <TestMethod codeBase="D:\v2.0\A1\_work\dbded102\bin\Release.AnyCPU\ServiceHooks.Service\MS.VS.Services.ServiceHooks.Server.L0.Tests\MS.VS.Services.ServiceHooks.Server.L0.Tests.dll" adapterTypeName="Microsoft.VisualStudio.TestTools.TestTypes.Unit.UnitTestAdapter" className="MS.VS.Services.ServiceHooks.Server.L0.Tests.ServiceHooksServiceTests+UpdateSubscriptionTests" name="ShsBadArgs_UpdateSubscription13" />
    </UnitTest>
    <UnitTest name="ShsBadArgs_UpdateSubscription14" storage="d:\v2.0\a1\_work\dbded102\bin\release.anycpu\servicehooks.service\ms.vs.services.servicehooks.server.l0.tests\ms.vs.services.servicehooks.server.l0.tests.dll" priority="3" id="5f183548-42f4-59d9-b681-b6cb73c0ed1a">
      <Owners>
        <Owner name="jpresto" />
      </Owners>
      <Execution id="cfe4a74f-713c-46ba-b036-3ce4384eb9bf" />
      <TestMethod codeBase="D:\v2.0\A1\_work\dbded102\bin\Release.AnyCPU\ServiceHooks.Service\MS.VS.Services.ServiceHooks.Server.L0.Tests\MS.VS.Services.ServiceHooks.Server.L0.Tests.dll" adapterTypeName="Microsoft.VisualStudio.TestTools.TestTypes.Unit.UnitTestAdapter" className="MS.VS.Services.ServiceHooks.Server.L0.Tests.ServiceHooksServiceTests+UpdateSubscriptionTests" name="ShsBadArgs_UpdateSubscription14" />
    </UnitTest>
    <UnitTest name="ShsBadArgs_UpdateSubscription15" storage="d:\v2.0\a1\_work\dbded102\bin\release.anycpu\servicehooks.service\ms.vs.services.servicehooks.server.l0.tests\ms.vs.services.servicehooks.server.l0.tests.dll" priority="3" id="231e9845-6a4f-94a1-b109-f22d8d61ddf9">
      <Owners>
        <Owner name="jpresto" />
      </Owners>
      <Execution id="9cac0435-ffd8-4a34-8797-ab0a32ef9a38" />
      <TestMethod codeBase="D:\v2.0\A1\_work\dbded102\bin\Release.AnyCPU\ServiceHooks.Service\MS.VS.Services.ServiceHooks.Server.L0.Tests\MS.VS.Services.ServiceHooks.Server.L0.Tests.dll" adapterTypeName="Microsoft.VisualStudio.TestTools.TestTypes.Unit.UnitTestAdapter" className="MS.VS.Services.ServiceHooks.Server.L0.Tests.ServiceHooksServiceTests+UpdateSubscriptionTests" name="ShsBadArgs_UpdateSubscription15" />
    </UnitTest>
    <UnitTest name="ShsBadArgs_UpdateSubscription16" storage="d:\v2.0\a1\_work\dbded102\bin\release.anycpu\servicehooks.service\ms.vs.services.servicehooks.server.l0.tests\ms.vs.services.servicehooks.server.l0.tests.dll" priority="3" id="946a3e72-7b03-8bbe-743e-3a24aa7079e2">
      <Owners>
        <Owner name="jpresto" />
      </Owners>
      <Execution id="ba41168e-2349-452a-92eb-26f0ffcffb0e" />
      <TestMethod codeBase="D:\v2.0\A1\_work\dbded102\bin\Release.AnyCPU\ServiceHooks.Service\MS.VS.Services.ServiceHooks.Server.L0.Tests\MS.VS.Services.ServiceHooks.Server.L0.Tests.dll" adapterTypeName="Microsoft.VisualStudio.TestTools.TestTypes.Unit.UnitTestAdapter" className="MS.VS.Services.ServiceHooks.Server.L0.Tests.ServiceHooksServiceTests+UpdateSubscriptionTests" name="ShsBadArgs_UpdateSubscription16" />
    </UnitTest>
    <UnitTest name="ShsBadArgs_UpdateSubscription17" storage="d:\v2.0\a1\_work\dbded102\bin\release.anycpu\servicehooks.service\ms.vs.services.servicehooks.server.l0.tests\ms.vs.services.servicehooks.server.l0.tests.dll" priority="3" id="bbbfeb55-89a1-5478-d543-c228e4c93cae">
      <Owners>
        <Owner name="jpresto" />
      </Owners>
      <Execution id="33a517b8-dd38-4524-8eac-b59628d21f34" />
      <TestMethod codeBase="D:\v2.0\A1\_work\dbded102\bin\Release.AnyCPU\ServiceHooks.Service\MS.VS.Services.ServiceHooks.Server.L0.Tests\MS.VS.Services.ServiceHooks.Server.L0.Tests.dll" adapterTypeName="Microsoft.VisualStudio.TestTools.TestTypes.Unit.UnitTestAdapter" className="MS.VS.Services.ServiceHooks.Server.L0.Tests.ServiceHooksServiceTests+UpdateSubscriptionTests" name="ShsBadArgs_UpdateSubscription17" />
    </UnitTest>
    <UnitTest name="ShsBadArgs_UpdateSubscription18" storage="d:\v2.0\a1\_work\dbded102\bin\release.anycpu\servicehooks.service\ms.vs.services.servicehooks.server.l0.tests\ms.vs.services.servicehooks.server.l0.tests.dll" priority="3" id="405a0bf2-d8f7-21c4-b547-ad6519dbc0ae">
      <Owners>
        <Owner name="jpresto" />
      </Owners>
      <Execution id="b0c62378-26f6-4661-94d8-14bf3b2e1a58" />
      <TestMethod codeBase="D:\v2.0\A1\_work\dbded102\bin\Release.AnyCPU\ServiceHooks.Service\MS.VS.Services.ServiceHooks.Server.L0.Tests\MS.VS.Services.ServiceHooks.Server.L0.Tests.dll" adapterTypeName="Microsoft.VisualStudio.TestTools.TestTypes.Unit.UnitTestAdapter" className="MS.VS.Services.ServiceHooks.Server.L0.Tests.ServiceHooksServiceTests+UpdateSubscriptionTests" name="ShsBadArgs_UpdateSubscription18" />
    </UnitTest>
    <UnitTest name="ShsBadArgs_UpdateSubscriptionStatus1" storage="d:\v2.0\a1\_work\dbded102\bin\release.anycpu\servicehooks.service\ms.vs.services.servicehooks.server.l0.tests\ms.vs.services.servicehooks.server.l0.tests.dll" priority="3" id="8d9d7424-353a-6fea-54b6-66ca20abeb73">
      <Owners>
        <Owner name="jpresto" />
      </Owners>
      <Execution id="cc51ec05-7773-4495-bc00-bf87085e2cdc" />
      <TestMethod codeBase="D:\v2.0\A1\_work\dbded102\bin\Release.AnyCPU\ServiceHooks.Service\MS.VS.Services.ServiceHooks.Server.L0.Tests\MS.VS.Services.ServiceHooks.Server.L0.Tests.dll" adapterTypeName="Microsoft.VisualStudio.TestTools.TestTypes.Unit.UnitTestAdapter" className="MS.VS.Services.ServiceHooks.Server.L0.Tests.ServiceHooksServiceTests+UpdateSubscriptionStatusTests" name="ShsBadArgs_UpdateSubscriptionStatus1" />
    </UnitTest>
    <UnitTest name="ShsBadArgs_UpdateSubscriptionStatus2" storage="d:\v2.0\a1\_work\dbded102\bin\release.anycpu\servicehooks.service\ms.vs.services.servicehooks.server.l0.tests\ms.vs.services.servicehooks.server.l0.tests.dll" priority="3" id="57e6197f-95d9-0e2d-f2fa-3e23bed28dea">
      <Owners>
        <Owner name="jpresto" />
      </Owners>
      <Execution id="3319c5f3-3c55-42e1-863a-7c881fd098bb" />
      <TestMethod codeBase="D:\v2.0\A1\_work\dbded102\bin\Release.AnyCPU\ServiceHooks.Service\MS.VS.Services.ServiceHooks.Server.L0.Tests\MS.VS.Services.ServiceHooks.Server.L0.Tests.dll" adapterTypeName="Microsoft.VisualStudio.TestTools.TestTypes.Unit.UnitTestAdapter" className="MS.VS.Services.ServiceHooks.Server.L0.Tests.ServiceHooksServiceTests+UpdateSubscriptionStatusTests" name="ShsBadArgs_UpdateSubscriptionStatus2" />
    </UnitTest>
    <UnitTest name="ShsBadArgs_UpdateSubscriptionStatus3" storage="d:\v2.0\a1\_work\dbded102\bin\release.anycpu\servicehooks.service\ms.vs.services.servicehooks.server.l0.tests\ms.vs.services.servicehooks.server.l0.tests.dll" priority="3" id="8ef49b47-1522-40d4-dfac-c4ad6dd6b37b">
      <Owners>
        <Owner name="jpresto" />
      </Owners>
      <Execution id="84214aa5-7d4f-4908-bd64-4008722f0eac" />
      <TestMethod codeBase="D:\v2.0\A1\_work\dbded102\bin\Release.AnyCPU\ServiceHooks.Service\MS.VS.Services.ServiceHooks.Server.L0.Tests\MS.VS.Services.ServiceHooks.Server.L0.Tests.dll" adapterTypeName="Microsoft.VisualStudio.TestTools.TestTypes.Unit.UnitTestAdapter" className="MS.VS.Services.ServiceHooks.Server.L0.Tests.ServiceHooksServiceTests+UpdateSubscriptionStatusTests" name="ShsBadArgs_UpdateSubscriptionStatus3" />
    </UnitTest>
    <UnitTest name="ShsSubscriptions_UpdateSubscriptionStatusIncrementProbationRetries" storage="d:\v2.0\a1\_work\dbded102\bin\release.anycpu\servicehooks.service\ms.vs.services.servicehooks.server.l0.tests\ms.vs.services.servicehooks.server.l0.tests.dll" priority="1" id="9add1f71-d105-d1e6-1eed-2ab3b091ba6a">
      <Owners>
        <Owner name="jpresto" />
      </Owners>
      <Execution id="26c6289d-f437-4977-864d-9c51c51e2019" />
      <TestMethod codeBase="D:\v2.0\A1\_work\dbded102\bin\Release.AnyCPU\ServiceHooks.Service\MS.VS.Services.ServiceHooks.Server.L0.Tests\MS.VS.Services.ServiceHooks.Server.L0.Tests.dll" adapterTypeName="Microsoft.VisualStudio.TestTools.TestTypes.Unit.UnitTestAdapter" className="MS.VS.Services.ServiceHooks.Server.L0.Tests.ServiceHooksServiceTests+UpdateSubscriptionStatusTests" name="ShsSubscriptions_UpdateSubscriptionStatusIncrementProbationRetries" />
    </UnitTest>
    <UnitTest name="ShsSubscriptions_UpdateSubscriptionStatusResetProbationRetries" storage="d:\v2.0\a1\_work\dbded102\bin\release.anycpu\servicehooks.service\ms.vs.services.servicehooks.server.l0.tests\ms.vs.services.servicehooks.server.l0.tests.dll" priority="1" id="65ec22f2-cb94-8807-f63d-e9a184464ffc">
      <Owners>
        <Owner name="jpresto" />
      </Owners>
      <Execution id="a0dcbcf0-e352-44d1-b972-d3a9a8397775" />
      <TestMethod codeBase="D:\v2.0\A1\_work\dbded102\bin\Release.AnyCPU\ServiceHooks.Service\MS.VS.Services.ServiceHooks.Server.L0.Tests\MS.VS.Services.ServiceHooks.Server.L0.Tests.dll" adapterTypeName="Microsoft.VisualStudio.TestTools.TestTypes.Unit.UnitTestAdapter" className="MS.VS.Services.ServiceHooks.Server.L0.Tests.ServiceHooksServiceTests+UpdateSubscriptionStatusTests" name="ShsSubscriptions_UpdateSubscriptionStatusResetProbationRetries" />
    </UnitTest>
    <UnitTest name="ShsSubscriptions_UpdateSubscriptionStatusNoIncrementNorResetProbationRetries" storage="d:\v2.0\a1\_work\dbded102\bin\release.anycpu\servicehooks.service\ms.vs.services.servicehooks.server.l0.tests\ms.vs.services.servicehooks.server.l0.tests.dll" priority="1" id="9e052879-4291-b2fd-38ad-9dbb1e6263d3">
      <Owners>
        <Owner name="jpresto" />
      </Owners>
      <Execution id="c3b94f52-ae18-4b32-bdd6-5f36e18ecbd9" />
      <TestMethod codeBase="D:\v2.0\A1\_work\dbded102\bin\Release.AnyCPU\ServiceHooks.Service\MS.VS.Services.ServiceHooks.Server.L0.Tests\MS.VS.Services.ServiceHooks.Server.L0.Tests.dll" adapterTypeName="Microsoft.VisualStudio.TestTools.TestTypes.Unit.UnitTestAdapter" className="MS.VS.Services.ServiceHooks.Server.L0.Tests.ServiceHooksServiceTests+UpdateSubscriptionStatusTests" name="ShsSubscriptions_UpdateSubscriptionStatusNoIncrementNorResetProbationRetries" />
    </UnitTest>
    <UnitTest name="ShsBadArgs_GetConsumer1" storage="d:\v2.0\a1\_work\dbded102\bin\release.anycpu\servicehooks.service\ms.vs.services.servicehooks.server.l0.tests\ms.vs.services.servicehooks.server.l0.tests.dll" priority="3" id="2b92375b-f426-3fe0-c0f8-49e5a12a5616">
      <Owners>
        <Owner name="jpresto" />
      </Owners>
      <Execution id="8cc15835-8584-48d4-8b12-7a12aeb7f6b7" />
      <TestMethod codeBase="D:\v2.0\A1\_work\dbded102\bin\Release.AnyCPU\ServiceHooks.Service\MS.VS.Services.ServiceHooks.Server.L0.Tests\MS.VS.Services.ServiceHooks.Server.L0.Tests.dll" adapterTypeName="Microsoft.VisualStudio.TestTools.TestTypes.Unit.UnitTestAdapter" className="MS.VS.Services.ServiceHooks.Server.L0.Tests.ServiceHooksServiceTests+GetConsumerTests" name="ShsBadArgs_GetConsumer1" />
    </UnitTest>
    <UnitTest name="ShsBadArgs_GetConsumer2" storage="d:\v2.0\a1\_work\dbded102\bin\release.anycpu\servicehooks.service\ms.vs.services.servicehooks.server.l0.tests\ms.vs.services.servicehooks.server.l0.tests.dll" priority="3" id="bb28437c-b54d-b71a-cf57-fc04e330e603">
      <Owners>
        <Owner name="jpresto" />
      </Owners>
      <Execution id="19d2faca-aaea-4896-9300-0d94ef3a0eb8" />
      <TestMethod codeBase="D:\v2.0\A1\_work\dbded102\bin\Release.AnyCPU\ServiceHooks.Service\MS.VS.Services.ServiceHooks.Server.L0.Tests\MS.VS.Services.ServiceHooks.Server.L0.Tests.dll" adapterTypeName="Microsoft.VisualStudio.TestTools.TestTypes.Unit.UnitTestAdapter" className="MS.VS.Services.ServiceHooks.Server.L0.Tests.ServiceHooksServiceTests+GetConsumerTests" name="ShsBadArgs_GetConsumer2" />
    </UnitTest>
    <UnitTest name="ShsBadArgs_GetConsumer3" storage="d:\v2.0\a1\_work\dbded102\bin\release.anycpu\servicehooks.service\ms.vs.services.servicehooks.server.l0.tests\ms.vs.services.servicehooks.server.l0.tests.dll" priority="3" id="e0d16924-5b50-8e45-452a-7d516e0eb1d6">
      <Owners>
        <Owner name="jpresto" />
      </Owners>
      <Execution id="36b3f647-16a1-411c-9bb0-33a4639d4a09" />
      <TestMethod codeBase="D:\v2.0\A1\_work\dbded102\bin\Release.AnyCPU\ServiceHooks.Service\MS.VS.Services.ServiceHooks.Server.L0.Tests\MS.VS.Services.ServiceHooks.Server.L0.Tests.dll" adapterTypeName="Microsoft.VisualStudio.TestTools.TestTypes.Unit.UnitTestAdapter" className="MS.VS.Services.ServiceHooks.Server.L0.Tests.ServiceHooksServiceTests+GetConsumerTests" name="ShsBadArgs_GetConsumer3" />
    </UnitTest>
    <UnitTest name="ShsConsumers_GetAzureServiceBus" storage="d:\v2.0\a1\_work\dbded102\bin\release.anycpu\servicehooks.service\ms.vs.services.servicehooks.server.l0.tests\ms.vs.services.servicehooks.server.l0.tests.dll" priority="1" id="fcee1c72-e24e-e199-4fa9-053418226418">
      <Owners>
        <Owner name="jpresto" />
      </Owners>
      <Execution id="2dc3e237-ef44-468d-8c22-52a96add2469" />
      <TestMethod codeBase="D:\v2.0\A1\_work\dbded102\bin\Release.AnyCPU\ServiceHooks.Service\MS.VS.Services.ServiceHooks.Server.L0.Tests\MS.VS.Services.ServiceHooks.Server.L0.Tests.dll" adapterTypeName="Microsoft.VisualStudio.TestTools.TestTypes.Unit.UnitTestAdapter" className="MS.VS.Services.ServiceHooks.Server.L0.Tests.ServiceHooksServiceTests+GetConsumerTests" name="ShsConsumers_GetAzureServiceBus" />
    </UnitTest>
    <UnitTest name="ShsConsumers_GetAzureStorage" storage="d:\v2.0\a1\_work\dbded102\bin\release.anycpu\servicehooks.service\ms.vs.services.servicehooks.server.l0.tests\ms.vs.services.servicehooks.server.l0.tests.dll" priority="1" id="a963227c-0121-e341-4233-6d503daf3bdd">
      <Owners>
        <Owner name="jpresto" />
      </Owners>
      <Execution id="6f960f93-5b7b-4a40-99b4-1d9ff55c2db9" />
      <TestMethod codeBase="D:\v2.0\A1\_work\dbded102\bin\Release.AnyCPU\ServiceHooks.Service\MS.VS.Services.ServiceHooks.Server.L0.Tests\MS.VS.Services.ServiceHooks.Server.L0.Tests.dll" adapterTypeName="Microsoft.VisualStudio.TestTools.TestTypes.Unit.UnitTestAdapter" className="MS.VS.Services.ServiceHooks.Server.L0.Tests.ServiceHooksServiceTests+GetConsumerTests" name="ShsConsumers_GetAzureStorage" />
    </UnitTest>
    <UnitTest name="ShsConsumers_GetHipChat" storage="d:\v2.0\a1\_work\dbded102\bin\release.anycpu\servicehooks.service\ms.vs.services.servicehooks.server.l0.tests\ms.vs.services.servicehooks.server.l0.tests.dll" priority="1" id="05c3a42d-7a9c-fbc2-b56c-282019170aa7">
      <Owners>
        <Owner name="jpresto" />
      </Owners>
      <Execution id="2d05bf1f-53a1-4155-95bd-ff1024ff5a44" />
      <TestMethod codeBase="D:\v2.0\A1\_work\dbded102\bin\Release.AnyCPU\ServiceHooks.Service\MS.VS.Services.ServiceHooks.Server.L0.Tests\MS.VS.Services.ServiceHooks.Server.L0.Tests.dll" adapterTypeName="Microsoft.VisualStudio.TestTools.TestTypes.Unit.UnitTestAdapter" className="MS.VS.Services.ServiceHooks.Server.L0.Tests.ServiceHooksServiceTests+GetConsumerTests" name="ShsConsumers_GetHipChat" />
    </UnitTest>
    <UnitTest name="ShsConsumers_GetTrello" storage="d:\v2.0\a1\_work\dbded102\bin\release.anycpu\servicehooks.service\ms.vs.services.servicehooks.server.l0.tests\ms.vs.services.servicehooks.server.l0.tests.dll" priority="1" id="0faa1c16-b155-113a-c2e3-aa6122eedc13">
      <Owners>
        <Owner name="jpresto" />
      </Owners>
      <Execution id="80430231-e1e4-4714-8c4e-e461147d3115" />
      <TestMethod codeBase="D:\v2.0\A1\_work\dbded102\bin\Release.AnyCPU\ServiceHooks.Service\MS.VS.Services.ServiceHooks.Server.L0.Tests\MS.VS.Services.ServiceHooks.Server.L0.Tests.dll" adapterTypeName="Microsoft.VisualStudio.TestTools.TestTypes.Unit.UnitTestAdapter" className="MS.VS.Services.ServiceHooks.Server.L0.Tests.ServiceHooksServiceTests+GetConsumerTests" name="ShsConsumers_GetTrello" />
    </UnitTest>
    <UnitTest name="ShsConsumers_GetWebHooks" storage="d:\v2.0\a1\_work\dbded102\bin\release.anycpu\servicehooks.service\ms.vs.services.servicehooks.server.l0.tests\ms.vs.services.servicehooks.server.l0.tests.dll" priority="1" id="66e062ae-e0a2-d249-9aff-ae66aa1fed15">
      <Owners>
        <Owner name="jpresto" />
      </Owners>
      <Execution id="1f196d14-c59f-4805-9036-d0550696231d" />
      <TestMethod codeBase="D:\v2.0\A1\_work\dbded102\bin\Release.AnyCPU\ServiceHooks.Service\MS.VS.Services.ServiceHooks.Server.L0.Tests\MS.VS.Services.ServiceHooks.Server.L0.Tests.dll" adapterTypeName="Microsoft.VisualStudio.TestTools.TestTypes.Unit.UnitTestAdapter" className="MS.VS.Services.ServiceHooks.Server.L0.Tests.ServiceHooksServiceTests+GetConsumerTests" name="ShsConsumers_GetWebHooks" />
    </UnitTest>
    <UnitTest name="ShsConsumers_GetZapier" storage="d:\v2.0\a1\_work\dbded102\bin\release.anycpu\servicehooks.service\ms.vs.services.servicehooks.server.l0.tests\ms.vs.services.servicehooks.server.l0.tests.dll" priority="1" id="9cdc180d-73c0-d176-e844-df8efce040d2">
      <Owners>
        <Owner name="jpresto" />
      </Owners>
      <Execution id="f768fd5c-4282-4470-914e-a727d1a69635" />
      <TestMethod codeBase="D:\v2.0\A1\_work\dbded102\bin\Release.AnyCPU\ServiceHooks.Service\MS.VS.Services.ServiceHooks.Server.L0.Tests\MS.VS.Services.ServiceHooks.Server.L0.Tests.dll" adapterTypeName="Microsoft.VisualStudio.TestTools.TestTypes.Unit.UnitTestAdapter" className="MS.VS.Services.ServiceHooks.Server.L0.Tests.ServiceHooksServiceTests+GetConsumerTests" name="ShsConsumers_GetZapier" />
    </UnitTest>
    <UnitTest name="ShsBadArgs_GetConsumers1" storage="d:\v2.0\a1\_work\dbded102\bin\release.anycpu\servicehooks.service\ms.vs.services.servicehooks.server.l0.tests\ms.vs.services.servicehooks.server.l0.tests.dll" priority="3" id="0d693899-6d82-fc8e-d6f7-1c26d040788f">
      <Owners>
        <Owner name="jpresto" />
      </Owners>
      <Execution id="12feb3d0-2ca4-452e-a1cd-851315c7e410" />
      <TestMethod codeBase="D:\v2.0\A1\_work\dbded102\bin\Release.AnyCPU\ServiceHooks.Service\MS.VS.Services.ServiceHooks.Server.L0.Tests\MS.VS.Services.ServiceHooks.Server.L0.Tests.dll" adapterTypeName="Microsoft.VisualStudio.TestTools.TestTypes.Unit.UnitTestAdapter" className="MS.VS.Services.ServiceHooks.Server.L0.Tests.ServiceHooksServiceTests+GetConsumersTests" name="ShsBadArgs_GetConsumers1" />
    </UnitTest>
    <UnitTest name="ShsConsumers_GetConsumers_Hosted" storage="d:\v2.0\a1\_work\dbded102\bin\release.anycpu\servicehooks.service\ms.vs.services.servicehooks.server.l0.tests\ms.vs.services.servicehooks.server.l0.tests.dll" priority="1" id="5fde79b3-8754-b479-46e5-65c345acc44b">
      <Owners>
        <Owner name="jpresto" />
      </Owners>
      <Execution id="77e775cb-d96b-4ebb-bc1e-18f3a7eb3d12" />
      <TestMethod codeBase="D:\v2.0\A1\_work\dbded102\bin\Release.AnyCPU\ServiceHooks.Service\MS.VS.Services.ServiceHooks.Server.L0.Tests\MS.VS.Services.ServiceHooks.Server.L0.Tests.dll" adapterTypeName="Microsoft.VisualStudio.TestTools.TestTypes.Unit.UnitTestAdapter" className="MS.VS.Services.ServiceHooks.Server.L0.Tests.ServiceHooksServiceTests+GetConsumersTests" name="ShsConsumers_GetConsumers_Hosted" />
    </UnitTest>
    <UnitTest name="ShsConsumers_GetConsumers_OnPremises" storage="d:\v2.0\a1\_work\dbded102\bin\release.anycpu\servicehooks.service\ms.vs.services.servicehooks.server.l0.tests\ms.vs.services.servicehooks.server.l0.tests.dll" priority="1" id="b393c08b-a98f-a886-3a5e-5daefb70bd00">
      <Owners>
        <Owner name="jpresto" />
      </Owners>
      <Execution id="549e104e-53da-4153-aada-bd0dc8724e4a" />
      <TestMethod codeBase="D:\v2.0\A1\_work\dbded102\bin\Release.AnyCPU\ServiceHooks.Service\MS.VS.Services.ServiceHooks.Server.L0.Tests\MS.VS.Services.ServiceHooks.Server.L0.Tests.dll" adapterTypeName="Microsoft.VisualStudio.TestTools.TestTypes.Unit.UnitTestAdapter" className="MS.VS.Services.ServiceHooks.Server.L0.Tests.ServiceHooksServiceTests+GetConsumersTests" name="ShsConsumers_GetConsumers_OnPremises" />
    </UnitTest>
    <UnitTest name="ShsBadArgs_GetConsumerInputValues1" storage="d:\v2.0\a1\_work\dbded102\bin\release.anycpu\servicehooks.service\ms.vs.services.servicehooks.server.l0.tests\ms.vs.services.servicehooks.server.l0.tests.dll" priority="3" id="3d78d7a6-b0ed-25ee-ce74-1f3295111719">
      <Owners>
        <Owner name="jpresto" />
      </Owners>
      <Execution id="083e0734-3b92-4da5-a8a0-b6c679166ba9" />
      <TestMethod codeBase="D:\v2.0\A1\_work\dbded102\bin\Release.AnyCPU\ServiceHooks.Service\MS.VS.Services.ServiceHooks.Server.L0.Tests\MS.VS.Services.ServiceHooks.Server.L0.Tests.dll" adapterTypeName="Microsoft.VisualStudio.TestTools.TestTypes.Unit.UnitTestAdapter" className="MS.VS.Services.ServiceHooks.Server.L0.Tests.ServiceHooksServiceTests+GetConsumerInputValuesTests" name="ShsBadArgs_GetConsumerInputValues1" />
    </UnitTest>
    <UnitTest name="ShsBadArgs_GetConsumerInputValues2" storage="d:\v2.0\a1\_work\dbded102\bin\release.anycpu\servicehooks.service\ms.vs.services.servicehooks.server.l0.tests\ms.vs.services.servicehooks.server.l0.tests.dll" priority="3" id="d7635f12-eca9-63dc-4612-35a9213f18d6">
      <Owners>
        <Owner name="jpresto" />
      </Owners>
      <Execution id="0db1a0e0-8612-4f1c-a03a-f6dadc243cf8" />
      <TestMethod codeBase="D:\v2.0\A1\_work\dbded102\bin\Release.AnyCPU\ServiceHooks.Service\MS.VS.Services.ServiceHooks.Server.L0.Tests\MS.VS.Services.ServiceHooks.Server.L0.Tests.dll" adapterTypeName="Microsoft.VisualStudio.TestTools.TestTypes.Unit.UnitTestAdapter" className="MS.VS.Services.ServiceHooks.Server.L0.Tests.ServiceHooksServiceTests+GetConsumerInputValuesTests" name="ShsBadArgs_GetConsumerInputValues2" />
    </UnitTest>
    <UnitTest name="ShsBadArgs_GetConsumerInputValues3" storage="d:\v2.0\a1\_work\dbded102\bin\release.anycpu\servicehooks.service\ms.vs.services.servicehooks.server.l0.tests\ms.vs.services.servicehooks.server.l0.tests.dll" priority="3" id="344783b8-9a91-60ab-b9fd-9c52dfb3b22b">
      <Owners>
        <Owner name="jpresto" />
      </Owners>
      <Execution id="4dbecbe7-42a4-43e7-902a-85143e0a241f" />
      <TestMethod codeBase="D:\v2.0\A1\_work\dbded102\bin\Release.AnyCPU\ServiceHooks.Service\MS.VS.Services.ServiceHooks.Server.L0.Tests\MS.VS.Services.ServiceHooks.Server.L0.Tests.dll" adapterTypeName="Microsoft.VisualStudio.TestTools.TestTypes.Unit.UnitTestAdapter" className="MS.VS.Services.ServiceHooks.Server.L0.Tests.ServiceHooksServiceTests+GetConsumerInputValuesTests" name="ShsBadArgs_GetConsumerInputValues3" />
    </UnitTest>
    <UnitTest name="ShsBadArgs_GetConsumerInputValues4" storage="d:\v2.0\a1\_work\dbded102\bin\release.anycpu\servicehooks.service\ms.vs.services.servicehooks.server.l0.tests\ms.vs.services.servicehooks.server.l0.tests.dll" priority="3" id="38e9d4e4-6e57-003d-5caa-955f09652951">
      <Owners>
        <Owner name="jpresto" />
      </Owners>
      <Execution id="6602aaf4-0693-4a10-97b3-3e247e12c483" />
      <TestMethod codeBase="D:\v2.0\A1\_work\dbded102\bin\Release.AnyCPU\ServiceHooks.Service\MS.VS.Services.ServiceHooks.Server.L0.Tests\MS.VS.Services.ServiceHooks.Server.L0.Tests.dll" adapterTypeName="Microsoft.VisualStudio.TestTools.TestTypes.Unit.UnitTestAdapter" className="MS.VS.Services.ServiceHooks.Server.L0.Tests.ServiceHooksServiceTests+GetConsumerInputValuesTests" name="ShsBadArgs_GetConsumerInputValues4" />
    </UnitTest>
    <UnitTest name="ShsBadArgs_GetConsumerInputValues5" storage="d:\v2.0\a1\_work\dbded102\bin\release.anycpu\servicehooks.service\ms.vs.services.servicehooks.server.l0.tests\ms.vs.services.servicehooks.server.l0.tests.dll" priority="3" id="db7ca052-40e5-8f57-505c-e8b5c582b5af">
      <Owners>
        <Owner name="jpresto" />
      </Owners>
      <Execution id="7a55fd57-8dc4-432e-bdd2-d724fda5d2e0" />
      <TestMethod codeBase="D:\v2.0\A1\_work\dbded102\bin\Release.AnyCPU\ServiceHooks.Service\MS.VS.Services.ServiceHooks.Server.L0.Tests\MS.VS.Services.ServiceHooks.Server.L0.Tests.dll" adapterTypeName="Microsoft.VisualStudio.TestTools.TestTypes.Unit.UnitTestAdapter" className="MS.VS.Services.ServiceHooks.Server.L0.Tests.ServiceHooksServiceTests+GetConsumerInputValuesTests" name="ShsBadArgs_GetConsumerInputValues5" />
    </UnitTest>
    <UnitTest name="ShsBadArgs_GetConsumerInputValues6" storage="d:\v2.0\a1\_work\dbded102\bin\release.anycpu\servicehooks.service\ms.vs.services.servicehooks.server.l0.tests\ms.vs.services.servicehooks.server.l0.tests.dll" priority="3" id="d7cdb276-501b-db10-a24c-6655fc43227b">
      <Owners>
        <Owner name="jpresto" />
      </Owners>
      <Execution id="652476e5-8a03-46f1-a616-33904ef5de8f" />
      <TestMethod codeBase="D:\v2.0\A1\_work\dbded102\bin\Release.AnyCPU\ServiceHooks.Service\MS.VS.Services.ServiceHooks.Server.L0.Tests\MS.VS.Services.ServiceHooks.Server.L0.Tests.dll" adapterTypeName="Microsoft.VisualStudio.TestTools.TestTypes.Unit.UnitTestAdapter" className="MS.VS.Services.ServiceHooks.Server.L0.Tests.ServiceHooksServiceTests+GetConsumerInputValuesTests" name="ShsBadArgs_GetConsumerInputValues6" />
    </UnitTest>
    <UnitTest name="ShsBadArgs_GetConsumerInputValues7" storage="d:\v2.0\a1\_work\dbded102\bin\release.anycpu\servicehooks.service\ms.vs.services.servicehooks.server.l0.tests\ms.vs.services.servicehooks.server.l0.tests.dll" priority="3" id="ae3b259c-2ead-2462-b5bf-c5d84b12e49c">
      <Owners>
        <Owner name="jpresto" />
      </Owners>
      <Execution id="af38eac2-d82d-4365-94ae-1956872bd230" />
      <TestMethod codeBase="D:\v2.0\A1\_work\dbded102\bin\Release.AnyCPU\ServiceHooks.Service\MS.VS.Services.ServiceHooks.Server.L0.Tests\MS.VS.Services.ServiceHooks.Server.L0.Tests.dll" adapterTypeName="Microsoft.VisualStudio.TestTools.TestTypes.Unit.UnitTestAdapter" className="MS.VS.Services.ServiceHooks.Server.L0.Tests.ServiceHooksServiceTests+GetConsumerInputValuesTests" name="ShsBadArgs_GetConsumerInputValues7" />
    </UnitTest>
    <UnitTest name="ShsBadArgs_GetConsumerInputValues8" storage="d:\v2.0\a1\_work\dbded102\bin\release.anycpu\servicehooks.service\ms.vs.services.servicehooks.server.l0.tests\ms.vs.services.servicehooks.server.l0.tests.dll" priority="3" id="970d46b4-9f21-3016-ead2-e4ebacc7016f">
      <Owners>
        <Owner name="jpresto" />
      </Owners>
      <Execution id="cbb74b22-d1f8-42be-8d09-19281fa1d4d1" />
      <TestMethod codeBase="D:\v2.0\A1\_work\dbded102\bin\Release.AnyCPU\ServiceHooks.Service\MS.VS.Services.ServiceHooks.Server.L0.Tests\MS.VS.Services.ServiceHooks.Server.L0.Tests.dll" adapterTypeName="Microsoft.VisualStudio.TestTools.TestTypes.Unit.UnitTestAdapter" className="MS.VS.Services.ServiceHooks.Server.L0.Tests.ServiceHooksServiceTests+GetConsumerInputValuesTests" name="ShsBadArgs_GetConsumerInputValues8" />
    </UnitTest>
    <UnitTest name="ShsBadArgs_GetNotification1" storage="d:\v2.0\a1\_work\dbded102\bin\release.anycpu\servicehooks.service\ms.vs.services.servicehooks.server.l0.tests\ms.vs.services.servicehooks.server.l0.tests.dll" priority="3" id="434e9009-f7ec-e476-dada-ba745d34ecb0">
      <Owners>
        <Owner name="jpresto" />
      </Owners>
      <Execution id="afe8486c-007e-459c-aa19-d01bd0580ba0" />
      <TestMethod codeBase="D:\v2.0\A1\_work\dbded102\bin\Release.AnyCPU\ServiceHooks.Service\MS.VS.Services.ServiceHooks.Server.L0.Tests\MS.VS.Services.ServiceHooks.Server.L0.Tests.dll" adapterTypeName="Microsoft.VisualStudio.TestTools.TestTypes.Unit.UnitTestAdapter" className="MS.VS.Services.ServiceHooks.Server.L0.Tests.ServiceHooksServiceTests+GetNotificationTests" name="ShsBadArgs_GetNotification1" />
    </UnitTest>
    <UnitTest name="ShsBadArgs_GetNotification2" storage="d:\v2.0\a1\_work\dbded102\bin\release.anycpu\servicehooks.service\ms.vs.services.servicehooks.server.l0.tests\ms.vs.services.servicehooks.server.l0.tests.dll" priority="3" id="97d0db5e-eb88-1a79-b9fa-a449e22521cd">
      <Owners>
        <Owner name="jpresto" />
      </Owners>
      <Execution id="6d562b8d-e0d1-4637-99b5-83d1b9acc4fb" />
      <TestMethod codeBase="D:\v2.0\A1\_work\dbded102\bin\Release.AnyCPU\ServiceHooks.Service\MS.VS.Services.ServiceHooks.Server.L0.Tests\MS.VS.Services.ServiceHooks.Server.L0.Tests.dll" adapterTypeName="Microsoft.VisualStudio.TestTools.TestTypes.Unit.UnitTestAdapter" className="MS.VS.Services.ServiceHooks.Server.L0.Tests.ServiceHooksServiceTests+GetNotificationTests" name="ShsBadArgs_GetNotification2" />
    </UnitTest>
    <UnitTest name="ShsBadArgs_GetNotification3" storage="d:\v2.0\a1\_work\dbded102\bin\release.anycpu\servicehooks.service\ms.vs.services.servicehooks.server.l0.tests\ms.vs.services.servicehooks.server.l0.tests.dll" priority="3" id="e30c20d8-b6ec-bd95-5cc5-65afbd8ad85f">
      <Owners>
        <Owner name="jpresto" />
      </Owners>
      <Execution id="9515c7bc-10ab-4a42-bed2-8198ac795208" />
      <TestMethod codeBase="D:\v2.0\A1\_work\dbded102\bin\Release.AnyCPU\ServiceHooks.Service\MS.VS.Services.ServiceHooks.Server.L0.Tests\MS.VS.Services.ServiceHooks.Server.L0.Tests.dll" adapterTypeName="Microsoft.VisualStudio.TestTools.TestTypes.Unit.UnitTestAdapter" className="MS.VS.Services.ServiceHooks.Server.L0.Tests.ServiceHooksServiceTests+GetNotificationTests" name="ShsBadArgs_GetNotification3" />
    </UnitTest>
    <UnitTest name="ShsBadArgs_GetNotification4" storage="d:\v2.0\a1\_work\dbded102\bin\release.anycpu\servicehooks.service\ms.vs.services.servicehooks.server.l0.tests\ms.vs.services.servicehooks.server.l0.tests.dll" priority="3" id="def52dbd-0b1d-4990-e7f3-ea205e5e4d5f">
      <Owners>
        <Owner name="jpresto" />
      </Owners>
      <Execution id="6e57af36-00fd-44ba-bf1c-5b25352461e2" />
      <TestMethod codeBase="D:\v2.0\A1\_work\dbded102\bin\Release.AnyCPU\ServiceHooks.Service\MS.VS.Services.ServiceHooks.Server.L0.Tests\MS.VS.Services.ServiceHooks.Server.L0.Tests.dll" adapterTypeName="Microsoft.VisualStudio.TestTools.TestTypes.Unit.UnitTestAdapter" className="MS.VS.Services.ServiceHooks.Server.L0.Tests.ServiceHooksServiceTests+GetNotificationTests" name="ShsBadArgs_GetNotification4" />
    </UnitTest>
    <UnitTest name="ShsBadArgs_GetNotifications1" storage="d:\v2.0\a1\_work\dbded102\bin\release.anycpu\servicehooks.service\ms.vs.services.servicehooks.server.l0.tests\ms.vs.services.servicehooks.server.l0.tests.dll" priority="3" id="bad41c9a-29e7-b501-b6c4-fcc080adf684">
      <Owners>
        <Owner name="jpresto" />
      </Owners>
      <Execution id="c3c50c1f-c1b2-404a-b247-0373226d8ebe" />
      <TestMethod codeBase="D:\v2.0\A1\_work\dbded102\bin\Release.AnyCPU\ServiceHooks.Service\MS.VS.Services.ServiceHooks.Server.L0.Tests\MS.VS.Services.ServiceHooks.Server.L0.Tests.dll" adapterTypeName="Microsoft.VisualStudio.TestTools.TestTypes.Unit.UnitTestAdapter" className="MS.VS.Services.ServiceHooks.Server.L0.Tests.ServiceHooksServiceTests+GetNotificationsTests" name="ShsBadArgs_GetNotifications1" />
    </UnitTest>
    <UnitTest name="ShsBadArgs_GetNotifications2" storage="d:\v2.0\a1\_work\dbded102\bin\release.anycpu\servicehooks.service\ms.vs.services.servicehooks.server.l0.tests\ms.vs.services.servicehooks.server.l0.tests.dll" priority="3" id="4c88e19d-6ba1-fc31-d923-24c8539d5fd1">
      <Owners>
        <Owner name="jpresto" />
      </Owners>
      <Execution id="8a20b4df-6945-404b-b21f-2ee96322b908" />
      <TestMethod codeBase="D:\v2.0\A1\_work\dbded102\bin\Release.AnyCPU\ServiceHooks.Service\MS.VS.Services.ServiceHooks.Server.L0.Tests\MS.VS.Services.ServiceHooks.Server.L0.Tests.dll" adapterTypeName="Microsoft.VisualStudio.TestTools.TestTypes.Unit.UnitTestAdapter" className="MS.VS.Services.ServiceHooks.Server.L0.Tests.ServiceHooksServiceTests+GetNotificationsTests" name="ShsBadArgs_GetNotifications2" />
    </UnitTest>
    <UnitTest name="ShsBadArgs_GetNotifications3" storage="d:\v2.0\a1\_work\dbded102\bin\release.anycpu\servicehooks.service\ms.vs.services.servicehooks.server.l0.tests\ms.vs.services.servicehooks.server.l0.tests.dll" priority="3" id="55392d0e-36d0-c927-8333-7294cfd35275">
      <Owners>
        <Owner name="jpresto" />
      </Owners>
      <Execution id="2ad15148-27be-409c-8c73-b9a97081bdc1" />
      <TestMethod codeBase="D:\v2.0\A1\_work\dbded102\bin\Release.AnyCPU\ServiceHooks.Service\MS.VS.Services.ServiceHooks.Server.L0.Tests\MS.VS.Services.ServiceHooks.Server.L0.Tests.dll" adapterTypeName="Microsoft.VisualStudio.TestTools.TestTypes.Unit.UnitTestAdapter" className="MS.VS.Services.ServiceHooks.Server.L0.Tests.ServiceHooksServiceTests+GetNotificationsTests" name="ShsBadArgs_GetNotifications3" />
    </UnitTest>
    <UnitTest name="ShsBadArgs_GetNotifications4" storage="d:\v2.0\a1\_work\dbded102\bin\release.anycpu\servicehooks.service\ms.vs.services.servicehooks.server.l0.tests\ms.vs.services.servicehooks.server.l0.tests.dll" priority="3" id="e47c1fa3-b3a2-a9ce-3793-b67777cc1d01">
      <Owners>
        <Owner name="jpresto" />
      </Owners>
      <Execution id="c9634bb4-9108-4ea7-9699-5b1337087367" />
      <TestMethod codeBase="D:\v2.0\A1\_work\dbded102\bin\Release.AnyCPU\ServiceHooks.Service\MS.VS.Services.ServiceHooks.Server.L0.Tests\MS.VS.Services.ServiceHooks.Server.L0.Tests.dll" adapterTypeName="Microsoft.VisualStudio.TestTools.TestTypes.Unit.UnitTestAdapter" className="MS.VS.Services.ServiceHooks.Server.L0.Tests.ServiceHooksServiceTests+GetNotificationsTests" name="ShsBadArgs_GetNotifications4" />
    </UnitTest>
    <UnitTest name="ShsBadArgs_QueryNotifications1_1" storage="d:\v2.0\a1\_work\dbded102\bin\release.anycpu\servicehooks.service\ms.vs.services.servicehooks.server.l0.tests\ms.vs.services.servicehooks.server.l0.tests.dll" priority="3" id="91da0dc2-fda5-f2c5-c0ef-ee2746e40403">
      <Owners>
        <Owner name="jpresto" />
      </Owners>
      <Execution id="d31c9732-d3f4-4c8b-b429-e4ab54830d5d" />
      <TestMethod codeBase="D:\v2.0\A1\_work\dbded102\bin\Release.AnyCPU\ServiceHooks.Service\MS.VS.Services.ServiceHooks.Server.L0.Tests\MS.VS.Services.ServiceHooks.Server.L0.Tests.dll" adapterTypeName="Microsoft.VisualStudio.TestTools.TestTypes.Unit.UnitTestAdapter" className="MS.VS.Services.ServiceHooks.Server.L0.Tests.ServiceHooksServiceTests+QueryNotificationsTests" name="ShsBadArgs_QueryNotifications1_1" />
    </UnitTest>
    <UnitTest name="ShsBadArgs_QueryNotifications1_2" storage="d:\v2.0\a1\_work\dbded102\bin\release.anycpu\servicehooks.service\ms.vs.services.servicehooks.server.l0.tests\ms.vs.services.servicehooks.server.l0.tests.dll" priority="3" id="4f5c25f2-1114-4656-7f5a-a17069273307">
      <Owners>
        <Owner name="jpresto" />
      </Owners>
      <Execution id="39b1b07f-8ca0-48dd-a0f2-d1834f4d1df4" />
      <TestMethod codeBase="D:\v2.0\A1\_work\dbded102\bin\Release.AnyCPU\ServiceHooks.Service\MS.VS.Services.ServiceHooks.Server.L0.Tests\MS.VS.Services.ServiceHooks.Server.L0.Tests.dll" adapterTypeName="Microsoft.VisualStudio.TestTools.TestTypes.Unit.UnitTestAdapter" className="MS.VS.Services.ServiceHooks.Server.L0.Tests.ServiceHooksServiceTests+QueryNotificationsTests" name="ShsBadArgs_QueryNotifications1_2" />
    </UnitTest>
    <UnitTest name="ShsBadArgs_QueryNotifications2_1" storage="d:\v2.0\a1\_work\dbded102\bin\release.anycpu\servicehooks.service\ms.vs.services.servicehooks.server.l0.tests\ms.vs.services.servicehooks.server.l0.tests.dll" priority="3" id="05a6c36c-e5c9-6f40-db27-b6a099689468">
      <Owners>
        <Owner name="jpresto" />
      </Owners>
      <Execution id="576a1687-90dd-49b6-a909-c041b7f69cee" />
      <TestMethod codeBase="D:\v2.0\A1\_work\dbded102\bin\Release.AnyCPU\ServiceHooks.Service\MS.VS.Services.ServiceHooks.Server.L0.Tests\MS.VS.Services.ServiceHooks.Server.L0.Tests.dll" adapterTypeName="Microsoft.VisualStudio.TestTools.TestTypes.Unit.UnitTestAdapter" className="MS.VS.Services.ServiceHooks.Server.L0.Tests.ServiceHooksServiceTests+QueryNotificationsTests" name="ShsBadArgs_QueryNotifications2_1" />
    </UnitTest>
    <UnitTest name="ShsBadArgs_QueryNotifications2_2" storage="d:\v2.0\a1\_work\dbded102\bin\release.anycpu\servicehooks.service\ms.vs.services.servicehooks.server.l0.tests\ms.vs.services.servicehooks.server.l0.tests.dll" priority="3" id="99750fd9-b647-b6fc-6edc-65daabb7cb59">
      <Owners>
        <Owner name="jpresto" />
      </Owners>
      <Execution id="2677fdb6-403d-4c78-8c0c-ba35857a87cb" />
      <TestMethod codeBase="D:\v2.0\A1\_work\dbded102\bin\Release.AnyCPU\ServiceHooks.Service\MS.VS.Services.ServiceHooks.Server.L0.Tests\MS.VS.Services.ServiceHooks.Server.L0.Tests.dll" adapterTypeName="Microsoft.VisualStudio.TestTools.TestTypes.Unit.UnitTestAdapter" className="MS.VS.Services.ServiceHooks.Server.L0.Tests.ServiceHooksServiceTests+QueryNotificationsTests" name="ShsBadArgs_QueryNotifications2_2" />
    </UnitTest>
    <UnitTest name="ShsBadArgs_QueryNotifications2_3" storage="d:\v2.0\a1\_work\dbded102\bin\release.anycpu\servicehooks.service\ms.vs.services.servicehooks.server.l0.tests\ms.vs.services.servicehooks.server.l0.tests.dll" priority="3" id="00d052a3-b910-3c85-1377-d6300aa0399e">
      <Owners>
        <Owner name="jpresto" />
      </Owners>
      <Execution id="3b45dc7c-c61f-4641-a56c-e3c9ae0efd3b" />
      <TestMethod codeBase="D:\v2.0\A1\_work\dbded102\bin\Release.AnyCPU\ServiceHooks.Service\MS.VS.Services.ServiceHooks.Server.L0.Tests\MS.VS.Services.ServiceHooks.Server.L0.Tests.dll" adapterTypeName="Microsoft.VisualStudio.TestTools.TestTypes.Unit.UnitTestAdapter" className="MS.VS.Services.ServiceHooks.Server.L0.Tests.ServiceHooksServiceTests+QueryNotificationsTests" name="ShsBadArgs_QueryNotifications2_3" />
    </UnitTest>
    <UnitTest name="ShsBadArgs_QueryNotifications2_4" storage="d:\v2.0\a1\_work\dbded102\bin\release.anycpu\servicehooks.service\ms.vs.services.servicehooks.server.l0.tests\ms.vs.services.servicehooks.server.l0.tests.dll" priority="3" id="a5b23f60-c6ab-3e35-759d-54c277330954">
      <Owners>
        <Owner name="jpresto" />
      </Owners>
      <Execution id="5785f9ef-fd6e-4037-a58c-29a1e6d78838" />
      <TestMethod codeBase="D:\v2.0\A1\_work\dbded102\bin\Release.AnyCPU\ServiceHooks.Service\MS.VS.Services.ServiceHooks.Server.L0.Tests\MS.VS.Services.ServiceHooks.Server.L0.Tests.dll" adapterTypeName="Microsoft.VisualStudio.TestTools.TestTypes.Unit.UnitTestAdapter" className="MS.VS.Services.ServiceHooks.Server.L0.Tests.ServiceHooksServiceTests+QueryNotificationsTests" name="ShsBadArgs_QueryNotifications2_4" />
    </UnitTest>
    <UnitTest name="ShsBadArgs_QueryNotifications2_5" storage="d:\v2.0\a1\_work\dbded102\bin\release.anycpu\servicehooks.service\ms.vs.services.servicehooks.server.l0.tests\ms.vs.services.servicehooks.server.l0.tests.dll" priority="3" id="254ffab0-d460-f4be-738a-e7187b8ccd77">
      <Owners>
        <Owner name="jpresto" />
      </Owners>
      <Execution id="8d5d87a8-7169-4869-ba41-1b2dfe1bd327" />
      <TestMethod codeBase="D:\v2.0\A1\_work\dbded102\bin\Release.AnyCPU\ServiceHooks.Service\MS.VS.Services.ServiceHooks.Server.L0.Tests\MS.VS.Services.ServiceHooks.Server.L0.Tests.dll" adapterTypeName="Microsoft.VisualStudio.TestTools.TestTypes.Unit.UnitTestAdapter" className="MS.VS.Services.ServiceHooks.Server.L0.Tests.ServiceHooksServiceTests+QueryNotificationsTests" name="ShsBadArgs_QueryNotifications2_5" />
    </UnitTest>
    <UnitTest name="ShsBadArgs_QueryNotifications3_1" storage="d:\v2.0\a1\_work\dbded102\bin\release.anycpu\servicehooks.service\ms.vs.services.servicehooks.server.l0.tests\ms.vs.services.servicehooks.server.l0.tests.dll" priority="3" id="c5edf371-500a-3e34-d877-47a68d7f843d">
      <Owners>
        <Owner name="jpresto" />
      </Owners>
      <Execution id="5b25a339-bf65-4c03-932a-0ea6da8f6407" />
      <TestMethod codeBase="D:\v2.0\A1\_work\dbded102\bin\Release.AnyCPU\ServiceHooks.Service\MS.VS.Services.ServiceHooks.Server.L0.Tests\MS.VS.Services.ServiceHooks.Server.L0.Tests.dll" adapterTypeName="Microsoft.VisualStudio.TestTools.TestTypes.Unit.UnitTestAdapter" className="MS.VS.Services.ServiceHooks.Server.L0.Tests.ServiceHooksServiceTests+QueryNotificationsTests" name="ShsBadArgs_QueryNotifications3_1" />
    </UnitTest>
    <UnitTest name="ShsBadArgs_QueryNotifications3_2" storage="d:\v2.0\a1\_work\dbded102\bin\release.anycpu\servicehooks.service\ms.vs.services.servicehooks.server.l0.tests\ms.vs.services.servicehooks.server.l0.tests.dll" priority="3" id="dd6e7a28-da99-58f1-b902-d6446acfee26">
      <Owners>
        <Owner name="jpresto" />
      </Owners>
      <Execution id="454e3b0a-83b9-4b9f-bed3-bedddc15600c" />
      <TestMethod codeBase="D:\v2.0\A1\_work\dbded102\bin\Release.AnyCPU\ServiceHooks.Service\MS.VS.Services.ServiceHooks.Server.L0.Tests\MS.VS.Services.ServiceHooks.Server.L0.Tests.dll" adapterTypeName="Microsoft.VisualStudio.TestTools.TestTypes.Unit.UnitTestAdapter" className="MS.VS.Services.ServiceHooks.Server.L0.Tests.ServiceHooksServiceTests+QueryNotificationsTests" name="ShsBadArgs_QueryNotifications3_2" />
    </UnitTest>
    <UnitTest name="ShsBadArgs_QueryNotifications3_3" storage="d:\v2.0\a1\_work\dbded102\bin\release.anycpu\servicehooks.service\ms.vs.services.servicehooks.server.l0.tests\ms.vs.services.servicehooks.server.l0.tests.dll" priority="3" id="7bd74164-9157-c054-d973-9d57407e7832">
      <Owners>
        <Owner name="jpresto" />
      </Owners>
      <Execution id="07a74e8f-1228-4457-b789-8a93c015a5da" />
      <TestMethod codeBase="D:\v2.0\A1\_work\dbded102\bin\Release.AnyCPU\ServiceHooks.Service\MS.VS.Services.ServiceHooks.Server.L0.Tests\MS.VS.Services.ServiceHooks.Server.L0.Tests.dll" adapterTypeName="Microsoft.VisualStudio.TestTools.TestTypes.Unit.UnitTestAdapter" className="MS.VS.Services.ServiceHooks.Server.L0.Tests.ServiceHooksServiceTests+QueryNotificationsTests" name="ShsBadArgs_QueryNotifications3_3" />
    </UnitTest>
    <UnitTest name="ShsBadArgs_QueryNotifications3_4" storage="d:\v2.0\a1\_work\dbded102\bin\release.anycpu\servicehooks.service\ms.vs.services.servicehooks.server.l0.tests\ms.vs.services.servicehooks.server.l0.tests.dll" priority="3" id="397fd72a-bfe5-9c15-1bf0-3b7baefb9d53">
      <Owners>
        <Owner name="jpresto" />
      </Owners>
      <Execution id="806ebd62-c13e-4320-b44e-a1a04edc0ed5" />
      <TestMethod codeBase="D:\v2.0\A1\_work\dbded102\bin\Release.AnyCPU\ServiceHooks.Service\MS.VS.Services.ServiceHooks.Server.L0.Tests\MS.VS.Services.ServiceHooks.Server.L0.Tests.dll" adapterTypeName="Microsoft.VisualStudio.TestTools.TestTypes.Unit.UnitTestAdapter" className="MS.VS.Services.ServiceHooks.Server.L0.Tests.ServiceHooksServiceTests+QueryNotificationsTests" name="ShsBadArgs_QueryNotifications3_4" />
    </UnitTest>
    <UnitTest name="ShsBadArgs_QueryNotifications3_5" storage="d:\v2.0\a1\_work\dbded102\bin\release.anycpu\servicehooks.service\ms.vs.services.servicehooks.server.l0.tests\ms.vs.services.servicehooks.server.l0.tests.dll" priority="3" id="95209900-5c0a-aa40-dafc-6fb86c04d36a">
      <Owners>
        <Owner name="jpresto" />
      </Owners>
      <Execution id="72e9b31c-08d3-4927-98af-b4504af7e5b1" />
      <TestMethod codeBase="D:\v2.0\A1\_work\dbded102\bin\Release.AnyCPU\ServiceHooks.Service\MS.VS.Services.ServiceHooks.Server.L0.Tests\MS.VS.Services.ServiceHooks.Server.L0.Tests.dll" adapterTypeName="Microsoft.VisualStudio.TestTools.TestTypes.Unit.UnitTestAdapter" className="MS.VS.Services.ServiceHooks.Server.L0.Tests.ServiceHooksServiceTests+QueryNotificationsTests" name="ShsBadArgs_QueryNotifications3_5" />
    </UnitTest>
    <UnitTest name="ShsBadArgs_QueryNotifications3_6" storage="d:\v2.0\a1\_work\dbded102\bin\release.anycpu\servicehooks.service\ms.vs.services.servicehooks.server.l0.tests\ms.vs.services.servicehooks.server.l0.tests.dll" priority="3" id="48be5ae9-f175-55fb-22f9-3c9693edc4dc">
      <Owners>
        <Owner name="jpresto" />
      </Owners>
      <Execution id="51a19d6b-2210-4084-9780-f7e53a42df25" />
      <TestMethod codeBase="D:\v2.0\A1\_work\dbded102\bin\Release.AnyCPU\ServiceHooks.Service\MS.VS.Services.ServiceHooks.Server.L0.Tests\MS.VS.Services.ServiceHooks.Server.L0.Tests.dll" adapterTypeName="Microsoft.VisualStudio.TestTools.TestTypes.Unit.UnitTestAdapter" className="MS.VS.Services.ServiceHooks.Server.L0.Tests.ServiceHooksServiceTests+QueryNotificationsTests" name="ShsBadArgs_QueryNotifications3_6" />
    </UnitTest>
    <UnitTest name="ShsBadArgs_CleanupNotificationDetails1" storage="d:\v2.0\a1\_work\dbded102\bin\release.anycpu\servicehooks.service\ms.vs.services.servicehooks.server.l0.tests\ms.vs.services.servicehooks.server.l0.tests.dll" priority="3" id="6b01c8ee-f8c8-9b00-4563-969be21624e3">
      <Owners>
        <Owner name="jpresto" />
      </Owners>
      <Execution id="970992ab-cac7-444a-b926-c26700358788" />
      <TestMethod codeBase="D:\v2.0\A1\_work\dbded102\bin\Release.AnyCPU\ServiceHooks.Service\MS.VS.Services.ServiceHooks.Server.L0.Tests\MS.VS.Services.ServiceHooks.Server.L0.Tests.dll" adapterTypeName="Microsoft.VisualStudio.TestTools.TestTypes.Unit.UnitTestAdapter" className="MS.VS.Services.ServiceHooks.Server.L0.Tests.ServiceHooksServiceTests+CleanupNotificationDetailsTests" name="ShsBadArgs_CleanupNotificationDetails1" />
    </UnitTest>
    <UnitTest name="ShsBadArgs_PublishEvent1" storage="d:\v2.0\a1\_work\dbded102\bin\release.anycpu\servicehooks.service\ms.vs.services.servicehooks.server.l0.tests\ms.vs.services.servicehooks.server.l0.tests.dll" priority="3" id="dc879427-e851-516f-fdc8-c23e7dede893">
      <Owners>
        <Owner name="jpresto" />
      </Owners>
      <Execution id="bb1b24c5-33b8-41fe-b86a-48384a5b4c21" />
      <TestMethod codeBase="D:\v2.0\A1\_work\dbded102\bin\Release.AnyCPU\ServiceHooks.Service\MS.VS.Services.ServiceHooks.Server.L0.Tests\MS.VS.Services.ServiceHooks.Server.L0.Tests.dll" adapterTypeName="Microsoft.VisualStudio.TestTools.TestTypes.Unit.UnitTestAdapter" className="MS.VS.Services.ServiceHooks.Server.L0.Tests.ServiceHooksServiceTests+PublishEventTests" name="ShsBadArgs_PublishEvent1" />
    </UnitTest>
    <UnitTest name="ShsBadArgs_PublishEvent2" storage="d:\v2.0\a1\_work\dbded102\bin\release.anycpu\servicehooks.service\ms.vs.services.servicehooks.server.l0.tests\ms.vs.services.servicehooks.server.l0.tests.dll" priority="3" id="e48ed15a-a23b-0847-f22a-85c1a50782ec">
      <Owners>
        <Owner name="jpresto" />
      </Owners>
      <Execution id="70da0625-981c-4ce4-9c05-b61e13e19501" />
      <TestMethod codeBase="D:\v2.0\A1\_work\dbded102\bin\Release.AnyCPU\ServiceHooks.Service\MS.VS.Services.ServiceHooks.Server.L0.Tests\MS.VS.Services.ServiceHooks.Server.L0.Tests.dll" adapterTypeName="Microsoft.VisualStudio.TestTools.TestTypes.Unit.UnitTestAdapter" className="MS.VS.Services.ServiceHooks.Server.L0.Tests.ServiceHooksServiceTests+PublishEventTests" name="ShsBadArgs_PublishEvent2" />
    </UnitTest>
    <UnitTest name="ShsEndToEnd_PublishToWebHooks" storage="d:\v2.0\a1\_work\dbded102\bin\release.anycpu\servicehooks.service\ms.vs.services.servicehooks.server.l0.tests\ms.vs.services.servicehooks.server.l0.tests.dll" priority="1" id="4aa2eefd-0193-44fd-8e89-ccd8403e2a24">
      <Owners>
        <Owner name="jpresto" />
      </Owners>
      <Execution id="4304ef2c-ef8b-4cea-a8b8-59676ecd5a36" />
      <TestMethod codeBase="D:\v2.0\A1\_work\dbded102\bin\Release.AnyCPU\ServiceHooks.Service\MS.VS.Services.ServiceHooks.Server.L0.Tests\MS.VS.Services.ServiceHooks.Server.L0.Tests.dll" adapterTypeName="Microsoft.VisualStudio.TestTools.TestTypes.Unit.UnitTestAdapter" className="MS.VS.Services.ServiceHooks.Server.L0.Tests.ServiceHooksServiceTests+PublishEventTests" name="ShsEndToEnd_PublishToWebHooks" />
    </UnitTest>
    <UnitTest name="ShsBadArgs_PublishEvents1" storage="d:\v2.0\a1\_work\dbded102\bin\release.anycpu\servicehooks.service\ms.vs.services.servicehooks.server.l0.tests\ms.vs.services.servicehooks.server.l0.tests.dll" priority="3" id="f3bc9ef1-d1a0-6d34-8dae-87d7b1ebb8dc">
      <Owners>
        <Owner name="jpresto" />
      </Owners>
      <Execution id="bc85d3fa-2eb3-45a6-b746-8e0fda74690b" />
      <TestMethod codeBase="D:\v2.0\A1\_work\dbded102\bin\Release.AnyCPU\ServiceHooks.Service\MS.VS.Services.ServiceHooks.Server.L0.Tests\MS.VS.Services.ServiceHooks.Server.L0.Tests.dll" adapterTypeName="Microsoft.VisualStudio.TestTools.TestTypes.Unit.UnitTestAdapter" className="MS.VS.Services.ServiceHooks.Server.L0.Tests.ServiceHooksServiceTests+PublishEventsTests" name="ShsBadArgs_PublishEvents1" />
    </UnitTest>
    <UnitTest name="ShsBadArgs_PublishEvents2" storage="d:\v2.0\a1\_work\dbded102\bin\release.anycpu\servicehooks.service\ms.vs.services.servicehooks.server.l0.tests\ms.vs.services.servicehooks.server.l0.tests.dll" priority="3" id="927daf48-d66b-e1cc-1099-90e308487cd0">
      <Owners>
        <Owner name="jpresto" />
      </Owners>
      <Execution id="e5fdc29a-f313-406e-afe1-2e3ded014f33" />
      <TestMethod codeBase="D:\v2.0\A1\_work\dbded102\bin\Release.AnyCPU\ServiceHooks.Service\MS.VS.Services.ServiceHooks.Server.L0.Tests\MS.VS.Services.ServiceHooks.Server.L0.Tests.dll" adapterTypeName="Microsoft.VisualStudio.TestTools.TestTypes.Unit.UnitTestAdapter" className="MS.VS.Services.ServiceHooks.Server.L0.Tests.ServiceHooksServiceTests+PublishEventsTests" name="ShsBadArgs_PublishEvents2" />
    </UnitTest>
    <UnitTest name="ShsBadArgs_PublishEvents3" storage="d:\v2.0\a1\_work\dbded102\bin\release.anycpu\servicehooks.service\ms.vs.services.servicehooks.server.l0.tests\ms.vs.services.servicehooks.server.l0.tests.dll" priority="3" id="ce294eba-709c-2d5c-fb48-7b60c2342253">
      <Owners>
        <Owner name="jpresto" />
      </Owners>
      <Execution id="16354cba-7415-4de9-a9d1-15d0a1a1c344" />
      <TestMethod codeBase="D:\v2.0\A1\_work\dbded102\bin\Release.AnyCPU\ServiceHooks.Service\MS.VS.Services.ServiceHooks.Server.L0.Tests\MS.VS.Services.ServiceHooks.Server.L0.Tests.dll" adapterTypeName="Microsoft.VisualStudio.TestTools.TestTypes.Unit.UnitTestAdapter" className="MS.VS.Services.ServiceHooks.Server.L0.Tests.ServiceHooksServiceTests+PublishEventsTests" name="ShsBadArgs_PublishEvents3" />
    </UnitTest>
    <UnitTest name="ShsBadArgs_SendTestNotification1" storage="d:\v2.0\a1\_work\dbded102\bin\release.anycpu\servicehooks.service\ms.vs.services.servicehooks.server.l0.tests\ms.vs.services.servicehooks.server.l0.tests.dll" priority="3" id="bd6b4a0a-acca-d797-e66a-505d4f72dcf6">
      <Owners>
        <Owner name="jpresto" />
      </Owners>
      <Execution id="fd5c860d-9419-43cc-a334-865e103d0100" />
      <TestMethod codeBase="D:\v2.0\A1\_work\dbded102\bin\Release.AnyCPU\ServiceHooks.Service\MS.VS.Services.ServiceHooks.Server.L0.Tests\MS.VS.Services.ServiceHooks.Server.L0.Tests.dll" adapterTypeName="Microsoft.VisualStudio.TestTools.TestTypes.Unit.UnitTestAdapter" className="MS.VS.Services.ServiceHooks.Server.L0.Tests.ServiceHooksServiceTests+SendTestNotificationTests" name="ShsBadArgs_SendTestNotification1" />
    </UnitTest>
    <UnitTest name="ShsBadArgs_SendTestNotification2" storage="d:\v2.0\a1\_work\dbded102\bin\release.anycpu\servicehooks.service\ms.vs.services.servicehooks.server.l0.tests\ms.vs.services.servicehooks.server.l0.tests.dll" priority="3" id="5b47f5d4-a517-b8a1-3ffb-007a635a5eba">
      <Owners>
        <Owner name="jpresto" />
      </Owners>
      <Execution id="6c6fc69b-d2bc-4187-8996-7ac6d04d3d46" />
      <TestMethod codeBase="D:\v2.0\A1\_work\dbded102\bin\Release.AnyCPU\ServiceHooks.Service\MS.VS.Services.ServiceHooks.Server.L0.Tests\MS.VS.Services.ServiceHooks.Server.L0.Tests.dll" adapterTypeName="Microsoft.VisualStudio.TestTools.TestTypes.Unit.UnitTestAdapter" className="MS.VS.Services.ServiceHooks.Server.L0.Tests.ServiceHooksServiceTests+SendTestNotificationTests" name="ShsBadArgs_SendTestNotification2" />
    </UnitTest>
    <UnitTest name="ShsBadArgs_SendTestNotification3" storage="d:\v2.0\a1\_work\dbded102\bin\release.anycpu\servicehooks.service\ms.vs.services.servicehooks.server.l0.tests\ms.vs.services.servicehooks.server.l0.tests.dll" priority="3" id="ca3d60ec-9c62-c85d-440c-0995c35e46ac">
      <Owners>
        <Owner name="jpresto" />
      </Owners>
      <Execution id="24f19226-e5c5-47d3-b13c-b7a0a1d11f0d" />
      <TestMethod codeBase="D:\v2.0\A1\_work\dbded102\bin\Release.AnyCPU\ServiceHooks.Service\MS.VS.Services.ServiceHooks.Server.L0.Tests\MS.VS.Services.ServiceHooks.Server.L0.Tests.dll" adapterTypeName="Microsoft.VisualStudio.TestTools.TestTypes.Unit.UnitTestAdapter" className="MS.VS.Services.ServiceHooks.Server.L0.Tests.ServiceHooksServiceTests+SendTestNotificationTests" name="ShsBadArgs_SendTestNotification3" />
    </UnitTest>
    <UnitTest name="ShsBadArgs_SendTestNotification4" storage="d:\v2.0\a1\_work\dbded102\bin\release.anycpu\servicehooks.service\ms.vs.services.servicehooks.server.l0.tests\ms.vs.services.servicehooks.server.l0.tests.dll" priority="3" id="be72cc63-26ac-3941-0645-f540e29c8cb8">
      <Owners>
        <Owner name="jpresto" />
      </Owners>
      <Execution id="8d2ce621-25a8-4967-aae6-584fe27a2694" />
      <TestMethod codeBase="D:\v2.0\A1\_work\dbded102\bin\Release.AnyCPU\ServiceHooks.Service\MS.VS.Services.ServiceHooks.Server.L0.Tests\MS.VS.Services.ServiceHooks.Server.L0.Tests.dll" adapterTypeName="Microsoft.VisualStudio.TestTools.TestTypes.Unit.UnitTestAdapter" className="MS.VS.Services.ServiceHooks.Server.L0.Tests.ServiceHooksServiceTests+SendTestNotificationTests" name="ShsBadArgs_SendTestNotification4" />
    </UnitTest>
    <UnitTest name="ShsBadArgs_SendTestNotification5" storage="d:\v2.0\a1\_work\dbded102\bin\release.anycpu\servicehooks.service\ms.vs.services.servicehooks.server.l0.tests\ms.vs.services.servicehooks.server.l0.tests.dll" priority="3" id="2cf2f6b7-0b54-4e49-a590-295431ca1255">
      <Owners>
        <Owner name="jpresto" />
      </Owners>
      <Execution id="14ebd8fd-4e3c-40c7-a22a-6b94ad070596" />
      <TestMethod codeBase="D:\v2.0\A1\_work\dbded102\bin\Release.AnyCPU\ServiceHooks.Service\MS.VS.Services.ServiceHooks.Server.L0.Tests\MS.VS.Services.ServiceHooks.Server.L0.Tests.dll" adapterTypeName="Microsoft.VisualStudio.TestTools.TestTypes.Unit.UnitTestAdapter" className="MS.VS.Services.ServiceHooks.Server.L0.Tests.ServiceHooksServiceTests+SendTestNotificationTests" name="ShsBadArgs_SendTestNotification5" />
    </UnitTest>
    <UnitTest name="ShsBadArgs_SendTestNotification6" storage="d:\v2.0\a1\_work\dbded102\bin\release.anycpu\servicehooks.service\ms.vs.services.servicehooks.server.l0.tests\ms.vs.services.servicehooks.server.l0.tests.dll" priority="3" id="d058ea13-ad61-54f5-ba02-a4e36892193b">
      <Owners>
        <Owner name="jpresto" />
      </Owners>
      <Execution id="3db93811-d4a3-4a15-8f93-b65bc6d9f449" />
      <TestMethod codeBase="D:\v2.0\A1\_work\dbded102\bin\Release.AnyCPU\ServiceHooks.Service\MS.VS.Services.ServiceHooks.Server.L0.Tests\MS.VS.Services.ServiceHooks.Server.L0.Tests.dll" adapterTypeName="Microsoft.VisualStudio.TestTools.TestTypes.Unit.UnitTestAdapter" className="MS.VS.Services.ServiceHooks.Server.L0.Tests.ServiceHooksServiceTests+SendTestNotificationTests" name="ShsBadArgs_SendTestNotification6" />
    </UnitTest>
    <UnitTest name="ShsBadArgs_SendTestNotification7" storage="d:\v2.0\a1\_work\dbded102\bin\release.anycpu\servicehooks.service\ms.vs.services.servicehooks.server.l0.tests\ms.vs.services.servicehooks.server.l0.tests.dll" priority="3" id="2ee99ca7-b720-9efb-a488-31accea6975a">
      <Owners>
        <Owner name="jpresto" />
      </Owners>
      <Execution id="1fbd5e20-b863-4881-9030-bcc9feaa3e2f" />
      <TestMethod codeBase="D:\v2.0\A1\_work\dbded102\bin\Release.AnyCPU\ServiceHooks.Service\MS.VS.Services.ServiceHooks.Server.L0.Tests\MS.VS.Services.ServiceHooks.Server.L0.Tests.dll" adapterTypeName="Microsoft.VisualStudio.TestTools.TestTypes.Unit.UnitTestAdapter" className="MS.VS.Services.ServiceHooks.Server.L0.Tests.ServiceHooksServiceTests+SendTestNotificationTests" name="ShsBadArgs_SendTestNotification7" />
    </UnitTest>
    <UnitTest name="ShsBadArgs_SendTestNotification8" storage="d:\v2.0\a1\_work\dbded102\bin\release.anycpu\servicehooks.service\ms.vs.services.servicehooks.server.l0.tests\ms.vs.services.servicehooks.server.l0.tests.dll" priority="3" id="9f8b5fa7-18cc-831f-4c84-e671247b6be6">
      <Owners>
        <Owner name="jpresto" />
      </Owners>
      <Execution id="bf9d86d3-c015-4cb0-bcba-14d96d575191" />
      <TestMethod codeBase="D:\v2.0\A1\_work\dbded102\bin\Release.AnyCPU\ServiceHooks.Service\MS.VS.Services.ServiceHooks.Server.L0.Tests\MS.VS.Services.ServiceHooks.Server.L0.Tests.dll" adapterTypeName="Microsoft.VisualStudio.TestTools.TestTypes.Unit.UnitTestAdapter" className="MS.VS.Services.ServiceHooks.Server.L0.Tests.ServiceHooksServiceTests+SendTestNotificationTests" name="ShsBadArgs_SendTestNotification8" />
    </UnitTest>
    <UnitTest name="ShsBadArgs_SendTestNotification9" storage="d:\v2.0\a1\_work\dbded102\bin\release.anycpu\servicehooks.service\ms.vs.services.servicehooks.server.l0.tests\ms.vs.services.servicehooks.server.l0.tests.dll" priority="3" id="d851af94-3faf-5814-04f7-6e88e25eb5ea">
      <Owners>
        <Owner name="jpresto" />
      </Owners>
      <Execution id="6f45c4f9-5919-4818-860e-c055b05b0320" />
      <TestMethod codeBase="D:\v2.0\A1\_work\dbded102\bin\Release.AnyCPU\ServiceHooks.Service\MS.VS.Services.ServiceHooks.Server.L0.Tests\MS.VS.Services.ServiceHooks.Server.L0.Tests.dll" adapterTypeName="Microsoft.VisualStudio.TestTools.TestTypes.Unit.UnitTestAdapter" className="MS.VS.Services.ServiceHooks.Server.L0.Tests.ServiceHooksServiceTests+SendTestNotificationTests" name="ShsBadArgs_SendTestNotification9" />
    </UnitTest>
    <UnitTest name="ShsBadArgs_SendTestNotification10" storage="d:\v2.0\a1\_work\dbded102\bin\release.anycpu\servicehooks.service\ms.vs.services.servicehooks.server.l0.tests\ms.vs.services.servicehooks.server.l0.tests.dll" priority="3" id="1f94cf2e-0ce9-bab7-8f60-6dfb1873ac3e">
      <Owners>
        <Owner name="jpresto" />
      </Owners>
      <Execution id="f6a18cdf-426e-4132-a063-b105fc089f73" />
      <TestMethod codeBase="D:\v2.0\A1\_work\dbded102\bin\Release.AnyCPU\ServiceHooks.Service\MS.VS.Services.ServiceHooks.Server.L0.Tests\MS.VS.Services.ServiceHooks.Server.L0.Tests.dll" adapterTypeName="Microsoft.VisualStudio.TestTools.TestTypes.Unit.UnitTestAdapter" className="MS.VS.Services.ServiceHooks.Server.L0.Tests.ServiceHooksServiceTests+SendTestNotificationTests" name="ShsBadArgs_SendTestNotification10" />
    </UnitTest>
    <UnitTest name="ShsBadArgs_SendTestNotification11" storage="d:\v2.0\a1\_work\dbded102\bin\release.anycpu\servicehooks.service\ms.vs.services.servicehooks.server.l0.tests\ms.vs.services.servicehooks.server.l0.tests.dll" priority="3" id="d9763848-8ef4-3464-0fa0-dee34d1a136a">
      <Owners>
        <Owner name="jpresto" />
      </Owners>
      <Execution id="a3d154e8-e3a3-4d83-8a2d-f002c9f3f637" />
      <TestMethod codeBase="D:\v2.0\A1\_work\dbded102\bin\Release.AnyCPU\ServiceHooks.Service\MS.VS.Services.ServiceHooks.Server.L0.Tests\MS.VS.Services.ServiceHooks.Server.L0.Tests.dll" adapterTypeName="Microsoft.VisualStudio.TestTools.TestTypes.Unit.UnitTestAdapter" className="MS.VS.Services.ServiceHooks.Server.L0.Tests.ServiceHooksServiceTests+SendTestNotificationTests" name="ShsBadArgs_SendTestNotification11" />
    </UnitTest>
    <UnitTest name="ShsBadArgs_SendTestNotification12" storage="d:\v2.0\a1\_work\dbded102\bin\release.anycpu\servicehooks.service\ms.vs.services.servicehooks.server.l0.tests\ms.vs.services.servicehooks.server.l0.tests.dll" priority="3" id="fad0ae15-064f-51c8-2f77-63196ae9a1ab">
      <Owners>
        <Owner name="jpresto" />
      </Owners>
      <Execution id="d9b74d95-0ece-42e9-bea5-3822a639f002" />
      <TestMethod codeBase="D:\v2.0\A1\_work\dbded102\bin\Release.AnyCPU\ServiceHooks.Service\MS.VS.Services.ServiceHooks.Server.L0.Tests\MS.VS.Services.ServiceHooks.Server.L0.Tests.dll" adapterTypeName="Microsoft.VisualStudio.TestTools.TestTypes.Unit.UnitTestAdapter" className="MS.VS.Services.ServiceHooks.Server.L0.Tests.ServiceHooksServiceTests+SendTestNotificationTests" name="ShsBadArgs_SendTestNotification12" />
    </UnitTest>
    <UnitTest name="ShsBadArgs_SendTestNotification13" storage="d:\v2.0\a1\_work\dbded102\bin\release.anycpu\servicehooks.service\ms.vs.services.servicehooks.server.l0.tests\ms.vs.services.servicehooks.server.l0.tests.dll" priority="3" id="538e8fc7-6970-b7e6-8c8f-28933f05c42b">
      <Owners>
        <Owner name="jpresto" />
      </Owners>
      <Execution id="56349305-7155-4ca6-82a4-3908f56202d5" />
      <TestMethod codeBase="D:\v2.0\A1\_work\dbded102\bin\Release.AnyCPU\ServiceHooks.Service\MS.VS.Services.ServiceHooks.Server.L0.Tests\MS.VS.Services.ServiceHooks.Server.L0.Tests.dll" adapterTypeName="Microsoft.VisualStudio.TestTools.TestTypes.Unit.UnitTestAdapter" className="MS.VS.Services.ServiceHooks.Server.L0.Tests.ServiceHooksServiceTests+SendTestNotificationTests" name="ShsBadArgs_SendTestNotification13" />
    </UnitTest>
    <UnitTest name="ShsBadArgs_SendTestNotification14" storage="d:\v2.0\a1\_work\dbded102\bin\release.anycpu\servicehooks.service\ms.vs.services.servicehooks.server.l0.tests\ms.vs.services.servicehooks.server.l0.tests.dll" priority="3" id="d2b523f8-e6e7-4dbe-32af-6dee25554405">
      <Owners>
        <Owner name="jpresto" />
      </Owners>
      <Execution id="d5ec2ec5-20d8-45ba-aa5d-d1cbe2e5c024" />
      <TestMethod codeBase="D:\v2.0\A1\_work\dbded102\bin\Release.AnyCPU\ServiceHooks.Service\MS.VS.Services.ServiceHooks.Server.L0.Tests\MS.VS.Services.ServiceHooks.Server.L0.Tests.dll" adapterTypeName="Microsoft.VisualStudio.TestTools.TestTypes.Unit.UnitTestAdapter" className="MS.VS.Services.ServiceHooks.Server.L0.Tests.ServiceHooksServiceTests+SendTestNotificationTests" name="ShsBadArgs_SendTestNotification14" />
    </UnitTest>
    <UnitTest name="ShsBadArgs_SendTestNotification15" storage="d:\v2.0\a1\_work\dbded102\bin\release.anycpu\servicehooks.service\ms.vs.services.servicehooks.server.l0.tests\ms.vs.services.servicehooks.server.l0.tests.dll" priority="3" id="f2fe8800-76e7-4e50-83d6-282546ae0e14">
      <Owners>
        <Owner name="jpresto" />
      </Owners>
      <Execution id="4c261168-c393-4904-92b1-cecda77eb826" />
      <TestMethod codeBase="D:\v2.0\A1\_work\dbded102\bin\Release.AnyCPU\ServiceHooks.Service\MS.VS.Services.ServiceHooks.Server.L0.Tests\MS.VS.Services.ServiceHooks.Server.L0.Tests.dll" adapterTypeName="Microsoft.VisualStudio.TestTools.TestTypes.Unit.UnitTestAdapter" className="MS.VS.Services.ServiceHooks.Server.L0.Tests.ServiceHooksServiceTests+SendTestNotificationTests" name="ShsBadArgs_SendTestNotification15" />
    </UnitTest>
    <UnitTest name="ShsBadArgs_SendTestNotification16" storage="d:\v2.0\a1\_work\dbded102\bin\release.anycpu\servicehooks.service\ms.vs.services.servicehooks.server.l0.tests\ms.vs.services.servicehooks.server.l0.tests.dll" priority="3" id="f077363b-1d52-5c66-64c6-cd0c59950718">
      <Owners>
        <Owner name="jpresto" />
      </Owners>
      <Execution id="44f53b05-26e4-4270-b518-83ad2d23f6e7" />
      <TestMethod codeBase="D:\v2.0\A1\_work\dbded102\bin\Release.AnyCPU\ServiceHooks.Service\MS.VS.Services.ServiceHooks.Server.L0.Tests\MS.VS.Services.ServiceHooks.Server.L0.Tests.dll" adapterTypeName="Microsoft.VisualStudio.TestTools.TestTypes.Unit.UnitTestAdapter" className="MS.VS.Services.ServiceHooks.Server.L0.Tests.ServiceHooksServiceTests+SendTestNotificationTests" name="ShsBadArgs_SendTestNotification16" />
    </UnitTest>
    <UnitTest name="ShsBadArgs_SendTestNotification17" storage="d:\v2.0\a1\_work\dbded102\bin\release.anycpu\servicehooks.service\ms.vs.services.servicehooks.server.l0.tests\ms.vs.services.servicehooks.server.l0.tests.dll" priority="3" id="f0a29604-c091-bf4c-5772-dbc4ddd053e0">
      <Owners>
        <Owner name="jpresto" />
      </Owners>
      <Execution id="fd1c638b-4d44-4211-bc82-a851925ba761" />
      <TestMethod codeBase="D:\v2.0\A1\_work\dbded102\bin\Release.AnyCPU\ServiceHooks.Service\MS.VS.Services.ServiceHooks.Server.L0.Tests\MS.VS.Services.ServiceHooks.Server.L0.Tests.dll" adapterTypeName="Microsoft.VisualStudio.TestTools.TestTypes.Unit.UnitTestAdapter" className="MS.VS.Services.ServiceHooks.Server.L0.Tests.ServiceHooksServiceTests+SendTestNotificationTests" name="ShsBadArgs_SendTestNotification17" />
    </UnitTest>
    <UnitTest name="ShsBadArgs_SendTestNotification18" storage="d:\v2.0\a1\_work\dbded102\bin\release.anycpu\servicehooks.service\ms.vs.services.servicehooks.server.l0.tests\ms.vs.services.servicehooks.server.l0.tests.dll" priority="3" id="244e02f0-bd81-c4f3-c7c5-a2958a7fc10f">
      <Owners>
        <Owner name="jpresto" />
      </Owners>
      <Execution id="0edca900-e33f-40ed-a2f6-0dcf8493027b" />
      <TestMethod codeBase="D:\v2.0\A1\_work\dbded102\bin\Release.AnyCPU\ServiceHooks.Service\MS.VS.Services.ServiceHooks.Server.L0.Tests\MS.VS.Services.ServiceHooks.Server.L0.Tests.dll" adapterTypeName="Microsoft.VisualStudio.TestTools.TestTypes.Unit.UnitTestAdapter" className="MS.VS.Services.ServiceHooks.Server.L0.Tests.ServiceHooksServiceTests+SendTestNotificationTests" name="ShsBadArgs_SendTestNotification18" />
    </UnitTest>
    <UnitTest name="ShsBadArgs_SendTestNotification19" storage="d:\v2.0\a1\_work\dbded102\bin\release.anycpu\servicehooks.service\ms.vs.services.servicehooks.server.l0.tests\ms.vs.services.servicehooks.server.l0.tests.dll" priority="3" id="07b0c263-f041-87d6-6367-946ec1abf654">
      <Owners>
        <Owner name="jpresto" />
      </Owners>
      <Execution id="cd369e6b-72e7-4bef-acaf-df7361605b66" />
      <TestMethod codeBase="D:\v2.0\A1\_work\dbded102\bin\Release.AnyCPU\ServiceHooks.Service\MS.VS.Services.ServiceHooks.Server.L0.Tests\MS.VS.Services.ServiceHooks.Server.L0.Tests.dll" adapterTypeName="Microsoft.VisualStudio.TestTools.TestTypes.Unit.UnitTestAdapter" className="MS.VS.Services.ServiceHooks.Server.L0.Tests.ServiceHooksServiceTests+SendTestNotificationTests" name="ShsBadArgs_SendTestNotification19" />
    </UnitTest>
    <UnitTest name="ShsBadArgs_SendTestNotification20" storage="d:\v2.0\a1\_work\dbded102\bin\release.anycpu\servicehooks.service\ms.vs.services.servicehooks.server.l0.tests\ms.vs.services.servicehooks.server.l0.tests.dll" priority="3" id="c64ba3bc-2cc9-261c-d381-25ac2463f987">
      <Owners>
        <Owner name="jpresto" />
      </Owners>
      <Execution id="0a211969-7d0c-44c3-a23a-ea5dda1b461a" />
      <TestMethod codeBase="D:\v2.0\A1\_work\dbded102\bin\Release.AnyCPU\ServiceHooks.Service\MS.VS.Services.ServiceHooks.Server.L0.Tests\MS.VS.Services.ServiceHooks.Server.L0.Tests.dll" adapterTypeName="Microsoft.VisualStudio.TestTools.TestTypes.Unit.UnitTestAdapter" className="MS.VS.Services.ServiceHooks.Server.L0.Tests.ServiceHooksServiceTests+SendTestNotificationTests" name="ShsBadArgs_SendTestNotification20" />
    </UnitTest>
    <UnitTest name="ShsBadArgs_SendTestNotification21" storage="d:\v2.0\a1\_work\dbded102\bin\release.anycpu\servicehooks.service\ms.vs.services.servicehooks.server.l0.tests\ms.vs.services.servicehooks.server.l0.tests.dll" priority="3" id="d73ff2c7-1ac2-308c-f2fc-c71cb454d640">
      <Owners>
        <Owner name="jpresto" />
      </Owners>
      <Execution id="f94a1ef7-9285-4957-95ca-4e97e9b4e1da" />
      <TestMethod codeBase="D:\v2.0\A1\_work\dbded102\bin\Release.AnyCPU\ServiceHooks.Service\MS.VS.Services.ServiceHooks.Server.L0.Tests\MS.VS.Services.ServiceHooks.Server.L0.Tests.dll" adapterTypeName="Microsoft.VisualStudio.TestTools.TestTypes.Unit.UnitTestAdapter" className="MS.VS.Services.ServiceHooks.Server.L0.Tests.ServiceHooksServiceTests+SendTestNotificationTests" name="ShsBadArgs_SendTestNotification21" />
    </UnitTest>
    <UnitTest name="ShsBadArgs_SendTestNotification22" storage="d:\v2.0\a1\_work\dbded102\bin\release.anycpu\servicehooks.service\ms.vs.services.servicehooks.server.l0.tests\ms.vs.services.servicehooks.server.l0.tests.dll" priority="3" id="df2295c7-dc63-0aa5-a7c9-ed7f6bc7700a">
      <Owners>
        <Owner name="jpresto" />
      </Owners>
      <Execution id="1df1b175-dee5-4e2c-bf5a-c4cbdf39b81a" />
      <TestMethod codeBase="D:\v2.0\A1\_work\dbded102\bin\Release.AnyCPU\ServiceHooks.Service\MS.VS.Services.ServiceHooks.Server.L0.Tests\MS.VS.Services.ServiceHooks.Server.L0.Tests.dll" adapterTypeName="Microsoft.VisualStudio.TestTools.TestTypes.Unit.UnitTestAdapter" className="MS.VS.Services.ServiceHooks.Server.L0.Tests.ServiceHooksServiceTests+SendTestNotificationTests" name="ShsBadArgs_SendTestNotification22" />
    </UnitTest>
    <UnitTest name="ShsBadArgs_SendTestNotification23" storage="d:\v2.0\a1\_work\dbded102\bin\release.anycpu\servicehooks.service\ms.vs.services.servicehooks.server.l0.tests\ms.vs.services.servicehooks.server.l0.tests.dll" priority="3" id="4dbba5e6-b3cd-10b3-c749-a5ed0356e036">
      <Owners>
        <Owner name="jpresto" />
      </Owners>
      <Execution id="134bf730-4f64-4e23-8d74-b3ed0ecaac67" />
      <TestMethod codeBase="D:\v2.0\A1\_work\dbded102\bin\Release.AnyCPU\ServiceHooks.Service\MS.VS.Services.ServiceHooks.Server.L0.Tests\MS.VS.Services.ServiceHooks.Server.L0.Tests.dll" adapterTypeName="Microsoft.VisualStudio.TestTools.TestTypes.Unit.UnitTestAdapter" className="MS.VS.Services.ServiceHooks.Server.L0.Tests.ServiceHooksServiceTests+SendTestNotificationTests" name="ShsBadArgs_SendTestNotification23" />
    </UnitTest>
    <UnitTest name="ShsBadArgs_SendTestNotification24" storage="d:\v2.0\a1\_work\dbded102\bin\release.anycpu\servicehooks.service\ms.vs.services.servicehooks.server.l0.tests\ms.vs.services.servicehooks.server.l0.tests.dll" priority="3" id="f02fa42f-dfd6-d2e7-3571-05f5307ed69f">
      <Owners>
        <Owner name="jpresto" />
      </Owners>
      <Execution id="fb175171-8032-437a-aad4-44e6149a92eb" />
      <TestMethod codeBase="D:\v2.0\A1\_work\dbded102\bin\Release.AnyCPU\ServiceHooks.Service\MS.VS.Services.ServiceHooks.Server.L0.Tests\MS.VS.Services.ServiceHooks.Server.L0.Tests.dll" adapterTypeName="Microsoft.VisualStudio.TestTools.TestTypes.Unit.UnitTestAdapter" className="MS.VS.Services.ServiceHooks.Server.L0.Tests.ServiceHooksServiceTests+SendTestNotificationTests" name="ShsBadArgs_SendTestNotification24" />
    </UnitTest>
    <UnitTest name="ShsBadArgs_SendTestNotification25" storage="d:\v2.0\a1\_work\dbded102\bin\release.anycpu\servicehooks.service\ms.vs.services.servicehooks.server.l0.tests\ms.vs.services.servicehooks.server.l0.tests.dll" priority="3" id="8a915b7d-0881-c25a-524c-7fba7b47681f">
      <Owners>
        <Owner name="jpresto" />
      </Owners>
      <Execution id="170bcc56-7535-4f65-b7d1-2673b7de93a3" />
      <TestMethod codeBase="D:\v2.0\A1\_work\dbded102\bin\Release.AnyCPU\ServiceHooks.Service\MS.VS.Services.ServiceHooks.Server.L0.Tests\MS.VS.Services.ServiceHooks.Server.L0.Tests.dll" adapterTypeName="Microsoft.VisualStudio.TestTools.TestTypes.Unit.UnitTestAdapter" className="MS.VS.Services.ServiceHooks.Server.L0.Tests.ServiceHooksServiceTests+SendTestNotificationTests" name="ShsBadArgs_SendTestNotification25" />
    </UnitTest>
    <UnitTest name="ShsBadArgs_SendTestNotification26" storage="d:\v2.0\a1\_work\dbded102\bin\release.anycpu\servicehooks.service\ms.vs.services.servicehooks.server.l0.tests\ms.vs.services.servicehooks.server.l0.tests.dll" priority="3" id="34903c5b-d819-c9ab-d0df-fd00c55b7a54">
      <Owners>
        <Owner name="jpresto" />
      </Owners>
      <Execution id="0a303041-9dc5-40b8-9a2f-b412f68459e0" />
      <TestMethod codeBase="D:\v2.0\A1\_work\dbded102\bin\Release.AnyCPU\ServiceHooks.Service\MS.VS.Services.ServiceHooks.Server.L0.Tests\MS.VS.Services.ServiceHooks.Server.L0.Tests.dll" adapterTypeName="Microsoft.VisualStudio.TestTools.TestTypes.Unit.UnitTestAdapter" className="MS.VS.Services.ServiceHooks.Server.L0.Tests.ServiceHooksServiceTests+SendTestNotificationTests" name="ShsBadArgs_SendTestNotification26" />
    </UnitTest>
    <UnitTest name="ShsBadArgs_SendTestNotification27" storage="d:\v2.0\a1\_work\dbded102\bin\release.anycpu\servicehooks.service\ms.vs.services.servicehooks.server.l0.tests\ms.vs.services.servicehooks.server.l0.tests.dll" priority="3" id="af59b52f-afdb-5312-13a2-b7a9d7565027">
      <Owners>
        <Owner name="jpresto" />
      </Owners>
      <Execution id="6145e58b-9899-4404-b7e4-07127b72d839" />
      <TestMethod codeBase="D:\v2.0\A1\_work\dbded102\bin\Release.AnyCPU\ServiceHooks.Service\MS.VS.Services.ServiceHooks.Server.L0.Tests\MS.VS.Services.ServiceHooks.Server.L0.Tests.dll" adapterTypeName="Microsoft.VisualStudio.TestTools.TestTypes.Unit.UnitTestAdapter" className="MS.VS.Services.ServiceHooks.Server.L0.Tests.ServiceHooksServiceTests+SendTestNotificationTests" name="ShsBadArgs_SendTestNotification27" />
    </UnitTest>
    <UnitTest name="ShsBadArgs_SendTestNotification28" storage="d:\v2.0\a1\_work\dbded102\bin\release.anycpu\servicehooks.service\ms.vs.services.servicehooks.server.l0.tests\ms.vs.services.servicehooks.server.l0.tests.dll" priority="3" id="3a2ef0be-711b-1a72-66ed-da7f6c0bd807">
      <Owners>
        <Owner name="jpresto" />
      </Owners>
      <Execution id="13a85594-079c-4b62-8104-8b346eb52307" />
      <TestMethod codeBase="D:\v2.0\A1\_work\dbded102\bin\Release.AnyCPU\ServiceHooks.Service\MS.VS.Services.ServiceHooks.Server.L0.Tests\MS.VS.Services.ServiceHooks.Server.L0.Tests.dll" adapterTypeName="Microsoft.VisualStudio.TestTools.TestTypes.Unit.UnitTestAdapter" className="MS.VS.Services.ServiceHooks.Server.L0.Tests.ServiceHooksServiceTests+SendTestNotificationTests" name="ShsBadArgs_SendTestNotification28" />
    </UnitTest>
    <UnitTest name="ShsBadArgs_SendTestNotification29" storage="d:\v2.0\a1\_work\dbded102\bin\release.anycpu\servicehooks.service\ms.vs.services.servicehooks.server.l0.tests\ms.vs.services.servicehooks.server.l0.tests.dll" priority="3" id="a56cb506-7843-cb65-b406-ded844e14823">
      <Owners>
        <Owner name="jpresto" />
      </Owners>
      <Execution id="29ebd640-0c2f-4da5-b289-baa7f8c022ee" />
      <TestMethod codeBase="D:\v2.0\A1\_work\dbded102\bin\Release.AnyCPU\ServiceHooks.Service\MS.VS.Services.ServiceHooks.Server.L0.Tests\MS.VS.Services.ServiceHooks.Server.L0.Tests.dll" adapterTypeName="Microsoft.VisualStudio.TestTools.TestTypes.Unit.UnitTestAdapter" className="MS.VS.Services.ServiceHooks.Server.L0.Tests.ServiceHooksServiceTests+SendTestNotificationTests" name="ShsBadArgs_SendTestNotification29" />
    </UnitTest>
    <UnitTest name="ShsBadArgs_SendTestNotification30" storage="d:\v2.0\a1\_work\dbded102\bin\release.anycpu\servicehooks.service\ms.vs.services.servicehooks.server.l0.tests\ms.vs.services.servicehooks.server.l0.tests.dll" priority="3" id="6e30e997-f236-fe6e-d5c3-5e4c0fd2aaf9">
      <Owners>
        <Owner name="jpresto" />
      </Owners>
      <Execution id="fce789d6-8111-4693-9453-e35c40292429" />
      <TestMethod codeBase="D:\v2.0\A1\_work\dbded102\bin\Release.AnyCPU\ServiceHooks.Service\MS.VS.Services.ServiceHooks.Server.L0.Tests\MS.VS.Services.ServiceHooks.Server.L0.Tests.dll" adapterTypeName="Microsoft.VisualStudio.TestTools.TestTypes.Unit.UnitTestAdapter" className="MS.VS.Services.ServiceHooks.Server.L0.Tests.ServiceHooksServiceTests+SendTestNotificationTests" name="ShsBadArgs_SendTestNotification30" />
    </UnitTest>
    <UnitTest name="ShsBadArgs_SendTestNotification31" storage="d:\v2.0\a1\_work\dbded102\bin\release.anycpu\servicehooks.service\ms.vs.services.servicehooks.server.l0.tests\ms.vs.services.servicehooks.server.l0.tests.dll" priority="3" id="ad94827b-6518-72ff-dfbf-0a123690d642">
      <Owners>
        <Owner name="jpresto" />
      </Owners>
      <Execution id="080d68d6-4982-4352-ab5b-4069e32d55fa" />
      <TestMethod codeBase="D:\v2.0\A1\_work\dbded102\bin\Release.AnyCPU\ServiceHooks.Service\MS.VS.Services.ServiceHooks.Server.L0.Tests\MS.VS.Services.ServiceHooks.Server.L0.Tests.dll" adapterTypeName="Microsoft.VisualStudio.TestTools.TestTypes.Unit.UnitTestAdapter" className="MS.VS.Services.ServiceHooks.Server.L0.Tests.ServiceHooksServiceTests+SendTestNotificationTests" name="ShsBadArgs_SendTestNotification31" />
    </UnitTest>
    <UnitTest name="ShsBadArgs_SendTestNotification32" storage="d:\v2.0\a1\_work\dbded102\bin\release.anycpu\servicehooks.service\ms.vs.services.servicehooks.server.l0.tests\ms.vs.services.servicehooks.server.l0.tests.dll" priority="3" id="419a2409-5d36-31d5-a72a-6a751429b180">
      <Owners>
        <Owner name="jpresto" />
      </Owners>
      <Execution id="4f780630-8dd7-4f57-aec8-f8927464505d" />
      <TestMethod codeBase="D:\v2.0\A1\_work\dbded102\bin\Release.AnyCPU\ServiceHooks.Service\MS.VS.Services.ServiceHooks.Server.L0.Tests\MS.VS.Services.ServiceHooks.Server.L0.Tests.dll" adapterTypeName="Microsoft.VisualStudio.TestTools.TestTypes.Unit.UnitTestAdapter" className="MS.VS.Services.ServiceHooks.Server.L0.Tests.ServiceHooksServiceTests+SendTestNotificationTests" name="ShsBadArgs_SendTestNotification32" />
    </UnitTest>
    <UnitTest name="ShsBadArgs_SendTestNotification33" storage="d:\v2.0\a1\_work\dbded102\bin\release.anycpu\servicehooks.service\ms.vs.services.servicehooks.server.l0.tests\ms.vs.services.servicehooks.server.l0.tests.dll" priority="3" id="dbf50882-d004-b985-f6ba-0749dd8b5ecb">
      <Owners>
        <Owner name="jpresto" />
      </Owners>
      <Execution id="53bbdd6f-4dbb-4773-b0d2-7eddcdfbf6e2" />
      <TestMethod codeBase="D:\v2.0\A1\_work\dbded102\bin\Release.AnyCPU\ServiceHooks.Service\MS.VS.Services.ServiceHooks.Server.L0.Tests\MS.VS.Services.ServiceHooks.Server.L0.Tests.dll" adapterTypeName="Microsoft.VisualStudio.TestTools.TestTypes.Unit.UnitTestAdapter" className="MS.VS.Services.ServiceHooks.Server.L0.Tests.ServiceHooksServiceTests+SendTestNotificationTests" name="ShsBadArgs_SendTestNotification33" />
    </UnitTest>
    <UnitTest name="ShsEndToEnd_SendTestNotificationForSubscription" storage="d:\v2.0\a1\_work\dbded102\bin\release.anycpu\servicehooks.service\ms.vs.services.servicehooks.server.l0.tests\ms.vs.services.servicehooks.server.l0.tests.dll" priority="1" id="c296f1be-bb67-1090-446a-af4de5248cc0">
      <Owners>
        <Owner name="jpresto" />
      </Owners>
      <Execution id="15514e51-1a51-447f-8503-00a6d02dc583" />
      <TestMethod codeBase="D:\v2.0\A1\_work\dbded102\bin\Release.AnyCPU\ServiceHooks.Service\MS.VS.Services.ServiceHooks.Server.L0.Tests\MS.VS.Services.ServiceHooks.Server.L0.Tests.dll" adapterTypeName="Microsoft.VisualStudio.TestTools.TestTypes.Unit.UnitTestAdapter" className="MS.VS.Services.ServiceHooks.Server.L0.Tests.ServiceHooksServiceTests+SendTestNotificationTests" name="ShsEndToEnd_SendTestNotificationForSubscription" />
    </UnitTest>
    <UnitTest name="ShsEndToEnd_SendTestNotificationWithEmptySubscriptionId" storage="d:\v2.0\a1\_work\dbded102\bin\release.anycpu\servicehooks.service\ms.vs.services.servicehooks.server.l0.tests\ms.vs.services.servicehooks.server.l0.tests.dll" priority="1" id="1d8ee746-25a0-0edb-b129-eafa5fd72fc6">
      <Owners>
        <Owner name="jpresto" />
      </Owners>
      <Execution id="23d9b6ee-1d49-4217-91a0-fc153806b975" />
      <TestMethod codeBase="D:\v2.0\A1\_work\dbded102\bin\Release.AnyCPU\ServiceHooks.Service\MS.VS.Services.ServiceHooks.Server.L0.Tests\MS.VS.Services.ServiceHooks.Server.L0.Tests.dll" adapterTypeName="Microsoft.VisualStudio.TestTools.TestTypes.Unit.UnitTestAdapter" className="MS.VS.Services.ServiceHooks.Server.L0.Tests.ServiceHooksServiceTests+SendTestNotificationTests" name="ShsEndToEnd_SendTestNotificationWithEmptySubscriptionId" />
    </UnitTest>
    <UnitTest name="ShsBadArgs_UpdateNotification1" storage="d:\v2.0\a1\_work\dbded102\bin\release.anycpu\servicehooks.service\ms.vs.services.servicehooks.server.l0.tests\ms.vs.services.servicehooks.server.l0.tests.dll" priority="3" id="01eef046-40cf-7e59-5739-c406223410c2">
      <Owners>
        <Owner name="jpresto" />
      </Owners>
      <Execution id="0bc67044-3471-486b-873d-1c75b046343f" />
      <TestMethod codeBase="D:\v2.0\A1\_work\dbded102\bin\Release.AnyCPU\ServiceHooks.Service\MS.VS.Services.ServiceHooks.Server.L0.Tests\MS.VS.Services.ServiceHooks.Server.L0.Tests.dll" adapterTypeName="Microsoft.VisualStudio.TestTools.TestTypes.Unit.UnitTestAdapter" className="MS.VS.Services.ServiceHooks.Server.L0.Tests.ServiceHooksServiceTests+UpdateNotificationTests" name="ShsBadArgs_UpdateNotification1" />
    </UnitTest>
    <UnitTest name="ShsBadArgs_UpdateNotification2" storage="d:\v2.0\a1\_work\dbded102\bin\release.anycpu\servicehooks.service\ms.vs.services.servicehooks.server.l0.tests\ms.vs.services.servicehooks.server.l0.tests.dll" priority="3" id="4b27c8ff-4ca7-6d57-acdb-875a08d7c7c9">
      <Owners>
        <Owner name="jpresto" />
      </Owners>
      <Execution id="9a3c6f6f-5281-4220-84a8-3e6170d90d58" />
      <TestMethod codeBase="D:\v2.0\A1\_work\dbded102\bin\Release.AnyCPU\ServiceHooks.Service\MS.VS.Services.ServiceHooks.Server.L0.Tests\MS.VS.Services.ServiceHooks.Server.L0.Tests.dll" adapterTypeName="Microsoft.VisualStudio.TestTools.TestTypes.Unit.UnitTestAdapter" className="MS.VS.Services.ServiceHooks.Server.L0.Tests.ServiceHooksServiceTests+UpdateNotificationTests" name="ShsBadArgs_UpdateNotification2" />
    </UnitTest>
    <UnitTest name="ShsBadArgs_UpdateNotification3" storage="d:\v2.0\a1\_work\dbded102\bin\release.anycpu\servicehooks.service\ms.vs.services.servicehooks.server.l0.tests\ms.vs.services.servicehooks.server.l0.tests.dll" priority="3" id="90a9ae43-47fc-1b61-0c66-19d3cd408b1a">
      <Owners>
        <Owner name="jpresto" />
      </Owners>
      <Execution id="a851f05a-796b-424f-95e8-84b01e160613" />
      <TestMethod codeBase="D:\v2.0\A1\_work\dbded102\bin\Release.AnyCPU\ServiceHooks.Service\MS.VS.Services.ServiceHooks.Server.L0.Tests\MS.VS.Services.ServiceHooks.Server.L0.Tests.dll" adapterTypeName="Microsoft.VisualStudio.TestTools.TestTypes.Unit.UnitTestAdapter" className="MS.VS.Services.ServiceHooks.Server.L0.Tests.ServiceHooksServiceTests+UpdateNotificationTests" name="ShsBadArgs_UpdateNotification3" />
    </UnitTest>
    <UnitTest name="ShsNotifications_UpdateNotificationWithEmptySubscriptionId" storage="d:\v2.0\a1\_work\dbded102\bin\release.anycpu\servicehooks.service\ms.vs.services.servicehooks.server.l0.tests\ms.vs.services.servicehooks.server.l0.tests.dll" priority="3" id="130bd8eb-cd05-df9a-db2a-94f1df1daf5d">
      <Owners>
        <Owner name="jpresto" />
      </Owners>
      <Execution id="00364f1b-8f66-42dd-b851-cfc2f93ab881" />
      <TestMethod codeBase="D:\v2.0\A1\_work\dbded102\bin\Release.AnyCPU\ServiceHooks.Service\MS.VS.Services.ServiceHooks.Server.L0.Tests\MS.VS.Services.ServiceHooks.Server.L0.Tests.dll" adapterTypeName="Microsoft.VisualStudio.TestTools.TestTypes.Unit.UnitTestAdapter" className="MS.VS.Services.ServiceHooks.Server.L0.Tests.ServiceHooksServiceTests+UpdateNotificationTests" name="ShsNotifications_UpdateNotificationWithEmptySubscriptionId" />
    </UnitTest>
    <UnitTest name="ShsNotifications_CreateFor1MatchingSubscription" storage="d:\v2.0\a1\_work\dbded102\bin\release.anycpu\servicehooks.service\ms.vs.services.servicehooks.server.l0.tests\ms.vs.services.servicehooks.server.l0.tests.dll" priority="1" id="03f3a1b1-45d3-16aa-551e-1c679a2d3ae6">
      <Owners>
        <Owner name="jpresto" />
      </Owners>
      <Execution id="9bdf8c72-e1fe-443f-85d4-4978ce92b9d8" />
      <TestMethod codeBase="D:\v2.0\A1\_work\dbded102\bin\Release.AnyCPU\ServiceHooks.Service\MS.VS.Services.ServiceHooks.Server.L0.Tests\MS.VS.Services.ServiceHooks.Server.L0.Tests.dll" adapterTypeName="Microsoft.VisualStudio.TestTools.TestTypes.Unit.UnitTestAdapter" className="MS.VS.Services.ServiceHooks.Server.L0.Tests.ServiceHooksServiceTests+CreateNotificationsForPublishedEventTests" name="ShsNotifications_CreateFor1MatchingSubscription" />
    </UnitTest>
    <UnitTest name="ShsNotifications_CreateFor2MatchingSubscriptions" storage="d:\v2.0\a1\_work\dbded102\bin\release.anycpu\servicehooks.service\ms.vs.services.servicehooks.server.l0.tests\ms.vs.services.servicehooks.server.l0.tests.dll" priority="1" id="8ddc6a6a-a567-134b-08da-3f74e1e51f30">
      <Owners>
        <Owner name="jpresto" />
      </Owners>
      <Execution id="25515cda-2b84-468c-81d3-07abc05966d2" />
      <TestMethod codeBase="D:\v2.0\A1\_work\dbded102\bin\Release.AnyCPU\ServiceHooks.Service\MS.VS.Services.ServiceHooks.Server.L0.Tests\MS.VS.Services.ServiceHooks.Server.L0.Tests.dll" adapterTypeName="Microsoft.VisualStudio.TestTools.TestTypes.Unit.UnitTestAdapter" className="MS.VS.Services.ServiceHooks.Server.L0.Tests.ServiceHooksServiceTests+CreateNotificationsForPublishedEventTests" name="ShsNotifications_CreateFor2MatchingSubscriptions" />
    </UnitTest>
    <UnitTest name="ShsNotifications_CreateForSubscriptionDisabledByUser" storage="d:\v2.0\a1\_work\dbded102\bin\release.anycpu\servicehooks.service\ms.vs.services.servicehooks.server.l0.tests\ms.vs.services.servicehooks.server.l0.tests.dll" priority="1" id="f731eb7f-a0d4-dd44-ffa1-c60ddbe0746c">
      <Owners>
        <Owner name="jpresto" />
      </Owners>
      <Execution id="cf5da197-c885-4d9f-80d0-4fc6a0575be1" />
      <TestMethod codeBase="D:\v2.0\A1\_work\dbded102\bin\Release.AnyCPU\ServiceHooks.Service\MS.VS.Services.ServiceHooks.Server.L0.Tests\MS.VS.Services.ServiceHooks.Server.L0.Tests.dll" adapterTypeName="Microsoft.VisualStudio.TestTools.TestTypes.Unit.UnitTestAdapter" className="MS.VS.Services.ServiceHooks.Server.L0.Tests.ServiceHooksServiceTests+CreateNotificationsForPublishedEventTests" name="ShsNotifications_CreateForSubscriptionDisabledByUser" />
    </UnitTest>
    <UnitTest name="ShsNotifications_CreateForSubscriptionDisabledBySystem" storage="d:\v2.0\a1\_work\dbded102\bin\release.anycpu\servicehooks.service\ms.vs.services.servicehooks.server.l0.tests\ms.vs.services.servicehooks.server.l0.tests.dll" priority="1" id="8dc41d12-10dc-92d1-1e75-44a5165859a5">
      <Owners>
        <Owner name="jpresto" />
      </Owners>
      <Execution id="ef666891-0225-4cbb-9d21-c97e7bfa4536" />
      <TestMethod codeBase="D:\v2.0\A1\_work\dbded102\bin\Release.AnyCPU\ServiceHooks.Service\MS.VS.Services.ServiceHooks.Server.L0.Tests\MS.VS.Services.ServiceHooks.Server.L0.Tests.dll" adapterTypeName="Microsoft.VisualStudio.TestTools.TestTypes.Unit.UnitTestAdapter" className="MS.VS.Services.ServiceHooks.Server.L0.Tests.ServiceHooksServiceTests+CreateNotificationsForPublishedEventTests" name="ShsNotifications_CreateForSubscriptionDisabledBySystem" />
    </UnitTest>
    <UnitTest name="ShsNotifications_HandleFailure_EnabledToProbationForEnduringError" storage="d:\v2.0\a1\_work\dbded102\bin\release.anycpu\servicehooks.service\ms.vs.services.servicehooks.server.l0.tests\ms.vs.services.servicehooks.server.l0.tests.dll" priority="1" id="7b0d9e04-136c-5fd0-f100-9833ade339ae">
      <Owners>
        <Owner name="jpresto" />
      </Owners>
      <Execution id="2e0ed611-5484-4c34-8678-2cb60bbbfcd9" />
      <TestMethod codeBase="D:\v2.0\A1\_work\dbded102\bin\Release.AnyCPU\ServiceHooks.Service\MS.VS.Services.ServiceHooks.Server.L0.Tests\MS.VS.Services.ServiceHooks.Server.L0.Tests.dll" adapterTypeName="Microsoft.VisualStudio.TestTools.TestTypes.Unit.UnitTestAdapter" className="MS.VS.Services.ServiceHooks.Server.L0.Tests.ServiceHooksServiceTests+HandleNotificationFailureTests" name="ShsNotifications_HandleFailure_EnabledToProbationForEnduringError" />
    </UnitTest>
    <UnitTest name="ShsNotifications_HandleFailure_EnabledToProbationForFinalTransientError" storage="d:\v2.0\a1\_work\dbded102\bin\release.anycpu\servicehooks.service\ms.vs.services.servicehooks.server.l0.tests\ms.vs.services.servicehooks.server.l0.tests.dll" priority="1" id="5fe8f0ed-6043-df57-217e-a68c7f71d4ef">
      <Owners>
        <Owner name="jpresto" />
      </Owners>
      <Execution id="a68cd637-5e6d-4782-b4b8-8eb97a897cc3" />
      <TestMethod codeBase="D:\v2.0\A1\_work\dbded102\bin\Release.AnyCPU\ServiceHooks.Service\MS.VS.Services.ServiceHooks.Server.L0.Tests\MS.VS.Services.ServiceHooks.Server.L0.Tests.dll" adapterTypeName="Microsoft.VisualStudio.TestTools.TestTypes.Unit.UnitTestAdapter" className="MS.VS.Services.ServiceHooks.Server.L0.Tests.ServiceHooksServiceTests+HandleNotificationFailureTests" name="ShsNotifications_HandleFailure_EnabledToProbationForFinalTransientError" />
    </UnitTest>
    <UnitTest name="ShsNotifications_HandleFailure_ProbationToDisabledBySystemAfter7TransientErrors" storage="d:\v2.0\a1\_work\dbded102\bin\release.anycpu\servicehooks.service\ms.vs.services.servicehooks.server.l0.tests\ms.vs.services.servicehooks.server.l0.tests.dll" priority="1" id="459d535e-ac0c-946b-b14e-e5477bda38ac">
      <Owners>
        <Owner name="jpresto" />
      </Owners>
      <Execution id="ad3b61e7-d899-4960-b1d0-be2f3f2779cc" />
      <TestMethod codeBase="D:\v2.0\A1\_work\dbded102\bin\Release.AnyCPU\ServiceHooks.Service\MS.VS.Services.ServiceHooks.Server.L0.Tests\MS.VS.Services.ServiceHooks.Server.L0.Tests.dll" adapterTypeName="Microsoft.VisualStudio.TestTools.TestTypes.Unit.UnitTestAdapter" className="MS.VS.Services.ServiceHooks.Server.L0.Tests.ServiceHooksServiceTests+HandleNotificationFailureTests" name="ShsNotifications_HandleFailure_ProbationToDisabledBySystemAfter7TransientErrors" />
    </UnitTest>
    <UnitTest name="ShsNotifications_HandleFailure_ProbationUnchangedForNonFinalEnduringError" storage="d:\v2.0\a1\_work\dbded102\bin\release.anycpu\servicehooks.service\ms.vs.services.servicehooks.server.l0.tests\ms.vs.services.servicehooks.server.l0.tests.dll" priority="1" id="b4207361-c85e-b78d-2690-97bc303919e5">
      <Owners>
        <Owner name="jpresto" />
      </Owners>
      <Execution id="73805aaa-e70e-4bff-811b-d2aa95a45106" />
      <TestMethod codeBase="D:\v2.0\A1\_work\dbded102\bin\Release.AnyCPU\ServiceHooks.Service\MS.VS.Services.ServiceHooks.Server.L0.Tests\MS.VS.Services.ServiceHooks.Server.L0.Tests.dll" adapterTypeName="Microsoft.VisualStudio.TestTools.TestTypes.Unit.UnitTestAdapter" className="MS.VS.Services.ServiceHooks.Server.L0.Tests.ServiceHooksServiceTests+HandleNotificationFailureTests" name="ShsNotifications_HandleFailure_ProbationUnchangedForNonFinalEnduringError" />
    </UnitTest>
    <UnitTest name="ShsNotifications_HandleSuccess_StillEnabledAfterSucceeding" storage="d:\v2.0\a1\_work\dbded102\bin\release.anycpu\servicehooks.service\ms.vs.services.servicehooks.server.l0.tests\ms.vs.services.servicehooks.server.l0.tests.dll" priority="1" id="3e4d249b-13be-dc8d-2140-8e0d655a1238">
      <Owners>
        <Owner name="jpresto" />
      </Owners>
      <Execution id="e9e5538f-3b22-409e-af08-55ed12482ddf" />
      <TestMethod codeBase="D:\v2.0\A1\_work\dbded102\bin\Release.AnyCPU\ServiceHooks.Service\MS.VS.Services.ServiceHooks.Server.L0.Tests\MS.VS.Services.ServiceHooks.Server.L0.Tests.dll" adapterTypeName="Microsoft.VisualStudio.TestTools.TestTypes.Unit.UnitTestAdapter" className="MS.VS.Services.ServiceHooks.Server.L0.Tests.ServiceHooksServiceTests+HandleNotificationSuccessTests" name="ShsNotifications_HandleSuccess_StillEnabledAfterSucceeding" />
    </UnitTest>
    <UnitTest name="ShsNotifications_HandleSuccess_ProbationToEnabledAfterSucceeding" storage="d:\v2.0\a1\_work\dbded102\bin\release.anycpu\servicehooks.service\ms.vs.services.servicehooks.server.l0.tests\ms.vs.services.servicehooks.server.l0.tests.dll" priority="1" id="7254c5d4-ae18-e11e-1ee3-fdef8b74441a">
      <Owners>
        <Owner name="jpresto" />
      </Owners>
      <Execution id="a1b8060b-634a-4ad7-98e1-dbb2af065fac" />
      <TestMethod codeBase="D:\v2.0\A1\_work\dbded102\bin\Release.AnyCPU\ServiceHooks.Service\MS.VS.Services.ServiceHooks.Server.L0.Tests\MS.VS.Services.ServiceHooks.Server.L0.Tests.dll" adapterTypeName="Microsoft.VisualStudio.TestTools.TestTypes.Unit.UnitTestAdapter" className="MS.VS.Services.ServiceHooks.Server.L0.Tests.ServiceHooksServiceTests+HandleNotificationSuccessTests" name="ShsNotifications_HandleSuccess_ProbationToEnabledAfterSucceeding" />
    </UnitTest>
    <UnitTest name="ShsBadArgs_ServiceEnd1" storage="d:\v2.0\a1\_work\dbded102\bin\release.anycpu\servicehooks.service\ms.vs.services.servicehooks.server.l0.tests\ms.vs.services.servicehooks.server.l0.tests.dll" priority="3" id="b2625394-5bb7-4674-28e6-8c628e013810">
      <Owners>
        <Owner name="jpresto" />
      </Owners>
      <Execution id="3cb70b72-46aa-4587-a0e8-d9aa6972e166" />
      <TestMethod codeBase="D:\v2.0\A1\_work\dbded102\bin\Release.AnyCPU\ServiceHooks.Service\MS.VS.Services.ServiceHooks.Server.L0.Tests\MS.VS.Services.ServiceHooks.Server.L0.Tests.dll" adapterTypeName="Microsoft.VisualStudio.TestTools.TestTypes.Unit.UnitTestAdapter" className="MS.VS.Services.ServiceHooks.Server.L0.Tests.ServiceHooksServiceTests+ServiceEndTests" name="ShsBadArgs_ServiceEnd1" />
    </UnitTest>
    <UnitTest name="ShsBadArgs_ServiceStart1" storage="d:\v2.0\a1\_work\dbded102\bin\release.anycpu\servicehooks.service\ms.vs.services.servicehooks.server.l0.tests\ms.vs.services.servicehooks.server.l0.tests.dll" priority="3" id="d00983e3-967b-e4c9-d219-be67ffdadc6f">
      <Owners>
        <Owner name="jpresto" />
      </Owners>
      <Execution id="3e2f7ff1-2a5f-4aeb-bb7a-483cec4b23a6" />
      <TestMethod codeBase="D:\v2.0\A1\_work\dbded102\bin\Release.AnyCPU\ServiceHooks.Service\MS.VS.Services.ServiceHooks.Server.L0.Tests\MS.VS.Services.ServiceHooks.Server.L0.Tests.dll" adapterTypeName="Microsoft.VisualStudio.TestTools.TestTypes.Unit.UnitTestAdapter" className="MS.VS.Services.ServiceHooks.Server.L0.Tests.ServiceHooksServiceTests+ServiceStartTests" name="ShsBadArgs_ServiceStart1" />
    </UnitTest>
    <UnitTest name="ShsBadArgs_SynchronizeDashboard1" storage="d:\v2.0\a1\_work\dbded102\bin\release.anycpu\servicehooks.service\ms.vs.services.servicehooks.server.l0.tests\ms.vs.services.servicehooks.server.l0.tests.dll" priority="3" id="661f9ca8-c4b2-42bd-d8db-425e3e3d028e">
      <Owners>
        <Owner name="jpresto" />
      </Owners>
      <Execution id="8eb4cef4-def8-4302-8e49-1c6eb6154130" />
      <TestMethod codeBase="D:\v2.0\A1\_work\dbded102\bin\Release.AnyCPU\ServiceHooks.Service\MS.VS.Services.ServiceHooks.Server.L0.Tests\MS.VS.Services.ServiceHooks.Server.L0.Tests.dll" adapterTypeName="Microsoft.VisualStudio.TestTools.TestTypes.Unit.UnitTestAdapter" className="MS.VS.Services.ServiceHooks.Server.L0.Tests.ServiceHooksServiceTests+SynchronizeDashboardTests" name="ShsBadArgs_SynchronizeDashboard1" />
    </UnitTest>
  </TestDefinitions>
  <TestEntries>
    <TestEntry testId="c5fed459-50f1-647c-2b9b-f21f3bc3b792" executionId="c6c17e1b-f3b0-4774-9b48-8066ee4db83a" testListId="8c84fa94-04c1-424b-9868-57a2d4851a1d" />
    <TestEntry testId="f1083d24-8369-f2b6-3899-3b6ad1d8ec29" executionId="0ea8752b-b8ad-4944-9956-fd2043ff4e19" testListId="8c84fa94-04c1-424b-9868-57a2d4851a1d" />
    <TestEntry testId="a1e62996-1934-4432-52f4-a2d3c1b59548" executionId="dc039da5-fd57-4c99-9ba6-f26910893dfe" testListId="8c84fa94-04c1-424b-9868-57a2d4851a1d" />
    <TestEntry testId="a2d0c685-2585-906b-a88d-d98f0479ba59" executionId="b405baf6-1df7-494c-9af2-ebc2c553f628" testListId="8c84fa94-04c1-424b-9868-57a2d4851a1d" />
    <TestEntry testId="cddce590-c561-a925-1717-32c03934a2b6" executionId="dc709282-e80a-4ece-a204-992211e49f5c" testListId="8c84fa94-04c1-424b-9868-57a2d4851a1d" />
    <TestEntry testId="b72e2394-16dd-0c8b-8f58-519dc9a8d126" executionId="da1ef59a-3af3-4d3a-9d31-f84ebf6305b5" testListId="8c84fa94-04c1-424b-9868-57a2d4851a1d" />
    <TestEntry testId="eb2a7336-9220-f784-2ab6-2ae764263240" executionId="74e5b17c-5acc-4c5d-90b5-146b427bc856" testListId="8c84fa94-04c1-424b-9868-57a2d4851a1d" />
    <TestEntry testId="b9ed8ae0-9c64-f4dd-39de-ca990d246678" executionId="24a5bb05-7074-403d-82f8-975dbf565fb2" testListId="8c84fa94-04c1-424b-9868-57a2d4851a1d" />
    <TestEntry testId="304808fb-4676-b6eb-0e09-19dbc4248730" executionId="2294e58b-70ff-436f-995a-55fcfa97f402" testListId="8c84fa94-04c1-424b-9868-57a2d4851a1d" />
    <TestEntry testId="ec0a3927-0617-dcdf-6578-9bf149e0ce5e" executionId="b902d23c-2159-44d2-a18c-b62f7ab79ea9" testListId="8c84fa94-04c1-424b-9868-57a2d4851a1d" />
    <TestEntry testId="430abac5-3a36-740b-5658-1af45efeec77" executionId="fa99ddfe-e1fd-4d45-9513-44f7b49dbb7d" testListId="8c84fa94-04c1-424b-9868-57a2d4851a1d" />
    <TestEntry testId="f989e53f-9855-0296-300a-1035251e0c99" executionId="a5254cc2-c3d1-4543-bc67-ca3b3a18ae18" testListId="8c84fa94-04c1-424b-9868-57a2d4851a1d" />
    <TestEntry testId="d539e923-698b-61ab-481c-80122d8bf94b" executionId="274b90c9-b175-4762-9e4b-9a14a362d522" testListId="8c84fa94-04c1-424b-9868-57a2d4851a1d" />
    <TestEntry testId="8953a02a-65df-31fd-10c5-8de8631b0a05" executionId="df15c9e8-ac66-4301-af1d-da2239584ab7" testListId="8c84fa94-04c1-424b-9868-57a2d4851a1d" />
    <TestEntry testId="d9c9dfc1-9ce1-bf1d-66fb-da2ae0c01691" executionId="1a44afe3-3818-457c-861f-022e773f1e9d" testListId="8c84fa94-04c1-424b-9868-57a2d4851a1d" />
    <TestEntry testId="124c824e-b498-e454-3dbc-adb3ae04c5da" executionId="b9c77e72-1742-4ecf-8b29-a395c0692a45" testListId="8c84fa94-04c1-424b-9868-57a2d4851a1d" />
    <TestEntry testId="7fbfd774-8859-4364-2952-970a58ef45e8" executionId="016fec3b-c660-4cf2-8399-e2a247e921a7" testListId="8c84fa94-04c1-424b-9868-57a2d4851a1d" />
    <TestEntry testId="2c2d8944-cd01-4afb-4f32-df1937a751d8" executionId="6485afd6-ca8e-4a6c-9d5d-4ec3e4db9135" testListId="8c84fa94-04c1-424b-9868-57a2d4851a1d" />
    <TestEntry testId="d8b4f2bc-aa2f-248f-6149-f67f8c91ec2c" executionId="cbf29018-9ef6-4e04-84ce-292db13583ff" testListId="8c84fa94-04c1-424b-9868-57a2d4851a1d" />
    <TestEntry testId="b0e6f9ab-e8b5-3533-fce5-0576ad4ac5ca" executionId="9d9aaa35-dc56-4759-a8c8-ba729f875352" testListId="8c84fa94-04c1-424b-9868-57a2d4851a1d" />
    <TestEntry testId="31026231-a005-ef57-59c1-64cd566f4d96" executionId="04814f7b-dfde-480e-abc8-fea169b3bd8e" testListId="8c84fa94-04c1-424b-9868-57a2d4851a1d" />
    <TestEntry testId="41dd802f-b477-01db-16ec-c1f27490eb10" executionId="64de3402-1023-429c-a331-8b9f17dd5992" testListId="8c84fa94-04c1-424b-9868-57a2d4851a1d" />
    <TestEntry testId="0bf7be58-443f-c7a6-4a24-fcd0219d975a" executionId="a2397534-9793-43a2-9c79-fd5224784a7b" testListId="8c84fa94-04c1-424b-9868-57a2d4851a1d" />
    <TestEntry testId="98be272e-13ae-4f7b-6932-783aa90b6b02" executionId="93dc12af-89d9-4d3b-95c9-a2413c53a16b" testListId="8c84fa94-04c1-424b-9868-57a2d4851a1d" />
    <TestEntry testId="f4809d20-7a30-e5cb-30da-5b5ce1d7472a" executionId="849ce5b8-9e0c-40f7-a184-a1a9e12997ab" testListId="8c84fa94-04c1-424b-9868-57a2d4851a1d" />
    <TestEntry testId="6dae32fd-3c5e-8a80-2e7d-b3a7722c41e8" executionId="8f588138-b263-45ea-a34f-50b58ed899d7" testListId="8c84fa94-04c1-424b-9868-57a2d4851a1d" />
    <TestEntry testId="2b6994d5-f891-6e2b-1085-c7e686dfd16b" executionId="9149b21c-f3ee-442c-9f3e-3fb70ab361f7" testListId="8c84fa94-04c1-424b-9868-57a2d4851a1d" />
    <TestEntry testId="1d2063e5-c30e-d48e-782e-1aa36e8676c8" executionId="ed1162ad-e087-4a5d-be65-a2dd10b55b24" testListId="8c84fa94-04c1-424b-9868-57a2d4851a1d" />
    <TestEntry testId="d010eb92-c4ec-59ad-5b0c-a0a3d9412a4e" executionId="affb7504-585f-4319-97d7-ba5c44bbefcd" testListId="8c84fa94-04c1-424b-9868-57a2d4851a1d" />
    <TestEntry testId="49163636-dd10-0589-4da4-dfa216cfdd15" executionId="3e3ef3d1-c2e5-4e8e-b2f8-f6ee305d4895" testListId="8c84fa94-04c1-424b-9868-57a2d4851a1d" />
    <TestEntry testId="dc8cf262-ce61-0ea9-5366-f82327f46772" executionId="9ef03d69-044c-4c13-ab0f-e6fb5c00a880" testListId="8c84fa94-04c1-424b-9868-57a2d4851a1d" />
    <TestEntry testId="bb213746-6bc0-adc8-d84e-70b3e4484b87" executionId="2e027421-f4db-41e4-8608-c5a9af086937" testListId="8c84fa94-04c1-424b-9868-57a2d4851a1d" />
    <TestEntry testId="d6ac527d-7c2d-8bae-1ea8-1cdd3fa0032c" executionId="0e85e226-1fc2-424b-84b8-ad6e63880baf" testListId="8c84fa94-04c1-424b-9868-57a2d4851a1d" />
    <TestEntry testId="ffd7d084-8041-8da6-cdab-e5c66d1e14f5" executionId="49d16e93-a8da-4f57-b9b3-3d7affc2866d" testListId="8c84fa94-04c1-424b-9868-57a2d4851a1d" />
    <TestEntry testId="ad6ff1b1-73eb-03ac-77a4-06ca94eabf6a" executionId="b136e7f5-b8ef-4f8f-ba7a-e334ac871674" testListId="8c84fa94-04c1-424b-9868-57a2d4851a1d" />
    <TestEntry testId="76cb9f06-bec0-4ec5-ab63-512313828a02" executionId="2eaa31c3-8a21-4d9a-b3dc-c258db293dd8" testListId="8c84fa94-04c1-424b-9868-57a2d4851a1d" />
    <TestEntry testId="564aa53d-818b-a55c-e279-c8ccc43deade" executionId="d69afc73-5722-42ec-ac3e-711bc7f139ac" testListId="8c84fa94-04c1-424b-9868-57a2d4851a1d" />
    <TestEntry testId="95f66d37-9955-c00b-8f68-b6a08562620b" executionId="4a5bcd9d-0327-4ec1-9f27-cb072ca41b4d" testListId="8c84fa94-04c1-424b-9868-57a2d4851a1d" />
    <TestEntry testId="65ca2bfe-5819-a2d8-ccb1-1d83710e0569" executionId="d979ccb5-616c-4dbc-8442-c002d2704dc2" testListId="8c84fa94-04c1-424b-9868-57a2d4851a1d" />
    <TestEntry testId="99efa732-0aad-983c-a09d-360e9fd23285" executionId="30fedb28-65b7-472f-a4a2-3215b58db000" testListId="8c84fa94-04c1-424b-9868-57a2d4851a1d" />
    <TestEntry testId="b3e43e34-bcd8-6bc7-df51-83be7b269695" executionId="edf38ece-d4ce-4736-beb4-2fe00ced683b" testListId="8c84fa94-04c1-424b-9868-57a2d4851a1d" />
    <TestEntry testId="cf0fe0b8-31d0-5e4e-cce7-37ab0b5ca8f8" executionId="da62f70b-23fc-449e-8c28-c309c65f3f16" testListId="8c84fa94-04c1-424b-9868-57a2d4851a1d" />
    <TestEntry testId="1016dbf5-9d9d-9d28-329c-6f79851aa8bd" executionId="94f00c1d-ca71-421a-843c-d7c76f1ce85c" testListId="8c84fa94-04c1-424b-9868-57a2d4851a1d" />
    <TestEntry testId="4a19dcc4-4b52-7bbf-8aaa-7d1aaceeaa50" executionId="d24d5c45-6ecf-42da-a08d-5b2e6339e300" testListId="8c84fa94-04c1-424b-9868-57a2d4851a1d" />
    <TestEntry testId="69810759-97ac-1e2d-dcfb-f5b81e4a95b2" executionId="0c6a2fb7-cb7a-4ce8-a2ec-73dc462e991e" testListId="8c84fa94-04c1-424b-9868-57a2d4851a1d" />
    <TestEntry testId="aecfad6b-49ca-f7c5-cf88-bc0f227b7131" executionId="d63dc2ed-1532-491a-b449-8ba281ef18cf" testListId="8c84fa94-04c1-424b-9868-57a2d4851a1d" />
    <TestEntry testId="6329fcb6-2f6b-0412-1ba6-9d1a436a5b7d" executionId="abaae298-df94-415d-960e-053f534b880c" testListId="8c84fa94-04c1-424b-9868-57a2d4851a1d" />
    <TestEntry testId="e639a91a-9eaf-6e26-a1e0-1bd0192b01a0" executionId="cc9e3036-0c0c-4eeb-b80a-359ded03ad2e" testListId="8c84fa94-04c1-424b-9868-57a2d4851a1d" />
    <TestEntry testId="f816691c-8613-43b6-5fa9-542141844073" executionId="1e469dd7-be4b-46ba-9a39-0f24997d130c" testListId="8c84fa94-04c1-424b-9868-57a2d4851a1d" />
    <TestEntry testId="b5bc2fa2-9978-405f-6683-63bc274d9a26" executionId="6022180b-6f35-4159-a1e2-be959e0e8ea6" testListId="8c84fa94-04c1-424b-9868-57a2d4851a1d" />
    <TestEntry testId="5a359d8a-ef37-8089-89c4-4a32b4da2532" executionId="711b8afb-6851-4086-9ab6-91418dc38ad7" testListId="8c84fa94-04c1-424b-9868-57a2d4851a1d" />
    <TestEntry testId="6120b963-3503-ee4c-2dad-625c2d8e008f" executionId="cc7554af-1ba0-422b-bb93-742e03dfd33d" testListId="8c84fa94-04c1-424b-9868-57a2d4851a1d" />
    <TestEntry testId="b3fd6b0d-493e-8d13-3b81-185640c83a1c" executionId="d33a897e-0716-44ac-9ebb-7bfb182e1553" testListId="8c84fa94-04c1-424b-9868-57a2d4851a1d" />
    <TestEntry testId="096fca2f-2272-caa4-15c3-448594c675b7" executionId="f7ddcdf1-a546-4a9a-a686-f5cf4d32bb05" testListId="8c84fa94-04c1-424b-9868-57a2d4851a1d" />
    <TestEntry testId="773dbc74-7b1f-c0db-246d-c73e99b771da" executionId="5d9c3fc7-17e6-4881-8c09-edf7c6c1cc82" testListId="8c84fa94-04c1-424b-9868-57a2d4851a1d" />
    <TestEntry testId="31a827f7-c18f-f98f-b1ff-99a18a10d61b" executionId="f5db628b-e145-47cc-95e5-042e382db628" testListId="8c84fa94-04c1-424b-9868-57a2d4851a1d" />
    <TestEntry testId="48c9edf1-40dc-4943-22f4-3809bf94ca39" executionId="433d575a-3bea-4d07-aa6f-0b8a145d6157" testListId="8c84fa94-04c1-424b-9868-57a2d4851a1d" />
    <TestEntry testId="ca85c107-90f4-8c79-45b6-e1d754a50979" executionId="230806f1-3aec-4b5f-b989-29c2670123f8" testListId="8c84fa94-04c1-424b-9868-57a2d4851a1d" />
    <TestEntry testId="8c5aeafb-d996-3935-bf08-ed8fc36fab7f" executionId="c9b6fad4-731b-457a-be9b-6d7cbd8ab296" testListId="8c84fa94-04c1-424b-9868-57a2d4851a1d" />
    <TestEntry testId="7edaba94-1e13-1b52-0d31-26efc3534dea" executionId="4cc8b1c1-557e-4424-b31e-7f78012df16f" testListId="8c84fa94-04c1-424b-9868-57a2d4851a1d" />
    <TestEntry testId="5f183548-42f4-59d9-b681-b6cb73c0ed1a" executionId="cfe4a74f-713c-46ba-b036-3ce4384eb9bf" testListId="8c84fa94-04c1-424b-9868-57a2d4851a1d" />
    <TestEntry testId="231e9845-6a4f-94a1-b109-f22d8d61ddf9" executionId="9cac0435-ffd8-4a34-8797-ab0a32ef9a38" testListId="8c84fa94-04c1-424b-9868-57a2d4851a1d" />
    <TestEntry testId="946a3e72-7b03-8bbe-743e-3a24aa7079e2" executionId="ba41168e-2349-452a-92eb-26f0ffcffb0e" testListId="8c84fa94-04c1-424b-9868-57a2d4851a1d" />
    <TestEntry testId="bbbfeb55-89a1-5478-d543-c228e4c93cae" executionId="33a517b8-dd38-4524-8eac-b59628d21f34" testListId="8c84fa94-04c1-424b-9868-57a2d4851a1d" />
    <TestEntry testId="405a0bf2-d8f7-21c4-b547-ad6519dbc0ae" executionId="b0c62378-26f6-4661-94d8-14bf3b2e1a58" testListId="8c84fa94-04c1-424b-9868-57a2d4851a1d" />
    <TestEntry testId="8d9d7424-353a-6fea-54b6-66ca20abeb73" executionId="cc51ec05-7773-4495-bc00-bf87085e2cdc" testListId="8c84fa94-04c1-424b-9868-57a2d4851a1d" />
    <TestEntry testId="57e6197f-95d9-0e2d-f2fa-3e23bed28dea" executionId="3319c5f3-3c55-42e1-863a-7c881fd098bb" testListId="8c84fa94-04c1-424b-9868-57a2d4851a1d" />
    <TestEntry testId="8ef49b47-1522-40d4-dfac-c4ad6dd6b37b" executionId="84214aa5-7d4f-4908-bd64-4008722f0eac" testListId="8c84fa94-04c1-424b-9868-57a2d4851a1d" />
    <TestEntry testId="9add1f71-d105-d1e6-1eed-2ab3b091ba6a" executionId="26c6289d-f437-4977-864d-9c51c51e2019" testListId="8c84fa94-04c1-424b-9868-57a2d4851a1d" />
    <TestEntry testId="65ec22f2-cb94-8807-f63d-e9a184464ffc" executionId="a0dcbcf0-e352-44d1-b972-d3a9a8397775" testListId="8c84fa94-04c1-424b-9868-57a2d4851a1d" />
    <TestEntry testId="9e052879-4291-b2fd-38ad-9dbb1e6263d3" executionId="c3b94f52-ae18-4b32-bdd6-5f36e18ecbd9" testListId="8c84fa94-04c1-424b-9868-57a2d4851a1d" />
    <TestEntry testId="2b92375b-f426-3fe0-c0f8-49e5a12a5616" executionId="8cc15835-8584-48d4-8b12-7a12aeb7f6b7" testListId="8c84fa94-04c1-424b-9868-57a2d4851a1d" />
    <TestEntry testId="bb28437c-b54d-b71a-cf57-fc04e330e603" executionId="19d2faca-aaea-4896-9300-0d94ef3a0eb8" testListId="8c84fa94-04c1-424b-9868-57a2d4851a1d" />
    <TestEntry testId="e0d16924-5b50-8e45-452a-7d516e0eb1d6" executionId="36b3f647-16a1-411c-9bb0-33a4639d4a09" testListId="8c84fa94-04c1-424b-9868-57a2d4851a1d" />
    <TestEntry testId="fcee1c72-e24e-e199-4fa9-053418226418" executionId="2dc3e237-ef44-468d-8c22-52a96add2469" testListId="8c84fa94-04c1-424b-9868-57a2d4851a1d" />
    <TestEntry testId="a963227c-0121-e341-4233-6d503daf3bdd" executionId="6f960f93-5b7b-4a40-99b4-1d9ff55c2db9" testListId="8c84fa94-04c1-424b-9868-57a2d4851a1d" />
    <TestEntry testId="05c3a42d-7a9c-fbc2-b56c-282019170aa7" executionId="2d05bf1f-53a1-4155-95bd-ff1024ff5a44" testListId="8c84fa94-04c1-424b-9868-57a2d4851a1d" />
    <TestEntry testId="0faa1c16-b155-113a-c2e3-aa6122eedc13" executionId="80430231-e1e4-4714-8c4e-e461147d3115" testListId="8c84fa94-04c1-424b-9868-57a2d4851a1d" />
    <TestEntry testId="66e062ae-e0a2-d249-9aff-ae66aa1fed15" executionId="1f196d14-c59f-4805-9036-d0550696231d" testListId="8c84fa94-04c1-424b-9868-57a2d4851a1d" />
    <TestEntry testId="9cdc180d-73c0-d176-e844-df8efce040d2" executionId="f768fd5c-4282-4470-914e-a727d1a69635" testListId="8c84fa94-04c1-424b-9868-57a2d4851a1d" />
    <TestEntry testId="0d693899-6d82-fc8e-d6f7-1c26d040788f" executionId="12feb3d0-2ca4-452e-a1cd-851315c7e410" testListId="8c84fa94-04c1-424b-9868-57a2d4851a1d" />
    <TestEntry testId="5fde79b3-8754-b479-46e5-65c345acc44b" executionId="77e775cb-d96b-4ebb-bc1e-18f3a7eb3d12" testListId="8c84fa94-04c1-424b-9868-57a2d4851a1d" />
    <TestEntry testId="b393c08b-a98f-a886-3a5e-5daefb70bd00" executionId="549e104e-53da-4153-aada-bd0dc8724e4a" testListId="8c84fa94-04c1-424b-9868-57a2d4851a1d" />
    <TestEntry testId="3d78d7a6-b0ed-25ee-ce74-1f3295111719" executionId="083e0734-3b92-4da5-a8a0-b6c679166ba9" testListId="8c84fa94-04c1-424b-9868-57a2d4851a1d" />
    <TestEntry testId="d7635f12-eca9-63dc-4612-35a9213f18d6" executionId="0db1a0e0-8612-4f1c-a03a-f6dadc243cf8" testListId="8c84fa94-04c1-424b-9868-57a2d4851a1d" />
    <TestEntry testId="344783b8-9a91-60ab-b9fd-9c52dfb3b22b" executionId="4dbecbe7-42a4-43e7-902a-85143e0a241f" testListId="8c84fa94-04c1-424b-9868-57a2d4851a1d" />
    <TestEntry testId="38e9d4e4-6e57-003d-5caa-955f09652951" executionId="6602aaf4-0693-4a10-97b3-3e247e12c483" testListId="8c84fa94-04c1-424b-9868-57a2d4851a1d" />
    <TestEntry testId="db7ca052-40e5-8f57-505c-e8b5c582b5af" executionId="7a55fd57-8dc4-432e-bdd2-d724fda5d2e0" testListId="8c84fa94-04c1-424b-9868-57a2d4851a1d" />
    <TestEntry testId="d7cdb276-501b-db10-a24c-6655fc43227b" executionId="652476e5-8a03-46f1-a616-33904ef5de8f" testListId="8c84fa94-04c1-424b-9868-57a2d4851a1d" />
    <TestEntry testId="ae3b259c-2ead-2462-b5bf-c5d84b12e49c" executionId="af38eac2-d82d-4365-94ae-1956872bd230" testListId="8c84fa94-04c1-424b-9868-57a2d4851a1d" />
    <TestEntry testId="970d46b4-9f21-3016-ead2-e4ebacc7016f" executionId="cbb74b22-d1f8-42be-8d09-19281fa1d4d1" testListId="8c84fa94-04c1-424b-9868-57a2d4851a1d" />
    <TestEntry testId="434e9009-f7ec-e476-dada-ba745d34ecb0" executionId="afe8486c-007e-459c-aa19-d01bd0580ba0" testListId="8c84fa94-04c1-424b-9868-57a2d4851a1d" />
    <TestEntry testId="97d0db5e-eb88-1a79-b9fa-a449e22521cd" executionId="6d562b8d-e0d1-4637-99b5-83d1b9acc4fb" testListId="8c84fa94-04c1-424b-9868-57a2d4851a1d" />
    <TestEntry testId="e30c20d8-b6ec-bd95-5cc5-65afbd8ad85f" executionId="9515c7bc-10ab-4a42-bed2-8198ac795208" testListId="8c84fa94-04c1-424b-9868-57a2d4851a1d" />
    <TestEntry testId="def52dbd-0b1d-4990-e7f3-ea205e5e4d5f" executionId="6e57af36-00fd-44ba-bf1c-5b25352461e2" testListId="8c84fa94-04c1-424b-9868-57a2d4851a1d" />
    <TestEntry testId="bad41c9a-29e7-b501-b6c4-fcc080adf684" executionId="c3c50c1f-c1b2-404a-b247-0373226d8ebe" testListId="8c84fa94-04c1-424b-9868-57a2d4851a1d" />
    <TestEntry testId="4c88e19d-6ba1-fc31-d923-24c8539d5fd1" executionId="8a20b4df-6945-404b-b21f-2ee96322b908" testListId="8c84fa94-04c1-424b-9868-57a2d4851a1d" />
    <TestEntry testId="55392d0e-36d0-c927-8333-7294cfd35275" executionId="2ad15148-27be-409c-8c73-b9a97081bdc1" testListId="8c84fa94-04c1-424b-9868-57a2d4851a1d" />
    <TestEntry testId="e47c1fa3-b3a2-a9ce-3793-b67777cc1d01" executionId="c9634bb4-9108-4ea7-9699-5b1337087367" testListId="8c84fa94-04c1-424b-9868-57a2d4851a1d" />
    <TestEntry testId="91da0dc2-fda5-f2c5-c0ef-ee2746e40403" executionId="d31c9732-d3f4-4c8b-b429-e4ab54830d5d" testListId="8c84fa94-04c1-424b-9868-57a2d4851a1d" />
    <TestEntry testId="4f5c25f2-1114-4656-7f5a-a17069273307" executionId="39b1b07f-8ca0-48dd-a0f2-d1834f4d1df4" testListId="8c84fa94-04c1-424b-9868-57a2d4851a1d" />
    <TestEntry testId="05a6c36c-e5c9-6f40-db27-b6a099689468" executionId="576a1687-90dd-49b6-a909-c041b7f69cee" testListId="8c84fa94-04c1-424b-9868-57a2d4851a1d" />
    <TestEntry testId="99750fd9-b647-b6fc-6edc-65daabb7cb59" executionId="2677fdb6-403d-4c78-8c0c-ba35857a87cb" testListId="8c84fa94-04c1-424b-9868-57a2d4851a1d" />
    <TestEntry testId="00d052a3-b910-3c85-1377-d6300aa0399e" executionId="3b45dc7c-c61f-4641-a56c-e3c9ae0efd3b" testListId="8c84fa94-04c1-424b-9868-57a2d4851a1d" />
    <TestEntry testId="a5b23f60-c6ab-3e35-759d-54c277330954" executionId="5785f9ef-fd6e-4037-a58c-29a1e6d78838" testListId="8c84fa94-04c1-424b-9868-57a2d4851a1d" />
    <TestEntry testId="254ffab0-d460-f4be-738a-e7187b8ccd77" executionId="8d5d87a8-7169-4869-ba41-1b2dfe1bd327" testListId="8c84fa94-04c1-424b-9868-57a2d4851a1d" />
    <TestEntry testId="c5edf371-500a-3e34-d877-47a68d7f843d" executionId="5b25a339-bf65-4c03-932a-0ea6da8f6407" testListId="8c84fa94-04c1-424b-9868-57a2d4851a1d" />
    <TestEntry testId="dd6e7a28-da99-58f1-b902-d6446acfee26" executionId="454e3b0a-83b9-4b9f-bed3-bedddc15600c" testListId="8c84fa94-04c1-424b-9868-57a2d4851a1d" />
    <TestEntry testId="7bd74164-9157-c054-d973-9d57407e7832" executionId="07a74e8f-1228-4457-b789-8a93c015a5da" testListId="8c84fa94-04c1-424b-9868-57a2d4851a1d" />
    <TestEntry testId="397fd72a-bfe5-9c15-1bf0-3b7baefb9d53" executionId="806ebd62-c13e-4320-b44e-a1a04edc0ed5" testListId="8c84fa94-04c1-424b-9868-57a2d4851a1d" />
    <TestEntry testId="95209900-5c0a-aa40-dafc-6fb86c04d36a" executionId="72e9b31c-08d3-4927-98af-b4504af7e5b1" testListId="8c84fa94-04c1-424b-9868-57a2d4851a1d" />
    <TestEntry testId="48be5ae9-f175-55fb-22f9-3c9693edc4dc" executionId="51a19d6b-2210-4084-9780-f7e53a42df25" testListId="8c84fa94-04c1-424b-9868-57a2d4851a1d" />
    <TestEntry testId="6b01c8ee-f8c8-9b00-4563-969be21624e3" executionId="970992ab-cac7-444a-b926-c26700358788" testListId="8c84fa94-04c1-424b-9868-57a2d4851a1d" />
    <TestEntry testId="dc879427-e851-516f-fdc8-c23e7dede893" executionId="bb1b24c5-33b8-41fe-b86a-48384a5b4c21" testListId="8c84fa94-04c1-424b-9868-57a2d4851a1d" />
    <TestEntry testId="e48ed15a-a23b-0847-f22a-85c1a50782ec" executionId="70da0625-981c-4ce4-9c05-b61e13e19501" testListId="8c84fa94-04c1-424b-9868-57a2d4851a1d" />
    <TestEntry testId="4aa2eefd-0193-44fd-8e89-ccd8403e2a24" executionId="4304ef2c-ef8b-4cea-a8b8-59676ecd5a36" testListId="8c84fa94-04c1-424b-9868-57a2d4851a1d" />
    <TestEntry testId="f3bc9ef1-d1a0-6d34-8dae-87d7b1ebb8dc" executionId="bc85d3fa-2eb3-45a6-b746-8e0fda74690b" testListId="8c84fa94-04c1-424b-9868-57a2d4851a1d" />
    <TestEntry testId="927daf48-d66b-e1cc-1099-90e308487cd0" executionId="e5fdc29a-f313-406e-afe1-2e3ded014f33" testListId="8c84fa94-04c1-424b-9868-57a2d4851a1d" />
    <TestEntry testId="ce294eba-709c-2d5c-fb48-7b60c2342253" executionId="16354cba-7415-4de9-a9d1-15d0a1a1c344" testListId="8c84fa94-04c1-424b-9868-57a2d4851a1d" />
    <TestEntry testId="bd6b4a0a-acca-d797-e66a-505d4f72dcf6" executionId="fd5c860d-9419-43cc-a334-865e103d0100" testListId="8c84fa94-04c1-424b-9868-57a2d4851a1d" />
    <TestEntry testId="5b47f5d4-a517-b8a1-3ffb-007a635a5eba" executionId="6c6fc69b-d2bc-4187-8996-7ac6d04d3d46" testListId="8c84fa94-04c1-424b-9868-57a2d4851a1d" />
    <TestEntry testId="ca3d60ec-9c62-c85d-440c-0995c35e46ac" executionId="24f19226-e5c5-47d3-b13c-b7a0a1d11f0d" testListId="8c84fa94-04c1-424b-9868-57a2d4851a1d" />
    <TestEntry testId="be72cc63-26ac-3941-0645-f540e29c8cb8" executionId="8d2ce621-25a8-4967-aae6-584fe27a2694" testListId="8c84fa94-04c1-424b-9868-57a2d4851a1d" />
    <TestEntry testId="2cf2f6b7-0b54-4e49-a590-295431ca1255" executionId="14ebd8fd-4e3c-40c7-a22a-6b94ad070596" testListId="8c84fa94-04c1-424b-9868-57a2d4851a1d" />
    <TestEntry testId="d058ea13-ad61-54f5-ba02-a4e36892193b" executionId="3db93811-d4a3-4a15-8f93-b65bc6d9f449" testListId="8c84fa94-04c1-424b-9868-57a2d4851a1d" />
    <TestEntry testId="2ee99ca7-b720-9efb-a488-31accea6975a" executionId="1fbd5e20-b863-4881-9030-bcc9feaa3e2f" testListId="8c84fa94-04c1-424b-9868-57a2d4851a1d" />
    <TestEntry testId="9f8b5fa7-18cc-831f-4c84-e671247b6be6" executionId="bf9d86d3-c015-4cb0-bcba-14d96d575191" testListId="8c84fa94-04c1-424b-9868-57a2d4851a1d" />
    <TestEntry testId="d851af94-3faf-5814-04f7-6e88e25eb5ea" executionId="6f45c4f9-5919-4818-860e-c055b05b0320" testListId="8c84fa94-04c1-424b-9868-57a2d4851a1d" />
    <TestEntry testId="1f94cf2e-0ce9-bab7-8f60-6dfb1873ac3e" executionId="f6a18cdf-426e-4132-a063-b105fc089f73" testListId="8c84fa94-04c1-424b-9868-57a2d4851a1d" />
    <TestEntry testId="d9763848-8ef4-3464-0fa0-dee34d1a136a" executionId="a3d154e8-e3a3-4d83-8a2d-f002c9f3f637" testListId="8c84fa94-04c1-424b-9868-57a2d4851a1d" />
    <TestEntry testId="fad0ae15-064f-51c8-2f77-63196ae9a1ab" executionId="d9b74d95-0ece-42e9-bea5-3822a639f002" testListId="8c84fa94-04c1-424b-9868-57a2d4851a1d" />
    <TestEntry testId="538e8fc7-6970-b7e6-8c8f-28933f05c42b" executionId="56349305-7155-4ca6-82a4-3908f56202d5" testListId="8c84fa94-04c1-424b-9868-57a2d4851a1d" />
    <TestEntry testId="d2b523f8-e6e7-4dbe-32af-6dee25554405" executionId="d5ec2ec5-20d8-45ba-aa5d-d1cbe2e5c024" testListId="8c84fa94-04c1-424b-9868-57a2d4851a1d" />
    <TestEntry testId="f2fe8800-76e7-4e50-83d6-282546ae0e14" executionId="4c261168-c393-4904-92b1-cecda77eb826" testListId="8c84fa94-04c1-424b-9868-57a2d4851a1d" />
    <TestEntry testId="f077363b-1d52-5c66-64c6-cd0c59950718" executionId="44f53b05-26e4-4270-b518-83ad2d23f6e7" testListId="8c84fa94-04c1-424b-9868-57a2d4851a1d" />
    <TestEntry testId="f0a29604-c091-bf4c-5772-dbc4ddd053e0" executionId="fd1c638b-4d44-4211-bc82-a851925ba761" testListId="8c84fa94-04c1-424b-9868-57a2d4851a1d" />
    <TestEntry testId="244e02f0-bd81-c4f3-c7c5-a2958a7fc10f" executionId="0edca900-e33f-40ed-a2f6-0dcf8493027b" testListId="8c84fa94-04c1-424b-9868-57a2d4851a1d" />
    <TestEntry testId="07b0c263-f041-87d6-6367-946ec1abf654" executionId="cd369e6b-72e7-4bef-acaf-df7361605b66" testListId="8c84fa94-04c1-424b-9868-57a2d4851a1d" />
    <TestEntry testId="c64ba3bc-2cc9-261c-d381-25ac2463f987" executionId="0a211969-7d0c-44c3-a23a-ea5dda1b461a" testListId="8c84fa94-04c1-424b-9868-57a2d4851a1d" />
    <TestEntry testId="d73ff2c7-1ac2-308c-f2fc-c71cb454d640" executionId="f94a1ef7-9285-4957-95ca-4e97e9b4e1da" testListId="8c84fa94-04c1-424b-9868-57a2d4851a1d" />
    <TestEntry testId="df2295c7-dc63-0aa5-a7c9-ed7f6bc7700a" executionId="1df1b175-dee5-4e2c-bf5a-c4cbdf39b81a" testListId="8c84fa94-04c1-424b-9868-57a2d4851a1d" />
    <TestEntry testId="4dbba5e6-b3cd-10b3-c749-a5ed0356e036" executionId="134bf730-4f64-4e23-8d74-b3ed0ecaac67" testListId="8c84fa94-04c1-424b-9868-57a2d4851a1d" />
    <TestEntry testId="f02fa42f-dfd6-d2e7-3571-05f5307ed69f" executionId="fb175171-8032-437a-aad4-44e6149a92eb" testListId="8c84fa94-04c1-424b-9868-57a2d4851a1d" />
    <TestEntry testId="8a915b7d-0881-c25a-524c-7fba7b47681f" executionId="170bcc56-7535-4f65-b7d1-2673b7de93a3" testListId="8c84fa94-04c1-424b-9868-57a2d4851a1d" />
    <TestEntry testId="34903c5b-d819-c9ab-d0df-fd00c55b7a54" executionId="0a303041-9dc5-40b8-9a2f-b412f68459e0" testListId="8c84fa94-04c1-424b-9868-57a2d4851a1d" />
    <TestEntry testId="af59b52f-afdb-5312-13a2-b7a9d7565027" executionId="6145e58b-9899-4404-b7e4-07127b72d839" testListId="8c84fa94-04c1-424b-9868-57a2d4851a1d" />
    <TestEntry testId="3a2ef0be-711b-1a72-66ed-da7f6c0bd807" executionId="13a85594-079c-4b62-8104-8b346eb52307" testListId="8c84fa94-04c1-424b-9868-57a2d4851a1d" />
    <TestEntry testId="a56cb506-7843-cb65-b406-ded844e14823" executionId="29ebd640-0c2f-4da5-b289-baa7f8c022ee" testListId="8c84fa94-04c1-424b-9868-57a2d4851a1d" />
    <TestEntry testId="6e30e997-f236-fe6e-d5c3-5e4c0fd2aaf9" executionId="fce789d6-8111-4693-9453-e35c40292429" testListId="8c84fa94-04c1-424b-9868-57a2d4851a1d" />
    <TestEntry testId="ad94827b-6518-72ff-dfbf-0a123690d642" executionId="080d68d6-4982-4352-ab5b-4069e32d55fa" testListId="8c84fa94-04c1-424b-9868-57a2d4851a1d" />
    <TestEntry testId="419a2409-5d36-31d5-a72a-6a751429b180" executionId="4f780630-8dd7-4f57-aec8-f8927464505d" testListId="8c84fa94-04c1-424b-9868-57a2d4851a1d" />
    <TestEntry testId="dbf50882-d004-b985-f6ba-0749dd8b5ecb" executionId="53bbdd6f-4dbb-4773-b0d2-7eddcdfbf6e2" testListId="8c84fa94-04c1-424b-9868-57a2d4851a1d" />
    <TestEntry testId="c296f1be-bb67-1090-446a-af4de5248cc0" executionId="15514e51-1a51-447f-8503-00a6d02dc583" testListId="8c84fa94-04c1-424b-9868-57a2d4851a1d" />
    <TestEntry testId="1d8ee746-25a0-0edb-b129-eafa5fd72fc6" executionId="23d9b6ee-1d49-4217-91a0-fc153806b975" testListId="8c84fa94-04c1-424b-9868-57a2d4851a1d" />
    <TestEntry testId="01eef046-40cf-7e59-5739-c406223410c2" executionId="0bc67044-3471-486b-873d-1c75b046343f" testListId="8c84fa94-04c1-424b-9868-57a2d4851a1d" />
    <TestEntry testId="4b27c8ff-4ca7-6d57-acdb-875a08d7c7c9" executionId="9a3c6f6f-5281-4220-84a8-3e6170d90d58" testListId="8c84fa94-04c1-424b-9868-57a2d4851a1d" />
    <TestEntry testId="90a9ae43-47fc-1b61-0c66-19d3cd408b1a" executionId="a851f05a-796b-424f-95e8-84b01e160613" testListId="8c84fa94-04c1-424b-9868-57a2d4851a1d" />
    <TestEntry testId="130bd8eb-cd05-df9a-db2a-94f1df1daf5d" executionId="00364f1b-8f66-42dd-b851-cfc2f93ab881" testListId="8c84fa94-04c1-424b-9868-57a2d4851a1d" />
    <TestEntry testId="03f3a1b1-45d3-16aa-551e-1c679a2d3ae6" executionId="9bdf8c72-e1fe-443f-85d4-4978ce92b9d8" testListId="8c84fa94-04c1-424b-9868-57a2d4851a1d" />
    <TestEntry testId="8ddc6a6a-a567-134b-08da-3f74e1e51f30" executionId="25515cda-2b84-468c-81d3-07abc05966d2" testListId="8c84fa94-04c1-424b-9868-57a2d4851a1d" />
    <TestEntry testId="f731eb7f-a0d4-dd44-ffa1-c60ddbe0746c" executionId="cf5da197-c885-4d9f-80d0-4fc6a0575be1" testListId="8c84fa94-04c1-424b-9868-57a2d4851a1d" />
    <TestEntry testId="8dc41d12-10dc-92d1-1e75-44a5165859a5" executionId="ef666891-0225-4cbb-9d21-c97e7bfa4536" testListId="8c84fa94-04c1-424b-9868-57a2d4851a1d" />
    <TestEntry testId="7b0d9e04-136c-5fd0-f100-9833ade339ae" executionId="2e0ed611-5484-4c34-8678-2cb60bbbfcd9" testListId="8c84fa94-04c1-424b-9868-57a2d4851a1d" />
    <TestEntry testId="5fe8f0ed-6043-df57-217e-a68c7f71d4ef" executionId="a68cd637-5e6d-4782-b4b8-8eb97a897cc3" testListId="8c84fa94-04c1-424b-9868-57a2d4851a1d" />
    <TestEntry testId="459d535e-ac0c-946b-b14e-e5477bda38ac" executionId="ad3b61e7-d899-4960-b1d0-be2f3f2779cc" testListId="8c84fa94-04c1-424b-9868-57a2d4851a1d" />
    <TestEntry testId="b4207361-c85e-b78d-2690-97bc303919e5" executionId="73805aaa-e70e-4bff-811b-d2aa95a45106" testListId="8c84fa94-04c1-424b-9868-57a2d4851a1d" />
    <TestEntry testId="3e4d249b-13be-dc8d-2140-8e0d655a1238" executionId="e9e5538f-3b22-409e-af08-55ed12482ddf" testListId="8c84fa94-04c1-424b-9868-57a2d4851a1d" />
    <TestEntry testId="7254c5d4-ae18-e11e-1ee3-fdef8b74441a" executionId="a1b8060b-634a-4ad7-98e1-dbb2af065fac" testListId="8c84fa94-04c1-424b-9868-57a2d4851a1d" />
    <TestEntry testId="b2625394-5bb7-4674-28e6-8c628e013810" executionId="3cb70b72-46aa-4587-a0e8-d9aa6972e166" testListId="8c84fa94-04c1-424b-9868-57a2d4851a1d" />
    <TestEntry testId="d00983e3-967b-e4c9-d219-be67ffdadc6f" executionId="3e2f7ff1-2a5f-4aeb-bb7a-483cec4b23a6" testListId="8c84fa94-04c1-424b-9868-57a2d4851a1d" />
    <TestEntry testId="661f9ca8-c4b2-42bd-d8db-425e3e3d028e" executionId="8eb4cef4-def8-4302-8e49-1c6eb6154130" testListId="8c84fa94-04c1-424b-9868-57a2d4851a1d" />
  </TestEntries>
  <TestLists>
    <TestList name="Results Not in a List" id="8c84fa94-04c1-424b-9868-57a2d4851a1d" />
    <TestList name="All Loaded Results" id="19431567-8539-422a-85d7-44ee4e166bda" />
  </TestLists>
  <ResultSummary outcome="Completed">
    <Counters total="171" executed="171" passed="171" failed="0" error="0" timeout="0" aborted="0" inconclusive="0" passedButRunAborted="0" notRunnable="0" notExecuted="0" disconnected="0" warning="0" completed="0" inProgress="0" pending="0" />
  </ResultSummary>
</TestRun>