<?xml version="1.0" encoding="UTF-8"?>
<TestRun id="07856516-e358-45da-a5f1-dcc421f8878a" name="tfsmladm@TFSBUILD11 2015-09-28 09:43:41" runUser="REDMOND\tfsmladm" xmlns="http://microsoft.com/schemas/VisualStudio/TeamTest/2010">
  <Times creation="2015-09-28T09:43:41.1724702-07:00" queuing="2015-09-28T09:43:41.1724702-07:00" start="2015-09-28T09:43:41.2349752-07:00" finish="2015-09-28T09:43:41.6568799-07:00" />
  <TestSettings name="default" id="8ad73090-33eb-4ea9-912e-34793585bdb9">
    <Execution>
      <TestTypeSpecific />
    </Execution>
    <Deployment runDeploymentRoot="tfsmladm_TFSBUILD11 2015-09-28 09_43_41" />
    <Properties />
  </TestSettings>
  <Results>
    <UnitTestResult executionId="11e6e64b-f5c5-4080-90a1-f8c0a3376d75" testId="fcfa4856-03a4-2a61-b598-62aa5a1e1d69" testName="TestCommonTeamProjectNone" computerName="TFSBUILD11" duration="00:00:00.6494345" startTime="2015-09-28T09:43:40.3130335-07:00" endTime="2015-09-28T09:43:41.0005827-07:00" testType="13cdc9d9-ddb5-4fa4-a97d-d965ccfc6d4b" outcome="Passed" testListId="8c84fa94-04c1-424b-9868-57a2d4851a1d" relativeResultsDirectory="11e6e64b-f5c5-4080-90a1-f8c0a3376d75" />
    <UnitTestResult executionId="35bf65ee-fed6-4d08-a813-8f462e4b592b" testId="ed13e73c-c92a-ea7a-2fa6-ccaece7a3753" testName="TestCommonTeamProjectSimple" computerName="TFSBUILD11" duration="00:00:00.0195981" startTime="2015-09-28T09:43:41.0162096-07:00" endTime="2015-09-28T09:43:41.0318352-07:00" testType="13cdc9d9-ddb5-4fa4-a97d-d965ccfc6d4b" outcome="Passed" testListId="8c84fa94-04c1-424b-9868-57a2d4851a1d" relativeResultsDirectory="35bf65ee-fed6-4d08-a813-8f462e4b592b" />
    <UnitTestResult executionId="768893e2-d128-4aba-a5e0-44cab0f65fd7" testId="86695c6e-f01f-a078-13d1-4f5119e3fa44" testName="TestCommonTeamProjectMultiClause" computerName="TFSBUILD11" duration="00:00:00.0145908" startTime="2015-09-28T09:43:41.0318352-07:00" endTime="2015-09-28T09:43:41.0474613-07:00" testType="13cdc9d9-ddb5-4fa4-a97d-d965ccfc6d4b" outcome="Passed" testListId="8c84fa94-04c1-424b-9868-57a2d4851a1d" relativeResultsDirectory="768893e2-d128-4aba-a5e0-44cab0f65fd7" />
    <UnitTestResult executionId="79cd6aa9-a206-4f13-a221-d2718a45fe06" testId="42e92e83-1320-4cde-f95e-4de14b6d52e4" testName="TestCommonTeamProjectMultiClauseReversed" computerName="TFSBUILD11" duration="00:00:00.0150379" startTime="2015-09-28T09:43:41.0474613-07:00" endTime="2015-09-28T09:43:41.0630871-07:00" testType="13cdc9d9-ddb5-4fa4-a97d-d965ccfc6d4b" outcome="Passed" testListId="8c84fa94-04c1-424b-9868-57a2d4851a1d" relativeResultsDirectory="79cd6aa9-a206-4f13-a221-d2718a45fe06" />
    <UnitTestResult executionId="e42d0d88-2a8f-4c41-84a1-00eab10faae5" testId="dbf99c45-82bd-997a-9937-61206f51afd2" testName="TestCommonTeamProjectOrClause" computerName="TFSBUILD11" duration="00:00:00.0144998" startTime="2015-09-28T09:43:41.0630871-07:00" endTime="2015-09-28T09:43:41.0787132-07:00" testType="13cdc9d9-ddb5-4fa4-a97d-d965ccfc6d4b" outcome="Passed" testListId="8c84fa94-04c1-424b-9868-57a2d4851a1d" relativeResultsDirectory="e42d0d88-2a8f-4c41-84a1-00eab10faae5" />
    <UnitTestResult executionId="94290338-ed7a-4e48-ba6d-2854f0dfcbbe" testId="6145aec2-e8a3-9c83-a660-f129a9665201" testName="TestCommonTeamProjectNestedOrClause" computerName="TFSBUILD11" duration="00:00:00.0154942" startTime="2015-09-28T09:43:41.0787132-07:00" endTime="2015-09-28T09:43:41.0943396-07:00" testType="13cdc9d9-ddb5-4fa4-a97d-d965ccfc6d4b" outcome="Passed" testListId="8c84fa94-04c1-424b-9868-57a2d4851a1d" relativeResultsDirectory="94290338-ed7a-4e48-ba6d-2854f0dfcbbe" />
    <UnitTestResult executionId="67843331-3f2d-471b-8ec2-2c18394609cb" testId="367b39db-903e-29c4-84fe-9be5fcb6dfab" testName="TestCommonTeamProjectFirstLevelAndClause" computerName="TFSBUILD11" duration="00:00:00.0147706" startTime="2015-09-28T09:43:41.0943396-07:00" endTime="2015-09-28T09:43:41.1099657-07:00" testType="13cdc9d9-ddb5-4fa4-a97d-d965ccfc6d4b" outcome="Passed" testListId="8c84fa94-04c1-424b-9868-57a2d4851a1d" relativeResultsDirectory="67843331-3f2d-471b-8ec2-2c18394609cb" />
    <UnitTestResult executionId="ea159539-d181-49db-8ddd-0214133405b7" testId="c9ef84e4-ca2b-a509-2569-97f3b5a25745" testName="TestCommonTeamProjectFirstLevelOrClause" computerName="TFSBUILD11" duration="00:00:00.0157436" startTime="2015-09-28T09:43:41.1099657-07:00" endTime="2015-09-28T09:43:41.1255916-07:00" testType="13cdc9d9-ddb5-4fa4-a97d-d965ccfc6d4b" outcome="Passed" testListId="8c84fa94-04c1-424b-9868-57a2d4851a1d" relativeResultsDirectory="ea159539-d181-49db-8ddd-0214133405b7" />
    <UnitTestResult executionId="ed073e45-b694-4c52-9692-af1775a58c0e" testId="9c3bf0b5-0a50-ecb8-a9f0-e3b8599560a5" testName="TestCommonTeamProjectMultiNesting" computerName="TFSBUILD11" duration="00:00:00.0150743" startTime="2015-09-28T09:43:41.1255916-07:00" endTime="2015-09-28T09:43:41.1412180-07:00" testType="13cdc9d9-ddb5-4fa4-a97d-d965ccfc6d4b" outcome="Passed" testListId="8c84fa94-04c1-424b-9868-57a2d4851a1d" relativeResultsDirectory="ed073e45-b694-4c52-9692-af1775a58c0e" />
    <UnitTestResult executionId="23739f9f-4969-443a-be3c-e0afd1632308" testId="08858ad3-d705-b61b-2f7e-1915aa87193c" testName="TestCommonTeamProjectMultiNestingReversed" computerName="TFSBUILD11" duration="00:00:00.0181398" startTime="2015-09-28T09:43:41.1412180-07:00" endTime="2015-09-28T09:43:41.1568441-07:00" testType="13cdc9d9-ddb5-4fa4-a97d-d965ccfc6d4b" outcome="Passed" testListId="8c84fa94-04c1-424b-9868-57a2d4851a1d" relativeResultsDirectory="23739f9f-4969-443a-be3c-e0afd1632308" />
    <UnitTestResult executionId="9e299426-61f6-4ca9-bec4-46867d51dfd6" testId="f626c791-071b-9ba8-434e-4a8f976dc9c0" testName="TestCommonTeamProjectMultiNestingOr" computerName="TFSBUILD11" duration="00:00:00.0252230" startTime="2015-09-28T09:43:41.1568441-07:00" endTime="2015-09-28T09:43:41.1880971-07:00" testType="13cdc9d9-ddb5-4fa4-a97d-d965ccfc6d4b" outcome="Passed" testListId="8c84fa94-04c1-424b-9868-57a2d4851a1d" relativeResultsDirectory="9e299426-61f6-4ca9-bec4-46867d51dfd6" />
    <UnitTestResult executionId="9d98632e-7a6c-4408-ade8-c42b774f359c" testId="42a83f47-25cc-beeb-b138-93085cebd36d" testName="TestCommonTeamProjectMultiNestingOrMultiGroups" computerName="TFSBUILD11" duration="00:00:00.0181796" startTime="2015-09-28T09:43:41.1880971-07:00" endTime="2015-09-28T09:43:41.2037227-07:00" testType="13cdc9d9-ddb5-4fa4-a97d-d965ccfc6d4b" outcome="Passed" testListId="8c84fa94-04c1-424b-9868-57a2d4851a1d" relativeResultsDirectory="9d98632e-7a6c-4408-ade8-c42b774f359c" />
    <UnitTestResult executionId="40ef3b9e-078d-4df2-a35a-7dd31f7729a9" testId="4a235171-29a8-20c6-5d79-4983ca93fcd1" testName="TestCommonTeamProjectMultiNestingOrMultiGroups2" computerName="TFSBUILD11" duration="00:00:00.0175894" startTime="2015-09-28T09:43:41.2037227-07:00" endTime="2015-09-28T09:43:41.2193485-07:00" testType="13cdc9d9-ddb5-4fa4-a97d-d965ccfc6d4b" outcome="Passed" testListId="8c84fa94-04c1-424b-9868-57a2d4851a1d" relativeResultsDirectory="40ef3b9e-078d-4df2-a35a-7dd31f7729a9" />
    <UnitTestResult executionId="9c3292dd-14b8-46f9-9e21-67297f212961" testId="663e572d-0bbc-ec0f-980f-4d74aa8c9782" testName="TestCommonTeamProjectMultiNestingOrReversed" computerName="TFSBUILD11" duration="00:00:00.0169258" startTime="2015-09-28T09:43:41.2193485-07:00" endTime="2015-09-28T09:43:41.2506033-07:00" testType="13cdc9d9-ddb5-4fa4-a97d-d965ccfc6d4b" outcome="Passed" testListId="8c84fa94-04c1-424b-9868-57a2d4851a1d" relativeResultsDirectory="9c3292dd-14b8-46f9-9e21-67297f212961" />
    <UnitTestResult executionId="aacabcf5-554c-4cd0-905c-3663bf1195ee" testId="7bb17259-f459-9489-f39a-745b181a3b93" testName="TestCommonTeamProjectTreeNoCommonProject" computerName="TFSBUILD11" duration="00:00:00.0239513" startTime="2015-09-28T09:43:41.2506033-07:00" endTime="2015-09-28T09:43:41.2662268-07:00" testType="13cdc9d9-ddb5-4fa4-a97d-d965ccfc6d4b" outcome="Passed" testListId="8c84fa94-04c1-424b-9868-57a2d4851a1d" relativeResultsDirectory="aacabcf5-554c-4cd0-905c-3663bf1195ee" />
    <UnitTestResult executionId="ae8a2a3d-75ee-42c3-979b-37d8f851cb8b" testId="c2a2a8fa-2a4a-c81e-ec12-f9680fe498a0" testName="TestCommonTeamProjectTreeTwoDifferentProjects" computerName="TFSBUILD11" duration="00:00:00.0156168" startTime="2015-09-28T09:43:41.2662268-07:00" endTime="2015-09-28T09:43:41.2818530-07:00" testType="13cdc9d9-ddb5-4fa4-a97d-d965ccfc6d4b" outcome="Passed" testListId="8c84fa94-04c1-424b-9868-57a2d4851a1d" relativeResultsDirectory="ae8a2a3d-75ee-42c3-979b-37d8f851cb8b" />
    <UnitTestResult executionId="20d3463a-b661-4cb4-bc5c-84460084a116" testId="36e98f96-82d7-043b-df78-e6173481140c" testName="TestCommonTeamProjectTreeOneAtProjectOneDefaultProject" computerName="TFSBUILD11" duration="00:00:00.0146534" startTime="2015-09-28T09:43:41.2818530-07:00" endTime="2015-09-28T09:43:41.2974788-07:00" testType="13cdc9d9-ddb5-4fa4-a97d-d965ccfc6d4b" outcome="Passed" testListId="8c84fa94-04c1-424b-9868-57a2d4851a1d" relativeResultsDirectory="20d3463a-b661-4cb4-bc5c-84460084a116" />
    <UnitTestResult executionId="95fa44d0-d478-49d2-be75-78c01c7b3e1d" testId="b8c7d28e-7b9e-67de-c0e5-37d14fd85f77" testName="TestCommonTeamProjectTreeOneAtProjectOneDefaultProjectReversed" computerName="TFSBUILD11" duration="00:00:00.0161384" startTime="2015-09-28T09:43:41.2974788-07:00" endTime="2015-09-28T09:43:41.3287310-07:00" testType="13cdc9d9-ddb5-4fa4-a97d-d965ccfc6d4b" outcome="Passed" testListId="8c84fa94-04c1-424b-9868-57a2d4851a1d" relativeResultsDirectory="95fa44d0-d478-49d2-be75-78c01c7b3e1d" />
    <UnitTestResult executionId="f99bc55b-6b96-4b94-aa2b-817114a9d71b" testId="caf666bd-b446-7b5f-2977-c0ebfe74da68" testName="TestCommonTeamProjectTreeWithCommonTeamProject" computerName="TFSBUILD11" duration="00:00:00.0162622" startTime="2015-09-28T09:43:41.3287310-07:00" endTime="2015-09-28T09:43:41.3443568-07:00" testType="13cdc9d9-ddb5-4fa4-a97d-d965ccfc6d4b" outcome="Passed" testListId="8c84fa94-04c1-424b-9868-57a2d4851a1d" relativeResultsDirectory="f99bc55b-6b96-4b94-aa2b-817114a9d71b" />
    <UnitTestResult executionId="4847d840-aa7b-48f3-a025-b5166414e50d" testId="dfc54c3e-7b8a-e7d2-b591-dd9612debdb5" testName="TestCommonTeamProjectOneHopNoCommonProject" computerName="TFSBUILD11" duration="00:00:00.0151392" startTime="2015-09-28T09:43:41.3443568-07:00" endTime="2015-09-28T09:43:41.3599838-07:00" testType="13cdc9d9-ddb5-4fa4-a97d-d965ccfc6d4b" outcome="Passed" testListId="8c84fa94-04c1-424b-9868-57a2d4851a1d" relativeResultsDirectory="4847d840-aa7b-48f3-a025-b5166414e50d" />
    <UnitTestResult executionId="5ee4308f-4186-4e59-9089-977a0effa480" testId="17764b72-f14a-acb1-5e06-701ae8547546" testName="TestCommonTeamProjectOneHopTwoDifferentProjects" computerName="TFSBUILD11" duration="00:00:00.0149660" startTime="2015-09-28T09:43:41.3599838-07:00" endTime="2015-09-28T09:43:41.3756096-07:00" testType="13cdc9d9-ddb5-4fa4-a97d-d965ccfc6d4b" outcome="Passed" testListId="8c84fa94-04c1-424b-9868-57a2d4851a1d" relativeResultsDirectory="5ee4308f-4186-4e59-9089-977a0effa480" />
    <UnitTestResult executionId="e964d28e-8d04-4921-9760-be703c45ee15" testId="10926a6c-affd-82d7-8b55-7375e26e991a" testName="TestCommonTeamProjectOneHopOneAtProjectOneDefaultProject" computerName="TFSBUILD11" duration="00:00:00.0147674" startTime="2015-09-28T09:43:41.3756096-07:00" endTime="2015-09-28T09:43:41.3756096-07:00" testType="13cdc9d9-ddb5-4fa4-a97d-d965ccfc6d4b" outcome="Passed" testListId="8c84fa94-04c1-424b-9868-57a2d4851a1d" relativeResultsDirectory="e964d28e-8d04-4921-9760-be703c45ee15" />
    <UnitTestResult executionId="217f4f15-c4f3-48bf-b825-fe4686742a2e" testId="603b58d0-2025-95f0-1d10-90debb8ab0cf" testName="TestCommonTeamProjectOneHopOneAtProjectOneDefaultProjectReversed" computerName="TFSBUILD11" duration="00:00:00.0147967" startTime="2015-09-28T09:43:41.3756096-07:00" endTime="2015-09-28T09:43:41.3912360-07:00" testType="13cdc9d9-ddb5-4fa4-a97d-d965ccfc6d4b" outcome="Passed" testListId="8c84fa94-04c1-424b-9868-57a2d4851a1d" relativeResultsDirectory="217f4f15-c4f3-48bf-b825-fe4686742a2e" />
    <UnitTestResult executionId="00b494b3-11c5-45de-9371-50df9e406941" testId="3f4c946a-28d2-dfed-148b-d9e1058d58f9" testName="TestCommonTeamProjectOneHopWithCommonTeamProject" computerName="TFSBUILD11" duration="00:00:00.0188873" startTime="2015-09-28T09:43:41.3912360-07:00" endTime="2015-09-28T09:43:41.4224888-07:00" testType="13cdc9d9-ddb5-4fa4-a97d-d965ccfc6d4b" outcome="Passed" testListId="8c84fa94-04c1-424b-9868-57a2d4851a1d" relativeResultsDirectory="00b494b3-11c5-45de-9371-50df9e406941" />
    <UnitTestResult executionId="b71f1ba9-1a51-4cb8-b764-5cb6c1099fce" testId="fb11b296-d90d-444d-6462-4e4da8704cad" testName="TestStripTopLevelTeamProjectClauseMismatchedProject" computerName="TFSBUILD11" duration="00:00:00.0161225" startTime="2015-09-28T09:43:41.4224888-07:00" endTime="2015-09-28T09:43:41.4381138-07:00" testType="13cdc9d9-ddb5-4fa4-a97d-d965ccfc6d4b" outcome="Passed" testListId="8c84fa94-04c1-424b-9868-57a2d4851a1d" relativeResultsDirectory="b71f1ba9-1a51-4cb8-b764-5cb6c1099fce" />
    <UnitTestResult executionId="00b68f19-f1e1-4279-8215-62700bbcb24a" testId="4a4eca93-b7fa-53a1-be1f-bbb9abbec874" testName="TestStripTopLevelTeamProjectClauseMatchedProject" computerName="TFSBUILD11" duration="00:00:00.0144159" startTime="2015-09-28T09:43:41.4381138-07:00" endTime="2015-09-28T09:43:41.4537407-07:00" testType="13cdc9d9-ddb5-4fa4-a97d-d965ccfc6d4b" outcome="Passed" testListId="8c84fa94-04c1-424b-9868-57a2d4851a1d" relativeResultsDirectory="00b68f19-f1e1-4279-8215-62700bbcb24a" />
    <UnitTestResult executionId="3fbc6ed2-5083-479b-8007-fde22932fd84" testId="c4aa074b-009e-bab1-51f6-15c1387d1131" testName="TestStripTopLevelTeamProjectMultiClause" computerName="TFSBUILD11" duration="00:00:00.0146957" startTime="2015-09-28T09:43:41.4537407-07:00" endTime="2015-09-28T09:43:41.4693663-07:00" testType="13cdc9d9-ddb5-4fa4-a97d-d965ccfc6d4b" outcome="Passed" testListId="8c84fa94-04c1-424b-9868-57a2d4851a1d" relativeResultsDirectory="3fbc6ed2-5083-479b-8007-fde22932fd84" />
    <UnitTestResult executionId="90bdb0d0-494a-4127-85d9-c8e6cbb6b7d6" testId="720c5109-6ef6-c21b-b0bf-7038715d4f6f" testName="TestStripTopLevelTeamProjectMultiClauseDifferent" computerName="TFSBUILD11" duration="00:00:00.0157476" startTime="2015-09-28T09:43:41.4693663-07:00" endTime="2015-09-28T09:43:41.4849927-07:00" testType="13cdc9d9-ddb5-4fa4-a97d-d965ccfc6d4b" outcome="Passed" testListId="8c84fa94-04c1-424b-9868-57a2d4851a1d" relativeResultsDirectory="90bdb0d0-494a-4127-85d9-c8e6cbb6b7d6" />
    <UnitTestResult executionId="bd06da8a-e8ea-4f40-8c59-52e0c12455b1" testId="b0bf3253-4c33-c000-85f4-7cfd2115c057" testName="TestStripTopLevelTeamProjectGrouped" computerName="TFSBUILD11" duration="00:00:00.0149395" startTime="2015-09-28T09:43:41.4849927-07:00" endTime="2015-09-28T09:43:41.5006191-07:00" testType="13cdc9d9-ddb5-4fa4-a97d-d965ccfc6d4b" outcome="Passed" testListId="8c84fa94-04c1-424b-9868-57a2d4851a1d" relativeResultsDirectory="bd06da8a-e8ea-4f40-8c59-52e0c12455b1" />
    <UnitTestResult executionId="bf334118-8835-4f28-824b-648dbed5c8e4" testId="da1c5efb-bfff-b728-69d5-32870b6677ec" testName="TestRemoveTopLevelClauseOneClause" computerName="TFSBUILD11" duration="00:00:00.0004724" startTime="2015-09-28T09:43:41.5006191-07:00" endTime="2015-09-28T09:43:41.5006191-07:00" testType="13cdc9d9-ddb5-4fa4-a97d-d965ccfc6d4b" outcome="Passed" testListId="8c84fa94-04c1-424b-9868-57a2d4851a1d" relativeResultsDirectory="bf334118-8835-4f28-824b-648dbed5c8e4" />
    <UnitTestResult executionId="61b6aa8b-a855-4640-a504-4a4334610cbb" testId="442c24ae-ffc3-16c6-bdde-56128215d365" testName="TestRemoveTopLevelClauseTwoClauses" computerName="TFSBUILD11" duration="00:00:00.0009855" startTime="2015-09-28T09:43:41.5006191-07:00" endTime="2015-09-28T09:43:41.5006191-07:00" testType="13cdc9d9-ddb5-4fa4-a97d-d965ccfc6d4b" outcome="Passed" testListId="8c84fa94-04c1-424b-9868-57a2d4851a1d" relativeResultsDirectory="61b6aa8b-a855-4640-a504-4a4334610cbb" />
    <UnitTestResult executionId="b876b791-f0a5-4ce5-adf7-6671a156cc74" testId="fbfb6c75-8e2a-f988-da95-f18aff727366" testName="TestRemoveTopLevelClauseTwoClausesWithGroupRemoveFirst" computerName="TFSBUILD11" duration="00:00:00.0008684" startTime="2015-09-28T09:43:41.5006191-07:00" endTime="2015-09-28T09:43:41.5006191-07:00" testType="13cdc9d9-ddb5-4fa4-a97d-d965ccfc6d4b" outcome="Passed" testListId="8c84fa94-04c1-424b-9868-57a2d4851a1d" relativeResultsDirectory="b876b791-f0a5-4ce5-adf7-6671a156cc74" />
    <UnitTestResult executionId="19f44154-67f5-4c8c-a2b7-a82ec6a5d098" testId="15b92a29-ae47-d4e8-6da9-513137953ba5" testName="TestRemoveTopLevelClauseTwoClausesWithGroupRemoveSecond" computerName="TFSBUILD11" duration="00:00:00.0008149" startTime="2015-09-28T09:43:41.5006191-07:00" endTime="2015-09-28T09:43:41.5006191-07:00" testType="13cdc9d9-ddb5-4fa4-a97d-d965ccfc6d4b" outcome="Passed" testListId="8c84fa94-04c1-424b-9868-57a2d4851a1d" relativeResultsDirectory="19f44154-67f5-4c8c-a2b7-a82ec6a5d098" />
    <UnitTestResult executionId="c9f65666-8008-4f74-adf5-362ceba53e42" testId="f760b7e1-5215-eac1-efed-3cd8b93da20f" testName="TestRemoveTopLevelClauseRemoveFirstUngrouped" computerName="TFSBUILD11" duration="00:00:00.0009190" startTime="2015-09-28T09:43:41.5006191-07:00" endTime="2015-09-28T09:43:41.5006191-07:00" testType="13cdc9d9-ddb5-4fa4-a97d-d965ccfc6d4b" outcome="Passed" testListId="8c84fa94-04c1-424b-9868-57a2d4851a1d" relativeResultsDirectory="c9f65666-8008-4f74-adf5-362ceba53e42" />
    <UnitTestResult executionId="8fbf54b0-2814-4d93-bdc5-93de43f237a6" testId="630841c5-d000-24e7-3038-67799611ff90" testName="TestRemoveTopLevelClauseRemoveLastUngrouped" computerName="TFSBUILD11" duration="00:00:00.0009631" startTime="2015-09-28T09:43:41.5006191-07:00" endTime="2015-09-28T09:43:41.5006191-07:00" testType="13cdc9d9-ddb5-4fa4-a97d-d965ccfc6d4b" outcome="Passed" testListId="8c84fa94-04c1-424b-9868-57a2d4851a1d" relativeResultsDirectory="8fbf54b0-2814-4d93-bdc5-93de43f237a6" />
    <UnitTestResult executionId="9701e69a-fbf7-4e07-86c7-2b4b980a87a1" testId="55ba0db8-aaca-7f11-ed06-ef36a54c85bc" testName="TestIsGroupedNoGroups" computerName="TFSBUILD11" duration="00:00:00.0003066" startTime="2015-09-28T09:43:41.5006191-07:00" endTime="2015-09-28T09:43:41.5006191-07:00" testType="13cdc9d9-ddb5-4fa4-a97d-d965ccfc6d4b" outcome="Passed" testListId="8c84fa94-04c1-424b-9868-57a2d4851a1d" relativeResultsDirectory="9701e69a-fbf7-4e07-86c7-2b4b980a87a1" />
    <UnitTestResult executionId="25c101d8-dc58-4965-bc4d-96f529a75246" testId="9e271a33-48fa-c933-2539-9e967d172699" testName="TestIsGroupedNotInOneGroup" computerName="TFSBUILD11" duration="00:00:00.0002423" startTime="2015-09-28T09:43:41.5006191-07:00" endTime="2015-09-28T09:43:41.5006191-07:00" testType="13cdc9d9-ddb5-4fa4-a97d-d965ccfc6d4b" outcome="Passed" testListId="8c84fa94-04c1-424b-9868-57a2d4851a1d" relativeResultsDirectory="25c101d8-dc58-4965-bc4d-96f529a75246" />
    <UnitTestResult executionId="273ee96c-7cda-4694-809a-5da624901949" testId="1a55a473-7935-a61c-9a67-f075a03136fc" testName="TestIsGroupedInOneGroupStart" computerName="TFSBUILD11" duration="00:00:00.0003319" startTime="2015-09-28T09:43:41.5006191-07:00" endTime="2015-09-28T09:43:41.5006191-07:00" testType="13cdc9d9-ddb5-4fa4-a97d-d965ccfc6d4b" outcome="Passed" testListId="8c84fa94-04c1-424b-9868-57a2d4851a1d" relativeResultsDirectory="273ee96c-7cda-4694-809a-5da624901949" />
    <UnitTestResult executionId="36e93b48-66f5-419c-bd5a-92d361e16716" testId="e52e1312-a6ec-7d75-2535-222652f667a4" testName="TestIsGroupedInOneGroupMiddle" computerName="TFSBUILD11" duration="00:00:00.0002503" startTime="2015-09-28T09:43:41.5006191-07:00" endTime="2015-09-28T09:43:41.5006191-07:00" testType="13cdc9d9-ddb5-4fa4-a97d-d965ccfc6d4b" outcome="Passed" testListId="8c84fa94-04c1-424b-9868-57a2d4851a1d" relativeResultsDirectory="36e93b48-66f5-419c-bd5a-92d361e16716" />
    <UnitTestResult executionId="6db8df78-f269-4df1-af15-51075cb5193b" testId="dd22db22-e7f9-7a46-5d34-26a17d3a9a11" testName="TestIsGroupedInOneGroupEnd" computerName="TFSBUILD11" duration="00:00:00.0002446" startTime="2015-09-28T09:43:41.5006191-07:00" endTime="2015-09-28T09:43:41.5006191-07:00" testType="13cdc9d9-ddb5-4fa4-a97d-d965ccfc6d4b" outcome="Passed" testListId="8c84fa94-04c1-424b-9868-57a2d4851a1d" relativeResultsDirectory="6db8df78-f269-4df1-af15-51075cb5193b" />
    <UnitTestResult executionId="760a4d3f-e338-45b0-8b6f-17c4dc91a828" testId="3bf92c96-c976-839d-8e1c-71693123be4e" testName="TestIsGroupedNotInOneGroupEnd" computerName="TFSBUILD11" duration="00:00:00.0002420" startTime="2015-09-28T09:43:41.5006191-07:00" endTime="2015-09-28T09:43:41.5006191-07:00" testType="13cdc9d9-ddb5-4fa4-a97d-d965ccfc6d4b" outcome="Passed" testListId="8c84fa94-04c1-424b-9868-57a2d4851a1d" relativeResultsDirectory="760a4d3f-e338-45b0-8b6f-17c4dc91a828" />
    <UnitTestResult executionId="53c22259-9941-4914-b5f8-b23aed0d290c" testId="d2f1c0f8-2a87-212f-a991-bf2e391e8601" testName="TestGetCommonTeamProjectNoClauses" computerName="TFSBUILD11" duration="00:00:00.0151511" startTime="2015-09-28T09:43:41.5006191-07:00" endTime="2015-09-28T09:43:41.5162446-07:00" testType="13cdc9d9-ddb5-4fa4-a97d-d965ccfc6d4b" outcome="Passed" testListId="8c84fa94-04c1-424b-9868-57a2d4851a1d" relativeResultsDirectory="53c22259-9941-4914-b5f8-b23aed0d290c" />
    <UnitTestResult executionId="8289e1c1-9afb-40c2-92b9-9b0fd330d715" testId="b14ab990-3907-5f26-5f50-6cccac160fe1" testName="TestGetCommonTeamOneClause" computerName="TFSBUILD11" duration="00:00:00.0184060" startTime="2015-09-28T09:43:41.5162446-07:00" endTime="2015-09-28T09:43:41.5318710-07:00" testType="13cdc9d9-ddb5-4fa4-a97d-d965ccfc6d4b" outcome="Passed" testListId="8c84fa94-04c1-424b-9868-57a2d4851a1d" relativeResultsDirectory="8289e1c1-9afb-40c2-92b9-9b0fd330d715" />
    <UnitTestResult executionId="ce123e14-f4fa-4225-b61a-6a2ed08fb2ff" testId="b6702321-458a-9982-58f0-b7581616cfec" testName="TestGetCommonTeamProjectOneTeamProjectClause" computerName="TFSBUILD11" duration="00:00:00.0145968" startTime="2015-09-28T09:43:41.5318710-07:00" endTime="2015-09-28T09:43:41.5474971-07:00" testType="13cdc9d9-ddb5-4fa4-a97d-d965ccfc6d4b" outcome="Passed" testListId="8c84fa94-04c1-424b-9868-57a2d4851a1d" relativeResultsDirectory="ce123e14-f4fa-4225-b61a-6a2ed08fb2ff" />
    <UnitTestResult executionId="63957e46-2edb-4958-b650-ef76152f2875" testId="80ae0bcf-a294-7916-6727-40fa6a10ecdf" testName="TestGetCommonTeamProjectTwoClauses" computerName="TFSBUILD11" duration="00:00:00.0146838" startTime="2015-09-28T09:43:41.5474971-07:00" endTime="2015-09-28T09:43:41.5631235-07:00" testType="13cdc9d9-ddb5-4fa4-a97d-d965ccfc6d4b" outcome="Passed" testListId="8c84fa94-04c1-424b-9868-57a2d4851a1d" relativeResultsDirectory="63957e46-2edb-4958-b650-ef76152f2875" />
    <UnitTestResult executionId="9f422100-f856-43ff-a2a6-86b0dc7f6187" testId="f372644b-ed67-1e42-4f2f-0fbab0ea4e99" testName="TestGetCommonTeamProjectTwoMatchingTeamProjectClauses" computerName="TFSBUILD11" duration="00:00:00.0146042" startTime="2015-09-28T09:43:41.5631235-07:00" endTime="2015-09-28T09:43:41.5787491-07:00" testType="13cdc9d9-ddb5-4fa4-a97d-d965ccfc6d4b" outcome="Passed" testListId="8c84fa94-04c1-424b-9868-57a2d4851a1d" relativeResultsDirectory="9f422100-f856-43ff-a2a6-86b0dc7f6187" />
    <UnitTestResult executionId="0de642fb-1d13-4a8b-85f0-7d3f53568d5e" testId="d2264e6e-4cc4-129f-cae5-a4c2dbd02534" testName="TestGetCommonTeamProjectTwoMisMatchedTeamProjectClauses" computerName="TFSBUILD11" duration="00:00:00.0153204" startTime="2015-09-28T09:43:41.5787491-07:00" endTime="2015-09-28T09:43:41.5943757-07:00" testType="13cdc9d9-ddb5-4fa4-a97d-d965ccfc6d4b" outcome="Passed" testListId="8c84fa94-04c1-424b-9868-57a2d4851a1d" relativeResultsDirectory="0de642fb-1d13-4a8b-85f0-7d3f53568d5e" />
    <UnitTestResult executionId="89ef8a3c-b151-4423-8d09-ec05eb514c70" testId="20f1a11e-3e1c-8b18-7c7d-89225f080dd4" testName="TestGetCommonTeamProjectTopLevelOr" computerName="TFSBUILD11" duration="00:00:00.0147677" startTime="2015-09-28T09:43:41.5943757-07:00" endTime="2015-09-28T09:43:41.6100019-07:00" testType="13cdc9d9-ddb5-4fa4-a97d-d965ccfc6d4b" outcome="Passed" testListId="8c84fa94-04c1-424b-9868-57a2d4851a1d" relativeResultsDirectory="89ef8a3c-b151-4423-8d09-ec05eb514c70" />
    <UnitTestResult executionId="2f377f03-9369-43a0-bfdd-c824a7e924cf" testId="8b51db31-f0bc-cc8d-5f75-f6a494ff6f15" testName="TestGetCommonTeamProjectOneTeamProjectClauseNotEqualsOperator" computerName="TFSBUILD11" duration="00:00:00.0149042" startTime="2015-09-28T09:43:41.6100019-07:00" endTime="2015-09-28T09:43:41.6256277-07:00" testType="13cdc9d9-ddb5-4fa4-a97d-d965ccfc6d4b" outcome="Passed" testListId="8c84fa94-04c1-424b-9868-57a2d4851a1d" relativeResultsDirectory="2f377f03-9369-43a0-bfdd-c824a7e924cf" />
  </Results>
  <TestDefinitions>
    <UnitTest name="TestCommonTeamProjectNone" storage="d:\v2.0\a1\_work\dbded102\bin\release.anycpu\tfs.service\ms.tf.server.webaccess.wit.l0.tests\ms.tf.server.webaccess.wit.l0.tests.dll" id="fcfa4856-03a4-2a61-b598-62aa5a1e1d69">
      <Execution id="11e6e64b-f5c5-4080-90a1-f8c0a3376d75" />
      <TestMethod codeBase="D:\v2.0\A1\_work\dbded102\bin\Release.AnyCPU\Tfs.Service\MS.TF.Server.WebAccess.WIT.L0.Tests\MS.TF.Server.WebAccess.WIT.L0.Tests.dll" adapterTypeName="Microsoft.VisualStudio.TestTools.TestTypes.Unit.UnitTestAdapter" className="MS.TF.Server.WebAccess.WIT.L0.Tests.QueryEditorModelTests" name="TestCommonTeamProjectNone" />
    </UnitTest>
    <UnitTest name="TestCommonTeamProjectSimple" storage="d:\v2.0\a1\_work\dbded102\bin\release.anycpu\tfs.service\ms.tf.server.webaccess.wit.l0.tests\ms.tf.server.webaccess.wit.l0.tests.dll" id="ed13e73c-c92a-ea7a-2fa6-ccaece7a3753">
      <Execution id="35bf65ee-fed6-4d08-a813-8f462e4b592b" />
      <TestMethod codeBase="D:\v2.0\A1\_work\dbded102\bin\Release.AnyCPU\Tfs.Service\MS.TF.Server.WebAccess.WIT.L0.Tests\MS.TF.Server.WebAccess.WIT.L0.Tests.dll" adapterTypeName="Microsoft.VisualStudio.TestTools.TestTypes.Unit.UnitTestAdapter" className="MS.TF.Server.WebAccess.WIT.L0.Tests.QueryEditorModelTests" name="TestCommonTeamProjectSimple" />
    </UnitTest>
    <UnitTest name="TestCommonTeamProjectMultiClause" storage="d:\v2.0\a1\_work\dbded102\bin\release.anycpu\tfs.service\ms.tf.server.webaccess.wit.l0.tests\ms.tf.server.webaccess.wit.l0.tests.dll" id="86695c6e-f01f-a078-13d1-4f5119e3fa44">
      <Execution id="768893e2-d128-4aba-a5e0-44cab0f65fd7" />
      <TestMethod codeBase="D:\v2.0\A1\_work\dbded102\bin\Release.AnyCPU\Tfs.Service\MS.TF.Server.WebAccess.WIT.L0.Tests\MS.TF.Server.WebAccess.WIT.L0.Tests.dll" adapterTypeName="Microsoft.VisualStudio.TestTools.TestTypes.Unit.UnitTestAdapter" className="MS.TF.Server.WebAccess.WIT.L0.Tests.QueryEditorModelTests" name="TestCommonTeamProjectMultiClause" />
    </UnitTest>
    <UnitTest name="TestCommonTeamProjectMultiClauseReversed" storage="d:\v2.0\a1\_work\dbded102\bin\release.anycpu\tfs.service\ms.tf.server.webaccess.wit.l0.tests\ms.tf.server.webaccess.wit.l0.tests.dll" id="42e92e83-1320-4cde-f95e-4de14b6d52e4">
      <Execution id="79cd6aa9-a206-4f13-a221-d2718a45fe06" />
      <TestMethod codeBase="D:\v2.0\A1\_work\dbded102\bin\Release.AnyCPU\Tfs.Service\MS.TF.Server.WebAccess.WIT.L0.Tests\MS.TF.Server.WebAccess.WIT.L0.Tests.dll" adapterTypeName="Microsoft.VisualStudio.TestTools.TestTypes.Unit.UnitTestAdapter" className="MS.TF.Server.WebAccess.WIT.L0.Tests.QueryEditorModelTests" name="TestCommonTeamProjectMultiClauseReversed" />
    </UnitTest>
    <UnitTest name="TestCommonTeamProjectOrClause" storage="d:\v2.0\a1\_work\dbded102\bin\release.anycpu\tfs.service\ms.tf.server.webaccess.wit.l0.tests\ms.tf.server.webaccess.wit.l0.tests.dll" id="dbf99c45-82bd-997a-9937-61206f51afd2">
      <Execution id="e42d0d88-2a8f-4c41-84a1-00eab10faae5" />
      <TestMethod codeBase="D:\v2.0\A1\_work\dbded102\bin\Release.AnyCPU\Tfs.Service\MS.TF.Server.WebAccess.WIT.L0.Tests\MS.TF.Server.WebAccess.WIT.L0.Tests.dll" adapterTypeName="Microsoft.VisualStudio.TestTools.TestTypes.Unit.UnitTestAdapter" className="MS.TF.Server.WebAccess.WIT.L0.Tests.QueryEditorModelTests" name="TestCommonTeamProjectOrClause" />
    </UnitTest>
    <UnitTest name="TestCommonTeamProjectNestedOrClause" storage="d:\v2.0\a1\_work\dbded102\bin\release.anycpu\tfs.service\ms.tf.server.webaccess.wit.l0.tests\ms.tf.server.webaccess.wit.l0.tests.dll" id="6145aec2-e8a3-9c83-a660-f129a9665201">
      <Execution id="94290338-ed7a-4e48-ba6d-2854f0dfcbbe" />
      <TestMethod codeBase="D:\v2.0\A1\_work\dbded102\bin\Release.AnyCPU\Tfs.Service\MS.TF.Server.WebAccess.WIT.L0.Tests\MS.TF.Server.WebAccess.WIT.L0.Tests.dll" adapterTypeName="Microsoft.VisualStudio.TestTools.TestTypes.Unit.UnitTestAdapter" className="MS.TF.Server.WebAccess.WIT.L0.Tests.QueryEditorModelTests" name="TestCommonTeamProjectNestedOrClause" />
    </UnitTest>
    <UnitTest name="TestCommonTeamProjectFirstLevelAndClause" storage="d:\v2.0\a1\_work\dbded102\bin\release.anycpu\tfs.service\ms.tf.server.webaccess.wit.l0.tests\ms.tf.server.webaccess.wit.l0.tests.dll" id="367b39db-903e-29c4-84fe-9be5fcb6dfab">
      <Execution id="67843331-3f2d-471b-8ec2-2c18394609cb" />
      <TestMethod codeBase="D:\v2.0\A1\_work\dbded102\bin\Release.AnyCPU\Tfs.Service\MS.TF.Server.WebAccess.WIT.L0.Tests\MS.TF.Server.WebAccess.WIT.L0.Tests.dll" adapterTypeName="Microsoft.VisualStudio.TestTools.TestTypes.Unit.UnitTestAdapter" className="MS.TF.Server.WebAccess.WIT.L0.Tests.QueryEditorModelTests" name="TestCommonTeamProjectFirstLevelAndClause" />
    </UnitTest>
    <UnitTest name="TestCommonTeamProjectFirstLevelOrClause" storage="d:\v2.0\a1\_work\dbded102\bin\release.anycpu\tfs.service\ms.tf.server.webaccess.wit.l0.tests\ms.tf.server.webaccess.wit.l0.tests.dll" id="c9ef84e4-ca2b-a509-2569-97f3b5a25745">
      <Execution id="ea159539-d181-49db-8ddd-0214133405b7" />
      <TestMethod codeBase="D:\v2.0\A1\_work\dbded102\bin\Release.AnyCPU\Tfs.Service\MS.TF.Server.WebAccess.WIT.L0.Tests\MS.TF.Server.WebAccess.WIT.L0.Tests.dll" adapterTypeName="Microsoft.VisualStudio.TestTools.TestTypes.Unit.UnitTestAdapter" className="MS.TF.Server.WebAccess.WIT.L0.Tests.QueryEditorModelTests" name="TestCommonTeamProjectFirstLevelOrClause" />
    </UnitTest>
    <UnitTest name="TestCommonTeamProjectMultiNesting" storage="d:\v2.0\a1\_work\dbded102\bin\release.anycpu\tfs.service\ms.tf.server.webaccess.wit.l0.tests\ms.tf.server.webaccess.wit.l0.tests.dll" id="9c3bf0b5-0a50-ecb8-a9f0-e3b8599560a5">
      <Execution id="ed073e45-b694-4c52-9692-af1775a58c0e" />
      <TestMethod codeBase="D:\v2.0\A1\_work\dbded102\bin\Release.AnyCPU\Tfs.Service\MS.TF.Server.WebAccess.WIT.L0.Tests\MS.TF.Server.WebAccess.WIT.L0.Tests.dll" adapterTypeName="Microsoft.VisualStudio.TestTools.TestTypes.Unit.UnitTestAdapter" className="MS.TF.Server.WebAccess.WIT.L0.Tests.QueryEditorModelTests" name="TestCommonTeamProjectMultiNesting" />
    </UnitTest>
    <UnitTest name="TestCommonTeamProjectMultiNestingReversed" storage="d:\v2.0\a1\_work\dbded102\bin\release.anycpu\tfs.service\ms.tf.server.webaccess.wit.l0.tests\ms.tf.server.webaccess.wit.l0.tests.dll" id="08858ad3-d705-b61b-2f7e-1915aa87193c">
      <Execution id="23739f9f-4969-443a-be3c-e0afd1632308" />
      <TestMethod codeBase="D:\v2.0\A1\_work\dbded102\bin\Release.AnyCPU\Tfs.Service\MS.TF.Server.WebAccess.WIT.L0.Tests\MS.TF.Server.WebAccess.WIT.L0.Tests.dll" adapterTypeName="Microsoft.VisualStudio.TestTools.TestTypes.Unit.UnitTestAdapter" className="MS.TF.Server.WebAccess.WIT.L0.Tests.QueryEditorModelTests" name="TestCommonTeamProjectMultiNestingReversed" />
    </UnitTest>
    <UnitTest name="TestCommonTeamProjectMultiNestingOr" storage="d:\v2.0\a1\_work\dbded102\bin\release.anycpu\tfs.service\ms.tf.server.webaccess.wit.l0.tests\ms.tf.server.webaccess.wit.l0.tests.dll" id="f626c791-071b-9ba8-434e-4a8f976dc9c0">
      <Execution id="9e299426-61f6-4ca9-bec4-46867d51dfd6" />
      <TestMethod codeBase="D:\v2.0\A1\_work\dbded102\bin\Release.AnyCPU\Tfs.Service\MS.TF.Server.WebAccess.WIT.L0.Tests\MS.TF.Server.WebAccess.WIT.L0.Tests.dll" adapterTypeName="Microsoft.VisualStudio.TestTools.TestTypes.Unit.UnitTestAdapter" className="MS.TF.Server.WebAccess.WIT.L0.Tests.QueryEditorModelTests" name="TestCommonTeamProjectMultiNestingOr" />
    </UnitTest>
    <UnitTest name="TestCommonTeamProjectMultiNestingOrMultiGroups" storage="d:\v2.0\a1\_work\dbded102\bin\release.anycpu\tfs.service\ms.tf.server.webaccess.wit.l0.tests\ms.tf.server.webaccess.wit.l0.tests.dll" id="42a83f47-25cc-beeb-b138-93085cebd36d">
      <Execution id="9d98632e-7a6c-4408-ade8-c42b774f359c" />
      <TestMethod codeBase="D:\v2.0\A1\_work\dbded102\bin\Release.AnyCPU\Tfs.Service\MS.TF.Server.WebAccess.WIT.L0.Tests\MS.TF.Server.WebAccess.WIT.L0.Tests.dll" adapterTypeName="Microsoft.VisualStudio.TestTools.TestTypes.Unit.UnitTestAdapter" className="MS.TF.Server.WebAccess.WIT.L0.Tests.QueryEditorModelTests" name="TestCommonTeamProjectMultiNestingOrMultiGroups" />
    </UnitTest>
    <UnitTest name="TestCommonTeamProjectMultiNestingOrMultiGroups2" storage="d:\v2.0\a1\_work\dbded102\bin\release.anycpu\tfs.service\ms.tf.server.webaccess.wit.l0.tests\ms.tf.server.webaccess.wit.l0.tests.dll" id="4a235171-29a8-20c6-5d79-4983ca93fcd1">
      <Execution id="40ef3b9e-078d-4df2-a35a-7dd31f7729a9" />
      <TestMethod codeBase="D:\v2.0\A1\_work\dbded102\bin\Release.AnyCPU\Tfs.Service\MS.TF.Server.WebAccess.WIT.L0.Tests\MS.TF.Server.WebAccess.WIT.L0.Tests.dll" adapterTypeName="Microsoft.VisualStudio.TestTools.TestTypes.Unit.UnitTestAdapter" className="MS.TF.Server.WebAccess.WIT.L0.Tests.QueryEditorModelTests" name="TestCommonTeamProjectMultiNestingOrMultiGroups2" />
    </UnitTest>
    <UnitTest name="TestCommonTeamProjectMultiNestingOrReversed" storage="d:\v2.0\a1\_work\dbded102\bin\release.anycpu\tfs.service\ms.tf.server.webaccess.wit.l0.tests\ms.tf.server.webaccess.wit.l0.tests.dll" id="663e572d-0bbc-ec0f-980f-4d74aa8c9782">
      <Execution id="9c3292dd-14b8-46f9-9e21-67297f212961" />
      <TestMethod codeBase="D:\v2.0\A1\_work\dbded102\bin\Release.AnyCPU\Tfs.Service\MS.TF.Server.WebAccess.WIT.L0.Tests\MS.TF.Server.WebAccess.WIT.L0.Tests.dll" adapterTypeName="Microsoft.VisualStudio.TestTools.TestTypes.Unit.UnitTestAdapter" className="MS.TF.Server.WebAccess.WIT.L0.Tests.QueryEditorModelTests" name="TestCommonTeamProjectMultiNestingOrReversed" />
    </UnitTest>
    <UnitTest name="TestCommonTeamProjectTreeNoCommonProject" storage="d:\v2.0\a1\_work\dbded102\bin\release.anycpu\tfs.service\ms.tf.server.webaccess.wit.l0.tests\ms.tf.server.webaccess.wit.l0.tests.dll" id="7bb17259-f459-9489-f39a-745b181a3b93">
      <Execution id="aacabcf5-554c-4cd0-905c-3663bf1195ee" />
      <TestMethod codeBase="D:\v2.0\A1\_work\dbded102\bin\Release.AnyCPU\Tfs.Service\MS.TF.Server.WebAccess.WIT.L0.Tests\MS.TF.Server.WebAccess.WIT.L0.Tests.dll" adapterTypeName="Microsoft.VisualStudio.TestTools.TestTypes.Unit.UnitTestAdapter" className="MS.TF.Server.WebAccess.WIT.L0.Tests.QueryEditorModelTests" name="TestCommonTeamProjectTreeNoCommonProject" />
    </UnitTest>
    <UnitTest name="TestCommonTeamProjectTreeTwoDifferentProjects" storage="d:\v2.0\a1\_work\dbded102\bin\release.anycpu\tfs.service\ms.tf.server.webaccess.wit.l0.tests\ms.tf.server.webaccess.wit.l0.tests.dll" id="c2a2a8fa-2a4a-c81e-ec12-f9680fe498a0">
      <Execution id="ae8a2a3d-75ee-42c3-979b-37d8f851cb8b" />
      <TestMethod codeBase="D:\v2.0\A1\_work\dbded102\bin\Release.AnyCPU\Tfs.Service\MS.TF.Server.WebAccess.WIT.L0.Tests\MS.TF.Server.WebAccess.WIT.L0.Tests.dll" adapterTypeName="Microsoft.VisualStudio.TestTools.TestTypes.Unit.UnitTestAdapter" className="MS.TF.Server.WebAccess.WIT.L0.Tests.QueryEditorModelTests" name="TestCommonTeamProjectTreeTwoDifferentProjects" />
    </UnitTest>
    <UnitTest name="TestCommonTeamProjectTreeOneAtProjectOneDefaultProject" storage="d:\v2.0\a1\_work\dbded102\bin\release.anycpu\tfs.service\ms.tf.server.webaccess.wit.l0.tests\ms.tf.server.webaccess.wit.l0.tests.dll" id="36e98f96-82d7-043b-df78-e6173481140c">
      <Execution id="20d3463a-b661-4cb4-bc5c-84460084a116" />
      <TestMethod codeBase="D:\v2.0\A1\_work\dbded102\bin\Release.AnyCPU\Tfs.Service\MS.TF.Server.WebAccess.WIT.L0.Tests\MS.TF.Server.WebAccess.WIT.L0.Tests.dll" adapterTypeName="Microsoft.VisualStudio.TestTools.TestTypes.Unit.UnitTestAdapter" className="MS.TF.Server.WebAccess.WIT.L0.Tests.QueryEditorModelTests" name="TestCommonTeamProjectTreeOneAtProjectOneDefaultProject" />
    </UnitTest>
    <UnitTest name="TestCommonTeamProjectTreeOneAtProjectOneDefaultProjectReversed" storage="d:\v2.0\a1\_work\dbded102\bin\release.anycpu\tfs.service\ms.tf.server.webaccess.wit.l0.tests\ms.tf.server.webaccess.wit.l0.tests.dll" id="b8c7d28e-7b9e-67de-c0e5-37d14fd85f77">
      <Execution id="95fa44d0-d478-49d2-be75-78c01c7b3e1d" />
      <TestMethod codeBase="D:\v2.0\A1\_work\dbded102\bin\Release.AnyCPU\Tfs.Service\MS.TF.Server.WebAccess.WIT.L0.Tests\MS.TF.Server.WebAccess.WIT.L0.Tests.dll" adapterTypeName="Microsoft.VisualStudio.TestTools.TestTypes.Unit.UnitTestAdapter" className="MS.TF.Server.WebAccess.WIT.L0.Tests.QueryEditorModelTests" name="TestCommonTeamProjectTreeOneAtProjectOneDefaultProjectReversed" />
    </UnitTest>
    <UnitTest name="TestCommonTeamProjectTreeWithCommonTeamProject" storage="d:\v2.0\a1\_work\dbded102\bin\release.anycpu\tfs.service\ms.tf.server.webaccess.wit.l0.tests\ms.tf.server.webaccess.wit.l0.tests.dll" id="caf666bd-b446-7b5f-2977-c0ebfe74da68">
      <Execution id="f99bc55b-6b96-4b94-aa2b-817114a9d71b" />
      <TestMethod codeBase="D:\v2.0\A1\_work\dbded102\bin\Release.AnyCPU\Tfs.Service\MS.TF.Server.WebAccess.WIT.L0.Tests\MS.TF.Server.WebAccess.WIT.L0.Tests.dll" adapterTypeName="Microsoft.VisualStudio.TestTools.TestTypes.Unit.UnitTestAdapter" className="MS.TF.Server.WebAccess.WIT.L0.Tests.QueryEditorModelTests" name="TestCommonTeamProjectTreeWithCommonTeamProject" />
    </UnitTest>
    <UnitTest name="TestCommonTeamProjectOneHopNoCommonProject" storage="d:\v2.0\a1\_work\dbded102\bin\release.anycpu\tfs.service\ms.tf.server.webaccess.wit.l0.tests\ms.tf.server.webaccess.wit.l0.tests.dll" id="dfc54c3e-7b8a-e7d2-b591-dd9612debdb5">
      <Execution id="4847d840-aa7b-48f3-a025-b5166414e50d" />
      <TestMethod codeBase="D:\v2.0\A1\_work\dbded102\bin\Release.AnyCPU\Tfs.Service\MS.TF.Server.WebAccess.WIT.L0.Tests\MS.TF.Server.WebAccess.WIT.L0.Tests.dll" adapterTypeName="Microsoft.VisualStudio.TestTools.TestTypes.Unit.UnitTestAdapter" className="MS.TF.Server.WebAccess.WIT.L0.Tests.QueryEditorModelTests" name="TestCommonTeamProjectOneHopNoCommonProject" />
    </UnitTest>
    <UnitTest name="TestCommonTeamProjectOneHopTwoDifferentProjects" storage="d:\v2.0\a1\_work\dbded102\bin\release.anycpu\tfs.service\ms.tf.server.webaccess.wit.l0.tests\ms.tf.server.webaccess.wit.l0.tests.dll" id="17764b72-f14a-acb1-5e06-701ae8547546">
      <Execution id="5ee4308f-4186-4e59-9089-977a0effa480" />
      <TestMethod codeBase="D:\v2.0\A1\_work\dbded102\bin\Release.AnyCPU\Tfs.Service\MS.TF.Server.WebAccess.WIT.L0.Tests\MS.TF.Server.WebAccess.WIT.L0.Tests.dll" adapterTypeName="Microsoft.VisualStudio.TestTools.TestTypes.Unit.UnitTestAdapter" className="MS.TF.Server.WebAccess.WIT.L0.Tests.QueryEditorModelTests" name="TestCommonTeamProjectOneHopTwoDifferentProjects" />
    </UnitTest>
    <UnitTest name="TestCommonTeamProjectOneHopOneAtProjectOneDefaultProject" storage="d:\v2.0\a1\_work\dbded102\bin\release.anycpu\tfs.service\ms.tf.server.webaccess.wit.l0.tests\ms.tf.server.webaccess.wit.l0.tests.dll" id="10926a6c-affd-82d7-8b55-7375e26e991a">
      <Execution id="e964d28e-8d04-4921-9760-be703c45ee15" />
      <TestMethod codeBase="D:\v2.0\A1\_work\dbded102\bin\Release.AnyCPU\Tfs.Service\MS.TF.Server.WebAccess.WIT.L0.Tests\MS.TF.Server.WebAccess.WIT.L0.Tests.dll" adapterTypeName="Microsoft.VisualStudio.TestTools.TestTypes.Unit.UnitTestAdapter" className="MS.TF.Server.WebAccess.WIT.L0.Tests.QueryEditorModelTests" name="TestCommonTeamProjectOneHopOneAtProjectOneDefaultProject" />
    </UnitTest>
    <UnitTest name="TestCommonTeamProjectOneHopOneAtProjectOneDefaultProjectReversed" storage="d:\v2.0\a1\_work\dbded102\bin\release.anycpu\tfs.service\ms.tf.server.webaccess.wit.l0.tests\ms.tf.server.webaccess.wit.l0.tests.dll" id="603b58d0-2025-95f0-1d10-90debb8ab0cf">
      <Execution id="217f4f15-c4f3-48bf-b825-fe4686742a2e" />
      <TestMethod codeBase="D:\v2.0\A1\_work\dbded102\bin\Release.AnyCPU\Tfs.Service\MS.TF.Server.WebAccess.WIT.L0.Tests\MS.TF.Server.WebAccess.WIT.L0.Tests.dll" adapterTypeName="Microsoft.VisualStudio.TestTools.TestTypes.Unit.UnitTestAdapter" className="MS.TF.Server.WebAccess.WIT.L0.Tests.QueryEditorModelTests" name="TestCommonTeamProjectOneHopOneAtProjectOneDefaultProjectReversed" />
    </UnitTest>
    <UnitTest name="TestCommonTeamProjectOneHopWithCommonTeamProject" storage="d:\v2.0\a1\_work\dbded102\bin\release.anycpu\tfs.service\ms.tf.server.webaccess.wit.l0.tests\ms.tf.server.webaccess.wit.l0.tests.dll" id="3f4c946a-28d2-dfed-148b-d9e1058d58f9">
      <Execution id="00b494b3-11c5-45de-9371-50df9e406941" />
      <TestMethod codeBase="D:\v2.0\A1\_work\dbded102\bin\Release.AnyCPU\Tfs.Service\MS.TF.Server.WebAccess.WIT.L0.Tests\MS.TF.Server.WebAccess.WIT.L0.Tests.dll" adapterTypeName="Microsoft.VisualStudio.TestTools.TestTypes.Unit.UnitTestAdapter" className="MS.TF.Server.WebAccess.WIT.L0.Tests.QueryEditorModelTests" name="TestCommonTeamProjectOneHopWithCommonTeamProject" />
    </UnitTest>
    <UnitTest name="TestStripTopLevelTeamProjectClauseMismatchedProject" storage="d:\v2.0\a1\_work\dbded102\bin\release.anycpu\tfs.service\ms.tf.server.webaccess.wit.l0.tests\ms.tf.server.webaccess.wit.l0.tests.dll" id="fb11b296-d90d-444d-6462-4e4da8704cad">
      <Execution id="b71f1ba9-1a51-4cb8-b764-5cb6c1099fce" />
      <TestMethod codeBase="D:\v2.0\A1\_work\dbded102\bin\Release.AnyCPU\Tfs.Service\MS.TF.Server.WebAccess.WIT.L0.Tests\MS.TF.Server.WebAccess.WIT.L0.Tests.dll" adapterTypeName="Microsoft.VisualStudio.TestTools.TestTypes.Unit.UnitTestAdapter" className="MS.TF.Server.WebAccess.WIT.L0.Tests.QueryFilterModelTests" name="TestStripTopLevelTeamProjectClauseMismatchedProject" />
    </UnitTest>
    <UnitTest name="TestStripTopLevelTeamProjectClauseMatchedProject" storage="d:\v2.0\a1\_work\dbded102\bin\release.anycpu\tfs.service\ms.tf.server.webaccess.wit.l0.tests\ms.tf.server.webaccess.wit.l0.tests.dll" id="4a4eca93-b7fa-53a1-be1f-bbb9abbec874">
      <Execution id="00b68f19-f1e1-4279-8215-62700bbcb24a" />
      <TestMethod codeBase="D:\v2.0\A1\_work\dbded102\bin\Release.AnyCPU\Tfs.Service\MS.TF.Server.WebAccess.WIT.L0.Tests\MS.TF.Server.WebAccess.WIT.L0.Tests.dll" adapterTypeName="Microsoft.VisualStudio.TestTools.TestTypes.Unit.UnitTestAdapter" className="MS.TF.Server.WebAccess.WIT.L0.Tests.QueryFilterModelTests" name="TestStripTopLevelTeamProjectClauseMatchedProject" />
    </UnitTest>
    <UnitTest name="TestStripTopLevelTeamProjectMultiClause" storage="d:\v2.0\a1\_work\dbded102\bin\release.anycpu\tfs.service\ms.tf.server.webaccess.wit.l0.tests\ms.tf.server.webaccess.wit.l0.tests.dll" id="c4aa074b-009e-bab1-51f6-15c1387d1131">
      <Execution id="3fbc6ed2-5083-479b-8007-fde22932fd84" />
      <TestMethod codeBase="D:\v2.0\A1\_work\dbded102\bin\Release.AnyCPU\Tfs.Service\MS.TF.Server.WebAccess.WIT.L0.Tests\MS.TF.Server.WebAccess.WIT.L0.Tests.dll" adapterTypeName="Microsoft.VisualStudio.TestTools.TestTypes.Unit.UnitTestAdapter" className="MS.TF.Server.WebAccess.WIT.L0.Tests.QueryFilterModelTests" name="TestStripTopLevelTeamProjectMultiClause" />
    </UnitTest>
    <UnitTest name="TestStripTopLevelTeamProjectMultiClauseDifferent" storage="d:\v2.0\a1\_work\dbded102\bin\release.anycpu\tfs.service\ms.tf.server.webaccess.wit.l0.tests\ms.tf.server.webaccess.wit.l0.tests.dll" id="720c5109-6ef6-c21b-b0bf-7038715d4f6f">
      <Execution id="90bdb0d0-494a-4127-85d9-c8e6cbb6b7d6" />
      <TestMethod codeBase="D:\v2.0\A1\_work\dbded102\bin\Release.AnyCPU\Tfs.Service\MS.TF.Server.WebAccess.WIT.L0.Tests\MS.TF.Server.WebAccess.WIT.L0.Tests.dll" adapterTypeName="Microsoft.VisualStudio.TestTools.TestTypes.Unit.UnitTestAdapter" className="MS.TF.Server.WebAccess.WIT.L0.Tests.QueryFilterModelTests" name="TestStripTopLevelTeamProjectMultiClauseDifferent" />
    </UnitTest>
    <UnitTest name="TestStripTopLevelTeamProjectGrouped" storage="d:\v2.0\a1\_work\dbded102\bin\release.anycpu\tfs.service\ms.tf.server.webaccess.wit.l0.tests\ms.tf.server.webaccess.wit.l0.tests.dll" id="b0bf3253-4c33-c000-85f4-7cfd2115c057">
      <Execution id="bd06da8a-e8ea-4f40-8c59-52e0c12455b1" />
      <TestMethod codeBase="D:\v2.0\A1\_work\dbded102\bin\Release.AnyCPU\Tfs.Service\MS.TF.Server.WebAccess.WIT.L0.Tests\MS.TF.Server.WebAccess.WIT.L0.Tests.dll" adapterTypeName="Microsoft.VisualStudio.TestTools.TestTypes.Unit.UnitTestAdapter" className="MS.TF.Server.WebAccess.WIT.L0.Tests.QueryFilterModelTests" name="TestStripTopLevelTeamProjectGrouped" />
    </UnitTest>
    <UnitTest name="TestRemoveTopLevelClauseOneClause" storage="d:\v2.0\a1\_work\dbded102\bin\release.anycpu\tfs.service\ms.tf.server.webaccess.wit.l0.tests\ms.tf.server.webaccess.wit.l0.tests.dll" id="da1c5efb-bfff-b728-69d5-32870b6677ec">
      <Execution id="bf334118-8835-4f28-824b-648dbed5c8e4" />
      <TestMethod codeBase="D:\v2.0\A1\_work\dbded102\bin\Release.AnyCPU\Tfs.Service\MS.TF.Server.WebAccess.WIT.L0.Tests\MS.TF.Server.WebAccess.WIT.L0.Tests.dll" adapterTypeName="Microsoft.VisualStudio.TestTools.TestTypes.Unit.UnitTestAdapter" className="MS.TF.Server.WebAccess.WIT.L0.Tests.QueryFilterModelTests" name="TestRemoveTopLevelClauseOneClause" />
    </UnitTest>
    <UnitTest name="TestRemoveTopLevelClauseTwoClauses" storage="d:\v2.0\a1\_work\dbded102\bin\release.anycpu\tfs.service\ms.tf.server.webaccess.wit.l0.tests\ms.tf.server.webaccess.wit.l0.tests.dll" id="442c24ae-ffc3-16c6-bdde-56128215d365">
      <Execution id="61b6aa8b-a855-4640-a504-4a4334610cbb" />
      <TestMethod codeBase="D:\v2.0\A1\_work\dbded102\bin\Release.AnyCPU\Tfs.Service\MS.TF.Server.WebAccess.WIT.L0.Tests\MS.TF.Server.WebAccess.WIT.L0.Tests.dll" adapterTypeName="Microsoft.VisualStudio.TestTools.TestTypes.Unit.UnitTestAdapter" className="MS.TF.Server.WebAccess.WIT.L0.Tests.QueryFilterModelTests" name="TestRemoveTopLevelClauseTwoClauses" />
    </UnitTest>
    <UnitTest name="TestRemoveTopLevelClauseTwoClausesWithGroupRemoveFirst" storage="d:\v2.0\a1\_work\dbded102\bin\release.anycpu\tfs.service\ms.tf.server.webaccess.wit.l0.tests\ms.tf.server.webaccess.wit.l0.tests.dll" id="fbfb6c75-8e2a-f988-da95-f18aff727366">
      <Execution id="b876b791-f0a5-4ce5-adf7-6671a156cc74" />
      <TestMethod codeBase="D:\v2.0\A1\_work\dbded102\bin\Release.AnyCPU\Tfs.Service\MS.TF.Server.WebAccess.WIT.L0.Tests\MS.TF.Server.WebAccess.WIT.L0.Tests.dll" adapterTypeName="Microsoft.VisualStudio.TestTools.TestTypes.Unit.UnitTestAdapter" className="MS.TF.Server.WebAccess.WIT.L0.Tests.QueryFilterModelTests" name="TestRemoveTopLevelClauseTwoClausesWithGroupRemoveFirst" />
    </UnitTest>
    <UnitTest name="TestRemoveTopLevelClauseTwoClausesWithGroupRemoveSecond" storage="d:\v2.0\a1\_work\dbded102\bin\release.anycpu\tfs.service\ms.tf.server.webaccess.wit.l0.tests\ms.tf.server.webaccess.wit.l0.tests.dll" id="15b92a29-ae47-d4e8-6da9-513137953ba5">
      <Execution id="19f44154-67f5-4c8c-a2b7-a82ec6a5d098" />
      <TestMethod codeBase="D:\v2.0\A1\_work\dbded102\bin\Release.AnyCPU\Tfs.Service\MS.TF.Server.WebAccess.WIT.L0.Tests\MS.TF.Server.WebAccess.WIT.L0.Tests.dll" adapterTypeName="Microsoft.VisualStudio.TestTools.TestTypes.Unit.UnitTestAdapter" className="MS.TF.Server.WebAccess.WIT.L0.Tests.QueryFilterModelTests" name="TestRemoveTopLevelClauseTwoClausesWithGroupRemoveSecond" />
    </UnitTest>
    <UnitTest name="TestRemoveTopLevelClauseRemoveFirstUngrouped" storage="d:\v2.0\a1\_work\dbded102\bin\release.anycpu\tfs.service\ms.tf.server.webaccess.wit.l0.tests\ms.tf.server.webaccess.wit.l0.tests.dll" id="f760b7e1-5215-eac1-efed-3cd8b93da20f">
      <Execution id="c9f65666-8008-4f74-adf5-362ceba53e42" />
      <TestMethod codeBase="D:\v2.0\A1\_work\dbded102\bin\Release.AnyCPU\Tfs.Service\MS.TF.Server.WebAccess.WIT.L0.Tests\MS.TF.Server.WebAccess.WIT.L0.Tests.dll" adapterTypeName="Microsoft.VisualStudio.TestTools.TestTypes.Unit.UnitTestAdapter" className="MS.TF.Server.WebAccess.WIT.L0.Tests.QueryFilterModelTests" name="TestRemoveTopLevelClauseRemoveFirstUngrouped" />
    </UnitTest>
    <UnitTest name="TestRemoveTopLevelClauseRemoveLastUngrouped" storage="d:\v2.0\a1\_work\dbded102\bin\release.anycpu\tfs.service\ms.tf.server.webaccess.wit.l0.tests\ms.tf.server.webaccess.wit.l0.tests.dll" id="630841c5-d000-24e7-3038-67799611ff90">
      <Execution id="8fbf54b0-2814-4d93-bdc5-93de43f237a6" />
      <TestMethod codeBase="D:\v2.0\A1\_work\dbded102\bin\Release.AnyCPU\Tfs.Service\MS.TF.Server.WebAccess.WIT.L0.Tests\MS.TF.Server.WebAccess.WIT.L0.Tests.dll" adapterTypeName="Microsoft.VisualStudio.TestTools.TestTypes.Unit.UnitTestAdapter" className="MS.TF.Server.WebAccess.WIT.L0.Tests.QueryFilterModelTests" name="TestRemoveTopLevelClauseRemoveLastUngrouped" />
    </UnitTest>
    <UnitTest name="TestIsGroupedNoGroups" storage="d:\v2.0\a1\_work\dbded102\bin\release.anycpu\tfs.service\ms.tf.server.webaccess.wit.l0.tests\ms.tf.server.webaccess.wit.l0.tests.dll" id="55ba0db8-aaca-7f11-ed06-ef36a54c85bc">
      <Execution id="9701e69a-fbf7-4e07-86c7-2b4b980a87a1" />
      <TestMethod codeBase="D:\v2.0\A1\_work\dbded102\bin\Release.AnyCPU\Tfs.Service\MS.TF.Server.WebAccess.WIT.L0.Tests\MS.TF.Server.WebAccess.WIT.L0.Tests.dll" adapterTypeName="Microsoft.VisualStudio.TestTools.TestTypes.Unit.UnitTestAdapter" className="MS.TF.Server.WebAccess.WIT.L0.Tests.QueryFilterModelTests" name="TestIsGroupedNoGroups" />
    </UnitTest>
    <UnitTest name="TestIsGroupedNotInOneGroup" storage="d:\v2.0\a1\_work\dbded102\bin\release.anycpu\tfs.service\ms.tf.server.webaccess.wit.l0.tests\ms.tf.server.webaccess.wit.l0.tests.dll" id="9e271a33-48fa-c933-2539-9e967d172699">
      <Execution id="25c101d8-dc58-4965-bc4d-96f529a75246" />
      <TestMethod codeBase="D:\v2.0\A1\_work\dbded102\bin\Release.AnyCPU\Tfs.Service\MS.TF.Server.WebAccess.WIT.L0.Tests\MS.TF.Server.WebAccess.WIT.L0.Tests.dll" adapterTypeName="Microsoft.VisualStudio.TestTools.TestTypes.Unit.UnitTestAdapter" className="MS.TF.Server.WebAccess.WIT.L0.Tests.QueryFilterModelTests" name="TestIsGroupedNotInOneGroup" />
    </UnitTest>
    <UnitTest name="TestIsGroupedInOneGroupStart" storage="d:\v2.0\a1\_work\dbded102\bin\release.anycpu\tfs.service\ms.tf.server.webaccess.wit.l0.tests\ms.tf.server.webaccess.wit.l0.tests.dll" id="1a55a473-7935-a61c-9a67-f075a03136fc">
      <Execution id="273ee96c-7cda-4694-809a-5da624901949" />
      <TestMethod codeBase="D:\v2.0\A1\_work\dbded102\bin\Release.AnyCPU\Tfs.Service\MS.TF.Server.WebAccess.WIT.L0.Tests\MS.TF.Server.WebAccess.WIT.L0.Tests.dll" adapterTypeName="Microsoft.VisualStudio.TestTools.TestTypes.Unit.UnitTestAdapter" className="MS.TF.Server.WebAccess.WIT.L0.Tests.QueryFilterModelTests" name="TestIsGroupedInOneGroupStart" />
    </UnitTest>
    <UnitTest name="TestIsGroupedInOneGroupMiddle" storage="d:\v2.0\a1\_work\dbded102\bin\release.anycpu\tfs.service\ms.tf.server.webaccess.wit.l0.tests\ms.tf.server.webaccess.wit.l0.tests.dll" id="e52e1312-a6ec-7d75-2535-222652f667a4">
      <Execution id="36e93b48-66f5-419c-bd5a-92d361e16716" />
      <TestMethod codeBase="D:\v2.0\A1\_work\dbded102\bin\Release.AnyCPU\Tfs.Service\MS.TF.Server.WebAccess.WIT.L0.Tests\MS.TF.Server.WebAccess.WIT.L0.Tests.dll" adapterTypeName="Microsoft.VisualStudio.TestTools.TestTypes.Unit.UnitTestAdapter" className="MS.TF.Server.WebAccess.WIT.L0.Tests.QueryFilterModelTests" name="TestIsGroupedInOneGroupMiddle" />
    </UnitTest>
    <UnitTest name="TestIsGroupedInOneGroupEnd" storage="d:\v2.0\a1\_work\dbded102\bin\release.anycpu\tfs.service\ms.tf.server.webaccess.wit.l0.tests\ms.tf.server.webaccess.wit.l0.tests.dll" id="dd22db22-e7f9-7a46-5d34-26a17d3a9a11">
      <Execution id="6db8df78-f269-4df1-af15-51075cb5193b" />
      <TestMethod codeBase="D:\v2.0\A1\_work\dbded102\bin\Release.AnyCPU\Tfs.Service\MS.TF.Server.WebAccess.WIT.L0.Tests\MS.TF.Server.WebAccess.WIT.L0.Tests.dll" adapterTypeName="Microsoft.VisualStudio.TestTools.TestTypes.Unit.UnitTestAdapter" className="MS.TF.Server.WebAccess.WIT.L0.Tests.QueryFilterModelTests" name="TestIsGroupedInOneGroupEnd" />
    </UnitTest>
    <UnitTest name="TestIsGroupedNotInOneGroupEnd" storage="d:\v2.0\a1\_work\dbded102\bin\release.anycpu\tfs.service\ms.tf.server.webaccess.wit.l0.tests\ms.tf.server.webaccess.wit.l0.tests.dll" id="3bf92c96-c976-839d-8e1c-71693123be4e">
      <Execution id="760a4d3f-e338-45b0-8b6f-17c4dc91a828" />
      <TestMethod codeBase="D:\v2.0\A1\_work\dbded102\bin\Release.AnyCPU\Tfs.Service\MS.TF.Server.WebAccess.WIT.L0.Tests\MS.TF.Server.WebAccess.WIT.L0.Tests.dll" adapterTypeName="Microsoft.VisualStudio.TestTools.TestTypes.Unit.UnitTestAdapter" className="MS.TF.Server.WebAccess.WIT.L0.Tests.QueryFilterModelTests" name="TestIsGroupedNotInOneGroupEnd" />
    </UnitTest>
    <UnitTest name="TestGetCommonTeamProjectNoClauses" storage="d:\v2.0\a1\_work\dbded102\bin\release.anycpu\tfs.service\ms.tf.server.webaccess.wit.l0.tests\ms.tf.server.webaccess.wit.l0.tests.dll" id="d2f1c0f8-2a87-212f-a991-bf2e391e8601">
      <Execution id="53c22259-9941-4914-b5f8-b23aed0d290c" />
      <TestMethod codeBase="D:\v2.0\A1\_work\dbded102\bin\Release.AnyCPU\Tfs.Service\MS.TF.Server.WebAccess.WIT.L0.Tests\MS.TF.Server.WebAccess.WIT.L0.Tests.dll" adapterTypeName="Microsoft.VisualStudio.TestTools.TestTypes.Unit.UnitTestAdapter" className="MS.TF.Server.WebAccess.WIT.L0.Tests.WiqlHelperTests" name="TestGetCommonTeamProjectNoClauses" />
    </UnitTest>
    <UnitTest name="TestGetCommonTeamOneClause" storage="d:\v2.0\a1\_work\dbded102\bin\release.anycpu\tfs.service\ms.tf.server.webaccess.wit.l0.tests\ms.tf.server.webaccess.wit.l0.tests.dll" id="b14ab990-3907-5f26-5f50-6cccac160fe1">
      <Execution id="8289e1c1-9afb-40c2-92b9-9b0fd330d715" />
      <TestMethod codeBase="D:\v2.0\A1\_work\dbded102\bin\Release.AnyCPU\Tfs.Service\MS.TF.Server.WebAccess.WIT.L0.Tests\MS.TF.Server.WebAccess.WIT.L0.Tests.dll" adapterTypeName="Microsoft.VisualStudio.TestTools.TestTypes.Unit.UnitTestAdapter" className="MS.TF.Server.WebAccess.WIT.L0.Tests.WiqlHelperTests" name="TestGetCommonTeamOneClause" />
    </UnitTest>
    <UnitTest name="TestGetCommonTeamProjectOneTeamProjectClause" storage="d:\v2.0\a1\_work\dbded102\bin\release.anycpu\tfs.service\ms.tf.server.webaccess.wit.l0.tests\ms.tf.server.webaccess.wit.l0.tests.dll" id="b6702321-458a-9982-58f0-b7581616cfec">
      <Execution id="ce123e14-f4fa-4225-b61a-6a2ed08fb2ff" />
      <TestMethod codeBase="D:\v2.0\A1\_work\dbded102\bin\Release.AnyCPU\Tfs.Service\MS.TF.Server.WebAccess.WIT.L0.Tests\MS.TF.Server.WebAccess.WIT.L0.Tests.dll" adapterTypeName="Microsoft.VisualStudio.TestTools.TestTypes.Unit.UnitTestAdapter" className="MS.TF.Server.WebAccess.WIT.L0.Tests.WiqlHelperTests" name="TestGetCommonTeamProjectOneTeamProjectClause" />
    </UnitTest>
    <UnitTest name="TestGetCommonTeamProjectTwoClauses" storage="d:\v2.0\a1\_work\dbded102\bin\release.anycpu\tfs.service\ms.tf.server.webaccess.wit.l0.tests\ms.tf.server.webaccess.wit.l0.tests.dll" id="80ae0bcf-a294-7916-6727-40fa6a10ecdf">
      <Execution id="63957e46-2edb-4958-b650-ef76152f2875" />
      <TestMethod codeBase="D:\v2.0\A1\_work\dbded102\bin\Release.AnyCPU\Tfs.Service\MS.TF.Server.WebAccess.WIT.L0.Tests\MS.TF.Server.WebAccess.WIT.L0.Tests.dll" adapterTypeName="Microsoft.VisualStudio.TestTools.TestTypes.Unit.UnitTestAdapter" className="MS.TF.Server.WebAccess.WIT.L0.Tests.WiqlHelperTests" name="TestGetCommonTeamProjectTwoClauses" />
    </UnitTest>
    <UnitTest name="TestGetCommonTeamProjectTwoMatchingTeamProjectClauses" storage="d:\v2.0\a1\_work\dbded102\bin\release.anycpu\tfs.service\ms.tf.server.webaccess.wit.l0.tests\ms.tf.server.webaccess.wit.l0.tests.dll" id="f372644b-ed67-1e42-4f2f-0fbab0ea4e99">
      <Execution id="9f422100-f856-43ff-a2a6-86b0dc7f6187" />
      <TestMethod codeBase="D:\v2.0\A1\_work\dbded102\bin\Release.AnyCPU\Tfs.Service\MS.TF.Server.WebAccess.WIT.L0.Tests\MS.TF.Server.WebAccess.WIT.L0.Tests.dll" adapterTypeName="Microsoft.VisualStudio.TestTools.TestTypes.Unit.UnitTestAdapter" className="MS.TF.Server.WebAccess.WIT.L0.Tests.WiqlHelperTests" name="TestGetCommonTeamProjectTwoMatchingTeamProjectClauses" />
    </UnitTest>
    <UnitTest name="TestGetCommonTeamProjectTwoMisMatchedTeamProjectClauses" storage="d:\v2.0\a1\_work\dbded102\bin\release.anycpu\tfs.service\ms.tf.server.webaccess.wit.l0.tests\ms.tf.server.webaccess.wit.l0.tests.dll" id="d2264e6e-4cc4-129f-cae5-a4c2dbd02534">
      <Execution id="0de642fb-1d13-4a8b-85f0-7d3f53568d5e" />
      <TestMethod codeBase="D:\v2.0\A1\_work\dbded102\bin\Release.AnyCPU\Tfs.Service\MS.TF.Server.WebAccess.WIT.L0.Tests\MS.TF.Server.WebAccess.WIT.L0.Tests.dll" adapterTypeName="Microsoft.VisualStudio.TestTools.TestTypes.Unit.UnitTestAdapter" className="MS.TF.Server.WebAccess.WIT.L0.Tests.WiqlHelperTests" name="TestGetCommonTeamProjectTwoMisMatchedTeamProjectClauses" />
    </UnitTest>
    <UnitTest name="TestGetCommonTeamProjectTopLevelOr" storage="d:\v2.0\a1\_work\dbded102\bin\release.anycpu\tfs.service\ms.tf.server.webaccess.wit.l0.tests\ms.tf.server.webaccess.wit.l0.tests.dll" id="20f1a11e-3e1c-8b18-7c7d-89225f080dd4">
      <Execution id="89ef8a3c-b151-4423-8d09-ec05eb514c70" />
      <TestMethod codeBase="D:\v2.0\A1\_work\dbded102\bin\Release.AnyCPU\Tfs.Service\MS.TF.Server.WebAccess.WIT.L0.Tests\MS.TF.Server.WebAccess.WIT.L0.Tests.dll" adapterTypeName="Microsoft.VisualStudio.TestTools.TestTypes.Unit.UnitTestAdapter" className="MS.TF.Server.WebAccess.WIT.L0.Tests.WiqlHelperTests" name="TestGetCommonTeamProjectTopLevelOr" />
    </UnitTest>
    <UnitTest name="TestGetCommonTeamProjectOneTeamProjectClauseNotEqualsOperator" storage="d:\v2.0\a1\_work\dbded102\bin\release.anycpu\tfs.service\ms.tf.server.webaccess.wit.l0.tests\ms.tf.server.webaccess.wit.l0.tests.dll" id="8b51db31-f0bc-cc8d-5f75-f6a494ff6f15">
      <Execution id="2f377f03-9369-43a0-bfdd-c824a7e924cf" />
      <TestMethod codeBase="D:\v2.0\A1\_work\dbded102\bin\Release.AnyCPU\Tfs.Service\MS.TF.Server.WebAccess.WIT.L0.Tests\MS.TF.Server.WebAccess.WIT.L0.Tests.dll" adapterTypeName="Microsoft.VisualStudio.TestTools.TestTypes.Unit.UnitTestAdapter" className="MS.TF.Server.WebAccess.WIT.L0.Tests.WiqlHelperTests" name="TestGetCommonTeamProjectOneTeamProjectClauseNotEqualsOperator" />
    </UnitTest>
  </TestDefinitions>
  <TestEntries>
    <TestEntry testId="fcfa4856-03a4-2a61-b598-62aa5a1e1d69" executionId="11e6e64b-f5c5-4080-90a1-f8c0a3376d75" testListId="8c84fa94-04c1-424b-9868-57a2d4851a1d" />
    <TestEntry testId="ed13e73c-c92a-ea7a-2fa6-ccaece7a3753" executionId="35bf65ee-fed6-4d08-a813-8f462e4b592b" testListId="8c84fa94-04c1-424b-9868-57a2d4851a1d" />
    <TestEntry testId="86695c6e-f01f-a078-13d1-4f5119e3fa44" executionId="768893e2-d128-4aba-a5e0-44cab0f65fd7" testListId="8c84fa94-04c1-424b-9868-57a2d4851a1d" />
    <TestEntry testId="42e92e83-1320-4cde-f95e-4de14b6d52e4" executionId="79cd6aa9-a206-4f13-a221-d2718a45fe06" testListId="8c84fa94-04c1-424b-9868-57a2d4851a1d" />
    <TestEntry testId="dbf99c45-82bd-997a-9937-61206f51afd2" executionId="e42d0d88-2a8f-4c41-84a1-00eab10faae5" testListId="8c84fa94-04c1-424b-9868-57a2d4851a1d" />
    <TestEntry testId="6145aec2-e8a3-9c83-a660-f129a9665201" executionId="94290338-ed7a-4e48-ba6d-2854f0dfcbbe" testListId="8c84fa94-04c1-424b-9868-57a2d4851a1d" />
    <TestEntry testId="367b39db-903e-29c4-84fe-9be5fcb6dfab" executionId="67843331-3f2d-471b-8ec2-2c18394609cb" testListId="8c84fa94-04c1-424b-9868-57a2d4851a1d" />
    <TestEntry testId="c9ef84e4-ca2b-a509-2569-97f3b5a25745" executionId="ea159539-d181-49db-8ddd-0214133405b7" testListId="8c84fa94-04c1-424b-9868-57a2d4851a1d" />
    <TestEntry testId="9c3bf0b5-0a50-ecb8-a9f0-e3b8599560a5" executionId="ed073e45-b694-4c52-9692-af1775a58c0e" testListId="8c84fa94-04c1-424b-9868-57a2d4851a1d" />
    <TestEntry testId="08858ad3-d705-b61b-2f7e-1915aa87193c" executionId="23739f9f-4969-443a-be3c-e0afd1632308" testListId="8c84fa94-04c1-424b-9868-57a2d4851a1d" />
    <TestEntry testId="f626c791-071b-9ba8-434e-4a8f976dc9c0" executionId="9e299426-61f6-4ca9-bec4-46867d51dfd6" testListId="8c84fa94-04c1-424b-9868-57a2d4851a1d" />
    <TestEntry testId="42a83f47-25cc-beeb-b138-93085cebd36d" executionId="9d98632e-7a6c-4408-ade8-c42b774f359c" testListId="8c84fa94-04c1-424b-9868-57a2d4851a1d" />
    <TestEntry testId="4a235171-29a8-20c6-5d79-4983ca93fcd1" executionId="40ef3b9e-078d-4df2-a35a-7dd31f7729a9" testListId="8c84fa94-04c1-424b-9868-57a2d4851a1d" />
    <TestEntry testId="663e572d-0bbc-ec0f-980f-4d74aa8c9782" executionId="9c3292dd-14b8-46f9-9e21-67297f212961" testListId="8c84fa94-04c1-424b-9868-57a2d4851a1d" />
    <TestEntry testId="7bb17259-f459-9489-f39a-745b181a3b93" executionId="aacabcf5-554c-4cd0-905c-3663bf1195ee" testListId="8c84fa94-04c1-424b-9868-57a2d4851a1d" />
    <TestEntry testId="c2a2a8fa-2a4a-c81e-ec12-f9680fe498a0" executionId="ae8a2a3d-75ee-42c3-979b-37d8f851cb8b" testListId="8c84fa94-04c1-424b-9868-57a2d4851a1d" />
    <TestEntry testId="36e98f96-82d7-043b-df78-e6173481140c" executionId="20d3463a-b661-4cb4-bc5c-84460084a116" testListId="8c84fa94-04c1-424b-9868-57a2d4851a1d" />
    <TestEntry testId="b8c7d28e-7b9e-67de-c0e5-37d14fd85f77" executionId="95fa44d0-d478-49d2-be75-78c01c7b3e1d" testListId="8c84fa94-04c1-424b-9868-57a2d4851a1d" />
    <TestEntry testId="caf666bd-b446-7b5f-2977-c0ebfe74da68" executionId="f99bc55b-6b96-4b94-aa2b-817114a9d71b" testListId="8c84fa94-04c1-424b-9868-57a2d4851a1d" />
    <TestEntry testId="dfc54c3e-7b8a-e7d2-b591-dd9612debdb5" executionId="4847d840-aa7b-48f3-a025-b5166414e50d" testListId="8c84fa94-04c1-424b-9868-57a2d4851a1d" />
    <TestEntry testId="17764b72-f14a-acb1-5e06-701ae8547546" executionId="5ee4308f-4186-4e59-9089-977a0effa480" testListId="8c84fa94-04c1-424b-9868-57a2d4851a1d" />
    <TestEntry testId="10926a6c-affd-82d7-8b55-7375e26e991a" executionId="e964d28e-8d04-4921-9760-be703c45ee15" testListId="8c84fa94-04c1-424b-9868-57a2d4851a1d" />
    <TestEntry testId="603b58d0-2025-95f0-1d10-90debb8ab0cf" executionId="217f4f15-c4f3-48bf-b825-fe4686742a2e" testListId="8c84fa94-04c1-424b-9868-57a2d4851a1d" />
    <TestEntry testId="3f4c946a-28d2-dfed-148b-d9e1058d58f9" executionId="00b494b3-11c5-45de-9371-50df9e406941" testListId="8c84fa94-04c1-424b-9868-57a2d4851a1d" />
    <TestEntry testId="fb11b296-d90d-444d-6462-4e4da8704cad" executionId="b71f1ba9-1a51-4cb8-b764-5cb6c1099fce" testListId="8c84fa94-04c1-424b-9868-57a2d4851a1d" />
    <TestEntry testId="4a4eca93-b7fa-53a1-be1f-bbb9abbec874" executionId="00b68f19-f1e1-4279-8215-62700bbcb24a" testListId="8c84fa94-04c1-424b-9868-57a2d4851a1d" />
    <TestEntry testId="c4aa074b-009e-bab1-51f6-15c1387d1131" executionId="3fbc6ed2-5083-479b-8007-fde22932fd84" testListId="8c84fa94-04c1-424b-9868-57a2d4851a1d" />
    <TestEntry testId="720c5109-6ef6-c21b-b0bf-7038715d4f6f" executionId="90bdb0d0-494a-4127-85d9-c8e6cbb6b7d6" testListId="8c84fa94-04c1-424b-9868-57a2d4851a1d" />
    <TestEntry testId="b0bf3253-4c33-c000-85f4-7cfd2115c057" executionId="bd06da8a-e8ea-4f40-8c59-52e0c12455b1" testListId="8c84fa94-04c1-424b-9868-57a2d4851a1d" />
    <TestEntry testId="da1c5efb-bfff-b728-69d5-32870b6677ec" executionId="bf334118-8835-4f28-824b-648dbed5c8e4" testListId="8c84fa94-04c1-424b-9868-57a2d4851a1d" />
    <TestEntry testId="442c24ae-ffc3-16c6-bdde-56128215d365" executionId="61b6aa8b-a855-4640-a504-4a4334610cbb" testListId="8c84fa94-04c1-424b-9868-57a2d4851a1d" />
    <TestEntry testId="fbfb6c75-8e2a-f988-da95-f18aff727366" executionId="b876b791-f0a5-4ce5-adf7-6671a156cc74" testListId="8c84fa94-04c1-424b-9868-57a2d4851a1d" />
    <TestEntry testId="15b92a29-ae47-d4e8-6da9-513137953ba5" executionId="19f44154-67f5-4c8c-a2b7-a82ec6a5d098" testListId="8c84fa94-04c1-424b-9868-57a2d4851a1d" />
    <TestEntry testId="f760b7e1-5215-eac1-efed-3cd8b93da20f" executionId="c9f65666-8008-4f74-adf5-362ceba53e42" testListId="8c84fa94-04c1-424b-9868-57a2d4851a1d" />
    <TestEntry testId="630841c5-d000-24e7-3038-67799611ff90" executionId="8fbf54b0-2814-4d93-bdc5-93de43f237a6" testListId="8c84fa94-04c1-424b-9868-57a2d4851a1d" />
    <TestEntry testId="55ba0db8-aaca-7f11-ed06-ef36a54c85bc" executionId="9701e69a-fbf7-4e07-86c7-2b4b980a87a1" testListId="8c84fa94-04c1-424b-9868-57a2d4851a1d" />
    <TestEntry testId="9e271a33-48fa-c933-2539-9e967d172699" executionId="25c101d8-dc58-4965-bc4d-96f529a75246" testListId="8c84fa94-04c1-424b-9868-57a2d4851a1d" />
    <TestEntry testId="1a55a473-7935-a61c-9a67-f075a03136fc" executionId="273ee96c-7cda-4694-809a-5da624901949" testListId="8c84fa94-04c1-424b-9868-57a2d4851a1d" />
    <TestEntry testId="e52e1312-a6ec-7d75-2535-222652f667a4" executionId="36e93b48-66f5-419c-bd5a-92d361e16716" testListId="8c84fa94-04c1-424b-9868-57a2d4851a1d" />
    <TestEntry testId="dd22db22-e7f9-7a46-5d34-26a17d3a9a11" executionId="6db8df78-f269-4df1-af15-51075cb5193b" testListId="8c84fa94-04c1-424b-9868-57a2d4851a1d" />
    <TestEntry testId="3bf92c96-c976-839d-8e1c-71693123be4e" executionId="760a4d3f-e338-45b0-8b6f-17c4dc91a828" testListId="8c84fa94-04c1-424b-9868-57a2d4851a1d" />
    <TestEntry testId="d2f1c0f8-2a87-212f-a991-bf2e391e8601" executionId="53c22259-9941-4914-b5f8-b23aed0d290c" testListId="8c84fa94-04c1-424b-9868-57a2d4851a1d" />
    <TestEntry testId="b14ab990-3907-5f26-5f50-6cccac160fe1" executionId="8289e1c1-9afb-40c2-92b9-9b0fd330d715" testListId="8c84fa94-04c1-424b-9868-57a2d4851a1d" />
    <TestEntry testId="b6702321-458a-9982-58f0-b7581616cfec" executionId="ce123e14-f4fa-4225-b61a-6a2ed08fb2ff" testListId="8c84fa94-04c1-424b-9868-57a2d4851a1d" />
    <TestEntry testId="80ae0bcf-a294-7916-6727-40fa6a10ecdf" executionId="63957e46-2edb-4958-b650-ef76152f2875" testListId="8c84fa94-04c1-424b-9868-57a2d4851a1d" />
    <TestEntry testId="f372644b-ed67-1e42-4f2f-0fbab0ea4e99" executionId="9f422100-f856-43ff-a2a6-86b0dc7f6187" testListId="8c84fa94-04c1-424b-9868-57a2d4851a1d" />
    <TestEntry testId="d2264e6e-4cc4-129f-cae5-a4c2dbd02534" executionId="0de642fb-1d13-4a8b-85f0-7d3f53568d5e" testListId="8c84fa94-04c1-424b-9868-57a2d4851a1d" />
    <TestEntry testId="20f1a11e-3e1c-8b18-7c7d-89225f080dd4" executionId="89ef8a3c-b151-4423-8d09-ec05eb514c70" testListId="8c84fa94-04c1-424b-9868-57a2d4851a1d" />
    <TestEntry testId="8b51db31-f0bc-cc8d-5f75-f6a494ff6f15" executionId="2f377f03-9369-43a0-bfdd-c824a7e924cf" testListId="8c84fa94-04c1-424b-9868-57a2d4851a1d" />
  </TestEntries>
  <TestLists>
    <TestList name="Results Not in a List" id="8c84fa94-04c1-424b-9868-57a2d4851a1d" />
    <TestList name="All Loaded Results" id="19431567-8539-422a-85d7-44ee4e166bda" />
  </TestLists>
  <ResultSummary outcome="Completed">
    <Counters total="49" executed="49" passed="49" failed="0" error="0" timeout="0" aborted="0" inconclusive="0" passedButRunAborted="0" notRunnable="0" notExecuted="0" disconnected="0" warning="0" completed="0" inProgress="0" pending="0" />
  </ResultSummary>
</TestRun>