<?xml version="1.0" encoding="UTF-8"?>
<TestRun id="ccb43aa1-ef00-4d86-9dfa-32a3064742c2" name="tfsmladm@TFSBUILD11 2015-09-28 09:43:27" runUser="REDMOND\tfsmladm" xmlns="http://microsoft.com/schemas/VisualStudio/TeamTest/2010">
  <Times creation="2015-09-28T09:43:27.5152491-07:00" queuing="2015-09-28T09:43:27.5152491-07:00" start="2015-09-28T09:43:27.5152491-07:00" finish="2015-09-28T09:43:27.5621283-07:00" />
  <TestSettings name="default" id="f7928956-83d6-420a-8061-96fee9c17baa">
    <Execution>
      <TestTypeSpecific />
    </Execution>
    <Deployment runDeploymentRoot="tfsmladm_TFSBUILD11 2015-09-28 09_43_27" />
    <Properties />
  </TestSettings>
  <Results>
    <UnitTestResult executionId="aa897390-d89c-4fa6-9edd-4a9b60cfa9eb" testId="c7b92d4c-feaf-f442-5f02-dd94800c9204" testName="JobSucceedsWhenThereIsNothingToProcess" computerName="TFSBUILD11" duration="00:00:00.2946972" startTime="2015-09-28T09:43:27.1245957-07:00" endTime="2015-09-28T09:43:27.4527443-07:00" testType="13cdc9d9-ddb5-4fa4-a97d-d965ccfc6d4b" outcome="Passed" testListId="8c84fa94-04c1-424b-9868-57a2d4851a1d" relativeResultsDirectory="aa897390-d89c-4fa6-9edd-4a9b60cfa9eb" />
  </Results>
  <TestDefinitions>
    <UnitTest name="JobSucceedsWhenThereIsNothingToProcess" storage="d:\v2.0\a1\_work\dbded102\bin\release.anycpu\tfs.plugins\ms.tf.server.remoteservices.l0.tests\ms.tf.server.remoteservices.l0.tests.dll" id="c7b92d4c-feaf-f442-5f02-dd94800c9204">
      <Owners>
        <Owner name="paveli" />
      </Owners>
      <Execution id="aa897390-d89c-4fa6-9edd-4a9b60cfa9eb" />
      <TestMethod codeBase="D:\v2.0\A1\_work\dbded102\bin\Release.AnyCPU\Tfs.Plugins\MS.TF.Server.RemoteServices.L0.Tests\MS.TF.Server.RemoteServices.L0.Tests.dll" adapterTypeName="Microsoft.VisualStudio.TestTools.TestTypes.Unit.UnitTestAdapter" className="Microsoft.TeamFoundation.Server.RemoteServices.L0.Tests.FrameworkProjectUpdateJobWorkerTests" name="JobSucceedsWhenThereIsNothingToProcess" />
    </UnitTest>
  </TestDefinitions>
  <TestEntries>
    <TestEntry testId="c7b92d4c-feaf-f442-5f02-dd94800c9204" executionId="aa897390-d89c-4fa6-9edd-4a9b60cfa9eb" testListId="8c84fa94-04c1-424b-9868-57a2d4851a1d" />
  </TestEntries>
  <TestLists>
    <TestList name="Results Not in a List" id="8c84fa94-04c1-424b-9868-57a2d4851a1d" />
    <TestList name="All Loaded Results" id="19431567-8539-422a-85d7-44ee4e166bda" />
  </TestLists>
  <ResultSummary outcome="Completed">
    <Counters total="1" executed="1" passed="1" failed="0" error="0" timeout="0" aborted="0" inconclusive="0" passedButRunAborted="0" notRunnable="0" notExecuted="0" disconnected="0" warning="0" completed="0" inProgress="0" pending="0" />
  </ResultSummary>
</TestRun>