<?xml version="1.0" encoding="UTF-8"?>
<TestRun id="dda1d827-063c-422e-8f20-703d32500bdc" name="tfsmladm@TFSBUILD11 2015-09-28 09:45:43" runUser="REDMOND\tfsmladm" xmlns="http://microsoft.com/schemas/VisualStudio/TeamTest/2010">
  <Times creation="2015-09-28T09:45:43.6214950-07:00" queuing="2015-09-28T09:45:43.6214950-07:00" start="2015-09-28T09:45:43.6264967-07:00" finish="2015-09-28T09:45:44.8367000-07:00" />
  <TestSettings name="default" id="d795cd87-ec77-404e-88f4-d2b9da4eb67b">
    <Execution>
      <TestTypeSpecific />
    </Execution>
    <Deployment runDeploymentRoot="tfsmladm_TFSBUILD11 2015-09-28 09_45_43" />
    <Properties />
  </TestSettings>
  <Results>
    <UnitTestResult executionId="6cba9f9b-8d67-431f-a127-4f2df728a12e" testId="ce375a09-03e6-432c-8518-b8134d255a9b" testName="RatingControlViewModel RatingControlViewModelTest_1" computerName="TFSBUILD11" duration="00:00:00.0190000" startTime="2015-09-28T09:45:43.6585095-07:00" endTime="2015-09-28T09:45:43.6585095-07:00" testType="13cdc9d9-ddb5-4fa4-a97d-d965ccfc6d4b" outcome="Passed" testListId="8c84fa94-04c1-424b-9868-57a2d4851a1d" relativeResultsDirectory="6cba9f9b-8d67-431f-a127-4f2df728a12e" />
    <UnitTestResult executionId="9a08570b-a66b-49ee-8a40-ec5bdf03f111" testId="cf126092-8523-4fd1-9299-702040142cc5" testName="RatingControlViewModel RatingControlViewModelTest_2" computerName="TFSBUILD11" duration="00:00:00.0170000" startTime="2015-09-28T09:45:43.6665127-07:00" endTime="2015-09-28T09:45:43.6665127-07:00" testType="13cdc9d9-ddb5-4fa4-a97d-d965ccfc6d4b" outcome="Passed" testListId="8c84fa94-04c1-424b-9868-57a2d4851a1d" relativeResultsDirectory="9a08570b-a66b-49ee-8a40-ec5bdf03f111" />
    <UnitTestResult executionId="2ebcf9fe-2dd1-488e-a7cb-294754417804" testId="29c2d921-cae2-4688-aa8e-caf912c3fdcc" testName="RatingControlViewModel RatingControlViewModelTest_3" computerName="TFSBUILD11" duration="00:00:00.0140000" startTime="2015-09-28T09:45:43.6665127-07:00" endTime="2015-09-28T09:45:43.6665127-07:00" testType="13cdc9d9-ddb5-4fa4-a97d-d965ccfc6d4b" outcome="Passed" testListId="8c84fa94-04c1-424b-9868-57a2d4851a1d" relativeResultsDirectory="2ebcf9fe-2dd1-488e-a7cb-294754417804" />
    <UnitTestResult executionId="6ec605da-128c-442c-9a87-0f9de99e4a5a" testId="1a51ccfb-8e72-4c90-b227-975473b9bdd4" testName="RatingControlViewModel RatingControlViewModelTest_4" computerName="TFSBUILD11" duration="00:00:00.0130000" startTime="2015-09-28T09:45:43.6665127-07:00" endTime="2015-09-28T09:45:43.6665127-07:00" testType="13cdc9d9-ddb5-4fa4-a97d-d965ccfc6d4b" outcome="Passed" testListId="8c84fa94-04c1-424b-9868-57a2d4851a1d" relativeResultsDirectory="6ec605da-128c-442c-9a87-0f9de99e4a5a" />
    <UnitTestResult executionId="12d505eb-27a1-4829-8080-6ed7bcc7ec98" testId="1372a9e4-60ed-4c3f-9405-08f1ab1e0444" testName="RatingControlViewModel RatingControlViewModelTest_5" computerName="TFSBUILD11" duration="00:00:00.0140000" startTime="2015-09-28T09:45:43.6665127-07:00" endTime="2015-09-28T09:45:43.6665127-07:00" testType="13cdc9d9-ddb5-4fa4-a97d-d965ccfc6d4b" outcome="Passed" testListId="8c84fa94-04c1-424b-9868-57a2d4851a1d" relativeResultsDirectory="12d505eb-27a1-4829-8080-6ed7bcc7ec98" />
    <UnitTestResult executionId="d53e6edb-e410-4902-8017-6209317be56a" testId="34f5cb3b-4e54-42c2-a6d8-fd9788275b03" testName="RatingControlViewModel RatingControlViewModelTest_6" computerName="TFSBUILD11" duration="00:00:00.0140000" startTime="2015-09-28T09:45:43.6675134-07:00" endTime="2015-09-28T09:45:43.6675134-07:00" testType="13cdc9d9-ddb5-4fa4-a97d-d965ccfc6d4b" outcome="Passed" testListId="8c84fa94-04c1-424b-9868-57a2d4851a1d" relativeResultsDirectory="d53e6edb-e410-4902-8017-6209317be56a" />
    <UnitTestResult executionId="6a61e0da-7ae9-45f0-9a95-9769feedfe8f" testId="c7089b77-e00c-48bc-9f32-500b468ef582" testName="RatingControlViewModel RatingControlViewModelTest_7" computerName="TFSBUILD11" duration="00:00:00.0140000" startTime="2015-09-28T09:45:43.6675134-07:00" endTime="2015-09-28T09:45:43.6675134-07:00" testType="13cdc9d9-ddb5-4fa4-a97d-d965ccfc6d4b" outcome="Passed" testListId="8c84fa94-04c1-424b-9868-57a2d4851a1d" relativeResultsDirectory="6a61e0da-7ae9-45f0-9a95-9769feedfe8f" />
    <UnitTestResult executionId="299c3618-226b-48ec-bffc-8245dfcf3549" testId="51d0a7d9-3379-4da0-b41c-157760169d9e" testName="RatingControlViewModel RatingControlViewModelTest_8" computerName="TFSBUILD11" duration="00:00:00.0140000" startTime="2015-09-28T09:45:43.6675134-07:00" endTime="2015-09-28T09:45:43.6675134-07:00" testType="13cdc9d9-ddb5-4fa4-a97d-d965ccfc6d4b" outcome="Passed" testListId="8c84fa94-04c1-424b-9868-57a2d4851a1d" relativeResultsDirectory="299c3618-226b-48ec-bffc-8245dfcf3549" />
    <UnitTestResult executionId="d2f7ad5c-1618-41d2-9d43-233ceef70ba3" testId="9c7ad22d-1edf-4329-abd8-5d619854cb3f" testName="RatingControlViewModel RatingControlViewModelTest_9" computerName="TFSBUILD11" duration="00:00:00.0140000" startTime="2015-09-28T09:45:43.6675134-07:00" endTime="2015-09-28T09:45:43.6675134-07:00" testType="13cdc9d9-ddb5-4fa4-a97d-d965ccfc6d4b" outcome="Passed" testListId="8c84fa94-04c1-424b-9868-57a2d4851a1d" relativeResultsDirectory="d2f7ad5c-1618-41d2-9d43-233ceef70ba3" />
    <UnitTestResult executionId="f7e5d1e2-0c7d-4a41-b30c-d6ab92329032" testId="dafd1496-6d29-4905-83ec-af469afa9045" testName="RatingControlViewModel RatingControlViewModelTest_10" computerName="TFSBUILD11" duration="00:00:00.0140000" startTime="2015-09-28T09:45:43.7300656-07:00" endTime="2015-09-28T09:45:43.7300656-07:00" testType="13cdc9d9-ddb5-4fa4-a97d-d965ccfc6d4b" outcome="Passed" testListId="8c84fa94-04c1-424b-9868-57a2d4851a1d" relativeResultsDirectory="f7e5d1e2-0c7d-4a41-b30c-d6ab92329032" />
    <UnitTestResult executionId="1bc8d3bc-990e-40af-a6aa-76c5ea27c4b5" testId="d9f4c516-cf02-41e4-a237-e3938dddd719" testName="RatingControlViewModel RatingControlViewModelTest_11" computerName="TFSBUILD11" duration="00:00:00.0140000" startTime="2015-09-28T09:45:43.7310660-07:00" endTime="2015-09-28T09:45:43.7310660-07:00" testType="13cdc9d9-ddb5-4fa4-a97d-d965ccfc6d4b" outcome="Passed" testListId="8c84fa94-04c1-424b-9868-57a2d4851a1d" relativeResultsDirectory="1bc8d3bc-990e-40af-a6aa-76c5ea27c4b5" />
    <UnitTestResult executionId="a36fc528-ef94-4a4c-8aed-5561b18b1db4" testId="c81a30be-2b9f-483a-a7fc-077195f9c88a" testName="RatingControlViewModel RatingControlViewModelTest_12" computerName="TFSBUILD11" duration="00:00:00.0170000" startTime="2015-09-28T09:45:43.7310660-07:00" endTime="2015-09-28T09:45:43.7310660-07:00" testType="13cdc9d9-ddb5-4fa4-a97d-d965ccfc6d4b" outcome="Passed" testListId="8c84fa94-04c1-424b-9868-57a2d4851a1d" relativeResultsDirectory="a36fc528-ef94-4a4c-8aed-5561b18b1db4" />
    <UnitTestResult executionId="1be3b067-afea-44a8-8b01-a1f5a29cc16b" testId="173963b8-c0a9-462d-ba07-bb2296cdf9ff" testName="RatingControlViewModel RatingControlViewModelTest_13" computerName="TFSBUILD11" duration="00:00:00.0140000" startTime="2015-09-28T09:45:43.7311863-07:00" endTime="2015-09-28T09:45:43.7311863-07:00" testType="13cdc9d9-ddb5-4fa4-a97d-d965ccfc6d4b" outcome="Passed" testListId="8c84fa94-04c1-424b-9868-57a2d4851a1d" relativeResultsDirectory="1be3b067-afea-44a8-8b01-a1f5a29cc16b" />
    <UnitTestResult executionId="47b92385-2ad5-41c2-a525-72f7d08544d0" testId="3c4b167a-c829-4b47-b289-744cc8e06783" testName="RatingControlViewModel RatingControlViewModelTest_14" computerName="TFSBUILD11" duration="00:00:00.0140000" startTime="2015-09-28T09:45:43.7311863-07:00" endTime="2015-09-28T09:45:43.7311863-07:00" testType="13cdc9d9-ddb5-4fa4-a97d-d965ccfc6d4b" outcome="Passed" testListId="8c84fa94-04c1-424b-9868-57a2d4851a1d" relativeResultsDirectory="47b92385-2ad5-41c2-a525-72f7d08544d0" />
    <UnitTestResult executionId="01ff24b6-175f-41a6-b99d-21506ac26da3" testId="4e008476-98b1-4426-ae7b-9206e5a6ae75" testName="RatingControlViewModel RatingControlViewModelTest_15" computerName="TFSBUILD11" duration="00:00:00.0140000" startTime="2015-09-28T09:45:43.7311863-07:00" endTime="2015-09-28T09:45:43.7311863-07:00" testType="13cdc9d9-ddb5-4fa4-a97d-d965ccfc6d4b" outcome="Passed" testListId="8c84fa94-04c1-424b-9868-57a2d4851a1d" relativeResultsDirectory="01ff24b6-175f-41a6-b99d-21506ac26da3" />
    <UnitTestResult executionId="18d96faf-68ad-4df8-b50b-e99b51646513" testId="5b1d95ac-4d5e-4252-a4b5-34f5e3e2bd53" testName="RatingControlViewModel RatingControlViewModelTest_16" computerName="TFSBUILD11" duration="00:00:00.0150000" startTime="2015-09-28T09:45:43.7311863-07:00" endTime="2015-09-28T09:45:43.7311863-07:00" testType="13cdc9d9-ddb5-4fa4-a97d-d965ccfc6d4b" outcome="Passed" testListId="8c84fa94-04c1-424b-9868-57a2d4851a1d" relativeResultsDirectory="18d96faf-68ad-4df8-b50b-e99b51646513" />
    <UnitTestResult executionId="69402fab-759b-49e8-92fb-3192a659e2d6" testId="96046acf-a257-4d19-844f-1df276febb1e" testName="TabsViewModel TabActivationTest" computerName="TFSBUILD11" duration="00:00:00.0200000" startTime="2015-09-28T09:45:43.7311863-07:00" endTime="2015-09-28T09:45:43.7311863-07:00" testType="13cdc9d9-ddb5-4fa4-a97d-d965ccfc6d4b" outcome="Passed" testListId="8c84fa94-04c1-424b-9868-57a2d4851a1d" relativeResultsDirectory="69402fab-759b-49e8-92fb-3192a659e2d6" />
    <UnitTestResult executionId="8af24ea5-9ee5-406c-ad0d-5a15f18dd5c2" testId="e30c2ee7-2e76-4859-8e46-26e6836ddbe8" testName="VSSItemDetailsTabs MoreDetailsTabMembersAssignmentTest" computerName="TFSBUILD11" duration="00:00:00.0150000" startTime="2015-09-28T09:45:43.7311863-07:00" endTime="2015-09-28T09:45:43.7311863-07:00" testType="13cdc9d9-ddb5-4fa4-a97d-d965ccfc6d4b" outcome="Passed" testListId="8c84fa94-04c1-424b-9868-57a2d4851a1d" relativeResultsDirectory="8af24ea5-9ee5-406c-ad0d-5a15f18dd5c2" />
    <UnitTestResult executionId="6ba5b8a0-465e-4b7c-9db2-72202564c734" testId="aedcd19d-f3a4-44aa-80c6-9216c8da4a71" testName="VSSItemDetailsTabs ItemTagsAssignementTest" computerName="TFSBUILD11" duration="00:00:00.0130000" startTime="2015-09-28T09:45:43.8650287-07:00" endTime="2015-09-28T09:45:43.8650287-07:00" testType="13cdc9d9-ddb5-4fa4-a97d-d965ccfc6d4b" outcome="Passed" testListId="8c84fa94-04c1-424b-9868-57a2d4851a1d" relativeResultsDirectory="6ba5b8a0-465e-4b7c-9db2-72202564c734" />
    <UnitTestResult executionId="9320d3a4-1a85-4d16-b033-8b4f592898fa" testId="dbf42f94-1e2e-401b-a0c7-6a8ad6354eab" testName="VSSItemDetailsTabs ItemShareLinksTest" computerName="TFSBUILD11" duration="00:00:00.0140000" startTime="2015-09-28T09:45:43.8660294-07:00" endTime="2015-09-28T09:45:43.8660294-07:00" testType="13cdc9d9-ddb5-4fa4-a97d-d965ccfc6d4b" outcome="Passed" testListId="8c84fa94-04c1-424b-9868-57a2d4851a1d" relativeResultsDirectory="9320d3a4-1a85-4d16-b033-8b4f592898fa" />
    <UnitTestResult executionId="817da9cd-5723-484e-91d3-0025133d22eb" testId="7c5a42ba-df57-42f3-9456-b68acfbea35b" testName="CarouselModel IndexUpdatesOnScrollUsingScrollButtons_TotalItemsMultipleOfViewPortItems" computerName="TFSBUILD11" duration="00:00:00.0180000" startTime="2015-09-28T09:45:43.8660294-07:00" endTime="2015-09-28T09:45:43.8660294-07:00" testType="13cdc9d9-ddb5-4fa4-a97d-d965ccfc6d4b" outcome="Passed" testListId="8c84fa94-04c1-424b-9868-57a2d4851a1d" relativeResultsDirectory="817da9cd-5723-484e-91d3-0025133d22eb" />
    <UnitTestResult executionId="de0de468-a7bd-4d6d-85c1-d9a60c2d06fe" testId="8b8b82d3-3b09-4fd8-9318-4ee9e870c652" testName="CarouselModel IndexUpdatesOnScrollUsingScrollButtons_TotalItemsNotMultipleOfViewPortItems" computerName="TFSBUILD11" duration="00:00:00.0140000" startTime="2015-09-28T09:45:43.8660294-07:00" endTime="2015-09-28T09:45:43.8660294-07:00" testType="13cdc9d9-ddb5-4fa4-a97d-d965ccfc6d4b" outcome="Passed" testListId="8c84fa94-04c1-424b-9868-57a2d4851a1d" relativeResultsDirectory="de0de468-a7bd-4d6d-85c1-d9a60c2d06fe" />
    <UnitTestResult executionId="9b3ad846-4db8-4050-968f-75cfc031e588" testId="e2aca3cd-7a3f-4e65-a683-00fd5a4f3d96" testName="CarouselModel IndexUpdatesOnScrollUsingScrollButtons_TotalItemsLessThanViewPortItems" computerName="TFSBUILD11" duration="00:00:00.0140000" startTime="2015-09-28T09:45:43.8660294-07:00" endTime="2015-09-28T09:45:43.8660294-07:00" testType="13cdc9d9-ddb5-4fa4-a97d-d965ccfc6d4b" outcome="Passed" testListId="8c84fa94-04c1-424b-9868-57a2d4851a1d" relativeResultsDirectory="9b3ad846-4db8-4050-968f-75cfc031e588" />
    <UnitTestResult executionId="ec615fa2-837d-497c-a130-fec4cede58e8" testId="63e8263e-4bc6-4290-8962-28edc9199940" testName="CarouselModel IndicatorCounts" computerName="TFSBUILD11" duration="00:00:00.0140000" startTime="2015-09-28T09:45:43.8660294-07:00" endTime="2015-09-28T09:45:43.8660294-07:00" testType="13cdc9d9-ddb5-4fa4-a97d-d965ccfc6d4b" outcome="Passed" testListId="8c84fa94-04c1-424b-9868-57a2d4851a1d" relativeResultsDirectory="ec615fa2-837d-497c-a130-fec4cede58e8" />
    <UnitTestResult executionId="b6898180-13e2-404a-8912-9ee91db441fb" testId="fc9b5891-1f02-4d76-a61a-d0219708d70c" testName="CarouselModel IndexUpdatesOnScrollUsingIndicators_TotalItemsMultipleOfViewPortItems" computerName="TFSBUILD11" duration="00:00:00.0150000" startTime="2015-09-28T09:45:43.8660294-07:00" endTime="2015-09-28T09:45:43.8660294-07:00" testType="13cdc9d9-ddb5-4fa4-a97d-d965ccfc6d4b" outcome="Passed" testListId="8c84fa94-04c1-424b-9868-57a2d4851a1d" relativeResultsDirectory="b6898180-13e2-404a-8912-9ee91db441fb" />
    <UnitTestResult executionId="61e0d464-b21a-4b9a-8b27-2efc3b1cbcd1" testId="2ddaac95-02d0-4229-8473-90649e09eb54" testName="CarouselModel IndexUpdatesOnScrollUsingIndicators_TotalItemsNotMultipleOfViewPortItems" computerName="TFSBUILD11" duration="00:00:00.0150000" startTime="2015-09-28T09:45:43.8660294-07:00" endTime="2015-09-28T09:45:43.8660294-07:00" testType="13cdc9d9-ddb5-4fa4-a97d-d965ccfc6d4b" outcome="Passed" testListId="8c84fa94-04c1-424b-9868-57a2d4851a1d" relativeResultsDirectory="61e0d464-b21a-4b9a-8b27-2efc3b1cbcd1" />
    <UnitTestResult executionId="590e0b9a-1ba5-44aa-b60b-d1a8bb9c0d84" testId="82508e2f-6044-460c-b14c-f5b4475ff80c" testName="CarouselModel IndexUpdatesOnScrollUsingIndicators_TotalItemsLessThanViewPortItems" computerName="TFSBUILD11" duration="00:00:00.0140000" startTime="2015-09-28T09:45:43.8660294-07:00" endTime="2015-09-28T09:45:43.8660294-07:00" testType="13cdc9d9-ddb5-4fa4-a97d-d965ccfc6d4b" outcome="Passed" testListId="8c84fa94-04c1-424b-9868-57a2d4851a1d" relativeResultsDirectory="590e0b9a-1ba5-44aa-b60b-d1a8bb9c0d84" />
    <UnitTestResult executionId="69bbe480-fbeb-4c36-82b5-9a89801b0395" testId="be45256b-51c3-45d2-b9ca-fbf7128278f6" testName="CarouselModel AutoPlay" computerName="TFSBUILD11" duration="00:00:00.0180000" startTime="2015-09-28T09:45:44.8220479-07:00" endTime="2015-09-28T09:45:44.8220479-07:00" testType="13cdc9d9-ddb5-4fa4-a97d-d965ccfc6d4b" outcome="Passed" testListId="8c84fa94-04c1-424b-9868-57a2d4851a1d" relativeResultsDirectory="69bbe480-fbeb-4c36-82b5-9a89801b0395" />
    <UnitTestResult executionId="8fdba286-8a1a-4916-993e-251cf35bf00c" testId="2226f683-1b02-4682-a82b-78eac2fc7dcf" testName="VSItemTileModel VerifyVSItemTileViewModel" computerName="TFSBUILD11" duration="00:00:00.0140000" startTime="2015-09-28T09:45:44.8220479-07:00" endTime="2015-09-28T09:45:44.8220479-07:00" testType="13cdc9d9-ddb5-4fa4-a97d-d965ccfc6d4b" outcome="Passed" testListId="8c84fa94-04c1-424b-9868-57a2d4851a1d" relativeResultsDirectory="8fdba286-8a1a-4916-993e-251cf35bf00c" />
    <UnitTestResult executionId="a2c54633-349e-4876-92ff-d29a5745b80e" testId="f4886e6a-8cc9-450f-afca-11261c07ea7e" testName="VSSItemDetailsViewModel ViewModelMembersUpdateTest" computerName="TFSBUILD11" duration="00:00:00.0150000" startTime="2015-09-28T09:45:44.8230514-07:00" endTime="2015-09-28T09:45:44.8230514-07:00" testType="13cdc9d9-ddb5-4fa4-a97d-d965ccfc6d4b" outcome="Passed" testListId="8c84fa94-04c1-424b-9868-57a2d4851a1d" relativeResultsDirectory="a2c54633-349e-4876-92ff-d29a5745b80e" />
    <UnitTestResult executionId="1951ef91-7b7e-456b-98d1-b5c9259d3681" testId="de2631a6-b156-44dd-a8dd-5c08959f3f9f" testName="VSSItemDetailsViewModel InitializationActionTest" computerName="TFSBUILD11" duration="00:00:00.0160000" startTime="2015-09-28T09:45:44.8230514-07:00" endTime="2015-09-28T09:45:44.8230514-07:00" testType="13cdc9d9-ddb5-4fa4-a97d-d965ccfc6d4b" outcome="Passed" testListId="8c84fa94-04c1-424b-9868-57a2d4851a1d" relativeResultsDirectory="1951ef91-7b7e-456b-98d1-b5c9259d3681" />
  </Results>
  <TestDefinitions>
    <UnitTest name="RatingControlViewModel RatingControlViewModelTest_1" storage="d:\v2.0\a1\_work\dbded102\vso\gallery\service\web\gallery\client\controls\ratingcontrol\tests\tests.ratingcontrol.viewmodel.ts" id="ce375a09-03e6-432c-8518-b8134d255a9b">
      <Execution id="6cba9f9b-8d67-431f-a127-4f2df728a12e" />
      <TestMethod codeBase="d:\v2.0\a1\_work\dbded102\vso\gallery\service\web\gallery\client\controls\ratingcontrol\tests\tests.ratingcontrol.viewmodel.ts" adapterTypeName="Microsoft.VisualStudio.TestTools.TestTypes.Unit.UnitTestAdapter" className="d:\v2.0\a1\_work\dbded102\vso\gallery\service\web\gallery\client\controls\ratingcontrol\tests\tests.ratingcontrol.viewmodel" name="RatingControlViewModel RatingControlViewModelTest_1" />
    </UnitTest>
    <UnitTest name="RatingControlViewModel RatingControlViewModelTest_2" storage="d:\v2.0\a1\_work\dbded102\vso\gallery\service\web\gallery\client\controls\ratingcontrol\tests\tests.ratingcontrol.viewmodel.ts" id="cf126092-8523-4fd1-9299-702040142cc5">
      <Execution id="9a08570b-a66b-49ee-8a40-ec5bdf03f111" />
      <TestMethod codeBase="d:\v2.0\a1\_work\dbded102\vso\gallery\service\web\gallery\client\controls\ratingcontrol\tests\tests.ratingcontrol.viewmodel.ts" adapterTypeName="Microsoft.VisualStudio.TestTools.TestTypes.Unit.UnitTestAdapter" className="d:\v2.0\a1\_work\dbded102\vso\gallery\service\web\gallery\client\controls\ratingcontrol\tests\tests.ratingcontrol.viewmodel" name="RatingControlViewModel RatingControlViewModelTest_2" />
    </UnitTest>
    <UnitTest name="RatingControlViewModel RatingControlViewModelTest_3" storage="d:\v2.0\a1\_work\dbded102\vso\gallery\service\web\gallery\client\controls\ratingcontrol\tests\tests.ratingcontrol.viewmodel.ts" id="29c2d921-cae2-4688-aa8e-caf912c3fdcc">
      <Execution id="2ebcf9fe-2dd1-488e-a7cb-294754417804" />
      <TestMethod codeBase="d:\v2.0\a1\_work\dbded102\vso\gallery\service\web\gallery\client\controls\ratingcontrol\tests\tests.ratingcontrol.viewmodel.ts" adapterTypeName="Microsoft.VisualStudio.TestTools.TestTypes.Unit.UnitTestAdapter" className="d:\v2.0\a1\_work\dbded102\vso\gallery\service\web\gallery\client\controls\ratingcontrol\tests\tests.ratingcontrol.viewmodel" name="RatingControlViewModel RatingControlViewModelTest_3" />
    </UnitTest>
    <UnitTest name="RatingControlViewModel RatingControlViewModelTest_4" storage="d:\v2.0\a1\_work\dbded102\vso\gallery\service\web\gallery\client\controls\ratingcontrol\tests\tests.ratingcontrol.viewmodel.ts" id="1a51ccfb-8e72-4c90-b227-975473b9bdd4">
      <Execution id="6ec605da-128c-442c-9a87-0f9de99e4a5a" />
      <TestMethod codeBase="d:\v2.0\a1\_work\dbded102\vso\gallery\service\web\gallery\client\controls\ratingcontrol\tests\tests.ratingcontrol.viewmodel.ts" adapterTypeName="Microsoft.VisualStudio.TestTools.TestTypes.Unit.UnitTestAdapter" className="d:\v2.0\a1\_work\dbded102\vso\gallery\service\web\gallery\client\controls\ratingcontrol\tests\tests.ratingcontrol.viewmodel" name="RatingControlViewModel RatingControlViewModelTest_4" />
    </UnitTest>
    <UnitTest name="RatingControlViewModel RatingControlViewModelTest_5" storage="d:\v2.0\a1\_work\dbded102\vso\gallery\service\web\gallery\client\controls\ratingcontrol\tests\tests.ratingcontrol.viewmodel.ts" id="1372a9e4-60ed-4c3f-9405-08f1ab1e0444">
      <Execution id="12d505eb-27a1-4829-8080-6ed7bcc7ec98" />
      <TestMethod codeBase="d:\v2.0\a1\_work\dbded102\vso\gallery\service\web\gallery\client\controls\ratingcontrol\tests\tests.ratingcontrol.viewmodel.ts" adapterTypeName="Microsoft.VisualStudio.TestTools.TestTypes.Unit.UnitTestAdapter" className="d:\v2.0\a1\_work\dbded102\vso\gallery\service\web\gallery\client\controls\ratingcontrol\tests\tests.ratingcontrol.viewmodel" name="RatingControlViewModel RatingControlViewModelTest_5" />
    </UnitTest>
    <UnitTest name="RatingControlViewModel RatingControlViewModelTest_6" storage="d:\v2.0\a1\_work\dbded102\vso\gallery\service\web\gallery\client\controls\ratingcontrol\tests\tests.ratingcontrol.viewmodel.ts" id="34f5cb3b-4e54-42c2-a6d8-fd9788275b03">
      <Execution id="d53e6edb-e410-4902-8017-6209317be56a" />
      <TestMethod codeBase="d:\v2.0\a1\_work\dbded102\vso\gallery\service\web\gallery\client\controls\ratingcontrol\tests\tests.ratingcontrol.viewmodel.ts" adapterTypeName="Microsoft.VisualStudio.TestTools.TestTypes.Unit.UnitTestAdapter" className="d:\v2.0\a1\_work\dbded102\vso\gallery\service\web\gallery\client\controls\ratingcontrol\tests\tests.ratingcontrol.viewmodel" name="RatingControlViewModel RatingControlViewModelTest_6" />
    </UnitTest>
    <UnitTest name="RatingControlViewModel RatingControlViewModelTest_7" storage="d:\v2.0\a1\_work\dbded102\vso\gallery\service\web\gallery\client\controls\ratingcontrol\tests\tests.ratingcontrol.viewmodel.ts" id="c7089b77-e00c-48bc-9f32-500b468ef582">
      <Execution id="6a61e0da-7ae9-45f0-9a95-9769feedfe8f" />
      <TestMethod codeBase="d:\v2.0\a1\_work\dbded102\vso\gallery\service\web\gallery\client\controls\ratingcontrol\tests\tests.ratingcontrol.viewmodel.ts" adapterTypeName="Microsoft.VisualStudio.TestTools.TestTypes.Unit.UnitTestAdapter" className="d:\v2.0\a1\_work\dbded102\vso\gallery\service\web\gallery\client\controls\ratingcontrol\tests\tests.ratingcontrol.viewmodel" name="RatingControlViewModel RatingControlViewModelTest_7" />
    </UnitTest>
    <UnitTest name="RatingControlViewModel RatingControlViewModelTest_8" storage="d:\v2.0\a1\_work\dbded102\vso\gallery\service\web\gallery\client\controls\ratingcontrol\tests\tests.ratingcontrol.viewmodel.ts" id="51d0a7d9-3379-4da0-b41c-157760169d9e">
      <Execution id="299c3618-226b-48ec-bffc-8245dfcf3549" />
      <TestMethod codeBase="d:\v2.0\a1\_work\dbded102\vso\gallery\service\web\gallery\client\controls\ratingcontrol\tests\tests.ratingcontrol.viewmodel.ts" adapterTypeName="Microsoft.VisualStudio.TestTools.TestTypes.Unit.UnitTestAdapter" className="d:\v2.0\a1\_work\dbded102\vso\gallery\service\web\gallery\client\controls\ratingcontrol\tests\tests.ratingcontrol.viewmodel" name="RatingControlViewModel RatingControlViewModelTest_8" />
    </UnitTest>
    <UnitTest name="RatingControlViewModel RatingControlViewModelTest_9" storage="d:\v2.0\a1\_work\dbded102\vso\gallery\service\web\gallery\client\controls\ratingcontrol\tests\tests.ratingcontrol.viewmodel.ts" id="9c7ad22d-1edf-4329-abd8-5d619854cb3f">
      <Execution id="d2f7ad5c-1618-41d2-9d43-233ceef70ba3" />
      <TestMethod codeBase="d:\v2.0\a1\_work\dbded102\vso\gallery\service\web\gallery\client\controls\ratingcontrol\tests\tests.ratingcontrol.viewmodel.ts" adapterTypeName="Microsoft.VisualStudio.TestTools.TestTypes.Unit.UnitTestAdapter" className="d:\v2.0\a1\_work\dbded102\vso\gallery\service\web\gallery\client\controls\ratingcontrol\tests\tests.ratingcontrol.viewmodel" name="RatingControlViewModel RatingControlViewModelTest_9" />
    </UnitTest>
    <UnitTest name="RatingControlViewModel RatingControlViewModelTest_10" storage="d:\v2.0\a1\_work\dbded102\vso\gallery\service\web\gallery\client\controls\ratingcontrol\tests\tests.ratingcontrol.viewmodel.ts" id="dafd1496-6d29-4905-83ec-af469afa9045">
      <Execution id="f7e5d1e2-0c7d-4a41-b30c-d6ab92329032" />
      <TestMethod codeBase="d:\v2.0\a1\_work\dbded102\vso\gallery\service\web\gallery\client\controls\ratingcontrol\tests\tests.ratingcontrol.viewmodel.ts" adapterTypeName="Microsoft.VisualStudio.TestTools.TestTypes.Unit.UnitTestAdapter" className="d:\v2.0\a1\_work\dbded102\vso\gallery\service\web\gallery\client\controls\ratingcontrol\tests\tests.ratingcontrol.viewmodel" name="RatingControlViewModel RatingControlViewModelTest_10" />
    </UnitTest>
    <UnitTest name="RatingControlViewModel RatingControlViewModelTest_11" storage="d:\v2.0\a1\_work\dbded102\vso\gallery\service\web\gallery\client\controls\ratingcontrol\tests\tests.ratingcontrol.viewmodel.ts" id="d9f4c516-cf02-41e4-a237-e3938dddd719">
      <Execution id="1bc8d3bc-990e-40af-a6aa-76c5ea27c4b5" />
      <TestMethod codeBase="d:\v2.0\a1\_work\dbded102\vso\gallery\service\web\gallery\client\controls\ratingcontrol\tests\tests.ratingcontrol.viewmodel.ts" adapterTypeName="Microsoft.VisualStudio.TestTools.TestTypes.Unit.UnitTestAdapter" className="d:\v2.0\a1\_work\dbded102\vso\gallery\service\web\gallery\client\controls\ratingcontrol\tests\tests.ratingcontrol.viewmodel" name="RatingControlViewModel RatingControlViewModelTest_11" />
    </UnitTest>
    <UnitTest name="RatingControlViewModel RatingControlViewModelTest_12" storage="d:\v2.0\a1\_work\dbded102\vso\gallery\service\web\gallery\client\controls\ratingcontrol\tests\tests.ratingcontrol.viewmodel.ts" id="c81a30be-2b9f-483a-a7fc-077195f9c88a">
      <Execution id="a36fc528-ef94-4a4c-8aed-5561b18b1db4" />
      <TestMethod codeBase="d:\v2.0\a1\_work\dbded102\vso\gallery\service\web\gallery\client\controls\ratingcontrol\tests\tests.ratingcontrol.viewmodel.ts" adapterTypeName="Microsoft.VisualStudio.TestTools.TestTypes.Unit.UnitTestAdapter" className="d:\v2.0\a1\_work\dbded102\vso\gallery\service\web\gallery\client\controls\ratingcontrol\tests\tests.ratingcontrol.viewmodel" name="RatingControlViewModel RatingControlViewModelTest_12" />
    </UnitTest>
    <UnitTest name="RatingControlViewModel RatingControlViewModelTest_13" storage="d:\v2.0\a1\_work\dbded102\vso\gallery\service\web\gallery\client\controls\ratingcontrol\tests\tests.ratingcontrol.viewmodel.ts" id="173963b8-c0a9-462d-ba07-bb2296cdf9ff">
      <Execution id="1be3b067-afea-44a8-8b01-a1f5a29cc16b" />
      <TestMethod codeBase="d:\v2.0\a1\_work\dbded102\vso\gallery\service\web\gallery\client\controls\ratingcontrol\tests\tests.ratingcontrol.viewmodel.ts" adapterTypeName="Microsoft.VisualStudio.TestTools.TestTypes.Unit.UnitTestAdapter" className="d:\v2.0\a1\_work\dbded102\vso\gallery\service\web\gallery\client\controls\ratingcontrol\tests\tests.ratingcontrol.viewmodel" name="RatingControlViewModel RatingControlViewModelTest_13" />
    </UnitTest>
    <UnitTest name="RatingControlViewModel RatingControlViewModelTest_14" storage="d:\v2.0\a1\_work\dbded102\vso\gallery\service\web\gallery\client\controls\ratingcontrol\tests\tests.ratingcontrol.viewmodel.ts" id="3c4b167a-c829-4b47-b289-744cc8e06783">
      <Execution id="47b92385-2ad5-41c2-a525-72f7d08544d0" />
      <TestMethod codeBase="d:\v2.0\a1\_work\dbded102\vso\gallery\service\web\gallery\client\controls\ratingcontrol\tests\tests.ratingcontrol.viewmodel.ts" adapterTypeName="Microsoft.VisualStudio.TestTools.TestTypes.Unit.UnitTestAdapter" className="d:\v2.0\a1\_work\dbded102\vso\gallery\service\web\gallery\client\controls\ratingcontrol\tests\tests.ratingcontrol.viewmodel" name="RatingControlViewModel RatingControlViewModelTest_14" />
    </UnitTest>
    <UnitTest name="RatingControlViewModel RatingControlViewModelTest_15" storage="d:\v2.0\a1\_work\dbded102\vso\gallery\service\web\gallery\client\controls\ratingcontrol\tests\tests.ratingcontrol.viewmodel.ts" id="4e008476-98b1-4426-ae7b-9206e5a6ae75">
      <Execution id="01ff24b6-175f-41a6-b99d-21506ac26da3" />
      <TestMethod codeBase="d:\v2.0\a1\_work\dbded102\vso\gallery\service\web\gallery\client\controls\ratingcontrol\tests\tests.ratingcontrol.viewmodel.ts" adapterTypeName="Microsoft.VisualStudio.TestTools.TestTypes.Unit.UnitTestAdapter" className="d:\v2.0\a1\_work\dbded102\vso\gallery\service\web\gallery\client\controls\ratingcontrol\tests\tests.ratingcontrol.viewmodel" name="RatingControlViewModel RatingControlViewModelTest_15" />
    </UnitTest>
    <UnitTest name="RatingControlViewModel RatingControlViewModelTest_16" storage="d:\v2.0\a1\_work\dbded102\vso\gallery\service\web\gallery\client\controls\ratingcontrol\tests\tests.ratingcontrol.viewmodel.ts" id="5b1d95ac-4d5e-4252-a4b5-34f5e3e2bd53">
      <Execution id="18d96faf-68ad-4df8-b50b-e99b51646513" />
      <TestMethod codeBase="d:\v2.0\a1\_work\dbded102\vso\gallery\service\web\gallery\client\controls\ratingcontrol\tests\tests.ratingcontrol.viewmodel.ts" adapterTypeName="Microsoft.VisualStudio.TestTools.TestTypes.Unit.UnitTestAdapter" className="d:\v2.0\a1\_work\dbded102\vso\gallery\service\web\gallery\client\controls\ratingcontrol\tests\tests.ratingcontrol.viewmodel" name="RatingControlViewModel RatingControlViewModelTest_16" />
    </UnitTest>
    <UnitTest name="TabsViewModel TabActivationTest" storage="d:\v2.0\a1\_work\dbded102\vso\gallery\service\web\gallery\client\controls\tabs\tests\tests.tabs.viewmodel.ts" id="96046acf-a257-4d19-844f-1df276febb1e">
      <Execution id="69402fab-759b-49e8-92fb-3192a659e2d6" />
      <TestMethod codeBase="d:\v2.0\a1\_work\dbded102\vso\gallery\service\web\gallery\client\controls\tabs\tests\tests.tabs.viewmodel.ts" adapterTypeName="Microsoft.VisualStudio.TestTools.TestTypes.Unit.UnitTestAdapter" className="d:\v2.0\a1\_work\dbded102\vso\gallery\service\web\gallery\client\controls\tabs\tests\tests.tabs.viewmodel" name="TabsViewModel TabActivationTest" />
    </UnitTest>
    <UnitTest name="VSSItemDetailsTabs MoreDetailsTabMembersAssignmentTest" storage="d:\v2.0\a1\_work\dbded102\vso\gallery\service\web\gallery\client\controls\vssitemdetailstabs\tests\tests.vssitemdetailstabs.viewmodel.ts" id="e30c2ee7-2e76-4859-8e46-26e6836ddbe8">
      <Execution id="8af24ea5-9ee5-406c-ad0d-5a15f18dd5c2" />
      <TestMethod codeBase="d:\v2.0\a1\_work\dbded102\vso\gallery\service\web\gallery\client\controls\vssitemdetailstabs\tests\tests.vssitemdetailstabs.viewmodel.ts" adapterTypeName="Microsoft.VisualStudio.TestTools.TestTypes.Unit.UnitTestAdapter" className="d:\v2.0\a1\_work\dbded102\vso\gallery\service\web\gallery\client\controls\vssitemdetailstabs\tests\tests.vssitemdetailstabs.viewmodel" name="VSSItemDetailsTabs MoreDetailsTabMembersAssignmentTest" />
    </UnitTest>
    <UnitTest name="VSSItemDetailsTabs ItemTagsAssignementTest" storage="d:\v2.0\a1\_work\dbded102\vso\gallery\service\web\gallery\client\controls\vssitemdetailstabs\tests\tests.vssitemdetailstabs.viewmodel.ts" id="aedcd19d-f3a4-44aa-80c6-9216c8da4a71">
      <Execution id="6ba5b8a0-465e-4b7c-9db2-72202564c734" />
      <TestMethod codeBase="d:\v2.0\a1\_work\dbded102\vso\gallery\service\web\gallery\client\controls\vssitemdetailstabs\tests\tests.vssitemdetailstabs.viewmodel.ts" adapterTypeName="Microsoft.VisualStudio.TestTools.TestTypes.Unit.UnitTestAdapter" className="d:\v2.0\a1\_work\dbded102\vso\gallery\service\web\gallery\client\controls\vssitemdetailstabs\tests\tests.vssitemdetailstabs.viewmodel" name="VSSItemDetailsTabs ItemTagsAssignementTest" />
    </UnitTest>
    <UnitTest name="VSSItemDetailsTabs ItemShareLinksTest" storage="d:\v2.0\a1\_work\dbded102\vso\gallery\service\web\gallery\client\controls\vssitemdetailstabs\tests\tests.vssitemdetailstabs.viewmodel.ts" id="dbf42f94-1e2e-401b-a0c7-6a8ad6354eab">
      <Execution id="9320d3a4-1a85-4d16-b033-8b4f592898fa" />
      <TestMethod codeBase="d:\v2.0\a1\_work\dbded102\vso\gallery\service\web\gallery\client\controls\vssitemdetailstabs\tests\tests.vssitemdetailstabs.viewmodel.ts" adapterTypeName="Microsoft.VisualStudio.TestTools.TestTypes.Unit.UnitTestAdapter" className="d:\v2.0\a1\_work\dbded102\vso\gallery\service\web\gallery\client\controls\vssitemdetailstabs\tests\tests.vssitemdetailstabs.viewmodel" name="VSSItemDetailsTabs ItemShareLinksTest" />
    </UnitTest>
    <UnitTest name="CarouselModel IndexUpdatesOnScrollUsingScrollButtons_TotalItemsMultipleOfViewPortItems" storage="d:\v2.0\a1\_work\dbded102\vso\gallery\service\web\gallery\client\controls\carousel\tests\tests.carousel.viewmodel.ts" id="7c5a42ba-df57-42f3-9456-b68acfbea35b">
      <Execution id="817da9cd-5723-484e-91d3-0025133d22eb" />
      <TestMethod codeBase="d:\v2.0\a1\_work\dbded102\vso\gallery\service\web\gallery\client\controls\carousel\tests\tests.carousel.viewmodel.ts" adapterTypeName="Microsoft.VisualStudio.TestTools.TestTypes.Unit.UnitTestAdapter" className="d:\v2.0\a1\_work\dbded102\vso\gallery\service\web\gallery\client\controls\carousel\tests\tests.carousel.viewmodel" name="CarouselModel IndexUpdatesOnScrollUsingScrollButtons_TotalItemsMultipleOfViewPortItems" />
    </UnitTest>
    <UnitTest name="CarouselModel IndexUpdatesOnScrollUsingScrollButtons_TotalItemsNotMultipleOfViewPortItems" storage="d:\v2.0\a1\_work\dbded102\vso\gallery\service\web\gallery\client\controls\carousel\tests\tests.carousel.viewmodel.ts" id="8b8b82d3-3b09-4fd8-9318-4ee9e870c652">
      <Execution id="de0de468-a7bd-4d6d-85c1-d9a60c2d06fe" />
      <TestMethod codeBase="d:\v2.0\a1\_work\dbded102\vso\gallery\service\web\gallery\client\controls\carousel\tests\tests.carousel.viewmodel.ts" adapterTypeName="Microsoft.VisualStudio.TestTools.TestTypes.Unit.UnitTestAdapter" className="d:\v2.0\a1\_work\dbded102\vso\gallery\service\web\gallery\client\controls\carousel\tests\tests.carousel.viewmodel" name="CarouselModel IndexUpdatesOnScrollUsingScrollButtons_TotalItemsNotMultipleOfViewPortItems" />
    </UnitTest>
    <UnitTest name="CarouselModel IndexUpdatesOnScrollUsingScrollButtons_TotalItemsLessThanViewPortItems" storage="d:\v2.0\a1\_work\dbded102\vso\gallery\service\web\gallery\client\controls\carousel\tests\tests.carousel.viewmodel.ts" id="e2aca3cd-7a3f-4e65-a683-00fd5a4f3d96">
      <Execution id="9b3ad846-4db8-4050-968f-75cfc031e588" />
      <TestMethod codeBase="d:\v2.0\a1\_work\dbded102\vso\gallery\service\web\gallery\client\controls\carousel\tests\tests.carousel.viewmodel.ts" adapterTypeName="Microsoft.VisualStudio.TestTools.TestTypes.Unit.UnitTestAdapter" className="d:\v2.0\a1\_work\dbded102\vso\gallery\service\web\gallery\client\controls\carousel\tests\tests.carousel.viewmodel" name="CarouselModel IndexUpdatesOnScrollUsingScrollButtons_TotalItemsLessThanViewPortItems" />
    </UnitTest>
    <UnitTest name="CarouselModel IndicatorCounts" storage="d:\v2.0\a1\_work\dbded102\vso\gallery\service\web\gallery\client\controls\carousel\tests\tests.carousel.viewmodel.ts" id="63e8263e-4bc6-4290-8962-28edc9199940">
      <Execution id="ec615fa2-837d-497c-a130-fec4cede58e8" />
      <TestMethod codeBase="d:\v2.0\a1\_work\dbded102\vso\gallery\service\web\gallery\client\controls\carousel\tests\tests.carousel.viewmodel.ts" adapterTypeName="Microsoft.VisualStudio.TestTools.TestTypes.Unit.UnitTestAdapter" className="d:\v2.0\a1\_work\dbded102\vso\gallery\service\web\gallery\client\controls\carousel\tests\tests.carousel.viewmodel" name="CarouselModel IndicatorCounts" />
    </UnitTest>
    <UnitTest name="CarouselModel IndexUpdatesOnScrollUsingIndicators_TotalItemsMultipleOfViewPortItems" storage="d:\v2.0\a1\_work\dbded102\vso\gallery\service\web\gallery\client\controls\carousel\tests\tests.carousel.viewmodel.ts" id="fc9b5891-1f02-4d76-a61a-d0219708d70c">
      <Execution id="b6898180-13e2-404a-8912-9ee91db441fb" />
      <TestMethod codeBase="d:\v2.0\a1\_work\dbded102\vso\gallery\service\web\gallery\client\controls\carousel\tests\tests.carousel.viewmodel.ts" adapterTypeName="Microsoft.VisualStudio.TestTools.TestTypes.Unit.UnitTestAdapter" className="d:\v2.0\a1\_work\dbded102\vso\gallery\service\web\gallery\client\controls\carousel\tests\tests.carousel.viewmodel" name="CarouselModel IndexUpdatesOnScrollUsingIndicators_TotalItemsMultipleOfViewPortItems" />
    </UnitTest>
    <UnitTest name="CarouselModel IndexUpdatesOnScrollUsingIndicators_TotalItemsNotMultipleOfViewPortItems" storage="d:\v2.0\a1\_work\dbded102\vso\gallery\service\web\gallery\client\controls\carousel\tests\tests.carousel.viewmodel.ts" id="2ddaac95-02d0-4229-8473-90649e09eb54">
      <Execution id="61e0d464-b21a-4b9a-8b27-2efc3b1cbcd1" />
      <TestMethod codeBase="d:\v2.0\a1\_work\dbded102\vso\gallery\service\web\gallery\client\controls\carousel\tests\tests.carousel.viewmodel.ts" adapterTypeName="Microsoft.VisualStudio.TestTools.TestTypes.Unit.UnitTestAdapter" className="d:\v2.0\a1\_work\dbded102\vso\gallery\service\web\gallery\client\controls\carousel\tests\tests.carousel.viewmodel" name="CarouselModel IndexUpdatesOnScrollUsingIndicators_TotalItemsNotMultipleOfViewPortItems" />
    </UnitTest>
    <UnitTest name="CarouselModel IndexUpdatesOnScrollUsingIndicators_TotalItemsLessThanViewPortItems" storage="d:\v2.0\a1\_work\dbded102\vso\gallery\service\web\gallery\client\controls\carousel\tests\tests.carousel.viewmodel.ts" id="82508e2f-6044-460c-b14c-f5b4475ff80c">
      <Execution id="590e0b9a-1ba5-44aa-b60b-d1a8bb9c0d84" />
      <TestMethod codeBase="d:\v2.0\a1\_work\dbded102\vso\gallery\service\web\gallery\client\controls\carousel\tests\tests.carousel.viewmodel.ts" adapterTypeName="Microsoft.VisualStudio.TestTools.TestTypes.Unit.UnitTestAdapter" className="d:\v2.0\a1\_work\dbded102\vso\gallery\service\web\gallery\client\controls\carousel\tests\tests.carousel.viewmodel" name="CarouselModel IndexUpdatesOnScrollUsingIndicators_TotalItemsLessThanViewPortItems" />
    </UnitTest>
    <UnitTest name="CarouselModel AutoPlay" storage="d:\v2.0\a1\_work\dbded102\vso\gallery\service\web\gallery\client\controls\carousel\tests\tests.carousel.viewmodel.ts" id="be45256b-51c3-45d2-b9ca-fbf7128278f6">
      <Execution id="69bbe480-fbeb-4c36-82b5-9a89801b0395" />
      <TestMethod codeBase="d:\v2.0\a1\_work\dbded102\vso\gallery\service\web\gallery\client\controls\carousel\tests\tests.carousel.viewmodel.ts" adapterTypeName="Microsoft.VisualStudio.TestTools.TestTypes.Unit.UnitTestAdapter" className="d:\v2.0\a1\_work\dbded102\vso\gallery\service\web\gallery\client\controls\carousel\tests\tests.carousel.viewmodel" name="CarouselModel AutoPlay" />
    </UnitTest>
    <UnitTest name="VSItemTileModel VerifyVSItemTileViewModel" storage="d:\v2.0\a1\_work\dbded102\vso\gallery\service\web\gallery\client\controls\vsitemtile\tests\tests.vsitemtile.viewmodel.ts" id="2226f683-1b02-4682-a82b-78eac2fc7dcf">
      <Execution id="8fdba286-8a1a-4916-993e-251cf35bf00c" />
      <TestMethod codeBase="d:\v2.0\a1\_work\dbded102\vso\gallery\service\web\gallery\client\controls\vsitemtile\tests\tests.vsitemtile.viewmodel.ts" adapterTypeName="Microsoft.VisualStudio.TestTools.TestTypes.Unit.UnitTestAdapter" className="d:\v2.0\a1\_work\dbded102\vso\gallery\service\web\gallery\client\controls\vsitemtile\tests\tests.vsitemtile.viewmodel" name="VSItemTileModel VerifyVSItemTileViewModel" />
    </UnitTest>
    <UnitTest name="VSSItemDetailsViewModel ViewModelMembersUpdateTest" storage="d:\v2.0\a1\_work\dbded102\vso\gallery\service\web\gallery\client\controls\vssitemdetails\tests\tests.vssitemdetailscontrol.viewmodel.ts" id="f4886e6a-8cc9-450f-afca-11261c07ea7e">
      <Execution id="a2c54633-349e-4876-92ff-d29a5745b80e" />
      <TestMethod codeBase="d:\v2.0\a1\_work\dbded102\vso\gallery\service\web\gallery\client\controls\vssitemdetails\tests\tests.vssitemdetailscontrol.viewmodel.ts" adapterTypeName="Microsoft.VisualStudio.TestTools.TestTypes.Unit.UnitTestAdapter" className="d:\v2.0\a1\_work\dbded102\vso\gallery\service\web\gallery\client\controls\vssitemdetails\tests\tests.vssitemdetailscontrol.viewmodel" name="VSSItemDetailsViewModel ViewModelMembersUpdateTest" />
    </UnitTest>
    <UnitTest name="VSSItemDetailsViewModel InitializationActionTest" storage="d:\v2.0\a1\_work\dbded102\vso\gallery\service\web\gallery\client\controls\vssitemdetails\tests\tests.vssitemdetailscontrol.viewmodel.ts" id="de2631a6-b156-44dd-a8dd-5c08959f3f9f">
      <Execution id="1951ef91-7b7e-456b-98d1-b5c9259d3681" />
      <TestMethod codeBase="d:\v2.0\a1\_work\dbded102\vso\gallery\service\web\gallery\client\controls\vssitemdetails\tests\tests.vssitemdetailscontrol.viewmodel.ts" adapterTypeName="Microsoft.VisualStudio.TestTools.TestTypes.Unit.UnitTestAdapter" className="d:\v2.0\a1\_work\dbded102\vso\gallery\service\web\gallery\client\controls\vssitemdetails\tests\tests.vssitemdetailscontrol.viewmodel" name="VSSItemDetailsViewModel InitializationActionTest" />
    </UnitTest>
  </TestDefinitions>
  <TestEntries>
    <TestEntry testId="ce375a09-03e6-432c-8518-b8134d255a9b" executionId="6cba9f9b-8d67-431f-a127-4f2df728a12e" testListId="8c84fa94-04c1-424b-9868-57a2d4851a1d" />
    <TestEntry testId="cf126092-8523-4fd1-9299-702040142cc5" executionId="9a08570b-a66b-49ee-8a40-ec5bdf03f111" testListId="8c84fa94-04c1-424b-9868-57a2d4851a1d" />
    <TestEntry testId="29c2d921-cae2-4688-aa8e-caf912c3fdcc" executionId="2ebcf9fe-2dd1-488e-a7cb-294754417804" testListId="8c84fa94-04c1-424b-9868-57a2d4851a1d" />
    <TestEntry testId="1a51ccfb-8e72-4c90-b227-975473b9bdd4" executionId="6ec605da-128c-442c-9a87-0f9de99e4a5a" testListId="8c84fa94-04c1-424b-9868-57a2d4851a1d" />
    <TestEntry testId="1372a9e4-60ed-4c3f-9405-08f1ab1e0444" executionId="12d505eb-27a1-4829-8080-6ed7bcc7ec98" testListId="8c84fa94-04c1-424b-9868-57a2d4851a1d" />
    <TestEntry testId="34f5cb3b-4e54-42c2-a6d8-fd9788275b03" executionId="d53e6edb-e410-4902-8017-6209317be56a" testListId="8c84fa94-04c1-424b-9868-57a2d4851a1d" />
    <TestEntry testId="c7089b77-e00c-48bc-9f32-500b468ef582" executionId="6a61e0da-7ae9-45f0-9a95-9769feedfe8f" testListId="8c84fa94-04c1-424b-9868-57a2d4851a1d" />
    <TestEntry testId="51d0a7d9-3379-4da0-b41c-157760169d9e" executionId="299c3618-226b-48ec-bffc-8245dfcf3549" testListId="8c84fa94-04c1-424b-9868-57a2d4851a1d" />
    <TestEntry testId="9c7ad22d-1edf-4329-abd8-5d619854cb3f" executionId="d2f7ad5c-1618-41d2-9d43-233ceef70ba3" testListId="8c84fa94-04c1-424b-9868-57a2d4851a1d" />
    <TestEntry testId="dafd1496-6d29-4905-83ec-af469afa9045" executionId="f7e5d1e2-0c7d-4a41-b30c-d6ab92329032" testListId="8c84fa94-04c1-424b-9868-57a2d4851a1d" />
    <TestEntry testId="d9f4c516-cf02-41e4-a237-e3938dddd719" executionId="1bc8d3bc-990e-40af-a6aa-76c5ea27c4b5" testListId="8c84fa94-04c1-424b-9868-57a2d4851a1d" />
    <TestEntry testId="c81a30be-2b9f-483a-a7fc-077195f9c88a" executionId="a36fc528-ef94-4a4c-8aed-5561b18b1db4" testListId="8c84fa94-04c1-424b-9868-57a2d4851a1d" />
    <TestEntry testId="173963b8-c0a9-462d-ba07-bb2296cdf9ff" executionId="1be3b067-afea-44a8-8b01-a1f5a29cc16b" testListId="8c84fa94-04c1-424b-9868-57a2d4851a1d" />
    <TestEntry testId="3c4b167a-c829-4b47-b289-744cc8e06783" executionId="47b92385-2ad5-41c2-a525-72f7d08544d0" testListId="8c84fa94-04c1-424b-9868-57a2d4851a1d" />
    <TestEntry testId="4e008476-98b1-4426-ae7b-9206e5a6ae75" executionId="01ff24b6-175f-41a6-b99d-21506ac26da3" testListId="8c84fa94-04c1-424b-9868-57a2d4851a1d" />
    <TestEntry testId="5b1d95ac-4d5e-4252-a4b5-34f5e3e2bd53" executionId="18d96faf-68ad-4df8-b50b-e99b51646513" testListId="8c84fa94-04c1-424b-9868-57a2d4851a1d" />
    <TestEntry testId="96046acf-a257-4d19-844f-1df276febb1e" executionId="69402fab-759b-49e8-92fb-3192a659e2d6" testListId="8c84fa94-04c1-424b-9868-57a2d4851a1d" />
    <TestEntry testId="e30c2ee7-2e76-4859-8e46-26e6836ddbe8" executionId="8af24ea5-9ee5-406c-ad0d-5a15f18dd5c2" testListId="8c84fa94-04c1-424b-9868-57a2d4851a1d" />
    <TestEntry testId="aedcd19d-f3a4-44aa-80c6-9216c8da4a71" executionId="6ba5b8a0-465e-4b7c-9db2-72202564c734" testListId="8c84fa94-04c1-424b-9868-57a2d4851a1d" />
    <TestEntry testId="dbf42f94-1e2e-401b-a0c7-6a8ad6354eab" executionId="9320d3a4-1a85-4d16-b033-8b4f592898fa" testListId="8c84fa94-04c1-424b-9868-57a2d4851a1d" />
    <TestEntry testId="7c5a42ba-df57-42f3-9456-b68acfbea35b" executionId="817da9cd-5723-484e-91d3-0025133d22eb" testListId="8c84fa94-04c1-424b-9868-57a2d4851a1d" />
    <TestEntry testId="8b8b82d3-3b09-4fd8-9318-4ee9e870c652" executionId="de0de468-a7bd-4d6d-85c1-d9a60c2d06fe" testListId="8c84fa94-04c1-424b-9868-57a2d4851a1d" />
    <TestEntry testId="e2aca3cd-7a3f-4e65-a683-00fd5a4f3d96" executionId="9b3ad846-4db8-4050-968f-75cfc031e588" testListId="8c84fa94-04c1-424b-9868-57a2d4851a1d" />
    <TestEntry testId="63e8263e-4bc6-4290-8962-28edc9199940" executionId="ec615fa2-837d-497c-a130-fec4cede58e8" testListId="8c84fa94-04c1-424b-9868-57a2d4851a1d" />
    <TestEntry testId="fc9b5891-1f02-4d76-a61a-d0219708d70c" executionId="b6898180-13e2-404a-8912-9ee91db441fb" testListId="8c84fa94-04c1-424b-9868-57a2d4851a1d" />
    <TestEntry testId="2ddaac95-02d0-4229-8473-90649e09eb54" executionId="61e0d464-b21a-4b9a-8b27-2efc3b1cbcd1" testListId="8c84fa94-04c1-424b-9868-57a2d4851a1d" />
    <TestEntry testId="82508e2f-6044-460c-b14c-f5b4475ff80c" executionId="590e0b9a-1ba5-44aa-b60b-d1a8bb9c0d84" testListId="8c84fa94-04c1-424b-9868-57a2d4851a1d" />
    <TestEntry testId="be45256b-51c3-45d2-b9ca-fbf7128278f6" executionId="69bbe480-fbeb-4c36-82b5-9a89801b0395" testListId="8c84fa94-04c1-424b-9868-57a2d4851a1d" />
    <TestEntry testId="2226f683-1b02-4682-a82b-78eac2fc7dcf" executionId="8fdba286-8a1a-4916-993e-251cf35bf00c" testListId="8c84fa94-04c1-424b-9868-57a2d4851a1d" />
    <TestEntry testId="f4886e6a-8cc9-450f-afca-11261c07ea7e" executionId="a2c54633-349e-4876-92ff-d29a5745b80e" testListId="8c84fa94-04c1-424b-9868-57a2d4851a1d" />
    <TestEntry testId="de2631a6-b156-44dd-a8dd-5c08959f3f9f" executionId="1951ef91-7b7e-456b-98d1-b5c9259d3681" testListId="8c84fa94-04c1-424b-9868-57a2d4851a1d" />
  </TestEntries>
  <TestLists>
    <TestList name="Results Not in a List" id="8c84fa94-04c1-424b-9868-57a2d4851a1d" />
    <TestList name="All Loaded Results" id="19431567-8539-422a-85d7-44ee4e166bda" />
  </TestLists>
  <ResultSummary outcome="Completed">
    <Counters total="31" executed="31" passed="31" failed="0" error="0" timeout="0" aborted="0" inconclusive="0" passedButRunAborted="0" notRunnable="0" notExecuted="0" disconnected="0" warning="0" completed="0" inProgress="0" pending="0" />
  </ResultSummary>
</TestRun>