<?xml version="1.0" encoding="UTF-8"?>
<TestRun id="fe00d4f8-d451-43a5-93fe-e7459f4fd7b1" name="tfsmladm@TFSBUILD11 2015-09-28 09:45:46" runUser="REDMOND\tfsmladm" xmlns="http://microsoft.com/schemas/VisualStudio/TeamTest/2010">
  <Times creation="2015-09-28T09:45:46.0599153-07:00" queuing="2015-09-28T09:45:46.0599153-07:00" start="2015-09-28T09:45:46.0669175-07:00" finish="2015-09-28T09:45:48.8524955-07:00" />
  <TestSettings name="default" id="7100be07-9eb1-4589-8ff6-f0d1a2af1edd">
    <Execution>
      <TestTypeSpecific />
    </Execution>
    <Deployment runDeploymentRoot="tfsmladm_TFSBUILD11 2015-09-28 09_45_46" />
    <Properties />
  </TestSettings>
  <Results>
    <UnitTestResult executionId="b3ce3f22-4fb0-4647-9f9f-19cf100b6e40" testId="2e9e0470-9673-4cbb-88aa-06ba9f147f29" testName="TFSTests.Library.Build.TestSuiteBase BuildAdminSettingsVmInitTest" computerName="TFSBUILD11" duration="00:00:00.0390000" startTime="2015-09-28T09:45:46.1151833-07:00" endTime="2015-09-28T09:45:46.1151833-07:00" testType="13cdc9d9-ddb5-4fa4-a97d-d965ccfc6d4b" outcome="Passed" testListId="8c84fa94-04c1-424b-9868-57a2d4851a1d" relativeResultsDirectory="b3ce3f22-4fb0-4647-9f9f-19cf100b6e40" />
    <UnitTestResult executionId="c7d0ccce-62d0-4d21-9e21-865025c89205" testId="91d17c14-d121-497f-93a4-796dd15d80bc" testName="TFSTests.Library.Build.TestSuiteBase BuildAdminSettingsVmUndoTest" computerName="TFSBUILD11" duration="00:00:00.0230000" startTime="2015-09-28T09:45:46.1222409-07:00" endTime="2015-09-28T09:45:46.1222409-07:00" testType="13cdc9d9-ddb5-4fa4-a97d-d965ccfc6d4b" outcome="Passed" testListId="8c84fa94-04c1-424b-9868-57a2d4851a1d" relativeResultsDirectory="c7d0ccce-62d0-4d21-9e21-865025c89205" />
    <UnitTestResult executionId="8409d7db-6422-4446-a4db-9a2c2f39a4d4" testId="8e4aa1c7-b1a5-4b8e-9925-6361469dc532" testName="TFSTests.Library.Build.TestSuiteBase BuildAdminSettingsVmInvalidTest" computerName="TFSBUILD11" duration="00:00:00.0200000" startTime="2015-09-28T09:45:46.1222409-07:00" endTime="2015-09-28T09:45:46.1222409-07:00" testType="13cdc9d9-ddb5-4fa4-a97d-d965ccfc6d4b" outcome="Passed" testListId="8c84fa94-04c1-424b-9868-57a2d4851a1d" relativeResultsDirectory="8409d7db-6422-4446-a4db-9a2c2f39a4d4" />
    <UnitTestResult executionId="9cadb1ce-4f1d-4f54-ad98-5e912abc7b6b" testId="9df23485-3ed1-4da4-9b97-639cef8d6cae" testName="TFSTests.Library.Build.TestSuiteBase BuildAdminSettingsVmDirtyTest" computerName="TFSBUILD11" duration="00:00:00.0200000" startTime="2015-09-28T09:45:46.1222409-07:00" endTime="2015-09-28T09:45:46.1222409-07:00" testType="13cdc9d9-ddb5-4fa4-a97d-d965ccfc6d4b" outcome="Passed" testListId="8c84fa94-04c1-424b-9868-57a2d4851a1d" relativeResultsDirectory="9cadb1ce-4f1d-4f54-ad98-5e912abc7b6b" />
    <UnitTestResult executionId="7a0955bb-a6bc-4657-82e5-8f5ffc7c929a" testId="e0b8665b-8d79-4f18-a4e0-1ddec27b46ea" testName="TFSTests.Library.Build.TestSuiteBase ArtifactExplorerDialogPopulateTreeTest" computerName="TFSBUILD11" duration="00:00:00.0260000" startTime="2015-09-28T09:45:46.1281987-07:00" endTime="2015-09-28T09:45:46.1281987-07:00" testType="13cdc9d9-ddb5-4fa4-a97d-d965ccfc6d4b" outcome="Passed" testListId="8c84fa94-04c1-424b-9868-57a2d4851a1d" relativeResultsDirectory="7a0955bb-a6bc-4657-82e5-8f5ffc7c929a" />
    <UnitTestResult executionId="62e825f6-8972-44d6-8441-3014c009fcc4" testId="43f96bc6-f3fc-4f49-9812-e23d77bc472e" testName="TFSTests.Library.Build.TestSuiteBase ArtifactExplorerDialogPopulateTreeWeirdNamesTest" computerName="TFSBUILD11" duration="00:00:00.0180000" startTime="2015-09-28T09:45:46.1281987-07:00" endTime="2015-09-28T09:45:46.1281987-07:00" testType="13cdc9d9-ddb5-4fa4-a97d-d965ccfc6d4b" outcome="Passed" testListId="8c84fa94-04c1-424b-9868-57a2d4851a1d" relativeResultsDirectory="62e825f6-8972-44d6-8441-3014c009fcc4" />
    <UnitTestResult executionId="66f9f89e-7790-4023-a72a-e9a791e0fb6f" testId="036bc7b7-5fd5-4cbf-92fa-8900113016e9" testName="TFSTests.Library.Build.TestSuiteBase AddTemplatesDialogModelTest" computerName="TFSBUILD11" duration="00:00:00.0270000" startTime="2015-09-28T09:45:46.1281987-07:00" endTime="2015-09-28T09:45:46.1281987-07:00" testType="13cdc9d9-ddb5-4fa4-a97d-d965ccfc6d4b" outcome="Passed" testListId="8c84fa94-04c1-424b-9868-57a2d4851a1d" relativeResultsDirectory="66f9f89e-7790-4023-a72a-e9a791e0fb6f" />
    <UnitTestResult executionId="195faefa-4bda-4ea8-aabe-6f6b36e631c0" testId="056f3a12-b61b-4574-aa2b-b6303996074c" testName="TFSTests.Library.Build.TestSuiteBase TestXamlBuildManageQualitiesControl" computerName="TFSBUILD11" duration="00:00:00.0740000" startTime="2015-09-28T09:45:46.1281987-07:00" endTime="2015-09-28T09:45:46.1281987-07:00" testType="13cdc9d9-ddb5-4fa4-a97d-d965ccfc6d4b" outcome="Passed" testListId="8c84fa94-04c1-424b-9868-57a2d4851a1d" relativeResultsDirectory="195faefa-4bda-4ea8-aabe-6f6b36e631c0" />
    <UnitTestResult executionId="1476b91c-98c1-4402-80d6-22d3903f461e" testId="5250c67a-5c80-405d-b867-a88e9ff1e97c" testName="TFSTests.Library.Build.TestSuiteBase TestLogControl" computerName="TFSBUILD11" duration="00:00:00.0290000" startTime="2015-09-28T09:45:46.1281987-07:00" endTime="2015-09-28T09:45:46.1281987-07:00" testType="13cdc9d9-ddb5-4fa4-a97d-d965ccfc6d4b" outcome="Passed" testListId="8c84fa94-04c1-424b-9868-57a2d4851a1d" relativeResultsDirectory="1476b91c-98c1-4402-80d6-22d3903f461e" />
    <UnitTestResult executionId="fd2cde37-7446-4e2d-a3d0-74afd3eadb65" testId="c6034813-084b-437c-a159-1bc67cb949b8" testName="TFSTests.Library.Build.TestSuiteBase TaskInputDefinitionVmInitTest" computerName="TFSBUILD11" duration="00:00:00.0190000" startTime="2015-09-28T09:45:46.1733512-07:00" endTime="2015-09-28T09:45:46.1733512-07:00" testType="13cdc9d9-ddb5-4fa4-a97d-d965ccfc6d4b" outcome="Passed" testListId="8c84fa94-04c1-424b-9868-57a2d4851a1d" relativeResultsDirectory="fd2cde37-7446-4e2d-a3d0-74afd3eadb65" />
    <UnitTestResult executionId="2157a58a-284f-4f1b-84e2-e60d8ebddb06" testId="d164532a-fdf6-47f8-9add-cc53e3639862" testName="TFSTests.Library.Build.TestSuiteBase TaskInputDefinitionVmDirtyTest" computerName="TFSBUILD11" duration="00:00:00.0160000" startTime="2015-09-28T09:45:46.1733512-07:00" endTime="2015-09-28T09:45:46.1733512-07:00" testType="13cdc9d9-ddb5-4fa4-a97d-d965ccfc6d4b" outcome="Passed" testListId="8c84fa94-04c1-424b-9868-57a2d4851a1d" relativeResultsDirectory="2157a58a-284f-4f1b-84e2-e60d8ebddb06" />
    <UnitTestResult executionId="3c17b293-63b6-47a2-9e29-7c0cdf80d566" testId="6007353b-65df-4494-8a8d-e0676900e711" testName="TFSTests.Library.Build.TestSuiteBase TaskInputDefinitionVisibilities" computerName="TFSBUILD11" duration="00:00:00.0240000" startTime="2015-09-28T09:45:46.1733512-07:00" endTime="2015-09-28T09:45:46.1733512-07:00" testType="13cdc9d9-ddb5-4fa4-a97d-d965ccfc6d4b" outcome="Passed" testListId="8c84fa94-04c1-424b-9868-57a2d4851a1d" relativeResultsDirectory="3c17b293-63b6-47a2-9e29-7c0cdf80d566" />
    <UnitTestResult executionId="9176b031-35d3-46fa-b2cb-965bd44ca253" testId="cf530bdd-8a31-44a0-baab-448ca8307807" testName="TFSTests.Library.Build.TestSuiteBase FilterVmInitTest" computerName="TFSBUILD11" duration="00:00:00.0150000" startTime="2015-09-28T09:45:46.1733512-07:00" endTime="2015-09-28T09:45:46.1733512-07:00" testType="13cdc9d9-ddb5-4fa4-a97d-d965ccfc6d4b" outcome="Passed" testListId="8c84fa94-04c1-424b-9868-57a2d4851a1d" relativeResultsDirectory="9176b031-35d3-46fa-b2cb-965bd44ca253" />
    <UnitTestResult executionId="28decbd6-c070-466a-84d9-4f3a0666bd0e" testId="3d784b78-f87f-457a-99a2-8dc3e912044d" testName="TFSTests.Library.Build.TestSuiteBase FilterVmEqualsTest" computerName="TFSBUILD11" duration="00:00:00.0230000" startTime="2015-09-28T09:45:46.1733512-07:00" endTime="2015-09-28T09:45:46.1733512-07:00" testType="13cdc9d9-ddb5-4fa4-a97d-d965ccfc6d4b" outcome="Passed" testListId="8c84fa94-04c1-424b-9868-57a2d4851a1d" relativeResultsDirectory="28decbd6-c070-466a-84d9-4f3a0666bd0e" />
    <UnitTestResult executionId="5ba668b7-149c-4cce-af68-33c228895339" testId="322598a1-5b9d-4055-97fa-4e7efddbaa3a" testName="TFSTests.Library.Build.TestSuiteBase FilterVmGetValueTest" computerName="TFSBUILD11" duration="00:00:00.0170000" startTime="2015-09-28T09:45:46.1743516-07:00" endTime="2015-09-28T09:45:46.1743516-07:00" testType="13cdc9d9-ddb5-4fa4-a97d-d965ccfc6d4b" outcome="Passed" testListId="8c84fa94-04c1-424b-9868-57a2d4851a1d" relativeResultsDirectory="5ba668b7-149c-4cce-af68-33c228895339" />
    <UnitTestResult executionId="fa54896f-646e-4746-b51c-461a191c01c1" testId="db6027e1-41a7-4489-8e8f-a854e1c14e0f" testName="TFSTests.Library.Build.TestSuiteBase FilterVmInvalidTest" computerName="TFSBUILD11" duration="00:00:00.0140000" startTime="2015-09-28T09:45:46.1743516-07:00" endTime="2015-09-28T09:45:46.1743516-07:00" testType="13cdc9d9-ddb5-4fa4-a97d-d965ccfc6d4b" outcome="Passed" testListId="8c84fa94-04c1-424b-9868-57a2d4851a1d" relativeResultsDirectory="fa54896f-646e-4746-b51c-461a191c01c1" />
    <UnitTestResult executionId="6c46af89-00f7-43fa-b9a6-ece91ec8655f" testId="58a02e54-1247-45d5-946b-4b05956a4847" testName="TFSTests.Library.Build.TestSuiteBase DemandInitTest" computerName="TFSBUILD11" duration="00:00:00.0170000" startTime="2015-09-28T09:45:46.1743516-07:00" endTime="2015-09-28T09:45:46.1743516-07:00" testType="13cdc9d9-ddb5-4fa4-a97d-d965ccfc6d4b" outcome="Passed" testListId="8c84fa94-04c1-424b-9868-57a2d4851a1d" relativeResultsDirectory="6c46af89-00f7-43fa-b9a6-ece91ec8655f" />
    <UnitTestResult executionId="03d27046-3a0b-4de6-9a8d-6fa3265db596" testId="ee71ffc3-732d-48f7-a370-0660219baa40" testName="TFSTests.Library.Build.TestSuiteBase DemandDirtyTest" computerName="TFSBUILD11" duration="00:00:00.0150000" startTime="2015-09-28T09:45:46.1743516-07:00" endTime="2015-09-28T09:45:46.1743516-07:00" testType="13cdc9d9-ddb5-4fa4-a97d-d965ccfc6d4b" outcome="Passed" testListId="8c84fa94-04c1-424b-9868-57a2d4851a1d" relativeResultsDirectory="03d27046-3a0b-4de6-9a8d-6fa3265db596" />
    <UnitTestResult executionId="2ef0bb4c-da31-446a-9852-dc785abdd23a" testId="b8e641e8-b3c9-4474-8bc9-92de408561ae" testName="TFSTests.Library.Build.TestSuiteBase DemandInvalidTest" computerName="TFSBUILD11" duration="00:00:00.0180000" startTime="2015-09-28T09:45:46.3456029-07:00" endTime="2015-09-28T09:45:46.3456029-07:00" testType="13cdc9d9-ddb5-4fa4-a97d-d965ccfc6d4b" outcome="Passed" testListId="8c84fa94-04c1-424b-9868-57a2d4851a1d" relativeResultsDirectory="2ef0bb4c-da31-446a-9852-dc785abdd23a" />
    <UnitTestResult executionId="c2441e33-76bd-4dcd-9095-f480c8b42a23" testId="ee64e44b-7ea5-487b-b33a-c6235f044400" testName="TFSTests.Library.Build.TestSuiteBase DemandGetValueTest" computerName="TFSBUILD11" duration="00:00:00.0150000" startTime="2015-09-28T09:45:46.3466033-07:00" endTime="2015-09-28T09:45:46.3466033-07:00" testType="13cdc9d9-ddb5-4fa4-a97d-d965ccfc6d4b" outcome="Passed" testListId="8c84fa94-04c1-424b-9868-57a2d4851a1d" relativeResultsDirectory="c2441e33-76bd-4dcd-9095-f480c8b42a23" />
    <UnitTestResult executionId="9f8d861d-a636-4d0f-b443-f5a079081a8e" testId="4df93c98-7534-4270-ae2b-68c6f82838f6" testName="TFSTests.Library.Build.TestSuiteBase GeneralInitTest" computerName="TFSBUILD11" duration="00:00:00.0280000" startTime="2015-09-28T09:45:46.3466033-07:00" endTime="2015-09-28T09:45:46.3466033-07:00" testType="13cdc9d9-ddb5-4fa4-a97d-d965ccfc6d4b" outcome="Passed" testListId="8c84fa94-04c1-424b-9868-57a2d4851a1d" relativeResultsDirectory="9f8d861d-a636-4d0f-b443-f5a079081a8e" />
    <UnitTestResult executionId="577e267e-bea0-455b-900a-448c56619076" testId="c8f6045f-4966-4932-824f-ca4869e7437e" testName="TFSTests.Library.Build.TestSuiteBase GeneralDirtyTest" computerName="TFSBUILD11" duration="00:00:00.0210000" startTime="2015-09-28T09:45:46.3466033-07:00" endTime="2015-09-28T09:45:46.3466033-07:00" testType="13cdc9d9-ddb5-4fa4-a97d-d965ccfc6d4b" outcome="Passed" testListId="8c84fa94-04c1-424b-9868-57a2d4851a1d" relativeResultsDirectory="577e267e-bea0-455b-900a-448c56619076" />
    <UnitTestResult executionId="98e37af3-0181-4dcb-a893-a032de56df18" testId="c27ba63a-0a32-492a-bf15-a1af8c7277be" testName="TFSTests.Library.Build.TestSuiteBase GeneralInvalidTest" computerName="TFSBUILD11" duration="00:00:00.0170000" startTime="2015-09-28T09:45:46.3466033-07:00" endTime="2015-09-28T09:45:46.3466033-07:00" testType="13cdc9d9-ddb5-4fa4-a97d-d965ccfc6d4b" outcome="Passed" testListId="8c84fa94-04c1-424b-9868-57a2d4851a1d" relativeResultsDirectory="98e37af3-0181-4dcb-a893-a032de56df18" />
    <UnitTestResult executionId="d1ae33e2-adc2-4f01-98b5-adbbd1d84672" testId="c1059a12-64fa-46a5-833d-7f31508adafa" testName="TFSTests.Library.Build.TestSuiteBase GeneralGetValueTest" computerName="TFSBUILD11" duration="00:00:00.0170000" startTime="2015-09-28T09:45:46.3466033-07:00" endTime="2015-09-28T09:45:46.3466033-07:00" testType="13cdc9d9-ddb5-4fa4-a97d-d965ccfc6d4b" outcome="Passed" testListId="8c84fa94-04c1-424b-9868-57a2d4851a1d" relativeResultsDirectory="d1ae33e2-adc2-4f01-98b5-adbbd1d84672" />
    <UnitTestResult executionId="72c717ca-fc2c-49e8-941e-089c2938bde7" testId="02a56ddd-2a07-4e19-a0a6-3aaae73971ec" testName="TFSTests.Library.Build.TestSuiteBase OptionsDefinitionInputVmInitTest" computerName="TFSBUILD11" duration="00:00:00.0160000" startTime="2015-09-28T09:45:46.3466033-07:00" endTime="2015-09-28T09:45:46.3466033-07:00" testType="13cdc9d9-ddb5-4fa4-a97d-d965ccfc6d4b" outcome="Passed" testListId="8c84fa94-04c1-424b-9868-57a2d4851a1d" relativeResultsDirectory="72c717ca-fc2c-49e8-941e-089c2938bde7" />
    <UnitTestResult executionId="263f5978-33bf-43d2-b01a-5cffcbb86f31" testId="d6a5dba0-21e9-4724-a35e-e7d16dd6364c" testName="TFSTests.Library.Build.TestSuiteBase OptionsDefinitionInputVmDirtyTest" computerName="TFSBUILD11" duration="00:00:00.0170000" startTime="2015-09-28T09:45:46.3466033-07:00" endTime="2015-09-28T09:45:46.3466033-07:00" testType="13cdc9d9-ddb5-4fa4-a97d-d965ccfc6d4b" outcome="Passed" testListId="8c84fa94-04c1-424b-9868-57a2d4851a1d" relativeResultsDirectory="263f5978-33bf-43d2-b01a-5cffcbb86f31" />
    <UnitTestResult executionId="e84463e0-3cf9-401b-bd73-65490ab9484e" testId="73f0d3d3-d3dd-4227-82ae-85818c13706f" testName="TFSTests.Library.Build.TestSuiteBase OptionsDefinitionVmInitTest" computerName="TFSBUILD11" duration="00:00:00.0170000" startTime="2015-09-28T09:45:46.3466033-07:00" endTime="2015-09-28T09:45:46.3466033-07:00" testType="13cdc9d9-ddb5-4fa4-a97d-d965ccfc6d4b" outcome="Passed" testListId="8c84fa94-04c1-424b-9868-57a2d4851a1d" relativeResultsDirectory="e84463e0-3cf9-401b-bd73-65490ab9484e" />
    <UnitTestResult executionId="011be2f8-4eb5-4e06-8a55-e9e8b348a6b3" testId="56245ed3-eb4c-4bc5-be82-1d1d1082f227" testName="TFSTests.Library.Build.TestSuiteBase OptionsDefinitionVmDirtyTest" computerName="TFSBUILD11" duration="00:00:00.0160000" startTime="2015-09-28T09:45:46.5137488-07:00" endTime="2015-09-28T09:45:46.5137488-07:00" testType="13cdc9d9-ddb5-4fa4-a97d-d965ccfc6d4b" outcome="Passed" testListId="8c84fa94-04c1-424b-9868-57a2d4851a1d" relativeResultsDirectory="011be2f8-4eb5-4e06-8a55-e9e8b348a6b3" />
    <UnitTestResult executionId="1eb7dc11-eefe-4e78-947d-1bfe8eb780ed" testId="d8074f0c-25ba-46df-a875-3c2047ed6e86" testName="TFSTests.Library.Build.TestSuiteBase VerifyRepositoryChanges" computerName="TFSBUILD11" duration="00:00:00.0220000" startTime="2015-09-28T09:45:46.5137488-07:00" endTime="2015-09-28T09:45:46.5137488-07:00" testType="13cdc9d9-ddb5-4fa4-a97d-d965ccfc6d4b" outcome="Passed" testListId="8c84fa94-04c1-424b-9868-57a2d4851a1d" relativeResultsDirectory="1eb7dc11-eefe-4e78-947d-1bfe8eb780ed" />
    <UnitTestResult executionId="04e2d612-6f98-42a2-8eb3-9fb79f91ce28" testId="d62b973d-f434-438b-a518-53d5b9a2cebd" testName="TFSTests.Library.Build.TestSuiteBase RetentionRuleVmInitTest" computerName="TFSBUILD11" duration="00:00:00.0290000" startTime="2015-09-28T09:45:46.5137488-07:00" endTime="2015-09-28T09:45:46.5137488-07:00" testType="13cdc9d9-ddb5-4fa4-a97d-d965ccfc6d4b" outcome="Passed" testListId="8c84fa94-04c1-424b-9868-57a2d4851a1d" relativeResultsDirectory="04e2d612-6f98-42a2-8eb3-9fb79f91ce28" />
    <UnitTestResult executionId="fa1b9f00-a8d8-4624-85eb-9040479762f4" testId="77fe79d3-ccc0-44e0-afca-3ebae1a2db59" testName="TFSTests.Library.Build.TestSuiteBase RetentionRuleVmUpdateTest" computerName="TFSBUILD11" duration="00:00:00.0170000" startTime="2015-09-28T09:45:46.5137488-07:00" endTime="2015-09-28T09:45:46.5137488-07:00" testType="13cdc9d9-ddb5-4fa4-a97d-d965ccfc6d4b" outcome="Passed" testListId="8c84fa94-04c1-424b-9868-57a2d4851a1d" relativeResultsDirectory="fa1b9f00-a8d8-4624-85eb-9040479762f4" />
    <UnitTestResult executionId="9ae0c671-6a83-4c17-aa31-fadbe41757c5" testId="68264c86-6f76-42fc-ad56-81f24df93f38" testName="TFSTests.Library.Build.TestSuiteBase RetentionRuleVmDirtyTest" computerName="TFSBUILD11" duration="00:00:00.0160000" startTime="2015-09-28T09:45:46.5137488-07:00" endTime="2015-09-28T09:45:46.5137488-07:00" testType="13cdc9d9-ddb5-4fa4-a97d-d965ccfc6d4b" outcome="Passed" testListId="8c84fa94-04c1-424b-9868-57a2d4851a1d" relativeResultsDirectory="9ae0c671-6a83-4c17-aa31-fadbe41757c5" />
    <UnitTestResult executionId="ac5d1279-6c0c-4d30-942a-7c0323aee39f" testId="1c948712-58a6-40a3-afd0-d3f1551ce073" testName="TFSTests.Library.Build.TestSuiteBase RetentionRuleVmInvalidTest" computerName="TFSBUILD11" duration="00:00:00.0170000" startTime="2015-09-28T09:45:46.5137488-07:00" endTime="2015-09-28T09:45:46.5137488-07:00" testType="13cdc9d9-ddb5-4fa4-a97d-d965ccfc6d4b" outcome="Passed" testListId="8c84fa94-04c1-424b-9868-57a2d4851a1d" relativeResultsDirectory="ac5d1279-6c0c-4d30-942a-7c0323aee39f" />
    <UnitTestResult executionId="9402f24d-12a0-41a2-8367-f5b99e7fdaa9" testId="6a2b272e-3fbc-469c-aed1-df6bb9ccd422" testName="TFSTests.Library.Build.TestSuiteBase RetentionRuleVmEqualsTest" computerName="TFSBUILD11" duration="00:00:00.0160000" startTime="2015-09-28T09:45:46.5137488-07:00" endTime="2015-09-28T09:45:46.5137488-07:00" testType="13cdc9d9-ddb5-4fa4-a97d-d965ccfc6d4b" outcome="Passed" testListId="8c84fa94-04c1-424b-9868-57a2d4851a1d" relativeResultsDirectory="9402f24d-12a0-41a2-8367-f5b99e7fdaa9" />
    <UnitTestResult executionId="3e7dfbed-65ed-4378-a071-d4ed9dc43667" testId="dc238593-6a87-45e6-98a8-169ce3dc0f4e" testName="TFSTests.Library.Build.TestSuiteBase RetentionRuleVmGetValueTest" computerName="TFSBUILD11" duration="00:00:00.0160000" startTime="2015-09-28T09:45:46.5137488-07:00" endTime="2015-09-28T09:45:46.5137488-07:00" testType="13cdc9d9-ddb5-4fa4-a97d-d965ccfc6d4b" outcome="Passed" testListId="8c84fa94-04c1-424b-9868-57a2d4851a1d" relativeResultsDirectory="3e7dfbed-65ed-4378-a071-d4ed9dc43667" />
    <UnitTestResult executionId="4764a304-959a-464d-bbde-6b9174615330" testId="4ac0b76a-3920-44e8-beaf-9cbdb74673b0" testName="TFSTests.Library.Build.TestSuiteBase CiTriggerVmInitTest" computerName="TFSBUILD11" duration="00:00:00.0190000" startTime="2015-09-28T09:45:46.5137488-07:00" endTime="2015-09-28T09:45:46.5137488-07:00" testType="13cdc9d9-ddb5-4fa4-a97d-d965ccfc6d4b" outcome="Passed" testListId="8c84fa94-04c1-424b-9868-57a2d4851a1d" relativeResultsDirectory="4764a304-959a-464d-bbde-6b9174615330" />
    <UnitTestResult executionId="246a6de6-a977-4bfa-a737-b3eb49adb119" testId="6d47b126-fb5a-49c0-a9f9-1afb549cd51c" testName="TFSTests.Library.Build.TestSuiteBase CiTriggerVmDirtyTest" computerName="TFSBUILD11" duration="00:00:00.0150000" startTime="2015-09-28T09:45:46.6634842-07:00" endTime="2015-09-28T09:45:46.6634842-07:00" testType="13cdc9d9-ddb5-4fa4-a97d-d965ccfc6d4b" outcome="Passed" testListId="8c84fa94-04c1-424b-9868-57a2d4851a1d" relativeResultsDirectory="246a6de6-a977-4bfa-a737-b3eb49adb119" />
    <UnitTestResult executionId="e90c90d0-7801-4f07-a13a-c9d697103024" testId="544a8b20-203e-4b6d-94a0-615421760dc2" testName="TFSTests.Library.Build.TestSuiteBase CiTriggerVmInvalidTest" computerName="TFSBUILD11" duration="00:00:00.0150000" startTime="2015-09-28T09:45:46.6634842-07:00" endTime="2015-09-28T09:45:46.6634842-07:00" testType="13cdc9d9-ddb5-4fa4-a97d-d965ccfc6d4b" outcome="Passed" testListId="8c84fa94-04c1-424b-9868-57a2d4851a1d" relativeResultsDirectory="e90c90d0-7801-4f07-a13a-c9d697103024" />
    <UnitTestResult executionId="322136e7-98bd-4c66-ab21-e57617edd6b7" testId="e0d3d3d8-9863-4cde-bf56-261eaf020994" testName="TFSTests.Library.Build.TestSuiteBase CiTriggerVmGetValueTest" computerName="TFSBUILD11" duration="00:00:00.0170000" startTime="2015-09-28T09:45:46.6634842-07:00" endTime="2015-09-28T09:45:46.6634842-07:00" testType="13cdc9d9-ddb5-4fa4-a97d-d965ccfc6d4b" outcome="Passed" testListId="8c84fa94-04c1-424b-9868-57a2d4851a1d" relativeResultsDirectory="322136e7-98bd-4c66-ab21-e57617edd6b7" />
    <UnitTestResult executionId="51d91100-05d5-4686-8249-3a3c26ba5408" testId="9d9ba0d9-1445-457e-9ab3-c0d698dd3e10" testName="TFSTests.Library.Build.TestSuiteBase SchedulDaysVmInitTest" computerName="TFSBUILD11" duration="00:00:00.0160000" startTime="2015-09-28T09:45:46.6634842-07:00" endTime="2015-09-28T09:45:46.6634842-07:00" testType="13cdc9d9-ddb5-4fa4-a97d-d965ccfc6d4b" outcome="Passed" testListId="8c84fa94-04c1-424b-9868-57a2d4851a1d" relativeResultsDirectory="51d91100-05d5-4686-8249-3a3c26ba5408" />
    <UnitTestResult executionId="1f30f657-e55b-491c-ae73-abc925656027" testId="a92fafed-c177-47e4-b584-de01dc7240ed" testName="TFSTests.Library.Build.TestSuiteBase ScheduleDaysVmFlipDayTest" computerName="TFSBUILD11" duration="00:00:00.0150000" startTime="2015-09-28T09:45:46.6634842-07:00" endTime="2015-09-28T09:45:46.6634842-07:00" testType="13cdc9d9-ddb5-4fa4-a97d-d965ccfc6d4b" outcome="Passed" testListId="8c84fa94-04c1-424b-9868-57a2d4851a1d" relativeResultsDirectory="1f30f657-e55b-491c-ae73-abc925656027" />
    <UnitTestResult executionId="72b81315-307e-4867-94fe-8e2c96a1f91e" testId="0ba669df-0630-4e70-8aa9-b1f68b133b56" testName="TFSTests.Library.Build.TestSuiteBase ScheduleDaysVmInvalidTest" computerName="TFSBUILD11" duration="00:00:00.0140000" startTime="2015-09-28T09:45:46.6634842-07:00" endTime="2015-09-28T09:45:46.6634842-07:00" testType="13cdc9d9-ddb5-4fa4-a97d-d965ccfc6d4b" outcome="Passed" testListId="8c84fa94-04c1-424b-9868-57a2d4851a1d" relativeResultsDirectory="72b81315-307e-4867-94fe-8e2c96a1f91e" />
    <UnitTestResult executionId="53f83ff9-964d-49e2-b2a0-acccec9c2bbf" testId="5a91bc02-de0a-4854-a612-e073558e2282" testName="TFSTests.Library.Build.TestSuiteBase ScheduleDaysVmDirtyTest" computerName="TFSBUILD11" duration="00:00:00.0150000" startTime="2015-09-28T09:45:46.6634842-07:00" endTime="2015-09-28T09:45:46.6634842-07:00" testType="13cdc9d9-ddb5-4fa4-a97d-d965ccfc6d4b" outcome="Passed" testListId="8c84fa94-04c1-424b-9868-57a2d4851a1d" relativeResultsDirectory="53f83ff9-964d-49e2-b2a0-acccec9c2bbf" />
    <UnitTestResult executionId="3ecc6d2c-1709-4832-a7e0-4bf2e5e4ae22" testId="51b4eed8-9ab5-4c85-b88d-dd5709087143" testName="TFSTests.Library.Build.TestSuiteBase ScheduleDaysVmGetValueTest" computerName="TFSBUILD11" duration="00:00:00.0150000" startTime="2015-09-28T09:45:46.6634842-07:00" endTime="2015-09-28T09:45:46.6634842-07:00" testType="13cdc9d9-ddb5-4fa4-a97d-d965ccfc6d4b" outcome="Passed" testListId="8c84fa94-04c1-424b-9868-57a2d4851a1d" relativeResultsDirectory="3ecc6d2c-1709-4832-a7e0-4bf2e5e4ae22" />
    <UnitTestResult executionId="496d39b8-e892-4b60-974a-5e3f0df0c222" testId="4e639d4c-b8e4-44ea-9235-cc71b96bf0cd" testName="TFSTests.Library.Build.TestSuiteBase ScheduleVmInitTest" computerName="TFSBUILD11" duration="00:00:00.0180000" startTime="2015-09-28T09:45:46.6634842-07:00" endTime="2015-09-28T09:45:46.6634842-07:00" testType="13cdc9d9-ddb5-4fa4-a97d-d965ccfc6d4b" outcome="Passed" testListId="8c84fa94-04c1-424b-9868-57a2d4851a1d" relativeResultsDirectory="496d39b8-e892-4b60-974a-5e3f0df0c222" />
    <UnitTestResult executionId="b0e14cfd-af9a-4375-8584-6eee49f43632" testId="19dcbcc0-22e9-4109-b900-0c34c6eb2a0c" testName="TFSTests.Library.Build.TestSuiteBase ScheduleVmInvalidTest" computerName="TFSBUILD11" duration="00:00:00.0220000" startTime="2015-09-28T09:45:46.8143423-07:00" endTime="2015-09-28T09:45:46.8143423-07:00" testType="13cdc9d9-ddb5-4fa4-a97d-d965ccfc6d4b" outcome="Passed" testListId="8c84fa94-04c1-424b-9868-57a2d4851a1d" relativeResultsDirectory="b0e14cfd-af9a-4375-8584-6eee49f43632" />
    <UnitTestResult executionId="6bc8f39d-abf4-42ba-b472-735f842f808d" testId="763c18f3-785a-40a1-be83-7e0ecee30629" testName="TFSTests.Library.Build.TestSuiteBase ScheduleVmDirtyTest" computerName="TFSBUILD11" duration="00:00:00.0180000" startTime="2015-09-28T09:45:46.8143423-07:00" endTime="2015-09-28T09:45:46.8143423-07:00" testType="13cdc9d9-ddb5-4fa4-a97d-d965ccfc6d4b" outcome="Passed" testListId="8c84fa94-04c1-424b-9868-57a2d4851a1d" relativeResultsDirectory="6bc8f39d-abf4-42ba-b472-735f842f808d" />
    <UnitTestResult executionId="91362c62-8c2b-4afe-8fc1-0965a408ec75" testId="03d2822b-2b69-43a5-b765-60359d2cc4e3" testName="TFSTests.Library.Build.TestSuiteBase ScheduleVmGetValueTest" computerName="TFSBUILD11" duration="00:00:00.0160000" startTime="2015-09-28T09:45:46.8143423-07:00" endTime="2015-09-28T09:45:46.8143423-07:00" testType="13cdc9d9-ddb5-4fa4-a97d-d965ccfc6d4b" outcome="Passed" testListId="8c84fa94-04c1-424b-9868-57a2d4851a1d" relativeResultsDirectory="91362c62-8c2b-4afe-8fc1-0965a408ec75" />
    <UnitTestResult executionId="73d7b7c6-a1f6-40ce-b568-e72a1f8acbf6" testId="4330f927-8621-4392-8f10-9201b4b3584b" testName="TFSTests.Library.Build.TestSuiteBase ScheduleTriggerVmInitTest" computerName="TFSBUILD11" duration="00:00:00.0180000" startTime="2015-09-28T09:45:46.8143423-07:00" endTime="2015-09-28T09:45:46.8143423-07:00" testType="13cdc9d9-ddb5-4fa4-a97d-d965ccfc6d4b" outcome="Passed" testListId="8c84fa94-04c1-424b-9868-57a2d4851a1d" relativeResultsDirectory="73d7b7c6-a1f6-40ce-b568-e72a1f8acbf6" />
    <UnitTestResult executionId="35cde421-d267-4c81-ba66-2011a51025d4" testId="08cf240f-eb26-4f2d-adc5-30dae1ebab1d" testName="TFSTests.Library.Build.TestSuiteBase ScheduleTriggerVmDirtyTest" computerName="TFSBUILD11" duration="00:00:00.0160000" startTime="2015-09-28T09:45:46.8143423-07:00" endTime="2015-09-28T09:45:46.8143423-07:00" testType="13cdc9d9-ddb5-4fa4-a97d-d965ccfc6d4b" outcome="Passed" testListId="8c84fa94-04c1-424b-9868-57a2d4851a1d" relativeResultsDirectory="35cde421-d267-4c81-ba66-2011a51025d4" />
    <UnitTestResult executionId="90e17115-5e8e-46ff-8775-e8c8413b539b" testId="044d3466-3e59-44dd-afbf-031b970c0fc9" testName="TFSTests.Library.Build.TestSuiteBase ScheduleTriggerVmInvalidTest" computerName="TFSBUILD11" duration="00:00:00.0160000" startTime="2015-09-28T09:45:46.8143423-07:00" endTime="2015-09-28T09:45:46.8143423-07:00" testType="13cdc9d9-ddb5-4fa4-a97d-d965ccfc6d4b" outcome="Passed" testListId="8c84fa94-04c1-424b-9868-57a2d4851a1d" relativeResultsDirectory="90e17115-5e8e-46ff-8775-e8c8413b539b" />
    <UnitTestResult executionId="f523d5e6-80be-42eb-83e0-a6a9c0bdb90b" testId="8a6fcd6c-dc18-4863-b908-cd32d7c8ac30" testName="TFSTests.Library.Build.TestSuiteBase ScheduleTriggerVmGetValueTest" computerName="TFSBUILD11" duration="00:00:00.0170000" startTime="2015-09-28T09:45:46.8143423-07:00" endTime="2015-09-28T09:45:46.8143423-07:00" testType="13cdc9d9-ddb5-4fa4-a97d-d965ccfc6d4b" outcome="Passed" testListId="8c84fa94-04c1-424b-9868-57a2d4851a1d" relativeResultsDirectory="f523d5e6-80be-42eb-83e0-a6a9c0bdb90b" />
    <UnitTestResult executionId="0f5cbb45-1af5-43c6-a149-9b73513834ed" testId="cca360d3-1b3c-4390-9f4b-d3ee64fa1bd5" testName="TFSTests.Library.Build.TestSuiteBase VariablesVmInitTest" computerName="TFSBUILD11" duration="00:00:00.0150000" startTime="2015-09-28T09:45:46.8143423-07:00" endTime="2015-09-28T09:45:46.8143423-07:00" testType="13cdc9d9-ddb5-4fa4-a97d-d965ccfc6d4b" outcome="Passed" testListId="8c84fa94-04c1-424b-9868-57a2d4851a1d" relativeResultsDirectory="0f5cbb45-1af5-43c6-a149-9b73513834ed" />
    <UnitTestResult executionId="4467c748-abb2-482d-a6f6-9993d69f4814" testId="ce55250f-51ff-4f1e-a5e1-fd29211d5ac8" testName="TFSTests.Library.Build.TestSuiteBase VariablesVmDirtyTest" computerName="TFSBUILD11" duration="00:00:00.0150000" startTime="2015-09-28T09:45:46.8143423-07:00" endTime="2015-09-28T09:45:46.8143423-07:00" testType="13cdc9d9-ddb5-4fa4-a97d-d965ccfc6d4b" outcome="Passed" testListId="8c84fa94-04c1-424b-9868-57a2d4851a1d" relativeResultsDirectory="4467c748-abb2-482d-a6f6-9993d69f4814" />
    <UnitTestResult executionId="77de580f-a941-4f68-bd97-71c6bbc2163a" testId="e44c2e18-5687-4b56-a505-987793ef0d32" testName="TFSTests.Library.Build.TestSuiteBase VariablesVmDirtyTest" computerName="TFSBUILD11" duration="00:00:00.0150000" startTime="2015-09-28T09:45:46.9681374-07:00" endTime="2015-09-28T09:45:46.9681374-07:00" testType="13cdc9d9-ddb5-4fa4-a97d-d965ccfc6d4b" outcome="Passed" testListId="8c84fa94-04c1-424b-9868-57a2d4851a1d" relativeResultsDirectory="77de580f-a941-4f68-bd97-71c6bbc2163a" />
    <UnitTestResult executionId="b59f86c9-686a-44c8-9dcb-fc99ac710675" testId="6ae9f840-c528-4e87-a403-e0519a1ce4f2" testName="TFSTests.Library.Build.TestSuiteBase VariablesVmGetValueTest" computerName="TFSBUILD11" duration="00:00:00.0150000" startTime="2015-09-28T09:45:46.9691375-07:00" endTime="2015-09-28T09:45:46.9691375-07:00" testType="13cdc9d9-ddb5-4fa4-a97d-d965ccfc6d4b" outcome="Passed" testListId="8c84fa94-04c1-424b-9868-57a2d4851a1d" relativeResultsDirectory="b59f86c9-686a-44c8-9dcb-fc99ac710675" />
    <UnitTestResult executionId="6a081921-84f6-437f-974e-aa268548737e" testId="d9d276d0-bdae-46e7-af99-c1da82905430" testName="TFSTests.Library.Build.TestSuiteBase VariablesListVmInitTest" computerName="TFSBUILD11" duration="00:00:00.0190000" startTime="2015-09-28T09:45:46.9691375-07:00" endTime="2015-09-28T09:45:46.9691375-07:00" testType="13cdc9d9-ddb5-4fa4-a97d-d965ccfc6d4b" outcome="Passed" testListId="8c84fa94-04c1-424b-9868-57a2d4851a1d" relativeResultsDirectory="6a081921-84f6-437f-974e-aa268548737e" />
    <UnitTestResult executionId="fbfcbeb9-59db-424e-9b5a-43cd8a01a18b" testId="0aa823e2-f721-4c32-9537-320832e39056" testName="TFSTests.Library.Build.TestSuiteBase VariablesListVmDirtyTest" computerName="TFSBUILD11" duration="00:00:00.0170000" startTime="2015-09-28T09:45:46.9691375-07:00" endTime="2015-09-28T09:45:46.9691375-07:00" testType="13cdc9d9-ddb5-4fa4-a97d-d965ccfc6d4b" outcome="Passed" testListId="8c84fa94-04c1-424b-9868-57a2d4851a1d" relativeResultsDirectory="fbfcbeb9-59db-424e-9b5a-43cd8a01a18b" />
    <UnitTestResult executionId="1f116926-dc38-49ad-aa98-6e8e868e9f29" testId="02e0dec6-c9cf-4b6f-9b38-8819aad14bb6" testName="TFSTests.Library.Build.TestSuiteBase VariablesListVmInvalidTest" computerName="TFSBUILD11" duration="00:00:00.0170000" startTime="2015-09-28T09:45:46.9691375-07:00" endTime="2015-09-28T09:45:46.9691375-07:00" testType="13cdc9d9-ddb5-4fa4-a97d-d965ccfc6d4b" outcome="Passed" testListId="8c84fa94-04c1-424b-9868-57a2d4851a1d" relativeResultsDirectory="1f116926-dc38-49ad-aa98-6e8e868e9f29" />
    <UnitTestResult executionId="1abf36d4-dc12-4ab0-be13-61052f5a7621" testId="8f8ae84b-0572-45ad-a6b6-81e98599141e" testName="TFSTests.Library.Build.TestSuiteBase VerifyCalculateDuration" computerName="TFSBUILD11" duration="00:00:00.0170000" startTime="2015-09-28T09:45:46.9691375-07:00" endTime="2015-09-28T09:45:46.9691375-07:00" testType="13cdc9d9-ddb5-4fa4-a97d-d965ccfc6d4b" outcome="Passed" testListId="8c84fa94-04c1-424b-9868-57a2d4851a1d" relativeResultsDirectory="1abf36d4-dc12-4ab0-be13-61052f5a7621" />
    <UnitTestResult executionId="a47f4b1f-81b4-4cec-9448-8319ea6d7f49" testId="9c3c6e43-c25b-4e3b-9028-08023093323d" testName="TFSTests.Library.Build.TestSuiteBase VerifyOrderDates" computerName="TFSBUILD11" duration="00:00:00.0200000" startTime="2015-09-28T09:45:46.9691375-07:00" endTime="2015-09-28T09:45:46.9691375-07:00" testType="13cdc9d9-ddb5-4fa4-a97d-d965ccfc6d4b" outcome="Passed" testListId="8c84fa94-04c1-424b-9868-57a2d4851a1d" relativeResultsDirectory="a47f4b1f-81b4-4cec-9448-8319ea6d7f49" />
    <UnitTestResult executionId="fc908d60-f7ac-4f58-868c-7c3297825d9b" testId="033563a1-ae4b-46b9-ba50-9c7a75677def" testName="TFSTests.Library.Build.TestSuiteBase VerifyOrderDurations" computerName="TFSBUILD11" duration="00:00:00.0150000" startTime="2015-09-28T09:45:46.9691375-07:00" endTime="2015-09-28T09:45:46.9691375-07:00" testType="13cdc9d9-ddb5-4fa4-a97d-d965ccfc6d4b" outcome="Passed" testListId="8c84fa94-04c1-424b-9868-57a2d4851a1d" relativeResultsDirectory="fc908d60-f7ac-4f58-868c-7c3297825d9b" />
    <UnitTestResult executionId="8db780e9-e704-46b3-91af-023d6c54102f" testId="ae3f1cec-539f-4df5-835d-eea63a8623d2" testName="TFSTests.Library.Build.TestSuiteBase VerifySectionsFactory" computerName="TFSBUILD11" duration="00:00:00.0160000" startTime="2015-09-28T09:45:46.9691375-07:00" endTime="2015-09-28T09:45:46.9691375-07:00" testType="13cdc9d9-ddb5-4fa4-a97d-d965ccfc6d4b" outcome="Passed" testListId="8c84fa94-04c1-424b-9868-57a2d4851a1d" relativeResultsDirectory="8db780e9-e704-46b3-91af-023d6c54102f" />
    <UnitTestResult executionId="3d3aacd5-8e6e-4cf6-a46a-ffd770a12ca9" testId="e26bb5e2-f679-47e8-9142-d8e003afa992" testName="TFSTests.Library.Build.TestSuiteBase VerifyCustomSummaryFilePathUtility" computerName="TFSBUILD11" duration="00:00:00.0140000" startTime="2015-09-28T09:45:47.1115842-07:00" endTime="2015-09-28T09:45:47.1115842-07:00" testType="13cdc9d9-ddb5-4fa4-a97d-d965ccfc6d4b" outcome="Passed" testListId="8c84fa94-04c1-424b-9868-57a2d4851a1d" relativeResultsDirectory="3d3aacd5-8e6e-4cf6-a46a-ffd770a12ca9" />
    <UnitTestResult executionId="9f0e73b2-31f1-4e51-86b7-40587ff4e762" testId="c077c2e8-bf53-4a5a-bdd3-c92211cabdc5" testName="TFSTests.Library.Build.TestSuiteBase TfsGitSourceControlProviderGetSourceVersionTextTest" computerName="TFSBUILD11" duration="00:00:00.0140000" startTime="2015-09-28T09:45:47.1115842-07:00" endTime="2015-09-28T09:45:47.1115842-07:00" testType="13cdc9d9-ddb5-4fa4-a97d-d965ccfc6d4b" outcome="Passed" testListId="8c84fa94-04c1-424b-9868-57a2d4851a1d" relativeResultsDirectory="9f0e73b2-31f1-4e51-86b7-40587ff4e762" />
    <UnitTestResult executionId="9dcdcbe9-9642-4065-800c-0d9877b173a2" testId="a8ff77de-532d-472c-a233-2b88ac809959" testName="TFSTests.Library.Build.TestSuiteBase TfsGitSourceControlProviderGetSourceBranchTest" computerName="TFSBUILD11" duration="00:00:00.0140000" startTime="2015-09-28T09:45:47.1115842-07:00" endTime="2015-09-28T09:45:47.1115842-07:00" testType="13cdc9d9-ddb5-4fa4-a97d-d965ccfc6d4b" outcome="Passed" testListId="8c84fa94-04c1-424b-9868-57a2d4851a1d" relativeResultsDirectory="9dcdcbe9-9642-4065-800c-0d9877b173a2" />
    <UnitTestResult executionId="0be6d3b2-5414-494b-ad74-1fae74d9877d" testId="61b48482-5c1b-45c6-b780-e66107aa4334" testName="TFSTests.Library.Build.TestSuiteBase RepoEditorInitTest" computerName="TFSBUILD11" duration="00:00:00.0160000" startTime="2015-09-28T09:45:47.1125843-07:00" endTime="2015-09-28T09:45:47.1125843-07:00" testType="13cdc9d9-ddb5-4fa4-a97d-d965ccfc6d4b" outcome="Passed" testListId="8c84fa94-04c1-424b-9868-57a2d4851a1d" relativeResultsDirectory="0be6d3b2-5414-494b-ad74-1fae74d9877d" />
    <UnitTestResult executionId="2b326a32-35c3-45f6-9e64-520d02189d11" testId="20ffad2b-634c-4323-a98b-47545cedcf71" testName="TFSTests.Library.Build.TestSuiteBase RepoEditorDirtyTest" computerName="TFSBUILD11" duration="00:00:00.0180000" startTime="2015-09-28T09:45:47.1125843-07:00" endTime="2015-09-28T09:45:47.1125843-07:00" testType="13cdc9d9-ddb5-4fa4-a97d-d965ccfc6d4b" outcome="Passed" testListId="8c84fa94-04c1-424b-9868-57a2d4851a1d" relativeResultsDirectory="2b326a32-35c3-45f6-9e64-520d02189d11" />
    <UnitTestResult executionId="0d6c3a7a-4f78-4fed-8db0-c44ca90b5113" testId="612b6fa7-d16a-470f-8aba-eb793a11a27c" testName="TFSTests.Library.Build.TestSuiteBase RepoEditorInvalidTest" computerName="TFSBUILD11" duration="00:00:00.0150000" startTime="2015-09-28T09:45:47.1125843-07:00" endTime="2015-09-28T09:45:47.1125843-07:00" testType="13cdc9d9-ddb5-4fa4-a97d-d965ccfc6d4b" outcome="Passed" testListId="8c84fa94-04c1-424b-9868-57a2d4851a1d" relativeResultsDirectory="0d6c3a7a-4f78-4fed-8db0-c44ca90b5113" />
    <UnitTestResult executionId="a1d14ced-b85c-4658-8a57-657e8c574104" testId="163ad9f0-66e8-40f4-aabb-221942582c09" testName="TFSTests.Library.Build.TestSuiteBase RepoEditorGetValueTest" computerName="TFSBUILD11" duration="00:00:00.0150000" startTime="2015-09-28T09:45:47.1125843-07:00" endTime="2015-09-28T09:45:47.1125843-07:00" testType="13cdc9d9-ddb5-4fa4-a97d-d965ccfc6d4b" outcome="Passed" testListId="8c84fa94-04c1-424b-9868-57a2d4851a1d" relativeResultsDirectory="a1d14ced-b85c-4658-8a57-657e8c574104" />
    <UnitTestResult executionId="5e3af65a-37d5-45d3-92a9-41e9cb36e30a" testId="a9e013c9-b6ff-492c-8119-f666aa03a3b4" testName="TFSTests.Library.Build.TestSuiteBase RepoEditorUpdateTest" computerName="TFSBUILD11" duration="00:00:00.0150000" startTime="2015-09-28T09:45:47.1125843-07:00" endTime="2015-09-28T09:45:47.1125843-07:00" testType="13cdc9d9-ddb5-4fa4-a97d-d965ccfc6d4b" outcome="Passed" testListId="8c84fa94-04c1-424b-9868-57a2d4851a1d" relativeResultsDirectory="5e3af65a-37d5-45d3-92a9-41e9cb36e30a" />
    <UnitTestResult executionId="820f786d-baee-4f7b-b815-f0c579323ff3" testId="18aafd10-f6d6-4a04-9bb7-418d002ac1c2" testName="TFSTests.Library.Build.TestSuiteBase RepoEditorSetCleanTest" computerName="TFSBUILD11" duration="00:00:00.0160000" startTime="2015-09-28T09:45:47.1125843-07:00" endTime="2015-09-28T09:45:47.1125843-07:00" testType="13cdc9d9-ddb5-4fa4-a97d-d965ccfc6d4b" outcome="Passed" testListId="8c84fa94-04c1-424b-9868-57a2d4851a1d" relativeResultsDirectory="820f786d-baee-4f7b-b815-f0c579323ff3" />
    <UnitTestResult executionId="f2dbd592-b32e-4e27-a161-e470aa7cb71e" testId="53e1bcaf-c970-4899-83c2-d67a70a49c88" testName="TFSTests.Library.Build.TestSuiteBase SvnRepoEditorInitTest" computerName="TFSBUILD11" duration="00:00:00.0220000" startTime="2015-09-28T09:45:47.2874919-07:00" endTime="2015-09-28T09:45:47.2874919-07:00" testType="13cdc9d9-ddb5-4fa4-a97d-d965ccfc6d4b" outcome="Passed" testListId="8c84fa94-04c1-424b-9868-57a2d4851a1d" relativeResultsDirectory="f2dbd592-b32e-4e27-a161-e470aa7cb71e" />
    <UnitTestResult executionId="338ef173-9c84-4a1a-95e9-dd49228a890a" testId="35408dd5-0d5d-4c92-a55c-7394f72ee4a2" testName="TFSTests.Library.Build.TestSuiteBase SvnRepoEditorDirtyTest" computerName="TFSBUILD11" duration="00:00:00.0180000" startTime="2015-09-28T09:45:47.2874919-07:00" endTime="2015-09-28T09:45:47.2874919-07:00" testType="13cdc9d9-ddb5-4fa4-a97d-d965ccfc6d4b" outcome="Passed" testListId="8c84fa94-04c1-424b-9868-57a2d4851a1d" relativeResultsDirectory="338ef173-9c84-4a1a-95e9-dd49228a890a" />
    <UnitTestResult executionId="160b8726-2631-481c-98d5-f2e2a74c5dd0" testId="932c659a-997e-453a-97a4-a4f879ba545e" testName="TFSTests.Library.Build.TestSuiteBase SvnRepoEditorSetCleanTest" computerName="TFSBUILD11" duration="00:00:00.0220000" startTime="2015-09-28T09:45:47.2874919-07:00" endTime="2015-09-28T09:45:47.2874919-07:00" testType="13cdc9d9-ddb5-4fa4-a97d-d965ccfc6d4b" outcome="Passed" testListId="8c84fa94-04c1-424b-9868-57a2d4851a1d" relativeResultsDirectory="160b8726-2631-481c-98d5-f2e2a74c5dd0" />
    <UnitTestResult executionId="b8912960-2833-45ae-a0d1-75d6a251f5d5" testId="e9236271-f4d0-4872-8910-a142eb1809ab" testName="TFSTests.Library.Build.TestSuiteBase SvnRepoEditorGetValueTest" computerName="TFSBUILD11" duration="00:00:00.0180000" startTime="2015-09-28T09:45:47.2874919-07:00" endTime="2015-09-28T09:45:47.2874919-07:00" testType="13cdc9d9-ddb5-4fa4-a97d-d965ccfc6d4b" outcome="Passed" testListId="8c84fa94-04c1-424b-9868-57a2d4851a1d" relativeResultsDirectory="b8912960-2833-45ae-a0d1-75d6a251f5d5" />
    <UnitTestResult executionId="90c9e93d-f7cb-41a5-8ab7-f88db6e6d0af" testId="02cbe335-20b9-4da0-b5ac-95b302a51c9b" testName="TFSTests.Library.Build.TestSuiteBase SvnRepoEditorUpdateTest" computerName="TFSBUILD11" duration="00:00:00.0180000" startTime="2015-09-28T09:45:47.2874919-07:00" endTime="2015-09-28T09:45:47.2874919-07:00" testType="13cdc9d9-ddb5-4fa4-a97d-d965ccfc6d4b" outcome="Passed" testListId="8c84fa94-04c1-424b-9868-57a2d4851a1d" relativeResultsDirectory="90c9e93d-f7cb-41a5-8ab7-f88db6e6d0af" />
    <UnitTestResult executionId="9cc3cae2-b8ae-4ca6-b992-cde08a17bb5b" testId="43ea2ffc-d471-4f18-87fd-2e14fcad758a" testName="TFSTests.Library.Build.TestSuiteBase SvnRepoEditorInvalidTest" computerName="TFSBUILD11" duration="00:00:00.0230000" startTime="2015-09-28T09:45:47.2884920-07:00" endTime="2015-09-28T09:45:47.2884920-07:00" testType="13cdc9d9-ddb5-4fa4-a97d-d965ccfc6d4b" outcome="Passed" testListId="8c84fa94-04c1-424b-9868-57a2d4851a1d" relativeResultsDirectory="9cc3cae2-b8ae-4ca6-b992-cde08a17bb5b" />
    <UnitTestResult executionId="49f836aa-f9f9-42ff-b3af-946e9ef66f9d" testId="26a92b6f-99b4-4077-8b6c-f7942a9da321" testName="TFSTests.Library.Build.TestSuiteBase RepoEditorInitTest" computerName="TFSBUILD11" duration="00:00:00.0160000" startTime="2015-09-28T09:45:47.2884920-07:00" endTime="2015-09-28T09:45:47.2884920-07:00" testType="13cdc9d9-ddb5-4fa4-a97d-d965ccfc6d4b" outcome="Passed" testListId="8c84fa94-04c1-424b-9868-57a2d4851a1d" relativeResultsDirectory="49f836aa-f9f9-42ff-b3af-946e9ef66f9d" />
    <UnitTestResult executionId="0ea04d4f-8f7c-4d20-8c24-accb623be277" testId="190d80b3-1c23-4c5a-bba2-9e76144b2600" testName="TFSTests.Library.Build.TestSuiteBase RepoEditorDirtyTest" computerName="TFSBUILD11" duration="00:00:00.0170000" startTime="2015-09-28T09:45:47.2884920-07:00" endTime="2015-09-28T09:45:47.2884920-07:00" testType="13cdc9d9-ddb5-4fa4-a97d-d965ccfc6d4b" outcome="Passed" testListId="8c84fa94-04c1-424b-9868-57a2d4851a1d" relativeResultsDirectory="0ea04d4f-8f7c-4d20-8c24-accb623be277" />
    <UnitTestResult executionId="7579ab74-8487-48e6-a7e0-a1cf075f4595" testId="48bc4f4d-de62-40a7-a901-0849bd1b445d" testName="TFSTests.Library.Build.TestSuiteBase RepoEditorSetCleanTest" computerName="TFSBUILD11" duration="00:00:00.0170000" startTime="2015-09-28T09:45:47.2884920-07:00" endTime="2015-09-28T09:45:47.2884920-07:00" testType="13cdc9d9-ddb5-4fa4-a97d-d965ccfc6d4b" outcome="Passed" testListId="8c84fa94-04c1-424b-9868-57a2d4851a1d" relativeResultsDirectory="7579ab74-8487-48e6-a7e0-a1cf075f4595" />
    <UnitTestResult executionId="bcdafd17-2794-4ac0-a002-dca32e99ba6c" testId="2f214fc9-9d0e-4671-97e3-590a6fa76638" testName="TFSTests.Library.Build.TestSuiteBase RepoEditorGetValueTest" computerName="TFSBUILD11" duration="00:00:00.0170000" startTime="2015-09-28T09:45:47.4494647-07:00" endTime="2015-09-28T09:45:47.4494647-07:00" testType="13cdc9d9-ddb5-4fa4-a97d-d965ccfc6d4b" outcome="Passed" testListId="8c84fa94-04c1-424b-9868-57a2d4851a1d" relativeResultsDirectory="bcdafd17-2794-4ac0-a002-dca32e99ba6c" />
    <UnitTestResult executionId="1e4da2f7-f431-467e-8f9c-25487227d711" testId="189ed6d9-9dd6-4a01-b533-851a34dcc3f4" testName="TFSTests.Library.Build.TestSuiteBase RepoEditorUpdateTest" computerName="TFSBUILD11" duration="00:00:00.0160000" startTime="2015-09-28T09:45:47.4494647-07:00" endTime="2015-09-28T09:45:47.4494647-07:00" testType="13cdc9d9-ddb5-4fa4-a97d-d965ccfc6d4b" outcome="Passed" testListId="8c84fa94-04c1-424b-9868-57a2d4851a1d" relativeResultsDirectory="1e4da2f7-f431-467e-8f9c-25487227d711" />
    <UnitTestResult executionId="0003ac8e-ecef-4057-bbea-e856a0ec7f3c" testId="0db121bc-e44c-4dd1-bda8-eb13cd5fc00e" testName="TFSTests.Library.Build.TestSuiteBase TfsGitSourceControlProviderGetSourceVersionTextTest" computerName="TFSBUILD11" duration="00:00:00.0160000" startTime="2015-09-28T09:45:47.4504648-07:00" endTime="2015-09-28T09:45:47.4504648-07:00" testType="13cdc9d9-ddb5-4fa4-a97d-d965ccfc6d4b" outcome="Passed" testListId="8c84fa94-04c1-424b-9868-57a2d4851a1d" relativeResultsDirectory="0003ac8e-ecef-4057-bbea-e856a0ec7f3c" />
    <UnitTestResult executionId="001c62db-4f11-4dcf-8a71-1e2b243e0e99" testId="6fa87f9a-79d6-47f2-82b9-443c1e371574" testName="TFSTests.Library.Build.TestSuiteBase TfsGitSourceControlProviderGetSourceBranchTest" computerName="TFSBUILD11" duration="00:00:00.0140000" startTime="2015-09-28T09:45:47.4504648-07:00" endTime="2015-09-28T09:45:47.4504648-07:00" testType="13cdc9d9-ddb5-4fa4-a97d-d965ccfc6d4b" outcome="Passed" testListId="8c84fa94-04c1-424b-9868-57a2d4851a1d" relativeResultsDirectory="001c62db-4f11-4dcf-8a71-1e2b243e0e99" />
    <UnitTestResult executionId="d9ec1612-a089-4bda-aa2e-e5bf7385f258" testId="e4a7eef0-c4ef-41a6-af2d-cf62ec8f42db" testName="TFSTests.Library.Build.TestSuiteBase RepoEditorInitTest" computerName="TFSBUILD11" duration="00:00:00.0210000" startTime="2015-09-28T09:45:47.4504648-07:00" endTime="2015-09-28T09:45:47.4504648-07:00" testType="13cdc9d9-ddb5-4fa4-a97d-d965ccfc6d4b" outcome="Passed" testListId="8c84fa94-04c1-424b-9868-57a2d4851a1d" relativeResultsDirectory="d9ec1612-a089-4bda-aa2e-e5bf7385f258" />
    <UnitTestResult executionId="1d0e8e8a-e458-417d-99a2-6b2057667ff7" testId="f2f9aba7-9430-4ab0-8421-4f596957a8aa" testName="TFSTests.Library.Build.TestSuiteBase TfsVersionControlSourceControlProviderGetSourceVersionTextTest" computerName="TFSBUILD11" duration="00:00:00.0160000" startTime="2015-09-28T09:45:47.4504648-07:00" endTime="2015-09-28T09:45:47.4504648-07:00" testType="13cdc9d9-ddb5-4fa4-a97d-d965ccfc6d4b" outcome="Passed" testListId="8c84fa94-04c1-424b-9868-57a2d4851a1d" relativeResultsDirectory="1d0e8e8a-e458-417d-99a2-6b2057667ff7" />
    <UnitTestResult executionId="75c8add9-601d-4d35-91bf-bf05844e7d1a" testId="7975d069-d01c-4d45-9e57-7b5b732ae750" testName="TFSTests.Library.Build.TestSuiteBase RepoEditorDirtyTest" computerName="TFSBUILD11" duration="00:00:00.0230000" startTime="2015-09-28T09:45:47.4504648-07:00" endTime="2015-09-28T09:45:47.4504648-07:00" testType="13cdc9d9-ddb5-4fa4-a97d-d965ccfc6d4b" outcome="Passed" testListId="8c84fa94-04c1-424b-9868-57a2d4851a1d" relativeResultsDirectory="75c8add9-601d-4d35-91bf-bf05844e7d1a" />
    <UnitTestResult executionId="81820907-fb3b-4c06-a7e9-5a9880453665" testId="0f75ce9c-0b52-4192-9ab4-8c3ff81e5691" testName="TFSTests.Library.Build.TestSuiteBase RepoEditorInvalidTest" computerName="TFSBUILD11" duration="00:00:00.0170000" startTime="2015-09-28T09:45:47.4504648-07:00" endTime="2015-09-28T09:45:47.4504648-07:00" testType="13cdc9d9-ddb5-4fa4-a97d-d965ccfc6d4b" outcome="Passed" testListId="8c84fa94-04c1-424b-9868-57a2d4851a1d" relativeResultsDirectory="81820907-fb3b-4c06-a7e9-5a9880453665" />
    <UnitTestResult executionId="4b2a6785-a1ad-493e-8fa6-c905da5bd4e6" testId="1ee4a7ec-0884-4375-8988-87b32098d7a1" testName="TFSTests.Library.Build.TestSuiteBase MappingVmDirtyTest" computerName="TFSBUILD11" duration="00:00:00.0150000" startTime="2015-09-28T09:45:47.4504648-07:00" endTime="2015-09-28T09:45:47.4504648-07:00" testType="13cdc9d9-ddb5-4fa4-a97d-d965ccfc6d4b" outcome="Passed" testListId="8c84fa94-04c1-424b-9868-57a2d4851a1d" relativeResultsDirectory="4b2a6785-a1ad-493e-8fa6-c905da5bd4e6" />
    <UnitTestResult executionId="a9dc8bd5-c92d-483f-a777-3143077173a5" testId="589acb67-735f-464a-8395-5ea7ae21e7e6" testName="TFSTests.Library.Build.TestSuiteBase MappingVmInvalidTest" computerName="TFSBUILD11" duration="00:00:00.0180000" startTime="2015-09-28T09:45:48.8464936-07:00" endTime="2015-09-28T09:45:48.8464936-07:00" testType="13cdc9d9-ddb5-4fa4-a97d-d965ccfc6d4b" outcome="Passed" testListId="8c84fa94-04c1-424b-9868-57a2d4851a1d" relativeResultsDirectory="a9dc8bd5-c92d-483f-a777-3143077173a5" />
    <UnitTestResult executionId="413b2f04-1cb2-4c1a-b37c-961d7557b436" testId="1bfeba06-bd60-41d6-a8ee-3ef6cd15b6f0" testName="TFSTests.Library.Build.TestSuiteBase MappingVmInitTest" computerName="TFSBUILD11" duration="00:00:00.0150000" startTime="2015-09-28T09:45:48.8464936-07:00" endTime="2015-09-28T09:45:48.8464936-07:00" testType="13cdc9d9-ddb5-4fa4-a97d-d965ccfc6d4b" outcome="Passed" testListId="8c84fa94-04c1-424b-9868-57a2d4851a1d" relativeResultsDirectory="413b2f04-1cb2-4c1a-b37c-961d7557b436" />
    <UnitTestResult executionId="237e8f0c-e457-424f-b5b5-6046107f715a" testId="5098afba-f850-4cac-b9eb-78667dc8ad22" testName="TFSTests.Library.Build.TestSuiteBase TestSummaryTabView" computerName="TFSBUILD11" duration="00:00:00.0600000" startTime="2015-09-28T09:45:48.8464936-07:00" endTime="2015-09-28T09:45:48.8464936-07:00" testType="13cdc9d9-ddb5-4fa4-a97d-d965ccfc6d4b" outcome="Passed" testListId="8c84fa94-04c1-424b-9868-57a2d4851a1d" relativeResultsDirectory="237e8f0c-e457-424f-b5b5-6046107f715a" />
    <UnitTestResult executionId="7f413270-00ba-468f-95a0-abcebfc319bf" testId="969be62a-d742-40ae-99cd-2a25e0e78ae8" testName="TFSTests.Library.Build.TestSuiteBase TestSummaryTabArtifactsTab" computerName="TFSBUILD11" duration="00:00:00.0200000" startTime="2015-09-28T09:45:48.8464936-07:00" endTime="2015-09-28T09:45:48.8464936-07:00" testType="13cdc9d9-ddb5-4fa4-a97d-d965ccfc6d4b" outcome="Passed" testListId="8c84fa94-04c1-424b-9868-57a2d4851a1d" relativeResultsDirectory="7f413270-00ba-468f-95a0-abcebfc319bf" />
    <UnitTestResult executionId="a4ec1dbd-b4a1-43f9-a75b-d9711601c7c0" testId="48888e8b-820f-46e5-844d-98fef1c50636" testName="TFSTests.Library.Build.TestSuiteBase TestBuildDetailsView" computerName="TFSBUILD11" duration="00:00:00.0940000" startTime="2015-09-28T09:45:48.8464936-07:00" endTime="2015-09-28T09:45:48.8464936-07:00" testType="13cdc9d9-ddb5-4fa4-a97d-d965ccfc6d4b" outcome="Passed" testListId="8c84fa94-04c1-424b-9868-57a2d4851a1d" relativeResultsDirectory="a4ec1dbd-b4a1-43f9-a75b-d9711601c7c0" />
  </Results>
  <TestDefinitions>
    <UnitTest name="TFSTests.Library.Build.TestSuiteBase BuildAdminSettingsVmInitTest" storage="d:\v2.0\a1\_work\dbded102\vso\tfs\service\webaccess\build\testscripts\tests\tfstests.build.admin.settings.ts" id="2e9e0470-9673-4cbb-88aa-06ba9f147f29">
      <Execution id="b3ce3f22-4fb0-4647-9f9f-19cf100b6e40" />
      <TestMethod codeBase="d:\v2.0\a1\_work\dbded102\vso\tfs\service\webaccess\build\testscripts\tests\tfstests.build.admin.settings.ts" adapterTypeName="Microsoft.VisualStudio.TestTools.TestTypes.Unit.UnitTestAdapter" className="d:\v2.0\a1\_work\dbded102\vso\tfs\service\webaccess\build\testscripts\tests\tfstests.build.admin.settings.ts::tfstests.library.build" name="TFSTests.Library.Build.TestSuiteBase BuildAdminSettingsVmInitTest" />
    </UnitTest>
    <UnitTest name="TFSTests.Library.Build.TestSuiteBase BuildAdminSettingsVmUndoTest" storage="d:\v2.0\a1\_work\dbded102\vso\tfs\service\webaccess\build\testscripts\tests\tfstests.build.admin.settings.ts" id="91d17c14-d121-497f-93a4-796dd15d80bc">
      <Execution id="c7d0ccce-62d0-4d21-9e21-865025c89205" />
      <TestMethod codeBase="d:\v2.0\a1\_work\dbded102\vso\tfs\service\webaccess\build\testscripts\tests\tfstests.build.admin.settings.ts" adapterTypeName="Microsoft.VisualStudio.TestTools.TestTypes.Unit.UnitTestAdapter" className="d:\v2.0\a1\_work\dbded102\vso\tfs\service\webaccess\build\testscripts\tests\tfstests.build.admin.settings.ts::tfstests.library.build" name="TFSTests.Library.Build.TestSuiteBase BuildAdminSettingsVmUndoTest" />
    </UnitTest>
    <UnitTest name="TFSTests.Library.Build.TestSuiteBase BuildAdminSettingsVmInvalidTest" storage="d:\v2.0\a1\_work\dbded102\vso\tfs\service\webaccess\build\testscripts\tests\tfstests.build.admin.settings.ts" id="8e4aa1c7-b1a5-4b8e-9925-6361469dc532">
      <Execution id="8409d7db-6422-4446-a4db-9a2c2f39a4d4" />
      <TestMethod codeBase="d:\v2.0\a1\_work\dbded102\vso\tfs\service\webaccess\build\testscripts\tests\tfstests.build.admin.settings.ts" adapterTypeName="Microsoft.VisualStudio.TestTools.TestTypes.Unit.UnitTestAdapter" className="d:\v2.0\a1\_work\dbded102\vso\tfs\service\webaccess\build\testscripts\tests\tfstests.build.admin.settings.ts::tfstests.library.build" name="TFSTests.Library.Build.TestSuiteBase BuildAdminSettingsVmInvalidTest" />
    </UnitTest>
    <UnitTest name="TFSTests.Library.Build.TestSuiteBase BuildAdminSettingsVmDirtyTest" storage="d:\v2.0\a1\_work\dbded102\vso\tfs\service\webaccess\build\testscripts\tests\tfstests.build.admin.settings.ts" id="9df23485-3ed1-4da4-9b97-639cef8d6cae">
      <Execution id="9cadb1ce-4f1d-4f54-ad98-5e912abc7b6b" />
      <TestMethod codeBase="d:\v2.0\a1\_work\dbded102\vso\tfs\service\webaccess\build\testscripts\tests\tfstests.build.admin.settings.ts" adapterTypeName="Microsoft.VisualStudio.TestTools.TestTypes.Unit.UnitTestAdapter" className="d:\v2.0\a1\_work\dbded102\vso\tfs\service\webaccess\build\testscripts\tests\tfstests.build.admin.settings.ts::tfstests.library.build" name="TFSTests.Library.Build.TestSuiteBase BuildAdminSettingsVmDirtyTest" />
    </UnitTest>
    <UnitTest name="TFSTests.Library.Build.TestSuiteBase ArtifactExplorerDialogPopulateTreeTest" storage="d:\v2.0\a1\_work\dbded102\vso\tfs\service\webaccess\build\testscripts\tests\tfstests.build.builddetails.artifactexplorerdialog.ts" id="e0b8665b-8d79-4f18-a4e0-1ddec27b46ea">
      <Execution id="7a0955bb-a6bc-4657-82e5-8f5ffc7c929a" />
      <TestMethod codeBase="d:\v2.0\a1\_work\dbded102\vso\tfs\service\webaccess\build\testscripts\tests\tfstests.build.builddetails.artifactexplorerdialog.ts" adapterTypeName="Microsoft.VisualStudio.TestTools.TestTypes.Unit.UnitTestAdapter" className="d:\v2.0\a1\_work\dbded102\vso\tfs\service\webaccess\build\testscripts\tests\tfstests.build.builddetails.artifactexplorerdialog.ts::tfstests.library.build" name="TFSTests.Library.Build.TestSuiteBase ArtifactExplorerDialogPopulateTreeTest" />
    </UnitTest>
    <UnitTest name="TFSTests.Library.Build.TestSuiteBase ArtifactExplorerDialogPopulateTreeWeirdNamesTest" storage="d:\v2.0\a1\_work\dbded102\vso\tfs\service\webaccess\build\testscripts\tests\tfstests.build.builddetails.artifactexplorerdialog.ts" id="43f96bc6-f3fc-4f49-9812-e23d77bc472e">
      <Execution id="62e825f6-8972-44d6-8441-3014c009fcc4" />
      <TestMethod codeBase="d:\v2.0\a1\_work\dbded102\vso\tfs\service\webaccess\build\testscripts\tests\tfstests.build.builddetails.artifactexplorerdialog.ts" adapterTypeName="Microsoft.VisualStudio.TestTools.TestTypes.Unit.UnitTestAdapter" className="d:\v2.0\a1\_work\dbded102\vso\tfs\service\webaccess\build\testscripts\tests\tfstests.build.builddetails.artifactexplorerdialog.ts::tfstests.library.build" name="TFSTests.Library.Build.TestSuiteBase ArtifactExplorerDialogPopulateTreeWeirdNamesTest" />
    </UnitTest>
    <UnitTest name="TFSTests.Library.Build.TestSuiteBase AddTemplatesDialogModelTest" storage="d:\v2.0\a1\_work\dbded102\vso\tfs\service\webaccess\build\testscripts\tests\tfstests.build.controls.addtemplatesdialog.ts" id="036bc7b7-5fd5-4cbf-92fa-8900113016e9">
      <Execution id="66f9f89e-7790-4023-a72a-e9a791e0fb6f" />
      <TestMethod codeBase="d:\v2.0\a1\_work\dbded102\vso\tfs\service\webaccess\build\testscripts\tests\tfstests.build.controls.addtemplatesdialog.ts" adapterTypeName="Microsoft.VisualStudio.TestTools.TestTypes.Unit.UnitTestAdapter" className="d:\v2.0\a1\_work\dbded102\vso\tfs\service\webaccess\build\testscripts\tests\tfstests.build.controls.addtemplatesdialog.ts::tfstests.library.build" name="TFSTests.Library.Build.TestSuiteBase AddTemplatesDialogModelTest" />
    </UnitTest>
    <UnitTest name="TFSTests.Library.Build.TestSuiteBase TestXamlBuildManageQualitiesControl" storage="d:\v2.0\a1\_work\dbded102\vso\tfs\service\webaccess\build\testscripts\tests\tfstests.build.controls.ts" id="056f3a12-b61b-4574-aa2b-b6303996074c">
      <Execution id="195faefa-4bda-4ea8-aabe-6f6b36e631c0" />
      <TestMethod codeBase="d:\v2.0\a1\_work\dbded102\vso\tfs\service\webaccess\build\testscripts\tests\tfstests.build.controls.ts" adapterTypeName="Microsoft.VisualStudio.TestTools.TestTypes.Unit.UnitTestAdapter" className="d:\v2.0\a1\_work\dbded102\vso\tfs\service\webaccess\build\testscripts\tests\tfstests.build.controls.ts::tfstests.library.build" name="TFSTests.Library.Build.TestSuiteBase TestXamlBuildManageQualitiesControl" />
    </UnitTest>
    <UnitTest name="TFSTests.Library.Build.TestSuiteBase TestLogControl" storage="d:\v2.0\a1\_work\dbded102\vso\tfs\service\webaccess\build\testscripts\tests\tfstests.build.controls.ts" id="5250c67a-5c80-405d-b867-a88e9ff1e97c">
      <Execution id="1476b91c-98c1-4402-80d6-22d3903f461e" />
      <TestMethod codeBase="d:\v2.0\a1\_work\dbded102\vso\tfs\service\webaccess\build\testscripts\tests\tfstests.build.controls.ts" adapterTypeName="Microsoft.VisualStudio.TestTools.TestTypes.Unit.UnitTestAdapter" className="d:\v2.0\a1\_work\dbded102\vso\tfs\service\webaccess\build\testscripts\tests\tfstests.build.controls.ts::tfstests.library.build" name="TFSTests.Library.Build.TestSuiteBase TestLogControl" />
    </UnitTest>
    <UnitTest name="TFSTests.Library.Build.TestSuiteBase TaskInputDefinitionVmInitTest" storage="d:\v2.0\a1\_work\dbded102\vso\tfs\service\webaccess\build\testscripts\tests\tfstests.build.definitiondesigner.buildsteps.ts" id="c6034813-084b-437c-a159-1bc67cb949b8">
      <Execution id="fd2cde37-7446-4e2d-a3d0-74afd3eadb65" />
      <TestMethod codeBase="d:\v2.0\a1\_work\dbded102\vso\tfs\service\webaccess\build\testscripts\tests\tfstests.build.definitiondesigner.buildsteps.ts" adapterTypeName="Microsoft.VisualStudio.TestTools.TestTypes.Unit.UnitTestAdapter" className="d:\v2.0\a1\_work\dbded102\vso\tfs\service\webaccess\build\testscripts\tests\tfstests.build.definitiondesigner.buildsteps.ts::tfstests.library.build" name="TFSTests.Library.Build.TestSuiteBase TaskInputDefinitionVmInitTest" />
    </UnitTest>
    <UnitTest name="TFSTests.Library.Build.TestSuiteBase TaskInputDefinitionVmDirtyTest" storage="d:\v2.0\a1\_work\dbded102\vso\tfs\service\webaccess\build\testscripts\tests\tfstests.build.definitiondesigner.buildsteps.ts" id="d164532a-fdf6-47f8-9add-cc53e3639862">
      <Execution id="2157a58a-284f-4f1b-84e2-e60d8ebddb06" />
      <TestMethod codeBase="d:\v2.0\a1\_work\dbded102\vso\tfs\service\webaccess\build\testscripts\tests\tfstests.build.definitiondesigner.buildsteps.ts" adapterTypeName="Microsoft.VisualStudio.TestTools.TestTypes.Unit.UnitTestAdapter" className="d:\v2.0\a1\_work\dbded102\vso\tfs\service\webaccess\build\testscripts\tests\tfstests.build.definitiondesigner.buildsteps.ts::tfstests.library.build" name="TFSTests.Library.Build.TestSuiteBase TaskInputDefinitionVmDirtyTest" />
    </UnitTest>
    <UnitTest name="TFSTests.Library.Build.TestSuiteBase TaskInputDefinitionVisibilities" storage="d:\v2.0\a1\_work\dbded102\vso\tfs\service\webaccess\build\testscripts\tests\tfstests.build.definitiondesigner.buildsteps.ts" id="6007353b-65df-4494-8a8d-e0676900e711">
      <Execution id="3c17b293-63b6-47a2-9e29-7c0cdf80d566" />
      <TestMethod codeBase="d:\v2.0\a1\_work\dbded102\vso\tfs\service\webaccess\build\testscripts\tests\tfstests.build.definitiondesigner.buildsteps.ts" adapterTypeName="Microsoft.VisualStudio.TestTools.TestTypes.Unit.UnitTestAdapter" className="d:\v2.0\a1\_work\dbded102\vso\tfs\service\webaccess\build\testscripts\tests\tfstests.build.definitiondesigner.buildsteps.ts::tfstests.library.build" name="TFSTests.Library.Build.TestSuiteBase TaskInputDefinitionVisibilities" />
    </UnitTest>
    <UnitTest name="TFSTests.Library.Build.TestSuiteBase FilterVmInitTest" storage="d:\v2.0\a1\_work\dbded102\vso\tfs\service\webaccess\build\testscripts\tests\tfstests.build.definitiondesigner.filters.ts" id="cf530bdd-8a31-44a0-baab-448ca8307807">
      <Execution id="9176b031-35d3-46fa-b2cb-965bd44ca253" />
      <TestMethod codeBase="d:\v2.0\a1\_work\dbded102\vso\tfs\service\webaccess\build\testscripts\tests\tfstests.build.definitiondesigner.filters.ts" adapterTypeName="Microsoft.VisualStudio.TestTools.TestTypes.Unit.UnitTestAdapter" className="d:\v2.0\a1\_work\dbded102\vso\tfs\service\webaccess\build\testscripts\tests\tfstests.build.definitiondesigner.filters.ts::tfstests.library.build" name="TFSTests.Library.Build.TestSuiteBase FilterVmInitTest" />
    </UnitTest>
    <UnitTest name="TFSTests.Library.Build.TestSuiteBase FilterVmEqualsTest" storage="d:\v2.0\a1\_work\dbded102\vso\tfs\service\webaccess\build\testscripts\tests\tfstests.build.definitiondesigner.filters.ts" id="3d784b78-f87f-457a-99a2-8dc3e912044d">
      <Execution id="28decbd6-c070-466a-84d9-4f3a0666bd0e" />
      <TestMethod codeBase="d:\v2.0\a1\_work\dbded102\vso\tfs\service\webaccess\build\testscripts\tests\tfstests.build.definitiondesigner.filters.ts" adapterTypeName="Microsoft.VisualStudio.TestTools.TestTypes.Unit.UnitTestAdapter" className="d:\v2.0\a1\_work\dbded102\vso\tfs\service\webaccess\build\testscripts\tests\tfstests.build.definitiondesigner.filters.ts::tfstests.library.build" name="TFSTests.Library.Build.TestSuiteBase FilterVmEqualsTest" />
    </UnitTest>
    <UnitTest name="TFSTests.Library.Build.TestSuiteBase FilterVmGetValueTest" storage="d:\v2.0\a1\_work\dbded102\vso\tfs\service\webaccess\build\testscripts\tests\tfstests.build.definitiondesigner.filters.ts" id="322598a1-5b9d-4055-97fa-4e7efddbaa3a">
      <Execution id="5ba668b7-149c-4cce-af68-33c228895339" />
      <TestMethod codeBase="d:\v2.0\a1\_work\dbded102\vso\tfs\service\webaccess\build\testscripts\tests\tfstests.build.definitiondesigner.filters.ts" adapterTypeName="Microsoft.VisualStudio.TestTools.TestTypes.Unit.UnitTestAdapter" className="d:\v2.0\a1\_work\dbded102\vso\tfs\service\webaccess\build\testscripts\tests\tfstests.build.definitiondesigner.filters.ts::tfstests.library.build" name="TFSTests.Library.Build.TestSuiteBase FilterVmGetValueTest" />
    </UnitTest>
    <UnitTest name="TFSTests.Library.Build.TestSuiteBase FilterVmInvalidTest" storage="d:\v2.0\a1\_work\dbded102\vso\tfs\service\webaccess\build\testscripts\tests\tfstests.build.definitiondesigner.filters.ts" id="db6027e1-41a7-4489-8e8f-a854e1c14e0f">
      <Execution id="fa54896f-646e-4746-b51c-461a191c01c1" />
      <TestMethod codeBase="d:\v2.0\a1\_work\dbded102\vso\tfs\service\webaccess\build\testscripts\tests\tfstests.build.definitiondesigner.filters.ts" adapterTypeName="Microsoft.VisualStudio.TestTools.TestTypes.Unit.UnitTestAdapter" className="d:\v2.0\a1\_work\dbded102\vso\tfs\service\webaccess\build\testscripts\tests\tfstests.build.definitiondesigner.filters.ts::tfstests.library.build" name="TFSTests.Library.Build.TestSuiteBase FilterVmInvalidTest" />
    </UnitTest>
    <UnitTest name="TFSTests.Library.Build.TestSuiteBase DemandInitTest" storage="d:\v2.0\a1\_work\dbded102\vso\tfs\service\webaccess\build\testscripts\tests\tfstests.build.definitiondesigner.general.ts" id="58a02e54-1247-45d5-946b-4b05956a4847">
      <Execution id="6c46af89-00f7-43fa-b9a6-ece91ec8655f" />
      <TestMethod codeBase="d:\v2.0\a1\_work\dbded102\vso\tfs\service\webaccess\build\testscripts\tests\tfstests.build.definitiondesigner.general.ts" adapterTypeName="Microsoft.VisualStudio.TestTools.TestTypes.Unit.UnitTestAdapter" className="d:\v2.0\a1\_work\dbded102\vso\tfs\service\webaccess\build\testscripts\tests\tfstests.build.definitiondesigner.general.ts::tfstests.library.build" name="TFSTests.Library.Build.TestSuiteBase DemandInitTest" />
    </UnitTest>
    <UnitTest name="TFSTests.Library.Build.TestSuiteBase DemandDirtyTest" storage="d:\v2.0\a1\_work\dbded102\vso\tfs\service\webaccess\build\testscripts\tests\tfstests.build.definitiondesigner.general.ts" id="ee71ffc3-732d-48f7-a370-0660219baa40">
      <Execution id="03d27046-3a0b-4de6-9a8d-6fa3265db596" />
      <TestMethod codeBase="d:\v2.0\a1\_work\dbded102\vso\tfs\service\webaccess\build\testscripts\tests\tfstests.build.definitiondesigner.general.ts" adapterTypeName="Microsoft.VisualStudio.TestTools.TestTypes.Unit.UnitTestAdapter" className="d:\v2.0\a1\_work\dbded102\vso\tfs\service\webaccess\build\testscripts\tests\tfstests.build.definitiondesigner.general.ts::tfstests.library.build" name="TFSTests.Library.Build.TestSuiteBase DemandDirtyTest" />
    </UnitTest>
    <UnitTest name="TFSTests.Library.Build.TestSuiteBase DemandInvalidTest" storage="d:\v2.0\a1\_work\dbded102\vso\tfs\service\webaccess\build\testscripts\tests\tfstests.build.definitiondesigner.general.ts" id="b8e641e8-b3c9-4474-8bc9-92de408561ae">
      <Execution id="2ef0bb4c-da31-446a-9852-dc785abdd23a" />
      <TestMethod codeBase="d:\v2.0\a1\_work\dbded102\vso\tfs\service\webaccess\build\testscripts\tests\tfstests.build.definitiondesigner.general.ts" adapterTypeName="Microsoft.VisualStudio.TestTools.TestTypes.Unit.UnitTestAdapter" className="d:\v2.0\a1\_work\dbded102\vso\tfs\service\webaccess\build\testscripts\tests\tfstests.build.definitiondesigner.general.ts::tfstests.library.build" name="TFSTests.Library.Build.TestSuiteBase DemandInvalidTest" />
    </UnitTest>
    <UnitTest name="TFSTests.Library.Build.TestSuiteBase DemandGetValueTest" storage="d:\v2.0\a1\_work\dbded102\vso\tfs\service\webaccess\build\testscripts\tests\tfstests.build.definitiondesigner.general.ts" id="ee64e44b-7ea5-487b-b33a-c6235f044400">
      <Execution id="c2441e33-76bd-4dcd-9095-f480c8b42a23" />
      <TestMethod codeBase="d:\v2.0\a1\_work\dbded102\vso\tfs\service\webaccess\build\testscripts\tests\tfstests.build.definitiondesigner.general.ts" adapterTypeName="Microsoft.VisualStudio.TestTools.TestTypes.Unit.UnitTestAdapter" className="d:\v2.0\a1\_work\dbded102\vso\tfs\service\webaccess\build\testscripts\tests\tfstests.build.definitiondesigner.general.ts::tfstests.library.build" name="TFSTests.Library.Build.TestSuiteBase DemandGetValueTest" />
    </UnitTest>
    <UnitTest name="TFSTests.Library.Build.TestSuiteBase GeneralInitTest" storage="d:\v2.0\a1\_work\dbded102\vso\tfs\service\webaccess\build\testscripts\tests\tfstests.build.definitiondesigner.general.ts" id="4df93c98-7534-4270-ae2b-68c6f82838f6">
      <Execution id="9f8d861d-a636-4d0f-b443-f5a079081a8e" />
      <TestMethod codeBase="d:\v2.0\a1\_work\dbded102\vso\tfs\service\webaccess\build\testscripts\tests\tfstests.build.definitiondesigner.general.ts" adapterTypeName="Microsoft.VisualStudio.TestTools.TestTypes.Unit.UnitTestAdapter" className="d:\v2.0\a1\_work\dbded102\vso\tfs\service\webaccess\build\testscripts\tests\tfstests.build.definitiondesigner.general.ts::tfstests.library.build" name="TFSTests.Library.Build.TestSuiteBase GeneralInitTest" />
    </UnitTest>
    <UnitTest name="TFSTests.Library.Build.TestSuiteBase GeneralDirtyTest" storage="d:\v2.0\a1\_work\dbded102\vso\tfs\service\webaccess\build\testscripts\tests\tfstests.build.definitiondesigner.general.ts" id="c8f6045f-4966-4932-824f-ca4869e7437e">
      <Execution id="577e267e-bea0-455b-900a-448c56619076" />
      <TestMethod codeBase="d:\v2.0\a1\_work\dbded102\vso\tfs\service\webaccess\build\testscripts\tests\tfstests.build.definitiondesigner.general.ts" adapterTypeName="Microsoft.VisualStudio.TestTools.TestTypes.Unit.UnitTestAdapter" className="d:\v2.0\a1\_work\dbded102\vso\tfs\service\webaccess\build\testscripts\tests\tfstests.build.definitiondesigner.general.ts::tfstests.library.build" name="TFSTests.Library.Build.TestSuiteBase GeneralDirtyTest" />
    </UnitTest>
    <UnitTest name="TFSTests.Library.Build.TestSuiteBase GeneralInvalidTest" storage="d:\v2.0\a1\_work\dbded102\vso\tfs\service\webaccess\build\testscripts\tests\tfstests.build.definitiondesigner.general.ts" id="c27ba63a-0a32-492a-bf15-a1af8c7277be">
      <Execution id="98e37af3-0181-4dcb-a893-a032de56df18" />
      <TestMethod codeBase="d:\v2.0\a1\_work\dbded102\vso\tfs\service\webaccess\build\testscripts\tests\tfstests.build.definitiondesigner.general.ts" adapterTypeName="Microsoft.VisualStudio.TestTools.TestTypes.Unit.UnitTestAdapter" className="d:\v2.0\a1\_work\dbded102\vso\tfs\service\webaccess\build\testscripts\tests\tfstests.build.definitiondesigner.general.ts::tfstests.library.build" name="TFSTests.Library.Build.TestSuiteBase GeneralInvalidTest" />
    </UnitTest>
    <UnitTest name="TFSTests.Library.Build.TestSuiteBase GeneralGetValueTest" storage="d:\v2.0\a1\_work\dbded102\vso\tfs\service\webaccess\build\testscripts\tests\tfstests.build.definitiondesigner.general.ts" id="c1059a12-64fa-46a5-833d-7f31508adafa">
      <Execution id="d1ae33e2-adc2-4f01-98b5-adbbd1d84672" />
      <TestMethod codeBase="d:\v2.0\a1\_work\dbded102\vso\tfs\service\webaccess\build\testscripts\tests\tfstests.build.definitiondesigner.general.ts" adapterTypeName="Microsoft.VisualStudio.TestTools.TestTypes.Unit.UnitTestAdapter" className="d:\v2.0\a1\_work\dbded102\vso\tfs\service\webaccess\build\testscripts\tests\tfstests.build.definitiondesigner.general.ts::tfstests.library.build" name="TFSTests.Library.Build.TestSuiteBase GeneralGetValueTest" />
    </UnitTest>
    <UnitTest name="TFSTests.Library.Build.TestSuiteBase OptionsDefinitionInputVmInitTest" storage="d:\v2.0\a1\_work\dbded102\vso\tfs\service\webaccess\build\testscripts\tests\tfstests.build.definitiondesigner.options.ts" id="02a56ddd-2a07-4e19-a0a6-3aaae73971ec">
      <Execution id="72c717ca-fc2c-49e8-941e-089c2938bde7" />
      <TestMethod codeBase="d:\v2.0\a1\_work\dbded102\vso\tfs\service\webaccess\build\testscripts\tests\tfstests.build.definitiondesigner.options.ts" adapterTypeName="Microsoft.VisualStudio.TestTools.TestTypes.Unit.UnitTestAdapter" className="d:\v2.0\a1\_work\dbded102\vso\tfs\service\webaccess\build\testscripts\tests\tfstests.build.definitiondesigner.options.ts::tfstests.library.build" name="TFSTests.Library.Build.TestSuiteBase OptionsDefinitionInputVmInitTest" />
    </UnitTest>
    <UnitTest name="TFSTests.Library.Build.TestSuiteBase OptionsDefinitionInputVmDirtyTest" storage="d:\v2.0\a1\_work\dbded102\vso\tfs\service\webaccess\build\testscripts\tests\tfstests.build.definitiondesigner.options.ts" id="d6a5dba0-21e9-4724-a35e-e7d16dd6364c">
      <Execution id="263f5978-33bf-43d2-b01a-5cffcbb86f31" />
      <TestMethod codeBase="d:\v2.0\a1\_work\dbded102\vso\tfs\service\webaccess\build\testscripts\tests\tfstests.build.definitiondesigner.options.ts" adapterTypeName="Microsoft.VisualStudio.TestTools.TestTypes.Unit.UnitTestAdapter" className="d:\v2.0\a1\_work\dbded102\vso\tfs\service\webaccess\build\testscripts\tests\tfstests.build.definitiondesigner.options.ts::tfstests.library.build" name="TFSTests.Library.Build.TestSuiteBase OptionsDefinitionInputVmDirtyTest" />
    </UnitTest>
    <UnitTest name="TFSTests.Library.Build.TestSuiteBase OptionsDefinitionVmInitTest" storage="d:\v2.0\a1\_work\dbded102\vso\tfs\service\webaccess\build\testscripts\tests\tfstests.build.definitiondesigner.options.ts" id="73f0d3d3-d3dd-4227-82ae-85818c13706f">
      <Execution id="e84463e0-3cf9-401b-bd73-65490ab9484e" />
      <TestMethod codeBase="d:\v2.0\a1\_work\dbded102\vso\tfs\service\webaccess\build\testscripts\tests\tfstests.build.definitiondesigner.options.ts" adapterTypeName="Microsoft.VisualStudio.TestTools.TestTypes.Unit.UnitTestAdapter" className="d:\v2.0\a1\_work\dbded102\vso\tfs\service\webaccess\build\testscripts\tests\tfstests.build.definitiondesigner.options.ts::tfstests.library.build" name="TFSTests.Library.Build.TestSuiteBase OptionsDefinitionVmInitTest" />
    </UnitTest>
    <UnitTest name="TFSTests.Library.Build.TestSuiteBase OptionsDefinitionVmDirtyTest" storage="d:\v2.0\a1\_work\dbded102\vso\tfs\service\webaccess\build\testscripts\tests\tfstests.build.definitiondesigner.options.ts" id="56245ed3-eb4c-4bc5-be82-1d1d1082f227">
      <Execution id="011be2f8-4eb5-4e06-8a55-e9e8b348a6b3" />
      <TestMethod codeBase="d:\v2.0\a1\_work\dbded102\vso\tfs\service\webaccess\build\testscripts\tests\tfstests.build.definitiondesigner.options.ts" adapterTypeName="Microsoft.VisualStudio.TestTools.TestTypes.Unit.UnitTestAdapter" className="d:\v2.0\a1\_work\dbded102\vso\tfs\service\webaccess\build\testscripts\tests\tfstests.build.definitiondesigner.options.ts::tfstests.library.build" name="TFSTests.Library.Build.TestSuiteBase OptionsDefinitionVmDirtyTest" />
    </UnitTest>
    <UnitTest name="TFSTests.Library.Build.TestSuiteBase VerifyRepositoryChanges" storage="d:\v2.0\a1\_work\dbded102\vso\tfs\service\webaccess\build\testscripts\tests\tfstests.build.definitiondesigner.repository.ts" id="d8074f0c-25ba-46df-a875-3c2047ed6e86">
      <Execution id="1eb7dc11-eefe-4e78-947d-1bfe8eb780ed" />
      <TestMethod codeBase="d:\v2.0\a1\_work\dbded102\vso\tfs\service\webaccess\build\testscripts\tests\tfstests.build.definitiondesigner.repository.ts" adapterTypeName="Microsoft.VisualStudio.TestTools.TestTypes.Unit.UnitTestAdapter" className="d:\v2.0\a1\_work\dbded102\vso\tfs\service\webaccess\build\testscripts\tests\tfstests.build.definitiondesigner.repository.ts::tfstests.library.build" name="TFSTests.Library.Build.TestSuiteBase VerifyRepositoryChanges" />
    </UnitTest>
    <UnitTest name="TFSTests.Library.Build.TestSuiteBase RetentionRuleVmInitTest" storage="d:\v2.0\a1\_work\dbded102\vso\tfs\service\webaccess\build\testscripts\tests\tfstests.build.definitiondesigner.retention.ts" id="d62b973d-f434-438b-a518-53d5b9a2cebd">
      <Execution id="04e2d612-6f98-42a2-8eb3-9fb79f91ce28" />
      <TestMethod codeBase="d:\v2.0\a1\_work\dbded102\vso\tfs\service\webaccess\build\testscripts\tests\tfstests.build.definitiondesigner.retention.ts" adapterTypeName="Microsoft.VisualStudio.TestTools.TestTypes.Unit.UnitTestAdapter" className="d:\v2.0\a1\_work\dbded102\vso\tfs\service\webaccess\build\testscripts\tests\tfstests.build.definitiondesigner.retention.ts::tfstests.library.build" name="TFSTests.Library.Build.TestSuiteBase RetentionRuleVmInitTest" />
    </UnitTest>
    <UnitTest name="TFSTests.Library.Build.TestSuiteBase RetentionRuleVmUpdateTest" storage="d:\v2.0\a1\_work\dbded102\vso\tfs\service\webaccess\build\testscripts\tests\tfstests.build.definitiondesigner.retention.ts" id="77fe79d3-ccc0-44e0-afca-3ebae1a2db59">
      <Execution id="fa1b9f00-a8d8-4624-85eb-9040479762f4" />
      <TestMethod codeBase="d:\v2.0\a1\_work\dbded102\vso\tfs\service\webaccess\build\testscripts\tests\tfstests.build.definitiondesigner.retention.ts" adapterTypeName="Microsoft.VisualStudio.TestTools.TestTypes.Unit.UnitTestAdapter" className="d:\v2.0\a1\_work\dbded102\vso\tfs\service\webaccess\build\testscripts\tests\tfstests.build.definitiondesigner.retention.ts::tfstests.library.build" name="TFSTests.Library.Build.TestSuiteBase RetentionRuleVmUpdateTest" />
    </UnitTest>
    <UnitTest name="TFSTests.Library.Build.TestSuiteBase RetentionRuleVmDirtyTest" storage="d:\v2.0\a1\_work\dbded102\vso\tfs\service\webaccess\build\testscripts\tests\tfstests.build.definitiondesigner.retention.ts" id="68264c86-6f76-42fc-ad56-81f24df93f38">
      <Execution id="9ae0c671-6a83-4c17-aa31-fadbe41757c5" />
      <TestMethod codeBase="d:\v2.0\a1\_work\dbded102\vso\tfs\service\webaccess\build\testscripts\tests\tfstests.build.definitiondesigner.retention.ts" adapterTypeName="Microsoft.VisualStudio.TestTools.TestTypes.Unit.UnitTestAdapter" className="d:\v2.0\a1\_work\dbded102\vso\tfs\service\webaccess\build\testscripts\tests\tfstests.build.definitiondesigner.retention.ts::tfstests.library.build" name="TFSTests.Library.Build.TestSuiteBase RetentionRuleVmDirtyTest" />
    </UnitTest>
    <UnitTest name="TFSTests.Library.Build.TestSuiteBase RetentionRuleVmInvalidTest" storage="d:\v2.0\a1\_work\dbded102\vso\tfs\service\webaccess\build\testscripts\tests\tfstests.build.definitiondesigner.retention.ts" id="1c948712-58a6-40a3-afd0-d3f1551ce073">
      <Execution id="ac5d1279-6c0c-4d30-942a-7c0323aee39f" />
      <TestMethod codeBase="d:\v2.0\a1\_work\dbded102\vso\tfs\service\webaccess\build\testscripts\tests\tfstests.build.definitiondesigner.retention.ts" adapterTypeName="Microsoft.VisualStudio.TestTools.TestTypes.Unit.UnitTestAdapter" className="d:\v2.0\a1\_work\dbded102\vso\tfs\service\webaccess\build\testscripts\tests\tfstests.build.definitiondesigner.retention.ts::tfstests.library.build" name="TFSTests.Library.Build.TestSuiteBase RetentionRuleVmInvalidTest" />
    </UnitTest>
    <UnitTest name="TFSTests.Library.Build.TestSuiteBase RetentionRuleVmEqualsTest" storage="d:\v2.0\a1\_work\dbded102\vso\tfs\service\webaccess\build\testscripts\tests\tfstests.build.definitiondesigner.retention.ts" id="6a2b272e-3fbc-469c-aed1-df6bb9ccd422">
      <Execution id="9402f24d-12a0-41a2-8367-f5b99e7fdaa9" />
      <TestMethod codeBase="d:\v2.0\a1\_work\dbded102\vso\tfs\service\webaccess\build\testscripts\tests\tfstests.build.definitiondesigner.retention.ts" adapterTypeName="Microsoft.VisualStudio.TestTools.TestTypes.Unit.UnitTestAdapter" className="d:\v2.0\a1\_work\dbded102\vso\tfs\service\webaccess\build\testscripts\tests\tfstests.build.definitiondesigner.retention.ts::tfstests.library.build" name="TFSTests.Library.Build.TestSuiteBase RetentionRuleVmEqualsTest" />
    </UnitTest>
    <UnitTest name="TFSTests.Library.Build.TestSuiteBase RetentionRuleVmGetValueTest" storage="d:\v2.0\a1\_work\dbded102\vso\tfs\service\webaccess\build\testscripts\tests\tfstests.build.definitiondesigner.retention.ts" id="dc238593-6a87-45e6-98a8-169ce3dc0f4e">
      <Execution id="3e7dfbed-65ed-4378-a071-d4ed9dc43667" />
      <TestMethod codeBase="d:\v2.0\a1\_work\dbded102\vso\tfs\service\webaccess\build\testscripts\tests\tfstests.build.definitiondesigner.retention.ts" adapterTypeName="Microsoft.VisualStudio.TestTools.TestTypes.Unit.UnitTestAdapter" className="d:\v2.0\a1\_work\dbded102\vso\tfs\service\webaccess\build\testscripts\tests\tfstests.build.definitiondesigner.retention.ts::tfstests.library.build" name="TFSTests.Library.Build.TestSuiteBase RetentionRuleVmGetValueTest" />
    </UnitTest>
    <UnitTest name="TFSTests.Library.Build.TestSuiteBase CiTriggerVmInitTest" storage="d:\v2.0\a1\_work\dbded102\vso\tfs\service\webaccess\build\testscripts\tests\tfstests.build.definitiondesigner.triggers.ts" id="4ac0b76a-3920-44e8-beaf-9cbdb74673b0">
      <Execution id="4764a304-959a-464d-bbde-6b9174615330" />
      <TestMethod codeBase="d:\v2.0\a1\_work\dbded102\vso\tfs\service\webaccess\build\testscripts\tests\tfstests.build.definitiondesigner.triggers.ts" adapterTypeName="Microsoft.VisualStudio.TestTools.TestTypes.Unit.UnitTestAdapter" className="d:\v2.0\a1\_work\dbded102\vso\tfs\service\webaccess\build\testscripts\tests\tfstests.build.definitiondesigner.triggers.ts::tfstests.library.build" name="TFSTests.Library.Build.TestSuiteBase CiTriggerVmInitTest" />
    </UnitTest>
    <UnitTest name="TFSTests.Library.Build.TestSuiteBase CiTriggerVmDirtyTest" storage="d:\v2.0\a1\_work\dbded102\vso\tfs\service\webaccess\build\testscripts\tests\tfstests.build.definitiondesigner.triggers.ts" id="6d47b126-fb5a-49c0-a9f9-1afb549cd51c">
      <Execution id="246a6de6-a977-4bfa-a737-b3eb49adb119" />
      <TestMethod codeBase="d:\v2.0\a1\_work\dbded102\vso\tfs\service\webaccess\build\testscripts\tests\tfstests.build.definitiondesigner.triggers.ts" adapterTypeName="Microsoft.VisualStudio.TestTools.TestTypes.Unit.UnitTestAdapter" className="d:\v2.0\a1\_work\dbded102\vso\tfs\service\webaccess\build\testscripts\tests\tfstests.build.definitiondesigner.triggers.ts::tfstests.library.build" name="TFSTests.Library.Build.TestSuiteBase CiTriggerVmDirtyTest" />
    </UnitTest>
    <UnitTest name="TFSTests.Library.Build.TestSuiteBase CiTriggerVmInvalidTest" storage="d:\v2.0\a1\_work\dbded102\vso\tfs\service\webaccess\build\testscripts\tests\tfstests.build.definitiondesigner.triggers.ts" id="544a8b20-203e-4b6d-94a0-615421760dc2">
      <Execution id="e90c90d0-7801-4f07-a13a-c9d697103024" />
      <TestMethod codeBase="d:\v2.0\a1\_work\dbded102\vso\tfs\service\webaccess\build\testscripts\tests\tfstests.build.definitiondesigner.triggers.ts" adapterTypeName="Microsoft.VisualStudio.TestTools.TestTypes.Unit.UnitTestAdapter" className="d:\v2.0\a1\_work\dbded102\vso\tfs\service\webaccess\build\testscripts\tests\tfstests.build.definitiondesigner.triggers.ts::tfstests.library.build" name="TFSTests.Library.Build.TestSuiteBase CiTriggerVmInvalidTest" />
    </UnitTest>
    <UnitTest name="TFSTests.Library.Build.TestSuiteBase CiTriggerVmGetValueTest" storage="d:\v2.0\a1\_work\dbded102\vso\tfs\service\webaccess\build\testscripts\tests\tfstests.build.definitiondesigner.triggers.ts" id="e0d3d3d8-9863-4cde-bf56-261eaf020994">
      <Execution id="322136e7-98bd-4c66-ab21-e57617edd6b7" />
      <TestMethod codeBase="d:\v2.0\a1\_work\dbded102\vso\tfs\service\webaccess\build\testscripts\tests\tfstests.build.definitiondesigner.triggers.ts" adapterTypeName="Microsoft.VisualStudio.TestTools.TestTypes.Unit.UnitTestAdapter" className="d:\v2.0\a1\_work\dbded102\vso\tfs\service\webaccess\build\testscripts\tests\tfstests.build.definitiondesigner.triggers.ts::tfstests.library.build" name="TFSTests.Library.Build.TestSuiteBase CiTriggerVmGetValueTest" />
    </UnitTest>
    <UnitTest name="TFSTests.Library.Build.TestSuiteBase SchedulDaysVmInitTest" storage="d:\v2.0\a1\_work\dbded102\vso\tfs\service\webaccess\build\testscripts\tests\tfstests.build.definitiondesigner.triggers.ts" id="9d9ba0d9-1445-457e-9ab3-c0d698dd3e10">
      <Execution id="51d91100-05d5-4686-8249-3a3c26ba5408" />
      <TestMethod codeBase="d:\v2.0\a1\_work\dbded102\vso\tfs\service\webaccess\build\testscripts\tests\tfstests.build.definitiondesigner.triggers.ts" adapterTypeName="Microsoft.VisualStudio.TestTools.TestTypes.Unit.UnitTestAdapter" className="d:\v2.0\a1\_work\dbded102\vso\tfs\service\webaccess\build\testscripts\tests\tfstests.build.definitiondesigner.triggers.ts::tfstests.library.build" name="TFSTests.Library.Build.TestSuiteBase SchedulDaysVmInitTest" />
    </UnitTest>
    <UnitTest name="TFSTests.Library.Build.TestSuiteBase ScheduleDaysVmFlipDayTest" storage="d:\v2.0\a1\_work\dbded102\vso\tfs\service\webaccess\build\testscripts\tests\tfstests.build.definitiondesigner.triggers.ts" id="a92fafed-c177-47e4-b584-de01dc7240ed">
      <Execution id="1f30f657-e55b-491c-ae73-abc925656027" />
      <TestMethod codeBase="d:\v2.0\a1\_work\dbded102\vso\tfs\service\webaccess\build\testscripts\tests\tfstests.build.definitiondesigner.triggers.ts" adapterTypeName="Microsoft.VisualStudio.TestTools.TestTypes.Unit.UnitTestAdapter" className="d:\v2.0\a1\_work\dbded102\vso\tfs\service\webaccess\build\testscripts\tests\tfstests.build.definitiondesigner.triggers.ts::tfstests.library.build" name="TFSTests.Library.Build.TestSuiteBase ScheduleDaysVmFlipDayTest" />
    </UnitTest>
    <UnitTest name="TFSTests.Library.Build.TestSuiteBase ScheduleDaysVmInvalidTest" storage="d:\v2.0\a1\_work\dbded102\vso\tfs\service\webaccess\build\testscripts\tests\tfstests.build.definitiondesigner.triggers.ts" id="0ba669df-0630-4e70-8aa9-b1f68b133b56">
      <Execution id="72b81315-307e-4867-94fe-8e2c96a1f91e" />
      <TestMethod codeBase="d:\v2.0\a1\_work\dbded102\vso\tfs\service\webaccess\build\testscripts\tests\tfstests.build.definitiondesigner.triggers.ts" adapterTypeName="Microsoft.VisualStudio.TestTools.TestTypes.Unit.UnitTestAdapter" className="d:\v2.0\a1\_work\dbded102\vso\tfs\service\webaccess\build\testscripts\tests\tfstests.build.definitiondesigner.triggers.ts::tfstests.library.build" name="TFSTests.Library.Build.TestSuiteBase ScheduleDaysVmInvalidTest" />
    </UnitTest>
    <UnitTest name="TFSTests.Library.Build.TestSuiteBase ScheduleDaysVmDirtyTest" storage="d:\v2.0\a1\_work\dbded102\vso\tfs\service\webaccess\build\testscripts\tests\tfstests.build.definitiondesigner.triggers.ts" id="5a91bc02-de0a-4854-a612-e073558e2282">
      <Execution id="53f83ff9-964d-49e2-b2a0-acccec9c2bbf" />
      <TestMethod codeBase="d:\v2.0\a1\_work\dbded102\vso\tfs\service\webaccess\build\testscripts\tests\tfstests.build.definitiondesigner.triggers.ts" adapterTypeName="Microsoft.VisualStudio.TestTools.TestTypes.Unit.UnitTestAdapter" className="d:\v2.0\a1\_work\dbded102\vso\tfs\service\webaccess\build\testscripts\tests\tfstests.build.definitiondesigner.triggers.ts::tfstests.library.build" name="TFSTests.Library.Build.TestSuiteBase ScheduleDaysVmDirtyTest" />
    </UnitTest>
    <UnitTest name="TFSTests.Library.Build.TestSuiteBase ScheduleDaysVmGetValueTest" storage="d:\v2.0\a1\_work\dbded102\vso\tfs\service\webaccess\build\testscripts\tests\tfstests.build.definitiondesigner.triggers.ts" id="51b4eed8-9ab5-4c85-b88d-dd5709087143">
      <Execution id="3ecc6d2c-1709-4832-a7e0-4bf2e5e4ae22" />
      <TestMethod codeBase="d:\v2.0\a1\_work\dbded102\vso\tfs\service\webaccess\build\testscripts\tests\tfstests.build.definitiondesigner.triggers.ts" adapterTypeName="Microsoft.VisualStudio.TestTools.TestTypes.Unit.UnitTestAdapter" className="d:\v2.0\a1\_work\dbded102\vso\tfs\service\webaccess\build\testscripts\tests\tfstests.build.definitiondesigner.triggers.ts::tfstests.library.build" name="TFSTests.Library.Build.TestSuiteBase ScheduleDaysVmGetValueTest" />
    </UnitTest>
    <UnitTest name="TFSTests.Library.Build.TestSuiteBase ScheduleVmInitTest" storage="d:\v2.0\a1\_work\dbded102\vso\tfs\service\webaccess\build\testscripts\tests\tfstests.build.definitiondesigner.triggers.ts" id="4e639d4c-b8e4-44ea-9235-cc71b96bf0cd">
      <Execution id="496d39b8-e892-4b60-974a-5e3f0df0c222" />
      <TestMethod codeBase="d:\v2.0\a1\_work\dbded102\vso\tfs\service\webaccess\build\testscripts\tests\tfstests.build.definitiondesigner.triggers.ts" adapterTypeName="Microsoft.VisualStudio.TestTools.TestTypes.Unit.UnitTestAdapter" className="d:\v2.0\a1\_work\dbded102\vso\tfs\service\webaccess\build\testscripts\tests\tfstests.build.definitiondesigner.triggers.ts::tfstests.library.build" name="TFSTests.Library.Build.TestSuiteBase ScheduleVmInitTest" />
    </UnitTest>
    <UnitTest name="TFSTests.Library.Build.TestSuiteBase ScheduleVmInvalidTest" storage="d:\v2.0\a1\_work\dbded102\vso\tfs\service\webaccess\build\testscripts\tests\tfstests.build.definitiondesigner.triggers.ts" id="19dcbcc0-22e9-4109-b900-0c34c6eb2a0c">
      <Execution id="b0e14cfd-af9a-4375-8584-6eee49f43632" />
      <TestMethod codeBase="d:\v2.0\a1\_work\dbded102\vso\tfs\service\webaccess\build\testscripts\tests\tfstests.build.definitiondesigner.triggers.ts" adapterTypeName="Microsoft.VisualStudio.TestTools.TestTypes.Unit.UnitTestAdapter" className="d:\v2.0\a1\_work\dbded102\vso\tfs\service\webaccess\build\testscripts\tests\tfstests.build.definitiondesigner.triggers.ts::tfstests.library.build" name="TFSTests.Library.Build.TestSuiteBase ScheduleVmInvalidTest" />
    </UnitTest>
    <UnitTest name="TFSTests.Library.Build.TestSuiteBase ScheduleVmDirtyTest" storage="d:\v2.0\a1\_work\dbded102\vso\tfs\service\webaccess\build\testscripts\tests\tfstests.build.definitiondesigner.triggers.ts" id="763c18f3-785a-40a1-be83-7e0ecee30629">
      <Execution id="6bc8f39d-abf4-42ba-b472-735f842f808d" />
      <TestMethod codeBase="d:\v2.0\a1\_work\dbded102\vso\tfs\service\webaccess\build\testscripts\tests\tfstests.build.definitiondesigner.triggers.ts" adapterTypeName="Microsoft.VisualStudio.TestTools.TestTypes.Unit.UnitTestAdapter" className="d:\v2.0\a1\_work\dbded102\vso\tfs\service\webaccess\build\testscripts\tests\tfstests.build.definitiondesigner.triggers.ts::tfstests.library.build" name="TFSTests.Library.Build.TestSuiteBase ScheduleVmDirtyTest" />
    </UnitTest>
    <UnitTest name="TFSTests.Library.Build.TestSuiteBase ScheduleVmGetValueTest" storage="d:\v2.0\a1\_work\dbded102\vso\tfs\service\webaccess\build\testscripts\tests\tfstests.build.definitiondesigner.triggers.ts" id="03d2822b-2b69-43a5-b765-60359d2cc4e3">
      <Execution id="91362c62-8c2b-4afe-8fc1-0965a408ec75" />
      <TestMethod codeBase="d:\v2.0\a1\_work\dbded102\vso\tfs\service\webaccess\build\testscripts\tests\tfstests.build.definitiondesigner.triggers.ts" adapterTypeName="Microsoft.VisualStudio.TestTools.TestTypes.Unit.UnitTestAdapter" className="d:\v2.0\a1\_work\dbded102\vso\tfs\service\webaccess\build\testscripts\tests\tfstests.build.definitiondesigner.triggers.ts::tfstests.library.build" name="TFSTests.Library.Build.TestSuiteBase ScheduleVmGetValueTest" />
    </UnitTest>
    <UnitTest name="TFSTests.Library.Build.TestSuiteBase ScheduleTriggerVmInitTest" storage="d:\v2.0\a1\_work\dbded102\vso\tfs\service\webaccess\build\testscripts\tests\tfstests.build.definitiondesigner.triggers.ts" id="4330f927-8621-4392-8f10-9201b4b3584b">
      <Execution id="73d7b7c6-a1f6-40ce-b568-e72a1f8acbf6" />
      <TestMethod codeBase="d:\v2.0\a1\_work\dbded102\vso\tfs\service\webaccess\build\testscripts\tests\tfstests.build.definitiondesigner.triggers.ts" adapterTypeName="Microsoft.VisualStudio.TestTools.TestTypes.Unit.UnitTestAdapter" className="d:\v2.0\a1\_work\dbded102\vso\tfs\service\webaccess\build\testscripts\tests\tfstests.build.definitiondesigner.triggers.ts::tfstests.library.build" name="TFSTests.Library.Build.TestSuiteBase ScheduleTriggerVmInitTest" />
    </UnitTest>
    <UnitTest name="TFSTests.Library.Build.TestSuiteBase ScheduleTriggerVmDirtyTest" storage="d:\v2.0\a1\_work\dbded102\vso\tfs\service\webaccess\build\testscripts\tests\tfstests.build.definitiondesigner.triggers.ts" id="08cf240f-eb26-4f2d-adc5-30dae1ebab1d">
      <Execution id="35cde421-d267-4c81-ba66-2011a51025d4" />
      <TestMethod codeBase="d:\v2.0\a1\_work\dbded102\vso\tfs\service\webaccess\build\testscripts\tests\tfstests.build.definitiondesigner.triggers.ts" adapterTypeName="Microsoft.VisualStudio.TestTools.TestTypes.Unit.UnitTestAdapter" className="d:\v2.0\a1\_work\dbded102\vso\tfs\service\webaccess\build\testscripts\tests\tfstests.build.definitiondesigner.triggers.ts::tfstests.library.build" name="TFSTests.Library.Build.TestSuiteBase ScheduleTriggerVmDirtyTest" />
    </UnitTest>
    <UnitTest name="TFSTests.Library.Build.TestSuiteBase ScheduleTriggerVmInvalidTest" storage="d:\v2.0\a1\_work\dbded102\vso\tfs\service\webaccess\build\testscripts\tests\tfstests.build.definitiondesigner.triggers.ts" id="044d3466-3e59-44dd-afbf-031b970c0fc9">
      <Execution id="90e17115-5e8e-46ff-8775-e8c8413b539b" />
      <TestMethod codeBase="d:\v2.0\a1\_work\dbded102\vso\tfs\service\webaccess\build\testscripts\tests\tfstests.build.definitiondesigner.triggers.ts" adapterTypeName="Microsoft.VisualStudio.TestTools.TestTypes.Unit.UnitTestAdapter" className="d:\v2.0\a1\_work\dbded102\vso\tfs\service\webaccess\build\testscripts\tests\tfstests.build.definitiondesigner.triggers.ts::tfstests.library.build" name="TFSTests.Library.Build.TestSuiteBase ScheduleTriggerVmInvalidTest" />
    </UnitTest>
    <UnitTest name="TFSTests.Library.Build.TestSuiteBase ScheduleTriggerVmGetValueTest" storage="d:\v2.0\a1\_work\dbded102\vso\tfs\service\webaccess\build\testscripts\tests\tfstests.build.definitiondesigner.triggers.ts" id="8a6fcd6c-dc18-4863-b908-cd32d7c8ac30">
      <Execution id="f523d5e6-80be-42eb-83e0-a6a9c0bdb90b" />
      <TestMethod codeBase="d:\v2.0\a1\_work\dbded102\vso\tfs\service\webaccess\build\testscripts\tests\tfstests.build.definitiondesigner.triggers.ts" adapterTypeName="Microsoft.VisualStudio.TestTools.TestTypes.Unit.UnitTestAdapter" className="d:\v2.0\a1\_work\dbded102\vso\tfs\service\webaccess\build\testscripts\tests\tfstests.build.definitiondesigner.triggers.ts::tfstests.library.build" name="TFSTests.Library.Build.TestSuiteBase ScheduleTriggerVmGetValueTest" />
    </UnitTest>
    <UnitTest name="TFSTests.Library.Build.TestSuiteBase VariablesVmInitTest" storage="d:\v2.0\a1\_work\dbded102\vso\tfs\service\webaccess\build\testscripts\tests\tfstests.build.definitiondesigner.variables.ts" id="cca360d3-1b3c-4390-9f4b-d3ee64fa1bd5">
      <Execution id="0f5cbb45-1af5-43c6-a149-9b73513834ed" />
      <TestMethod codeBase="d:\v2.0\a1\_work\dbded102\vso\tfs\service\webaccess\build\testscripts\tests\tfstests.build.definitiondesigner.variables.ts" adapterTypeName="Microsoft.VisualStudio.TestTools.TestTypes.Unit.UnitTestAdapter" className="d:\v2.0\a1\_work\dbded102\vso\tfs\service\webaccess\build\testscripts\tests\tfstests.build.definitiondesigner.variables.ts::tfstests.library.build" name="TFSTests.Library.Build.TestSuiteBase VariablesVmInitTest" />
    </UnitTest>
    <UnitTest name="TFSTests.Library.Build.TestSuiteBase VariablesVmDirtyTest" storage="d:\v2.0\a1\_work\dbded102\vso\tfs\service\webaccess\build\testscripts\tests\tfstests.build.definitiondesigner.variables.ts" id="ce55250f-51ff-4f1e-a5e1-fd29211d5ac8">
      <Execution id="4467c748-abb2-482d-a6f6-9993d69f4814" />
      <TestMethod codeBase="d:\v2.0\a1\_work\dbded102\vso\tfs\service\webaccess\build\testscripts\tests\tfstests.build.definitiondesigner.variables.ts" adapterTypeName="Microsoft.VisualStudio.TestTools.TestTypes.Unit.UnitTestAdapter" className="d:\v2.0\a1\_work\dbded102\vso\tfs\service\webaccess\build\testscripts\tests\tfstests.build.definitiondesigner.variables.ts::tfstests.library.build" name="TFSTests.Library.Build.TestSuiteBase VariablesVmDirtyTest" />
    </UnitTest>
    <UnitTest name="TFSTests.Library.Build.TestSuiteBase VariablesVmDirtyTest" storage="d:\v2.0\a1\_work\dbded102\vso\tfs\service\webaccess\build\testscripts\tests\tfstests.build.definitiondesigner.variables.ts" id="e44c2e18-5687-4b56-a505-987793ef0d32">
      <Execution id="77de580f-a941-4f68-bd97-71c6bbc2163a" />
      <TestMethod codeBase="d:\v2.0\a1\_work\dbded102\vso\tfs\service\webaccess\build\testscripts\tests\tfstests.build.definitiondesigner.variables.ts" adapterTypeName="Microsoft.VisualStudio.TestTools.TestTypes.Unit.UnitTestAdapter" className="d:\v2.0\a1\_work\dbded102\vso\tfs\service\webaccess\build\testscripts\tests\tfstests.build.definitiondesigner.variables.ts::tfstests.library.build" name="TFSTests.Library.Build.TestSuiteBase VariablesVmDirtyTest" />
    </UnitTest>
    <UnitTest name="TFSTests.Library.Build.TestSuiteBase VariablesVmGetValueTest" storage="d:\v2.0\a1\_work\dbded102\vso\tfs\service\webaccess\build\testscripts\tests\tfstests.build.definitiondesigner.variables.ts" id="6ae9f840-c528-4e87-a403-e0519a1ce4f2">
      <Execution id="b59f86c9-686a-44c8-9dcb-fc99ac710675" />
      <TestMethod codeBase="d:\v2.0\a1\_work\dbded102\vso\tfs\service\webaccess\build\testscripts\tests\tfstests.build.definitiondesigner.variables.ts" adapterTypeName="Microsoft.VisualStudio.TestTools.TestTypes.Unit.UnitTestAdapter" className="d:\v2.0\a1\_work\dbded102\vso\tfs\service\webaccess\build\testscripts\tests\tfstests.build.definitiondesigner.variables.ts::tfstests.library.build" name="TFSTests.Library.Build.TestSuiteBase VariablesVmGetValueTest" />
    </UnitTest>
    <UnitTest name="TFSTests.Library.Build.TestSuiteBase VariablesListVmInitTest" storage="d:\v2.0\a1\_work\dbded102\vso\tfs\service\webaccess\build\testscripts\tests\tfstests.build.definitiondesigner.variables.ts" id="d9d276d0-bdae-46e7-af99-c1da82905430">
      <Execution id="6a081921-84f6-437f-974e-aa268548737e" />
      <TestMethod codeBase="d:\v2.0\a1\_work\dbded102\vso\tfs\service\webaccess\build\testscripts\tests\tfstests.build.definitiondesigner.variables.ts" adapterTypeName="Microsoft.VisualStudio.TestTools.TestTypes.Unit.UnitTestAdapter" className="d:\v2.0\a1\_work\dbded102\vso\tfs\service\webaccess\build\testscripts\tests\tfstests.build.definitiondesigner.variables.ts::tfstests.library.build" name="TFSTests.Library.Build.TestSuiteBase VariablesListVmInitTest" />
    </UnitTest>
    <UnitTest name="TFSTests.Library.Build.TestSuiteBase VariablesListVmDirtyTest" storage="d:\v2.0\a1\_work\dbded102\vso\tfs\service\webaccess\build\testscripts\tests\tfstests.build.definitiondesigner.variables.ts" id="0aa823e2-f721-4c32-9537-320832e39056">
      <Execution id="fbfcbeb9-59db-424e-9b5a-43cd8a01a18b" />
      <TestMethod codeBase="d:\v2.0\a1\_work\dbded102\vso\tfs\service\webaccess\build\testscripts\tests\tfstests.build.definitiondesigner.variables.ts" adapterTypeName="Microsoft.VisualStudio.TestTools.TestTypes.Unit.UnitTestAdapter" className="d:\v2.0\a1\_work\dbded102\vso\tfs\service\webaccess\build\testscripts\tests\tfstests.build.definitiondesigner.variables.ts::tfstests.library.build" name="TFSTests.Library.Build.TestSuiteBase VariablesListVmDirtyTest" />
    </UnitTest>
    <UnitTest name="TFSTests.Library.Build.TestSuiteBase VariablesListVmInvalidTest" storage="d:\v2.0\a1\_work\dbded102\vso\tfs\service\webaccess\build\testscripts\tests\tfstests.build.definitiondesigner.variables.ts" id="02e0dec6-c9cf-4b6f-9b38-8819aad14bb6">
      <Execution id="1f116926-dc38-49ad-aa98-6e8e868e9f29" />
      <TestMethod codeBase="d:\v2.0\a1\_work\dbded102\vso\tfs\service\webaccess\build\testscripts\tests\tfstests.build.definitiondesigner.variables.ts" adapterTypeName="Microsoft.VisualStudio.TestTools.TestTypes.Unit.UnitTestAdapter" className="d:\v2.0\a1\_work\dbded102\vso\tfs\service\webaccess\build\testscripts\tests\tfstests.build.definitiondesigner.variables.ts::tfstests.library.build" name="TFSTests.Library.Build.TestSuiteBase VariablesListVmInvalidTest" />
    </UnitTest>
    <UnitTest name="TFSTests.Library.Build.TestSuiteBase VerifyCalculateDuration" storage="d:\v2.0\a1\_work\dbded102\vso\tfs\service\webaccess\build\testscripts\tests\tfstests.build.models.ts" id="8f8ae84b-0572-45ad-a6b6-81e98599141e">
      <Execution id="1abf36d4-dc12-4ab0-be13-61052f5a7621" />
      <TestMethod codeBase="d:\v2.0\a1\_work\dbded102\vso\tfs\service\webaccess\build\testscripts\tests\tfstests.build.models.ts" adapterTypeName="Microsoft.VisualStudio.TestTools.TestTypes.Unit.UnitTestAdapter" className="d:\v2.0\a1\_work\dbded102\vso\tfs\service\webaccess\build\testscripts\tests\tfstests.build.models.ts::tfstests.library.build" name="TFSTests.Library.Build.TestSuiteBase VerifyCalculateDuration" />
    </UnitTest>
    <UnitTest name="TFSTests.Library.Build.TestSuiteBase VerifyOrderDates" storage="d:\v2.0\a1\_work\dbded102\vso\tfs\service\webaccess\build\testscripts\tests\tfstests.build.models.ts" id="9c3c6e43-c25b-4e3b-9028-08023093323d">
      <Execution id="a47f4b1f-81b4-4cec-9448-8319ea6d7f49" />
      <TestMethod codeBase="d:\v2.0\a1\_work\dbded102\vso\tfs\service\webaccess\build\testscripts\tests\tfstests.build.models.ts" adapterTypeName="Microsoft.VisualStudio.TestTools.TestTypes.Unit.UnitTestAdapter" className="d:\v2.0\a1\_work\dbded102\vso\tfs\service\webaccess\build\testscripts\tests\tfstests.build.models.ts::tfstests.library.build" name="TFSTests.Library.Build.TestSuiteBase VerifyOrderDates" />
    </UnitTest>
    <UnitTest name="TFSTests.Library.Build.TestSuiteBase VerifyOrderDurations" storage="d:\v2.0\a1\_work\dbded102\vso\tfs\service\webaccess\build\testscripts\tests\tfstests.build.models.ts" id="033563a1-ae4b-46b9-ba50-9c7a75677def">
      <Execution id="fc908d60-f7ac-4f58-868c-7c3297825d9b" />
      <TestMethod codeBase="d:\v2.0\a1\_work\dbded102\vso\tfs\service\webaccess\build\testscripts\tests\tfstests.build.models.ts" adapterTypeName="Microsoft.VisualStudio.TestTools.TestTypes.Unit.UnitTestAdapter" className="d:\v2.0\a1\_work\dbded102\vso\tfs\service\webaccess\build\testscripts\tests\tfstests.build.models.ts::tfstests.library.build" name="TFSTests.Library.Build.TestSuiteBase VerifyOrderDurations" />
    </UnitTest>
    <UnitTest name="TFSTests.Library.Build.TestSuiteBase VerifySectionsFactory" storage="d:\v2.0\a1\_work\dbded102\vso\tfs\service\webaccess\build\testscripts\tests\tfstests.build.models.ts" id="ae3f1cec-539f-4df5-835d-eea63a8623d2">
      <Execution id="8db780e9-e704-46b3-91af-023d6c54102f" />
      <TestMethod codeBase="d:\v2.0\a1\_work\dbded102\vso\tfs\service\webaccess\build\testscripts\tests\tfstests.build.models.ts" adapterTypeName="Microsoft.VisualStudio.TestTools.TestTypes.Unit.UnitTestAdapter" className="d:\v2.0\a1\_work\dbded102\vso\tfs\service\webaccess\build\testscripts\tests\tfstests.build.models.ts::tfstests.library.build" name="TFSTests.Library.Build.TestSuiteBase VerifySectionsFactory" />
    </UnitTest>
    <UnitTest name="TFSTests.Library.Build.TestSuiteBase VerifyCustomSummaryFilePathUtility" storage="d:\v2.0\a1\_work\dbded102\vso\tfs\service\webaccess\build\testscripts\tests\tfstests.build.models.ts" id="e26bb5e2-f679-47e8-9142-d8e003afa992">
      <Execution id="3d3aacd5-8e6e-4cf6-a46a-ffd770a12ca9" />
      <TestMethod codeBase="d:\v2.0\a1\_work\dbded102\vso\tfs\service\webaccess\build\testscripts\tests\tfstests.build.models.ts" adapterTypeName="Microsoft.VisualStudio.TestTools.TestTypes.Unit.UnitTestAdapter" className="d:\v2.0\a1\_work\dbded102\vso\tfs\service\webaccess\build\testscripts\tests\tfstests.build.models.ts::tfstests.library.build" name="TFSTests.Library.Build.TestSuiteBase VerifyCustomSummaryFilePathUtility" />
    </UnitTest>
    <UnitTest name="TFSTests.Library.Build.TestSuiteBase TfsGitSourceControlProviderGetSourceVersionTextTest" storage="d:\v2.0\a1\_work\dbded102\vso\tfs\service\webaccess\build\testscripts\tests\tfstests.build.sourceprovider.ts" id="c077c2e8-bf53-4a5a-bdd3-c92211cabdc5">
      <Execution id="9f0e73b2-31f1-4e51-86b7-40587ff4e762" />
      <TestMethod codeBase="d:\v2.0\a1\_work\dbded102\vso\tfs\service\webaccess\build\testscripts\tests\tfstests.build.sourceprovider.ts" adapterTypeName="Microsoft.VisualStudio.TestTools.TestTypes.Unit.UnitTestAdapter" className="d:\v2.0\a1\_work\dbded102\vso\tfs\service\webaccess\build\testscripts\tests\tfstests.build.sourceprovider.ts::tfstests.library.build" name="TFSTests.Library.Build.TestSuiteBase TfsGitSourceControlProviderGetSourceVersionTextTest" />
    </UnitTest>
    <UnitTest name="TFSTests.Library.Build.TestSuiteBase TfsGitSourceControlProviderGetSourceBranchTest" storage="d:\v2.0\a1\_work\dbded102\vso\tfs\service\webaccess\build\testscripts\tests\tfstests.build.sourceprovider.ts" id="a8ff77de-532d-472c-a233-2b88ac809959">
      <Execution id="9dcdcbe9-9642-4065-800c-0d9877b173a2" />
      <TestMethod codeBase="d:\v2.0\a1\_work\dbded102\vso\tfs\service\webaccess\build\testscripts\tests\tfstests.build.sourceprovider.ts" adapterTypeName="Microsoft.VisualStudio.TestTools.TestTypes.Unit.UnitTestAdapter" className="d:\v2.0\a1\_work\dbded102\vso\tfs\service\webaccess\build\testscripts\tests\tfstests.build.sourceprovider.ts::tfstests.library.build" name="TFSTests.Library.Build.TestSuiteBase TfsGitSourceControlProviderGetSourceBranchTest" />
    </UnitTest>
    <UnitTest name="TFSTests.Library.Build.TestSuiteBase RepoEditorInitTest" storage="d:\v2.0\a1\_work\dbded102\vso\tfs\service\webaccess\build\testscripts\tests\tfstests.build.sourceproviders.git.ts" id="61b48482-5c1b-45c6-b780-e66107aa4334">
      <Execution id="0be6d3b2-5414-494b-ad74-1fae74d9877d" />
      <TestMethod codeBase="d:\v2.0\a1\_work\dbded102\vso\tfs\service\webaccess\build\testscripts\tests\tfstests.build.sourceproviders.git.ts" adapterTypeName="Microsoft.VisualStudio.TestTools.TestTypes.Unit.UnitTestAdapter" className="d:\v2.0\a1\_work\dbded102\vso\tfs\service\webaccess\build\testscripts\tests\tfstests.build.sourceproviders.git.ts::tfstests.library.build" name="TFSTests.Library.Build.TestSuiteBase RepoEditorInitTest" />
    </UnitTest>
    <UnitTest name="TFSTests.Library.Build.TestSuiteBase RepoEditorDirtyTest" storage="d:\v2.0\a1\_work\dbded102\vso\tfs\service\webaccess\build\testscripts\tests\tfstests.build.sourceproviders.git.ts" id="20ffad2b-634c-4323-a98b-47545cedcf71">
      <Execution id="2b326a32-35c3-45f6-9e64-520d02189d11" />
      <TestMethod codeBase="d:\v2.0\a1\_work\dbded102\vso\tfs\service\webaccess\build\testscripts\tests\tfstests.build.sourceproviders.git.ts" adapterTypeName="Microsoft.VisualStudio.TestTools.TestTypes.Unit.UnitTestAdapter" className="d:\v2.0\a1\_work\dbded102\vso\tfs\service\webaccess\build\testscripts\tests\tfstests.build.sourceproviders.git.ts::tfstests.library.build" name="TFSTests.Library.Build.TestSuiteBase RepoEditorDirtyTest" />
    </UnitTest>
    <UnitTest name="TFSTests.Library.Build.TestSuiteBase RepoEditorInvalidTest" storage="d:\v2.0\a1\_work\dbded102\vso\tfs\service\webaccess\build\testscripts\tests\tfstests.build.sourceproviders.git.ts" id="612b6fa7-d16a-470f-8aba-eb793a11a27c">
      <Execution id="0d6c3a7a-4f78-4fed-8db0-c44ca90b5113" />
      <TestMethod codeBase="d:\v2.0\a1\_work\dbded102\vso\tfs\service\webaccess\build\testscripts\tests\tfstests.build.sourceproviders.git.ts" adapterTypeName="Microsoft.VisualStudio.TestTools.TestTypes.Unit.UnitTestAdapter" className="d:\v2.0\a1\_work\dbded102\vso\tfs\service\webaccess\build\testscripts\tests\tfstests.build.sourceproviders.git.ts::tfstests.library.build" name="TFSTests.Library.Build.TestSuiteBase RepoEditorInvalidTest" />
    </UnitTest>
    <UnitTest name="TFSTests.Library.Build.TestSuiteBase RepoEditorGetValueTest" storage="d:\v2.0\a1\_work\dbded102\vso\tfs\service\webaccess\build\testscripts\tests\tfstests.build.sourceproviders.git.ts" id="163ad9f0-66e8-40f4-aabb-221942582c09">
      <Execution id="a1d14ced-b85c-4658-8a57-657e8c574104" />
      <TestMethod codeBase="d:\v2.0\a1\_work\dbded102\vso\tfs\service\webaccess\build\testscripts\tests\tfstests.build.sourceproviders.git.ts" adapterTypeName="Microsoft.VisualStudio.TestTools.TestTypes.Unit.UnitTestAdapter" className="d:\v2.0\a1\_work\dbded102\vso\tfs\service\webaccess\build\testscripts\tests\tfstests.build.sourceproviders.git.ts::tfstests.library.build" name="TFSTests.Library.Build.TestSuiteBase RepoEditorGetValueTest" />
    </UnitTest>
    <UnitTest name="TFSTests.Library.Build.TestSuiteBase RepoEditorUpdateTest" storage="d:\v2.0\a1\_work\dbded102\vso\tfs\service\webaccess\build\testscripts\tests\tfstests.build.sourceproviders.git.ts" id="a9e013c9-b6ff-492c-8119-f666aa03a3b4">
      <Execution id="5e3af65a-37d5-45d3-92a9-41e9cb36e30a" />
      <TestMethod codeBase="d:\v2.0\a1\_work\dbded102\vso\tfs\service\webaccess\build\testscripts\tests\tfstests.build.sourceproviders.git.ts" adapterTypeName="Microsoft.VisualStudio.TestTools.TestTypes.Unit.UnitTestAdapter" className="d:\v2.0\a1\_work\dbded102\vso\tfs\service\webaccess\build\testscripts\tests\tfstests.build.sourceproviders.git.ts::tfstests.library.build" name="TFSTests.Library.Build.TestSuiteBase RepoEditorUpdateTest" />
    </UnitTest>
    <UnitTest name="TFSTests.Library.Build.TestSuiteBase RepoEditorSetCleanTest" storage="d:\v2.0\a1\_work\dbded102\vso\tfs\service\webaccess\build\testscripts\tests\tfstests.build.sourceproviders.git.ts" id="18aafd10-f6d6-4a04-9bb7-418d002ac1c2">
      <Execution id="820f786d-baee-4f7b-b815-f0c579323ff3" />
      <TestMethod codeBase="d:\v2.0\a1\_work\dbded102\vso\tfs\service\webaccess\build\testscripts\tests\tfstests.build.sourceproviders.git.ts" adapterTypeName="Microsoft.VisualStudio.TestTools.TestTypes.Unit.UnitTestAdapter" className="d:\v2.0\a1\_work\dbded102\vso\tfs\service\webaccess\build\testscripts\tests\tfstests.build.sourceproviders.git.ts::tfstests.library.build" name="TFSTests.Library.Build.TestSuiteBase RepoEditorSetCleanTest" />
    </UnitTest>
    <UnitTest name="TFSTests.Library.Build.TestSuiteBase SvnRepoEditorInitTest" storage="d:\v2.0\a1\_work\dbded102\vso\tfs\service\webaccess\build\testscripts\tests\tfstests.build.sourceproviders.svn.ts" id="53e1bcaf-c970-4899-83c2-d67a70a49c88">
      <Execution id="f2dbd592-b32e-4e27-a161-e470aa7cb71e" />
      <TestMethod codeBase="d:\v2.0\a1\_work\dbded102\vso\tfs\service\webaccess\build\testscripts\tests\tfstests.build.sourceproviders.svn.ts" adapterTypeName="Microsoft.VisualStudio.TestTools.TestTypes.Unit.UnitTestAdapter" className="d:\v2.0\a1\_work\dbded102\vso\tfs\service\webaccess\build\testscripts\tests\tfstests.build.sourceproviders.svn.ts::tfstests.library.build" name="TFSTests.Library.Build.TestSuiteBase SvnRepoEditorInitTest" />
    </UnitTest>
    <UnitTest name="TFSTests.Library.Build.TestSuiteBase SvnRepoEditorDirtyTest" storage="d:\v2.0\a1\_work\dbded102\vso\tfs\service\webaccess\build\testscripts\tests\tfstests.build.sourceproviders.svn.ts" id="35408dd5-0d5d-4c92-a55c-7394f72ee4a2">
      <Execution id="338ef173-9c84-4a1a-95e9-dd49228a890a" />
      <TestMethod codeBase="d:\v2.0\a1\_work\dbded102\vso\tfs\service\webaccess\build\testscripts\tests\tfstests.build.sourceproviders.svn.ts" adapterTypeName="Microsoft.VisualStudio.TestTools.TestTypes.Unit.UnitTestAdapter" className="d:\v2.0\a1\_work\dbded102\vso\tfs\service\webaccess\build\testscripts\tests\tfstests.build.sourceproviders.svn.ts::tfstests.library.build" name="TFSTests.Library.Build.TestSuiteBase SvnRepoEditorDirtyTest" />
    </UnitTest>
    <UnitTest name="TFSTests.Library.Build.TestSuiteBase SvnRepoEditorSetCleanTest" storage="d:\v2.0\a1\_work\dbded102\vso\tfs\service\webaccess\build\testscripts\tests\tfstests.build.sourceproviders.svn.ts" id="932c659a-997e-453a-97a4-a4f879ba545e">
      <Execution id="160b8726-2631-481c-98d5-f2e2a74c5dd0" />
      <TestMethod codeBase="d:\v2.0\a1\_work\dbded102\vso\tfs\service\webaccess\build\testscripts\tests\tfstests.build.sourceproviders.svn.ts" adapterTypeName="Microsoft.VisualStudio.TestTools.TestTypes.Unit.UnitTestAdapter" className="d:\v2.0\a1\_work\dbded102\vso\tfs\service\webaccess\build\testscripts\tests\tfstests.build.sourceproviders.svn.ts::tfstests.library.build" name="TFSTests.Library.Build.TestSuiteBase SvnRepoEditorSetCleanTest" />
    </UnitTest>
    <UnitTest name="TFSTests.Library.Build.TestSuiteBase SvnRepoEditorGetValueTest" storage="d:\v2.0\a1\_work\dbded102\vso\tfs\service\webaccess\build\testscripts\tests\tfstests.build.sourceproviders.svn.ts" id="e9236271-f4d0-4872-8910-a142eb1809ab">
      <Execution id="b8912960-2833-45ae-a0d1-75d6a251f5d5" />
      <TestMethod codeBase="d:\v2.0\a1\_work\dbded102\vso\tfs\service\webaccess\build\testscripts\tests\tfstests.build.sourceproviders.svn.ts" adapterTypeName="Microsoft.VisualStudio.TestTools.TestTypes.Unit.UnitTestAdapter" className="d:\v2.0\a1\_work\dbded102\vso\tfs\service\webaccess\build\testscripts\tests\tfstests.build.sourceproviders.svn.ts::tfstests.library.build" name="TFSTests.Library.Build.TestSuiteBase SvnRepoEditorGetValueTest" />
    </UnitTest>
    <UnitTest name="TFSTests.Library.Build.TestSuiteBase SvnRepoEditorUpdateTest" storage="d:\v2.0\a1\_work\dbded102\vso\tfs\service\webaccess\build\testscripts\tests\tfstests.build.sourceproviders.svn.ts" id="02cbe335-20b9-4da0-b5ac-95b302a51c9b">
      <Execution id="90c9e93d-f7cb-41a5-8ab7-f88db6e6d0af" />
      <TestMethod codeBase="d:\v2.0\a1\_work\dbded102\vso\tfs\service\webaccess\build\testscripts\tests\tfstests.build.sourceproviders.svn.ts" adapterTypeName="Microsoft.VisualStudio.TestTools.TestTypes.Unit.UnitTestAdapter" className="d:\v2.0\a1\_work\dbded102\vso\tfs\service\webaccess\build\testscripts\tests\tfstests.build.sourceproviders.svn.ts::tfstests.library.build" name="TFSTests.Library.Build.TestSuiteBase SvnRepoEditorUpdateTest" />
    </UnitTest>
    <UnitTest name="TFSTests.Library.Build.TestSuiteBase SvnRepoEditorInvalidTest" storage="d:\v2.0\a1\_work\dbded102\vso\tfs\service\webaccess\build\testscripts\tests\tfstests.build.sourceproviders.svn.ts" id="43ea2ffc-d471-4f18-87fd-2e14fcad758a">
      <Execution id="9cc3cae2-b8ae-4ca6-b992-cde08a17bb5b" />
      <TestMethod codeBase="d:\v2.0\a1\_work\dbded102\vso\tfs\service\webaccess\build\testscripts\tests\tfstests.build.sourceproviders.svn.ts" adapterTypeName="Microsoft.VisualStudio.TestTools.TestTypes.Unit.UnitTestAdapter" className="d:\v2.0\a1\_work\dbded102\vso\tfs\service\webaccess\build\testscripts\tests\tfstests.build.sourceproviders.svn.ts::tfstests.library.build" name="TFSTests.Library.Build.TestSuiteBase SvnRepoEditorInvalidTest" />
    </UnitTest>
    <UnitTest name="TFSTests.Library.Build.TestSuiteBase RepoEditorInitTest" storage="d:\v2.0\a1\_work\dbded102\vso\tfs\service\webaccess\build\testscripts\tests\tfstests.build.sourceproviders.tfsgit.ts" id="26a92b6f-99b4-4077-8b6c-f7942a9da321">
      <Execution id="49f836aa-f9f9-42ff-b3af-946e9ef66f9d" />
      <TestMethod codeBase="d:\v2.0\a1\_work\dbded102\vso\tfs\service\webaccess\build\testscripts\tests\tfstests.build.sourceproviders.tfsgit.ts" adapterTypeName="Microsoft.VisualStudio.TestTools.TestTypes.Unit.UnitTestAdapter" className="d:\v2.0\a1\_work\dbded102\vso\tfs\service\webaccess\build\testscripts\tests\tfstests.build.sourceproviders.tfsgit.ts::tfstests.library.build" name="TFSTests.Library.Build.TestSuiteBase RepoEditorInitTest" />
    </UnitTest>
    <UnitTest name="TFSTests.Library.Build.TestSuiteBase RepoEditorDirtyTest" storage="d:\v2.0\a1\_work\dbded102\vso\tfs\service\webaccess\build\testscripts\tests\tfstests.build.sourceproviders.tfsgit.ts" id="190d80b3-1c23-4c5a-bba2-9e76144b2600">
      <Execution id="0ea04d4f-8f7c-4d20-8c24-accb623be277" />
      <TestMethod codeBase="d:\v2.0\a1\_work\dbded102\vso\tfs\service\webaccess\build\testscripts\tests\tfstests.build.sourceproviders.tfsgit.ts" adapterTypeName="Microsoft.VisualStudio.TestTools.TestTypes.Unit.UnitTestAdapter" className="d:\v2.0\a1\_work\dbded102\vso\tfs\service\webaccess\build\testscripts\tests\tfstests.build.sourceproviders.tfsgit.ts::tfstests.library.build" name="TFSTests.Library.Build.TestSuiteBase RepoEditorDirtyTest" />
    </UnitTest>
    <UnitTest name="TFSTests.Library.Build.TestSuiteBase RepoEditorSetCleanTest" storage="d:\v2.0\a1\_work\dbded102\vso\tfs\service\webaccess\build\testscripts\tests\tfstests.build.sourceproviders.tfsgit.ts" id="48bc4f4d-de62-40a7-a901-0849bd1b445d">
      <Execution id="7579ab74-8487-48e6-a7e0-a1cf075f4595" />
      <TestMethod codeBase="d:\v2.0\a1\_work\dbded102\vso\tfs\service\webaccess\build\testscripts\tests\tfstests.build.sourceproviders.tfsgit.ts" adapterTypeName="Microsoft.VisualStudio.TestTools.TestTypes.Unit.UnitTestAdapter" className="d:\v2.0\a1\_work\dbded102\vso\tfs\service\webaccess\build\testscripts\tests\tfstests.build.sourceproviders.tfsgit.ts::tfstests.library.build" name="TFSTests.Library.Build.TestSuiteBase RepoEditorSetCleanTest" />
    </UnitTest>
    <UnitTest name="TFSTests.Library.Build.TestSuiteBase RepoEditorGetValueTest" storage="d:\v2.0\a1\_work\dbded102\vso\tfs\service\webaccess\build\testscripts\tests\tfstests.build.sourceproviders.tfsgit.ts" id="2f214fc9-9d0e-4671-97e3-590a6fa76638">
      <Execution id="bcdafd17-2794-4ac0-a002-dca32e99ba6c" />
      <TestMethod codeBase="d:\v2.0\a1\_work\dbded102\vso\tfs\service\webaccess\build\testscripts\tests\tfstests.build.sourceproviders.tfsgit.ts" adapterTypeName="Microsoft.VisualStudio.TestTools.TestTypes.Unit.UnitTestAdapter" className="d:\v2.0\a1\_work\dbded102\vso\tfs\service\webaccess\build\testscripts\tests\tfstests.build.sourceproviders.tfsgit.ts::tfstests.library.build" name="TFSTests.Library.Build.TestSuiteBase RepoEditorGetValueTest" />
    </UnitTest>
    <UnitTest name="TFSTests.Library.Build.TestSuiteBase RepoEditorUpdateTest" storage="d:\v2.0\a1\_work\dbded102\vso\tfs\service\webaccess\build\testscripts\tests\tfstests.build.sourceproviders.tfsgit.ts" id="189ed6d9-9dd6-4a01-b533-851a34dcc3f4">
      <Execution id="1e4da2f7-f431-467e-8f9c-25487227d711" />
      <TestMethod codeBase="d:\v2.0\a1\_work\dbded102\vso\tfs\service\webaccess\build\testscripts\tests\tfstests.build.sourceproviders.tfsgit.ts" adapterTypeName="Microsoft.VisualStudio.TestTools.TestTypes.Unit.UnitTestAdapter" className="d:\v2.0\a1\_work\dbded102\vso\tfs\service\webaccess\build\testscripts\tests\tfstests.build.sourceproviders.tfsgit.ts::tfstests.library.build" name="TFSTests.Library.Build.TestSuiteBase RepoEditorUpdateTest" />
    </UnitTest>
    <UnitTest name="TFSTests.Library.Build.TestSuiteBase TfsGitSourceControlProviderGetSourceVersionTextTest" storage="d:\v2.0\a1\_work\dbded102\vso\tfs\service\webaccess\build\testscripts\tests\tfstests.build.sourceproviders.tfsgit.ts" id="0db121bc-e44c-4dd1-bda8-eb13cd5fc00e">
      <Execution id="0003ac8e-ecef-4057-bbea-e856a0ec7f3c" />
      <TestMethod codeBase="d:\v2.0\a1\_work\dbded102\vso\tfs\service\webaccess\build\testscripts\tests\tfstests.build.sourceproviders.tfsgit.ts" adapterTypeName="Microsoft.VisualStudio.TestTools.TestTypes.Unit.UnitTestAdapter" className="d:\v2.0\a1\_work\dbded102\vso\tfs\service\webaccess\build\testscripts\tests\tfstests.build.sourceproviders.tfsgit.ts::tfstests.library.build" name="TFSTests.Library.Build.TestSuiteBase TfsGitSourceControlProviderGetSourceVersionTextTest" />
    </UnitTest>
    <UnitTest name="TFSTests.Library.Build.TestSuiteBase TfsGitSourceControlProviderGetSourceBranchTest" storage="d:\v2.0\a1\_work\dbded102\vso\tfs\service\webaccess\build\testscripts\tests\tfstests.build.sourceproviders.tfsgit.ts" id="6fa87f9a-79d6-47f2-82b9-443c1e371574">
      <Execution id="001c62db-4f11-4dcf-8a71-1e2b243e0e99" />
      <TestMethod codeBase="d:\v2.0\a1\_work\dbded102\vso\tfs\service\webaccess\build\testscripts\tests\tfstests.build.sourceproviders.tfsgit.ts" adapterTypeName="Microsoft.VisualStudio.TestTools.TestTypes.Unit.UnitTestAdapter" className="d:\v2.0\a1\_work\dbded102\vso\tfs\service\webaccess\build\testscripts\tests\tfstests.build.sourceproviders.tfsgit.ts::tfstests.library.build" name="TFSTests.Library.Build.TestSuiteBase TfsGitSourceControlProviderGetSourceBranchTest" />
    </UnitTest>
    <UnitTest name="TFSTests.Library.Build.TestSuiteBase RepoEditorInitTest" storage="d:\v2.0\a1\_work\dbded102\vso\tfs\service\webaccess\build\testscripts\tests\tfstests.build.sourceproviders.tfsversioncontrol.ts" id="e4a7eef0-c4ef-41a6-af2d-cf62ec8f42db">
      <Execution id="d9ec1612-a089-4bda-aa2e-e5bf7385f258" />
      <TestMethod codeBase="d:\v2.0\a1\_work\dbded102\vso\tfs\service\webaccess\build\testscripts\tests\tfstests.build.sourceproviders.tfsversioncontrol.ts" adapterTypeName="Microsoft.VisualStudio.TestTools.TestTypes.Unit.UnitTestAdapter" className="d:\v2.0\a1\_work\dbded102\vso\tfs\service\webaccess\build\testscripts\tests\tfstests.build.sourceproviders.tfsversioncontrol.ts::tfstests.library.build" name="TFSTests.Library.Build.TestSuiteBase RepoEditorInitTest" />
    </UnitTest>
    <UnitTest name="TFSTests.Library.Build.TestSuiteBase TfsVersionControlSourceControlProviderGetSourceVersionTextTest" storage="d:\v2.0\a1\_work\dbded102\vso\tfs\service\webaccess\build\testscripts\tests\tfstests.build.sourceproviders.tfsversioncontrol.ts" id="f2f9aba7-9430-4ab0-8421-4f596957a8aa">
      <Execution id="1d0e8e8a-e458-417d-99a2-6b2057667ff7" />
      <TestMethod codeBase="d:\v2.0\a1\_work\dbded102\vso\tfs\service\webaccess\build\testscripts\tests\tfstests.build.sourceproviders.tfsversioncontrol.ts" adapterTypeName="Microsoft.VisualStudio.TestTools.TestTypes.Unit.UnitTestAdapter" className="d:\v2.0\a1\_work\dbded102\vso\tfs\service\webaccess\build\testscripts\tests\tfstests.build.sourceproviders.tfsversioncontrol.ts::tfstests.library.build" name="TFSTests.Library.Build.TestSuiteBase TfsVersionControlSourceControlProviderGetSourceVersionTextTest" />
    </UnitTest>
    <UnitTest name="TFSTests.Library.Build.TestSuiteBase RepoEditorDirtyTest" storage="d:\v2.0\a1\_work\dbded102\vso\tfs\service\webaccess\build\testscripts\tests\tfstests.build.sourceproviders.tfsversioncontrol.ts" id="7975d069-d01c-4d45-9e57-7b5b732ae750">
      <Execution id="75c8add9-601d-4d35-91bf-bf05844e7d1a" />
      <TestMethod codeBase="d:\v2.0\a1\_work\dbded102\vso\tfs\service\webaccess\build\testscripts\tests\tfstests.build.sourceproviders.tfsversioncontrol.ts" adapterTypeName="Microsoft.VisualStudio.TestTools.TestTypes.Unit.UnitTestAdapter" className="d:\v2.0\a1\_work\dbded102\vso\tfs\service\webaccess\build\testscripts\tests\tfstests.build.sourceproviders.tfsversioncontrol.ts::tfstests.library.build" name="TFSTests.Library.Build.TestSuiteBase RepoEditorDirtyTest" />
    </UnitTest>
    <UnitTest name="TFSTests.Library.Build.TestSuiteBase RepoEditorInvalidTest" storage="d:\v2.0\a1\_work\dbded102\vso\tfs\service\webaccess\build\testscripts\tests\tfstests.build.sourceproviders.tfsversioncontrol.ts" id="0f75ce9c-0b52-4192-9ab4-8c3ff81e5691">
      <Execution id="81820907-fb3b-4c06-a7e9-5a9880453665" />
      <TestMethod codeBase="d:\v2.0\a1\_work\dbded102\vso\tfs\service\webaccess\build\testscripts\tests\tfstests.build.sourceproviders.tfsversioncontrol.ts" adapterTypeName="Microsoft.VisualStudio.TestTools.TestTypes.Unit.UnitTestAdapter" className="d:\v2.0\a1\_work\dbded102\vso\tfs\service\webaccess\build\testscripts\tests\tfstests.build.sourceproviders.tfsversioncontrol.ts::tfstests.library.build" name="TFSTests.Library.Build.TestSuiteBase RepoEditorInvalidTest" />
    </UnitTest>
    <UnitTest name="TFSTests.Library.Build.TestSuiteBase MappingVmDirtyTest" storage="d:\v2.0\a1\_work\dbded102\vso\tfs\service\webaccess\build\testscripts\tests\tfstests.build.sourceproviders.tfsversioncontrol.ts" id="1ee4a7ec-0884-4375-8988-87b32098d7a1">
      <Execution id="4b2a6785-a1ad-493e-8fa6-c905da5bd4e6" />
      <TestMethod codeBase="d:\v2.0\a1\_work\dbded102\vso\tfs\service\webaccess\build\testscripts\tests\tfstests.build.sourceproviders.tfsversioncontrol.ts" adapterTypeName="Microsoft.VisualStudio.TestTools.TestTypes.Unit.UnitTestAdapter" className="d:\v2.0\a1\_work\dbded102\vso\tfs\service\webaccess\build\testscripts\tests\tfstests.build.sourceproviders.tfsversioncontrol.ts::tfstests.library.build" name="TFSTests.Library.Build.TestSuiteBase MappingVmDirtyTest" />
    </UnitTest>
    <UnitTest name="TFSTests.Library.Build.TestSuiteBase MappingVmInvalidTest" storage="d:\v2.0\a1\_work\dbded102\vso\tfs\service\webaccess\build\testscripts\tests\tfstests.build.sourceproviders.tfsversioncontrol.ts" id="589acb67-735f-464a-8395-5ea7ae21e7e6">
      <Execution id="a9dc8bd5-c92d-483f-a777-3143077173a5" />
      <TestMethod codeBase="d:\v2.0\a1\_work\dbded102\vso\tfs\service\webaccess\build\testscripts\tests\tfstests.build.sourceproviders.tfsversioncontrol.ts" adapterTypeName="Microsoft.VisualStudio.TestTools.TestTypes.Unit.UnitTestAdapter" className="d:\v2.0\a1\_work\dbded102\vso\tfs\service\webaccess\build\testscripts\tests\tfstests.build.sourceproviders.tfsversioncontrol.ts::tfstests.library.build" name="TFSTests.Library.Build.TestSuiteBase MappingVmInvalidTest" />
    </UnitTest>
    <UnitTest name="TFSTests.Library.Build.TestSuiteBase MappingVmInitTest" storage="d:\v2.0\a1\_work\dbded102\vso\tfs\service\webaccess\build\testscripts\tests\tfstests.build.sourceproviders.tfsversioncontrol.ts" id="1bfeba06-bd60-41d6-a8ee-3ef6cd15b6f0">
      <Execution id="413b2f04-1cb2-4c1a-b37c-961d7557b436" />
      <TestMethod codeBase="d:\v2.0\a1\_work\dbded102\vso\tfs\service\webaccess\build\testscripts\tests\tfstests.build.sourceproviders.tfsversioncontrol.ts" adapterTypeName="Microsoft.VisualStudio.TestTools.TestTypes.Unit.UnitTestAdapter" className="d:\v2.0\a1\_work\dbded102\vso\tfs\service\webaccess\build\testscripts\tests\tfstests.build.sourceproviders.tfsversioncontrol.ts::tfstests.library.build" name="TFSTests.Library.Build.TestSuiteBase MappingVmInitTest" />
    </UnitTest>
    <UnitTest name="TFSTests.Library.Build.TestSuiteBase TestSummaryTabView" storage="d:\v2.0\a1\_work\dbded102\vso\tfs\service\webaccess\build\testscripts\tests\tfstests.build.views.ts" id="5098afba-f850-4cac-b9eb-78667dc8ad22">
      <Execution id="237e8f0c-e457-424f-b5b5-6046107f715a" />
      <TestMethod codeBase="d:\v2.0\a1\_work\dbded102\vso\tfs\service\webaccess\build\testscripts\tests\tfstests.build.views.ts" adapterTypeName="Microsoft.VisualStudio.TestTools.TestTypes.Unit.UnitTestAdapter" className="d:\v2.0\a1\_work\dbded102\vso\tfs\service\webaccess\build\testscripts\tests\tfstests.build.views.ts::tfstests.library.build" name="TFSTests.Library.Build.TestSuiteBase TestSummaryTabView" />
    </UnitTest>
    <UnitTest name="TFSTests.Library.Build.TestSuiteBase TestSummaryTabArtifactsTab" storage="d:\v2.0\a1\_work\dbded102\vso\tfs\service\webaccess\build\testscripts\tests\tfstests.build.views.ts" id="969be62a-d742-40ae-99cd-2a25e0e78ae8">
      <Execution id="7f413270-00ba-468f-95a0-abcebfc319bf" />
      <TestMethod codeBase="d:\v2.0\a1\_work\dbded102\vso\tfs\service\webaccess\build\testscripts\tests\tfstests.build.views.ts" adapterTypeName="Microsoft.VisualStudio.TestTools.TestTypes.Unit.UnitTestAdapter" className="d:\v2.0\a1\_work\dbded102\vso\tfs\service\webaccess\build\testscripts\tests\tfstests.build.views.ts::tfstests.library.build" name="TFSTests.Library.Build.TestSuiteBase TestSummaryTabArtifactsTab" />
    </UnitTest>
    <UnitTest name="TFSTests.Library.Build.TestSuiteBase TestBuildDetailsView" storage="d:\v2.0\a1\_work\dbded102\vso\tfs\service\webaccess\build\testscripts\tests\tfstests.build.views.ts" id="48888e8b-820f-46e5-844d-98fef1c50636">
      <Execution id="a4ec1dbd-b4a1-43f9-a75b-d9711601c7c0" />
      <TestMethod codeBase="d:\v2.0\a1\_work\dbded102\vso\tfs\service\webaccess\build\testscripts\tests\tfstests.build.views.ts" adapterTypeName="Microsoft.VisualStudio.TestTools.TestTypes.Unit.UnitTestAdapter" className="d:\v2.0\a1\_work\dbded102\vso\tfs\service\webaccess\build\testscripts\tests\tfstests.build.views.ts::tfstests.library.build" name="TFSTests.Library.Build.TestSuiteBase TestBuildDetailsView" />
    </UnitTest>
  </TestDefinitions>
  <TestEntries>
    <TestEntry testId="2e9e0470-9673-4cbb-88aa-06ba9f147f29" executionId="b3ce3f22-4fb0-4647-9f9f-19cf100b6e40" testListId="8c84fa94-04c1-424b-9868-57a2d4851a1d" />
    <TestEntry testId="91d17c14-d121-497f-93a4-796dd15d80bc" executionId="c7d0ccce-62d0-4d21-9e21-865025c89205" testListId="8c84fa94-04c1-424b-9868-57a2d4851a1d" />
    <TestEntry testId="8e4aa1c7-b1a5-4b8e-9925-6361469dc532" executionId="8409d7db-6422-4446-a4db-9a2c2f39a4d4" testListId="8c84fa94-04c1-424b-9868-57a2d4851a1d" />
    <TestEntry testId="9df23485-3ed1-4da4-9b97-639cef8d6cae" executionId="9cadb1ce-4f1d-4f54-ad98-5e912abc7b6b" testListId="8c84fa94-04c1-424b-9868-57a2d4851a1d" />
    <TestEntry testId="e0b8665b-8d79-4f18-a4e0-1ddec27b46ea" executionId="7a0955bb-a6bc-4657-82e5-8f5ffc7c929a" testListId="8c84fa94-04c1-424b-9868-57a2d4851a1d" />
    <TestEntry testId="43f96bc6-f3fc-4f49-9812-e23d77bc472e" executionId="62e825f6-8972-44d6-8441-3014c009fcc4" testListId="8c84fa94-04c1-424b-9868-57a2d4851a1d" />
    <TestEntry testId="036bc7b7-5fd5-4cbf-92fa-8900113016e9" executionId="66f9f89e-7790-4023-a72a-e9a791e0fb6f" testListId="8c84fa94-04c1-424b-9868-57a2d4851a1d" />
    <TestEntry testId="056f3a12-b61b-4574-aa2b-b6303996074c" executionId="195faefa-4bda-4ea8-aabe-6f6b36e631c0" testListId="8c84fa94-04c1-424b-9868-57a2d4851a1d" />
    <TestEntry testId="5250c67a-5c80-405d-b867-a88e9ff1e97c" executionId="1476b91c-98c1-4402-80d6-22d3903f461e" testListId="8c84fa94-04c1-424b-9868-57a2d4851a1d" />
    <TestEntry testId="c6034813-084b-437c-a159-1bc67cb949b8" executionId="fd2cde37-7446-4e2d-a3d0-74afd3eadb65" testListId="8c84fa94-04c1-424b-9868-57a2d4851a1d" />
    <TestEntry testId="d164532a-fdf6-47f8-9add-cc53e3639862" executionId="2157a58a-284f-4f1b-84e2-e60d8ebddb06" testListId="8c84fa94-04c1-424b-9868-57a2d4851a1d" />
    <TestEntry testId="6007353b-65df-4494-8a8d-e0676900e711" executionId="3c17b293-63b6-47a2-9e29-7c0cdf80d566" testListId="8c84fa94-04c1-424b-9868-57a2d4851a1d" />
    <TestEntry testId="cf530bdd-8a31-44a0-baab-448ca8307807" executionId="9176b031-35d3-46fa-b2cb-965bd44ca253" testListId="8c84fa94-04c1-424b-9868-57a2d4851a1d" />
    <TestEntry testId="3d784b78-f87f-457a-99a2-8dc3e912044d" executionId="28decbd6-c070-466a-84d9-4f3a0666bd0e" testListId="8c84fa94-04c1-424b-9868-57a2d4851a1d" />
    <TestEntry testId="322598a1-5b9d-4055-97fa-4e7efddbaa3a" executionId="5ba668b7-149c-4cce-af68-33c228895339" testListId="8c84fa94-04c1-424b-9868-57a2d4851a1d" />
    <TestEntry testId="db6027e1-41a7-4489-8e8f-a854e1c14e0f" executionId="fa54896f-646e-4746-b51c-461a191c01c1" testListId="8c84fa94-04c1-424b-9868-57a2d4851a1d" />
    <TestEntry testId="58a02e54-1247-45d5-946b-4b05956a4847" executionId="6c46af89-00f7-43fa-b9a6-ece91ec8655f" testListId="8c84fa94-04c1-424b-9868-57a2d4851a1d" />
    <TestEntry testId="ee71ffc3-732d-48f7-a370-0660219baa40" executionId="03d27046-3a0b-4de6-9a8d-6fa3265db596" testListId="8c84fa94-04c1-424b-9868-57a2d4851a1d" />
    <TestEntry testId="b8e641e8-b3c9-4474-8bc9-92de408561ae" executionId="2ef0bb4c-da31-446a-9852-dc785abdd23a" testListId="8c84fa94-04c1-424b-9868-57a2d4851a1d" />
    <TestEntry testId="ee64e44b-7ea5-487b-b33a-c6235f044400" executionId="c2441e33-76bd-4dcd-9095-f480c8b42a23" testListId="8c84fa94-04c1-424b-9868-57a2d4851a1d" />
    <TestEntry testId="4df93c98-7534-4270-ae2b-68c6f82838f6" executionId="9f8d861d-a636-4d0f-b443-f5a079081a8e" testListId="8c84fa94-04c1-424b-9868-57a2d4851a1d" />
    <TestEntry testId="c8f6045f-4966-4932-824f-ca4869e7437e" executionId="577e267e-bea0-455b-900a-448c56619076" testListId="8c84fa94-04c1-424b-9868-57a2d4851a1d" />
    <TestEntry testId="c27ba63a-0a32-492a-bf15-a1af8c7277be" executionId="98e37af3-0181-4dcb-a893-a032de56df18" testListId="8c84fa94-04c1-424b-9868-57a2d4851a1d" />
    <TestEntry testId="c1059a12-64fa-46a5-833d-7f31508adafa" executionId="d1ae33e2-adc2-4f01-98b5-adbbd1d84672" testListId="8c84fa94-04c1-424b-9868-57a2d4851a1d" />
    <TestEntry testId="02a56ddd-2a07-4e19-a0a6-3aaae73971ec" executionId="72c717ca-fc2c-49e8-941e-089c2938bde7" testListId="8c84fa94-04c1-424b-9868-57a2d4851a1d" />
    <TestEntry testId="d6a5dba0-21e9-4724-a35e-e7d16dd6364c" executionId="263f5978-33bf-43d2-b01a-5cffcbb86f31" testListId="8c84fa94-04c1-424b-9868-57a2d4851a1d" />
    <TestEntry testId="73f0d3d3-d3dd-4227-82ae-85818c13706f" executionId="e84463e0-3cf9-401b-bd73-65490ab9484e" testListId="8c84fa94-04c1-424b-9868-57a2d4851a1d" />
    <TestEntry testId="56245ed3-eb4c-4bc5-be82-1d1d1082f227" executionId="011be2f8-4eb5-4e06-8a55-e9e8b348a6b3" testListId="8c84fa94-04c1-424b-9868-57a2d4851a1d" />
    <TestEntry testId="d8074f0c-25ba-46df-a875-3c2047ed6e86" executionId="1eb7dc11-eefe-4e78-947d-1bfe8eb780ed" testListId="8c84fa94-04c1-424b-9868-57a2d4851a1d" />
    <TestEntry testId="d62b973d-f434-438b-a518-53d5b9a2cebd" executionId="04e2d612-6f98-42a2-8eb3-9fb79f91ce28" testListId="8c84fa94-04c1-424b-9868-57a2d4851a1d" />
    <TestEntry testId="77fe79d3-ccc0-44e0-afca-3ebae1a2db59" executionId="fa1b9f00-a8d8-4624-85eb-9040479762f4" testListId="8c84fa94-04c1-424b-9868-57a2d4851a1d" />
    <TestEntry testId="68264c86-6f76-42fc-ad56-81f24df93f38" executionId="9ae0c671-6a83-4c17-aa31-fadbe41757c5" testListId="8c84fa94-04c1-424b-9868-57a2d4851a1d" />
    <TestEntry testId="1c948712-58a6-40a3-afd0-d3f1551ce073" executionId="ac5d1279-6c0c-4d30-942a-7c0323aee39f" testListId="8c84fa94-04c1-424b-9868-57a2d4851a1d" />
    <TestEntry testId="6a2b272e-3fbc-469c-aed1-df6bb9ccd422" executionId="9402f24d-12a0-41a2-8367-f5b99e7fdaa9" testListId="8c84fa94-04c1-424b-9868-57a2d4851a1d" />
    <TestEntry testId="dc238593-6a87-45e6-98a8-169ce3dc0f4e" executionId="3e7dfbed-65ed-4378-a071-d4ed9dc43667" testListId="8c84fa94-04c1-424b-9868-57a2d4851a1d" />
    <TestEntry testId="4ac0b76a-3920-44e8-beaf-9cbdb74673b0" executionId="4764a304-959a-464d-bbde-6b9174615330" testListId="8c84fa94-04c1-424b-9868-57a2d4851a1d" />
    <TestEntry testId="6d47b126-fb5a-49c0-a9f9-1afb549cd51c" executionId="246a6de6-a977-4bfa-a737-b3eb49adb119" testListId="8c84fa94-04c1-424b-9868-57a2d4851a1d" />
    <TestEntry testId="544a8b20-203e-4b6d-94a0-615421760dc2" executionId="e90c90d0-7801-4f07-a13a-c9d697103024" testListId="8c84fa94-04c1-424b-9868-57a2d4851a1d" />
    <TestEntry testId="e0d3d3d8-9863-4cde-bf56-261eaf020994" executionId="322136e7-98bd-4c66-ab21-e57617edd6b7" testListId="8c84fa94-04c1-424b-9868-57a2d4851a1d" />
    <TestEntry testId="9d9ba0d9-1445-457e-9ab3-c0d698dd3e10" executionId="51d91100-05d5-4686-8249-3a3c26ba5408" testListId="8c84fa94-04c1-424b-9868-57a2d4851a1d" />
    <TestEntry testId="a92fafed-c177-47e4-b584-de01dc7240ed" executionId="1f30f657-e55b-491c-ae73-abc925656027" testListId="8c84fa94-04c1-424b-9868-57a2d4851a1d" />
    <TestEntry testId="0ba669df-0630-4e70-8aa9-b1f68b133b56" executionId="72b81315-307e-4867-94fe-8e2c96a1f91e" testListId="8c84fa94-04c1-424b-9868-57a2d4851a1d" />
    <TestEntry testId="5a91bc02-de0a-4854-a612-e073558e2282" executionId="53f83ff9-964d-49e2-b2a0-acccec9c2bbf" testListId="8c84fa94-04c1-424b-9868-57a2d4851a1d" />
    <TestEntry testId="51b4eed8-9ab5-4c85-b88d-dd5709087143" executionId="3ecc6d2c-1709-4832-a7e0-4bf2e5e4ae22" testListId="8c84fa94-04c1-424b-9868-57a2d4851a1d" />
    <TestEntry testId="4e639d4c-b8e4-44ea-9235-cc71b96bf0cd" executionId="496d39b8-e892-4b60-974a-5e3f0df0c222" testListId="8c84fa94-04c1-424b-9868-57a2d4851a1d" />
    <TestEntry testId="19dcbcc0-22e9-4109-b900-0c34c6eb2a0c" executionId="b0e14cfd-af9a-4375-8584-6eee49f43632" testListId="8c84fa94-04c1-424b-9868-57a2d4851a1d" />
    <TestEntry testId="763c18f3-785a-40a1-be83-7e0ecee30629" executionId="6bc8f39d-abf4-42ba-b472-735f842f808d" testListId="8c84fa94-04c1-424b-9868-57a2d4851a1d" />
    <TestEntry testId="03d2822b-2b69-43a5-b765-60359d2cc4e3" executionId="91362c62-8c2b-4afe-8fc1-0965a408ec75" testListId="8c84fa94-04c1-424b-9868-57a2d4851a1d" />
    <TestEntry testId="4330f927-8621-4392-8f10-9201b4b3584b" executionId="73d7b7c6-a1f6-40ce-b568-e72a1f8acbf6" testListId="8c84fa94-04c1-424b-9868-57a2d4851a1d" />
    <TestEntry testId="08cf240f-eb26-4f2d-adc5-30dae1ebab1d" executionId="35cde421-d267-4c81-ba66-2011a51025d4" testListId="8c84fa94-04c1-424b-9868-57a2d4851a1d" />
    <TestEntry testId="044d3466-3e59-44dd-afbf-031b970c0fc9" executionId="90e17115-5e8e-46ff-8775-e8c8413b539b" testListId="8c84fa94-04c1-424b-9868-57a2d4851a1d" />
    <TestEntry testId="8a6fcd6c-dc18-4863-b908-cd32d7c8ac30" executionId="f523d5e6-80be-42eb-83e0-a6a9c0bdb90b" testListId="8c84fa94-04c1-424b-9868-57a2d4851a1d" />
    <TestEntry testId="cca360d3-1b3c-4390-9f4b-d3ee64fa1bd5" executionId="0f5cbb45-1af5-43c6-a149-9b73513834ed" testListId="8c84fa94-04c1-424b-9868-57a2d4851a1d" />
    <TestEntry testId="ce55250f-51ff-4f1e-a5e1-fd29211d5ac8" executionId="4467c748-abb2-482d-a6f6-9993d69f4814" testListId="8c84fa94-04c1-424b-9868-57a2d4851a1d" />
    <TestEntry testId="e44c2e18-5687-4b56-a505-987793ef0d32" executionId="77de580f-a941-4f68-bd97-71c6bbc2163a" testListId="8c84fa94-04c1-424b-9868-57a2d4851a1d" />
    <TestEntry testId="6ae9f840-c528-4e87-a403-e0519a1ce4f2" executionId="b59f86c9-686a-44c8-9dcb-fc99ac710675" testListId="8c84fa94-04c1-424b-9868-57a2d4851a1d" />
    <TestEntry testId="d9d276d0-bdae-46e7-af99-c1da82905430" executionId="6a081921-84f6-437f-974e-aa268548737e" testListId="8c84fa94-04c1-424b-9868-57a2d4851a1d" />
    <TestEntry testId="0aa823e2-f721-4c32-9537-320832e39056" executionId="fbfcbeb9-59db-424e-9b5a-43cd8a01a18b" testListId="8c84fa94-04c1-424b-9868-57a2d4851a1d" />
    <TestEntry testId="02e0dec6-c9cf-4b6f-9b38-8819aad14bb6" executionId="1f116926-dc38-49ad-aa98-6e8e868e9f29" testListId="8c84fa94-04c1-424b-9868-57a2d4851a1d" />
    <TestEntry testId="8f8ae84b-0572-45ad-a6b6-81e98599141e" executionId="1abf36d4-dc12-4ab0-be13-61052f5a7621" testListId="8c84fa94-04c1-424b-9868-57a2d4851a1d" />
    <TestEntry testId="9c3c6e43-c25b-4e3b-9028-08023093323d" executionId="a47f4b1f-81b4-4cec-9448-8319ea6d7f49" testListId="8c84fa94-04c1-424b-9868-57a2d4851a1d" />
    <TestEntry testId="033563a1-ae4b-46b9-ba50-9c7a75677def" executionId="fc908d60-f7ac-4f58-868c-7c3297825d9b" testListId="8c84fa94-04c1-424b-9868-57a2d4851a1d" />
    <TestEntry testId="ae3f1cec-539f-4df5-835d-eea63a8623d2" executionId="8db780e9-e704-46b3-91af-023d6c54102f" testListId="8c84fa94-04c1-424b-9868-57a2d4851a1d" />
    <TestEntry testId="e26bb5e2-f679-47e8-9142-d8e003afa992" executionId="3d3aacd5-8e6e-4cf6-a46a-ffd770a12ca9" testListId="8c84fa94-04c1-424b-9868-57a2d4851a1d" />
    <TestEntry testId="c077c2e8-bf53-4a5a-bdd3-c92211cabdc5" executionId="9f0e73b2-31f1-4e51-86b7-40587ff4e762" testListId="8c84fa94-04c1-424b-9868-57a2d4851a1d" />
    <TestEntry testId="a8ff77de-532d-472c-a233-2b88ac809959" executionId="9dcdcbe9-9642-4065-800c-0d9877b173a2" testListId="8c84fa94-04c1-424b-9868-57a2d4851a1d" />
    <TestEntry testId="61b48482-5c1b-45c6-b780-e66107aa4334" executionId="0be6d3b2-5414-494b-ad74-1fae74d9877d" testListId="8c84fa94-04c1-424b-9868-57a2d4851a1d" />
    <TestEntry testId="20ffad2b-634c-4323-a98b-47545cedcf71" executionId="2b326a32-35c3-45f6-9e64-520d02189d11" testListId="8c84fa94-04c1-424b-9868-57a2d4851a1d" />
    <TestEntry testId="612b6fa7-d16a-470f-8aba-eb793a11a27c" executionId="0d6c3a7a-4f78-4fed-8db0-c44ca90b5113" testListId="8c84fa94-04c1-424b-9868-57a2d4851a1d" />
    <TestEntry testId="163ad9f0-66e8-40f4-aabb-221942582c09" executionId="a1d14ced-b85c-4658-8a57-657e8c574104" testListId="8c84fa94-04c1-424b-9868-57a2d4851a1d" />
    <TestEntry testId="a9e013c9-b6ff-492c-8119-f666aa03a3b4" executionId="5e3af65a-37d5-45d3-92a9-41e9cb36e30a" testListId="8c84fa94-04c1-424b-9868-57a2d4851a1d" />
    <TestEntry testId="18aafd10-f6d6-4a04-9bb7-418d002ac1c2" executionId="820f786d-baee-4f7b-b815-f0c579323ff3" testListId="8c84fa94-04c1-424b-9868-57a2d4851a1d" />
    <TestEntry testId="53e1bcaf-c970-4899-83c2-d67a70a49c88" executionId="f2dbd592-b32e-4e27-a161-e470aa7cb71e" testListId="8c84fa94-04c1-424b-9868-57a2d4851a1d" />
    <TestEntry testId="35408dd5-0d5d-4c92-a55c-7394f72ee4a2" executionId="338ef173-9c84-4a1a-95e9-dd49228a890a" testListId="8c84fa94-04c1-424b-9868-57a2d4851a1d" />
    <TestEntry testId="932c659a-997e-453a-97a4-a4f879ba545e" executionId="160b8726-2631-481c-98d5-f2e2a74c5dd0" testListId="8c84fa94-04c1-424b-9868-57a2d4851a1d" />
    <TestEntry testId="e9236271-f4d0-4872-8910-a142eb1809ab" executionId="b8912960-2833-45ae-a0d1-75d6a251f5d5" testListId="8c84fa94-04c1-424b-9868-57a2d4851a1d" />
    <TestEntry testId="02cbe335-20b9-4da0-b5ac-95b302a51c9b" executionId="90c9e93d-f7cb-41a5-8ab7-f88db6e6d0af" testListId="8c84fa94-04c1-424b-9868-57a2d4851a1d" />
    <TestEntry testId="43ea2ffc-d471-4f18-87fd-2e14fcad758a" executionId="9cc3cae2-b8ae-4ca6-b992-cde08a17bb5b" testListId="8c84fa94-04c1-424b-9868-57a2d4851a1d" />
    <TestEntry testId="26a92b6f-99b4-4077-8b6c-f7942a9da321" executionId="49f836aa-f9f9-42ff-b3af-946e9ef66f9d" testListId="8c84fa94-04c1-424b-9868-57a2d4851a1d" />
    <TestEntry testId="190d80b3-1c23-4c5a-bba2-9e76144b2600" executionId="0ea04d4f-8f7c-4d20-8c24-accb623be277" testListId="8c84fa94-04c1-424b-9868-57a2d4851a1d" />
    <TestEntry testId="48bc4f4d-de62-40a7-a901-0849bd1b445d" executionId="7579ab74-8487-48e6-a7e0-a1cf075f4595" testListId="8c84fa94-04c1-424b-9868-57a2d4851a1d" />
    <TestEntry testId="2f214fc9-9d0e-4671-97e3-590a6fa76638" executionId="bcdafd17-2794-4ac0-a002-dca32e99ba6c" testListId="8c84fa94-04c1-424b-9868-57a2d4851a1d" />
    <TestEntry testId="189ed6d9-9dd6-4a01-b533-851a34dcc3f4" executionId="1e4da2f7-f431-467e-8f9c-25487227d711" testListId="8c84fa94-04c1-424b-9868-57a2d4851a1d" />
    <TestEntry testId="0db121bc-e44c-4dd1-bda8-eb13cd5fc00e" executionId="0003ac8e-ecef-4057-bbea-e856a0ec7f3c" testListId="8c84fa94-04c1-424b-9868-57a2d4851a1d" />
    <TestEntry testId="6fa87f9a-79d6-47f2-82b9-443c1e371574" executionId="001c62db-4f11-4dcf-8a71-1e2b243e0e99" testListId="8c84fa94-04c1-424b-9868-57a2d4851a1d" />
    <TestEntry testId="e4a7eef0-c4ef-41a6-af2d-cf62ec8f42db" executionId="d9ec1612-a089-4bda-aa2e-e5bf7385f258" testListId="8c84fa94-04c1-424b-9868-57a2d4851a1d" />
    <TestEntry testId="f2f9aba7-9430-4ab0-8421-4f596957a8aa" executionId="1d0e8e8a-e458-417d-99a2-6b2057667ff7" testListId="8c84fa94-04c1-424b-9868-57a2d4851a1d" />
    <TestEntry testId="7975d069-d01c-4d45-9e57-7b5b732ae750" executionId="75c8add9-601d-4d35-91bf-bf05844e7d1a" testListId="8c84fa94-04c1-424b-9868-57a2d4851a1d" />
    <TestEntry testId="0f75ce9c-0b52-4192-9ab4-8c3ff81e5691" executionId="81820907-fb3b-4c06-a7e9-5a9880453665" testListId="8c84fa94-04c1-424b-9868-57a2d4851a1d" />
    <TestEntry testId="1ee4a7ec-0884-4375-8988-87b32098d7a1" executionId="4b2a6785-a1ad-493e-8fa6-c905da5bd4e6" testListId="8c84fa94-04c1-424b-9868-57a2d4851a1d" />
    <TestEntry testId="589acb67-735f-464a-8395-5ea7ae21e7e6" executionId="a9dc8bd5-c92d-483f-a777-3143077173a5" testListId="8c84fa94-04c1-424b-9868-57a2d4851a1d" />
    <TestEntry testId="1bfeba06-bd60-41d6-a8ee-3ef6cd15b6f0" executionId="413b2f04-1cb2-4c1a-b37c-961d7557b436" testListId="8c84fa94-04c1-424b-9868-57a2d4851a1d" />
    <TestEntry testId="5098afba-f850-4cac-b9eb-78667dc8ad22" executionId="237e8f0c-e457-424f-b5b5-6046107f715a" testListId="8c84fa94-04c1-424b-9868-57a2d4851a1d" />
    <TestEntry testId="969be62a-d742-40ae-99cd-2a25e0e78ae8" executionId="7f413270-00ba-468f-95a0-abcebfc319bf" testListId="8c84fa94-04c1-424b-9868-57a2d4851a1d" />
    <TestEntry testId="48888e8b-820f-46e5-844d-98fef1c50636" executionId="a4ec1dbd-b4a1-43f9-a75b-d9711601c7c0" testListId="8c84fa94-04c1-424b-9868-57a2d4851a1d" />
  </TestEntries>
  <TestLists>
    <TestList name="Results Not in a List" id="8c84fa94-04c1-424b-9868-57a2d4851a1d" />
    <TestList name="All Loaded Results" id="19431567-8539-422a-85d7-44ee4e166bda" />
  </TestLists>
  <ResultSummary outcome="Completed">
    <Counters total="95" executed="95" passed="95" failed="0" error="0" timeout="0" aborted="0" inconclusive="0" passedButRunAborted="0" notRunnable="0" notExecuted="0" disconnected="0" warning="0" completed="0" inProgress="0" pending="0" />
    <Output>
      <StdOut>Log Message: TFS.Build.Realtime.BuildRealtimeEventManager: attached handler for event Build.Realtime.TimelineRecordsUpdated from d:\v2.0\a1\_work\dbded102\vso\tfs\service\webaccess\build\testscripts\tests\TFSTests.Build.Views.ts
Log Message: TFS.Build.Realtime.BuildRealtimeEventManager: attached handler for event Build.Realtime.BuildUpdated from d:\v2.0\a1\_work\dbded102\vso\tfs\service\webaccess\build\testscripts\tests\TFSTests.Build.Views.ts
Log Message: TFS.Build.Realtime.BuildRealtimeEventManager: attached handler for event Build.Realtime.ArtifactAdded from d:\v2.0\a1\_work\dbded102\vso\tfs\service\webaccess\build\testscripts\tests\TFSTests.Build.Views.ts
Log Message: TFS.Build.Realtime.BuildRealtimeEventManager: attached handler for event Build.Realtime.InformationNodesUpdated from d:\v2.0\a1\_work\dbded102\vso\tfs\service\webaccess\build\testscripts\tests\TFSTests.Build.Views.ts
Log Message: TFS.Build.Realtime.BuildDetailHub: Connection failure from d:\v2.0\a1\_work\dbded102\vso\tfs\service\webaccess\build\testscripts\tests\TFSTests.Build.Views.ts
</StdOut>
    </Output>
  </ResultSummary>
</TestRun>