<?xml version="1.0" encoding="UTF-8"?>
<TestRun id="47505f80-dc0e-46df-ba12-ba0514bb749c" name="tfsmladm@TFSBUILD11 2015-09-28 09:45:57" runUser="REDMOND\tfsmladm" xmlns="http://microsoft.com/schemas/VisualStudio/TeamTest/2010">
  <Times creation="2015-09-28T09:45:57.4706838-07:00" queuing="2015-09-28T09:45:57.4706838-07:00" start="2015-09-28T09:45:57.4747468-07:00" finish="2015-09-28T09:46:35.9823557-07:00" />
  <TestSettings name="default" id="f75fd264-4676-468a-9631-0ef02a7fc01d">
    <Execution>
      <TestTypeSpecific />
    </Execution>
    <Deployment runDeploymentRoot="tfsmladm_TFSBUILD11 2015-09-28 09_45_57" />
    <Properties />
  </TestSettings>
  <Results>
    <UnitTestResult executionId="f53f867a-3ec7-41b7-93c1-b6c94098b1a7" testId="94589506-7cf9-489c-9fa4-d9b906e88775" testName="ArtifactTypeEditorTests Should be able to validate NewArtifactDefinitionsListViewModel for Name" computerName="TFSBUILD11" duration="00:00:00.2120000" startTime="2015-09-28T09:45:57.5066516-07:00" endTime="2015-09-28T09:45:57.5066516-07:00" testType="13cdc9d9-ddb5-4fa4-a97d-d965ccfc6d4b" outcome="Passed" testListId="8c84fa94-04c1-424b-9868-57a2d4851a1d" relativeResultsDirectory="f53f867a-3ec7-41b7-93c1-b6c94098b1a7" />
    <UnitTestResult executionId="194796c0-be27-448f-9bdc-e1439de12370" testId="56f51728-db76-43af-8f91-5bbb6b1e97c8" testName="ArtifactTypeEditorTests Should be able to validate NewArtifactDefinitionsListViewModel for Path" computerName="TFSBUILD11" duration="00:00:00.0160000" startTime="2015-09-28T09:45:57.5077185-07:00" endTime="2015-09-28T09:45:57.5077185-07:00" testType="13cdc9d9-ddb5-4fa4-a97d-d965ccfc6d4b" outcome="Passed" testListId="8c84fa94-04c1-424b-9868-57a2d4851a1d" relativeResultsDirectory="194796c0-be27-448f-9bdc-e1439de12370" />
    <UnitTestResult executionId="4c7b3151-4d60-4a66-b6de-547f64959ce1" testId="8ef05a41-dce5-4b80-97af-de2fc8b63ddc" testName="ArtifactModelTests ArtifactViewModel construction" computerName="TFSBUILD11" duration="00:00:00.0170000" startTime="2015-09-28T09:45:57.5077185-07:00" endTime="2015-09-28T09:45:57.5077185-07:00" testType="13cdc9d9-ddb5-4fa4-a97d-d965ccfc6d4b" outcome="Passed" testListId="8c84fa94-04c1-424b-9868-57a2d4851a1d" relativeResultsDirectory="4c7b3151-4d60-4a66-b6de-547f64959ce1" />
    <UnitTestResult executionId="8c3ce386-2b3a-4dc3-a80e-43563613125c" testId="d8e35ebc-d1d5-4a05-9815-c11fee9fa960" testName="ArtifactModelTests ArtifactViewModel should be dirty after adding data" computerName="TFSBUILD11" duration="00:00:00.0150000" startTime="2015-09-28T09:45:57.5077185-07:00" endTime="2015-09-28T09:45:57.5077185-07:00" testType="13cdc9d9-ddb5-4fa4-a97d-d965ccfc6d4b" outcome="Passed" testListId="8c84fa94-04c1-424b-9868-57a2d4851a1d" relativeResultsDirectory="8c3ce386-2b3a-4dc3-a80e-43563613125c" />
    <UnitTestResult executionId="ed906f40-2f52-4b15-b492-16aad012cd95" testId="5ac6070b-f9f5-4526-8ae6-3f797123449a" testName="ArtifactModelTests ArtifactViewModel should be dirty after removing data" computerName="TFSBUILD11" duration="00:00:00.0160000" startTime="2015-09-28T09:45:57.5077185-07:00" endTime="2015-09-28T09:45:57.5077185-07:00" testType="13cdc9d9-ddb5-4fa4-a97d-d965ccfc6d4b" outcome="Passed" testListId="8c84fa94-04c1-424b-9868-57a2d4851a1d" relativeResultsDirectory="ed906f40-2f52-4b15-b492-16aad012cd95" />
    <UnitTestResult executionId="603641d1-e75d-4ecd-ad41-3e413a58e39c" testId="66dd2c57-c53f-4eff-9122-0bd3667ec81a" testName="ArtifactModelTests ArtifactsListViewModel construction" computerName="TFSBUILD11" duration="00:00:00.0170000" startTime="2015-09-28T09:45:57.5077185-07:00" endTime="2015-09-28T09:45:57.5077185-07:00" testType="13cdc9d9-ddb5-4fa4-a97d-d965ccfc6d4b" outcome="Passed" testListId="8c84fa94-04c1-424b-9868-57a2d4851a1d" relativeResultsDirectory="603641d1-e75d-4ecd-ad41-3e413a58e39c" />
    <UnitTestResult executionId="43711491-eac4-4cb9-b723-03e450e0dbd5" testId="5d678c3e-4b49-421e-94f3-25293e5aa472" testName="ArtifactModelTests ArtifactsListViewModel should be dirty after adding artifact" computerName="TFSBUILD11" duration="00:00:00.0160000" startTime="2015-09-28T09:45:57.5077185-07:00" endTime="2015-09-28T09:45:57.5077185-07:00" testType="13cdc9d9-ddb5-4fa4-a97d-d965ccfc6d4b" outcome="Passed" testListId="8c84fa94-04c1-424b-9868-57a2d4851a1d" relativeResultsDirectory="43711491-eac4-4cb9-b723-03e450e0dbd5" />
    <UnitTestResult executionId="b50403d5-703c-4759-ab9c-c6cb4acca275" testId="9d69d219-212c-42a5-b58b-d0ecb986d9a6" testName="ArtifactModelTests RemoveArtifact should remove artifact corresponding to the given sourceId" computerName="TFSBUILD11" duration="00:00:00.0170000" startTime="2015-09-28T09:45:57.5077185-07:00" endTime="2015-09-28T09:45:57.5077185-07:00" testType="13cdc9d9-ddb5-4fa4-a97d-d965ccfc6d4b" outcome="Passed" testListId="8c84fa94-04c1-424b-9868-57a2d4851a1d" relativeResultsDirectory="b50403d5-703c-4759-ab9c-c6cb4acca275" />
    <UnitTestResult executionId="e1b2fd4c-5ad4-4c90-8b6a-58a2868c534b" testId="4b4f6fd0-132f-40c5-9d9f-e79dcdea1b0b" testName="ArtifactModelTests RemoveArtifact should not remove anything if no artifact corresponding to the given sourceId is found" computerName="TFSBUILD11" duration="00:00:00.0160000" startTime="2015-09-28T09:45:57.5077185-07:00" endTime="2015-09-28T09:45:57.5077185-07:00" testType="13cdc9d9-ddb5-4fa4-a97d-d965ccfc6d4b" outcome="Passed" testListId="8c84fa94-04c1-424b-9868-57a2d4851a1d" relativeResultsDirectory="e1b2fd4c-5ad4-4c90-8b6a-58a2868c534b" />
    <UnitTestResult executionId="04284fa9-4071-4e52-acbb-16ced057c0c0" testId="0a76ecea-b785-4520-9f51-3a17d91fd82d" testName="ArtifactModelTests RemoveArtifactDefinition should remove artifactDefinition corresponding to the given sourceId  and definitionId" computerName="TFSBUILD11" duration="00:00:00.0160000" startTime="2015-09-28T09:45:57.6118196-07:00" endTime="2015-09-28T09:45:57.6118196-07:00" testType="13cdc9d9-ddb5-4fa4-a97d-d965ccfc6d4b" outcome="Passed" testListId="8c84fa94-04c1-424b-9868-57a2d4851a1d" relativeResultsDirectory="04284fa9-4071-4e52-acbb-16ced057c0c0" />
    <UnitTestResult executionId="3aec1ad3-2e08-482d-bfea-11dc6e368a57" testId="5064e329-e86d-4918-b5c3-e4065f0f66a4" testName="ArtifactModelTests RemoveArtifactDefinition should not remove anything if artifact corresponding to the given definitionId is not found" computerName="TFSBUILD11" duration="00:00:00.0160000" startTime="2015-09-28T09:45:57.6118196-07:00" endTime="2015-09-28T09:45:57.6118196-07:00" testType="13cdc9d9-ddb5-4fa4-a97d-d965ccfc6d4b" outcome="Passed" testListId="8c84fa94-04c1-424b-9868-57a2d4851a1d" relativeResultsDirectory="3aec1ad3-2e08-482d-bfea-11dc6e368a57" />
    <UnitTestResult executionId="d750f0ef-672f-4002-b20c-1d4f0becdbf1" testId="d78e9b1d-1a73-4d38-89f3-a9d06700644d" testName="ArtifactModelTests RemoveArtifactDefinition should delete the source as well if that is the only definition" computerName="TFSBUILD11" duration="00:00:00.0200000" startTime="2015-09-28T09:45:57.6118196-07:00" endTime="2015-09-28T09:45:57.6118196-07:00" testType="13cdc9d9-ddb5-4fa4-a97d-d965ccfc6d4b" outcome="Passed" testListId="8c84fa94-04c1-424b-9868-57a2d4851a1d" relativeResultsDirectory="d750f0ef-672f-4002-b20c-1d4f0becdbf1" />
    <UnitTestResult executionId="00ae98f4-2116-40bb-8559-6f437484fb04" testId="74468e9b-fba8-4105-8830-fd22c405c616" testName="ArtifactModelTests ArtifactsListViewModel should be dirty after removing artifact" computerName="TFSBUILD11" duration="00:00:00.0250000" startTime="2015-09-28T09:45:57.6118196-07:00" endTime="2015-09-28T09:45:57.6118196-07:00" testType="13cdc9d9-ddb5-4fa4-a97d-d965ccfc6d4b" outcome="Passed" testListId="8c84fa94-04c1-424b-9868-57a2d4851a1d" relativeResultsDirectory="00ae98f4-2116-40bb-8559-6f437484fb04" />
    <UnitTestResult executionId="d368220b-1934-45b9-a41c-eae77360453c" testId="6b63bfe7-7154-4e5c-81b8-51d31b1ce472" testName="ArtifactModelTests ArtifactsListViewModel should be dirty after removing artifact definition" computerName="TFSBUILD11" duration="00:00:00.0170000" startTime="2015-09-28T09:45:57.6118196-07:00" endTime="2015-09-28T09:45:57.6118196-07:00" testType="13cdc9d9-ddb5-4fa4-a97d-d965ccfc6d4b" outcome="Passed" testListId="8c84fa94-04c1-424b-9868-57a2d4851a1d" relativeResultsDirectory="d368220b-1934-45b9-a41c-eae77360453c" />
    <UnitTestResult executionId="16305dc9-032a-42f1-8397-27e0cd235425" testId="b97a4205-ceaa-4293-8026-270133854eae" testName="ArtifactModelTests ArtifactsListViewModel should be dirty after removing all artifact from one source and adding same number (with non-sorted id) of artifact from different source" computerName="TFSBUILD11" duration="00:00:00.0150000" startTime="2015-09-28T09:45:57.6118196-07:00" endTime="2015-09-28T09:45:57.6118196-07:00" testType="13cdc9d9-ddb5-4fa4-a97d-d965ccfc6d4b" outcome="Passed" testListId="8c84fa94-04c1-424b-9868-57a2d4851a1d" relativeResultsDirectory="16305dc9-032a-42f1-8397-27e0cd235425" />
    <UnitTestResult executionId="52969165-d3d5-419f-9299-00fdc51f54fd" testId="f7e3b66b-2e60-471c-be9e-c0c91a0d3459" testName="ArtifactTypeViewModelTests Constructor test" computerName="TFSBUILD11" duration="00:00:00.0210000" startTime="2015-09-28T09:45:57.6118196-07:00" endTime="2015-09-28T09:45:57.6118196-07:00" testType="13cdc9d9-ddb5-4fa4-a97d-d965ccfc6d4b" outcome="Passed" testListId="8c84fa94-04c1-424b-9868-57a2d4851a1d" relativeResultsDirectory="52969165-d3d5-419f-9299-00fdc51f54fd" />
    <UnitTestResult executionId="ed1dc544-c7ca-4e5a-8448-139e37abab0c" testId="bca32bca-e04f-4509-bae3-b9034442f5a2" testName="ArtifactTypeViewModelTests getInputView model should return proper view model for id" computerName="TFSBUILD11" duration="00:00:00.0170000" startTime="2015-09-28T09:45:57.6118196-07:00" endTime="2015-09-28T09:45:57.6118196-07:00" testType="13cdc9d9-ddb5-4fa4-a97d-d965ccfc6d4b" outcome="Passed" testListId="8c84fa94-04c1-424b-9868-57a2d4851a1d" relativeResultsDirectory="ed1dc544-c7ca-4e5a-8448-139e37abab0c" />
    <UnitTestResult executionId="9d42bacd-7382-42e0-b6e2-8788d3b2f8e3" testId="53ef197a-ce45-48cc-87e5-e57618131d54" testName="DependentValuesTrackerTests Calling initialize values should get all the fields that have dynamic value information but do not have any dependents." computerName="TFSBUILD11" duration="00:00:00.0210000" startTime="2015-09-28T09:45:57.6118196-07:00" endTime="2015-09-28T09:45:57.6118196-07:00" testType="13cdc9d9-ddb5-4fa4-a97d-d965ccfc6d4b" outcome="Passed" testListId="8c84fa94-04c1-424b-9868-57a2d4851a1d" relativeResultsDirectory="9d42bacd-7382-42e0-b6e2-8788d3b2f8e3" />
    <UnitTestResult executionId="b40930cd-725d-43a4-a9c5-79aae062b694" testId="0ea91bf4-99f2-4586-9c10-d3bb93cd200d" testName="DependentValuesTrackerTests Changing value for a field should trigger a query for all the dependent fields" computerName="TFSBUILD11" duration="00:00:00.0190000" startTime="2015-09-28T09:45:57.7679913-07:00" endTime="2015-09-28T09:45:57.7679913-07:00" testType="13cdc9d9-ddb5-4fa4-a97d-d965ccfc6d4b" outcome="Passed" testListId="8c84fa94-04c1-424b-9868-57a2d4851a1d" relativeResultsDirectory="b40930cd-725d-43a4-a9c5-79aae062b694" />
    <UnitTestResult executionId="54b7932b-099a-4fc9-ab7e-f745d96932a1" testId="a129bc59-053c-4b6d-8ec0-b370e19d78f3" testName="DependentValuesTrackerTests Changing a value for a field that has no dependencies should not trigger query input values." computerName="TFSBUILD11" duration="00:00:00.0160000" startTime="2015-09-28T09:45:57.7679913-07:00" endTime="2015-09-28T09:45:57.7679913-07:00" testType="13cdc9d9-ddb5-4fa4-a97d-d965ccfc6d4b" outcome="Passed" testListId="8c84fa94-04c1-424b-9868-57a2d4851a1d" relativeResultsDirectory="54b7932b-099a-4fc9-ab7e-f745d96932a1" />
    <UnitTestResult executionId="46794bcd-7cea-4f96-ab3e-9357dd96148b" testId="4100d73a-67f9-4b34-ba9f-ce2274c668d1" testName="DependentValuesTrackerTests Any error thrown by queryInputValues should be shown to the user" computerName="TFSBUILD11" duration="00:00:00.0180000" startTime="2015-09-28T09:45:57.7679913-07:00" endTime="2015-09-28T09:45:57.7679913-07:00" testType="13cdc9d9-ddb5-4fa4-a97d-d965ccfc6d4b" outcome="Passed" testListId="8c84fa94-04c1-424b-9868-57a2d4851a1d" relativeResultsDirectory="46794bcd-7cea-4f96-ab3e-9357dd96148b" />
    <UnitTestResult executionId="c3d27622-e12c-4fc7-875d-fd5ce5fbfdae" testId="916d368a-af90-4eec-8d8e-d4574a75bf13" testName="InputViewModelTests Constructor test" computerName="TFSBUILD11" duration="00:00:00.0170000" startTime="2015-09-28T09:45:57.7679913-07:00" endTime="2015-09-28T09:45:57.7679913-07:00" testType="13cdc9d9-ddb5-4fa4-a97d-d965ccfc6d4b" outcome="Passed" testListId="8c84fa94-04c1-424b-9868-57a2d4851a1d" relativeResultsDirectory="c3d27622-e12c-4fc7-875d-fd5ce5fbfdae" />
    <UnitTestResult executionId="a5fbd3f8-4f96-4963-8146-f913e366c20d" testId="f086e832-4323-4a36-aafa-fb8ecd887c33" testName="InputViewModelTests Input mode tests for expected result of checkbox" computerName="TFSBUILD11" duration="00:00:00.0160000" startTime="2015-09-28T09:45:57.7679913-07:00" endTime="2015-09-28T09:45:57.7679913-07:00" testType="13cdc9d9-ddb5-4fa4-a97d-d965ccfc6d4b" outcome="Passed" testListId="8c84fa94-04c1-424b-9868-57a2d4851a1d" relativeResultsDirectory="a5fbd3f8-4f96-4963-8146-f913e366c20d" />
    <UnitTestResult executionId="904b7965-1d7b-408e-a0e3-5f429c7f272e" testId="aab6c025-1362-4864-8796-1c3fdd70ced2" testName="InputViewModelTests Input mode tests for expected result of combo" computerName="TFSBUILD11" duration="00:00:00.0160000" startTime="2015-09-28T09:45:57.7679913-07:00" endTime="2015-09-28T09:45:57.7679913-07:00" testType="13cdc9d9-ddb5-4fa4-a97d-d965ccfc6d4b" outcome="Passed" testListId="8c84fa94-04c1-424b-9868-57a2d4851a1d" relativeResultsDirectory="904b7965-1d7b-408e-a0e3-5f429c7f272e" />
    <UnitTestResult executionId="902cd37c-3341-49b0-8bb5-6d8dbcc8d9f9" testId="5bf9cae2-209c-4193-9756-83d730221dce" testName="InputViewModelTests Input mode tests for expected result of none" computerName="TFSBUILD11" duration="00:00:00.0170000" startTime="2015-09-28T09:45:57.7679913-07:00" endTime="2015-09-28T09:45:57.7679913-07:00" testType="13cdc9d9-ddb5-4fa4-a97d-d965ccfc6d4b" outcome="Passed" testListId="8c84fa94-04c1-424b-9868-57a2d4851a1d" relativeResultsDirectory="902cd37c-3341-49b0-8bb5-6d8dbcc8d9f9" />
    <UnitTestResult executionId="dca156b7-f0e2-4034-a4e2-026af9adfb9a" testId="cff53d35-dd2c-4126-8dd9-89ee0dd35ec1" testName="InputViewModelTests Input mode tests for expected result of password" computerName="TFSBUILD11" duration="00:00:00.0160000" startTime="2015-09-28T09:45:57.7679913-07:00" endTime="2015-09-28T09:45:57.7679913-07:00" testType="13cdc9d9-ddb5-4fa4-a97d-d965ccfc6d4b" outcome="Passed" testListId="8c84fa94-04c1-424b-9868-57a2d4851a1d" relativeResultsDirectory="dca156b7-f0e2-4034-a4e2-026af9adfb9a" />
    <UnitTestResult executionId="26741e26-ee98-4b6c-91b2-9364d5f13469" testId="044da2fa-fca0-49c1-b8c9-47dcfd2ea902" testName="InputViewModelTests Input mode tests for expected result of radio" computerName="TFSBUILD11" duration="00:00:00.0150000" startTime="2015-09-28T09:45:57.7679913-07:00" endTime="2015-09-28T09:45:57.7679913-07:00" testType="13cdc9d9-ddb5-4fa4-a97d-d965ccfc6d4b" outcome="Passed" testListId="8c84fa94-04c1-424b-9868-57a2d4851a1d" relativeResultsDirectory="26741e26-ee98-4b6c-91b2-9364d5f13469" />
    <UnitTestResult executionId="0e96d760-3d28-4a2f-9879-95b6a7b61b82" testId="a75ad7b3-c216-4850-8bc9-e6689ddb3c81" testName="InputViewModelTests Input mode tests for expected result of textArea" computerName="TFSBUILD11" duration="00:00:00.0150000" startTime="2015-09-28T09:45:57.9051264-07:00" endTime="2015-09-28T09:45:57.9051264-07:00" testType="13cdc9d9-ddb5-4fa4-a97d-d965ccfc6d4b" outcome="Passed" testListId="8c84fa94-04c1-424b-9868-57a2d4851a1d" relativeResultsDirectory="0e96d760-3d28-4a2f-9879-95b6a7b61b82" />
    <UnitTestResult executionId="0408afd3-8732-47f4-8960-586fb7f59318" testId="d62f5749-3f00-4678-b162-4aacf128eedf" testName="InputViewModelTests Display name for required field test" computerName="TFSBUILD11" duration="00:00:00.0150000" startTime="2015-09-28T09:45:57.9051264-07:00" endTime="2015-09-28T09:45:57.9051264-07:00" testType="13cdc9d9-ddb5-4fa4-a97d-d965ccfc6d4b" outcome="Passed" testListId="8c84fa94-04c1-424b-9868-57a2d4851a1d" relativeResultsDirectory="0408afd3-8732-47f4-8960-586fb7f59318" />
    <UnitTestResult executionId="f31d5540-1d01-462f-9c2e-5124f696440a" testId="ca057164-41fb-42d1-bd1b-96a5e5a83320" testName="InputViewModelTests Display name for not required field test" computerName="TFSBUILD11" duration="00:00:00.0160000" startTime="2015-09-28T09:45:57.9051264-07:00" endTime="2015-09-28T09:45:57.9051264-07:00" testType="13cdc9d9-ddb5-4fa4-a97d-d965ccfc6d4b" outcome="Passed" testListId="8c84fa94-04c1-424b-9868-57a2d4851a1d" relativeResultsDirectory="f31d5540-1d01-462f-9c2e-5124f696440a" />
    <UnitTestResult executionId="93273e50-e8df-4226-ac44-2553c7ee0a09" testId="5304f666-95c2-47b8-b343-a36cbd430a19" testName="InputViewModelTests IsReadonly property test" computerName="TFSBUILD11" duration="00:00:00.0160000" startTime="2015-09-28T09:45:57.9051264-07:00" endTime="2015-09-28T09:45:57.9051264-07:00" testType="13cdc9d9-ddb5-4fa4-a97d-d965ccfc6d4b" outcome="Passed" testListId="8c84fa94-04c1-424b-9868-57a2d4851a1d" relativeResultsDirectory="93273e50-e8df-4226-ac44-2553c7ee0a09" />
    <UnitTestResult executionId="71758917-7bca-423f-acf3-0fb7da7b6a8e" testId="7fa610b8-3eec-44f4-8bed-caae35f5e707" testName="InputViewModelTests Dependency input ids test" computerName="TFSBUILD11" duration="00:00:00.0150000" startTime="2015-09-28T09:45:57.9051264-07:00" endTime="2015-09-28T09:45:57.9051264-07:00" testType="13cdc9d9-ddb5-4fa4-a97d-d965ccfc6d4b" outcome="Passed" testListId="8c84fa94-04c1-424b-9868-57a2d4851a1d" relativeResultsDirectory="71758917-7bca-423f-acf3-0fb7da7b6a8e" />
    <UnitTestResult executionId="ef4ca66d-ee49-48b9-8db5-7507c1f52c66" testId="bff107e1-b00c-41bc-b10f-3b5a98fa458d" testName="InputViewModelTests IsInvalid property test" computerName="TFSBUILD11" duration="00:00:00.0170000" startTime="2015-09-28T09:45:57.9051264-07:00" endTime="2015-09-28T09:45:57.9051264-07:00" testType="13cdc9d9-ddb5-4fa4-a97d-d965ccfc6d4b" outcome="Passed" testListId="8c84fa94-04c1-424b-9868-57a2d4851a1d" relativeResultsDirectory="ef4ca66d-ee49-48b9-8db5-7507c1f52c66" />
    <UnitTestResult executionId="26644d04-0325-4a60-a7d2-e1c9a40b36c5" testId="3b178a22-4b27-42c9-b033-2e669be21498" testName="InputViewModelTests StringInputViewModel updateValues test" computerName="TFSBUILD11" duration="00:00:00.0160000" startTime="2015-09-28T09:45:57.9051264-07:00" endTime="2015-09-28T09:45:57.9051264-07:00" testType="13cdc9d9-ddb5-4fa4-a97d-d965ccfc6d4b" outcome="Passed" testListId="8c84fa94-04c1-424b-9868-57a2d4851a1d" relativeResultsDirectory="26644d04-0325-4a60-a7d2-e1c9a40b36c5" />
    <UnitTestResult executionId="d28f7309-cc05-45b1-ab26-87b94cd1832e" testId="9b563bd8-8567-4b42-bdf6-5a81df1affa6" testName="InputViewModelTests StringInputViewModel handleFinalValue test" computerName="TFSBUILD11" duration="00:00:00.0160000" startTime="2015-09-28T09:45:57.9051264-07:00" endTime="2015-09-28T09:45:57.9051264-07:00" testType="13cdc9d9-ddb5-4fa4-a97d-d965ccfc6d4b" outcome="Passed" testListId="8c84fa94-04c1-424b-9868-57a2d4851a1d" relativeResultsDirectory="d28f7309-cc05-45b1-ab26-87b94cd1832e" />
    <UnitTestResult executionId="433d8f57-30ca-4701-97d4-dc8f8505a025" testId="f3f8072b-5c92-4ef6-bf75-7a3869d7f311" testName="InputViewModelTests ComboInputViewModel updateValues test" computerName="TFSBUILD11" duration="00:00:00.0170000" startTime="2015-09-28T09:45:57.9051264-07:00" endTime="2015-09-28T09:45:57.9051264-07:00" testType="13cdc9d9-ddb5-4fa4-a97d-d965ccfc6d4b" outcome="Passed" testListId="8c84fa94-04c1-424b-9868-57a2d4851a1d" relativeResultsDirectory="433d8f57-30ca-4701-97d4-dc8f8505a025" />
    <UnitTestResult executionId="7ae1ae90-1efe-478c-a12a-cda086f07675" testId="7f892977-f259-47ab-a0be-cdaf9fcbc86e" testName="InputViewModelTests setShowManageServicesLink set to true should add a link to the label" computerName="TFSBUILD11" duration="00:00:00.0170000" startTime="2015-09-28T09:45:58.0436994-07:00" endTime="2015-09-28T09:45:58.0436994-07:00" testType="13cdc9d9-ddb5-4fa4-a97d-d965ccfc6d4b" outcome="Passed" testListId="8c84fa94-04c1-424b-9868-57a2d4851a1d" relativeResultsDirectory="7ae1ae90-1efe-478c-a12a-cda086f07675" />
    <UnitTestResult executionId="5dea7afd-3c40-4c9e-8315-d0892d4141cb" testId="b97ba160-4f42-427f-b2ce-327d9a8662b2" testName="ValidatorTests Base validator tests" computerName="TFSBUILD11" duration="00:00:00.0150000" startTime="2015-09-28T09:45:58.0436994-07:00" endTime="2015-09-28T09:45:58.0436994-07:00" testType="13cdc9d9-ddb5-4fa4-a97d-d965ccfc6d4b" outcome="Passed" testListId="8c84fa94-04c1-424b-9868-57a2d4851a1d" relativeResultsDirectory="5dea7afd-3c40-4c9e-8315-d0892d4141cb" />
    <UnitTestResult executionId="e7d6a50c-bdad-40ad-b6b1-49d505572d2a" testId="eb9b7277-7cd9-4210-929b-a32ad08baa98" testName="ValidatorTests String validation valid test 012345" computerName="TFSBUILD11" duration="00:00:00.0150000" startTime="2015-09-28T09:45:58.0436994-07:00" endTime="2015-09-28T09:45:58.0436994-07:00" testType="13cdc9d9-ddb5-4fa4-a97d-d965ccfc6d4b" outcome="Passed" testListId="8c84fa94-04c1-424b-9868-57a2d4851a1d" relativeResultsDirectory="e7d6a50c-bdad-40ad-b6b1-49d505572d2a" />
    <UnitTestResult executionId="fe205dd9-f3af-4faf-9284-220e5d14cca7" testId="18e6a920-4288-45ec-9d62-73652666088f" testName="ValidatorTests String validation valid test 012" computerName="TFSBUILD11" duration="00:00:00.0150000" startTime="2015-09-28T09:45:58.0436994-07:00" endTime="2015-09-28T09:45:58.0436994-07:00" testType="13cdc9d9-ddb5-4fa4-a97d-d965ccfc6d4b" outcome="Passed" testListId="8c84fa94-04c1-424b-9868-57a2d4851a1d" relativeResultsDirectory="fe205dd9-f3af-4faf-9284-220e5d14cca7" />
    <UnitTestResult executionId="25619b75-1bd6-4168-9967-9c83d615546f" testId="38c8239e-929f-487d-88a2-07df8ed57dce" testName="ValidatorTests String validation valid test 0123456789" computerName="TFSBUILD11" duration="00:00:00.0150000" startTime="2015-09-28T09:45:58.0436994-07:00" endTime="2015-09-28T09:45:58.0436994-07:00" testType="13cdc9d9-ddb5-4fa4-a97d-d965ccfc6d4b" outcome="Passed" testListId="8c84fa94-04c1-424b-9868-57a2d4851a1d" relativeResultsDirectory="25619b75-1bd6-4168-9967-9c83d615546f" />
    <UnitTestResult executionId="4e446185-0edb-416c-a91e-a8e1e6689f00" testId="848b4da8-bbbf-4d7c-9699-64410866dcf8" testName="ValidatorTests String validation valid test 01" computerName="TFSBUILD11" duration="00:00:00.0140000" startTime="2015-09-28T09:45:58.0436994-07:00" endTime="2015-09-28T09:45:58.0436994-07:00" testType="13cdc9d9-ddb5-4fa4-a97d-d965ccfc6d4b" outcome="Passed" testListId="8c84fa94-04c1-424b-9868-57a2d4851a1d" relativeResultsDirectory="4e446185-0edb-416c-a91e-a8e1e6689f00" />
    <UnitTestResult executionId="41b43924-d2c3-4d26-a1f9-9f405251d7f3" testId="3e403e06-cdd7-416f-953e-c87c8ff98897" testName="ValidatorTests String validation valid test 012345678910" computerName="TFSBUILD11" duration="00:00:00.0150000" startTime="2015-09-28T09:45:58.0436994-07:00" endTime="2015-09-28T09:45:58.0436994-07:00" testType="13cdc9d9-ddb5-4fa4-a97d-d965ccfc6d4b" outcome="Passed" testListId="8c84fa94-04c1-424b-9868-57a2d4851a1d" relativeResultsDirectory="41b43924-d2c3-4d26-a1f9-9f405251d7f3" />
    <UnitTestResult executionId="abb47a45-7008-4651-bb21-f6236b2d0aeb" testId="86bed4e0-c54c-41c5-bf5d-bcec75f19b06" testName="ValidatorTests String validation valid test " computerName="TFSBUILD11" duration="00:00:00.0140000" startTime="2015-09-28T09:45:58.0436994-07:00" endTime="2015-09-28T09:45:58.0436994-07:00" testType="13cdc9d9-ddb5-4fa4-a97d-d965ccfc6d4b" outcome="Passed" testListId="8c84fa94-04c1-424b-9868-57a2d4851a1d" relativeResultsDirectory="abb47a45-7008-4651-bb21-f6236b2d0aeb" />
    <UnitTestResult executionId="d8263fe3-a6c9-487b-bb5f-417104a02b4d" testId="fde8f865-01af-4f57-a1ef-5fba3944a0a0" testName="ValidatorTests String validation pattern match test data:012345 pattern:[0-5]+" computerName="TFSBUILD11" duration="00:00:00.0150000" startTime="2015-09-28T09:45:58.0436994-07:00" endTime="2015-09-28T09:45:58.0436994-07:00" testType="13cdc9d9-ddb5-4fa4-a97d-d965ccfc6d4b" outcome="Passed" testListId="8c84fa94-04c1-424b-9868-57a2d4851a1d" relativeResultsDirectory="d8263fe3-a6c9-487b-bb5f-417104a02b4d" />
    <UnitTestResult executionId="e0d324c3-2cdc-45b9-b890-7ebd3e14aa2b" testId="2feb1609-7e62-4588-b7e2-bcf2e33e052b" testName="ValidatorTests String validation pattern match test data:abcdef pattern:[a-z]+" computerName="TFSBUILD11" duration="00:00:00.0150000" startTime="2015-09-28T09:45:58.1798443-07:00" endTime="2015-09-28T09:45:58.1798443-07:00" testType="13cdc9d9-ddb5-4fa4-a97d-d965ccfc6d4b" outcome="Passed" testListId="8c84fa94-04c1-424b-9868-57a2d4851a1d" relativeResultsDirectory="e0d324c3-2cdc-45b9-b890-7ebd3e14aa2b" />
    <UnitTestResult executionId="0085c320-36e5-43b4-b62d-ad25f9b98612" testId="0f833dd2-57e9-47f5-8e14-7c3686ef0775" testName="ValidatorTests String validation pattern match test data:0123efge pattern:[0-9a-z]+" computerName="TFSBUILD11" duration="00:00:00.0140000" startTime="2015-09-28T09:45:58.1808450-07:00" endTime="2015-09-28T09:45:58.1808450-07:00" testType="13cdc9d9-ddb5-4fa4-a97d-d965ccfc6d4b" outcome="Passed" testListId="8c84fa94-04c1-424b-9868-57a2d4851a1d" relativeResultsDirectory="0085c320-36e5-43b4-b62d-ad25f9b98612" />
    <UnitTestResult executionId="b66d4030-4195-46c0-9f12-131b252bd068" testId="664602dd-05ae-4f0d-9b6c-f5e9c329d2f0" testName="ValidatorTests String validation pattern match test data:01 pattern:[a-z]+" computerName="TFSBUILD11" duration="00:00:00.0150000" startTime="2015-09-28T09:45:58.1808450-07:00" endTime="2015-09-28T09:45:58.1808450-07:00" testType="13cdc9d9-ddb5-4fa4-a97d-d965ccfc6d4b" outcome="Passed" testListId="8c84fa94-04c1-424b-9868-57a2d4851a1d" relativeResultsDirectory="b66d4030-4195-46c0-9f12-131b252bd068" />
    <UnitTestResult executionId="5c9f6bca-9d85-4288-b9f4-564236015994" testId="384d47a7-c6bb-4291-a90a-19a0baedc015" testName="ValidatorTests String validation pattern match test data:abc pattern:[0-9]+" computerName="TFSBUILD11" duration="00:00:00.0150000" startTime="2015-09-28T09:45:58.1808450-07:00" endTime="2015-09-28T09:45:58.1808450-07:00" testType="13cdc9d9-ddb5-4fa4-a97d-d965ccfc6d4b" outcome="Passed" testListId="8c84fa94-04c1-424b-9868-57a2d4851a1d" relativeResultsDirectory="5c9f6bca-9d85-4288-b9f4-564236015994" />
    <UnitTestResult executionId="95bb059a-bebe-442c-ad19-8ee23a80c3bc" testId="2d9fe52d-9dbf-4674-ab20-7cf0e80f0530" testName="ValidatorTests String validation pattern match test data: pattern:[0-9]+" computerName="TFSBUILD11" duration="00:00:00.0140000" startTime="2015-09-28T09:45:58.1808450-07:00" endTime="2015-09-28T09:45:58.1808450-07:00" testType="13cdc9d9-ddb5-4fa4-a97d-d965ccfc6d4b" outcome="Passed" testListId="8c84fa94-04c1-424b-9868-57a2d4851a1d" relativeResultsDirectory="95bb059a-bebe-442c-ad19-8ee23a80c3bc" />
    <UnitTestResult executionId="9d524a44-6956-4b2e-8cb1-cca25cc46eee" testId="be3426a3-450e-4ec4-a7e8-ec0483ee5a30" testName="ValidatorTests String validation default values test" computerName="TFSBUILD11" duration="00:00:00.0150000" startTime="2015-09-28T09:45:58.1808450-07:00" endTime="2015-09-28T09:45:58.1808450-07:00" testType="13cdc9d9-ddb5-4fa4-a97d-d965ccfc6d4b" outcome="Passed" testListId="8c84fa94-04c1-424b-9868-57a2d4851a1d" relativeResultsDirectory="9d524a44-6956-4b2e-8cb1-cca25cc46eee" />
    <UnitTestResult executionId="98359dda-c24e-4f49-9549-55652a9e685c" testId="c2f63740-7a45-4705-ad73-6c5b3a6c057f" testName="ValidatorTests Boolean validator tests true1" computerName="TFSBUILD11" duration="00:00:00.0150000" startTime="2015-09-28T09:45:58.1808450-07:00" endTime="2015-09-28T09:45:58.1808450-07:00" testType="13cdc9d9-ddb5-4fa4-a97d-d965ccfc6d4b" outcome="Passed" testListId="8c84fa94-04c1-424b-9868-57a2d4851a1d" relativeResultsDirectory="98359dda-c24e-4f49-9549-55652a9e685c" />
    <UnitTestResult executionId="ac74e4bd-3ba0-4e11-8c4d-d7896b7eafc5" testId="31d92c89-8dfb-47f5-bc79-0d6f591d98c0" testName="ValidatorTests Boolean validator tests false1" computerName="TFSBUILD11" duration="00:00:00.0150000" startTime="2015-09-28T09:45:58.1808450-07:00" endTime="2015-09-28T09:45:58.1808450-07:00" testType="13cdc9d9-ddb5-4fa4-a97d-d965ccfc6d4b" outcome="Passed" testListId="8c84fa94-04c1-424b-9868-57a2d4851a1d" relativeResultsDirectory="ac74e4bd-3ba0-4e11-8c4d-d7896b7eafc5" />
    <UnitTestResult executionId="41601c75-4d7a-453f-87ca-ee5d3f78aefc" testId="454f34ac-2c04-4f01-a712-dfc0e28345b0" testName="ValidatorTests Boolean validator tests True2" computerName="TFSBUILD11" duration="00:00:00.0150000" startTime="2015-09-28T09:45:58.1808450-07:00" endTime="2015-09-28T09:45:58.1808450-07:00" testType="13cdc9d9-ddb5-4fa4-a97d-d965ccfc6d4b" outcome="Passed" testListId="8c84fa94-04c1-424b-9868-57a2d4851a1d" relativeResultsDirectory="41601c75-4d7a-453f-87ca-ee5d3f78aefc" />
    <UnitTestResult executionId="cb3e4206-0994-4f56-ab70-886f2e5e0674" testId="1feb8f47-c644-4422-8487-814cac5f89bc" testName="ValidatorTests Boolean validator tests False2" computerName="TFSBUILD11" duration="00:00:00.0150000" startTime="2015-09-28T09:45:58.3148987-07:00" endTime="2015-09-28T09:45:58.3148987-07:00" testType="13cdc9d9-ddb5-4fa4-a97d-d965ccfc6d4b" outcome="Passed" testListId="8c84fa94-04c1-424b-9868-57a2d4851a1d" relativeResultsDirectory="cb3e4206-0994-4f56-ab70-886f2e5e0674" />
    <UnitTestResult executionId="929e6ca6-210c-4543-a873-aa702e0b2dc2" testId="89fb2e7e-0e8d-4ae5-bab5-381bc42709d7" testName="ValidatorTests Boolean validator tests random" computerName="TFSBUILD11" duration="00:00:00.0150000" startTime="2015-09-28T09:45:58.3148987-07:00" endTime="2015-09-28T09:45:58.3148987-07:00" testType="13cdc9d9-ddb5-4fa4-a97d-d965ccfc6d4b" outcome="Passed" testListId="8c84fa94-04c1-424b-9868-57a2d4851a1d" relativeResultsDirectory="929e6ca6-210c-4543-a873-aa702e0b2dc2" />
    <UnitTestResult executionId="0a624ace-d4f8-4951-ac33-132208e19009" testId="e6fdb828-aeb4-48fe-b472-96c04b17109d" testName="ValidatorTests Boolean validator tests 3" computerName="TFSBUILD11" duration="00:00:00.0150000" startTime="2015-09-28T09:45:58.3148987-07:00" endTime="2015-09-28T09:45:58.3148987-07:00" testType="13cdc9d9-ddb5-4fa4-a97d-d965ccfc6d4b" outcome="Passed" testListId="8c84fa94-04c1-424b-9868-57a2d4851a1d" relativeResultsDirectory="0a624ace-d4f8-4951-ac33-132208e19009" />
    <UnitTestResult executionId="17d8d720-658f-429e-a23a-256ff67a5c26" testId="6c191f0a-24bb-46ad-a541-a9733404ed0f" testName="ValidatorTests Number validator tests 0" computerName="TFSBUILD11" duration="00:00:00.0160000" startTime="2015-09-28T09:45:58.3148987-07:00" endTime="2015-09-28T09:45:58.3148987-07:00" testType="13cdc9d9-ddb5-4fa4-a97d-d965ccfc6d4b" outcome="Passed" testListId="8c84fa94-04c1-424b-9868-57a2d4851a1d" relativeResultsDirectory="17d8d720-658f-429e-a23a-256ff67a5c26" />
    <UnitTestResult executionId="94993331-cb0e-4c7f-a0a0-303f69b7e2be" testId="9e00f4e2-89fa-464f-828f-f93ea6cb96cf" testName="ValidatorTests Number validator tests 100" computerName="TFSBUILD11" duration="00:00:00.0140000" startTime="2015-09-28T09:45:58.3148987-07:00" endTime="2015-09-28T09:45:58.3148987-07:00" testType="13cdc9d9-ddb5-4fa4-a97d-d965ccfc6d4b" outcome="Passed" testListId="8c84fa94-04c1-424b-9868-57a2d4851a1d" relativeResultsDirectory="94993331-cb0e-4c7f-a0a0-303f69b7e2be" />
    <UnitTestResult executionId="52292a75-2ea5-4f31-b9f2-fd91a4e9429b" testId="9d074285-8dcf-44d3-82f2-0e4200bf705a" testName="ValidatorTests Number validator tests -1" computerName="TFSBUILD11" duration="00:00:00.0150000" startTime="2015-09-28T09:45:58.3148987-07:00" endTime="2015-09-28T09:45:58.3148987-07:00" testType="13cdc9d9-ddb5-4fa4-a97d-d965ccfc6d4b" outcome="Passed" testListId="8c84fa94-04c1-424b-9868-57a2d4851a1d" relativeResultsDirectory="52292a75-2ea5-4f31-b9f2-fd91a4e9429b" />
    <UnitTestResult executionId="931a58d5-02d4-4475-ac21-e70c8222ccb4" testId="45fe5503-2a84-41b3-924b-5c4dd978c14b" testName="ValidatorTests Number validator tests 1" computerName="TFSBUILD11" duration="00:00:00.0150000" startTime="2015-09-28T09:45:58.3158991-07:00" endTime="2015-09-28T09:45:58.3158991-07:00" testType="13cdc9d9-ddb5-4fa4-a97d-d965ccfc6d4b" outcome="Passed" testListId="8c84fa94-04c1-424b-9868-57a2d4851a1d" relativeResultsDirectory="931a58d5-02d4-4475-ac21-e70c8222ccb4" />
    <UnitTestResult executionId="f3da34a6-d234-41ba-92cd-2fb73be008e4" testId="10e1adf2-61b0-413a-821a-9bfdc6c7aca1" testName="ValidatorTests Number validator tests 99" computerName="TFSBUILD11" duration="00:00:00.0140000" startTime="2015-09-28T09:45:58.3158991-07:00" endTime="2015-09-28T09:45:58.3158991-07:00" testType="13cdc9d9-ddb5-4fa4-a97d-d965ccfc6d4b" outcome="Passed" testListId="8c84fa94-04c1-424b-9868-57a2d4851a1d" relativeResultsDirectory="f3da34a6-d234-41ba-92cd-2fb73be008e4" />
    <UnitTestResult executionId="3839eb41-312d-40d6-96d7-dd2d60440bc6" testId="2a62f256-7a99-49ec-a26e-5a3bca310b97" testName="ValidatorTests Number validator tests 101" computerName="TFSBUILD11" duration="00:00:00.0150000" startTime="2015-09-28T09:45:58.3158991-07:00" endTime="2015-09-28T09:45:58.3158991-07:00" testType="13cdc9d9-ddb5-4fa4-a97d-d965ccfc6d4b" outcome="Passed" testListId="8c84fa94-04c1-424b-9868-57a2d4851a1d" relativeResultsDirectory="3839eb41-312d-40d6-96d7-dd2d60440bc6" />
    <UnitTestResult executionId="b53b1079-aef4-48bd-a3bb-051cfb883500" testId="99770ee5-08a4-43a8-914b-a8a0a4390a43" testName="ValidatorTests Number validator tests 50" computerName="TFSBUILD11" duration="00:00:00.0150000" startTime="2015-09-28T09:45:58.4515769-07:00" endTime="2015-09-28T09:45:58.4515769-07:00" testType="13cdc9d9-ddb5-4fa4-a97d-d965ccfc6d4b" outcome="Passed" testListId="8c84fa94-04c1-424b-9868-57a2d4851a1d" relativeResultsDirectory="b53b1079-aef4-48bd-a3bb-051cfb883500" />
    <UnitTestResult executionId="97a0094d-95b2-4baf-bdf6-2eff8ec10343" testId="3b607fc0-80af-4cc8-b5d9-1682103dc808" testName="ValidatorTests Number validator tests 0.1" computerName="TFSBUILD11" duration="00:00:00.0150000" startTime="2015-09-28T09:45:58.4515769-07:00" endTime="2015-09-28T09:45:58.4515769-07:00" testType="13cdc9d9-ddb5-4fa4-a97d-d965ccfc6d4b" outcome="Passed" testListId="8c84fa94-04c1-424b-9868-57a2d4851a1d" relativeResultsDirectory="97a0094d-95b2-4baf-bdf6-2eff8ec10343" />
    <UnitTestResult executionId="c8c29b95-26bf-4e8c-b319-ef9d7c950033" testId="4ebfd1e5-4b3f-43b5-b8a4-a852790b5db5" testName="ValidatorTests Number validator tests 100.1" computerName="TFSBUILD11" duration="00:00:00.0150000" startTime="2015-09-28T09:45:58.4515769-07:00" endTime="2015-09-28T09:45:58.4515769-07:00" testType="13cdc9d9-ddb5-4fa4-a97d-d965ccfc6d4b" outcome="Passed" testListId="8c84fa94-04c1-424b-9868-57a2d4851a1d" relativeResultsDirectory="c8c29b95-26bf-4e8c-b319-ef9d7c950033" />
    <UnitTestResult executionId="fd6c59e3-22e0-4533-9157-991718dca9e7" testId="93d461f7-658a-4766-9fc6-91fb30ab0e02" testName="ValidatorTests Number validator tests 99.9999" computerName="TFSBUILD11" duration="00:00:00.0140000" startTime="2015-09-28T09:45:58.4515769-07:00" endTime="2015-09-28T09:45:58.4515769-07:00" testType="13cdc9d9-ddb5-4fa4-a97d-d965ccfc6d4b" outcome="Passed" testListId="8c84fa94-04c1-424b-9868-57a2d4851a1d" relativeResultsDirectory="fd6c59e3-22e0-4533-9157-991718dca9e7" />
    <UnitTestResult executionId="55bf19a6-acc3-4199-b347-d60f347acce9" testId="98a30e09-be34-44ec-80b2-ffb9665e5bd3" testName="ValidatorTests Number validator tests randomString" computerName="TFSBUILD11" duration="00:00:00.0140000" startTime="2015-09-28T09:45:58.4515769-07:00" endTime="2015-09-28T09:45:58.4515769-07:00" testType="13cdc9d9-ddb5-4fa4-a97d-d965ccfc6d4b" outcome="Passed" testListId="8c84fa94-04c1-424b-9868-57a2d4851a1d" relativeResultsDirectory="55bf19a6-acc3-4199-b347-d60f347acce9" />
    <UnitTestResult executionId="cc52ce4e-a916-442d-9662-44d40b7d9236" testId="925554fc-aafc-413c-aa13-c518ddd1f06c" testName="ValidatorTests Number validator tests " computerName="TFSBUILD11" duration="00:00:00.0140000" startTime="2015-09-28T09:45:58.4526205-07:00" endTime="2015-09-28T09:45:58.4526205-07:00" testType="13cdc9d9-ddb5-4fa4-a97d-d965ccfc6d4b" outcome="Passed" testListId="8c84fa94-04c1-424b-9868-57a2d4851a1d" relativeResultsDirectory="cc52ce4e-a916-442d-9662-44d40b7d9236" />
    <UnitTestResult executionId="6e50b8cc-013a-4c23-bfe1-452a7c9be1e9" testId="9b03e24c-7068-4a7d-88e7-8a71cbb135c2" testName="ValidatorTests Number validator tests true" computerName="TFSBUILD11" duration="00:00:00.0150000" startTime="2015-09-28T09:45:58.4526205-07:00" endTime="2015-09-28T09:45:58.4526205-07:00" testType="13cdc9d9-ddb5-4fa4-a97d-d965ccfc6d4b" outcome="Passed" testListId="8c84fa94-04c1-424b-9868-57a2d4851a1d" relativeResultsDirectory="6e50b8cc-013a-4c23-bfe1-452a7c9be1e9" />
    <UnitTestResult executionId="11ef0fcc-9267-4793-9aef-9b8fe411f765" testId="addc503c-3bab-466c-98c7-1d9bf385534c" testName="ValidatorTests Number validation default values test" computerName="TFSBUILD11" duration="00:00:00.0150000" startTime="2015-09-28T09:45:58.4526205-07:00" endTime="2015-09-28T09:45:58.4526205-07:00" testType="13cdc9d9-ddb5-4fa4-a97d-d965ccfc6d4b" outcome="Passed" testListId="8c84fa94-04c1-424b-9868-57a2d4851a1d" relativeResultsDirectory="11ef0fcc-9267-4793-9aef-9b8fe411f765" />
    <UnitTestResult executionId="eca30175-f931-48db-9f8f-f2499ddf62bd" testId="adcac620-a23f-4342-9f96-1257152078f4" testName="ValidatorTests Guid validator tests FABB0507-D733-493A-9962-A701FB6CA869" computerName="TFSBUILD11" duration="00:00:00.0150000" startTime="2015-09-28T09:45:58.4526205-07:00" endTime="2015-09-28T09:45:58.4526205-07:00" testType="13cdc9d9-ddb5-4fa4-a97d-d965ccfc6d4b" outcome="Passed" testListId="8c84fa94-04c1-424b-9868-57a2d4851a1d" relativeResultsDirectory="eca30175-f931-48db-9f8f-f2499ddf62bd" />
    <UnitTestResult executionId="8b39de55-ed2e-4d30-b02e-90de5205ee28" testId="75d2cfd7-583e-4927-aca4-e2b80d5562ec" testName="ValidatorTests Guid validator tests {FABB0507-D733-493A-9962-A701FB6CA869}" computerName="TFSBUILD11" duration="00:00:00.0150000" startTime="2015-09-28T09:45:58.5892445-07:00" endTime="2015-09-28T09:45:58.5892445-07:00" testType="13cdc9d9-ddb5-4fa4-a97d-d965ccfc6d4b" outcome="Passed" testListId="8c84fa94-04c1-424b-9868-57a2d4851a1d" relativeResultsDirectory="8b39de55-ed2e-4d30-b02e-90de5205ee28" />
    <UnitTestResult executionId="1867f512-a597-4607-b985-e8077b7c7633" testId="8a40e595-3c2a-4c43-b361-ce9b8ee895f4" testName="ValidatorTests Guid validator tests " computerName="TFSBUILD11" duration="00:00:00.0150000" startTime="2015-09-28T09:45:58.5892445-07:00" endTime="2015-09-28T09:45:58.5892445-07:00" testType="13cdc9d9-ddb5-4fa4-a97d-d965ccfc6d4b" outcome="Passed" testListId="8c84fa94-04c1-424b-9868-57a2d4851a1d" relativeResultsDirectory="1867f512-a597-4607-b985-e8077b7c7633" />
    <UnitTestResult executionId="f56d07e3-325a-4f51-a09c-f79584833a8e" testId="e0c63b00-3ce1-4f0f-9824-f18ebf03e838" testName="ValidatorTests Guid validator tests FABB0507" computerName="TFSBUILD11" duration="00:00:00.0150000" startTime="2015-09-28T09:45:58.5892445-07:00" endTime="2015-09-28T09:45:58.5892445-07:00" testType="13cdc9d9-ddb5-4fa4-a97d-d965ccfc6d4b" outcome="Passed" testListId="8c84fa94-04c1-424b-9868-57a2d4851a1d" relativeResultsDirectory="f56d07e3-325a-4f51-a09c-f79584833a8e" />
    <UnitTestResult executionId="9fba4d24-8145-457b-8af2-77dc3adce8da" testId="ae589528-f4a7-4e6c-8ba2-5456c829c6da" testName="ValidatorTests Guid validator tests FABB0507-D733-493A-9962-A701FB6CA86X" computerName="TFSBUILD11" duration="00:00:00.0160000" startTime="2015-09-28T09:45:58.5892445-07:00" endTime="2015-09-28T09:45:58.5892445-07:00" testType="13cdc9d9-ddb5-4fa4-a97d-d965ccfc6d4b" outcome="Passed" testListId="8c84fa94-04c1-424b-9868-57a2d4851a1d" relativeResultsDirectory="9fba4d24-8145-457b-8af2-77dc3adce8da" />
    <UnitTestResult executionId="78084b49-91a4-48f9-b575-1a500d645aee" testId="d7253f8f-661e-4961-9e83-2e1f433eac5e" testName="ValidatorTests Guid validator tests FABB0507D733493A9962A701FB6CA869" computerName="TFSBUILD11" duration="00:00:00.0150000" startTime="2015-09-28T09:45:58.5892445-07:00" endTime="2015-09-28T09:45:58.5892445-07:00" testType="13cdc9d9-ddb5-4fa4-a97d-d965ccfc6d4b" outcome="Passed" testListId="8c84fa94-04c1-424b-9868-57a2d4851a1d" relativeResultsDirectory="78084b49-91a4-48f9-b575-1a500d645aee" />
    <UnitTestResult executionId="18a1dfe5-16db-49bc-8783-7170ada19fe5" testId="6a810e7b-0bb2-4f31-a47b-7fe3872422b5" testName="ValidatorTests Url validator tests http://www.bing.com" computerName="TFSBUILD11" duration="00:00:00.0150000" startTime="2015-09-28T09:45:58.5902446-07:00" endTime="2015-09-28T09:45:58.5902446-07:00" testType="13cdc9d9-ddb5-4fa4-a97d-d965ccfc6d4b" outcome="Passed" testListId="8c84fa94-04c1-424b-9868-57a2d4851a1d" relativeResultsDirectory="18a1dfe5-16db-49bc-8783-7170ada19fe5" />
    <UnitTestResult executionId="6e8c2a1b-7430-4367-a214-0ac829a78710" testId="a5ab6d98-a0d2-4047-b71c-7b9ce6e91353" testName="ValidatorTests Url validator tests http://bing.com" computerName="TFSBUILD11" duration="00:00:00.0150000" startTime="2015-09-28T09:45:58.5902446-07:00" endTime="2015-09-28T09:45:58.5902446-07:00" testType="13cdc9d9-ddb5-4fa4-a97d-d965ccfc6d4b" outcome="Passed" testListId="8c84fa94-04c1-424b-9868-57a2d4851a1d" relativeResultsDirectory="6e8c2a1b-7430-4367-a214-0ac829a78710" />
    <UnitTestResult executionId="175e8241-900c-4f64-a32e-2c42e8e9ea2b" testId="56524601-1f69-4e6e-b885-105070522ce1" testName="ValidatorTests Url validator tests https://bing.com" computerName="TFSBUILD11" duration="00:00:00.0150000" startTime="2015-09-28T09:45:58.5902446-07:00" endTime="2015-09-28T09:45:58.5902446-07:00" testType="13cdc9d9-ddb5-4fa4-a97d-d965ccfc6d4b" outcome="Passed" testListId="8c84fa94-04c1-424b-9868-57a2d4851a1d" relativeResultsDirectory="175e8241-900c-4f64-a32e-2c42e8e9ea2b" />
    <UnitTestResult executionId="1b89abe8-8265-4ec3-a2fc-5d385d66efa4" testId="632d2fa6-e95e-4ff7-b4cf-b948c1e0aacf" testName="ValidatorTests Url validator tests www.bing.com" computerName="TFSBUILD11" duration="00:00:00.0150000" startTime="2015-09-28T09:45:58.5902446-07:00" endTime="2015-09-28T09:45:58.5902446-07:00" testType="13cdc9d9-ddb5-4fa4-a97d-d965ccfc6d4b" outcome="Passed" testListId="8c84fa94-04c1-424b-9868-57a2d4851a1d" relativeResultsDirectory="1b89abe8-8265-4ec3-a2fc-5d385d66efa4" />
    <UnitTestResult executionId="e199983f-5bfb-43f5-98d2-e7152a949aaf" testId="a4065282-df11-4763-8532-285b55f193c8" testName="ValidatorTests Url validator tests " computerName="TFSBUILD11" duration="00:00:00.0160000" startTime="2015-09-28T09:45:58.7388062-07:00" endTime="2015-09-28T09:45:58.7388062-07:00" testType="13cdc9d9-ddb5-4fa4-a97d-d965ccfc6d4b" outcome="Passed" testListId="8c84fa94-04c1-424b-9868-57a2d4851a1d" relativeResultsDirectory="e199983f-5bfb-43f5-98d2-e7152a949aaf" />
    <UnitTestResult executionId="9a9fc4b6-715a-43a3-9d88-601dbb668708" testId="f5fc6167-00f4-4d5f-ae25-86cbf4d5a012" testName="ValidatorTests Url validator tests bing.com" computerName="TFSBUILD11" duration="00:00:00.0150000" startTime="2015-09-28T09:45:58.7388062-07:00" endTime="2015-09-28T09:45:58.7388062-07:00" testType="13cdc9d9-ddb5-4fa4-a97d-d965ccfc6d4b" outcome="Passed" testListId="8c84fa94-04c1-424b-9868-57a2d4851a1d" relativeResultsDirectory="9a9fc4b6-715a-43a3-9d88-601dbb668708" />
    <UnitTestResult executionId="ebd12fb8-3f14-4981-84f3-07b4fe68acb6" testId="baa4c22c-db82-4821-85eb-ba6584939f9c" testName="TabSelectionNotifierTests Selecting a tab should trigger select tab event on registered tab contents" computerName="TFSBUILD11" duration="00:00:00.0150000" startTime="2015-09-28T09:45:58.7388062-07:00" endTime="2015-09-28T09:45:58.7388062-07:00" testType="13cdc9d9-ddb5-4fa4-a97d-d965ccfc6d4b" outcome="Passed" testListId="8c84fa94-04c1-424b-9868-57a2d4851a1d" relativeResultsDirectory="ebd12fb8-3f14-4981-84f3-07b4fe68acb6" />
    <UnitTestResult executionId="a12c7266-62fc-43c7-8ff6-036e0ee34a35" testId="575a649b-81fb-4274-ac09-b954963e8695" testName="TabSelectionNotifierTests Selecting a an unregistered tab should not raise tab selection event" computerName="TFSBUILD11" duration="00:00:00.0140000" startTime="2015-09-28T09:45:58.7388062-07:00" endTime="2015-09-28T09:45:58.7388062-07:00" testType="13cdc9d9-ddb5-4fa4-a97d-d965ccfc6d4b" outcome="Passed" testListId="8c84fa94-04c1-424b-9868-57a2d4851a1d" relativeResultsDirectory="a12c7266-62fc-43c7-8ff6-036e0ee34a35" />
    <UnitTestResult executionId="2b6d26cb-b43d-44c0-9dce-6d89d7985d83" testId="e3d5de10-10e6-406a-8291-337d06781154" testName="AccessibilityHelperTests Onkeydown should trigger click event when enter key is pressed" computerName="TFSBUILD11" duration="00:00:00.0200000" startTime="2015-09-28T09:45:58.7388062-07:00" endTime="2015-09-28T09:45:58.7388062-07:00" testType="13cdc9d9-ddb5-4fa4-a97d-d965ccfc6d4b" outcome="Passed" testListId="8c84fa94-04c1-424b-9868-57a2d4851a1d" relativeResultsDirectory="2b6d26cb-b43d-44c0-9dce-6d89d7985d83" />
    <UnitTestResult executionId="5ee38463-104c-495a-8b54-58b3abc42daf" testId="048ff665-ac31-401a-a53e-d1d39688533b" testName="AccessibilityHelperTests Onkeydown should not trigger click event when any key other than enter is pressed" computerName="TFSBUILD11" duration="00:00:00.0160000" startTime="2015-09-28T09:45:58.7388062-07:00" endTime="2015-09-28T09:45:58.7388062-07:00" testType="13cdc9d9-ddb5-4fa4-a97d-d965ccfc6d4b" outcome="Passed" testListId="8c84fa94-04c1-424b-9868-57a2d4851a1d" relativeResultsDirectory="5ee38463-104c-495a-8b54-58b3abc42daf" />
    <UnitTestResult executionId="64503af4-c48c-47c7-b1c9-5561ef4cd130" testId="684db9ed-3119-47c8-bcb8-8e13ecf3c6ed" testName="AccessibilityHelperTests Onkeydown should not trigger click event when enter + shift key is pressed" computerName="TFSBUILD11" duration="00:00:00.0160000" startTime="2015-09-28T09:45:58.7388062-07:00" endTime="2015-09-28T09:45:58.7388062-07:00" testType="13cdc9d9-ddb5-4fa4-a97d-d965ccfc6d4b" outcome="Passed" testListId="8c84fa94-04c1-424b-9868-57a2d4851a1d" relativeResultsDirectory="64503af4-c48c-47c7-b1c9-5561ef4cd130" />
    <UnitTestResult executionId="6e5e3148-ef77-4201-a199-1903a8ee787a" testId="4dc2f270-0eba-46b2-bb59-1611042e7a9a" testName="ReleaseTests Release should be an instance of ReleaseManagementModelBase" computerName="TFSBUILD11" duration="00:00:00.0160000" startTime="2015-09-28T09:45:58.7388062-07:00" endTime="2015-09-28T09:45:58.7388062-07:00" testType="13cdc9d9-ddb5-4fa4-a97d-d965ccfc6d4b" outcome="Passed" testListId="8c84fa94-04c1-424b-9868-57a2d4851a1d" relativeResultsDirectory="6e5e3148-ef77-4201-a199-1903a8ee787a" />
    <UnitTestResult executionId="a491487b-676c-4355-8713-192d2bf8160e" testId="4e9674f1-ca6a-4497-9489-d4c127371e92" testName="ReleaseTests create should return an instance of release object" computerName="TFSBUILD11" duration="00:00:00.0190000" startTime="2015-09-28T09:45:58.7388062-07:00" endTime="2015-09-28T09:45:58.7388062-07:00" testType="13cdc9d9-ddb5-4fa4-a97d-d965ccfc6d4b" outcome="Passed" testListId="8c84fa94-04c1-424b-9868-57a2d4851a1d" relativeResultsDirectory="a491487b-676c-4355-8713-192d2bf8160e" />
    <UnitTestResult executionId="141d3385-83a2-4a79-9ada-69fe8e4c54aa" testId="0bb9a108-8ef6-4096-ac86-06b0a571ee9d" testName="ReleaseTests Starting a release should start a release" computerName="TFSBUILD11" duration="00:00:00.0270000" startTime="2015-09-28T09:45:58.9561030-07:00" endTime="2015-09-28T09:45:58.9561030-07:00" testType="13cdc9d9-ddb5-4fa4-a97d-d965ccfc6d4b" outcome="Passed" testListId="8c84fa94-04c1-424b-9868-57a2d4851a1d" relativeResultsDirectory="141d3385-83a2-4a79-9ada-69fe8e4c54aa" />
    <UnitTestResult executionId="78192964-e007-4daa-879c-ffe6258a0f77" testId="c4ce391b-e801-4384-a654-59ce3a870543" testName="ReleaseTests Stopping a release should stop a release" computerName="TFSBUILD11" duration="00:00:00.0260000" startTime="2015-09-28T09:45:58.9561030-07:00" endTime="2015-09-28T09:45:58.9561030-07:00" testType="13cdc9d9-ddb5-4fa4-a97d-d965ccfc6d4b" outcome="Passed" testListId="8c84fa94-04c1-424b-9868-57a2d4851a1d" relativeResultsDirectory="78192964-e007-4daa-879c-ffe6258a0f77" />
    <UnitTestResult executionId="c5b1f472-0a17-4668-910c-03c8ab0aac73" testId="4d47e66d-a80e-4a1f-83c6-ddff6d16eeba" testName="ReleaseTests Cancelling a release should cancel a release" computerName="TFSBUILD11" duration="00:00:00.0270000" startTime="2015-09-28T09:45:58.9561030-07:00" endTime="2015-09-28T09:45:58.9561030-07:00" testType="13cdc9d9-ddb5-4fa4-a97d-d965ccfc6d4b" outcome="Passed" testListId="8c84fa94-04c1-424b-9868-57a2d4851a1d" relativeResultsDirectory="c5b1f472-0a17-4668-910c-03c8ab0aac73" />
    <UnitTestResult executionId="deb5405a-c172-428c-b474-6687c064476d" testId="a927aff6-fb60-4384-bb1f-cf7bf768cf6a" testName="ReleaseTests Retry a release should start a release" computerName="TFSBUILD11" duration="00:00:00.0370000" startTime="2015-09-28T09:45:58.9561030-07:00" endTime="2015-09-28T09:45:58.9561030-07:00" testType="13cdc9d9-ddb5-4fa4-a97d-d965ccfc6d4b" outcome="Passed" testListId="8c84fa94-04c1-424b-9868-57a2d4851a1d" relativeResultsDirectory="deb5405a-c172-428c-b474-6687c064476d" />
    <UnitTestResult executionId="1b63ed0d-8da1-489e-a34a-87cdd51baa7b" testId="d8fb0e30-d700-4c57-9f80-e93409bfe29a" testName="ReleaseTests Abandoning a release should abandon a release" computerName="TFSBUILD11" duration="00:00:00.0260000" startTime="2015-09-28T09:45:58.9571017-07:00" endTime="2015-09-28T09:45:58.9571017-07:00" testType="13cdc9d9-ddb5-4fa4-a97d-d965ccfc6d4b" outcome="Passed" testListId="8c84fa94-04c1-424b-9868-57a2d4851a1d" relativeResultsDirectory="1b63ed0d-8da1-489e-a34a-87cdd51baa7b" />
    <UnitTestResult executionId="8b758652-de25-4bad-8595-b72a913e62f9" testId="661decd5-ff5f-4bee-9f11-596d8d943e54" testName="ReleaseTests Tasks are to be in sorted order in environments" computerName="TFSBUILD11" duration="00:00:00.0220000" startTime="2015-09-28T09:45:58.9571017-07:00" endTime="2015-09-28T09:45:58.9571017-07:00" testType="13cdc9d9-ddb5-4fa4-a97d-d965ccfc6d4b" outcome="Passed" testListId="8c84fa94-04c1-424b-9868-57a2d4851a1d" relativeResultsDirectory="8b758652-de25-4bad-8595-b72a913e62f9" />
    <UnitTestResult executionId="b28da294-fb03-4349-92ab-f26667e77429" testId="7d108878-4e62-49ca-86bb-e780ee1cb07a" testName="ReleaseTests Error callback should be called if there is an error" computerName="TFSBUILD11" duration="00:00:00.0160000" startTime="2015-09-28T09:45:58.9571017-07:00" endTime="2015-09-28T09:45:58.9571017-07:00" testType="13cdc9d9-ddb5-4fa4-a97d-d965ccfc6d4b" outcome="Passed" testListId="8c84fa94-04c1-424b-9868-57a2d4851a1d" relativeResultsDirectory="b28da294-fb03-4349-92ab-f26667e77429" />
    <UnitTestResult executionId="54cb34d3-32c6-4e21-88c0-9411c297f8e1" testId="0d9ec779-435f-4e85-8abc-d0d63876f172" testName="ReleaseTests GetRelease should call beginGetReleaseApprovals when release state is InProgress" computerName="TFSBUILD11" duration="00:00:00.0170000" startTime="2015-09-28T09:45:58.9571017-07:00" endTime="2015-09-28T09:45:58.9571017-07:00" testType="13cdc9d9-ddb5-4fa4-a97d-d965ccfc6d4b" outcome="Passed" testListId="8c84fa94-04c1-424b-9868-57a2d4851a1d" relativeResultsDirectory="54cb34d3-32c6-4e21-88c0-9411c297f8e1" />
    <UnitTestResult executionId="333b9238-7c4a-4001-ac3f-9becd1facd7b" testId="ea888545-c68b-4ad9-b59a-43f6f57111eb" testName="ReleaseTests GetRelease should not call beginGetReleaseApprovals when release state is Released" computerName="TFSBUILD11" duration="00:00:00.0170000" startTime="2015-09-28T09:45:58.9571017-07:00" endTime="2015-09-28T09:45:58.9571017-07:00" testType="13cdc9d9-ddb5-4fa4-a97d-d965ccfc6d4b" outcome="Passed" testListId="8c84fa94-04c1-424b-9868-57a2d4851a1d" relativeResultsDirectory="333b9238-7c4a-4001-ac3f-9becd1facd7b" />
    <UnitTestResult executionId="d45809ca-5e32-49bb-9c93-9da8bba779fa" testId="2790a02e-9d24-497a-956c-b28b29a87223" testName="ReleaseDefinitionModelTests ReleaseDefinitionsModel should be an instance of ReleaseManagementModelBase" computerName="TFSBUILD11" duration="00:00:00.0150000" startTime="2015-09-28T09:45:59.6482806-07:00" endTime="2015-09-28T09:45:59.6482806-07:00" testType="13cdc9d9-ddb5-4fa4-a97d-d965ccfc6d4b" outcome="Passed" testListId="8c84fa94-04c1-424b-9868-57a2d4851a1d" relativeResultsDirectory="d45809ca-5e32-49bb-9c93-9da8bba779fa" />
    <UnitTestResult executionId="f45ae49a-9a33-4309-88c6-148df11f968f" testId="d1e0ee9a-b791-466a-9a9f-330b7dcd0d25" testName="ReleaseDefinitionModelTests beginGetAllReleaseDefinitions should return release definitions" computerName="TFSBUILD11" duration="00:00:00.0510000" startTime="2015-09-28T09:45:59.6482806-07:00" endTime="2015-09-28T09:45:59.6482806-07:00" testType="13cdc9d9-ddb5-4fa4-a97d-d965ccfc6d4b" outcome="Passed" testListId="8c84fa94-04c1-424b-9868-57a2d4851a1d" relativeResultsDirectory="f45ae49a-9a33-4309-88c6-148df11f968f" />
    <UnitTestResult executionId="0f02413e-cc82-404d-a099-73a5bd911db7" testId="8ce15bda-7e38-43e5-ad81-7e744d3fcfab" testName="ReleasesModelTests ReleasesModel should be an instance of ReleaseManagementModelBase" computerName="TFSBUILD11" duration="00:00:00.0150000" startTime="2015-09-28T09:45:59.6482806-07:00" endTime="2015-09-28T09:45:59.6482806-07:00" testType="13cdc9d9-ddb5-4fa4-a97d-d965ccfc6d4b" outcome="Passed" testListId="8c84fa94-04c1-424b-9868-57a2d4851a1d" relativeResultsDirectory="0f02413e-cc82-404d-a099-73a5bd911db7" />
    <UnitTestResult executionId="5ed551af-a681-45e0-9702-8ffd7cf6d123" testId="879ba1fe-b2a1-48e2-bb2f-d2fa854f0653" testName="ReleasesModelTests beginGetAllReleases should return all releases" computerName="TFSBUILD11" duration="00:00:00.4410000" startTime="2015-09-28T09:45:59.6482806-07:00" endTime="2015-09-28T09:45:59.6482806-07:00" testType="13cdc9d9-ddb5-4fa4-a97d-d965ccfc6d4b" outcome="Passed" testListId="8c84fa94-04c1-424b-9868-57a2d4851a1d" relativeResultsDirectory="5ed551af-a681-45e0-9702-8ffd7cf6d123" />
    <UnitTestResult executionId="66b87995-5c57-43e4-b423-0ab106b24b7c" testId="9e22a639-a4b0-41ce-a32e-ccf87a2806c9" testName="ReleasesModelTests beginGetReleases should return releases for a release definition" computerName="TFSBUILD11" duration="00:00:00.0530000" startTime="2015-09-28T09:45:59.6482806-07:00" endTime="2015-09-28T09:45:59.6482806-07:00" testType="13cdc9d9-ddb5-4fa4-a97d-d965ccfc6d4b" outcome="Passed" testListId="8c84fa94-04c1-424b-9868-57a2d4851a1d" relativeResultsDirectory="66b87995-5c57-43e4-b423-0ab106b24b7c" />
    <UnitTestResult executionId="fbb3be06-13ca-4dfd-b181-b2e7f46981ad" testId="0ae341a1-72ec-4f5a-b12a-a9e07ae2c8f8" testName="ReleasesModelTests beginGetReleases should return epmty array but a defined IReleasesResult object for a release definition with no releases" computerName="TFSBUILD11" duration="00:00:00.0150000" startTime="2015-09-28T09:45:59.6482806-07:00" endTime="2015-09-28T09:45:59.6482806-07:00" testType="13cdc9d9-ddb5-4fa4-a97d-d965ccfc6d4b" outcome="Passed" testListId="8c84fa94-04c1-424b-9868-57a2d4851a1d" relativeResultsDirectory="fbb3be06-13ca-4dfd-b181-b2e7f46981ad" />
    <UnitTestResult executionId="62b40ae7-f743-48f6-9d71-020afbc6b75d" testId="bd40fcef-b375-44f5-8214-87f77cb6caa1" testName="ReleasesModelTests Updating release definition from model should update definitionName and definitionId" computerName="TFSBUILD11" duration="00:00:00.0560000" startTime="2015-09-28T09:45:59.6482806-07:00" endTime="2015-09-28T09:45:59.6482806-07:00" testType="13cdc9d9-ddb5-4fa4-a97d-d965ccfc6d4b" outcome="Passed" testListId="8c84fa94-04c1-424b-9868-57a2d4851a1d" relativeResultsDirectory="62b40ae7-f743-48f6-9d71-020afbc6b75d" />
    <UnitTestResult executionId="ea57fd41-b3b5-449c-bd2b-5e725041de80" testId="9baba976-05ea-4130-afa8-9eb5a3e44d89" testName="ReleaseApproval Create should return valid releaseApproval object" computerName="TFSBUILD11" duration="00:00:00.0170000" startTime="2015-09-28T09:45:59.6482806-07:00" endTime="2015-09-28T09:45:59.6482806-07:00" testType="13cdc9d9-ddb5-4fa4-a97d-d965ccfc6d4b" outcome="Passed" testListId="8c84fa94-04c1-424b-9868-57a2d4851a1d" relativeResultsDirectory="ea57fd41-b3b5-449c-bd2b-5e725041de80" />
    <UnitTestResult executionId="c28e5ecd-0a71-4837-a1da-fcbdc926dc8c" testId="93ac38dc-fddc-4064-b9b9-99c73448343d" testName="ReleaseApproval getApproverProfileImageSource should return valid identity image url" computerName="TFSBUILD11" duration="00:00:00.0170000" startTime="2015-09-28T09:45:59.6482806-07:00" endTime="2015-09-28T09:45:59.6482806-07:00" testType="13cdc9d9-ddb5-4fa4-a97d-d965ccfc6d4b" outcome="Passed" testListId="8c84fa94-04c1-424b-9868-57a2d4851a1d" relativeResultsDirectory="c28e5ecd-0a71-4837-a1da-fcbdc926dc8c" />
    <UnitTestResult executionId="50ca23a0-05cf-4022-abe4-66a05308b481" testId="d1b9cb5e-a583-460a-856b-44fe82ffdd49" testName="TelemetryUtilsTests Telemtry utils should call deplayedPublish on Telemetry service" computerName="TFSBUILD11" duration="00:00:00.0160000" startTime="2015-09-28T09:45:59.7914147-07:00" endTime="2015-09-28T09:45:59.7914147-07:00" testType="13cdc9d9-ddb5-4fa4-a97d-d965ccfc6d4b" outcome="Passed" testListId="8c84fa94-04c1-424b-9868-57a2d4851a1d" relativeResultsDirectory="50ca23a0-05cf-4022-abe4-66a05308b481" />
    <UnitTestResult executionId="52254332-e803-43c5-a5a5-dbbcb107e786" testId="9691629e-4bfe-44a3-b769-423147ce30bf" testName="ReleaseManagementUtilitiesTests Default sort order is returned correctly" computerName="TFSBUILD11" duration="00:00:00.0150000" startTime="2015-09-28T09:45:59.7914147-07:00" endTime="2015-09-28T09:45:59.7914147-07:00" testType="13cdc9d9-ddb5-4fa4-a97d-d965ccfc6d4b" outcome="Passed" testListId="8c84fa94-04c1-424b-9868-57a2d4851a1d" relativeResultsDirectory="52254332-e803-43c5-a5a5-dbbcb107e786" />
    <UnitTestResult executionId="cc53390c-1767-483d-b9e5-5b57b14e0ba8" testId="80886cf5-af67-4375-91df-a4a2074b0f61" testName="ReleaseManagementUtilitiesTests Columns are returned correctly" computerName="TFSBUILD11" duration="00:00:00.0160000" startTime="2015-09-28T09:45:59.7914147-07:00" endTime="2015-09-28T09:45:59.7914147-07:00" testType="13cdc9d9-ddb5-4fa4-a97d-d965ccfc6d4b" outcome="Passed" testListId="8c84fa94-04c1-424b-9868-57a2d4851a1d" relativeResultsDirectory="cc53390c-1767-483d-b9e5-5b57b14e0ba8" />
    <UnitTestResult executionId="a4741717-8581-4b1c-ba8d-1626845b2f63" testId="d1b243f0-42e7-4b89-98af-801f48274713" testName="ReleaseManagementUtilitiesTests Logs Columns are returned correctly" computerName="TFSBUILD11" duration="00:00:00.0160000" startTime="2015-09-28T09:45:59.7914147-07:00" endTime="2015-09-28T09:45:59.7914147-07:00" testType="13cdc9d9-ddb5-4fa4-a97d-d965ccfc6d4b" outcome="Passed" testListId="8c84fa94-04c1-424b-9868-57a2d4851a1d" relativeResultsDirectory="a4741717-8581-4b1c-ba8d-1626845b2f63" />
    <UnitTestResult executionId="c21ee408-7d93-483c-a523-f9001fd7e65b" testId="dcea4275-c3a7-41f7-9bf6-844e62294f49" testName="ReleaseManagementUtilitiesTests Display Icons are returned correctly" computerName="TFSBUILD11" duration="00:00:00.0150000" startTime="2015-09-28T09:45:59.7914147-07:00" endTime="2015-09-28T09:45:59.7914147-07:00" testType="13cdc9d9-ddb5-4fa4-a97d-d965ccfc6d4b" outcome="Passed" testListId="8c84fa94-04c1-424b-9868-57a2d4851a1d" relativeResultsDirectory="c21ee408-7d93-483c-a523-f9001fd7e65b" />
    <UnitTestResult executionId="7d441043-edd4-413d-904d-b5fb055f8d2e" testId="42149f07-edf4-4751-98fd-cd2bc989a83f" testName="ReleaseManagementUtilitiesTests Difference in dates is returned correctly" computerName="TFSBUILD11" duration="00:00:00.0150000" startTime="2015-09-28T09:45:59.7914147-07:00" endTime="2015-09-28T09:45:59.7914147-07:00" testType="13cdc9d9-ddb5-4fa4-a97d-d965ccfc6d4b" outcome="Passed" testListId="8c84fa94-04c1-424b-9868-57a2d4851a1d" relativeResultsDirectory="7d441043-edd4-413d-904d-b5fb055f8d2e" />
    <UnitTestResult executionId="90bf1e59-644d-4813-834f-c93eeb6d26c5" testId="90a90863-72af-4d1d-93c7-d8e08e03bb77" testName="ReleaseManagementUtilitiesTests Filtering of releases works correctly" computerName="TFSBUILD11" duration="00:00:00.0160000" startTime="2015-09-28T09:45:59.7914147-07:00" endTime="2015-09-28T09:45:59.7914147-07:00" testType="13cdc9d9-ddb5-4fa4-a97d-d965ccfc6d4b" outcome="Passed" testListId="8c84fa94-04c1-424b-9868-57a2d4851a1d" relativeResultsDirectory="90bf1e59-644d-4813-834f-c93eeb6d26c5" />
    <UnitTestResult executionId="61e9de36-0345-408a-91b8-d3924c9b27ca" testId="fe6603d4-9f3d-4583-a9ce-1ae0c43f54bf" testName="ReleaseManagementUtilitiesTests Array helper works correctly" computerName="TFSBUILD11" duration="00:00:00.0150000" startTime="2015-09-28T09:45:59.7924151-07:00" endTime="2015-09-28T09:45:59.7924151-07:00" testType="13cdc9d9-ddb5-4fa4-a97d-d965ccfc6d4b" outcome="Passed" testListId="8c84fa94-04c1-424b-9868-57a2d4851a1d" relativeResultsDirectory="61e9de36-0345-408a-91b8-d3924c9b27ca" />
    <UnitTestResult executionId="4ff46310-5ff8-4508-bb71-cb9837a5fa02" testId="ee4bd7e9-c416-41aa-8bd8-9a8800656759" testName="ReleaseManagementUtilitiesTests Error helper returns error message properly within the error object" computerName="TFSBUILD11" duration="00:00:00.0150000" startTime="2015-09-28T09:45:59.7924151-07:00" endTime="2015-09-28T09:45:59.7924151-07:00" testType="13cdc9d9-ddb5-4fa4-a97d-d965ccfc6d4b" outcome="Passed" testListId="8c84fa94-04c1-424b-9868-57a2d4851a1d" relativeResultsDirectory="4ff46310-5ff8-4508-bb71-cb9837a5fa02" />
    <UnitTestResult executionId="5af92bcc-ea61-4dd5-9a00-f9f3925a053d" testId="aed13907-6eec-4cc9-90bc-b6a46fb84bdf" testName="ReleaseManagementUtilitiesTests Error helper returns response text if the response in error has parse errors." computerName="TFSBUILD11" duration="00:00:00.0150000" startTime="2015-09-28T09:45:59.9558318-07:00" endTime="2015-09-28T09:45:59.9558318-07:00" testType="13cdc9d9-ddb5-4fa4-a97d-d965ccfc6d4b" outcome="Passed" testListId="8c84fa94-04c1-424b-9868-57a2d4851a1d" relativeResultsDirectory="5af92bcc-ea61-4dd5-9a00-f9f3925a053d" />
    <UnitTestResult executionId="3b674921-e954-49a0-9afc-de5d0b22bd8c" testId="300ae8a9-4aef-475b-b3d4-0da91f9a4743" testName="ReleaseManagementUtilitiesTests Error helper returns response text if the response in error does not have message" computerName="TFSBUILD11" duration="00:00:00.0150000" startTime="2015-09-28T09:45:59.9568325-07:00" endTime="2015-09-28T09:45:59.9568325-07:00" testType="13cdc9d9-ddb5-4fa4-a97d-d965ccfc6d4b" outcome="Passed" testListId="8c84fa94-04c1-424b-9868-57a2d4851a1d" relativeResultsDirectory="3b674921-e954-49a0-9afc-de5d0b22bd8c" />
    <UnitTestResult executionId="83196f15-2f42-4b8a-9d0a-ffd0602420c1" testId="dcad8dc5-3bfa-4630-ae74-4f2b02783f1d" testName="ReleaseManagementUtilitiesTests Error helper should return back the error message if the error message is string." computerName="TFSBUILD11" duration="00:00:00.0160000" startTime="2015-09-28T09:45:59.9568325-07:00" endTime="2015-09-28T09:45:59.9568325-07:00" testType="13cdc9d9-ddb5-4fa4-a97d-d965ccfc6d4b" outcome="Passed" testListId="8c84fa94-04c1-424b-9868-57a2d4851a1d" relativeResultsDirectory="83196f15-2f42-4b8a-9d0a-ffd0602420c1" />
    <UnitTestResult executionId="494e7c20-ccad-449e-9324-00fe7c8c9891" testId="7d5952de-2442-4b88-85ec-9bd7dc0ec5ce" testName="ReleaseManagementUtilitiesTests Error helper should return the inner most exception." computerName="TFSBUILD11" duration="00:00:00.0150000" startTime="2015-09-28T09:45:59.9568325-07:00" endTime="2015-09-28T09:45:59.9568325-07:00" testType="13cdc9d9-ddb5-4fa4-a97d-d965ccfc6d4b" outcome="Passed" testListId="8c84fa94-04c1-424b-9868-57a2d4851a1d" relativeResultsDirectory="494e7c20-ccad-449e-9324-00fe7c8c9891" />
    <UnitTestResult executionId="6d3b0814-daef-4ccc-bda4-cc05ee57c6f2" testId="a52e01eb-edbe-456d-9de2-87c748a6b19a" testName="ReleaseManagementUtilitiesTests Get release url should return url with release definition id, releaseEditAction when editRelease is enabled" computerName="TFSBUILD11" duration="00:00:00.0170000" startTime="2015-09-28T09:45:59.9568325-07:00" endTime="2015-09-28T09:45:59.9568325-07:00" testType="13cdc9d9-ddb5-4fa4-a97d-d965ccfc6d4b" outcome="Passed" testListId="8c84fa94-04c1-424b-9868-57a2d4851a1d" relativeResultsDirectory="6d3b0814-daef-4ccc-bda4-cc05ee57c6f2" />
    <UnitTestResult executionId="c9f28d16-f1e6-47ed-afef-ad90d010e83a" testId="5b01be3c-01f0-4ceb-b95b-183ed6356b4f" testName="ReleaseManagementUtilitiesTests Environment sort by rank should happen properly." computerName="TFSBUILD11" duration="00:00:00.0160000" startTime="2015-09-28T09:45:59.9568325-07:00" endTime="2015-09-28T09:45:59.9568325-07:00" testType="13cdc9d9-ddb5-4fa4-a97d-d965ccfc6d4b" outcome="Passed" testListId="8c84fa94-04c1-424b-9868-57a2d4851a1d" relativeResultsDirectory="c9f28d16-f1e6-47ed-afef-ad90d010e83a" />
    <UnitTestResult executionId="adf10085-ffbb-4410-8dca-8b256c02a83c" testId="fc3ac092-4fea-45d5-810b-0556a1f9684b" testName="ReleaseManagementUtilitiesTests Environment sort should happen when environments do not have rank." computerName="TFSBUILD11" duration="00:00:00.0220000" startTime="2015-09-28T09:45:59.9568325-07:00" endTime="2015-09-28T09:45:59.9568325-07:00" testType="13cdc9d9-ddb5-4fa4-a97d-d965ccfc6d4b" outcome="Passed" testListId="8c84fa94-04c1-424b-9868-57a2d4851a1d" relativeResultsDirectory="adf10085-ffbb-4410-8dca-8b256c02a83c" />
    <UnitTestResult executionId="6157f91f-7538-4cec-87e2-2b3a81fc91d5" testId="ee3ee7c1-13c7-4c44-84ff-0a3da2601f07" testName="ReleaseManagementUtilitiesTests Environment sort should happen when environments are zero or undefined or null." computerName="TFSBUILD11" duration="00:00:00.0290000" startTime="2015-09-28T09:45:59.9568325-07:00" endTime="2015-09-28T09:45:59.9568325-07:00" testType="13cdc9d9-ddb5-4fa4-a97d-d965ccfc6d4b" outcome="Passed" testListId="8c84fa94-04c1-424b-9868-57a2d4851a1d" relativeResultsDirectory="6157f91f-7538-4cec-87e2-2b3a81fc91d5" />
    <UnitTestResult executionId="d9661324-6e67-4a31-b208-5f80410d1d2f" testId="05afe7cc-799e-4dd3-9286-7e97595dd607" testName="ReleaseManagementUtilitiesTests areBasicLicenseReleaseManagementFeaturesEnabled should return true for on-prem" computerName="TFSBUILD11" duration="00:00:00.0160000" startTime="2015-09-28T09:45:59.9568325-07:00" endTime="2015-09-28T09:45:59.9568325-07:00" testType="13cdc9d9-ddb5-4fa4-a97d-d965ccfc6d4b" outcome="Passed" testListId="8c84fa94-04c1-424b-9868-57a2d4851a1d" relativeResultsDirectory="d9661324-6e67-4a31-b208-5f80410d1d2f" />
    <UnitTestResult executionId="697c2afa-3107-487e-a332-5601c32d9a77" testId="09c09ac7-3b70-4fcb-9ba9-848c2b818891" testName="ReleaseManagementUtilitiesTests areAdvancedLicenseReleaseManagementFeaturesEnabled should return true for on-prem" computerName="TFSBUILD11" duration="00:00:00.0160000" startTime="2015-09-28T09:46:00.0998898-07:00" endTime="2015-09-28T09:46:00.0998898-07:00" testType="13cdc9d9-ddb5-4fa4-a97d-d965ccfc6d4b" outcome="Passed" testListId="8c84fa94-04c1-424b-9868-57a2d4851a1d" relativeResultsDirectory="697c2afa-3107-487e-a332-5601c32d9a77" />
    <UnitTestResult executionId="f4d54cef-0d20-429d-acf8-9bd1a4235131" testId="004775ba-00d6-45eb-bc93-888ceb695a20" testName="ReleaseManagementUtilitiesTests areAdvancedLicenseReleaseManagementFeaturesEnabled should return true if license feature flag is off" computerName="TFSBUILD11" duration="00:00:00.0160000" startTime="2015-09-28T09:46:00.1008908-07:00" endTime="2015-09-28T09:46:00.1008908-07:00" testType="13cdc9d9-ddb5-4fa4-a97d-d965ccfc6d4b" outcome="Passed" testListId="8c84fa94-04c1-424b-9868-57a2d4851a1d" relativeResultsDirectory="f4d54cef-0d20-429d-acf8-9bd1a4235131" />
    <UnitTestResult executionId="452bbe3d-7cac-4c7d-b9a2-c8a0351df835" testId="b9061051-8306-45ef-bb34-9fe1ba00aba3" testName="ReleaseManagementUtilitiesTests areBasicLicenseReleaseManagementFeaturesEnabled should return true if license feature flag is off" computerName="TFSBUILD11" duration="00:00:00.0160000" startTime="2015-09-28T09:46:00.1008908-07:00" endTime="2015-09-28T09:46:00.1008908-07:00" testType="13cdc9d9-ddb5-4fa4-a97d-d965ccfc6d4b" outcome="Passed" testListId="8c84fa94-04c1-424b-9868-57a2d4851a1d" relativeResultsDirectory="452bbe3d-7cac-4c7d-b9a2-c8a0351df835" />
    <UnitTestResult executionId="b85ee812-35e5-4981-bb79-93b4edce22e3" testId="cf3e97bb-d7f7-4d06-abaf-9f7faa9dfb3b" testName="ReleaseManagementUtilitiesTests getDefaultReleaseName should return correct format mask from release definition" computerName="TFSBUILD11" duration="00:00:00.0170000" startTime="2015-09-28T09:46:00.1008908-07:00" endTime="2015-09-28T09:46:00.1008908-07:00" testType="13cdc9d9-ddb5-4fa4-a97d-d965ccfc6d4b" outcome="Passed" testListId="8c84fa94-04c1-424b-9868-57a2d4851a1d" relativeResultsDirectory="b85ee812-35e5-4981-bb79-93b4edce22e3" />
    <UnitTestResult executionId="e6dd3a5a-72d2-4b7d-8f14-ce01946fdaaf" testId="069d1357-b525-43af-8a7a-606b08a81743" testName="ReleaseManagementUtilitiesTests getDefaultReleaseName should return default release name if format mask in definition is not set" computerName="TFSBUILD11" duration="00:00:00.0160000" startTime="2015-09-28T09:46:00.1008908-07:00" endTime="2015-09-28T09:46:00.1008908-07:00" testType="13cdc9d9-ddb5-4fa4-a97d-d965ccfc6d4b" outcome="Passed" testListId="8c84fa94-04c1-424b-9868-57a2d4851a1d" relativeResultsDirectory="e6dd3a5a-72d2-4b7d-8f14-ce01946fdaaf" />
    <UnitTestResult executionId="6bb4760a-87ef-4664-b5b2-d2682c8a5bb8" testId="d01da284-be58-432e-b087-d98b49029856" testName="ReleaseManagementUtilitiesTests Verify ArrayUtils.max functionality. Test set 0" computerName="TFSBUILD11" duration="00:00:00.0160000" startTime="2015-09-28T09:46:00.1008908-07:00" endTime="2015-09-28T09:46:00.1008908-07:00" testType="13cdc9d9-ddb5-4fa4-a97d-d965ccfc6d4b" outcome="Passed" testListId="8c84fa94-04c1-424b-9868-57a2d4851a1d" relativeResultsDirectory="6bb4760a-87ef-4664-b5b2-d2682c8a5bb8" />
    <UnitTestResult executionId="97c28ff3-a2fc-4a7c-90f3-464e46af5ea5" testId="10e77d51-9f51-4291-9516-16c747f17bb6" testName="ReleaseManagementUtilitiesTests Verify ArrayUtils.max functionality. Test set 1" computerName="TFSBUILD11" duration="00:00:00.0150000" startTime="2015-09-28T09:46:00.1008908-07:00" endTime="2015-09-28T09:46:00.1008908-07:00" testType="13cdc9d9-ddb5-4fa4-a97d-d965ccfc6d4b" outcome="Passed" testListId="8c84fa94-04c1-424b-9868-57a2d4851a1d" relativeResultsDirectory="97c28ff3-a2fc-4a7c-90f3-464e46af5ea5" />
    <UnitTestResult executionId="1e443c00-3aeb-48e1-b84f-be18fcbe19ee" testId="337db572-4292-4040-9fb8-dde0886026dc" testName="ReleaseManagementUtilitiesTests Verify ArrayUtils.max functionality. Test set 2" computerName="TFSBUILD11" duration="00:00:00.0160000" startTime="2015-09-28T09:46:00.1008908-07:00" endTime="2015-09-28T09:46:00.1008908-07:00" testType="13cdc9d9-ddb5-4fa4-a97d-d965ccfc6d4b" outcome="Passed" testListId="8c84fa94-04c1-424b-9868-57a2d4851a1d" relativeResultsDirectory="1e443c00-3aeb-48e1-b84f-be18fcbe19ee" />
    <UnitTestResult executionId="1d8d2e57-5165-4abb-ab64-d8901d79b144" testId="9dda0590-50f1-40e7-8256-298cebed75d3" testName="ReleaseManagementUtilitiesTests Verify ArrayUtils.max functionality. Test set 3" computerName="TFSBUILD11" duration="00:00:00.0160000" startTime="2015-09-28T09:46:00.1008908-07:00" endTime="2015-09-28T09:46:00.1008908-07:00" testType="13cdc9d9-ddb5-4fa4-a97d-d965ccfc6d4b" outcome="Passed" testListId="8c84fa94-04c1-424b-9868-57a2d4851a1d" relativeResultsDirectory="1d8d2e57-5165-4abb-ab64-d8901d79b144" />
    <UnitTestResult executionId="7366fbf7-5715-4e5a-8d58-ebbc230ca55e" testId="c3373766-c465-4a30-a828-d5218acc16c9" testName="ReleaseManagementUtilitiesTests Verify ArrayUtils.max functionality. Test set 4" computerName="TFSBUILD11" duration="00:00:00.0150000" startTime="2015-09-28T09:46:00.2618902-07:00" endTime="2015-09-28T09:46:00.2618902-07:00" testType="13cdc9d9-ddb5-4fa4-a97d-d965ccfc6d4b" outcome="Passed" testListId="8c84fa94-04c1-424b-9868-57a2d4851a1d" relativeResultsDirectory="7366fbf7-5715-4e5a-8d58-ebbc230ca55e" />
    <UnitTestResult executionId="49e77caf-6db2-4691-811f-49f5a586f053" testId="c9b66b34-0273-4062-876c-a7078f7643ac" testName="ReleaseManagementUtilitiesTests Verify ArrayUtils.max functionality. Test set 5" computerName="TFSBUILD11" duration="00:00:00.0140000" startTime="2015-09-28T09:46:00.2618902-07:00" endTime="2015-09-28T09:46:00.2618902-07:00" testType="13cdc9d9-ddb5-4fa4-a97d-d965ccfc6d4b" outcome="Passed" testListId="8c84fa94-04c1-424b-9868-57a2d4851a1d" relativeResultsDirectory="49e77caf-6db2-4691-811f-49f5a586f053" />
    <UnitTestResult executionId="7d7ea9c4-5385-43d7-a070-306f31fed497" testId="9ca6ed16-297c-49e0-8f6b-6087a455b275" testName="ReleaseManagementUtilitiesTests Verify ArrayUtils.max functionality. Test set 6" computerName="TFSBUILD11" duration="00:00:00.0150000" startTime="2015-09-28T09:46:00.2628904-07:00" endTime="2015-09-28T09:46:00.2628904-07:00" testType="13cdc9d9-ddb5-4fa4-a97d-d965ccfc6d4b" outcome="Passed" testListId="8c84fa94-04c1-424b-9868-57a2d4851a1d" relativeResultsDirectory="7d7ea9c4-5385-43d7-a070-306f31fed497" />
    <UnitTestResult executionId="20a94170-22be-4a98-9616-88169b82fe34" testId="8cb2ab4c-1ee1-4c35-9ffc-2bd201569157" testName="ReleaseManagementUtilitiesTests Verify ArrayUtils.max functionality. Test set 7" computerName="TFSBUILD11" duration="00:00:00.0150000" startTime="2015-09-28T09:46:00.2628904-07:00" endTime="2015-09-28T09:46:00.2628904-07:00" testType="13cdc9d9-ddb5-4fa4-a97d-d965ccfc6d4b" outcome="Passed" testListId="8c84fa94-04c1-424b-9868-57a2d4851a1d" relativeResultsDirectory="20a94170-22be-4a98-9616-88169b82fe34" />
    <UnitTestResult executionId="df5643ca-bc16-4879-b770-1ef2dddd39d1" testId="3507a6f9-5144-42e6-8172-6a3b4139c538" testName="ReleaseManagementUtilitiesTests Verify ArrayUtils.max functionality. Test set 8" computerName="TFSBUILD11" duration="00:00:00.0150000" startTime="2015-09-28T09:46:00.2628904-07:00" endTime="2015-09-28T09:46:00.2628904-07:00" testType="13cdc9d9-ddb5-4fa4-a97d-d965ccfc6d4b" outcome="Passed" testListId="8c84fa94-04c1-424b-9868-57a2d4851a1d" relativeResultsDirectory="df5643ca-bc16-4879-b770-1ef2dddd39d1" />
    <UnitTestResult executionId="3a91d0e7-f29d-4a39-9a0e-36e03f28e47c" testId="69c530e4-d26a-494d-8b66-e778046c8010" testName="CreateNewArtifactDialogTests Constructor test" computerName="TFSBUILD11" duration="00:00:00.0180000" startTime="2015-09-28T09:46:00.2628904-07:00" endTime="2015-09-28T09:46:00.2628904-07:00" testType="13cdc9d9-ddb5-4fa4-a97d-d965ccfc6d4b" outcome="Passed" testListId="8c84fa94-04c1-424b-9868-57a2d4851a1d" relativeResultsDirectory="3a91d0e7-f29d-4a39-9a0e-36e03f28e47c" />
    <UnitTestResult executionId="3641e66f-008f-4089-9287-036a71eebd56" testId="3e5bf8c8-3cb6-4bd9-8dc5-4552a68372f6" testName="DemandsValidatorTests Validate environment should return a warning message if there are no demands specified and if they are no available agents" computerName="TFSBUILD11" duration="00:00:00.0190000" startTime="2015-09-28T09:46:00.2628904-07:00" endTime="2015-09-28T09:46:00.2628904-07:00" testType="13cdc9d9-ddb5-4fa4-a97d-d965ccfc6d4b" outcome="Passed" testListId="8c84fa94-04c1-424b-9868-57a2d4851a1d" relativeResultsDirectory="3641e66f-008f-4089-9287-036a71eebd56" />
    <UnitTestResult executionId="a8909894-36d8-49f1-bef5-9253fd9814b1" testId="82e43a68-4b62-43d6-bb76-7c928f807bb9" testName="DemandsValidatorTests Validate environment should return a error message if the queue can not be found" computerName="TFSBUILD11" duration="00:00:00.0270000" startTime="2015-09-28T09:46:00.2628904-07:00" endTime="2015-09-28T09:46:00.2628904-07:00" testType="13cdc9d9-ddb5-4fa4-a97d-d965ccfc6d4b" outcome="Passed" testListId="8c84fa94-04c1-424b-9868-57a2d4851a1d" relativeResultsDirectory="a8909894-36d8-49f1-bef5-9253fd9814b1" />
    <UnitTestResult executionId="01b01cfd-805a-4d43-bbdd-2f4204192527" testId="d8db0ed0-e7d8-4e53-9c2a-d5bfa04893fc" testName="DemandsValidatorTests Validate environment should return a warning message if there are demands specified in the environment and if they are no available agents" computerName="TFSBUILD11" duration="00:00:00.0190000" startTime="2015-09-28T09:46:00.2628904-07:00" endTime="2015-09-28T09:46:00.2628904-07:00" testType="13cdc9d9-ddb5-4fa4-a97d-d965ccfc6d4b" outcome="Passed" testListId="8c84fa94-04c1-424b-9868-57a2d4851a1d" relativeResultsDirectory="01b01cfd-805a-4d43-bbdd-2f4204192527" />
    <UnitTestResult executionId="055ac7b2-6835-4141-ac74-1d59e4e26011" testId="354652ee-ac41-4464-b8be-f13c83f90b94" testName="DemandsValidatorTests Validate environment should return an empty warning message if the demands of the environment are met by an available agent" computerName="TFSBUILD11" duration="00:00:00.0180000" startTime="2015-09-28T09:46:00.4890713-07:00" endTime="2015-09-28T09:46:00.4890713-07:00" testType="13cdc9d9-ddb5-4fa4-a97d-d965ccfc6d4b" outcome="Passed" testListId="8c84fa94-04c1-424b-9868-57a2d4851a1d" relativeResultsDirectory="055ac7b2-6835-4141-ac74-1d59e4e26011" />
    <UnitTestResult executionId="7af71523-1b41-441a-b417-c5240cb92f28" testId="d37a1e25-98d6-47b1-b47c-ee7fc22f4f5a" testName="DemandsValidatorTests Validate environment should return a warning message if the demands of the environment are met but the agent is offline or disabled" computerName="TFSBUILD11" duration="00:00:00.0180000" startTime="2015-09-28T09:46:00.4890713-07:00" endTime="2015-09-28T09:46:00.4890713-07:00" testType="13cdc9d9-ddb5-4fa4-a97d-d965ccfc6d4b" outcome="Passed" testListId="8c84fa94-04c1-424b-9868-57a2d4851a1d" relativeResultsDirectory="7af71523-1b41-441a-b417-c5240cb92f28" />
    <UnitTestResult executionId="3bb74a87-bf4b-4adf-9009-faecf3be60cf" testId="2bd00b60-3504-4507-9336-59901d2a2adb" testName="DemandsValidatorTests Validate should return an empty warning message if the demands of targeted environments are met by an available agent" computerName="TFSBUILD11" duration="00:00:00.0180000" startTime="2015-09-28T09:46:00.4890713-07:00" endTime="2015-09-28T09:46:00.4890713-07:00" testType="13cdc9d9-ddb5-4fa4-a97d-d965ccfc6d4b" outcome="Passed" testListId="8c84fa94-04c1-424b-9868-57a2d4851a1d" relativeResultsDirectory="3bb74a87-bf4b-4adf-9009-faecf3be60cf" />
    <UnitTestResult executionId="e98dddf1-06f0-409c-9899-db9ad9b5060c" testId="77516044-21e7-4021-ada2-3b8d7b35ac46" testName="DemandsValidatorTests Validate should return a warning message if the demands of targeted environments are not met by an available agent" computerName="TFSBUILD11" duration="00:00:00.0220000" startTime="2015-09-28T09:46:00.4890713-07:00" endTime="2015-09-28T09:46:00.4890713-07:00" testType="13cdc9d9-ddb5-4fa4-a97d-d965ccfc6d4b" outcome="Passed" testListId="8c84fa94-04c1-424b-9868-57a2d4851a1d" relativeResultsDirectory="e98dddf1-06f0-409c-9899-db9ad9b5060c" />
    <UnitTestResult executionId="035b5fd3-713a-4975-8121-a46ade826dd1" testId="a2e4f109-96cd-42aa-84dd-013461eff8a1" testName="EnvironmentEditOptionsDialogTests Validate ViewModel initialization does not load the hosted pools." computerName="TFSBUILD11" duration="00:00:00.0450000" startTime="2015-09-28T09:46:00.4890713-07:00" endTime="2015-09-28T09:46:00.4890713-07:00" testType="13cdc9d9-ddb5-4fa4-a97d-d965ccfc6d4b" outcome="Passed" testListId="8c84fa94-04c1-424b-9868-57a2d4851a1d" relativeResultsDirectory="035b5fd3-713a-4975-8121-a46ade826dd1" />
    <UnitTestResult executionId="20ee0a00-9988-40c3-885a-30288ee4ddc5" testId="042df968-59a1-4831-84a8-4a7007051db5" testName="EnvironmentEditOptionsDialogTests Validate ViewModel initialization loads the hosted pools if feature is enabled." computerName="TFSBUILD11" duration="00:00:00.0310000" startTime="2015-09-28T09:46:00.4890713-07:00" endTime="2015-09-28T09:46:00.4890713-07:00" testType="13cdc9d9-ddb5-4fa4-a97d-d965ccfc6d4b" outcome="Passed" testListId="8c84fa94-04c1-424b-9868-57a2d4851a1d" relativeResultsDirectory="20ee0a00-9988-40c3-885a-30288ee4ddc5" />
    <UnitTestResult executionId="617f61bb-31a6-4154-bfd4-9b5845e366f2" testId="ec223ef6-a341-4ea5-86fe-1bcfcdd14bab" testName="EnvironmentEditOptionsDialogTests Validate ViewModel is clean on start." computerName="TFSBUILD11" duration="00:00:00.0230000" startTime="2015-09-28T09:46:00.4890713-07:00" endTime="2015-09-28T09:46:00.4890713-07:00" testType="13cdc9d9-ddb5-4fa4-a97d-d965ccfc6d4b" outcome="Passed" testListId="8c84fa94-04c1-424b-9868-57a2d4851a1d" relativeResultsDirectory="617f61bb-31a6-4154-bfd4-9b5845e366f2" />
    <UnitTestResult executionId="0631c9fe-0fa7-40a9-bd10-bf292c2ef675" testId="4766c3fb-0c42-4f72-a17a-b27b55ed69cb" testName="EnvironmentEditOptionsDialogTests Validate ViewModel is dirty upon demand added." computerName="TFSBUILD11" duration="00:00:00.0230000" startTime="2015-09-28T09:46:00.4890713-07:00" endTime="2015-09-28T09:46:00.4890713-07:00" testType="13cdc9d9-ddb5-4fa4-a97d-d965ccfc6d4b" outcome="Passed" testListId="8c84fa94-04c1-424b-9868-57a2d4851a1d" relativeResultsDirectory="0631c9fe-0fa7-40a9-bd10-bf292c2ef675" />
    <UnitTestResult executionId="11b3778d-aed9-41b3-a63e-d64f03386845" testId="01309c24-ec37-4bbc-ba8e-af02c4d9ef01" testName="EnvironmentEditOptionsDialogTests Validate ViewModel is dirty upon agent pool changed." computerName="TFSBUILD11" duration="00:00:00.0180000" startTime="2015-09-28T09:46:00.4890713-07:00" endTime="2015-09-28T09:46:00.4890713-07:00" testType="13cdc9d9-ddb5-4fa4-a97d-d965ccfc6d4b" outcome="Passed" testListId="8c84fa94-04c1-424b-9868-57a2d4851a1d" relativeResultsDirectory="11b3778d-aed9-41b3-a63e-d64f03386845" />
    <UnitTestResult executionId="cd9ccb27-ac4a-41b9-8c1a-af312ac61a5c" testId="bd963f61-b856-4103-82b9-749033967793" testName="EnvironmentEditOptionsDialogTests Validate ViewModel is clean upon revert post demand added." computerName="TFSBUILD11" duration="00:00:00.0230000" startTime="2015-09-28T09:46:00.7015987-07:00" endTime="2015-09-28T09:46:00.7015987-07:00" testType="13cdc9d9-ddb5-4fa4-a97d-d965ccfc6d4b" outcome="Passed" testListId="8c84fa94-04c1-424b-9868-57a2d4851a1d" relativeResultsDirectory="cd9ccb27-ac4a-41b9-8c1a-af312ac61a5c" />
    <UnitTestResult executionId="c340e91e-8077-4128-a238-4bfa80aef305" testId="55e06944-098f-4aaa-8fa0-555f449c0bdc" testName="EnvironmentEditOptionsDialogTests Validate ViewModel is clean upon adding empty demand." computerName="TFSBUILD11" duration="00:00:00.0200000" startTime="2015-09-28T09:46:00.7015987-07:00" endTime="2015-09-28T09:46:00.7015987-07:00" testType="13cdc9d9-ddb5-4fa4-a97d-d965ccfc6d4b" outcome="Passed" testListId="8c84fa94-04c1-424b-9868-57a2d4851a1d" relativeResultsDirectory="c340e91e-8077-4128-a238-4bfa80aef305" />
    <UnitTestResult executionId="c0e8f6fb-04cc-4faa-9f37-00fa86e697a6" testId="2ca90ee0-fb3c-44b2-bb00-74c8e2e3792a" testName="EnvironmentEditOptionsDialogTests Validate demands list viewModel is not dirty when initialized with some demands." computerName="TFSBUILD11" duration="00:00:00.0150000" startTime="2015-09-28T09:46:00.7015987-07:00" endTime="2015-09-28T09:46:00.7015987-07:00" testType="13cdc9d9-ddb5-4fa4-a97d-d965ccfc6d4b" outcome="Passed" testListId="8c84fa94-04c1-424b-9868-57a2d4851a1d" relativeResultsDirectory="c0e8f6fb-04cc-4faa-9f37-00fa86e697a6" />
    <UnitTestResult executionId="be44713f-e548-43de-9861-2f3da900bd30" testId="f57b77ff-223e-4f47-bae4-8bd44e628809" testName="EnvironmentEditOptionsDialogTests Validate delete demands from list viewModel should dirty when initialized with one demand." computerName="TFSBUILD11" duration="00:00:00.0150000" startTime="2015-09-28T09:46:00.7015987-07:00" endTime="2015-09-28T09:46:00.7015987-07:00" testType="13cdc9d9-ddb5-4fa4-a97d-d965ccfc6d4b" outcome="Passed" testListId="8c84fa94-04c1-424b-9868-57a2d4851a1d" relativeResultsDirectory="be44713f-e548-43de-9861-2f3da900bd30" />
    <UnitTestResult executionId="5566f7f8-758d-4faa-84fe-b50949a5eb3f" testId="07516e9c-cd14-476a-890e-c720b71007a3" testName="EnvironmentEditOptionsDialogTests Validate Agent Pool initialization upon RD creation, if no agent pools are existing." computerName="TFSBUILD11" duration="00:00:00.0280000" startTime="2015-09-28T09:46:00.7015987-07:00" endTime="2015-09-28T09:46:00.7015987-07:00" testType="13cdc9d9-ddb5-4fa4-a97d-d965ccfc6d4b" outcome="Passed" testListId="8c84fa94-04c1-424b-9868-57a2d4851a1d" relativeResultsDirectory="5566f7f8-758d-4faa-84fe-b50949a5eb3f" />
    <UnitTestResult executionId="5ded96ba-02a1-46b8-beb1-2346c4e1b2a6" testId="20795dcb-ce67-4a89-b7e5-18e98aa4c89d" testName="EnvironmentEditOptionsDialogTests Validate Agent Pool initialization upon RD creation, if agent pools are existing." computerName="TFSBUILD11" duration="00:00:00.0280000" startTime="2015-09-28T09:46:00.7015987-07:00" endTime="2015-09-28T09:46:00.7015987-07:00" testType="13cdc9d9-ddb5-4fa4-a97d-d965ccfc6d4b" outcome="Passed" testListId="8c84fa94-04c1-424b-9868-57a2d4851a1d" relativeResultsDirectory="5ded96ba-02a1-46b8-beb1-2346c4e1b2a6" />
    <UnitTestResult executionId="f4e790bd-9b54-459d-a00b-e72daea2ffd0" testId="be4448c1-45b0-487b-a37c-323022a1ad3c" testName="EnvironmentEditOptionsDialogTests Validate Agent Pool initialization upon RD edit, if pool was selected during create and no agent pools are existing during edit." computerName="TFSBUILD11" duration="00:00:00.0300000" startTime="2015-09-28T09:46:00.7015987-07:00" endTime="2015-09-28T09:46:00.7015987-07:00" testType="13cdc9d9-ddb5-4fa4-a97d-d965ccfc6d4b" outcome="Passed" testListId="8c84fa94-04c1-424b-9868-57a2d4851a1d" relativeResultsDirectory="f4e790bd-9b54-459d-a00b-e72daea2ffd0" />
    <UnitTestResult executionId="77182afa-3529-48d9-a9a5-07e8d005e17b" testId="2822a1f6-2f7e-4b74-88b0-d3896892224b" testName="EnvironmentEditOptionsDialogTests Validate Agent Pool initialization upon RD edit, if none was selected during create and agent pools are existing during edit." computerName="TFSBUILD11" duration="00:00:00.0290000" startTime="2015-09-28T09:46:00.7015987-07:00" endTime="2015-09-28T09:46:00.7015987-07:00" testType="13cdc9d9-ddb5-4fa4-a97d-d965ccfc6d4b" outcome="Passed" testListId="8c84fa94-04c1-424b-9868-57a2d4851a1d" relativeResultsDirectory="77182afa-3529-48d9-a9a5-07e8d005e17b" />
    <UnitTestResult executionId="091fe598-ceb2-4e79-832b-1fe30236f9f0" testId="254e8639-3635-44ba-b696-f71e1ae3c220" testName="EnvironmentEditOptionsDialogTests Validate Agent Pool initialization upon RD edit, if pool was pre-selected during create and agent pools are existing during edit with the pre-selected pool deleted." computerName="TFSBUILD11" duration="00:00:00.0310000" startTime="2015-09-28T09:46:00.7015987-07:00" endTime="2015-09-28T09:46:00.7015987-07:00" testType="13cdc9d9-ddb5-4fa4-a97d-d965ccfc6d4b" outcome="Passed" testListId="8c84fa94-04c1-424b-9868-57a2d4851a1d" relativeResultsDirectory="091fe598-ceb2-4e79-832b-1fe30236f9f0" />
    <UnitTestResult executionId="0ed1cd45-d8fb-4ee5-873e-255bcc48befb" testId="ef8a250a-54df-4cf0-8cf7-fb0fac26f9f6" testName="EnvironmentDefinitionObjectViewModelTests Should be able to create EnvironmentDefinitionViewModel" computerName="TFSBUILD11" duration="00:00:00.0180000" startTime="2015-09-28T09:46:00.8768425-07:00" endTime="2015-09-28T09:46:00.8768425-07:00" testType="13cdc9d9-ddb5-4fa4-a97d-d965ccfc6d4b" outcome="Passed" testListId="8c84fa94-04c1-424b-9868-57a2d4851a1d" relativeResultsDirectory="0ed1cd45-d8fb-4ee5-873e-255bcc48befb" />
    <UnitTestResult executionId="cc339c81-6c79-4f15-b99a-2653311e3a86" testId="7a9e42fa-a933-425d-b0bb-d06f8a7aeb1c" testName="EnvironmentDefinitionObjectViewModelTests Validate model when task added or removed in EnvironmentDefinitionViewModel" computerName="TFSBUILD11" duration="00:00:00.0250000" startTime="2015-09-28T09:46:00.8768425-07:00" endTime="2015-09-28T09:46:00.8768425-07:00" testType="13cdc9d9-ddb5-4fa4-a97d-d965ccfc6d4b" outcome="Passed" testListId="8c84fa94-04c1-424b-9868-57a2d4851a1d" relativeResultsDirectory="cc339c81-6c79-4f15-b99a-2653311e3a86" />
    <UnitTestResult executionId="946825f0-993e-4bc5-8037-c9b251641fcd" testId="3b533933-cbfe-4fd5-867a-9c5306431f26" testName="EnvironmentDefinitionObjectViewModelTests Validate model when name changed in EnvironmentDefinitionViewModel" computerName="TFSBUILD11" duration="00:00:00.0160000" startTime="2015-09-28T09:46:00.8768425-07:00" endTime="2015-09-28T09:46:00.8768425-07:00" testType="13cdc9d9-ddb5-4fa4-a97d-d965ccfc6d4b" outcome="Passed" testListId="8c84fa94-04c1-424b-9868-57a2d4851a1d" relativeResultsDirectory="946825f0-993e-4bc5-8037-c9b251641fcd" />
    <UnitTestResult executionId="f6b455f6-b023-4d0d-87ca-07c6898aee1b" testId="68517634-1c25-43ac-ace0-6a730c73cd21" testName="EnvironmentDefinitionObjectViewModelTests Should be able to create EnvironmentDefinitionListViewModel" computerName="TFSBUILD11" duration="00:00:00.0160000" startTime="2015-09-28T09:46:00.8768425-07:00" endTime="2015-09-28T09:46:00.8768425-07:00" testType="13cdc9d9-ddb5-4fa4-a97d-d965ccfc6d4b" outcome="Passed" testListId="8c84fa94-04c1-424b-9868-57a2d4851a1d" relativeResultsDirectory="f6b455f6-b023-4d0d-87ca-07c6898aee1b" />
    <UnitTestResult executionId="0a45158d-6b05-412f-94ac-5cf306e1ebcf" testId="a8a75ce4-3a0c-437c-b120-ed0fd8fe73c9" testName="EnvironmentDefinitionObjectViewModelTests Validate model state when environemnt definition added or removed in EnvironmentDefinitionListViewModel" computerName="TFSBUILD11" duration="00:00:00.0170000" startTime="2015-09-28T09:46:00.8768425-07:00" endTime="2015-09-28T09:46:00.8768425-07:00" testType="13cdc9d9-ddb5-4fa4-a97d-d965ccfc6d4b" outcome="Passed" testListId="8c84fa94-04c1-424b-9868-57a2d4851a1d" relativeResultsDirectory="0a45158d-6b05-412f-94ac-5cf306e1ebcf" />
    <UnitTestResult executionId="63d5201a-43bc-4dd4-90a0-d6a99e812320" testId="b3fa2177-7943-42c9-b9cc-fac9a31b9701" testName="EnvironmentDefinitionObjectViewModelTests Validate model state when definition moved in EnvironmentDefinitionListViewModel. Test 1" computerName="TFSBUILD11" duration="00:00:00.0200000" startTime="2015-09-28T09:46:00.8768425-07:00" endTime="2015-09-28T09:46:00.8768425-07:00" testType="13cdc9d9-ddb5-4fa4-a97d-d965ccfc6d4b" outcome="Passed" testListId="8c84fa94-04c1-424b-9868-57a2d4851a1d" relativeResultsDirectory="63d5201a-43bc-4dd4-90a0-d6a99e812320" />
    <UnitTestResult executionId="ef71bf61-5136-4a95-91dc-63960bad0562" testId="453ca630-83d2-4c39-91b2-74b7ebd73246" testName="EnvironmentDefinitionObjectViewModelTests Validate model state when definition moved in EnvironmentDefinitionListViewModel. Test 2" computerName="TFSBUILD11" duration="00:00:00.0200000" startTime="2015-09-28T09:46:00.8768425-07:00" endTime="2015-09-28T09:46:00.8768425-07:00" testType="13cdc9d9-ddb5-4fa4-a97d-d965ccfc6d4b" outcome="Passed" testListId="8c84fa94-04c1-424b-9868-57a2d4851a1d" relativeResultsDirectory="ef71bf61-5136-4a95-91dc-63960bad0562" />
    <UnitTestResult executionId="966883c4-f501-4f15-9c12-ba576b6dbea5" testId="2d25731f-f167-41a2-a5de-77b7d9a25736" testName="EnvironmentDefinitionObjectViewModelTests Validate model state when definition moved in EnvironmentDefinitionListViewModel. Test 3" computerName="TFSBUILD11" duration="00:00:00.0200000" startTime="2015-09-28T09:46:00.8768425-07:00" endTime="2015-09-28T09:46:00.8768425-07:00" testType="13cdc9d9-ddb5-4fa4-a97d-d965ccfc6d4b" outcome="Passed" testListId="8c84fa94-04c1-424b-9868-57a2d4851a1d" relativeResultsDirectory="966883c4-f501-4f15-9c12-ba576b6dbea5" />
    <UnitTestResult executionId="146d4d56-0511-43c7-8887-347f65b59687" testId="720d5586-2cbb-4185-8b03-8187a9399d62" testName="EnvironmentDefinitionObjectViewModelTests Validate model state when definition moved in EnvironmentDefinitionListViewModel. Test 4" computerName="TFSBUILD11" duration="00:00:00.0190000" startTime="2015-09-28T09:46:00.8768425-07:00" endTime="2015-09-28T09:46:00.8768425-07:00" testType="13cdc9d9-ddb5-4fa4-a97d-d965ccfc6d4b" outcome="Passed" testListId="8c84fa94-04c1-424b-9868-57a2d4851a1d" relativeResultsDirectory="146d4d56-0511-43c7-8887-347f65b59687" />
    <UnitTestResult executionId="3282517f-7a77-4f86-b6ea-0e511641d8b5" testId="126acf5a-819d-4218-bbf8-4a14897f9f18" testName="EnvironmentDefinitionObjectViewModelTests Validate model state when definition moved in EnvironmentDefinitionListViewModel. Test 5" computerName="TFSBUILD11" duration="00:00:00.0190000" startTime="2015-09-28T09:46:01.0704117-07:00" endTime="2015-09-28T09:46:01.0704117-07:00" testType="13cdc9d9-ddb5-4fa4-a97d-d965ccfc6d4b" outcome="Passed" testListId="8c84fa94-04c1-424b-9868-57a2d4851a1d" relativeResultsDirectory="3282517f-7a77-4f86-b6ea-0e511641d8b5" />
    <UnitTestResult executionId="031a1df8-dfa9-4fde-86d3-2b9fd3e5b60a" testId="01dcab77-cc75-4870-a9aa-144ba788b910" testName="EnvironmentDefinitionObjectViewModelTests Validate model state when definition moved in EnvironmentDefinitionListViewModel. Test 6" computerName="TFSBUILD11" duration="00:00:00.0190000" startTime="2015-09-28T09:46:01.0704117-07:00" endTime="2015-09-28T09:46:01.0704117-07:00" testType="13cdc9d9-ddb5-4fa4-a97d-d965ccfc6d4b" outcome="Passed" testListId="8c84fa94-04c1-424b-9868-57a2d4851a1d" relativeResultsDirectory="031a1df8-dfa9-4fde-86d3-2b9fd3e5b60a" />
    <UnitTestResult executionId="b2e9edd2-494b-44e0-bdf1-dd226a9e1f25" testId="876d3832-860f-4d61-8cac-443e14c6c49c" testName="EnvironmentDefinitionObjectViewModelTests Validate model update with unordered elements on EnvironmentDefinitionListViewModel" computerName="TFSBUILD11" duration="00:00:00.0250000" startTime="2015-09-28T09:46:01.0704117-07:00" endTime="2015-09-28T09:46:01.0704117-07:00" testType="13cdc9d9-ddb5-4fa4-a97d-d965ccfc6d4b" outcome="Passed" testListId="8c84fa94-04c1-424b-9868-57a2d4851a1d" relativeResultsDirectory="b2e9edd2-494b-44e0-bdf1-dd226a9e1f25" />
    <UnitTestResult executionId="26835814-f0ea-4e65-a10f-e651007a859a" testId="a9f1f5b0-f2fc-47cf-a403-b2dc7f529665" testName="EnvironmentDefinitionObjectViewModelTests Approvers View model should have preDeploymentAutomation and PostDeploymentAutomation should be true by default" computerName="TFSBUILD11" duration="00:00:00.0170000" startTime="2015-09-28T09:46:01.0704117-07:00" endTime="2015-09-28T09:46:01.0704117-07:00" testType="13cdc9d9-ddb5-4fa4-a97d-d965ccfc6d4b" outcome="Passed" testListId="8c84fa94-04c1-424b-9868-57a2d4851a1d" relativeResultsDirectory="26835814-f0ea-4e65-a10f-e651007a859a" />
    <UnitTestResult executionId="ce50a8d5-50c2-40a5-9641-b33afddd4f5a" testId="4311f572-111c-4b36-9d8c-5d8b5d7dce57" testName="EnvironmentDefinitionObjectViewModelTests Approvers View Model should set the rank to 1 for all approvers" computerName="TFSBUILD11" duration="00:00:00.0160000" startTime="2015-09-28T09:46:01.0704117-07:00" endTime="2015-09-28T09:46:01.0704117-07:00" testType="13cdc9d9-ddb5-4fa4-a97d-d965ccfc6d4b" outcome="Passed" testListId="8c84fa94-04c1-424b-9868-57a2d4851a1d" relativeResultsDirectory="ce50a8d5-50c2-40a5-9641-b33afddd4f5a" />
    <UnitTestResult executionId="3fd579c9-466b-4b4d-a3f5-57d489312cec" testId="9773f41c-3da6-4f85-884b-794687e222b2" testName="EnvironmentDefinitionObjectViewModelTests Saving the release dfinition should save the version of the task as *" computerName="TFSBUILD11" duration="00:00:00.0220000" startTime="2015-09-28T09:46:01.0704117-07:00" endTime="2015-09-28T09:46:01.0704117-07:00" testType="13cdc9d9-ddb5-4fa4-a97d-d965ccfc6d4b" outcome="Passed" testListId="8c84fa94-04c1-424b-9868-57a2d4851a1d" relativeResultsDirectory="3fd579c9-466b-4b4d-a3f5-57d489312cec" />
    <UnitTestResult executionId="97725dbd-d6cd-4ebd-9efb-301928a3f3d8" testId="0f7c694a-78a2-406f-8512-95f9e480ba11" testName="EnvironmentDefinitionObjectViewModelTests VariablesViewModel's disableEdit must be set correctly" computerName="TFSBUILD11" duration="00:00:00.0230000" startTime="2015-09-28T09:46:01.0704117-07:00" endTime="2015-09-28T09:46:01.0704117-07:00" testType="13cdc9d9-ddb5-4fa4-a97d-d965ccfc6d4b" outcome="Passed" testListId="8c84fa94-04c1-424b-9868-57a2d4851a1d" relativeResultsDirectory="97725dbd-d6cd-4ebd-9efb-301928a3f3d8" />
    <UnitTestResult executionId="7e6d0ebb-83f7-448c-bbe6-d90cd1de39aa" testId="dbf087e8-57bf-4e51-a10e-ed846688da90" testName="EnvironmentDefinitionObjectViewModelTests getEnvironmentTileEditOptions must return right environmentTileEditPermissions" computerName="TFSBUILD11" duration="00:00:00.0180000" startTime="2015-09-28T09:46:01.0704117-07:00" endTime="2015-09-28T09:46:01.0704117-07:00" testType="13cdc9d9-ddb5-4fa4-a97d-d965ccfc6d4b" outcome="Passed" testListId="8c84fa94-04c1-424b-9868-57a2d4851a1d" relativeResultsDirectory="7e6d0ebb-83f7-448c-bbe6-d90cd1de39aa" />
    <UnitTestResult executionId="9303ac30-7f65-4403-b303-a265e94490f2" testId="01a9e232-a26b-4e9f-b6bb-b57c040dd47a" testName="EnvironmentDefinitionObjectViewModelTests getApprovalsEditability must return a right value" computerName="TFSBUILD11" duration="00:00:00.0170000" startTime="2015-09-28T09:46:01.0704117-07:00" endTime="2015-09-28T09:46:01.0704117-07:00" testType="13cdc9d9-ddb5-4fa4-a97d-d965ccfc6d4b" outcome="Passed" testListId="8c84fa94-04c1-424b-9868-57a2d4851a1d" relativeResultsDirectory="9303ac30-7f65-4403-b303-a265e94490f2" />
    <UnitTestResult executionId="4bea7a64-35dc-4067-a108-181bf0ab1ab0" testId="704bf54e-7a6d-40fc-8304-0b485c8f295e" testName="GeneralSettingsListViewModelTests Should be able to create GeneralSettingsListViewModel object with an empty variable" computerName="TFSBUILD11" duration="00:00:00.0260000" startTime="2015-09-28T09:46:01.2373120-07:00" endTime="2015-09-28T09:46:01.2373120-07:00" testType="13cdc9d9-ddb5-4fa4-a97d-d965ccfc6d4b" outcome="Passed" testListId="8c84fa94-04c1-424b-9868-57a2d4851a1d" relativeResultsDirectory="4bea7a64-35dc-4067-a108-181bf0ab1ab0" />
    <UnitTestResult executionId="c1ade5e0-ddb7-4126-ac58-3a99357c3569" testId="bcb1c50d-3e35-4c86-b9cf-e907b5882ee7" testName="GeneralSettingsListViewModelTests Should be able to create GeneralSettingsListViewModel object with correct setting" computerName="TFSBUILD11" duration="00:00:00.0200000" startTime="2015-09-28T09:46:01.2373120-07:00" endTime="2015-09-28T09:46:01.2373120-07:00" testType="13cdc9d9-ddb5-4fa4-a97d-d965ccfc6d4b" outcome="Passed" testListId="8c84fa94-04c1-424b-9868-57a2d4851a1d" relativeResultsDirectory="c1ade5e0-ddb7-4126-ac58-3a99357c3569" />
    <UnitTestResult executionId="5e5d8c7f-1075-4f68-bf71-00e1b4e3a3ea" testId="dbf333ac-3acc-45a5-a76c-18c3de2778f6" testName="GeneralSettingsListViewModelTests Update should correctly add settings" computerName="TFSBUILD11" duration="00:00:00.0190000" startTime="2015-09-28T09:46:01.2373120-07:00" endTime="2015-09-28T09:46:01.2373120-07:00" testType="13cdc9d9-ddb5-4fa4-a97d-d965ccfc6d4b" outcome="Passed" testListId="8c84fa94-04c1-424b-9868-57a2d4851a1d" relativeResultsDirectory="5e5d8c7f-1075-4f68-bf71-00e1b4e3a3ea" />
    <UnitTestResult executionId="49f17c89-bf66-4d44-9e8b-00677076ccb5" testId="659e584c-c331-4661-8370-f35a842551ba" testName="GeneralSettingsListViewModelTests Should be able to update settings" computerName="TFSBUILD11" duration="00:00:00.0190000" startTime="2015-09-28T09:46:01.2373120-07:00" endTime="2015-09-28T09:46:01.2373120-07:00" testType="13cdc9d9-ddb5-4fa4-a97d-d965ccfc6d4b" outcome="Passed" testListId="8c84fa94-04c1-424b-9868-57a2d4851a1d" relativeResultsDirectory="49f17c89-bf66-4d44-9e8b-00677076ccb5" />
    <UnitTestResult executionId="105dd5de-fe95-4e0e-ae9d-454bda583fae" testId="4b8be3de-6c01-4b25-a31c-bbee38de2dfe" testName="GeneralSettingsListViewModelTests Should be able to add settings with empty values" computerName="TFSBUILD11" duration="00:00:00.0180000" startTime="2015-09-28T09:46:01.2373120-07:00" endTime="2015-09-28T09:46:01.2373120-07:00" testType="13cdc9d9-ddb5-4fa4-a97d-d965ccfc6d4b" outcome="Passed" testListId="8c84fa94-04c1-424b-9868-57a2d4851a1d" relativeResultsDirectory="105dd5de-fe95-4e0e-ae9d-454bda583fae" />
    <UnitTestResult executionId="c6d8ce2d-eca6-43ca-8e6c-89e14a0f6f9c" testId="8d87315f-f68c-4fd2-81df-3f48914a86ef" testName="GeneralSettingsListViewModelTests Update should not make any change if input is null" computerName="TFSBUILD11" duration="00:00:00.0180000" startTime="2015-09-28T09:46:01.2373120-07:00" endTime="2015-09-28T09:46:01.2373120-07:00" testType="13cdc9d9-ddb5-4fa4-a97d-d965ccfc6d4b" outcome="Passed" testListId="8c84fa94-04c1-424b-9868-57a2d4851a1d" relativeResultsDirectory="c6d8ce2d-eca6-43ca-8e6c-89e14a0f6f9c" />
    <UnitTestResult executionId="7b0b66e5-6b12-4ffd-86c9-c0ee62c755ce" testId="9027f1bb-7653-4653-82b8-29ecea94572c" testName="GeneralSettingsListViewModelTests ComputeDirty should return true if setting length is different from original" computerName="TFSBUILD11" duration="00:00:00.0200000" startTime="2015-09-28T09:46:01.2373120-07:00" endTime="2015-09-28T09:46:01.2373120-07:00" testType="13cdc9d9-ddb5-4fa4-a97d-d965ccfc6d4b" outcome="Passed" testListId="8c84fa94-04c1-424b-9868-57a2d4851a1d" relativeResultsDirectory="7b0b66e5-6b12-4ffd-86c9-c0ee62c755ce" />
    <UnitTestResult executionId="75b99ac1-0a47-4f89-8e44-03f077796251" testId="2200e105-edde-4465-ac20-ea7a054eaadb" testName="GeneralSettingsListViewModelTests ComputeDirty should return true if a particular setting value is changed" computerName="TFSBUILD11" duration="00:00:00.0190000" startTime="2015-09-28T09:46:01.2373120-07:00" endTime="2015-09-28T09:46:01.2373120-07:00" testType="13cdc9d9-ddb5-4fa4-a97d-d965ccfc6d4b" outcome="Passed" testListId="8c84fa94-04c1-424b-9868-57a2d4851a1d" relativeResultsDirectory="75b99ac1-0a47-4f89-8e44-03f077796251" />
    <UnitTestResult executionId="a21847ec-eaaa-4d56-b976-6b93af1de8a0" testId="33204af1-38f2-488a-a09b-87772f8c6360" testName="GeneralSettingsListViewModelTests GetValue should return empty if no setting exists" computerName="TFSBUILD11" duration="00:00:00.0180000" startTime="2015-09-28T09:46:01.2373120-07:00" endTime="2015-09-28T09:46:01.2373120-07:00" testType="13cdc9d9-ddb5-4fa4-a97d-d965ccfc6d4b" outcome="Passed" testListId="8c84fa94-04c1-424b-9868-57a2d4851a1d" relativeResultsDirectory="a21847ec-eaaa-4d56-b976-6b93af1de8a0" />
    <UnitTestResult executionId="312ae2e5-14ac-47fc-a8b5-a39ec567fcb1" testId="0477731c-4af4-4877-ae53-bfd95f4b38ec" testName="GeneralSettingsListViewModelTests GetValue should return correct settings and their values" computerName="TFSBUILD11" duration="00:00:00.0190000" startTime="2015-09-28T09:46:01.3989582-07:00" endTime="2015-09-28T09:46:01.3989582-07:00" testType="13cdc9d9-ddb5-4fa4-a97d-d965ccfc6d4b" outcome="Passed" testListId="8c84fa94-04c1-424b-9868-57a2d4851a1d" relativeResultsDirectory="312ae2e5-14ac-47fc-a8b5-a39ec567fcb1" />
    <UnitTestResult executionId="35e05d87-cd7a-4af2-b8f3-0398c333bed4" testId="443f4f88-3441-4dd2-bfca-8547d03cc80c" testName="SettingVariableViewModelTests Should be able to create SettingVariableViewModel" computerName="TFSBUILD11" duration="00:00:00.0150000" startTime="2015-09-28T09:46:01.3989582-07:00" endTime="2015-09-28T09:46:01.3989582-07:00" testType="13cdc9d9-ddb5-4fa4-a97d-d965ccfc6d4b" outcome="Passed" testListId="8c84fa94-04c1-424b-9868-57a2d4851a1d" relativeResultsDirectory="35e05d87-cd7a-4af2-b8f3-0398c333bed4" />
    <UnitTestResult executionId="e5748c27-9865-4b31-9940-a2a3033fe025" testId="60b050a6-3ab3-42aa-8611-94c4d4775b00" testName="SettingVariableViewModelTests getValue should return correct values for SettingVariableViewModel" computerName="TFSBUILD11" duration="00:00:00.0150000" startTime="2015-09-28T09:46:01.3989582-07:00" endTime="2015-09-28T09:46:01.3989582-07:00" testType="13cdc9d9-ddb5-4fa4-a97d-d965ccfc6d4b" outcome="Passed" testListId="8c84fa94-04c1-424b-9868-57a2d4851a1d" relativeResultsDirectory="e5748c27-9865-4b31-9940-a2a3033fe025" />
    <UnitTestResult executionId="e37039f5-10d3-4d82-87c4-4a3a99b597b2" testId="b9500968-e803-414a-9367-71cc399ebf39" testName="SettingVariableViewModelTests getValue should return correct values for SettingVariableViewModel" computerName="TFSBUILD11" duration="00:00:00.0150000" startTime="2015-09-28T09:46:01.3989582-07:00" endTime="2015-09-28T09:46:01.3989582-07:00" testType="13cdc9d9-ddb5-4fa4-a97d-d965ccfc6d4b" outcome="Passed" testListId="8c84fa94-04c1-424b-9868-57a2d4851a1d" relativeResultsDirectory="e37039f5-10d3-4d82-87c4-4a3a99b597b2" />
    <UnitTestResult executionId="e2aadd8f-9640-4b27-aec3-20c3307ab4ad" testId="01f348b9-4163-4bc9-8e10-afa74f7627e2" testName="SettingVariableViewModelTests dirty flag should be set when setting value is changed" computerName="TFSBUILD11" duration="00:00:00.0150000" startTime="2015-09-28T09:46:01.3999595-07:00" endTime="2015-09-28T09:46:01.3999595-07:00" testType="13cdc9d9-ddb5-4fa4-a97d-d965ccfc6d4b" outcome="Passed" testListId="8c84fa94-04c1-424b-9868-57a2d4851a1d" relativeResultsDirectory="e2aadd8f-9640-4b27-aec3-20c3307ab4ad" />
    <UnitTestResult executionId="3a5e40d2-043f-4e3f-b5eb-5123fcbefc61" testId="c7e4fb7c-324d-4309-9b64-704843b959ac" testName="ReleaseDefinitionObjectViewModelTests Should be able to create ReleaseDefinitionSnapshotViewModel" computerName="TFSBUILD11" duration="00:00:00.0190000" startTime="2015-09-28T09:46:01.3999595-07:00" endTime="2015-09-28T09:46:01.3999595-07:00" testType="13cdc9d9-ddb5-4fa4-a97d-d965ccfc6d4b" outcome="Passed" testListId="8c84fa94-04c1-424b-9868-57a2d4851a1d" relativeResultsDirectory="3a5e40d2-043f-4e3f-b5eb-5123fcbefc61" />
    <UnitTestResult executionId="e3621b55-1509-491d-940d-6726c77765d7" testId="bfb4f908-3399-4f37-b948-b895d09aa295" testName="ReleaseDefinitionObjectViewModelTests Should be able to update ReleaseDefinitionSnapshotViewModel" computerName="TFSBUILD11" duration="00:00:00.0210000" startTime="2015-09-28T09:46:01.3999595-07:00" endTime="2015-09-28T09:46:01.3999595-07:00" testType="13cdc9d9-ddb5-4fa4-a97d-d965ccfc6d4b" outcome="Passed" testListId="8c84fa94-04c1-424b-9868-57a2d4851a1d" relativeResultsDirectory="e3621b55-1509-491d-940d-6726c77765d7" />
    <UnitTestResult executionId="0715d619-ed0c-4458-82bc-dd307f1a5bab" testId="2586397d-1b2b-4e2c-ad2c-c1ab400b1222" testName="ReleaseDefinitionObjectViewModelTests Validate that release definition snapshot is invalid when there is no title" computerName="TFSBUILD11" duration="00:00:00.0190000" startTime="2015-09-28T09:46:01.3999595-07:00" endTime="2015-09-28T09:46:01.3999595-07:00" testType="13cdc9d9-ddb5-4fa4-a97d-d965ccfc6d4b" outcome="Passed" testListId="8c84fa94-04c1-424b-9868-57a2d4851a1d" relativeResultsDirectory="0715d619-ed0c-4458-82bc-dd307f1a5bab" />
    <UnitTestResult executionId="ab763bd4-eb1c-4356-9add-c22e0cf8ecc2" testId="c6ef625c-b350-4255-b68b-aa75cc03b508" testName="ReleaseDefinitionObjectViewModelTests Validate that making environments invalid will also make release definition invalid" computerName="TFSBUILD11" duration="00:00:00.0190000" startTime="2015-09-28T09:46:01.3999595-07:00" endTime="2015-09-28T09:46:01.3999595-07:00" testType="13cdc9d9-ddb5-4fa4-a97d-d965ccfc6d4b" outcome="Passed" testListId="8c84fa94-04c1-424b-9868-57a2d4851a1d" relativeResultsDirectory="ab763bd4-eb1c-4356-9add-c22e0cf8ecc2" />
    <UnitTestResult executionId="dbfe0298-d92b-4da4-a7b6-a4ee9149a6e9" testId="95d1ef9f-0d27-4f8a-90df-eda045c4bb52" testName="ReleaseDefinitionObjectViewModelTests Validate that changing title will make the release definition dirty" computerName="TFSBUILD11" duration="00:00:00.0180000" startTime="2015-09-28T09:46:01.5786278-07:00" endTime="2015-09-28T09:46:01.5786278-07:00" testType="13cdc9d9-ddb5-4fa4-a97d-d965ccfc6d4b" outcome="Passed" testListId="8c84fa94-04c1-424b-9868-57a2d4851a1d" relativeResultsDirectory="dbfe0298-d92b-4da4-a7b6-a4ee9149a6e9" />
    <UnitTestResult executionId="febf9698-6348-443e-801c-b4a89a4dc72e" testId="1e6ee42d-866d-4328-9708-98d349f82836" testName="ReleaseDefinitionObjectViewModelTests Validate that making environment dirty will make release definition also dirty" computerName="TFSBUILD11" duration="00:00:00.0180000" startTime="2015-09-28T09:46:01.5786278-07:00" endTime="2015-09-28T09:46:01.5786278-07:00" testType="13cdc9d9-ddb5-4fa4-a97d-d965ccfc6d4b" outcome="Passed" testListId="8c84fa94-04c1-424b-9868-57a2d4851a1d" relativeResultsDirectory="febf9698-6348-443e-801c-b4a89a4dc72e" />
    <UnitTestResult executionId="a3c3903d-8d3b-4f9d-bc18-fd98b6097e3a" testId="79fb112d-8113-467c-8333-aede3d2868ab" testName="ReleaseDefinitionObjectViewModelTests EnvironmentDefinitionViewModel construction should set the queryInPorgress to false" computerName="TFSBUILD11" duration="00:00:00.0180000" startTime="2015-09-28T09:46:01.5786278-07:00" endTime="2015-09-28T09:46:01.5786278-07:00" testType="13cdc9d9-ddb5-4fa4-a97d-d965ccfc6d4b" outcome="Passed" testListId="8c84fa94-04c1-424b-9868-57a2d4851a1d" relativeResultsDirectory="a3c3903d-8d3b-4f9d-bc18-fd98b6097e3a" />
    <UnitTestResult executionId="a5bedcfc-0658-439b-8e5b-3f86ed66483e" testId="df01f55b-5b8b-4e82-af85-22f0b163b2e3" testName="ReleaseDefinitionObjectViewModelTests Validate that making triggers dirty should also make release definition dirty" computerName="TFSBUILD11" duration="00:00:00.0190000" startTime="2015-09-28T09:46:01.5786278-07:00" endTime="2015-09-28T09:46:01.5786278-07:00" testType="13cdc9d9-ddb5-4fa4-a97d-d965ccfc6d4b" outcome="Passed" testListId="8c84fa94-04c1-424b-9868-57a2d4851a1d" relativeResultsDirectory="a5bedcfc-0658-439b-8e5b-3f86ed66483e" />
    <UnitTestResult executionId="0ae5c535-b473-4e8f-8752-4a24d92c6c75" testId="9fde013e-9034-4f7e-840e-193a56de4045" testName="ReleaseDefinitionObjectViewModelTests Validate that making general settings dirty should also make release definition dirty" computerName="TFSBUILD11" duration="00:00:00.0220000" startTime="2015-09-28T09:46:01.5786278-07:00" endTime="2015-09-28T09:46:01.5786278-07:00" testType="13cdc9d9-ddb5-4fa4-a97d-d965ccfc6d4b" outcome="Passed" testListId="8c84fa94-04c1-424b-9868-57a2d4851a1d" relativeResultsDirectory="0ae5c535-b473-4e8f-8752-4a24d92c6c75" />
    <UnitTestResult executionId="93f53928-049c-4d9b-b9ea-a94cb1953ea0" testId="5642dbed-b174-423e-8c24-ea2871f17e72" testName="ReleaseDefinitionObjectViewModelTests Validate that constructor assigns a default release fromat name if it does not exist" computerName="TFSBUILD11" duration="00:00:00.0200000" startTime="2015-09-28T09:46:01.5790309-07:00" endTime="2015-09-28T09:46:01.5790309-07:00" testType="13cdc9d9-ddb5-4fa4-a97d-d965ccfc6d4b" outcome="Passed" testListId="8c84fa94-04c1-424b-9868-57a2d4851a1d" relativeResultsDirectory="93f53928-049c-4d9b-b9ea-a94cb1953ea0" />
    <UnitTestResult executionId="3f536213-64a8-4f1e-833b-2cde0c20e55e" testId="4189677f-bc24-4047-bf03-168273b2ab29" testName="TriggersObjectViewModelTests Validate initializing the triggers viewModel with correct artifact sources" computerName="TFSBUILD11" duration="00:00:00.0210000" startTime="2015-09-28T09:46:01.5790309-07:00" endTime="2015-09-28T09:46:01.5790309-07:00" testType="13cdc9d9-ddb5-4fa4-a97d-d965ccfc6d4b" outcome="Passed" testListId="8c84fa94-04c1-424b-9868-57a2d4851a1d" relativeResultsDirectory="3f536213-64a8-4f1e-833b-2cde0c20e55e" />
    <UnitTestResult executionId="0a429be5-f1a4-4f87-a77f-14b0cf100a95" testId="d5bdfd5c-f4e1-45d6-bbd7-72f259121363" testName="TriggersObjectViewModelTests Adding artifact source should update the artifact source list in triggers" computerName="TFSBUILD11" duration="00:00:00.0190000" startTime="2015-09-28T09:46:01.5790309-07:00" endTime="2015-09-28T09:46:01.5790309-07:00" testType="13cdc9d9-ddb5-4fa4-a97d-d965ccfc6d4b" outcome="Passed" testListId="8c84fa94-04c1-424b-9868-57a2d4851a1d" relativeResultsDirectory="0a429be5-f1a4-4f87-a77f-14b0cf100a95" />
    <UnitTestResult executionId="62faceff-2f33-42c4-a286-f43835abb04e" testId="bfcd70a3-2839-49c1-9245-eab51e432fa8" testName="TriggersObjectViewModelTests Adding environment should update the environments list in triggers" computerName="TFSBUILD11" duration="00:00:00.0200000" startTime="2015-09-28T09:46:01.5790309-07:00" endTime="2015-09-28T09:46:01.5790309-07:00" testType="13cdc9d9-ddb5-4fa4-a97d-d965ccfc6d4b" outcome="Passed" testListId="8c84fa94-04c1-424b-9868-57a2d4851a1d" relativeResultsDirectory="62faceff-2f33-42c4-a286-f43835abb04e" />
    <UnitTestResult executionId="c2ab41c0-fcd4-457c-a13f-9d27fecfdadf" testId="212a5f8d-0c34-400e-9afc-9ff31d0e9ca7" testName="TriggersObjectViewModelTests Removing artifact source should update the artifact source list in triggers" computerName="TFSBUILD11" duration="00:00:00.0200000" startTime="2015-09-28T09:46:01.7730402-07:00" endTime="2015-09-28T09:46:01.7730402-07:00" testType="13cdc9d9-ddb5-4fa4-a97d-d965ccfc6d4b" outcome="Passed" testListId="8c84fa94-04c1-424b-9868-57a2d4851a1d" relativeResultsDirectory="c2ab41c0-fcd4-457c-a13f-9d27fecfdadf" />
    <UnitTestResult executionId="4b9a91bf-0897-4c57-a551-3564525a0fdd" testId="5bdb7d67-01f6-4071-9c9f-16c843a1ca66" testName="TriggersObjectViewModelTests Removing environment should update the target environments list in triggers" computerName="TFSBUILD11" duration="00:00:00.0180000" startTime="2015-09-28T09:46:01.7730402-07:00" endTime="2015-09-28T09:46:01.7730402-07:00" testType="13cdc9d9-ddb5-4fa4-a97d-d965ccfc6d4b" outcome="Passed" testListId="8c84fa94-04c1-424b-9868-57a2d4851a1d" relativeResultsDirectory="4b9a91bf-0897-4c57-a551-3564525a0fdd" />
    <UnitTestResult executionId="42758e62-d4ce-4133-90bf-17d3b4655303" testId="f4fec8b3-cbf0-467d-8dc1-95ac9e02d534" testName="TriggersObjectViewModelTests Removing all artifact source should update hasArtifactSources in triggers" computerName="TFSBUILD11" duration="00:00:00.0440000" startTime="2015-09-28T09:46:01.7730402-07:00" endTime="2015-09-28T09:46:01.7730402-07:00" testType="13cdc9d9-ddb5-4fa4-a97d-d965ccfc6d4b" outcome="Passed" testListId="8c84fa94-04c1-424b-9868-57a2d4851a1d" relativeResultsDirectory="42758e62-d4ce-4133-90bf-17d3b4655303" />
    <UnitTestResult executionId="a21d34ee-ff88-461c-b66a-fea22965eb17" testId="70797de9-4195-4640-9d86-de11024d5bcc" testName="TriggersObjectViewModelTests Removing all environments should update hasTargetEnvironments in triggers" computerName="TFSBUILD11" duration="00:00:00.0200000" startTime="2015-09-28T09:46:01.7730402-07:00" endTime="2015-09-28T09:46:01.7730402-07:00" testType="13cdc9d9-ddb5-4fa4-a97d-d965ccfc6d4b" outcome="Passed" testListId="8c84fa94-04c1-424b-9868-57a2d4851a1d" relativeResultsDirectory="a21d34ee-ff88-461c-b66a-fea22965eb17" />
    <UnitTestResult executionId="99bdd64e-22e5-4bb2-82d5-7c0f280de98f" testId="6b8f386a-b264-41be-9204-43a4b30da5d0" testName="TriggersObjectViewModelTests Update Triggers with empty list should set enabled to false" computerName="TFSBUILD11" duration="00:00:00.0170000" startTime="2015-09-28T09:46:01.7740409-07:00" endTime="2015-09-28T09:46:01.7740409-07:00" testType="13cdc9d9-ddb5-4fa4-a97d-d965ccfc6d4b" outcome="Passed" testListId="8c84fa94-04c1-424b-9868-57a2d4851a1d" relativeResultsDirectory="99bdd64e-22e5-4bb2-82d5-7c0f280de98f" />
    <UnitTestResult executionId="a44782f2-3ec0-4a9c-97d5-469a7c4efc2e" testId="ecb74daf-8e34-4190-8a15-ce0a4f29faef" testName="TriggersObjectViewModelTests Validate update Triggers with valid source" computerName="TFSBUILD11" duration="00:00:00.0190000" startTime="2015-09-28T09:46:01.7740409-07:00" endTime="2015-09-28T09:46:01.7740409-07:00" testType="13cdc9d9-ddb5-4fa4-a97d-d965ccfc6d4b" outcome="Passed" testListId="8c84fa94-04c1-424b-9868-57a2d4851a1d" relativeResultsDirectory="a44782f2-3ec0-4a9c-97d5-469a7c4efc2e" />
    <UnitTestResult executionId="1ae18ad2-0148-404a-aed3-b484387c2b96" testId="d032ce35-ded1-4042-9041-da7613525c35" testName="TriggersObjectViewModelTests Validate update Triggers with invalid artifact source" computerName="TFSBUILD11" duration="00:00:00.0180000" startTime="2015-09-28T09:46:01.7740409-07:00" endTime="2015-09-28T09:46:01.7740409-07:00" testType="13cdc9d9-ddb5-4fa4-a97d-d965ccfc6d4b" outcome="Passed" testListId="8c84fa94-04c1-424b-9868-57a2d4851a1d" relativeResultsDirectory="1ae18ad2-0148-404a-aed3-b484387c2b96" />
    <UnitTestResult executionId="4d9328a0-60b3-409c-9bd3-f6d79b94734b" testId="247db81e-3b54-4172-8162-9a580bcc9b30" testName="TriggersObjectViewModelTests Validate update Triggers with invalid env name" computerName="TFSBUILD11" duration="00:00:00.0190000" startTime="2015-09-28T09:46:01.7740409-07:00" endTime="2015-09-28T09:46:01.7740409-07:00" testType="13cdc9d9-ddb5-4fa4-a97d-d965ccfc6d4b" outcome="Passed" testListId="8c84fa94-04c1-424b-9868-57a2d4851a1d" relativeResultsDirectory="4d9328a0-60b3-409c-9bd3-f6d79b94734b" />
    <UnitTestResult executionId="cca704bd-c298-4d40-86ee-bbf405209321" testId="024ea53c-3638-4f2a-9058-637c837e4e0e" testName="TriggersObjectViewModelTests Validate edit Triggers by enabling trigger" computerName="TFSBUILD11" duration="00:00:00.0180000" startTime="2015-09-28T09:46:01.7740409-07:00" endTime="2015-09-28T09:46:01.7740409-07:00" testType="13cdc9d9-ddb5-4fa4-a97d-d965ccfc6d4b" outcome="Passed" testListId="8c84fa94-04c1-424b-9868-57a2d4851a1d" relativeResultsDirectory="cca704bd-c298-4d40-86ee-bbf405209321" />
    <UnitTestResult executionId="cf98a9d1-314f-4ae6-9174-0e2980d26675" testId="ddca2203-7bf4-4e13-977c-0b6adc3250c5" testName="TriggersObjectViewModelTests Validate edit Triggers with valid source should set dirty to true" computerName="TFSBUILD11" duration="00:00:00.0190000" startTime="2015-09-28T09:46:01.9273069-07:00" endTime="2015-09-28T09:46:01.9273069-07:00" testType="13cdc9d9-ddb5-4fa4-a97d-d965ccfc6d4b" outcome="Passed" testListId="8c84fa94-04c1-424b-9868-57a2d4851a1d" relativeResultsDirectory="cf98a9d1-314f-4ae6-9174-0e2980d26675" />
    <UnitTestResult executionId="a88afaec-f8d7-4d9d-b0af-f8942f2279dd" testId="92427f58-c605-4a32-9ae0-57b23c8c01e3" testName="TriggersObjectViewModelTests Validate edit Triggers with valid env name should set dirty to true" computerName="TFSBUILD11" duration="00:00:00.0180000" startTime="2015-09-28T09:46:01.9273069-07:00" endTime="2015-09-28T09:46:01.9273069-07:00" testType="13cdc9d9-ddb5-4fa4-a97d-d965ccfc6d4b" outcome="Passed" testListId="8c84fa94-04c1-424b-9868-57a2d4851a1d" relativeResultsDirectory="a88afaec-f8d7-4d9d-b0af-f8942f2279dd" />
    <UnitTestResult executionId="f4240aad-e31c-495a-b030-4695e8e8bdd3" testId="5bf0e54e-c208-4cdb-9bfe-02b328e8d50a" testName="TriggersObjectViewModelTests Validate edit Triggers with invalid source should set dirty to true" computerName="TFSBUILD11" duration="00:00:00.0180000" startTime="2015-09-28T09:46:01.9273069-07:00" endTime="2015-09-28T09:46:01.9273069-07:00" testType="13cdc9d9-ddb5-4fa4-a97d-d965ccfc6d4b" outcome="Passed" testListId="8c84fa94-04c1-424b-9868-57a2d4851a1d" relativeResultsDirectory="f4240aad-e31c-495a-b030-4695e8e8bdd3" />
    <UnitTestResult executionId="cf5118e3-cc4e-4408-8849-d62eb3edeaf2" testId="07710b87-ee16-4174-a09d-ec36935016f4" testName="TriggersObjectViewModelTests Validate edit Triggers with invalid env should set dirty to true" computerName="TFSBUILD11" duration="00:00:00.0170000" startTime="2015-09-28T09:46:01.9273069-07:00" endTime="2015-09-28T09:46:01.9273069-07:00" testType="13cdc9d9-ddb5-4fa4-a97d-d965ccfc6d4b" outcome="Passed" testListId="8c84fa94-04c1-424b-9868-57a2d4851a1d" relativeResultsDirectory="cf5118e3-cc4e-4408-8849-d62eb3edeaf2" />
    <UnitTestResult executionId="9c533ca5-9ab5-4a7d-8af6-3d3eb84b521d" testId="10c21e01-4e41-411b-bfbb-77fa8d4037ed" testName="TriggersObjectViewModelTests Validate dirty is set to false when triggers get updated" computerName="TFSBUILD11" duration="00:00:00.0170000" startTime="2015-09-28T09:46:01.9273069-07:00" endTime="2015-09-28T09:46:01.9273069-07:00" testType="13cdc9d9-ddb5-4fa4-a97d-d965ccfc6d4b" outcome="Passed" testListId="8c84fa94-04c1-424b-9868-57a2d4851a1d" relativeResultsDirectory="9c533ca5-9ab5-4a7d-8af6-3d3eb84b521d" />
    <UnitTestResult executionId="f325c994-8de7-4f96-ba71-dad5cd4d7523" testId="0e2e7f63-bce4-4c12-bb2e-56a6eb2aba08" testName="ApproversViewModelTests ApproversViewModel object should be constructed" computerName="TFSBUILD11" duration="00:00:00.0160000" startTime="2015-09-28T09:46:01.9273069-07:00" endTime="2015-09-28T09:46:01.9273069-07:00" testType="13cdc9d9-ddb5-4fa4-a97d-d965ccfc6d4b" outcome="Passed" testListId="8c84fa94-04c1-424b-9868-57a2d4851a1d" relativeResultsDirectory="f325c994-8de7-4f96-ba71-dad5cd4d7523" />
    <UnitTestResult executionId="f7bcd884-8705-4dcd-a789-d6e8fa572229" testId="f3648af7-c1db-4471-b058-9a70718dcfd9" testName="ApproversViewModelTests Initial labels should be set in the viewModel for the view" computerName="TFSBUILD11" duration="00:00:00.0150000" startTime="2015-09-28T09:46:01.9273069-07:00" endTime="2015-09-28T09:46:01.9273069-07:00" testType="13cdc9d9-ddb5-4fa4-a97d-d965ccfc6d4b" outcome="Passed" testListId="8c84fa94-04c1-424b-9868-57a2d4851a1d" relativeResultsDirectory="f7bcd884-8705-4dcd-a789-d6e8fa572229" />
    <UnitTestResult executionId="61e10b07-96da-410d-a218-5b763f244804" testId="d55a3401-04a8-4d1e-8a9f-4bbdc3ce45e6" testName="ApproversViewModelTests Steps should be automated initially" computerName="TFSBUILD11" duration="00:00:00.0150000" startTime="2015-09-28T09:46:01.9273069-07:00" endTime="2015-09-28T09:46:01.9273069-07:00" testType="13cdc9d9-ddb5-4fa4-a97d-d965ccfc6d4b" outcome="Passed" testListId="8c84fa94-04c1-424b-9868-57a2d4851a1d" relativeResultsDirectory="61e10b07-96da-410d-a218-5b763f244804" />
    <UnitTestResult executionId="c5dc00be-d690-4430-800b-597ac28328cd" testId="748c460e-35d5-4d46-b4ca-165febd51a7a" testName="ApproversViewModelTests Approvers should be empty if step is automated" computerName="TFSBUILD11" duration="00:00:00.0160000" startTime="2015-09-28T09:46:01.9273069-07:00" endTime="2015-09-28T09:46:01.9273069-07:00" testType="13cdc9d9-ddb5-4fa4-a97d-d965ccfc6d4b" outcome="Passed" testListId="8c84fa94-04c1-424b-9868-57a2d4851a1d" relativeResultsDirectory="c5dc00be-d690-4430-800b-597ac28328cd" />
    <UnitTestResult executionId="d123cd29-74f3-4c1f-84df-d79da7b6aac8" testId="7ee95610-60eb-47ea-a670-235afdf7b78b" testName="ApproversViewModelTests Approvers should be the selected approvers if step is not automated" computerName="TFSBUILD11" duration="00:00:00.0160000" startTime="2015-09-28T09:46:02.0700893-07:00" endTime="2015-09-28T09:46:02.0700893-07:00" testType="13cdc9d9-ddb5-4fa4-a97d-d965ccfc6d4b" outcome="Passed" testListId="8c84fa94-04c1-424b-9868-57a2d4851a1d" relativeResultsDirectory="d123cd29-74f3-4c1f-84df-d79da7b6aac8" />
    <UnitTestResult executionId="58c99737-4854-4fc0-aff5-da2f71b58405" testId="4717a4ca-a0d6-4bae-ac45-7c13f64b391a" testName="ApproversViewModelTests ViewModel and model should be reset on calling reset" computerName="TFSBUILD11" duration="00:00:00.0150000" startTime="2015-09-28T09:46:02.0710900-07:00" endTime="2015-09-28T09:46:02.0710900-07:00" testType="13cdc9d9-ddb5-4fa4-a97d-d965ccfc6d4b" outcome="Passed" testListId="8c84fa94-04c1-424b-9868-57a2d4851a1d" relativeResultsDirectory="58c99737-4854-4fc0-aff5-da2f71b58405" />
    <UnitTestResult executionId="247d4223-4ce5-4611-97b0-c74f0ede2a42" testId="0ac06524-e41e-46bb-a6c7-c2310ac014fb" testName="ApproversViewModelTests Calling setApprovers should set the viewModel and model data" computerName="TFSBUILD11" duration="00:00:00.0170000" startTime="2015-09-28T09:46:02.0710900-07:00" endTime="2015-09-28T09:46:02.0710900-07:00" testType="13cdc9d9-ddb5-4fa4-a97d-d965ccfc6d4b" outcome="Passed" testListId="8c84fa94-04c1-424b-9868-57a2d4851a1d" relativeResultsDirectory="247d4223-4ce5-4611-97b0-c74f0ede2a42" />
    <UnitTestResult executionId="55b4422f-63b5-4caf-a559-d269d6b3fb9b" testId="cc4e6c62-e4bb-4db6-a2e9-82c89e4aa923" testName="ApproversViewModelTests Calling setApprovers should set the viewModel and model data" computerName="TFSBUILD11" duration="00:00:00.0160000" startTime="2015-09-28T09:46:02.0710900-07:00" endTime="2015-09-28T09:46:02.0710900-07:00" testType="13cdc9d9-ddb5-4fa4-a97d-d965ccfc6d4b" outcome="Passed" testListId="8c84fa94-04c1-424b-9868-57a2d4851a1d" relativeResultsDirectory="55b4422f-63b5-4caf-a559-d269d6b3fb9b" />
    <UnitTestResult executionId="8336bad1-80c6-447d-94c1-b07fce3df9cc" testId="a2f55898-ea16-4628-91ce-4afd397b71dc" testName="ApproversViewModelTests UpdateModel should update the model and viewModel" computerName="TFSBUILD11" duration="00:00:00.0160000" startTime="2015-09-28T09:46:02.0710900-07:00" endTime="2015-09-28T09:46:02.0710900-07:00" testType="13cdc9d9-ddb5-4fa4-a97d-d965ccfc6d4b" outcome="Passed" testListId="8c84fa94-04c1-424b-9868-57a2d4851a1d" relativeResultsDirectory="8336bad1-80c6-447d-94c1-b07fce3df9cc" />
    <UnitTestResult executionId="e9679d5d-0b9e-4d92-b2f2-e8b19fa8c266" testId="fd2d2825-1c71-419c-a4e9-09991f148b80" testName="ApproversViewModelTests isPreDeploymentDataValid and isPostDeploymentDataValid should be false if approvers dialog has an incorrect state" computerName="TFSBUILD11" duration="00:00:00.0160000" startTime="2015-09-28T09:46:02.0710900-07:00" endTime="2015-09-28T09:46:02.0710900-07:00" testType="13cdc9d9-ddb5-4fa4-a97d-d965ccfc6d4b" outcome="Passed" testListId="8c84fa94-04c1-424b-9868-57a2d4851a1d" relativeResultsDirectory="e9679d5d-0b9e-4d92-b2f2-e8b19fa8c266" />
    <UnitTestResult executionId="3d290e85-c687-4634-8c97-4a4bfc823f35" testId="b5bc02df-ea7f-4cb1-a259-74a4b3cd607e" testName="ApproversViewModelTests isPreDeploymentDataValid and isPostDeploymentDataValid should be true if approvers dialog has correct data and okButtonState should be true" computerName="TFSBUILD11" duration="00:00:00.0150000" startTime="2015-09-28T09:46:02.0710900-07:00" endTime="2015-09-28T09:46:02.0710900-07:00" testType="13cdc9d9-ddb5-4fa4-a97d-d965ccfc6d4b" outcome="Passed" testListId="8c84fa94-04c1-424b-9868-57a2d4851a1d" relativeResultsDirectory="3d290e85-c687-4634-8c97-4a4bfc823f35" />
    <UnitTestResult executionId="b7c358ac-173d-496c-a915-305b19736e14" testId="d9515c29-b2b8-4482-b00e-14b162a28e03" testName="ApproversViewModelTests Owner state should be disabled if any of the preDeployment or PostDeployment data is invalid" computerName="TFSBUILD11" duration="00:00:00.0150000" startTime="2015-09-28T09:46:02.0710900-07:00" endTime="2015-09-28T09:46:02.0710900-07:00" testType="13cdc9d9-ddb5-4fa4-a97d-d965ccfc6d4b" outcome="Passed" testListId="8c84fa94-04c1-424b-9868-57a2d4851a1d" relativeResultsDirectory="b7c358ac-173d-496c-a915-305b19736e14" />
    <UnitTestResult executionId="43a304e3-877d-44b0-8e12-436279a2a9f4" testId="19290725-6f16-49a7-bc24-3396340a7496" testName="ApproversViewModelTests Approvers count should be updated automatically" computerName="TFSBUILD11" duration="00:00:00.0150000" startTime="2015-09-28T09:46:02.0710900-07:00" endTime="2015-09-28T09:46:02.0710900-07:00" testType="13cdc9d9-ddb5-4fa4-a97d-d965ccfc6d4b" outcome="Passed" testListId="8c84fa94-04c1-424b-9868-57a2d4851a1d" relativeResultsDirectory="43a304e3-877d-44b0-8e12-436279a2a9f4" />
    <UnitTestResult executionId="f612cded-a722-4683-b864-08d910f4bedd" testId="3df95253-0396-47d5-9fdb-a63ce964f92e" testName="ApproversViewModelTests Approvers count should be updated automatically and if a step is automated, no approver should be assigned accordingly" computerName="TFSBUILD11" duration="00:00:00.0150000" startTime="2015-09-28T09:46:02.3980022-07:00" endTime="2015-09-28T09:46:02.3980022-07:00" testType="13cdc9d9-ddb5-4fa4-a97d-d965ccfc6d4b" outcome="Passed" testListId="8c84fa94-04c1-424b-9868-57a2d4851a1d" relativeResultsDirectory="f612cded-a722-4683-b864-08d910f4bedd" />
    <UnitTestResult executionId="101cfae5-d98c-4436-b7b8-11d6ec7125a3" testId="d1133bbb-9cdf-4122-a05b-a9db461b067b" testName="BrowseArtifactsDialogViewModelTests ViewModel should be initially have Linked Artifacts Folder" computerName="TFSBUILD11" duration="00:00:00.0210000" startTime="2015-09-28T09:46:02.3980022-07:00" endTime="2015-09-28T09:46:02.3980022-07:00" testType="13cdc9d9-ddb5-4fa4-a97d-d965ccfc6d4b" outcome="Passed" testListId="8c84fa94-04c1-424b-9868-57a2d4851a1d" relativeResultsDirectory="101cfae5-d98c-4436-b7b8-11d6ec7125a3" />
    <UnitTestResult executionId="c60ed4e5-5330-44ba-82b7-20953ba09bed" testId="b099c001-587c-4beb-9235-15fd38867008" testName="BrowseArtifactsDialogViewModelTests Initial artifact sources in the tree should be correct" computerName="TFSBUILD11" duration="00:00:00.0170000" startTime="2015-09-28T09:46:02.3980022-07:00" endTime="2015-09-28T09:46:02.3980022-07:00" testType="13cdc9d9-ddb5-4fa4-a97d-d965ccfc6d4b" outcome="Passed" testListId="8c84fa94-04c1-424b-9868-57a2d4851a1d" relativeResultsDirectory="c60ed4e5-5330-44ba-82b7-20953ba09bed" />
    <UnitTestResult executionId="64280861-039b-40a8-bd0e-f2d0a6910f23" testId="9100cc8a-4708-4cc3-ad4a-9c07b694f109" testName="BrowseArtifactsDialogViewModelTests The behaviour of jenkins artifacts should be correct" computerName="TFSBUILD11" duration="00:00:00.0330000" startTime="2015-09-28T09:46:02.3980022-07:00" endTime="2015-09-28T09:46:02.3980022-07:00" testType="13cdc9d9-ddb5-4fa4-a97d-d965ccfc6d4b" outcome="Passed" testListId="8c84fa94-04c1-424b-9868-57a2d4851a1d" relativeResultsDirectory="64280861-039b-40a8-bd0e-f2d0a6910f23" />
    <UnitTestResult executionId="a11091a9-007d-477e-a4ab-05ca8bf8ef7a" testId="75f8b704-bd6c-4290-9cbe-df3bb68f050f" testName="BrowseArtifactsDialogViewModelTests The behaviour of build artifacts should be correct" computerName="TFSBUILD11" duration="00:00:00.0280000" startTime="2015-09-28T09:46:02.3980022-07:00" endTime="2015-09-28T09:46:02.3980022-07:00" testType="13cdc9d9-ddb5-4fa4-a97d-d965ccfc6d4b" outcome="Passed" testListId="8c84fa94-04c1-424b-9868-57a2d4851a1d" relativeResultsDirectory="a11091a9-007d-477e-a4ab-05ca8bf8ef7a" />
    <UnitTestResult executionId="9754dd29-e59f-433c-9e48-f3e786d8fb1b" testId="9743da30-7e56-4d6a-9861-c9ad816efc45" testName="BrowseArtifactsDialogViewModelTests The contents of build artifacts should be correct" computerName="TFSBUILD11" duration="00:00:00.0300000" startTime="2015-09-28T09:46:02.3990029-07:00" endTime="2015-09-28T09:46:02.3990029-07:00" testType="13cdc9d9-ddb5-4fa4-a97d-d965ccfc6d4b" outcome="Passed" testListId="8c84fa94-04c1-424b-9868-57a2d4851a1d" relativeResultsDirectory="9754dd29-e59f-433c-9e48-f3e786d8fb1b" />
    <UnitTestResult executionId="f2272d40-edb7-4b2b-b5c1-0d0ab230e031" testId="dc2bce06-fae4-4af1-b578-04ba7e1b2024" testName="BrowseArtifactsDialogViewModelTests The contents of jenkins artifacts should be correct" computerName="TFSBUILD11" duration="00:00:00.0300000" startTime="2015-09-28T09:46:02.3990029-07:00" endTime="2015-09-28T09:46:02.3990029-07:00" testType="13cdc9d9-ddb5-4fa4-a97d-d965ccfc6d4b" outcome="Passed" testListId="8c84fa94-04c1-424b-9868-57a2d4851a1d" relativeResultsDirectory="f2272d40-edb7-4b2b-b5c1-0d0ab230e031" />
    <UnitTestResult executionId="b5a63e8a-b913-44f6-8489-aeb550010038" testId="f4a7d8da-e6b3-4860-b82a-b6444b37e9bd" testName="BrowseArtifactsDialogViewTests The initial values should be correct" computerName="TFSBUILD11" duration="00:00:00.0810000" startTime="2015-09-28T09:46:02.3990029-07:00" endTime="2015-09-28T09:46:02.3990029-07:00" testType="13cdc9d9-ddb5-4fa4-a97d-d965ccfc6d4b" outcome="Passed" testListId="8c84fa94-04c1-424b-9868-57a2d4851a1d" relativeResultsDirectory="b5a63e8a-b913-44f6-8489-aeb550010038" />
    <UnitTestResult executionId="54e7cb38-311b-45ca-8543-31c37c80b20a" testId="22107192-0f36-4302-afb8-f388adb0066d" testName="BrowseArtifactsDialogViewTests Clicking on build artifact should get desired results" computerName="TFSBUILD11" duration="00:00:00.0690000" startTime="2015-09-28T09:46:02.3990029-07:00" endTime="2015-09-28T09:46:02.3990029-07:00" testType="13cdc9d9-ddb5-4fa4-a97d-d965ccfc6d4b" outcome="Passed" testListId="8c84fa94-04c1-424b-9868-57a2d4851a1d" relativeResultsDirectory="54e7cb38-311b-45ca-8543-31c37c80b20a" />
    <UnitTestResult executionId="701f8f9b-eb05-4750-b163-6ef12a64fc6a" testId="9f2504d9-8f1e-4702-a0e9-3c4bce0aeca6" testName="BrowseArtifactsDialogViewTests Clicking on jenkins artifact should show right number of artifacts and artifact details" computerName="TFSBUILD11" duration="00:00:00.0670000" startTime="2015-09-28T09:46:03.0116720-07:00" endTime="2015-09-28T09:46:03.0116720-07:00" testType="13cdc9d9-ddb5-4fa4-a97d-d965ccfc6d4b" outcome="Passed" testListId="8c84fa94-04c1-424b-9868-57a2d4851a1d" relativeResultsDirectory="701f8f9b-eb05-4750-b163-6ef12a64fc6a" />
    <UnitTestResult executionId="fea1d208-a337-4ab0-b769-f989d23a19cc" testId="71b5b023-1830-4e2b-98a2-8944a01415fc" testName="BrowseArtifactsDialogViewTests Clicking on file share should have correct behaviour" computerName="TFSBUILD11" duration="00:00:00.0730000" startTime="2015-09-28T09:46:03.0116720-07:00" endTime="2015-09-28T09:46:03.0116720-07:00" testType="13cdc9d9-ddb5-4fa4-a97d-d965ccfc6d4b" outcome="Passed" testListId="8c84fa94-04c1-424b-9868-57a2d4851a1d" relativeResultsDirectory="fea1d208-a337-4ab0-b769-f989d23a19cc" />
    <UnitTestResult executionId="ad5fa7c2-f983-417c-bbd3-f630cf8da837" testId="d54cdce6-9d43-4637-8436-ba011bceabcd" testName="BrowseArtifactsDialogViewTests Clicking on container node and selecting an artifact should have correct behaviour" computerName="TFSBUILD11" duration="00:00:00.0990000" startTime="2015-09-28T09:46:03.0116720-07:00" endTime="2015-09-28T09:46:03.0116720-07:00" testType="13cdc9d9-ddb5-4fa4-a97d-d965ccfc6d4b" outcome="Passed" testListId="8c84fa94-04c1-424b-9868-57a2d4851a1d" relativeResultsDirectory="ad5fa7c2-f983-417c-bbd3-f630cf8da837" />
    <UnitTestResult executionId="e6dd00f6-8df1-4605-baf8-b66974c8efe6" testId="4a96ad5f-76fa-41e0-86a1-ec3816a8eff5" testName="BrowseArtifactsDialogViewTests Right path must be populated while navigating through jenkins artifacts" computerName="TFSBUILD11" duration="00:00:00.0990000" startTime="2015-09-28T09:46:03.0116720-07:00" endTime="2015-09-28T09:46:03.0116720-07:00" testType="13cdc9d9-ddb5-4fa4-a97d-d965ccfc6d4b" outcome="Passed" testListId="8c84fa94-04c1-424b-9868-57a2d4851a1d" relativeResultsDirectory="e6dd00f6-8df1-4605-baf8-b66974c8efe6" />
    <UnitTestResult executionId="c61bb869-7250-47e4-8754-070c72eaec3d" testId="278991f9-df37-454b-97e3-27450821f2d4" testName="BrowseArtifactsDialogViewTests Right number of nodes must be shown while navigating through jenkins artifacts" computerName="TFSBUILD11" duration="00:00:00.1050000" startTime="2015-09-28T09:46:03.0116720-07:00" endTime="2015-09-28T09:46:03.0116720-07:00" testType="13cdc9d9-ddb5-4fa4-a97d-d965ccfc6d4b" outcome="Passed" testListId="8c84fa94-04c1-424b-9868-57a2d4851a1d" relativeResultsDirectory="c61bb869-7250-47e4-8754-070c72eaec3d" />
    <UnitTestResult executionId="a96fe119-3e31-4338-93e2-aa2933ccb7c1" testId="f5ae9a59-cd9c-49ce-9431-8a9eba543579" testName="CreateReleaseTests Should be able to enhance createReleaseView" computerName="TFSBUILD11" duration="00:00:00.0380000" startTime="2015-09-28T09:46:03.0116720-07:00" endTime="2015-09-28T09:46:03.0116720-07:00" testType="13cdc9d9-ddb5-4fa4-a97d-d965ccfc6d4b" outcome="Passed" testListId="8c84fa94-04c1-424b-9868-57a2d4851a1d" relativeResultsDirectory="a96fe119-3e31-4338-93e2-aa2933ccb7c1" />
    <UnitTestResult executionId="33d9d7de-f550-4382-bbec-e9acd569ff2b" testId="e0d4d345-613e-4bd5-a9e9-66e68304540e" testName="CreateReleaseTests Elements in CreateReleaseView must be bound rightly" computerName="TFSBUILD11" duration="00:00:00.0270000" startTime="2015-09-28T09:46:03.0126724-07:00" endTime="2015-09-28T09:46:03.0126724-07:00" testType="13cdc9d9-ddb5-4fa4-a97d-d965ccfc6d4b" outcome="Passed" testListId="8c84fa94-04c1-424b-9868-57a2d4851a1d" relativeResultsDirectory="33d9d7de-f550-4382-bbec-e9acd569ff2b" />
    <UnitTestResult executionId="f935e380-35c1-4379-b61a-b1c605d60a7c" testId="501d82c5-586b-41be-afa1-ae32b67a14e4" testName="CreateReleaseTests Right number of environment tiles must be shown" computerName="TFSBUILD11" duration="00:00:00.0540000" startTime="2015-09-28T09:46:03.0126724-07:00" endTime="2015-09-28T09:46:03.0126724-07:00" testType="13cdc9d9-ddb5-4fa4-a97d-d965ccfc6d4b" outcome="Passed" testListId="8c84fa94-04c1-424b-9868-57a2d4851a1d" relativeResultsDirectory="f935e380-35c1-4379-b61a-b1c605d60a7c" />
    <UnitTestResult executionId="6e2eaf10-27e2-4103-a694-a209e20e7445" testId="cfbc0712-d9c7-47e6-821a-5e7bcae90543" testName="CreateReleaseTests Right number of tasks must be shown on an environment tile" computerName="TFSBUILD11" duration="00:00:00.0490000" startTime="2015-09-28T09:46:03.0126724-07:00" endTime="2015-09-28T09:46:03.0126724-07:00" testType="13cdc9d9-ddb5-4fa4-a97d-d965ccfc6d4b" outcome="Passed" testListId="8c84fa94-04c1-424b-9868-57a2d4851a1d" relativeResultsDirectory="6e2eaf10-27e2-4103-a694-a209e20e7445" />
    <UnitTestResult executionId="9e24c7a2-4055-4975-904f-73401444a50b" testId="1cd0f228-1e0c-476b-bdb2-9eb3070254ce" testName="CreateReleaseTests Artifacts view must be rendered correctly" computerName="TFSBUILD11" duration="00:00:00.0580000" startTime="2015-09-28T09:46:03.3005770-07:00" endTime="2015-09-28T09:46:03.3005770-07:00" testType="13cdc9d9-ddb5-4fa4-a97d-d965ccfc6d4b" outcome="Passed" testListId="8c84fa94-04c1-424b-9868-57a2d4851a1d" relativeResultsDirectory="9e24c7a2-4055-4975-904f-73401444a50b" />
    <UnitTestResult executionId="129a211d-1f54-45f6-ac8d-522d1424fce5" testId="23940ad8-83c7-4dd9-afbf-64844cedb379" testName="CreateReleaseTests Artifact version empty message should be shown when version not available" computerName="TFSBUILD11" duration="00:00:00.0610000" startTime="2015-09-28T09:46:03.3015771-07:00" endTime="2015-09-28T09:46:03.3015771-07:00" testType="13cdc9d9-ddb5-4fa4-a97d-d965ccfc6d4b" outcome="Passed" testListId="8c84fa94-04c1-424b-9868-57a2d4851a1d" relativeResultsDirectory="129a211d-1f54-45f6-ac8d-522d1424fce5" />
    <UnitTestResult executionId="3a11fa03-22df-4a82-9a6f-f9270323e59b" testId="f52e4d8c-3415-4fc9-b8df-2da3e0bafa18" testName="CreateReleaseTests Artifacts section should be hidden when no artifacts available" computerName="TFSBUILD11" duration="00:00:00.0450000" startTime="2015-09-28T09:46:03.3015771-07:00" endTime="2015-09-28T09:46:03.3015771-07:00" testType="13cdc9d9-ddb5-4fa4-a97d-d965ccfc6d4b" outcome="Passed" testListId="8c84fa94-04c1-424b-9868-57a2d4851a1d" relativeResultsDirectory="3a11fa03-22df-4a82-9a6f-f9270323e59b" />
    <UnitTestResult executionId="037201d5-5969-4a57-be67-57e24d5d2080" testId="76a903b8-a0c2-4f41-ae81-bf64e5b818d6" testName="CreateReleaseTests BaseReleaseActionViewModel constructor must initialize canCreate" computerName="TFSBUILD11" duration="00:00:00.0180000" startTime="2015-09-28T09:46:03.3015771-07:00" endTime="2015-09-28T09:46:03.3015771-07:00" testType="13cdc9d9-ddb5-4fa4-a97d-d965ccfc6d4b" outcome="Passed" testListId="8c84fa94-04c1-424b-9868-57a2d4851a1d" relativeResultsDirectory="037201d5-5969-4a57-be67-57e24d5d2080" />
    <UnitTestResult executionId="cb5f0e94-2ee5-4316-911c-9be27295561e" testId="1a9ecc87-ac74-4f3f-aa56-8103d9a4a62b" testName="CreateReleaseTests CreateReleaseViewModel constructor must set title to a default non-empty value" computerName="TFSBUILD11" duration="00:00:00.0170000" startTime="2015-09-28T09:46:03.3015771-07:00" endTime="2015-09-28T09:46:03.3015771-07:00" testType="13cdc9d9-ddb5-4fa4-a97d-d965ccfc6d4b" outcome="Passed" testListId="8c84fa94-04c1-424b-9868-57a2d4851a1d" relativeResultsDirectory="cb5f0e94-2ee5-4316-911c-9be27295561e" />
    <UnitTestResult executionId="bf796d5c-9f20-41c1-aa79-941d9a47a7b2" testId="c66e0034-79ae-4ead-9fca-f8fe567b7270" testName="CreateReleaseTests canCreate must return false when title is null or empty or whitespace in createReleaseViewModel" computerName="TFSBUILD11" duration="00:00:00.0160000" startTime="2015-09-28T09:46:03.3015771-07:00" endTime="2015-09-28T09:46:03.3015771-07:00" testType="13cdc9d9-ddb5-4fa4-a97d-d965ccfc6d4b" outcome="Passed" testListId="8c84fa94-04c1-424b-9868-57a2d4851a1d" relativeResultsDirectory="bf796d5c-9f20-41c1-aa79-941d9a47a7b2" />
    <UnitTestResult executionId="c2ab2ae9-d281-4c8e-9e5f-399369fa3cf0" testId="6f1d681b-3a3b-41d3-95e9-b73c4d6c5968" testName="CreateReleaseTests canCreate must return true when title is a nonEmpty string" computerName="TFSBUILD11" duration="00:00:00.0270000" startTime="2015-09-28T09:46:03.3015771-07:00" endTime="2015-09-28T09:46:03.3015771-07:00" testType="13cdc9d9-ddb5-4fa4-a97d-d965ccfc6d4b" outcome="Passed" testListId="8c84fa94-04c1-424b-9868-57a2d4851a1d" relativeResultsDirectory="c2ab2ae9-d281-4c8e-9e5f-399369fa3cf0" />
    <UnitTestResult executionId="d132206c-64ad-404d-9cad-d2572f46551e" testId="0c4017f4-d4dc-4bca-8345-a3ff1bb8c5bf" testName="CreateReleaseTests canCreate must return false when releaseDefinition details are not yet fetched" computerName="TFSBUILD11" duration="00:00:00.0170000" startTime="2015-09-28T09:46:03.3015771-07:00" endTime="2015-09-28T09:46:03.3015771-07:00" testType="13cdc9d9-ddb5-4fa4-a97d-d965ccfc6d4b" outcome="Passed" testListId="8c84fa94-04c1-424b-9868-57a2d4851a1d" relativeResultsDirectory="d132206c-64ad-404d-9cad-d2572f46551e" />
    <UnitTestResult executionId="13b221d9-4e26-4908-b529-1195cc3b6916" testId="bdc12126-70ca-4786-89ab-c46599800412" testName="CreateReleaseTests canCreate must return true when releaseDefinition details are fetched and agentPool details are present" computerName="TFSBUILD11" duration="00:00:00.0290000" startTime="2015-09-28T09:46:03.3015771-07:00" endTime="2015-09-28T09:46:03.3015771-07:00" testType="13cdc9d9-ddb5-4fa4-a97d-d965ccfc6d4b" outcome="Passed" testListId="8c84fa94-04c1-424b-9868-57a2d4851a1d" relativeResultsDirectory="13b221d9-4e26-4908-b529-1195cc3b6916" />
    <UnitTestResult executionId="34f0f25f-3a6d-46da-9ba1-df9ad18b6d7f" testId="c5cd8555-0f1c-462b-a36c-01eb98350345" testName="CreateReleaseTests canCreate must return false when releaseDefinition details are fetched and agentPool details are abscent" computerName="TFSBUILD11" duration="00:00:00.0440000" startTime="2015-09-28T09:46:03.5544661-07:00" endTime="2015-09-28T09:46:03.5544661-07:00" testType="13cdc9d9-ddb5-4fa4-a97d-d965ccfc6d4b" outcome="Passed" testListId="8c84fa94-04c1-424b-9868-57a2d4851a1d" relativeResultsDirectory="34f0f25f-3a6d-46da-9ba1-df9ad18b6d7f" />
    <UnitTestResult executionId="bb11ee05-21ef-406b-a0a6-38dbad5450bf" testId="53c45f83-2662-47d0-a44f-5dfd1f84ad3d" testName="CreateReleaseTests SelectionEnvironmentViewModel must be must be initialized with right data in CreateReleaseViewModel" computerName="TFSBUILD11" duration="00:00:00.0480000" startTime="2015-09-28T09:46:03.5544661-07:00" endTime="2015-09-28T09:46:03.5544661-07:00" testType="13cdc9d9-ddb5-4fa4-a97d-d965ccfc6d4b" outcome="Passed" testListId="8c84fa94-04c1-424b-9868-57a2d4851a1d" relativeResultsDirectory="bb11ee05-21ef-406b-a0a6-38dbad5450bf" />
    <UnitTestResult executionId="14154d69-c3a8-472b-903d-7073f40c967e" testId="d80bd0a1-9e70-4f47-8dd0-ed708ca07d1d" testName="CreateReleaseTests ReleaseArtifactViewModels and ReleaseArtifactDefinitionViewModels must be initialized with right data in createReleaseViewmodel" computerName="TFSBUILD11" duration="00:00:00.0230000" startTime="2015-09-28T09:46:03.5544661-07:00" endTime="2015-09-28T09:46:03.5544661-07:00" testType="13cdc9d9-ddb5-4fa4-a97d-d965ccfc6d4b" outcome="Passed" testListId="8c84fa94-04c1-424b-9868-57a2d4851a1d" relativeResultsDirectory="14154d69-c3a8-472b-903d-7073f40c967e" />
    <UnitTestResult executionId="836cdcfb-4758-4468-8d31-2241fada7330" testId="b4943e48-2123-4792-bdc3-07af2887c603" testName="CreateReleaseTests GetMessageViewModel must release a MessageAreaViewModel" computerName="TFSBUILD11" duration="00:00:00.0210000" startTime="2015-09-28T09:46:03.5544661-07:00" endTime="2015-09-28T09:46:03.5544661-07:00" testType="13cdc9d9-ddb5-4fa4-a97d-d965ccfc6d4b" outcome="Passed" testListId="8c84fa94-04c1-424b-9868-57a2d4851a1d" relativeResultsDirectory="836cdcfb-4758-4468-8d31-2241fada7330" />
    <UnitTestResult executionId="4377cab1-72b3-42cb-b27a-3fa515257667" testId="7ad8b6a8-7ab4-4597-b9eb-8c8c81aaaf35" testName="CreateReleaseTests beginPerformAction in createReleaseViewModel must call create of releaseManager with right parameters" computerName="TFSBUILD11" duration="00:00:00.0340000" startTime="2015-09-28T09:46:03.5544661-07:00" endTime="2015-09-28T09:46:03.5544661-07:00" testType="13cdc9d9-ddb5-4fa4-a97d-d965ccfc6d4b" outcome="Passed" testListId="8c84fa94-04c1-424b-9868-57a2d4851a1d" relativeResultsDirectory="4377cab1-72b3-42cb-b27a-3fa515257667" />
    <UnitTestResult executionId="75c50a98-4d95-47c3-8765-612efb3da2d6" testId="4210c77d-0d67-4806-9478-955768778a24" testName="CreateReleaseTests StartReleaseViewModel constructor must set title as release name" computerName="TFSBUILD11" duration="00:00:00.0180000" startTime="2015-09-28T09:46:03.5544661-07:00" endTime="2015-09-28T09:46:03.5544661-07:00" testType="13cdc9d9-ddb5-4fa4-a97d-d965ccfc6d4b" outcome="Passed" testListId="8c84fa94-04c1-424b-9868-57a2d4851a1d" relativeResultsDirectory="75c50a98-4d95-47c3-8765-612efb3da2d6" />
    <UnitTestResult executionId="97f897d0-ac16-4f3c-99ea-04cb49018f0c" testId="dd6c5024-bfc9-49e7-8d10-ec04ad5c2326" testName="CreateReleaseTests canCreate must return false when title is null or empty or whitespace in startReleseViewModel" computerName="TFSBUILD11" duration="00:00:00.0280000" startTime="2015-09-28T09:46:03.5554668-07:00" endTime="2015-09-28T09:46:03.5554668-07:00" testType="13cdc9d9-ddb5-4fa4-a97d-d965ccfc6d4b" outcome="Passed" testListId="8c84fa94-04c1-424b-9868-57a2d4851a1d" relativeResultsDirectory="97f897d0-ac16-4f3c-99ea-04cb49018f0c" />
    <UnitTestResult executionId="072dc8c2-9e0a-4fc3-bbb9-ba1bf05ea777" testId="260d27e7-ac4d-4d0c-8d72-f5dc82a2ebeb" testName="CreateReleaseTests canCreate must return false when release details are not yet fetched" computerName="TFSBUILD11" duration="00:00:00.0160000" startTime="2015-09-28T09:46:03.5554668-07:00" endTime="2015-09-28T09:46:03.5554668-07:00" testType="13cdc9d9-ddb5-4fa4-a97d-d965ccfc6d4b" outcome="Passed" testListId="8c84fa94-04c1-424b-9868-57a2d4851a1d" relativeResultsDirectory="072dc8c2-9e0a-4fc3-bbb9-ba1bf05ea777" />
    <UnitTestResult executionId="bcf16640-4fb0-47e4-837a-095fc37ebdda" testId="4636a809-b42c-431f-b01b-5bfdc6e3db8f" testName="CreateReleaseTests canCreate must return false when release details are fetched and agentPool details are abscent" computerName="TFSBUILD11" duration="00:00:00.0160000" startTime="2015-09-28T09:46:03.5554668-07:00" endTime="2015-09-28T09:46:03.5554668-07:00" testType="13cdc9d9-ddb5-4fa4-a97d-d965ccfc6d4b" outcome="Passed" testListId="8c84fa94-04c1-424b-9868-57a2d4851a1d" relativeResultsDirectory="bcf16640-4fb0-47e4-837a-095fc37ebdda" />
    <UnitTestResult executionId="798550cb-6b44-4f64-9f1f-61b860405797" testId="66ac38e8-87be-4d18-90ca-2aee3078b9b6" testName="CreateReleaseTests canCreate must return true when release details are fetched and agentPool details are present" computerName="TFSBUILD11" duration="00:00:00.0260000" startTime="2015-09-28T09:46:03.8672055-07:00" endTime="2015-09-28T09:46:03.8672055-07:00" testType="13cdc9d9-ddb5-4fa4-a97d-d965ccfc6d4b" outcome="Passed" testListId="8c84fa94-04c1-424b-9868-57a2d4851a1d" relativeResultsDirectory="798550cb-6b44-4f64-9f1f-61b860405797" />
    <UnitTestResult executionId="6fac77ec-9345-400b-a463-7d3ab7e628d3" testId="57dbea7c-2a5f-43c1-a07d-614f73ef1383" testName="CreateReleaseTests SelectionEnvironmentViewModel must be must be initialized with right data in StartReleaseViewModel" computerName="TFSBUILD11" duration="00:00:00.0270000" startTime="2015-09-28T09:46:03.8672055-07:00" endTime="2015-09-28T09:46:03.8672055-07:00" testType="13cdc9d9-ddb5-4fa4-a97d-d965ccfc6d4b" outcome="Passed" testListId="8c84fa94-04c1-424b-9868-57a2d4851a1d" relativeResultsDirectory="6fac77ec-9345-400b-a463-7d3ab7e628d3" />
    <UnitTestResult executionId="da293501-649d-44db-a3cb-6504ed863024" testId="3f4b64a6-d662-4d5d-b61d-86b4cac48981" testName="CreateReleaseTests ReleaseArtifactViewModels and ReleaseArtifactDefinitionViewModels must be initialized with right data in startReleaseViewmodel" computerName="TFSBUILD11" duration="00:00:00.0280000" startTime="2015-09-28T09:46:03.8672055-07:00" endTime="2015-09-28T09:46:03.8672055-07:00" testType="13cdc9d9-ddb5-4fa4-a97d-d965ccfc6d4b" outcome="Passed" testListId="8c84fa94-04c1-424b-9868-57a2d4851a1d" relativeResultsDirectory="da293501-649d-44db-a3cb-6504ed863024" />
    <UnitTestResult executionId="1a577c95-b5a7-4c25-af4b-05caec6dd3ca" testId="33524c9e-c42b-46cf-bdca-b12d3a9cd2d8" testName="EditArtifactDialogTests Constructor test" computerName="TFSBUILD11" duration="00:00:00.0190000" startTime="2015-09-28T09:46:03.8672055-07:00" endTime="2015-09-28T09:46:03.8672055-07:00" testType="13cdc9d9-ddb5-4fa4-a97d-d965ccfc6d4b" outcome="Passed" testListId="8c84fa94-04c1-424b-9868-57a2d4851a1d" relativeResultsDirectory="1a577c95-b5a7-4c25-af4b-05caec6dd3ca" />
    <UnitTestResult executionId="8447d085-76f4-4794-947a-fd4d81bec46a" testId="3df7eadc-724b-4e9c-80c1-643e2e72b6fc" testName="EditArtifactDialogTests The state should be invalid for empty name and path" computerName="TFSBUILD11" duration="00:00:00.0170000" startTime="2015-09-28T09:46:03.8672055-07:00" endTime="2015-09-28T09:46:03.8672055-07:00" testType="13cdc9d9-ddb5-4fa4-a97d-d965ccfc6d4b" outcome="Passed" testListId="8c84fa94-04c1-424b-9868-57a2d4851a1d" relativeResultsDirectory="8447d085-76f4-4794-947a-fd4d81bec46a" />
    <UnitTestResult executionId="73487b8d-e140-4cc0-9af6-2c2387da166f" testId="13fa2b79-fa28-46d0-80b0-803665456bf9" testName="EditArtifactDialogTests hasValueChanged should be proper" computerName="TFSBUILD11" duration="00:00:00.0180000" startTime="2015-09-28T09:46:03.8672055-07:00" endTime="2015-09-28T09:46:03.8672055-07:00" testType="13cdc9d9-ddb5-4fa4-a97d-d965ccfc6d4b" outcome="Passed" testListId="8c84fa94-04c1-424b-9868-57a2d4851a1d" relativeResultsDirectory="73487b8d-e140-4cc0-9af6-2c2387da166f" />
    <UnitTestResult executionId="ec6f3611-a9bd-494e-a8b9-6fac6839a663" testId="45468a87-9b98-478c-aaef-ed45404ba6f3" testName="EditArtifactDialogTests Saving the artifact definition should call patch release with right set of parameters." computerName="TFSBUILD11" duration="00:00:00.0190000" startTime="2015-09-28T09:46:03.8682056-07:00" endTime="2015-09-28T09:46:03.8682056-07:00" testType="13cdc9d9-ddb5-4fa4-a97d-d965ccfc6d4b" outcome="Passed" testListId="8c84fa94-04c1-424b-9868-57a2d4851a1d" relativeResultsDirectory="ec6f3611-a9bd-494e-a8b9-6fac6839a663" />
    <UnitTestResult executionId="6b084b6e-00e5-42c4-8800-d4e03770a3b8" testId="8ee46109-c1ba-424f-88e8-8477cf858fff" testName="EditArtifactDialogTests Error during save should show populate error on the dialog" computerName="TFSBUILD11" duration="00:00:00.0170000" startTime="2015-09-28T09:46:03.8682056-07:00" endTime="2015-09-28T09:46:03.8682056-07:00" testType="13cdc9d9-ddb5-4fa4-a97d-d965ccfc6d4b" outcome="Passed" testListId="8c84fa94-04c1-424b-9868-57a2d4851a1d" relativeResultsDirectory="6b084b6e-00e5-42c4-8800-d4e03770a3b8" />
    <UnitTestResult executionId="b7e7a197-efb8-48a3-a003-26f523b587f8" testId="f82b22a2-f766-4159-8cf9-9ed741c0adcd" testName="ApprovalPopupTests Should be able to create ApprovalPopup" computerName="TFSBUILD11" duration="00:00:00.1380000" startTime="2015-09-28T09:46:03.8682056-07:00" endTime="2015-09-28T09:46:03.8682056-07:00" testType="13cdc9d9-ddb5-4fa4-a97d-d965ccfc6d4b" outcome="Passed" testListId="8c84fa94-04c1-424b-9868-57a2d4851a1d" relativeResultsDirectory="b7e7a197-efb8-48a3-a003-26f523b587f8" />
    <UnitTestResult executionId="1731021e-7d45-43a4-ae78-e28487fdb364" testId="3e7c756e-a750-4fb6-9c37-c3e3927cf437" testName="ApprovalPopupTests Verify pre-approval view data of ApprovalPopup" computerName="TFSBUILD11" duration="00:00:00.1010000" startTime="2015-09-28T09:46:04.7919133-07:00" endTime="2015-09-28T09:46:04.7919133-07:00" testType="13cdc9d9-ddb5-4fa4-a97d-d965ccfc6d4b" outcome="Passed" testListId="8c84fa94-04c1-424b-9868-57a2d4851a1d" relativeResultsDirectory="1731021e-7d45-43a4-ae78-e28487fdb364" />
    <UnitTestResult executionId="c09a2ca6-c7c1-407e-b917-c4adc90cd83f" testId="0eb7875d-340c-4793-98f1-840470c8d9a9" testName="ApprovalPopupTests Verify post-approval view data of ApprovalPopup" computerName="TFSBUILD11" duration="00:00:00.0840000" startTime="2015-09-28T09:46:04.7919133-07:00" endTime="2015-09-28T09:46:04.7919133-07:00" testType="13cdc9d9-ddb5-4fa4-a97d-d965ccfc6d4b" outcome="Passed" testListId="8c84fa94-04c1-424b-9868-57a2d4851a1d" relativeResultsDirectory="c09a2ca6-c7c1-407e-b917-c4adc90cd83f" />
    <UnitTestResult executionId="b73d8358-3089-46d5-becb-706d7ab080b9" testId="7d0fb5ce-48d3-4803-a86e-4002a25e4c47" testName="ApprovalPopupTests ApprovalPopup should get closed when approved" computerName="TFSBUILD11" duration="00:00:00.0900000" startTime="2015-09-28T09:46:04.7919133-07:00" endTime="2015-09-28T09:46:04.7919133-07:00" testType="13cdc9d9-ddb5-4fa4-a97d-d965ccfc6d4b" outcome="Passed" testListId="8c84fa94-04c1-424b-9868-57a2d4851a1d" relativeResultsDirectory="b73d8358-3089-46d5-becb-706d7ab080b9" />
    <UnitTestResult executionId="6cec8cb5-e1ce-4e4d-b627-d120165a6c34" testId="d6f8292b-07fc-43df-a0af-77e7ea1dc82f" testName="ApprovalPopupTests ApprovalPopup should get closed when rejected" computerName="TFSBUILD11" duration="00:00:00.0910000" startTime="2015-09-28T09:46:04.7929140-07:00" endTime="2015-09-28T09:46:04.7929140-07:00" testType="13cdc9d9-ddb5-4fa4-a97d-d965ccfc6d4b" outcome="Passed" testListId="8c84fa94-04c1-424b-9868-57a2d4851a1d" relativeResultsDirectory="6cec8cb5-e1ce-4e4d-b627-d120165a6c34" />
    <UnitTestResult executionId="1d2b75f3-7df3-4357-92af-0a15ddc2222d" testId="7e41a2f8-f798-4eea-99ef-f4055c980cf7" testName="ApprovalPopupTests ApprovalPopup should have correct number of approval controls" computerName="TFSBUILD11" duration="00:00:00.0920000" startTime="2015-09-28T09:46:04.7929140-07:00" endTime="2015-09-28T09:46:04.7929140-07:00" testType="13cdc9d9-ddb5-4fa4-a97d-d965ccfc6d4b" outcome="Passed" testListId="8c84fa94-04c1-424b-9868-57a2d4851a1d" relativeResultsDirectory="1d2b75f3-7df3-4357-92af-0a15ddc2222d" />
    <UnitTestResult executionId="77400ab2-361f-43d3-a743-8d4f16eb02b1" testId="7038f9d9-10c1-4ae8-907d-c0b1db5f30fb" testName="ApprovalPopupTests ApprovalPopup should show error when approved call fails" computerName="TFSBUILD11" duration="00:00:00.1120000" startTime="2015-09-28T09:46:04.7929140-07:00" endTime="2015-09-28T09:46:04.7929140-07:00" testType="13cdc9d9-ddb5-4fa4-a97d-d965ccfc6d4b" outcome="Passed" testListId="8c84fa94-04c1-424b-9868-57a2d4851a1d" relativeResultsDirectory="77400ab2-361f-43d3-a743-8d4f16eb02b1" />
    <UnitTestResult executionId="cb53927c-c612-44d3-bb93-882eba921422" testId="9337a76f-1007-4f38-a310-5f7a5f576291" testName="ApprovalPopupTests ApprovalPopup should show error when rejected call fails" computerName="TFSBUILD11" duration="00:00:00.1170000" startTime="2015-09-28T09:46:04.7929140-07:00" endTime="2015-09-28T09:46:04.7929140-07:00" testType="13cdc9d9-ddb5-4fa4-a97d-d965ccfc6d4b" outcome="Passed" testListId="8c84fa94-04c1-424b-9868-57a2d4851a1d" relativeResultsDirectory="cb53927c-c612-44d3-bb93-882eba921422" />
    <UnitTestResult executionId="bbd0577f-ef7a-47ca-a14e-ec649b4e39f1" testId="eb8cccf0-c8f0-4d07-9724-a732e051d3ad" testName="ApprovalPopupTests Approve callback should get called when approved" computerName="TFSBUILD11" duration="00:00:00.0990000" startTime="2015-09-28T09:46:04.7929140-07:00" endTime="2015-09-28T09:46:04.7929140-07:00" testType="13cdc9d9-ddb5-4fa4-a97d-d965ccfc6d4b" outcome="Passed" testListId="8c84fa94-04c1-424b-9868-57a2d4851a1d" relativeResultsDirectory="bbd0577f-ef7a-47ca-a14e-ec649b4e39f1" />
    <UnitTestResult executionId="053fda91-c9d2-471a-910f-1c2e1b7bc9fd" testId="d019a66f-8455-4bea-bc50-fa4aa1f1af3e" testName="ApprovalPopupTests Reject callback should get called when rejected" computerName="TFSBUILD11" duration="00:00:00.1340000" startTime="2015-09-28T09:46:04.7929140-07:00" endTime="2015-09-28T09:46:04.7929140-07:00" testType="13cdc9d9-ddb5-4fa4-a97d-d965ccfc6d4b" outcome="Passed" testListId="8c84fa94-04c1-424b-9868-57a2d4851a1d" relativeResultsDirectory="053fda91-c9d2-471a-910f-1c2e1b7bc9fd" />
    <UnitTestResult executionId="aa44a950-c236-4df3-a2c4-cc31db55c181" testId="b2f7532b-c9ce-4514-a811-1e667c6420fe" testName="ApprovalPopupTests ApprovalPopup model should updated when comment added" computerName="TFSBUILD11" duration="00:00:00.1180000" startTime="2015-09-28T09:46:06.0501643-07:00" endTime="2015-09-28T09:46:06.0501643-07:00" testType="13cdc9d9-ddb5-4fa4-a97d-d965ccfc6d4b" outcome="Passed" testListId="8c84fa94-04c1-424b-9868-57a2d4851a1d" relativeResultsDirectory="aa44a950-c236-4df3-a2c4-cc31db55c181" />
    <UnitTestResult executionId="edd4eaa2-a2e8-477b-90c1-325d4c95858d" testId="ed85bd04-8c33-4bde-80e0-20c0a052e8e6" testName="ApprovalPopupTests Comment box should be hidden if waiting on another user" computerName="TFSBUILD11" duration="00:00:00.1190000" startTime="2015-09-28T09:46:06.0501643-07:00" endTime="2015-09-28T09:46:06.0501643-07:00" testType="13cdc9d9-ddb5-4fa4-a97d-d965ccfc6d4b" outcome="Passed" testListId="8c84fa94-04c1-424b-9868-57a2d4851a1d" relativeResultsDirectory="edd4eaa2-a2e8-477b-90c1-325d4c95858d" />
    <UnitTestResult executionId="06fb56fa-c526-413c-b5f7-3c724ac6d418" testId="2bda0ffd-9d47-4888-a5ca-269ebb0ff952" testName="ApprovalPopupTests ApprovalPopup should get closed by titlebar close button" computerName="TFSBUILD11" duration="00:00:00.1210000" startTime="2015-09-28T09:46:06.0501643-07:00" endTime="2015-09-28T09:46:06.0501643-07:00" testType="13cdc9d9-ddb5-4fa4-a97d-d965ccfc6d4b" outcome="Passed" testListId="8c84fa94-04c1-424b-9868-57a2d4851a1d" relativeResultsDirectory="06fb56fa-c526-413c-b5f7-3c724ac6d418" />
    <UnitTestResult executionId="4a0d2a97-14ef-4129-b37c-bbdb192275ea" testId="4078c496-166a-4b57-84f1-970829bf8a79" testName="ApprovalPopupTests ApprovalPopup should have confirmation on top" computerName="TFSBUILD11" duration="00:00:00.1230000" startTime="2015-09-28T09:46:06.0501643-07:00" endTime="2015-09-28T09:46:06.0501643-07:00" testType="13cdc9d9-ddb5-4fa4-a97d-d965ccfc6d4b" outcome="Passed" testListId="8c84fa94-04c1-424b-9868-57a2d4851a1d" relativeResultsDirectory="4a0d2a97-14ef-4129-b37c-bbdb192275ea" />
    <UnitTestResult executionId="2fd7b960-b2ba-46b9-ba4c-63e85824766d" testId="0e8337ee-7b6b-42b8-9d4f-80f1103a19a6" testName="ApprovalPopupTests ApprovalPopup should approve on comment enter if default button is approve" computerName="TFSBUILD11" duration="00:00:00.1210000" startTime="2015-09-28T09:46:06.0501643-07:00" endTime="2015-09-28T09:46:06.0501643-07:00" testType="13cdc9d9-ddb5-4fa4-a97d-d965ccfc6d4b" outcome="Passed" testListId="8c84fa94-04c1-424b-9868-57a2d4851a1d" relativeResultsDirectory="2fd7b960-b2ba-46b9-ba4c-63e85824766d" />
    <UnitTestResult executionId="5cc90b80-bf30-4958-9074-4a14272ba075" testId="2aac1100-63ec-4dcf-96d2-ed19bc5906ba" testName="ApprovalPopupTests ApprovalPopup without any reassigns." computerName="TFSBUILD11" duration="00:00:00.1300000" startTime="2015-09-28T09:46:06.0511650-07:00" endTime="2015-09-28T09:46:06.0511650-07:00" testType="13cdc9d9-ddb5-4fa4-a97d-d965ccfc6d4b" outcome="Passed" testListId="8c84fa94-04c1-424b-9868-57a2d4851a1d" relativeResultsDirectory="5cc90b80-bf30-4958-9074-4a14272ba075" />
    <UnitTestResult executionId="b8ac4f02-857c-41f9-a0ce-8a79dcb343c7" testId="cd147b8f-e123-495b-81c5-02544ab80e27" testName="ApprovalPopupTests ApprovalPopup with reassigns." computerName="TFSBUILD11" duration="00:00:00.2340000" startTime="2015-09-28T09:46:06.0511650-07:00" endTime="2015-09-28T09:46:06.0511650-07:00" testType="13cdc9d9-ddb5-4fa4-a97d-d965ccfc6d4b" outcome="Passed" testListId="8c84fa94-04c1-424b-9868-57a2d4851a1d" relativeResultsDirectory="b8ac4f02-857c-41f9-a0ce-8a79dcb343c7" />
    <UnitTestResult executionId="31e4d805-fe66-45cf-a821-0ac0452fd562" testId="5e2bf98d-3e1d-4f73-baea-64d7f0d76333" testName="ApprovalPopupTests ApprovalPopup should have reassign button if enabled and reassign controls should be hidden." computerName="TFSBUILD11" duration="00:00:00.1780000" startTime="2015-09-28T09:46:06.0511650-07:00" endTime="2015-09-28T09:46:06.0511650-07:00" testType="13cdc9d9-ddb5-4fa4-a97d-d965ccfc6d4b" outcome="Passed" testListId="8c84fa94-04c1-424b-9868-57a2d4851a1d" relativeResultsDirectory="31e4d805-fe66-45cf-a821-0ac0452fd562" />
    <UnitTestResult executionId="7603774a-b983-4eb4-b049-1cc7ad8cf494" testId="787565e9-e401-4f5f-976f-92f7e5f01492" testName="ApprovalPopupTests ApprovalPopup should reject on comment enter if default button is reject" computerName="TFSBUILD11" duration="00:00:00.1120000" startTime="2015-09-28T09:46:06.0511650-07:00" endTime="2015-09-28T09:46:06.0511650-07:00" testType="13cdc9d9-ddb5-4fa4-a97d-d965ccfc6d4b" outcome="Passed" testListId="8c84fa94-04c1-424b-9868-57a2d4851a1d" relativeResultsDirectory="7603774a-b983-4eb4-b049-1cc7ad8cf494" />
    <UnitTestResult executionId="1dddd59a-5589-4590-a9f6-181e82245069" testId="89ada25f-b514-490f-9877-17dd20a95c2a" testName="ApprovalPopupTests ApprovalPopup should not take any action if shift+enter pressed" computerName="TFSBUILD11" duration="00:00:00.0960000" startTime="2015-09-28T09:46:06.7203266-07:00" endTime="2015-09-28T09:46:06.7203266-07:00" testType="13cdc9d9-ddb5-4fa4-a97d-d965ccfc6d4b" outcome="Passed" testListId="8c84fa94-04c1-424b-9868-57a2d4851a1d" relativeResultsDirectory="1dddd59a-5589-4590-a9f6-181e82245069" />
    <UnitTestResult executionId="cf406276-6e0f-495e-8fd7-8b96aa79bc0a" testId="afa3b74c-f4ff-4084-a22b-2492ea8f2239" testName="ApprovalPopupTests ApprovalPopup should have Image container added for each approval control" computerName="TFSBUILD11" duration="00:00:00.1370000" startTime="2015-09-28T09:46:06.7203266-07:00" endTime="2015-09-28T09:46:06.7203266-07:00" testType="13cdc9d9-ddb5-4fa4-a97d-d965ccfc6d4b" outcome="Passed" testListId="8c84fa94-04c1-424b-9868-57a2d4851a1d" relativeResultsDirectory="cf406276-6e0f-495e-8fd7-8b96aa79bc0a" />
    <UnitTestResult executionId="2dde3344-99e8-43f7-ace2-b2baecc6081e" testId="ad81454f-31b7-4719-927d-db150a929119" testName="ApprovalPopupTests Source of the Image must be set right" computerName="TFSBUILD11" duration="00:00:00.1150000" startTime="2015-09-28T09:46:06.7203266-07:00" endTime="2015-09-28T09:46:06.7203266-07:00" testType="13cdc9d9-ddb5-4fa4-a97d-d965ccfc6d4b" outcome="Passed" testListId="8c84fa94-04c1-424b-9868-57a2d4851a1d" relativeResultsDirectory="2dde3344-99e8-43f7-ace2-b2baecc6081e" />
    <UnitTestResult executionId="4caf3d5f-ab69-4cf5-b756-597a63955c7e" testId="22a8e62b-ff68-4c22-8e14-e0d694c2eb2f" testName="ApprovalPopupTests Verify popUpControl, approval is automated true and assigned to other user." computerName="TFSBUILD11" duration="00:00:00.0550000" startTime="2015-09-28T09:46:06.7203266-07:00" endTime="2015-09-28T09:46:06.7203266-07:00" testType="13cdc9d9-ddb5-4fa4-a97d-d965ccfc6d4b" outcome="Passed" testListId="8c84fa94-04c1-424b-9868-57a2d4851a1d" relativeResultsDirectory="4caf3d5f-ab69-4cf5-b756-597a63955c7e" />
    <UnitTestResult executionId="6854e5af-21e0-45c6-8ccd-4e3fb5b7b600" testId="9ae2f410-99b8-425a-8a84-74793f19a10a" testName="ApprovalPopupTests Verify popUpControl when isAutomated is true, is waitingOnAnotherUser is false, and approval status is pending" computerName="TFSBUILD11" duration="00:00:00.0500000" startTime="2015-09-28T09:46:06.7203266-07:00" endTime="2015-09-28T09:46:06.7203266-07:00" testType="13cdc9d9-ddb5-4fa4-a97d-d965ccfc6d4b" outcome="Passed" testListId="8c84fa94-04c1-424b-9868-57a2d4851a1d" relativeResultsDirectory="6854e5af-21e0-45c6-8ccd-4e3fb5b7b600" />
    <UnitTestResult executionId="1f83ebde-dd46-47db-b725-8b2c3a88ca9a" testId="c1dc056a-ef76-474c-9b4d-affbb7762ea2" testName="ApprovalPopupTests Verify popUpControl when isAutomated is false, is waitingOnAnotherUser is true, and approval status is pending" computerName="TFSBUILD11" duration="00:00:00.0470000" startTime="2015-09-28T09:46:06.7203266-07:00" endTime="2015-09-28T09:46:06.7203266-07:00" testType="13cdc9d9-ddb5-4fa4-a97d-d965ccfc6d4b" outcome="Passed" testListId="8c84fa94-04c1-424b-9868-57a2d4851a1d" relativeResultsDirectory="1f83ebde-dd46-47db-b725-8b2c3a88ca9a" />
    <UnitTestResult executionId="c6ced4c9-7348-4aac-ab38-2da25a341a2b" testId="cff2fc2a-2d44-4240-a003-fa36a7b60f05" testName="ApprovalPopupTests Verify popUpControl when isAutomated is false, is waitingOnAnotherUser is false, and approval status is pending" computerName="TFSBUILD11" duration="00:00:00.0490000" startTime="2015-09-28T09:46:06.7203266-07:00" endTime="2015-09-28T09:46:06.7203266-07:00" testType="13cdc9d9-ddb5-4fa4-a97d-d965ccfc6d4b" outcome="Passed" testListId="8c84fa94-04c1-424b-9868-57a2d4851a1d" relativeResultsDirectory="c6ced4c9-7348-4aac-ab38-2da25a341a2b" />
    <UnitTestResult executionId="b90692bf-1c7d-40d9-a915-650cc9ae84c3" testId="9f9c88fe-0784-4988-86ea-16d03f499ede" testName="ApprovalPopupTests Verify popUpControl when isAutomated is true, is waitingOnAnotherUser is false, and approval status is Approved" computerName="TFSBUILD11" duration="00:00:00.0580000" startTime="2015-09-28T09:46:06.7203266-07:00" endTime="2015-09-28T09:46:06.7203266-07:00" testType="13cdc9d9-ddb5-4fa4-a97d-d965ccfc6d4b" outcome="Passed" testListId="8c84fa94-04c1-424b-9868-57a2d4851a1d" relativeResultsDirectory="b90692bf-1c7d-40d9-a915-650cc9ae84c3" />
    <UnitTestResult executionId="05a484d5-cd78-4c0d-8bd4-7cf240253551" testId="4a6e1e05-859d-4595-97b1-69894892bb51" testName="ApprovalPopupTests Verify popUpControl when other user approved an approval and isAutomated is false" computerName="TFSBUILD11" duration="00:00:00.0600000" startTime="2015-09-28T09:46:06.7213247-07:00" endTime="2015-09-28T09:46:06.7213247-07:00" testType="13cdc9d9-ddb5-4fa4-a97d-d965ccfc6d4b" outcome="Passed" testListId="8c84fa94-04c1-424b-9868-57a2d4851a1d" relativeResultsDirectory="05a484d5-cd78-4c0d-8bd4-7cf240253551" />
    <UnitTestResult executionId="284c4dc2-fcaf-46ce-a340-87273184f2c2" testId="0c026421-2add-4d81-b56e-4906a15cb842" testName="ApprovalPopupTests Verify popUpControl when current user rejected an approval and automated is false." computerName="TFSBUILD11" duration="00:00:00.0440000" startTime="2015-09-28T09:46:07.4086012-07:00" endTime="2015-09-28T09:46:07.4086012-07:00" testType="13cdc9d9-ddb5-4fa4-a97d-d965ccfc6d4b" outcome="Passed" testListId="8c84fa94-04c1-424b-9868-57a2d4851a1d" relativeResultsDirectory="284c4dc2-fcaf-46ce-a340-87273184f2c2" />
    <UnitTestResult executionId="03c5e879-6af8-43b7-a2b4-840ade239f66" testId="ff177bdd-b325-4494-b78a-5be555b78cde" testName="ApprovalPopupTests The order of users appearing in the approval popup should be in the reverse chronological order for postApproval" computerName="TFSBUILD11" duration="00:00:00.1020000" startTime="2015-09-28T09:46:07.4086012-07:00" endTime="2015-09-28T09:46:07.4086012-07:00" testType="13cdc9d9-ddb5-4fa4-a97d-d965ccfc6d4b" outcome="Passed" testListId="8c84fa94-04c1-424b-9868-57a2d4851a1d" relativeResultsDirectory="03c5e879-6af8-43b7-a2b4-840ade239f66" />
    <UnitTestResult executionId="8e540a49-56ff-4625-84b5-ecc615eb3474" testId="b4f5996f-b9f8-404c-a177-b7cfdeef09a1" testName="ApprovalPopupTests The order of users appearing in the approval popup should be in the reverse chronological order for preApproval" computerName="TFSBUILD11" duration="00:00:00.1070000" startTime="2015-09-28T09:46:07.4096022-07:00" endTime="2015-09-28T09:46:07.4096022-07:00" testType="13cdc9d9-ddb5-4fa4-a97d-d965ccfc6d4b" outcome="Passed" testListId="8c84fa94-04c1-424b-9868-57a2d4851a1d" relativeResultsDirectory="8e540a49-56ff-4625-84b5-ecc615eb3474" />
    <UnitTestResult executionId="9207c3a4-2096-4b9a-803a-fe4741655662" testId="d04b6584-798b-4136-a93f-8e49da6e841b" testName="ApprovalPopupTests PopupControl show comment box and buttons for current user, should not show for other user." computerName="TFSBUILD11" duration="00:00:00.1030000" startTime="2015-09-28T09:46:07.4096022-07:00" endTime="2015-09-28T09:46:07.4096022-07:00" testType="13cdc9d9-ddb5-4fa4-a97d-d965ccfc6d4b" outcome="Passed" testListId="8c84fa94-04c1-424b-9868-57a2d4851a1d" relativeResultsDirectory="9207c3a4-2096-4b9a-803a-fe4741655662" />
    <UnitTestResult executionId="31367b1a-05f6-4a69-8e7e-8ddb6b357018" testId="f0625f79-2a7b-4f52-b545-dd85bc8fb93a" testName="ApprovalPopupTests PopupControl show comment box and buttons for current user, should show comment label for other user." computerName="TFSBUILD11" duration="00:00:00.1140000" startTime="2015-09-28T09:46:07.4096022-07:00" endTime="2015-09-28T09:46:07.4096022-07:00" testType="13cdc9d9-ddb5-4fa4-a97d-d965ccfc6d4b" outcome="Passed" testListId="8c84fa94-04c1-424b-9868-57a2d4851a1d" relativeResultsDirectory="31367b1a-05f6-4a69-8e7e-8ddb6b357018" />
    <UnitTestResult executionId="ddadd8ed-b9c6-46e4-b3e9-6559a1a51125" testId="37f65631-96cd-4488-bb8b-1fa353786c31" testName="ApprovalPopupTests PopupControl show comment label for current user and for other user." computerName="TFSBUILD11" duration="00:00:00.1020000" startTime="2015-09-28T09:46:07.4096022-07:00" endTime="2015-09-28T09:46:07.4096022-07:00" testType="13cdc9d9-ddb5-4fa4-a97d-d965ccfc6d4b" outcome="Passed" testListId="8c84fa94-04c1-424b-9868-57a2d4851a1d" relativeResultsDirectory="ddadd8ed-b9c6-46e4-b3e9-6559a1a51125" />
    <UnitTestResult executionId="4c7c8a26-44d5-40b1-973e-eff9c61a67a5" testId="3e9cf3a1-e524-45d4-821f-4f4ddf411596" testName="ApprovalPopupTests Cancelled approval should have proper description and comment should be hidden." computerName="TFSBUILD11" duration="00:00:00.0550000" startTime="2015-09-28T09:46:07.4106026-07:00" endTime="2015-09-28T09:46:07.4106026-07:00" testType="13cdc9d9-ddb5-4fa4-a97d-d965ccfc6d4b" outcome="Passed" testListId="8c84fa94-04c1-424b-9868-57a2d4851a1d" relativeResultsDirectory="4c7c8a26-44d5-40b1-973e-eff9c61a67a5" />
    <UnitTestResult executionId="d8ab525f-845c-46b6-9aa1-ba8629034297" testId="4a8927f3-8489-44ac-9329-a19d1d80c7f5" testName="EnvironmentDefinitionOverviewControlTests Verify control create" computerName="TFSBUILD11" duration="00:00:00.0340000" startTime="2015-09-28T09:46:07.4106026-07:00" endTime="2015-09-28T09:46:07.4106026-07:00" testType="13cdc9d9-ddb5-4fa4-a97d-d965ccfc6d4b" outcome="Passed" testListId="8c84fa94-04c1-424b-9868-57a2d4851a1d" relativeResultsDirectory="d8ab525f-845c-46b6-9aa1-ba8629034297" />
    <UnitTestResult executionId="fdbcc37f-fd97-424c-9d4b-8b556039a301" testId="44d44f26-b119-42ac-bb22-62f4735e0a15" testName="EnvironmentDefinitionOverviewControlTests Should set the correct environment status" computerName="TFSBUILD11" duration="00:00:00.0230000" startTime="2015-09-28T09:46:07.4106026-07:00" endTime="2015-09-28T09:46:07.4106026-07:00" testType="13cdc9d9-ddb5-4fa4-a97d-d965ccfc6d4b" outcome="Passed" testListId="8c84fa94-04c1-424b-9868-57a2d4851a1d" relativeResultsDirectory="fdbcc37f-fd97-424c-9d4b-8b556039a301" />
    <UnitTestResult executionId="4629a33b-a76d-4255-a7bf-7771105d64ac" testId="7bba7063-ec20-4b61-aa29-35561e49649f" testName="EnvironmentDefinitionOverviewControlTests Validate update release history" computerName="TFSBUILD11" duration="00:00:00.1580000" startTime="2015-09-28T09:46:08.2026878-07:00" endTime="2015-09-28T09:46:08.2026878-07:00" testType="13cdc9d9-ddb5-4fa4-a97d-d965ccfc6d4b" outcome="Passed" testListId="8c84fa94-04c1-424b-9868-57a2d4851a1d" relativeResultsDirectory="4629a33b-a76d-4255-a7bf-7771105d64ac" />
    <UnitTestResult executionId="c0107464-e34c-4520-9fc0-6a11539cc0a3" testId="ebecc42a-1757-4f64-9335-8cea8a722548" testName="EnvironmentDefinitionOverviewControlTests Should have arrow when set" computerName="TFSBUILD11" duration="00:00:00.0290000" startTime="2015-09-28T09:46:08.2026878-07:00" endTime="2015-09-28T09:46:08.2026878-07:00" testType="13cdc9d9-ddb5-4fa4-a97d-d965ccfc6d4b" outcome="Passed" testListId="8c84fa94-04c1-424b-9868-57a2d4851a1d" relativeResultsDirectory="c0107464-e34c-4520-9fc0-6a11539cc0a3" />
    <UnitTestResult executionId="74943e34-cde7-445f-bf58-9c8e2bf232e1" testId="ba440682-5db1-47d5-84b6-7310680e2658" testName="EnvironmentDefinitionTileControlTests Should be able to create EnvironmentDefinitionTile" computerName="TFSBUILD11" duration="00:00:00.0760000" startTime="2015-09-28T09:46:08.2026878-07:00" endTime="2015-09-28T09:46:08.2026878-07:00" testType="13cdc9d9-ddb5-4fa4-a97d-d965ccfc6d4b" outcome="Passed" testListId="8c84fa94-04c1-424b-9868-57a2d4851a1d" relativeResultsDirectory="74943e34-cde7-445f-bf58-9c8e2bf232e1" />
    <UnitTestResult executionId="4ab23229-ab46-48eb-90e9-8ea137efed3c" testId="ae2a0060-5700-4789-bfb7-b0f74d0f495c" testName="EnvironmentDefinitionTileControlTests Delete Environment from menu should raise Delete event" computerName="TFSBUILD11" duration="00:00:00.0720000" startTime="2015-09-28T09:46:08.2026878-07:00" endTime="2015-09-28T09:46:08.2026878-07:00" testType="13cdc9d9-ddb5-4fa4-a97d-d965ccfc6d4b" outcome="Passed" testListId="8c84fa94-04c1-424b-9868-57a2d4851a1d" relativeResultsDirectory="4ab23229-ab46-48eb-90e9-8ea137efed3c" />
    <UnitTestResult executionId="02e98eaa-e9d6-4969-897c-3d8644b0782a" testId="a35ded9a-7101-48e6-b5d2-78f8e74e8b65" testName="EnvironmentDefinitionTileControlTests Environment definition options should come in the tile as ellipsis" computerName="TFSBUILD11" duration="00:00:00.0340000" startTime="2015-09-28T09:46:08.2026878-07:00" endTime="2015-09-28T09:46:08.2026878-07:00" testType="13cdc9d9-ddb5-4fa4-a97d-d965ccfc6d4b" outcome="Passed" testListId="8c84fa94-04c1-424b-9868-57a2d4851a1d" relativeResultsDirectory="02e98eaa-e9d6-4969-897c-3d8644b0782a" />
    <UnitTestResult executionId="2be72caa-5e6a-47c7-8d0e-e81f4235ffe3" testId="66fbae48-97da-4386-b941-764b02981b5e" testName="EnvironmentDefinitionTileControlTests Approval dialog visibility test" computerName="TFSBUILD11" duration="00:00:00.2830000" startTime="2015-09-28T09:46:08.2026878-07:00" endTime="2015-09-28T09:46:08.2026878-07:00" testType="13cdc9d9-ddb5-4fa4-a97d-d965ccfc6d4b" outcome="Passed" testListId="8c84fa94-04c1-424b-9868-57a2d4851a1d" relativeResultsDirectory="2be72caa-5e6a-47c7-8d0e-e81f4235ffe3" />
    <UnitTestResult executionId="f852a0af-7cb5-4605-9d81-9c03ba0bdff9" testId="e395dcdc-b69c-410c-b95f-d15e9f15c17d" testName="EnvironmentDefinitionTileControlTests Name label should be updated when new name given by user" computerName="TFSBUILD11" duration="00:00:00.0510000" startTime="2015-09-28T09:46:08.2026878-07:00" endTime="2015-09-28T09:46:08.2026878-07:00" testType="13cdc9d9-ddb5-4fa4-a97d-d965ccfc6d4b" outcome="Passed" testListId="8c84fa94-04c1-424b-9868-57a2d4851a1d" relativeResultsDirectory="f852a0af-7cb5-4605-9d81-9c03ba0bdff9" />
    <UnitTestResult executionId="d7da6573-07b7-4f06-a8a1-5a063cfee931" testId="5ac4967b-9162-4c14-8459-0c60390e3fcc" testName="EnvironmentDefinitionTileControlTests Name label should be discarded when new name given by user but escape pressed" computerName="TFSBUILD11" duration="00:00:00.0440000" startTime="2015-09-28T09:46:08.2036885-07:00" endTime="2015-09-28T09:46:08.2036885-07:00" testType="13cdc9d9-ddb5-4fa4-a97d-d965ccfc6d4b" outcome="Passed" testListId="8c84fa94-04c1-424b-9868-57a2d4851a1d" relativeResultsDirectory="d7da6573-07b7-4f06-a8a1-5a063cfee931" />
    <UnitTestResult executionId="66a4ebac-614a-4baf-9e1a-5884603a1939" testId="dd0a036c-28d8-42bb-ae4d-51a269b109dd" testName="EnvironmentDefinitionTileControlTests Tasks count should be updated when new task added" computerName="TFSBUILD11" duration="00:00:00.0410000" startTime="2015-09-28T09:46:08.2036885-07:00" endTime="2015-09-28T09:46:08.2036885-07:00" testType="13cdc9d9-ddb5-4fa4-a97d-d965ccfc6d4b" outcome="Passed" testListId="8c84fa94-04c1-424b-9868-57a2d4851a1d" relativeResultsDirectory="66a4ebac-614a-4baf-9e1a-5884603a1939" />
    <UnitTestResult executionId="16b5539d-86fd-4137-8823-a3932f47621f" testId="0959058e-eb1f-4969-837d-55a3b00b50cc" testName="EnvironmentDefinitionTileControlTests Label should not be shown when enter or escape pressed in name textbox" computerName="TFSBUILD11" duration="00:00:00.0610000" startTime="2015-09-28T09:46:08.7765440-07:00" endTime="2015-09-28T09:46:08.7765440-07:00" testType="13cdc9d9-ddb5-4fa4-a97d-d965ccfc6d4b" outcome="Passed" testListId="8c84fa94-04c1-424b-9868-57a2d4851a1d" relativeResultsDirectory="16b5539d-86fd-4137-8823-a3932f47621f" />
    <UnitTestResult executionId="f78cb13a-9592-40ae-8998-979cba5442ad" testId="7c179878-e1fc-4386-8d6d-b9cb94de4ba1" testName="ReleaseDefinitionOverviewControlTests Verify control create" computerName="TFSBUILD11" duration="00:00:00.0510000" startTime="2015-09-28T09:46:08.7765440-07:00" endTime="2015-09-28T09:46:08.7765440-07:00" testType="13cdc9d9-ddb5-4fa4-a97d-d965ccfc6d4b" outcome="Passed" testListId="8c84fa94-04c1-424b-9868-57a2d4851a1d" relativeResultsDirectory="f78cb13a-9592-40ae-8998-979cba5442ad" />
    <UnitTestResult executionId="3ebd1a7b-1759-4a18-8eaf-5455fa488407" testId="ef065467-f068-4ecb-a809-00b701a10493" testName="ReleaseDefinitionOverviewControlTests Open release definition links should not work if user does not have edit permission" computerName="TFSBUILD11" duration="00:00:00.0590000" startTime="2015-09-28T09:46:08.7765440-07:00" endTime="2015-09-28T09:46:08.7765440-07:00" testType="13cdc9d9-ddb5-4fa4-a97d-d965ccfc6d4b" outcome="Passed" testListId="8c84fa94-04c1-424b-9868-57a2d4851a1d" relativeResultsDirectory="3ebd1a7b-1759-4a18-8eaf-5455fa488407" />
    <UnitTestResult executionId="ad8d3d1d-1416-4f77-9f21-1f7bfc806105" testId="99c9e972-bf0e-4230-8a3c-2ccf773c9ac8" testName="ReleaseDefinitionOverviewControlTests Open release definition should work if user have permission" computerName="TFSBUILD11" duration="00:00:00.0440000" startTime="2015-09-28T09:46:08.7765440-07:00" endTime="2015-09-28T09:46:08.7765440-07:00" testType="13cdc9d9-ddb5-4fa4-a97d-d965ccfc6d4b" outcome="Passed" testListId="8c84fa94-04c1-424b-9868-57a2d4851a1d" relativeResultsDirectory="ad8d3d1d-1416-4f77-9f21-1f7bfc806105" />
    <UnitTestResult executionId="7bfe6475-eec4-47d8-8d07-12027b494f4d" testId="e573cfa7-b703-47a5-934f-f1e221070bb4" testName="CreateReleasePopupDialogTests Constructor should call getReleaseDefinition of release definition manager with right definitionId" computerName="TFSBUILD11" duration="00:00:00.1150000" startTime="2015-09-28T09:46:08.7765440-07:00" endTime="2015-09-28T09:46:08.7765440-07:00" testType="13cdc9d9-ddb5-4fa4-a97d-d965ccfc6d4b" outcome="Passed" testListId="8c84fa94-04c1-424b-9868-57a2d4851a1d" relativeResultsDirectory="7bfe6475-eec4-47d8-8d07-12027b494f4d" />
    <UnitTestResult executionId="7f0339f7-33f8-42e9-af20-14b9fcb74538" testId="3c91b905-dbad-4f98-bdbf-70ad0fbd7dab" testName="CreateReleasePopupDialogTests Should see popup dialog on triggering create release" computerName="TFSBUILD11" duration="00:00:00.0740000" startTime="2015-09-28T09:46:08.7765440-07:00" endTime="2015-09-28T09:46:08.7765440-07:00" testType="13cdc9d9-ddb5-4fa4-a97d-d965ccfc6d4b" outcome="Passed" testListId="8c84fa94-04c1-424b-9868-57a2d4851a1d" relativeResultsDirectory="7f0339f7-33f8-42e9-af20-14b9fcb74538" />
    <UnitTestResult executionId="8d9dfe84-b4fb-493e-8710-7b15953690d8" testId="236a6621-ebc3-464a-ae0a-152d1e53cc7a" testName="CreateReleasePopupDialogTests Popup dialog should have right title" computerName="TFSBUILD11" duration="00:00:00.0590000" startTime="2015-09-28T09:46:08.7765440-07:00" endTime="2015-09-28T09:46:08.7765440-07:00" testType="13cdc9d9-ddb5-4fa4-a97d-d965ccfc6d4b" outcome="Passed" testListId="8c84fa94-04c1-424b-9868-57a2d4851a1d" relativeResultsDirectory="8d9dfe84-b4fb-493e-8710-7b15953690d8" />
    <UnitTestResult executionId="498a9650-4a87-456d-83aa-5eddaaaab672" testId="256cc16e-2c94-4584-9d4f-6f1dbf351af4" testName="CreateReleasePopupDialogTests Create release popup dialog should have create button" computerName="TFSBUILD11" duration="00:00:00.0470000" startTime="2015-09-28T09:46:08.7765440-07:00" endTime="2015-09-28T09:46:08.7765440-07:00" testType="13cdc9d9-ddb5-4fa4-a97d-d965ccfc6d4b" outcome="Passed" testListId="8c84fa94-04c1-424b-9868-57a2d4851a1d" relativeResultsDirectory="498a9650-4a87-456d-83aa-5eddaaaab672" />
    <UnitTestResult executionId="f28783be-f94f-4552-ba51-4b566d4e7553" testId="6d9e9f44-b880-48c0-84d6-ed25cca8e154" testName="CreateReleasePopupDialogTests Clicking cancel should prompt user for confirmation" computerName="TFSBUILD11" duration="00:00:00.0610000" startTime="2015-09-28T09:46:08.7775407-07:00" endTime="2015-09-28T09:46:08.7775407-07:00" testType="13cdc9d9-ddb5-4fa4-a97d-d965ccfc6d4b" outcome="Passed" testListId="8c84fa94-04c1-424b-9868-57a2d4851a1d" relativeResultsDirectory="f28783be-f94f-4552-ba51-4b566d4e7553" />
    <UnitTestResult executionId="d1bb45aa-23d1-4ab8-8481-0925a6579e73" testId="a3e04130-0018-435b-8f5f-902dc96a79f1" testName="CreateReleasePopupDialogTests ESC should prompt user for confirmation" computerName="TFSBUILD11" duration="00:00:00.0530000" startTime="2015-09-28T09:46:09.4932830-07:00" endTime="2015-09-28T09:46:09.4932830-07:00" testType="13cdc9d9-ddb5-4fa4-a97d-d965ccfc6d4b" outcome="Passed" testListId="8c84fa94-04c1-424b-9868-57a2d4851a1d" relativeResultsDirectory="d1bb45aa-23d1-4ab8-8481-0925a6579e73" />
    <UnitTestResult executionId="eca9bb35-696a-45dc-817f-ab567e1d52a5" testId="808cb854-56d7-4050-b223-c48dc4000018" testName="CreateReleasePopupDialogTests Create release should call beginCreateRelease with right set of parameters" computerName="TFSBUILD11" duration="00:00:00.0770000" startTime="2015-09-28T09:46:09.4932830-07:00" endTime="2015-09-28T09:46:09.4932830-07:00" testType="13cdc9d9-ddb5-4fa4-a97d-d965ccfc6d4b" outcome="Passed" testListId="8c84fa94-04c1-424b-9868-57a2d4851a1d" relativeResultsDirectory="eca9bb35-696a-45dc-817f-ab567e1d52a5" />
    <UnitTestResult executionId="34652b1e-0bec-4b22-b502-7f6900abf9ef" testId="b57a0a7b-0086-4857-9dab-4fb52ba13df5" testName="CreateReleasePopupDialogTests popup dialog must be closed on clicking create" computerName="TFSBUILD11" duration="00:00:00.0760000" startTime="2015-09-28T09:46:09.4932830-07:00" endTime="2015-09-28T09:46:09.4932830-07:00" testType="13cdc9d9-ddb5-4fa4-a97d-d965ccfc6d4b" outcome="Passed" testListId="8c84fa94-04c1-424b-9868-57a2d4851a1d" relativeResultsDirectory="34652b1e-0bec-4b22-b502-7f6900abf9ef" />
    <UnitTestResult executionId="1309f34e-5422-4169-8287-8d5399390539" testId="155c05fd-77d0-4d78-996b-4cf67a02cc62" testName="CreateReleasePopupDialogTests Clicking on create should not ask for confirmation" computerName="TFSBUILD11" duration="00:00:00.1180000" startTime="2015-09-28T09:46:09.4942837-07:00" endTime="2015-09-28T09:46:09.4942837-07:00" testType="13cdc9d9-ddb5-4fa4-a97d-d965ccfc6d4b" outcome="Passed" testListId="8c84fa94-04c1-424b-9868-57a2d4851a1d" relativeResultsDirectory="1309f34e-5422-4169-8287-8d5399390539" />
    <UnitTestResult executionId="2029c174-a138-4904-89df-b14f898f0ce9" testId="552a1f42-9e58-4092-92b8-030a2aa62c7a" testName="CreateReleasePopupDialogTests Release created message must have correct release name" computerName="TFSBUILD11" duration="00:00:00.0900000" startTime="2015-09-28T09:46:09.4942837-07:00" endTime="2015-09-28T09:46:09.4942837-07:00" testType="13cdc9d9-ddb5-4fa4-a97d-d965ccfc6d4b" outcome="Passed" testListId="8c84fa94-04c1-424b-9868-57a2d4851a1d" relativeResultsDirectory="2029c174-a138-4904-89df-b14f898f0ce9" />
    <UnitTestResult executionId="d21c7bc7-f3b7-4728-99df-a0b09a0ed2b3" testId="661df319-6c9e-49f2-b19a-3b84ecddf399" testName="CreateReleasePopupDialogTests Call createCallback on successful create of release" computerName="TFSBUILD11" duration="00:00:00.0910000" startTime="2015-09-28T09:46:09.4942837-07:00" endTime="2015-09-28T09:46:09.4942837-07:00" testType="13cdc9d9-ddb5-4fa4-a97d-d965ccfc6d4b" outcome="Passed" testListId="8c84fa94-04c1-424b-9868-57a2d4851a1d" relativeResultsDirectory="d21c7bc7-f3b7-4728-99df-a0b09a0ed2b3" />
    <UnitTestResult executionId="b2200e96-e203-4b62-abc1-1a9f8a80a8ff" testId="66015bdf-1405-4791-a844-8fc77a809e99" testName="CreateReleasePopupDialogTests Create button must be disabled till releaseDefinition details are not fetched" computerName="TFSBUILD11" duration="00:00:00.0510000" startTime="2015-09-28T09:46:09.4942837-07:00" endTime="2015-09-28T09:46:09.4942837-07:00" testType="13cdc9d9-ddb5-4fa4-a97d-d965ccfc6d4b" outcome="Passed" testListId="8c84fa94-04c1-424b-9868-57a2d4851a1d" relativeResultsDirectory="b2200e96-e203-4b62-abc1-1a9f8a80a8ff" />
    <UnitTestResult executionId="d56934fb-5d49-412a-8756-93d826f5efe4" testId="af7678c5-ee76-45f6-8506-5982291cd991" testName="CreateReleasePopupDialogTests Create button must disabled if agentPoolId detils are not present" computerName="TFSBUILD11" duration="00:00:00.0760000" startTime="2015-09-28T09:46:09.4942837-07:00" endTime="2015-09-28T09:46:09.4942837-07:00" testType="13cdc9d9-ddb5-4fa4-a97d-d965ccfc6d4b" outcome="Passed" testListId="8c84fa94-04c1-424b-9868-57a2d4851a1d" relativeResultsDirectory="d56934fb-5d49-412a-8756-93d826f5efe4" />
    <UnitTestResult executionId="58f4cfac-4604-4ace-955a-44125536e8a2" testId="0f270e6e-9b23-4216-b226-98e71cc5c91a" testName="CreateReleasePopupDialogTests Environment with lowest rank must be set as target environment" computerName="TFSBUILD11" duration="00:00:00.0800000" startTime="2015-09-28T09:46:09.4942837-07:00" endTime="2015-09-28T09:46:09.4942837-07:00" testType="13cdc9d9-ddb5-4fa4-a97d-d965ccfc6d4b" outcome="Passed" testListId="8c84fa94-04c1-424b-9868-57a2d4851a1d" relativeResultsDirectory="58f4cfac-4604-4ace-955a-44125536e8a2" />
    <UnitTestResult executionId="2fc1c507-9cfb-4fd2-a43e-36067a8f76b8" testId="769b5fbe-dbe6-4ee7-9d47-bca43c4c9052" testName="CreateReleasePopupDialogTests StartRelease Popup dialog should have right title" computerName="TFSBUILD11" duration="00:00:00.0860000" startTime="2015-09-28T09:46:09.8656709-07:00" endTime="2015-09-28T09:46:09.8656709-07:00" testType="13cdc9d9-ddb5-4fa4-a97d-d965ccfc6d4b" outcome="Passed" testListId="8c84fa94-04c1-424b-9868-57a2d4851a1d" relativeResultsDirectory="2fc1c507-9cfb-4fd2-a43e-36067a8f76b8" />
    <UnitTestResult executionId="e610f5e9-b89f-488c-b0ea-a5b8a319fd10" testId="50f95eb0-060b-4504-955e-c5e5fced3ed4" testName="CreateReleasePopupDialogTests StartRelease Popup dialog should have start button" computerName="TFSBUILD11" duration="00:00:00.0570000" startTime="2015-09-28T09:46:09.8656709-07:00" endTime="2015-09-28T09:46:09.8656709-07:00" testType="13cdc9d9-ddb5-4fa4-a97d-d965ccfc6d4b" outcome="Passed" testListId="8c84fa94-04c1-424b-9868-57a2d4851a1d" relativeResultsDirectory="e610f5e9-b89f-488c-b0ea-a5b8a319fd10" />
    <UnitTestResult executionId="639e32bf-e854-4b59-bb31-86ee39d4b929" testId="fb23e8ce-4242-49f5-bb42-b23bd0846bce" testName="CreateReleasePopupDialogTests StartRelease Popup dialog constructor should call getRelease of release manager with right releaseId" computerName="TFSBUILD11" duration="00:00:00.1010000" startTime="2015-09-28T09:46:09.8656709-07:00" endTime="2015-09-28T09:46:09.8656709-07:00" testType="13cdc9d9-ddb5-4fa4-a97d-d965ccfc6d4b" outcome="Passed" testListId="8c84fa94-04c1-424b-9868-57a2d4851a1d" relativeResultsDirectory="639e32bf-e854-4b59-bb31-86ee39d4b929" />
    <UnitTestResult executionId="e3bad9fe-2a9a-4c4b-be8c-4427e4bf1eac" testId="58914117-5f32-41cf-89ff-5fb2a1b1a98f" testName="EnvironmentTileControlTests Tiles should be created in the same order as passed in" computerName="TFSBUILD11" duration="00:00:00.0290000" startTime="2015-09-28T09:46:09.8656709-07:00" endTime="2015-09-28T09:46:09.8656709-07:00" testType="13cdc9d9-ddb5-4fa4-a97d-d965ccfc6d4b" outcome="Passed" testListId="8c84fa94-04c1-424b-9868-57a2d4851a1d" relativeResultsDirectory="e3bad9fe-2a9a-4c4b-be8c-4427e4bf1eac" />
    <UnitTestResult executionId="618fbe3b-9d78-422d-9dcb-17d5dd761439" testId="419dd203-2c09-499b-8ce6-1e8db12b80f8" testName="EnvironmentTileControlTests Pending approval icon should be added to first pending tile only" computerName="TFSBUILD11" duration="00:00:00.0240000" startTime="2015-09-28T09:46:09.8656709-07:00" endTime="2015-09-28T09:46:09.8656709-07:00" testType="13cdc9d9-ddb5-4fa4-a97d-d965ccfc6d4b" outcome="Passed" testListId="8c84fa94-04c1-424b-9868-57a2d4851a1d" relativeResultsDirectory="618fbe3b-9d78-422d-9dcb-17d5dd761439" />
    <UnitTestResult executionId="39ed6bbd-5d50-4f2c-80c4-b521a7c62f50" testId="ca301f1f-9a39-4f9a-8206-7b321b3a33a3" testName="EnvironmentTileControlTests Approval icon not shown if no approvals exist in pending environemnt" computerName="TFSBUILD11" duration="00:00:00.0180000" startTime="2015-09-28T09:46:09.8656709-07:00" endTime="2015-09-28T09:46:09.8656709-07:00" testType="13cdc9d9-ddb5-4fa4-a97d-d965ccfc6d4b" outcome="Passed" testListId="8c84fa94-04c1-424b-9868-57a2d4851a1d" relativeResultsDirectory="39ed6bbd-5d50-4f2c-80c4-b521a7c62f50" />
    <UnitTestResult executionId="8cb72267-ba9a-4b60-a08a-358d5f4abc18" testId="adbb5be0-d911-4552-a36e-0a542e03a26d" testName="CompositePivotsViewsTests CompositePivotsViews should give true in case currentView is undefined when switching to releases view" computerName="TFSBUILD11" duration="00:00:00.0170000" startTime="2015-09-28T09:46:09.8656709-07:00" endTime="2015-09-28T09:46:09.8656709-07:00" testType="13cdc9d9-ddb5-4fa4-a97d-d965ccfc6d4b" outcome="Passed" testListId="8c84fa94-04c1-424b-9868-57a2d4851a1d" relativeResultsDirectory="8cb72267-ba9a-4b60-a08a-358d5f4abc18" />
    <UnitTestResult executionId="fa1ee54b-abc5-4818-9dc3-53ec732a5ce6" testId="308df0fb-d077-4cbc-bbd9-f51882881341" testName="CompositePivotsViewsTests CompositePivotsViews should give true in case currentView is null when switching to releases view" computerName="TFSBUILD11" duration="00:00:00.0220000" startTime="2015-09-28T09:46:09.8656709-07:00" endTime="2015-09-28T09:46:09.8656709-07:00" testType="13cdc9d9-ddb5-4fa4-a97d-d965ccfc6d4b" outcome="Passed" testListId="8c84fa94-04c1-424b-9868-57a2d4851a1d" relativeResultsDirectory="fa1ee54b-abc5-4818-9dc3-53ec732a5ce6" />
    <UnitTestResult executionId="3d0479de-e84d-4bfa-8b1a-b1ad3e0f3294" testId="8f5b802f-6cf7-4a92-95d6-188d6c3f3aed" testName="CompositePivotsViewsTests CompositePivotsViews should give true in case currentView is logs when switching to relases view" computerName="TFSBUILD11" duration="00:00:00.0160000" startTime="2015-09-28T09:46:09.8656709-07:00" endTime="2015-09-28T09:46:09.8656709-07:00" testType="13cdc9d9-ddb5-4fa4-a97d-d965ccfc6d4b" outcome="Passed" testListId="8c84fa94-04c1-424b-9868-57a2d4851a1d" relativeResultsDirectory="3d0479de-e84d-4bfa-8b1a-b1ad3e0f3294" />
    <UnitTestResult executionId="b78a06aa-2ec7-418e-bdcd-24c848b015e1" testId="73829026-eae7-464a-9a6c-2ed72c68db95" testName="ReleaseSummaryRecentActivityTest Check for various releases." computerName="TFSBUILD11" duration="00:00:00.0920000" startTime="2015-09-28T09:46:10.2173040-07:00" endTime="2015-09-28T09:46:10.2173040-07:00" testType="13cdc9d9-ddb5-4fa4-a97d-d965ccfc6d4b" outcome="Passed" testListId="8c84fa94-04c1-424b-9868-57a2d4851a1d" relativeResultsDirectory="b78a06aa-2ec7-418e-bdcd-24c848b015e1" />
    <UnitTestResult executionId="6ea90144-fdb5-4e7a-81e6-352995303522" testId="85930390-fe60-4b9e-af93-22e0fe2be841" testName="ReleaseSummaryRecentActivityTest SetView must set releaseLogsUrl to edit release logs url" computerName="TFSBUILD11" duration="00:00:00.0360000" startTime="2015-09-28T09:46:10.2173040-07:00" endTime="2015-09-28T09:46:10.2173040-07:00" testType="13cdc9d9-ddb5-4fa4-a97d-d965ccfc6d4b" outcome="Passed" testListId="8c84fa94-04c1-424b-9868-57a2d4851a1d" relativeResultsDirectory="6ea90144-fdb5-4e7a-81e6-352995303522" />
    <UnitTestResult executionId="befc9c5f-4283-45e2-938f-a41a93a4041f" testId="0b5b9fda-f653-4754-91dd-85eb45cda752" testName="ReleaseSummaryRecentActivityTest ShowLogsPage must call perform action with edit release logs url" computerName="TFSBUILD11" duration="00:00:00.0270000" startTime="2015-09-28T09:46:10.2182882-07:00" endTime="2015-09-28T09:46:10.2182882-07:00" testType="13cdc9d9-ddb5-4fa4-a97d-d965ccfc6d4b" outcome="Passed" testListId="8c84fa94-04c1-424b-9868-57a2d4851a1d" relativeResultsDirectory="befc9c5f-4283-45e2-938f-a41a93a4041f" />
    <UnitTestResult executionId="24b545cb-8634-461e-99e9-b81fc49913bd" testId="e47d6d37-8aae-4deb-a792-fbf91bb9d891" testName="ApprovalsExplorerViewModelTests ApprovalViewModel object should be constructed properly and getApprovalTile should return the approval tile" computerName="TFSBUILD11" duration="00:00:00.0380000" startTime="2015-09-28T09:46:10.2182882-07:00" endTime="2015-09-28T09:46:10.2182882-07:00" testType="13cdc9d9-ddb5-4fa4-a97d-d965ccfc6d4b" outcome="Passed" testListId="8c84fa94-04c1-424b-9868-57a2d4851a1d" relativeResultsDirectory="24b545cb-8634-461e-99e9-b81fc49913bd" />
    <UnitTestResult executionId="ed60c589-8d00-4289-904a-154ce53cd45c" testId="faef73d4-35c4-4034-b5a9-d4a990f534b5" testName="ApprovalsExplorerViewModelTests Pending Approvals should be returned correctly" computerName="TFSBUILD11" duration="00:00:00.0450000" startTime="2015-09-28T09:46:10.2182882-07:00" endTime="2015-09-28T09:46:10.2182882-07:00" testType="13cdc9d9-ddb5-4fa4-a97d-d965ccfc6d4b" outcome="Passed" testListId="8c84fa94-04c1-424b-9868-57a2d4851a1d" relativeResultsDirectory="ed60c589-8d00-4289-904a-154ce53cd45c" />
    <UnitTestResult executionId="d8ea9f98-0bf5-4c31-817d-e120817ce024" testId="7cefe5a1-bec1-4079-a768-d58e02059d8b" testName="ApprovalsExplorerViewModelTests ApprovalViewModel update should update the Approval Tile" computerName="TFSBUILD11" duration="00:00:00.0180000" startTime="2015-09-28T09:46:10.2182882-07:00" endTime="2015-09-28T09:46:10.2182882-07:00" testType="13cdc9d9-ddb5-4fa4-a97d-d965ccfc6d4b" outcome="Passed" testListId="8c84fa94-04c1-424b-9868-57a2d4851a1d" relativeResultsDirectory="d8ea9f98-0bf5-4c31-817d-e120817ce024" />
    <UnitTestResult executionId="1a208966-2d17-4758-9cf8-595082c1f2d8" testId="4366a6ad-c9da-4254-a879-09bc5d696567" testName="ApprovalsExplorerViewModelTests Search should return only matching approval tile entries " computerName="TFSBUILD11" duration="00:00:00.0310000" startTime="2015-09-28T09:46:10.2182882-07:00" endTime="2015-09-28T09:46:10.2182882-07:00" testType="13cdc9d9-ddb5-4fa4-a97d-d965ccfc6d4b" outcome="Passed" testListId="8c84fa94-04c1-424b-9868-57a2d4851a1d" relativeResultsDirectory="1a208966-2d17-4758-9cf8-595082c1f2d8" />
    <UnitTestResult executionId="1082cf88-7e42-41bb-979e-cb6d334cfc44" testId="b814497f-ff3b-4fc2-bb1c-791914c652f7" testName="ApprovalsExplorerViewModelTests Search should not return un matching approval tile entries" computerName="TFSBUILD11" duration="00:00:00.0300000" startTime="2015-09-28T09:46:10.2182882-07:00" endTime="2015-09-28T09:46:10.2182882-07:00" testType="13cdc9d9-ddb5-4fa4-a97d-d965ccfc6d4b" outcome="Passed" testListId="8c84fa94-04c1-424b-9868-57a2d4851a1d" relativeResultsDirectory="1082cf88-7e42-41bb-979e-cb6d334cfc44" />
    <UnitTestResult executionId="0be932ae-aa4a-416c-98aa-c5f1af375947" testId="0dbd0332-7c1c-4cc9-bd30-20a7acca6fdc" testName="ApprovalsExplorerViewModelTests Refresh should return correct approval tile entries" computerName="TFSBUILD11" duration="00:00:00.0310000" startTime="2015-09-28T09:46:10.2182882-07:00" endTime="2015-09-28T09:46:10.2182882-07:00" testType="13cdc9d9-ddb5-4fa4-a97d-d965ccfc6d4b" outcome="Passed" testListId="8c84fa94-04c1-424b-9868-57a2d4851a1d" relativeResultsDirectory="0be932ae-aa4a-416c-98aa-c5f1af375947" />
    <UnitTestResult executionId="b7ae2f80-6205-4998-94e2-af19164e4b6b" testId="cbc99b80-fc2c-4c64-97a6-8b4b3a80c171" testName="ApprovalsExplorerViewModelTests Approved by Me Filters should return correct no of approval tile entries" computerName="TFSBUILD11" duration="00:00:00.0300000" startTime="2015-09-28T09:46:10.4811170-07:00" endTime="2015-09-28T09:46:10.4811170-07:00" testType="13cdc9d9-ddb5-4fa4-a97d-d965ccfc6d4b" outcome="Passed" testListId="8c84fa94-04c1-424b-9868-57a2d4851a1d" relativeResultsDirectory="b7ae2f80-6205-4998-94e2-af19164e4b6b" />
    <UnitTestResult executionId="7ab2f0bf-8c13-44cd-b8ac-d70c9555a20a" testId="4d142ae4-255a-47d3-ba51-e0569faa5ecc" testName="ApprovalsExplorerViewModelTests Cancelled by Me Filters should return correct no of approval tile entries" computerName="TFSBUILD11" duration="00:00:00.0300000" startTime="2015-09-28T09:46:10.4811170-07:00" endTime="2015-09-28T09:46:10.4811170-07:00" testType="13cdc9d9-ddb5-4fa4-a97d-d965ccfc6d4b" outcome="Passed" testListId="8c84fa94-04c1-424b-9868-57a2d4851a1d" relativeResultsDirectory="7ab2f0bf-8c13-44cd-b8ac-d70c9555a20a" />
    <UnitTestResult executionId="569e9403-b273-4431-9fa6-a4de87fe1093" testId="0aac3e16-3635-4160-a017-29c794c2ee40" testName="ApprovalsExplorerViewModelTests Reassigned by Me Filters should return correct no of approval tile entries" computerName="TFSBUILD11" duration="00:00:00.0300000" startTime="2015-09-28T09:46:10.4811170-07:00" endTime="2015-09-28T09:46:10.4811170-07:00" testType="13cdc9d9-ddb5-4fa4-a97d-d965ccfc6d4b" outcome="Passed" testListId="8c84fa94-04c1-424b-9868-57a2d4851a1d" relativeResultsDirectory="569e9403-b273-4431-9fa6-a4de87fe1093" />
    <UnitTestResult executionId="769d2d8c-fe39-4545-9121-ad8d024c37a1" testId="1b4a2cf6-0118-4077-a625-14612ceda662" testName="ApprovalsExplorerViewModelTests Rejected by Me Filters should return correct no of approval tile entries" computerName="TFSBUILD11" duration="00:00:00.0280000" startTime="2015-09-28T09:46:10.4811170-07:00" endTime="2015-09-28T09:46:10.4811170-07:00" testType="13cdc9d9-ddb5-4fa4-a97d-d965ccfc6d4b" outcome="Passed" testListId="8c84fa94-04c1-424b-9868-57a2d4851a1d" relativeResultsDirectory="769d2d8c-fe39-4545-9121-ad8d024c37a1" />
    <UnitTestResult executionId="ffd0b44d-d939-4e0e-a8d5-ea1da32278e6" testId="1b03142a-8cdf-4cba-b7f0-9e03afa216e3" testName="ApprovalsExplorerViewModelTests Reassigned by All Filters should return correct no of approval tile entries" computerName="TFSBUILD11" duration="00:00:00.0280000" startTime="2015-09-28T09:46:10.4811170-07:00" endTime="2015-09-28T09:46:10.4811170-07:00" testType="13cdc9d9-ddb5-4fa4-a97d-d965ccfc6d4b" outcome="Passed" testListId="8c84fa94-04c1-424b-9868-57a2d4851a1d" relativeResultsDirectory="ffd0b44d-d939-4e0e-a8d5-ea1da32278e6" />
    <UnitTestResult executionId="7c8e484d-d6db-4e06-a30d-bb3f049a47f0" testId="5d1ff744-e1f6-4497-9958-5d4d1878e7fa" testName="ApprovalsExplorerViewModelTests All Approvals assigned to Me and status of All should return all the approvals" computerName="TFSBUILD11" duration="00:00:00.0320000" startTime="2015-09-28T09:46:10.4811170-07:00" endTime="2015-09-28T09:46:10.4811170-07:00" testType="13cdc9d9-ddb5-4fa4-a97d-d965ccfc6d4b" outcome="Passed" testListId="8c84fa94-04c1-424b-9868-57a2d4851a1d" relativeResultsDirectory="7c8e484d-d6db-4e06-a30d-bb3f049a47f0" />
    <UnitTestResult executionId="3a472149-ed97-4378-a76c-9a6f544603e5" testId="a1ce6472-e8eb-47ad-8b63-60a617f4dcc3" testName="ApprovalsExplorerViewModelTests All Approvals assigned to All and status of All should return all the approvals" computerName="TFSBUILD11" duration="00:00:00.0420000" startTime="2015-09-28T09:46:10.4811170-07:00" endTime="2015-09-28T09:46:10.4811170-07:00" testType="13cdc9d9-ddb5-4fa4-a97d-d965ccfc6d4b" outcome="Passed" testListId="8c84fa94-04c1-424b-9868-57a2d4851a1d" relativeResultsDirectory="3a472149-ed97-4378-a76c-9a6f544603e5" />
    <UnitTestResult executionId="65eda29f-7db6-41ce-ab49-58186b627d1a" testId="30c50d8b-e7a4-4f05-b7bd-834a04c4b602" testName="ArtifactDeploymentSectionViewModelTests Verify deployment section view model data on creation and update" computerName="TFSBUILD11" duration="00:00:00.0240000" startTime="2015-09-28T09:46:10.4811170-07:00" endTime="2015-09-28T09:46:10.4811170-07:00" testType="13cdc9d9-ddb5-4fa4-a97d-d965ccfc6d4b" outcome="Passed" testListId="8c84fa94-04c1-424b-9868-57a2d4851a1d" relativeResultsDirectory="65eda29f-7db6-41ce-ab49-58186b627d1a" />
    <UnitTestResult executionId="fa96c36a-fa8f-40f4-b621-94b1e68613f6" testId="9c44ad69-2bcb-4977-bdff-5fd710fcbcd5" testName="ArtifactDeploymentSectionViewModelTests Update on linked environment without artifact should not set name and status" computerName="TFSBUILD11" duration="00:00:00.0170000" startTime="2015-09-28T09:46:10.4811170-07:00" endTime="2015-09-28T09:46:10.4811170-07:00" testType="13cdc9d9-ddb5-4fa4-a97d-d965ccfc6d4b" outcome="Passed" testListId="8c84fa94-04c1-424b-9868-57a2d4851a1d" relativeResultsDirectory="fa96c36a-fa8f-40f4-b621-94b1e68613f6" />
    <UnitTestResult executionId="53a32000-a490-4f48-983c-b7e0ebe177d4" testId="5d97131c-a31e-4714-b5f1-0292322da161" testName="ArtifactSummarySectionViewModelTests Verify summary section view model data on creation" computerName="TFSBUILD11" duration="00:00:00.0200000" startTime="2015-09-28T09:46:10.7763379-07:00" endTime="2015-09-28T09:46:10.7753375-07:00" testType="13cdc9d9-ddb5-4fa4-a97d-d965ccfc6d4b" outcome="Passed" testListId="8c84fa94-04c1-424b-9868-57a2d4851a1d" relativeResultsDirectory="53a32000-a490-4f48-983c-b7e0ebe177d4" />
    <UnitTestResult executionId="27d5cf87-a56e-4ec5-b0c0-c0901ed7dbc2" testId="1f7fab2a-ef34-4ff8-ad67-dc7be53d67c1" testName="ArtifactSummarySectionViewModelTests Verify model is having correct data after update" computerName="TFSBUILD11" duration="00:00:00.0190000" startTime="2015-09-28T09:46:10.7763379-07:00" endTime="2015-09-28T09:46:10.7763379-07:00" testType="13cdc9d9-ddb5-4fa4-a97d-d965ccfc6d4b" outcome="Passed" testListId="8c84fa94-04c1-424b-9868-57a2d4851a1d" relativeResultsDirectory="27d5cf87-a56e-4ec5-b0c0-c0901ed7dbc2" />
    <UnitTestResult executionId="6580a812-3021-4755-b05d-82fd36529f3e" testId="0086d32f-6a4c-43bf-a633-f4ef984a0506" testName="ArtifactSummarySectionViewModelTests Verify latest version update" computerName="TFSBUILD11" duration="00:00:00.0200000" startTime="2015-09-28T09:46:10.7763379-07:00" endTime="2015-09-28T09:46:10.7763379-07:00" testType="13cdc9d9-ddb5-4fa4-a97d-d965ccfc6d4b" outcome="Passed" testListId="8c84fa94-04c1-424b-9868-57a2d4851a1d" relativeResultsDirectory="6580a812-3021-4755-b05d-82fd36529f3e" />
    <UnitTestResult executionId="87bb7870-afdd-420a-9e02-8887a6b77eaf" testId="3c40a5ce-5845-468c-a32e-65e51d3f8931" testName="ArtifactSummarySectionViewModelTests Verify edit and save" computerName="TFSBUILD11" duration="00:00:00.0470000" startTime="2015-09-28T09:46:10.7763379-07:00" endTime="2015-09-28T09:46:10.7763379-07:00" testType="13cdc9d9-ddb5-4fa4-a97d-d965ccfc6d4b" outcome="Passed" testListId="8c84fa94-04c1-424b-9868-57a2d4851a1d" relativeResultsDirectory="87bb7870-afdd-420a-9e02-8887a6b77eaf" />
    <UnitTestResult executionId="7d07d808-172c-494c-8254-efd4a5ccd91a" testId="519c76a1-47b4-4eea-b61e-88ae4cf0c61c" testName="ArtifactSummarySectionViewModelTests Refresh should update the model with new data" computerName="TFSBUILD11" duration="00:00:00.0590000" startTime="2015-09-28T09:46:10.7763379-07:00" endTime="2015-09-28T09:46:10.7763379-07:00" testType="13cdc9d9-ddb5-4fa4-a97d-d965ccfc6d4b" outcome="Passed" testListId="8c84fa94-04c1-424b-9868-57a2d4851a1d" relativeResultsDirectory="7d07d808-172c-494c-8254-efd4a5ccd91a" />
    <UnitTestResult executionId="1474762b-a1d1-497b-a835-74cbb69c8681" testId="34cf6263-d4c0-4032-b15a-6356c1ec8cd8" testName="ArtifactSummarySectionViewModelTests clicking refresh should reset the edit mode" computerName="TFSBUILD11" duration="00:00:00.0180000" startTime="2015-09-28T09:46:10.7773358-07:00" endTime="2015-09-28T09:46:10.7773358-07:00" testType="13cdc9d9-ddb5-4fa4-a97d-d965ccfc6d4b" outcome="Passed" testListId="8c84fa94-04c1-424b-9868-57a2d4851a1d" relativeResultsDirectory="1474762b-a1d1-497b-a835-74cbb69c8681" />
    <UnitTestResult executionId="ee6574fd-53fc-4992-b5e0-e64c39b054c5" testId="d0fa6bb6-5eb2-4071-8e7e-631baafcbf09" testName="ArtifactSummarySectionViewModelTests clicking cancel should restore original data" computerName="TFSBUILD11" duration="00:00:00.0200000" startTime="2015-09-28T09:46:10.7773358-07:00" endTime="2015-09-28T09:46:10.7773358-07:00" testType="13cdc9d9-ddb5-4fa4-a97d-d965ccfc6d4b" outcome="Passed" testListId="8c84fa94-04c1-424b-9868-57a2d4851a1d" relativeResultsDirectory="ee6574fd-53fc-4992-b5e0-e64c39b054c5" />
    <UnitTestResult executionId="dc2355da-d5ac-41b3-aeea-bbde47139aef" testId="b196dd83-aff5-4623-9f77-f6c845366c02" testName="ArtifactsExplorerViewModelTests ArtifactNodeViewModel object should be constructed properly and getArtifactSourceNode should return the artifact sourceNode " computerName="TFSBUILD11" duration="00:00:00.0460000" startTime="2015-09-28T09:46:10.7773358-07:00" endTime="2015-09-28T09:46:10.7773358-07:00" testType="13cdc9d9-ddb5-4fa4-a97d-d965ccfc6d4b" outcome="Passed" testListId="8c84fa94-04c1-424b-9868-57a2d4851a1d" relativeResultsDirectory="dc2355da-d5ac-41b3-aeea-bbde47139aef" />
    <UnitTestResult executionId="9571970b-68f0-4f0c-ac45-c9c7c38f57e4" testId="1a412c6b-3881-4963-b998-ed2530354bd8" testName="ArtifactsExplorerViewModelTests All Artifact Types should be returned correctly" computerName="TFSBUILD11" duration="00:00:00.0410000" startTime="2015-09-28T09:46:10.7773358-07:00" endTime="2015-09-28T09:46:10.7773358-07:00" testType="13cdc9d9-ddb5-4fa4-a97d-d965ccfc6d4b" outcome="Passed" testListId="8c84fa94-04c1-424b-9868-57a2d4851a1d" relativeResultsDirectory="9571970b-68f0-4f0c-ac45-c9c7c38f57e4" />
    <UnitTestResult executionId="a10131bb-553c-4060-8375-1595fd75bd48" testId="382b0941-cb2a-4ff2-8737-2ff78dc7876f" testName="ArtifactsExplorerViewModelTests All Artifact sources of Artifact Type should be returned correctly" computerName="TFSBUILD11" duration="00:00:00.0330000" startTime="2015-09-28T09:46:11.0272918-07:00" endTime="2015-09-28T09:46:11.0272918-07:00" testType="13cdc9d9-ddb5-4fa4-a97d-d965ccfc6d4b" outcome="Passed" testListId="8c84fa94-04c1-424b-9868-57a2d4851a1d" relativeResultsDirectory="a10131bb-553c-4060-8375-1595fd75bd48" />
    <UnitTestResult executionId="c1a6d1c8-a0b1-4bdb-aa81-d004640e0744" testId="1e876801-7c0b-4d0a-a6e0-ef67fdb8f45a" testName="ArtifactsExplorerViewModelTests All Artifact sources of all Artifact Types should be returned correctly" computerName="TFSBUILD11" duration="00:00:00.0330000" startTime="2015-09-28T09:46:11.0272918-07:00" endTime="2015-09-28T09:46:11.0272918-07:00" testType="13cdc9d9-ddb5-4fa4-a97d-d965ccfc6d4b" outcome="Passed" testListId="8c84fa94-04c1-424b-9868-57a2d4851a1d" relativeResultsDirectory="c1a6d1c8-a0b1-4bdb-aa81-d004640e0744" />
    <UnitTestResult executionId="a5ba629a-c92d-4e53-b895-2cc5c92cf2c9" testId="83ba4a16-58c9-4433-a5aa-f5a184399b99" testName="ArtifactsExplorerViewModelTests On changing ArtifactSource label, currentArtifactLabel should change" computerName="TFSBUILD11" duration="00:00:00.0180000" startTime="2015-09-28T09:46:11.0272918-07:00" endTime="2015-09-28T09:46:11.0272918-07:00" testType="13cdc9d9-ddb5-4fa4-a97d-d965ccfc6d4b" outcome="Passed" testListId="8c84fa94-04c1-424b-9868-57a2d4851a1d" relativeResultsDirectory="a5ba629a-c92d-4e53-b895-2cc5c92cf2c9" />
    <UnitTestResult executionId="4fc8a4e9-a886-4b86-a94a-e97006f672b0" testId="712505cc-bf46-4853-a626-9708ef1073ae" testName="ArtifactsExplorerViewModelTests On calling refresh the artifact type id, artifact source id and artifact source label should be reset" computerName="TFSBUILD11" duration="00:00:00.0440000" startTime="2015-09-28T09:46:11.0272918-07:00" endTime="2015-09-28T09:46:11.0272918-07:00" testType="13cdc9d9-ddb5-4fa4-a97d-d965ccfc6d4b" outcome="Passed" testListId="8c84fa94-04c1-424b-9868-57a2d4851a1d" relativeResultsDirectory="4fc8a4e9-a886-4b86-a94a-e97006f672b0" />
    <UnitTestResult executionId="0f27594a-f961-4c02-93d0-176582bd8169" testId="e501ba09-d3f4-4a48-8086-99f121821065" testName="ArtifactsExplorerViewModelTests On selecting a new node, artifact type id, artifact source id and artifact source label should" computerName="TFSBUILD11" duration="00:00:00.0200000" startTime="2015-09-28T09:46:11.0272918-07:00" endTime="2015-09-28T09:46:11.0272918-07:00" testType="13cdc9d9-ddb5-4fa4-a97d-d965ccfc6d4b" outcome="Passed" testListId="8c84fa94-04c1-424b-9868-57a2d4851a1d" relativeResultsDirectory="0f27594a-f961-4c02-93d0-176582bd8169" />
    <UnitTestResult executionId="d9930f86-ee50-47ff-9304-109e1756348b" testId="d687a74a-5976-44fd-9e3a-f09d56577c47" testName="ArtifactsExplorerViewModelTests ArtifactDefinitionViewModel object should be constructed properly" computerName="TFSBUILD11" duration="00:00:00.0300000" startTime="2015-09-28T09:46:11.0272918-07:00" endTime="2015-09-28T09:46:11.0272918-07:00" testType="13cdc9d9-ddb5-4fa4-a97d-d965ccfc6d4b" outcome="Passed" testListId="8c84fa94-04c1-424b-9868-57a2d4851a1d" relativeResultsDirectory="d9930f86-ee50-47ff-9304-109e1756348b" />
    <UnitTestResult executionId="58269e46-948d-4879-8147-954fe8a0de5d" testId="bf46756d-ee13-46f4-abbd-47794ba19432" testName="ArtifactsExplorerViewModelTests ArtifactDefinitionViewModel getArtifactDefinition should return the artifact definition" computerName="TFSBUILD11" duration="00:00:00.0170000" startTime="2015-09-28T09:46:11.0272918-07:00" endTime="2015-09-28T09:46:11.0272918-07:00" testType="13cdc9d9-ddb5-4fa4-a97d-d965ccfc6d4b" outcome="Passed" testListId="8c84fa94-04c1-424b-9868-57a2d4851a1d" relativeResultsDirectory="58269e46-948d-4879-8147-954fe8a0de5d" />
    <UnitTestResult executionId="8a5fbcba-7afd-4f8d-9174-3a8ca3a20580" testId="39da64f2-80aa-4184-8920-a14972003821" testName="ArtifactsExplorerViewModelTests ArtifactDefinitionViewModel update should update the artifact definition" computerName="TFSBUILD11" duration="00:00:00.0180000" startTime="2015-09-28T09:46:11.0272918-07:00" endTime="2015-09-28T09:46:11.0272918-07:00" testType="13cdc9d9-ddb5-4fa4-a97d-d965ccfc6d4b" outcome="Passed" testListId="8c84fa94-04c1-424b-9868-57a2d4851a1d" relativeResultsDirectory="8a5fbcba-7afd-4f8d-9174-3a8ca3a20580" />
    <UnitTestResult executionId="566c8e0c-86a3-4755-86fc-3d1d711d40d2" testId="85eaba46-436e-4879-b625-715dd041e1a8" testName="ArtifactsExplorerViewModelTests All Artifact Definition should be returned if all definitions is set" computerName="TFSBUILD11" duration="00:00:00.0380000" startTime="2015-09-28T09:46:11.0272918-07:00" endTime="2015-09-28T09:46:11.0272918-07:00" testType="13cdc9d9-ddb5-4fa4-a97d-d965ccfc6d4b" outcome="Passed" testListId="8c84fa94-04c1-424b-9868-57a2d4851a1d" relativeResultsDirectory="566c8e0c-86a3-4755-86fc-3d1d711d40d2" />
    <UnitTestResult executionId="34b0c7ca-97b1-4816-8c1b-3212075972f6" testId="73e1604b-cb3b-497b-9da8-3cedc30afe14" testName="ArtifactsExplorerViewModelTests Artifact Definitions of a particular type should be returned when an artifact type is set" computerName="TFSBUILD11" duration="00:00:00.0300000" startTime="2015-09-28T09:46:11.6394982-07:00" endTime="2015-09-28T09:46:11.6394982-07:00" testType="13cdc9d9-ddb5-4fa4-a97d-d965ccfc6d4b" outcome="Passed" testListId="8c84fa94-04c1-424b-9868-57a2d4851a1d" relativeResultsDirectory="34b0c7ca-97b1-4816-8c1b-3212075972f6" />
    <UnitTestResult executionId="aad0f4d4-c6df-48ae-9e3a-35ce8967f085" testId="0622e06e-ec01-4a5f-b4ac-acc49ca93bb7" testName="ArtifactsExplorerViewModelTests Artifact Definitions of a multiple types should be returned when an artifact type is set" computerName="TFSBUILD11" duration="00:00:00.0360000" startTime="2015-09-28T09:46:11.6404986-07:00" endTime="2015-09-28T09:46:11.6404986-07:00" testType="13cdc9d9-ddb5-4fa4-a97d-d965ccfc6d4b" outcome="Passed" testListId="8c84fa94-04c1-424b-9868-57a2d4851a1d" relativeResultsDirectory="aad0f4d4-c6df-48ae-9e3a-35ce8967f085" />
    <UnitTestResult executionId="70810b01-6ee8-4067-9451-cb3b19ce0d16" testId="0f1760ae-de8a-4440-87a3-9f8c3bfde438" testName="ArtifactDetailTileTests ArtfactDetailTile visibility test" computerName="TFSBUILD11" duration="00:00:00.0590000" startTime="2015-09-28T09:46:11.6405970-07:00" endTime="2015-09-28T09:46:11.6405970-07:00" testType="13cdc9d9-ddb5-4fa4-a97d-d965ccfc6d4b" outcome="Passed" testListId="8c84fa94-04c1-424b-9868-57a2d4851a1d" relativeResultsDirectory="70810b01-6ee8-4067-9451-cb3b19ce0d16" />
    <UnitTestResult executionId="711153d4-defe-4935-a3b7-8202765f329d" testId="32004387-ba3a-4d82-ae2b-cec2e204f3c7" testName="EnvironmentVariablesTests EnvironmentVariablesViewModel should initialize correctly" computerName="TFSBUILD11" duration="00:00:00.0680000" startTime="2015-09-28T09:46:11.6405970-07:00" endTime="2015-09-28T09:46:11.6405970-07:00" testType="13cdc9d9-ddb5-4fa4-a97d-d965ccfc6d4b" outcome="Passed" testListId="8c84fa94-04c1-424b-9868-57a2d4851a1d" relativeResultsDirectory="711153d4-defe-4935-a3b7-8202765f329d" />
    <UnitTestResult executionId="f725a430-3a45-4f3a-9a4a-0f587f9f19a6" testId="53cf4338-72f9-46ee-b115-854f923deeed" testName="EnvironmentVariablesTests EnvironmentVariablesViewModel should result in correct of rows and columns when there are multiple environments and variables" computerName="TFSBUILD11" duration="00:00:00.0790000" startTime="2015-09-28T09:46:11.6405970-07:00" endTime="2015-09-28T09:46:11.6405970-07:00" testType="13cdc9d9-ddb5-4fa4-a97d-d965ccfc6d4b" outcome="Passed" testListId="8c84fa94-04c1-424b-9868-57a2d4851a1d" relativeResultsDirectory="f725a430-3a45-4f3a-9a4a-0f587f9f19a6" />
    <UnitTestResult executionId="d2e031da-2884-47cb-bedb-2d9463b814d4" testId="dc9533e2-bd13-4d12-ab0a-6eb1789fa4de" testName="EnvironmentVariablesTests EnvironmentVariablesViewModel should result in correct of rows and columns when the names of variables in one environment do not match any of the other" computerName="TFSBUILD11" duration="00:00:00.0980000" startTime="2015-09-28T09:46:11.6405970-07:00" endTime="2015-09-28T09:46:11.6405970-07:00" testType="13cdc9d9-ddb5-4fa4-a97d-d965ccfc6d4b" outcome="Passed" testListId="8c84fa94-04c1-424b-9868-57a2d4851a1d" relativeResultsDirectory="d2e031da-2884-47cb-bedb-2d9463b814d4" />
    <UnitTestResult executionId="ce531c9f-8edb-4699-9908-38253381e7d9" testId="a5e0d04f-9754-4620-ab9d-2781c66f650a" testName="EnvironmentVariablesTests EnvironmentVariablesViewModel should result in correct of rows and columns when one environment has few variables less than the other" computerName="TFSBUILD11" duration="00:00:00.0620000" startTime="2015-09-28T09:46:11.6405970-07:00" endTime="2015-09-28T09:46:11.6405970-07:00" testType="13cdc9d9-ddb5-4fa4-a97d-d965ccfc6d4b" outcome="Passed" testListId="8c84fa94-04c1-424b-9868-57a2d4851a1d" relativeResultsDirectory="ce531c9f-8edb-4699-9908-38253381e7d9" />
    <UnitTestResult executionId="6738a5e2-f5ee-48fc-831d-a33527725273" testId="d6e25c46-0f1c-48c5-a8f2-598f9dcf0fa9" testName="EnvironmentVariablesTests Should be able to display environment variables grid of release" computerName="TFSBUILD11" duration="00:00:00.1580000" startTime="2015-09-28T09:46:11.6405970-07:00" endTime="2015-09-28T09:46:11.6405970-07:00" testType="13cdc9d9-ddb5-4fa4-a97d-d965ccfc6d4b" outcome="Passed" testListId="8c84fa94-04c1-424b-9868-57a2d4851a1d" relativeResultsDirectory="6738a5e2-f5ee-48fc-831d-a33527725273" />
    <UnitTestResult executionId="c717ded6-6220-413f-8a41-8ddf2188ebed" testId="1ae6bec2-73ab-4417-84f3-1b67afe8777a" testName="VariablesObjectViewModelTests Should be able to create ReleaseDefinitionVariableViewModel for confing index:1" computerName="TFSBUILD11" duration="00:00:00.0170000" startTime="2015-09-28T09:46:11.6405970-07:00" endTime="2015-09-28T09:46:11.6405970-07:00" testType="13cdc9d9-ddb5-4fa4-a97d-d965ccfc6d4b" outcome="Passed" testListId="8c84fa94-04c1-424b-9868-57a2d4851a1d" relativeResultsDirectory="c717ded6-6220-413f-8a41-8ddf2188ebed" />
    <UnitTestResult executionId="6d58564d-72c7-463a-8b1b-dbfeb32712b8" testId="010e5337-8964-4470-a456-016b443be060" testName="VariablesObjectViewModelTests test get value after initialize for ReleaseDefinitionVariableViewModel for confing index:1" computerName="TFSBUILD11" duration="00:00:00.0170000" startTime="2015-09-28T09:46:11.8485885-07:00" endTime="2015-09-28T09:46:11.8485885-07:00" testType="13cdc9d9-ddb5-4fa4-a97d-d965ccfc6d4b" outcome="Passed" testListId="8c84fa94-04c1-424b-9868-57a2d4851a1d" relativeResultsDirectory="6d58564d-72c7-463a-8b1b-dbfeb32712b8" />
    <UnitTestResult executionId="fecf9ab0-8f9e-426e-98ab-f0b9ce9e77d0" testId="d7780a6d-3c62-448c-aa36-158cf84235c0" testName="VariablesObjectViewModelTests test get value after update with toggled is secret for ReleaseDefinitionVariableViewModel for confing index:1" computerName="TFSBUILD11" duration="00:00:00.0330000" startTime="2015-09-28T09:46:11.8485885-07:00" endTime="2015-09-28T09:46:11.8485885-07:00" testType="13cdc9d9-ddb5-4fa4-a97d-d965ccfc6d4b" outcome="Passed" testListId="8c84fa94-04c1-424b-9868-57a2d4851a1d" relativeResultsDirectory="fecf9ab0-8f9e-426e-98ab-f0b9ce9e77d0" />
    <UnitTestResult executionId="87e8da16-7b29-4166-97ef-d995eb8dbe42" testId="f52e3c53-a289-49d5-9bc1-49a17b32572c" testName="VariablesObjectViewModelTests onSecretClick test for ReleaseDefinitionVariableViewModel for testConfig: 1" computerName="TFSBUILD11" duration="00:00:00.0310000" startTime="2015-09-28T09:46:11.8485885-07:00" endTime="2015-09-28T09:46:11.8485885-07:00" testType="13cdc9d9-ddb5-4fa4-a97d-d965ccfc6d4b" outcome="Passed" testListId="8c84fa94-04c1-424b-9868-57a2d4851a1d" relativeResultsDirectory="87e8da16-7b29-4166-97ef-d995eb8dbe42" />
    <UnitTestResult executionId="3e0e385d-ab0d-458f-b555-0f6c75318c71" testId="b148282b-3e0a-446c-848c-c22636655918" testName="VariablesObjectViewModelTests is valid test for ReleaseDefinitionVariableViewModel for testConfig: 1" computerName="TFSBUILD11" duration="00:00:00.0160000" startTime="2015-09-28T09:46:11.8485885-07:00" endTime="2015-09-28T09:46:11.8485885-07:00" testType="13cdc9d9-ddb5-4fa4-a97d-d965ccfc6d4b" outcome="Passed" testListId="8c84fa94-04c1-424b-9868-57a2d4851a1d" relativeResultsDirectory="3e0e385d-ab0d-458f-b555-0f6c75318c71" />
    <UnitTestResult executionId="5457b3fc-94a9-4dde-8a0a-f0408414e8e3" testId="b37224d1-a7da-49df-a369-11f88c9cc21f" testName="VariablesObjectViewModelTests Compute dirty test for ReleaseDefinitionVariableViewModel for testConfig: 1" computerName="TFSBUILD11" duration="00:00:00.0170000" startTime="2015-09-28T09:46:11.8485885-07:00" endTime="2015-09-28T09:46:11.8485885-07:00" testType="13cdc9d9-ddb5-4fa4-a97d-d965ccfc6d4b" outcome="Passed" testListId="8c84fa94-04c1-424b-9868-57a2d4851a1d" relativeResultsDirectory="5457b3fc-94a9-4dde-8a0a-f0408414e8e3" />
    <UnitTestResult executionId="5ebaf5c0-b951-4166-a15c-45f4e1b135d0" testId="888f3d3e-990e-44d0-ad73-4b690313dae7" testName="VariablesObjectViewModelTests Should be able to create ReleaseDefinitionVariableViewModel for confing index:2" computerName="TFSBUILD11" duration="00:00:00.0170000" startTime="2015-09-28T09:46:11.8495909-07:00" endTime="2015-09-28T09:46:11.8495909-07:00" testType="13cdc9d9-ddb5-4fa4-a97d-d965ccfc6d4b" outcome="Passed" testListId="8c84fa94-04c1-424b-9868-57a2d4851a1d" relativeResultsDirectory="5ebaf5c0-b951-4166-a15c-45f4e1b135d0" />
    <UnitTestResult executionId="8983893b-9572-4672-8ab9-b6dc1821eab9" testId="9c1a4c55-09a4-4821-9ffd-21ffe5ffecf2" testName="VariablesObjectViewModelTests test get value after initialize for ReleaseDefinitionVariableViewModel for confing index:2" computerName="TFSBUILD11" duration="00:00:00.0160000" startTime="2015-09-28T09:46:11.8495909-07:00" endTime="2015-09-28T09:46:11.8495909-07:00" testType="13cdc9d9-ddb5-4fa4-a97d-d965ccfc6d4b" outcome="Passed" testListId="8c84fa94-04c1-424b-9868-57a2d4851a1d" relativeResultsDirectory="8983893b-9572-4672-8ab9-b6dc1821eab9" />
    <UnitTestResult executionId="fa6424a3-02b5-4be9-a644-0f5c5b3c100d" testId="0f065964-eb69-4e5d-a1a3-febaeef4a933" testName="VariablesObjectViewModelTests test get value after update with toggled is secret for ReleaseDefinitionVariableViewModel for confing index:2" computerName="TFSBUILD11" duration="00:00:00.0270000" startTime="2015-09-28T09:46:11.8495909-07:00" endTime="2015-09-28T09:46:11.8495909-07:00" testType="13cdc9d9-ddb5-4fa4-a97d-d965ccfc6d4b" outcome="Passed" testListId="8c84fa94-04c1-424b-9868-57a2d4851a1d" relativeResultsDirectory="fa6424a3-02b5-4be9-a644-0f5c5b3c100d" />
    <UnitTestResult executionId="28622797-096d-4075-baa0-2207177956aa" testId="3b3d9c1f-6e0c-42dd-8123-f28ca4ee8081" testName="VariablesObjectViewModelTests onSecretClick test for ReleaseDefinitionVariableViewModel for testConfig: 2" computerName="TFSBUILD11" duration="00:00:00.0310000" startTime="2015-09-28T09:46:11.8495909-07:00" endTime="2015-09-28T09:46:11.8495909-07:00" testType="13cdc9d9-ddb5-4fa4-a97d-d965ccfc6d4b" outcome="Passed" testListId="8c84fa94-04c1-424b-9868-57a2d4851a1d" relativeResultsDirectory="28622797-096d-4075-baa0-2207177956aa" />
    <UnitTestResult executionId="84e7acb8-f121-438e-a9f5-22d75ecb412e" testId="42fcd39e-219a-4f93-8c5c-14abe2d37dcb" testName="VariablesObjectViewModelTests is valid test for ReleaseDefinitionVariableViewModel for testConfig: 2" computerName="TFSBUILD11" duration="00:00:00.0180000" startTime="2015-09-28T09:46:12.0793621-07:00" endTime="2015-09-28T09:46:12.0793621-07:00" testType="13cdc9d9-ddb5-4fa4-a97d-d965ccfc6d4b" outcome="Passed" testListId="8c84fa94-04c1-424b-9868-57a2d4851a1d" relativeResultsDirectory="84e7acb8-f121-438e-a9f5-22d75ecb412e" />
    <UnitTestResult executionId="21a5048c-410c-4a22-824d-0a8258cfce6c" testId="9594e5eb-c022-4175-944c-3fbe8d678a68" testName="VariablesObjectViewModelTests Compute dirty test for ReleaseDefinitionVariableViewModel for testConfig: 2" computerName="TFSBUILD11" duration="00:00:00.0180000" startTime="2015-09-28T09:46:12.0793621-07:00" endTime="2015-09-28T09:46:12.0793621-07:00" testType="13cdc9d9-ddb5-4fa4-a97d-d965ccfc6d4b" outcome="Passed" testListId="8c84fa94-04c1-424b-9868-57a2d4851a1d" relativeResultsDirectory="21a5048c-410c-4a22-824d-0a8258cfce6c" />
    <UnitTestResult executionId="46528bd8-7d83-4aad-b210-133b39d9b42a" testId="c0fa9766-dd91-4d15-b835-455068cb65b2" testName="VariablesObjectViewModelTests Should be able to create ReleaseDefinitionVariableViewModel for confing index:3" computerName="TFSBUILD11" duration="00:00:00.0180000" startTime="2015-09-28T09:46:12.0793621-07:00" endTime="2015-09-28T09:46:12.0793621-07:00" testType="13cdc9d9-ddb5-4fa4-a97d-d965ccfc6d4b" outcome="Passed" testListId="8c84fa94-04c1-424b-9868-57a2d4851a1d" relativeResultsDirectory="46528bd8-7d83-4aad-b210-133b39d9b42a" />
    <UnitTestResult executionId="2f1cb003-8e23-477a-b652-8133a0c6d6bf" testId="58ac9e2b-05c6-4506-9f65-5fc5d20d5a15" testName="VariablesObjectViewModelTests test get value after initialize for ReleaseDefinitionVariableViewModel for confing index:3" computerName="TFSBUILD11" duration="00:00:00.0180000" startTime="2015-09-28T09:46:12.0793621-07:00" endTime="2015-09-28T09:46:12.0793621-07:00" testType="13cdc9d9-ddb5-4fa4-a97d-d965ccfc6d4b" outcome="Passed" testListId="8c84fa94-04c1-424b-9868-57a2d4851a1d" relativeResultsDirectory="2f1cb003-8e23-477a-b652-8133a0c6d6bf" />
    <UnitTestResult executionId="e93103c7-dde3-4960-9d9e-43cf38ebec06" testId="ace11a58-2e48-4624-9645-11e7ab59ae03" testName="VariablesObjectViewModelTests test get value after update with toggled is secret for ReleaseDefinitionVariableViewModel for confing index:3" computerName="TFSBUILD11" duration="00:00:00.0570000" startTime="2015-09-28T09:46:12.0793621-07:00" endTime="2015-09-28T09:46:12.0793621-07:00" testType="13cdc9d9-ddb5-4fa4-a97d-d965ccfc6d4b" outcome="Passed" testListId="8c84fa94-04c1-424b-9868-57a2d4851a1d" relativeResultsDirectory="e93103c7-dde3-4960-9d9e-43cf38ebec06" />
    <UnitTestResult executionId="1085f88b-7cd6-40ae-aba4-41821716f019" testId="887bdc2e-db24-4995-9949-cd9a5cba9bf4" testName="VariablesObjectViewModelTests onSecretClick test for ReleaseDefinitionVariableViewModel for testConfig: 3" computerName="TFSBUILD11" duration="00:00:00.0420000" startTime="2015-09-28T09:46:12.0793621-07:00" endTime="2015-09-28T09:46:12.0793621-07:00" testType="13cdc9d9-ddb5-4fa4-a97d-d965ccfc6d4b" outcome="Passed" testListId="8c84fa94-04c1-424b-9868-57a2d4851a1d" relativeResultsDirectory="1085f88b-7cd6-40ae-aba4-41821716f019" />
    <UnitTestResult executionId="084c00b5-3b82-4866-a818-8e2ae75fd67b" testId="8170f02b-8d17-4551-b85c-fa1d0012f075" testName="VariablesObjectViewModelTests is valid test for ReleaseDefinitionVariableViewModel for testConfig: 3" computerName="TFSBUILD11" duration="00:00:00.0190000" startTime="2015-09-28T09:46:12.0793621-07:00" endTime="2015-09-28T09:46:12.0793621-07:00" testType="13cdc9d9-ddb5-4fa4-a97d-d965ccfc6d4b" outcome="Passed" testListId="8c84fa94-04c1-424b-9868-57a2d4851a1d" relativeResultsDirectory="084c00b5-3b82-4866-a818-8e2ae75fd67b" />
    <UnitTestResult executionId="30ee2563-76ce-4202-b6e0-1d4927a450be" testId="45ab7b29-005a-47cb-aef2-3eeaaa6ea427" testName="VariablesObjectViewModelTests Compute dirty test for ReleaseDefinitionVariableViewModel for testConfig: 3" computerName="TFSBUILD11" duration="00:00:00.0200000" startTime="2015-09-28T09:46:12.0793621-07:00" endTime="2015-09-28T09:46:12.0793621-07:00" testType="13cdc9d9-ddb5-4fa4-a97d-d965ccfc6d4b" outcome="Passed" testListId="8c84fa94-04c1-424b-9868-57a2d4851a1d" relativeResultsDirectory="30ee2563-76ce-4202-b6e0-1d4927a450be" />
    <UnitTestResult executionId="7dbd7eee-e298-4503-95a9-e10802b29113" testId="8fcc561d-9cdd-44f9-b2c1-8199ef9c47b6" testName="VariablesObjectViewModelTests Should be able to create ReleaseDefinitionVariableViewModel for confing index:4" computerName="TFSBUILD11" duration="00:00:00.0180000" startTime="2015-09-28T09:46:12.0793621-07:00" endTime="2015-09-28T09:46:12.0793621-07:00" testType="13cdc9d9-ddb5-4fa4-a97d-d965ccfc6d4b" outcome="Passed" testListId="8c84fa94-04c1-424b-9868-57a2d4851a1d" relativeResultsDirectory="7dbd7eee-e298-4503-95a9-e10802b29113" />
    <UnitTestResult executionId="f6dcd392-006f-478c-841a-ba869d772e74" testId="5bd0a3fd-c28b-434a-977a-94c314351b23" testName="VariablesObjectViewModelTests test get value after initialize for ReleaseDefinitionVariableViewModel for confing index:4" computerName="TFSBUILD11" duration="00:00:00.0170000" startTime="2015-09-28T09:46:12.3201878-07:00" endTime="2015-09-28T09:46:12.3201878-07:00" testType="13cdc9d9-ddb5-4fa4-a97d-d965ccfc6d4b" outcome="Passed" testListId="8c84fa94-04c1-424b-9868-57a2d4851a1d" relativeResultsDirectory="f6dcd392-006f-478c-841a-ba869d772e74" />
    <UnitTestResult executionId="bd0794a8-6b36-438d-84d5-774bb3017799" testId="6a6c498b-4a2e-4748-8ab1-b2d5d172b27a" testName="VariablesObjectViewModelTests test get value after update with toggled is secret for ReleaseDefinitionVariableViewModel for confing index:4" computerName="TFSBUILD11" duration="00:00:00.0510000" startTime="2015-09-28T09:46:12.3211874-07:00" endTime="2015-09-28T09:46:12.3211874-07:00" testType="13cdc9d9-ddb5-4fa4-a97d-d965ccfc6d4b" outcome="Passed" testListId="8c84fa94-04c1-424b-9868-57a2d4851a1d" relativeResultsDirectory="bd0794a8-6b36-438d-84d5-774bb3017799" />
    <UnitTestResult executionId="9747961c-09c0-4174-accf-562b46781611" testId="073bfc3c-f6c4-4cdb-9172-226da6cd51bd" testName="VariablesObjectViewModelTests onSecretClick test for ReleaseDefinitionVariableViewModel for testConfig: 4" computerName="TFSBUILD11" duration="00:00:00.0520000" startTime="2015-09-28T09:46:12.3211874-07:00" endTime="2015-09-28T09:46:12.3211874-07:00" testType="13cdc9d9-ddb5-4fa4-a97d-d965ccfc6d4b" outcome="Passed" testListId="8c84fa94-04c1-424b-9868-57a2d4851a1d" relativeResultsDirectory="9747961c-09c0-4174-accf-562b46781611" />
    <UnitTestResult executionId="6b6582b3-0b07-4503-b191-493c15c99abd" testId="790a6c8a-8696-4d93-af6e-1cc00157b327" testName="VariablesObjectViewModelTests is valid test for ReleaseDefinitionVariableViewModel for testConfig: 4" computerName="TFSBUILD11" duration="00:00:00.0170000" startTime="2015-09-28T09:46:12.3211874-07:00" endTime="2015-09-28T09:46:12.3211874-07:00" testType="13cdc9d9-ddb5-4fa4-a97d-d965ccfc6d4b" outcome="Passed" testListId="8c84fa94-04c1-424b-9868-57a2d4851a1d" relativeResultsDirectory="6b6582b3-0b07-4503-b191-493c15c99abd" />
    <UnitTestResult executionId="1e25bff1-c0b5-4870-8858-6731266f4cda" testId="1f9268ce-a564-4bac-b388-ec9b154f9704" testName="VariablesObjectViewModelTests Compute dirty test for ReleaseDefinitionVariableViewModel for testConfig: 4" computerName="TFSBUILD11" duration="00:00:00.0200000" startTime="2015-09-28T09:46:12.3211874-07:00" endTime="2015-09-28T09:46:12.3211874-07:00" testType="13cdc9d9-ddb5-4fa4-a97d-d965ccfc6d4b" outcome="Passed" testListId="8c84fa94-04c1-424b-9868-57a2d4851a1d" relativeResultsDirectory="1e25bff1-c0b5-4870-8858-6731266f4cda" />
    <UnitTestResult executionId="120a6c62-c0f8-4ae6-8af3-5636f4582a00" testId="53ebbd56-040f-405d-bbd2-c4b9d8efdede" testName="VariablesObjectViewModelTests Hover enable test for ReleaseDefinitionVariableViewModel for testConfig: 1" computerName="TFSBUILD11" duration="00:00:00.0180000" startTime="2015-09-28T09:46:12.3221812-07:00" endTime="2015-09-28T09:46:12.3221812-07:00" testType="13cdc9d9-ddb5-4fa4-a97d-d965ccfc6d4b" outcome="Passed" testListId="8c84fa94-04c1-424b-9868-57a2d4851a1d" relativeResultsDirectory="120a6c62-c0f8-4ae6-8af3-5636f4582a00" />
    <UnitTestResult executionId="504e0ae7-b57c-4e46-8ae6-16266747d0f5" testId="def3174c-dd63-428d-b28f-bcd7c0069671" testName="VariablesObjectViewModelTests Hover enable test for ReleaseDefinitionVariableViewModel for testConfig: 2" computerName="TFSBUILD11" duration="00:00:00.0180000" startTime="2015-09-28T09:46:12.3221812-07:00" endTime="2015-09-28T09:46:12.3221812-07:00" testType="13cdc9d9-ddb5-4fa4-a97d-d965ccfc6d4b" outcome="Passed" testListId="8c84fa94-04c1-424b-9868-57a2d4851a1d" relativeResultsDirectory="504e0ae7-b57c-4e46-8ae6-16266747d0f5" />
    <UnitTestResult executionId="0e0ced30-b10f-49c9-b8b7-1b2eafaa0899" testId="e0859897-6cb8-4847-b37f-3398ede83b87" testName="VariablesListObjectViewModelTests Should be able to create VariablesListViewModel object with an empty variable" computerName="TFSBUILD11" duration="00:00:00.0190000" startTime="2015-09-28T09:46:12.3221812-07:00" endTime="2015-09-28T09:46:12.3221812-07:00" testType="13cdc9d9-ddb5-4fa4-a97d-d965ccfc6d4b" outcome="Passed" testListId="8c84fa94-04c1-424b-9868-57a2d4851a1d" relativeResultsDirectory="0e0ced30-b10f-49c9-b8b7-1b2eafaa0899" />
    <UnitTestResult executionId="fd7047b2-ccd1-466a-b7cf-97793f6fe410" testId="92b56094-6b1b-401a-a349-6fda7c05c495" testName="VariablesListObjectViewModelTests Should be able to update for VariablesListViewModel" computerName="TFSBUILD11" duration="00:00:00.0210000" startTime="2015-09-28T09:46:12.3231813-07:00" endTime="2015-09-28T09:46:12.3231813-07:00" testType="13cdc9d9-ddb5-4fa4-a97d-d965ccfc6d4b" outcome="Passed" testListId="8c84fa94-04c1-424b-9868-57a2d4851a1d" relativeResultsDirectory="fd7047b2-ccd1-466a-b7cf-97793f6fe410" />
    <UnitTestResult executionId="40c59fe3-14e4-4f45-b2ed-c4e74698a899" testId="33226639-633c-4542-8c85-c3df268482a3" testName="VariablesListObjectViewModelTests Should be able to add empty variables to VariablesListViewModel" computerName="TFSBUILD11" duration="00:00:00.0230000" startTime="2015-09-28T09:46:12.5907694-07:00" endTime="2015-09-28T09:46:12.5907694-07:00" testType="13cdc9d9-ddb5-4fa4-a97d-d965ccfc6d4b" outcome="Passed" testListId="8c84fa94-04c1-424b-9868-57a2d4851a1d" relativeResultsDirectory="40c59fe3-14e4-4f45-b2ed-c4e74698a899" />
    <UnitTestResult executionId="c0f113c6-cdfa-4e6b-86c2-a189f514cc1b" testId="a384f3aa-4252-4e6e-991b-b26fa87ac8f0" testName="VariablesListObjectViewModelTests Should not be able to add empty variables to VariablesListViewModel when disableEdit is true" computerName="TFSBUILD11" duration="00:00:00.0590000" startTime="2015-09-28T09:46:12.5907694-07:00" endTime="2015-09-28T09:46:12.5907694-07:00" testType="13cdc9d9-ddb5-4fa4-a97d-d965ccfc6d4b" outcome="Passed" testListId="8c84fa94-04c1-424b-9868-57a2d4851a1d" relativeResultsDirectory="c0f113c6-cdfa-4e6b-86c2-a189f514cc1b" />
    <UnitTestResult executionId="2178f45c-442f-491f-a59a-ec3659fe85a6" testId="d726c000-af7f-405a-8405-b9487ac3c415" testName="VariablesListObjectViewModelTests Should be able to get value appropriately from VariablesListViewModel when no variable is there" computerName="TFSBUILD11" duration="00:00:00.0210000" startTime="2015-09-28T09:46:12.5907694-07:00" endTime="2015-09-28T09:46:12.5907694-07:00" testType="13cdc9d9-ddb5-4fa4-a97d-d965ccfc6d4b" outcome="Passed" testListId="8c84fa94-04c1-424b-9868-57a2d4851a1d" relativeResultsDirectory="2178f45c-442f-491f-a59a-ec3659fe85a6" />
    <UnitTestResult executionId="bbbbb3c9-85be-435f-878f-1445c78c9966" testId="60231070-ce28-4e17-a975-e7ec460c1aa6" testName="VariablesListObjectViewModelTests Should be able to get value appropriately from VariablesListViewModel" computerName="TFSBUILD11" duration="00:00:00.0400000" startTime="2015-09-28T09:46:12.5907694-07:00" endTime="2015-09-28T09:46:12.5907694-07:00" testType="13cdc9d9-ddb5-4fa4-a97d-d965ccfc6d4b" outcome="Passed" testListId="8c84fa94-04c1-424b-9868-57a2d4851a1d" relativeResultsDirectory="bbbbb3c9-85be-435f-878f-1445c78c9966" />
    <UnitTestResult executionId="7ed362c6-f83d-42b4-b777-3045ac5b8dad" testId="180eb33a-01bb-4a59-a01a-33458f181d31" testName="VariablesListObjectViewModelTests Should be able to get value appropriately from VariablesListViewModel when password is modified" computerName="TFSBUILD11" duration="00:00:00.0370000" startTime="2015-09-28T09:46:12.5907694-07:00" endTime="2015-09-28T09:46:12.5907694-07:00" testType="13cdc9d9-ddb5-4fa4-a97d-d965ccfc6d4b" outcome="Passed" testListId="8c84fa94-04c1-424b-9868-57a2d4851a1d" relativeResultsDirectory="7ed362c6-f83d-42b4-b777-3045ac5b8dad" />
    <UnitTestResult executionId="e0e67ba6-3456-43b9-b88c-0cbeadf45d08" testId="bea44e06-3269-42a3-8898-a88662ce5698" testName="VariablesListObjectViewModelTests Should be able to get value appropriately from VariablesListViewModel when variable is added" computerName="TFSBUILD11" duration="00:00:00.0230000" startTime="2015-09-28T09:46:12.5907694-07:00" endTime="2015-09-28T09:46:12.5907694-07:00" testType="13cdc9d9-ddb5-4fa4-a97d-d965ccfc6d4b" outcome="Passed" testListId="8c84fa94-04c1-424b-9868-57a2d4851a1d" relativeResultsDirectory="e0e67ba6-3456-43b9-b88c-0cbeadf45d08" />
    <UnitTestResult executionId="bcaa5b8c-01fb-4813-a0ee-edd21ac79d80" testId="a8d6a42b-765d-4323-b4e3-e9a4d06b2826" testName="VariablesListObjectViewModelTests Should be able to get value appropriately from VariablesListViewModel when a variable is removed" computerName="TFSBUILD11" duration="00:00:00.0220000" startTime="2015-09-28T09:46:12.5907694-07:00" endTime="2015-09-28T09:46:12.5907694-07:00" testType="13cdc9d9-ddb5-4fa4-a97d-d965ccfc6d4b" outcome="Passed" testListId="8c84fa94-04c1-424b-9868-57a2d4851a1d" relativeResultsDirectory="bcaa5b8c-01fb-4813-a0ee-edd21ac79d80" />
    <UnitTestResult executionId="e94fc92e-7db3-48b9-9632-bc65ba47d9c1" testId="98143ab5-9cdf-43e7-a196-b71ac9edfccf" testName="VariablesListObjectViewModelTests Should be able to get value appropriately from VariablesListViewModel when variable with duplicate name is added" computerName="TFSBUILD11" duration="00:00:00.0200000" startTime="2015-09-28T09:46:12.5907694-07:00" endTime="2015-09-28T09:46:12.5907694-07:00" testType="13cdc9d9-ddb5-4fa4-a97d-d965ccfc6d4b" outcome="Passed" testListId="8c84fa94-04c1-424b-9868-57a2d4851a1d" relativeResultsDirectory="e94fc92e-7db3-48b9-9632-bc65ba47d9c1" />
    <UnitTestResult executionId="ed9ecc8a-13ba-4ddd-9b57-c0eda2d71715" testId="7dc2079d-01ba-449a-905e-ec1d1e4df9e1" testName="VariablesListObjectViewModelTests Should be able to get value appropriately from VariablesListViewModel when added invalid variable" computerName="TFSBUILD11" duration="00:00:00.0200000" startTime="2015-09-28T09:46:12.5907694-07:00" endTime="2015-09-28T09:46:12.5907694-07:00" testType="13cdc9d9-ddb5-4fa4-a97d-d965ccfc6d4b" outcome="Passed" testListId="8c84fa94-04c1-424b-9868-57a2d4851a1d" relativeResultsDirectory="ed9ecc8a-13ba-4ddd-9b57-c0eda2d71715" />
    <UnitTestResult executionId="36ce9d72-31c8-471c-8dec-0cb0ab5c793c" testId="43c47459-8587-41cf-8ef0-f405dd94c58b" testName="VariablesListObjectViewModelTests Should be able to remove variable viewModel should be updated and dirty should be true" computerName="TFSBUILD11" duration="00:00:00.0560000" startTime="2015-09-28T09:46:13.4630405-07:00" endTime="2015-09-28T09:46:13.4630405-07:00" testType="13cdc9d9-ddb5-4fa4-a97d-d965ccfc6d4b" outcome="Passed" testListId="8c84fa94-04c1-424b-9868-57a2d4851a1d" relativeResultsDirectory="36ce9d72-31c8-471c-8dec-0cb0ab5c793c" />
    <UnitTestResult executionId="413dc7b8-b5a4-4e1f-9874-fced7af579b4" testId="84a07e15-cff9-45c0-9230-c2bc30e49892" testName="VariablesListObjectViewModelTests Should be able to remove variable when only one variable is present" computerName="TFSBUILD11" duration="00:00:00.0190000" startTime="2015-09-28T09:46:13.4630405-07:00" endTime="2015-09-28T09:46:13.4630405-07:00" testType="13cdc9d9-ddb5-4fa4-a97d-d965ccfc6d4b" outcome="Passed" testListId="8c84fa94-04c1-424b-9868-57a2d4851a1d" relativeResultsDirectory="413dc7b8-b5a4-4e1f-9874-fced7af579b4" />
    <UnitTestResult executionId="0696c61d-3745-4fe3-a5aa-b5c81bd8a039" testId="7f6c4a77-f729-4855-847e-272086237cf5" testName="VariablesListObjectViewModelTests  Should be able to persist VariablesListViewModel without any changes" computerName="TFSBUILD11" duration="00:00:00.0230000" startTime="2015-09-28T09:46:13.4630405-07:00" endTime="2015-09-28T09:46:13.4630405-07:00" testType="13cdc9d9-ddb5-4fa4-a97d-d965ccfc6d4b" outcome="Passed" testListId="8c84fa94-04c1-424b-9868-57a2d4851a1d" relativeResultsDirectory="0696c61d-3745-4fe3-a5aa-b5c81bd8a039" />
    <UnitTestResult executionId="fcb19e74-07e9-4cf5-b83c-3c6b841a40ba" testId="3edf0968-680a-4377-b471-53228ff05bfe" testName="VariablesListObjectViewModelTests Should be able to persist VariablesListViewModel when variable is modified" computerName="TFSBUILD11" duration="00:00:00.0230000" startTime="2015-09-28T09:46:13.4630405-07:00" endTime="2015-09-28T09:46:13.4630405-07:00" testType="13cdc9d9-ddb5-4fa4-a97d-d965ccfc6d4b" outcome="Passed" testListId="8c84fa94-04c1-424b-9868-57a2d4851a1d" relativeResultsDirectory="fcb19e74-07e9-4cf5-b83c-3c6b841a40ba" />
    <UnitTestResult executionId="2c466060-8526-414b-9184-792964a200b9" testId="d8ded4ce-55c9-4190-bdbe-5b34f1238907" testName="VariablesListObjectViewModelTests  Should be able to persist VariablesListViewModel empty rows" computerName="TFSBUILD11" duration="00:00:00.0310000" startTime="2015-09-28T09:46:13.4630405-07:00" endTime="2015-09-28T09:46:13.4630405-07:00" testType="13cdc9d9-ddb5-4fa4-a97d-d965ccfc6d4b" outcome="Passed" testListId="8c84fa94-04c1-424b-9868-57a2d4851a1d" relativeResultsDirectory="2c466060-8526-414b-9184-792964a200b9" />
    <UnitTestResult executionId="3cbd2710-c1f1-4d55-a7e0-eb8a84f4374b" testId="5476bca5-3766-4559-a4fb-770f9fa46d8c" testName="VariablesListObjectViewModelTests Should be able to persist VariablesListViewModel when added duplicate name" computerName="TFSBUILD11" duration="00:00:00.6250000" startTime="2015-09-28T09:46:13.4630405-07:00" endTime="2015-09-28T09:46:13.4630405-07:00" testType="13cdc9d9-ddb5-4fa4-a97d-d965ccfc6d4b" outcome="Passed" testListId="8c84fa94-04c1-424b-9868-57a2d4851a1d" relativeResultsDirectory="3cbd2710-c1f1-4d55-a7e0-eb8a84f4374b" />
    <UnitTestResult executionId="98a097d3-2ac0-4320-8dd7-31d0ad22355c" testId="2e086d2b-5667-4a1e-8ade-799de374385a" testName="VariablesListObjectViewModelTests Should be able to persist VariablesListViewModel when added invalid variable" computerName="TFSBUILD11" duration="00:00:00.0220000" startTime="2015-09-28T09:46:13.4630405-07:00" endTime="2015-09-28T09:46:13.4630405-07:00" testType="13cdc9d9-ddb5-4fa4-a97d-d965ccfc6d4b" outcome="Passed" testListId="8c84fa94-04c1-424b-9868-57a2d4851a1d" relativeResultsDirectory="98a097d3-2ac0-4320-8dd7-31d0ad22355c" />
    <UnitTestResult executionId="dd45c43d-9155-4fd0-8ce0-32fc2ff2c237" testId="aa86203a-2677-4f28-90ef-952397749236" testName="VariablesListObjectViewModelTests Should be able to persist VariablesListViewModel when added a new variable" computerName="TFSBUILD11" duration="00:00:00.0220000" startTime="2015-09-28T09:46:13.4630405-07:00" endTime="2015-09-28T09:46:13.4630405-07:00" testType="13cdc9d9-ddb5-4fa4-a97d-d965ccfc6d4b" outcome="Passed" testListId="8c84fa94-04c1-424b-9868-57a2d4851a1d" relativeResultsDirectory="dd45c43d-9155-4fd0-8ce0-32fc2ff2c237" />
    <UnitTestResult executionId="c2d4301e-2562-41f3-bf4c-15a00996637c" testId="06973e05-ad53-4f58-a00c-a9f74ef73e3a" testName="VariablesListObjectViewModelTests Should be able to persist VariablesListViewModel when added a new variable in sorted order" computerName="TFSBUILD11" duration="00:00:00.0490000" startTime="2015-09-28T09:46:13.4630405-07:00" endTime="2015-09-28T09:46:13.4630405-07:00" testType="13cdc9d9-ddb5-4fa4-a97d-d965ccfc6d4b" outcome="Passed" testListId="8c84fa94-04c1-424b-9868-57a2d4851a1d" relativeResultsDirectory="c2d4301e-2562-41f3-bf4c-15a00996637c" />
    <UnitTestResult executionId="494b9101-6d74-4b82-8cbf-0a93bc155d66" testId="e1714e90-969a-4079-a746-f36c9312089f" testName="VariablesListObjectViewModelTests Should be able to persist VariablesListViewModel when removed a variable" computerName="TFSBUILD11" duration="00:00:00.0450000" startTime="2015-09-28T09:46:13.7485453-07:00" endTime="2015-09-28T09:46:13.7485453-07:00" testType="13cdc9d9-ddb5-4fa4-a97d-d965ccfc6d4b" outcome="Passed" testListId="8c84fa94-04c1-424b-9868-57a2d4851a1d" relativeResultsDirectory="494b9101-6d74-4b82-8cbf-0a93bc155d66" />
    <UnitTestResult executionId="06b8f7b2-9490-45f5-bffa-beff3599975e" testId="84213069-93d7-4307-af6a-da30bc8b4797" testName="VariablesListObjectViewModelTests Should be able to persist VariablesListViewModel when removed a variable if only one variable is present" computerName="TFSBUILD11" duration="00:00:00.0360000" startTime="2015-09-28T09:46:13.7485453-07:00" endTime="2015-09-28T09:46:13.7485453-07:00" testType="13cdc9d9-ddb5-4fa4-a97d-d965ccfc6d4b" outcome="Passed" testListId="8c84fa94-04c1-424b-9868-57a2d4851a1d" relativeResultsDirectory="06b8f7b2-9490-45f5-bffa-beff3599975e" />
    <UnitTestResult executionId="91b4929b-d147-4fd6-9f29-8dbd0f94c4ca" testId="8ab91394-7d34-45f1-bcf1-62ee43e82bd2" testName="VariablesListObjectViewModelTests  Should be able to revert VariablesListViewModel without any changes" computerName="TFSBUILD11" duration="00:00:00.0350000" startTime="2015-09-28T09:46:13.7485453-07:00" endTime="2015-09-28T09:46:13.7485453-07:00" testType="13cdc9d9-ddb5-4fa4-a97d-d965ccfc6d4b" outcome="Passed" testListId="8c84fa94-04c1-424b-9868-57a2d4851a1d" relativeResultsDirectory="91b4929b-d147-4fd6-9f29-8dbd0f94c4ca" />
    <UnitTestResult executionId="6407772b-2c7f-49b4-a8ec-14d65f8b5c69" testId="2372ec35-431d-4d06-b77d-a040b0335116" testName="VariablesListObjectViewModelTests  Should be able to revert VariablesListViewModel empty rows" computerName="TFSBUILD11" duration="00:00:00.0200000" startTime="2015-09-28T09:46:13.7485453-07:00" endTime="2015-09-28T09:46:13.7485453-07:00" testType="13cdc9d9-ddb5-4fa4-a97d-d965ccfc6d4b" outcome="Passed" testListId="8c84fa94-04c1-424b-9868-57a2d4851a1d" relativeResultsDirectory="6407772b-2c7f-49b4-a8ec-14d65f8b5c69" />
    <UnitTestResult executionId="fa808a22-32ee-49f6-a691-d67733a5e8b7" testId="2cef3e82-46a4-4d2e-9c49-c42248892ac8" testName="VariablesListObjectViewModelTests Should be able to revert VariablesListViewModel when added duplicate name" computerName="TFSBUILD11" duration="00:00:00.0200000" startTime="2015-09-28T09:46:13.7485453-07:00" endTime="2015-09-28T09:46:13.7485453-07:00" testType="13cdc9d9-ddb5-4fa4-a97d-d965ccfc6d4b" outcome="Passed" testListId="8c84fa94-04c1-424b-9868-57a2d4851a1d" relativeResultsDirectory="fa808a22-32ee-49f6-a691-d67733a5e8b7" />
    <UnitTestResult executionId="c18286fc-5338-48f1-814b-0ec4de05b982" testId="f84ae6e2-6491-4b6b-abe6-6ea03dba2f92" testName="VariablesListObjectViewModelTests Should be able to revert VariablesListViewModel when added invalid variable" computerName="TFSBUILD11" duration="00:00:00.0500000" startTime="2015-09-28T09:46:13.7485453-07:00" endTime="2015-09-28T09:46:13.7485453-07:00" testType="13cdc9d9-ddb5-4fa4-a97d-d965ccfc6d4b" outcome="Passed" testListId="8c84fa94-04c1-424b-9868-57a2d4851a1d" relativeResultsDirectory="c18286fc-5338-48f1-814b-0ec4de05b982" />
    <UnitTestResult executionId="d6a8eadc-c30b-4869-a4a1-caf908bbcf45" testId="5f4d2302-8638-4316-b3db-e921b2c5a0df" testName="VariablesListObjectViewModelTests Should be able to revert VariablesListViewModel when added a new variable" computerName="TFSBUILD11" duration="00:00:00.0220000" startTime="2015-09-28T09:46:13.7485453-07:00" endTime="2015-09-28T09:46:13.7485453-07:00" testType="13cdc9d9-ddb5-4fa4-a97d-d965ccfc6d4b" outcome="Passed" testListId="8c84fa94-04c1-424b-9868-57a2d4851a1d" relativeResultsDirectory="d6a8eadc-c30b-4869-a4a1-caf908bbcf45" />
    <UnitTestResult executionId="583b8d0b-6bdf-479d-b4d4-5d1699eb097e" testId="1ce61a69-faf3-4ce8-92b5-32a73110d711" testName="VariablesListObjectViewModelTests Should be able to revert VariablesListViewModel when removed a variable" computerName="TFSBUILD11" duration="00:00:00.0190000" startTime="2015-09-28T09:46:13.7485453-07:00" endTime="2015-09-28T09:46:13.7485453-07:00" testType="13cdc9d9-ddb5-4fa4-a97d-d965ccfc6d4b" outcome="Passed" testListId="8c84fa94-04c1-424b-9868-57a2d4851a1d" relativeResultsDirectory="583b8d0b-6bdf-479d-b4d4-5d1699eb097e" />
    <UnitTestResult executionId="5d053b75-106b-46f2-83f9-5474ee846987" testId="d518d6c6-a340-427d-8212-bb9f95d5af61" testName="VariablesListObjectViewModelTests Should be able to revert VariablesListViewModel when removed a variable if only one variable is present" computerName="TFSBUILD11" duration="00:00:00.0320000" startTime="2015-09-28T09:46:13.7485453-07:00" endTime="2015-09-28T09:46:13.7485453-07:00" testType="13cdc9d9-ddb5-4fa4-a97d-d965ccfc6d4b" outcome="Passed" testListId="8c84fa94-04c1-424b-9868-57a2d4851a1d" relativeResultsDirectory="5d053b75-106b-46f2-83f9-5474ee846987" />
    <UnitTestResult executionId="c1f33736-6762-40ce-9d40-1a7dd6d8ec55" testId="680f0c1b-746d-4358-bb75-bf71da0c91a4" testName="VariablesListObjectViewModelTests Should be able to revert VariablesListViewModel when variable is modified" computerName="TFSBUILD11" duration="00:00:00.0400000" startTime="2015-09-28T09:46:14.2036555-07:00" endTime="2015-09-28T09:46:14.2036555-07:00" testType="13cdc9d9-ddb5-4fa4-a97d-d965ccfc6d4b" outcome="Passed" testListId="8c84fa94-04c1-424b-9868-57a2d4851a1d" relativeResultsDirectory="c1f33736-6762-40ce-9d40-1a7dd6d8ec55" />
    <UnitTestResult executionId="5b2708cf-b3f4-494a-9999-2ca1f0ee3be0" testId="7cf365b7-6689-46ef-a8e3-01c8e4027451" testName="EnvironmentConfigurationPivotHubModalDialogVariablesTests Should be able to modify and save EnvironmentConfigurationPivotHubModalDialog corretly" computerName="TFSBUILD11" duration="00:00:00.0380000" startTime="2015-09-28T09:46:14.2036555-07:00" endTime="2015-09-28T09:46:14.2036555-07:00" testType="13cdc9d9-ddb5-4fa4-a97d-d965ccfc6d4b" outcome="Passed" testListId="8c84fa94-04c1-424b-9868-57a2d4851a1d" relativeResultsDirectory="5b2708cf-b3f4-494a-9999-2ca1f0ee3be0" />
    <UnitTestResult executionId="b3559a40-58fd-4176-a584-1b1b659f9447" testId="434148d6-680a-40c3-98c8-efb6d15b4bc5" testName="EnvironmentConfigurationPivotHubModalDialogVariablesTests Should be able to modify and cancel EnvironmentConfigurationPivotHubModalDialog corretly" computerName="TFSBUILD11" duration="00:00:00.0220000" startTime="2015-09-28T09:46:14.2036555-07:00" endTime="2015-09-28T09:46:14.2036555-07:00" testType="13cdc9d9-ddb5-4fa4-a97d-d965ccfc6d4b" outcome="Passed" testListId="8c84fa94-04c1-424b-9868-57a2d4851a1d" relativeResultsDirectory="b3559a40-58fd-4176-a584-1b1b659f9447" />
    <UnitTestResult executionId="6c326d94-dd49-44af-967d-ee111ea263e2" testId="e05e4712-b57d-4fad-aae1-bf70a61fb59f" testName="EnvironmentConfigurationPivotHubModalDialogVariablesTests Should be able to modify and save modified EnvironmentConfigurationPivotHubModalDialog corretly" computerName="TFSBUILD11" duration="00:00:00.0220000" startTime="2015-09-28T09:46:14.2036555-07:00" endTime="2015-09-28T09:46:14.2036555-07:00" testType="13cdc9d9-ddb5-4fa4-a97d-d965ccfc6d4b" outcome="Passed" testListId="8c84fa94-04c1-424b-9868-57a2d4851a1d" relativeResultsDirectory="6c326d94-dd49-44af-967d-ee111ea263e2" />
    <UnitTestResult executionId="fdafb175-6437-404c-9f34-176bd593fed5" testId="213fec2a-f970-4d04-821b-c17f3dd9e352" testName="EnvironmentConfigurationPivotHubModalDialogVariablesTests Should be able to modify and cancel EnvironmentConfigurationPivotHubModalDialog corretly" computerName="TFSBUILD11" duration="00:00:00.0220000" startTime="2015-09-28T09:46:14.2036555-07:00" endTime="2015-09-28T09:46:14.2036555-07:00" testType="13cdc9d9-ddb5-4fa4-a97d-d965ccfc6d4b" outcome="Passed" testListId="8c84fa94-04c1-424b-9868-57a2d4851a1d" relativeResultsDirectory="fdafb175-6437-404c-9f34-176bd593fed5" />
    <UnitTestResult executionId="4949e952-4109-450f-bc7e-0c51edca2215" testId="536a9584-0bda-451c-85c9-86c08032b19b" testName="EnvironmentConfigurationPopupDialogVariablesTests Should be able to modify and cancel EnvironmentConfigurationPopupDialog correctly when the Environment is already dirty" computerName="TFSBUILD11" duration="00:00:00.0870000" startTime="2015-09-28T09:46:14.2036555-07:00" endTime="2015-09-28T09:46:14.2036555-07:00" testType="13cdc9d9-ddb5-4fa4-a97d-d965ccfc6d4b" outcome="Passed" testListId="8c84fa94-04c1-424b-9868-57a2d4851a1d" relativeResultsDirectory="4949e952-4109-450f-bc7e-0c51edca2215" />
    <UnitTestResult executionId="dd24a620-0db8-4453-9699-ddbb1b18f157" testId="e4f81705-99a7-4a4a-af8a-70e7e1d09b45" testName="EnvironmentConfigurationPopupDialogVariablesTests Should be able to show and cancel EnvironmentConfigurationPopupDialog correctly when the Environment is already dirty" computerName="TFSBUILD11" duration="00:00:00.0720000" startTime="2015-09-28T09:46:14.2036555-07:00" endTime="2015-09-28T09:46:14.2036555-07:00" testType="13cdc9d9-ddb5-4fa4-a97d-d965ccfc6d4b" outcome="Passed" testListId="8c84fa94-04c1-424b-9868-57a2d4851a1d" relativeResultsDirectory="dd24a620-0db8-4453-9699-ddbb1b18f157" />
    <UnitTestResult executionId="37c9c3bf-f32f-4690-b7da-a6bba6ec69b0" testId="2d627ca1-c84e-483f-88c6-6acce48875da" testName="EnvironmentConfigurationPopupDialogVariablesTests Should be able to modify and cancel EnvironmentConfigurationPopupDialog correctly when the Environment is not originally dirty" computerName="TFSBUILD11" duration="00:00:00.0730000" startTime="2015-09-28T09:46:14.2036555-07:00" endTime="2015-09-28T09:46:14.2036555-07:00" testType="13cdc9d9-ddb5-4fa4-a97d-d965ccfc6d4b" outcome="Passed" testListId="8c84fa94-04c1-424b-9868-57a2d4851a1d" relativeResultsDirectory="37c9c3bf-f32f-4690-b7da-a6bba6ec69b0" />
    <UnitTestResult executionId="2755b422-0e90-4eeb-9406-5507ec2880ba" testId="70fcb8f9-fa08-492a-9ea2-55503203be36" testName="EnvironmentConfigurationPopupDialogVariablesTests Should be able to show and cancel EnvironmentConfigurationPopupDialog correctly when the Environment is not originally dirty" computerName="TFSBUILD11" duration="00:00:00.0740000" startTime="2015-09-28T09:46:14.2036555-07:00" endTime="2015-09-28T09:46:14.2036555-07:00" testType="13cdc9d9-ddb5-4fa4-a97d-d965ccfc6d4b" outcome="Passed" testListId="8c84fa94-04c1-424b-9868-57a2d4851a1d" relativeResultsDirectory="2755b422-0e90-4eeb-9406-5507ec2880ba" />
    <UnitTestResult executionId="d176a0ea-61f1-470e-b679-e7be558b2da0" testId="169ec140-7d56-4e1c-9b35-d68c2e158a3d" testName="LogDetailsControl Approving a preApproval must trigger refresh of release logs view and change the status of the approval to approved" computerName="TFSBUILD11" duration="00:00:00.0570000" startTime="2015-09-28T09:46:14.5447239-07:00" endTime="2015-09-28T09:46:14.5447239-07:00" testType="13cdc9d9-ddb5-4fa4-a97d-d965ccfc6d4b" outcome="Passed" testListId="8c84fa94-04c1-424b-9868-57a2d4851a1d" relativeResultsDirectory="d176a0ea-61f1-470e-b679-e7be558b2da0" />
    <UnitTestResult executionId="2ce11405-6309-4f17-a57a-e41a04a3e427" testId="69c65484-6074-460c-ae5c-72ea813405e6" testName="LogDetailsControl Approving a postApproval must trigger refresh of release logs view and change the status of the approval to approved" computerName="TFSBUILD11" duration="00:00:00.0570000" startTime="2015-09-28T09:46:14.5447239-07:00" endTime="2015-09-28T09:46:14.5447239-07:00" testType="13cdc9d9-ddb5-4fa4-a97d-d965ccfc6d4b" outcome="Passed" testListId="8c84fa94-04c1-424b-9868-57a2d4851a1d" relativeResultsDirectory="2ce11405-6309-4f17-a57a-e41a04a3e427" />
    <UnitTestResult executionId="d7116a14-a875-47d3-9ca6-5c3902f2d65a" testId="80637180-5ba2-4a9b-a196-af8df659494f" testName="LogDetailsControl Rejecting a preApproval must trigger refresh of release logs view and change the status of the approval to rejected" computerName="TFSBUILD11" duration="00:00:00.0690000" startTime="2015-09-28T09:46:14.5447239-07:00" endTime="2015-09-28T09:46:14.5447239-07:00" testType="13cdc9d9-ddb5-4fa4-a97d-d965ccfc6d4b" outcome="Passed" testListId="8c84fa94-04c1-424b-9868-57a2d4851a1d" relativeResultsDirectory="d7116a14-a875-47d3-9ca6-5c3902f2d65a" />
    <UnitTestResult executionId="65330455-063e-4882-ae8b-17c1bdf82476" testId="6d4b9346-a163-4be9-990c-931a991df1e2" testName="LogDetailsControl Rejecting a postApproval must trigger refresh of release logs view and change the status of the approval to rejected" computerName="TFSBUILD11" duration="00:00:00.0520000" startTime="2015-09-28T09:46:14.5447239-07:00" endTime="2015-09-28T09:46:14.5447239-07:00" testType="13cdc9d9-ddb5-4fa4-a97d-d965ccfc6d4b" outcome="Passed" testListId="8c84fa94-04c1-424b-9868-57a2d4851a1d" relativeResultsDirectory="65330455-063e-4882-ae8b-17c1bdf82476" />
    <UnitTestResult executionId="1c1fd5a6-d864-4366-82fb-512750665b88" testId="81d1523d-97e0-4e1a-b3e7-33e43f6488dc" testName="LogDetailsControl PreApproval:Approve/Rject button should be shown when an approval waiting on current user" computerName="TFSBUILD11" duration="00:00:00.0280000" startTime="2015-09-28T09:46:14.5447239-07:00" endTime="2015-09-28T09:46:14.5447239-07:00" testType="13cdc9d9-ddb5-4fa4-a97d-d965ccfc6d4b" outcome="Passed" testListId="8c84fa94-04c1-424b-9868-57a2d4851a1d" relativeResultsDirectory="1c1fd5a6-d864-4366-82fb-512750665b88" />
    <UnitTestResult executionId="ced11c32-0dbe-4c77-a568-a15fd9efc41c" testId="96275acd-e076-48f4-a217-79fc251dd41d" testName="LogDetailsControl PostApproval:Approve/Rject button should be shown when an approval waiting on current user" computerName="TFSBUILD11" duration="00:00:00.0190000" startTime="2015-09-28T09:46:14.5447239-07:00" endTime="2015-09-28T09:46:14.5447239-07:00" testType="13cdc9d9-ddb5-4fa4-a97d-d965ccfc6d4b" outcome="Passed" testListId="8c84fa94-04c1-424b-9868-57a2d4851a1d" relativeResultsDirectory="ced11c32-0dbe-4c77-a568-a15fd9efc41c" />
    <UnitTestResult executionId="95d2b96d-4d3e-40e2-9c14-35792ba0a229" testId="d39e70d2-7c21-4429-bec1-d3539edfa43c" testName="LogDetailsControl PreApproval:Pending approval state should be shown when an approval waiting on other user" computerName="TFSBUILD11" duration="00:00:00.0180000" startTime="2015-09-28T09:46:14.5447239-07:00" endTime="2015-09-28T09:46:14.5447239-07:00" testType="13cdc9d9-ddb5-4fa4-a97d-d965ccfc6d4b" outcome="Passed" testListId="8c84fa94-04c1-424b-9868-57a2d4851a1d" relativeResultsDirectory="95d2b96d-4d3e-40e2-9c14-35792ba0a229" />
    <UnitTestResult executionId="96c34785-393b-4847-b3fa-bdfa61256dbd" testId="67d28af3-266b-48fc-8024-7db24fe6e9ae" testName="LogDetailsControl PostApproval:Pending approval state should be shown when an approval waiting on other user" computerName="TFSBUILD11" duration="00:00:00.0180000" startTime="2015-09-28T09:46:14.5447239-07:00" endTime="2015-09-28T09:46:14.5447239-07:00" testType="13cdc9d9-ddb5-4fa4-a97d-d965ccfc6d4b" outcome="Passed" testListId="8c84fa94-04c1-424b-9868-57a2d4851a1d" relativeResultsDirectory="96c34785-393b-4847-b3fa-bdfa61256dbd" />
    <UnitTestResult executionId="6a989f4e-fc1b-46fd-9bed-99327a20c187" testId="a1506e5b-cdb8-4014-a04e-cb49e20d25be" testName="LogDetailsControl PreApproval:ViewApproval state should be shown when an approval is approved by current user" computerName="TFSBUILD11" duration="00:00:00.0180000" startTime="2015-09-28T09:46:14.5447239-07:00" endTime="2015-09-28T09:46:14.5447239-07:00" testType="13cdc9d9-ddb5-4fa4-a97d-d965ccfc6d4b" outcome="Passed" testListId="8c84fa94-04c1-424b-9868-57a2d4851a1d" relativeResultsDirectory="6a989f4e-fc1b-46fd-9bed-99327a20c187" />
    <UnitTestResult executionId="52ace210-8505-4614-b123-c894c6e16a6e" testId="9da1f869-a507-4bf9-94d9-86ca1f4b8e12" testName="LogDetailsControl PostApproval:ViewApproval state should be shown when an approval is approved by other user" computerName="TFSBUILD11" duration="00:00:00.0210000" startTime="2015-09-28T09:46:14.7439117-07:00" endTime="2015-09-28T09:46:14.7439117-07:00" testType="13cdc9d9-ddb5-4fa4-a97d-d965ccfc6d4b" outcome="Passed" testListId="8c84fa94-04c1-424b-9868-57a2d4851a1d" relativeResultsDirectory="52ace210-8505-4614-b123-c894c6e16a6e" />
    <UnitTestResult executionId="a6a56086-f17c-46c5-b639-d33713b5ce93" testId="5320fb39-3e0c-4c4f-b01b-903c43631e2c" testName="LogDetailsControl PostApproval:ViewApproval state should be shown when an approval is Canceled by other user" computerName="TFSBUILD11" duration="00:00:00.0200000" startTime="2015-09-28T09:46:14.7439117-07:00" endTime="2015-09-28T09:46:14.7439117-07:00" testType="13cdc9d9-ddb5-4fa4-a97d-d965ccfc6d4b" outcome="Passed" testListId="8c84fa94-04c1-424b-9868-57a2d4851a1d" relativeResultsDirectory="a6a56086-f17c-46c5-b639-d33713b5ce93" />
    <UnitTestResult executionId="c88d8f40-6c05-44f3-b717-e9330f205f16" testId="d32a35ac-a1be-40ea-85cf-ae24926de104" testName="LogDetailsControl PreApproval:ViewApproval state should be shown when an approval is Rejected by current user" computerName="TFSBUILD11" duration="00:00:00.0220000" startTime="2015-09-28T09:46:14.7439117-07:00" endTime="2015-09-28T09:46:14.7439117-07:00" testType="13cdc9d9-ddb5-4fa4-a97d-d965ccfc6d4b" outcome="Passed" testListId="8c84fa94-04c1-424b-9868-57a2d4851a1d" relativeResultsDirectory="c88d8f40-6c05-44f3-b717-e9330f205f16" />
    <UnitTestResult executionId="6d8ea46a-1199-4832-a146-a794b302f046" testId="74a3584a-2ac0-4666-8554-cfeed0329c38" testName="LogDetailsControl PostApproval:ViewApproval state should be shown when an approval is Reassigned by current user" computerName="TFSBUILD11" duration="00:00:00.0220000" startTime="2015-09-28T09:46:14.7439117-07:00" endTime="2015-09-28T09:46:14.7439117-07:00" testType="13cdc9d9-ddb5-4fa4-a97d-d965ccfc6d4b" outcome="Passed" testListId="8c84fa94-04c1-424b-9868-57a2d4851a1d" relativeResultsDirectory="6d8ea46a-1199-4832-a146-a794b302f046" />
    <UnitTestResult executionId="6d9869f9-1ef4-44c2-8d51-588cfb16d46c" testId="9773d54a-1e76-4fb5-b92b-0b4d64bd6b82" testName="LogDetailsControl PostApproval:ViewApproval state should be shown when an approval is Undefined" computerName="TFSBUILD11" duration="00:00:00.0220000" startTime="2015-09-28T09:46:14.7439117-07:00" endTime="2015-09-28T09:46:14.7439117-07:00" testType="13cdc9d9-ddb5-4fa4-a97d-d965ccfc6d4b" outcome="Passed" testListId="8c84fa94-04c1-424b-9868-57a2d4851a1d" relativeResultsDirectory="6d9869f9-1ef4-44c2-8d51-588cfb16d46c" />
    <UnitTestResult executionId="8faaccb7-a79b-4526-a65a-17da57871a34" testId="b2d4dd6a-dee0-4015-a63c-fd0a53d800a7" testName="LogDetailsControl PostApproval:ViewApproval state should be shown when an approval is Approved and it is automated" computerName="TFSBUILD11" duration="00:00:00.0220000" startTime="2015-09-28T09:46:14.7439117-07:00" endTime="2015-09-28T09:46:14.7439117-07:00" testType="13cdc9d9-ddb5-4fa4-a97d-d965ccfc6d4b" outcome="Passed" testListId="8c84fa94-04c1-424b-9868-57a2d4851a1d" relativeResultsDirectory="8faaccb7-a79b-4526-a65a-17da57871a34" />
    <UnitTestResult executionId="287339f9-bfca-40a6-9d2e-9847447f019e" testId="1ef2200b-b15e-43b5-87dc-1f5102e0c8e8" testName="AllDefinitionsNodeViewModelTests AllDefinitionsNodeViewModel should derive from FolderNodeViewModel" computerName="TFSBUILD11" duration="00:00:00.0350000" startTime="2015-09-28T09:46:14.7439117-07:00" endTime="2015-09-28T09:46:14.7439117-07:00" testType="13cdc9d9-ddb5-4fa4-a97d-d965ccfc6d4b" outcome="Passed" testListId="8c84fa94-04c1-424b-9868-57a2d4851a1d" relativeResultsDirectory="287339f9-bfca-40a6-9d2e-9847447f019e" />
    <UnitTestResult executionId="27b20ce0-75c2-4d22-ba97-cbe6fe6b11f6" testId="6825e54b-bac9-4cbf-b537-90b01cf246d6" testName="AllDefinitionsNodeViewModelTests AllDefinitionsNodeViewModel constructor should call base constructor with proper label" computerName="TFSBUILD11" duration="00:00:00.0160000" startTime="2015-09-28T09:46:14.7439117-07:00" endTime="2015-09-28T09:46:14.7439117-07:00" testType="13cdc9d9-ddb5-4fa4-a97d-d965ccfc6d4b" outcome="Passed" testListId="8c84fa94-04c1-424b-9868-57a2d4851a1d" relativeResultsDirectory="27b20ce0-75c2-4d22-ba97-cbe6fe6b11f6" />
    <UnitTestResult executionId="5ed14853-4c82-4237-a4dc-6ea66c122997" testId="cfe66ec7-afdd-4945-9692-8c4a29ad3e4e" testName="AllDefinitionsNodeViewModelTests AllDefinitionsNodeViewModel's default empty folder node text should be proper" computerName="TFSBUILD11" duration="00:00:00.0160000" startTime="2015-09-28T09:46:14.7439117-07:00" endTime="2015-09-28T09:46:14.7439117-07:00" testType="13cdc9d9-ddb5-4fa4-a97d-d965ccfc6d4b" outcome="Passed" testListId="8c84fa94-04c1-424b-9868-57a2d4851a1d" relativeResultsDirectory="5ed14853-4c82-4237-a4dc-6ea66c122997" />
    <UnitTestResult executionId="7acb9ef6-558b-4e05-a730-9763cebf2209" testId="1a3d8ddb-22f0-4ffb-b6d3-d9ab8aba1b1b" testName="AllDefinitionsNodeViewModelTests Successful refresh should call the result callback" computerName="TFSBUILD11" duration="00:00:00.0610000" startTime="2015-09-28T09:46:14.9562384-07:00" endTime="2015-09-28T09:46:14.9562384-07:00" testType="13cdc9d9-ddb5-4fa4-a97d-d965ccfc6d4b" outcome="Passed" testListId="8c84fa94-04c1-424b-9868-57a2d4851a1d" relativeResultsDirectory="7acb9ef6-558b-4e05-a730-9763cebf2209" />
    <UnitTestResult executionId="84985e6b-a058-49fe-ad04-3942bdb9a922" testId="d82234c8-fd20-4506-974b-dd3c5842d43b" testName="AllDefinitionsNodeViewModelTests Refresh should populate all release definitions in sorted Order" computerName="TFSBUILD11" duration="00:00:00.0330000" startTime="2015-09-28T09:46:14.9562384-07:00" endTime="2015-09-28T09:46:14.9562384-07:00" testType="13cdc9d9-ddb5-4fa4-a97d-d965ccfc6d4b" outcome="Passed" testListId="8c84fa94-04c1-424b-9868-57a2d4851a1d" relativeResultsDirectory="84985e6b-a058-49fe-ad04-3942bdb9a922" />
    <UnitTestResult executionId="23619960-fb1d-4922-9c8b-ebe02a7cdcd3" testId="bc6914d5-1bc5-4592-9639-f2405eb104e4" testName="AllDefinitionsNodeViewModelTests Test apply filter with good filter" computerName="TFSBUILD11" duration="00:00:00.0170000" startTime="2015-09-28T09:46:14.9562384-07:00" endTime="2015-09-28T09:46:14.9562384-07:00" testType="13cdc9d9-ddb5-4fa4-a97d-d965ccfc6d4b" outcome="Passed" testListId="8c84fa94-04c1-424b-9868-57a2d4851a1d" relativeResultsDirectory="23619960-fb1d-4922-9c8b-ebe02a7cdcd3" />
    <UnitTestResult executionId="c8152c3a-6f89-4ed5-b0e1-1ae85bf3f5af" testId="b31656f0-6785-4028-96ee-e03fe57a0de6" testName="AllDefinitionsNodeViewModelTests Test apply filter with empty filter, this is how we clear the filter" computerName="TFSBUILD11" duration="00:00:00.0170000" startTime="2015-09-28T09:46:14.9562384-07:00" endTime="2015-09-28T09:46:14.9562384-07:00" testType="13cdc9d9-ddb5-4fa4-a97d-d965ccfc6d4b" outcome="Passed" testListId="8c84fa94-04c1-424b-9868-57a2d4851a1d" relativeResultsDirectory="c8152c3a-6f89-4ed5-b0e1-1ae85bf3f5af" />
    <UnitTestResult executionId="7f81b967-d018-4d66-b5a2-fc37c1f881f5" testId="8bce5986-5788-4b6c-91ed-c3217469345f" testName="AllDefinitionsNodeViewModelTests Test apply filter with no definitions matching the filter" computerName="TFSBUILD11" duration="00:00:00.0160000" startTime="2015-09-28T09:46:14.9562384-07:00" endTime="2015-09-28T09:46:14.9562384-07:00" testType="13cdc9d9-ddb5-4fa4-a97d-d965ccfc6d4b" outcome="Passed" testListId="8c84fa94-04c1-424b-9868-57a2d4851a1d" relativeResultsDirectory="7f81b967-d018-4d66-b5a2-fc37c1f881f5" />
    <UnitTestResult executionId="2943fb2f-ed65-45bb-be14-6f9d38d9471d" testId="82948118-f143-4e85-9b51-48f869d89b74" testName="DefinitionNodeViewModelTests DefinitionNodeViewModel should derive from TreeNodeViewModel" computerName="TFSBUILD11" duration="00:00:00.0160000" startTime="2015-09-28T09:46:14.9562384-07:00" endTime="2015-09-28T09:46:14.9562384-07:00" testType="13cdc9d9-ddb5-4fa4-a97d-d965ccfc6d4b" outcome="Passed" testListId="8c84fa94-04c1-424b-9868-57a2d4851a1d" relativeResultsDirectory="2943fb2f-ed65-45bb-be14-6f9d38d9471d" />
    <UnitTestResult executionId="7ea0dd72-ae67-417c-9f65-dae336ead7b5" testId="17ad08a8-c919-4e6d-84de-8ce036a553be" testName="DefinitionNodeViewModelTests DefinitionNodeViewModel should not derive from FolderNodeViewModel" computerName="TFSBUILD11" duration="00:00:00.0160000" startTime="2015-09-28T09:46:14.9562384-07:00" endTime="2015-09-28T09:46:14.9562384-07:00" testType="13cdc9d9-ddb5-4fa4-a97d-d965ccfc6d4b" outcome="Passed" testListId="8c84fa94-04c1-424b-9868-57a2d4851a1d" relativeResultsDirectory="7ea0dd72-ae67-417c-9f65-dae336ead7b5" />
    <UnitTestResult executionId="ba381b5f-a759-4816-8dc1-09c8db9dd006" testId="a9e01c64-45b3-4cba-a16a-fe9f8f39b495" testName="DefinitionNodeViewModelTests DefinitionNodeViewModel constructor should call base constructor with proper label" computerName="TFSBUILD11" duration="00:00:00.0160000" startTime="2015-09-28T09:46:14.9562384-07:00" endTime="2015-09-28T09:46:14.9562384-07:00" testType="13cdc9d9-ddb5-4fa4-a97d-d965ccfc6d4b" outcome="Passed" testListId="8c84fa94-04c1-424b-9868-57a2d4851a1d" relativeResultsDirectory="ba381b5f-a759-4816-8dc1-09c8db9dd006" />
    <UnitTestResult executionId="17f4e4e0-d43a-4a1a-9d83-5b0e176c4dcc" testId="3891dc03-66d5-499b-a88f-aeace12e4cc1" testName="FavoritesNodeViewModelTests FavoritesNodeViewModel should derive from FolderNodeViewModel" computerName="TFSBUILD11" duration="00:00:00.0160000" startTime="2015-09-28T09:46:14.9562384-07:00" endTime="2015-09-28T09:46:14.9562384-07:00" testType="13cdc9d9-ddb5-4fa4-a97d-d965ccfc6d4b" outcome="Passed" testListId="8c84fa94-04c1-424b-9868-57a2d4851a1d" relativeResultsDirectory="17f4e4e0-d43a-4a1a-9d83-5b0e176c4dcc" />
    <UnitTestResult executionId="d4b7a93b-54a8-4bb7-b2f7-6114d83522c5" testId="b4225de4-6278-4c59-b6a8-2a8afc1a9fa7" testName="FavoritesNodeViewModelTests FavoritesNodeViewModel constructor should call base constructor with proper label" computerName="TFSBUILD11" duration="00:00:00.0160000" startTime="2015-09-28T09:46:15.1279659-07:00" endTime="2015-09-28T09:46:15.1279659-07:00" testType="13cdc9d9-ddb5-4fa4-a97d-d965ccfc6d4b" outcome="Passed" testListId="8c84fa94-04c1-424b-9868-57a2d4851a1d" relativeResultsDirectory="d4b7a93b-54a8-4bb7-b2f7-6114d83522c5" />
    <UnitTestResult executionId="82deafdd-5cc4-48c8-92fa-f435151309ba" testId="2a81f55b-4731-4632-a071-4b2b6a486921" testName="FavoritesNodeViewModelTests FavoritesNodeViewModel's default empty folder node text should be proper" computerName="TFSBUILD11" duration="00:00:00.0160000" startTime="2015-09-28T09:46:15.1279659-07:00" endTime="2015-09-28T09:46:15.1279659-07:00" testType="13cdc9d9-ddb5-4fa4-a97d-d965ccfc6d4b" outcome="Passed" testListId="8c84fa94-04c1-424b-9868-57a2d4851a1d" relativeResultsDirectory="82deafdd-5cc4-48c8-92fa-f435151309ba" />
    <UnitTestResult executionId="19e8fb41-3d3a-4697-921d-47f9bd18e31b" testId="79efba3d-28c3-400f-8d0c-6737e824d4cd" testName="FolderNodeViewModelTests FolderNodeViewModel should derive from TreeNodeViewModel" computerName="TFSBUILD11" duration="00:00:00.0170000" startTime="2015-09-28T09:46:15.1279659-07:00" endTime="2015-09-28T09:46:15.1279659-07:00" testType="13cdc9d9-ddb5-4fa4-a97d-d965ccfc6d4b" outcome="Passed" testListId="8c84fa94-04c1-424b-9868-57a2d4851a1d" relativeResultsDirectory="19e8fb41-3d3a-4697-921d-47f9bd18e31b" />
    <UnitTestResult executionId="3e9fdc1c-f3e6-49c6-a395-54292cda8aa2" testId="cfd1b0e8-7543-4760-a2d8-e3ccf21498c9" testName="FolderNodeViewModelTests FolderNodeViewModel constructor should call base constructor with proper label" computerName="TFSBUILD11" duration="00:00:00.0170000" startTime="2015-09-28T09:46:15.1279659-07:00" endTime="2015-09-28T09:46:15.1279659-07:00" testType="13cdc9d9-ddb5-4fa4-a97d-d965ccfc6d4b" outcome="Passed" testListId="8c84fa94-04c1-424b-9868-57a2d4851a1d" relativeResultsDirectory="3e9fdc1c-f3e6-49c6-a395-54292cda8aa2" />
    <UnitTestResult executionId="b286fa87-ec21-417f-88ef-9e998b819f26" testId="2c902db9-8372-41e8-9f1f-d3680351b759" testName="FolderNodeViewModelTests FolderNodeViewModel's default empty folder node text should be empty" computerName="TFSBUILD11" duration="00:00:00.0170000" startTime="2015-09-28T09:46:15.1279659-07:00" endTime="2015-09-28T09:46:15.1279659-07:00" testType="13cdc9d9-ddb5-4fa4-a97d-d965ccfc6d4b" outcome="Passed" testListId="8c84fa94-04c1-424b-9868-57a2d4851a1d" relativeResultsDirectory="b286fa87-ec21-417f-88ef-9e998b819f26" />
    <UnitTestResult executionId="8138d193-a1e3-4706-8772-72c24ec5f47d" testId="a8487e79-1585-40f7-b897-fc013266e830" testName="ReleaseDefinitionExplorerViewModelTests Constructor should initialize root node properly" computerName="TFSBUILD11" duration="00:00:00.0190000" startTime="2015-09-28T09:46:15.1279659-07:00" endTime="2015-09-28T09:46:15.1279659-07:00" testType="13cdc9d9-ddb5-4fa4-a97d-d965ccfc6d4b" outcome="Passed" testListId="8c84fa94-04c1-424b-9868-57a2d4851a1d" relativeResultsDirectory="8138d193-a1e3-4706-8772-72c24ec5f47d" />
    <UnitTestResult executionId="107a413b-dd16-4931-b306-6846c632e0e6" testId="92cf2bf0-2e26-44db-b326-e674f3387218" testName="ReleaseDefinitionExplorerViewModelTests Constructor should create 1 folder" computerName="TFSBUILD11" duration="00:00:00.0180000" startTime="2015-09-28T09:46:15.1279659-07:00" endTime="2015-09-28T09:46:15.1279659-07:00" testType="13cdc9d9-ddb5-4fa4-a97d-d965ccfc6d4b" outcome="Passed" testListId="8c84fa94-04c1-424b-9868-57a2d4851a1d" relativeResultsDirectory="107a413b-dd16-4931-b306-6846c632e0e6" />
    <UnitTestResult executionId="c21cad97-1cba-4729-8a7b-783c845213c7" testId="e8385543-008f-4f66-9dec-21b514f70284" testName="ReleaseDefinitionExplorerViewModelTests Constructor should initialize all release definitions node" computerName="TFSBUILD11" duration="00:00:00.0190000" startTime="2015-09-28T09:46:15.1279659-07:00" endTime="2015-09-28T09:46:15.1279659-07:00" testType="13cdc9d9-ddb5-4fa4-a97d-d965ccfc6d4b" outcome="Passed" testListId="8c84fa94-04c1-424b-9868-57a2d4851a1d" relativeResultsDirectory="c21cad97-1cba-4729-8a7b-783c845213c7" />
    <UnitTestResult executionId="db06dad5-9779-4fdd-a562-a11931cdf9fa" testId="02ef6881-0043-4dac-b5d4-afba7beee46a" testName="ReleaseDefinitionExplorerViewModelTests Successful refresh should populate all definitions node" computerName="TFSBUILD11" duration="00:00:00.0290000" startTime="2015-09-28T09:46:15.1279659-07:00" endTime="2015-09-28T09:46:15.1279659-07:00" testType="13cdc9d9-ddb5-4fa4-a97d-d965ccfc6d4b" outcome="Passed" testListId="8c84fa94-04c1-424b-9868-57a2d4851a1d" relativeResultsDirectory="db06dad5-9779-4fdd-a562-a11931cdf9fa" />
    <UnitTestResult executionId="81e5707a-2efc-4544-95f2-701d8e318c14" testId="11bf941d-6982-4d97-9e7d-2488179993a2" testName="ReleaseDefinitionExplorerViewModelTests Successful refresh should call result callback once" computerName="TFSBUILD11" duration="00:00:00.0280000" startTime="2015-09-28T09:46:15.4986791-07:00" endTime="2015-09-28T09:46:15.4986791-07:00" testType="13cdc9d9-ddb5-4fa4-a97d-d965ccfc6d4b" outcome="Passed" testListId="8c84fa94-04c1-424b-9868-57a2d4851a1d" relativeResultsDirectory="81e5707a-2efc-4544-95f2-701d8e318c14" />
    <UnitTestResult executionId="e75760b9-6d2c-4e90-8a6b-aadbaf511c30" testId="d4a50454-0623-457f-a39b-549d4d15f3c7" testName="ReleaseDefinitionExplorerViewModelTests select should select the release definition" computerName="TFSBUILD11" duration="00:00:00.0290000" startTime="2015-09-28T09:46:15.4986791-07:00" endTime="2015-09-28T09:46:15.4986791-07:00" testType="13cdc9d9-ddb5-4fa4-a97d-d965ccfc6d4b" outcome="Passed" testListId="8c84fa94-04c1-424b-9868-57a2d4851a1d" relativeResultsDirectory="e75760b9-6d2c-4e90-8a6b-aadbaf511c30" />
    <UnitTestResult executionId="b8e9398c-a99d-44d8-9f10-beff737a6ac9" testId="3032255e-1297-4187-b2e2-b62d55a7e0e0" testName="ReleaseDefinitionExplorerViewModelTests select should callback refreshReleasesDelegate when release definition selected with refreshRelease flag as true" computerName="TFSBUILD11" duration="00:00:00.0470000" startTime="2015-09-28T09:46:15.4986791-07:00" endTime="2015-09-28T09:46:15.4986791-07:00" testType="13cdc9d9-ddb5-4fa4-a97d-d965ccfc6d4b" outcome="Passed" testListId="8c84fa94-04c1-424b-9868-57a2d4851a1d" relativeResultsDirectory="b8e9398c-a99d-44d8-9f10-beff737a6ac9" />
    <UnitTestResult executionId="978b005f-2128-47ef-87fd-12fc8b6075fc" testId="3d0ac370-0ff7-473b-b26f-ba2fdb83cec6" testName="ReleaseDefinitionExplorerViewModelTests select should not callback refreshReleasesDelegate when release definition selected with refreshRelease flag as false" computerName="TFSBUILD11" duration="00:00:00.0170000" startTime="2015-09-28T09:46:15.4986791-07:00" endTime="2015-09-28T09:46:15.4986791-07:00" testType="13cdc9d9-ddb5-4fa4-a97d-d965ccfc6d4b" outcome="Passed" testListId="8c84fa94-04c1-424b-9868-57a2d4851a1d" relativeResultsDirectory="978b005f-2128-47ef-87fd-12fc8b6075fc" />
    <UnitTestResult executionId="2d39826c-8ea3-4670-accc-27d5cbdafe3a" testId="64994653-05ff-40b0-99f4-d8ec0c0a1be6" testName="ReleaseDefinitionExplorerViewModelTests select should not callback refreshReleasesDelegate when the selected release definition does not change" computerName="TFSBUILD11" duration="00:00:00.0170000" startTime="2015-09-28T09:46:15.4986791-07:00" endTime="2015-09-28T09:46:15.4986791-07:00" testType="13cdc9d9-ddb5-4fa4-a97d-d965ccfc6d4b" outcome="Passed" testListId="8c84fa94-04c1-424b-9868-57a2d4851a1d" relativeResultsDirectory="2d39826c-8ea3-4670-accc-27d5cbdafe3a" />
    <UnitTestResult executionId="f8e0d160-50f6-46d8-ba60-31f123141551" testId="6e330d93-9841-4d1a-9905-a51c8e96e809" testName="ReleaseDefinitionExplorerViewModelTests select should callback refreshReleasesDelegate when we request the releases to be refreshed always" computerName="TFSBUILD11" duration="00:00:00.0170000" startTime="2015-09-28T09:46:15.4986791-07:00" endTime="2015-09-28T09:46:15.4986791-07:00" testType="13cdc9d9-ddb5-4fa4-a97d-d965ccfc6d4b" outcome="Passed" testListId="8c84fa94-04c1-424b-9868-57a2d4851a1d" relativeResultsDirectory="f8e0d160-50f6-46d8-ba60-31f123141551" />
    <UnitTestResult executionId="d0960ac9-bd76-486e-b1bd-8e422df35c41" testId="32743931-1929-47a2-8a41-7303bbdffdb4" testName="ReleaseDefinitionExplorerViewModelTests Default selected release defintion should correspond to All releases" computerName="TFSBUILD11" duration="00:00:00.0600000" startTime="2015-09-28T09:46:15.4986791-07:00" endTime="2015-09-28T09:46:15.4986791-07:00" testType="13cdc9d9-ddb5-4fa4-a97d-d965ccfc6d4b" outcome="Passed" testListId="8c84fa94-04c1-424b-9868-57a2d4851a1d" relativeResultsDirectory="d0960ac9-bd76-486e-b1bd-8e422df35c41" />
    <UnitTestResult executionId="27f2ee8b-db25-4b68-9c6b-993d91bfc263" testId="133087e5-f4c7-4fd5-b275-0f05357a9f91" testName="ReleaseDefinitionExplorerViewModelTests Filter all release definitions should apply filter on release definitions." computerName="TFSBUILD11" duration="00:00:00.1030000" startTime="2015-09-28T09:46:15.4986791-07:00" endTime="2015-09-28T09:46:15.4986791-07:00" testType="13cdc9d9-ddb5-4fa4-a97d-d965ccfc6d4b" outcome="Passed" testListId="8c84fa94-04c1-424b-9868-57a2d4851a1d" relativeResultsDirectory="27f2ee8b-db25-4b68-9c6b-993d91bfc263" />
    <UnitTestResult executionId="38112238-49ce-42c8-b03e-db328c0ff3a6" testId="a5ea0f0a-6506-4f3d-adb7-ea822299195c" testName="ReleaseExplorerViewModelTests Test constructor" computerName="TFSBUILD11" duration="00:00:00.0460000" startTime="2015-09-28T09:46:15.4986791-07:00" endTime="2015-09-28T09:46:15.4986791-07:00" testType="13cdc9d9-ddb5-4fa4-a97d-d965ccfc6d4b" outcome="Passed" testListId="8c84fa94-04c1-424b-9868-57a2d4851a1d" relativeResultsDirectory="38112238-49ce-42c8-b03e-db328c0ff3a6" />
    <UnitTestResult executionId="2bbc2e37-e247-4190-a438-6da8ddf1f866" testId="9e6d5f13-ed23-4842-9913-c7ddb26e4306" testName="ReleaseExplorerViewModelTests Intialize should call initialize on release definition explorer view model and releases view model." computerName="TFSBUILD11" duration="00:00:00.0390000" startTime="2015-09-28T09:46:15.8019225-07:00" endTime="2015-09-28T09:46:15.8019225-07:00" testType="13cdc9d9-ddb5-4fa4-a97d-d965ccfc6d4b" outcome="Passed" testListId="8c84fa94-04c1-424b-9868-57a2d4851a1d" relativeResultsDirectory="2bbc2e37-e247-4190-a438-6da8ddf1f866" />
    <UnitTestResult executionId="6dd66211-739f-4133-b969-bf98637a391f" testId="3a4d2b82-0872-485a-a472-8594f11e7931" testName="ReleaseExplorerViewModelTests Changing the selected release definition should toggle the flag isAllReleaseDefinitionsSelected as an when all defintions or a single definition is selected." computerName="TFSBUILD11" duration="00:00:00.0380000" startTime="2015-09-28T09:46:15.8019225-07:00" endTime="2015-09-28T09:46:15.8019225-07:00" testType="13cdc9d9-ddb5-4fa4-a97d-d965ccfc6d4b" outcome="Passed" testListId="8c84fa94-04c1-424b-9868-57a2d4851a1d" relativeResultsDirectory="6dd66211-739f-4133-b969-bf98637a391f" />
    <UnitTestResult executionId="6fc81f21-634a-4d3c-9133-30fb6a9974ae" testId="c6574750-4c6d-4a9e-999b-ed3923d9c7fa" testName="ReleaseExplorerViewModelTests Changing the selected release definition without refreshRelease flag should not refresh releases in releases view model." computerName="TFSBUILD11" duration="00:00:00.0290000" startTime="2015-09-28T09:46:15.8019225-07:00" endTime="2015-09-28T09:46:15.8019225-07:00" testType="13cdc9d9-ddb5-4fa4-a97d-d965ccfc6d4b" outcome="Passed" testListId="8c84fa94-04c1-424b-9868-57a2d4851a1d" relativeResultsDirectory="6fc81f21-634a-4d3c-9133-30fb6a9974ae" />
    <UnitTestResult executionId="f9f69341-66cf-440d-8b65-cb0b73567c74" testId="6fc7f517-43eb-4100-8e9d-ed0f07f843b3" testName="ReleaseLogViewModelTests ReleaseLogsViewModel can be constructed successfully" computerName="TFSBUILD11" duration="00:00:00.0530000" startTime="2015-09-28T09:46:15.8019225-07:00" endTime="2015-09-28T09:46:15.8019225-07:00" testType="13cdc9d9-ddb5-4fa4-a97d-d965ccfc6d4b" outcome="Passed" testListId="8c84fa94-04c1-424b-9868-57a2d4851a1d" relativeResultsDirectory="f9f69341-66cf-440d-8b65-cb0b73567c74" />
    <UnitTestResult executionId="81ff7e3e-af6f-433c-bd33-a5ecdb07a1ae" testId="35a4c8b6-bf64-40ef-8222-25c884404c20" testName="ReleaseLogViewModelTests ReleaseLogsViewModel returns logs on calling getLogs method" computerName="TFSBUILD11" duration="00:00:00.0310000" startTime="2015-09-28T09:46:15.8019225-07:00" endTime="2015-09-28T09:46:15.8019225-07:00" testType="13cdc9d9-ddb5-4fa4-a97d-d965ccfc6d4b" outcome="Passed" testListId="8c84fa94-04c1-424b-9868-57a2d4851a1d" relativeResultsDirectory="81ff7e3e-af6f-433c-bd33-a5ecdb07a1ae" />
    <UnitTestResult executionId="53ea58f9-1c48-42b5-9bd8-51fb5e6c1994" testId="ef314ee1-2629-4a2a-bc95-11dcb873f800" testName="ReleaseLogViewModelTests Calling refresh logs should call the refresh Delegate assigned" computerName="TFSBUILD11" duration="00:00:00.0280000" startTime="2015-09-28T09:46:15.8019225-07:00" endTime="2015-09-28T09:46:15.8019225-07:00" testType="13cdc9d9-ddb5-4fa4-a97d-d965ccfc6d4b" outcome="Passed" testListId="8c84fa94-04c1-424b-9868-57a2d4851a1d" relativeResultsDirectory="53ea58f9-1c48-42b5-9bd8-51fb5e6c1994" />
    <UnitTestResult executionId="96edd0e6-c849-43b4-ba04-e9ef714b1984" testId="d4e384c7-e1d0-41bd-afb7-f79896a3c183" testName="ReleaseLogViewModelTests Calling refresh logs should return the appropriate logs for Approvals" computerName="TFSBUILD11" duration="00:00:00.0270000" startTime="2015-09-28T09:46:15.8019225-07:00" endTime="2015-09-28T09:46:15.8019225-07:00" testType="13cdc9d9-ddb5-4fa4-a97d-d965ccfc6d4b" outcome="Passed" testListId="8c84fa94-04c1-424b-9868-57a2d4851a1d" relativeResultsDirectory="96edd0e6-c849-43b4-ba04-e9ef714b1984" />
    <UnitTestResult executionId="df68c660-08fc-47de-90df-eb3001f63620" testId="44388118-c4ce-4276-80a4-e6265437153e" testName="ReleaseLogViewModelTests Calling refresh logs should return the appropriate logs for Tasks" computerName="TFSBUILD11" duration="00:00:00.0270000" startTime="2015-09-28T09:46:15.8019225-07:00" endTime="2015-09-28T09:46:15.8019225-07:00" testType="13cdc9d9-ddb5-4fa4-a97d-d965ccfc6d4b" outcome="Passed" testListId="8c84fa94-04c1-424b-9868-57a2d4851a1d" relativeResultsDirectory="df68c660-08fc-47de-90df-eb3001f63620" />
    <UnitTestResult executionId="3bcf7deb-9d0f-45b1-a5c2-e912a7f7a16e" testId="1334e844-6bcf-44ce-ac30-b238a7e7d2af" testName="ReleaseLogViewModelTests GetReleaseName should return name of the current release" computerName="TFSBUILD11" duration="00:00:00.0260000" startTime="2015-09-28T09:46:15.8019225-07:00" endTime="2015-09-28T09:46:15.8019225-07:00" testType="13cdc9d9-ddb5-4fa4-a97d-d965ccfc6d4b" outcome="Passed" testListId="8c84fa94-04c1-424b-9868-57a2d4851a1d" relativeResultsDirectory="3bcf7deb-9d0f-45b1-a5c2-e912a7f7a16e" />
    <UnitTestResult executionId="bd980018-54dd-4811-8f48-3b161bbcdf7c" testId="f74e0060-d9b2-4a68-8d91-1ce2533c966f" testName="ReleaseLogViewModelTests GetReleaseDefinition should return release definition of current release" computerName="TFSBUILD11" duration="00:00:00.0270000" startTime="2015-09-28T09:46:16.1182911-07:00" endTime="2015-09-28T09:46:16.1182911-07:00" testType="13cdc9d9-ddb5-4fa4-a97d-d965ccfc6d4b" outcome="Passed" testListId="8c84fa94-04c1-424b-9868-57a2d4851a1d" relativeResultsDirectory="bd980018-54dd-4811-8f48-3b161bbcdf7c" />
    <UnitTestResult executionId="38b31c0e-a95e-40db-9670-cc758ba752e8" testId="c2233d47-f340-4a17-9596-b0006a40ef78" testName="ReleaseLogViewModelTests GetDownloadAllLogsLink should return proper string" computerName="TFSBUILD11" duration="00:00:00.0190000" startTime="2015-09-28T09:46:16.1182911-07:00" endTime="2015-09-28T09:46:16.1182911-07:00" testType="13cdc9d9-ddb5-4fa4-a97d-d965ccfc6d4b" outcome="Passed" testListId="8c84fa94-04c1-424b-9868-57a2d4851a1d" relativeResultsDirectory="38b31c0e-a95e-40db-9670-cc758ba752e8" />
    <UnitTestResult executionId="1c5e02f3-a56b-4f1f-a352-c38fd7750fba" testId="68304b6d-94b0-4a93-8f31-58a23f621563" testName="ReleaseLogViewModelTests Calling get logs with attempts should return logs in correct order with attempts embedded in logs in correct locations." computerName="TFSBUILD11" duration="00:00:00.0850000" startTime="2015-09-28T09:46:16.1182911-07:00" endTime="2015-09-28T09:46:16.1182911-07:00" testType="13cdc9d9-ddb5-4fa4-a97d-d965ccfc6d4b" outcome="Passed" testListId="8c84fa94-04c1-424b-9868-57a2d4851a1d" relativeResultsDirectory="1c5e02f3-a56b-4f1f-a352-c38fd7750fba" />
    <UnitTestResult executionId="21e097f2-0b25-4c4f-8576-653fc9452c32" testId="79f185d7-9365-4e1d-87b4-af1056f9fd4c" testName="ReleaseLogViewModelTests For released release, show all logs, environment count:2" computerName="TFSBUILD11" duration="00:00:00.0530000" startTime="2015-09-28T09:46:16.1182911-07:00" endTime="2015-09-28T09:46:16.1182911-07:00" testType="13cdc9d9-ddb5-4fa4-a97d-d965ccfc6d4b" outcome="Passed" testListId="8c84fa94-04c1-424b-9868-57a2d4851a1d" relativeResultsDirectory="21e097f2-0b25-4c4f-8576-653fc9452c32" />
    <UnitTestResult executionId="0648baf6-9084-4e17-842e-748aed712a0e" testId="d6cf9fbe-ed37-496f-bc5e-94f4f33c63fa" testName="ReleaseLogViewModelTests For released release, log should filter based on targetEnvironmentId, environment count:4" computerName="TFSBUILD11" duration="00:00:00.0270000" startTime="2015-09-28T09:46:16.1182911-07:00" endTime="2015-09-28T09:46:16.1182911-07:00" testType="13cdc9d9-ddb5-4fa4-a97d-d965ccfc6d4b" outcome="Passed" testListId="8c84fa94-04c1-424b-9868-57a2d4851a1d" relativeResultsDirectory="0648baf6-9084-4e17-842e-748aed712a0e" />
    <UnitTestResult executionId="d400c4ea-a8ac-4d7a-b8b6-b7152f7cd58c" testId="4a37d5f5-8c28-4e5f-abf3-63d1fbbea8ba" testName="ReleaseLogViewModelTests For rejected release, log should filter based on targetEnvironmentId, environment count:3" computerName="TFSBUILD11" duration="00:00:00.0270000" startTime="2015-09-28T09:46:16.1182911-07:00" endTime="2015-09-28T09:46:16.1182911-07:00" testType="13cdc9d9-ddb5-4fa4-a97d-d965ccfc6d4b" outcome="Passed" testListId="8c84fa94-04c1-424b-9868-57a2d4851a1d" relativeResultsDirectory="d400c4ea-a8ac-4d7a-b8b6-b7152f7cd58c" />
    <UnitTestResult executionId="c80266ec-dc4d-4bea-8c77-573071b80047" testId="c41fcad8-efc0-4c1d-86c1-bf1da1eb9517" testName="ReleaseLogViewModelTests For in progress release, log should filter based on targetEnvironmentId, environment count:5" computerName="TFSBUILD11" duration="00:00:00.0280000" startTime="2015-09-28T09:46:16.1182911-07:00" endTime="2015-09-28T09:46:16.1182911-07:00" testType="13cdc9d9-ddb5-4fa4-a97d-d965ccfc6d4b" outcome="Passed" testListId="8c84fa94-04c1-424b-9868-57a2d4851a1d" relativeResultsDirectory="c80266ec-dc4d-4bea-8c77-573071b80047" />
    <UnitTestResult executionId="12a50721-3770-4fa2-a209-58d8fefc4bbb" testId="63e154d1-116d-4921-819e-4115318deaf9" testName="ReleaseLogViewModelTests For in progress release, show all logs, environment count:6" computerName="TFSBUILD11" duration="00:00:00.0270000" startTime="2015-09-28T09:46:16.1182911-07:00" endTime="2015-09-28T09:46:16.1182911-07:00" testType="13cdc9d9-ddb5-4fa4-a97d-d965ccfc6d4b" outcome="Passed" testListId="8c84fa94-04c1-424b-9868-57a2d4851a1d" relativeResultsDirectory="12a50721-3770-4fa2-a209-58d8fefc4bbb" />
    <UnitTestResult executionId="73852a1d-12d1-4a12-aeb0-4b00015d7178" testId="66a29fe3-8128-4d5e-824a-26dc402af102" testName="ReleaseRowViewModelTests ReleaseRowViewModel can be constructed" computerName="TFSBUILD11" duration="00:00:00.0170000" startTime="2015-09-28T09:46:16.1182911-07:00" endTime="2015-09-28T09:46:16.1182911-07:00" testType="13cdc9d9-ddb5-4fa4-a97d-d965ccfc6d4b" outcome="Passed" testListId="8c84fa94-04c1-424b-9868-57a2d4851a1d" relativeResultsDirectory="73852a1d-12d1-4a12-aeb0-4b00015d7178" />
    <UnitTestResult executionId="e682fce9-8192-4b43-a701-b0cc74da18ce" testId="fe231871-b6c6-4177-b3fd-32c88ad127ac" testName="ReleaseRowViewModelTests Release with draft state returns right actions." computerName="TFSBUILD11" duration="00:00:00.0180000" startTime="2015-09-28T09:46:16.2931821-07:00" endTime="2015-09-28T09:46:16.2931821-07:00" testType="13cdc9d9-ddb5-4fa4-a97d-d965ccfc6d4b" outcome="Passed" testListId="8c84fa94-04c1-424b-9868-57a2d4851a1d" relativeResultsDirectory="e682fce9-8192-4b43-a701-b0cc74da18ce" />
    <UnitTestResult executionId="0fcf05de-5233-4276-bcb8-1edb95c0b180" testId="9e3175dd-c79c-4a36-8461-de3df6befa0b" testName="ReleaseRowViewModelTests Release with Inprogress state returns right actions." computerName="TFSBUILD11" duration="00:00:00.0180000" startTime="2015-09-28T09:46:16.2931821-07:00" endTime="2015-09-28T09:46:16.2931821-07:00" testType="13cdc9d9-ddb5-4fa4-a97d-d965ccfc6d4b" outcome="Passed" testListId="8c84fa94-04c1-424b-9868-57a2d4851a1d" relativeResultsDirectory="0fcf05de-5233-4276-bcb8-1edb95c0b180" />
    <UnitTestResult executionId="ef6a8631-a3db-4910-87eb-0e32f656e845" testId="1e4e33d0-b489-4673-bfaa-676fe533faf8" testName="ReleaseRowViewModelTests Release with Stopped state returns right actions." computerName="TFSBUILD11" duration="00:00:00.0180000" startTime="2015-09-28T09:46:16.2931821-07:00" endTime="2015-09-28T09:46:16.2931821-07:00" testType="13cdc9d9-ddb5-4fa4-a97d-d965ccfc6d4b" outcome="Passed" testListId="8c84fa94-04c1-424b-9868-57a2d4851a1d" relativeResultsDirectory="ef6a8631-a3db-4910-87eb-0e32f656e845" />
    <UnitTestResult executionId="e3b7d2fb-ff29-4de2-930f-a2c18a0bc0fc" testId="281de7f9-75af-4a85-87be-99d3705ad215" testName="ReleaseRowViewModelTests Release with Released state returns right actions." computerName="TFSBUILD11" duration="00:00:00.0180000" startTime="2015-09-28T09:46:16.2931821-07:00" endTime="2015-09-28T09:46:16.2931821-07:00" testType="13cdc9d9-ddb5-4fa4-a97d-d965ccfc6d4b" outcome="Passed" testListId="8c84fa94-04c1-424b-9868-57a2d4851a1d" relativeResultsDirectory="e3b7d2fb-ff29-4de2-930f-a2c18a0bc0fc" />
    <UnitTestResult executionId="51e56971-b62e-4f11-8a6e-0f4c861827a7" testId="9505ab96-f314-409c-a6c0-28349dae3f7c" testName="ReleaseRowViewModelTests Release with Abandoned state returns right actions." computerName="TFSBUILD11" duration="00:00:00.0180000" startTime="2015-09-28T09:46:16.2931821-07:00" endTime="2015-09-28T09:46:16.2931821-07:00" testType="13cdc9d9-ddb5-4fa4-a97d-d965ccfc6d4b" outcome="Passed" testListId="8c84fa94-04c1-424b-9868-57a2d4851a1d" relativeResultsDirectory="51e56971-b62e-4f11-8a6e-0f4c861827a7" />
    <UnitTestResult executionId="e2e7a489-0b97-4e49-918c-b5ee8e22a4c6" testId="800d6248-5901-4260-9b48-db4d13b68adc" testName="ReleaseRowViewModelTests Release with Rejected state returns right actions." computerName="TFSBUILD11" duration="00:00:00.0180000" startTime="2015-09-28T09:46:16.2931821-07:00" endTime="2015-09-28T09:46:16.2931821-07:00" testType="13cdc9d9-ddb5-4fa4-a97d-d965ccfc6d4b" outcome="Passed" testListId="8c84fa94-04c1-424b-9868-57a2d4851a1d" relativeResultsDirectory="e2e7a489-0b97-4e49-918c-b5ee8e22a4c6" />
    <UnitTestResult executionId="e5052175-fe46-4fa3-bcd0-0a48d0eba036" testId="e097bbfd-d967-461a-8555-a894c1cc2f06" testName="ReleaseRowViewModelTests Release with Draft state should block unallowed actions." computerName="TFSBUILD11" duration="00:00:00.0220000" startTime="2015-09-28T09:46:16.2931821-07:00" endTime="2015-09-28T09:46:16.2931821-07:00" testType="13cdc9d9-ddb5-4fa4-a97d-d965ccfc6d4b" outcome="Passed" testListId="8c84fa94-04c1-424b-9868-57a2d4851a1d" relativeResultsDirectory="e5052175-fe46-4fa3-bcd0-0a48d0eba036" />
    <UnitTestResult executionId="15d04958-b09c-4068-8303-b615927bab56" testId="de06ab13-9239-46f5-aa2c-544b556a6e63" testName="ReleaseRowViewModelTests Release with Inprogress state should block unallowed actions." computerName="TFSBUILD11" duration="00:00:00.0200000" startTime="2015-09-28T09:46:16.2931821-07:00" endTime="2015-09-28T09:46:16.2931821-07:00" testType="13cdc9d9-ddb5-4fa4-a97d-d965ccfc6d4b" outcome="Passed" testListId="8c84fa94-04c1-424b-9868-57a2d4851a1d" relativeResultsDirectory="15d04958-b09c-4068-8303-b615927bab56" />
    <UnitTestResult executionId="5cf29285-73f6-49cb-9752-a5a281a0e7c9" testId="68bf2181-8be8-4b63-997b-0ae209ec8cd4" testName="ReleaseRowViewModelTests Release with Stopped state should block unallowed actions." computerName="TFSBUILD11" duration="00:00:00.0200000" startTime="2015-09-28T09:46:16.2931821-07:00" endTime="2015-09-28T09:46:16.2931821-07:00" testType="13cdc9d9-ddb5-4fa4-a97d-d965ccfc6d4b" outcome="Passed" testListId="8c84fa94-04c1-424b-9868-57a2d4851a1d" relativeResultsDirectory="5cf29285-73f6-49cb-9752-a5a281a0e7c9" />
    <UnitTestResult executionId="bccaf625-e439-471f-96fa-73bd801144cc" testId="e4277581-4b2f-4a99-a738-8ef251ea109a" testName="ReleaseRowViewModelTests Release with Released state should block unallowed actions." computerName="TFSBUILD11" duration="00:00:00.0220000" startTime="2015-09-28T09:46:16.4613433-07:00" endTime="2015-09-28T09:46:16.4613433-07:00" testType="13cdc9d9-ddb5-4fa4-a97d-d965ccfc6d4b" outcome="Passed" testListId="8c84fa94-04c1-424b-9868-57a2d4851a1d" relativeResultsDirectory="bccaf625-e439-471f-96fa-73bd801144cc" />
    <UnitTestResult executionId="6474251c-4360-4381-9d69-49a38fd4b473" testId="ff041219-11ed-4c25-b9ea-2cde3f89a789" testName="ReleaseRowViewModelTests Release with Abandoned state should block unallowed actions." computerName="TFSBUILD11" duration="00:00:00.0200000" startTime="2015-09-28T09:46:16.4613433-07:00" endTime="2015-09-28T09:46:16.4613433-07:00" testType="13cdc9d9-ddb5-4fa4-a97d-d965ccfc6d4b" outcome="Passed" testListId="8c84fa94-04c1-424b-9868-57a2d4851a1d" relativeResultsDirectory="6474251c-4360-4381-9d69-49a38fd4b473" />
    <UnitTestResult executionId="85f600bb-26b6-4b85-a7bb-aaaea8b519c7" testId="e5196532-edb4-4869-9186-4f8547aaa059" testName="ReleaseRowViewModelTests Release with Rejected state should block unallowed actions." computerName="TFSBUILD11" duration="00:00:00.0200000" startTime="2015-09-28T09:46:16.4613433-07:00" endTime="2015-09-28T09:46:16.4613433-07:00" testType="13cdc9d9-ddb5-4fa4-a97d-d965ccfc6d4b" outcome="Passed" testListId="8c84fa94-04c1-424b-9868-57a2d4851a1d" relativeResultsDirectory="85f600bb-26b6-4b85-a7bb-aaaea8b519c7" />
    <UnitTestResult executionId="7c55d368-f97a-4441-9b6f-2abdd2ef71e1" testId="0db314ef-bf30-4cf1-b5e0-9d55b16bb60e" testName="ReleaseRowViewModelTests BeginStart should logError incase of failure" computerName="TFSBUILD11" duration="00:00:00.0180000" startTime="2015-09-28T09:46:16.4613433-07:00" endTime="2015-09-28T09:46:16.4613433-07:00" testType="13cdc9d9-ddb5-4fa4-a97d-d965ccfc6d4b" outcome="Passed" testListId="8c84fa94-04c1-424b-9868-57a2d4851a1d" relativeResultsDirectory="7c55d368-f97a-4441-9b6f-2abdd2ef71e1" />
    <UnitTestResult executionId="affd8e2c-d5bd-4dd6-9291-4b94f3e989c9" testId="5370233b-bbf2-4315-b0af-71539a6180f5" testName="ReleaseRowViewModelTests BeginCancel should logError incase of failure" computerName="TFSBUILD11" duration="00:00:00.0170000" startTime="2015-09-28T09:46:16.4613433-07:00" endTime="2015-09-28T09:46:16.4613433-07:00" testType="13cdc9d9-ddb5-4fa4-a97d-d965ccfc6d4b" outcome="Passed" testListId="8c84fa94-04c1-424b-9868-57a2d4851a1d" relativeResultsDirectory="affd8e2c-d5bd-4dd6-9291-4b94f3e989c9" />
    <UnitTestResult executionId="d3378f3d-c680-4f15-a296-30c1780327d2" testId="77556f58-bb52-4a42-a466-e4e10b2cfcce" testName="ReleaseRowViewModelTests BeginRetry should logError incase of failure" computerName="TFSBUILD11" duration="00:00:00.0160000" startTime="2015-09-28T09:46:16.4613433-07:00" endTime="2015-09-28T09:46:16.4613433-07:00" testType="13cdc9d9-ddb5-4fa4-a97d-d965ccfc6d4b" outcome="Passed" testListId="8c84fa94-04c1-424b-9868-57a2d4851a1d" relativeResultsDirectory="d3378f3d-c680-4f15-a296-30c1780327d2" />
    <UnitTestResult executionId="0afc9a01-1f6a-4bc7-b4ac-f959ca16b765" testId="749a5e5a-e279-40a7-af5c-587b273217ef" testName="ReleaseRowViewModelTests BeginResume should logError incase of failure" computerName="TFSBUILD11" duration="00:00:00.0170000" startTime="2015-09-28T09:46:16.4613433-07:00" endTime="2015-09-28T09:46:16.4613433-07:00" testType="13cdc9d9-ddb5-4fa4-a97d-d965ccfc6d4b" outcome="Passed" testListId="8c84fa94-04c1-424b-9868-57a2d4851a1d" relativeResultsDirectory="0afc9a01-1f6a-4bc7-b4ac-f959ca16b765" />
    <UnitTestResult executionId="8c26c7d5-3af1-475b-89dd-8970f9db6dc2" testId="83b9b5e4-e5cf-4359-9bce-eb14f2f3031e" testName="ReleaseRowViewModelTests BeginAbandon should logError incase of failure" computerName="TFSBUILD11" duration="00:00:00.0170000" startTime="2015-09-28T09:46:16.4613433-07:00" endTime="2015-09-28T09:46:16.4613433-07:00" testType="13cdc9d9-ddb5-4fa4-a97d-d965ccfc6d4b" outcome="Passed" testListId="8c84fa94-04c1-424b-9868-57a2d4851a1d" relativeResultsDirectory="8c26c7d5-3af1-475b-89dd-8970f9db6dc2" />
    <UnitTestResult executionId="0c83d28b-8245-447a-8c00-96885f24b20b" testId="29f11ab5-cc3a-4e32-8e42-9b639ffe0a85" testName="ReleaseRowViewModelTests Release with Cancelled state returns right actions." computerName="TFSBUILD11" duration="00:00:00.0170000" startTime="2015-09-28T09:46:16.4613433-07:00" endTime="2015-09-28T09:46:16.4613433-07:00" testType="13cdc9d9-ddb5-4fa4-a97d-d965ccfc6d4b" outcome="Passed" testListId="8c84fa94-04c1-424b-9868-57a2d4851a1d" relativeResultsDirectory="0c83d28b-8245-447a-8c00-96885f24b20b" />
    <UnitTestResult executionId="8b3dee67-04f7-45c4-801f-9f9d54812929" testId="6ce0c048-b0b5-4d8c-8c41-47a5c0bef8e9" testName="ReleaseRowViewModelTests Release with Cancelled state should block unallowed actions." computerName="TFSBUILD11" duration="00:00:00.0200000" startTime="2015-09-28T09:46:17.7098864-07:00" endTime="2015-09-28T09:46:17.7098864-07:00" testType="13cdc9d9-ddb5-4fa4-a97d-d965ccfc6d4b" outcome="Passed" testListId="8c84fa94-04c1-424b-9868-57a2d4851a1d" relativeResultsDirectory="8b3dee67-04f7-45c4-801f-9f9d54812929" />
    <UnitTestResult executionId="d3c3c028-8dbd-417e-bcad-4b3a23b2b1ba" testId="7cf2bdac-6892-4a42-8aa9-4ea70a4f00ec" testName="ReleaseRowViewModelTests IsMoreLink should return correct value based on the selected row." computerName="TFSBUILD11" duration="00:00:00.0170000" startTime="2015-09-28T09:46:17.7098864-07:00" endTime="2015-09-28T09:46:17.7098864-07:00" testType="13cdc9d9-ddb5-4fa4-a97d-d965ccfc6d4b" outcome="Passed" testListId="8c84fa94-04c1-424b-9868-57a2d4851a1d" relativeResultsDirectory="d3c3c028-8dbd-417e-bcad-4b3a23b2b1ba" />
    <UnitTestResult executionId="be984b88-389a-4bbf-8234-bfcec60d7867" testId="521ac19a-f9c3-41dc-b5aa-f39f9734ce70" testName="ReleasesViewModelTests Test constructor" computerName="TFSBUILD11" duration="00:00:00.0490000" startTime="2015-09-28T09:46:17.7098864-07:00" endTime="2015-09-28T09:46:17.7098864-07:00" testType="13cdc9d9-ddb5-4fa4-a97d-d965ccfc6d4b" outcome="Passed" testListId="8c84fa94-04c1-424b-9868-57a2d4851a1d" relativeResultsDirectory="be984b88-389a-4bbf-8234-bfcec60d7867" />
    <UnitTestResult executionId="e893ecf8-8796-49d9-a717-b93945b166de" testId="5a8521f2-bd1e-40b0-b1a0-30156a808603" testName="ReleasesViewModelTests refreshReleases should return all releases" computerName="TFSBUILD11" duration="00:00:00.3880000" startTime="2015-09-28T09:46:17.7098864-07:00" endTime="2015-09-28T09:46:17.7098864-07:00" testType="13cdc9d9-ddb5-4fa4-a97d-d965ccfc6d4b" outcome="Passed" testListId="8c84fa94-04c1-424b-9868-57a2d4851a1d" relativeResultsDirectory="e893ecf8-8796-49d9-a717-b93945b166de" />
    <UnitTestResult executionId="a29e51b2-47b3-4968-bae8-511da4ab54b2" testId="7d2f3a95-c3ae-45bc-b815-fc11dee430a4" testName="ReleasesViewModelTests refreshReleases followed by refresh releses locally should return right set of releases" computerName="TFSBUILD11" duration="00:00:00.3520000" startTime="2015-09-28T09:46:17.7098864-07:00" endTime="2015-09-28T09:46:17.7098864-07:00" testType="13cdc9d9-ddb5-4fa4-a97d-d965ccfc6d4b" outcome="Passed" testListId="8c84fa94-04c1-424b-9868-57a2d4851a1d" relativeResultsDirectory="a29e51b2-47b3-4968-bae8-511da4ab54b2" />
    <UnitTestResult executionId="2a751efb-e196-42c7-9257-549f37b00407" testId="254d0062-6f0f-47f4-91d8-580891b99c67" testName="ReleasesViewModelTests getCurrentColumns should return current columns" computerName="TFSBUILD11" duration="00:00:00.0360000" startTime="2015-09-28T09:46:17.7098864-07:00" endTime="2015-09-28T09:46:17.7098864-07:00" testType="13cdc9d9-ddb5-4fa4-a97d-d965ccfc6d4b" outcome="Passed" testListId="8c84fa94-04c1-424b-9868-57a2d4851a1d" relativeResultsDirectory="2a751efb-e196-42c7-9257-549f37b00407" />
    <UnitTestResult executionId="0af5e5ac-059a-43ea-94e0-7e53ee80f1da" testId="eef7a538-e51d-4b98-abf4-bef34d42813d" testName="ReleasesViewModelTests Refresh delegate should be called with an error if there is any error during refresh" computerName="TFSBUILD11" duration="00:00:00.0260000" startTime="2015-09-28T09:46:17.7098864-07:00" endTime="2015-09-28T09:46:17.7098864-07:00" testType="13cdc9d9-ddb5-4fa4-a97d-d965ccfc6d4b" outcome="Passed" testListId="8c84fa94-04c1-424b-9868-57a2d4851a1d" relativeResultsDirectory="0af5e5ac-059a-43ea-94e0-7e53ee80f1da" />
    <UnitTestResult executionId="c1a3179a-c586-4f2d-83a0-dd67e25a5620" testId="c35d0961-8b25-4284-9aa7-898fe2fe060b" testName="ReleasesViewModelTests beginFetchReleases should call the refreshViewDelegate" computerName="TFSBUILD11" duration="00:00:00.2800000" startTime="2015-09-28T09:46:17.7098864-07:00" endTime="2015-09-28T09:46:17.7098864-07:00" testType="13cdc9d9-ddb5-4fa4-a97d-d965ccfc6d4b" outcome="Passed" testListId="8c84fa94-04c1-424b-9868-57a2d4851a1d" relativeResultsDirectory="c1a3179a-c586-4f2d-83a0-dd67e25a5620" />
    <UnitTestResult executionId="137ba821-a1e5-4695-b5c0-35c927d64c3f" testId="22c453ce-72fc-4ee4-947c-96f3dc913edb" testName="ReleasesViewModelTests getRelease should find the release" computerName="TFSBUILD11" duration="00:00:00.0510000" startTime="2015-09-28T09:46:17.7098864-07:00" endTime="2015-09-28T09:46:17.7098864-07:00" testType="13cdc9d9-ddb5-4fa4-a97d-d965ccfc6d4b" outcome="Passed" testListId="8c84fa94-04c1-424b-9868-57a2d4851a1d" relativeResultsDirectory="137ba821-a1e5-4695-b5c0-35c927d64c3f" />
    <UnitTestResult executionId="63f66771-40ce-4886-97d2-a920d3b658f8" testId="7ea971e0-c16b-4712-a448-287917792e3c" testName="ReleasesViewModelTests getRelease should return null when the release is not found" computerName="TFSBUILD11" duration="00:00:00.0180000" startTime="2015-09-28T09:46:18.0963252-07:00" endTime="2015-09-28T09:46:18.0963252-07:00" testType="13cdc9d9-ddb5-4fa4-a97d-d965ccfc6d4b" outcome="Passed" testListId="8c84fa94-04c1-424b-9868-57a2d4851a1d" relativeResultsDirectory="63f66771-40ce-4886-97d2-a920d3b658f8" />
    <UnitTestResult executionId="5e5e2b26-75d9-415f-b041-b724148bad76" testId="c7b33471-5e6c-42e5-8fbb-8760059e9560" testName="ReleasesViewModelTests CreatedBy filter should filter the releases for current user" computerName="TFSBUILD11" duration="00:00:00.0300000" startTime="2015-09-28T09:46:18.0963252-07:00" endTime="2015-09-28T09:46:18.0963252-07:00" testType="13cdc9d9-ddb5-4fa4-a97d-d965ccfc6d4b" outcome="Passed" testListId="8c84fa94-04c1-424b-9868-57a2d4851a1d" relativeResultsDirectory="5e5e2b26-75d9-415f-b041-b724148bad76" />
    <UnitTestResult executionId="221ef238-6880-4d6a-b6a7-c3e1b541526d" testId="4e73825f-b6a7-4a60-acf2-e2b98f2c8753" testName="ReleasesViewModelTests State filter should filter the releases for state Abandoned" computerName="TFSBUILD11" duration="00:00:00.0390000" startTime="2015-09-28T09:46:18.0963252-07:00" endTime="2015-09-28T09:46:18.0963252-07:00" testType="13cdc9d9-ddb5-4fa4-a97d-d965ccfc6d4b" outcome="Passed" testListId="8c84fa94-04c1-424b-9868-57a2d4851a1d" relativeResultsDirectory="221ef238-6880-4d6a-b6a7-c3e1b541526d" />
    <UnitTestResult executionId="aba60de2-43a4-4934-93ea-396c62f18bd3" testId="9283825a-3280-47ac-bf53-1c0199ec81b4" testName="ReleasesViewModelTests State filter should filter the releases for state Draft" computerName="TFSBUILD11" duration="00:00:00.0400000" startTime="2015-09-28T09:46:18.0963252-07:00" endTime="2015-09-28T09:46:18.0963252-07:00" testType="13cdc9d9-ddb5-4fa4-a97d-d965ccfc6d4b" outcome="Passed" testListId="8c84fa94-04c1-424b-9868-57a2d4851a1d" relativeResultsDirectory="aba60de2-43a4-4934-93ea-396c62f18bd3" />
    <UnitTestResult executionId="f3045100-c408-4e37-8883-12283215a570" testId="98dda8f0-815a-4467-8866-d38ec3c6ddf1" testName="ReleasesViewModelTests State filter should filter the releases for state Inprogress" computerName="TFSBUILD11" duration="00:00:00.0390000" startTime="2015-09-28T09:46:18.0963252-07:00" endTime="2015-09-28T09:46:18.0963252-07:00" testType="13cdc9d9-ddb5-4fa4-a97d-d965ccfc6d4b" outcome="Passed" testListId="8c84fa94-04c1-424b-9868-57a2d4851a1d" relativeResultsDirectory="f3045100-c408-4e37-8883-12283215a570" />
    <UnitTestResult executionId="f6e1dfcf-246e-4fa9-92d0-fdfecc5a31f5" testId="dc92550b-2ef0-4fb0-a974-06a2593a5551" testName="ReleasesViewModelTests State filter should filter the releases for state Rejected" computerName="TFSBUILD11" duration="00:00:00.0400000" startTime="2015-09-28T09:46:18.0963252-07:00" endTime="2015-09-28T09:46:18.0963252-07:00" testType="13cdc9d9-ddb5-4fa4-a97d-d965ccfc6d4b" outcome="Passed" testListId="8c84fa94-04c1-424b-9868-57a2d4851a1d" relativeResultsDirectory="f6e1dfcf-246e-4fa9-92d0-fdfecc5a31f5" />
    <UnitTestResult executionId="9047bde8-1d38-467e-a331-3c5d48bfb444" testId="690aea43-73f9-4814-9899-03d636589451" testName="ReleasesViewModelTests State filter should filter the releases for state Released" computerName="TFSBUILD11" duration="00:00:00.0500000" startTime="2015-09-28T09:46:18.0963252-07:00" endTime="2015-09-28T09:46:18.0963252-07:00" testType="13cdc9d9-ddb5-4fa4-a97d-d965ccfc6d4b" outcome="Passed" testListId="8c84fa94-04c1-424b-9868-57a2d4851a1d" relativeResultsDirectory="9047bde8-1d38-467e-a331-3c5d48bfb444" />
    <UnitTestResult executionId="49d71c3f-27a0-43ca-8aa4-2a9df29a608e" testId="107c582c-2093-40d0-bee4-c312b5ef1745" testName="ReleasesViewModelTests State filter should filter the releases for state Stopped" computerName="TFSBUILD11" duration="00:00:00.0360000" startTime="2015-09-28T09:46:18.0963252-07:00" endTime="2015-09-28T09:46:18.0963252-07:00" testType="13cdc9d9-ddb5-4fa4-a97d-d965ccfc6d4b" outcome="Passed" testListId="8c84fa94-04c1-424b-9868-57a2d4851a1d" relativeResultsDirectory="49d71c3f-27a0-43ca-8aa4-2a9df29a608e" />
    <UnitTestResult executionId="c31ba152-57c0-433f-ac79-0dc2fdf9e4b8" testId="4b3165a3-b378-47a0-a2dc-60b92837121b" testName="ReleasesViewModelTests GetMaxEnvironmentsForCurrentReleases should return maximum environments count for releases being displayed" computerName="TFSBUILD11" duration="00:00:00.0870000" startTime="2015-09-28T09:46:18.0963252-07:00" endTime="2015-09-28T09:46:18.0963252-07:00" testType="13cdc9d9-ddb5-4fa4-a97d-d965ccfc6d4b" outcome="Passed" testListId="8c84fa94-04c1-424b-9868-57a2d4851a1d" relativeResultsDirectory="c31ba152-57c0-433f-ac79-0dc2fdf9e4b8" />
    <UnitTestResult executionId="40567f1b-4137-4191-ac4b-dff4982a612a" testId="845d115a-3a3b-4f9a-b449-88dfb757d461" testName="TreeNodeViewModelTests Constructor with label returns proper label" computerName="TFSBUILD11" duration="00:00:00.0140000" startTime="2015-09-28T09:46:18.3889971-07:00" endTime="2015-09-28T09:46:18.3889971-07:00" testType="13cdc9d9-ddb5-4fa4-a97d-d965ccfc6d4b" outcome="Passed" testListId="8c84fa94-04c1-424b-9868-57a2d4851a1d" relativeResultsDirectory="40567f1b-4137-4191-ac4b-dff4982a612a" />
    <UnitTestResult executionId="4ff33c51-cf21-42b6-b77a-dc1044d31cdb" testId="e665611b-d0fc-45c7-9bf7-c3a46f8f0e62" testName="TreeNodeViewModelTests New tree node should not have any children" computerName="TFSBUILD11" duration="00:00:00.0140000" startTime="2015-09-28T09:46:18.3889971-07:00" endTime="2015-09-28T09:46:18.3889971-07:00" testType="13cdc9d9-ddb5-4fa4-a97d-d965ccfc6d4b" outcome="Passed" testListId="8c84fa94-04c1-424b-9868-57a2d4851a1d" relativeResultsDirectory="4ff33c51-cf21-42b6-b77a-dc1044d31cdb" />
    <UnitTestResult executionId="f3a3b86d-1fea-4db3-9da9-103cbd4d1a4e" testId="2f367114-f348-4307-a5b7-a69fb84b9191" testName="TreeNodeViewModelTests Adding a child node should add a child node" computerName="TFSBUILD11" duration="00:00:00.0160000" startTime="2015-09-28T09:46:18.3889971-07:00" endTime="2015-09-28T09:46:18.3889971-07:00" testType="13cdc9d9-ddb5-4fa4-a97d-d965ccfc6d4b" outcome="Passed" testListId="8c84fa94-04c1-424b-9868-57a2d4851a1d" relativeResultsDirectory="f3a3b86d-1fea-4db3-9da9-103cbd4d1a4e" />
    <UnitTestResult executionId="19b9fb54-8d29-4640-9fe3-05b5d2b49931" testId="5ca53e57-b66a-43e9-936b-e94114cdb9fe" testName="TreeNodeViewModelTests Adding multiple children using addChild() should add multiple children" computerName="TFSBUILD11" duration="00:00:00.0190000" startTime="2015-09-28T09:46:18.3889971-07:00" endTime="2015-09-28T09:46:18.3889971-07:00" testType="13cdc9d9-ddb5-4fa4-a97d-d965ccfc6d4b" outcome="Passed" testListId="8c84fa94-04c1-424b-9868-57a2d4851a1d" relativeResultsDirectory="19b9fb54-8d29-4640-9fe3-05b5d2b49931" />
    <UnitTestResult executionId="9ac93783-26f1-400a-b817-d8ca947799b2" testId="b22a343f-7c9b-4e2a-871b-ee74933c0422" testName="TreeNodeViewModelTests Adding multiple children using addChildren() should add multiple children" computerName="TFSBUILD11" duration="00:00:00.0210000" startTime="2015-09-28T09:46:18.3889971-07:00" endTime="2015-09-28T09:46:18.3889971-07:00" testType="13cdc9d9-ddb5-4fa4-a97d-d965ccfc6d4b" outcome="Passed" testListId="8c84fa94-04c1-424b-9868-57a2d4851a1d" relativeResultsDirectory="9ac93783-26f1-400a-b817-d8ca947799b2" />
    <UnitTestResult executionId="2937478e-a8f9-4999-bcfb-d2e859ebb574" testId="678ed094-2dff-4f62-8592-03d84185dafe" testName="TreeNodeViewModelTests Clear should remove all children" computerName="TFSBUILD11" duration="00:00:00.0410000" startTime="2015-09-28T09:46:18.3889971-07:00" endTime="2015-09-28T09:46:18.3889971-07:00" testType="13cdc9d9-ddb5-4fa4-a97d-d965ccfc6d4b" outcome="Passed" testListId="8c84fa94-04c1-424b-9868-57a2d4851a1d" relativeResultsDirectory="2937478e-a8f9-4999-bcfb-d2e859ebb574" />
    <UnitTestResult executionId="0507f526-4906-42c3-b868-d4f214fbf7b9" testId="504168f3-3f26-4076-a2d0-e8e4be9289da" testName="TreeNodeViewModelTests Set tag should return back the tag that is set." computerName="TFSBUILD11" duration="00:00:00.0360000" startTime="2015-09-28T09:46:18.3889971-07:00" endTime="2015-09-28T09:46:18.3889971-07:00" testType="13cdc9d9-ddb5-4fa4-a97d-d965ccfc6d4b" outcome="Passed" testListId="8c84fa94-04c1-424b-9868-57a2d4851a1d" relativeResultsDirectory="0507f526-4906-42c3-b868-d4f214fbf7b9" />
    <UnitTestResult executionId="0b260606-014d-43aa-84dc-19be2a6c795d" testId="6e5f72f1-d538-4008-bf10-cc3d98094101" testName="SearchAndAddArtifactsDialogTests SearchAndAddArtifactsDialog construction" computerName="TFSBUILD11" duration="00:00:00.0970000" startTime="2015-09-28T09:46:18.3889971-07:00" endTime="2015-09-28T09:46:18.3889971-07:00" testType="13cdc9d9-ddb5-4fa4-a97d-d965ccfc6d4b" outcome="Passed" testListId="8c84fa94-04c1-424b-9868-57a2d4851a1d" relativeResultsDirectory="0b260606-014d-43aa-84dc-19be2a6c795d" />
    <UnitTestResult executionId="513e634e-9372-4cd7-96e1-8b469ddb6e7d" testId="f66869fa-e695-4d26-b5c9-64b94aa7a9a5" testName="SearchAndAddArtifactsDialogTests SearchAndAddArtifactsDialog verify artifact types and source data" computerName="TFSBUILD11" duration="00:00:00.0300000" startTime="2015-09-28T09:46:18.3889971-07:00" endTime="2015-09-28T09:46:18.3889971-07:00" testType="13cdc9d9-ddb5-4fa4-a97d-d965ccfc6d4b" outcome="Passed" testListId="8c84fa94-04c1-424b-9868-57a2d4851a1d" relativeResultsDirectory="513e634e-9372-4cd7-96e1-8b469ddb6e7d" />
    <UnitTestResult executionId="67a205e7-9662-4832-ab87-5fd5bce50be8" testId="f6edb13c-44ec-48ca-bd6b-40cf89f48dfb" testName="SearchAndAddArtifactsDialogTests SearchAndAddArtifactsDialog search result should match the artifact definition count" computerName="TFSBUILD11" duration="00:00:00.2070000" startTime="2015-09-28T09:46:19.3065973-07:00" endTime="2015-09-28T09:46:19.3065973-07:00" testType="13cdc9d9-ddb5-4fa4-a97d-d965ccfc6d4b" outcome="Passed" testListId="8c84fa94-04c1-424b-9868-57a2d4851a1d" relativeResultsDirectory="67a205e7-9662-4832-ab87-5fd5bce50be8" />
    <UnitTestResult executionId="956fa4d9-8b11-4bfc-95f7-cf0462397172" testId="49ac2cdb-a52f-4605-81f3-34485ce84326" testName="SearchAndAddArtifactsDialogTests select all and add should add artifacts to view model" computerName="TFSBUILD11" duration="00:00:00.2040000" startTime="2015-09-28T09:46:19.3065973-07:00" endTime="2015-09-28T09:46:19.3065973-07:00" testType="13cdc9d9-ddb5-4fa4-a97d-d965ccfc6d4b" outcome="Passed" testListId="8c84fa94-04c1-424b-9868-57a2d4851a1d" relativeResultsDirectory="956fa4d9-8b11-4bfc-95f7-cf0462397172" />
    <UnitTestResult executionId="81231c21-31d1-420b-90f2-f7649a0c9030" testId="5d023f51-badd-42c3-9395-79af5ff91b68" testName="SearchAndAddArtifactsDialogTests already selected definitions should not get added twice or replace existing definitions" computerName="TFSBUILD11" duration="00:00:00.1710000" startTime="2015-09-28T09:46:19.3065973-07:00" endTime="2015-09-28T09:46:19.3065973-07:00" testType="13cdc9d9-ddb5-4fa4-a97d-d965ccfc6d4b" outcome="Passed" testListId="8c84fa94-04c1-424b-9868-57a2d4851a1d" relativeResultsDirectory="81231c21-31d1-420b-90f2-f7649a0c9030" />
    <UnitTestResult executionId="0d5c6b63-4d7d-41c7-aedc-35f6a0423a37" testId="11142afc-64ca-4a6c-967e-718500a99131" testName="ArtifactEditorTests Should be able to create ArtifactEditor" computerName="TFSBUILD11" duration="00:00:00.0790000" startTime="2015-09-28T09:46:19.3065973-07:00" endTime="2015-09-28T09:46:19.3065973-07:00" testType="13cdc9d9-ddb5-4fa4-a97d-d965ccfc6d4b" outcome="Passed" testListId="8c84fa94-04c1-424b-9868-57a2d4851a1d" relativeResultsDirectory="0d5c6b63-4d7d-41c7-aedc-35f6a0423a37" />
    <UnitTestResult executionId="4d68b9ac-8e75-4cf5-b839-f8dba099e6f8" testId="e09c1733-8472-4a20-b867-f08b4e77256a" testName="ArtifactEditorTests Should get updated after add artifact" computerName="TFSBUILD11" duration="00:00:00.0470000" startTime="2015-09-28T09:46:19.3065973-07:00" endTime="2015-09-28T09:46:19.3065973-07:00" testType="13cdc9d9-ddb5-4fa4-a97d-d965ccfc6d4b" outcome="Passed" testListId="8c84fa94-04c1-424b-9868-57a2d4851a1d" relativeResultsDirectory="4d68b9ac-8e75-4cf5-b839-f8dba099e6f8" />
    <UnitTestResult executionId="6ffc8277-58e1-43fe-acf8-f1981dda45e1" testId="87427f7b-bee6-4f36-afc0-839e07d4bcdb" testName="ArtifactEditorTests Should be able to reload definition" computerName="TFSBUILD11" duration="00:00:00.0500000" startTime="2015-09-28T09:46:19.3065973-07:00" endTime="2015-09-28T09:46:19.3065973-07:00" testType="13cdc9d9-ddb5-4fa4-a97d-d965ccfc6d4b" outcome="Passed" testListId="8c84fa94-04c1-424b-9868-57a2d4851a1d" relativeResultsDirectory="6ffc8277-58e1-43fe-acf8-f1981dda45e1" />
    <UnitTestResult executionId="af0033d8-9f92-4b69-8b16-4df91bcab176" testId="9048b734-f38a-4edb-94ad-625618cdef59" testName="ArtifactEditorTests canUpdateVersion should be true only when release is in draft state" computerName="TFSBUILD11" duration="00:00:00.0420000" startTime="2015-09-28T09:46:19.3065973-07:00" endTime="2015-09-28T09:46:19.3065973-07:00" testType="13cdc9d9-ddb5-4fa4-a97d-d965ccfc6d4b" outcome="Passed" testListId="8c84fa94-04c1-424b-9868-57a2d4851a1d" relativeResultsDirectory="af0033d8-9f92-4b69-8b16-4df91bcab176" />
    <UnitTestResult executionId="ef24f085-eae7-4be5-9433-b2aa9f85cca3" testId="d10feabb-ae87-4085-a758-3493c7c6884a" testName="ReleaseSummaryArtifactsTests Artifacts section header and section text must be shown correctly when thera are no artifacts associated with a release" computerName="TFSBUILD11" duration="00:00:00.0770000" startTime="2015-09-28T09:46:19.3222151-07:00" endTime="2015-09-28T09:46:19.3222151-07:00" testType="13cdc9d9-ddb5-4fa4-a97d-d965ccfc6d4b" outcome="Passed" testListId="8c84fa94-04c1-424b-9868-57a2d4851a1d" relativeResultsDirectory="ef24f085-eae7-4be5-9433-b2aa9f85cca3" />
    <UnitTestResult executionId="a3769757-1b91-4ee3-879f-7105ad62eb7d" testId="d19d488b-c551-49d0-9aea-0d9a6c80e3b4" testName="ReleaseSummaryArtifactsTests RelaseSummaryArtifacts Table must display right artifact name data" computerName="TFSBUILD11" duration="00:00:00.0500000" startTime="2015-09-28T09:46:19.3222151-07:00" endTime="2015-09-28T09:46:19.3222151-07:00" testType="13cdc9d9-ddb5-4fa4-a97d-d965ccfc6d4b" outcome="Passed" testListId="8c84fa94-04c1-424b-9868-57a2d4851a1d" relativeResultsDirectory="a3769757-1b91-4ee3-879f-7105ad62eb7d" />
    <UnitTestResult executionId="41d0c7d8-1e2a-49fa-a29c-34dfd69949b4" testId="50613060-7ee8-43fa-80cd-d9a964812b9f" testName="ReleaseSummaryArtifactsTests Artifacts section header must display correctly when there are multiple artifacts" computerName="TFSBUILD11" duration="00:00:00.0520000" startTime="2015-09-28T09:46:19.6795992-07:00" endTime="2015-09-28T09:46:19.6795992-07:00" testType="13cdc9d9-ddb5-4fa4-a97d-d965ccfc6d4b" outcome="Passed" testListId="8c84fa94-04c1-424b-9868-57a2d4851a1d" relativeResultsDirectory="41d0c7d8-1e2a-49fa-a29c-34dfd69949b4" />
    <UnitTestResult executionId="609d0004-9630-4415-bd09-7e05a4e2d7ff" testId="43c34108-2675-4ea9-a315-4826c0bfed53" testName="ReleaseSummaryArtifactsTests RelaseSummaryArtifactsViewModel must be initialized with right data" computerName="TFSBUILD11" duration="00:00:00.0280000" startTime="2015-09-28T09:46:19.6795992-07:00" endTime="2015-09-28T09:46:19.6795992-07:00" testType="13cdc9d9-ddb5-4fa4-a97d-d965ccfc6d4b" outcome="Passed" testListId="8c84fa94-04c1-424b-9868-57a2d4851a1d" relativeResultsDirectory="609d0004-9630-4415-bd09-7e05a4e2d7ff" />
    <UnitTestResult executionId="9ee72ea0-2d4f-4cff-9fc6-f97f41142127" testId="45d4ccd6-7939-4991-bdf4-481e58cb3f66" testName="ReleaseSummaryEnvironmentSectionTests Right number of environment tiles must be shown" computerName="TFSBUILD11" duration="00:00:00.0930000" startTime="2015-09-28T09:46:19.6795992-07:00" endTime="2015-09-28T09:46:19.6795992-07:00" testType="13cdc9d9-ddb5-4fa4-a97d-d965ccfc6d4b" outcome="Passed" testListId="8c84fa94-04c1-424b-9868-57a2d4851a1d" relativeResultsDirectory="9ee72ea0-2d4f-4cff-9fc6-f97f41142127" />
    <UnitTestResult executionId="84f6ff68-df81-4a24-a22d-1a9b7a31be2b" testId="9af1e682-5195-4080-b310-b3ded107b82d" testName="ReleaseSummaryEnvironmentSectionTests Right title must be shown on all environment tiles" computerName="TFSBUILD11" duration="00:00:00.0600000" startTime="2015-09-28T09:46:19.6795992-07:00" endTime="2015-09-28T09:46:19.6795992-07:00" testType="13cdc9d9-ddb5-4fa4-a97d-d965ccfc6d4b" outcome="Passed" testListId="8c84fa94-04c1-424b-9868-57a2d4851a1d" relativeResultsDirectory="84f6ff68-df81-4a24-a22d-1a9b7a31be2b" />
    <UnitTestResult executionId="17e14c87-d0ef-4424-bb07-f941e68a168a" testId="34b64c45-4569-4827-bb04-e32094b3d763" testName="ReleaseSummaryEnvironmentSectionTests Right status text and icon must be shown on environment tiles" computerName="TFSBUILD11" duration="00:00:00.0550000" startTime="2015-09-28T09:46:19.6795992-07:00" endTime="2015-09-28T09:46:19.6795992-07:00" testType="13cdc9d9-ddb5-4fa4-a97d-d965ccfc6d4b" outcome="Passed" testListId="8c84fa94-04c1-424b-9868-57a2d4851a1d" relativeResultsDirectory="17e14c87-d0ef-4424-bb07-f941e68a168a" />
    <UnitTestResult executionId="53178db7-c752-4297-ad85-9d6077885d0a" testId="1d0bc415-cca3-478a-b428-2a42dbd197f5" testName="ReleaseSummaryEnvironmentSectionTests SummaryEnvironmentViewModel constructor must set properties to right values" computerName="TFSBUILD11" duration="00:00:00.0230000" startTime="2015-09-28T09:46:19.6795992-07:00" endTime="2015-09-28T09:46:19.6795992-07:00" testType="13cdc9d9-ddb5-4fa4-a97d-d965ccfc6d4b" outcome="Passed" testListId="8c84fa94-04c1-424b-9868-57a2d4851a1d" relativeResultsDirectory="53178db7-c752-4297-ad85-9d6077885d0a" />
    <UnitTestResult executionId="b19796f9-c9ab-4dd6-8070-9379f61e3880" testId="fc5b45bd-f93b-40f1-a4ad-5bbfb3dfce28" testName="ReleaseSummaryEnvironmentSectionTests SummaryEnvironmentViewModel skipped tasks must not be included in progressLabel task count" computerName="TFSBUILD11" duration="00:00:00.0160000" startTime="2015-09-28T09:46:19.6795992-07:00" endTime="2015-09-28T09:46:19.6795992-07:00" testType="13cdc9d9-ddb5-4fa4-a97d-d965ccfc6d4b" outcome="Passed" testListId="8c84fa94-04c1-424b-9868-57a2d4851a1d" relativeResultsDirectory="b19796f9-c9ab-4dd6-8070-9379f61e3880" />
    <UnitTestResult executionId="462f87e9-dca5-4c55-8c85-d00728f797eb" testId="6b41e1a6-829c-46b3-a4fb-2b9b3211d190" testName="ReleaseSummaryEnvironmentSectionTests SummaryEnvironmentViewModel progressLabel must be set to right value for a successful environment" computerName="TFSBUILD11" duration="00:00:00.0160000" startTime="2015-09-28T09:46:19.6795992-07:00" endTime="2015-09-28T09:46:19.6795992-07:00" testType="13cdc9d9-ddb5-4fa4-a97d-d965ccfc6d4b" outcome="Passed" testListId="8c84fa94-04c1-424b-9868-57a2d4851a1d" relativeResultsDirectory="462f87e9-dca5-4c55-8c85-d00728f797eb" />
    <UnitTestResult executionId="a4103c71-bb9c-4492-b250-a7ee1ab24537" testId="2b7f7cbb-3b73-4362-b85d-ddbb14eeaefa" testName="ReleaseSummaryEnvironmentSectionTests SummaryEnvironmentViewModel progressLabel must be set to right value for a inprogress environment" computerName="TFSBUILD11" duration="00:00:00.0150000" startTime="2015-09-28T09:46:19.6795992-07:00" endTime="2015-09-28T09:46:19.6795992-07:00" testType="13cdc9d9-ddb5-4fa4-a97d-d965ccfc6d4b" outcome="Passed" testListId="8c84fa94-04c1-424b-9868-57a2d4851a1d" relativeResultsDirectory="a4103c71-bb9c-4492-b250-a7ee1ab24537" />
    <UnitTestResult executionId="3713f3ff-51ff-4c9d-b7b2-e1f521e7f59c" testId="ed0ee932-3908-44e9-8db5-90df97c3ed56" testName="ReleaseSummaryEnvironmentSectionTests SummaryEnvironmentViewModel progressLabel must be set to right value for a notstarted environment" computerName="TFSBUILD11" duration="00:00:00.0170000" startTime="2015-09-28T09:46:20.6540701-07:00" endTime="2015-09-28T09:46:20.6540701-07:00" testType="13cdc9d9-ddb5-4fa4-a97d-d965ccfc6d4b" outcome="Passed" testListId="8c84fa94-04c1-424b-9868-57a2d4851a1d" relativeResultsDirectory="3713f3ff-51ff-4c9d-b7b2-e1f521e7f59c" />
    <UnitTestResult executionId="b048e678-fdb1-45f3-9021-61a5fddc9cfa" testId="b6c5921b-345a-4983-a619-8ab309439af6" testName="ReleaseSummaryEnvironmentSectionTests SummaryApprovalViewModel constructor must set properties to right values" computerName="TFSBUILD11" duration="00:00:00.0190000" startTime="2015-09-28T09:46:20.6540701-07:00" endTime="2015-09-28T09:46:20.6540701-07:00" testType="13cdc9d9-ddb5-4fa4-a97d-d965ccfc6d4b" outcome="Passed" testListId="8c84fa94-04c1-424b-9868-57a2d4851a1d" relativeResultsDirectory="b048e678-fdb1-45f3-9021-61a5fddc9cfa" />
    <UnitTestResult executionId="98624f32-d057-4aa2-b9d6-44f2937fc345" testId="9fcadd28-d79e-4b48-85d0-67cc31257a00" testName="ReleaseSummaryEnvironmentSectionTests GetApprovalPopupModel must return popupModel for the given type of approval" computerName="TFSBUILD11" duration="00:00:00.0190000" startTime="2015-09-28T09:46:20.6540701-07:00" endTime="2015-09-28T09:46:20.6540701-07:00" testType="13cdc9d9-ddb5-4fa4-a97d-d965ccfc6d4b" outcome="Passed" testListId="8c84fa94-04c1-424b-9868-57a2d4851a1d" relativeResultsDirectory="98624f32-d057-4aa2-b9d6-44f2937fc345" />
    <UnitTestResult executionId="8d22a241-efba-4176-a2b3-4b214041884d" testId="b485e24a-bc45-44c3-a47a-10c5a2943eef" testName="ReleaseDefinitionOverviewListControlTests Verify control create and select operation" computerName="TFSBUILD11" duration="00:00:00.2710000" startTime="2015-09-28T09:46:20.6540701-07:00" endTime="2015-09-28T09:46:20.6540701-07:00" testType="13cdc9d9-ddb5-4fa4-a97d-d965ccfc6d4b" outcome="Passed" testListId="8c84fa94-04c1-424b-9868-57a2d4851a1d" relativeResultsDirectory="8d22a241-efba-4176-a2b3-4b214041884d" />
    <UnitTestResult executionId="99acefce-acc1-486e-8dee-9d02667af1c4" testId="a1d654fe-21e4-4580-a2a4-4bab15efb0c5" testName="ReleaseDefinitionOverviewListControlTests Verify only visible definition fetch summary" computerName="TFSBUILD11" duration="00:00:00.2230000" startTime="2015-09-28T09:46:20.6540701-07:00" endTime="2015-09-28T09:46:20.6540701-07:00" testType="13cdc9d9-ddb5-4fa4-a97d-d965ccfc6d4b" outcome="Passed" testListId="8c84fa94-04c1-424b-9868-57a2d4851a1d" relativeResultsDirectory="99acefce-acc1-486e-8dee-9d02667af1c4" />
    <UnitTestResult executionId="727b04e3-41e5-49bf-a073-05760fba7e44" testId="5b7106cb-dc36-4d24-8f4a-23a76a6bc839" testName="ReleaseDefinitionOverviewListControlTests Verify only visible definition fetch summary on direct scroll jump" computerName="TFSBUILD11" duration="00:00:00.2490000" startTime="2015-09-28T09:46:20.6540701-07:00" endTime="2015-09-28T09:46:20.6540701-07:00" testType="13cdc9d9-ddb5-4fa4-a97d-d965ccfc6d4b" outcome="Passed" testListId="8c84fa94-04c1-424b-9868-57a2d4851a1d" relativeResultsDirectory="727b04e3-41e5-49bf-a073-05760fba7e44" />
    <UnitTestResult executionId="8fa0c908-a8b9-4699-9518-d2c2fe827928" testId="0c3cfc14-2c68-43d8-85fd-fd916270a4ba" testName="ReleasesGridViewTests Sorting on createdOn on releases grid view should work as expected" computerName="TFSBUILD11" duration="00:00:00.0720000" startTime="2015-09-28T09:46:20.6540701-07:00" endTime="2015-09-28T09:46:20.6540701-07:00" testType="13cdc9d9-ddb5-4fa4-a97d-d965ccfc6d4b" outcome="Passed" testListId="8c84fa94-04c1-424b-9868-57a2d4851a1d" relativeResultsDirectory="8fa0c908-a8b9-4699-9518-d2c2fe827928" />
    <UnitTestResult executionId="35b24a63-7695-431d-a7ef-df69c045117d" testId="867d9eab-3640-463e-b440-aa1392825d65" testName="ReleasesGridViewTests Release Definitions column should appear in All Definition view" computerName="TFSBUILD11" duration="00:00:00.0570000" startTime="2015-09-28T09:46:20.6540701-07:00" endTime="2015-09-28T09:46:20.6540701-07:00" testType="13cdc9d9-ddb5-4fa4-a97d-d965ccfc6d4b" outcome="Passed" testListId="8c84fa94-04c1-424b-9868-57a2d4851a1d" relativeResultsDirectory="35b24a63-7695-431d-a7ef-df69c045117d" />
    <UnitTestResult executionId="6358280a-39aa-4fa8-aa13-a1ab612057f3" testId="1fdb9600-a8d1-4fcb-8f89-0796bfce75f5" testName="ReleasesGridViewTests Release Definitions column should not appear in any particular Release Definition view" computerName="TFSBUILD11" duration="00:00:00.0440000" startTime="2015-09-28T09:46:20.6540701-07:00" endTime="2015-09-28T09:46:20.6540701-07:00" testType="13cdc9d9-ddb5-4fa4-a97d-d965ccfc6d4b" outcome="Passed" testListId="8c84fa94-04c1-424b-9868-57a2d4851a1d" relativeResultsDirectory="6358280a-39aa-4fa8-aa13-a1ab612057f3" />
    <UnitTestResult executionId="c42a39fb-73a4-481c-adb8-aec576cf32f5" testId="20b15dc3-d26b-476c-b151-9144e0de0949" testName="ReleasesGridViewTests Release Definitions column should appear in the correct position after rearranging" computerName="TFSBUILD11" duration="00:00:00.1970000" startTime="2015-09-28T09:46:21.3302552-07:00" endTime="2015-09-28T09:46:21.3302552-07:00" testType="13cdc9d9-ddb5-4fa4-a97d-d965ccfc6d4b" outcome="Passed" testListId="8c84fa94-04c1-424b-9868-57a2d4851a1d" relativeResultsDirectory="c42a39fb-73a4-481c-adb8-aec576cf32f5" />
    <UnitTestResult executionId="a0601fd2-1264-42ae-b40c-316735784f06" testId="708c1d5d-5bdd-4cc8-be50-1def7cdded20" testName="ReleasesGridViewTests ReleaseDefinition column should appear only once" computerName="TFSBUILD11" duration="00:00:00.1850000" startTime="2015-09-28T09:46:21.3302552-07:00" endTime="2015-09-28T09:46:21.3302552-07:00" testType="13cdc9d9-ddb5-4fa4-a97d-d965ccfc6d4b" outcome="Passed" testListId="8c84fa94-04c1-424b-9868-57a2d4851a1d" relativeResultsDirectory="a0601fd2-1264-42ae-b40c-316735784f06" />
    <UnitTestResult executionId="548a4c6c-267d-4ab2-bbce-d3679ddaac00" testId="5db0ec1a-ab6a-4829-8be9-2c2cb6bb8f5e" testName="ReleaseLogsGridViewGridViewTests Task log should have right class for yet to download logs" computerName="TFSBUILD11" duration="00:00:00.0680000" startTime="2015-09-28T09:46:21.3302552-07:00" endTime="2015-09-28T09:46:21.3302552-07:00" testType="13cdc9d9-ddb5-4fa4-a97d-d965ccfc6d4b" outcome="Passed" testListId="8c84fa94-04c1-424b-9868-57a2d4851a1d" relativeResultsDirectory="548a4c6c-267d-4ab2-bbce-d3679ddaac00" />
    <UnitTestResult executionId="c36ae43b-7eb1-4677-9504-25ebb3431c06" testId="191651e6-a572-4a07-84f7-af77508f2d7d" testName="ReleaseDefinitionTreeTests Nothing should be selected in release definition tree by default" computerName="TFSBUILD11" duration="00:00:00.0200000" startTime="2015-09-28T09:46:21.3302552-07:00" endTime="2015-09-28T09:46:21.3302552-07:00" testType="13cdc9d9-ddb5-4fa4-a97d-d965ccfc6d4b" outcome="Passed" testListId="8c84fa94-04c1-424b-9868-57a2d4851a1d" relativeResultsDirectory="c36ae43b-7eb1-4677-9504-25ebb3431c06" />
    <UnitTestResult executionId="581d884f-6184-480b-9b24-81774bae14d4" testId="379ebc35-9e3b-40c2-88ee-55339f54a049" testName="ReleaseDefinitionTreeTests On refresh current selection on release definition should be preserved." computerName="TFSBUILD11" duration="00:00:00.0480000" startTime="2015-09-28T09:46:21.3302552-07:00" endTime="2015-09-28T09:46:21.3302552-07:00" testType="13cdc9d9-ddb5-4fa4-a97d-d965ccfc6d4b" outcome="Passed" testListId="8c84fa94-04c1-424b-9868-57a2d4851a1d" relativeResultsDirectory="581d884f-6184-480b-9b24-81774bae14d4" />
    <UnitTestResult executionId="e290e404-45c3-4879-9be9-60af812f88a0" testId="88237328-04c6-468f-952b-1377d6214d54" testName="ReleaseDefinitionTreeTests On filter resulting release definition set without current selection, selection should be preserved for release definition." computerName="TFSBUILD11" duration="00:00:00.0500000" startTime="2015-09-28T09:46:21.3302552-07:00" endTime="2015-09-28T09:46:21.3302552-07:00" testType="13cdc9d9-ddb5-4fa4-a97d-d965ccfc6d4b" outcome="Passed" testListId="8c84fa94-04c1-424b-9868-57a2d4851a1d" relativeResultsDirectory="e290e404-45c3-4879-9be9-60af812f88a0" />
    <UnitTestResult executionId="351e654d-6124-451c-a803-07793989835e" testId="29e82bf1-9ee4-4e7b-a1a2-82ea7500fc53" testName="ReleaseDefinitionTreeTests Selection should be preserved with Apply and clear filter." computerName="TFSBUILD11" duration="00:00:00.0560000" startTime="2015-09-28T09:46:21.3302552-07:00" endTime="2015-09-28T09:46:21.3302552-07:00" testType="13cdc9d9-ddb5-4fa4-a97d-d965ccfc6d4b" outcome="Passed" testListId="8c84fa94-04c1-424b-9868-57a2d4851a1d" relativeResultsDirectory="351e654d-6124-451c-a803-07793989835e" />
    <UnitTestResult executionId="6a586c40-e95a-4dac-99e6-f18c0d463342" testId="452fd3e2-9576-49ed-ae2d-1c43a1f98452" testName="ReleaseDefinitionExplorerViewTests Create release definition button should not be visible for a Basic license type user" computerName="TFSBUILD11" duration="00:00:00.0250000" startTime="2015-09-28T09:46:21.3302552-07:00" endTime="2015-09-28T09:46:21.3302552-07:00" testType="13cdc9d9-ddb5-4fa4-a97d-d965ccfc6d4b" outcome="Passed" testListId="8c84fa94-04c1-424b-9868-57a2d4851a1d" relativeResultsDirectory="6a586c40-e95a-4dac-99e6-f18c0d463342" />
    <UnitTestResult executionId="53eca606-b784-4201-9d9e-b912c35ac770" testId="d9d095fc-9cf7-46d4-a9a1-403ea69a33ef" testName="ReleaseDefinitionExplorerViewTests Create release definition button should be visible for a Advanced license type user" computerName="TFSBUILD11" duration="00:00:00.0270000" startTime="2015-09-28T09:46:21.3302552-07:00" endTime="2015-09-28T09:46:21.3302552-07:00" testType="13cdc9d9-ddb5-4fa4-a97d-d965ccfc6d4b" outcome="Passed" testListId="8c84fa94-04c1-424b-9868-57a2d4851a1d" relativeResultsDirectory="53eca606-b784-4201-9d9e-b912c35ac770" />
    <UnitTestResult executionId="f53c900d-89a4-4843-8118-3fe2bef398b8" testId="18c020a6-efe1-497c-ba1a-b0ff680931dd" testName="ReleaseDefinitionExplorerViewTests Manage release buttons in Releases view should be visible for a basic user" computerName="TFSBUILD11" duration="00:00:00.0420000" startTime="2015-09-28T09:46:22.8441502-07:00" endTime="2015-09-28T09:46:22.8441502-07:00" testType="13cdc9d9-ddb5-4fa4-a97d-d965ccfc6d4b" outcome="Passed" testListId="8c84fa94-04c1-424b-9868-57a2d4851a1d" relativeResultsDirectory="f53c900d-89a4-4843-8118-3fe2bef398b8" />
    <UnitTestResult executionId="a1bca8b6-057f-4706-a0f0-23e1615ad3a2" testId="c24708c6-f267-4252-9e42-456146b4bc8d" testName="ReleaseDefinitionExplorerViewTests Manage release buttons in Releases view should not be visible for a stakeholder user" computerName="TFSBUILD11" duration="00:00:00.0250000" startTime="2015-09-28T09:46:22.8441502-07:00" endTime="2015-09-28T09:46:22.8441502-07:00" testType="13cdc9d9-ddb5-4fa4-a97d-d965ccfc6d4b" outcome="Passed" testListId="8c84fa94-04c1-424b-9868-57a2d4851a1d" relativeResultsDirectory="a1bca8b6-057f-4706-a0f0-23e1615ad3a2" />
    <UnitTestResult executionId="77c80341-8f20-40ec-9a29-f4cec535916f" testId="38f67ecd-37d6-4cb4-8442-d9e760ba7f7c" testName="ReleaseDefinitionExplorerViewTests Create release button in definition overview view should be visible for a licensed user" computerName="TFSBUILD11" duration="00:00:00.0220000" startTime="2015-09-28T09:46:22.8441502-07:00" endTime="2015-09-28T09:46:22.8441502-07:00" testType="13cdc9d9-ddb5-4fa4-a97d-d965ccfc6d4b" outcome="Passed" testListId="8c84fa94-04c1-424b-9868-57a2d4851a1d" relativeResultsDirectory="77c80341-8f20-40ec-9a29-f4cec535916f" />
    <UnitTestResult executionId="636f8fd1-e010-42d8-8670-e0ae9fc75cf7" testId="73c1a9c0-dd9d-484c-ab89-28bbd1f31a68" testName="ReleaseDefinitionExplorerViewTests Create release button in definition overview view should not be visible for a licensed user" computerName="TFSBUILD11" duration="00:00:00.0180000" startTime="2015-09-28T09:46:22.8441502-07:00" endTime="2015-09-28T09:46:22.8441502-07:00" testType="13cdc9d9-ddb5-4fa4-a97d-d965ccfc6d4b" outcome="Passed" testListId="8c84fa94-04c1-424b-9868-57a2d4851a1d" relativeResultsDirectory="636f8fd1-e010-42d8-8670-e0ae9fc75cf7" />
    <UnitTestResult executionId="549df0b7-5de0-4dc4-bfd8-e883ff0bef6b" testId="81981cb1-147a-4072-b770-37efdca2f2f7" testName="ReleaseExplorerViewTests Enhancing the view must set Context.serviceContext" computerName="TFSBUILD11" duration="00:00:00.3800000" startTime="2015-09-28T09:46:22.8441502-07:00" endTime="2015-09-28T09:46:22.8441502-07:00" testType="13cdc9d9-ddb5-4fa4-a97d-d965ccfc6d4b" outcome="Passed" testListId="8c84fa94-04c1-424b-9868-57a2d4851a1d" relativeResultsDirectory="549df0b7-5de0-4dc4-bfd8-e883ff0bef6b" />
    <UnitTestResult executionId="af54d97f-f61b-490a-9c60-73f1490d0de5" testId="05a3999e-2bab-4d3e-9024-de3a80260dfe" testName="ReleaseExplorerViewTests UpdateHubAndWindowTitle should show only releaseDefinition name when releaseName is not given" computerName="TFSBUILD11" duration="00:00:00.8650000" startTime="2015-09-28T09:46:22.8441502-07:00" endTime="2015-09-28T09:46:22.8441502-07:00" testType="13cdc9d9-ddb5-4fa4-a97d-d965ccfc6d4b" outcome="Passed" testListId="8c84fa94-04c1-424b-9868-57a2d4851a1d" relativeResultsDirectory="af54d97f-f61b-490a-9c60-73f1490d0de5" />
    <UnitTestResult executionId="85ea6df7-4d5f-4753-a3cd-d50c9533b7eb" testId="1174e545-acc6-453e-aae6-66699cdfc766" testName="ReleaseExplorerViewTests UpdateHubAndWindowTitle should show releaseDefinition name and releaseName when both are given" computerName="TFSBUILD11" duration="00:00:00.8850000" startTime="2015-09-28T09:46:24.3434302-07:00" endTime="2015-09-28T09:46:24.3434302-07:00" testType="13cdc9d9-ddb5-4fa4-a97d-d965ccfc6d4b" outcome="Passed" testListId="8c84fa94-04c1-424b-9868-57a2d4851a1d" relativeResultsDirectory="85ea6df7-4d5f-4753-a3cd-d50c9533b7eb" />
    <UnitTestResult executionId="1501e289-ec94-421b-a50b-95b34deb9e35" testId="9d06b6ea-4ada-4604-b8ea-21212698bb91" testName="ReleaseExplorerViewTests Clicking on releaseDefinition name in hub title should call addHistoryPoint with right releaseDefinitionId" computerName="TFSBUILD11" duration="00:00:00.7290000" startTime="2015-09-28T09:46:24.3434302-07:00" endTime="2015-09-28T09:46:24.3434302-07:00" testType="13cdc9d9-ddb5-4fa4-a97d-d965ccfc6d4b" outcome="Passed" testListId="8c84fa94-04c1-424b-9868-57a2d4851a1d" relativeResultsDirectory="1501e289-ec94-421b-a50b-95b34deb9e35" />
    <UnitTestResult executionId="1fe601b0-6fd2-4ceb-abcf-b66834110b76" testId="255627d5-e532-4c28-b5e0-e4f7d804cdb9" testName="ReleaseExplorerViewTests When zero definitions are available we should update hub title with no definitions message" computerName="TFSBUILD11" duration="00:00:00.4250000" startTime="2015-09-28T09:46:25.8427285-07:00" endTime="2015-09-28T09:46:25.8427285-07:00" testType="13cdc9d9-ddb5-4fa4-a97d-d965ccfc6d4b" outcome="Passed" testListId="8c84fa94-04c1-424b-9868-57a2d4851a1d" relativeResultsDirectory="1fe601b0-6fd2-4ceb-abcf-b66834110b76" />
    <UnitTestResult executionId="c97865d0-e020-4f6a-a3f4-d853464fc305" testId="69b29f86-1234-44d0-8e90-e48dff8ba657" testName="ReleaseExplorerViewTests No definitions message should not have link to create definition for non-licensed user" computerName="TFSBUILD11" duration="00:00:00.2890000" startTime="2015-09-28T09:46:25.8427285-07:00" endTime="2015-09-28T09:46:25.8427285-07:00" testType="13cdc9d9-ddb5-4fa4-a97d-d965ccfc6d4b" outcome="Passed" testListId="8c84fa94-04c1-424b-9868-57a2d4851a1d" relativeResultsDirectory="c97865d0-e020-4f6a-a3f4-d853464fc305" />
    <UnitTestResult executionId="da772887-fd60-43ec-b698-12f545f6eaf4" testId="e08b461b-4df1-4c78-8d69-5a930a0cfde6" testName="ReleaseExplorerViewTests Hub text should have 'All definitions' when definitions root node is selected" computerName="TFSBUILD11" duration="00:00:08.2140000" startTime="2015-09-28T09:46:33.2297933-07:00" endTime="2015-09-28T09:46:33.2297933-07:00" testType="13cdc9d9-ddb5-4fa4-a97d-d965ccfc6d4b" outcome="Passed" testListId="8c84fa94-04c1-424b-9868-57a2d4851a1d" relativeResultsDirectory="da772887-fd60-43ec-b698-12f545f6eaf4" />
    <UnitTestResult executionId="d9982113-946e-4a65-8cbc-86b2cbf7656d" testId="fdfd8a6c-14fe-48ce-9914-31d35de1d627" testName="ReleaseExplorerViewTests UpdateHubAndWindowTitle should not show Edit text link for a non-licensed user" computerName="TFSBUILD11" duration="00:00:00.3910000" startTime="2015-09-28T09:46:34.7290746-07:00" endTime="2015-09-28T09:46:34.7290746-07:00" testType="13cdc9d9-ddb5-4fa4-a97d-d965ccfc6d4b" outcome="Passed" testListId="8c84fa94-04c1-424b-9868-57a2d4851a1d" relativeResultsDirectory="d9982113-946e-4a65-8cbc-86b2cbf7656d" />
    <UnitTestResult executionId="3e9c463c-aeeb-406d-ab9b-61776220c4b9" testId="d0aa2021-2e37-41ab-b1e5-181fb3c80214" testName="ReleaseExplorerViewTests Manage release buttons in Single Release view should be visible for a licensed user" computerName="TFSBUILD11" duration="00:00:00.7420000" startTime="2015-09-28T09:46:34.7290746-07:00" endTime="2015-09-28T09:46:34.7290746-07:00" testType="13cdc9d9-ddb5-4fa4-a97d-d965ccfc6d4b" outcome="Passed" testListId="8c84fa94-04c1-424b-9868-57a2d4851a1d" relativeResultsDirectory="3e9c463c-aeeb-406d-ab9b-61776220c4b9" />
    <UnitTestResult executionId="a21fa393-1cd6-4f33-8d0f-b2cd12dea394" testId="635a08cb-786b-4cba-8d95-b7c74466c3d3" testName="ReleaseExplorerViewTests Manage release buttons in Single Release view should not be visible for a non-licensed user" computerName="TFSBUILD11" duration="00:00:00.6880000" startTime="2015-09-28T09:46:35.9667109-07:00" endTime="2015-09-28T09:46:35.9667109-07:00" testType="13cdc9d9-ddb5-4fa4-a97d-d965ccfc6d4b" outcome="Passed" testListId="8c84fa94-04c1-424b-9868-57a2d4851a1d" relativeResultsDirectory="a21fa393-1cd6-4f33-8d0f-b2cd12dea394" />
    <UnitTestResult executionId="03e34185-b08f-406b-81c1-58f3d75e26a5" testId="5e559d93-9e8b-4402-aa2e-316f2398f69d" testName="ReleaseExplorerViewTests Navigating to definition editor should redirect to definition overview for a non-licensed user" computerName="TFSBUILD11" duration="00:00:00.4220000" startTime="2015-09-28T09:46:35.9667109-07:00" endTime="2015-09-28T09:46:35.9667109-07:00" testType="13cdc9d9-ddb5-4fa4-a97d-d965ccfc6d4b" outcome="Passed" testListId="8c84fa94-04c1-424b-9868-57a2d4851a1d" relativeResultsDirectory="03e34185-b08f-406b-81c1-58f3d75e26a5" />
    <UnitTestResult executionId="f96795e9-3e17-446f-80a6-16117b5c0faf" testId="fdf003ff-d14b-40e9-aa2e-f42901141a8f" testName="ReleaseExplorerViewTests Navigating to release editor should redirect to definition overview for a non-licensed user" computerName="TFSBUILD11" duration="00:00:00.3220000" startTime="2015-09-28T09:46:35.9667109-07:00" endTime="2015-09-28T09:46:35.9667109-07:00" testType="13cdc9d9-ddb5-4fa4-a97d-d965ccfc6d4b" outcome="Passed" testListId="8c84fa94-04c1-424b-9868-57a2d4851a1d" relativeResultsDirectory="f96795e9-3e17-446f-80a6-16117b5c0faf" />
  </Results>
  <TestDefinitions>
    <UnitTest name="ArtifactTypeEditorTests Should be able to validate NewArtifactDefinitionsListViewModel for Name" storage="d:\v2.0\a1\_work\dbded102\vso\tfs\service\webaccess\releasepipeline\testscripts\tests\tests.releasemanagement.artifacts.artifacttypeeditor.ts" id="94589506-7cf9-489c-9fa4-d9b906e88775">
      <Execution id="f53f867a-3ec7-41b7-93c1-b6c94098b1a7" />
      <TestMethod codeBase="d:\v2.0\a1\_work\dbded102\vso\tfs\service\webaccess\releasepipeline\testscripts\tests\tests.releasemanagement.artifacts.artifacttypeeditor.ts" adapterTypeName="Microsoft.VisualStudio.TestTools.TestTypes.Unit.UnitTestAdapter" className="d:\v2.0\a1\_work\dbded102\vso\tfs\service\webaccess\releasepipeline\testscripts\tests\tests.releasemanagement.artifacts.artifacttypeeditor" name="ArtifactTypeEditorTests Should be able to validate NewArtifactDefinitionsListViewModel for Name" />
    </UnitTest>
    <UnitTest name="ArtifactTypeEditorTests Should be able to validate NewArtifactDefinitionsListViewModel for Path" storage="d:\v2.0\a1\_work\dbded102\vso\tfs\service\webaccess\releasepipeline\testscripts\tests\tests.releasemanagement.artifacts.artifacttypeeditor.ts" id="56f51728-db76-43af-8f91-5bbb6b1e97c8">
      <Execution id="194796c0-be27-448f-9bdc-e1439de12370" />
      <TestMethod codeBase="d:\v2.0\a1\_work\dbded102\vso\tfs\service\webaccess\releasepipeline\testscripts\tests\tests.releasemanagement.artifacts.artifacttypeeditor.ts" adapterTypeName="Microsoft.VisualStudio.TestTools.TestTypes.Unit.UnitTestAdapter" className="d:\v2.0\a1\_work\dbded102\vso\tfs\service\webaccess\releasepipeline\testscripts\tests\tests.releasemanagement.artifacts.artifacttypeeditor" name="ArtifactTypeEditorTests Should be able to validate NewArtifactDefinitionsListViewModel for Path" />
    </UnitTest>
    <UnitTest name="ArtifactModelTests ArtifactViewModel construction" storage="d:\v2.0\a1\_work\dbded102\vso\tfs\service\webaccess\releasepipeline\testscripts\tests\tests.releasemanagement.artifacts.objectviewmodel.artifactmodel.ts" id="8ef05a41-dce5-4b80-97af-de2fc8b63ddc">
      <Execution id="4c7b3151-4d60-4a66-b6de-547f64959ce1" />
      <TestMethod codeBase="d:\v2.0\a1\_work\dbded102\vso\tfs\service\webaccess\releasepipeline\testscripts\tests\tests.releasemanagement.artifacts.objectviewmodel.artifactmodel.ts" adapterTypeName="Microsoft.VisualStudio.TestTools.TestTypes.Unit.UnitTestAdapter" className="d:\v2.0\a1\_work\dbded102\vso\tfs\service\webaccess\releasepipeline\testscripts\tests\tests.releasemanagement.artifacts.objectviewmodel.artifactmodel" name="ArtifactModelTests ArtifactViewModel construction" />
    </UnitTest>
    <UnitTest name="ArtifactModelTests ArtifactViewModel should be dirty after adding data" storage="d:\v2.0\a1\_work\dbded102\vso\tfs\service\webaccess\releasepipeline\testscripts\tests\tests.releasemanagement.artifacts.objectviewmodel.artifactmodel.ts" id="d8e35ebc-d1d5-4a05-9815-c11fee9fa960">
      <Execution id="8c3ce386-2b3a-4dc3-a80e-43563613125c" />
      <TestMethod codeBase="d:\v2.0\a1\_work\dbded102\vso\tfs\service\webaccess\releasepipeline\testscripts\tests\tests.releasemanagement.artifacts.objectviewmodel.artifactmodel.ts" adapterTypeName="Microsoft.VisualStudio.TestTools.TestTypes.Unit.UnitTestAdapter" className="d:\v2.0\a1\_work\dbded102\vso\tfs\service\webaccess\releasepipeline\testscripts\tests\tests.releasemanagement.artifacts.objectviewmodel.artifactmodel" name="ArtifactModelTests ArtifactViewModel should be dirty after adding data" />
    </UnitTest>
    <UnitTest name="ArtifactModelTests ArtifactViewModel should be dirty after removing data" storage="d:\v2.0\a1\_work\dbded102\vso\tfs\service\webaccess\releasepipeline\testscripts\tests\tests.releasemanagement.artifacts.objectviewmodel.artifactmodel.ts" id="5ac6070b-f9f5-4526-8ae6-3f797123449a">
      <Execution id="ed906f40-2f52-4b15-b492-16aad012cd95" />
      <TestMethod codeBase="d:\v2.0\a1\_work\dbded102\vso\tfs\service\webaccess\releasepipeline\testscripts\tests\tests.releasemanagement.artifacts.objectviewmodel.artifactmodel.ts" adapterTypeName="Microsoft.VisualStudio.TestTools.TestTypes.Unit.UnitTestAdapter" className="d:\v2.0\a1\_work\dbded102\vso\tfs\service\webaccess\releasepipeline\testscripts\tests\tests.releasemanagement.artifacts.objectviewmodel.artifactmodel" name="ArtifactModelTests ArtifactViewModel should be dirty after removing data" />
    </UnitTest>
    <UnitTest name="ArtifactModelTests ArtifactsListViewModel construction" storage="d:\v2.0\a1\_work\dbded102\vso\tfs\service\webaccess\releasepipeline\testscripts\tests\tests.releasemanagement.artifacts.objectviewmodel.artifactmodel.ts" id="66dd2c57-c53f-4eff-9122-0bd3667ec81a">
      <Execution id="603641d1-e75d-4ecd-ad41-3e413a58e39c" />
      <TestMethod codeBase="d:\v2.0\a1\_work\dbded102\vso\tfs\service\webaccess\releasepipeline\testscripts\tests\tests.releasemanagement.artifacts.objectviewmodel.artifactmodel.ts" adapterTypeName="Microsoft.VisualStudio.TestTools.TestTypes.Unit.UnitTestAdapter" className="d:\v2.0\a1\_work\dbded102\vso\tfs\service\webaccess\releasepipeline\testscripts\tests\tests.releasemanagement.artifacts.objectviewmodel.artifactmodel" name="ArtifactModelTests ArtifactsListViewModel construction" />
    </UnitTest>
    <UnitTest name="ArtifactModelTests ArtifactsListViewModel should be dirty after adding artifact" storage="d:\v2.0\a1\_work\dbded102\vso\tfs\service\webaccess\releasepipeline\testscripts\tests\tests.releasemanagement.artifacts.objectviewmodel.artifactmodel.ts" id="5d678c3e-4b49-421e-94f3-25293e5aa472">
      <Execution id="43711491-eac4-4cb9-b723-03e450e0dbd5" />
      <TestMethod codeBase="d:\v2.0\a1\_work\dbded102\vso\tfs\service\webaccess\releasepipeline\testscripts\tests\tests.releasemanagement.artifacts.objectviewmodel.artifactmodel.ts" adapterTypeName="Microsoft.VisualStudio.TestTools.TestTypes.Unit.UnitTestAdapter" className="d:\v2.0\a1\_work\dbded102\vso\tfs\service\webaccess\releasepipeline\testscripts\tests\tests.releasemanagement.artifacts.objectviewmodel.artifactmodel" name="ArtifactModelTests ArtifactsListViewModel should be dirty after adding artifact" />
    </UnitTest>
    <UnitTest name="ArtifactModelTests RemoveArtifact should remove artifact corresponding to the given sourceId" storage="d:\v2.0\a1\_work\dbded102\vso\tfs\service\webaccess\releasepipeline\testscripts\tests\tests.releasemanagement.artifacts.objectviewmodel.artifactmodel.ts" id="9d69d219-212c-42a5-b58b-d0ecb986d9a6">
      <Execution id="b50403d5-703c-4759-ab9c-c6cb4acca275" />
      <TestMethod codeBase="d:\v2.0\a1\_work\dbded102\vso\tfs\service\webaccess\releasepipeline\testscripts\tests\tests.releasemanagement.artifacts.objectviewmodel.artifactmodel.ts" adapterTypeName="Microsoft.VisualStudio.TestTools.TestTypes.Unit.UnitTestAdapter" className="d:\v2.0\a1\_work\dbded102\vso\tfs\service\webaccess\releasepipeline\testscripts\tests\tests.releasemanagement.artifacts.objectviewmodel.artifactmodel" name="ArtifactModelTests RemoveArtifact should remove artifact corresponding to the given sourceId" />
    </UnitTest>
    <UnitTest name="ArtifactModelTests RemoveArtifact should not remove anything if no artifact corresponding to the given sourceId is found" storage="d:\v2.0\a1\_work\dbded102\vso\tfs\service\webaccess\releasepipeline\testscripts\tests\tests.releasemanagement.artifacts.objectviewmodel.artifactmodel.ts" id="4b4f6fd0-132f-40c5-9d9f-e79dcdea1b0b">
      <Execution id="e1b2fd4c-5ad4-4c90-8b6a-58a2868c534b" />
      <TestMethod codeBase="d:\v2.0\a1\_work\dbded102\vso\tfs\service\webaccess\releasepipeline\testscripts\tests\tests.releasemanagement.artifacts.objectviewmodel.artifactmodel.ts" adapterTypeName="Microsoft.VisualStudio.TestTools.TestTypes.Unit.UnitTestAdapter" className="d:\v2.0\a1\_work\dbded102\vso\tfs\service\webaccess\releasepipeline\testscripts\tests\tests.releasemanagement.artifacts.objectviewmodel.artifactmodel" name="ArtifactModelTests RemoveArtifact should not remove anything if no artifact corresponding to the given sourceId is found" />
    </UnitTest>
    <UnitTest name="ArtifactModelTests RemoveArtifactDefinition should remove artifactDefinition corresponding to the given sourceId  and definitionId" storage="d:\v2.0\a1\_work\dbded102\vso\tfs\service\webaccess\releasepipeline\testscripts\tests\tests.releasemanagement.artifacts.objectviewmodel.artifactmodel.ts" id="0a76ecea-b785-4520-9f51-3a17d91fd82d">
      <Execution id="04284fa9-4071-4e52-acbb-16ced057c0c0" />
      <TestMethod codeBase="d:\v2.0\a1\_work\dbded102\vso\tfs\service\webaccess\releasepipeline\testscripts\tests\tests.releasemanagement.artifacts.objectviewmodel.artifactmodel.ts" adapterTypeName="Microsoft.VisualStudio.TestTools.TestTypes.Unit.UnitTestAdapter" className="d:\v2.0\a1\_work\dbded102\vso\tfs\service\webaccess\releasepipeline\testscripts\tests\tests.releasemanagement.artifacts.objectviewmodel.artifactmodel" name="ArtifactModelTests RemoveArtifactDefinition should remove artifactDefinition corresponding to the given sourceId  and definitionId" />
    </UnitTest>
    <UnitTest name="ArtifactModelTests RemoveArtifactDefinition should not remove anything if artifact corresponding to the given definitionId is not found" storage="d:\v2.0\a1\_work\dbded102\vso\tfs\service\webaccess\releasepipeline\testscripts\tests\tests.releasemanagement.artifacts.objectviewmodel.artifactmodel.ts" id="5064e329-e86d-4918-b5c3-e4065f0f66a4">
      <Execution id="3aec1ad3-2e08-482d-bfea-11dc6e368a57" />
      <TestMethod codeBase="d:\v2.0\a1\_work\dbded102\vso\tfs\service\webaccess\releasepipeline\testscripts\tests\tests.releasemanagement.artifacts.objectviewmodel.artifactmodel.ts" adapterTypeName="Microsoft.VisualStudio.TestTools.TestTypes.Unit.UnitTestAdapter" className="d:\v2.0\a1\_work\dbded102\vso\tfs\service\webaccess\releasepipeline\testscripts\tests\tests.releasemanagement.artifacts.objectviewmodel.artifactmodel" name="ArtifactModelTests RemoveArtifactDefinition should not remove anything if artifact corresponding to the given definitionId is not found" />
    </UnitTest>
    <UnitTest name="ArtifactModelTests RemoveArtifactDefinition should delete the source as well if that is the only definition" storage="d:\v2.0\a1\_work\dbded102\vso\tfs\service\webaccess\releasepipeline\testscripts\tests\tests.releasemanagement.artifacts.objectviewmodel.artifactmodel.ts" id="d78e9b1d-1a73-4d38-89f3-a9d06700644d">
      <Execution id="d750f0ef-672f-4002-b20c-1d4f0becdbf1" />
      <TestMethod codeBase="d:\v2.0\a1\_work\dbded102\vso\tfs\service\webaccess\releasepipeline\testscripts\tests\tests.releasemanagement.artifacts.objectviewmodel.artifactmodel.ts" adapterTypeName="Microsoft.VisualStudio.TestTools.TestTypes.Unit.UnitTestAdapter" className="d:\v2.0\a1\_work\dbded102\vso\tfs\service\webaccess\releasepipeline\testscripts\tests\tests.releasemanagement.artifacts.objectviewmodel.artifactmodel" name="ArtifactModelTests RemoveArtifactDefinition should delete the source as well if that is the only definition" />
    </UnitTest>
    <UnitTest name="ArtifactModelTests ArtifactsListViewModel should be dirty after removing artifact" storage="d:\v2.0\a1\_work\dbded102\vso\tfs\service\webaccess\releasepipeline\testscripts\tests\tests.releasemanagement.artifacts.objectviewmodel.artifactmodel.ts" id="74468e9b-fba8-4105-8830-fd22c405c616">
      <Execution id="00ae98f4-2116-40bb-8559-6f437484fb04" />
      <TestMethod codeBase="d:\v2.0\a1\_work\dbded102\vso\tfs\service\webaccess\releasepipeline\testscripts\tests\tests.releasemanagement.artifacts.objectviewmodel.artifactmodel.ts" adapterTypeName="Microsoft.VisualStudio.TestTools.TestTypes.Unit.UnitTestAdapter" className="d:\v2.0\a1\_work\dbded102\vso\tfs\service\webaccess\releasepipeline\testscripts\tests\tests.releasemanagement.artifacts.objectviewmodel.artifactmodel" name="ArtifactModelTests ArtifactsListViewModel should be dirty after removing artifact" />
    </UnitTest>
    <UnitTest name="ArtifactModelTests ArtifactsListViewModel should be dirty after removing artifact definition" storage="d:\v2.0\a1\_work\dbded102\vso\tfs\service\webaccess\releasepipeline\testscripts\tests\tests.releasemanagement.artifacts.objectviewmodel.artifactmodel.ts" id="6b63bfe7-7154-4e5c-81b8-51d31b1ce472">
      <Execution id="d368220b-1934-45b9-a41c-eae77360453c" />
      <TestMethod codeBase="d:\v2.0\a1\_work\dbded102\vso\tfs\service\webaccess\releasepipeline\testscripts\tests\tests.releasemanagement.artifacts.objectviewmodel.artifactmodel.ts" adapterTypeName="Microsoft.VisualStudio.TestTools.TestTypes.Unit.UnitTestAdapter" className="d:\v2.0\a1\_work\dbded102\vso\tfs\service\webaccess\releasepipeline\testscripts\tests\tests.releasemanagement.artifacts.objectviewmodel.artifactmodel" name="ArtifactModelTests ArtifactsListViewModel should be dirty after removing artifact definition" />
    </UnitTest>
    <UnitTest name="ArtifactModelTests ArtifactsListViewModel should be dirty after removing all artifact from one source and adding same number (with non-sorted id) of artifact from different source" storage="d:\v2.0\a1\_work\dbded102\vso\tfs\service\webaccess\releasepipeline\testscripts\tests\tests.releasemanagement.artifacts.objectviewmodel.artifactmodel.ts" id="b97a4205-ceaa-4293-8026-270133854eae">
      <Execution id="16305dc9-032a-42f1-8397-27e0cd235425" />
      <TestMethod codeBase="d:\v2.0\a1\_work\dbded102\vso\tfs\service\webaccess\releasepipeline\testscripts\tests\tests.releasemanagement.artifacts.objectviewmodel.artifactmodel.ts" adapterTypeName="Microsoft.VisualStudio.TestTools.TestTypes.Unit.UnitTestAdapter" className="d:\v2.0\a1\_work\dbded102\vso\tfs\service\webaccess\releasepipeline\testscripts\tests\tests.releasemanagement.artifacts.objectviewmodel.artifactmodel" name="ArtifactModelTests ArtifactsListViewModel should be dirty after removing all artifact from one source and adding same number (with non-sorted id) of artifact from different source" />
    </UnitTest>
    <UnitTest name="ArtifactTypeViewModelTests Constructor test" storage="d:\v2.0\a1\_work\dbded102\vso\tfs\service\webaccess\releasepipeline\testscripts\tests\tests.releasemanagement.artifacts.createnewartifactdialog.ts" id="f7e3b66b-2e60-471c-be9e-c0c91a0d3459">
      <Execution id="52969165-d3d5-419f-9299-00fdc51f54fd" />
      <TestMethod codeBase="d:\v2.0\a1\_work\dbded102\vso\tfs\service\webaccess\releasepipeline\testscripts\tests\tests.releasemanagement.artifacts.createnewartifactdialog.ts" adapterTypeName="Microsoft.VisualStudio.TestTools.TestTypes.Unit.UnitTestAdapter" className="d:\v2.0\a1\_work\dbded102\vso\tfs\service\webaccess\releasepipeline\testscripts\tests\tests.releasemanagement.artifacts.createnewartifactdialog" name="ArtifactTypeViewModelTests Constructor test" />
    </UnitTest>
    <UnitTest name="ArtifactTypeViewModelTests getInputView model should return proper view model for id" storage="d:\v2.0\a1\_work\dbded102\vso\tfs\service\webaccess\releasepipeline\testscripts\tests\tests.releasemanagement.artifacts.objectviewmodel.artifacttypeviewmodel.ts" id="bca32bca-e04f-4509-bae3-b9034442f5a2">
      <Execution id="ed1dc544-c7ca-4e5a-8448-139e37abab0c" />
      <TestMethod codeBase="d:\v2.0\a1\_work\dbded102\vso\tfs\service\webaccess\releasepipeline\testscripts\tests\tests.releasemanagement.artifacts.objectviewmodel.artifacttypeviewmodel.ts" adapterTypeName="Microsoft.VisualStudio.TestTools.TestTypes.Unit.UnitTestAdapter" className="d:\v2.0\a1\_work\dbded102\vso\tfs\service\webaccess\releasepipeline\testscripts\tests\tests.releasemanagement.artifacts.objectviewmodel.artifacttypeviewmodel" name="ArtifactTypeViewModelTests getInputView model should return proper view model for id" />
    </UnitTest>
    <UnitTest name="DependentValuesTrackerTests Calling initialize values should get all the fields that have dynamic value information but do not have any dependents." storage="d:\v2.0\a1\_work\dbded102\vso\tfs\service\webaccess\releasepipeline\testscripts\tests\tests.releasemanagement.artifacts.objectviewmodel.dependentvaluestracker.ts" id="53ef197a-ce45-48cc-87e5-e57618131d54">
      <Execution id="9d42bacd-7382-42e0-b6e2-8788d3b2f8e3" />
      <TestMethod codeBase="d:\v2.0\a1\_work\dbded102\vso\tfs\service\webaccess\releasepipeline\testscripts\tests\tests.releasemanagement.artifacts.objectviewmodel.dependentvaluestracker.ts" adapterTypeName="Microsoft.VisualStudio.TestTools.TestTypes.Unit.UnitTestAdapter" className="d:\v2.0\a1\_work\dbded102\vso\tfs\service\webaccess\releasepipeline\testscripts\tests\tests.releasemanagement.artifacts.objectviewmodel.dependentvaluestracker.ts::dependentvaluestrackertests::calling initialize values should get all the fields that have dynamic value information but do not have any dependents" name="DependentValuesTrackerTests Calling initialize values should get all the fields that have dynamic value information but do not have any dependents." />
    </UnitTest>
    <UnitTest name="DependentValuesTrackerTests Changing value for a field should trigger a query for all the dependent fields" storage="d:\v2.0\a1\_work\dbded102\vso\tfs\service\webaccess\releasepipeline\testscripts\tests\tests.releasemanagement.artifacts.objectviewmodel.dependentvaluestracker.ts" id="0ea91bf4-99f2-4586-9c10-d3bb93cd200d">
      <Execution id="b40930cd-725d-43a4-a9c5-79aae062b694" />
      <TestMethod codeBase="d:\v2.0\a1\_work\dbded102\vso\tfs\service\webaccess\releasepipeline\testscripts\tests\tests.releasemanagement.artifacts.objectviewmodel.dependentvaluestracker.ts" adapterTypeName="Microsoft.VisualStudio.TestTools.TestTypes.Unit.UnitTestAdapter" className="d:\v2.0\a1\_work\dbded102\vso\tfs\service\webaccess\releasepipeline\testscripts\tests\tests.releasemanagement.artifacts.objectviewmodel.dependentvaluestracker" name="DependentValuesTrackerTests Changing value for a field should trigger a query for all the dependent fields" />
    </UnitTest>
    <UnitTest name="DependentValuesTrackerTests Changing a value for a field that has no dependencies should not trigger query input values." storage="d:\v2.0\a1\_work\dbded102\vso\tfs\service\webaccess\releasepipeline\testscripts\tests\tests.releasemanagement.artifacts.objectviewmodel.dependentvaluestracker.ts" id="a129bc59-053c-4b6d-8ec0-b370e19d78f3">
      <Execution id="54b7932b-099a-4fc9-ab7e-f745d96932a1" />
      <TestMethod codeBase="d:\v2.0\a1\_work\dbded102\vso\tfs\service\webaccess\releasepipeline\testscripts\tests\tests.releasemanagement.artifacts.objectviewmodel.dependentvaluestracker.ts" adapterTypeName="Microsoft.VisualStudio.TestTools.TestTypes.Unit.UnitTestAdapter" className="d:\v2.0\a1\_work\dbded102\vso\tfs\service\webaccess\releasepipeline\testscripts\tests\tests.releasemanagement.artifacts.objectviewmodel.dependentvaluestracker.ts::dependentvaluestrackertests::changing a value for a field that has no dependencies should not trigger query input values" name="DependentValuesTrackerTests Changing a value for a field that has no dependencies should not trigger query input values." />
    </UnitTest>
    <UnitTest name="DependentValuesTrackerTests Any error thrown by queryInputValues should be shown to the user" storage="d:\v2.0\a1\_work\dbded102\vso\tfs\service\webaccess\releasepipeline\testscripts\tests\tests.releasemanagement.artifacts.objectviewmodel.dependentvaluestracker.ts" id="4100d73a-67f9-4b34-ba9f-ce2274c668d1">
      <Execution id="46794bcd-7cea-4f96-ab3e-9357dd96148b" />
      <TestMethod codeBase="d:\v2.0\a1\_work\dbded102\vso\tfs\service\webaccess\releasepipeline\testscripts\tests\tests.releasemanagement.artifacts.objectviewmodel.dependentvaluestracker.ts" adapterTypeName="Microsoft.VisualStudio.TestTools.TestTypes.Unit.UnitTestAdapter" className="d:\v2.0\a1\_work\dbded102\vso\tfs\service\webaccess\releasepipeline\testscripts\tests\tests.releasemanagement.artifacts.objectviewmodel.dependentvaluestracker" name="DependentValuesTrackerTests Any error thrown by queryInputValues should be shown to the user" />
    </UnitTest>
    <UnitTest name="InputViewModelTests Constructor test" storage="d:\v2.0\a1\_work\dbded102\vso\tfs\service\webaccess\releasepipeline\testscripts\tests\tests.releasemanagement.artifacts.objectviewmodel.inputviewmodel.ts" id="916d368a-af90-4eec-8d8e-d4574a75bf13">
      <Execution id="c3d27622-e12c-4fc7-875d-fd5ce5fbfdae" />
      <TestMethod codeBase="d:\v2.0\a1\_work\dbded102\vso\tfs\service\webaccess\releasepipeline\testscripts\tests\tests.releasemanagement.artifacts.objectviewmodel.inputviewmodel.ts" adapterTypeName="Microsoft.VisualStudio.TestTools.TestTypes.Unit.UnitTestAdapter" className="d:\v2.0\a1\_work\dbded102\vso\tfs\service\webaccess\releasepipeline\testscripts\tests\tests.releasemanagement.artifacts.objectviewmodel.inputviewmodel" name="InputViewModelTests Constructor test" />
    </UnitTest>
    <UnitTest name="InputViewModelTests Input mode tests for expected result of checkbox" storage="d:\v2.0\a1\_work\dbded102\vso\tfs\service\webaccess\releasepipeline\testscripts\tests\tests.releasemanagement.artifacts.objectviewmodel.inputviewmodel.ts" id="f086e832-4323-4a36-aafa-fb8ecd887c33">
      <Execution id="a5fbd3f8-4f96-4963-8146-f913e366c20d" />
      <TestMethod codeBase="d:\v2.0\a1\_work\dbded102\vso\tfs\service\webaccess\releasepipeline\testscripts\tests\tests.releasemanagement.artifacts.objectviewmodel.inputviewmodel.ts" adapterTypeName="Microsoft.VisualStudio.TestTools.TestTypes.Unit.UnitTestAdapter" className="d:\v2.0\a1\_work\dbded102\vso\tfs\service\webaccess\releasepipeline\testscripts\tests\tests.releasemanagement.artifacts.objectviewmodel.inputviewmodel" name="InputViewModelTests Input mode tests for expected result of checkbox" />
    </UnitTest>
    <UnitTest name="InputViewModelTests Input mode tests for expected result of combo" storage="d:\v2.0\a1\_work\dbded102\vso\tfs\service\webaccess\releasepipeline\testscripts\tests\tests.releasemanagement.artifacts.objectviewmodel.inputviewmodel.ts" id="aab6c025-1362-4864-8796-1c3fdd70ced2">
      <Execution id="904b7965-1d7b-408e-a0e3-5f429c7f272e" />
      <TestMethod codeBase="d:\v2.0\a1\_work\dbded102\vso\tfs\service\webaccess\releasepipeline\testscripts\tests\tests.releasemanagement.artifacts.objectviewmodel.inputviewmodel.ts" adapterTypeName="Microsoft.VisualStudio.TestTools.TestTypes.Unit.UnitTestAdapter" className="d:\v2.0\a1\_work\dbded102\vso\tfs\service\webaccess\releasepipeline\testscripts\tests\tests.releasemanagement.artifacts.objectviewmodel.inputviewmodel" name="InputViewModelTests Input mode tests for expected result of combo" />
    </UnitTest>
    <UnitTest name="InputViewModelTests Input mode tests for expected result of none" storage="d:\v2.0\a1\_work\dbded102\vso\tfs\service\webaccess\releasepipeline\testscripts\tests\tests.releasemanagement.artifacts.objectviewmodel.inputviewmodel.ts" id="5bf9cae2-209c-4193-9756-83d730221dce">
      <Execution id="902cd37c-3341-49b0-8bb5-6d8dbcc8d9f9" />
      <TestMethod codeBase="d:\v2.0\a1\_work\dbded102\vso\tfs\service\webaccess\releasepipeline\testscripts\tests\tests.releasemanagement.artifacts.objectviewmodel.inputviewmodel.ts" adapterTypeName="Microsoft.VisualStudio.TestTools.TestTypes.Unit.UnitTestAdapter" className="d:\v2.0\a1\_work\dbded102\vso\tfs\service\webaccess\releasepipeline\testscripts\tests\tests.releasemanagement.artifacts.objectviewmodel.inputviewmodel" name="InputViewModelTests Input mode tests for expected result of none" />
    </UnitTest>
    <UnitTest name="InputViewModelTests Input mode tests for expected result of password" storage="d:\v2.0\a1\_work\dbded102\vso\tfs\service\webaccess\releasepipeline\testscripts\tests\tests.releasemanagement.artifacts.objectviewmodel.inputviewmodel.ts" id="cff53d35-dd2c-4126-8dd9-89ee0dd35ec1">
      <Execution id="dca156b7-f0e2-4034-a4e2-026af9adfb9a" />
      <TestMethod codeBase="d:\v2.0\a1\_work\dbded102\vso\tfs\service\webaccess\releasepipeline\testscripts\tests\tests.releasemanagement.artifacts.objectviewmodel.inputviewmodel.ts" adapterTypeName="Microsoft.VisualStudio.TestTools.TestTypes.Unit.UnitTestAdapter" className="d:\v2.0\a1\_work\dbded102\vso\tfs\service\webaccess\releasepipeline\testscripts\tests\tests.releasemanagement.artifacts.objectviewmodel.inputviewmodel" name="InputViewModelTests Input mode tests for expected result of password" />
    </UnitTest>
    <UnitTest name="InputViewModelTests Input mode tests for expected result of radio" storage="d:\v2.0\a1\_work\dbded102\vso\tfs\service\webaccess\releasepipeline\testscripts\tests\tests.releasemanagement.artifacts.objectviewmodel.inputviewmodel.ts" id="044da2fa-fca0-49c1-b8c9-47dcfd2ea902">
      <Execution id="26741e26-ee98-4b6c-91b2-9364d5f13469" />
      <TestMethod codeBase="d:\v2.0\a1\_work\dbded102\vso\tfs\service\webaccess\releasepipeline\testscripts\tests\tests.releasemanagement.artifacts.objectviewmodel.inputviewmodel.ts" adapterTypeName="Microsoft.VisualStudio.TestTools.TestTypes.Unit.UnitTestAdapter" className="d:\v2.0\a1\_work\dbded102\vso\tfs\service\webaccess\releasepipeline\testscripts\tests\tests.releasemanagement.artifacts.objectviewmodel.inputviewmodel" name="InputViewModelTests Input mode tests for expected result of radio" />
    </UnitTest>
    <UnitTest name="InputViewModelTests Input mode tests for expected result of textArea" storage="d:\v2.0\a1\_work\dbded102\vso\tfs\service\webaccess\releasepipeline\testscripts\tests\tests.releasemanagement.artifacts.objectviewmodel.inputviewmodel.ts" id="a75ad7b3-c216-4850-8bc9-e6689ddb3c81">
      <Execution id="0e96d760-3d28-4a2f-9879-95b6a7b61b82" />
      <TestMethod codeBase="d:\v2.0\a1\_work\dbded102\vso\tfs\service\webaccess\releasepipeline\testscripts\tests\tests.releasemanagement.artifacts.objectviewmodel.inputviewmodel.ts" adapterTypeName="Microsoft.VisualStudio.TestTools.TestTypes.Unit.UnitTestAdapter" className="d:\v2.0\a1\_work\dbded102\vso\tfs\service\webaccess\releasepipeline\testscripts\tests\tests.releasemanagement.artifacts.objectviewmodel.inputviewmodel" name="InputViewModelTests Input mode tests for expected result of textArea" />
    </UnitTest>
    <UnitTest name="InputViewModelTests Display name for required field test" storage="d:\v2.0\a1\_work\dbded102\vso\tfs\service\webaccess\releasepipeline\testscripts\tests\tests.releasemanagement.artifacts.objectviewmodel.inputviewmodel.ts" id="d62f5749-3f00-4678-b162-4aacf128eedf">
      <Execution id="0408afd3-8732-47f4-8960-586fb7f59318" />
      <TestMethod codeBase="d:\v2.0\a1\_work\dbded102\vso\tfs\service\webaccess\releasepipeline\testscripts\tests\tests.releasemanagement.artifacts.objectviewmodel.inputviewmodel.ts" adapterTypeName="Microsoft.VisualStudio.TestTools.TestTypes.Unit.UnitTestAdapter" className="d:\v2.0\a1\_work\dbded102\vso\tfs\service\webaccess\releasepipeline\testscripts\tests\tests.releasemanagement.artifacts.objectviewmodel.inputviewmodel" name="InputViewModelTests Display name for required field test" />
    </UnitTest>
    <UnitTest name="InputViewModelTests Display name for not required field test" storage="d:\v2.0\a1\_work\dbded102\vso\tfs\service\webaccess\releasepipeline\testscripts\tests\tests.releasemanagement.artifacts.objectviewmodel.inputviewmodel.ts" id="ca057164-41fb-42d1-bd1b-96a5e5a83320">
      <Execution id="f31d5540-1d01-462f-9c2e-5124f696440a" />
      <TestMethod codeBase="d:\v2.0\a1\_work\dbded102\vso\tfs\service\webaccess\releasepipeline\testscripts\tests\tests.releasemanagement.artifacts.objectviewmodel.inputviewmodel.ts" adapterTypeName="Microsoft.VisualStudio.TestTools.TestTypes.Unit.UnitTestAdapter" className="d:\v2.0\a1\_work\dbded102\vso\tfs\service\webaccess\releasepipeline\testscripts\tests\tests.releasemanagement.artifacts.objectviewmodel.inputviewmodel" name="InputViewModelTests Display name for not required field test" />
    </UnitTest>
    <UnitTest name="InputViewModelTests IsReadonly property test" storage="d:\v2.0\a1\_work\dbded102\vso\tfs\service\webaccess\releasepipeline\testscripts\tests\tests.releasemanagement.artifacts.objectviewmodel.inputviewmodel.ts" id="5304f666-95c2-47b8-b343-a36cbd430a19">
      <Execution id="93273e50-e8df-4226-ac44-2553c7ee0a09" />
      <TestMethod codeBase="d:\v2.0\a1\_work\dbded102\vso\tfs\service\webaccess\releasepipeline\testscripts\tests\tests.releasemanagement.artifacts.objectviewmodel.inputviewmodel.ts" adapterTypeName="Microsoft.VisualStudio.TestTools.TestTypes.Unit.UnitTestAdapter" className="d:\v2.0\a1\_work\dbded102\vso\tfs\service\webaccess\releasepipeline\testscripts\tests\tests.releasemanagement.artifacts.objectviewmodel.inputviewmodel" name="InputViewModelTests IsReadonly property test" />
    </UnitTest>
    <UnitTest name="InputViewModelTests Dependency input ids test" storage="d:\v2.0\a1\_work\dbded102\vso\tfs\service\webaccess\releasepipeline\testscripts\tests\tests.releasemanagement.artifacts.objectviewmodel.inputviewmodel.ts" id="7fa610b8-3eec-44f4-8bed-caae35f5e707">
      <Execution id="71758917-7bca-423f-acf3-0fb7da7b6a8e" />
      <TestMethod codeBase="d:\v2.0\a1\_work\dbded102\vso\tfs\service\webaccess\releasepipeline\testscripts\tests\tests.releasemanagement.artifacts.objectviewmodel.inputviewmodel.ts" adapterTypeName="Microsoft.VisualStudio.TestTools.TestTypes.Unit.UnitTestAdapter" className="d:\v2.0\a1\_work\dbded102\vso\tfs\service\webaccess\releasepipeline\testscripts\tests\tests.releasemanagement.artifacts.objectviewmodel.inputviewmodel" name="InputViewModelTests Dependency input ids test" />
    </UnitTest>
    <UnitTest name="InputViewModelTests IsInvalid property test" storage="d:\v2.0\a1\_work\dbded102\vso\tfs\service\webaccess\releasepipeline\testscripts\tests\tests.releasemanagement.artifacts.objectviewmodel.inputviewmodel.ts" id="bff107e1-b00c-41bc-b10f-3b5a98fa458d">
      <Execution id="ef4ca66d-ee49-48b9-8db5-7507c1f52c66" />
      <TestMethod codeBase="d:\v2.0\a1\_work\dbded102\vso\tfs\service\webaccess\releasepipeline\testscripts\tests\tests.releasemanagement.artifacts.objectviewmodel.inputviewmodel.ts" adapterTypeName="Microsoft.VisualStudio.TestTools.TestTypes.Unit.UnitTestAdapter" className="d:\v2.0\a1\_work\dbded102\vso\tfs\service\webaccess\releasepipeline\testscripts\tests\tests.releasemanagement.artifacts.objectviewmodel.inputviewmodel" name="InputViewModelTests IsInvalid property test" />
    </UnitTest>
    <UnitTest name="InputViewModelTests StringInputViewModel updateValues test" storage="d:\v2.0\a1\_work\dbded102\vso\tfs\service\webaccess\releasepipeline\testscripts\tests\tests.releasemanagement.artifacts.objectviewmodel.inputviewmodel.ts" id="3b178a22-4b27-42c9-b033-2e669be21498">
      <Execution id="26644d04-0325-4a60-a7d2-e1c9a40b36c5" />
      <TestMethod codeBase="d:\v2.0\a1\_work\dbded102\vso\tfs\service\webaccess\releasepipeline\testscripts\tests\tests.releasemanagement.artifacts.objectviewmodel.inputviewmodel.ts" adapterTypeName="Microsoft.VisualStudio.TestTools.TestTypes.Unit.UnitTestAdapter" className="d:\v2.0\a1\_work\dbded102\vso\tfs\service\webaccess\releasepipeline\testscripts\tests\tests.releasemanagement.artifacts.objectviewmodel.inputviewmodel" name="InputViewModelTests StringInputViewModel updateValues test" />
    </UnitTest>
    <UnitTest name="InputViewModelTests StringInputViewModel handleFinalValue test" storage="d:\v2.0\a1\_work\dbded102\vso\tfs\service\webaccess\releasepipeline\testscripts\tests\tests.releasemanagement.artifacts.objectviewmodel.inputviewmodel.ts" id="9b563bd8-8567-4b42-bdf6-5a81df1affa6">
      <Execution id="d28f7309-cc05-45b1-ab26-87b94cd1832e" />
      <TestMethod codeBase="d:\v2.0\a1\_work\dbded102\vso\tfs\service\webaccess\releasepipeline\testscripts\tests\tests.releasemanagement.artifacts.objectviewmodel.inputviewmodel.ts" adapterTypeName="Microsoft.VisualStudio.TestTools.TestTypes.Unit.UnitTestAdapter" className="d:\v2.0\a1\_work\dbded102\vso\tfs\service\webaccess\releasepipeline\testscripts\tests\tests.releasemanagement.artifacts.objectviewmodel.inputviewmodel" name="InputViewModelTests StringInputViewModel handleFinalValue test" />
    </UnitTest>
    <UnitTest name="InputViewModelTests ComboInputViewModel updateValues test" storage="d:\v2.0\a1\_work\dbded102\vso\tfs\service\webaccess\releasepipeline\testscripts\tests\tests.releasemanagement.artifacts.objectviewmodel.inputviewmodel.ts" id="f3f8072b-5c92-4ef6-bf75-7a3869d7f311">
      <Execution id="433d8f57-30ca-4701-97d4-dc8f8505a025" />
      <TestMethod codeBase="d:\v2.0\a1\_work\dbded102\vso\tfs\service\webaccess\releasepipeline\testscripts\tests\tests.releasemanagement.artifacts.objectviewmodel.inputviewmodel.ts" adapterTypeName="Microsoft.VisualStudio.TestTools.TestTypes.Unit.UnitTestAdapter" className="d:\v2.0\a1\_work\dbded102\vso\tfs\service\webaccess\releasepipeline\testscripts\tests\tests.releasemanagement.artifacts.objectviewmodel.inputviewmodel" name="InputViewModelTests ComboInputViewModel updateValues test" />
    </UnitTest>
    <UnitTest name="InputViewModelTests setShowManageServicesLink set to true should add a link to the label" storage="d:\v2.0\a1\_work\dbded102\vso\tfs\service\webaccess\releasepipeline\testscripts\tests\tests.releasemanagement.artifacts.objectviewmodel.inputviewmodel.ts" id="7f892977-f259-47ab-a0be-cdaf9fcbc86e">
      <Execution id="7ae1ae90-1efe-478c-a12a-cda086f07675" />
      <TestMethod codeBase="d:\v2.0\a1\_work\dbded102\vso\tfs\service\webaccess\releasepipeline\testscripts\tests\tests.releasemanagement.artifacts.objectviewmodel.inputviewmodel.ts" adapterTypeName="Microsoft.VisualStudio.TestTools.TestTypes.Unit.UnitTestAdapter" className="d:\v2.0\a1\_work\dbded102\vso\tfs\service\webaccess\releasepipeline\testscripts\tests\tests.releasemanagement.artifacts.objectviewmodel.inputviewmodel" name="InputViewModelTests setShowManageServicesLink set to true should add a link to the label" />
    </UnitTest>
    <UnitTest name="ValidatorTests Base validator tests" storage="d:\v2.0\a1\_work\dbded102\vso\tfs\service\webaccess\releasepipeline\testscripts\tests\tests.releasemanagement.artifacts.objectviewmodel.validators.ts" id="b97ba160-4f42-427f-b2ce-327d9a8662b2">
      <Execution id="5dea7afd-3c40-4c9e-8315-d0892d4141cb" />
      <TestMethod codeBase="d:\v2.0\a1\_work\dbded102\vso\tfs\service\webaccess\releasepipeline\testscripts\tests\tests.releasemanagement.artifacts.objectviewmodel.validators.ts" adapterTypeName="Microsoft.VisualStudio.TestTools.TestTypes.Unit.UnitTestAdapter" className="d:\v2.0\a1\_work\dbded102\vso\tfs\service\webaccess\releasepipeline\testscripts\tests\tests.releasemanagement.artifacts.objectviewmodel.validators" name="ValidatorTests Base validator tests" />
    </UnitTest>
    <UnitTest name="ValidatorTests String validation valid test 012345" storage="d:\v2.0\a1\_work\dbded102\vso\tfs\service\webaccess\releasepipeline\testscripts\tests\tests.releasemanagement.artifacts.objectviewmodel.validators.ts" id="eb9b7277-7cd9-4210-929b-a32ad08baa98">
      <Execution id="e7d6a50c-bdad-40ad-b6b1-49d505572d2a" />
      <TestMethod codeBase="d:\v2.0\a1\_work\dbded102\vso\tfs\service\webaccess\releasepipeline\testscripts\tests\tests.releasemanagement.artifacts.objectviewmodel.validators.ts" adapterTypeName="Microsoft.VisualStudio.TestTools.TestTypes.Unit.UnitTestAdapter" className="d:\v2.0\a1\_work\dbded102\vso\tfs\service\webaccess\releasepipeline\testscripts\tests\tests.releasemanagement.artifacts.objectviewmodel.validators" name="ValidatorTests String validation valid test 012345" />
    </UnitTest>
    <UnitTest name="ValidatorTests String validation valid test 012" storage="d:\v2.0\a1\_work\dbded102\vso\tfs\service\webaccess\releasepipeline\testscripts\tests\tests.releasemanagement.artifacts.objectviewmodel.validators.ts" id="18e6a920-4288-45ec-9d62-73652666088f">
      <Execution id="fe205dd9-f3af-4faf-9284-220e5d14cca7" />
      <TestMethod codeBase="d:\v2.0\a1\_work\dbded102\vso\tfs\service\webaccess\releasepipeline\testscripts\tests\tests.releasemanagement.artifacts.objectviewmodel.validators.ts" adapterTypeName="Microsoft.VisualStudio.TestTools.TestTypes.Unit.UnitTestAdapter" className="d:\v2.0\a1\_work\dbded102\vso\tfs\service\webaccess\releasepipeline\testscripts\tests\tests.releasemanagement.artifacts.objectviewmodel.validators" name="ValidatorTests String validation valid test 012" />
    </UnitTest>
    <UnitTest name="ValidatorTests String validation valid test 0123456789" storage="d:\v2.0\a1\_work\dbded102\vso\tfs\service\webaccess\releasepipeline\testscripts\tests\tests.releasemanagement.artifacts.objectviewmodel.validators.ts" id="38c8239e-929f-487d-88a2-07df8ed57dce">
      <Execution id="25619b75-1bd6-4168-9967-9c83d615546f" />
      <TestMethod codeBase="d:\v2.0\a1\_work\dbded102\vso\tfs\service\webaccess\releasepipeline\testscripts\tests\tests.releasemanagement.artifacts.objectviewmodel.validators.ts" adapterTypeName="Microsoft.VisualStudio.TestTools.TestTypes.Unit.UnitTestAdapter" className="d:\v2.0\a1\_work\dbded102\vso\tfs\service\webaccess\releasepipeline\testscripts\tests\tests.releasemanagement.artifacts.objectviewmodel.validators" name="ValidatorTests String validation valid test 0123456789" />
    </UnitTest>
    <UnitTest name="ValidatorTests String validation valid test 01" storage="d:\v2.0\a1\_work\dbded102\vso\tfs\service\webaccess\releasepipeline\testscripts\tests\tests.releasemanagement.artifacts.objectviewmodel.validators.ts" id="848b4da8-bbbf-4d7c-9699-64410866dcf8">
      <Execution id="4e446185-0edb-416c-a91e-a8e1e6689f00" />
      <TestMethod codeBase="d:\v2.0\a1\_work\dbded102\vso\tfs\service\webaccess\releasepipeline\testscripts\tests\tests.releasemanagement.artifacts.objectviewmodel.validators.ts" adapterTypeName="Microsoft.VisualStudio.TestTools.TestTypes.Unit.UnitTestAdapter" className="d:\v2.0\a1\_work\dbded102\vso\tfs\service\webaccess\releasepipeline\testscripts\tests\tests.releasemanagement.artifacts.objectviewmodel.validators" name="ValidatorTests String validation valid test 01" />
    </UnitTest>
    <UnitTest name="ValidatorTests String validation valid test 012345678910" storage="d:\v2.0\a1\_work\dbded102\vso\tfs\service\webaccess\releasepipeline\testscripts\tests\tests.releasemanagement.artifacts.objectviewmodel.validators.ts" id="3e403e06-cdd7-416f-953e-c87c8ff98897">
      <Execution id="41b43924-d2c3-4d26-a1f9-9f405251d7f3" />
      <TestMethod codeBase="d:\v2.0\a1\_work\dbded102\vso\tfs\service\webaccess\releasepipeline\testscripts\tests\tests.releasemanagement.artifacts.objectviewmodel.validators.ts" adapterTypeName="Microsoft.VisualStudio.TestTools.TestTypes.Unit.UnitTestAdapter" className="d:\v2.0\a1\_work\dbded102\vso\tfs\service\webaccess\releasepipeline\testscripts\tests\tests.releasemanagement.artifacts.objectviewmodel.validators" name="ValidatorTests String validation valid test 012345678910" />
    </UnitTest>
    <UnitTest name="ValidatorTests String validation valid test " storage="d:\v2.0\a1\_work\dbded102\vso\tfs\service\webaccess\releasepipeline\testscripts\tests\tests.releasemanagement.artifacts.objectviewmodel.validators.ts" id="86bed4e0-c54c-41c5-bf5d-bcec75f19b06">
      <Execution id="abb47a45-7008-4651-bb21-f6236b2d0aeb" />
      <TestMethod codeBase="d:\v2.0\a1\_work\dbded102\vso\tfs\service\webaccess\releasepipeline\testscripts\tests\tests.releasemanagement.artifacts.objectviewmodel.validators.ts" adapterTypeName="Microsoft.VisualStudio.TestTools.TestTypes.Unit.UnitTestAdapter" className="d:\v2.0\a1\_work\dbded102\vso\tfs\service\webaccess\releasepipeline\testscripts\tests\tests.releasemanagement.artifacts.objectviewmodel.validators" name="ValidatorTests String validation valid test " />
    </UnitTest>
    <UnitTest name="ValidatorTests String validation pattern match test data:012345 pattern:[0-5]+" storage="d:\v2.0\a1\_work\dbded102\vso\tfs\service\webaccess\releasepipeline\testscripts\tests\tests.releasemanagement.artifacts.objectviewmodel.validators.ts" id="fde8f865-01af-4f57-a1ef-5fba3944a0a0">
      <Execution id="d8263fe3-a6c9-487b-bb5f-417104a02b4d" />
      <TestMethod codeBase="d:\v2.0\a1\_work\dbded102\vso\tfs\service\webaccess\releasepipeline\testscripts\tests\tests.releasemanagement.artifacts.objectviewmodel.validators.ts" adapterTypeName="Microsoft.VisualStudio.TestTools.TestTypes.Unit.UnitTestAdapter" className="d:\v2.0\a1\_work\dbded102\vso\tfs\service\webaccess\releasepipeline\testscripts\tests\tests.releasemanagement.artifacts.objectviewmodel.validators" name="ValidatorTests String validation pattern match test data:012345 pattern:[0-5]+" />
    </UnitTest>
    <UnitTest name="ValidatorTests String validation pattern match test data:abcdef pattern:[a-z]+" storage="d:\v2.0\a1\_work\dbded102\vso\tfs\service\webaccess\releasepipeline\testscripts\tests\tests.releasemanagement.artifacts.objectviewmodel.validators.ts" id="2feb1609-7e62-4588-b7e2-bcf2e33e052b">
      <Execution id="e0d324c3-2cdc-45b9-b890-7ebd3e14aa2b" />
      <TestMethod codeBase="d:\v2.0\a1\_work\dbded102\vso\tfs\service\webaccess\releasepipeline\testscripts\tests\tests.releasemanagement.artifacts.objectviewmodel.validators.ts" adapterTypeName="Microsoft.VisualStudio.TestTools.TestTypes.Unit.UnitTestAdapter" className="d:\v2.0\a1\_work\dbded102\vso\tfs\service\webaccess\releasepipeline\testscripts\tests\tests.releasemanagement.artifacts.objectviewmodel.validators" name="ValidatorTests String validation pattern match test data:abcdef pattern:[a-z]+" />
    </UnitTest>
    <UnitTest name="ValidatorTests String validation pattern match test data:0123efge pattern:[0-9a-z]+" storage="d:\v2.0\a1\_work\dbded102\vso\tfs\service\webaccess\releasepipeline\testscripts\tests\tests.releasemanagement.artifacts.objectviewmodel.validators.ts" id="0f833dd2-57e9-47f5-8e14-7c3686ef0775">
      <Execution id="0085c320-36e5-43b4-b62d-ad25f9b98612" />
      <TestMethod codeBase="d:\v2.0\a1\_work\dbded102\vso\tfs\service\webaccess\releasepipeline\testscripts\tests\tests.releasemanagement.artifacts.objectviewmodel.validators.ts" adapterTypeName="Microsoft.VisualStudio.TestTools.TestTypes.Unit.UnitTestAdapter" className="d:\v2.0\a1\_work\dbded102\vso\tfs\service\webaccess\releasepipeline\testscripts\tests\tests.releasemanagement.artifacts.objectviewmodel.validators" name="ValidatorTests String validation pattern match test data:0123efge pattern:[0-9a-z]+" />
    </UnitTest>
    <UnitTest name="ValidatorTests String validation pattern match test data:01 pattern:[a-z]+" storage="d:\v2.0\a1\_work\dbded102\vso\tfs\service\webaccess\releasepipeline\testscripts\tests\tests.releasemanagement.artifacts.objectviewmodel.validators.ts" id="664602dd-05ae-4f0d-9b6c-f5e9c329d2f0">
      <Execution id="b66d4030-4195-46c0-9f12-131b252bd068" />
      <TestMethod codeBase="d:\v2.0\a1\_work\dbded102\vso\tfs\service\webaccess\releasepipeline\testscripts\tests\tests.releasemanagement.artifacts.objectviewmodel.validators.ts" adapterTypeName="Microsoft.VisualStudio.TestTools.TestTypes.Unit.UnitTestAdapter" className="d:\v2.0\a1\_work\dbded102\vso\tfs\service\webaccess\releasepipeline\testscripts\tests\tests.releasemanagement.artifacts.objectviewmodel.validators" name="ValidatorTests String validation pattern match test data:01 pattern:[a-z]+" />
    </UnitTest>
    <UnitTest name="ValidatorTests String validation pattern match test data:abc pattern:[0-9]+" storage="d:\v2.0\a1\_work\dbded102\vso\tfs\service\webaccess\releasepipeline\testscripts\tests\tests.releasemanagement.artifacts.objectviewmodel.validators.ts" id="384d47a7-c6bb-4291-a90a-19a0baedc015">
      <Execution id="5c9f6bca-9d85-4288-b9f4-564236015994" />
      <TestMethod codeBase="d:\v2.0\a1\_work\dbded102\vso\tfs\service\webaccess\releasepipeline\testscripts\tests\tests.releasemanagement.artifacts.objectviewmodel.validators.ts" adapterTypeName="Microsoft.VisualStudio.TestTools.TestTypes.Unit.UnitTestAdapter" className="d:\v2.0\a1\_work\dbded102\vso\tfs\service\webaccess\releasepipeline\testscripts\tests\tests.releasemanagement.artifacts.objectviewmodel.validators" name="ValidatorTests String validation pattern match test data:abc pattern:[0-9]+" />
    </UnitTest>
    <UnitTest name="ValidatorTests String validation pattern match test data: pattern:[0-9]+" storage="d:\v2.0\a1\_work\dbded102\vso\tfs\service\webaccess\releasepipeline\testscripts\tests\tests.releasemanagement.artifacts.objectviewmodel.validators.ts" id="2d9fe52d-9dbf-4674-ab20-7cf0e80f0530">
      <Execution id="95bb059a-bebe-442c-ad19-8ee23a80c3bc" />
      <TestMethod codeBase="d:\v2.0\a1\_work\dbded102\vso\tfs\service\webaccess\releasepipeline\testscripts\tests\tests.releasemanagement.artifacts.objectviewmodel.validators.ts" adapterTypeName="Microsoft.VisualStudio.TestTools.TestTypes.Unit.UnitTestAdapter" className="d:\v2.0\a1\_work\dbded102\vso\tfs\service\webaccess\releasepipeline\testscripts\tests\tests.releasemanagement.artifacts.objectviewmodel.validators" name="ValidatorTests String validation pattern match test data: pattern:[0-9]+" />
    </UnitTest>
    <UnitTest name="ValidatorTests String validation default values test" storage="d:\v2.0\a1\_work\dbded102\vso\tfs\service\webaccess\releasepipeline\testscripts\tests\tests.releasemanagement.artifacts.objectviewmodel.validators.ts" id="be3426a3-450e-4ec4-a7e8-ec0483ee5a30">
      <Execution id="9d524a44-6956-4b2e-8cb1-cca25cc46eee" />
      <TestMethod codeBase="d:\v2.0\a1\_work\dbded102\vso\tfs\service\webaccess\releasepipeline\testscripts\tests\tests.releasemanagement.artifacts.objectviewmodel.validators.ts" adapterTypeName="Microsoft.VisualStudio.TestTools.TestTypes.Unit.UnitTestAdapter" className="d:\v2.0\a1\_work\dbded102\vso\tfs\service\webaccess\releasepipeline\testscripts\tests\tests.releasemanagement.artifacts.objectviewmodel.validators" name="ValidatorTests String validation default values test" />
    </UnitTest>
    <UnitTest name="ValidatorTests Boolean validator tests true1" storage="d:\v2.0\a1\_work\dbded102\vso\tfs\service\webaccess\releasepipeline\testscripts\tests\tests.releasemanagement.artifacts.objectviewmodel.validators.ts" id="c2f63740-7a45-4705-ad73-6c5b3a6c057f">
      <Execution id="98359dda-c24e-4f49-9549-55652a9e685c" />
      <TestMethod codeBase="d:\v2.0\a1\_work\dbded102\vso\tfs\service\webaccess\releasepipeline\testscripts\tests\tests.releasemanagement.artifacts.objectviewmodel.validators.ts" adapterTypeName="Microsoft.VisualStudio.TestTools.TestTypes.Unit.UnitTestAdapter" className="d:\v2.0\a1\_work\dbded102\vso\tfs\service\webaccess\releasepipeline\testscripts\tests\tests.releasemanagement.artifacts.objectviewmodel.validators" name="ValidatorTests Boolean validator tests true1" />
    </UnitTest>
    <UnitTest name="ValidatorTests Boolean validator tests false1" storage="d:\v2.0\a1\_work\dbded102\vso\tfs\service\webaccess\releasepipeline\testscripts\tests\tests.releasemanagement.artifacts.objectviewmodel.validators.ts" id="31d92c89-8dfb-47f5-bc79-0d6f591d98c0">
      <Execution id="ac74e4bd-3ba0-4e11-8c4d-d7896b7eafc5" />
      <TestMethod codeBase="d:\v2.0\a1\_work\dbded102\vso\tfs\service\webaccess\releasepipeline\testscripts\tests\tests.releasemanagement.artifacts.objectviewmodel.validators.ts" adapterTypeName="Microsoft.VisualStudio.TestTools.TestTypes.Unit.UnitTestAdapter" className="d:\v2.0\a1\_work\dbded102\vso\tfs\service\webaccess\releasepipeline\testscripts\tests\tests.releasemanagement.artifacts.objectviewmodel.validators" name="ValidatorTests Boolean validator tests false1" />
    </UnitTest>
    <UnitTest name="ValidatorTests Boolean validator tests True2" storage="d:\v2.0\a1\_work\dbded102\vso\tfs\service\webaccess\releasepipeline\testscripts\tests\tests.releasemanagement.artifacts.objectviewmodel.validators.ts" id="454f34ac-2c04-4f01-a712-dfc0e28345b0">
      <Execution id="41601c75-4d7a-453f-87ca-ee5d3f78aefc" />
      <TestMethod codeBase="d:\v2.0\a1\_work\dbded102\vso\tfs\service\webaccess\releasepipeline\testscripts\tests\tests.releasemanagement.artifacts.objectviewmodel.validators.ts" adapterTypeName="Microsoft.VisualStudio.TestTools.TestTypes.Unit.UnitTestAdapter" className="d:\v2.0\a1\_work\dbded102\vso\tfs\service\webaccess\releasepipeline\testscripts\tests\tests.releasemanagement.artifacts.objectviewmodel.validators" name="ValidatorTests Boolean validator tests True2" />
    </UnitTest>
    <UnitTest name="ValidatorTests Boolean validator tests False2" storage="d:\v2.0\a1\_work\dbded102\vso\tfs\service\webaccess\releasepipeline\testscripts\tests\tests.releasemanagement.artifacts.objectviewmodel.validators.ts" id="1feb8f47-c644-4422-8487-814cac5f89bc">
      <Execution id="cb3e4206-0994-4f56-ab70-886f2e5e0674" />
      <TestMethod codeBase="d:\v2.0\a1\_work\dbded102\vso\tfs\service\webaccess\releasepipeline\testscripts\tests\tests.releasemanagement.artifacts.objectviewmodel.validators.ts" adapterTypeName="Microsoft.VisualStudio.TestTools.TestTypes.Unit.UnitTestAdapter" className="d:\v2.0\a1\_work\dbded102\vso\tfs\service\webaccess\releasepipeline\testscripts\tests\tests.releasemanagement.artifacts.objectviewmodel.validators" name="ValidatorTests Boolean validator tests False2" />
    </UnitTest>
    <UnitTest name="ValidatorTests Boolean validator tests random" storage="d:\v2.0\a1\_work\dbded102\vso\tfs\service\webaccess\releasepipeline\testscripts\tests\tests.releasemanagement.artifacts.objectviewmodel.validators.ts" id="89fb2e7e-0e8d-4ae5-bab5-381bc42709d7">
      <Execution id="929e6ca6-210c-4543-a873-aa702e0b2dc2" />
      <TestMethod codeBase="d:\v2.0\a1\_work\dbded102\vso\tfs\service\webaccess\releasepipeline\testscripts\tests\tests.releasemanagement.artifacts.objectviewmodel.validators.ts" adapterTypeName="Microsoft.VisualStudio.TestTools.TestTypes.Unit.UnitTestAdapter" className="d:\v2.0\a1\_work\dbded102\vso\tfs\service\webaccess\releasepipeline\testscripts\tests\tests.releasemanagement.artifacts.objectviewmodel.validators" name="ValidatorTests Boolean validator tests random" />
    </UnitTest>
    <UnitTest name="ValidatorTests Boolean validator tests 3" storage="d:\v2.0\a1\_work\dbded102\vso\tfs\service\webaccess\releasepipeline\testscripts\tests\tests.releasemanagement.artifacts.objectviewmodel.validators.ts" id="e6fdb828-aeb4-48fe-b472-96c04b17109d">
      <Execution id="0a624ace-d4f8-4951-ac33-132208e19009" />
      <TestMethod codeBase="d:\v2.0\a1\_work\dbded102\vso\tfs\service\webaccess\releasepipeline\testscripts\tests\tests.releasemanagement.artifacts.objectviewmodel.validators.ts" adapterTypeName="Microsoft.VisualStudio.TestTools.TestTypes.Unit.UnitTestAdapter" className="d:\v2.0\a1\_work\dbded102\vso\tfs\service\webaccess\releasepipeline\testscripts\tests\tests.releasemanagement.artifacts.objectviewmodel.validators" name="ValidatorTests Boolean validator tests 3" />
    </UnitTest>
    <UnitTest name="ValidatorTests Number validator tests 0" storage="d:\v2.0\a1\_work\dbded102\vso\tfs\service\webaccess\releasepipeline\testscripts\tests\tests.releasemanagement.artifacts.objectviewmodel.validators.ts" id="6c191f0a-24bb-46ad-a541-a9733404ed0f">
      <Execution id="17d8d720-658f-429e-a23a-256ff67a5c26" />
      <TestMethod codeBase="d:\v2.0\a1\_work\dbded102\vso\tfs\service\webaccess\releasepipeline\testscripts\tests\tests.releasemanagement.artifacts.objectviewmodel.validators.ts" adapterTypeName="Microsoft.VisualStudio.TestTools.TestTypes.Unit.UnitTestAdapter" className="d:\v2.0\a1\_work\dbded102\vso\tfs\service\webaccess\releasepipeline\testscripts\tests\tests.releasemanagement.artifacts.objectviewmodel.validators" name="ValidatorTests Number validator tests 0" />
    </UnitTest>
    <UnitTest name="ValidatorTests Number validator tests 100" storage="d:\v2.0\a1\_work\dbded102\vso\tfs\service\webaccess\releasepipeline\testscripts\tests\tests.releasemanagement.artifacts.objectviewmodel.validators.ts" id="9e00f4e2-89fa-464f-828f-f93ea6cb96cf">
      <Execution id="94993331-cb0e-4c7f-a0a0-303f69b7e2be" />
      <TestMethod codeBase="d:\v2.0\a1\_work\dbded102\vso\tfs\service\webaccess\releasepipeline\testscripts\tests\tests.releasemanagement.artifacts.objectviewmodel.validators.ts" adapterTypeName="Microsoft.VisualStudio.TestTools.TestTypes.Unit.UnitTestAdapter" className="d:\v2.0\a1\_work\dbded102\vso\tfs\service\webaccess\releasepipeline\testscripts\tests\tests.releasemanagement.artifacts.objectviewmodel.validators" name="ValidatorTests Number validator tests 100" />
    </UnitTest>
    <UnitTest name="ValidatorTests Number validator tests -1" storage="d:\v2.0\a1\_work\dbded102\vso\tfs\service\webaccess\releasepipeline\testscripts\tests\tests.releasemanagement.artifacts.objectviewmodel.validators.ts" id="9d074285-8dcf-44d3-82f2-0e4200bf705a">
      <Execution id="52292a75-2ea5-4f31-b9f2-fd91a4e9429b" />
      <TestMethod codeBase="d:\v2.0\a1\_work\dbded102\vso\tfs\service\webaccess\releasepipeline\testscripts\tests\tests.releasemanagement.artifacts.objectviewmodel.validators.ts" adapterTypeName="Microsoft.VisualStudio.TestTools.TestTypes.Unit.UnitTestAdapter" className="d:\v2.0\a1\_work\dbded102\vso\tfs\service\webaccess\releasepipeline\testscripts\tests\tests.releasemanagement.artifacts.objectviewmodel.validators" name="ValidatorTests Number validator tests -1" />
    </UnitTest>
    <UnitTest name="ValidatorTests Number validator tests 1" storage="d:\v2.0\a1\_work\dbded102\vso\tfs\service\webaccess\releasepipeline\testscripts\tests\tests.releasemanagement.artifacts.objectviewmodel.validators.ts" id="45fe5503-2a84-41b3-924b-5c4dd978c14b">
      <Execution id="931a58d5-02d4-4475-ac21-e70c8222ccb4" />
      <TestMethod codeBase="d:\v2.0\a1\_work\dbded102\vso\tfs\service\webaccess\releasepipeline\testscripts\tests\tests.releasemanagement.artifacts.objectviewmodel.validators.ts" adapterTypeName="Microsoft.VisualStudio.TestTools.TestTypes.Unit.UnitTestAdapter" className="d:\v2.0\a1\_work\dbded102\vso\tfs\service\webaccess\releasepipeline\testscripts\tests\tests.releasemanagement.artifacts.objectviewmodel.validators" name="ValidatorTests Number validator tests 1" />
    </UnitTest>
    <UnitTest name="ValidatorTests Number validator tests 99" storage="d:\v2.0\a1\_work\dbded102\vso\tfs\service\webaccess\releasepipeline\testscripts\tests\tests.releasemanagement.artifacts.objectviewmodel.validators.ts" id="10e1adf2-61b0-413a-821a-9bfdc6c7aca1">
      <Execution id="f3da34a6-d234-41ba-92cd-2fb73be008e4" />
      <TestMethod codeBase="d:\v2.0\a1\_work\dbded102\vso\tfs\service\webaccess\releasepipeline\testscripts\tests\tests.releasemanagement.artifacts.objectviewmodel.validators.ts" adapterTypeName="Microsoft.VisualStudio.TestTools.TestTypes.Unit.UnitTestAdapter" className="d:\v2.0\a1\_work\dbded102\vso\tfs\service\webaccess\releasepipeline\testscripts\tests\tests.releasemanagement.artifacts.objectviewmodel.validators" name="ValidatorTests Number validator tests 99" />
    </UnitTest>
    <UnitTest name="ValidatorTests Number validator tests 101" storage="d:\v2.0\a1\_work\dbded102\vso\tfs\service\webaccess\releasepipeline\testscripts\tests\tests.releasemanagement.artifacts.objectviewmodel.validators.ts" id="2a62f256-7a99-49ec-a26e-5a3bca310b97">
      <Execution id="3839eb41-312d-40d6-96d7-dd2d60440bc6" />
      <TestMethod codeBase="d:\v2.0\a1\_work\dbded102\vso\tfs\service\webaccess\releasepipeline\testscripts\tests\tests.releasemanagement.artifacts.objectviewmodel.validators.ts" adapterTypeName="Microsoft.VisualStudio.TestTools.TestTypes.Unit.UnitTestAdapter" className="d:\v2.0\a1\_work\dbded102\vso\tfs\service\webaccess\releasepipeline\testscripts\tests\tests.releasemanagement.artifacts.objectviewmodel.validators" name="ValidatorTests Number validator tests 101" />
    </UnitTest>
    <UnitTest name="ValidatorTests Number validator tests 50" storage="d:\v2.0\a1\_work\dbded102\vso\tfs\service\webaccess\releasepipeline\testscripts\tests\tests.releasemanagement.artifacts.objectviewmodel.validators.ts" id="99770ee5-08a4-43a8-914b-a8a0a4390a43">
      <Execution id="b53b1079-aef4-48bd-a3bb-051cfb883500" />
      <TestMethod codeBase="d:\v2.0\a1\_work\dbded102\vso\tfs\service\webaccess\releasepipeline\testscripts\tests\tests.releasemanagement.artifacts.objectviewmodel.validators.ts" adapterTypeName="Microsoft.VisualStudio.TestTools.TestTypes.Unit.UnitTestAdapter" className="d:\v2.0\a1\_work\dbded102\vso\tfs\service\webaccess\releasepipeline\testscripts\tests\tests.releasemanagement.artifacts.objectviewmodel.validators" name="ValidatorTests Number validator tests 50" />
    </UnitTest>
    <UnitTest name="ValidatorTests Number validator tests 0.1" storage="d:\v2.0\a1\_work\dbded102\vso\tfs\service\webaccess\releasepipeline\testscripts\tests\tests.releasemanagement.artifacts.objectviewmodel.validators.ts" id="3b607fc0-80af-4cc8-b5d9-1682103dc808">
      <Execution id="97a0094d-95b2-4baf-bdf6-2eff8ec10343" />
      <TestMethod codeBase="d:\v2.0\a1\_work\dbded102\vso\tfs\service\webaccess\releasepipeline\testscripts\tests\tests.releasemanagement.artifacts.objectviewmodel.validators.ts" adapterTypeName="Microsoft.VisualStudio.TestTools.TestTypes.Unit.UnitTestAdapter" className="d:\v2.0\a1\_work\dbded102\vso\tfs\service\webaccess\releasepipeline\testscripts\tests\tests.releasemanagement.artifacts.objectviewmodel.validators.ts::validatortests::number validator tests 0" name="ValidatorTests Number validator tests 0.1" />
    </UnitTest>
    <UnitTest name="ValidatorTests Number validator tests 100.1" storage="d:\v2.0\a1\_work\dbded102\vso\tfs\service\webaccess\releasepipeline\testscripts\tests\tests.releasemanagement.artifacts.objectviewmodel.validators.ts" id="4ebfd1e5-4b3f-43b5-b8a4-a852790b5db5">
      <Execution id="c8c29b95-26bf-4e8c-b319-ef9d7c950033" />
      <TestMethod codeBase="d:\v2.0\a1\_work\dbded102\vso\tfs\service\webaccess\releasepipeline\testscripts\tests\tests.releasemanagement.artifacts.objectviewmodel.validators.ts" adapterTypeName="Microsoft.VisualStudio.TestTools.TestTypes.Unit.UnitTestAdapter" className="d:\v2.0\a1\_work\dbded102\vso\tfs\service\webaccess\releasepipeline\testscripts\tests\tests.releasemanagement.artifacts.objectviewmodel.validators.ts::validatortests::number validator tests 100" name="ValidatorTests Number validator tests 100.1" />
    </UnitTest>
    <UnitTest name="ValidatorTests Number validator tests 99.9999" storage="d:\v2.0\a1\_work\dbded102\vso\tfs\service\webaccess\releasepipeline\testscripts\tests\tests.releasemanagement.artifacts.objectviewmodel.validators.ts" id="93d461f7-658a-4766-9fc6-91fb30ab0e02">
      <Execution id="fd6c59e3-22e0-4533-9157-991718dca9e7" />
      <TestMethod codeBase="d:\v2.0\a1\_work\dbded102\vso\tfs\service\webaccess\releasepipeline\testscripts\tests\tests.releasemanagement.artifacts.objectviewmodel.validators.ts" adapterTypeName="Microsoft.VisualStudio.TestTools.TestTypes.Unit.UnitTestAdapter" className="d:\v2.0\a1\_work\dbded102\vso\tfs\service\webaccess\releasepipeline\testscripts\tests\tests.releasemanagement.artifacts.objectviewmodel.validators.ts::validatortests::number validator tests 99" name="ValidatorTests Number validator tests 99.9999" />
    </UnitTest>
    <UnitTest name="ValidatorTests Number validator tests randomString" storage="d:\v2.0\a1\_work\dbded102\vso\tfs\service\webaccess\releasepipeline\testscripts\tests\tests.releasemanagement.artifacts.objectviewmodel.validators.ts" id="98a30e09-be34-44ec-80b2-ffb9665e5bd3">
      <Execution id="55bf19a6-acc3-4199-b347-d60f347acce9" />
      <TestMethod codeBase="d:\v2.0\a1\_work\dbded102\vso\tfs\service\webaccess\releasepipeline\testscripts\tests\tests.releasemanagement.artifacts.objectviewmodel.validators.ts" adapterTypeName="Microsoft.VisualStudio.TestTools.TestTypes.Unit.UnitTestAdapter" className="d:\v2.0\a1\_work\dbded102\vso\tfs\service\webaccess\releasepipeline\testscripts\tests\tests.releasemanagement.artifacts.objectviewmodel.validators" name="ValidatorTests Number validator tests randomString" />
    </UnitTest>
    <UnitTest name="ValidatorTests Number validator tests " storage="d:\v2.0\a1\_work\dbded102\vso\tfs\service\webaccess\releasepipeline\testscripts\tests\tests.releasemanagement.artifacts.objectviewmodel.validators.ts" id="925554fc-aafc-413c-aa13-c518ddd1f06c">
      <Execution id="cc52ce4e-a916-442d-9662-44d40b7d9236" />
      <TestMethod codeBase="d:\v2.0\a1\_work\dbded102\vso\tfs\service\webaccess\releasepipeline\testscripts\tests\tests.releasemanagement.artifacts.objectviewmodel.validators.ts" adapterTypeName="Microsoft.VisualStudio.TestTools.TestTypes.Unit.UnitTestAdapter" className="d:\v2.0\a1\_work\dbded102\vso\tfs\service\webaccess\releasepipeline\testscripts\tests\tests.releasemanagement.artifacts.objectviewmodel.validators" name="ValidatorTests Number validator tests " />
    </UnitTest>
    <UnitTest name="ValidatorTests Number validator tests true" storage="d:\v2.0\a1\_work\dbded102\vso\tfs\service\webaccess\releasepipeline\testscripts\tests\tests.releasemanagement.artifacts.objectviewmodel.validators.ts" id="9b03e24c-7068-4a7d-88e7-8a71cbb135c2">
      <Execution id="6e50b8cc-013a-4c23-bfe1-452a7c9be1e9" />
      <TestMethod codeBase="d:\v2.0\a1\_work\dbded102\vso\tfs\service\webaccess\releasepipeline\testscripts\tests\tests.releasemanagement.artifacts.objectviewmodel.validators.ts" adapterTypeName="Microsoft.VisualStudio.TestTools.TestTypes.Unit.UnitTestAdapter" className="d:\v2.0\a1\_work\dbded102\vso\tfs\service\webaccess\releasepipeline\testscripts\tests\tests.releasemanagement.artifacts.objectviewmodel.validators" name="ValidatorTests Number validator tests true" />
    </UnitTest>
    <UnitTest name="ValidatorTests Number validation default values test" storage="d:\v2.0\a1\_work\dbded102\vso\tfs\service\webaccess\releasepipeline\testscripts\tests\tests.releasemanagement.artifacts.objectviewmodel.validators.ts" id="addc503c-3bab-466c-98c7-1d9bf385534c">
      <Execution id="11ef0fcc-9267-4793-9aef-9b8fe411f765" />
      <TestMethod codeBase="d:\v2.0\a1\_work\dbded102\vso\tfs\service\webaccess\releasepipeline\testscripts\tests\tests.releasemanagement.artifacts.objectviewmodel.validators.ts" adapterTypeName="Microsoft.VisualStudio.TestTools.TestTypes.Unit.UnitTestAdapter" className="d:\v2.0\a1\_work\dbded102\vso\tfs\service\webaccess\releasepipeline\testscripts\tests\tests.releasemanagement.artifacts.objectviewmodel.validators" name="ValidatorTests Number validation default values test" />
    </UnitTest>
    <UnitTest name="ValidatorTests Guid validator tests FABB0507-D733-493A-9962-A701FB6CA869" storage="d:\v2.0\a1\_work\dbded102\vso\tfs\service\webaccess\releasepipeline\testscripts\tests\tests.releasemanagement.artifacts.objectviewmodel.validators.ts" id="adcac620-a23f-4342-9f96-1257152078f4">
      <Execution id="eca30175-f931-48db-9f8f-f2499ddf62bd" />
      <TestMethod codeBase="d:\v2.0\a1\_work\dbded102\vso\tfs\service\webaccess\releasepipeline\testscripts\tests\tests.releasemanagement.artifacts.objectviewmodel.validators.ts" adapterTypeName="Microsoft.VisualStudio.TestTools.TestTypes.Unit.UnitTestAdapter" className="d:\v2.0\a1\_work\dbded102\vso\tfs\service\webaccess\releasepipeline\testscripts\tests\tests.releasemanagement.artifacts.objectviewmodel.validators" name="ValidatorTests Guid validator tests FABB0507-D733-493A-9962-A701FB6CA869" />
    </UnitTest>
    <UnitTest name="ValidatorTests Guid validator tests {FABB0507-D733-493A-9962-A701FB6CA869}" storage="d:\v2.0\a1\_work\dbded102\vso\tfs\service\webaccess\releasepipeline\testscripts\tests\tests.releasemanagement.artifacts.objectviewmodel.validators.ts" id="75d2cfd7-583e-4927-aca4-e2b80d5562ec">
      <Execution id="8b39de55-ed2e-4d30-b02e-90de5205ee28" />
      <TestMethod codeBase="d:\v2.0\a1\_work\dbded102\vso\tfs\service\webaccess\releasepipeline\testscripts\tests\tests.releasemanagement.artifacts.objectviewmodel.validators.ts" adapterTypeName="Microsoft.VisualStudio.TestTools.TestTypes.Unit.UnitTestAdapter" className="d:\v2.0\a1\_work\dbded102\vso\tfs\service\webaccess\releasepipeline\testscripts\tests\tests.releasemanagement.artifacts.objectviewmodel.validators" name="ValidatorTests Guid validator tests {FABB0507-D733-493A-9962-A701FB6CA869}" />
    </UnitTest>
    <UnitTest name="ValidatorTests Guid validator tests " storage="d:\v2.0\a1\_work\dbded102\vso\tfs\service\webaccess\releasepipeline\testscripts\tests\tests.releasemanagement.artifacts.objectviewmodel.validators.ts" id="8a40e595-3c2a-4c43-b361-ce9b8ee895f4">
      <Execution id="1867f512-a597-4607-b985-e8077b7c7633" />
      <TestMethod codeBase="d:\v2.0\a1\_work\dbded102\vso\tfs\service\webaccess\releasepipeline\testscripts\tests\tests.releasemanagement.artifacts.objectviewmodel.validators.ts" adapterTypeName="Microsoft.VisualStudio.TestTools.TestTypes.Unit.UnitTestAdapter" className="d:\v2.0\a1\_work\dbded102\vso\tfs\service\webaccess\releasepipeline\testscripts\tests\tests.releasemanagement.artifacts.objectviewmodel.validators" name="ValidatorTests Guid validator tests " />
    </UnitTest>
    <UnitTest name="ValidatorTests Guid validator tests FABB0507" storage="d:\v2.0\a1\_work\dbded102\vso\tfs\service\webaccess\releasepipeline\testscripts\tests\tests.releasemanagement.artifacts.objectviewmodel.validators.ts" id="e0c63b00-3ce1-4f0f-9824-f18ebf03e838">
      <Execution id="f56d07e3-325a-4f51-a09c-f79584833a8e" />
      <TestMethod codeBase="d:\v2.0\a1\_work\dbded102\vso\tfs\service\webaccess\releasepipeline\testscripts\tests\tests.releasemanagement.artifacts.objectviewmodel.validators.ts" adapterTypeName="Microsoft.VisualStudio.TestTools.TestTypes.Unit.UnitTestAdapter" className="d:\v2.0\a1\_work\dbded102\vso\tfs\service\webaccess\releasepipeline\testscripts\tests\tests.releasemanagement.artifacts.objectviewmodel.validators" name="ValidatorTests Guid validator tests FABB0507" />
    </UnitTest>
    <UnitTest name="ValidatorTests Guid validator tests FABB0507-D733-493A-9962-A701FB6CA86X" storage="d:\v2.0\a1\_work\dbded102\vso\tfs\service\webaccess\releasepipeline\testscripts\tests\tests.releasemanagement.artifacts.objectviewmodel.validators.ts" id="ae589528-f4a7-4e6c-8ba2-5456c829c6da">
      <Execution id="9fba4d24-8145-457b-8af2-77dc3adce8da" />
      <TestMethod codeBase="d:\v2.0\a1\_work\dbded102\vso\tfs\service\webaccess\releasepipeline\testscripts\tests\tests.releasemanagement.artifacts.objectviewmodel.validators.ts" adapterTypeName="Microsoft.VisualStudio.TestTools.TestTypes.Unit.UnitTestAdapter" className="d:\v2.0\a1\_work\dbded102\vso\tfs\service\webaccess\releasepipeline\testscripts\tests\tests.releasemanagement.artifacts.objectviewmodel.validators" name="ValidatorTests Guid validator tests FABB0507-D733-493A-9962-A701FB6CA86X" />
    </UnitTest>
    <UnitTest name="ValidatorTests Guid validator tests FABB0507D733493A9962A701FB6CA869" storage="d:\v2.0\a1\_work\dbded102\vso\tfs\service\webaccess\releasepipeline\testscripts\tests\tests.releasemanagement.artifacts.objectviewmodel.validators.ts" id="d7253f8f-661e-4961-9e83-2e1f433eac5e">
      <Execution id="78084b49-91a4-48f9-b575-1a500d645aee" />
      <TestMethod codeBase="d:\v2.0\a1\_work\dbded102\vso\tfs\service\webaccess\releasepipeline\testscripts\tests\tests.releasemanagement.artifacts.objectviewmodel.validators.ts" adapterTypeName="Microsoft.VisualStudio.TestTools.TestTypes.Unit.UnitTestAdapter" className="d:\v2.0\a1\_work\dbded102\vso\tfs\service\webaccess\releasepipeline\testscripts\tests\tests.releasemanagement.artifacts.objectviewmodel.validators" name="ValidatorTests Guid validator tests FABB0507D733493A9962A701FB6CA869" />
    </UnitTest>
    <UnitTest name="ValidatorTests Url validator tests http://www.bing.com" storage="d:\v2.0\a1\_work\dbded102\vso\tfs\service\webaccess\releasepipeline\testscripts\tests\tests.releasemanagement.artifacts.objectviewmodel.validators.ts" id="6a810e7b-0bb2-4f31-a47b-7fe3872422b5">
      <Execution id="18a1dfe5-16db-49bc-8783-7170ada19fe5" />
      <TestMethod codeBase="d:\v2.0\a1\_work\dbded102\vso\tfs\service\webaccess\releasepipeline\testscripts\tests\tests.releasemanagement.artifacts.objectviewmodel.validators.ts" adapterTypeName="Microsoft.VisualStudio.TestTools.TestTypes.Unit.UnitTestAdapter" className="d:\v2.0\a1\_work\dbded102\vso\tfs\service\webaccess\releasepipeline\testscripts\tests\tests.releasemanagement.artifacts.objectviewmodel.validators.ts::validatortests::url validator tests http://www.bing" name="ValidatorTests Url validator tests http://www.bing.com" />
    </UnitTest>
    <UnitTest name="ValidatorTests Url validator tests http://bing.com" storage="d:\v2.0\a1\_work\dbded102\vso\tfs\service\webaccess\releasepipeline\testscripts\tests\tests.releasemanagement.artifacts.objectviewmodel.validators.ts" id="a5ab6d98-a0d2-4047-b71c-7b9ce6e91353">
      <Execution id="6e8c2a1b-7430-4367-a214-0ac829a78710" />
      <TestMethod codeBase="d:\v2.0\a1\_work\dbded102\vso\tfs\service\webaccess\releasepipeline\testscripts\tests\tests.releasemanagement.artifacts.objectviewmodel.validators.ts" adapterTypeName="Microsoft.VisualStudio.TestTools.TestTypes.Unit.UnitTestAdapter" className="d:\v2.0\a1\_work\dbded102\vso\tfs\service\webaccess\releasepipeline\testscripts\tests\tests.releasemanagement.artifacts.objectviewmodel.validators.ts::validatortests::url validator tests http://bing" name="ValidatorTests Url validator tests http://bing.com" />
    </UnitTest>
    <UnitTest name="ValidatorTests Url validator tests https://bing.com" storage="d:\v2.0\a1\_work\dbded102\vso\tfs\service\webaccess\releasepipeline\testscripts\tests\tests.releasemanagement.artifacts.objectviewmodel.validators.ts" id="56524601-1f69-4e6e-b885-105070522ce1">
      <Execution id="175e8241-900c-4f64-a32e-2c42e8e9ea2b" />
      <TestMethod codeBase="d:\v2.0\a1\_work\dbded102\vso\tfs\service\webaccess\releasepipeline\testscripts\tests\tests.releasemanagement.artifacts.objectviewmodel.validators.ts" adapterTypeName="Microsoft.VisualStudio.TestTools.TestTypes.Unit.UnitTestAdapter" className="d:\v2.0\a1\_work\dbded102\vso\tfs\service\webaccess\releasepipeline\testscripts\tests\tests.releasemanagement.artifacts.objectviewmodel.validators.ts::validatortests::url validator tests https://bing" name="ValidatorTests Url validator tests https://bing.com" />
    </UnitTest>
    <UnitTest name="ValidatorTests Url validator tests www.bing.com" storage="d:\v2.0\a1\_work\dbded102\vso\tfs\service\webaccess\releasepipeline\testscripts\tests\tests.releasemanagement.artifacts.objectviewmodel.validators.ts" id="632d2fa6-e95e-4ff7-b4cf-b948c1e0aacf">
      <Execution id="1b89abe8-8265-4ec3-a2fc-5d385d66efa4" />
      <TestMethod codeBase="d:\v2.0\a1\_work\dbded102\vso\tfs\service\webaccess\releasepipeline\testscripts\tests\tests.releasemanagement.artifacts.objectviewmodel.validators.ts" adapterTypeName="Microsoft.VisualStudio.TestTools.TestTypes.Unit.UnitTestAdapter" className="d:\v2.0\a1\_work\dbded102\vso\tfs\service\webaccess\releasepipeline\testscripts\tests\tests.releasemanagement.artifacts.objectviewmodel.validators.ts::validatortests::url validator tests www.bing" name="ValidatorTests Url validator tests www.bing.com" />
    </UnitTest>
    <UnitTest name="ValidatorTests Url validator tests " storage="d:\v2.0\a1\_work\dbded102\vso\tfs\service\webaccess\releasepipeline\testscripts\tests\tests.releasemanagement.artifacts.objectviewmodel.validators.ts" id="a4065282-df11-4763-8532-285b55f193c8">
      <Execution id="e199983f-5bfb-43f5-98d2-e7152a949aaf" />
      <TestMethod codeBase="d:\v2.0\a1\_work\dbded102\vso\tfs\service\webaccess\releasepipeline\testscripts\tests\tests.releasemanagement.artifacts.objectviewmodel.validators.ts" adapterTypeName="Microsoft.VisualStudio.TestTools.TestTypes.Unit.UnitTestAdapter" className="d:\v2.0\a1\_work\dbded102\vso\tfs\service\webaccess\releasepipeline\testscripts\tests\tests.releasemanagement.artifacts.objectviewmodel.validators" name="ValidatorTests Url validator tests " />
    </UnitTest>
    <UnitTest name="ValidatorTests Url validator tests bing.com" storage="d:\v2.0\a1\_work\dbded102\vso\tfs\service\webaccess\releasepipeline\testscripts\tests\tests.releasemanagement.artifacts.objectviewmodel.validators.ts" id="f5fc6167-00f4-4d5f-ae25-86cbf4d5a012">
      <Execution id="9a9fc4b6-715a-43a3-9d88-601dbb668708" />
      <TestMethod codeBase="d:\v2.0\a1\_work\dbded102\vso\tfs\service\webaccess\releasepipeline\testscripts\tests\tests.releasemanagement.artifacts.objectviewmodel.validators.ts" adapterTypeName="Microsoft.VisualStudio.TestTools.TestTypes.Unit.UnitTestAdapter" className="d:\v2.0\a1\_work\dbded102\vso\tfs\service\webaccess\releasepipeline\testscripts\tests\tests.releasemanagement.artifacts.objectviewmodel.validators.ts::validatortests::url validator tests bing" name="ValidatorTests Url validator tests bing.com" />
    </UnitTest>
    <UnitTest name="TabSelectionNotifierTests Selecting a tab should trigger select tab event on registered tab contents" storage="d:\v2.0\a1\_work\dbded102\vso\tfs\service\webaccess\releasepipeline\testscripts\tests\tests.releasemanagement.context.tabselectionnotifier.ts" id="baa4c22c-db82-4821-85eb-ba6584939f9c">
      <Execution id="ebd12fb8-3f14-4981-84f3-07b4fe68acb6" />
      <TestMethod codeBase="d:\v2.0\a1\_work\dbded102\vso\tfs\service\webaccess\releasepipeline\testscripts\tests\tests.releasemanagement.context.tabselectionnotifier.ts" adapterTypeName="Microsoft.VisualStudio.TestTools.TestTypes.Unit.UnitTestAdapter" className="d:\v2.0\a1\_work\dbded102\vso\tfs\service\webaccess\releasepipeline\testscripts\tests\tests.releasemanagement.context.tabselectionnotifier" name="TabSelectionNotifierTests Selecting a tab should trigger select tab event on registered tab contents" />
    </UnitTest>
    <UnitTest name="TabSelectionNotifierTests Selecting a an unregistered tab should not raise tab selection event" storage="d:\v2.0\a1\_work\dbded102\vso\tfs\service\webaccess\releasepipeline\testscripts\tests\tests.releasemanagement.context.tabselectionnotifier.ts" id="575a649b-81fb-4274-ac09-b954963e8695">
      <Execution id="a12c7266-62fc-43c7-8ff6-036e0ee34a35" />
      <TestMethod codeBase="d:\v2.0\a1\_work\dbded102\vso\tfs\service\webaccess\releasepipeline\testscripts\tests\tests.releasemanagement.context.tabselectionnotifier.ts" adapterTypeName="Microsoft.VisualStudio.TestTools.TestTypes.Unit.UnitTestAdapter" className="d:\v2.0\a1\_work\dbded102\vso\tfs\service\webaccess\releasepipeline\testscripts\tests\tests.releasemanagement.context.tabselectionnotifier" name="TabSelectionNotifierTests Selecting a an unregistered tab should not raise tab selection event" />
    </UnitTest>
    <UnitTest name="AccessibilityHelperTests Onkeydown should trigger click event when enter key is pressed" storage="d:\v2.0\a1\_work\dbded102\vso\tfs\service\webaccess\releasepipeline\testscripts\tests\tests.releasemanagement.controls.accessibilityhelpertests.ts" id="e3d5de10-10e6-406a-8291-337d06781154">
      <Execution id="2b6d26cb-b43d-44c0-9dce-6d89d7985d83" />
      <TestMethod codeBase="d:\v2.0\a1\_work\dbded102\vso\tfs\service\webaccess\releasepipeline\testscripts\tests\tests.releasemanagement.controls.accessibilityhelpertests.ts" adapterTypeName="Microsoft.VisualStudio.TestTools.TestTypes.Unit.UnitTestAdapter" className="d:\v2.0\a1\_work\dbded102\vso\tfs\service\webaccess\releasepipeline\testscripts\tests\tests.releasemanagement.controls.accessibilityhelpertests" name="AccessibilityHelperTests Onkeydown should trigger click event when enter key is pressed" />
    </UnitTest>
    <UnitTest name="AccessibilityHelperTests Onkeydown should not trigger click event when any key other than enter is pressed" storage="d:\v2.0\a1\_work\dbded102\vso\tfs\service\webaccess\releasepipeline\testscripts\tests\tests.releasemanagement.controls.accessibilityhelpertests.ts" id="048ff665-ac31-401a-a53e-d1d39688533b">
      <Execution id="5ee38463-104c-495a-8b54-58b3abc42daf" />
      <TestMethod codeBase="d:\v2.0\a1\_work\dbded102\vso\tfs\service\webaccess\releasepipeline\testscripts\tests\tests.releasemanagement.controls.accessibilityhelpertests.ts" adapterTypeName="Microsoft.VisualStudio.TestTools.TestTypes.Unit.UnitTestAdapter" className="d:\v2.0\a1\_work\dbded102\vso\tfs\service\webaccess\releasepipeline\testscripts\tests\tests.releasemanagement.controls.accessibilityhelpertests" name="AccessibilityHelperTests Onkeydown should not trigger click event when any key other than enter is pressed" />
    </UnitTest>
    <UnitTest name="AccessibilityHelperTests Onkeydown should not trigger click event when enter + shift key is pressed" storage="d:\v2.0\a1\_work\dbded102\vso\tfs\service\webaccess\releasepipeline\testscripts\tests\tests.releasemanagement.controls.accessibilityhelpertests.ts" id="684db9ed-3119-47c8-bcb8-8e13ecf3c6ed">
      <Execution id="64503af4-c48c-47c7-b1c9-5561ef4cd130" />
      <TestMethod codeBase="d:\v2.0\a1\_work\dbded102\vso\tfs\service\webaccess\releasepipeline\testscripts\tests\tests.releasemanagement.controls.accessibilityhelpertests.ts" adapterTypeName="Microsoft.VisualStudio.TestTools.TestTypes.Unit.UnitTestAdapter" className="d:\v2.0\a1\_work\dbded102\vso\tfs\service\webaccess\releasepipeline\testscripts\tests\tests.releasemanagement.controls.accessibilityhelpertests" name="AccessibilityHelperTests Onkeydown should not trigger click event when enter + shift key is pressed" />
    </UnitTest>
    <UnitTest name="ReleaseTests Release should be an instance of ReleaseManagementModelBase" storage="d:\v2.0\a1\_work\dbded102\vso\tfs\service\webaccess\releasepipeline\testscripts\tests\tests.releasemanagement.explorer.release.ts" id="4dc2f270-0eba-46b2-bb59-1611042e7a9a">
      <Execution id="6e5e3148-ef77-4201-a199-1903a8ee787a" />
      <TestMethod codeBase="d:\v2.0\a1\_work\dbded102\vso\tfs\service\webaccess\releasepipeline\testscripts\tests\tests.releasemanagement.explorer.release.ts" adapterTypeName="Microsoft.VisualStudio.TestTools.TestTypes.Unit.UnitTestAdapter" className="d:\v2.0\a1\_work\dbded102\vso\tfs\service\webaccess\releasepipeline\testscripts\tests\tests.releasemanagement.explorer.release" name="ReleaseTests Release should be an instance of ReleaseManagementModelBase" />
    </UnitTest>
    <UnitTest name="ReleaseTests create should return an instance of release object" storage="d:\v2.0\a1\_work\dbded102\vso\tfs\service\webaccess\releasepipeline\testscripts\tests\tests.releasemanagement.explorer.release.ts" id="4e9674f1-ca6a-4497-9489-d4c127371e92">
      <Execution id="a491487b-676c-4355-8713-192d2bf8160e" />
      <TestMethod codeBase="d:\v2.0\a1\_work\dbded102\vso\tfs\service\webaccess\releasepipeline\testscripts\tests\tests.releasemanagement.explorer.release.ts" adapterTypeName="Microsoft.VisualStudio.TestTools.TestTypes.Unit.UnitTestAdapter" className="d:\v2.0\a1\_work\dbded102\vso\tfs\service\webaccess\releasepipeline\testscripts\tests\tests.releasemanagement.explorer.release" name="ReleaseTests create should return an instance of release object" />
    </UnitTest>
    <UnitTest name="ReleaseTests Starting a release should start a release" storage="d:\v2.0\a1\_work\dbded102\vso\tfs\service\webaccess\releasepipeline\testscripts\tests\tests.releasemanagement.explorer.release.ts" id="0bb9a108-8ef6-4096-ac86-06b0a571ee9d">
      <Execution id="141d3385-83a2-4a79-9ada-69fe8e4c54aa" />
      <TestMethod codeBase="d:\v2.0\a1\_work\dbded102\vso\tfs\service\webaccess\releasepipeline\testscripts\tests\tests.releasemanagement.explorer.release.ts" adapterTypeName="Microsoft.VisualStudio.TestTools.TestTypes.Unit.UnitTestAdapter" className="d:\v2.0\a1\_work\dbded102\vso\tfs\service\webaccess\releasepipeline\testscripts\tests\tests.releasemanagement.explorer.release" name="ReleaseTests Starting a release should start a release" />
    </UnitTest>
    <UnitTest name="ReleaseTests Stopping a release should stop a release" storage="d:\v2.0\a1\_work\dbded102\vso\tfs\service\webaccess\releasepipeline\testscripts\tests\tests.releasemanagement.explorer.release.ts" id="c4ce391b-e801-4384-a654-59ce3a870543">
      <Execution id="78192964-e007-4daa-879c-ffe6258a0f77" />
      <TestMethod codeBase="d:\v2.0\a1\_work\dbded102\vso\tfs\service\webaccess\releasepipeline\testscripts\tests\tests.releasemanagement.explorer.release.ts" adapterTypeName="Microsoft.VisualStudio.TestTools.TestTypes.Unit.UnitTestAdapter" className="d:\v2.0\a1\_work\dbded102\vso\tfs\service\webaccess\releasepipeline\testscripts\tests\tests.releasemanagement.explorer.release" name="ReleaseTests Stopping a release should stop a release" />
    </UnitTest>
    <UnitTest name="ReleaseTests Cancelling a release should cancel a release" storage="d:\v2.0\a1\_work\dbded102\vso\tfs\service\webaccess\releasepipeline\testscripts\tests\tests.releasemanagement.explorer.release.ts" id="4d47e66d-a80e-4a1f-83c6-ddff6d16eeba">
      <Execution id="c5b1f472-0a17-4668-910c-03c8ab0aac73" />
      <TestMethod codeBase="d:\v2.0\a1\_work\dbded102\vso\tfs\service\webaccess\releasepipeline\testscripts\tests\tests.releasemanagement.explorer.release.ts" adapterTypeName="Microsoft.VisualStudio.TestTools.TestTypes.Unit.UnitTestAdapter" className="d:\v2.0\a1\_work\dbded102\vso\tfs\service\webaccess\releasepipeline\testscripts\tests\tests.releasemanagement.explorer.release" name="ReleaseTests Cancelling a release should cancel a release" />
    </UnitTest>
    <UnitTest name="ReleaseTests Retry a release should start a release" storage="d:\v2.0\a1\_work\dbded102\vso\tfs\service\webaccess\releasepipeline\testscripts\tests\tests.releasemanagement.explorer.release.ts" id="a927aff6-fb60-4384-bb1f-cf7bf768cf6a">
      <Execution id="deb5405a-c172-428c-b474-6687c064476d" />
      <TestMethod codeBase="d:\v2.0\a1\_work\dbded102\vso\tfs\service\webaccess\releasepipeline\testscripts\tests\tests.releasemanagement.explorer.release.ts" adapterTypeName="Microsoft.VisualStudio.TestTools.TestTypes.Unit.UnitTestAdapter" className="d:\v2.0\a1\_work\dbded102\vso\tfs\service\webaccess\releasepipeline\testscripts\tests\tests.releasemanagement.explorer.release" name="ReleaseTests Retry a release should start a release" />
    </UnitTest>
    <UnitTest name="ReleaseTests Abandoning a release should abandon a release" storage="d:\v2.0\a1\_work\dbded102\vso\tfs\service\webaccess\releasepipeline\testscripts\tests\tests.releasemanagement.explorer.release.ts" id="d8fb0e30-d700-4c57-9f80-e93409bfe29a">
      <Execution id="1b63ed0d-8da1-489e-a34a-87cdd51baa7b" />
      <TestMethod codeBase="d:\v2.0\a1\_work\dbded102\vso\tfs\service\webaccess\releasepipeline\testscripts\tests\tests.releasemanagement.explorer.release.ts" adapterTypeName="Microsoft.VisualStudio.TestTools.TestTypes.Unit.UnitTestAdapter" className="d:\v2.0\a1\_work\dbded102\vso\tfs\service\webaccess\releasepipeline\testscripts\tests\tests.releasemanagement.explorer.release" name="ReleaseTests Abandoning a release should abandon a release" />
    </UnitTest>
    <UnitTest name="ReleaseTests Tasks are to be in sorted order in environments" storage="d:\v2.0\a1\_work\dbded102\vso\tfs\service\webaccess\releasepipeline\testscripts\tests\tests.releasemanagement.explorer.release.ts" id="661decd5-ff5f-4bee-9f11-596d8d943e54">
      <Execution id="8b758652-de25-4bad-8595-b72a913e62f9" />
      <TestMethod codeBase="d:\v2.0\a1\_work\dbded102\vso\tfs\service\webaccess\releasepipeline\testscripts\tests\tests.releasemanagement.explorer.release.ts" adapterTypeName="Microsoft.VisualStudio.TestTools.TestTypes.Unit.UnitTestAdapter" className="d:\v2.0\a1\_work\dbded102\vso\tfs\service\webaccess\releasepipeline\testscripts\tests\tests.releasemanagement.explorer.release" name="ReleaseTests Tasks are to be in sorted order in environments" />
    </UnitTest>
    <UnitTest name="ReleaseTests Error callback should be called if there is an error" storage="d:\v2.0\a1\_work\dbded102\vso\tfs\service\webaccess\releasepipeline\testscripts\tests\tests.releasemanagement.explorer.release.ts" id="7d108878-4e62-49ca-86bb-e780ee1cb07a">
      <Execution id="b28da294-fb03-4349-92ab-f26667e77429" />
      <TestMethod codeBase="d:\v2.0\a1\_work\dbded102\vso\tfs\service\webaccess\releasepipeline\testscripts\tests\tests.releasemanagement.explorer.release.ts" adapterTypeName="Microsoft.VisualStudio.TestTools.TestTypes.Unit.UnitTestAdapter" className="d:\v2.0\a1\_work\dbded102\vso\tfs\service\webaccess\releasepipeline\testscripts\tests\tests.releasemanagement.explorer.release" name="ReleaseTests Error callback should be called if there is an error" />
    </UnitTest>
    <UnitTest name="ReleaseTests GetRelease should call beginGetReleaseApprovals when release state is InProgress" storage="d:\v2.0\a1\_work\dbded102\vso\tfs\service\webaccess\releasepipeline\testscripts\tests\tests.releasemanagement.explorer.release.ts" id="0d9ec779-435f-4e85-8abc-d0d63876f172">
      <Execution id="54cb34d3-32c6-4e21-88c0-9411c297f8e1" />
      <TestMethod codeBase="d:\v2.0\a1\_work\dbded102\vso\tfs\service\webaccess\releasepipeline\testscripts\tests\tests.releasemanagement.explorer.release.ts" adapterTypeName="Microsoft.VisualStudio.TestTools.TestTypes.Unit.UnitTestAdapter" className="d:\v2.0\a1\_work\dbded102\vso\tfs\service\webaccess\releasepipeline\testscripts\tests\tests.releasemanagement.explorer.release" name="ReleaseTests GetRelease should call beginGetReleaseApprovals when release state is InProgress" />
    </UnitTest>
    <UnitTest name="ReleaseTests GetRelease should not call beginGetReleaseApprovals when release state is Released" storage="d:\v2.0\a1\_work\dbded102\vso\tfs\service\webaccess\releasepipeline\testscripts\tests\tests.releasemanagement.explorer.release.ts" id="ea888545-c68b-4ad9-b59a-43f6f57111eb">
      <Execution id="333b9238-7c4a-4001-ac3f-9becd1facd7b" />
      <TestMethod codeBase="d:\v2.0\a1\_work\dbded102\vso\tfs\service\webaccess\releasepipeline\testscripts\tests\tests.releasemanagement.explorer.release.ts" adapterTypeName="Microsoft.VisualStudio.TestTools.TestTypes.Unit.UnitTestAdapter" className="d:\v2.0\a1\_work\dbded102\vso\tfs\service\webaccess\releasepipeline\testscripts\tests\tests.releasemanagement.explorer.release" name="ReleaseTests GetRelease should not call beginGetReleaseApprovals when release state is Released" />
    </UnitTest>
    <UnitTest name="ReleaseDefinitionModelTests ReleaseDefinitionsModel should be an instance of ReleaseManagementModelBase" storage="d:\v2.0\a1\_work\dbded102\vso\tfs\service\webaccess\releasepipeline\testscripts\tests\tests.releasemanagement.explorer.releasedefinitionmodel.ts" id="2790a02e-9d24-497a-956c-b28b29a87223">
      <Execution id="d45809ca-5e32-49bb-9c93-9da8bba779fa" />
      <TestMethod codeBase="d:\v2.0\a1\_work\dbded102\vso\tfs\service\webaccess\releasepipeline\testscripts\tests\tests.releasemanagement.explorer.releasedefinitionmodel.ts" adapterTypeName="Microsoft.VisualStudio.TestTools.TestTypes.Unit.UnitTestAdapter" className="d:\v2.0\a1\_work\dbded102\vso\tfs\service\webaccess\releasepipeline\testscripts\tests\tests.releasemanagement.explorer.releasedefinitionmodel" name="ReleaseDefinitionModelTests ReleaseDefinitionsModel should be an instance of ReleaseManagementModelBase" />
    </UnitTest>
    <UnitTest name="ReleaseDefinitionModelTests beginGetAllReleaseDefinitions should return release definitions" storage="d:\v2.0\a1\_work\dbded102\vso\tfs\service\webaccess\releasepipeline\testscripts\tests\tests.releasemanagement.explorer.releasedefinitionmodel.ts" id="d1e0ee9a-b791-466a-9a9f-330b7dcd0d25">
      <Execution id="f45ae49a-9a33-4309-88c6-148df11f968f" />
      <TestMethod codeBase="d:\v2.0\a1\_work\dbded102\vso\tfs\service\webaccess\releasepipeline\testscripts\tests\tests.releasemanagement.explorer.releasedefinitionmodel.ts" adapterTypeName="Microsoft.VisualStudio.TestTools.TestTypes.Unit.UnitTestAdapter" className="d:\v2.0\a1\_work\dbded102\vso\tfs\service\webaccess\releasepipeline\testscripts\tests\tests.releasemanagement.explorer.releasedefinitionmodel" name="ReleaseDefinitionModelTests beginGetAllReleaseDefinitions should return release definitions" />
    </UnitTest>
    <UnitTest name="ReleasesModelTests ReleasesModel should be an instance of ReleaseManagementModelBase" storage="d:\v2.0\a1\_work\dbded102\vso\tfs\service\webaccess\releasepipeline\testscripts\tests\tests.releasemanagement.explorer.releasesmodel.ts" id="8ce15bda-7e38-43e5-ad81-7e744d3fcfab">
      <Execution id="0f02413e-cc82-404d-a099-73a5bd911db7" />
      <TestMethod codeBase="d:\v2.0\a1\_work\dbded102\vso\tfs\service\webaccess\releasepipeline\testscripts\tests\tests.releasemanagement.explorer.releasesmodel.ts" adapterTypeName="Microsoft.VisualStudio.TestTools.TestTypes.Unit.UnitTestAdapter" className="d:\v2.0\a1\_work\dbded102\vso\tfs\service\webaccess\releasepipeline\testscripts\tests\tests.releasemanagement.explorer.releasesmodel" name="ReleasesModelTests ReleasesModel should be an instance of ReleaseManagementModelBase" />
    </UnitTest>
    <UnitTest name="ReleasesModelTests beginGetAllReleases should return all releases" storage="d:\v2.0\a1\_work\dbded102\vso\tfs\service\webaccess\releasepipeline\testscripts\tests\tests.releasemanagement.explorer.releasesmodel.ts" id="879ba1fe-b2a1-48e2-bb2f-d2fa854f0653">
      <Execution id="5ed551af-a681-45e0-9702-8ffd7cf6d123" />
      <TestMethod codeBase="d:\v2.0\a1\_work\dbded102\vso\tfs\service\webaccess\releasepipeline\testscripts\tests\tests.releasemanagement.explorer.releasesmodel.ts" adapterTypeName="Microsoft.VisualStudio.TestTools.TestTypes.Unit.UnitTestAdapter" className="d:\v2.0\a1\_work\dbded102\vso\tfs\service\webaccess\releasepipeline\testscripts\tests\tests.releasemanagement.explorer.releasesmodel" name="ReleasesModelTests beginGetAllReleases should return all releases" />
    </UnitTest>
    <UnitTest name="ReleasesModelTests beginGetReleases should return releases for a release definition" storage="d:\v2.0\a1\_work\dbded102\vso\tfs\service\webaccess\releasepipeline\testscripts\tests\tests.releasemanagement.explorer.releasesmodel.ts" id="9e22a639-a4b0-41ce-a32e-ccf87a2806c9">
      <Execution id="66b87995-5c57-43e4-b423-0ab106b24b7c" />
      <TestMethod codeBase="d:\v2.0\a1\_work\dbded102\vso\tfs\service\webaccess\releasepipeline\testscripts\tests\tests.releasemanagement.explorer.releasesmodel.ts" adapterTypeName="Microsoft.VisualStudio.TestTools.TestTypes.Unit.UnitTestAdapter" className="d:\v2.0\a1\_work\dbded102\vso\tfs\service\webaccess\releasepipeline\testscripts\tests\tests.releasemanagement.explorer.releasesmodel" name="ReleasesModelTests beginGetReleases should return releases for a release definition" />
    </UnitTest>
    <UnitTest name="ReleasesModelTests beginGetReleases should return epmty array but a defined IReleasesResult object for a release definition with no releases" storage="d:\v2.0\a1\_work\dbded102\vso\tfs\service\webaccess\releasepipeline\testscripts\tests\tests.releasemanagement.explorer.releasesmodel.ts" id="0ae341a1-72ec-4f5a-b12a-a9e07ae2c8f8">
      <Execution id="fbb3be06-13ca-4dfd-b181-b2e7f46981ad" />
      <TestMethod codeBase="d:\v2.0\a1\_work\dbded102\vso\tfs\service\webaccess\releasepipeline\testscripts\tests\tests.releasemanagement.explorer.releasesmodel.ts" adapterTypeName="Microsoft.VisualStudio.TestTools.TestTypes.Unit.UnitTestAdapter" className="d:\v2.0\a1\_work\dbded102\vso\tfs\service\webaccess\releasepipeline\testscripts\tests\tests.releasemanagement.explorer.releasesmodel" name="ReleasesModelTests beginGetReleases should return epmty array but a defined IReleasesResult object for a release definition with no releases" />
    </UnitTest>
    <UnitTest name="ReleasesModelTests Updating release definition from model should update definitionName and definitionId" storage="d:\v2.0\a1\_work\dbded102\vso\tfs\service\webaccess\releasepipeline\testscripts\tests\tests.releasemanagement.explorer.releasesmodel.ts" id="bd40fcef-b375-44f5-8214-87f77cb6caa1">
      <Execution id="62b40ae7-f743-48f6-9d71-020afbc6b75d" />
      <TestMethod codeBase="d:\v2.0\a1\_work\dbded102\vso\tfs\service\webaccess\releasepipeline\testscripts\tests\tests.releasemanagement.explorer.releasesmodel.ts" adapterTypeName="Microsoft.VisualStudio.TestTools.TestTypes.Unit.UnitTestAdapter" className="d:\v2.0\a1\_work\dbded102\vso\tfs\service\webaccess\releasepipeline\testscripts\tests\tests.releasemanagement.explorer.releasesmodel" name="ReleasesModelTests Updating release definition from model should update definitionName and definitionId" />
    </UnitTest>
    <UnitTest name="ReleaseApproval Create should return valid releaseApproval object" storage="d:\v2.0\a1\_work\dbded102\vso\tfs\service\webaccess\releasepipeline\testscripts\tests\tests.releasemanagement.releaseapproval.ts" id="9baba976-05ea-4130-afa8-9eb5a3e44d89">
      <Execution id="ea57fd41-b3b5-449c-bd2b-5e725041de80" />
      <TestMethod codeBase="d:\v2.0\a1\_work\dbded102\vso\tfs\service\webaccess\releasepipeline\testscripts\tests\tests.releasemanagement.releaseapproval.ts" adapterTypeName="Microsoft.VisualStudio.TestTools.TestTypes.Unit.UnitTestAdapter" className="d:\v2.0\a1\_work\dbded102\vso\tfs\service\webaccess\releasepipeline\testscripts\tests\tests.releasemanagement.releaseapproval" name="ReleaseApproval Create should return valid releaseApproval object" />
    </UnitTest>
    <UnitTest name="ReleaseApproval getApproverProfileImageSource should return valid identity image url" storage="d:\v2.0\a1\_work\dbded102\vso\tfs\service\webaccess\releasepipeline\testscripts\tests\tests.releasemanagement.releaseapproval.ts" id="93ac38dc-fddc-4064-b9b9-99c73448343d">
      <Execution id="c28e5ecd-0a71-4837-a1da-fcbdc926dc8c" />
      <TestMethod codeBase="d:\v2.0\a1\_work\dbded102\vso\tfs\service\webaccess\releasepipeline\testscripts\tests\tests.releasemanagement.releaseapproval.ts" adapterTypeName="Microsoft.VisualStudio.TestTools.TestTypes.Unit.UnitTestAdapter" className="d:\v2.0\a1\_work\dbded102\vso\tfs\service\webaccess\releasepipeline\testscripts\tests\tests.releasemanagement.releaseapproval" name="ReleaseApproval getApproverProfileImageSource should return valid identity image url" />
    </UnitTest>
    <UnitTest name="TelemetryUtilsTests Telemtry utils should call deplayedPublish on Telemetry service" storage="d:\v2.0\a1\_work\dbded102\vso\tfs\service\webaccess\releasepipeline\testscripts\tests\tests.releasemanagement.telemetryutils.ts" id="d1b9cb5e-a583-460a-856b-44fe82ffdd49">
      <Execution id="50ca23a0-05cf-4022-abe4-66a05308b481" />
      <TestMethod codeBase="d:\v2.0\a1\_work\dbded102\vso\tfs\service\webaccess\releasepipeline\testscripts\tests\tests.releasemanagement.telemetryutils.ts" adapterTypeName="Microsoft.VisualStudio.TestTools.TestTypes.Unit.UnitTestAdapter" className="d:\v2.0\a1\_work\dbded102\vso\tfs\service\webaccess\releasepipeline\testscripts\tests\tests.releasemanagement.telemetryutils" name="TelemetryUtilsTests Telemtry utils should call deplayedPublish on Telemetry service" />
    </UnitTest>
    <UnitTest name="ReleaseManagementUtilitiesTests Default sort order is returned correctly" storage="d:\v2.0\a1\_work\dbded102\vso\tfs\service\webaccess\releasepipeline\testscripts\tests\tests.releasemanagement.utilities.ts" id="9691629e-4bfe-44a3-b769-423147ce30bf">
      <Execution id="52254332-e803-43c5-a5a5-dbbcb107e786" />
      <TestMethod codeBase="d:\v2.0\a1\_work\dbded102\vso\tfs\service\webaccess\releasepipeline\testscripts\tests\tests.releasemanagement.utilities.ts" adapterTypeName="Microsoft.VisualStudio.TestTools.TestTypes.Unit.UnitTestAdapter" className="d:\v2.0\a1\_work\dbded102\vso\tfs\service\webaccess\releasepipeline\testscripts\tests\tests.releasemanagement.utilities" name="ReleaseManagementUtilitiesTests Default sort order is returned correctly" />
    </UnitTest>
    <UnitTest name="ReleaseManagementUtilitiesTests Columns are returned correctly" storage="d:\v2.0\a1\_work\dbded102\vso\tfs\service\webaccess\releasepipeline\testscripts\tests\tests.releasemanagement.utilities.ts" id="80886cf5-af67-4375-91df-a4a2074b0f61">
      <Execution id="cc53390c-1767-483d-b9e5-5b57b14e0ba8" />
      <TestMethod codeBase="d:\v2.0\a1\_work\dbded102\vso\tfs\service\webaccess\releasepipeline\testscripts\tests\tests.releasemanagement.utilities.ts" adapterTypeName="Microsoft.VisualStudio.TestTools.TestTypes.Unit.UnitTestAdapter" className="d:\v2.0\a1\_work\dbded102\vso\tfs\service\webaccess\releasepipeline\testscripts\tests\tests.releasemanagement.utilities" name="ReleaseManagementUtilitiesTests Columns are returned correctly" />
    </UnitTest>
    <UnitTest name="ReleaseManagementUtilitiesTests Logs Columns are returned correctly" storage="d:\v2.0\a1\_work\dbded102\vso\tfs\service\webaccess\releasepipeline\testscripts\tests\tests.releasemanagement.utilities.ts" id="d1b243f0-42e7-4b89-98af-801f48274713">
      <Execution id="a4741717-8581-4b1c-ba8d-1626845b2f63" />
      <TestMethod codeBase="d:\v2.0\a1\_work\dbded102\vso\tfs\service\webaccess\releasepipeline\testscripts\tests\tests.releasemanagement.utilities.ts" adapterTypeName="Microsoft.VisualStudio.TestTools.TestTypes.Unit.UnitTestAdapter" className="d:\v2.0\a1\_work\dbded102\vso\tfs\service\webaccess\releasepipeline\testscripts\tests\tests.releasemanagement.utilities" name="ReleaseManagementUtilitiesTests Logs Columns are returned correctly" />
    </UnitTest>
    <UnitTest name="ReleaseManagementUtilitiesTests Display Icons are returned correctly" storage="d:\v2.0\a1\_work\dbded102\vso\tfs\service\webaccess\releasepipeline\testscripts\tests\tests.releasemanagement.utilities.ts" id="dcea4275-c3a7-41f7-9bf6-844e62294f49">
      <Execution id="c21ee408-7d93-483c-a523-f9001fd7e65b" />
      <TestMethod codeBase="d:\v2.0\a1\_work\dbded102\vso\tfs\service\webaccess\releasepipeline\testscripts\tests\tests.releasemanagement.utilities.ts" adapterTypeName="Microsoft.VisualStudio.TestTools.TestTypes.Unit.UnitTestAdapter" className="d:\v2.0\a1\_work\dbded102\vso\tfs\service\webaccess\releasepipeline\testscripts\tests\tests.releasemanagement.utilities" name="ReleaseManagementUtilitiesTests Display Icons are returned correctly" />
    </UnitTest>
    <UnitTest name="ReleaseManagementUtilitiesTests Difference in dates is returned correctly" storage="d:\v2.0\a1\_work\dbded102\vso\tfs\service\webaccess\releasepipeline\testscripts\tests\tests.releasemanagement.utilities.ts" id="42149f07-edf4-4751-98fd-cd2bc989a83f">
      <Execution id="7d441043-edd4-413d-904d-b5fb055f8d2e" />
      <TestMethod codeBase="d:\v2.0\a1\_work\dbded102\vso\tfs\service\webaccess\releasepipeline\testscripts\tests\tests.releasemanagement.utilities.ts" adapterTypeName="Microsoft.VisualStudio.TestTools.TestTypes.Unit.UnitTestAdapter" className="d:\v2.0\a1\_work\dbded102\vso\tfs\service\webaccess\releasepipeline\testscripts\tests\tests.releasemanagement.utilities" name="ReleaseManagementUtilitiesTests Difference in dates is returned correctly" />
    </UnitTest>
    <UnitTest name="ReleaseManagementUtilitiesTests Filtering of releases works correctly" storage="d:\v2.0\a1\_work\dbded102\vso\tfs\service\webaccess\releasepipeline\testscripts\tests\tests.releasemanagement.utilities.ts" id="90a90863-72af-4d1d-93c7-d8e08e03bb77">
      <Execution id="90bf1e59-644d-4813-834f-c93eeb6d26c5" />
      <TestMethod codeBase="d:\v2.0\a1\_work\dbded102\vso\tfs\service\webaccess\releasepipeline\testscripts\tests\tests.releasemanagement.utilities.ts" adapterTypeName="Microsoft.VisualStudio.TestTools.TestTypes.Unit.UnitTestAdapter" className="d:\v2.0\a1\_work\dbded102\vso\tfs\service\webaccess\releasepipeline\testscripts\tests\tests.releasemanagement.utilities" name="ReleaseManagementUtilitiesTests Filtering of releases works correctly" />
    </UnitTest>
    <UnitTest name="ReleaseManagementUtilitiesTests Array helper works correctly" storage="d:\v2.0\a1\_work\dbded102\vso\tfs\service\webaccess\releasepipeline\testscripts\tests\tests.releasemanagement.utilities.ts" id="fe6603d4-9f3d-4583-a9ce-1ae0c43f54bf">
      <Execution id="61e9de36-0345-408a-91b8-d3924c9b27ca" />
      <TestMethod codeBase="d:\v2.0\a1\_work\dbded102\vso\tfs\service\webaccess\releasepipeline\testscripts\tests\tests.releasemanagement.utilities.ts" adapterTypeName="Microsoft.VisualStudio.TestTools.TestTypes.Unit.UnitTestAdapter" className="d:\v2.0\a1\_work\dbded102\vso\tfs\service\webaccess\releasepipeline\testscripts\tests\tests.releasemanagement.utilities" name="ReleaseManagementUtilitiesTests Array helper works correctly" />
    </UnitTest>
    <UnitTest name="ReleaseManagementUtilitiesTests Error helper returns error message properly within the error object" storage="d:\v2.0\a1\_work\dbded102\vso\tfs\service\webaccess\releasepipeline\testscripts\tests\tests.releasemanagement.utilities.ts" id="ee4bd7e9-c416-41aa-8bd8-9a8800656759">
      <Execution id="4ff46310-5ff8-4508-bb71-cb9837a5fa02" />
      <TestMethod codeBase="d:\v2.0\a1\_work\dbded102\vso\tfs\service\webaccess\releasepipeline\testscripts\tests\tests.releasemanagement.utilities.ts" adapterTypeName="Microsoft.VisualStudio.TestTools.TestTypes.Unit.UnitTestAdapter" className="d:\v2.0\a1\_work\dbded102\vso\tfs\service\webaccess\releasepipeline\testscripts\tests\tests.releasemanagement.utilities" name="ReleaseManagementUtilitiesTests Error helper returns error message properly within the error object" />
    </UnitTest>
    <UnitTest name="ReleaseManagementUtilitiesTests Error helper returns response text if the response in error has parse errors." storage="d:\v2.0\a1\_work\dbded102\vso\tfs\service\webaccess\releasepipeline\testscripts\tests\tests.releasemanagement.utilities.ts" id="aed13907-6eec-4cc9-90bc-b6a46fb84bdf">
      <Execution id="5af92bcc-ea61-4dd5-9a00-f9f3925a053d" />
      <TestMethod codeBase="d:\v2.0\a1\_work\dbded102\vso\tfs\service\webaccess\releasepipeline\testscripts\tests\tests.releasemanagement.utilities.ts" adapterTypeName="Microsoft.VisualStudio.TestTools.TestTypes.Unit.UnitTestAdapter" className="d:\v2.0\a1\_work\dbded102\vso\tfs\service\webaccess\releasepipeline\testscripts\tests\tests.releasemanagement.utilities.ts::releasemanagementutilitiestests::error helper returns response text if the response in error has parse errors" name="ReleaseManagementUtilitiesTests Error helper returns response text if the response in error has parse errors." />
    </UnitTest>
    <UnitTest name="ReleaseManagementUtilitiesTests Error helper returns response text if the response in error does not have message" storage="d:\v2.0\a1\_work\dbded102\vso\tfs\service\webaccess\releasepipeline\testscripts\tests\tests.releasemanagement.utilities.ts" id="300ae8a9-4aef-475b-b3d4-0da91f9a4743">
      <Execution id="3b674921-e954-49a0-9afc-de5d0b22bd8c" />
      <TestMethod codeBase="d:\v2.0\a1\_work\dbded102\vso\tfs\service\webaccess\releasepipeline\testscripts\tests\tests.releasemanagement.utilities.ts" adapterTypeName="Microsoft.VisualStudio.TestTools.TestTypes.Unit.UnitTestAdapter" className="d:\v2.0\a1\_work\dbded102\vso\tfs\service\webaccess\releasepipeline\testscripts\tests\tests.releasemanagement.utilities" name="ReleaseManagementUtilitiesTests Error helper returns response text if the response in error does not have message" />
    </UnitTest>
    <UnitTest name="ReleaseManagementUtilitiesTests Error helper should return back the error message if the error message is string." storage="d:\v2.0\a1\_work\dbded102\vso\tfs\service\webaccess\releasepipeline\testscripts\tests\tests.releasemanagement.utilities.ts" id="dcad8dc5-3bfa-4630-ae74-4f2b02783f1d">
      <Execution id="83196f15-2f42-4b8a-9d0a-ffd0602420c1" />
      <TestMethod codeBase="d:\v2.0\a1\_work\dbded102\vso\tfs\service\webaccess\releasepipeline\testscripts\tests\tests.releasemanagement.utilities.ts" adapterTypeName="Microsoft.VisualStudio.TestTools.TestTypes.Unit.UnitTestAdapter" className="d:\v2.0\a1\_work\dbded102\vso\tfs\service\webaccess\releasepipeline\testscripts\tests\tests.releasemanagement.utilities.ts::releasemanagementutilitiestests::error helper should return back the error message if the error message is string" name="ReleaseManagementUtilitiesTests Error helper should return back the error message if the error message is string." />
    </UnitTest>
    <UnitTest name="ReleaseManagementUtilitiesTests Error helper should return the inner most exception." storage="d:\v2.0\a1\_work\dbded102\vso\tfs\service\webaccess\releasepipeline\testscripts\tests\tests.releasemanagement.utilities.ts" id="7d5952de-2442-4b88-85ec-9bd7dc0ec5ce">
      <Execution id="494e7c20-ccad-449e-9324-00fe7c8c9891" />
      <TestMethod codeBase="d:\v2.0\a1\_work\dbded102\vso\tfs\service\webaccess\releasepipeline\testscripts\tests\tests.releasemanagement.utilities.ts" adapterTypeName="Microsoft.VisualStudio.TestTools.TestTypes.Unit.UnitTestAdapter" className="d:\v2.0\a1\_work\dbded102\vso\tfs\service\webaccess\releasepipeline\testscripts\tests\tests.releasemanagement.utilities.ts::releasemanagementutilitiestests::error helper should return the inner most exception" name="ReleaseManagementUtilitiesTests Error helper should return the inner most exception." />
    </UnitTest>
    <UnitTest name="ReleaseManagementUtilitiesTests Get release url should return url with release definition id, releaseEditAction when editRelease is enabled" storage="d:\v2.0\a1\_work\dbded102\vso\tfs\service\webaccess\releasepipeline\testscripts\tests\tests.releasemanagement.utilities.ts" id="a52e01eb-edbe-456d-9de2-87c748a6b19a">
      <Execution id="6d3b0814-daef-4ccc-bda4-cc05ee57c6f2" />
      <TestMethod codeBase="d:\v2.0\a1\_work\dbded102\vso\tfs\service\webaccess\releasepipeline\testscripts\tests\tests.releasemanagement.utilities.ts" adapterTypeName="Microsoft.VisualStudio.TestTools.TestTypes.Unit.UnitTestAdapter" className="d:\v2.0\a1\_work\dbded102\vso\tfs\service\webaccess\releasepipeline\testscripts\tests\tests.releasemanagement.utilities" name="ReleaseManagementUtilitiesTests Get release url should return url with release definition id, releaseEditAction when editRelease is enabled" />
    </UnitTest>
    <UnitTest name="ReleaseManagementUtilitiesTests Environment sort by rank should happen properly." storage="d:\v2.0\a1\_work\dbded102\vso\tfs\service\webaccess\releasepipeline\testscripts\tests\tests.releasemanagement.utilities.ts" id="5b01be3c-01f0-4ceb-b95b-183ed6356b4f">
      <Execution id="c9f28d16-f1e6-47ed-afef-ad90d010e83a" />
      <TestMethod codeBase="d:\v2.0\a1\_work\dbded102\vso\tfs\service\webaccess\releasepipeline\testscripts\tests\tests.releasemanagement.utilities.ts" adapterTypeName="Microsoft.VisualStudio.TestTools.TestTypes.Unit.UnitTestAdapter" className="d:\v2.0\a1\_work\dbded102\vso\tfs\service\webaccess\releasepipeline\testscripts\tests\tests.releasemanagement.utilities.ts::releasemanagementutilitiestests::environment sort by rank should happen properly" name="ReleaseManagementUtilitiesTests Environment sort by rank should happen properly." />
    </UnitTest>
    <UnitTest name="ReleaseManagementUtilitiesTests Environment sort should happen when environments do not have rank." storage="d:\v2.0\a1\_work\dbded102\vso\tfs\service\webaccess\releasepipeline\testscripts\tests\tests.releasemanagement.utilities.ts" id="fc3ac092-4fea-45d5-810b-0556a1f9684b">
      <Execution id="adf10085-ffbb-4410-8dca-8b256c02a83c" />
      <TestMethod codeBase="d:\v2.0\a1\_work\dbded102\vso\tfs\service\webaccess\releasepipeline\testscripts\tests\tests.releasemanagement.utilities.ts" adapterTypeName="Microsoft.VisualStudio.TestTools.TestTypes.Unit.UnitTestAdapter" className="d:\v2.0\a1\_work\dbded102\vso\tfs\service\webaccess\releasepipeline\testscripts\tests\tests.releasemanagement.utilities.ts::releasemanagementutilitiestests::environment sort should happen when environments do not have rank" name="ReleaseManagementUtilitiesTests Environment sort should happen when environments do not have rank." />
    </UnitTest>
    <UnitTest name="ReleaseManagementUtilitiesTests Environment sort should happen when environments are zero or undefined or null." storage="d:\v2.0\a1\_work\dbded102\vso\tfs\service\webaccess\releasepipeline\testscripts\tests\tests.releasemanagement.utilities.ts" id="ee3ee7c1-13c7-4c44-84ff-0a3da2601f07">
      <Execution id="6157f91f-7538-4cec-87e2-2b3a81fc91d5" />
      <TestMethod codeBase="d:\v2.0\a1\_work\dbded102\vso\tfs\service\webaccess\releasepipeline\testscripts\tests\tests.releasemanagement.utilities.ts" adapterTypeName="Microsoft.VisualStudio.TestTools.TestTypes.Unit.UnitTestAdapter" className="d:\v2.0\a1\_work\dbded102\vso\tfs\service\webaccess\releasepipeline\testscripts\tests\tests.releasemanagement.utilities.ts::releasemanagementutilitiestests::environment sort should happen when environments are zero or undefined or null" name="ReleaseManagementUtilitiesTests Environment sort should happen when environments are zero or undefined or null." />
    </UnitTest>
    <UnitTest name="ReleaseManagementUtilitiesTests areBasicLicenseReleaseManagementFeaturesEnabled should return true for on-prem" storage="d:\v2.0\a1\_work\dbded102\vso\tfs\service\webaccess\releasepipeline\testscripts\tests\tests.releasemanagement.utilities.ts" id="05afe7cc-799e-4dd3-9286-7e97595dd607">
      <Execution id="d9661324-6e67-4a31-b208-5f80410d1d2f" />
      <TestMethod codeBase="d:\v2.0\a1\_work\dbded102\vso\tfs\service\webaccess\releasepipeline\testscripts\tests\tests.releasemanagement.utilities.ts" adapterTypeName="Microsoft.VisualStudio.TestTools.TestTypes.Unit.UnitTestAdapter" className="d:\v2.0\a1\_work\dbded102\vso\tfs\service\webaccess\releasepipeline\testscripts\tests\tests.releasemanagement.utilities" name="ReleaseManagementUtilitiesTests areBasicLicenseReleaseManagementFeaturesEnabled should return true for on-prem" />
    </UnitTest>
    <UnitTest name="ReleaseManagementUtilitiesTests areAdvancedLicenseReleaseManagementFeaturesEnabled should return true for on-prem" storage="d:\v2.0\a1\_work\dbded102\vso\tfs\service\webaccess\releasepipeline\testscripts\tests\tests.releasemanagement.utilities.ts" id="09c09ac7-3b70-4fcb-9ba9-848c2b818891">
      <Execution id="697c2afa-3107-487e-a332-5601c32d9a77" />
      <TestMethod codeBase="d:\v2.0\a1\_work\dbded102\vso\tfs\service\webaccess\releasepipeline\testscripts\tests\tests.releasemanagement.utilities.ts" adapterTypeName="Microsoft.VisualStudio.TestTools.TestTypes.Unit.UnitTestAdapter" className="d:\v2.0\a1\_work\dbded102\vso\tfs\service\webaccess\releasepipeline\testscripts\tests\tests.releasemanagement.utilities" name="ReleaseManagementUtilitiesTests areAdvancedLicenseReleaseManagementFeaturesEnabled should return true for on-prem" />
    </UnitTest>
    <UnitTest name="ReleaseManagementUtilitiesTests areAdvancedLicenseReleaseManagementFeaturesEnabled should return true if license feature flag is off" storage="d:\v2.0\a1\_work\dbded102\vso\tfs\service\webaccess\releasepipeline\testscripts\tests\tests.releasemanagement.utilities.ts" id="004775ba-00d6-45eb-bc93-888ceb695a20">
      <Execution id="f4d54cef-0d20-429d-acf8-9bd1a4235131" />
      <TestMethod codeBase="d:\v2.0\a1\_work\dbded102\vso\tfs\service\webaccess\releasepipeline\testscripts\tests\tests.releasemanagement.utilities.ts" adapterTypeName="Microsoft.VisualStudio.TestTools.TestTypes.Unit.UnitTestAdapter" className="d:\v2.0\a1\_work\dbded102\vso\tfs\service\webaccess\releasepipeline\testscripts\tests\tests.releasemanagement.utilities" name="ReleaseManagementUtilitiesTests areAdvancedLicenseReleaseManagementFeaturesEnabled should return true if license feature flag is off" />
    </UnitTest>
    <UnitTest name="ReleaseManagementUtilitiesTests areBasicLicenseReleaseManagementFeaturesEnabled should return true if license feature flag is off" storage="d:\v2.0\a1\_work\dbded102\vso\tfs\service\webaccess\releasepipeline\testscripts\tests\tests.releasemanagement.utilities.ts" id="b9061051-8306-45ef-bb34-9fe1ba00aba3">
      <Execution id="452bbe3d-7cac-4c7d-b9a2-c8a0351df835" />
      <TestMethod codeBase="d:\v2.0\a1\_work\dbded102\vso\tfs\service\webaccess\releasepipeline\testscripts\tests\tests.releasemanagement.utilities.ts" adapterTypeName="Microsoft.VisualStudio.TestTools.TestTypes.Unit.UnitTestAdapter" className="d:\v2.0\a1\_work\dbded102\vso\tfs\service\webaccess\releasepipeline\testscripts\tests\tests.releasemanagement.utilities" name="ReleaseManagementUtilitiesTests areBasicLicenseReleaseManagementFeaturesEnabled should return true if license feature flag is off" />
    </UnitTest>
    <UnitTest name="ReleaseManagementUtilitiesTests getDefaultReleaseName should return correct format mask from release definition" storage="d:\v2.0\a1\_work\dbded102\vso\tfs\service\webaccess\releasepipeline\testscripts\tests\tests.releasemanagement.utilities.ts" id="cf3e97bb-d7f7-4d06-abaf-9f7faa9dfb3b">
      <Execution id="b85ee812-35e5-4981-bb79-93b4edce22e3" />
      <TestMethod codeBase="d:\v2.0\a1\_work\dbded102\vso\tfs\service\webaccess\releasepipeline\testscripts\tests\tests.releasemanagement.utilities.ts" adapterTypeName="Microsoft.VisualStudio.TestTools.TestTypes.Unit.UnitTestAdapter" className="d:\v2.0\a1\_work\dbded102\vso\tfs\service\webaccess\releasepipeline\testscripts\tests\tests.releasemanagement.utilities" name="ReleaseManagementUtilitiesTests getDefaultReleaseName should return correct format mask from release definition" />
    </UnitTest>
    <UnitTest name="ReleaseManagementUtilitiesTests getDefaultReleaseName should return default release name if format mask in definition is not set" storage="d:\v2.0\a1\_work\dbded102\vso\tfs\service\webaccess\releasepipeline\testscripts\tests\tests.releasemanagement.utilities.ts" id="069d1357-b525-43af-8a7a-606b08a81743">
      <Execution id="e6dd3a5a-72d2-4b7d-8f14-ce01946fdaaf" />
      <TestMethod codeBase="d:\v2.0\a1\_work\dbded102\vso\tfs\service\webaccess\releasepipeline\testscripts\tests\tests.releasemanagement.utilities.ts" adapterTypeName="Microsoft.VisualStudio.TestTools.TestTypes.Unit.UnitTestAdapter" className="d:\v2.0\a1\_work\dbded102\vso\tfs\service\webaccess\releasepipeline\testscripts\tests\tests.releasemanagement.utilities" name="ReleaseManagementUtilitiesTests getDefaultReleaseName should return default release name if format mask in definition is not set" />
    </UnitTest>
    <UnitTest name="ReleaseManagementUtilitiesTests Verify ArrayUtils.max functionality. Test set 0" storage="d:\v2.0\a1\_work\dbded102\vso\tfs\service\webaccess\releasepipeline\testscripts\tests\tests.releasemanagement.utilities.ts" id="d01da284-be58-432e-b087-d98b49029856">
      <Execution id="6bb4760a-87ef-4664-b5b2-d2682c8a5bb8" />
      <TestMethod codeBase="d:\v2.0\a1\_work\dbded102\vso\tfs\service\webaccess\releasepipeline\testscripts\tests\tests.releasemanagement.utilities.ts" adapterTypeName="Microsoft.VisualStudio.TestTools.TestTypes.Unit.UnitTestAdapter" className="d:\v2.0\a1\_work\dbded102\vso\tfs\service\webaccess\releasepipeline\testscripts\tests\tests.releasemanagement.utilities.ts::releasemanagementutilitiestests::verify arrayutils.max functionality" name="ReleaseManagementUtilitiesTests Verify ArrayUtils.max functionality. Test set 0" />
    </UnitTest>
    <UnitTest name="ReleaseManagementUtilitiesTests Verify ArrayUtils.max functionality. Test set 1" storage="d:\v2.0\a1\_work\dbded102\vso\tfs\service\webaccess\releasepipeline\testscripts\tests\tests.releasemanagement.utilities.ts" id="10e77d51-9f51-4291-9516-16c747f17bb6">
      <Execution id="97c28ff3-a2fc-4a7c-90f3-464e46af5ea5" />
      <TestMethod codeBase="d:\v2.0\a1\_work\dbded102\vso\tfs\service\webaccess\releasepipeline\testscripts\tests\tests.releasemanagement.utilities.ts" adapterTypeName="Microsoft.VisualStudio.TestTools.TestTypes.Unit.UnitTestAdapter" className="d:\v2.0\a1\_work\dbded102\vso\tfs\service\webaccess\releasepipeline\testscripts\tests\tests.releasemanagement.utilities.ts::releasemanagementutilitiestests::verify arrayutils.max functionality" name="ReleaseManagementUtilitiesTests Verify ArrayUtils.max functionality. Test set 1" />
    </UnitTest>
    <UnitTest name="ReleaseManagementUtilitiesTests Verify ArrayUtils.max functionality. Test set 2" storage="d:\v2.0\a1\_work\dbded102\vso\tfs\service\webaccess\releasepipeline\testscripts\tests\tests.releasemanagement.utilities.ts" id="337db572-4292-4040-9fb8-dde0886026dc">
      <Execution id="1e443c00-3aeb-48e1-b84f-be18fcbe19ee" />
      <TestMethod codeBase="d:\v2.0\a1\_work\dbded102\vso\tfs\service\webaccess\releasepipeline\testscripts\tests\tests.releasemanagement.utilities.ts" adapterTypeName="Microsoft.VisualStudio.TestTools.TestTypes.Unit.UnitTestAdapter" className="d:\v2.0\a1\_work\dbded102\vso\tfs\service\webaccess\releasepipeline\testscripts\tests\tests.releasemanagement.utilities.ts::releasemanagementutilitiestests::verify arrayutils.max functionality" name="ReleaseManagementUtilitiesTests Verify ArrayUtils.max functionality. Test set 2" />
    </UnitTest>
    <UnitTest name="ReleaseManagementUtilitiesTests Verify ArrayUtils.max functionality. Test set 3" storage="d:\v2.0\a1\_work\dbded102\vso\tfs\service\webaccess\releasepipeline\testscripts\tests\tests.releasemanagement.utilities.ts" id="9dda0590-50f1-40e7-8256-298cebed75d3">
      <Execution id="1d8d2e57-5165-4abb-ab64-d8901d79b144" />
      <TestMethod codeBase="d:\v2.0\a1\_work\dbded102\vso\tfs\service\webaccess\releasepipeline\testscripts\tests\tests.releasemanagement.utilities.ts" adapterTypeName="Microsoft.VisualStudio.TestTools.TestTypes.Unit.UnitTestAdapter" className="d:\v2.0\a1\_work\dbded102\vso\tfs\service\webaccess\releasepipeline\testscripts\tests\tests.releasemanagement.utilities.ts::releasemanagementutilitiestests::verify arrayutils.max functionality" name="ReleaseManagementUtilitiesTests Verify ArrayUtils.max functionality. Test set 3" />
    </UnitTest>
    <UnitTest name="ReleaseManagementUtilitiesTests Verify ArrayUtils.max functionality. Test set 4" storage="d:\v2.0\a1\_work\dbded102\vso\tfs\service\webaccess\releasepipeline\testscripts\tests\tests.releasemanagement.utilities.ts" id="c3373766-c465-4a30-a828-d5218acc16c9">
      <Execution id="7366fbf7-5715-4e5a-8d58-ebbc230ca55e" />
      <TestMethod codeBase="d:\v2.0\a1\_work\dbded102\vso\tfs\service\webaccess\releasepipeline\testscripts\tests\tests.releasemanagement.utilities.ts" adapterTypeName="Microsoft.VisualStudio.TestTools.TestTypes.Unit.UnitTestAdapter" className="d:\v2.0\a1\_work\dbded102\vso\tfs\service\webaccess\releasepipeline\testscripts\tests\tests.releasemanagement.utilities.ts::releasemanagementutilitiestests::verify arrayutils.max functionality" name="ReleaseManagementUtilitiesTests Verify ArrayUtils.max functionality. Test set 4" />
    </UnitTest>
    <UnitTest name="ReleaseManagementUtilitiesTests Verify ArrayUtils.max functionality. Test set 5" storage="d:\v2.0\a1\_work\dbded102\vso\tfs\service\webaccess\releasepipeline\testscripts\tests\tests.releasemanagement.utilities.ts" id="c9b66b34-0273-4062-876c-a7078f7643ac">
      <Execution id="49e77caf-6db2-4691-811f-49f5a586f053" />
      <TestMethod codeBase="d:\v2.0\a1\_work\dbded102\vso\tfs\service\webaccess\releasepipeline\testscripts\tests\tests.releasemanagement.utilities.ts" adapterTypeName="Microsoft.VisualStudio.TestTools.TestTypes.Unit.UnitTestAdapter" className="d:\v2.0\a1\_work\dbded102\vso\tfs\service\webaccess\releasepipeline\testscripts\tests\tests.releasemanagement.utilities.ts::releasemanagementutilitiestests::verify arrayutils.max functionality" name="ReleaseManagementUtilitiesTests Verify ArrayUtils.max functionality. Test set 5" />
    </UnitTest>
    <UnitTest name="ReleaseManagementUtilitiesTests Verify ArrayUtils.max functionality. Test set 6" storage="d:\v2.0\a1\_work\dbded102\vso\tfs\service\webaccess\releasepipeline\testscripts\tests\tests.releasemanagement.utilities.ts" id="9ca6ed16-297c-49e0-8f6b-6087a455b275">
      <Execution id="7d7ea9c4-5385-43d7-a070-306f31fed497" />
      <TestMethod codeBase="d:\v2.0\a1\_work\dbded102\vso\tfs\service\webaccess\releasepipeline\testscripts\tests\tests.releasemanagement.utilities.ts" adapterTypeName="Microsoft.VisualStudio.TestTools.TestTypes.Unit.UnitTestAdapter" className="d:\v2.0\a1\_work\dbded102\vso\tfs\service\webaccess\releasepipeline\testscripts\tests\tests.releasemanagement.utilities.ts::releasemanagementutilitiestests::verify arrayutils.max functionality" name="ReleaseManagementUtilitiesTests Verify ArrayUtils.max functionality. Test set 6" />
    </UnitTest>
    <UnitTest name="ReleaseManagementUtilitiesTests Verify ArrayUtils.max functionality. Test set 7" storage="d:\v2.0\a1\_work\dbded102\vso\tfs\service\webaccess\releasepipeline\testscripts\tests\tests.releasemanagement.utilities.ts" id="8cb2ab4c-1ee1-4c35-9ffc-2bd201569157">
      <Execution id="20a94170-22be-4a98-9616-88169b82fe34" />
      <TestMethod codeBase="d:\v2.0\a1\_work\dbded102\vso\tfs\service\webaccess\releasepipeline\testscripts\tests\tests.releasemanagement.utilities.ts" adapterTypeName="Microsoft.VisualStudio.TestTools.TestTypes.Unit.UnitTestAdapter" className="d:\v2.0\a1\_work\dbded102\vso\tfs\service\webaccess\releasepipeline\testscripts\tests\tests.releasemanagement.utilities.ts::releasemanagementutilitiestests::verify arrayutils.max functionality" name="ReleaseManagementUtilitiesTests Verify ArrayUtils.max functionality. Test set 7" />
    </UnitTest>
    <UnitTest name="ReleaseManagementUtilitiesTests Verify ArrayUtils.max functionality. Test set 8" storage="d:\v2.0\a1\_work\dbded102\vso\tfs\service\webaccess\releasepipeline\testscripts\tests\tests.releasemanagement.utilities.ts" id="3507a6f9-5144-42e6-8172-6a3b4139c538">
      <Execution id="df5643ca-bc16-4879-b770-1ef2dddd39d1" />
      <TestMethod codeBase="d:\v2.0\a1\_work\dbded102\vso\tfs\service\webaccess\releasepipeline\testscripts\tests\tests.releasemanagement.utilities.ts" adapterTypeName="Microsoft.VisualStudio.TestTools.TestTypes.Unit.UnitTestAdapter" className="d:\v2.0\a1\_work\dbded102\vso\tfs\service\webaccess\releasepipeline\testscripts\tests\tests.releasemanagement.utilities.ts::releasemanagementutilitiestests::verify arrayutils.max functionality" name="ReleaseManagementUtilitiesTests Verify ArrayUtils.max functionality. Test set 8" />
    </UnitTest>
    <UnitTest name="CreateNewArtifactDialogTests Constructor test" storage="d:\v2.0\a1\_work\dbded102\vso\tfs\service\webaccess\releasepipeline\testscripts\tests\tests.releasemanagement.editartifactdialog.ts" id="69c530e4-d26a-494d-8b66-e778046c8010">
      <Execution id="3a91d0e7-f29d-4a39-9a0e-36e03f28e47c" />
      <TestMethod codeBase="d:\v2.0\a1\_work\dbded102\vso\tfs\service\webaccess\releasepipeline\testscripts\tests\tests.releasemanagement.editartifactdialog.ts" adapterTypeName="Microsoft.VisualStudio.TestTools.TestTypes.Unit.UnitTestAdapter" className="d:\v2.0\a1\_work\dbded102\vso\tfs\service\webaccess\releasepipeline\testscripts\tests\tests.releasemanagement.editartifactdialog" name="CreateNewArtifactDialogTests Constructor test" />
    </UnitTest>
    <UnitTest name="DemandsValidatorTests Validate environment should return a warning message if there are no demands specified and if they are no available agents" storage="d:\v2.0\a1\_work\dbded102\vso\tfs\service\webaccess\releasepipeline\testscripts\tests\tfs.releasemanagement.demandsvalidatortests.ts" id="3e5bf8c8-3cb6-4bd9-8dc5-4552a68372f6">
      <Execution id="3641e66f-008f-4089-9287-036a71eebd56" />
      <TestMethod codeBase="d:\v2.0\a1\_work\dbded102\vso\tfs\service\webaccess\releasepipeline\testscripts\tests\tfs.releasemanagement.demandsvalidatortests.ts" adapterTypeName="Microsoft.VisualStudio.TestTools.TestTypes.Unit.UnitTestAdapter" className="d:\v2.0\a1\_work\dbded102\vso\tfs\service\webaccess\releasepipeline\testscripts\tests\tfs.releasemanagement.demandsvalidatortests" name="DemandsValidatorTests Validate environment should return a warning message if there are no demands specified and if they are no available agents" />
    </UnitTest>
    <UnitTest name="DemandsValidatorTests Validate environment should return a error message if the queue can not be found" storage="d:\v2.0\a1\_work\dbded102\vso\tfs\service\webaccess\releasepipeline\testscripts\tests\tfs.releasemanagement.demandsvalidatortests.ts" id="82e43a68-4b62-43d6-bb76-7c928f807bb9">
      <Execution id="a8909894-36d8-49f1-bef5-9253fd9814b1" />
      <TestMethod codeBase="d:\v2.0\a1\_work\dbded102\vso\tfs\service\webaccess\releasepipeline\testscripts\tests\tfs.releasemanagement.demandsvalidatortests.ts" adapterTypeName="Microsoft.VisualStudio.TestTools.TestTypes.Unit.UnitTestAdapter" className="d:\v2.0\a1\_work\dbded102\vso\tfs\service\webaccess\releasepipeline\testscripts\tests\tfs.releasemanagement.demandsvalidatortests" name="DemandsValidatorTests Validate environment should return a error message if the queue can not be found" />
    </UnitTest>
    <UnitTest name="DemandsValidatorTests Validate environment should return a warning message if there are demands specified in the environment and if they are no available agents" storage="d:\v2.0\a1\_work\dbded102\vso\tfs\service\webaccess\releasepipeline\testscripts\tests\tfs.releasemanagement.demandsvalidatortests.ts" id="d8db0ed0-e7d8-4e53-9c2a-d5bfa04893fc">
      <Execution id="01b01cfd-805a-4d43-bbdd-2f4204192527" />
      <TestMethod codeBase="d:\v2.0\a1\_work\dbded102\vso\tfs\service\webaccess\releasepipeline\testscripts\tests\tfs.releasemanagement.demandsvalidatortests.ts" adapterTypeName="Microsoft.VisualStudio.TestTools.TestTypes.Unit.UnitTestAdapter" className="d:\v2.0\a1\_work\dbded102\vso\tfs\service\webaccess\releasepipeline\testscripts\tests\tfs.releasemanagement.demandsvalidatortests" name="DemandsValidatorTests Validate environment should return a warning message if there are demands specified in the environment and if they are no available agents" />
    </UnitTest>
    <UnitTest name="DemandsValidatorTests Validate environment should return an empty warning message if the demands of the environment are met by an available agent" storage="d:\v2.0\a1\_work\dbded102\vso\tfs\service\webaccess\releasepipeline\testscripts\tests\tfs.releasemanagement.demandsvalidatortests.ts" id="354652ee-ac41-4464-b8be-f13c83f90b94">
      <Execution id="055ac7b2-6835-4141-ac74-1d59e4e26011" />
      <TestMethod codeBase="d:\v2.0\a1\_work\dbded102\vso\tfs\service\webaccess\releasepipeline\testscripts\tests\tfs.releasemanagement.demandsvalidatortests.ts" adapterTypeName="Microsoft.VisualStudio.TestTools.TestTypes.Unit.UnitTestAdapter" className="d:\v2.0\a1\_work\dbded102\vso\tfs\service\webaccess\releasepipeline\testscripts\tests\tfs.releasemanagement.demandsvalidatortests" name="DemandsValidatorTests Validate environment should return an empty warning message if the demands of the environment are met by an available agent" />
    </UnitTest>
    <UnitTest name="DemandsValidatorTests Validate environment should return a warning message if the demands of the environment are met but the agent is offline or disabled" storage="d:\v2.0\a1\_work\dbded102\vso\tfs\service\webaccess\releasepipeline\testscripts\tests\tfs.releasemanagement.demandsvalidatortests.ts" id="d37a1e25-98d6-47b1-b47c-ee7fc22f4f5a">
      <Execution id="7af71523-1b41-441a-b417-c5240cb92f28" />
      <TestMethod codeBase="d:\v2.0\a1\_work\dbded102\vso\tfs\service\webaccess\releasepipeline\testscripts\tests\tfs.releasemanagement.demandsvalidatortests.ts" adapterTypeName="Microsoft.VisualStudio.TestTools.TestTypes.Unit.UnitTestAdapter" className="d:\v2.0\a1\_work\dbded102\vso\tfs\service\webaccess\releasepipeline\testscripts\tests\tfs.releasemanagement.demandsvalidatortests" name="DemandsValidatorTests Validate environment should return a warning message if the demands of the environment are met but the agent is offline or disabled" />
    </UnitTest>
    <UnitTest name="DemandsValidatorTests Validate should return an empty warning message if the demands of targeted environments are met by an available agent" storage="d:\v2.0\a1\_work\dbded102\vso\tfs\service\webaccess\releasepipeline\testscripts\tests\tfs.releasemanagement.demandsvalidatortests.ts" id="2bd00b60-3504-4507-9336-59901d2a2adb">
      <Execution id="3bb74a87-bf4b-4adf-9009-faecf3be60cf" />
      <TestMethod codeBase="d:\v2.0\a1\_work\dbded102\vso\tfs\service\webaccess\releasepipeline\testscripts\tests\tfs.releasemanagement.demandsvalidatortests.ts" adapterTypeName="Microsoft.VisualStudio.TestTools.TestTypes.Unit.UnitTestAdapter" className="d:\v2.0\a1\_work\dbded102\vso\tfs\service\webaccess\releasepipeline\testscripts\tests\tfs.releasemanagement.demandsvalidatortests" name="DemandsValidatorTests Validate should return an empty warning message if the demands of targeted environments are met by an available agent" />
    </UnitTest>
    <UnitTest name="DemandsValidatorTests Validate should return a warning message if the demands of targeted environments are not met by an available agent" storage="d:\v2.0\a1\_work\dbded102\vso\tfs\service\webaccess\releasepipeline\testscripts\tests\tfs.releasemanagement.demandsvalidatortests.ts" id="77516044-21e7-4021-ada2-3b8d7b35ac46">
      <Execution id="e98dddf1-06f0-409c-9899-db9ad9b5060c" />
      <TestMethod codeBase="d:\v2.0\a1\_work\dbded102\vso\tfs\service\webaccess\releasepipeline\testscripts\tests\tfs.releasemanagement.demandsvalidatortests.ts" adapterTypeName="Microsoft.VisualStudio.TestTools.TestTypes.Unit.UnitTestAdapter" className="d:\v2.0\a1\_work\dbded102\vso\tfs\service\webaccess\releasepipeline\testscripts\tests\tfs.releasemanagement.demandsvalidatortests" name="DemandsValidatorTests Validate should return a warning message if the demands of targeted environments are not met by an available agent" />
    </UnitTest>
    <UnitTest name="EnvironmentEditOptionsDialogTests Validate ViewModel initialization does not load the hosted pools." storage="d:\v2.0\a1\_work\dbded102\vso\tfs\service\webaccess\releasepipeline\testscripts\tests\tests.releasemanagement.controls.environmenteditoptionsdialog.ts" id="a2e4f109-96cd-42aa-84dd-013461eff8a1">
      <Execution id="035b5fd3-713a-4975-8121-a46ade826dd1" />
      <TestMethod codeBase="d:\v2.0\a1\_work\dbded102\vso\tfs\service\webaccess\releasepipeline\testscripts\tests\tests.releasemanagement.controls.environmenteditoptionsdialog.ts" adapterTypeName="Microsoft.VisualStudio.TestTools.TestTypes.Unit.UnitTestAdapter" className="d:\v2.0\a1\_work\dbded102\vso\tfs\service\webaccess\releasepipeline\testscripts\tests\tests.releasemanagement.controls.environmenteditoptionsdialog.ts::environmenteditoptionsdialogtests::validate viewmodel initialization does not load the hosted pools" name="EnvironmentEditOptionsDialogTests Validate ViewModel initialization does not load the hosted pools." />
    </UnitTest>
    <UnitTest name="EnvironmentEditOptionsDialogTests Validate ViewModel initialization loads the hosted pools if feature is enabled." storage="d:\v2.0\a1\_work\dbded102\vso\tfs\service\webaccess\releasepipeline\testscripts\tests\tests.releasemanagement.controls.environmenteditoptionsdialog.ts" id="042df968-59a1-4831-84a8-4a7007051db5">
      <Execution id="20ee0a00-9988-40c3-885a-30288ee4ddc5" />
      <TestMethod codeBase="d:\v2.0\a1\_work\dbded102\vso\tfs\service\webaccess\releasepipeline\testscripts\tests\tests.releasemanagement.controls.environmenteditoptionsdialog.ts" adapterTypeName="Microsoft.VisualStudio.TestTools.TestTypes.Unit.UnitTestAdapter" className="d:\v2.0\a1\_work\dbded102\vso\tfs\service\webaccess\releasepipeline\testscripts\tests\tests.releasemanagement.controls.environmenteditoptionsdialog.ts::environmenteditoptionsdialogtests::validate viewmodel initialization loads the hosted pools if feature is enabled" name="EnvironmentEditOptionsDialogTests Validate ViewModel initialization loads the hosted pools if feature is enabled." />
    </UnitTest>
    <UnitTest name="EnvironmentEditOptionsDialogTests Validate ViewModel is clean on start." storage="d:\v2.0\a1\_work\dbded102\vso\tfs\service\webaccess\releasepipeline\testscripts\tests\tests.releasemanagement.controls.environmenteditoptionsdialog.ts" id="ec223ef6-a341-4ea5-86fe-1bcfcdd14bab">
      <Execution id="617f61bb-31a6-4154-bfd4-9b5845e366f2" />
      <TestMethod codeBase="d:\v2.0\a1\_work\dbded102\vso\tfs\service\webaccess\releasepipeline\testscripts\tests\tests.releasemanagement.controls.environmenteditoptionsdialog.ts" adapterTypeName="Microsoft.VisualStudio.TestTools.TestTypes.Unit.UnitTestAdapter" className="d:\v2.0\a1\_work\dbded102\vso\tfs\service\webaccess\releasepipeline\testscripts\tests\tests.releasemanagement.controls.environmenteditoptionsdialog.ts::environmenteditoptionsdialogtests::validate viewmodel is clean on start" name="EnvironmentEditOptionsDialogTests Validate ViewModel is clean on start." />
    </UnitTest>
    <UnitTest name="EnvironmentEditOptionsDialogTests Validate ViewModel is dirty upon demand added." storage="d:\v2.0\a1\_work\dbded102\vso\tfs\service\webaccess\releasepipeline\testscripts\tests\tests.releasemanagement.controls.environmenteditoptionsdialog.ts" id="4766c3fb-0c42-4f72-a17a-b27b55ed69cb">
      <Execution id="0631c9fe-0fa7-40a9-bd10-bf292c2ef675" />
      <TestMethod codeBase="d:\v2.0\a1\_work\dbded102\vso\tfs\service\webaccess\releasepipeline\testscripts\tests\tests.releasemanagement.controls.environmenteditoptionsdialog.ts" adapterTypeName="Microsoft.VisualStudio.TestTools.TestTypes.Unit.UnitTestAdapter" className="d:\v2.0\a1\_work\dbded102\vso\tfs\service\webaccess\releasepipeline\testscripts\tests\tests.releasemanagement.controls.environmenteditoptionsdialog.ts::environmenteditoptionsdialogtests::validate viewmodel is dirty upon demand added" name="EnvironmentEditOptionsDialogTests Validate ViewModel is dirty upon demand added." />
    </UnitTest>
    <UnitTest name="EnvironmentEditOptionsDialogTests Validate ViewModel is dirty upon agent pool changed." storage="d:\v2.0\a1\_work\dbded102\vso\tfs\service\webaccess\releasepipeline\testscripts\tests\tests.releasemanagement.controls.environmenteditoptionsdialog.ts" id="01309c24-ec37-4bbc-ba8e-af02c4d9ef01">
      <Execution id="11b3778d-aed9-41b3-a63e-d64f03386845" />
      <TestMethod codeBase="d:\v2.0\a1\_work\dbded102\vso\tfs\service\webaccess\releasepipeline\testscripts\tests\tests.releasemanagement.controls.environmenteditoptionsdialog.ts" adapterTypeName="Microsoft.VisualStudio.TestTools.TestTypes.Unit.UnitTestAdapter" className="d:\v2.0\a1\_work\dbded102\vso\tfs\service\webaccess\releasepipeline\testscripts\tests\tests.releasemanagement.controls.environmenteditoptionsdialog.ts::environmenteditoptionsdialogtests::validate viewmodel is dirty upon agent pool changed" name="EnvironmentEditOptionsDialogTests Validate ViewModel is dirty upon agent pool changed." />
    </UnitTest>
    <UnitTest name="EnvironmentEditOptionsDialogTests Validate ViewModel is clean upon revert post demand added." storage="d:\v2.0\a1\_work\dbded102\vso\tfs\service\webaccess\releasepipeline\testscripts\tests\tests.releasemanagement.controls.environmenteditoptionsdialog.ts" id="bd963f61-b856-4103-82b9-749033967793">
      <Execution id="cd9ccb27-ac4a-41b9-8c1a-af312ac61a5c" />
      <TestMethod codeBase="d:\v2.0\a1\_work\dbded102\vso\tfs\service\webaccess\releasepipeline\testscripts\tests\tests.releasemanagement.controls.environmenteditoptionsdialog.ts" adapterTypeName="Microsoft.VisualStudio.TestTools.TestTypes.Unit.UnitTestAdapter" className="d:\v2.0\a1\_work\dbded102\vso\tfs\service\webaccess\releasepipeline\testscripts\tests\tests.releasemanagement.controls.environmenteditoptionsdialog.ts::environmenteditoptionsdialogtests::validate viewmodel is clean upon revert post demand added" name="EnvironmentEditOptionsDialogTests Validate ViewModel is clean upon revert post demand added." />
    </UnitTest>
    <UnitTest name="EnvironmentEditOptionsDialogTests Validate ViewModel is clean upon adding empty demand." storage="d:\v2.0\a1\_work\dbded102\vso\tfs\service\webaccess\releasepipeline\testscripts\tests\tests.releasemanagement.controls.environmenteditoptionsdialog.ts" id="55e06944-098f-4aaa-8fa0-555f449c0bdc">
      <Execution id="c340e91e-8077-4128-a238-4bfa80aef305" />
      <TestMethod codeBase="d:\v2.0\a1\_work\dbded102\vso\tfs\service\webaccess\releasepipeline\testscripts\tests\tests.releasemanagement.controls.environmenteditoptionsdialog.ts" adapterTypeName="Microsoft.VisualStudio.TestTools.TestTypes.Unit.UnitTestAdapter" className="d:\v2.0\a1\_work\dbded102\vso\tfs\service\webaccess\releasepipeline\testscripts\tests\tests.releasemanagement.controls.environmenteditoptionsdialog.ts::environmenteditoptionsdialogtests::validate viewmodel is clean upon adding empty demand" name="EnvironmentEditOptionsDialogTests Validate ViewModel is clean upon adding empty demand." />
    </UnitTest>
    <UnitTest name="EnvironmentEditOptionsDialogTests Validate demands list viewModel is not dirty when initialized with some demands." storage="d:\v2.0\a1\_work\dbded102\vso\tfs\service\webaccess\releasepipeline\testscripts\tests\tests.releasemanagement.controls.environmenteditoptionsdialog.ts" id="2ca90ee0-fb3c-44b2-bb00-74c8e2e3792a">
      <Execution id="c0e8f6fb-04cc-4faa-9f37-00fa86e697a6" />
      <TestMethod codeBase="d:\v2.0\a1\_work\dbded102\vso\tfs\service\webaccess\releasepipeline\testscripts\tests\tests.releasemanagement.controls.environmenteditoptionsdialog.ts" adapterTypeName="Microsoft.VisualStudio.TestTools.TestTypes.Unit.UnitTestAdapter" className="d:\v2.0\a1\_work\dbded102\vso\tfs\service\webaccess\releasepipeline\testscripts\tests\tests.releasemanagement.controls.environmenteditoptionsdialog.ts::environmenteditoptionsdialogtests::validate demands list viewmodel is not dirty when initialized with some demands" name="EnvironmentEditOptionsDialogTests Validate demands list viewModel is not dirty when initialized with some demands." />
    </UnitTest>
    <UnitTest name="EnvironmentEditOptionsDialogTests Validate delete demands from list viewModel should dirty when initialized with one demand." storage="d:\v2.0\a1\_work\dbded102\vso\tfs\service\webaccess\releasepipeline\testscripts\tests\tests.releasemanagement.controls.environmenteditoptionsdialog.ts" id="f57b77ff-223e-4f47-bae4-8bd44e628809">
      <Execution id="be44713f-e548-43de-9861-2f3da900bd30" />
      <TestMethod codeBase="d:\v2.0\a1\_work\dbded102\vso\tfs\service\webaccess\releasepipeline\testscripts\tests\tests.releasemanagement.controls.environmenteditoptionsdialog.ts" adapterTypeName="Microsoft.VisualStudio.TestTools.TestTypes.Unit.UnitTestAdapter" className="d:\v2.0\a1\_work\dbded102\vso\tfs\service\webaccess\releasepipeline\testscripts\tests\tests.releasemanagement.controls.environmenteditoptionsdialog.ts::environmenteditoptionsdialogtests::validate delete demands from list viewmodel should dirty when initialized with one demand" name="EnvironmentEditOptionsDialogTests Validate delete demands from list viewModel should dirty when initialized with one demand." />
    </UnitTest>
    <UnitTest name="EnvironmentEditOptionsDialogTests Validate Agent Pool initialization upon RD creation, if no agent pools are existing." storage="d:\v2.0\a1\_work\dbded102\vso\tfs\service\webaccess\releasepipeline\testscripts\tests\tests.releasemanagement.controls.environmenteditoptionsdialog.ts" id="07516e9c-cd14-476a-890e-c720b71007a3">
      <Execution id="5566f7f8-758d-4faa-84fe-b50949a5eb3f" />
      <TestMethod codeBase="d:\v2.0\a1\_work\dbded102\vso\tfs\service\webaccess\releasepipeline\testscripts\tests\tests.releasemanagement.controls.environmenteditoptionsdialog.ts" adapterTypeName="Microsoft.VisualStudio.TestTools.TestTypes.Unit.UnitTestAdapter" className="d:\v2.0\a1\_work\dbded102\vso\tfs\service\webaccess\releasepipeline\testscripts\tests\tests.releasemanagement.controls.environmenteditoptionsdialog.ts::environmenteditoptionsdialogtests::validate agent pool initialization upon rd creation, if no agent pools are existing" name="EnvironmentEditOptionsDialogTests Validate Agent Pool initialization upon RD creation, if no agent pools are existing." />
    </UnitTest>
    <UnitTest name="EnvironmentEditOptionsDialogTests Validate Agent Pool initialization upon RD creation, if agent pools are existing." storage="d:\v2.0\a1\_work\dbded102\vso\tfs\service\webaccess\releasepipeline\testscripts\tests\tests.releasemanagement.controls.environmenteditoptionsdialog.ts" id="20795dcb-ce67-4a89-b7e5-18e98aa4c89d">
      <Execution id="5ded96ba-02a1-46b8-beb1-2346c4e1b2a6" />
      <TestMethod codeBase="d:\v2.0\a1\_work\dbded102\vso\tfs\service\webaccess\releasepipeline\testscripts\tests\tests.releasemanagement.controls.environmenteditoptionsdialog.ts" adapterTypeName="Microsoft.VisualStudio.TestTools.TestTypes.Unit.UnitTestAdapter" className="d:\v2.0\a1\_work\dbded102\vso\tfs\service\webaccess\releasepipeline\testscripts\tests\tests.releasemanagement.controls.environmenteditoptionsdialog.ts::environmenteditoptionsdialogtests::validate agent pool initialization upon rd creation, if agent pools are existing" name="EnvironmentEditOptionsDialogTests Validate Agent Pool initialization upon RD creation, if agent pools are existing." />
    </UnitTest>
    <UnitTest name="EnvironmentEditOptionsDialogTests Validate Agent Pool initialization upon RD edit, if pool was selected during create and no agent pools are existing during edit." storage="d:\v2.0\a1\_work\dbded102\vso\tfs\service\webaccess\releasepipeline\testscripts\tests\tests.releasemanagement.controls.environmenteditoptionsdialog.ts" id="be4448c1-45b0-487b-a37c-323022a1ad3c">
      <Execution id="f4e790bd-9b54-459d-a00b-e72daea2ffd0" />
      <TestMethod codeBase="d:\v2.0\a1\_work\dbded102\vso\tfs\service\webaccess\releasepipeline\testscripts\tests\tests.releasemanagement.controls.environmenteditoptionsdialog.ts" adapterTypeName="Microsoft.VisualStudio.TestTools.TestTypes.Unit.UnitTestAdapter" className="d:\v2.0\a1\_work\dbded102\vso\tfs\service\webaccess\releasepipeline\testscripts\tests\tests.releasemanagement.controls.environmenteditoptionsdialog.ts::environmenteditoptionsdialogtests::validate agent pool initialization upon rd edit, if pool was selected during create and no agent pools are existing during edit" name="EnvironmentEditOptionsDialogTests Validate Agent Pool initialization upon RD edit, if pool was selected during create and no agent pools are existing during edit." />
    </UnitTest>
    <UnitTest name="EnvironmentEditOptionsDialogTests Validate Agent Pool initialization upon RD edit, if none was selected during create and agent pools are existing during edit." storage="d:\v2.0\a1\_work\dbded102\vso\tfs\service\webaccess\releasepipeline\testscripts\tests\tests.releasemanagement.controls.environmenteditoptionsdialog.ts" id="2822a1f6-2f7e-4b74-88b0-d3896892224b">
      <Execution id="77182afa-3529-48d9-a9a5-07e8d005e17b" />
      <TestMethod codeBase="d:\v2.0\a1\_work\dbded102\vso\tfs\service\webaccess\releasepipeline\testscripts\tests\tests.releasemanagement.controls.environmenteditoptionsdialog.ts" adapterTypeName="Microsoft.VisualStudio.TestTools.TestTypes.Unit.UnitTestAdapter" className="d:\v2.0\a1\_work\dbded102\vso\tfs\service\webaccess\releasepipeline\testscripts\tests\tests.releasemanagement.controls.environmenteditoptionsdialog.ts::environmenteditoptionsdialogtests::validate agent pool initialization upon rd edit, if none was selected during create and agent pools are existing during edit" name="EnvironmentEditOptionsDialogTests Validate Agent Pool initialization upon RD edit, if none was selected during create and agent pools are existing during edit." />
    </UnitTest>
    <UnitTest name="EnvironmentEditOptionsDialogTests Validate Agent Pool initialization upon RD edit, if pool was pre-selected during create and agent pools are existing during edit with the pre-selected pool deleted." storage="d:\v2.0\a1\_work\dbded102\vso\tfs\service\webaccess\releasepipeline\testscripts\tests\tests.releasemanagement.controls.environmenteditoptionsdialog.ts" id="254e8639-3635-44ba-b696-f71e1ae3c220">
      <Execution id="091fe598-ceb2-4e79-832b-1fe30236f9f0" />
      <TestMethod codeBase="d:\v2.0\a1\_work\dbded102\vso\tfs\service\webaccess\releasepipeline\testscripts\tests\tests.releasemanagement.controls.environmenteditoptionsdialog.ts" adapterTypeName="Microsoft.VisualStudio.TestTools.TestTypes.Unit.UnitTestAdapter" className="d:\v2.0\a1\_work\dbded102\vso\tfs\service\webaccess\releasepipeline\testscripts\tests\tests.releasemanagement.controls.environmenteditoptionsdialog.ts::environmenteditoptionsdialogtests::validate agent pool initialization upon rd edit, if pool was pre-selected during create and agent pools are existing during edit with the pre-selected pool deleted" name="EnvironmentEditOptionsDialogTests Validate Agent Pool initialization upon RD edit, if pool was pre-selected during create and agent pools are existing during edit with the pre-selected pool deleted." />
    </UnitTest>
    <UnitTest name="EnvironmentDefinitionObjectViewModelTests Should be able to create EnvironmentDefinitionViewModel" storage="d:\v2.0\a1\_work\dbded102\vso\tfs\service\webaccess\releasepipeline\testscripts\tests\tests.releasemanagement.definition.objectviewmodel.environmentdefinition.ts" id="ef8a250a-54df-4cf0-8cf7-fb0fac26f9f6">
      <Execution id="0ed1cd45-d8fb-4ee5-873e-255bcc48befb" />
      <TestMethod codeBase="d:\v2.0\a1\_work\dbded102\vso\tfs\service\webaccess\releasepipeline\testscripts\tests\tests.releasemanagement.definition.objectviewmodel.environmentdefinition.ts" adapterTypeName="Microsoft.VisualStudio.TestTools.TestTypes.Unit.UnitTestAdapter" className="d:\v2.0\a1\_work\dbded102\vso\tfs\service\webaccess\releasepipeline\testscripts\tests\tests.releasemanagement.definition.objectviewmodel.environmentdefinition" name="EnvironmentDefinitionObjectViewModelTests Should be able to create EnvironmentDefinitionViewModel" />
    </UnitTest>
    <UnitTest name="EnvironmentDefinitionObjectViewModelTests Validate model when task added or removed in EnvironmentDefinitionViewModel" storage="d:\v2.0\a1\_work\dbded102\vso\tfs\service\webaccess\releasepipeline\testscripts\tests\tests.releasemanagement.definition.objectviewmodel.environmentdefinition.ts" id="7a9e42fa-a933-425d-b0bb-d06f8a7aeb1c">
      <Execution id="cc339c81-6c79-4f15-b99a-2653311e3a86" />
      <TestMethod codeBase="d:\v2.0\a1\_work\dbded102\vso\tfs\service\webaccess\releasepipeline\testscripts\tests\tests.releasemanagement.definition.objectviewmodel.environmentdefinition.ts" adapterTypeName="Microsoft.VisualStudio.TestTools.TestTypes.Unit.UnitTestAdapter" className="d:\v2.0\a1\_work\dbded102\vso\tfs\service\webaccess\releasepipeline\testscripts\tests\tests.releasemanagement.definition.objectviewmodel.environmentdefinition" name="EnvironmentDefinitionObjectViewModelTests Validate model when task added or removed in EnvironmentDefinitionViewModel" />
    </UnitTest>
    <UnitTest name="EnvironmentDefinitionObjectViewModelTests Validate model when name changed in EnvironmentDefinitionViewModel" storage="d:\v2.0\a1\_work\dbded102\vso\tfs\service\webaccess\releasepipeline\testscripts\tests\tests.releasemanagement.definition.objectviewmodel.environmentdefinition.ts" id="3b533933-cbfe-4fd5-867a-9c5306431f26">
      <Execution id="946825f0-993e-4bc5-8037-c9b251641fcd" />
      <TestMethod codeBase="d:\v2.0\a1\_work\dbded102\vso\tfs\service\webaccess\releasepipeline\testscripts\tests\tests.releasemanagement.definition.objectviewmodel.environmentdefinition.ts" adapterTypeName="Microsoft.VisualStudio.TestTools.TestTypes.Unit.UnitTestAdapter" className="d:\v2.0\a1\_work\dbded102\vso\tfs\service\webaccess\releasepipeline\testscripts\tests\tests.releasemanagement.definition.objectviewmodel.environmentdefinition" name="EnvironmentDefinitionObjectViewModelTests Validate model when name changed in EnvironmentDefinitionViewModel" />
    </UnitTest>
    <UnitTest name="EnvironmentDefinitionObjectViewModelTests Should be able to create EnvironmentDefinitionListViewModel" storage="d:\v2.0\a1\_work\dbded102\vso\tfs\service\webaccess\releasepipeline\testscripts\tests\tests.releasemanagement.definition.objectviewmodel.environmentdefinition.ts" id="68517634-1c25-43ac-ace0-6a730c73cd21">
      <Execution id="f6b455f6-b023-4d0d-87ca-07c6898aee1b" />
      <TestMethod codeBase="d:\v2.0\a1\_work\dbded102\vso\tfs\service\webaccess\releasepipeline\testscripts\tests\tests.releasemanagement.definition.objectviewmodel.environmentdefinition.ts" adapterTypeName="Microsoft.VisualStudio.TestTools.TestTypes.Unit.UnitTestAdapter" className="d:\v2.0\a1\_work\dbded102\vso\tfs\service\webaccess\releasepipeline\testscripts\tests\tests.releasemanagement.definition.objectviewmodel.environmentdefinition" name="EnvironmentDefinitionObjectViewModelTests Should be able to create EnvironmentDefinitionListViewModel" />
    </UnitTest>
    <UnitTest name="EnvironmentDefinitionObjectViewModelTests Validate model state when environemnt definition added or removed in EnvironmentDefinitionListViewModel" storage="d:\v2.0\a1\_work\dbded102\vso\tfs\service\webaccess\releasepipeline\testscripts\tests\tests.releasemanagement.definition.objectviewmodel.environmentdefinition.ts" id="a8a75ce4-3a0c-437c-b120-ed0fd8fe73c9">
      <Execution id="0a45158d-6b05-412f-94ac-5cf306e1ebcf" />
      <TestMethod codeBase="d:\v2.0\a1\_work\dbded102\vso\tfs\service\webaccess\releasepipeline\testscripts\tests\tests.releasemanagement.definition.objectviewmodel.environmentdefinition.ts" adapterTypeName="Microsoft.VisualStudio.TestTools.TestTypes.Unit.UnitTestAdapter" className="d:\v2.0\a1\_work\dbded102\vso\tfs\service\webaccess\releasepipeline\testscripts\tests\tests.releasemanagement.definition.objectviewmodel.environmentdefinition" name="EnvironmentDefinitionObjectViewModelTests Validate model state when environemnt definition added or removed in EnvironmentDefinitionListViewModel" />
    </UnitTest>
    <UnitTest name="EnvironmentDefinitionObjectViewModelTests Validate model state when definition moved in EnvironmentDefinitionListViewModel. Test 1" storage="d:\v2.0\a1\_work\dbded102\vso\tfs\service\webaccess\releasepipeline\testscripts\tests\tests.releasemanagement.definition.objectviewmodel.environmentdefinition.ts" id="b3fa2177-7943-42c9-b9cc-fac9a31b9701">
      <Execution id="63d5201a-43bc-4dd4-90a0-d6a99e812320" />
      <TestMethod codeBase="d:\v2.0\a1\_work\dbded102\vso\tfs\service\webaccess\releasepipeline\testscripts\tests\tests.releasemanagement.definition.objectviewmodel.environmentdefinition.ts" adapterTypeName="Microsoft.VisualStudio.TestTools.TestTypes.Unit.UnitTestAdapter" className="d:\v2.0\a1\_work\dbded102\vso\tfs\service\webaccess\releasepipeline\testscripts\tests\tests.releasemanagement.definition.objectviewmodel.environmentdefinition.ts::environmentdefinitionobjectviewmodeltests::validate model state when definition moved in environmentdefinitionlistviewmodel" name="EnvironmentDefinitionObjectViewModelTests Validate model state when definition moved in EnvironmentDefinitionListViewModel. Test 1" />
    </UnitTest>
    <UnitTest name="EnvironmentDefinitionObjectViewModelTests Validate model state when definition moved in EnvironmentDefinitionListViewModel. Test 2" storage="d:\v2.0\a1\_work\dbded102\vso\tfs\service\webaccess\releasepipeline\testscripts\tests\tests.releasemanagement.definition.objectviewmodel.environmentdefinition.ts" id="453ca630-83d2-4c39-91b2-74b7ebd73246">
      <Execution id="ef71bf61-5136-4a95-91dc-63960bad0562" />
      <TestMethod codeBase="d:\v2.0\a1\_work\dbded102\vso\tfs\service\webaccess\releasepipeline\testscripts\tests\tests.releasemanagement.definition.objectviewmodel.environmentdefinition.ts" adapterTypeName="Microsoft.VisualStudio.TestTools.TestTypes.Unit.UnitTestAdapter" className="d:\v2.0\a1\_work\dbded102\vso\tfs\service\webaccess\releasepipeline\testscripts\tests\tests.releasemanagement.definition.objectviewmodel.environmentdefinition.ts::environmentdefinitionobjectviewmodeltests::validate model state when definition moved in environmentdefinitionlistviewmodel" name="EnvironmentDefinitionObjectViewModelTests Validate model state when definition moved in EnvironmentDefinitionListViewModel. Test 2" />
    </UnitTest>
    <UnitTest name="EnvironmentDefinitionObjectViewModelTests Validate model state when definition moved in EnvironmentDefinitionListViewModel. Test 3" storage="d:\v2.0\a1\_work\dbded102\vso\tfs\service\webaccess\releasepipeline\testscripts\tests\tests.releasemanagement.definition.objectviewmodel.environmentdefinition.ts" id="2d25731f-f167-41a2-a5de-77b7d9a25736">
      <Execution id="966883c4-f501-4f15-9c12-ba576b6dbea5" />
      <TestMethod codeBase="d:\v2.0\a1\_work\dbded102\vso\tfs\service\webaccess\releasepipeline\testscripts\tests\tests.releasemanagement.definition.objectviewmodel.environmentdefinition.ts" adapterTypeName="Microsoft.VisualStudio.TestTools.TestTypes.Unit.UnitTestAdapter" className="d:\v2.0\a1\_work\dbded102\vso\tfs\service\webaccess\releasepipeline\testscripts\tests\tests.releasemanagement.definition.objectviewmodel.environmentdefinition.ts::environmentdefinitionobjectviewmodeltests::validate model state when definition moved in environmentdefinitionlistviewmodel" name="EnvironmentDefinitionObjectViewModelTests Validate model state when definition moved in EnvironmentDefinitionListViewModel. Test 3" />
    </UnitTest>
    <UnitTest name="EnvironmentDefinitionObjectViewModelTests Validate model state when definition moved in EnvironmentDefinitionListViewModel. Test 4" storage="d:\v2.0\a1\_work\dbded102\vso\tfs\service\webaccess\releasepipeline\testscripts\tests\tests.releasemanagement.definition.objectviewmodel.environmentdefinition.ts" id="720d5586-2cbb-4185-8b03-8187a9399d62">
      <Execution id="146d4d56-0511-43c7-8887-347f65b59687" />
      <TestMethod codeBase="d:\v2.0\a1\_work\dbded102\vso\tfs\service\webaccess\releasepipeline\testscripts\tests\tests.releasemanagement.definition.objectviewmodel.environmentdefinition.ts" adapterTypeName="Microsoft.VisualStudio.TestTools.TestTypes.Unit.UnitTestAdapter" className="d:\v2.0\a1\_work\dbded102\vso\tfs\service\webaccess\releasepipeline\testscripts\tests\tests.releasemanagement.definition.objectviewmodel.environmentdefinition.ts::environmentdefinitionobjectviewmodeltests::validate model state when definition moved in environmentdefinitionlistviewmodel" name="EnvironmentDefinitionObjectViewModelTests Validate model state when definition moved in EnvironmentDefinitionListViewModel. Test 4" />
    </UnitTest>
    <UnitTest name="EnvironmentDefinitionObjectViewModelTests Validate model state when definition moved in EnvironmentDefinitionListViewModel. Test 5" storage="d:\v2.0\a1\_work\dbded102\vso\tfs\service\webaccess\releasepipeline\testscripts\tests\tests.releasemanagement.definition.objectviewmodel.environmentdefinition.ts" id="126acf5a-819d-4218-bbf8-4a14897f9f18">
      <Execution id="3282517f-7a77-4f86-b6ea-0e511641d8b5" />
      <TestMethod codeBase="d:\v2.0\a1\_work\dbded102\vso\tfs\service\webaccess\releasepipeline\testscripts\tests\tests.releasemanagement.definition.objectviewmodel.environmentdefinition.ts" adapterTypeName="Microsoft.VisualStudio.TestTools.TestTypes.Unit.UnitTestAdapter" className="d:\v2.0\a1\_work\dbded102\vso\tfs\service\webaccess\releasepipeline\testscripts\tests\tests.releasemanagement.definition.objectviewmodel.environmentdefinition.ts::environmentdefinitionobjectviewmodeltests::validate model state when definition moved in environmentdefinitionlistviewmodel" name="EnvironmentDefinitionObjectViewModelTests Validate model state when definition moved in EnvironmentDefinitionListViewModel. Test 5" />
    </UnitTest>
    <UnitTest name="EnvironmentDefinitionObjectViewModelTests Validate model state when definition moved in EnvironmentDefinitionListViewModel. Test 6" storage="d:\v2.0\a1\_work\dbded102\vso\tfs\service\webaccess\releasepipeline\testscripts\tests\tests.releasemanagement.definition.objectviewmodel.environmentdefinition.ts" id="01dcab77-cc75-4870-a9aa-144ba788b910">
      <Execution id="031a1df8-dfa9-4fde-86d3-2b9fd3e5b60a" />
      <TestMethod codeBase="d:\v2.0\a1\_work\dbded102\vso\tfs\service\webaccess\releasepipeline\testscripts\tests\tests.releasemanagement.definition.objectviewmodel.environmentdefinition.ts" adapterTypeName="Microsoft.VisualStudio.TestTools.TestTypes.Unit.UnitTestAdapter" className="d:\v2.0\a1\_work\dbded102\vso\tfs\service\webaccess\releasepipeline\testscripts\tests\tests.releasemanagement.definition.objectviewmodel.environmentdefinition.ts::environmentdefinitionobjectviewmodeltests::validate model state when definition moved in environmentdefinitionlistviewmodel" name="EnvironmentDefinitionObjectViewModelTests Validate model state when definition moved in EnvironmentDefinitionListViewModel. Test 6" />
    </UnitTest>
    <UnitTest name="EnvironmentDefinitionObjectViewModelTests Validate model update with unordered elements on EnvironmentDefinitionListViewModel" storage="d:\v2.0\a1\_work\dbded102\vso\tfs\service\webaccess\releasepipeline\testscripts\tests\tests.releasemanagement.definition.objectviewmodel.environmentdefinition.ts" id="876d3832-860f-4d61-8cac-443e14c6c49c">
      <Execution id="b2e9edd2-494b-44e0-bdf1-dd226a9e1f25" />
      <TestMethod codeBase="d:\v2.0\a1\_work\dbded102\vso\tfs\service\webaccess\releasepipeline\testscripts\tests\tests.releasemanagement.definition.objectviewmodel.environmentdefinition.ts" adapterTypeName="Microsoft.VisualStudio.TestTools.TestTypes.Unit.UnitTestAdapter" className="d:\v2.0\a1\_work\dbded102\vso\tfs\service\webaccess\releasepipeline\testscripts\tests\tests.releasemanagement.definition.objectviewmodel.environmentdefinition" name="EnvironmentDefinitionObjectViewModelTests Validate model update with unordered elements on EnvironmentDefinitionListViewModel" />
    </UnitTest>
    <UnitTest name="EnvironmentDefinitionObjectViewModelTests Approvers View model should have preDeploymentAutomation and PostDeploymentAutomation should be true by default" storage="d:\v2.0\a1\_work\dbded102\vso\tfs\service\webaccess\releasepipeline\testscripts\tests\tests.releasemanagement.definition.objectviewmodel.environmentdefinition.ts" id="a9f1f5b0-f2fc-47cf-a403-b2dc7f529665">
      <Execution id="26835814-f0ea-4e65-a10f-e651007a859a" />
      <TestMethod codeBase="d:\v2.0\a1\_work\dbded102\vso\tfs\service\webaccess\releasepipeline\testscripts\tests\tests.releasemanagement.definition.objectviewmodel.environmentdefinition.ts" adapterTypeName="Microsoft.VisualStudio.TestTools.TestTypes.Unit.UnitTestAdapter" className="d:\v2.0\a1\_work\dbded102\vso\tfs\service\webaccess\releasepipeline\testscripts\tests\tests.releasemanagement.definition.objectviewmodel.environmentdefinition" name="EnvironmentDefinitionObjectViewModelTests Approvers View model should have preDeploymentAutomation and PostDeploymentAutomation should be true by default" />
    </UnitTest>
    <UnitTest name="EnvironmentDefinitionObjectViewModelTests Approvers View Model should set the rank to 1 for all approvers" storage="d:\v2.0\a1\_work\dbded102\vso\tfs\service\webaccess\releasepipeline\testscripts\tests\tests.releasemanagement.definition.objectviewmodel.environmentdefinition.ts" id="4311f572-111c-4b36-9d8c-5d8b5d7dce57">
      <Execution id="ce50a8d5-50c2-40a5-9641-b33afddd4f5a" />
      <TestMethod codeBase="d:\v2.0\a1\_work\dbded102\vso\tfs\service\webaccess\releasepipeline\testscripts\tests\tests.releasemanagement.definition.objectviewmodel.environmentdefinition.ts" adapterTypeName="Microsoft.VisualStudio.TestTools.TestTypes.Unit.UnitTestAdapter" className="d:\v2.0\a1\_work\dbded102\vso\tfs\service\webaccess\releasepipeline\testscripts\tests\tests.releasemanagement.definition.objectviewmodel.environmentdefinition" name="EnvironmentDefinitionObjectViewModelTests Approvers View Model should set the rank to 1 for all approvers" />
    </UnitTest>
    <UnitTest name="EnvironmentDefinitionObjectViewModelTests Saving the release dfinition should save the version of the task as *" storage="d:\v2.0\a1\_work\dbded102\vso\tfs\service\webaccess\releasepipeline\testscripts\tests\tests.releasemanagement.definition.objectviewmodel.environmentdefinition.ts" id="9773f41c-3da6-4f85-884b-794687e222b2">
      <Execution id="3fd579c9-466b-4b4d-a3f5-57d489312cec" />
      <TestMethod codeBase="d:\v2.0\a1\_work\dbded102\vso\tfs\service\webaccess\releasepipeline\testscripts\tests\tests.releasemanagement.definition.objectviewmodel.environmentdefinition.ts" adapterTypeName="Microsoft.VisualStudio.TestTools.TestTypes.Unit.UnitTestAdapter" className="d:\v2.0\a1\_work\dbded102\vso\tfs\service\webaccess\releasepipeline\testscripts\tests\tests.releasemanagement.definition.objectviewmodel.environmentdefinition" name="EnvironmentDefinitionObjectViewModelTests Saving the release dfinition should save the version of the task as *" />
    </UnitTest>
    <UnitTest name="EnvironmentDefinitionObjectViewModelTests VariablesViewModel's disableEdit must be set correctly" storage="d:\v2.0\a1\_work\dbded102\vso\tfs\service\webaccess\releasepipeline\testscripts\tests\tests.releasemanagement.definition.objectviewmodel.environmentdefinition.ts" id="0f7c694a-78a2-406f-8512-95f9e480ba11">
      <Execution id="97725dbd-d6cd-4ebd-9efb-301928a3f3d8" />
      <TestMethod codeBase="d:\v2.0\a1\_work\dbded102\vso\tfs\service\webaccess\releasepipeline\testscripts\tests\tests.releasemanagement.definition.objectviewmodel.environmentdefinition.ts" adapterTypeName="Microsoft.VisualStudio.TestTools.TestTypes.Unit.UnitTestAdapter" className="d:\v2.0\a1\_work\dbded102\vso\tfs\service\webaccess\releasepipeline\testscripts\tests\tests.releasemanagement.definition.objectviewmodel.environmentdefinition" name="EnvironmentDefinitionObjectViewModelTests VariablesViewModel's disableEdit must be set correctly" />
    </UnitTest>
    <UnitTest name="EnvironmentDefinitionObjectViewModelTests getEnvironmentTileEditOptions must return right environmentTileEditPermissions" storage="d:\v2.0\a1\_work\dbded102\vso\tfs\service\webaccess\releasepipeline\testscripts\tests\tests.releasemanagement.definition.objectviewmodel.environmentdefinition.ts" id="dbf087e8-57bf-4e51-a10e-ed846688da90">
      <Execution id="7e6d0ebb-83f7-448c-bbe6-d90cd1de39aa" />
      <TestMethod codeBase="d:\v2.0\a1\_work\dbded102\vso\tfs\service\webaccess\releasepipeline\testscripts\tests\tests.releasemanagement.definition.objectviewmodel.environmentdefinition.ts" adapterTypeName="Microsoft.VisualStudio.TestTools.TestTypes.Unit.UnitTestAdapter" className="d:\v2.0\a1\_work\dbded102\vso\tfs\service\webaccess\releasepipeline\testscripts\tests\tests.releasemanagement.definition.objectviewmodel.environmentdefinition" name="EnvironmentDefinitionObjectViewModelTests getEnvironmentTileEditOptions must return right environmentTileEditPermissions" />
    </UnitTest>
    <UnitTest name="EnvironmentDefinitionObjectViewModelTests getApprovalsEditability must return a right value" storage="d:\v2.0\a1\_work\dbded102\vso\tfs\service\webaccess\releasepipeline\testscripts\tests\tests.releasemanagement.definition.objectviewmodel.environmentdefinition.ts" id="01a9e232-a26b-4e9f-b6bb-b57c040dd47a">
      <Execution id="9303ac30-7f65-4403-b303-a265e94490f2" />
      <TestMethod codeBase="d:\v2.0\a1\_work\dbded102\vso\tfs\service\webaccess\releasepipeline\testscripts\tests\tests.releasemanagement.definition.objectviewmodel.environmentdefinition.ts" adapterTypeName="Microsoft.VisualStudio.TestTools.TestTypes.Unit.UnitTestAdapter" className="d:\v2.0\a1\_work\dbded102\vso\tfs\service\webaccess\releasepipeline\testscripts\tests\tests.releasemanagement.definition.objectviewmodel.environmentdefinition" name="EnvironmentDefinitionObjectViewModelTests getApprovalsEditability must return a right value" />
    </UnitTest>
    <UnitTest name="GeneralSettingsListViewModelTests Should be able to create GeneralSettingsListViewModel object with an empty variable" storage="d:\v2.0\a1\_work\dbded102\vso\tfs\service\webaccess\releasepipeline\testscripts\tests\tests.releasemanagement.definition.objectviewmodel.generalsettings.ts" id="704bf54e-7a6d-40fc-8304-0b485c8f295e">
      <Execution id="4bea7a64-35dc-4067-a108-181bf0ab1ab0" />
      <TestMethod codeBase="d:\v2.0\a1\_work\dbded102\vso\tfs\service\webaccess\releasepipeline\testscripts\tests\tests.releasemanagement.definition.objectviewmodel.generalsettings.ts" adapterTypeName="Microsoft.VisualStudio.TestTools.TestTypes.Unit.UnitTestAdapter" className="d:\v2.0\a1\_work\dbded102\vso\tfs\service\webaccess\releasepipeline\testscripts\tests\tests.releasemanagement.definition.objectviewmodel.generalsettings" name="GeneralSettingsListViewModelTests Should be able to create GeneralSettingsListViewModel object with an empty variable" />
    </UnitTest>
    <UnitTest name="GeneralSettingsListViewModelTests Should be able to create GeneralSettingsListViewModel object with correct setting" storage="d:\v2.0\a1\_work\dbded102\vso\tfs\service\webaccess\releasepipeline\testscripts\tests\tests.releasemanagement.definition.objectviewmodel.generalsettings.ts" id="bcb1c50d-3e35-4c86-b9cf-e907b5882ee7">
      <Execution id="c1ade5e0-ddb7-4126-ac58-3a99357c3569" />
      <TestMethod codeBase="d:\v2.0\a1\_work\dbded102\vso\tfs\service\webaccess\releasepipeline\testscripts\tests\tests.releasemanagement.definition.objectviewmodel.generalsettings.ts" adapterTypeName="Microsoft.VisualStudio.TestTools.TestTypes.Unit.UnitTestAdapter" className="d:\v2.0\a1\_work\dbded102\vso\tfs\service\webaccess\releasepipeline\testscripts\tests\tests.releasemanagement.definition.objectviewmodel.generalsettings" name="GeneralSettingsListViewModelTests Should be able to create GeneralSettingsListViewModel object with correct setting" />
    </UnitTest>
    <UnitTest name="GeneralSettingsListViewModelTests Update should correctly add settings" storage="d:\v2.0\a1\_work\dbded102\vso\tfs\service\webaccess\releasepipeline\testscripts\tests\tests.releasemanagement.definition.objectviewmodel.generalsettings.ts" id="dbf333ac-3acc-45a5-a76c-18c3de2778f6">
      <Execution id="5e5d8c7f-1075-4f68-bf71-00e1b4e3a3ea" />
      <TestMethod codeBase="d:\v2.0\a1\_work\dbded102\vso\tfs\service\webaccess\releasepipeline\testscripts\tests\tests.releasemanagement.definition.objectviewmodel.generalsettings.ts" adapterTypeName="Microsoft.VisualStudio.TestTools.TestTypes.Unit.UnitTestAdapter" className="d:\v2.0\a1\_work\dbded102\vso\tfs\service\webaccess\releasepipeline\testscripts\tests\tests.releasemanagement.definition.objectviewmodel.generalsettings" name="GeneralSettingsListViewModelTests Update should correctly add settings" />
    </UnitTest>
    <UnitTest name="GeneralSettingsListViewModelTests Should be able to update settings" storage="d:\v2.0\a1\_work\dbded102\vso\tfs\service\webaccess\releasepipeline\testscripts\tests\tests.releasemanagement.definition.objectviewmodel.generalsettings.ts" id="659e584c-c331-4661-8370-f35a842551ba">
      <Execution id="49f17c89-bf66-4d44-9e8b-00677076ccb5" />
      <TestMethod codeBase="d:\v2.0\a1\_work\dbded102\vso\tfs\service\webaccess\releasepipeline\testscripts\tests\tests.releasemanagement.definition.objectviewmodel.generalsettings.ts" adapterTypeName="Microsoft.VisualStudio.TestTools.TestTypes.Unit.UnitTestAdapter" className="d:\v2.0\a1\_work\dbded102\vso\tfs\service\webaccess\releasepipeline\testscripts\tests\tests.releasemanagement.definition.objectviewmodel.generalsettings" name="GeneralSettingsListViewModelTests Should be able to update settings" />
    </UnitTest>
    <UnitTest name="GeneralSettingsListViewModelTests Should be able to add settings with empty values" storage="d:\v2.0\a1\_work\dbded102\vso\tfs\service\webaccess\releasepipeline\testscripts\tests\tests.releasemanagement.definition.objectviewmodel.generalsettings.ts" id="4b8be3de-6c01-4b25-a31c-bbee38de2dfe">
      <Execution id="105dd5de-fe95-4e0e-ae9d-454bda583fae" />
      <TestMethod codeBase="d:\v2.0\a1\_work\dbded102\vso\tfs\service\webaccess\releasepipeline\testscripts\tests\tests.releasemanagement.definition.objectviewmodel.generalsettings.ts" adapterTypeName="Microsoft.VisualStudio.TestTools.TestTypes.Unit.UnitTestAdapter" className="d:\v2.0\a1\_work\dbded102\vso\tfs\service\webaccess\releasepipeline\testscripts\tests\tests.releasemanagement.definition.objectviewmodel.generalsettings" name="GeneralSettingsListViewModelTests Should be able to add settings with empty values" />
    </UnitTest>
    <UnitTest name="GeneralSettingsListViewModelTests Update should not make any change if input is null" storage="d:\v2.0\a1\_work\dbded102\vso\tfs\service\webaccess\releasepipeline\testscripts\tests\tests.releasemanagement.definition.objectviewmodel.generalsettings.ts" id="8d87315f-f68c-4fd2-81df-3f48914a86ef">
      <Execution id="c6d8ce2d-eca6-43ca-8e6c-89e14a0f6f9c" />
      <TestMethod codeBase="d:\v2.0\a1\_work\dbded102\vso\tfs\service\webaccess\releasepipeline\testscripts\tests\tests.releasemanagement.definition.objectviewmodel.generalsettings.ts" adapterTypeName="Microsoft.VisualStudio.TestTools.TestTypes.Unit.UnitTestAdapter" className="d:\v2.0\a1\_work\dbded102\vso\tfs\service\webaccess\releasepipeline\testscripts\tests\tests.releasemanagement.definition.objectviewmodel.generalsettings" name="GeneralSettingsListViewModelTests Update should not make any change if input is null" />
    </UnitTest>
    <UnitTest name="GeneralSettingsListViewModelTests ComputeDirty should return true if setting length is different from original" storage="d:\v2.0\a1\_work\dbded102\vso\tfs\service\webaccess\releasepipeline\testscripts\tests\tests.releasemanagement.definition.objectviewmodel.generalsettings.ts" id="9027f1bb-7653-4653-82b8-29ecea94572c">
      <Execution id="7b0b66e5-6b12-4ffd-86c9-c0ee62c755ce" />
      <TestMethod codeBase="d:\v2.0\a1\_work\dbded102\vso\tfs\service\webaccess\releasepipeline\testscripts\tests\tests.releasemanagement.definition.objectviewmodel.generalsettings.ts" adapterTypeName="Microsoft.VisualStudio.TestTools.TestTypes.Unit.UnitTestAdapter" className="d:\v2.0\a1\_work\dbded102\vso\tfs\service\webaccess\releasepipeline\testscripts\tests\tests.releasemanagement.definition.objectviewmodel.generalsettings" name="GeneralSettingsListViewModelTests ComputeDirty should return true if setting length is different from original" />
    </UnitTest>
    <UnitTest name="GeneralSettingsListViewModelTests ComputeDirty should return true if a particular setting value is changed" storage="d:\v2.0\a1\_work\dbded102\vso\tfs\service\webaccess\releasepipeline\testscripts\tests\tests.releasemanagement.definition.objectviewmodel.generalsettings.ts" id="2200e105-edde-4465-ac20-ea7a054eaadb">
      <Execution id="75b99ac1-0a47-4f89-8e44-03f077796251" />
      <TestMethod codeBase="d:\v2.0\a1\_work\dbded102\vso\tfs\service\webaccess\releasepipeline\testscripts\tests\tests.releasemanagement.definition.objectviewmodel.generalsettings.ts" adapterTypeName="Microsoft.VisualStudio.TestTools.TestTypes.Unit.UnitTestAdapter" className="d:\v2.0\a1\_work\dbded102\vso\tfs\service\webaccess\releasepipeline\testscripts\tests\tests.releasemanagement.definition.objectviewmodel.generalsettings" name="GeneralSettingsListViewModelTests ComputeDirty should return true if a particular setting value is changed" />
    </UnitTest>
    <UnitTest name="GeneralSettingsListViewModelTests GetValue should return empty if no setting exists" storage="d:\v2.0\a1\_work\dbded102\vso\tfs\service\webaccess\releasepipeline\testscripts\tests\tests.releasemanagement.definition.objectviewmodel.generalsettings.ts" id="33204af1-38f2-488a-a09b-87772f8c6360">
      <Execution id="a21847ec-eaaa-4d56-b976-6b93af1de8a0" />
      <TestMethod codeBase="d:\v2.0\a1\_work\dbded102\vso\tfs\service\webaccess\releasepipeline\testscripts\tests\tests.releasemanagement.definition.objectviewmodel.generalsettings.ts" adapterTypeName="Microsoft.VisualStudio.TestTools.TestTypes.Unit.UnitTestAdapter" className="d:\v2.0\a1\_work\dbded102\vso\tfs\service\webaccess\releasepipeline\testscripts\tests\tests.releasemanagement.definition.objectviewmodel.generalsettings" name="GeneralSettingsListViewModelTests GetValue should return empty if no setting exists" />
    </UnitTest>
    <UnitTest name="GeneralSettingsListViewModelTests GetValue should return correct settings and their values" storage="d:\v2.0\a1\_work\dbded102\vso\tfs\service\webaccess\releasepipeline\testscripts\tests\tests.releasemanagement.definition.objectviewmodel.generalsettings.ts" id="0477731c-4af4-4877-ae53-bfd95f4b38ec">
      <Execution id="312ae2e5-14ac-47fc-a8b5-a39ec567fcb1" />
      <TestMethod codeBase="d:\v2.0\a1\_work\dbded102\vso\tfs\service\webaccess\releasepipeline\testscripts\tests\tests.releasemanagement.definition.objectviewmodel.generalsettings.ts" adapterTypeName="Microsoft.VisualStudio.TestTools.TestTypes.Unit.UnitTestAdapter" className="d:\v2.0\a1\_work\dbded102\vso\tfs\service\webaccess\releasepipeline\testscripts\tests\tests.releasemanagement.definition.objectviewmodel.generalsettings" name="GeneralSettingsListViewModelTests GetValue should return correct settings and their values" />
    </UnitTest>
    <UnitTest name="SettingVariableViewModelTests Should be able to create SettingVariableViewModel" storage="d:\v2.0\a1\_work\dbded102\vso\tfs\service\webaccess\releasepipeline\testscripts\tests\tests.releasemanagement.definition.objectviewmodel.generalsettings.ts" id="443f4f88-3441-4dd2-bfca-8547d03cc80c">
      <Execution id="35e05d87-cd7a-4af2-b8f3-0398c333bed4" />
      <TestMethod codeBase="d:\v2.0\a1\_work\dbded102\vso\tfs\service\webaccess\releasepipeline\testscripts\tests\tests.releasemanagement.definition.objectviewmodel.generalsettings.ts" adapterTypeName="Microsoft.VisualStudio.TestTools.TestTypes.Unit.UnitTestAdapter" className="d:\v2.0\a1\_work\dbded102\vso\tfs\service\webaccess\releasepipeline\testscripts\tests\tests.releasemanagement.definition.objectviewmodel.generalsettings" name="SettingVariableViewModelTests Should be able to create SettingVariableViewModel" />
    </UnitTest>
    <UnitTest name="SettingVariableViewModelTests getValue should return correct values for SettingVariableViewModel" storage="d:\v2.0\a1\_work\dbded102\vso\tfs\service\webaccess\releasepipeline\testscripts\tests\tests.releasemanagement.definition.objectviewmodel.generalsettings.ts" id="60b050a6-3ab3-42aa-8611-94c4d4775b00">
      <Execution id="e5748c27-9865-4b31-9940-a2a3033fe025" />
      <TestMethod codeBase="d:\v2.0\a1\_work\dbded102\vso\tfs\service\webaccess\releasepipeline\testscripts\tests\tests.releasemanagement.definition.objectviewmodel.generalsettings.ts" adapterTypeName="Microsoft.VisualStudio.TestTools.TestTypes.Unit.UnitTestAdapter" className="d:\v2.0\a1\_work\dbded102\vso\tfs\service\webaccess\releasepipeline\testscripts\tests\tests.releasemanagement.definition.objectviewmodel.generalsettings" name="SettingVariableViewModelTests getValue should return correct values for SettingVariableViewModel" />
    </UnitTest>
    <UnitTest name="SettingVariableViewModelTests getValue should return correct values for SettingVariableViewModel" storage="d:\v2.0\a1\_work\dbded102\vso\tfs\service\webaccess\releasepipeline\testscripts\tests\tests.releasemanagement.definition.objectviewmodel.generalsettings.ts" id="b9500968-e803-414a-9367-71cc399ebf39">
      <Execution id="e37039f5-10d3-4d82-87c4-4a3a99b597b2" />
      <TestMethod codeBase="d:\v2.0\a1\_work\dbded102\vso\tfs\service\webaccess\releasepipeline\testscripts\tests\tests.releasemanagement.definition.objectviewmodel.generalsettings.ts" adapterTypeName="Microsoft.VisualStudio.TestTools.TestTypes.Unit.UnitTestAdapter" className="d:\v2.0\a1\_work\dbded102\vso\tfs\service\webaccess\releasepipeline\testscripts\tests\tests.releasemanagement.definition.objectviewmodel.generalsettings" name="SettingVariableViewModelTests getValue should return correct values for SettingVariableViewModel" />
    </UnitTest>
    <UnitTest name="SettingVariableViewModelTests dirty flag should be set when setting value is changed" storage="d:\v2.0\a1\_work\dbded102\vso\tfs\service\webaccess\releasepipeline\testscripts\tests\tests.releasemanagement.definition.objectviewmodel.generalsettings.ts" id="01f348b9-4163-4bc9-8e10-afa74f7627e2">
      <Execution id="e2aadd8f-9640-4b27-aec3-20c3307ab4ad" />
      <TestMethod codeBase="d:\v2.0\a1\_work\dbded102\vso\tfs\service\webaccess\releasepipeline\testscripts\tests\tests.releasemanagement.definition.objectviewmodel.generalsettings.ts" adapterTypeName="Microsoft.VisualStudio.TestTools.TestTypes.Unit.UnitTestAdapter" className="d:\v2.0\a1\_work\dbded102\vso\tfs\service\webaccess\releasepipeline\testscripts\tests\tests.releasemanagement.definition.objectviewmodel.generalsettings" name="SettingVariableViewModelTests dirty flag should be set when setting value is changed" />
    </UnitTest>
    <UnitTest name="ReleaseDefinitionObjectViewModelTests Should be able to create ReleaseDefinitionSnapshotViewModel" storage="d:\v2.0\a1\_work\dbded102\vso\tfs\service\webaccess\releasepipeline\testscripts\tests\tests.releasemanagement.definition.objectviewmodel.releasedefinition.ts" id="c7e4fb7c-324d-4309-9b64-704843b959ac">
      <Execution id="3a5e40d2-043f-4e3f-b5eb-5123fcbefc61" />
      <TestMethod codeBase="d:\v2.0\a1\_work\dbded102\vso\tfs\service\webaccess\releasepipeline\testscripts\tests\tests.releasemanagement.definition.objectviewmodel.releasedefinition.ts" adapterTypeName="Microsoft.VisualStudio.TestTools.TestTypes.Unit.UnitTestAdapter" className="d:\v2.0\a1\_work\dbded102\vso\tfs\service\webaccess\releasepipeline\testscripts\tests\tests.releasemanagement.definition.objectviewmodel.releasedefinition" name="ReleaseDefinitionObjectViewModelTests Should be able to create ReleaseDefinitionSnapshotViewModel" />
    </UnitTest>
    <UnitTest name="ReleaseDefinitionObjectViewModelTests Should be able to update ReleaseDefinitionSnapshotViewModel" storage="d:\v2.0\a1\_work\dbded102\vso\tfs\service\webaccess\releasepipeline\testscripts\tests\tests.releasemanagement.definition.objectviewmodel.releasedefinition.ts" id="bfb4f908-3399-4f37-b948-b895d09aa295">
      <Execution id="e3621b55-1509-491d-940d-6726c77765d7" />
      <TestMethod codeBase="d:\v2.0\a1\_work\dbded102\vso\tfs\service\webaccess\releasepipeline\testscripts\tests\tests.releasemanagement.definition.objectviewmodel.releasedefinition.ts" adapterTypeName="Microsoft.VisualStudio.TestTools.TestTypes.Unit.UnitTestAdapter" className="d:\v2.0\a1\_work\dbded102\vso\tfs\service\webaccess\releasepipeline\testscripts\tests\tests.releasemanagement.definition.objectviewmodel.releasedefinition" name="ReleaseDefinitionObjectViewModelTests Should be able to update ReleaseDefinitionSnapshotViewModel" />
    </UnitTest>
    <UnitTest name="ReleaseDefinitionObjectViewModelTests Validate that release definition snapshot is invalid when there is no title" storage="d:\v2.0\a1\_work\dbded102\vso\tfs\service\webaccess\releasepipeline\testscripts\tests\tests.releasemanagement.definition.objectviewmodel.releasedefinition.ts" id="2586397d-1b2b-4e2c-ad2c-c1ab400b1222">
      <Execution id="0715d619-ed0c-4458-82bc-dd307f1a5bab" />
      <TestMethod codeBase="d:\v2.0\a1\_work\dbded102\vso\tfs\service\webaccess\releasepipeline\testscripts\tests\tests.releasemanagement.definition.objectviewmodel.releasedefinition.ts" adapterTypeName="Microsoft.VisualStudio.TestTools.TestTypes.Unit.UnitTestAdapter" className="d:\v2.0\a1\_work\dbded102\vso\tfs\service\webaccess\releasepipeline\testscripts\tests\tests.releasemanagement.definition.objectviewmodel.releasedefinition" name="ReleaseDefinitionObjectViewModelTests Validate that release definition snapshot is invalid when there is no title" />
    </UnitTest>
    <UnitTest name="ReleaseDefinitionObjectViewModelTests Validate that making environments invalid will also make release definition invalid" storage="d:\v2.0\a1\_work\dbded102\vso\tfs\service\webaccess\releasepipeline\testscripts\tests\tests.releasemanagement.definition.objectviewmodel.releasedefinition.ts" id="c6ef625c-b350-4255-b68b-aa75cc03b508">
      <Execution id="ab763bd4-eb1c-4356-9add-c22e0cf8ecc2" />
      <TestMethod codeBase="d:\v2.0\a1\_work\dbded102\vso\tfs\service\webaccess\releasepipeline\testscripts\tests\tests.releasemanagement.definition.objectviewmodel.releasedefinition.ts" adapterTypeName="Microsoft.VisualStudio.TestTools.TestTypes.Unit.UnitTestAdapter" className="d:\v2.0\a1\_work\dbded102\vso\tfs\service\webaccess\releasepipeline\testscripts\tests\tests.releasemanagement.definition.objectviewmodel.releasedefinition" name="ReleaseDefinitionObjectViewModelTests Validate that making environments invalid will also make release definition invalid" />
    </UnitTest>
    <UnitTest name="ReleaseDefinitionObjectViewModelTests Validate that changing title will make the release definition dirty" storage="d:\v2.0\a1\_work\dbded102\vso\tfs\service\webaccess\releasepipeline\testscripts\tests\tests.releasemanagement.definition.objectviewmodel.releasedefinition.ts" id="95d1ef9f-0d27-4f8a-90df-eda045c4bb52">
      <Execution id="dbfe0298-d92b-4da4-a7b6-a4ee9149a6e9" />
      <TestMethod codeBase="d:\v2.0\a1\_work\dbded102\vso\tfs\service\webaccess\releasepipeline\testscripts\tests\tests.releasemanagement.definition.objectviewmodel.releasedefinition.ts" adapterTypeName="Microsoft.VisualStudio.TestTools.TestTypes.Unit.UnitTestAdapter" className="d:\v2.0\a1\_work\dbded102\vso\tfs\service\webaccess\releasepipeline\testscripts\tests\tests.releasemanagement.definition.objectviewmodel.releasedefinition" name="ReleaseDefinitionObjectViewModelTests Validate that changing title will make the release definition dirty" />
    </UnitTest>
    <UnitTest name="ReleaseDefinitionObjectViewModelTests Validate that making environment dirty will make release definition also dirty" storage="d:\v2.0\a1\_work\dbded102\vso\tfs\service\webaccess\releasepipeline\testscripts\tests\tests.releasemanagement.definition.objectviewmodel.releasedefinition.ts" id="1e6ee42d-866d-4328-9708-98d349f82836">
      <Execution id="febf9698-6348-443e-801c-b4a89a4dc72e" />
      <TestMethod codeBase="d:\v2.0\a1\_work\dbded102\vso\tfs\service\webaccess\releasepipeline\testscripts\tests\tests.releasemanagement.definition.objectviewmodel.releasedefinition.ts" adapterTypeName="Microsoft.VisualStudio.TestTools.TestTypes.Unit.UnitTestAdapter" className="d:\v2.0\a1\_work\dbded102\vso\tfs\service\webaccess\releasepipeline\testscripts\tests\tests.releasemanagement.definition.objectviewmodel.releasedefinition" name="ReleaseDefinitionObjectViewModelTests Validate that making environment dirty will make release definition also dirty" />
    </UnitTest>
    <UnitTest name="ReleaseDefinitionObjectViewModelTests EnvironmentDefinitionViewModel construction should set the queryInPorgress to false" storage="d:\v2.0\a1\_work\dbded102\vso\tfs\service\webaccess\releasepipeline\testscripts\tests\tests.releasemanagement.definition.objectviewmodel.releasedefinition.ts" id="79fb112d-8113-467c-8333-aede3d2868ab">
      <Execution id="a3c3903d-8d3b-4f9d-bc18-fd98b6097e3a" />
      <TestMethod codeBase="d:\v2.0\a1\_work\dbded102\vso\tfs\service\webaccess\releasepipeline\testscripts\tests\tests.releasemanagement.definition.objectviewmodel.releasedefinition.ts" adapterTypeName="Microsoft.VisualStudio.TestTools.TestTypes.Unit.UnitTestAdapter" className="d:\v2.0\a1\_work\dbded102\vso\tfs\service\webaccess\releasepipeline\testscripts\tests\tests.releasemanagement.definition.objectviewmodel.releasedefinition" name="ReleaseDefinitionObjectViewModelTests EnvironmentDefinitionViewModel construction should set the queryInPorgress to false" />
    </UnitTest>
    <UnitTest name="ReleaseDefinitionObjectViewModelTests Validate that making triggers dirty should also make release definition dirty" storage="d:\v2.0\a1\_work\dbded102\vso\tfs\service\webaccess\releasepipeline\testscripts\tests\tests.releasemanagement.definition.objectviewmodel.releasedefinition.ts" id="df01f55b-5b8b-4e82-af85-22f0b163b2e3">
      <Execution id="a5bedcfc-0658-439b-8e5b-3f86ed66483e" />
      <TestMethod codeBase="d:\v2.0\a1\_work\dbded102\vso\tfs\service\webaccess\releasepipeline\testscripts\tests\tests.releasemanagement.definition.objectviewmodel.releasedefinition.ts" adapterTypeName="Microsoft.VisualStudio.TestTools.TestTypes.Unit.UnitTestAdapter" className="d:\v2.0\a1\_work\dbded102\vso\tfs\service\webaccess\releasepipeline\testscripts\tests\tests.releasemanagement.definition.objectviewmodel.releasedefinition" name="ReleaseDefinitionObjectViewModelTests Validate that making triggers dirty should also make release definition dirty" />
    </UnitTest>
    <UnitTest name="ReleaseDefinitionObjectViewModelTests Validate that making general settings dirty should also make release definition dirty" storage="d:\v2.0\a1\_work\dbded102\vso\tfs\service\webaccess\releasepipeline\testscripts\tests\tests.releasemanagement.definition.objectviewmodel.releasedefinition.ts" id="9fde013e-9034-4f7e-840e-193a56de4045">
      <Execution id="0ae5c535-b473-4e8f-8752-4a24d92c6c75" />
      <TestMethod codeBase="d:\v2.0\a1\_work\dbded102\vso\tfs\service\webaccess\releasepipeline\testscripts\tests\tests.releasemanagement.definition.objectviewmodel.releasedefinition.ts" adapterTypeName="Microsoft.VisualStudio.TestTools.TestTypes.Unit.UnitTestAdapter" className="d:\v2.0\a1\_work\dbded102\vso\tfs\service\webaccess\releasepipeline\testscripts\tests\tests.releasemanagement.definition.objectviewmodel.releasedefinition" name="ReleaseDefinitionObjectViewModelTests Validate that making general settings dirty should also make release definition dirty" />
    </UnitTest>
    <UnitTest name="ReleaseDefinitionObjectViewModelTests Validate that constructor assigns a default release fromat name if it does not exist" storage="d:\v2.0\a1\_work\dbded102\vso\tfs\service\webaccess\releasepipeline\testscripts\tests\tests.releasemanagement.definition.objectviewmodel.releasedefinition.ts" id="5642dbed-b174-423e-8c24-ea2871f17e72">
      <Execution id="93f53928-049c-4d9b-b9ea-a94cb1953ea0" />
      <TestMethod codeBase="d:\v2.0\a1\_work\dbded102\vso\tfs\service\webaccess\releasepipeline\testscripts\tests\tests.releasemanagement.definition.objectviewmodel.releasedefinition.ts" adapterTypeName="Microsoft.VisualStudio.TestTools.TestTypes.Unit.UnitTestAdapter" className="d:\v2.0\a1\_work\dbded102\vso\tfs\service\webaccess\releasepipeline\testscripts\tests\tests.releasemanagement.definition.objectviewmodel.releasedefinition" name="ReleaseDefinitionObjectViewModelTests Validate that constructor assigns a default release fromat name if it does not exist" />
    </UnitTest>
    <UnitTest name="TriggersObjectViewModelTests Validate initializing the triggers viewModel with correct artifact sources" storage="d:\v2.0\a1\_work\dbded102\vso\tfs\service\webaccess\releasepipeline\testscripts\tests\tests.releasemanagement.definition.objectviewmodel.triggers.ts" id="4189677f-bc24-4047-bf03-168273b2ab29">
      <Execution id="3f536213-64a8-4f1e-833b-2cde0c20e55e" />
      <TestMethod codeBase="d:\v2.0\a1\_work\dbded102\vso\tfs\service\webaccess\releasepipeline\testscripts\tests\tests.releasemanagement.definition.objectviewmodel.triggers.ts" adapterTypeName="Microsoft.VisualStudio.TestTools.TestTypes.Unit.UnitTestAdapter" className="d:\v2.0\a1\_work\dbded102\vso\tfs\service\webaccess\releasepipeline\testscripts\tests\tests.releasemanagement.definition.objectviewmodel.triggers" name="TriggersObjectViewModelTests Validate initializing the triggers viewModel with correct artifact sources" />
    </UnitTest>
    <UnitTest name="TriggersObjectViewModelTests Adding artifact source should update the artifact source list in triggers" storage="d:\v2.0\a1\_work\dbded102\vso\tfs\service\webaccess\releasepipeline\testscripts\tests\tests.releasemanagement.definition.objectviewmodel.triggers.ts" id="d5bdfd5c-f4e1-45d6-bbd7-72f259121363">
      <Execution id="0a429be5-f1a4-4f87-a77f-14b0cf100a95" />
      <TestMethod codeBase="d:\v2.0\a1\_work\dbded102\vso\tfs\service\webaccess\releasepipeline\testscripts\tests\tests.releasemanagement.definition.objectviewmodel.triggers.ts" adapterTypeName="Microsoft.VisualStudio.TestTools.TestTypes.Unit.UnitTestAdapter" className="d:\v2.0\a1\_work\dbded102\vso\tfs\service\webaccess\releasepipeline\testscripts\tests\tests.releasemanagement.definition.objectviewmodel.triggers" name="TriggersObjectViewModelTests Adding artifact source should update the artifact source list in triggers" />
    </UnitTest>
    <UnitTest name="TriggersObjectViewModelTests Adding environment should update the environments list in triggers" storage="d:\v2.0\a1\_work\dbded102\vso\tfs\service\webaccess\releasepipeline\testscripts\tests\tests.releasemanagement.definition.objectviewmodel.triggers.ts" id="bfcd70a3-2839-49c1-9245-eab51e432fa8">
      <Execution id="62faceff-2f33-42c4-a286-f43835abb04e" />
      <TestMethod codeBase="d:\v2.0\a1\_work\dbded102\vso\tfs\service\webaccess\releasepipeline\testscripts\tests\tests.releasemanagement.definition.objectviewmodel.triggers.ts" adapterTypeName="Microsoft.VisualStudio.TestTools.TestTypes.Unit.UnitTestAdapter" className="d:\v2.0\a1\_work\dbded102\vso\tfs\service\webaccess\releasepipeline\testscripts\tests\tests.releasemanagement.definition.objectviewmodel.triggers" name="TriggersObjectViewModelTests Adding environment should update the environments list in triggers" />
    </UnitTest>
    <UnitTest name="TriggersObjectViewModelTests Removing artifact source should update the artifact source list in triggers" storage="d:\v2.0\a1\_work\dbded102\vso\tfs\service\webaccess\releasepipeline\testscripts\tests\tests.releasemanagement.definition.objectviewmodel.triggers.ts" id="212a5f8d-0c34-400e-9afc-9ff31d0e9ca7">
      <Execution id="c2ab41c0-fcd4-457c-a13f-9d27fecfdadf" />
      <TestMethod codeBase="d:\v2.0\a1\_work\dbded102\vso\tfs\service\webaccess\releasepipeline\testscripts\tests\tests.releasemanagement.definition.objectviewmodel.triggers.ts" adapterTypeName="Microsoft.VisualStudio.TestTools.TestTypes.Unit.UnitTestAdapter" className="d:\v2.0\a1\_work\dbded102\vso\tfs\service\webaccess\releasepipeline\testscripts\tests\tests.releasemanagement.definition.objectviewmodel.triggers" name="TriggersObjectViewModelTests Removing artifact source should update the artifact source list in triggers" />
    </UnitTest>
    <UnitTest name="TriggersObjectViewModelTests Removing environment should update the target environments list in triggers" storage="d:\v2.0\a1\_work\dbded102\vso\tfs\service\webaccess\releasepipeline\testscripts\tests\tests.releasemanagement.definition.objectviewmodel.triggers.ts" id="5bdb7d67-01f6-4071-9c9f-16c843a1ca66">
      <Execution id="4b9a91bf-0897-4c57-a551-3564525a0fdd" />
      <TestMethod codeBase="d:\v2.0\a1\_work\dbded102\vso\tfs\service\webaccess\releasepipeline\testscripts\tests\tests.releasemanagement.definition.objectviewmodel.triggers.ts" adapterTypeName="Microsoft.VisualStudio.TestTools.TestTypes.Unit.UnitTestAdapter" className="d:\v2.0\a1\_work\dbded102\vso\tfs\service\webaccess\releasepipeline\testscripts\tests\tests.releasemanagement.definition.objectviewmodel.triggers" name="TriggersObjectViewModelTests Removing environment should update the target environments list in triggers" />
    </UnitTest>
    <UnitTest name="TriggersObjectViewModelTests Removing all artifact source should update hasArtifactSources in triggers" storage="d:\v2.0\a1\_work\dbded102\vso\tfs\service\webaccess\releasepipeline\testscripts\tests\tests.releasemanagement.definition.objectviewmodel.triggers.ts" id="f4fec8b3-cbf0-467d-8dc1-95ac9e02d534">
      <Execution id="42758e62-d4ce-4133-90bf-17d3b4655303" />
      <TestMethod codeBase="d:\v2.0\a1\_work\dbded102\vso\tfs\service\webaccess\releasepipeline\testscripts\tests\tests.releasemanagement.definition.objectviewmodel.triggers.ts" adapterTypeName="Microsoft.VisualStudio.TestTools.TestTypes.Unit.UnitTestAdapter" className="d:\v2.0\a1\_work\dbded102\vso\tfs\service\webaccess\releasepipeline\testscripts\tests\tests.releasemanagement.definition.objectviewmodel.triggers" name="TriggersObjectViewModelTests Removing all artifact source should update hasArtifactSources in triggers" />
    </UnitTest>
    <UnitTest name="TriggersObjectViewModelTests Removing all environments should update hasTargetEnvironments in triggers" storage="d:\v2.0\a1\_work\dbded102\vso\tfs\service\webaccess\releasepipeline\testscripts\tests\tests.releasemanagement.definition.objectviewmodel.triggers.ts" id="70797de9-4195-4640-9d86-de11024d5bcc">
      <Execution id="a21d34ee-ff88-461c-b66a-fea22965eb17" />
      <TestMethod codeBase="d:\v2.0\a1\_work\dbded102\vso\tfs\service\webaccess\releasepipeline\testscripts\tests\tests.releasemanagement.definition.objectviewmodel.triggers.ts" adapterTypeName="Microsoft.VisualStudio.TestTools.TestTypes.Unit.UnitTestAdapter" className="d:\v2.0\a1\_work\dbded102\vso\tfs\service\webaccess\releasepipeline\testscripts\tests\tests.releasemanagement.definition.objectviewmodel.triggers" name="TriggersObjectViewModelTests Removing all environments should update hasTargetEnvironments in triggers" />
    </UnitTest>
    <UnitTest name="TriggersObjectViewModelTests Update Triggers with empty list should set enabled to false" storage="d:\v2.0\a1\_work\dbded102\vso\tfs\service\webaccess\releasepipeline\testscripts\tests\tests.releasemanagement.definition.objectviewmodel.triggers.ts" id="6b8f386a-b264-41be-9204-43a4b30da5d0">
      <Execution id="99bdd64e-22e5-4bb2-82d5-7c0f280de98f" />
      <TestMethod codeBase="d:\v2.0\a1\_work\dbded102\vso\tfs\service\webaccess\releasepipeline\testscripts\tests\tests.releasemanagement.definition.objectviewmodel.triggers.ts" adapterTypeName="Microsoft.VisualStudio.TestTools.TestTypes.Unit.UnitTestAdapter" className="d:\v2.0\a1\_work\dbded102\vso\tfs\service\webaccess\releasepipeline\testscripts\tests\tests.releasemanagement.definition.objectviewmodel.triggers" name="TriggersObjectViewModelTests Update Triggers with empty list should set enabled to false" />
    </UnitTest>
    <UnitTest name="TriggersObjectViewModelTests Validate update Triggers with valid source" storage="d:\v2.0\a1\_work\dbded102\vso\tfs\service\webaccess\releasepipeline\testscripts\tests\tests.releasemanagement.definition.objectviewmodel.triggers.ts" id="ecb74daf-8e34-4190-8a15-ce0a4f29faef">
      <Execution id="a44782f2-3ec0-4a9c-97d5-469a7c4efc2e" />
      <TestMethod codeBase="d:\v2.0\a1\_work\dbded102\vso\tfs\service\webaccess\releasepipeline\testscripts\tests\tests.releasemanagement.definition.objectviewmodel.triggers.ts" adapterTypeName="Microsoft.VisualStudio.TestTools.TestTypes.Unit.UnitTestAdapter" className="d:\v2.0\a1\_work\dbded102\vso\tfs\service\webaccess\releasepipeline\testscripts\tests\tests.releasemanagement.definition.objectviewmodel.triggers" name="TriggersObjectViewModelTests Validate update Triggers with valid source" />
    </UnitTest>
    <UnitTest name="TriggersObjectViewModelTests Validate update Triggers with invalid artifact source" storage="d:\v2.0\a1\_work\dbded102\vso\tfs\service\webaccess\releasepipeline\testscripts\tests\tests.releasemanagement.definition.objectviewmodel.triggers.ts" id="d032ce35-ded1-4042-9041-da7613525c35">
      <Execution id="1ae18ad2-0148-404a-aed3-b484387c2b96" />
      <TestMethod codeBase="d:\v2.0\a1\_work\dbded102\vso\tfs\service\webaccess\releasepipeline\testscripts\tests\tests.releasemanagement.definition.objectviewmodel.triggers.ts" adapterTypeName="Microsoft.VisualStudio.TestTools.TestTypes.Unit.UnitTestAdapter" className="d:\v2.0\a1\_work\dbded102\vso\tfs\service\webaccess\releasepipeline\testscripts\tests\tests.releasemanagement.definition.objectviewmodel.triggers" name="TriggersObjectViewModelTests Validate update Triggers with invalid artifact source" />
    </UnitTest>
    <UnitTest name="TriggersObjectViewModelTests Validate update Triggers with invalid env name" storage="d:\v2.0\a1\_work\dbded102\vso\tfs\service\webaccess\releasepipeline\testscripts\tests\tests.releasemanagement.definition.objectviewmodel.triggers.ts" id="247db81e-3b54-4172-8162-9a580bcc9b30">
      <Execution id="4d9328a0-60b3-409c-9bd3-f6d79b94734b" />
      <TestMethod codeBase="d:\v2.0\a1\_work\dbded102\vso\tfs\service\webaccess\releasepipeline\testscripts\tests\tests.releasemanagement.definition.objectviewmodel.triggers.ts" adapterTypeName="Microsoft.VisualStudio.TestTools.TestTypes.Unit.UnitTestAdapter" className="d:\v2.0\a1\_work\dbded102\vso\tfs\service\webaccess\releasepipeline\testscripts\tests\tests.releasemanagement.definition.objectviewmodel.triggers" name="TriggersObjectViewModelTests Validate update Triggers with invalid env name" />
    </UnitTest>
    <UnitTest name="TriggersObjectViewModelTests Validate edit Triggers by enabling trigger" storage="d:\v2.0\a1\_work\dbded102\vso\tfs\service\webaccess\releasepipeline\testscripts\tests\tests.releasemanagement.definition.objectviewmodel.triggers.ts" id="024ea53c-3638-4f2a-9058-637c837e4e0e">
      <Execution id="cca704bd-c298-4d40-86ee-bbf405209321" />
      <TestMethod codeBase="d:\v2.0\a1\_work\dbded102\vso\tfs\service\webaccess\releasepipeline\testscripts\tests\tests.releasemanagement.definition.objectviewmodel.triggers.ts" adapterTypeName="Microsoft.VisualStudio.TestTools.TestTypes.Unit.UnitTestAdapter" className="d:\v2.0\a1\_work\dbded102\vso\tfs\service\webaccess\releasepipeline\testscripts\tests\tests.releasemanagement.definition.objectviewmodel.triggers" name="TriggersObjectViewModelTests Validate edit Triggers by enabling trigger" />
    </UnitTest>
    <UnitTest name="TriggersObjectViewModelTests Validate edit Triggers with valid source should set dirty to true" storage="d:\v2.0\a1\_work\dbded102\vso\tfs\service\webaccess\releasepipeline\testscripts\tests\tests.releasemanagement.definition.objectviewmodel.triggers.ts" id="ddca2203-7bf4-4e13-977c-0b6adc3250c5">
      <Execution id="cf98a9d1-314f-4ae6-9174-0e2980d26675" />
      <TestMethod codeBase="d:\v2.0\a1\_work\dbded102\vso\tfs\service\webaccess\releasepipeline\testscripts\tests\tests.releasemanagement.definition.objectviewmodel.triggers.ts" adapterTypeName="Microsoft.VisualStudio.TestTools.TestTypes.Unit.UnitTestAdapter" className="d:\v2.0\a1\_work\dbded102\vso\tfs\service\webaccess\releasepipeline\testscripts\tests\tests.releasemanagement.definition.objectviewmodel.triggers" name="TriggersObjectViewModelTests Validate edit Triggers with valid source should set dirty to true" />
    </UnitTest>
    <UnitTest name="TriggersObjectViewModelTests Validate edit Triggers with valid env name should set dirty to true" storage="d:\v2.0\a1\_work\dbded102\vso\tfs\service\webaccess\releasepipeline\testscripts\tests\tests.releasemanagement.definition.objectviewmodel.triggers.ts" id="92427f58-c605-4a32-9ae0-57b23c8c01e3">
      <Execution id="a88afaec-f8d7-4d9d-b0af-f8942f2279dd" />
      <TestMethod codeBase="d:\v2.0\a1\_work\dbded102\vso\tfs\service\webaccess\releasepipeline\testscripts\tests\tests.releasemanagement.definition.objectviewmodel.triggers.ts" adapterTypeName="Microsoft.VisualStudio.TestTools.TestTypes.Unit.UnitTestAdapter" className="d:\v2.0\a1\_work\dbded102\vso\tfs\service\webaccess\releasepipeline\testscripts\tests\tests.releasemanagement.definition.objectviewmodel.triggers" name="TriggersObjectViewModelTests Validate edit Triggers with valid env name should set dirty to true" />
    </UnitTest>
    <UnitTest name="TriggersObjectViewModelTests Validate edit Triggers with invalid source should set dirty to true" storage="d:\v2.0\a1\_work\dbded102\vso\tfs\service\webaccess\releasepipeline\testscripts\tests\tests.releasemanagement.definition.objectviewmodel.triggers.ts" id="5bf0e54e-c208-4cdb-9bfe-02b328e8d50a">
      <Execution id="f4240aad-e31c-495a-b030-4695e8e8bdd3" />
      <TestMethod codeBase="d:\v2.0\a1\_work\dbded102\vso\tfs\service\webaccess\releasepipeline\testscripts\tests\tests.releasemanagement.definition.objectviewmodel.triggers.ts" adapterTypeName="Microsoft.VisualStudio.TestTools.TestTypes.Unit.UnitTestAdapter" className="d:\v2.0\a1\_work\dbded102\vso\tfs\service\webaccess\releasepipeline\testscripts\tests\tests.releasemanagement.definition.objectviewmodel.triggers" name="TriggersObjectViewModelTests Validate edit Triggers with invalid source should set dirty to true" />
    </UnitTest>
    <UnitTest name="TriggersObjectViewModelTests Validate edit Triggers with invalid env should set dirty to true" storage="d:\v2.0\a1\_work\dbded102\vso\tfs\service\webaccess\releasepipeline\testscripts\tests\tests.releasemanagement.definition.objectviewmodel.triggers.ts" id="07710b87-ee16-4174-a09d-ec36935016f4">
      <Execution id="cf5118e3-cc4e-4408-8849-d62eb3edeaf2" />
      <TestMethod codeBase="d:\v2.0\a1\_work\dbded102\vso\tfs\service\webaccess\releasepipeline\testscripts\tests\tests.releasemanagement.definition.objectviewmodel.triggers.ts" adapterTypeName="Microsoft.VisualStudio.TestTools.TestTypes.Unit.UnitTestAdapter" className="d:\v2.0\a1\_work\dbded102\vso\tfs\service\webaccess\releasepipeline\testscripts\tests\tests.releasemanagement.definition.objectviewmodel.triggers" name="TriggersObjectViewModelTests Validate edit Triggers with invalid env should set dirty to true" />
    </UnitTest>
    <UnitTest name="TriggersObjectViewModelTests Validate dirty is set to false when triggers get updated" storage="d:\v2.0\a1\_work\dbded102\vso\tfs\service\webaccess\releasepipeline\testscripts\tests\tests.releasemanagement.definition.objectviewmodel.triggers.ts" id="10c21e01-4e41-411b-bfbb-77fa8d4037ed">
      <Execution id="9c533ca5-9ab5-4a7d-8af6-3d3eb84b521d" />
      <TestMethod codeBase="d:\v2.0\a1\_work\dbded102\vso\tfs\service\webaccess\releasepipeline\testscripts\tests\tests.releasemanagement.definition.objectviewmodel.triggers.ts" adapterTypeName="Microsoft.VisualStudio.TestTools.TestTypes.Unit.UnitTestAdapter" className="d:\v2.0\a1\_work\dbded102\vso\tfs\service\webaccess\releasepipeline\testscripts\tests\tests.releasemanagement.definition.objectviewmodel.triggers" name="TriggersObjectViewModelTests Validate dirty is set to false when triggers get updated" />
    </UnitTest>
    <UnitTest name="ApproversViewModelTests ApproversViewModel object should be constructed" storage="d:\v2.0\a1\_work\dbded102\vso\tfs\service\webaccess\releasepipeline\testscripts\tests\tests.releasemanagement.objectviewmodel.approversviewmodel.ts" id="0e2e7f63-bce4-4c12-bb2e-56a6eb2aba08">
      <Execution id="f325c994-8de7-4f96-ba71-dad5cd4d7523" />
      <TestMethod codeBase="d:\v2.0\a1\_work\dbded102\vso\tfs\service\webaccess\releasepipeline\testscripts\tests\tests.releasemanagement.objectviewmodel.approversviewmodel.ts" adapterTypeName="Microsoft.VisualStudio.TestTools.TestTypes.Unit.UnitTestAdapter" className="d:\v2.0\a1\_work\dbded102\vso\tfs\service\webaccess\releasepipeline\testscripts\tests\tests.releasemanagement.objectviewmodel.approversviewmodel" name="ApproversViewModelTests ApproversViewModel object should be constructed" />
    </UnitTest>
    <UnitTest name="ApproversViewModelTests Initial labels should be set in the viewModel for the view" storage="d:\v2.0\a1\_work\dbded102\vso\tfs\service\webaccess\releasepipeline\testscripts\tests\tests.releasemanagement.objectviewmodel.approversviewmodel.ts" id="f3648af7-c1db-4471-b058-9a70718dcfd9">
      <Execution id="f7bcd884-8705-4dcd-a789-d6e8fa572229" />
      <TestMethod codeBase="d:\v2.0\a1\_work\dbded102\vso\tfs\service\webaccess\releasepipeline\testscripts\tests\tests.releasemanagement.objectviewmodel.approversviewmodel.ts" adapterTypeName="Microsoft.VisualStudio.TestTools.TestTypes.Unit.UnitTestAdapter" className="d:\v2.0\a1\_work\dbded102\vso\tfs\service\webaccess\releasepipeline\testscripts\tests\tests.releasemanagement.objectviewmodel.approversviewmodel" name="ApproversViewModelTests Initial labels should be set in the viewModel for the view" />
    </UnitTest>
    <UnitTest name="ApproversViewModelTests Steps should be automated initially" storage="d:\v2.0\a1\_work\dbded102\vso\tfs\service\webaccess\releasepipeline\testscripts\tests\tests.releasemanagement.objectviewmodel.approversviewmodel.ts" id="d55a3401-04a8-4d1e-8a9f-4bbdc3ce45e6">
      <Execution id="61e10b07-96da-410d-a218-5b763f244804" />
      <TestMethod codeBase="d:\v2.0\a1\_work\dbded102\vso\tfs\service\webaccess\releasepipeline\testscripts\tests\tests.releasemanagement.objectviewmodel.approversviewmodel.ts" adapterTypeName="Microsoft.VisualStudio.TestTools.TestTypes.Unit.UnitTestAdapter" className="d:\v2.0\a1\_work\dbded102\vso\tfs\service\webaccess\releasepipeline\testscripts\tests\tests.releasemanagement.objectviewmodel.approversviewmodel" name="ApproversViewModelTests Steps should be automated initially" />
    </UnitTest>
    <UnitTest name="ApproversViewModelTests Approvers should be empty if step is automated" storage="d:\v2.0\a1\_work\dbded102\vso\tfs\service\webaccess\releasepipeline\testscripts\tests\tests.releasemanagement.objectviewmodel.approversviewmodel.ts" id="748c460e-35d5-4d46-b4ca-165febd51a7a">
      <Execution id="c5dc00be-d690-4430-800b-597ac28328cd" />
      <TestMethod codeBase="d:\v2.0\a1\_work\dbded102\vso\tfs\service\webaccess\releasepipeline\testscripts\tests\tests.releasemanagement.objectviewmodel.approversviewmodel.ts" adapterTypeName="Microsoft.VisualStudio.TestTools.TestTypes.Unit.UnitTestAdapter" className="d:\v2.0\a1\_work\dbded102\vso\tfs\service\webaccess\releasepipeline\testscripts\tests\tests.releasemanagement.objectviewmodel.approversviewmodel" name="ApproversViewModelTests Approvers should be empty if step is automated" />
    </UnitTest>
    <UnitTest name="ApproversViewModelTests Approvers should be the selected approvers if step is not automated" storage="d:\v2.0\a1\_work\dbded102\vso\tfs\service\webaccess\releasepipeline\testscripts\tests\tests.releasemanagement.objectviewmodel.approversviewmodel.ts" id="7ee95610-60eb-47ea-a670-235afdf7b78b">
      <Execution id="d123cd29-74f3-4c1f-84df-d79da7b6aac8" />
      <TestMethod codeBase="d:\v2.0\a1\_work\dbded102\vso\tfs\service\webaccess\releasepipeline\testscripts\tests\tests.releasemanagement.objectviewmodel.approversviewmodel.ts" adapterTypeName="Microsoft.VisualStudio.TestTools.TestTypes.Unit.UnitTestAdapter" className="d:\v2.0\a1\_work\dbded102\vso\tfs\service\webaccess\releasepipeline\testscripts\tests\tests.releasemanagement.objectviewmodel.approversviewmodel" name="ApproversViewModelTests Approvers should be the selected approvers if step is not automated" />
    </UnitTest>
    <UnitTest name="ApproversViewModelTests ViewModel and model should be reset on calling reset" storage="d:\v2.0\a1\_work\dbded102\vso\tfs\service\webaccess\releasepipeline\testscripts\tests\tests.releasemanagement.objectviewmodel.approversviewmodel.ts" id="4717a4ca-a0d6-4bae-ac45-7c13f64b391a">
      <Execution id="58c99737-4854-4fc0-aff5-da2f71b58405" />
      <TestMethod codeBase="d:\v2.0\a1\_work\dbded102\vso\tfs\service\webaccess\releasepipeline\testscripts\tests\tests.releasemanagement.objectviewmodel.approversviewmodel.ts" adapterTypeName="Microsoft.VisualStudio.TestTools.TestTypes.Unit.UnitTestAdapter" className="d:\v2.0\a1\_work\dbded102\vso\tfs\service\webaccess\releasepipeline\testscripts\tests\tests.releasemanagement.objectviewmodel.approversviewmodel" name="ApproversViewModelTests ViewModel and model should be reset on calling reset" />
    </UnitTest>
    <UnitTest name="ApproversViewModelTests Calling setApprovers should set the viewModel and model data" storage="d:\v2.0\a1\_work\dbded102\vso\tfs\service\webaccess\releasepipeline\testscripts\tests\tests.releasemanagement.objectviewmodel.approversviewmodel.ts" id="0ac06524-e41e-46bb-a6c7-c2310ac014fb">
      <Execution id="247d4223-4ce5-4611-97b0-c74f0ede2a42" />
      <TestMethod codeBase="d:\v2.0\a1\_work\dbded102\vso\tfs\service\webaccess\releasepipeline\testscripts\tests\tests.releasemanagement.objectviewmodel.approversviewmodel.ts" adapterTypeName="Microsoft.VisualStudio.TestTools.TestTypes.Unit.UnitTestAdapter" className="d:\v2.0\a1\_work\dbded102\vso\tfs\service\webaccess\releasepipeline\testscripts\tests\tests.releasemanagement.objectviewmodel.approversviewmodel" name="ApproversViewModelTests Calling setApprovers should set the viewModel and model data" />
    </UnitTest>
    <UnitTest name="ApproversViewModelTests Calling setApprovers should set the viewModel and model data" storage="d:\v2.0\a1\_work\dbded102\vso\tfs\service\webaccess\releasepipeline\testscripts\tests\tests.releasemanagement.objectviewmodel.approversviewmodel.ts" id="cc4e6c62-e4bb-4db6-a2e9-82c89e4aa923">
      <Execution id="55b4422f-63b5-4caf-a559-d269d6b3fb9b" />
      <TestMethod codeBase="d:\v2.0\a1\_work\dbded102\vso\tfs\service\webaccess\releasepipeline\testscripts\tests\tests.releasemanagement.objectviewmodel.approversviewmodel.ts" adapterTypeName="Microsoft.VisualStudio.TestTools.TestTypes.Unit.UnitTestAdapter" className="d:\v2.0\a1\_work\dbded102\vso\tfs\service\webaccess\releasepipeline\testscripts\tests\tests.releasemanagement.objectviewmodel.approversviewmodel" name="ApproversViewModelTests Calling setApprovers should set the viewModel and model data" />
    </UnitTest>
    <UnitTest name="ApproversViewModelTests UpdateModel should update the model and viewModel" storage="d:\v2.0\a1\_work\dbded102\vso\tfs\service\webaccess\releasepipeline\testscripts\tests\tests.releasemanagement.objectviewmodel.approversviewmodel.ts" id="a2f55898-ea16-4628-91ce-4afd397b71dc">
      <Execution id="8336bad1-80c6-447d-94c1-b07fce3df9cc" />
      <TestMethod codeBase="d:\v2.0\a1\_work\dbded102\vso\tfs\service\webaccess\releasepipeline\testscripts\tests\tests.releasemanagement.objectviewmodel.approversviewmodel.ts" adapterTypeName="Microsoft.VisualStudio.TestTools.TestTypes.Unit.UnitTestAdapter" className="d:\v2.0\a1\_work\dbded102\vso\tfs\service\webaccess\releasepipeline\testscripts\tests\tests.releasemanagement.objectviewmodel.approversviewmodel" name="ApproversViewModelTests UpdateModel should update the model and viewModel" />
    </UnitTest>
    <UnitTest name="ApproversViewModelTests isPreDeploymentDataValid and isPostDeploymentDataValid should be false if approvers dialog has an incorrect state" storage="d:\v2.0\a1\_work\dbded102\vso\tfs\service\webaccess\releasepipeline\testscripts\tests\tests.releasemanagement.objectviewmodel.approversviewmodel.ts" id="fd2d2825-1c71-419c-a4e9-09991f148b80">
      <Execution id="e9679d5d-0b9e-4d92-b2f2-e8b19fa8c266" />
      <TestMethod codeBase="d:\v2.0\a1\_work\dbded102\vso\tfs\service\webaccess\releasepipeline\testscripts\tests\tests.releasemanagement.objectviewmodel.approversviewmodel.ts" adapterTypeName="Microsoft.VisualStudio.TestTools.TestTypes.Unit.UnitTestAdapter" className="d:\v2.0\a1\_work\dbded102\vso\tfs\service\webaccess\releasepipeline\testscripts\tests\tests.releasemanagement.objectviewmodel.approversviewmodel" name="ApproversViewModelTests isPreDeploymentDataValid and isPostDeploymentDataValid should be false if approvers dialog has an incorrect state" />
    </UnitTest>
    <UnitTest name="ApproversViewModelTests isPreDeploymentDataValid and isPostDeploymentDataValid should be true if approvers dialog has correct data and okButtonState should be true" storage="d:\v2.0\a1\_work\dbded102\vso\tfs\service\webaccess\releasepipeline\testscripts\tests\tests.releasemanagement.objectviewmodel.approversviewmodel.ts" id="b5bc02df-ea7f-4cb1-a259-74a4b3cd607e">
      <Execution id="3d290e85-c687-4634-8c97-4a4bfc823f35" />
      <TestMethod codeBase="d:\v2.0\a1\_work\dbded102\vso\tfs\service\webaccess\releasepipeline\testscripts\tests\tests.releasemanagement.objectviewmodel.approversviewmodel.ts" adapterTypeName="Microsoft.VisualStudio.TestTools.TestTypes.Unit.UnitTestAdapter" className="d:\v2.0\a1\_work\dbded102\vso\tfs\service\webaccess\releasepipeline\testscripts\tests\tests.releasemanagement.objectviewmodel.approversviewmodel" name="ApproversViewModelTests isPreDeploymentDataValid and isPostDeploymentDataValid should be true if approvers dialog has correct data and okButtonState should be true" />
    </UnitTest>
    <UnitTest name="ApproversViewModelTests Owner state should be disabled if any of the preDeployment or PostDeployment data is invalid" storage="d:\v2.0\a1\_work\dbded102\vso\tfs\service\webaccess\releasepipeline\testscripts\tests\tests.releasemanagement.objectviewmodel.approversviewmodel.ts" id="d9515c29-b2b8-4482-b00e-14b162a28e03">
      <Execution id="b7c358ac-173d-496c-a915-305b19736e14" />
      <TestMethod codeBase="d:\v2.0\a1\_work\dbded102\vso\tfs\service\webaccess\releasepipeline\testscripts\tests\tests.releasemanagement.objectviewmodel.approversviewmodel.ts" adapterTypeName="Microsoft.VisualStudio.TestTools.TestTypes.Unit.UnitTestAdapter" className="d:\v2.0\a1\_work\dbded102\vso\tfs\service\webaccess\releasepipeline\testscripts\tests\tests.releasemanagement.objectviewmodel.approversviewmodel" name="ApproversViewModelTests Owner state should be disabled if any of the preDeployment or PostDeployment data is invalid" />
    </UnitTest>
    <UnitTest name="ApproversViewModelTests Approvers count should be updated automatically" storage="d:\v2.0\a1\_work\dbded102\vso\tfs\service\webaccess\releasepipeline\testscripts\tests\tests.releasemanagement.objectviewmodel.approversviewmodel.ts" id="19290725-6f16-49a7-bc24-3396340a7496">
      <Execution id="43a304e3-877d-44b0-8e12-436279a2a9f4" />
      <TestMethod codeBase="d:\v2.0\a1\_work\dbded102\vso\tfs\service\webaccess\releasepipeline\testscripts\tests\tests.releasemanagement.objectviewmodel.approversviewmodel.ts" adapterTypeName="Microsoft.VisualStudio.TestTools.TestTypes.Unit.UnitTestAdapter" className="d:\v2.0\a1\_work\dbded102\vso\tfs\service\webaccess\releasepipeline\testscripts\tests\tests.releasemanagement.objectviewmodel.approversviewmodel" name="ApproversViewModelTests Approvers count should be updated automatically" />
    </UnitTest>
    <UnitTest name="ApproversViewModelTests Approvers count should be updated automatically and if a step is automated, no approver should be assigned accordingly" storage="d:\v2.0\a1\_work\dbded102\vso\tfs\service\webaccess\releasepipeline\testscripts\tests\tests.releasemanagement.objectviewmodel.approversviewmodel.ts" id="3df95253-0396-47d5-9fdb-a63ce964f92e">
      <Execution id="f612cded-a722-4683-b864-08d910f4bedd" />
      <TestMethod codeBase="d:\v2.0\a1\_work\dbded102\vso\tfs\service\webaccess\releasepipeline\testscripts\tests\tests.releasemanagement.objectviewmodel.approversviewmodel.ts" adapterTypeName="Microsoft.VisualStudio.TestTools.TestTypes.Unit.UnitTestAdapter" className="d:\v2.0\a1\_work\dbded102\vso\tfs\service\webaccess\releasepipeline\testscripts\tests\tests.releasemanagement.objectviewmodel.approversviewmodel" name="ApproversViewModelTests Approvers count should be updated automatically and if a step is automated, no approver should be assigned accordingly" />
    </UnitTest>
    <UnitTest name="BrowseArtifactsDialogViewModelTests ViewModel should be initially have Linked Artifacts Folder" storage="d:\v2.0\a1\_work\dbded102\vso\tfs\service\webaccess\releasepipeline\testscripts\tests\tests.releasemanagement.controls.browseartifactsdialog.ts" id="d1133bbb-9cdf-4122-a05b-a9db461b067b">
      <Execution id="101cfae5-d98c-4436-b7b8-11d6ec7125a3" />
      <TestMethod codeBase="d:\v2.0\a1\_work\dbded102\vso\tfs\service\webaccess\releasepipeline\testscripts\tests\tests.releasemanagement.controls.browseartifactsdialog.ts" adapterTypeName="Microsoft.VisualStudio.TestTools.TestTypes.Unit.UnitTestAdapter" className="d:\v2.0\a1\_work\dbded102\vso\tfs\service\webaccess\releasepipeline\testscripts\tests\tests.releasemanagement.controls.browseartifactsdialog" name="BrowseArtifactsDialogViewModelTests ViewModel should be initially have Linked Artifacts Folder" />
    </UnitTest>
    <UnitTest name="BrowseArtifactsDialogViewModelTests Initial artifact sources in the tree should be correct" storage="d:\v2.0\a1\_work\dbded102\vso\tfs\service\webaccess\releasepipeline\testscripts\tests\tests.releasemanagement.controls.browseartifactsdialog.ts" id="b099c001-587c-4beb-9235-15fd38867008">
      <Execution id="c60ed4e5-5330-44ba-82b7-20953ba09bed" />
      <TestMethod codeBase="d:\v2.0\a1\_work\dbded102\vso\tfs\service\webaccess\releasepipeline\testscripts\tests\tests.releasemanagement.controls.browseartifactsdialog.ts" adapterTypeName="Microsoft.VisualStudio.TestTools.TestTypes.Unit.UnitTestAdapter" className="d:\v2.0\a1\_work\dbded102\vso\tfs\service\webaccess\releasepipeline\testscripts\tests\tests.releasemanagement.controls.browseartifactsdialog" name="BrowseArtifactsDialogViewModelTests Initial artifact sources in the tree should be correct" />
    </UnitTest>
    <UnitTest name="BrowseArtifactsDialogViewModelTests The behaviour of jenkins artifacts should be correct" storage="d:\v2.0\a1\_work\dbded102\vso\tfs\service\webaccess\releasepipeline\testscripts\tests\tests.releasemanagement.controls.browseartifactsdialog.ts" id="9100cc8a-4708-4cc3-ad4a-9c07b694f109">
      <Execution id="64280861-039b-40a8-bd0e-f2d0a6910f23" />
      <TestMethod codeBase="d:\v2.0\a1\_work\dbded102\vso\tfs\service\webaccess\releasepipeline\testscripts\tests\tests.releasemanagement.controls.browseartifactsdialog.ts" adapterTypeName="Microsoft.VisualStudio.TestTools.TestTypes.Unit.UnitTestAdapter" className="d:\v2.0\a1\_work\dbded102\vso\tfs\service\webaccess\releasepipeline\testscripts\tests\tests.releasemanagement.controls.browseartifactsdialog" name="BrowseArtifactsDialogViewModelTests The behaviour of jenkins artifacts should be correct" />
    </UnitTest>
    <UnitTest name="BrowseArtifactsDialogViewModelTests The behaviour of build artifacts should be correct" storage="d:\v2.0\a1\_work\dbded102\vso\tfs\service\webaccess\releasepipeline\testscripts\tests\tests.releasemanagement.controls.browseartifactsdialog.ts" id="75f8b704-bd6c-4290-9cbe-df3bb68f050f">
      <Execution id="a11091a9-007d-477e-a4ab-05ca8bf8ef7a" />
      <TestMethod codeBase="d:\v2.0\a1\_work\dbded102\vso\tfs\service\webaccess\releasepipeline\testscripts\tests\tests.releasemanagement.controls.browseartifactsdialog.ts" adapterTypeName="Microsoft.VisualStudio.TestTools.TestTypes.Unit.UnitTestAdapter" className="d:\v2.0\a1\_work\dbded102\vso\tfs\service\webaccess\releasepipeline\testscripts\tests\tests.releasemanagement.controls.browseartifactsdialog" name="BrowseArtifactsDialogViewModelTests The behaviour of build artifacts should be correct" />
    </UnitTest>
    <UnitTest name="BrowseArtifactsDialogViewModelTests The contents of build artifacts should be correct" storage="d:\v2.0\a1\_work\dbded102\vso\tfs\service\webaccess\releasepipeline\testscripts\tests\tests.releasemanagement.controls.browseartifactsdialog.ts" id="9743da30-7e56-4d6a-9861-c9ad816efc45">
      <Execution id="9754dd29-e59f-433c-9e48-f3e786d8fb1b" />
      <TestMethod codeBase="d:\v2.0\a1\_work\dbded102\vso\tfs\service\webaccess\releasepipeline\testscripts\tests\tests.releasemanagement.controls.browseartifactsdialog.ts" adapterTypeName="Microsoft.VisualStudio.TestTools.TestTypes.Unit.UnitTestAdapter" className="d:\v2.0\a1\_work\dbded102\vso\tfs\service\webaccess\releasepipeline\testscripts\tests\tests.releasemanagement.controls.browseartifactsdialog" name="BrowseArtifactsDialogViewModelTests The contents of build artifacts should be correct" />
    </UnitTest>
    <UnitTest name="BrowseArtifactsDialogViewModelTests The contents of jenkins artifacts should be correct" storage="d:\v2.0\a1\_work\dbded102\vso\tfs\service\webaccess\releasepipeline\testscripts\tests\tests.releasemanagement.controls.browseartifactsdialog.ts" id="dc2bce06-fae4-4af1-b578-04ba7e1b2024">
      <Execution id="f2272d40-edb7-4b2b-b5c1-0d0ab230e031" />
      <TestMethod codeBase="d:\v2.0\a1\_work\dbded102\vso\tfs\service\webaccess\releasepipeline\testscripts\tests\tests.releasemanagement.controls.browseartifactsdialog.ts" adapterTypeName="Microsoft.VisualStudio.TestTools.TestTypes.Unit.UnitTestAdapter" className="d:\v2.0\a1\_work\dbded102\vso\tfs\service\webaccess\releasepipeline\testscripts\tests\tests.releasemanagement.controls.browseartifactsdialog" name="BrowseArtifactsDialogViewModelTests The contents of jenkins artifacts should be correct" />
    </UnitTest>
    <UnitTest name="BrowseArtifactsDialogViewTests The initial values should be correct" storage="d:\v2.0\a1\_work\dbded102\vso\tfs\service\webaccess\releasepipeline\testscripts\tests\tests.releasemanagement.controls.browseartifactsdialog.ts" id="f4a7d8da-e6b3-4860-b82a-b6444b37e9bd">
      <Execution id="b5a63e8a-b913-44f6-8489-aeb550010038" />
      <TestMethod codeBase="d:\v2.0\a1\_work\dbded102\vso\tfs\service\webaccess\releasepipeline\testscripts\tests\tests.releasemanagement.controls.browseartifactsdialog.ts" adapterTypeName="Microsoft.VisualStudio.TestTools.TestTypes.Unit.UnitTestAdapter" className="d:\v2.0\a1\_work\dbded102\vso\tfs\service\webaccess\releasepipeline\testscripts\tests\tests.releasemanagement.controls.browseartifactsdialog" name="BrowseArtifactsDialogViewTests The initial values should be correct" />
    </UnitTest>
    <UnitTest name="BrowseArtifactsDialogViewTests Clicking on build artifact should get desired results" storage="d:\v2.0\a1\_work\dbded102\vso\tfs\service\webaccess\releasepipeline\testscripts\tests\tests.releasemanagement.controls.browseartifactsdialog.ts" id="22107192-0f36-4302-afb8-f388adb0066d">
      <Execution id="54e7cb38-311b-45ca-8543-31c37c80b20a" />
      <TestMethod codeBase="d:\v2.0\a1\_work\dbded102\vso\tfs\service\webaccess\releasepipeline\testscripts\tests\tests.releasemanagement.controls.browseartifactsdialog.ts" adapterTypeName="Microsoft.VisualStudio.TestTools.TestTypes.Unit.UnitTestAdapter" className="d:\v2.0\a1\_work\dbded102\vso\tfs\service\webaccess\releasepipeline\testscripts\tests\tests.releasemanagement.controls.browseartifactsdialog" name="BrowseArtifactsDialogViewTests Clicking on build artifact should get desired results" />
    </UnitTest>
    <UnitTest name="BrowseArtifactsDialogViewTests Clicking on jenkins artifact should show right number of artifacts and artifact details" storage="d:\v2.0\a1\_work\dbded102\vso\tfs\service\webaccess\releasepipeline\testscripts\tests\tests.releasemanagement.controls.browseartifactsdialog.ts" id="9f2504d9-8f1e-4702-a0e9-3c4bce0aeca6">
      <Execution id="701f8f9b-eb05-4750-b163-6ef12a64fc6a" />
      <TestMethod codeBase="d:\v2.0\a1\_work\dbded102\vso\tfs\service\webaccess\releasepipeline\testscripts\tests\tests.releasemanagement.controls.browseartifactsdialog.ts" adapterTypeName="Microsoft.VisualStudio.TestTools.TestTypes.Unit.UnitTestAdapter" className="d:\v2.0\a1\_work\dbded102\vso\tfs\service\webaccess\releasepipeline\testscripts\tests\tests.releasemanagement.controls.browseartifactsdialog" name="BrowseArtifactsDialogViewTests Clicking on jenkins artifact should show right number of artifacts and artifact details" />
    </UnitTest>
    <UnitTest name="BrowseArtifactsDialogViewTests Clicking on file share should have correct behaviour" storage="d:\v2.0\a1\_work\dbded102\vso\tfs\service\webaccess\releasepipeline\testscripts\tests\tests.releasemanagement.controls.browseartifactsdialog.ts" id="71b5b023-1830-4e2b-98a2-8944a01415fc">
      <Execution id="fea1d208-a337-4ab0-b769-f989d23a19cc" />
      <TestMethod codeBase="d:\v2.0\a1\_work\dbded102\vso\tfs\service\webaccess\releasepipeline\testscripts\tests\tests.releasemanagement.controls.browseartifactsdialog.ts" adapterTypeName="Microsoft.VisualStudio.TestTools.TestTypes.Unit.UnitTestAdapter" className="d:\v2.0\a1\_work\dbded102\vso\tfs\service\webaccess\releasepipeline\testscripts\tests\tests.releasemanagement.controls.browseartifactsdialog" name="BrowseArtifactsDialogViewTests Clicking on file share should have correct behaviour" />
    </UnitTest>
    <UnitTest name="BrowseArtifactsDialogViewTests Clicking on container node and selecting an artifact should have correct behaviour" storage="d:\v2.0\a1\_work\dbded102\vso\tfs\service\webaccess\releasepipeline\testscripts\tests\tests.releasemanagement.controls.browseartifactsdialog.ts" id="d54cdce6-9d43-4637-8436-ba011bceabcd">
      <Execution id="ad5fa7c2-f983-417c-bbd3-f630cf8da837" />
      <TestMethod codeBase="d:\v2.0\a1\_work\dbded102\vso\tfs\service\webaccess\releasepipeline\testscripts\tests\tests.releasemanagement.controls.browseartifactsdialog.ts" adapterTypeName="Microsoft.VisualStudio.TestTools.TestTypes.Unit.UnitTestAdapter" className="d:\v2.0\a1\_work\dbded102\vso\tfs\service\webaccess\releasepipeline\testscripts\tests\tests.releasemanagement.controls.browseartifactsdialog" name="BrowseArtifactsDialogViewTests Clicking on container node and selecting an artifact should have correct behaviour" />
    </UnitTest>
    <UnitTest name="BrowseArtifactsDialogViewTests Right path must be populated while navigating through jenkins artifacts" storage="d:\v2.0\a1\_work\dbded102\vso\tfs\service\webaccess\releasepipeline\testscripts\tests\tests.releasemanagement.controls.browseartifactsdialog.ts" id="4a96ad5f-76fa-41e0-86a1-ec3816a8eff5">
      <Execution id="e6dd00f6-8df1-4605-baf8-b66974c8efe6" />
      <TestMethod codeBase="d:\v2.0\a1\_work\dbded102\vso\tfs\service\webaccess\releasepipeline\testscripts\tests\tests.releasemanagement.controls.browseartifactsdialog.ts" adapterTypeName="Microsoft.VisualStudio.TestTools.TestTypes.Unit.UnitTestAdapter" className="d:\v2.0\a1\_work\dbded102\vso\tfs\service\webaccess\releasepipeline\testscripts\tests\tests.releasemanagement.controls.browseartifactsdialog" name="BrowseArtifactsDialogViewTests Right path must be populated while navigating through jenkins artifacts" />
    </UnitTest>
    <UnitTest name="BrowseArtifactsDialogViewTests Right number of nodes must be shown while navigating through jenkins artifacts" storage="d:\v2.0\a1\_work\dbded102\vso\tfs\service\webaccess\releasepipeline\testscripts\tests\tests.releasemanagement.controls.browseartifactsdialog.ts" id="278991f9-df37-454b-97e3-27450821f2d4">
      <Execution id="c61bb869-7250-47e4-8754-070c72eaec3d" />
      <TestMethod codeBase="d:\v2.0\a1\_work\dbded102\vso\tfs\service\webaccess\releasepipeline\testscripts\tests\tests.releasemanagement.controls.browseartifactsdialog.ts" adapterTypeName="Microsoft.VisualStudio.TestTools.TestTypes.Unit.UnitTestAdapter" className="d:\v2.0\a1\_work\dbded102\vso\tfs\service\webaccess\releasepipeline\testscripts\tests\tests.releasemanagement.controls.browseartifactsdialog" name="BrowseArtifactsDialogViewTests Right number of nodes must be shown while navigating through jenkins artifacts" />
    </UnitTest>
    <UnitTest name="CreateReleaseTests Should be able to enhance createReleaseView" storage="d:\v2.0\a1\_work\dbded102\vso\tfs\service\webaccess\releasepipeline\testscripts\tests\tests.releasemanagement.createreleasetests.ts" id="f5ae9a59-cd9c-49ce-9431-8a9eba543579">
      <Execution id="a96fe119-3e31-4338-93e2-aa2933ccb7c1" />
      <TestMethod codeBase="d:\v2.0\a1\_work\dbded102\vso\tfs\service\webaccess\releasepipeline\testscripts\tests\tests.releasemanagement.createreleasetests.ts" adapterTypeName="Microsoft.VisualStudio.TestTools.TestTypes.Unit.UnitTestAdapter" className="d:\v2.0\a1\_work\dbded102\vso\tfs\service\webaccess\releasepipeline\testscripts\tests\tests.releasemanagement.createreleasetests" name="CreateReleaseTests Should be able to enhance createReleaseView" />
    </UnitTest>
    <UnitTest name="CreateReleaseTests Elements in CreateReleaseView must be bound rightly" storage="d:\v2.0\a1\_work\dbded102\vso\tfs\service\webaccess\releasepipeline\testscripts\tests\tests.releasemanagement.createreleasetests.ts" id="e0d4d345-613e-4bd5-a9e9-66e68304540e">
      <Execution id="33d9d7de-f550-4382-bbec-e9acd569ff2b" />
      <TestMethod codeBase="d:\v2.0\a1\_work\dbded102\vso\tfs\service\webaccess\releasepipeline\testscripts\tests\tests.releasemanagement.createreleasetests.ts" adapterTypeName="Microsoft.VisualStudio.TestTools.TestTypes.Unit.UnitTestAdapter" className="d:\v2.0\a1\_work\dbded102\vso\tfs\service\webaccess\releasepipeline\testscripts\tests\tests.releasemanagement.createreleasetests" name="CreateReleaseTests Elements in CreateReleaseView must be bound rightly" />
    </UnitTest>
    <UnitTest name="CreateReleaseTests Right number of environment tiles must be shown" storage="d:\v2.0\a1\_work\dbded102\vso\tfs\service\webaccess\releasepipeline\testscripts\tests\tests.releasemanagement.createreleasetests.ts" id="501d82c5-586b-41be-afa1-ae32b67a14e4">
      <Execution id="f935e380-35c1-4379-b61a-b1c605d60a7c" />
      <TestMethod codeBase="d:\v2.0\a1\_work\dbded102\vso\tfs\service\webaccess\releasepipeline\testscripts\tests\tests.releasemanagement.createreleasetests.ts" adapterTypeName="Microsoft.VisualStudio.TestTools.TestTypes.Unit.UnitTestAdapter" className="d:\v2.0\a1\_work\dbded102\vso\tfs\service\webaccess\releasepipeline\testscripts\tests\tests.releasemanagement.createreleasetests" name="CreateReleaseTests Right number of environment tiles must be shown" />
    </UnitTest>
    <UnitTest name="CreateReleaseTests Right number of tasks must be shown on an environment tile" storage="d:\v2.0\a1\_work\dbded102\vso\tfs\service\webaccess\releasepipeline\testscripts\tests\tests.releasemanagement.createreleasetests.ts" id="cfbc0712-d9c7-47e6-821a-5e7bcae90543">
      <Execution id="6e2eaf10-27e2-4103-a694-a209e20e7445" />
      <TestMethod codeBase="d:\v2.0\a1\_work\dbded102\vso\tfs\service\webaccess\releasepipeline\testscripts\tests\tests.releasemanagement.createreleasetests.ts" adapterTypeName="Microsoft.VisualStudio.TestTools.TestTypes.Unit.UnitTestAdapter" className="d:\v2.0\a1\_work\dbded102\vso\tfs\service\webaccess\releasepipeline\testscripts\tests\tests.releasemanagement.createreleasetests" name="CreateReleaseTests Right number of tasks must be shown on an environment tile" />
    </UnitTest>
    <UnitTest name="CreateReleaseTests Artifacts view must be rendered correctly" storage="d:\v2.0\a1\_work\dbded102\vso\tfs\service\webaccess\releasepipeline\testscripts\tests\tests.releasemanagement.createreleasetests.ts" id="1cd0f228-1e0c-476b-bdb2-9eb3070254ce">
      <Execution id="9e24c7a2-4055-4975-904f-73401444a50b" />
      <TestMethod codeBase="d:\v2.0\a1\_work\dbded102\vso\tfs\service\webaccess\releasepipeline\testscripts\tests\tests.releasemanagement.createreleasetests.ts" adapterTypeName="Microsoft.VisualStudio.TestTools.TestTypes.Unit.UnitTestAdapter" className="d:\v2.0\a1\_work\dbded102\vso\tfs\service\webaccess\releasepipeline\testscripts\tests\tests.releasemanagement.createreleasetests" name="CreateReleaseTests Artifacts view must be rendered correctly" />
    </UnitTest>
    <UnitTest name="CreateReleaseTests Artifact version empty message should be shown when version not available" storage="d:\v2.0\a1\_work\dbded102\vso\tfs\service\webaccess\releasepipeline\testscripts\tests\tests.releasemanagement.createreleasetests.ts" id="23940ad8-83c7-4dd9-afbf-64844cedb379">
      <Execution id="129a211d-1f54-45f6-ac8d-522d1424fce5" />
      <TestMethod codeBase="d:\v2.0\a1\_work\dbded102\vso\tfs\service\webaccess\releasepipeline\testscripts\tests\tests.releasemanagement.createreleasetests.ts" adapterTypeName="Microsoft.VisualStudio.TestTools.TestTypes.Unit.UnitTestAdapter" className="d:\v2.0\a1\_work\dbded102\vso\tfs\service\webaccess\releasepipeline\testscripts\tests\tests.releasemanagement.createreleasetests" name="CreateReleaseTests Artifact version empty message should be shown when version not available" />
    </UnitTest>
    <UnitTest name="CreateReleaseTests Artifacts section should be hidden when no artifacts available" storage="d:\v2.0\a1\_work\dbded102\vso\tfs\service\webaccess\releasepipeline\testscripts\tests\tests.releasemanagement.createreleasetests.ts" id="f52e4d8c-3415-4fc9-b8df-2da3e0bafa18">
      <Execution id="3a11fa03-22df-4a82-9a6f-f9270323e59b" />
      <TestMethod codeBase="d:\v2.0\a1\_work\dbded102\vso\tfs\service\webaccess\releasepipeline\testscripts\tests\tests.releasemanagement.createreleasetests.ts" adapterTypeName="Microsoft.VisualStudio.TestTools.TestTypes.Unit.UnitTestAdapter" className="d:\v2.0\a1\_work\dbded102\vso\tfs\service\webaccess\releasepipeline\testscripts\tests\tests.releasemanagement.createreleasetests" name="CreateReleaseTests Artifacts section should be hidden when no artifacts available" />
    </UnitTest>
    <UnitTest name="CreateReleaseTests BaseReleaseActionViewModel constructor must initialize canCreate" storage="d:\v2.0\a1\_work\dbded102\vso\tfs\service\webaccess\releasepipeline\testscripts\tests\tests.releasemanagement.createreleasetests.ts" id="76a903b8-a0c2-4f41-ae81-bf64e5b818d6">
      <Execution id="037201d5-5969-4a57-be67-57e24d5d2080" />
      <TestMethod codeBase="d:\v2.0\a1\_work\dbded102\vso\tfs\service\webaccess\releasepipeline\testscripts\tests\tests.releasemanagement.createreleasetests.ts" adapterTypeName="Microsoft.VisualStudio.TestTools.TestTypes.Unit.UnitTestAdapter" className="d:\v2.0\a1\_work\dbded102\vso\tfs\service\webaccess\releasepipeline\testscripts\tests\tests.releasemanagement.createreleasetests" name="CreateReleaseTests BaseReleaseActionViewModel constructor must initialize canCreate" />
    </UnitTest>
    <UnitTest name="CreateReleaseTests CreateReleaseViewModel constructor must set title to a default non-empty value" storage="d:\v2.0\a1\_work\dbded102\vso\tfs\service\webaccess\releasepipeline\testscripts\tests\tests.releasemanagement.createreleasetests.ts" id="1a9ecc87-ac74-4f3f-aa56-8103d9a4a62b">
      <Execution id="cb5f0e94-2ee5-4316-911c-9be27295561e" />
      <TestMethod codeBase="d:\v2.0\a1\_work\dbded102\vso\tfs\service\webaccess\releasepipeline\testscripts\tests\tests.releasemanagement.createreleasetests.ts" adapterTypeName="Microsoft.VisualStudio.TestTools.TestTypes.Unit.UnitTestAdapter" className="d:\v2.0\a1\_work\dbded102\vso\tfs\service\webaccess\releasepipeline\testscripts\tests\tests.releasemanagement.createreleasetests" name="CreateReleaseTests CreateReleaseViewModel constructor must set title to a default non-empty value" />
    </UnitTest>
    <UnitTest name="CreateReleaseTests canCreate must return false when title is null or empty or whitespace in createReleaseViewModel" storage="d:\v2.0\a1\_work\dbded102\vso\tfs\service\webaccess\releasepipeline\testscripts\tests\tests.releasemanagement.createreleasetests.ts" id="c66e0034-79ae-4ead-9fca-f8fe567b7270">
      <Execution id="bf796d5c-9f20-41c1-aa79-941d9a47a7b2" />
      <TestMethod codeBase="d:\v2.0\a1\_work\dbded102\vso\tfs\service\webaccess\releasepipeline\testscripts\tests\tests.releasemanagement.createreleasetests.ts" adapterTypeName="Microsoft.VisualStudio.TestTools.TestTypes.Unit.UnitTestAdapter" className="d:\v2.0\a1\_work\dbded102\vso\tfs\service\webaccess\releasepipeline\testscripts\tests\tests.releasemanagement.createreleasetests" name="CreateReleaseTests canCreate must return false when title is null or empty or whitespace in createReleaseViewModel" />
    </UnitTest>
    <UnitTest name="CreateReleaseTests canCreate must return true when title is a nonEmpty string" storage="d:\v2.0\a1\_work\dbded102\vso\tfs\service\webaccess\releasepipeline\testscripts\tests\tests.releasemanagement.createreleasetests.ts" id="6f1d681b-3a3b-41d3-95e9-b73c4d6c5968">
      <Execution id="c2ab2ae9-d281-4c8e-9e5f-399369fa3cf0" />
      <TestMethod codeBase="d:\v2.0\a1\_work\dbded102\vso\tfs\service\webaccess\releasepipeline\testscripts\tests\tests.releasemanagement.createreleasetests.ts" adapterTypeName="Microsoft.VisualStudio.TestTools.TestTypes.Unit.UnitTestAdapter" className="d:\v2.0\a1\_work\dbded102\vso\tfs\service\webaccess\releasepipeline\testscripts\tests\tests.releasemanagement.createreleasetests" name="CreateReleaseTests canCreate must return true when title is a nonEmpty string" />
    </UnitTest>
    <UnitTest name="CreateReleaseTests canCreate must return false when releaseDefinition details are not yet fetched" storage="d:\v2.0\a1\_work\dbded102\vso\tfs\service\webaccess\releasepipeline\testscripts\tests\tests.releasemanagement.createreleasetests.ts" id="0c4017f4-d4dc-4bca-8345-a3ff1bb8c5bf">
      <Execution id="d132206c-64ad-404d-9cad-d2572f46551e" />
      <TestMethod codeBase="d:\v2.0\a1\_work\dbded102\vso\tfs\service\webaccess\releasepipeline\testscripts\tests\tests.releasemanagement.createreleasetests.ts" adapterTypeName="Microsoft.VisualStudio.TestTools.TestTypes.Unit.UnitTestAdapter" className="d:\v2.0\a1\_work\dbded102\vso\tfs\service\webaccess\releasepipeline\testscripts\tests\tests.releasemanagement.createreleasetests" name="CreateReleaseTests canCreate must return false when releaseDefinition details are not yet fetched" />
    </UnitTest>
    <UnitTest name="CreateReleaseTests canCreate must return true when releaseDefinition details are fetched and agentPool details are present" storage="d:\v2.0\a1\_work\dbded102\vso\tfs\service\webaccess\releasepipeline\testscripts\tests\tests.releasemanagement.createreleasetests.ts" id="bdc12126-70ca-4786-89ab-c46599800412">
      <Execution id="13b221d9-4e26-4908-b529-1195cc3b6916" />
      <TestMethod codeBase="d:\v2.0\a1\_work\dbded102\vso\tfs\service\webaccess\releasepipeline\testscripts\tests\tests.releasemanagement.createreleasetests.ts" adapterTypeName="Microsoft.VisualStudio.TestTools.TestTypes.Unit.UnitTestAdapter" className="d:\v2.0\a1\_work\dbded102\vso\tfs\service\webaccess\releasepipeline\testscripts\tests\tests.releasemanagement.createreleasetests" name="CreateReleaseTests canCreate must return true when releaseDefinition details are fetched and agentPool details are present" />
    </UnitTest>
    <UnitTest name="CreateReleaseTests canCreate must return false when releaseDefinition details are fetched and agentPool details are abscent" storage="d:\v2.0\a1\_work\dbded102\vso\tfs\service\webaccess\releasepipeline\testscripts\tests\tests.releasemanagement.createreleasetests.ts" id="c5cd8555-0f1c-462b-a36c-01eb98350345">
      <Execution id="34f0f25f-3a6d-46da-9ba1-df9ad18b6d7f" />
      <TestMethod codeBase="d:\v2.0\a1\_work\dbded102\vso\tfs\service\webaccess\releasepipeline\testscripts\tests\tests.releasemanagement.createreleasetests.ts" adapterTypeName="Microsoft.VisualStudio.TestTools.TestTypes.Unit.UnitTestAdapter" className="d:\v2.0\a1\_work\dbded102\vso\tfs\service\webaccess\releasepipeline\testscripts\tests\tests.releasemanagement.createreleasetests" name="CreateReleaseTests canCreate must return false when releaseDefinition details are fetched and agentPool details are abscent" />
    </UnitTest>
    <UnitTest name="CreateReleaseTests SelectionEnvironmentViewModel must be must be initialized with right data in CreateReleaseViewModel" storage="d:\v2.0\a1\_work\dbded102\vso\tfs\service\webaccess\releasepipeline\testscripts\tests\tests.releasemanagement.createreleasetests.ts" id="53c45f83-2662-47d0-a44f-5dfd1f84ad3d">
      <Execution id="bb11ee05-21ef-406b-a0a6-38dbad5450bf" />
      <TestMethod codeBase="d:\v2.0\a1\_work\dbded102\vso\tfs\service\webaccess\releasepipeline\testscripts\tests\tests.releasemanagement.createreleasetests.ts" adapterTypeName="Microsoft.VisualStudio.TestTools.TestTypes.Unit.UnitTestAdapter" className="d:\v2.0\a1\_work\dbded102\vso\tfs\service\webaccess\releasepipeline\testscripts\tests\tests.releasemanagement.createreleasetests" name="CreateReleaseTests SelectionEnvironmentViewModel must be must be initialized with right data in CreateReleaseViewModel" />
    </UnitTest>
    <UnitTest name="CreateReleaseTests ReleaseArtifactViewModels and ReleaseArtifactDefinitionViewModels must be initialized with right data in createReleaseViewmodel" storage="d:\v2.0\a1\_work\dbded102\vso\tfs\service\webaccess\releasepipeline\testscripts\tests\tests.releasemanagement.createreleasetests.ts" id="d80bd0a1-9e70-4f47-8dd0-ed708ca07d1d">
      <Execution id="14154d69-c3a8-472b-903d-7073f40c967e" />
      <TestMethod codeBase="d:\v2.0\a1\_work\dbded102\vso\tfs\service\webaccess\releasepipeline\testscripts\tests\tests.releasemanagement.createreleasetests.ts" adapterTypeName="Microsoft.VisualStudio.TestTools.TestTypes.Unit.UnitTestAdapter" className="d:\v2.0\a1\_work\dbded102\vso\tfs\service\webaccess\releasepipeline\testscripts\tests\tests.releasemanagement.createreleasetests" name="CreateReleaseTests ReleaseArtifactViewModels and ReleaseArtifactDefinitionViewModels must be initialized with right data in createReleaseViewmodel" />
    </UnitTest>
    <UnitTest name="CreateReleaseTests GetMessageViewModel must release a MessageAreaViewModel" storage="d:\v2.0\a1\_work\dbded102\vso\tfs\service\webaccess\releasepipeline\testscripts\tests\tests.releasemanagement.createreleasetests.ts" id="b4943e48-2123-4792-bdc3-07af2887c603">
      <Execution id="836cdcfb-4758-4468-8d31-2241fada7330" />
      <TestMethod codeBase="d:\v2.0\a1\_work\dbded102\vso\tfs\service\webaccess\releasepipeline\testscripts\tests\tests.releasemanagement.createreleasetests.ts" adapterTypeName="Microsoft.VisualStudio.TestTools.TestTypes.Unit.UnitTestAdapter" className="d:\v2.0\a1\_work\dbded102\vso\tfs\service\webaccess\releasepipeline\testscripts\tests\tests.releasemanagement.createreleasetests" name="CreateReleaseTests GetMessageViewModel must release a MessageAreaViewModel" />
    </UnitTest>
    <UnitTest name="CreateReleaseTests beginPerformAction in createReleaseViewModel must call create of releaseManager with right parameters" storage="d:\v2.0\a1\_work\dbded102\vso\tfs\service\webaccess\releasepipeline\testscripts\tests\tests.releasemanagement.createreleasetests.ts" id="7ad8b6a8-7ab4-4597-b9eb-8c8c81aaaf35">
      <Execution id="4377cab1-72b3-42cb-b27a-3fa515257667" />
      <TestMethod codeBase="d:\v2.0\a1\_work\dbded102\vso\tfs\service\webaccess\releasepipeline\testscripts\tests\tests.releasemanagement.createreleasetests.ts" adapterTypeName="Microsoft.VisualStudio.TestTools.TestTypes.Unit.UnitTestAdapter" className="d:\v2.0\a1\_work\dbded102\vso\tfs\service\webaccess\releasepipeline\testscripts\tests\tests.releasemanagement.createreleasetests" name="CreateReleaseTests beginPerformAction in createReleaseViewModel must call create of releaseManager with right parameters" />
    </UnitTest>
    <UnitTest name="CreateReleaseTests StartReleaseViewModel constructor must set title as release name" storage="d:\v2.0\a1\_work\dbded102\vso\tfs\service\webaccess\releasepipeline\testscripts\tests\tests.releasemanagement.createreleasetests.ts" id="4210c77d-0d67-4806-9478-955768778a24">
      <Execution id="75c50a98-4d95-47c3-8765-612efb3da2d6" />
      <TestMethod codeBase="d:\v2.0\a1\_work\dbded102\vso\tfs\service\webaccess\releasepipeline\testscripts\tests\tests.releasemanagement.createreleasetests.ts" adapterTypeName="Microsoft.VisualStudio.TestTools.TestTypes.Unit.UnitTestAdapter" className="d:\v2.0\a1\_work\dbded102\vso\tfs\service\webaccess\releasepipeline\testscripts\tests\tests.releasemanagement.createreleasetests" name="CreateReleaseTests StartReleaseViewModel constructor must set title as release name" />
    </UnitTest>
    <UnitTest name="CreateReleaseTests canCreate must return false when title is null or empty or whitespace in startReleseViewModel" storage="d:\v2.0\a1\_work\dbded102\vso\tfs\service\webaccess\releasepipeline\testscripts\tests\tests.releasemanagement.createreleasetests.ts" id="dd6c5024-bfc9-49e7-8d10-ec04ad5c2326">
      <Execution id="97f897d0-ac16-4f3c-99ea-04cb49018f0c" />
      <TestMethod codeBase="d:\v2.0\a1\_work\dbded102\vso\tfs\service\webaccess\releasepipeline\testscripts\tests\tests.releasemanagement.createreleasetests.ts" adapterTypeName="Microsoft.VisualStudio.TestTools.TestTypes.Unit.UnitTestAdapter" className="d:\v2.0\a1\_work\dbded102\vso\tfs\service\webaccess\releasepipeline\testscripts\tests\tests.releasemanagement.createreleasetests" name="CreateReleaseTests canCreate must return false when title is null or empty or whitespace in startReleseViewModel" />
    </UnitTest>
    <UnitTest name="CreateReleaseTests canCreate must return false when release details are not yet fetched" storage="d:\v2.0\a1\_work\dbded102\vso\tfs\service\webaccess\releasepipeline\testscripts\tests\tests.releasemanagement.createreleasetests.ts" id="260d27e7-ac4d-4d0c-8d72-f5dc82a2ebeb">
      <Execution id="072dc8c2-9e0a-4fc3-bbb9-ba1bf05ea777" />
      <TestMethod codeBase="d:\v2.0\a1\_work\dbded102\vso\tfs\service\webaccess\releasepipeline\testscripts\tests\tests.releasemanagement.createreleasetests.ts" adapterTypeName="Microsoft.VisualStudio.TestTools.TestTypes.Unit.UnitTestAdapter" className="d:\v2.0\a1\_work\dbded102\vso\tfs\service\webaccess\releasepipeline\testscripts\tests\tests.releasemanagement.createreleasetests" name="CreateReleaseTests canCreate must return false when release details are not yet fetched" />
    </UnitTest>
    <UnitTest name="CreateReleaseTests canCreate must return false when release details are fetched and agentPool details are abscent" storage="d:\v2.0\a1\_work\dbded102\vso\tfs\service\webaccess\releasepipeline\testscripts\tests\tests.releasemanagement.createreleasetests.ts" id="4636a809-b42c-431f-b01b-5bfdc6e3db8f">
      <Execution id="bcf16640-4fb0-47e4-837a-095fc37ebdda" />
      <TestMethod codeBase="d:\v2.0\a1\_work\dbded102\vso\tfs\service\webaccess\releasepipeline\testscripts\tests\tests.releasemanagement.createreleasetests.ts" adapterTypeName="Microsoft.VisualStudio.TestTools.TestTypes.Unit.UnitTestAdapter" className="d:\v2.0\a1\_work\dbded102\vso\tfs\service\webaccess\releasepipeline\testscripts\tests\tests.releasemanagement.createreleasetests" name="CreateReleaseTests canCreate must return false when release details are fetched and agentPool details are abscent" />
    </UnitTest>
    <UnitTest name="CreateReleaseTests canCreate must return true when release details are fetched and agentPool details are present" storage="d:\v2.0\a1\_work\dbded102\vso\tfs\service\webaccess\releasepipeline\testscripts\tests\tests.releasemanagement.createreleasetests.ts" id="66ac38e8-87be-4d18-90ca-2aee3078b9b6">
      <Execution id="798550cb-6b44-4f64-9f1f-61b860405797" />
      <TestMethod codeBase="d:\v2.0\a1\_work\dbded102\vso\tfs\service\webaccess\releasepipeline\testscripts\tests\tests.releasemanagement.createreleasetests.ts" adapterTypeName="Microsoft.VisualStudio.TestTools.TestTypes.Unit.UnitTestAdapter" className="d:\v2.0\a1\_work\dbded102\vso\tfs\service\webaccess\releasepipeline\testscripts\tests\tests.releasemanagement.createreleasetests" name="CreateReleaseTests canCreate must return true when release details are fetched and agentPool details are present" />
    </UnitTest>
    <UnitTest name="CreateReleaseTests SelectionEnvironmentViewModel must be must be initialized with right data in StartReleaseViewModel" storage="d:\v2.0\a1\_work\dbded102\vso\tfs\service\webaccess\releasepipeline\testscripts\tests\tests.releasemanagement.createreleasetests.ts" id="57dbea7c-2a5f-43c1-a07d-614f73ef1383">
      <Execution id="6fac77ec-9345-400b-a463-7d3ab7e628d3" />
      <TestMethod codeBase="d:\v2.0\a1\_work\dbded102\vso\tfs\service\webaccess\releasepipeline\testscripts\tests\tests.releasemanagement.createreleasetests.ts" adapterTypeName="Microsoft.VisualStudio.TestTools.TestTypes.Unit.UnitTestAdapter" className="d:\v2.0\a1\_work\dbded102\vso\tfs\service\webaccess\releasepipeline\testscripts\tests\tests.releasemanagement.createreleasetests" name="CreateReleaseTests SelectionEnvironmentViewModel must be must be initialized with right data in StartReleaseViewModel" />
    </UnitTest>
    <UnitTest name="CreateReleaseTests ReleaseArtifactViewModels and ReleaseArtifactDefinitionViewModels must be initialized with right data in startReleaseViewmodel" storage="d:\v2.0\a1\_work\dbded102\vso\tfs\service\webaccess\releasepipeline\testscripts\tests\tests.releasemanagement.createreleasetests.ts" id="3f4b64a6-d662-4d5d-b61d-86b4cac48981">
      <Execution id="da293501-649d-44db-a3cb-6504ed863024" />
      <TestMethod codeBase="d:\v2.0\a1\_work\dbded102\vso\tfs\service\webaccess\releasepipeline\testscripts\tests\tests.releasemanagement.createreleasetests.ts" adapterTypeName="Microsoft.VisualStudio.TestTools.TestTypes.Unit.UnitTestAdapter" className="d:\v2.0\a1\_work\dbded102\vso\tfs\service\webaccess\releasepipeline\testscripts\tests\tests.releasemanagement.createreleasetests" name="CreateReleaseTests ReleaseArtifactViewModels and ReleaseArtifactDefinitionViewModels must be initialized with right data in startReleaseViewmodel" />
    </UnitTest>
    <UnitTest name="EditArtifactDialogTests Constructor test" storage="d:\v2.0\a1\_work\dbded102\vso\tfs\service\webaccess\releasepipeline\testscripts\tests\tests.releasemanagement.artifacts.artifacttypeeditor.ts" id="33524c9e-c42b-46cf-bdca-b12d3a9cd2d8">
      <Execution id="1a577c95-b5a7-4c25-af4b-05caec6dd3ca" />
      <TestMethod codeBase="d:\v2.0\a1\_work\dbded102\vso\tfs\service\webaccess\releasepipeline\testscripts\tests\tests.releasemanagement.artifacts.artifacttypeeditor.ts" adapterTypeName="Microsoft.VisualStudio.TestTools.TestTypes.Unit.UnitTestAdapter" className="d:\v2.0\a1\_work\dbded102\vso\tfs\service\webaccess\releasepipeline\testscripts\tests\tests.releasemanagement.artifacts.artifacttypeeditor" name="EditArtifactDialogTests Constructor test" />
    </UnitTest>
    <UnitTest name="EditArtifactDialogTests The state should be invalid for empty name and path" storage="d:\v2.0\a1\_work\dbded102\vso\tfs\service\webaccess\releasepipeline\testscripts\tests\tests.releasemanagement.editartifactdialog.ts" id="3df7eadc-724b-4e9c-80c1-643e2e72b6fc">
      <Execution id="8447d085-76f4-4794-947a-fd4d81bec46a" />
      <TestMethod codeBase="d:\v2.0\a1\_work\dbded102\vso\tfs\service\webaccess\releasepipeline\testscripts\tests\tests.releasemanagement.editartifactdialog.ts" adapterTypeName="Microsoft.VisualStudio.TestTools.TestTypes.Unit.UnitTestAdapter" className="d:\v2.0\a1\_work\dbded102\vso\tfs\service\webaccess\releasepipeline\testscripts\tests\tests.releasemanagement.editartifactdialog" name="EditArtifactDialogTests The state should be invalid for empty name and path" />
    </UnitTest>
    <UnitTest name="EditArtifactDialogTests hasValueChanged should be proper" storage="d:\v2.0\a1\_work\dbded102\vso\tfs\service\webaccess\releasepipeline\testscripts\tests\tests.releasemanagement.editartifactdialog.ts" id="13fa2b79-fa28-46d0-80b0-803665456bf9">
      <Execution id="73487b8d-e140-4cc0-9af6-2c2387da166f" />
      <TestMethod codeBase="d:\v2.0\a1\_work\dbded102\vso\tfs\service\webaccess\releasepipeline\testscripts\tests\tests.releasemanagement.editartifactdialog.ts" adapterTypeName="Microsoft.VisualStudio.TestTools.TestTypes.Unit.UnitTestAdapter" className="d:\v2.0\a1\_work\dbded102\vso\tfs\service\webaccess\releasepipeline\testscripts\tests\tests.releasemanagement.editartifactdialog" name="EditArtifactDialogTests hasValueChanged should be proper" />
    </UnitTest>
    <UnitTest name="EditArtifactDialogTests Saving the artifact definition should call patch release with right set of parameters." storage="d:\v2.0\a1\_work\dbded102\vso\tfs\service\webaccess\releasepipeline\testscripts\tests\tests.releasemanagement.editartifactdialog.ts" id="45468a87-9b98-478c-aaef-ed45404ba6f3">
      <Execution id="ec6f3611-a9bd-494e-a8b9-6fac6839a663" />
      <TestMethod codeBase="d:\v2.0\a1\_work\dbded102\vso\tfs\service\webaccess\releasepipeline\testscripts\tests\tests.releasemanagement.editartifactdialog.ts" adapterTypeName="Microsoft.VisualStudio.TestTools.TestTypes.Unit.UnitTestAdapter" className="d:\v2.0\a1\_work\dbded102\vso\tfs\service\webaccess\releasepipeline\testscripts\tests\tests.releasemanagement.editartifactdialog.ts::editartifactdialogtests::saving the artifact definition should call patch release with right set of parameters" name="EditArtifactDialogTests Saving the artifact definition should call patch release with right set of parameters." />
    </UnitTest>
    <UnitTest name="EditArtifactDialogTests Error during save should show populate error on the dialog" storage="d:\v2.0\a1\_work\dbded102\vso\tfs\service\webaccess\releasepipeline\testscripts\tests\tests.releasemanagement.editartifactdialog.ts" id="8ee46109-c1ba-424f-88e8-8477cf858fff">
      <Execution id="6b084b6e-00e5-42c4-8800-d4e03770a3b8" />
      <TestMethod codeBase="d:\v2.0\a1\_work\dbded102\vso\tfs\service\webaccess\releasepipeline\testscripts\tests\tests.releasemanagement.editartifactdialog.ts" adapterTypeName="Microsoft.VisualStudio.TestTools.TestTypes.Unit.UnitTestAdapter" className="d:\v2.0\a1\_work\dbded102\vso\tfs\service\webaccess\releasepipeline\testscripts\tests\tests.releasemanagement.editartifactdialog" name="EditArtifactDialogTests Error during save should show populate error on the dialog" />
    </UnitTest>
    <UnitTest name="ApprovalPopupTests Should be able to create ApprovalPopup" storage="d:\v2.0\a1\_work\dbded102\vso\tfs\service\webaccess\releasepipeline\testscripts\tests\tests.releasemanagement.controls.approvalpopup.ts" id="f82b22a2-f766-4159-8cf9-9ed741c0adcd">
      <Execution id="b7e7a197-efb8-48a3-a003-26f523b587f8" />
      <TestMethod codeBase="d:\v2.0\a1\_work\dbded102\vso\tfs\service\webaccess\releasepipeline\testscripts\tests\tests.releasemanagement.controls.approvalpopup.ts" adapterTypeName="Microsoft.VisualStudio.TestTools.TestTypes.Unit.UnitTestAdapter" className="d:\v2.0\a1\_work\dbded102\vso\tfs\service\webaccess\releasepipeline\testscripts\tests\tests.releasemanagement.controls.approvalpopup" name="ApprovalPopupTests Should be able to create ApprovalPopup" />
    </UnitTest>
    <UnitTest name="ApprovalPopupTests Verify pre-approval view data of ApprovalPopup" storage="d:\v2.0\a1\_work\dbded102\vso\tfs\service\webaccess\releasepipeline\testscripts\tests\tests.releasemanagement.controls.approvalpopup.ts" id="3e7c756e-a750-4fb6-9c37-c3e3927cf437">
      <Execution id="1731021e-7d45-43a4-ae78-e28487fdb364" />
      <TestMethod codeBase="d:\v2.0\a1\_work\dbded102\vso\tfs\service\webaccess\releasepipeline\testscripts\tests\tests.releasemanagement.controls.approvalpopup.ts" adapterTypeName="Microsoft.VisualStudio.TestTools.TestTypes.Unit.UnitTestAdapter" className="d:\v2.0\a1\_work\dbded102\vso\tfs\service\webaccess\releasepipeline\testscripts\tests\tests.releasemanagement.controls.approvalpopup" name="ApprovalPopupTests Verify pre-approval view data of ApprovalPopup" />
    </UnitTest>
    <UnitTest name="ApprovalPopupTests Verify post-approval view data of ApprovalPopup" storage="d:\v2.0\a1\_work\dbded102\vso\tfs\service\webaccess\releasepipeline\testscripts\tests\tests.releasemanagement.controls.approvalpopup.ts" id="0eb7875d-340c-4793-98f1-840470c8d9a9">
      <Execution id="c09a2ca6-c7c1-407e-b917-c4adc90cd83f" />
      <TestMethod codeBase="d:\v2.0\a1\_work\dbded102\vso\tfs\service\webaccess\releasepipeline\testscripts\tests\tests.releasemanagement.controls.approvalpopup.ts" adapterTypeName="Microsoft.VisualStudio.TestTools.TestTypes.Unit.UnitTestAdapter" className="d:\v2.0\a1\_work\dbded102\vso\tfs\service\webaccess\releasepipeline\testscripts\tests\tests.releasemanagement.controls.approvalpopup" name="ApprovalPopupTests Verify post-approval view data of ApprovalPopup" />
    </UnitTest>
    <UnitTest name="ApprovalPopupTests ApprovalPopup should get closed when approved" storage="d:\v2.0\a1\_work\dbded102\vso\tfs\service\webaccess\releasepipeline\testscripts\tests\tests.releasemanagement.controls.approvalpopup.ts" id="7d0fb5ce-48d3-4803-a86e-4002a25e4c47">
      <Execution id="b73d8358-3089-46d5-becb-706d7ab080b9" />
      <TestMethod codeBase="d:\v2.0\a1\_work\dbded102\vso\tfs\service\webaccess\releasepipeline\testscripts\tests\tests.releasemanagement.controls.approvalpopup.ts" adapterTypeName="Microsoft.VisualStudio.TestTools.TestTypes.Unit.UnitTestAdapter" className="d:\v2.0\a1\_work\dbded102\vso\tfs\service\webaccess\releasepipeline\testscripts\tests\tests.releasemanagement.controls.approvalpopup" name="ApprovalPopupTests ApprovalPopup should get closed when approved" />
    </UnitTest>
    <UnitTest name="ApprovalPopupTests ApprovalPopup should get closed when rejected" storage="d:\v2.0\a1\_work\dbded102\vso\tfs\service\webaccess\releasepipeline\testscripts\tests\tests.releasemanagement.controls.approvalpopup.ts" id="d6f8292b-07fc-43df-a0af-77e7ea1dc82f">
      <Execution id="6cec8cb5-e1ce-4e4d-b627-d120165a6c34" />
      <TestMethod codeBase="d:\v2.0\a1\_work\dbded102\vso\tfs\service\webaccess\releasepipeline\testscripts\tests\tests.releasemanagement.controls.approvalpopup.ts" adapterTypeName="Microsoft.VisualStudio.TestTools.TestTypes.Unit.UnitTestAdapter" className="d:\v2.0\a1\_work\dbded102\vso\tfs\service\webaccess\releasepipeline\testscripts\tests\tests.releasemanagement.controls.approvalpopup" name="ApprovalPopupTests ApprovalPopup should get closed when rejected" />
    </UnitTest>
    <UnitTest name="ApprovalPopupTests ApprovalPopup should have correct number of approval controls" storage="d:\v2.0\a1\_work\dbded102\vso\tfs\service\webaccess\releasepipeline\testscripts\tests\tests.releasemanagement.controls.approvalpopup.ts" id="7e41a2f8-f798-4eea-99ef-f4055c980cf7">
      <Execution id="1d2b75f3-7df3-4357-92af-0a15ddc2222d" />
      <TestMethod codeBase="d:\v2.0\a1\_work\dbded102\vso\tfs\service\webaccess\releasepipeline\testscripts\tests\tests.releasemanagement.controls.approvalpopup.ts" adapterTypeName="Microsoft.VisualStudio.TestTools.TestTypes.Unit.UnitTestAdapter" className="d:\v2.0\a1\_work\dbded102\vso\tfs\service\webaccess\releasepipeline\testscripts\tests\tests.releasemanagement.controls.approvalpopup" name="ApprovalPopupTests ApprovalPopup should have correct number of approval controls" />
    </UnitTest>
    <UnitTest name="ApprovalPopupTests ApprovalPopup should show error when approved call fails" storage="d:\v2.0\a1\_work\dbded102\vso\tfs\service\webaccess\releasepipeline\testscripts\tests\tests.releasemanagement.controls.approvalpopup.ts" id="7038f9d9-10c1-4ae8-907d-c0b1db5f30fb">
      <Execution id="77400ab2-361f-43d3-a743-8d4f16eb02b1" />
      <TestMethod codeBase="d:\v2.0\a1\_work\dbded102\vso\tfs\service\webaccess\releasepipeline\testscripts\tests\tests.releasemanagement.controls.approvalpopup.ts" adapterTypeName="Microsoft.VisualStudio.TestTools.TestTypes.Unit.UnitTestAdapter" className="d:\v2.0\a1\_work\dbded102\vso\tfs\service\webaccess\releasepipeline\testscripts\tests\tests.releasemanagement.controls.approvalpopup" name="ApprovalPopupTests ApprovalPopup should show error when approved call fails" />
    </UnitTest>
    <UnitTest name="ApprovalPopupTests ApprovalPopup should show error when rejected call fails" storage="d:\v2.0\a1\_work\dbded102\vso\tfs\service\webaccess\releasepipeline\testscripts\tests\tests.releasemanagement.controls.approvalpopup.ts" id="9337a76f-1007-4f38-a310-5f7a5f576291">
      <Execution id="cb53927c-c612-44d3-bb93-882eba921422" />
      <TestMethod codeBase="d:\v2.0\a1\_work\dbded102\vso\tfs\service\webaccess\releasepipeline\testscripts\tests\tests.releasemanagement.controls.approvalpopup.ts" adapterTypeName="Microsoft.VisualStudio.TestTools.TestTypes.Unit.UnitTestAdapter" className="d:\v2.0\a1\_work\dbded102\vso\tfs\service\webaccess\releasepipeline\testscripts\tests\tests.releasemanagement.controls.approvalpopup" name="ApprovalPopupTests ApprovalPopup should show error when rejected call fails" />
    </UnitTest>
    <UnitTest name="ApprovalPopupTests Approve callback should get called when approved" storage="d:\v2.0\a1\_work\dbded102\vso\tfs\service\webaccess\releasepipeline\testscripts\tests\tests.releasemanagement.controls.approvalpopup.ts" id="eb8cccf0-c8f0-4d07-9724-a732e051d3ad">
      <Execution id="bbd0577f-ef7a-47ca-a14e-ec649b4e39f1" />
      <TestMethod codeBase="d:\v2.0\a1\_work\dbded102\vso\tfs\service\webaccess\releasepipeline\testscripts\tests\tests.releasemanagement.controls.approvalpopup.ts" adapterTypeName="Microsoft.VisualStudio.TestTools.TestTypes.Unit.UnitTestAdapter" className="d:\v2.0\a1\_work\dbded102\vso\tfs\service\webaccess\releasepipeline\testscripts\tests\tests.releasemanagement.controls.approvalpopup" name="ApprovalPopupTests Approve callback should get called when approved" />
    </UnitTest>
    <UnitTest name="ApprovalPopupTests Reject callback should get called when rejected" storage="d:\v2.0\a1\_work\dbded102\vso\tfs\service\webaccess\releasepipeline\testscripts\tests\tests.releasemanagement.controls.approvalpopup.ts" id="d019a66f-8455-4bea-bc50-fa4aa1f1af3e">
      <Execution id="053fda91-c9d2-471a-910f-1c2e1b7bc9fd" />
      <TestMethod codeBase="d:\v2.0\a1\_work\dbded102\vso\tfs\service\webaccess\releasepipeline\testscripts\tests\tests.releasemanagement.controls.approvalpopup.ts" adapterTypeName="Microsoft.VisualStudio.TestTools.TestTypes.Unit.UnitTestAdapter" className="d:\v2.0\a1\_work\dbded102\vso\tfs\service\webaccess\releasepipeline\testscripts\tests\tests.releasemanagement.controls.approvalpopup" name="ApprovalPopupTests Reject callback should get called when rejected" />
    </UnitTest>
    <UnitTest name="ApprovalPopupTests ApprovalPopup model should updated when comment added" storage="d:\v2.0\a1\_work\dbded102\vso\tfs\service\webaccess\releasepipeline\testscripts\tests\tests.releasemanagement.controls.approvalpopup.ts" id="b2f7532b-c9ce-4514-a811-1e667c6420fe">
      <Execution id="aa44a950-c236-4df3-a2c4-cc31db55c181" />
      <TestMethod codeBase="d:\v2.0\a1\_work\dbded102\vso\tfs\service\webaccess\releasepipeline\testscripts\tests\tests.releasemanagement.controls.approvalpopup.ts" adapterTypeName="Microsoft.VisualStudio.TestTools.TestTypes.Unit.UnitTestAdapter" className="d:\v2.0\a1\_work\dbded102\vso\tfs\service\webaccess\releasepipeline\testscripts\tests\tests.releasemanagement.controls.approvalpopup" name="ApprovalPopupTests ApprovalPopup model should updated when comment added" />
    </UnitTest>
    <UnitTest name="ApprovalPopupTests Comment box should be hidden if waiting on another user" storage="d:\v2.0\a1\_work\dbded102\vso\tfs\service\webaccess\releasepipeline\testscripts\tests\tests.releasemanagement.controls.approvalpopup.ts" id="ed85bd04-8c33-4bde-80e0-20c0a052e8e6">
      <Execution id="edd4eaa2-a2e8-477b-90c1-325d4c95858d" />
      <TestMethod codeBase="d:\v2.0\a1\_work\dbded102\vso\tfs\service\webaccess\releasepipeline\testscripts\tests\tests.releasemanagement.controls.approvalpopup.ts" adapterTypeName="Microsoft.VisualStudio.TestTools.TestTypes.Unit.UnitTestAdapter" className="d:\v2.0\a1\_work\dbded102\vso\tfs\service\webaccess\releasepipeline\testscripts\tests\tests.releasemanagement.controls.approvalpopup" name="ApprovalPopupTests Comment box should be hidden if waiting on another user" />
    </UnitTest>
    <UnitTest name="ApprovalPopupTests ApprovalPopup should get closed by titlebar close button" storage="d:\v2.0\a1\_work\dbded102\vso\tfs\service\webaccess\releasepipeline\testscripts\tests\tests.releasemanagement.controls.approvalpopup.ts" id="2bda0ffd-9d47-4888-a5ca-269ebb0ff952">
      <Execution id="06fb56fa-c526-413c-b5f7-3c724ac6d418" />
      <TestMethod codeBase="d:\v2.0\a1\_work\dbded102\vso\tfs\service\webaccess\releasepipeline\testscripts\tests\tests.releasemanagement.controls.approvalpopup.ts" adapterTypeName="Microsoft.VisualStudio.TestTools.TestTypes.Unit.UnitTestAdapter" className="d:\v2.0\a1\_work\dbded102\vso\tfs\service\webaccess\releasepipeline\testscripts\tests\tests.releasemanagement.controls.approvalpopup" name="ApprovalPopupTests ApprovalPopup should get closed by titlebar close button" />
    </UnitTest>
    <UnitTest name="ApprovalPopupTests ApprovalPopup should have confirmation on top" storage="d:\v2.0\a1\_work\dbded102\vso\tfs\service\webaccess\releasepipeline\testscripts\tests\tests.releasemanagement.controls.approvalpopup.ts" id="4078c496-166a-4b57-84f1-970829bf8a79">
      <Execution id="4a0d2a97-14ef-4129-b37c-bbdb192275ea" />
      <TestMethod codeBase="d:\v2.0\a1\_work\dbded102\vso\tfs\service\webaccess\releasepipeline\testscripts\tests\tests.releasemanagement.controls.approvalpopup.ts" adapterTypeName="Microsoft.VisualStudio.TestTools.TestTypes.Unit.UnitTestAdapter" className="d:\v2.0\a1\_work\dbded102\vso\tfs\service\webaccess\releasepipeline\testscripts\tests\tests.releasemanagement.controls.approvalpopup" name="ApprovalPopupTests ApprovalPopup should have confirmation on top" />
    </UnitTest>
    <UnitTest name="ApprovalPopupTests ApprovalPopup should approve on comment enter if default button is approve" storage="d:\v2.0\a1\_work\dbded102\vso\tfs\service\webaccess\releasepipeline\testscripts\tests\tests.releasemanagement.controls.approvalpopup.ts" id="0e8337ee-7b6b-42b8-9d4f-80f1103a19a6">
      <Execution id="2fd7b960-b2ba-46b9-ba4c-63e85824766d" />
      <TestMethod codeBase="d:\v2.0\a1\_work\dbded102\vso\tfs\service\webaccess\releasepipeline\testscripts\tests\tests.releasemanagement.controls.approvalpopup.ts" adapterTypeName="Microsoft.VisualStudio.TestTools.TestTypes.Unit.UnitTestAdapter" className="d:\v2.0\a1\_work\dbded102\vso\tfs\service\webaccess\releasepipeline\testscripts\tests\tests.releasemanagement.controls.approvalpopup" name="ApprovalPopupTests ApprovalPopup should approve on comment enter if default button is approve" />
    </UnitTest>
    <UnitTest name="ApprovalPopupTests ApprovalPopup without any reassigns." storage="d:\v2.0\a1\_work\dbded102\vso\tfs\service\webaccess\releasepipeline\testscripts\tests\tests.releasemanagement.controls.approvalpopup.ts" id="2aac1100-63ec-4dcf-96d2-ed19bc5906ba">
      <Execution id="5cc90b80-bf30-4958-9074-4a14272ba075" />
      <TestMethod codeBase="d:\v2.0\a1\_work\dbded102\vso\tfs\service\webaccess\releasepipeline\testscripts\tests\tests.releasemanagement.controls.approvalpopup.ts" adapterTypeName="Microsoft.VisualStudio.TestTools.TestTypes.Unit.UnitTestAdapter" className="d:\v2.0\a1\_work\dbded102\vso\tfs\service\webaccess\releasepipeline\testscripts\tests\tests.releasemanagement.controls.approvalpopup.ts::approvalpopuptests::approvalpopup without any reassigns" name="ApprovalPopupTests ApprovalPopup without any reassigns." />
    </UnitTest>
    <UnitTest name="ApprovalPopupTests ApprovalPopup with reassigns." storage="d:\v2.0\a1\_work\dbded102\vso\tfs\service\webaccess\releasepipeline\testscripts\tests\tests.releasemanagement.controls.approvalpopup.ts" id="cd147b8f-e123-495b-81c5-02544ab80e27">
      <Execution id="b8ac4f02-857c-41f9-a0ce-8a79dcb343c7" />
      <TestMethod codeBase="d:\v2.0\a1\_work\dbded102\vso\tfs\service\webaccess\releasepipeline\testscripts\tests\tests.releasemanagement.controls.approvalpopup.ts" adapterTypeName="Microsoft.VisualStudio.TestTools.TestTypes.Unit.UnitTestAdapter" className="d:\v2.0\a1\_work\dbded102\vso\tfs\service\webaccess\releasepipeline\testscripts\tests\tests.releasemanagement.controls.approvalpopup.ts::approvalpopuptests::approvalpopup with reassigns" name="ApprovalPopupTests ApprovalPopup with reassigns." />
    </UnitTest>
    <UnitTest name="ApprovalPopupTests ApprovalPopup should have reassign button if enabled and reassign controls should be hidden." storage="d:\v2.0\a1\_work\dbded102\vso\tfs\service\webaccess\releasepipeline\testscripts\tests\tests.releasemanagement.controls.approvalpopup.ts" id="5e2bf98d-3e1d-4f73-baea-64d7f0d76333">
      <Execution id="31e4d805-fe66-45cf-a821-0ac0452fd562" />
      <TestMethod codeBase="d:\v2.0\a1\_work\dbded102\vso\tfs\service\webaccess\releasepipeline\testscripts\tests\tests.releasemanagement.controls.approvalpopup.ts" adapterTypeName="Microsoft.VisualStudio.TestTools.TestTypes.Unit.UnitTestAdapter" className="d:\v2.0\a1\_work\dbded102\vso\tfs\service\webaccess\releasepipeline\testscripts\tests\tests.releasemanagement.controls.approvalpopup.ts::approvalpopuptests::approvalpopup should have reassign button if enabled and reassign controls should be hidden" name="ApprovalPopupTests ApprovalPopup should have reassign button if enabled and reassign controls should be hidden." />
    </UnitTest>
    <UnitTest name="ApprovalPopupTests ApprovalPopup should reject on comment enter if default button is reject" storage="d:\v2.0\a1\_work\dbded102\vso\tfs\service\webaccess\releasepipeline\testscripts\tests\tests.releasemanagement.controls.approvalpopup.ts" id="787565e9-e401-4f5f-976f-92f7e5f01492">
      <Execution id="7603774a-b983-4eb4-b049-1cc7ad8cf494" />
      <TestMethod codeBase="d:\v2.0\a1\_work\dbded102\vso\tfs\service\webaccess\releasepipeline\testscripts\tests\tests.releasemanagement.controls.approvalpopup.ts" adapterTypeName="Microsoft.VisualStudio.TestTools.TestTypes.Unit.UnitTestAdapter" className="d:\v2.0\a1\_work\dbded102\vso\tfs\service\webaccess\releasepipeline\testscripts\tests\tests.releasemanagement.controls.approvalpopup" name="ApprovalPopupTests ApprovalPopup should reject on comment enter if default button is reject" />
    </UnitTest>
    <UnitTest name="ApprovalPopupTests ApprovalPopup should not take any action if shift+enter pressed" storage="d:\v2.0\a1\_work\dbded102\vso\tfs\service\webaccess\releasepipeline\testscripts\tests\tests.releasemanagement.controls.approvalpopup.ts" id="89ada25f-b514-490f-9877-17dd20a95c2a">
      <Execution id="1dddd59a-5589-4590-a9f6-181e82245069" />
      <TestMethod codeBase="d:\v2.0\a1\_work\dbded102\vso\tfs\service\webaccess\releasepipeline\testscripts\tests\tests.releasemanagement.controls.approvalpopup.ts" adapterTypeName="Microsoft.VisualStudio.TestTools.TestTypes.Unit.UnitTestAdapter" className="d:\v2.0\a1\_work\dbded102\vso\tfs\service\webaccess\releasepipeline\testscripts\tests\tests.releasemanagement.controls.approvalpopup" name="ApprovalPopupTests ApprovalPopup should not take any action if shift+enter pressed" />
    </UnitTest>
    <UnitTest name="ApprovalPopupTests ApprovalPopup should have Image container added for each approval control" storage="d:\v2.0\a1\_work\dbded102\vso\tfs\service\webaccess\releasepipeline\testscripts\tests\tests.releasemanagement.controls.approvalpopup.ts" id="afa3b74c-f4ff-4084-a22b-2492ea8f2239">
      <Execution id="cf406276-6e0f-495e-8fd7-8b96aa79bc0a" />
      <TestMethod codeBase="d:\v2.0\a1\_work\dbded102\vso\tfs\service\webaccess\releasepipeline\testscripts\tests\tests.releasemanagement.controls.approvalpopup.ts" adapterTypeName="Microsoft.VisualStudio.TestTools.TestTypes.Unit.UnitTestAdapter" className="d:\v2.0\a1\_work\dbded102\vso\tfs\service\webaccess\releasepipeline\testscripts\tests\tests.releasemanagement.controls.approvalpopup" name="ApprovalPopupTests ApprovalPopup should have Image container added for each approval control" />
    </UnitTest>
    <UnitTest name="ApprovalPopupTests Source of the Image must be set right" storage="d:\v2.0\a1\_work\dbded102\vso\tfs\service\webaccess\releasepipeline\testscripts\tests\tests.releasemanagement.controls.approvalpopup.ts" id="ad81454f-31b7-4719-927d-db150a929119">
      <Execution id="2dde3344-99e8-43f7-ace2-b2baecc6081e" />
      <TestMethod codeBase="d:\v2.0\a1\_work\dbded102\vso\tfs\service\webaccess\releasepipeline\testscripts\tests\tests.releasemanagement.controls.approvalpopup.ts" adapterTypeName="Microsoft.VisualStudio.TestTools.TestTypes.Unit.UnitTestAdapter" className="d:\v2.0\a1\_work\dbded102\vso\tfs\service\webaccess\releasepipeline\testscripts\tests\tests.releasemanagement.controls.approvalpopup" name="ApprovalPopupTests Source of the Image must be set right" />
    </UnitTest>
    <UnitTest name="ApprovalPopupTests Verify popUpControl, approval is automated true and assigned to other user." storage="d:\v2.0\a1\_work\dbded102\vso\tfs\service\webaccess\releasepipeline\testscripts\tests\tests.releasemanagement.controls.approvalpopup.ts" id="22a8e62b-ff68-4c22-8e14-e0d694c2eb2f">
      <Execution id="4caf3d5f-ab69-4cf5-b756-597a63955c7e" />
      <TestMethod codeBase="d:\v2.0\a1\_work\dbded102\vso\tfs\service\webaccess\releasepipeline\testscripts\tests\tests.releasemanagement.controls.approvalpopup.ts" adapterTypeName="Microsoft.VisualStudio.TestTools.TestTypes.Unit.UnitTestAdapter" className="d:\v2.0\a1\_work\dbded102\vso\tfs\service\webaccess\releasepipeline\testscripts\tests\tests.releasemanagement.controls.approvalpopup.ts::approvalpopuptests::verify popupcontrol, approval is automated true and assigned to other user" name="ApprovalPopupTests Verify popUpControl, approval is automated true and assigned to other user." />
    </UnitTest>
    <UnitTest name="ApprovalPopupTests Verify popUpControl when isAutomated is true, is waitingOnAnotherUser is false, and approval status is pending" storage="d:\v2.0\a1\_work\dbded102\vso\tfs\service\webaccess\releasepipeline\testscripts\tests\tests.releasemanagement.controls.approvalpopup.ts" id="9ae2f410-99b8-425a-8a84-74793f19a10a">
      <Execution id="6854e5af-21e0-45c6-8ccd-4e3fb5b7b600" />
      <TestMethod codeBase="d:\v2.0\a1\_work\dbded102\vso\tfs\service\webaccess\releasepipeline\testscripts\tests\tests.releasemanagement.controls.approvalpopup.ts" adapterTypeName="Microsoft.VisualStudio.TestTools.TestTypes.Unit.UnitTestAdapter" className="d:\v2.0\a1\_work\dbded102\vso\tfs\service\webaccess\releasepipeline\testscripts\tests\tests.releasemanagement.controls.approvalpopup" name="ApprovalPopupTests Verify popUpControl when isAutomated is true, is waitingOnAnotherUser is false, and approval status is pending" />
    </UnitTest>
    <UnitTest name="ApprovalPopupTests Verify popUpControl when isAutomated is false, is waitingOnAnotherUser is true, and approval status is pending" storage="d:\v2.0\a1\_work\dbded102\vso\tfs\service\webaccess\releasepipeline\testscripts\tests\tests.releasemanagement.controls.approvalpopup.ts" id="c1dc056a-ef76-474c-9b4d-affbb7762ea2">
      <Execution id="1f83ebde-dd46-47db-b725-8b2c3a88ca9a" />
      <TestMethod codeBase="d:\v2.0\a1\_work\dbded102\vso\tfs\service\webaccess\releasepipeline\testscripts\tests\tests.releasemanagement.controls.approvalpopup.ts" adapterTypeName="Microsoft.VisualStudio.TestTools.TestTypes.Unit.UnitTestAdapter" className="d:\v2.0\a1\_work\dbded102\vso\tfs\service\webaccess\releasepipeline\testscripts\tests\tests.releasemanagement.controls.approvalpopup" name="ApprovalPopupTests Verify popUpControl when isAutomated is false, is waitingOnAnotherUser is true, and approval status is pending" />
    </UnitTest>
    <UnitTest name="ApprovalPopupTests Verify popUpControl when isAutomated is false, is waitingOnAnotherUser is false, and approval status is pending" storage="d:\v2.0\a1\_work\dbded102\vso\tfs\service\webaccess\releasepipeline\testscripts\tests\tests.releasemanagement.controls.approvalpopup.ts" id="cff2fc2a-2d44-4240-a003-fa36a7b60f05">
      <Execution id="c6ced4c9-7348-4aac-ab38-2da25a341a2b" />
      <TestMethod codeBase="d:\v2.0\a1\_work\dbded102\vso\tfs\service\webaccess\releasepipeline\testscripts\tests\tests.releasemanagement.controls.approvalpopup.ts" adapterTypeName="Microsoft.VisualStudio.TestTools.TestTypes.Unit.UnitTestAdapter" className="d:\v2.0\a1\_work\dbded102\vso\tfs\service\webaccess\releasepipeline\testscripts\tests\tests.releasemanagement.controls.approvalpopup" name="ApprovalPopupTests Verify popUpControl when isAutomated is false, is waitingOnAnotherUser is false, and approval status is pending" />
    </UnitTest>
    <UnitTest name="ApprovalPopupTests Verify popUpControl when isAutomated is true, is waitingOnAnotherUser is false, and approval status is Approved" storage="d:\v2.0\a1\_work\dbded102\vso\tfs\service\webaccess\releasepipeline\testscripts\tests\tests.releasemanagement.controls.approvalpopup.ts" id="9f9c88fe-0784-4988-86ea-16d03f499ede">
      <Execution id="b90692bf-1c7d-40d9-a915-650cc9ae84c3" />
      <TestMethod codeBase="d:\v2.0\a1\_work\dbded102\vso\tfs\service\webaccess\releasepipeline\testscripts\tests\tests.releasemanagement.controls.approvalpopup.ts" adapterTypeName="Microsoft.VisualStudio.TestTools.TestTypes.Unit.UnitTestAdapter" className="d:\v2.0\a1\_work\dbded102\vso\tfs\service\webaccess\releasepipeline\testscripts\tests\tests.releasemanagement.controls.approvalpopup" name="ApprovalPopupTests Verify popUpControl when isAutomated is true, is waitingOnAnotherUser is false, and approval status is Approved" />
    </UnitTest>
    <UnitTest name="ApprovalPopupTests Verify popUpControl when other user approved an approval and isAutomated is false" storage="d:\v2.0\a1\_work\dbded102\vso\tfs\service\webaccess\releasepipeline\testscripts\tests\tests.releasemanagement.controls.approvalpopup.ts" id="4a6e1e05-859d-4595-97b1-69894892bb51">
      <Execution id="05a484d5-cd78-4c0d-8bd4-7cf240253551" />
      <TestMethod codeBase="d:\v2.0\a1\_work\dbded102\vso\tfs\service\webaccess\releasepipeline\testscripts\tests\tests.releasemanagement.controls.approvalpopup.ts" adapterTypeName="Microsoft.VisualStudio.TestTools.TestTypes.Unit.UnitTestAdapter" className="d:\v2.0\a1\_work\dbded102\vso\tfs\service\webaccess\releasepipeline\testscripts\tests\tests.releasemanagement.controls.approvalpopup" name="ApprovalPopupTests Verify popUpControl when other user approved an approval and isAutomated is false" />
    </UnitTest>
    <UnitTest name="ApprovalPopupTests Verify popUpControl when current user rejected an approval and automated is false." storage="d:\v2.0\a1\_work\dbded102\vso\tfs\service\webaccess\releasepipeline\testscripts\tests\tests.releasemanagement.controls.approvalpopup.ts" id="0c026421-2add-4d81-b56e-4906a15cb842">
      <Execution id="284c4dc2-fcaf-46ce-a340-87273184f2c2" />
      <TestMethod codeBase="d:\v2.0\a1\_work\dbded102\vso\tfs\service\webaccess\releasepipeline\testscripts\tests\tests.releasemanagement.controls.approvalpopup.ts" adapterTypeName="Microsoft.VisualStudio.TestTools.TestTypes.Unit.UnitTestAdapter" className="d:\v2.0\a1\_work\dbded102\vso\tfs\service\webaccess\releasepipeline\testscripts\tests\tests.releasemanagement.controls.approvalpopup.ts::approvalpopuptests::verify popupcontrol when current user rejected an approval and automated is false" name="ApprovalPopupTests Verify popUpControl when current user rejected an approval and automated is false." />
    </UnitTest>
    <UnitTest name="ApprovalPopupTests The order of users appearing in the approval popup should be in the reverse chronological order for postApproval" storage="d:\v2.0\a1\_work\dbded102\vso\tfs\service\webaccess\releasepipeline\testscripts\tests\tests.releasemanagement.controls.approvalpopup.ts" id="ff177bdd-b325-4494-b78a-5be555b78cde">
      <Execution id="03c5e879-6af8-43b7-a2b4-840ade239f66" />
      <TestMethod codeBase="d:\v2.0\a1\_work\dbded102\vso\tfs\service\webaccess\releasepipeline\testscripts\tests\tests.releasemanagement.controls.approvalpopup.ts" adapterTypeName="Microsoft.VisualStudio.TestTools.TestTypes.Unit.UnitTestAdapter" className="d:\v2.0\a1\_work\dbded102\vso\tfs\service\webaccess\releasepipeline\testscripts\tests\tests.releasemanagement.controls.approvalpopup" name="ApprovalPopupTests The order of users appearing in the approval popup should be in the reverse chronological order for postApproval" />
    </UnitTest>
    <UnitTest name="ApprovalPopupTests The order of users appearing in the approval popup should be in the reverse chronological order for preApproval" storage="d:\v2.0\a1\_work\dbded102\vso\tfs\service\webaccess\releasepipeline\testscripts\tests\tests.releasemanagement.controls.approvalpopup.ts" id="b4f5996f-b9f8-404c-a177-b7cfdeef09a1">
      <Execution id="8e540a49-56ff-4625-84b5-ecc615eb3474" />
      <TestMethod codeBase="d:\v2.0\a1\_work\dbded102\vso\tfs\service\webaccess\releasepipeline\testscripts\tests\tests.releasemanagement.controls.approvalpopup.ts" adapterTypeName="Microsoft.VisualStudio.TestTools.TestTypes.Unit.UnitTestAdapter" className="d:\v2.0\a1\_work\dbded102\vso\tfs\service\webaccess\releasepipeline\testscripts\tests\tests.releasemanagement.controls.approvalpopup" name="ApprovalPopupTests The order of users appearing in the approval popup should be in the reverse chronological order for preApproval" />
    </UnitTest>
    <UnitTest name="ApprovalPopupTests PopupControl show comment box and buttons for current user, should not show for other user." storage="d:\v2.0\a1\_work\dbded102\vso\tfs\service\webaccess\releasepipeline\testscripts\tests\tests.releasemanagement.controls.approvalpopup.ts" id="d04b6584-798b-4136-a93f-8e49da6e841b">
      <Execution id="9207c3a4-2096-4b9a-803a-fe4741655662" />
      <TestMethod codeBase="d:\v2.0\a1\_work\dbded102\vso\tfs\service\webaccess\releasepipeline\testscripts\tests\tests.releasemanagement.controls.approvalpopup.ts" adapterTypeName="Microsoft.VisualStudio.TestTools.TestTypes.Unit.UnitTestAdapter" className="d:\v2.0\a1\_work\dbded102\vso\tfs\service\webaccess\releasepipeline\testscripts\tests\tests.releasemanagement.controls.approvalpopup.ts::approvalpopuptests::popupcontrol show comment box and buttons for current user, should not show for other user" name="ApprovalPopupTests PopupControl show comment box and buttons for current user, should not show for other user." />
    </UnitTest>
    <UnitTest name="ApprovalPopupTests PopupControl show comment box and buttons for current user, should show comment label for other user." storage="d:\v2.0\a1\_work\dbded102\vso\tfs\service\webaccess\releasepipeline\testscripts\tests\tests.releasemanagement.controls.approvalpopup.ts" id="f0625f79-2a7b-4f52-b545-dd85bc8fb93a">
      <Execution id="31367b1a-05f6-4a69-8e7e-8ddb6b357018" />
      <TestMethod codeBase="d:\v2.0\a1\_work\dbded102\vso\tfs\service\webaccess\releasepipeline\testscripts\tests\tests.releasemanagement.controls.approvalpopup.ts" adapterTypeName="Microsoft.VisualStudio.TestTools.TestTypes.Unit.UnitTestAdapter" className="d:\v2.0\a1\_work\dbded102\vso\tfs\service\webaccess\releasepipeline\testscripts\tests\tests.releasemanagement.controls.approvalpopup.ts::approvalpopuptests::popupcontrol show comment box and buttons for current user, should show comment label for other user" name="ApprovalPopupTests PopupControl show comment box and buttons for current user, should show comment label for other user." />
    </UnitTest>
    <UnitTest name="ApprovalPopupTests PopupControl show comment label for current user and for other user." storage="d:\v2.0\a1\_work\dbded102\vso\tfs\service\webaccess\releasepipeline\testscripts\tests\tests.releasemanagement.controls.approvalpopup.ts" id="37f65631-96cd-4488-bb8b-1fa353786c31">
      <Execution id="ddadd8ed-b9c6-46e4-b3e9-6559a1a51125" />
      <TestMethod codeBase="d:\v2.0\a1\_work\dbded102\vso\tfs\service\webaccess\releasepipeline\testscripts\tests\tests.releasemanagement.controls.approvalpopup.ts" adapterTypeName="Microsoft.VisualStudio.TestTools.TestTypes.Unit.UnitTestAdapter" className="d:\v2.0\a1\_work\dbded102\vso\tfs\service\webaccess\releasepipeline\testscripts\tests\tests.releasemanagement.controls.approvalpopup.ts::approvalpopuptests::popupcontrol show comment label for current user and for other user" name="ApprovalPopupTests PopupControl show comment label for current user and for other user." />
    </UnitTest>
    <UnitTest name="ApprovalPopupTests Cancelled approval should have proper description and comment should be hidden." storage="d:\v2.0\a1\_work\dbded102\vso\tfs\service\webaccess\releasepipeline\testscripts\tests\tests.releasemanagement.controls.approvalpopup.ts" id="3e9cf3a1-e524-45d4-821f-4f4ddf411596">
      <Execution id="4c7c8a26-44d5-40b1-973e-eff9c61a67a5" />
      <TestMethod codeBase="d:\v2.0\a1\_work\dbded102\vso\tfs\service\webaccess\releasepipeline\testscripts\tests\tests.releasemanagement.controls.approvalpopup.ts" adapterTypeName="Microsoft.VisualStudio.TestTools.TestTypes.Unit.UnitTestAdapter" className="d:\v2.0\a1\_work\dbded102\vso\tfs\service\webaccess\releasepipeline\testscripts\tests\tests.releasemanagement.controls.approvalpopup.ts::approvalpopuptests::cancelled approval should have proper description and comment should be hidden" name="ApprovalPopupTests Cancelled approval should have proper description and comment should be hidden." />
    </UnitTest>
    <UnitTest name="EnvironmentDefinitionOverviewControlTests Verify control create" storage="d:\v2.0\a1\_work\dbded102\vso\tfs\service\webaccess\releasepipeline\testscripts\tests\tests.releasemanagement.controls.environmentdefinitionoverviewcontrol.ts" id="4a8927f3-8489-44ac-9329-a19d1d80c7f5">
      <Execution id="d8ab525f-845c-46b6-9aa1-ba8629034297" />
      <TestMethod codeBase="d:\v2.0\a1\_work\dbded102\vso\tfs\service\webaccess\releasepipeline\testscripts\tests\tests.releasemanagement.controls.environmentdefinitionoverviewcontrol.ts" adapterTypeName="Microsoft.VisualStudio.TestTools.TestTypes.Unit.UnitTestAdapter" className="d:\v2.0\a1\_work\dbded102\vso\tfs\service\webaccess\releasepipeline\testscripts\tests\tests.releasemanagement.controls.environmentdefinitionoverviewcontrol" name="EnvironmentDefinitionOverviewControlTests Verify control create" />
    </UnitTest>
    <UnitTest name="EnvironmentDefinitionOverviewControlTests Should set the correct environment status" storage="d:\v2.0\a1\_work\dbded102\vso\tfs\service\webaccess\releasepipeline\testscripts\tests\tests.releasemanagement.controls.environmentdefinitionoverviewcontrol.ts" id="44d44f26-b119-42ac-bb22-62f4735e0a15">
      <Execution id="fdbcc37f-fd97-424c-9d4b-8b556039a301" />
      <TestMethod codeBase="d:\v2.0\a1\_work\dbded102\vso\tfs\service\webaccess\releasepipeline\testscripts\tests\tests.releasemanagement.controls.environmentdefinitionoverviewcontrol.ts" adapterTypeName="Microsoft.VisualStudio.TestTools.TestTypes.Unit.UnitTestAdapter" className="d:\v2.0\a1\_work\dbded102\vso\tfs\service\webaccess\releasepipeline\testscripts\tests\tests.releasemanagement.controls.environmentdefinitionoverviewcontrol" name="EnvironmentDefinitionOverviewControlTests Should set the correct environment status" />
    </UnitTest>
    <UnitTest name="EnvironmentDefinitionOverviewControlTests Validate update release history" storage="d:\v2.0\a1\_work\dbded102\vso\tfs\service\webaccess\releasepipeline\testscripts\tests\tests.releasemanagement.controls.environmentdefinitionoverviewcontrol.ts" id="7bba7063-ec20-4b61-aa29-35561e49649f">
      <Execution id="4629a33b-a76d-4255-a7bf-7771105d64ac" />
      <TestMethod codeBase="d:\v2.0\a1\_work\dbded102\vso\tfs\service\webaccess\releasepipeline\testscripts\tests\tests.releasemanagement.controls.environmentdefinitionoverviewcontrol.ts" adapterTypeName="Microsoft.VisualStudio.TestTools.TestTypes.Unit.UnitTestAdapter" className="d:\v2.0\a1\_work\dbded102\vso\tfs\service\webaccess\releasepipeline\testscripts\tests\tests.releasemanagement.controls.environmentdefinitionoverviewcontrol" name="EnvironmentDefinitionOverviewControlTests Validate update release history" />
    </UnitTest>
    <UnitTest name="EnvironmentDefinitionOverviewControlTests Should have arrow when set" storage="d:\v2.0\a1\_work\dbded102\vso\tfs\service\webaccess\releasepipeline\testscripts\tests\tests.releasemanagement.controls.environmentdefinitionoverviewcontrol.ts" id="ebecc42a-1757-4f64-9335-8cea8a722548">
      <Execution id="c0107464-e34c-4520-9fc0-6a11539cc0a3" />
      <TestMethod codeBase="d:\v2.0\a1\_work\dbded102\vso\tfs\service\webaccess\releasepipeline\testscripts\tests\tests.releasemanagement.controls.environmentdefinitionoverviewcontrol.ts" adapterTypeName="Microsoft.VisualStudio.TestTools.TestTypes.Unit.UnitTestAdapter" className="d:\v2.0\a1\_work\dbded102\vso\tfs\service\webaccess\releasepipeline\testscripts\tests\tests.releasemanagement.controls.environmentdefinitionoverviewcontrol" name="EnvironmentDefinitionOverviewControlTests Should have arrow when set" />
    </UnitTest>
    <UnitTest name="EnvironmentDefinitionTileControlTests Should be able to create EnvironmentDefinitionTile" storage="d:\v2.0\a1\_work\dbded102\vso\tfs\service\webaccess\releasepipeline\testscripts\tests\tests.releasemanagement.controls.environmentdefinitiontile.ts" id="ba440682-5db1-47d5-84b6-7310680e2658">
      <Execution id="74943e34-cde7-445f-bf58-9c8e2bf232e1" />
      <TestMethod codeBase="d:\v2.0\a1\_work\dbded102\vso\tfs\service\webaccess\releasepipeline\testscripts\tests\tests.releasemanagement.controls.environmentdefinitiontile.ts" adapterTypeName="Microsoft.VisualStudio.TestTools.TestTypes.Unit.UnitTestAdapter" className="d:\v2.0\a1\_work\dbded102\vso\tfs\service\webaccess\releasepipeline\testscripts\tests\tests.releasemanagement.controls.environmentdefinitiontile" name="EnvironmentDefinitionTileControlTests Should be able to create EnvironmentDefinitionTile" />
    </UnitTest>
    <UnitTest name="EnvironmentDefinitionTileControlTests Delete Environment from menu should raise Delete event" storage="d:\v2.0\a1\_work\dbded102\vso\tfs\service\webaccess\releasepipeline\testscripts\tests\tests.releasemanagement.controls.environmentdefinitiontile.ts" id="ae2a0060-5700-4789-bfb7-b0f74d0f495c">
      <Execution id="4ab23229-ab46-48eb-90e9-8ea137efed3c" />
      <TestMethod codeBase="d:\v2.0\a1\_work\dbded102\vso\tfs\service\webaccess\releasepipeline\testscripts\tests\tests.releasemanagement.controls.environmentdefinitiontile.ts" adapterTypeName="Microsoft.VisualStudio.TestTools.TestTypes.Unit.UnitTestAdapter" className="d:\v2.0\a1\_work\dbded102\vso\tfs\service\webaccess\releasepipeline\testscripts\tests\tests.releasemanagement.controls.environmentdefinitiontile" name="EnvironmentDefinitionTileControlTests Delete Environment from menu should raise Delete event" />
    </UnitTest>
    <UnitTest name="EnvironmentDefinitionTileControlTests Environment definition options should come in the tile as ellipsis" storage="d:\v2.0\a1\_work\dbded102\vso\tfs\service\webaccess\releasepipeline\testscripts\tests\tests.releasemanagement.controls.environmentdefinitiontile.ts" id="a35ded9a-7101-48e6-b5d2-78f8e74e8b65">
      <Execution id="02e98eaa-e9d6-4969-897c-3d8644b0782a" />
      <TestMethod codeBase="d:\v2.0\a1\_work\dbded102\vso\tfs\service\webaccess\releasepipeline\testscripts\tests\tests.releasemanagement.controls.environmentdefinitiontile.ts" adapterTypeName="Microsoft.VisualStudio.TestTools.TestTypes.Unit.UnitTestAdapter" className="d:\v2.0\a1\_work\dbded102\vso\tfs\service\webaccess\releasepipeline\testscripts\tests\tests.releasemanagement.controls.environmentdefinitiontile" name="EnvironmentDefinitionTileControlTests Environment definition options should come in the tile as ellipsis" />
    </UnitTest>
    <UnitTest name="EnvironmentDefinitionTileControlTests Approval dialog visibility test" storage="d:\v2.0\a1\_work\dbded102\vso\tfs\service\webaccess\releasepipeline\testscripts\tests\tests.releasemanagement.controls.environmentdefinitiontile.ts" id="66fbae48-97da-4386-b941-764b02981b5e">
      <Execution id="2be72caa-5e6a-47c7-8d0e-e81f4235ffe3" />
      <TestMethod codeBase="d:\v2.0\a1\_work\dbded102\vso\tfs\service\webaccess\releasepipeline\testscripts\tests\tests.releasemanagement.controls.environmentdefinitiontile.ts" adapterTypeName="Microsoft.VisualStudio.TestTools.TestTypes.Unit.UnitTestAdapter" className="d:\v2.0\a1\_work\dbded102\vso\tfs\service\webaccess\releasepipeline\testscripts\tests\tests.releasemanagement.controls.environmentdefinitiontile" name="EnvironmentDefinitionTileControlTests Approval dialog visibility test" />
    </UnitTest>
    <UnitTest name="EnvironmentDefinitionTileControlTests Name label should be updated when new name given by user" storage="d:\v2.0\a1\_work\dbded102\vso\tfs\service\webaccess\releasepipeline\testscripts\tests\tests.releasemanagement.controls.environmentdefinitiontile.ts" id="e395dcdc-b69c-410c-b95f-d15e9f15c17d">
      <Execution id="f852a0af-7cb5-4605-9d81-9c03ba0bdff9" />
      <TestMethod codeBase="d:\v2.0\a1\_work\dbded102\vso\tfs\service\webaccess\releasepipeline\testscripts\tests\tests.releasemanagement.controls.environmentdefinitiontile.ts" adapterTypeName="Microsoft.VisualStudio.TestTools.TestTypes.Unit.UnitTestAdapter" className="d:\v2.0\a1\_work\dbded102\vso\tfs\service\webaccess\releasepipeline\testscripts\tests\tests.releasemanagement.controls.environmentdefinitiontile" name="EnvironmentDefinitionTileControlTests Name label should be updated when new name given by user" />
    </UnitTest>
    <UnitTest name="EnvironmentDefinitionTileControlTests Name label should be discarded when new name given by user but escape pressed" storage="d:\v2.0\a1\_work\dbded102\vso\tfs\service\webaccess\releasepipeline\testscripts\tests\tests.releasemanagement.controls.environmentdefinitiontile.ts" id="5ac4967b-9162-4c14-8459-0c60390e3fcc">
      <Execution id="d7da6573-07b7-4f06-a8a1-5a063cfee931" />
      <TestMethod codeBase="d:\v2.0\a1\_work\dbded102\vso\tfs\service\webaccess\releasepipeline\testscripts\tests\tests.releasemanagement.controls.environmentdefinitiontile.ts" adapterTypeName="Microsoft.VisualStudio.TestTools.TestTypes.Unit.UnitTestAdapter" className="d:\v2.0\a1\_work\dbded102\vso\tfs\service\webaccess\releasepipeline\testscripts\tests\tests.releasemanagement.controls.environmentdefinitiontile" name="EnvironmentDefinitionTileControlTests Name label should be discarded when new name given by user but escape pressed" />
    </UnitTest>
    <UnitTest name="EnvironmentDefinitionTileControlTests Tasks count should be updated when new task added" storage="d:\v2.0\a1\_work\dbded102\vso\tfs\service\webaccess\releasepipeline\testscripts\tests\tests.releasemanagement.controls.environmentdefinitiontile.ts" id="dd0a036c-28d8-42bb-ae4d-51a269b109dd">
      <Execution id="66a4ebac-614a-4baf-9e1a-5884603a1939" />
      <TestMethod codeBase="d:\v2.0\a1\_work\dbded102\vso\tfs\service\webaccess\releasepipeline\testscripts\tests\tests.releasemanagement.controls.environmentdefinitiontile.ts" adapterTypeName="Microsoft.VisualStudio.TestTools.TestTypes.Unit.UnitTestAdapter" className="d:\v2.0\a1\_work\dbded102\vso\tfs\service\webaccess\releasepipeline\testscripts\tests\tests.releasemanagement.controls.environmentdefinitiontile" name="EnvironmentDefinitionTileControlTests Tasks count should be updated when new task added" />
    </UnitTest>
    <UnitTest name="EnvironmentDefinitionTileControlTests Label should not be shown when enter or escape pressed in name textbox" storage="d:\v2.0\a1\_work\dbded102\vso\tfs\service\webaccess\releasepipeline\testscripts\tests\tests.releasemanagement.controls.environmentdefinitiontile.ts" id="0959058e-eb1f-4969-837d-55a3b00b50cc">
      <Execution id="16b5539d-86fd-4137-8823-a3932f47621f" />
      <TestMethod codeBase="d:\v2.0\a1\_work\dbded102\vso\tfs\service\webaccess\releasepipeline\testscripts\tests\tests.releasemanagement.controls.environmentdefinitiontile.ts" adapterTypeName="Microsoft.VisualStudio.TestTools.TestTypes.Unit.UnitTestAdapter" className="d:\v2.0\a1\_work\dbded102\vso\tfs\service\webaccess\releasepipeline\testscripts\tests\tests.releasemanagement.controls.environmentdefinitiontile" name="EnvironmentDefinitionTileControlTests Label should not be shown when enter or escape pressed in name textbox" />
    </UnitTest>
    <UnitTest name="ReleaseDefinitionOverviewControlTests Verify control create" storage="d:\v2.0\a1\_work\dbded102\vso\tfs\service\webaccess\releasepipeline\testscripts\tests\tests.releasemanagement.controls.releasedefinitionoverviewcontrol.ts" id="7c179878-e1fc-4386-8d6d-b9cb94de4ba1">
      <Execution id="f78cb13a-9592-40ae-8998-979cba5442ad" />
      <TestMethod codeBase="d:\v2.0\a1\_work\dbded102\vso\tfs\service\webaccess\releasepipeline\testscripts\tests\tests.releasemanagement.controls.releasedefinitionoverviewcontrol.ts" adapterTypeName="Microsoft.VisualStudio.TestTools.TestTypes.Unit.UnitTestAdapter" className="d:\v2.0\a1\_work\dbded102\vso\tfs\service\webaccess\releasepipeline\testscripts\tests\tests.releasemanagement.controls.releasedefinitionoverviewcontrol" name="ReleaseDefinitionOverviewControlTests Verify control create" />
    </UnitTest>
    <UnitTest name="ReleaseDefinitionOverviewControlTests Open release definition links should not work if user does not have edit permission" storage="d:\v2.0\a1\_work\dbded102\vso\tfs\service\webaccess\releasepipeline\testscripts\tests\tests.releasemanagement.controls.releasedefinitionoverviewcontrol.ts" id="ef065467-f068-4ecb-a809-00b701a10493">
      <Execution id="3ebd1a7b-1759-4a18-8eaf-5455fa488407" />
      <TestMethod codeBase="d:\v2.0\a1\_work\dbded102\vso\tfs\service\webaccess\releasepipeline\testscripts\tests\tests.releasemanagement.controls.releasedefinitionoverviewcontrol.ts" adapterTypeName="Microsoft.VisualStudio.TestTools.TestTypes.Unit.UnitTestAdapter" className="d:\v2.0\a1\_work\dbded102\vso\tfs\service\webaccess\releasepipeline\testscripts\tests\tests.releasemanagement.controls.releasedefinitionoverviewcontrol" name="ReleaseDefinitionOverviewControlTests Open release definition links should not work if user does not have edit permission" />
    </UnitTest>
    <UnitTest name="ReleaseDefinitionOverviewControlTests Open release definition should work if user have permission" storage="d:\v2.0\a1\_work\dbded102\vso\tfs\service\webaccess\releasepipeline\testscripts\tests\tests.releasemanagement.controls.releasedefinitionoverviewcontrol.ts" id="99c9e972-bf0e-4230-8a3c-2ccf773c9ac8">
      <Execution id="ad8d3d1d-1416-4f77-9f21-1f7bfc806105" />
      <TestMethod codeBase="d:\v2.0\a1\_work\dbded102\vso\tfs\service\webaccess\releasepipeline\testscripts\tests\tests.releasemanagement.controls.releasedefinitionoverviewcontrol.ts" adapterTypeName="Microsoft.VisualStudio.TestTools.TestTypes.Unit.UnitTestAdapter" className="d:\v2.0\a1\_work\dbded102\vso\tfs\service\webaccess\releasepipeline\testscripts\tests\tests.releasemanagement.controls.releasedefinitionoverviewcontrol" name="ReleaseDefinitionOverviewControlTests Open release definition should work if user have permission" />
    </UnitTest>
    <UnitTest name="CreateReleasePopupDialogTests Constructor should call getReleaseDefinition of release definition manager with right definitionId" storage="d:\v2.0\a1\_work\dbded102\vso\tfs\service\webaccess\releasepipeline\testscripts\tests\tests.releasemanagement.createreleasepopupdialogtests.ts" id="e573cfa7-b703-47a5-934f-f1e221070bb4">
      <Execution id="7bfe6475-eec4-47d8-8d07-12027b494f4d" />
      <TestMethod codeBase="d:\v2.0\a1\_work\dbded102\vso\tfs\service\webaccess\releasepipeline\testscripts\tests\tests.releasemanagement.createreleasepopupdialogtests.ts" adapterTypeName="Microsoft.VisualStudio.TestTools.TestTypes.Unit.UnitTestAdapter" className="d:\v2.0\a1\_work\dbded102\vso\tfs\service\webaccess\releasepipeline\testscripts\tests\tests.releasemanagement.createreleasepopupdialogtests" name="CreateReleasePopupDialogTests Constructor should call getReleaseDefinition of release definition manager with right definitionId" />
    </UnitTest>
    <UnitTest name="CreateReleasePopupDialogTests Should see popup dialog on triggering create release" storage="d:\v2.0\a1\_work\dbded102\vso\tfs\service\webaccess\releasepipeline\testscripts\tests\tests.releasemanagement.createreleasepopupdialogtests.ts" id="3c91b905-dbad-4f98-bdbf-70ad0fbd7dab">
      <Execution id="7f0339f7-33f8-42e9-af20-14b9fcb74538" />
      <TestMethod codeBase="d:\v2.0\a1\_work\dbded102\vso\tfs\service\webaccess\releasepipeline\testscripts\tests\tests.releasemanagement.createreleasepopupdialogtests.ts" adapterTypeName="Microsoft.VisualStudio.TestTools.TestTypes.Unit.UnitTestAdapter" className="d:\v2.0\a1\_work\dbded102\vso\tfs\service\webaccess\releasepipeline\testscripts\tests\tests.releasemanagement.createreleasepopupdialogtests" name="CreateReleasePopupDialogTests Should see popup dialog on triggering create release" />
    </UnitTest>
    <UnitTest name="CreateReleasePopupDialogTests Popup dialog should have right title" storage="d:\v2.0\a1\_work\dbded102\vso\tfs\service\webaccess\releasepipeline\testscripts\tests\tests.releasemanagement.createreleasepopupdialogtests.ts" id="236a6621-ebc3-464a-ae0a-152d1e53cc7a">
      <Execution id="8d9dfe84-b4fb-493e-8710-7b15953690d8" />
      <TestMethod codeBase="d:\v2.0\a1\_work\dbded102\vso\tfs\service\webaccess\releasepipeline\testscripts\tests\tests.releasemanagement.createreleasepopupdialogtests.ts" adapterTypeName="Microsoft.VisualStudio.TestTools.TestTypes.Unit.UnitTestAdapter" className="d:\v2.0\a1\_work\dbded102\vso\tfs\service\webaccess\releasepipeline\testscripts\tests\tests.releasemanagement.createreleasepopupdialogtests" name="CreateReleasePopupDialogTests Popup dialog should have right title" />
    </UnitTest>
    <UnitTest name="CreateReleasePopupDialogTests Create release popup dialog should have create button" storage="d:\v2.0\a1\_work\dbded102\vso\tfs\service\webaccess\releasepipeline\testscripts\tests\tests.releasemanagement.createreleasepopupdialogtests.ts" id="256cc16e-2c94-4584-9d4f-6f1dbf351af4">
      <Execution id="498a9650-4a87-456d-83aa-5eddaaaab672" />
      <TestMethod codeBase="d:\v2.0\a1\_work\dbded102\vso\tfs\service\webaccess\releasepipeline\testscripts\tests\tests.releasemanagement.createreleasepopupdialogtests.ts" adapterTypeName="Microsoft.VisualStudio.TestTools.TestTypes.Unit.UnitTestAdapter" className="d:\v2.0\a1\_work\dbded102\vso\tfs\service\webaccess\releasepipeline\testscripts\tests\tests.releasemanagement.createreleasepopupdialogtests" name="CreateReleasePopupDialogTests Create release popup dialog should have create button" />
    </UnitTest>
    <UnitTest name="CreateReleasePopupDialogTests Clicking cancel should prompt user for confirmation" storage="d:\v2.0\a1\_work\dbded102\vso\tfs\service\webaccess\releasepipeline\testscripts\tests\tests.releasemanagement.createreleasepopupdialogtests.ts" id="6d9e9f44-b880-48c0-84d6-ed25cca8e154">
      <Execution id="f28783be-f94f-4552-ba51-4b566d4e7553" />
      <TestMethod codeBase="d:\v2.0\a1\_work\dbded102\vso\tfs\service\webaccess\releasepipeline\testscripts\tests\tests.releasemanagement.createreleasepopupdialogtests.ts" adapterTypeName="Microsoft.VisualStudio.TestTools.TestTypes.Unit.UnitTestAdapter" className="d:\v2.0\a1\_work\dbded102\vso\tfs\service\webaccess\releasepipeline\testscripts\tests\tests.releasemanagement.createreleasepopupdialogtests" name="CreateReleasePopupDialogTests Clicking cancel should prompt user for confirmation" />
    </UnitTest>
    <UnitTest name="CreateReleasePopupDialogTests ESC should prompt user for confirmation" storage="d:\v2.0\a1\_work\dbded102\vso\tfs\service\webaccess\releasepipeline\testscripts\tests\tests.releasemanagement.createreleasepopupdialogtests.ts" id="a3e04130-0018-435b-8f5f-902dc96a79f1">
      <Execution id="d1bb45aa-23d1-4ab8-8481-0925a6579e73" />
      <TestMethod codeBase="d:\v2.0\a1\_work\dbded102\vso\tfs\service\webaccess\releasepipeline\testscripts\tests\tests.releasemanagement.createreleasepopupdialogtests.ts" adapterTypeName="Microsoft.VisualStudio.TestTools.TestTypes.Unit.UnitTestAdapter" className="d:\v2.0\a1\_work\dbded102\vso\tfs\service\webaccess\releasepipeline\testscripts\tests\tests.releasemanagement.createreleasepopupdialogtests" name="CreateReleasePopupDialogTests ESC should prompt user for confirmation" />
    </UnitTest>
    <UnitTest name="CreateReleasePopupDialogTests Create release should call beginCreateRelease with right set of parameters" storage="d:\v2.0\a1\_work\dbded102\vso\tfs\service\webaccess\releasepipeline\testscripts\tests\tests.releasemanagement.createreleasepopupdialogtests.ts" id="808cb854-56d7-4050-b223-c48dc4000018">
      <Execution id="eca9bb35-696a-45dc-817f-ab567e1d52a5" />
      <TestMethod codeBase="d:\v2.0\a1\_work\dbded102\vso\tfs\service\webaccess\releasepipeline\testscripts\tests\tests.releasemanagement.createreleasepopupdialogtests.ts" adapterTypeName="Microsoft.VisualStudio.TestTools.TestTypes.Unit.UnitTestAdapter" className="d:\v2.0\a1\_work\dbded102\vso\tfs\service\webaccess\releasepipeline\testscripts\tests\tests.releasemanagement.createreleasepopupdialogtests" name="CreateReleasePopupDialogTests Create release should call beginCreateRelease with right set of parameters" />
    </UnitTest>
    <UnitTest name="CreateReleasePopupDialogTests popup dialog must be closed on clicking create" storage="d:\v2.0\a1\_work\dbded102\vso\tfs\service\webaccess\releasepipeline\testscripts\tests\tests.releasemanagement.createreleasepopupdialogtests.ts" id="b57a0a7b-0086-4857-9dab-4fb52ba13df5">
      <Execution id="34652b1e-0bec-4b22-b502-7f6900abf9ef" />
      <TestMethod codeBase="d:\v2.0\a1\_work\dbded102\vso\tfs\service\webaccess\releasepipeline\testscripts\tests\tests.releasemanagement.createreleasepopupdialogtests.ts" adapterTypeName="Microsoft.VisualStudio.TestTools.TestTypes.Unit.UnitTestAdapter" className="d:\v2.0\a1\_work\dbded102\vso\tfs\service\webaccess\releasepipeline\testscripts\tests\tests.releasemanagement.createreleasepopupdialogtests" name="CreateReleasePopupDialogTests popup dialog must be closed on clicking create" />
    </UnitTest>
    <UnitTest name="CreateReleasePopupDialogTests Clicking on create should not ask for confirmation" storage="d:\v2.0\a1\_work\dbded102\vso\tfs\service\webaccess\releasepipeline\testscripts\tests\tests.releasemanagement.createreleasepopupdialogtests.ts" id="155c05fd-77d0-4d78-996b-4cf67a02cc62">
      <Execution id="1309f34e-5422-4169-8287-8d5399390539" />
      <TestMethod codeBase="d:\v2.0\a1\_work\dbded102\vso\tfs\service\webaccess\releasepipeline\testscripts\tests\tests.releasemanagement.createreleasepopupdialogtests.ts" adapterTypeName="Microsoft.VisualStudio.TestTools.TestTypes.Unit.UnitTestAdapter" className="d:\v2.0\a1\_work\dbded102\vso\tfs\service\webaccess\releasepipeline\testscripts\tests\tests.releasemanagement.createreleasepopupdialogtests" name="CreateReleasePopupDialogTests Clicking on create should not ask for confirmation" />
    </UnitTest>
    <UnitTest name="CreateReleasePopupDialogTests Release created message must have correct release name" storage="d:\v2.0\a1\_work\dbded102\vso\tfs\service\webaccess\releasepipeline\testscripts\tests\tests.releasemanagement.createreleasepopupdialogtests.ts" id="552a1f42-9e58-4092-92b8-030a2aa62c7a">
      <Execution id="2029c174-a138-4904-89df-b14f898f0ce9" />
      <TestMethod codeBase="d:\v2.0\a1\_work\dbded102\vso\tfs\service\webaccess\releasepipeline\testscripts\tests\tests.releasemanagement.createreleasepopupdialogtests.ts" adapterTypeName="Microsoft.VisualStudio.TestTools.TestTypes.Unit.UnitTestAdapter" className="d:\v2.0\a1\_work\dbded102\vso\tfs\service\webaccess\releasepipeline\testscripts\tests\tests.releasemanagement.createreleasepopupdialogtests" name="CreateReleasePopupDialogTests Release created message must have correct release name" />
    </UnitTest>
    <UnitTest name="CreateReleasePopupDialogTests Call createCallback on successful create of release" storage="d:\v2.0\a1\_work\dbded102\vso\tfs\service\webaccess\releasepipeline\testscripts\tests\tests.releasemanagement.createreleasepopupdialogtests.ts" id="661df319-6c9e-49f2-b19a-3b84ecddf399">
      <Execution id="d21c7bc7-f3b7-4728-99df-a0b09a0ed2b3" />
      <TestMethod codeBase="d:\v2.0\a1\_work\dbded102\vso\tfs\service\webaccess\releasepipeline\testscripts\tests\tests.releasemanagement.createreleasepopupdialogtests.ts" adapterTypeName="Microsoft.VisualStudio.TestTools.TestTypes.Unit.UnitTestAdapter" className="d:\v2.0\a1\_work\dbded102\vso\tfs\service\webaccess\releasepipeline\testscripts\tests\tests.releasemanagement.createreleasepopupdialogtests" name="CreateReleasePopupDialogTests Call createCallback on successful create of release" />
    </UnitTest>
    <UnitTest name="CreateReleasePopupDialogTests Create button must be disabled till releaseDefinition details are not fetched" storage="d:\v2.0\a1\_work\dbded102\vso\tfs\service\webaccess\releasepipeline\testscripts\tests\tests.releasemanagement.createreleasepopupdialogtests.ts" id="66015bdf-1405-4791-a844-8fc77a809e99">
      <Execution id="b2200e96-e203-4b62-abc1-1a9f8a80a8ff" />
      <TestMethod codeBase="d:\v2.0\a1\_work\dbded102\vso\tfs\service\webaccess\releasepipeline\testscripts\tests\tests.releasemanagement.createreleasepopupdialogtests.ts" adapterTypeName="Microsoft.VisualStudio.TestTools.TestTypes.Unit.UnitTestAdapter" className="d:\v2.0\a1\_work\dbded102\vso\tfs\service\webaccess\releasepipeline\testscripts\tests\tests.releasemanagement.createreleasepopupdialogtests" name="CreateReleasePopupDialogTests Create button must be disabled till releaseDefinition details are not fetched" />
    </UnitTest>
    <UnitTest name="CreateReleasePopupDialogTests Create button must disabled if agentPoolId detils are not present" storage="d:\v2.0\a1\_work\dbded102\vso\tfs\service\webaccess\releasepipeline\testscripts\tests\tests.releasemanagement.createreleasepopupdialogtests.ts" id="af7678c5-ee76-45f6-8506-5982291cd991">
      <Execution id="d56934fb-5d49-412a-8756-93d826f5efe4" />
      <TestMethod codeBase="d:\v2.0\a1\_work\dbded102\vso\tfs\service\webaccess\releasepipeline\testscripts\tests\tests.releasemanagement.createreleasepopupdialogtests.ts" adapterTypeName="Microsoft.VisualStudio.TestTools.TestTypes.Unit.UnitTestAdapter" className="d:\v2.0\a1\_work\dbded102\vso\tfs\service\webaccess\releasepipeline\testscripts\tests\tests.releasemanagement.createreleasepopupdialogtests" name="CreateReleasePopupDialogTests Create button must disabled if agentPoolId detils are not present" />
    </UnitTest>
    <UnitTest name="CreateReleasePopupDialogTests Environment with lowest rank must be set as target environment" storage="d:\v2.0\a1\_work\dbded102\vso\tfs\service\webaccess\releasepipeline\testscripts\tests\tests.releasemanagement.createreleasepopupdialogtests.ts" id="0f270e6e-9b23-4216-b226-98e71cc5c91a">
      <Execution id="58f4cfac-4604-4ace-955a-44125536e8a2" />
      <TestMethod codeBase="d:\v2.0\a1\_work\dbded102\vso\tfs\service\webaccess\releasepipeline\testscripts\tests\tests.releasemanagement.createreleasepopupdialogtests.ts" adapterTypeName="Microsoft.VisualStudio.TestTools.TestTypes.Unit.UnitTestAdapter" className="d:\v2.0\a1\_work\dbded102\vso\tfs\service\webaccess\releasepipeline\testscripts\tests\tests.releasemanagement.createreleasepopupdialogtests" name="CreateReleasePopupDialogTests Environment with lowest rank must be set as target environment" />
    </UnitTest>
    <UnitTest name="CreateReleasePopupDialogTests StartRelease Popup dialog should have right title" storage="d:\v2.0\a1\_work\dbded102\vso\tfs\service\webaccess\releasepipeline\testscripts\tests\tests.releasemanagement.createreleasepopupdialogtests.ts" id="769b5fbe-dbe6-4ee7-9d47-bca43c4c9052">
      <Execution id="2fc1c507-9cfb-4fd2-a43e-36067a8f76b8" />
      <TestMethod codeBase="d:\v2.0\a1\_work\dbded102\vso\tfs\service\webaccess\releasepipeline\testscripts\tests\tests.releasemanagement.createreleasepopupdialogtests.ts" adapterTypeName="Microsoft.VisualStudio.TestTools.TestTypes.Unit.UnitTestAdapter" className="d:\v2.0\a1\_work\dbded102\vso\tfs\service\webaccess\releasepipeline\testscripts\tests\tests.releasemanagement.createreleasepopupdialogtests" name="CreateReleasePopupDialogTests StartRelease Popup dialog should have right title" />
    </UnitTest>
    <UnitTest name="CreateReleasePopupDialogTests StartRelease Popup dialog should have start button" storage="d:\v2.0\a1\_work\dbded102\vso\tfs\service\webaccess\releasepipeline\testscripts\tests\tests.releasemanagement.createreleasepopupdialogtests.ts" id="50f95eb0-060b-4504-955e-c5e5fced3ed4">
      <Execution id="e610f5e9-b89f-488c-b0ea-a5b8a319fd10" />
      <TestMethod codeBase="d:\v2.0\a1\_work\dbded102\vso\tfs\service\webaccess\releasepipeline\testscripts\tests\tests.releasemanagement.createreleasepopupdialogtests.ts" adapterTypeName="Microsoft.VisualStudio.TestTools.TestTypes.Unit.UnitTestAdapter" className="d:\v2.0\a1\_work\dbded102\vso\tfs\service\webaccess\releasepipeline\testscripts\tests\tests.releasemanagement.createreleasepopupdialogtests" name="CreateReleasePopupDialogTests StartRelease Popup dialog should have start button" />
    </UnitTest>
    <UnitTest name="CreateReleasePopupDialogTests StartRelease Popup dialog constructor should call getRelease of release manager with right releaseId" storage="d:\v2.0\a1\_work\dbded102\vso\tfs\service\webaccess\releasepipeline\testscripts\tests\tests.releasemanagement.createreleasepopupdialogtests.ts" id="fb23e8ce-4242-49f5-bb42-b23bd0846bce">
      <Execution id="639e32bf-e854-4b59-bb31-86ee39d4b929" />
      <TestMethod codeBase="d:\v2.0\a1\_work\dbded102\vso\tfs\service\webaccess\releasepipeline\testscripts\tests\tests.releasemanagement.createreleasepopupdialogtests.ts" adapterTypeName="Microsoft.VisualStudio.TestTools.TestTypes.Unit.UnitTestAdapter" className="d:\v2.0\a1\_work\dbded102\vso\tfs\service\webaccess\releasepipeline\testscripts\tests\tests.releasemanagement.createreleasepopupdialogtests" name="CreateReleasePopupDialogTests StartRelease Popup dialog constructor should call getRelease of release manager with right releaseId" />
    </UnitTest>
    <UnitTest name="EnvironmentTileControlTests Tiles should be created in the same order as passed in" storage="d:\v2.0\a1\_work\dbded102\vso\tfs\service\webaccess\releasepipeline\testscripts\tests\tests.releasemanagement.environmenttilecontrols.ts" id="58914117-5f32-41cf-89ff-5fb2a1b1a98f">
      <Execution id="e3bad9fe-2a9a-4c4b-be8c-4427e4bf1eac" />
      <TestMethod codeBase="d:\v2.0\a1\_work\dbded102\vso\tfs\service\webaccess\releasepipeline\testscripts\tests\tests.releasemanagement.environmenttilecontrols.ts" adapterTypeName="Microsoft.VisualStudio.TestTools.TestTypes.Unit.UnitTestAdapter" className="d:\v2.0\a1\_work\dbded102\vso\tfs\service\webaccess\releasepipeline\testscripts\tests\tests.releasemanagement.environmenttilecontrols" name="EnvironmentTileControlTests Tiles should be created in the same order as passed in" />
    </UnitTest>
    <UnitTest name="EnvironmentTileControlTests Pending approval icon should be added to first pending tile only" storage="d:\v2.0\a1\_work\dbded102\vso\tfs\service\webaccess\releasepipeline\testscripts\tests\tests.releasemanagement.environmenttilecontrols.ts" id="419dd203-2c09-499b-8ce6-1e8db12b80f8">
      <Execution id="618fbe3b-9d78-422d-9dcb-17d5dd761439" />
      <TestMethod codeBase="d:\v2.0\a1\_work\dbded102\vso\tfs\service\webaccess\releasepipeline\testscripts\tests\tests.releasemanagement.environmenttilecontrols.ts" adapterTypeName="Microsoft.VisualStudio.TestTools.TestTypes.Unit.UnitTestAdapter" className="d:\v2.0\a1\_work\dbded102\vso\tfs\service\webaccess\releasepipeline\testscripts\tests\tests.releasemanagement.environmenttilecontrols" name="EnvironmentTileControlTests Pending approval icon should be added to first pending tile only" />
    </UnitTest>
    <UnitTest name="EnvironmentTileControlTests Approval icon not shown if no approvals exist in pending environemnt" storage="d:\v2.0\a1\_work\dbded102\vso\tfs\service\webaccess\releasepipeline\testscripts\tests\tests.releasemanagement.environmenttilecontrols.ts" id="ca301f1f-9a39-4f9a-8206-7b321b3a33a3">
      <Execution id="39ed6bbd-5d50-4f2c-80c4-b521a7c62f50" />
      <TestMethod codeBase="d:\v2.0\a1\_work\dbded102\vso\tfs\service\webaccess\releasepipeline\testscripts\tests\tests.releasemanagement.environmenttilecontrols.ts" adapterTypeName="Microsoft.VisualStudio.TestTools.TestTypes.Unit.UnitTestAdapter" className="d:\v2.0\a1\_work\dbded102\vso\tfs\service\webaccess\releasepipeline\testscripts\tests\tests.releasemanagement.environmenttilecontrols" name="EnvironmentTileControlTests Approval icon not shown if no approvals exist in pending environemnt" />
    </UnitTest>
    <UnitTest name="CompositePivotsViewsTests CompositePivotsViews should give true in case currentView is undefined when switching to releases view" storage="d:\v2.0\a1\_work\dbded102\vso\tfs\service\webaccess\releasepipeline\testscripts\tests\tests.releasemanagement.explorer.compositepivotviews.ts" id="adbb5be0-d911-4552-a36e-0a542e03a26d">
      <Execution id="8cb72267-ba9a-4b60-a08a-358d5f4abc18" />
      <TestMethod codeBase="d:\v2.0\a1\_work\dbded102\vso\tfs\service\webaccess\releasepipeline\testscripts\tests\tests.releasemanagement.explorer.compositepivotviews.ts" adapterTypeName="Microsoft.VisualStudio.TestTools.TestTypes.Unit.UnitTestAdapter" className="d:\v2.0\a1\_work\dbded102\vso\tfs\service\webaccess\releasepipeline\testscripts\tests\tests.releasemanagement.explorer.compositepivotviews" name="CompositePivotsViewsTests CompositePivotsViews should give true in case currentView is undefined when switching to releases view" />
    </UnitTest>
    <UnitTest name="CompositePivotsViewsTests CompositePivotsViews should give true in case currentView is null when switching to releases view" storage="d:\v2.0\a1\_work\dbded102\vso\tfs\service\webaccess\releasepipeline\testscripts\tests\tests.releasemanagement.explorer.compositepivotviews.ts" id="308df0fb-d077-4cbc-bbd9-f51882881341">
      <Execution id="fa1ee54b-abc5-4818-9dc3-53ec732a5ce6" />
      <TestMethod codeBase="d:\v2.0\a1\_work\dbded102\vso\tfs\service\webaccess\releasepipeline\testscripts\tests\tests.releasemanagement.explorer.compositepivotviews.ts" adapterTypeName="Microsoft.VisualStudio.TestTools.TestTypes.Unit.UnitTestAdapter" className="d:\v2.0\a1\_work\dbded102\vso\tfs\service\webaccess\releasepipeline\testscripts\tests\tests.releasemanagement.explorer.compositepivotviews" name="CompositePivotsViewsTests CompositePivotsViews should give true in case currentView is null when switching to releases view" />
    </UnitTest>
    <UnitTest name="CompositePivotsViewsTests CompositePivotsViews should give true in case currentView is logs when switching to relases view" storage="d:\v2.0\a1\_work\dbded102\vso\tfs\service\webaccess\releasepipeline\testscripts\tests\tests.releasemanagement.explorer.compositepivotviews.ts" id="8f5b802f-6cf7-4a92-95d6-188d6c3f3aed">
      <Execution id="3d0479de-e84d-4bfa-8b1a-b1ad3e0f3294" />
      <TestMethod codeBase="d:\v2.0\a1\_work\dbded102\vso\tfs\service\webaccess\releasepipeline\testscripts\tests\tests.releasemanagement.explorer.compositepivotviews.ts" adapterTypeName="Microsoft.VisualStudio.TestTools.TestTypes.Unit.UnitTestAdapter" className="d:\v2.0\a1\_work\dbded102\vso\tfs\service\webaccess\releasepipeline\testscripts\tests\tests.releasemanagement.explorer.compositepivotviews" name="CompositePivotsViewsTests CompositePivotsViews should give true in case currentView is logs when switching to relases view" />
    </UnitTest>
    <UnitTest name="ReleaseSummaryRecentActivityTest Check for various releases." storage="d:\v2.0\a1\_work\dbded102\vso\tfs\service\webaccess\releasepipeline\testscripts\tests\test.releasemanagement.release.summary.ts" id="73829026-eae7-464a-9a6c-2ed72c68db95">
      <Execution id="b78a06aa-2ec7-418e-bdcd-24c848b015e1" />
      <TestMethod codeBase="d:\v2.0\a1\_work\dbded102\vso\tfs\service\webaccess\releasepipeline\testscripts\tests\test.releasemanagement.release.summary.ts" adapterTypeName="Microsoft.VisualStudio.TestTools.TestTypes.Unit.UnitTestAdapter" className="d:\v2.0\a1\_work\dbded102\vso\tfs\service\webaccess\releasepipeline\testscripts\tests\test.releasemanagement.release.summary.ts::releasesummaryrecentactivitytest::check for various releases" name="ReleaseSummaryRecentActivityTest Check for various releases." />
    </UnitTest>
    <UnitTest name="ReleaseSummaryRecentActivityTest SetView must set releaseLogsUrl to edit release logs url" storage="d:\v2.0\a1\_work\dbded102\vso\tfs\service\webaccess\releasepipeline\testscripts\tests\test.releasemanagement.release.summary.ts" id="85930390-fe60-4b9e-af93-22e0fe2be841">
      <Execution id="6ea90144-fdb5-4e7a-81e6-352995303522" />
      <TestMethod codeBase="d:\v2.0\a1\_work\dbded102\vso\tfs\service\webaccess\releasepipeline\testscripts\tests\test.releasemanagement.release.summary.ts" adapterTypeName="Microsoft.VisualStudio.TestTools.TestTypes.Unit.UnitTestAdapter" className="d:\v2.0\a1\_work\dbded102\vso\tfs\service\webaccess\releasepipeline\testscripts\tests\test.releasemanagement.release.summary" name="ReleaseSummaryRecentActivityTest SetView must set releaseLogsUrl to edit release logs url" />
    </UnitTest>
    <UnitTest name="ReleaseSummaryRecentActivityTest ShowLogsPage must call perform action with edit release logs url" storage="d:\v2.0\a1\_work\dbded102\vso\tfs\service\webaccess\releasepipeline\testscripts\tests\test.releasemanagement.release.summary.ts" id="0b5b9fda-f653-4754-91dd-85eb45cda752">
      <Execution id="befc9c5f-4283-45e2-938f-a41a93a4041f" />
      <TestMethod codeBase="d:\v2.0\a1\_work\dbded102\vso\tfs\service\webaccess\releasepipeline\testscripts\tests\test.releasemanagement.release.summary.ts" adapterTypeName="Microsoft.VisualStudio.TestTools.TestTypes.Unit.UnitTestAdapter" className="d:\v2.0\a1\_work\dbded102\vso\tfs\service\webaccess\releasepipeline\testscripts\tests\test.releasemanagement.release.summary" name="ReleaseSummaryRecentActivityTest ShowLogsPage must call perform action with edit release logs url" />
    </UnitTest>
    <UnitTest name="ApprovalsExplorerViewModelTests ApprovalViewModel object should be constructed properly and getApprovalTile should return the approval tile" storage="d:\v2.0\a1\_work\dbded102\vso\tfs\service\webaccess\releasepipeline\testscripts\tests\tests.releasemanagement.approvalsexplorer.viewmodel.ts" id="e47d6d37-8aae-4deb-a792-fbf91bb9d891">
      <Execution id="24b545cb-8634-461e-99e9-b81fc49913bd" />
      <TestMethod codeBase="d:\v2.0\a1\_work\dbded102\vso\tfs\service\webaccess\releasepipeline\testscripts\tests\tests.releasemanagement.approvalsexplorer.viewmodel.ts" adapterTypeName="Microsoft.VisualStudio.TestTools.TestTypes.Unit.UnitTestAdapter" className="d:\v2.0\a1\_work\dbded102\vso\tfs\service\webaccess\releasepipeline\testscripts\tests\tests.releasemanagement.approvalsexplorer.viewmodel" name="ApprovalsExplorerViewModelTests ApprovalViewModel object should be constructed properly and getApprovalTile should return the approval tile" />
    </UnitTest>
    <UnitTest name="ApprovalsExplorerViewModelTests Pending Approvals should be returned correctly" storage="d:\v2.0\a1\_work\dbded102\vso\tfs\service\webaccess\releasepipeline\testscripts\tests\tests.releasemanagement.approvalsexplorer.viewmodel.ts" id="faef73d4-35c4-4034-b5a9-d4a990f534b5">
      <Execution id="ed60c589-8d00-4289-904a-154ce53cd45c" />
      <TestMethod codeBase="d:\v2.0\a1\_work\dbded102\vso\tfs\service\webaccess\releasepipeline\testscripts\tests\tests.releasemanagement.approvalsexplorer.viewmodel.ts" adapterTypeName="Microsoft.VisualStudio.TestTools.TestTypes.Unit.UnitTestAdapter" className="d:\v2.0\a1\_work\dbded102\vso\tfs\service\webaccess\releasepipeline\testscripts\tests\tests.releasemanagement.approvalsexplorer.viewmodel" name="ApprovalsExplorerViewModelTests Pending Approvals should be returned correctly" />
    </UnitTest>
    <UnitTest name="ApprovalsExplorerViewModelTests ApprovalViewModel update should update the Approval Tile" storage="d:\v2.0\a1\_work\dbded102\vso\tfs\service\webaccess\releasepipeline\testscripts\tests\tests.releasemanagement.approvalsexplorer.viewmodel.ts" id="7cefe5a1-bec1-4079-a768-d58e02059d8b">
      <Execution id="d8ea9f98-0bf5-4c31-817d-e120817ce024" />
      <TestMethod codeBase="d:\v2.0\a1\_work\dbded102\vso\tfs\service\webaccess\releasepipeline\testscripts\tests\tests.releasemanagement.approvalsexplorer.viewmodel.ts" adapterTypeName="Microsoft.VisualStudio.TestTools.TestTypes.Unit.UnitTestAdapter" className="d:\v2.0\a1\_work\dbded102\vso\tfs\service\webaccess\releasepipeline\testscripts\tests\tests.releasemanagement.approvalsexplorer.viewmodel" name="ApprovalsExplorerViewModelTests ApprovalViewModel update should update the Approval Tile" />
    </UnitTest>
    <UnitTest name="ApprovalsExplorerViewModelTests Search should return only matching approval tile entries " storage="d:\v2.0\a1\_work\dbded102\vso\tfs\service\webaccess\releasepipeline\testscripts\tests\tests.releasemanagement.approvalsexplorer.viewmodel.ts" id="4366a6ad-c9da-4254-a879-09bc5d696567">
      <Execution id="1a208966-2d17-4758-9cf8-595082c1f2d8" />
      <TestMethod codeBase="d:\v2.0\a1\_work\dbded102\vso\tfs\service\webaccess\releasepipeline\testscripts\tests\tests.releasemanagement.approvalsexplorer.viewmodel.ts" adapterTypeName="Microsoft.VisualStudio.TestTools.TestTypes.Unit.UnitTestAdapter" className="d:\v2.0\a1\_work\dbded102\vso\tfs\service\webaccess\releasepipeline\testscripts\tests\tests.releasemanagement.approvalsexplorer.viewmodel" name="ApprovalsExplorerViewModelTests Search should return only matching approval tile entries " />
    </UnitTest>
    <UnitTest name="ApprovalsExplorerViewModelTests Search should not return un matching approval tile entries" storage="d:\v2.0\a1\_work\dbded102\vso\tfs\service\webaccess\releasepipeline\testscripts\tests\tests.releasemanagement.approvalsexplorer.viewmodel.ts" id="b814497f-ff3b-4fc2-bb1c-791914c652f7">
      <Execution id="1082cf88-7e42-41bb-979e-cb6d334cfc44" />
      <TestMethod codeBase="d:\v2.0\a1\_work\dbded102\vso\tfs\service\webaccess\releasepipeline\testscripts\tests\tests.releasemanagement.approvalsexplorer.viewmodel.ts" adapterTypeName="Microsoft.VisualStudio.TestTools.TestTypes.Unit.UnitTestAdapter" className="d:\v2.0\a1\_work\dbded102\vso\tfs\service\webaccess\releasepipeline\testscripts\tests\tests.releasemanagement.approvalsexplorer.viewmodel" name="ApprovalsExplorerViewModelTests Search should not return un matching approval tile entries" />
    </UnitTest>
    <UnitTest name="ApprovalsExplorerViewModelTests Refresh should return correct approval tile entries" storage="d:\v2.0\a1\_work\dbded102\vso\tfs\service\webaccess\releasepipeline\testscripts\tests\tests.releasemanagement.approvalsexplorer.viewmodel.ts" id="0dbd0332-7c1c-4cc9-bd30-20a7acca6fdc">
      <Execution id="0be932ae-aa4a-416c-98aa-c5f1af375947" />
      <TestMethod codeBase="d:\v2.0\a1\_work\dbded102\vso\tfs\service\webaccess\releasepipeline\testscripts\tests\tests.releasemanagement.approvalsexplorer.viewmodel.ts" adapterTypeName="Microsoft.VisualStudio.TestTools.TestTypes.Unit.UnitTestAdapter" className="d:\v2.0\a1\_work\dbded102\vso\tfs\service\webaccess\releasepipeline\testscripts\tests\tests.releasemanagement.approvalsexplorer.viewmodel" name="ApprovalsExplorerViewModelTests Refresh should return correct approval tile entries" />
    </UnitTest>
    <UnitTest name="ApprovalsExplorerViewModelTests Approved by Me Filters should return correct no of approval tile entries" storage="d:\v2.0\a1\_work\dbded102\vso\tfs\service\webaccess\releasepipeline\testscripts\tests\tests.releasemanagement.approvalsexplorer.viewmodel.ts" id="cbc99b80-fc2c-4c64-97a6-8b4b3a80c171">
      <Execution id="b7ae2f80-6205-4998-94e2-af19164e4b6b" />
      <TestMethod codeBase="d:\v2.0\a1\_work\dbded102\vso\tfs\service\webaccess\releasepipeline\testscripts\tests\tests.releasemanagement.approvalsexplorer.viewmodel.ts" adapterTypeName="Microsoft.VisualStudio.TestTools.TestTypes.Unit.UnitTestAdapter" className="d:\v2.0\a1\_work\dbded102\vso\tfs\service\webaccess\releasepipeline\testscripts\tests\tests.releasemanagement.approvalsexplorer.viewmodel" name="ApprovalsExplorerViewModelTests Approved by Me Filters should return correct no of approval tile entries" />
    </UnitTest>
    <UnitTest name="ApprovalsExplorerViewModelTests Cancelled by Me Filters should return correct no of approval tile entries" storage="d:\v2.0\a1\_work\dbded102\vso\tfs\service\webaccess\releasepipeline\testscripts\tests\tests.releasemanagement.approvalsexplorer.viewmodel.ts" id="4d142ae4-255a-47d3-ba51-e0569faa5ecc">
      <Execution id="7ab2f0bf-8c13-44cd-b8ac-d70c9555a20a" />
      <TestMethod codeBase="d:\v2.0\a1\_work\dbded102\vso\tfs\service\webaccess\releasepipeline\testscripts\tests\tests.releasemanagement.approvalsexplorer.viewmodel.ts" adapterTypeName="Microsoft.VisualStudio.TestTools.TestTypes.Unit.UnitTestAdapter" className="d:\v2.0\a1\_work\dbded102\vso\tfs\service\webaccess\releasepipeline\testscripts\tests\tests.releasemanagement.approvalsexplorer.viewmodel" name="ApprovalsExplorerViewModelTests Cancelled by Me Filters should return correct no of approval tile entries" />
    </UnitTest>
    <UnitTest name="ApprovalsExplorerViewModelTests Reassigned by Me Filters should return correct no of approval tile entries" storage="d:\v2.0\a1\_work\dbded102\vso\tfs\service\webaccess\releasepipeline\testscripts\tests\tests.releasemanagement.approvalsexplorer.viewmodel.ts" id="0aac3e16-3635-4160-a017-29c794c2ee40">
      <Execution id="569e9403-b273-4431-9fa6-a4de87fe1093" />
      <TestMethod codeBase="d:\v2.0\a1\_work\dbded102\vso\tfs\service\webaccess\releasepipeline\testscripts\tests\tests.releasemanagement.approvalsexplorer.viewmodel.ts" adapterTypeName="Microsoft.VisualStudio.TestTools.TestTypes.Unit.UnitTestAdapter" className="d:\v2.0\a1\_work\dbded102\vso\tfs\service\webaccess\releasepipeline\testscripts\tests\tests.releasemanagement.approvalsexplorer.viewmodel" name="ApprovalsExplorerViewModelTests Reassigned by Me Filters should return correct no of approval tile entries" />
    </UnitTest>
    <UnitTest name="ApprovalsExplorerViewModelTests Rejected by Me Filters should return correct no of approval tile entries" storage="d:\v2.0\a1\_work\dbded102\vso\tfs\service\webaccess\releasepipeline\testscripts\tests\tests.releasemanagement.approvalsexplorer.viewmodel.ts" id="1b4a2cf6-0118-4077-a625-14612ceda662">
      <Execution id="769d2d8c-fe39-4545-9121-ad8d024c37a1" />
      <TestMethod codeBase="d:\v2.0\a1\_work\dbded102\vso\tfs\service\webaccess\releasepipeline\testscripts\tests\tests.releasemanagement.approvalsexplorer.viewmodel.ts" adapterTypeName="Microsoft.VisualStudio.TestTools.TestTypes.Unit.UnitTestAdapter" className="d:\v2.0\a1\_work\dbded102\vso\tfs\service\webaccess\releasepipeline\testscripts\tests\tests.releasemanagement.approvalsexplorer.viewmodel" name="ApprovalsExplorerViewModelTests Rejected by Me Filters should return correct no of approval tile entries" />
    </UnitTest>
    <UnitTest name="ApprovalsExplorerViewModelTests Reassigned by All Filters should return correct no of approval tile entries" storage="d:\v2.0\a1\_work\dbded102\vso\tfs\service\webaccess\releasepipeline\testscripts\tests\tests.releasemanagement.approvalsexplorer.viewmodel.ts" id="1b03142a-8cdf-4cba-b7f0-9e03afa216e3">
      <Execution id="ffd0b44d-d939-4e0e-a8d5-ea1da32278e6" />
      <TestMethod codeBase="d:\v2.0\a1\_work\dbded102\vso\tfs\service\webaccess\releasepipeline\testscripts\tests\tests.releasemanagement.approvalsexplorer.viewmodel.ts" adapterTypeName="Microsoft.VisualStudio.TestTools.TestTypes.Unit.UnitTestAdapter" className="d:\v2.0\a1\_work\dbded102\vso\tfs\service\webaccess\releasepipeline\testscripts\tests\tests.releasemanagement.approvalsexplorer.viewmodel" name="ApprovalsExplorerViewModelTests Reassigned by All Filters should return correct no of approval tile entries" />
    </UnitTest>
    <UnitTest name="ApprovalsExplorerViewModelTests All Approvals assigned to Me and status of All should return all the approvals" storage="d:\v2.0\a1\_work\dbded102\vso\tfs\service\webaccess\releasepipeline\testscripts\tests\tests.releasemanagement.approvalsexplorer.viewmodel.ts" id="5d1ff744-e1f6-4497-9958-5d4d1878e7fa">
      <Execution id="7c8e484d-d6db-4e06-a30d-bb3f049a47f0" />
      <TestMethod codeBase="d:\v2.0\a1\_work\dbded102\vso\tfs\service\webaccess\releasepipeline\testscripts\tests\tests.releasemanagement.approvalsexplorer.viewmodel.ts" adapterTypeName="Microsoft.VisualStudio.TestTools.TestTypes.Unit.UnitTestAdapter" className="d:\v2.0\a1\_work\dbded102\vso\tfs\service\webaccess\releasepipeline\testscripts\tests\tests.releasemanagement.approvalsexplorer.viewmodel" name="ApprovalsExplorerViewModelTests All Approvals assigned to Me and status of All should return all the approvals" />
    </UnitTest>
    <UnitTest name="ApprovalsExplorerViewModelTests All Approvals assigned to All and status of All should return all the approvals" storage="d:\v2.0\a1\_work\dbded102\vso\tfs\service\webaccess\releasepipeline\testscripts\tests\tests.releasemanagement.approvalsexplorer.viewmodel.ts" id="a1ce6472-e8eb-47ad-8b63-60a617f4dcc3">
      <Execution id="3a472149-ed97-4378-a76c-9a6f544603e5" />
      <TestMethod codeBase="d:\v2.0\a1\_work\dbded102\vso\tfs\service\webaccess\releasepipeline\testscripts\tests\tests.releasemanagement.approvalsexplorer.viewmodel.ts" adapterTypeName="Microsoft.VisualStudio.TestTools.TestTypes.Unit.UnitTestAdapter" className="d:\v2.0\a1\_work\dbded102\vso\tfs\service\webaccess\releasepipeline\testscripts\tests\tests.releasemanagement.approvalsexplorer.viewmodel" name="ApprovalsExplorerViewModelTests All Approvals assigned to All and status of All should return all the approvals" />
    </UnitTest>
    <UnitTest name="ArtifactDeploymentSectionViewModelTests Verify deployment section view model data on creation and update" storage="d:\v2.0\a1\_work\dbded102\vso\tfs\service\webaccess\releasepipeline\testscripts\tests\tests.releasemanagement.artifactsexplorer.viewmodel.artifactdeploymentsection.ts" id="30c50d8b-e7a4-4f05-b7bd-834a04c4b602">
      <Execution id="65eda29f-7db6-41ce-ab49-58186b627d1a" />
      <TestMethod codeBase="d:\v2.0\a1\_work\dbded102\vso\tfs\service\webaccess\releasepipeline\testscripts\tests\tests.releasemanagement.artifactsexplorer.viewmodel.artifactdeploymentsection.ts" adapterTypeName="Microsoft.VisualStudio.TestTools.TestTypes.Unit.UnitTestAdapter" className="d:\v2.0\a1\_work\dbded102\vso\tfs\service\webaccess\releasepipeline\testscripts\tests\tests.releasemanagement.artifactsexplorer.viewmodel.artifactdeploymentsection" name="ArtifactDeploymentSectionViewModelTests Verify deployment section view model data on creation and update" />
    </UnitTest>
    <UnitTest name="ArtifactDeploymentSectionViewModelTests Update on linked environment without artifact should not set name and status" storage="d:\v2.0\a1\_work\dbded102\vso\tfs\service\webaccess\releasepipeline\testscripts\tests\tests.releasemanagement.artifactsexplorer.viewmodel.artifactdeploymentsection.ts" id="9c44ad69-2bcb-4977-bdff-5fd710fcbcd5">
      <Execution id="fa96c36a-fa8f-40f4-b621-94b1e68613f6" />
      <TestMethod codeBase="d:\v2.0\a1\_work\dbded102\vso\tfs\service\webaccess\releasepipeline\testscripts\tests\tests.releasemanagement.artifactsexplorer.viewmodel.artifactdeploymentsection.ts" adapterTypeName="Microsoft.VisualStudio.TestTools.TestTypes.Unit.UnitTestAdapter" className="d:\v2.0\a1\_work\dbded102\vso\tfs\service\webaccess\releasepipeline\testscripts\tests\tests.releasemanagement.artifactsexplorer.viewmodel.artifactdeploymentsection" name="ArtifactDeploymentSectionViewModelTests Update on linked environment without artifact should not set name and status" />
    </UnitTest>
    <UnitTest name="ArtifactSummarySectionViewModelTests Verify summary section view model data on creation" storage="d:\v2.0\a1\_work\dbded102\vso\tfs\service\webaccess\releasepipeline\testscripts\tests\tests.releasemanagement.artifactsexplorer.viewmodel.artifactsummarysection.ts" id="5d97131c-a31e-4714-b5f1-0292322da161">
      <Execution id="53a32000-a490-4f48-983c-b7e0ebe177d4" />
      <TestMethod codeBase="d:\v2.0\a1\_work\dbded102\vso\tfs\service\webaccess\releasepipeline\testscripts\tests\tests.releasemanagement.artifactsexplorer.viewmodel.artifactsummarysection.ts" adapterTypeName="Microsoft.VisualStudio.TestTools.TestTypes.Unit.UnitTestAdapter" className="d:\v2.0\a1\_work\dbded102\vso\tfs\service\webaccess\releasepipeline\testscripts\tests\tests.releasemanagement.artifactsexplorer.viewmodel.artifactsummarysection" name="ArtifactSummarySectionViewModelTests Verify summary section view model data on creation" />
    </UnitTest>
    <UnitTest name="ArtifactSummarySectionViewModelTests Verify model is having correct data after update" storage="d:\v2.0\a1\_work\dbded102\vso\tfs\service\webaccess\releasepipeline\testscripts\tests\tests.releasemanagement.artifactsexplorer.viewmodel.artifactsummarysection.ts" id="1f7fab2a-ef34-4ff8-ad67-dc7be53d67c1">
      <Execution id="27d5cf87-a56e-4ec5-b0c0-c0901ed7dbc2" />
      <TestMethod codeBase="d:\v2.0\a1\_work\dbded102\vso\tfs\service\webaccess\releasepipeline\testscripts\tests\tests.releasemanagement.artifactsexplorer.viewmodel.artifactsummarysection.ts" adapterTypeName="Microsoft.VisualStudio.TestTools.TestTypes.Unit.UnitTestAdapter" className="d:\v2.0\a1\_work\dbded102\vso\tfs\service\webaccess\releasepipeline\testscripts\tests\tests.releasemanagement.artifactsexplorer.viewmodel.artifactsummarysection" name="ArtifactSummarySectionViewModelTests Verify model is having correct data after update" />
    </UnitTest>
    <UnitTest name="ArtifactSummarySectionViewModelTests Verify latest version update" storage="d:\v2.0\a1\_work\dbded102\vso\tfs\service\webaccess\releasepipeline\testscripts\tests\tests.releasemanagement.artifactsexplorer.viewmodel.artifactsummarysection.ts" id="0086d32f-6a4c-43bf-a633-f4ef984a0506">
      <Execution id="6580a812-3021-4755-b05d-82fd36529f3e" />
      <TestMethod codeBase="d:\v2.0\a1\_work\dbded102\vso\tfs\service\webaccess\releasepipeline\testscripts\tests\tests.releasemanagement.artifactsexplorer.viewmodel.artifactsummarysection.ts" adapterTypeName="Microsoft.VisualStudio.TestTools.TestTypes.Unit.UnitTestAdapter" className="d:\v2.0\a1\_work\dbded102\vso\tfs\service\webaccess\releasepipeline\testscripts\tests\tests.releasemanagement.artifactsexplorer.viewmodel.artifactsummarysection" name="ArtifactSummarySectionViewModelTests Verify latest version update" />
    </UnitTest>
    <UnitTest name="ArtifactSummarySectionViewModelTests Verify edit and save" storage="d:\v2.0\a1\_work\dbded102\vso\tfs\service\webaccess\releasepipeline\testscripts\tests\tests.releasemanagement.artifactsexplorer.viewmodel.artifactsummarysection.ts" id="3c40a5ce-5845-468c-a32e-65e51d3f8931">
      <Execution id="87bb7870-afdd-420a-9e02-8887a6b77eaf" />
      <TestMethod codeBase="d:\v2.0\a1\_work\dbded102\vso\tfs\service\webaccess\releasepipeline\testscripts\tests\tests.releasemanagement.artifactsexplorer.viewmodel.artifactsummarysection.ts" adapterTypeName="Microsoft.VisualStudio.TestTools.TestTypes.Unit.UnitTestAdapter" className="d:\v2.0\a1\_work\dbded102\vso\tfs\service\webaccess\releasepipeline\testscripts\tests\tests.releasemanagement.artifactsexplorer.viewmodel.artifactsummarysection" name="ArtifactSummarySectionViewModelTests Verify edit and save" />
    </UnitTest>
    <UnitTest name="ArtifactSummarySectionViewModelTests Refresh should update the model with new data" storage="d:\v2.0\a1\_work\dbded102\vso\tfs\service\webaccess\releasepipeline\testscripts\tests\tests.releasemanagement.artifactsexplorer.viewmodel.artifactsummarysection.ts" id="519c76a1-47b4-4eea-b61e-88ae4cf0c61c">
      <Execution id="7d07d808-172c-494c-8254-efd4a5ccd91a" />
      <TestMethod codeBase="d:\v2.0\a1\_work\dbded102\vso\tfs\service\webaccess\releasepipeline\testscripts\tests\tests.releasemanagement.artifactsexplorer.viewmodel.artifactsummarysection.ts" adapterTypeName="Microsoft.VisualStudio.TestTools.TestTypes.Unit.UnitTestAdapter" className="d:\v2.0\a1\_work\dbded102\vso\tfs\service\webaccess\releasepipeline\testscripts\tests\tests.releasemanagement.artifactsexplorer.viewmodel.artifactsummarysection" name="ArtifactSummarySectionViewModelTests Refresh should update the model with new data" />
    </UnitTest>
    <UnitTest name="ArtifactSummarySectionViewModelTests clicking refresh should reset the edit mode" storage="d:\v2.0\a1\_work\dbded102\vso\tfs\service\webaccess\releasepipeline\testscripts\tests\tests.releasemanagement.artifactsexplorer.viewmodel.artifactsummarysection.ts" id="34cf6263-d4c0-4032-b15a-6356c1ec8cd8">
      <Execution id="1474762b-a1d1-497b-a835-74cbb69c8681" />
      <TestMethod codeBase="d:\v2.0\a1\_work\dbded102\vso\tfs\service\webaccess\releasepipeline\testscripts\tests\tests.releasemanagement.artifactsexplorer.viewmodel.artifactsummarysection.ts" adapterTypeName="Microsoft.VisualStudio.TestTools.TestTypes.Unit.UnitTestAdapter" className="d:\v2.0\a1\_work\dbded102\vso\tfs\service\webaccess\releasepipeline\testscripts\tests\tests.releasemanagement.artifactsexplorer.viewmodel.artifactsummarysection" name="ArtifactSummarySectionViewModelTests clicking refresh should reset the edit mode" />
    </UnitTest>
    <UnitTest name="ArtifactSummarySectionViewModelTests clicking cancel should restore original data" storage="d:\v2.0\a1\_work\dbded102\vso\tfs\service\webaccess\releasepipeline\testscripts\tests\tests.releasemanagement.artifactsexplorer.viewmodel.artifactsummarysection.ts" id="d0fa6bb6-5eb2-4071-8e7e-631baafcbf09">
      <Execution id="ee6574fd-53fc-4992-b5e0-e64c39b054c5" />
      <TestMethod codeBase="d:\v2.0\a1\_work\dbded102\vso\tfs\service\webaccess\releasepipeline\testscripts\tests\tests.releasemanagement.artifactsexplorer.viewmodel.artifactsummarysection.ts" adapterTypeName="Microsoft.VisualStudio.TestTools.TestTypes.Unit.UnitTestAdapter" className="d:\v2.0\a1\_work\dbded102\vso\tfs\service\webaccess\releasepipeline\testscripts\tests\tests.releasemanagement.artifactsexplorer.viewmodel.artifactsummarysection" name="ArtifactSummarySectionViewModelTests clicking cancel should restore original data" />
    </UnitTest>
    <UnitTest name="ArtifactsExplorerViewModelTests ArtifactNodeViewModel object should be constructed properly and getArtifactSourceNode should return the artifact sourceNode " storage="d:\v2.0\a1\_work\dbded102\vso\tfs\service\webaccess\releasepipeline\testscripts\tests\tests.releasemanagement.artifactsexplorer.viewmodel.ts" id="b196dd83-aff5-4623-9f77-f6c845366c02">
      <Execution id="dc2355da-d5ac-41b3-aeea-bbde47139aef" />
      <TestMethod codeBase="d:\v2.0\a1\_work\dbded102\vso\tfs\service\webaccess\releasepipeline\testscripts\tests\tests.releasemanagement.artifactsexplorer.viewmodel.ts" adapterTypeName="Microsoft.VisualStudio.TestTools.TestTypes.Unit.UnitTestAdapter" className="d:\v2.0\a1\_work\dbded102\vso\tfs\service\webaccess\releasepipeline\testscripts\tests\tests.releasemanagement.artifactsexplorer.viewmodel" name="ArtifactsExplorerViewModelTests ArtifactNodeViewModel object should be constructed properly and getArtifactSourceNode should return the artifact sourceNode " />
    </UnitTest>
    <UnitTest name="ArtifactsExplorerViewModelTests All Artifact Types should be returned correctly" storage="d:\v2.0\a1\_work\dbded102\vso\tfs\service\webaccess\releasepipeline\testscripts\tests\tests.releasemanagement.artifactsexplorer.viewmodel.ts" id="1a412c6b-3881-4963-b998-ed2530354bd8">
      <Execution id="9571970b-68f0-4f0c-ac45-c9c7c38f57e4" />
      <TestMethod codeBase="d:\v2.0\a1\_work\dbded102\vso\tfs\service\webaccess\releasepipeline\testscripts\tests\tests.releasemanagement.artifactsexplorer.viewmodel.ts" adapterTypeName="Microsoft.VisualStudio.TestTools.TestTypes.Unit.UnitTestAdapter" className="d:\v2.0\a1\_work\dbded102\vso\tfs\service\webaccess\releasepipeline\testscripts\tests\tests.releasemanagement.artifactsexplorer.viewmodel" name="ArtifactsExplorerViewModelTests All Artifact Types should be returned correctly" />
    </UnitTest>
    <UnitTest name="ArtifactsExplorerViewModelTests All Artifact sources of Artifact Type should be returned correctly" storage="d:\v2.0\a1\_work\dbded102\vso\tfs\service\webaccess\releasepipeline\testscripts\tests\tests.releasemanagement.artifactsexplorer.viewmodel.ts" id="382b0941-cb2a-4ff2-8737-2ff78dc7876f">
      <Execution id="a10131bb-553c-4060-8375-1595fd75bd48" />
      <TestMethod codeBase="d:\v2.0\a1\_work\dbded102\vso\tfs\service\webaccess\releasepipeline\testscripts\tests\tests.releasemanagement.artifactsexplorer.viewmodel.ts" adapterTypeName="Microsoft.VisualStudio.TestTools.TestTypes.Unit.UnitTestAdapter" className="d:\v2.0\a1\_work\dbded102\vso\tfs\service\webaccess\releasepipeline\testscripts\tests\tests.releasemanagement.artifactsexplorer.viewmodel" name="ArtifactsExplorerViewModelTests All Artifact sources of Artifact Type should be returned correctly" />
    </UnitTest>
    <UnitTest name="ArtifactsExplorerViewModelTests All Artifact sources of all Artifact Types should be returned correctly" storage="d:\v2.0\a1\_work\dbded102\vso\tfs\service\webaccess\releasepipeline\testscripts\tests\tests.releasemanagement.artifactsexplorer.viewmodel.ts" id="1e876801-7c0b-4d0a-a6e0-ef67fdb8f45a">
      <Execution id="c1a6d1c8-a0b1-4bdb-aa81-d004640e0744" />
      <TestMethod codeBase="d:\v2.0\a1\_work\dbded102\vso\tfs\service\webaccess\releasepipeline\testscripts\tests\tests.releasemanagement.artifactsexplorer.viewmodel.ts" adapterTypeName="Microsoft.VisualStudio.TestTools.TestTypes.Unit.UnitTestAdapter" className="d:\v2.0\a1\_work\dbded102\vso\tfs\service\webaccess\releasepipeline\testscripts\tests\tests.releasemanagement.artifactsexplorer.viewmodel" name="ArtifactsExplorerViewModelTests All Artifact sources of all Artifact Types should be returned correctly" />
    </UnitTest>
    <UnitTest name="ArtifactsExplorerViewModelTests On changing ArtifactSource label, currentArtifactLabel should change" storage="d:\v2.0\a1\_work\dbded102\vso\tfs\service\webaccess\releasepipeline\testscripts\tests\tests.releasemanagement.artifactsexplorer.viewmodel.ts" id="83ba4a16-58c9-4433-a5aa-f5a184399b99">
      <Execution id="a5ba629a-c92d-4e53-b895-2cc5c92cf2c9" />
      <TestMethod codeBase="d:\v2.0\a1\_work\dbded102\vso\tfs\service\webaccess\releasepipeline\testscripts\tests\tests.releasemanagement.artifactsexplorer.viewmodel.ts" adapterTypeName="Microsoft.VisualStudio.TestTools.TestTypes.Unit.UnitTestAdapter" className="d:\v2.0\a1\_work\dbded102\vso\tfs\service\webaccess\releasepipeline\testscripts\tests\tests.releasemanagement.artifactsexplorer.viewmodel" name="ArtifactsExplorerViewModelTests On changing ArtifactSource label, currentArtifactLabel should change" />
    </UnitTest>
    <UnitTest name="ArtifactsExplorerViewModelTests On calling refresh the artifact type id, artifact source id and artifact source label should be reset" storage="d:\v2.0\a1\_work\dbded102\vso\tfs\service\webaccess\releasepipeline\testscripts\tests\tests.releasemanagement.artifactsexplorer.viewmodel.ts" id="712505cc-bf46-4853-a626-9708ef1073ae">
      <Execution id="4fc8a4e9-a886-4b86-a94a-e97006f672b0" />
      <TestMethod codeBase="d:\v2.0\a1\_work\dbded102\vso\tfs\service\webaccess\releasepipeline\testscripts\tests\tests.releasemanagement.artifactsexplorer.viewmodel.ts" adapterTypeName="Microsoft.VisualStudio.TestTools.TestTypes.Unit.UnitTestAdapter" className="d:\v2.0\a1\_work\dbded102\vso\tfs\service\webaccess\releasepipeline\testscripts\tests\tests.releasemanagement.artifactsexplorer.viewmodel" name="ArtifactsExplorerViewModelTests On calling refresh the artifact type id, artifact source id and artifact source label should be reset" />
    </UnitTest>
    <UnitTest name="ArtifactsExplorerViewModelTests On selecting a new node, artifact type id, artifact source id and artifact source label should" storage="d:\v2.0\a1\_work\dbded102\vso\tfs\service\webaccess\releasepipeline\testscripts\tests\tests.releasemanagement.artifactsexplorer.viewmodel.ts" id="e501ba09-d3f4-4a48-8086-99f121821065">
      <Execution id="0f27594a-f961-4c02-93d0-176582bd8169" />
      <TestMethod codeBase="d:\v2.0\a1\_work\dbded102\vso\tfs\service\webaccess\releasepipeline\testscripts\tests\tests.releasemanagement.artifactsexplorer.viewmodel.ts" adapterTypeName="Microsoft.VisualStudio.TestTools.TestTypes.Unit.UnitTestAdapter" className="d:\v2.0\a1\_work\dbded102\vso\tfs\service\webaccess\releasepipeline\testscripts\tests\tests.releasemanagement.artifactsexplorer.viewmodel" name="ArtifactsExplorerViewModelTests On selecting a new node, artifact type id, artifact source id and artifact source label should" />
    </UnitTest>
    <UnitTest name="ArtifactsExplorerViewModelTests ArtifactDefinitionViewModel object should be constructed properly" storage="d:\v2.0\a1\_work\dbded102\vso\tfs\service\webaccess\releasepipeline\testscripts\tests\tests.releasemanagement.artifactsexplorer.viewmodel.ts" id="d687a74a-5976-44fd-9e3a-f09d56577c47">
      <Execution id="d9930f86-ee50-47ff-9304-109e1756348b" />
      <TestMethod codeBase="d:\v2.0\a1\_work\dbded102\vso\tfs\service\webaccess\releasepipeline\testscripts\tests\tests.releasemanagement.artifactsexplorer.viewmodel.ts" adapterTypeName="Microsoft.VisualStudio.TestTools.TestTypes.Unit.UnitTestAdapter" className="d:\v2.0\a1\_work\dbded102\vso\tfs\service\webaccess\releasepipeline\testscripts\tests\tests.releasemanagement.artifactsexplorer.viewmodel" name="ArtifactsExplorerViewModelTests ArtifactDefinitionViewModel object should be constructed properly" />
    </UnitTest>
    <UnitTest name="ArtifactsExplorerViewModelTests ArtifactDefinitionViewModel getArtifactDefinition should return the artifact definition" storage="d:\v2.0\a1\_work\dbded102\vso\tfs\service\webaccess\releasepipeline\testscripts\tests\tests.releasemanagement.artifactsexplorer.viewmodel.ts" id="bf46756d-ee13-46f4-abbd-47794ba19432">
      <Execution id="58269e46-948d-4879-8147-954fe8a0de5d" />
      <TestMethod codeBase="d:\v2.0\a1\_work\dbded102\vso\tfs\service\webaccess\releasepipeline\testscripts\tests\tests.releasemanagement.artifactsexplorer.viewmodel.ts" adapterTypeName="Microsoft.VisualStudio.TestTools.TestTypes.Unit.UnitTestAdapter" className="d:\v2.0\a1\_work\dbded102\vso\tfs\service\webaccess\releasepipeline\testscripts\tests\tests.releasemanagement.artifactsexplorer.viewmodel" name="ArtifactsExplorerViewModelTests ArtifactDefinitionViewModel getArtifactDefinition should return the artifact definition" />
    </UnitTest>
    <UnitTest name="ArtifactsExplorerViewModelTests ArtifactDefinitionViewModel update should update the artifact definition" storage="d:\v2.0\a1\_work\dbded102\vso\tfs\service\webaccess\releasepipeline\testscripts\tests\tests.releasemanagement.artifactsexplorer.viewmodel.ts" id="39da64f2-80aa-4184-8920-a14972003821">
      <Execution id="8a5fbcba-7afd-4f8d-9174-3a8ca3a20580" />
      <TestMethod codeBase="d:\v2.0\a1\_work\dbded102\vso\tfs\service\webaccess\releasepipeline\testscripts\tests\tests.releasemanagement.artifactsexplorer.viewmodel.ts" adapterTypeName="Microsoft.VisualStudio.TestTools.TestTypes.Unit.UnitTestAdapter" className="d:\v2.0\a1\_work\dbded102\vso\tfs\service\webaccess\releasepipeline\testscripts\tests\tests.releasemanagement.artifactsexplorer.viewmodel" name="ArtifactsExplorerViewModelTests ArtifactDefinitionViewModel update should update the artifact definition" />
    </UnitTest>
    <UnitTest name="ArtifactsExplorerViewModelTests All Artifact Definition should be returned if all definitions is set" storage="d:\v2.0\a1\_work\dbded102\vso\tfs\service\webaccess\releasepipeline\testscripts\tests\tests.releasemanagement.artifactsexplorer.viewmodel.ts" id="85eaba46-436e-4879-b625-715dd041e1a8">
      <Execution id="566c8e0c-86a3-4755-86fc-3d1d711d40d2" />
      <TestMethod codeBase="d:\v2.0\a1\_work\dbded102\vso\tfs\service\webaccess\releasepipeline\testscripts\tests\tests.releasemanagement.artifactsexplorer.viewmodel.ts" adapterTypeName="Microsoft.VisualStudio.TestTools.TestTypes.Unit.UnitTestAdapter" className="d:\v2.0\a1\_work\dbded102\vso\tfs\service\webaccess\releasepipeline\testscripts\tests\tests.releasemanagement.artifactsexplorer.viewmodel" name="ArtifactsExplorerViewModelTests All Artifact Definition should be returned if all definitions is set" />
    </UnitTest>
    <UnitTest name="ArtifactsExplorerViewModelTests Artifact Definitions of a particular type should be returned when an artifact type is set" storage="d:\v2.0\a1\_work\dbded102\vso\tfs\service\webaccess\releasepipeline\testscripts\tests\tests.releasemanagement.artifactsexplorer.viewmodel.ts" id="73e1604b-cb3b-497b-9da8-3cedc30afe14">
      <Execution id="34b0c7ca-97b1-4816-8c1b-3212075972f6" />
      <TestMethod codeBase="d:\v2.0\a1\_work\dbded102\vso\tfs\service\webaccess\releasepipeline\testscripts\tests\tests.releasemanagement.artifactsexplorer.viewmodel.ts" adapterTypeName="Microsoft.VisualStudio.TestTools.TestTypes.Unit.UnitTestAdapter" className="d:\v2.0\a1\_work\dbded102\vso\tfs\service\webaccess\releasepipeline\testscripts\tests\tests.releasemanagement.artifactsexplorer.viewmodel" name="ArtifactsExplorerViewModelTests Artifact Definitions of a particular type should be returned when an artifact type is set" />
    </UnitTest>
    <UnitTest name="ArtifactsExplorerViewModelTests Artifact Definitions of a multiple types should be returned when an artifact type is set" storage="d:\v2.0\a1\_work\dbded102\vso\tfs\service\webaccess\releasepipeline\testscripts\tests\tests.releasemanagement.artifactsexplorer.viewmodel.ts" id="0622e06e-ec01-4a5f-b4ac-acc49ca93bb7">
      <Execution id="aad0f4d4-c6df-48ae-9e3a-35ce8967f085" />
      <TestMethod codeBase="d:\v2.0\a1\_work\dbded102\vso\tfs\service\webaccess\releasepipeline\testscripts\tests\tests.releasemanagement.artifactsexplorer.viewmodel.ts" adapterTypeName="Microsoft.VisualStudio.TestTools.TestTypes.Unit.UnitTestAdapter" className="d:\v2.0\a1\_work\dbded102\vso\tfs\service\webaccess\releasepipeline\testscripts\tests\tests.releasemanagement.artifactsexplorer.viewmodel" name="ArtifactsExplorerViewModelTests Artifact Definitions of a multiple types should be returned when an artifact type is set" />
    </UnitTest>
    <UnitTest name="ArtifactDetailTileTests ArtfactDetailTile visibility test" storage="d:\v2.0\a1\_work\dbded102\vso\tfs\service\webaccess\releasepipeline\testscripts\tests\tests.releasemanagement.controls.artifactdetailtile.ts" id="0f1760ae-de8a-4440-87a3-9f8c3bfde438">
      <Execution id="70810b01-6ee8-4067-9451-cb3b19ce0d16" />
      <TestMethod codeBase="d:\v2.0\a1\_work\dbded102\vso\tfs\service\webaccess\releasepipeline\testscripts\tests\tests.releasemanagement.controls.artifactdetailtile.ts" adapterTypeName="Microsoft.VisualStudio.TestTools.TestTypes.Unit.UnitTestAdapter" className="d:\v2.0\a1\_work\dbded102\vso\tfs\service\webaccess\releasepipeline\testscripts\tests\tests.releasemanagement.controls.artifactdetailtile" name="ArtifactDetailTileTests ArtfactDetailTile visibility test" />
    </UnitTest>
    <UnitTest name="EnvironmentVariablesTests EnvironmentVariablesViewModel should initialize correctly" storage="d:\v2.0\a1\_work\dbded102\vso\tfs\service\webaccess\releasepipeline\testscripts\tests\tests.releasemanagement.definition.configurationseditor.environmentvariables.ts" id="32004387-ba3a-4d82-ae2b-cec2e204f3c7">
      <Execution id="711153d4-defe-4935-a3b7-8202765f329d" />
      <TestMethod codeBase="d:\v2.0\a1\_work\dbded102\vso\tfs\service\webaccess\releasepipeline\testscripts\tests\tests.releasemanagement.definition.configurationseditor.environmentvariables.ts" adapterTypeName="Microsoft.VisualStudio.TestTools.TestTypes.Unit.UnitTestAdapter" className="d:\v2.0\a1\_work\dbded102\vso\tfs\service\webaccess\releasepipeline\testscripts\tests\tests.releasemanagement.definition.configurationseditor.environmentvariables" name="EnvironmentVariablesTests EnvironmentVariablesViewModel should initialize correctly" />
    </UnitTest>
    <UnitTest name="EnvironmentVariablesTests EnvironmentVariablesViewModel should result in correct of rows and columns when there are multiple environments and variables" storage="d:\v2.0\a1\_work\dbded102\vso\tfs\service\webaccess\releasepipeline\testscripts\tests\tests.releasemanagement.definition.configurationseditor.environmentvariables.ts" id="53cf4338-72f9-46ee-b115-854f923deeed">
      <Execution id="f725a430-3a45-4f3a-9a4a-0f587f9f19a6" />
      <TestMethod codeBase="d:\v2.0\a1\_work\dbded102\vso\tfs\service\webaccess\releasepipeline\testscripts\tests\tests.releasemanagement.definition.configurationseditor.environmentvariables.ts" adapterTypeName="Microsoft.VisualStudio.TestTools.TestTypes.Unit.UnitTestAdapter" className="d:\v2.0\a1\_work\dbded102\vso\tfs\service\webaccess\releasepipeline\testscripts\tests\tests.releasemanagement.definition.configurationseditor.environmentvariables" name="EnvironmentVariablesTests EnvironmentVariablesViewModel should result in correct of rows and columns when there are multiple environments and variables" />
    </UnitTest>
    <UnitTest name="EnvironmentVariablesTests EnvironmentVariablesViewModel should result in correct of rows and columns when the names of variables in one environment do not match any of the other" storage="d:\v2.0\a1\_work\dbded102\vso\tfs\service\webaccess\releasepipeline\testscripts\tests\tests.releasemanagement.definition.configurationseditor.environmentvariables.ts" id="dc9533e2-bd13-4d12-ab0a-6eb1789fa4de">
      <Execution id="d2e031da-2884-47cb-bedb-2d9463b814d4" />
      <TestMethod codeBase="d:\v2.0\a1\_work\dbded102\vso\tfs\service\webaccess\releasepipeline\testscripts\tests\tests.releasemanagement.definition.configurationseditor.environmentvariables.ts" adapterTypeName="Microsoft.VisualStudio.TestTools.TestTypes.Unit.UnitTestAdapter" className="d:\v2.0\a1\_work\dbded102\vso\tfs\service\webaccess\releasepipeline\testscripts\tests\tests.releasemanagement.definition.configurationseditor.environmentvariables" name="EnvironmentVariablesTests EnvironmentVariablesViewModel should result in correct of rows and columns when the names of variables in one environment do not match any of the other" />
    </UnitTest>
    <UnitTest name="EnvironmentVariablesTests EnvironmentVariablesViewModel should result in correct of rows and columns when one environment has few variables less than the other" storage="d:\v2.0\a1\_work\dbded102\vso\tfs\service\webaccess\releasepipeline\testscripts\tests\tests.releasemanagement.definition.configurationseditor.environmentvariables.ts" id="a5e0d04f-9754-4620-ab9d-2781c66f650a">
      <Execution id="ce531c9f-8edb-4699-9908-38253381e7d9" />
      <TestMethod codeBase="d:\v2.0\a1\_work\dbded102\vso\tfs\service\webaccess\releasepipeline\testscripts\tests\tests.releasemanagement.definition.configurationseditor.environmentvariables.ts" adapterTypeName="Microsoft.VisualStudio.TestTools.TestTypes.Unit.UnitTestAdapter" className="d:\v2.0\a1\_work\dbded102\vso\tfs\service\webaccess\releasepipeline\testscripts\tests\tests.releasemanagement.definition.configurationseditor.environmentvariables" name="EnvironmentVariablesTests EnvironmentVariablesViewModel should result in correct of rows and columns when one environment has few variables less than the other" />
    </UnitTest>
    <UnitTest name="EnvironmentVariablesTests Should be able to display environment variables grid of release" storage="d:\v2.0\a1\_work\dbded102\vso\tfs\service\webaccess\releasepipeline\testscripts\tests\tests.releasemanagement.definition.configurationseditor.environmentvariables.ts" id="d6e25c46-0f1c-48c5-a8f2-598f9dcf0fa9">
      <Execution id="6738a5e2-f5ee-48fc-831d-a33527725273" />
      <TestMethod codeBase="d:\v2.0\a1\_work\dbded102\vso\tfs\service\webaccess\releasepipeline\testscripts\tests\tests.releasemanagement.definition.configurationseditor.environmentvariables.ts" adapterTypeName="Microsoft.VisualStudio.TestTools.TestTypes.Unit.UnitTestAdapter" className="d:\v2.0\a1\_work\dbded102\vso\tfs\service\webaccess\releasepipeline\testscripts\tests\tests.releasemanagement.definition.configurationseditor.environmentvariables" name="EnvironmentVariablesTests Should be able to display environment variables grid of release" />
    </UnitTest>
    <UnitTest name="VariablesObjectViewModelTests Should be able to create ReleaseDefinitionVariableViewModel for confing index:1" storage="d:\v2.0\a1\_work\dbded102\vso\tfs\service\webaccess\releasepipeline\testscripts\tests\tests.releasemanagement.definition.configurationseditor.environmentvariables.ts" id="1ae6bec2-73ab-4417-84f3-1b67afe8777a">
      <Execution id="c717ded6-6220-413f-8a41-8ddf2188ebed" />
      <TestMethod codeBase="d:\v2.0\a1\_work\dbded102\vso\tfs\service\webaccess\releasepipeline\testscripts\tests\tests.releasemanagement.definition.configurationseditor.environmentvariables.ts" adapterTypeName="Microsoft.VisualStudio.TestTools.TestTypes.Unit.UnitTestAdapter" className="d:\v2.0\a1\_work\dbded102\vso\tfs\service\webaccess\releasepipeline\testscripts\tests\tests.releasemanagement.definition.configurationseditor.environmentvariables" name="VariablesObjectViewModelTests Should be able to create ReleaseDefinitionVariableViewModel for confing index:1" />
    </UnitTest>
    <UnitTest name="VariablesObjectViewModelTests test get value after initialize for ReleaseDefinitionVariableViewModel for confing index:1" storage="d:\v2.0\a1\_work\dbded102\vso\tfs\service\webaccess\releasepipeline\testscripts\tests\tests.releasemanagement.definition.configurationseditor.environmentvariables.ts" id="010e5337-8964-4470-a456-016b443be060">
      <Execution id="6d58564d-72c7-463a-8b1b-dbfeb32712b8" />
      <TestMethod codeBase="d:\v2.0\a1\_work\dbded102\vso\tfs\service\webaccess\releasepipeline\testscripts\tests\tests.releasemanagement.definition.configurationseditor.environmentvariables.ts" adapterTypeName="Microsoft.VisualStudio.TestTools.TestTypes.Unit.UnitTestAdapter" className="d:\v2.0\a1\_work\dbded102\vso\tfs\service\webaccess\releasepipeline\testscripts\tests\tests.releasemanagement.definition.configurationseditor.environmentvariables" name="VariablesObjectViewModelTests test get value after initialize for ReleaseDefinitionVariableViewModel for confing index:1" />
    </UnitTest>
    <UnitTest name="VariablesObjectViewModelTests test get value after update with toggled is secret for ReleaseDefinitionVariableViewModel for confing index:1" storage="d:\v2.0\a1\_work\dbded102\vso\tfs\service\webaccess\releasepipeline\testscripts\tests\tests.releasemanagement.definition.configurationseditor.environmentvariables.ts" id="d7780a6d-3c62-448c-aa36-158cf84235c0">
      <Execution id="fecf9ab0-8f9e-426e-98ab-f0b9ce9e77d0" />
      <TestMethod codeBase="d:\v2.0\a1\_work\dbded102\vso\tfs\service\webaccess\releasepipeline\testscripts\tests\tests.releasemanagement.definition.configurationseditor.environmentvariables.ts" adapterTypeName="Microsoft.VisualStudio.TestTools.TestTypes.Unit.UnitTestAdapter" className="d:\v2.0\a1\_work\dbded102\vso\tfs\service\webaccess\releasepipeline\testscripts\tests\tests.releasemanagement.definition.configurationseditor.environmentvariables" name="VariablesObjectViewModelTests test get value after update with toggled is secret for ReleaseDefinitionVariableViewModel for confing index:1" />
    </UnitTest>
    <UnitTest name="VariablesObjectViewModelTests onSecretClick test for ReleaseDefinitionVariableViewModel for testConfig: 1" storage="d:\v2.0\a1\_work\dbded102\vso\tfs\service\webaccess\releasepipeline\testscripts\tests\tests.releasemanagement.definition.configurationseditor.environmentvariables.ts" id="f52e3c53-a289-49d5-9bc1-49a17b32572c">
      <Execution id="87e8da16-7b29-4166-97ef-d995eb8dbe42" />
      <TestMethod codeBase="d:\v2.0\a1\_work\dbded102\vso\tfs\service\webaccess\releasepipeline\testscripts\tests\tests.releasemanagement.definition.configurationseditor.environmentvariables.ts" adapterTypeName="Microsoft.VisualStudio.TestTools.TestTypes.Unit.UnitTestAdapter" className="d:\v2.0\a1\_work\dbded102\vso\tfs\service\webaccess\releasepipeline\testscripts\tests\tests.releasemanagement.definition.configurationseditor.environmentvariables" name="VariablesObjectViewModelTests onSecretClick test for ReleaseDefinitionVariableViewModel for testConfig: 1" />
    </UnitTest>
    <UnitTest name="VariablesObjectViewModelTests is valid test for ReleaseDefinitionVariableViewModel for testConfig: 1" storage="d:\v2.0\a1\_work\dbded102\vso\tfs\service\webaccess\releasepipeline\testscripts\tests\tests.releasemanagement.definition.configurationseditor.environmentvariables.ts" id="b148282b-3e0a-446c-848c-c22636655918">
      <Execution id="3e0e385d-ab0d-458f-b555-0f6c75318c71" />
      <TestMethod codeBase="d:\v2.0\a1\_work\dbded102\vso\tfs\service\webaccess\releasepipeline\testscripts\tests\tests.releasemanagement.definition.configurationseditor.environmentvariables.ts" adapterTypeName="Microsoft.VisualStudio.TestTools.TestTypes.Unit.UnitTestAdapter" className="d:\v2.0\a1\_work\dbded102\vso\tfs\service\webaccess\releasepipeline\testscripts\tests\tests.releasemanagement.definition.configurationseditor.environmentvariables" name="VariablesObjectViewModelTests is valid test for ReleaseDefinitionVariableViewModel for testConfig: 1" />
    </UnitTest>
    <UnitTest name="VariablesObjectViewModelTests Compute dirty test for ReleaseDefinitionVariableViewModel for testConfig: 1" storage="d:\v2.0\a1\_work\dbded102\vso\tfs\service\webaccess\releasepipeline\testscripts\tests\tests.releasemanagement.definition.configurationseditor.environmentvariables.ts" id="b37224d1-a7da-49df-a369-11f88c9cc21f">
      <Execution id="5457b3fc-94a9-4dde-8a0a-f0408414e8e3" />
      <TestMethod codeBase="d:\v2.0\a1\_work\dbded102\vso\tfs\service\webaccess\releasepipeline\testscripts\tests\tests.releasemanagement.definition.configurationseditor.environmentvariables.ts" adapterTypeName="Microsoft.VisualStudio.TestTools.TestTypes.Unit.UnitTestAdapter" className="d:\v2.0\a1\_work\dbded102\vso\tfs\service\webaccess\releasepipeline\testscripts\tests\tests.releasemanagement.definition.configurationseditor.environmentvariables" name="VariablesObjectViewModelTests Compute dirty test for ReleaseDefinitionVariableViewModel for testConfig: 1" />
    </UnitTest>
    <UnitTest name="VariablesObjectViewModelTests Should be able to create ReleaseDefinitionVariableViewModel for confing index:2" storage="d:\v2.0\a1\_work\dbded102\vso\tfs\service\webaccess\releasepipeline\testscripts\tests\tests.releasemanagement.definition.configurationseditor.environmentvariables.ts" id="888f3d3e-990e-44d0-ad73-4b690313dae7">
      <Execution id="5ebaf5c0-b951-4166-a15c-45f4e1b135d0" />
      <TestMethod codeBase="d:\v2.0\a1\_work\dbded102\vso\tfs\service\webaccess\releasepipeline\testscripts\tests\tests.releasemanagement.definition.configurationseditor.environmentvariables.ts" adapterTypeName="Microsoft.VisualStudio.TestTools.TestTypes.Unit.UnitTestAdapter" className="d:\v2.0\a1\_work\dbded102\vso\tfs\service\webaccess\releasepipeline\testscripts\tests\tests.releasemanagement.definition.configurationseditor.environmentvariables" name="VariablesObjectViewModelTests Should be able to create ReleaseDefinitionVariableViewModel for confing index:2" />
    </UnitTest>
    <UnitTest name="VariablesObjectViewModelTests test get value after initialize for ReleaseDefinitionVariableViewModel for confing index:2" storage="d:\v2.0\a1\_work\dbded102\vso\tfs\service\webaccess\releasepipeline\testscripts\tests\tests.releasemanagement.definition.configurationseditor.environmentvariables.ts" id="9c1a4c55-09a4-4821-9ffd-21ffe5ffecf2">
      <Execution id="8983893b-9572-4672-8ab9-b6dc1821eab9" />
      <TestMethod codeBase="d:\v2.0\a1\_work\dbded102\vso\tfs\service\webaccess\releasepipeline\testscripts\tests\tests.releasemanagement.definition.configurationseditor.environmentvariables.ts" adapterTypeName="Microsoft.VisualStudio.TestTools.TestTypes.Unit.UnitTestAdapter" className="d:\v2.0\a1\_work\dbded102\vso\tfs\service\webaccess\releasepipeline\testscripts\tests\tests.releasemanagement.definition.configurationseditor.environmentvariables" name="VariablesObjectViewModelTests test get value after initialize for ReleaseDefinitionVariableViewModel for confing index:2" />
    </UnitTest>
    <UnitTest name="VariablesObjectViewModelTests test get value after update with toggled is secret for ReleaseDefinitionVariableViewModel for confing index:2" storage="d:\v2.0\a1\_work\dbded102\vso\tfs\service\webaccess\releasepipeline\testscripts\tests\tests.releasemanagement.definition.configurationseditor.environmentvariables.ts" id="0f065964-eb69-4e5d-a1a3-febaeef4a933">
      <Execution id="fa6424a3-02b5-4be9-a644-0f5c5b3c100d" />
      <TestMethod codeBase="d:\v2.0\a1\_work\dbded102\vso\tfs\service\webaccess\releasepipeline\testscripts\tests\tests.releasemanagement.definition.configurationseditor.environmentvariables.ts" adapterTypeName="Microsoft.VisualStudio.TestTools.TestTypes.Unit.UnitTestAdapter" className="d:\v2.0\a1\_work\dbded102\vso\tfs\service\webaccess\releasepipeline\testscripts\tests\tests.releasemanagement.definition.configurationseditor.environmentvariables" name="VariablesObjectViewModelTests test get value after update with toggled is secret for ReleaseDefinitionVariableViewModel for confing index:2" />
    </UnitTest>
    <UnitTest name="VariablesObjectViewModelTests onSecretClick test for ReleaseDefinitionVariableViewModel for testConfig: 2" storage="d:\v2.0\a1\_work\dbded102\vso\tfs\service\webaccess\releasepipeline\testscripts\tests\tests.releasemanagement.definition.configurationseditor.environmentvariables.ts" id="3b3d9c1f-6e0c-42dd-8123-f28ca4ee8081">
      <Execution id="28622797-096d-4075-baa0-2207177956aa" />
      <TestMethod codeBase="d:\v2.0\a1\_work\dbded102\vso\tfs\service\webaccess\releasepipeline\testscripts\tests\tests.releasemanagement.definition.configurationseditor.environmentvariables.ts" adapterTypeName="Microsoft.VisualStudio.TestTools.TestTypes.Unit.UnitTestAdapter" className="d:\v2.0\a1\_work\dbded102\vso\tfs\service\webaccess\releasepipeline\testscripts\tests\tests.releasemanagement.definition.configurationseditor.environmentvariables" name="VariablesObjectViewModelTests onSecretClick test for ReleaseDefinitionVariableViewModel for testConfig: 2" />
    </UnitTest>
    <UnitTest name="VariablesObjectViewModelTests is valid test for ReleaseDefinitionVariableViewModel for testConfig: 2" storage="d:\v2.0\a1\_work\dbded102\vso\tfs\service\webaccess\releasepipeline\testscripts\tests\tests.releasemanagement.definition.configurationseditor.environmentvariables.ts" id="42fcd39e-219a-4f93-8c5c-14abe2d37dcb">
      <Execution id="84e7acb8-f121-438e-a9f5-22d75ecb412e" />
      <TestMethod codeBase="d:\v2.0\a1\_work\dbded102\vso\tfs\service\webaccess\releasepipeline\testscripts\tests\tests.releasemanagement.definition.configurationseditor.environmentvariables.ts" adapterTypeName="Microsoft.VisualStudio.TestTools.TestTypes.Unit.UnitTestAdapter" className="d:\v2.0\a1\_work\dbded102\vso\tfs\service\webaccess\releasepipeline\testscripts\tests\tests.releasemanagement.definition.configurationseditor.environmentvariables" name="VariablesObjectViewModelTests is valid test for ReleaseDefinitionVariableViewModel for testConfig: 2" />
    </UnitTest>
    <UnitTest name="VariablesObjectViewModelTests Compute dirty test for ReleaseDefinitionVariableViewModel for testConfig: 2" storage="d:\v2.0\a1\_work\dbded102\vso\tfs\service\webaccess\releasepipeline\testscripts\tests\tests.releasemanagement.definition.configurationseditor.environmentvariables.ts" id="9594e5eb-c022-4175-944c-3fbe8d678a68">
      <Execution id="21a5048c-410c-4a22-824d-0a8258cfce6c" />
      <TestMethod codeBase="d:\v2.0\a1\_work\dbded102\vso\tfs\service\webaccess\releasepipeline\testscripts\tests\tests.releasemanagement.definition.configurationseditor.environmentvariables.ts" adapterTypeName="Microsoft.VisualStudio.TestTools.TestTypes.Unit.UnitTestAdapter" className="d:\v2.0\a1\_work\dbded102\vso\tfs\service\webaccess\releasepipeline\testscripts\tests\tests.releasemanagement.definition.configurationseditor.environmentvariables" name="VariablesObjectViewModelTests Compute dirty test for ReleaseDefinitionVariableViewModel for testConfig: 2" />
    </UnitTest>
    <UnitTest name="VariablesObjectViewModelTests Should be able to create ReleaseDefinitionVariableViewModel for confing index:3" storage="d:\v2.0\a1\_work\dbded102\vso\tfs\service\webaccess\releasepipeline\testscripts\tests\tests.releasemanagement.definition.configurationseditor.environmentvariables.ts" id="c0fa9766-dd91-4d15-b835-455068cb65b2">
      <Execution id="46528bd8-7d83-4aad-b210-133b39d9b42a" />
      <TestMethod codeBase="d:\v2.0\a1\_work\dbded102\vso\tfs\service\webaccess\releasepipeline\testscripts\tests\tests.releasemanagement.definition.configurationseditor.environmentvariables.ts" adapterTypeName="Microsoft.VisualStudio.TestTools.TestTypes.Unit.UnitTestAdapter" className="d:\v2.0\a1\_work\dbded102\vso\tfs\service\webaccess\releasepipeline\testscripts\tests\tests.releasemanagement.definition.configurationseditor.environmentvariables" name="VariablesObjectViewModelTests Should be able to create ReleaseDefinitionVariableViewModel for confing index:3" />
    </UnitTest>
    <UnitTest name="VariablesObjectViewModelTests test get value after initialize for ReleaseDefinitionVariableViewModel for confing index:3" storage="d:\v2.0\a1\_work\dbded102\vso\tfs\service\webaccess\releasepipeline\testscripts\tests\tests.releasemanagement.definition.configurationseditor.environmentvariables.ts" id="58ac9e2b-05c6-4506-9f65-5fc5d20d5a15">
      <Execution id="2f1cb003-8e23-477a-b652-8133a0c6d6bf" />
      <TestMethod codeBase="d:\v2.0\a1\_work\dbded102\vso\tfs\service\webaccess\releasepipeline\testscripts\tests\tests.releasemanagement.definition.configurationseditor.environmentvariables.ts" adapterTypeName="Microsoft.VisualStudio.TestTools.TestTypes.Unit.UnitTestAdapter" className="d:\v2.0\a1\_work\dbded102\vso\tfs\service\webaccess\releasepipeline\testscripts\tests\tests.releasemanagement.definition.configurationseditor.environmentvariables" name="VariablesObjectViewModelTests test get value after initialize for ReleaseDefinitionVariableViewModel for confing index:3" />
    </UnitTest>
    <UnitTest name="VariablesObjectViewModelTests test get value after update with toggled is secret for ReleaseDefinitionVariableViewModel for confing index:3" storage="d:\v2.0\a1\_work\dbded102\vso\tfs\service\webaccess\releasepipeline\testscripts\tests\tests.releasemanagement.definition.configurationseditor.environmentvariables.ts" id="ace11a58-2e48-4624-9645-11e7ab59ae03">
      <Execution id="e93103c7-dde3-4960-9d9e-43cf38ebec06" />
      <TestMethod codeBase="d:\v2.0\a1\_work\dbded102\vso\tfs\service\webaccess\releasepipeline\testscripts\tests\tests.releasemanagement.definition.configurationseditor.environmentvariables.ts" adapterTypeName="Microsoft.VisualStudio.TestTools.TestTypes.Unit.UnitTestAdapter" className="d:\v2.0\a1\_work\dbded102\vso\tfs\service\webaccess\releasepipeline\testscripts\tests\tests.releasemanagement.definition.configurationseditor.environmentvariables" name="VariablesObjectViewModelTests test get value after update with toggled is secret for ReleaseDefinitionVariableViewModel for confing index:3" />
    </UnitTest>
    <UnitTest name="VariablesObjectViewModelTests onSecretClick test for ReleaseDefinitionVariableViewModel for testConfig: 3" storage="d:\v2.0\a1\_work\dbded102\vso\tfs\service\webaccess\releasepipeline\testscripts\tests\tests.releasemanagement.definition.configurationseditor.environmentvariables.ts" id="887bdc2e-db24-4995-9949-cd9a5cba9bf4">
      <Execution id="1085f88b-7cd6-40ae-aba4-41821716f019" />
      <TestMethod codeBase="d:\v2.0\a1\_work\dbded102\vso\tfs\service\webaccess\releasepipeline\testscripts\tests\tests.releasemanagement.definition.configurationseditor.environmentvariables.ts" adapterTypeName="Microsoft.VisualStudio.TestTools.TestTypes.Unit.UnitTestAdapter" className="d:\v2.0\a1\_work\dbded102\vso\tfs\service\webaccess\releasepipeline\testscripts\tests\tests.releasemanagement.definition.configurationseditor.environmentvariables" name="VariablesObjectViewModelTests onSecretClick test for ReleaseDefinitionVariableViewModel for testConfig: 3" />
    </UnitTest>
    <UnitTest name="VariablesObjectViewModelTests is valid test for ReleaseDefinitionVariableViewModel for testConfig: 3" storage="d:\v2.0\a1\_work\dbded102\vso\tfs\service\webaccess\releasepipeline\testscripts\tests\tests.releasemanagement.definition.configurationseditor.environmentvariables.ts" id="8170f02b-8d17-4551-b85c-fa1d0012f075">
      <Execution id="084c00b5-3b82-4866-a818-8e2ae75fd67b" />
      <TestMethod codeBase="d:\v2.0\a1\_work\dbded102\vso\tfs\service\webaccess\releasepipeline\testscripts\tests\tests.releasemanagement.definition.configurationseditor.environmentvariables.ts" adapterTypeName="Microsoft.VisualStudio.TestTools.TestTypes.Unit.UnitTestAdapter" className="d:\v2.0\a1\_work\dbded102\vso\tfs\service\webaccess\releasepipeline\testscripts\tests\tests.releasemanagement.definition.configurationseditor.environmentvariables" name="VariablesObjectViewModelTests is valid test for ReleaseDefinitionVariableViewModel for testConfig: 3" />
    </UnitTest>
    <UnitTest name="VariablesObjectViewModelTests Compute dirty test for ReleaseDefinitionVariableViewModel for testConfig: 3" storage="d:\v2.0\a1\_work\dbded102\vso\tfs\service\webaccess\releasepipeline\testscripts\tests\tests.releasemanagement.definition.configurationseditor.environmentvariables.ts" id="45ab7b29-005a-47cb-aef2-3eeaaa6ea427">
      <Execution id="30ee2563-76ce-4202-b6e0-1d4927a450be" />
      <TestMethod codeBase="d:\v2.0\a1\_work\dbded102\vso\tfs\service\webaccess\releasepipeline\testscripts\tests\tests.releasemanagement.definition.configurationseditor.environmentvariables.ts" adapterTypeName="Microsoft.VisualStudio.TestTools.TestTypes.Unit.UnitTestAdapter" className="d:\v2.0\a1\_work\dbded102\vso\tfs\service\webaccess\releasepipeline\testscripts\tests\tests.releasemanagement.definition.configurationseditor.environmentvariables" name="VariablesObjectViewModelTests Compute dirty test for ReleaseDefinitionVariableViewModel for testConfig: 3" />
    </UnitTest>
    <UnitTest name="VariablesObjectViewModelTests Should be able to create ReleaseDefinitionVariableViewModel for confing index:4" storage="d:\v2.0\a1\_work\dbded102\vso\tfs\service\webaccess\releasepipeline\testscripts\tests\tests.releasemanagement.definition.configurationseditor.environmentvariables.ts" id="8fcc561d-9cdd-44f9-b2c1-8199ef9c47b6">
      <Execution id="7dbd7eee-e298-4503-95a9-e10802b29113" />
      <TestMethod codeBase="d:\v2.0\a1\_work\dbded102\vso\tfs\service\webaccess\releasepipeline\testscripts\tests\tests.releasemanagement.definition.configurationseditor.environmentvariables.ts" adapterTypeName="Microsoft.VisualStudio.TestTools.TestTypes.Unit.UnitTestAdapter" className="d:\v2.0\a1\_work\dbded102\vso\tfs\service\webaccess\releasepipeline\testscripts\tests\tests.releasemanagement.definition.configurationseditor.environmentvariables" name="VariablesObjectViewModelTests Should be able to create ReleaseDefinitionVariableViewModel for confing index:4" />
    </UnitTest>
    <UnitTest name="VariablesObjectViewModelTests test get value after initialize for ReleaseDefinitionVariableViewModel for confing index:4" storage="d:\v2.0\a1\_work\dbded102\vso\tfs\service\webaccess\releasepipeline\testscripts\tests\tests.releasemanagement.definition.configurationseditor.environmentvariables.ts" id="5bd0a3fd-c28b-434a-977a-94c314351b23">
      <Execution id="f6dcd392-006f-478c-841a-ba869d772e74" />
      <TestMethod codeBase="d:\v2.0\a1\_work\dbded102\vso\tfs\service\webaccess\releasepipeline\testscripts\tests\tests.releasemanagement.definition.configurationseditor.environmentvariables.ts" adapterTypeName="Microsoft.VisualStudio.TestTools.TestTypes.Unit.UnitTestAdapter" className="d:\v2.0\a1\_work\dbded102\vso\tfs\service\webaccess\releasepipeline\testscripts\tests\tests.releasemanagement.definition.configurationseditor.environmentvariables" name="VariablesObjectViewModelTests test get value after initialize for ReleaseDefinitionVariableViewModel for confing index:4" />
    </UnitTest>
    <UnitTest name="VariablesObjectViewModelTests test get value after update with toggled is secret for ReleaseDefinitionVariableViewModel for confing index:4" storage="d:\v2.0\a1\_work\dbded102\vso\tfs\service\webaccess\releasepipeline\testscripts\tests\tests.releasemanagement.definition.configurationseditor.environmentvariables.ts" id="6a6c498b-4a2e-4748-8ab1-b2d5d172b27a">
      <Execution id="bd0794a8-6b36-438d-84d5-774bb3017799" />
      <TestMethod codeBase="d:\v2.0\a1\_work\dbded102\vso\tfs\service\webaccess\releasepipeline\testscripts\tests\tests.releasemanagement.definition.configurationseditor.environmentvariables.ts" adapterTypeName="Microsoft.VisualStudio.TestTools.TestTypes.Unit.UnitTestAdapter" className="d:\v2.0\a1\_work\dbded102\vso\tfs\service\webaccess\releasepipeline\testscripts\tests\tests.releasemanagement.definition.configurationseditor.environmentvariables" name="VariablesObjectViewModelTests test get value after update with toggled is secret for ReleaseDefinitionVariableViewModel for confing index:4" />
    </UnitTest>
    <UnitTest name="VariablesObjectViewModelTests onSecretClick test for ReleaseDefinitionVariableViewModel for testConfig: 4" storage="d:\v2.0\a1\_work\dbded102\vso\tfs\service\webaccess\releasepipeline\testscripts\tests\tests.releasemanagement.definition.configurationseditor.environmentvariables.ts" id="073bfc3c-f6c4-4cdb-9172-226da6cd51bd">
      <Execution id="9747961c-09c0-4174-accf-562b46781611" />
      <TestMethod codeBase="d:\v2.0\a1\_work\dbded102\vso\tfs\service\webaccess\releasepipeline\testscripts\tests\tests.releasemanagement.definition.configurationseditor.environmentvariables.ts" adapterTypeName="Microsoft.VisualStudio.TestTools.TestTypes.Unit.UnitTestAdapter" className="d:\v2.0\a1\_work\dbded102\vso\tfs\service\webaccess\releasepipeline\testscripts\tests\tests.releasemanagement.definition.configurationseditor.environmentvariables" name="VariablesObjectViewModelTests onSecretClick test for ReleaseDefinitionVariableViewModel for testConfig: 4" />
    </UnitTest>
    <UnitTest name="VariablesObjectViewModelTests is valid test for ReleaseDefinitionVariableViewModel for testConfig: 4" storage="d:\v2.0\a1\_work\dbded102\vso\tfs\service\webaccess\releasepipeline\testscripts\tests\tests.releasemanagement.definition.configurationseditor.environmentvariables.ts" id="790a6c8a-8696-4d93-af6e-1cc00157b327">
      <Execution id="6b6582b3-0b07-4503-b191-493c15c99abd" />
      <TestMethod codeBase="d:\v2.0\a1\_work\dbded102\vso\tfs\service\webaccess\releasepipeline\testscripts\tests\tests.releasemanagement.definition.configurationseditor.environmentvariables.ts" adapterTypeName="Microsoft.VisualStudio.TestTools.TestTypes.Unit.UnitTestAdapter" className="d:\v2.0\a1\_work\dbded102\vso\tfs\service\webaccess\releasepipeline\testscripts\tests\tests.releasemanagement.definition.configurationseditor.environmentvariables" name="VariablesObjectViewModelTests is valid test for ReleaseDefinitionVariableViewModel for testConfig: 4" />
    </UnitTest>
    <UnitTest name="VariablesObjectViewModelTests Compute dirty test for ReleaseDefinitionVariableViewModel for testConfig: 4" storage="d:\v2.0\a1\_work\dbded102\vso\tfs\service\webaccess\releasepipeline\testscripts\tests\tests.releasemanagement.definition.configurationseditor.environmentvariables.ts" id="1f9268ce-a564-4bac-b388-ec9b154f9704">
      <Execution id="1e25bff1-c0b5-4870-8858-6731266f4cda" />
      <TestMethod codeBase="d:\v2.0\a1\_work\dbded102\vso\tfs\service\webaccess\releasepipeline\testscripts\tests\tests.releasemanagement.definition.configurationseditor.environmentvariables.ts" adapterTypeName="Microsoft.VisualStudio.TestTools.TestTypes.Unit.UnitTestAdapter" className="d:\v2.0\a1\_work\dbded102\vso\tfs\service\webaccess\releasepipeline\testscripts\tests\tests.releasemanagement.definition.configurationseditor.environmentvariables" name="VariablesObjectViewModelTests Compute dirty test for ReleaseDefinitionVariableViewModel for testConfig: 4" />
    </UnitTest>
    <UnitTest name="VariablesObjectViewModelTests Hover enable test for ReleaseDefinitionVariableViewModel for testConfig: 1" storage="d:\v2.0\a1\_work\dbded102\vso\tfs\service\webaccess\releasepipeline\testscripts\tests\tests.releasemanagement.definition.configurationseditor.environmentvariables.ts" id="53ebbd56-040f-405d-bbd2-c4b9d8efdede">
      <Execution id="120a6c62-c0f8-4ae6-8af3-5636f4582a00" />
      <TestMethod codeBase="d:\v2.0\a1\_work\dbded102\vso\tfs\service\webaccess\releasepipeline\testscripts\tests\tests.releasemanagement.definition.configurationseditor.environmentvariables.ts" adapterTypeName="Microsoft.VisualStudio.TestTools.TestTypes.Unit.UnitTestAdapter" className="d:\v2.0\a1\_work\dbded102\vso\tfs\service\webaccess\releasepipeline\testscripts\tests\tests.releasemanagement.definition.configurationseditor.environmentvariables" name="VariablesObjectViewModelTests Hover enable test for ReleaseDefinitionVariableViewModel for testConfig: 1" />
    </UnitTest>
    <UnitTest name="VariablesObjectViewModelTests Hover enable test for ReleaseDefinitionVariableViewModel for testConfig: 2" storage="d:\v2.0\a1\_work\dbded102\vso\tfs\service\webaccess\releasepipeline\testscripts\tests\tests.releasemanagement.definition.configurationseditor.environmentvariables.ts" id="def3174c-dd63-428d-b28f-bcd7c0069671">
      <Execution id="504e0ae7-b57c-4e46-8ae6-16266747d0f5" />
      <TestMethod codeBase="d:\v2.0\a1\_work\dbded102\vso\tfs\service\webaccess\releasepipeline\testscripts\tests\tests.releasemanagement.definition.configurationseditor.environmentvariables.ts" adapterTypeName="Microsoft.VisualStudio.TestTools.TestTypes.Unit.UnitTestAdapter" className="d:\v2.0\a1\_work\dbded102\vso\tfs\service\webaccess\releasepipeline\testscripts\tests\tests.releasemanagement.definition.configurationseditor.environmentvariables" name="VariablesObjectViewModelTests Hover enable test for ReleaseDefinitionVariableViewModel for testConfig: 2" />
    </UnitTest>
    <UnitTest name="VariablesListObjectViewModelTests Should be able to create VariablesListViewModel object with an empty variable" storage="d:\v2.0\a1\_work\dbded102\vso\tfs\service\webaccess\releasepipeline\testscripts\tests\tests.releasemanagement.definition.objectviewmodel.variables.ts" id="e0859897-6cb8-4847-b37f-3398ede83b87">
      <Execution id="0e0ced30-b10f-49c9-b8b7-1b2eafaa0899" />
      <TestMethod codeBase="d:\v2.0\a1\_work\dbded102\vso\tfs\service\webaccess\releasepipeline\testscripts\tests\tests.releasemanagement.definition.objectviewmodel.variables.ts" adapterTypeName="Microsoft.VisualStudio.TestTools.TestTypes.Unit.UnitTestAdapter" className="d:\v2.0\a1\_work\dbded102\vso\tfs\service\webaccess\releasepipeline\testscripts\tests\tests.releasemanagement.definition.objectviewmodel.variables" name="VariablesListObjectViewModelTests Should be able to create VariablesListViewModel object with an empty variable" />
    </UnitTest>
    <UnitTest name="VariablesListObjectViewModelTests Should be able to update for VariablesListViewModel" storage="d:\v2.0\a1\_work\dbded102\vso\tfs\service\webaccess\releasepipeline\testscripts\tests\tests.releasemanagement.definition.objectviewmodel.variables.ts" id="92b56094-6b1b-401a-a349-6fda7c05c495">
      <Execution id="fd7047b2-ccd1-466a-b7cf-97793f6fe410" />
      <TestMethod codeBase="d:\v2.0\a1\_work\dbded102\vso\tfs\service\webaccess\releasepipeline\testscripts\tests\tests.releasemanagement.definition.objectviewmodel.variables.ts" adapterTypeName="Microsoft.VisualStudio.TestTools.TestTypes.Unit.UnitTestAdapter" className="d:\v2.0\a1\_work\dbded102\vso\tfs\service\webaccess\releasepipeline\testscripts\tests\tests.releasemanagement.definition.objectviewmodel.variables" name="VariablesListObjectViewModelTests Should be able to update for VariablesListViewModel" />
    </UnitTest>
    <UnitTest name="VariablesListObjectViewModelTests Should be able to add empty variables to VariablesListViewModel" storage="d:\v2.0\a1\_work\dbded102\vso\tfs\service\webaccess\releasepipeline\testscripts\tests\tests.releasemanagement.definition.objectviewmodel.variables.ts" id="33226639-633c-4542-8c85-c3df268482a3">
      <Execution id="40c59fe3-14e4-4f45-b2ed-c4e74698a899" />
      <TestMethod codeBase="d:\v2.0\a1\_work\dbded102\vso\tfs\service\webaccess\releasepipeline\testscripts\tests\tests.releasemanagement.definition.objectviewmodel.variables.ts" adapterTypeName="Microsoft.VisualStudio.TestTools.TestTypes.Unit.UnitTestAdapter" className="d:\v2.0\a1\_work\dbded102\vso\tfs\service\webaccess\releasepipeline\testscripts\tests\tests.releasemanagement.definition.objectviewmodel.variables" name="VariablesListObjectViewModelTests Should be able to add empty variables to VariablesListViewModel" />
    </UnitTest>
    <UnitTest name="VariablesListObjectViewModelTests Should not be able to add empty variables to VariablesListViewModel when disableEdit is true" storage="d:\v2.0\a1\_work\dbded102\vso\tfs\service\webaccess\releasepipeline\testscripts\tests\tests.releasemanagement.definition.objectviewmodel.variables.ts" id="a384f3aa-4252-4e6e-991b-b26fa87ac8f0">
      <Execution id="c0f113c6-cdfa-4e6b-86c2-a189f514cc1b" />
      <TestMethod codeBase="d:\v2.0\a1\_work\dbded102\vso\tfs\service\webaccess\releasepipeline\testscripts\tests\tests.releasemanagement.definition.objectviewmodel.variables.ts" adapterTypeName="Microsoft.VisualStudio.TestTools.TestTypes.Unit.UnitTestAdapter" className="d:\v2.0\a1\_work\dbded102\vso\tfs\service\webaccess\releasepipeline\testscripts\tests\tests.releasemanagement.definition.objectviewmodel.variables" name="VariablesListObjectViewModelTests Should not be able to add empty variables to VariablesListViewModel when disableEdit is true" />
    </UnitTest>
    <UnitTest name="VariablesListObjectViewModelTests Should be able to get value appropriately from VariablesListViewModel when no variable is there" storage="d:\v2.0\a1\_work\dbded102\vso\tfs\service\webaccess\releasepipeline\testscripts\tests\tests.releasemanagement.definition.objectviewmodel.variables.ts" id="d726c000-af7f-405a-8405-b9487ac3c415">
      <Execution id="2178f45c-442f-491f-a59a-ec3659fe85a6" />
      <TestMethod codeBase="d:\v2.0\a1\_work\dbded102\vso\tfs\service\webaccess\releasepipeline\testscripts\tests\tests.releasemanagement.definition.objectviewmodel.variables.ts" adapterTypeName="Microsoft.VisualStudio.TestTools.TestTypes.Unit.UnitTestAdapter" className="d:\v2.0\a1\_work\dbded102\vso\tfs\service\webaccess\releasepipeline\testscripts\tests\tests.releasemanagement.definition.objectviewmodel.variables" name="VariablesListObjectViewModelTests Should be able to get value appropriately from VariablesListViewModel when no variable is there" />
    </UnitTest>
    <UnitTest name="VariablesListObjectViewModelTests Should be able to get value appropriately from VariablesListViewModel" storage="d:\v2.0\a1\_work\dbded102\vso\tfs\service\webaccess\releasepipeline\testscripts\tests\tests.releasemanagement.definition.objectviewmodel.variables.ts" id="60231070-ce28-4e17-a975-e7ec460c1aa6">
      <Execution id="bbbbb3c9-85be-435f-878f-1445c78c9966" />
      <TestMethod codeBase="d:\v2.0\a1\_work\dbded102\vso\tfs\service\webaccess\releasepipeline\testscripts\tests\tests.releasemanagement.definition.objectviewmodel.variables.ts" adapterTypeName="Microsoft.VisualStudio.TestTools.TestTypes.Unit.UnitTestAdapter" className="d:\v2.0\a1\_work\dbded102\vso\tfs\service\webaccess\releasepipeline\testscripts\tests\tests.releasemanagement.definition.objectviewmodel.variables" name="VariablesListObjectViewModelTests Should be able to get value appropriately from VariablesListViewModel" />
    </UnitTest>
    <UnitTest name="VariablesListObjectViewModelTests Should be able to get value appropriately from VariablesListViewModel when password is modified" storage="d:\v2.0\a1\_work\dbded102\vso\tfs\service\webaccess\releasepipeline\testscripts\tests\tests.releasemanagement.definition.objectviewmodel.variables.ts" id="180eb33a-01bb-4a59-a01a-33458f181d31">
      <Execution id="7ed362c6-f83d-42b4-b777-3045ac5b8dad" />
      <TestMethod codeBase="d:\v2.0\a1\_work\dbded102\vso\tfs\service\webaccess\releasepipeline\testscripts\tests\tests.releasemanagement.definition.objectviewmodel.variables.ts" adapterTypeName="Microsoft.VisualStudio.TestTools.TestTypes.Unit.UnitTestAdapter" className="d:\v2.0\a1\_work\dbded102\vso\tfs\service\webaccess\releasepipeline\testscripts\tests\tests.releasemanagement.definition.objectviewmodel.variables" name="VariablesListObjectViewModelTests Should be able to get value appropriately from VariablesListViewModel when password is modified" />
    </UnitTest>
    <UnitTest name="VariablesListObjectViewModelTests Should be able to get value appropriately from VariablesListViewModel when variable is added" storage="d:\v2.0\a1\_work\dbded102\vso\tfs\service\webaccess\releasepipeline\testscripts\tests\tests.releasemanagement.definition.objectviewmodel.variables.ts" id="bea44e06-3269-42a3-8898-a88662ce5698">
      <Execution id="e0e67ba6-3456-43b9-b88c-0cbeadf45d08" />
      <TestMethod codeBase="d:\v2.0\a1\_work\dbded102\vso\tfs\service\webaccess\releasepipeline\testscripts\tests\tests.releasemanagement.definition.objectviewmodel.variables.ts" adapterTypeName="Microsoft.VisualStudio.TestTools.TestTypes.Unit.UnitTestAdapter" className="d:\v2.0\a1\_work\dbded102\vso\tfs\service\webaccess\releasepipeline\testscripts\tests\tests.releasemanagement.definition.objectviewmodel.variables" name="VariablesListObjectViewModelTests Should be able to get value appropriately from VariablesListViewModel when variable is added" />
    </UnitTest>
    <UnitTest name="VariablesListObjectViewModelTests Should be able to get value appropriately from VariablesListViewModel when a variable is removed" storage="d:\v2.0\a1\_work\dbded102\vso\tfs\service\webaccess\releasepipeline\testscripts\tests\tests.releasemanagement.definition.objectviewmodel.variables.ts" id="a8d6a42b-765d-4323-b4e3-e9a4d06b2826">
      <Execution id="bcaa5b8c-01fb-4813-a0ee-edd21ac79d80" />
      <TestMethod codeBase="d:\v2.0\a1\_work\dbded102\vso\tfs\service\webaccess\releasepipeline\testscripts\tests\tests.releasemanagement.definition.objectviewmodel.variables.ts" adapterTypeName="Microsoft.VisualStudio.TestTools.TestTypes.Unit.UnitTestAdapter" className="d:\v2.0\a1\_work\dbded102\vso\tfs\service\webaccess\releasepipeline\testscripts\tests\tests.releasemanagement.definition.objectviewmodel.variables" name="VariablesListObjectViewModelTests Should be able to get value appropriately from VariablesListViewModel when a variable is removed" />
    </UnitTest>
    <UnitTest name="VariablesListObjectViewModelTests Should be able to get value appropriately from VariablesListViewModel when variable with duplicate name is added" storage="d:\v2.0\a1\_work\dbded102\vso\tfs\service\webaccess\releasepipeline\testscripts\tests\tests.releasemanagement.definition.objectviewmodel.variables.ts" id="98143ab5-9cdf-43e7-a196-b71ac9edfccf">
      <Execution id="e94fc92e-7db3-48b9-9632-bc65ba47d9c1" />
      <TestMethod codeBase="d:\v2.0\a1\_work\dbded102\vso\tfs\service\webaccess\releasepipeline\testscripts\tests\tests.releasemanagement.definition.objectviewmodel.variables.ts" adapterTypeName="Microsoft.VisualStudio.TestTools.TestTypes.Unit.UnitTestAdapter" className="d:\v2.0\a1\_work\dbded102\vso\tfs\service\webaccess\releasepipeline\testscripts\tests\tests.releasemanagement.definition.objectviewmodel.variables" name="VariablesListObjectViewModelTests Should be able to get value appropriately from VariablesListViewModel when variable with duplicate name is added" />
    </UnitTest>
    <UnitTest name="VariablesListObjectViewModelTests Should be able to get value appropriately from VariablesListViewModel when added invalid variable" storage="d:\v2.0\a1\_work\dbded102\vso\tfs\service\webaccess\releasepipeline\testscripts\tests\tests.releasemanagement.definition.objectviewmodel.variables.ts" id="7dc2079d-01ba-449a-905e-ec1d1e4df9e1">
      <Execution id="ed9ecc8a-13ba-4ddd-9b57-c0eda2d71715" />
      <TestMethod codeBase="d:\v2.0\a1\_work\dbded102\vso\tfs\service\webaccess\releasepipeline\testscripts\tests\tests.releasemanagement.definition.objectviewmodel.variables.ts" adapterTypeName="Microsoft.VisualStudio.TestTools.TestTypes.Unit.UnitTestAdapter" className="d:\v2.0\a1\_work\dbded102\vso\tfs\service\webaccess\releasepipeline\testscripts\tests\tests.releasemanagement.definition.objectviewmodel.variables" name="VariablesListObjectViewModelTests Should be able to get value appropriately from VariablesListViewModel when added invalid variable" />
    </UnitTest>
    <UnitTest name="VariablesListObjectViewModelTests Should be able to remove variable viewModel should be updated and dirty should be true" storage="d:\v2.0\a1\_work\dbded102\vso\tfs\service\webaccess\releasepipeline\testscripts\tests\tests.releasemanagement.definition.objectviewmodel.variables.ts" id="43c47459-8587-41cf-8ef0-f405dd94c58b">
      <Execution id="36ce9d72-31c8-471c-8dec-0cb0ab5c793c" />
      <TestMethod codeBase="d:\v2.0\a1\_work\dbded102\vso\tfs\service\webaccess\releasepipeline\testscripts\tests\tests.releasemanagement.definition.objectviewmodel.variables.ts" adapterTypeName="Microsoft.VisualStudio.TestTools.TestTypes.Unit.UnitTestAdapter" className="d:\v2.0\a1\_work\dbded102\vso\tfs\service\webaccess\releasepipeline\testscripts\tests\tests.releasemanagement.definition.objectviewmodel.variables" name="VariablesListObjectViewModelTests Should be able to remove variable viewModel should be updated and dirty should be true" />
    </UnitTest>
    <UnitTest name="VariablesListObjectViewModelTests Should be able to remove variable when only one variable is present" storage="d:\v2.0\a1\_work\dbded102\vso\tfs\service\webaccess\releasepipeline\testscripts\tests\tests.releasemanagement.definition.objectviewmodel.variables.ts" id="84a07e15-cff9-45c0-9230-c2bc30e49892">
      <Execution id="413dc7b8-b5a4-4e1f-9874-fced7af579b4" />
      <TestMethod codeBase="d:\v2.0\a1\_work\dbded102\vso\tfs\service\webaccess\releasepipeline\testscripts\tests\tests.releasemanagement.definition.objectviewmodel.variables.ts" adapterTypeName="Microsoft.VisualStudio.TestTools.TestTypes.Unit.UnitTestAdapter" className="d:\v2.0\a1\_work\dbded102\vso\tfs\service\webaccess\releasepipeline\testscripts\tests\tests.releasemanagement.definition.objectviewmodel.variables" name="VariablesListObjectViewModelTests Should be able to remove variable when only one variable is present" />
    </UnitTest>
    <UnitTest name="VariablesListObjectViewModelTests  Should be able to persist VariablesListViewModel without any changes" storage="d:\v2.0\a1\_work\dbded102\vso\tfs\service\webaccess\releasepipeline\testscripts\tests\tests.releasemanagement.definition.objectviewmodel.variables.ts" id="7f6c4a77-f729-4855-847e-272086237cf5">
      <Execution id="0696c61d-3745-4fe3-a5aa-b5c81bd8a039" />
      <TestMethod codeBase="d:\v2.0\a1\_work\dbded102\vso\tfs\service\webaccess\releasepipeline\testscripts\tests\tests.releasemanagement.definition.objectviewmodel.variables.ts" adapterTypeName="Microsoft.VisualStudio.TestTools.TestTypes.Unit.UnitTestAdapter" className="d:\v2.0\a1\_work\dbded102\vso\tfs\service\webaccess\releasepipeline\testscripts\tests\tests.releasemanagement.definition.objectviewmodel.variables" name="VariablesListObjectViewModelTests  Should be able to persist VariablesListViewModel without any changes" />
    </UnitTest>
    <UnitTest name="VariablesListObjectViewModelTests Should be able to persist VariablesListViewModel when variable is modified" storage="d:\v2.0\a1\_work\dbded102\vso\tfs\service\webaccess\releasepipeline\testscripts\tests\tests.releasemanagement.definition.objectviewmodel.variables.ts" id="3edf0968-680a-4377-b471-53228ff05bfe">
      <Execution id="fcb19e74-07e9-4cf5-b83c-3c6b841a40ba" />
      <TestMethod codeBase="d:\v2.0\a1\_work\dbded102\vso\tfs\service\webaccess\releasepipeline\testscripts\tests\tests.releasemanagement.definition.objectviewmodel.variables.ts" adapterTypeName="Microsoft.VisualStudio.TestTools.TestTypes.Unit.UnitTestAdapter" className="d:\v2.0\a1\_work\dbded102\vso\tfs\service\webaccess\releasepipeline\testscripts\tests\tests.releasemanagement.definition.objectviewmodel.variables" name="VariablesListObjectViewModelTests Should be able to persist VariablesListViewModel when variable is modified" />
    </UnitTest>
    <UnitTest name="VariablesListObjectViewModelTests  Should be able to persist VariablesListViewModel empty rows" storage="d:\v2.0\a1\_work\dbded102\vso\tfs\service\webaccess\releasepipeline\testscripts\tests\tests.releasemanagement.definition.objectviewmodel.variables.ts" id="d8ded4ce-55c9-4190-bdbe-5b34f1238907">
      <Execution id="2c466060-8526-414b-9184-792964a200b9" />
      <TestMethod codeBase="d:\v2.0\a1\_work\dbded102\vso\tfs\service\webaccess\releasepipeline\testscripts\tests\tests.releasemanagement.definition.objectviewmodel.variables.ts" adapterTypeName="Microsoft.VisualStudio.TestTools.TestTypes.Unit.UnitTestAdapter" className="d:\v2.0\a1\_work\dbded102\vso\tfs\service\webaccess\releasepipeline\testscripts\tests\tests.releasemanagement.definition.objectviewmodel.variables" name="VariablesListObjectViewModelTests  Should be able to persist VariablesListViewModel empty rows" />
    </UnitTest>
    <UnitTest name="VariablesListObjectViewModelTests Should be able to persist VariablesListViewModel when added duplicate name" storage="d:\v2.0\a1\_work\dbded102\vso\tfs\service\webaccess\releasepipeline\testscripts\tests\tests.releasemanagement.definition.objectviewmodel.variables.ts" id="5476bca5-3766-4559-a4fb-770f9fa46d8c">
      <Execution id="3cbd2710-c1f1-4d55-a7e0-eb8a84f4374b" />
      <TestMethod codeBase="d:\v2.0\a1\_work\dbded102\vso\tfs\service\webaccess\releasepipeline\testscripts\tests\tests.releasemanagement.definition.objectviewmodel.variables.ts" adapterTypeName="Microsoft.VisualStudio.TestTools.TestTypes.Unit.UnitTestAdapter" className="d:\v2.0\a1\_work\dbded102\vso\tfs\service\webaccess\releasepipeline\testscripts\tests\tests.releasemanagement.definition.objectviewmodel.variables" name="VariablesListObjectViewModelTests Should be able to persist VariablesListViewModel when added duplicate name" />
    </UnitTest>
    <UnitTest name="VariablesListObjectViewModelTests Should be able to persist VariablesListViewModel when added invalid variable" storage="d:\v2.0\a1\_work\dbded102\vso\tfs\service\webaccess\releasepipeline\testscripts\tests\tests.releasemanagement.definition.objectviewmodel.variables.ts" id="2e086d2b-5667-4a1e-8ade-799de374385a">
      <Execution id="98a097d3-2ac0-4320-8dd7-31d0ad22355c" />
      <TestMethod codeBase="d:\v2.0\a1\_work\dbded102\vso\tfs\service\webaccess\releasepipeline\testscripts\tests\tests.releasemanagement.definition.objectviewmodel.variables.ts" adapterTypeName="Microsoft.VisualStudio.TestTools.TestTypes.Unit.UnitTestAdapter" className="d:\v2.0\a1\_work\dbded102\vso\tfs\service\webaccess\releasepipeline\testscripts\tests\tests.releasemanagement.definition.objectviewmodel.variables" name="VariablesListObjectViewModelTests Should be able to persist VariablesListViewModel when added invalid variable" />
    </UnitTest>
    <UnitTest name="VariablesListObjectViewModelTests Should be able to persist VariablesListViewModel when added a new variable" storage="d:\v2.0\a1\_work\dbded102\vso\tfs\service\webaccess\releasepipeline\testscripts\tests\tests.releasemanagement.definition.objectviewmodel.variables.ts" id="aa86203a-2677-4f28-90ef-952397749236">
      <Execution id="dd45c43d-9155-4fd0-8ce0-32fc2ff2c237" />
      <TestMethod codeBase="d:\v2.0\a1\_work\dbded102\vso\tfs\service\webaccess\releasepipeline\testscripts\tests\tests.releasemanagement.definition.objectviewmodel.variables.ts" adapterTypeName="Microsoft.VisualStudio.TestTools.TestTypes.Unit.UnitTestAdapter" className="d:\v2.0\a1\_work\dbded102\vso\tfs\service\webaccess\releasepipeline\testscripts\tests\tests.releasemanagement.definition.objectviewmodel.variables" name="VariablesListObjectViewModelTests Should be able to persist VariablesListViewModel when added a new variable" />
    </UnitTest>
    <UnitTest name="VariablesListObjectViewModelTests Should be able to persist VariablesListViewModel when added a new variable in sorted order" storage="d:\v2.0\a1\_work\dbded102\vso\tfs\service\webaccess\releasepipeline\testscripts\tests\tests.releasemanagement.definition.objectviewmodel.variables.ts" id="06973e05-ad53-4f58-a00c-a9f74ef73e3a">
      <Execution id="c2d4301e-2562-41f3-bf4c-15a00996637c" />
      <TestMethod codeBase="d:\v2.0\a1\_work\dbded102\vso\tfs\service\webaccess\releasepipeline\testscripts\tests\tests.releasemanagement.definition.objectviewmodel.variables.ts" adapterTypeName="Microsoft.VisualStudio.TestTools.TestTypes.Unit.UnitTestAdapter" className="d:\v2.0\a1\_work\dbded102\vso\tfs\service\webaccess\releasepipeline\testscripts\tests\tests.releasemanagement.definition.objectviewmodel.variables" name="VariablesListObjectViewModelTests Should be able to persist VariablesListViewModel when added a new variable in sorted order" />
    </UnitTest>
    <UnitTest name="VariablesListObjectViewModelTests Should be able to persist VariablesListViewModel when removed a variable" storage="d:\v2.0\a1\_work\dbded102\vso\tfs\service\webaccess\releasepipeline\testscripts\tests\tests.releasemanagement.definition.objectviewmodel.variables.ts" id="e1714e90-969a-4079-a746-f36c9312089f">
      <Execution id="494b9101-6d74-4b82-8cbf-0a93bc155d66" />
      <TestMethod codeBase="d:\v2.0\a1\_work\dbded102\vso\tfs\service\webaccess\releasepipeline\testscripts\tests\tests.releasemanagement.definition.objectviewmodel.variables.ts" adapterTypeName="Microsoft.VisualStudio.TestTools.TestTypes.Unit.UnitTestAdapter" className="d:\v2.0\a1\_work\dbded102\vso\tfs\service\webaccess\releasepipeline\testscripts\tests\tests.releasemanagement.definition.objectviewmodel.variables" name="VariablesListObjectViewModelTests Should be able to persist VariablesListViewModel when removed a variable" />
    </UnitTest>
    <UnitTest name="VariablesListObjectViewModelTests Should be able to persist VariablesListViewModel when removed a variable if only one variable is present" storage="d:\v2.0\a1\_work\dbded102\vso\tfs\service\webaccess\releasepipeline\testscripts\tests\tests.releasemanagement.definition.objectviewmodel.variables.ts" id="84213069-93d7-4307-af6a-da30bc8b4797">
      <Execution id="06b8f7b2-9490-45f5-bffa-beff3599975e" />
      <TestMethod codeBase="d:\v2.0\a1\_work\dbded102\vso\tfs\service\webaccess\releasepipeline\testscripts\tests\tests.releasemanagement.definition.objectviewmodel.variables.ts" adapterTypeName="Microsoft.VisualStudio.TestTools.TestTypes.Unit.UnitTestAdapter" className="d:\v2.0\a1\_work\dbded102\vso\tfs\service\webaccess\releasepipeline\testscripts\tests\tests.releasemanagement.definition.objectviewmodel.variables" name="VariablesListObjectViewModelTests Should be able to persist VariablesListViewModel when removed a variable if only one variable is present" />
    </UnitTest>
    <UnitTest name="VariablesListObjectViewModelTests  Should be able to revert VariablesListViewModel without any changes" storage="d:\v2.0\a1\_work\dbded102\vso\tfs\service\webaccess\releasepipeline\testscripts\tests\tests.releasemanagement.definition.objectviewmodel.variables.ts" id="8ab91394-7d34-45f1-bcf1-62ee43e82bd2">
      <Execution id="91b4929b-d147-4fd6-9f29-8dbd0f94c4ca" />
      <TestMethod codeBase="d:\v2.0\a1\_work\dbded102\vso\tfs\service\webaccess\releasepipeline\testscripts\tests\tests.releasemanagement.definition.objectviewmodel.variables.ts" adapterTypeName="Microsoft.VisualStudio.TestTools.TestTypes.Unit.UnitTestAdapter" className="d:\v2.0\a1\_work\dbded102\vso\tfs\service\webaccess\releasepipeline\testscripts\tests\tests.releasemanagement.definition.objectviewmodel.variables" name="VariablesListObjectViewModelTests  Should be able to revert VariablesListViewModel without any changes" />
    </UnitTest>
    <UnitTest name="VariablesListObjectViewModelTests  Should be able to revert VariablesListViewModel empty rows" storage="d:\v2.0\a1\_work\dbded102\vso\tfs\service\webaccess\releasepipeline\testscripts\tests\tests.releasemanagement.definition.objectviewmodel.variables.ts" id="2372ec35-431d-4d06-b77d-a040b0335116">
      <Execution id="6407772b-2c7f-49b4-a8ec-14d65f8b5c69" />
      <TestMethod codeBase="d:\v2.0\a1\_work\dbded102\vso\tfs\service\webaccess\releasepipeline\testscripts\tests\tests.releasemanagement.definition.objectviewmodel.variables.ts" adapterTypeName="Microsoft.VisualStudio.TestTools.TestTypes.Unit.UnitTestAdapter" className="d:\v2.0\a1\_work\dbded102\vso\tfs\service\webaccess\releasepipeline\testscripts\tests\tests.releasemanagement.definition.objectviewmodel.variables" name="VariablesListObjectViewModelTests  Should be able to revert VariablesListViewModel empty rows" />
    </UnitTest>
    <UnitTest name="VariablesListObjectViewModelTests Should be able to revert VariablesListViewModel when added duplicate name" storage="d:\v2.0\a1\_work\dbded102\vso\tfs\service\webaccess\releasepipeline\testscripts\tests\tests.releasemanagement.definition.objectviewmodel.variables.ts" id="2cef3e82-46a4-4d2e-9c49-c42248892ac8">
      <Execution id="fa808a22-32ee-49f6-a691-d67733a5e8b7" />
      <TestMethod codeBase="d:\v2.0\a1\_work\dbded102\vso\tfs\service\webaccess\releasepipeline\testscripts\tests\tests.releasemanagement.definition.objectviewmodel.variables.ts" adapterTypeName="Microsoft.VisualStudio.TestTools.TestTypes.Unit.UnitTestAdapter" className="d:\v2.0\a1\_work\dbded102\vso\tfs\service\webaccess\releasepipeline\testscripts\tests\tests.releasemanagement.definition.objectviewmodel.variables" name="VariablesListObjectViewModelTests Should be able to revert VariablesListViewModel when added duplicate name" />
    </UnitTest>
    <UnitTest name="VariablesListObjectViewModelTests Should be able to revert VariablesListViewModel when added invalid variable" storage="d:\v2.0\a1\_work\dbded102\vso\tfs\service\webaccess\releasepipeline\testscripts\tests\tests.releasemanagement.definition.objectviewmodel.variables.ts" id="f84ae6e2-6491-4b6b-abe6-6ea03dba2f92">
      <Execution id="c18286fc-5338-48f1-814b-0ec4de05b982" />
      <TestMethod codeBase="d:\v2.0\a1\_work\dbded102\vso\tfs\service\webaccess\releasepipeline\testscripts\tests\tests.releasemanagement.definition.objectviewmodel.variables.ts" adapterTypeName="Microsoft.VisualStudio.TestTools.TestTypes.Unit.UnitTestAdapter" className="d:\v2.0\a1\_work\dbded102\vso\tfs\service\webaccess\releasepipeline\testscripts\tests\tests.releasemanagement.definition.objectviewmodel.variables" name="VariablesListObjectViewModelTests Should be able to revert VariablesListViewModel when added invalid variable" />
    </UnitTest>
    <UnitTest name="VariablesListObjectViewModelTests Should be able to revert VariablesListViewModel when added a new variable" storage="d:\v2.0\a1\_work\dbded102\vso\tfs\service\webaccess\releasepipeline\testscripts\tests\tests.releasemanagement.definition.objectviewmodel.variables.ts" id="5f4d2302-8638-4316-b3db-e921b2c5a0df">
      <Execution id="d6a8eadc-c30b-4869-a4a1-caf908bbcf45" />
      <TestMethod codeBase="d:\v2.0\a1\_work\dbded102\vso\tfs\service\webaccess\releasepipeline\testscripts\tests\tests.releasemanagement.definition.objectviewmodel.variables.ts" adapterTypeName="Microsoft.VisualStudio.TestTools.TestTypes.Unit.UnitTestAdapter" className="d:\v2.0\a1\_work\dbded102\vso\tfs\service\webaccess\releasepipeline\testscripts\tests\tests.releasemanagement.definition.objectviewmodel.variables" name="VariablesListObjectViewModelTests Should be able to revert VariablesListViewModel when added a new variable" />
    </UnitTest>
    <UnitTest name="VariablesListObjectViewModelTests Should be able to revert VariablesListViewModel when removed a variable" storage="d:\v2.0\a1\_work\dbded102\vso\tfs\service\webaccess\releasepipeline\testscripts\tests\tests.releasemanagement.definition.objectviewmodel.variables.ts" id="1ce61a69-faf3-4ce8-92b5-32a73110d711">
      <Execution id="583b8d0b-6bdf-479d-b4d4-5d1699eb097e" />
      <TestMethod codeBase="d:\v2.0\a1\_work\dbded102\vso\tfs\service\webaccess\releasepipeline\testscripts\tests\tests.releasemanagement.definition.objectviewmodel.variables.ts" adapterTypeName="Microsoft.VisualStudio.TestTools.TestTypes.Unit.UnitTestAdapter" className="d:\v2.0\a1\_work\dbded102\vso\tfs\service\webaccess\releasepipeline\testscripts\tests\tests.releasemanagement.definition.objectviewmodel.variables" name="VariablesListObjectViewModelTests Should be able to revert VariablesListViewModel when removed a variable" />
    </UnitTest>
    <UnitTest name="VariablesListObjectViewModelTests Should be able to revert VariablesListViewModel when removed a variable if only one variable is present" storage="d:\v2.0\a1\_work\dbded102\vso\tfs\service\webaccess\releasepipeline\testscripts\tests\tests.releasemanagement.definition.objectviewmodel.variables.ts" id="d518d6c6-a340-427d-8212-bb9f95d5af61">
      <Execution id="5d053b75-106b-46f2-83f9-5474ee846987" />
      <TestMethod codeBase="d:\v2.0\a1\_work\dbded102\vso\tfs\service\webaccess\releasepipeline\testscripts\tests\tests.releasemanagement.definition.objectviewmodel.variables.ts" adapterTypeName="Microsoft.VisualStudio.TestTools.TestTypes.Unit.UnitTestAdapter" className="d:\v2.0\a1\_work\dbded102\vso\tfs\service\webaccess\releasepipeline\testscripts\tests\tests.releasemanagement.definition.objectviewmodel.variables" name="VariablesListObjectViewModelTests Should be able to revert VariablesListViewModel when removed a variable if only one variable is present" />
    </UnitTest>
    <UnitTest name="VariablesListObjectViewModelTests Should be able to revert VariablesListViewModel when variable is modified" storage="d:\v2.0\a1\_work\dbded102\vso\tfs\service\webaccess\releasepipeline\testscripts\tests\tests.releasemanagement.definition.objectviewmodel.variables.ts" id="680f0c1b-746d-4358-bb75-bf71da0c91a4">
      <Execution id="c1f33736-6762-40ce-9d40-1a7dd6d8ec55" />
      <TestMethod codeBase="d:\v2.0\a1\_work\dbded102\vso\tfs\service\webaccess\releasepipeline\testscripts\tests\tests.releasemanagement.definition.objectviewmodel.variables.ts" adapterTypeName="Microsoft.VisualStudio.TestTools.TestTypes.Unit.UnitTestAdapter" className="d:\v2.0\a1\_work\dbded102\vso\tfs\service\webaccess\releasepipeline\testscripts\tests\tests.releasemanagement.definition.objectviewmodel.variables" name="VariablesListObjectViewModelTests Should be able to revert VariablesListViewModel when variable is modified" />
    </UnitTest>
    <UnitTest name="EnvironmentConfigurationPivotHubModalDialogVariablesTests Should be able to modify and save EnvironmentConfigurationPivotHubModalDialog corretly" storage="d:\v2.0\a1\_work\dbded102\vso\tfs\service\webaccess\releasepipeline\testscripts\tests\tests.releasemanagement.definition.objectviewmodel.variables.ts" id="7cf365b7-6689-46ef-a8e3-01c8e4027451">
      <Execution id="5b2708cf-b3f4-494a-9999-2ca1f0ee3be0" />
      <TestMethod codeBase="d:\v2.0\a1\_work\dbded102\vso\tfs\service\webaccess\releasepipeline\testscripts\tests\tests.releasemanagement.definition.objectviewmodel.variables.ts" adapterTypeName="Microsoft.VisualStudio.TestTools.TestTypes.Unit.UnitTestAdapter" className="d:\v2.0\a1\_work\dbded102\vso\tfs\service\webaccess\releasepipeline\testscripts\tests\tests.releasemanagement.definition.objectviewmodel.variables" name="EnvironmentConfigurationPivotHubModalDialogVariablesTests Should be able to modify and save EnvironmentConfigurationPivotHubModalDialog corretly" />
    </UnitTest>
    <UnitTest name="EnvironmentConfigurationPivotHubModalDialogVariablesTests Should be able to modify and cancel EnvironmentConfigurationPivotHubModalDialog corretly" storage="d:\v2.0\a1\_work\dbded102\vso\tfs\service\webaccess\releasepipeline\testscripts\tests\tests.releasemanagement.definition.objectviewmodel.variables.ts" id="434148d6-680a-40c3-98c8-efb6d15b4bc5">
      <Execution id="b3559a40-58fd-4176-a584-1b1b659f9447" />
      <TestMethod codeBase="d:\v2.0\a1\_work\dbded102\vso\tfs\service\webaccess\releasepipeline\testscripts\tests\tests.releasemanagement.definition.objectviewmodel.variables.ts" adapterTypeName="Microsoft.VisualStudio.TestTools.TestTypes.Unit.UnitTestAdapter" className="d:\v2.0\a1\_work\dbded102\vso\tfs\service\webaccess\releasepipeline\testscripts\tests\tests.releasemanagement.definition.objectviewmodel.variables" name="EnvironmentConfigurationPivotHubModalDialogVariablesTests Should be able to modify and cancel EnvironmentConfigurationPivotHubModalDialog corretly" />
    </UnitTest>
    <UnitTest name="EnvironmentConfigurationPivotHubModalDialogVariablesTests Should be able to modify and save modified EnvironmentConfigurationPivotHubModalDialog corretly" storage="d:\v2.0\a1\_work\dbded102\vso\tfs\service\webaccess\releasepipeline\testscripts\tests\tests.releasemanagement.definition.objectviewmodel.variables.ts" id="e05e4712-b57d-4fad-aae1-bf70a61fb59f">
      <Execution id="6c326d94-dd49-44af-967d-ee111ea263e2" />
      <TestMethod codeBase="d:\v2.0\a1\_work\dbded102\vso\tfs\service\webaccess\releasepipeline\testscripts\tests\tests.releasemanagement.definition.objectviewmodel.variables.ts" adapterTypeName="Microsoft.VisualStudio.TestTools.TestTypes.Unit.UnitTestAdapter" className="d:\v2.0\a1\_work\dbded102\vso\tfs\service\webaccess\releasepipeline\testscripts\tests\tests.releasemanagement.definition.objectviewmodel.variables" name="EnvironmentConfigurationPivotHubModalDialogVariablesTests Should be able to modify and save modified EnvironmentConfigurationPivotHubModalDialog corretly" />
    </UnitTest>
    <UnitTest name="EnvironmentConfigurationPivotHubModalDialogVariablesTests Should be able to modify and cancel EnvironmentConfigurationPivotHubModalDialog corretly" storage="d:\v2.0\a1\_work\dbded102\vso\tfs\service\webaccess\releasepipeline\testscripts\tests\tests.releasemanagement.definition.objectviewmodel.variables.ts" id="213fec2a-f970-4d04-821b-c17f3dd9e352">
      <Execution id="fdafb175-6437-404c-9f34-176bd593fed5" />
      <TestMethod codeBase="d:\v2.0\a1\_work\dbded102\vso\tfs\service\webaccess\releasepipeline\testscripts\tests\tests.releasemanagement.definition.objectviewmodel.variables.ts" adapterTypeName="Microsoft.VisualStudio.TestTools.TestTypes.Unit.UnitTestAdapter" className="d:\v2.0\a1\_work\dbded102\vso\tfs\service\webaccess\releasepipeline\testscripts\tests\tests.releasemanagement.definition.objectviewmodel.variables" name="EnvironmentConfigurationPivotHubModalDialogVariablesTests Should be able to modify and cancel EnvironmentConfigurationPivotHubModalDialog corretly" />
    </UnitTest>
    <UnitTest name="EnvironmentConfigurationPopupDialogVariablesTests Should be able to modify and cancel EnvironmentConfigurationPopupDialog correctly when the Environment is already dirty" storage="d:\v2.0\a1\_work\dbded102\vso\tfs\service\webaccess\releasepipeline\testscripts\tests\tests.releasemanagement.definition.objectviewmodel.variables.ts" id="536a9584-0bda-451c-85c9-86c08032b19b">
      <Execution id="4949e952-4109-450f-bc7e-0c51edca2215" />
      <TestMethod codeBase="d:\v2.0\a1\_work\dbded102\vso\tfs\service\webaccess\releasepipeline\testscripts\tests\tests.releasemanagement.definition.objectviewmodel.variables.ts" adapterTypeName="Microsoft.VisualStudio.TestTools.TestTypes.Unit.UnitTestAdapter" className="d:\v2.0\a1\_work\dbded102\vso\tfs\service\webaccess\releasepipeline\testscripts\tests\tests.releasemanagement.definition.objectviewmodel.variables" name="EnvironmentConfigurationPopupDialogVariablesTests Should be able to modify and cancel EnvironmentConfigurationPopupDialog correctly when the Environment is already dirty" />
    </UnitTest>
    <UnitTest name="EnvironmentConfigurationPopupDialogVariablesTests Should be able to show and cancel EnvironmentConfigurationPopupDialog correctly when the Environment is already dirty" storage="d:\v2.0\a1\_work\dbded102\vso\tfs\service\webaccess\releasepipeline\testscripts\tests\tests.releasemanagement.definition.objectviewmodel.variables.ts" id="e4f81705-99a7-4a4a-af8a-70e7e1d09b45">
      <Execution id="dd24a620-0db8-4453-9699-ddbb1b18f157" />
      <TestMethod codeBase="d:\v2.0\a1\_work\dbded102\vso\tfs\service\webaccess\releasepipeline\testscripts\tests\tests.releasemanagement.definition.objectviewmodel.variables.ts" adapterTypeName="Microsoft.VisualStudio.TestTools.TestTypes.Unit.UnitTestAdapter" className="d:\v2.0\a1\_work\dbded102\vso\tfs\service\webaccess\releasepipeline\testscripts\tests\tests.releasemanagement.definition.objectviewmodel.variables" name="EnvironmentConfigurationPopupDialogVariablesTests Should be able to show and cancel EnvironmentConfigurationPopupDialog correctly when the Environment is already dirty" />
    </UnitTest>
    <UnitTest name="EnvironmentConfigurationPopupDialogVariablesTests Should be able to modify and cancel EnvironmentConfigurationPopupDialog correctly when the Environment is not originally dirty" storage="d:\v2.0\a1\_work\dbded102\vso\tfs\service\webaccess\releasepipeline\testscripts\tests\tests.releasemanagement.definition.objectviewmodel.variables.ts" id="2d627ca1-c84e-483f-88c6-6acce48875da">
      <Execution id="37c9c3bf-f32f-4690-b7da-a6bba6ec69b0" />
      <TestMethod codeBase="d:\v2.0\a1\_work\dbded102\vso\tfs\service\webaccess\releasepipeline\testscripts\tests\tests.releasemanagement.definition.objectviewmodel.variables.ts" adapterTypeName="Microsoft.VisualStudio.TestTools.TestTypes.Unit.UnitTestAdapter" className="d:\v2.0\a1\_work\dbded102\vso\tfs\service\webaccess\releasepipeline\testscripts\tests\tests.releasemanagement.definition.objectviewmodel.variables" name="EnvironmentConfigurationPopupDialogVariablesTests Should be able to modify and cancel EnvironmentConfigurationPopupDialog correctly when the Environment is not originally dirty" />
    </UnitTest>
    <UnitTest name="EnvironmentConfigurationPopupDialogVariablesTests Should be able to show and cancel EnvironmentConfigurationPopupDialog correctly when the Environment is not originally dirty" storage="d:\v2.0\a1\_work\dbded102\vso\tfs\service\webaccess\releasepipeline\testscripts\tests\tests.releasemanagement.definition.objectviewmodel.variables.ts" id="70fcb8f9-fa08-492a-9ea2-55503203be36">
      <Execution id="2755b422-0e90-4eeb-9406-5507ec2880ba" />
      <TestMethod codeBase="d:\v2.0\a1\_work\dbded102\vso\tfs\service\webaccess\releasepipeline\testscripts\tests\tests.releasemanagement.definition.objectviewmodel.variables.ts" adapterTypeName="Microsoft.VisualStudio.TestTools.TestTypes.Unit.UnitTestAdapter" className="d:\v2.0\a1\_work\dbded102\vso\tfs\service\webaccess\releasepipeline\testscripts\tests\tests.releasemanagement.definition.objectviewmodel.variables" name="EnvironmentConfigurationPopupDialogVariablesTests Should be able to show and cancel EnvironmentConfigurationPopupDialog correctly when the Environment is not originally dirty" />
    </UnitTest>
    <UnitTest name="LogDetailsControl Approving a preApproval must trigger refresh of release logs view and change the status of the approval to approved" storage="d:\v2.0\a1\_work\dbded102\vso\tfs\service\webaccess\releasepipeline\testscripts\tests\tests.releasemanagement.controls.logdetailscontrol.ts" id="169ec140-7d56-4e1c-9b35-d68c2e158a3d">
      <Execution id="d176a0ea-61f1-470e-b679-e7be558b2da0" />
      <TestMethod codeBase="d:\v2.0\a1\_work\dbded102\vso\tfs\service\webaccess\releasepipeline\testscripts\tests\tests.releasemanagement.controls.logdetailscontrol.ts" adapterTypeName="Microsoft.VisualStudio.TestTools.TestTypes.Unit.UnitTestAdapter" className="d:\v2.0\a1\_work\dbded102\vso\tfs\service\webaccess\releasepipeline\testscripts\tests\tests.releasemanagement.controls.logdetailscontrol" name="LogDetailsControl Approving a preApproval must trigger refresh of release logs view and change the status of the approval to approved" />
    </UnitTest>
    <UnitTest name="LogDetailsControl Approving a postApproval must trigger refresh of release logs view and change the status of the approval to approved" storage="d:\v2.0\a1\_work\dbded102\vso\tfs\service\webaccess\releasepipeline\testscripts\tests\tests.releasemanagement.controls.logdetailscontrol.ts" id="69c65484-6074-460c-ae5c-72ea813405e6">
      <Execution id="2ce11405-6309-4f17-a57a-e41a04a3e427" />
      <TestMethod codeBase="d:\v2.0\a1\_work\dbded102\vso\tfs\service\webaccess\releasepipeline\testscripts\tests\tests.releasemanagement.controls.logdetailscontrol.ts" adapterTypeName="Microsoft.VisualStudio.TestTools.TestTypes.Unit.UnitTestAdapter" className="d:\v2.0\a1\_work\dbded102\vso\tfs\service\webaccess\releasepipeline\testscripts\tests\tests.releasemanagement.controls.logdetailscontrol" name="LogDetailsControl Approving a postApproval must trigger refresh of release logs view and change the status of the approval to approved" />
    </UnitTest>
    <UnitTest name="LogDetailsControl Rejecting a preApproval must trigger refresh of release logs view and change the status of the approval to rejected" storage="d:\v2.0\a1\_work\dbded102\vso\tfs\service\webaccess\releasepipeline\testscripts\tests\tests.releasemanagement.controls.logdetailscontrol.ts" id="80637180-5ba2-4a9b-a196-af8df659494f">
      <Execution id="d7116a14-a875-47d3-9ca6-5c3902f2d65a" />
      <TestMethod codeBase="d:\v2.0\a1\_work\dbded102\vso\tfs\service\webaccess\releasepipeline\testscripts\tests\tests.releasemanagement.controls.logdetailscontrol.ts" adapterTypeName="Microsoft.VisualStudio.TestTools.TestTypes.Unit.UnitTestAdapter" className="d:\v2.0\a1\_work\dbded102\vso\tfs\service\webaccess\releasepipeline\testscripts\tests\tests.releasemanagement.controls.logdetailscontrol" name="LogDetailsControl Rejecting a preApproval must trigger refresh of release logs view and change the status of the approval to rejected" />
    </UnitTest>
    <UnitTest name="LogDetailsControl Rejecting a postApproval must trigger refresh of release logs view and change the status of the approval to rejected" storage="d:\v2.0\a1\_work\dbded102\vso\tfs\service\webaccess\releasepipeline\testscripts\tests\tests.releasemanagement.controls.logdetailscontrol.ts" id="6d4b9346-a163-4be9-990c-931a991df1e2">
      <Execution id="65330455-063e-4882-ae8b-17c1bdf82476" />
      <TestMethod codeBase="d:\v2.0\a1\_work\dbded102\vso\tfs\service\webaccess\releasepipeline\testscripts\tests\tests.releasemanagement.controls.logdetailscontrol.ts" adapterTypeName="Microsoft.VisualStudio.TestTools.TestTypes.Unit.UnitTestAdapter" className="d:\v2.0\a1\_work\dbded102\vso\tfs\service\webaccess\releasepipeline\testscripts\tests\tests.releasemanagement.controls.logdetailscontrol" name="LogDetailsControl Rejecting a postApproval must trigger refresh of release logs view and change the status of the approval to rejected" />
    </UnitTest>
    <UnitTest name="LogDetailsControl PreApproval:Approve/Rject button should be shown when an approval waiting on current user" storage="d:\v2.0\a1\_work\dbded102\vso\tfs\service\webaccess\releasepipeline\testscripts\tests\tests.releasemanagement.controls.logdetailscontrol.ts" id="81d1523d-97e0-4e1a-b3e7-33e43f6488dc">
      <Execution id="1c1fd5a6-d864-4366-82fb-512750665b88" />
      <TestMethod codeBase="d:\v2.0\a1\_work\dbded102\vso\tfs\service\webaccess\releasepipeline\testscripts\tests\tests.releasemanagement.controls.logdetailscontrol.ts" adapterTypeName="Microsoft.VisualStudio.TestTools.TestTypes.Unit.UnitTestAdapter" className="d:\v2.0\a1\_work\dbded102\vso\tfs\service\webaccess\releasepipeline\testscripts\tests\tests.releasemanagement.controls.logdetailscontrol" name="LogDetailsControl PreApproval:Approve/Rject button should be shown when an approval waiting on current user" />
    </UnitTest>
    <UnitTest name="LogDetailsControl PostApproval:Approve/Rject button should be shown when an approval waiting on current user" storage="d:\v2.0\a1\_work\dbded102\vso\tfs\service\webaccess\releasepipeline\testscripts\tests\tests.releasemanagement.controls.logdetailscontrol.ts" id="96275acd-e076-48f4-a217-79fc251dd41d">
      <Execution id="ced11c32-0dbe-4c77-a568-a15fd9efc41c" />
      <TestMethod codeBase="d:\v2.0\a1\_work\dbded102\vso\tfs\service\webaccess\releasepipeline\testscripts\tests\tests.releasemanagement.controls.logdetailscontrol.ts" adapterTypeName="Microsoft.VisualStudio.TestTools.TestTypes.Unit.UnitTestAdapter" className="d:\v2.0\a1\_work\dbded102\vso\tfs\service\webaccess\releasepipeline\testscripts\tests\tests.releasemanagement.controls.logdetailscontrol" name="LogDetailsControl PostApproval:Approve/Rject button should be shown when an approval waiting on current user" />
    </UnitTest>
    <UnitTest name="LogDetailsControl PreApproval:Pending approval state should be shown when an approval waiting on other user" storage="d:\v2.0\a1\_work\dbded102\vso\tfs\service\webaccess\releasepipeline\testscripts\tests\tests.releasemanagement.controls.logdetailscontrol.ts" id="d39e70d2-7c21-4429-bec1-d3539edfa43c">
      <Execution id="95d2b96d-4d3e-40e2-9c14-35792ba0a229" />
      <TestMethod codeBase="d:\v2.0\a1\_work\dbded102\vso\tfs\service\webaccess\releasepipeline\testscripts\tests\tests.releasemanagement.controls.logdetailscontrol.ts" adapterTypeName="Microsoft.VisualStudio.TestTools.TestTypes.Unit.UnitTestAdapter" className="d:\v2.0\a1\_work\dbded102\vso\tfs\service\webaccess\releasepipeline\testscripts\tests\tests.releasemanagement.controls.logdetailscontrol" name="LogDetailsControl PreApproval:Pending approval state should be shown when an approval waiting on other user" />
    </UnitTest>
    <UnitTest name="LogDetailsControl PostApproval:Pending approval state should be shown when an approval waiting on other user" storage="d:\v2.0\a1\_work\dbded102\vso\tfs\service\webaccess\releasepipeline\testscripts\tests\tests.releasemanagement.controls.logdetailscontrol.ts" id="67d28af3-266b-48fc-8024-7db24fe6e9ae">
      <Execution id="96c34785-393b-4847-b3fa-bdfa61256dbd" />
      <TestMethod codeBase="d:\v2.0\a1\_work\dbded102\vso\tfs\service\webaccess\releasepipeline\testscripts\tests\tests.releasemanagement.controls.logdetailscontrol.ts" adapterTypeName="Microsoft.VisualStudio.TestTools.TestTypes.Unit.UnitTestAdapter" className="d:\v2.0\a1\_work\dbded102\vso\tfs\service\webaccess\releasepipeline\testscripts\tests\tests.releasemanagement.controls.logdetailscontrol" name="LogDetailsControl PostApproval:Pending approval state should be shown when an approval waiting on other user" />
    </UnitTest>
    <UnitTest name="LogDetailsControl PreApproval:ViewApproval state should be shown when an approval is approved by current user" storage="d:\v2.0\a1\_work\dbded102\vso\tfs\service\webaccess\releasepipeline\testscripts\tests\tests.releasemanagement.controls.logdetailscontrol.ts" id="a1506e5b-cdb8-4014-a04e-cb49e20d25be">
      <Execution id="6a989f4e-fc1b-46fd-9bed-99327a20c187" />
      <TestMethod codeBase="d:\v2.0\a1\_work\dbded102\vso\tfs\service\webaccess\releasepipeline\testscripts\tests\tests.releasemanagement.controls.logdetailscontrol.ts" adapterTypeName="Microsoft.VisualStudio.TestTools.TestTypes.Unit.UnitTestAdapter" className="d:\v2.0\a1\_work\dbded102\vso\tfs\service\webaccess\releasepipeline\testscripts\tests\tests.releasemanagement.controls.logdetailscontrol" name="LogDetailsControl PreApproval:ViewApproval state should be shown when an approval is approved by current user" />
    </UnitTest>
    <UnitTest name="LogDetailsControl PostApproval:ViewApproval state should be shown when an approval is approved by other user" storage="d:\v2.0\a1\_work\dbded102\vso\tfs\service\webaccess\releasepipeline\testscripts\tests\tests.releasemanagement.controls.logdetailscontrol.ts" id="9da1f869-a507-4bf9-94d9-86ca1f4b8e12">
      <Execution id="52ace210-8505-4614-b123-c894c6e16a6e" />
      <TestMethod codeBase="d:\v2.0\a1\_work\dbded102\vso\tfs\service\webaccess\releasepipeline\testscripts\tests\tests.releasemanagement.controls.logdetailscontrol.ts" adapterTypeName="Microsoft.VisualStudio.TestTools.TestTypes.Unit.UnitTestAdapter" className="d:\v2.0\a1\_work\dbded102\vso\tfs\service\webaccess\releasepipeline\testscripts\tests\tests.releasemanagement.controls.logdetailscontrol" name="LogDetailsControl PostApproval:ViewApproval state should be shown when an approval is approved by other user" />
    </UnitTest>
    <UnitTest name="LogDetailsControl PostApproval:ViewApproval state should be shown when an approval is Canceled by other user" storage="d:\v2.0\a1\_work\dbded102\vso\tfs\service\webaccess\releasepipeline\testscripts\tests\tests.releasemanagement.controls.logdetailscontrol.ts" id="5320fb39-3e0c-4c4f-b01b-903c43631e2c">
      <Execution id="a6a56086-f17c-46c5-b639-d33713b5ce93" />
      <TestMethod codeBase="d:\v2.0\a1\_work\dbded102\vso\tfs\service\webaccess\releasepipeline\testscripts\tests\tests.releasemanagement.controls.logdetailscontrol.ts" adapterTypeName="Microsoft.VisualStudio.TestTools.TestTypes.Unit.UnitTestAdapter" className="d:\v2.0\a1\_work\dbded102\vso\tfs\service\webaccess\releasepipeline\testscripts\tests\tests.releasemanagement.controls.logdetailscontrol" name="LogDetailsControl PostApproval:ViewApproval state should be shown when an approval is Canceled by other user" />
    </UnitTest>
    <UnitTest name="LogDetailsControl PreApproval:ViewApproval state should be shown when an approval is Rejected by current user" storage="d:\v2.0\a1\_work\dbded102\vso\tfs\service\webaccess\releasepipeline\testscripts\tests\tests.releasemanagement.controls.logdetailscontrol.ts" id="d32a35ac-a1be-40ea-85cf-ae24926de104">
      <Execution id="c88d8f40-6c05-44f3-b717-e9330f205f16" />
      <TestMethod codeBase="d:\v2.0\a1\_work\dbded102\vso\tfs\service\webaccess\releasepipeline\testscripts\tests\tests.releasemanagement.controls.logdetailscontrol.ts" adapterTypeName="Microsoft.VisualStudio.TestTools.TestTypes.Unit.UnitTestAdapter" className="d:\v2.0\a1\_work\dbded102\vso\tfs\service\webaccess\releasepipeline\testscripts\tests\tests.releasemanagement.controls.logdetailscontrol" name="LogDetailsControl PreApproval:ViewApproval state should be shown when an approval is Rejected by current user" />
    </UnitTest>
    <UnitTest name="LogDetailsControl PostApproval:ViewApproval state should be shown when an approval is Reassigned by current user" storage="d:\v2.0\a1\_work\dbded102\vso\tfs\service\webaccess\releasepipeline\testscripts\tests\tests.releasemanagement.controls.logdetailscontrol.ts" id="74a3584a-2ac0-4666-8554-cfeed0329c38">
      <Execution id="6d8ea46a-1199-4832-a146-a794b302f046" />
      <TestMethod codeBase="d:\v2.0\a1\_work\dbded102\vso\tfs\service\webaccess\releasepipeline\testscripts\tests\tests.releasemanagement.controls.logdetailscontrol.ts" adapterTypeName="Microsoft.VisualStudio.TestTools.TestTypes.Unit.UnitTestAdapter" className="d:\v2.0\a1\_work\dbded102\vso\tfs\service\webaccess\releasepipeline\testscripts\tests\tests.releasemanagement.controls.logdetailscontrol" name="LogDetailsControl PostApproval:ViewApproval state should be shown when an approval is Reassigned by current user" />
    </UnitTest>
    <UnitTest name="LogDetailsControl PostApproval:ViewApproval state should be shown when an approval is Undefined" storage="d:\v2.0\a1\_work\dbded102\vso\tfs\service\webaccess\releasepipeline\testscripts\tests\tests.releasemanagement.controls.logdetailscontrol.ts" id="9773d54a-1e76-4fb5-b92b-0b4d64bd6b82">
      <Execution id="6d9869f9-1ef4-44c2-8d51-588cfb16d46c" />
      <TestMethod codeBase="d:\v2.0\a1\_work\dbded102\vso\tfs\service\webaccess\releasepipeline\testscripts\tests\tests.releasemanagement.controls.logdetailscontrol.ts" adapterTypeName="Microsoft.VisualStudio.TestTools.TestTypes.Unit.UnitTestAdapter" className="d:\v2.0\a1\_work\dbded102\vso\tfs\service\webaccess\releasepipeline\testscripts\tests\tests.releasemanagement.controls.logdetailscontrol" name="LogDetailsControl PostApproval:ViewApproval state should be shown when an approval is Undefined" />
    </UnitTest>
    <UnitTest name="LogDetailsControl PostApproval:ViewApproval state should be shown when an approval is Approved and it is automated" storage="d:\v2.0\a1\_work\dbded102\vso\tfs\service\webaccess\releasepipeline\testscripts\tests\tests.releasemanagement.controls.logdetailscontrol.ts" id="b2d4dd6a-dee0-4015-a63c-fd0a53d800a7">
      <Execution id="8faaccb7-a79b-4526-a65a-17da57871a34" />
      <TestMethod codeBase="d:\v2.0\a1\_work\dbded102\vso\tfs\service\webaccess\releasepipeline\testscripts\tests\tests.releasemanagement.controls.logdetailscontrol.ts" adapterTypeName="Microsoft.VisualStudio.TestTools.TestTypes.Unit.UnitTestAdapter" className="d:\v2.0\a1\_work\dbded102\vso\tfs\service\webaccess\releasepipeline\testscripts\tests\tests.releasemanagement.controls.logdetailscontrol" name="LogDetailsControl PostApproval:ViewApproval state should be shown when an approval is Approved and it is automated" />
    </UnitTest>
    <UnitTest name="AllDefinitionsNodeViewModelTests AllDefinitionsNodeViewModel should derive from FolderNodeViewModel" storage="d:\v2.0\a1\_work\dbded102\vso\tfs\service\webaccess\releasepipeline\testscripts\tests\tests.releasemanagement.explorer.alldefinitionsnodeviewmodel.ts" id="1ef2200b-b15e-43b5-87dc-1f5102e0c8e8">
      <Execution id="287339f9-bfca-40a6-9d2e-9847447f019e" />
      <TestMethod codeBase="d:\v2.0\a1\_work\dbded102\vso\tfs\service\webaccess\releasepipeline\testscripts\tests\tests.releasemanagement.explorer.alldefinitionsnodeviewmodel.ts" adapterTypeName="Microsoft.VisualStudio.TestTools.TestTypes.Unit.UnitTestAdapter" className="d:\v2.0\a1\_work\dbded102\vso\tfs\service\webaccess\releasepipeline\testscripts\tests\tests.releasemanagement.explorer.alldefinitionsnodeviewmodel" name="AllDefinitionsNodeViewModelTests AllDefinitionsNodeViewModel should derive from FolderNodeViewModel" />
    </UnitTest>
    <UnitTest name="AllDefinitionsNodeViewModelTests AllDefinitionsNodeViewModel constructor should call base constructor with proper label" storage="d:\v2.0\a1\_work\dbded102\vso\tfs\service\webaccess\releasepipeline\testscripts\tests\tests.releasemanagement.explorer.alldefinitionsnodeviewmodel.ts" id="6825e54b-bac9-4cbf-b537-90b01cf246d6">
      <Execution id="27b20ce0-75c2-4d22-ba97-cbe6fe6b11f6" />
      <TestMethod codeBase="d:\v2.0\a1\_work\dbded102\vso\tfs\service\webaccess\releasepipeline\testscripts\tests\tests.releasemanagement.explorer.alldefinitionsnodeviewmodel.ts" adapterTypeName="Microsoft.VisualStudio.TestTools.TestTypes.Unit.UnitTestAdapter" className="d:\v2.0\a1\_work\dbded102\vso\tfs\service\webaccess\releasepipeline\testscripts\tests\tests.releasemanagement.explorer.alldefinitionsnodeviewmodel" name="AllDefinitionsNodeViewModelTests AllDefinitionsNodeViewModel constructor should call base constructor with proper label" />
    </UnitTest>
    <UnitTest name="AllDefinitionsNodeViewModelTests AllDefinitionsNodeViewModel's default empty folder node text should be proper" storage="d:\v2.0\a1\_work\dbded102\vso\tfs\service\webaccess\releasepipeline\testscripts\tests\tests.releasemanagement.explorer.alldefinitionsnodeviewmodel.ts" id="cfe66ec7-afdd-4945-9692-8c4a29ad3e4e">
      <Execution id="5ed14853-4c82-4237-a4dc-6ea66c122997" />
      <TestMethod codeBase="d:\v2.0\a1\_work\dbded102\vso\tfs\service\webaccess\releasepipeline\testscripts\tests\tests.releasemanagement.explorer.alldefinitionsnodeviewmodel.ts" adapterTypeName="Microsoft.VisualStudio.TestTools.TestTypes.Unit.UnitTestAdapter" className="d:\v2.0\a1\_work\dbded102\vso\tfs\service\webaccess\releasepipeline\testscripts\tests\tests.releasemanagement.explorer.alldefinitionsnodeviewmodel" name="AllDefinitionsNodeViewModelTests AllDefinitionsNodeViewModel's default empty folder node text should be proper" />
    </UnitTest>
    <UnitTest name="AllDefinitionsNodeViewModelTests Successful refresh should call the result callback" storage="d:\v2.0\a1\_work\dbded102\vso\tfs\service\webaccess\releasepipeline\testscripts\tests\tests.releasemanagement.explorer.alldefinitionsnodeviewmodel.ts" id="1a3d8ddb-22f0-4ffb-b6d3-d9ab8aba1b1b">
      <Execution id="7acb9ef6-558b-4e05-a730-9763cebf2209" />
      <TestMethod codeBase="d:\v2.0\a1\_work\dbded102\vso\tfs\service\webaccess\releasepipeline\testscripts\tests\tests.releasemanagement.explorer.alldefinitionsnodeviewmodel.ts" adapterTypeName="Microsoft.VisualStudio.TestTools.TestTypes.Unit.UnitTestAdapter" className="d:\v2.0\a1\_work\dbded102\vso\tfs\service\webaccess\releasepipeline\testscripts\tests\tests.releasemanagement.explorer.alldefinitionsnodeviewmodel" name="AllDefinitionsNodeViewModelTests Successful refresh should call the result callback" />
    </UnitTest>
    <UnitTest name="AllDefinitionsNodeViewModelTests Refresh should populate all release definitions in sorted Order" storage="d:\v2.0\a1\_work\dbded102\vso\tfs\service\webaccess\releasepipeline\testscripts\tests\tests.releasemanagement.explorer.alldefinitionsnodeviewmodel.ts" id="d82234c8-fd20-4506-974b-dd3c5842d43b">
      <Execution id="84985e6b-a058-49fe-ad04-3942bdb9a922" />
      <TestMethod codeBase="d:\v2.0\a1\_work\dbded102\vso\tfs\service\webaccess\releasepipeline\testscripts\tests\tests.releasemanagement.explorer.alldefinitionsnodeviewmodel.ts" adapterTypeName="Microsoft.VisualStudio.TestTools.TestTypes.Unit.UnitTestAdapter" className="d:\v2.0\a1\_work\dbded102\vso\tfs\service\webaccess\releasepipeline\testscripts\tests\tests.releasemanagement.explorer.alldefinitionsnodeviewmodel" name="AllDefinitionsNodeViewModelTests Refresh should populate all release definitions in sorted Order" />
    </UnitTest>
    <UnitTest name="AllDefinitionsNodeViewModelTests Test apply filter with good filter" storage="d:\v2.0\a1\_work\dbded102\vso\tfs\service\webaccess\releasepipeline\testscripts\tests\tests.releasemanagement.explorer.alldefinitionsnodeviewmodel.ts" id="bc6914d5-1bc5-4592-9639-f2405eb104e4">
      <Execution id="23619960-fb1d-4922-9c8b-ebe02a7cdcd3" />
      <TestMethod codeBase="d:\v2.0\a1\_work\dbded102\vso\tfs\service\webaccess\releasepipeline\testscripts\tests\tests.releasemanagement.explorer.alldefinitionsnodeviewmodel.ts" adapterTypeName="Microsoft.VisualStudio.TestTools.TestTypes.Unit.UnitTestAdapter" className="d:\v2.0\a1\_work\dbded102\vso\tfs\service\webaccess\releasepipeline\testscripts\tests\tests.releasemanagement.explorer.alldefinitionsnodeviewmodel" name="AllDefinitionsNodeViewModelTests Test apply filter with good filter" />
    </UnitTest>
    <UnitTest name="AllDefinitionsNodeViewModelTests Test apply filter with empty filter, this is how we clear the filter" storage="d:\v2.0\a1\_work\dbded102\vso\tfs\service\webaccess\releasepipeline\testscripts\tests\tests.releasemanagement.explorer.alldefinitionsnodeviewmodel.ts" id="b31656f0-6785-4028-96ee-e03fe57a0de6">
      <Execution id="c8152c3a-6f89-4ed5-b0e1-1ae85bf3f5af" />
      <TestMethod codeBase="d:\v2.0\a1\_work\dbded102\vso\tfs\service\webaccess\releasepipeline\testscripts\tests\tests.releasemanagement.explorer.alldefinitionsnodeviewmodel.ts" adapterTypeName="Microsoft.VisualStudio.TestTools.TestTypes.Unit.UnitTestAdapter" className="d:\v2.0\a1\_work\dbded102\vso\tfs\service\webaccess\releasepipeline\testscripts\tests\tests.releasemanagement.explorer.alldefinitionsnodeviewmodel" name="AllDefinitionsNodeViewModelTests Test apply filter with empty filter, this is how we clear the filter" />
    </UnitTest>
    <UnitTest name="AllDefinitionsNodeViewModelTests Test apply filter with no definitions matching the filter" storage="d:\v2.0\a1\_work\dbded102\vso\tfs\service\webaccess\releasepipeline\testscripts\tests\tests.releasemanagement.explorer.alldefinitionsnodeviewmodel.ts" id="8bce5986-5788-4b6c-91ed-c3217469345f">
      <Execution id="7f81b967-d018-4d66-b5a2-fc37c1f881f5" />
      <TestMethod codeBase="d:\v2.0\a1\_work\dbded102\vso\tfs\service\webaccess\releasepipeline\testscripts\tests\tests.releasemanagement.explorer.alldefinitionsnodeviewmodel.ts" adapterTypeName="Microsoft.VisualStudio.TestTools.TestTypes.Unit.UnitTestAdapter" className="d:\v2.0\a1\_work\dbded102\vso\tfs\service\webaccess\releasepipeline\testscripts\tests\tests.releasemanagement.explorer.alldefinitionsnodeviewmodel" name="AllDefinitionsNodeViewModelTests Test apply filter with no definitions matching the filter" />
    </UnitTest>
    <UnitTest name="DefinitionNodeViewModelTests DefinitionNodeViewModel should derive from TreeNodeViewModel" storage="d:\v2.0\a1\_work\dbded102\vso\tfs\service\webaccess\releasepipeline\testscripts\tests\tests.releasemanagement.explorer.definitionnodeviewmodel.ts" id="82948118-f143-4e85-9b51-48f869d89b74">
      <Execution id="2943fb2f-ed65-45bb-be14-6f9d38d9471d" />
      <TestMethod codeBase="d:\v2.0\a1\_work\dbded102\vso\tfs\service\webaccess\releasepipeline\testscripts\tests\tests.releasemanagement.explorer.definitionnodeviewmodel.ts" adapterTypeName="Microsoft.VisualStudio.TestTools.TestTypes.Unit.UnitTestAdapter" className="d:\v2.0\a1\_work\dbded102\vso\tfs\service\webaccess\releasepipeline\testscripts\tests\tests.releasemanagement.explorer.definitionnodeviewmodel" name="DefinitionNodeViewModelTests DefinitionNodeViewModel should derive from TreeNodeViewModel" />
    </UnitTest>
    <UnitTest name="DefinitionNodeViewModelTests DefinitionNodeViewModel should not derive from FolderNodeViewModel" storage="d:\v2.0\a1\_work\dbded102\vso\tfs\service\webaccess\releasepipeline\testscripts\tests\tests.releasemanagement.explorer.definitionnodeviewmodel.ts" id="17ad08a8-c919-4e6d-84de-8ce036a553be">
      <Execution id="7ea0dd72-ae67-417c-9f65-dae336ead7b5" />
      <TestMethod codeBase="d:\v2.0\a1\_work\dbded102\vso\tfs\service\webaccess\releasepipeline\testscripts\tests\tests.releasemanagement.explorer.definitionnodeviewmodel.ts" adapterTypeName="Microsoft.VisualStudio.TestTools.TestTypes.Unit.UnitTestAdapter" className="d:\v2.0\a1\_work\dbded102\vso\tfs\service\webaccess\releasepipeline\testscripts\tests\tests.releasemanagement.explorer.definitionnodeviewmodel" name="DefinitionNodeViewModelTests DefinitionNodeViewModel should not derive from FolderNodeViewModel" />
    </UnitTest>
    <UnitTest name="DefinitionNodeViewModelTests DefinitionNodeViewModel constructor should call base constructor with proper label" storage="d:\v2.0\a1\_work\dbded102\vso\tfs\service\webaccess\releasepipeline\testscripts\tests\tests.releasemanagement.explorer.definitionnodeviewmodel.ts" id="a9e01c64-45b3-4cba-a16a-fe9f8f39b495">
      <Execution id="ba381b5f-a759-4816-8dc1-09c8db9dd006" />
      <TestMethod codeBase="d:\v2.0\a1\_work\dbded102\vso\tfs\service\webaccess\releasepipeline\testscripts\tests\tests.releasemanagement.explorer.definitionnodeviewmodel.ts" adapterTypeName="Microsoft.VisualStudio.TestTools.TestTypes.Unit.UnitTestAdapter" className="d:\v2.0\a1\_work\dbded102\vso\tfs\service\webaccess\releasepipeline\testscripts\tests\tests.releasemanagement.explorer.definitionnodeviewmodel" name="DefinitionNodeViewModelTests DefinitionNodeViewModel constructor should call base constructor with proper label" />
    </UnitTest>
    <UnitTest name="FavoritesNodeViewModelTests FavoritesNodeViewModel should derive from FolderNodeViewModel" storage="d:\v2.0\a1\_work\dbded102\vso\tfs\service\webaccess\releasepipeline\testscripts\tests\tests.releasemanagement.explorer.favoritesnodeviewmodel.ts" id="3891dc03-66d5-499b-a88f-aeace12e4cc1">
      <Execution id="17f4e4e0-d43a-4a1a-9d83-5b0e176c4dcc" />
      <TestMethod codeBase="d:\v2.0\a1\_work\dbded102\vso\tfs\service\webaccess\releasepipeline\testscripts\tests\tests.releasemanagement.explorer.favoritesnodeviewmodel.ts" adapterTypeName="Microsoft.VisualStudio.TestTools.TestTypes.Unit.UnitTestAdapter" className="d:\v2.0\a1\_work\dbded102\vso\tfs\service\webaccess\releasepipeline\testscripts\tests\tests.releasemanagement.explorer.favoritesnodeviewmodel" name="FavoritesNodeViewModelTests FavoritesNodeViewModel should derive from FolderNodeViewModel" />
    </UnitTest>
    <UnitTest name="FavoritesNodeViewModelTests FavoritesNodeViewModel constructor should call base constructor with proper label" storage="d:\v2.0\a1\_work\dbded102\vso\tfs\service\webaccess\releasepipeline\testscripts\tests\tests.releasemanagement.explorer.favoritesnodeviewmodel.ts" id="b4225de4-6278-4c59-b6a8-2a8afc1a9fa7">
      <Execution id="d4b7a93b-54a8-4bb7-b2f7-6114d83522c5" />
      <TestMethod codeBase="d:\v2.0\a1\_work\dbded102\vso\tfs\service\webaccess\releasepipeline\testscripts\tests\tests.releasemanagement.explorer.favoritesnodeviewmodel.ts" adapterTypeName="Microsoft.VisualStudio.TestTools.TestTypes.Unit.UnitTestAdapter" className="d:\v2.0\a1\_work\dbded102\vso\tfs\service\webaccess\releasepipeline\testscripts\tests\tests.releasemanagement.explorer.favoritesnodeviewmodel" name="FavoritesNodeViewModelTests FavoritesNodeViewModel constructor should call base constructor with proper label" />
    </UnitTest>
    <UnitTest name="FavoritesNodeViewModelTests FavoritesNodeViewModel's default empty folder node text should be proper" storage="d:\v2.0\a1\_work\dbded102\vso\tfs\service\webaccess\releasepipeline\testscripts\tests\tests.releasemanagement.explorer.favoritesnodeviewmodel.ts" id="2a81f55b-4731-4632-a071-4b2b6a486921">
      <Execution id="82deafdd-5cc4-48c8-92fa-f435151309ba" />
      <TestMethod codeBase="d:\v2.0\a1\_work\dbded102\vso\tfs\service\webaccess\releasepipeline\testscripts\tests\tests.releasemanagement.explorer.favoritesnodeviewmodel.ts" adapterTypeName="Microsoft.VisualStudio.TestTools.TestTypes.Unit.UnitTestAdapter" className="d:\v2.0\a1\_work\dbded102\vso\tfs\service\webaccess\releasepipeline\testscripts\tests\tests.releasemanagement.explorer.favoritesnodeviewmodel" name="FavoritesNodeViewModelTests FavoritesNodeViewModel's default empty folder node text should be proper" />
    </UnitTest>
    <UnitTest name="FolderNodeViewModelTests FolderNodeViewModel should derive from TreeNodeViewModel" storage="d:\v2.0\a1\_work\dbded102\vso\tfs\service\webaccess\releasepipeline\testscripts\tests\tests.releasemanagement.explorer.foldernodeviewmodel.ts" id="79efba3d-28c3-400f-8d0c-6737e824d4cd">
      <Execution id="19e8fb41-3d3a-4697-921d-47f9bd18e31b" />
      <TestMethod codeBase="d:\v2.0\a1\_work\dbded102\vso\tfs\service\webaccess\releasepipeline\testscripts\tests\tests.releasemanagement.explorer.foldernodeviewmodel.ts" adapterTypeName="Microsoft.VisualStudio.TestTools.TestTypes.Unit.UnitTestAdapter" className="d:\v2.0\a1\_work\dbded102\vso\tfs\service\webaccess\releasepipeline\testscripts\tests\tests.releasemanagement.explorer.foldernodeviewmodel" name="FolderNodeViewModelTests FolderNodeViewModel should derive from TreeNodeViewModel" />
    </UnitTest>
    <UnitTest name="FolderNodeViewModelTests FolderNodeViewModel constructor should call base constructor with proper label" storage="d:\v2.0\a1\_work\dbded102\vso\tfs\service\webaccess\releasepipeline\testscripts\tests\tests.releasemanagement.explorer.foldernodeviewmodel.ts" id="cfd1b0e8-7543-4760-a2d8-e3ccf21498c9">
      <Execution id="3e9fdc1c-f3e6-49c6-a395-54292cda8aa2" />
      <TestMethod codeBase="d:\v2.0\a1\_work\dbded102\vso\tfs\service\webaccess\releasepipeline\testscripts\tests\tests.releasemanagement.explorer.foldernodeviewmodel.ts" adapterTypeName="Microsoft.VisualStudio.TestTools.TestTypes.Unit.UnitTestAdapter" className="d:\v2.0\a1\_work\dbded102\vso\tfs\service\webaccess\releasepipeline\testscripts\tests\tests.releasemanagement.explorer.foldernodeviewmodel" name="FolderNodeViewModelTests FolderNodeViewModel constructor should call base constructor with proper label" />
    </UnitTest>
    <UnitTest name="FolderNodeViewModelTests FolderNodeViewModel's default empty folder node text should be empty" storage="d:\v2.0\a1\_work\dbded102\vso\tfs\service\webaccess\releasepipeline\testscripts\tests\tests.releasemanagement.explorer.foldernodeviewmodel.ts" id="2c902db9-8372-41e8-9f1f-d3680351b759">
      <Execution id="b286fa87-ec21-417f-88ef-9e998b819f26" />
      <TestMethod codeBase="d:\v2.0\a1\_work\dbded102\vso\tfs\service\webaccess\releasepipeline\testscripts\tests\tests.releasemanagement.explorer.foldernodeviewmodel.ts" adapterTypeName="Microsoft.VisualStudio.TestTools.TestTypes.Unit.UnitTestAdapter" className="d:\v2.0\a1\_work\dbded102\vso\tfs\service\webaccess\releasepipeline\testscripts\tests\tests.releasemanagement.explorer.foldernodeviewmodel" name="FolderNodeViewModelTests FolderNodeViewModel's default empty folder node text should be empty" />
    </UnitTest>
    <UnitTest name="ReleaseDefinitionExplorerViewModelTests Constructor should initialize root node properly" storage="d:\v2.0\a1\_work\dbded102\vso\tfs\service\webaccess\releasepipeline\testscripts\tests\tests.releasemanagement.explorer.releasedefinitionexplorerviewmodel.ts" id="a8487e79-1585-40f7-b897-fc013266e830">
      <Execution id="8138d193-a1e3-4706-8772-72c24ec5f47d" />
      <TestMethod codeBase="d:\v2.0\a1\_work\dbded102\vso\tfs\service\webaccess\releasepipeline\testscripts\tests\tests.releasemanagement.explorer.releasedefinitionexplorerviewmodel.ts" adapterTypeName="Microsoft.VisualStudio.TestTools.TestTypes.Unit.UnitTestAdapter" className="d:\v2.0\a1\_work\dbded102\vso\tfs\service\webaccess\releasepipeline\testscripts\tests\tests.releasemanagement.explorer.releasedefinitionexplorerviewmodel" name="ReleaseDefinitionExplorerViewModelTests Constructor should initialize root node properly" />
    </UnitTest>
    <UnitTest name="ReleaseDefinitionExplorerViewModelTests Constructor should create 1 folder" storage="d:\v2.0\a1\_work\dbded102\vso\tfs\service\webaccess\releasepipeline\testscripts\tests\tests.releasemanagement.explorer.releasedefinitionexplorerviewmodel.ts" id="92cf2bf0-2e26-44db-b326-e674f3387218">
      <Execution id="107a413b-dd16-4931-b306-6846c632e0e6" />
      <TestMethod codeBase="d:\v2.0\a1\_work\dbded102\vso\tfs\service\webaccess\releasepipeline\testscripts\tests\tests.releasemanagement.explorer.releasedefinitionexplorerviewmodel.ts" adapterTypeName="Microsoft.VisualStudio.TestTools.TestTypes.Unit.UnitTestAdapter" className="d:\v2.0\a1\_work\dbded102\vso\tfs\service\webaccess\releasepipeline\testscripts\tests\tests.releasemanagement.explorer.releasedefinitionexplorerviewmodel" name="ReleaseDefinitionExplorerViewModelTests Constructor should create 1 folder" />
    </UnitTest>
    <UnitTest name="ReleaseDefinitionExplorerViewModelTests Constructor should initialize all release definitions node" storage="d:\v2.0\a1\_work\dbded102\vso\tfs\service\webaccess\releasepipeline\testscripts\tests\tests.releasemanagement.explorer.releasedefinitionexplorerviewmodel.ts" id="e8385543-008f-4f66-9dec-21b514f70284">
      <Execution id="c21cad97-1cba-4729-8a7b-783c845213c7" />
      <TestMethod codeBase="d:\v2.0\a1\_work\dbded102\vso\tfs\service\webaccess\releasepipeline\testscripts\tests\tests.releasemanagement.explorer.releasedefinitionexplorerviewmodel.ts" adapterTypeName="Microsoft.VisualStudio.TestTools.TestTypes.Unit.UnitTestAdapter" className="d:\v2.0\a1\_work\dbded102\vso\tfs\service\webaccess\releasepipeline\testscripts\tests\tests.releasemanagement.explorer.releasedefinitionexplorerviewmodel" name="ReleaseDefinitionExplorerViewModelTests Constructor should initialize all release definitions node" />
    </UnitTest>
    <UnitTest name="ReleaseDefinitionExplorerViewModelTests Successful refresh should populate all definitions node" storage="d:\v2.0\a1\_work\dbded102\vso\tfs\service\webaccess\releasepipeline\testscripts\tests\tests.releasemanagement.explorer.releasedefinitionexplorerviewmodel.ts" id="02ef6881-0043-4dac-b5d4-afba7beee46a">
      <Execution id="db06dad5-9779-4fdd-a562-a11931cdf9fa" />
      <TestMethod codeBase="d:\v2.0\a1\_work\dbded102\vso\tfs\service\webaccess\releasepipeline\testscripts\tests\tests.releasemanagement.explorer.releasedefinitionexplorerviewmodel.ts" adapterTypeName="Microsoft.VisualStudio.TestTools.TestTypes.Unit.UnitTestAdapter" className="d:\v2.0\a1\_work\dbded102\vso\tfs\service\webaccess\releasepipeline\testscripts\tests\tests.releasemanagement.explorer.releasedefinitionexplorerviewmodel" name="ReleaseDefinitionExplorerViewModelTests Successful refresh should populate all definitions node" />
    </UnitTest>
    <UnitTest name="ReleaseDefinitionExplorerViewModelTests Successful refresh should call result callback once" storage="d:\v2.0\a1\_work\dbded102\vso\tfs\service\webaccess\releasepipeline\testscripts\tests\tests.releasemanagement.explorer.releasedefinitionexplorerviewmodel.ts" id="11bf941d-6982-4d97-9e7d-2488179993a2">
      <Execution id="81e5707a-2efc-4544-95f2-701d8e318c14" />
      <TestMethod codeBase="d:\v2.0\a1\_work\dbded102\vso\tfs\service\webaccess\releasepipeline\testscripts\tests\tests.releasemanagement.explorer.releasedefinitionexplorerviewmodel.ts" adapterTypeName="Microsoft.VisualStudio.TestTools.TestTypes.Unit.UnitTestAdapter" className="d:\v2.0\a1\_work\dbded102\vso\tfs\service\webaccess\releasepipeline\testscripts\tests\tests.releasemanagement.explorer.releasedefinitionexplorerviewmodel" name="ReleaseDefinitionExplorerViewModelTests Successful refresh should call result callback once" />
    </UnitTest>
    <UnitTest name="ReleaseDefinitionExplorerViewModelTests select should select the release definition" storage="d:\v2.0\a1\_work\dbded102\vso\tfs\service\webaccess\releasepipeline\testscripts\tests\tests.releasemanagement.explorer.releasedefinitionexplorerviewmodel.ts" id="d4a50454-0623-457f-a39b-549d4d15f3c7">
      <Execution id="e75760b9-6d2c-4e90-8a6b-aadbaf511c30" />
      <TestMethod codeBase="d:\v2.0\a1\_work\dbded102\vso\tfs\service\webaccess\releasepipeline\testscripts\tests\tests.releasemanagement.explorer.releasedefinitionexplorerviewmodel.ts" adapterTypeName="Microsoft.VisualStudio.TestTools.TestTypes.Unit.UnitTestAdapter" className="d:\v2.0\a1\_work\dbded102\vso\tfs\service\webaccess\releasepipeline\testscripts\tests\tests.releasemanagement.explorer.releasedefinitionexplorerviewmodel" name="ReleaseDefinitionExplorerViewModelTests select should select the release definition" />
    </UnitTest>
    <UnitTest name="ReleaseDefinitionExplorerViewModelTests select should callback refreshReleasesDelegate when release definition selected with refreshRelease flag as true" storage="d:\v2.0\a1\_work\dbded102\vso\tfs\service\webaccess\releasepipeline\testscripts\tests\tests.releasemanagement.explorer.releasedefinitionexplorerviewmodel.ts" id="3032255e-1297-4187-b2e2-b62d55a7e0e0">
      <Execution id="b8e9398c-a99d-44d8-9f10-beff737a6ac9" />
      <TestMethod codeBase="d:\v2.0\a1\_work\dbded102\vso\tfs\service\webaccess\releasepipeline\testscripts\tests\tests.releasemanagement.explorer.releasedefinitionexplorerviewmodel.ts" adapterTypeName="Microsoft.VisualStudio.TestTools.TestTypes.Unit.UnitTestAdapter" className="d:\v2.0\a1\_work\dbded102\vso\tfs\service\webaccess\releasepipeline\testscripts\tests\tests.releasemanagement.explorer.releasedefinitionexplorerviewmodel" name="ReleaseDefinitionExplorerViewModelTests select should callback refreshReleasesDelegate when release definition selected with refreshRelease flag as true" />
    </UnitTest>
    <UnitTest name="ReleaseDefinitionExplorerViewModelTests select should not callback refreshReleasesDelegate when release definition selected with refreshRelease flag as false" storage="d:\v2.0\a1\_work\dbded102\vso\tfs\service\webaccess\releasepipeline\testscripts\tests\tests.releasemanagement.explorer.releasedefinitionexplorerviewmodel.ts" id="3d0ac370-0ff7-473b-b26f-ba2fdb83cec6">
      <Execution id="978b005f-2128-47ef-87fd-12fc8b6075fc" />
      <TestMethod codeBase="d:\v2.0\a1\_work\dbded102\vso\tfs\service\webaccess\releasepipeline\testscripts\tests\tests.releasemanagement.explorer.releasedefinitionexplorerviewmodel.ts" adapterTypeName="Microsoft.VisualStudio.TestTools.TestTypes.Unit.UnitTestAdapter" className="d:\v2.0\a1\_work\dbded102\vso\tfs\service\webaccess\releasepipeline\testscripts\tests\tests.releasemanagement.explorer.releasedefinitionexplorerviewmodel" name="ReleaseDefinitionExplorerViewModelTests select should not callback refreshReleasesDelegate when release definition selected with refreshRelease flag as false" />
    </UnitTest>
    <UnitTest name="ReleaseDefinitionExplorerViewModelTests select should not callback refreshReleasesDelegate when the selected release definition does not change" storage="d:\v2.0\a1\_work\dbded102\vso\tfs\service\webaccess\releasepipeline\testscripts\tests\tests.releasemanagement.explorer.releasedefinitionexplorerviewmodel.ts" id="64994653-05ff-40b0-99f4-d8ec0c0a1be6">
      <Execution id="2d39826c-8ea3-4670-accc-27d5cbdafe3a" />
      <TestMethod codeBase="d:\v2.0\a1\_work\dbded102\vso\tfs\service\webaccess\releasepipeline\testscripts\tests\tests.releasemanagement.explorer.releasedefinitionexplorerviewmodel.ts" adapterTypeName="Microsoft.VisualStudio.TestTools.TestTypes.Unit.UnitTestAdapter" className="d:\v2.0\a1\_work\dbded102\vso\tfs\service\webaccess\releasepipeline\testscripts\tests\tests.releasemanagement.explorer.releasedefinitionexplorerviewmodel" name="ReleaseDefinitionExplorerViewModelTests select should not callback refreshReleasesDelegate when the selected release definition does not change" />
    </UnitTest>
    <UnitTest name="ReleaseDefinitionExplorerViewModelTests select should callback refreshReleasesDelegate when we request the releases to be refreshed always" storage="d:\v2.0\a1\_work\dbded102\vso\tfs\service\webaccess\releasepipeline\testscripts\tests\tests.releasemanagement.explorer.releasedefinitionexplorerviewmodel.ts" id="6e330d93-9841-4d1a-9905-a51c8e96e809">
      <Execution id="f8e0d160-50f6-46d8-ba60-31f123141551" />
      <TestMethod codeBase="d:\v2.0\a1\_work\dbded102\vso\tfs\service\webaccess\releasepipeline\testscripts\tests\tests.releasemanagement.explorer.releasedefinitionexplorerviewmodel.ts" adapterTypeName="Microsoft.VisualStudio.TestTools.TestTypes.Unit.UnitTestAdapter" className="d:\v2.0\a1\_work\dbded102\vso\tfs\service\webaccess\releasepipeline\testscripts\tests\tests.releasemanagement.explorer.releasedefinitionexplorerviewmodel" name="ReleaseDefinitionExplorerViewModelTests select should callback refreshReleasesDelegate when we request the releases to be refreshed always" />
    </UnitTest>
    <UnitTest name="ReleaseDefinitionExplorerViewModelTests Default selected release defintion should correspond to All releases" storage="d:\v2.0\a1\_work\dbded102\vso\tfs\service\webaccess\releasepipeline\testscripts\tests\tests.releasemanagement.explorer.releasedefinitionexplorerviewmodel.ts" id="32743931-1929-47a2-8a41-7303bbdffdb4">
      <Execution id="d0960ac9-bd76-486e-b1bd-8e422df35c41" />
      <TestMethod codeBase="d:\v2.0\a1\_work\dbded102\vso\tfs\service\webaccess\releasepipeline\testscripts\tests\tests.releasemanagement.explorer.releasedefinitionexplorerviewmodel.ts" adapterTypeName="Microsoft.VisualStudio.TestTools.TestTypes.Unit.UnitTestAdapter" className="d:\v2.0\a1\_work\dbded102\vso\tfs\service\webaccess\releasepipeline\testscripts\tests\tests.releasemanagement.explorer.releasedefinitionexplorerviewmodel" name="ReleaseDefinitionExplorerViewModelTests Default selected release defintion should correspond to All releases" />
    </UnitTest>
    <UnitTest name="ReleaseDefinitionExplorerViewModelTests Filter all release definitions should apply filter on release definitions." storage="d:\v2.0\a1\_work\dbded102\vso\tfs\service\webaccess\releasepipeline\testscripts\tests\tests.releasemanagement.explorer.releasedefinitionexplorerviewmodel.ts" id="133087e5-f4c7-4fd5-b275-0f05357a9f91">
      <Execution id="27f2ee8b-db25-4b68-9c6b-993d91bfc263" />
      <TestMethod codeBase="d:\v2.0\a1\_work\dbded102\vso\tfs\service\webaccess\releasepipeline\testscripts\tests\tests.releasemanagement.explorer.releasedefinitionexplorerviewmodel.ts" adapterTypeName="Microsoft.VisualStudio.TestTools.TestTypes.Unit.UnitTestAdapter" className="d:\v2.0\a1\_work\dbded102\vso\tfs\service\webaccess\releasepipeline\testscripts\tests\tests.releasemanagement.explorer.releasedefinitionexplorerviewmodel.ts::releasedefinitionexplorerviewmodeltests::filter all release definitions should apply filter on release definitions" name="ReleaseDefinitionExplorerViewModelTests Filter all release definitions should apply filter on release definitions." />
    </UnitTest>
    <UnitTest name="ReleaseExplorerViewModelTests Test constructor" storage="d:\v2.0\a1\_work\dbded102\vso\tfs\service\webaccess\releasepipeline\testscripts\tests\tests.releasemanagement.explorer.releaseexplorerviewmodel.ts" id="a5ea0f0a-6506-4f3d-adb7-ea822299195c">
      <Execution id="38112238-49ce-42c8-b03e-db328c0ff3a6" />
      <TestMethod codeBase="d:\v2.0\a1\_work\dbded102\vso\tfs\service\webaccess\releasepipeline\testscripts\tests\tests.releasemanagement.explorer.releaseexplorerviewmodel.ts" adapterTypeName="Microsoft.VisualStudio.TestTools.TestTypes.Unit.UnitTestAdapter" className="d:\v2.0\a1\_work\dbded102\vso\tfs\service\webaccess\releasepipeline\testscripts\tests\tests.releasemanagement.explorer.releaseexplorerviewmodel" name="ReleaseExplorerViewModelTests Test constructor" />
    </UnitTest>
    <UnitTest name="ReleaseExplorerViewModelTests Intialize should call initialize on release definition explorer view model and releases view model." storage="d:\v2.0\a1\_work\dbded102\vso\tfs\service\webaccess\releasepipeline\testscripts\tests\tests.releasemanagement.explorer.releaseexplorerviewmodel.ts" id="9e6d5f13-ed23-4842-9913-c7ddb26e4306">
      <Execution id="2bbc2e37-e247-4190-a438-6da8ddf1f866" />
      <TestMethod codeBase="d:\v2.0\a1\_work\dbded102\vso\tfs\service\webaccess\releasepipeline\testscripts\tests\tests.releasemanagement.explorer.releaseexplorerviewmodel.ts" adapterTypeName="Microsoft.VisualStudio.TestTools.TestTypes.Unit.UnitTestAdapter" className="d:\v2.0\a1\_work\dbded102\vso\tfs\service\webaccess\releasepipeline\testscripts\tests\tests.releasemanagement.explorer.releaseexplorerviewmodel.ts::releaseexplorerviewmodeltests::intialize should call initialize on release definition explorer view model and releases view model" name="ReleaseExplorerViewModelTests Intialize should call initialize on release definition explorer view model and releases view model." />
    </UnitTest>
    <UnitTest name="ReleaseExplorerViewModelTests Changing the selected release definition should toggle the flag isAllReleaseDefinitionsSelected as an when all defintions or a single definition is selected." storage="d:\v2.0\a1\_work\dbded102\vso\tfs\service\webaccess\releasepipeline\testscripts\tests\tests.releasemanagement.explorer.releaseexplorerviewmodel.ts" id="3a4d2b82-0872-485a-a472-8594f11e7931">
      <Execution id="6dd66211-739f-4133-b969-bf98637a391f" />
      <TestMethod codeBase="d:\v2.0\a1\_work\dbded102\vso\tfs\service\webaccess\releasepipeline\testscripts\tests\tests.releasemanagement.explorer.releaseexplorerviewmodel.ts" adapterTypeName="Microsoft.VisualStudio.TestTools.TestTypes.Unit.UnitTestAdapter" className="d:\v2.0\a1\_work\dbded102\vso\tfs\service\webaccess\releasepipeline\testscripts\tests\tests.releasemanagement.explorer.releaseexplorerviewmodel.ts::releaseexplorerviewmodeltests::changing the selected release definition should toggle the flag isallreleasedefinitionsselected as an when all defintions or a single definition is selected" name="ReleaseExplorerViewModelTests Changing the selected release definition should toggle the flag isAllReleaseDefinitionsSelected as an when all defintions or a single definition is selected." />
    </UnitTest>
    <UnitTest name="ReleaseExplorerViewModelTests Changing the selected release definition without refreshRelease flag should not refresh releases in releases view model." storage="d:\v2.0\a1\_work\dbded102\vso\tfs\service\webaccess\releasepipeline\testscripts\tests\tests.releasemanagement.explorer.releaseexplorerviewmodel.ts" id="c6574750-4c6d-4a9e-999b-ed3923d9c7fa">
      <Execution id="6fc81f21-634a-4d3c-9133-30fb6a9974ae" />
      <TestMethod codeBase="d:\v2.0\a1\_work\dbded102\vso\tfs\service\webaccess\releasepipeline\testscripts\tests\tests.releasemanagement.explorer.releaseexplorerviewmodel.ts" adapterTypeName="Microsoft.VisualStudio.TestTools.TestTypes.Unit.UnitTestAdapter" className="d:\v2.0\a1\_work\dbded102\vso\tfs\service\webaccess\releasepipeline\testscripts\tests\tests.releasemanagement.explorer.releaseexplorerviewmodel.ts::releaseexplorerviewmodeltests::changing the selected release definition without refreshrelease flag should not refresh releases in releases view model" name="ReleaseExplorerViewModelTests Changing the selected release definition without refreshRelease flag should not refresh releases in releases view model." />
    </UnitTest>
    <UnitTest name="ReleaseLogViewModelTests ReleaseLogsViewModel can be constructed successfully" storage="d:\v2.0\a1\_work\dbded102\vso\tfs\service\webaccess\releasepipeline\testscripts\tests\tests.releasemanagement.explorer.releaselogsviewmodel.ts" id="6fc7f517-43eb-4100-8e9d-ed0f07f843b3">
      <Execution id="f9f69341-66cf-440d-8b65-cb0b73567c74" />
      <TestMethod codeBase="d:\v2.0\a1\_work\dbded102\vso\tfs\service\webaccess\releasepipeline\testscripts\tests\tests.releasemanagement.explorer.releaselogsviewmodel.ts" adapterTypeName="Microsoft.VisualStudio.TestTools.TestTypes.Unit.UnitTestAdapter" className="d:\v2.0\a1\_work\dbded102\vso\tfs\service\webaccess\releasepipeline\testscripts\tests\tests.releasemanagement.explorer.releaselogsviewmodel" name="ReleaseLogViewModelTests ReleaseLogsViewModel can be constructed successfully" />
    </UnitTest>
    <UnitTest name="ReleaseLogViewModelTests ReleaseLogsViewModel returns logs on calling getLogs method" storage="d:\v2.0\a1\_work\dbded102\vso\tfs\service\webaccess\releasepipeline\testscripts\tests\tests.releasemanagement.explorer.releaselogsviewmodel.ts" id="35a4c8b6-bf64-40ef-8222-25c884404c20">
      <Execution id="81ff7e3e-af6f-433c-bd33-a5ecdb07a1ae" />
      <TestMethod codeBase="d:\v2.0\a1\_work\dbded102\vso\tfs\service\webaccess\releasepipeline\testscripts\tests\tests.releasemanagement.explorer.releaselogsviewmodel.ts" adapterTypeName="Microsoft.VisualStudio.TestTools.TestTypes.Unit.UnitTestAdapter" className="d:\v2.0\a1\_work\dbded102\vso\tfs\service\webaccess\releasepipeline\testscripts\tests\tests.releasemanagement.explorer.releaselogsviewmodel" name="ReleaseLogViewModelTests ReleaseLogsViewModel returns logs on calling getLogs method" />
    </UnitTest>
    <UnitTest name="ReleaseLogViewModelTests Calling refresh logs should call the refresh Delegate assigned" storage="d:\v2.0\a1\_work\dbded102\vso\tfs\service\webaccess\releasepipeline\testscripts\tests\tests.releasemanagement.explorer.releaselogsviewmodel.ts" id="ef314ee1-2629-4a2a-bc95-11dcb873f800">
      <Execution id="53ea58f9-1c48-42b5-9bd8-51fb5e6c1994" />
      <TestMethod codeBase="d:\v2.0\a1\_work\dbded102\vso\tfs\service\webaccess\releasepipeline\testscripts\tests\tests.releasemanagement.explorer.releaselogsviewmodel.ts" adapterTypeName="Microsoft.VisualStudio.TestTools.TestTypes.Unit.UnitTestAdapter" className="d:\v2.0\a1\_work\dbded102\vso\tfs\service\webaccess\releasepipeline\testscripts\tests\tests.releasemanagement.explorer.releaselogsviewmodel" name="ReleaseLogViewModelTests Calling refresh logs should call the refresh Delegate assigned" />
    </UnitTest>
    <UnitTest name="ReleaseLogViewModelTests Calling refresh logs should return the appropriate logs for Approvals" storage="d:\v2.0\a1\_work\dbded102\vso\tfs\service\webaccess\releasepipeline\testscripts\tests\tests.releasemanagement.explorer.releaselogsviewmodel.ts" id="d4e384c7-e1d0-41bd-afb7-f79896a3c183">
      <Execution id="96edd0e6-c849-43b4-ba04-e9ef714b1984" />
      <TestMethod codeBase="d:\v2.0\a1\_work\dbded102\vso\tfs\service\webaccess\releasepipeline\testscripts\tests\tests.releasemanagement.explorer.releaselogsviewmodel.ts" adapterTypeName="Microsoft.VisualStudio.TestTools.TestTypes.Unit.UnitTestAdapter" className="d:\v2.0\a1\_work\dbded102\vso\tfs\service\webaccess\releasepipeline\testscripts\tests\tests.releasemanagement.explorer.releaselogsviewmodel" name="ReleaseLogViewModelTests Calling refresh logs should return the appropriate logs for Approvals" />
    </UnitTest>
    <UnitTest name="ReleaseLogViewModelTests Calling refresh logs should return the appropriate logs for Tasks" storage="d:\v2.0\a1\_work\dbded102\vso\tfs\service\webaccess\releasepipeline\testscripts\tests\tests.releasemanagement.explorer.releaselogsviewmodel.ts" id="44388118-c4ce-4276-80a4-e6265437153e">
      <Execution id="df68c660-08fc-47de-90df-eb3001f63620" />
      <TestMethod codeBase="d:\v2.0\a1\_work\dbded102\vso\tfs\service\webaccess\releasepipeline\testscripts\tests\tests.releasemanagement.explorer.releaselogsviewmodel.ts" adapterTypeName="Microsoft.VisualStudio.TestTools.TestTypes.Unit.UnitTestAdapter" className="d:\v2.0\a1\_work\dbded102\vso\tfs\service\webaccess\releasepipeline\testscripts\tests\tests.releasemanagement.explorer.releaselogsviewmodel" name="ReleaseLogViewModelTests Calling refresh logs should return the appropriate logs for Tasks" />
    </UnitTest>
    <UnitTest name="ReleaseLogViewModelTests GetReleaseName should return name of the current release" storage="d:\v2.0\a1\_work\dbded102\vso\tfs\service\webaccess\releasepipeline\testscripts\tests\tests.releasemanagement.explorer.releaselogsviewmodel.ts" id="1334e844-6bcf-44ce-ac30-b238a7e7d2af">
      <Execution id="3bcf7deb-9d0f-45b1-a5c2-e912a7f7a16e" />
      <TestMethod codeBase="d:\v2.0\a1\_work\dbded102\vso\tfs\service\webaccess\releasepipeline\testscripts\tests\tests.releasemanagement.explorer.releaselogsviewmodel.ts" adapterTypeName="Microsoft.VisualStudio.TestTools.TestTypes.Unit.UnitTestAdapter" className="d:\v2.0\a1\_work\dbded102\vso\tfs\service\webaccess\releasepipeline\testscripts\tests\tests.releasemanagement.explorer.releaselogsviewmodel" name="ReleaseLogViewModelTests GetReleaseName should return name of the current release" />
    </UnitTest>
    <UnitTest name="ReleaseLogViewModelTests GetReleaseDefinition should return release definition of current release" storage="d:\v2.0\a1\_work\dbded102\vso\tfs\service\webaccess\releasepipeline\testscripts\tests\tests.releasemanagement.explorer.releaselogsviewmodel.ts" id="f74e0060-d9b2-4a68-8d91-1ce2533c966f">
      <Execution id="bd980018-54dd-4811-8f48-3b161bbcdf7c" />
      <TestMethod codeBase="d:\v2.0\a1\_work\dbded102\vso\tfs\service\webaccess\releasepipeline\testscripts\tests\tests.releasemanagement.explorer.releaselogsviewmodel.ts" adapterTypeName="Microsoft.VisualStudio.TestTools.TestTypes.Unit.UnitTestAdapter" className="d:\v2.0\a1\_work\dbded102\vso\tfs\service\webaccess\releasepipeline\testscripts\tests\tests.releasemanagement.explorer.releaselogsviewmodel" name="ReleaseLogViewModelTests GetReleaseDefinition should return release definition of current release" />
    </UnitTest>
    <UnitTest name="ReleaseLogViewModelTests GetDownloadAllLogsLink should return proper string" storage="d:\v2.0\a1\_work\dbded102\vso\tfs\service\webaccess\releasepipeline\testscripts\tests\tests.releasemanagement.explorer.releaselogsviewmodel.ts" id="c2233d47-f340-4a17-9596-b0006a40ef78">
      <Execution id="38b31c0e-a95e-40db-9670-cc758ba752e8" />
      <TestMethod codeBase="d:\v2.0\a1\_work\dbded102\vso\tfs\service\webaccess\releasepipeline\testscripts\tests\tests.releasemanagement.explorer.releaselogsviewmodel.ts" adapterTypeName="Microsoft.VisualStudio.TestTools.TestTypes.Unit.UnitTestAdapter" className="d:\v2.0\a1\_work\dbded102\vso\tfs\service\webaccess\releasepipeline\testscripts\tests\tests.releasemanagement.explorer.releaselogsviewmodel" name="ReleaseLogViewModelTests GetDownloadAllLogsLink should return proper string" />
    </UnitTest>
    <UnitTest name="ReleaseLogViewModelTests Calling get logs with attempts should return logs in correct order with attempts embedded in logs in correct locations." storage="d:\v2.0\a1\_work\dbded102\vso\tfs\service\webaccess\releasepipeline\testscripts\tests\tests.releasemanagement.explorer.releaselogsviewmodel.ts" id="68304b6d-94b0-4a93-8f31-58a23f621563">
      <Execution id="1c5e02f3-a56b-4f1f-a352-c38fd7750fba" />
      <TestMethod codeBase="d:\v2.0\a1\_work\dbded102\vso\tfs\service\webaccess\releasepipeline\testscripts\tests\tests.releasemanagement.explorer.releaselogsviewmodel.ts" adapterTypeName="Microsoft.VisualStudio.TestTools.TestTypes.Unit.UnitTestAdapter" className="d:\v2.0\a1\_work\dbded102\vso\tfs\service\webaccess\releasepipeline\testscripts\tests\tests.releasemanagement.explorer.releaselogsviewmodel.ts::releaselogviewmodeltests::calling get logs with attempts should return logs in correct order with attempts embedded in logs in correct locations" name="ReleaseLogViewModelTests Calling get logs with attempts should return logs in correct order with attempts embedded in logs in correct locations." />
    </UnitTest>
    <UnitTest name="ReleaseLogViewModelTests For released release, show all logs, environment count:2" storage="d:\v2.0\a1\_work\dbded102\vso\tfs\service\webaccess\releasepipeline\testscripts\tests\tests.releasemanagement.explorer.releaselogsviewmodel.ts" id="79f185d7-9365-4e1d-87b4-af1056f9fd4c">
      <Execution id="21e097f2-0b25-4c4f-8576-653fc9452c32" />
      <TestMethod codeBase="d:\v2.0\a1\_work\dbded102\vso\tfs\service\webaccess\releasepipeline\testscripts\tests\tests.releasemanagement.explorer.releaselogsviewmodel.ts" adapterTypeName="Microsoft.VisualStudio.TestTools.TestTypes.Unit.UnitTestAdapter" className="d:\v2.0\a1\_work\dbded102\vso\tfs\service\webaccess\releasepipeline\testscripts\tests\tests.releasemanagement.explorer.releaselogsviewmodel" name="ReleaseLogViewModelTests For released release, show all logs, environment count:2" />
    </UnitTest>
    <UnitTest name="ReleaseLogViewModelTests For released release, log should filter based on targetEnvironmentId, environment count:4" storage="d:\v2.0\a1\_work\dbded102\vso\tfs\service\webaccess\releasepipeline\testscripts\tests\tests.releasemanagement.explorer.releaselogsviewmodel.ts" id="d6cf9fbe-ed37-496f-bc5e-94f4f33c63fa">
      <Execution id="0648baf6-9084-4e17-842e-748aed712a0e" />
      <TestMethod codeBase="d:\v2.0\a1\_work\dbded102\vso\tfs\service\webaccess\releasepipeline\testscripts\tests\tests.releasemanagement.explorer.releaselogsviewmodel.ts" adapterTypeName="Microsoft.VisualStudio.TestTools.TestTypes.Unit.UnitTestAdapter" className="d:\v2.0\a1\_work\dbded102\vso\tfs\service\webaccess\releasepipeline\testscripts\tests\tests.releasemanagement.explorer.releaselogsviewmodel" name="ReleaseLogViewModelTests For released release, log should filter based on targetEnvironmentId, environment count:4" />
    </UnitTest>
    <UnitTest name="ReleaseLogViewModelTests For rejected release, log should filter based on targetEnvironmentId, environment count:3" storage="d:\v2.0\a1\_work\dbded102\vso\tfs\service\webaccess\releasepipeline\testscripts\tests\tests.releasemanagement.explorer.releaselogsviewmodel.ts" id="4a37d5f5-8c28-4e5f-abf3-63d1fbbea8ba">
      <Execution id="d400c4ea-a8ac-4d7a-b8b6-b7152f7cd58c" />
      <TestMethod codeBase="d:\v2.0\a1\_work\dbded102\vso\tfs\service\webaccess\releasepipeline\testscripts\tests\tests.releasemanagement.explorer.releaselogsviewmodel.ts" adapterTypeName="Microsoft.VisualStudio.TestTools.TestTypes.Unit.UnitTestAdapter" className="d:\v2.0\a1\_work\dbded102\vso\tfs\service\webaccess\releasepipeline\testscripts\tests\tests.releasemanagement.explorer.releaselogsviewmodel" name="ReleaseLogViewModelTests For rejected release, log should filter based on targetEnvironmentId, environment count:3" />
    </UnitTest>
    <UnitTest name="ReleaseLogViewModelTests For in progress release, log should filter based on targetEnvironmentId, environment count:5" storage="d:\v2.0\a1\_work\dbded102\vso\tfs\service\webaccess\releasepipeline\testscripts\tests\tests.releasemanagement.explorer.releaselogsviewmodel.ts" id="c41fcad8-efc0-4c1d-86c1-bf1da1eb9517">
      <Execution id="c80266ec-dc4d-4bea-8c77-573071b80047" />
      <TestMethod codeBase="d:\v2.0\a1\_work\dbded102\vso\tfs\service\webaccess\releasepipeline\testscripts\tests\tests.releasemanagement.explorer.releaselogsviewmodel.ts" adapterTypeName="Microsoft.VisualStudio.TestTools.TestTypes.Unit.UnitTestAdapter" className="d:\v2.0\a1\_work\dbded102\vso\tfs\service\webaccess\releasepipeline\testscripts\tests\tests.releasemanagement.explorer.releaselogsviewmodel" name="ReleaseLogViewModelTests For in progress release, log should filter based on targetEnvironmentId, environment count:5" />
    </UnitTest>
    <UnitTest name="ReleaseLogViewModelTests For in progress release, show all logs, environment count:6" storage="d:\v2.0\a1\_work\dbded102\vso\tfs\service\webaccess\releasepipeline\testscripts\tests\tests.releasemanagement.explorer.releaselogsviewmodel.ts" id="63e154d1-116d-4921-819e-4115318deaf9">
      <Execution id="12a50721-3770-4fa2-a209-58d8fefc4bbb" />
      <TestMethod codeBase="d:\v2.0\a1\_work\dbded102\vso\tfs\service\webaccess\releasepipeline\testscripts\tests\tests.releasemanagement.explorer.releaselogsviewmodel.ts" adapterTypeName="Microsoft.VisualStudio.TestTools.TestTypes.Unit.UnitTestAdapter" className="d:\v2.0\a1\_work\dbded102\vso\tfs\service\webaccess\releasepipeline\testscripts\tests\tests.releasemanagement.explorer.releaselogsviewmodel" name="ReleaseLogViewModelTests For in progress release, show all logs, environment count:6" />
    </UnitTest>
    <UnitTest name="ReleaseRowViewModelTests ReleaseRowViewModel can be constructed" storage="d:\v2.0\a1\_work\dbded102\vso\tfs\service\webaccess\releasepipeline\testscripts\tests\tests.releasemanagement.explorer.releaserowviewmodel.ts" id="66a29fe3-8128-4d5e-824a-26dc402af102">
      <Execution id="73852a1d-12d1-4a12-aeb0-4b00015d7178" />
      <TestMethod codeBase="d:\v2.0\a1\_work\dbded102\vso\tfs\service\webaccess\releasepipeline\testscripts\tests\tests.releasemanagement.explorer.releaserowviewmodel.ts" adapterTypeName="Microsoft.VisualStudio.TestTools.TestTypes.Unit.UnitTestAdapter" className="d:\v2.0\a1\_work\dbded102\vso\tfs\service\webaccess\releasepipeline\testscripts\tests\tests.releasemanagement.explorer.releaserowviewmodel" name="ReleaseRowViewModelTests ReleaseRowViewModel can be constructed" />
    </UnitTest>
    <UnitTest name="ReleaseRowViewModelTests Release with draft state returns right actions." storage="d:\v2.0\a1\_work\dbded102\vso\tfs\service\webaccess\releasepipeline\testscripts\tests\tests.releasemanagement.explorer.releaserowviewmodel.ts" id="fe231871-b6c6-4177-b3fd-32c88ad127ac">
      <Execution id="e682fce9-8192-4b43-a701-b0cc74da18ce" />
      <TestMethod codeBase="d:\v2.0\a1\_work\dbded102\vso\tfs\service\webaccess\releasepipeline\testscripts\tests\tests.releasemanagement.explorer.releaserowviewmodel.ts" adapterTypeName="Microsoft.VisualStudio.TestTools.TestTypes.Unit.UnitTestAdapter" className="d:\v2.0\a1\_work\dbded102\vso\tfs\service\webaccess\releasepipeline\testscripts\tests\tests.releasemanagement.explorer.releaserowviewmodel.ts::releaserowviewmodeltests::release with draft state returns right actions" name="ReleaseRowViewModelTests Release with draft state returns right actions." />
    </UnitTest>
    <UnitTest name="ReleaseRowViewModelTests Release with Inprogress state returns right actions." storage="d:\v2.0\a1\_work\dbded102\vso\tfs\service\webaccess\releasepipeline\testscripts\tests\tests.releasemanagement.explorer.releaserowviewmodel.ts" id="9e3175dd-c79c-4a36-8461-de3df6befa0b">
      <Execution id="0fcf05de-5233-4276-bcb8-1edb95c0b180" />
      <TestMethod codeBase="d:\v2.0\a1\_work\dbded102\vso\tfs\service\webaccess\releasepipeline\testscripts\tests\tests.releasemanagement.explorer.releaserowviewmodel.ts" adapterTypeName="Microsoft.VisualStudio.TestTools.TestTypes.Unit.UnitTestAdapter" className="d:\v2.0\a1\_work\dbded102\vso\tfs\service\webaccess\releasepipeline\testscripts\tests\tests.releasemanagement.explorer.releaserowviewmodel.ts::releaserowviewmodeltests::release with inprogress state returns right actions" name="ReleaseRowViewModelTests Release with Inprogress state returns right actions." />
    </UnitTest>
    <UnitTest name="ReleaseRowViewModelTests Release with Stopped state returns right actions." storage="d:\v2.0\a1\_work\dbded102\vso\tfs\service\webaccess\releasepipeline\testscripts\tests\tests.releasemanagement.explorer.releaserowviewmodel.ts" id="1e4e33d0-b489-4673-bfaa-676fe533faf8">
      <Execution id="ef6a8631-a3db-4910-87eb-0e32f656e845" />
      <TestMethod codeBase="d:\v2.0\a1\_work\dbded102\vso\tfs\service\webaccess\releasepipeline\testscripts\tests\tests.releasemanagement.explorer.releaserowviewmodel.ts" adapterTypeName="Microsoft.VisualStudio.TestTools.TestTypes.Unit.UnitTestAdapter" className="d:\v2.0\a1\_work\dbded102\vso\tfs\service\webaccess\releasepipeline\testscripts\tests\tests.releasemanagement.explorer.releaserowviewmodel.ts::releaserowviewmodeltests::release with stopped state returns right actions" name="ReleaseRowViewModelTests Release with Stopped state returns right actions." />
    </UnitTest>
    <UnitTest name="ReleaseRowViewModelTests Release with Released state returns right actions." storage="d:\v2.0\a1\_work\dbded102\vso\tfs\service\webaccess\releasepipeline\testscripts\tests\tests.releasemanagement.explorer.releaserowviewmodel.ts" id="281de7f9-75af-4a85-87be-99d3705ad215">
      <Execution id="e3b7d2fb-ff29-4de2-930f-a2c18a0bc0fc" />
      <TestMethod codeBase="d:\v2.0\a1\_work\dbded102\vso\tfs\service\webaccess\releasepipeline\testscripts\tests\tests.releasemanagement.explorer.releaserowviewmodel.ts" adapterTypeName="Microsoft.VisualStudio.TestTools.TestTypes.Unit.UnitTestAdapter" className="d:\v2.0\a1\_work\dbded102\vso\tfs\service\webaccess\releasepipeline\testscripts\tests\tests.releasemanagement.explorer.releaserowviewmodel.ts::releaserowviewmodeltests::release with released state returns right actions" name="ReleaseRowViewModelTests Release with Released state returns right actions." />
    </UnitTest>
    <UnitTest name="ReleaseRowViewModelTests Release with Abandoned state returns right actions." storage="d:\v2.0\a1\_work\dbded102\vso\tfs\service\webaccess\releasepipeline\testscripts\tests\tests.releasemanagement.explorer.releaserowviewmodel.ts" id="9505ab96-f314-409c-a6c0-28349dae3f7c">
      <Execution id="51e56971-b62e-4f11-8a6e-0f4c861827a7" />
      <TestMethod codeBase="d:\v2.0\a1\_work\dbded102\vso\tfs\service\webaccess\releasepipeline\testscripts\tests\tests.releasemanagement.explorer.releaserowviewmodel.ts" adapterTypeName="Microsoft.VisualStudio.TestTools.TestTypes.Unit.UnitTestAdapter" className="d:\v2.0\a1\_work\dbded102\vso\tfs\service\webaccess\releasepipeline\testscripts\tests\tests.releasemanagement.explorer.releaserowviewmodel.ts::releaserowviewmodeltests::release with abandoned state returns right actions" name="ReleaseRowViewModelTests Release with Abandoned state returns right actions." />
    </UnitTest>
    <UnitTest name="ReleaseRowViewModelTests Release with Rejected state returns right actions." storage="d:\v2.0\a1\_work\dbded102\vso\tfs\service\webaccess\releasepipeline\testscripts\tests\tests.releasemanagement.explorer.releaserowviewmodel.ts" id="800d6248-5901-4260-9b48-db4d13b68adc">
      <Execution id="e2e7a489-0b97-4e49-918c-b5ee8e22a4c6" />
      <TestMethod codeBase="d:\v2.0\a1\_work\dbded102\vso\tfs\service\webaccess\releasepipeline\testscripts\tests\tests.releasemanagement.explorer.releaserowviewmodel.ts" adapterTypeName="Microsoft.VisualStudio.TestTools.TestTypes.Unit.UnitTestAdapter" className="d:\v2.0\a1\_work\dbded102\vso\tfs\service\webaccess\releasepipeline\testscripts\tests\tests.releasemanagement.explorer.releaserowviewmodel.ts::releaserowviewmodeltests::release with rejected state returns right actions" name="ReleaseRowViewModelTests Release with Rejected state returns right actions." />
    </UnitTest>
    <UnitTest name="ReleaseRowViewModelTests Release with Draft state should block unallowed actions." storage="d:\v2.0\a1\_work\dbded102\vso\tfs\service\webaccess\releasepipeline\testscripts\tests\tests.releasemanagement.explorer.releaserowviewmodel.ts" id="e097bbfd-d967-461a-8555-a894c1cc2f06">
      <Execution id="e5052175-fe46-4fa3-bcd0-0a48d0eba036" />
      <TestMethod codeBase="d:\v2.0\a1\_work\dbded102\vso\tfs\service\webaccess\releasepipeline\testscripts\tests\tests.releasemanagement.explorer.releaserowviewmodel.ts" adapterTypeName="Microsoft.VisualStudio.TestTools.TestTypes.Unit.UnitTestAdapter" className="d:\v2.0\a1\_work\dbded102\vso\tfs\service\webaccess\releasepipeline\testscripts\tests\tests.releasemanagement.explorer.releaserowviewmodel.ts::releaserowviewmodeltests::release with draft state should block unallowed actions" name="ReleaseRowViewModelTests Release with Draft state should block unallowed actions." />
    </UnitTest>
    <UnitTest name="ReleaseRowViewModelTests Release with Inprogress state should block unallowed actions." storage="d:\v2.0\a1\_work\dbded102\vso\tfs\service\webaccess\releasepipeline\testscripts\tests\tests.releasemanagement.explorer.releaserowviewmodel.ts" id="de06ab13-9239-46f5-aa2c-544b556a6e63">
      <Execution id="15d04958-b09c-4068-8303-b615927bab56" />
      <TestMethod codeBase="d:\v2.0\a1\_work\dbded102\vso\tfs\service\webaccess\releasepipeline\testscripts\tests\tests.releasemanagement.explorer.releaserowviewmodel.ts" adapterTypeName="Microsoft.VisualStudio.TestTools.TestTypes.Unit.UnitTestAdapter" className="d:\v2.0\a1\_work\dbded102\vso\tfs\service\webaccess\releasepipeline\testscripts\tests\tests.releasemanagement.explorer.releaserowviewmodel.ts::releaserowviewmodeltests::release with inprogress state should block unallowed actions" name="ReleaseRowViewModelTests Release with Inprogress state should block unallowed actions." />
    </UnitTest>
    <UnitTest name="ReleaseRowViewModelTests Release with Stopped state should block unallowed actions." storage="d:\v2.0\a1\_work\dbded102\vso\tfs\service\webaccess\releasepipeline\testscripts\tests\tests.releasemanagement.explorer.releaserowviewmodel.ts" id="68bf2181-8be8-4b63-997b-0ae209ec8cd4">
      <Execution id="5cf29285-73f6-49cb-9752-a5a281a0e7c9" />
      <TestMethod codeBase="d:\v2.0\a1\_work\dbded102\vso\tfs\service\webaccess\releasepipeline\testscripts\tests\tests.releasemanagement.explorer.releaserowviewmodel.ts" adapterTypeName="Microsoft.VisualStudio.TestTools.TestTypes.Unit.UnitTestAdapter" className="d:\v2.0\a1\_work\dbded102\vso\tfs\service\webaccess\releasepipeline\testscripts\tests\tests.releasemanagement.explorer.releaserowviewmodel.ts::releaserowviewmodeltests::release with stopped state should block unallowed actions" name="ReleaseRowViewModelTests Release with Stopped state should block unallowed actions." />
    </UnitTest>
    <UnitTest name="ReleaseRowViewModelTests Release with Released state should block unallowed actions." storage="d:\v2.0\a1\_work\dbded102\vso\tfs\service\webaccess\releasepipeline\testscripts\tests\tests.releasemanagement.explorer.releaserowviewmodel.ts" id="e4277581-4b2f-4a99-a738-8ef251ea109a">
      <Execution id="bccaf625-e439-471f-96fa-73bd801144cc" />
      <TestMethod codeBase="d:\v2.0\a1\_work\dbded102\vso\tfs\service\webaccess\releasepipeline\testscripts\tests\tests.releasemanagement.explorer.releaserowviewmodel.ts" adapterTypeName="Microsoft.VisualStudio.TestTools.TestTypes.Unit.UnitTestAdapter" className="d:\v2.0\a1\_work\dbded102\vso\tfs\service\webaccess\releasepipeline\testscripts\tests\tests.releasemanagement.explorer.releaserowviewmodel.ts::releaserowviewmodeltests::release with released state should block unallowed actions" name="ReleaseRowViewModelTests Release with Released state should block unallowed actions." />
    </UnitTest>
    <UnitTest name="ReleaseRowViewModelTests Release with Abandoned state should block unallowed actions." storage="d:\v2.0\a1\_work\dbded102\vso\tfs\service\webaccess\releasepipeline\testscripts\tests\tests.releasemanagement.explorer.releaserowviewmodel.ts" id="ff041219-11ed-4c25-b9ea-2cde3f89a789">
      <Execution id="6474251c-4360-4381-9d69-49a38fd4b473" />
      <TestMethod codeBase="d:\v2.0\a1\_work\dbded102\vso\tfs\service\webaccess\releasepipeline\testscripts\tests\tests.releasemanagement.explorer.releaserowviewmodel.ts" adapterTypeName="Microsoft.VisualStudio.TestTools.TestTypes.Unit.UnitTestAdapter" className="d:\v2.0\a1\_work\dbded102\vso\tfs\service\webaccess\releasepipeline\testscripts\tests\tests.releasemanagement.explorer.releaserowviewmodel.ts::releaserowviewmodeltests::release with abandoned state should block unallowed actions" name="ReleaseRowViewModelTests Release with Abandoned state should block unallowed actions." />
    </UnitTest>
    <UnitTest name="ReleaseRowViewModelTests Release with Rejected state should block unallowed actions." storage="d:\v2.0\a1\_work\dbded102\vso\tfs\service\webaccess\releasepipeline\testscripts\tests\tests.releasemanagement.explorer.releaserowviewmodel.ts" id="e5196532-edb4-4869-9186-4f8547aaa059">
      <Execution id="85f600bb-26b6-4b85-a7bb-aaaea8b519c7" />
      <TestMethod codeBase="d:\v2.0\a1\_work\dbded102\vso\tfs\service\webaccess\releasepipeline\testscripts\tests\tests.releasemanagement.explorer.releaserowviewmodel.ts" adapterTypeName="Microsoft.VisualStudio.TestTools.TestTypes.Unit.UnitTestAdapter" className="d:\v2.0\a1\_work\dbded102\vso\tfs\service\webaccess\releasepipeline\testscripts\tests\tests.releasemanagement.explorer.releaserowviewmodel.ts::releaserowviewmodeltests::release with rejected state should block unallowed actions" name="ReleaseRowViewModelTests Release with Rejected state should block unallowed actions." />
    </UnitTest>
    <UnitTest name="ReleaseRowViewModelTests BeginStart should logError incase of failure" storage="d:\v2.0\a1\_work\dbded102\vso\tfs\service\webaccess\releasepipeline\testscripts\tests\tests.releasemanagement.explorer.releaserowviewmodel.ts" id="0db314ef-bf30-4cf1-b5e0-9d55b16bb60e">
      <Execution id="7c55d368-f97a-4441-9b6f-2abdd2ef71e1" />
      <TestMethod codeBase="d:\v2.0\a1\_work\dbded102\vso\tfs\service\webaccess\releasepipeline\testscripts\tests\tests.releasemanagement.explorer.releaserowviewmodel.ts" adapterTypeName="Microsoft.VisualStudio.TestTools.TestTypes.Unit.UnitTestAdapter" className="d:\v2.0\a1\_work\dbded102\vso\tfs\service\webaccess\releasepipeline\testscripts\tests\tests.releasemanagement.explorer.releaserowviewmodel" name="ReleaseRowViewModelTests BeginStart should logError incase of failure" />
    </UnitTest>
    <UnitTest name="ReleaseRowViewModelTests BeginCancel should logError incase of failure" storage="d:\v2.0\a1\_work\dbded102\vso\tfs\service\webaccess\releasepipeline\testscripts\tests\tests.releasemanagement.explorer.releaserowviewmodel.ts" id="5370233b-bbf2-4315-b0af-71539a6180f5">
      <Execution id="affd8e2c-d5bd-4dd6-9291-4b94f3e989c9" />
      <TestMethod codeBase="d:\v2.0\a1\_work\dbded102\vso\tfs\service\webaccess\releasepipeline\testscripts\tests\tests.releasemanagement.explorer.releaserowviewmodel.ts" adapterTypeName="Microsoft.VisualStudio.TestTools.TestTypes.Unit.UnitTestAdapter" className="d:\v2.0\a1\_work\dbded102\vso\tfs\service\webaccess\releasepipeline\testscripts\tests\tests.releasemanagement.explorer.releaserowviewmodel" name="ReleaseRowViewModelTests BeginCancel should logError incase of failure" />
    </UnitTest>
    <UnitTest name="ReleaseRowViewModelTests BeginRetry should logError incase of failure" storage="d:\v2.0\a1\_work\dbded102\vso\tfs\service\webaccess\releasepipeline\testscripts\tests\tests.releasemanagement.explorer.releaserowviewmodel.ts" id="77556f58-bb52-4a42-a466-e4e10b2cfcce">
      <Execution id="d3378f3d-c680-4f15-a296-30c1780327d2" />
      <TestMethod codeBase="d:\v2.0\a1\_work\dbded102\vso\tfs\service\webaccess\releasepipeline\testscripts\tests\tests.releasemanagement.explorer.releaserowviewmodel.ts" adapterTypeName="Microsoft.VisualStudio.TestTools.TestTypes.Unit.UnitTestAdapter" className="d:\v2.0\a1\_work\dbded102\vso\tfs\service\webaccess\releasepipeline\testscripts\tests\tests.releasemanagement.explorer.releaserowviewmodel" name="ReleaseRowViewModelTests BeginRetry should logError incase of failure" />
    </UnitTest>
    <UnitTest name="ReleaseRowViewModelTests BeginResume should logError incase of failure" storage="d:\v2.0\a1\_work\dbded102\vso\tfs\service\webaccess\releasepipeline\testscripts\tests\tests.releasemanagement.explorer.releaserowviewmodel.ts" id="749a5e5a-e279-40a7-af5c-587b273217ef">
      <Execution id="0afc9a01-1f6a-4bc7-b4ac-f959ca16b765" />
      <TestMethod codeBase="d:\v2.0\a1\_work\dbded102\vso\tfs\service\webaccess\releasepipeline\testscripts\tests\tests.releasemanagement.explorer.releaserowviewmodel.ts" adapterTypeName="Microsoft.VisualStudio.TestTools.TestTypes.Unit.UnitTestAdapter" className="d:\v2.0\a1\_work\dbded102\vso\tfs\service\webaccess\releasepipeline\testscripts\tests\tests.releasemanagement.explorer.releaserowviewmodel" name="ReleaseRowViewModelTests BeginResume should logError incase of failure" />
    </UnitTest>
    <UnitTest name="ReleaseRowViewModelTests BeginAbandon should logError incase of failure" storage="d:\v2.0\a1\_work\dbded102\vso\tfs\service\webaccess\releasepipeline\testscripts\tests\tests.releasemanagement.explorer.releaserowviewmodel.ts" id="83b9b5e4-e5cf-4359-9bce-eb14f2f3031e">
      <Execution id="8c26c7d5-3af1-475b-89dd-8970f9db6dc2" />
      <TestMethod codeBase="d:\v2.0\a1\_work\dbded102\vso\tfs\service\webaccess\releasepipeline\testscripts\tests\tests.releasemanagement.explorer.releaserowviewmodel.ts" adapterTypeName="Microsoft.VisualStudio.TestTools.TestTypes.Unit.UnitTestAdapter" className="d:\v2.0\a1\_work\dbded102\vso\tfs\service\webaccess\releasepipeline\testscripts\tests\tests.releasemanagement.explorer.releaserowviewmodel" name="ReleaseRowViewModelTests BeginAbandon should logError incase of failure" />
    </UnitTest>
    <UnitTest name="ReleaseRowViewModelTests Release with Cancelled state returns right actions." storage="d:\v2.0\a1\_work\dbded102\vso\tfs\service\webaccess\releasepipeline\testscripts\tests\tests.releasemanagement.explorer.releaserowviewmodel.ts" id="29f11ab5-cc3a-4e32-8e42-9b639ffe0a85">
      <Execution id="0c83d28b-8245-447a-8c00-96885f24b20b" />
      <TestMethod codeBase="d:\v2.0\a1\_work\dbded102\vso\tfs\service\webaccess\releasepipeline\testscripts\tests\tests.releasemanagement.explorer.releaserowviewmodel.ts" adapterTypeName="Microsoft.VisualStudio.TestTools.TestTypes.Unit.UnitTestAdapter" className="d:\v2.0\a1\_work\dbded102\vso\tfs\service\webaccess\releasepipeline\testscripts\tests\tests.releasemanagement.explorer.releaserowviewmodel.ts::releaserowviewmodeltests::release with cancelled state returns right actions" name="ReleaseRowViewModelTests Release with Cancelled state returns right actions." />
    </UnitTest>
    <UnitTest name="ReleaseRowViewModelTests Release with Cancelled state should block unallowed actions." storage="d:\v2.0\a1\_work\dbded102\vso\tfs\service\webaccess\releasepipeline\testscripts\tests\tests.releasemanagement.explorer.releaserowviewmodel.ts" id="6ce0c048-b0b5-4d8c-8c41-47a5c0bef8e9">
      <Execution id="8b3dee67-04f7-45c4-801f-9f9d54812929" />
      <TestMethod codeBase="d:\v2.0\a1\_work\dbded102\vso\tfs\service\webaccess\releasepipeline\testscripts\tests\tests.releasemanagement.explorer.releaserowviewmodel.ts" adapterTypeName="Microsoft.VisualStudio.TestTools.TestTypes.Unit.UnitTestAdapter" className="d:\v2.0\a1\_work\dbded102\vso\tfs\service\webaccess\releasepipeline\testscripts\tests\tests.releasemanagement.explorer.releaserowviewmodel.ts::releaserowviewmodeltests::release with cancelled state should block unallowed actions" name="ReleaseRowViewModelTests Release with Cancelled state should block unallowed actions." />
    </UnitTest>
    <UnitTest name="ReleaseRowViewModelTests IsMoreLink should return correct value based on the selected row." storage="d:\v2.0\a1\_work\dbded102\vso\tfs\service\webaccess\releasepipeline\testscripts\tests\tests.releasemanagement.explorer.releaserowviewmodel.ts" id="7cf2bdac-6892-4a42-8aa9-4ea70a4f00ec">
      <Execution id="d3c3c028-8dbd-417e-bcad-4b3a23b2b1ba" />
      <TestMethod codeBase="d:\v2.0\a1\_work\dbded102\vso\tfs\service\webaccess\releasepipeline\testscripts\tests\tests.releasemanagement.explorer.releaserowviewmodel.ts" adapterTypeName="Microsoft.VisualStudio.TestTools.TestTypes.Unit.UnitTestAdapter" className="d:\v2.0\a1\_work\dbded102\vso\tfs\service\webaccess\releasepipeline\testscripts\tests\tests.releasemanagement.explorer.releaserowviewmodel.ts::releaserowviewmodeltests::ismorelink should return correct value based on the selected row" name="ReleaseRowViewModelTests IsMoreLink should return correct value based on the selected row." />
    </UnitTest>
    <UnitTest name="ReleasesViewModelTests Test constructor" storage="d:\v2.0\a1\_work\dbded102\vso\tfs\service\webaccess\releasepipeline\testscripts\tests\tests.releasemanagement.explorer.releasesviewmodel.ts" id="521ac19a-f9c3-41dc-b5aa-f39f9734ce70">
      <Execution id="be984b88-389a-4bbf-8234-bfcec60d7867" />
      <TestMethod codeBase="d:\v2.0\a1\_work\dbded102\vso\tfs\service\webaccess\releasepipeline\testscripts\tests\tests.releasemanagement.explorer.releasesviewmodel.ts" adapterTypeName="Microsoft.VisualStudio.TestTools.TestTypes.Unit.UnitTestAdapter" className="d:\v2.0\a1\_work\dbded102\vso\tfs\service\webaccess\releasepipeline\testscripts\tests\tests.releasemanagement.explorer.releasesviewmodel" name="ReleasesViewModelTests Test constructor" />
    </UnitTest>
    <UnitTest name="ReleasesViewModelTests refreshReleases should return all releases" storage="d:\v2.0\a1\_work\dbded102\vso\tfs\service\webaccess\releasepipeline\testscripts\tests\tests.releasemanagement.explorer.releasesviewmodel.ts" id="5a8521f2-bd1e-40b0-b1a0-30156a808603">
      <Execution id="e893ecf8-8796-49d9-a717-b93945b166de" />
      <TestMethod codeBase="d:\v2.0\a1\_work\dbded102\vso\tfs\service\webaccess\releasepipeline\testscripts\tests\tests.releasemanagement.explorer.releasesviewmodel.ts" adapterTypeName="Microsoft.VisualStudio.TestTools.TestTypes.Unit.UnitTestAdapter" className="d:\v2.0\a1\_work\dbded102\vso\tfs\service\webaccess\releasepipeline\testscripts\tests\tests.releasemanagement.explorer.releasesviewmodel" name="ReleasesViewModelTests refreshReleases should return all releases" />
    </UnitTest>
    <UnitTest name="ReleasesViewModelTests refreshReleases followed by refresh releses locally should return right set of releases" storage="d:\v2.0\a1\_work\dbded102\vso\tfs\service\webaccess\releasepipeline\testscripts\tests\tests.releasemanagement.explorer.releasesviewmodel.ts" id="7d2f3a95-c3ae-45bc-b815-fc11dee430a4">
      <Execution id="a29e51b2-47b3-4968-bae8-511da4ab54b2" />
      <TestMethod codeBase="d:\v2.0\a1\_work\dbded102\vso\tfs\service\webaccess\releasepipeline\testscripts\tests\tests.releasemanagement.explorer.releasesviewmodel.ts" adapterTypeName="Microsoft.VisualStudio.TestTools.TestTypes.Unit.UnitTestAdapter" className="d:\v2.0\a1\_work\dbded102\vso\tfs\service\webaccess\releasepipeline\testscripts\tests\tests.releasemanagement.explorer.releasesviewmodel" name="ReleasesViewModelTests refreshReleases followed by refresh releses locally should return right set of releases" />
    </UnitTest>
    <UnitTest name="ReleasesViewModelTests getCurrentColumns should return current columns" storage="d:\v2.0\a1\_work\dbded102\vso\tfs\service\webaccess\releasepipeline\testscripts\tests\tests.releasemanagement.explorer.releasesviewmodel.ts" id="254d0062-6f0f-47f4-91d8-580891b99c67">
      <Execution id="2a751efb-e196-42c7-9257-549f37b00407" />
      <TestMethod codeBase="d:\v2.0\a1\_work\dbded102\vso\tfs\service\webaccess\releasepipeline\testscripts\tests\tests.releasemanagement.explorer.releasesviewmodel.ts" adapterTypeName="Microsoft.VisualStudio.TestTools.TestTypes.Unit.UnitTestAdapter" className="d:\v2.0\a1\_work\dbded102\vso\tfs\service\webaccess\releasepipeline\testscripts\tests\tests.releasemanagement.explorer.releasesviewmodel" name="ReleasesViewModelTests getCurrentColumns should return current columns" />
    </UnitTest>
    <UnitTest name="ReleasesViewModelTests Refresh delegate should be called with an error if there is any error during refresh" storage="d:\v2.0\a1\_work\dbded102\vso\tfs\service\webaccess\releasepipeline\testscripts\tests\tests.releasemanagement.explorer.releasesviewmodel.ts" id="eef7a538-e51d-4b98-abf4-bef34d42813d">
      <Execution id="0af5e5ac-059a-43ea-94e0-7e53ee80f1da" />
      <TestMethod codeBase="d:\v2.0\a1\_work\dbded102\vso\tfs\service\webaccess\releasepipeline\testscripts\tests\tests.releasemanagement.explorer.releasesviewmodel.ts" adapterTypeName="Microsoft.VisualStudio.TestTools.TestTypes.Unit.UnitTestAdapter" className="d:\v2.0\a1\_work\dbded102\vso\tfs\service\webaccess\releasepipeline\testscripts\tests\tests.releasemanagement.explorer.releasesviewmodel" name="ReleasesViewModelTests Refresh delegate should be called with an error if there is any error during refresh" />
    </UnitTest>
    <UnitTest name="ReleasesViewModelTests beginFetchReleases should call the refreshViewDelegate" storage="d:\v2.0\a1\_work\dbded102\vso\tfs\service\webaccess\releasepipeline\testscripts\tests\tests.releasemanagement.explorer.releasesviewmodel.ts" id="c35d0961-8b25-4284-9aa7-898fe2fe060b">
      <Execution id="c1a3179a-c586-4f2d-83a0-dd67e25a5620" />
      <TestMethod codeBase="d:\v2.0\a1\_work\dbded102\vso\tfs\service\webaccess\releasepipeline\testscripts\tests\tests.releasemanagement.explorer.releasesviewmodel.ts" adapterTypeName="Microsoft.VisualStudio.TestTools.TestTypes.Unit.UnitTestAdapter" className="d:\v2.0\a1\_work\dbded102\vso\tfs\service\webaccess\releasepipeline\testscripts\tests\tests.releasemanagement.explorer.releasesviewmodel" name="ReleasesViewModelTests beginFetchReleases should call the refreshViewDelegate" />
    </UnitTest>
    <UnitTest name="ReleasesViewModelTests getRelease should find the release" storage="d:\v2.0\a1\_work\dbded102\vso\tfs\service\webaccess\releasepipeline\testscripts\tests\tests.releasemanagement.explorer.releasesviewmodel.ts" id="22c453ce-72fc-4ee4-947c-96f3dc913edb">
      <Execution id="137ba821-a1e5-4695-b5c0-35c927d64c3f" />
      <TestMethod codeBase="d:\v2.0\a1\_work\dbded102\vso\tfs\service\webaccess\releasepipeline\testscripts\tests\tests.releasemanagement.explorer.releasesviewmodel.ts" adapterTypeName="Microsoft.VisualStudio.TestTools.TestTypes.Unit.UnitTestAdapter" className="d:\v2.0\a1\_work\dbded102\vso\tfs\service\webaccess\releasepipeline\testscripts\tests\tests.releasemanagement.explorer.releasesviewmodel" name="ReleasesViewModelTests getRelease should find the release" />
    </UnitTest>
    <UnitTest name="ReleasesViewModelTests getRelease should return null when the release is not found" storage="d:\v2.0\a1\_work\dbded102\vso\tfs\service\webaccess\releasepipeline\testscripts\tests\tests.releasemanagement.explorer.releasesviewmodel.ts" id="7ea971e0-c16b-4712-a448-287917792e3c">
      <Execution id="63f66771-40ce-4886-97d2-a920d3b658f8" />
      <TestMethod codeBase="d:\v2.0\a1\_work\dbded102\vso\tfs\service\webaccess\releasepipeline\testscripts\tests\tests.releasemanagement.explorer.releasesviewmodel.ts" adapterTypeName="Microsoft.VisualStudio.TestTools.TestTypes.Unit.UnitTestAdapter" className="d:\v2.0\a1\_work\dbded102\vso\tfs\service\webaccess\releasepipeline\testscripts\tests\tests.releasemanagement.explorer.releasesviewmodel" name="ReleasesViewModelTests getRelease should return null when the release is not found" />
    </UnitTest>
    <UnitTest name="ReleasesViewModelTests CreatedBy filter should filter the releases for current user" storage="d:\v2.0\a1\_work\dbded102\vso\tfs\service\webaccess\releasepipeline\testscripts\tests\tests.releasemanagement.explorer.releasesviewmodel.ts" id="c7b33471-5e6c-42e5-8fbb-8760059e9560">
      <Execution id="5e5e2b26-75d9-415f-b041-b724148bad76" />
      <TestMethod codeBase="d:\v2.0\a1\_work\dbded102\vso\tfs\service\webaccess\releasepipeline\testscripts\tests\tests.releasemanagement.explorer.releasesviewmodel.ts" adapterTypeName="Microsoft.VisualStudio.TestTools.TestTypes.Unit.UnitTestAdapter" className="d:\v2.0\a1\_work\dbded102\vso\tfs\service\webaccess\releasepipeline\testscripts\tests\tests.releasemanagement.explorer.releasesviewmodel" name="ReleasesViewModelTests CreatedBy filter should filter the releases for current user" />
    </UnitTest>
    <UnitTest name="ReleasesViewModelTests State filter should filter the releases for state Abandoned" storage="d:\v2.0\a1\_work\dbded102\vso\tfs\service\webaccess\releasepipeline\testscripts\tests\tests.releasemanagement.explorer.releasesviewmodel.ts" id="4e73825f-b6a7-4a60-acf2-e2b98f2c8753">
      <Execution id="221ef238-6880-4d6a-b6a7-c3e1b541526d" />
      <TestMethod codeBase="d:\v2.0\a1\_work\dbded102\vso\tfs\service\webaccess\releasepipeline\testscripts\tests\tests.releasemanagement.explorer.releasesviewmodel.ts" adapterTypeName="Microsoft.VisualStudio.TestTools.TestTypes.Unit.UnitTestAdapter" className="d:\v2.0\a1\_work\dbded102\vso\tfs\service\webaccess\releasepipeline\testscripts\tests\tests.releasemanagement.explorer.releasesviewmodel" name="ReleasesViewModelTests State filter should filter the releases for state Abandoned" />
    </UnitTest>
    <UnitTest name="ReleasesViewModelTests State filter should filter the releases for state Draft" storage="d:\v2.0\a1\_work\dbded102\vso\tfs\service\webaccess\releasepipeline\testscripts\tests\tests.releasemanagement.explorer.releasesviewmodel.ts" id="9283825a-3280-47ac-bf53-1c0199ec81b4">
      <Execution id="aba60de2-43a4-4934-93ea-396c62f18bd3" />
      <TestMethod codeBase="d:\v2.0\a1\_work\dbded102\vso\tfs\service\webaccess\releasepipeline\testscripts\tests\tests.releasemanagement.explorer.releasesviewmodel.ts" adapterTypeName="Microsoft.VisualStudio.TestTools.TestTypes.Unit.UnitTestAdapter" className="d:\v2.0\a1\_work\dbded102\vso\tfs\service\webaccess\releasepipeline\testscripts\tests\tests.releasemanagement.explorer.releasesviewmodel" name="ReleasesViewModelTests State filter should filter the releases for state Draft" />
    </UnitTest>
    <UnitTest name="ReleasesViewModelTests State filter should filter the releases for state Inprogress" storage="d:\v2.0\a1\_work\dbded102\vso\tfs\service\webaccess\releasepipeline\testscripts\tests\tests.releasemanagement.explorer.releasesviewmodel.ts" id="98dda8f0-815a-4467-8866-d38ec3c6ddf1">
      <Execution id="f3045100-c408-4e37-8883-12283215a570" />
      <TestMethod codeBase="d:\v2.0\a1\_work\dbded102\vso\tfs\service\webaccess\releasepipeline\testscripts\tests\tests.releasemanagement.explorer.releasesviewmodel.ts" adapterTypeName="Microsoft.VisualStudio.TestTools.TestTypes.Unit.UnitTestAdapter" className="d:\v2.0\a1\_work\dbded102\vso\tfs\service\webaccess\releasepipeline\testscripts\tests\tests.releasemanagement.explorer.releasesviewmodel" name="ReleasesViewModelTests State filter should filter the releases for state Inprogress" />
    </UnitTest>
    <UnitTest name="ReleasesViewModelTests State filter should filter the releases for state Rejected" storage="d:\v2.0\a1\_work\dbded102\vso\tfs\service\webaccess\releasepipeline\testscripts\tests\tests.releasemanagement.explorer.releasesviewmodel.ts" id="dc92550b-2ef0-4fb0-a974-06a2593a5551">
      <Execution id="f6e1dfcf-246e-4fa9-92d0-fdfecc5a31f5" />
      <TestMethod codeBase="d:\v2.0\a1\_work\dbded102\vso\tfs\service\webaccess\releasepipeline\testscripts\tests\tests.releasemanagement.explorer.releasesviewmodel.ts" adapterTypeName="Microsoft.VisualStudio.TestTools.TestTypes.Unit.UnitTestAdapter" className="d:\v2.0\a1\_work\dbded102\vso\tfs\service\webaccess\releasepipeline\testscripts\tests\tests.releasemanagement.explorer.releasesviewmodel" name="ReleasesViewModelTests State filter should filter the releases for state Rejected" />
    </UnitTest>
    <UnitTest name="ReleasesViewModelTests State filter should filter the releases for state Released" storage="d:\v2.0\a1\_work\dbded102\vso\tfs\service\webaccess\releasepipeline\testscripts\tests\tests.releasemanagement.explorer.releasesviewmodel.ts" id="690aea43-73f9-4814-9899-03d636589451">
      <Execution id="9047bde8-1d38-467e-a331-3c5d48bfb444" />
      <TestMethod codeBase="d:\v2.0\a1\_work\dbded102\vso\tfs\service\webaccess\releasepipeline\testscripts\tests\tests.releasemanagement.explorer.releasesviewmodel.ts" adapterTypeName="Microsoft.VisualStudio.TestTools.TestTypes.Unit.UnitTestAdapter" className="d:\v2.0\a1\_work\dbded102\vso\tfs\service\webaccess\releasepipeline\testscripts\tests\tests.releasemanagement.explorer.releasesviewmodel" name="ReleasesViewModelTests State filter should filter the releases for state Released" />
    </UnitTest>
    <UnitTest name="ReleasesViewModelTests State filter should filter the releases for state Stopped" storage="d:\v2.0\a1\_work\dbded102\vso\tfs\service\webaccess\releasepipeline\testscripts\tests\tests.releasemanagement.explorer.releasesviewmodel.ts" id="107c582c-2093-40d0-bee4-c312b5ef1745">
      <Execution id="49d71c3f-27a0-43ca-8aa4-2a9df29a608e" />
      <TestMethod codeBase="d:\v2.0\a1\_work\dbded102\vso\tfs\service\webaccess\releasepipeline\testscripts\tests\tests.releasemanagement.explorer.releasesviewmodel.ts" adapterTypeName="Microsoft.VisualStudio.TestTools.TestTypes.Unit.UnitTestAdapter" className="d:\v2.0\a1\_work\dbded102\vso\tfs\service\webaccess\releasepipeline\testscripts\tests\tests.releasemanagement.explorer.releasesviewmodel" name="ReleasesViewModelTests State filter should filter the releases for state Stopped" />
    </UnitTest>
    <UnitTest name="ReleasesViewModelTests GetMaxEnvironmentsForCurrentReleases should return maximum environments count for releases being displayed" storage="d:\v2.0\a1\_work\dbded102\vso\tfs\service\webaccess\releasepipeline\testscripts\tests\tests.releasemanagement.explorer.releasesviewmodel.ts" id="4b3165a3-b378-47a0-a2dc-60b92837121b">
      <Execution id="c31ba152-57c0-433f-ac79-0dc2fdf9e4b8" />
      <TestMethod codeBase="d:\v2.0\a1\_work\dbded102\vso\tfs\service\webaccess\releasepipeline\testscripts\tests\tests.releasemanagement.explorer.releasesviewmodel.ts" adapterTypeName="Microsoft.VisualStudio.TestTools.TestTypes.Unit.UnitTestAdapter" className="d:\v2.0\a1\_work\dbded102\vso\tfs\service\webaccess\releasepipeline\testscripts\tests\tests.releasemanagement.explorer.releasesviewmodel" name="ReleasesViewModelTests GetMaxEnvironmentsForCurrentReleases should return maximum environments count for releases being displayed" />
    </UnitTest>
    <UnitTest name="TreeNodeViewModelTests Constructor with label returns proper label" storage="d:\v2.0\a1\_work\dbded102\vso\tfs\service\webaccess\releasepipeline\testscripts\tests\tests.releasemanagement.explorer.treenodeviewmodel.ts" id="845d115a-3a3b-4f9a-b449-88dfb757d461">
      <Execution id="40567f1b-4137-4191-ac4b-dff4982a612a" />
      <TestMethod codeBase="d:\v2.0\a1\_work\dbded102\vso\tfs\service\webaccess\releasepipeline\testscripts\tests\tests.releasemanagement.explorer.treenodeviewmodel.ts" adapterTypeName="Microsoft.VisualStudio.TestTools.TestTypes.Unit.UnitTestAdapter" className="d:\v2.0\a1\_work\dbded102\vso\tfs\service\webaccess\releasepipeline\testscripts\tests\tests.releasemanagement.explorer.treenodeviewmodel" name="TreeNodeViewModelTests Constructor with label returns proper label" />
    </UnitTest>
    <UnitTest name="TreeNodeViewModelTests New tree node should not have any children" storage="d:\v2.0\a1\_work\dbded102\vso\tfs\service\webaccess\releasepipeline\testscripts\tests\tests.releasemanagement.explorer.treenodeviewmodel.ts" id="e665611b-d0fc-45c7-9bf7-c3a46f8f0e62">
      <Execution id="4ff33c51-cf21-42b6-b77a-dc1044d31cdb" />
      <TestMethod codeBase="d:\v2.0\a1\_work\dbded102\vso\tfs\service\webaccess\releasepipeline\testscripts\tests\tests.releasemanagement.explorer.treenodeviewmodel.ts" adapterTypeName="Microsoft.VisualStudio.TestTools.TestTypes.Unit.UnitTestAdapter" className="d:\v2.0\a1\_work\dbded102\vso\tfs\service\webaccess\releasepipeline\testscripts\tests\tests.releasemanagement.explorer.treenodeviewmodel" name="TreeNodeViewModelTests New tree node should not have any children" />
    </UnitTest>
    <UnitTest name="TreeNodeViewModelTests Adding a child node should add a child node" storage="d:\v2.0\a1\_work\dbded102\vso\tfs\service\webaccess\releasepipeline\testscripts\tests\tests.releasemanagement.explorer.treenodeviewmodel.ts" id="2f367114-f348-4307-a5b7-a69fb84b9191">
      <Execution id="f3a3b86d-1fea-4db3-9da9-103cbd4d1a4e" />
      <TestMethod codeBase="d:\v2.0\a1\_work\dbded102\vso\tfs\service\webaccess\releasepipeline\testscripts\tests\tests.releasemanagement.explorer.treenodeviewmodel.ts" adapterTypeName="Microsoft.VisualStudio.TestTools.TestTypes.Unit.UnitTestAdapter" className="d:\v2.0\a1\_work\dbded102\vso\tfs\service\webaccess\releasepipeline\testscripts\tests\tests.releasemanagement.explorer.treenodeviewmodel" name="TreeNodeViewModelTests Adding a child node should add a child node" />
    </UnitTest>
    <UnitTest name="TreeNodeViewModelTests Adding multiple children using addChild() should add multiple children" storage="d:\v2.0\a1\_work\dbded102\vso\tfs\service\webaccess\releasepipeline\testscripts\tests\tests.releasemanagement.explorer.treenodeviewmodel.ts" id="5ca53e57-b66a-43e9-936b-e94114cdb9fe">
      <Execution id="19b9fb54-8d29-4640-9fe3-05b5d2b49931" />
      <TestMethod codeBase="d:\v2.0\a1\_work\dbded102\vso\tfs\service\webaccess\releasepipeline\testscripts\tests\tests.releasemanagement.explorer.treenodeviewmodel.ts" adapterTypeName="Microsoft.VisualStudio.TestTools.TestTypes.Unit.UnitTestAdapter" className="d:\v2.0\a1\_work\dbded102\vso\tfs\service\webaccess\releasepipeline\testscripts\tests\tests.releasemanagement.explorer.treenodeviewmodel" name="TreeNodeViewModelTests Adding multiple children using addChild() should add multiple children" />
    </UnitTest>
    <UnitTest name="TreeNodeViewModelTests Adding multiple children using addChildren() should add multiple children" storage="d:\v2.0\a1\_work\dbded102\vso\tfs\service\webaccess\releasepipeline\testscripts\tests\tests.releasemanagement.explorer.treenodeviewmodel.ts" id="b22a343f-7c9b-4e2a-871b-ee74933c0422">
      <Execution id="9ac93783-26f1-400a-b817-d8ca947799b2" />
      <TestMethod codeBase="d:\v2.0\a1\_work\dbded102\vso\tfs\service\webaccess\releasepipeline\testscripts\tests\tests.releasemanagement.explorer.treenodeviewmodel.ts" adapterTypeName="Microsoft.VisualStudio.TestTools.TestTypes.Unit.UnitTestAdapter" className="d:\v2.0\a1\_work\dbded102\vso\tfs\service\webaccess\releasepipeline\testscripts\tests\tests.releasemanagement.explorer.treenodeviewmodel" name="TreeNodeViewModelTests Adding multiple children using addChildren() should add multiple children" />
    </UnitTest>
    <UnitTest name="TreeNodeViewModelTests Clear should remove all children" storage="d:\v2.0\a1\_work\dbded102\vso\tfs\service\webaccess\releasepipeline\testscripts\tests\tests.releasemanagement.explorer.treenodeviewmodel.ts" id="678ed094-2dff-4f62-8592-03d84185dafe">
      <Execution id="2937478e-a8f9-4999-bcfb-d2e859ebb574" />
      <TestMethod codeBase="d:\v2.0\a1\_work\dbded102\vso\tfs\service\webaccess\releasepipeline\testscripts\tests\tests.releasemanagement.explorer.treenodeviewmodel.ts" adapterTypeName="Microsoft.VisualStudio.TestTools.TestTypes.Unit.UnitTestAdapter" className="d:\v2.0\a1\_work\dbded102\vso\tfs\service\webaccess\releasepipeline\testscripts\tests\tests.releasemanagement.explorer.treenodeviewmodel" name="TreeNodeViewModelTests Clear should remove all children" />
    </UnitTest>
    <UnitTest name="TreeNodeViewModelTests Set tag should return back the tag that is set." storage="d:\v2.0\a1\_work\dbded102\vso\tfs\service\webaccess\releasepipeline\testscripts\tests\tests.releasemanagement.explorer.treenodeviewmodel.ts" id="504168f3-3f26-4076-a2d0-e8e4be9289da">
      <Execution id="0507f526-4906-42c3-b868-d4f214fbf7b9" />
      <TestMethod codeBase="d:\v2.0\a1\_work\dbded102\vso\tfs\service\webaccess\releasepipeline\testscripts\tests\tests.releasemanagement.explorer.treenodeviewmodel.ts" adapterTypeName="Microsoft.VisualStudio.TestTools.TestTypes.Unit.UnitTestAdapter" className="d:\v2.0\a1\_work\dbded102\vso\tfs\service\webaccess\releasepipeline\testscripts\tests\tests.releasemanagement.explorer.treenodeviewmodel.ts::treenodeviewmodeltests::set tag should return back the tag that is set" name="TreeNodeViewModelTests Set tag should return back the tag that is set." />
    </UnitTest>
    <UnitTest name="SearchAndAddArtifactsDialogTests SearchAndAddArtifactsDialog construction" storage="d:\v2.0\a1\_work\dbded102\vso\tfs\service\webaccess\releasepipeline\testscripts\tests\tests.releasemanagement.searchandaddartifactsdialog.ts" id="6e5f72f1-d538-4008-bf10-cc3d98094101">
      <Execution id="0b260606-014d-43aa-84dc-19be2a6c795d" />
      <TestMethod codeBase="d:\v2.0\a1\_work\dbded102\vso\tfs\service\webaccess\releasepipeline\testscripts\tests\tests.releasemanagement.searchandaddartifactsdialog.ts" adapterTypeName="Microsoft.VisualStudio.TestTools.TestTypes.Unit.UnitTestAdapter" className="d:\v2.0\a1\_work\dbded102\vso\tfs\service\webaccess\releasepipeline\testscripts\tests\tests.releasemanagement.searchandaddartifactsdialog" name="SearchAndAddArtifactsDialogTests SearchAndAddArtifactsDialog construction" />
    </UnitTest>
    <UnitTest name="SearchAndAddArtifactsDialogTests SearchAndAddArtifactsDialog verify artifact types and source data" storage="d:\v2.0\a1\_work\dbded102\vso\tfs\service\webaccess\releasepipeline\testscripts\tests\tests.releasemanagement.searchandaddartifactsdialog.ts" id="f66869fa-e695-4d26-b5c9-64b94aa7a9a5">
      <Execution id="513e634e-9372-4cd7-96e1-8b469ddb6e7d" />
      <TestMethod codeBase="d:\v2.0\a1\_work\dbded102\vso\tfs\service\webaccess\releasepipeline\testscripts\tests\tests.releasemanagement.searchandaddartifactsdialog.ts" adapterTypeName="Microsoft.VisualStudio.TestTools.TestTypes.Unit.UnitTestAdapter" className="d:\v2.0\a1\_work\dbded102\vso\tfs\service\webaccess\releasepipeline\testscripts\tests\tests.releasemanagement.searchandaddartifactsdialog" name="SearchAndAddArtifactsDialogTests SearchAndAddArtifactsDialog verify artifact types and source data" />
    </UnitTest>
    <UnitTest name="SearchAndAddArtifactsDialogTests SearchAndAddArtifactsDialog search result should match the artifact definition count" storage="d:\v2.0\a1\_work\dbded102\vso\tfs\service\webaccess\releasepipeline\testscripts\tests\tests.releasemanagement.searchandaddartifactsdialog.ts" id="f6edb13c-44ec-48ca-bd6b-40cf89f48dfb">
      <Execution id="67a205e7-9662-4832-ab87-5fd5bce50be8" />
      <TestMethod codeBase="d:\v2.0\a1\_work\dbded102\vso\tfs\service\webaccess\releasepipeline\testscripts\tests\tests.releasemanagement.searchandaddartifactsdialog.ts" adapterTypeName="Microsoft.VisualStudio.TestTools.TestTypes.Unit.UnitTestAdapter" className="d:\v2.0\a1\_work\dbded102\vso\tfs\service\webaccess\releasepipeline\testscripts\tests\tests.releasemanagement.searchandaddartifactsdialog" name="SearchAndAddArtifactsDialogTests SearchAndAddArtifactsDialog search result should match the artifact definition count" />
    </UnitTest>
    <UnitTest name="SearchAndAddArtifactsDialogTests select all and add should add artifacts to view model" storage="d:\v2.0\a1\_work\dbded102\vso\tfs\service\webaccess\releasepipeline\testscripts\tests\tests.releasemanagement.searchandaddartifactsdialog.ts" id="49ac2cdb-a52f-4605-81f3-34485ce84326">
      <Execution id="956fa4d9-8b11-4bfc-95f7-cf0462397172" />
      <TestMethod codeBase="d:\v2.0\a1\_work\dbded102\vso\tfs\service\webaccess\releasepipeline\testscripts\tests\tests.releasemanagement.searchandaddartifactsdialog.ts" adapterTypeName="Microsoft.VisualStudio.TestTools.TestTypes.Unit.UnitTestAdapter" className="d:\v2.0\a1\_work\dbded102\vso\tfs\service\webaccess\releasepipeline\testscripts\tests\tests.releasemanagement.searchandaddartifactsdialog" name="SearchAndAddArtifactsDialogTests select all and add should add artifacts to view model" />
    </UnitTest>
    <UnitTest name="SearchAndAddArtifactsDialogTests already selected definitions should not get added twice or replace existing definitions" storage="d:\v2.0\a1\_work\dbded102\vso\tfs\service\webaccess\releasepipeline\testscripts\tests\tests.releasemanagement.searchandaddartifactsdialog.ts" id="5d023f51-badd-42c3-9395-79af5ff91b68">
      <Execution id="81231c21-31d1-420b-90f2-f7649a0c9030" />
      <TestMethod codeBase="d:\v2.0\a1\_work\dbded102\vso\tfs\service\webaccess\releasepipeline\testscripts\tests\tests.releasemanagement.searchandaddartifactsdialog.ts" adapterTypeName="Microsoft.VisualStudio.TestTools.TestTypes.Unit.UnitTestAdapter" className="d:\v2.0\a1\_work\dbded102\vso\tfs\service\webaccess\releasepipeline\testscripts\tests\tests.releasemanagement.searchandaddartifactsdialog" name="SearchAndAddArtifactsDialogTests already selected definitions should not get added twice or replace existing definitions" />
    </UnitTest>
    <UnitTest name="ArtifactEditorTests Should be able to create ArtifactEditor" storage="d:\v2.0\a1\_work\dbded102\vso\tfs\service\webaccess\releasepipeline\testscripts\tests\test.releasemanagement.definitiondesigner.artifactseditor.ts" id="11142afc-64ca-4a6c-967e-718500a99131">
      <Execution id="0d5c6b63-4d7d-41c7-aedc-35f6a0423a37" />
      <TestMethod codeBase="d:\v2.0\a1\_work\dbded102\vso\tfs\service\webaccess\releasepipeline\testscripts\tests\test.releasemanagement.definitiondesigner.artifactseditor.ts" adapterTypeName="Microsoft.VisualStudio.TestTools.TestTypes.Unit.UnitTestAdapter" className="d:\v2.0\a1\_work\dbded102\vso\tfs\service\webaccess\releasepipeline\testscripts\tests\test.releasemanagement.definitiondesigner.artifactseditor" name="ArtifactEditorTests Should be able to create ArtifactEditor" />
    </UnitTest>
    <UnitTest name="ArtifactEditorTests Should get updated after add artifact" storage="d:\v2.0\a1\_work\dbded102\vso\tfs\service\webaccess\releasepipeline\testscripts\tests\test.releasemanagement.definitiondesigner.artifactseditor.ts" id="e09c1733-8472-4a20-b867-f08b4e77256a">
      <Execution id="4d68b9ac-8e75-4cf5-b839-f8dba099e6f8" />
      <TestMethod codeBase="d:\v2.0\a1\_work\dbded102\vso\tfs\service\webaccess\releasepipeline\testscripts\tests\test.releasemanagement.definitiondesigner.artifactseditor.ts" adapterTypeName="Microsoft.VisualStudio.TestTools.TestTypes.Unit.UnitTestAdapter" className="d:\v2.0\a1\_work\dbded102\vso\tfs\service\webaccess\releasepipeline\testscripts\tests\test.releasemanagement.definitiondesigner.artifactseditor" name="ArtifactEditorTests Should get updated after add artifact" />
    </UnitTest>
    <UnitTest name="ArtifactEditorTests Should be able to reload definition" storage="d:\v2.0\a1\_work\dbded102\vso\tfs\service\webaccess\releasepipeline\testscripts\tests\test.releasemanagement.definitiondesigner.artifactseditor.ts" id="87427f7b-bee6-4f36-afc0-839e07d4bcdb">
      <Execution id="6ffc8277-58e1-43fe-acf8-f1981dda45e1" />
      <TestMethod codeBase="d:\v2.0\a1\_work\dbded102\vso\tfs\service\webaccess\releasepipeline\testscripts\tests\test.releasemanagement.definitiondesigner.artifactseditor.ts" adapterTypeName="Microsoft.VisualStudio.TestTools.TestTypes.Unit.UnitTestAdapter" className="d:\v2.0\a1\_work\dbded102\vso\tfs\service\webaccess\releasepipeline\testscripts\tests\test.releasemanagement.definitiondesigner.artifactseditor" name="ArtifactEditorTests Should be able to reload definition" />
    </UnitTest>
    <UnitTest name="ArtifactEditorTests canUpdateVersion should be true only when release is in draft state" storage="d:\v2.0\a1\_work\dbded102\vso\tfs\service\webaccess\releasepipeline\testscripts\tests\test.releasemanagement.definitiondesigner.artifactseditor.ts" id="9048b734-f38a-4edb-94ad-625618cdef59">
      <Execution id="af0033d8-9f92-4b69-8b16-4df91bcab176" />
      <TestMethod codeBase="d:\v2.0\a1\_work\dbded102\vso\tfs\service\webaccess\releasepipeline\testscripts\tests\test.releasemanagement.definitiondesigner.artifactseditor.ts" adapterTypeName="Microsoft.VisualStudio.TestTools.TestTypes.Unit.UnitTestAdapter" className="d:\v2.0\a1\_work\dbded102\vso\tfs\service\webaccess\releasepipeline\testscripts\tests\test.releasemanagement.definitiondesigner.artifactseditor" name="ArtifactEditorTests canUpdateVersion should be true only when release is in draft state" />
    </UnitTest>
    <UnitTest name="ReleaseSummaryArtifactsTests Artifacts section header and section text must be shown correctly when thera are no artifacts associated with a release" storage="d:\v2.0\a1\_work\dbded102\vso\tfs\service\webaccess\releasepipeline\testscripts\tests\test.releasemanagement.release.summary.artifacts.ts" id="d10feabb-ae87-4085-a758-3493c7c6884a">
      <Execution id="ef24f085-eae7-4be5-9433-b2aa9f85cca3" />
      <TestMethod codeBase="d:\v2.0\a1\_work\dbded102\vso\tfs\service\webaccess\releasepipeline\testscripts\tests\test.releasemanagement.release.summary.artifacts.ts" adapterTypeName="Microsoft.VisualStudio.TestTools.TestTypes.Unit.UnitTestAdapter" className="d:\v2.0\a1\_work\dbded102\vso\tfs\service\webaccess\releasepipeline\testscripts\tests\test.releasemanagement.release.summary.artifacts" name="ReleaseSummaryArtifactsTests Artifacts section header and section text must be shown correctly when thera are no artifacts associated with a release" />
    </UnitTest>
    <UnitTest name="ReleaseSummaryArtifactsTests RelaseSummaryArtifacts Table must display right artifact name data" storage="d:\v2.0\a1\_work\dbded102\vso\tfs\service\webaccess\releasepipeline\testscripts\tests\test.releasemanagement.release.summary.artifacts.ts" id="d19d488b-c551-49d0-9aea-0d9a6c80e3b4">
      <Execution id="a3769757-1b91-4ee3-879f-7105ad62eb7d" />
      <TestMethod codeBase="d:\v2.0\a1\_work\dbded102\vso\tfs\service\webaccess\releasepipeline\testscripts\tests\test.releasemanagement.release.summary.artifacts.ts" adapterTypeName="Microsoft.VisualStudio.TestTools.TestTypes.Unit.UnitTestAdapter" className="d:\v2.0\a1\_work\dbded102\vso\tfs\service\webaccess\releasepipeline\testscripts\tests\test.releasemanagement.release.summary.artifacts" name="ReleaseSummaryArtifactsTests RelaseSummaryArtifacts Table must display right artifact name data" />
    </UnitTest>
    <UnitTest name="ReleaseSummaryArtifactsTests Artifacts section header must display correctly when there are multiple artifacts" storage="d:\v2.0\a1\_work\dbded102\vso\tfs\service\webaccess\releasepipeline\testscripts\tests\test.releasemanagement.release.summary.artifacts.ts" id="50613060-7ee8-43fa-80cd-d9a964812b9f">
      <Execution id="41d0c7d8-1e2a-49fa-a29c-34dfd69949b4" />
      <TestMethod codeBase="d:\v2.0\a1\_work\dbded102\vso\tfs\service\webaccess\releasepipeline\testscripts\tests\test.releasemanagement.release.summary.artifacts.ts" adapterTypeName="Microsoft.VisualStudio.TestTools.TestTypes.Unit.UnitTestAdapter" className="d:\v2.0\a1\_work\dbded102\vso\tfs\service\webaccess\releasepipeline\testscripts\tests\test.releasemanagement.release.summary.artifacts" name="ReleaseSummaryArtifactsTests Artifacts section header must display correctly when there are multiple artifacts" />
    </UnitTest>
    <UnitTest name="ReleaseSummaryArtifactsTests RelaseSummaryArtifactsViewModel must be initialized with right data" storage="d:\v2.0\a1\_work\dbded102\vso\tfs\service\webaccess\releasepipeline\testscripts\tests\test.releasemanagement.release.summary.artifacts.ts" id="43c34108-2675-4ea9-a315-4826c0bfed53">
      <Execution id="609d0004-9630-4415-bd09-7e05a4e2d7ff" />
      <TestMethod codeBase="d:\v2.0\a1\_work\dbded102\vso\tfs\service\webaccess\releasepipeline\testscripts\tests\test.releasemanagement.release.summary.artifacts.ts" adapterTypeName="Microsoft.VisualStudio.TestTools.TestTypes.Unit.UnitTestAdapter" className="d:\v2.0\a1\_work\dbded102\vso\tfs\service\webaccess\releasepipeline\testscripts\tests\test.releasemanagement.release.summary.artifacts" name="ReleaseSummaryArtifactsTests RelaseSummaryArtifactsViewModel must be initialized with right data" />
    </UnitTest>
    <UnitTest name="ReleaseSummaryEnvironmentSectionTests Right number of environment tiles must be shown" storage="d:\v2.0\a1\_work\dbded102\vso\tfs\service\webaccess\releasepipeline\testscripts\tests\tests.releasemanagement.release.summary.environmentsection.ts" id="45d4ccd6-7939-4991-bdf4-481e58cb3f66">
      <Execution id="9ee72ea0-2d4f-4cff-9fc6-f97f41142127" />
      <TestMethod codeBase="d:\v2.0\a1\_work\dbded102\vso\tfs\service\webaccess\releasepipeline\testscripts\tests\tests.releasemanagement.release.summary.environmentsection.ts" adapterTypeName="Microsoft.VisualStudio.TestTools.TestTypes.Unit.UnitTestAdapter" className="d:\v2.0\a1\_work\dbded102\vso\tfs\service\webaccess\releasepipeline\testscripts\tests\tests.releasemanagement.release.summary.environmentsection" name="ReleaseSummaryEnvironmentSectionTests Right number of environment tiles must be shown" />
    </UnitTest>
    <UnitTest name="ReleaseSummaryEnvironmentSectionTests Right title must be shown on all environment tiles" storage="d:\v2.0\a1\_work\dbded102\vso\tfs\service\webaccess\releasepipeline\testscripts\tests\tests.releasemanagement.release.summary.environmentsection.ts" id="9af1e682-5195-4080-b310-b3ded107b82d">
      <Execution id="84f6ff68-df81-4a24-a22d-1a9b7a31be2b" />
      <TestMethod codeBase="d:\v2.0\a1\_work\dbded102\vso\tfs\service\webaccess\releasepipeline\testscripts\tests\tests.releasemanagement.release.summary.environmentsection.ts" adapterTypeName="Microsoft.VisualStudio.TestTools.TestTypes.Unit.UnitTestAdapter" className="d:\v2.0\a1\_work\dbded102\vso\tfs\service\webaccess\releasepipeline\testscripts\tests\tests.releasemanagement.release.summary.environmentsection" name="ReleaseSummaryEnvironmentSectionTests Right title must be shown on all environment tiles" />
    </UnitTest>
    <UnitTest name="ReleaseSummaryEnvironmentSectionTests Right status text and icon must be shown on environment tiles" storage="d:\v2.0\a1\_work\dbded102\vso\tfs\service\webaccess\releasepipeline\testscripts\tests\tests.releasemanagement.release.summary.environmentsection.ts" id="34b64c45-4569-4827-bb04-e32094b3d763">
      <Execution id="17e14c87-d0ef-4424-bb07-f941e68a168a" />
      <TestMethod codeBase="d:\v2.0\a1\_work\dbded102\vso\tfs\service\webaccess\releasepipeline\testscripts\tests\tests.releasemanagement.release.summary.environmentsection.ts" adapterTypeName="Microsoft.VisualStudio.TestTools.TestTypes.Unit.UnitTestAdapter" className="d:\v2.0\a1\_work\dbded102\vso\tfs\service\webaccess\releasepipeline\testscripts\tests\tests.releasemanagement.release.summary.environmentsection" name="ReleaseSummaryEnvironmentSectionTests Right status text and icon must be shown on environment tiles" />
    </UnitTest>
    <UnitTest name="ReleaseSummaryEnvironmentSectionTests SummaryEnvironmentViewModel constructor must set properties to right values" storage="d:\v2.0\a1\_work\dbded102\vso\tfs\service\webaccess\releasepipeline\testscripts\tests\tests.releasemanagement.release.summary.environmentsection.ts" id="1d0bc415-cca3-478a-b428-2a42dbd197f5">
      <Execution id="53178db7-c752-4297-ad85-9d6077885d0a" />
      <TestMethod codeBase="d:\v2.0\a1\_work\dbded102\vso\tfs\service\webaccess\releasepipeline\testscripts\tests\tests.releasemanagement.release.summary.environmentsection.ts" adapterTypeName="Microsoft.VisualStudio.TestTools.TestTypes.Unit.UnitTestAdapter" className="d:\v2.0\a1\_work\dbded102\vso\tfs\service\webaccess\releasepipeline\testscripts\tests\tests.releasemanagement.release.summary.environmentsection" name="ReleaseSummaryEnvironmentSectionTests SummaryEnvironmentViewModel constructor must set properties to right values" />
    </UnitTest>
    <UnitTest name="ReleaseSummaryEnvironmentSectionTests SummaryEnvironmentViewModel skipped tasks must not be included in progressLabel task count" storage="d:\v2.0\a1\_work\dbded102\vso\tfs\service\webaccess\releasepipeline\testscripts\tests\tests.releasemanagement.release.summary.environmentsection.ts" id="fc5b45bd-f93b-40f1-a4ad-5bbfb3dfce28">
      <Execution id="b19796f9-c9ab-4dd6-8070-9379f61e3880" />
      <TestMethod codeBase="d:\v2.0\a1\_work\dbded102\vso\tfs\service\webaccess\releasepipeline\testscripts\tests\tests.releasemanagement.release.summary.environmentsection.ts" adapterTypeName="Microsoft.VisualStudio.TestTools.TestTypes.Unit.UnitTestAdapter" className="d:\v2.0\a1\_work\dbded102\vso\tfs\service\webaccess\releasepipeline\testscripts\tests\tests.releasemanagement.release.summary.environmentsection" name="ReleaseSummaryEnvironmentSectionTests SummaryEnvironmentViewModel skipped tasks must not be included in progressLabel task count" />
    </UnitTest>
    <UnitTest name="ReleaseSummaryEnvironmentSectionTests SummaryEnvironmentViewModel progressLabel must be set to right value for a successful environment" storage="d:\v2.0\a1\_work\dbded102\vso\tfs\service\webaccess\releasepipeline\testscripts\tests\tests.releasemanagement.release.summary.environmentsection.ts" id="6b41e1a6-829c-46b3-a4fb-2b9b3211d190">
      <Execution id="462f87e9-dca5-4c55-8c85-d00728f797eb" />
      <TestMethod codeBase="d:\v2.0\a1\_work\dbded102\vso\tfs\service\webaccess\releasepipeline\testscripts\tests\tests.releasemanagement.release.summary.environmentsection.ts" adapterTypeName="Microsoft.VisualStudio.TestTools.TestTypes.Unit.UnitTestAdapter" className="d:\v2.0\a1\_work\dbded102\vso\tfs\service\webaccess\releasepipeline\testscripts\tests\tests.releasemanagement.release.summary.environmentsection" name="ReleaseSummaryEnvironmentSectionTests SummaryEnvironmentViewModel progressLabel must be set to right value for a successful environment" />
    </UnitTest>
    <UnitTest name="ReleaseSummaryEnvironmentSectionTests SummaryEnvironmentViewModel progressLabel must be set to right value for a inprogress environment" storage="d:\v2.0\a1\_work\dbded102\vso\tfs\service\webaccess\releasepipeline\testscripts\tests\tests.releasemanagement.release.summary.environmentsection.ts" id="2b7f7cbb-3b73-4362-b85d-ddbb14eeaefa">
      <Execution id="a4103c71-bb9c-4492-b250-a7ee1ab24537" />
      <TestMethod codeBase="d:\v2.0\a1\_work\dbded102\vso\tfs\service\webaccess\releasepipeline\testscripts\tests\tests.releasemanagement.release.summary.environmentsection.ts" adapterTypeName="Microsoft.VisualStudio.TestTools.TestTypes.Unit.UnitTestAdapter" className="d:\v2.0\a1\_work\dbded102\vso\tfs\service\webaccess\releasepipeline\testscripts\tests\tests.releasemanagement.release.summary.environmentsection" name="ReleaseSummaryEnvironmentSectionTests SummaryEnvironmentViewModel progressLabel must be set to right value for a inprogress environment" />
    </UnitTest>
    <UnitTest name="ReleaseSummaryEnvironmentSectionTests SummaryEnvironmentViewModel progressLabel must be set to right value for a notstarted environment" storage="d:\v2.0\a1\_work\dbded102\vso\tfs\service\webaccess\releasepipeline\testscripts\tests\tests.releasemanagement.release.summary.environmentsection.ts" id="ed0ee932-3908-44e9-8db5-90df97c3ed56">
      <Execution id="3713f3ff-51ff-4c9d-b7b2-e1f521e7f59c" />
      <TestMethod codeBase="d:\v2.0\a1\_work\dbded102\vso\tfs\service\webaccess\releasepipeline\testscripts\tests\tests.releasemanagement.release.summary.environmentsection.ts" adapterTypeName="Microsoft.VisualStudio.TestTools.TestTypes.Unit.UnitTestAdapter" className="d:\v2.0\a1\_work\dbded102\vso\tfs\service\webaccess\releasepipeline\testscripts\tests\tests.releasemanagement.release.summary.environmentsection" name="ReleaseSummaryEnvironmentSectionTests SummaryEnvironmentViewModel progressLabel must be set to right value for a notstarted environment" />
    </UnitTest>
    <UnitTest name="ReleaseSummaryEnvironmentSectionTests SummaryApprovalViewModel constructor must set properties to right values" storage="d:\v2.0\a1\_work\dbded102\vso\tfs\service\webaccess\releasepipeline\testscripts\tests\tests.releasemanagement.release.summary.environmentsection.ts" id="b6c5921b-345a-4983-a619-8ab309439af6">
      <Execution id="b048e678-fdb1-45f3-9021-61a5fddc9cfa" />
      <TestMethod codeBase="d:\v2.0\a1\_work\dbded102\vso\tfs\service\webaccess\releasepipeline\testscripts\tests\tests.releasemanagement.release.summary.environmentsection.ts" adapterTypeName="Microsoft.VisualStudio.TestTools.TestTypes.Unit.UnitTestAdapter" className="d:\v2.0\a1\_work\dbded102\vso\tfs\service\webaccess\releasepipeline\testscripts\tests\tests.releasemanagement.release.summary.environmentsection" name="ReleaseSummaryEnvironmentSectionTests SummaryApprovalViewModel constructor must set properties to right values" />
    </UnitTest>
    <UnitTest name="ReleaseSummaryEnvironmentSectionTests GetApprovalPopupModel must return popupModel for the given type of approval" storage="d:\v2.0\a1\_work\dbded102\vso\tfs\service\webaccess\releasepipeline\testscripts\tests\tests.releasemanagement.release.summary.environmentsection.ts" id="9fcadd28-d79e-4b48-85d0-67cc31257a00">
      <Execution id="98624f32-d057-4aa2-b9d6-44f2937fc345" />
      <TestMethod codeBase="d:\v2.0\a1\_work\dbded102\vso\tfs\service\webaccess\releasepipeline\testscripts\tests\tests.releasemanagement.release.summary.environmentsection.ts" adapterTypeName="Microsoft.VisualStudio.TestTools.TestTypes.Unit.UnitTestAdapter" className="d:\v2.0\a1\_work\dbded102\vso\tfs\service\webaccess\releasepipeline\testscripts\tests\tests.releasemanagement.release.summary.environmentsection" name="ReleaseSummaryEnvironmentSectionTests GetApprovalPopupModel must return popupModel for the given type of approval" />
    </UnitTest>
    <UnitTest name="ReleaseDefinitionOverviewListControlTests Verify control create and select operation" storage="d:\v2.0\a1\_work\dbded102\vso\tfs\service\webaccess\releasepipeline\testscripts\tests\tests.releasemanagement.explorer.view.releasedefinitionoverviewlistcontrol.ts" id="b485e24a-bc45-44c3-a47a-10c5a2943eef">
      <Execution id="8d22a241-efba-4176-a2b3-4b214041884d" />
      <TestMethod codeBase="d:\v2.0\a1\_work\dbded102\vso\tfs\service\webaccess\releasepipeline\testscripts\tests\tests.releasemanagement.explorer.view.releasedefinitionoverviewlistcontrol.ts" adapterTypeName="Microsoft.VisualStudio.TestTools.TestTypes.Unit.UnitTestAdapter" className="d:\v2.0\a1\_work\dbded102\vso\tfs\service\webaccess\releasepipeline\testscripts\tests\tests.releasemanagement.explorer.view.releasedefinitionoverviewlistcontrol" name="ReleaseDefinitionOverviewListControlTests Verify control create and select operation" />
    </UnitTest>
    <UnitTest name="ReleaseDefinitionOverviewListControlTests Verify only visible definition fetch summary" storage="d:\v2.0\a1\_work\dbded102\vso\tfs\service\webaccess\releasepipeline\testscripts\tests\tests.releasemanagement.explorer.view.releasedefinitionoverviewlistcontrol.ts" id="a1d654fe-21e4-4580-a2a4-4bab15efb0c5">
      <Execution id="99acefce-acc1-486e-8dee-9d02667af1c4" />
      <TestMethod codeBase="d:\v2.0\a1\_work\dbded102\vso\tfs\service\webaccess\releasepipeline\testscripts\tests\tests.releasemanagement.explorer.view.releasedefinitionoverviewlistcontrol.ts" adapterTypeName="Microsoft.VisualStudio.TestTools.TestTypes.Unit.UnitTestAdapter" className="d:\v2.0\a1\_work\dbded102\vso\tfs\service\webaccess\releasepipeline\testscripts\tests\tests.releasemanagement.explorer.view.releasedefinitionoverviewlistcontrol" name="ReleaseDefinitionOverviewListControlTests Verify only visible definition fetch summary" />
    </UnitTest>
    <UnitTest name="ReleaseDefinitionOverviewListControlTests Verify only visible definition fetch summary on direct scroll jump" storage="d:\v2.0\a1\_work\dbded102\vso\tfs\service\webaccess\releasepipeline\testscripts\tests\tests.releasemanagement.explorer.view.releasedefinitionoverviewlistcontrol.ts" id="5b7106cb-dc36-4d24-8f4a-23a76a6bc839">
      <Execution id="727b04e3-41e5-49bf-a073-05760fba7e44" />
      <TestMethod codeBase="d:\v2.0\a1\_work\dbded102\vso\tfs\service\webaccess\releasepipeline\testscripts\tests\tests.releasemanagement.explorer.view.releasedefinitionoverviewlistcontrol.ts" adapterTypeName="Microsoft.VisualStudio.TestTools.TestTypes.Unit.UnitTestAdapter" className="d:\v2.0\a1\_work\dbded102\vso\tfs\service\webaccess\releasepipeline\testscripts\tests\tests.releasemanagement.explorer.view.releasedefinitionoverviewlistcontrol" name="ReleaseDefinitionOverviewListControlTests Verify only visible definition fetch summary on direct scroll jump" />
    </UnitTest>
    <UnitTest name="ReleasesGridViewTests Sorting on createdOn on releases grid view should work as expected" storage="d:\v2.0\a1\_work\dbded102\vso\tfs\service\webaccess\releasepipeline\testscripts\tests\tests.releasemanagement.releasesgridview.ts" id="0c3cfc14-2c68-43d8-85fd-fd916270a4ba">
      <Execution id="8fa0c908-a8b9-4699-9518-d2c2fe827928" />
      <TestMethod codeBase="d:\v2.0\a1\_work\dbded102\vso\tfs\service\webaccess\releasepipeline\testscripts\tests\tests.releasemanagement.releasesgridview.ts" adapterTypeName="Microsoft.VisualStudio.TestTools.TestTypes.Unit.UnitTestAdapter" className="d:\v2.0\a1\_work\dbded102\vso\tfs\service\webaccess\releasepipeline\testscripts\tests\tests.releasemanagement.releasesgridview" name="ReleasesGridViewTests Sorting on createdOn on releases grid view should work as expected" />
    </UnitTest>
    <UnitTest name="ReleasesGridViewTests Release Definitions column should appear in All Definition view" storage="d:\v2.0\a1\_work\dbded102\vso\tfs\service\webaccess\releasepipeline\testscripts\tests\tests.releasemanagement.releasesgridview.ts" id="867d9eab-3640-463e-b440-aa1392825d65">
      <Execution id="35b24a63-7695-431d-a7ef-df69c045117d" />
      <TestMethod codeBase="d:\v2.0\a1\_work\dbded102\vso\tfs\service\webaccess\releasepipeline\testscripts\tests\tests.releasemanagement.releasesgridview.ts" adapterTypeName="Microsoft.VisualStudio.TestTools.TestTypes.Unit.UnitTestAdapter" className="d:\v2.0\a1\_work\dbded102\vso\tfs\service\webaccess\releasepipeline\testscripts\tests\tests.releasemanagement.releasesgridview" name="ReleasesGridViewTests Release Definitions column should appear in All Definition view" />
    </UnitTest>
    <UnitTest name="ReleasesGridViewTests Release Definitions column should not appear in any particular Release Definition view" storage="d:\v2.0\a1\_work\dbded102\vso\tfs\service\webaccess\releasepipeline\testscripts\tests\tests.releasemanagement.releasesgridview.ts" id="1fdb9600-a8d1-4fcb-8f89-0796bfce75f5">
      <Execution id="6358280a-39aa-4fa8-aa13-a1ab612057f3" />
      <TestMethod codeBase="d:\v2.0\a1\_work\dbded102\vso\tfs\service\webaccess\releasepipeline\testscripts\tests\tests.releasemanagement.releasesgridview.ts" adapterTypeName="Microsoft.VisualStudio.TestTools.TestTypes.Unit.UnitTestAdapter" className="d:\v2.0\a1\_work\dbded102\vso\tfs\service\webaccess\releasepipeline\testscripts\tests\tests.releasemanagement.releasesgridview" name="ReleasesGridViewTests Release Definitions column should not appear in any particular Release Definition view" />
    </UnitTest>
    <UnitTest name="ReleasesGridViewTests Release Definitions column should appear in the correct position after rearranging" storage="d:\v2.0\a1\_work\dbded102\vso\tfs\service\webaccess\releasepipeline\testscripts\tests\tests.releasemanagement.releasesgridview.ts" id="20b15dc3-d26b-476c-b151-9144e0de0949">
      <Execution id="c42a39fb-73a4-481c-adb8-aec576cf32f5" />
      <TestMethod codeBase="d:\v2.0\a1\_work\dbded102\vso\tfs\service\webaccess\releasepipeline\testscripts\tests\tests.releasemanagement.releasesgridview.ts" adapterTypeName="Microsoft.VisualStudio.TestTools.TestTypes.Unit.UnitTestAdapter" className="d:\v2.0\a1\_work\dbded102\vso\tfs\service\webaccess\releasepipeline\testscripts\tests\tests.releasemanagement.releasesgridview" name="ReleasesGridViewTests Release Definitions column should appear in the correct position after rearranging" />
    </UnitTest>
    <UnitTest name="ReleasesGridViewTests ReleaseDefinition column should appear only once" storage="d:\v2.0\a1\_work\dbded102\vso\tfs\service\webaccess\releasepipeline\testscripts\tests\tests.releasemanagement.releasesgridview.ts" id="708c1d5d-5bdd-4cc8-be50-1def7cdded20">
      <Execution id="a0601fd2-1264-42ae-b40c-316735784f06" />
      <TestMethod codeBase="d:\v2.0\a1\_work\dbded102\vso\tfs\service\webaccess\releasepipeline\testscripts\tests\tests.releasemanagement.releasesgridview.ts" adapterTypeName="Microsoft.VisualStudio.TestTools.TestTypes.Unit.UnitTestAdapter" className="d:\v2.0\a1\_work\dbded102\vso\tfs\service\webaccess\releasepipeline\testscripts\tests\tests.releasemanagement.releasesgridview" name="ReleasesGridViewTests ReleaseDefinition column should appear only once" />
    </UnitTest>
    <UnitTest name="ReleaseLogsGridViewGridViewTests Task log should have right class for yet to download logs" storage="d:\v2.0\a1\_work\dbded102\vso\tfs\service\webaccess\releasepipeline\testscripts\tests\tests.releasemanagement.releaselogsgridview.ts" id="5db0ec1a-ab6a-4829-8be9-2c2cb6bb8f5e">
      <Execution id="548a4c6c-267d-4ab2-bbce-d3679ddaac00" />
      <TestMethod codeBase="d:\v2.0\a1\_work\dbded102\vso\tfs\service\webaccess\releasepipeline\testscripts\tests\tests.releasemanagement.releaselogsgridview.ts" adapterTypeName="Microsoft.VisualStudio.TestTools.TestTypes.Unit.UnitTestAdapter" className="d:\v2.0\a1\_work\dbded102\vso\tfs\service\webaccess\releasepipeline\testscripts\tests\tests.releasemanagement.releaselogsgridview" name="ReleaseLogsGridViewGridViewTests Task log should have right class for yet to download logs" />
    </UnitTest>
    <UnitTest name="ReleaseDefinitionTreeTests Nothing should be selected in release definition tree by default" storage="d:\v2.0\a1\_work\dbded102\vso\tfs\service\webaccess\releasepipeline\testscripts\tests\tests.releasemanagement.explorer.releasedefinitiontree.ts" id="191651e6-a572-4a07-84f7-af77508f2d7d">
      <Execution id="c36ae43b-7eb1-4677-9504-25ebb3431c06" />
      <TestMethod codeBase="d:\v2.0\a1\_work\dbded102\vso\tfs\service\webaccess\releasepipeline\testscripts\tests\tests.releasemanagement.explorer.releasedefinitiontree.ts" adapterTypeName="Microsoft.VisualStudio.TestTools.TestTypes.Unit.UnitTestAdapter" className="d:\v2.0\a1\_work\dbded102\vso\tfs\service\webaccess\releasepipeline\testscripts\tests\tests.releasemanagement.explorer.releasedefinitiontree" name="ReleaseDefinitionTreeTests Nothing should be selected in release definition tree by default" />
    </UnitTest>
    <UnitTest name="ReleaseDefinitionTreeTests On refresh current selection on release definition should be preserved." storage="d:\v2.0\a1\_work\dbded102\vso\tfs\service\webaccess\releasepipeline\testscripts\tests\tests.releasemanagement.explorer.releasedefinitiontree.ts" id="379ebc35-9e3b-40c2-88ee-55339f54a049">
      <Execution id="581d884f-6184-480b-9b24-81774bae14d4" />
      <TestMethod codeBase="d:\v2.0\a1\_work\dbded102\vso\tfs\service\webaccess\releasepipeline\testscripts\tests\tests.releasemanagement.explorer.releasedefinitiontree.ts" adapterTypeName="Microsoft.VisualStudio.TestTools.TestTypes.Unit.UnitTestAdapter" className="d:\v2.0\a1\_work\dbded102\vso\tfs\service\webaccess\releasepipeline\testscripts\tests\tests.releasemanagement.explorer.releasedefinitiontree.ts::releasedefinitiontreetests::on refresh current selection on release definition should be preserved" name="ReleaseDefinitionTreeTests On refresh current selection on release definition should be preserved." />
    </UnitTest>
    <UnitTest name="ReleaseDefinitionTreeTests On filter resulting release definition set without current selection, selection should be preserved for release definition." storage="d:\v2.0\a1\_work\dbded102\vso\tfs\service\webaccess\releasepipeline\testscripts\tests\tests.releasemanagement.explorer.releasedefinitiontree.ts" id="88237328-04c6-468f-952b-1377d6214d54">
      <Execution id="e290e404-45c3-4879-9be9-60af812f88a0" />
      <TestMethod codeBase="d:\v2.0\a1\_work\dbded102\vso\tfs\service\webaccess\releasepipeline\testscripts\tests\tests.releasemanagement.explorer.releasedefinitiontree.ts" adapterTypeName="Microsoft.VisualStudio.TestTools.TestTypes.Unit.UnitTestAdapter" className="d:\v2.0\a1\_work\dbded102\vso\tfs\service\webaccess\releasepipeline\testscripts\tests\tests.releasemanagement.explorer.releasedefinitiontree.ts::releasedefinitiontreetests::on filter resulting release definition set without current selection, selection should be preserved for release definition" name="ReleaseDefinitionTreeTests On filter resulting release definition set without current selection, selection should be preserved for release definition." />
    </UnitTest>
    <UnitTest name="ReleaseDefinitionTreeTests Selection should be preserved with Apply and clear filter." storage="d:\v2.0\a1\_work\dbded102\vso\tfs\service\webaccess\releasepipeline\testscripts\tests\tests.releasemanagement.explorer.releasedefinitiontree.ts" id="29e82bf1-9ee4-4e7b-a1a2-82ea7500fc53">
      <Execution id="351e654d-6124-451c-a803-07793989835e" />
      <TestMethod codeBase="d:\v2.0\a1\_work\dbded102\vso\tfs\service\webaccess\releasepipeline\testscripts\tests\tests.releasemanagement.explorer.releasedefinitiontree.ts" adapterTypeName="Microsoft.VisualStudio.TestTools.TestTypes.Unit.UnitTestAdapter" className="d:\v2.0\a1\_work\dbded102\vso\tfs\service\webaccess\releasepipeline\testscripts\tests\tests.releasemanagement.explorer.releasedefinitiontree.ts::releasedefinitiontreetests::selection should be preserved with apply and clear filter" name="ReleaseDefinitionTreeTests Selection should be preserved with Apply and clear filter." />
    </UnitTest>
    <UnitTest name="ReleaseDefinitionExplorerViewTests Create release definition button should not be visible for a Basic license type user" storage="d:\v2.0\a1\_work\dbded102\vso\tfs\service\webaccess\releasepipeline\testscripts\tests\tests.releasemanagement.releasedefinitionexplorerview.ts" id="452fd3e2-9576-49ed-ae2d-1c43a1f98452">
      <Execution id="6a586c40-e95a-4dac-99e6-f18c0d463342" />
      <TestMethod codeBase="d:\v2.0\a1\_work\dbded102\vso\tfs\service\webaccess\releasepipeline\testscripts\tests\tests.releasemanagement.releasedefinitionexplorerview.ts" adapterTypeName="Microsoft.VisualStudio.TestTools.TestTypes.Unit.UnitTestAdapter" className="d:\v2.0\a1\_work\dbded102\vso\tfs\service\webaccess\releasepipeline\testscripts\tests\tests.releasemanagement.releasedefinitionexplorerview" name="ReleaseDefinitionExplorerViewTests Create release definition button should not be visible for a Basic license type user" />
    </UnitTest>
    <UnitTest name="ReleaseDefinitionExplorerViewTests Create release definition button should be visible for a Advanced license type user" storage="d:\v2.0\a1\_work\dbded102\vso\tfs\service\webaccess\releasepipeline\testscripts\tests\tests.releasemanagement.releasedefinitionexplorerview.ts" id="d9d095fc-9cf7-46d4-a9a1-403ea69a33ef">
      <Execution id="53eca606-b784-4201-9d9e-b912c35ac770" />
      <TestMethod codeBase="d:\v2.0\a1\_work\dbded102\vso\tfs\service\webaccess\releasepipeline\testscripts\tests\tests.releasemanagement.releasedefinitionexplorerview.ts" adapterTypeName="Microsoft.VisualStudio.TestTools.TestTypes.Unit.UnitTestAdapter" className="d:\v2.0\a1\_work\dbded102\vso\tfs\service\webaccess\releasepipeline\testscripts\tests\tests.releasemanagement.releasedefinitionexplorerview" name="ReleaseDefinitionExplorerViewTests Create release definition button should be visible for a Advanced license type user" />
    </UnitTest>
    <UnitTest name="ReleaseDefinitionExplorerViewTests Manage release buttons in Releases view should be visible for a basic user" storage="d:\v2.0\a1\_work\dbded102\vso\tfs\service\webaccess\releasepipeline\testscripts\tests\tests.releasemanagement.releasedefinitionexplorerview.ts" id="18c020a6-efe1-497c-ba1a-b0ff680931dd">
      <Execution id="f53c900d-89a4-4843-8118-3fe2bef398b8" />
      <TestMethod codeBase="d:\v2.0\a1\_work\dbded102\vso\tfs\service\webaccess\releasepipeline\testscripts\tests\tests.releasemanagement.releasedefinitionexplorerview.ts" adapterTypeName="Microsoft.VisualStudio.TestTools.TestTypes.Unit.UnitTestAdapter" className="d:\v2.0\a1\_work\dbded102\vso\tfs\service\webaccess\releasepipeline\testscripts\tests\tests.releasemanagement.releasedefinitionexplorerview" name="ReleaseDefinitionExplorerViewTests Manage release buttons in Releases view should be visible for a basic user" />
    </UnitTest>
    <UnitTest name="ReleaseDefinitionExplorerViewTests Manage release buttons in Releases view should not be visible for a stakeholder user" storage="d:\v2.0\a1\_work\dbded102\vso\tfs\service\webaccess\releasepipeline\testscripts\tests\tests.releasemanagement.releasedefinitionexplorerview.ts" id="c24708c6-f267-4252-9e42-456146b4bc8d">
      <Execution id="a1bca8b6-057f-4706-a0f0-23e1615ad3a2" />
      <TestMethod codeBase="d:\v2.0\a1\_work\dbded102\vso\tfs\service\webaccess\releasepipeline\testscripts\tests\tests.releasemanagement.releasedefinitionexplorerview.ts" adapterTypeName="Microsoft.VisualStudio.TestTools.TestTypes.Unit.UnitTestAdapter" className="d:\v2.0\a1\_work\dbded102\vso\tfs\service\webaccess\releasepipeline\testscripts\tests\tests.releasemanagement.releasedefinitionexplorerview" name="ReleaseDefinitionExplorerViewTests Manage release buttons in Releases view should not be visible for a stakeholder user" />
    </UnitTest>
    <UnitTest name="ReleaseDefinitionExplorerViewTests Create release button in definition overview view should be visible for a licensed user" storage="d:\v2.0\a1\_work\dbded102\vso\tfs\service\webaccess\releasepipeline\testscripts\tests\tests.releasemanagement.releasedefinitionexplorerview.ts" id="38f67ecd-37d6-4cb4-8442-d9e760ba7f7c">
      <Execution id="77c80341-8f20-40ec-9a29-f4cec535916f" />
      <TestMethod codeBase="d:\v2.0\a1\_work\dbded102\vso\tfs\service\webaccess\releasepipeline\testscripts\tests\tests.releasemanagement.releasedefinitionexplorerview.ts" adapterTypeName="Microsoft.VisualStudio.TestTools.TestTypes.Unit.UnitTestAdapter" className="d:\v2.0\a1\_work\dbded102\vso\tfs\service\webaccess\releasepipeline\testscripts\tests\tests.releasemanagement.releasedefinitionexplorerview" name="ReleaseDefinitionExplorerViewTests Create release button in definition overview view should be visible for a licensed user" />
    </UnitTest>
    <UnitTest name="ReleaseDefinitionExplorerViewTests Create release button in definition overview view should not be visible for a licensed user" storage="d:\v2.0\a1\_work\dbded102\vso\tfs\service\webaccess\releasepipeline\testscripts\tests\tests.releasemanagement.releasedefinitionexplorerview.ts" id="73c1a9c0-dd9d-484c-ab89-28bbd1f31a68">
      <Execution id="636f8fd1-e010-42d8-8670-e0ae9fc75cf7" />
      <TestMethod codeBase="d:\v2.0\a1\_work\dbded102\vso\tfs\service\webaccess\releasepipeline\testscripts\tests\tests.releasemanagement.releasedefinitionexplorerview.ts" adapterTypeName="Microsoft.VisualStudio.TestTools.TestTypes.Unit.UnitTestAdapter" className="d:\v2.0\a1\_work\dbded102\vso\tfs\service\webaccess\releasepipeline\testscripts\tests\tests.releasemanagement.releasedefinitionexplorerview" name="ReleaseDefinitionExplorerViewTests Create release button in definition overview view should not be visible for a licensed user" />
    </UnitTest>
    <UnitTest name="ReleaseExplorerViewTests Enhancing the view must set Context.serviceContext" storage="d:\v2.0\a1\_work\dbded102\vso\tfs\service\webaccess\releasepipeline\testscripts\tests\tests.releasemanagement.releaseexplorerview.ts" id="81981cb1-147a-4072-b770-37efdca2f2f7">
      <Execution id="549df0b7-5de0-4dc4-bfd8-e883ff0bef6b" />
      <TestMethod codeBase="d:\v2.0\a1\_work\dbded102\vso\tfs\service\webaccess\releasepipeline\testscripts\tests\tests.releasemanagement.releaseexplorerview.ts" adapterTypeName="Microsoft.VisualStudio.TestTools.TestTypes.Unit.UnitTestAdapter" className="d:\v2.0\a1\_work\dbded102\vso\tfs\service\webaccess\releasepipeline\testscripts\tests\tests.releasemanagement.releaseexplorerview.ts::releaseexplorerviewtests::enhancing the view must set context" name="ReleaseExplorerViewTests Enhancing the view must set Context.serviceContext" />
    </UnitTest>
    <UnitTest name="ReleaseExplorerViewTests UpdateHubAndWindowTitle should show only releaseDefinition name when releaseName is not given" storage="d:\v2.0\a1\_work\dbded102\vso\tfs\service\webaccess\releasepipeline\testscripts\tests\tests.releasemanagement.releaseexplorerview.ts" id="05a3999e-2bab-4d3e-9024-de3a80260dfe">
      <Execution id="af54d97f-f61b-490a-9c60-73f1490d0de5" />
      <TestMethod codeBase="d:\v2.0\a1\_work\dbded102\vso\tfs\service\webaccess\releasepipeline\testscripts\tests\tests.releasemanagement.releaseexplorerview.ts" adapterTypeName="Microsoft.VisualStudio.TestTools.TestTypes.Unit.UnitTestAdapter" className="d:\v2.0\a1\_work\dbded102\vso\tfs\service\webaccess\releasepipeline\testscripts\tests\tests.releasemanagement.releaseexplorerview" name="ReleaseExplorerViewTests UpdateHubAndWindowTitle should show only releaseDefinition name when releaseName is not given" />
    </UnitTest>
    <UnitTest name="ReleaseExplorerViewTests UpdateHubAndWindowTitle should show releaseDefinition name and releaseName when both are given" storage="d:\v2.0\a1\_work\dbded102\vso\tfs\service\webaccess\releasepipeline\testscripts\tests\tests.releasemanagement.releaseexplorerview.ts" id="1174e545-acc6-453e-aae6-66699cdfc766">
      <Execution id="85ea6df7-4d5f-4753-a3cd-d50c9533b7eb" />
      <TestMethod codeBase="d:\v2.0\a1\_work\dbded102\vso\tfs\service\webaccess\releasepipeline\testscripts\tests\tests.releasemanagement.releaseexplorerview.ts" adapterTypeName="Microsoft.VisualStudio.TestTools.TestTypes.Unit.UnitTestAdapter" className="d:\v2.0\a1\_work\dbded102\vso\tfs\service\webaccess\releasepipeline\testscripts\tests\tests.releasemanagement.releaseexplorerview" name="ReleaseExplorerViewTests UpdateHubAndWindowTitle should show releaseDefinition name and releaseName when both are given" />
    </UnitTest>
    <UnitTest name="ReleaseExplorerViewTests Clicking on releaseDefinition name in hub title should call addHistoryPoint with right releaseDefinitionId" storage="d:\v2.0\a1\_work\dbded102\vso\tfs\service\webaccess\releasepipeline\testscripts\tests\tests.releasemanagement.releaseexplorerview.ts" id="9d06b6ea-4ada-4604-b8ea-21212698bb91">
      <Execution id="1501e289-ec94-421b-a50b-95b34deb9e35" />
      <TestMethod codeBase="d:\v2.0\a1\_work\dbded102\vso\tfs\service\webaccess\releasepipeline\testscripts\tests\tests.releasemanagement.releaseexplorerview.ts" adapterTypeName="Microsoft.VisualStudio.TestTools.TestTypes.Unit.UnitTestAdapter" className="d:\v2.0\a1\_work\dbded102\vso\tfs\service\webaccess\releasepipeline\testscripts\tests\tests.releasemanagement.releaseexplorerview" name="ReleaseExplorerViewTests Clicking on releaseDefinition name in hub title should call addHistoryPoint with right releaseDefinitionId" />
    </UnitTest>
    <UnitTest name="ReleaseExplorerViewTests When zero definitions are available we should update hub title with no definitions message" storage="d:\v2.0\a1\_work\dbded102\vso\tfs\service\webaccess\releasepipeline\testscripts\tests\tests.releasemanagement.releaseexplorerview.ts" id="255627d5-e532-4c28-b5e0-e4f7d804cdb9">
      <Execution id="1fe601b0-6fd2-4ceb-abcf-b66834110b76" />
      <TestMethod codeBase="d:\v2.0\a1\_work\dbded102\vso\tfs\service\webaccess\releasepipeline\testscripts\tests\tests.releasemanagement.releaseexplorerview.ts" adapterTypeName="Microsoft.VisualStudio.TestTools.TestTypes.Unit.UnitTestAdapter" className="d:\v2.0\a1\_work\dbded102\vso\tfs\service\webaccess\releasepipeline\testscripts\tests\tests.releasemanagement.releaseexplorerview" name="ReleaseExplorerViewTests When zero definitions are available we should update hub title with no definitions message" />
    </UnitTest>
    <UnitTest name="ReleaseExplorerViewTests No definitions message should not have link to create definition for non-licensed user" storage="d:\v2.0\a1\_work\dbded102\vso\tfs\service\webaccess\releasepipeline\testscripts\tests\tests.releasemanagement.releaseexplorerview.ts" id="69b29f86-1234-44d0-8e90-e48dff8ba657">
      <Execution id="c97865d0-e020-4f6a-a3f4-d853464fc305" />
      <TestMethod codeBase="d:\v2.0\a1\_work\dbded102\vso\tfs\service\webaccess\releasepipeline\testscripts\tests\tests.releasemanagement.releaseexplorerview.ts" adapterTypeName="Microsoft.VisualStudio.TestTools.TestTypes.Unit.UnitTestAdapter" className="d:\v2.0\a1\_work\dbded102\vso\tfs\service\webaccess\releasepipeline\testscripts\tests\tests.releasemanagement.releaseexplorerview" name="ReleaseExplorerViewTests No definitions message should not have link to create definition for non-licensed user" />
    </UnitTest>
    <UnitTest name="ReleaseExplorerViewTests Hub text should have 'All definitions' when definitions root node is selected" storage="d:\v2.0\a1\_work\dbded102\vso\tfs\service\webaccess\releasepipeline\testscripts\tests\tests.releasemanagement.releaseexplorerview.ts" id="e08b461b-4df1-4c78-8d69-5a930a0cfde6">
      <Execution id="da772887-fd60-43ec-b698-12f545f6eaf4" />
      <TestMethod codeBase="d:\v2.0\a1\_work\dbded102\vso\tfs\service\webaccess\releasepipeline\testscripts\tests\tests.releasemanagement.releaseexplorerview.ts" adapterTypeName="Microsoft.VisualStudio.TestTools.TestTypes.Unit.UnitTestAdapter" className="d:\v2.0\a1\_work\dbded102\vso\tfs\service\webaccess\releasepipeline\testscripts\tests\tests.releasemanagement.releaseexplorerview" name="ReleaseExplorerViewTests Hub text should have 'All definitions' when definitions root node is selected" />
    </UnitTest>
    <UnitTest name="ReleaseExplorerViewTests UpdateHubAndWindowTitle should not show Edit text link for a non-licensed user" storage="d:\v2.0\a1\_work\dbded102\vso\tfs\service\webaccess\releasepipeline\testscripts\tests\tests.releasemanagement.releaseexplorerview.ts" id="fdfd8a6c-14fe-48ce-9914-31d35de1d627">
      <Execution id="d9982113-946e-4a65-8cbc-86b2cbf7656d" />
      <TestMethod codeBase="d:\v2.0\a1\_work\dbded102\vso\tfs\service\webaccess\releasepipeline\testscripts\tests\tests.releasemanagement.releaseexplorerview.ts" adapterTypeName="Microsoft.VisualStudio.TestTools.TestTypes.Unit.UnitTestAdapter" className="d:\v2.0\a1\_work\dbded102\vso\tfs\service\webaccess\releasepipeline\testscripts\tests\tests.releasemanagement.releaseexplorerview" name="ReleaseExplorerViewTests UpdateHubAndWindowTitle should not show Edit text link for a non-licensed user" />
    </UnitTest>
    <UnitTest name="ReleaseExplorerViewTests Manage release buttons in Single Release view should be visible for a licensed user" storage="d:\v2.0\a1\_work\dbded102\vso\tfs\service\webaccess\releasepipeline\testscripts\tests\tests.releasemanagement.releaseexplorerview.ts" id="d0aa2021-2e37-41ab-b1e5-181fb3c80214">
      <Execution id="3e9c463c-aeeb-406d-ab9b-61776220c4b9" />
      <TestMethod codeBase="d:\v2.0\a1\_work\dbded102\vso\tfs\service\webaccess\releasepipeline\testscripts\tests\tests.releasemanagement.releaseexplorerview.ts" adapterTypeName="Microsoft.VisualStudio.TestTools.TestTypes.Unit.UnitTestAdapter" className="d:\v2.0\a1\_work\dbded102\vso\tfs\service\webaccess\releasepipeline\testscripts\tests\tests.releasemanagement.releaseexplorerview" name="ReleaseExplorerViewTests Manage release buttons in Single Release view should be visible for a licensed user" />
    </UnitTest>
    <UnitTest name="ReleaseExplorerViewTests Manage release buttons in Single Release view should not be visible for a non-licensed user" storage="d:\v2.0\a1\_work\dbded102\vso\tfs\service\webaccess\releasepipeline\testscripts\tests\tests.releasemanagement.releaseexplorerview.ts" id="635a08cb-786b-4cba-8d95-b7c74466c3d3">
      <Execution id="a21fa393-1cd6-4f33-8d0f-b2cd12dea394" />
      <TestMethod codeBase="d:\v2.0\a1\_work\dbded102\vso\tfs\service\webaccess\releasepipeline\testscripts\tests\tests.releasemanagement.releaseexplorerview.ts" adapterTypeName="Microsoft.VisualStudio.TestTools.TestTypes.Unit.UnitTestAdapter" className="d:\v2.0\a1\_work\dbded102\vso\tfs\service\webaccess\releasepipeline\testscripts\tests\tests.releasemanagement.releaseexplorerview" name="ReleaseExplorerViewTests Manage release buttons in Single Release view should not be visible for a non-licensed user" />
    </UnitTest>
    <UnitTest name="ReleaseExplorerViewTests Navigating to definition editor should redirect to definition overview for a non-licensed user" storage="d:\v2.0\a1\_work\dbded102\vso\tfs\service\webaccess\releasepipeline\testscripts\tests\tests.releasemanagement.releaseexplorerview.ts" id="5e559d93-9e8b-4402-aa2e-316f2398f69d">
      <Execution id="03e34185-b08f-406b-81c1-58f3d75e26a5" />
      <TestMethod codeBase="d:\v2.0\a1\_work\dbded102\vso\tfs\service\webaccess\releasepipeline\testscripts\tests\tests.releasemanagement.releaseexplorerview.ts" adapterTypeName="Microsoft.VisualStudio.TestTools.TestTypes.Unit.UnitTestAdapter" className="d:\v2.0\a1\_work\dbded102\vso\tfs\service\webaccess\releasepipeline\testscripts\tests\tests.releasemanagement.releaseexplorerview" name="ReleaseExplorerViewTests Navigating to definition editor should redirect to definition overview for a non-licensed user" />
    </UnitTest>
    <UnitTest name="ReleaseExplorerViewTests Navigating to release editor should redirect to definition overview for a non-licensed user" storage="d:\v2.0\a1\_work\dbded102\vso\tfs\service\webaccess\releasepipeline\testscripts\tests\tests.releasemanagement.releaseexplorerview.ts" id="fdf003ff-d14b-40e9-aa2e-f42901141a8f">
      <Execution id="f96795e9-3e17-446f-80a6-16117b5c0faf" />
      <TestMethod codeBase="d:\v2.0\a1\_work\dbded102\vso\tfs\service\webaccess\releasepipeline\testscripts\tests\tests.releasemanagement.releaseexplorerview.ts" adapterTypeName="Microsoft.VisualStudio.TestTools.TestTypes.Unit.UnitTestAdapter" className="d:\v2.0\a1\_work\dbded102\vso\tfs\service\webaccess\releasepipeline\testscripts\tests\tests.releasemanagement.releaseexplorerview" name="ReleaseExplorerViewTests Navigating to release editor should redirect to definition overview for a non-licensed user" />
    </UnitTest>
  </TestDefinitions>
  <TestEntries>
    <TestEntry testId="94589506-7cf9-489c-9fa4-d9b906e88775" executionId="f53f867a-3ec7-41b7-93c1-b6c94098b1a7" testListId="8c84fa94-04c1-424b-9868-57a2d4851a1d" />
    <TestEntry testId="56f51728-db76-43af-8f91-5bbb6b1e97c8" executionId="194796c0-be27-448f-9bdc-e1439de12370" testListId="8c84fa94-04c1-424b-9868-57a2d4851a1d" />
    <TestEntry testId="8ef05a41-dce5-4b80-97af-de2fc8b63ddc" executionId="4c7b3151-4d60-4a66-b6de-547f64959ce1" testListId="8c84fa94-04c1-424b-9868-57a2d4851a1d" />
    <TestEntry testId="d8e35ebc-d1d5-4a05-9815-c11fee9fa960" executionId="8c3ce386-2b3a-4dc3-a80e-43563613125c" testListId="8c84fa94-04c1-424b-9868-57a2d4851a1d" />
    <TestEntry testId="5ac6070b-f9f5-4526-8ae6-3f797123449a" executionId="ed906f40-2f52-4b15-b492-16aad012cd95" testListId="8c84fa94-04c1-424b-9868-57a2d4851a1d" />
    <TestEntry testId="66dd2c57-c53f-4eff-9122-0bd3667ec81a" executionId="603641d1-e75d-4ecd-ad41-3e413a58e39c" testListId="8c84fa94-04c1-424b-9868-57a2d4851a1d" />
    <TestEntry testId="5d678c3e-4b49-421e-94f3-25293e5aa472" executionId="43711491-eac4-4cb9-b723-03e450e0dbd5" testListId="8c84fa94-04c1-424b-9868-57a2d4851a1d" />
    <TestEntry testId="9d69d219-212c-42a5-b58b-d0ecb986d9a6" executionId="b50403d5-703c-4759-ab9c-c6cb4acca275" testListId="8c84fa94-04c1-424b-9868-57a2d4851a1d" />
    <TestEntry testId="4b4f6fd0-132f-40c5-9d9f-e79dcdea1b0b" executionId="e1b2fd4c-5ad4-4c90-8b6a-58a2868c534b" testListId="8c84fa94-04c1-424b-9868-57a2d4851a1d" />
    <TestEntry testId="0a76ecea-b785-4520-9f51-3a17d91fd82d" executionId="04284fa9-4071-4e52-acbb-16ced057c0c0" testListId="8c84fa94-04c1-424b-9868-57a2d4851a1d" />
    <TestEntry testId="5064e329-e86d-4918-b5c3-e4065f0f66a4" executionId="3aec1ad3-2e08-482d-bfea-11dc6e368a57" testListId="8c84fa94-04c1-424b-9868-57a2d4851a1d" />
    <TestEntry testId="d78e9b1d-1a73-4d38-89f3-a9d06700644d" executionId="d750f0ef-672f-4002-b20c-1d4f0becdbf1" testListId="8c84fa94-04c1-424b-9868-57a2d4851a1d" />
    <TestEntry testId="74468e9b-fba8-4105-8830-fd22c405c616" executionId="00ae98f4-2116-40bb-8559-6f437484fb04" testListId="8c84fa94-04c1-424b-9868-57a2d4851a1d" />
    <TestEntry testId="6b63bfe7-7154-4e5c-81b8-51d31b1ce472" executionId="d368220b-1934-45b9-a41c-eae77360453c" testListId="8c84fa94-04c1-424b-9868-57a2d4851a1d" />
    <TestEntry testId="b97a4205-ceaa-4293-8026-270133854eae" executionId="16305dc9-032a-42f1-8397-27e0cd235425" testListId="8c84fa94-04c1-424b-9868-57a2d4851a1d" />
    <TestEntry testId="f7e3b66b-2e60-471c-be9e-c0c91a0d3459" executionId="52969165-d3d5-419f-9299-00fdc51f54fd" testListId="8c84fa94-04c1-424b-9868-57a2d4851a1d" />
    <TestEntry testId="bca32bca-e04f-4509-bae3-b9034442f5a2" executionId="ed1dc544-c7ca-4e5a-8448-139e37abab0c" testListId="8c84fa94-04c1-424b-9868-57a2d4851a1d" />
    <TestEntry testId="53ef197a-ce45-48cc-87e5-e57618131d54" executionId="9d42bacd-7382-42e0-b6e2-8788d3b2f8e3" testListId="8c84fa94-04c1-424b-9868-57a2d4851a1d" />
    <TestEntry testId="0ea91bf4-99f2-4586-9c10-d3bb93cd200d" executionId="b40930cd-725d-43a4-a9c5-79aae062b694" testListId="8c84fa94-04c1-424b-9868-57a2d4851a1d" />
    <TestEntry testId="a129bc59-053c-4b6d-8ec0-b370e19d78f3" executionId="54b7932b-099a-4fc9-ab7e-f745d96932a1" testListId="8c84fa94-04c1-424b-9868-57a2d4851a1d" />
    <TestEntry testId="4100d73a-67f9-4b34-ba9f-ce2274c668d1" executionId="46794bcd-7cea-4f96-ab3e-9357dd96148b" testListId="8c84fa94-04c1-424b-9868-57a2d4851a1d" />
    <TestEntry testId="916d368a-af90-4eec-8d8e-d4574a75bf13" executionId="c3d27622-e12c-4fc7-875d-fd5ce5fbfdae" testListId="8c84fa94-04c1-424b-9868-57a2d4851a1d" />
    <TestEntry testId="f086e832-4323-4a36-aafa-fb8ecd887c33" executionId="a5fbd3f8-4f96-4963-8146-f913e366c20d" testListId="8c84fa94-04c1-424b-9868-57a2d4851a1d" />
    <TestEntry testId="aab6c025-1362-4864-8796-1c3fdd70ced2" executionId="904b7965-1d7b-408e-a0e3-5f429c7f272e" testListId="8c84fa94-04c1-424b-9868-57a2d4851a1d" />
    <TestEntry testId="5bf9cae2-209c-4193-9756-83d730221dce" executionId="902cd37c-3341-49b0-8bb5-6d8dbcc8d9f9" testListId="8c84fa94-04c1-424b-9868-57a2d4851a1d" />
    <TestEntry testId="cff53d35-dd2c-4126-8dd9-89ee0dd35ec1" executionId="dca156b7-f0e2-4034-a4e2-026af9adfb9a" testListId="8c84fa94-04c1-424b-9868-57a2d4851a1d" />
    <TestEntry testId="044da2fa-fca0-49c1-b8c9-47dcfd2ea902" executionId="26741e26-ee98-4b6c-91b2-9364d5f13469" testListId="8c84fa94-04c1-424b-9868-57a2d4851a1d" />
    <TestEntry testId="a75ad7b3-c216-4850-8bc9-e6689ddb3c81" executionId="0e96d760-3d28-4a2f-9879-95b6a7b61b82" testListId="8c84fa94-04c1-424b-9868-57a2d4851a1d" />
    <TestEntry testId="d62f5749-3f00-4678-b162-4aacf128eedf" executionId="0408afd3-8732-47f4-8960-586fb7f59318" testListId="8c84fa94-04c1-424b-9868-57a2d4851a1d" />
    <TestEntry testId="ca057164-41fb-42d1-bd1b-96a5e5a83320" executionId="f31d5540-1d01-462f-9c2e-5124f696440a" testListId="8c84fa94-04c1-424b-9868-57a2d4851a1d" />
    <TestEntry testId="5304f666-95c2-47b8-b343-a36cbd430a19" executionId="93273e50-e8df-4226-ac44-2553c7ee0a09" testListId="8c84fa94-04c1-424b-9868-57a2d4851a1d" />
    <TestEntry testId="7fa610b8-3eec-44f4-8bed-caae35f5e707" executionId="71758917-7bca-423f-acf3-0fb7da7b6a8e" testListId="8c84fa94-04c1-424b-9868-57a2d4851a1d" />
    <TestEntry testId="bff107e1-b00c-41bc-b10f-3b5a98fa458d" executionId="ef4ca66d-ee49-48b9-8db5-7507c1f52c66" testListId="8c84fa94-04c1-424b-9868-57a2d4851a1d" />
    <TestEntry testId="3b178a22-4b27-42c9-b033-2e669be21498" executionId="26644d04-0325-4a60-a7d2-e1c9a40b36c5" testListId="8c84fa94-04c1-424b-9868-57a2d4851a1d" />
    <TestEntry testId="9b563bd8-8567-4b42-bdf6-5a81df1affa6" executionId="d28f7309-cc05-45b1-ab26-87b94cd1832e" testListId="8c84fa94-04c1-424b-9868-57a2d4851a1d" />
    <TestEntry testId="f3f8072b-5c92-4ef6-bf75-7a3869d7f311" executionId="433d8f57-30ca-4701-97d4-dc8f8505a025" testListId="8c84fa94-04c1-424b-9868-57a2d4851a1d" />
    <TestEntry testId="7f892977-f259-47ab-a0be-cdaf9fcbc86e" executionId="7ae1ae90-1efe-478c-a12a-cda086f07675" testListId="8c84fa94-04c1-424b-9868-57a2d4851a1d" />
    <TestEntry testId="b97ba160-4f42-427f-b2ce-327d9a8662b2" executionId="5dea7afd-3c40-4c9e-8315-d0892d4141cb" testListId="8c84fa94-04c1-424b-9868-57a2d4851a1d" />
    <TestEntry testId="eb9b7277-7cd9-4210-929b-a32ad08baa98" executionId="e7d6a50c-bdad-40ad-b6b1-49d505572d2a" testListId="8c84fa94-04c1-424b-9868-57a2d4851a1d" />
    <TestEntry testId="18e6a920-4288-45ec-9d62-73652666088f" executionId="fe205dd9-f3af-4faf-9284-220e5d14cca7" testListId="8c84fa94-04c1-424b-9868-57a2d4851a1d" />
    <TestEntry testId="38c8239e-929f-487d-88a2-07df8ed57dce" executionId="25619b75-1bd6-4168-9967-9c83d615546f" testListId="8c84fa94-04c1-424b-9868-57a2d4851a1d" />
    <TestEntry testId="848b4da8-bbbf-4d7c-9699-64410866dcf8" executionId="4e446185-0edb-416c-a91e-a8e1e6689f00" testListId="8c84fa94-04c1-424b-9868-57a2d4851a1d" />
    <TestEntry testId="3e403e06-cdd7-416f-953e-c87c8ff98897" executionId="41b43924-d2c3-4d26-a1f9-9f405251d7f3" testListId="8c84fa94-04c1-424b-9868-57a2d4851a1d" />
    <TestEntry testId="86bed4e0-c54c-41c5-bf5d-bcec75f19b06" executionId="abb47a45-7008-4651-bb21-f6236b2d0aeb" testListId="8c84fa94-04c1-424b-9868-57a2d4851a1d" />
    <TestEntry testId="fde8f865-01af-4f57-a1ef-5fba3944a0a0" executionId="d8263fe3-a6c9-487b-bb5f-417104a02b4d" testListId="8c84fa94-04c1-424b-9868-57a2d4851a1d" />
    <TestEntry testId="2feb1609-7e62-4588-b7e2-bcf2e33e052b" executionId="e0d324c3-2cdc-45b9-b890-7ebd3e14aa2b" testListId="8c84fa94-04c1-424b-9868-57a2d4851a1d" />
    <TestEntry testId="0f833dd2-57e9-47f5-8e14-7c3686ef0775" executionId="0085c320-36e5-43b4-b62d-ad25f9b98612" testListId="8c84fa94-04c1-424b-9868-57a2d4851a1d" />
    <TestEntry testId="664602dd-05ae-4f0d-9b6c-f5e9c329d2f0" executionId="b66d4030-4195-46c0-9f12-131b252bd068" testListId="8c84fa94-04c1-424b-9868-57a2d4851a1d" />
    <TestEntry testId="384d47a7-c6bb-4291-a90a-19a0baedc015" executionId="5c9f6bca-9d85-4288-b9f4-564236015994" testListId="8c84fa94-04c1-424b-9868-57a2d4851a1d" />
    <TestEntry testId="2d9fe52d-9dbf-4674-ab20-7cf0e80f0530" executionId="95bb059a-bebe-442c-ad19-8ee23a80c3bc" testListId="8c84fa94-04c1-424b-9868-57a2d4851a1d" />
    <TestEntry testId="be3426a3-450e-4ec4-a7e8-ec0483ee5a30" executionId="9d524a44-6956-4b2e-8cb1-cca25cc46eee" testListId="8c84fa94-04c1-424b-9868-57a2d4851a1d" />
    <TestEntry testId="c2f63740-7a45-4705-ad73-6c5b3a6c057f" executionId="98359dda-c24e-4f49-9549-55652a9e685c" testListId="8c84fa94-04c1-424b-9868-57a2d4851a1d" />
    <TestEntry testId="31d92c89-8dfb-47f5-bc79-0d6f591d98c0" executionId="ac74e4bd-3ba0-4e11-8c4d-d7896b7eafc5" testListId="8c84fa94-04c1-424b-9868-57a2d4851a1d" />
    <TestEntry testId="454f34ac-2c04-4f01-a712-dfc0e28345b0" executionId="41601c75-4d7a-453f-87ca-ee5d3f78aefc" testListId="8c84fa94-04c1-424b-9868-57a2d4851a1d" />
    <TestEntry testId="1feb8f47-c644-4422-8487-814cac5f89bc" executionId="cb3e4206-0994-4f56-ab70-886f2e5e0674" testListId="8c84fa94-04c1-424b-9868-57a2d4851a1d" />
    <TestEntry testId="89fb2e7e-0e8d-4ae5-bab5-381bc42709d7" executionId="929e6ca6-210c-4543-a873-aa702e0b2dc2" testListId="8c84fa94-04c1-424b-9868-57a2d4851a1d" />
    <TestEntry testId="e6fdb828-aeb4-48fe-b472-96c04b17109d" executionId="0a624ace-d4f8-4951-ac33-132208e19009" testListId="8c84fa94-04c1-424b-9868-57a2d4851a1d" />
    <TestEntry testId="6c191f0a-24bb-46ad-a541-a9733404ed0f" executionId="17d8d720-658f-429e-a23a-256ff67a5c26" testListId="8c84fa94-04c1-424b-9868-57a2d4851a1d" />
    <TestEntry testId="9e00f4e2-89fa-464f-828f-f93ea6cb96cf" executionId="94993331-cb0e-4c7f-a0a0-303f69b7e2be" testListId="8c84fa94-04c1-424b-9868-57a2d4851a1d" />
    <TestEntry testId="9d074285-8dcf-44d3-82f2-0e4200bf705a" executionId="52292a75-2ea5-4f31-b9f2-fd91a4e9429b" testListId="8c84fa94-04c1-424b-9868-57a2d4851a1d" />
    <TestEntry testId="45fe5503-2a84-41b3-924b-5c4dd978c14b" executionId="931a58d5-02d4-4475-ac21-e70c8222ccb4" testListId="8c84fa94-04c1-424b-9868-57a2d4851a1d" />
    <TestEntry testId="10e1adf2-61b0-413a-821a-9bfdc6c7aca1" executionId="f3da34a6-d234-41ba-92cd-2fb73be008e4" testListId="8c84fa94-04c1-424b-9868-57a2d4851a1d" />
    <TestEntry testId="2a62f256-7a99-49ec-a26e-5a3bca310b97" executionId="3839eb41-312d-40d6-96d7-dd2d60440bc6" testListId="8c84fa94-04c1-424b-9868-57a2d4851a1d" />
    <TestEntry testId="99770ee5-08a4-43a8-914b-a8a0a4390a43" executionId="b53b1079-aef4-48bd-a3bb-051cfb883500" testListId="8c84fa94-04c1-424b-9868-57a2d4851a1d" />
    <TestEntry testId="3b607fc0-80af-4cc8-b5d9-1682103dc808" executionId="97a0094d-95b2-4baf-bdf6-2eff8ec10343" testListId="8c84fa94-04c1-424b-9868-57a2d4851a1d" />
    <TestEntry testId="4ebfd1e5-4b3f-43b5-b8a4-a852790b5db5" executionId="c8c29b95-26bf-4e8c-b319-ef9d7c950033" testListId="8c84fa94-04c1-424b-9868-57a2d4851a1d" />
    <TestEntry testId="93d461f7-658a-4766-9fc6-91fb30ab0e02" executionId="fd6c59e3-22e0-4533-9157-991718dca9e7" testListId="8c84fa94-04c1-424b-9868-57a2d4851a1d" />
    <TestEntry testId="98a30e09-be34-44ec-80b2-ffb9665e5bd3" executionId="55bf19a6-acc3-4199-b347-d60f347acce9" testListId="8c84fa94-04c1-424b-9868-57a2d4851a1d" />
    <TestEntry testId="925554fc-aafc-413c-aa13-c518ddd1f06c" executionId="cc52ce4e-a916-442d-9662-44d40b7d9236" testListId="8c84fa94-04c1-424b-9868-57a2d4851a1d" />
    <TestEntry testId="9b03e24c-7068-4a7d-88e7-8a71cbb135c2" executionId="6e50b8cc-013a-4c23-bfe1-452a7c9be1e9" testListId="8c84fa94-04c1-424b-9868-57a2d4851a1d" />
    <TestEntry testId="addc503c-3bab-466c-98c7-1d9bf385534c" executionId="11ef0fcc-9267-4793-9aef-9b8fe411f765" testListId="8c84fa94-04c1-424b-9868-57a2d4851a1d" />
    <TestEntry testId="adcac620-a23f-4342-9f96-1257152078f4" executionId="eca30175-f931-48db-9f8f-f2499ddf62bd" testListId="8c84fa94-04c1-424b-9868-57a2d4851a1d" />
    <TestEntry testId="75d2cfd7-583e-4927-aca4-e2b80d5562ec" executionId="8b39de55-ed2e-4d30-b02e-90de5205ee28" testListId="8c84fa94-04c1-424b-9868-57a2d4851a1d" />
    <TestEntry testId="8a40e595-3c2a-4c43-b361-ce9b8ee895f4" executionId="1867f512-a597-4607-b985-e8077b7c7633" testListId="8c84fa94-04c1-424b-9868-57a2d4851a1d" />
    <TestEntry testId="e0c63b00-3ce1-4f0f-9824-f18ebf03e838" executionId="f56d07e3-325a-4f51-a09c-f79584833a8e" testListId="8c84fa94-04c1-424b-9868-57a2d4851a1d" />
    <TestEntry testId="ae589528-f4a7-4e6c-8ba2-5456c829c6da" executionId="9fba4d24-8145-457b-8af2-77dc3adce8da" testListId="8c84fa94-04c1-424b-9868-57a2d4851a1d" />
    <TestEntry testId="d7253f8f-661e-4961-9e83-2e1f433eac5e" executionId="78084b49-91a4-48f9-b575-1a500d645aee" testListId="8c84fa94-04c1-424b-9868-57a2d4851a1d" />
    <TestEntry testId="6a810e7b-0bb2-4f31-a47b-7fe3872422b5" executionId="18a1dfe5-16db-49bc-8783-7170ada19fe5" testListId="8c84fa94-04c1-424b-9868-57a2d4851a1d" />
    <TestEntry testId="a5ab6d98-a0d2-4047-b71c-7b9ce6e91353" executionId="6e8c2a1b-7430-4367-a214-0ac829a78710" testListId="8c84fa94-04c1-424b-9868-57a2d4851a1d" />
    <TestEntry testId="56524601-1f69-4e6e-b885-105070522ce1" executionId="175e8241-900c-4f64-a32e-2c42e8e9ea2b" testListId="8c84fa94-04c1-424b-9868-57a2d4851a1d" />
    <TestEntry testId="632d2fa6-e95e-4ff7-b4cf-b948c1e0aacf" executionId="1b89abe8-8265-4ec3-a2fc-5d385d66efa4" testListId="8c84fa94-04c1-424b-9868-57a2d4851a1d" />
    <TestEntry testId="a4065282-df11-4763-8532-285b55f193c8" executionId="e199983f-5bfb-43f5-98d2-e7152a949aaf" testListId="8c84fa94-04c1-424b-9868-57a2d4851a1d" />
    <TestEntry testId="f5fc6167-00f4-4d5f-ae25-86cbf4d5a012" executionId="9a9fc4b6-715a-43a3-9d88-601dbb668708" testListId="8c84fa94-04c1-424b-9868-57a2d4851a1d" />
    <TestEntry testId="baa4c22c-db82-4821-85eb-ba6584939f9c" executionId="ebd12fb8-3f14-4981-84f3-07b4fe68acb6" testListId="8c84fa94-04c1-424b-9868-57a2d4851a1d" />
    <TestEntry testId="575a649b-81fb-4274-ac09-b954963e8695" executionId="a12c7266-62fc-43c7-8ff6-036e0ee34a35" testListId="8c84fa94-04c1-424b-9868-57a2d4851a1d" />
    <TestEntry testId="e3d5de10-10e6-406a-8291-337d06781154" executionId="2b6d26cb-b43d-44c0-9dce-6d89d7985d83" testListId="8c84fa94-04c1-424b-9868-57a2d4851a1d" />
    <TestEntry testId="048ff665-ac31-401a-a53e-d1d39688533b" executionId="5ee38463-104c-495a-8b54-58b3abc42daf" testListId="8c84fa94-04c1-424b-9868-57a2d4851a1d" />
    <TestEntry testId="684db9ed-3119-47c8-bcb8-8e13ecf3c6ed" executionId="64503af4-c48c-47c7-b1c9-5561ef4cd130" testListId="8c84fa94-04c1-424b-9868-57a2d4851a1d" />
    <TestEntry testId="4dc2f270-0eba-46b2-bb59-1611042e7a9a" executionId="6e5e3148-ef77-4201-a199-1903a8ee787a" testListId="8c84fa94-04c1-424b-9868-57a2d4851a1d" />
    <TestEntry testId="4e9674f1-ca6a-4497-9489-d4c127371e92" executionId="a491487b-676c-4355-8713-192d2bf8160e" testListId="8c84fa94-04c1-424b-9868-57a2d4851a1d" />
    <TestEntry testId="0bb9a108-8ef6-4096-ac86-06b0a571ee9d" executionId="141d3385-83a2-4a79-9ada-69fe8e4c54aa" testListId="8c84fa94-04c1-424b-9868-57a2d4851a1d" />
    <TestEntry testId="c4ce391b-e801-4384-a654-59ce3a870543" executionId="78192964-e007-4daa-879c-ffe6258a0f77" testListId="8c84fa94-04c1-424b-9868-57a2d4851a1d" />
    <TestEntry testId="4d47e66d-a80e-4a1f-83c6-ddff6d16eeba" executionId="c5b1f472-0a17-4668-910c-03c8ab0aac73" testListId="8c84fa94-04c1-424b-9868-57a2d4851a1d" />
    <TestEntry testId="a927aff6-fb60-4384-bb1f-cf7bf768cf6a" executionId="deb5405a-c172-428c-b474-6687c064476d" testListId="8c84fa94-04c1-424b-9868-57a2d4851a1d" />
    <TestEntry testId="d8fb0e30-d700-4c57-9f80-e93409bfe29a" executionId="1b63ed0d-8da1-489e-a34a-87cdd51baa7b" testListId="8c84fa94-04c1-424b-9868-57a2d4851a1d" />
    <TestEntry testId="661decd5-ff5f-4bee-9f11-596d8d943e54" executionId="8b758652-de25-4bad-8595-b72a913e62f9" testListId="8c84fa94-04c1-424b-9868-57a2d4851a1d" />
    <TestEntry testId="7d108878-4e62-49ca-86bb-e780ee1cb07a" executionId="b28da294-fb03-4349-92ab-f26667e77429" testListId="8c84fa94-04c1-424b-9868-57a2d4851a1d" />
    <TestEntry testId="0d9ec779-435f-4e85-8abc-d0d63876f172" executionId="54cb34d3-32c6-4e21-88c0-9411c297f8e1" testListId="8c84fa94-04c1-424b-9868-57a2d4851a1d" />
    <TestEntry testId="ea888545-c68b-4ad9-b59a-43f6f57111eb" executionId="333b9238-7c4a-4001-ac3f-9becd1facd7b" testListId="8c84fa94-04c1-424b-9868-57a2d4851a1d" />
    <TestEntry testId="2790a02e-9d24-497a-956c-b28b29a87223" executionId="d45809ca-5e32-49bb-9c93-9da8bba779fa" testListId="8c84fa94-04c1-424b-9868-57a2d4851a1d" />
    <TestEntry testId="d1e0ee9a-b791-466a-9a9f-330b7dcd0d25" executionId="f45ae49a-9a33-4309-88c6-148df11f968f" testListId="8c84fa94-04c1-424b-9868-57a2d4851a1d" />
    <TestEntry testId="8ce15bda-7e38-43e5-ad81-7e744d3fcfab" executionId="0f02413e-cc82-404d-a099-73a5bd911db7" testListId="8c84fa94-04c1-424b-9868-57a2d4851a1d" />
    <TestEntry testId="879ba1fe-b2a1-48e2-bb2f-d2fa854f0653" executionId="5ed551af-a681-45e0-9702-8ffd7cf6d123" testListId="8c84fa94-04c1-424b-9868-57a2d4851a1d" />
    <TestEntry testId="9e22a639-a4b0-41ce-a32e-ccf87a2806c9" executionId="66b87995-5c57-43e4-b423-0ab106b24b7c" testListId="8c84fa94-04c1-424b-9868-57a2d4851a1d" />
    <TestEntry testId="0ae341a1-72ec-4f5a-b12a-a9e07ae2c8f8" executionId="fbb3be06-13ca-4dfd-b181-b2e7f46981ad" testListId="8c84fa94-04c1-424b-9868-57a2d4851a1d" />
    <TestEntry testId="bd40fcef-b375-44f5-8214-87f77cb6caa1" executionId="62b40ae7-f743-48f6-9d71-020afbc6b75d" testListId="8c84fa94-04c1-424b-9868-57a2d4851a1d" />
    <TestEntry testId="9baba976-05ea-4130-afa8-9eb5a3e44d89" executionId="ea57fd41-b3b5-449c-bd2b-5e725041de80" testListId="8c84fa94-04c1-424b-9868-57a2d4851a1d" />
    <TestEntry testId="93ac38dc-fddc-4064-b9b9-99c73448343d" executionId="c28e5ecd-0a71-4837-a1da-fcbdc926dc8c" testListId="8c84fa94-04c1-424b-9868-57a2d4851a1d" />
    <TestEntry testId="d1b9cb5e-a583-460a-856b-44fe82ffdd49" executionId="50ca23a0-05cf-4022-abe4-66a05308b481" testListId="8c84fa94-04c1-424b-9868-57a2d4851a1d" />
    <TestEntry testId="9691629e-4bfe-44a3-b769-423147ce30bf" executionId="52254332-e803-43c5-a5a5-dbbcb107e786" testListId="8c84fa94-04c1-424b-9868-57a2d4851a1d" />
    <TestEntry testId="80886cf5-af67-4375-91df-a4a2074b0f61" executionId="cc53390c-1767-483d-b9e5-5b57b14e0ba8" testListId="8c84fa94-04c1-424b-9868-57a2d4851a1d" />
    <TestEntry testId="d1b243f0-42e7-4b89-98af-801f48274713" executionId="a4741717-8581-4b1c-ba8d-1626845b2f63" testListId="8c84fa94-04c1-424b-9868-57a2d4851a1d" />
    <TestEntry testId="dcea4275-c3a7-41f7-9bf6-844e62294f49" executionId="c21ee408-7d93-483c-a523-f9001fd7e65b" testListId="8c84fa94-04c1-424b-9868-57a2d4851a1d" />
    <TestEntry testId="42149f07-edf4-4751-98fd-cd2bc989a83f" executionId="7d441043-edd4-413d-904d-b5fb055f8d2e" testListId="8c84fa94-04c1-424b-9868-57a2d4851a1d" />
    <TestEntry testId="90a90863-72af-4d1d-93c7-d8e08e03bb77" executionId="90bf1e59-644d-4813-834f-c93eeb6d26c5" testListId="8c84fa94-04c1-424b-9868-57a2d4851a1d" />
    <TestEntry testId="fe6603d4-9f3d-4583-a9ce-1ae0c43f54bf" executionId="61e9de36-0345-408a-91b8-d3924c9b27ca" testListId="8c84fa94-04c1-424b-9868-57a2d4851a1d" />
    <TestEntry testId="ee4bd7e9-c416-41aa-8bd8-9a8800656759" executionId="4ff46310-5ff8-4508-bb71-cb9837a5fa02" testListId="8c84fa94-04c1-424b-9868-57a2d4851a1d" />
    <TestEntry testId="aed13907-6eec-4cc9-90bc-b6a46fb84bdf" executionId="5af92bcc-ea61-4dd5-9a00-f9f3925a053d" testListId="8c84fa94-04c1-424b-9868-57a2d4851a1d" />
    <TestEntry testId="300ae8a9-4aef-475b-b3d4-0da91f9a4743" executionId="3b674921-e954-49a0-9afc-de5d0b22bd8c" testListId="8c84fa94-04c1-424b-9868-57a2d4851a1d" />
    <TestEntry testId="dcad8dc5-3bfa-4630-ae74-4f2b02783f1d" executionId="83196f15-2f42-4b8a-9d0a-ffd0602420c1" testListId="8c84fa94-04c1-424b-9868-57a2d4851a1d" />
    <TestEntry testId="7d5952de-2442-4b88-85ec-9bd7dc0ec5ce" executionId="494e7c20-ccad-449e-9324-00fe7c8c9891" testListId="8c84fa94-04c1-424b-9868-57a2d4851a1d" />
    <TestEntry testId="a52e01eb-edbe-456d-9de2-87c748a6b19a" executionId="6d3b0814-daef-4ccc-bda4-cc05ee57c6f2" testListId="8c84fa94-04c1-424b-9868-57a2d4851a1d" />
    <TestEntry testId="5b01be3c-01f0-4ceb-b95b-183ed6356b4f" executionId="c9f28d16-f1e6-47ed-afef-ad90d010e83a" testListId="8c84fa94-04c1-424b-9868-57a2d4851a1d" />
    <TestEntry testId="fc3ac092-4fea-45d5-810b-0556a1f9684b" executionId="adf10085-ffbb-4410-8dca-8b256c02a83c" testListId="8c84fa94-04c1-424b-9868-57a2d4851a1d" />
    <TestEntry testId="ee3ee7c1-13c7-4c44-84ff-0a3da2601f07" executionId="6157f91f-7538-4cec-87e2-2b3a81fc91d5" testListId="8c84fa94-04c1-424b-9868-57a2d4851a1d" />
    <TestEntry testId="05afe7cc-799e-4dd3-9286-7e97595dd607" executionId="d9661324-6e67-4a31-b208-5f80410d1d2f" testListId="8c84fa94-04c1-424b-9868-57a2d4851a1d" />
    <TestEntry testId="09c09ac7-3b70-4fcb-9ba9-848c2b818891" executionId="697c2afa-3107-487e-a332-5601c32d9a77" testListId="8c84fa94-04c1-424b-9868-57a2d4851a1d" />
    <TestEntry testId="004775ba-00d6-45eb-bc93-888ceb695a20" executionId="f4d54cef-0d20-429d-acf8-9bd1a4235131" testListId="8c84fa94-04c1-424b-9868-57a2d4851a1d" />
    <TestEntry testId="b9061051-8306-45ef-bb34-9fe1ba00aba3" executionId="452bbe3d-7cac-4c7d-b9a2-c8a0351df835" testListId="8c84fa94-04c1-424b-9868-57a2d4851a1d" />
    <TestEntry testId="cf3e97bb-d7f7-4d06-abaf-9f7faa9dfb3b" executionId="b85ee812-35e5-4981-bb79-93b4edce22e3" testListId="8c84fa94-04c1-424b-9868-57a2d4851a1d" />
    <TestEntry testId="069d1357-b525-43af-8a7a-606b08a81743" executionId="e6dd3a5a-72d2-4b7d-8f14-ce01946fdaaf" testListId="8c84fa94-04c1-424b-9868-57a2d4851a1d" />
    <TestEntry testId="d01da284-be58-432e-b087-d98b49029856" executionId="6bb4760a-87ef-4664-b5b2-d2682c8a5bb8" testListId="8c84fa94-04c1-424b-9868-57a2d4851a1d" />
    <TestEntry testId="10e77d51-9f51-4291-9516-16c747f17bb6" executionId="97c28ff3-a2fc-4a7c-90f3-464e46af5ea5" testListId="8c84fa94-04c1-424b-9868-57a2d4851a1d" />
    <TestEntry testId="337db572-4292-4040-9fb8-dde0886026dc" executionId="1e443c00-3aeb-48e1-b84f-be18fcbe19ee" testListId="8c84fa94-04c1-424b-9868-57a2d4851a1d" />
    <TestEntry testId="9dda0590-50f1-40e7-8256-298cebed75d3" executionId="1d8d2e57-5165-4abb-ab64-d8901d79b144" testListId="8c84fa94-04c1-424b-9868-57a2d4851a1d" />
    <TestEntry testId="c3373766-c465-4a30-a828-d5218acc16c9" executionId="7366fbf7-5715-4e5a-8d58-ebbc230ca55e" testListId="8c84fa94-04c1-424b-9868-57a2d4851a1d" />
    <TestEntry testId="c9b66b34-0273-4062-876c-a7078f7643ac" executionId="49e77caf-6db2-4691-811f-49f5a586f053" testListId="8c84fa94-04c1-424b-9868-57a2d4851a1d" />
    <TestEntry testId="9ca6ed16-297c-49e0-8f6b-6087a455b275" executionId="7d7ea9c4-5385-43d7-a070-306f31fed497" testListId="8c84fa94-04c1-424b-9868-57a2d4851a1d" />
    <TestEntry testId="8cb2ab4c-1ee1-4c35-9ffc-2bd201569157" executionId="20a94170-22be-4a98-9616-88169b82fe34" testListId="8c84fa94-04c1-424b-9868-57a2d4851a1d" />
    <TestEntry testId="3507a6f9-5144-42e6-8172-6a3b4139c538" executionId="df5643ca-bc16-4879-b770-1ef2dddd39d1" testListId="8c84fa94-04c1-424b-9868-57a2d4851a1d" />
    <TestEntry testId="69c530e4-d26a-494d-8b66-e778046c8010" executionId="3a91d0e7-f29d-4a39-9a0e-36e03f28e47c" testListId="8c84fa94-04c1-424b-9868-57a2d4851a1d" />
    <TestEntry testId="3e5bf8c8-3cb6-4bd9-8dc5-4552a68372f6" executionId="3641e66f-008f-4089-9287-036a71eebd56" testListId="8c84fa94-04c1-424b-9868-57a2d4851a1d" />
    <TestEntry testId="82e43a68-4b62-43d6-bb76-7c928f807bb9" executionId="a8909894-36d8-49f1-bef5-9253fd9814b1" testListId="8c84fa94-04c1-424b-9868-57a2d4851a1d" />
    <TestEntry testId="d8db0ed0-e7d8-4e53-9c2a-d5bfa04893fc" executionId="01b01cfd-805a-4d43-bbdd-2f4204192527" testListId="8c84fa94-04c1-424b-9868-57a2d4851a1d" />
    <TestEntry testId="354652ee-ac41-4464-b8be-f13c83f90b94" executionId="055ac7b2-6835-4141-ac74-1d59e4e26011" testListId="8c84fa94-04c1-424b-9868-57a2d4851a1d" />
    <TestEntry testId="d37a1e25-98d6-47b1-b47c-ee7fc22f4f5a" executionId="7af71523-1b41-441a-b417-c5240cb92f28" testListId="8c84fa94-04c1-424b-9868-57a2d4851a1d" />
    <TestEntry testId="2bd00b60-3504-4507-9336-59901d2a2adb" executionId="3bb74a87-bf4b-4adf-9009-faecf3be60cf" testListId="8c84fa94-04c1-424b-9868-57a2d4851a1d" />
    <TestEntry testId="77516044-21e7-4021-ada2-3b8d7b35ac46" executionId="e98dddf1-06f0-409c-9899-db9ad9b5060c" testListId="8c84fa94-04c1-424b-9868-57a2d4851a1d" />
    <TestEntry testId="a2e4f109-96cd-42aa-84dd-013461eff8a1" executionId="035b5fd3-713a-4975-8121-a46ade826dd1" testListId="8c84fa94-04c1-424b-9868-57a2d4851a1d" />
    <TestEntry testId="042df968-59a1-4831-84a8-4a7007051db5" executionId="20ee0a00-9988-40c3-885a-30288ee4ddc5" testListId="8c84fa94-04c1-424b-9868-57a2d4851a1d" />
    <TestEntry testId="ec223ef6-a341-4ea5-86fe-1bcfcdd14bab" executionId="617f61bb-31a6-4154-bfd4-9b5845e366f2" testListId="8c84fa94-04c1-424b-9868-57a2d4851a1d" />
    <TestEntry testId="4766c3fb-0c42-4f72-a17a-b27b55ed69cb" executionId="0631c9fe-0fa7-40a9-bd10-bf292c2ef675" testListId="8c84fa94-04c1-424b-9868-57a2d4851a1d" />
    <TestEntry testId="01309c24-ec37-4bbc-ba8e-af02c4d9ef01" executionId="11b3778d-aed9-41b3-a63e-d64f03386845" testListId="8c84fa94-04c1-424b-9868-57a2d4851a1d" />
    <TestEntry testId="bd963f61-b856-4103-82b9-749033967793" executionId="cd9ccb27-ac4a-41b9-8c1a-af312ac61a5c" testListId="8c84fa94-04c1-424b-9868-57a2d4851a1d" />
    <TestEntry testId="55e06944-098f-4aaa-8fa0-555f449c0bdc" executionId="c340e91e-8077-4128-a238-4bfa80aef305" testListId="8c84fa94-04c1-424b-9868-57a2d4851a1d" />
    <TestEntry testId="2ca90ee0-fb3c-44b2-bb00-74c8e2e3792a" executionId="c0e8f6fb-04cc-4faa-9f37-00fa86e697a6" testListId="8c84fa94-04c1-424b-9868-57a2d4851a1d" />
    <TestEntry testId="f57b77ff-223e-4f47-bae4-8bd44e628809" executionId="be44713f-e548-43de-9861-2f3da900bd30" testListId="8c84fa94-04c1-424b-9868-57a2d4851a1d" />
    <TestEntry testId="07516e9c-cd14-476a-890e-c720b71007a3" executionId="5566f7f8-758d-4faa-84fe-b50949a5eb3f" testListId="8c84fa94-04c1-424b-9868-57a2d4851a1d" />
    <TestEntry testId="20795dcb-ce67-4a89-b7e5-18e98aa4c89d" executionId="5ded96ba-02a1-46b8-beb1-2346c4e1b2a6" testListId="8c84fa94-04c1-424b-9868-57a2d4851a1d" />
    <TestEntry testId="be4448c1-45b0-487b-a37c-323022a1ad3c" executionId="f4e790bd-9b54-459d-a00b-e72daea2ffd0" testListId="8c84fa94-04c1-424b-9868-57a2d4851a1d" />
    <TestEntry testId="2822a1f6-2f7e-4b74-88b0-d3896892224b" executionId="77182afa-3529-48d9-a9a5-07e8d005e17b" testListId="8c84fa94-04c1-424b-9868-57a2d4851a1d" />
    <TestEntry testId="254e8639-3635-44ba-b696-f71e1ae3c220" executionId="091fe598-ceb2-4e79-832b-1fe30236f9f0" testListId="8c84fa94-04c1-424b-9868-57a2d4851a1d" />
    <TestEntry testId="ef8a250a-54df-4cf0-8cf7-fb0fac26f9f6" executionId="0ed1cd45-d8fb-4ee5-873e-255bcc48befb" testListId="8c84fa94-04c1-424b-9868-57a2d4851a1d" />
    <TestEntry testId="7a9e42fa-a933-425d-b0bb-d06f8a7aeb1c" executionId="cc339c81-6c79-4f15-b99a-2653311e3a86" testListId="8c84fa94-04c1-424b-9868-57a2d4851a1d" />
    <TestEntry testId="3b533933-cbfe-4fd5-867a-9c5306431f26" executionId="946825f0-993e-4bc5-8037-c9b251641fcd" testListId="8c84fa94-04c1-424b-9868-57a2d4851a1d" />
    <TestEntry testId="68517634-1c25-43ac-ace0-6a730c73cd21" executionId="f6b455f6-b023-4d0d-87ca-07c6898aee1b" testListId="8c84fa94-04c1-424b-9868-57a2d4851a1d" />
    <TestEntry testId="a8a75ce4-3a0c-437c-b120-ed0fd8fe73c9" executionId="0a45158d-6b05-412f-94ac-5cf306e1ebcf" testListId="8c84fa94-04c1-424b-9868-57a2d4851a1d" />
    <TestEntry testId="b3fa2177-7943-42c9-b9cc-fac9a31b9701" executionId="63d5201a-43bc-4dd4-90a0-d6a99e812320" testListId="8c84fa94-04c1-424b-9868-57a2d4851a1d" />
    <TestEntry testId="453ca630-83d2-4c39-91b2-74b7ebd73246" executionId="ef71bf61-5136-4a95-91dc-63960bad0562" testListId="8c84fa94-04c1-424b-9868-57a2d4851a1d" />
    <TestEntry testId="2d25731f-f167-41a2-a5de-77b7d9a25736" executionId="966883c4-f501-4f15-9c12-ba576b6dbea5" testListId="8c84fa94-04c1-424b-9868-57a2d4851a1d" />
    <TestEntry testId="720d5586-2cbb-4185-8b03-8187a9399d62" executionId="146d4d56-0511-43c7-8887-347f65b59687" testListId="8c84fa94-04c1-424b-9868-57a2d4851a1d" />
    <TestEntry testId="126acf5a-819d-4218-bbf8-4a14897f9f18" executionId="3282517f-7a77-4f86-b6ea-0e511641d8b5" testListId="8c84fa94-04c1-424b-9868-57a2d4851a1d" />
    <TestEntry testId="01dcab77-cc75-4870-a9aa-144ba788b910" executionId="031a1df8-dfa9-4fde-86d3-2b9fd3e5b60a" testListId="8c84fa94-04c1-424b-9868-57a2d4851a1d" />
    <TestEntry testId="876d3832-860f-4d61-8cac-443e14c6c49c" executionId="b2e9edd2-494b-44e0-bdf1-dd226a9e1f25" testListId="8c84fa94-04c1-424b-9868-57a2d4851a1d" />
    <TestEntry testId="a9f1f5b0-f2fc-47cf-a403-b2dc7f529665" executionId="26835814-f0ea-4e65-a10f-e651007a859a" testListId="8c84fa94-04c1-424b-9868-57a2d4851a1d" />
    <TestEntry testId="4311f572-111c-4b36-9d8c-5d8b5d7dce57" executionId="ce50a8d5-50c2-40a5-9641-b33afddd4f5a" testListId="8c84fa94-04c1-424b-9868-57a2d4851a1d" />
    <TestEntry testId="9773f41c-3da6-4f85-884b-794687e222b2" executionId="3fd579c9-466b-4b4d-a3f5-57d489312cec" testListId="8c84fa94-04c1-424b-9868-57a2d4851a1d" />
    <TestEntry testId="0f7c694a-78a2-406f-8512-95f9e480ba11" executionId="97725dbd-d6cd-4ebd-9efb-301928a3f3d8" testListId="8c84fa94-04c1-424b-9868-57a2d4851a1d" />
    <TestEntry testId="dbf087e8-57bf-4e51-a10e-ed846688da90" executionId="7e6d0ebb-83f7-448c-bbe6-d90cd1de39aa" testListId="8c84fa94-04c1-424b-9868-57a2d4851a1d" />
    <TestEntry testId="01a9e232-a26b-4e9f-b6bb-b57c040dd47a" executionId="9303ac30-7f65-4403-b303-a265e94490f2" testListId="8c84fa94-04c1-424b-9868-57a2d4851a1d" />
    <TestEntry testId="704bf54e-7a6d-40fc-8304-0b485c8f295e" executionId="4bea7a64-35dc-4067-a108-181bf0ab1ab0" testListId="8c84fa94-04c1-424b-9868-57a2d4851a1d" />
    <TestEntry testId="bcb1c50d-3e35-4c86-b9cf-e907b5882ee7" executionId="c1ade5e0-ddb7-4126-ac58-3a99357c3569" testListId="8c84fa94-04c1-424b-9868-57a2d4851a1d" />
    <TestEntry testId="dbf333ac-3acc-45a5-a76c-18c3de2778f6" executionId="5e5d8c7f-1075-4f68-bf71-00e1b4e3a3ea" testListId="8c84fa94-04c1-424b-9868-57a2d4851a1d" />
    <TestEntry testId="659e584c-c331-4661-8370-f35a842551ba" executionId="49f17c89-bf66-4d44-9e8b-00677076ccb5" testListId="8c84fa94-04c1-424b-9868-57a2d4851a1d" />
    <TestEntry testId="4b8be3de-6c01-4b25-a31c-bbee38de2dfe" executionId="105dd5de-fe95-4e0e-ae9d-454bda583fae" testListId="8c84fa94-04c1-424b-9868-57a2d4851a1d" />
    <TestEntry testId="8d87315f-f68c-4fd2-81df-3f48914a86ef" executionId="c6d8ce2d-eca6-43ca-8e6c-89e14a0f6f9c" testListId="8c84fa94-04c1-424b-9868-57a2d4851a1d" />
    <TestEntry testId="9027f1bb-7653-4653-82b8-29ecea94572c" executionId="7b0b66e5-6b12-4ffd-86c9-c0ee62c755ce" testListId="8c84fa94-04c1-424b-9868-57a2d4851a1d" />
    <TestEntry testId="2200e105-edde-4465-ac20-ea7a054eaadb" executionId="75b99ac1-0a47-4f89-8e44-03f077796251" testListId="8c84fa94-04c1-424b-9868-57a2d4851a1d" />
    <TestEntry testId="33204af1-38f2-488a-a09b-87772f8c6360" executionId="a21847ec-eaaa-4d56-b976-6b93af1de8a0" testListId="8c84fa94-04c1-424b-9868-57a2d4851a1d" />
    <TestEntry testId="0477731c-4af4-4877-ae53-bfd95f4b38ec" executionId="312ae2e5-14ac-47fc-a8b5-a39ec567fcb1" testListId="8c84fa94-04c1-424b-9868-57a2d4851a1d" />
    <TestEntry testId="443f4f88-3441-4dd2-bfca-8547d03cc80c" executionId="35e05d87-cd7a-4af2-b8f3-0398c333bed4" testListId="8c84fa94-04c1-424b-9868-57a2d4851a1d" />
    <TestEntry testId="60b050a6-3ab3-42aa-8611-94c4d4775b00" executionId="e5748c27-9865-4b31-9940-a2a3033fe025" testListId="8c84fa94-04c1-424b-9868-57a2d4851a1d" />
    <TestEntry testId="b9500968-e803-414a-9367-71cc399ebf39" executionId="e37039f5-10d3-4d82-87c4-4a3a99b597b2" testListId="8c84fa94-04c1-424b-9868-57a2d4851a1d" />
    <TestEntry testId="01f348b9-4163-4bc9-8e10-afa74f7627e2" executionId="e2aadd8f-9640-4b27-aec3-20c3307ab4ad" testListId="8c84fa94-04c1-424b-9868-57a2d4851a1d" />
    <TestEntry testId="c7e4fb7c-324d-4309-9b64-704843b959ac" executionId="3a5e40d2-043f-4e3f-b5eb-5123fcbefc61" testListId="8c84fa94-04c1-424b-9868-57a2d4851a1d" />
    <TestEntry testId="bfb4f908-3399-4f37-b948-b895d09aa295" executionId="e3621b55-1509-491d-940d-6726c77765d7" testListId="8c84fa94-04c1-424b-9868-57a2d4851a1d" />
    <TestEntry testId="2586397d-1b2b-4e2c-ad2c-c1ab400b1222" executionId="0715d619-ed0c-4458-82bc-dd307f1a5bab" testListId="8c84fa94-04c1-424b-9868-57a2d4851a1d" />
    <TestEntry testId="c6ef625c-b350-4255-b68b-aa75cc03b508" executionId="ab763bd4-eb1c-4356-9add-c22e0cf8ecc2" testListId="8c84fa94-04c1-424b-9868-57a2d4851a1d" />
    <TestEntry testId="95d1ef9f-0d27-4f8a-90df-eda045c4bb52" executionId="dbfe0298-d92b-4da4-a7b6-a4ee9149a6e9" testListId="8c84fa94-04c1-424b-9868-57a2d4851a1d" />
    <TestEntry testId="1e6ee42d-866d-4328-9708-98d349f82836" executionId="febf9698-6348-443e-801c-b4a89a4dc72e" testListId="8c84fa94-04c1-424b-9868-57a2d4851a1d" />
    <TestEntry testId="79fb112d-8113-467c-8333-aede3d2868ab" executionId="a3c3903d-8d3b-4f9d-bc18-fd98b6097e3a" testListId="8c84fa94-04c1-424b-9868-57a2d4851a1d" />
    <TestEntry testId="df01f55b-5b8b-4e82-af85-22f0b163b2e3" executionId="a5bedcfc-0658-439b-8e5b-3f86ed66483e" testListId="8c84fa94-04c1-424b-9868-57a2d4851a1d" />
    <TestEntry testId="9fde013e-9034-4f7e-840e-193a56de4045" executionId="0ae5c535-b473-4e8f-8752-4a24d92c6c75" testListId="8c84fa94-04c1-424b-9868-57a2d4851a1d" />
    <TestEntry testId="5642dbed-b174-423e-8c24-ea2871f17e72" executionId="93f53928-049c-4d9b-b9ea-a94cb1953ea0" testListId="8c84fa94-04c1-424b-9868-57a2d4851a1d" />
    <TestEntry testId="4189677f-bc24-4047-bf03-168273b2ab29" executionId="3f536213-64a8-4f1e-833b-2cde0c20e55e" testListId="8c84fa94-04c1-424b-9868-57a2d4851a1d" />
    <TestEntry testId="d5bdfd5c-f4e1-45d6-bbd7-72f259121363" executionId="0a429be5-f1a4-4f87-a77f-14b0cf100a95" testListId="8c84fa94-04c1-424b-9868-57a2d4851a1d" />
    <TestEntry testId="bfcd70a3-2839-49c1-9245-eab51e432fa8" executionId="62faceff-2f33-42c4-a286-f43835abb04e" testListId="8c84fa94-04c1-424b-9868-57a2d4851a1d" />
    <TestEntry testId="212a5f8d-0c34-400e-9afc-9ff31d0e9ca7" executionId="c2ab41c0-fcd4-457c-a13f-9d27fecfdadf" testListId="8c84fa94-04c1-424b-9868-57a2d4851a1d" />
    <TestEntry testId="5bdb7d67-01f6-4071-9c9f-16c843a1ca66" executionId="4b9a91bf-0897-4c57-a551-3564525a0fdd" testListId="8c84fa94-04c1-424b-9868-57a2d4851a1d" />
    <TestEntry testId="f4fec8b3-cbf0-467d-8dc1-95ac9e02d534" executionId="42758e62-d4ce-4133-90bf-17d3b4655303" testListId="8c84fa94-04c1-424b-9868-57a2d4851a1d" />
    <TestEntry testId="70797de9-4195-4640-9d86-de11024d5bcc" executionId="a21d34ee-ff88-461c-b66a-fea22965eb17" testListId="8c84fa94-04c1-424b-9868-57a2d4851a1d" />
    <TestEntry testId="6b8f386a-b264-41be-9204-43a4b30da5d0" executionId="99bdd64e-22e5-4bb2-82d5-7c0f280de98f" testListId="8c84fa94-04c1-424b-9868-57a2d4851a1d" />
    <TestEntry testId="ecb74daf-8e34-4190-8a15-ce0a4f29faef" executionId="a44782f2-3ec0-4a9c-97d5-469a7c4efc2e" testListId="8c84fa94-04c1-424b-9868-57a2d4851a1d" />
    <TestEntry testId="d032ce35-ded1-4042-9041-da7613525c35" executionId="1ae18ad2-0148-404a-aed3-b484387c2b96" testListId="8c84fa94-04c1-424b-9868-57a2d4851a1d" />
    <TestEntry testId="247db81e-3b54-4172-8162-9a580bcc9b30" executionId="4d9328a0-60b3-409c-9bd3-f6d79b94734b" testListId="8c84fa94-04c1-424b-9868-57a2d4851a1d" />
    <TestEntry testId="024ea53c-3638-4f2a-9058-637c837e4e0e" executionId="cca704bd-c298-4d40-86ee-bbf405209321" testListId="8c84fa94-04c1-424b-9868-57a2d4851a1d" />
    <TestEntry testId="ddca2203-7bf4-4e13-977c-0b6adc3250c5" executionId="cf98a9d1-314f-4ae6-9174-0e2980d26675" testListId="8c84fa94-04c1-424b-9868-57a2d4851a1d" />
    <TestEntry testId="92427f58-c605-4a32-9ae0-57b23c8c01e3" executionId="a88afaec-f8d7-4d9d-b0af-f8942f2279dd" testListId="8c84fa94-04c1-424b-9868-57a2d4851a1d" />
    <TestEntry testId="5bf0e54e-c208-4cdb-9bfe-02b328e8d50a" executionId="f4240aad-e31c-495a-b030-4695e8e8bdd3" testListId="8c84fa94-04c1-424b-9868-57a2d4851a1d" />
    <TestEntry testId="07710b87-ee16-4174-a09d-ec36935016f4" executionId="cf5118e3-cc4e-4408-8849-d62eb3edeaf2" testListId="8c84fa94-04c1-424b-9868-57a2d4851a1d" />
    <TestEntry testId="10c21e01-4e41-411b-bfbb-77fa8d4037ed" executionId="9c533ca5-9ab5-4a7d-8af6-3d3eb84b521d" testListId="8c84fa94-04c1-424b-9868-57a2d4851a1d" />
    <TestEntry testId="0e2e7f63-bce4-4c12-bb2e-56a6eb2aba08" executionId="f325c994-8de7-4f96-ba71-dad5cd4d7523" testListId="8c84fa94-04c1-424b-9868-57a2d4851a1d" />
    <TestEntry testId="f3648af7-c1db-4471-b058-9a70718dcfd9" executionId="f7bcd884-8705-4dcd-a789-d6e8fa572229" testListId="8c84fa94-04c1-424b-9868-57a2d4851a1d" />
    <TestEntry testId="d55a3401-04a8-4d1e-8a9f-4bbdc3ce45e6" executionId="61e10b07-96da-410d-a218-5b763f244804" testListId="8c84fa94-04c1-424b-9868-57a2d4851a1d" />
    <TestEntry testId="748c460e-35d5-4d46-b4ca-165febd51a7a" executionId="c5dc00be-d690-4430-800b-597ac28328cd" testListId="8c84fa94-04c1-424b-9868-57a2d4851a1d" />
    <TestEntry testId="7ee95610-60eb-47ea-a670-235afdf7b78b" executionId="d123cd29-74f3-4c1f-84df-d79da7b6aac8" testListId="8c84fa94-04c1-424b-9868-57a2d4851a1d" />
    <TestEntry testId="4717a4ca-a0d6-4bae-ac45-7c13f64b391a" executionId="58c99737-4854-4fc0-aff5-da2f71b58405" testListId="8c84fa94-04c1-424b-9868-57a2d4851a1d" />
    <TestEntry testId="0ac06524-e41e-46bb-a6c7-c2310ac014fb" executionId="247d4223-4ce5-4611-97b0-c74f0ede2a42" testListId="8c84fa94-04c1-424b-9868-57a2d4851a1d" />
    <TestEntry testId="cc4e6c62-e4bb-4db6-a2e9-82c89e4aa923" executionId="55b4422f-63b5-4caf-a559-d269d6b3fb9b" testListId="8c84fa94-04c1-424b-9868-57a2d4851a1d" />
    <TestEntry testId="a2f55898-ea16-4628-91ce-4afd397b71dc" executionId="8336bad1-80c6-447d-94c1-b07fce3df9cc" testListId="8c84fa94-04c1-424b-9868-57a2d4851a1d" />
    <TestEntry testId="fd2d2825-1c71-419c-a4e9-09991f148b80" executionId="e9679d5d-0b9e-4d92-b2f2-e8b19fa8c266" testListId="8c84fa94-04c1-424b-9868-57a2d4851a1d" />
    <TestEntry testId="b5bc02df-ea7f-4cb1-a259-74a4b3cd607e" executionId="3d290e85-c687-4634-8c97-4a4bfc823f35" testListId="8c84fa94-04c1-424b-9868-57a2d4851a1d" />
    <TestEntry testId="d9515c29-b2b8-4482-b00e-14b162a28e03" executionId="b7c358ac-173d-496c-a915-305b19736e14" testListId="8c84fa94-04c1-424b-9868-57a2d4851a1d" />
    <TestEntry testId="19290725-6f16-49a7-bc24-3396340a7496" executionId="43a304e3-877d-44b0-8e12-436279a2a9f4" testListId="8c84fa94-04c1-424b-9868-57a2d4851a1d" />
    <TestEntry testId="3df95253-0396-47d5-9fdb-a63ce964f92e" executionId="f612cded-a722-4683-b864-08d910f4bedd" testListId="8c84fa94-04c1-424b-9868-57a2d4851a1d" />
    <TestEntry testId="d1133bbb-9cdf-4122-a05b-a9db461b067b" executionId="101cfae5-d98c-4436-b7b8-11d6ec7125a3" testListId="8c84fa94-04c1-424b-9868-57a2d4851a1d" />
    <TestEntry testId="b099c001-587c-4beb-9235-15fd38867008" executionId="c60ed4e5-5330-44ba-82b7-20953ba09bed" testListId="8c84fa94-04c1-424b-9868-57a2d4851a1d" />
    <TestEntry testId="9100cc8a-4708-4cc3-ad4a-9c07b694f109" executionId="64280861-039b-40a8-bd0e-f2d0a6910f23" testListId="8c84fa94-04c1-424b-9868-57a2d4851a1d" />
    <TestEntry testId="75f8b704-bd6c-4290-9cbe-df3bb68f050f" executionId="a11091a9-007d-477e-a4ab-05ca8bf8ef7a" testListId="8c84fa94-04c1-424b-9868-57a2d4851a1d" />
    <TestEntry testId="9743da30-7e56-4d6a-9861-c9ad816efc45" executionId="9754dd29-e59f-433c-9e48-f3e786d8fb1b" testListId="8c84fa94-04c1-424b-9868-57a2d4851a1d" />
    <TestEntry testId="dc2bce06-fae4-4af1-b578-04ba7e1b2024" executionId="f2272d40-edb7-4b2b-b5c1-0d0ab230e031" testListId="8c84fa94-04c1-424b-9868-57a2d4851a1d" />
    <TestEntry testId="f4a7d8da-e6b3-4860-b82a-b6444b37e9bd" executionId="b5a63e8a-b913-44f6-8489-aeb550010038" testListId="8c84fa94-04c1-424b-9868-57a2d4851a1d" />
    <TestEntry testId="22107192-0f36-4302-afb8-f388adb0066d" executionId="54e7cb38-311b-45ca-8543-31c37c80b20a" testListId="8c84fa94-04c1-424b-9868-57a2d4851a1d" />
    <TestEntry testId="9f2504d9-8f1e-4702-a0e9-3c4bce0aeca6" executionId="701f8f9b-eb05-4750-b163-6ef12a64fc6a" testListId="8c84fa94-04c1-424b-9868-57a2d4851a1d" />
    <TestEntry testId="71b5b023-1830-4e2b-98a2-8944a01415fc" executionId="fea1d208-a337-4ab0-b769-f989d23a19cc" testListId="8c84fa94-04c1-424b-9868-57a2d4851a1d" />
    <TestEntry testId="d54cdce6-9d43-4637-8436-ba011bceabcd" executionId="ad5fa7c2-f983-417c-bbd3-f630cf8da837" testListId="8c84fa94-04c1-424b-9868-57a2d4851a1d" />
    <TestEntry testId="4a96ad5f-76fa-41e0-86a1-ec3816a8eff5" executionId="e6dd00f6-8df1-4605-baf8-b66974c8efe6" testListId="8c84fa94-04c1-424b-9868-57a2d4851a1d" />
    <TestEntry testId="278991f9-df37-454b-97e3-27450821f2d4" executionId="c61bb869-7250-47e4-8754-070c72eaec3d" testListId="8c84fa94-04c1-424b-9868-57a2d4851a1d" />
    <TestEntry testId="f5ae9a59-cd9c-49ce-9431-8a9eba543579" executionId="a96fe119-3e31-4338-93e2-aa2933ccb7c1" testListId="8c84fa94-04c1-424b-9868-57a2d4851a1d" />
    <TestEntry testId="e0d4d345-613e-4bd5-a9e9-66e68304540e" executionId="33d9d7de-f550-4382-bbec-e9acd569ff2b" testListId="8c84fa94-04c1-424b-9868-57a2d4851a1d" />
    <TestEntry testId="501d82c5-586b-41be-afa1-ae32b67a14e4" executionId="f935e380-35c1-4379-b61a-b1c605d60a7c" testListId="8c84fa94-04c1-424b-9868-57a2d4851a1d" />
    <TestEntry testId="cfbc0712-d9c7-47e6-821a-5e7bcae90543" executionId="6e2eaf10-27e2-4103-a694-a209e20e7445" testListId="8c84fa94-04c1-424b-9868-57a2d4851a1d" />
    <TestEntry testId="1cd0f228-1e0c-476b-bdb2-9eb3070254ce" executionId="9e24c7a2-4055-4975-904f-73401444a50b" testListId="8c84fa94-04c1-424b-9868-57a2d4851a1d" />
    <TestEntry testId="23940ad8-83c7-4dd9-afbf-64844cedb379" executionId="129a211d-1f54-45f6-ac8d-522d1424fce5" testListId="8c84fa94-04c1-424b-9868-57a2d4851a1d" />
    <TestEntry testId="f52e4d8c-3415-4fc9-b8df-2da3e0bafa18" executionId="3a11fa03-22df-4a82-9a6f-f9270323e59b" testListId="8c84fa94-04c1-424b-9868-57a2d4851a1d" />
    <TestEntry testId="76a903b8-a0c2-4f41-ae81-bf64e5b818d6" executionId="037201d5-5969-4a57-be67-57e24d5d2080" testListId="8c84fa94-04c1-424b-9868-57a2d4851a1d" />
    <TestEntry testId="1a9ecc87-ac74-4f3f-aa56-8103d9a4a62b" executionId="cb5f0e94-2ee5-4316-911c-9be27295561e" testListId="8c84fa94-04c1-424b-9868-57a2d4851a1d" />
    <TestEntry testId="c66e0034-79ae-4ead-9fca-f8fe567b7270" executionId="bf796d5c-9f20-41c1-aa79-941d9a47a7b2" testListId="8c84fa94-04c1-424b-9868-57a2d4851a1d" />
    <TestEntry testId="6f1d681b-3a3b-41d3-95e9-b73c4d6c5968" executionId="c2ab2ae9-d281-4c8e-9e5f-399369fa3cf0" testListId="8c84fa94-04c1-424b-9868-57a2d4851a1d" />
    <TestEntry testId="0c4017f4-d4dc-4bca-8345-a3ff1bb8c5bf" executionId="d132206c-64ad-404d-9cad-d2572f46551e" testListId="8c84fa94-04c1-424b-9868-57a2d4851a1d" />
    <TestEntry testId="bdc12126-70ca-4786-89ab-c46599800412" executionId="13b221d9-4e26-4908-b529-1195cc3b6916" testListId="8c84fa94-04c1-424b-9868-57a2d4851a1d" />
    <TestEntry testId="c5cd8555-0f1c-462b-a36c-01eb98350345" executionId="34f0f25f-3a6d-46da-9ba1-df9ad18b6d7f" testListId="8c84fa94-04c1-424b-9868-57a2d4851a1d" />
    <TestEntry testId="53c45f83-2662-47d0-a44f-5dfd1f84ad3d" executionId="bb11ee05-21ef-406b-a0a6-38dbad5450bf" testListId="8c84fa94-04c1-424b-9868-57a2d4851a1d" />
    <TestEntry testId="d80bd0a1-9e70-4f47-8dd0-ed708ca07d1d" executionId="14154d69-c3a8-472b-903d-7073f40c967e" testListId="8c84fa94-04c1-424b-9868-57a2d4851a1d" />
    <TestEntry testId="b4943e48-2123-4792-bdc3-07af2887c603" executionId="836cdcfb-4758-4468-8d31-2241fada7330" testListId="8c84fa94-04c1-424b-9868-57a2d4851a1d" />
    <TestEntry testId="7ad8b6a8-7ab4-4597-b9eb-8c8c81aaaf35" executionId="4377cab1-72b3-42cb-b27a-3fa515257667" testListId="8c84fa94-04c1-424b-9868-57a2d4851a1d" />
    <TestEntry testId="4210c77d-0d67-4806-9478-955768778a24" executionId="75c50a98-4d95-47c3-8765-612efb3da2d6" testListId="8c84fa94-04c1-424b-9868-57a2d4851a1d" />
    <TestEntry testId="dd6c5024-bfc9-49e7-8d10-ec04ad5c2326" executionId="97f897d0-ac16-4f3c-99ea-04cb49018f0c" testListId="8c84fa94-04c1-424b-9868-57a2d4851a1d" />
    <TestEntry testId="260d27e7-ac4d-4d0c-8d72-f5dc82a2ebeb" executionId="072dc8c2-9e0a-4fc3-bbb9-ba1bf05ea777" testListId="8c84fa94-04c1-424b-9868-57a2d4851a1d" />
    <TestEntry testId="4636a809-b42c-431f-b01b-5bfdc6e3db8f" executionId="bcf16640-4fb0-47e4-837a-095fc37ebdda" testListId="8c84fa94-04c1-424b-9868-57a2d4851a1d" />
    <TestEntry testId="66ac38e8-87be-4d18-90ca-2aee3078b9b6" executionId="798550cb-6b44-4f64-9f1f-61b860405797" testListId="8c84fa94-04c1-424b-9868-57a2d4851a1d" />
    <TestEntry testId="57dbea7c-2a5f-43c1-a07d-614f73ef1383" executionId="6fac77ec-9345-400b-a463-7d3ab7e628d3" testListId="8c84fa94-04c1-424b-9868-57a2d4851a1d" />
    <TestEntry testId="3f4b64a6-d662-4d5d-b61d-86b4cac48981" executionId="da293501-649d-44db-a3cb-6504ed863024" testListId="8c84fa94-04c1-424b-9868-57a2d4851a1d" />
    <TestEntry testId="33524c9e-c42b-46cf-bdca-b12d3a9cd2d8" executionId="1a577c95-b5a7-4c25-af4b-05caec6dd3ca" testListId="8c84fa94-04c1-424b-9868-57a2d4851a1d" />
    <TestEntry testId="3df7eadc-724b-4e9c-80c1-643e2e72b6fc" executionId="8447d085-76f4-4794-947a-fd4d81bec46a" testListId="8c84fa94-04c1-424b-9868-57a2d4851a1d" />
    <TestEntry testId="13fa2b79-fa28-46d0-80b0-803665456bf9" executionId="73487b8d-e140-4cc0-9af6-2c2387da166f" testListId="8c84fa94-04c1-424b-9868-57a2d4851a1d" />
    <TestEntry testId="45468a87-9b98-478c-aaef-ed45404ba6f3" executionId="ec6f3611-a9bd-494e-a8b9-6fac6839a663" testListId="8c84fa94-04c1-424b-9868-57a2d4851a1d" />
    <TestEntry testId="8ee46109-c1ba-424f-88e8-8477cf858fff" executionId="6b084b6e-00e5-42c4-8800-d4e03770a3b8" testListId="8c84fa94-04c1-424b-9868-57a2d4851a1d" />
    <TestEntry testId="f82b22a2-f766-4159-8cf9-9ed741c0adcd" executionId="b7e7a197-efb8-48a3-a003-26f523b587f8" testListId="8c84fa94-04c1-424b-9868-57a2d4851a1d" />
    <TestEntry testId="3e7c756e-a750-4fb6-9c37-c3e3927cf437" executionId="1731021e-7d45-43a4-ae78-e28487fdb364" testListId="8c84fa94-04c1-424b-9868-57a2d4851a1d" />
    <TestEntry testId="0eb7875d-340c-4793-98f1-840470c8d9a9" executionId="c09a2ca6-c7c1-407e-b917-c4adc90cd83f" testListId="8c84fa94-04c1-424b-9868-57a2d4851a1d" />
    <TestEntry testId="7d0fb5ce-48d3-4803-a86e-4002a25e4c47" executionId="b73d8358-3089-46d5-becb-706d7ab080b9" testListId="8c84fa94-04c1-424b-9868-57a2d4851a1d" />
    <TestEntry testId="d6f8292b-07fc-43df-a0af-77e7ea1dc82f" executionId="6cec8cb5-e1ce-4e4d-b627-d120165a6c34" testListId="8c84fa94-04c1-424b-9868-57a2d4851a1d" />
    <TestEntry testId="7e41a2f8-f798-4eea-99ef-f4055c980cf7" executionId="1d2b75f3-7df3-4357-92af-0a15ddc2222d" testListId="8c84fa94-04c1-424b-9868-57a2d4851a1d" />
    <TestEntry testId="7038f9d9-10c1-4ae8-907d-c0b1db5f30fb" executionId="77400ab2-361f-43d3-a743-8d4f16eb02b1" testListId="8c84fa94-04c1-424b-9868-57a2d4851a1d" />
    <TestEntry testId="9337a76f-1007-4f38-a310-5f7a5f576291" executionId="cb53927c-c612-44d3-bb93-882eba921422" testListId="8c84fa94-04c1-424b-9868-57a2d4851a1d" />
    <TestEntry testId="eb8cccf0-c8f0-4d07-9724-a732e051d3ad" executionId="bbd0577f-ef7a-47ca-a14e-ec649b4e39f1" testListId="8c84fa94-04c1-424b-9868-57a2d4851a1d" />
    <TestEntry testId="d019a66f-8455-4bea-bc50-fa4aa1f1af3e" executionId="053fda91-c9d2-471a-910f-1c2e1b7bc9fd" testListId="8c84fa94-04c1-424b-9868-57a2d4851a1d" />
    <TestEntry testId="b2f7532b-c9ce-4514-a811-1e667c6420fe" executionId="aa44a950-c236-4df3-a2c4-cc31db55c181" testListId="8c84fa94-04c1-424b-9868-57a2d4851a1d" />
    <TestEntry testId="ed85bd04-8c33-4bde-80e0-20c0a052e8e6" executionId="edd4eaa2-a2e8-477b-90c1-325d4c95858d" testListId="8c84fa94-04c1-424b-9868-57a2d4851a1d" />
    <TestEntry testId="2bda0ffd-9d47-4888-a5ca-269ebb0ff952" executionId="06fb56fa-c526-413c-b5f7-3c724ac6d418" testListId="8c84fa94-04c1-424b-9868-57a2d4851a1d" />
    <TestEntry testId="4078c496-166a-4b57-84f1-970829bf8a79" executionId="4a0d2a97-14ef-4129-b37c-bbdb192275ea" testListId="8c84fa94-04c1-424b-9868-57a2d4851a1d" />
    <TestEntry testId="0e8337ee-7b6b-42b8-9d4f-80f1103a19a6" executionId="2fd7b960-b2ba-46b9-ba4c-63e85824766d" testListId="8c84fa94-04c1-424b-9868-57a2d4851a1d" />
    <TestEntry testId="2aac1100-63ec-4dcf-96d2-ed19bc5906ba" executionId="5cc90b80-bf30-4958-9074-4a14272ba075" testListId="8c84fa94-04c1-424b-9868-57a2d4851a1d" />
    <TestEntry testId="cd147b8f-e123-495b-81c5-02544ab80e27" executionId="b8ac4f02-857c-41f9-a0ce-8a79dcb343c7" testListId="8c84fa94-04c1-424b-9868-57a2d4851a1d" />
    <TestEntry testId="5e2bf98d-3e1d-4f73-baea-64d7f0d76333" executionId="31e4d805-fe66-45cf-a821-0ac0452fd562" testListId="8c84fa94-04c1-424b-9868-57a2d4851a1d" />
    <TestEntry testId="787565e9-e401-4f5f-976f-92f7e5f01492" executionId="7603774a-b983-4eb4-b049-1cc7ad8cf494" testListId="8c84fa94-04c1-424b-9868-57a2d4851a1d" />
    <TestEntry testId="89ada25f-b514-490f-9877-17dd20a95c2a" executionId="1dddd59a-5589-4590-a9f6-181e82245069" testListId="8c84fa94-04c1-424b-9868-57a2d4851a1d" />
    <TestEntry testId="afa3b74c-f4ff-4084-a22b-2492ea8f2239" executionId="cf406276-6e0f-495e-8fd7-8b96aa79bc0a" testListId="8c84fa94-04c1-424b-9868-57a2d4851a1d" />
    <TestEntry testId="ad81454f-31b7-4719-927d-db150a929119" executionId="2dde3344-99e8-43f7-ace2-b2baecc6081e" testListId="8c84fa94-04c1-424b-9868-57a2d4851a1d" />
    <TestEntry testId="22a8e62b-ff68-4c22-8e14-e0d694c2eb2f" executionId="4caf3d5f-ab69-4cf5-b756-597a63955c7e" testListId="8c84fa94-04c1-424b-9868-57a2d4851a1d" />
    <TestEntry testId="9ae2f410-99b8-425a-8a84-74793f19a10a" executionId="6854e5af-21e0-45c6-8ccd-4e3fb5b7b600" testListId="8c84fa94-04c1-424b-9868-57a2d4851a1d" />
    <TestEntry testId="c1dc056a-ef76-474c-9b4d-affbb7762ea2" executionId="1f83ebde-dd46-47db-b725-8b2c3a88ca9a" testListId="8c84fa94-04c1-424b-9868-57a2d4851a1d" />
    <TestEntry testId="cff2fc2a-2d44-4240-a003-fa36a7b60f05" executionId="c6ced4c9-7348-4aac-ab38-2da25a341a2b" testListId="8c84fa94-04c1-424b-9868-57a2d4851a1d" />
    <TestEntry testId="9f9c88fe-0784-4988-86ea-16d03f499ede" executionId="b90692bf-1c7d-40d9-a915-650cc9ae84c3" testListId="8c84fa94-04c1-424b-9868-57a2d4851a1d" />
    <TestEntry testId="4a6e1e05-859d-4595-97b1-69894892bb51" executionId="05a484d5-cd78-4c0d-8bd4-7cf240253551" testListId="8c84fa94-04c1-424b-9868-57a2d4851a1d" />
    <TestEntry testId="0c026421-2add-4d81-b56e-4906a15cb842" executionId="284c4dc2-fcaf-46ce-a340-87273184f2c2" testListId="8c84fa94-04c1-424b-9868-57a2d4851a1d" />
    <TestEntry testId="ff177bdd-b325-4494-b78a-5be555b78cde" executionId="03c5e879-6af8-43b7-a2b4-840ade239f66" testListId="8c84fa94-04c1-424b-9868-57a2d4851a1d" />
    <TestEntry testId="b4f5996f-b9f8-404c-a177-b7cfdeef09a1" executionId="8e540a49-56ff-4625-84b5-ecc615eb3474" testListId="8c84fa94-04c1-424b-9868-57a2d4851a1d" />
    <TestEntry testId="d04b6584-798b-4136-a93f-8e49da6e841b" executionId="9207c3a4-2096-4b9a-803a-fe4741655662" testListId="8c84fa94-04c1-424b-9868-57a2d4851a1d" />
    <TestEntry testId="f0625f79-2a7b-4f52-b545-dd85bc8fb93a" executionId="31367b1a-05f6-4a69-8e7e-8ddb6b357018" testListId="8c84fa94-04c1-424b-9868-57a2d4851a1d" />
    <TestEntry testId="37f65631-96cd-4488-bb8b-1fa353786c31" executionId="ddadd8ed-b9c6-46e4-b3e9-6559a1a51125" testListId="8c84fa94-04c1-424b-9868-57a2d4851a1d" />
    <TestEntry testId="3e9cf3a1-e524-45d4-821f-4f4ddf411596" executionId="4c7c8a26-44d5-40b1-973e-eff9c61a67a5" testListId="8c84fa94-04c1-424b-9868-57a2d4851a1d" />
    <TestEntry testId="4a8927f3-8489-44ac-9329-a19d1d80c7f5" executionId="d8ab525f-845c-46b6-9aa1-ba8629034297" testListId="8c84fa94-04c1-424b-9868-57a2d4851a1d" />
    <TestEntry testId="44d44f26-b119-42ac-bb22-62f4735e0a15" executionId="fdbcc37f-fd97-424c-9d4b-8b556039a301" testListId="8c84fa94-04c1-424b-9868-57a2d4851a1d" />
    <TestEntry testId="7bba7063-ec20-4b61-aa29-35561e49649f" executionId="4629a33b-a76d-4255-a7bf-7771105d64ac" testListId="8c84fa94-04c1-424b-9868-57a2d4851a1d" />
    <TestEntry testId="ebecc42a-1757-4f64-9335-8cea8a722548" executionId="c0107464-e34c-4520-9fc0-6a11539cc0a3" testListId="8c84fa94-04c1-424b-9868-57a2d4851a1d" />
    <TestEntry testId="ba440682-5db1-47d5-84b6-7310680e2658" executionId="74943e34-cde7-445f-bf58-9c8e2bf232e1" testListId="8c84fa94-04c1-424b-9868-57a2d4851a1d" />
    <TestEntry testId="ae2a0060-5700-4789-bfb7-b0f74d0f495c" executionId="4ab23229-ab46-48eb-90e9-8ea137efed3c" testListId="8c84fa94-04c1-424b-9868-57a2d4851a1d" />
    <TestEntry testId="a35ded9a-7101-48e6-b5d2-78f8e74e8b65" executionId="02e98eaa-e9d6-4969-897c-3d8644b0782a" testListId="8c84fa94-04c1-424b-9868-57a2d4851a1d" />
    <TestEntry testId="66fbae48-97da-4386-b941-764b02981b5e" executionId="2be72caa-5e6a-47c7-8d0e-e81f4235ffe3" testListId="8c84fa94-04c1-424b-9868-57a2d4851a1d" />
    <TestEntry testId="e395dcdc-b69c-410c-b95f-d15e9f15c17d" executionId="f852a0af-7cb5-4605-9d81-9c03ba0bdff9" testListId="8c84fa94-04c1-424b-9868-57a2d4851a1d" />
    <TestEntry testId="5ac4967b-9162-4c14-8459-0c60390e3fcc" executionId="d7da6573-07b7-4f06-a8a1-5a063cfee931" testListId="8c84fa94-04c1-424b-9868-57a2d4851a1d" />
    <TestEntry testId="dd0a036c-28d8-42bb-ae4d-51a269b109dd" executionId="66a4ebac-614a-4baf-9e1a-5884603a1939" testListId="8c84fa94-04c1-424b-9868-57a2d4851a1d" />
    <TestEntry testId="0959058e-eb1f-4969-837d-55a3b00b50cc" executionId="16b5539d-86fd-4137-8823-a3932f47621f" testListId="8c84fa94-04c1-424b-9868-57a2d4851a1d" />
    <TestEntry testId="7c179878-e1fc-4386-8d6d-b9cb94de4ba1" executionId="f78cb13a-9592-40ae-8998-979cba5442ad" testListId="8c84fa94-04c1-424b-9868-57a2d4851a1d" />
    <TestEntry testId="ef065467-f068-4ecb-a809-00b701a10493" executionId="3ebd1a7b-1759-4a18-8eaf-5455fa488407" testListId="8c84fa94-04c1-424b-9868-57a2d4851a1d" />
    <TestEntry testId="99c9e972-bf0e-4230-8a3c-2ccf773c9ac8" executionId="ad8d3d1d-1416-4f77-9f21-1f7bfc806105" testListId="8c84fa94-04c1-424b-9868-57a2d4851a1d" />
    <TestEntry testId="e573cfa7-b703-47a5-934f-f1e221070bb4" executionId="7bfe6475-eec4-47d8-8d07-12027b494f4d" testListId="8c84fa94-04c1-424b-9868-57a2d4851a1d" />
    <TestEntry testId="3c91b905-dbad-4f98-bdbf-70ad0fbd7dab" executionId="7f0339f7-33f8-42e9-af20-14b9fcb74538" testListId="8c84fa94-04c1-424b-9868-57a2d4851a1d" />
    <TestEntry testId="236a6621-ebc3-464a-ae0a-152d1e53cc7a" executionId="8d9dfe84-b4fb-493e-8710-7b15953690d8" testListId="8c84fa94-04c1-424b-9868-57a2d4851a1d" />
    <TestEntry testId="256cc16e-2c94-4584-9d4f-6f1dbf351af4" executionId="498a9650-4a87-456d-83aa-5eddaaaab672" testListId="8c84fa94-04c1-424b-9868-57a2d4851a1d" />
    <TestEntry testId="6d9e9f44-b880-48c0-84d6-ed25cca8e154" executionId="f28783be-f94f-4552-ba51-4b566d4e7553" testListId="8c84fa94-04c1-424b-9868-57a2d4851a1d" />
    <TestEntry testId="a3e04130-0018-435b-8f5f-902dc96a79f1" executionId="d1bb45aa-23d1-4ab8-8481-0925a6579e73" testListId="8c84fa94-04c1-424b-9868-57a2d4851a1d" />
    <TestEntry testId="808cb854-56d7-4050-b223-c48dc4000018" executionId="eca9bb35-696a-45dc-817f-ab567e1d52a5" testListId="8c84fa94-04c1-424b-9868-57a2d4851a1d" />
    <TestEntry testId="b57a0a7b-0086-4857-9dab-4fb52ba13df5" executionId="34652b1e-0bec-4b22-b502-7f6900abf9ef" testListId="8c84fa94-04c1-424b-9868-57a2d4851a1d" />
    <TestEntry testId="155c05fd-77d0-4d78-996b-4cf67a02cc62" executionId="1309f34e-5422-4169-8287-8d5399390539" testListId="8c84fa94-04c1-424b-9868-57a2d4851a1d" />
    <TestEntry testId="552a1f42-9e58-4092-92b8-030a2aa62c7a" executionId="2029c174-a138-4904-89df-b14f898f0ce9" testListId="8c84fa94-04c1-424b-9868-57a2d4851a1d" />
    <TestEntry testId="661df319-6c9e-49f2-b19a-3b84ecddf399" executionId="d21c7bc7-f3b7-4728-99df-a0b09a0ed2b3" testListId="8c84fa94-04c1-424b-9868-57a2d4851a1d" />
    <TestEntry testId="66015bdf-1405-4791-a844-8fc77a809e99" executionId="b2200e96-e203-4b62-abc1-1a9f8a80a8ff" testListId="8c84fa94-04c1-424b-9868-57a2d4851a1d" />
    <TestEntry testId="af7678c5-ee76-45f6-8506-5982291cd991" executionId="d56934fb-5d49-412a-8756-93d826f5efe4" testListId="8c84fa94-04c1-424b-9868-57a2d4851a1d" />
    <TestEntry testId="0f270e6e-9b23-4216-b226-98e71cc5c91a" executionId="58f4cfac-4604-4ace-955a-44125536e8a2" testListId="8c84fa94-04c1-424b-9868-57a2d4851a1d" />
    <TestEntry testId="769b5fbe-dbe6-4ee7-9d47-bca43c4c9052" executionId="2fc1c507-9cfb-4fd2-a43e-36067a8f76b8" testListId="8c84fa94-04c1-424b-9868-57a2d4851a1d" />
    <TestEntry testId="50f95eb0-060b-4504-955e-c5e5fced3ed4" executionId="e610f5e9-b89f-488c-b0ea-a5b8a319fd10" testListId="8c84fa94-04c1-424b-9868-57a2d4851a1d" />
    <TestEntry testId="fb23e8ce-4242-49f5-bb42-b23bd0846bce" executionId="639e32bf-e854-4b59-bb31-86ee39d4b929" testListId="8c84fa94-04c1-424b-9868-57a2d4851a1d" />
    <TestEntry testId="58914117-5f32-41cf-89ff-5fb2a1b1a98f" executionId="e3bad9fe-2a9a-4c4b-be8c-4427e4bf1eac" testListId="8c84fa94-04c1-424b-9868-57a2d4851a1d" />
    <TestEntry testId="419dd203-2c09-499b-8ce6-1e8db12b80f8" executionId="618fbe3b-9d78-422d-9dcb-17d5dd761439" testListId="8c84fa94-04c1-424b-9868-57a2d4851a1d" />
    <TestEntry testId="ca301f1f-9a39-4f9a-8206-7b321b3a33a3" executionId="39ed6bbd-5d50-4f2c-80c4-b521a7c62f50" testListId="8c84fa94-04c1-424b-9868-57a2d4851a1d" />
    <TestEntry testId="adbb5be0-d911-4552-a36e-0a542e03a26d" executionId="8cb72267-ba9a-4b60-a08a-358d5f4abc18" testListId="8c84fa94-04c1-424b-9868-57a2d4851a1d" />
    <TestEntry testId="308df0fb-d077-4cbc-bbd9-f51882881341" executionId="fa1ee54b-abc5-4818-9dc3-53ec732a5ce6" testListId="8c84fa94-04c1-424b-9868-57a2d4851a1d" />
    <TestEntry testId="8f5b802f-6cf7-4a92-95d6-188d6c3f3aed" executionId="3d0479de-e84d-4bfa-8b1a-b1ad3e0f3294" testListId="8c84fa94-04c1-424b-9868-57a2d4851a1d" />
    <TestEntry testId="73829026-eae7-464a-9a6c-2ed72c68db95" executionId="b78a06aa-2ec7-418e-bdcd-24c848b015e1" testListId="8c84fa94-04c1-424b-9868-57a2d4851a1d" />
    <TestEntry testId="85930390-fe60-4b9e-af93-22e0fe2be841" executionId="6ea90144-fdb5-4e7a-81e6-352995303522" testListId="8c84fa94-04c1-424b-9868-57a2d4851a1d" />
    <TestEntry testId="0b5b9fda-f653-4754-91dd-85eb45cda752" executionId="befc9c5f-4283-45e2-938f-a41a93a4041f" testListId="8c84fa94-04c1-424b-9868-57a2d4851a1d" />
    <TestEntry testId="e47d6d37-8aae-4deb-a792-fbf91bb9d891" executionId="24b545cb-8634-461e-99e9-b81fc49913bd" testListId="8c84fa94-04c1-424b-9868-57a2d4851a1d" />
    <TestEntry testId="faef73d4-35c4-4034-b5a9-d4a990f534b5" executionId="ed60c589-8d00-4289-904a-154ce53cd45c" testListId="8c84fa94-04c1-424b-9868-57a2d4851a1d" />
    <TestEntry testId="7cefe5a1-bec1-4079-a768-d58e02059d8b" executionId="d8ea9f98-0bf5-4c31-817d-e120817ce024" testListId="8c84fa94-04c1-424b-9868-57a2d4851a1d" />
    <TestEntry testId="4366a6ad-c9da-4254-a879-09bc5d696567" executionId="1a208966-2d17-4758-9cf8-595082c1f2d8" testListId="8c84fa94-04c1-424b-9868-57a2d4851a1d" />
    <TestEntry testId="b814497f-ff3b-4fc2-bb1c-791914c652f7" executionId="1082cf88-7e42-41bb-979e-cb6d334cfc44" testListId="8c84fa94-04c1-424b-9868-57a2d4851a1d" />
    <TestEntry testId="0dbd0332-7c1c-4cc9-bd30-20a7acca6fdc" executionId="0be932ae-aa4a-416c-98aa-c5f1af375947" testListId="8c84fa94-04c1-424b-9868-57a2d4851a1d" />
    <TestEntry testId="cbc99b80-fc2c-4c64-97a6-8b4b3a80c171" executionId="b7ae2f80-6205-4998-94e2-af19164e4b6b" testListId="8c84fa94-04c1-424b-9868-57a2d4851a1d" />
    <TestEntry testId="4d142ae4-255a-47d3-ba51-e0569faa5ecc" executionId="7ab2f0bf-8c13-44cd-b8ac-d70c9555a20a" testListId="8c84fa94-04c1-424b-9868-57a2d4851a1d" />
    <TestEntry testId="0aac3e16-3635-4160-a017-29c794c2ee40" executionId="569e9403-b273-4431-9fa6-a4de87fe1093" testListId="8c84fa94-04c1-424b-9868-57a2d4851a1d" />
    <TestEntry testId="1b4a2cf6-0118-4077-a625-14612ceda662" executionId="769d2d8c-fe39-4545-9121-ad8d024c37a1" testListId="8c84fa94-04c1-424b-9868-57a2d4851a1d" />
    <TestEntry testId="1b03142a-8cdf-4cba-b7f0-9e03afa216e3" executionId="ffd0b44d-d939-4e0e-a8d5-ea1da32278e6" testListId="8c84fa94-04c1-424b-9868-57a2d4851a1d" />
    <TestEntry testId="5d1ff744-e1f6-4497-9958-5d4d1878e7fa" executionId="7c8e484d-d6db-4e06-a30d-bb3f049a47f0" testListId="8c84fa94-04c1-424b-9868-57a2d4851a1d" />
    <TestEntry testId="a1ce6472-e8eb-47ad-8b63-60a617f4dcc3" executionId="3a472149-ed97-4378-a76c-9a6f544603e5" testListId="8c84fa94-04c1-424b-9868-57a2d4851a1d" />
    <TestEntry testId="30c50d8b-e7a4-4f05-b7bd-834a04c4b602" executionId="65eda29f-7db6-41ce-ab49-58186b627d1a" testListId="8c84fa94-04c1-424b-9868-57a2d4851a1d" />
    <TestEntry testId="9c44ad69-2bcb-4977-bdff-5fd710fcbcd5" executionId="fa96c36a-fa8f-40f4-b621-94b1e68613f6" testListId="8c84fa94-04c1-424b-9868-57a2d4851a1d" />
    <TestEntry testId="5d97131c-a31e-4714-b5f1-0292322da161" executionId="53a32000-a490-4f48-983c-b7e0ebe177d4" testListId="8c84fa94-04c1-424b-9868-57a2d4851a1d" />
    <TestEntry testId="1f7fab2a-ef34-4ff8-ad67-dc7be53d67c1" executionId="27d5cf87-a56e-4ec5-b0c0-c0901ed7dbc2" testListId="8c84fa94-04c1-424b-9868-57a2d4851a1d" />
    <TestEntry testId="0086d32f-6a4c-43bf-a633-f4ef984a0506" executionId="6580a812-3021-4755-b05d-82fd36529f3e" testListId="8c84fa94-04c1-424b-9868-57a2d4851a1d" />
    <TestEntry testId="3c40a5ce-5845-468c-a32e-65e51d3f8931" executionId="87bb7870-afdd-420a-9e02-8887a6b77eaf" testListId="8c84fa94-04c1-424b-9868-57a2d4851a1d" />
    <TestEntry testId="519c76a1-47b4-4eea-b61e-88ae4cf0c61c" executionId="7d07d808-172c-494c-8254-efd4a5ccd91a" testListId="8c84fa94-04c1-424b-9868-57a2d4851a1d" />
    <TestEntry testId="34cf6263-d4c0-4032-b15a-6356c1ec8cd8" executionId="1474762b-a1d1-497b-a835-74cbb69c8681" testListId="8c84fa94-04c1-424b-9868-57a2d4851a1d" />
    <TestEntry testId="d0fa6bb6-5eb2-4071-8e7e-631baafcbf09" executionId="ee6574fd-53fc-4992-b5e0-e64c39b054c5" testListId="8c84fa94-04c1-424b-9868-57a2d4851a1d" />
    <TestEntry testId="b196dd83-aff5-4623-9f77-f6c845366c02" executionId="dc2355da-d5ac-41b3-aeea-bbde47139aef" testListId="8c84fa94-04c1-424b-9868-57a2d4851a1d" />
    <TestEntry testId="1a412c6b-3881-4963-b998-ed2530354bd8" executionId="9571970b-68f0-4f0c-ac45-c9c7c38f57e4" testListId="8c84fa94-04c1-424b-9868-57a2d4851a1d" />
    <TestEntry testId="382b0941-cb2a-4ff2-8737-2ff78dc7876f" executionId="a10131bb-553c-4060-8375-1595fd75bd48" testListId="8c84fa94-04c1-424b-9868-57a2d4851a1d" />
    <TestEntry testId="1e876801-7c0b-4d0a-a6e0-ef67fdb8f45a" executionId="c1a6d1c8-a0b1-4bdb-aa81-d004640e0744" testListId="8c84fa94-04c1-424b-9868-57a2d4851a1d" />
    <TestEntry testId="83ba4a16-58c9-4433-a5aa-f5a184399b99" executionId="a5ba629a-c92d-4e53-b895-2cc5c92cf2c9" testListId="8c84fa94-04c1-424b-9868-57a2d4851a1d" />
    <TestEntry testId="712505cc-bf46-4853-a626-9708ef1073ae" executionId="4fc8a4e9-a886-4b86-a94a-e97006f672b0" testListId="8c84fa94-04c1-424b-9868-57a2d4851a1d" />
    <TestEntry testId="e501ba09-d3f4-4a48-8086-99f121821065" executionId="0f27594a-f961-4c02-93d0-176582bd8169" testListId="8c84fa94-04c1-424b-9868-57a2d4851a1d" />
    <TestEntry testId="d687a74a-5976-44fd-9e3a-f09d56577c47" executionId="d9930f86-ee50-47ff-9304-109e1756348b" testListId="8c84fa94-04c1-424b-9868-57a2d4851a1d" />
    <TestEntry testId="bf46756d-ee13-46f4-abbd-47794ba19432" executionId="58269e46-948d-4879-8147-954fe8a0de5d" testListId="8c84fa94-04c1-424b-9868-57a2d4851a1d" />
    <TestEntry testId="39da64f2-80aa-4184-8920-a14972003821" executionId="8a5fbcba-7afd-4f8d-9174-3a8ca3a20580" testListId="8c84fa94-04c1-424b-9868-57a2d4851a1d" />
    <TestEntry testId="85eaba46-436e-4879-b625-715dd041e1a8" executionId="566c8e0c-86a3-4755-86fc-3d1d711d40d2" testListId="8c84fa94-04c1-424b-9868-57a2d4851a1d" />
    <TestEntry testId="73e1604b-cb3b-497b-9da8-3cedc30afe14" executionId="34b0c7ca-97b1-4816-8c1b-3212075972f6" testListId="8c84fa94-04c1-424b-9868-57a2d4851a1d" />
    <TestEntry testId="0622e06e-ec01-4a5f-b4ac-acc49ca93bb7" executionId="aad0f4d4-c6df-48ae-9e3a-35ce8967f085" testListId="8c84fa94-04c1-424b-9868-57a2d4851a1d" />
    <TestEntry testId="0f1760ae-de8a-4440-87a3-9f8c3bfde438" executionId="70810b01-6ee8-4067-9451-cb3b19ce0d16" testListId="8c84fa94-04c1-424b-9868-57a2d4851a1d" />
    <TestEntry testId="32004387-ba3a-4d82-ae2b-cec2e204f3c7" executionId="711153d4-defe-4935-a3b7-8202765f329d" testListId="8c84fa94-04c1-424b-9868-57a2d4851a1d" />
    <TestEntry testId="53cf4338-72f9-46ee-b115-854f923deeed" executionId="f725a430-3a45-4f3a-9a4a-0f587f9f19a6" testListId="8c84fa94-04c1-424b-9868-57a2d4851a1d" />
    <TestEntry testId="dc9533e2-bd13-4d12-ab0a-6eb1789fa4de" executionId="d2e031da-2884-47cb-bedb-2d9463b814d4" testListId="8c84fa94-04c1-424b-9868-57a2d4851a1d" />
    <TestEntry testId="a5e0d04f-9754-4620-ab9d-2781c66f650a" executionId="ce531c9f-8edb-4699-9908-38253381e7d9" testListId="8c84fa94-04c1-424b-9868-57a2d4851a1d" />
    <TestEntry testId="d6e25c46-0f1c-48c5-a8f2-598f9dcf0fa9" executionId="6738a5e2-f5ee-48fc-831d-a33527725273" testListId="8c84fa94-04c1-424b-9868-57a2d4851a1d" />
    <TestEntry testId="1ae6bec2-73ab-4417-84f3-1b67afe8777a" executionId="c717ded6-6220-413f-8a41-8ddf2188ebed" testListId="8c84fa94-04c1-424b-9868-57a2d4851a1d" />
    <TestEntry testId="010e5337-8964-4470-a456-016b443be060" executionId="6d58564d-72c7-463a-8b1b-dbfeb32712b8" testListId="8c84fa94-04c1-424b-9868-57a2d4851a1d" />
    <TestEntry testId="d7780a6d-3c62-448c-aa36-158cf84235c0" executionId="fecf9ab0-8f9e-426e-98ab-f0b9ce9e77d0" testListId="8c84fa94-04c1-424b-9868-57a2d4851a1d" />
    <TestEntry testId="f52e3c53-a289-49d5-9bc1-49a17b32572c" executionId="87e8da16-7b29-4166-97ef-d995eb8dbe42" testListId="8c84fa94-04c1-424b-9868-57a2d4851a1d" />
    <TestEntry testId="b148282b-3e0a-446c-848c-c22636655918" executionId="3e0e385d-ab0d-458f-b555-0f6c75318c71" testListId="8c84fa94-04c1-424b-9868-57a2d4851a1d" />
    <TestEntry testId="b37224d1-a7da-49df-a369-11f88c9cc21f" executionId="5457b3fc-94a9-4dde-8a0a-f0408414e8e3" testListId="8c84fa94-04c1-424b-9868-57a2d4851a1d" />
    <TestEntry testId="888f3d3e-990e-44d0-ad73-4b690313dae7" executionId="5ebaf5c0-b951-4166-a15c-45f4e1b135d0" testListId="8c84fa94-04c1-424b-9868-57a2d4851a1d" />
    <TestEntry testId="9c1a4c55-09a4-4821-9ffd-21ffe5ffecf2" executionId="8983893b-9572-4672-8ab9-b6dc1821eab9" testListId="8c84fa94-04c1-424b-9868-57a2d4851a1d" />
    <TestEntry testId="0f065964-eb69-4e5d-a1a3-febaeef4a933" executionId="fa6424a3-02b5-4be9-a644-0f5c5b3c100d" testListId="8c84fa94-04c1-424b-9868-57a2d4851a1d" />
    <TestEntry testId="3b3d9c1f-6e0c-42dd-8123-f28ca4ee8081" executionId="28622797-096d-4075-baa0-2207177956aa" testListId="8c84fa94-04c1-424b-9868-57a2d4851a1d" />
    <TestEntry testId="42fcd39e-219a-4f93-8c5c-14abe2d37dcb" executionId="84e7acb8-f121-438e-a9f5-22d75ecb412e" testListId="8c84fa94-04c1-424b-9868-57a2d4851a1d" />
    <TestEntry testId="9594e5eb-c022-4175-944c-3fbe8d678a68" executionId="21a5048c-410c-4a22-824d-0a8258cfce6c" testListId="8c84fa94-04c1-424b-9868-57a2d4851a1d" />
    <TestEntry testId="c0fa9766-dd91-4d15-b835-455068cb65b2" executionId="46528bd8-7d83-4aad-b210-133b39d9b42a" testListId="8c84fa94-04c1-424b-9868-57a2d4851a1d" />
    <TestEntry testId="58ac9e2b-05c6-4506-9f65-5fc5d20d5a15" executionId="2f1cb003-8e23-477a-b652-8133a0c6d6bf" testListId="8c84fa94-04c1-424b-9868-57a2d4851a1d" />
    <TestEntry testId="ace11a58-2e48-4624-9645-11e7ab59ae03" executionId="e93103c7-dde3-4960-9d9e-43cf38ebec06" testListId="8c84fa94-04c1-424b-9868-57a2d4851a1d" />
    <TestEntry testId="887bdc2e-db24-4995-9949-cd9a5cba9bf4" executionId="1085f88b-7cd6-40ae-aba4-41821716f019" testListId="8c84fa94-04c1-424b-9868-57a2d4851a1d" />
    <TestEntry testId="8170f02b-8d17-4551-b85c-fa1d0012f075" executionId="084c00b5-3b82-4866-a818-8e2ae75fd67b" testListId="8c84fa94-04c1-424b-9868-57a2d4851a1d" />
    <TestEntry testId="45ab7b29-005a-47cb-aef2-3eeaaa6ea427" executionId="30ee2563-76ce-4202-b6e0-1d4927a450be" testListId="8c84fa94-04c1-424b-9868-57a2d4851a1d" />
    <TestEntry testId="8fcc561d-9cdd-44f9-b2c1-8199ef9c47b6" executionId="7dbd7eee-e298-4503-95a9-e10802b29113" testListId="8c84fa94-04c1-424b-9868-57a2d4851a1d" />
    <TestEntry testId="5bd0a3fd-c28b-434a-977a-94c314351b23" executionId="f6dcd392-006f-478c-841a-ba869d772e74" testListId="8c84fa94-04c1-424b-9868-57a2d4851a1d" />
    <TestEntry testId="6a6c498b-4a2e-4748-8ab1-b2d5d172b27a" executionId="bd0794a8-6b36-438d-84d5-774bb3017799" testListId="8c84fa94-04c1-424b-9868-57a2d4851a1d" />
    <TestEntry testId="073bfc3c-f6c4-4cdb-9172-226da6cd51bd" executionId="9747961c-09c0-4174-accf-562b46781611" testListId="8c84fa94-04c1-424b-9868-57a2d4851a1d" />
    <TestEntry testId="790a6c8a-8696-4d93-af6e-1cc00157b327" executionId="6b6582b3-0b07-4503-b191-493c15c99abd" testListId="8c84fa94-04c1-424b-9868-57a2d4851a1d" />
    <TestEntry testId="1f9268ce-a564-4bac-b388-ec9b154f9704" executionId="1e25bff1-c0b5-4870-8858-6731266f4cda" testListId="8c84fa94-04c1-424b-9868-57a2d4851a1d" />
    <TestEntry testId="53ebbd56-040f-405d-bbd2-c4b9d8efdede" executionId="120a6c62-c0f8-4ae6-8af3-5636f4582a00" testListId="8c84fa94-04c1-424b-9868-57a2d4851a1d" />
    <TestEntry testId="def3174c-dd63-428d-b28f-bcd7c0069671" executionId="504e0ae7-b57c-4e46-8ae6-16266747d0f5" testListId="8c84fa94-04c1-424b-9868-57a2d4851a1d" />
    <TestEntry testId="e0859897-6cb8-4847-b37f-3398ede83b87" executionId="0e0ced30-b10f-49c9-b8b7-1b2eafaa0899" testListId="8c84fa94-04c1-424b-9868-57a2d4851a1d" />
    <TestEntry testId="92b56094-6b1b-401a-a349-6fda7c05c495" executionId="fd7047b2-ccd1-466a-b7cf-97793f6fe410" testListId="8c84fa94-04c1-424b-9868-57a2d4851a1d" />
    <TestEntry testId="33226639-633c-4542-8c85-c3df268482a3" executionId="40c59fe3-14e4-4f45-b2ed-c4e74698a899" testListId="8c84fa94-04c1-424b-9868-57a2d4851a1d" />
    <TestEntry testId="a384f3aa-4252-4e6e-991b-b26fa87ac8f0" executionId="c0f113c6-cdfa-4e6b-86c2-a189f514cc1b" testListId="8c84fa94-04c1-424b-9868-57a2d4851a1d" />
    <TestEntry testId="d726c000-af7f-405a-8405-b9487ac3c415" executionId="2178f45c-442f-491f-a59a-ec3659fe85a6" testListId="8c84fa94-04c1-424b-9868-57a2d4851a1d" />
    <TestEntry testId="60231070-ce28-4e17-a975-e7ec460c1aa6" executionId="bbbbb3c9-85be-435f-878f-1445c78c9966" testListId="8c84fa94-04c1-424b-9868-57a2d4851a1d" />
    <TestEntry testId="180eb33a-01bb-4a59-a01a-33458f181d31" executionId="7ed362c6-f83d-42b4-b777-3045ac5b8dad" testListId="8c84fa94-04c1-424b-9868-57a2d4851a1d" />
    <TestEntry testId="bea44e06-3269-42a3-8898-a88662ce5698" executionId="e0e67ba6-3456-43b9-b88c-0cbeadf45d08" testListId="8c84fa94-04c1-424b-9868-57a2d4851a1d" />
    <TestEntry testId="a8d6a42b-765d-4323-b4e3-e9a4d06b2826" executionId="bcaa5b8c-01fb-4813-a0ee-edd21ac79d80" testListId="8c84fa94-04c1-424b-9868-57a2d4851a1d" />
    <TestEntry testId="98143ab5-9cdf-43e7-a196-b71ac9edfccf" executionId="e94fc92e-7db3-48b9-9632-bc65ba47d9c1" testListId="8c84fa94-04c1-424b-9868-57a2d4851a1d" />
    <TestEntry testId="7dc2079d-01ba-449a-905e-ec1d1e4df9e1" executionId="ed9ecc8a-13ba-4ddd-9b57-c0eda2d71715" testListId="8c84fa94-04c1-424b-9868-57a2d4851a1d" />
    <TestEntry testId="43c47459-8587-41cf-8ef0-f405dd94c58b" executionId="36ce9d72-31c8-471c-8dec-0cb0ab5c793c" testListId="8c84fa94-04c1-424b-9868-57a2d4851a1d" />
    <TestEntry testId="84a07e15-cff9-45c0-9230-c2bc30e49892" executionId="413dc7b8-b5a4-4e1f-9874-fced7af579b4" testListId="8c84fa94-04c1-424b-9868-57a2d4851a1d" />
    <TestEntry testId="7f6c4a77-f729-4855-847e-272086237cf5" executionId="0696c61d-3745-4fe3-a5aa-b5c81bd8a039" testListId="8c84fa94-04c1-424b-9868-57a2d4851a1d" />
    <TestEntry testId="3edf0968-680a-4377-b471-53228ff05bfe" executionId="fcb19e74-07e9-4cf5-b83c-3c6b841a40ba" testListId="8c84fa94-04c1-424b-9868-57a2d4851a1d" />
    <TestEntry testId="d8ded4ce-55c9-4190-bdbe-5b34f1238907" executionId="2c466060-8526-414b-9184-792964a200b9" testListId="8c84fa94-04c1-424b-9868-57a2d4851a1d" />
    <TestEntry testId="5476bca5-3766-4559-a4fb-770f9fa46d8c" executionId="3cbd2710-c1f1-4d55-a7e0-eb8a84f4374b" testListId="8c84fa94-04c1-424b-9868-57a2d4851a1d" />
    <TestEntry testId="2e086d2b-5667-4a1e-8ade-799de374385a" executionId="98a097d3-2ac0-4320-8dd7-31d0ad22355c" testListId="8c84fa94-04c1-424b-9868-57a2d4851a1d" />
    <TestEntry testId="aa86203a-2677-4f28-90ef-952397749236" executionId="dd45c43d-9155-4fd0-8ce0-32fc2ff2c237" testListId="8c84fa94-04c1-424b-9868-57a2d4851a1d" />
    <TestEntry testId="06973e05-ad53-4f58-a00c-a9f74ef73e3a" executionId="c2d4301e-2562-41f3-bf4c-15a00996637c" testListId="8c84fa94-04c1-424b-9868-57a2d4851a1d" />
    <TestEntry testId="e1714e90-969a-4079-a746-f36c9312089f" executionId="494b9101-6d74-4b82-8cbf-0a93bc155d66" testListId="8c84fa94-04c1-424b-9868-57a2d4851a1d" />
    <TestEntry testId="84213069-93d7-4307-af6a-da30bc8b4797" executionId="06b8f7b2-9490-45f5-bffa-beff3599975e" testListId="8c84fa94-04c1-424b-9868-57a2d4851a1d" />
    <TestEntry testId="8ab91394-7d34-45f1-bcf1-62ee43e82bd2" executionId="91b4929b-d147-4fd6-9f29-8dbd0f94c4ca" testListId="8c84fa94-04c1-424b-9868-57a2d4851a1d" />
    <TestEntry testId="2372ec35-431d-4d06-b77d-a040b0335116" executionId="6407772b-2c7f-49b4-a8ec-14d65f8b5c69" testListId="8c84fa94-04c1-424b-9868-57a2d4851a1d" />
    <TestEntry testId="2cef3e82-46a4-4d2e-9c49-c42248892ac8" executionId="fa808a22-32ee-49f6-a691-d67733a5e8b7" testListId="8c84fa94-04c1-424b-9868-57a2d4851a1d" />
    <TestEntry testId="f84ae6e2-6491-4b6b-abe6-6ea03dba2f92" executionId="c18286fc-5338-48f1-814b-0ec4de05b982" testListId="8c84fa94-04c1-424b-9868-57a2d4851a1d" />
    <TestEntry testId="5f4d2302-8638-4316-b3db-e921b2c5a0df" executionId="d6a8eadc-c30b-4869-a4a1-caf908bbcf45" testListId="8c84fa94-04c1-424b-9868-57a2d4851a1d" />
    <TestEntry testId="1ce61a69-faf3-4ce8-92b5-32a73110d711" executionId="583b8d0b-6bdf-479d-b4d4-5d1699eb097e" testListId="8c84fa94-04c1-424b-9868-57a2d4851a1d" />
    <TestEntry testId="d518d6c6-a340-427d-8212-bb9f95d5af61" executionId="5d053b75-106b-46f2-83f9-5474ee846987" testListId="8c84fa94-04c1-424b-9868-57a2d4851a1d" />
    <TestEntry testId="680f0c1b-746d-4358-bb75-bf71da0c91a4" executionId="c1f33736-6762-40ce-9d40-1a7dd6d8ec55" testListId="8c84fa94-04c1-424b-9868-57a2d4851a1d" />
    <TestEntry testId="7cf365b7-6689-46ef-a8e3-01c8e4027451" executionId="5b2708cf-b3f4-494a-9999-2ca1f0ee3be0" testListId="8c84fa94-04c1-424b-9868-57a2d4851a1d" />
    <TestEntry testId="434148d6-680a-40c3-98c8-efb6d15b4bc5" executionId="b3559a40-58fd-4176-a584-1b1b659f9447" testListId="8c84fa94-04c1-424b-9868-57a2d4851a1d" />
    <TestEntry testId="e05e4712-b57d-4fad-aae1-bf70a61fb59f" executionId="6c326d94-dd49-44af-967d-ee111ea263e2" testListId="8c84fa94-04c1-424b-9868-57a2d4851a1d" />
    <TestEntry testId="213fec2a-f970-4d04-821b-c17f3dd9e352" executionId="fdafb175-6437-404c-9f34-176bd593fed5" testListId="8c84fa94-04c1-424b-9868-57a2d4851a1d" />
    <TestEntry testId="536a9584-0bda-451c-85c9-86c08032b19b" executionId="4949e952-4109-450f-bc7e-0c51edca2215" testListId="8c84fa94-04c1-424b-9868-57a2d4851a1d" />
    <TestEntry testId="e4f81705-99a7-4a4a-af8a-70e7e1d09b45" executionId="dd24a620-0db8-4453-9699-ddbb1b18f157" testListId="8c84fa94-04c1-424b-9868-57a2d4851a1d" />
    <TestEntry testId="2d627ca1-c84e-483f-88c6-6acce48875da" executionId="37c9c3bf-f32f-4690-b7da-a6bba6ec69b0" testListId="8c84fa94-04c1-424b-9868-57a2d4851a1d" />
    <TestEntry testId="70fcb8f9-fa08-492a-9ea2-55503203be36" executionId="2755b422-0e90-4eeb-9406-5507ec2880ba" testListId="8c84fa94-04c1-424b-9868-57a2d4851a1d" />
    <TestEntry testId="169ec140-7d56-4e1c-9b35-d68c2e158a3d" executionId="d176a0ea-61f1-470e-b679-e7be558b2da0" testListId="8c84fa94-04c1-424b-9868-57a2d4851a1d" />
    <TestEntry testId="69c65484-6074-460c-ae5c-72ea813405e6" executionId="2ce11405-6309-4f17-a57a-e41a04a3e427" testListId="8c84fa94-04c1-424b-9868-57a2d4851a1d" />
    <TestEntry testId="80637180-5ba2-4a9b-a196-af8df659494f" executionId="d7116a14-a875-47d3-9ca6-5c3902f2d65a" testListId="8c84fa94-04c1-424b-9868-57a2d4851a1d" />
    <TestEntry testId="6d4b9346-a163-4be9-990c-931a991df1e2" executionId="65330455-063e-4882-ae8b-17c1bdf82476" testListId="8c84fa94-04c1-424b-9868-57a2d4851a1d" />
    <TestEntry testId="81d1523d-97e0-4e1a-b3e7-33e43f6488dc" executionId="1c1fd5a6-d864-4366-82fb-512750665b88" testListId="8c84fa94-04c1-424b-9868-57a2d4851a1d" />
    <TestEntry testId="96275acd-e076-48f4-a217-79fc251dd41d" executionId="ced11c32-0dbe-4c77-a568-a15fd9efc41c" testListId="8c84fa94-04c1-424b-9868-57a2d4851a1d" />
    <TestEntry testId="d39e70d2-7c21-4429-bec1-d3539edfa43c" executionId="95d2b96d-4d3e-40e2-9c14-35792ba0a229" testListId="8c84fa94-04c1-424b-9868-57a2d4851a1d" />
    <TestEntry testId="67d28af3-266b-48fc-8024-7db24fe6e9ae" executionId="96c34785-393b-4847-b3fa-bdfa61256dbd" testListId="8c84fa94-04c1-424b-9868-57a2d4851a1d" />
    <TestEntry testId="a1506e5b-cdb8-4014-a04e-cb49e20d25be" executionId="6a989f4e-fc1b-46fd-9bed-99327a20c187" testListId="8c84fa94-04c1-424b-9868-57a2d4851a1d" />
    <TestEntry testId="9da1f869-a507-4bf9-94d9-86ca1f4b8e12" executionId="52ace210-8505-4614-b123-c894c6e16a6e" testListId="8c84fa94-04c1-424b-9868-57a2d4851a1d" />
    <TestEntry testId="5320fb39-3e0c-4c4f-b01b-903c43631e2c" executionId="a6a56086-f17c-46c5-b639-d33713b5ce93" testListId="8c84fa94-04c1-424b-9868-57a2d4851a1d" />
    <TestEntry testId="d32a35ac-a1be-40ea-85cf-ae24926de104" executionId="c88d8f40-6c05-44f3-b717-e9330f205f16" testListId="8c84fa94-04c1-424b-9868-57a2d4851a1d" />
    <TestEntry testId="74a3584a-2ac0-4666-8554-cfeed0329c38" executionId="6d8ea46a-1199-4832-a146-a794b302f046" testListId="8c84fa94-04c1-424b-9868-57a2d4851a1d" />
    <TestEntry testId="9773d54a-1e76-4fb5-b92b-0b4d64bd6b82" executionId="6d9869f9-1ef4-44c2-8d51-588cfb16d46c" testListId="8c84fa94-04c1-424b-9868-57a2d4851a1d" />
    <TestEntry testId="b2d4dd6a-dee0-4015-a63c-fd0a53d800a7" executionId="8faaccb7-a79b-4526-a65a-17da57871a34" testListId="8c84fa94-04c1-424b-9868-57a2d4851a1d" />
    <TestEntry testId="1ef2200b-b15e-43b5-87dc-1f5102e0c8e8" executionId="287339f9-bfca-40a6-9d2e-9847447f019e" testListId="8c84fa94-04c1-424b-9868-57a2d4851a1d" />
    <TestEntry testId="6825e54b-bac9-4cbf-b537-90b01cf246d6" executionId="27b20ce0-75c2-4d22-ba97-cbe6fe6b11f6" testListId="8c84fa94-04c1-424b-9868-57a2d4851a1d" />
    <TestEntry testId="cfe66ec7-afdd-4945-9692-8c4a29ad3e4e" executionId="5ed14853-4c82-4237-a4dc-6ea66c122997" testListId="8c84fa94-04c1-424b-9868-57a2d4851a1d" />
    <TestEntry testId="1a3d8ddb-22f0-4ffb-b6d3-d9ab8aba1b1b" executionId="7acb9ef6-558b-4e05-a730-9763cebf2209" testListId="8c84fa94-04c1-424b-9868-57a2d4851a1d" />
    <TestEntry testId="d82234c8-fd20-4506-974b-dd3c5842d43b" executionId="84985e6b-a058-49fe-ad04-3942bdb9a922" testListId="8c84fa94-04c1-424b-9868-57a2d4851a1d" />
    <TestEntry testId="bc6914d5-1bc5-4592-9639-f2405eb104e4" executionId="23619960-fb1d-4922-9c8b-ebe02a7cdcd3" testListId="8c84fa94-04c1-424b-9868-57a2d4851a1d" />
    <TestEntry testId="b31656f0-6785-4028-96ee-e03fe57a0de6" executionId="c8152c3a-6f89-4ed5-b0e1-1ae85bf3f5af" testListId="8c84fa94-04c1-424b-9868-57a2d4851a1d" />
    <TestEntry testId="8bce5986-5788-4b6c-91ed-c3217469345f" executionId="7f81b967-d018-4d66-b5a2-fc37c1f881f5" testListId="8c84fa94-04c1-424b-9868-57a2d4851a1d" />
    <TestEntry testId="82948118-f143-4e85-9b51-48f869d89b74" executionId="2943fb2f-ed65-45bb-be14-6f9d38d9471d" testListId="8c84fa94-04c1-424b-9868-57a2d4851a1d" />
    <TestEntry testId="17ad08a8-c919-4e6d-84de-8ce036a553be" executionId="7ea0dd72-ae67-417c-9f65-dae336ead7b5" testListId="8c84fa94-04c1-424b-9868-57a2d4851a1d" />
    <TestEntry testId="a9e01c64-45b3-4cba-a16a-fe9f8f39b495" executionId="ba381b5f-a759-4816-8dc1-09c8db9dd006" testListId="8c84fa94-04c1-424b-9868-57a2d4851a1d" />
    <TestEntry testId="3891dc03-66d5-499b-a88f-aeace12e4cc1" executionId="17f4e4e0-d43a-4a1a-9d83-5b0e176c4dcc" testListId="8c84fa94-04c1-424b-9868-57a2d4851a1d" />
    <TestEntry testId="b4225de4-6278-4c59-b6a8-2a8afc1a9fa7" executionId="d4b7a93b-54a8-4bb7-b2f7-6114d83522c5" testListId="8c84fa94-04c1-424b-9868-57a2d4851a1d" />
    <TestEntry testId="2a81f55b-4731-4632-a071-4b2b6a486921" executionId="82deafdd-5cc4-48c8-92fa-f435151309ba" testListId="8c84fa94-04c1-424b-9868-57a2d4851a1d" />
    <TestEntry testId="79efba3d-28c3-400f-8d0c-6737e824d4cd" executionId="19e8fb41-3d3a-4697-921d-47f9bd18e31b" testListId="8c84fa94-04c1-424b-9868-57a2d4851a1d" />
    <TestEntry testId="cfd1b0e8-7543-4760-a2d8-e3ccf21498c9" executionId="3e9fdc1c-f3e6-49c6-a395-54292cda8aa2" testListId="8c84fa94-04c1-424b-9868-57a2d4851a1d" />
    <TestEntry testId="2c902db9-8372-41e8-9f1f-d3680351b759" executionId="b286fa87-ec21-417f-88ef-9e998b819f26" testListId="8c84fa94-04c1-424b-9868-57a2d4851a1d" />
    <TestEntry testId="a8487e79-1585-40f7-b897-fc013266e830" executionId="8138d193-a1e3-4706-8772-72c24ec5f47d" testListId="8c84fa94-04c1-424b-9868-57a2d4851a1d" />
    <TestEntry testId="92cf2bf0-2e26-44db-b326-e674f3387218" executionId="107a413b-dd16-4931-b306-6846c632e0e6" testListId="8c84fa94-04c1-424b-9868-57a2d4851a1d" />
    <TestEntry testId="e8385543-008f-4f66-9dec-21b514f70284" executionId="c21cad97-1cba-4729-8a7b-783c845213c7" testListId="8c84fa94-04c1-424b-9868-57a2d4851a1d" />
    <TestEntry testId="02ef6881-0043-4dac-b5d4-afba7beee46a" executionId="db06dad5-9779-4fdd-a562-a11931cdf9fa" testListId="8c84fa94-04c1-424b-9868-57a2d4851a1d" />
    <TestEntry testId="11bf941d-6982-4d97-9e7d-2488179993a2" executionId="81e5707a-2efc-4544-95f2-701d8e318c14" testListId="8c84fa94-04c1-424b-9868-57a2d4851a1d" />
    <TestEntry testId="d4a50454-0623-457f-a39b-549d4d15f3c7" executionId="e75760b9-6d2c-4e90-8a6b-aadbaf511c30" testListId="8c84fa94-04c1-424b-9868-57a2d4851a1d" />
    <TestEntry testId="3032255e-1297-4187-b2e2-b62d55a7e0e0" executionId="b8e9398c-a99d-44d8-9f10-beff737a6ac9" testListId="8c84fa94-04c1-424b-9868-57a2d4851a1d" />
    <TestEntry testId="3d0ac370-0ff7-473b-b26f-ba2fdb83cec6" executionId="978b005f-2128-47ef-87fd-12fc8b6075fc" testListId="8c84fa94-04c1-424b-9868-57a2d4851a1d" />
    <TestEntry testId="64994653-05ff-40b0-99f4-d8ec0c0a1be6" executionId="2d39826c-8ea3-4670-accc-27d5cbdafe3a" testListId="8c84fa94-04c1-424b-9868-57a2d4851a1d" />
    <TestEntry testId="6e330d93-9841-4d1a-9905-a51c8e96e809" executionId="f8e0d160-50f6-46d8-ba60-31f123141551" testListId="8c84fa94-04c1-424b-9868-57a2d4851a1d" />
    <TestEntry testId="32743931-1929-47a2-8a41-7303bbdffdb4" executionId="d0960ac9-bd76-486e-b1bd-8e422df35c41" testListId="8c84fa94-04c1-424b-9868-57a2d4851a1d" />
    <TestEntry testId="133087e5-f4c7-4fd5-b275-0f05357a9f91" executionId="27f2ee8b-db25-4b68-9c6b-993d91bfc263" testListId="8c84fa94-04c1-424b-9868-57a2d4851a1d" />
    <TestEntry testId="a5ea0f0a-6506-4f3d-adb7-ea822299195c" executionId="38112238-49ce-42c8-b03e-db328c0ff3a6" testListId="8c84fa94-04c1-424b-9868-57a2d4851a1d" />
    <TestEntry testId="9e6d5f13-ed23-4842-9913-c7ddb26e4306" executionId="2bbc2e37-e247-4190-a438-6da8ddf1f866" testListId="8c84fa94-04c1-424b-9868-57a2d4851a1d" />
    <TestEntry testId="3a4d2b82-0872-485a-a472-8594f11e7931" executionId="6dd66211-739f-4133-b969-bf98637a391f" testListId="8c84fa94-04c1-424b-9868-57a2d4851a1d" />
    <TestEntry testId="c6574750-4c6d-4a9e-999b-ed3923d9c7fa" executionId="6fc81f21-634a-4d3c-9133-30fb6a9974ae" testListId="8c84fa94-04c1-424b-9868-57a2d4851a1d" />
    <TestEntry testId="6fc7f517-43eb-4100-8e9d-ed0f07f843b3" executionId="f9f69341-66cf-440d-8b65-cb0b73567c74" testListId="8c84fa94-04c1-424b-9868-57a2d4851a1d" />
    <TestEntry testId="35a4c8b6-bf64-40ef-8222-25c884404c20" executionId="81ff7e3e-af6f-433c-bd33-a5ecdb07a1ae" testListId="8c84fa94-04c1-424b-9868-57a2d4851a1d" />
    <TestEntry testId="ef314ee1-2629-4a2a-bc95-11dcb873f800" executionId="53ea58f9-1c48-42b5-9bd8-51fb5e6c1994" testListId="8c84fa94-04c1-424b-9868-57a2d4851a1d" />
    <TestEntry testId="d4e384c7-e1d0-41bd-afb7-f79896a3c183" executionId="96edd0e6-c849-43b4-ba04-e9ef714b1984" testListId="8c84fa94-04c1-424b-9868-57a2d4851a1d" />
    <TestEntry testId="44388118-c4ce-4276-80a4-e6265437153e" executionId="df68c660-08fc-47de-90df-eb3001f63620" testListId="8c84fa94-04c1-424b-9868-57a2d4851a1d" />
    <TestEntry testId="1334e844-6bcf-44ce-ac30-b238a7e7d2af" executionId="3bcf7deb-9d0f-45b1-a5c2-e912a7f7a16e" testListId="8c84fa94-04c1-424b-9868-57a2d4851a1d" />
    <TestEntry testId="f74e0060-d9b2-4a68-8d91-1ce2533c966f" executionId="bd980018-54dd-4811-8f48-3b161bbcdf7c" testListId="8c84fa94-04c1-424b-9868-57a2d4851a1d" />
    <TestEntry testId="c2233d47-f340-4a17-9596-b0006a40ef78" executionId="38b31c0e-a95e-40db-9670-cc758ba752e8" testListId="8c84fa94-04c1-424b-9868-57a2d4851a1d" />
    <TestEntry testId="68304b6d-94b0-4a93-8f31-58a23f621563" executionId="1c5e02f3-a56b-4f1f-a352-c38fd7750fba" testListId="8c84fa94-04c1-424b-9868-57a2d4851a1d" />
    <TestEntry testId="79f185d7-9365-4e1d-87b4-af1056f9fd4c" executionId="21e097f2-0b25-4c4f-8576-653fc9452c32" testListId="8c84fa94-04c1-424b-9868-57a2d4851a1d" />
    <TestEntry testId="d6cf9fbe-ed37-496f-bc5e-94f4f33c63fa" executionId="0648baf6-9084-4e17-842e-748aed712a0e" testListId="8c84fa94-04c1-424b-9868-57a2d4851a1d" />
    <TestEntry testId="4a37d5f5-8c28-4e5f-abf3-63d1fbbea8ba" executionId="d400c4ea-a8ac-4d7a-b8b6-b7152f7cd58c" testListId="8c84fa94-04c1-424b-9868-57a2d4851a1d" />
    <TestEntry testId="c41fcad8-efc0-4c1d-86c1-bf1da1eb9517" executionId="c80266ec-dc4d-4bea-8c77-573071b80047" testListId="8c84fa94-04c1-424b-9868-57a2d4851a1d" />
    <TestEntry testId="63e154d1-116d-4921-819e-4115318deaf9" executionId="12a50721-3770-4fa2-a209-58d8fefc4bbb" testListId="8c84fa94-04c1-424b-9868-57a2d4851a1d" />
    <TestEntry testId="66a29fe3-8128-4d5e-824a-26dc402af102" executionId="73852a1d-12d1-4a12-aeb0-4b00015d7178" testListId="8c84fa94-04c1-424b-9868-57a2d4851a1d" />
    <TestEntry testId="fe231871-b6c6-4177-b3fd-32c88ad127ac" executionId="e682fce9-8192-4b43-a701-b0cc74da18ce" testListId="8c84fa94-04c1-424b-9868-57a2d4851a1d" />
    <TestEntry testId="9e3175dd-c79c-4a36-8461-de3df6befa0b" executionId="0fcf05de-5233-4276-bcb8-1edb95c0b180" testListId="8c84fa94-04c1-424b-9868-57a2d4851a1d" />
    <TestEntry testId="1e4e33d0-b489-4673-bfaa-676fe533faf8" executionId="ef6a8631-a3db-4910-87eb-0e32f656e845" testListId="8c84fa94-04c1-424b-9868-57a2d4851a1d" />
    <TestEntry testId="281de7f9-75af-4a85-87be-99d3705ad215" executionId="e3b7d2fb-ff29-4de2-930f-a2c18a0bc0fc" testListId="8c84fa94-04c1-424b-9868-57a2d4851a1d" />
    <TestEntry testId="9505ab96-f314-409c-a6c0-28349dae3f7c" executionId="51e56971-b62e-4f11-8a6e-0f4c861827a7" testListId="8c84fa94-04c1-424b-9868-57a2d4851a1d" />
    <TestEntry testId="800d6248-5901-4260-9b48-db4d13b68adc" executionId="e2e7a489-0b97-4e49-918c-b5ee8e22a4c6" testListId="8c84fa94-04c1-424b-9868-57a2d4851a1d" />
    <TestEntry testId="e097bbfd-d967-461a-8555-a894c1cc2f06" executionId="e5052175-fe46-4fa3-bcd0-0a48d0eba036" testListId="8c84fa94-04c1-424b-9868-57a2d4851a1d" />
    <TestEntry testId="de06ab13-9239-46f5-aa2c-544b556a6e63" executionId="15d04958-b09c-4068-8303-b615927bab56" testListId="8c84fa94-04c1-424b-9868-57a2d4851a1d" />
    <TestEntry testId="68bf2181-8be8-4b63-997b-0ae209ec8cd4" executionId="5cf29285-73f6-49cb-9752-a5a281a0e7c9" testListId="8c84fa94-04c1-424b-9868-57a2d4851a1d" />
    <TestEntry testId="e4277581-4b2f-4a99-a738-8ef251ea109a" executionId="bccaf625-e439-471f-96fa-73bd801144cc" testListId="8c84fa94-04c1-424b-9868-57a2d4851a1d" />
    <TestEntry testId="ff041219-11ed-4c25-b9ea-2cde3f89a789" executionId="6474251c-4360-4381-9d69-49a38fd4b473" testListId="8c84fa94-04c1-424b-9868-57a2d4851a1d" />
    <TestEntry testId="e5196532-edb4-4869-9186-4f8547aaa059" executionId="85f600bb-26b6-4b85-a7bb-aaaea8b519c7" testListId="8c84fa94-04c1-424b-9868-57a2d4851a1d" />
    <TestEntry testId="0db314ef-bf30-4cf1-b5e0-9d55b16bb60e" executionId="7c55d368-f97a-4441-9b6f-2abdd2ef71e1" testListId="8c84fa94-04c1-424b-9868-57a2d4851a1d" />
    <TestEntry testId="5370233b-bbf2-4315-b0af-71539a6180f5" executionId="affd8e2c-d5bd-4dd6-9291-4b94f3e989c9" testListId="8c84fa94-04c1-424b-9868-57a2d4851a1d" />
    <TestEntry testId="77556f58-bb52-4a42-a466-e4e10b2cfcce" executionId="d3378f3d-c680-4f15-a296-30c1780327d2" testListId="8c84fa94-04c1-424b-9868-57a2d4851a1d" />
    <TestEntry testId="749a5e5a-e279-40a7-af5c-587b273217ef" executionId="0afc9a01-1f6a-4bc7-b4ac-f959ca16b765" testListId="8c84fa94-04c1-424b-9868-57a2d4851a1d" />
    <TestEntry testId="83b9b5e4-e5cf-4359-9bce-eb14f2f3031e" executionId="8c26c7d5-3af1-475b-89dd-8970f9db6dc2" testListId="8c84fa94-04c1-424b-9868-57a2d4851a1d" />
    <TestEntry testId="29f11ab5-cc3a-4e32-8e42-9b639ffe0a85" executionId="0c83d28b-8245-447a-8c00-96885f24b20b" testListId="8c84fa94-04c1-424b-9868-57a2d4851a1d" />
    <TestEntry testId="6ce0c048-b0b5-4d8c-8c41-47a5c0bef8e9" executionId="8b3dee67-04f7-45c4-801f-9f9d54812929" testListId="8c84fa94-04c1-424b-9868-57a2d4851a1d" />
    <TestEntry testId="7cf2bdac-6892-4a42-8aa9-4ea70a4f00ec" executionId="d3c3c028-8dbd-417e-bcad-4b3a23b2b1ba" testListId="8c84fa94-04c1-424b-9868-57a2d4851a1d" />
    <TestEntry testId="521ac19a-f9c3-41dc-b5aa-f39f9734ce70" executionId="be984b88-389a-4bbf-8234-bfcec60d7867" testListId="8c84fa94-04c1-424b-9868-57a2d4851a1d" />
    <TestEntry testId="5a8521f2-bd1e-40b0-b1a0-30156a808603" executionId="e893ecf8-8796-49d9-a717-b93945b166de" testListId="8c84fa94-04c1-424b-9868-57a2d4851a1d" />
    <TestEntry testId="7d2f3a95-c3ae-45bc-b815-fc11dee430a4" executionId="a29e51b2-47b3-4968-bae8-511da4ab54b2" testListId="8c84fa94-04c1-424b-9868-57a2d4851a1d" />
    <TestEntry testId="254d0062-6f0f-47f4-91d8-580891b99c67" executionId="2a751efb-e196-42c7-9257-549f37b00407" testListId="8c84fa94-04c1-424b-9868-57a2d4851a1d" />
    <TestEntry testId="eef7a538-e51d-4b98-abf4-bef34d42813d" executionId="0af5e5ac-059a-43ea-94e0-7e53ee80f1da" testListId="8c84fa94-04c1-424b-9868-57a2d4851a1d" />
    <TestEntry testId="c35d0961-8b25-4284-9aa7-898fe2fe060b" executionId="c1a3179a-c586-4f2d-83a0-dd67e25a5620" testListId="8c84fa94-04c1-424b-9868-57a2d4851a1d" />
    <TestEntry testId="22c453ce-72fc-4ee4-947c-96f3dc913edb" executionId="137ba821-a1e5-4695-b5c0-35c927d64c3f" testListId="8c84fa94-04c1-424b-9868-57a2d4851a1d" />
    <TestEntry testId="7ea971e0-c16b-4712-a448-287917792e3c" executionId="63f66771-40ce-4886-97d2-a920d3b658f8" testListId="8c84fa94-04c1-424b-9868-57a2d4851a1d" />
    <TestEntry testId="c7b33471-5e6c-42e5-8fbb-8760059e9560" executionId="5e5e2b26-75d9-415f-b041-b724148bad76" testListId="8c84fa94-04c1-424b-9868-57a2d4851a1d" />
    <TestEntry testId="4e73825f-b6a7-4a60-acf2-e2b98f2c8753" executionId="221ef238-6880-4d6a-b6a7-c3e1b541526d" testListId="8c84fa94-04c1-424b-9868-57a2d4851a1d" />
    <TestEntry testId="9283825a-3280-47ac-bf53-1c0199ec81b4" executionId="aba60de2-43a4-4934-93ea-396c62f18bd3" testListId="8c84fa94-04c1-424b-9868-57a2d4851a1d" />
    <TestEntry testId="98dda8f0-815a-4467-8866-d38ec3c6ddf1" executionId="f3045100-c408-4e37-8883-12283215a570" testListId="8c84fa94-04c1-424b-9868-57a2d4851a1d" />
    <TestEntry testId="dc92550b-2ef0-4fb0-a974-06a2593a5551" executionId="f6e1dfcf-246e-4fa9-92d0-fdfecc5a31f5" testListId="8c84fa94-04c1-424b-9868-57a2d4851a1d" />
    <TestEntry testId="690aea43-73f9-4814-9899-03d636589451" executionId="9047bde8-1d38-467e-a331-3c5d48bfb444" testListId="8c84fa94-04c1-424b-9868-57a2d4851a1d" />
    <TestEntry testId="107c582c-2093-40d0-bee4-c312b5ef1745" executionId="49d71c3f-27a0-43ca-8aa4-2a9df29a608e" testListId="8c84fa94-04c1-424b-9868-57a2d4851a1d" />
    <TestEntry testId="4b3165a3-b378-47a0-a2dc-60b92837121b" executionId="c31ba152-57c0-433f-ac79-0dc2fdf9e4b8" testListId="8c84fa94-04c1-424b-9868-57a2d4851a1d" />
    <TestEntry testId="845d115a-3a3b-4f9a-b449-88dfb757d461" executionId="40567f1b-4137-4191-ac4b-dff4982a612a" testListId="8c84fa94-04c1-424b-9868-57a2d4851a1d" />
    <TestEntry testId="e665611b-d0fc-45c7-9bf7-c3a46f8f0e62" executionId="4ff33c51-cf21-42b6-b77a-dc1044d31cdb" testListId="8c84fa94-04c1-424b-9868-57a2d4851a1d" />
    <TestEntry testId="2f367114-f348-4307-a5b7-a69fb84b9191" executionId="f3a3b86d-1fea-4db3-9da9-103cbd4d1a4e" testListId="8c84fa94-04c1-424b-9868-57a2d4851a1d" />
    <TestEntry testId="5ca53e57-b66a-43e9-936b-e94114cdb9fe" executionId="19b9fb54-8d29-4640-9fe3-05b5d2b49931" testListId="8c84fa94-04c1-424b-9868-57a2d4851a1d" />
    <TestEntry testId="b22a343f-7c9b-4e2a-871b-ee74933c0422" executionId="9ac93783-26f1-400a-b817-d8ca947799b2" testListId="8c84fa94-04c1-424b-9868-57a2d4851a1d" />
    <TestEntry testId="678ed094-2dff-4f62-8592-03d84185dafe" executionId="2937478e-a8f9-4999-bcfb-d2e859ebb574" testListId="8c84fa94-04c1-424b-9868-57a2d4851a1d" />
    <TestEntry testId="504168f3-3f26-4076-a2d0-e8e4be9289da" executionId="0507f526-4906-42c3-b868-d4f214fbf7b9" testListId="8c84fa94-04c1-424b-9868-57a2d4851a1d" />
    <TestEntry testId="6e5f72f1-d538-4008-bf10-cc3d98094101" executionId="0b260606-014d-43aa-84dc-19be2a6c795d" testListId="8c84fa94-04c1-424b-9868-57a2d4851a1d" />
    <TestEntry testId="f66869fa-e695-4d26-b5c9-64b94aa7a9a5" executionId="513e634e-9372-4cd7-96e1-8b469ddb6e7d" testListId="8c84fa94-04c1-424b-9868-57a2d4851a1d" />
    <TestEntry testId="f6edb13c-44ec-48ca-bd6b-40cf89f48dfb" executionId="67a205e7-9662-4832-ab87-5fd5bce50be8" testListId="8c84fa94-04c1-424b-9868-57a2d4851a1d" />
    <TestEntry testId="49ac2cdb-a52f-4605-81f3-34485ce84326" executionId="956fa4d9-8b11-4bfc-95f7-cf0462397172" testListId="8c84fa94-04c1-424b-9868-57a2d4851a1d" />
    <TestEntry testId="5d023f51-badd-42c3-9395-79af5ff91b68" executionId="81231c21-31d1-420b-90f2-f7649a0c9030" testListId="8c84fa94-04c1-424b-9868-57a2d4851a1d" />
    <TestEntry testId="11142afc-64ca-4a6c-967e-718500a99131" executionId="0d5c6b63-4d7d-41c7-aedc-35f6a0423a37" testListId="8c84fa94-04c1-424b-9868-57a2d4851a1d" />
    <TestEntry testId="e09c1733-8472-4a20-b867-f08b4e77256a" executionId="4d68b9ac-8e75-4cf5-b839-f8dba099e6f8" testListId="8c84fa94-04c1-424b-9868-57a2d4851a1d" />
    <TestEntry testId="87427f7b-bee6-4f36-afc0-839e07d4bcdb" executionId="6ffc8277-58e1-43fe-acf8-f1981dda45e1" testListId="8c84fa94-04c1-424b-9868-57a2d4851a1d" />
    <TestEntry testId="9048b734-f38a-4edb-94ad-625618cdef59" executionId="af0033d8-9f92-4b69-8b16-4df91bcab176" testListId="8c84fa94-04c1-424b-9868-57a2d4851a1d" />
    <TestEntry testId="d10feabb-ae87-4085-a758-3493c7c6884a" executionId="ef24f085-eae7-4be5-9433-b2aa9f85cca3" testListId="8c84fa94-04c1-424b-9868-57a2d4851a1d" />
    <TestEntry testId="d19d488b-c551-49d0-9aea-0d9a6c80e3b4" executionId="a3769757-1b91-4ee3-879f-7105ad62eb7d" testListId="8c84fa94-04c1-424b-9868-57a2d4851a1d" />
    <TestEntry testId="50613060-7ee8-43fa-80cd-d9a964812b9f" executionId="41d0c7d8-1e2a-49fa-a29c-34dfd69949b4" testListId="8c84fa94-04c1-424b-9868-57a2d4851a1d" />
    <TestEntry testId="43c34108-2675-4ea9-a315-4826c0bfed53" executionId="609d0004-9630-4415-bd09-7e05a4e2d7ff" testListId="8c84fa94-04c1-424b-9868-57a2d4851a1d" />
    <TestEntry testId="45d4ccd6-7939-4991-bdf4-481e58cb3f66" executionId="9ee72ea0-2d4f-4cff-9fc6-f97f41142127" testListId="8c84fa94-04c1-424b-9868-57a2d4851a1d" />
    <TestEntry testId="9af1e682-5195-4080-b310-b3ded107b82d" executionId="84f6ff68-df81-4a24-a22d-1a9b7a31be2b" testListId="8c84fa94-04c1-424b-9868-57a2d4851a1d" />
    <TestEntry testId="34b64c45-4569-4827-bb04-e32094b3d763" executionId="17e14c87-d0ef-4424-bb07-f941e68a168a" testListId="8c84fa94-04c1-424b-9868-57a2d4851a1d" />
    <TestEntry testId="1d0bc415-cca3-478a-b428-2a42dbd197f5" executionId="53178db7-c752-4297-ad85-9d6077885d0a" testListId="8c84fa94-04c1-424b-9868-57a2d4851a1d" />
    <TestEntry testId="fc5b45bd-f93b-40f1-a4ad-5bbfb3dfce28" executionId="b19796f9-c9ab-4dd6-8070-9379f61e3880" testListId="8c84fa94-04c1-424b-9868-57a2d4851a1d" />
    <TestEntry testId="6b41e1a6-829c-46b3-a4fb-2b9b3211d190" executionId="462f87e9-dca5-4c55-8c85-d00728f797eb" testListId="8c84fa94-04c1-424b-9868-57a2d4851a1d" />
    <TestEntry testId="2b7f7cbb-3b73-4362-b85d-ddbb14eeaefa" executionId="a4103c71-bb9c-4492-b250-a7ee1ab24537" testListId="8c84fa94-04c1-424b-9868-57a2d4851a1d" />
    <TestEntry testId="ed0ee932-3908-44e9-8db5-90df97c3ed56" executionId="3713f3ff-51ff-4c9d-b7b2-e1f521e7f59c" testListId="8c84fa94-04c1-424b-9868-57a2d4851a1d" />
    <TestEntry testId="b6c5921b-345a-4983-a619-8ab309439af6" executionId="b048e678-fdb1-45f3-9021-61a5fddc9cfa" testListId="8c84fa94-04c1-424b-9868-57a2d4851a1d" />
    <TestEntry testId="9fcadd28-d79e-4b48-85d0-67cc31257a00" executionId="98624f32-d057-4aa2-b9d6-44f2937fc345" testListId="8c84fa94-04c1-424b-9868-57a2d4851a1d" />
    <TestEntry testId="b485e24a-bc45-44c3-a47a-10c5a2943eef" executionId="8d22a241-efba-4176-a2b3-4b214041884d" testListId="8c84fa94-04c1-424b-9868-57a2d4851a1d" />
    <TestEntry testId="a1d654fe-21e4-4580-a2a4-4bab15efb0c5" executionId="99acefce-acc1-486e-8dee-9d02667af1c4" testListId="8c84fa94-04c1-424b-9868-57a2d4851a1d" />
    <TestEntry testId="5b7106cb-dc36-4d24-8f4a-23a76a6bc839" executionId="727b04e3-41e5-49bf-a073-05760fba7e44" testListId="8c84fa94-04c1-424b-9868-57a2d4851a1d" />
    <TestEntry testId="0c3cfc14-2c68-43d8-85fd-fd916270a4ba" executionId="8fa0c908-a8b9-4699-9518-d2c2fe827928" testListId="8c84fa94-04c1-424b-9868-57a2d4851a1d" />
    <TestEntry testId="867d9eab-3640-463e-b440-aa1392825d65" executionId="35b24a63-7695-431d-a7ef-df69c045117d" testListId="8c84fa94-04c1-424b-9868-57a2d4851a1d" />
    <TestEntry testId="1fdb9600-a8d1-4fcb-8f89-0796bfce75f5" executionId="6358280a-39aa-4fa8-aa13-a1ab612057f3" testListId="8c84fa94-04c1-424b-9868-57a2d4851a1d" />
    <TestEntry testId="20b15dc3-d26b-476c-b151-9144e0de0949" executionId="c42a39fb-73a4-481c-adb8-aec576cf32f5" testListId="8c84fa94-04c1-424b-9868-57a2d4851a1d" />
    <TestEntry testId="708c1d5d-5bdd-4cc8-be50-1def7cdded20" executionId="a0601fd2-1264-42ae-b40c-316735784f06" testListId="8c84fa94-04c1-424b-9868-57a2d4851a1d" />
    <TestEntry testId="5db0ec1a-ab6a-4829-8be9-2c2cb6bb8f5e" executionId="548a4c6c-267d-4ab2-bbce-d3679ddaac00" testListId="8c84fa94-04c1-424b-9868-57a2d4851a1d" />
    <TestEntry testId="191651e6-a572-4a07-84f7-af77508f2d7d" executionId="c36ae43b-7eb1-4677-9504-25ebb3431c06" testListId="8c84fa94-04c1-424b-9868-57a2d4851a1d" />
    <TestEntry testId="379ebc35-9e3b-40c2-88ee-55339f54a049" executionId="581d884f-6184-480b-9b24-81774bae14d4" testListId="8c84fa94-04c1-424b-9868-57a2d4851a1d" />
    <TestEntry testId="88237328-04c6-468f-952b-1377d6214d54" executionId="e290e404-45c3-4879-9be9-60af812f88a0" testListId="8c84fa94-04c1-424b-9868-57a2d4851a1d" />
    <TestEntry testId="29e82bf1-9ee4-4e7b-a1a2-82ea7500fc53" executionId="351e654d-6124-451c-a803-07793989835e" testListId="8c84fa94-04c1-424b-9868-57a2d4851a1d" />
    <TestEntry testId="452fd3e2-9576-49ed-ae2d-1c43a1f98452" executionId="6a586c40-e95a-4dac-99e6-f18c0d463342" testListId="8c84fa94-04c1-424b-9868-57a2d4851a1d" />
    <TestEntry testId="d9d095fc-9cf7-46d4-a9a1-403ea69a33ef" executionId="53eca606-b784-4201-9d9e-b912c35ac770" testListId="8c84fa94-04c1-424b-9868-57a2d4851a1d" />
    <TestEntry testId="18c020a6-efe1-497c-ba1a-b0ff680931dd" executionId="f53c900d-89a4-4843-8118-3fe2bef398b8" testListId="8c84fa94-04c1-424b-9868-57a2d4851a1d" />
    <TestEntry testId="c24708c6-f267-4252-9e42-456146b4bc8d" executionId="a1bca8b6-057f-4706-a0f0-23e1615ad3a2" testListId="8c84fa94-04c1-424b-9868-57a2d4851a1d" />
    <TestEntry testId="38f67ecd-37d6-4cb4-8442-d9e760ba7f7c" executionId="77c80341-8f20-40ec-9a29-f4cec535916f" testListId="8c84fa94-04c1-424b-9868-57a2d4851a1d" />
    <TestEntry testId="73c1a9c0-dd9d-484c-ab89-28bbd1f31a68" executionId="636f8fd1-e010-42d8-8670-e0ae9fc75cf7" testListId="8c84fa94-04c1-424b-9868-57a2d4851a1d" />
    <TestEntry testId="81981cb1-147a-4072-b770-37efdca2f2f7" executionId="549df0b7-5de0-4dc4-bfd8-e883ff0bef6b" testListId="8c84fa94-04c1-424b-9868-57a2d4851a1d" />
    <TestEntry testId="05a3999e-2bab-4d3e-9024-de3a80260dfe" executionId="af54d97f-f61b-490a-9c60-73f1490d0de5" testListId="8c84fa94-04c1-424b-9868-57a2d4851a1d" />
    <TestEntry testId="1174e545-acc6-453e-aae6-66699cdfc766" executionId="85ea6df7-4d5f-4753-a3cd-d50c9533b7eb" testListId="8c84fa94-04c1-424b-9868-57a2d4851a1d" />
    <TestEntry testId="9d06b6ea-4ada-4604-b8ea-21212698bb91" executionId="1501e289-ec94-421b-a50b-95b34deb9e35" testListId="8c84fa94-04c1-424b-9868-57a2d4851a1d" />
    <TestEntry testId="255627d5-e532-4c28-b5e0-e4f7d804cdb9" executionId="1fe601b0-6fd2-4ceb-abcf-b66834110b76" testListId="8c84fa94-04c1-424b-9868-57a2d4851a1d" />
    <TestEntry testId="69b29f86-1234-44d0-8e90-e48dff8ba657" executionId="c97865d0-e020-4f6a-a3f4-d853464fc305" testListId="8c84fa94-04c1-424b-9868-57a2d4851a1d" />
    <TestEntry testId="e08b461b-4df1-4c78-8d69-5a930a0cfde6" executionId="da772887-fd60-43ec-b698-12f545f6eaf4" testListId="8c84fa94-04c1-424b-9868-57a2d4851a1d" />
    <TestEntry testId="fdfd8a6c-14fe-48ce-9914-31d35de1d627" executionId="d9982113-946e-4a65-8cbc-86b2cbf7656d" testListId="8c84fa94-04c1-424b-9868-57a2d4851a1d" />
    <TestEntry testId="d0aa2021-2e37-41ab-b1e5-181fb3c80214" executionId="3e9c463c-aeeb-406d-ab9b-61776220c4b9" testListId="8c84fa94-04c1-424b-9868-57a2d4851a1d" />
    <TestEntry testId="635a08cb-786b-4cba-8d95-b7c74466c3d3" executionId="a21fa393-1cd6-4f33-8d0f-b2cd12dea394" testListId="8c84fa94-04c1-424b-9868-57a2d4851a1d" />
    <TestEntry testId="5e559d93-9e8b-4402-aa2e-316f2398f69d" executionId="03e34185-b08f-406b-81c1-58f3d75e26a5" testListId="8c84fa94-04c1-424b-9868-57a2d4851a1d" />
    <TestEntry testId="fdf003ff-d14b-40e9-aa2e-f42901141a8f" executionId="f96795e9-3e17-446f-80a6-16117b5c0faf" testListId="8c84fa94-04c1-424b-9868-57a2d4851a1d" />
  </TestEntries>
  <TestLists>
    <TestList name="Results Not in a List" id="8c84fa94-04c1-424b-9868-57a2d4851a1d" />
    <TestList name="All Loaded Results" id="19431567-8539-422a-85d7-44ee4e166bda" />
  </TestLists>
  <ResultSummary outcome="Completed">
    <Counters total="619" executed="619" passed="619" failed="0" error="0" timeout="0" aborted="0" inconclusive="0" passedButRunAborted="0" notRunnable="0" notExecuted="0" disconnected="0" warning="0" completed="0" inProgress="0" pending="0" />
    <Output>
      <StdOut>Log Message: (no stack) TFS.WebApi.Exception: An undefined error occurred while attempting to connect to the server. Status code 0: error. from d:\v2.0\a1\_work\dbded102\vso\tfs\service\webaccess\releasepipeline\testscripts\tests\Tests.ReleaseManagement.Definition.ObjectViewModel.ReleaseDefinition.ts
Log Message: at _handleRequestFailure (file:///D:/v2.0/A1/_work/dbded102/layout/L1/tfsjstestsclean/vssjstests/VSS/Ajax.js:116:18)
	at file:///D:/v2.0/A1/_work/dbded102/layout/L1/tfsjstestsclean/vssjstests/VSS/Ajax.js:321:34
	at _rejected (file:///D:/v2.0/A1/_work/dbded102/layout/L1/tfsjstestsclean/vssjstests/q.js:797:32)
	at file:///D:/v2.0/A1/_work/dbded102/layout/L1/tfsjstestsclean/vssjstests/q.js:823:39
	at when (file:///D:/v2.0/A1/_work/dbded102/layout/L1/tfsjstestsclean/vssjstests/q.js:1035:39)
	at promiseDispatch (file:///D:/v2.0/A1/_work/dbded102/layout/L1/tfsjstestsclean/vssjstests/q.js:741:46)
	at file:///D:/v2.0/A1/_work/dbded102/layout/L1/tfsjstestsclean/vssjstests/q.js:557:49
	at flush (file:///D:/v2.0/A1/_work/dbded102/layout/L1/tfsjstestsclean/vssjstests/q.js:108:21) from d:\v2.0\a1\_work\dbded102\vso\tfs\service\webaccess\releasepipeline\testscripts\tests\Tests.ReleaseManagement.Definition.ObjectViewModel.ReleaseDefinition.ts
Log Message: at _getAgentPoolErrorMessage (file:///D:/v2.0/A1/_work/dbded102/layout/L1/tfsjstestsclean/vssjstests/ReleasePipeline/Scripts/TFS.ReleaseManagement.CreateRelease.js:264:79)
	at releaseDataRefreshed (file:///D:/v2.0/A1/_work/dbded102/layout/L1/tfsjstestsclean/vssjstests/ReleasePipeline/Scripts/TFS.ReleaseManagement.CreateRelease.js:148:73)
	at _onReleaseDefinitionReady (file:///D:/v2.0/A1/_work/dbded102/layout/L1/tfsjstestsclean/vssjstests/ReleasePipeline/Scripts/TFS.ReleaseManagement.CreateRelease.js:375:38)
	at file:///D:/v2.0/A1/_work/dbded102/layout/L1/tfsjstestsclean/vssjstests/ReleasePipeline/Scripts/TFS.ReleaseManagement.CreateRelease.js:356:48
	at _fulfilled (file:///D:/v2.0/A1/_work/dbded102/layout/L1/tfsjstestsclean/vssjstests/q.js:787:63)
	at file:///D:/v2.0/A1/_work/dbded102/layout/L1/tfsjstestsclean/vssjstests/q.js:816:40
	at promiseDispatch (file:///D:/v2.0/A1/_work/dbded102/layout/L1/tfsjstestsclean/vssjstests/q.js:749:20)
	at file:///D:/v2.0/A1/_work/dbded102/layout/L1/tfsjstestsclean/vssjstests/q.js:810:29
	at flush (file:///D:/v2.0/A1/_work/dbded102/layout/L1/tfsjstestsclean/vssjstests/q.js:108:21) from d:\v2.0\a1\_work\dbded102\vso\tfs\service\webaccess\releasepipeline\testscripts\tests\Tests.ReleaseManagement.Controls.ApprovalPopup.ts
Log Message: at error (file:///D:/v2.0/A1/_work/dbded102/layout/L1/tfsjstestsclean/vssjstests/VSS/jquery-2.1.1.js:260:25)
	at file:///D:/v2.0/A1/_work/dbded102/layout/L1/tfsjstestsclean/vssjstests/VSS/jquery-ui-1.10.2.js:501:20
	at each (file:///D:/v2.0/A1/_work/dbded102/layout/L1/tfsjstestsclean/vssjstests/VSS/jquery-2.1.1.js:385:27)
	at each (file:///D:/v2.0/A1/_work/dbded102/layout/L1/tfsjstestsclean/vssjstests/VSS/jquery-2.1.1.js:149:21)
	at file:///D:/v2.0/A1/_work/dbded102/layout/L1/tfsjstestsclean/vssjstests/VSS/jquery-ui-1.10.2.js:497:13
	at close (file:///D:/v2.0/A1/_work/dbded102/layout/L1/tfsjstestsclean/vssjstests/VSS/Controls/Dialogs.js:302:41)
	at _closeDialog (file:///D:/v2.0/A1/_work/dbded102/layout/L1/tfsjstestsclean/vssjstests/ReleasePipeline/Scripts/TFS.ReleaseManagement.Controls.js:1336:40)
	at _onActionPerformed (file:///D:/v2.0/A1/_work/dbded102/layout/L1/tfsjstestsclean/vssjstests/ReleasePipeline/Scripts/TFS.ReleaseManagement.Controls.js:1372:34)
	at file:///D:/v2.0/A1/_work/dbded102/layout/L1/tfsjstestsclean/vssjstests/VSS/Utils/Core.js:26:36
	at _fulfilled (file:///D:/v2.0/A1/_work/dbded102/layout/L1/tfsjstestsclean/vssjstests/q.js:787:63)
	at file:///D:/v2.0/A1/_work/dbded102/layout/L1/tfsjstestsclean/vssjstests/q.js:816:40
	at promiseDispatch (file:///D:/v2.0/A1/_work/dbded102/layout/L1/tfsjstestsclean/vssjstests/q.js:749:20)
	at file:///D:/v2.0/A1/_work/dbded102/layout/L1/tfsjstestsclean/vssjstests/q.js:557:49
	at flush (file:///D:/v2.0/A1/_work/dbded102/layout/L1/tfsjstestsclean/vssjstests/q.js:108:21) from d:\v2.0\a1\_work\dbded102\vso\tfs\service\webaccess\releasepipeline\testscripts\tests\Tests.ReleaseManagement.Definition.ConfigurationsEditor.EnvironmentVariables.ts
Log Message: at Artifact (file:///D:/v2.0/A1/_work/dbded102/layout/L1/tfsjstestsclean/vssjstests/ReleasePipeline/Scripts/TFS.ReleaseManagement.Model.js:1381:57)
	at _updateArtifactDetails (file:///D:/v2.0/A1/_work/dbded102/layout/L1/tfsjstestsclean/vssjstests/ReleasePipeline/Scripts/TFS.ReleaseManagement.ArtifactsExplorer.ViewModel.js:523:50)
	at updateRelease (file:///D:/v2.0/A1/_work/dbded102/layout/L1/tfsjstestsclean/vssjstests/ReleasePipeline/Scripts/TFS.ReleaseManagement.ArtifactsExplorer.ViewModel.js:504:67)
	at file:///D:/v2.0/A1/_work/dbded102/layout/L1/tfsjstestsclean/vssjstests/ReleasePipeline/Scripts/TFS.ReleaseManagement.ArtifactsExplorer.ViewModel.js:555:42
	at each (file:///D:/v2.0/A1/_work/dbded102/layout/L1/tfsjstestsclean/vssjstests/VSS/jquery-2.1.1.js:385:27)
	at updateSummary (file:///D:/v2.0/A1/_work/dbded102/layout/L1/tfsjstestsclean/vssjstests/ReleasePipeline/Scripts/TFS.ReleaseManagement.ArtifactsExplorer.ViewModel.js:553:19)
	at file:///D:/v2.0/A1/_work/dbded102/layout/L1/tfsjstestsclean/vssjstests/ReleasePipeline/Scripts/TFS.ReleaseManagement.ArtifactsExplorer.ViewModel.js:185:58
	at _fulfilled (file:///D:/v2.0/A1/_work/dbded102/layout/L1/tfsjstestsclean/vssjstests/q.js:787:63)
	at file:///D:/v2.0/A1/_work/dbded102/layout/L1/tfsjstestsclean/vssjstests/q.js:816:40
	at promiseDispatch (file:///D:/v2.0/A1/_work/dbded102/layout/L1/tfsjstestsclean/vssjstests/q.js:749:20)
	at file:///D:/v2.0/A1/_work/dbded102/layout/L1/tfsjstestsclean/vssjstests/q.js:557:49
	at flush (file:///D:/v2.0/A1/_work/dbded102/layout/L1/tfsjstestsclean/vssjstests/q.js:108:21) from d:\v2.0\a1\_work\dbded102\vso\tfs\service\webaccess\releasepipeline\testscripts\tests\Tests.ReleaseManagement.Definition.ConfigurationsEditor.EnvironmentVariables.ts
Log Message: at Artifact (file:///D:/v2.0/A1/_work/dbded102/layout/L1/tfsjstestsclean/vssjstests/ReleasePipeline/Scripts/TFS.ReleaseManagement.Model.js:1381:57)
	at _updateArtifactDetails (file:///D:/v2.0/A1/_work/dbded102/layout/L1/tfsjstestsclean/vssjstests/ReleasePipeline/Scripts/TFS.ReleaseManagement.ArtifactsExplorer.ViewModel.js:523:50)
	at updateRelease (file:///D:/v2.0/A1/_work/dbded102/layout/L1/tfsjstestsclean/vssjstests/ReleasePipeline/Scripts/TFS.ReleaseManagement.ArtifactsExplorer.ViewModel.js:504:67)
	at file:///D:/v2.0/A1/_work/dbded102/layout/L1/tfsjstestsclean/vssjstests/ReleasePipeline/Scripts/TFS.ReleaseManagement.ArtifactsExplorer.ViewModel.js:555:42
	at each (file:///D:/v2.0/A1/_work/dbded102/layout/L1/tfsjstestsclean/vssjstests/VSS/jquery-2.1.1.js:385:27)
	at updateSummary (file:///D:/v2.0/A1/_work/dbded102/layout/L1/tfsjstestsclean/vssjstests/ReleasePipeline/Scripts/TFS.ReleaseManagement.ArtifactsExplorer.ViewModel.js:553:19)
	at file:///D:/v2.0/A1/_work/dbded102/layout/L1/tfsjstestsclean/vssjstests/ReleasePipeline/Scripts/TFS.ReleaseManagement.ArtifactsExplorer.ViewModel.js:185:58
	at _fulfilled (file:///D:/v2.0/A1/_work/dbded102/layout/L1/tfsjstestsclean/vssjstests/q.js:787:63)
	at file:///D:/v2.0/A1/_work/dbded102/layout/L1/tfsjstestsclean/vssjstests/q.js:816:40
	at promiseDispatch (file:///D:/v2.0/A1/_work/dbded102/layout/L1/tfsjstestsclean/vssjstests/q.js:749:20)
	at file:///D:/v2.0/A1/_work/dbded102/layout/L1/tfsjstestsclean/vssjstests/q.js:557:49
	at flush (file:///D:/v2.0/A1/_work/dbded102/layout/L1/tfsjstestsclean/vssjstests/q.js:108:21) from d:\v2.0\a1\_work\dbded102\vso\tfs\service\webaccess\releasepipeline\testscripts\tests\Tests.ReleaseManagement.Definition.ConfigurationsEditor.EnvironmentVariables.ts
Log Message: at Artifact (file:///D:/v2.0/A1/_work/dbded102/layout/L1/tfsjstestsclean/vssjstests/ReleasePipeline/Scripts/TFS.ReleaseManagement.Model.js:1381:57)
	at _updateArtifactDetails (file:///D:/v2.0/A1/_work/dbded102/layout/L1/tfsjstestsclean/vssjstests/ReleasePipeline/Scripts/TFS.ReleaseManagement.ArtifactsExplorer.ViewModel.js:523:50)
	at updateRelease (file:///D:/v2.0/A1/_work/dbded102/layout/L1/tfsjstestsclean/vssjstests/ReleasePipeline/Scripts/TFS.ReleaseManagement.ArtifactsExplorer.ViewModel.js:504:67)
	at file:///D:/v2.0/A1/_work/dbded102/layout/L1/tfsjstestsclean/vssjstests/ReleasePipeline/Scripts/TFS.ReleaseManagement.ArtifactsExplorer.ViewModel.js:555:42
	at each (file:///D:/v2.0/A1/_work/dbded102/layout/L1/tfsjstestsclean/vssjstests/VSS/jquery-2.1.1.js:385:27)
	at updateSummary (file:///D:/v2.0/A1/_work/dbded102/layout/L1/tfsjstestsclean/vssjstests/ReleasePipeline/Scripts/TFS.ReleaseManagement.ArtifactsExplorer.ViewModel.js:553:19)
	at file:///D:/v2.0/A1/_work/dbded102/layout/L1/tfsjstestsclean/vssjstests/ReleasePipeline/Scripts/TFS.ReleaseManagement.ArtifactsExplorer.ViewModel.js:185:58
	at _fulfilled (file:///D:/v2.0/A1/_work/dbded102/layout/L1/tfsjstestsclean/vssjstests/q.js:787:63)
	at file:///D:/v2.0/A1/_work/dbded102/layout/L1/tfsjstestsclean/vssjstests/q.js:816:40
	at promiseDispatch (file:///D:/v2.0/A1/_work/dbded102/layout/L1/tfsjstestsclean/vssjstests/q.js:749:20)
	at file:///D:/v2.0/A1/_work/dbded102/layout/L1/tfsjstestsclean/vssjstests/q.js:557:49
	at flush (file:///D:/v2.0/A1/_work/dbded102/layout/L1/tfsjstestsclean/vssjstests/q.js:108:21) from d:\v2.0\a1\_work\dbded102\vso\tfs\service\webaccess\releasepipeline\testscripts\tests\Tests.ReleaseManagement.Definition.ConfigurationsEditor.EnvironmentVariables.ts
Log Message: at Artifact (file:///D:/v2.0/A1/_work/dbded102/layout/L1/tfsjstestsclean/vssjstests/ReleasePipeline/Scripts/TFS.ReleaseManagement.Model.js:1381:57)
	at _updateArtifactDetails (file:///D:/v2.0/A1/_work/dbded102/layout/L1/tfsjstestsclean/vssjstests/ReleasePipeline/Scripts/TFS.ReleaseManagement.ArtifactsExplorer.ViewModel.js:523:50)
	at updateRelease (file:///D:/v2.0/A1/_work/dbded102/layout/L1/tfsjstestsclean/vssjstests/ReleasePipeline/Scripts/TFS.ReleaseManagement.ArtifactsExplorer.ViewModel.js:504:67)
	at file:///D:/v2.0/A1/_work/dbded102/layout/L1/tfsjstestsclean/vssjstests/ReleasePipeline/Scripts/TFS.ReleaseManagement.ArtifactsExplorer.ViewModel.js:555:42
	at each (file:///D:/v2.0/A1/_work/dbded102/layout/L1/tfsjstestsclean/vssjstests/VSS/jquery-2.1.1.js:385:27)
	at updateSummary (file:///D:/v2.0/A1/_work/dbded102/layout/L1/tfsjstestsclean/vssjstests/ReleasePipeline/Scripts/TFS.ReleaseManagement.ArtifactsExplorer.ViewModel.js:553:19)
	at file:///D:/v2.0/A1/_work/dbded102/layout/L1/tfsjstestsclean/vssjstests/ReleasePipeline/Scripts/TFS.ReleaseManagement.ArtifactsExplorer.ViewModel.js:185:58
	at _fulfilled (file:///D:/v2.0/A1/_work/dbded102/layout/L1/tfsjstestsclean/vssjstests/q.js:787:63)
	at file:///D:/v2.0/A1/_work/dbded102/layout/L1/tfsjstestsclean/vssjstests/q.js:816:40
	at promiseDispatch (file:///D:/v2.0/A1/_work/dbded102/layout/L1/tfsjstestsclean/vssjstests/q.js:749:20)
	at file:///D:/v2.0/A1/_work/dbded102/layout/L1/tfsjstestsclean/vssjstests/q.js:557:49
	at flush (file:///D:/v2.0/A1/_work/dbded102/layout/L1/tfsjstestsclean/vssjstests/q.js:108:21) from d:\v2.0\a1\_work\dbded102\vso\tfs\service\webaccess\releasepipeline\testscripts\tests\Tests.ReleaseManagement.Definition.ConfigurationsEditor.EnvironmentVariables.ts
Log Message: at Artifact (file:///D:/v2.0/A1/_work/dbded102/layout/L1/tfsjstestsclean/vssjstests/ReleasePipeline/Scripts/TFS.ReleaseManagement.Model.js:1381:57)
	at _updateArtifactDetails (file:///D:/v2.0/A1/_work/dbded102/layout/L1/tfsjstestsclean/vssjstests/ReleasePipeline/Scripts/TFS.ReleaseManagement.ArtifactsExplorer.ViewModel.js:523:50)
	at updateRelease (file:///D:/v2.0/A1/_work/dbded102/layout/L1/tfsjstestsclean/vssjstests/ReleasePipeline/Scripts/TFS.ReleaseManagement.ArtifactsExplorer.ViewModel.js:504:67)
	at file:///D:/v2.0/A1/_work/dbded102/layout/L1/tfsjstestsclean/vssjstests/ReleasePipeline/Scripts/TFS.ReleaseManagement.ArtifactsExplorer.ViewModel.js:555:42
	at each (file:///D:/v2.0/A1/_work/dbded102/layout/L1/tfsjstestsclean/vssjstests/VSS/jquery-2.1.1.js:385:27)
	at updateSummary (file:///D:/v2.0/A1/_work/dbded102/layout/L1/tfsjstestsclean/vssjstests/ReleasePipeline/Scripts/TFS.ReleaseManagement.ArtifactsExplorer.ViewModel.js:553:19)
	at file:///D:/v2.0/A1/_work/dbded102/layout/L1/tfsjstestsclean/vssjstests/ReleasePipeline/Scripts/TFS.ReleaseManagement.ArtifactsExplorer.ViewModel.js:185:58
	at _fulfilled (file:///D:/v2.0/A1/_work/dbded102/layout/L1/tfsjstestsclean/vssjstests/q.js:787:63)
	at file:///D:/v2.0/A1/_work/dbded102/layout/L1/tfsjstestsclean/vssjstests/q.js:816:40
	at promiseDispatch (file:///D:/v2.0/A1/_work/dbded102/layout/L1/tfsjstestsclean/vssjstests/q.js:749:20)
	at file:///D:/v2.0/A1/_work/dbded102/layout/L1/tfsjstestsclean/vssjstests/q.js:557:49
	at flush (file:///D:/v2.0/A1/_work/dbded102/layout/L1/tfsjstestsclean/vssjstests/q.js:108:21) from d:\v2.0\a1\_work\dbded102\vso\tfs\service\webaccess\releasepipeline\testscripts\tests\Tests.ReleaseManagement.Definition.ConfigurationsEditor.EnvironmentVariables.ts
Log Message: at Artifact (file:///D:/v2.0/A1/_work/dbded102/layout/L1/tfsjstestsclean/vssjstests/ReleasePipeline/Scripts/TFS.ReleaseManagement.Model.js:1381:57)
	at _updateArtifactDetails (file:///D:/v2.0/A1/_work/dbded102/layout/L1/tfsjstestsclean/vssjstests/ReleasePipeline/Scripts/TFS.ReleaseManagement.ArtifactsExplorer.ViewModel.js:523:50)
	at updateRelease (file:///D:/v2.0/A1/_work/dbded102/layout/L1/tfsjstestsclean/vssjstests/ReleasePipeline/Scripts/TFS.ReleaseManagement.ArtifactsExplorer.ViewModel.js:504:67)
	at file:///D:/v2.0/A1/_work/dbded102/layout/L1/tfsjstestsclean/vssjstests/ReleasePipeline/Scripts/TFS.ReleaseManagement.ArtifactsExplorer.ViewModel.js:555:42
	at each (file:///D:/v2.0/A1/_work/dbded102/layout/L1/tfsjstestsclean/vssjstests/VSS/jquery-2.1.1.js:385:27)
	at updateSummary (file:///D:/v2.0/A1/_work/dbded102/layout/L1/tfsjstestsclean/vssjstests/ReleasePipeline/Scripts/TFS.ReleaseManagement.ArtifactsExplorer.ViewModel.js:553:19)
	at file:///D:/v2.0/A1/_work/dbded102/layout/L1/tfsjstestsclean/vssjstests/ReleasePipeline/Scripts/TFS.ReleaseManagement.ArtifactsExplorer.ViewModel.js:185:58
	at _fulfilled (file:///D:/v2.0/A1/_work/dbded102/layout/L1/tfsjstestsclean/vssjstests/q.js:787:63)
	at file:///D:/v2.0/A1/_work/dbded102/layout/L1/tfsjstestsclean/vssjstests/q.js:816:40
	at promiseDispatch (file:///D:/v2.0/A1/_work/dbded102/layout/L1/tfsjstestsclean/vssjstests/q.js:749:20)
	at file:///D:/v2.0/A1/_work/dbded102/layout/L1/tfsjstestsclean/vssjstests/q.js:557:49
	at flush (file:///D:/v2.0/A1/_work/dbded102/layout/L1/tfsjstestsclean/vssjstests/q.js:108:21) from d:\v2.0\a1\_work\dbded102\vso\tfs\service\webaccess\releasepipeline\testscripts\tests\Tests.ReleaseManagement.Definition.ConfigurationsEditor.EnvironmentVariables.ts
Log Message: at Artifact (file:///D:/v2.0/A1/_work/dbded102/layout/L1/tfsjstestsclean/vssjstests/ReleasePipeline/Scripts/TFS.ReleaseManagement.Model.js:1381:57)
	at _updateArtifactDetails (file:///D:/v2.0/A1/_work/dbded102/layout/L1/tfsjstestsclean/vssjstests/ReleasePipeline/Scripts/TFS.ReleaseManagement.ArtifactsExplorer.ViewModel.js:523:50)
	at updateRelease (file:///D:/v2.0/A1/_work/dbded102/layout/L1/tfsjstestsclean/vssjstests/ReleasePipeline/Scripts/TFS.ReleaseManagement.ArtifactsExplorer.ViewModel.js:504:67)
	at file:///D:/v2.0/A1/_work/dbded102/layout/L1/tfsjstestsclean/vssjstests/ReleasePipeline/Scripts/TFS.ReleaseManagement.ArtifactsExplorer.ViewModel.js:555:42
	at each (file:///D:/v2.0/A1/_work/dbded102/layout/L1/tfsjstestsclean/vssjstests/VSS/jquery-2.1.1.js:385:27)
	at updateSummary (file:///D:/v2.0/A1/_work/dbded102/layout/L1/tfsjstestsclean/vssjstests/ReleasePipeline/Scripts/TFS.ReleaseManagement.ArtifactsExplorer.ViewModel.js:553:19)
	at file:///D:/v2.0/A1/_work/dbded102/layout/L1/tfsjstestsclean/vssjstests/ReleasePipeline/Scripts/TFS.ReleaseManagement.ArtifactsExplorer.ViewModel.js:185:58
	at _fulfilled (file:///D:/v2.0/A1/_work/dbded102/layout/L1/tfsjstestsclean/vssjstests/q.js:787:63)
	at file:///D:/v2.0/A1/_work/dbded102/layout/L1/tfsjstestsclean/vssjstests/q.js:816:40
	at promiseDispatch (file:///D:/v2.0/A1/_work/dbded102/layout/L1/tfsjstestsclean/vssjstests/q.js:749:20)
	at file:///D:/v2.0/A1/_work/dbded102/layout/L1/tfsjstestsclean/vssjstests/q.js:557:49
	at flush (file:///D:/v2.0/A1/_work/dbded102/layout/L1/tfsjstestsclean/vssjstests/q.js:108:21) from d:\v2.0\a1\_work\dbded102\vso\tfs\service\webaccess\releasepipeline\testscripts\tests\Tests.ReleaseManagement.Definition.ConfigurationsEditor.EnvironmentVariables.ts
Log Message: at Artifact (file:///D:/v2.0/A1/_work/dbded102/layout/L1/tfsjstestsclean/vssjstests/ReleasePipeline/Scripts/TFS.ReleaseManagement.Model.js:1381:57)
	at _updateArtifactDetails (file:///D:/v2.0/A1/_work/dbded102/layout/L1/tfsjstestsclean/vssjstests/ReleasePipeline/Scripts/TFS.ReleaseManagement.ArtifactsExplorer.ViewModel.js:523:50)
	at updateRelease (file:///D:/v2.0/A1/_work/dbded102/layout/L1/tfsjstestsclean/vssjstests/ReleasePipeline/Scripts/TFS.ReleaseManagement.ArtifactsExplorer.ViewModel.js:504:67)
	at file:///D:/v2.0/A1/_work/dbded102/layout/L1/tfsjstestsclean/vssjstests/ReleasePipeline/Scripts/TFS.ReleaseManagement.ArtifactsExplorer.ViewModel.js:555:42
	at each (file:///D:/v2.0/A1/_work/dbded102/layout/L1/tfsjstestsclean/vssjstests/VSS/jquery-2.1.1.js:385:27)
	at updateSummary (file:///D:/v2.0/A1/_work/dbded102/layout/L1/tfsjstestsclean/vssjstests/ReleasePipeline/Scripts/TFS.ReleaseManagement.ArtifactsExplorer.ViewModel.js:553:19)
	at file:///D:/v2.0/A1/_work/dbded102/layout/L1/tfsjstestsclean/vssjstests/ReleasePipeline/Scripts/TFS.ReleaseManagement.ArtifactsExplorer.ViewModel.js:185:58
	at _fulfilled (file:///D:/v2.0/A1/_work/dbded102/layout/L1/tfsjstestsclean/vssjstests/q.js:787:63)
	at file:///D:/v2.0/A1/_work/dbded102/layout/L1/tfsjstestsclean/vssjstests/q.js:816:40
	at promiseDispatch (file:///D:/v2.0/A1/_work/dbded102/layout/L1/tfsjstestsclean/vssjstests/q.js:749:20)
	at file:///D:/v2.0/A1/_work/dbded102/layout/L1/tfsjstestsclean/vssjstests/q.js:557:49
	at flush (file:///D:/v2.0/A1/_work/dbded102/layout/L1/tfsjstestsclean/vssjstests/q.js:108:21) from d:\v2.0\a1\_work\dbded102\vso\tfs\service\webaccess\releasepipeline\testscripts\tests\Tests.ReleaseManagement.Definition.ConfigurationsEditor.EnvironmentVariables.ts
Log Message: at Artifact (file:///D:/v2.0/A1/_work/dbded102/layout/L1/tfsjstestsclean/vssjstests/ReleasePipeline/Scripts/TFS.ReleaseManagement.Model.js:1381:57)
	at _updateArtifactDetails (file:///D:/v2.0/A1/_work/dbded102/layout/L1/tfsjstestsclean/vssjstests/ReleasePipeline/Scripts/TFS.ReleaseManagement.ArtifactsExplorer.ViewModel.js:523:50)
	at updateRelease (file:///D:/v2.0/A1/_work/dbded102/layout/L1/tfsjstestsclean/vssjstests/ReleasePipeline/Scripts/TFS.ReleaseManagement.ArtifactsExplorer.ViewModel.js:504:67)
	at file:///D:/v2.0/A1/_work/dbded102/layout/L1/tfsjstestsclean/vssjstests/ReleasePipeline/Scripts/TFS.ReleaseManagement.ArtifactsExplorer.ViewModel.js:555:42
	at each (file:///D:/v2.0/A1/_work/dbded102/layout/L1/tfsjstestsclean/vssjstests/VSS/jquery-2.1.1.js:385:27)
	at updateSummary (file:///D:/v2.0/A1/_work/dbded102/layout/L1/tfsjstestsclean/vssjstests/ReleasePipeline/Scripts/TFS.ReleaseManagement.ArtifactsExplorer.ViewModel.js:553:19)
	at file:///D:/v2.0/A1/_work/dbded102/layout/L1/tfsjstestsclean/vssjstests/ReleasePipeline/Scripts/TFS.ReleaseManagement.ArtifactsExplorer.ViewModel.js:185:58
	at _fulfilled (file:///D:/v2.0/A1/_work/dbded102/layout/L1/tfsjstestsclean/vssjstests/q.js:787:63)
	at file:///D:/v2.0/A1/_work/dbded102/layout/L1/tfsjstestsclean/vssjstests/q.js:816:40
	at promiseDispatch (file:///D:/v2.0/A1/_work/dbded102/layout/L1/tfsjstestsclean/vssjstests/q.js:749:20)
	at file:///D:/v2.0/A1/_work/dbded102/layout/L1/tfsjstestsclean/vssjstests/q.js:557:49
	at flush (file:///D:/v2.0/A1/_work/dbded102/layout/L1/tfsjstestsclean/vssjstests/q.js:108:21) from d:\v2.0\a1\_work\dbded102\vso\tfs\service\webaccess\releasepipeline\testscripts\tests\Tests.ReleaseManagement.Definition.ConfigurationsEditor.EnvironmentVariables.ts
Log Message: at Artifact (file:///D:/v2.0/A1/_work/dbded102/layout/L1/tfsjstestsclean/vssjstests/ReleasePipeline/Scripts/TFS.ReleaseManagement.Model.js:1381:57)
	at _updateArtifactDetails (file:///D:/v2.0/A1/_work/dbded102/layout/L1/tfsjstestsclean/vssjstests/ReleasePipeline/Scripts/TFS.ReleaseManagement.ArtifactsExplorer.ViewModel.js:523:50)
	at updateRelease (file:///D:/v2.0/A1/_work/dbded102/layout/L1/tfsjstestsclean/vssjstests/ReleasePipeline/Scripts/TFS.ReleaseManagement.ArtifactsExplorer.ViewModel.js:504:67)
	at file:///D:/v2.0/A1/_work/dbded102/layout/L1/tfsjstestsclean/vssjstests/ReleasePipeline/Scripts/TFS.ReleaseManagement.ArtifactsExplorer.ViewModel.js:555:42
	at each (file:///D:/v2.0/A1/_work/dbded102/layout/L1/tfsjstestsclean/vssjstests/VSS/jquery-2.1.1.js:385:27)
	at updateSummary (file:///D:/v2.0/A1/_work/dbded102/layout/L1/tfsjstestsclean/vssjstests/ReleasePipeline/Scripts/TFS.ReleaseManagement.ArtifactsExplorer.ViewModel.js:553:19)
	at file:///D:/v2.0/A1/_work/dbded102/layout/L1/tfsjstestsclean/vssjstests/ReleasePipeline/Scripts/TFS.ReleaseManagement.ArtifactsExplorer.ViewModel.js:185:58
	at _fulfilled (file:///D:/v2.0/A1/_work/dbded102/layout/L1/tfsjstestsclean/vssjstests/q.js:787:63)
	at file:///D:/v2.0/A1/_work/dbded102/layout/L1/tfsjstestsclean/vssjstests/q.js:816:40
	at promiseDispatch (file:///D:/v2.0/A1/_work/dbded102/layout/L1/tfsjstestsclean/vssjstests/q.js:749:20)
	at file:///D:/v2.0/A1/_work/dbded102/layout/L1/tfsjstestsclean/vssjstests/q.js:557:49
	at flush (file:///D:/v2.0/A1/_work/dbded102/layout/L1/tfsjstestsclean/vssjstests/q.js:108:21) from d:\v2.0\a1\_work\dbded102\vso\tfs\service\webaccess\releasepipeline\testscripts\tests\Tests.ReleaseManagement.Definition.ConfigurationsEditor.EnvironmentVariables.ts
Log Message: at Artifact (file:///D:/v2.0/A1/_work/dbded102/layout/L1/tfsjstestsclean/vssjstests/ReleasePipeline/Scripts/TFS.ReleaseManagement.Model.js:1381:57)
	at _updateArtifactDetails (file:///D:/v2.0/A1/_work/dbded102/layout/L1/tfsjstestsclean/vssjstests/ReleasePipeline/Scripts/TFS.ReleaseManagement.ArtifactsExplorer.ViewModel.js:523:50)
	at updateRelease (file:///D:/v2.0/A1/_work/dbded102/layout/L1/tfsjstestsclean/vssjstests/ReleasePipeline/Scripts/TFS.ReleaseManagement.ArtifactsExplorer.ViewModel.js:504:67)
	at file:///D:/v2.0/A1/_work/dbded102/layout/L1/tfsjstestsclean/vssjstests/ReleasePipeline/Scripts/TFS.ReleaseManagement.ArtifactsExplorer.ViewModel.js:555:42
	at each (file:///D:/v2.0/A1/_work/dbded102/layout/L1/tfsjstestsclean/vssjstests/VSS/jquery-2.1.1.js:385:27)
	at updateSummary (file:///D:/v2.0/A1/_work/dbded102/layout/L1/tfsjstestsclean/vssjstests/ReleasePipeline/Scripts/TFS.ReleaseManagement.ArtifactsExplorer.ViewModel.js:553:19)
	at file:///D:/v2.0/A1/_work/dbded102/layout/L1/tfsjstestsclean/vssjstests/ReleasePipeline/Scripts/TFS.ReleaseManagement.ArtifactsExplorer.ViewModel.js:185:58
	at _fulfilled (file:///D:/v2.0/A1/_work/dbded102/layout/L1/tfsjstestsclean/vssjstests/q.js:787:63)
	at file:///D:/v2.0/A1/_work/dbded102/layout/L1/tfsjstestsclean/vssjstests/q.js:816:40
	at promiseDispatch (file:///D:/v2.0/A1/_work/dbded102/layout/L1/tfsjstestsclean/vssjstests/q.js:749:20)
	at file:///D:/v2.0/A1/_work/dbded102/layout/L1/tfsjstestsclean/vssjstests/q.js:557:49
	at flush (file:///D:/v2.0/A1/_work/dbded102/layout/L1/tfsjstestsclean/vssjstests/q.js:108:21) from d:\v2.0\a1\_work\dbded102\vso\tfs\service\webaccess\releasepipeline\testscripts\tests\Tests.ReleaseManagement.Definition.ConfigurationsEditor.EnvironmentVariables.ts
Log Message: at Artifact (file:///D:/v2.0/A1/_work/dbded102/layout/L1/tfsjstestsclean/vssjstests/ReleasePipeline/Scripts/TFS.ReleaseManagement.Model.js:1381:57)
	at _updateArtifactDetails (file:///D:/v2.0/A1/_work/dbded102/layout/L1/tfsjstestsclean/vssjstests/ReleasePipeline/Scripts/TFS.ReleaseManagement.ArtifactsExplorer.ViewModel.js:523:50)
	at updateRelease (file:///D:/v2.0/A1/_work/dbded102/layout/L1/tfsjstestsclean/vssjstests/ReleasePipeline/Scripts/TFS.ReleaseManagement.ArtifactsExplorer.ViewModel.js:504:67)
	at file:///D:/v2.0/A1/_work/dbded102/layout/L1/tfsjstestsclean/vssjstests/ReleasePipeline/Scripts/TFS.ReleaseManagement.ArtifactsExplorer.ViewModel.js:555:42
	at each (file:///D:/v2.0/A1/_work/dbded102/layout/L1/tfsjstestsclean/vssjstests/VSS/jquery-2.1.1.js:385:27)
	at updateSummary (file:///D:/v2.0/A1/_work/dbded102/layout/L1/tfsjstestsclean/vssjstests/ReleasePipeline/Scripts/TFS.ReleaseManagement.ArtifactsExplorer.ViewModel.js:553:19)
	at file:///D:/v2.0/A1/_work/dbded102/layout/L1/tfsjstestsclean/vssjstests/ReleasePipeline/Scripts/TFS.ReleaseManagement.ArtifactsExplorer.ViewModel.js:185:58
	at _fulfilled (file:///D:/v2.0/A1/_work/dbded102/layout/L1/tfsjstestsclean/vssjstests/q.js:787:63)
	at file:///D:/v2.0/A1/_work/dbded102/layout/L1/tfsjstestsclean/vssjstests/q.js:816:40
	at promiseDispatch (file:///D:/v2.0/A1/_work/dbded102/layout/L1/tfsjstestsclean/vssjstests/q.js:749:20)
	at file:///D:/v2.0/A1/_work/dbded102/layout/L1/tfsjstestsclean/vssjstests/q.js:557:49
	at flush (file:///D:/v2.0/A1/_work/dbded102/layout/L1/tfsjstestsclean/vssjstests/q.js:108:21) from d:\v2.0\a1\_work\dbded102\vso\tfs\service\webaccess\releasepipeline\testscripts\tests\Tests.ReleaseManagement.Definition.ConfigurationsEditor.EnvironmentVariables.ts
Log Message: at Artifact (file:///D:/v2.0/A1/_work/dbded102/layout/L1/tfsjstestsclean/vssjstests/ReleasePipeline/Scripts/TFS.ReleaseManagement.Model.js:1381:57)
	at _updateArtifactDetails (file:///D:/v2.0/A1/_work/dbded102/layout/L1/tfsjstestsclean/vssjstests/ReleasePipeline/Scripts/TFS.ReleaseManagement.ArtifactsExplorer.ViewModel.js:523:50)
	at updateRelease (file:///D:/v2.0/A1/_work/dbded102/layout/L1/tfsjstestsclean/vssjstests/ReleasePipeline/Scripts/TFS.ReleaseManagement.ArtifactsExplorer.ViewModel.js:504:67)
	at file:///D:/v2.0/A1/_work/dbded102/layout/L1/tfsjstestsclean/vssjstests/ReleasePipeline/Scripts/TFS.ReleaseManagement.ArtifactsExplorer.ViewModel.js:555:42
	at each (file:///D:/v2.0/A1/_work/dbded102/layout/L1/tfsjstestsclean/vssjstests/VSS/jquery-2.1.1.js:385:27)
	at updateSummary (file:///D:/v2.0/A1/_work/dbded102/layout/L1/tfsjstestsclean/vssjstests/ReleasePipeline/Scripts/TFS.ReleaseManagement.ArtifactsExplorer.ViewModel.js:553:19)
	at file:///D:/v2.0/A1/_work/dbded102/layout/L1/tfsjstestsclean/vssjstests/ReleasePipeline/Scripts/TFS.ReleaseManagement.ArtifactsExplorer.ViewModel.js:185:58
	at _fulfilled (file:///D:/v2.0/A1/_work/dbded102/layout/L1/tfsjstestsclean/vssjstests/q.js:787:63)
	at file:///D:/v2.0/A1/_work/dbded102/layout/L1/tfsjstestsclean/vssjstests/q.js:816:40
	at promiseDispatch (file:///D:/v2.0/A1/_work/dbded102/layout/L1/tfsjstestsclean/vssjstests/q.js:749:20)
	at file:///D:/v2.0/A1/_work/dbded102/layout/L1/tfsjstestsclean/vssjstests/q.js:557:49
	at flush (file:///D:/v2.0/A1/_work/dbded102/layout/L1/tfsjstestsclean/vssjstests/q.js:108:21) from d:\v2.0\a1\_work\dbded102\vso\tfs\service\webaccess\releasepipeline\testscripts\tests\Tests.ReleaseManagement.Definition.ConfigurationsEditor.EnvironmentVariables.ts
Log Message: at Artifact (file:///D:/v2.0/A1/_work/dbded102/layout/L1/tfsjstestsclean/vssjstests/ReleasePipeline/Scripts/TFS.ReleaseManagement.Model.js:1381:57)
	at _updateArtifactDetails (file:///D:/v2.0/A1/_work/dbded102/layout/L1/tfsjstestsclean/vssjstests/ReleasePipeline/Scripts/TFS.ReleaseManagement.ArtifactsExplorer.ViewModel.js:523:50)
	at updateRelease (file:///D:/v2.0/A1/_work/dbded102/layout/L1/tfsjstestsclean/vssjstests/ReleasePipeline/Scripts/TFS.ReleaseManagement.ArtifactsExplorer.ViewModel.js:504:67)
	at file:///D:/v2.0/A1/_work/dbded102/layout/L1/tfsjstestsclean/vssjstests/ReleasePipeline/Scripts/TFS.ReleaseManagement.ArtifactsExplorer.ViewModel.js:555:42
	at each (file:///D:/v2.0/A1/_work/dbded102/layout/L1/tfsjstestsclean/vssjstests/VSS/jquery-2.1.1.js:385:27)
	at updateSummary (file:///D:/v2.0/A1/_work/dbded102/layout/L1/tfsjstestsclean/vssjstests/ReleasePipeline/Scripts/TFS.ReleaseManagement.ArtifactsExplorer.ViewModel.js:553:19)
	at file:///D:/v2.0/A1/_work/dbded102/layout/L1/tfsjstestsclean/vssjstests/ReleasePipeline/Scripts/TFS.ReleaseManagement.ArtifactsExplorer.ViewModel.js:185:58
	at _fulfilled (file:///D:/v2.0/A1/_work/dbded102/layout/L1/tfsjstestsclean/vssjstests/q.js:787:63)
	at file:///D:/v2.0/A1/_work/dbded102/layout/L1/tfsjstestsclean/vssjstests/q.js:816:40
	at promiseDispatch (file:///D:/v2.0/A1/_work/dbded102/layout/L1/tfsjstestsclean/vssjstests/q.js:749:20)
	at file:///D:/v2.0/A1/_work/dbded102/layout/L1/tfsjstestsclean/vssjstests/q.js:557:49
	at flush (file:///D:/v2.0/A1/_work/dbded102/layout/L1/tfsjstestsclean/vssjstests/q.js:108:21) from d:\v2.0\a1\_work\dbded102\vso\tfs\service\webaccess\releasepipeline\testscripts\tests\Tests.ReleaseManagement.Definition.ConfigurationsEditor.EnvironmentVariables.ts
Log Message: at Artifact (file:///D:/v2.0/A1/_work/dbded102/layout/L1/tfsjstestsclean/vssjstests/ReleasePipeline/Scripts/TFS.ReleaseManagement.Model.js:1381:57)
	at _updateArtifactDetails (file:///D:/v2.0/A1/_work/dbded102/layout/L1/tfsjstestsclean/vssjstests/ReleasePipeline/Scripts/TFS.ReleaseManagement.ArtifactsExplorer.ViewModel.js:523:50)
	at updateRelease (file:///D:/v2.0/A1/_work/dbded102/layout/L1/tfsjstestsclean/vssjstests/ReleasePipeline/Scripts/TFS.ReleaseManagement.ArtifactsExplorer.ViewModel.js:504:67)
	at file:///D:/v2.0/A1/_work/dbded102/layout/L1/tfsjstestsclean/vssjstests/ReleasePipeline/Scripts/TFS.ReleaseManagement.ArtifactsExplorer.ViewModel.js:555:42
	at each (file:///D:/v2.0/A1/_work/dbded102/layout/L1/tfsjstestsclean/vssjstests/VSS/jquery-2.1.1.js:385:27)
	at updateSummary (file:///D:/v2.0/A1/_work/dbded102/layout/L1/tfsjstestsclean/vssjstests/ReleasePipeline/Scripts/TFS.ReleaseManagement.ArtifactsExplorer.ViewModel.js:553:19)
	at file:///D:/v2.0/A1/_work/dbded102/layout/L1/tfsjstestsclean/vssjstests/ReleasePipeline/Scripts/TFS.ReleaseManagement.ArtifactsExplorer.ViewModel.js:185:58
	at _fulfilled (file:///D:/v2.0/A1/_work/dbded102/layout/L1/tfsjstestsclean/vssjstests/q.js:787:63)
	at file:///D:/v2.0/A1/_work/dbded102/layout/L1/tfsjstestsclean/vssjstests/q.js:816:40
	at promiseDispatch (file:///D:/v2.0/A1/_work/dbded102/layout/L1/tfsjstestsclean/vssjstests/q.js:749:20)
	at file:///D:/v2.0/A1/_work/dbded102/layout/L1/tfsjstestsclean/vssjstests/q.js:557:49
	at flush (file:///D:/v2.0/A1/_work/dbded102/layout/L1/tfsjstestsclean/vssjstests/q.js:108:21) from d:\v2.0\a1\_work\dbded102\vso\tfs\service\webaccess\releasepipeline\testscripts\tests\Tests.ReleaseManagement.Definition.ConfigurationsEditor.EnvironmentVariables.ts
Log Message: at Artifact (file:///D:/v2.0/A1/_work/dbded102/layout/L1/tfsjstestsclean/vssjstests/ReleasePipeline/Scripts/TFS.ReleaseManagement.Model.js:1381:57)
	at _updateArtifactDetails (file:///D:/v2.0/A1/_work/dbded102/layout/L1/tfsjstestsclean/vssjstests/ReleasePipeline/Scripts/TFS.ReleaseManagement.ArtifactsExplorer.ViewModel.js:523:50)
	at updateRelease (file:///D:/v2.0/A1/_work/dbded102/layout/L1/tfsjstestsclean/vssjstests/ReleasePipeline/Scripts/TFS.ReleaseManagement.ArtifactsExplorer.ViewModel.js:504:67)
	at file:///D:/v2.0/A1/_work/dbded102/layout/L1/tfsjstestsclean/vssjstests/ReleasePipeline/Scripts/TFS.ReleaseManagement.ArtifactsExplorer.ViewModel.js:555:42
	at each (file:///D:/v2.0/A1/_work/dbded102/layout/L1/tfsjstestsclean/vssjstests/VSS/jquery-2.1.1.js:385:27)
	at updateSummary (file:///D:/v2.0/A1/_work/dbded102/layout/L1/tfsjstestsclean/vssjstests/ReleasePipeline/Scripts/TFS.ReleaseManagement.ArtifactsExplorer.ViewModel.js:553:19)
	at file:///D:/v2.0/A1/_work/dbded102/layout/L1/tfsjstestsclean/vssjstests/ReleasePipeline/Scripts/TFS.ReleaseManagement.ArtifactsExplorer.ViewModel.js:185:58
	at _fulfilled (file:///D:/v2.0/A1/_work/dbded102/layout/L1/tfsjstestsclean/vssjstests/q.js:787:63)
	at file:///D:/v2.0/A1/_work/dbded102/layout/L1/tfsjstestsclean/vssjstests/q.js:816:40
	at promiseDispatch (file:///D:/v2.0/A1/_work/dbded102/layout/L1/tfsjstestsclean/vssjstests/q.js:749:20)
	at file:///D:/v2.0/A1/_work/dbded102/layout/L1/tfsjstestsclean/vssjstests/q.js:557:49
	at flush (file:///D:/v2.0/A1/_work/dbded102/layout/L1/tfsjstestsclean/vssjstests/q.js:108:21) from d:\v2.0\a1\_work\dbded102\vso\tfs\service\webaccess\releasepipeline\testscripts\tests\Tests.ReleaseManagement.Definition.ConfigurationsEditor.EnvironmentVariables.ts
Log Message: at Artifact (file:///D:/v2.0/A1/_work/dbded102/layout/L1/tfsjstestsclean/vssjstests/ReleasePipeline/Scripts/TFS.ReleaseManagement.Model.js:1381:57)
	at _updateArtifactDetails (file:///D:/v2.0/A1/_work/dbded102/layout/L1/tfsjstestsclean/vssjstests/ReleasePipeline/Scripts/TFS.ReleaseManagement.ArtifactsExplorer.ViewModel.js:523:50)
	at updateRelease (file:///D:/v2.0/A1/_work/dbded102/layout/L1/tfsjstestsclean/vssjstests/ReleasePipeline/Scripts/TFS.ReleaseManagement.ArtifactsExplorer.ViewModel.js:504:67)
	at file:///D:/v2.0/A1/_work/dbded102/layout/L1/tfsjstestsclean/vssjstests/ReleasePipeline/Scripts/TFS.ReleaseManagement.ArtifactsExplorer.ViewModel.js:555:42
	at each (file:///D:/v2.0/A1/_work/dbded102/layout/L1/tfsjstestsclean/vssjstests/VSS/jquery-2.1.1.js:385:27)
	at updateSummary (file:///D:/v2.0/A1/_work/dbded102/layout/L1/tfsjstestsclean/vssjstests/ReleasePipeline/Scripts/TFS.ReleaseManagement.ArtifactsExplorer.ViewModel.js:553:19)
	at file:///D:/v2.0/A1/_work/dbded102/layout/L1/tfsjstestsclean/vssjstests/ReleasePipeline/Scripts/TFS.ReleaseManagement.ArtifactsExplorer.ViewModel.js:185:58
	at _fulfilled (file:///D:/v2.0/A1/_work/dbded102/layout/L1/tfsjstestsclean/vssjstests/q.js:787:63)
	at file:///D:/v2.0/A1/_work/dbded102/layout/L1/tfsjstestsclean/vssjstests/q.js:816:40
	at promiseDispatch (file:///D:/v2.0/A1/_work/dbded102/layout/L1/tfsjstestsclean/vssjstests/q.js:749:20)
	at file:///D:/v2.0/A1/_work/dbded102/layout/L1/tfsjstestsclean/vssjstests/q.js:557:49
	at flush (file:///D:/v2.0/A1/_work/dbded102/layout/L1/tfsjstestsclean/vssjstests/q.js:108:21) from d:\v2.0\a1\_work\dbded102\vso\tfs\service\webaccess\releasepipeline\testscripts\tests\Tests.ReleaseManagement.Definition.ConfigurationsEditor.EnvironmentVariables.ts
Log Message: at Artifact (file:///D:/v2.0/A1/_work/dbded102/layout/L1/tfsjstestsclean/vssjstests/ReleasePipeline/Scripts/TFS.ReleaseManagement.Model.js:1381:57)
	at _updateArtifactDetails (file:///D:/v2.0/A1/_work/dbded102/layout/L1/tfsjstestsclean/vssjstests/ReleasePipeline/Scripts/TFS.ReleaseManagement.ArtifactsExplorer.ViewModel.js:523:50)
	at updateRelease (file:///D:/v2.0/A1/_work/dbded102/layout/L1/tfsjstestsclean/vssjstests/ReleasePipeline/Scripts/TFS.ReleaseManagement.ArtifactsExplorer.ViewModel.js:504:67)
	at file:///D:/v2.0/A1/_work/dbded102/layout/L1/tfsjstestsclean/vssjstests/ReleasePipeline/Scripts/TFS.ReleaseManagement.ArtifactsExplorer.ViewModel.js:555:42
	at each (file:///D:/v2.0/A1/_work/dbded102/layout/L1/tfsjstestsclean/vssjstests/VSS/jquery-2.1.1.js:385:27)
	at updateSummary (file:///D:/v2.0/A1/_work/dbded102/layout/L1/tfsjstestsclean/vssjstests/ReleasePipeline/Scripts/TFS.ReleaseManagement.ArtifactsExplorer.ViewModel.js:553:19)
	at file:///D:/v2.0/A1/_work/dbded102/layout/L1/tfsjstestsclean/vssjstests/ReleasePipeline/Scripts/TFS.ReleaseManagement.ArtifactsExplorer.ViewModel.js:185:58
	at _fulfilled (file:///D:/v2.0/A1/_work/dbded102/layout/L1/tfsjstestsclean/vssjstests/q.js:787:63)
	at file:///D:/v2.0/A1/_work/dbded102/layout/L1/tfsjstestsclean/vssjstests/q.js:816:40
	at promiseDispatch (file:///D:/v2.0/A1/_work/dbded102/layout/L1/tfsjstestsclean/vssjstests/q.js:749:20)
	at file:///D:/v2.0/A1/_work/dbded102/layout/L1/tfsjstestsclean/vssjstests/q.js:557:49
	at flush (file:///D:/v2.0/A1/_work/dbded102/layout/L1/tfsjstestsclean/vssjstests/q.js:108:21) from d:\v2.0\a1\_work\dbded102\vso\tfs\service\webaccess\releasepipeline\testscripts\tests\Tests.ReleaseManagement.Definition.ConfigurationsEditor.EnvironmentVariables.ts
Log Message: at Artifact (file:///D:/v2.0/A1/_work/dbded102/layout/L1/tfsjstestsclean/vssjstests/ReleasePipeline/Scripts/TFS.ReleaseManagement.Model.js:1381:57)
	at _updateArtifactDetails (file:///D:/v2.0/A1/_work/dbded102/layout/L1/tfsjstestsclean/vssjstests/ReleasePipeline/Scripts/TFS.ReleaseManagement.ArtifactsExplorer.ViewModel.js:523:50)
	at updateRelease (file:///D:/v2.0/A1/_work/dbded102/layout/L1/tfsjstestsclean/vssjstests/ReleasePipeline/Scripts/TFS.ReleaseManagement.ArtifactsExplorer.ViewModel.js:504:67)
	at file:///D:/v2.0/A1/_work/dbded102/layout/L1/tfsjstestsclean/vssjstests/ReleasePipeline/Scripts/TFS.ReleaseManagement.ArtifactsExplorer.ViewModel.js:555:42
	at each (file:///D:/v2.0/A1/_work/dbded102/layout/L1/tfsjstestsclean/vssjstests/VSS/jquery-2.1.1.js:385:27)
	at updateSummary (file:///D:/v2.0/A1/_work/dbded102/layout/L1/tfsjstestsclean/vssjstests/ReleasePipeline/Scripts/TFS.ReleaseManagement.ArtifactsExplorer.ViewModel.js:553:19)
	at file:///D:/v2.0/A1/_work/dbded102/layout/L1/tfsjstestsclean/vssjstests/ReleasePipeline/Scripts/TFS.ReleaseManagement.ArtifactsExplorer.ViewModel.js:185:58
	at _fulfilled (file:///D:/v2.0/A1/_work/dbded102/layout/L1/tfsjstestsclean/vssjstests/q.js:787:63)
	at file:///D:/v2.0/A1/_work/dbded102/layout/L1/tfsjstestsclean/vssjstests/q.js:816:40
	at promiseDispatch (file:///D:/v2.0/A1/_work/dbded102/layout/L1/tfsjstestsclean/vssjstests/q.js:749:20)
	at file:///D:/v2.0/A1/_work/dbded102/layout/L1/tfsjstestsclean/vssjstests/q.js:557:49
	at flush (file:///D:/v2.0/A1/_work/dbded102/layout/L1/tfsjstestsclean/vssjstests/q.js:108:21) from d:\v2.0\a1\_work\dbded102\vso\tfs\service\webaccess\releasepipeline\testscripts\tests\Tests.ReleaseManagement.Definition.ConfigurationsEditor.EnvironmentVariables.ts
Log Message: at Artifact (file:///D:/v2.0/A1/_work/dbded102/layout/L1/tfsjstestsclean/vssjstests/ReleasePipeline/Scripts/TFS.ReleaseManagement.Model.js:1381:57)
	at _updateArtifactDetails (file:///D:/v2.0/A1/_work/dbded102/layout/L1/tfsjstestsclean/vssjstests/ReleasePipeline/Scripts/TFS.ReleaseManagement.ArtifactsExplorer.ViewModel.js:523:50)
	at updateRelease (file:///D:/v2.0/A1/_work/dbded102/layout/L1/tfsjstestsclean/vssjstests/ReleasePipeline/Scripts/TFS.ReleaseManagement.ArtifactsExplorer.ViewModel.js:504:67)
	at file:///D:/v2.0/A1/_work/dbded102/layout/L1/tfsjstestsclean/vssjstests/ReleasePipeline/Scripts/TFS.ReleaseManagement.ArtifactsExplorer.ViewModel.js:555:42
	at each (file:///D:/v2.0/A1/_work/dbded102/layout/L1/tfsjstestsclean/vssjstests/VSS/jquery-2.1.1.js:385:27)
	at updateSummary (file:///D:/v2.0/A1/_work/dbded102/layout/L1/tfsjstestsclean/vssjstests/ReleasePipeline/Scripts/TFS.ReleaseManagement.ArtifactsExplorer.ViewModel.js:553:19)
	at file:///D:/v2.0/A1/_work/dbded102/layout/L1/tfsjstestsclean/vssjstests/ReleasePipeline/Scripts/TFS.ReleaseManagement.ArtifactsExplorer.ViewModel.js:185:58
	at _fulfilled (file:///D:/v2.0/A1/_work/dbded102/layout/L1/tfsjstestsclean/vssjstests/q.js:787:63)
	at file:///D:/v2.0/A1/_work/dbded102/layout/L1/tfsjstestsclean/vssjstests/q.js:816:40
	at promiseDispatch (file:///D:/v2.0/A1/_work/dbded102/layout/L1/tfsjstestsclean/vssjstests/q.js:749:20)
	at file:///D:/v2.0/A1/_work/dbded102/layout/L1/tfsjstestsclean/vssjstests/q.js:557:49
	at flush (file:///D:/v2.0/A1/_work/dbded102/layout/L1/tfsjstestsclean/vssjstests/q.js:108:21) from d:\v2.0\a1\_work\dbded102\vso\tfs\service\webaccess\releasepipeline\testscripts\tests\Tests.ReleaseManagement.Definition.ConfigurationsEditor.EnvironmentVariables.ts
Log Message: at Artifact (file:///D:/v2.0/A1/_work/dbded102/layout/L1/tfsjstestsclean/vssjstests/ReleasePipeline/Scripts/TFS.ReleaseManagement.Model.js:1381:57)
	at _updateArtifactDetails (file:///D:/v2.0/A1/_work/dbded102/layout/L1/tfsjstestsclean/vssjstests/ReleasePipeline/Scripts/TFS.ReleaseManagement.ArtifactsExplorer.ViewModel.js:523:50)
	at updateRelease (file:///D:/v2.0/A1/_work/dbded102/layout/L1/tfsjstestsclean/vssjstests/ReleasePipeline/Scripts/TFS.ReleaseManagement.ArtifactsExplorer.ViewModel.js:504:67)
	at file:///D:/v2.0/A1/_work/dbded102/layout/L1/tfsjstestsclean/vssjstests/ReleasePipeline/Scripts/TFS.ReleaseManagement.ArtifactsExplorer.ViewModel.js:555:42
	at each (file:///D:/v2.0/A1/_work/dbded102/layout/L1/tfsjstestsclean/vssjstests/VSS/jquery-2.1.1.js:385:27)
	at updateSummary (file:///D:/v2.0/A1/_work/dbded102/layout/L1/tfsjstestsclean/vssjstests/ReleasePipeline/Scripts/TFS.ReleaseManagement.ArtifactsExplorer.ViewModel.js:553:19)
	at file:///D:/v2.0/A1/_work/dbded102/layout/L1/tfsjstestsclean/vssjstests/ReleasePipeline/Scripts/TFS.ReleaseManagement.ArtifactsExplorer.ViewModel.js:185:58
	at _fulfilled (file:///D:/v2.0/A1/_work/dbded102/layout/L1/tfsjstestsclean/vssjstests/q.js:787:63)
	at file:///D:/v2.0/A1/_work/dbded102/layout/L1/tfsjstestsclean/vssjstests/q.js:816:40
	at promiseDispatch (file:///D:/v2.0/A1/_work/dbded102/layout/L1/tfsjstestsclean/vssjstests/q.js:749:20)
	at file:///D:/v2.0/A1/_work/dbded102/layout/L1/tfsjstestsclean/vssjstests/q.js:557:49
	at flush (file:///D:/v2.0/A1/_work/dbded102/layout/L1/tfsjstestsclean/vssjstests/q.js:108:21) from d:\v2.0\a1\_work\dbded102\vso\tfs\service\webaccess\releasepipeline\testscripts\tests\Tests.ReleaseManagement.Definition.ConfigurationsEditor.EnvironmentVariables.ts
Log Message: at Artifact (file:///D:/v2.0/A1/_work/dbded102/layout/L1/tfsjstestsclean/vssjstests/ReleasePipeline/Scripts/TFS.ReleaseManagement.Model.js:1381:57)
	at _updateArtifactDetails (file:///D:/v2.0/A1/_work/dbded102/layout/L1/tfsjstestsclean/vssjstests/ReleasePipeline/Scripts/TFS.ReleaseManagement.ArtifactsExplorer.ViewModel.js:523:50)
	at updateRelease (file:///D:/v2.0/A1/_work/dbded102/layout/L1/tfsjstestsclean/vssjstests/ReleasePipeline/Scripts/TFS.ReleaseManagement.ArtifactsExplorer.ViewModel.js:504:67)
	at file:///D:/v2.0/A1/_work/dbded102/layout/L1/tfsjstestsclean/vssjstests/ReleasePipeline/Scripts/TFS.ReleaseManagement.ArtifactsExplorer.ViewModel.js:555:42
	at each (file:///D:/v2.0/A1/_work/dbded102/layout/L1/tfsjstestsclean/vssjstests/VSS/jquery-2.1.1.js:385:27)
	at updateSummary (file:///D:/v2.0/A1/_work/dbded102/layout/L1/tfsjstestsclean/vssjstests/ReleasePipeline/Scripts/TFS.ReleaseManagement.ArtifactsExplorer.ViewModel.js:553:19)
	at file:///D:/v2.0/A1/_work/dbded102/layout/L1/tfsjstestsclean/vssjstests/ReleasePipeline/Scripts/TFS.ReleaseManagement.ArtifactsExplorer.ViewModel.js:185:58
	at _fulfilled (file:///D:/v2.0/A1/_work/dbded102/layout/L1/tfsjstestsclean/vssjstests/q.js:787:63)
	at file:///D:/v2.0/A1/_work/dbded102/layout/L1/tfsjstestsclean/vssjstests/q.js:816:40
	at promiseDispatch (file:///D:/v2.0/A1/_work/dbded102/layout/L1/tfsjstestsclean/vssjstests/q.js:749:20)
	at file:///D:/v2.0/A1/_work/dbded102/layout/L1/tfsjstestsclean/vssjstests/q.js:557:49
	at flush (file:///D:/v2.0/A1/_work/dbded102/layout/L1/tfsjstestsclean/vssjstests/q.js:108:21) from d:\v2.0\a1\_work\dbded102\vso\tfs\service\webaccess\releasepipeline\testscripts\tests\Tests.ReleaseManagement.Definition.ConfigurationsEditor.EnvironmentVariables.ts
Log Message: at Artifact (file:///D:/v2.0/A1/_work/dbded102/layout/L1/tfsjstestsclean/vssjstests/ReleasePipeline/Scripts/TFS.ReleaseManagement.Model.js:1381:57)
	at _updateArtifactDetails (file:///D:/v2.0/A1/_work/dbded102/layout/L1/tfsjstestsclean/vssjstests/ReleasePipeline/Scripts/TFS.ReleaseManagement.ArtifactsExplorer.ViewModel.js:523:50)
	at updateRelease (file:///D:/v2.0/A1/_work/dbded102/layout/L1/tfsjstestsclean/vssjstests/ReleasePipeline/Scripts/TFS.ReleaseManagement.ArtifactsExplorer.ViewModel.js:504:67)
	at file:///D:/v2.0/A1/_work/dbded102/layout/L1/tfsjstestsclean/vssjstests/ReleasePipeline/Scripts/TFS.ReleaseManagement.ArtifactsExplorer.ViewModel.js:555:42
	at each (file:///D:/v2.0/A1/_work/dbded102/layout/L1/tfsjstestsclean/vssjstests/VSS/jquery-2.1.1.js:385:27)
	at updateSummary (file:///D:/v2.0/A1/_work/dbded102/layout/L1/tfsjstestsclean/vssjstests/ReleasePipeline/Scripts/TFS.ReleaseManagement.ArtifactsExplorer.ViewModel.js:553:19)
	at file:///D:/v2.0/A1/_work/dbded102/layout/L1/tfsjstestsclean/vssjstests/ReleasePipeline/Scripts/TFS.ReleaseManagement.ArtifactsExplorer.ViewModel.js:185:58
	at _fulfilled (file:///D:/v2.0/A1/_work/dbded102/layout/L1/tfsjstestsclean/vssjstests/q.js:787:63)
	at file:///D:/v2.0/A1/_work/dbded102/layout/L1/tfsjstestsclean/vssjstests/q.js:816:40
	at promiseDispatch (file:///D:/v2.0/A1/_work/dbded102/layout/L1/tfsjstestsclean/vssjstests/q.js:749:20)
	at file:///D:/v2.0/A1/_work/dbded102/layout/L1/tfsjstestsclean/vssjstests/q.js:557:49
	at flush (file:///D:/v2.0/A1/_work/dbded102/layout/L1/tfsjstestsclean/vssjstests/q.js:108:21) from d:\v2.0\a1\_work\dbded102\vso\tfs\service\webaccess\releasepipeline\testscripts\tests\Tests.ReleaseManagement.Definition.ConfigurationsEditor.EnvironmentVariables.ts
Log Message: at Artifact (file:///D:/v2.0/A1/_work/dbded102/layout/L1/tfsjstestsclean/vssjstests/ReleasePipeline/Scripts/TFS.ReleaseManagement.Model.js:1381:57)
	at _updateArtifactDetails (file:///D:/v2.0/A1/_work/dbded102/layout/L1/tfsjstestsclean/vssjstests/ReleasePipeline/Scripts/TFS.ReleaseManagement.ArtifactsExplorer.ViewModel.js:523:50)
	at updateRelease (file:///D:/v2.0/A1/_work/dbded102/layout/L1/tfsjstestsclean/vssjstests/ReleasePipeline/Scripts/TFS.ReleaseManagement.ArtifactsExplorer.ViewModel.js:504:67)
	at file:///D:/v2.0/A1/_work/dbded102/layout/L1/tfsjstestsclean/vssjstests/ReleasePipeline/Scripts/TFS.ReleaseManagement.ArtifactsExplorer.ViewModel.js:555:42
	at each (file:///D:/v2.0/A1/_work/dbded102/layout/L1/tfsjstestsclean/vssjstests/VSS/jquery-2.1.1.js:385:27)
	at updateSummary (file:///D:/v2.0/A1/_work/dbded102/layout/L1/tfsjstestsclean/vssjstests/ReleasePipeline/Scripts/TFS.ReleaseManagement.ArtifactsExplorer.ViewModel.js:553:19)
	at file:///D:/v2.0/A1/_work/dbded102/layout/L1/tfsjstestsclean/vssjstests/ReleasePipeline/Scripts/TFS.ReleaseManagement.ArtifactsExplorer.ViewModel.js:185:58
	at _fulfilled (file:///D:/v2.0/A1/_work/dbded102/layout/L1/tfsjstestsclean/vssjstests/q.js:787:63)
	at file:///D:/v2.0/A1/_work/dbded102/layout/L1/tfsjstestsclean/vssjstests/q.js:816:40
	at promiseDispatch (file:///D:/v2.0/A1/_work/dbded102/layout/L1/tfsjstestsclean/vssjstests/q.js:749:20)
	at file:///D:/v2.0/A1/_work/dbded102/layout/L1/tfsjstestsclean/vssjstests/q.js:557:49
	at flush (file:///D:/v2.0/A1/_work/dbded102/layout/L1/tfsjstestsclean/vssjstests/q.js:108:21) from d:\v2.0\a1\_work\dbded102\vso\tfs\service\webaccess\releasepipeline\testscripts\tests\Tests.ReleaseManagement.Definition.ConfigurationsEditor.EnvironmentVariables.ts
Log Message: at Artifact (file:///D:/v2.0/A1/_work/dbded102/layout/L1/tfsjstestsclean/vssjstests/ReleasePipeline/Scripts/TFS.ReleaseManagement.Model.js:1381:57)
	at _updateArtifactDetails (file:///D:/v2.0/A1/_work/dbded102/layout/L1/tfsjstestsclean/vssjstests/ReleasePipeline/Scripts/TFS.ReleaseManagement.ArtifactsExplorer.ViewModel.js:523:50)
	at updateRelease (file:///D:/v2.0/A1/_work/dbded102/layout/L1/tfsjstestsclean/vssjstests/ReleasePipeline/Scripts/TFS.ReleaseManagement.ArtifactsExplorer.ViewModel.js:504:67)
	at file:///D:/v2.0/A1/_work/dbded102/layout/L1/tfsjstestsclean/vssjstests/ReleasePipeline/Scripts/TFS.ReleaseManagement.ArtifactsExplorer.ViewModel.js:555:42
	at each (file:///D:/v2.0/A1/_work/dbded102/layout/L1/tfsjstestsclean/vssjstests/VSS/jquery-2.1.1.js:385:27)
	at updateSummary (file:///D:/v2.0/A1/_work/dbded102/layout/L1/tfsjstestsclean/vssjstests/ReleasePipeline/Scripts/TFS.ReleaseManagement.ArtifactsExplorer.ViewModel.js:553:19)
	at file:///D:/v2.0/A1/_work/dbded102/layout/L1/tfsjstestsclean/vssjstests/ReleasePipeline/Scripts/TFS.ReleaseManagement.ArtifactsExplorer.ViewModel.js:185:58
	at _fulfilled (file:///D:/v2.0/A1/_work/dbded102/layout/L1/tfsjstestsclean/vssjstests/q.js:787:63)
	at file:///D:/v2.0/A1/_work/dbded102/layout/L1/tfsjstestsclean/vssjstests/q.js:816:40
	at promiseDispatch (file:///D:/v2.0/A1/_work/dbded102/layout/L1/tfsjstestsclean/vssjstests/q.js:749:20)
	at file:///D:/v2.0/A1/_work/dbded102/layout/L1/tfsjstestsclean/vssjstests/q.js:557:49
	at flush (file:///D:/v2.0/A1/_work/dbded102/layout/L1/tfsjstestsclean/vssjstests/q.js:108:21) from d:\v2.0\a1\_work\dbded102\vso\tfs\service\webaccess\releasepipeline\testscripts\tests\Tests.ReleaseManagement.Definition.ConfigurationsEditor.EnvironmentVariables.ts
Log Message: at Artifact (file:///D:/v2.0/A1/_work/dbded102/layout/L1/tfsjstestsclean/vssjstests/ReleasePipeline/Scripts/TFS.ReleaseManagement.Model.js:1381:57)
	at _updateArtifactDetails (file:///D:/v2.0/A1/_work/dbded102/layout/L1/tfsjstestsclean/vssjstests/ReleasePipeline/Scripts/TFS.ReleaseManagement.ArtifactsExplorer.ViewModel.js:523:50)
	at updateRelease (file:///D:/v2.0/A1/_work/dbded102/layout/L1/tfsjstestsclean/vssjstests/ReleasePipeline/Scripts/TFS.ReleaseManagement.ArtifactsExplorer.ViewModel.js:504:67)
	at file:///D:/v2.0/A1/_work/dbded102/layout/L1/tfsjstestsclean/vssjstests/ReleasePipeline/Scripts/TFS.ReleaseManagement.ArtifactsExplorer.ViewModel.js:555:42
	at each (file:///D:/v2.0/A1/_work/dbded102/layout/L1/tfsjstestsclean/vssjstests/VSS/jquery-2.1.1.js:385:27)
	at updateSummary (file:///D:/v2.0/A1/_work/dbded102/layout/L1/tfsjstestsclean/vssjstests/ReleasePipeline/Scripts/TFS.ReleaseManagement.ArtifactsExplorer.ViewModel.js:553:19)
	at file:///D:/v2.0/A1/_work/dbded102/layout/L1/tfsjstestsclean/vssjstests/ReleasePipeline/Scripts/TFS.ReleaseManagement.ArtifactsExplorer.ViewModel.js:185:58
	at _fulfilled (file:///D:/v2.0/A1/_work/dbded102/layout/L1/tfsjstestsclean/vssjstests/q.js:787:63)
	at file:///D:/v2.0/A1/_work/dbded102/layout/L1/tfsjstestsclean/vssjstests/q.js:816:40
	at promiseDispatch (file:///D:/v2.0/A1/_work/dbded102/layout/L1/tfsjstestsclean/vssjstests/q.js:749:20)
	at file:///D:/v2.0/A1/_work/dbded102/layout/L1/tfsjstestsclean/vssjstests/q.js:557:49
	at flush (file:///D:/v2.0/A1/_work/dbded102/layout/L1/tfsjstestsclean/vssjstests/q.js:108:21) from d:\v2.0\a1\_work\dbded102\vso\tfs\service\webaccess\releasepipeline\testscripts\tests\Tests.ReleaseManagement.Definition.ConfigurationsEditor.EnvironmentVariables.ts
Log Message: at Artifact (file:///D:/v2.0/A1/_work/dbded102/layout/L1/tfsjstestsclean/vssjstests/ReleasePipeline/Scripts/TFS.ReleaseManagement.Model.js:1381:57)
	at _updateArtifactDetails (file:///D:/v2.0/A1/_work/dbded102/layout/L1/tfsjstestsclean/vssjstests/ReleasePipeline/Scripts/TFS.ReleaseManagement.ArtifactsExplorer.ViewModel.js:523:50)
	at updateRelease (file:///D:/v2.0/A1/_work/dbded102/layout/L1/tfsjstestsclean/vssjstests/ReleasePipeline/Scripts/TFS.ReleaseManagement.ArtifactsExplorer.ViewModel.js:504:67)
	at file:///D:/v2.0/A1/_work/dbded102/layout/L1/tfsjstestsclean/vssjstests/ReleasePipeline/Scripts/TFS.ReleaseManagement.ArtifactsExplorer.ViewModel.js:555:42
	at each (file:///D:/v2.0/A1/_work/dbded102/layout/L1/tfsjstestsclean/vssjstests/VSS/jquery-2.1.1.js:385:27)
	at updateSummary (file:///D:/v2.0/A1/_work/dbded102/layout/L1/tfsjstestsclean/vssjstests/ReleasePipeline/Scripts/TFS.ReleaseManagement.ArtifactsExplorer.ViewModel.js:553:19)
	at file:///D:/v2.0/A1/_work/dbded102/layout/L1/tfsjstestsclean/vssjstests/ReleasePipeline/Scripts/TFS.ReleaseManagement.ArtifactsExplorer.ViewModel.js:185:58
	at _fulfilled (file:///D:/v2.0/A1/_work/dbded102/layout/L1/tfsjstestsclean/vssjstests/q.js:787:63)
	at file:///D:/v2.0/A1/_work/dbded102/layout/L1/tfsjstestsclean/vssjstests/q.js:816:40
	at promiseDispatch (file:///D:/v2.0/A1/_work/dbded102/layout/L1/tfsjstestsclean/vssjstests/q.js:749:20)
	at file:///D:/v2.0/A1/_work/dbded102/layout/L1/tfsjstestsclean/vssjstests/q.js:557:49
	at flush (file:///D:/v2.0/A1/_work/dbded102/layout/L1/tfsjstestsclean/vssjstests/q.js:108:21) from d:\v2.0\a1\_work\dbded102\vso\tfs\service\webaccess\releasepipeline\testscripts\tests\Tests.ReleaseManagement.Definition.ConfigurationsEditor.EnvironmentVariables.ts
Log Message: at Artifact (file:///D:/v2.0/A1/_work/dbded102/layout/L1/tfsjstestsclean/vssjstests/ReleasePipeline/Scripts/TFS.ReleaseManagement.Model.js:1381:57)
	at _updateArtifactDetails (file:///D:/v2.0/A1/_work/dbded102/layout/L1/tfsjstestsclean/vssjstests/ReleasePipeline/Scripts/TFS.ReleaseManagement.ArtifactsExplorer.ViewModel.js:523:50)
	at updateRelease (file:///D:/v2.0/A1/_work/dbded102/layout/L1/tfsjstestsclean/vssjstests/ReleasePipeline/Scripts/TFS.ReleaseManagement.ArtifactsExplorer.ViewModel.js:504:67)
	at file:///D:/v2.0/A1/_work/dbded102/layout/L1/tfsjstestsclean/vssjstests/ReleasePipeline/Scripts/TFS.ReleaseManagement.ArtifactsExplorer.ViewModel.js:555:42
	at each (file:///D:/v2.0/A1/_work/dbded102/layout/L1/tfsjstestsclean/vssjstests/VSS/jquery-2.1.1.js:385:27)
	at updateSummary (file:///D:/v2.0/A1/_work/dbded102/layout/L1/tfsjstestsclean/vssjstests/ReleasePipeline/Scripts/TFS.ReleaseManagement.ArtifactsExplorer.ViewModel.js:553:19)
	at file:///D:/v2.0/A1/_work/dbded102/layout/L1/tfsjstestsclean/vssjstests/ReleasePipeline/Scripts/TFS.ReleaseManagement.ArtifactsExplorer.ViewModel.js:185:58
	at _fulfilled (file:///D:/v2.0/A1/_work/dbded102/layout/L1/tfsjstestsclean/vssjstests/q.js:787:63)
	at file:///D:/v2.0/A1/_work/dbded102/layout/L1/tfsjstestsclean/vssjstests/q.js:816:40
	at promiseDispatch (file:///D:/v2.0/A1/_work/dbded102/layout/L1/tfsjstestsclean/vssjstests/q.js:749:20)
	at file:///D:/v2.0/A1/_work/dbded102/layout/L1/tfsjstestsclean/vssjstests/q.js:557:49
	at flush (file:///D:/v2.0/A1/_work/dbded102/layout/L1/tfsjstestsclean/vssjstests/q.js:108:21) from d:\v2.0\a1\_work\dbded102\vso\tfs\service\webaccess\releasepipeline\testscripts\tests\Tests.ReleaseManagement.Definition.ConfigurationsEditor.EnvironmentVariables.ts
Log Message: Layout called (in setDataSource) after grid was disposed. from d:\v2.0\a1\_work\dbded102\vso\tfs\service\webaccess\releasepipeline\testscripts\tests\Tests.ReleaseManagement.ReleaseExplorerView.ts
Log Message: Layout called (in setDataSource) after grid was disposed. from d:\v2.0\a1\_work\dbded102\vso\tfs\service\webaccess\releasepipeline\testscripts\tests\Tests.ReleaseManagement.ReleaseExplorerView.ts
Log Message: (no stack) Error: Refresh error from d:\v2.0\a1\_work\dbded102\vso\tfs\service\webaccess\releasepipeline\testscripts\tests\Tests.ReleaseManagement.ReleaseExplorerView.ts
Log Message: Layout called (in setDataSource) after grid was disposed. from d:\v2.0\a1\_work\dbded102\vso\tfs\service\webaccess\releasepipeline\testscripts\tests\Tests.ReleaseManagement.ReleaseExplorerView.ts
Log Message: Layout called (in setDataSource) after grid was disposed. from d:\v2.0\a1\_work\dbded102\vso\tfs\service\webaccess\releasepipeline\testscripts\tests\Tests.ReleaseManagement.ReleaseExplorerView.ts
Log Message: Layout called (in setDataSource) after grid was disposed. from d:\v2.0\a1\_work\dbded102\vso\tfs\service\webaccess\releasepipeline\testscripts\tests\Tests.ReleaseManagement.ReleaseExplorerView.ts
Log Message: Layout called (in setDataSource) after grid was disposed. from d:\v2.0\a1\_work\dbded102\vso\tfs\service\webaccess\releasepipeline\testscripts\tests\Tests.ReleaseManagement.ReleaseExplorerView.ts
Log Message: Layout called (in setDataSource) after grid was disposed. from d:\v2.0\a1\_work\dbded102\vso\tfs\service\webaccess\releasepipeline\testscripts\tests\Tests.ReleaseManagement.ReleaseExplorerView.ts
Log Message: Layout called (in setDataSource) after grid was disposed. from d:\v2.0\a1\_work\dbded102\vso\tfs\service\webaccess\releasepipeline\testscripts\tests\Tests.ReleaseManagement.ReleaseExplorerView.ts
Log Message: Layout called (in setDataSource) after grid was disposed. from d:\v2.0\a1\_work\dbded102\vso\tfs\service\webaccess\releasepipeline\testscripts\tests\Tests.ReleaseManagement.ReleaseExplorerView.ts
Log Message: Layout called (in setDataSource) after grid was disposed. from d:\v2.0\a1\_work\dbded102\vso\tfs\service\webaccess\releasepipeline\testscripts\tests\Tests.ReleaseManagement.ReleaseExplorerView.ts
Log Message: Layout called (in setDataSource) after grid was disposed. from d:\v2.0\a1\_work\dbded102\vso\tfs\service\webaccess\releasepipeline\testscripts\tests\Tests.ReleaseManagement.ReleaseExplorerView.ts
Log Message: Layout called (in setDataSource) after grid was disposed. from d:\v2.0\a1\_work\dbded102\vso\tfs\service\webaccess\releasepipeline\testscripts\tests\Tests.ReleaseManagement.ReleaseExplorerView.ts
Log Message: Layout called (in setDataSource) after grid was disposed. from d:\v2.0\a1\_work\dbded102\vso\tfs\service\webaccess\releasepipeline\testscripts\tests\Tests.ReleaseManagement.ReleaseExplorerView.ts
Log Message: Layout called (in setDataSource) after grid was disposed. from d:\v2.0\a1\_work\dbded102\vso\tfs\service\webaccess\releasepipeline\testscripts\tests\Tests.ReleaseManagement.ReleaseExplorerView.ts
Log Message: Layout called (in setDataSource) after grid was disposed. from d:\v2.0\a1\_work\dbded102\vso\tfs\service\webaccess\releasepipeline\testscripts\tests\Tests.ReleaseManagement.ReleaseExplorerView.ts
Log Message: Layout called (in setDataSource) after grid was disposed. from d:\v2.0\a1\_work\dbded102\vso\tfs\service\webaccess\releasepipeline\testscripts\tests\Tests.ReleaseManagement.ReleaseExplorerView.ts
Log Message: Layout called (in setDataSource) after grid was disposed. from d:\v2.0\a1\_work\dbded102\vso\tfs\service\webaccess\releasepipeline\testscripts\tests\Tests.ReleaseManagement.ReleaseExplorerView.ts
Log Message: Layout called (in setDataSource) after grid was disposed. from d:\v2.0\a1\_work\dbded102\vso\tfs\service\webaccess\releasepipeline\testscripts\tests\Tests.ReleaseManagement.ReleaseExplorerView.ts
Log Message: Layout called (in setDataSource) after grid was disposed. from d:\v2.0\a1\_work\dbded102\vso\tfs\service\webaccess\releasepipeline\testscripts\tests\Tests.ReleaseManagement.ReleaseExplorerView.ts
Log Message: Layout called (in setDataSource) after grid was disposed. from d:\v2.0\a1\_work\dbded102\vso\tfs\service\webaccess\releasepipeline\testscripts\tests\Tests.ReleaseManagement.ReleaseExplorerView.ts
Log Message: Layout called (in setDataSource) after grid was disposed. from d:\v2.0\a1\_work\dbded102\vso\tfs\service\webaccess\releasepipeline\testscripts\tests\Tests.ReleaseManagement.ReleaseExplorerView.ts
Log Message: Layout called (in setDataSource) after grid was disposed. from d:\v2.0\a1\_work\dbded102\vso\tfs\service\webaccess\releasepipeline\testscripts\tests\Tests.ReleaseManagement.ReleaseExplorerView.ts
Log Message: Layout called (in setDataSource) after grid was disposed. from d:\v2.0\a1\_work\dbded102\vso\tfs\service\webaccess\releasepipeline\testscripts\tests\Tests.ReleaseManagement.ReleaseExplorerView.ts
</StdOut>
    </Output>
  </ResultSummary>
</TestRun>