<?xml version="1.0" encoding="UTF-8"?>
<TestRun id="e8b47fde-a4c0-498f-a155-46ce99cebdb8" name="tfsmladm@TFSBUILD11 2015-09-28 09:43:17" runUser="REDMOND\tfsmladm" xmlns="http://microsoft.com/schemas/VisualStudio/TeamTest/2010">
  <Times creation="2015-09-28T09:43:17.8270602-07:00" queuing="2015-09-28T09:43:17.8270602-07:00" start="2015-09-28T09:43:17.8426854-07:00" finish="2015-09-28T09:43:25.2182107-07:00" />
  <TestSettings name="default" id="639b547f-5597-4c4b-9005-6aa96b693a3d">
    <Execution>
      <TestTypeSpecific />
    </Execution>
    <Deployment runDeploymentRoot="tfsmladm_TFSBUILD11 2015-09-28 09_43_17" />
    <Properties />
  </TestSettings>
  <Results>
    <UnitTestResult executionId="49785a1d-d6cd-490c-a2b0-8556daa425fd" testId="55cb9c4c-1ccd-e873-af8b-aff87ca0d493" testName="Jobs_AgentRequestMonitorJob_RequeueWhenActiveRequestsExist" computerName="TFSBUILD11" duration="00:00:00.5924072" startTime="2015-09-28T09:43:16.4519618-07:00" endTime="2015-09-28T09:43:17.1238846-07:00" testType="13cdc9d9-ddb5-4fa4-a97d-d965ccfc6d4b" outcome="Passed" testListId="8c84fa94-04c1-424b-9868-57a2d4851a1d" relativeResultsDirectory="49785a1d-d6cd-490c-a2b0-8556daa425fd" />
    <UnitTestResult executionId="e29fec78-9c5d-451b-b9b6-48f2f7eb30dd" testId="018de8a9-8ac3-dee5-cac0-ec3a75d74f13" testName="Jobs_AgentRequestMonitorJob_DoesNotQueueWhenNoMoreActiveRequestsExist" computerName="TFSBUILD11" duration="00:00:00.0235431" startTime="2015-09-28T09:43:17.1395113-07:00" endTime="2015-09-28T09:43:17.1551371-07:00" testType="13cdc9d9-ddb5-4fa4-a97d-d965ccfc6d4b" outcome="Passed" testListId="8c84fa94-04c1-424b-9868-57a2d4851a1d" relativeResultsDirectory="e29fec78-9c5d-451b-b9b6-48f2f7eb30dd" />
    <UnitTestResult executionId="908b42dc-e451-4a8e-9a5d-196ed2f58689" testId="50907078-7706-f88b-2c16-bd7740f381e9" testName="Jobs_AgentCapabilityUpdateJob_StateIsNotResetWhenNoPoolsFound" computerName="TFSBUILD11" duration="00:00:00.2079569" startTime="2015-09-28T09:43:17.1551371-07:00" endTime="2015-09-28T09:43:17.3582771-07:00" testType="13cdc9d9-ddb5-4fa4-a97d-d965ccfc6d4b" outcome="Passed" testListId="8c84fa94-04c1-424b-9868-57a2d4851a1d" relativeResultsDirectory="908b42dc-e451-4a8e-9a5d-196ed2f58689" />
    <UnitTestResult executionId="b105ee4c-0edd-4ad0-9012-a8fe18c290f0" testId="6cd01dd0-4a69-2dae-1a4d-9862d49856a8" testName="ResourceService_QueueAgentRequest_DetectsVersionOnlyMismatchesAndSendsRefreshMessage" computerName="TFSBUILD11" duration="00:00:00.6340922" startTime="2015-09-28T09:43:17.3582771-07:00" endTime="2015-09-28T09:43:17.9989477-07:00" testType="13cdc9d9-ddb5-4fa4-a97d-d965ccfc6d4b" outcome="Passed" testListId="8c84fa94-04c1-424b-9868-57a2d4851a1d" relativeResultsDirectory="b105ee4c-0edd-4ad0-9012-a8fe18c290f0" />
    <UnitTestResult executionId="533a14c4-8362-40a6-87f2-3a664fb5bc43" testId="8c99d3ff-1e4b-634e-6d40-392c86cf71f0" testName="ResourceService_QueueAgentRequest_RequiresManagePermission" computerName="TFSBUILD11" duration="00:00:00.0445006" startTime="2015-09-28T09:43:17.9989477-07:00" endTime="2015-09-28T09:43:18.0458257-07:00" testType="13cdc9d9-ddb5-4fa4-a97d-d965ccfc6d4b" outcome="Passed" testListId="8c84fa94-04c1-424b-9868-57a2d4851a1d" relativeResultsDirectory="533a14c4-8362-40a6-87f2-3a664fb5bc43" />
    <UnitTestResult executionId="bba861a2-b0ce-45b0-a52e-eda0d3b68be3" testId="a00f4abc-2dae-04d2-561a-dcb7c16dfd98" testName="ResourceService_QueueAgentRequest_RequiresViewPermission" computerName="TFSBUILD11" duration="00:00:00.0374751" startTime="2015-09-28T09:43:18.0458257-07:00" endTime="2015-09-28T09:43:18.0927041-07:00" testType="13cdc9d9-ddb5-4fa4-a97d-d965ccfc6d4b" outcome="Passed" testListId="8c84fa94-04c1-424b-9868-57a2d4851a1d" relativeResultsDirectory="bba861a2-b0ce-45b0-a52e-eda0d3b68be3" />
    <UnitTestResult executionId="024d9cae-36fb-4ab3-8af4-0100d6612e64" testId="f373c7eb-0bbc-7890-0130-c5edad869aa3" testName="ResourceService_QueueAgentRequest_RequiresAtLeastOneMatchingAgentInPool" computerName="TFSBUILD11" duration="00:00:00.0403785" startTime="2015-09-28T09:43:18.0927041-07:00" endTime="2015-09-28T09:43:18.1239557-07:00" testType="13cdc9d9-ddb5-4fa4-a97d-d965ccfc6d4b" outcome="Passed" testListId="8c84fa94-04c1-424b-9868-57a2d4851a1d" relativeResultsDirectory="024d9cae-36fb-4ab3-8af4-0100d6612e64" />
    <UnitTestResult executionId="e0d8233c-bd3e-44c1-8173-6d4afcef285f" testId="e2819a6f-9cd9-0762-e28a-2a92eca14a5f" testName="ResourceService_QueueAgentRequest_RequiresNonEmptyPool" computerName="TFSBUILD11" duration="00:00:00.0653617" startTime="2015-09-28T09:43:18.1239557-07:00" endTime="2015-09-28T09:43:18.2020863-07:00" testType="13cdc9d9-ddb5-4fa4-a97d-d965ccfc6d4b" outcome="Passed" testListId="8c84fa94-04c1-424b-9868-57a2d4851a1d" relativeResultsDirectory="e0d8233c-bd3e-44c1-8173-6d4afcef285f" />
    <UnitTestResult executionId="8ff775a2-95f0-4c52-816d-f100b1fdffca" testId="b77107bb-522e-63c2-7092-e54df363ae01" testName="ResourceService_SendMessageToAgent_RequiresViewPermission" computerName="TFSBUILD11" duration="00:00:00.0357830" startTime="2015-09-28T09:43:18.2020863-07:00" endTime="2015-09-28T09:43:18.2333388-07:00" testType="13cdc9d9-ddb5-4fa4-a97d-d965ccfc6d4b" outcome="Passed" testListId="8c84fa94-04c1-424b-9868-57a2d4851a1d" relativeResultsDirectory="8ff775a2-95f0-4c52-816d-f100b1fdffca" />
    <UnitTestResult executionId="6a79b047-fcb6-4e37-a4ea-5a8996b78f31" testId="daea712f-7dc9-87ab-2401-2b1aa9f44476" testName="ResourceService_SendMessageToAgent_RequiresManagePermission" computerName="TFSBUILD11" duration="00:00:00.0380164" startTime="2015-09-28T09:43:18.2333388-07:00" endTime="2015-09-28T09:43:18.2645910-07:00" testType="13cdc9d9-ddb5-4fa4-a97d-d965ccfc6d4b" outcome="Passed" testListId="8c84fa94-04c1-424b-9868-57a2d4851a1d" relativeResultsDirectory="6a79b047-fcb6-4e37-a4ea-5a8996b78f31" />
    <UnitTestResult executionId="0f6fbf20-d7dd-4304-b1ad-22d53308c386" testId="d1e528ac-9c41-3bb2-36e6-d90c82703771" testName="ResourceService_SendMessageToAgent_RequiresValidAgentRequest" computerName="TFSBUILD11" duration="00:00:00.0364159" startTime="2015-09-28T09:43:18.2645910-07:00" endTime="2015-09-28T09:43:18.3114693-07:00" testType="13cdc9d9-ddb5-4fa4-a97d-d965ccfc6d4b" outcome="Passed" testListId="8c84fa94-04c1-424b-9868-57a2d4851a1d" relativeResultsDirectory="0f6fbf20-d7dd-4304-b1ad-22d53308c386" />
    <UnitTestResult executionId="5d4eaff5-4c9a-40f0-8a58-937668d01278" testId="f1388ec7-7cb6-ffd4-4010-dd6d3f71ecdd" testName="ResourceService_SendMessageToAgent_DeliversMessageToMessageQueue" computerName="TFSBUILD11" duration="00:00:00.0500646" startTime="2015-09-28T09:43:18.3114693-07:00" endTime="2015-09-28T09:43:18.3583477-07:00" testType="13cdc9d9-ddb5-4fa4-a97d-d965ccfc6d4b" outcome="Passed" testListId="8c84fa94-04c1-424b-9868-57a2d4851a1d" relativeResultsDirectory="5d4eaff5-4c9a-40f0-8a58-937668d01278" />
    <UnitTestResult executionId="2189e607-ee15-4b2f-bf16-5fc3abf29b01" testId="6657e43a-2474-311c-1bf9-e0e10292b9c2" testName="ResourceService_SendRefreshMessageToAgent_CannotRefreshHostedPool" computerName="TFSBUILD11" duration="00:00:00.0413680" startTime="2015-09-28T09:43:18.3583477-07:00" endTime="2015-09-28T09:43:18.4052257-07:00" testType="13cdc9d9-ddb5-4fa4-a97d-d965ccfc6d4b" outcome="Passed" testListId="8c84fa94-04c1-424b-9868-57a2d4851a1d" relativeResultsDirectory="2189e607-ee15-4b2f-bf16-5fc3abf29b01" />
    <UnitTestResult executionId="3e35b7e1-a93d-49e3-8e97-1fa68be57e1a" testId="3d304e8f-9d53-3fb6-5443-42a706a7e07b" testName="ResourceService_SendRefreshMessageToAgent_DeliversMessageToMessageQueue" computerName="TFSBUILD11" duration="00:00:00.0404189" startTime="2015-09-28T09:43:18.4052257-07:00" endTime="2015-09-28T09:43:18.4364780-07:00" testType="13cdc9d9-ddb5-4fa4-a97d-d965ccfc6d4b" outcome="Passed" testListId="8c84fa94-04c1-424b-9868-57a2d4851a1d" relativeResultsDirectory="3e35b7e1-a93d-49e3-8e97-1fa68be57e1a" />
    <UnitTestResult executionId="2fdbf27c-f3ec-4e46-8a30-e5f54f7f5109" testId="92989d47-3420-a506-39d3-3c0693739e63" testName="ResourceService_SendRefreshMessageToAgent_RequiresManagePermission" computerName="TFSBUILD11" duration="00:00:00.0344495" startTime="2015-09-28T09:43:18.4364780-07:00" endTime="2015-09-28T09:43:18.4677305-07:00" testType="13cdc9d9-ddb5-4fa4-a97d-d965ccfc6d4b" outcome="Passed" testListId="8c84fa94-04c1-424b-9868-57a2d4851a1d" relativeResultsDirectory="2fdbf27c-f3ec-4e46-8a30-e5f54f7f5109" />
    <UnitTestResult executionId="977db0f6-781d-4100-83c7-70e4915201b2" testId="98bb1d2a-254d-ef88-8838-61dc0a81ee47" testName="ResourceService_SendRefreshMessageToAgent_RequiresViewPermission" computerName="TFSBUILD11" duration="00:00:00.0394637" startTime="2015-09-28T09:43:18.4677305-07:00" endTime="2015-09-28T09:43:18.5146091-07:00" testType="13cdc9d9-ddb5-4fa4-a97d-d965ccfc6d4b" outcome="Passed" testListId="8c84fa94-04c1-424b-9868-57a2d4851a1d" relativeResultsDirectory="977db0f6-781d-4100-83c7-70e4915201b2" />
    <UnitTestResult executionId="4ff31bb3-8ed9-4d28-8be5-6db4faab52a2" testId="c244798e-74ff-97de-09db-34a8e2595407" testName="ResourceService_SendRefreshMessageToAgents_CannotRefreshHostedPool" computerName="TFSBUILD11" duration="00:00:00.0350269" startTime="2015-09-28T09:43:18.5146091-07:00" endTime="2015-09-28T09:43:18.5458610-07:00" testType="13cdc9d9-ddb5-4fa4-a97d-d965ccfc6d4b" outcome="Passed" testListId="8c84fa94-04c1-424b-9868-57a2d4851a1d" relativeResultsDirectory="4ff31bb3-8ed9-4d28-8be5-6db4faab52a2" />
    <UnitTestResult executionId="987f7af7-dcfd-4d5d-bd17-b52a26ed0a72" testId="fbc0dccb-0a15-b598-1d29-5fb1a2cdd432" testName="ResourceService_SendRefreshMessageToAgents_DeliversMessageToAllMessageQueues" computerName="TFSBUILD11" duration="00:00:00.0437400" startTime="2015-09-28T09:43:18.5458610-07:00" endTime="2015-09-28T09:43:18.5927388-07:00" testType="13cdc9d9-ddb5-4fa4-a97d-d965ccfc6d4b" outcome="Passed" testListId="8c84fa94-04c1-424b-9868-57a2d4851a1d" relativeResultsDirectory="987f7af7-dcfd-4d5d-bd17-b52a26ed0a72" />
    <UnitTestResult executionId="b4b4c39f-e658-4638-8311-87c7f78c836e" testId="453df64c-43ed-54b3-80c5-fc427d48d8e8" testName="ResourceService_SendRefreshMessageToAgents_RequiresManagePermission" computerName="TFSBUILD11" duration="00:00:00.0325019" startTime="2015-09-28T09:43:18.5927388-07:00" endTime="2015-09-28T09:43:18.6239910-07:00" testType="13cdc9d9-ddb5-4fa4-a97d-d965ccfc6d4b" outcome="Passed" testListId="8c84fa94-04c1-424b-9868-57a2d4851a1d" relativeResultsDirectory="b4b4c39f-e658-4638-8311-87c7f78c836e" />
    <UnitTestResult executionId="5bbc6cb3-bdac-47dd-8179-dc34fb54661e" testId="6d4c7975-46b6-f5d9-a315-004e61384104" testName="ResourceService_SendRefreshMessageToAgents_RequiresViewPermission" computerName="TFSBUILD11" duration="00:00:00.0432516" startTime="2015-09-28T09:43:18.6239910-07:00" endTime="2015-09-28T09:43:18.6708696-07:00" testType="13cdc9d9-ddb5-4fa4-a97d-d965ccfc6d4b" outcome="Passed" testListId="8c84fa94-04c1-424b-9868-57a2d4851a1d" relativeResultsDirectory="5bbc6cb3-bdac-47dd-8179-dc34fb54661e" />
    <UnitTestResult executionId="5e6fccc2-6211-4308-8c5a-cd8ba34e10c6" testId="7de64d99-4370-af4d-fa77-1e31e79d32ce" testName="ResourceService_UpdateAgent_CreatesQueueIfNotExists" computerName="TFSBUILD11" duration="00:00:00.1309895" startTime="2015-09-28T09:43:18.6708696-07:00" endTime="2015-09-28T09:43:18.7958794-07:00" testType="13cdc9d9-ddb5-4fa4-a97d-d965ccfc6d4b" outcome="Passed" testListId="8c84fa94-04c1-424b-9868-57a2d4851a1d" relativeResultsDirectory="5e6fccc2-6211-4308-8c5a-cd8ba34e10c6" />
    <UnitTestResult executionId="6376555c-ab78-4b47-b851-65d59fbdeaf3" testId="12ae3b46-8f46-eb7a-5557-bd0e3d790a1a" testName="ResourceService_UpdateAgent_DoesNotQueueCapabilityUpdateJobWhenCapabilitiesDoNotChange" computerName="TFSBUILD11" duration="00:00:00.0445823" startTime="2015-09-28T09:43:18.7958794-07:00" endTime="2015-09-28T09:43:18.8427574-07:00" testType="13cdc9d9-ddb5-4fa4-a97d-d965ccfc6d4b" outcome="Passed" testListId="8c84fa94-04c1-424b-9868-57a2d4851a1d" relativeResultsDirectory="6376555c-ab78-4b47-b851-65d59fbdeaf3" />
    <UnitTestResult executionId="4986baf5-7da9-43ce-818a-bf5ae57218c5" testId="eba8150b-570b-51f3-c576-c638289bbfc6" testName="ResourceService_UpdateAgent_QueuesCapabilityUpdateJobWhenCapabilitiesChange" computerName="TFSBUILD11" duration="00:00:00.0512476" startTime="2015-09-28T09:43:18.8427574-07:00" endTime="2015-09-28T09:43:18.8896355-07:00" testType="13cdc9d9-ddb5-4fa4-a97d-d965ccfc6d4b" outcome="Passed" testListId="8c84fa94-04c1-424b-9868-57a2d4851a1d" relativeResultsDirectory="4986baf5-7da9-43ce-818a-bf5ae57218c5" />
    <UnitTestResult executionId="1f384bc0-39a7-4f8e-adce-a97541a7a79c" testId="79f0953a-b007-fc22-7266-b9e1cee0918c" testName="ResourceService_UpdateAgent_RequiresViewPermission" computerName="TFSBUILD11" duration="00:00:00.0359628" startTime="2015-09-28T09:43:18.8896355-07:00" endTime="2015-09-28T09:43:18.9365138-07:00" testType="13cdc9d9-ddb5-4fa4-a97d-d965ccfc6d4b" outcome="Passed" testListId="8c84fa94-04c1-424b-9868-57a2d4851a1d" relativeResultsDirectory="1f384bc0-39a7-4f8e-adce-a97541a7a79c" />
    <UnitTestResult executionId="4b9c8814-04c7-4885-8322-4bc4e4c1a394" testId="951ee466-bab9-81e2-1882-80f7a0416b6f" testName="ResourceService_UpdateAgent_RequiresManagePermission" computerName="TFSBUILD11" duration="00:00:00.0346700" startTime="2015-09-28T09:43:18.9365138-07:00" endTime="2015-09-28T09:43:18.9677683-07:00" testType="13cdc9d9-ddb5-4fa4-a97d-d965ccfc6d4b" outcome="Passed" testListId="8c84fa94-04c1-424b-9868-57a2d4851a1d" relativeResultsDirectory="4b9c8814-04c7-4885-8322-4bc4e4c1a394" />
    <UnitTestResult executionId="de154623-82cf-4208-8639-a2f2a81fde88" testId="5ca2e963-ce2a-8a7b-0018-fd85ad584e28" testName="ResourceService_UpdateAgentPool_CanUpdateHostedPoolAsSystemContext" computerName="TFSBUILD11" duration="00:00:00.1045484" startTime="2015-09-28T09:43:18.9677683-07:00" endTime="2015-09-28T09:43:19.0771494-07:00" testType="13cdc9d9-ddb5-4fa4-a97d-d965ccfc6d4b" outcome="Passed" testListId="8c84fa94-04c1-424b-9868-57a2d4851a1d" relativeResultsDirectory="de154623-82cf-4208-8639-a2f2a81fde88" />
    <UnitTestResult executionId="a8f81b46-9d19-40f1-8a27-8fc38f7e2897" testId="99718193-cd96-ffdf-3e69-78d06ba322cb" testName="ResourceService_UpdateAgentPool_CannotUpdateHostedPoolAsUserContext" computerName="TFSBUILD11" duration="00:00:00.0478545" startTime="2015-09-28T09:43:19.0771494-07:00" endTime="2015-09-28T09:43:19.1240268-07:00" testType="13cdc9d9-ddb5-4fa4-a97d-d965ccfc6d4b" outcome="Passed" testListId="8c84fa94-04c1-424b-9868-57a2d4851a1d" relativeResultsDirectory="a8f81b46-9d19-40f1-8a27-8fc38f7e2897" />
    <UnitTestResult executionId="25f18220-e4a7-41d9-a064-93e873bbdb7d" testId="1a620e53-c4c2-9b7a-dd22-5fa383e4acca" testName="ResourceService_UpdateAgentPool_RequiresViewPermission" computerName="TFSBUILD11" duration="00:00:00.0378338" startTime="2015-09-28T09:43:19.1240268-07:00" endTime="2015-09-28T09:43:19.1552791-07:00" testType="13cdc9d9-ddb5-4fa4-a97d-d965ccfc6d4b" outcome="Passed" testListId="8c84fa94-04c1-424b-9868-57a2d4851a1d" relativeResultsDirectory="25f18220-e4a7-41d9-a064-93e873bbdb7d" />
    <UnitTestResult executionId="249710be-ddd3-4a6a-a25a-72af6a2e937f" testId="ae27a94e-c529-a171-948e-6eeaea297347" testName="ResourceService_UpdateAgentPool_RequiresManagePermission" computerName="TFSBUILD11" duration="00:00:00.0340345" startTime="2015-09-28T09:43:19.1552791-07:00" endTime="2015-09-28T09:43:19.1865310-07:00" testType="13cdc9d9-ddb5-4fa4-a97d-d965ccfc6d4b" outcome="Passed" testListId="8c84fa94-04c1-424b-9868-57a2d4851a1d" relativeResultsDirectory="249710be-ddd3-4a6a-a25a-72af6a2e937f" />
    <UnitTestResult executionId="c25721fa-4b51-428e-8171-3caef3a80e41" testId="b8751071-9593-d509-dcec-a316ffe21ba4" testName="ResourceService_UpdateAgentRequest_RequiresManageOrListenPermissionWithListenOnly" computerName="TFSBUILD11" duration="00:00:00.0450416" startTime="2015-09-28T09:43:19.1865310-07:00" endTime="2015-09-28T09:43:19.2334099-07:00" testType="13cdc9d9-ddb5-4fa4-a97d-d965ccfc6d4b" outcome="Passed" testListId="8c84fa94-04c1-424b-9868-57a2d4851a1d" relativeResultsDirectory="c25721fa-4b51-428e-8171-3caef3a80e41" />
    <UnitTestResult executionId="aab66e4a-49de-4c6c-bdcc-f0ecddb1ed17" testId="49b242e1-f97f-59c2-84e7-00aa9b2c7a46" testName="ResourceService_UpdateAgentRequest_RequiresManageOrListenPermissionWithManageOnly" computerName="TFSBUILD11" duration="00:00:00.0511657" startTime="2015-09-28T09:43:19.2334099-07:00" endTime="2015-09-28T09:43:19.2959149-07:00" testType="13cdc9d9-ddb5-4fa4-a97d-d965ccfc6d4b" outcome="Passed" testListId="8c84fa94-04c1-424b-9868-57a2d4851a1d" relativeResultsDirectory="aab66e4a-49de-4c6c-bdcc-f0ecddb1ed17" />
    <UnitTestResult executionId="caf4a4cd-939a-4493-ad79-e84b3096ca73" testId="5dec1f25-8c6b-3d46-c77c-2664451660d6" testName="ResourceService_UpdateAgentRequest_RequiresViewPermission" computerName="TFSBUILD11" duration="00:00:00.0365942" startTime="2015-09-28T09:43:19.2959149-07:00" endTime="2015-09-28T09:43:19.3271683-07:00" testType="13cdc9d9-ddb5-4fa4-a97d-d965ccfc6d4b" outcome="Passed" testListId="8c84fa94-04c1-424b-9868-57a2d4851a1d" relativeResultsDirectory="caf4a4cd-939a-4493-ad79-e84b3096ca73" />
    <UnitTestResult executionId="0dd18581-d09d-4462-9aba-743e9b8896df" testId="7d9ba6c4-3f47-aa8c-2bbc-8d4ae27e222a" testName="ResourceService_AbandonExpiredAgentRequests_ReceivedRequest" computerName="TFSBUILD11" duration="00:00:00.0523496" startTime="2015-09-28T09:43:19.3271683-07:00" endTime="2015-09-28T09:43:19.3740449-07:00" testType="13cdc9d9-ddb5-4fa4-a97d-d965ccfc6d4b" outcome="Passed" testListId="8c84fa94-04c1-424b-9868-57a2d4851a1d" relativeResultsDirectory="0dd18581-d09d-4462-9aba-743e9b8896df" />
    <UnitTestResult executionId="48c6c7c8-760b-4449-9cf5-5bb36b30d08b" testId="78fd5ca9-3773-0d82-5f26-a0ced23da77d" testName="ResourceService_AbandonExpiredAgentRequests_NonReceivedRequestMessageQueueInSync" computerName="TFSBUILD11" duration="00:00:00.0504845" startTime="2015-09-28T09:43:19.3740449-07:00" endTime="2015-09-28T09:43:19.4365496-07:00" testType="13cdc9d9-ddb5-4fa4-a97d-d965ccfc6d4b" outcome="Passed" testListId="8c84fa94-04c1-424b-9868-57a2d4851a1d" relativeResultsDirectory="48c6c7c8-760b-4449-9cf5-5bb36b30d08b" />
    <UnitTestResult executionId="bdd7a464-6d3b-481c-9ee6-62d7590f5e07" testId="f1e91b61-d549-a31a-d657-e39e4f61edb3" testName="ResourceService_AbandonExpiredAgentRequests_NonReceivedRequestMessageQueueOutOfSync" computerName="TFSBUILD11" duration="00:00:00.0543910" startTime="2015-09-28T09:43:19.4365496-07:00" endTime="2015-09-28T09:43:19.4834277-07:00" testType="13cdc9d9-ddb5-4fa4-a97d-d965ccfc6d4b" outcome="Passed" testListId="8c84fa94-04c1-424b-9868-57a2d4851a1d" relativeResultsDirectory="bdd7a464-6d3b-481c-9ee6-62d7590f5e07" />
    <UnitTestResult executionId="1172b170-9aaa-41c0-8c53-665cfb347f73" testId="e71f20dd-6af2-fe92-e1d2-385e7c8846fc" testName="ResourceService_AbandonExpiredAgentRequests_NextRequestAvailableOnNonHostedPool" computerName="TFSBUILD11" duration="00:00:00.0507055" startTime="2015-09-28T09:43:19.4834277-07:00" endTime="2015-09-28T09:43:19.5303063-07:00" testType="13cdc9d9-ddb5-4fa4-a97d-d965ccfc6d4b" outcome="Passed" testListId="8c84fa94-04c1-424b-9868-57a2d4851a1d" relativeResultsDirectory="1172b170-9aaa-41c0-8c53-665cfb347f73" />
    <UnitTestResult executionId="22d85f9f-9d2f-416f-92fc-b390031cb7ca" testId="03b0569e-3b5c-09d5-c93c-0aa1ff24c8be" testName="ResourceService_AbandonExpiredAgentRequests_RequestLockRenewedBeforeAbandon" computerName="TFSBUILD11" duration="00:00:00.0421198" startTime="2015-09-28T09:43:19.5303063-07:00" endTime="2015-09-28T09:43:19.5771843-07:00" testType="13cdc9d9-ddb5-4fa4-a97d-d965ccfc6d4b" outcome="Passed" testListId="8c84fa94-04c1-424b-9868-57a2d4851a1d" relativeResultsDirectory="22d85f9f-9d2f-416f-92fc-b390031cb7ca" />
    <UnitTestResult executionId="f67fd452-c1c5-4245-b536-011b3cf6fec8" testId="400b6d34-7167-0ebb-57f3-b33c82303ce4" testName="ResourceService_AddAgent_CreatesMessageQueue" computerName="TFSBUILD11" duration="00:00:00.1164666" startTime="2015-09-28T09:43:19.5771843-07:00" endTime="2015-09-28T09:43:19.6865674-07:00" testType="13cdc9d9-ddb5-4fa4-a97d-d965ccfc6d4b" outcome="Passed" testListId="8c84fa94-04c1-424b-9868-57a2d4851a1d" relativeResultsDirectory="f67fd452-c1c5-4245-b536-011b3cf6fec8" />
    <UnitTestResult executionId="83a90cf1-4d5f-41ff-9927-b8ecd1cb638b" testId="37c1bf0b-4758-c5f6-3034-088fdf9e7f3a" testName="ResourceService_AddAgent_DeliversHubNotification" computerName="TFSBUILD11" duration="00:00:00.0503824" startTime="2015-09-28T09:43:19.6865674-07:00" endTime="2015-09-28T09:43:19.7490721-07:00" testType="13cdc9d9-ddb5-4fa4-a97d-d965ccfc6d4b" outcome="Passed" testListId="8c84fa94-04c1-424b-9868-57a2d4851a1d" relativeResultsDirectory="83a90cf1-4d5f-41ff-9927-b8ecd1cb638b" />
    <UnitTestResult executionId="89ea7735-76ae-4b57-b867-0bfd4fe413a1" testId="44b4b810-dafd-bf77-368c-af4d1c7fed28" testName="ResourceService_AddAgent_ProvisionsServiceIdentityIfNotExists" computerName="TFSBUILD11" duration="00:00:00.0445257" startTime="2015-09-28T09:43:19.7490721-07:00" endTime="2015-09-28T09:43:19.7959502-07:00" testType="13cdc9d9-ddb5-4fa4-a97d-d965ccfc6d4b" outcome="Passed" testListId="8c84fa94-04c1-424b-9868-57a2d4851a1d" relativeResultsDirectory="89ea7735-76ae-4b57-b867-0bfd4fe413a1" />
    <UnitTestResult executionId="fc7b6f19-f804-44ec-b7d0-e0021468b6d2" testId="c4fa82c9-9d6f-bf6f-6d2f-e1a48cbdf3a6" testName="ResourceService_AddAgent_ProvisionsServiceIdentityGroupMembershipIfExists" computerName="TFSBUILD11" duration="00:00:00.0548191" startTime="2015-09-28T09:43:19.7959502-07:00" endTime="2015-09-28T09:43:19.8428282-07:00" testType="13cdc9d9-ddb5-4fa4-a97d-d965ccfc6d4b" outcome="Passed" testListId="8c84fa94-04c1-424b-9868-57a2d4851a1d" relativeResultsDirectory="fc7b6f19-f804-44ec-b7d0-e0021468b6d2" />
    <UnitTestResult executionId="47be1294-faa0-4bf6-acb1-3893d585f0c9" testId="2bb66152-34c9-ccab-b983-ccac18cc8c3d" testName="ResourceService_AddAgent_RecreatesMessageQueueIfExists" computerName="TFSBUILD11" duration="00:00:00.0555265" startTime="2015-09-28T09:43:19.8428282-07:00" endTime="2015-09-28T09:43:19.9053332-07:00" testType="13cdc9d9-ddb5-4fa4-a97d-d965ccfc6d4b" outcome="Passed" testListId="8c84fa94-04c1-424b-9868-57a2d4851a1d" relativeResultsDirectory="47be1294-faa0-4bf6-acb1-3893d585f0c9" />
    <UnitTestResult executionId="d6110356-e30f-446d-9648-56884733df22" testId="a23573d0-55e0-035c-7251-b8bb85dabaf8" testName="ResourceService_AddAgent_RequiresManagePermission" computerName="TFSBUILD11" duration="00:00:00.0385077" startTime="2015-09-28T09:43:19.9053332-07:00" endTime="2015-09-28T09:43:19.9365849-07:00" testType="13cdc9d9-ddb5-4fa4-a97d-d965ccfc6d4b" outcome="Passed" testListId="8c84fa94-04c1-424b-9868-57a2d4851a1d" relativeResultsDirectory="d6110356-e30f-446d-9648-56884733df22" />
    <UnitTestResult executionId="b6adc4c6-f950-4d62-a1b5-9667a1c72437" testId="812e8019-2c27-def6-6faa-a8d6ffe0f0af" testName="ResourceService_AddAgent_RequiredViewPermission" computerName="TFSBUILD11" duration="00:00:00.0342800" startTime="2015-09-28T09:43:19.9365849-07:00" endTime="2015-09-28T09:43:19.9678385-07:00" testType="13cdc9d9-ddb5-4fa4-a97d-d965ccfc6d4b" outcome="Passed" testListId="8c84fa94-04c1-424b-9868-57a2d4851a1d" relativeResultsDirectory="b6adc4c6-f950-4d62-a1b5-9667a1c72437" />
    <UnitTestResult executionId="7ce60d8e-d6c2-4740-b9d6-9628d9032113" testId="58638a48-a7cf-b2a4-cf85-17f199404b8d" testName="ResourceService_AddAgent_SetsExtendedProperties" computerName="TFSBUILD11" duration="00:00:00.0473704" startTime="2015-09-28T09:43:19.9678385-07:00" endTime="2015-09-28T09:43:20.0303419-07:00" testType="13cdc9d9-ddb5-4fa4-a97d-d965ccfc6d4b" outcome="Passed" testListId="8c84fa94-04c1-424b-9868-57a2d4851a1d" relativeResultsDirectory="7ce60d8e-d6c2-4740-b9d6-9628d9032113" />
    <UnitTestResult executionId="2ab406ee-3116-4837-ac1f-b22f38f91554" testId="4be623bd-90a4-90d5-056d-9bfbd0da15cc" testName="ResourceService_AddAgentPool_RequiresManagePermission" computerName="TFSBUILD11" duration="00:00:00.0456458" startTime="2015-09-28T09:43:20.0303419-07:00" endTime="2015-09-28T09:43:20.0615946-07:00" testType="13cdc9d9-ddb5-4fa4-a97d-d965ccfc6d4b" outcome="Passed" testListId="8c84fa94-04c1-424b-9868-57a2d4851a1d" relativeResultsDirectory="2ab406ee-3116-4837-ac1f-b22f38f91554" />
    <UnitTestResult executionId="5d88cf2f-117d-4976-a7c4-7100bc15ffa0" testId="02c151d4-f659-d697-7bee-588b864a7062" testName="ResourceService_AddAgentPool_CanAddHostedPoolAsSystemContext" computerName="TFSBUILD11" duration="00:00:00.0520134" startTime="2015-09-28T09:43:20.0615946-07:00" endTime="2015-09-28T09:43:20.1240977-07:00" testType="13cdc9d9-ddb5-4fa4-a97d-d965ccfc6d4b" outcome="Passed" testListId="8c84fa94-04c1-424b-9868-57a2d4851a1d" relativeResultsDirectory="5d88cf2f-117d-4976-a7c4-7100bc15ffa0" />
    <UnitTestResult executionId="ae1f950e-5b77-4662-9c89-652d0b903482" testId="3e549b43-3437-9256-1373-df1b3e397eb5" testName="ResourceService_AddAgentPool_DeliversMessageBusNotification" computerName="TFSBUILD11" duration="00:00:00.0416915" startTime="2015-09-28T09:43:20.1240977-07:00" endTime="2015-09-28T09:43:20.1553502-07:00" testType="13cdc9d9-ddb5-4fa4-a97d-d965ccfc6d4b" outcome="Passed" testListId="8c84fa94-04c1-424b-9868-57a2d4851a1d" relativeResultsDirectory="ae1f950e-5b77-4662-9c89-652d0b903482" />
    <UnitTestResult executionId="4bebcfaf-dd36-4ce1-93d6-9cd864aaa591" testId="0dc5b34f-6497-6ede-d13a-c4e767268538" testName="ResourceService_AddAgentPool_ProvisionsGroupScopeAndSupportingGroups" computerName="TFSBUILD11" duration="00:00:00.0493305" startTime="2015-09-28T09:43:20.1553502-07:00" endTime="2015-09-28T09:43:20.2178552-07:00" testType="13cdc9d9-ddb5-4fa4-a97d-d965ccfc6d4b" outcome="Passed" testListId="8c84fa94-04c1-424b-9868-57a2d4851a1d" relativeResultsDirectory="4bebcfaf-dd36-4ce1-93d6-9cd864aaa591" />
    <UnitTestResult executionId="e0b15989-b108-4f7d-9877-9e21cd00df5e" testId="831aa6a3-32e6-4ca3-b4f2-59b8d253957f" testName="ResourceService_AddAgentPool_CannotAddHostedPoolAsUserContext" computerName="TFSBUILD11" duration="00:00:00.0394825" startTime="2015-09-28T09:43:20.2178552-07:00" endTime="2015-09-28T09:43:20.2491068-07:00" testType="13cdc9d9-ddb5-4fa4-a97d-d965ccfc6d4b" outcome="Passed" testListId="8c84fa94-04c1-424b-9868-57a2d4851a1d" relativeResultsDirectory="e0b15989-b108-4f7d-9877-9e21cd00df5e" />
    <UnitTestResult executionId="28500d35-460f-40c8-b732-1e5d83daeaa8" testId="b72d21c7-4fe0-4e26-0e16-e7e074b8d9bf" testName="ResourceService_AddAgentPool_SetsExtendedProperties" computerName="TFSBUILD11" duration="00:00:00.0434499" startTime="2015-09-28T09:43:20.2491068-07:00" endTime="2015-09-28T09:43:20.2959855-07:00" testType="13cdc9d9-ddb5-4fa4-a97d-d965ccfc6d4b" outcome="Passed" testListId="8c84fa94-04c1-424b-9868-57a2d4851a1d" relativeResultsDirectory="28500d35-460f-40c8-b732-1e5d83daeaa8" />
    <UnitTestResult executionId="53ac7f32-e49e-4122-a1bc-a42478cac539" testId="0f4ff9f9-1c3b-3cf7-0551-230f41addaa0" testName="ResourceService_AddAgentQueue_AddsQueueToCache" computerName="TFSBUILD11" duration="00:00:00.0552876" startTime="2015-09-28T09:43:20.2959855-07:00" endTime="2015-09-28T09:43:20.3584902-07:00" testType="13cdc9d9-ddb5-4fa4-a97d-d965ccfc6d4b" outcome="Passed" testListId="8c84fa94-04c1-424b-9868-57a2d4851a1d" relativeResultsDirectory="53ac7f32-e49e-4122-a1bc-a42478cac539" />
    <UnitTestResult executionId="9b5b09c5-1046-47f4-931b-02cc48e97872" testId="93d4837b-1b58-6047-2474-f70cd6f490ba" testName="ResourceService_AddAgentQueue_DeliversMessageBusNotification" computerName="TFSBUILD11" duration="00:00:00.0432053" startTime="2015-09-28T09:43:20.3584902-07:00" endTime="2015-09-28T09:43:20.3897424-07:00" testType="13cdc9d9-ddb5-4fa4-a97d-d965ccfc6d4b" outcome="Passed" testListId="8c84fa94-04c1-424b-9868-57a2d4851a1d" relativeResultsDirectory="9b5b09c5-1046-47f4-931b-02cc48e97872" />
    <UnitTestResult executionId="133c0eea-5c34-4997-9098-5c673c7d478f" testId="2857440b-c507-b1be-c21b-8597c4f79066" testName="ResourceService_AddAgentQueue_ExistingPoolRequiresManagePermission" computerName="TFSBUILD11" duration="00:00:00.0418556" startTime="2015-09-28T09:43:20.3897424-07:00" endTime="2015-09-28T09:43:20.4366210-07:00" testType="13cdc9d9-ddb5-4fa4-a97d-d965ccfc6d4b" outcome="Passed" testListId="8c84fa94-04c1-424b-9868-57a2d4851a1d" relativeResultsDirectory="133c0eea-5c34-4997-9098-5c673c7d478f" />
    <UnitTestResult executionId="87e5865e-9244-4665-880b-88244727047e" testId="9b9a19a7-3746-7dd7-68fe-09823be2e9f9" testName="ResourceService_AddAgentQueue_ExistingPoolRequiresViewPermission" computerName="TFSBUILD11" duration="00:00:00.0318790" startTime="2015-09-28T09:43:20.4366210-07:00" endTime="2015-09-28T09:43:20.4678732-07:00" testType="13cdc9d9-ddb5-4fa4-a97d-d965ccfc6d4b" outcome="Passed" testListId="8c84fa94-04c1-424b-9868-57a2d4851a1d" relativeResultsDirectory="87e5865e-9244-4665-880b-88244727047e" />
    <UnitTestResult executionId="044ad12d-a956-4f89-a621-0aa99842ed1c" testId="ec67c24f-e8ec-6260-96bd-e157bcb665fc" testName="ResourceService_AddAgentQueue_NullPoolCreatesNewPoolWithQueueName" computerName="TFSBUILD11" duration="00:00:00.0532200" startTime="2015-09-28T09:43:20.4678732-07:00" endTime="2015-09-28T09:43:20.5303777-07:00" testType="13cdc9d9-ddb5-4fa4-a97d-d965ccfc6d4b" outcome="Passed" testListId="8c84fa94-04c1-424b-9868-57a2d4851a1d" relativeResultsDirectory="044ad12d-a956-4f89-a621-0aa99842ed1c" />
    <UnitTestResult executionId="dc4143a7-65c9-45ed-90a3-5409d6ce9706" testId="fc88e608-e886-b9a1-6cd7-545dc0a2562b" testName="ResourceService_AddAgentQueue_NullPoolRequiresManagePermissionIfPoolExistsWithQueueName" computerName="TFSBUILD11" duration="00:00:00.0403384" startTime="2015-09-28T09:43:20.5303777-07:00" endTime="2015-09-28T09:43:20.5616293-07:00" testType="13cdc9d9-ddb5-4fa4-a97d-d965ccfc6d4b" outcome="Passed" testListId="8c84fa94-04c1-424b-9868-57a2d4851a1d" relativeResultsDirectory="dc4143a7-65c9-45ed-90a3-5409d6ce9706" />
    <UnitTestResult executionId="d0f0e988-94de-4c2f-ba3b-6285d22a7534" testId="4e271d78-a71b-5870-d9c1-bc707674c3fe" testName="ResourceService_AddAgentQueue_ProvisionsGroupScopeAndSupportingGroups" computerName="TFSBUILD11" duration="00:00:00.0774310" startTime="2015-09-28T09:43:20.5616293-07:00" endTime="2015-09-28T09:43:20.6397602-07:00" testType="13cdc9d9-ddb5-4fa4-a97d-d965ccfc6d4b" outcome="Passed" testListId="8c84fa94-04c1-424b-9868-57a2d4851a1d" relativeResultsDirectory="d0f0e988-94de-4c2f-ba3b-6285d22a7534" />
    <UnitTestResult executionId="aa454fff-a94c-4023-95f1-e8312d5366ab" testId="d1a2b630-7e2e-6eab-1971-39363528e023" testName="ResourceService_AddAgentQueue_RequiresCreatePermission" computerName="TFSBUILD11" duration="00:00:00.0343690" startTime="2015-09-28T09:43:20.6397602-07:00" endTime="2015-09-28T09:43:20.6710124-07:00" testType="13cdc9d9-ddb5-4fa4-a97d-d965ccfc6d4b" outcome="Passed" testListId="8c84fa94-04c1-424b-9868-57a2d4851a1d" relativeResultsDirectory="aa454fff-a94c-4023-95f1-e8312d5366ab" />
    <UnitTestResult executionId="70eeb577-b267-4206-8791-a7cdaea8b325" testId="3601147a-e508-0081-d085-15e848c9d1c5" testName="ResourceService_CreateSession_AddsSessionToCache" computerName="TFSBUILD11" duration="00:00:00.0481182" startTime="2015-09-28T09:43:20.6710124-07:00" endTime="2015-09-28T09:43:20.7178905-07:00" testType="13cdc9d9-ddb5-4fa4-a97d-d965ccfc6d4b" outcome="Passed" testListId="8c84fa94-04c1-424b-9868-57a2d4851a1d" relativeResultsDirectory="70eeb577-b267-4206-8791-a7cdaea8b325" />
    <UnitTestResult executionId="d2cdca9c-3ec9-4a35-bea5-b52ad4922b2d" testId="3e38ae04-01ef-e1c9-3661-3ff3535c9b98" testName="ResourceService_CreateSession_CreatesCapabilityUpdateJobOnDemandWhenCapabilitiesChange" computerName="TFSBUILD11" duration="00:00:00.0658288" startTime="2015-09-28T09:43:20.7178905-07:00" endTime="2015-09-28T09:43:20.7960210-07:00" testType="13cdc9d9-ddb5-4fa4-a97d-d965ccfc6d4b" outcome="Passed" testListId="8c84fa94-04c1-424b-9868-57a2d4851a1d" relativeResultsDirectory="d2cdca9c-3ec9-4a35-bea5-b52ad4922b2d" />
    <UnitTestResult executionId="7e45ce39-e764-4bf4-99f6-fa8576441392" testId="6e2f0acc-3f93-0e01-ae28-b465de182ae4" testName="ResourceService_CreateSession_QueuesCapabilityUpdateJobWhenCapabilitiesChange" computerName="TFSBUILD11" duration="00:00:00.0462773" startTime="2015-09-28T09:43:20.7960210-07:00" endTime="2015-09-28T09:43:20.8428996-07:00" testType="13cdc9d9-ddb5-4fa4-a97d-d965ccfc6d4b" outcome="Passed" testListId="8c84fa94-04c1-424b-9868-57a2d4851a1d" relativeResultsDirectory="7e45ce39-e764-4bf4-99f6-fa8576441392" />
    <UnitTestResult executionId="fc332cf6-0415-4d0d-af80-de623d65aaa9" testId="15afbf1a-28d8-ff91-3100-b527fe337648" testName="ResourceService_CreateSession_RemovesDeletedSessionFromCache" computerName="TFSBUILD11" duration="00:00:00.0478255" startTime="2015-09-28T09:43:20.8428996-07:00" endTime="2015-09-28T09:43:20.8897777-07:00" testType="13cdc9d9-ddb5-4fa4-a97d-d965ccfc6d4b" outcome="Passed" testListId="8c84fa94-04c1-424b-9868-57a2d4851a1d" relativeResultsDirectory="fc332cf6-0415-4d0d-af80-de623d65aaa9" />
    <UnitTestResult executionId="e76c5804-8a93-43c0-9a09-7080467a6135" testId="0760df57-7028-35f4-0298-1faca9b80bb6" testName="ResourceService_CreateSession_RequiresListenPermission" computerName="TFSBUILD11" duration="00:00:00.0467039" startTime="2015-09-28T09:43:20.8897777-07:00" endTime="2015-09-28T09:43:20.9366557-07:00" testType="13cdc9d9-ddb5-4fa4-a97d-d965ccfc6d4b" outcome="Passed" testListId="8c84fa94-04c1-424b-9868-57a2d4851a1d" relativeResultsDirectory="e76c5804-8a93-43c0-9a09-7080467a6135" />
    <UnitTestResult executionId="5bffe4a6-f42c-4acb-883c-7824845e90dc" testId="03d9f849-397b-9d67-5ed2-568e6723c520" testName="ResourceService_CreateSession_RequiresViewPermission" computerName="TFSBUILD11" duration="00:00:00.0435304" startTime="2015-09-28T09:43:20.9366557-07:00" endTime="2015-09-28T09:43:20.9679094-07:00" testType="13cdc9d9-ddb5-4fa4-a97d-d965ccfc6d4b" outcome="Passed" testListId="8c84fa94-04c1-424b-9868-57a2d4851a1d" relativeResultsDirectory="5bffe4a6-f42c-4acb-883c-7824845e90dc" />
    <UnitTestResult executionId="896990a8-c1da-4070-b298-ef683496732e" testId="df744781-81bc-a982-72d8-eae579add27d" testName="ResourceService_DeleteAgent_CannotDeleteHostedAgentAsUserContext" computerName="TFSBUILD11" duration="00:00:00.0431088" startTime="2015-09-28T09:43:20.9679094-07:00" endTime="2015-09-28T09:43:21.0147869-07:00" testType="13cdc9d9-ddb5-4fa4-a97d-d965ccfc6d4b" outcome="Passed" testListId="8c84fa94-04c1-424b-9868-57a2d4851a1d" relativeResultsDirectory="896990a8-c1da-4070-b298-ef683496732e" />
    <UnitTestResult executionId="1f24d1d5-3f65-4698-80ae-21663f706907" testId="724ad00b-757a-9eb3-b439-d03aab37ec77" testName="ResourceService_DeleteAgent_DeletesMessageQueue" computerName="TFSBUILD11" duration="00:00:00.0438441" startTime="2015-09-28T09:43:21.0147869-07:00" endTime="2015-09-28T09:43:21.0616652-07:00" testType="13cdc9d9-ddb5-4fa4-a97d-d965ccfc6d4b" outcome="Passed" testListId="8c84fa94-04c1-424b-9868-57a2d4851a1d" relativeResultsDirectory="1f24d1d5-3f65-4698-80ae-21663f706907" />
    <UnitTestResult executionId="d1cbe03c-d91c-4cc2-a86c-cc68ab2b1cba" testId="c6cae33a-c232-e972-c1e8-aad3743cc9d7" testName="ResourceService_DeleteAgent_DeliversHubNotification" computerName="TFSBUILD11" duration="00:00:00.0397518" startTime="2015-09-28T09:43:21.0616652-07:00" endTime="2015-09-28T09:43:21.1085438-07:00" testType="13cdc9d9-ddb5-4fa4-a97d-d965ccfc6d4b" outcome="Passed" testListId="8c84fa94-04c1-424b-9868-57a2d4851a1d" relativeResultsDirectory="d1cbe03c-d91c-4cc2-a86c-cc68ab2b1cba" />
    <UnitTestResult executionId="8cc52d01-a9b1-40a6-9276-53c34909dcec" testId="cdebc9f2-4de3-96b4-f34a-cc87e0f5bdb9" testName="ResourceService_DeleteAgent_RemovesSessionFromCache" computerName="TFSBUILD11" duration="00:00:00.0513571" startTime="2015-09-28T09:43:21.1085438-07:00" endTime="2015-09-28T09:43:21.1554219-07:00" testType="13cdc9d9-ddb5-4fa4-a97d-d965ccfc6d4b" outcome="Passed" testListId="8c84fa94-04c1-424b-9868-57a2d4851a1d" relativeResultsDirectory="8cc52d01-a9b1-40a6-9276-53c34909dcec" />
    <UnitTestResult executionId="9006de32-caab-4752-a03d-aea00e86e468" testId="f7f177ea-9cef-4f8a-9376-2f7d227a7da7" testName="ResourceService_DeleteAgent_RequiresManagePermission" computerName="TFSBUILD11" duration="00:00:00.0387819" startTime="2015-09-28T09:43:21.1554219-07:00" endTime="2015-09-28T09:43:21.1866735-07:00" testType="13cdc9d9-ddb5-4fa4-a97d-d965ccfc6d4b" outcome="Passed" testListId="8c84fa94-04c1-424b-9868-57a2d4851a1d" relativeResultsDirectory="9006de32-caab-4752-a03d-aea00e86e468" />
    <UnitTestResult executionId="c6d5758e-f67d-432c-ad2d-7974378b2d78" testId="3f8f1417-c2d2-86eb-9d4a-e32e4906fc45" testName="ResourceService_DeleteAgent_RequiresViewPermission" computerName="TFSBUILD11" duration="00:00:00.0364483" startTime="2015-09-28T09:43:21.1866735-07:00" endTime="2015-09-28T09:43:21.2335521-07:00" testType="13cdc9d9-ddb5-4fa4-a97d-d965ccfc6d4b" outcome="Passed" testListId="8c84fa94-04c1-424b-9868-57a2d4851a1d" relativeResultsDirectory="c6d5758e-f67d-432c-ad2d-7974378b2d78" />
    <UnitTestResult executionId="971142f9-e4ae-4bc2-8007-6d421cfe2969" testId="09d3a7ea-2049-bc39-e09c-1ce515a037a5" testName="ResourceService_DeleteAgentPool_RequiresViewPermission" computerName="TFSBUILD11" duration="00:00:00.0402539" startTime="2015-09-28T09:43:21.2335521-07:00" endTime="2015-09-28T09:43:21.2648041-07:00" testType="13cdc9d9-ddb5-4fa4-a97d-d965ccfc6d4b" outcome="Passed" testListId="8c84fa94-04c1-424b-9868-57a2d4851a1d" relativeResultsDirectory="971142f9-e4ae-4bc2-8007-6d421cfe2969" />
    <UnitTestResult executionId="507d89e1-4da4-419b-a8bc-8eebc30ecbe3" testId="f07324fc-8c25-00eb-ab03-cf2f4d808b1e" testName="ResourceService_DeleteAgentPool_RequiresManagePermission" computerName="TFSBUILD11" duration="00:00:00.0475120" startTime="2015-09-28T09:43:21.2648041-07:00" endTime="2015-09-28T09:43:21.3116835-07:00" testType="13cdc9d9-ddb5-4fa4-a97d-d965ccfc6d4b" outcome="Passed" testListId="8c84fa94-04c1-424b-9868-57a2d4851a1d" relativeResultsDirectory="507d89e1-4da4-419b-a8bc-8eebc30ecbe3" />
    <UnitTestResult executionId="64b01e7f-dea5-43c4-9bec-384d9f372409" testId="9049ff81-fea2-0955-9e3a-ff345ea2e82a" testName="ResourceService_DeleteAgentPool_CanDeleteHostedPoolAsSystemContext" computerName="TFSBUILD11" duration="00:00:00.0426051" startTime="2015-09-28T09:43:21.3116835-07:00" endTime="2015-09-28T09:43:21.3585616-07:00" testType="13cdc9d9-ddb5-4fa4-a97d-d965ccfc6d4b" outcome="Passed" testListId="8c84fa94-04c1-424b-9868-57a2d4851a1d" relativeResultsDirectory="64b01e7f-dea5-43c4-9bec-384d9f372409" />
    <UnitTestResult executionId="ad50439b-dc0d-468e-a0d5-385434793641" testId="4d5299bd-1e91-b633-e7e6-85aa2a4764fd" testName="ResourceService_DeleteAgentPool_CannotDeleteHostedPoolAsUserContext" computerName="TFSBUILD11" duration="00:00:00.0391437" startTime="2015-09-28T09:43:21.3585616-07:00" endTime="2015-09-28T09:43:21.4054391-07:00" testType="13cdc9d9-ddb5-4fa4-a97d-d965ccfc6d4b" outcome="Passed" testListId="8c84fa94-04c1-424b-9868-57a2d4851a1d" relativeResultsDirectory="ad50439b-dc0d-468e-a0d5-385434793641" />
    <UnitTestResult executionId="6eb2a81c-b791-45ac-8c82-848fa7c85ff7" testId="f25b10f7-d246-ec37-5b78-8db1e790290e" testName="ResourceService_DeleteAgentPool_CleanUpContinuesOnException" computerName="TFSBUILD11" duration="00:00:00.0625082" startTime="2015-09-28T09:43:21.4054391-07:00" endTime="2015-09-28T09:43:21.4679441-07:00" testType="13cdc9d9-ddb5-4fa4-a97d-d965ccfc6d4b" outcome="Passed" testListId="8c84fa94-04c1-424b-9868-57a2d4851a1d" relativeResultsDirectory="6eb2a81c-b791-45ac-8c82-848fa7c85ff7" />
    <UnitTestResult executionId="658cf14f-09d8-4fff-9c65-671c136d7302" testId="fb726fd3-2676-ab17-4885-26c9abe95254" testName="ResourceService_DeleteAgentPool_CleanUpSupportingResources" computerName="TFSBUILD11" duration="00:00:00.0584864" startTime="2015-09-28T09:43:21.4679441-07:00" endTime="2015-09-28T09:43:21.5304482-07:00" testType="13cdc9d9-ddb5-4fa4-a97d-d965ccfc6d4b" outcome="Passed" testListId="8c84fa94-04c1-424b-9868-57a2d4851a1d" relativeResultsDirectory="658cf14f-09d8-4fff-9c65-671c136d7302" />
    <UnitTestResult executionId="8c992fcc-4859-4797-9e5d-60e583ad2cdd" testId="d53852b4-2d48-f4ac-75fc-94b9c0102e1f" testName="ResourceService_DeleteAgentPool_DeliversMessageBusNotification" computerName="TFSBUILD11" duration="00:00:00.0406760" startTime="2015-09-28T09:43:21.5304482-07:00" endTime="2015-09-28T09:43:21.5617005-07:00" testType="13cdc9d9-ddb5-4fa4-a97d-d965ccfc6d4b" outcome="Passed" testListId="8c84fa94-04c1-424b-9868-57a2d4851a1d" relativeResultsDirectory="8c992fcc-4859-4797-9e5d-60e583ad2cdd" />
    <UnitTestResult executionId="1c92df3a-04ba-4f91-ad8c-cd2e6a2390d1" testId="69c16152-6bc9-9dbc-c864-bbecc4ea7810" testName="ResourceService_DeleteAgentQueue_CleanupSupportingResources" computerName="TFSBUILD11" duration="00:00:00.0478178" startTime="2015-09-28T09:43:21.5617005-07:00" endTime="2015-09-28T09:43:21.6085788-07:00" testType="13cdc9d9-ddb5-4fa4-a97d-d965ccfc6d4b" outcome="Passed" testListId="8c84fa94-04c1-424b-9868-57a2d4851a1d" relativeResultsDirectory="1c92df3a-04ba-4f91-ad8c-cd2e6a2390d1" />
    <UnitTestResult executionId="f8c6a18a-67de-4a56-9ff4-380f5a75c072" testId="d3f05ac0-1e5e-2f0c-f606-feeec44e39f8" testName="ResourceService_DeleteAgentQueue_DeliversMessageBusNotification" computerName="TFSBUILD11" duration="00:00:00.0411405" startTime="2015-09-28T09:43:21.6085788-07:00" endTime="2015-09-28T09:43:21.6554574-07:00" testType="13cdc9d9-ddb5-4fa4-a97d-d965ccfc6d4b" outcome="Passed" testListId="8c84fa94-04c1-424b-9868-57a2d4851a1d" relativeResultsDirectory="f8c6a18a-67de-4a56-9ff4-380f5a75c072" />
    <UnitTestResult executionId="4e31ef2b-9276-44a5-bdaf-e79dd62dca2f" testId="1ed9afec-7dd4-5b66-f267-33926d3645c3" testName="ResourceService_DeleteAgentQueue_RemovesQueueFromCache" computerName="TFSBUILD11" duration="00:00:00.0471630" startTime="2015-09-28T09:43:21.6554574-07:00" endTime="2015-09-28T09:43:21.7023360-07:00" testType="13cdc9d9-ddb5-4fa4-a97d-d965ccfc6d4b" outcome="Passed" testListId="8c84fa94-04c1-424b-9868-57a2d4851a1d" relativeResultsDirectory="4e31ef2b-9276-44a5-bdaf-e79dd62dca2f" />
    <UnitTestResult executionId="14661502-900a-452b-8264-fd5cad06f8a3" testId="798f5b8d-421a-1882-47ad-c803f3855352" testName="ResourceService_DeleteAgentQueue_RequiresViewPermission" computerName="TFSBUILD11" duration="00:00:00.0330714" startTime="2015-09-28T09:43:21.7023360-07:00" endTime="2015-09-28T09:43:21.7335877-07:00" testType="13cdc9d9-ddb5-4fa4-a97d-d965ccfc6d4b" outcome="Passed" testListId="8c84fa94-04c1-424b-9868-57a2d4851a1d" relativeResultsDirectory="14661502-900a-452b-8264-fd5cad06f8a3" />
    <UnitTestResult executionId="19a96496-5c53-4be9-a854-1a5253f153a7" testId="ace4bce7-4022-33c8-ff0b-38e78928bc32" testName="ResourceService_DeleteAgentQueue_RequiresManagePermission" computerName="TFSBUILD11" duration="00:00:00.0376034" startTime="2015-09-28T09:43:21.7335877-07:00" endTime="2015-09-28T09:43:21.7648393-07:00" testType="13cdc9d9-ddb5-4fa4-a97d-d965ccfc6d4b" outcome="Passed" testListId="8c84fa94-04c1-424b-9868-57a2d4851a1d" relativeResultsDirectory="19a96496-5c53-4be9-a854-1a5253f153a7" />
    <UnitTestResult executionId="4461331d-4137-4c4b-bdda-4d4f46360ced" testId="1c632aa6-fa86-d057-1d84-7399d20f0f1c" testName="ResourceService_DeleteMessage_AddsSessionToCache" computerName="TFSBUILD11" duration="00:00:00.0429513" startTime="2015-09-28T09:43:21.7648393-07:00" endTime="2015-09-28T09:43:21.8117182-07:00" testType="13cdc9d9-ddb5-4fa4-a97d-d965ccfc6d4b" outcome="Passed" testListId="8c84fa94-04c1-424b-9868-57a2d4851a1d" relativeResultsDirectory="4461331d-4137-4c4b-bdda-4d4f46360ced" />
    <UnitTestResult executionId="12565ff5-e291-4809-bccd-84441301f950" testId="e1aa8450-b5dc-1efe-46b1-72888d83f43e" testName="ResourceService_DeleteMessage_RequiresListenPermission" computerName="TFSBUILD11" duration="00:00:00.0666673" startTime="2015-09-28T09:43:21.8117182-07:00" endTime="2015-09-28T09:43:21.8742230-07:00" testType="13cdc9d9-ddb5-4fa4-a97d-d965ccfc6d4b" outcome="Passed" testListId="8c84fa94-04c1-424b-9868-57a2d4851a1d" relativeResultsDirectory="12565ff5-e291-4809-bccd-84441301f950" />
    <UnitTestResult executionId="3dd8c500-2dca-496c-a2e3-686ea49ab24c" testId="cb0b505c-1308-bbeb-7425-cefd7ad6338e" testName="ResourceService_DeleteMessage_RequiresActiveSession" computerName="TFSBUILD11" duration="00:00:00.0402638" startTime="2015-09-28T09:43:21.8742230-07:00" endTime="2015-09-28T09:43:21.9211016-07:00" testType="13cdc9d9-ddb5-4fa4-a97d-d965ccfc6d4b" outcome="Passed" testListId="8c84fa94-04c1-424b-9868-57a2d4851a1d" relativeResultsDirectory="3dd8c500-2dca-496c-a2e3-686ea49ab24c" />
    <UnitTestResult executionId="21493c2f-8f26-4c54-a872-efaa481b706d" testId="49fa4c39-cab0-4d52-78d1-c0f0ae8dbd94" testName="ResourceService_DeleteMessage_RequiresViewPermission" computerName="TFSBUILD11" duration="00:00:00.0342157" startTime="2015-09-28T09:43:21.9211016-07:00" endTime="2015-09-28T09:43:21.9523535-07:00" testType="13cdc9d9-ddb5-4fa4-a97d-d965ccfc6d4b" outcome="Passed" testListId="8c84fa94-04c1-424b-9868-57a2d4851a1d" relativeResultsDirectory="21493c2f-8f26-4c54-a872-efaa481b706d" />
    <UnitTestResult executionId="0ef2b11b-b410-4e8b-afac-62a5fc04f612" testId="50aa28b9-97d2-c696-42da-1e304493df49" testName="ResourceService_DeleteMessage_UsesSessionFromCache" computerName="TFSBUILD11" duration="00:00:00.0395667" startTime="2015-09-28T09:43:21.9523535-07:00" endTime="2015-09-28T09:43:21.9992316-07:00" testType="13cdc9d9-ddb5-4fa4-a97d-d965ccfc6d4b" outcome="Passed" testListId="8c84fa94-04c1-424b-9868-57a2d4851a1d" relativeResultsDirectory="0ef2b11b-b410-4e8b-afac-62a5fc04f612" />
    <UnitTestResult executionId="76c31cb0-d8bb-4381-9536-99e4998affab" testId="23b5c47a-a839-3678-9611-ca3fdc0a12fa" testName="ResourceService_DeleteSession_RemovesSessionFromCache" computerName="TFSBUILD11" duration="00:00:00.0479031" startTime="2015-09-28T09:43:21.9992316-07:00" endTime="2015-09-28T09:43:22.0461110-07:00" testType="13cdc9d9-ddb5-4fa4-a97d-d965ccfc6d4b" outcome="Passed" testListId="8c84fa94-04c1-424b-9868-57a2d4851a1d" relativeResultsDirectory="76c31cb0-d8bb-4381-9536-99e4998affab" />
    <UnitTestResult executionId="5449a863-3a1e-473f-b083-00b35e531ce1" testId="dd360907-f8d3-98ae-078b-c0de2832b372" testName="ResourceService_DeleteSession_RequiresListenPermission" computerName="TFSBUILD11" duration="00:00:00.0364125" startTime="2015-09-28T09:43:22.0461110-07:00" endTime="2015-09-28T09:43:22.0773624-07:00" testType="13cdc9d9-ddb5-4fa4-a97d-d965ccfc6d4b" outcome="Passed" testListId="8c84fa94-04c1-424b-9868-57a2d4851a1d" relativeResultsDirectory="5449a863-3a1e-473f-b083-00b35e531ce1" />
    <UnitTestResult executionId="d37bb5a3-1749-4265-ac53-05a63076eb5d" testId="aea3a2ed-b290-c23a-70eb-1c90af58c82b" testName="ResourceService_DeleteSession_RequiresViewPermission" computerName="TFSBUILD11" duration="00:00:00.0348463" startTime="2015-09-28T09:43:22.0773624-07:00" endTime="2015-09-28T09:43:22.1242405-07:00" testType="13cdc9d9-ddb5-4fa4-a97d-d965ccfc6d4b" outcome="Passed" testListId="8c84fa94-04c1-424b-9868-57a2d4851a1d" relativeResultsDirectory="d37bb5a3-1749-4265-ac53-05a63076eb5d" />
    <UnitTestResult executionId="9197d2b1-9581-434c-9ab6-84af672e1b34" testId="c40bf89a-5bff-b458-d785-3ab522e40b05" testName="ResourceService_DeleteSession_SetsMessageQueueOffline" computerName="TFSBUILD11" duration="00:00:00.0407494" startTime="2015-09-28T09:43:22.1242405-07:00" endTime="2015-09-28T09:43:22.1554930-07:00" testType="13cdc9d9-ddb5-4fa4-a97d-d965ccfc6d4b" outcome="Passed" testListId="8c84fa94-04c1-424b-9868-57a2d4851a1d" relativeResultsDirectory="9197d2b1-9581-434c-9ab6-84af672e1b34" />
    <UnitTestResult executionId="0f186936-29ae-4ef9-96e9-c39b9ec0d01c" testId="e96c7209-c201-1829-ffdf-188ec1e517d0" testName="ResourceService_GetAgent_RequiresViewPermission" computerName="TFSBUILD11" duration="00:00:00.0498197" startTime="2015-09-28T09:43:22.1554930-07:00" endTime="2015-09-28T09:43:22.2023716-07:00" testType="13cdc9d9-ddb5-4fa4-a97d-d965ccfc6d4b" outcome="Passed" testListId="8c84fa94-04c1-424b-9868-57a2d4851a1d" relativeResultsDirectory="0f186936-29ae-4ef9-96e9-c39b9ec0d01c" />
    <UnitTestResult executionId="5490d88d-7f9f-4b69-9235-a91e2374be35" testId="4dd9ebd0-54fb-0fa3-23ee-5936d32aa2bc" testName="ResourceService_GetAgentPool_RequiresViewPermission" computerName="TFSBUILD11" duration="00:00:00.0478497" startTime="2015-09-28T09:43:22.2023716-07:00" endTime="2015-09-28T09:43:22.2492491-07:00" testType="13cdc9d9-ddb5-4fa4-a97d-d965ccfc6d4b" outcome="Passed" testListId="8c84fa94-04c1-424b-9868-57a2d4851a1d" relativeResultsDirectory="5490d88d-7f9f-4b69-9235-a91e2374be35" />
    <UnitTestResult executionId="5d3c033b-12bc-4184-9b3b-2e8e420a4c78" testId="27b00afe-b02a-d59e-8675-fcbc59e17727" testName="ResourceService_GetAgentPools_RequiresViewPermission" computerName="TFSBUILD11" duration="00:00:00.0394276" startTime="2015-09-28T09:43:22.2492491-07:00" endTime="2015-09-28T09:43:22.2961280-07:00" testType="13cdc9d9-ddb5-4fa4-a97d-d965ccfc6d4b" outcome="Passed" testListId="8c84fa94-04c1-424b-9868-57a2d4851a1d" relativeResultsDirectory="5d3c033b-12bc-4184-9b3b-2e8e420a4c78" />
    <UnitTestResult executionId="bcda12cf-ba4a-4efa-97d5-5bbc916bd7b9" testId="47f1b686-9f7e-a74e-ef03-35a0c7db913a" testName="ResourceService_GetAgentPoolRoles_RetrievesAdminAndServiceAccountRoles" computerName="TFSBUILD11" duration="00:00:00.0494903" startTime="2015-09-28T09:43:22.2961280-07:00" endTime="2015-09-28T09:43:22.3430057-07:00" testType="13cdc9d9-ddb5-4fa4-a97d-d965ccfc6d4b" outcome="Passed" testListId="8c84fa94-04c1-424b-9868-57a2d4851a1d" relativeResultsDirectory="bcda12cf-ba4a-4efa-97d5-5bbc916bd7b9" />
    <UnitTestResult executionId="163057f0-a970-4e5d-b857-9b75920d9cab" testId="451cf86b-f024-8d16-7d29-ed0fb22c0a3a" testName="ResourceService_GetAgentPoolRoles_RetrievesAdminAndServiceAccountRolesForGlobalScope" computerName="TFSBUILD11" duration="00:00:00.0607765" startTime="2015-09-28T09:43:22.3430057-07:00" endTime="2015-09-28T09:43:22.4055105-07:00" testType="13cdc9d9-ddb5-4fa4-a97d-d965ccfc6d4b" outcome="Passed" testListId="8c84fa94-04c1-424b-9868-57a2d4851a1d" relativeResultsDirectory="163057f0-a970-4e5d-b857-9b75920d9cab" />
    <UnitTestResult executionId="6ff8546b-cd4c-4236-9d16-61bdafee4d2c" testId="e7b226bc-d81f-c12a-3611-98d51cb2d39e" testName="ResourceService_GetAgentPoolRoles_RequiresViewPermission" computerName="TFSBUILD11" duration="00:00:00.0341224" startTime="2015-09-28T09:43:22.4055105-07:00" endTime="2015-09-28T09:43:22.4367624-07:00" testType="13cdc9d9-ddb5-4fa4-a97d-d965ccfc6d4b" outcome="Passed" testListId="8c84fa94-04c1-424b-9868-57a2d4851a1d" relativeResultsDirectory="6ff8546b-cd4c-4236-9d16-61bdafee4d2c" />
    <UnitTestResult executionId="6885ef75-c9f3-4c73-85d3-11ff39ca052c" testId="fac3a83c-3042-1163-047d-2c85b0a3698e" testName="ResourceService_GetAgentQueue_AddsQueueToCache" computerName="TFSBUILD11" duration="00:00:00.0351512" startTime="2015-09-28T09:43:22.4367624-07:00" endTime="2015-09-28T09:43:22.4836407-07:00" testType="13cdc9d9-ddb5-4fa4-a97d-d965ccfc6d4b" outcome="Passed" testListId="8c84fa94-04c1-424b-9868-57a2d4851a1d" relativeResultsDirectory="6885ef75-c9f3-4c73-85d3-11ff39ca052c" />
    <UnitTestResult executionId="fd4dd214-7332-4340-a2e3-08e60828c061" testId="be99a472-7e68-d6c6-29f9-e238faac7b07" testName="ResourceService_GetAgentQueue_ManageActionFilter" computerName="TFSBUILD11" duration="00:00:00.0388433" startTime="2015-09-28T09:43:22.4836407-07:00" endTime="2015-09-28T09:43:22.5148932-07:00" testType="13cdc9d9-ddb5-4fa4-a97d-d965ccfc6d4b" outcome="Passed" testListId="8c84fa94-04c1-424b-9868-57a2d4851a1d" relativeResultsDirectory="fd4dd214-7332-4340-a2e3-08e60828c061" />
    <UnitTestResult executionId="6ac8704f-8d81-42f2-92a5-dda261cb093a" testId="2451b105-68f1-de4f-68b2-e0409932d795" testName="ResourceService_GetAgentQueue_UseActionFilter" computerName="TFSBUILD11" duration="00:00:00.0416391" startTime="2015-09-28T09:43:22.5148932-07:00" endTime="2015-09-28T09:43:22.5617719-07:00" testType="13cdc9d9-ddb5-4fa4-a97d-d965ccfc6d4b" outcome="Passed" testListId="8c84fa94-04c1-424b-9868-57a2d4851a1d" relativeResultsDirectory="6ac8704f-8d81-42f2-92a5-dda261cb093a" />
    <UnitTestResult executionId="92e4a176-09cc-4345-a202-0f2a21c7f966" testId="818feb15-3da8-9177-72e7-9708cdf1b27d" testName="ResourceService_GetAgentQueue_RequiresViewPermission" computerName="TFSBUILD11" duration="00:00:00.0340402" startTime="2015-09-28T09:43:22.5617719-07:00" endTime="2015-09-28T09:43:22.5930241-07:00" testType="13cdc9d9-ddb5-4fa4-a97d-d965ccfc6d4b" outcome="Passed" testListId="8c84fa94-04c1-424b-9868-57a2d4851a1d" relativeResultsDirectory="92e4a176-09cc-4345-a202-0f2a21c7f966" />
    <UnitTestResult executionId="a8b9834b-f1f2-4206-92c6-6a5b8d7b7f64" testId="2e1dcaec-d9b1-c80b-76f5-15f1c7c07b5a" testName="ResourceService_GetAgentQueue_UsesQueueFromCache" computerName="TFSBUILD11" duration="00:00:00.0297932" startTime="2015-09-28T09:43:22.5930241-07:00" endTime="2015-09-28T09:43:22.6242766-07:00" testType="13cdc9d9-ddb5-4fa4-a97d-d965ccfc6d4b" outcome="Passed" testListId="8c84fa94-04c1-424b-9868-57a2d4851a1d" relativeResultsDirectory="a8b9834b-f1f2-4206-92c6-6a5b8d7b7f64" />
    <UnitTestResult executionId="174bc918-afac-47f8-aef9-1e13c4107ae2" testId="af8ad980-c70a-9cee-7c49-2acc65e6dc2a" testName="ResourceService_GetAgentQueueRoles_RetrievesAdminAndUserRoles" computerName="TFSBUILD11" duration="00:00:00.0302500" startTime="2015-09-28T09:43:22.6242766-07:00" endTime="2015-09-28T09:43:22.6555282-07:00" testType="13cdc9d9-ddb5-4fa4-a97d-d965ccfc6d4b" outcome="Passed" testListId="8c84fa94-04c1-424b-9868-57a2d4851a1d" relativeResultsDirectory="174bc918-afac-47f8-aef9-1e13c4107ae2" />
    <UnitTestResult executionId="9f9ffad2-840d-425f-a7f8-8f6d1c8e6ac8" testId="3b7994ec-117f-5b21-7772-6b7d3845960f" testName="ResourceService_GetAgentQueueRoles_RetrievesAdminCreatorAndUserRolesForGlobalScope" computerName="TFSBUILD11" duration="00:00:00.0329331" startTime="2015-09-28T09:43:22.6555282-07:00" endTime="2015-09-28T09:43:22.6867799-07:00" testType="13cdc9d9-ddb5-4fa4-a97d-d965ccfc6d4b" outcome="Passed" testListId="8c84fa94-04c1-424b-9868-57a2d4851a1d" relativeResultsDirectory="9f9ffad2-840d-425f-a7f8-8f6d1c8e6ac8" />
    <UnitTestResult executionId="6c97e77f-0ebd-427b-b63b-947225109755" testId="8cb02267-cfed-2e06-3e19-3ef33a698af4" testName="ResourceService_GetAgentQueueRoles_RequiresViewPermission" computerName="TFSBUILD11" duration="00:00:00.0386892" startTime="2015-09-28T09:43:22.6867799-07:00" endTime="2015-09-28T09:43:22.7180321-07:00" testType="13cdc9d9-ddb5-4fa4-a97d-d965ccfc6d4b" outcome="Passed" testListId="8c84fa94-04c1-424b-9868-57a2d4851a1d" relativeResultsDirectory="6c97e77f-0ebd-427b-b63b-947225109755" />
    <UnitTestResult executionId="91e0d105-03fd-4a1d-adb9-8d1131e13948" testId="3af0ebc8-e305-b8d6-5d46-afed8344a87c" testName="ResourceService_GetAgentQueues_UseActionFilter" computerName="TFSBUILD11" duration="00:00:00.0396952" startTime="2015-09-28T09:43:22.7180321-07:00" endTime="2015-09-28T09:43:22.7649119-07:00" testType="13cdc9d9-ddb5-4fa4-a97d-d965ccfc6d4b" outcome="Passed" testListId="8c84fa94-04c1-424b-9868-57a2d4851a1d" relativeResultsDirectory="91e0d105-03fd-4a1d-adb9-8d1131e13948" />
    <UnitTestResult executionId="90f83ab2-429b-43c7-9426-af43d4e0a0be" testId="8c6df407-4855-1193-9923-884a33b51ed5" testName="ResourceService_GetAgentQueues_ManageActionFilter" computerName="TFSBUILD11" duration="00:00:00.0383893" startTime="2015-09-28T09:43:22.7649119-07:00" endTime="2015-09-28T09:43:22.7961630-07:00" testType="13cdc9d9-ddb5-4fa4-a97d-d965ccfc6d4b" outcome="Passed" testListId="8c84fa94-04c1-424b-9868-57a2d4851a1d" relativeResultsDirectory="90f83ab2-429b-43c7-9426-af43d4e0a0be" />
    <UnitTestResult executionId="f90bda8d-caca-4f96-b798-b1a4ad80572a" testId="d838f059-ec8f-62cf-b465-c5db15c28791" testName="ResourceService_GetAgentQueues_RequiresViewPermission" computerName="TFSBUILD11" duration="00:00:00.0355972" startTime="2015-09-28T09:43:22.7961630-07:00" endTime="2015-09-28T09:43:22.8430424-07:00" testType="13cdc9d9-ddb5-4fa4-a97d-d965ccfc6d4b" outcome="Passed" testListId="8c84fa94-04c1-424b-9868-57a2d4851a1d" relativeResultsDirectory="f90bda8d-caca-4f96-b798-b1a4ad80572a" />
    <UnitTestResult executionId="521ae3f5-6b9b-42f5-82b7-f1e3518443d9" testId="41778ddf-b1e0-9ba4-6ec2-6251ba692c25" testName="ResourceService_GetAgentRequest_RequiresViewPermission" computerName="TFSBUILD11" duration="00:00:00.0464934" startTime="2015-09-28T09:43:22.8430424-07:00" endTime="2015-09-28T09:43:22.8899199-07:00" testType="13cdc9d9-ddb5-4fa4-a97d-d965ccfc6d4b" outcome="Passed" testListId="8c84fa94-04c1-424b-9868-57a2d4851a1d" relativeResultsDirectory="521ae3f5-6b9b-42f5-82b7-f1e3518443d9" />
    <UnitTestResult executionId="80c1f77e-f743-47e5-bc37-9c89d321ca81" testId="533fb4e7-64f8-80d0-9482-4ec4723d0162" testName="ResourceService_GetAgents_RequiresViewPermission" computerName="TFSBUILD11" duration="00:00:00.0431003" startTime="2015-09-28T09:43:22.8899199-07:00" endTime="2015-09-28T09:43:22.9211727-07:00" testType="13cdc9d9-ddb5-4fa4-a97d-d965ccfc6d4b" outcome="Passed" testListId="8c84fa94-04c1-424b-9868-57a2d4851a1d" relativeResultsDirectory="80c1f77e-f743-47e5-bc37-9c89d321ca81" />
    <UnitTestResult executionId="3929fd17-cfe0-4d68-a2fb-62d7aedc4ba9" testId="ed236cc3-8914-268e-e13a-aaf62cf055c9" testName="ResourceService_GetMessage_AddsSessionToCache" computerName="TFSBUILD11" duration="00:00:00.0429496" startTime="2015-09-28T09:43:22.9211727-07:00" endTime="2015-09-28T09:43:22.9680510-07:00" testType="13cdc9d9-ddb5-4fa4-a97d-d965ccfc6d4b" outcome="Passed" testListId="8c84fa94-04c1-424b-9868-57a2d4851a1d" relativeResultsDirectory="3929fd17-cfe0-4d68-a2fb-62d7aedc4ba9" />
    <UnitTestResult executionId="d2a266af-6859-4ee4-8773-0b74e8ff4da6" testId="bca8b2f0-3587-541c-2034-cf4700695085" testName="ResourceService_GetMessage_RequiresActiveSession" computerName="TFSBUILD11" duration="00:00:00.0410552" startTime="2015-09-28T09:43:22.9680510-07:00" endTime="2015-09-28T09:43:23.0149296-07:00" testType="13cdc9d9-ddb5-4fa4-a97d-d965ccfc6d4b" outcome="Passed" testListId="8c84fa94-04c1-424b-9868-57a2d4851a1d" relativeResultsDirectory="d2a266af-6859-4ee4-8773-0b74e8ff4da6" />
    <UnitTestResult executionId="805162da-3eef-4024-ac3f-e298dee223be" testId="4a85c220-b74a-cac4-9efe-eac06b9813a1" testName="ResourceService_GetMessage_RequiresListenPermission" computerName="TFSBUILD11" duration="00:00:00.0427971" startTime="2015-09-28T09:43:23.0149296-07:00" endTime="2015-09-28T09:43:23.0618071-07:00" testType="13cdc9d9-ddb5-4fa4-a97d-d965ccfc6d4b" outcome="Passed" testListId="8c84fa94-04c1-424b-9868-57a2d4851a1d" relativeResultsDirectory="805162da-3eef-4024-ac3f-e298dee223be" />
    <UnitTestResult executionId="784e01cf-ecf8-4dca-8221-30ca5589ec48" testId="3b8d47fd-78ba-5554-8fac-1bec52a9f235" testName="ResourceService_GetMessage_RequiresViewPermission" computerName="TFSBUILD11" duration="00:00:00.0367564" startTime="2015-09-28T09:43:23.0618071-07:00" endTime="2015-09-28T09:43:23.0930596-07:00" testType="13cdc9d9-ddb5-4fa4-a97d-d965ccfc6d4b" outcome="Passed" testListId="8c84fa94-04c1-424b-9868-57a2d4851a1d" relativeResultsDirectory="784e01cf-ecf8-4dca-8221-30ca5589ec48" />
    <UnitTestResult executionId="0a6c0ed3-dc8f-48a2-9a97-e48974cc79a7" testId="f7bbb49f-1903-30de-06eb-894ca21cf4f7" testName="ResourceService_GetMessage_UsesSessionFromCache" computerName="TFSBUILD11" duration="00:00:00.0403295" startTime="2015-09-28T09:43:23.0930596-07:00" endTime="2015-09-28T09:43:23.1399380-07:00" testType="13cdc9d9-ddb5-4fa4-a97d-d965ccfc6d4b" outcome="Passed" testListId="8c84fa94-04c1-424b-9868-57a2d4851a1d" relativeResultsDirectory="0a6c0ed3-dc8f-48a2-9a97-e48974cc79a7" />
    <UnitTestResult executionId="07c3315a-9639-4384-a363-0c16145d8d9d" testId="fd59e0f5-5534-36f9-a506-e60675e70908" testName="CreateServiceEndpointThrowsExceptionForEmptyScope" computerName="TFSBUILD11" duration="00:00:00.0256696" startTime="2015-09-28T09:43:23.1399380-07:00" endTime="2015-09-28T09:43:23.1555638-07:00" testType="13cdc9d9-ddb5-4fa4-a97d-d965ccfc6d4b" outcome="Passed" testListId="8c84fa94-04c1-424b-9868-57a2d4851a1d" relativeResultsDirectory="07c3315a-9639-4384-a363-0c16145d8d9d" />
    <UnitTestResult executionId="80579dad-6c48-4cc8-a5d2-f7849d1fb0a4" testId="b5dff410-a73b-f287-68ac-7008e82f0c02" testName="CreateServiceEndpointThrowsExceptionForInvalidParameters" computerName="TFSBUILD11" duration="00:00:00.0061107" startTime="2015-09-28T09:43:23.1555638-07:00" endTime="2015-09-28T09:43:23.1711896-07:00" testType="13cdc9d9-ddb5-4fa4-a97d-d965ccfc6d4b" outcome="Passed" testListId="8c84fa94-04c1-424b-9868-57a2d4851a1d" relativeResultsDirectory="80579dad-6c48-4cc8-a5d2-f7849d1fb0a4" />
    <UnitTestResult executionId="0bcd5dc5-1726-4082-b63b-07dc2e612de1" testId="593612cd-c0d5-e41c-a7de-1c9e37fb1a4f" testName="CreateServiceEndpointShouldCreateAServiceEndpointForValidParameters" computerName="TFSBUILD11" startTime="2015-09-28T09:43:23.1711896-07:00" endTime="2015-09-28T09:43:23.1711896-07:00" testType="13cdc9d9-ddb5-4fa4-a97d-d965ccfc6d4b" outcome="NotExecuted" testListId="8c84fa94-04c1-424b-9868-57a2d4851a1d" relativeResultsDirectory="0bcd5dc5-1726-4082-b63b-07dc2e612de1" />
    <UnitTestResult executionId="26835aa4-57da-47f1-97eb-0307e7ecea54" testId="5930237a-0380-055c-2f21-2898587a2233" testName="CreateServiceEndpointShouldDeleteDrawerAndThrowExceptionWhenErrorOccurs" computerName="TFSBUILD11" startTime="2015-09-28T09:43:23.1711896-07:00" endTime="2015-09-28T09:43:23.1711896-07:00" testType="13cdc9d9-ddb5-4fa4-a97d-d965ccfc6d4b" outcome="NotExecuted" testListId="8c84fa94-04c1-424b-9868-57a2d4851a1d" relativeResultsDirectory="26835aa4-57da-47f1-97eb-0307e7ecea54" />
    <UnitTestResult executionId="89264e26-7ecd-4194-8fea-9e4f4296cc27" testId="3f32e5a4-d648-28b3-cb0c-07ef54e6b86b" testName="QueryServiceEndpointShouldThrowExceptionForInvalidScopeId" computerName="TFSBUILD11" duration="00:00:00.0037313" startTime="2015-09-28T09:43:23.1711896-07:00" endTime="2015-09-28T09:43:23.1711896-07:00" testType="13cdc9d9-ddb5-4fa4-a97d-d965ccfc6d4b" outcome="Passed" testListId="8c84fa94-04c1-424b-9868-57a2d4851a1d" relativeResultsDirectory="89264e26-7ecd-4194-8fea-9e4f4296cc27" />
    <UnitTestResult executionId="77aaa574-bb16-4258-90de-c00812a01a96" testId="7f90b176-4e5c-7daa-76d4-e5d3b8bde8df" testName="QueryServiceEndpointShouldNotThrowExceptionForNullOrEmptyType" computerName="TFSBUILD11" duration="00:00:00.0037509" startTime="2015-09-28T09:43:23.1711896-07:00" endTime="2015-09-28T09:43:23.1711896-07:00" testType="13cdc9d9-ddb5-4fa4-a97d-d965ccfc6d4b" outcome="Passed" testListId="8c84fa94-04c1-424b-9868-57a2d4851a1d" relativeResultsDirectory="77aaa574-bb16-4258-90de-c00812a01a96" />
    <UnitTestResult executionId="35f8b447-0cc0-4188-94a3-7ac642071148" testId="4ede1556-7c0f-bddc-27e8-fe81724baadb" testName="QueryServiceEndpointShouldNotThrowExceptionForNullOrEmptyAuthScheme" computerName="TFSBUILD11" duration="00:00:00.0029303" startTime="2015-09-28T09:43:23.1711896-07:00" endTime="2015-09-28T09:43:23.1711896-07:00" testType="13cdc9d9-ddb5-4fa4-a97d-d965ccfc6d4b" outcome="Passed" testListId="8c84fa94-04c1-424b-9868-57a2d4851a1d" relativeResultsDirectory="35f8b447-0cc0-4188-94a3-7ac642071148" />
    <UnitTestResult executionId="9145edae-8fe3-4504-93b8-87b9e804e7af" testId="1fca4264-8615-9700-4c0e-1a04fd299a72" testName="QueryServiceEndpointShouldReturnEmptyListWhenUserDoesNotHasPermissions" computerName="TFSBUILD11" startTime="2015-09-28T09:43:23.1711896-07:00" endTime="2015-09-28T09:43:23.1711896-07:00" testType="13cdc9d9-ddb5-4fa4-a97d-d965ccfc6d4b" outcome="NotExecuted" testListId="8c84fa94-04c1-424b-9868-57a2d4851a1d" relativeResultsDirectory="9145edae-8fe3-4504-93b8-87b9e804e7af" />
    <UnitTestResult executionId="4e2d21d0-7465-4368-8cb5-015bb70b4c78" testId="08dcbcb3-83b9-d79b-26bb-42cd7900dfde" testName="QueryServiceEndpointShouldReturnValidServiceEndpointForRightValues" computerName="TFSBUILD11" startTime="2015-09-28T09:43:23.1711896-07:00" endTime="2015-09-28T09:43:23.1711896-07:00" testType="13cdc9d9-ddb5-4fa4-a97d-d965ccfc6d4b" outcome="NotExecuted" testListId="8c84fa94-04c1-424b-9868-57a2d4851a1d" relativeResultsDirectory="4e2d21d0-7465-4368-8cb5-015bb70b4c78" />
    <UnitTestResult executionId="fde2f4c4-9678-4b6f-a185-65c9a4033e34" testId="5c56cbb8-bf7b-cfa8-cbbc-436fa109404f" testName="QueryServiceEndpointShouldReturnValidServiceEndpointForDifferentValuesOfAuthScheme" computerName="TFSBUILD11" startTime="2015-09-28T09:43:23.1711896-07:00" endTime="2015-09-28T09:43:23.1711896-07:00" testType="13cdc9d9-ddb5-4fa4-a97d-d965ccfc6d4b" outcome="NotExecuted" testListId="8c84fa94-04c1-424b-9868-57a2d4851a1d" relativeResultsDirectory="fde2f4c4-9678-4b6f-a185-65c9a4033e34" />
    <UnitTestResult executionId="3265e0c4-6766-4fbd-94f1-aace43d8a110" testId="fe885a63-f593-0a80-f044-fb1dcb63e687" testName="GetServiceEndpointThrowsExceptionForEmptyServiceEndpointId" computerName="TFSBUILD11" duration="00:00:00.0047223" startTime="2015-09-28T09:43:23.1711896-07:00" endTime="2015-09-28T09:43:23.1868169-07:00" testType="13cdc9d9-ddb5-4fa4-a97d-d965ccfc6d4b" outcome="Passed" testListId="8c84fa94-04c1-424b-9868-57a2d4851a1d" relativeResultsDirectory="3265e0c4-6766-4fbd-94f1-aace43d8a110" />
    <UnitTestResult executionId="383022da-1d3f-4984-a89d-74f196451833" testId="0a1263cd-f2ca-b6e9-dbb5-de5be9fc1910" testName="GetServiceEndpointThrowsExceptionForEmptyScopeId" computerName="TFSBUILD11" duration="00:00:00.0027750" startTime="2015-09-28T09:43:23.1868169-07:00" endTime="2015-09-28T09:43:23.1868169-07:00" testType="13cdc9d9-ddb5-4fa4-a97d-d965ccfc6d4b" outcome="Passed" testListId="8c84fa94-04c1-424b-9868-57a2d4851a1d" relativeResultsDirectory="383022da-1d3f-4984-a89d-74f196451833" />
    <UnitTestResult executionId="72ceaf99-ab07-408a-aa42-1f3dfe9108b4" testId="9f58b625-b906-7ef5-12d7-48a9a2cc7d28" testName="GetServiceEndpointReturnsNullWhenNoDrawerExistsWithServiceEndpoint" computerName="TFSBUILD11" duration="00:00:00.1441314" startTime="2015-09-28T09:43:23.1868169-07:00" endTime="2015-09-28T09:43:23.3274513-07:00" testType="13cdc9d9-ddb5-4fa4-a97d-d965ccfc6d4b" outcome="Passed" testListId="8c84fa94-04c1-424b-9868-57a2d4851a1d" relativeResultsDirectory="72ceaf99-ab07-408a-aa42-1f3dfe9108b4" />
    <UnitTestResult executionId="7c573086-d55f-41bc-a261-e0a0a6abd6f7" testId="6bf6d3e2-2459-8352-e60a-a74ec7979490" testName="GetServiceEndpointThrowsExceptionIfSomeErrorOccurs" computerName="TFSBUILD11" duration="00:00:00.0138797" startTime="2015-09-28T09:43:23.3274513-07:00" endTime="2015-09-28T09:43:23.3430774-07:00" testType="13cdc9d9-ddb5-4fa4-a97d-d965ccfc6d4b" outcome="Passed" testListId="8c84fa94-04c1-424b-9868-57a2d4851a1d" relativeResultsDirectory="7c573086-d55f-41bc-a261-e0a0a6abd6f7" />
    <UnitTestResult executionId="064469f0-de31-4cfa-983d-a4e854fa5456" testId="4f6bc7df-c71f-197c-9621-759d88891d38" testName="GetServiceEndpointFetchesDataFromStrongBoxIfExists" computerName="TFSBUILD11" startTime="2015-09-28T09:43:23.3430774-07:00" endTime="2015-09-28T09:43:23.3430774-07:00" testType="13cdc9d9-ddb5-4fa4-a97d-d965ccfc6d4b" outcome="NotExecuted" testListId="8c84fa94-04c1-424b-9868-57a2d4851a1d" relativeResultsDirectory="064469f0-de31-4cfa-983d-a4e854fa5456" />
    <UnitTestResult executionId="18b9ecda-6db1-47cd-8cab-2c0e80816355" testId="f0431a5d-f6a6-7733-f26a-dc962ee76850" testName="DeleteServiceEndpointThrowsExceptionForEmptyScopeId" computerName="TFSBUILD11" duration="00:00:00.0041087" startTime="2015-09-28T09:43:23.3430774-07:00" endTime="2015-09-28T09:43:23.3430774-07:00" testType="13cdc9d9-ddb5-4fa4-a97d-d965ccfc6d4b" outcome="Passed" testListId="8c84fa94-04c1-424b-9868-57a2d4851a1d" relativeResultsDirectory="18b9ecda-6db1-47cd-8cab-2c0e80816355" />
    <UnitTestResult executionId="3ee1832f-62b3-41fa-9cb6-2c34f4792e41" testId="4f919cdf-0333-51d9-a1d7-d9f3ef2e1ab9" testName="DeleteServiceEndpointThrowsExceptionForEmptyServiceEndpointId" computerName="TFSBUILD11" duration="00:00:00.0029391" startTime="2015-09-28T09:43:23.3430774-07:00" endTime="2015-09-28T09:43:23.3587035-07:00" testType="13cdc9d9-ddb5-4fa4-a97d-d965ccfc6d4b" outcome="Passed" testListId="8c84fa94-04c1-424b-9868-57a2d4851a1d" relativeResultsDirectory="3ee1832f-62b3-41fa-9cb6-2c34f4792e41" />
    <UnitTestResult executionId="40da2055-1bb4-466d-94d8-f86f3654a633" testId="938d3c8c-a0e2-0b03-537f-d1a130c1bb27" testName="DeleteServiceEndpointDeletesServiceEndpointIfExists" computerName="TFSBUILD11" startTime="2015-09-28T09:43:23.3587035-07:00" endTime="2015-09-28T09:43:23.3587035-07:00" testType="13cdc9d9-ddb5-4fa4-a97d-d965ccfc6d4b" outcome="NotExecuted" testListId="8c84fa94-04c1-424b-9868-57a2d4851a1d" relativeResultsDirectory="40da2055-1bb4-466d-94d8-f86f3654a633" />
    <UnitTestResult executionId="0a859681-f825-4675-97df-f84601f497c0" testId="3e115d4f-b2fa-3b67-3dad-7c083ca3a5ed" testName="TaskDefinitionWebApiProxyController_QueryEndpoint_MissingTaskDefinition_BadRequest" computerName="TFSBUILD11" duration="00:00:00.9895819" startTime="2015-09-28T09:43:23.3587035-07:00" endTime="2015-09-28T09:43:24.3431491-07:00" testType="13cdc9d9-ddb5-4fa4-a97d-d965ccfc6d4b" outcome="Passed" testListId="8c84fa94-04c1-424b-9868-57a2d4851a1d" relativeResultsDirectory="0a859681-f825-4675-97df-f84601f497c0" />
    <UnitTestResult executionId="bd98906d-6408-4cb4-8ac8-dd34e14372b7" testId="984384d5-6182-f143-978e-cb8af8e7ffdd" testName="TaskDefinitionWebApiProxyController_QueryEndpoint_MissingEndpoint" computerName="TFSBUILD11" duration="00:00:00.0779006" startTime="2015-09-28T09:43:24.3431491-07:00" endTime="2015-09-28T09:43:24.4212785-07:00" testType="13cdc9d9-ddb5-4fa4-a97d-d965ccfc6d4b" outcome="Passed" testListId="8c84fa94-04c1-424b-9868-57a2d4851a1d" relativeResultsDirectory="bd98906d-6408-4cb4-8ac8-dd34e14372b7" />
    <UnitTestResult executionId="27810ae2-5dca-4863-9e73-ccfb92f3afe4" testId="2844c54a-4ec0-94ef-310f-025dc26d1ebf" testName="TaskAgentsController_PostWithNullVersionSetsDefault" computerName="TFSBUILD11" duration="00:00:00.0260365" startTime="2015-09-28T09:43:24.4212785-07:00" endTime="2015-09-28T09:43:24.4525313-07:00" testType="13cdc9d9-ddb5-4fa4-a97d-d965ccfc6d4b" outcome="Passed" testListId="8c84fa94-04c1-424b-9868-57a2d4851a1d" relativeResultsDirectory="27810ae2-5dca-4863-9e73-ccfb92f3afe4" />
    <UnitTestResult executionId="4110cbb9-c295-4809-bd6f-bd932921a940" testId="c351d211-5839-f117-dcc2-34cb923d6ba9" testName="TaskAgentsController_PostWithVersionAsSystemCapabilitySucceeds" computerName="TFSBUILD11" duration="00:00:00.0133640" startTime="2015-09-28T09:43:24.4525313-07:00" endTime="2015-09-28T09:43:24.4525313-07:00" testType="13cdc9d9-ddb5-4fa4-a97d-d965ccfc6d4b" outcome="Passed" testListId="8c84fa94-04c1-424b-9868-57a2d4851a1d" relativeResultsDirectory="4110cbb9-c295-4809-bd6f-bd932921a940" />
    <UnitTestResult executionId="1e9de5f3-b912-43c8-a551-7c7321520f1a" testId="379afbd0-4840-5804-dbe3-c7a1eacbfbbc" testName="TaskAgentsController_PutWithoutVersionDoesNotSetDefault" computerName="TFSBUILD11" duration="00:00:00.0138111" startTime="2015-09-28T09:43:24.4525313-07:00" endTime="2015-09-28T09:43:24.4681571-07:00" testType="13cdc9d9-ddb5-4fa4-a97d-d965ccfc6d4b" outcome="Passed" testListId="8c84fa94-04c1-424b-9868-57a2d4851a1d" relativeResultsDirectory="1e9de5f3-b912-43c8-a551-7c7321520f1a" />
    <UnitTestResult executionId="56d4084b-1939-4724-bb1d-9c27c36ad316" testId="4a83e0bd-3c06-56b4-f2f3-319e468dad31" testName="TaskAgentsController_PutWithVersionAsSystemCapabilitySucceeds" computerName="TFSBUILD11" duration="00:00:00.0130815" startTime="2015-09-28T09:43:24.4681571-07:00" endTime="2015-09-28T09:43:24.4837838-07:00" testType="13cdc9d9-ddb5-4fa4-a97d-d965ccfc6d4b" outcome="Passed" testListId="8c84fa94-04c1-424b-9868-57a2d4851a1d" relativeResultsDirectory="56d4084b-1939-4724-bb1d-9c27c36ad316" />
    <UnitTestResult executionId="66ff0fdc-79c3-4c85-adeb-f45108581952" testId="8f65ac51-f01f-844b-f4fb-31245d6d78e4" testName="TaskAgentsController_PatchWithoutVersionDoesNotSetDefault" computerName="TFSBUILD11" duration="00:00:00.0136217" startTime="2015-09-28T09:43:24.4837838-07:00" endTime="2015-09-28T09:43:24.4994096-07:00" testType="13cdc9d9-ddb5-4fa4-a97d-d965ccfc6d4b" outcome="Passed" testListId="8c84fa94-04c1-424b-9868-57a2d4851a1d" relativeResultsDirectory="66ff0fdc-79c3-4c85-adeb-f45108581952" />
    <UnitTestResult executionId="d104c6c1-d25b-44ff-b96d-f2d03c2554cf" testId="50e2f6f5-b633-71e7-9510-dabee79fdd09" testName="TaskAgentsController_PatchWithVersionAsSystemCapabilitySucceeds" computerName="TFSBUILD11" duration="00:00:00.0131566" startTime="2015-09-28T09:43:24.4994096-07:00" endTime="2015-09-28T09:43:24.5150355-07:00" testType="13cdc9d9-ddb5-4fa4-a97d-d965ccfc6d4b" outcome="Passed" testListId="8c84fa94-04c1-424b-9868-57a2d4851a1d" relativeResultsDirectory="d104c6c1-d25b-44ff-b96d-f2d03c2554cf" />
    <UnitTestResult executionId="262aeb97-73f8-4154-82c9-1afe00a6eee3" testId="91f8ed4b-1dd0-e3f5-fc55-b1274aaf8ba1" testName="TaskLocalization_TestLocalizeDocument" computerName="TFSBUILD11" duration="00:00:00.0557888" startTime="2015-09-28T09:43:24.5150355-07:00" endTime="2015-09-28T09:43:24.5775402-07:00" testType="13cdc9d9-ddb5-4fa4-a97d-d965ccfc6d4b" outcome="Passed" testListId="8c84fa94-04c1-424b-9868-57a2d4851a1d" relativeResultsDirectory="262aeb97-73f8-4154-82c9-1afe00a6eee3" />
    <UnitTestResult executionId="6f4e2d6a-bc2f-4617-b8f8-b6f736a4e4c4" testId="93c05ee4-2e83-d3f1-654f-0f2e9648c4ef" testName="TaskLocalization_TestMergeResourcesDocuments" computerName="TFSBUILD11" duration="00:00:00.0015345" startTime="2015-09-28T09:43:24.5775402-07:00" endTime="2015-09-28T09:43:24.5775402-07:00" testType="13cdc9d9-ddb5-4fa4-a97d-d965ccfc6d4b" outcome="Passed" testListId="8c84fa94-04c1-424b-9868-57a2d4851a1d" relativeResultsDirectory="6f4e2d6a-bc2f-4617-b8f8-b6f736a4e4c4" />
    <UnitTestResult executionId="169de6e9-5a86-4728-86d9-7d2afa7c7361" testId="9af10368-170a-032a-1c37-43473994b90d" testName="TaskService_GetTaskDefinitions_PreviewFeatureFlagEnabledReturnsPreviewTasks" computerName="TFSBUILD11" duration="00:00:00.3622765" startTime="2015-09-28T09:43:24.5775402-07:00" endTime="2015-09-28T09:43:24.9994449-07:00" testType="13cdc9d9-ddb5-4fa4-a97d-d965ccfc6d4b" outcome="Passed" testListId="8c84fa94-04c1-424b-9868-57a2d4851a1d" relativeResultsDirectory="169de6e9-5a86-4728-86d9-7d2afa7c7361" />
    <UnitTestResult executionId="ab59db77-d5bc-48a2-a9d0-38b53fdd91f0" testId="f56e05da-950f-f51f-7221-84f2cff96b8e" testName="TaskService_GetTaskDefinitions_PreviewFeatureFlagDisabledDoesNotReturnPreviewTasks" computerName="TFSBUILD11" duration="00:00:00.0167417" startTime="2015-09-28T09:43:24.9994449-07:00" endTime="2015-09-28T09:43:25.0306977-07:00" testType="13cdc9d9-ddb5-4fa4-a97d-d965ccfc6d4b" outcome="Passed" testListId="8c84fa94-04c1-424b-9868-57a2d4851a1d" relativeResultsDirectory="ab59db77-d5bc-48a2-a9d0-38b53fdd91f0" />
    <UnitTestResult executionId="92e2710c-472b-4525-ab3f-f2fc95e6e43f" testId="9c1e2644-18b3-78fc-9511-2d61f8552f23" testName="TaskService_GetTaskDefinitions_ScopeLocalReturnsLocalTasksOnlyIncludingPreviewTasks" computerName="TFSBUILD11" duration="00:00:00.0174290" startTime="2015-09-28T09:43:25.0306977-07:00" endTime="2015-09-28T09:43:25.0463229-07:00" testType="13cdc9d9-ddb5-4fa4-a97d-d965ccfc6d4b" outcome="Passed" testListId="8c84fa94-04c1-424b-9868-57a2d4851a1d" relativeResultsDirectory="92e2710c-472b-4525-ab3f-f2fc95e6e43f" />
    <UnitTestResult executionId="f12e1540-8c41-4391-999f-c0876566ae9e" testId="850779e7-de4f-c0c1-da72-4df4bdffb982" testName="TaskService_GetTaskDefinitions_TaskIdFilterReturnsSpecifiedTask" computerName="TFSBUILD11" duration="00:00:00.0172355" startTime="2015-09-28T09:43:25.0463229-07:00" endTime="2015-09-28T09:43:25.0619496-07:00" testType="13cdc9d9-ddb5-4fa4-a97d-d965ccfc6d4b" outcome="Passed" testListId="8c84fa94-04c1-424b-9868-57a2d4851a1d" relativeResultsDirectory="f12e1540-8c41-4391-999f-c0876566ae9e" />
    <UnitTestResult executionId="92e9ae87-bdb2-455d-bd10-29db253061c5" testId="81d8ccb7-707d-41e2-9d1d-5eed13592187" testName="TaskService_GetTaskDefinitions_TaskIdAndVersionFilterReturnsSpecifiedTask" computerName="TFSBUILD11" duration="00:00:00.0179683" startTime="2015-09-28T09:43:25.0619496-07:00" endTime="2015-09-28T09:43:25.0775752-07:00" testType="13cdc9d9-ddb5-4fa4-a97d-d965ccfc6d4b" outcome="Passed" testListId="8c84fa94-04c1-424b-9868-57a2d4851a1d" relativeResultsDirectory="92e9ae87-bdb2-455d-bd10-29db253061c5" />
    <UnitTestResult executionId="d4bb4d81-6d63-4b7b-b363-af4ed16fe475" testId="c75bccbe-ab6f-4a3b-903b-d4afe9c7b2ef" testName="TaskService_GetTaskDefinitions_TaskIdFilterDoesNotReturnPreviewTaskIfDisabled" computerName="TFSBUILD11" duration="00:00:00.0147020" startTime="2015-09-28T09:43:25.0775752-07:00" endTime="2015-09-28T09:43:25.0932016-07:00" testType="13cdc9d9-ddb5-4fa4-a97d-d965ccfc6d4b" outcome="Passed" testListId="8c84fa94-04c1-424b-9868-57a2d4851a1d" relativeResultsDirectory="d4bb4d81-6d63-4b7b-b363-af4ed16fe475" />
    <UnitTestResult executionId="15a4a95c-a77b-4eb5-84aa-e73919e68ff0" testId="b5571b94-df97-dce0-57a1-ddd1f58cdde8" testName="TaskService_GetTaskDefinitions_TaskIdAndVersionFilterDoesNotReturnPreviewTaskIfDisabled" computerName="TFSBUILD11" duration="00:00:00.0150416" startTime="2015-09-28T09:43:25.0932016-07:00" endTime="2015-09-28T09:43:25.1088274-07:00" testType="13cdc9d9-ddb5-4fa4-a97d-d965ccfc6d4b" outcome="Passed" testListId="8c84fa94-04c1-424b-9868-57a2d4851a1d" relativeResultsDirectory="15a4a95c-a77b-4eb5-84aa-e73919e68ff0" />
    <UnitTestResult executionId="7f0349e9-4ef5-4a00-a20e-f2b69e799146" testId="847d0d2c-cdd7-6c41-8695-55f54e668a56" testName="TaskService_GetTaskDefinitions_VisibilityFilterReturnsProperTasksWithoutPreviewEnabled" computerName="TFSBUILD11" duration="00:00:00.0234157" startTime="2015-09-28T09:43:25.1088274-07:00" endTime="2015-09-28T09:43:25.1244541-07:00" testType="13cdc9d9-ddb5-4fa4-a97d-d965ccfc6d4b" outcome="Passed" testListId="8c84fa94-04c1-424b-9868-57a2d4851a1d" relativeResultsDirectory="7f0349e9-4ef5-4a00-a20e-f2b69e799146" />
    <UnitTestResult executionId="f922ff72-a397-4af1-8c2d-400adc2d8b2e" testId="959f6c59-68cc-b783-0a90-7364b57f432d" testName="TaskService_GetTaskDefinitions_VisibilityFilterReturnsProperTasksWithPreviewEnabled" computerName="TFSBUILD11" duration="00:00:00.0187832" startTime="2015-09-28T09:43:25.1244541-07:00" endTime="2015-09-28T09:43:25.1557060-07:00" testType="13cdc9d9-ddb5-4fa4-a97d-d965ccfc6d4b" outcome="Passed" testListId="8c84fa94-04c1-424b-9868-57a2d4851a1d" relativeResultsDirectory="f922ff72-a397-4af1-8c2d-400adc2d8b2e" />
    <UnitTestResult executionId="f468cf5e-5443-47db-8ca1-cab0b045dcb3" testId="2193560c-cfe6-ef43-9b36-b59d8f8b3dfc" testName="TaskService_GetTaskDefinitions_VisibilityFilterHonoredForLatestTaskVersionOnly1" computerName="TFSBUILD11" duration="00:00:00.0175971" startTime="2015-09-28T09:43:25.1557060-07:00" endTime="2015-09-28T09:43:25.1713318-07:00" testType="13cdc9d9-ddb5-4fa4-a97d-d965ccfc6d4b" outcome="Passed" testListId="8c84fa94-04c1-424b-9868-57a2d4851a1d" relativeResultsDirectory="f468cf5e-5443-47db-8ca1-cab0b045dcb3" />
    <UnitTestResult executionId="cfe4f618-1ea8-4085-966d-8fdd5e61a0d3" testId="5017ec77-5b12-755c-6d42-1d2d3a59dde6" testName="TaskService_GetTaskDefinitions_VisibilityFilterHonoredForLatestTaskVersionOnly2" computerName="TFSBUILD11" duration="00:00:00.0196971" startTime="2015-09-28T09:43:25.1713318-07:00" endTime="2015-09-28T09:43:25.1869582-07:00" testType="13cdc9d9-ddb5-4fa4-a97d-d965ccfc6d4b" outcome="Passed" testListId="8c84fa94-04c1-424b-9868-57a2d4851a1d" relativeResultsDirectory="cfe4f618-1ea8-4085-966d-8fdd5e61a0d3" />
    <UnitTestResult executionId="3fcccba8-33c9-4a95-908e-b609629dbd2b" testId="1141e98d-c11b-5416-8ece-ecab153789a1" testName="TestTaskDefinitionDataDictionary" computerName="TFSBUILD11" duration="00:00:00.0018687" startTime="2015-09-28T09:43:25.1869582-07:00" endTime="2015-09-28T09:43:25.1869582-07:00" testType="13cdc9d9-ddb5-4fa4-a97d-d965ccfc6d4b" outcome="Passed" testListId="8c84fa94-04c1-424b-9868-57a2d4851a1d" relativeResultsDirectory="3fcccba8-33c9-4a95-908e-b609629dbd2b" />
  </Results>
  <TestDefinitions>
    <UnitTest name="Jobs_AgentRequestMonitorJob_RequeueWhenActiveRequestsExist" storage="d:\v2.0\a1\_work\dbded102\bin\release.anycpu\distributedtask.service\ms.tf.distributedtask.server.l0.tests\ms.tf.distributedtask.server.l0.tests.dll" id="55cb9c4c-1ccd-e873-af8b-aff87ca0d493">
      <Execution id="49785a1d-d6cd-490c-a2b0-8556daa425fd" />
      <TestMethod codeBase="D:\v2.0\A1\_work\dbded102\bin\Release.AnyCPU\DistributedTask.Service\MS.TF.DistributedTask.Server.L0.Tests\MS.TF.DistributedTask.Server.L0.Tests.dll" adapterTypeName="Microsoft.VisualStudio.TestTools.TestTypes.Unit.UnitTestAdapter" className="MS.TF.DistributedTask.Server.L0.Tests.JobTests" name="Jobs_AgentRequestMonitorJob_RequeueWhenActiveRequestsExist" />
    </UnitTest>
    <UnitTest name="Jobs_AgentRequestMonitorJob_DoesNotQueueWhenNoMoreActiveRequestsExist" storage="d:\v2.0\a1\_work\dbded102\bin\release.anycpu\distributedtask.service\ms.tf.distributedtask.server.l0.tests\ms.tf.distributedtask.server.l0.tests.dll" id="018de8a9-8ac3-dee5-cac0-ec3a75d74f13">
      <Execution id="e29fec78-9c5d-451b-b9b6-48f2f7eb30dd" />
      <TestMethod codeBase="D:\v2.0\A1\_work\dbded102\bin\Release.AnyCPU\DistributedTask.Service\MS.TF.DistributedTask.Server.L0.Tests\MS.TF.DistributedTask.Server.L0.Tests.dll" adapterTypeName="Microsoft.VisualStudio.TestTools.TestTypes.Unit.UnitTestAdapter" className="MS.TF.DistributedTask.Server.L0.Tests.JobTests" name="Jobs_AgentRequestMonitorJob_DoesNotQueueWhenNoMoreActiveRequestsExist" />
    </UnitTest>
    <UnitTest name="Jobs_AgentCapabilityUpdateJob_StateIsNotResetWhenNoPoolsFound" storage="d:\v2.0\a1\_work\dbded102\bin\release.anycpu\distributedtask.service\ms.tf.distributedtask.server.l0.tests\ms.tf.distributedtask.server.l0.tests.dll" id="50907078-7706-f88b-2c16-bd7740f381e9">
      <Execution id="908b42dc-e451-4a8e-9a5d-196ed2f58689" />
      <TestMethod codeBase="D:\v2.0\A1\_work\dbded102\bin\Release.AnyCPU\DistributedTask.Service\MS.TF.DistributedTask.Server.L0.Tests\MS.TF.DistributedTask.Server.L0.Tests.dll" adapterTypeName="Microsoft.VisualStudio.TestTools.TestTypes.Unit.UnitTestAdapter" className="MS.TF.DistributedTask.Server.L0.Tests.JobTests" name="Jobs_AgentCapabilityUpdateJob_StateIsNotResetWhenNoPoolsFound" />
    </UnitTest>
    <UnitTest name="ResourceService_QueueAgentRequest_DetectsVersionOnlyMismatchesAndSendsRefreshMessage" storage="d:\v2.0\a1\_work\dbded102\bin\release.anycpu\distributedtask.service\ms.tf.distributedtask.server.l0.tests\ms.tf.distributedtask.server.l0.tests.dll" id="6cd01dd0-4a69-2dae-1a4d-9862d49856a8">
      <Owners>
        <Owner name="patcarna" />
      </Owners>
      <Execution id="b105ee4c-0edd-4ad0-9012-a8fe18c290f0" />
      <TestMethod codeBase="D:\v2.0\A1\_work\dbded102\bin\Release.AnyCPU\DistributedTask.Service\MS.TF.DistributedTask.Server.L0.Tests\MS.TF.DistributedTask.Server.L0.Tests.dll" adapterTypeName="Microsoft.VisualStudio.TestTools.TestTypes.Unit.UnitTestAdapter" className="MS.TF.DistributedTask.Server.L0.Tests.ResourceServiceTests" name="ResourceService_QueueAgentRequest_DetectsVersionOnlyMismatchesAndSendsRefreshMessage" />
    </UnitTest>
    <UnitTest name="ResourceService_QueueAgentRequest_RequiresManagePermission" storage="d:\v2.0\a1\_work\dbded102\bin\release.anycpu\distributedtask.service\ms.tf.distributedtask.server.l0.tests\ms.tf.distributedtask.server.l0.tests.dll" id="8c99d3ff-1e4b-634e-6d40-392c86cf71f0">
      <Owners>
        <Owner name="patcarna" />
      </Owners>
      <Execution id="533a14c4-8362-40a6-87f2-3a664fb5bc43" />
      <TestMethod codeBase="D:\v2.0\A1\_work\dbded102\bin\Release.AnyCPU\DistributedTask.Service\MS.TF.DistributedTask.Server.L0.Tests\MS.TF.DistributedTask.Server.L0.Tests.dll" adapterTypeName="Microsoft.VisualStudio.TestTools.TestTypes.Unit.UnitTestAdapter" className="MS.TF.DistributedTask.Server.L0.Tests.ResourceServiceTests" name="ResourceService_QueueAgentRequest_RequiresManagePermission" />
    </UnitTest>
    <UnitTest name="ResourceService_QueueAgentRequest_RequiresViewPermission" storage="d:\v2.0\a1\_work\dbded102\bin\release.anycpu\distributedtask.service\ms.tf.distributedtask.server.l0.tests\ms.tf.distributedtask.server.l0.tests.dll" id="a00f4abc-2dae-04d2-561a-dcb7c16dfd98">
      <Owners>
        <Owner name="patcarna" />
      </Owners>
      <Execution id="bba861a2-b0ce-45b0-a52e-eda0d3b68be3" />
      <TestMethod codeBase="D:\v2.0\A1\_work\dbded102\bin\Release.AnyCPU\DistributedTask.Service\MS.TF.DistributedTask.Server.L0.Tests\MS.TF.DistributedTask.Server.L0.Tests.dll" adapterTypeName="Microsoft.VisualStudio.TestTools.TestTypes.Unit.UnitTestAdapter" className="MS.TF.DistributedTask.Server.L0.Tests.ResourceServiceTests" name="ResourceService_QueueAgentRequest_RequiresViewPermission" />
    </UnitTest>
    <UnitTest name="ResourceService_QueueAgentRequest_RequiresAtLeastOneMatchingAgentInPool" storage="d:\v2.0\a1\_work\dbded102\bin\release.anycpu\distributedtask.service\ms.tf.distributedtask.server.l0.tests\ms.tf.distributedtask.server.l0.tests.dll" id="f373c7eb-0bbc-7890-0130-c5edad869aa3">
      <Owners>
        <Owner name="patcarna" />
      </Owners>
      <Execution id="024d9cae-36fb-4ab3-8af4-0100d6612e64" />
      <TestMethod codeBase="D:\v2.0\A1\_work\dbded102\bin\Release.AnyCPU\DistributedTask.Service\MS.TF.DistributedTask.Server.L0.Tests\MS.TF.DistributedTask.Server.L0.Tests.dll" adapterTypeName="Microsoft.VisualStudio.TestTools.TestTypes.Unit.UnitTestAdapter" className="MS.TF.DistributedTask.Server.L0.Tests.ResourceServiceTests" name="ResourceService_QueueAgentRequest_RequiresAtLeastOneMatchingAgentInPool" />
    </UnitTest>
    <UnitTest name="ResourceService_QueueAgentRequest_RequiresNonEmptyPool" storage="d:\v2.0\a1\_work\dbded102\bin\release.anycpu\distributedtask.service\ms.tf.distributedtask.server.l0.tests\ms.tf.distributedtask.server.l0.tests.dll" id="e2819a6f-9cd9-0762-e28a-2a92eca14a5f">
      <Owners>
        <Owner name="patcarna" />
      </Owners>
      <Execution id="e0d8233c-bd3e-44c1-8173-6d4afcef285f" />
      <TestMethod codeBase="D:\v2.0\A1\_work\dbded102\bin\Release.AnyCPU\DistributedTask.Service\MS.TF.DistributedTask.Server.L0.Tests\MS.TF.DistributedTask.Server.L0.Tests.dll" adapterTypeName="Microsoft.VisualStudio.TestTools.TestTypes.Unit.UnitTestAdapter" className="MS.TF.DistributedTask.Server.L0.Tests.ResourceServiceTests" name="ResourceService_QueueAgentRequest_RequiresNonEmptyPool" />
    </UnitTest>
    <UnitTest name="ResourceService_SendMessageToAgent_RequiresViewPermission" storage="d:\v2.0\a1\_work\dbded102\bin\release.anycpu\distributedtask.service\ms.tf.distributedtask.server.l0.tests\ms.tf.distributedtask.server.l0.tests.dll" id="b77107bb-522e-63c2-7092-e54df363ae01">
      <Owners>
        <Owner name="patcarna" />
      </Owners>
      <Execution id="8ff775a2-95f0-4c52-816d-f100b1fdffca" />
      <TestMethod codeBase="D:\v2.0\A1\_work\dbded102\bin\Release.AnyCPU\DistributedTask.Service\MS.TF.DistributedTask.Server.L0.Tests\MS.TF.DistributedTask.Server.L0.Tests.dll" adapterTypeName="Microsoft.VisualStudio.TestTools.TestTypes.Unit.UnitTestAdapter" className="MS.TF.DistributedTask.Server.L0.Tests.ResourceServiceTests" name="ResourceService_SendMessageToAgent_RequiresViewPermission" />
    </UnitTest>
    <UnitTest name="ResourceService_SendMessageToAgent_RequiresManagePermission" storage="d:\v2.0\a1\_work\dbded102\bin\release.anycpu\distributedtask.service\ms.tf.distributedtask.server.l0.tests\ms.tf.distributedtask.server.l0.tests.dll" id="daea712f-7dc9-87ab-2401-2b1aa9f44476">
      <Owners>
        <Owner name="patcarna" />
      </Owners>
      <Execution id="6a79b047-fcb6-4e37-a4ea-5a8996b78f31" />
      <TestMethod codeBase="D:\v2.0\A1\_work\dbded102\bin\Release.AnyCPU\DistributedTask.Service\MS.TF.DistributedTask.Server.L0.Tests\MS.TF.DistributedTask.Server.L0.Tests.dll" adapterTypeName="Microsoft.VisualStudio.TestTools.TestTypes.Unit.UnitTestAdapter" className="MS.TF.DistributedTask.Server.L0.Tests.ResourceServiceTests" name="ResourceService_SendMessageToAgent_RequiresManagePermission" />
    </UnitTest>
    <UnitTest name="ResourceService_SendMessageToAgent_RequiresValidAgentRequest" storage="d:\v2.0\a1\_work\dbded102\bin\release.anycpu\distributedtask.service\ms.tf.distributedtask.server.l0.tests\ms.tf.distributedtask.server.l0.tests.dll" id="d1e528ac-9c41-3bb2-36e6-d90c82703771">
      <Owners>
        <Owner name="patcarna" />
      </Owners>
      <Execution id="0f6fbf20-d7dd-4304-b1ad-22d53308c386" />
      <TestMethod codeBase="D:\v2.0\A1\_work\dbded102\bin\Release.AnyCPU\DistributedTask.Service\MS.TF.DistributedTask.Server.L0.Tests\MS.TF.DistributedTask.Server.L0.Tests.dll" adapterTypeName="Microsoft.VisualStudio.TestTools.TestTypes.Unit.UnitTestAdapter" className="MS.TF.DistributedTask.Server.L0.Tests.ResourceServiceTests" name="ResourceService_SendMessageToAgent_RequiresValidAgentRequest" />
    </UnitTest>
    <UnitTest name="ResourceService_SendMessageToAgent_DeliversMessageToMessageQueue" storage="d:\v2.0\a1\_work\dbded102\bin\release.anycpu\distributedtask.service\ms.tf.distributedtask.server.l0.tests\ms.tf.distributedtask.server.l0.tests.dll" id="f1388ec7-7cb6-ffd4-4010-dd6d3f71ecdd">
      <Owners>
        <Owner name="patcarna" />
      </Owners>
      <Execution id="5d4eaff5-4c9a-40f0-8a58-937668d01278" />
      <TestMethod codeBase="D:\v2.0\A1\_work\dbded102\bin\Release.AnyCPU\DistributedTask.Service\MS.TF.DistributedTask.Server.L0.Tests\MS.TF.DistributedTask.Server.L0.Tests.dll" adapterTypeName="Microsoft.VisualStudio.TestTools.TestTypes.Unit.UnitTestAdapter" className="MS.TF.DistributedTask.Server.L0.Tests.ResourceServiceTests" name="ResourceService_SendMessageToAgent_DeliversMessageToMessageQueue" />
    </UnitTest>
    <UnitTest name="ResourceService_SendRefreshMessageToAgent_CannotRefreshHostedPool" storage="d:\v2.0\a1\_work\dbded102\bin\release.anycpu\distributedtask.service\ms.tf.distributedtask.server.l0.tests\ms.tf.distributedtask.server.l0.tests.dll" id="6657e43a-2474-311c-1bf9-e0e10292b9c2">
      <Owners>
        <Owner name="patcarna" />
      </Owners>
      <Execution id="2189e607-ee15-4b2f-bf16-5fc3abf29b01" />
      <TestMethod codeBase="D:\v2.0\A1\_work\dbded102\bin\Release.AnyCPU\DistributedTask.Service\MS.TF.DistributedTask.Server.L0.Tests\MS.TF.DistributedTask.Server.L0.Tests.dll" adapterTypeName="Microsoft.VisualStudio.TestTools.TestTypes.Unit.UnitTestAdapter" className="MS.TF.DistributedTask.Server.L0.Tests.ResourceServiceTests" name="ResourceService_SendRefreshMessageToAgent_CannotRefreshHostedPool" />
    </UnitTest>
    <UnitTest name="ResourceService_SendRefreshMessageToAgent_DeliversMessageToMessageQueue" storage="d:\v2.0\a1\_work\dbded102\bin\release.anycpu\distributedtask.service\ms.tf.distributedtask.server.l0.tests\ms.tf.distributedtask.server.l0.tests.dll" id="3d304e8f-9d53-3fb6-5443-42a706a7e07b">
      <Owners>
        <Owner name="patcarna" />
      </Owners>
      <Execution id="3e35b7e1-a93d-49e3-8e97-1fa68be57e1a" />
      <TestMethod codeBase="D:\v2.0\A1\_work\dbded102\bin\Release.AnyCPU\DistributedTask.Service\MS.TF.DistributedTask.Server.L0.Tests\MS.TF.DistributedTask.Server.L0.Tests.dll" adapterTypeName="Microsoft.VisualStudio.TestTools.TestTypes.Unit.UnitTestAdapter" className="MS.TF.DistributedTask.Server.L0.Tests.ResourceServiceTests" name="ResourceService_SendRefreshMessageToAgent_DeliversMessageToMessageQueue" />
    </UnitTest>
    <UnitTest name="ResourceService_SendRefreshMessageToAgent_RequiresManagePermission" storage="d:\v2.0\a1\_work\dbded102\bin\release.anycpu\distributedtask.service\ms.tf.distributedtask.server.l0.tests\ms.tf.distributedtask.server.l0.tests.dll" id="92989d47-3420-a506-39d3-3c0693739e63">
      <Owners>
        <Owner name="patcarna" />
      </Owners>
      <Execution id="2fdbf27c-f3ec-4e46-8a30-e5f54f7f5109" />
      <TestMethod codeBase="D:\v2.0\A1\_work\dbded102\bin\Release.AnyCPU\DistributedTask.Service\MS.TF.DistributedTask.Server.L0.Tests\MS.TF.DistributedTask.Server.L0.Tests.dll" adapterTypeName="Microsoft.VisualStudio.TestTools.TestTypes.Unit.UnitTestAdapter" className="MS.TF.DistributedTask.Server.L0.Tests.ResourceServiceTests" name="ResourceService_SendRefreshMessageToAgent_RequiresManagePermission" />
    </UnitTest>
    <UnitTest name="ResourceService_SendRefreshMessageToAgent_RequiresViewPermission" storage="d:\v2.0\a1\_work\dbded102\bin\release.anycpu\distributedtask.service\ms.tf.distributedtask.server.l0.tests\ms.tf.distributedtask.server.l0.tests.dll" id="98bb1d2a-254d-ef88-8838-61dc0a81ee47">
      <Owners>
        <Owner name="patcarna" />
      </Owners>
      <Execution id="977db0f6-781d-4100-83c7-70e4915201b2" />
      <TestMethod codeBase="D:\v2.0\A1\_work\dbded102\bin\Release.AnyCPU\DistributedTask.Service\MS.TF.DistributedTask.Server.L0.Tests\MS.TF.DistributedTask.Server.L0.Tests.dll" adapterTypeName="Microsoft.VisualStudio.TestTools.TestTypes.Unit.UnitTestAdapter" className="MS.TF.DistributedTask.Server.L0.Tests.ResourceServiceTests" name="ResourceService_SendRefreshMessageToAgent_RequiresViewPermission" />
    </UnitTest>
    <UnitTest name="ResourceService_SendRefreshMessageToAgents_CannotRefreshHostedPool" storage="d:\v2.0\a1\_work\dbded102\bin\release.anycpu\distributedtask.service\ms.tf.distributedtask.server.l0.tests\ms.tf.distributedtask.server.l0.tests.dll" id="c244798e-74ff-97de-09db-34a8e2595407">
      <Owners>
        <Owner name="patcarna" />
      </Owners>
      <Execution id="4ff31bb3-8ed9-4d28-8be5-6db4faab52a2" />
      <TestMethod codeBase="D:\v2.0\A1\_work\dbded102\bin\Release.AnyCPU\DistributedTask.Service\MS.TF.DistributedTask.Server.L0.Tests\MS.TF.DistributedTask.Server.L0.Tests.dll" adapterTypeName="Microsoft.VisualStudio.TestTools.TestTypes.Unit.UnitTestAdapter" className="MS.TF.DistributedTask.Server.L0.Tests.ResourceServiceTests" name="ResourceService_SendRefreshMessageToAgents_CannotRefreshHostedPool" />
    </UnitTest>
    <UnitTest name="ResourceService_SendRefreshMessageToAgents_DeliversMessageToAllMessageQueues" storage="d:\v2.0\a1\_work\dbded102\bin\release.anycpu\distributedtask.service\ms.tf.distributedtask.server.l0.tests\ms.tf.distributedtask.server.l0.tests.dll" id="fbc0dccb-0a15-b598-1d29-5fb1a2cdd432">
      <Owners>
        <Owner name="patcarna" />
      </Owners>
      <Execution id="987f7af7-dcfd-4d5d-bd17-b52a26ed0a72" />
      <TestMethod codeBase="D:\v2.0\A1\_work\dbded102\bin\Release.AnyCPU\DistributedTask.Service\MS.TF.DistributedTask.Server.L0.Tests\MS.TF.DistributedTask.Server.L0.Tests.dll" adapterTypeName="Microsoft.VisualStudio.TestTools.TestTypes.Unit.UnitTestAdapter" className="MS.TF.DistributedTask.Server.L0.Tests.ResourceServiceTests" name="ResourceService_SendRefreshMessageToAgents_DeliversMessageToAllMessageQueues" />
    </UnitTest>
    <UnitTest name="ResourceService_SendRefreshMessageToAgents_RequiresManagePermission" storage="d:\v2.0\a1\_work\dbded102\bin\release.anycpu\distributedtask.service\ms.tf.distributedtask.server.l0.tests\ms.tf.distributedtask.server.l0.tests.dll" id="453df64c-43ed-54b3-80c5-fc427d48d8e8">
      <Owners>
        <Owner name="patcarna" />
      </Owners>
      <Execution id="b4b4c39f-e658-4638-8311-87c7f78c836e" />
      <TestMethod codeBase="D:\v2.0\A1\_work\dbded102\bin\Release.AnyCPU\DistributedTask.Service\MS.TF.DistributedTask.Server.L0.Tests\MS.TF.DistributedTask.Server.L0.Tests.dll" adapterTypeName="Microsoft.VisualStudio.TestTools.TestTypes.Unit.UnitTestAdapter" className="MS.TF.DistributedTask.Server.L0.Tests.ResourceServiceTests" name="ResourceService_SendRefreshMessageToAgents_RequiresManagePermission" />
    </UnitTest>
    <UnitTest name="ResourceService_SendRefreshMessageToAgents_RequiresViewPermission" storage="d:\v2.0\a1\_work\dbded102\bin\release.anycpu\distributedtask.service\ms.tf.distributedtask.server.l0.tests\ms.tf.distributedtask.server.l0.tests.dll" id="6d4c7975-46b6-f5d9-a315-004e61384104">
      <Owners>
        <Owner name="patcarna" />
      </Owners>
      <Execution id="5bbc6cb3-bdac-47dd-8179-dc34fb54661e" />
      <TestMethod codeBase="D:\v2.0\A1\_work\dbded102\bin\Release.AnyCPU\DistributedTask.Service\MS.TF.DistributedTask.Server.L0.Tests\MS.TF.DistributedTask.Server.L0.Tests.dll" adapterTypeName="Microsoft.VisualStudio.TestTools.TestTypes.Unit.UnitTestAdapter" className="MS.TF.DistributedTask.Server.L0.Tests.ResourceServiceTests" name="ResourceService_SendRefreshMessageToAgents_RequiresViewPermission" />
    </UnitTest>
    <UnitTest name="ResourceService_UpdateAgent_CreatesQueueIfNotExists" storage="d:\v2.0\a1\_work\dbded102\bin\release.anycpu\distributedtask.service\ms.tf.distributedtask.server.l0.tests\ms.tf.distributedtask.server.l0.tests.dll" id="7de64d99-4370-af4d-fa77-1e31e79d32ce">
      <Owners>
        <Owner name="patcarna" />
      </Owners>
      <Execution id="5e6fccc2-6211-4308-8c5a-cd8ba34e10c6" />
      <TestMethod codeBase="D:\v2.0\A1\_work\dbded102\bin\Release.AnyCPU\DistributedTask.Service\MS.TF.DistributedTask.Server.L0.Tests\MS.TF.DistributedTask.Server.L0.Tests.dll" adapterTypeName="Microsoft.VisualStudio.TestTools.TestTypes.Unit.UnitTestAdapter" className="MS.TF.DistributedTask.Server.L0.Tests.ResourceServiceTests" name="ResourceService_UpdateAgent_CreatesQueueIfNotExists" />
    </UnitTest>
    <UnitTest name="ResourceService_UpdateAgent_DoesNotQueueCapabilityUpdateJobWhenCapabilitiesDoNotChange" storage="d:\v2.0\a1\_work\dbded102\bin\release.anycpu\distributedtask.service\ms.tf.distributedtask.server.l0.tests\ms.tf.distributedtask.server.l0.tests.dll" id="12ae3b46-8f46-eb7a-5557-bd0e3d790a1a">
      <Owners>
        <Owner name="patcarna" />
      </Owners>
      <Execution id="6376555c-ab78-4b47-b851-65d59fbdeaf3" />
      <TestMethod codeBase="D:\v2.0\A1\_work\dbded102\bin\Release.AnyCPU\DistributedTask.Service\MS.TF.DistributedTask.Server.L0.Tests\MS.TF.DistributedTask.Server.L0.Tests.dll" adapterTypeName="Microsoft.VisualStudio.TestTools.TestTypes.Unit.UnitTestAdapter" className="MS.TF.DistributedTask.Server.L0.Tests.ResourceServiceTests" name="ResourceService_UpdateAgent_DoesNotQueueCapabilityUpdateJobWhenCapabilitiesDoNotChange" />
    </UnitTest>
    <UnitTest name="ResourceService_UpdateAgent_QueuesCapabilityUpdateJobWhenCapabilitiesChange" storage="d:\v2.0\a1\_work\dbded102\bin\release.anycpu\distributedtask.service\ms.tf.distributedtask.server.l0.tests\ms.tf.distributedtask.server.l0.tests.dll" id="eba8150b-570b-51f3-c576-c638289bbfc6">
      <Owners>
        <Owner name="patcarna" />
      </Owners>
      <Execution id="4986baf5-7da9-43ce-818a-bf5ae57218c5" />
      <TestMethod codeBase="D:\v2.0\A1\_work\dbded102\bin\Release.AnyCPU\DistributedTask.Service\MS.TF.DistributedTask.Server.L0.Tests\MS.TF.DistributedTask.Server.L0.Tests.dll" adapterTypeName="Microsoft.VisualStudio.TestTools.TestTypes.Unit.UnitTestAdapter" className="MS.TF.DistributedTask.Server.L0.Tests.ResourceServiceTests" name="ResourceService_UpdateAgent_QueuesCapabilityUpdateJobWhenCapabilitiesChange" />
    </UnitTest>
    <UnitTest name="ResourceService_UpdateAgent_RequiresViewPermission" storage="d:\v2.0\a1\_work\dbded102\bin\release.anycpu\distributedtask.service\ms.tf.distributedtask.server.l0.tests\ms.tf.distributedtask.server.l0.tests.dll" id="79f0953a-b007-fc22-7266-b9e1cee0918c">
      <Owners>
        <Owner name="patcarna" />
      </Owners>
      <Execution id="1f384bc0-39a7-4f8e-adce-a97541a7a79c" />
      <TestMethod codeBase="D:\v2.0\A1\_work\dbded102\bin\Release.AnyCPU\DistributedTask.Service\MS.TF.DistributedTask.Server.L0.Tests\MS.TF.DistributedTask.Server.L0.Tests.dll" adapterTypeName="Microsoft.VisualStudio.TestTools.TestTypes.Unit.UnitTestAdapter" className="MS.TF.DistributedTask.Server.L0.Tests.ResourceServiceTests" name="ResourceService_UpdateAgent_RequiresViewPermission" />
    </UnitTest>
    <UnitTest name="ResourceService_UpdateAgent_RequiresManagePermission" storage="d:\v2.0\a1\_work\dbded102\bin\release.anycpu\distributedtask.service\ms.tf.distributedtask.server.l0.tests\ms.tf.distributedtask.server.l0.tests.dll" id="951ee466-bab9-81e2-1882-80f7a0416b6f">
      <Owners>
        <Owner name="patcarna" />
      </Owners>
      <Execution id="4b9c8814-04c7-4885-8322-4bc4e4c1a394" />
      <TestMethod codeBase="D:\v2.0\A1\_work\dbded102\bin\Release.AnyCPU\DistributedTask.Service\MS.TF.DistributedTask.Server.L0.Tests\MS.TF.DistributedTask.Server.L0.Tests.dll" adapterTypeName="Microsoft.VisualStudio.TestTools.TestTypes.Unit.UnitTestAdapter" className="MS.TF.DistributedTask.Server.L0.Tests.ResourceServiceTests" name="ResourceService_UpdateAgent_RequiresManagePermission" />
    </UnitTest>
    <UnitTest name="ResourceService_UpdateAgentPool_CanUpdateHostedPoolAsSystemContext" storage="d:\v2.0\a1\_work\dbded102\bin\release.anycpu\distributedtask.service\ms.tf.distributedtask.server.l0.tests\ms.tf.distributedtask.server.l0.tests.dll" id="5ca2e963-ce2a-8a7b-0018-fd85ad584e28">
      <Owners>
        <Owner name="patcarna" />
      </Owners>
      <Execution id="de154623-82cf-4208-8639-a2f2a81fde88" />
      <TestMethod codeBase="D:\v2.0\A1\_work\dbded102\bin\Release.AnyCPU\DistributedTask.Service\MS.TF.DistributedTask.Server.L0.Tests\MS.TF.DistributedTask.Server.L0.Tests.dll" adapterTypeName="Microsoft.VisualStudio.TestTools.TestTypes.Unit.UnitTestAdapter" className="MS.TF.DistributedTask.Server.L0.Tests.ResourceServiceTests" name="ResourceService_UpdateAgentPool_CanUpdateHostedPoolAsSystemContext" />
    </UnitTest>
    <UnitTest name="ResourceService_UpdateAgentPool_CannotUpdateHostedPoolAsUserContext" storage="d:\v2.0\a1\_work\dbded102\bin\release.anycpu\distributedtask.service\ms.tf.distributedtask.server.l0.tests\ms.tf.distributedtask.server.l0.tests.dll" id="99718193-cd96-ffdf-3e69-78d06ba322cb">
      <Owners>
        <Owner name="patcarna" />
      </Owners>
      <Execution id="a8f81b46-9d19-40f1-8a27-8fc38f7e2897" />
      <TestMethod codeBase="D:\v2.0\A1\_work\dbded102\bin\Release.AnyCPU\DistributedTask.Service\MS.TF.DistributedTask.Server.L0.Tests\MS.TF.DistributedTask.Server.L0.Tests.dll" adapterTypeName="Microsoft.VisualStudio.TestTools.TestTypes.Unit.UnitTestAdapter" className="MS.TF.DistributedTask.Server.L0.Tests.ResourceServiceTests" name="ResourceService_UpdateAgentPool_CannotUpdateHostedPoolAsUserContext" />
    </UnitTest>
    <UnitTest name="ResourceService_UpdateAgentPool_RequiresViewPermission" storage="d:\v2.0\a1\_work\dbded102\bin\release.anycpu\distributedtask.service\ms.tf.distributedtask.server.l0.tests\ms.tf.distributedtask.server.l0.tests.dll" id="1a620e53-c4c2-9b7a-dd22-5fa383e4acca">
      <Owners>
        <Owner name="patcarna" />
      </Owners>
      <Execution id="25f18220-e4a7-41d9-a064-93e873bbdb7d" />
      <TestMethod codeBase="D:\v2.0\A1\_work\dbded102\bin\Release.AnyCPU\DistributedTask.Service\MS.TF.DistributedTask.Server.L0.Tests\MS.TF.DistributedTask.Server.L0.Tests.dll" adapterTypeName="Microsoft.VisualStudio.TestTools.TestTypes.Unit.UnitTestAdapter" className="MS.TF.DistributedTask.Server.L0.Tests.ResourceServiceTests" name="ResourceService_UpdateAgentPool_RequiresViewPermission" />
    </UnitTest>
    <UnitTest name="ResourceService_UpdateAgentPool_RequiresManagePermission" storage="d:\v2.0\a1\_work\dbded102\bin\release.anycpu\distributedtask.service\ms.tf.distributedtask.server.l0.tests\ms.tf.distributedtask.server.l0.tests.dll" id="ae27a94e-c529-a171-948e-6eeaea297347">
      <Owners>
        <Owner name="patcarna" />
      </Owners>
      <Execution id="249710be-ddd3-4a6a-a25a-72af6a2e937f" />
      <TestMethod codeBase="D:\v2.0\A1\_work\dbded102\bin\Release.AnyCPU\DistributedTask.Service\MS.TF.DistributedTask.Server.L0.Tests\MS.TF.DistributedTask.Server.L0.Tests.dll" adapterTypeName="Microsoft.VisualStudio.TestTools.TestTypes.Unit.UnitTestAdapter" className="MS.TF.DistributedTask.Server.L0.Tests.ResourceServiceTests" name="ResourceService_UpdateAgentPool_RequiresManagePermission" />
    </UnitTest>
    <UnitTest name="ResourceService_UpdateAgentRequest_RequiresManageOrListenPermissionWithListenOnly" storage="d:\v2.0\a1\_work\dbded102\bin\release.anycpu\distributedtask.service\ms.tf.distributedtask.server.l0.tests\ms.tf.distributedtask.server.l0.tests.dll" id="b8751071-9593-d509-dcec-a316ffe21ba4">
      <Owners>
        <Owner name="patcarna" />
      </Owners>
      <Execution id="c25721fa-4b51-428e-8171-3caef3a80e41" />
      <TestMethod codeBase="D:\v2.0\A1\_work\dbded102\bin\Release.AnyCPU\DistributedTask.Service\MS.TF.DistributedTask.Server.L0.Tests\MS.TF.DistributedTask.Server.L0.Tests.dll" adapterTypeName="Microsoft.VisualStudio.TestTools.TestTypes.Unit.UnitTestAdapter" className="MS.TF.DistributedTask.Server.L0.Tests.ResourceServiceTests" name="ResourceService_UpdateAgentRequest_RequiresManageOrListenPermissionWithListenOnly" />
    </UnitTest>
    <UnitTest name="ResourceService_UpdateAgentRequest_RequiresManageOrListenPermissionWithManageOnly" storage="d:\v2.0\a1\_work\dbded102\bin\release.anycpu\distributedtask.service\ms.tf.distributedtask.server.l0.tests\ms.tf.distributedtask.server.l0.tests.dll" id="49b242e1-f97f-59c2-84e7-00aa9b2c7a46">
      <Owners>
        <Owner name="patcarna" />
      </Owners>
      <Execution id="aab66e4a-49de-4c6c-bdcc-f0ecddb1ed17" />
      <TestMethod codeBase="D:\v2.0\A1\_work\dbded102\bin\Release.AnyCPU\DistributedTask.Service\MS.TF.DistributedTask.Server.L0.Tests\MS.TF.DistributedTask.Server.L0.Tests.dll" adapterTypeName="Microsoft.VisualStudio.TestTools.TestTypes.Unit.UnitTestAdapter" className="MS.TF.DistributedTask.Server.L0.Tests.ResourceServiceTests" name="ResourceService_UpdateAgentRequest_RequiresManageOrListenPermissionWithManageOnly" />
    </UnitTest>
    <UnitTest name="ResourceService_UpdateAgentRequest_RequiresViewPermission" storage="d:\v2.0\a1\_work\dbded102\bin\release.anycpu\distributedtask.service\ms.tf.distributedtask.server.l0.tests\ms.tf.distributedtask.server.l0.tests.dll" id="5dec1f25-8c6b-3d46-c77c-2664451660d6">
      <Owners>
        <Owner name="patacarna" />
      </Owners>
      <Execution id="caf4a4cd-939a-4493-ad79-e84b3096ca73" />
      <TestMethod codeBase="D:\v2.0\A1\_work\dbded102\bin\Release.AnyCPU\DistributedTask.Service\MS.TF.DistributedTask.Server.L0.Tests\MS.TF.DistributedTask.Server.L0.Tests.dll" adapterTypeName="Microsoft.VisualStudio.TestTools.TestTypes.Unit.UnitTestAdapter" className="MS.TF.DistributedTask.Server.L0.Tests.ResourceServiceTests" name="ResourceService_UpdateAgentRequest_RequiresViewPermission" />
    </UnitTest>
    <UnitTest name="ResourceService_AbandonExpiredAgentRequests_ReceivedRequest" storage="d:\v2.0\a1\_work\dbded102\bin\release.anycpu\distributedtask.service\ms.tf.distributedtask.server.l0.tests\ms.tf.distributedtask.server.l0.tests.dll" id="7d9ba6c4-3f47-aa8c-2bbc-8d4ae27e222a">
      <Owners>
        <Owner name="patcarna" />
      </Owners>
      <Execution id="0dd18581-d09d-4462-9aba-743e9b8896df" />
      <TestMethod codeBase="D:\v2.0\A1\_work\dbded102\bin\Release.AnyCPU\DistributedTask.Service\MS.TF.DistributedTask.Server.L0.Tests\MS.TF.DistributedTask.Server.L0.Tests.dll" adapterTypeName="Microsoft.VisualStudio.TestTools.TestTypes.Unit.UnitTestAdapter" className="MS.TF.DistributedTask.Server.L0.Tests.ResourceServiceTests" name="ResourceService_AbandonExpiredAgentRequests_ReceivedRequest" />
    </UnitTest>
    <UnitTest name="ResourceService_AbandonExpiredAgentRequests_NonReceivedRequestMessageQueueInSync" storage="d:\v2.0\a1\_work\dbded102\bin\release.anycpu\distributedtask.service\ms.tf.distributedtask.server.l0.tests\ms.tf.distributedtask.server.l0.tests.dll" id="78fd5ca9-3773-0d82-5f26-a0ced23da77d">
      <Owners>
        <Owner name="patcarna" />
      </Owners>
      <Execution id="48c6c7c8-760b-4449-9cf5-5bb36b30d08b" />
      <TestMethod codeBase="D:\v2.0\A1\_work\dbded102\bin\Release.AnyCPU\DistributedTask.Service\MS.TF.DistributedTask.Server.L0.Tests\MS.TF.DistributedTask.Server.L0.Tests.dll" adapterTypeName="Microsoft.VisualStudio.TestTools.TestTypes.Unit.UnitTestAdapter" className="MS.TF.DistributedTask.Server.L0.Tests.ResourceServiceTests" name="ResourceService_AbandonExpiredAgentRequests_NonReceivedRequestMessageQueueInSync" />
    </UnitTest>
    <UnitTest name="ResourceService_AbandonExpiredAgentRequests_NonReceivedRequestMessageQueueOutOfSync" storage="d:\v2.0\a1\_work\dbded102\bin\release.anycpu\distributedtask.service\ms.tf.distributedtask.server.l0.tests\ms.tf.distributedtask.server.l0.tests.dll" id="f1e91b61-d549-a31a-d657-e39e4f61edb3">
      <Owners>
        <Owner name="patcarna" />
      </Owners>
      <Execution id="bdd7a464-6d3b-481c-9ee6-62d7590f5e07" />
      <TestMethod codeBase="D:\v2.0\A1\_work\dbded102\bin\Release.AnyCPU\DistributedTask.Service\MS.TF.DistributedTask.Server.L0.Tests\MS.TF.DistributedTask.Server.L0.Tests.dll" adapterTypeName="Microsoft.VisualStudio.TestTools.TestTypes.Unit.UnitTestAdapter" className="MS.TF.DistributedTask.Server.L0.Tests.ResourceServiceTests" name="ResourceService_AbandonExpiredAgentRequests_NonReceivedRequestMessageQueueOutOfSync" />
    </UnitTest>
    <UnitTest name="ResourceService_AbandonExpiredAgentRequests_NextRequestAvailableOnNonHostedPool" storage="d:\v2.0\a1\_work\dbded102\bin\release.anycpu\distributedtask.service\ms.tf.distributedtask.server.l0.tests\ms.tf.distributedtask.server.l0.tests.dll" id="e71f20dd-6af2-fe92-e1d2-385e7c8846fc">
      <Owners>
        <Owner name="patcarna" />
      </Owners>
      <Execution id="1172b170-9aaa-41c0-8c53-665cfb347f73" />
      <TestMethod codeBase="D:\v2.0\A1\_work\dbded102\bin\Release.AnyCPU\DistributedTask.Service\MS.TF.DistributedTask.Server.L0.Tests\MS.TF.DistributedTask.Server.L0.Tests.dll" adapterTypeName="Microsoft.VisualStudio.TestTools.TestTypes.Unit.UnitTestAdapter" className="MS.TF.DistributedTask.Server.L0.Tests.ResourceServiceTests" name="ResourceService_AbandonExpiredAgentRequests_NextRequestAvailableOnNonHostedPool" />
    </UnitTest>
    <UnitTest name="ResourceService_AbandonExpiredAgentRequests_RequestLockRenewedBeforeAbandon" storage="d:\v2.0\a1\_work\dbded102\bin\release.anycpu\distributedtask.service\ms.tf.distributedtask.server.l0.tests\ms.tf.distributedtask.server.l0.tests.dll" id="03b0569e-3b5c-09d5-c93c-0aa1ff24c8be">
      <Owners>
        <Owner name="patcarna" />
      </Owners>
      <Execution id="22d85f9f-9d2f-416f-92fc-b390031cb7ca" />
      <TestMethod codeBase="D:\v2.0\A1\_work\dbded102\bin\Release.AnyCPU\DistributedTask.Service\MS.TF.DistributedTask.Server.L0.Tests\MS.TF.DistributedTask.Server.L0.Tests.dll" adapterTypeName="Microsoft.VisualStudio.TestTools.TestTypes.Unit.UnitTestAdapter" className="MS.TF.DistributedTask.Server.L0.Tests.ResourceServiceTests" name="ResourceService_AbandonExpiredAgentRequests_RequestLockRenewedBeforeAbandon" />
    </UnitTest>
    <UnitTest name="ResourceService_AddAgent_CreatesMessageQueue" storage="d:\v2.0\a1\_work\dbded102\bin\release.anycpu\distributedtask.service\ms.tf.distributedtask.server.l0.tests\ms.tf.distributedtask.server.l0.tests.dll" id="400b6d34-7167-0ebb-57f3-b33c82303ce4">
      <Owners>
        <Owner name="patcarna" />
      </Owners>
      <Execution id="f67fd452-c1c5-4245-b536-011b3cf6fec8" />
      <TestMethod codeBase="D:\v2.0\A1\_work\dbded102\bin\Release.AnyCPU\DistributedTask.Service\MS.TF.DistributedTask.Server.L0.Tests\MS.TF.DistributedTask.Server.L0.Tests.dll" adapterTypeName="Microsoft.VisualStudio.TestTools.TestTypes.Unit.UnitTestAdapter" className="MS.TF.DistributedTask.Server.L0.Tests.ResourceServiceTests" name="ResourceService_AddAgent_CreatesMessageQueue" />
    </UnitTest>
    <UnitTest name="ResourceService_AddAgent_DeliversHubNotification" storage="d:\v2.0\a1\_work\dbded102\bin\release.anycpu\distributedtask.service\ms.tf.distributedtask.server.l0.tests\ms.tf.distributedtask.server.l0.tests.dll" id="37c1bf0b-4758-c5f6-3034-088fdf9e7f3a">
      <Owners>
        <Owner name="patcarna" />
      </Owners>
      <Execution id="83a90cf1-4d5f-41ff-9927-b8ecd1cb638b" />
      <TestMethod codeBase="D:\v2.0\A1\_work\dbded102\bin\Release.AnyCPU\DistributedTask.Service\MS.TF.DistributedTask.Server.L0.Tests\MS.TF.DistributedTask.Server.L0.Tests.dll" adapterTypeName="Microsoft.VisualStudio.TestTools.TestTypes.Unit.UnitTestAdapter" className="MS.TF.DistributedTask.Server.L0.Tests.ResourceServiceTests" name="ResourceService_AddAgent_DeliversHubNotification" />
    </UnitTest>
    <UnitTest name="ResourceService_AddAgent_ProvisionsServiceIdentityIfNotExists" storage="d:\v2.0\a1\_work\dbded102\bin\release.anycpu\distributedtask.service\ms.tf.distributedtask.server.l0.tests\ms.tf.distributedtask.server.l0.tests.dll" id="44b4b810-dafd-bf77-368c-af4d1c7fed28">
      <Owners>
        <Owner name="patcarna" />
      </Owners>
      <Execution id="89ea7735-76ae-4b57-b867-0bfd4fe413a1" />
      <TestMethod codeBase="D:\v2.0\A1\_work\dbded102\bin\Release.AnyCPU\DistributedTask.Service\MS.TF.DistributedTask.Server.L0.Tests\MS.TF.DistributedTask.Server.L0.Tests.dll" adapterTypeName="Microsoft.VisualStudio.TestTools.TestTypes.Unit.UnitTestAdapter" className="MS.TF.DistributedTask.Server.L0.Tests.ResourceServiceTests" name="ResourceService_AddAgent_ProvisionsServiceIdentityIfNotExists" />
    </UnitTest>
    <UnitTest name="ResourceService_AddAgent_ProvisionsServiceIdentityGroupMembershipIfExists" storage="d:\v2.0\a1\_work\dbded102\bin\release.anycpu\distributedtask.service\ms.tf.distributedtask.server.l0.tests\ms.tf.distributedtask.server.l0.tests.dll" id="c4fa82c9-9d6f-bf6f-6d2f-e1a48cbdf3a6">
      <Owners>
        <Owner name="patcarna" />
      </Owners>
      <Execution id="fc7b6f19-f804-44ec-b7d0-e0021468b6d2" />
      <TestMethod codeBase="D:\v2.0\A1\_work\dbded102\bin\Release.AnyCPU\DistributedTask.Service\MS.TF.DistributedTask.Server.L0.Tests\MS.TF.DistributedTask.Server.L0.Tests.dll" adapterTypeName="Microsoft.VisualStudio.TestTools.TestTypes.Unit.UnitTestAdapter" className="MS.TF.DistributedTask.Server.L0.Tests.ResourceServiceTests" name="ResourceService_AddAgent_ProvisionsServiceIdentityGroupMembershipIfExists" />
    </UnitTest>
    <UnitTest name="ResourceService_AddAgent_RecreatesMessageQueueIfExists" storage="d:\v2.0\a1\_work\dbded102\bin\release.anycpu\distributedtask.service\ms.tf.distributedtask.server.l0.tests\ms.tf.distributedtask.server.l0.tests.dll" id="2bb66152-34c9-ccab-b983-ccac18cc8c3d">
      <Owners>
        <Owner name="patcarna" />
      </Owners>
      <Execution id="47be1294-faa0-4bf6-acb1-3893d585f0c9" />
      <TestMethod codeBase="D:\v2.0\A1\_work\dbded102\bin\Release.AnyCPU\DistributedTask.Service\MS.TF.DistributedTask.Server.L0.Tests\MS.TF.DistributedTask.Server.L0.Tests.dll" adapterTypeName="Microsoft.VisualStudio.TestTools.TestTypes.Unit.UnitTestAdapter" className="MS.TF.DistributedTask.Server.L0.Tests.ResourceServiceTests" name="ResourceService_AddAgent_RecreatesMessageQueueIfExists" />
    </UnitTest>
    <UnitTest name="ResourceService_AddAgent_RequiresManagePermission" storage="d:\v2.0\a1\_work\dbded102\bin\release.anycpu\distributedtask.service\ms.tf.distributedtask.server.l0.tests\ms.tf.distributedtask.server.l0.tests.dll" id="a23573d0-55e0-035c-7251-b8bb85dabaf8">
      <Owners>
        <Owner name="patcarna" />
      </Owners>
      <Execution id="d6110356-e30f-446d-9648-56884733df22" />
      <TestMethod codeBase="D:\v2.0\A1\_work\dbded102\bin\Release.AnyCPU\DistributedTask.Service\MS.TF.DistributedTask.Server.L0.Tests\MS.TF.DistributedTask.Server.L0.Tests.dll" adapterTypeName="Microsoft.VisualStudio.TestTools.TestTypes.Unit.UnitTestAdapter" className="MS.TF.DistributedTask.Server.L0.Tests.ResourceServiceTests" name="ResourceService_AddAgent_RequiresManagePermission" />
    </UnitTest>
    <UnitTest name="ResourceService_AddAgent_RequiredViewPermission" storage="d:\v2.0\a1\_work\dbded102\bin\release.anycpu\distributedtask.service\ms.tf.distributedtask.server.l0.tests\ms.tf.distributedtask.server.l0.tests.dll" id="812e8019-2c27-def6-6faa-a8d6ffe0f0af">
      <Owners>
        <Owner name="patcarna" />
      </Owners>
      <Execution id="b6adc4c6-f950-4d62-a1b5-9667a1c72437" />
      <TestMethod codeBase="D:\v2.0\A1\_work\dbded102\bin\Release.AnyCPU\DistributedTask.Service\MS.TF.DistributedTask.Server.L0.Tests\MS.TF.DistributedTask.Server.L0.Tests.dll" adapterTypeName="Microsoft.VisualStudio.TestTools.TestTypes.Unit.UnitTestAdapter" className="MS.TF.DistributedTask.Server.L0.Tests.ResourceServiceTests" name="ResourceService_AddAgent_RequiredViewPermission" />
    </UnitTest>
    <UnitTest name="ResourceService_AddAgent_SetsExtendedProperties" storage="d:\v2.0\a1\_work\dbded102\bin\release.anycpu\distributedtask.service\ms.tf.distributedtask.server.l0.tests\ms.tf.distributedtask.server.l0.tests.dll" id="58638a48-a7cf-b2a4-cf85-17f199404b8d">
      <Owners>
        <Owner name="patcarna" />
      </Owners>
      <Execution id="7ce60d8e-d6c2-4740-b9d6-9628d9032113" />
      <TestMethod codeBase="D:\v2.0\A1\_work\dbded102\bin\Release.AnyCPU\DistributedTask.Service\MS.TF.DistributedTask.Server.L0.Tests\MS.TF.DistributedTask.Server.L0.Tests.dll" adapterTypeName="Microsoft.VisualStudio.TestTools.TestTypes.Unit.UnitTestAdapter" className="MS.TF.DistributedTask.Server.L0.Tests.ResourceServiceTests" name="ResourceService_AddAgent_SetsExtendedProperties" />
    </UnitTest>
    <UnitTest name="ResourceService_AddAgentPool_RequiresManagePermission" storage="d:\v2.0\a1\_work\dbded102\bin\release.anycpu\distributedtask.service\ms.tf.distributedtask.server.l0.tests\ms.tf.distributedtask.server.l0.tests.dll" id="4be623bd-90a4-90d5-056d-9bfbd0da15cc">
      <Owners>
        <Owner name="patcarna" />
      </Owners>
      <Execution id="2ab406ee-3116-4837-ac1f-b22f38f91554" />
      <TestMethod codeBase="D:\v2.0\A1\_work\dbded102\bin\Release.AnyCPU\DistributedTask.Service\MS.TF.DistributedTask.Server.L0.Tests\MS.TF.DistributedTask.Server.L0.Tests.dll" adapterTypeName="Microsoft.VisualStudio.TestTools.TestTypes.Unit.UnitTestAdapter" className="MS.TF.DistributedTask.Server.L0.Tests.ResourceServiceTests" name="ResourceService_AddAgentPool_RequiresManagePermission" />
    </UnitTest>
    <UnitTest name="ResourceService_AddAgentPool_CanAddHostedPoolAsSystemContext" storage="d:\v2.0\a1\_work\dbded102\bin\release.anycpu\distributedtask.service\ms.tf.distributedtask.server.l0.tests\ms.tf.distributedtask.server.l0.tests.dll" id="02c151d4-f659-d697-7bee-588b864a7062">
      <Owners>
        <Owner name="patcarna" />
      </Owners>
      <Execution id="5d88cf2f-117d-4976-a7c4-7100bc15ffa0" />
      <TestMethod codeBase="D:\v2.0\A1\_work\dbded102\bin\Release.AnyCPU\DistributedTask.Service\MS.TF.DistributedTask.Server.L0.Tests\MS.TF.DistributedTask.Server.L0.Tests.dll" adapterTypeName="Microsoft.VisualStudio.TestTools.TestTypes.Unit.UnitTestAdapter" className="MS.TF.DistributedTask.Server.L0.Tests.ResourceServiceTests" name="ResourceService_AddAgentPool_CanAddHostedPoolAsSystemContext" />
    </UnitTest>
    <UnitTest name="ResourceService_AddAgentPool_DeliversMessageBusNotification" storage="d:\v2.0\a1\_work\dbded102\bin\release.anycpu\distributedtask.service\ms.tf.distributedtask.server.l0.tests\ms.tf.distributedtask.server.l0.tests.dll" id="3e549b43-3437-9256-1373-df1b3e397eb5">
      <Owners>
        <Owner name="patcarna" />
      </Owners>
      <Execution id="ae1f950e-5b77-4662-9c89-652d0b903482" />
      <TestMethod codeBase="D:\v2.0\A1\_work\dbded102\bin\Release.AnyCPU\DistributedTask.Service\MS.TF.DistributedTask.Server.L0.Tests\MS.TF.DistributedTask.Server.L0.Tests.dll" adapterTypeName="Microsoft.VisualStudio.TestTools.TestTypes.Unit.UnitTestAdapter" className="MS.TF.DistributedTask.Server.L0.Tests.ResourceServiceTests" name="ResourceService_AddAgentPool_DeliversMessageBusNotification" />
    </UnitTest>
    <UnitTest name="ResourceService_AddAgentPool_ProvisionsGroupScopeAndSupportingGroups" storage="d:\v2.0\a1\_work\dbded102\bin\release.anycpu\distributedtask.service\ms.tf.distributedtask.server.l0.tests\ms.tf.distributedtask.server.l0.tests.dll" id="0dc5b34f-6497-6ede-d13a-c4e767268538">
      <Owners>
        <Owner name="patcarna" />
      </Owners>
      <Execution id="4bebcfaf-dd36-4ce1-93d6-9cd864aaa591" />
      <TestMethod codeBase="D:\v2.0\A1\_work\dbded102\bin\Release.AnyCPU\DistributedTask.Service\MS.TF.DistributedTask.Server.L0.Tests\MS.TF.DistributedTask.Server.L0.Tests.dll" adapterTypeName="Microsoft.VisualStudio.TestTools.TestTypes.Unit.UnitTestAdapter" className="MS.TF.DistributedTask.Server.L0.Tests.ResourceServiceTests" name="ResourceService_AddAgentPool_ProvisionsGroupScopeAndSupportingGroups" />
    </UnitTest>
    <UnitTest name="ResourceService_AddAgentPool_CannotAddHostedPoolAsUserContext" storage="d:\v2.0\a1\_work\dbded102\bin\release.anycpu\distributedtask.service\ms.tf.distributedtask.server.l0.tests\ms.tf.distributedtask.server.l0.tests.dll" id="831aa6a3-32e6-4ca3-b4f2-59b8d253957f">
      <Owners>
        <Owner name="patcarna" />
      </Owners>
      <Execution id="e0b15989-b108-4f7d-9877-9e21cd00df5e" />
      <TestMethod codeBase="D:\v2.0\A1\_work\dbded102\bin\Release.AnyCPU\DistributedTask.Service\MS.TF.DistributedTask.Server.L0.Tests\MS.TF.DistributedTask.Server.L0.Tests.dll" adapterTypeName="Microsoft.VisualStudio.TestTools.TestTypes.Unit.UnitTestAdapter" className="MS.TF.DistributedTask.Server.L0.Tests.ResourceServiceTests" name="ResourceService_AddAgentPool_CannotAddHostedPoolAsUserContext" />
    </UnitTest>
    <UnitTest name="ResourceService_AddAgentPool_SetsExtendedProperties" storage="d:\v2.0\a1\_work\dbded102\bin\release.anycpu\distributedtask.service\ms.tf.distributedtask.server.l0.tests\ms.tf.distributedtask.server.l0.tests.dll" id="b72d21c7-4fe0-4e26-0e16-e7e074b8d9bf">
      <Owners>
        <Owner name="patcarna" />
      </Owners>
      <Execution id="28500d35-460f-40c8-b732-1e5d83daeaa8" />
      <TestMethod codeBase="D:\v2.0\A1\_work\dbded102\bin\Release.AnyCPU\DistributedTask.Service\MS.TF.DistributedTask.Server.L0.Tests\MS.TF.DistributedTask.Server.L0.Tests.dll" adapterTypeName="Microsoft.VisualStudio.TestTools.TestTypes.Unit.UnitTestAdapter" className="MS.TF.DistributedTask.Server.L0.Tests.ResourceServiceTests" name="ResourceService_AddAgentPool_SetsExtendedProperties" />
    </UnitTest>
    <UnitTest name="ResourceService_AddAgentQueue_AddsQueueToCache" storage="d:\v2.0\a1\_work\dbded102\bin\release.anycpu\distributedtask.service\ms.tf.distributedtask.server.l0.tests\ms.tf.distributedtask.server.l0.tests.dll" id="0f4ff9f9-1c3b-3cf7-0551-230f41addaa0">
      <Owners>
        <Owner name="patcarna" />
      </Owners>
      <Execution id="53ac7f32-e49e-4122-a1bc-a42478cac539" />
      <TestMethod codeBase="D:\v2.0\A1\_work\dbded102\bin\Release.AnyCPU\DistributedTask.Service\MS.TF.DistributedTask.Server.L0.Tests\MS.TF.DistributedTask.Server.L0.Tests.dll" adapterTypeName="Microsoft.VisualStudio.TestTools.TestTypes.Unit.UnitTestAdapter" className="MS.TF.DistributedTask.Server.L0.Tests.ResourceServiceTests" name="ResourceService_AddAgentQueue_AddsQueueToCache" />
    </UnitTest>
    <UnitTest name="ResourceService_AddAgentQueue_DeliversMessageBusNotification" storage="d:\v2.0\a1\_work\dbded102\bin\release.anycpu\distributedtask.service\ms.tf.distributedtask.server.l0.tests\ms.tf.distributedtask.server.l0.tests.dll" id="93d4837b-1b58-6047-2474-f70cd6f490ba">
      <Owners>
        <Owner name="patcarna" />
      </Owners>
      <Execution id="9b5b09c5-1046-47f4-931b-02cc48e97872" />
      <TestMethod codeBase="D:\v2.0\A1\_work\dbded102\bin\Release.AnyCPU\DistributedTask.Service\MS.TF.DistributedTask.Server.L0.Tests\MS.TF.DistributedTask.Server.L0.Tests.dll" adapterTypeName="Microsoft.VisualStudio.TestTools.TestTypes.Unit.UnitTestAdapter" className="MS.TF.DistributedTask.Server.L0.Tests.ResourceServiceTests" name="ResourceService_AddAgentQueue_DeliversMessageBusNotification" />
    </UnitTest>
    <UnitTest name="ResourceService_AddAgentQueue_ExistingPoolRequiresManagePermission" storage="d:\v2.0\a1\_work\dbded102\bin\release.anycpu\distributedtask.service\ms.tf.distributedtask.server.l0.tests\ms.tf.distributedtask.server.l0.tests.dll" id="2857440b-c507-b1be-c21b-8597c4f79066">
      <Owners>
        <Owner name="patcarna" />
      </Owners>
      <Execution id="133c0eea-5c34-4997-9098-5c673c7d478f" />
      <TestMethod codeBase="D:\v2.0\A1\_work\dbded102\bin\Release.AnyCPU\DistributedTask.Service\MS.TF.DistributedTask.Server.L0.Tests\MS.TF.DistributedTask.Server.L0.Tests.dll" adapterTypeName="Microsoft.VisualStudio.TestTools.TestTypes.Unit.UnitTestAdapter" className="MS.TF.DistributedTask.Server.L0.Tests.ResourceServiceTests" name="ResourceService_AddAgentQueue_ExistingPoolRequiresManagePermission" />
    </UnitTest>
    <UnitTest name="ResourceService_AddAgentQueue_ExistingPoolRequiresViewPermission" storage="d:\v2.0\a1\_work\dbded102\bin\release.anycpu\distributedtask.service\ms.tf.distributedtask.server.l0.tests\ms.tf.distributedtask.server.l0.tests.dll" id="9b9a19a7-3746-7dd7-68fe-09823be2e9f9">
      <Owners>
        <Owner name="patcarna" />
      </Owners>
      <Execution id="87e5865e-9244-4665-880b-88244727047e" />
      <TestMethod codeBase="D:\v2.0\A1\_work\dbded102\bin\Release.AnyCPU\DistributedTask.Service\MS.TF.DistributedTask.Server.L0.Tests\MS.TF.DistributedTask.Server.L0.Tests.dll" adapterTypeName="Microsoft.VisualStudio.TestTools.TestTypes.Unit.UnitTestAdapter" className="MS.TF.DistributedTask.Server.L0.Tests.ResourceServiceTests" name="ResourceService_AddAgentQueue_ExistingPoolRequiresViewPermission" />
    </UnitTest>
    <UnitTest name="ResourceService_AddAgentQueue_NullPoolCreatesNewPoolWithQueueName" storage="d:\v2.0\a1\_work\dbded102\bin\release.anycpu\distributedtask.service\ms.tf.distributedtask.server.l0.tests\ms.tf.distributedtask.server.l0.tests.dll" id="ec67c24f-e8ec-6260-96bd-e157bcb665fc">
      <Owners>
        <Owner name="patcarna" />
      </Owners>
      <Execution id="044ad12d-a956-4f89-a621-0aa99842ed1c" />
      <TestMethod codeBase="D:\v2.0\A1\_work\dbded102\bin\Release.AnyCPU\DistributedTask.Service\MS.TF.DistributedTask.Server.L0.Tests\MS.TF.DistributedTask.Server.L0.Tests.dll" adapterTypeName="Microsoft.VisualStudio.TestTools.TestTypes.Unit.UnitTestAdapter" className="MS.TF.DistributedTask.Server.L0.Tests.ResourceServiceTests" name="ResourceService_AddAgentQueue_NullPoolCreatesNewPoolWithQueueName" />
    </UnitTest>
    <UnitTest name="ResourceService_AddAgentQueue_NullPoolRequiresManagePermissionIfPoolExistsWithQueueName" storage="d:\v2.0\a1\_work\dbded102\bin\release.anycpu\distributedtask.service\ms.tf.distributedtask.server.l0.tests\ms.tf.distributedtask.server.l0.tests.dll" id="fc88e608-e886-b9a1-6cd7-545dc0a2562b">
      <Owners>
        <Owner name="patcarna" />
      </Owners>
      <Execution id="dc4143a7-65c9-45ed-90a3-5409d6ce9706" />
      <TestMethod codeBase="D:\v2.0\A1\_work\dbded102\bin\Release.AnyCPU\DistributedTask.Service\MS.TF.DistributedTask.Server.L0.Tests\MS.TF.DistributedTask.Server.L0.Tests.dll" adapterTypeName="Microsoft.VisualStudio.TestTools.TestTypes.Unit.UnitTestAdapter" className="MS.TF.DistributedTask.Server.L0.Tests.ResourceServiceTests" name="ResourceService_AddAgentQueue_NullPoolRequiresManagePermissionIfPoolExistsWithQueueName" />
    </UnitTest>
    <UnitTest name="ResourceService_AddAgentQueue_ProvisionsGroupScopeAndSupportingGroups" storage="d:\v2.0\a1\_work\dbded102\bin\release.anycpu\distributedtask.service\ms.tf.distributedtask.server.l0.tests\ms.tf.distributedtask.server.l0.tests.dll" id="4e271d78-a71b-5870-d9c1-bc707674c3fe">
      <Owners>
        <Owner name="patcarna" />
      </Owners>
      <Execution id="d0f0e988-94de-4c2f-ba3b-6285d22a7534" />
      <TestMethod codeBase="D:\v2.0\A1\_work\dbded102\bin\Release.AnyCPU\DistributedTask.Service\MS.TF.DistributedTask.Server.L0.Tests\MS.TF.DistributedTask.Server.L0.Tests.dll" adapterTypeName="Microsoft.VisualStudio.TestTools.TestTypes.Unit.UnitTestAdapter" className="MS.TF.DistributedTask.Server.L0.Tests.ResourceServiceTests" name="ResourceService_AddAgentQueue_ProvisionsGroupScopeAndSupportingGroups" />
    </UnitTest>
    <UnitTest name="ResourceService_AddAgentQueue_RequiresCreatePermission" storage="d:\v2.0\a1\_work\dbded102\bin\release.anycpu\distributedtask.service\ms.tf.distributedtask.server.l0.tests\ms.tf.distributedtask.server.l0.tests.dll" id="d1a2b630-7e2e-6eab-1971-39363528e023">
      <Owners>
        <Owner name="patcarna" />
      </Owners>
      <Execution id="aa454fff-a94c-4023-95f1-e8312d5366ab" />
      <TestMethod codeBase="D:\v2.0\A1\_work\dbded102\bin\Release.AnyCPU\DistributedTask.Service\MS.TF.DistributedTask.Server.L0.Tests\MS.TF.DistributedTask.Server.L0.Tests.dll" adapterTypeName="Microsoft.VisualStudio.TestTools.TestTypes.Unit.UnitTestAdapter" className="MS.TF.DistributedTask.Server.L0.Tests.ResourceServiceTests" name="ResourceService_AddAgentQueue_RequiresCreatePermission" />
    </UnitTest>
    <UnitTest name="ResourceService_CreateSession_AddsSessionToCache" storage="d:\v2.0\a1\_work\dbded102\bin\release.anycpu\distributedtask.service\ms.tf.distributedtask.server.l0.tests\ms.tf.distributedtask.server.l0.tests.dll" id="3601147a-e508-0081-d085-15e848c9d1c5">
      <Owners>
        <Owner name="patcarna" />
      </Owners>
      <Execution id="70eeb577-b267-4206-8791-a7cdaea8b325" />
      <TestMethod codeBase="D:\v2.0\A1\_work\dbded102\bin\Release.AnyCPU\DistributedTask.Service\MS.TF.DistributedTask.Server.L0.Tests\MS.TF.DistributedTask.Server.L0.Tests.dll" adapterTypeName="Microsoft.VisualStudio.TestTools.TestTypes.Unit.UnitTestAdapter" className="MS.TF.DistributedTask.Server.L0.Tests.ResourceServiceTests" name="ResourceService_CreateSession_AddsSessionToCache" />
    </UnitTest>
    <UnitTest name="ResourceService_CreateSession_CreatesCapabilityUpdateJobOnDemandWhenCapabilitiesChange" storage="d:\v2.0\a1\_work\dbded102\bin\release.anycpu\distributedtask.service\ms.tf.distributedtask.server.l0.tests\ms.tf.distributedtask.server.l0.tests.dll" id="3e38ae04-01ef-e1c9-3661-3ff3535c9b98">
      <Owners>
        <Owner name="patcarna" />
      </Owners>
      <Execution id="d2cdca9c-3ec9-4a35-bea5-b52ad4922b2d" />
      <TestMethod codeBase="D:\v2.0\A1\_work\dbded102\bin\Release.AnyCPU\DistributedTask.Service\MS.TF.DistributedTask.Server.L0.Tests\MS.TF.DistributedTask.Server.L0.Tests.dll" adapterTypeName="Microsoft.VisualStudio.TestTools.TestTypes.Unit.UnitTestAdapter" className="MS.TF.DistributedTask.Server.L0.Tests.ResourceServiceTests" name="ResourceService_CreateSession_CreatesCapabilityUpdateJobOnDemandWhenCapabilitiesChange" />
    </UnitTest>
    <UnitTest name="ResourceService_CreateSession_QueuesCapabilityUpdateJobWhenCapabilitiesChange" storage="d:\v2.0\a1\_work\dbded102\bin\release.anycpu\distributedtask.service\ms.tf.distributedtask.server.l0.tests\ms.tf.distributedtask.server.l0.tests.dll" id="6e2f0acc-3f93-0e01-ae28-b465de182ae4">
      <Owners>
        <Owner name="patcarna" />
      </Owners>
      <Execution id="7e45ce39-e764-4bf4-99f6-fa8576441392" />
      <TestMethod codeBase="D:\v2.0\A1\_work\dbded102\bin\Release.AnyCPU\DistributedTask.Service\MS.TF.DistributedTask.Server.L0.Tests\MS.TF.DistributedTask.Server.L0.Tests.dll" adapterTypeName="Microsoft.VisualStudio.TestTools.TestTypes.Unit.UnitTestAdapter" className="MS.TF.DistributedTask.Server.L0.Tests.ResourceServiceTests" name="ResourceService_CreateSession_QueuesCapabilityUpdateJobWhenCapabilitiesChange" />
    </UnitTest>
    <UnitTest name="ResourceService_CreateSession_RemovesDeletedSessionFromCache" storage="d:\v2.0\a1\_work\dbded102\bin\release.anycpu\distributedtask.service\ms.tf.distributedtask.server.l0.tests\ms.tf.distributedtask.server.l0.tests.dll" id="15afbf1a-28d8-ff91-3100-b527fe337648">
      <Owners>
        <Owner name="patcarna" />
      </Owners>
      <Execution id="fc332cf6-0415-4d0d-af80-de623d65aaa9" />
      <TestMethod codeBase="D:\v2.0\A1\_work\dbded102\bin\Release.AnyCPU\DistributedTask.Service\MS.TF.DistributedTask.Server.L0.Tests\MS.TF.DistributedTask.Server.L0.Tests.dll" adapterTypeName="Microsoft.VisualStudio.TestTools.TestTypes.Unit.UnitTestAdapter" className="MS.TF.DistributedTask.Server.L0.Tests.ResourceServiceTests" name="ResourceService_CreateSession_RemovesDeletedSessionFromCache" />
    </UnitTest>
    <UnitTest name="ResourceService_CreateSession_RequiresListenPermission" storage="d:\v2.0\a1\_work\dbded102\bin\release.anycpu\distributedtask.service\ms.tf.distributedtask.server.l0.tests\ms.tf.distributedtask.server.l0.tests.dll" id="0760df57-7028-35f4-0298-1faca9b80bb6">
      <Owners>
        <Owner name="patcarna" />
      </Owners>
      <Execution id="e76c5804-8a93-43c0-9a09-7080467a6135" />
      <TestMethod codeBase="D:\v2.0\A1\_work\dbded102\bin\Release.AnyCPU\DistributedTask.Service\MS.TF.DistributedTask.Server.L0.Tests\MS.TF.DistributedTask.Server.L0.Tests.dll" adapterTypeName="Microsoft.VisualStudio.TestTools.TestTypes.Unit.UnitTestAdapter" className="MS.TF.DistributedTask.Server.L0.Tests.ResourceServiceTests" name="ResourceService_CreateSession_RequiresListenPermission" />
    </UnitTest>
    <UnitTest name="ResourceService_CreateSession_RequiresViewPermission" storage="d:\v2.0\a1\_work\dbded102\bin\release.anycpu\distributedtask.service\ms.tf.distributedtask.server.l0.tests\ms.tf.distributedtask.server.l0.tests.dll" id="03d9f849-397b-9d67-5ed2-568e6723c520">
      <Owners>
        <Owner name="patcarna" />
      </Owners>
      <Execution id="5bffe4a6-f42c-4acb-883c-7824845e90dc" />
      <TestMethod codeBase="D:\v2.0\A1\_work\dbded102\bin\Release.AnyCPU\DistributedTask.Service\MS.TF.DistributedTask.Server.L0.Tests\MS.TF.DistributedTask.Server.L0.Tests.dll" adapterTypeName="Microsoft.VisualStudio.TestTools.TestTypes.Unit.UnitTestAdapter" className="MS.TF.DistributedTask.Server.L0.Tests.ResourceServiceTests" name="ResourceService_CreateSession_RequiresViewPermission" />
    </UnitTest>
    <UnitTest name="ResourceService_DeleteAgent_CannotDeleteHostedAgentAsUserContext" storage="d:\v2.0\a1\_work\dbded102\bin\release.anycpu\distributedtask.service\ms.tf.distributedtask.server.l0.tests\ms.tf.distributedtask.server.l0.tests.dll" id="df744781-81bc-a982-72d8-eae579add27d">
      <Owners>
        <Owner name="patcarna" />
      </Owners>
      <Execution id="896990a8-c1da-4070-b298-ef683496732e" />
      <TestMethod codeBase="D:\v2.0\A1\_work\dbded102\bin\Release.AnyCPU\DistributedTask.Service\MS.TF.DistributedTask.Server.L0.Tests\MS.TF.DistributedTask.Server.L0.Tests.dll" adapterTypeName="Microsoft.VisualStudio.TestTools.TestTypes.Unit.UnitTestAdapter" className="MS.TF.DistributedTask.Server.L0.Tests.ResourceServiceTests" name="ResourceService_DeleteAgent_CannotDeleteHostedAgentAsUserContext" />
    </UnitTest>
    <UnitTest name="ResourceService_DeleteAgent_DeletesMessageQueue" storage="d:\v2.0\a1\_work\dbded102\bin\release.anycpu\distributedtask.service\ms.tf.distributedtask.server.l0.tests\ms.tf.distributedtask.server.l0.tests.dll" id="724ad00b-757a-9eb3-b439-d03aab37ec77">
      <Owners>
        <Owner name="patcarna" />
      </Owners>
      <Execution id="1f24d1d5-3f65-4698-80ae-21663f706907" />
      <TestMethod codeBase="D:\v2.0\A1\_work\dbded102\bin\Release.AnyCPU\DistributedTask.Service\MS.TF.DistributedTask.Server.L0.Tests\MS.TF.DistributedTask.Server.L0.Tests.dll" adapterTypeName="Microsoft.VisualStudio.TestTools.TestTypes.Unit.UnitTestAdapter" className="MS.TF.DistributedTask.Server.L0.Tests.ResourceServiceTests" name="ResourceService_DeleteAgent_DeletesMessageQueue" />
    </UnitTest>
    <UnitTest name="ResourceService_DeleteAgent_DeliversHubNotification" storage="d:\v2.0\a1\_work\dbded102\bin\release.anycpu\distributedtask.service\ms.tf.distributedtask.server.l0.tests\ms.tf.distributedtask.server.l0.tests.dll" id="c6cae33a-c232-e972-c1e8-aad3743cc9d7">
      <Owners>
        <Owner name="patcarna" />
      </Owners>
      <Execution id="d1cbe03c-d91c-4cc2-a86c-cc68ab2b1cba" />
      <TestMethod codeBase="D:\v2.0\A1\_work\dbded102\bin\Release.AnyCPU\DistributedTask.Service\MS.TF.DistributedTask.Server.L0.Tests\MS.TF.DistributedTask.Server.L0.Tests.dll" adapterTypeName="Microsoft.VisualStudio.TestTools.TestTypes.Unit.UnitTestAdapter" className="MS.TF.DistributedTask.Server.L0.Tests.ResourceServiceTests" name="ResourceService_DeleteAgent_DeliversHubNotification" />
    </UnitTest>
    <UnitTest name="ResourceService_DeleteAgent_RemovesSessionFromCache" storage="d:\v2.0\a1\_work\dbded102\bin\release.anycpu\distributedtask.service\ms.tf.distributedtask.server.l0.tests\ms.tf.distributedtask.server.l0.tests.dll" id="cdebc9f2-4de3-96b4-f34a-cc87e0f5bdb9">
      <Owners>
        <Owner name="patcarna" />
      </Owners>
      <Execution id="8cc52d01-a9b1-40a6-9276-53c34909dcec" />
      <TestMethod codeBase="D:\v2.0\A1\_work\dbded102\bin\Release.AnyCPU\DistributedTask.Service\MS.TF.DistributedTask.Server.L0.Tests\MS.TF.DistributedTask.Server.L0.Tests.dll" adapterTypeName="Microsoft.VisualStudio.TestTools.TestTypes.Unit.UnitTestAdapter" className="MS.TF.DistributedTask.Server.L0.Tests.ResourceServiceTests" name="ResourceService_DeleteAgent_RemovesSessionFromCache" />
    </UnitTest>
    <UnitTest name="ResourceService_DeleteAgent_RequiresManagePermission" storage="d:\v2.0\a1\_work\dbded102\bin\release.anycpu\distributedtask.service\ms.tf.distributedtask.server.l0.tests\ms.tf.distributedtask.server.l0.tests.dll" id="f7f177ea-9cef-4f8a-9376-2f7d227a7da7">
      <Owners>
        <Owner name="patcarna" />
      </Owners>
      <Execution id="9006de32-caab-4752-a03d-aea00e86e468" />
      <TestMethod codeBase="D:\v2.0\A1\_work\dbded102\bin\Release.AnyCPU\DistributedTask.Service\MS.TF.DistributedTask.Server.L0.Tests\MS.TF.DistributedTask.Server.L0.Tests.dll" adapterTypeName="Microsoft.VisualStudio.TestTools.TestTypes.Unit.UnitTestAdapter" className="MS.TF.DistributedTask.Server.L0.Tests.ResourceServiceTests" name="ResourceService_DeleteAgent_RequiresManagePermission" />
    </UnitTest>
    <UnitTest name="ResourceService_DeleteAgent_RequiresViewPermission" storage="d:\v2.0\a1\_work\dbded102\bin\release.anycpu\distributedtask.service\ms.tf.distributedtask.server.l0.tests\ms.tf.distributedtask.server.l0.tests.dll" id="3f8f1417-c2d2-86eb-9d4a-e32e4906fc45">
      <Owners>
        <Owner name="patcarna" />
      </Owners>
      <Execution id="c6d5758e-f67d-432c-ad2d-7974378b2d78" />
      <TestMethod codeBase="D:\v2.0\A1\_work\dbded102\bin\Release.AnyCPU\DistributedTask.Service\MS.TF.DistributedTask.Server.L0.Tests\MS.TF.DistributedTask.Server.L0.Tests.dll" adapterTypeName="Microsoft.VisualStudio.TestTools.TestTypes.Unit.UnitTestAdapter" className="MS.TF.DistributedTask.Server.L0.Tests.ResourceServiceTests" name="ResourceService_DeleteAgent_RequiresViewPermission" />
    </UnitTest>
    <UnitTest name="ResourceService_DeleteAgentPool_RequiresViewPermission" storage="d:\v2.0\a1\_work\dbded102\bin\release.anycpu\distributedtask.service\ms.tf.distributedtask.server.l0.tests\ms.tf.distributedtask.server.l0.tests.dll" id="09d3a7ea-2049-bc39-e09c-1ce515a037a5">
      <Owners>
        <Owner name="patcarna" />
      </Owners>
      <Execution id="971142f9-e4ae-4bc2-8007-6d421cfe2969" />
      <TestMethod codeBase="D:\v2.0\A1\_work\dbded102\bin\Release.AnyCPU\DistributedTask.Service\MS.TF.DistributedTask.Server.L0.Tests\MS.TF.DistributedTask.Server.L0.Tests.dll" adapterTypeName="Microsoft.VisualStudio.TestTools.TestTypes.Unit.UnitTestAdapter" className="MS.TF.DistributedTask.Server.L0.Tests.ResourceServiceTests" name="ResourceService_DeleteAgentPool_RequiresViewPermission" />
    </UnitTest>
    <UnitTest name="ResourceService_DeleteAgentPool_RequiresManagePermission" storage="d:\v2.0\a1\_work\dbded102\bin\release.anycpu\distributedtask.service\ms.tf.distributedtask.server.l0.tests\ms.tf.distributedtask.server.l0.tests.dll" id="f07324fc-8c25-00eb-ab03-cf2f4d808b1e">
      <Owners>
        <Owner name="patcarna" />
      </Owners>
      <Execution id="507d89e1-4da4-419b-a8bc-8eebc30ecbe3" />
      <TestMethod codeBase="D:\v2.0\A1\_work\dbded102\bin\Release.AnyCPU\DistributedTask.Service\MS.TF.DistributedTask.Server.L0.Tests\MS.TF.DistributedTask.Server.L0.Tests.dll" adapterTypeName="Microsoft.VisualStudio.TestTools.TestTypes.Unit.UnitTestAdapter" className="MS.TF.DistributedTask.Server.L0.Tests.ResourceServiceTests" name="ResourceService_DeleteAgentPool_RequiresManagePermission" />
    </UnitTest>
    <UnitTest name="ResourceService_DeleteAgentPool_CanDeleteHostedPoolAsSystemContext" storage="d:\v2.0\a1\_work\dbded102\bin\release.anycpu\distributedtask.service\ms.tf.distributedtask.server.l0.tests\ms.tf.distributedtask.server.l0.tests.dll" id="9049ff81-fea2-0955-9e3a-ff345ea2e82a">
      <Owners>
        <Owner name="patcarna" />
      </Owners>
      <Execution id="64b01e7f-dea5-43c4-9bec-384d9f372409" />
      <TestMethod codeBase="D:\v2.0\A1\_work\dbded102\bin\Release.AnyCPU\DistributedTask.Service\MS.TF.DistributedTask.Server.L0.Tests\MS.TF.DistributedTask.Server.L0.Tests.dll" adapterTypeName="Microsoft.VisualStudio.TestTools.TestTypes.Unit.UnitTestAdapter" className="MS.TF.DistributedTask.Server.L0.Tests.ResourceServiceTests" name="ResourceService_DeleteAgentPool_CanDeleteHostedPoolAsSystemContext" />
    </UnitTest>
    <UnitTest name="ResourceService_DeleteAgentPool_CannotDeleteHostedPoolAsUserContext" storage="d:\v2.0\a1\_work\dbded102\bin\release.anycpu\distributedtask.service\ms.tf.distributedtask.server.l0.tests\ms.tf.distributedtask.server.l0.tests.dll" id="4d5299bd-1e91-b633-e7e6-85aa2a4764fd">
      <Owners>
        <Owner name="patcarna" />
      </Owners>
      <Execution id="ad50439b-dc0d-468e-a0d5-385434793641" />
      <TestMethod codeBase="D:\v2.0\A1\_work\dbded102\bin\Release.AnyCPU\DistributedTask.Service\MS.TF.DistributedTask.Server.L0.Tests\MS.TF.DistributedTask.Server.L0.Tests.dll" adapterTypeName="Microsoft.VisualStudio.TestTools.TestTypes.Unit.UnitTestAdapter" className="MS.TF.DistributedTask.Server.L0.Tests.ResourceServiceTests" name="ResourceService_DeleteAgentPool_CannotDeleteHostedPoolAsUserContext" />
    </UnitTest>
    <UnitTest name="ResourceService_DeleteAgentPool_CleanUpContinuesOnException" storage="d:\v2.0\a1\_work\dbded102\bin\release.anycpu\distributedtask.service\ms.tf.distributedtask.server.l0.tests\ms.tf.distributedtask.server.l0.tests.dll" id="f25b10f7-d246-ec37-5b78-8db1e790290e">
      <Owners>
        <Owner name="patcarna" />
      </Owners>
      <Execution id="6eb2a81c-b791-45ac-8c82-848fa7c85ff7" />
      <TestMethod codeBase="D:\v2.0\A1\_work\dbded102\bin\Release.AnyCPU\DistributedTask.Service\MS.TF.DistributedTask.Server.L0.Tests\MS.TF.DistributedTask.Server.L0.Tests.dll" adapterTypeName="Microsoft.VisualStudio.TestTools.TestTypes.Unit.UnitTestAdapter" className="MS.TF.DistributedTask.Server.L0.Tests.ResourceServiceTests" name="ResourceService_DeleteAgentPool_CleanUpContinuesOnException" />
    </UnitTest>
    <UnitTest name="ResourceService_DeleteAgentPool_CleanUpSupportingResources" storage="d:\v2.0\a1\_work\dbded102\bin\release.anycpu\distributedtask.service\ms.tf.distributedtask.server.l0.tests\ms.tf.distributedtask.server.l0.tests.dll" id="fb726fd3-2676-ab17-4885-26c9abe95254">
      <Owners>
        <Owner name="patcarna" />
      </Owners>
      <Execution id="658cf14f-09d8-4fff-9c65-671c136d7302" />
      <TestMethod codeBase="D:\v2.0\A1\_work\dbded102\bin\Release.AnyCPU\DistributedTask.Service\MS.TF.DistributedTask.Server.L0.Tests\MS.TF.DistributedTask.Server.L0.Tests.dll" adapterTypeName="Microsoft.VisualStudio.TestTools.TestTypes.Unit.UnitTestAdapter" className="MS.TF.DistributedTask.Server.L0.Tests.ResourceServiceTests" name="ResourceService_DeleteAgentPool_CleanUpSupportingResources" />
    </UnitTest>
    <UnitTest name="ResourceService_DeleteAgentPool_DeliversMessageBusNotification" storage="d:\v2.0\a1\_work\dbded102\bin\release.anycpu\distributedtask.service\ms.tf.distributedtask.server.l0.tests\ms.tf.distributedtask.server.l0.tests.dll" id="d53852b4-2d48-f4ac-75fc-94b9c0102e1f">
      <Owners>
        <Owner name="patcarna" />
      </Owners>
      <Execution id="8c992fcc-4859-4797-9e5d-60e583ad2cdd" />
      <TestMethod codeBase="D:\v2.0\A1\_work\dbded102\bin\Release.AnyCPU\DistributedTask.Service\MS.TF.DistributedTask.Server.L0.Tests\MS.TF.DistributedTask.Server.L0.Tests.dll" adapterTypeName="Microsoft.VisualStudio.TestTools.TestTypes.Unit.UnitTestAdapter" className="MS.TF.DistributedTask.Server.L0.Tests.ResourceServiceTests" name="ResourceService_DeleteAgentPool_DeliversMessageBusNotification" />
    </UnitTest>
    <UnitTest name="ResourceService_DeleteAgentQueue_CleanupSupportingResources" storage="d:\v2.0\a1\_work\dbded102\bin\release.anycpu\distributedtask.service\ms.tf.distributedtask.server.l0.tests\ms.tf.distributedtask.server.l0.tests.dll" id="69c16152-6bc9-9dbc-c864-bbecc4ea7810">
      <Owners>
        <Owner name="patcarna" />
      </Owners>
      <Execution id="1c92df3a-04ba-4f91-ad8c-cd2e6a2390d1" />
      <TestMethod codeBase="D:\v2.0\A1\_work\dbded102\bin\Release.AnyCPU\DistributedTask.Service\MS.TF.DistributedTask.Server.L0.Tests\MS.TF.DistributedTask.Server.L0.Tests.dll" adapterTypeName="Microsoft.VisualStudio.TestTools.TestTypes.Unit.UnitTestAdapter" className="MS.TF.DistributedTask.Server.L0.Tests.ResourceServiceTests" name="ResourceService_DeleteAgentQueue_CleanupSupportingResources" />
    </UnitTest>
    <UnitTest name="ResourceService_DeleteAgentQueue_DeliversMessageBusNotification" storage="d:\v2.0\a1\_work\dbded102\bin\release.anycpu\distributedtask.service\ms.tf.distributedtask.server.l0.tests\ms.tf.distributedtask.server.l0.tests.dll" id="d3f05ac0-1e5e-2f0c-f606-feeec44e39f8">
      <Owners>
        <Owner name="patcarna" />
      </Owners>
      <Execution id="f8c6a18a-67de-4a56-9ff4-380f5a75c072" />
      <TestMethod codeBase="D:\v2.0\A1\_work\dbded102\bin\Release.AnyCPU\DistributedTask.Service\MS.TF.DistributedTask.Server.L0.Tests\MS.TF.DistributedTask.Server.L0.Tests.dll" adapterTypeName="Microsoft.VisualStudio.TestTools.TestTypes.Unit.UnitTestAdapter" className="MS.TF.DistributedTask.Server.L0.Tests.ResourceServiceTests" name="ResourceService_DeleteAgentQueue_DeliversMessageBusNotification" />
    </UnitTest>
    <UnitTest name="ResourceService_DeleteAgentQueue_RemovesQueueFromCache" storage="d:\v2.0\a1\_work\dbded102\bin\release.anycpu\distributedtask.service\ms.tf.distributedtask.server.l0.tests\ms.tf.distributedtask.server.l0.tests.dll" id="1ed9afec-7dd4-5b66-f267-33926d3645c3">
      <Owners>
        <Owner name="patcarna" />
      </Owners>
      <Execution id="4e31ef2b-9276-44a5-bdaf-e79dd62dca2f" />
      <TestMethod codeBase="D:\v2.0\A1\_work\dbded102\bin\Release.AnyCPU\DistributedTask.Service\MS.TF.DistributedTask.Server.L0.Tests\MS.TF.DistributedTask.Server.L0.Tests.dll" adapterTypeName="Microsoft.VisualStudio.TestTools.TestTypes.Unit.UnitTestAdapter" className="MS.TF.DistributedTask.Server.L0.Tests.ResourceServiceTests" name="ResourceService_DeleteAgentQueue_RemovesQueueFromCache" />
    </UnitTest>
    <UnitTest name="ResourceService_DeleteAgentQueue_RequiresViewPermission" storage="d:\v2.0\a1\_work\dbded102\bin\release.anycpu\distributedtask.service\ms.tf.distributedtask.server.l0.tests\ms.tf.distributedtask.server.l0.tests.dll" id="798f5b8d-421a-1882-47ad-c803f3855352">
      <Owners>
        <Owner name="patcarna" />
      </Owners>
      <Execution id="14661502-900a-452b-8264-fd5cad06f8a3" />
      <TestMethod codeBase="D:\v2.0\A1\_work\dbded102\bin\Release.AnyCPU\DistributedTask.Service\MS.TF.DistributedTask.Server.L0.Tests\MS.TF.DistributedTask.Server.L0.Tests.dll" adapterTypeName="Microsoft.VisualStudio.TestTools.TestTypes.Unit.UnitTestAdapter" className="MS.TF.DistributedTask.Server.L0.Tests.ResourceServiceTests" name="ResourceService_DeleteAgentQueue_RequiresViewPermission" />
    </UnitTest>
    <UnitTest name="ResourceService_DeleteAgentQueue_RequiresManagePermission" storage="d:\v2.0\a1\_work\dbded102\bin\release.anycpu\distributedtask.service\ms.tf.distributedtask.server.l0.tests\ms.tf.distributedtask.server.l0.tests.dll" id="ace4bce7-4022-33c8-ff0b-38e78928bc32">
      <Owners>
        <Owner name="patcarna" />
      </Owners>
      <Execution id="19a96496-5c53-4be9-a854-1a5253f153a7" />
      <TestMethod codeBase="D:\v2.0\A1\_work\dbded102\bin\Release.AnyCPU\DistributedTask.Service\MS.TF.DistributedTask.Server.L0.Tests\MS.TF.DistributedTask.Server.L0.Tests.dll" adapterTypeName="Microsoft.VisualStudio.TestTools.TestTypes.Unit.UnitTestAdapter" className="MS.TF.DistributedTask.Server.L0.Tests.ResourceServiceTests" name="ResourceService_DeleteAgentQueue_RequiresManagePermission" />
    </UnitTest>
    <UnitTest name="ResourceService_DeleteMessage_AddsSessionToCache" storage="d:\v2.0\a1\_work\dbded102\bin\release.anycpu\distributedtask.service\ms.tf.distributedtask.server.l0.tests\ms.tf.distributedtask.server.l0.tests.dll" id="1c632aa6-fa86-d057-1d84-7399d20f0f1c">
      <Owners>
        <Owner name="patcarna" />
      </Owners>
      <Execution id="4461331d-4137-4c4b-bdda-4d4f46360ced" />
      <TestMethod codeBase="D:\v2.0\A1\_work\dbded102\bin\Release.AnyCPU\DistributedTask.Service\MS.TF.DistributedTask.Server.L0.Tests\MS.TF.DistributedTask.Server.L0.Tests.dll" adapterTypeName="Microsoft.VisualStudio.TestTools.TestTypes.Unit.UnitTestAdapter" className="MS.TF.DistributedTask.Server.L0.Tests.ResourceServiceTests" name="ResourceService_DeleteMessage_AddsSessionToCache" />
    </UnitTest>
    <UnitTest name="ResourceService_DeleteMessage_RequiresListenPermission" storage="d:\v2.0\a1\_work\dbded102\bin\release.anycpu\distributedtask.service\ms.tf.distributedtask.server.l0.tests\ms.tf.distributedtask.server.l0.tests.dll" id="e1aa8450-b5dc-1efe-46b1-72888d83f43e">
      <Owners>
        <Owner name="patcarna" />
      </Owners>
      <Execution id="12565ff5-e291-4809-bccd-84441301f950" />
      <TestMethod codeBase="D:\v2.0\A1\_work\dbded102\bin\Release.AnyCPU\DistributedTask.Service\MS.TF.DistributedTask.Server.L0.Tests\MS.TF.DistributedTask.Server.L0.Tests.dll" adapterTypeName="Microsoft.VisualStudio.TestTools.TestTypes.Unit.UnitTestAdapter" className="MS.TF.DistributedTask.Server.L0.Tests.ResourceServiceTests" name="ResourceService_DeleteMessage_RequiresListenPermission" />
    </UnitTest>
    <UnitTest name="ResourceService_DeleteMessage_RequiresActiveSession" storage="d:\v2.0\a1\_work\dbded102\bin\release.anycpu\distributedtask.service\ms.tf.distributedtask.server.l0.tests\ms.tf.distributedtask.server.l0.tests.dll" id="cb0b505c-1308-bbeb-7425-cefd7ad6338e">
      <Owners>
        <Owner name="patcarna" />
      </Owners>
      <Execution id="3dd8c500-2dca-496c-a2e3-686ea49ab24c" />
      <TestMethod codeBase="D:\v2.0\A1\_work\dbded102\bin\Release.AnyCPU\DistributedTask.Service\MS.TF.DistributedTask.Server.L0.Tests\MS.TF.DistributedTask.Server.L0.Tests.dll" adapterTypeName="Microsoft.VisualStudio.TestTools.TestTypes.Unit.UnitTestAdapter" className="MS.TF.DistributedTask.Server.L0.Tests.ResourceServiceTests" name="ResourceService_DeleteMessage_RequiresActiveSession" />
    </UnitTest>
    <UnitTest name="ResourceService_DeleteMessage_RequiresViewPermission" storage="d:\v2.0\a1\_work\dbded102\bin\release.anycpu\distributedtask.service\ms.tf.distributedtask.server.l0.tests\ms.tf.distributedtask.server.l0.tests.dll" id="49fa4c39-cab0-4d52-78d1-c0f0ae8dbd94">
      <Owners>
        <Owner name="patcarna" />
      </Owners>
      <Execution id="21493c2f-8f26-4c54-a872-efaa481b706d" />
      <TestMethod codeBase="D:\v2.0\A1\_work\dbded102\bin\Release.AnyCPU\DistributedTask.Service\MS.TF.DistributedTask.Server.L0.Tests\MS.TF.DistributedTask.Server.L0.Tests.dll" adapterTypeName="Microsoft.VisualStudio.TestTools.TestTypes.Unit.UnitTestAdapter" className="MS.TF.DistributedTask.Server.L0.Tests.ResourceServiceTests" name="ResourceService_DeleteMessage_RequiresViewPermission" />
    </UnitTest>
    <UnitTest name="ResourceService_DeleteMessage_UsesSessionFromCache" storage="d:\v2.0\a1\_work\dbded102\bin\release.anycpu\distributedtask.service\ms.tf.distributedtask.server.l0.tests\ms.tf.distributedtask.server.l0.tests.dll" id="50aa28b9-97d2-c696-42da-1e304493df49">
      <Owners>
        <Owner name="patcarna" />
      </Owners>
      <Execution id="0ef2b11b-b410-4e8b-afac-62a5fc04f612" />
      <TestMethod codeBase="D:\v2.0\A1\_work\dbded102\bin\Release.AnyCPU\DistributedTask.Service\MS.TF.DistributedTask.Server.L0.Tests\MS.TF.DistributedTask.Server.L0.Tests.dll" adapterTypeName="Microsoft.VisualStudio.TestTools.TestTypes.Unit.UnitTestAdapter" className="MS.TF.DistributedTask.Server.L0.Tests.ResourceServiceTests" name="ResourceService_DeleteMessage_UsesSessionFromCache" />
    </UnitTest>
    <UnitTest name="ResourceService_DeleteSession_RemovesSessionFromCache" storage="d:\v2.0\a1\_work\dbded102\bin\release.anycpu\distributedtask.service\ms.tf.distributedtask.server.l0.tests\ms.tf.distributedtask.server.l0.tests.dll" id="23b5c47a-a839-3678-9611-ca3fdc0a12fa">
      <Owners>
        <Owner name="patcarna" />
      </Owners>
      <Execution id="76c31cb0-d8bb-4381-9536-99e4998affab" />
      <TestMethod codeBase="D:\v2.0\A1\_work\dbded102\bin\Release.AnyCPU\DistributedTask.Service\MS.TF.DistributedTask.Server.L0.Tests\MS.TF.DistributedTask.Server.L0.Tests.dll" adapterTypeName="Microsoft.VisualStudio.TestTools.TestTypes.Unit.UnitTestAdapter" className="MS.TF.DistributedTask.Server.L0.Tests.ResourceServiceTests" name="ResourceService_DeleteSession_RemovesSessionFromCache" />
    </UnitTest>
    <UnitTest name="ResourceService_DeleteSession_RequiresListenPermission" storage="d:\v2.0\a1\_work\dbded102\bin\release.anycpu\distributedtask.service\ms.tf.distributedtask.server.l0.tests\ms.tf.distributedtask.server.l0.tests.dll" id="dd360907-f8d3-98ae-078b-c0de2832b372">
      <Owners>
        <Owner name="patcarna" />
      </Owners>
      <Execution id="5449a863-3a1e-473f-b083-00b35e531ce1" />
      <TestMethod codeBase="D:\v2.0\A1\_work\dbded102\bin\Release.AnyCPU\DistributedTask.Service\MS.TF.DistributedTask.Server.L0.Tests\MS.TF.DistributedTask.Server.L0.Tests.dll" adapterTypeName="Microsoft.VisualStudio.TestTools.TestTypes.Unit.UnitTestAdapter" className="MS.TF.DistributedTask.Server.L0.Tests.ResourceServiceTests" name="ResourceService_DeleteSession_RequiresListenPermission" />
    </UnitTest>
    <UnitTest name="ResourceService_DeleteSession_RequiresViewPermission" storage="d:\v2.0\a1\_work\dbded102\bin\release.anycpu\distributedtask.service\ms.tf.distributedtask.server.l0.tests\ms.tf.distributedtask.server.l0.tests.dll" id="aea3a2ed-b290-c23a-70eb-1c90af58c82b">
      <Owners>
        <Owner name="patcarna" />
      </Owners>
      <Execution id="d37bb5a3-1749-4265-ac53-05a63076eb5d" />
      <TestMethod codeBase="D:\v2.0\A1\_work\dbded102\bin\Release.AnyCPU\DistributedTask.Service\MS.TF.DistributedTask.Server.L0.Tests\MS.TF.DistributedTask.Server.L0.Tests.dll" adapterTypeName="Microsoft.VisualStudio.TestTools.TestTypes.Unit.UnitTestAdapter" className="MS.TF.DistributedTask.Server.L0.Tests.ResourceServiceTests" name="ResourceService_DeleteSession_RequiresViewPermission" />
    </UnitTest>
    <UnitTest name="ResourceService_DeleteSession_SetsMessageQueueOffline" storage="d:\v2.0\a1\_work\dbded102\bin\release.anycpu\distributedtask.service\ms.tf.distributedtask.server.l0.tests\ms.tf.distributedtask.server.l0.tests.dll" id="c40bf89a-5bff-b458-d785-3ab522e40b05">
      <Owners>
        <Owner name="patcarna" />
      </Owners>
      <Execution id="9197d2b1-9581-434c-9ab6-84af672e1b34" />
      <TestMethod codeBase="D:\v2.0\A1\_work\dbded102\bin\Release.AnyCPU\DistributedTask.Service\MS.TF.DistributedTask.Server.L0.Tests\MS.TF.DistributedTask.Server.L0.Tests.dll" adapterTypeName="Microsoft.VisualStudio.TestTools.TestTypes.Unit.UnitTestAdapter" className="MS.TF.DistributedTask.Server.L0.Tests.ResourceServiceTests" name="ResourceService_DeleteSession_SetsMessageQueueOffline" />
    </UnitTest>
    <UnitTest name="ResourceService_GetAgent_RequiresViewPermission" storage="d:\v2.0\a1\_work\dbded102\bin\release.anycpu\distributedtask.service\ms.tf.distributedtask.server.l0.tests\ms.tf.distributedtask.server.l0.tests.dll" id="e96c7209-c201-1829-ffdf-188ec1e517d0">
      <Owners>
        <Owner name="patcarna" />
      </Owners>
      <Execution id="0f186936-29ae-4ef9-96e9-c39b9ec0d01c" />
      <TestMethod codeBase="D:\v2.0\A1\_work\dbded102\bin\Release.AnyCPU\DistributedTask.Service\MS.TF.DistributedTask.Server.L0.Tests\MS.TF.DistributedTask.Server.L0.Tests.dll" adapterTypeName="Microsoft.VisualStudio.TestTools.TestTypes.Unit.UnitTestAdapter" className="MS.TF.DistributedTask.Server.L0.Tests.ResourceServiceTests" name="ResourceService_GetAgent_RequiresViewPermission" />
    </UnitTest>
    <UnitTest name="ResourceService_GetAgentPool_RequiresViewPermission" storage="d:\v2.0\a1\_work\dbded102\bin\release.anycpu\distributedtask.service\ms.tf.distributedtask.server.l0.tests\ms.tf.distributedtask.server.l0.tests.dll" id="4dd9ebd0-54fb-0fa3-23ee-5936d32aa2bc">
      <Owners>
        <Owner name="patcarna" />
      </Owners>
      <Execution id="5490d88d-7f9f-4b69-9235-a91e2374be35" />
      <TestMethod codeBase="D:\v2.0\A1\_work\dbded102\bin\Release.AnyCPU\DistributedTask.Service\MS.TF.DistributedTask.Server.L0.Tests\MS.TF.DistributedTask.Server.L0.Tests.dll" adapterTypeName="Microsoft.VisualStudio.TestTools.TestTypes.Unit.UnitTestAdapter" className="MS.TF.DistributedTask.Server.L0.Tests.ResourceServiceTests" name="ResourceService_GetAgentPool_RequiresViewPermission" />
    </UnitTest>
    <UnitTest name="ResourceService_GetAgentPools_RequiresViewPermission" storage="d:\v2.0\a1\_work\dbded102\bin\release.anycpu\distributedtask.service\ms.tf.distributedtask.server.l0.tests\ms.tf.distributedtask.server.l0.tests.dll" id="27b00afe-b02a-d59e-8675-fcbc59e17727">
      <Owners>
        <Owner name="patcarna" />
      </Owners>
      <Execution id="5d3c033b-12bc-4184-9b3b-2e8e420a4c78" />
      <TestMethod codeBase="D:\v2.0\A1\_work\dbded102\bin\Release.AnyCPU\DistributedTask.Service\MS.TF.DistributedTask.Server.L0.Tests\MS.TF.DistributedTask.Server.L0.Tests.dll" adapterTypeName="Microsoft.VisualStudio.TestTools.TestTypes.Unit.UnitTestAdapter" className="MS.TF.DistributedTask.Server.L0.Tests.ResourceServiceTests" name="ResourceService_GetAgentPools_RequiresViewPermission" />
    </UnitTest>
    <UnitTest name="ResourceService_GetAgentPoolRoles_RetrievesAdminAndServiceAccountRoles" storage="d:\v2.0\a1\_work\dbded102\bin\release.anycpu\distributedtask.service\ms.tf.distributedtask.server.l0.tests\ms.tf.distributedtask.server.l0.tests.dll" id="47f1b686-9f7e-a74e-ef03-35a0c7db913a">
      <Owners>
        <Owner name="patcarna" />
      </Owners>
      <Execution id="bcda12cf-ba4a-4efa-97d5-5bbc916bd7b9" />
      <TestMethod codeBase="D:\v2.0\A1\_work\dbded102\bin\Release.AnyCPU\DistributedTask.Service\MS.TF.DistributedTask.Server.L0.Tests\MS.TF.DistributedTask.Server.L0.Tests.dll" adapterTypeName="Microsoft.VisualStudio.TestTools.TestTypes.Unit.UnitTestAdapter" className="MS.TF.DistributedTask.Server.L0.Tests.ResourceServiceTests" name="ResourceService_GetAgentPoolRoles_RetrievesAdminAndServiceAccountRoles" />
    </UnitTest>
    <UnitTest name="ResourceService_GetAgentPoolRoles_RetrievesAdminAndServiceAccountRolesForGlobalScope" storage="d:\v2.0\a1\_work\dbded102\bin\release.anycpu\distributedtask.service\ms.tf.distributedtask.server.l0.tests\ms.tf.distributedtask.server.l0.tests.dll" id="451cf86b-f024-8d16-7d29-ed0fb22c0a3a">
      <Owners>
        <Owner name="patcarna" />
      </Owners>
      <Execution id="163057f0-a970-4e5d-b857-9b75920d9cab" />
      <TestMethod codeBase="D:\v2.0\A1\_work\dbded102\bin\Release.AnyCPU\DistributedTask.Service\MS.TF.DistributedTask.Server.L0.Tests\MS.TF.DistributedTask.Server.L0.Tests.dll" adapterTypeName="Microsoft.VisualStudio.TestTools.TestTypes.Unit.UnitTestAdapter" className="MS.TF.DistributedTask.Server.L0.Tests.ResourceServiceTests" name="ResourceService_GetAgentPoolRoles_RetrievesAdminAndServiceAccountRolesForGlobalScope" />
    </UnitTest>
    <UnitTest name="ResourceService_GetAgentPoolRoles_RequiresViewPermission" storage="d:\v2.0\a1\_work\dbded102\bin\release.anycpu\distributedtask.service\ms.tf.distributedtask.server.l0.tests\ms.tf.distributedtask.server.l0.tests.dll" id="e7b226bc-d81f-c12a-3611-98d51cb2d39e">
      <Owners>
        <Owner name="patcarna" />
      </Owners>
      <Execution id="6ff8546b-cd4c-4236-9d16-61bdafee4d2c" />
      <TestMethod codeBase="D:\v2.0\A1\_work\dbded102\bin\Release.AnyCPU\DistributedTask.Service\MS.TF.DistributedTask.Server.L0.Tests\MS.TF.DistributedTask.Server.L0.Tests.dll" adapterTypeName="Microsoft.VisualStudio.TestTools.TestTypes.Unit.UnitTestAdapter" className="MS.TF.DistributedTask.Server.L0.Tests.ResourceServiceTests" name="ResourceService_GetAgentPoolRoles_RequiresViewPermission" />
    </UnitTest>
    <UnitTest name="ResourceService_GetAgentQueue_AddsQueueToCache" storage="d:\v2.0\a1\_work\dbded102\bin\release.anycpu\distributedtask.service\ms.tf.distributedtask.server.l0.tests\ms.tf.distributedtask.server.l0.tests.dll" id="fac3a83c-3042-1163-047d-2c85b0a3698e">
      <Owners>
        <Owner name="patcarna" />
      </Owners>
      <Execution id="6885ef75-c9f3-4c73-85d3-11ff39ca052c" />
      <TestMethod codeBase="D:\v2.0\A1\_work\dbded102\bin\Release.AnyCPU\DistributedTask.Service\MS.TF.DistributedTask.Server.L0.Tests\MS.TF.DistributedTask.Server.L0.Tests.dll" adapterTypeName="Microsoft.VisualStudio.TestTools.TestTypes.Unit.UnitTestAdapter" className="MS.TF.DistributedTask.Server.L0.Tests.ResourceServiceTests" name="ResourceService_GetAgentQueue_AddsQueueToCache" />
    </UnitTest>
    <UnitTest name="ResourceService_GetAgentQueue_ManageActionFilter" storage="d:\v2.0\a1\_work\dbded102\bin\release.anycpu\distributedtask.service\ms.tf.distributedtask.server.l0.tests\ms.tf.distributedtask.server.l0.tests.dll" id="be99a472-7e68-d6c6-29f9-e238faac7b07">
      <Owners>
        <Owner name="patcarna" />
      </Owners>
      <Execution id="fd4dd214-7332-4340-a2e3-08e60828c061" />
      <TestMethod codeBase="D:\v2.0\A1\_work\dbded102\bin\Release.AnyCPU\DistributedTask.Service\MS.TF.DistributedTask.Server.L0.Tests\MS.TF.DistributedTask.Server.L0.Tests.dll" adapterTypeName="Microsoft.VisualStudio.TestTools.TestTypes.Unit.UnitTestAdapter" className="MS.TF.DistributedTask.Server.L0.Tests.ResourceServiceTests" name="ResourceService_GetAgentQueue_ManageActionFilter" />
    </UnitTest>
    <UnitTest name="ResourceService_GetAgentQueue_UseActionFilter" storage="d:\v2.0\a1\_work\dbded102\bin\release.anycpu\distributedtask.service\ms.tf.distributedtask.server.l0.tests\ms.tf.distributedtask.server.l0.tests.dll" id="2451b105-68f1-de4f-68b2-e0409932d795">
      <Owners>
        <Owner name="patcarna" />
      </Owners>
      <Execution id="6ac8704f-8d81-42f2-92a5-dda261cb093a" />
      <TestMethod codeBase="D:\v2.0\A1\_work\dbded102\bin\Release.AnyCPU\DistributedTask.Service\MS.TF.DistributedTask.Server.L0.Tests\MS.TF.DistributedTask.Server.L0.Tests.dll" adapterTypeName="Microsoft.VisualStudio.TestTools.TestTypes.Unit.UnitTestAdapter" className="MS.TF.DistributedTask.Server.L0.Tests.ResourceServiceTests" name="ResourceService_GetAgentQueue_UseActionFilter" />
    </UnitTest>
    <UnitTest name="ResourceService_GetAgentQueue_RequiresViewPermission" storage="d:\v2.0\a1\_work\dbded102\bin\release.anycpu\distributedtask.service\ms.tf.distributedtask.server.l0.tests\ms.tf.distributedtask.server.l0.tests.dll" id="818feb15-3da8-9177-72e7-9708cdf1b27d">
      <Owners>
        <Owner name="patcarna" />
      </Owners>
      <Execution id="92e4a176-09cc-4345-a202-0f2a21c7f966" />
      <TestMethod codeBase="D:\v2.0\A1\_work\dbded102\bin\Release.AnyCPU\DistributedTask.Service\MS.TF.DistributedTask.Server.L0.Tests\MS.TF.DistributedTask.Server.L0.Tests.dll" adapterTypeName="Microsoft.VisualStudio.TestTools.TestTypes.Unit.UnitTestAdapter" className="MS.TF.DistributedTask.Server.L0.Tests.ResourceServiceTests" name="ResourceService_GetAgentQueue_RequiresViewPermission" />
    </UnitTest>
    <UnitTest name="ResourceService_GetAgentQueue_UsesQueueFromCache" storage="d:\v2.0\a1\_work\dbded102\bin\release.anycpu\distributedtask.service\ms.tf.distributedtask.server.l0.tests\ms.tf.distributedtask.server.l0.tests.dll" id="2e1dcaec-d9b1-c80b-76f5-15f1c7c07b5a">
      <Owners>
        <Owner name="patcarna" />
      </Owners>
      <Execution id="a8b9834b-f1f2-4206-92c6-6a5b8d7b7f64" />
      <TestMethod codeBase="D:\v2.0\A1\_work\dbded102\bin\Release.AnyCPU\DistributedTask.Service\MS.TF.DistributedTask.Server.L0.Tests\MS.TF.DistributedTask.Server.L0.Tests.dll" adapterTypeName="Microsoft.VisualStudio.TestTools.TestTypes.Unit.UnitTestAdapter" className="MS.TF.DistributedTask.Server.L0.Tests.ResourceServiceTests" name="ResourceService_GetAgentQueue_UsesQueueFromCache" />
    </UnitTest>
    <UnitTest name="ResourceService_GetAgentQueueRoles_RetrievesAdminAndUserRoles" storage="d:\v2.0\a1\_work\dbded102\bin\release.anycpu\distributedtask.service\ms.tf.distributedtask.server.l0.tests\ms.tf.distributedtask.server.l0.tests.dll" id="af8ad980-c70a-9cee-7c49-2acc65e6dc2a">
      <Owners>
        <Owner name="patcarna" />
      </Owners>
      <Execution id="174bc918-afac-47f8-aef9-1e13c4107ae2" />
      <TestMethod codeBase="D:\v2.0\A1\_work\dbded102\bin\Release.AnyCPU\DistributedTask.Service\MS.TF.DistributedTask.Server.L0.Tests\MS.TF.DistributedTask.Server.L0.Tests.dll" adapterTypeName="Microsoft.VisualStudio.TestTools.TestTypes.Unit.UnitTestAdapter" className="MS.TF.DistributedTask.Server.L0.Tests.ResourceServiceTests" name="ResourceService_GetAgentQueueRoles_RetrievesAdminAndUserRoles" />
    </UnitTest>
    <UnitTest name="ResourceService_GetAgentQueueRoles_RetrievesAdminCreatorAndUserRolesForGlobalScope" storage="d:\v2.0\a1\_work\dbded102\bin\release.anycpu\distributedtask.service\ms.tf.distributedtask.server.l0.tests\ms.tf.distributedtask.server.l0.tests.dll" id="3b7994ec-117f-5b21-7772-6b7d3845960f">
      <Owners>
        <Owner name="patcarna" />
      </Owners>
      <Execution id="9f9ffad2-840d-425f-a7f8-8f6d1c8e6ac8" />
      <TestMethod codeBase="D:\v2.0\A1\_work\dbded102\bin\Release.AnyCPU\DistributedTask.Service\MS.TF.DistributedTask.Server.L0.Tests\MS.TF.DistributedTask.Server.L0.Tests.dll" adapterTypeName="Microsoft.VisualStudio.TestTools.TestTypes.Unit.UnitTestAdapter" className="MS.TF.DistributedTask.Server.L0.Tests.ResourceServiceTests" name="ResourceService_GetAgentQueueRoles_RetrievesAdminCreatorAndUserRolesForGlobalScope" />
    </UnitTest>
    <UnitTest name="ResourceService_GetAgentQueueRoles_RequiresViewPermission" storage="d:\v2.0\a1\_work\dbded102\bin\release.anycpu\distributedtask.service\ms.tf.distributedtask.server.l0.tests\ms.tf.distributedtask.server.l0.tests.dll" id="8cb02267-cfed-2e06-3e19-3ef33a698af4">
      <Owners>
        <Owner name="patcarna" />
      </Owners>
      <Execution id="6c97e77f-0ebd-427b-b63b-947225109755" />
      <TestMethod codeBase="D:\v2.0\A1\_work\dbded102\bin\Release.AnyCPU\DistributedTask.Service\MS.TF.DistributedTask.Server.L0.Tests\MS.TF.DistributedTask.Server.L0.Tests.dll" adapterTypeName="Microsoft.VisualStudio.TestTools.TestTypes.Unit.UnitTestAdapter" className="MS.TF.DistributedTask.Server.L0.Tests.ResourceServiceTests" name="ResourceService_GetAgentQueueRoles_RequiresViewPermission" />
    </UnitTest>
    <UnitTest name="ResourceService_GetAgentQueues_UseActionFilter" storage="d:\v2.0\a1\_work\dbded102\bin\release.anycpu\distributedtask.service\ms.tf.distributedtask.server.l0.tests\ms.tf.distributedtask.server.l0.tests.dll" id="3af0ebc8-e305-b8d6-5d46-afed8344a87c">
      <Owners>
        <Owner name="patcarna" />
      </Owners>
      <Execution id="91e0d105-03fd-4a1d-adb9-8d1131e13948" />
      <TestMethod codeBase="D:\v2.0\A1\_work\dbded102\bin\Release.AnyCPU\DistributedTask.Service\MS.TF.DistributedTask.Server.L0.Tests\MS.TF.DistributedTask.Server.L0.Tests.dll" adapterTypeName="Microsoft.VisualStudio.TestTools.TestTypes.Unit.UnitTestAdapter" className="MS.TF.DistributedTask.Server.L0.Tests.ResourceServiceTests" name="ResourceService_GetAgentQueues_UseActionFilter" />
    </UnitTest>
    <UnitTest name="ResourceService_GetAgentQueues_ManageActionFilter" storage="d:\v2.0\a1\_work\dbded102\bin\release.anycpu\distributedtask.service\ms.tf.distributedtask.server.l0.tests\ms.tf.distributedtask.server.l0.tests.dll" id="8c6df407-4855-1193-9923-884a33b51ed5">
      <Owners>
        <Owner name="patcarna" />
      </Owners>
      <Execution id="90f83ab2-429b-43c7-9426-af43d4e0a0be" />
      <TestMethod codeBase="D:\v2.0\A1\_work\dbded102\bin\Release.AnyCPU\DistributedTask.Service\MS.TF.DistributedTask.Server.L0.Tests\MS.TF.DistributedTask.Server.L0.Tests.dll" adapterTypeName="Microsoft.VisualStudio.TestTools.TestTypes.Unit.UnitTestAdapter" className="MS.TF.DistributedTask.Server.L0.Tests.ResourceServiceTests" name="ResourceService_GetAgentQueues_ManageActionFilter" />
    </UnitTest>
    <UnitTest name="ResourceService_GetAgentQueues_RequiresViewPermission" storage="d:\v2.0\a1\_work\dbded102\bin\release.anycpu\distributedtask.service\ms.tf.distributedtask.server.l0.tests\ms.tf.distributedtask.server.l0.tests.dll" id="d838f059-ec8f-62cf-b465-c5db15c28791">
      <Owners>
        <Owner name="patcarna" />
      </Owners>
      <Execution id="f90bda8d-caca-4f96-b798-b1a4ad80572a" />
      <TestMethod codeBase="D:\v2.0\A1\_work\dbded102\bin\Release.AnyCPU\DistributedTask.Service\MS.TF.DistributedTask.Server.L0.Tests\MS.TF.DistributedTask.Server.L0.Tests.dll" adapterTypeName="Microsoft.VisualStudio.TestTools.TestTypes.Unit.UnitTestAdapter" className="MS.TF.DistributedTask.Server.L0.Tests.ResourceServiceTests" name="ResourceService_GetAgentQueues_RequiresViewPermission" />
    </UnitTest>
    <UnitTest name="ResourceService_GetAgentRequest_RequiresViewPermission" storage="d:\v2.0\a1\_work\dbded102\bin\release.anycpu\distributedtask.service\ms.tf.distributedtask.server.l0.tests\ms.tf.distributedtask.server.l0.tests.dll" id="41778ddf-b1e0-9ba4-6ec2-6251ba692c25">
      <Owners>
        <Owner name="patcarna" />
      </Owners>
      <Execution id="521ae3f5-6b9b-42f5-82b7-f1e3518443d9" />
      <TestMethod codeBase="D:\v2.0\A1\_work\dbded102\bin\Release.AnyCPU\DistributedTask.Service\MS.TF.DistributedTask.Server.L0.Tests\MS.TF.DistributedTask.Server.L0.Tests.dll" adapterTypeName="Microsoft.VisualStudio.TestTools.TestTypes.Unit.UnitTestAdapter" className="MS.TF.DistributedTask.Server.L0.Tests.ResourceServiceTests" name="ResourceService_GetAgentRequest_RequiresViewPermission" />
    </UnitTest>
    <UnitTest name="ResourceService_GetAgents_RequiresViewPermission" storage="d:\v2.0\a1\_work\dbded102\bin\release.anycpu\distributedtask.service\ms.tf.distributedtask.server.l0.tests\ms.tf.distributedtask.server.l0.tests.dll" id="533fb4e7-64f8-80d0-9482-4ec4723d0162">
      <Owners>
        <Owner name="patcarna" />
      </Owners>
      <Execution id="80c1f77e-f743-47e5-bc37-9c89d321ca81" />
      <TestMethod codeBase="D:\v2.0\A1\_work\dbded102\bin\Release.AnyCPU\DistributedTask.Service\MS.TF.DistributedTask.Server.L0.Tests\MS.TF.DistributedTask.Server.L0.Tests.dll" adapterTypeName="Microsoft.VisualStudio.TestTools.TestTypes.Unit.UnitTestAdapter" className="MS.TF.DistributedTask.Server.L0.Tests.ResourceServiceTests" name="ResourceService_GetAgents_RequiresViewPermission" />
    </UnitTest>
    <UnitTest name="ResourceService_GetMessage_AddsSessionToCache" storage="d:\v2.0\a1\_work\dbded102\bin\release.anycpu\distributedtask.service\ms.tf.distributedtask.server.l0.tests\ms.tf.distributedtask.server.l0.tests.dll" id="ed236cc3-8914-268e-e13a-aaf62cf055c9">
      <Owners>
        <Owner name="patcarna" />
      </Owners>
      <Execution id="3929fd17-cfe0-4d68-a2fb-62d7aedc4ba9" />
      <TestMethod codeBase="D:\v2.0\A1\_work\dbded102\bin\Release.AnyCPU\DistributedTask.Service\MS.TF.DistributedTask.Server.L0.Tests\MS.TF.DistributedTask.Server.L0.Tests.dll" adapterTypeName="Microsoft.VisualStudio.TestTools.TestTypes.Unit.UnitTestAdapter" className="MS.TF.DistributedTask.Server.L0.Tests.ResourceServiceTests" name="ResourceService_GetMessage_AddsSessionToCache" />
    </UnitTest>
    <UnitTest name="ResourceService_GetMessage_RequiresActiveSession" storage="d:\v2.0\a1\_work\dbded102\bin\release.anycpu\distributedtask.service\ms.tf.distributedtask.server.l0.tests\ms.tf.distributedtask.server.l0.tests.dll" id="bca8b2f0-3587-541c-2034-cf4700695085">
      <Owners>
        <Owner name="patcarna" />
      </Owners>
      <Execution id="d2a266af-6859-4ee4-8773-0b74e8ff4da6" />
      <TestMethod codeBase="D:\v2.0\A1\_work\dbded102\bin\Release.AnyCPU\DistributedTask.Service\MS.TF.DistributedTask.Server.L0.Tests\MS.TF.DistributedTask.Server.L0.Tests.dll" adapterTypeName="Microsoft.VisualStudio.TestTools.TestTypes.Unit.UnitTestAdapter" className="MS.TF.DistributedTask.Server.L0.Tests.ResourceServiceTests" name="ResourceService_GetMessage_RequiresActiveSession" />
    </UnitTest>
    <UnitTest name="ResourceService_GetMessage_RequiresListenPermission" storage="d:\v2.0\a1\_work\dbded102\bin\release.anycpu\distributedtask.service\ms.tf.distributedtask.server.l0.tests\ms.tf.distributedtask.server.l0.tests.dll" id="4a85c220-b74a-cac4-9efe-eac06b9813a1">
      <Owners>
        <Owner name="patcarna" />
      </Owners>
      <Execution id="805162da-3eef-4024-ac3f-e298dee223be" />
      <TestMethod codeBase="D:\v2.0\A1\_work\dbded102\bin\Release.AnyCPU\DistributedTask.Service\MS.TF.DistributedTask.Server.L0.Tests\MS.TF.DistributedTask.Server.L0.Tests.dll" adapterTypeName="Microsoft.VisualStudio.TestTools.TestTypes.Unit.UnitTestAdapter" className="MS.TF.DistributedTask.Server.L0.Tests.ResourceServiceTests" name="ResourceService_GetMessage_RequiresListenPermission" />
    </UnitTest>
    <UnitTest name="ResourceService_GetMessage_RequiresViewPermission" storage="d:\v2.0\a1\_work\dbded102\bin\release.anycpu\distributedtask.service\ms.tf.distributedtask.server.l0.tests\ms.tf.distributedtask.server.l0.tests.dll" id="3b8d47fd-78ba-5554-8fac-1bec52a9f235">
      <Owners>
        <Owner name="patcarna" />
      </Owners>
      <Execution id="784e01cf-ecf8-4dca-8221-30ca5589ec48" />
      <TestMethod codeBase="D:\v2.0\A1\_work\dbded102\bin\Release.AnyCPU\DistributedTask.Service\MS.TF.DistributedTask.Server.L0.Tests\MS.TF.DistributedTask.Server.L0.Tests.dll" adapterTypeName="Microsoft.VisualStudio.TestTools.TestTypes.Unit.UnitTestAdapter" className="MS.TF.DistributedTask.Server.L0.Tests.ResourceServiceTests" name="ResourceService_GetMessage_RequiresViewPermission" />
    </UnitTest>
    <UnitTest name="ResourceService_GetMessage_UsesSessionFromCache" storage="d:\v2.0\a1\_work\dbded102\bin\release.anycpu\distributedtask.service\ms.tf.distributedtask.server.l0.tests\ms.tf.distributedtask.server.l0.tests.dll" id="f7bbb49f-1903-30de-06eb-894ca21cf4f7">
      <Owners>
        <Owner name="patcarna" />
      </Owners>
      <Execution id="0a6c0ed3-dc8f-48a2-9a97-e48974cc79a7" />
      <TestMethod codeBase="D:\v2.0\A1\_work\dbded102\bin\Release.AnyCPU\DistributedTask.Service\MS.TF.DistributedTask.Server.L0.Tests\MS.TF.DistributedTask.Server.L0.Tests.dll" adapterTypeName="Microsoft.VisualStudio.TestTools.TestTypes.Unit.UnitTestAdapter" className="MS.TF.DistributedTask.Server.L0.Tests.ResourceServiceTests" name="ResourceService_GetMessage_UsesSessionFromCache" />
    </UnitTest>
    <UnitTest name="CreateServiceEndpointThrowsExceptionForEmptyScope" storage="d:\v2.0\a1\_work\dbded102\bin\release.anycpu\distributedtask.service\ms.tf.distributedtask.server.l0.tests\ms.tf.distributedtask.server.l0.tests.dll" id="fd59e0f5-5534-36f9-a506-e60675e70908">
      <Owners>
        <Owner name="vishnug" />
      </Owners>
      <Execution id="07c3315a-9639-4384-a363-0c16145d8d9d" />
      <TestMethod codeBase="D:\v2.0\A1\_work\dbded102\bin\Release.AnyCPU\DistributedTask.Service\MS.TF.DistributedTask.Server.L0.Tests\MS.TF.DistributedTask.Server.L0.Tests.dll" adapterTypeName="Microsoft.VisualStudio.TestTools.TestTypes.Unit.UnitTestAdapter" className="MS.TF.DistributedTask.Server.L0.Tests.CreateServiceEndpointTests" name="CreateServiceEndpointThrowsExceptionForEmptyScope" />
    </UnitTest>
    <UnitTest name="CreateServiceEndpointThrowsExceptionForInvalidParameters" storage="d:\v2.0\a1\_work\dbded102\bin\release.anycpu\distributedtask.service\ms.tf.distributedtask.server.l0.tests\ms.tf.distributedtask.server.l0.tests.dll" id="b5dff410-a73b-f287-68ac-7008e82f0c02">
      <Owners>
        <Owner name="vishnug" />
      </Owners>
      <Execution id="80579dad-6c48-4cc8-a5d2-f7849d1fb0a4" />
      <TestMethod codeBase="D:\v2.0\A1\_work\dbded102\bin\Release.AnyCPU\DistributedTask.Service\MS.TF.DistributedTask.Server.L0.Tests\MS.TF.DistributedTask.Server.L0.Tests.dll" adapterTypeName="Microsoft.VisualStudio.TestTools.TestTypes.Unit.UnitTestAdapter" className="MS.TF.DistributedTask.Server.L0.Tests.CreateServiceEndpointTests" name="CreateServiceEndpointThrowsExceptionForInvalidParameters" />
    </UnitTest>
    <UnitTest name="CreateServiceEndpointShouldCreateAServiceEndpointForValidParameters" storage="d:\v2.0\a1\_work\dbded102\bin\release.anycpu\distributedtask.service\ms.tf.distributedtask.server.l0.tests\ms.tf.distributedtask.server.l0.tests.dll" id="593612cd-c0d5-e41c-a7de-1c9e37fb1a4f">
      <Owners>
        <Owner name="vishnug" />
      </Owners>
      <Execution id="0bcd5dc5-1726-4082-b63b-07dc2e612de1" />
      <TestMethod codeBase="D:\v2.0\A1\_work\dbded102\bin\Release.AnyCPU\DistributedTask.Service\MS.TF.DistributedTask.Server.L0.Tests\MS.TF.DistributedTask.Server.L0.Tests.dll" adapterTypeName="Microsoft.VisualStudio.TestTools.TestTypes.Unit.UnitTestAdapter" className="MS.TF.DistributedTask.Server.L0.Tests.CreateServiceEndpointTests" name="CreateServiceEndpointShouldCreateAServiceEndpointForValidParameters" />
    </UnitTest>
    <UnitTest name="CreateServiceEndpointShouldDeleteDrawerAndThrowExceptionWhenErrorOccurs" storage="d:\v2.0\a1\_work\dbded102\bin\release.anycpu\distributedtask.service\ms.tf.distributedtask.server.l0.tests\ms.tf.distributedtask.server.l0.tests.dll" id="5930237a-0380-055c-2f21-2898587a2233">
      <Owners>
        <Owner name="vishnug" />
      </Owners>
      <Execution id="26835aa4-57da-47f1-97eb-0307e7ecea54" />
      <TestMethod codeBase="D:\v2.0\A1\_work\dbded102\bin\Release.AnyCPU\DistributedTask.Service\MS.TF.DistributedTask.Server.L0.Tests\MS.TF.DistributedTask.Server.L0.Tests.dll" adapterTypeName="Microsoft.VisualStudio.TestTools.TestTypes.Unit.UnitTestAdapter" className="MS.TF.DistributedTask.Server.L0.Tests.CreateServiceEndpointTests" name="CreateServiceEndpointShouldDeleteDrawerAndThrowExceptionWhenErrorOccurs" />
    </UnitTest>
    <UnitTest name="QueryServiceEndpointShouldThrowExceptionForInvalidScopeId" storage="d:\v2.0\a1\_work\dbded102\bin\release.anycpu\distributedtask.service\ms.tf.distributedtask.server.l0.tests\ms.tf.distributedtask.server.l0.tests.dll" id="3f32e5a4-d648-28b3-cb0c-07ef54e6b86b">
      <Owners>
        <Owner name="vishnug" />
      </Owners>
      <Execution id="89264e26-7ecd-4194-8fea-9e4f4296cc27" />
      <TestMethod codeBase="D:\v2.0\A1\_work\dbded102\bin\Release.AnyCPU\DistributedTask.Service\MS.TF.DistributedTask.Server.L0.Tests\MS.TF.DistributedTask.Server.L0.Tests.dll" adapterTypeName="Microsoft.VisualStudio.TestTools.TestTypes.Unit.UnitTestAdapter" className="MS.TF.DistributedTask.Server.L0.Tests.QueryServiceEndpointsTests" name="QueryServiceEndpointShouldThrowExceptionForInvalidScopeId" />
    </UnitTest>
    <UnitTest name="QueryServiceEndpointShouldNotThrowExceptionForNullOrEmptyType" storage="d:\v2.0\a1\_work\dbded102\bin\release.anycpu\distributedtask.service\ms.tf.distributedtask.server.l0.tests\ms.tf.distributedtask.server.l0.tests.dll" id="7f90b176-4e5c-7daa-76d4-e5d3b8bde8df">
      <Owners>
        <Owner name="vishnug" />
      </Owners>
      <Execution id="77aaa574-bb16-4258-90de-c00812a01a96" />
      <TestMethod codeBase="D:\v2.0\A1\_work\dbded102\bin\Release.AnyCPU\DistributedTask.Service\MS.TF.DistributedTask.Server.L0.Tests\MS.TF.DistributedTask.Server.L0.Tests.dll" adapterTypeName="Microsoft.VisualStudio.TestTools.TestTypes.Unit.UnitTestAdapter" className="MS.TF.DistributedTask.Server.L0.Tests.QueryServiceEndpointsTests" name="QueryServiceEndpointShouldNotThrowExceptionForNullOrEmptyType" />
    </UnitTest>
    <UnitTest name="QueryServiceEndpointShouldNotThrowExceptionForNullOrEmptyAuthScheme" storage="d:\v2.0\a1\_work\dbded102\bin\release.anycpu\distributedtask.service\ms.tf.distributedtask.server.l0.tests\ms.tf.distributedtask.server.l0.tests.dll" id="4ede1556-7c0f-bddc-27e8-fe81724baadb">
      <Owners>
        <Owner name="roniga" />
      </Owners>
      <Execution id="35f8b447-0cc0-4188-94a3-7ac642071148" />
      <TestMethod codeBase="D:\v2.0\A1\_work\dbded102\bin\Release.AnyCPU\DistributedTask.Service\MS.TF.DistributedTask.Server.L0.Tests\MS.TF.DistributedTask.Server.L0.Tests.dll" adapterTypeName="Microsoft.VisualStudio.TestTools.TestTypes.Unit.UnitTestAdapter" className="MS.TF.DistributedTask.Server.L0.Tests.QueryServiceEndpointsTests" name="QueryServiceEndpointShouldNotThrowExceptionForNullOrEmptyAuthScheme" />
    </UnitTest>
    <UnitTest name="QueryServiceEndpointShouldReturnEmptyListWhenUserDoesNotHasPermissions" storage="d:\v2.0\a1\_work\dbded102\bin\release.anycpu\distributedtask.service\ms.tf.distributedtask.server.l0.tests\ms.tf.distributedtask.server.l0.tests.dll" id="1fca4264-8615-9700-4c0e-1a04fd299a72">
      <Owners>
        <Owner name="vishnug" />
      </Owners>
      <Execution id="9145edae-8fe3-4504-93b8-87b9e804e7af" />
      <TestMethod codeBase="D:\v2.0\A1\_work\dbded102\bin\Release.AnyCPU\DistributedTask.Service\MS.TF.DistributedTask.Server.L0.Tests\MS.TF.DistributedTask.Server.L0.Tests.dll" adapterTypeName="Microsoft.VisualStudio.TestTools.TestTypes.Unit.UnitTestAdapter" className="MS.TF.DistributedTask.Server.L0.Tests.QueryServiceEndpointsTests" name="QueryServiceEndpointShouldReturnEmptyListWhenUserDoesNotHasPermissions" />
    </UnitTest>
    <UnitTest name="QueryServiceEndpointShouldReturnValidServiceEndpointForRightValues" storage="d:\v2.0\a1\_work\dbded102\bin\release.anycpu\distributedtask.service\ms.tf.distributedtask.server.l0.tests\ms.tf.distributedtask.server.l0.tests.dll" id="08dcbcb3-83b9-d79b-26bb-42cd7900dfde">
      <Owners>
        <Owner name="vishnug" />
      </Owners>
      <Execution id="4e2d21d0-7465-4368-8cb5-015bb70b4c78" />
      <TestMethod codeBase="D:\v2.0\A1\_work\dbded102\bin\Release.AnyCPU\DistributedTask.Service\MS.TF.DistributedTask.Server.L0.Tests\MS.TF.DistributedTask.Server.L0.Tests.dll" adapterTypeName="Microsoft.VisualStudio.TestTools.TestTypes.Unit.UnitTestAdapter" className="MS.TF.DistributedTask.Server.L0.Tests.QueryServiceEndpointsTests" name="QueryServiceEndpointShouldReturnValidServiceEndpointForRightValues" />
    </UnitTest>
    <UnitTest name="QueryServiceEndpointShouldReturnValidServiceEndpointForDifferentValuesOfAuthScheme" storage="d:\v2.0\a1\_work\dbded102\bin\release.anycpu\distributedtask.service\ms.tf.distributedtask.server.l0.tests\ms.tf.distributedtask.server.l0.tests.dll" id="5c56cbb8-bf7b-cfa8-cbbc-436fa109404f">
      <Owners>
        <Owner name="roniga" />
      </Owners>
      <Execution id="fde2f4c4-9678-4b6f-a185-65c9a4033e34" />
      <TestMethod codeBase="D:\v2.0\A1\_work\dbded102\bin\Release.AnyCPU\DistributedTask.Service\MS.TF.DistributedTask.Server.L0.Tests\MS.TF.DistributedTask.Server.L0.Tests.dll" adapterTypeName="Microsoft.VisualStudio.TestTools.TestTypes.Unit.UnitTestAdapter" className="MS.TF.DistributedTask.Server.L0.Tests.QueryServiceEndpointsTests" name="QueryServiceEndpointShouldReturnValidServiceEndpointForDifferentValuesOfAuthScheme" />
    </UnitTest>
    <UnitTest name="GetServiceEndpointThrowsExceptionForEmptyServiceEndpointId" storage="d:\v2.0\a1\_work\dbded102\bin\release.anycpu\distributedtask.service\ms.tf.distributedtask.server.l0.tests\ms.tf.distributedtask.server.l0.tests.dll" id="fe885a63-f593-0a80-f044-fb1dcb63e687">
      <Owners>
        <Owner name="vishnug" />
      </Owners>
      <Execution id="3265e0c4-6766-4fbd-94f1-aace43d8a110" />
      <TestMethod codeBase="D:\v2.0\A1\_work\dbded102\bin\Release.AnyCPU\DistributedTask.Service\MS.TF.DistributedTask.Server.L0.Tests\MS.TF.DistributedTask.Server.L0.Tests.dll" adapterTypeName="Microsoft.VisualStudio.TestTools.TestTypes.Unit.UnitTestAdapter" className="MS.TF.DistributedTask.Server.L0.Tests.GetServiceEndpointTests" name="GetServiceEndpointThrowsExceptionForEmptyServiceEndpointId" />
    </UnitTest>
    <UnitTest name="GetServiceEndpointThrowsExceptionForEmptyScopeId" storage="d:\v2.0\a1\_work\dbded102\bin\release.anycpu\distributedtask.service\ms.tf.distributedtask.server.l0.tests\ms.tf.distributedtask.server.l0.tests.dll" id="0a1263cd-f2ca-b6e9-dbb5-de5be9fc1910">
      <Owners>
        <Owner name="vishnug" />
      </Owners>
      <Execution id="383022da-1d3f-4984-a89d-74f196451833" />
      <TestMethod codeBase="D:\v2.0\A1\_work\dbded102\bin\Release.AnyCPU\DistributedTask.Service\MS.TF.DistributedTask.Server.L0.Tests\MS.TF.DistributedTask.Server.L0.Tests.dll" adapterTypeName="Microsoft.VisualStudio.TestTools.TestTypes.Unit.UnitTestAdapter" className="MS.TF.DistributedTask.Server.L0.Tests.GetServiceEndpointTests" name="GetServiceEndpointThrowsExceptionForEmptyScopeId" />
    </UnitTest>
    <UnitTest name="GetServiceEndpointReturnsNullWhenNoDrawerExistsWithServiceEndpoint" storage="d:\v2.0\a1\_work\dbded102\bin\release.anycpu\distributedtask.service\ms.tf.distributedtask.server.l0.tests\ms.tf.distributedtask.server.l0.tests.dll" id="9f58b625-b906-7ef5-12d7-48a9a2cc7d28">
      <Owners>
        <Owner name="vishnug" />
      </Owners>
      <Execution id="72ceaf99-ab07-408a-aa42-1f3dfe9108b4" />
      <TestMethod codeBase="D:\v2.0\A1\_work\dbded102\bin\Release.AnyCPU\DistributedTask.Service\MS.TF.DistributedTask.Server.L0.Tests\MS.TF.DistributedTask.Server.L0.Tests.dll" adapterTypeName="Microsoft.VisualStudio.TestTools.TestTypes.Unit.UnitTestAdapter" className="MS.TF.DistributedTask.Server.L0.Tests.GetServiceEndpointTests" name="GetServiceEndpointReturnsNullWhenNoDrawerExistsWithServiceEndpoint" />
    </UnitTest>
    <UnitTest name="GetServiceEndpointThrowsExceptionIfSomeErrorOccurs" storage="d:\v2.0\a1\_work\dbded102\bin\release.anycpu\distributedtask.service\ms.tf.distributedtask.server.l0.tests\ms.tf.distributedtask.server.l0.tests.dll" id="6bf6d3e2-2459-8352-e60a-a74ec7979490">
      <Owners>
        <Owner name="vishnug" />
      </Owners>
      <Execution id="7c573086-d55f-41bc-a261-e0a0a6abd6f7" />
      <TestMethod codeBase="D:\v2.0\A1\_work\dbded102\bin\Release.AnyCPU\DistributedTask.Service\MS.TF.DistributedTask.Server.L0.Tests\MS.TF.DistributedTask.Server.L0.Tests.dll" adapterTypeName="Microsoft.VisualStudio.TestTools.TestTypes.Unit.UnitTestAdapter" className="MS.TF.DistributedTask.Server.L0.Tests.GetServiceEndpointTests" name="GetServiceEndpointThrowsExceptionIfSomeErrorOccurs" />
    </UnitTest>
    <UnitTest name="GetServiceEndpointFetchesDataFromStrongBoxIfExists" storage="d:\v2.0\a1\_work\dbded102\bin\release.anycpu\distributedtask.service\ms.tf.distributedtask.server.l0.tests\ms.tf.distributedtask.server.l0.tests.dll" id="4f6bc7df-c71f-197c-9621-759d88891d38">
      <Owners>
        <Owner name="vishnug" />
      </Owners>
      <Execution id="064469f0-de31-4cfa-983d-a4e854fa5456" />
      <TestMethod codeBase="D:\v2.0\A1\_work\dbded102\bin\Release.AnyCPU\DistributedTask.Service\MS.TF.DistributedTask.Server.L0.Tests\MS.TF.DistributedTask.Server.L0.Tests.dll" adapterTypeName="Microsoft.VisualStudio.TestTools.TestTypes.Unit.UnitTestAdapter" className="MS.TF.DistributedTask.Server.L0.Tests.GetServiceEndpointTests" name="GetServiceEndpointFetchesDataFromStrongBoxIfExists" />
    </UnitTest>
    <UnitTest name="DeleteServiceEndpointThrowsExceptionForEmptyScopeId" storage="d:\v2.0\a1\_work\dbded102\bin\release.anycpu\distributedtask.service\ms.tf.distributedtask.server.l0.tests\ms.tf.distributedtask.server.l0.tests.dll" id="f0431a5d-f6a6-7733-f26a-dc962ee76850">
      <Owners>
        <Owner name="vishnug" />
      </Owners>
      <Execution id="18b9ecda-6db1-47cd-8cab-2c0e80816355" />
      <TestMethod codeBase="D:\v2.0\A1\_work\dbded102\bin\Release.AnyCPU\DistributedTask.Service\MS.TF.DistributedTask.Server.L0.Tests\MS.TF.DistributedTask.Server.L0.Tests.dll" adapterTypeName="Microsoft.VisualStudio.TestTools.TestTypes.Unit.UnitTestAdapter" className="MS.TF.DistributedTask.Server.L0.Tests.DeleteServiceEndpointTests" name="DeleteServiceEndpointThrowsExceptionForEmptyScopeId" />
    </UnitTest>
    <UnitTest name="DeleteServiceEndpointThrowsExceptionForEmptyServiceEndpointId" storage="d:\v2.0\a1\_work\dbded102\bin\release.anycpu\distributedtask.service\ms.tf.distributedtask.server.l0.tests\ms.tf.distributedtask.server.l0.tests.dll" id="4f919cdf-0333-51d9-a1d7-d9f3ef2e1ab9">
      <Owners>
        <Owner name="vishnug" />
      </Owners>
      <Execution id="3ee1832f-62b3-41fa-9cb6-2c34f4792e41" />
      <TestMethod codeBase="D:\v2.0\A1\_work\dbded102\bin\Release.AnyCPU\DistributedTask.Service\MS.TF.DistributedTask.Server.L0.Tests\MS.TF.DistributedTask.Server.L0.Tests.dll" adapterTypeName="Microsoft.VisualStudio.TestTools.TestTypes.Unit.UnitTestAdapter" className="MS.TF.DistributedTask.Server.L0.Tests.DeleteServiceEndpointTests" name="DeleteServiceEndpointThrowsExceptionForEmptyServiceEndpointId" />
    </UnitTest>
    <UnitTest name="DeleteServiceEndpointDeletesServiceEndpointIfExists" storage="d:\v2.0\a1\_work\dbded102\bin\release.anycpu\distributedtask.service\ms.tf.distributedtask.server.l0.tests\ms.tf.distributedtask.server.l0.tests.dll" id="938d3c8c-a0e2-0b03-537f-d1a130c1bb27">
      <Owners>
        <Owner name="vishnug" />
      </Owners>
      <Execution id="40da2055-1bb4-466d-94d8-f86f3654a633" />
      <TestMethod codeBase="D:\v2.0\A1\_work\dbded102\bin\Release.AnyCPU\DistributedTask.Service\MS.TF.DistributedTask.Server.L0.Tests\MS.TF.DistributedTask.Server.L0.Tests.dll" adapterTypeName="Microsoft.VisualStudio.TestTools.TestTypes.Unit.UnitTestAdapter" className="MS.TF.DistributedTask.Server.L0.Tests.DeleteServiceEndpointTests" name="DeleteServiceEndpointDeletesServiceEndpointIfExists" />
    </UnitTest>
    <UnitTest name="TaskDefinitionWebApiProxyController_QueryEndpoint_MissingTaskDefinition_BadRequest" storage="d:\v2.0\a1\_work\dbded102\bin\release.anycpu\distributedtask.service\ms.tf.distributedtask.server.l0.tests\ms.tf.distributedtask.server.l0.tests.dll" id="3e115d4f-b2fa-3b67-3dad-7c083ca3a5ed">
      <Execution id="0a859681-f825-4675-97df-f84601f497c0" />
      <TestMethod codeBase="D:\v2.0\A1\_work\dbded102\bin\Release.AnyCPU\DistributedTask.Service\MS.TF.DistributedTask.Server.L0.Tests\MS.TF.DistributedTask.Server.L0.Tests.dll" adapterTypeName="Microsoft.VisualStudio.TestTools.TestTypes.Unit.UnitTestAdapter" className="MS.TF.DistributedTask.Server.L0.Tests.TaskDefinitionWebApiProxyControllerTests" name="TaskDefinitionWebApiProxyController_QueryEndpoint_MissingTaskDefinition_BadRequest" />
    </UnitTest>
    <UnitTest name="TaskDefinitionWebApiProxyController_QueryEndpoint_MissingEndpoint" storage="d:\v2.0\a1\_work\dbded102\bin\release.anycpu\distributedtask.service\ms.tf.distributedtask.server.l0.tests\ms.tf.distributedtask.server.l0.tests.dll" id="984384d5-6182-f143-978e-cb8af8e7ffdd">
      <Execution id="bd98906d-6408-4cb4-8ac8-dd34e14372b7" />
      <TestMethod codeBase="D:\v2.0\A1\_work\dbded102\bin\Release.AnyCPU\DistributedTask.Service\MS.TF.DistributedTask.Server.L0.Tests\MS.TF.DistributedTask.Server.L0.Tests.dll" adapterTypeName="Microsoft.VisualStudio.TestTools.TestTypes.Unit.UnitTestAdapter" className="MS.TF.DistributedTask.Server.L0.Tests.TaskDefinitionWebApiProxyControllerTests" name="TaskDefinitionWebApiProxyController_QueryEndpoint_MissingEndpoint" />
    </UnitTest>
    <UnitTest name="TaskAgentsController_PostWithNullVersionSetsDefault" storage="d:\v2.0\a1\_work\dbded102\bin\release.anycpu\distributedtask.service\ms.tf.distributedtask.server.l0.tests\ms.tf.distributedtask.server.l0.tests.dll" id="2844c54a-4ec0-94ef-310f-025dc26d1ebf">
      <Execution id="27810ae2-5dca-4863-9e73-ccfb92f3afe4" />
      <TestMethod codeBase="D:\v2.0\A1\_work\dbded102\bin\Release.AnyCPU\DistributedTask.Service\MS.TF.DistributedTask.Server.L0.Tests\MS.TF.DistributedTask.Server.L0.Tests.dll" adapterTypeName="Microsoft.VisualStudio.TestTools.TestTypes.Unit.UnitTestAdapter" className="MS.TF.DistributedTask.Server.L0.Tests.TaskAgentsControllerTests" name="TaskAgentsController_PostWithNullVersionSetsDefault" />
    </UnitTest>
    <UnitTest name="TaskAgentsController_PostWithVersionAsSystemCapabilitySucceeds" storage="d:\v2.0\a1\_work\dbded102\bin\release.anycpu\distributedtask.service\ms.tf.distributedtask.server.l0.tests\ms.tf.distributedtask.server.l0.tests.dll" id="c351d211-5839-f117-dcc2-34cb923d6ba9">
      <Execution id="4110cbb9-c295-4809-bd6f-bd932921a940" />
      <TestMethod codeBase="D:\v2.0\A1\_work\dbded102\bin\Release.AnyCPU\DistributedTask.Service\MS.TF.DistributedTask.Server.L0.Tests\MS.TF.DistributedTask.Server.L0.Tests.dll" adapterTypeName="Microsoft.VisualStudio.TestTools.TestTypes.Unit.UnitTestAdapter" className="MS.TF.DistributedTask.Server.L0.Tests.TaskAgentsControllerTests" name="TaskAgentsController_PostWithVersionAsSystemCapabilitySucceeds" />
    </UnitTest>
    <UnitTest name="TaskAgentsController_PutWithoutVersionDoesNotSetDefault" storage="d:\v2.0\a1\_work\dbded102\bin\release.anycpu\distributedtask.service\ms.tf.distributedtask.server.l0.tests\ms.tf.distributedtask.server.l0.tests.dll" id="379afbd0-4840-5804-dbe3-c7a1eacbfbbc">
      <Execution id="1e9de5f3-b912-43c8-a551-7c7321520f1a" />
      <TestMethod codeBase="D:\v2.0\A1\_work\dbded102\bin\Release.AnyCPU\DistributedTask.Service\MS.TF.DistributedTask.Server.L0.Tests\MS.TF.DistributedTask.Server.L0.Tests.dll" adapterTypeName="Microsoft.VisualStudio.TestTools.TestTypes.Unit.UnitTestAdapter" className="MS.TF.DistributedTask.Server.L0.Tests.TaskAgentsControllerTests" name="TaskAgentsController_PutWithoutVersionDoesNotSetDefault" />
    </UnitTest>
    <UnitTest name="TaskAgentsController_PutWithVersionAsSystemCapabilitySucceeds" storage="d:\v2.0\a1\_work\dbded102\bin\release.anycpu\distributedtask.service\ms.tf.distributedtask.server.l0.tests\ms.tf.distributedtask.server.l0.tests.dll" id="4a83e0bd-3c06-56b4-f2f3-319e468dad31">
      <Execution id="56d4084b-1939-4724-bb1d-9c27c36ad316" />
      <TestMethod codeBase="D:\v2.0\A1\_work\dbded102\bin\Release.AnyCPU\DistributedTask.Service\MS.TF.DistributedTask.Server.L0.Tests\MS.TF.DistributedTask.Server.L0.Tests.dll" adapterTypeName="Microsoft.VisualStudio.TestTools.TestTypes.Unit.UnitTestAdapter" className="MS.TF.DistributedTask.Server.L0.Tests.TaskAgentsControllerTests" name="TaskAgentsController_PutWithVersionAsSystemCapabilitySucceeds" />
    </UnitTest>
    <UnitTest name="TaskAgentsController_PatchWithoutVersionDoesNotSetDefault" storage="d:\v2.0\a1\_work\dbded102\bin\release.anycpu\distributedtask.service\ms.tf.distributedtask.server.l0.tests\ms.tf.distributedtask.server.l0.tests.dll" id="8f65ac51-f01f-844b-f4fb-31245d6d78e4">
      <Execution id="66ff0fdc-79c3-4c85-adeb-f45108581952" />
      <TestMethod codeBase="D:\v2.0\A1\_work\dbded102\bin\Release.AnyCPU\DistributedTask.Service\MS.TF.DistributedTask.Server.L0.Tests\MS.TF.DistributedTask.Server.L0.Tests.dll" adapterTypeName="Microsoft.VisualStudio.TestTools.TestTypes.Unit.UnitTestAdapter" className="MS.TF.DistributedTask.Server.L0.Tests.TaskAgentsControllerTests" name="TaskAgentsController_PatchWithoutVersionDoesNotSetDefault" />
    </UnitTest>
    <UnitTest name="TaskAgentsController_PatchWithVersionAsSystemCapabilitySucceeds" storage="d:\v2.0\a1\_work\dbded102\bin\release.anycpu\distributedtask.service\ms.tf.distributedtask.server.l0.tests\ms.tf.distributedtask.server.l0.tests.dll" id="50e2f6f5-b633-71e7-9510-dabee79fdd09">
      <Execution id="d104c6c1-d25b-44ff-b96d-f2d03c2554cf" />
      <TestMethod codeBase="D:\v2.0\A1\_work\dbded102\bin\Release.AnyCPU\DistributedTask.Service\MS.TF.DistributedTask.Server.L0.Tests\MS.TF.DistributedTask.Server.L0.Tests.dll" adapterTypeName="Microsoft.VisualStudio.TestTools.TestTypes.Unit.UnitTestAdapter" className="MS.TF.DistributedTask.Server.L0.Tests.TaskAgentsControllerTests" name="TaskAgentsController_PatchWithVersionAsSystemCapabilitySucceeds" />
    </UnitTest>
    <UnitTest name="TaskLocalization_TestLocalizeDocument" storage="d:\v2.0\a1\_work\dbded102\bin\release.anycpu\distributedtask.service\ms.tf.distributedtask.server.l0.tests\ms.tf.distributedtask.server.l0.tests.dll" id="91f8ed4b-1dd0-e3f5-fc55-b1274aaf8ba1">
      <Execution id="262aeb97-73f8-4154-82c9-1afe00a6eee3" />
      <TestMethod codeBase="D:\v2.0\A1\_work\dbded102\bin\Release.AnyCPU\DistributedTask.Service\MS.TF.DistributedTask.Server.L0.Tests\MS.TF.DistributedTask.Server.L0.Tests.dll" adapterTypeName="Microsoft.VisualStudio.TestTools.TestTypes.Unit.UnitTestAdapter" className="MS.TF.DistributedTask.Server.L0.Tests.TaskLocalizationTests" name="TaskLocalization_TestLocalizeDocument" />
    </UnitTest>
    <UnitTest name="TaskLocalization_TestMergeResourcesDocuments" storage="d:\v2.0\a1\_work\dbded102\bin\release.anycpu\distributedtask.service\ms.tf.distributedtask.server.l0.tests\ms.tf.distributedtask.server.l0.tests.dll" id="93c05ee4-2e83-d3f1-654f-0f2e9648c4ef">
      <Execution id="6f4e2d6a-bc2f-4617-b8f8-b6f736a4e4c4" />
      <TestMethod codeBase="D:\v2.0\A1\_work\dbded102\bin\Release.AnyCPU\DistributedTask.Service\MS.TF.DistributedTask.Server.L0.Tests\MS.TF.DistributedTask.Server.L0.Tests.dll" adapterTypeName="Microsoft.VisualStudio.TestTools.TestTypes.Unit.UnitTestAdapter" className="MS.TF.DistributedTask.Server.L0.Tests.TaskLocalizationTests" name="TaskLocalization_TestMergeResourcesDocuments" />
    </UnitTest>
    <UnitTest name="TaskService_GetTaskDefinitions_PreviewFeatureFlagEnabledReturnsPreviewTasks" storage="d:\v2.0\a1\_work\dbded102\bin\release.anycpu\distributedtask.service\ms.tf.distributedtask.server.l0.tests\ms.tf.distributedtask.server.l0.tests.dll" id="9af10368-170a-032a-1c37-43473994b90d">
      <Execution id="169de6e9-5a86-4728-86d9-7d2afa7c7361" />
      <TestMethod codeBase="D:\v2.0\A1\_work\dbded102\bin\Release.AnyCPU\DistributedTask.Service\MS.TF.DistributedTask.Server.L0.Tests\MS.TF.DistributedTask.Server.L0.Tests.dll" adapterTypeName="Microsoft.VisualStudio.TestTools.TestTypes.Unit.UnitTestAdapter" className="MS.TF.DistributedTask.Server.L0.Tests.TaskServiceTests" name="TaskService_GetTaskDefinitions_PreviewFeatureFlagEnabledReturnsPreviewTasks" />
    </UnitTest>
    <UnitTest name="TaskService_GetTaskDefinitions_PreviewFeatureFlagDisabledDoesNotReturnPreviewTasks" storage="d:\v2.0\a1\_work\dbded102\bin\release.anycpu\distributedtask.service\ms.tf.distributedtask.server.l0.tests\ms.tf.distributedtask.server.l0.tests.dll" id="f56e05da-950f-f51f-7221-84f2cff96b8e">
      <Execution id="ab59db77-d5bc-48a2-a9d0-38b53fdd91f0" />
      <TestMethod codeBase="D:\v2.0\A1\_work\dbded102\bin\Release.AnyCPU\DistributedTask.Service\MS.TF.DistributedTask.Server.L0.Tests\MS.TF.DistributedTask.Server.L0.Tests.dll" adapterTypeName="Microsoft.VisualStudio.TestTools.TestTypes.Unit.UnitTestAdapter" className="MS.TF.DistributedTask.Server.L0.Tests.TaskServiceTests" name="TaskService_GetTaskDefinitions_PreviewFeatureFlagDisabledDoesNotReturnPreviewTasks" />
    </UnitTest>
    <UnitTest name="TaskService_GetTaskDefinitions_ScopeLocalReturnsLocalTasksOnlyIncludingPreviewTasks" storage="d:\v2.0\a1\_work\dbded102\bin\release.anycpu\distributedtask.service\ms.tf.distributedtask.server.l0.tests\ms.tf.distributedtask.server.l0.tests.dll" id="9c1e2644-18b3-78fc-9511-2d61f8552f23">
      <Execution id="92e2710c-472b-4525-ab3f-f2fc95e6e43f" />
      <TestMethod codeBase="D:\v2.0\A1\_work\dbded102\bin\Release.AnyCPU\DistributedTask.Service\MS.TF.DistributedTask.Server.L0.Tests\MS.TF.DistributedTask.Server.L0.Tests.dll" adapterTypeName="Microsoft.VisualStudio.TestTools.TestTypes.Unit.UnitTestAdapter" className="MS.TF.DistributedTask.Server.L0.Tests.TaskServiceTests" name="TaskService_GetTaskDefinitions_ScopeLocalReturnsLocalTasksOnlyIncludingPreviewTasks" />
    </UnitTest>
    <UnitTest name="TaskService_GetTaskDefinitions_TaskIdFilterReturnsSpecifiedTask" storage="d:\v2.0\a1\_work\dbded102\bin\release.anycpu\distributedtask.service\ms.tf.distributedtask.server.l0.tests\ms.tf.distributedtask.server.l0.tests.dll" id="850779e7-de4f-c0c1-da72-4df4bdffb982">
      <Execution id="f12e1540-8c41-4391-999f-c0876566ae9e" />
      <TestMethod codeBase="D:\v2.0\A1\_work\dbded102\bin\Release.AnyCPU\DistributedTask.Service\MS.TF.DistributedTask.Server.L0.Tests\MS.TF.DistributedTask.Server.L0.Tests.dll" adapterTypeName="Microsoft.VisualStudio.TestTools.TestTypes.Unit.UnitTestAdapter" className="MS.TF.DistributedTask.Server.L0.Tests.TaskServiceTests" name="TaskService_GetTaskDefinitions_TaskIdFilterReturnsSpecifiedTask" />
    </UnitTest>
    <UnitTest name="TaskService_GetTaskDefinitions_TaskIdAndVersionFilterReturnsSpecifiedTask" storage="d:\v2.0\a1\_work\dbded102\bin\release.anycpu\distributedtask.service\ms.tf.distributedtask.server.l0.tests\ms.tf.distributedtask.server.l0.tests.dll" id="81d8ccb7-707d-41e2-9d1d-5eed13592187">
      <Execution id="92e9ae87-bdb2-455d-bd10-29db253061c5" />
      <TestMethod codeBase="D:\v2.0\A1\_work\dbded102\bin\Release.AnyCPU\DistributedTask.Service\MS.TF.DistributedTask.Server.L0.Tests\MS.TF.DistributedTask.Server.L0.Tests.dll" adapterTypeName="Microsoft.VisualStudio.TestTools.TestTypes.Unit.UnitTestAdapter" className="MS.TF.DistributedTask.Server.L0.Tests.TaskServiceTests" name="TaskService_GetTaskDefinitions_TaskIdAndVersionFilterReturnsSpecifiedTask" />
    </UnitTest>
    <UnitTest name="TaskService_GetTaskDefinitions_TaskIdFilterDoesNotReturnPreviewTaskIfDisabled" storage="d:\v2.0\a1\_work\dbded102\bin\release.anycpu\distributedtask.service\ms.tf.distributedtask.server.l0.tests\ms.tf.distributedtask.server.l0.tests.dll" id="c75bccbe-ab6f-4a3b-903b-d4afe9c7b2ef">
      <Execution id="d4bb4d81-6d63-4b7b-b363-af4ed16fe475" />
      <TestMethod codeBase="D:\v2.0\A1\_work\dbded102\bin\Release.AnyCPU\DistributedTask.Service\MS.TF.DistributedTask.Server.L0.Tests\MS.TF.DistributedTask.Server.L0.Tests.dll" adapterTypeName="Microsoft.VisualStudio.TestTools.TestTypes.Unit.UnitTestAdapter" className="MS.TF.DistributedTask.Server.L0.Tests.TaskServiceTests" name="TaskService_GetTaskDefinitions_TaskIdFilterDoesNotReturnPreviewTaskIfDisabled" />
    </UnitTest>
    <UnitTest name="TaskService_GetTaskDefinitions_TaskIdAndVersionFilterDoesNotReturnPreviewTaskIfDisabled" storage="d:\v2.0\a1\_work\dbded102\bin\release.anycpu\distributedtask.service\ms.tf.distributedtask.server.l0.tests\ms.tf.distributedtask.server.l0.tests.dll" id="b5571b94-df97-dce0-57a1-ddd1f58cdde8">
      <Execution id="15a4a95c-a77b-4eb5-84aa-e73919e68ff0" />
      <TestMethod codeBase="D:\v2.0\A1\_work\dbded102\bin\Release.AnyCPU\DistributedTask.Service\MS.TF.DistributedTask.Server.L0.Tests\MS.TF.DistributedTask.Server.L0.Tests.dll" adapterTypeName="Microsoft.VisualStudio.TestTools.TestTypes.Unit.UnitTestAdapter" className="MS.TF.DistributedTask.Server.L0.Tests.TaskServiceTests" name="TaskService_GetTaskDefinitions_TaskIdAndVersionFilterDoesNotReturnPreviewTaskIfDisabled" />
    </UnitTest>
    <UnitTest name="TaskService_GetTaskDefinitions_VisibilityFilterReturnsProperTasksWithoutPreviewEnabled" storage="d:\v2.0\a1\_work\dbded102\bin\release.anycpu\distributedtask.service\ms.tf.distributedtask.server.l0.tests\ms.tf.distributedtask.server.l0.tests.dll" id="847d0d2c-cdd7-6c41-8695-55f54e668a56">
      <Execution id="7f0349e9-4ef5-4a00-a20e-f2b69e799146" />
      <TestMethod codeBase="D:\v2.0\A1\_work\dbded102\bin\Release.AnyCPU\DistributedTask.Service\MS.TF.DistributedTask.Server.L0.Tests\MS.TF.DistributedTask.Server.L0.Tests.dll" adapterTypeName="Microsoft.VisualStudio.TestTools.TestTypes.Unit.UnitTestAdapter" className="MS.TF.DistributedTask.Server.L0.Tests.TaskServiceTests" name="TaskService_GetTaskDefinitions_VisibilityFilterReturnsProperTasksWithoutPreviewEnabled" />
    </UnitTest>
    <UnitTest name="TaskService_GetTaskDefinitions_VisibilityFilterReturnsProperTasksWithPreviewEnabled" storage="d:\v2.0\a1\_work\dbded102\bin\release.anycpu\distributedtask.service\ms.tf.distributedtask.server.l0.tests\ms.tf.distributedtask.server.l0.tests.dll" id="959f6c59-68cc-b783-0a90-7364b57f432d">
      <Execution id="f922ff72-a397-4af1-8c2d-400adc2d8b2e" />
      <TestMethod codeBase="D:\v2.0\A1\_work\dbded102\bin\Release.AnyCPU\DistributedTask.Service\MS.TF.DistributedTask.Server.L0.Tests\MS.TF.DistributedTask.Server.L0.Tests.dll" adapterTypeName="Microsoft.VisualStudio.TestTools.TestTypes.Unit.UnitTestAdapter" className="MS.TF.DistributedTask.Server.L0.Tests.TaskServiceTests" name="TaskService_GetTaskDefinitions_VisibilityFilterReturnsProperTasksWithPreviewEnabled" />
    </UnitTest>
    <UnitTest name="TaskService_GetTaskDefinitions_VisibilityFilterHonoredForLatestTaskVersionOnly1" storage="d:\v2.0\a1\_work\dbded102\bin\release.anycpu\distributedtask.service\ms.tf.distributedtask.server.l0.tests\ms.tf.distributedtask.server.l0.tests.dll" id="2193560c-cfe6-ef43-9b36-b59d8f8b3dfc">
      <Execution id="f468cf5e-5443-47db-8ca1-cab0b045dcb3" />
      <TestMethod codeBase="D:\v2.0\A1\_work\dbded102\bin\Release.AnyCPU\DistributedTask.Service\MS.TF.DistributedTask.Server.L0.Tests\MS.TF.DistributedTask.Server.L0.Tests.dll" adapterTypeName="Microsoft.VisualStudio.TestTools.TestTypes.Unit.UnitTestAdapter" className="MS.TF.DistributedTask.Server.L0.Tests.TaskServiceTests" name="TaskService_GetTaskDefinitions_VisibilityFilterHonoredForLatestTaskVersionOnly1" />
    </UnitTest>
    <UnitTest name="TaskService_GetTaskDefinitions_VisibilityFilterHonoredForLatestTaskVersionOnly2" storage="d:\v2.0\a1\_work\dbded102\bin\release.anycpu\distributedtask.service\ms.tf.distributedtask.server.l0.tests\ms.tf.distributedtask.server.l0.tests.dll" id="5017ec77-5b12-755c-6d42-1d2d3a59dde6">
      <Execution id="cfe4f618-1ea8-4085-966d-8fdd5e61a0d3" />
      <TestMethod codeBase="D:\v2.0\A1\_work\dbded102\bin\Release.AnyCPU\DistributedTask.Service\MS.TF.DistributedTask.Server.L0.Tests\MS.TF.DistributedTask.Server.L0.Tests.dll" adapterTypeName="Microsoft.VisualStudio.TestTools.TestTypes.Unit.UnitTestAdapter" className="MS.TF.DistributedTask.Server.L0.Tests.TaskServiceTests" name="TaskService_GetTaskDefinitions_VisibilityFilterHonoredForLatestTaskVersionOnly2" />
    </UnitTest>
    <UnitTest name="TestTaskDefinitionDataDictionary" storage="d:\v2.0\a1\_work\dbded102\bin\release.anycpu\distributedtask.service\ms.tf.distributedtask.server.l0.tests\ms.tf.distributedtask.server.l0.tests.dll" id="1141e98d-c11b-5416-8ece-ecab153789a1">
      <Execution id="3fcccba8-33c9-4a95-908e-b609629dbd2b" />
      <TestMethod codeBase="D:\v2.0\A1\_work\dbded102\bin\Release.AnyCPU\DistributedTask.Service\MS.TF.DistributedTask.Server.L0.Tests\MS.TF.DistributedTask.Server.L0.Tests.dll" adapterTypeName="Microsoft.VisualStudio.TestTools.TestTypes.Unit.UnitTestAdapter" className="MS.TF.DistributedTask.Server.L0.Tests.TaskDefinitionDataDictionaryTests" name="TestTaskDefinitionDataDictionary" />
    </UnitTest>
  </TestDefinitions>
  <TestEntries>
    <TestEntry testId="55cb9c4c-1ccd-e873-af8b-aff87ca0d493" executionId="49785a1d-d6cd-490c-a2b0-8556daa425fd" testListId="8c84fa94-04c1-424b-9868-57a2d4851a1d" />
    <TestEntry testId="018de8a9-8ac3-dee5-cac0-ec3a75d74f13" executionId="e29fec78-9c5d-451b-b9b6-48f2f7eb30dd" testListId="8c84fa94-04c1-424b-9868-57a2d4851a1d" />
    <TestEntry testId="50907078-7706-f88b-2c16-bd7740f381e9" executionId="908b42dc-e451-4a8e-9a5d-196ed2f58689" testListId="8c84fa94-04c1-424b-9868-57a2d4851a1d" />
    <TestEntry testId="6cd01dd0-4a69-2dae-1a4d-9862d49856a8" executionId="b105ee4c-0edd-4ad0-9012-a8fe18c290f0" testListId="8c84fa94-04c1-424b-9868-57a2d4851a1d" />
    <TestEntry testId="8c99d3ff-1e4b-634e-6d40-392c86cf71f0" executionId="533a14c4-8362-40a6-87f2-3a664fb5bc43" testListId="8c84fa94-04c1-424b-9868-57a2d4851a1d" />
    <TestEntry testId="a00f4abc-2dae-04d2-561a-dcb7c16dfd98" executionId="bba861a2-b0ce-45b0-a52e-eda0d3b68be3" testListId="8c84fa94-04c1-424b-9868-57a2d4851a1d" />
    <TestEntry testId="f373c7eb-0bbc-7890-0130-c5edad869aa3" executionId="024d9cae-36fb-4ab3-8af4-0100d6612e64" testListId="8c84fa94-04c1-424b-9868-57a2d4851a1d" />
    <TestEntry testId="e2819a6f-9cd9-0762-e28a-2a92eca14a5f" executionId="e0d8233c-bd3e-44c1-8173-6d4afcef285f" testListId="8c84fa94-04c1-424b-9868-57a2d4851a1d" />
    <TestEntry testId="b77107bb-522e-63c2-7092-e54df363ae01" executionId="8ff775a2-95f0-4c52-816d-f100b1fdffca" testListId="8c84fa94-04c1-424b-9868-57a2d4851a1d" />
    <TestEntry testId="daea712f-7dc9-87ab-2401-2b1aa9f44476" executionId="6a79b047-fcb6-4e37-a4ea-5a8996b78f31" testListId="8c84fa94-04c1-424b-9868-57a2d4851a1d" />
    <TestEntry testId="d1e528ac-9c41-3bb2-36e6-d90c82703771" executionId="0f6fbf20-d7dd-4304-b1ad-22d53308c386" testListId="8c84fa94-04c1-424b-9868-57a2d4851a1d" />
    <TestEntry testId="f1388ec7-7cb6-ffd4-4010-dd6d3f71ecdd" executionId="5d4eaff5-4c9a-40f0-8a58-937668d01278" testListId="8c84fa94-04c1-424b-9868-57a2d4851a1d" />
    <TestEntry testId="6657e43a-2474-311c-1bf9-e0e10292b9c2" executionId="2189e607-ee15-4b2f-bf16-5fc3abf29b01" testListId="8c84fa94-04c1-424b-9868-57a2d4851a1d" />
    <TestEntry testId="3d304e8f-9d53-3fb6-5443-42a706a7e07b" executionId="3e35b7e1-a93d-49e3-8e97-1fa68be57e1a" testListId="8c84fa94-04c1-424b-9868-57a2d4851a1d" />
    <TestEntry testId="92989d47-3420-a506-39d3-3c0693739e63" executionId="2fdbf27c-f3ec-4e46-8a30-e5f54f7f5109" testListId="8c84fa94-04c1-424b-9868-57a2d4851a1d" />
    <TestEntry testId="98bb1d2a-254d-ef88-8838-61dc0a81ee47" executionId="977db0f6-781d-4100-83c7-70e4915201b2" testListId="8c84fa94-04c1-424b-9868-57a2d4851a1d" />
    <TestEntry testId="c244798e-74ff-97de-09db-34a8e2595407" executionId="4ff31bb3-8ed9-4d28-8be5-6db4faab52a2" testListId="8c84fa94-04c1-424b-9868-57a2d4851a1d" />
    <TestEntry testId="fbc0dccb-0a15-b598-1d29-5fb1a2cdd432" executionId="987f7af7-dcfd-4d5d-bd17-b52a26ed0a72" testListId="8c84fa94-04c1-424b-9868-57a2d4851a1d" />
    <TestEntry testId="453df64c-43ed-54b3-80c5-fc427d48d8e8" executionId="b4b4c39f-e658-4638-8311-87c7f78c836e" testListId="8c84fa94-04c1-424b-9868-57a2d4851a1d" />
    <TestEntry testId="6d4c7975-46b6-f5d9-a315-004e61384104" executionId="5bbc6cb3-bdac-47dd-8179-dc34fb54661e" testListId="8c84fa94-04c1-424b-9868-57a2d4851a1d" />
    <TestEntry testId="7de64d99-4370-af4d-fa77-1e31e79d32ce" executionId="5e6fccc2-6211-4308-8c5a-cd8ba34e10c6" testListId="8c84fa94-04c1-424b-9868-57a2d4851a1d" />
    <TestEntry testId="12ae3b46-8f46-eb7a-5557-bd0e3d790a1a" executionId="6376555c-ab78-4b47-b851-65d59fbdeaf3" testListId="8c84fa94-04c1-424b-9868-57a2d4851a1d" />
    <TestEntry testId="eba8150b-570b-51f3-c576-c638289bbfc6" executionId="4986baf5-7da9-43ce-818a-bf5ae57218c5" testListId="8c84fa94-04c1-424b-9868-57a2d4851a1d" />
    <TestEntry testId="79f0953a-b007-fc22-7266-b9e1cee0918c" executionId="1f384bc0-39a7-4f8e-adce-a97541a7a79c" testListId="8c84fa94-04c1-424b-9868-57a2d4851a1d" />
    <TestEntry testId="951ee466-bab9-81e2-1882-80f7a0416b6f" executionId="4b9c8814-04c7-4885-8322-4bc4e4c1a394" testListId="8c84fa94-04c1-424b-9868-57a2d4851a1d" />
    <TestEntry testId="5ca2e963-ce2a-8a7b-0018-fd85ad584e28" executionId="de154623-82cf-4208-8639-a2f2a81fde88" testListId="8c84fa94-04c1-424b-9868-57a2d4851a1d" />
    <TestEntry testId="99718193-cd96-ffdf-3e69-78d06ba322cb" executionId="a8f81b46-9d19-40f1-8a27-8fc38f7e2897" testListId="8c84fa94-04c1-424b-9868-57a2d4851a1d" />
    <TestEntry testId="1a620e53-c4c2-9b7a-dd22-5fa383e4acca" executionId="25f18220-e4a7-41d9-a064-93e873bbdb7d" testListId="8c84fa94-04c1-424b-9868-57a2d4851a1d" />
    <TestEntry testId="ae27a94e-c529-a171-948e-6eeaea297347" executionId="249710be-ddd3-4a6a-a25a-72af6a2e937f" testListId="8c84fa94-04c1-424b-9868-57a2d4851a1d" />
    <TestEntry testId="b8751071-9593-d509-dcec-a316ffe21ba4" executionId="c25721fa-4b51-428e-8171-3caef3a80e41" testListId="8c84fa94-04c1-424b-9868-57a2d4851a1d" />
    <TestEntry testId="49b242e1-f97f-59c2-84e7-00aa9b2c7a46" executionId="aab66e4a-49de-4c6c-bdcc-f0ecddb1ed17" testListId="8c84fa94-04c1-424b-9868-57a2d4851a1d" />
    <TestEntry testId="5dec1f25-8c6b-3d46-c77c-2664451660d6" executionId="caf4a4cd-939a-4493-ad79-e84b3096ca73" testListId="8c84fa94-04c1-424b-9868-57a2d4851a1d" />
    <TestEntry testId="7d9ba6c4-3f47-aa8c-2bbc-8d4ae27e222a" executionId="0dd18581-d09d-4462-9aba-743e9b8896df" testListId="8c84fa94-04c1-424b-9868-57a2d4851a1d" />
    <TestEntry testId="78fd5ca9-3773-0d82-5f26-a0ced23da77d" executionId="48c6c7c8-760b-4449-9cf5-5bb36b30d08b" testListId="8c84fa94-04c1-424b-9868-57a2d4851a1d" />
    <TestEntry testId="f1e91b61-d549-a31a-d657-e39e4f61edb3" executionId="bdd7a464-6d3b-481c-9ee6-62d7590f5e07" testListId="8c84fa94-04c1-424b-9868-57a2d4851a1d" />
    <TestEntry testId="e71f20dd-6af2-fe92-e1d2-385e7c8846fc" executionId="1172b170-9aaa-41c0-8c53-665cfb347f73" testListId="8c84fa94-04c1-424b-9868-57a2d4851a1d" />
    <TestEntry testId="03b0569e-3b5c-09d5-c93c-0aa1ff24c8be" executionId="22d85f9f-9d2f-416f-92fc-b390031cb7ca" testListId="8c84fa94-04c1-424b-9868-57a2d4851a1d" />
    <TestEntry testId="400b6d34-7167-0ebb-57f3-b33c82303ce4" executionId="f67fd452-c1c5-4245-b536-011b3cf6fec8" testListId="8c84fa94-04c1-424b-9868-57a2d4851a1d" />
    <TestEntry testId="37c1bf0b-4758-c5f6-3034-088fdf9e7f3a" executionId="83a90cf1-4d5f-41ff-9927-b8ecd1cb638b" testListId="8c84fa94-04c1-424b-9868-57a2d4851a1d" />
    <TestEntry testId="44b4b810-dafd-bf77-368c-af4d1c7fed28" executionId="89ea7735-76ae-4b57-b867-0bfd4fe413a1" testListId="8c84fa94-04c1-424b-9868-57a2d4851a1d" />
    <TestEntry testId="c4fa82c9-9d6f-bf6f-6d2f-e1a48cbdf3a6" executionId="fc7b6f19-f804-44ec-b7d0-e0021468b6d2" testListId="8c84fa94-04c1-424b-9868-57a2d4851a1d" />
    <TestEntry testId="2bb66152-34c9-ccab-b983-ccac18cc8c3d" executionId="47be1294-faa0-4bf6-acb1-3893d585f0c9" testListId="8c84fa94-04c1-424b-9868-57a2d4851a1d" />
    <TestEntry testId="a23573d0-55e0-035c-7251-b8bb85dabaf8" executionId="d6110356-e30f-446d-9648-56884733df22" testListId="8c84fa94-04c1-424b-9868-57a2d4851a1d" />
    <TestEntry testId="812e8019-2c27-def6-6faa-a8d6ffe0f0af" executionId="b6adc4c6-f950-4d62-a1b5-9667a1c72437" testListId="8c84fa94-04c1-424b-9868-57a2d4851a1d" />
    <TestEntry testId="58638a48-a7cf-b2a4-cf85-17f199404b8d" executionId="7ce60d8e-d6c2-4740-b9d6-9628d9032113" testListId="8c84fa94-04c1-424b-9868-57a2d4851a1d" />
    <TestEntry testId="4be623bd-90a4-90d5-056d-9bfbd0da15cc" executionId="2ab406ee-3116-4837-ac1f-b22f38f91554" testListId="8c84fa94-04c1-424b-9868-57a2d4851a1d" />
    <TestEntry testId="02c151d4-f659-d697-7bee-588b864a7062" executionId="5d88cf2f-117d-4976-a7c4-7100bc15ffa0" testListId="8c84fa94-04c1-424b-9868-57a2d4851a1d" />
    <TestEntry testId="3e549b43-3437-9256-1373-df1b3e397eb5" executionId="ae1f950e-5b77-4662-9c89-652d0b903482" testListId="8c84fa94-04c1-424b-9868-57a2d4851a1d" />
    <TestEntry testId="0dc5b34f-6497-6ede-d13a-c4e767268538" executionId="4bebcfaf-dd36-4ce1-93d6-9cd864aaa591" testListId="8c84fa94-04c1-424b-9868-57a2d4851a1d" />
    <TestEntry testId="831aa6a3-32e6-4ca3-b4f2-59b8d253957f" executionId="e0b15989-b108-4f7d-9877-9e21cd00df5e" testListId="8c84fa94-04c1-424b-9868-57a2d4851a1d" />
    <TestEntry testId="b72d21c7-4fe0-4e26-0e16-e7e074b8d9bf" executionId="28500d35-460f-40c8-b732-1e5d83daeaa8" testListId="8c84fa94-04c1-424b-9868-57a2d4851a1d" />
    <TestEntry testId="0f4ff9f9-1c3b-3cf7-0551-230f41addaa0" executionId="53ac7f32-e49e-4122-a1bc-a42478cac539" testListId="8c84fa94-04c1-424b-9868-57a2d4851a1d" />
    <TestEntry testId="93d4837b-1b58-6047-2474-f70cd6f490ba" executionId="9b5b09c5-1046-47f4-931b-02cc48e97872" testListId="8c84fa94-04c1-424b-9868-57a2d4851a1d" />
    <TestEntry testId="2857440b-c507-b1be-c21b-8597c4f79066" executionId="133c0eea-5c34-4997-9098-5c673c7d478f" testListId="8c84fa94-04c1-424b-9868-57a2d4851a1d" />
    <TestEntry testId="9b9a19a7-3746-7dd7-68fe-09823be2e9f9" executionId="87e5865e-9244-4665-880b-88244727047e" testListId="8c84fa94-04c1-424b-9868-57a2d4851a1d" />
    <TestEntry testId="ec67c24f-e8ec-6260-96bd-e157bcb665fc" executionId="044ad12d-a956-4f89-a621-0aa99842ed1c" testListId="8c84fa94-04c1-424b-9868-57a2d4851a1d" />
    <TestEntry testId="fc88e608-e886-b9a1-6cd7-545dc0a2562b" executionId="dc4143a7-65c9-45ed-90a3-5409d6ce9706" testListId="8c84fa94-04c1-424b-9868-57a2d4851a1d" />
    <TestEntry testId="4e271d78-a71b-5870-d9c1-bc707674c3fe" executionId="d0f0e988-94de-4c2f-ba3b-6285d22a7534" testListId="8c84fa94-04c1-424b-9868-57a2d4851a1d" />
    <TestEntry testId="d1a2b630-7e2e-6eab-1971-39363528e023" executionId="aa454fff-a94c-4023-95f1-e8312d5366ab" testListId="8c84fa94-04c1-424b-9868-57a2d4851a1d" />
    <TestEntry testId="3601147a-e508-0081-d085-15e848c9d1c5" executionId="70eeb577-b267-4206-8791-a7cdaea8b325" testListId="8c84fa94-04c1-424b-9868-57a2d4851a1d" />
    <TestEntry testId="3e38ae04-01ef-e1c9-3661-3ff3535c9b98" executionId="d2cdca9c-3ec9-4a35-bea5-b52ad4922b2d" testListId="8c84fa94-04c1-424b-9868-57a2d4851a1d" />
    <TestEntry testId="6e2f0acc-3f93-0e01-ae28-b465de182ae4" executionId="7e45ce39-e764-4bf4-99f6-fa8576441392" testListId="8c84fa94-04c1-424b-9868-57a2d4851a1d" />
    <TestEntry testId="15afbf1a-28d8-ff91-3100-b527fe337648" executionId="fc332cf6-0415-4d0d-af80-de623d65aaa9" testListId="8c84fa94-04c1-424b-9868-57a2d4851a1d" />
    <TestEntry testId="0760df57-7028-35f4-0298-1faca9b80bb6" executionId="e76c5804-8a93-43c0-9a09-7080467a6135" testListId="8c84fa94-04c1-424b-9868-57a2d4851a1d" />
    <TestEntry testId="03d9f849-397b-9d67-5ed2-568e6723c520" executionId="5bffe4a6-f42c-4acb-883c-7824845e90dc" testListId="8c84fa94-04c1-424b-9868-57a2d4851a1d" />
    <TestEntry testId="df744781-81bc-a982-72d8-eae579add27d" executionId="896990a8-c1da-4070-b298-ef683496732e" testListId="8c84fa94-04c1-424b-9868-57a2d4851a1d" />
    <TestEntry testId="724ad00b-757a-9eb3-b439-d03aab37ec77" executionId="1f24d1d5-3f65-4698-80ae-21663f706907" testListId="8c84fa94-04c1-424b-9868-57a2d4851a1d" />
    <TestEntry testId="c6cae33a-c232-e972-c1e8-aad3743cc9d7" executionId="d1cbe03c-d91c-4cc2-a86c-cc68ab2b1cba" testListId="8c84fa94-04c1-424b-9868-57a2d4851a1d" />
    <TestEntry testId="cdebc9f2-4de3-96b4-f34a-cc87e0f5bdb9" executionId="8cc52d01-a9b1-40a6-9276-53c34909dcec" testListId="8c84fa94-04c1-424b-9868-57a2d4851a1d" />
    <TestEntry testId="f7f177ea-9cef-4f8a-9376-2f7d227a7da7" executionId="9006de32-caab-4752-a03d-aea00e86e468" testListId="8c84fa94-04c1-424b-9868-57a2d4851a1d" />
    <TestEntry testId="3f8f1417-c2d2-86eb-9d4a-e32e4906fc45" executionId="c6d5758e-f67d-432c-ad2d-7974378b2d78" testListId="8c84fa94-04c1-424b-9868-57a2d4851a1d" />
    <TestEntry testId="09d3a7ea-2049-bc39-e09c-1ce515a037a5" executionId="971142f9-e4ae-4bc2-8007-6d421cfe2969" testListId="8c84fa94-04c1-424b-9868-57a2d4851a1d" />
    <TestEntry testId="f07324fc-8c25-00eb-ab03-cf2f4d808b1e" executionId="507d89e1-4da4-419b-a8bc-8eebc30ecbe3" testListId="8c84fa94-04c1-424b-9868-57a2d4851a1d" />
    <TestEntry testId="9049ff81-fea2-0955-9e3a-ff345ea2e82a" executionId="64b01e7f-dea5-43c4-9bec-384d9f372409" testListId="8c84fa94-04c1-424b-9868-57a2d4851a1d" />
    <TestEntry testId="4d5299bd-1e91-b633-e7e6-85aa2a4764fd" executionId="ad50439b-dc0d-468e-a0d5-385434793641" testListId="8c84fa94-04c1-424b-9868-57a2d4851a1d" />
    <TestEntry testId="f25b10f7-d246-ec37-5b78-8db1e790290e" executionId="6eb2a81c-b791-45ac-8c82-848fa7c85ff7" testListId="8c84fa94-04c1-424b-9868-57a2d4851a1d" />
    <TestEntry testId="fb726fd3-2676-ab17-4885-26c9abe95254" executionId="658cf14f-09d8-4fff-9c65-671c136d7302" testListId="8c84fa94-04c1-424b-9868-57a2d4851a1d" />
    <TestEntry testId="d53852b4-2d48-f4ac-75fc-94b9c0102e1f" executionId="8c992fcc-4859-4797-9e5d-60e583ad2cdd" testListId="8c84fa94-04c1-424b-9868-57a2d4851a1d" />
    <TestEntry testId="69c16152-6bc9-9dbc-c864-bbecc4ea7810" executionId="1c92df3a-04ba-4f91-ad8c-cd2e6a2390d1" testListId="8c84fa94-04c1-424b-9868-57a2d4851a1d" />
    <TestEntry testId="d3f05ac0-1e5e-2f0c-f606-feeec44e39f8" executionId="f8c6a18a-67de-4a56-9ff4-380f5a75c072" testListId="8c84fa94-04c1-424b-9868-57a2d4851a1d" />
    <TestEntry testId="1ed9afec-7dd4-5b66-f267-33926d3645c3" executionId="4e31ef2b-9276-44a5-bdaf-e79dd62dca2f" testListId="8c84fa94-04c1-424b-9868-57a2d4851a1d" />
    <TestEntry testId="798f5b8d-421a-1882-47ad-c803f3855352" executionId="14661502-900a-452b-8264-fd5cad06f8a3" testListId="8c84fa94-04c1-424b-9868-57a2d4851a1d" />
    <TestEntry testId="ace4bce7-4022-33c8-ff0b-38e78928bc32" executionId="19a96496-5c53-4be9-a854-1a5253f153a7" testListId="8c84fa94-04c1-424b-9868-57a2d4851a1d" />
    <TestEntry testId="1c632aa6-fa86-d057-1d84-7399d20f0f1c" executionId="4461331d-4137-4c4b-bdda-4d4f46360ced" testListId="8c84fa94-04c1-424b-9868-57a2d4851a1d" />
    <TestEntry testId="e1aa8450-b5dc-1efe-46b1-72888d83f43e" executionId="12565ff5-e291-4809-bccd-84441301f950" testListId="8c84fa94-04c1-424b-9868-57a2d4851a1d" />
    <TestEntry testId="cb0b505c-1308-bbeb-7425-cefd7ad6338e" executionId="3dd8c500-2dca-496c-a2e3-686ea49ab24c" testListId="8c84fa94-04c1-424b-9868-57a2d4851a1d" />
    <TestEntry testId="49fa4c39-cab0-4d52-78d1-c0f0ae8dbd94" executionId="21493c2f-8f26-4c54-a872-efaa481b706d" testListId="8c84fa94-04c1-424b-9868-57a2d4851a1d" />
    <TestEntry testId="50aa28b9-97d2-c696-42da-1e304493df49" executionId="0ef2b11b-b410-4e8b-afac-62a5fc04f612" testListId="8c84fa94-04c1-424b-9868-57a2d4851a1d" />
    <TestEntry testId="23b5c47a-a839-3678-9611-ca3fdc0a12fa" executionId="76c31cb0-d8bb-4381-9536-99e4998affab" testListId="8c84fa94-04c1-424b-9868-57a2d4851a1d" />
    <TestEntry testId="dd360907-f8d3-98ae-078b-c0de2832b372" executionId="5449a863-3a1e-473f-b083-00b35e531ce1" testListId="8c84fa94-04c1-424b-9868-57a2d4851a1d" />
    <TestEntry testId="aea3a2ed-b290-c23a-70eb-1c90af58c82b" executionId="d37bb5a3-1749-4265-ac53-05a63076eb5d" testListId="8c84fa94-04c1-424b-9868-57a2d4851a1d" />
    <TestEntry testId="c40bf89a-5bff-b458-d785-3ab522e40b05" executionId="9197d2b1-9581-434c-9ab6-84af672e1b34" testListId="8c84fa94-04c1-424b-9868-57a2d4851a1d" />
    <TestEntry testId="e96c7209-c201-1829-ffdf-188ec1e517d0" executionId="0f186936-29ae-4ef9-96e9-c39b9ec0d01c" testListId="8c84fa94-04c1-424b-9868-57a2d4851a1d" />
    <TestEntry testId="4dd9ebd0-54fb-0fa3-23ee-5936d32aa2bc" executionId="5490d88d-7f9f-4b69-9235-a91e2374be35" testListId="8c84fa94-04c1-424b-9868-57a2d4851a1d" />
    <TestEntry testId="27b00afe-b02a-d59e-8675-fcbc59e17727" executionId="5d3c033b-12bc-4184-9b3b-2e8e420a4c78" testListId="8c84fa94-04c1-424b-9868-57a2d4851a1d" />
    <TestEntry testId="47f1b686-9f7e-a74e-ef03-35a0c7db913a" executionId="bcda12cf-ba4a-4efa-97d5-5bbc916bd7b9" testListId="8c84fa94-04c1-424b-9868-57a2d4851a1d" />
    <TestEntry testId="451cf86b-f024-8d16-7d29-ed0fb22c0a3a" executionId="163057f0-a970-4e5d-b857-9b75920d9cab" testListId="8c84fa94-04c1-424b-9868-57a2d4851a1d" />
    <TestEntry testId="e7b226bc-d81f-c12a-3611-98d51cb2d39e" executionId="6ff8546b-cd4c-4236-9d16-61bdafee4d2c" testListId="8c84fa94-04c1-424b-9868-57a2d4851a1d" />
    <TestEntry testId="fac3a83c-3042-1163-047d-2c85b0a3698e" executionId="6885ef75-c9f3-4c73-85d3-11ff39ca052c" testListId="8c84fa94-04c1-424b-9868-57a2d4851a1d" />
    <TestEntry testId="be99a472-7e68-d6c6-29f9-e238faac7b07" executionId="fd4dd214-7332-4340-a2e3-08e60828c061" testListId="8c84fa94-04c1-424b-9868-57a2d4851a1d" />
    <TestEntry testId="2451b105-68f1-de4f-68b2-e0409932d795" executionId="6ac8704f-8d81-42f2-92a5-dda261cb093a" testListId="8c84fa94-04c1-424b-9868-57a2d4851a1d" />
    <TestEntry testId="818feb15-3da8-9177-72e7-9708cdf1b27d" executionId="92e4a176-09cc-4345-a202-0f2a21c7f966" testListId="8c84fa94-04c1-424b-9868-57a2d4851a1d" />
    <TestEntry testId="2e1dcaec-d9b1-c80b-76f5-15f1c7c07b5a" executionId="a8b9834b-f1f2-4206-92c6-6a5b8d7b7f64" testListId="8c84fa94-04c1-424b-9868-57a2d4851a1d" />
    <TestEntry testId="af8ad980-c70a-9cee-7c49-2acc65e6dc2a" executionId="174bc918-afac-47f8-aef9-1e13c4107ae2" testListId="8c84fa94-04c1-424b-9868-57a2d4851a1d" />
    <TestEntry testId="3b7994ec-117f-5b21-7772-6b7d3845960f" executionId="9f9ffad2-840d-425f-a7f8-8f6d1c8e6ac8" testListId="8c84fa94-04c1-424b-9868-57a2d4851a1d" />
    <TestEntry testId="8cb02267-cfed-2e06-3e19-3ef33a698af4" executionId="6c97e77f-0ebd-427b-b63b-947225109755" testListId="8c84fa94-04c1-424b-9868-57a2d4851a1d" />
    <TestEntry testId="3af0ebc8-e305-b8d6-5d46-afed8344a87c" executionId="91e0d105-03fd-4a1d-adb9-8d1131e13948" testListId="8c84fa94-04c1-424b-9868-57a2d4851a1d" />
    <TestEntry testId="8c6df407-4855-1193-9923-884a33b51ed5" executionId="90f83ab2-429b-43c7-9426-af43d4e0a0be" testListId="8c84fa94-04c1-424b-9868-57a2d4851a1d" />
    <TestEntry testId="d838f059-ec8f-62cf-b465-c5db15c28791" executionId="f90bda8d-caca-4f96-b798-b1a4ad80572a" testListId="8c84fa94-04c1-424b-9868-57a2d4851a1d" />
    <TestEntry testId="41778ddf-b1e0-9ba4-6ec2-6251ba692c25" executionId="521ae3f5-6b9b-42f5-82b7-f1e3518443d9" testListId="8c84fa94-04c1-424b-9868-57a2d4851a1d" />
    <TestEntry testId="533fb4e7-64f8-80d0-9482-4ec4723d0162" executionId="80c1f77e-f743-47e5-bc37-9c89d321ca81" testListId="8c84fa94-04c1-424b-9868-57a2d4851a1d" />
    <TestEntry testId="ed236cc3-8914-268e-e13a-aaf62cf055c9" executionId="3929fd17-cfe0-4d68-a2fb-62d7aedc4ba9" testListId="8c84fa94-04c1-424b-9868-57a2d4851a1d" />
    <TestEntry testId="bca8b2f0-3587-541c-2034-cf4700695085" executionId="d2a266af-6859-4ee4-8773-0b74e8ff4da6" testListId="8c84fa94-04c1-424b-9868-57a2d4851a1d" />
    <TestEntry testId="4a85c220-b74a-cac4-9efe-eac06b9813a1" executionId="805162da-3eef-4024-ac3f-e298dee223be" testListId="8c84fa94-04c1-424b-9868-57a2d4851a1d" />
    <TestEntry testId="3b8d47fd-78ba-5554-8fac-1bec52a9f235" executionId="784e01cf-ecf8-4dca-8221-30ca5589ec48" testListId="8c84fa94-04c1-424b-9868-57a2d4851a1d" />
    <TestEntry testId="f7bbb49f-1903-30de-06eb-894ca21cf4f7" executionId="0a6c0ed3-dc8f-48a2-9a97-e48974cc79a7" testListId="8c84fa94-04c1-424b-9868-57a2d4851a1d" />
    <TestEntry testId="fd59e0f5-5534-36f9-a506-e60675e70908" executionId="07c3315a-9639-4384-a363-0c16145d8d9d" testListId="8c84fa94-04c1-424b-9868-57a2d4851a1d" />
    <TestEntry testId="b5dff410-a73b-f287-68ac-7008e82f0c02" executionId="80579dad-6c48-4cc8-a5d2-f7849d1fb0a4" testListId="8c84fa94-04c1-424b-9868-57a2d4851a1d" />
    <TestEntry testId="593612cd-c0d5-e41c-a7de-1c9e37fb1a4f" executionId="0bcd5dc5-1726-4082-b63b-07dc2e612de1" testListId="8c84fa94-04c1-424b-9868-57a2d4851a1d" />
    <TestEntry testId="5930237a-0380-055c-2f21-2898587a2233" executionId="26835aa4-57da-47f1-97eb-0307e7ecea54" testListId="8c84fa94-04c1-424b-9868-57a2d4851a1d" />
    <TestEntry testId="3f32e5a4-d648-28b3-cb0c-07ef54e6b86b" executionId="89264e26-7ecd-4194-8fea-9e4f4296cc27" testListId="8c84fa94-04c1-424b-9868-57a2d4851a1d" />
    <TestEntry testId="7f90b176-4e5c-7daa-76d4-e5d3b8bde8df" executionId="77aaa574-bb16-4258-90de-c00812a01a96" testListId="8c84fa94-04c1-424b-9868-57a2d4851a1d" />
    <TestEntry testId="4ede1556-7c0f-bddc-27e8-fe81724baadb" executionId="35f8b447-0cc0-4188-94a3-7ac642071148" testListId="8c84fa94-04c1-424b-9868-57a2d4851a1d" />
    <TestEntry testId="1fca4264-8615-9700-4c0e-1a04fd299a72" executionId="9145edae-8fe3-4504-93b8-87b9e804e7af" testListId="8c84fa94-04c1-424b-9868-57a2d4851a1d" />
    <TestEntry testId="08dcbcb3-83b9-d79b-26bb-42cd7900dfde" executionId="4e2d21d0-7465-4368-8cb5-015bb70b4c78" testListId="8c84fa94-04c1-424b-9868-57a2d4851a1d" />
    <TestEntry testId="5c56cbb8-bf7b-cfa8-cbbc-436fa109404f" executionId="fde2f4c4-9678-4b6f-a185-65c9a4033e34" testListId="8c84fa94-04c1-424b-9868-57a2d4851a1d" />
    <TestEntry testId="fe885a63-f593-0a80-f044-fb1dcb63e687" executionId="3265e0c4-6766-4fbd-94f1-aace43d8a110" testListId="8c84fa94-04c1-424b-9868-57a2d4851a1d" />
    <TestEntry testId="0a1263cd-f2ca-b6e9-dbb5-de5be9fc1910" executionId="383022da-1d3f-4984-a89d-74f196451833" testListId="8c84fa94-04c1-424b-9868-57a2d4851a1d" />
    <TestEntry testId="9f58b625-b906-7ef5-12d7-48a9a2cc7d28" executionId="72ceaf99-ab07-408a-aa42-1f3dfe9108b4" testListId="8c84fa94-04c1-424b-9868-57a2d4851a1d" />
    <TestEntry testId="6bf6d3e2-2459-8352-e60a-a74ec7979490" executionId="7c573086-d55f-41bc-a261-e0a0a6abd6f7" testListId="8c84fa94-04c1-424b-9868-57a2d4851a1d" />
    <TestEntry testId="4f6bc7df-c71f-197c-9621-759d88891d38" executionId="064469f0-de31-4cfa-983d-a4e854fa5456" testListId="8c84fa94-04c1-424b-9868-57a2d4851a1d" />
    <TestEntry testId="f0431a5d-f6a6-7733-f26a-dc962ee76850" executionId="18b9ecda-6db1-47cd-8cab-2c0e80816355" testListId="8c84fa94-04c1-424b-9868-57a2d4851a1d" />
    <TestEntry testId="4f919cdf-0333-51d9-a1d7-d9f3ef2e1ab9" executionId="3ee1832f-62b3-41fa-9cb6-2c34f4792e41" testListId="8c84fa94-04c1-424b-9868-57a2d4851a1d" />
    <TestEntry testId="938d3c8c-a0e2-0b03-537f-d1a130c1bb27" executionId="40da2055-1bb4-466d-94d8-f86f3654a633" testListId="8c84fa94-04c1-424b-9868-57a2d4851a1d" />
    <TestEntry testId="3e115d4f-b2fa-3b67-3dad-7c083ca3a5ed" executionId="0a859681-f825-4675-97df-f84601f497c0" testListId="8c84fa94-04c1-424b-9868-57a2d4851a1d" />
    <TestEntry testId="984384d5-6182-f143-978e-cb8af8e7ffdd" executionId="bd98906d-6408-4cb4-8ac8-dd34e14372b7" testListId="8c84fa94-04c1-424b-9868-57a2d4851a1d" />
    <TestEntry testId="2844c54a-4ec0-94ef-310f-025dc26d1ebf" executionId="27810ae2-5dca-4863-9e73-ccfb92f3afe4" testListId="8c84fa94-04c1-424b-9868-57a2d4851a1d" />
    <TestEntry testId="c351d211-5839-f117-dcc2-34cb923d6ba9" executionId="4110cbb9-c295-4809-bd6f-bd932921a940" testListId="8c84fa94-04c1-424b-9868-57a2d4851a1d" />
    <TestEntry testId="379afbd0-4840-5804-dbe3-c7a1eacbfbbc" executionId="1e9de5f3-b912-43c8-a551-7c7321520f1a" testListId="8c84fa94-04c1-424b-9868-57a2d4851a1d" />
    <TestEntry testId="4a83e0bd-3c06-56b4-f2f3-319e468dad31" executionId="56d4084b-1939-4724-bb1d-9c27c36ad316" testListId="8c84fa94-04c1-424b-9868-57a2d4851a1d" />
    <TestEntry testId="8f65ac51-f01f-844b-f4fb-31245d6d78e4" executionId="66ff0fdc-79c3-4c85-adeb-f45108581952" testListId="8c84fa94-04c1-424b-9868-57a2d4851a1d" />
    <TestEntry testId="50e2f6f5-b633-71e7-9510-dabee79fdd09" executionId="d104c6c1-d25b-44ff-b96d-f2d03c2554cf" testListId="8c84fa94-04c1-424b-9868-57a2d4851a1d" />
    <TestEntry testId="91f8ed4b-1dd0-e3f5-fc55-b1274aaf8ba1" executionId="262aeb97-73f8-4154-82c9-1afe00a6eee3" testListId="8c84fa94-04c1-424b-9868-57a2d4851a1d" />
    <TestEntry testId="93c05ee4-2e83-d3f1-654f-0f2e9648c4ef" executionId="6f4e2d6a-bc2f-4617-b8f8-b6f736a4e4c4" testListId="8c84fa94-04c1-424b-9868-57a2d4851a1d" />
    <TestEntry testId="9af10368-170a-032a-1c37-43473994b90d" executionId="169de6e9-5a86-4728-86d9-7d2afa7c7361" testListId="8c84fa94-04c1-424b-9868-57a2d4851a1d" />
    <TestEntry testId="f56e05da-950f-f51f-7221-84f2cff96b8e" executionId="ab59db77-d5bc-48a2-a9d0-38b53fdd91f0" testListId="8c84fa94-04c1-424b-9868-57a2d4851a1d" />
    <TestEntry testId="9c1e2644-18b3-78fc-9511-2d61f8552f23" executionId="92e2710c-472b-4525-ab3f-f2fc95e6e43f" testListId="8c84fa94-04c1-424b-9868-57a2d4851a1d" />
    <TestEntry testId="850779e7-de4f-c0c1-da72-4df4bdffb982" executionId="f12e1540-8c41-4391-999f-c0876566ae9e" testListId="8c84fa94-04c1-424b-9868-57a2d4851a1d" />
    <TestEntry testId="81d8ccb7-707d-41e2-9d1d-5eed13592187" executionId="92e9ae87-bdb2-455d-bd10-29db253061c5" testListId="8c84fa94-04c1-424b-9868-57a2d4851a1d" />
    <TestEntry testId="c75bccbe-ab6f-4a3b-903b-d4afe9c7b2ef" executionId="d4bb4d81-6d63-4b7b-b363-af4ed16fe475" testListId="8c84fa94-04c1-424b-9868-57a2d4851a1d" />
    <TestEntry testId="b5571b94-df97-dce0-57a1-ddd1f58cdde8" executionId="15a4a95c-a77b-4eb5-84aa-e73919e68ff0" testListId="8c84fa94-04c1-424b-9868-57a2d4851a1d" />
    <TestEntry testId="847d0d2c-cdd7-6c41-8695-55f54e668a56" executionId="7f0349e9-4ef5-4a00-a20e-f2b69e799146" testListId="8c84fa94-04c1-424b-9868-57a2d4851a1d" />
    <TestEntry testId="959f6c59-68cc-b783-0a90-7364b57f432d" executionId="f922ff72-a397-4af1-8c2d-400adc2d8b2e" testListId="8c84fa94-04c1-424b-9868-57a2d4851a1d" />
    <TestEntry testId="2193560c-cfe6-ef43-9b36-b59d8f8b3dfc" executionId="f468cf5e-5443-47db-8ca1-cab0b045dcb3" testListId="8c84fa94-04c1-424b-9868-57a2d4851a1d" />
    <TestEntry testId="5017ec77-5b12-755c-6d42-1d2d3a59dde6" executionId="cfe4f618-1ea8-4085-966d-8fdd5e61a0d3" testListId="8c84fa94-04c1-424b-9868-57a2d4851a1d" />
    <TestEntry testId="1141e98d-c11b-5416-8ece-ecab153789a1" executionId="3fcccba8-33c9-4a95-908e-b609629dbd2b" testListId="8c84fa94-04c1-424b-9868-57a2d4851a1d" />
  </TestEntries>
  <TestLists>
    <TestList name="Results Not in a List" id="8c84fa94-04c1-424b-9868-57a2d4851a1d" />
    <TestList name="All Loaded Results" id="19431567-8539-422a-85d7-44ee4e166bda" />
  </TestLists>
  <ResultSummary outcome="Completed">
    <Counters total="156" executed="149" passed="149" failed="0" error="0" timeout="0" aborted="0" inconclusive="0" passedButRunAborted="0" notRunnable="0" notExecuted="0" disconnected="0" warning="0" completed="0" inProgress="0" pending="0" />
    <Output>
      <StdOut>Test 'CreateServiceEndpointShouldCreateAServiceEndpointForValidParameters' was skipped in the test run.Test 'CreateServiceEndpointShouldDeleteDrawerAndThrowExceptionWhenErrorOccurs' was skipped in the test run.Test 'QueryServiceEndpointShouldReturnEmptyListWhenUserDoesNotHasPermissions' was skipped in the test run.Test 'QueryServiceEndpointShouldReturnValidServiceEndpointForRightValues' was skipped in the test run.Test 'QueryServiceEndpointShouldReturnValidServiceEndpointForDifferentValuesOfAuthScheme' was skipped in the test run.Test 'GetServiceEndpointFetchesDataFromStrongBoxIfExists' was skipped in the test run.Test 'DeleteServiceEndpointDeletesServiceEndpointIfExists' was skipped in the test run.</StdOut>
    </Output>
  </ResultSummary>
</TestRun>