<?xml version="1.0" encoding="UTF-8"?>
<TestRun id="3396ea66-5d9d-4c69-af9d-09e5d5537b6f" name="tfsmladm@TFSBUILD11 2015-09-28 09:45:57" runUser="REDMOND\tfsmladm" xmlns="http://microsoft.com/schemas/VisualStudio/TeamTest/2010">
  <Times creation="2015-09-28T09:45:57.6649582-07:00" queuing="2015-09-28T09:45:57.6649582-07:00" start="2015-09-28T09:45:57.6698875-07:00" finish="2015-09-28T09:45:58.6844591-07:00" />
  <TestSettings name="default" id="03f1cbb6-1df5-4525-9d9e-1e499b07df32">
    <Execution>
      <TestTypeSpecific />
    </Execution>
    <Deployment runDeploymentRoot="tfsmladm_TFSBUILD11 2015-09-28 09_45_57" />
    <Properties />
  </TestSettings>
  <Results>
    <UnitTestResult executionId="1bd2b71b-20f5-4eb4-beaa-6cfbc49662e7" testId="a184fd88-8504-4246-9a44-8c43f6e0e9d5" testName="TFSTests.Search.HitHighlighting VerifyLineOffsetsCreationFromFileContentsBasedOnLastHitOffset" computerName="TFSBUILD11" duration="00:00:00.0250000" startTime="2015-09-28T09:45:57.6972812-07:00" endTime="2015-09-28T09:45:57.6972812-07:00" testType="13cdc9d9-ddb5-4fa4-a97d-d965ccfc6d4b" outcome="Passed" testListId="8c84fa94-04c1-424b-9868-57a2d4851a1d" relativeResultsDirectory="1bd2b71b-20f5-4eb4-beaa-6cfbc49662e7" />
    <UnitTestResult executionId="8a8cdabb-c153-44c7-8d55-dd0c9a5787f0" testId="3192ce89-e366-4aff-8e58-fe84a09e0427" testName="TFSTests.Search.HitHighlighting ShouldNotReturnAdornmentsIfThereAreNoHits" computerName="TFSBUILD11" duration="00:00:00.0150000" startTime="2015-09-28T09:45:57.7048455-07:00" endTime="2015-09-28T09:45:57.7048455-07:00" testType="13cdc9d9-ddb5-4fa4-a97d-d965ccfc6d4b" outcome="Passed" testListId="8c84fa94-04c1-424b-9868-57a2d4851a1d" relativeResultsDirectory="8a8cdabb-c153-44c7-8d55-dd0c9a5787f0" />
    <UnitTestResult executionId="3c16528d-c633-41ec-b5c3-74124c1d8514" testId="34ea7665-319a-402b-b147-a57b6c4139a9" testName="TFSTests.Search.HitHighlighting ShouldReturnAdornmentsForNonOverlappingHitsFromASingleLine" computerName="TFSBUILD11" duration="00:00:00.0150000" startTime="2015-09-28T09:45:57.7048455-07:00" endTime="2015-09-28T09:45:57.7048455-07:00" testType="13cdc9d9-ddb5-4fa4-a97d-d965ccfc6d4b" outcome="Passed" testListId="8c84fa94-04c1-424b-9868-57a2d4851a1d" relativeResultsDirectory="3c16528d-c633-41ec-b5c3-74124c1d8514" />
    <UnitTestResult executionId="e393b4e9-c643-4898-8474-186776270cb2" testId="4db5869c-f2a0-4d67-b35e-003a22a3e7c9" testName="TFSTests.Search.HitHighlighting ShouldReturnAdornmentsForNonOverlappingHitsFromMultipleLines" computerName="TFSBUILD11" duration="00:00:00.0140000" startTime="2015-09-28T09:45:57.7048455-07:00" endTime="2015-09-28T09:45:57.7048455-07:00" testType="13cdc9d9-ddb5-4fa4-a97d-d965ccfc6d4b" outcome="Passed" testListId="8c84fa94-04c1-424b-9868-57a2d4851a1d" relativeResultsDirectory="e393b4e9-c643-4898-8474-186776270cb2" />
    <UnitTestResult executionId="09298d88-905f-41f3-9c7f-ff978f37ca74" testId="fb2ce7ed-8212-45c0-a6a7-89918e15ca1a" testName="TFSTests.Search.HitHighlighting ShouldNotReturnAdornmentsIfHitsAreBeyondEndOfFile" computerName="TFSBUILD11" duration="00:00:00.0150000" startTime="2015-09-28T09:45:57.7048455-07:00" endTime="2015-09-28T09:45:57.7048455-07:00" testType="13cdc9d9-ddb5-4fa4-a97d-d965ccfc6d4b" outcome="Passed" testListId="8c84fa94-04c1-424b-9868-57a2d4851a1d" relativeResultsDirectory="09298d88-905f-41f3-9c7f-ff978f37ca74" />
    <UnitTestResult executionId="8e57e743-f3cc-4989-9033-059103416092" testId="8d0dba09-9cc4-4712-884a-770a9cf8e0b9" testName="TFSTests.Search.HitHighlighting ShouldReturnAdornmentsForHitsThatMapsIntoFileContents" computerName="TFSBUILD11" duration="00:00:00.0150000" startTime="2015-09-28T09:45:57.7048455-07:00" endTime="2015-09-28T09:45:57.7048455-07:00" testType="13cdc9d9-ddb5-4fa4-a97d-d965ccfc6d4b" outcome="Passed" testListId="8c84fa94-04c1-424b-9868-57a2d4851a1d" relativeResultsDirectory="8e57e743-f3cc-4989-9033-059103416092" />
    <UnitTestResult executionId="d2967146-0489-473b-bc9f-30692fd3d740" testId="a7d22c17-c8ee-4f25-8619-04372dfcb687" testName="TFSTests.Search.HitHighlighting ShouldReturnMultipleAdornmentsForAHitThatSpansMultipleLines" computerName="TFSBUILD11" duration="00:00:00.0150000" startTime="2015-09-28T09:45:57.7048455-07:00" endTime="2015-09-28T09:45:57.7048455-07:00" testType="13cdc9d9-ddb5-4fa4-a97d-d965ccfc6d4b" outcome="Passed" testListId="8c84fa94-04c1-424b-9868-57a2d4851a1d" relativeResultsDirectory="d2967146-0489-473b-bc9f-30692fd3d740" />
    <UnitTestResult executionId="3ba9adfe-75be-405d-b23f-27018837d9d2" testId="25d22779-67f3-4fc4-b6ea-53897cce7057" testName="TFSTests.Search.HitHighlighting ShouldReturnMultipleAdornmentsForContinuousHits" computerName="TFSBUILD11" duration="00:00:00.0160000" startTime="2015-09-28T09:45:57.7048455-07:00" endTime="2015-09-28T09:45:57.7048455-07:00" testType="13cdc9d9-ddb5-4fa4-a97d-d965ccfc6d4b" outcome="Passed" testListId="8c84fa94-04c1-424b-9868-57a2d4851a1d" relativeResultsDirectory="3ba9adfe-75be-405d-b23f-27018837d9d2" />
    <UnitTestResult executionId="21af25df-968c-4bb6-866b-41694edcd074" testId="36a87533-7b6f-4b6a-a599-258d34a8fd13" testName="TFSTests.Search.HitHighlighting ShouldReturnMultipleAdornmentsForNestedHits" computerName="TFSBUILD11" duration="00:00:00.0140000" startTime="2015-09-28T09:45:57.7048455-07:00" endTime="2015-09-28T09:45:57.7048455-07:00" testType="13cdc9d9-ddb5-4fa4-a97d-d965ccfc6d4b" outcome="Passed" testListId="8c84fa94-04c1-424b-9868-57a2d4851a1d" relativeResultsDirectory="21af25df-968c-4bb6-866b-41694edcd074" />
    <UnitTestResult executionId="a9b53300-56ee-42c5-9a1e-abd3e271e16a" testId="787778fe-4f11-4093-8f7c-6e699608f951" testName="TFSTests.Search.HitHighlighting ShouldReturnMultipleAdornmentsForOverlappingHits" computerName="TFSBUILD11" duration="00:00:00.0140000" startTime="2015-09-28T09:45:58.6794574-07:00" endTime="2015-09-28T09:45:58.6794574-07:00" testType="13cdc9d9-ddb5-4fa4-a97d-d965ccfc6d4b" outcome="Passed" testListId="8c84fa94-04c1-424b-9868-57a2d4851a1d" relativeResultsDirectory="a9b53300-56ee-42c5-9a1e-abd3e271e16a" />
    <UnitTestResult executionId="7b10e6bc-92c4-423f-917e-551d8581e793" testId="64efe329-18e8-4fd4-9ef6-3b17ce3cc365" testName="TFSTests.Search.HitsNavigation getIndexOfNextHitShouldReturnIndexWithRespectToCursorPosition" computerName="TFSBUILD11" duration="00:00:00.0160000" startTime="2015-09-28T09:45:58.6794574-07:00" endTime="2015-09-28T09:45:58.6794574-07:00" testType="13cdc9d9-ddb5-4fa4-a97d-d965ccfc6d4b" outcome="Passed" testListId="8c84fa94-04c1-424b-9868-57a2d4851a1d" relativeResultsDirectory="7b10e6bc-92c4-423f-917e-551d8581e793" />
    <UnitTestResult executionId="1eb8dc84-a8b9-405e-aa63-484f319b5c8c" testId="3d7757ad-7f24-4902-8039-ca0a59f1f6a3" testName="TFSTests.Search.HitsNavigation getIndexOfPrevHitShouldReturnIndexWithRespectToCursorPosition" computerName="TFSBUILD11" duration="00:00:00.0140000" startTime="2015-09-28T09:45:58.6794574-07:00" endTime="2015-09-28T09:45:58.6794574-07:00" testType="13cdc9d9-ddb5-4fa4-a97d-d965ccfc6d4b" outcome="Passed" testListId="8c84fa94-04c1-424b-9868-57a2d4851a1d" relativeResultsDirectory="1eb8dc84-a8b9-405e-aa63-484f319b5c8c" />
  </Results>
  <TestDefinitions>
    <UnitTest name="TFSTests.Search.HitHighlighting VerifyLineOffsetsCreationFromFileContentsBasedOnLastHitOffset" storage="d:\v2.0\a1\_work\dbded102\vso\tfs\service\webaccess\search\testscripts\tests\tfstests.search.hithighlighting.ts" id="a184fd88-8504-4246-9a44-8c43f6e0e9d5">
      <Execution id="1bd2b71b-20f5-4eb4-beaa-6cfbc49662e7" />
      <TestMethod codeBase="d:\v2.0\a1\_work\dbded102\vso\tfs\service\webaccess\search\testscripts\tests\tfstests.search.hithighlighting.ts" adapterTypeName="Microsoft.VisualStudio.TestTools.TestTypes.Unit.UnitTestAdapter" className="d:\v2.0\a1\_work\dbded102\vso\tfs\service\webaccess\search\testscripts\tests\tfstests.search.hithighlighting.ts::tfstests.search" name="TFSTests.Search.HitHighlighting VerifyLineOffsetsCreationFromFileContentsBasedOnLastHitOffset" />
    </UnitTest>
    <UnitTest name="TFSTests.Search.HitHighlighting ShouldNotReturnAdornmentsIfThereAreNoHits" storage="d:\v2.0\a1\_work\dbded102\vso\tfs\service\webaccess\search\testscripts\tests\tfstests.search.hithighlighting.ts" id="3192ce89-e366-4aff-8e58-fe84a09e0427">
      <Execution id="8a8cdabb-c153-44c7-8d55-dd0c9a5787f0" />
      <TestMethod codeBase="d:\v2.0\a1\_work\dbded102\vso\tfs\service\webaccess\search\testscripts\tests\tfstests.search.hithighlighting.ts" adapterTypeName="Microsoft.VisualStudio.TestTools.TestTypes.Unit.UnitTestAdapter" className="d:\v2.0\a1\_work\dbded102\vso\tfs\service\webaccess\search\testscripts\tests\tfstests.search.hithighlighting.ts::tfstests.search" name="TFSTests.Search.HitHighlighting ShouldNotReturnAdornmentsIfThereAreNoHits" />
    </UnitTest>
    <UnitTest name="TFSTests.Search.HitHighlighting ShouldReturnAdornmentsForNonOverlappingHitsFromASingleLine" storage="d:\v2.0\a1\_work\dbded102\vso\tfs\service\webaccess\search\testscripts\tests\tfstests.search.hithighlighting.ts" id="34ea7665-319a-402b-b147-a57b6c4139a9">
      <Execution id="3c16528d-c633-41ec-b5c3-74124c1d8514" />
      <TestMethod codeBase="d:\v2.0\a1\_work\dbded102\vso\tfs\service\webaccess\search\testscripts\tests\tfstests.search.hithighlighting.ts" adapterTypeName="Microsoft.VisualStudio.TestTools.TestTypes.Unit.UnitTestAdapter" className="d:\v2.0\a1\_work\dbded102\vso\tfs\service\webaccess\search\testscripts\tests\tfstests.search.hithighlighting.ts::tfstests.search" name="TFSTests.Search.HitHighlighting ShouldReturnAdornmentsForNonOverlappingHitsFromASingleLine" />
    </UnitTest>
    <UnitTest name="TFSTests.Search.HitHighlighting ShouldReturnAdornmentsForNonOverlappingHitsFromMultipleLines" storage="d:\v2.0\a1\_work\dbded102\vso\tfs\service\webaccess\search\testscripts\tests\tfstests.search.hithighlighting.ts" id="4db5869c-f2a0-4d67-b35e-003a22a3e7c9">
      <Execution id="e393b4e9-c643-4898-8474-186776270cb2" />
      <TestMethod codeBase="d:\v2.0\a1\_work\dbded102\vso\tfs\service\webaccess\search\testscripts\tests\tfstests.search.hithighlighting.ts" adapterTypeName="Microsoft.VisualStudio.TestTools.TestTypes.Unit.UnitTestAdapter" className="d:\v2.0\a1\_work\dbded102\vso\tfs\service\webaccess\search\testscripts\tests\tfstests.search.hithighlighting.ts::tfstests.search" name="TFSTests.Search.HitHighlighting ShouldReturnAdornmentsForNonOverlappingHitsFromMultipleLines" />
    </UnitTest>
    <UnitTest name="TFSTests.Search.HitHighlighting ShouldNotReturnAdornmentsIfHitsAreBeyondEndOfFile" storage="d:\v2.0\a1\_work\dbded102\vso\tfs\service\webaccess\search\testscripts\tests\tfstests.search.hithighlighting.ts" id="fb2ce7ed-8212-45c0-a6a7-89918e15ca1a">
      <Execution id="09298d88-905f-41f3-9c7f-ff978f37ca74" />
      <TestMethod codeBase="d:\v2.0\a1\_work\dbded102\vso\tfs\service\webaccess\search\testscripts\tests\tfstests.search.hithighlighting.ts" adapterTypeName="Microsoft.VisualStudio.TestTools.TestTypes.Unit.UnitTestAdapter" className="d:\v2.0\a1\_work\dbded102\vso\tfs\service\webaccess\search\testscripts\tests\tfstests.search.hithighlighting.ts::tfstests.search" name="TFSTests.Search.HitHighlighting ShouldNotReturnAdornmentsIfHitsAreBeyondEndOfFile" />
    </UnitTest>
    <UnitTest name="TFSTests.Search.HitHighlighting ShouldReturnAdornmentsForHitsThatMapsIntoFileContents" storage="d:\v2.0\a1\_work\dbded102\vso\tfs\service\webaccess\search\testscripts\tests\tfstests.search.hithighlighting.ts" id="8d0dba09-9cc4-4712-884a-770a9cf8e0b9">
      <Execution id="8e57e743-f3cc-4989-9033-059103416092" />
      <TestMethod codeBase="d:\v2.0\a1\_work\dbded102\vso\tfs\service\webaccess\search\testscripts\tests\tfstests.search.hithighlighting.ts" adapterTypeName="Microsoft.VisualStudio.TestTools.TestTypes.Unit.UnitTestAdapter" className="d:\v2.0\a1\_work\dbded102\vso\tfs\service\webaccess\search\testscripts\tests\tfstests.search.hithighlighting.ts::tfstests.search" name="TFSTests.Search.HitHighlighting ShouldReturnAdornmentsForHitsThatMapsIntoFileContents" />
    </UnitTest>
    <UnitTest name="TFSTests.Search.HitHighlighting ShouldReturnMultipleAdornmentsForAHitThatSpansMultipleLines" storage="d:\v2.0\a1\_work\dbded102\vso\tfs\service\webaccess\search\testscripts\tests\tfstests.search.hithighlighting.ts" id="a7d22c17-c8ee-4f25-8619-04372dfcb687">
      <Execution id="d2967146-0489-473b-bc9f-30692fd3d740" />
      <TestMethod codeBase="d:\v2.0\a1\_work\dbded102\vso\tfs\service\webaccess\search\testscripts\tests\tfstests.search.hithighlighting.ts" adapterTypeName="Microsoft.VisualStudio.TestTools.TestTypes.Unit.UnitTestAdapter" className="d:\v2.0\a1\_work\dbded102\vso\tfs\service\webaccess\search\testscripts\tests\tfstests.search.hithighlighting.ts::tfstests.search" name="TFSTests.Search.HitHighlighting ShouldReturnMultipleAdornmentsForAHitThatSpansMultipleLines" />
    </UnitTest>
    <UnitTest name="TFSTests.Search.HitHighlighting ShouldReturnMultipleAdornmentsForContinuousHits" storage="d:\v2.0\a1\_work\dbded102\vso\tfs\service\webaccess\search\testscripts\tests\tfstests.search.hithighlighting.ts" id="25d22779-67f3-4fc4-b6ea-53897cce7057">
      <Execution id="3ba9adfe-75be-405d-b23f-27018837d9d2" />
      <TestMethod codeBase="d:\v2.0\a1\_work\dbded102\vso\tfs\service\webaccess\search\testscripts\tests\tfstests.search.hithighlighting.ts" adapterTypeName="Microsoft.VisualStudio.TestTools.TestTypes.Unit.UnitTestAdapter" className="d:\v2.0\a1\_work\dbded102\vso\tfs\service\webaccess\search\testscripts\tests\tfstests.search.hithighlighting.ts::tfstests.search" name="TFSTests.Search.HitHighlighting ShouldReturnMultipleAdornmentsForContinuousHits" />
    </UnitTest>
    <UnitTest name="TFSTests.Search.HitHighlighting ShouldReturnMultipleAdornmentsForNestedHits" storage="d:\v2.0\a1\_work\dbded102\vso\tfs\service\webaccess\search\testscripts\tests\tfstests.search.hithighlighting.ts" id="36a87533-7b6f-4b6a-a599-258d34a8fd13">
      <Execution id="21af25df-968c-4bb6-866b-41694edcd074" />
      <TestMethod codeBase="d:\v2.0\a1\_work\dbded102\vso\tfs\service\webaccess\search\testscripts\tests\tfstests.search.hithighlighting.ts" adapterTypeName="Microsoft.VisualStudio.TestTools.TestTypes.Unit.UnitTestAdapter" className="d:\v2.0\a1\_work\dbded102\vso\tfs\service\webaccess\search\testscripts\tests\tfstests.search.hithighlighting.ts::tfstests.search" name="TFSTests.Search.HitHighlighting ShouldReturnMultipleAdornmentsForNestedHits" />
    </UnitTest>
    <UnitTest name="TFSTests.Search.HitHighlighting ShouldReturnMultipleAdornmentsForOverlappingHits" storage="d:\v2.0\a1\_work\dbded102\vso\tfs\service\webaccess\search\testscripts\tests\tfstests.search.hithighlighting.ts" id="787778fe-4f11-4093-8f7c-6e699608f951">
      <Execution id="a9b53300-56ee-42c5-9a1e-abd3e271e16a" />
      <TestMethod codeBase="d:\v2.0\a1\_work\dbded102\vso\tfs\service\webaccess\search\testscripts\tests\tfstests.search.hithighlighting.ts" adapterTypeName="Microsoft.VisualStudio.TestTools.TestTypes.Unit.UnitTestAdapter" className="d:\v2.0\a1\_work\dbded102\vso\tfs\service\webaccess\search\testscripts\tests\tfstests.search.hithighlighting.ts::tfstests.search" name="TFSTests.Search.HitHighlighting ShouldReturnMultipleAdornmentsForOverlappingHits" />
    </UnitTest>
    <UnitTest name="TFSTests.Search.HitsNavigation getIndexOfNextHitShouldReturnIndexWithRespectToCursorPosition" storage="d:\v2.0\a1\_work\dbded102\vso\tfs\service\webaccess\search\testscripts\tests\tfstests.search.hitsnavigation.ts" id="64efe329-18e8-4fd4-9ef6-3b17ce3cc365">
      <Execution id="7b10e6bc-92c4-423f-917e-551d8581e793" />
      <TestMethod codeBase="d:\v2.0\a1\_work\dbded102\vso\tfs\service\webaccess\search\testscripts\tests\tfstests.search.hitsnavigation.ts" adapterTypeName="Microsoft.VisualStudio.TestTools.TestTypes.Unit.UnitTestAdapter" className="d:\v2.0\a1\_work\dbded102\vso\tfs\service\webaccess\search\testscripts\tests\tfstests.search.hitsnavigation.ts::tfstests.search" name="TFSTests.Search.HitsNavigation getIndexOfNextHitShouldReturnIndexWithRespectToCursorPosition" />
    </UnitTest>
    <UnitTest name="TFSTests.Search.HitsNavigation getIndexOfPrevHitShouldReturnIndexWithRespectToCursorPosition" storage="d:\v2.0\a1\_work\dbded102\vso\tfs\service\webaccess\search\testscripts\tests\tfstests.search.hitsnavigation.ts" id="3d7757ad-7f24-4902-8039-ca0a59f1f6a3">
      <Execution id="1eb8dc84-a8b9-405e-aa63-484f319b5c8c" />
      <TestMethod codeBase="d:\v2.0\a1\_work\dbded102\vso\tfs\service\webaccess\search\testscripts\tests\tfstests.search.hitsnavigation.ts" adapterTypeName="Microsoft.VisualStudio.TestTools.TestTypes.Unit.UnitTestAdapter" className="d:\v2.0\a1\_work\dbded102\vso\tfs\service\webaccess\search\testscripts\tests\tfstests.search.hitsnavigation.ts::tfstests.search" name="TFSTests.Search.HitsNavigation getIndexOfPrevHitShouldReturnIndexWithRespectToCursorPosition" />
    </UnitTest>
  </TestDefinitions>
  <TestEntries>
    <TestEntry testId="a184fd88-8504-4246-9a44-8c43f6e0e9d5" executionId="1bd2b71b-20f5-4eb4-beaa-6cfbc49662e7" testListId="8c84fa94-04c1-424b-9868-57a2d4851a1d" />
    <TestEntry testId="3192ce89-e366-4aff-8e58-fe84a09e0427" executionId="8a8cdabb-c153-44c7-8d55-dd0c9a5787f0" testListId="8c84fa94-04c1-424b-9868-57a2d4851a1d" />
    <TestEntry testId="34ea7665-319a-402b-b147-a57b6c4139a9" executionId="3c16528d-c633-41ec-b5c3-74124c1d8514" testListId="8c84fa94-04c1-424b-9868-57a2d4851a1d" />
    <TestEntry testId="4db5869c-f2a0-4d67-b35e-003a22a3e7c9" executionId="e393b4e9-c643-4898-8474-186776270cb2" testListId="8c84fa94-04c1-424b-9868-57a2d4851a1d" />
    <TestEntry testId="fb2ce7ed-8212-45c0-a6a7-89918e15ca1a" executionId="09298d88-905f-41f3-9c7f-ff978f37ca74" testListId="8c84fa94-04c1-424b-9868-57a2d4851a1d" />
    <TestEntry testId="8d0dba09-9cc4-4712-884a-770a9cf8e0b9" executionId="8e57e743-f3cc-4989-9033-059103416092" testListId="8c84fa94-04c1-424b-9868-57a2d4851a1d" />
    <TestEntry testId="a7d22c17-c8ee-4f25-8619-04372dfcb687" executionId="d2967146-0489-473b-bc9f-30692fd3d740" testListId="8c84fa94-04c1-424b-9868-57a2d4851a1d" />
    <TestEntry testId="25d22779-67f3-4fc4-b6ea-53897cce7057" executionId="3ba9adfe-75be-405d-b23f-27018837d9d2" testListId="8c84fa94-04c1-424b-9868-57a2d4851a1d" />
    <TestEntry testId="36a87533-7b6f-4b6a-a599-258d34a8fd13" executionId="21af25df-968c-4bb6-866b-41694edcd074" testListId="8c84fa94-04c1-424b-9868-57a2d4851a1d" />
    <TestEntry testId="787778fe-4f11-4093-8f7c-6e699608f951" executionId="a9b53300-56ee-42c5-9a1e-abd3e271e16a" testListId="8c84fa94-04c1-424b-9868-57a2d4851a1d" />
    <TestEntry testId="64efe329-18e8-4fd4-9ef6-3b17ce3cc365" executionId="7b10e6bc-92c4-423f-917e-551d8581e793" testListId="8c84fa94-04c1-424b-9868-57a2d4851a1d" />
    <TestEntry testId="3d7757ad-7f24-4902-8039-ca0a59f1f6a3" executionId="1eb8dc84-a8b9-405e-aa63-484f319b5c8c" testListId="8c84fa94-04c1-424b-9868-57a2d4851a1d" />
  </TestEntries>
  <TestLists>
    <TestList name="Results Not in a List" id="8c84fa94-04c1-424b-9868-57a2d4851a1d" />
    <TestList name="All Loaded Results" id="19431567-8539-422a-85d7-44ee4e166bda" />
  </TestLists>
  <ResultSummary outcome="Completed">
    <Counters total="12" executed="12" passed="12" failed="0" error="0" timeout="0" aborted="0" inconclusive="0" passedButRunAborted="0" notRunnable="0" notExecuted="0" disconnected="0" warning="0" completed="0" inProgress="0" pending="0" />
  </ResultSummary>
</TestRun>