<?xml version="1.0" encoding="UTF-8"?>
<TestRun id="88622926-51a9-4a69-b6ac-81591f19d49f" name="tfsmladm@TFSBUILD11 2015-09-28 09:43:38" runUser="REDMOND\tfsmladm" xmlns="http://microsoft.com/schemas/VisualStudio/TeamTest/2010">
  <Times creation="2015-09-28T09:43:38.4535266-07:00" queuing="2015-09-28T09:43:38.4535266-07:00" start="2015-09-28T09:43:38.4535266-07:00" finish="2015-09-28T09:43:39.5786071-07:00" />
  <TestSettings name="default" id="7cd98999-6201-48cb-b2cd-8f69bfa0a1d1">
    <Execution>
      <TestTypeSpecific />
    </Execution>
    <Deployment runDeploymentRoot="tfsmladm_TFSBUILD11 2015-09-28 09_43_38" />
    <Properties />
  </TestSettings>
  <Results>
    <UnitTestResult executionId="27d9289b-23eb-4356-a3bf-c609f0dd7ff4" testId="8b6f4d4f-deb2-d60c-888b-02aba7a1f289" testName="GetVelocityInputs_NoCurrentIteration_NoException" computerName="TFSBUILD11" duration="00:00:00.4888682" startTime="2015-09-28T09:43:37.6565952-07:00" endTime="2015-09-28T09:43:38.2191352-07:00" testType="13cdc9d9-ddb5-4fa4-a97d-d965ccfc6d4b" outcome="Passed" testListId="8c84fa94-04c1-424b-9868-57a2d4851a1d" relativeResultsDirectory="27d9289b-23eb-4356-a3bf-c609f0dd7ff4" />
    <UnitTestResult executionId="4ee7e15c-7db5-4976-8af8-cbfcd9d0704a" testId="e994fcb6-c53a-8b91-2ec2-7084f8e6ab25" testName="ReorderMultipleWithParentCompletedWithPreviousAndNextSpecified" computerName="TFSBUILD11" duration="00:00:00.1391940" startTime="2015-09-28T09:43:38.2347616-07:00" endTime="2015-09-28T09:43:38.3597702-07:00" testType="13cdc9d9-ddb5-4fa4-a97d-d965ccfc6d4b" outcome="Passed" testListId="8c84fa94-04c1-424b-9868-57a2d4851a1d" relativeResultsDirectory="4ee7e15c-7db5-4976-8af8-cbfcd9d0704a" />
    <UnitTestResult executionId="9700f9e9-2267-45f7-8595-8cd39fd3925d" testId="8cb063cf-a87f-3ccc-db8a-19a4c662791f" testName="ReorderMultipleWithParentCompletedWithNextSpecified" computerName="TFSBUILD11" duration="00:00:00.0042680" startTime="2015-09-28T09:43:38.3753957-07:00" endTime="2015-09-28T09:43:38.3753957-07:00" testType="13cdc9d9-ddb5-4fa4-a97d-d965ccfc6d4b" outcome="Passed" testListId="8c84fa94-04c1-424b-9868-57a2d4851a1d" relativeResultsDirectory="9700f9e9-2267-45f7-8595-8cd39fd3925d" />
    <UnitTestResult executionId="cf4d1ccd-01f2-443d-9754-8ea13e986387" testId="97252d96-8127-08e4-b667-28ed0a83f7c1" testName="NullWorkItemService" computerName="TFSBUILD11" duration="00:00:00.0033607" startTime="2015-09-28T09:43:38.3753957-07:00" endTime="2015-09-28T09:43:38.3753957-07:00" testType="13cdc9d9-ddb5-4fa4-a97d-d965ccfc6d4b" outcome="Passed" testListId="8c84fa94-04c1-424b-9868-57a2d4851a1d" relativeResultsDirectory="cf4d1ccd-01f2-443d-9754-8ea13e986387" />
    <UnitTestResult executionId="f1322eb2-6bdc-4b40-886b-c7ad6e8a779f" testId="fb9e61f1-4067-67ce-023b-dbabb07e434a" testName="NullAgileSettings" computerName="TFSBUILD11" duration="00:00:00.0060532" startTime="2015-09-28T09:43:38.3753957-07:00" endTime="2015-09-28T09:43:38.3910221-07:00" testType="13cdc9d9-ddb5-4fa4-a97d-d965ccfc6d4b" outcome="Passed" testListId="8c84fa94-04c1-424b-9868-57a2d4851a1d" relativeResultsDirectory="f1322eb2-6bdc-4b40-886b-c7ad6e8a779f" />
    <UnitTestResult executionId="8853fe68-0368-4294-806d-9642a0e97ee0" testId="b2a2206e-d088-a6fc-38c1-6b6c3b7df570" testName="ReorderWithEmptyReorderIds" computerName="TFSBUILD11" duration="00:00:00.0038311" startTime="2015-09-28T09:43:38.3910221-07:00" endTime="2015-09-28T09:43:38.3910221-07:00" testType="13cdc9d9-ddb5-4fa4-a97d-d965ccfc6d4b" outcome="Passed" testListId="8c84fa94-04c1-424b-9868-57a2d4851a1d" relativeResultsDirectory="8853fe68-0368-4294-806d-9642a0e97ee0" />
    <UnitTestResult executionId="2149edbd-f3a2-4d5d-a5f2-73cda01e82cf" testId="e5e8e50e-a86e-95d3-a725-2f27a333724d" testName="ReorderWithInvalidReorderId" computerName="TFSBUILD11" duration="00:00:00.0036258" startTime="2015-09-28T09:43:38.3910221-07:00" endTime="2015-09-28T09:43:38.3910221-07:00" testType="13cdc9d9-ddb5-4fa4-a97d-d965ccfc6d4b" outcome="Passed" testListId="8c84fa94-04c1-424b-9868-57a2d4851a1d" relativeResultsDirectory="2149edbd-f3a2-4d5d-a5f2-73cda01e82cf" />
    <UnitTestResult executionId="dc0f8e3a-1554-481f-a2de-d59ba1c89feb" testId="dbeaac4d-7d30-672c-785b-e54abf246c82" testName="ReorderWithInvalidReorderIds" computerName="TFSBUILD11" duration="00:00:00.0037051" startTime="2015-09-28T09:43:38.3910221-07:00" endTime="2015-09-28T09:43:38.4066482-07:00" testType="13cdc9d9-ddb5-4fa4-a97d-d965ccfc6d4b" outcome="Passed" testListId="8c84fa94-04c1-424b-9868-57a2d4851a1d" relativeResultsDirectory="dc0f8e3a-1554-481f-a2de-d59ba1c89feb" />
    <UnitTestResult executionId="54d9e782-82d0-43d4-8f2f-d65572c355ee" testId="8767ef51-10ce-b1aa-3346-ac124ebcdd69" testName="ReorderWithInvalidParentId" computerName="TFSBUILD11" duration="00:00:00.0102138" startTime="2015-09-28T09:43:38.4066482-07:00" endTime="2015-09-28T09:43:38.4066482-07:00" testType="13cdc9d9-ddb5-4fa4-a97d-d965ccfc6d4b" outcome="Passed" testListId="8c84fa94-04c1-424b-9868-57a2d4851a1d" relativeResultsDirectory="54d9e782-82d0-43d4-8f2f-d65572c355ee" />
    <UnitTestResult executionId="7b704784-3f65-4ddf-a010-7179dda8e09a" testId="bb3a51c4-4311-5a29-77d7-328aa5180999" testName="ReorderWithInvalidPreviousId" computerName="TFSBUILD11" duration="00:00:00.0046660" startTime="2015-09-28T09:43:38.4222749-07:00" endTime="2015-09-28T09:43:38.4222749-07:00" testType="13cdc9d9-ddb5-4fa4-a97d-d965ccfc6d4b" outcome="Passed" testListId="8c84fa94-04c1-424b-9868-57a2d4851a1d" relativeResultsDirectory="7b704784-3f65-4ddf-a010-7179dda8e09a" />
    <UnitTestResult executionId="9e1ee0df-65d5-4c76-a1d7-8dcfab3e1488" testId="0e15c96f-6645-fca4-8177-3901f8b9422d" testName="ReorderWithInvalidNextId" computerName="TFSBUILD11" duration="00:00:00.0037008" startTime="2015-09-28T09:43:38.4222749-07:00" endTime="2015-09-28T09:43:38.4222749-07:00" testType="13cdc9d9-ddb5-4fa4-a97d-d965ccfc6d4b" outcome="Passed" testListId="8c84fa94-04c1-424b-9868-57a2d4851a1d" relativeResultsDirectory="9e1ee0df-65d5-4c76-a1d7-8dcfab3e1488" />
    <UnitTestResult executionId="9fc12424-cec2-4440-bc94-3378b003a1d2" testId="c412a4a7-ca7f-0efa-3c59-9c95dc2c38fd" testName="ReorderWithReorderIdNotExist" computerName="TFSBUILD11" duration="00:00:00.0036653" startTime="2015-09-28T09:43:38.4222749-07:00" endTime="2015-09-28T09:43:38.4222749-07:00" testType="13cdc9d9-ddb5-4fa4-a97d-d965ccfc6d4b" outcome="Passed" testListId="8c84fa94-04c1-424b-9868-57a2d4851a1d" relativeResultsDirectory="9fc12424-cec2-4440-bc94-3378b003a1d2" />
    <UnitTestResult executionId="4fcb7807-33e6-4a5f-8835-baa4edb1499c" testId="5518650b-bb90-e92b-bb9f-95ae5868fe2c" testName="ReorderWithReorderIdsNotExist" computerName="TFSBUILD11" duration="00:00:00.0036306" startTime="2015-09-28T09:43:38.4222749-07:00" endTime="2015-09-28T09:43:38.4379010-07:00" testType="13cdc9d9-ddb5-4fa4-a97d-d965ccfc6d4b" outcome="Passed" testListId="8c84fa94-04c1-424b-9868-57a2d4851a1d" relativeResultsDirectory="4fcb7807-33e6-4a5f-8835-baa4edb1499c" />
    <UnitTestResult executionId="6f2359d6-6122-4074-86a1-fbf0c72a34f9" testId="880e8e02-e352-6e9f-3fdc-0698cd423649" testName="ReorderWithReorderIdNotFound" computerName="TFSBUILD11" duration="00:00:00.0049521" startTime="2015-09-28T09:43:38.4379010-07:00" endTime="2015-09-28T09:43:38.4379010-07:00" testType="13cdc9d9-ddb5-4fa4-a97d-d965ccfc6d4b" outcome="Passed" testListId="8c84fa94-04c1-424b-9868-57a2d4851a1d" relativeResultsDirectory="6f2359d6-6122-4074-86a1-fbf0c72a34f9" />
    <UnitTestResult executionId="d021cc8c-0c9f-4c0d-9e59-74c68af7db58" testId="68a3b5d4-e8bb-01c4-9af0-e52821608412" testName="ReorderWithReorderIdsNotFound" computerName="TFSBUILD11" duration="00:00:00.0040809" startTime="2015-09-28T09:43:38.4379010-07:00" endTime="2015-09-28T09:43:38.4379010-07:00" testType="13cdc9d9-ddb5-4fa4-a97d-d965ccfc6d4b" outcome="Passed" testListId="8c84fa94-04c1-424b-9868-57a2d4851a1d" relativeResultsDirectory="d021cc8c-0c9f-4c0d-9e59-74c68af7db58" />
    <UnitTestResult executionId="abd6fc07-7eac-4bbe-9721-12188d82c6a2" testId="9d37a551-3528-20cd-f77e-5875af787d8c" testName="ReorderWithPreviousIdNotExist" computerName="TFSBUILD11" duration="00:00:00.0037902" startTime="2015-09-28T09:43:38.4379010-07:00" endTime="2015-09-28T09:43:38.4535266-07:00" testType="13cdc9d9-ddb5-4fa4-a97d-d965ccfc6d4b" outcome="Passed" testListId="8c84fa94-04c1-424b-9868-57a2d4851a1d" relativeResultsDirectory="abd6fc07-7eac-4bbe-9721-12188d82c6a2" />
    <UnitTestResult executionId="3cc14722-3288-4ea1-bbe4-eed57c0d4173" testId="b0a6bec3-62c5-72dc-2db6-4e9f884d95ac" testName="ReorderWithNextIdNotExist" computerName="TFSBUILD11" duration="00:00:00.0040848" startTime="2015-09-28T09:43:38.4535266-07:00" endTime="2015-09-28T09:43:38.4535266-07:00" testType="13cdc9d9-ddb5-4fa4-a97d-d965ccfc6d4b" outcome="Passed" testListId="8c84fa94-04c1-424b-9868-57a2d4851a1d" relativeResultsDirectory="3cc14722-3288-4ea1-bbe4-eed57c0d4173" />
    <UnitTestResult executionId="0c5f00c4-e750-4555-a014-bcfbfa5da2ea" testId="8c8ee37d-1d43-9fd9-74e2-eaa2c9057c1a" testName="ReorderWithPreviousIdNotFound" computerName="TFSBUILD11" duration="00:00:00.0041232" startTime="2015-09-28T09:43:38.4535266-07:00" endTime="2015-09-28T09:43:38.4535266-07:00" testType="13cdc9d9-ddb5-4fa4-a97d-d965ccfc6d4b" outcome="Passed" testListId="8c84fa94-04c1-424b-9868-57a2d4851a1d" relativeResultsDirectory="0c5f00c4-e750-4555-a014-bcfbfa5da2ea" />
    <UnitTestResult executionId="7f7b3dd9-09ba-4851-9bcc-15f48f981845" testId="d3d063ee-ae59-a238-1799-97b79f165854" testName="ReorderWithNextIdNotFound" computerName="TFSBUILD11" duration="00:00:00.0044313" startTime="2015-09-28T09:43:38.4535266-07:00" endTime="2015-09-28T09:43:38.4535266-07:00" testType="13cdc9d9-ddb5-4fa4-a97d-d965ccfc6d4b" outcome="Passed" testListId="8c84fa94-04c1-424b-9868-57a2d4851a1d" relativeResultsDirectory="7f7b3dd9-09ba-4851-9bcc-15f48f981845" />
    <UnitTestResult executionId="e9f1364f-3e16-4ce2-ade9-6041d9155dad" testId="4707998e-8f15-7dae-a19f-3f255d22c34c" testName="ReorderWithPreviousGreaterThanNext" computerName="TFSBUILD11" duration="00:00:00.0045326" startTime="2015-09-28T09:43:38.4535266-07:00" endTime="2015-09-28T09:43:38.4691530-07:00" testType="13cdc9d9-ddb5-4fa4-a97d-d965ccfc6d4b" outcome="Passed" testListId="8c84fa94-04c1-424b-9868-57a2d4851a1d" relativeResultsDirectory="e9f1364f-3e16-4ce2-ade9-6041d9155dad" />
    <UnitTestResult executionId="d2ccfcd6-f9ff-42bd-821c-2b323137b677" testId="efec8cf8-6e97-1f8b-f89b-5743e3195935" testName="ReorderMultipleWithPreviousGreaterThanNext" computerName="TFSBUILD11" duration="00:00:00.0043241" startTime="2015-09-28T09:43:38.4691530-07:00" endTime="2015-09-28T09:43:38.4691530-07:00" testType="13cdc9d9-ddb5-4fa4-a97d-d965ccfc6d4b" outcome="Passed" testListId="8c84fa94-04c1-424b-9868-57a2d4851a1d" relativeResultsDirectory="d2ccfcd6-f9ff-42bd-821c-2b323137b677" />
    <UnitTestResult executionId="6a10361d-d7be-489a-a32e-8c606a6e269b" testId="c406a2b3-55f9-3878-18db-3f949a78e63f" testName="ReorderWithPreviousWrongTypeAndNextUnspecified" computerName="TFSBUILD11" duration="00:00:00.0044265" startTime="2015-09-28T09:43:38.4691530-07:00" endTime="2015-09-28T09:43:38.4691530-07:00" testType="13cdc9d9-ddb5-4fa4-a97d-d965ccfc6d4b" outcome="Passed" testListId="8c84fa94-04c1-424b-9868-57a2d4851a1d" relativeResultsDirectory="6a10361d-d7be-489a-a32e-8c606a6e269b" />
    <UnitTestResult executionId="a3fe31b9-0a2d-4fc6-adfd-ed4c143cf1b2" testId="84b9d669-dd1f-74ba-b573-0d4df63e72eb" testName="ReorderWithNextWrongTypeAndPreviousUnspecified" computerName="TFSBUILD11" duration="00:00:00.0042882" startTime="2015-09-28T09:43:38.4691530-07:00" endTime="2015-09-28T09:43:38.4847793-07:00" testType="13cdc9d9-ddb5-4fa4-a97d-d965ccfc6d4b" outcome="Passed" testListId="8c84fa94-04c1-424b-9868-57a2d4851a1d" relativeResultsDirectory="a3fe31b9-0a2d-4fc6-adfd-ed4c143cf1b2" />
    <UnitTestResult executionId="d9dca60c-5170-4707-a5c8-8154d5eff49e" testId="7a560219-cefa-b5f5-0d62-322bdfdbd616" testName="ReorderWithPreviousAndNextWrongType" computerName="TFSBUILD11" duration="00:00:00.0044361" startTime="2015-09-28T09:43:38.4847793-07:00" endTime="2015-09-28T09:43:38.4847793-07:00" testType="13cdc9d9-ddb5-4fa4-a97d-d965ccfc6d4b" outcome="Passed" testListId="8c84fa94-04c1-424b-9868-57a2d4851a1d" relativeResultsDirectory="d9dca60c-5170-4707-a5c8-8154d5eff49e" />
    <UnitTestResult executionId="f9b4b9d5-ddbc-4787-bccb-f24b92505132" testId="4bfd8e3a-0baa-6e06-08af-35b9b3c29ff6" testName="ReorderWithSelectionContainingMultipleTypes" computerName="TFSBUILD11" duration="00:00:00.0042458" startTime="2015-09-28T09:43:38.4847793-07:00" endTime="2015-09-28T09:43:38.4847793-07:00" testType="13cdc9d9-ddb5-4fa4-a97d-d965ccfc6d4b" outcome="Passed" testListId="8c84fa94-04c1-424b-9868-57a2d4851a1d" relativeResultsDirectory="f9b4b9d5-ddbc-4787-bccb-f24b92505132" />
    <UnitTestResult executionId="e8cff1f9-0139-4e9f-9635-af3806b9fcc7" testId="269c652e-00ca-6266-d356-a541f2ad11bd" testName="ReorderFeatureOnIterationBacklog" computerName="TFSBUILD11" duration="00:00:00.0044893" startTime="2015-09-28T09:43:38.4847793-07:00" endTime="2015-09-28T09:43:38.4847793-07:00" testType="13cdc9d9-ddb5-4fa4-a97d-d965ccfc6d4b" outcome="Passed" testListId="8c84fa94-04c1-424b-9868-57a2d4851a1d" relativeResultsDirectory="e8cff1f9-0139-4e9f-9635-af3806b9fcc7" />
    <UnitTestResult executionId="f87bb039-baf0-44eb-bce9-acd1aade7cc7" testId="41b01034-0dee-549f-b359-32c7b0ba1119" testName="ReorderWithSparsification" computerName="TFSBUILD11" duration="00:00:00.0430625" startTime="2015-09-28T09:43:38.4847793-07:00" endTime="2015-09-28T09:43:38.5316577-07:00" testType="13cdc9d9-ddb5-4fa4-a97d-d965ccfc6d4b" outcome="Passed" testListId="8c84fa94-04c1-424b-9868-57a2d4851a1d" relativeResultsDirectory="f87bb039-baf0-44eb-bce9-acd1aade7cc7" />
    <UnitTestResult executionId="d531871a-c825-4d8e-aadb-8c40884c0af2" testId="14c5a609-4ab9-fc5f-5d03-6b38356799cb" testName="ReorderMultipleWithSparsification" computerName="TFSBUILD11" duration="00:00:00.0039637" startTime="2015-09-28T09:43:38.5316577-07:00" endTime="2015-09-28T09:43:38.5316577-07:00" testType="13cdc9d9-ddb5-4fa4-a97d-d965ccfc6d4b" outcome="Passed" testListId="8c84fa94-04c1-424b-9868-57a2d4851a1d" relativeResultsDirectory="d531871a-c825-4d8e-aadb-8c40884c0af2" />
    <UnitTestResult executionId="f2beb24e-03b6-49a9-a848-42e443182ece" testId="b5b7a845-ae56-0be7-a960-748b85812f19" testName="ReorderWithSparsificationSameStackRank" computerName="TFSBUILD11" duration="00:00:00.0035117" startTime="2015-09-28T09:43:38.5316577-07:00" endTime="2015-09-28T09:43:38.5472835-07:00" testType="13cdc9d9-ddb5-4fa4-a97d-d965ccfc6d4b" outcome="Passed" testListId="8c84fa94-04c1-424b-9868-57a2d4851a1d" relativeResultsDirectory="f2beb24e-03b6-49a9-a848-42e443182ece" />
    <UnitTestResult executionId="e399928c-6823-49d7-ad4b-009fffd72f36" testId="504b21c1-e862-dd7f-ec2f-9aff3807b824" testName="ReorderMultipleWithSparsificationSameStackRank" computerName="TFSBUILD11" duration="00:00:00.0034901" startTime="2015-09-28T09:43:38.5472835-07:00" endTime="2015-09-28T09:43:38.5472835-07:00" testType="13cdc9d9-ddb5-4fa4-a97d-d965ccfc6d4b" outcome="Passed" testListId="8c84fa94-04c1-424b-9868-57a2d4851a1d" relativeResultsDirectory="e399928c-6823-49d7-ad4b-009fffd72f36" />
    <UnitTestResult executionId="6d6ae6a7-2f9d-429f-a656-562e1016e6b9" testId="13cf6d80-697e-3868-8bb0-3573be28281b" testName="ReorderWithSparsificationAndPreviousIsMaxStackRank" computerName="TFSBUILD11" duration="00:00:00.0037529" startTime="2015-09-28T09:43:38.5472835-07:00" endTime="2015-09-28T09:43:38.5472835-07:00" testType="13cdc9d9-ddb5-4fa4-a97d-d965ccfc6d4b" outcome="Passed" testListId="8c84fa94-04c1-424b-9868-57a2d4851a1d" relativeResultsDirectory="6d6ae6a7-2f9d-429f-a656-562e1016e6b9" />
    <UnitTestResult executionId="12efda65-4dd0-4754-8aee-83b7b9c1921c" testId="4ba94f02-ac08-7bbd-429e-518e42178a93" testName="ReorderMultipleWithSparsificationAndPreviousIsMaxStackRank" computerName="TFSBUILD11" duration="00:00:00.0038579" startTime="2015-09-28T09:43:38.5472835-07:00" endTime="2015-09-28T09:43:38.5472835-07:00" testType="13cdc9d9-ddb5-4fa4-a97d-d965ccfc6d4b" outcome="Passed" testListId="8c84fa94-04c1-424b-9868-57a2d4851a1d" relativeResultsDirectory="12efda65-4dd0-4754-8aee-83b7b9c1921c" />
    <UnitTestResult executionId="88552bbf-9c4b-4d63-8dc3-eadabbe6fde1" testId="5dd7a611-dc47-ceb8-2f8f-33611360c522" testName="ReorderWithSparsificationAndPreviousIsGreaterThanMaxStackRank" computerName="TFSBUILD11" duration="00:00:00.0053697" startTime="2015-09-28T09:43:38.5472835-07:00" endTime="2015-09-28T09:43:38.5629096-07:00" testType="13cdc9d9-ddb5-4fa4-a97d-d965ccfc6d4b" outcome="Passed" testListId="8c84fa94-04c1-424b-9868-57a2d4851a1d" relativeResultsDirectory="88552bbf-9c4b-4d63-8dc3-eadabbe6fde1" />
    <UnitTestResult executionId="84a0cdbc-0839-475c-93e6-90141b7e458b" testId="511e8609-6c70-5dc2-54cf-31df68aeb3e6" testName="ReorderMultipleWithSparsificationAndPreviousIsGreaterThanMaxStackRank" computerName="TFSBUILD11" duration="00:00:00.0046654" startTime="2015-09-28T09:43:38.5629096-07:00" endTime="2015-09-28T09:43:38.5629096-07:00" testType="13cdc9d9-ddb5-4fa4-a97d-d965ccfc6d4b" outcome="Passed" testListId="8c84fa94-04c1-424b-9868-57a2d4851a1d" relativeResultsDirectory="84a0cdbc-0839-475c-93e6-90141b7e458b" />
    <UnitTestResult executionId="30ac139d-e908-48c5-8597-fa84b0aeab15" testId="52c46803-a0f6-25a4-4249-282b36a5a0ab" testName="ReorderWithSparsificationAndPreviousIsMaxIntStackRank" computerName="TFSBUILD11" duration="00:00:00.0098707" startTime="2015-09-28T09:43:38.5629096-07:00" endTime="2015-09-28T09:43:38.5785354-07:00" testType="13cdc9d9-ddb5-4fa4-a97d-d965ccfc6d4b" outcome="Passed" testListId="8c84fa94-04c1-424b-9868-57a2d4851a1d" relativeResultsDirectory="30ac139d-e908-48c5-8597-fa84b0aeab15" />
    <UnitTestResult executionId="f1bb22f6-ec16-48df-ba43-b5ec6df00b90" testId="eae8848d-6115-9563-fdcd-e384eeee224e" testName="ReorderMultipleWithSparsificationAndPreviousIsMaxIntStackRank" computerName="TFSBUILD11" duration="00:00:00.0096813" startTime="2015-09-28T09:43:38.5785354-07:00" endTime="2015-09-28T09:43:38.5785354-07:00" testType="13cdc9d9-ddb5-4fa4-a97d-d965ccfc6d4b" outcome="Passed" testListId="8c84fa94-04c1-424b-9868-57a2d4851a1d" relativeResultsDirectory="f1bb22f6-ec16-48df-ba43-b5ec6df00b90" />
    <UnitTestResult executionId="d2b8797a-49b6-4afe-bdba-5a124b68b5f1" testId="6d6faa32-3b2a-c1c4-52cc-83bd80e810a8" testName="ReorderWithSparsificationAndNextIsMinStackRank" computerName="TFSBUILD11" duration="00:00:00.0045980" startTime="2015-09-28T09:43:38.5785354-07:00" endTime="2015-09-28T09:43:38.5941618-07:00" testType="13cdc9d9-ddb5-4fa4-a97d-d965ccfc6d4b" outcome="Passed" testListId="8c84fa94-04c1-424b-9868-57a2d4851a1d" relativeResultsDirectory="d2b8797a-49b6-4afe-bdba-5a124b68b5f1" />
    <UnitTestResult executionId="2666a250-a722-4f2c-9848-30e7b826a158" testId="bce72aa3-4e17-029c-7c0d-e7a27543dc70" testName="ReorderMultipleWithSparsificationAndNextIsMinStackRank" computerName="TFSBUILD11" duration="00:00:00.0052752" startTime="2015-09-28T09:43:38.5941618-07:00" endTime="2015-09-28T09:43:38.5941618-07:00" testType="13cdc9d9-ddb5-4fa4-a97d-d965ccfc6d4b" outcome="Passed" testListId="8c84fa94-04c1-424b-9868-57a2d4851a1d" relativeResultsDirectory="2666a250-a722-4f2c-9848-30e7b826a158" />
    <UnitTestResult executionId="9f1a1332-ddf1-4aef-890c-6df203f7d8a3" testId="a476e68a-27b4-8e72-ccc2-21b18bd5c818" testName="ReorderWithSparsificationAndNextIsLessThanMinStackRank" computerName="TFSBUILD11" duration="00:00:00.0038584" startTime="2015-09-28T09:43:38.5941618-07:00" endTime="2015-09-28T09:43:38.6097885-07:00" testType="13cdc9d9-ddb5-4fa4-a97d-d965ccfc6d4b" outcome="Passed" testListId="8c84fa94-04c1-424b-9868-57a2d4851a1d" relativeResultsDirectory="9f1a1332-ddf1-4aef-890c-6df203f7d8a3" />
    <UnitTestResult executionId="def4b258-36e8-42ac-a056-d10df9e3361f" testId="6dab23ae-9d94-de14-be6c-c70c1bb6f57b" testName="ReorderMultipleWithSparsificationAndNextIsLessThanStackRank" computerName="TFSBUILD11" duration="00:00:00.0076290" startTime="2015-09-28T09:43:38.6097885-07:00" endTime="2015-09-28T09:43:38.6097885-07:00" testType="13cdc9d9-ddb5-4fa4-a97d-d965ccfc6d4b" outcome="Passed" testListId="8c84fa94-04c1-424b-9868-57a2d4851a1d" relativeResultsDirectory="def4b258-36e8-42ac-a056-d10df9e3361f" />
    <UnitTestResult executionId="ea04d87d-8599-4b92-bdc4-11b0f6bb9d69" testId="1e4f4bb3-9141-c904-7bfd-d4617000c5e5" testName="ReorderWithSparsificationDoesntAffectAllItems" computerName="TFSBUILD11" duration="00:00:00.0039122" startTime="2015-09-28T09:43:38.6097885-07:00" endTime="2015-09-28T09:43:38.6097885-07:00" testType="13cdc9d9-ddb5-4fa4-a97d-d965ccfc6d4b" outcome="Passed" testListId="8c84fa94-04c1-424b-9868-57a2d4851a1d" relativeResultsDirectory="ea04d87d-8599-4b92-bdc4-11b0f6bb9d69" />
    <UnitTestResult executionId="b4c134b1-8af9-46c2-94e1-2f6f31185e28" testId="b1f40a5e-a45f-e24c-a7d7-6eae6ee7b991" testName="ReorderMultipleWithSparsificationDoesntAffectAllItems" computerName="TFSBUILD11" duration="00:00:00.0035586" startTime="2015-09-28T09:43:38.6097885-07:00" endTime="2015-09-28T09:43:38.6254138-07:00" testType="13cdc9d9-ddb5-4fa4-a97d-d965ccfc6d4b" outcome="Passed" testListId="8c84fa94-04c1-424b-9868-57a2d4851a1d" relativeResultsDirectory="b4c134b1-8af9-46c2-94e1-2f6f31185e28" />
    <UnitTestResult executionId="65efa03a-9f77-4185-aff9-6ce200cb995b" testId="657de772-3fcd-3b65-2053-3ead5425e7c6" testName="ReorderWithSparsificationDistributesItemsWell" computerName="TFSBUILD11" duration="00:00:00.0073633" startTime="2015-09-28T09:43:38.6254138-07:00" endTime="2015-09-28T09:43:38.6254138-07:00" testType="13cdc9d9-ddb5-4fa4-a97d-d965ccfc6d4b" outcome="Passed" testListId="8c84fa94-04c1-424b-9868-57a2d4851a1d" relativeResultsDirectory="65efa03a-9f77-4185-aff9-6ce200cb995b" />
    <UnitTestResult executionId="1ea78d22-5ce5-4ea1-a519-b5ec9d328826" testId="1abfd55f-9126-41b5-91ec-3fdd6a48fe08" testName="ReorderOnlyUpdatesStackRank" computerName="TFSBUILD11" duration="00:00:00.0054567" startTime="2015-09-28T09:43:38.6254138-07:00" endTime="2015-09-28T09:43:38.6410402-07:00" testType="13cdc9d9-ddb5-4fa4-a97d-d965ccfc6d4b" outcome="Passed" testListId="8c84fa94-04c1-424b-9868-57a2d4851a1d" relativeResultsDirectory="1ea78d22-5ce5-4ea1-a519-b5ec9d328826" />
    <UnitTestResult executionId="4ae0534b-827b-48d5-9495-1b7c61c2e8f4" testId="135bd3cc-a3d0-0e8e-c7dd-c01838450987" testName="ReorderToTop" computerName="TFSBUILD11" duration="00:00:00.0033507" startTime="2015-09-28T09:43:38.6410402-07:00" endTime="2015-09-28T09:43:38.6410402-07:00" testType="13cdc9d9-ddb5-4fa4-a97d-d965ccfc6d4b" outcome="Passed" testListId="8c84fa94-04c1-424b-9868-57a2d4851a1d" relativeResultsDirectory="4ae0534b-827b-48d5-9495-1b7c61c2e8f4" />
    <UnitTestResult executionId="ba327c32-cb78-4802-a1a8-e6535751065e" testId="f2579132-020f-93dc-a778-85a7430ebe6f" testName="ReorderMultipleToTop" computerName="TFSBUILD11" duration="00:00:00.0033353" startTime="2015-09-28T09:43:38.6410402-07:00" endTime="2015-09-28T09:43:38.6410402-07:00" testType="13cdc9d9-ddb5-4fa4-a97d-d965ccfc6d4b" outcome="Passed" testListId="8c84fa94-04c1-424b-9868-57a2d4851a1d" relativeResultsDirectory="ba327c32-cb78-4802-a1a8-e6535751065e" />
    <UnitTestResult executionId="fdd0d4e6-ffa8-4815-b730-711230d90b7f" testId="35d75ff1-11a3-3c59-787e-2fa096d900e7" testName="ReorderToTopWithParentId" computerName="TFSBUILD11" duration="00:00:00.0033851" startTime="2015-09-28T09:43:38.6410402-07:00" endTime="2015-09-28T09:43:38.6410402-07:00" testType="13cdc9d9-ddb5-4fa4-a97d-d965ccfc6d4b" outcome="Passed" testListId="8c84fa94-04c1-424b-9868-57a2d4851a1d" relativeResultsDirectory="fdd0d4e6-ffa8-4815-b730-711230d90b7f" />
    <UnitTestResult executionId="273515f1-dd2d-48b9-b938-d000b4b04c3d" testId="b46e27ab-270a-f0f7-02a8-79386af6870f" testName="ReorderMultipleToTopWithParentId" computerName="TFSBUILD11" duration="00:00:00.0033641" startTime="2015-09-28T09:43:38.6410402-07:00" endTime="2015-09-28T09:43:38.6410402-07:00" testType="13cdc9d9-ddb5-4fa4-a97d-d965ccfc6d4b" outcome="Passed" testListId="8c84fa94-04c1-424b-9868-57a2d4851a1d" relativeResultsDirectory="273515f1-dd2d-48b9-b938-d000b4b04c3d" />
    <UnitTestResult executionId="fb5763bb-0a37-4a8b-a48a-021fddd3501e" testId="265242c8-b157-f416-7c62-cdbebd4a8b88" testName="ReorderToTopNestedWithParentId" computerName="TFSBUILD11" duration="00:00:00.0034022" startTime="2015-09-28T09:43:38.6410402-07:00" endTime="2015-09-28T09:43:38.6566660-07:00" testType="13cdc9d9-ddb5-4fa4-a97d-d965ccfc6d4b" outcome="Passed" testListId="8c84fa94-04c1-424b-9868-57a2d4851a1d" relativeResultsDirectory="fb5763bb-0a37-4a8b-a48a-021fddd3501e" />
    <UnitTestResult executionId="b2b36620-7272-4576-8e9d-891c9e037e61" testId="4b6a149a-2eb7-aa88-1209-75a9d58e66a9" testName="ReorderMultipleToTopNestedWithParentId" computerName="TFSBUILD11" duration="00:00:00.0035046" startTime="2015-09-28T09:43:38.6566660-07:00" endTime="2015-09-28T09:43:38.6566660-07:00" testType="13cdc9d9-ddb5-4fa4-a97d-d965ccfc6d4b" outcome="Passed" testListId="8c84fa94-04c1-424b-9868-57a2d4851a1d" relativeResultsDirectory="b2b36620-7272-4576-8e9d-891c9e037e61" />
    <UnitTestResult executionId="aed09643-d8dc-4b07-802f-5e515272329b" testId="22e2833f-808c-e61e-3576-48b515d8f59c" testName="ReorderToTopWithMoreItems" computerName="TFSBUILD11" duration="00:00:00.0033666" startTime="2015-09-28T09:43:38.6566660-07:00" endTime="2015-09-28T09:43:38.6566660-07:00" testType="13cdc9d9-ddb5-4fa4-a97d-d965ccfc6d4b" outcome="Passed" testListId="8c84fa94-04c1-424b-9868-57a2d4851a1d" relativeResultsDirectory="aed09643-d8dc-4b07-802f-5e515272329b" />
    <UnitTestResult executionId="4e11e239-a486-4a4d-ae2c-cbdd601f171e" testId="5c3af8b6-71d6-5354-c644-52fd6dc78720" testName="ReorderMultipleToTopWithMoreItems" computerName="TFSBUILD11" duration="00:00:00.0033772" startTime="2015-09-28T09:43:38.6566660-07:00" endTime="2015-09-28T09:43:38.6566660-07:00" testType="13cdc9d9-ddb5-4fa4-a97d-d965ccfc6d4b" outcome="Passed" testListId="8c84fa94-04c1-424b-9868-57a2d4851a1d" relativeResultsDirectory="4e11e239-a486-4a4d-ae2c-cbdd601f171e" />
    <UnitTestResult executionId="b21936bf-54a0-4748-9e7b-f91295de9412" testId="68e33a3b-cfe1-d94a-785f-61739f4f6495" testName="ReorderToTopWithMoreItemsWithParentId" computerName="TFSBUILD11" duration="00:00:00.0033780" startTime="2015-09-28T09:43:38.6566660-07:00" endTime="2015-09-28T09:43:38.6722930-07:00" testType="13cdc9d9-ddb5-4fa4-a97d-d965ccfc6d4b" outcome="Passed" testListId="8c84fa94-04c1-424b-9868-57a2d4851a1d" relativeResultsDirectory="b21936bf-54a0-4748-9e7b-f91295de9412" />
    <UnitTestResult executionId="df25cfcf-acd5-452a-a0c8-c4fce4ba3d2f" testId="c74f49ce-d838-9ba4-2135-13f6bb41ded0" testName="ReorderMultipleToTopWithMoreItemsWithParentId" computerName="TFSBUILD11" duration="00:00:00.0034164" startTime="2015-09-28T09:43:38.6722930-07:00" endTime="2015-09-28T09:43:38.6722930-07:00" testType="13cdc9d9-ddb5-4fa4-a97d-d965ccfc6d4b" outcome="Passed" testListId="8c84fa94-04c1-424b-9868-57a2d4851a1d" relativeResultsDirectory="df25cfcf-acd5-452a-a0c8-c4fce4ba3d2f" />
    <UnitTestResult executionId="8f4407a9-0dd3-4b17-922e-bab6b001d70a" testId="c01618f1-cc6f-f568-3459-96d85315f436" testName="ReorderToTopWithMoreItemsNestedWithParentId" computerName="TFSBUILD11" duration="00:00:00.0115157" startTime="2015-09-28T09:43:38.6722930-07:00" endTime="2015-09-28T09:43:38.6879182-07:00" testType="13cdc9d9-ddb5-4fa4-a97d-d965ccfc6d4b" outcome="Passed" testListId="8c84fa94-04c1-424b-9868-57a2d4851a1d" relativeResultsDirectory="8f4407a9-0dd3-4b17-922e-bab6b001d70a" />
    <UnitTestResult executionId="cd81fdce-92d7-4a5a-bf7b-46c58755d935" testId="83018a7d-8130-510d-3723-52566d088446" testName="ReorderMultipleToTopWithMoreItemsNestedWithParentId" computerName="TFSBUILD11" duration="00:00:00.0039148" startTime="2015-09-28T09:43:38.6879182-07:00" endTime="2015-09-28T09:43:38.6879182-07:00" testType="13cdc9d9-ddb5-4fa4-a97d-d965ccfc6d4b" outcome="Passed" testListId="8c84fa94-04c1-424b-9868-57a2d4851a1d" relativeResultsDirectory="cd81fdce-92d7-4a5a-bf7b-46c58755d935" />
    <UnitTestResult executionId="694306c7-068c-444f-be9f-41eac4649218" testId="55fe48e7-b415-a5bf-0a32-2436b293d85b" testName="ReorderToEmptyList" computerName="TFSBUILD11" duration="00:00:00.0110310" startTime="2015-09-28T09:43:38.6879182-07:00" endTime="2015-09-28T09:43:38.7035438-07:00" testType="13cdc9d9-ddb5-4fa4-a97d-d965ccfc6d4b" outcome="Passed" testListId="8c84fa94-04c1-424b-9868-57a2d4851a1d" relativeResultsDirectory="694306c7-068c-444f-be9f-41eac4649218" />
    <UnitTestResult executionId="18b66f11-1d84-4711-9683-464f3ba38323" testId="21624ac4-c6d2-2884-8b3d-6c13233cbb15" testName="ReorderMultipleToEmptyList" computerName="TFSBUILD11" duration="00:00:00.0034485" startTime="2015-09-28T09:43:38.7035438-07:00" endTime="2015-09-28T09:43:38.7191704-07:00" testType="13cdc9d9-ddb5-4fa4-a97d-d965ccfc6d4b" outcome="Passed" testListId="8c84fa94-04c1-424b-9868-57a2d4851a1d" relativeResultsDirectory="18b66f11-1d84-4711-9683-464f3ba38323" />
    <UnitTestResult executionId="7179e82b-f226-4815-8180-719935011d06" testId="cfcbbdfc-348d-84eb-ed5f-f245f9fd3804" testName="ReorderBetweenTwoWorkItems" computerName="TFSBUILD11" duration="00:00:00.0065592" startTime="2015-09-28T09:43:38.7191704-07:00" endTime="2015-09-28T09:43:38.7191704-07:00" testType="13cdc9d9-ddb5-4fa4-a97d-d965ccfc6d4b" outcome="Passed" testListId="8c84fa94-04c1-424b-9868-57a2d4851a1d" relativeResultsDirectory="7179e82b-f226-4815-8180-719935011d06" />
    <UnitTestResult executionId="7b514762-3dcf-4530-a357-b24cb15389c7" testId="0f2d53d3-0a15-4290-69d3-80dd903dd8fd" testName="ReorderMultipleBetweenTwoWorkItems" computerName="TFSBUILD11" duration="00:00:00.0034616" startTime="2015-09-28T09:43:38.7191704-07:00" endTime="2015-09-28T09:43:38.7347963-07:00" testType="13cdc9d9-ddb5-4fa4-a97d-d965ccfc6d4b" outcome="Passed" testListId="8c84fa94-04c1-424b-9868-57a2d4851a1d" relativeResultsDirectory="7b514762-3dcf-4530-a357-b24cb15389c7" />
    <UnitTestResult executionId="f8b69628-656c-47a2-866a-644a3db71fe1" testId="5704764a-4a06-4236-d6df-ed83774996e0" testName="ReorderMultipleNonContinuousBetweenTwoWorkItems" computerName="TFSBUILD11" duration="00:00:00.0030603" startTime="2015-09-28T09:43:38.7347963-07:00" endTime="2015-09-28T09:43:38.7347963-07:00" testType="13cdc9d9-ddb5-4fa4-a97d-d965ccfc6d4b" outcome="Passed" testListId="8c84fa94-04c1-424b-9868-57a2d4851a1d" relativeResultsDirectory="f8b69628-656c-47a2-866a-644a3db71fe1" />
    <UnitTestResult executionId="770a6c9a-44ef-4d6a-9290-b94f3e12184f" testId="bab88824-84a4-3a20-0f35-3fe76b4e0936" testName="ReorderBetweenTwoWorkItemsWithPreviousAndNextSpecified" computerName="TFSBUILD11" duration="00:00:00.0032915" startTime="2015-09-28T09:43:38.7347963-07:00" endTime="2015-09-28T09:43:38.7347963-07:00" testType="13cdc9d9-ddb5-4fa4-a97d-d965ccfc6d4b" outcome="Passed" testListId="8c84fa94-04c1-424b-9868-57a2d4851a1d" relativeResultsDirectory="770a6c9a-44ef-4d6a-9290-b94f3e12184f" />
    <UnitTestResult executionId="9e8afe5c-2928-4db5-af49-0922742ef5b6" testId="4801259c-42cf-9d6c-e3bb-8fb8ea5e2c7d" testName="ReorderMultipleBetweenTwoWorkItemsWithPreviousAndNextSpecified" computerName="TFSBUILD11" duration="00:00:00.0033746" startTime="2015-09-28T09:43:38.7347963-07:00" endTime="2015-09-28T09:43:38.7347963-07:00" testType="13cdc9d9-ddb5-4fa4-a97d-d965ccfc6d4b" outcome="Passed" testListId="8c84fa94-04c1-424b-9868-57a2d4851a1d" relativeResultsDirectory="9e8afe5c-2928-4db5-af49-0922742ef5b6" />
    <UnitTestResult executionId="4d25aeca-4388-4662-abc8-f3be11538d12" testId="afa0d6fb-97ac-922f-8d53-aa8949641e8f" testName="ReorderMultipleNonContinuousBetweenTwoWorkItemsWithPreviousAndNextSpecified" computerName="TFSBUILD11" duration="00:00:00.0036021" startTime="2015-09-28T09:43:38.7347963-07:00" endTime="2015-09-28T09:43:38.7347963-07:00" testType="13cdc9d9-ddb5-4fa4-a97d-d965ccfc6d4b" outcome="Passed" testListId="8c84fa94-04c1-424b-9868-57a2d4851a1d" relativeResultsDirectory="4d25aeca-4388-4662-abc8-f3be11538d12" />
    <UnitTestResult executionId="8fc16260-ca70-4dcd-b615-f4520bafbbf9" testId="dd0f0106-80a1-9de6-27ac-c3b40db5c99e" testName="ReorderWithPreviousUnspecified" computerName="TFSBUILD11" duration="00:00:00.0033655" startTime="2015-09-28T09:43:38.7347963-07:00" endTime="2015-09-28T09:43:38.7504230-07:00" testType="13cdc9d9-ddb5-4fa4-a97d-d965ccfc6d4b" outcome="Passed" testListId="8c84fa94-04c1-424b-9868-57a2d4851a1d" relativeResultsDirectory="8fc16260-ca70-4dcd-b615-f4520bafbbf9" />
    <UnitTestResult executionId="c2e4294f-3bf6-4e90-ade8-884ffb51e1cf" testId="f5d7d3e9-fae7-ee32-3a96-3fbb6fc1b786" testName="ReorderMultipleWithPreviousUnspecified" computerName="TFSBUILD11" duration="00:00:00.0033982" startTime="2015-09-28T09:43:38.7504230-07:00" endTime="2015-09-28T09:43:38.7504230-07:00" testType="13cdc9d9-ddb5-4fa4-a97d-d965ccfc6d4b" outcome="Passed" testListId="8c84fa94-04c1-424b-9868-57a2d4851a1d" relativeResultsDirectory="c2e4294f-3bf6-4e90-ade8-884ffb51e1cf" />
    <UnitTestResult executionId="690cdb9f-eaef-494b-94cd-43594669ef50" testId="4fe38cee-2695-6aaf-2c43-a306c85705b6" testName="ReorderBetweenTwoWorkItemsWithPreviousUnspecified" computerName="TFSBUILD11" duration="00:00:00.0034881" startTime="2015-09-28T09:43:38.7504230-07:00" endTime="2015-09-28T09:43:38.7504230-07:00" testType="13cdc9d9-ddb5-4fa4-a97d-d965ccfc6d4b" outcome="Passed" testListId="8c84fa94-04c1-424b-9868-57a2d4851a1d" relativeResultsDirectory="690cdb9f-eaef-494b-94cd-43594669ef50" />
    <UnitTestResult executionId="6d2475e6-fb85-47c0-bc1b-de05b2731a32" testId="ed77acbf-590a-9798-e378-f79c343204f5" testName="ReorderMultipleBetweenTwoWorkItemsWithPreviousUnspecified" computerName="TFSBUILD11" duration="00:00:00.0034892" startTime="2015-09-28T09:43:38.7504230-07:00" endTime="2015-09-28T09:43:38.7504230-07:00" testType="13cdc9d9-ddb5-4fa4-a97d-d965ccfc6d4b" outcome="Passed" testListId="8c84fa94-04c1-424b-9868-57a2d4851a1d" relativeResultsDirectory="6d2475e6-fb85-47c0-bc1b-de05b2731a32" />
    <UnitTestResult executionId="86416409-fa56-4af4-a8a9-3107bee3d786" testId="2f565832-d136-d62c-f47e-88b51ff55bdb" testName="ReorderBetweenTwoWorkItemsWithMoreItemsWithPreviousUnspecified" computerName="TFSBUILD11" duration="00:00:00.0035012" startTime="2015-09-28T09:43:38.7504230-07:00" endTime="2015-09-28T09:43:38.7660491-07:00" testType="13cdc9d9-ddb5-4fa4-a97d-d965ccfc6d4b" outcome="Passed" testListId="8c84fa94-04c1-424b-9868-57a2d4851a1d" relativeResultsDirectory="86416409-fa56-4af4-a8a9-3107bee3d786" />
    <UnitTestResult executionId="fb2856ae-ec8e-461d-81b5-f2f67c11b4b9" testId="7478a3bd-1eca-7702-04f5-86c5d6589346" testName="ReorderMultipleBetweenTwoWorkItemsWithMoreItemsWithPreviousUnspecified" computerName="TFSBUILD11" duration="00:00:00.0034887" startTime="2015-09-28T09:43:38.7660491-07:00" endTime="2015-09-28T09:43:38.7660491-07:00" testType="13cdc9d9-ddb5-4fa4-a97d-d965ccfc6d4b" outcome="Passed" testListId="8c84fa94-04c1-424b-9868-57a2d4851a1d" relativeResultsDirectory="fb2856ae-ec8e-461d-81b5-f2f67c11b4b9" />
    <UnitTestResult executionId="2659843f-79a1-4b83-a5e5-14deae10ff75" testId="e5ca2f32-eb40-5a27-8829-bb63412677a7" testName="ReorderBetweenTwoWorkItemsWithNegativeStackRanks" computerName="TFSBUILD11" duration="00:00:00.0038303" startTime="2015-09-28T09:43:38.7660491-07:00" endTime="2015-09-28T09:43:38.7660491-07:00" testType="13cdc9d9-ddb5-4fa4-a97d-d965ccfc6d4b" outcome="Passed" testListId="8c84fa94-04c1-424b-9868-57a2d4851a1d" relativeResultsDirectory="2659843f-79a1-4b83-a5e5-14deae10ff75" />
    <UnitTestResult executionId="fe748018-e8ec-407d-91bb-bfe5f39fe10b" testId="f55bc570-81b9-4069-1d5d-f308dd220be5" testName="ReorderMultipleBetweenTwoWorkItemsWithNegativeStackRanks" computerName="TFSBUILD11" duration="00:00:00.0044282" startTime="2015-09-28T09:43:38.7660491-07:00" endTime="2015-09-28T09:43:38.7660491-07:00" testType="13cdc9d9-ddb5-4fa4-a97d-d965ccfc6d4b" outcome="Passed" testListId="8c84fa94-04c1-424b-9868-57a2d4851a1d" relativeResultsDirectory="fe748018-e8ec-407d-91bb-bfe5f39fe10b" />
    <UnitTestResult executionId="4fafc641-0c83-4a63-b20b-9f04ab6f6c74" testId="0ea7710b-4ddc-990f-73a1-622e277085ed" testName="ReorderFeatureToTop" computerName="TFSBUILD11" duration="00:00:00.0035669" startTime="2015-09-28T09:43:38.7660491-07:00" endTime="2015-09-28T09:43:38.7816752-07:00" testType="13cdc9d9-ddb5-4fa4-a97d-d965ccfc6d4b" outcome="Passed" testListId="8c84fa94-04c1-424b-9868-57a2d4851a1d" relativeResultsDirectory="4fafc641-0c83-4a63-b20b-9f04ab6f6c74" />
    <UnitTestResult executionId="d522d443-37e3-42fb-8fac-6cfa7526ccec" testId="9e5e8484-6a40-2426-374f-9be4a4b4430a" testName="ReorderMultipleFeatureToTop" computerName="TFSBUILD11" duration="00:00:00.0033186" startTime="2015-09-28T09:43:38.7816752-07:00" endTime="2015-09-28T09:43:38.7816752-07:00" testType="13cdc9d9-ddb5-4fa4-a97d-d965ccfc6d4b" outcome="Passed" testListId="8c84fa94-04c1-424b-9868-57a2d4851a1d" relativeResultsDirectory="d522d443-37e3-42fb-8fac-6cfa7526ccec" />
    <UnitTestResult executionId="8a72fdd4-0a74-4988-a33d-aad8ab421faf" testId="279a136b-af39-f51c-f30f-44148bf2db79" testName="ReorderFeatureToTopWithParentId" computerName="TFSBUILD11" duration="00:00:00.0034016" startTime="2015-09-28T09:43:38.7816752-07:00" endTime="2015-09-28T09:43:38.7816752-07:00" testType="13cdc9d9-ddb5-4fa4-a97d-d965ccfc6d4b" outcome="Passed" testListId="8c84fa94-04c1-424b-9868-57a2d4851a1d" relativeResultsDirectory="8a72fdd4-0a74-4988-a33d-aad8ab421faf" />
    <UnitTestResult executionId="1a49f5b4-2a72-48a1-81cc-a24955f6dce4" testId="1acab4a1-c7e3-0aaf-5aba-4dcfccdd0980" testName="ReorderMultipleFeatureToTopWithParentId" computerName="TFSBUILD11" duration="00:00:00.0034275" startTime="2015-09-28T09:43:38.7816752-07:00" endTime="2015-09-28T09:43:38.7816752-07:00" testType="13cdc9d9-ddb5-4fa4-a97d-d965ccfc6d4b" outcome="Passed" testListId="8c84fa94-04c1-424b-9868-57a2d4851a1d" relativeResultsDirectory="1a49f5b4-2a72-48a1-81cc-a24955f6dce4" />
    <UnitTestResult executionId="8921d381-f92c-4918-affa-6c212f09c9a2" testId="9448101a-b8c0-ae87-0eaa-110a2443e507" testName="ReorderFeatureToTopParentedWithParentId" computerName="TFSBUILD11" duration="00:00:00.0041107" startTime="2015-09-28T09:43:38.7816752-07:00" endTime="2015-09-28T09:43:38.7973007-07:00" testType="13cdc9d9-ddb5-4fa4-a97d-d965ccfc6d4b" outcome="Passed" testListId="8c84fa94-04c1-424b-9868-57a2d4851a1d" relativeResultsDirectory="8921d381-f92c-4918-affa-6c212f09c9a2" />
    <UnitTestResult executionId="ccf718e9-47a2-4556-b11e-e60da6d313e0" testId="eb34280a-8ba6-30f7-bdda-f410865d9707" testName="ReorderMultipleFeatureToTopParentedWithParentId" computerName="TFSBUILD11" duration="00:00:00.0050818" startTime="2015-09-28T09:43:38.7973007-07:00" endTime="2015-09-28T09:43:38.7973007-07:00" testType="13cdc9d9-ddb5-4fa4-a97d-d965ccfc6d4b" outcome="Passed" testListId="8c84fa94-04c1-424b-9868-57a2d4851a1d" relativeResultsDirectory="ccf718e9-47a2-4556-b11e-e60da6d313e0" />
    <UnitTestResult executionId="5519af5b-b3cc-441c-bea2-d91b6f2e5ee9" testId="1df707ae-7e66-b9ef-7d82-8eef85241246" testName="ReorderFeatureToTopWithMoreItems" computerName="TFSBUILD11" duration="00:00:00.0053865" startTime="2015-09-28T09:43:38.7973007-07:00" endTime="2015-09-28T09:43:38.7973007-07:00" testType="13cdc9d9-ddb5-4fa4-a97d-d965ccfc6d4b" outcome="Passed" testListId="8c84fa94-04c1-424b-9868-57a2d4851a1d" relativeResultsDirectory="5519af5b-b3cc-441c-bea2-d91b6f2e5ee9" />
    <UnitTestResult executionId="15d557f3-8675-46e7-a8bf-3662c1be3663" testId="9269f33b-9272-3957-83db-4f9d64591d90" testName="ReorderMultipleFeatureToTopWithMoreItems" computerName="TFSBUILD11" duration="00:00:00.0047809" startTime="2015-09-28T09:43:38.7973007-07:00" endTime="2015-09-28T09:43:38.8129274-07:00" testType="13cdc9d9-ddb5-4fa4-a97d-d965ccfc6d4b" outcome="Passed" testListId="8c84fa94-04c1-424b-9868-57a2d4851a1d" relativeResultsDirectory="15d557f3-8675-46e7-a8bf-3662c1be3663" />
    <UnitTestResult executionId="a1a6eed2-6dc5-4142-9368-28d263dd8095" testId="a6662172-cb42-8c8d-87ab-0f6b93ce4c6d" testName="ReorderFeatureToTopWithMoreItemsWithParentId" computerName="TFSBUILD11" duration="00:00:00.0036021" startTime="2015-09-28T09:43:38.8129274-07:00" endTime="2015-09-28T09:43:38.8129274-07:00" testType="13cdc9d9-ddb5-4fa4-a97d-d965ccfc6d4b" outcome="Passed" testListId="8c84fa94-04c1-424b-9868-57a2d4851a1d" relativeResultsDirectory="a1a6eed2-6dc5-4142-9368-28d263dd8095" />
    <UnitTestResult executionId="086ecfb7-5ba2-4e65-b9e9-500196248472" testId="6fd6b9bc-40c6-7cab-8621-084a9aacee55" testName="ReorderMultipleFeatureToTopWithMoreItemsWithParentId" computerName="TFSBUILD11" duration="00:00:00.0053489" startTime="2015-09-28T09:43:38.8129274-07:00" endTime="2015-09-28T09:43:38.8285532-07:00" testType="13cdc9d9-ddb5-4fa4-a97d-d965ccfc6d4b" outcome="Passed" testListId="8c84fa94-04c1-424b-9868-57a2d4851a1d" relativeResultsDirectory="086ecfb7-5ba2-4e65-b9e9-500196248472" />
    <UnitTestResult executionId="1f0914c9-7f98-470b-8608-7515ff085dcc" testId="f402c68e-e041-4f23-90e7-7e5f0f6bd3d4" testName="ReorderFeatureToTopWithMoreItemsParentedWithParentId" computerName="TFSBUILD11" duration="00:00:00.0038539" startTime="2015-09-28T09:43:38.8285532-07:00" endTime="2015-09-28T09:43:38.8285532-07:00" testType="13cdc9d9-ddb5-4fa4-a97d-d965ccfc6d4b" outcome="Passed" testListId="8c84fa94-04c1-424b-9868-57a2d4851a1d" relativeResultsDirectory="1f0914c9-7f98-470b-8608-7515ff085dcc" />
    <UnitTestResult executionId="0fe13fb7-3b31-4716-888a-125c2375a49a" testId="cc1f89da-2b1b-73e7-3661-9e7b0745367c" testName="ReorderMultipleFeatureToTopWithMoreItemsParentedWithParentId" computerName="TFSBUILD11" duration="00:00:00.0037839" startTime="2015-09-28T09:43:38.8285532-07:00" endTime="2015-09-28T09:43:38.8285532-07:00" testType="13cdc9d9-ddb5-4fa4-a97d-d965ccfc6d4b" outcome="Passed" testListId="8c84fa94-04c1-424b-9868-57a2d4851a1d" relativeResultsDirectory="0fe13fb7-3b31-4716-888a-125c2375a49a" />
    <UnitTestResult executionId="4e2e0d55-b873-4c43-af89-12652bf54040" testId="ac1610af-a77d-8b3f-8469-55c117801327" testName="ReorderFeatureToEmptyList" computerName="TFSBUILD11" duration="00:00:00.0034602" startTime="2015-09-28T09:43:38.8285532-07:00" endTime="2015-09-28T09:43:38.8285532-07:00" testType="13cdc9d9-ddb5-4fa4-a97d-d965ccfc6d4b" outcome="Passed" testListId="8c84fa94-04c1-424b-9868-57a2d4851a1d" relativeResultsDirectory="4e2e0d55-b873-4c43-af89-12652bf54040" />
    <UnitTestResult executionId="c400c782-0845-4564-a1ef-753a3273dbf6" testId="242f79ed-e25c-394a-ade4-3165f2b7042b" testName="ReorderMultipleFeatureToEmptyList" computerName="TFSBUILD11" duration="00:00:00.0035222" startTime="2015-09-28T09:43:38.8285532-07:00" endTime="2015-09-28T09:43:38.8285532-07:00" testType="13cdc9d9-ddb5-4fa4-a97d-d965ccfc6d4b" outcome="Passed" testListId="8c84fa94-04c1-424b-9868-57a2d4851a1d" relativeResultsDirectory="c400c782-0845-4564-a1ef-753a3273dbf6" />
    <UnitTestResult executionId="e8610dfd-3317-498f-86e5-a48c2a245a1f" testId="2261d1e4-b763-6224-3fb6-8ea54b235d50" testName="ReorderFeatureBetweenTwoWorkItems" computerName="TFSBUILD11" duration="00:00:00.0032657" startTime="2015-09-28T09:43:38.8285532-07:00" endTime="2015-09-28T09:43:38.8441796-07:00" testType="13cdc9d9-ddb5-4fa4-a97d-d965ccfc6d4b" outcome="Passed" testListId="8c84fa94-04c1-424b-9868-57a2d4851a1d" relativeResultsDirectory="e8610dfd-3317-498f-86e5-a48c2a245a1f" />
    <UnitTestResult executionId="19ba434c-7480-498d-9c9d-7fc0474e0de8" testId="c0b39992-4b58-5d94-3a0e-79ecfbb8baaf" testName="ReorderMultipleFeatureBetweenTwoWorkItems" computerName="TFSBUILD11" duration="00:00:00.0033370" startTime="2015-09-28T09:43:38.8441796-07:00" endTime="2015-09-28T09:43:38.8441796-07:00" testType="13cdc9d9-ddb5-4fa4-a97d-d965ccfc6d4b" outcome="Passed" testListId="8c84fa94-04c1-424b-9868-57a2d4851a1d" relativeResultsDirectory="19ba434c-7480-498d-9c9d-7fc0474e0de8" />
    <UnitTestResult executionId="42f0f9da-1c77-412a-843f-e3a5feed1a35" testId="2a5422e1-4733-60ee-5b13-aed278647f48" testName="ReorderMultipleFeatureNonContinuousBetweenTwoWorkItems" computerName="TFSBUILD11" duration="00:00:00.0033712" startTime="2015-09-28T09:43:38.8441796-07:00" endTime="2015-09-28T09:43:38.8441796-07:00" testType="13cdc9d9-ddb5-4fa4-a97d-d965ccfc6d4b" outcome="Passed" testListId="8c84fa94-04c1-424b-9868-57a2d4851a1d" relativeResultsDirectory="42f0f9da-1c77-412a-843f-e3a5feed1a35" />
    <UnitTestResult executionId="d3bcee99-77ca-4176-ae9f-5c811ddf0190" testId="d4a79e32-3bc2-f0dc-a6e1-59306f6e5070" testName="ReorderFeatureBetweenTwoWorkItemsWithPreviousAndNextSpecified" computerName="TFSBUILD11" duration="00:00:00.0034175" startTime="2015-09-28T09:43:38.8441796-07:00" endTime="2015-09-28T09:43:38.8441796-07:00" testType="13cdc9d9-ddb5-4fa4-a97d-d965ccfc6d4b" outcome="Passed" testListId="8c84fa94-04c1-424b-9868-57a2d4851a1d" relativeResultsDirectory="d3bcee99-77ca-4176-ae9f-5c811ddf0190" />
    <UnitTestResult executionId="f5bc66d8-1fc3-48ac-a5a8-d2251e1c30f3" testId="ed24ff0f-c127-8e99-146c-21b6378657e0" testName="ReorderMultipleFeatureBetweenTwoWorkItemsWithPreviousAndNextSpecified" computerName="TFSBUILD11" duration="00:00:00.0034352" startTime="2015-09-28T09:43:38.8441796-07:00" endTime="2015-09-28T09:43:38.8598057-07:00" testType="13cdc9d9-ddb5-4fa4-a97d-d965ccfc6d4b" outcome="Passed" testListId="8c84fa94-04c1-424b-9868-57a2d4851a1d" relativeResultsDirectory="f5bc66d8-1fc3-48ac-a5a8-d2251e1c30f3" />
    <UnitTestResult executionId="9bbc70a2-0fe3-4e3e-a7e0-ec5c69b0ff36" testId="76162abc-04c4-4885-abc0-3f15da78eee7" testName="ReorderMultipleFeatureNonContinuousBetweenTwoWorkItemsWithPreviousAndNextSpecified" computerName="TFSBUILD11" duration="00:00:00.0034528" startTime="2015-09-28T09:43:38.8598057-07:00" endTime="2015-09-28T09:43:38.8598057-07:00" testType="13cdc9d9-ddb5-4fa4-a97d-d965ccfc6d4b" outcome="Passed" testListId="8c84fa94-04c1-424b-9868-57a2d4851a1d" relativeResultsDirectory="9bbc70a2-0fe3-4e3e-a7e0-ec5c69b0ff36" />
    <UnitTestResult executionId="2cc162fa-d06e-4174-92aa-5500c72fbeff" testId="28016702-8ef6-5f18-b070-bfb537f96eb9" testName="ReorderFeatureWithPreviousUnspecified" computerName="TFSBUILD11" duration="00:00:00.0032898" startTime="2015-09-28T09:43:38.8598057-07:00" endTime="2015-09-28T09:43:38.8598057-07:00" testType="13cdc9d9-ddb5-4fa4-a97d-d965ccfc6d4b" outcome="Passed" testListId="8c84fa94-04c1-424b-9868-57a2d4851a1d" relativeResultsDirectory="2cc162fa-d06e-4174-92aa-5500c72fbeff" />
    <UnitTestResult executionId="5610e2e5-3bff-40a3-872f-9a3eb880c9f5" testId="f2e3d480-27a3-e732-960e-b7d6c8429d35" testName="ReorderMultipleFeatureWithPreviousUnspecified" computerName="TFSBUILD11" duration="00:00:00.0033254" startTime="2015-09-28T09:43:38.8598057-07:00" endTime="2015-09-28T09:43:38.8598057-07:00" testType="13cdc9d9-ddb5-4fa4-a97d-d965ccfc6d4b" outcome="Passed" testListId="8c84fa94-04c1-424b-9868-57a2d4851a1d" relativeResultsDirectory="5610e2e5-3bff-40a3-872f-9a3eb880c9f5" />
    <UnitTestResult executionId="78dc243f-6a49-426f-aee8-533eff199a95" testId="6f0c3078-d10c-493b-96b3-54bd33a7c44c" testName="ReorderFeatureBetweenTwoWorkItemsWithPreviousUnspecified" computerName="TFSBUILD11" duration="00:00:00.0036380" startTime="2015-09-28T09:43:38.8598057-07:00" endTime="2015-09-28T09:43:38.8754316-07:00" testType="13cdc9d9-ddb5-4fa4-a97d-d965ccfc6d4b" outcome="Passed" testListId="8c84fa94-04c1-424b-9868-57a2d4851a1d" relativeResultsDirectory="78dc243f-6a49-426f-aee8-533eff199a95" />
    <UnitTestResult executionId="e75b6621-766f-4ccf-904c-6e6e3b7b3e35" testId="5ebaad72-e175-5e1f-c1a7-2b8b0e16b821" testName="ReorderMultipleFeatureBetweenTwoWorkItemsWithPreviousUnspecified" computerName="TFSBUILD11" duration="00:00:00.0035245" startTime="2015-09-28T09:43:38.8754316-07:00" endTime="2015-09-28T09:43:38.8754316-07:00" testType="13cdc9d9-ddb5-4fa4-a97d-d965ccfc6d4b" outcome="Passed" testListId="8c84fa94-04c1-424b-9868-57a2d4851a1d" relativeResultsDirectory="e75b6621-766f-4ccf-904c-6e6e3b7b3e35" />
    <UnitTestResult executionId="afff26ce-d454-4734-b32b-5e6a4ff029d4" testId="4f98f849-4f35-02cf-32e7-ce4ed1e708f7" testName="ReorderFeatureBetweenTwoWorkItemsWithNegativeStackRanks" computerName="TFSBUILD11" duration="00:00:00.0034013" startTime="2015-09-28T09:43:38.8754316-07:00" endTime="2015-09-28T09:43:38.8754316-07:00" testType="13cdc9d9-ddb5-4fa4-a97d-d965ccfc6d4b" outcome="Passed" testListId="8c84fa94-04c1-424b-9868-57a2d4851a1d" relativeResultsDirectory="afff26ce-d454-4734-b32b-5e6a4ff029d4" />
    <UnitTestResult executionId="db1cf421-0897-4856-9ad0-7411abffb617" testId="2045a19b-0b77-1c68-8fea-e33adbecc89b" testName="ReorderMultipleFeatureBetweenTwoWorkItemsWithNegativeStackRanks" computerName="TFSBUILD11" duration="00:00:00.0034468" startTime="2015-09-28T09:43:38.8754316-07:00" endTime="2015-09-28T09:43:38.8754316-07:00" testType="13cdc9d9-ddb5-4fa4-a97d-d965ccfc6d4b" outcome="Passed" testListId="8c84fa94-04c1-424b-9868-57a2d4851a1d" relativeResultsDirectory="db1cf421-0897-4856-9ad0-7411abffb617" />
    <UnitTestResult executionId="78c7176d-c1e4-44eb-af9e-0eab13b4627b" testId="3d8f2dce-1c56-4043-b20e-a6f1aba19020" testName="ReorderToTopWithPreviousAsSelf" computerName="TFSBUILD11" duration="00:00:00.0032014" startTime="2015-09-28T09:43:38.8754316-07:00" endTime="2015-09-28T09:43:38.8754316-07:00" testType="13cdc9d9-ddb5-4fa4-a97d-d965ccfc6d4b" outcome="Passed" testListId="8c84fa94-04c1-424b-9868-57a2d4851a1d" relativeResultsDirectory="78c7176d-c1e4-44eb-af9e-0eab13b4627b" />
    <UnitTestResult executionId="21fe2419-5334-4166-9484-d9bc21d81296" testId="127cfd89-459d-f8e9-40ff-7a68ee91d2cb" testName="ReorderMultipleToTopPreviousAsSelf" computerName="TFSBUILD11" duration="00:00:00.0079413" startTime="2015-09-28T09:43:38.8754316-07:00" endTime="2015-09-28T09:43:38.8910582-07:00" testType="13cdc9d9-ddb5-4fa4-a97d-d965ccfc6d4b" outcome="Passed" testListId="8c84fa94-04c1-424b-9868-57a2d4851a1d" relativeResultsDirectory="21fe2419-5334-4166-9484-d9bc21d81296" />
    <UnitTestResult executionId="8183bc04-20cd-49f2-a825-3164faebd905" testId="ea19d808-2661-6e6c-fa84-5ca0c078d971" testName="ReorderToTopWithNextAsSelf" computerName="TFSBUILD11" duration="00:00:00.0070763" startTime="2015-09-28T09:43:38.8910582-07:00" endTime="2015-09-28T09:43:38.8910582-07:00" testType="13cdc9d9-ddb5-4fa4-a97d-d965ccfc6d4b" outcome="Passed" testListId="8c84fa94-04c1-424b-9868-57a2d4851a1d" relativeResultsDirectory="8183bc04-20cd-49f2-a825-3164faebd905" />
    <UnitTestResult executionId="4649ed33-4b08-4832-b48d-ec23fafc9df8" testId="12a18e18-c237-f758-e43f-b9d6ccbc2a22" testName="ReorderMultipleToTopNextAsSelf" computerName="TFSBUILD11" duration="00:00:00.0045949" startTime="2015-09-28T09:43:38.8910582-07:00" endTime="2015-09-28T09:43:38.9066841-07:00" testType="13cdc9d9-ddb5-4fa4-a97d-d965ccfc6d4b" outcome="Passed" testListId="8c84fa94-04c1-424b-9868-57a2d4851a1d" relativeResultsDirectory="4649ed33-4b08-4832-b48d-ec23fafc9df8" />
    <UnitTestResult executionId="f685c699-1119-4318-9458-b312ab740f7f" testId="7089c75b-863c-cbc2-5774-ce97bac397f7" testName="ReorderWithPreviousAndNextNotAdjacent" computerName="TFSBUILD11" duration="00:00:00.0036599" startTime="2015-09-28T09:43:38.9066841-07:00" endTime="2015-09-28T09:43:38.9066841-07:00" testType="13cdc9d9-ddb5-4fa4-a97d-d965ccfc6d4b" outcome="Passed" testListId="8c84fa94-04c1-424b-9868-57a2d4851a1d" relativeResultsDirectory="f685c699-1119-4318-9458-b312ab740f7f" />
    <UnitTestResult executionId="bd785d2b-c269-4e98-a003-8ded7d6b305c" testId="01d1af01-60e3-0051-7a98-7fb9ff845f66" testName="ReorderMultipleWithPreviousAndNextNotAdjacent" computerName="TFSBUILD11" duration="00:00:00.0036141" startTime="2015-09-28T09:43:38.9066841-07:00" endTime="2015-09-28T09:43:38.9066841-07:00" testType="13cdc9d9-ddb5-4fa4-a97d-d965ccfc6d4b" outcome="Passed" testListId="8c84fa94-04c1-424b-9868-57a2d4851a1d" relativeResultsDirectory="bd785d2b-c269-4e98-a003-8ded7d6b305c" />
    <UnitTestResult executionId="8ba25774-3e1b-411e-9a0f-7cef7c4e92ec" testId="79f4f820-623a-84b3-5b77-18315f07de43" testName="ReorderWithNonexistantPrevious" computerName="TFSBUILD11" duration="00:00:00.0037242" startTime="2015-09-28T09:43:38.9066841-07:00" endTime="2015-09-28T09:43:38.9223096-07:00" testType="13cdc9d9-ddb5-4fa4-a97d-d965ccfc6d4b" outcome="Passed" testListId="8c84fa94-04c1-424b-9868-57a2d4851a1d" relativeResultsDirectory="8ba25774-3e1b-411e-9a0f-7cef7c4e92ec" />
    <UnitTestResult executionId="bd79ef22-5f9a-4cc7-8f5e-cdbbd9985ec2" testId="9fe5620d-6271-c412-2fc7-3847f4f9d400" testName="ReorderMultipleWithNonexistantPrevious" computerName="TFSBUILD11" duration="00:00:00.0039256" startTime="2015-09-28T09:43:38.9223096-07:00" endTime="2015-09-28T09:43:38.9223096-07:00" testType="13cdc9d9-ddb5-4fa4-a97d-d965ccfc6d4b" outcome="Passed" testListId="8c84fa94-04c1-424b-9868-57a2d4851a1d" relativeResultsDirectory="bd79ef22-5f9a-4cc7-8f5e-cdbbd9985ec2" />
    <UnitTestResult executionId="0c1ba4f4-58a9-475b-81b2-3a84cb001ca4" testId="790f01d6-2469-e2dc-b460-abc26cbf5eb3" testName="ReorderWithNonexistantNext" computerName="TFSBUILD11" duration="00:00:00.0037688" startTime="2015-09-28T09:43:38.9223096-07:00" endTime="2015-09-28T09:43:38.9223096-07:00" testType="13cdc9d9-ddb5-4fa4-a97d-d965ccfc6d4b" outcome="Passed" testListId="8c84fa94-04c1-424b-9868-57a2d4851a1d" relativeResultsDirectory="0c1ba4f4-58a9-475b-81b2-3a84cb001ca4" />
    <UnitTestResult executionId="5d7625b9-d080-402a-98f2-c2482223f4a3" testId="7284726f-0bae-ddaa-9353-eebd8ab32bf4" testName="ReorderMultipleWithNonexistantNext" computerName="TFSBUILD11" duration="00:00:00.0036388" startTime="2015-09-28T09:43:38.9223096-07:00" endTime="2015-09-28T09:43:38.9223096-07:00" testType="13cdc9d9-ddb5-4fa4-a97d-d965ccfc6d4b" outcome="Passed" testListId="8c84fa94-04c1-424b-9868-57a2d4851a1d" relativeResultsDirectory="5d7625b9-d080-402a-98f2-c2482223f4a3" />
    <UnitTestResult executionId="fd1120f0-ef5e-40c4-baff-4df292780880" testId="1ec1005d-32ad-6922-5f02-5f407d14b15a" testName="ReorderWithPreviousInIds" computerName="TFSBUILD11" duration="00:00:00.0040294" startTime="2015-09-28T09:43:38.9223096-07:00" endTime="2015-09-28T09:43:38.9379366-07:00" testType="13cdc9d9-ddb5-4fa4-a97d-d965ccfc6d4b" outcome="Passed" testListId="8c84fa94-04c1-424b-9868-57a2d4851a1d" relativeResultsDirectory="fd1120f0-ef5e-40c4-baff-4df292780880" />
    <UnitTestResult executionId="c4741f4c-b82c-4782-a016-73ccdfcc6bce" testId="36d76c21-f62f-fb54-c81e-4cdbf142e0dc" testName="ReorderMultipleWithPreviousInIds" computerName="TFSBUILD11" duration="00:00:00.0035492" startTime="2015-09-28T09:43:38.9379366-07:00" endTime="2015-09-28T09:43:38.9379366-07:00" testType="13cdc9d9-ddb5-4fa4-a97d-d965ccfc6d4b" outcome="Passed" testListId="8c84fa94-04c1-424b-9868-57a2d4851a1d" relativeResultsDirectory="c4741f4c-b82c-4782-a016-73ccdfcc6bce" />
    <UnitTestResult executionId="2ee946ba-c53d-4e9d-87bf-2b1b70dd94f5" testId="9d806f58-33e8-55cf-b3b8-70b69cca5165" testName="ReorderWithNextInIds" computerName="TFSBUILD11" duration="00:00:00.0035728" startTime="2015-09-28T09:43:38.9379366-07:00" endTime="2015-09-28T09:43:38.9379366-07:00" testType="13cdc9d9-ddb5-4fa4-a97d-d965ccfc6d4b" outcome="Passed" testListId="8c84fa94-04c1-424b-9868-57a2d4851a1d" relativeResultsDirectory="2ee946ba-c53d-4e9d-87bf-2b1b70dd94f5" />
    <UnitTestResult executionId="dda3d05d-7ba4-4f15-8044-ba5c25ad53ea" testId="505c6a06-530d-c693-728f-9b28218d378f" testName="ReorderMultipleWithNextInIds" computerName="TFSBUILD11" duration="00:00:00.0034010" startTime="2015-09-28T09:43:38.9379366-07:00" endTime="2015-09-28T09:43:38.9379366-07:00" testType="13cdc9d9-ddb5-4fa4-a97d-d965ccfc6d4b" outcome="Passed" testListId="8c84fa94-04c1-424b-9868-57a2d4851a1d" relativeResultsDirectory="dda3d05d-7ba4-4f15-8044-ba5c25ad53ea" />
    <UnitTestResult executionId="18dacd33-868e-413a-af92-837e22768fd3" testId="f8b29032-acd2-b601-2a18-6b4299120927" testName="ReorderWithPreviousAndNextInIds" computerName="TFSBUILD11" duration="00:00:00.0036417" startTime="2015-09-28T09:43:38.9379366-07:00" endTime="2015-09-28T09:43:38.9535624-07:00" testType="13cdc9d9-ddb5-4fa4-a97d-d965ccfc6d4b" outcome="Passed" testListId="8c84fa94-04c1-424b-9868-57a2d4851a1d" relativeResultsDirectory="18dacd33-868e-413a-af92-837e22768fd3" />
    <UnitTestResult executionId="2b97e752-115a-4996-a416-cc9d2fb66da2" testId="020f4abc-a552-1b0a-2173-b0810a3190c8" testName="ReorderMultipleWithPreviousAndNextInIds" computerName="TFSBUILD11" duration="00:00:00.0037301" startTime="2015-09-28T09:43:38.9535624-07:00" endTime="2015-09-28T09:43:38.9535624-07:00" testType="13cdc9d9-ddb5-4fa4-a97d-d965ccfc6d4b" outcome="Passed" testListId="8c84fa94-04c1-424b-9868-57a2d4851a1d" relativeResultsDirectory="2b97e752-115a-4996-a416-cc9d2fb66da2" />
    <UnitTestResult executionId="75d41702-f6f7-4a3c-b95d-26e5297abf51" testId="05ec789e-cc65-3b6c-45cb-7dc86f9355cd" testName="ReorderMultipleWithPreviousInIdsAndValidNext" computerName="TFSBUILD11" duration="00:00:00.0037703" startTime="2015-09-28T09:43:38.9535624-07:00" endTime="2015-09-28T09:43:38.9535624-07:00" testType="13cdc9d9-ddb5-4fa4-a97d-d965ccfc6d4b" outcome="Passed" testListId="8c84fa94-04c1-424b-9868-57a2d4851a1d" relativeResultsDirectory="75d41702-f6f7-4a3c-b95d-26e5297abf51" />
    <UnitTestResult executionId="567f0185-9d63-42ed-8255-ee76c76033b1" testId="17b3dc5c-368e-4b84-beef-8d4a9cdea33b" testName="ReorderWithSamePreviousAndNext" computerName="TFSBUILD11" duration="00:00:00.0037813" startTime="2015-09-28T09:43:38.9535624-07:00" endTime="2015-09-28T09:43:38.9535624-07:00" testType="13cdc9d9-ddb5-4fa4-a97d-d965ccfc6d4b" outcome="Passed" testListId="8c84fa94-04c1-424b-9868-57a2d4851a1d" relativeResultsDirectory="567f0185-9d63-42ed-8255-ee76c76033b1" />
    <UnitTestResult executionId="edd0e258-69c5-432e-9db6-42e58d15f026" testId="213f8a62-2935-95c2-3622-11b2437006cc" testName="ReorderMultipleWithSamePreviousAndNext" computerName="TFSBUILD11" duration="00:00:00.0037202" startTime="2015-09-28T09:43:38.9535624-07:00" endTime="2015-09-28T09:43:38.9691879-07:00" testType="13cdc9d9-ddb5-4fa4-a97d-d965ccfc6d4b" outcome="Passed" testListId="8c84fa94-04c1-424b-9868-57a2d4851a1d" relativeResultsDirectory="edd0e258-69c5-432e-9db6-42e58d15f026" />
    <UnitTestResult executionId="1fa33454-d6ff-4c48-942b-44ae00a16114" testId="9e8eb547-a801-7bb2-6662-1f2104d92f8d" testName="ReorderWithNonexistantParentId" computerName="TFSBUILD11" duration="00:00:00.0037202" startTime="2015-09-28T09:43:38.9691879-07:00" endTime="2015-09-28T09:43:38.9691879-07:00" testType="13cdc9d9-ddb5-4fa4-a97d-d965ccfc6d4b" outcome="Passed" testListId="8c84fa94-04c1-424b-9868-57a2d4851a1d" relativeResultsDirectory="1fa33454-d6ff-4c48-942b-44ae00a16114" />
    <UnitTestResult executionId="4248220a-d158-490f-a4c8-e878d70fe1c2" testId="a55ee9bd-dc5c-110a-4208-c3c50f1fcd9a" testName="ReorderWithAncesterIdAsParentId" computerName="TFSBUILD11" duration="00:00:00.0036716" startTime="2015-09-28T09:43:38.9691879-07:00" endTime="2015-09-28T09:43:38.9691879-07:00" testType="13cdc9d9-ddb5-4fa4-a97d-d965ccfc6d4b" outcome="Passed" testListId="8c84fa94-04c1-424b-9868-57a2d4851a1d" relativeResultsDirectory="4248220a-d158-490f-a4c8-e878d70fe1c2" />
    <UnitTestResult executionId="c69b15bb-82d0-4e0a-95f3-7f54ed4de768" testId="24652c24-2399-da68-b610-871956400e6c" testName="ReorderWithSelfAsParentId" computerName="TFSBUILD11" duration="00:00:00.0037674" startTime="2015-09-28T09:43:38.9691879-07:00" endTime="2015-09-28T09:43:38.9691879-07:00" testType="13cdc9d9-ddb5-4fa4-a97d-d965ccfc6d4b" outcome="Passed" testListId="8c84fa94-04c1-424b-9868-57a2d4851a1d" relativeResultsDirectory="c69b15bb-82d0-4e0a-95f3-7f54ed4de768" />
    <UnitTestResult executionId="705d6140-2e60-40de-9135-1af46a66df1b" testId="be5f6023-11cc-2a13-206d-dfb58b23d0ee" testName="ReorderWithPreviousAsParentId" computerName="TFSBUILD11" duration="00:00:00.0038661" startTime="2015-09-28T09:43:38.9691879-07:00" endTime="2015-09-28T09:43:38.9848155-07:00" testType="13cdc9d9-ddb5-4fa4-a97d-d965ccfc6d4b" outcome="Passed" testListId="8c84fa94-04c1-424b-9868-57a2d4851a1d" relativeResultsDirectory="705d6140-2e60-40de-9135-1af46a66df1b" />
    <UnitTestResult executionId="c591fdd1-2704-4f57-a40f-07a512728204" testId="39408757-ae26-edb2-341b-ae7b08284b28" testName="ReorderWithNextAsParentId" computerName="TFSBUILD11" duration="00:00:00.0109306" startTime="2015-09-28T09:43:38.9848155-07:00" endTime="2015-09-28T09:43:38.9848155-07:00" testType="13cdc9d9-ddb5-4fa4-a97d-d965ccfc6d4b" outcome="Passed" testListId="8c84fa94-04c1-424b-9868-57a2d4851a1d" relativeResultsDirectory="c591fdd1-2704-4f57-a40f-07a512728204" />
    <UnitTestResult executionId="0709752b-a484-44ee-8052-f523dd24d239" testId="5af525b4-ab9c-22ca-d4c5-e76756c55c60" testName="ReorderWithPreviousWrongType" computerName="TFSBUILD11" duration="00:00:00.0043716" startTime="2015-09-28T09:43:38.9848155-07:00" endTime="2015-09-28T09:43:39.0004402-07:00" testType="13cdc9d9-ddb5-4fa4-a97d-d965ccfc6d4b" outcome="Passed" testListId="8c84fa94-04c1-424b-9868-57a2d4851a1d" relativeResultsDirectory="0709752b-a484-44ee-8052-f523dd24d239" />
    <UnitTestResult executionId="4f415434-7870-4acb-ba25-391ccb180577" testId="c427bc49-60ce-d2bb-dd88-5f1e689bfd46" testName="ReorderWithNextWrongType" computerName="TFSBUILD11" duration="00:00:00.0037865" startTime="2015-09-28T09:43:39.0004402-07:00" endTime="2015-09-28T09:43:39.0004402-07:00" testType="13cdc9d9-ddb5-4fa4-a97d-d965ccfc6d4b" outcome="Passed" testListId="8c84fa94-04c1-424b-9868-57a2d4851a1d" relativeResultsDirectory="4f415434-7870-4acb-ba25-391ccb180577" />
    <UnitTestResult executionId="2b8dcdb7-2b20-41eb-9178-24786b296468" testId="64ebb190-2654-4a9e-5165-419c3152cf3f" testName="ReorderWithPreviousAndNextUnspecified" computerName="TFSBUILD11" duration="00:00:00.0036673" startTime="2015-09-28T09:43:39.0004402-07:00" endTime="2015-09-28T09:43:39.0004402-07:00" testType="13cdc9d9-ddb5-4fa4-a97d-d965ccfc6d4b" outcome="Passed" testListId="8c84fa94-04c1-424b-9868-57a2d4851a1d" relativeResultsDirectory="2b8dcdb7-2b20-41eb-9178-24786b296468" />
    <UnitTestResult executionId="b6a53614-91c7-4c3c-9630-3dc88dd48248" testId="0d097695-8beb-4130-a9fe-8327ffd30fdc" testName="ReorderWithParentCompleted" computerName="TFSBUILD11" duration="00:00:00.0038596" startTime="2015-09-28T09:43:39.0004402-07:00" endTime="2015-09-28T09:43:39.0004402-07:00" testType="13cdc9d9-ddb5-4fa4-a97d-d965ccfc6d4b" outcome="Passed" testListId="8c84fa94-04c1-424b-9868-57a2d4851a1d" relativeResultsDirectory="b6a53614-91c7-4c3c-9630-3dc88dd48248" />
    <UnitTestResult executionId="d8021915-c413-471d-8ceb-7c501c4ab5c1" testId="88c95755-c16d-6582-8793-37985fbd9879" testName="ReorderWithParentCompletedWithPreviousAndNextSpecified" computerName="TFSBUILD11" duration="00:00:00.0036491" startTime="2015-09-28T09:43:39.0004402-07:00" endTime="2015-09-28T09:43:39.0160668-07:00" testType="13cdc9d9-ddb5-4fa4-a97d-d965ccfc6d4b" outcome="Passed" testListId="8c84fa94-04c1-424b-9868-57a2d4851a1d" relativeResultsDirectory="d8021915-c413-471d-8ceb-7c501c4ab5c1" />
    <UnitTestResult executionId="cb7cd78a-bb49-4130-8b8e-e68b213456f8" testId="a5bf600b-c8f3-8352-3f8e-e12be13c716e" testName="ReorderWithParentCompletedWithNextSpecified" computerName="TFSBUILD11" duration="00:00:00.0038641" startTime="2015-09-28T09:43:39.0160668-07:00" endTime="2015-09-28T09:43:39.0160668-07:00" testType="13cdc9d9-ddb5-4fa4-a97d-d965ccfc6d4b" outcome="Passed" testListId="8c84fa94-04c1-424b-9868-57a2d4851a1d" relativeResultsDirectory="cb7cd78a-bb49-4130-8b8e-e68b213456f8" />
    <UnitTestResult executionId="a099cdd9-772f-4e4b-9ab6-077f3348ebf7" testId="631b2be2-2f26-32f4-e23b-bcf94bfff7ad" testName="ReorderMultipleWithParentCompleted" computerName="TFSBUILD11" duration="00:00:00.0038749" startTime="2015-09-28T09:43:39.0160668-07:00" endTime="2015-09-28T09:43:39.0160668-07:00" testType="13cdc9d9-ddb5-4fa4-a97d-d965ccfc6d4b" outcome="Passed" testListId="8c84fa94-04c1-424b-9868-57a2d4851a1d" relativeResultsDirectory="a099cdd9-772f-4e4b-9ab6-077f3348ebf7" />
    <UnitTestResult executionId="979ec18d-c267-4763-b2df-b189bef04a91" testId="0abcf1b5-6295-7f08-06d1-092d11d91891" testName="TeamMembershipExpanderTests_TestGetAllLevelForNONAADGroups" computerName="TFSBUILD11" duration="00:00:00.0354801" startTime="2015-09-28T09:43:39.0160668-07:00" endTime="2015-09-28T09:43:39.0629452-07:00" testType="13cdc9d9-ddb5-4fa4-a97d-d965ccfc6d4b" outcome="Passed" testListId="8c84fa94-04c1-424b-9868-57a2d4851a1d" relativeResultsDirectory="979ec18d-c267-4763-b2df-b189bef04a91" />
    <UnitTestResult executionId="30ed35bc-4594-4dc8-8497-505fec46a652" testId="79c21720-1647-6e09-c41c-75d07e659824" testName="TeamMembershipExpanderTests_TestGetOneLevelsForOneAADGroup" computerName="TFSBUILD11" duration="00:00:00.0109388" startTime="2015-09-28T09:43:39.0629452-07:00" endTime="2015-09-28T09:43:39.0629452-07:00" testType="13cdc9d9-ddb5-4fa4-a97d-d965ccfc6d4b" outcome="Passed" testListId="8c84fa94-04c1-424b-9868-57a2d4851a1d" relativeResultsDirectory="30ed35bc-4594-4dc8-8497-505fec46a652" />
    <UnitTestResult executionId="879bb4a2-059a-4fec-81e3-c76830b9ddde" testId="1ddaac41-2068-0d2e-47e9-ece0ac5dca04" testName="TeamMembershipExpanderTests_TestGetNotEnoughLevelsForOneAAD" computerName="TFSBUILD11" duration="00:00:00.0110859" startTime="2015-09-28T09:43:39.0629452-07:00" endTime="2015-09-28T09:43:39.0785710-07:00" testType="13cdc9d9-ddb5-4fa4-a97d-d965ccfc6d4b" outcome="Passed" testListId="8c84fa94-04c1-424b-9868-57a2d4851a1d" relativeResultsDirectory="879bb4a2-059a-4fec-81e3-c76830b9ddde" />
    <UnitTestResult executionId="d02d9a8a-5a33-440d-a509-383226775e3a" testId="9c5b9659-991d-d976-354c-bd9d34052e12" testName="TeamMembershipExpanderTests_TestGetEnoughUsersForOneAADGroup" computerName="TFSBUILD11" duration="00:00:00.0112170" startTime="2015-09-28T09:43:39.0785710-07:00" endTime="2015-09-28T09:43:39.0941971-07:00" testType="13cdc9d9-ddb5-4fa4-a97d-d965ccfc6d4b" outcome="Passed" testListId="8c84fa94-04c1-424b-9868-57a2d4851a1d" relativeResultsDirectory="d02d9a8a-5a33-440d-a509-383226775e3a" />
    <UnitTestResult executionId="4cb73c4a-abf9-4af9-b264-6cb6fdddb3e9" testId="be5a3836-c873-c238-6ffd-907dd1e371bb" testName="TeamMembershipExpanderTests_TestAADGroupNoLimit" computerName="TFSBUILD11" duration="00:00:00.0137340" startTime="2015-09-28T09:43:39.0941971-07:00" endTime="2015-09-28T09:43:39.1098241-07:00" testType="13cdc9d9-ddb5-4fa4-a97d-d965ccfc6d4b" outcome="Passed" testListId="8c84fa94-04c1-424b-9868-57a2d4851a1d" relativeResultsDirectory="4cb73c4a-abf9-4af9-b264-6cb6fdddb3e9" />
    <UnitTestResult executionId="1e8c1287-1bd4-4463-ba76-c88a9f93de87" testId="c9b92bf6-b944-8dd6-0870-0fa1791a6bd2" testName="GetSubTreeIdsByLeafNodesReturnsLimitedItems" computerName="TFSBUILD11" duration="00:00:00.0084178" startTime="2015-09-28T09:43:39.1098241-07:00" endTime="2015-09-28T09:43:39.1098241-07:00" testType="13cdc9d9-ddb5-4fa4-a97d-d965ccfc6d4b" outcome="Passed" testListId="8c84fa94-04c1-424b-9868-57a2d4851a1d" relativeResultsDirectory="1e8c1287-1bd4-4463-ba76-c88a9f93de87" />
    <UnitTestResult executionId="05f57e5b-28fc-4afb-9fce-7b0d1a46e0e4" testId="9f1d7057-bcac-8a60-80dd-e1f190dd579b" testName="GetSubTreeIdsByLeafNodesReturnsAllItemsAtTheLimit" computerName="TFSBUILD11" duration="00:00:00.0004241" startTime="2015-09-28T09:43:39.1098241-07:00" endTime="2015-09-28T09:43:39.1098241-07:00" testType="13cdc9d9-ddb5-4fa4-a97d-d965ccfc6d4b" outcome="Passed" testListId="8c84fa94-04c1-424b-9868-57a2d4851a1d" relativeResultsDirectory="05f57e5b-28fc-4afb-9fce-7b0d1a46e0e4" />
    <UnitTestResult executionId="7bdf9112-83ec-400f-b5e4-850c2c15f320" testId="f9ec4a3c-e352-7889-67ed-be1fdda62423" testName="GetOrderedLeafIdsReturnsLeafsOnFlatQuery" computerName="TFSBUILD11" duration="00:00:00.0048682" startTime="2015-09-28T09:43:39.1098241-07:00" endTime="2015-09-28T09:43:39.1254502-07:00" testType="13cdc9d9-ddb5-4fa4-a97d-d965ccfc6d4b" outcome="Passed" testListId="8c84fa94-04c1-424b-9868-57a2d4851a1d" relativeResultsDirectory="7bdf9112-83ec-400f-b5e4-850c2c15f320" />
    <UnitTestResult executionId="2a24cbc7-526d-4109-bb7c-5f4229b77160" testId="c66508d8-c3fe-c396-1569-534017368d52" testName="GetOrderedLeafIdsReturnsLeafsOnHierarchyQuery" computerName="TFSBUILD11" duration="00:00:00.0005987" startTime="2015-09-28T09:43:39.1254502-07:00" endTime="2015-09-28T09:43:39.1254502-07:00" testType="13cdc9d9-ddb5-4fa4-a97d-d965ccfc6d4b" outcome="Passed" testListId="8c84fa94-04c1-424b-9868-57a2d4851a1d" relativeResultsDirectory="2a24cbc7-526d-4109-bb7c-5f4229b77160" />
    <UnitTestResult executionId="f5bb7339-1b08-48a9-aca9-48b5db9842ec" testId="05b6e61a-07d6-82db-20e8-d3dc5ecf6dfd" testName="GetOrderedLeafIdsDoesNotReturnInProgressNodeThatHasOnlyOutgoingLeaves" computerName="TFSBUILD11" duration="00:00:00.0003709" startTime="2015-09-28T09:43:39.1254502-07:00" endTime="2015-09-28T09:43:39.1254502-07:00" testType="13cdc9d9-ddb5-4fa4-a97d-d965ccfc6d4b" outcome="Passed" testListId="8c84fa94-04c1-424b-9868-57a2d4851a1d" relativeResultsDirectory="f5bb7339-1b08-48a9-aca9-48b5db9842ec" />
    <UnitTestResult executionId="742e8761-5be2-4bc6-80f2-5f7a09bfe3a9" testId="b8039f94-0ada-07e2-4574-584a59b79aa4" testName="FindAncestorIdsReturnsAncestorsAssociatedWithGivenWorkItems" computerName="TFSBUILD11" duration="00:00:00.0034832" startTime="2015-09-28T09:43:39.1254502-07:00" endTime="2015-09-28T09:43:39.1254502-07:00" testType="13cdc9d9-ddb5-4fa4-a97d-d965ccfc6d4b" outcome="Passed" testListId="8c84fa94-04c1-424b-9868-57a2d4851a1d" relativeResultsDirectory="742e8761-5be2-4bc6-80f2-5f7a09bfe3a9" />
    <UnitTestResult executionId="d553d26a-b411-4bcd-88c8-e1680279a53e" testId="833bbad3-0b97-45e1-c6bc-46446d2bd680" testName="GetHierarchyByIdsReturnsHierarchyAssociatedWithGivenWorkItems" computerName="TFSBUILD11" duration="00:00:00.0017160" startTime="2015-09-28T09:43:39.1254502-07:00" endTime="2015-09-28T09:43:39.1254502-07:00" testType="13cdc9d9-ddb5-4fa4-a97d-d965ccfc6d4b" outcome="Passed" testListId="8c84fa94-04c1-424b-9868-57a2d4851a1d" relativeResultsDirectory="d553d26a-b411-4bcd-88c8-e1680279a53e" />
    <UnitTestResult executionId="51ac81dc-5ebe-4a26-ae3b-980917588677" testId="ef58211e-bb60-d946-aa3e-f565054a0ab5" testName="GetTeamConfigurations_ReturnsAllTeamsRequested" computerName="TFSBUILD11" duration="00:00:00.3239687" startTime="2015-09-28T09:43:39.1254502-07:00" endTime="2015-09-28T09:43:39.4535974-07:00" testType="13cdc9d9-ddb5-4fa4-a97d-d965ccfc6d4b" outcome="Passed" testListId="8c84fa94-04c1-424b-9868-57a2d4851a1d" relativeResultsDirectory="51ac81dc-5ebe-4a26-ae3b-980917588677" />
    <UnitTestResult executionId="feb7c530-f825-4b1a-aa92-b5a8d494d030" testId="b3ba6028-4c45-5282-e09e-a7d9afa4484d" testName="GetTeamConfigurations_ReturnsNullForInvalidTeams" computerName="TFSBUILD11" duration="00:00:00.0157064" startTime="2015-09-28T09:43:39.4535974-07:00" endTime="2015-09-28T09:43:39.4692238-07:00" testType="13cdc9d9-ddb5-4fa4-a97d-d965ccfc6d4b" outcome="Passed" testListId="8c84fa94-04c1-424b-9868-57a2d4851a1d" relativeResultsDirectory="feb7c530-f825-4b1a-aa92-b5a8d494d030" />
    <UnitTestResult executionId="72de53ee-6b5a-406a-bf6d-dc38da2aae74" testId="d738ecba-b8c2-1d73-a292-1d78e8f11758" testName="GetDefaultTeamIds_ReturnsDefaultTeamIds_ForValidProject" computerName="TFSBUILD11" duration="00:00:00.0283192" startTime="2015-09-28T09:43:39.4692238-07:00" endTime="2015-09-28T09:43:39.5004757-07:00" testType="13cdc9d9-ddb5-4fa4-a97d-d965ccfc6d4b" outcome="Passed" testListId="8c84fa94-04c1-424b-9868-57a2d4851a1d" relativeResultsDirectory="72de53ee-6b5a-406a-bf6d-dc38da2aae74" />
    <UnitTestResult executionId="f2aea159-60d3-40fb-b4ae-bafa71b85f83" testId="00b3ce80-ec8b-ea99-8bef-a1fd1681c5fe" testName="GetDefaultTeamIds_ReturnsGuidEmpty_ForInvalidProjects" computerName="TFSBUILD11" duration="00:00:00.0157712" startTime="2015-09-28T09:43:39.5004757-07:00" endTime="2015-09-28T09:43:39.5161030-07:00" testType="13cdc9d9-ddb5-4fa4-a97d-d965ccfc6d4b" outcome="Passed" testListId="8c84fa94-04c1-424b-9868-57a2d4851a1d" relativeResultsDirectory="f2aea159-60d3-40fb-b4ae-bafa71b85f83" />
    <UnitTestResult executionId="eb4a930e-35cc-45e5-9907-96b8e86b664a" testId="99ee03c0-a8dc-139c-41cd-20d702927e2c" testName="ApiTeamChartBurnDownInvalidDimensions" computerName="TFSBUILD11" duration="00:00:00.0329758" startTime="2015-09-28T09:43:39.5161030-07:00" endTime="2015-09-28T09:43:39.5473541-07:00" testType="13cdc9d9-ddb5-4fa4-a97d-d965ccfc6d4b" outcome="Passed" testListId="8c84fa94-04c1-424b-9868-57a2d4851a1d" relativeResultsDirectory="eb4a930e-35cc-45e5-9907-96b8e86b664a" />
    <UnitTestResult executionId="0e017e0b-9061-4916-a7f0-fb6cc9493692" testId="e735e640-5505-18b0-0a9b-cfe2e1608d66" testName="ApiTeamChartVelocityInvalidDimensions" computerName="TFSBUILD11" duration="00:00:00.0046739" startTime="2015-09-28T09:43:39.5473541-07:00" endTime="2015-09-28T09:43:39.5473541-07:00" testType="13cdc9d9-ddb5-4fa4-a97d-d965ccfc6d4b" outcome="Passed" testListId="8c84fa94-04c1-424b-9868-57a2d4851a1d" relativeResultsDirectory="0e017e0b-9061-4916-a7f0-fb6cc9493692" />
    <UnitTestResult executionId="ae7f51c8-a7c7-4c6c-89f3-410e3cd94b87" testId="bef6291e-c0d5-acaa-51e1-91873bc4afc9" testName="ApiTeamChartCFDInvalidDimensions" computerName="TFSBUILD11" duration="00:00:00.0052201" startTime="2015-09-28T09:43:39.5473541-07:00" endTime="2015-09-28T09:43:39.5473541-07:00" testType="13cdc9d9-ddb5-4fa4-a97d-d965ccfc6d4b" outcome="Passed" testListId="8c84fa94-04c1-424b-9868-57a2d4851a1d" relativeResultsDirectory="ae7f51c8-a7c7-4c6c-89f3-410e3cd94b87" />
    <UnitTestResult executionId="f12edf49-027b-43ab-879a-7ef6139317e1" testId="ac02972a-b169-2bac-eef1-66c1b9efef35" testName="Payload_ReturnsJsonResult" computerName="TFSBUILD11" duration="00:00:00.0000207" startTime="2015-09-28T09:43:39.5473541-07:00" endTime="2015-09-28T09:43:39.5473541-07:00" testType="13cdc9d9-ddb5-4fa4-a97d-d965ccfc6d4b" outcome="Passed" testListId="8c84fa94-04c1-424b-9868-57a2d4851a1d" relativeResultsDirectory="f12edf49-027b-43ab-879a-7ef6139317e1" />
  </Results>
  <TestDefinitions>
    <UnitTest name="GetVelocityInputs_NoCurrentIteration_NoException" storage="d:\v2.0\a1\_work\dbded102\bin\release.anycpu\tfs.service\ms.tf.server.webaccess.agile.l0.tests\ms.tf.server.webaccess.agile.l0.tests.dll" id="8b6f4d4f-deb2-d60c-888b-02aba7a1f289">
      <Execution id="27d9289b-23eb-4356-a3bf-c609f0dd7ff4" />
      <TestMethod codeBase="D:\v2.0\A1\_work\dbded102\bin\Release.AnyCPU\Tfs.Service\MS.TF.Server.WebAccess.Agile.L0.Tests\MS.TF.Server.WebAccess.Agile.L0.Tests.dll" adapterTypeName="Microsoft.VisualStudio.TestTools.TestTypes.Unit.UnitTestAdapter" className="MS.TF.Server.WebAccess.Agile.L0.Tests.ChartUtilsTests" name="GetVelocityInputs_NoCurrentIteration_NoException" />
    </UnitTest>
    <UnitTest name="ReorderMultipleWithParentCompletedWithPreviousAndNextSpecified" storage="d:\v2.0\a1\_work\dbded102\bin\release.anycpu\tfs.service\ms.tf.server.webaccess.agile.l0.tests\ms.tf.server.webaccess.agile.l0.tests.dll" id="e994fcb6-c53a-8b91-2ec2-7084f8e6ab25">
      <Execution id="4ee7e15c-7db5-4976-8af8-cbfcd9d0704a" />
      <TestMethod codeBase="D:\v2.0\A1\_work\dbded102\bin\Release.AnyCPU\Tfs.Service\MS.TF.Server.WebAccess.Agile.L0.Tests\MS.TF.Server.WebAccess.Agile.L0.Tests.dll" adapterTypeName="Microsoft.VisualStudio.TestTools.TestTypes.Unit.UnitTestAdapter" className="MS.TF.Server.WebAccess.Agile.L0.Tests.ProductBacklogReorderHelperTests" name="ReorderMultipleWithParentCompletedWithPreviousAndNextSpecified" />
    </UnitTest>
    <UnitTest name="ReorderMultipleWithParentCompletedWithNextSpecified" storage="d:\v2.0\a1\_work\dbded102\bin\release.anycpu\tfs.service\ms.tf.server.webaccess.agile.l0.tests\ms.tf.server.webaccess.agile.l0.tests.dll" id="8cb063cf-a87f-3ccc-db8a-19a4c662791f">
      <Execution id="9700f9e9-2267-45f7-8595-8cd39fd3925d" />
      <TestMethod codeBase="D:\v2.0\A1\_work\dbded102\bin\Release.AnyCPU\Tfs.Service\MS.TF.Server.WebAccess.Agile.L0.Tests\MS.TF.Server.WebAccess.Agile.L0.Tests.dll" adapterTypeName="Microsoft.VisualStudio.TestTools.TestTypes.Unit.UnitTestAdapter" className="MS.TF.Server.WebAccess.Agile.L0.Tests.ProductBacklogReorderHelperTests" name="ReorderMultipleWithParentCompletedWithNextSpecified" />
    </UnitTest>
    <UnitTest name="NullWorkItemService" storage="d:\v2.0\a1\_work\dbded102\bin\release.anycpu\tfs.service\ms.tf.server.webaccess.agile.l0.tests\ms.tf.server.webaccess.agile.l0.tests.dll" id="97252d96-8127-08e4-b667-28ed0a83f7c1">
      <Execution id="cf4d1ccd-01f2-443d-9754-8ea13e986387" />
      <TestMethod codeBase="D:\v2.0\A1\_work\dbded102\bin\Release.AnyCPU\Tfs.Service\MS.TF.Server.WebAccess.Agile.L0.Tests\MS.TF.Server.WebAccess.Agile.L0.Tests.dll" adapterTypeName="Microsoft.VisualStudio.TestTools.TestTypes.Unit.UnitTestAdapter" className="MS.TF.Server.WebAccess.Agile.L0.Tests.ProductBacklogReorderHelperTests" name="NullWorkItemService" />
    </UnitTest>
    <UnitTest name="NullAgileSettings" storage="d:\v2.0\a1\_work\dbded102\bin\release.anycpu\tfs.service\ms.tf.server.webaccess.agile.l0.tests\ms.tf.server.webaccess.agile.l0.tests.dll" id="fb9e61f1-4067-67ce-023b-dbabb07e434a">
      <Execution id="f1322eb2-6bdc-4b40-886b-c7ad6e8a779f" />
      <TestMethod codeBase="D:\v2.0\A1\_work\dbded102\bin\Release.AnyCPU\Tfs.Service\MS.TF.Server.WebAccess.Agile.L0.Tests\MS.TF.Server.WebAccess.Agile.L0.Tests.dll" adapterTypeName="Microsoft.VisualStudio.TestTools.TestTypes.Unit.UnitTestAdapter" className="MS.TF.Server.WebAccess.Agile.L0.Tests.ProductBacklogReorderHelperTests" name="NullAgileSettings" />
    </UnitTest>
    <UnitTest name="ReorderWithEmptyReorderIds" storage="d:\v2.0\a1\_work\dbded102\bin\release.anycpu\tfs.service\ms.tf.server.webaccess.agile.l0.tests\ms.tf.server.webaccess.agile.l0.tests.dll" id="b2a2206e-d088-a6fc-38c1-6b6c3b7df570">
      <Execution id="8853fe68-0368-4294-806d-9642a0e97ee0" />
      <TestMethod codeBase="D:\v2.0\A1\_work\dbded102\bin\Release.AnyCPU\Tfs.Service\MS.TF.Server.WebAccess.Agile.L0.Tests\MS.TF.Server.WebAccess.Agile.L0.Tests.dll" adapterTypeName="Microsoft.VisualStudio.TestTools.TestTypes.Unit.UnitTestAdapter" className="MS.TF.Server.WebAccess.Agile.L0.Tests.ProductBacklogReorderHelperTests" name="ReorderWithEmptyReorderIds" />
    </UnitTest>
    <UnitTest name="ReorderWithInvalidReorderId" storage="d:\v2.0\a1\_work\dbded102\bin\release.anycpu\tfs.service\ms.tf.server.webaccess.agile.l0.tests\ms.tf.server.webaccess.agile.l0.tests.dll" id="e5e8e50e-a86e-95d3-a725-2f27a333724d">
      <Execution id="2149edbd-f3a2-4d5d-a5f2-73cda01e82cf" />
      <TestMethod codeBase="D:\v2.0\A1\_work\dbded102\bin\Release.AnyCPU\Tfs.Service\MS.TF.Server.WebAccess.Agile.L0.Tests\MS.TF.Server.WebAccess.Agile.L0.Tests.dll" adapterTypeName="Microsoft.VisualStudio.TestTools.TestTypes.Unit.UnitTestAdapter" className="MS.TF.Server.WebAccess.Agile.L0.Tests.ProductBacklogReorderHelperTests" name="ReorderWithInvalidReorderId" />
    </UnitTest>
    <UnitTest name="ReorderWithInvalidReorderIds" storage="d:\v2.0\a1\_work\dbded102\bin\release.anycpu\tfs.service\ms.tf.server.webaccess.agile.l0.tests\ms.tf.server.webaccess.agile.l0.tests.dll" id="dbeaac4d-7d30-672c-785b-e54abf246c82">
      <Execution id="dc0f8e3a-1554-481f-a2de-d59ba1c89feb" />
      <TestMethod codeBase="D:\v2.0\A1\_work\dbded102\bin\Release.AnyCPU\Tfs.Service\MS.TF.Server.WebAccess.Agile.L0.Tests\MS.TF.Server.WebAccess.Agile.L0.Tests.dll" adapterTypeName="Microsoft.VisualStudio.TestTools.TestTypes.Unit.UnitTestAdapter" className="MS.TF.Server.WebAccess.Agile.L0.Tests.ProductBacklogReorderHelperTests" name="ReorderWithInvalidReorderIds" />
    </UnitTest>
    <UnitTest name="ReorderWithInvalidParentId" storage="d:\v2.0\a1\_work\dbded102\bin\release.anycpu\tfs.service\ms.tf.server.webaccess.agile.l0.tests\ms.tf.server.webaccess.agile.l0.tests.dll" id="8767ef51-10ce-b1aa-3346-ac124ebcdd69">
      <Execution id="54d9e782-82d0-43d4-8f2f-d65572c355ee" />
      <TestMethod codeBase="D:\v2.0\A1\_work\dbded102\bin\Release.AnyCPU\Tfs.Service\MS.TF.Server.WebAccess.Agile.L0.Tests\MS.TF.Server.WebAccess.Agile.L0.Tests.dll" adapterTypeName="Microsoft.VisualStudio.TestTools.TestTypes.Unit.UnitTestAdapter" className="MS.TF.Server.WebAccess.Agile.L0.Tests.ProductBacklogReorderHelperTests" name="ReorderWithInvalidParentId" />
    </UnitTest>
    <UnitTest name="ReorderWithInvalidPreviousId" storage="d:\v2.0\a1\_work\dbded102\bin\release.anycpu\tfs.service\ms.tf.server.webaccess.agile.l0.tests\ms.tf.server.webaccess.agile.l0.tests.dll" id="bb3a51c4-4311-5a29-77d7-328aa5180999">
      <Execution id="7b704784-3f65-4ddf-a010-7179dda8e09a" />
      <TestMethod codeBase="D:\v2.0\A1\_work\dbded102\bin\Release.AnyCPU\Tfs.Service\MS.TF.Server.WebAccess.Agile.L0.Tests\MS.TF.Server.WebAccess.Agile.L0.Tests.dll" adapterTypeName="Microsoft.VisualStudio.TestTools.TestTypes.Unit.UnitTestAdapter" className="MS.TF.Server.WebAccess.Agile.L0.Tests.ProductBacklogReorderHelperTests" name="ReorderWithInvalidPreviousId" />
    </UnitTest>
    <UnitTest name="ReorderWithInvalidNextId" storage="d:\v2.0\a1\_work\dbded102\bin\release.anycpu\tfs.service\ms.tf.server.webaccess.agile.l0.tests\ms.tf.server.webaccess.agile.l0.tests.dll" id="0e15c96f-6645-fca4-8177-3901f8b9422d">
      <Execution id="9e1ee0df-65d5-4c76-a1d7-8dcfab3e1488" />
      <TestMethod codeBase="D:\v2.0\A1\_work\dbded102\bin\Release.AnyCPU\Tfs.Service\MS.TF.Server.WebAccess.Agile.L0.Tests\MS.TF.Server.WebAccess.Agile.L0.Tests.dll" adapterTypeName="Microsoft.VisualStudio.TestTools.TestTypes.Unit.UnitTestAdapter" className="MS.TF.Server.WebAccess.Agile.L0.Tests.ProductBacklogReorderHelperTests" name="ReorderWithInvalidNextId" />
    </UnitTest>
    <UnitTest name="ReorderWithReorderIdNotExist" storage="d:\v2.0\a1\_work\dbded102\bin\release.anycpu\tfs.service\ms.tf.server.webaccess.agile.l0.tests\ms.tf.server.webaccess.agile.l0.tests.dll" id="c412a4a7-ca7f-0efa-3c59-9c95dc2c38fd">
      <Execution id="9fc12424-cec2-4440-bc94-3378b003a1d2" />
      <TestMethod codeBase="D:\v2.0\A1\_work\dbded102\bin\Release.AnyCPU\Tfs.Service\MS.TF.Server.WebAccess.Agile.L0.Tests\MS.TF.Server.WebAccess.Agile.L0.Tests.dll" adapterTypeName="Microsoft.VisualStudio.TestTools.TestTypes.Unit.UnitTestAdapter" className="MS.TF.Server.WebAccess.Agile.L0.Tests.ProductBacklogReorderHelperTests" name="ReorderWithReorderIdNotExist" />
    </UnitTest>
    <UnitTest name="ReorderWithReorderIdsNotExist" storage="d:\v2.0\a1\_work\dbded102\bin\release.anycpu\tfs.service\ms.tf.server.webaccess.agile.l0.tests\ms.tf.server.webaccess.agile.l0.tests.dll" id="5518650b-bb90-e92b-bb9f-95ae5868fe2c">
      <Execution id="4fcb7807-33e6-4a5f-8835-baa4edb1499c" />
      <TestMethod codeBase="D:\v2.0\A1\_work\dbded102\bin\Release.AnyCPU\Tfs.Service\MS.TF.Server.WebAccess.Agile.L0.Tests\MS.TF.Server.WebAccess.Agile.L0.Tests.dll" adapterTypeName="Microsoft.VisualStudio.TestTools.TestTypes.Unit.UnitTestAdapter" className="MS.TF.Server.WebAccess.Agile.L0.Tests.ProductBacklogReorderHelperTests" name="ReorderWithReorderIdsNotExist" />
    </UnitTest>
    <UnitTest name="ReorderWithReorderIdNotFound" storage="d:\v2.0\a1\_work\dbded102\bin\release.anycpu\tfs.service\ms.tf.server.webaccess.agile.l0.tests\ms.tf.server.webaccess.agile.l0.tests.dll" id="880e8e02-e352-6e9f-3fdc-0698cd423649">
      <Execution id="6f2359d6-6122-4074-86a1-fbf0c72a34f9" />
      <TestMethod codeBase="D:\v2.0\A1\_work\dbded102\bin\Release.AnyCPU\Tfs.Service\MS.TF.Server.WebAccess.Agile.L0.Tests\MS.TF.Server.WebAccess.Agile.L0.Tests.dll" adapterTypeName="Microsoft.VisualStudio.TestTools.TestTypes.Unit.UnitTestAdapter" className="MS.TF.Server.WebAccess.Agile.L0.Tests.ProductBacklogReorderHelperTests" name="ReorderWithReorderIdNotFound" />
    </UnitTest>
    <UnitTest name="ReorderWithReorderIdsNotFound" storage="d:\v2.0\a1\_work\dbded102\bin\release.anycpu\tfs.service\ms.tf.server.webaccess.agile.l0.tests\ms.tf.server.webaccess.agile.l0.tests.dll" id="68a3b5d4-e8bb-01c4-9af0-e52821608412">
      <Execution id="d021cc8c-0c9f-4c0d-9e59-74c68af7db58" />
      <TestMethod codeBase="D:\v2.0\A1\_work\dbded102\bin\Release.AnyCPU\Tfs.Service\MS.TF.Server.WebAccess.Agile.L0.Tests\MS.TF.Server.WebAccess.Agile.L0.Tests.dll" adapterTypeName="Microsoft.VisualStudio.TestTools.TestTypes.Unit.UnitTestAdapter" className="MS.TF.Server.WebAccess.Agile.L0.Tests.ProductBacklogReorderHelperTests" name="ReorderWithReorderIdsNotFound" />
    </UnitTest>
    <UnitTest name="ReorderWithPreviousIdNotExist" storage="d:\v2.0\a1\_work\dbded102\bin\release.anycpu\tfs.service\ms.tf.server.webaccess.agile.l0.tests\ms.tf.server.webaccess.agile.l0.tests.dll" id="9d37a551-3528-20cd-f77e-5875af787d8c">
      <Execution id="abd6fc07-7eac-4bbe-9721-12188d82c6a2" />
      <TestMethod codeBase="D:\v2.0\A1\_work\dbded102\bin\Release.AnyCPU\Tfs.Service\MS.TF.Server.WebAccess.Agile.L0.Tests\MS.TF.Server.WebAccess.Agile.L0.Tests.dll" adapterTypeName="Microsoft.VisualStudio.TestTools.TestTypes.Unit.UnitTestAdapter" className="MS.TF.Server.WebAccess.Agile.L0.Tests.ProductBacklogReorderHelperTests" name="ReorderWithPreviousIdNotExist" />
    </UnitTest>
    <UnitTest name="ReorderWithNextIdNotExist" storage="d:\v2.0\a1\_work\dbded102\bin\release.anycpu\tfs.service\ms.tf.server.webaccess.agile.l0.tests\ms.tf.server.webaccess.agile.l0.tests.dll" id="b0a6bec3-62c5-72dc-2db6-4e9f884d95ac">
      <Execution id="3cc14722-3288-4ea1-bbe4-eed57c0d4173" />
      <TestMethod codeBase="D:\v2.0\A1\_work\dbded102\bin\Release.AnyCPU\Tfs.Service\MS.TF.Server.WebAccess.Agile.L0.Tests\MS.TF.Server.WebAccess.Agile.L0.Tests.dll" adapterTypeName="Microsoft.VisualStudio.TestTools.TestTypes.Unit.UnitTestAdapter" className="MS.TF.Server.WebAccess.Agile.L0.Tests.ProductBacklogReorderHelperTests" name="ReorderWithNextIdNotExist" />
    </UnitTest>
    <UnitTest name="ReorderWithPreviousIdNotFound" storage="d:\v2.0\a1\_work\dbded102\bin\release.anycpu\tfs.service\ms.tf.server.webaccess.agile.l0.tests\ms.tf.server.webaccess.agile.l0.tests.dll" id="8c8ee37d-1d43-9fd9-74e2-eaa2c9057c1a">
      <Execution id="0c5f00c4-e750-4555-a014-bcfbfa5da2ea" />
      <TestMethod codeBase="D:\v2.0\A1\_work\dbded102\bin\Release.AnyCPU\Tfs.Service\MS.TF.Server.WebAccess.Agile.L0.Tests\MS.TF.Server.WebAccess.Agile.L0.Tests.dll" adapterTypeName="Microsoft.VisualStudio.TestTools.TestTypes.Unit.UnitTestAdapter" className="MS.TF.Server.WebAccess.Agile.L0.Tests.ProductBacklogReorderHelperTests" name="ReorderWithPreviousIdNotFound" />
    </UnitTest>
    <UnitTest name="ReorderWithNextIdNotFound" storage="d:\v2.0\a1\_work\dbded102\bin\release.anycpu\tfs.service\ms.tf.server.webaccess.agile.l0.tests\ms.tf.server.webaccess.agile.l0.tests.dll" id="d3d063ee-ae59-a238-1799-97b79f165854">
      <Execution id="7f7b3dd9-09ba-4851-9bcc-15f48f981845" />
      <TestMethod codeBase="D:\v2.0\A1\_work\dbded102\bin\Release.AnyCPU\Tfs.Service\MS.TF.Server.WebAccess.Agile.L0.Tests\MS.TF.Server.WebAccess.Agile.L0.Tests.dll" adapterTypeName="Microsoft.VisualStudio.TestTools.TestTypes.Unit.UnitTestAdapter" className="MS.TF.Server.WebAccess.Agile.L0.Tests.ProductBacklogReorderHelperTests" name="ReorderWithNextIdNotFound" />
    </UnitTest>
    <UnitTest name="ReorderWithPreviousGreaterThanNext" storage="d:\v2.0\a1\_work\dbded102\bin\release.anycpu\tfs.service\ms.tf.server.webaccess.agile.l0.tests\ms.tf.server.webaccess.agile.l0.tests.dll" id="4707998e-8f15-7dae-a19f-3f255d22c34c">
      <Execution id="e9f1364f-3e16-4ce2-ade9-6041d9155dad" />
      <TestMethod codeBase="D:\v2.0\A1\_work\dbded102\bin\Release.AnyCPU\Tfs.Service\MS.TF.Server.WebAccess.Agile.L0.Tests\MS.TF.Server.WebAccess.Agile.L0.Tests.dll" adapterTypeName="Microsoft.VisualStudio.TestTools.TestTypes.Unit.UnitTestAdapter" className="MS.TF.Server.WebAccess.Agile.L0.Tests.ProductBacklogReorderHelperTests" name="ReorderWithPreviousGreaterThanNext" />
    </UnitTest>
    <UnitTest name="ReorderMultipleWithPreviousGreaterThanNext" storage="d:\v2.0\a1\_work\dbded102\bin\release.anycpu\tfs.service\ms.tf.server.webaccess.agile.l0.tests\ms.tf.server.webaccess.agile.l0.tests.dll" id="efec8cf8-6e97-1f8b-f89b-5743e3195935">
      <Execution id="d2ccfcd6-f9ff-42bd-821c-2b323137b677" />
      <TestMethod codeBase="D:\v2.0\A1\_work\dbded102\bin\Release.AnyCPU\Tfs.Service\MS.TF.Server.WebAccess.Agile.L0.Tests\MS.TF.Server.WebAccess.Agile.L0.Tests.dll" adapterTypeName="Microsoft.VisualStudio.TestTools.TestTypes.Unit.UnitTestAdapter" className="MS.TF.Server.WebAccess.Agile.L0.Tests.ProductBacklogReorderHelperTests" name="ReorderMultipleWithPreviousGreaterThanNext" />
    </UnitTest>
    <UnitTest name="ReorderWithPreviousWrongTypeAndNextUnspecified" storage="d:\v2.0\a1\_work\dbded102\bin\release.anycpu\tfs.service\ms.tf.server.webaccess.agile.l0.tests\ms.tf.server.webaccess.agile.l0.tests.dll" id="c406a2b3-55f9-3878-18db-3f949a78e63f">
      <Execution id="6a10361d-d7be-489a-a32e-8c606a6e269b" />
      <TestMethod codeBase="D:\v2.0\A1\_work\dbded102\bin\Release.AnyCPU\Tfs.Service\MS.TF.Server.WebAccess.Agile.L0.Tests\MS.TF.Server.WebAccess.Agile.L0.Tests.dll" adapterTypeName="Microsoft.VisualStudio.TestTools.TestTypes.Unit.UnitTestAdapter" className="MS.TF.Server.WebAccess.Agile.L0.Tests.ProductBacklogReorderHelperTests" name="ReorderWithPreviousWrongTypeAndNextUnspecified" />
    </UnitTest>
    <UnitTest name="ReorderWithNextWrongTypeAndPreviousUnspecified" storage="d:\v2.0\a1\_work\dbded102\bin\release.anycpu\tfs.service\ms.tf.server.webaccess.agile.l0.tests\ms.tf.server.webaccess.agile.l0.tests.dll" id="84b9d669-dd1f-74ba-b573-0d4df63e72eb">
      <Execution id="a3fe31b9-0a2d-4fc6-adfd-ed4c143cf1b2" />
      <TestMethod codeBase="D:\v2.0\A1\_work\dbded102\bin\Release.AnyCPU\Tfs.Service\MS.TF.Server.WebAccess.Agile.L0.Tests\MS.TF.Server.WebAccess.Agile.L0.Tests.dll" adapterTypeName="Microsoft.VisualStudio.TestTools.TestTypes.Unit.UnitTestAdapter" className="MS.TF.Server.WebAccess.Agile.L0.Tests.ProductBacklogReorderHelperTests" name="ReorderWithNextWrongTypeAndPreviousUnspecified" />
    </UnitTest>
    <UnitTest name="ReorderWithPreviousAndNextWrongType" storage="d:\v2.0\a1\_work\dbded102\bin\release.anycpu\tfs.service\ms.tf.server.webaccess.agile.l0.tests\ms.tf.server.webaccess.agile.l0.tests.dll" id="7a560219-cefa-b5f5-0d62-322bdfdbd616">
      <Execution id="d9dca60c-5170-4707-a5c8-8154d5eff49e" />
      <TestMethod codeBase="D:\v2.0\A1\_work\dbded102\bin\Release.AnyCPU\Tfs.Service\MS.TF.Server.WebAccess.Agile.L0.Tests\MS.TF.Server.WebAccess.Agile.L0.Tests.dll" adapterTypeName="Microsoft.VisualStudio.TestTools.TestTypes.Unit.UnitTestAdapter" className="MS.TF.Server.WebAccess.Agile.L0.Tests.ProductBacklogReorderHelperTests" name="ReorderWithPreviousAndNextWrongType" />
    </UnitTest>
    <UnitTest name="ReorderWithSelectionContainingMultipleTypes" storage="d:\v2.0\a1\_work\dbded102\bin\release.anycpu\tfs.service\ms.tf.server.webaccess.agile.l0.tests\ms.tf.server.webaccess.agile.l0.tests.dll" id="4bfd8e3a-0baa-6e06-08af-35b9b3c29ff6">
      <Execution id="f9b4b9d5-ddbc-4787-bccb-f24b92505132" />
      <TestMethod codeBase="D:\v2.0\A1\_work\dbded102\bin\Release.AnyCPU\Tfs.Service\MS.TF.Server.WebAccess.Agile.L0.Tests\MS.TF.Server.WebAccess.Agile.L0.Tests.dll" adapterTypeName="Microsoft.VisualStudio.TestTools.TestTypes.Unit.UnitTestAdapter" className="MS.TF.Server.WebAccess.Agile.L0.Tests.ProductBacklogReorderHelperTests" name="ReorderWithSelectionContainingMultipleTypes" />
    </UnitTest>
    <UnitTest name="ReorderFeatureOnIterationBacklog" storage="d:\v2.0\a1\_work\dbded102\bin\release.anycpu\tfs.service\ms.tf.server.webaccess.agile.l0.tests\ms.tf.server.webaccess.agile.l0.tests.dll" id="269c652e-00ca-6266-d356-a541f2ad11bd">
      <Execution id="e8cff1f9-0139-4e9f-9635-af3806b9fcc7" />
      <TestMethod codeBase="D:\v2.0\A1\_work\dbded102\bin\Release.AnyCPU\Tfs.Service\MS.TF.Server.WebAccess.Agile.L0.Tests\MS.TF.Server.WebAccess.Agile.L0.Tests.dll" adapterTypeName="Microsoft.VisualStudio.TestTools.TestTypes.Unit.UnitTestAdapter" className="MS.TF.Server.WebAccess.Agile.L0.Tests.ProductBacklogReorderHelperTests" name="ReorderFeatureOnIterationBacklog" />
    </UnitTest>
    <UnitTest name="ReorderWithSparsification" storage="d:\v2.0\a1\_work\dbded102\bin\release.anycpu\tfs.service\ms.tf.server.webaccess.agile.l0.tests\ms.tf.server.webaccess.agile.l0.tests.dll" id="41b01034-0dee-549f-b359-32c7b0ba1119">
      <Execution id="f87bb039-baf0-44eb-bce9-acd1aade7cc7" />
      <TestMethod codeBase="D:\v2.0\A1\_work\dbded102\bin\Release.AnyCPU\Tfs.Service\MS.TF.Server.WebAccess.Agile.L0.Tests\MS.TF.Server.WebAccess.Agile.L0.Tests.dll" adapterTypeName="Microsoft.VisualStudio.TestTools.TestTypes.Unit.UnitTestAdapter" className="MS.TF.Server.WebAccess.Agile.L0.Tests.ProductBacklogReorderHelperTests" name="ReorderWithSparsification" />
    </UnitTest>
    <UnitTest name="ReorderMultipleWithSparsification" storage="d:\v2.0\a1\_work\dbded102\bin\release.anycpu\tfs.service\ms.tf.server.webaccess.agile.l0.tests\ms.tf.server.webaccess.agile.l0.tests.dll" id="14c5a609-4ab9-fc5f-5d03-6b38356799cb">
      <Execution id="d531871a-c825-4d8e-aadb-8c40884c0af2" />
      <TestMethod codeBase="D:\v2.0\A1\_work\dbded102\bin\Release.AnyCPU\Tfs.Service\MS.TF.Server.WebAccess.Agile.L0.Tests\MS.TF.Server.WebAccess.Agile.L0.Tests.dll" adapterTypeName="Microsoft.VisualStudio.TestTools.TestTypes.Unit.UnitTestAdapter" className="MS.TF.Server.WebAccess.Agile.L0.Tests.ProductBacklogReorderHelperTests" name="ReorderMultipleWithSparsification" />
    </UnitTest>
    <UnitTest name="ReorderWithSparsificationSameStackRank" storage="d:\v2.0\a1\_work\dbded102\bin\release.anycpu\tfs.service\ms.tf.server.webaccess.agile.l0.tests\ms.tf.server.webaccess.agile.l0.tests.dll" id="b5b7a845-ae56-0be7-a960-748b85812f19">
      <Execution id="f2beb24e-03b6-49a9-a848-42e443182ece" />
      <TestMethod codeBase="D:\v2.0\A1\_work\dbded102\bin\Release.AnyCPU\Tfs.Service\MS.TF.Server.WebAccess.Agile.L0.Tests\MS.TF.Server.WebAccess.Agile.L0.Tests.dll" adapterTypeName="Microsoft.VisualStudio.TestTools.TestTypes.Unit.UnitTestAdapter" className="MS.TF.Server.WebAccess.Agile.L0.Tests.ProductBacklogReorderHelperTests" name="ReorderWithSparsificationSameStackRank" />
    </UnitTest>
    <UnitTest name="ReorderMultipleWithSparsificationSameStackRank" storage="d:\v2.0\a1\_work\dbded102\bin\release.anycpu\tfs.service\ms.tf.server.webaccess.agile.l0.tests\ms.tf.server.webaccess.agile.l0.tests.dll" id="504b21c1-e862-dd7f-ec2f-9aff3807b824">
      <Execution id="e399928c-6823-49d7-ad4b-009fffd72f36" />
      <TestMethod codeBase="D:\v2.0\A1\_work\dbded102\bin\Release.AnyCPU\Tfs.Service\MS.TF.Server.WebAccess.Agile.L0.Tests\MS.TF.Server.WebAccess.Agile.L0.Tests.dll" adapterTypeName="Microsoft.VisualStudio.TestTools.TestTypes.Unit.UnitTestAdapter" className="MS.TF.Server.WebAccess.Agile.L0.Tests.ProductBacklogReorderHelperTests" name="ReorderMultipleWithSparsificationSameStackRank" />
    </UnitTest>
    <UnitTest name="ReorderWithSparsificationAndPreviousIsMaxStackRank" storage="d:\v2.0\a1\_work\dbded102\bin\release.anycpu\tfs.service\ms.tf.server.webaccess.agile.l0.tests\ms.tf.server.webaccess.agile.l0.tests.dll" id="13cf6d80-697e-3868-8bb0-3573be28281b">
      <Execution id="6d6ae6a7-2f9d-429f-a656-562e1016e6b9" />
      <TestMethod codeBase="D:\v2.0\A1\_work\dbded102\bin\Release.AnyCPU\Tfs.Service\MS.TF.Server.WebAccess.Agile.L0.Tests\MS.TF.Server.WebAccess.Agile.L0.Tests.dll" adapterTypeName="Microsoft.VisualStudio.TestTools.TestTypes.Unit.UnitTestAdapter" className="MS.TF.Server.WebAccess.Agile.L0.Tests.ProductBacklogReorderHelperTests" name="ReorderWithSparsificationAndPreviousIsMaxStackRank" />
    </UnitTest>
    <UnitTest name="ReorderMultipleWithSparsificationAndPreviousIsMaxStackRank" storage="d:\v2.0\a1\_work\dbded102\bin\release.anycpu\tfs.service\ms.tf.server.webaccess.agile.l0.tests\ms.tf.server.webaccess.agile.l0.tests.dll" id="4ba94f02-ac08-7bbd-429e-518e42178a93">
      <Execution id="12efda65-4dd0-4754-8aee-83b7b9c1921c" />
      <TestMethod codeBase="D:\v2.0\A1\_work\dbded102\bin\Release.AnyCPU\Tfs.Service\MS.TF.Server.WebAccess.Agile.L0.Tests\MS.TF.Server.WebAccess.Agile.L0.Tests.dll" adapterTypeName="Microsoft.VisualStudio.TestTools.TestTypes.Unit.UnitTestAdapter" className="MS.TF.Server.WebAccess.Agile.L0.Tests.ProductBacklogReorderHelperTests" name="ReorderMultipleWithSparsificationAndPreviousIsMaxStackRank" />
    </UnitTest>
    <UnitTest name="ReorderWithSparsificationAndPreviousIsGreaterThanMaxStackRank" storage="d:\v2.0\a1\_work\dbded102\bin\release.anycpu\tfs.service\ms.tf.server.webaccess.agile.l0.tests\ms.tf.server.webaccess.agile.l0.tests.dll" id="5dd7a611-dc47-ceb8-2f8f-33611360c522">
      <Execution id="88552bbf-9c4b-4d63-8dc3-eadabbe6fde1" />
      <TestMethod codeBase="D:\v2.0\A1\_work\dbded102\bin\Release.AnyCPU\Tfs.Service\MS.TF.Server.WebAccess.Agile.L0.Tests\MS.TF.Server.WebAccess.Agile.L0.Tests.dll" adapterTypeName="Microsoft.VisualStudio.TestTools.TestTypes.Unit.UnitTestAdapter" className="MS.TF.Server.WebAccess.Agile.L0.Tests.ProductBacklogReorderHelperTests" name="ReorderWithSparsificationAndPreviousIsGreaterThanMaxStackRank" />
    </UnitTest>
    <UnitTest name="ReorderMultipleWithSparsificationAndPreviousIsGreaterThanMaxStackRank" storage="d:\v2.0\a1\_work\dbded102\bin\release.anycpu\tfs.service\ms.tf.server.webaccess.agile.l0.tests\ms.tf.server.webaccess.agile.l0.tests.dll" id="511e8609-6c70-5dc2-54cf-31df68aeb3e6">
      <Execution id="84a0cdbc-0839-475c-93e6-90141b7e458b" />
      <TestMethod codeBase="D:\v2.0\A1\_work\dbded102\bin\Release.AnyCPU\Tfs.Service\MS.TF.Server.WebAccess.Agile.L0.Tests\MS.TF.Server.WebAccess.Agile.L0.Tests.dll" adapterTypeName="Microsoft.VisualStudio.TestTools.TestTypes.Unit.UnitTestAdapter" className="MS.TF.Server.WebAccess.Agile.L0.Tests.ProductBacklogReorderHelperTests" name="ReorderMultipleWithSparsificationAndPreviousIsGreaterThanMaxStackRank" />
    </UnitTest>
    <UnitTest name="ReorderWithSparsificationAndPreviousIsMaxIntStackRank" storage="d:\v2.0\a1\_work\dbded102\bin\release.anycpu\tfs.service\ms.tf.server.webaccess.agile.l0.tests\ms.tf.server.webaccess.agile.l0.tests.dll" id="52c46803-a0f6-25a4-4249-282b36a5a0ab">
      <Execution id="30ac139d-e908-48c5-8597-fa84b0aeab15" />
      <TestMethod codeBase="D:\v2.0\A1\_work\dbded102\bin\Release.AnyCPU\Tfs.Service\MS.TF.Server.WebAccess.Agile.L0.Tests\MS.TF.Server.WebAccess.Agile.L0.Tests.dll" adapterTypeName="Microsoft.VisualStudio.TestTools.TestTypes.Unit.UnitTestAdapter" className="MS.TF.Server.WebAccess.Agile.L0.Tests.ProductBacklogReorderHelperTests" name="ReorderWithSparsificationAndPreviousIsMaxIntStackRank" />
    </UnitTest>
    <UnitTest name="ReorderMultipleWithSparsificationAndPreviousIsMaxIntStackRank" storage="d:\v2.0\a1\_work\dbded102\bin\release.anycpu\tfs.service\ms.tf.server.webaccess.agile.l0.tests\ms.tf.server.webaccess.agile.l0.tests.dll" id="eae8848d-6115-9563-fdcd-e384eeee224e">
      <Execution id="f1bb22f6-ec16-48df-ba43-b5ec6df00b90" />
      <TestMethod codeBase="D:\v2.0\A1\_work\dbded102\bin\Release.AnyCPU\Tfs.Service\MS.TF.Server.WebAccess.Agile.L0.Tests\MS.TF.Server.WebAccess.Agile.L0.Tests.dll" adapterTypeName="Microsoft.VisualStudio.TestTools.TestTypes.Unit.UnitTestAdapter" className="MS.TF.Server.WebAccess.Agile.L0.Tests.ProductBacklogReorderHelperTests" name="ReorderMultipleWithSparsificationAndPreviousIsMaxIntStackRank" />
    </UnitTest>
    <UnitTest name="ReorderWithSparsificationAndNextIsMinStackRank" storage="d:\v2.0\a1\_work\dbded102\bin\release.anycpu\tfs.service\ms.tf.server.webaccess.agile.l0.tests\ms.tf.server.webaccess.agile.l0.tests.dll" id="6d6faa32-3b2a-c1c4-52cc-83bd80e810a8">
      <Execution id="d2b8797a-49b6-4afe-bdba-5a124b68b5f1" />
      <TestMethod codeBase="D:\v2.0\A1\_work\dbded102\bin\Release.AnyCPU\Tfs.Service\MS.TF.Server.WebAccess.Agile.L0.Tests\MS.TF.Server.WebAccess.Agile.L0.Tests.dll" adapterTypeName="Microsoft.VisualStudio.TestTools.TestTypes.Unit.UnitTestAdapter" className="MS.TF.Server.WebAccess.Agile.L0.Tests.ProductBacklogReorderHelperTests" name="ReorderWithSparsificationAndNextIsMinStackRank" />
    </UnitTest>
    <UnitTest name="ReorderMultipleWithSparsificationAndNextIsMinStackRank" storage="d:\v2.0\a1\_work\dbded102\bin\release.anycpu\tfs.service\ms.tf.server.webaccess.agile.l0.tests\ms.tf.server.webaccess.agile.l0.tests.dll" id="bce72aa3-4e17-029c-7c0d-e7a27543dc70">
      <Execution id="2666a250-a722-4f2c-9848-30e7b826a158" />
      <TestMethod codeBase="D:\v2.0\A1\_work\dbded102\bin\Release.AnyCPU\Tfs.Service\MS.TF.Server.WebAccess.Agile.L0.Tests\MS.TF.Server.WebAccess.Agile.L0.Tests.dll" adapterTypeName="Microsoft.VisualStudio.TestTools.TestTypes.Unit.UnitTestAdapter" className="MS.TF.Server.WebAccess.Agile.L0.Tests.ProductBacklogReorderHelperTests" name="ReorderMultipleWithSparsificationAndNextIsMinStackRank" />
    </UnitTest>
    <UnitTest name="ReorderWithSparsificationAndNextIsLessThanMinStackRank" storage="d:\v2.0\a1\_work\dbded102\bin\release.anycpu\tfs.service\ms.tf.server.webaccess.agile.l0.tests\ms.tf.server.webaccess.agile.l0.tests.dll" id="a476e68a-27b4-8e72-ccc2-21b18bd5c818">
      <Execution id="9f1a1332-ddf1-4aef-890c-6df203f7d8a3" />
      <TestMethod codeBase="D:\v2.0\A1\_work\dbded102\bin\Release.AnyCPU\Tfs.Service\MS.TF.Server.WebAccess.Agile.L0.Tests\MS.TF.Server.WebAccess.Agile.L0.Tests.dll" adapterTypeName="Microsoft.VisualStudio.TestTools.TestTypes.Unit.UnitTestAdapter" className="MS.TF.Server.WebAccess.Agile.L0.Tests.ProductBacklogReorderHelperTests" name="ReorderWithSparsificationAndNextIsLessThanMinStackRank" />
    </UnitTest>
    <UnitTest name="ReorderMultipleWithSparsificationAndNextIsLessThanStackRank" storage="d:\v2.0\a1\_work\dbded102\bin\release.anycpu\tfs.service\ms.tf.server.webaccess.agile.l0.tests\ms.tf.server.webaccess.agile.l0.tests.dll" id="6dab23ae-9d94-de14-be6c-c70c1bb6f57b">
      <Execution id="def4b258-36e8-42ac-a056-d10df9e3361f" />
      <TestMethod codeBase="D:\v2.0\A1\_work\dbded102\bin\Release.AnyCPU\Tfs.Service\MS.TF.Server.WebAccess.Agile.L0.Tests\MS.TF.Server.WebAccess.Agile.L0.Tests.dll" adapterTypeName="Microsoft.VisualStudio.TestTools.TestTypes.Unit.UnitTestAdapter" className="MS.TF.Server.WebAccess.Agile.L0.Tests.ProductBacklogReorderHelperTests" name="ReorderMultipleWithSparsificationAndNextIsLessThanStackRank" />
    </UnitTest>
    <UnitTest name="ReorderWithSparsificationDoesntAffectAllItems" storage="d:\v2.0\a1\_work\dbded102\bin\release.anycpu\tfs.service\ms.tf.server.webaccess.agile.l0.tests\ms.tf.server.webaccess.agile.l0.tests.dll" id="1e4f4bb3-9141-c904-7bfd-d4617000c5e5">
      <Execution id="ea04d87d-8599-4b92-bdc4-11b0f6bb9d69" />
      <TestMethod codeBase="D:\v2.0\A1\_work\dbded102\bin\Release.AnyCPU\Tfs.Service\MS.TF.Server.WebAccess.Agile.L0.Tests\MS.TF.Server.WebAccess.Agile.L0.Tests.dll" adapterTypeName="Microsoft.VisualStudio.TestTools.TestTypes.Unit.UnitTestAdapter" className="MS.TF.Server.WebAccess.Agile.L0.Tests.ProductBacklogReorderHelperTests" name="ReorderWithSparsificationDoesntAffectAllItems" />
    </UnitTest>
    <UnitTest name="ReorderMultipleWithSparsificationDoesntAffectAllItems" storage="d:\v2.0\a1\_work\dbded102\bin\release.anycpu\tfs.service\ms.tf.server.webaccess.agile.l0.tests\ms.tf.server.webaccess.agile.l0.tests.dll" id="b1f40a5e-a45f-e24c-a7d7-6eae6ee7b991">
      <Execution id="b4c134b1-8af9-46c2-94e1-2f6f31185e28" />
      <TestMethod codeBase="D:\v2.0\A1\_work\dbded102\bin\Release.AnyCPU\Tfs.Service\MS.TF.Server.WebAccess.Agile.L0.Tests\MS.TF.Server.WebAccess.Agile.L0.Tests.dll" adapterTypeName="Microsoft.VisualStudio.TestTools.TestTypes.Unit.UnitTestAdapter" className="MS.TF.Server.WebAccess.Agile.L0.Tests.ProductBacklogReorderHelperTests" name="ReorderMultipleWithSparsificationDoesntAffectAllItems" />
    </UnitTest>
    <UnitTest name="ReorderWithSparsificationDistributesItemsWell" storage="d:\v2.0\a1\_work\dbded102\bin\release.anycpu\tfs.service\ms.tf.server.webaccess.agile.l0.tests\ms.tf.server.webaccess.agile.l0.tests.dll" id="657de772-3fcd-3b65-2053-3ead5425e7c6">
      <Execution id="65efa03a-9f77-4185-aff9-6ce200cb995b" />
      <TestMethod codeBase="D:\v2.0\A1\_work\dbded102\bin\Release.AnyCPU\Tfs.Service\MS.TF.Server.WebAccess.Agile.L0.Tests\MS.TF.Server.WebAccess.Agile.L0.Tests.dll" adapterTypeName="Microsoft.VisualStudio.TestTools.TestTypes.Unit.UnitTestAdapter" className="MS.TF.Server.WebAccess.Agile.L0.Tests.ProductBacklogReorderHelperTests" name="ReorderWithSparsificationDistributesItemsWell" />
    </UnitTest>
    <UnitTest name="ReorderOnlyUpdatesStackRank" storage="d:\v2.0\a1\_work\dbded102\bin\release.anycpu\tfs.service\ms.tf.server.webaccess.agile.l0.tests\ms.tf.server.webaccess.agile.l0.tests.dll" id="1abfd55f-9126-41b5-91ec-3fdd6a48fe08">
      <Execution id="1ea78d22-5ce5-4ea1-a519-b5ec9d328826" />
      <TestMethod codeBase="D:\v2.0\A1\_work\dbded102\bin\Release.AnyCPU\Tfs.Service\MS.TF.Server.WebAccess.Agile.L0.Tests\MS.TF.Server.WebAccess.Agile.L0.Tests.dll" adapterTypeName="Microsoft.VisualStudio.TestTools.TestTypes.Unit.UnitTestAdapter" className="MS.TF.Server.WebAccess.Agile.L0.Tests.ProductBacklogReorderHelperTests" name="ReorderOnlyUpdatesStackRank" />
    </UnitTest>
    <UnitTest name="ReorderToTop" storage="d:\v2.0\a1\_work\dbded102\bin\release.anycpu\tfs.service\ms.tf.server.webaccess.agile.l0.tests\ms.tf.server.webaccess.agile.l0.tests.dll" id="135bd3cc-a3d0-0e8e-c7dd-c01838450987">
      <Execution id="4ae0534b-827b-48d5-9495-1b7c61c2e8f4" />
      <TestMethod codeBase="D:\v2.0\A1\_work\dbded102\bin\Release.AnyCPU\Tfs.Service\MS.TF.Server.WebAccess.Agile.L0.Tests\MS.TF.Server.WebAccess.Agile.L0.Tests.dll" adapterTypeName="Microsoft.VisualStudio.TestTools.TestTypes.Unit.UnitTestAdapter" className="MS.TF.Server.WebAccess.Agile.L0.Tests.ProductBacklogReorderHelperTests" name="ReorderToTop" />
    </UnitTest>
    <UnitTest name="ReorderMultipleToTop" storage="d:\v2.0\a1\_work\dbded102\bin\release.anycpu\tfs.service\ms.tf.server.webaccess.agile.l0.tests\ms.tf.server.webaccess.agile.l0.tests.dll" id="f2579132-020f-93dc-a778-85a7430ebe6f">
      <Execution id="ba327c32-cb78-4802-a1a8-e6535751065e" />
      <TestMethod codeBase="D:\v2.0\A1\_work\dbded102\bin\Release.AnyCPU\Tfs.Service\MS.TF.Server.WebAccess.Agile.L0.Tests\MS.TF.Server.WebAccess.Agile.L0.Tests.dll" adapterTypeName="Microsoft.VisualStudio.TestTools.TestTypes.Unit.UnitTestAdapter" className="MS.TF.Server.WebAccess.Agile.L0.Tests.ProductBacklogReorderHelperTests" name="ReorderMultipleToTop" />
    </UnitTest>
    <UnitTest name="ReorderToTopWithParentId" storage="d:\v2.0\a1\_work\dbded102\bin\release.anycpu\tfs.service\ms.tf.server.webaccess.agile.l0.tests\ms.tf.server.webaccess.agile.l0.tests.dll" id="35d75ff1-11a3-3c59-787e-2fa096d900e7">
      <Execution id="fdd0d4e6-ffa8-4815-b730-711230d90b7f" />
      <TestMethod codeBase="D:\v2.0\A1\_work\dbded102\bin\Release.AnyCPU\Tfs.Service\MS.TF.Server.WebAccess.Agile.L0.Tests\MS.TF.Server.WebAccess.Agile.L0.Tests.dll" adapterTypeName="Microsoft.VisualStudio.TestTools.TestTypes.Unit.UnitTestAdapter" className="MS.TF.Server.WebAccess.Agile.L0.Tests.ProductBacklogReorderHelperTests" name="ReorderToTopWithParentId" />
    </UnitTest>
    <UnitTest name="ReorderMultipleToTopWithParentId" storage="d:\v2.0\a1\_work\dbded102\bin\release.anycpu\tfs.service\ms.tf.server.webaccess.agile.l0.tests\ms.tf.server.webaccess.agile.l0.tests.dll" id="b46e27ab-270a-f0f7-02a8-79386af6870f">
      <Execution id="273515f1-dd2d-48b9-b938-d000b4b04c3d" />
      <TestMethod codeBase="D:\v2.0\A1\_work\dbded102\bin\Release.AnyCPU\Tfs.Service\MS.TF.Server.WebAccess.Agile.L0.Tests\MS.TF.Server.WebAccess.Agile.L0.Tests.dll" adapterTypeName="Microsoft.VisualStudio.TestTools.TestTypes.Unit.UnitTestAdapter" className="MS.TF.Server.WebAccess.Agile.L0.Tests.ProductBacklogReorderHelperTests" name="ReorderMultipleToTopWithParentId" />
    </UnitTest>
    <UnitTest name="ReorderToTopNestedWithParentId" storage="d:\v2.0\a1\_work\dbded102\bin\release.anycpu\tfs.service\ms.tf.server.webaccess.agile.l0.tests\ms.tf.server.webaccess.agile.l0.tests.dll" id="265242c8-b157-f416-7c62-cdbebd4a8b88">
      <Execution id="fb5763bb-0a37-4a8b-a48a-021fddd3501e" />
      <TestMethod codeBase="D:\v2.0\A1\_work\dbded102\bin\Release.AnyCPU\Tfs.Service\MS.TF.Server.WebAccess.Agile.L0.Tests\MS.TF.Server.WebAccess.Agile.L0.Tests.dll" adapterTypeName="Microsoft.VisualStudio.TestTools.TestTypes.Unit.UnitTestAdapter" className="MS.TF.Server.WebAccess.Agile.L0.Tests.ProductBacklogReorderHelperTests" name="ReorderToTopNestedWithParentId" />
    </UnitTest>
    <UnitTest name="ReorderMultipleToTopNestedWithParentId" storage="d:\v2.0\a1\_work\dbded102\bin\release.anycpu\tfs.service\ms.tf.server.webaccess.agile.l0.tests\ms.tf.server.webaccess.agile.l0.tests.dll" id="4b6a149a-2eb7-aa88-1209-75a9d58e66a9">
      <Execution id="b2b36620-7272-4576-8e9d-891c9e037e61" />
      <TestMethod codeBase="D:\v2.0\A1\_work\dbded102\bin\Release.AnyCPU\Tfs.Service\MS.TF.Server.WebAccess.Agile.L0.Tests\MS.TF.Server.WebAccess.Agile.L0.Tests.dll" adapterTypeName="Microsoft.VisualStudio.TestTools.TestTypes.Unit.UnitTestAdapter" className="MS.TF.Server.WebAccess.Agile.L0.Tests.ProductBacklogReorderHelperTests" name="ReorderMultipleToTopNestedWithParentId" />
    </UnitTest>
    <UnitTest name="ReorderToTopWithMoreItems" storage="d:\v2.0\a1\_work\dbded102\bin\release.anycpu\tfs.service\ms.tf.server.webaccess.agile.l0.tests\ms.tf.server.webaccess.agile.l0.tests.dll" id="22e2833f-808c-e61e-3576-48b515d8f59c">
      <Execution id="aed09643-d8dc-4b07-802f-5e515272329b" />
      <TestMethod codeBase="D:\v2.0\A1\_work\dbded102\bin\Release.AnyCPU\Tfs.Service\MS.TF.Server.WebAccess.Agile.L0.Tests\MS.TF.Server.WebAccess.Agile.L0.Tests.dll" adapterTypeName="Microsoft.VisualStudio.TestTools.TestTypes.Unit.UnitTestAdapter" className="MS.TF.Server.WebAccess.Agile.L0.Tests.ProductBacklogReorderHelperTests" name="ReorderToTopWithMoreItems" />
    </UnitTest>
    <UnitTest name="ReorderMultipleToTopWithMoreItems" storage="d:\v2.0\a1\_work\dbded102\bin\release.anycpu\tfs.service\ms.tf.server.webaccess.agile.l0.tests\ms.tf.server.webaccess.agile.l0.tests.dll" id="5c3af8b6-71d6-5354-c644-52fd6dc78720">
      <Execution id="4e11e239-a486-4a4d-ae2c-cbdd601f171e" />
      <TestMethod codeBase="D:\v2.0\A1\_work\dbded102\bin\Release.AnyCPU\Tfs.Service\MS.TF.Server.WebAccess.Agile.L0.Tests\MS.TF.Server.WebAccess.Agile.L0.Tests.dll" adapterTypeName="Microsoft.VisualStudio.TestTools.TestTypes.Unit.UnitTestAdapter" className="MS.TF.Server.WebAccess.Agile.L0.Tests.ProductBacklogReorderHelperTests" name="ReorderMultipleToTopWithMoreItems" />
    </UnitTest>
    <UnitTest name="ReorderToTopWithMoreItemsWithParentId" storage="d:\v2.0\a1\_work\dbded102\bin\release.anycpu\tfs.service\ms.tf.server.webaccess.agile.l0.tests\ms.tf.server.webaccess.agile.l0.tests.dll" id="68e33a3b-cfe1-d94a-785f-61739f4f6495">
      <Execution id="b21936bf-54a0-4748-9e7b-f91295de9412" />
      <TestMethod codeBase="D:\v2.0\A1\_work\dbded102\bin\Release.AnyCPU\Tfs.Service\MS.TF.Server.WebAccess.Agile.L0.Tests\MS.TF.Server.WebAccess.Agile.L0.Tests.dll" adapterTypeName="Microsoft.VisualStudio.TestTools.TestTypes.Unit.UnitTestAdapter" className="MS.TF.Server.WebAccess.Agile.L0.Tests.ProductBacklogReorderHelperTests" name="ReorderToTopWithMoreItemsWithParentId" />
    </UnitTest>
    <UnitTest name="ReorderMultipleToTopWithMoreItemsWithParentId" storage="d:\v2.0\a1\_work\dbded102\bin\release.anycpu\tfs.service\ms.tf.server.webaccess.agile.l0.tests\ms.tf.server.webaccess.agile.l0.tests.dll" id="c74f49ce-d838-9ba4-2135-13f6bb41ded0">
      <Execution id="df25cfcf-acd5-452a-a0c8-c4fce4ba3d2f" />
      <TestMethod codeBase="D:\v2.0\A1\_work\dbded102\bin\Release.AnyCPU\Tfs.Service\MS.TF.Server.WebAccess.Agile.L0.Tests\MS.TF.Server.WebAccess.Agile.L0.Tests.dll" adapterTypeName="Microsoft.VisualStudio.TestTools.TestTypes.Unit.UnitTestAdapter" className="MS.TF.Server.WebAccess.Agile.L0.Tests.ProductBacklogReorderHelperTests" name="ReorderMultipleToTopWithMoreItemsWithParentId" />
    </UnitTest>
    <UnitTest name="ReorderToTopWithMoreItemsNestedWithParentId" storage="d:\v2.0\a1\_work\dbded102\bin\release.anycpu\tfs.service\ms.tf.server.webaccess.agile.l0.tests\ms.tf.server.webaccess.agile.l0.tests.dll" id="c01618f1-cc6f-f568-3459-96d85315f436">
      <Execution id="8f4407a9-0dd3-4b17-922e-bab6b001d70a" />
      <TestMethod codeBase="D:\v2.0\A1\_work\dbded102\bin\Release.AnyCPU\Tfs.Service\MS.TF.Server.WebAccess.Agile.L0.Tests\MS.TF.Server.WebAccess.Agile.L0.Tests.dll" adapterTypeName="Microsoft.VisualStudio.TestTools.TestTypes.Unit.UnitTestAdapter" className="MS.TF.Server.WebAccess.Agile.L0.Tests.ProductBacklogReorderHelperTests" name="ReorderToTopWithMoreItemsNestedWithParentId" />
    </UnitTest>
    <UnitTest name="ReorderMultipleToTopWithMoreItemsNestedWithParentId" storage="d:\v2.0\a1\_work\dbded102\bin\release.anycpu\tfs.service\ms.tf.server.webaccess.agile.l0.tests\ms.tf.server.webaccess.agile.l0.tests.dll" id="83018a7d-8130-510d-3723-52566d088446">
      <Execution id="cd81fdce-92d7-4a5a-bf7b-46c58755d935" />
      <TestMethod codeBase="D:\v2.0\A1\_work\dbded102\bin\Release.AnyCPU\Tfs.Service\MS.TF.Server.WebAccess.Agile.L0.Tests\MS.TF.Server.WebAccess.Agile.L0.Tests.dll" adapterTypeName="Microsoft.VisualStudio.TestTools.TestTypes.Unit.UnitTestAdapter" className="MS.TF.Server.WebAccess.Agile.L0.Tests.ProductBacklogReorderHelperTests" name="ReorderMultipleToTopWithMoreItemsNestedWithParentId" />
    </UnitTest>
    <UnitTest name="ReorderToEmptyList" storage="d:\v2.0\a1\_work\dbded102\bin\release.anycpu\tfs.service\ms.tf.server.webaccess.agile.l0.tests\ms.tf.server.webaccess.agile.l0.tests.dll" id="55fe48e7-b415-a5bf-0a32-2436b293d85b">
      <Execution id="694306c7-068c-444f-be9f-41eac4649218" />
      <TestMethod codeBase="D:\v2.0\A1\_work\dbded102\bin\Release.AnyCPU\Tfs.Service\MS.TF.Server.WebAccess.Agile.L0.Tests\MS.TF.Server.WebAccess.Agile.L0.Tests.dll" adapterTypeName="Microsoft.VisualStudio.TestTools.TestTypes.Unit.UnitTestAdapter" className="MS.TF.Server.WebAccess.Agile.L0.Tests.ProductBacklogReorderHelperTests" name="ReorderToEmptyList" />
    </UnitTest>
    <UnitTest name="ReorderMultipleToEmptyList" storage="d:\v2.0\a1\_work\dbded102\bin\release.anycpu\tfs.service\ms.tf.server.webaccess.agile.l0.tests\ms.tf.server.webaccess.agile.l0.tests.dll" id="21624ac4-c6d2-2884-8b3d-6c13233cbb15">
      <Execution id="18b66f11-1d84-4711-9683-464f3ba38323" />
      <TestMethod codeBase="D:\v2.0\A1\_work\dbded102\bin\Release.AnyCPU\Tfs.Service\MS.TF.Server.WebAccess.Agile.L0.Tests\MS.TF.Server.WebAccess.Agile.L0.Tests.dll" adapterTypeName="Microsoft.VisualStudio.TestTools.TestTypes.Unit.UnitTestAdapter" className="MS.TF.Server.WebAccess.Agile.L0.Tests.ProductBacklogReorderHelperTests" name="ReorderMultipleToEmptyList" />
    </UnitTest>
    <UnitTest name="ReorderBetweenTwoWorkItems" storage="d:\v2.0\a1\_work\dbded102\bin\release.anycpu\tfs.service\ms.tf.server.webaccess.agile.l0.tests\ms.tf.server.webaccess.agile.l0.tests.dll" id="cfcbbdfc-348d-84eb-ed5f-f245f9fd3804">
      <Execution id="7179e82b-f226-4815-8180-719935011d06" />
      <TestMethod codeBase="D:\v2.0\A1\_work\dbded102\bin\Release.AnyCPU\Tfs.Service\MS.TF.Server.WebAccess.Agile.L0.Tests\MS.TF.Server.WebAccess.Agile.L0.Tests.dll" adapterTypeName="Microsoft.VisualStudio.TestTools.TestTypes.Unit.UnitTestAdapter" className="MS.TF.Server.WebAccess.Agile.L0.Tests.ProductBacklogReorderHelperTests" name="ReorderBetweenTwoWorkItems" />
    </UnitTest>
    <UnitTest name="ReorderMultipleBetweenTwoWorkItems" storage="d:\v2.0\a1\_work\dbded102\bin\release.anycpu\tfs.service\ms.tf.server.webaccess.agile.l0.tests\ms.tf.server.webaccess.agile.l0.tests.dll" id="0f2d53d3-0a15-4290-69d3-80dd903dd8fd">
      <Execution id="7b514762-3dcf-4530-a357-b24cb15389c7" />
      <TestMethod codeBase="D:\v2.0\A1\_work\dbded102\bin\Release.AnyCPU\Tfs.Service\MS.TF.Server.WebAccess.Agile.L0.Tests\MS.TF.Server.WebAccess.Agile.L0.Tests.dll" adapterTypeName="Microsoft.VisualStudio.TestTools.TestTypes.Unit.UnitTestAdapter" className="MS.TF.Server.WebAccess.Agile.L0.Tests.ProductBacklogReorderHelperTests" name="ReorderMultipleBetweenTwoWorkItems" />
    </UnitTest>
    <UnitTest name="ReorderMultipleNonContinuousBetweenTwoWorkItems" storage="d:\v2.0\a1\_work\dbded102\bin\release.anycpu\tfs.service\ms.tf.server.webaccess.agile.l0.tests\ms.tf.server.webaccess.agile.l0.tests.dll" id="5704764a-4a06-4236-d6df-ed83774996e0">
      <Execution id="f8b69628-656c-47a2-866a-644a3db71fe1" />
      <TestMethod codeBase="D:\v2.0\A1\_work\dbded102\bin\Release.AnyCPU\Tfs.Service\MS.TF.Server.WebAccess.Agile.L0.Tests\MS.TF.Server.WebAccess.Agile.L0.Tests.dll" adapterTypeName="Microsoft.VisualStudio.TestTools.TestTypes.Unit.UnitTestAdapter" className="MS.TF.Server.WebAccess.Agile.L0.Tests.ProductBacklogReorderHelperTests" name="ReorderMultipleNonContinuousBetweenTwoWorkItems" />
    </UnitTest>
    <UnitTest name="ReorderBetweenTwoWorkItemsWithPreviousAndNextSpecified" storage="d:\v2.0\a1\_work\dbded102\bin\release.anycpu\tfs.service\ms.tf.server.webaccess.agile.l0.tests\ms.tf.server.webaccess.agile.l0.tests.dll" id="bab88824-84a4-3a20-0f35-3fe76b4e0936">
      <Execution id="770a6c9a-44ef-4d6a-9290-b94f3e12184f" />
      <TestMethod codeBase="D:\v2.0\A1\_work\dbded102\bin\Release.AnyCPU\Tfs.Service\MS.TF.Server.WebAccess.Agile.L0.Tests\MS.TF.Server.WebAccess.Agile.L0.Tests.dll" adapterTypeName="Microsoft.VisualStudio.TestTools.TestTypes.Unit.UnitTestAdapter" className="MS.TF.Server.WebAccess.Agile.L0.Tests.ProductBacklogReorderHelperTests" name="ReorderBetweenTwoWorkItemsWithPreviousAndNextSpecified" />
    </UnitTest>
    <UnitTest name="ReorderMultipleBetweenTwoWorkItemsWithPreviousAndNextSpecified" storage="d:\v2.0\a1\_work\dbded102\bin\release.anycpu\tfs.service\ms.tf.server.webaccess.agile.l0.tests\ms.tf.server.webaccess.agile.l0.tests.dll" id="4801259c-42cf-9d6c-e3bb-8fb8ea5e2c7d">
      <Execution id="9e8afe5c-2928-4db5-af49-0922742ef5b6" />
      <TestMethod codeBase="D:\v2.0\A1\_work\dbded102\bin\Release.AnyCPU\Tfs.Service\MS.TF.Server.WebAccess.Agile.L0.Tests\MS.TF.Server.WebAccess.Agile.L0.Tests.dll" adapterTypeName="Microsoft.VisualStudio.TestTools.TestTypes.Unit.UnitTestAdapter" className="MS.TF.Server.WebAccess.Agile.L0.Tests.ProductBacklogReorderHelperTests" name="ReorderMultipleBetweenTwoWorkItemsWithPreviousAndNextSpecified" />
    </UnitTest>
    <UnitTest name="ReorderMultipleNonContinuousBetweenTwoWorkItemsWithPreviousAndNextSpecified" storage="d:\v2.0\a1\_work\dbded102\bin\release.anycpu\tfs.service\ms.tf.server.webaccess.agile.l0.tests\ms.tf.server.webaccess.agile.l0.tests.dll" id="afa0d6fb-97ac-922f-8d53-aa8949641e8f">
      <Execution id="4d25aeca-4388-4662-abc8-f3be11538d12" />
      <TestMethod codeBase="D:\v2.0\A1\_work\dbded102\bin\Release.AnyCPU\Tfs.Service\MS.TF.Server.WebAccess.Agile.L0.Tests\MS.TF.Server.WebAccess.Agile.L0.Tests.dll" adapterTypeName="Microsoft.VisualStudio.TestTools.TestTypes.Unit.UnitTestAdapter" className="MS.TF.Server.WebAccess.Agile.L0.Tests.ProductBacklogReorderHelperTests" name="ReorderMultipleNonContinuousBetweenTwoWorkItemsWithPreviousAndNextSpecified" />
    </UnitTest>
    <UnitTest name="ReorderWithPreviousUnspecified" storage="d:\v2.0\a1\_work\dbded102\bin\release.anycpu\tfs.service\ms.tf.server.webaccess.agile.l0.tests\ms.tf.server.webaccess.agile.l0.tests.dll" id="dd0f0106-80a1-9de6-27ac-c3b40db5c99e">
      <Execution id="8fc16260-ca70-4dcd-b615-f4520bafbbf9" />
      <TestMethod codeBase="D:\v2.0\A1\_work\dbded102\bin\Release.AnyCPU\Tfs.Service\MS.TF.Server.WebAccess.Agile.L0.Tests\MS.TF.Server.WebAccess.Agile.L0.Tests.dll" adapterTypeName="Microsoft.VisualStudio.TestTools.TestTypes.Unit.UnitTestAdapter" className="MS.TF.Server.WebAccess.Agile.L0.Tests.ProductBacklogReorderHelperTests" name="ReorderWithPreviousUnspecified" />
    </UnitTest>
    <UnitTest name="ReorderMultipleWithPreviousUnspecified" storage="d:\v2.0\a1\_work\dbded102\bin\release.anycpu\tfs.service\ms.tf.server.webaccess.agile.l0.tests\ms.tf.server.webaccess.agile.l0.tests.dll" id="f5d7d3e9-fae7-ee32-3a96-3fbb6fc1b786">
      <Execution id="c2e4294f-3bf6-4e90-ade8-884ffb51e1cf" />
      <TestMethod codeBase="D:\v2.0\A1\_work\dbded102\bin\Release.AnyCPU\Tfs.Service\MS.TF.Server.WebAccess.Agile.L0.Tests\MS.TF.Server.WebAccess.Agile.L0.Tests.dll" adapterTypeName="Microsoft.VisualStudio.TestTools.TestTypes.Unit.UnitTestAdapter" className="MS.TF.Server.WebAccess.Agile.L0.Tests.ProductBacklogReorderHelperTests" name="ReorderMultipleWithPreviousUnspecified" />
    </UnitTest>
    <UnitTest name="ReorderBetweenTwoWorkItemsWithPreviousUnspecified" storage="d:\v2.0\a1\_work\dbded102\bin\release.anycpu\tfs.service\ms.tf.server.webaccess.agile.l0.tests\ms.tf.server.webaccess.agile.l0.tests.dll" id="4fe38cee-2695-6aaf-2c43-a306c85705b6">
      <Execution id="690cdb9f-eaef-494b-94cd-43594669ef50" />
      <TestMethod codeBase="D:\v2.0\A1\_work\dbded102\bin\Release.AnyCPU\Tfs.Service\MS.TF.Server.WebAccess.Agile.L0.Tests\MS.TF.Server.WebAccess.Agile.L0.Tests.dll" adapterTypeName="Microsoft.VisualStudio.TestTools.TestTypes.Unit.UnitTestAdapter" className="MS.TF.Server.WebAccess.Agile.L0.Tests.ProductBacklogReorderHelperTests" name="ReorderBetweenTwoWorkItemsWithPreviousUnspecified" />
    </UnitTest>
    <UnitTest name="ReorderMultipleBetweenTwoWorkItemsWithPreviousUnspecified" storage="d:\v2.0\a1\_work\dbded102\bin\release.anycpu\tfs.service\ms.tf.server.webaccess.agile.l0.tests\ms.tf.server.webaccess.agile.l0.tests.dll" id="ed77acbf-590a-9798-e378-f79c343204f5">
      <Execution id="6d2475e6-fb85-47c0-bc1b-de05b2731a32" />
      <TestMethod codeBase="D:\v2.0\A1\_work\dbded102\bin\Release.AnyCPU\Tfs.Service\MS.TF.Server.WebAccess.Agile.L0.Tests\MS.TF.Server.WebAccess.Agile.L0.Tests.dll" adapterTypeName="Microsoft.VisualStudio.TestTools.TestTypes.Unit.UnitTestAdapter" className="MS.TF.Server.WebAccess.Agile.L0.Tests.ProductBacklogReorderHelperTests" name="ReorderMultipleBetweenTwoWorkItemsWithPreviousUnspecified" />
    </UnitTest>
    <UnitTest name="ReorderBetweenTwoWorkItemsWithMoreItemsWithPreviousUnspecified" storage="d:\v2.0\a1\_work\dbded102\bin\release.anycpu\tfs.service\ms.tf.server.webaccess.agile.l0.tests\ms.tf.server.webaccess.agile.l0.tests.dll" id="2f565832-d136-d62c-f47e-88b51ff55bdb">
      <Execution id="86416409-fa56-4af4-a8a9-3107bee3d786" />
      <TestMethod codeBase="D:\v2.0\A1\_work\dbded102\bin\Release.AnyCPU\Tfs.Service\MS.TF.Server.WebAccess.Agile.L0.Tests\MS.TF.Server.WebAccess.Agile.L0.Tests.dll" adapterTypeName="Microsoft.VisualStudio.TestTools.TestTypes.Unit.UnitTestAdapter" className="MS.TF.Server.WebAccess.Agile.L0.Tests.ProductBacklogReorderHelperTests" name="ReorderBetweenTwoWorkItemsWithMoreItemsWithPreviousUnspecified" />
    </UnitTest>
    <UnitTest name="ReorderMultipleBetweenTwoWorkItemsWithMoreItemsWithPreviousUnspecified" storage="d:\v2.0\a1\_work\dbded102\bin\release.anycpu\tfs.service\ms.tf.server.webaccess.agile.l0.tests\ms.tf.server.webaccess.agile.l0.tests.dll" id="7478a3bd-1eca-7702-04f5-86c5d6589346">
      <Execution id="fb2856ae-ec8e-461d-81b5-f2f67c11b4b9" />
      <TestMethod codeBase="D:\v2.0\A1\_work\dbded102\bin\Release.AnyCPU\Tfs.Service\MS.TF.Server.WebAccess.Agile.L0.Tests\MS.TF.Server.WebAccess.Agile.L0.Tests.dll" adapterTypeName="Microsoft.VisualStudio.TestTools.TestTypes.Unit.UnitTestAdapter" className="MS.TF.Server.WebAccess.Agile.L0.Tests.ProductBacklogReorderHelperTests" name="ReorderMultipleBetweenTwoWorkItemsWithMoreItemsWithPreviousUnspecified" />
    </UnitTest>
    <UnitTest name="ReorderBetweenTwoWorkItemsWithNegativeStackRanks" storage="d:\v2.0\a1\_work\dbded102\bin\release.anycpu\tfs.service\ms.tf.server.webaccess.agile.l0.tests\ms.tf.server.webaccess.agile.l0.tests.dll" id="e5ca2f32-eb40-5a27-8829-bb63412677a7">
      <Execution id="2659843f-79a1-4b83-a5e5-14deae10ff75" />
      <TestMethod codeBase="D:\v2.0\A1\_work\dbded102\bin\Release.AnyCPU\Tfs.Service\MS.TF.Server.WebAccess.Agile.L0.Tests\MS.TF.Server.WebAccess.Agile.L0.Tests.dll" adapterTypeName="Microsoft.VisualStudio.TestTools.TestTypes.Unit.UnitTestAdapter" className="MS.TF.Server.WebAccess.Agile.L0.Tests.ProductBacklogReorderHelperTests" name="ReorderBetweenTwoWorkItemsWithNegativeStackRanks" />
    </UnitTest>
    <UnitTest name="ReorderMultipleBetweenTwoWorkItemsWithNegativeStackRanks" storage="d:\v2.0\a1\_work\dbded102\bin\release.anycpu\tfs.service\ms.tf.server.webaccess.agile.l0.tests\ms.tf.server.webaccess.agile.l0.tests.dll" id="f55bc570-81b9-4069-1d5d-f308dd220be5">
      <Execution id="fe748018-e8ec-407d-91bb-bfe5f39fe10b" />
      <TestMethod codeBase="D:\v2.0\A1\_work\dbded102\bin\Release.AnyCPU\Tfs.Service\MS.TF.Server.WebAccess.Agile.L0.Tests\MS.TF.Server.WebAccess.Agile.L0.Tests.dll" adapterTypeName="Microsoft.VisualStudio.TestTools.TestTypes.Unit.UnitTestAdapter" className="MS.TF.Server.WebAccess.Agile.L0.Tests.ProductBacklogReorderHelperTests" name="ReorderMultipleBetweenTwoWorkItemsWithNegativeStackRanks" />
    </UnitTest>
    <UnitTest name="ReorderFeatureToTop" storage="d:\v2.0\a1\_work\dbded102\bin\release.anycpu\tfs.service\ms.tf.server.webaccess.agile.l0.tests\ms.tf.server.webaccess.agile.l0.tests.dll" id="0ea7710b-4ddc-990f-73a1-622e277085ed">
      <Execution id="4fafc641-0c83-4a63-b20b-9f04ab6f6c74" />
      <TestMethod codeBase="D:\v2.0\A1\_work\dbded102\bin\Release.AnyCPU\Tfs.Service\MS.TF.Server.WebAccess.Agile.L0.Tests\MS.TF.Server.WebAccess.Agile.L0.Tests.dll" adapterTypeName="Microsoft.VisualStudio.TestTools.TestTypes.Unit.UnitTestAdapter" className="MS.TF.Server.WebAccess.Agile.L0.Tests.ProductBacklogReorderHelperTests" name="ReorderFeatureToTop" />
    </UnitTest>
    <UnitTest name="ReorderMultipleFeatureToTop" storage="d:\v2.0\a1\_work\dbded102\bin\release.anycpu\tfs.service\ms.tf.server.webaccess.agile.l0.tests\ms.tf.server.webaccess.agile.l0.tests.dll" id="9e5e8484-6a40-2426-374f-9be4a4b4430a">
      <Execution id="d522d443-37e3-42fb-8fac-6cfa7526ccec" />
      <TestMethod codeBase="D:\v2.0\A1\_work\dbded102\bin\Release.AnyCPU\Tfs.Service\MS.TF.Server.WebAccess.Agile.L0.Tests\MS.TF.Server.WebAccess.Agile.L0.Tests.dll" adapterTypeName="Microsoft.VisualStudio.TestTools.TestTypes.Unit.UnitTestAdapter" className="MS.TF.Server.WebAccess.Agile.L0.Tests.ProductBacklogReorderHelperTests" name="ReorderMultipleFeatureToTop" />
    </UnitTest>
    <UnitTest name="ReorderFeatureToTopWithParentId" storage="d:\v2.0\a1\_work\dbded102\bin\release.anycpu\tfs.service\ms.tf.server.webaccess.agile.l0.tests\ms.tf.server.webaccess.agile.l0.tests.dll" id="279a136b-af39-f51c-f30f-44148bf2db79">
      <Execution id="8a72fdd4-0a74-4988-a33d-aad8ab421faf" />
      <TestMethod codeBase="D:\v2.0\A1\_work\dbded102\bin\Release.AnyCPU\Tfs.Service\MS.TF.Server.WebAccess.Agile.L0.Tests\MS.TF.Server.WebAccess.Agile.L0.Tests.dll" adapterTypeName="Microsoft.VisualStudio.TestTools.TestTypes.Unit.UnitTestAdapter" className="MS.TF.Server.WebAccess.Agile.L0.Tests.ProductBacklogReorderHelperTests" name="ReorderFeatureToTopWithParentId" />
    </UnitTest>
    <UnitTest name="ReorderMultipleFeatureToTopWithParentId" storage="d:\v2.0\a1\_work\dbded102\bin\release.anycpu\tfs.service\ms.tf.server.webaccess.agile.l0.tests\ms.tf.server.webaccess.agile.l0.tests.dll" id="1acab4a1-c7e3-0aaf-5aba-4dcfccdd0980">
      <Execution id="1a49f5b4-2a72-48a1-81cc-a24955f6dce4" />
      <TestMethod codeBase="D:\v2.0\A1\_work\dbded102\bin\Release.AnyCPU\Tfs.Service\MS.TF.Server.WebAccess.Agile.L0.Tests\MS.TF.Server.WebAccess.Agile.L0.Tests.dll" adapterTypeName="Microsoft.VisualStudio.TestTools.TestTypes.Unit.UnitTestAdapter" className="MS.TF.Server.WebAccess.Agile.L0.Tests.ProductBacklogReorderHelperTests" name="ReorderMultipleFeatureToTopWithParentId" />
    </UnitTest>
    <UnitTest name="ReorderFeatureToTopParentedWithParentId" storage="d:\v2.0\a1\_work\dbded102\bin\release.anycpu\tfs.service\ms.tf.server.webaccess.agile.l0.tests\ms.tf.server.webaccess.agile.l0.tests.dll" id="9448101a-b8c0-ae87-0eaa-110a2443e507">
      <Execution id="8921d381-f92c-4918-affa-6c212f09c9a2" />
      <TestMethod codeBase="D:\v2.0\A1\_work\dbded102\bin\Release.AnyCPU\Tfs.Service\MS.TF.Server.WebAccess.Agile.L0.Tests\MS.TF.Server.WebAccess.Agile.L0.Tests.dll" adapterTypeName="Microsoft.VisualStudio.TestTools.TestTypes.Unit.UnitTestAdapter" className="MS.TF.Server.WebAccess.Agile.L0.Tests.ProductBacklogReorderHelperTests" name="ReorderFeatureToTopParentedWithParentId" />
    </UnitTest>
    <UnitTest name="ReorderMultipleFeatureToTopParentedWithParentId" storage="d:\v2.0\a1\_work\dbded102\bin\release.anycpu\tfs.service\ms.tf.server.webaccess.agile.l0.tests\ms.tf.server.webaccess.agile.l0.tests.dll" id="eb34280a-8ba6-30f7-bdda-f410865d9707">
      <Execution id="ccf718e9-47a2-4556-b11e-e60da6d313e0" />
      <TestMethod codeBase="D:\v2.0\A1\_work\dbded102\bin\Release.AnyCPU\Tfs.Service\MS.TF.Server.WebAccess.Agile.L0.Tests\MS.TF.Server.WebAccess.Agile.L0.Tests.dll" adapterTypeName="Microsoft.VisualStudio.TestTools.TestTypes.Unit.UnitTestAdapter" className="MS.TF.Server.WebAccess.Agile.L0.Tests.ProductBacklogReorderHelperTests" name="ReorderMultipleFeatureToTopParentedWithParentId" />
    </UnitTest>
    <UnitTest name="ReorderFeatureToTopWithMoreItems" storage="d:\v2.0\a1\_work\dbded102\bin\release.anycpu\tfs.service\ms.tf.server.webaccess.agile.l0.tests\ms.tf.server.webaccess.agile.l0.tests.dll" id="1df707ae-7e66-b9ef-7d82-8eef85241246">
      <Execution id="5519af5b-b3cc-441c-bea2-d91b6f2e5ee9" />
      <TestMethod codeBase="D:\v2.0\A1\_work\dbded102\bin\Release.AnyCPU\Tfs.Service\MS.TF.Server.WebAccess.Agile.L0.Tests\MS.TF.Server.WebAccess.Agile.L0.Tests.dll" adapterTypeName="Microsoft.VisualStudio.TestTools.TestTypes.Unit.UnitTestAdapter" className="MS.TF.Server.WebAccess.Agile.L0.Tests.ProductBacklogReorderHelperTests" name="ReorderFeatureToTopWithMoreItems" />
    </UnitTest>
    <UnitTest name="ReorderMultipleFeatureToTopWithMoreItems" storage="d:\v2.0\a1\_work\dbded102\bin\release.anycpu\tfs.service\ms.tf.server.webaccess.agile.l0.tests\ms.tf.server.webaccess.agile.l0.tests.dll" id="9269f33b-9272-3957-83db-4f9d64591d90">
      <Execution id="15d557f3-8675-46e7-a8bf-3662c1be3663" />
      <TestMethod codeBase="D:\v2.0\A1\_work\dbded102\bin\Release.AnyCPU\Tfs.Service\MS.TF.Server.WebAccess.Agile.L0.Tests\MS.TF.Server.WebAccess.Agile.L0.Tests.dll" adapterTypeName="Microsoft.VisualStudio.TestTools.TestTypes.Unit.UnitTestAdapter" className="MS.TF.Server.WebAccess.Agile.L0.Tests.ProductBacklogReorderHelperTests" name="ReorderMultipleFeatureToTopWithMoreItems" />
    </UnitTest>
    <UnitTest name="ReorderFeatureToTopWithMoreItemsWithParentId" storage="d:\v2.0\a1\_work\dbded102\bin\release.anycpu\tfs.service\ms.tf.server.webaccess.agile.l0.tests\ms.tf.server.webaccess.agile.l0.tests.dll" id="a6662172-cb42-8c8d-87ab-0f6b93ce4c6d">
      <Execution id="a1a6eed2-6dc5-4142-9368-28d263dd8095" />
      <TestMethod codeBase="D:\v2.0\A1\_work\dbded102\bin\Release.AnyCPU\Tfs.Service\MS.TF.Server.WebAccess.Agile.L0.Tests\MS.TF.Server.WebAccess.Agile.L0.Tests.dll" adapterTypeName="Microsoft.VisualStudio.TestTools.TestTypes.Unit.UnitTestAdapter" className="MS.TF.Server.WebAccess.Agile.L0.Tests.ProductBacklogReorderHelperTests" name="ReorderFeatureToTopWithMoreItemsWithParentId" />
    </UnitTest>
    <UnitTest name="ReorderMultipleFeatureToTopWithMoreItemsWithParentId" storage="d:\v2.0\a1\_work\dbded102\bin\release.anycpu\tfs.service\ms.tf.server.webaccess.agile.l0.tests\ms.tf.server.webaccess.agile.l0.tests.dll" id="6fd6b9bc-40c6-7cab-8621-084a9aacee55">
      <Execution id="086ecfb7-5ba2-4e65-b9e9-500196248472" />
      <TestMethod codeBase="D:\v2.0\A1\_work\dbded102\bin\Release.AnyCPU\Tfs.Service\MS.TF.Server.WebAccess.Agile.L0.Tests\MS.TF.Server.WebAccess.Agile.L0.Tests.dll" adapterTypeName="Microsoft.VisualStudio.TestTools.TestTypes.Unit.UnitTestAdapter" className="MS.TF.Server.WebAccess.Agile.L0.Tests.ProductBacklogReorderHelperTests" name="ReorderMultipleFeatureToTopWithMoreItemsWithParentId" />
    </UnitTest>
    <UnitTest name="ReorderFeatureToTopWithMoreItemsParentedWithParentId" storage="d:\v2.0\a1\_work\dbded102\bin\release.anycpu\tfs.service\ms.tf.server.webaccess.agile.l0.tests\ms.tf.server.webaccess.agile.l0.tests.dll" id="f402c68e-e041-4f23-90e7-7e5f0f6bd3d4">
      <Execution id="1f0914c9-7f98-470b-8608-7515ff085dcc" />
      <TestMethod codeBase="D:\v2.0\A1\_work\dbded102\bin\Release.AnyCPU\Tfs.Service\MS.TF.Server.WebAccess.Agile.L0.Tests\MS.TF.Server.WebAccess.Agile.L0.Tests.dll" adapterTypeName="Microsoft.VisualStudio.TestTools.TestTypes.Unit.UnitTestAdapter" className="MS.TF.Server.WebAccess.Agile.L0.Tests.ProductBacklogReorderHelperTests" name="ReorderFeatureToTopWithMoreItemsParentedWithParentId" />
    </UnitTest>
    <UnitTest name="ReorderMultipleFeatureToTopWithMoreItemsParentedWithParentId" storage="d:\v2.0\a1\_work\dbded102\bin\release.anycpu\tfs.service\ms.tf.server.webaccess.agile.l0.tests\ms.tf.server.webaccess.agile.l0.tests.dll" id="cc1f89da-2b1b-73e7-3661-9e7b0745367c">
      <Execution id="0fe13fb7-3b31-4716-888a-125c2375a49a" />
      <TestMethod codeBase="D:\v2.0\A1\_work\dbded102\bin\Release.AnyCPU\Tfs.Service\MS.TF.Server.WebAccess.Agile.L0.Tests\MS.TF.Server.WebAccess.Agile.L0.Tests.dll" adapterTypeName="Microsoft.VisualStudio.TestTools.TestTypes.Unit.UnitTestAdapter" className="MS.TF.Server.WebAccess.Agile.L0.Tests.ProductBacklogReorderHelperTests" name="ReorderMultipleFeatureToTopWithMoreItemsParentedWithParentId" />
    </UnitTest>
    <UnitTest name="ReorderFeatureToEmptyList" storage="d:\v2.0\a1\_work\dbded102\bin\release.anycpu\tfs.service\ms.tf.server.webaccess.agile.l0.tests\ms.tf.server.webaccess.agile.l0.tests.dll" id="ac1610af-a77d-8b3f-8469-55c117801327">
      <Execution id="4e2e0d55-b873-4c43-af89-12652bf54040" />
      <TestMethod codeBase="D:\v2.0\A1\_work\dbded102\bin\Release.AnyCPU\Tfs.Service\MS.TF.Server.WebAccess.Agile.L0.Tests\MS.TF.Server.WebAccess.Agile.L0.Tests.dll" adapterTypeName="Microsoft.VisualStudio.TestTools.TestTypes.Unit.UnitTestAdapter" className="MS.TF.Server.WebAccess.Agile.L0.Tests.ProductBacklogReorderHelperTests" name="ReorderFeatureToEmptyList" />
    </UnitTest>
    <UnitTest name="ReorderMultipleFeatureToEmptyList" storage="d:\v2.0\a1\_work\dbded102\bin\release.anycpu\tfs.service\ms.tf.server.webaccess.agile.l0.tests\ms.tf.server.webaccess.agile.l0.tests.dll" id="242f79ed-e25c-394a-ade4-3165f2b7042b">
      <Execution id="c400c782-0845-4564-a1ef-753a3273dbf6" />
      <TestMethod codeBase="D:\v2.0\A1\_work\dbded102\bin\Release.AnyCPU\Tfs.Service\MS.TF.Server.WebAccess.Agile.L0.Tests\MS.TF.Server.WebAccess.Agile.L0.Tests.dll" adapterTypeName="Microsoft.VisualStudio.TestTools.TestTypes.Unit.UnitTestAdapter" className="MS.TF.Server.WebAccess.Agile.L0.Tests.ProductBacklogReorderHelperTests" name="ReorderMultipleFeatureToEmptyList" />
    </UnitTest>
    <UnitTest name="ReorderFeatureBetweenTwoWorkItems" storage="d:\v2.0\a1\_work\dbded102\bin\release.anycpu\tfs.service\ms.tf.server.webaccess.agile.l0.tests\ms.tf.server.webaccess.agile.l0.tests.dll" id="2261d1e4-b763-6224-3fb6-8ea54b235d50">
      <Execution id="e8610dfd-3317-498f-86e5-a48c2a245a1f" />
      <TestMethod codeBase="D:\v2.0\A1\_work\dbded102\bin\Release.AnyCPU\Tfs.Service\MS.TF.Server.WebAccess.Agile.L0.Tests\MS.TF.Server.WebAccess.Agile.L0.Tests.dll" adapterTypeName="Microsoft.VisualStudio.TestTools.TestTypes.Unit.UnitTestAdapter" className="MS.TF.Server.WebAccess.Agile.L0.Tests.ProductBacklogReorderHelperTests" name="ReorderFeatureBetweenTwoWorkItems" />
    </UnitTest>
    <UnitTest name="ReorderMultipleFeatureBetweenTwoWorkItems" storage="d:\v2.0\a1\_work\dbded102\bin\release.anycpu\tfs.service\ms.tf.server.webaccess.agile.l0.tests\ms.tf.server.webaccess.agile.l0.tests.dll" id="c0b39992-4b58-5d94-3a0e-79ecfbb8baaf">
      <Execution id="19ba434c-7480-498d-9c9d-7fc0474e0de8" />
      <TestMethod codeBase="D:\v2.0\A1\_work\dbded102\bin\Release.AnyCPU\Tfs.Service\MS.TF.Server.WebAccess.Agile.L0.Tests\MS.TF.Server.WebAccess.Agile.L0.Tests.dll" adapterTypeName="Microsoft.VisualStudio.TestTools.TestTypes.Unit.UnitTestAdapter" className="MS.TF.Server.WebAccess.Agile.L0.Tests.ProductBacklogReorderHelperTests" name="ReorderMultipleFeatureBetweenTwoWorkItems" />
    </UnitTest>
    <UnitTest name="ReorderMultipleFeatureNonContinuousBetweenTwoWorkItems" storage="d:\v2.0\a1\_work\dbded102\bin\release.anycpu\tfs.service\ms.tf.server.webaccess.agile.l0.tests\ms.tf.server.webaccess.agile.l0.tests.dll" id="2a5422e1-4733-60ee-5b13-aed278647f48">
      <Execution id="42f0f9da-1c77-412a-843f-e3a5feed1a35" />
      <TestMethod codeBase="D:\v2.0\A1\_work\dbded102\bin\Release.AnyCPU\Tfs.Service\MS.TF.Server.WebAccess.Agile.L0.Tests\MS.TF.Server.WebAccess.Agile.L0.Tests.dll" adapterTypeName="Microsoft.VisualStudio.TestTools.TestTypes.Unit.UnitTestAdapter" className="MS.TF.Server.WebAccess.Agile.L0.Tests.ProductBacklogReorderHelperTests" name="ReorderMultipleFeatureNonContinuousBetweenTwoWorkItems" />
    </UnitTest>
    <UnitTest name="ReorderFeatureBetweenTwoWorkItemsWithPreviousAndNextSpecified" storage="d:\v2.0\a1\_work\dbded102\bin\release.anycpu\tfs.service\ms.tf.server.webaccess.agile.l0.tests\ms.tf.server.webaccess.agile.l0.tests.dll" id="d4a79e32-3bc2-f0dc-a6e1-59306f6e5070">
      <Execution id="d3bcee99-77ca-4176-ae9f-5c811ddf0190" />
      <TestMethod codeBase="D:\v2.0\A1\_work\dbded102\bin\Release.AnyCPU\Tfs.Service\MS.TF.Server.WebAccess.Agile.L0.Tests\MS.TF.Server.WebAccess.Agile.L0.Tests.dll" adapterTypeName="Microsoft.VisualStudio.TestTools.TestTypes.Unit.UnitTestAdapter" className="MS.TF.Server.WebAccess.Agile.L0.Tests.ProductBacklogReorderHelperTests" name="ReorderFeatureBetweenTwoWorkItemsWithPreviousAndNextSpecified" />
    </UnitTest>
    <UnitTest name="ReorderMultipleFeatureBetweenTwoWorkItemsWithPreviousAndNextSpecified" storage="d:\v2.0\a1\_work\dbded102\bin\release.anycpu\tfs.service\ms.tf.server.webaccess.agile.l0.tests\ms.tf.server.webaccess.agile.l0.tests.dll" id="ed24ff0f-c127-8e99-146c-21b6378657e0">
      <Execution id="f5bc66d8-1fc3-48ac-a5a8-d2251e1c30f3" />
      <TestMethod codeBase="D:\v2.0\A1\_work\dbded102\bin\Release.AnyCPU\Tfs.Service\MS.TF.Server.WebAccess.Agile.L0.Tests\MS.TF.Server.WebAccess.Agile.L0.Tests.dll" adapterTypeName="Microsoft.VisualStudio.TestTools.TestTypes.Unit.UnitTestAdapter" className="MS.TF.Server.WebAccess.Agile.L0.Tests.ProductBacklogReorderHelperTests" name="ReorderMultipleFeatureBetweenTwoWorkItemsWithPreviousAndNextSpecified" />
    </UnitTest>
    <UnitTest name="ReorderMultipleFeatureNonContinuousBetweenTwoWorkItemsWithPreviousAndNextSpecified" storage="d:\v2.0\a1\_work\dbded102\bin\release.anycpu\tfs.service\ms.tf.server.webaccess.agile.l0.tests\ms.tf.server.webaccess.agile.l0.tests.dll" id="76162abc-04c4-4885-abc0-3f15da78eee7">
      <Execution id="9bbc70a2-0fe3-4e3e-a7e0-ec5c69b0ff36" />
      <TestMethod codeBase="D:\v2.0\A1\_work\dbded102\bin\Release.AnyCPU\Tfs.Service\MS.TF.Server.WebAccess.Agile.L0.Tests\MS.TF.Server.WebAccess.Agile.L0.Tests.dll" adapterTypeName="Microsoft.VisualStudio.TestTools.TestTypes.Unit.UnitTestAdapter" className="MS.TF.Server.WebAccess.Agile.L0.Tests.ProductBacklogReorderHelperTests" name="ReorderMultipleFeatureNonContinuousBetweenTwoWorkItemsWithPreviousAndNextSpecified" />
    </UnitTest>
    <UnitTest name="ReorderFeatureWithPreviousUnspecified" storage="d:\v2.0\a1\_work\dbded102\bin\release.anycpu\tfs.service\ms.tf.server.webaccess.agile.l0.tests\ms.tf.server.webaccess.agile.l0.tests.dll" id="28016702-8ef6-5f18-b070-bfb537f96eb9">
      <Execution id="2cc162fa-d06e-4174-92aa-5500c72fbeff" />
      <TestMethod codeBase="D:\v2.0\A1\_work\dbded102\bin\Release.AnyCPU\Tfs.Service\MS.TF.Server.WebAccess.Agile.L0.Tests\MS.TF.Server.WebAccess.Agile.L0.Tests.dll" adapterTypeName="Microsoft.VisualStudio.TestTools.TestTypes.Unit.UnitTestAdapter" className="MS.TF.Server.WebAccess.Agile.L0.Tests.ProductBacklogReorderHelperTests" name="ReorderFeatureWithPreviousUnspecified" />
    </UnitTest>
    <UnitTest name="ReorderMultipleFeatureWithPreviousUnspecified" storage="d:\v2.0\a1\_work\dbded102\bin\release.anycpu\tfs.service\ms.tf.server.webaccess.agile.l0.tests\ms.tf.server.webaccess.agile.l0.tests.dll" id="f2e3d480-27a3-e732-960e-b7d6c8429d35">
      <Execution id="5610e2e5-3bff-40a3-872f-9a3eb880c9f5" />
      <TestMethod codeBase="D:\v2.0\A1\_work\dbded102\bin\Release.AnyCPU\Tfs.Service\MS.TF.Server.WebAccess.Agile.L0.Tests\MS.TF.Server.WebAccess.Agile.L0.Tests.dll" adapterTypeName="Microsoft.VisualStudio.TestTools.TestTypes.Unit.UnitTestAdapter" className="MS.TF.Server.WebAccess.Agile.L0.Tests.ProductBacklogReorderHelperTests" name="ReorderMultipleFeatureWithPreviousUnspecified" />
    </UnitTest>
    <UnitTest name="ReorderFeatureBetweenTwoWorkItemsWithPreviousUnspecified" storage="d:\v2.0\a1\_work\dbded102\bin\release.anycpu\tfs.service\ms.tf.server.webaccess.agile.l0.tests\ms.tf.server.webaccess.agile.l0.tests.dll" id="6f0c3078-d10c-493b-96b3-54bd33a7c44c">
      <Execution id="78dc243f-6a49-426f-aee8-533eff199a95" />
      <TestMethod codeBase="D:\v2.0\A1\_work\dbded102\bin\Release.AnyCPU\Tfs.Service\MS.TF.Server.WebAccess.Agile.L0.Tests\MS.TF.Server.WebAccess.Agile.L0.Tests.dll" adapterTypeName="Microsoft.VisualStudio.TestTools.TestTypes.Unit.UnitTestAdapter" className="MS.TF.Server.WebAccess.Agile.L0.Tests.ProductBacklogReorderHelperTests" name="ReorderFeatureBetweenTwoWorkItemsWithPreviousUnspecified" />
    </UnitTest>
    <UnitTest name="ReorderMultipleFeatureBetweenTwoWorkItemsWithPreviousUnspecified" storage="d:\v2.0\a1\_work\dbded102\bin\release.anycpu\tfs.service\ms.tf.server.webaccess.agile.l0.tests\ms.tf.server.webaccess.agile.l0.tests.dll" id="5ebaad72-e175-5e1f-c1a7-2b8b0e16b821">
      <Execution id="e75b6621-766f-4ccf-904c-6e6e3b7b3e35" />
      <TestMethod codeBase="D:\v2.0\A1\_work\dbded102\bin\Release.AnyCPU\Tfs.Service\MS.TF.Server.WebAccess.Agile.L0.Tests\MS.TF.Server.WebAccess.Agile.L0.Tests.dll" adapterTypeName="Microsoft.VisualStudio.TestTools.TestTypes.Unit.UnitTestAdapter" className="MS.TF.Server.WebAccess.Agile.L0.Tests.ProductBacklogReorderHelperTests" name="ReorderMultipleFeatureBetweenTwoWorkItemsWithPreviousUnspecified" />
    </UnitTest>
    <UnitTest name="ReorderFeatureBetweenTwoWorkItemsWithNegativeStackRanks" storage="d:\v2.0\a1\_work\dbded102\bin\release.anycpu\tfs.service\ms.tf.server.webaccess.agile.l0.tests\ms.tf.server.webaccess.agile.l0.tests.dll" id="4f98f849-4f35-02cf-32e7-ce4ed1e708f7">
      <Execution id="afff26ce-d454-4734-b32b-5e6a4ff029d4" />
      <TestMethod codeBase="D:\v2.0\A1\_work\dbded102\bin\Release.AnyCPU\Tfs.Service\MS.TF.Server.WebAccess.Agile.L0.Tests\MS.TF.Server.WebAccess.Agile.L0.Tests.dll" adapterTypeName="Microsoft.VisualStudio.TestTools.TestTypes.Unit.UnitTestAdapter" className="MS.TF.Server.WebAccess.Agile.L0.Tests.ProductBacklogReorderHelperTests" name="ReorderFeatureBetweenTwoWorkItemsWithNegativeStackRanks" />
    </UnitTest>
    <UnitTest name="ReorderMultipleFeatureBetweenTwoWorkItemsWithNegativeStackRanks" storage="d:\v2.0\a1\_work\dbded102\bin\release.anycpu\tfs.service\ms.tf.server.webaccess.agile.l0.tests\ms.tf.server.webaccess.agile.l0.tests.dll" id="2045a19b-0b77-1c68-8fea-e33adbecc89b">
      <Execution id="db1cf421-0897-4856-9ad0-7411abffb617" />
      <TestMethod codeBase="D:\v2.0\A1\_work\dbded102\bin\Release.AnyCPU\Tfs.Service\MS.TF.Server.WebAccess.Agile.L0.Tests\MS.TF.Server.WebAccess.Agile.L0.Tests.dll" adapterTypeName="Microsoft.VisualStudio.TestTools.TestTypes.Unit.UnitTestAdapter" className="MS.TF.Server.WebAccess.Agile.L0.Tests.ProductBacklogReorderHelperTests" name="ReorderMultipleFeatureBetweenTwoWorkItemsWithNegativeStackRanks" />
    </UnitTest>
    <UnitTest name="ReorderToTopWithPreviousAsSelf" storage="d:\v2.0\a1\_work\dbded102\bin\release.anycpu\tfs.service\ms.tf.server.webaccess.agile.l0.tests\ms.tf.server.webaccess.agile.l0.tests.dll" id="3d8f2dce-1c56-4043-b20e-a6f1aba19020">
      <Execution id="78c7176d-c1e4-44eb-af9e-0eab13b4627b" />
      <TestMethod codeBase="D:\v2.0\A1\_work\dbded102\bin\Release.AnyCPU\Tfs.Service\MS.TF.Server.WebAccess.Agile.L0.Tests\MS.TF.Server.WebAccess.Agile.L0.Tests.dll" adapterTypeName="Microsoft.VisualStudio.TestTools.TestTypes.Unit.UnitTestAdapter" className="MS.TF.Server.WebAccess.Agile.L0.Tests.ProductBacklogReorderHelperTests" name="ReorderToTopWithPreviousAsSelf" />
    </UnitTest>
    <UnitTest name="ReorderMultipleToTopPreviousAsSelf" storage="d:\v2.0\a1\_work\dbded102\bin\release.anycpu\tfs.service\ms.tf.server.webaccess.agile.l0.tests\ms.tf.server.webaccess.agile.l0.tests.dll" id="127cfd89-459d-f8e9-40ff-7a68ee91d2cb">
      <Execution id="21fe2419-5334-4166-9484-d9bc21d81296" />
      <TestMethod codeBase="D:\v2.0\A1\_work\dbded102\bin\Release.AnyCPU\Tfs.Service\MS.TF.Server.WebAccess.Agile.L0.Tests\MS.TF.Server.WebAccess.Agile.L0.Tests.dll" adapterTypeName="Microsoft.VisualStudio.TestTools.TestTypes.Unit.UnitTestAdapter" className="MS.TF.Server.WebAccess.Agile.L0.Tests.ProductBacklogReorderHelperTests" name="ReorderMultipleToTopPreviousAsSelf" />
    </UnitTest>
    <UnitTest name="ReorderToTopWithNextAsSelf" storage="d:\v2.0\a1\_work\dbded102\bin\release.anycpu\tfs.service\ms.tf.server.webaccess.agile.l0.tests\ms.tf.server.webaccess.agile.l0.tests.dll" id="ea19d808-2661-6e6c-fa84-5ca0c078d971">
      <Execution id="8183bc04-20cd-49f2-a825-3164faebd905" />
      <TestMethod codeBase="D:\v2.0\A1\_work\dbded102\bin\Release.AnyCPU\Tfs.Service\MS.TF.Server.WebAccess.Agile.L0.Tests\MS.TF.Server.WebAccess.Agile.L0.Tests.dll" adapterTypeName="Microsoft.VisualStudio.TestTools.TestTypes.Unit.UnitTestAdapter" className="MS.TF.Server.WebAccess.Agile.L0.Tests.ProductBacklogReorderHelperTests" name="ReorderToTopWithNextAsSelf" />
    </UnitTest>
    <UnitTest name="ReorderMultipleToTopNextAsSelf" storage="d:\v2.0\a1\_work\dbded102\bin\release.anycpu\tfs.service\ms.tf.server.webaccess.agile.l0.tests\ms.tf.server.webaccess.agile.l0.tests.dll" id="12a18e18-c237-f758-e43f-b9d6ccbc2a22">
      <Execution id="4649ed33-4b08-4832-b48d-ec23fafc9df8" />
      <TestMethod codeBase="D:\v2.0\A1\_work\dbded102\bin\Release.AnyCPU\Tfs.Service\MS.TF.Server.WebAccess.Agile.L0.Tests\MS.TF.Server.WebAccess.Agile.L0.Tests.dll" adapterTypeName="Microsoft.VisualStudio.TestTools.TestTypes.Unit.UnitTestAdapter" className="MS.TF.Server.WebAccess.Agile.L0.Tests.ProductBacklogReorderHelperTests" name="ReorderMultipleToTopNextAsSelf" />
    </UnitTest>
    <UnitTest name="ReorderWithPreviousAndNextNotAdjacent" storage="d:\v2.0\a1\_work\dbded102\bin\release.anycpu\tfs.service\ms.tf.server.webaccess.agile.l0.tests\ms.tf.server.webaccess.agile.l0.tests.dll" id="7089c75b-863c-cbc2-5774-ce97bac397f7">
      <Execution id="f685c699-1119-4318-9458-b312ab740f7f" />
      <TestMethod codeBase="D:\v2.0\A1\_work\dbded102\bin\Release.AnyCPU\Tfs.Service\MS.TF.Server.WebAccess.Agile.L0.Tests\MS.TF.Server.WebAccess.Agile.L0.Tests.dll" adapterTypeName="Microsoft.VisualStudio.TestTools.TestTypes.Unit.UnitTestAdapter" className="MS.TF.Server.WebAccess.Agile.L0.Tests.ProductBacklogReorderHelperTests" name="ReorderWithPreviousAndNextNotAdjacent" />
    </UnitTest>
    <UnitTest name="ReorderMultipleWithPreviousAndNextNotAdjacent" storage="d:\v2.0\a1\_work\dbded102\bin\release.anycpu\tfs.service\ms.tf.server.webaccess.agile.l0.tests\ms.tf.server.webaccess.agile.l0.tests.dll" id="01d1af01-60e3-0051-7a98-7fb9ff845f66">
      <Execution id="bd785d2b-c269-4e98-a003-8ded7d6b305c" />
      <TestMethod codeBase="D:\v2.0\A1\_work\dbded102\bin\Release.AnyCPU\Tfs.Service\MS.TF.Server.WebAccess.Agile.L0.Tests\MS.TF.Server.WebAccess.Agile.L0.Tests.dll" adapterTypeName="Microsoft.VisualStudio.TestTools.TestTypes.Unit.UnitTestAdapter" className="MS.TF.Server.WebAccess.Agile.L0.Tests.ProductBacklogReorderHelperTests" name="ReorderMultipleWithPreviousAndNextNotAdjacent" />
    </UnitTest>
    <UnitTest name="ReorderWithNonexistantPrevious" storage="d:\v2.0\a1\_work\dbded102\bin\release.anycpu\tfs.service\ms.tf.server.webaccess.agile.l0.tests\ms.tf.server.webaccess.agile.l0.tests.dll" id="79f4f820-623a-84b3-5b77-18315f07de43">
      <Execution id="8ba25774-3e1b-411e-9a0f-7cef7c4e92ec" />
      <TestMethod codeBase="D:\v2.0\A1\_work\dbded102\bin\Release.AnyCPU\Tfs.Service\MS.TF.Server.WebAccess.Agile.L0.Tests\MS.TF.Server.WebAccess.Agile.L0.Tests.dll" adapterTypeName="Microsoft.VisualStudio.TestTools.TestTypes.Unit.UnitTestAdapter" className="MS.TF.Server.WebAccess.Agile.L0.Tests.ProductBacklogReorderHelperTests" name="ReorderWithNonexistantPrevious" />
    </UnitTest>
    <UnitTest name="ReorderMultipleWithNonexistantPrevious" storage="d:\v2.0\a1\_work\dbded102\bin\release.anycpu\tfs.service\ms.tf.server.webaccess.agile.l0.tests\ms.tf.server.webaccess.agile.l0.tests.dll" id="9fe5620d-6271-c412-2fc7-3847f4f9d400">
      <Execution id="bd79ef22-5f9a-4cc7-8f5e-cdbbd9985ec2" />
      <TestMethod codeBase="D:\v2.0\A1\_work\dbded102\bin\Release.AnyCPU\Tfs.Service\MS.TF.Server.WebAccess.Agile.L0.Tests\MS.TF.Server.WebAccess.Agile.L0.Tests.dll" adapterTypeName="Microsoft.VisualStudio.TestTools.TestTypes.Unit.UnitTestAdapter" className="MS.TF.Server.WebAccess.Agile.L0.Tests.ProductBacklogReorderHelperTests" name="ReorderMultipleWithNonexistantPrevious" />
    </UnitTest>
    <UnitTest name="ReorderWithNonexistantNext" storage="d:\v2.0\a1\_work\dbded102\bin\release.anycpu\tfs.service\ms.tf.server.webaccess.agile.l0.tests\ms.tf.server.webaccess.agile.l0.tests.dll" id="790f01d6-2469-e2dc-b460-abc26cbf5eb3">
      <Execution id="0c1ba4f4-58a9-475b-81b2-3a84cb001ca4" />
      <TestMethod codeBase="D:\v2.0\A1\_work\dbded102\bin\Release.AnyCPU\Tfs.Service\MS.TF.Server.WebAccess.Agile.L0.Tests\MS.TF.Server.WebAccess.Agile.L0.Tests.dll" adapterTypeName="Microsoft.VisualStudio.TestTools.TestTypes.Unit.UnitTestAdapter" className="MS.TF.Server.WebAccess.Agile.L0.Tests.ProductBacklogReorderHelperTests" name="ReorderWithNonexistantNext" />
    </UnitTest>
    <UnitTest name="ReorderMultipleWithNonexistantNext" storage="d:\v2.0\a1\_work\dbded102\bin\release.anycpu\tfs.service\ms.tf.server.webaccess.agile.l0.tests\ms.tf.server.webaccess.agile.l0.tests.dll" id="7284726f-0bae-ddaa-9353-eebd8ab32bf4">
      <Execution id="5d7625b9-d080-402a-98f2-c2482223f4a3" />
      <TestMethod codeBase="D:\v2.0\A1\_work\dbded102\bin\Release.AnyCPU\Tfs.Service\MS.TF.Server.WebAccess.Agile.L0.Tests\MS.TF.Server.WebAccess.Agile.L0.Tests.dll" adapterTypeName="Microsoft.VisualStudio.TestTools.TestTypes.Unit.UnitTestAdapter" className="MS.TF.Server.WebAccess.Agile.L0.Tests.ProductBacklogReorderHelperTests" name="ReorderMultipleWithNonexistantNext" />
    </UnitTest>
    <UnitTest name="ReorderWithPreviousInIds" storage="d:\v2.0\a1\_work\dbded102\bin\release.anycpu\tfs.service\ms.tf.server.webaccess.agile.l0.tests\ms.tf.server.webaccess.agile.l0.tests.dll" id="1ec1005d-32ad-6922-5f02-5f407d14b15a">
      <Execution id="fd1120f0-ef5e-40c4-baff-4df292780880" />
      <TestMethod codeBase="D:\v2.0\A1\_work\dbded102\bin\Release.AnyCPU\Tfs.Service\MS.TF.Server.WebAccess.Agile.L0.Tests\MS.TF.Server.WebAccess.Agile.L0.Tests.dll" adapterTypeName="Microsoft.VisualStudio.TestTools.TestTypes.Unit.UnitTestAdapter" className="MS.TF.Server.WebAccess.Agile.L0.Tests.ProductBacklogReorderHelperTests" name="ReorderWithPreviousInIds" />
    </UnitTest>
    <UnitTest name="ReorderMultipleWithPreviousInIds" storage="d:\v2.0\a1\_work\dbded102\bin\release.anycpu\tfs.service\ms.tf.server.webaccess.agile.l0.tests\ms.tf.server.webaccess.agile.l0.tests.dll" id="36d76c21-f62f-fb54-c81e-4cdbf142e0dc">
      <Execution id="c4741f4c-b82c-4782-a016-73ccdfcc6bce" />
      <TestMethod codeBase="D:\v2.0\A1\_work\dbded102\bin\Release.AnyCPU\Tfs.Service\MS.TF.Server.WebAccess.Agile.L0.Tests\MS.TF.Server.WebAccess.Agile.L0.Tests.dll" adapterTypeName="Microsoft.VisualStudio.TestTools.TestTypes.Unit.UnitTestAdapter" className="MS.TF.Server.WebAccess.Agile.L0.Tests.ProductBacklogReorderHelperTests" name="ReorderMultipleWithPreviousInIds" />
    </UnitTest>
    <UnitTest name="ReorderWithNextInIds" storage="d:\v2.0\a1\_work\dbded102\bin\release.anycpu\tfs.service\ms.tf.server.webaccess.agile.l0.tests\ms.tf.server.webaccess.agile.l0.tests.dll" id="9d806f58-33e8-55cf-b3b8-70b69cca5165">
      <Execution id="2ee946ba-c53d-4e9d-87bf-2b1b70dd94f5" />
      <TestMethod codeBase="D:\v2.0\A1\_work\dbded102\bin\Release.AnyCPU\Tfs.Service\MS.TF.Server.WebAccess.Agile.L0.Tests\MS.TF.Server.WebAccess.Agile.L0.Tests.dll" adapterTypeName="Microsoft.VisualStudio.TestTools.TestTypes.Unit.UnitTestAdapter" className="MS.TF.Server.WebAccess.Agile.L0.Tests.ProductBacklogReorderHelperTests" name="ReorderWithNextInIds" />
    </UnitTest>
    <UnitTest name="ReorderMultipleWithNextInIds" storage="d:\v2.0\a1\_work\dbded102\bin\release.anycpu\tfs.service\ms.tf.server.webaccess.agile.l0.tests\ms.tf.server.webaccess.agile.l0.tests.dll" id="505c6a06-530d-c693-728f-9b28218d378f">
      <Execution id="dda3d05d-7ba4-4f15-8044-ba5c25ad53ea" />
      <TestMethod codeBase="D:\v2.0\A1\_work\dbded102\bin\Release.AnyCPU\Tfs.Service\MS.TF.Server.WebAccess.Agile.L0.Tests\MS.TF.Server.WebAccess.Agile.L0.Tests.dll" adapterTypeName="Microsoft.VisualStudio.TestTools.TestTypes.Unit.UnitTestAdapter" className="MS.TF.Server.WebAccess.Agile.L0.Tests.ProductBacklogReorderHelperTests" name="ReorderMultipleWithNextInIds" />
    </UnitTest>
    <UnitTest name="ReorderWithPreviousAndNextInIds" storage="d:\v2.0\a1\_work\dbded102\bin\release.anycpu\tfs.service\ms.tf.server.webaccess.agile.l0.tests\ms.tf.server.webaccess.agile.l0.tests.dll" id="f8b29032-acd2-b601-2a18-6b4299120927">
      <Execution id="18dacd33-868e-413a-af92-837e22768fd3" />
      <TestMethod codeBase="D:\v2.0\A1\_work\dbded102\bin\Release.AnyCPU\Tfs.Service\MS.TF.Server.WebAccess.Agile.L0.Tests\MS.TF.Server.WebAccess.Agile.L0.Tests.dll" adapterTypeName="Microsoft.VisualStudio.TestTools.TestTypes.Unit.UnitTestAdapter" className="MS.TF.Server.WebAccess.Agile.L0.Tests.ProductBacklogReorderHelperTests" name="ReorderWithPreviousAndNextInIds" />
    </UnitTest>
    <UnitTest name="ReorderMultipleWithPreviousAndNextInIds" storage="d:\v2.0\a1\_work\dbded102\bin\release.anycpu\tfs.service\ms.tf.server.webaccess.agile.l0.tests\ms.tf.server.webaccess.agile.l0.tests.dll" id="020f4abc-a552-1b0a-2173-b0810a3190c8">
      <Execution id="2b97e752-115a-4996-a416-cc9d2fb66da2" />
      <TestMethod codeBase="D:\v2.0\A1\_work\dbded102\bin\Release.AnyCPU\Tfs.Service\MS.TF.Server.WebAccess.Agile.L0.Tests\MS.TF.Server.WebAccess.Agile.L0.Tests.dll" adapterTypeName="Microsoft.VisualStudio.TestTools.TestTypes.Unit.UnitTestAdapter" className="MS.TF.Server.WebAccess.Agile.L0.Tests.ProductBacklogReorderHelperTests" name="ReorderMultipleWithPreviousAndNextInIds" />
    </UnitTest>
    <UnitTest name="ReorderMultipleWithPreviousInIdsAndValidNext" storage="d:\v2.0\a1\_work\dbded102\bin\release.anycpu\tfs.service\ms.tf.server.webaccess.agile.l0.tests\ms.tf.server.webaccess.agile.l0.tests.dll" id="05ec789e-cc65-3b6c-45cb-7dc86f9355cd">
      <Execution id="75d41702-f6f7-4a3c-b95d-26e5297abf51" />
      <TestMethod codeBase="D:\v2.0\A1\_work\dbded102\bin\Release.AnyCPU\Tfs.Service\MS.TF.Server.WebAccess.Agile.L0.Tests\MS.TF.Server.WebAccess.Agile.L0.Tests.dll" adapterTypeName="Microsoft.VisualStudio.TestTools.TestTypes.Unit.UnitTestAdapter" className="MS.TF.Server.WebAccess.Agile.L0.Tests.ProductBacklogReorderHelperTests" name="ReorderMultipleWithPreviousInIdsAndValidNext" />
    </UnitTest>
    <UnitTest name="ReorderWithSamePreviousAndNext" storage="d:\v2.0\a1\_work\dbded102\bin\release.anycpu\tfs.service\ms.tf.server.webaccess.agile.l0.tests\ms.tf.server.webaccess.agile.l0.tests.dll" id="17b3dc5c-368e-4b84-beef-8d4a9cdea33b">
      <Execution id="567f0185-9d63-42ed-8255-ee76c76033b1" />
      <TestMethod codeBase="D:\v2.0\A1\_work\dbded102\bin\Release.AnyCPU\Tfs.Service\MS.TF.Server.WebAccess.Agile.L0.Tests\MS.TF.Server.WebAccess.Agile.L0.Tests.dll" adapterTypeName="Microsoft.VisualStudio.TestTools.TestTypes.Unit.UnitTestAdapter" className="MS.TF.Server.WebAccess.Agile.L0.Tests.ProductBacklogReorderHelperTests" name="ReorderWithSamePreviousAndNext" />
    </UnitTest>
    <UnitTest name="ReorderMultipleWithSamePreviousAndNext" storage="d:\v2.0\a1\_work\dbded102\bin\release.anycpu\tfs.service\ms.tf.server.webaccess.agile.l0.tests\ms.tf.server.webaccess.agile.l0.tests.dll" id="213f8a62-2935-95c2-3622-11b2437006cc">
      <Execution id="edd0e258-69c5-432e-9db6-42e58d15f026" />
      <TestMethod codeBase="D:\v2.0\A1\_work\dbded102\bin\Release.AnyCPU\Tfs.Service\MS.TF.Server.WebAccess.Agile.L0.Tests\MS.TF.Server.WebAccess.Agile.L0.Tests.dll" adapterTypeName="Microsoft.VisualStudio.TestTools.TestTypes.Unit.UnitTestAdapter" className="MS.TF.Server.WebAccess.Agile.L0.Tests.ProductBacklogReorderHelperTests" name="ReorderMultipleWithSamePreviousAndNext" />
    </UnitTest>
    <UnitTest name="ReorderWithNonexistantParentId" storage="d:\v2.0\a1\_work\dbded102\bin\release.anycpu\tfs.service\ms.tf.server.webaccess.agile.l0.tests\ms.tf.server.webaccess.agile.l0.tests.dll" id="9e8eb547-a801-7bb2-6662-1f2104d92f8d">
      <Execution id="1fa33454-d6ff-4c48-942b-44ae00a16114" />
      <TestMethod codeBase="D:\v2.0\A1\_work\dbded102\bin\Release.AnyCPU\Tfs.Service\MS.TF.Server.WebAccess.Agile.L0.Tests\MS.TF.Server.WebAccess.Agile.L0.Tests.dll" adapterTypeName="Microsoft.VisualStudio.TestTools.TestTypes.Unit.UnitTestAdapter" className="MS.TF.Server.WebAccess.Agile.L0.Tests.ProductBacklogReorderHelperTests" name="ReorderWithNonexistantParentId" />
    </UnitTest>
    <UnitTest name="ReorderWithAncesterIdAsParentId" storage="d:\v2.0\a1\_work\dbded102\bin\release.anycpu\tfs.service\ms.tf.server.webaccess.agile.l0.tests\ms.tf.server.webaccess.agile.l0.tests.dll" id="a55ee9bd-dc5c-110a-4208-c3c50f1fcd9a">
      <Execution id="4248220a-d158-490f-a4c8-e878d70fe1c2" />
      <TestMethod codeBase="D:\v2.0\A1\_work\dbded102\bin\Release.AnyCPU\Tfs.Service\MS.TF.Server.WebAccess.Agile.L0.Tests\MS.TF.Server.WebAccess.Agile.L0.Tests.dll" adapterTypeName="Microsoft.VisualStudio.TestTools.TestTypes.Unit.UnitTestAdapter" className="MS.TF.Server.WebAccess.Agile.L0.Tests.ProductBacklogReorderHelperTests" name="ReorderWithAncesterIdAsParentId" />
    </UnitTest>
    <UnitTest name="ReorderWithSelfAsParentId" storage="d:\v2.0\a1\_work\dbded102\bin\release.anycpu\tfs.service\ms.tf.server.webaccess.agile.l0.tests\ms.tf.server.webaccess.agile.l0.tests.dll" id="24652c24-2399-da68-b610-871956400e6c">
      <Execution id="c69b15bb-82d0-4e0a-95f3-7f54ed4de768" />
      <TestMethod codeBase="D:\v2.0\A1\_work\dbded102\bin\Release.AnyCPU\Tfs.Service\MS.TF.Server.WebAccess.Agile.L0.Tests\MS.TF.Server.WebAccess.Agile.L0.Tests.dll" adapterTypeName="Microsoft.VisualStudio.TestTools.TestTypes.Unit.UnitTestAdapter" className="MS.TF.Server.WebAccess.Agile.L0.Tests.ProductBacklogReorderHelperTests" name="ReorderWithSelfAsParentId" />
    </UnitTest>
    <UnitTest name="ReorderWithPreviousAsParentId" storage="d:\v2.0\a1\_work\dbded102\bin\release.anycpu\tfs.service\ms.tf.server.webaccess.agile.l0.tests\ms.tf.server.webaccess.agile.l0.tests.dll" id="be5f6023-11cc-2a13-206d-dfb58b23d0ee">
      <Execution id="705d6140-2e60-40de-9135-1af46a66df1b" />
      <TestMethod codeBase="D:\v2.0\A1\_work\dbded102\bin\Release.AnyCPU\Tfs.Service\MS.TF.Server.WebAccess.Agile.L0.Tests\MS.TF.Server.WebAccess.Agile.L0.Tests.dll" adapterTypeName="Microsoft.VisualStudio.TestTools.TestTypes.Unit.UnitTestAdapter" className="MS.TF.Server.WebAccess.Agile.L0.Tests.ProductBacklogReorderHelperTests" name="ReorderWithPreviousAsParentId" />
    </UnitTest>
    <UnitTest name="ReorderWithNextAsParentId" storage="d:\v2.0\a1\_work\dbded102\bin\release.anycpu\tfs.service\ms.tf.server.webaccess.agile.l0.tests\ms.tf.server.webaccess.agile.l0.tests.dll" id="39408757-ae26-edb2-341b-ae7b08284b28">
      <Execution id="c591fdd1-2704-4f57-a40f-07a512728204" />
      <TestMethod codeBase="D:\v2.0\A1\_work\dbded102\bin\Release.AnyCPU\Tfs.Service\MS.TF.Server.WebAccess.Agile.L0.Tests\MS.TF.Server.WebAccess.Agile.L0.Tests.dll" adapterTypeName="Microsoft.VisualStudio.TestTools.TestTypes.Unit.UnitTestAdapter" className="MS.TF.Server.WebAccess.Agile.L0.Tests.ProductBacklogReorderHelperTests" name="ReorderWithNextAsParentId" />
    </UnitTest>
    <UnitTest name="ReorderWithPreviousWrongType" storage="d:\v2.0\a1\_work\dbded102\bin\release.anycpu\tfs.service\ms.tf.server.webaccess.agile.l0.tests\ms.tf.server.webaccess.agile.l0.tests.dll" id="5af525b4-ab9c-22ca-d4c5-e76756c55c60">
      <Execution id="0709752b-a484-44ee-8052-f523dd24d239" />
      <TestMethod codeBase="D:\v2.0\A1\_work\dbded102\bin\Release.AnyCPU\Tfs.Service\MS.TF.Server.WebAccess.Agile.L0.Tests\MS.TF.Server.WebAccess.Agile.L0.Tests.dll" adapterTypeName="Microsoft.VisualStudio.TestTools.TestTypes.Unit.UnitTestAdapter" className="MS.TF.Server.WebAccess.Agile.L0.Tests.ProductBacklogReorderHelperTests" name="ReorderWithPreviousWrongType" />
    </UnitTest>
    <UnitTest name="ReorderWithNextWrongType" storage="d:\v2.0\a1\_work\dbded102\bin\release.anycpu\tfs.service\ms.tf.server.webaccess.agile.l0.tests\ms.tf.server.webaccess.agile.l0.tests.dll" id="c427bc49-60ce-d2bb-dd88-5f1e689bfd46">
      <Execution id="4f415434-7870-4acb-ba25-391ccb180577" />
      <TestMethod codeBase="D:\v2.0\A1\_work\dbded102\bin\Release.AnyCPU\Tfs.Service\MS.TF.Server.WebAccess.Agile.L0.Tests\MS.TF.Server.WebAccess.Agile.L0.Tests.dll" adapterTypeName="Microsoft.VisualStudio.TestTools.TestTypes.Unit.UnitTestAdapter" className="MS.TF.Server.WebAccess.Agile.L0.Tests.ProductBacklogReorderHelperTests" name="ReorderWithNextWrongType" />
    </UnitTest>
    <UnitTest name="ReorderWithPreviousAndNextUnspecified" storage="d:\v2.0\a1\_work\dbded102\bin\release.anycpu\tfs.service\ms.tf.server.webaccess.agile.l0.tests\ms.tf.server.webaccess.agile.l0.tests.dll" id="64ebb190-2654-4a9e-5165-419c3152cf3f">
      <Execution id="2b8dcdb7-2b20-41eb-9178-24786b296468" />
      <TestMethod codeBase="D:\v2.0\A1\_work\dbded102\bin\Release.AnyCPU\Tfs.Service\MS.TF.Server.WebAccess.Agile.L0.Tests\MS.TF.Server.WebAccess.Agile.L0.Tests.dll" adapterTypeName="Microsoft.VisualStudio.TestTools.TestTypes.Unit.UnitTestAdapter" className="MS.TF.Server.WebAccess.Agile.L0.Tests.ProductBacklogReorderHelperTests" name="ReorderWithPreviousAndNextUnspecified" />
    </UnitTest>
    <UnitTest name="ReorderWithParentCompleted" storage="d:\v2.0\a1\_work\dbded102\bin\release.anycpu\tfs.service\ms.tf.server.webaccess.agile.l0.tests\ms.tf.server.webaccess.agile.l0.tests.dll" id="0d097695-8beb-4130-a9fe-8327ffd30fdc">
      <Execution id="b6a53614-91c7-4c3c-9630-3dc88dd48248" />
      <TestMethod codeBase="D:\v2.0\A1\_work\dbded102\bin\Release.AnyCPU\Tfs.Service\MS.TF.Server.WebAccess.Agile.L0.Tests\MS.TF.Server.WebAccess.Agile.L0.Tests.dll" adapterTypeName="Microsoft.VisualStudio.TestTools.TestTypes.Unit.UnitTestAdapter" className="MS.TF.Server.WebAccess.Agile.L0.Tests.ProductBacklogReorderHelperTests" name="ReorderWithParentCompleted" />
    </UnitTest>
    <UnitTest name="ReorderWithParentCompletedWithPreviousAndNextSpecified" storage="d:\v2.0\a1\_work\dbded102\bin\release.anycpu\tfs.service\ms.tf.server.webaccess.agile.l0.tests\ms.tf.server.webaccess.agile.l0.tests.dll" id="88c95755-c16d-6582-8793-37985fbd9879">
      <Execution id="d8021915-c413-471d-8ceb-7c501c4ab5c1" />
      <TestMethod codeBase="D:\v2.0\A1\_work\dbded102\bin\Release.AnyCPU\Tfs.Service\MS.TF.Server.WebAccess.Agile.L0.Tests\MS.TF.Server.WebAccess.Agile.L0.Tests.dll" adapterTypeName="Microsoft.VisualStudio.TestTools.TestTypes.Unit.UnitTestAdapter" className="MS.TF.Server.WebAccess.Agile.L0.Tests.ProductBacklogReorderHelperTests" name="ReorderWithParentCompletedWithPreviousAndNextSpecified" />
    </UnitTest>
    <UnitTest name="ReorderWithParentCompletedWithNextSpecified" storage="d:\v2.0\a1\_work\dbded102\bin\release.anycpu\tfs.service\ms.tf.server.webaccess.agile.l0.tests\ms.tf.server.webaccess.agile.l0.tests.dll" id="a5bf600b-c8f3-8352-3f8e-e12be13c716e">
      <Execution id="cb7cd78a-bb49-4130-8b8e-e68b213456f8" />
      <TestMethod codeBase="D:\v2.0\A1\_work\dbded102\bin\Release.AnyCPU\Tfs.Service\MS.TF.Server.WebAccess.Agile.L0.Tests\MS.TF.Server.WebAccess.Agile.L0.Tests.dll" adapterTypeName="Microsoft.VisualStudio.TestTools.TestTypes.Unit.UnitTestAdapter" className="MS.TF.Server.WebAccess.Agile.L0.Tests.ProductBacklogReorderHelperTests" name="ReorderWithParentCompletedWithNextSpecified" />
    </UnitTest>
    <UnitTest name="ReorderMultipleWithParentCompleted" storage="d:\v2.0\a1\_work\dbded102\bin\release.anycpu\tfs.service\ms.tf.server.webaccess.agile.l0.tests\ms.tf.server.webaccess.agile.l0.tests.dll" id="631b2be2-2f26-32f4-e23b-bcf94bfff7ad">
      <Execution id="a099cdd9-772f-4e4b-9ab6-077f3348ebf7" />
      <TestMethod codeBase="D:\v2.0\A1\_work\dbded102\bin\Release.AnyCPU\Tfs.Service\MS.TF.Server.WebAccess.Agile.L0.Tests\MS.TF.Server.WebAccess.Agile.L0.Tests.dll" adapterTypeName="Microsoft.VisualStudio.TestTools.TestTypes.Unit.UnitTestAdapter" className="MS.TF.Server.WebAccess.Agile.L0.Tests.ProductBacklogReorderHelperTests" name="ReorderMultipleWithParentCompleted" />
    </UnitTest>
    <UnitTest name="TeamMembershipExpanderTests_TestGetAllLevelForNONAADGroups" storage="d:\v2.0\a1\_work\dbded102\bin\release.anycpu\tfs.service\ms.tf.server.webaccess.agile.l0.tests\ms.tf.server.webaccess.agile.l0.tests.dll" id="0abcf1b5-6295-7f08-06d1-092d11d91891">
      <Execution id="979ec18d-c267-4763-b2df-b189bef04a91" />
      <TestMethod codeBase="D:\v2.0\A1\_work\dbded102\bin\Release.AnyCPU\Tfs.Service\MS.TF.Server.WebAccess.Agile.L0.Tests\MS.TF.Server.WebAccess.Agile.L0.Tests.dll" adapterTypeName="Microsoft.VisualStudio.TestTools.TestTypes.Unit.UnitTestAdapter" className="MS.TF.Server.WebAccess.Agile.L0.Tests.TeamMembershipExpanderTests" name="TeamMembershipExpanderTests_TestGetAllLevelForNONAADGroups" />
    </UnitTest>
    <UnitTest name="TeamMembershipExpanderTests_TestGetOneLevelsForOneAADGroup" storage="d:\v2.0\a1\_work\dbded102\bin\release.anycpu\tfs.service\ms.tf.server.webaccess.agile.l0.tests\ms.tf.server.webaccess.agile.l0.tests.dll" id="79c21720-1647-6e09-c41c-75d07e659824">
      <Execution id="30ed35bc-4594-4dc8-8497-505fec46a652" />
      <TestMethod codeBase="D:\v2.0\A1\_work\dbded102\bin\Release.AnyCPU\Tfs.Service\MS.TF.Server.WebAccess.Agile.L0.Tests\MS.TF.Server.WebAccess.Agile.L0.Tests.dll" adapterTypeName="Microsoft.VisualStudio.TestTools.TestTypes.Unit.UnitTestAdapter" className="MS.TF.Server.WebAccess.Agile.L0.Tests.TeamMembershipExpanderTests" name="TeamMembershipExpanderTests_TestGetOneLevelsForOneAADGroup" />
    </UnitTest>
    <UnitTest name="TeamMembershipExpanderTests_TestGetNotEnoughLevelsForOneAAD" storage="d:\v2.0\a1\_work\dbded102\bin\release.anycpu\tfs.service\ms.tf.server.webaccess.agile.l0.tests\ms.tf.server.webaccess.agile.l0.tests.dll" id="1ddaac41-2068-0d2e-47e9-ece0ac5dca04">
      <Execution id="879bb4a2-059a-4fec-81e3-c76830b9ddde" />
      <TestMethod codeBase="D:\v2.0\A1\_work\dbded102\bin\Release.AnyCPU\Tfs.Service\MS.TF.Server.WebAccess.Agile.L0.Tests\MS.TF.Server.WebAccess.Agile.L0.Tests.dll" adapterTypeName="Microsoft.VisualStudio.TestTools.TestTypes.Unit.UnitTestAdapter" className="MS.TF.Server.WebAccess.Agile.L0.Tests.TeamMembershipExpanderTests" name="TeamMembershipExpanderTests_TestGetNotEnoughLevelsForOneAAD" />
    </UnitTest>
    <UnitTest name="TeamMembershipExpanderTests_TestGetEnoughUsersForOneAADGroup" storage="d:\v2.0\a1\_work\dbded102\bin\release.anycpu\tfs.service\ms.tf.server.webaccess.agile.l0.tests\ms.tf.server.webaccess.agile.l0.tests.dll" id="9c5b9659-991d-d976-354c-bd9d34052e12">
      <Execution id="d02d9a8a-5a33-440d-a509-383226775e3a" />
      <TestMethod codeBase="D:\v2.0\A1\_work\dbded102\bin\Release.AnyCPU\Tfs.Service\MS.TF.Server.WebAccess.Agile.L0.Tests\MS.TF.Server.WebAccess.Agile.L0.Tests.dll" adapterTypeName="Microsoft.VisualStudio.TestTools.TestTypes.Unit.UnitTestAdapter" className="MS.TF.Server.WebAccess.Agile.L0.Tests.TeamMembershipExpanderTests" name="TeamMembershipExpanderTests_TestGetEnoughUsersForOneAADGroup" />
    </UnitTest>
    <UnitTest name="TeamMembershipExpanderTests_TestAADGroupNoLimit" storage="d:\v2.0\a1\_work\dbded102\bin\release.anycpu\tfs.service\ms.tf.server.webaccess.agile.l0.tests\ms.tf.server.webaccess.agile.l0.tests.dll" id="be5a3836-c873-c238-6ffd-907dd1e371bb">
      <Execution id="4cb73c4a-abf9-4af9-b264-6cb6fdddb3e9" />
      <TestMethod codeBase="D:\v2.0\A1\_work\dbded102\bin\Release.AnyCPU\Tfs.Service\MS.TF.Server.WebAccess.Agile.L0.Tests\MS.TF.Server.WebAccess.Agile.L0.Tests.dll" adapterTypeName="Microsoft.VisualStudio.TestTools.TestTypes.Unit.UnitTestAdapter" className="MS.TF.Server.WebAccess.Agile.L0.Tests.TeamMembershipExpanderTests" name="TeamMembershipExpanderTests_TestAADGroupNoLimit" />
    </UnitTest>
    <UnitTest name="GetSubTreeIdsByLeafNodesReturnsLimitedItems" storage="d:\v2.0\a1\_work\dbded102\bin\release.anycpu\tfs.service\ms.tf.server.webaccess.agile.l0.tests\ms.tf.server.webaccess.agile.l0.tests.dll" id="c9b92bf6-b944-8dd6-0870-0fa1791a6bd2">
      <Execution id="1e8c1287-1bd4-4463-ba76-c88a9f93de87" />
      <TestMethod codeBase="D:\v2.0\A1\_work\dbded102\bin\Release.AnyCPU\Tfs.Service\MS.TF.Server.WebAccess.Agile.L0.Tests\MS.TF.Server.WebAccess.Agile.L0.Tests.dll" adapterTypeName="Microsoft.VisualStudio.TestTools.TestTypes.Unit.UnitTestAdapter" className="MS.TF.Server.WebAccess.Agile.L0.Tests.WorkItemSourceTests" name="GetSubTreeIdsByLeafNodesReturnsLimitedItems" />
    </UnitTest>
    <UnitTest name="GetSubTreeIdsByLeafNodesReturnsAllItemsAtTheLimit" storage="d:\v2.0\a1\_work\dbded102\bin\release.anycpu\tfs.service\ms.tf.server.webaccess.agile.l0.tests\ms.tf.server.webaccess.agile.l0.tests.dll" id="9f1d7057-bcac-8a60-80dd-e1f190dd579b">
      <Execution id="05f57e5b-28fc-4afb-9fce-7b0d1a46e0e4" />
      <TestMethod codeBase="D:\v2.0\A1\_work\dbded102\bin\Release.AnyCPU\Tfs.Service\MS.TF.Server.WebAccess.Agile.L0.Tests\MS.TF.Server.WebAccess.Agile.L0.Tests.dll" adapterTypeName="Microsoft.VisualStudio.TestTools.TestTypes.Unit.UnitTestAdapter" className="MS.TF.Server.WebAccess.Agile.L0.Tests.WorkItemSourceTests" name="GetSubTreeIdsByLeafNodesReturnsAllItemsAtTheLimit" />
    </UnitTest>
    <UnitTest name="GetOrderedLeafIdsReturnsLeafsOnFlatQuery" storage="d:\v2.0\a1\_work\dbded102\bin\release.anycpu\tfs.service\ms.tf.server.webaccess.agile.l0.tests\ms.tf.server.webaccess.agile.l0.tests.dll" id="f9ec4a3c-e352-7889-67ed-be1fdda62423">
      <Execution id="7bdf9112-83ec-400f-b5e4-850c2c15f320" />
      <TestMethod codeBase="D:\v2.0\A1\_work\dbded102\bin\Release.AnyCPU\Tfs.Service\MS.TF.Server.WebAccess.Agile.L0.Tests\MS.TF.Server.WebAccess.Agile.L0.Tests.dll" adapterTypeName="Microsoft.VisualStudio.TestTools.TestTypes.Unit.UnitTestAdapter" className="MS.TF.Server.WebAccess.Agile.L0.Tests.WorkItemSourceTests" name="GetOrderedLeafIdsReturnsLeafsOnFlatQuery" />
    </UnitTest>
    <UnitTest name="GetOrderedLeafIdsReturnsLeafsOnHierarchyQuery" storage="d:\v2.0\a1\_work\dbded102\bin\release.anycpu\tfs.service\ms.tf.server.webaccess.agile.l0.tests\ms.tf.server.webaccess.agile.l0.tests.dll" id="c66508d8-c3fe-c396-1569-534017368d52">
      <Execution id="2a24cbc7-526d-4109-bb7c-5f4229b77160" />
      <TestMethod codeBase="D:\v2.0\A1\_work\dbded102\bin\Release.AnyCPU\Tfs.Service\MS.TF.Server.WebAccess.Agile.L0.Tests\MS.TF.Server.WebAccess.Agile.L0.Tests.dll" adapterTypeName="Microsoft.VisualStudio.TestTools.TestTypes.Unit.UnitTestAdapter" className="MS.TF.Server.WebAccess.Agile.L0.Tests.WorkItemSourceTests" name="GetOrderedLeafIdsReturnsLeafsOnHierarchyQuery" />
    </UnitTest>
    <UnitTest name="GetOrderedLeafIdsDoesNotReturnInProgressNodeThatHasOnlyOutgoingLeaves" storage="d:\v2.0\a1\_work\dbded102\bin\release.anycpu\tfs.service\ms.tf.server.webaccess.agile.l0.tests\ms.tf.server.webaccess.agile.l0.tests.dll" id="05b6e61a-07d6-82db-20e8-d3dc5ecf6dfd">
      <Execution id="f5bb7339-1b08-48a9-aca9-48b5db9842ec" />
      <TestMethod codeBase="D:\v2.0\A1\_work\dbded102\bin\Release.AnyCPU\Tfs.Service\MS.TF.Server.WebAccess.Agile.L0.Tests\MS.TF.Server.WebAccess.Agile.L0.Tests.dll" adapterTypeName="Microsoft.VisualStudio.TestTools.TestTypes.Unit.UnitTestAdapter" className="MS.TF.Server.WebAccess.Agile.L0.Tests.WorkItemSourceTests" name="GetOrderedLeafIdsDoesNotReturnInProgressNodeThatHasOnlyOutgoingLeaves" />
    </UnitTest>
    <UnitTest name="FindAncestorIdsReturnsAncestorsAssociatedWithGivenWorkItems" storage="d:\v2.0\a1\_work\dbded102\bin\release.anycpu\tfs.service\ms.tf.server.webaccess.agile.l0.tests\ms.tf.server.webaccess.agile.l0.tests.dll" id="b8039f94-0ada-07e2-4574-584a59b79aa4">
      <Execution id="742e8761-5be2-4bc6-80f2-5f7a09bfe3a9" />
      <TestMethod codeBase="D:\v2.0\A1\_work\dbded102\bin\Release.AnyCPU\Tfs.Service\MS.TF.Server.WebAccess.Agile.L0.Tests\MS.TF.Server.WebAccess.Agile.L0.Tests.dll" adapterTypeName="Microsoft.VisualStudio.TestTools.TestTypes.Unit.UnitTestAdapter" className="MS.TF.Server.WebAccess.Agile.L0.Tests.WorkItemSourceTests" name="FindAncestorIdsReturnsAncestorsAssociatedWithGivenWorkItems" />
    </UnitTest>
    <UnitTest name="GetHierarchyByIdsReturnsHierarchyAssociatedWithGivenWorkItems" storage="d:\v2.0\a1\_work\dbded102\bin\release.anycpu\tfs.service\ms.tf.server.webaccess.agile.l0.tests\ms.tf.server.webaccess.agile.l0.tests.dll" id="833bbad3-0b97-45e1-c6bc-46446d2bd680">
      <Execution id="d553d26a-b411-4bcd-88c8-e1680279a53e" />
      <TestMethod codeBase="D:\v2.0\A1\_work\dbded102\bin\Release.AnyCPU\Tfs.Service\MS.TF.Server.WebAccess.Agile.L0.Tests\MS.TF.Server.WebAccess.Agile.L0.Tests.dll" adapterTypeName="Microsoft.VisualStudio.TestTools.TestTypes.Unit.UnitTestAdapter" className="MS.TF.Server.WebAccess.Agile.L0.Tests.WorkItemSourceTests" name="GetHierarchyByIdsReturnsHierarchyAssociatedWithGivenWorkItems" />
    </UnitTest>
    <UnitTest name="GetTeamConfigurations_ReturnsAllTeamsRequested" storage="d:\v2.0\a1\_work\dbded102\bin\release.anycpu\tfs.service\ms.tf.server.webaccess.agile.l0.tests\ms.tf.server.webaccess.agile.l0.tests.dll" id="ef58211e-bb60-d946-aa3e-f565054a0ab5">
      <Owners>
        <Owner name="vscsbacklogs" />
      </Owners>
      <Execution id="51ac81dc-5ebe-4a26-ae3b-980917588677" />
      <TestMethod codeBase="D:\v2.0\A1\_work\dbded102\bin\Release.AnyCPU\Tfs.Service\MS.TF.Server.WebAccess.Agile.L0.Tests\MS.TF.Server.WebAccess.Agile.L0.Tests.dll" adapterTypeName="Microsoft.VisualStudio.TestTools.TestTypes.Unit.UnitTestAdapter" className="MS.TF.Server.WebAccess.Agile.L0.Tests.WebServices.TeamConfigurationServiceImplTests" name="GetTeamConfigurations_ReturnsAllTeamsRequested" />
    </UnitTest>
    <UnitTest name="GetTeamConfigurations_ReturnsNullForInvalidTeams" storage="d:\v2.0\a1\_work\dbded102\bin\release.anycpu\tfs.service\ms.tf.server.webaccess.agile.l0.tests\ms.tf.server.webaccess.agile.l0.tests.dll" id="b3ba6028-4c45-5282-e09e-a7d9afa4484d">
      <Owners>
        <Owner name="vscsbacklogs" />
      </Owners>
      <Execution id="feb7c530-f825-4b1a-aa92-b5a8d494d030" />
      <TestMethod codeBase="D:\v2.0\A1\_work\dbded102\bin\Release.AnyCPU\Tfs.Service\MS.TF.Server.WebAccess.Agile.L0.Tests\MS.TF.Server.WebAccess.Agile.L0.Tests.dll" adapterTypeName="Microsoft.VisualStudio.TestTools.TestTypes.Unit.UnitTestAdapter" className="MS.TF.Server.WebAccess.Agile.L0.Tests.WebServices.TeamConfigurationServiceImplTests" name="GetTeamConfigurations_ReturnsNullForInvalidTeams" />
    </UnitTest>
    <UnitTest name="GetDefaultTeamIds_ReturnsDefaultTeamIds_ForValidProject" storage="d:\v2.0\a1\_work\dbded102\bin\release.anycpu\tfs.service\ms.tf.server.webaccess.agile.l0.tests\ms.tf.server.webaccess.agile.l0.tests.dll" id="d738ecba-b8c2-1d73-a292-1d78e8f11758">
      <Owners>
        <Owner name="vscsbacklogs" />
      </Owners>
      <Execution id="72de53ee-6b5a-406a-bf6d-dc38da2aae74" />
      <TestMethod codeBase="D:\v2.0\A1\_work\dbded102\bin\Release.AnyCPU\Tfs.Service\MS.TF.Server.WebAccess.Agile.L0.Tests\MS.TF.Server.WebAccess.Agile.L0.Tests.dll" adapterTypeName="Microsoft.VisualStudio.TestTools.TestTypes.Unit.UnitTestAdapter" className="MS.TF.Server.WebAccess.Agile.L0.Tests.WebServices.TeamConfigurationServiceImplTests" name="GetDefaultTeamIds_ReturnsDefaultTeamIds_ForValidProject" />
    </UnitTest>
    <UnitTest name="GetDefaultTeamIds_ReturnsGuidEmpty_ForInvalidProjects" storage="d:\v2.0\a1\_work\dbded102\bin\release.anycpu\tfs.service\ms.tf.server.webaccess.agile.l0.tests\ms.tf.server.webaccess.agile.l0.tests.dll" id="00b3ce80-ec8b-ea99-8bef-a1fd1681c5fe">
      <Owners>
        <Owner name="vscsbacklogs" />
      </Owners>
      <Execution id="f2aea159-60d3-40fb-b4ae-bafa71b85f83" />
      <TestMethod codeBase="D:\v2.0\A1\_work\dbded102\bin\Release.AnyCPU\Tfs.Service\MS.TF.Server.WebAccess.Agile.L0.Tests\MS.TF.Server.WebAccess.Agile.L0.Tests.dll" adapterTypeName="Microsoft.VisualStudio.TestTools.TestTypes.Unit.UnitTestAdapter" className="MS.TF.Server.WebAccess.Agile.L0.Tests.WebServices.TeamConfigurationServiceImplTests" name="GetDefaultTeamIds_ReturnsGuidEmpty_ForInvalidProjects" />
    </UnitTest>
    <UnitTest name="ApiTeamChartBurnDownInvalidDimensions" storage="d:\v2.0\a1\_work\dbded102\bin\release.anycpu\tfs.service\ms.tf.server.webaccess.agile.l0.tests\ms.tf.server.webaccess.agile.l0.tests.dll" id="99ee03c0-a8dc-139c-41cd-20d702927e2c">
      <Execution id="eb4a930e-35cc-45e5-9907-96b8e86b664a" />
      <TestMethod codeBase="D:\v2.0\A1\_work\dbded102\bin\Release.AnyCPU\Tfs.Service\MS.TF.Server.WebAccess.Agile.L0.Tests\MS.TF.Server.WebAccess.Agile.L0.Tests.dll" adapterTypeName="Microsoft.VisualStudio.TestTools.TestTypes.Unit.UnitTestAdapter" className="MS.TF.Server.WebAccess.Agile.L0.Tests.Controllers.ApiTeamChartControllerTests" name="ApiTeamChartBurnDownInvalidDimensions" />
    </UnitTest>
    <UnitTest name="ApiTeamChartVelocityInvalidDimensions" storage="d:\v2.0\a1\_work\dbded102\bin\release.anycpu\tfs.service\ms.tf.server.webaccess.agile.l0.tests\ms.tf.server.webaccess.agile.l0.tests.dll" id="e735e640-5505-18b0-0a9b-cfe2e1608d66">
      <Execution id="0e017e0b-9061-4916-a7f0-fb6cc9493692" />
      <TestMethod codeBase="D:\v2.0\A1\_work\dbded102\bin\Release.AnyCPU\Tfs.Service\MS.TF.Server.WebAccess.Agile.L0.Tests\MS.TF.Server.WebAccess.Agile.L0.Tests.dll" adapterTypeName="Microsoft.VisualStudio.TestTools.TestTypes.Unit.UnitTestAdapter" className="MS.TF.Server.WebAccess.Agile.L0.Tests.Controllers.ApiTeamChartControllerTests" name="ApiTeamChartVelocityInvalidDimensions" />
    </UnitTest>
    <UnitTest name="ApiTeamChartCFDInvalidDimensions" storage="d:\v2.0\a1\_work\dbded102\bin\release.anycpu\tfs.service\ms.tf.server.webaccess.agile.l0.tests\ms.tf.server.webaccess.agile.l0.tests.dll" id="bef6291e-c0d5-acaa-51e1-91873bc4afc9">
      <Execution id="ae7f51c8-a7c7-4c6c-89f3-410e3cd94b87" />
      <TestMethod codeBase="D:\v2.0\A1\_work\dbded102\bin\Release.AnyCPU\Tfs.Service\MS.TF.Server.WebAccess.Agile.L0.Tests\MS.TF.Server.WebAccess.Agile.L0.Tests.dll" adapterTypeName="Microsoft.VisualStudio.TestTools.TestTypes.Unit.UnitTestAdapter" className="MS.TF.Server.WebAccess.Agile.L0.Tests.Controllers.ApiTeamChartControllerTests" name="ApiTeamChartCFDInvalidDimensions" />
    </UnitTest>
    <UnitTest name="Payload_ReturnsJsonResult" storage="d:\v2.0\a1\_work\dbded102\bin\release.anycpu\tfs.service\ms.tf.server.webaccess.agile.l0.tests\ms.tf.server.webaccess.agile.l0.tests.dll" id="ac02972a-b169-2bac-eef1-66c1b9efef35">
      <Execution id="f12edf49-027b-43ab-879a-7ef6139317e1" />
      <TestMethod codeBase="D:\v2.0\A1\_work\dbded102\bin\Release.AnyCPU\Tfs.Service\MS.TF.Server.WebAccess.Agile.L0.Tests\MS.TF.Server.WebAccess.Agile.L0.Tests.dll" adapterTypeName="Microsoft.VisualStudio.TestTools.TestTypes.Unit.UnitTestAdapter" className="MS.TF.Server.WebAccess.Agile.L0.Tests.Controllers.ApiBacklogControllerTests" name="Payload_ReturnsJsonResult" />
    </UnitTest>
  </TestDefinitions>
  <TestEntries>
    <TestEntry testId="8b6f4d4f-deb2-d60c-888b-02aba7a1f289" executionId="27d9289b-23eb-4356-a3bf-c609f0dd7ff4" testListId="8c84fa94-04c1-424b-9868-57a2d4851a1d" />
    <TestEntry testId="e994fcb6-c53a-8b91-2ec2-7084f8e6ab25" executionId="4ee7e15c-7db5-4976-8af8-cbfcd9d0704a" testListId="8c84fa94-04c1-424b-9868-57a2d4851a1d" />
    <TestEntry testId="8cb063cf-a87f-3ccc-db8a-19a4c662791f" executionId="9700f9e9-2267-45f7-8595-8cd39fd3925d" testListId="8c84fa94-04c1-424b-9868-57a2d4851a1d" />
    <TestEntry testId="97252d96-8127-08e4-b667-28ed0a83f7c1" executionId="cf4d1ccd-01f2-443d-9754-8ea13e986387" testListId="8c84fa94-04c1-424b-9868-57a2d4851a1d" />
    <TestEntry testId="fb9e61f1-4067-67ce-023b-dbabb07e434a" executionId="f1322eb2-6bdc-4b40-886b-c7ad6e8a779f" testListId="8c84fa94-04c1-424b-9868-57a2d4851a1d" />
    <TestEntry testId="b2a2206e-d088-a6fc-38c1-6b6c3b7df570" executionId="8853fe68-0368-4294-806d-9642a0e97ee0" testListId="8c84fa94-04c1-424b-9868-57a2d4851a1d" />
    <TestEntry testId="e5e8e50e-a86e-95d3-a725-2f27a333724d" executionId="2149edbd-f3a2-4d5d-a5f2-73cda01e82cf" testListId="8c84fa94-04c1-424b-9868-57a2d4851a1d" />
    <TestEntry testId="dbeaac4d-7d30-672c-785b-e54abf246c82" executionId="dc0f8e3a-1554-481f-a2de-d59ba1c89feb" testListId="8c84fa94-04c1-424b-9868-57a2d4851a1d" />
    <TestEntry testId="8767ef51-10ce-b1aa-3346-ac124ebcdd69" executionId="54d9e782-82d0-43d4-8f2f-d65572c355ee" testListId="8c84fa94-04c1-424b-9868-57a2d4851a1d" />
    <TestEntry testId="bb3a51c4-4311-5a29-77d7-328aa5180999" executionId="7b704784-3f65-4ddf-a010-7179dda8e09a" testListId="8c84fa94-04c1-424b-9868-57a2d4851a1d" />
    <TestEntry testId="0e15c96f-6645-fca4-8177-3901f8b9422d" executionId="9e1ee0df-65d5-4c76-a1d7-8dcfab3e1488" testListId="8c84fa94-04c1-424b-9868-57a2d4851a1d" />
    <TestEntry testId="c412a4a7-ca7f-0efa-3c59-9c95dc2c38fd" executionId="9fc12424-cec2-4440-bc94-3378b003a1d2" testListId="8c84fa94-04c1-424b-9868-57a2d4851a1d" />
    <TestEntry testId="5518650b-bb90-e92b-bb9f-95ae5868fe2c" executionId="4fcb7807-33e6-4a5f-8835-baa4edb1499c" testListId="8c84fa94-04c1-424b-9868-57a2d4851a1d" />
    <TestEntry testId="880e8e02-e352-6e9f-3fdc-0698cd423649" executionId="6f2359d6-6122-4074-86a1-fbf0c72a34f9" testListId="8c84fa94-04c1-424b-9868-57a2d4851a1d" />
    <TestEntry testId="68a3b5d4-e8bb-01c4-9af0-e52821608412" executionId="d021cc8c-0c9f-4c0d-9e59-74c68af7db58" testListId="8c84fa94-04c1-424b-9868-57a2d4851a1d" />
    <TestEntry testId="9d37a551-3528-20cd-f77e-5875af787d8c" executionId="abd6fc07-7eac-4bbe-9721-12188d82c6a2" testListId="8c84fa94-04c1-424b-9868-57a2d4851a1d" />
    <TestEntry testId="b0a6bec3-62c5-72dc-2db6-4e9f884d95ac" executionId="3cc14722-3288-4ea1-bbe4-eed57c0d4173" testListId="8c84fa94-04c1-424b-9868-57a2d4851a1d" />
    <TestEntry testId="8c8ee37d-1d43-9fd9-74e2-eaa2c9057c1a" executionId="0c5f00c4-e750-4555-a014-bcfbfa5da2ea" testListId="8c84fa94-04c1-424b-9868-57a2d4851a1d" />
    <TestEntry testId="d3d063ee-ae59-a238-1799-97b79f165854" executionId="7f7b3dd9-09ba-4851-9bcc-15f48f981845" testListId="8c84fa94-04c1-424b-9868-57a2d4851a1d" />
    <TestEntry testId="4707998e-8f15-7dae-a19f-3f255d22c34c" executionId="e9f1364f-3e16-4ce2-ade9-6041d9155dad" testListId="8c84fa94-04c1-424b-9868-57a2d4851a1d" />
    <TestEntry testId="efec8cf8-6e97-1f8b-f89b-5743e3195935" executionId="d2ccfcd6-f9ff-42bd-821c-2b323137b677" testListId="8c84fa94-04c1-424b-9868-57a2d4851a1d" />
    <TestEntry testId="c406a2b3-55f9-3878-18db-3f949a78e63f" executionId="6a10361d-d7be-489a-a32e-8c606a6e269b" testListId="8c84fa94-04c1-424b-9868-57a2d4851a1d" />
    <TestEntry testId="84b9d669-dd1f-74ba-b573-0d4df63e72eb" executionId="a3fe31b9-0a2d-4fc6-adfd-ed4c143cf1b2" testListId="8c84fa94-04c1-424b-9868-57a2d4851a1d" />
    <TestEntry testId="7a560219-cefa-b5f5-0d62-322bdfdbd616" executionId="d9dca60c-5170-4707-a5c8-8154d5eff49e" testListId="8c84fa94-04c1-424b-9868-57a2d4851a1d" />
    <TestEntry testId="4bfd8e3a-0baa-6e06-08af-35b9b3c29ff6" executionId="f9b4b9d5-ddbc-4787-bccb-f24b92505132" testListId="8c84fa94-04c1-424b-9868-57a2d4851a1d" />
    <TestEntry testId="269c652e-00ca-6266-d356-a541f2ad11bd" executionId="e8cff1f9-0139-4e9f-9635-af3806b9fcc7" testListId="8c84fa94-04c1-424b-9868-57a2d4851a1d" />
    <TestEntry testId="41b01034-0dee-549f-b359-32c7b0ba1119" executionId="f87bb039-baf0-44eb-bce9-acd1aade7cc7" testListId="8c84fa94-04c1-424b-9868-57a2d4851a1d" />
    <TestEntry testId="14c5a609-4ab9-fc5f-5d03-6b38356799cb" executionId="d531871a-c825-4d8e-aadb-8c40884c0af2" testListId="8c84fa94-04c1-424b-9868-57a2d4851a1d" />
    <TestEntry testId="b5b7a845-ae56-0be7-a960-748b85812f19" executionId="f2beb24e-03b6-49a9-a848-42e443182ece" testListId="8c84fa94-04c1-424b-9868-57a2d4851a1d" />
    <TestEntry testId="504b21c1-e862-dd7f-ec2f-9aff3807b824" executionId="e399928c-6823-49d7-ad4b-009fffd72f36" testListId="8c84fa94-04c1-424b-9868-57a2d4851a1d" />
    <TestEntry testId="13cf6d80-697e-3868-8bb0-3573be28281b" executionId="6d6ae6a7-2f9d-429f-a656-562e1016e6b9" testListId="8c84fa94-04c1-424b-9868-57a2d4851a1d" />
    <TestEntry testId="4ba94f02-ac08-7bbd-429e-518e42178a93" executionId="12efda65-4dd0-4754-8aee-83b7b9c1921c" testListId="8c84fa94-04c1-424b-9868-57a2d4851a1d" />
    <TestEntry testId="5dd7a611-dc47-ceb8-2f8f-33611360c522" executionId="88552bbf-9c4b-4d63-8dc3-eadabbe6fde1" testListId="8c84fa94-04c1-424b-9868-57a2d4851a1d" />
    <TestEntry testId="511e8609-6c70-5dc2-54cf-31df68aeb3e6" executionId="84a0cdbc-0839-475c-93e6-90141b7e458b" testListId="8c84fa94-04c1-424b-9868-57a2d4851a1d" />
    <TestEntry testId="52c46803-a0f6-25a4-4249-282b36a5a0ab" executionId="30ac139d-e908-48c5-8597-fa84b0aeab15" testListId="8c84fa94-04c1-424b-9868-57a2d4851a1d" />
    <TestEntry testId="eae8848d-6115-9563-fdcd-e384eeee224e" executionId="f1bb22f6-ec16-48df-ba43-b5ec6df00b90" testListId="8c84fa94-04c1-424b-9868-57a2d4851a1d" />
    <TestEntry testId="6d6faa32-3b2a-c1c4-52cc-83bd80e810a8" executionId="d2b8797a-49b6-4afe-bdba-5a124b68b5f1" testListId="8c84fa94-04c1-424b-9868-57a2d4851a1d" />
    <TestEntry testId="bce72aa3-4e17-029c-7c0d-e7a27543dc70" executionId="2666a250-a722-4f2c-9848-30e7b826a158" testListId="8c84fa94-04c1-424b-9868-57a2d4851a1d" />
    <TestEntry testId="a476e68a-27b4-8e72-ccc2-21b18bd5c818" executionId="9f1a1332-ddf1-4aef-890c-6df203f7d8a3" testListId="8c84fa94-04c1-424b-9868-57a2d4851a1d" />
    <TestEntry testId="6dab23ae-9d94-de14-be6c-c70c1bb6f57b" executionId="def4b258-36e8-42ac-a056-d10df9e3361f" testListId="8c84fa94-04c1-424b-9868-57a2d4851a1d" />
    <TestEntry testId="1e4f4bb3-9141-c904-7bfd-d4617000c5e5" executionId="ea04d87d-8599-4b92-bdc4-11b0f6bb9d69" testListId="8c84fa94-04c1-424b-9868-57a2d4851a1d" />
    <TestEntry testId="b1f40a5e-a45f-e24c-a7d7-6eae6ee7b991" executionId="b4c134b1-8af9-46c2-94e1-2f6f31185e28" testListId="8c84fa94-04c1-424b-9868-57a2d4851a1d" />
    <TestEntry testId="657de772-3fcd-3b65-2053-3ead5425e7c6" executionId="65efa03a-9f77-4185-aff9-6ce200cb995b" testListId="8c84fa94-04c1-424b-9868-57a2d4851a1d" />
    <TestEntry testId="1abfd55f-9126-41b5-91ec-3fdd6a48fe08" executionId="1ea78d22-5ce5-4ea1-a519-b5ec9d328826" testListId="8c84fa94-04c1-424b-9868-57a2d4851a1d" />
    <TestEntry testId="135bd3cc-a3d0-0e8e-c7dd-c01838450987" executionId="4ae0534b-827b-48d5-9495-1b7c61c2e8f4" testListId="8c84fa94-04c1-424b-9868-57a2d4851a1d" />
    <TestEntry testId="f2579132-020f-93dc-a778-85a7430ebe6f" executionId="ba327c32-cb78-4802-a1a8-e6535751065e" testListId="8c84fa94-04c1-424b-9868-57a2d4851a1d" />
    <TestEntry testId="35d75ff1-11a3-3c59-787e-2fa096d900e7" executionId="fdd0d4e6-ffa8-4815-b730-711230d90b7f" testListId="8c84fa94-04c1-424b-9868-57a2d4851a1d" />
    <TestEntry testId="b46e27ab-270a-f0f7-02a8-79386af6870f" executionId="273515f1-dd2d-48b9-b938-d000b4b04c3d" testListId="8c84fa94-04c1-424b-9868-57a2d4851a1d" />
    <TestEntry testId="265242c8-b157-f416-7c62-cdbebd4a8b88" executionId="fb5763bb-0a37-4a8b-a48a-021fddd3501e" testListId="8c84fa94-04c1-424b-9868-57a2d4851a1d" />
    <TestEntry testId="4b6a149a-2eb7-aa88-1209-75a9d58e66a9" executionId="b2b36620-7272-4576-8e9d-891c9e037e61" testListId="8c84fa94-04c1-424b-9868-57a2d4851a1d" />
    <TestEntry testId="22e2833f-808c-e61e-3576-48b515d8f59c" executionId="aed09643-d8dc-4b07-802f-5e515272329b" testListId="8c84fa94-04c1-424b-9868-57a2d4851a1d" />
    <TestEntry testId="5c3af8b6-71d6-5354-c644-52fd6dc78720" executionId="4e11e239-a486-4a4d-ae2c-cbdd601f171e" testListId="8c84fa94-04c1-424b-9868-57a2d4851a1d" />
    <TestEntry testId="68e33a3b-cfe1-d94a-785f-61739f4f6495" executionId="b21936bf-54a0-4748-9e7b-f91295de9412" testListId="8c84fa94-04c1-424b-9868-57a2d4851a1d" />
    <TestEntry testId="c74f49ce-d838-9ba4-2135-13f6bb41ded0" executionId="df25cfcf-acd5-452a-a0c8-c4fce4ba3d2f" testListId="8c84fa94-04c1-424b-9868-57a2d4851a1d" />
    <TestEntry testId="c01618f1-cc6f-f568-3459-96d85315f436" executionId="8f4407a9-0dd3-4b17-922e-bab6b001d70a" testListId="8c84fa94-04c1-424b-9868-57a2d4851a1d" />
    <TestEntry testId="83018a7d-8130-510d-3723-52566d088446" executionId="cd81fdce-92d7-4a5a-bf7b-46c58755d935" testListId="8c84fa94-04c1-424b-9868-57a2d4851a1d" />
    <TestEntry testId="55fe48e7-b415-a5bf-0a32-2436b293d85b" executionId="694306c7-068c-444f-be9f-41eac4649218" testListId="8c84fa94-04c1-424b-9868-57a2d4851a1d" />
    <TestEntry testId="21624ac4-c6d2-2884-8b3d-6c13233cbb15" executionId="18b66f11-1d84-4711-9683-464f3ba38323" testListId="8c84fa94-04c1-424b-9868-57a2d4851a1d" />
    <TestEntry testId="cfcbbdfc-348d-84eb-ed5f-f245f9fd3804" executionId="7179e82b-f226-4815-8180-719935011d06" testListId="8c84fa94-04c1-424b-9868-57a2d4851a1d" />
    <TestEntry testId="0f2d53d3-0a15-4290-69d3-80dd903dd8fd" executionId="7b514762-3dcf-4530-a357-b24cb15389c7" testListId="8c84fa94-04c1-424b-9868-57a2d4851a1d" />
    <TestEntry testId="5704764a-4a06-4236-d6df-ed83774996e0" executionId="f8b69628-656c-47a2-866a-644a3db71fe1" testListId="8c84fa94-04c1-424b-9868-57a2d4851a1d" />
    <TestEntry testId="bab88824-84a4-3a20-0f35-3fe76b4e0936" executionId="770a6c9a-44ef-4d6a-9290-b94f3e12184f" testListId="8c84fa94-04c1-424b-9868-57a2d4851a1d" />
    <TestEntry testId="4801259c-42cf-9d6c-e3bb-8fb8ea5e2c7d" executionId="9e8afe5c-2928-4db5-af49-0922742ef5b6" testListId="8c84fa94-04c1-424b-9868-57a2d4851a1d" />
    <TestEntry testId="afa0d6fb-97ac-922f-8d53-aa8949641e8f" executionId="4d25aeca-4388-4662-abc8-f3be11538d12" testListId="8c84fa94-04c1-424b-9868-57a2d4851a1d" />
    <TestEntry testId="dd0f0106-80a1-9de6-27ac-c3b40db5c99e" executionId="8fc16260-ca70-4dcd-b615-f4520bafbbf9" testListId="8c84fa94-04c1-424b-9868-57a2d4851a1d" />
    <TestEntry testId="f5d7d3e9-fae7-ee32-3a96-3fbb6fc1b786" executionId="c2e4294f-3bf6-4e90-ade8-884ffb51e1cf" testListId="8c84fa94-04c1-424b-9868-57a2d4851a1d" />
    <TestEntry testId="4fe38cee-2695-6aaf-2c43-a306c85705b6" executionId="690cdb9f-eaef-494b-94cd-43594669ef50" testListId="8c84fa94-04c1-424b-9868-57a2d4851a1d" />
    <TestEntry testId="ed77acbf-590a-9798-e378-f79c343204f5" executionId="6d2475e6-fb85-47c0-bc1b-de05b2731a32" testListId="8c84fa94-04c1-424b-9868-57a2d4851a1d" />
    <TestEntry testId="2f565832-d136-d62c-f47e-88b51ff55bdb" executionId="86416409-fa56-4af4-a8a9-3107bee3d786" testListId="8c84fa94-04c1-424b-9868-57a2d4851a1d" />
    <TestEntry testId="7478a3bd-1eca-7702-04f5-86c5d6589346" executionId="fb2856ae-ec8e-461d-81b5-f2f67c11b4b9" testListId="8c84fa94-04c1-424b-9868-57a2d4851a1d" />
    <TestEntry testId="e5ca2f32-eb40-5a27-8829-bb63412677a7" executionId="2659843f-79a1-4b83-a5e5-14deae10ff75" testListId="8c84fa94-04c1-424b-9868-57a2d4851a1d" />
    <TestEntry testId="f55bc570-81b9-4069-1d5d-f308dd220be5" executionId="fe748018-e8ec-407d-91bb-bfe5f39fe10b" testListId="8c84fa94-04c1-424b-9868-57a2d4851a1d" />
    <TestEntry testId="0ea7710b-4ddc-990f-73a1-622e277085ed" executionId="4fafc641-0c83-4a63-b20b-9f04ab6f6c74" testListId="8c84fa94-04c1-424b-9868-57a2d4851a1d" />
    <TestEntry testId="9e5e8484-6a40-2426-374f-9be4a4b4430a" executionId="d522d443-37e3-42fb-8fac-6cfa7526ccec" testListId="8c84fa94-04c1-424b-9868-57a2d4851a1d" />
    <TestEntry testId="279a136b-af39-f51c-f30f-44148bf2db79" executionId="8a72fdd4-0a74-4988-a33d-aad8ab421faf" testListId="8c84fa94-04c1-424b-9868-57a2d4851a1d" />
    <TestEntry testId="1acab4a1-c7e3-0aaf-5aba-4dcfccdd0980" executionId="1a49f5b4-2a72-48a1-81cc-a24955f6dce4" testListId="8c84fa94-04c1-424b-9868-57a2d4851a1d" />
    <TestEntry testId="9448101a-b8c0-ae87-0eaa-110a2443e507" executionId="8921d381-f92c-4918-affa-6c212f09c9a2" testListId="8c84fa94-04c1-424b-9868-57a2d4851a1d" />
    <TestEntry testId="eb34280a-8ba6-30f7-bdda-f410865d9707" executionId="ccf718e9-47a2-4556-b11e-e60da6d313e0" testListId="8c84fa94-04c1-424b-9868-57a2d4851a1d" />
    <TestEntry testId="1df707ae-7e66-b9ef-7d82-8eef85241246" executionId="5519af5b-b3cc-441c-bea2-d91b6f2e5ee9" testListId="8c84fa94-04c1-424b-9868-57a2d4851a1d" />
    <TestEntry testId="9269f33b-9272-3957-83db-4f9d64591d90" executionId="15d557f3-8675-46e7-a8bf-3662c1be3663" testListId="8c84fa94-04c1-424b-9868-57a2d4851a1d" />
    <TestEntry testId="a6662172-cb42-8c8d-87ab-0f6b93ce4c6d" executionId="a1a6eed2-6dc5-4142-9368-28d263dd8095" testListId="8c84fa94-04c1-424b-9868-57a2d4851a1d" />
    <TestEntry testId="6fd6b9bc-40c6-7cab-8621-084a9aacee55" executionId="086ecfb7-5ba2-4e65-b9e9-500196248472" testListId="8c84fa94-04c1-424b-9868-57a2d4851a1d" />
    <TestEntry testId="f402c68e-e041-4f23-90e7-7e5f0f6bd3d4" executionId="1f0914c9-7f98-470b-8608-7515ff085dcc" testListId="8c84fa94-04c1-424b-9868-57a2d4851a1d" />
    <TestEntry testId="cc1f89da-2b1b-73e7-3661-9e7b0745367c" executionId="0fe13fb7-3b31-4716-888a-125c2375a49a" testListId="8c84fa94-04c1-424b-9868-57a2d4851a1d" />
    <TestEntry testId="ac1610af-a77d-8b3f-8469-55c117801327" executionId="4e2e0d55-b873-4c43-af89-12652bf54040" testListId="8c84fa94-04c1-424b-9868-57a2d4851a1d" />
    <TestEntry testId="242f79ed-e25c-394a-ade4-3165f2b7042b" executionId="c400c782-0845-4564-a1ef-753a3273dbf6" testListId="8c84fa94-04c1-424b-9868-57a2d4851a1d" />
    <TestEntry testId="2261d1e4-b763-6224-3fb6-8ea54b235d50" executionId="e8610dfd-3317-498f-86e5-a48c2a245a1f" testListId="8c84fa94-04c1-424b-9868-57a2d4851a1d" />
    <TestEntry testId="c0b39992-4b58-5d94-3a0e-79ecfbb8baaf" executionId="19ba434c-7480-498d-9c9d-7fc0474e0de8" testListId="8c84fa94-04c1-424b-9868-57a2d4851a1d" />
    <TestEntry testId="2a5422e1-4733-60ee-5b13-aed278647f48" executionId="42f0f9da-1c77-412a-843f-e3a5feed1a35" testListId="8c84fa94-04c1-424b-9868-57a2d4851a1d" />
    <TestEntry testId="d4a79e32-3bc2-f0dc-a6e1-59306f6e5070" executionId="d3bcee99-77ca-4176-ae9f-5c811ddf0190" testListId="8c84fa94-04c1-424b-9868-57a2d4851a1d" />
    <TestEntry testId="ed24ff0f-c127-8e99-146c-21b6378657e0" executionId="f5bc66d8-1fc3-48ac-a5a8-d2251e1c30f3" testListId="8c84fa94-04c1-424b-9868-57a2d4851a1d" />
    <TestEntry testId="76162abc-04c4-4885-abc0-3f15da78eee7" executionId="9bbc70a2-0fe3-4e3e-a7e0-ec5c69b0ff36" testListId="8c84fa94-04c1-424b-9868-57a2d4851a1d" />
    <TestEntry testId="28016702-8ef6-5f18-b070-bfb537f96eb9" executionId="2cc162fa-d06e-4174-92aa-5500c72fbeff" testListId="8c84fa94-04c1-424b-9868-57a2d4851a1d" />
    <TestEntry testId="f2e3d480-27a3-e732-960e-b7d6c8429d35" executionId="5610e2e5-3bff-40a3-872f-9a3eb880c9f5" testListId="8c84fa94-04c1-424b-9868-57a2d4851a1d" />
    <TestEntry testId="6f0c3078-d10c-493b-96b3-54bd33a7c44c" executionId="78dc243f-6a49-426f-aee8-533eff199a95" testListId="8c84fa94-04c1-424b-9868-57a2d4851a1d" />
    <TestEntry testId="5ebaad72-e175-5e1f-c1a7-2b8b0e16b821" executionId="e75b6621-766f-4ccf-904c-6e6e3b7b3e35" testListId="8c84fa94-04c1-424b-9868-57a2d4851a1d" />
    <TestEntry testId="4f98f849-4f35-02cf-32e7-ce4ed1e708f7" executionId="afff26ce-d454-4734-b32b-5e6a4ff029d4" testListId="8c84fa94-04c1-424b-9868-57a2d4851a1d" />
    <TestEntry testId="2045a19b-0b77-1c68-8fea-e33adbecc89b" executionId="db1cf421-0897-4856-9ad0-7411abffb617" testListId="8c84fa94-04c1-424b-9868-57a2d4851a1d" />
    <TestEntry testId="3d8f2dce-1c56-4043-b20e-a6f1aba19020" executionId="78c7176d-c1e4-44eb-af9e-0eab13b4627b" testListId="8c84fa94-04c1-424b-9868-57a2d4851a1d" />
    <TestEntry testId="127cfd89-459d-f8e9-40ff-7a68ee91d2cb" executionId="21fe2419-5334-4166-9484-d9bc21d81296" testListId="8c84fa94-04c1-424b-9868-57a2d4851a1d" />
    <TestEntry testId="ea19d808-2661-6e6c-fa84-5ca0c078d971" executionId="8183bc04-20cd-49f2-a825-3164faebd905" testListId="8c84fa94-04c1-424b-9868-57a2d4851a1d" />
    <TestEntry testId="12a18e18-c237-f758-e43f-b9d6ccbc2a22" executionId="4649ed33-4b08-4832-b48d-ec23fafc9df8" testListId="8c84fa94-04c1-424b-9868-57a2d4851a1d" />
    <TestEntry testId="7089c75b-863c-cbc2-5774-ce97bac397f7" executionId="f685c699-1119-4318-9458-b312ab740f7f" testListId="8c84fa94-04c1-424b-9868-57a2d4851a1d" />
    <TestEntry testId="01d1af01-60e3-0051-7a98-7fb9ff845f66" executionId="bd785d2b-c269-4e98-a003-8ded7d6b305c" testListId="8c84fa94-04c1-424b-9868-57a2d4851a1d" />
    <TestEntry testId="79f4f820-623a-84b3-5b77-18315f07de43" executionId="8ba25774-3e1b-411e-9a0f-7cef7c4e92ec" testListId="8c84fa94-04c1-424b-9868-57a2d4851a1d" />
    <TestEntry testId="9fe5620d-6271-c412-2fc7-3847f4f9d400" executionId="bd79ef22-5f9a-4cc7-8f5e-cdbbd9985ec2" testListId="8c84fa94-04c1-424b-9868-57a2d4851a1d" />
    <TestEntry testId="790f01d6-2469-e2dc-b460-abc26cbf5eb3" executionId="0c1ba4f4-58a9-475b-81b2-3a84cb001ca4" testListId="8c84fa94-04c1-424b-9868-57a2d4851a1d" />
    <TestEntry testId="7284726f-0bae-ddaa-9353-eebd8ab32bf4" executionId="5d7625b9-d080-402a-98f2-c2482223f4a3" testListId="8c84fa94-04c1-424b-9868-57a2d4851a1d" />
    <TestEntry testId="1ec1005d-32ad-6922-5f02-5f407d14b15a" executionId="fd1120f0-ef5e-40c4-baff-4df292780880" testListId="8c84fa94-04c1-424b-9868-57a2d4851a1d" />
    <TestEntry testId="36d76c21-f62f-fb54-c81e-4cdbf142e0dc" executionId="c4741f4c-b82c-4782-a016-73ccdfcc6bce" testListId="8c84fa94-04c1-424b-9868-57a2d4851a1d" />
    <TestEntry testId="9d806f58-33e8-55cf-b3b8-70b69cca5165" executionId="2ee946ba-c53d-4e9d-87bf-2b1b70dd94f5" testListId="8c84fa94-04c1-424b-9868-57a2d4851a1d" />
    <TestEntry testId="505c6a06-530d-c693-728f-9b28218d378f" executionId="dda3d05d-7ba4-4f15-8044-ba5c25ad53ea" testListId="8c84fa94-04c1-424b-9868-57a2d4851a1d" />
    <TestEntry testId="f8b29032-acd2-b601-2a18-6b4299120927" executionId="18dacd33-868e-413a-af92-837e22768fd3" testListId="8c84fa94-04c1-424b-9868-57a2d4851a1d" />
    <TestEntry testId="020f4abc-a552-1b0a-2173-b0810a3190c8" executionId="2b97e752-115a-4996-a416-cc9d2fb66da2" testListId="8c84fa94-04c1-424b-9868-57a2d4851a1d" />
    <TestEntry testId="05ec789e-cc65-3b6c-45cb-7dc86f9355cd" executionId="75d41702-f6f7-4a3c-b95d-26e5297abf51" testListId="8c84fa94-04c1-424b-9868-57a2d4851a1d" />
    <TestEntry testId="17b3dc5c-368e-4b84-beef-8d4a9cdea33b" executionId="567f0185-9d63-42ed-8255-ee76c76033b1" testListId="8c84fa94-04c1-424b-9868-57a2d4851a1d" />
    <TestEntry testId="213f8a62-2935-95c2-3622-11b2437006cc" executionId="edd0e258-69c5-432e-9db6-42e58d15f026" testListId="8c84fa94-04c1-424b-9868-57a2d4851a1d" />
    <TestEntry testId="9e8eb547-a801-7bb2-6662-1f2104d92f8d" executionId="1fa33454-d6ff-4c48-942b-44ae00a16114" testListId="8c84fa94-04c1-424b-9868-57a2d4851a1d" />
    <TestEntry testId="a55ee9bd-dc5c-110a-4208-c3c50f1fcd9a" executionId="4248220a-d158-490f-a4c8-e878d70fe1c2" testListId="8c84fa94-04c1-424b-9868-57a2d4851a1d" />
    <TestEntry testId="24652c24-2399-da68-b610-871956400e6c" executionId="c69b15bb-82d0-4e0a-95f3-7f54ed4de768" testListId="8c84fa94-04c1-424b-9868-57a2d4851a1d" />
    <TestEntry testId="be5f6023-11cc-2a13-206d-dfb58b23d0ee" executionId="705d6140-2e60-40de-9135-1af46a66df1b" testListId="8c84fa94-04c1-424b-9868-57a2d4851a1d" />
    <TestEntry testId="39408757-ae26-edb2-341b-ae7b08284b28" executionId="c591fdd1-2704-4f57-a40f-07a512728204" testListId="8c84fa94-04c1-424b-9868-57a2d4851a1d" />
    <TestEntry testId="5af525b4-ab9c-22ca-d4c5-e76756c55c60" executionId="0709752b-a484-44ee-8052-f523dd24d239" testListId="8c84fa94-04c1-424b-9868-57a2d4851a1d" />
    <TestEntry testId="c427bc49-60ce-d2bb-dd88-5f1e689bfd46" executionId="4f415434-7870-4acb-ba25-391ccb180577" testListId="8c84fa94-04c1-424b-9868-57a2d4851a1d" />
    <TestEntry testId="64ebb190-2654-4a9e-5165-419c3152cf3f" executionId="2b8dcdb7-2b20-41eb-9178-24786b296468" testListId="8c84fa94-04c1-424b-9868-57a2d4851a1d" />
    <TestEntry testId="0d097695-8beb-4130-a9fe-8327ffd30fdc" executionId="b6a53614-91c7-4c3c-9630-3dc88dd48248" testListId="8c84fa94-04c1-424b-9868-57a2d4851a1d" />
    <TestEntry testId="88c95755-c16d-6582-8793-37985fbd9879" executionId="d8021915-c413-471d-8ceb-7c501c4ab5c1" testListId="8c84fa94-04c1-424b-9868-57a2d4851a1d" />
    <TestEntry testId="a5bf600b-c8f3-8352-3f8e-e12be13c716e" executionId="cb7cd78a-bb49-4130-8b8e-e68b213456f8" testListId="8c84fa94-04c1-424b-9868-57a2d4851a1d" />
    <TestEntry testId="631b2be2-2f26-32f4-e23b-bcf94bfff7ad" executionId="a099cdd9-772f-4e4b-9ab6-077f3348ebf7" testListId="8c84fa94-04c1-424b-9868-57a2d4851a1d" />
    <TestEntry testId="0abcf1b5-6295-7f08-06d1-092d11d91891" executionId="979ec18d-c267-4763-b2df-b189bef04a91" testListId="8c84fa94-04c1-424b-9868-57a2d4851a1d" />
    <TestEntry testId="79c21720-1647-6e09-c41c-75d07e659824" executionId="30ed35bc-4594-4dc8-8497-505fec46a652" testListId="8c84fa94-04c1-424b-9868-57a2d4851a1d" />
    <TestEntry testId="1ddaac41-2068-0d2e-47e9-ece0ac5dca04" executionId="879bb4a2-059a-4fec-81e3-c76830b9ddde" testListId="8c84fa94-04c1-424b-9868-57a2d4851a1d" />
    <TestEntry testId="9c5b9659-991d-d976-354c-bd9d34052e12" executionId="d02d9a8a-5a33-440d-a509-383226775e3a" testListId="8c84fa94-04c1-424b-9868-57a2d4851a1d" />
    <TestEntry testId="be5a3836-c873-c238-6ffd-907dd1e371bb" executionId="4cb73c4a-abf9-4af9-b264-6cb6fdddb3e9" testListId="8c84fa94-04c1-424b-9868-57a2d4851a1d" />
    <TestEntry testId="c9b92bf6-b944-8dd6-0870-0fa1791a6bd2" executionId="1e8c1287-1bd4-4463-ba76-c88a9f93de87" testListId="8c84fa94-04c1-424b-9868-57a2d4851a1d" />
    <TestEntry testId="9f1d7057-bcac-8a60-80dd-e1f190dd579b" executionId="05f57e5b-28fc-4afb-9fce-7b0d1a46e0e4" testListId="8c84fa94-04c1-424b-9868-57a2d4851a1d" />
    <TestEntry testId="f9ec4a3c-e352-7889-67ed-be1fdda62423" executionId="7bdf9112-83ec-400f-b5e4-850c2c15f320" testListId="8c84fa94-04c1-424b-9868-57a2d4851a1d" />
    <TestEntry testId="c66508d8-c3fe-c396-1569-534017368d52" executionId="2a24cbc7-526d-4109-bb7c-5f4229b77160" testListId="8c84fa94-04c1-424b-9868-57a2d4851a1d" />
    <TestEntry testId="05b6e61a-07d6-82db-20e8-d3dc5ecf6dfd" executionId="f5bb7339-1b08-48a9-aca9-48b5db9842ec" testListId="8c84fa94-04c1-424b-9868-57a2d4851a1d" />
    <TestEntry testId="b8039f94-0ada-07e2-4574-584a59b79aa4" executionId="742e8761-5be2-4bc6-80f2-5f7a09bfe3a9" testListId="8c84fa94-04c1-424b-9868-57a2d4851a1d" />
    <TestEntry testId="833bbad3-0b97-45e1-c6bc-46446d2bd680" executionId="d553d26a-b411-4bcd-88c8-e1680279a53e" testListId="8c84fa94-04c1-424b-9868-57a2d4851a1d" />
    <TestEntry testId="ef58211e-bb60-d946-aa3e-f565054a0ab5" executionId="51ac81dc-5ebe-4a26-ae3b-980917588677" testListId="8c84fa94-04c1-424b-9868-57a2d4851a1d" />
    <TestEntry testId="b3ba6028-4c45-5282-e09e-a7d9afa4484d" executionId="feb7c530-f825-4b1a-aa92-b5a8d494d030" testListId="8c84fa94-04c1-424b-9868-57a2d4851a1d" />
    <TestEntry testId="d738ecba-b8c2-1d73-a292-1d78e8f11758" executionId="72de53ee-6b5a-406a-bf6d-dc38da2aae74" testListId="8c84fa94-04c1-424b-9868-57a2d4851a1d" />
    <TestEntry testId="00b3ce80-ec8b-ea99-8bef-a1fd1681c5fe" executionId="f2aea159-60d3-40fb-b4ae-bafa71b85f83" testListId="8c84fa94-04c1-424b-9868-57a2d4851a1d" />
    <TestEntry testId="99ee03c0-a8dc-139c-41cd-20d702927e2c" executionId="eb4a930e-35cc-45e5-9907-96b8e86b664a" testListId="8c84fa94-04c1-424b-9868-57a2d4851a1d" />
    <TestEntry testId="e735e640-5505-18b0-0a9b-cfe2e1608d66" executionId="0e017e0b-9061-4916-a7f0-fb6cc9493692" testListId="8c84fa94-04c1-424b-9868-57a2d4851a1d" />
    <TestEntry testId="bef6291e-c0d5-acaa-51e1-91873bc4afc9" executionId="ae7f51c8-a7c7-4c6c-89f3-410e3cd94b87" testListId="8c84fa94-04c1-424b-9868-57a2d4851a1d" />
    <TestEntry testId="ac02972a-b169-2bac-eef1-66c1b9efef35" executionId="f12edf49-027b-43ab-879a-7ef6139317e1" testListId="8c84fa94-04c1-424b-9868-57a2d4851a1d" />
  </TestEntries>
  <TestLists>
    <TestList name="Results Not in a List" id="8c84fa94-04c1-424b-9868-57a2d4851a1d" />
    <TestList name="All Loaded Results" id="19431567-8539-422a-85d7-44ee4e166bda" />
  </TestLists>
  <ResultSummary outcome="Completed">
    <Counters total="149" executed="149" passed="149" failed="0" error="0" timeout="0" aborted="0" inconclusive="0" passedButRunAborted="0" notRunnable="0" notExecuted="0" disconnected="0" warning="0" completed="0" inProgress="0" pending="0" />
  </ResultSummary>
</TestRun>