<?xml version="1.0" encoding="UTF-8"?>
<TestRun id="a5c52576-3cad-45c5-8a00-2568dcf9c8ab" name="tfsmladm@TFSBUILD11 2015-09-28 09:45:44" runUser="REDMOND\tfsmladm" xmlns="http://microsoft.com/schemas/VisualStudio/TeamTest/2010">
  <Times creation="2015-09-28T09:45:44.3126477-07:00" queuing="2015-09-28T09:45:44.3126477-07:00" start="2015-09-28T09:45:44.3284853-07:00" finish="2015-09-28T09:45:46.0390746-07:00" />
  <TestSettings name="default" id="13ee65db-676c-4f6a-9255-7084c309bd63">
    <Execution>
      <TestTypeSpecific />
    </Execution>
    <Deployment runDeploymentRoot="tfsmladm_TFSBUILD11 2015-09-28 09_45_44" />
    <Properties />
  </TestSettings>
  <Results>
    <UnitTestResult executionId="61f05504-9091-4640-94dc-941f3e3b2f6f" testId="fecda0b7-e1d8-447b-b9f7-00c28c516f34" testName="TFSTests.Admin.EmailValidation VerifyCorrectEmailValidation" computerName="TFSBUILD11" duration="00:00:00.0190000" startTime="2015-09-28T09:45:44.3552027-07:00" endTime="2015-09-28T09:45:44.3552027-07:00" testType="13cdc9d9-ddb5-4fa4-a97d-d965ccfc6d4b" outcome="Passed" testListId="8c84fa94-04c1-424b-9868-57a2d4851a1d" relativeResultsDirectory="61f05504-9091-4640-94dc-941f3e3b2f6f" />
    <UnitTestResult executionId="e68ba2f1-f0d6-4fdb-9932-fc00952940c8" testId="91de6538-794b-4e6d-a728-b0933ab5df82" testName="TFSTests.Admin.ChildProcessCreationTests Verify the name checker detects the errors" computerName="TFSBUILD11" duration="00:00:00.0150000" startTime="2015-09-28T09:45:44.3708202-07:00" endTime="2015-09-28T09:45:44.3708202-07:00" testType="13cdc9d9-ddb5-4fa4-a97d-d965ccfc6d4b" outcome="Passed" testListId="8c84fa94-04c1-424b-9868-57a2d4851a1d" relativeResultsDirectory="e68ba2f1-f0d6-4fdb-9932-fc00952940c8" />
    <UnitTestResult executionId="4d94ec27-0530-4d78-a87b-3a86dde03ef0" testId="a47cf75f-0401-427d-829b-339f55238ed2" testName="TFSTests.Admin.ProcessGridTest VerifyErrorIsThrownWhenProcessDataIsNull" computerName="TFSBUILD11" duration="00:00:00.0380000" startTime="2015-09-28T09:45:44.3708202-07:00" endTime="2015-09-28T09:45:44.3708202-07:00" testType="13cdc9d9-ddb5-4fa4-a97d-d965ccfc6d4b" outcome="Passed" testListId="8c84fa94-04c1-424b-9868-57a2d4851a1d" relativeResultsDirectory="4d94ec27-0530-4d78-a87b-3a86dde03ef0" />
    <UnitTestResult executionId="e5796a42-0b18-4181-af11-251eeaf01b5b" testId="5d34dd95-4343-4c1f-aed9-119b30179e5c" testName="TFSTests.Admin.ProcessGridTest VerifyColumnsAreCreatedCorrectly" computerName="TFSBUILD11" duration="00:00:00.0210000" startTime="2015-09-28T09:45:44.3708202-07:00" endTime="2015-09-28T09:45:44.3708202-07:00" testType="13cdc9d9-ddb5-4fa4-a97d-d965ccfc6d4b" outcome="Passed" testListId="8c84fa94-04c1-424b-9868-57a2d4851a1d" relativeResultsDirectory="e5796a42-0b18-4181-af11-251eeaf01b5b" />
    <UnitTestResult executionId="d38fd3f2-df8d-4cf7-b57d-29e47f682c45" testId="a01e500e-eaa7-4d75-8f66-c6d1690d118c" testName="TFSTests.Admin.ProcessGridTest VerifyContextMenusareAddedAndHiddenBasedOnPremission" computerName="TFSBUILD11" duration="00:00:00.0180000" startTime="2015-09-28T09:45:44.3708202-07:00" endTime="2015-09-28T09:45:44.3708202-07:00" testType="13cdc9d9-ddb5-4fa4-a97d-d965ccfc6d4b" outcome="Passed" testListId="8c84fa94-04c1-424b-9868-57a2d4851a1d" relativeResultsDirectory="d38fd3f2-df8d-4cf7-b57d-29e47f682c45" />
    <UnitTestResult executionId="4c3cfcd7-579a-47b0-8b20-b8e8adc4f010" testId="125588f3-8cb3-497f-a0ce-3919410dc0ad" testName="TFSTests.Admin.ProcessGridTest VerifyDeleteProcessThrowsExceptionWhenDeletingDefaultProcessAndProcessConnecedToProject" computerName="TFSBUILD11" duration="00:00:00.0200000" startTime="2015-09-28T09:45:44.3708202-07:00" endTime="2015-09-28T09:45:44.3708202-07:00" testType="13cdc9d9-ddb5-4fa4-a97d-d965ccfc6d4b" outcome="Passed" testListId="8c84fa94-04c1-424b-9868-57a2d4851a1d" relativeResultsDirectory="4c3cfcd7-579a-47b0-8b20-b8e8adc4f010" />
    <UnitTestResult executionId="c8f6eb12-c43b-43a4-9952-b9ed0edd1ecd" testId="1fb1ada5-8470-4707-9571-75697c511793" testName="TFSTests.Admin.ProcessGridTest VerifyImportProcessMainDialogIsRenderedProperly" computerName="TFSBUILD11" duration="00:00:00.0580000" startTime="2015-09-28T09:45:44.3708202-07:00" endTime="2015-09-28T09:45:44.3708202-07:00" testType="13cdc9d9-ddb5-4fa4-a97d-d965ccfc6d4b" outcome="Passed" testListId="8c84fa94-04c1-424b-9868-57a2d4851a1d" relativeResultsDirectory="c8f6eb12-c43b-43a4-9952-b9ed0edd1ecd" />
    <UnitTestResult executionId="29059579-712f-47f2-ae03-407fc125df21" testId="6b74abdd-8f67-4f3b-8da6-9344ac3c0097" testName="TFSTests.Admin.ProcessGridTest VerifyImportProcessSuccessDialogIsRenderedProperly" computerName="TFSBUILD11" duration="00:00:00.0420000" startTime="2015-09-28T09:45:44.3708202-07:00" endTime="2015-09-28T09:45:44.3708202-07:00" testType="13cdc9d9-ddb5-4fa4-a97d-d965ccfc6d4b" outcome="Passed" testListId="8c84fa94-04c1-424b-9868-57a2d4851a1d" relativeResultsDirectory="29059579-712f-47f2-ae03-407fc125df21" />
    <UnitTestResult executionId="0cf4f6dd-77d8-4c8a-8bde-5d4570241e23" testId="5106ff30-45b1-4c1c-8473-cd436a57155c" testName="TFSTests.Admin.ProcessGridTest VerifyImportProcessProgressDialogIsRenderedProperly" computerName="TFSBUILD11" duration="00:00:00.0540000" startTime="2015-09-28T09:45:44.3708202-07:00" endTime="2015-09-28T09:45:44.3708202-07:00" testType="13cdc9d9-ddb5-4fa4-a97d-d965ccfc6d4b" outcome="Passed" testListId="8c84fa94-04c1-424b-9868-57a2d4851a1d" relativeResultsDirectory="0cf4f6dd-77d8-4c8a-8bde-5d4570241e23" />
    <UnitTestResult executionId="680d3844-c28c-4ea3-aea6-ed6aee29c662" testId="122bc319-e0c9-4ccc-b568-62cb4a9c38bb" testName="TFSTests.Admin.ProcessGridTest VerifyImportProcessErrorDialogIsRenderedProperly" computerName="TFSBUILD11" duration="00:00:00.0590000" startTime="2015-09-28T09:45:44.6171198-07:00" endTime="2015-09-28T09:45:44.6171198-07:00" testType="13cdc9d9-ddb5-4fa4-a97d-d965ccfc6d4b" outcome="Passed" testListId="8c84fa94-04c1-424b-9868-57a2d4851a1d" relativeResultsDirectory="680d3844-c28c-4ea3-aea6-ed6aee29c662" />
    <UnitTestResult executionId="c9b11b0b-1a9c-4ef7-ab87-c836a15bfe81" testId="208ab124-1110-4fc3-a18d-6f8b8dab2561" testName="TFSTests.Admin.ProcessGridTest VerifyImportProcessWarningDialogIsRenderedProperly" computerName="TFSBUILD11" duration="00:00:00.0630000" startTime="2015-09-28T09:45:44.6171198-07:00" endTime="2015-09-28T09:45:44.6171198-07:00" testType="13cdc9d9-ddb5-4fa4-a97d-d965ccfc6d4b" outcome="Passed" testListId="8c84fa94-04c1-424b-9868-57a2d4851a1d" relativeResultsDirectory="c9b11b0b-1a9c-4ef7-ab87-c836a15bfe81" />
    <UnitTestResult executionId="c5c74a84-c40d-4c3b-bf0a-b80100e07b8f" testId="2e518cfb-f8a7-48db-9e14-f9fe5ecc627c" testName="TFSTests.Admin.ProcessViewTests VerifyProcessFieldGridInitialization" computerName="TFSBUILD11" duration="00:00:00.0420000" startTime="2015-09-28T09:45:44.6171198-07:00" endTime="2015-09-28T09:45:44.6171198-07:00" testType="13cdc9d9-ddb5-4fa4-a97d-d965ccfc6d4b" outcome="Passed" testListId="8c84fa94-04c1-424b-9868-57a2d4851a1d" relativeResultsDirectory="c5c74a84-c40d-4c3b-bf0a-b80100e07b8f" />
    <UnitTestResult executionId="f1c74ab3-b23b-4ed6-b8a3-d584b17dfa19" testId="039ff644-7b9c-4630-b80d-53713c14456d" testName="TFSTests.Admin.ProcessViewTests VerifyProcessFieldGridColumnForFieldView" computerName="TFSBUILD11" duration="00:00:00.0270000" startTime="2015-09-28T09:45:44.6171198-07:00" endTime="2015-09-28T09:45:44.6171198-07:00" testType="13cdc9d9-ddb5-4fa4-a97d-d965ccfc6d4b" outcome="Passed" testListId="8c84fa94-04c1-424b-9868-57a2d4851a1d" relativeResultsDirectory="f1c74ab3-b23b-4ed6-b8a3-d584b17dfa19" />
    <UnitTestResult executionId="2fa8c993-34de-48db-8812-7fa7b854f75c" testId="e6bdfa31-4db1-4491-87e5-fe3a231aa858" testName="TFSTests.Admin.ProcessViewTests VerifyProcessFieldGridColumnForWorkItemTypeView" computerName="TFSBUILD11" duration="00:00:00.0340000" startTime="2015-09-28T09:45:44.6171198-07:00" endTime="2015-09-28T09:45:44.6171198-07:00" testType="13cdc9d9-ddb5-4fa4-a97d-d965ccfc6d4b" outcome="Passed" testListId="8c84fa94-04c1-424b-9868-57a2d4851a1d" relativeResultsDirectory="2fa8c993-34de-48db-8812-7fa7b854f75c" />
    <UnitTestResult executionId="d0027029-279c-40e3-b58a-6b6f7e6fb342" testId="e88b679e-3f40-45ff-a4ed-c366fa1cb25c" testName="TFSTests.Admin.ProcessViewTests VerifyProcessFieldGridColumnValueForFieldView" computerName="TFSBUILD11" duration="00:00:00.0300000" startTime="2015-09-28T09:45:44.6171198-07:00" endTime="2015-09-28T09:45:44.6171198-07:00" testType="13cdc9d9-ddb5-4fa4-a97d-d965ccfc6d4b" outcome="Passed" testListId="8c84fa94-04c1-424b-9868-57a2d4851a1d" relativeResultsDirectory="d0027029-279c-40e3-b58a-6b6f7e6fb342" />
    <UnitTestResult executionId="ff1763ea-f82a-452b-b1d7-2c26b9db966f" testId="5107d6ef-091a-4c1c-a95d-16b3a349747e" testName="TFSTests.Admin.ProcessViewTests VerifyProcessFieldGridColumnValueForWorkItemTypeView" computerName="TFSBUILD11" duration="00:00:00.0300000" startTime="2015-09-28T09:45:44.6171198-07:00" endTime="2015-09-28T09:45:44.6171198-07:00" testType="13cdc9d9-ddb5-4fa4-a97d-d965ccfc6d4b" outcome="Passed" testListId="8c84fa94-04c1-424b-9868-57a2d4851a1d" relativeResultsDirectory="ff1763ea-f82a-452b-b1d7-2c26b9db966f" />
    <UnitTestResult executionId="ef645cf7-45fa-4db4-bd0e-ea7b37ddf799" testId="6a20dfdc-4ab0-402b-bd9d-3f226add9dfa" testName="TFSTests.Admin.ProcessViewTests VerifyProcessFieldGridContextMenuForFieldView" computerName="TFSBUILD11" duration="00:00:00.0220000" startTime="2015-09-28T09:45:44.6171198-07:00" endTime="2015-09-28T09:45:44.6171198-07:00" testType="13cdc9d9-ddb5-4fa4-a97d-d965ccfc6d4b" outcome="Passed" testListId="8c84fa94-04c1-424b-9868-57a2d4851a1d" relativeResultsDirectory="ef645cf7-45fa-4db4-bd0e-ea7b37ddf799" />
    <UnitTestResult executionId="9091ca90-ea0b-4ae3-bc50-26718223c747" testId="39edb273-64b5-4ef3-96ab-66b552ac6c61" testName="TFSTests.Admin.ProcessViewTests VerifyProcessFieldGridContextMenuForWorkItemTypeView" computerName="TFSBUILD11" duration="00:00:00.0240000" startTime="2015-09-28T09:45:44.6171198-07:00" endTime="2015-09-28T09:45:44.6171198-07:00" testType="13cdc9d9-ddb5-4fa4-a97d-d965ccfc6d4b" outcome="Passed" testListId="8c84fa94-04c1-424b-9868-57a2d4851a1d" relativeResultsDirectory="9091ca90-ea0b-4ae3-bc50-26718223c747" />
    <UnitTestResult executionId="2f247188-0b36-4207-9500-34b25ec50276" testId="051b388c-db22-4cc9-ab01-0440c23c286c" testName="TFSTests.Admin.ProcessViewTests VerifyProcessFieldGridContextMenuForWorkItemTypeViewCustomAddedField" computerName="TFSBUILD11" duration="00:00:00.0250000" startTime="2015-09-28T09:45:45.0757230-07:00" endTime="2015-09-28T09:45:45.0757230-07:00" testType="13cdc9d9-ddb5-4fa4-a97d-d965ccfc6d4b" outcome="Passed" testListId="8c84fa94-04c1-424b-9868-57a2d4851a1d" relativeResultsDirectory="2f247188-0b36-4207-9500-34b25ec50276" />
    <UnitTestResult executionId="c3622b26-fce7-4962-820f-c0553e89a142" testId="0479c98b-f392-4fd8-9f06-ff99e062981d" testName="TFSTests.Admin.ProcessViewTests VerifyProcessToolBarInitialization" computerName="TFSBUILD11" duration="00:00:00.0540000" startTime="2015-09-28T09:45:45.0767245-07:00" endTime="2015-09-28T09:45:45.0767245-07:00" testType="13cdc9d9-ddb5-4fa4-a97d-d965ccfc6d4b" outcome="Passed" testListId="8c84fa94-04c1-424b-9868-57a2d4851a1d" relativeResultsDirectory="c3622b26-fce7-4962-820f-c0553e89a142" />
    <UnitTestResult executionId="23c5385f-ea33-4147-a8e9-7e61b054d7cc" testId="5db45bb0-131b-4b1d-a9ec-4bd7a8d46ee8" testName="TFSTests.Admin.ProcessViewTests VerifyTreeViewSelectDefaultView" computerName="TFSBUILD11" duration="00:00:00.1180000" startTime="2015-09-28T09:45:45.0767245-07:00" endTime="2015-09-28T09:45:45.0767245-07:00" testType="13cdc9d9-ddb5-4fa4-a97d-d965ccfc6d4b" outcome="Passed" testListId="8c84fa94-04c1-424b-9868-57a2d4851a1d" relativeResultsDirectory="23c5385f-ea33-4147-a8e9-7e61b054d7cc" />
    <UnitTestResult executionId="a33d85c6-083e-4e43-9aa5-351f9c4084d5" testId="f6db53c9-c53c-45c1-86f1-323aa64af615" testName="TFSTests.Admin.ProcessViewTests VerifyTreeViewSelectExpandsNode" computerName="TFSBUILD11" duration="00:00:00.0660000" startTime="2015-09-28T09:45:45.0767245-07:00" endTime="2015-09-28T09:45:45.0767245-07:00" testType="13cdc9d9-ddb5-4fa4-a97d-d965ccfc6d4b" outcome="Passed" testListId="8c84fa94-04c1-424b-9868-57a2d4851a1d" relativeResultsDirectory="a33d85c6-083e-4e43-9aa5-351f9c4084d5" />
    <UnitTestResult executionId="cf1e6118-62c9-4ddb-9141-ec6ded9f4591" testId="8f851edc-aded-455e-92d4-2724032ee605" testName="TFSTests.Admin.ProcessViewTest VerifyImportIsDisabledWhenNoImportPermissions" computerName="TFSBUILD11" duration="00:00:00.0290000" startTime="2015-09-28T09:45:45.0767245-07:00" endTime="2015-09-28T09:45:45.0767245-07:00" testType="13cdc9d9-ddb5-4fa4-a97d-d965ccfc6d4b" outcome="Passed" testListId="8c84fa94-04c1-424b-9868-57a2d4851a1d" relativeResultsDirectory="cf1e6118-62c9-4ddb-9141-ec6ded9f4591" />
    <UnitTestResult executionId="a4c3f731-b2a8-467d-991f-951ca2dc393f" testId="cd093bbd-3364-4d70-a980-e3bc89d71a4b" testName="TFSTests.Admin.ProjectOverview VerifyProjectVisibilityChangedHitsUpdateProjectVisibilityEndpoint" computerName="TFSBUILD11" duration="00:00:00.0440000" startTime="2015-09-28T09:45:45.0767245-07:00" endTime="2015-09-28T09:45:45.0767245-07:00" testType="13cdc9d9-ddb5-4fa4-a97d-d965ccfc6d4b" outcome="Passed" testListId="8c84fa94-04c1-424b-9868-57a2d4851a1d" relativeResultsDirectory="a4c3f731-b2a8-467d-991f-951ca2dc393f" />
    <UnitTestResult executionId="2670a7a5-a006-4517-9bef-d454e7171166" testId="d0255919-202e-40a2-acfa-60500083f68f" testName="TFSTests.Admin.TeamSettings.BacklogVisibilities BacklogVisibilitiesAreCorrectlyPopulated" computerName="TFSBUILD11" duration="00:00:00.0550000" startTime="2015-09-28T09:45:45.0767245-07:00" endTime="2015-09-28T09:45:45.0767245-07:00" testType="13cdc9d9-ddb5-4fa4-a97d-d965ccfc6d4b" outcome="Passed" testListId="8c84fa94-04c1-424b-9868-57a2d4851a1d" relativeResultsDirectory="2670a7a5-a006-4517-9bef-d454e7171166" />
    <UnitTestResult executionId="fa456425-39c2-4f7d-aab7-1c845850ba18" testId="5c07f45f-2a71-4eda-ab3d-12efbd39bf0c" testName="TFSTests.Admin.TeamSettings.BacklogVisibilities BacklogVisibilitiesAreCorrectlyPatched" computerName="TFSBUILD11" duration="00:00:00.0310000" startTime="2015-09-28T09:45:45.0767245-07:00" endTime="2015-09-28T09:45:45.0767245-07:00" testType="13cdc9d9-ddb5-4fa4-a97d-d965ccfc6d4b" outcome="Passed" testListId="8c84fa94-04c1-424b-9868-57a2d4851a1d" relativeResultsDirectory="fa456425-39c2-4f7d-aab7-1c845850ba18" />
    <UnitTestResult executionId="47dcdfc3-4526-4de6-8920-e99f1709b915" testId="f2898761-4100-448d-8372-9b5ba85490ab" testName="TFSTests.Admin.TeamSettings.BacklogVisibilities InvalidBacklogVisibilitiesAreNotPatched" computerName="TFSBUILD11" duration="00:00:00.0240000" startTime="2015-09-28T09:45:45.0767245-07:00" endTime="2015-09-28T09:45:45.0767245-07:00" testType="13cdc9d9-ddb5-4fa4-a97d-d965ccfc6d4b" outcome="Passed" testListId="8c84fa94-04c1-424b-9868-57a2d4851a1d" relativeResultsDirectory="47dcdfc3-4526-4de6-8920-e99f1709b915" />
    <UnitTestResult executionId="273c53fc-279b-4f43-a9d5-fc7263325d23" testId="8b9c3837-a5b1-429a-8441-a2af3043a915" testName="TFSTests.Admin.TeamSettings.BacklogVisibilities VerifyBacklogLevelsValidStateHelper" computerName="TFSBUILD11" duration="00:00:00.0260000" startTime="2015-09-28T09:45:45.3353365-07:00" endTime="2015-09-28T09:45:45.3353365-07:00" testType="13cdc9d9-ddb5-4fa4-a97d-d965ccfc6d4b" outcome="Passed" testListId="8c84fa94-04c1-424b-9868-57a2d4851a1d" relativeResultsDirectory="273c53fc-279b-4f43-a9d5-fc7263325d23" />
    <UnitTestResult executionId="1c1b0365-045c-4712-938c-e9b61e41808c" testId="41348cd3-1cd7-4b4c-80e5-73141f476ddc" testName="TFSTests.Admin.TeamSettings.BacklogVisibilities VerifyBeginSaveIsNotCalledIfImmediateSaveIsDisabled" computerName="TFSBUILD11" duration="00:00:00.0250000" startTime="2015-09-28T09:45:45.3353365-07:00" endTime="2015-09-28T09:45:45.3353365-07:00" testType="13cdc9d9-ddb5-4fa4-a97d-d965ccfc6d4b" outcome="Passed" testListId="8c84fa94-04c1-424b-9868-57a2d4851a1d" relativeResultsDirectory="1c1b0365-045c-4712-938c-e9b61e41808c" />
    <UnitTestResult executionId="d0d12135-bf45-4a3b-a7f0-5c5abee91214" testId="29962479-8395-46b3-97c8-ecd760453ceb" testName="TFSTests.Admin.TeamSettings.BacklogVisibilities VerifyDirtyAndValidEventsAreRaisedOnStateChange" computerName="TFSBUILD11" duration="00:00:00.0320000" startTime="2015-09-28T09:45:45.3353365-07:00" endTime="2015-09-28T09:45:45.3353365-07:00" testType="13cdc9d9-ddb5-4fa4-a97d-d965ccfc6d4b" outcome="Passed" testListId="8c84fa94-04c1-424b-9868-57a2d4851a1d" relativeResultsDirectory="d0d12135-bf45-4a3b-a7f0-5c5abee91214" />
    <UnitTestResult executionId="7a42c987-c9f8-407a-9593-7658ec088da4" testId="88610f04-e197-461a-b3e0-18dc0d40d989" testName="TFSTests.Admin.TeamSettings.BacklogVisibilities ErrorMessageIsSetCorrectly" computerName="TFSBUILD11" duration="00:00:00.0340000" startTime="2015-09-28T09:45:45.3353365-07:00" endTime="2015-09-28T09:45:45.3353365-07:00" testType="13cdc9d9-ddb5-4fa4-a97d-d965ccfc6d4b" outcome="Passed" testListId="8c84fa94-04c1-424b-9868-57a2d4851a1d" relativeResultsDirectory="7a42c987-c9f8-407a-9593-7658ec088da4" />
    <UnitTestResult executionId="e349107b-6ec9-4f12-8fc3-7b392de43b95" testId="b1320154-ea8b-4833-b37c-92766910ffaf" testName="TFSTests.Admin.TeamSettings.BugsBehavior BugsBehaviorAreCorrectlyPopulated" computerName="TFSBUILD11" duration="00:00:00.0260000" startTime="2015-09-28T09:45:45.3353365-07:00" endTime="2015-09-28T09:45:45.3353365-07:00" testType="13cdc9d9-ddb5-4fa4-a97d-d965ccfc6d4b" outcome="Passed" testListId="8c84fa94-04c1-424b-9868-57a2d4851a1d" relativeResultsDirectory="e349107b-6ec9-4f12-8fc3-7b392de43b95" />
    <UnitTestResult executionId="0142e438-bfd6-419e-a7fa-5127ac99fe2e" testId="31a38902-0de3-442a-a5a1-12fabb1c3d60" testName="TFSTests.Admin.TeamSettings.BugsBehavior BugsBehaviorAreCorrectlyPatched" computerName="TFSBUILD11" duration="00:00:00.0260000" startTime="2015-09-28T09:45:45.3353365-07:00" endTime="2015-09-28T09:45:45.3353365-07:00" testType="13cdc9d9-ddb5-4fa4-a97d-d965ccfc6d4b" outcome="Passed" testListId="8c84fa94-04c1-424b-9868-57a2d4851a1d" relativeResultsDirectory="0142e438-bfd6-419e-a7fa-5127ac99fe2e" />
    <UnitTestResult executionId="84edae0d-969e-4871-9d0d-68443afc18ad" testId="e544f916-9da5-4861-a051-7527cb31153b" testName="TFSTests.Admin.TeamSettings.Workingdays WorkingdaysAreCorrectlyPopulated" computerName="TFSBUILD11" duration="00:00:00.0360000" startTime="2015-09-28T09:45:45.3353365-07:00" endTime="2015-09-28T09:45:45.3353365-07:00" testType="13cdc9d9-ddb5-4fa4-a97d-d965ccfc6d4b" outcome="Passed" testListId="8c84fa94-04c1-424b-9868-57a2d4851a1d" relativeResultsDirectory="84edae0d-969e-4871-9d0d-68443afc18ad" />
    <UnitTestResult executionId="40755248-07e8-4a7f-8482-7f96cc8bd800" testId="d0e73d55-5aca-4efa-8774-254cce626a86" testName="TFSTests.Admin.TeamSettings.Workingdays WorkingdaysAreCorrectlyPatched" computerName="TFSBUILD11" duration="00:00:00.0340000" startTime="2015-09-28T09:45:45.3353365-07:00" endTime="2015-09-28T09:45:45.3353365-07:00" testType="13cdc9d9-ddb5-4fa4-a97d-d965ccfc6d4b" outcome="Passed" testListId="8c84fa94-04c1-424b-9868-57a2d4851a1d" relativeResultsDirectory="40755248-07e8-4a7f-8482-7f96cc8bd800" />
    <UnitTestResult executionId="747278a0-e144-4531-9d7e-ee5a2e0cab0d" testId="786c86ca-5130-4543-8a48-1333776c289e" testName="TFSTests.Admin.TeamSettings.Workingdays InvalidWorkingdaysAreNotPatched" computerName="TFSBUILD11" duration="00:00:00.0230000" startTime="2015-09-28T09:45:45.3353365-07:00" endTime="2015-09-28T09:45:45.3353365-07:00" testType="13cdc9d9-ddb5-4fa4-a97d-d965ccfc6d4b" outcome="Passed" testListId="8c84fa94-04c1-424b-9868-57a2d4851a1d" relativeResultsDirectory="747278a0-e144-4531-9d7e-ee5a2e0cab0d" />
    <UnitTestResult executionId="1b89f972-1ed3-439b-9ea9-2b63e62ed049" testId="f4041bda-45c4-4ce2-b045-866f95be8c3e" testName="TFSTests.Admin.TeamSettings.Workingdays VerifyIsValid" computerName="TFSBUILD11" duration="00:00:00.0240000" startTime="2015-09-28T09:45:46.0267682-07:00" endTime="2015-09-28T09:45:46.0267682-07:00" testType="13cdc9d9-ddb5-4fa4-a97d-d965ccfc6d4b" outcome="Passed" testListId="8c84fa94-04c1-424b-9868-57a2d4851a1d" relativeResultsDirectory="1b89f972-1ed3-439b-9ea9-2b63e62ed049" />
    <UnitTestResult executionId="ea419e99-dae5-4e5e-b694-bef36591373f" testId="5f3eccd4-5198-481d-a15e-e325dde76562" testName="TFSTests.Admin.TeamSettings.Workingdays VerifyBeginSaveNotCalledIfImmediateSaveIsDisabled" computerName="TFSBUILD11" duration="00:00:00.0240000" startTime="2015-09-28T09:45:46.0267682-07:00" endTime="2015-09-28T09:45:46.0267682-07:00" testType="13cdc9d9-ddb5-4fa4-a97d-d965ccfc6d4b" outcome="Passed" testListId="8c84fa94-04c1-424b-9868-57a2d4851a1d" relativeResultsDirectory="ea419e99-dae5-4e5e-b694-bef36591373f" />
    <UnitTestResult executionId="3352970b-cb8f-46d5-b547-a8d345d2de02" testId="35880678-7226-4a56-8422-3303d4765acd" testName="TFSTests.Admin.TeamSettings.Workingdays DirtyAndValidEventsAreRaisedOnStateChange" computerName="TFSBUILD11" duration="00:00:00.0310000" startTime="2015-09-28T09:45:46.0267682-07:00" endTime="2015-09-28T09:45:46.0267682-07:00" testType="13cdc9d9-ddb5-4fa4-a97d-d965ccfc6d4b" outcome="Passed" testListId="8c84fa94-04c1-424b-9868-57a2d4851a1d" relativeResultsDirectory="3352970b-cb8f-46d5-b547-a8d345d2de02" />
    <UnitTestResult executionId="140d620b-0d24-469c-928a-378cde3db3c5" testId="e4b08cb7-7bc0-44fa-9352-2cca69451ab5" testName="TFSTests.Admin.TeamSettings.Workingdays ErrorMessageIsSetCorrectly" computerName="TFSBUILD11" duration="00:00:00.0310000" startTime="2015-09-28T09:45:46.0267682-07:00" endTime="2015-09-28T09:45:46.0267682-07:00" testType="13cdc9d9-ddb5-4fa4-a97d-d965ccfc6d4b" outcome="Passed" testListId="8c84fa94-04c1-424b-9868-57a2d4851a1d" relativeResultsDirectory="140d620b-0d24-469c-928a-378cde3db3c5" />
  </Results>
  <TestDefinitions>
    <UnitTest name="TFSTests.Admin.EmailValidation VerifyCorrectEmailValidation" storage="d:\v2.0\a1\_work\dbded102\vso\tfs\service\webaccess\admin\testscripts\tests\tfstests.admin.emailvalidation.ts" id="fecda0b7-e1d8-447b-b9f7-00c28c516f34">
      <Execution id="61f05504-9091-4640-94dc-941f3e3b2f6f" />
      <TestMethod codeBase="d:\v2.0\a1\_work\dbded102\vso\tfs\service\webaccess\admin\testscripts\tests\tfstests.admin.emailvalidation.ts" adapterTypeName="Microsoft.VisualStudio.TestTools.TestTypes.Unit.UnitTestAdapter" className="d:\v2.0\a1\_work\dbded102\vso\tfs\service\webaccess\admin\testscripts\tests\tfstests.admin.emailvalidation.ts::tfstests.admin" name="TFSTests.Admin.EmailValidation VerifyCorrectEmailValidation" />
    </UnitTest>
    <UnitTest name="TFSTests.Admin.ChildProcessCreationTests Verify the name checker detects the errors" storage="d:\v2.0\a1\_work\dbded102\vso\tfs\service\webaccess\admin\testscripts\tests\tfstests.admin.childprocesscreationdialog.ts" id="91de6538-794b-4e6d-a728-b0933ab5df82">
      <Execution id="e68ba2f1-f0d6-4fdb-9932-fc00952940c8" />
      <TestMethod codeBase="d:\v2.0\a1\_work\dbded102\vso\tfs\service\webaccess\admin\testscripts\tests\tfstests.admin.childprocesscreationdialog.ts" adapterTypeName="Microsoft.VisualStudio.TestTools.TestTypes.Unit.UnitTestAdapter" className="d:\v2.0\a1\_work\dbded102\vso\tfs\service\webaccess\admin\testscripts\tests\tfstests.admin.childprocesscreationdialog.ts::tfstests.admin" name="TFSTests.Admin.ChildProcessCreationTests Verify the name checker detects the errors" />
    </UnitTest>
    <UnitTest name="TFSTests.Admin.ProcessGridTest VerifyErrorIsThrownWhenProcessDataIsNull" storage="d:\v2.0\a1\_work\dbded102\vso\tfs\service\webaccess\admin\testscripts\tests\tfstests.admin.processgrid.ts" id="a47cf75f-0401-427d-829b-339f55238ed2">
      <Execution id="4d94ec27-0530-4d78-a87b-3a86dde03ef0" />
      <TestMethod codeBase="d:\v2.0\a1\_work\dbded102\vso\tfs\service\webaccess\admin\testscripts\tests\tfstests.admin.processgrid.ts" adapterTypeName="Microsoft.VisualStudio.TestTools.TestTypes.Unit.UnitTestAdapter" className="d:\v2.0\a1\_work\dbded102\vso\tfs\service\webaccess\admin\testscripts\tests\tfstests.admin.processgrid.ts::tfstests.admin" name="TFSTests.Admin.ProcessGridTest VerifyErrorIsThrownWhenProcessDataIsNull" />
    </UnitTest>
    <UnitTest name="TFSTests.Admin.ProcessGridTest VerifyColumnsAreCreatedCorrectly" storage="d:\v2.0\a1\_work\dbded102\vso\tfs\service\webaccess\admin\testscripts\tests\tfstests.admin.processgrid.ts" id="5d34dd95-4343-4c1f-aed9-119b30179e5c">
      <Execution id="e5796a42-0b18-4181-af11-251eeaf01b5b" />
      <TestMethod codeBase="d:\v2.0\a1\_work\dbded102\vso\tfs\service\webaccess\admin\testscripts\tests\tfstests.admin.processgrid.ts" adapterTypeName="Microsoft.VisualStudio.TestTools.TestTypes.Unit.UnitTestAdapter" className="d:\v2.0\a1\_work\dbded102\vso\tfs\service\webaccess\admin\testscripts\tests\tfstests.admin.processgrid.ts::tfstests.admin" name="TFSTests.Admin.ProcessGridTest VerifyColumnsAreCreatedCorrectly" />
    </UnitTest>
    <UnitTest name="TFSTests.Admin.ProcessGridTest VerifyContextMenusareAddedAndHiddenBasedOnPremission" storage="d:\v2.0\a1\_work\dbded102\vso\tfs\service\webaccess\admin\testscripts\tests\tfstests.admin.processgrid.ts" id="a01e500e-eaa7-4d75-8f66-c6d1690d118c">
      <Execution id="d38fd3f2-df8d-4cf7-b57d-29e47f682c45" />
      <TestMethod codeBase="d:\v2.0\a1\_work\dbded102\vso\tfs\service\webaccess\admin\testscripts\tests\tfstests.admin.processgrid.ts" adapterTypeName="Microsoft.VisualStudio.TestTools.TestTypes.Unit.UnitTestAdapter" className="d:\v2.0\a1\_work\dbded102\vso\tfs\service\webaccess\admin\testscripts\tests\tfstests.admin.processgrid.ts::tfstests.admin" name="TFSTests.Admin.ProcessGridTest VerifyContextMenusareAddedAndHiddenBasedOnPremission" />
    </UnitTest>
    <UnitTest name="TFSTests.Admin.ProcessGridTest VerifyDeleteProcessThrowsExceptionWhenDeletingDefaultProcessAndProcessConnecedToProject" storage="d:\v2.0\a1\_work\dbded102\vso\tfs\service\webaccess\admin\testscripts\tests\tfstests.admin.processgrid.ts" id="125588f3-8cb3-497f-a0ce-3919410dc0ad">
      <Execution id="4c3cfcd7-579a-47b0-8b20-b8e8adc4f010" />
      <TestMethod codeBase="d:\v2.0\a1\_work\dbded102\vso\tfs\service\webaccess\admin\testscripts\tests\tfstests.admin.processgrid.ts" adapterTypeName="Microsoft.VisualStudio.TestTools.TestTypes.Unit.UnitTestAdapter" className="d:\v2.0\a1\_work\dbded102\vso\tfs\service\webaccess\admin\testscripts\tests\tfstests.admin.processgrid.ts::tfstests.admin" name="TFSTests.Admin.ProcessGridTest VerifyDeleteProcessThrowsExceptionWhenDeletingDefaultProcessAndProcessConnecedToProject" />
    </UnitTest>
    <UnitTest name="TFSTests.Admin.ProcessGridTest VerifyImportProcessMainDialogIsRenderedProperly" storage="d:\v2.0\a1\_work\dbded102\vso\tfs\service\webaccess\admin\testscripts\tests\tfstests.admin.processgrid.ts" id="1fb1ada5-8470-4707-9571-75697c511793">
      <Execution id="c8f6eb12-c43b-43a4-9952-b9ed0edd1ecd" />
      <TestMethod codeBase="d:\v2.0\a1\_work\dbded102\vso\tfs\service\webaccess\admin\testscripts\tests\tfstests.admin.processgrid.ts" adapterTypeName="Microsoft.VisualStudio.TestTools.TestTypes.Unit.UnitTestAdapter" className="d:\v2.0\a1\_work\dbded102\vso\tfs\service\webaccess\admin\testscripts\tests\tfstests.admin.processgrid.ts::tfstests.admin" name="TFSTests.Admin.ProcessGridTest VerifyImportProcessMainDialogIsRenderedProperly" />
    </UnitTest>
    <UnitTest name="TFSTests.Admin.ProcessGridTest VerifyImportProcessSuccessDialogIsRenderedProperly" storage="d:\v2.0\a1\_work\dbded102\vso\tfs\service\webaccess\admin\testscripts\tests\tfstests.admin.processgrid.ts" id="6b74abdd-8f67-4f3b-8da6-9344ac3c0097">
      <Execution id="29059579-712f-47f2-ae03-407fc125df21" />
      <TestMethod codeBase="d:\v2.0\a1\_work\dbded102\vso\tfs\service\webaccess\admin\testscripts\tests\tfstests.admin.processgrid.ts" adapterTypeName="Microsoft.VisualStudio.TestTools.TestTypes.Unit.UnitTestAdapter" className="d:\v2.0\a1\_work\dbded102\vso\tfs\service\webaccess\admin\testscripts\tests\tfstests.admin.processgrid.ts::tfstests.admin" name="TFSTests.Admin.ProcessGridTest VerifyImportProcessSuccessDialogIsRenderedProperly" />
    </UnitTest>
    <UnitTest name="TFSTests.Admin.ProcessGridTest VerifyImportProcessProgressDialogIsRenderedProperly" storage="d:\v2.0\a1\_work\dbded102\vso\tfs\service\webaccess\admin\testscripts\tests\tfstests.admin.processgrid.ts" id="5106ff30-45b1-4c1c-8473-cd436a57155c">
      <Execution id="0cf4f6dd-77d8-4c8a-8bde-5d4570241e23" />
      <TestMethod codeBase="d:\v2.0\a1\_work\dbded102\vso\tfs\service\webaccess\admin\testscripts\tests\tfstests.admin.processgrid.ts" adapterTypeName="Microsoft.VisualStudio.TestTools.TestTypes.Unit.UnitTestAdapter" className="d:\v2.0\a1\_work\dbded102\vso\tfs\service\webaccess\admin\testscripts\tests\tfstests.admin.processgrid.ts::tfstests.admin" name="TFSTests.Admin.ProcessGridTest VerifyImportProcessProgressDialogIsRenderedProperly" />
    </UnitTest>
    <UnitTest name="TFSTests.Admin.ProcessGridTest VerifyImportProcessErrorDialogIsRenderedProperly" storage="d:\v2.0\a1\_work\dbded102\vso\tfs\service\webaccess\admin\testscripts\tests\tfstests.admin.processgrid.ts" id="122bc319-e0c9-4ccc-b568-62cb4a9c38bb">
      <Execution id="680d3844-c28c-4ea3-aea6-ed6aee29c662" />
      <TestMethod codeBase="d:\v2.0\a1\_work\dbded102\vso\tfs\service\webaccess\admin\testscripts\tests\tfstests.admin.processgrid.ts" adapterTypeName="Microsoft.VisualStudio.TestTools.TestTypes.Unit.UnitTestAdapter" className="d:\v2.0\a1\_work\dbded102\vso\tfs\service\webaccess\admin\testscripts\tests\tfstests.admin.processgrid.ts::tfstests.admin" name="TFSTests.Admin.ProcessGridTest VerifyImportProcessErrorDialogIsRenderedProperly" />
    </UnitTest>
    <UnitTest name="TFSTests.Admin.ProcessGridTest VerifyImportProcessWarningDialogIsRenderedProperly" storage="d:\v2.0\a1\_work\dbded102\vso\tfs\service\webaccess\admin\testscripts\tests\tfstests.admin.processgrid.ts" id="208ab124-1110-4fc3-a18d-6f8b8dab2561">
      <Execution id="c9b11b0b-1a9c-4ef7-ab87-c836a15bfe81" />
      <TestMethod codeBase="d:\v2.0\a1\_work\dbded102\vso\tfs\service\webaccess\admin\testscripts\tests\tfstests.admin.processgrid.ts" adapterTypeName="Microsoft.VisualStudio.TestTools.TestTypes.Unit.UnitTestAdapter" className="d:\v2.0\a1\_work\dbded102\vso\tfs\service\webaccess\admin\testscripts\tests\tfstests.admin.processgrid.ts::tfstests.admin" name="TFSTests.Admin.ProcessGridTest VerifyImportProcessWarningDialogIsRenderedProperly" />
    </UnitTest>
    <UnitTest name="TFSTests.Admin.ProcessViewTests VerifyProcessFieldGridInitialization" storage="d:\v2.0\a1\_work\dbded102\vso\tfs\service\webaccess\admin\testscripts\tests\tfstests.admin.processfieldgrid.ts" id="2e518cfb-f8a7-48db-9e14-f9fe5ecc627c">
      <Execution id="c5c74a84-c40d-4c3b-bf0a-b80100e07b8f" />
      <TestMethod codeBase="d:\v2.0\a1\_work\dbded102\vso\tfs\service\webaccess\admin\testscripts\tests\tfstests.admin.processfieldgrid.ts" adapterTypeName="Microsoft.VisualStudio.TestTools.TestTypes.Unit.UnitTestAdapter" className="d:\v2.0\a1\_work\dbded102\vso\tfs\service\webaccess\admin\testscripts\tests\tfstests.admin.processfieldgrid.ts::tfstests.admin" name="TFSTests.Admin.ProcessViewTests VerifyProcessFieldGridInitialization" />
    </UnitTest>
    <UnitTest name="TFSTests.Admin.ProcessViewTests VerifyProcessFieldGridColumnForFieldView" storage="d:\v2.0\a1\_work\dbded102\vso\tfs\service\webaccess\admin\testscripts\tests\tfstests.admin.processfieldgrid.ts" id="039ff644-7b9c-4630-b80d-53713c14456d">
      <Execution id="f1c74ab3-b23b-4ed6-b8a3-d584b17dfa19" />
      <TestMethod codeBase="d:\v2.0\a1\_work\dbded102\vso\tfs\service\webaccess\admin\testscripts\tests\tfstests.admin.processfieldgrid.ts" adapterTypeName="Microsoft.VisualStudio.TestTools.TestTypes.Unit.UnitTestAdapter" className="d:\v2.0\a1\_work\dbded102\vso\tfs\service\webaccess\admin\testscripts\tests\tfstests.admin.processfieldgrid.ts::tfstests.admin" name="TFSTests.Admin.ProcessViewTests VerifyProcessFieldGridColumnForFieldView" />
    </UnitTest>
    <UnitTest name="TFSTests.Admin.ProcessViewTests VerifyProcessFieldGridColumnForWorkItemTypeView" storage="d:\v2.0\a1\_work\dbded102\vso\tfs\service\webaccess\admin\testscripts\tests\tfstests.admin.processfieldgrid.ts" id="e6bdfa31-4db1-4491-87e5-fe3a231aa858">
      <Execution id="2fa8c993-34de-48db-8812-7fa7b854f75c" />
      <TestMethod codeBase="d:\v2.0\a1\_work\dbded102\vso\tfs\service\webaccess\admin\testscripts\tests\tfstests.admin.processfieldgrid.ts" adapterTypeName="Microsoft.VisualStudio.TestTools.TestTypes.Unit.UnitTestAdapter" className="d:\v2.0\a1\_work\dbded102\vso\tfs\service\webaccess\admin\testscripts\tests\tfstests.admin.processfieldgrid.ts::tfstests.admin" name="TFSTests.Admin.ProcessViewTests VerifyProcessFieldGridColumnForWorkItemTypeView" />
    </UnitTest>
    <UnitTest name="TFSTests.Admin.ProcessViewTests VerifyProcessFieldGridColumnValueForFieldView" storage="d:\v2.0\a1\_work\dbded102\vso\tfs\service\webaccess\admin\testscripts\tests\tfstests.admin.processfieldgrid.ts" id="e88b679e-3f40-45ff-a4ed-c366fa1cb25c">
      <Execution id="d0027029-279c-40e3-b58a-6b6f7e6fb342" />
      <TestMethod codeBase="d:\v2.0\a1\_work\dbded102\vso\tfs\service\webaccess\admin\testscripts\tests\tfstests.admin.processfieldgrid.ts" adapterTypeName="Microsoft.VisualStudio.TestTools.TestTypes.Unit.UnitTestAdapter" className="d:\v2.0\a1\_work\dbded102\vso\tfs\service\webaccess\admin\testscripts\tests\tfstests.admin.processfieldgrid.ts::tfstests.admin" name="TFSTests.Admin.ProcessViewTests VerifyProcessFieldGridColumnValueForFieldView" />
    </UnitTest>
    <UnitTest name="TFSTests.Admin.ProcessViewTests VerifyProcessFieldGridColumnValueForWorkItemTypeView" storage="d:\v2.0\a1\_work\dbded102\vso\tfs\service\webaccess\admin\testscripts\tests\tfstests.admin.processfieldgrid.ts" id="5107d6ef-091a-4c1c-a95d-16b3a349747e">
      <Execution id="ff1763ea-f82a-452b-b1d7-2c26b9db966f" />
      <TestMethod codeBase="d:\v2.0\a1\_work\dbded102\vso\tfs\service\webaccess\admin\testscripts\tests\tfstests.admin.processfieldgrid.ts" adapterTypeName="Microsoft.VisualStudio.TestTools.TestTypes.Unit.UnitTestAdapter" className="d:\v2.0\a1\_work\dbded102\vso\tfs\service\webaccess\admin\testscripts\tests\tfstests.admin.processfieldgrid.ts::tfstests.admin" name="TFSTests.Admin.ProcessViewTests VerifyProcessFieldGridColumnValueForWorkItemTypeView" />
    </UnitTest>
    <UnitTest name="TFSTests.Admin.ProcessViewTests VerifyProcessFieldGridContextMenuForFieldView" storage="d:\v2.0\a1\_work\dbded102\vso\tfs\service\webaccess\admin\testscripts\tests\tfstests.admin.processfieldgrid.ts" id="6a20dfdc-4ab0-402b-bd9d-3f226add9dfa">
      <Execution id="ef645cf7-45fa-4db4-bd0e-ea7b37ddf799" />
      <TestMethod codeBase="d:\v2.0\a1\_work\dbded102\vso\tfs\service\webaccess\admin\testscripts\tests\tfstests.admin.processfieldgrid.ts" adapterTypeName="Microsoft.VisualStudio.TestTools.TestTypes.Unit.UnitTestAdapter" className="d:\v2.0\a1\_work\dbded102\vso\tfs\service\webaccess\admin\testscripts\tests\tfstests.admin.processfieldgrid.ts::tfstests.admin" name="TFSTests.Admin.ProcessViewTests VerifyProcessFieldGridContextMenuForFieldView" />
    </UnitTest>
    <UnitTest name="TFSTests.Admin.ProcessViewTests VerifyProcessFieldGridContextMenuForWorkItemTypeView" storage="d:\v2.0\a1\_work\dbded102\vso\tfs\service\webaccess\admin\testscripts\tests\tfstests.admin.processfieldgrid.ts" id="39edb273-64b5-4ef3-96ab-66b552ac6c61">
      <Execution id="9091ca90-ea0b-4ae3-bc50-26718223c747" />
      <TestMethod codeBase="d:\v2.0\a1\_work\dbded102\vso\tfs\service\webaccess\admin\testscripts\tests\tfstests.admin.processfieldgrid.ts" adapterTypeName="Microsoft.VisualStudio.TestTools.TestTypes.Unit.UnitTestAdapter" className="d:\v2.0\a1\_work\dbded102\vso\tfs\service\webaccess\admin\testscripts\tests\tfstests.admin.processfieldgrid.ts::tfstests.admin" name="TFSTests.Admin.ProcessViewTests VerifyProcessFieldGridContextMenuForWorkItemTypeView" />
    </UnitTest>
    <UnitTest name="TFSTests.Admin.ProcessViewTests VerifyProcessFieldGridContextMenuForWorkItemTypeViewCustomAddedField" storage="d:\v2.0\a1\_work\dbded102\vso\tfs\service\webaccess\admin\testscripts\tests\tfstests.admin.processfieldgrid.ts" id="051b388c-db22-4cc9-ab01-0440c23c286c">
      <Execution id="2f247188-0b36-4207-9500-34b25ec50276" />
      <TestMethod codeBase="d:\v2.0\a1\_work\dbded102\vso\tfs\service\webaccess\admin\testscripts\tests\tfstests.admin.processfieldgrid.ts" adapterTypeName="Microsoft.VisualStudio.TestTools.TestTypes.Unit.UnitTestAdapter" className="d:\v2.0\a1\_work\dbded102\vso\tfs\service\webaccess\admin\testscripts\tests\tfstests.admin.processfieldgrid.ts::tfstests.admin" name="TFSTests.Admin.ProcessViewTests VerifyProcessFieldGridContextMenuForWorkItemTypeViewCustomAddedField" />
    </UnitTest>
    <UnitTest name="TFSTests.Admin.ProcessViewTests VerifyProcessToolBarInitialization" storage="d:\v2.0\a1\_work\dbded102\vso\tfs\service\webaccess\admin\testscripts\tests\tfstests.admin.processfieldgrid.ts" id="0479c98b-f392-4fd8-9f06-ff99e062981d">
      <Execution id="c3622b26-fce7-4962-820f-c0553e89a142" />
      <TestMethod codeBase="d:\v2.0\a1\_work\dbded102\vso\tfs\service\webaccess\admin\testscripts\tests\tfstests.admin.processfieldgrid.ts" adapterTypeName="Microsoft.VisualStudio.TestTools.TestTypes.Unit.UnitTestAdapter" className="d:\v2.0\a1\_work\dbded102\vso\tfs\service\webaccess\admin\testscripts\tests\tfstests.admin.processfieldgrid.ts::tfstests.admin" name="TFSTests.Admin.ProcessViewTests VerifyProcessToolBarInitialization" />
    </UnitTest>
    <UnitTest name="TFSTests.Admin.ProcessViewTests VerifyTreeViewSelectDefaultView" storage="d:\v2.0\a1\_work\dbded102\vso\tfs\service\webaccess\admin\testscripts\tests\tfstests.admin.processfieldgrid.ts" id="5db45bb0-131b-4b1d-a9ec-4bd7a8d46ee8">
      <Execution id="23c5385f-ea33-4147-a8e9-7e61b054d7cc" />
      <TestMethod codeBase="d:\v2.0\a1\_work\dbded102\vso\tfs\service\webaccess\admin\testscripts\tests\tfstests.admin.processfieldgrid.ts" adapterTypeName="Microsoft.VisualStudio.TestTools.TestTypes.Unit.UnitTestAdapter" className="d:\v2.0\a1\_work\dbded102\vso\tfs\service\webaccess\admin\testscripts\tests\tfstests.admin.processfieldgrid.ts::tfstests.admin" name="TFSTests.Admin.ProcessViewTests VerifyTreeViewSelectDefaultView" />
    </UnitTest>
    <UnitTest name="TFSTests.Admin.ProcessViewTests VerifyTreeViewSelectExpandsNode" storage="d:\v2.0\a1\_work\dbded102\vso\tfs\service\webaccess\admin\testscripts\tests\tfstests.admin.processfieldgrid.ts" id="f6db53c9-c53c-45c1-86f1-323aa64af615">
      <Execution id="a33d85c6-083e-4e43-9aa5-351f9c4084d5" />
      <TestMethod codeBase="d:\v2.0\a1\_work\dbded102\vso\tfs\service\webaccess\admin\testscripts\tests\tfstests.admin.processfieldgrid.ts" adapterTypeName="Microsoft.VisualStudio.TestTools.TestTypes.Unit.UnitTestAdapter" className="d:\v2.0\a1\_work\dbded102\vso\tfs\service\webaccess\admin\testscripts\tests\tfstests.admin.processfieldgrid.ts::tfstests.admin" name="TFSTests.Admin.ProcessViewTests VerifyTreeViewSelectExpandsNode" />
    </UnitTest>
    <UnitTest name="TFSTests.Admin.ProcessViewTest VerifyImportIsDisabledWhenNoImportPermissions" storage="d:\v2.0\a1\_work\dbded102\vso\tfs\service\webaccess\admin\testscripts\tests\tfstests.admin.processview.ts" id="8f851edc-aded-455e-92d4-2724032ee605">
      <Execution id="cf1e6118-62c9-4ddb-9141-ec6ded9f4591" />
      <TestMethod codeBase="d:\v2.0\a1\_work\dbded102\vso\tfs\service\webaccess\admin\testscripts\tests\tfstests.admin.processview.ts" adapterTypeName="Microsoft.VisualStudio.TestTools.TestTypes.Unit.UnitTestAdapter" className="d:\v2.0\a1\_work\dbded102\vso\tfs\service\webaccess\admin\testscripts\tests\tfstests.admin.processview.ts::tfstests.admin" name="TFSTests.Admin.ProcessViewTest VerifyImportIsDisabledWhenNoImportPermissions" />
    </UnitTest>
    <UnitTest name="TFSTests.Admin.ProjectOverview VerifyProjectVisibilityChangedHitsUpdateProjectVisibilityEndpoint" storage="d:\v2.0\a1\_work\dbded102\vso\tfs\service\webaccess\admin\testscripts\tests\tfstests.admin.projectoverview.ts" id="cd093bbd-3364-4d70-a980-e3bc89d71a4b">
      <Execution id="a4c3f731-b2a8-467d-991f-951ca2dc393f" />
      <TestMethod codeBase="d:\v2.0\a1\_work\dbded102\vso\tfs\service\webaccess\admin\testscripts\tests\tfstests.admin.projectoverview.ts" adapterTypeName="Microsoft.VisualStudio.TestTools.TestTypes.Unit.UnitTestAdapter" className="d:\v2.0\a1\_work\dbded102\vso\tfs\service\webaccess\admin\testscripts\tests\tfstests.admin.projectoverview.ts::tfstests.admin" name="TFSTests.Admin.ProjectOverview VerifyProjectVisibilityChangedHitsUpdateProjectVisibilityEndpoint" />
    </UnitTest>
    <UnitTest name="TFSTests.Admin.TeamSettings.BacklogVisibilities BacklogVisibilitiesAreCorrectlyPopulated" storage="d:\v2.0\a1\_work\dbded102\vso\tfs\service\webaccess\admin\testscripts\tests\tfstests.admin.teamsettings.backlogvisibilities.ts" id="d0255919-202e-40a2-acfa-60500083f68f">
      <Execution id="2670a7a5-a006-4517-9bef-d454e7171166" />
      <TestMethod codeBase="d:\v2.0\a1\_work\dbded102\vso\tfs\service\webaccess\admin\testscripts\tests\tfstests.admin.teamsettings.backlogvisibilities.ts" adapterTypeName="Microsoft.VisualStudio.TestTools.TestTypes.Unit.UnitTestAdapter" className="d:\v2.0\a1\_work\dbded102\vso\tfs\service\webaccess\admin\testscripts\tests\tfstests.admin.teamsettings.backlogvisibilities.ts::tfstests.admin.teamsettings" name="TFSTests.Admin.TeamSettings.BacklogVisibilities BacklogVisibilitiesAreCorrectlyPopulated" />
    </UnitTest>
    <UnitTest name="TFSTests.Admin.TeamSettings.BacklogVisibilities BacklogVisibilitiesAreCorrectlyPatched" storage="d:\v2.0\a1\_work\dbded102\vso\tfs\service\webaccess\admin\testscripts\tests\tfstests.admin.teamsettings.backlogvisibilities.ts" id="5c07f45f-2a71-4eda-ab3d-12efbd39bf0c">
      <Execution id="fa456425-39c2-4f7d-aab7-1c845850ba18" />
      <TestMethod codeBase="d:\v2.0\a1\_work\dbded102\vso\tfs\service\webaccess\admin\testscripts\tests\tfstests.admin.teamsettings.backlogvisibilities.ts" adapterTypeName="Microsoft.VisualStudio.TestTools.TestTypes.Unit.UnitTestAdapter" className="d:\v2.0\a1\_work\dbded102\vso\tfs\service\webaccess\admin\testscripts\tests\tfstests.admin.teamsettings.backlogvisibilities.ts::tfstests.admin.teamsettings" name="TFSTests.Admin.TeamSettings.BacklogVisibilities BacklogVisibilitiesAreCorrectlyPatched" />
    </UnitTest>
    <UnitTest name="TFSTests.Admin.TeamSettings.BacklogVisibilities InvalidBacklogVisibilitiesAreNotPatched" storage="d:\v2.0\a1\_work\dbded102\vso\tfs\service\webaccess\admin\testscripts\tests\tfstests.admin.teamsettings.backlogvisibilities.ts" id="f2898761-4100-448d-8372-9b5ba85490ab">
      <Execution id="47dcdfc3-4526-4de6-8920-e99f1709b915" />
      <TestMethod codeBase="d:\v2.0\a1\_work\dbded102\vso\tfs\service\webaccess\admin\testscripts\tests\tfstests.admin.teamsettings.backlogvisibilities.ts" adapterTypeName="Microsoft.VisualStudio.TestTools.TestTypes.Unit.UnitTestAdapter" className="d:\v2.0\a1\_work\dbded102\vso\tfs\service\webaccess\admin\testscripts\tests\tfstests.admin.teamsettings.backlogvisibilities.ts::tfstests.admin.teamsettings" name="TFSTests.Admin.TeamSettings.BacklogVisibilities InvalidBacklogVisibilitiesAreNotPatched" />
    </UnitTest>
    <UnitTest name="TFSTests.Admin.TeamSettings.BacklogVisibilities VerifyBacklogLevelsValidStateHelper" storage="d:\v2.0\a1\_work\dbded102\vso\tfs\service\webaccess\admin\testscripts\tests\tfstests.admin.teamsettings.backlogvisibilities.ts" id="8b9c3837-a5b1-429a-8441-a2af3043a915">
      <Execution id="273c53fc-279b-4f43-a9d5-fc7263325d23" />
      <TestMethod codeBase="d:\v2.0\a1\_work\dbded102\vso\tfs\service\webaccess\admin\testscripts\tests\tfstests.admin.teamsettings.backlogvisibilities.ts" adapterTypeName="Microsoft.VisualStudio.TestTools.TestTypes.Unit.UnitTestAdapter" className="d:\v2.0\a1\_work\dbded102\vso\tfs\service\webaccess\admin\testscripts\tests\tfstests.admin.teamsettings.backlogvisibilities.ts::tfstests.admin.teamsettings" name="TFSTests.Admin.TeamSettings.BacklogVisibilities VerifyBacklogLevelsValidStateHelper" />
    </UnitTest>
    <UnitTest name="TFSTests.Admin.TeamSettings.BacklogVisibilities VerifyBeginSaveIsNotCalledIfImmediateSaveIsDisabled" storage="d:\v2.0\a1\_work\dbded102\vso\tfs\service\webaccess\admin\testscripts\tests\tfstests.admin.teamsettings.backlogvisibilities.ts" id="41348cd3-1cd7-4b4c-80e5-73141f476ddc">
      <Execution id="1c1b0365-045c-4712-938c-e9b61e41808c" />
      <TestMethod codeBase="d:\v2.0\a1\_work\dbded102\vso\tfs\service\webaccess\admin\testscripts\tests\tfstests.admin.teamsettings.backlogvisibilities.ts" adapterTypeName="Microsoft.VisualStudio.TestTools.TestTypes.Unit.UnitTestAdapter" className="d:\v2.0\a1\_work\dbded102\vso\tfs\service\webaccess\admin\testscripts\tests\tfstests.admin.teamsettings.backlogvisibilities.ts::tfstests.admin.teamsettings" name="TFSTests.Admin.TeamSettings.BacklogVisibilities VerifyBeginSaveIsNotCalledIfImmediateSaveIsDisabled" />
    </UnitTest>
    <UnitTest name="TFSTests.Admin.TeamSettings.BacklogVisibilities VerifyDirtyAndValidEventsAreRaisedOnStateChange" storage="d:\v2.0\a1\_work\dbded102\vso\tfs\service\webaccess\admin\testscripts\tests\tfstests.admin.teamsettings.backlogvisibilities.ts" id="29962479-8395-46b3-97c8-ecd760453ceb">
      <Execution id="d0d12135-bf45-4a3b-a7f0-5c5abee91214" />
      <TestMethod codeBase="d:\v2.0\a1\_work\dbded102\vso\tfs\service\webaccess\admin\testscripts\tests\tfstests.admin.teamsettings.backlogvisibilities.ts" adapterTypeName="Microsoft.VisualStudio.TestTools.TestTypes.Unit.UnitTestAdapter" className="d:\v2.0\a1\_work\dbded102\vso\tfs\service\webaccess\admin\testscripts\tests\tfstests.admin.teamsettings.backlogvisibilities.ts::tfstests.admin.teamsettings" name="TFSTests.Admin.TeamSettings.BacklogVisibilities VerifyDirtyAndValidEventsAreRaisedOnStateChange" />
    </UnitTest>
    <UnitTest name="TFSTests.Admin.TeamSettings.BacklogVisibilities ErrorMessageIsSetCorrectly" storage="d:\v2.0\a1\_work\dbded102\vso\tfs\service\webaccess\admin\testscripts\tests\tfstests.admin.teamsettings.backlogvisibilities.ts" id="88610f04-e197-461a-b3e0-18dc0d40d989">
      <Execution id="7a42c987-c9f8-407a-9593-7658ec088da4" />
      <TestMethod codeBase="d:\v2.0\a1\_work\dbded102\vso\tfs\service\webaccess\admin\testscripts\tests\tfstests.admin.teamsettings.backlogvisibilities.ts" adapterTypeName="Microsoft.VisualStudio.TestTools.TestTypes.Unit.UnitTestAdapter" className="d:\v2.0\a1\_work\dbded102\vso\tfs\service\webaccess\admin\testscripts\tests\tfstests.admin.teamsettings.backlogvisibilities.ts::tfstests.admin.teamsettings" name="TFSTests.Admin.TeamSettings.BacklogVisibilities ErrorMessageIsSetCorrectly" />
    </UnitTest>
    <UnitTest name="TFSTests.Admin.TeamSettings.BugsBehavior BugsBehaviorAreCorrectlyPopulated" storage="d:\v2.0\a1\_work\dbded102\vso\tfs\service\webaccess\admin\testscripts\tests\tfstests.admin.teamsettings.bugsbehavior.ts" id="b1320154-ea8b-4833-b37c-92766910ffaf">
      <Execution id="e349107b-6ec9-4f12-8fc3-7b392de43b95" />
      <TestMethod codeBase="d:\v2.0\a1\_work\dbded102\vso\tfs\service\webaccess\admin\testscripts\tests\tfstests.admin.teamsettings.bugsbehavior.ts" adapterTypeName="Microsoft.VisualStudio.TestTools.TestTypes.Unit.UnitTestAdapter" className="d:\v2.0\a1\_work\dbded102\vso\tfs\service\webaccess\admin\testscripts\tests\tfstests.admin.teamsettings.bugsbehavior.ts::tfstests.admin.teamsettings" name="TFSTests.Admin.TeamSettings.BugsBehavior BugsBehaviorAreCorrectlyPopulated" />
    </UnitTest>
    <UnitTest name="TFSTests.Admin.TeamSettings.BugsBehavior BugsBehaviorAreCorrectlyPatched" storage="d:\v2.0\a1\_work\dbded102\vso\tfs\service\webaccess\admin\testscripts\tests\tfstests.admin.teamsettings.bugsbehavior.ts" id="31a38902-0de3-442a-a5a1-12fabb1c3d60">
      <Execution id="0142e438-bfd6-419e-a7fa-5127ac99fe2e" />
      <TestMethod codeBase="d:\v2.0\a1\_work\dbded102\vso\tfs\service\webaccess\admin\testscripts\tests\tfstests.admin.teamsettings.bugsbehavior.ts" adapterTypeName="Microsoft.VisualStudio.TestTools.TestTypes.Unit.UnitTestAdapter" className="d:\v2.0\a1\_work\dbded102\vso\tfs\service\webaccess\admin\testscripts\tests\tfstests.admin.teamsettings.bugsbehavior.ts::tfstests.admin.teamsettings" name="TFSTests.Admin.TeamSettings.BugsBehavior BugsBehaviorAreCorrectlyPatched" />
    </UnitTest>
    <UnitTest name="TFSTests.Admin.TeamSettings.Workingdays WorkingdaysAreCorrectlyPopulated" storage="d:\v2.0\a1\_work\dbded102\vso\tfs\service\webaccess\admin\testscripts\tests\tfstests.admin.teamsettings.workingdays.ts" id="e544f916-9da5-4861-a051-7527cb31153b">
      <Execution id="84edae0d-969e-4871-9d0d-68443afc18ad" />
      <TestMethod codeBase="d:\v2.0\a1\_work\dbded102\vso\tfs\service\webaccess\admin\testscripts\tests\tfstests.admin.teamsettings.workingdays.ts" adapterTypeName="Microsoft.VisualStudio.TestTools.TestTypes.Unit.UnitTestAdapter" className="d:\v2.0\a1\_work\dbded102\vso\tfs\service\webaccess\admin\testscripts\tests\tfstests.admin.teamsettings.workingdays.ts::tfstests.admin.teamsettings" name="TFSTests.Admin.TeamSettings.Workingdays WorkingdaysAreCorrectlyPopulated" />
    </UnitTest>
    <UnitTest name="TFSTests.Admin.TeamSettings.Workingdays WorkingdaysAreCorrectlyPatched" storage="d:\v2.0\a1\_work\dbded102\vso\tfs\service\webaccess\admin\testscripts\tests\tfstests.admin.teamsettings.workingdays.ts" id="d0e73d55-5aca-4efa-8774-254cce626a86">
      <Execution id="40755248-07e8-4a7f-8482-7f96cc8bd800" />
      <TestMethod codeBase="d:\v2.0\a1\_work\dbded102\vso\tfs\service\webaccess\admin\testscripts\tests\tfstests.admin.teamsettings.workingdays.ts" adapterTypeName="Microsoft.VisualStudio.TestTools.TestTypes.Unit.UnitTestAdapter" className="d:\v2.0\a1\_work\dbded102\vso\tfs\service\webaccess\admin\testscripts\tests\tfstests.admin.teamsettings.workingdays.ts::tfstests.admin.teamsettings" name="TFSTests.Admin.TeamSettings.Workingdays WorkingdaysAreCorrectlyPatched" />
    </UnitTest>
    <UnitTest name="TFSTests.Admin.TeamSettings.Workingdays InvalidWorkingdaysAreNotPatched" storage="d:\v2.0\a1\_work\dbded102\vso\tfs\service\webaccess\admin\testscripts\tests\tfstests.admin.teamsettings.workingdays.ts" id="786c86ca-5130-4543-8a48-1333776c289e">
      <Execution id="747278a0-e144-4531-9d7e-ee5a2e0cab0d" />
      <TestMethod codeBase="d:\v2.0\a1\_work\dbded102\vso\tfs\service\webaccess\admin\testscripts\tests\tfstests.admin.teamsettings.workingdays.ts" adapterTypeName="Microsoft.VisualStudio.TestTools.TestTypes.Unit.UnitTestAdapter" className="d:\v2.0\a1\_work\dbded102\vso\tfs\service\webaccess\admin\testscripts\tests\tfstests.admin.teamsettings.workingdays.ts::tfstests.admin.teamsettings" name="TFSTests.Admin.TeamSettings.Workingdays InvalidWorkingdaysAreNotPatched" />
    </UnitTest>
    <UnitTest name="TFSTests.Admin.TeamSettings.Workingdays VerifyIsValid" storage="d:\v2.0\a1\_work\dbded102\vso\tfs\service\webaccess\admin\testscripts\tests\tfstests.admin.teamsettings.workingdays.ts" id="f4041bda-45c4-4ce2-b045-866f95be8c3e">
      <Execution id="1b89f972-1ed3-439b-9ea9-2b63e62ed049" />
      <TestMethod codeBase="d:\v2.0\a1\_work\dbded102\vso\tfs\service\webaccess\admin\testscripts\tests\tfstests.admin.teamsettings.workingdays.ts" adapterTypeName="Microsoft.VisualStudio.TestTools.TestTypes.Unit.UnitTestAdapter" className="d:\v2.0\a1\_work\dbded102\vso\tfs\service\webaccess\admin\testscripts\tests\tfstests.admin.teamsettings.workingdays.ts::tfstests.admin.teamsettings" name="TFSTests.Admin.TeamSettings.Workingdays VerifyIsValid" />
    </UnitTest>
    <UnitTest name="TFSTests.Admin.TeamSettings.Workingdays VerifyBeginSaveNotCalledIfImmediateSaveIsDisabled" storage="d:\v2.0\a1\_work\dbded102\vso\tfs\service\webaccess\admin\testscripts\tests\tfstests.admin.teamsettings.workingdays.ts" id="5f3eccd4-5198-481d-a15e-e325dde76562">
      <Execution id="ea419e99-dae5-4e5e-b694-bef36591373f" />
      <TestMethod codeBase="d:\v2.0\a1\_work\dbded102\vso\tfs\service\webaccess\admin\testscripts\tests\tfstests.admin.teamsettings.workingdays.ts" adapterTypeName="Microsoft.VisualStudio.TestTools.TestTypes.Unit.UnitTestAdapter" className="d:\v2.0\a1\_work\dbded102\vso\tfs\service\webaccess\admin\testscripts\tests\tfstests.admin.teamsettings.workingdays.ts::tfstests.admin.teamsettings" name="TFSTests.Admin.TeamSettings.Workingdays VerifyBeginSaveNotCalledIfImmediateSaveIsDisabled" />
    </UnitTest>
    <UnitTest name="TFSTests.Admin.TeamSettings.Workingdays DirtyAndValidEventsAreRaisedOnStateChange" storage="d:\v2.0\a1\_work\dbded102\vso\tfs\service\webaccess\admin\testscripts\tests\tfstests.admin.teamsettings.workingdays.ts" id="35880678-7226-4a56-8422-3303d4765acd">
      <Execution id="3352970b-cb8f-46d5-b547-a8d345d2de02" />
      <TestMethod codeBase="d:\v2.0\a1\_work\dbded102\vso\tfs\service\webaccess\admin\testscripts\tests\tfstests.admin.teamsettings.workingdays.ts" adapterTypeName="Microsoft.VisualStudio.TestTools.TestTypes.Unit.UnitTestAdapter" className="d:\v2.0\a1\_work\dbded102\vso\tfs\service\webaccess\admin\testscripts\tests\tfstests.admin.teamsettings.workingdays.ts::tfstests.admin.teamsettings" name="TFSTests.Admin.TeamSettings.Workingdays DirtyAndValidEventsAreRaisedOnStateChange" />
    </UnitTest>
    <UnitTest name="TFSTests.Admin.TeamSettings.Workingdays ErrorMessageIsSetCorrectly" storage="d:\v2.0\a1\_work\dbded102\vso\tfs\service\webaccess\admin\testscripts\tests\tfstests.admin.teamsettings.workingdays.ts" id="e4b08cb7-7bc0-44fa-9352-2cca69451ab5">
      <Execution id="140d620b-0d24-469c-928a-378cde3db3c5" />
      <TestMethod codeBase="d:\v2.0\a1\_work\dbded102\vso\tfs\service\webaccess\admin\testscripts\tests\tfstests.admin.teamsettings.workingdays.ts" adapterTypeName="Microsoft.VisualStudio.TestTools.TestTypes.Unit.UnitTestAdapter" className="d:\v2.0\a1\_work\dbded102\vso\tfs\service\webaccess\admin\testscripts\tests\tfstests.admin.teamsettings.workingdays.ts::tfstests.admin.teamsettings" name="TFSTests.Admin.TeamSettings.Workingdays ErrorMessageIsSetCorrectly" />
    </UnitTest>
  </TestDefinitions>
  <TestEntries>
    <TestEntry testId="fecda0b7-e1d8-447b-b9f7-00c28c516f34" executionId="61f05504-9091-4640-94dc-941f3e3b2f6f" testListId="8c84fa94-04c1-424b-9868-57a2d4851a1d" />
    <TestEntry testId="91de6538-794b-4e6d-a728-b0933ab5df82" executionId="e68ba2f1-f0d6-4fdb-9932-fc00952940c8" testListId="8c84fa94-04c1-424b-9868-57a2d4851a1d" />
    <TestEntry testId="a47cf75f-0401-427d-829b-339f55238ed2" executionId="4d94ec27-0530-4d78-a87b-3a86dde03ef0" testListId="8c84fa94-04c1-424b-9868-57a2d4851a1d" />
    <TestEntry testId="5d34dd95-4343-4c1f-aed9-119b30179e5c" executionId="e5796a42-0b18-4181-af11-251eeaf01b5b" testListId="8c84fa94-04c1-424b-9868-57a2d4851a1d" />
    <TestEntry testId="a01e500e-eaa7-4d75-8f66-c6d1690d118c" executionId="d38fd3f2-df8d-4cf7-b57d-29e47f682c45" testListId="8c84fa94-04c1-424b-9868-57a2d4851a1d" />
    <TestEntry testId="125588f3-8cb3-497f-a0ce-3919410dc0ad" executionId="4c3cfcd7-579a-47b0-8b20-b8e8adc4f010" testListId="8c84fa94-04c1-424b-9868-57a2d4851a1d" />
    <TestEntry testId="1fb1ada5-8470-4707-9571-75697c511793" executionId="c8f6eb12-c43b-43a4-9952-b9ed0edd1ecd" testListId="8c84fa94-04c1-424b-9868-57a2d4851a1d" />
    <TestEntry testId="6b74abdd-8f67-4f3b-8da6-9344ac3c0097" executionId="29059579-712f-47f2-ae03-407fc125df21" testListId="8c84fa94-04c1-424b-9868-57a2d4851a1d" />
    <TestEntry testId="5106ff30-45b1-4c1c-8473-cd436a57155c" executionId="0cf4f6dd-77d8-4c8a-8bde-5d4570241e23" testListId="8c84fa94-04c1-424b-9868-57a2d4851a1d" />
    <TestEntry testId="122bc319-e0c9-4ccc-b568-62cb4a9c38bb" executionId="680d3844-c28c-4ea3-aea6-ed6aee29c662" testListId="8c84fa94-04c1-424b-9868-57a2d4851a1d" />
    <TestEntry testId="208ab124-1110-4fc3-a18d-6f8b8dab2561" executionId="c9b11b0b-1a9c-4ef7-ab87-c836a15bfe81" testListId="8c84fa94-04c1-424b-9868-57a2d4851a1d" />
    <TestEntry testId="2e518cfb-f8a7-48db-9e14-f9fe5ecc627c" executionId="c5c74a84-c40d-4c3b-bf0a-b80100e07b8f" testListId="8c84fa94-04c1-424b-9868-57a2d4851a1d" />
    <TestEntry testId="039ff644-7b9c-4630-b80d-53713c14456d" executionId="f1c74ab3-b23b-4ed6-b8a3-d584b17dfa19" testListId="8c84fa94-04c1-424b-9868-57a2d4851a1d" />
    <TestEntry testId="e6bdfa31-4db1-4491-87e5-fe3a231aa858" executionId="2fa8c993-34de-48db-8812-7fa7b854f75c" testListId="8c84fa94-04c1-424b-9868-57a2d4851a1d" />
    <TestEntry testId="e88b679e-3f40-45ff-a4ed-c366fa1cb25c" executionId="d0027029-279c-40e3-b58a-6b6f7e6fb342" testListId="8c84fa94-04c1-424b-9868-57a2d4851a1d" />
    <TestEntry testId="5107d6ef-091a-4c1c-a95d-16b3a349747e" executionId="ff1763ea-f82a-452b-b1d7-2c26b9db966f" testListId="8c84fa94-04c1-424b-9868-57a2d4851a1d" />
    <TestEntry testId="6a20dfdc-4ab0-402b-bd9d-3f226add9dfa" executionId="ef645cf7-45fa-4db4-bd0e-ea7b37ddf799" testListId="8c84fa94-04c1-424b-9868-57a2d4851a1d" />
    <TestEntry testId="39edb273-64b5-4ef3-96ab-66b552ac6c61" executionId="9091ca90-ea0b-4ae3-bc50-26718223c747" testListId="8c84fa94-04c1-424b-9868-57a2d4851a1d" />
    <TestEntry testId="051b388c-db22-4cc9-ab01-0440c23c286c" executionId="2f247188-0b36-4207-9500-34b25ec50276" testListId="8c84fa94-04c1-424b-9868-57a2d4851a1d" />
    <TestEntry testId="0479c98b-f392-4fd8-9f06-ff99e062981d" executionId="c3622b26-fce7-4962-820f-c0553e89a142" testListId="8c84fa94-04c1-424b-9868-57a2d4851a1d" />
    <TestEntry testId="5db45bb0-131b-4b1d-a9ec-4bd7a8d46ee8" executionId="23c5385f-ea33-4147-a8e9-7e61b054d7cc" testListId="8c84fa94-04c1-424b-9868-57a2d4851a1d" />
    <TestEntry testId="f6db53c9-c53c-45c1-86f1-323aa64af615" executionId="a33d85c6-083e-4e43-9aa5-351f9c4084d5" testListId="8c84fa94-04c1-424b-9868-57a2d4851a1d" />
    <TestEntry testId="8f851edc-aded-455e-92d4-2724032ee605" executionId="cf1e6118-62c9-4ddb-9141-ec6ded9f4591" testListId="8c84fa94-04c1-424b-9868-57a2d4851a1d" />
    <TestEntry testId="cd093bbd-3364-4d70-a980-e3bc89d71a4b" executionId="a4c3f731-b2a8-467d-991f-951ca2dc393f" testListId="8c84fa94-04c1-424b-9868-57a2d4851a1d" />
    <TestEntry testId="d0255919-202e-40a2-acfa-60500083f68f" executionId="2670a7a5-a006-4517-9bef-d454e7171166" testListId="8c84fa94-04c1-424b-9868-57a2d4851a1d" />
    <TestEntry testId="5c07f45f-2a71-4eda-ab3d-12efbd39bf0c" executionId="fa456425-39c2-4f7d-aab7-1c845850ba18" testListId="8c84fa94-04c1-424b-9868-57a2d4851a1d" />
    <TestEntry testId="f2898761-4100-448d-8372-9b5ba85490ab" executionId="47dcdfc3-4526-4de6-8920-e99f1709b915" testListId="8c84fa94-04c1-424b-9868-57a2d4851a1d" />
    <TestEntry testId="8b9c3837-a5b1-429a-8441-a2af3043a915" executionId="273c53fc-279b-4f43-a9d5-fc7263325d23" testListId="8c84fa94-04c1-424b-9868-57a2d4851a1d" />
    <TestEntry testId="41348cd3-1cd7-4b4c-80e5-73141f476ddc" executionId="1c1b0365-045c-4712-938c-e9b61e41808c" testListId="8c84fa94-04c1-424b-9868-57a2d4851a1d" />
    <TestEntry testId="29962479-8395-46b3-97c8-ecd760453ceb" executionId="d0d12135-bf45-4a3b-a7f0-5c5abee91214" testListId="8c84fa94-04c1-424b-9868-57a2d4851a1d" />
    <TestEntry testId="88610f04-e197-461a-b3e0-18dc0d40d989" executionId="7a42c987-c9f8-407a-9593-7658ec088da4" testListId="8c84fa94-04c1-424b-9868-57a2d4851a1d" />
    <TestEntry testId="b1320154-ea8b-4833-b37c-92766910ffaf" executionId="e349107b-6ec9-4f12-8fc3-7b392de43b95" testListId="8c84fa94-04c1-424b-9868-57a2d4851a1d" />
    <TestEntry testId="31a38902-0de3-442a-a5a1-12fabb1c3d60" executionId="0142e438-bfd6-419e-a7fa-5127ac99fe2e" testListId="8c84fa94-04c1-424b-9868-57a2d4851a1d" />
    <TestEntry testId="e544f916-9da5-4861-a051-7527cb31153b" executionId="84edae0d-969e-4871-9d0d-68443afc18ad" testListId="8c84fa94-04c1-424b-9868-57a2d4851a1d" />
    <TestEntry testId="d0e73d55-5aca-4efa-8774-254cce626a86" executionId="40755248-07e8-4a7f-8482-7f96cc8bd800" testListId="8c84fa94-04c1-424b-9868-57a2d4851a1d" />
    <TestEntry testId="786c86ca-5130-4543-8a48-1333776c289e" executionId="747278a0-e144-4531-9d7e-ee5a2e0cab0d" testListId="8c84fa94-04c1-424b-9868-57a2d4851a1d" />
    <TestEntry testId="f4041bda-45c4-4ce2-b045-866f95be8c3e" executionId="1b89f972-1ed3-439b-9ea9-2b63e62ed049" testListId="8c84fa94-04c1-424b-9868-57a2d4851a1d" />
    <TestEntry testId="5f3eccd4-5198-481d-a15e-e325dde76562" executionId="ea419e99-dae5-4e5e-b694-bef36591373f" testListId="8c84fa94-04c1-424b-9868-57a2d4851a1d" />
    <TestEntry testId="35880678-7226-4a56-8422-3303d4765acd" executionId="3352970b-cb8f-46d5-b547-a8d345d2de02" testListId="8c84fa94-04c1-424b-9868-57a2d4851a1d" />
    <TestEntry testId="e4b08cb7-7bc0-44fa-9352-2cca69451ab5" executionId="140d620b-0d24-469c-928a-378cde3db3c5" testListId="8c84fa94-04c1-424b-9868-57a2d4851a1d" />
  </TestEntries>
  <TestLists>
    <TestList name="Results Not in a List" id="8c84fa94-04c1-424b-9868-57a2d4851a1d" />
    <TestList name="All Loaded Results" id="19431567-8539-422a-85d7-44ee4e166bda" />
  </TestLists>
  <ResultSummary outcome="Completed">
    <Counters total="40" executed="40" passed="40" failed="0" error="0" timeout="0" aborted="0" inconclusive="0" passedButRunAborted="0" notRunnable="0" notExecuted="0" disconnected="0" warning="0" completed="0" inProgress="0" pending="0" />
    <Output>
      <StdOut>Log Message: Splitter moved from VSS/Controls/Common to VSS/Controls/Splitter. Please switch to using VSS/Controls/Splitter/Splitter. from d:\v2.0\a1\_work\dbded102\vso\tfs\service\webaccess\admin\testscripts\tests\TFSTests.Admin.ProcessFieldGrid.ts
Log Message: Splitter moved from VSS/Controls/Common to VSS/Controls/Splitter. Please switch to using VSS/Controls/Splitter/Splitter. from d:\v2.0\a1\_work\dbded102\vso\tfs\service\webaccess\admin\testscripts\tests\TFSTests.Admin.ProcessFieldGrid.ts
Log Message: MessageAreaControl moved from VSS/Controls/Common to VSS/Controls/Notifications. Please switch to using VSS/Controls/Notifications/MessageAreaControl. from d:\v2.0\a1\_work\dbded102\vso\tfs\service\webaccess\admin\testscripts\tests\TFSTests.Admin.ProcessView.ts
</StdOut>
    </Output>
  </ResultSummary>
</TestRun>