<?xml version="1.0" encoding="UTF-8"?>
<TestRun id="42b77aae-e06b-4bc5-b7f0-f4ce419908ba" name="tfsmladm@TFSBUILD11 2015-09-28 09:45:48" runUser="REDMOND\tfsmladm" xmlns="http://microsoft.com/schemas/VisualStudio/TeamTest/2010">
  <Times creation="2015-09-28T09:45:48.3620239-07:00" queuing="2015-09-28T09:45:48.3620239-07:00" start="2015-09-28T09:45:48.3700268-07:00" finish="2015-09-28T09:45:50.2634331-07:00" />
  <TestSettings name="default" id="6e2ddc19-8c65-4d41-93c7-7c544800dd2c">
    <Execution>
      <TestTypeSpecific />
    </Execution>
    <Deployment runDeploymentRoot="tfsmladm_TFSBUILD11 2015-09-28 09_45_48" />
    <Properties />
  </TestSettings>
  <Results>
    <UnitTestResult executionId="6b6b9519-f54c-412c-abaf-c7fd22d56653" testId="26e60ac7-1f0b-454d-8e7f-c45c434e250e" testName="BlockMachineGroupDialogViewModelTests Test time input visibilty " computerName="TFSBUILD11" duration="00:00:00.0280000" startTime="2015-09-28T09:45:48.4183326-07:00" endTime="2015-09-28T09:45:48.4183326-07:00" testType="13cdc9d9-ddb5-4fa4-a97d-d965ccfc6d4b" outcome="Passed" testListId="8c84fa94-04c1-424b-9868-57a2d4851a1d" relativeResultsDirectory="6b6b9519-f54c-412c-abaf-c7fd22d56653" />
    <UnitTestResult executionId="9959fd7e-5ec1-4ed2-8841-bd870ff428ba" testId="645351c7-dd53-4be8-8254-732a3cf7938c" testName="BlockMachineGroupDialogViewModelTests Test isTimeEmpty " computerName="TFSBUILD11" duration="00:00:00.0150000" startTime="2015-09-28T09:45:48.4298564-07:00" endTime="2015-09-28T09:45:48.4298564-07:00" testType="13cdc9d9-ddb5-4fa4-a97d-d965ccfc6d4b" outcome="Passed" testListId="8c84fa94-04c1-424b-9868-57a2d4851a1d" relativeResultsDirectory="9959fd7e-5ec1-4ed2-8841-bd870ff428ba" />
    <UnitTestResult executionId="034cbf9e-cce2-4dc4-9a73-0a7c3551d468" testId="473c1921-f73c-42df-a79b-c88e1a09f2f2" testName="BlockMachineGroupDialogViewModelTests Test hoursToReserve " computerName="TFSBUILD11" duration="00:00:00.0150000" startTime="2015-09-28T09:45:48.4308420-07:00" endTime="2015-09-28T09:45:48.4308420-07:00" testType="13cdc9d9-ddb5-4fa4-a97d-d965ccfc6d4b" outcome="Passed" testListId="8c84fa94-04c1-424b-9868-57a2d4851a1d" relativeResultsDirectory="034cbf9e-cce2-4dc4-9a73-0a7c3551d468" />
    <UnitTestResult executionId="13686caa-22bc-46b6-b51b-d2aee1839146" testId="ee38eb9f-ae62-4fc3-9f5e-f4085b164f59" testName="BlockMachineGroupDialogViewModelTests Test timeContainsError should return false is user has not specified any time " computerName="TFSBUILD11" duration="00:00:00.0140000" startTime="2015-09-28T09:45:48.4308420-07:00" endTime="2015-09-28T09:45:48.4308420-07:00" testType="13cdc9d9-ddb5-4fa4-a97d-d965ccfc6d4b" outcome="Passed" testListId="8c84fa94-04c1-424b-9868-57a2d4851a1d" relativeResultsDirectory="13686caa-22bc-46b6-b51b-d2aee1839146" />
    <UnitTestResult executionId="177d5aff-e2e6-4568-8064-2fa294821d63" testId="92a76e26-bc87-4c79-836b-e7c5b560ee21" testName="BlockMachineGroupDialogViewModelTests Test timeContainsError should return true if user has speicifed time in alphabetical charcters " computerName="TFSBUILD11" duration="00:00:00.0140000" startTime="2015-09-28T09:45:48.4308420-07:00" endTime="2015-09-28T09:45:48.4308420-07:00" testType="13cdc9d9-ddb5-4fa4-a97d-d965ccfc6d4b" outcome="Passed" testListId="8c84fa94-04c1-424b-9868-57a2d4851a1d" relativeResultsDirectory="177d5aff-e2e6-4568-8064-2fa294821d63" />
    <UnitTestResult executionId="ae1c811b-e2e9-4004-9f40-bbd2ced65526" testId="dbf4b75c-9672-4171-82de-925c8d38d953" testName="BlockMachineGroupDialogViewModelTests Test timeContainsError should return true if user has speicifed time in decimals " computerName="TFSBUILD11" duration="00:00:00.0180000" startTime="2015-09-28T09:45:48.4308420-07:00" endTime="2015-09-28T09:45:48.4308420-07:00" testType="13cdc9d9-ddb5-4fa4-a97d-d965ccfc6d4b" outcome="Passed" testListId="8c84fa94-04c1-424b-9868-57a2d4851a1d" relativeResultsDirectory="ae1c811b-e2e9-4004-9f40-bbd2ced65526" />
    <UnitTestResult executionId="69dcb082-fba5-4320-a3a1-d68077f8ef51" testId="ff4bf37c-798c-4334-aaec-80359191201c" testName="BlockMachineGroupDialogViewModelTests Test timeContainsError should return true if user  speicifed time is less than equal to 0 " computerName="TFSBUILD11" duration="00:00:00.0150000" startTime="2015-09-28T09:45:48.4308420-07:00" endTime="2015-09-28T09:45:48.4308420-07:00" testType="13cdc9d9-ddb5-4fa4-a97d-d965ccfc6d4b" outcome="Passed" testListId="8c84fa94-04c1-424b-9868-57a2d4851a1d" relativeResultsDirectory="69dcb082-fba5-4320-a3a1-d68077f8ef51" />
    <UnitTestResult executionId="0f49ec1b-a72c-40ae-8973-09720a792ed1" testId="f2d8895d-21b4-46c6-bc81-e71fe2abe356" testName="BlockMachineGroupDialogViewModelTests Test timeContainsError should return false for valid time" computerName="TFSBUILD11" duration="00:00:00.0150000" startTime="2015-09-28T09:45:48.4308420-07:00" endTime="2015-09-28T09:45:48.4308420-07:00" testType="13cdc9d9-ddb5-4fa4-a97d-d965ccfc6d4b" outcome="Passed" testListId="8c84fa94-04c1-424b-9868-57a2d4851a1d" relativeResultsDirectory="0f49ec1b-a72c-40ae-8973-09720a792ed1" />
    <UnitTestResult executionId="746681e4-9deb-4263-980c-faab30060943" testId="76426788-1344-47ea-b919-3b9b819b2c07" testName="BlockMachineGroupDialogViewModelTests Test inputChangedEvent should call updateOkButtonCallback with proper argument when selected policy is definite reservation" computerName="TFSBUILD11" duration="00:00:00.0180000" startTime="2015-09-28T09:45:48.4308420-07:00" endTime="2015-09-28T09:45:48.4308420-07:00" testType="13cdc9d9-ddb5-4fa4-a97d-d965ccfc6d4b" outcome="Passed" testListId="8c84fa94-04c1-424b-9868-57a2d4851a1d" relativeResultsDirectory="746681e4-9deb-4263-980c-faab30060943" />
    <UnitTestResult executionId="0752e388-6215-48b4-9757-0380d2dfda8e" testId="48d8005a-c477-465d-a76d-e07eada76156" testName="BlockMachineGroupDialogViewModelTests Test inputChangedEvent should call updateOkButtonCallback with proper argument when selected policy is indefinite reservation" computerName="TFSBUILD11" duration="00:00:00.0150000" startTime="2015-09-28T09:45:48.4758239-07:00" endTime="2015-09-28T09:45:48.4758239-07:00" testType="13cdc9d9-ddb5-4fa4-a97d-d965ccfc6d4b" outcome="Passed" testListId="8c84fa94-04c1-424b-9868-57a2d4851a1d" relativeResultsDirectory="0752e388-6215-48b4-9757-0380d2dfda8e" />
    <UnitTestResult executionId="6cab6d24-659f-44c3-8aa6-3f12386e47a9" testId="cf87cd7a-6b3d-4e0c-b805-ee3cbe01cce3" testName="CreateMachineGroupDialogViewModelTests Test CreateMachineGroupDialogViewModel constructor" computerName="TFSBUILD11" duration="00:00:00.0230000" startTime="2015-09-28T09:45:48.4758239-07:00" endTime="2015-09-28T09:45:48.4758239-07:00" testType="13cdc9d9-ddb5-4fa4-a97d-d965ccfc6d4b" outcome="Passed" testListId="8c84fa94-04c1-424b-9868-57a2d4851a1d" relativeResultsDirectory="6cab6d24-659f-44c3-8aa6-3f12386e47a9" />
    <UnitTestResult executionId="d8503fcc-a92d-4337-b035-94cf7a916e08" testId="25bff3ea-3b4e-481c-99fc-747ea2bc9280" testName="CreateMachineGroupDialogViewModelTests Test isUsernameEmpty should return false if username is not empty " computerName="TFSBUILD11" duration="00:00:00.0190000" startTime="2015-09-28T09:45:48.4758239-07:00" endTime="2015-09-28T09:45:48.4758239-07:00" testType="13cdc9d9-ddb5-4fa4-a97d-d965ccfc6d4b" outcome="Passed" testListId="8c84fa94-04c1-424b-9868-57a2d4851a1d" relativeResultsDirectory="d8503fcc-a92d-4337-b035-94cf7a916e08" />
    <UnitTestResult executionId="ef533c2c-956d-4261-85ba-f73279d564c5" testId="edc17d72-d3e8-4eec-8db9-8602a5aba379" testName="CreateMachineGroupDialogViewModelTests Test isUsernameEmpty should return true if machine name is empty " computerName="TFSBUILD11" duration="00:00:00.0170000" startTime="2015-09-28T09:45:48.4758239-07:00" endTime="2015-09-28T09:45:48.4758239-07:00" testType="13cdc9d9-ddb5-4fa4-a97d-d965ccfc6d4b" outcome="Passed" testListId="8c84fa94-04c1-424b-9868-57a2d4851a1d" relativeResultsDirectory="ef533c2c-956d-4261-85ba-f73279d564c5" />
    <UnitTestResult executionId="58e29474-75d9-47a1-a5d8-2c5009c9b14e" testId="d025337a-0e6f-4032-a61f-0c0ed8417f3f" testName="CreateMachineGroupDialogViewModelTests Test isPasswordEmpty should return false if password is not empty " computerName="TFSBUILD11" duration="00:00:00.0170000" startTime="2015-09-28T09:45:48.4758239-07:00" endTime="2015-09-28T09:45:48.4758239-07:00" testType="13cdc9d9-ddb5-4fa4-a97d-d965ccfc6d4b" outcome="Passed" testListId="8c84fa94-04c1-424b-9868-57a2d4851a1d" relativeResultsDirectory="58e29474-75d9-47a1-a5d8-2c5009c9b14e" />
    <UnitTestResult executionId="c9f80438-b073-4b8e-a77c-cd3b0307bd30" testId="1dc31376-75e6-4f10-9b5e-b62a89643884" testName="CreateMachineGroupDialogViewModelTests Test isPasswordEmpty should return true if machine name is empty " computerName="TFSBUILD11" duration="00:00:00.0170000" startTime="2015-09-28T09:45:48.4758239-07:00" endTime="2015-09-28T09:45:48.4758239-07:00" testType="13cdc9d9-ddb5-4fa4-a97d-d965ccfc6d4b" outcome="Passed" testListId="8c84fa94-04c1-424b-9868-57a2d4851a1d" relativeResultsDirectory="c9f80438-b073-4b8e-a77c-cd3b0307bd30" />
    <UnitTestResult executionId="06db23e7-0a4a-496f-acaf-0696f1048ec4" testId="a087d485-5275-493f-a099-4ac2fb8026f7" testName="CreateMachineGroupDialogViewModelTests Test toggleMachineCredentials should show .machineControlViewModel credential if custom credential is set to true " computerName="TFSBUILD11" duration="00:00:00.0150000" startTime="2015-09-28T09:45:48.4758239-07:00" endTime="2015-09-28T09:45:48.4758239-07:00" testType="13cdc9d9-ddb5-4fa4-a97d-d965ccfc6d4b" outcome="Passed" testListId="8c84fa94-04c1-424b-9868-57a2d4851a1d" relativeResultsDirectory="06db23e7-0a4a-496f-acaf-0696f1048ec4" />
    <UnitTestResult executionId="3a167181-bfd6-4357-beea-2b06339738b9" testId="2e889d7b-a1f0-4a41-b7d7-48e0cb616a98" testName="CreateMachineGroupDialogViewModelTests Test toggleMachineCredentials should hide .machineControlViewModel credential if custom credential is set to false " computerName="TFSBUILD11" duration="00:00:00.0180000" startTime="2015-09-28T09:45:48.4758239-07:00" endTime="2015-09-28T09:45:48.4758239-07:00" testType="13cdc9d9-ddb5-4fa4-a97d-d965ccfc6d4b" outcome="Passed" testListId="8c84fa94-04c1-424b-9868-57a2d4851a1d" relativeResultsDirectory="3a167181-bfd6-4357-beea-2b06339738b9" />
    <UnitTestResult executionId="0f848321-8143-4970-afe0-432d144b880c" testId="86c02aeb-1d4e-477e-83de-5487b914eff2" testName="CreateMachineGroupDialogViewModelTests Test updatePorts should set the winRmport to 5985 if selected protocol is HTTP " computerName="TFSBUILD11" duration="00:00:00.0180000" startTime="2015-09-28T09:45:48.4758239-07:00" endTime="2015-09-28T09:45:48.4758239-07:00" testType="13cdc9d9-ddb5-4fa4-a97d-d965ccfc6d4b" outcome="Passed" testListId="8c84fa94-04c1-424b-9868-57a2d4851a1d" relativeResultsDirectory="0f848321-8143-4970-afe0-432d144b880c" />
    <UnitTestResult executionId="eb932e21-ed9f-4ae0-a146-ac701e5ba938" testId="f5f5d843-5325-4e31-b457-0fd1f80df4de" testName="CreateMachineGroupDialogViewModelTests Test updatePorts should set the winRmport to 5986 if selected protocol is HTTPS " computerName="TFSBUILD11" duration="00:00:00.0180000" startTime="2015-09-28T09:45:48.6272938-07:00" endTime="2015-09-28T09:45:48.6272938-07:00" testType="13cdc9d9-ddb5-4fa4-a97d-d965ccfc6d4b" outcome="Passed" testListId="8c84fa94-04c1-424b-9868-57a2d4851a1d" relativeResultsDirectory="eb932e21-ed9f-4ae0-a146-ac701e5ba938" />
    <UnitTestResult executionId="be61a968-4ddf-4072-866a-1c7234d8bcf0" testId="7b360a8b-a69d-4543-9494-3453686a4b6c" testName="CreateMachineGroupDialogViewModelTests Test updatePorts should not set the winRmport if it is modified by user " computerName="TFSBUILD11" duration="00:00:00.0160000" startTime="2015-09-28T09:45:48.6272938-07:00" endTime="2015-09-28T09:45:48.6272938-07:00" testType="13cdc9d9-ddb5-4fa4-a97d-d965ccfc6d4b" outcome="Passed" testListId="8c84fa94-04c1-424b-9868-57a2d4851a1d" relativeResultsDirectory="be61a968-4ddf-4072-866a-1c7234d8bcf0" />
    <UnitTestResult executionId="b2b9a7fb-524d-4f27-b3b9-dba929868599" testId="45d9fbe7-d4fc-4a03-8b82-6f2207479441" testName="CreateMachineGroupDialogViewModelTests Test skip ca check property should be set once user has checked it " computerName="TFSBUILD11" duration="00:00:00.0170000" startTime="2015-09-28T09:45:48.6272938-07:00" endTime="2015-09-28T09:45:48.6272938-07:00" testType="13cdc9d9-ddb5-4fa4-a97d-d965ccfc6d4b" outcome="Passed" testListId="8c84fa94-04c1-424b-9868-57a2d4851a1d" relativeResultsDirectory="b2b9a7fb-524d-4f27-b3b9-dba929868599" />
    <UnitTestResult executionId="0d30af4b-e05c-4901-9014-cc07ec246e36" testId="ee83c264-b2de-4ef1-953a-59d989e65b86" testName="CreateMachineGroupDialogViewModelTests Test setSkipCaCheckProperty should set skipCaCheckProperty properly " computerName="TFSBUILD11" duration="00:00:00.0160000" startTime="2015-09-28T09:45:48.6272938-07:00" endTime="2015-09-28T09:45:48.6272938-07:00" testType="13cdc9d9-ddb5-4fa4-a97d-d965ccfc6d4b" outcome="Passed" testListId="8c84fa94-04c1-424b-9868-57a2d4851a1d" relativeResultsDirectory="0d30af4b-e05c-4901-9014-cc07ec246e36" />
    <UnitTestResult executionId="0af9c58c-7578-4187-a392-beeea69558f2" testId="4ed0992b-f0d4-4529-95aa-f8efa93b05b7" testName="CreateMachineGroupDialogViewModelTests Test isHttpsProtocol should return true is selected Protocol is HTTPS " computerName="TFSBUILD11" duration="00:00:00.0170000" startTime="2015-09-28T09:45:48.6272938-07:00" endTime="2015-09-28T09:45:48.6272938-07:00" testType="13cdc9d9-ddb5-4fa4-a97d-d965ccfc6d4b" outcome="Passed" testListId="8c84fa94-04c1-424b-9868-57a2d4851a1d" relativeResultsDirectory="0af9c58c-7578-4187-a392-beeea69558f2" />
    <UnitTestResult executionId="20155f4f-ae53-4887-86fe-9d5d088cd2db" testId="957caa9c-0c11-4a0e-adde-81b98098ff45" testName="KnockoutMachineInputAreaViewModelTests Test constructer" computerName="TFSBUILD11" duration="00:00:00.0150000" startTime="2015-09-28T09:45:48.6272938-07:00" endTime="2015-09-28T09:45:48.6272938-07:00" testType="13cdc9d9-ddb5-4fa4-a97d-d965ccfc6d4b" outcome="Passed" testListId="8c84fa94-04c1-424b-9868-57a2d4851a1d" relativeResultsDirectory="20155f4f-ae53-4887-86fe-9d5d088cd2db" />
    <UnitTestResult executionId="5cf33acc-0d83-452f-828a-98ca3aa5ef5c" testId="71693458-7f70-471f-a18d-a746fed82772" testName="KnockoutMachineInputAreaViewModelTests Test cannotAddMachine should return true if any of the machine name is not set" computerName="TFSBUILD11" duration="00:00:00.0170000" startTime="2015-09-28T09:45:48.6272938-07:00" endTime="2015-09-28T09:45:48.6272938-07:00" testType="13cdc9d9-ddb5-4fa4-a97d-d965ccfc6d4b" outcome="Passed" testListId="8c84fa94-04c1-424b-9868-57a2d4851a1d" relativeResultsDirectory="5cf33acc-0d83-452f-828a-98ca3aa5ef5c" />
    <UnitTestResult executionId="f64044af-9621-4429-9c0a-b563f17ab0df" testId="098f34c4-c4e5-440e-a36a-ef5bd6d95e58" testName="KnockoutMachineInputAreaViewModelTests Test cannotAddMachine should return false if all of the machine names are set" computerName="TFSBUILD11" duration="00:00:00.0160000" startTime="2015-09-28T09:45:48.6272938-07:00" endTime="2015-09-28T09:45:48.6272938-07:00" testType="13cdc9d9-ddb5-4fa4-a97d-d965ccfc6d4b" outcome="Passed" testListId="8c84fa94-04c1-424b-9868-57a2d4851a1d" relativeResultsDirectory="f64044af-9621-4429-9c0a-b563f17ab0df" />
    <UnitTestResult executionId="2b343215-3723-419c-9d84-b4a17fcf1fb3" testId="ed4a9c97-a398-4c90-8d18-1e69c50f2e5f" testName="KnockoutMachineInputAreaViewModelTests Test cannotAddMachine should return true if any of the winRM port  is not set" computerName="TFSBUILD11" duration="00:00:00.0160000" startTime="2015-09-28T09:45:48.6272938-07:00" endTime="2015-09-28T09:45:48.6272938-07:00" testType="13cdc9d9-ddb5-4fa4-a97d-d965ccfc6d4b" outcome="Passed" testListId="8c84fa94-04c1-424b-9868-57a2d4851a1d" relativeResultsDirectory="2b343215-3723-419c-9d84-b4a17fcf1fb3" />
    <UnitTestResult executionId="b7fb1395-f69d-404c-88aa-ee1c174f3b79" testId="9594e31c-3fce-4ac1-a402-3d5490616dd2" testName="KnockoutMachineInputAreaViewModelTests Test cannotDeleteMachine should return false if there are more than one machines" computerName="TFSBUILD11" duration="00:00:00.0170000" startTime="2015-09-28T09:45:48.7914701-07:00" endTime="2015-09-28T09:45:48.7914701-07:00" testType="13cdc9d9-ddb5-4fa4-a97d-d965ccfc6d4b" outcome="Passed" testListId="8c84fa94-04c1-424b-9868-57a2d4851a1d" relativeResultsDirectory="b7fb1395-f69d-404c-88aa-ee1c174f3b79" />
    <UnitTestResult executionId="96542cde-975b-429a-89bc-f228efa1f55b" testId="648fde80-f580-4480-b860-c1fc4d7a910c" testName="KnockoutMachineInputAreaViewModelTests Test cannotDeleteMachine should return true if there is one machine left" computerName="TFSBUILD11" duration="00:00:00.0150000" startTime="2015-09-28T09:45:48.7914701-07:00" endTime="2015-09-28T09:45:48.7914701-07:00" testType="13cdc9d9-ddb5-4fa4-a97d-d965ccfc6d4b" outcome="Passed" testListId="8c84fa94-04c1-424b-9868-57a2d4851a1d" relativeResultsDirectory="96542cde-975b-429a-89bc-f228efa1f55b" />
    <UnitTestResult executionId="d00953f6-7a1b-4585-98aa-efbe49631ac5" testId="45d49b39-f3fe-4443-ad40-f5c80f9c120a" testName="KnockoutMachineInputAreaViewModelTests Test addMachine should add new machine if all of the machine names are set" computerName="TFSBUILD11" duration="00:00:00.0160000" startTime="2015-09-28T09:45:48.7924723-07:00" endTime="2015-09-28T09:45:48.7924723-07:00" testType="13cdc9d9-ddb5-4fa4-a97d-d965ccfc6d4b" outcome="Passed" testListId="8c84fa94-04c1-424b-9868-57a2d4851a1d" relativeResultsDirectory="d00953f6-7a1b-4585-98aa-efbe49631ac5" />
    <UnitTestResult executionId="2fad5fe0-fd3a-43c9-8679-7c3812316fa4" testId="af756f8a-bdc0-492b-bacc-28aa9d0866ac" testName="KnockoutMachineInputAreaViewModelTests Test addMachine should not add new machine if any of the machine name is not set" computerName="TFSBUILD11" duration="00:00:00.0150000" startTime="2015-09-28T09:45:48.7924723-07:00" endTime="2015-09-28T09:45:48.7924723-07:00" testType="13cdc9d9-ddb5-4fa4-a97d-d965ccfc6d4b" outcome="Passed" testListId="8c84fa94-04c1-424b-9868-57a2d4851a1d" relativeResultsDirectory="2fad5fe0-fd3a-43c9-8679-7c3812316fa4" />
    <UnitTestResult executionId="b68aee25-1b6c-4246-a6df-af64325bdcd1" testId="8e9c50ea-4165-4918-97e4-728e92679593" testName="KnockoutMachineInputAreaViewModelTests Test deleteMachine should delete machine is more than one machine is available" computerName="TFSBUILD11" duration="00:00:00.0160000" startTime="2015-09-28T09:45:48.7924723-07:00" endTime="2015-09-28T09:45:48.7924723-07:00" testType="13cdc9d9-ddb5-4fa4-a97d-d965ccfc6d4b" outcome="Passed" testListId="8c84fa94-04c1-424b-9868-57a2d4851a1d" relativeResultsDirectory="b68aee25-1b6c-4246-a6df-af64325bdcd1" />
    <UnitTestResult executionId="bbd12964-f997-4180-aa80-5775f9c59f12" testId="338799eb-f1e7-4a55-8656-7d69c69a28ba" testName="KnockoutMachineInputAreaViewModelTests Test deleteMachine should not delete machine if just one machine is available" computerName="TFSBUILD11" duration="00:00:00.0160000" startTime="2015-09-28T09:45:48.7924723-07:00" endTime="2015-09-28T09:45:48.7924723-07:00" testType="13cdc9d9-ddb5-4fa4-a97d-d965ccfc6d4b" outcome="Passed" testListId="8c84fa94-04c1-424b-9868-57a2d4851a1d" relativeResultsDirectory="bbd12964-f997-4180-aa80-5775f9c59f12" />
    <UnitTestResult executionId="5f7724cc-ac7b-41b6-b8e0-da9a0adfa3ee" testId="d98fc56f-53c2-4b10-b527-7e0424468294" testName="KnockoutMachineInputAreaViewModelTests Test addMachineButtonTabIndex should return -1 if any of the machine name is not filled" computerName="TFSBUILD11" duration="00:00:00.0290000" startTime="2015-09-28T09:45:48.7924723-07:00" endTime="2015-09-28T09:45:48.7924723-07:00" testType="13cdc9d9-ddb5-4fa4-a97d-d965ccfc6d4b" outcome="Passed" testListId="8c84fa94-04c1-424b-9868-57a2d4851a1d" relativeResultsDirectory="5f7724cc-ac7b-41b6-b8e0-da9a0adfa3ee" />
    <UnitTestResult executionId="7a60e228-e204-4f58-b7f8-dda6f07734df" testId="382aed0f-3511-4743-b6e1-1d6511000ea4" testName="KnockoutMachineInputAreaViewModelTests Test addMachineButtonTabIndex should return 0 if all the machine names are filled" computerName="TFSBUILD11" duration="00:00:00.0180000" startTime="2015-09-28T09:45:48.7924723-07:00" endTime="2015-09-28T09:45:48.7924723-07:00" testType="13cdc9d9-ddb5-4fa4-a97d-d965ccfc6d4b" outcome="Passed" testListId="8c84fa94-04c1-424b-9868-57a2d4851a1d" relativeResultsDirectory="7a60e228-e204-4f58-b7f8-dda6f07734df" />
    <UnitTestResult executionId="e8f804e1-0681-4fac-bc3e-a3c7faf8b0e4" testId="f62a3b9f-2ba3-4c21-bd7d-a917ecc647de" testName="KnockoutMachineInputAreaViewModelTests Test deleteMachineButtonTabIndex should return -1 if only machine is left" computerName="TFSBUILD11" duration="00:00:00.0170000" startTime="2015-09-28T09:45:48.7924723-07:00" endTime="2015-09-28T09:45:48.7924723-07:00" testType="13cdc9d9-ddb5-4fa4-a97d-d965ccfc6d4b" outcome="Passed" testListId="8c84fa94-04c1-424b-9868-57a2d4851a1d" relativeResultsDirectory="e8f804e1-0681-4fac-bc3e-a3c7faf8b0e4" />
    <UnitTestResult executionId="ec990067-c0c8-4dfa-acde-4c0d5d0bc91a" testId="1cd41ee0-c776-46c3-a249-b5c53e8709d1" testName="KnockoutMachineInputAreaViewModelTests Test deleteMachineButtonTabIndex should return 0 if more than one machine is available" computerName="TFSBUILD11" duration="00:00:00.0170000" startTime="2015-09-28T09:45:49.0168293-07:00" endTime="2015-09-28T09:45:49.0168293-07:00" testType="13cdc9d9-ddb5-4fa4-a97d-d965ccfc6d4b" outcome="Passed" testListId="8c84fa94-04c1-424b-9868-57a2d4851a1d" relativeResultsDirectory="ec990067-c0c8-4dfa-acde-4c0d5d0bc91a" />
    <UnitTestResult executionId="b62be7ad-6b90-4131-ac94-8f6c292b3e4d" testId="b1363dea-c5b2-41ea-a08b-aed9320b93b0" testName="KnockoutMachineInputAreaViewModelTests Test getMachines should return machines object formed from viewModel" computerName="TFSBUILD11" duration="00:00:00.0190000" startTime="2015-09-28T09:45:49.0168293-07:00" endTime="2015-09-28T09:45:49.0168293-07:00" testType="13cdc9d9-ddb5-4fa4-a97d-d965ccfc6d4b" outcome="Passed" testListId="8c84fa94-04c1-424b-9868-57a2d4851a1d" relativeResultsDirectory="b62be7ad-6b90-4131-ac94-8f6c292b3e4d" />
    <UnitTestResult executionId="81ea56d3-b8eb-4944-8101-bcb81536ca16" testId="12fc46ca-930d-4b04-98fb-6294d0631764" testName="KnockoutMachineInputAreaViewModelTests Test setMachine should set machines of viewModel" computerName="TFSBUILD11" duration="00:00:00.0260000" startTime="2015-09-28T09:45:49.0168293-07:00" endTime="2015-09-28T09:45:49.0168293-07:00" testType="13cdc9d9-ddb5-4fa4-a97d-d965ccfc6d4b" outcome="Passed" testListId="8c84fa94-04c1-424b-9868-57a2d4851a1d" relativeResultsDirectory="81ea56d3-b8eb-4944-8101-bcb81536ca16" />
    <UnitTestResult executionId="ecd09dfb-4fa7-44c5-ac51-e8ed45f0170d" testId="7bdbcfda-036d-46b8-bfad-e28550e05c8a" testName="KnockoutMachineInputAreaViewModelTests Test setMachine should set default protocol if WinRmProtocol parameter is defined " computerName="TFSBUILD11" duration="00:00:00.0240000" startTime="2015-09-28T09:45:49.0178308-07:00" endTime="2015-09-28T09:45:49.0178308-07:00" testType="13cdc9d9-ddb5-4fa4-a97d-d965ccfc6d4b" outcome="Passed" testListId="8c84fa94-04c1-424b-9868-57a2d4851a1d" relativeResultsDirectory="ecd09dfb-4fa7-44c5-ac51-e8ed45f0170d" />
    <UnitTestResult executionId="7f2850e2-b95b-4c94-9df3-dae203ffec6d" testId="88b27751-9e03-49d9-bbef-cea13d27296d" testName="KnockoutMachineInputAreaViewModelTests Test setMachine should set default protocol if WinRmProtocol parameter is not defined " computerName="TFSBUILD11" duration="00:00:00.0610000" startTime="2015-09-28T09:45:49.0178308-07:00" endTime="2015-09-28T09:45:49.0178308-07:00" testType="13cdc9d9-ddb5-4fa4-a97d-d965ccfc6d4b" outcome="Passed" testListId="8c84fa94-04c1-424b-9868-57a2d4851a1d" relativeResultsDirectory="7f2850e2-b95b-4c94-9df3-dae203ffec6d" />
    <UnitTestResult executionId="2c84ce97-6148-453d-a0ce-ebe3e5a3cc05" testId="14f18f59-8154-471d-b4bd-6885e72932c2" testName="KnockoutMachineInputAreaViewModelTests Test machinesContainCustomCredentials should return true if any of the machine contain custom credentials" computerName="TFSBUILD11" duration="00:00:00.0230000" startTime="2015-09-28T09:45:49.0178308-07:00" endTime="2015-09-28T09:45:49.0178308-07:00" testType="13cdc9d9-ddb5-4fa4-a97d-d965ccfc6d4b" outcome="Passed" testListId="8c84fa94-04c1-424b-9868-57a2d4851a1d" relativeResultsDirectory="2c84ce97-6148-453d-a0ce-ebe3e5a3cc05" />
    <UnitTestResult executionId="d315b94c-6b70-4a34-8ad6-9408e82fb8f0" testId="1d1fb159-9ad9-4b86-8fd7-71fbee4eef57" testName="KnockoutMachineInputAreaViewModelTests Test machinesContainCustomCredentials should return false if no machines contain custom credentials" computerName="TFSBUILD11" duration="00:00:00.0180000" startTime="2015-09-28T09:45:49.0178308-07:00" endTime="2015-09-28T09:45:49.0178308-07:00" testType="13cdc9d9-ddb5-4fa4-a97d-d965ccfc6d4b" outcome="Passed" testListId="8c84fa94-04c1-424b-9868-57a2d4851a1d" relativeResultsDirectory="d315b94c-6b70-4a34-8ad6-9408e82fb8f0" />
    <UnitTestResult executionId="a4508074-e835-44a3-b167-bb026c12f853" testId="feb7f5a9-8609-4ebe-9a63-2f510a37589f" testName="KnockoutMachineInputAreaViewModelTests Test addMachine should set winRm port to 5986 if selected protocol is HTTPS" computerName="TFSBUILD11" duration="00:00:00.0180000" startTime="2015-09-28T09:45:49.0178308-07:00" endTime="2015-09-28T09:45:49.0178308-07:00" testType="13cdc9d9-ddb5-4fa4-a97d-d965ccfc6d4b" outcome="Passed" testListId="8c84fa94-04c1-424b-9868-57a2d4851a1d" relativeResultsDirectory="a4508074-e835-44a3-b167-bb026c12f853" />
    <UnitTestResult executionId="6e8c43bf-a3ec-49b5-8463-47f96c18a3b7" testId="f6cddf04-7c32-4443-80a2-cdb5385e023c" testName="KnockoutMachineInputAreaViewModelTests Test addMachine should set winRm port to 5985 if selected protocol is HTTP" computerName="TFSBUILD11" duration="00:00:00.0170000" startTime="2015-09-28T09:45:49.0178308-07:00" endTime="2015-09-28T09:45:49.0178308-07:00" testType="13cdc9d9-ddb5-4fa4-a97d-d965ccfc6d4b" outcome="Passed" testListId="8c84fa94-04c1-424b-9868-57a2d4851a1d" relativeResultsDirectory="6e8c43bf-a3ec-49b5-8463-47f96c18a3b7" />
    <UnitTestResult executionId="3dbc6642-cf9d-4c52-80a0-f18b6fca64af" testId="971054ba-cdf0-4b2c-8206-5c80f5d7c859" testName="KnockoutMachineViewModelTests Test constructor with null machine object " computerName="TFSBUILD11" duration="00:00:00.0150000" startTime="2015-09-28T09:45:49.1698906-07:00" endTime="2015-09-28T09:45:49.1698906-07:00" testType="13cdc9d9-ddb5-4fa4-a97d-d965ccfc6d4b" outcome="Passed" testListId="8c84fa94-04c1-424b-9868-57a2d4851a1d" relativeResultsDirectory="3dbc6642-cf9d-4c52-80a0-f18b6fca64af" />
    <UnitTestResult executionId="f08ead96-4304-4076-a3dd-0392935bc46e" testId="547a128d-75c7-4c9f-a30c-2f945125fdb3" testName="KnockoutMachineViewModelTests Test constructor with machine object should initialize manchine name and Tags " computerName="TFSBUILD11" duration="00:00:00.0160000" startTime="2015-09-28T09:45:49.1698906-07:00" endTime="2015-09-28T09:45:49.1698906-07:00" testType="13cdc9d9-ddb5-4fa4-a97d-d965ccfc6d4b" outcome="Passed" testListId="8c84fa94-04c1-424b-9868-57a2d4851a1d" relativeResultsDirectory="f08ead96-4304-4076-a3dd-0392935bc46e" />
    <UnitTestResult executionId="6686d7e8-d6d3-45d9-aa24-89988ab7ab56" testId="ace0733f-e873-482c-b32b-6f7d23faf1a2" testName="KnockoutMachineViewModelTests Test constructor with machine object should initialize winRm port " computerName="TFSBUILD11" duration="00:00:00.0170000" startTime="2015-09-28T09:45:49.1698906-07:00" endTime="2015-09-28T09:45:49.1698906-07:00" testType="13cdc9d9-ddb5-4fa4-a97d-d965ccfc6d4b" outcome="Passed" testListId="8c84fa94-04c1-424b-9868-57a2d4851a1d" relativeResultsDirectory="6686d7e8-d6d3-45d9-aa24-89988ab7ab56" />
    <UnitTestResult executionId="29def007-38a3-4a6c-8dda-65ef3dadc4df" testId="e75ab54b-9a9b-4786-954b-d90f2e8a2f05" testName="KnockoutMachineViewModelTests Test machineNameHasError should return false for empty machine Name " computerName="TFSBUILD11" duration="00:00:00.0150000" startTime="2015-09-28T09:45:49.1698906-07:00" endTime="2015-09-28T09:45:49.1698906-07:00" testType="13cdc9d9-ddb5-4fa4-a97d-d965ccfc6d4b" outcome="Passed" testListId="8c84fa94-04c1-424b-9868-57a2d4851a1d" relativeResultsDirectory="29def007-38a3-4a6c-8dda-65ef3dadc4df" />
    <UnitTestResult executionId="006c575d-e03d-4e29-b59e-83d17979e270" testId="a3115eed-0dcf-4426-9fb4-029c5c6276b1" testName="KnockoutMachineViewModelTests Test machineNameHasError should return true if machineName contains invalid characters " computerName="TFSBUILD11" duration="00:00:00.0150000" startTime="2015-09-28T09:45:49.1698906-07:00" endTime="2015-09-28T09:45:49.1698906-07:00" testType="13cdc9d9-ddb5-4fa4-a97d-d965ccfc6d4b" outcome="Passed" testListId="8c84fa94-04c1-424b-9868-57a2d4851a1d" relativeResultsDirectory="006c575d-e03d-4e29-b59e-83d17979e270" />
    <UnitTestResult executionId="762b2416-1965-4655-93bf-e2ff5c3a0f48" testId="e4b54c15-3ab8-4185-b41d-a973613f9503" testName="KnockoutMachineViewModelTests Test machineNameHasError should return false for valid machineName " computerName="TFSBUILD11" duration="00:00:00.0140000" startTime="2015-09-28T09:45:49.1698906-07:00" endTime="2015-09-28T09:45:49.1698906-07:00" testType="13cdc9d9-ddb5-4fa4-a97d-d965ccfc6d4b" outcome="Passed" testListId="8c84fa94-04c1-424b-9868-57a2d4851a1d" relativeResultsDirectory="762b2416-1965-4655-93bf-e2ff5c3a0f48" />
    <UnitTestResult executionId="5e990197-9df4-46d0-ac73-677a8b06f5dc" testId="3e9c2ed5-0025-4814-b729-815985e0b801" testName="KnockoutMachineViewModelTests Test machineNameHasError should return false for duplicate machine name but different winrm port" computerName="TFSBUILD11" duration="00:00:00.0190000" startTime="2015-09-28T09:45:49.1708913-07:00" endTime="2015-09-28T09:45:49.1708913-07:00" testType="13cdc9d9-ddb5-4fa4-a97d-d965ccfc6d4b" outcome="Passed" testListId="8c84fa94-04c1-424b-9868-57a2d4851a1d" relativeResultsDirectory="5e990197-9df4-46d0-ac73-677a8b06f5dc" />
    <UnitTestResult executionId="c5adec2f-e704-4b47-b318-4bdd6f5c0bd6" testId="a9415a46-59bc-4c3a-a75d-b0a9b68374b5" testName="KnockoutMachineViewModelTests Test machineNameHasError should return true for duplicate machine name and winrm port" computerName="TFSBUILD11" duration="00:00:00.0180000" startTime="2015-09-28T09:45:49.1708913-07:00" endTime="2015-09-28T09:45:49.1708913-07:00" testType="13cdc9d9-ddb5-4fa4-a97d-d965ccfc6d4b" outcome="Passed" testListId="8c84fa94-04c1-424b-9868-57a2d4851a1d" relativeResultsDirectory="c5adec2f-e704-4b47-b318-4bdd6f5c0bd6" />
    <UnitTestResult executionId="2dc155b4-c89b-4e6a-afc4-d3cf74ce828b" testId="71255331-1bae-4bd0-a23f-5e0eac4e5d2e" testName="KnockoutMachineViewModelTests Test winRmPortHasError should return false for empty winRM port " computerName="TFSBUILD11" duration="00:00:00.0200000" startTime="2015-09-28T09:45:49.1708913-07:00" endTime="2015-09-28T09:45:49.1708913-07:00" testType="13cdc9d9-ddb5-4fa4-a97d-d965ccfc6d4b" outcome="Passed" testListId="8c84fa94-04c1-424b-9868-57a2d4851a1d" relativeResultsDirectory="2dc155b4-c89b-4e6a-afc4-d3cf74ce828b" />
    <UnitTestResult executionId="46388048-c4d0-48ed-9efd-78cb552307ec" testId="b60c2766-c57b-40d5-83a9-81f586d36dbc" testName="KnockoutMachineViewModelTests Test winRmPortHasError should return true for invalid winRM port " computerName="TFSBUILD11" duration="00:00:00.0170000" startTime="2015-09-28T09:45:49.3159517-07:00" endTime="2015-09-28T09:45:49.3159517-07:00" testType="13cdc9d9-ddb5-4fa4-a97d-d965ccfc6d4b" outcome="Passed" testListId="8c84fa94-04c1-424b-9868-57a2d4851a1d" relativeResultsDirectory="46388048-c4d0-48ed-9efd-78cb552307ec" />
    <UnitTestResult executionId="9b98c227-1b04-444b-92b0-e7798e38f82d" testId="69952bbb-7bec-431c-a41b-039b2912adc1" testName="KnockoutMachineViewModelTests Test winRmPortHasError should return false for valid winRM port " computerName="TFSBUILD11" duration="00:00:00.0150000" startTime="2015-09-28T09:45:49.3159517-07:00" endTime="2015-09-28T09:45:49.3159517-07:00" testType="13cdc9d9-ddb5-4fa4-a97d-d965ccfc6d4b" outcome="Passed" testListId="8c84fa94-04c1-424b-9868-57a2d4851a1d" relativeResultsDirectory="9b98c227-1b04-444b-92b0-e7798e38f82d" />
    <UnitTestResult executionId="0f5d6482-9e66-4c9c-a557-5507bd44fd32" testId="038fdbd2-7b23-4054-aea5-dfda0ec19fd7" testName="KnockoutMachineViewModelTests Test tagsHasError should return false for empty tags " computerName="TFSBUILD11" duration="00:00:00.0160000" startTime="2015-09-28T09:45:49.3159517-07:00" endTime="2015-09-28T09:45:49.3159517-07:00" testType="13cdc9d9-ddb5-4fa4-a97d-d965ccfc6d4b" outcome="Passed" testListId="8c84fa94-04c1-424b-9868-57a2d4851a1d" relativeResultsDirectory="0f5d6482-9e66-4c9c-a557-5507bd44fd32" />
    <UnitTestResult executionId="832d6f29-7d6b-4c25-ae70-8c341927ebbe" testId="2585e360-9eca-477f-b516-9f23c554f0f2" testName="KnockoutMachineViewModelTests Test tagsHasError should return true if tagkey has invalid charcters" computerName="TFSBUILD11" duration="00:00:00.0150000" startTime="2015-09-28T09:45:49.3159517-07:00" endTime="2015-09-28T09:45:49.3159517-07:00" testType="13cdc9d9-ddb5-4fa4-a97d-d965ccfc6d4b" outcome="Passed" testListId="8c84fa94-04c1-424b-9868-57a2d4851a1d" relativeResultsDirectory="832d6f29-7d6b-4c25-ae70-8c341927ebbe" />
    <UnitTestResult executionId="c5a9032d-b2ce-46f4-a8dc-ea5196afaeb6" testId="07fcbc4d-9006-40a6-a487-8266a1e7bb4a" testName="KnockoutMachineViewModelTests Test tagsHasError should return true if tag key is empty " computerName="TFSBUILD11" duration="00:00:00.0170000" startTime="2015-09-28T09:45:49.3159517-07:00" endTime="2015-09-28T09:45:49.3159517-07:00" testType="13cdc9d9-ddb5-4fa4-a97d-d965ccfc6d4b" outcome="Passed" testListId="8c84fa94-04c1-424b-9868-57a2d4851a1d" relativeResultsDirectory="c5a9032d-b2ce-46f4-a8dc-ea5196afaeb6" />
    <UnitTestResult executionId="49168cb4-7760-44af-bf7b-ef477a89bc88" testId="e9338b88-9141-4956-9ad7-ddb110f7bae6" testName="KnockoutMachineViewModelTests Test tagsHasError should return true if tag key contain reserved names " computerName="TFSBUILD11" duration="00:00:00.0160000" startTime="2015-09-28T09:45:49.3159517-07:00" endTime="2015-09-28T09:45:49.3159517-07:00" testType="13cdc9d9-ddb5-4fa4-a97d-d965ccfc6d4b" outcome="Passed" testListId="8c84fa94-04c1-424b-9868-57a2d4851a1d" relativeResultsDirectory="49168cb4-7760-44af-bf7b-ef477a89bc88" />
    <UnitTestResult executionId="4f30e3c0-ff3b-4e4e-b17a-dc3c92ebc3ae" testId="6d499c0f-ff11-4b89-9071-347fea40d36e" testName="KnockoutMachineViewModelTests Test tagsHasError should return true if tag value is empty  " computerName="TFSBUILD11" duration="00:00:00.0160000" startTime="2015-09-28T09:45:49.3159517-07:00" endTime="2015-09-28T09:45:49.3159517-07:00" testType="13cdc9d9-ddb5-4fa4-a97d-d965ccfc6d4b" outcome="Passed" testListId="8c84fa94-04c1-424b-9868-57a2d4851a1d" relativeResultsDirectory="4f30e3c0-ff3b-4e4e-b17a-dc3c92ebc3ae" />
    <UnitTestResult executionId="7f6c89e2-fdeb-444c-bd1e-70aae2fc06d3" testId="d4beddba-6f3d-42dd-bbf3-6e7ad1f10642" testName="KnockoutMachineViewModelTests Test tagsHasError should return true if tag value contains colon " computerName="TFSBUILD11" duration="00:00:00.0150000" startTime="2015-09-28T09:45:49.3159517-07:00" endTime="2015-09-28T09:45:49.3159517-07:00" testType="13cdc9d9-ddb5-4fa4-a97d-d965ccfc6d4b" outcome="Passed" testListId="8c84fa94-04c1-424b-9868-57a2d4851a1d" relativeResultsDirectory="7f6c89e2-fdeb-444c-bd1e-70aae2fc06d3" />
    <UnitTestResult executionId="c09ccdd5-af7d-43e3-a02a-7a8bbe4b7381" testId="3b6a0654-d31e-4e5d-953c-fff97107919b" testName="KnockoutMachineViewModelTests Test tagsHasError should return false if tags are proper " computerName="TFSBUILD11" duration="00:00:00.0160000" startTime="2015-09-28T09:45:49.3169498-07:00" endTime="2015-09-28T09:45:49.3169498-07:00" testType="13cdc9d9-ddb5-4fa4-a97d-d965ccfc6d4b" outcome="Passed" testListId="8c84fa94-04c1-424b-9868-57a2d4851a1d" relativeResultsDirectory="c09ccdd5-af7d-43e3-a02a-7a8bbe4b7381" />
    <UnitTestResult executionId="e0a745db-0e04-4eeb-982c-6f8927fdf876" testId="f5b46155-6274-427c-9ca3-1e2c07c299ad" testName="KnockoutMachineViewModelTests Test isMachineNameEmpty should return false if machine name is not empty " computerName="TFSBUILD11" duration="00:00:00.0160000" startTime="2015-09-28T09:45:49.4605896-07:00" endTime="2015-09-28T09:45:49.4605896-07:00" testType="13cdc9d9-ddb5-4fa4-a97d-d965ccfc6d4b" outcome="Passed" testListId="8c84fa94-04c1-424b-9868-57a2d4851a1d" relativeResultsDirectory="e0a745db-0e04-4eeb-982c-6f8927fdf876" />
    <UnitTestResult executionId="0c339b45-fda8-450a-907f-21fd984e2547" testId="8694829e-d787-4b9e-8e33-702df0eb397c" testName="KnockoutMachineViewModelTests Test isMachineNameEmpty should return true if machine name is empty " computerName="TFSBUILD11" duration="00:00:00.0150000" startTime="2015-09-28T09:45:49.4605896-07:00" endTime="2015-09-28T09:45:49.4605896-07:00" testType="13cdc9d9-ddb5-4fa4-a97d-d965ccfc6d4b" outcome="Passed" testListId="8c84fa94-04c1-424b-9868-57a2d4851a1d" relativeResultsDirectory="0c339b45-fda8-450a-907f-21fd984e2547" />
    <UnitTestResult executionId="a8ebc0fd-c5e9-4289-b271-22e973804e12" testId="5851d3ef-a90d-4e5a-85a9-b6fbc9c7b04b" testName="KnockoutMachineViewModelTests Test isUsernameEmpty should return false if username is not empty " computerName="TFSBUILD11" duration="00:00:00.0170000" startTime="2015-09-28T09:45:49.4605896-07:00" endTime="2015-09-28T09:45:49.4605896-07:00" testType="13cdc9d9-ddb5-4fa4-a97d-d965ccfc6d4b" outcome="Passed" testListId="8c84fa94-04c1-424b-9868-57a2d4851a1d" relativeResultsDirectory="a8ebc0fd-c5e9-4289-b271-22e973804e12" />
    <UnitTestResult executionId="c2de5a46-67ac-4265-ac86-4e55a1579329" testId="97d60ef9-865a-42ef-b0c7-cee56475fbcf" testName="KnockoutMachineViewModelTests Test isUsernameEmpty should return true if username is empty " computerName="TFSBUILD11" duration="00:00:00.0160000" startTime="2015-09-28T09:45:49.4605896-07:00" endTime="2015-09-28T09:45:49.4605896-07:00" testType="13cdc9d9-ddb5-4fa4-a97d-d965ccfc6d4b" outcome="Passed" testListId="8c84fa94-04c1-424b-9868-57a2d4851a1d" relativeResultsDirectory="c2de5a46-67ac-4265-ac86-4e55a1579329" />
    <UnitTestResult executionId="af8684e3-d104-4682-9d4f-2ef420394c27" testId="020abd8c-0182-4f44-8a9b-df124d6db27a" testName="KnockoutMachineViewModelTests Test isPasswordEmpty should return false if password is not empty " computerName="TFSBUILD11" duration="00:00:00.0160000" startTime="2015-09-28T09:45:49.4605896-07:00" endTime="2015-09-28T09:45:49.4605896-07:00" testType="13cdc9d9-ddb5-4fa4-a97d-d965ccfc6d4b" outcome="Passed" testListId="8c84fa94-04c1-424b-9868-57a2d4851a1d" relativeResultsDirectory="af8684e3-d104-4682-9d4f-2ef420394c27" />
    <UnitTestResult executionId="6ecccd95-9627-44bc-986b-a8f9a3198558" testId="f2efd014-e80f-4173-8475-b59f0e836335" testName="KnockoutMachineViewModelTests Test isPasswordEmpty should return true if password is empty " computerName="TFSBUILD11" duration="00:00:00.0160000" startTime="2015-09-28T09:45:49.4615900-07:00" endTime="2015-09-28T09:45:49.4615900-07:00" testType="13cdc9d9-ddb5-4fa4-a97d-d965ccfc6d4b" outcome="Passed" testListId="8c84fa94-04c1-424b-9868-57a2d4851a1d" relativeResultsDirectory="6ecccd95-9627-44bc-986b-a8f9a3198558" />
    <UnitTestResult executionId="f7660765-b92e-4df3-829f-027a3a1b4c04" testId="bc30c7b5-6ffa-4715-b517-588a24aeae91" testName="KnockoutMachineViewModelTests Test isWinRmPortEmpty should return false if WinRmPort is not empty " computerName="TFSBUILD11" duration="00:00:00.0160000" startTime="2015-09-28T09:45:49.4615900-07:00" endTime="2015-09-28T09:45:49.4615900-07:00" testType="13cdc9d9-ddb5-4fa4-a97d-d965ccfc6d4b" outcome="Passed" testListId="8c84fa94-04c1-424b-9868-57a2d4851a1d" relativeResultsDirectory="f7660765-b92e-4df3-829f-027a3a1b4c04" />
    <UnitTestResult executionId="82e8256a-d232-49b7-93d9-5c4a0b905a9d" testId="3d842f18-973d-4c2e-8845-fc17a4767f56" testName="KnockoutMachineViewModelTests Test isWinRmPortEmpty should return true if WinRmPort is empty " computerName="TFSBUILD11" duration="00:00:00.0150000" startTime="2015-09-28T09:45:49.4615900-07:00" endTime="2015-09-28T09:45:49.4615900-07:00" testType="13cdc9d9-ddb5-4fa4-a97d-d965ccfc6d4b" outcome="Passed" testListId="8c84fa94-04c1-424b-9868-57a2d4851a1d" relativeResultsDirectory="82e8256a-d232-49b7-93d9-5c4a0b905a9d" />
    <UnitTestResult executionId="fe3a8dc2-af01-4ac4-b505-e28c7e68a025" testId="9618143b-1143-4eca-a288-37a7169a5c81" testName="KnockoutMachineViewModelTests Test deserilalizeTags should return tag array " computerName="TFSBUILD11" duration="00:00:00.0160000" startTime="2015-09-28T09:45:49.4615900-07:00" endTime="2015-09-28T09:45:49.4615900-07:00" testType="13cdc9d9-ddb5-4fa4-a97d-d965ccfc6d4b" outcome="Passed" testListId="8c84fa94-04c1-424b-9868-57a2d4851a1d" relativeResultsDirectory="fe3a8dc2-af01-4ac4-b505-e28c7e68a025" />
    <UnitTestResult executionId="41bc51db-b6cf-498c-ac2c-da34fcaafcb8" testId="50187a94-2714-415d-9046-00495830c64b" testName="KnockoutMachineViewModelTests Test serilalizeTags should return serialize tags " computerName="TFSBUILD11" duration="00:00:00.0160000" startTime="2015-09-28T09:45:49.6068074-07:00" endTime="2015-09-28T09:45:49.6068074-07:00" testType="13cdc9d9-ddb5-4fa4-a97d-d965ccfc6d4b" outcome="Passed" testListId="8c84fa94-04c1-424b-9868-57a2d4851a1d" relativeResultsDirectory="41bc51db-b6cf-498c-ac2c-da34fcaafcb8" />
    <UnitTestResult executionId="96853e33-8519-4143-a378-7c9e8a7ab28e" testId="016b9f71-c2c6-4429-88f2-a78bfc802786" testName="KnockoutMachineViewModelTests Test addMachineCredentials should add machine credential to tags " computerName="TFSBUILD11" duration="00:00:00.0160000" startTime="2015-09-28T09:45:49.6068074-07:00" endTime="2015-09-28T09:45:49.6068074-07:00" testType="13cdc9d9-ddb5-4fa4-a97d-d965ccfc6d4b" outcome="Passed" testListId="8c84fa94-04c1-424b-9868-57a2d4851a1d" relativeResultsDirectory="96853e33-8519-4143-a378-7c9e8a7ab28e" />
    <UnitTestResult executionId="ddd3ab32-7f42-4191-a8ee-4ebd95dd15d6" testId="3516bb55-4a7a-40c1-8464-65049be85055" testName="KnockoutMachineViewModelTests Test addWinRmTag should add winRmPort tag to supplied tags array" computerName="TFSBUILD11" duration="00:00:00.0170000" startTime="2015-09-28T09:45:49.6068074-07:00" endTime="2015-09-28T09:45:49.6068074-07:00" testType="13cdc9d9-ddb5-4fa4-a97d-d965ccfc6d4b" outcome="Passed" testListId="8c84fa94-04c1-424b-9868-57a2d4851a1d" relativeResultsDirectory="ddd3ab32-7f42-4191-a8ee-4ebd95dd15d6" />
    <UnitTestResult executionId="71111172-e32d-499c-8693-a61d3b48adb6" testId="c95052f7-1291-4f9a-9479-19777d5326dc" testName="EnvironmentDialogViewModelTests Test setEnvironment for empty environment" computerName="TFSBUILD11" duration="00:00:00.0180000" startTime="2015-09-28T09:45:49.6068074-07:00" endTime="2015-09-28T09:45:49.6068074-07:00" testType="13cdc9d9-ddb5-4fa4-a97d-d965ccfc6d4b" outcome="Passed" testListId="8c84fa94-04c1-424b-9868-57a2d4851a1d" relativeResultsDirectory="71111172-e32d-499c-8693-a61d3b48adb6" />
    <UnitTestResult executionId="1592495c-07d5-4073-b52c-b289d77b026f" testId="2198445c-e7f3-4cbc-a5ab-43f81800a7cc" testName="EnvironmentDialogViewModelTests Test setEnvironment for valid environment" computerName="TFSBUILD11" duration="00:00:00.0170000" startTime="2015-09-28T09:45:49.6068074-07:00" endTime="2015-09-28T09:45:49.6068074-07:00" testType="13cdc9d9-ddb5-4fa4-a97d-d965ccfc6d4b" outcome="Passed" testListId="8c84fa94-04c1-424b-9868-57a2d4851a1d" relativeResultsDirectory="1592495c-07d5-4073-b52c-b289d77b026f" />
    <UnitTestResult executionId="37ada225-d438-42a5-b5af-7c6fb29acaa5" testId="52dcfc58-4170-43d6-834e-60cf522e87e1" testName="EnvironmentDialogViewModelTests Test setEnvironment when environment have username and password tag with different case" computerName="TFSBUILD11" duration="00:00:00.0150000" startTime="2015-09-28T09:45:49.6068074-07:00" endTime="2015-09-28T09:45:49.6068074-07:00" testType="13cdc9d9-ddb5-4fa4-a97d-d965ccfc6d4b" outcome="Passed" testListId="8c84fa94-04c1-424b-9868-57a2d4851a1d" relativeResultsDirectory="37ada225-d438-42a5-b5af-7c6fb29acaa5" />
    <UnitTestResult executionId="a5290b34-f2bf-4dc5-a6d7-4572af843403" testId="dddd9a99-3028-4d48-a529-ef385e8299e0" testName="EnvironmentDialogViewModelTests Test setEnvironment when environment does not have username and password tags" computerName="TFSBUILD11" duration="00:00:00.0150000" startTime="2015-09-28T09:45:49.6068074-07:00" endTime="2015-09-28T09:45:49.6068074-07:00" testType="13cdc9d9-ddb5-4fa4-a97d-d965ccfc6d4b" outcome="Passed" testListId="8c84fa94-04c1-424b-9868-57a2d4851a1d" relativeResultsDirectory="a5290b34-f2bf-4dc5-a6d7-4572af843403" />
    <UnitTestResult executionId="730ca5de-9597-4bf1-8dfd-94234567dd43" testId="39b8852a-30c5-4a45-a97b-f41400d6eca1" testName="EnvironmentDialogViewModelTests Test processAndCall service when environment is successfully created" computerName="TFSBUILD11" duration="00:00:00.0150000" startTime="2015-09-28T09:45:49.6068074-07:00" endTime="2015-09-28T09:45:49.6068074-07:00" testType="13cdc9d9-ddb5-4fa4-a97d-d965ccfc6d4b" outcome="Passed" testListId="8c84fa94-04c1-424b-9868-57a2d4851a1d" relativeResultsDirectory="730ca5de-9597-4bf1-8dfd-94234567dd43" />
    <UnitTestResult executionId="814f966a-5dad-486c-8333-ef652e62b8ea" testId="12fc509e-1881-4abd-bfd1-725bc0a3b23f" testName="EnvironmentDialogViewModelTests Test processAndCallservice when environment creation failed" computerName="TFSBUILD11" duration="00:00:00.0150000" startTime="2015-09-28T09:45:49.6068074-07:00" endTime="2015-09-28T09:45:49.6068074-07:00" testType="13cdc9d9-ddb5-4fa4-a97d-d965ccfc6d4b" outcome="Passed" testListId="8c84fa94-04c1-424b-9868-57a2d4851a1d" relativeResultsDirectory="814f966a-5dad-486c-8333-ef652e62b8ea" />
    <UnitTestResult executionId="25faf648-94bb-485e-936d-48326899a0e8" testId="e0fa3a5f-7063-4c1b-ac59-443043abd69c" testName="EnvironmentGridViewModelTests Test constructor" computerName="TFSBUILD11" duration="00:00:00.0150000" startTime="2015-09-28T09:45:49.8366841-07:00" endTime="2015-09-28T09:45:49.8366841-07:00" testType="13cdc9d9-ddb5-4fa4-a97d-d965ccfc6d4b" outcome="Passed" testListId="8c84fa94-04c1-424b-9868-57a2d4851a1d" relativeResultsDirectory="25faf648-94bb-485e-936d-48326899a0e8" />
    <UnitTestResult executionId="9d707e80-f35f-46c5-a2ca-74e2c3155f93" testId="ccc08afe-d1be-410f-a68b-986de20cbc7a" testName="EnvironmentGridViewModelTests Test grid refresh" computerName="TFSBUILD11" duration="00:00:00.0510000" startTime="2015-09-28T09:45:49.8366841-07:00" endTime="2015-09-28T09:45:49.8366841-07:00" testType="13cdc9d9-ddb5-4fa4-a97d-d965ccfc6d4b" outcome="Passed" testListId="8c84fa94-04c1-424b-9868-57a2d4851a1d" relativeResultsDirectory="9d707e80-f35f-46c5-a2ca-74e2c3155f93" />
    <UnitTestResult executionId="a6f145d7-2b8d-48ab-a572-aaf8dd905c13" testId="f96cd412-c425-4742-bd2d-d7176bf4da09" testName="EnvironmentGridViewModelTests Test grid add environment" computerName="TFSBUILD11" duration="00:00:00.0570000" startTime="2015-09-28T09:45:49.8366841-07:00" endTime="2015-09-28T09:45:49.8366841-07:00" testType="13cdc9d9-ddb5-4fa4-a97d-d965ccfc6d4b" outcome="Passed" testListId="8c84fa94-04c1-424b-9868-57a2d4851a1d" relativeResultsDirectory="a6f145d7-2b8d-48ab-a572-aaf8dd905c13" />
    <UnitTestResult executionId="bca8bdb2-1c1b-4fb9-9215-30f35d5c7d7c" testId="4dc25c2e-3c04-449c-bbb2-cdee25d818f0" testName="EnvironmentGridViewModelTests Test provider filter" computerName="TFSBUILD11" duration="00:00:00.0200000" startTime="2015-09-28T09:45:49.8366841-07:00" endTime="2015-09-28T09:45:49.8366841-07:00" testType="13cdc9d9-ddb5-4fa4-a97d-d965ccfc6d4b" outcome="Passed" testListId="8c84fa94-04c1-424b-9868-57a2d4851a1d" relativeResultsDirectory="bca8bdb2-1c1b-4fb9-9215-30f35d5c7d7c" />
    <UnitTestResult executionId="e631534f-5cf4-4c30-a40d-e0e4d646f417" testId="18dd59a3-f143-46ff-bb51-f578a5b3ce61" testName="EnvironmentGridViewModelTests Test status filter" computerName="TFSBUILD11" duration="00:00:00.0170000" startTime="2015-09-28T09:45:49.8366841-07:00" endTime="2015-09-28T09:45:49.8366841-07:00" testType="13cdc9d9-ddb5-4fa4-a97d-d965ccfc6d4b" outcome="Passed" testListId="8c84fa94-04c1-424b-9868-57a2d4851a1d" relativeResultsDirectory="e631534f-5cf4-4c30-a40d-e0e4d646f417" />
    <UnitTestResult executionId="cb15f117-e721-438f-af40-fdef845a4477" testId="4161ed27-c4a0-4ef6-b5d2-4d8319595958" testName="EnvironmentGridViewModelTests Test delete environment" computerName="TFSBUILD11" duration="00:00:00.0170000" startTime="2015-09-28T09:45:49.8366841-07:00" endTime="2015-09-28T09:45:49.8366841-07:00" testType="13cdc9d9-ddb5-4fa4-a97d-d965ccfc6d4b" outcome="Passed" testListId="8c84fa94-04c1-424b-9868-57a2d4851a1d" relativeResultsDirectory="cb15f117-e721-438f-af40-fdef845a4477" />
    <UnitTestResult executionId="ab96c7ea-efec-4c8f-a768-b5f23d73731a" testId="21776edf-e24c-4dc7-a869-934537b36195" testName="EnvironmentGridViewModelTests Test edit and delete button visibility" computerName="TFSBUILD11" duration="00:00:00.0150000" startTime="2015-09-28T09:45:49.8366841-07:00" endTime="2015-09-28T09:45:49.8366841-07:00" testType="13cdc9d9-ddb5-4fa4-a97d-d965ccfc6d4b" outcome="Passed" testListId="8c84fa94-04c1-424b-9868-57a2d4851a1d" relativeResultsDirectory="ab96c7ea-efec-4c8f-a768-b5f23d73731a" />
    <UnitTestResult executionId="27b2929f-8d64-4eff-9a7e-84e58ba04ff4" testId="34e79871-7d28-434b-ab52-7d5bbe38e081" testName="EnvironmentGridViewModelTests Test reserve machine group" computerName="TFSBUILD11" duration="00:00:00.0150000" startTime="2015-09-28T09:45:49.8366841-07:00" endTime="2015-09-28T09:45:49.8366841-07:00" testType="13cdc9d9-ddb5-4fa4-a97d-d965ccfc6d4b" outcome="Passed" testListId="8c84fa94-04c1-424b-9868-57a2d4851a1d" relativeResultsDirectory="27b2929f-8d64-4eff-9a7e-84e58ba04ff4" />
    <UnitTestResult executionId="af67def9-6255-4a28-8bdd-da203f1a446d" testId="b9f4bc13-550d-404d-bd44-c6ed0f890513" testName="EnvironmentGridViewModelTests Test reserve machine group when reservation fails" computerName="TFSBUILD11" duration="00:00:00.0150000" startTime="2015-09-28T09:45:49.8421006-07:00" endTime="2015-09-28T09:45:49.8421006-07:00" testType="13cdc9d9-ddb5-4fa4-a97d-d965ccfc6d4b" outcome="Passed" testListId="8c84fa94-04c1-424b-9868-57a2d4851a1d" relativeResultsDirectory="af67def9-6255-4a28-8bdd-da203f1a446d" />
    <UnitTestResult executionId="4c507f55-3f82-4c14-a802-da536c9f6102" testId="46ed04de-eb51-4b2d-814a-6e5ffa6df3d1" testName="EnvironmentGridViewModelTests Test unreserve machine group" computerName="TFSBUILD11" duration="00:00:00.0170000" startTime="2015-09-28T09:45:50.2611502-07:00" endTime="2015-09-28T09:45:50.2611502-07:00" testType="13cdc9d9-ddb5-4fa4-a97d-d965ccfc6d4b" outcome="Passed" testListId="8c84fa94-04c1-424b-9868-57a2d4851a1d" relativeResultsDirectory="4c507f55-3f82-4c14-a802-da536c9f6102" />
    <UnitTestResult executionId="f2dd47dd-1782-4230-a886-9758d4d20a03" testId="3c4932c9-479d-4fd9-a008-1f34aafabf83" testName="EnvironmentGridViewModelTests Test unreserve machine group when reservation fails" computerName="TFSBUILD11" duration="00:00:00.0160000" startTime="2015-09-28T09:45:50.2621512-07:00" endTime="2015-09-28T09:45:50.2621512-07:00" testType="13cdc9d9-ddb5-4fa4-a97d-d965ccfc6d4b" outcome="Passed" testListId="8c84fa94-04c1-424b-9868-57a2d4851a1d" relativeResultsDirectory="f2dd47dd-1782-4230-a886-9758d4d20a03" />
    <UnitTestResult executionId="789cea6f-0470-4ac1-8d50-4cd6945fb910" testId="dee111ff-dddf-45dd-adb2-13435d2c790a" testName="EnvironmentGridViewModelTests Test error message" computerName="TFSBUILD11" duration="00:00:00.0160000" startTime="2015-09-28T09:45:50.2621512-07:00" endTime="2015-09-28T09:45:50.2621512-07:00" testType="13cdc9d9-ddb5-4fa4-a97d-d965ccfc6d4b" outcome="Passed" testListId="8c84fa94-04c1-424b-9868-57a2d4851a1d" relativeResultsDirectory="789cea6f-0470-4ac1-8d50-4cd6945fb910" />
  </Results>
  <TestDefinitions>
    <UnitTest name="BlockMachineGroupDialogViewModelTests Test time input visibilty " storage="d:\v2.0\a1\_work\dbded102\vso\tfs\service\webaccess\machines\testscripts\tests\tests.machines.blockmachinegroupdialog.ts" id="26e60ac7-1f0b-454d-8e7f-c45c434e250e">
      <Execution id="6b6b9519-f54c-412c-abaf-c7fd22d56653" />
      <TestMethod codeBase="d:\v2.0\a1\_work\dbded102\vso\tfs\service\webaccess\machines\testscripts\tests\tests.machines.blockmachinegroupdialog.ts" adapterTypeName="Microsoft.VisualStudio.TestTools.TestTypes.Unit.UnitTestAdapter" className="d:\v2.0\a1\_work\dbded102\vso\tfs\service\webaccess\machines\testscripts\tests\tests.machines.blockmachinegroupdialog" name="BlockMachineGroupDialogViewModelTests Test time input visibilty " />
    </UnitTest>
    <UnitTest name="BlockMachineGroupDialogViewModelTests Test isTimeEmpty " storage="d:\v2.0\a1\_work\dbded102\vso\tfs\service\webaccess\machines\testscripts\tests\tests.machines.blockmachinegroupdialog.ts" id="645351c7-dd53-4be8-8254-732a3cf7938c">
      <Execution id="9959fd7e-5ec1-4ed2-8841-bd870ff428ba" />
      <TestMethod codeBase="d:\v2.0\a1\_work\dbded102\vso\tfs\service\webaccess\machines\testscripts\tests\tests.machines.blockmachinegroupdialog.ts" adapterTypeName="Microsoft.VisualStudio.TestTools.TestTypes.Unit.UnitTestAdapter" className="d:\v2.0\a1\_work\dbded102\vso\tfs\service\webaccess\machines\testscripts\tests\tests.machines.blockmachinegroupdialog" name="BlockMachineGroupDialogViewModelTests Test isTimeEmpty " />
    </UnitTest>
    <UnitTest name="BlockMachineGroupDialogViewModelTests Test hoursToReserve " storage="d:\v2.0\a1\_work\dbded102\vso\tfs\service\webaccess\machines\testscripts\tests\tests.machines.blockmachinegroupdialog.ts" id="473c1921-f73c-42df-a79b-c88e1a09f2f2">
      <Execution id="034cbf9e-cce2-4dc4-9a73-0a7c3551d468" />
      <TestMethod codeBase="d:\v2.0\a1\_work\dbded102\vso\tfs\service\webaccess\machines\testscripts\tests\tests.machines.blockmachinegroupdialog.ts" adapterTypeName="Microsoft.VisualStudio.TestTools.TestTypes.Unit.UnitTestAdapter" className="d:\v2.0\a1\_work\dbded102\vso\tfs\service\webaccess\machines\testscripts\tests\tests.machines.blockmachinegroupdialog" name="BlockMachineGroupDialogViewModelTests Test hoursToReserve " />
    </UnitTest>
    <UnitTest name="BlockMachineGroupDialogViewModelTests Test timeContainsError should return false is user has not specified any time " storage="d:\v2.0\a1\_work\dbded102\vso\tfs\service\webaccess\machines\testscripts\tests\tests.machines.blockmachinegroupdialog.ts" id="ee38eb9f-ae62-4fc3-9f5e-f4085b164f59">
      <Execution id="13686caa-22bc-46b6-b51b-d2aee1839146" />
      <TestMethod codeBase="d:\v2.0\a1\_work\dbded102\vso\tfs\service\webaccess\machines\testscripts\tests\tests.machines.blockmachinegroupdialog.ts" adapterTypeName="Microsoft.VisualStudio.TestTools.TestTypes.Unit.UnitTestAdapter" className="d:\v2.0\a1\_work\dbded102\vso\tfs\service\webaccess\machines\testscripts\tests\tests.machines.blockmachinegroupdialog" name="BlockMachineGroupDialogViewModelTests Test timeContainsError should return false is user has not specified any time " />
    </UnitTest>
    <UnitTest name="BlockMachineGroupDialogViewModelTests Test timeContainsError should return true if user has speicifed time in alphabetical charcters " storage="d:\v2.0\a1\_work\dbded102\vso\tfs\service\webaccess\machines\testscripts\tests\tests.machines.blockmachinegroupdialog.ts" id="92a76e26-bc87-4c79-836b-e7c5b560ee21">
      <Execution id="177d5aff-e2e6-4568-8064-2fa294821d63" />
      <TestMethod codeBase="d:\v2.0\a1\_work\dbded102\vso\tfs\service\webaccess\machines\testscripts\tests\tests.machines.blockmachinegroupdialog.ts" adapterTypeName="Microsoft.VisualStudio.TestTools.TestTypes.Unit.UnitTestAdapter" className="d:\v2.0\a1\_work\dbded102\vso\tfs\service\webaccess\machines\testscripts\tests\tests.machines.blockmachinegroupdialog" name="BlockMachineGroupDialogViewModelTests Test timeContainsError should return true if user has speicifed time in alphabetical charcters " />
    </UnitTest>
    <UnitTest name="BlockMachineGroupDialogViewModelTests Test timeContainsError should return true if user has speicifed time in decimals " storage="d:\v2.0\a1\_work\dbded102\vso\tfs\service\webaccess\machines\testscripts\tests\tests.machines.blockmachinegroupdialog.ts" id="dbf4b75c-9672-4171-82de-925c8d38d953">
      <Execution id="ae1c811b-e2e9-4004-9f40-bbd2ced65526" />
      <TestMethod codeBase="d:\v2.0\a1\_work\dbded102\vso\tfs\service\webaccess\machines\testscripts\tests\tests.machines.blockmachinegroupdialog.ts" adapterTypeName="Microsoft.VisualStudio.TestTools.TestTypes.Unit.UnitTestAdapter" className="d:\v2.0\a1\_work\dbded102\vso\tfs\service\webaccess\machines\testscripts\tests\tests.machines.blockmachinegroupdialog" name="BlockMachineGroupDialogViewModelTests Test timeContainsError should return true if user has speicifed time in decimals " />
    </UnitTest>
    <UnitTest name="BlockMachineGroupDialogViewModelTests Test timeContainsError should return true if user  speicifed time is less than equal to 0 " storage="d:\v2.0\a1\_work\dbded102\vso\tfs\service\webaccess\machines\testscripts\tests\tests.machines.blockmachinegroupdialog.ts" id="ff4bf37c-798c-4334-aaec-80359191201c">
      <Execution id="69dcb082-fba5-4320-a3a1-d68077f8ef51" />
      <TestMethod codeBase="d:\v2.0\a1\_work\dbded102\vso\tfs\service\webaccess\machines\testscripts\tests\tests.machines.blockmachinegroupdialog.ts" adapterTypeName="Microsoft.VisualStudio.TestTools.TestTypes.Unit.UnitTestAdapter" className="d:\v2.0\a1\_work\dbded102\vso\tfs\service\webaccess\machines\testscripts\tests\tests.machines.blockmachinegroupdialog" name="BlockMachineGroupDialogViewModelTests Test timeContainsError should return true if user  speicifed time is less than equal to 0 " />
    </UnitTest>
    <UnitTest name="BlockMachineGroupDialogViewModelTests Test timeContainsError should return false for valid time" storage="d:\v2.0\a1\_work\dbded102\vso\tfs\service\webaccess\machines\testscripts\tests\tests.machines.blockmachinegroupdialog.ts" id="f2d8895d-21b4-46c6-bc81-e71fe2abe356">
      <Execution id="0f49ec1b-a72c-40ae-8973-09720a792ed1" />
      <TestMethod codeBase="d:\v2.0\a1\_work\dbded102\vso\tfs\service\webaccess\machines\testscripts\tests\tests.machines.blockmachinegroupdialog.ts" adapterTypeName="Microsoft.VisualStudio.TestTools.TestTypes.Unit.UnitTestAdapter" className="d:\v2.0\a1\_work\dbded102\vso\tfs\service\webaccess\machines\testscripts\tests\tests.machines.blockmachinegroupdialog" name="BlockMachineGroupDialogViewModelTests Test timeContainsError should return false for valid time" />
    </UnitTest>
    <UnitTest name="BlockMachineGroupDialogViewModelTests Test inputChangedEvent should call updateOkButtonCallback with proper argument when selected policy is definite reservation" storage="d:\v2.0\a1\_work\dbded102\vso\tfs\service\webaccess\machines\testscripts\tests\tests.machines.blockmachinegroupdialog.ts" id="76426788-1344-47ea-b919-3b9b819b2c07">
      <Execution id="746681e4-9deb-4263-980c-faab30060943" />
      <TestMethod codeBase="d:\v2.0\a1\_work\dbded102\vso\tfs\service\webaccess\machines\testscripts\tests\tests.machines.blockmachinegroupdialog.ts" adapterTypeName="Microsoft.VisualStudio.TestTools.TestTypes.Unit.UnitTestAdapter" className="d:\v2.0\a1\_work\dbded102\vso\tfs\service\webaccess\machines\testscripts\tests\tests.machines.blockmachinegroupdialog" name="BlockMachineGroupDialogViewModelTests Test inputChangedEvent should call updateOkButtonCallback with proper argument when selected policy is definite reservation" />
    </UnitTest>
    <UnitTest name="BlockMachineGroupDialogViewModelTests Test inputChangedEvent should call updateOkButtonCallback with proper argument when selected policy is indefinite reservation" storage="d:\v2.0\a1\_work\dbded102\vso\tfs\service\webaccess\machines\testscripts\tests\tests.machines.blockmachinegroupdialog.ts" id="48d8005a-c477-465d-a76d-e07eada76156">
      <Execution id="0752e388-6215-48b4-9757-0380d2dfda8e" />
      <TestMethod codeBase="d:\v2.0\a1\_work\dbded102\vso\tfs\service\webaccess\machines\testscripts\tests\tests.machines.blockmachinegroupdialog.ts" adapterTypeName="Microsoft.VisualStudio.TestTools.TestTypes.Unit.UnitTestAdapter" className="d:\v2.0\a1\_work\dbded102\vso\tfs\service\webaccess\machines\testscripts\tests\tests.machines.blockmachinegroupdialog" name="BlockMachineGroupDialogViewModelTests Test inputChangedEvent should call updateOkButtonCallback with proper argument when selected policy is indefinite reservation" />
    </UnitTest>
    <UnitTest name="CreateMachineGroupDialogViewModelTests Test CreateMachineGroupDialogViewModel constructor" storage="d:\v2.0\a1\_work\dbded102\vso\tfs\service\webaccess\machines\testscripts\tests\tests.machines.createmachinegroupdialogviewmodel.ts" id="cf87cd7a-6b3d-4e0c-b805-ee3cbe01cce3">
      <Execution id="6cab6d24-659f-44c3-8aa6-3f12386e47a9" />
      <TestMethod codeBase="d:\v2.0\a1\_work\dbded102\vso\tfs\service\webaccess\machines\testscripts\tests\tests.machines.createmachinegroupdialogviewmodel.ts" adapterTypeName="Microsoft.VisualStudio.TestTools.TestTypes.Unit.UnitTestAdapter" className="d:\v2.0\a1\_work\dbded102\vso\tfs\service\webaccess\machines\testscripts\tests\tests.machines.createmachinegroupdialogviewmodel" name="CreateMachineGroupDialogViewModelTests Test CreateMachineGroupDialogViewModel constructor" />
    </UnitTest>
    <UnitTest name="CreateMachineGroupDialogViewModelTests Test isUsernameEmpty should return false if username is not empty " storage="d:\v2.0\a1\_work\dbded102\vso\tfs\service\webaccess\machines\testscripts\tests\tests.machines.createmachinegroupdialogviewmodel.ts" id="25bff3ea-3b4e-481c-99fc-747ea2bc9280">
      <Execution id="d8503fcc-a92d-4337-b035-94cf7a916e08" />
      <TestMethod codeBase="d:\v2.0\a1\_work\dbded102\vso\tfs\service\webaccess\machines\testscripts\tests\tests.machines.createmachinegroupdialogviewmodel.ts" adapterTypeName="Microsoft.VisualStudio.TestTools.TestTypes.Unit.UnitTestAdapter" className="d:\v2.0\a1\_work\dbded102\vso\tfs\service\webaccess\machines\testscripts\tests\tests.machines.createmachinegroupdialogviewmodel" name="CreateMachineGroupDialogViewModelTests Test isUsernameEmpty should return false if username is not empty " />
    </UnitTest>
    <UnitTest name="CreateMachineGroupDialogViewModelTests Test isUsernameEmpty should return true if machine name is empty " storage="d:\v2.0\a1\_work\dbded102\vso\tfs\service\webaccess\machines\testscripts\tests\tests.machines.createmachinegroupdialogviewmodel.ts" id="edc17d72-d3e8-4eec-8db9-8602a5aba379">
      <Execution id="ef533c2c-956d-4261-85ba-f73279d564c5" />
      <TestMethod codeBase="d:\v2.0\a1\_work\dbded102\vso\tfs\service\webaccess\machines\testscripts\tests\tests.machines.createmachinegroupdialogviewmodel.ts" adapterTypeName="Microsoft.VisualStudio.TestTools.TestTypes.Unit.UnitTestAdapter" className="d:\v2.0\a1\_work\dbded102\vso\tfs\service\webaccess\machines\testscripts\tests\tests.machines.createmachinegroupdialogviewmodel" name="CreateMachineGroupDialogViewModelTests Test isUsernameEmpty should return true if machine name is empty " />
    </UnitTest>
    <UnitTest name="CreateMachineGroupDialogViewModelTests Test isPasswordEmpty should return false if password is not empty " storage="d:\v2.0\a1\_work\dbded102\vso\tfs\service\webaccess\machines\testscripts\tests\tests.machines.createmachinegroupdialogviewmodel.ts" id="d025337a-0e6f-4032-a61f-0c0ed8417f3f">
      <Execution id="58e29474-75d9-47a1-a5d8-2c5009c9b14e" />
      <TestMethod codeBase="d:\v2.0\a1\_work\dbded102\vso\tfs\service\webaccess\machines\testscripts\tests\tests.machines.createmachinegroupdialogviewmodel.ts" adapterTypeName="Microsoft.VisualStudio.TestTools.TestTypes.Unit.UnitTestAdapter" className="d:\v2.0\a1\_work\dbded102\vso\tfs\service\webaccess\machines\testscripts\tests\tests.machines.createmachinegroupdialogviewmodel" name="CreateMachineGroupDialogViewModelTests Test isPasswordEmpty should return false if password is not empty " />
    </UnitTest>
    <UnitTest name="CreateMachineGroupDialogViewModelTests Test isPasswordEmpty should return true if machine name is empty " storage="d:\v2.0\a1\_work\dbded102\vso\tfs\service\webaccess\machines\testscripts\tests\tests.machines.createmachinegroupdialogviewmodel.ts" id="1dc31376-75e6-4f10-9b5e-b62a89643884">
      <Execution id="c9f80438-b073-4b8e-a77c-cd3b0307bd30" />
      <TestMethod codeBase="d:\v2.0\a1\_work\dbded102\vso\tfs\service\webaccess\machines\testscripts\tests\tests.machines.createmachinegroupdialogviewmodel.ts" adapterTypeName="Microsoft.VisualStudio.TestTools.TestTypes.Unit.UnitTestAdapter" className="d:\v2.0\a1\_work\dbded102\vso\tfs\service\webaccess\machines\testscripts\tests\tests.machines.createmachinegroupdialogviewmodel" name="CreateMachineGroupDialogViewModelTests Test isPasswordEmpty should return true if machine name is empty " />
    </UnitTest>
    <UnitTest name="CreateMachineGroupDialogViewModelTests Test toggleMachineCredentials should show .machineControlViewModel credential if custom credential is set to true " storage="d:\v2.0\a1\_work\dbded102\vso\tfs\service\webaccess\machines\testscripts\tests\tests.machines.createmachinegroupdialogviewmodel.ts" id="a087d485-5275-493f-a099-4ac2fb8026f7">
      <Execution id="06db23e7-0a4a-496f-acaf-0696f1048ec4" />
      <TestMethod codeBase="d:\v2.0\a1\_work\dbded102\vso\tfs\service\webaccess\machines\testscripts\tests\tests.machines.createmachinegroupdialogviewmodel.ts" adapterTypeName="Microsoft.VisualStudio.TestTools.TestTypes.Unit.UnitTestAdapter" className="d:\v2.0\a1\_work\dbded102\vso\tfs\service\webaccess\machines\testscripts\tests\tests.machines.createmachinegroupdialogviewmodel.ts::createmachinegroupdialogviewmodeltests::test togglemachinecredentials should show " name="CreateMachineGroupDialogViewModelTests Test toggleMachineCredentials should show .machineControlViewModel credential if custom credential is set to true " />
    </UnitTest>
    <UnitTest name="CreateMachineGroupDialogViewModelTests Test toggleMachineCredentials should hide .machineControlViewModel credential if custom credential is set to false " storage="d:\v2.0\a1\_work\dbded102\vso\tfs\service\webaccess\machines\testscripts\tests\tests.machines.createmachinegroupdialogviewmodel.ts" id="2e889d7b-a1f0-4a41-b7d7-48e0cb616a98">
      <Execution id="3a167181-bfd6-4357-beea-2b06339738b9" />
      <TestMethod codeBase="d:\v2.0\a1\_work\dbded102\vso\tfs\service\webaccess\machines\testscripts\tests\tests.machines.createmachinegroupdialogviewmodel.ts" adapterTypeName="Microsoft.VisualStudio.TestTools.TestTypes.Unit.UnitTestAdapter" className="d:\v2.0\a1\_work\dbded102\vso\tfs\service\webaccess\machines\testscripts\tests\tests.machines.createmachinegroupdialogviewmodel.ts::createmachinegroupdialogviewmodeltests::test togglemachinecredentials should hide " name="CreateMachineGroupDialogViewModelTests Test toggleMachineCredentials should hide .machineControlViewModel credential if custom credential is set to false " />
    </UnitTest>
    <UnitTest name="CreateMachineGroupDialogViewModelTests Test updatePorts should set the winRmport to 5985 if selected protocol is HTTP " storage="d:\v2.0\a1\_work\dbded102\vso\tfs\service\webaccess\machines\testscripts\tests\tests.machines.createmachinegroupdialogviewmodel.ts" id="86c02aeb-1d4e-477e-83de-5487b914eff2">
      <Execution id="0f848321-8143-4970-afe0-432d144b880c" />
      <TestMethod codeBase="d:\v2.0\a1\_work\dbded102\vso\tfs\service\webaccess\machines\testscripts\tests\tests.machines.createmachinegroupdialogviewmodel.ts" adapterTypeName="Microsoft.VisualStudio.TestTools.TestTypes.Unit.UnitTestAdapter" className="d:\v2.0\a1\_work\dbded102\vso\tfs\service\webaccess\machines\testscripts\tests\tests.machines.createmachinegroupdialogviewmodel" name="CreateMachineGroupDialogViewModelTests Test updatePorts should set the winRmport to 5985 if selected protocol is HTTP " />
    </UnitTest>
    <UnitTest name="CreateMachineGroupDialogViewModelTests Test updatePorts should set the winRmport to 5986 if selected protocol is HTTPS " storage="d:\v2.0\a1\_work\dbded102\vso\tfs\service\webaccess\machines\testscripts\tests\tests.machines.createmachinegroupdialogviewmodel.ts" id="f5f5d843-5325-4e31-b457-0fd1f80df4de">
      <Execution id="eb932e21-ed9f-4ae0-a146-ac701e5ba938" />
      <TestMethod codeBase="d:\v2.0\a1\_work\dbded102\vso\tfs\service\webaccess\machines\testscripts\tests\tests.machines.createmachinegroupdialogviewmodel.ts" adapterTypeName="Microsoft.VisualStudio.TestTools.TestTypes.Unit.UnitTestAdapter" className="d:\v2.0\a1\_work\dbded102\vso\tfs\service\webaccess\machines\testscripts\tests\tests.machines.createmachinegroupdialogviewmodel" name="CreateMachineGroupDialogViewModelTests Test updatePorts should set the winRmport to 5986 if selected protocol is HTTPS " />
    </UnitTest>
    <UnitTest name="CreateMachineGroupDialogViewModelTests Test updatePorts should not set the winRmport if it is modified by user " storage="d:\v2.0\a1\_work\dbded102\vso\tfs\service\webaccess\machines\testscripts\tests\tests.machines.createmachinegroupdialogviewmodel.ts" id="7b360a8b-a69d-4543-9494-3453686a4b6c">
      <Execution id="be61a968-4ddf-4072-866a-1c7234d8bcf0" />
      <TestMethod codeBase="d:\v2.0\a1\_work\dbded102\vso\tfs\service\webaccess\machines\testscripts\tests\tests.machines.createmachinegroupdialogviewmodel.ts" adapterTypeName="Microsoft.VisualStudio.TestTools.TestTypes.Unit.UnitTestAdapter" className="d:\v2.0\a1\_work\dbded102\vso\tfs\service\webaccess\machines\testscripts\tests\tests.machines.createmachinegroupdialogviewmodel" name="CreateMachineGroupDialogViewModelTests Test updatePorts should not set the winRmport if it is modified by user " />
    </UnitTest>
    <UnitTest name="CreateMachineGroupDialogViewModelTests Test skip ca check property should be set once user has checked it " storage="d:\v2.0\a1\_work\dbded102\vso\tfs\service\webaccess\machines\testscripts\tests\tests.machines.createmachinegroupdialogviewmodel.ts" id="45d9fbe7-d4fc-4a03-8b82-6f2207479441">
      <Execution id="b2b9a7fb-524d-4f27-b3b9-dba929868599" />
      <TestMethod codeBase="d:\v2.0\a1\_work\dbded102\vso\tfs\service\webaccess\machines\testscripts\tests\tests.machines.createmachinegroupdialogviewmodel.ts" adapterTypeName="Microsoft.VisualStudio.TestTools.TestTypes.Unit.UnitTestAdapter" className="d:\v2.0\a1\_work\dbded102\vso\tfs\service\webaccess\machines\testscripts\tests\tests.machines.createmachinegroupdialogviewmodel" name="CreateMachineGroupDialogViewModelTests Test skip ca check property should be set once user has checked it " />
    </UnitTest>
    <UnitTest name="CreateMachineGroupDialogViewModelTests Test setSkipCaCheckProperty should set skipCaCheckProperty properly " storage="d:\v2.0\a1\_work\dbded102\vso\tfs\service\webaccess\machines\testscripts\tests\tests.machines.createmachinegroupdialogviewmodel.ts" id="ee83c264-b2de-4ef1-953a-59d989e65b86">
      <Execution id="0d30af4b-e05c-4901-9014-cc07ec246e36" />
      <TestMethod codeBase="d:\v2.0\a1\_work\dbded102\vso\tfs\service\webaccess\machines\testscripts\tests\tests.machines.createmachinegroupdialogviewmodel.ts" adapterTypeName="Microsoft.VisualStudio.TestTools.TestTypes.Unit.UnitTestAdapter" className="d:\v2.0\a1\_work\dbded102\vso\tfs\service\webaccess\machines\testscripts\tests\tests.machines.createmachinegroupdialogviewmodel" name="CreateMachineGroupDialogViewModelTests Test setSkipCaCheckProperty should set skipCaCheckProperty properly " />
    </UnitTest>
    <UnitTest name="CreateMachineGroupDialogViewModelTests Test isHttpsProtocol should return true is selected Protocol is HTTPS " storage="d:\v2.0\a1\_work\dbded102\vso\tfs\service\webaccess\machines\testscripts\tests\tests.machines.createmachinegroupdialogviewmodel.ts" id="4ed0992b-f0d4-4529-95aa-f8efa93b05b7">
      <Execution id="0af9c58c-7578-4187-a392-beeea69558f2" />
      <TestMethod codeBase="d:\v2.0\a1\_work\dbded102\vso\tfs\service\webaccess\machines\testscripts\tests\tests.machines.createmachinegroupdialogviewmodel.ts" adapterTypeName="Microsoft.VisualStudio.TestTools.TestTypes.Unit.UnitTestAdapter" className="d:\v2.0\a1\_work\dbded102\vso\tfs\service\webaccess\machines\testscripts\tests\tests.machines.createmachinegroupdialogviewmodel" name="CreateMachineGroupDialogViewModelTests Test isHttpsProtocol should return true is selected Protocol is HTTPS " />
    </UnitTest>
    <UnitTest name="KnockoutMachineInputAreaViewModelTests Test constructer" storage="d:\v2.0\a1\_work\dbded102\vso\tfs\service\webaccess\machines\testscripts\tests\tests.machines.knockoutmachineinputareaviewmodel.ts" id="957caa9c-0c11-4a0e-adde-81b98098ff45">
      <Execution id="20155f4f-ae53-4887-86fe-9d5d088cd2db" />
      <TestMethod codeBase="d:\v2.0\a1\_work\dbded102\vso\tfs\service\webaccess\machines\testscripts\tests\tests.machines.knockoutmachineinputareaviewmodel.ts" adapterTypeName="Microsoft.VisualStudio.TestTools.TestTypes.Unit.UnitTestAdapter" className="d:\v2.0\a1\_work\dbded102\vso\tfs\service\webaccess\machines\testscripts\tests\tests.machines.knockoutmachineinputareaviewmodel" name="KnockoutMachineInputAreaViewModelTests Test constructer" />
    </UnitTest>
    <UnitTest name="KnockoutMachineInputAreaViewModelTests Test cannotAddMachine should return true if any of the machine name is not set" storage="d:\v2.0\a1\_work\dbded102\vso\tfs\service\webaccess\machines\testscripts\tests\tests.machines.knockoutmachineinputareaviewmodel.ts" id="71693458-7f70-471f-a18d-a746fed82772">
      <Execution id="5cf33acc-0d83-452f-828a-98ca3aa5ef5c" />
      <TestMethod codeBase="d:\v2.0\a1\_work\dbded102\vso\tfs\service\webaccess\machines\testscripts\tests\tests.machines.knockoutmachineinputareaviewmodel.ts" adapterTypeName="Microsoft.VisualStudio.TestTools.TestTypes.Unit.UnitTestAdapter" className="d:\v2.0\a1\_work\dbded102\vso\tfs\service\webaccess\machines\testscripts\tests\tests.machines.knockoutmachineinputareaviewmodel" name="KnockoutMachineInputAreaViewModelTests Test cannotAddMachine should return true if any of the machine name is not set" />
    </UnitTest>
    <UnitTest name="KnockoutMachineInputAreaViewModelTests Test cannotAddMachine should return false if all of the machine names are set" storage="d:\v2.0\a1\_work\dbded102\vso\tfs\service\webaccess\machines\testscripts\tests\tests.machines.knockoutmachineinputareaviewmodel.ts" id="098f34c4-c4e5-440e-a36a-ef5bd6d95e58">
      <Execution id="f64044af-9621-4429-9c0a-b563f17ab0df" />
      <TestMethod codeBase="d:\v2.0\a1\_work\dbded102\vso\tfs\service\webaccess\machines\testscripts\tests\tests.machines.knockoutmachineinputareaviewmodel.ts" adapterTypeName="Microsoft.VisualStudio.TestTools.TestTypes.Unit.UnitTestAdapter" className="d:\v2.0\a1\_work\dbded102\vso\tfs\service\webaccess\machines\testscripts\tests\tests.machines.knockoutmachineinputareaviewmodel" name="KnockoutMachineInputAreaViewModelTests Test cannotAddMachine should return false if all of the machine names are set" />
    </UnitTest>
    <UnitTest name="KnockoutMachineInputAreaViewModelTests Test cannotAddMachine should return true if any of the winRM port  is not set" storage="d:\v2.0\a1\_work\dbded102\vso\tfs\service\webaccess\machines\testscripts\tests\tests.machines.knockoutmachineinputareaviewmodel.ts" id="ed4a9c97-a398-4c90-8d18-1e69c50f2e5f">
      <Execution id="2b343215-3723-419c-9d84-b4a17fcf1fb3" />
      <TestMethod codeBase="d:\v2.0\a1\_work\dbded102\vso\tfs\service\webaccess\machines\testscripts\tests\tests.machines.knockoutmachineinputareaviewmodel.ts" adapterTypeName="Microsoft.VisualStudio.TestTools.TestTypes.Unit.UnitTestAdapter" className="d:\v2.0\a1\_work\dbded102\vso\tfs\service\webaccess\machines\testscripts\tests\tests.machines.knockoutmachineinputareaviewmodel" name="KnockoutMachineInputAreaViewModelTests Test cannotAddMachine should return true if any of the winRM port  is not set" />
    </UnitTest>
    <UnitTest name="KnockoutMachineInputAreaViewModelTests Test cannotDeleteMachine should return false if there are more than one machines" storage="d:\v2.0\a1\_work\dbded102\vso\tfs\service\webaccess\machines\testscripts\tests\tests.machines.knockoutmachineinputareaviewmodel.ts" id="9594e31c-3fce-4ac1-a402-3d5490616dd2">
      <Execution id="b7fb1395-f69d-404c-88aa-ee1c174f3b79" />
      <TestMethod codeBase="d:\v2.0\a1\_work\dbded102\vso\tfs\service\webaccess\machines\testscripts\tests\tests.machines.knockoutmachineinputareaviewmodel.ts" adapterTypeName="Microsoft.VisualStudio.TestTools.TestTypes.Unit.UnitTestAdapter" className="d:\v2.0\a1\_work\dbded102\vso\tfs\service\webaccess\machines\testscripts\tests\tests.machines.knockoutmachineinputareaviewmodel" name="KnockoutMachineInputAreaViewModelTests Test cannotDeleteMachine should return false if there are more than one machines" />
    </UnitTest>
    <UnitTest name="KnockoutMachineInputAreaViewModelTests Test cannotDeleteMachine should return true if there is one machine left" storage="d:\v2.0\a1\_work\dbded102\vso\tfs\service\webaccess\machines\testscripts\tests\tests.machines.knockoutmachineinputareaviewmodel.ts" id="648fde80-f580-4480-b860-c1fc4d7a910c">
      <Execution id="96542cde-975b-429a-89bc-f228efa1f55b" />
      <TestMethod codeBase="d:\v2.0\a1\_work\dbded102\vso\tfs\service\webaccess\machines\testscripts\tests\tests.machines.knockoutmachineinputareaviewmodel.ts" adapterTypeName="Microsoft.VisualStudio.TestTools.TestTypes.Unit.UnitTestAdapter" className="d:\v2.0\a1\_work\dbded102\vso\tfs\service\webaccess\machines\testscripts\tests\tests.machines.knockoutmachineinputareaviewmodel" name="KnockoutMachineInputAreaViewModelTests Test cannotDeleteMachine should return true if there is one machine left" />
    </UnitTest>
    <UnitTest name="KnockoutMachineInputAreaViewModelTests Test addMachine should add new machine if all of the machine names are set" storage="d:\v2.0\a1\_work\dbded102\vso\tfs\service\webaccess\machines\testscripts\tests\tests.machines.knockoutmachineinputareaviewmodel.ts" id="45d49b39-f3fe-4443-ad40-f5c80f9c120a">
      <Execution id="d00953f6-7a1b-4585-98aa-efbe49631ac5" />
      <TestMethod codeBase="d:\v2.0\a1\_work\dbded102\vso\tfs\service\webaccess\machines\testscripts\tests\tests.machines.knockoutmachineinputareaviewmodel.ts" adapterTypeName="Microsoft.VisualStudio.TestTools.TestTypes.Unit.UnitTestAdapter" className="d:\v2.0\a1\_work\dbded102\vso\tfs\service\webaccess\machines\testscripts\tests\tests.machines.knockoutmachineinputareaviewmodel" name="KnockoutMachineInputAreaViewModelTests Test addMachine should add new machine if all of the machine names are set" />
    </UnitTest>
    <UnitTest name="KnockoutMachineInputAreaViewModelTests Test addMachine should not add new machine if any of the machine name is not set" storage="d:\v2.0\a1\_work\dbded102\vso\tfs\service\webaccess\machines\testscripts\tests\tests.machines.knockoutmachineinputareaviewmodel.ts" id="af756f8a-bdc0-492b-bacc-28aa9d0866ac">
      <Execution id="2fad5fe0-fd3a-43c9-8679-7c3812316fa4" />
      <TestMethod codeBase="d:\v2.0\a1\_work\dbded102\vso\tfs\service\webaccess\machines\testscripts\tests\tests.machines.knockoutmachineinputareaviewmodel.ts" adapterTypeName="Microsoft.VisualStudio.TestTools.TestTypes.Unit.UnitTestAdapter" className="d:\v2.0\a1\_work\dbded102\vso\tfs\service\webaccess\machines\testscripts\tests\tests.machines.knockoutmachineinputareaviewmodel" name="KnockoutMachineInputAreaViewModelTests Test addMachine should not add new machine if any of the machine name is not set" />
    </UnitTest>
    <UnitTest name="KnockoutMachineInputAreaViewModelTests Test deleteMachine should delete machine is more than one machine is available" storage="d:\v2.0\a1\_work\dbded102\vso\tfs\service\webaccess\machines\testscripts\tests\tests.machines.knockoutmachineinputareaviewmodel.ts" id="8e9c50ea-4165-4918-97e4-728e92679593">
      <Execution id="b68aee25-1b6c-4246-a6df-af64325bdcd1" />
      <TestMethod codeBase="d:\v2.0\a1\_work\dbded102\vso\tfs\service\webaccess\machines\testscripts\tests\tests.machines.knockoutmachineinputareaviewmodel.ts" adapterTypeName="Microsoft.VisualStudio.TestTools.TestTypes.Unit.UnitTestAdapter" className="d:\v2.0\a1\_work\dbded102\vso\tfs\service\webaccess\machines\testscripts\tests\tests.machines.knockoutmachineinputareaviewmodel" name="KnockoutMachineInputAreaViewModelTests Test deleteMachine should delete machine is more than one machine is available" />
    </UnitTest>
    <UnitTest name="KnockoutMachineInputAreaViewModelTests Test deleteMachine should not delete machine if just one machine is available" storage="d:\v2.0\a1\_work\dbded102\vso\tfs\service\webaccess\machines\testscripts\tests\tests.machines.knockoutmachineinputareaviewmodel.ts" id="338799eb-f1e7-4a55-8656-7d69c69a28ba">
      <Execution id="bbd12964-f997-4180-aa80-5775f9c59f12" />
      <TestMethod codeBase="d:\v2.0\a1\_work\dbded102\vso\tfs\service\webaccess\machines\testscripts\tests\tests.machines.knockoutmachineinputareaviewmodel.ts" adapterTypeName="Microsoft.VisualStudio.TestTools.TestTypes.Unit.UnitTestAdapter" className="d:\v2.0\a1\_work\dbded102\vso\tfs\service\webaccess\machines\testscripts\tests\tests.machines.knockoutmachineinputareaviewmodel" name="KnockoutMachineInputAreaViewModelTests Test deleteMachine should not delete machine if just one machine is available" />
    </UnitTest>
    <UnitTest name="KnockoutMachineInputAreaViewModelTests Test addMachineButtonTabIndex should return -1 if any of the machine name is not filled" storage="d:\v2.0\a1\_work\dbded102\vso\tfs\service\webaccess\machines\testscripts\tests\tests.machines.knockoutmachineinputareaviewmodel.ts" id="d98fc56f-53c2-4b10-b527-7e0424468294">
      <Execution id="5f7724cc-ac7b-41b6-b8e0-da9a0adfa3ee" />
      <TestMethod codeBase="d:\v2.0\a1\_work\dbded102\vso\tfs\service\webaccess\machines\testscripts\tests\tests.machines.knockoutmachineinputareaviewmodel.ts" adapterTypeName="Microsoft.VisualStudio.TestTools.TestTypes.Unit.UnitTestAdapter" className="d:\v2.0\a1\_work\dbded102\vso\tfs\service\webaccess\machines\testscripts\tests\tests.machines.knockoutmachineinputareaviewmodel" name="KnockoutMachineInputAreaViewModelTests Test addMachineButtonTabIndex should return -1 if any of the machine name is not filled" />
    </UnitTest>
    <UnitTest name="KnockoutMachineInputAreaViewModelTests Test addMachineButtonTabIndex should return 0 if all the machine names are filled" storage="d:\v2.0\a1\_work\dbded102\vso\tfs\service\webaccess\machines\testscripts\tests\tests.machines.knockoutmachineinputareaviewmodel.ts" id="382aed0f-3511-4743-b6e1-1d6511000ea4">
      <Execution id="7a60e228-e204-4f58-b7f8-dda6f07734df" />
      <TestMethod codeBase="d:\v2.0\a1\_work\dbded102\vso\tfs\service\webaccess\machines\testscripts\tests\tests.machines.knockoutmachineinputareaviewmodel.ts" adapterTypeName="Microsoft.VisualStudio.TestTools.TestTypes.Unit.UnitTestAdapter" className="d:\v2.0\a1\_work\dbded102\vso\tfs\service\webaccess\machines\testscripts\tests\tests.machines.knockoutmachineinputareaviewmodel" name="KnockoutMachineInputAreaViewModelTests Test addMachineButtonTabIndex should return 0 if all the machine names are filled" />
    </UnitTest>
    <UnitTest name="KnockoutMachineInputAreaViewModelTests Test deleteMachineButtonTabIndex should return -1 if only machine is left" storage="d:\v2.0\a1\_work\dbded102\vso\tfs\service\webaccess\machines\testscripts\tests\tests.machines.knockoutmachineinputareaviewmodel.ts" id="f62a3b9f-2ba3-4c21-bd7d-a917ecc647de">
      <Execution id="e8f804e1-0681-4fac-bc3e-a3c7faf8b0e4" />
      <TestMethod codeBase="d:\v2.0\a1\_work\dbded102\vso\tfs\service\webaccess\machines\testscripts\tests\tests.machines.knockoutmachineinputareaviewmodel.ts" adapterTypeName="Microsoft.VisualStudio.TestTools.TestTypes.Unit.UnitTestAdapter" className="d:\v2.0\a1\_work\dbded102\vso\tfs\service\webaccess\machines\testscripts\tests\tests.machines.knockoutmachineinputareaviewmodel" name="KnockoutMachineInputAreaViewModelTests Test deleteMachineButtonTabIndex should return -1 if only machine is left" />
    </UnitTest>
    <UnitTest name="KnockoutMachineInputAreaViewModelTests Test deleteMachineButtonTabIndex should return 0 if more than one machine is available" storage="d:\v2.0\a1\_work\dbded102\vso\tfs\service\webaccess\machines\testscripts\tests\tests.machines.knockoutmachineinputareaviewmodel.ts" id="1cd41ee0-c776-46c3-a249-b5c53e8709d1">
      <Execution id="ec990067-c0c8-4dfa-acde-4c0d5d0bc91a" />
      <TestMethod codeBase="d:\v2.0\a1\_work\dbded102\vso\tfs\service\webaccess\machines\testscripts\tests\tests.machines.knockoutmachineinputareaviewmodel.ts" adapterTypeName="Microsoft.VisualStudio.TestTools.TestTypes.Unit.UnitTestAdapter" className="d:\v2.0\a1\_work\dbded102\vso\tfs\service\webaccess\machines\testscripts\tests\tests.machines.knockoutmachineinputareaviewmodel" name="KnockoutMachineInputAreaViewModelTests Test deleteMachineButtonTabIndex should return 0 if more than one machine is available" />
    </UnitTest>
    <UnitTest name="KnockoutMachineInputAreaViewModelTests Test getMachines should return machines object formed from viewModel" storage="d:\v2.0\a1\_work\dbded102\vso\tfs\service\webaccess\machines\testscripts\tests\tests.machines.knockoutmachineinputareaviewmodel.ts" id="b1363dea-c5b2-41ea-a08b-aed9320b93b0">
      <Execution id="b62be7ad-6b90-4131-ac94-8f6c292b3e4d" />
      <TestMethod codeBase="d:\v2.0\a1\_work\dbded102\vso\tfs\service\webaccess\machines\testscripts\tests\tests.machines.knockoutmachineinputareaviewmodel.ts" adapterTypeName="Microsoft.VisualStudio.TestTools.TestTypes.Unit.UnitTestAdapter" className="d:\v2.0\a1\_work\dbded102\vso\tfs\service\webaccess\machines\testscripts\tests\tests.machines.knockoutmachineinputareaviewmodel" name="KnockoutMachineInputAreaViewModelTests Test getMachines should return machines object formed from viewModel" />
    </UnitTest>
    <UnitTest name="KnockoutMachineInputAreaViewModelTests Test setMachine should set machines of viewModel" storage="d:\v2.0\a1\_work\dbded102\vso\tfs\service\webaccess\machines\testscripts\tests\tests.machines.knockoutmachineinputareaviewmodel.ts" id="12fc46ca-930d-4b04-98fb-6294d0631764">
      <Execution id="81ea56d3-b8eb-4944-8101-bcb81536ca16" />
      <TestMethod codeBase="d:\v2.0\a1\_work\dbded102\vso\tfs\service\webaccess\machines\testscripts\tests\tests.machines.knockoutmachineinputareaviewmodel.ts" adapterTypeName="Microsoft.VisualStudio.TestTools.TestTypes.Unit.UnitTestAdapter" className="d:\v2.0\a1\_work\dbded102\vso\tfs\service\webaccess\machines\testscripts\tests\tests.machines.knockoutmachineinputareaviewmodel" name="KnockoutMachineInputAreaViewModelTests Test setMachine should set machines of viewModel" />
    </UnitTest>
    <UnitTest name="KnockoutMachineInputAreaViewModelTests Test setMachine should set default protocol if WinRmProtocol parameter is defined " storage="d:\v2.0\a1\_work\dbded102\vso\tfs\service\webaccess\machines\testscripts\tests\tests.machines.knockoutmachineinputareaviewmodel.ts" id="7bdbcfda-036d-46b8-bfad-e28550e05c8a">
      <Execution id="ecd09dfb-4fa7-44c5-ac51-e8ed45f0170d" />
      <TestMethod codeBase="d:\v2.0\a1\_work\dbded102\vso\tfs\service\webaccess\machines\testscripts\tests\tests.machines.knockoutmachineinputareaviewmodel.ts" adapterTypeName="Microsoft.VisualStudio.TestTools.TestTypes.Unit.UnitTestAdapter" className="d:\v2.0\a1\_work\dbded102\vso\tfs\service\webaccess\machines\testscripts\tests\tests.machines.knockoutmachineinputareaviewmodel" name="KnockoutMachineInputAreaViewModelTests Test setMachine should set default protocol if WinRmProtocol parameter is defined " />
    </UnitTest>
    <UnitTest name="KnockoutMachineInputAreaViewModelTests Test setMachine should set default protocol if WinRmProtocol parameter is not defined " storage="d:\v2.0\a1\_work\dbded102\vso\tfs\service\webaccess\machines\testscripts\tests\tests.machines.knockoutmachineinputareaviewmodel.ts" id="88b27751-9e03-49d9-bbef-cea13d27296d">
      <Execution id="7f2850e2-b95b-4c94-9df3-dae203ffec6d" />
      <TestMethod codeBase="d:\v2.0\a1\_work\dbded102\vso\tfs\service\webaccess\machines\testscripts\tests\tests.machines.knockoutmachineinputareaviewmodel.ts" adapterTypeName="Microsoft.VisualStudio.TestTools.TestTypes.Unit.UnitTestAdapter" className="d:\v2.0\a1\_work\dbded102\vso\tfs\service\webaccess\machines\testscripts\tests\tests.machines.knockoutmachineinputareaviewmodel" name="KnockoutMachineInputAreaViewModelTests Test setMachine should set default protocol if WinRmProtocol parameter is not defined " />
    </UnitTest>
    <UnitTest name="KnockoutMachineInputAreaViewModelTests Test machinesContainCustomCredentials should return true if any of the machine contain custom credentials" storage="d:\v2.0\a1\_work\dbded102\vso\tfs\service\webaccess\machines\testscripts\tests\tests.machines.knockoutmachineinputareaviewmodel.ts" id="14f18f59-8154-471d-b4bd-6885e72932c2">
      <Execution id="2c84ce97-6148-453d-a0ce-ebe3e5a3cc05" />
      <TestMethod codeBase="d:\v2.0\a1\_work\dbded102\vso\tfs\service\webaccess\machines\testscripts\tests\tests.machines.knockoutmachineinputareaviewmodel.ts" adapterTypeName="Microsoft.VisualStudio.TestTools.TestTypes.Unit.UnitTestAdapter" className="d:\v2.0\a1\_work\dbded102\vso\tfs\service\webaccess\machines\testscripts\tests\tests.machines.knockoutmachineinputareaviewmodel" name="KnockoutMachineInputAreaViewModelTests Test machinesContainCustomCredentials should return true if any of the machine contain custom credentials" />
    </UnitTest>
    <UnitTest name="KnockoutMachineInputAreaViewModelTests Test machinesContainCustomCredentials should return false if no machines contain custom credentials" storage="d:\v2.0\a1\_work\dbded102\vso\tfs\service\webaccess\machines\testscripts\tests\tests.machines.knockoutmachineinputareaviewmodel.ts" id="1d1fb159-9ad9-4b86-8fd7-71fbee4eef57">
      <Execution id="d315b94c-6b70-4a34-8ad6-9408e82fb8f0" />
      <TestMethod codeBase="d:\v2.0\a1\_work\dbded102\vso\tfs\service\webaccess\machines\testscripts\tests\tests.machines.knockoutmachineinputareaviewmodel.ts" adapterTypeName="Microsoft.VisualStudio.TestTools.TestTypes.Unit.UnitTestAdapter" className="d:\v2.0\a1\_work\dbded102\vso\tfs\service\webaccess\machines\testscripts\tests\tests.machines.knockoutmachineinputareaviewmodel" name="KnockoutMachineInputAreaViewModelTests Test machinesContainCustomCredentials should return false if no machines contain custom credentials" />
    </UnitTest>
    <UnitTest name="KnockoutMachineInputAreaViewModelTests Test addMachine should set winRm port to 5986 if selected protocol is HTTPS" storage="d:\v2.0\a1\_work\dbded102\vso\tfs\service\webaccess\machines\testscripts\tests\tests.machines.knockoutmachineinputareaviewmodel.ts" id="feb7f5a9-8609-4ebe-9a63-2f510a37589f">
      <Execution id="a4508074-e835-44a3-b167-bb026c12f853" />
      <TestMethod codeBase="d:\v2.0\a1\_work\dbded102\vso\tfs\service\webaccess\machines\testscripts\tests\tests.machines.knockoutmachineinputareaviewmodel.ts" adapterTypeName="Microsoft.VisualStudio.TestTools.TestTypes.Unit.UnitTestAdapter" className="d:\v2.0\a1\_work\dbded102\vso\tfs\service\webaccess\machines\testscripts\tests\tests.machines.knockoutmachineinputareaviewmodel" name="KnockoutMachineInputAreaViewModelTests Test addMachine should set winRm port to 5986 if selected protocol is HTTPS" />
    </UnitTest>
    <UnitTest name="KnockoutMachineInputAreaViewModelTests Test addMachine should set winRm port to 5985 if selected protocol is HTTP" storage="d:\v2.0\a1\_work\dbded102\vso\tfs\service\webaccess\machines\testscripts\tests\tests.machines.knockoutmachineinputareaviewmodel.ts" id="f6cddf04-7c32-4443-80a2-cdb5385e023c">
      <Execution id="6e8c43bf-a3ec-49b5-8463-47f96c18a3b7" />
      <TestMethod codeBase="d:\v2.0\a1\_work\dbded102\vso\tfs\service\webaccess\machines\testscripts\tests\tests.machines.knockoutmachineinputareaviewmodel.ts" adapterTypeName="Microsoft.VisualStudio.TestTools.TestTypes.Unit.UnitTestAdapter" className="d:\v2.0\a1\_work\dbded102\vso\tfs\service\webaccess\machines\testscripts\tests\tests.machines.knockoutmachineinputareaviewmodel" name="KnockoutMachineInputAreaViewModelTests Test addMachine should set winRm port to 5985 if selected protocol is HTTP" />
    </UnitTest>
    <UnitTest name="KnockoutMachineViewModelTests Test constructor with null machine object " storage="d:\v2.0\a1\_work\dbded102\vso\tfs\service\webaccess\machines\testscripts\tests\tests.machines.knockoutmachineviewmodel.ts" id="971054ba-cdf0-4b2c-8206-5c80f5d7c859">
      <Execution id="3dbc6642-cf9d-4c52-80a0-f18b6fca64af" />
      <TestMethod codeBase="d:\v2.0\a1\_work\dbded102\vso\tfs\service\webaccess\machines\testscripts\tests\tests.machines.knockoutmachineviewmodel.ts" adapterTypeName="Microsoft.VisualStudio.TestTools.TestTypes.Unit.UnitTestAdapter" className="d:\v2.0\a1\_work\dbded102\vso\tfs\service\webaccess\machines\testscripts\tests\tests.machines.knockoutmachineviewmodel" name="KnockoutMachineViewModelTests Test constructor with null machine object " />
    </UnitTest>
    <UnitTest name="KnockoutMachineViewModelTests Test constructor with machine object should initialize manchine name and Tags " storage="d:\v2.0\a1\_work\dbded102\vso\tfs\service\webaccess\machines\testscripts\tests\tests.machines.knockoutmachineviewmodel.ts" id="547a128d-75c7-4c9f-a30c-2f945125fdb3">
      <Execution id="f08ead96-4304-4076-a3dd-0392935bc46e" />
      <TestMethod codeBase="d:\v2.0\a1\_work\dbded102\vso\tfs\service\webaccess\machines\testscripts\tests\tests.machines.knockoutmachineviewmodel.ts" adapterTypeName="Microsoft.VisualStudio.TestTools.TestTypes.Unit.UnitTestAdapter" className="d:\v2.0\a1\_work\dbded102\vso\tfs\service\webaccess\machines\testscripts\tests\tests.machines.knockoutmachineviewmodel" name="KnockoutMachineViewModelTests Test constructor with machine object should initialize manchine name and Tags " />
    </UnitTest>
    <UnitTest name="KnockoutMachineViewModelTests Test constructor with machine object should initialize winRm port " storage="d:\v2.0\a1\_work\dbded102\vso\tfs\service\webaccess\machines\testscripts\tests\tests.machines.knockoutmachineviewmodel.ts" id="ace0733f-e873-482c-b32b-6f7d23faf1a2">
      <Execution id="6686d7e8-d6d3-45d9-aa24-89988ab7ab56" />
      <TestMethod codeBase="d:\v2.0\a1\_work\dbded102\vso\tfs\service\webaccess\machines\testscripts\tests\tests.machines.knockoutmachineviewmodel.ts" adapterTypeName="Microsoft.VisualStudio.TestTools.TestTypes.Unit.UnitTestAdapter" className="d:\v2.0\a1\_work\dbded102\vso\tfs\service\webaccess\machines\testscripts\tests\tests.machines.knockoutmachineviewmodel" name="KnockoutMachineViewModelTests Test constructor with machine object should initialize winRm port " />
    </UnitTest>
    <UnitTest name="KnockoutMachineViewModelTests Test machineNameHasError should return false for empty machine Name " storage="d:\v2.0\a1\_work\dbded102\vso\tfs\service\webaccess\machines\testscripts\tests\tests.machines.knockoutmachineviewmodel.ts" id="e75ab54b-9a9b-4786-954b-d90f2e8a2f05">
      <Execution id="29def007-38a3-4a6c-8dda-65ef3dadc4df" />
      <TestMethod codeBase="d:\v2.0\a1\_work\dbded102\vso\tfs\service\webaccess\machines\testscripts\tests\tests.machines.knockoutmachineviewmodel.ts" adapterTypeName="Microsoft.VisualStudio.TestTools.TestTypes.Unit.UnitTestAdapter" className="d:\v2.0\a1\_work\dbded102\vso\tfs\service\webaccess\machines\testscripts\tests\tests.machines.knockoutmachineviewmodel" name="KnockoutMachineViewModelTests Test machineNameHasError should return false for empty machine Name " />
    </UnitTest>
    <UnitTest name="KnockoutMachineViewModelTests Test machineNameHasError should return true if machineName contains invalid characters " storage="d:\v2.0\a1\_work\dbded102\vso\tfs\service\webaccess\machines\testscripts\tests\tests.machines.knockoutmachineviewmodel.ts" id="a3115eed-0dcf-4426-9fb4-029c5c6276b1">
      <Execution id="006c575d-e03d-4e29-b59e-83d17979e270" />
      <TestMethod codeBase="d:\v2.0\a1\_work\dbded102\vso\tfs\service\webaccess\machines\testscripts\tests\tests.machines.knockoutmachineviewmodel.ts" adapterTypeName="Microsoft.VisualStudio.TestTools.TestTypes.Unit.UnitTestAdapter" className="d:\v2.0\a1\_work\dbded102\vso\tfs\service\webaccess\machines\testscripts\tests\tests.machines.knockoutmachineviewmodel" name="KnockoutMachineViewModelTests Test machineNameHasError should return true if machineName contains invalid characters " />
    </UnitTest>
    <UnitTest name="KnockoutMachineViewModelTests Test machineNameHasError should return false for valid machineName " storage="d:\v2.0\a1\_work\dbded102\vso\tfs\service\webaccess\machines\testscripts\tests\tests.machines.knockoutmachineviewmodel.ts" id="e4b54c15-3ab8-4185-b41d-a973613f9503">
      <Execution id="762b2416-1965-4655-93bf-e2ff5c3a0f48" />
      <TestMethod codeBase="d:\v2.0\a1\_work\dbded102\vso\tfs\service\webaccess\machines\testscripts\tests\tests.machines.knockoutmachineviewmodel.ts" adapterTypeName="Microsoft.VisualStudio.TestTools.TestTypes.Unit.UnitTestAdapter" className="d:\v2.0\a1\_work\dbded102\vso\tfs\service\webaccess\machines\testscripts\tests\tests.machines.knockoutmachineviewmodel" name="KnockoutMachineViewModelTests Test machineNameHasError should return false for valid machineName " />
    </UnitTest>
    <UnitTest name="KnockoutMachineViewModelTests Test machineNameHasError should return false for duplicate machine name but different winrm port" storage="d:\v2.0\a1\_work\dbded102\vso\tfs\service\webaccess\machines\testscripts\tests\tests.machines.knockoutmachineviewmodel.ts" id="3e9c2ed5-0025-4814-b729-815985e0b801">
      <Execution id="5e990197-9df4-46d0-ac73-677a8b06f5dc" />
      <TestMethod codeBase="d:\v2.0\a1\_work\dbded102\vso\tfs\service\webaccess\machines\testscripts\tests\tests.machines.knockoutmachineviewmodel.ts" adapterTypeName="Microsoft.VisualStudio.TestTools.TestTypes.Unit.UnitTestAdapter" className="d:\v2.0\a1\_work\dbded102\vso\tfs\service\webaccess\machines\testscripts\tests\tests.machines.knockoutmachineviewmodel" name="KnockoutMachineViewModelTests Test machineNameHasError should return false for duplicate machine name but different winrm port" />
    </UnitTest>
    <UnitTest name="KnockoutMachineViewModelTests Test machineNameHasError should return true for duplicate machine name and winrm port" storage="d:\v2.0\a1\_work\dbded102\vso\tfs\service\webaccess\machines\testscripts\tests\tests.machines.knockoutmachineviewmodel.ts" id="a9415a46-59bc-4c3a-a75d-b0a9b68374b5">
      <Execution id="c5adec2f-e704-4b47-b318-4bdd6f5c0bd6" />
      <TestMethod codeBase="d:\v2.0\a1\_work\dbded102\vso\tfs\service\webaccess\machines\testscripts\tests\tests.machines.knockoutmachineviewmodel.ts" adapterTypeName="Microsoft.VisualStudio.TestTools.TestTypes.Unit.UnitTestAdapter" className="d:\v2.0\a1\_work\dbded102\vso\tfs\service\webaccess\machines\testscripts\tests\tests.machines.knockoutmachineviewmodel" name="KnockoutMachineViewModelTests Test machineNameHasError should return true for duplicate machine name and winrm port" />
    </UnitTest>
    <UnitTest name="KnockoutMachineViewModelTests Test winRmPortHasError should return false for empty winRM port " storage="d:\v2.0\a1\_work\dbded102\vso\tfs\service\webaccess\machines\testscripts\tests\tests.machines.knockoutmachineviewmodel.ts" id="71255331-1bae-4bd0-a23f-5e0eac4e5d2e">
      <Execution id="2dc155b4-c89b-4e6a-afc4-d3cf74ce828b" />
      <TestMethod codeBase="d:\v2.0\a1\_work\dbded102\vso\tfs\service\webaccess\machines\testscripts\tests\tests.machines.knockoutmachineviewmodel.ts" adapterTypeName="Microsoft.VisualStudio.TestTools.TestTypes.Unit.UnitTestAdapter" className="d:\v2.0\a1\_work\dbded102\vso\tfs\service\webaccess\machines\testscripts\tests\tests.machines.knockoutmachineviewmodel" name="KnockoutMachineViewModelTests Test winRmPortHasError should return false for empty winRM port " />
    </UnitTest>
    <UnitTest name="KnockoutMachineViewModelTests Test winRmPortHasError should return true for invalid winRM port " storage="d:\v2.0\a1\_work\dbded102\vso\tfs\service\webaccess\machines\testscripts\tests\tests.machines.knockoutmachineviewmodel.ts" id="b60c2766-c57b-40d5-83a9-81f586d36dbc">
      <Execution id="46388048-c4d0-48ed-9efd-78cb552307ec" />
      <TestMethod codeBase="d:\v2.0\a1\_work\dbded102\vso\tfs\service\webaccess\machines\testscripts\tests\tests.machines.knockoutmachineviewmodel.ts" adapterTypeName="Microsoft.VisualStudio.TestTools.TestTypes.Unit.UnitTestAdapter" className="d:\v2.0\a1\_work\dbded102\vso\tfs\service\webaccess\machines\testscripts\tests\tests.machines.knockoutmachineviewmodel" name="KnockoutMachineViewModelTests Test winRmPortHasError should return true for invalid winRM port " />
    </UnitTest>
    <UnitTest name="KnockoutMachineViewModelTests Test winRmPortHasError should return false for valid winRM port " storage="d:\v2.0\a1\_work\dbded102\vso\tfs\service\webaccess\machines\testscripts\tests\tests.machines.knockoutmachineviewmodel.ts" id="69952bbb-7bec-431c-a41b-039b2912adc1">
      <Execution id="9b98c227-1b04-444b-92b0-e7798e38f82d" />
      <TestMethod codeBase="d:\v2.0\a1\_work\dbded102\vso\tfs\service\webaccess\machines\testscripts\tests\tests.machines.knockoutmachineviewmodel.ts" adapterTypeName="Microsoft.VisualStudio.TestTools.TestTypes.Unit.UnitTestAdapter" className="d:\v2.0\a1\_work\dbded102\vso\tfs\service\webaccess\machines\testscripts\tests\tests.machines.knockoutmachineviewmodel" name="KnockoutMachineViewModelTests Test winRmPortHasError should return false for valid winRM port " />
    </UnitTest>
    <UnitTest name="KnockoutMachineViewModelTests Test tagsHasError should return false for empty tags " storage="d:\v2.0\a1\_work\dbded102\vso\tfs\service\webaccess\machines\testscripts\tests\tests.machines.knockoutmachineviewmodel.ts" id="038fdbd2-7b23-4054-aea5-dfda0ec19fd7">
      <Execution id="0f5d6482-9e66-4c9c-a557-5507bd44fd32" />
      <TestMethod codeBase="d:\v2.0\a1\_work\dbded102\vso\tfs\service\webaccess\machines\testscripts\tests\tests.machines.knockoutmachineviewmodel.ts" adapterTypeName="Microsoft.VisualStudio.TestTools.TestTypes.Unit.UnitTestAdapter" className="d:\v2.0\a1\_work\dbded102\vso\tfs\service\webaccess\machines\testscripts\tests\tests.machines.knockoutmachineviewmodel" name="KnockoutMachineViewModelTests Test tagsHasError should return false for empty tags " />
    </UnitTest>
    <UnitTest name="KnockoutMachineViewModelTests Test tagsHasError should return true if tagkey has invalid charcters" storage="d:\v2.0\a1\_work\dbded102\vso\tfs\service\webaccess\machines\testscripts\tests\tests.machines.knockoutmachineviewmodel.ts" id="2585e360-9eca-477f-b516-9f23c554f0f2">
      <Execution id="832d6f29-7d6b-4c25-ae70-8c341927ebbe" />
      <TestMethod codeBase="d:\v2.0\a1\_work\dbded102\vso\tfs\service\webaccess\machines\testscripts\tests\tests.machines.knockoutmachineviewmodel.ts" adapterTypeName="Microsoft.VisualStudio.TestTools.TestTypes.Unit.UnitTestAdapter" className="d:\v2.0\a1\_work\dbded102\vso\tfs\service\webaccess\machines\testscripts\tests\tests.machines.knockoutmachineviewmodel" name="KnockoutMachineViewModelTests Test tagsHasError should return true if tagkey has invalid charcters" />
    </UnitTest>
    <UnitTest name="KnockoutMachineViewModelTests Test tagsHasError should return true if tag key is empty " storage="d:\v2.0\a1\_work\dbded102\vso\tfs\service\webaccess\machines\testscripts\tests\tests.machines.knockoutmachineviewmodel.ts" id="07fcbc4d-9006-40a6-a487-8266a1e7bb4a">
      <Execution id="c5a9032d-b2ce-46f4-a8dc-ea5196afaeb6" />
      <TestMethod codeBase="d:\v2.0\a1\_work\dbded102\vso\tfs\service\webaccess\machines\testscripts\tests\tests.machines.knockoutmachineviewmodel.ts" adapterTypeName="Microsoft.VisualStudio.TestTools.TestTypes.Unit.UnitTestAdapter" className="d:\v2.0\a1\_work\dbded102\vso\tfs\service\webaccess\machines\testscripts\tests\tests.machines.knockoutmachineviewmodel" name="KnockoutMachineViewModelTests Test tagsHasError should return true if tag key is empty " />
    </UnitTest>
    <UnitTest name="KnockoutMachineViewModelTests Test tagsHasError should return true if tag key contain reserved names " storage="d:\v2.0\a1\_work\dbded102\vso\tfs\service\webaccess\machines\testscripts\tests\tests.machines.knockoutmachineviewmodel.ts" id="e9338b88-9141-4956-9ad7-ddb110f7bae6">
      <Execution id="49168cb4-7760-44af-bf7b-ef477a89bc88" />
      <TestMethod codeBase="d:\v2.0\a1\_work\dbded102\vso\tfs\service\webaccess\machines\testscripts\tests\tests.machines.knockoutmachineviewmodel.ts" adapterTypeName="Microsoft.VisualStudio.TestTools.TestTypes.Unit.UnitTestAdapter" className="d:\v2.0\a1\_work\dbded102\vso\tfs\service\webaccess\machines\testscripts\tests\tests.machines.knockoutmachineviewmodel" name="KnockoutMachineViewModelTests Test tagsHasError should return true if tag key contain reserved names " />
    </UnitTest>
    <UnitTest name="KnockoutMachineViewModelTests Test tagsHasError should return true if tag value is empty  " storage="d:\v2.0\a1\_work\dbded102\vso\tfs\service\webaccess\machines\testscripts\tests\tests.machines.knockoutmachineviewmodel.ts" id="6d499c0f-ff11-4b89-9071-347fea40d36e">
      <Execution id="4f30e3c0-ff3b-4e4e-b17a-dc3c92ebc3ae" />
      <TestMethod codeBase="d:\v2.0\a1\_work\dbded102\vso\tfs\service\webaccess\machines\testscripts\tests\tests.machines.knockoutmachineviewmodel.ts" adapterTypeName="Microsoft.VisualStudio.TestTools.TestTypes.Unit.UnitTestAdapter" className="d:\v2.0\a1\_work\dbded102\vso\tfs\service\webaccess\machines\testscripts\tests\tests.machines.knockoutmachineviewmodel" name="KnockoutMachineViewModelTests Test tagsHasError should return true if tag value is empty  " />
    </UnitTest>
    <UnitTest name="KnockoutMachineViewModelTests Test tagsHasError should return true if tag value contains colon " storage="d:\v2.0\a1\_work\dbded102\vso\tfs\service\webaccess\machines\testscripts\tests\tests.machines.knockoutmachineviewmodel.ts" id="d4beddba-6f3d-42dd-bbf3-6e7ad1f10642">
      <Execution id="7f6c89e2-fdeb-444c-bd1e-70aae2fc06d3" />
      <TestMethod codeBase="d:\v2.0\a1\_work\dbded102\vso\tfs\service\webaccess\machines\testscripts\tests\tests.machines.knockoutmachineviewmodel.ts" adapterTypeName="Microsoft.VisualStudio.TestTools.TestTypes.Unit.UnitTestAdapter" className="d:\v2.0\a1\_work\dbded102\vso\tfs\service\webaccess\machines\testscripts\tests\tests.machines.knockoutmachineviewmodel" name="KnockoutMachineViewModelTests Test tagsHasError should return true if tag value contains colon " />
    </UnitTest>
    <UnitTest name="KnockoutMachineViewModelTests Test tagsHasError should return false if tags are proper " storage="d:\v2.0\a1\_work\dbded102\vso\tfs\service\webaccess\machines\testscripts\tests\tests.machines.knockoutmachineviewmodel.ts" id="3b6a0654-d31e-4e5d-953c-fff97107919b">
      <Execution id="c09ccdd5-af7d-43e3-a02a-7a8bbe4b7381" />
      <TestMethod codeBase="d:\v2.0\a1\_work\dbded102\vso\tfs\service\webaccess\machines\testscripts\tests\tests.machines.knockoutmachineviewmodel.ts" adapterTypeName="Microsoft.VisualStudio.TestTools.TestTypes.Unit.UnitTestAdapter" className="d:\v2.0\a1\_work\dbded102\vso\tfs\service\webaccess\machines\testscripts\tests\tests.machines.knockoutmachineviewmodel" name="KnockoutMachineViewModelTests Test tagsHasError should return false if tags are proper " />
    </UnitTest>
    <UnitTest name="KnockoutMachineViewModelTests Test isMachineNameEmpty should return false if machine name is not empty " storage="d:\v2.0\a1\_work\dbded102\vso\tfs\service\webaccess\machines\testscripts\tests\tests.machines.knockoutmachineviewmodel.ts" id="f5b46155-6274-427c-9ca3-1e2c07c299ad">
      <Execution id="e0a745db-0e04-4eeb-982c-6f8927fdf876" />
      <TestMethod codeBase="d:\v2.0\a1\_work\dbded102\vso\tfs\service\webaccess\machines\testscripts\tests\tests.machines.knockoutmachineviewmodel.ts" adapterTypeName="Microsoft.VisualStudio.TestTools.TestTypes.Unit.UnitTestAdapter" className="d:\v2.0\a1\_work\dbded102\vso\tfs\service\webaccess\machines\testscripts\tests\tests.machines.knockoutmachineviewmodel" name="KnockoutMachineViewModelTests Test isMachineNameEmpty should return false if machine name is not empty " />
    </UnitTest>
    <UnitTest name="KnockoutMachineViewModelTests Test isMachineNameEmpty should return true if machine name is empty " storage="d:\v2.0\a1\_work\dbded102\vso\tfs\service\webaccess\machines\testscripts\tests\tests.machines.knockoutmachineviewmodel.ts" id="8694829e-d787-4b9e-8e33-702df0eb397c">
      <Execution id="0c339b45-fda8-450a-907f-21fd984e2547" />
      <TestMethod codeBase="d:\v2.0\a1\_work\dbded102\vso\tfs\service\webaccess\machines\testscripts\tests\tests.machines.knockoutmachineviewmodel.ts" adapterTypeName="Microsoft.VisualStudio.TestTools.TestTypes.Unit.UnitTestAdapter" className="d:\v2.0\a1\_work\dbded102\vso\tfs\service\webaccess\machines\testscripts\tests\tests.machines.knockoutmachineviewmodel" name="KnockoutMachineViewModelTests Test isMachineNameEmpty should return true if machine name is empty " />
    </UnitTest>
    <UnitTest name="KnockoutMachineViewModelTests Test isUsernameEmpty should return false if username is not empty " storage="d:\v2.0\a1\_work\dbded102\vso\tfs\service\webaccess\machines\testscripts\tests\tests.machines.knockoutmachineviewmodel.ts" id="5851d3ef-a90d-4e5a-85a9-b6fbc9c7b04b">
      <Execution id="a8ebc0fd-c5e9-4289-b271-22e973804e12" />
      <TestMethod codeBase="d:\v2.0\a1\_work\dbded102\vso\tfs\service\webaccess\machines\testscripts\tests\tests.machines.knockoutmachineviewmodel.ts" adapterTypeName="Microsoft.VisualStudio.TestTools.TestTypes.Unit.UnitTestAdapter" className="d:\v2.0\a1\_work\dbded102\vso\tfs\service\webaccess\machines\testscripts\tests\tests.machines.knockoutmachineviewmodel" name="KnockoutMachineViewModelTests Test isUsernameEmpty should return false if username is not empty " />
    </UnitTest>
    <UnitTest name="KnockoutMachineViewModelTests Test isUsernameEmpty should return true if username is empty " storage="d:\v2.0\a1\_work\dbded102\vso\tfs\service\webaccess\machines\testscripts\tests\tests.machines.knockoutmachineviewmodel.ts" id="97d60ef9-865a-42ef-b0c7-cee56475fbcf">
      <Execution id="c2de5a46-67ac-4265-ac86-4e55a1579329" />
      <TestMethod codeBase="d:\v2.0\a1\_work\dbded102\vso\tfs\service\webaccess\machines\testscripts\tests\tests.machines.knockoutmachineviewmodel.ts" adapterTypeName="Microsoft.VisualStudio.TestTools.TestTypes.Unit.UnitTestAdapter" className="d:\v2.0\a1\_work\dbded102\vso\tfs\service\webaccess\machines\testscripts\tests\tests.machines.knockoutmachineviewmodel" name="KnockoutMachineViewModelTests Test isUsernameEmpty should return true if username is empty " />
    </UnitTest>
    <UnitTest name="KnockoutMachineViewModelTests Test isPasswordEmpty should return false if password is not empty " storage="d:\v2.0\a1\_work\dbded102\vso\tfs\service\webaccess\machines\testscripts\tests\tests.machines.knockoutmachineviewmodel.ts" id="020abd8c-0182-4f44-8a9b-df124d6db27a">
      <Execution id="af8684e3-d104-4682-9d4f-2ef420394c27" />
      <TestMethod codeBase="d:\v2.0\a1\_work\dbded102\vso\tfs\service\webaccess\machines\testscripts\tests\tests.machines.knockoutmachineviewmodel.ts" adapterTypeName="Microsoft.VisualStudio.TestTools.TestTypes.Unit.UnitTestAdapter" className="d:\v2.0\a1\_work\dbded102\vso\tfs\service\webaccess\machines\testscripts\tests\tests.machines.knockoutmachineviewmodel" name="KnockoutMachineViewModelTests Test isPasswordEmpty should return false if password is not empty " />
    </UnitTest>
    <UnitTest name="KnockoutMachineViewModelTests Test isPasswordEmpty should return true if password is empty " storage="d:\v2.0\a1\_work\dbded102\vso\tfs\service\webaccess\machines\testscripts\tests\tests.machines.knockoutmachineviewmodel.ts" id="f2efd014-e80f-4173-8475-b59f0e836335">
      <Execution id="6ecccd95-9627-44bc-986b-a8f9a3198558" />
      <TestMethod codeBase="d:\v2.0\a1\_work\dbded102\vso\tfs\service\webaccess\machines\testscripts\tests\tests.machines.knockoutmachineviewmodel.ts" adapterTypeName="Microsoft.VisualStudio.TestTools.TestTypes.Unit.UnitTestAdapter" className="d:\v2.0\a1\_work\dbded102\vso\tfs\service\webaccess\machines\testscripts\tests\tests.machines.knockoutmachineviewmodel" name="KnockoutMachineViewModelTests Test isPasswordEmpty should return true if password is empty " />
    </UnitTest>
    <UnitTest name="KnockoutMachineViewModelTests Test isWinRmPortEmpty should return false if WinRmPort is not empty " storage="d:\v2.0\a1\_work\dbded102\vso\tfs\service\webaccess\machines\testscripts\tests\tests.machines.knockoutmachineviewmodel.ts" id="bc30c7b5-6ffa-4715-b517-588a24aeae91">
      <Execution id="f7660765-b92e-4df3-829f-027a3a1b4c04" />
      <TestMethod codeBase="d:\v2.0\a1\_work\dbded102\vso\tfs\service\webaccess\machines\testscripts\tests\tests.machines.knockoutmachineviewmodel.ts" adapterTypeName="Microsoft.VisualStudio.TestTools.TestTypes.Unit.UnitTestAdapter" className="d:\v2.0\a1\_work\dbded102\vso\tfs\service\webaccess\machines\testscripts\tests\tests.machines.knockoutmachineviewmodel" name="KnockoutMachineViewModelTests Test isWinRmPortEmpty should return false if WinRmPort is not empty " />
    </UnitTest>
    <UnitTest name="KnockoutMachineViewModelTests Test isWinRmPortEmpty should return true if WinRmPort is empty " storage="d:\v2.0\a1\_work\dbded102\vso\tfs\service\webaccess\machines\testscripts\tests\tests.machines.knockoutmachineviewmodel.ts" id="3d842f18-973d-4c2e-8845-fc17a4767f56">
      <Execution id="82e8256a-d232-49b7-93d9-5c4a0b905a9d" />
      <TestMethod codeBase="d:\v2.0\a1\_work\dbded102\vso\tfs\service\webaccess\machines\testscripts\tests\tests.machines.knockoutmachineviewmodel.ts" adapterTypeName="Microsoft.VisualStudio.TestTools.TestTypes.Unit.UnitTestAdapter" className="d:\v2.0\a1\_work\dbded102\vso\tfs\service\webaccess\machines\testscripts\tests\tests.machines.knockoutmachineviewmodel" name="KnockoutMachineViewModelTests Test isWinRmPortEmpty should return true if WinRmPort is empty " />
    </UnitTest>
    <UnitTest name="KnockoutMachineViewModelTests Test deserilalizeTags should return tag array " storage="d:\v2.0\a1\_work\dbded102\vso\tfs\service\webaccess\machines\testscripts\tests\tests.machines.knockoutmachineviewmodel.ts" id="9618143b-1143-4eca-a288-37a7169a5c81">
      <Execution id="fe3a8dc2-af01-4ac4-b505-e28c7e68a025" />
      <TestMethod codeBase="d:\v2.0\a1\_work\dbded102\vso\tfs\service\webaccess\machines\testscripts\tests\tests.machines.knockoutmachineviewmodel.ts" adapterTypeName="Microsoft.VisualStudio.TestTools.TestTypes.Unit.UnitTestAdapter" className="d:\v2.0\a1\_work\dbded102\vso\tfs\service\webaccess\machines\testscripts\tests\tests.machines.knockoutmachineviewmodel" name="KnockoutMachineViewModelTests Test deserilalizeTags should return tag array " />
    </UnitTest>
    <UnitTest name="KnockoutMachineViewModelTests Test serilalizeTags should return serialize tags " storage="d:\v2.0\a1\_work\dbded102\vso\tfs\service\webaccess\machines\testscripts\tests\tests.machines.knockoutmachineviewmodel.ts" id="50187a94-2714-415d-9046-00495830c64b">
      <Execution id="41bc51db-b6cf-498c-ac2c-da34fcaafcb8" />
      <TestMethod codeBase="d:\v2.0\a1\_work\dbded102\vso\tfs\service\webaccess\machines\testscripts\tests\tests.machines.knockoutmachineviewmodel.ts" adapterTypeName="Microsoft.VisualStudio.TestTools.TestTypes.Unit.UnitTestAdapter" className="d:\v2.0\a1\_work\dbded102\vso\tfs\service\webaccess\machines\testscripts\tests\tests.machines.knockoutmachineviewmodel" name="KnockoutMachineViewModelTests Test serilalizeTags should return serialize tags " />
    </UnitTest>
    <UnitTest name="KnockoutMachineViewModelTests Test addMachineCredentials should add machine credential to tags " storage="d:\v2.0\a1\_work\dbded102\vso\tfs\service\webaccess\machines\testscripts\tests\tests.machines.knockoutmachineviewmodel.ts" id="016b9f71-c2c6-4429-88f2-a78bfc802786">
      <Execution id="96853e33-8519-4143-a378-7c9e8a7ab28e" />
      <TestMethod codeBase="d:\v2.0\a1\_work\dbded102\vso\tfs\service\webaccess\machines\testscripts\tests\tests.machines.knockoutmachineviewmodel.ts" adapterTypeName="Microsoft.VisualStudio.TestTools.TestTypes.Unit.UnitTestAdapter" className="d:\v2.0\a1\_work\dbded102\vso\tfs\service\webaccess\machines\testscripts\tests\tests.machines.knockoutmachineviewmodel" name="KnockoutMachineViewModelTests Test addMachineCredentials should add machine credential to tags " />
    </UnitTest>
    <UnitTest name="KnockoutMachineViewModelTests Test addWinRmTag should add winRmPort tag to supplied tags array" storage="d:\v2.0\a1\_work\dbded102\vso\tfs\service\webaccess\machines\testscripts\tests\tests.machines.knockoutmachineviewmodel.ts" id="3516bb55-4a7a-40c1-8464-65049be85055">
      <Execution id="ddd3ab32-7f42-4191-a8ee-4ebd95dd15d6" />
      <TestMethod codeBase="d:\v2.0\a1\_work\dbded102\vso\tfs\service\webaccess\machines\testscripts\tests\tests.machines.knockoutmachineviewmodel.ts" adapterTypeName="Microsoft.VisualStudio.TestTools.TestTypes.Unit.UnitTestAdapter" className="d:\v2.0\a1\_work\dbded102\vso\tfs\service\webaccess\machines\testscripts\tests\tests.machines.knockoutmachineviewmodel" name="KnockoutMachineViewModelTests Test addWinRmTag should add winRmPort tag to supplied tags array" />
    </UnitTest>
    <UnitTest name="EnvironmentDialogViewModelTests Test setEnvironment for empty environment" storage="d:\v2.0\a1\_work\dbded102\vso\tfs\service\webaccess\machines\testscripts\tests\tests.environment.environmentdialogviewmodel.ts" id="c95052f7-1291-4f9a-9479-19777d5326dc">
      <Execution id="71111172-e32d-499c-8693-a61d3b48adb6" />
      <TestMethod codeBase="d:\v2.0\a1\_work\dbded102\vso\tfs\service\webaccess\machines\testscripts\tests\tests.environment.environmentdialogviewmodel.ts" adapterTypeName="Microsoft.VisualStudio.TestTools.TestTypes.Unit.UnitTestAdapter" className="d:\v2.0\a1\_work\dbded102\vso\tfs\service\webaccess\machines\testscripts\tests\tests.environment.environmentdialogviewmodel" name="EnvironmentDialogViewModelTests Test setEnvironment for empty environment" />
    </UnitTest>
    <UnitTest name="EnvironmentDialogViewModelTests Test setEnvironment for valid environment" storage="d:\v2.0\a1\_work\dbded102\vso\tfs\service\webaccess\machines\testscripts\tests\tests.environment.environmentdialogviewmodel.ts" id="2198445c-e7f3-4cbc-a5ab-43f81800a7cc">
      <Execution id="1592495c-07d5-4073-b52c-b289d77b026f" />
      <TestMethod codeBase="d:\v2.0\a1\_work\dbded102\vso\tfs\service\webaccess\machines\testscripts\tests\tests.environment.environmentdialogviewmodel.ts" adapterTypeName="Microsoft.VisualStudio.TestTools.TestTypes.Unit.UnitTestAdapter" className="d:\v2.0\a1\_work\dbded102\vso\tfs\service\webaccess\machines\testscripts\tests\tests.environment.environmentdialogviewmodel" name="EnvironmentDialogViewModelTests Test setEnvironment for valid environment" />
    </UnitTest>
    <UnitTest name="EnvironmentDialogViewModelTests Test setEnvironment when environment have username and password tag with different case" storage="d:\v2.0\a1\_work\dbded102\vso\tfs\service\webaccess\machines\testscripts\tests\tests.environment.environmentdialogviewmodel.ts" id="52dcfc58-4170-43d6-834e-60cf522e87e1">
      <Execution id="37ada225-d438-42a5-b5af-7c6fb29acaa5" />
      <TestMethod codeBase="d:\v2.0\a1\_work\dbded102\vso\tfs\service\webaccess\machines\testscripts\tests\tests.environment.environmentdialogviewmodel.ts" adapterTypeName="Microsoft.VisualStudio.TestTools.TestTypes.Unit.UnitTestAdapter" className="d:\v2.0\a1\_work\dbded102\vso\tfs\service\webaccess\machines\testscripts\tests\tests.environment.environmentdialogviewmodel" name="EnvironmentDialogViewModelTests Test setEnvironment when environment have username and password tag with different case" />
    </UnitTest>
    <UnitTest name="EnvironmentDialogViewModelTests Test setEnvironment when environment does not have username and password tags" storage="d:\v2.0\a1\_work\dbded102\vso\tfs\service\webaccess\machines\testscripts\tests\tests.environment.environmentdialogviewmodel.ts" id="dddd9a99-3028-4d48-a529-ef385e8299e0">
      <Execution id="a5290b34-f2bf-4dc5-a6d7-4572af843403" />
      <TestMethod codeBase="d:\v2.0\a1\_work\dbded102\vso\tfs\service\webaccess\machines\testscripts\tests\tests.environment.environmentdialogviewmodel.ts" adapterTypeName="Microsoft.VisualStudio.TestTools.TestTypes.Unit.UnitTestAdapter" className="d:\v2.0\a1\_work\dbded102\vso\tfs\service\webaccess\machines\testscripts\tests\tests.environment.environmentdialogviewmodel" name="EnvironmentDialogViewModelTests Test setEnvironment when environment does not have username and password tags" />
    </UnitTest>
    <UnitTest name="EnvironmentDialogViewModelTests Test processAndCall service when environment is successfully created" storage="d:\v2.0\a1\_work\dbded102\vso\tfs\service\webaccess\machines\testscripts\tests\tests.environment.environmentdialogviewmodel.ts" id="39b8852a-30c5-4a45-a97b-f41400d6eca1">
      <Execution id="730ca5de-9597-4bf1-8dfd-94234567dd43" />
      <TestMethod codeBase="d:\v2.0\a1\_work\dbded102\vso\tfs\service\webaccess\machines\testscripts\tests\tests.environment.environmentdialogviewmodel.ts" adapterTypeName="Microsoft.VisualStudio.TestTools.TestTypes.Unit.UnitTestAdapter" className="d:\v2.0\a1\_work\dbded102\vso\tfs\service\webaccess\machines\testscripts\tests\tests.environment.environmentdialogviewmodel" name="EnvironmentDialogViewModelTests Test processAndCall service when environment is successfully created" />
    </UnitTest>
    <UnitTest name="EnvironmentDialogViewModelTests Test processAndCallservice when environment creation failed" storage="d:\v2.0\a1\_work\dbded102\vso\tfs\service\webaccess\machines\testscripts\tests\tests.environment.environmentdialogviewmodel.ts" id="12fc509e-1881-4abd-bfd1-725bc0a3b23f">
      <Execution id="814f966a-5dad-486c-8333-ef652e62b8ea" />
      <TestMethod codeBase="d:\v2.0\a1\_work\dbded102\vso\tfs\service\webaccess\machines\testscripts\tests\tests.environment.environmentdialogviewmodel.ts" adapterTypeName="Microsoft.VisualStudio.TestTools.TestTypes.Unit.UnitTestAdapter" className="d:\v2.0\a1\_work\dbded102\vso\tfs\service\webaccess\machines\testscripts\tests\tests.environment.environmentdialogviewmodel" name="EnvironmentDialogViewModelTests Test processAndCallservice when environment creation failed" />
    </UnitTest>
    <UnitTest name="EnvironmentGridViewModelTests Test constructor" storage="d:\v2.0\a1\_work\dbded102\vso\tfs\service\webaccess\machines\testscripts\tests\tests.machines.gridviewmodel.ts" id="e0fa3a5f-7063-4c1b-ac59-443043abd69c">
      <Execution id="25faf648-94bb-485e-936d-48326899a0e8" />
      <TestMethod codeBase="d:\v2.0\a1\_work\dbded102\vso\tfs\service\webaccess\machines\testscripts\tests\tests.machines.gridviewmodel.ts" adapterTypeName="Microsoft.VisualStudio.TestTools.TestTypes.Unit.UnitTestAdapter" className="d:\v2.0\a1\_work\dbded102\vso\tfs\service\webaccess\machines\testscripts\tests\tests.machines.gridviewmodel" name="EnvironmentGridViewModelTests Test constructor" />
    </UnitTest>
    <UnitTest name="EnvironmentGridViewModelTests Test grid refresh" storage="d:\v2.0\a1\_work\dbded102\vso\tfs\service\webaccess\machines\testscripts\tests\tests.machines.gridviewmodel.ts" id="ccc08afe-d1be-410f-a68b-986de20cbc7a">
      <Execution id="9d707e80-f35f-46c5-a2ca-74e2c3155f93" />
      <TestMethod codeBase="d:\v2.0\a1\_work\dbded102\vso\tfs\service\webaccess\machines\testscripts\tests\tests.machines.gridviewmodel.ts" adapterTypeName="Microsoft.VisualStudio.TestTools.TestTypes.Unit.UnitTestAdapter" className="d:\v2.0\a1\_work\dbded102\vso\tfs\service\webaccess\machines\testscripts\tests\tests.machines.gridviewmodel" name="EnvironmentGridViewModelTests Test grid refresh" />
    </UnitTest>
    <UnitTest name="EnvironmentGridViewModelTests Test grid add environment" storage="d:\v2.0\a1\_work\dbded102\vso\tfs\service\webaccess\machines\testscripts\tests\tests.machines.gridviewmodel.ts" id="f96cd412-c425-4742-bd2d-d7176bf4da09">
      <Execution id="a6f145d7-2b8d-48ab-a572-aaf8dd905c13" />
      <TestMethod codeBase="d:\v2.0\a1\_work\dbded102\vso\tfs\service\webaccess\machines\testscripts\tests\tests.machines.gridviewmodel.ts" adapterTypeName="Microsoft.VisualStudio.TestTools.TestTypes.Unit.UnitTestAdapter" className="d:\v2.0\a1\_work\dbded102\vso\tfs\service\webaccess\machines\testscripts\tests\tests.machines.gridviewmodel" name="EnvironmentGridViewModelTests Test grid add environment" />
    </UnitTest>
    <UnitTest name="EnvironmentGridViewModelTests Test provider filter" storage="d:\v2.0\a1\_work\dbded102\vso\tfs\service\webaccess\machines\testscripts\tests\tests.machines.gridviewmodel.ts" id="4dc25c2e-3c04-449c-bbb2-cdee25d818f0">
      <Execution id="bca8bdb2-1c1b-4fb9-9215-30f35d5c7d7c" />
      <TestMethod codeBase="d:\v2.0\a1\_work\dbded102\vso\tfs\service\webaccess\machines\testscripts\tests\tests.machines.gridviewmodel.ts" adapterTypeName="Microsoft.VisualStudio.TestTools.TestTypes.Unit.UnitTestAdapter" className="d:\v2.0\a1\_work\dbded102\vso\tfs\service\webaccess\machines\testscripts\tests\tests.machines.gridviewmodel" name="EnvironmentGridViewModelTests Test provider filter" />
    </UnitTest>
    <UnitTest name="EnvironmentGridViewModelTests Test status filter" storage="d:\v2.0\a1\_work\dbded102\vso\tfs\service\webaccess\machines\testscripts\tests\tests.machines.gridviewmodel.ts" id="18dd59a3-f143-46ff-bb51-f578a5b3ce61">
      <Execution id="e631534f-5cf4-4c30-a40d-e0e4d646f417" />
      <TestMethod codeBase="d:\v2.0\a1\_work\dbded102\vso\tfs\service\webaccess\machines\testscripts\tests\tests.machines.gridviewmodel.ts" adapterTypeName="Microsoft.VisualStudio.TestTools.TestTypes.Unit.UnitTestAdapter" className="d:\v2.0\a1\_work\dbded102\vso\tfs\service\webaccess\machines\testscripts\tests\tests.machines.gridviewmodel" name="EnvironmentGridViewModelTests Test status filter" />
    </UnitTest>
    <UnitTest name="EnvironmentGridViewModelTests Test delete environment" storage="d:\v2.0\a1\_work\dbded102\vso\tfs\service\webaccess\machines\testscripts\tests\tests.machines.gridviewmodel.ts" id="4161ed27-c4a0-4ef6-b5d2-4d8319595958">
      <Execution id="cb15f117-e721-438f-af40-fdef845a4477" />
      <TestMethod codeBase="d:\v2.0\a1\_work\dbded102\vso\tfs\service\webaccess\machines\testscripts\tests\tests.machines.gridviewmodel.ts" adapterTypeName="Microsoft.VisualStudio.TestTools.TestTypes.Unit.UnitTestAdapter" className="d:\v2.0\a1\_work\dbded102\vso\tfs\service\webaccess\machines\testscripts\tests\tests.machines.gridviewmodel" name="EnvironmentGridViewModelTests Test delete environment" />
    </UnitTest>
    <UnitTest name="EnvironmentGridViewModelTests Test edit and delete button visibility" storage="d:\v2.0\a1\_work\dbded102\vso\tfs\service\webaccess\machines\testscripts\tests\tests.machines.gridviewmodel.ts" id="21776edf-e24c-4dc7-a869-934537b36195">
      <Execution id="ab96c7ea-efec-4c8f-a768-b5f23d73731a" />
      <TestMethod codeBase="d:\v2.0\a1\_work\dbded102\vso\tfs\service\webaccess\machines\testscripts\tests\tests.machines.gridviewmodel.ts" adapterTypeName="Microsoft.VisualStudio.TestTools.TestTypes.Unit.UnitTestAdapter" className="d:\v2.0\a1\_work\dbded102\vso\tfs\service\webaccess\machines\testscripts\tests\tests.machines.gridviewmodel" name="EnvironmentGridViewModelTests Test edit and delete button visibility" />
    </UnitTest>
    <UnitTest name="EnvironmentGridViewModelTests Test reserve machine group" storage="d:\v2.0\a1\_work\dbded102\vso\tfs\service\webaccess\machines\testscripts\tests\tests.machines.gridviewmodel.ts" id="34e79871-7d28-434b-ab52-7d5bbe38e081">
      <Execution id="27b2929f-8d64-4eff-9a7e-84e58ba04ff4" />
      <TestMethod codeBase="d:\v2.0\a1\_work\dbded102\vso\tfs\service\webaccess\machines\testscripts\tests\tests.machines.gridviewmodel.ts" adapterTypeName="Microsoft.VisualStudio.TestTools.TestTypes.Unit.UnitTestAdapter" className="d:\v2.0\a1\_work\dbded102\vso\tfs\service\webaccess\machines\testscripts\tests\tests.machines.gridviewmodel" name="EnvironmentGridViewModelTests Test reserve machine group" />
    </UnitTest>
    <UnitTest name="EnvironmentGridViewModelTests Test reserve machine group when reservation fails" storage="d:\v2.0\a1\_work\dbded102\vso\tfs\service\webaccess\machines\testscripts\tests\tests.machines.gridviewmodel.ts" id="b9f4bc13-550d-404d-bd44-c6ed0f890513">
      <Execution id="af67def9-6255-4a28-8bdd-da203f1a446d" />
      <TestMethod codeBase="d:\v2.0\a1\_work\dbded102\vso\tfs\service\webaccess\machines\testscripts\tests\tests.machines.gridviewmodel.ts" adapterTypeName="Microsoft.VisualStudio.TestTools.TestTypes.Unit.UnitTestAdapter" className="d:\v2.0\a1\_work\dbded102\vso\tfs\service\webaccess\machines\testscripts\tests\tests.machines.gridviewmodel" name="EnvironmentGridViewModelTests Test reserve machine group when reservation fails" />
    </UnitTest>
    <UnitTest name="EnvironmentGridViewModelTests Test unreserve machine group" storage="d:\v2.0\a1\_work\dbded102\vso\tfs\service\webaccess\machines\testscripts\tests\tests.machines.gridviewmodel.ts" id="46ed04de-eb51-4b2d-814a-6e5ffa6df3d1">
      <Execution id="4c507f55-3f82-4c14-a802-da536c9f6102" />
      <TestMethod codeBase="d:\v2.0\a1\_work\dbded102\vso\tfs\service\webaccess\machines\testscripts\tests\tests.machines.gridviewmodel.ts" adapterTypeName="Microsoft.VisualStudio.TestTools.TestTypes.Unit.UnitTestAdapter" className="d:\v2.0\a1\_work\dbded102\vso\tfs\service\webaccess\machines\testscripts\tests\tests.machines.gridviewmodel" name="EnvironmentGridViewModelTests Test unreserve machine group" />
    </UnitTest>
    <UnitTest name="EnvironmentGridViewModelTests Test unreserve machine group when reservation fails" storage="d:\v2.0\a1\_work\dbded102\vso\tfs\service\webaccess\machines\testscripts\tests\tests.machines.gridviewmodel.ts" id="3c4932c9-479d-4fd9-a008-1f34aafabf83">
      <Execution id="f2dd47dd-1782-4230-a886-9758d4d20a03" />
      <TestMethod codeBase="d:\v2.0\a1\_work\dbded102\vso\tfs\service\webaccess\machines\testscripts\tests\tests.machines.gridviewmodel.ts" adapterTypeName="Microsoft.VisualStudio.TestTools.TestTypes.Unit.UnitTestAdapter" className="d:\v2.0\a1\_work\dbded102\vso\tfs\service\webaccess\machines\testscripts\tests\tests.machines.gridviewmodel" name="EnvironmentGridViewModelTests Test unreserve machine group when reservation fails" />
    </UnitTest>
    <UnitTest name="EnvironmentGridViewModelTests Test error message" storage="d:\v2.0\a1\_work\dbded102\vso\tfs\service\webaccess\machines\testscripts\tests\tests.machines.gridviewmodel.ts" id="dee111ff-dddf-45dd-adb2-13435d2c790a">
      <Execution id="789cea6f-0470-4ac1-8d50-4cd6945fb910" />
      <TestMethod codeBase="d:\v2.0\a1\_work\dbded102\vso\tfs\service\webaccess\machines\testscripts\tests\tests.machines.gridviewmodel.ts" adapterTypeName="Microsoft.VisualStudio.TestTools.TestTypes.Unit.UnitTestAdapter" className="d:\v2.0\a1\_work\dbded102\vso\tfs\service\webaccess\machines\testscripts\tests\tests.machines.gridviewmodel" name="EnvironmentGridViewModelTests Test error message" />
    </UnitTest>
  </TestDefinitions>
  <TestEntries>
    <TestEntry testId="26e60ac7-1f0b-454d-8e7f-c45c434e250e" executionId="6b6b9519-f54c-412c-abaf-c7fd22d56653" testListId="8c84fa94-04c1-424b-9868-57a2d4851a1d" />
    <TestEntry testId="645351c7-dd53-4be8-8254-732a3cf7938c" executionId="9959fd7e-5ec1-4ed2-8841-bd870ff428ba" testListId="8c84fa94-04c1-424b-9868-57a2d4851a1d" />
    <TestEntry testId="473c1921-f73c-42df-a79b-c88e1a09f2f2" executionId="034cbf9e-cce2-4dc4-9a73-0a7c3551d468" testListId="8c84fa94-04c1-424b-9868-57a2d4851a1d" />
    <TestEntry testId="ee38eb9f-ae62-4fc3-9f5e-f4085b164f59" executionId="13686caa-22bc-46b6-b51b-d2aee1839146" testListId="8c84fa94-04c1-424b-9868-57a2d4851a1d" />
    <TestEntry testId="92a76e26-bc87-4c79-836b-e7c5b560ee21" executionId="177d5aff-e2e6-4568-8064-2fa294821d63" testListId="8c84fa94-04c1-424b-9868-57a2d4851a1d" />
    <TestEntry testId="dbf4b75c-9672-4171-82de-925c8d38d953" executionId="ae1c811b-e2e9-4004-9f40-bbd2ced65526" testListId="8c84fa94-04c1-424b-9868-57a2d4851a1d" />
    <TestEntry testId="ff4bf37c-798c-4334-aaec-80359191201c" executionId="69dcb082-fba5-4320-a3a1-d68077f8ef51" testListId="8c84fa94-04c1-424b-9868-57a2d4851a1d" />
    <TestEntry testId="f2d8895d-21b4-46c6-bc81-e71fe2abe356" executionId="0f49ec1b-a72c-40ae-8973-09720a792ed1" testListId="8c84fa94-04c1-424b-9868-57a2d4851a1d" />
    <TestEntry testId="76426788-1344-47ea-b919-3b9b819b2c07" executionId="746681e4-9deb-4263-980c-faab30060943" testListId="8c84fa94-04c1-424b-9868-57a2d4851a1d" />
    <TestEntry testId="48d8005a-c477-465d-a76d-e07eada76156" executionId="0752e388-6215-48b4-9757-0380d2dfda8e" testListId="8c84fa94-04c1-424b-9868-57a2d4851a1d" />
    <TestEntry testId="cf87cd7a-6b3d-4e0c-b805-ee3cbe01cce3" executionId="6cab6d24-659f-44c3-8aa6-3f12386e47a9" testListId="8c84fa94-04c1-424b-9868-57a2d4851a1d" />
    <TestEntry testId="25bff3ea-3b4e-481c-99fc-747ea2bc9280" executionId="d8503fcc-a92d-4337-b035-94cf7a916e08" testListId="8c84fa94-04c1-424b-9868-57a2d4851a1d" />
    <TestEntry testId="edc17d72-d3e8-4eec-8db9-8602a5aba379" executionId="ef533c2c-956d-4261-85ba-f73279d564c5" testListId="8c84fa94-04c1-424b-9868-57a2d4851a1d" />
    <TestEntry testId="d025337a-0e6f-4032-a61f-0c0ed8417f3f" executionId="58e29474-75d9-47a1-a5d8-2c5009c9b14e" testListId="8c84fa94-04c1-424b-9868-57a2d4851a1d" />
    <TestEntry testId="1dc31376-75e6-4f10-9b5e-b62a89643884" executionId="c9f80438-b073-4b8e-a77c-cd3b0307bd30" testListId="8c84fa94-04c1-424b-9868-57a2d4851a1d" />
    <TestEntry testId="a087d485-5275-493f-a099-4ac2fb8026f7" executionId="06db23e7-0a4a-496f-acaf-0696f1048ec4" testListId="8c84fa94-04c1-424b-9868-57a2d4851a1d" />
    <TestEntry testId="2e889d7b-a1f0-4a41-b7d7-48e0cb616a98" executionId="3a167181-bfd6-4357-beea-2b06339738b9" testListId="8c84fa94-04c1-424b-9868-57a2d4851a1d" />
    <TestEntry testId="86c02aeb-1d4e-477e-83de-5487b914eff2" executionId="0f848321-8143-4970-afe0-432d144b880c" testListId="8c84fa94-04c1-424b-9868-57a2d4851a1d" />
    <TestEntry testId="f5f5d843-5325-4e31-b457-0fd1f80df4de" executionId="eb932e21-ed9f-4ae0-a146-ac701e5ba938" testListId="8c84fa94-04c1-424b-9868-57a2d4851a1d" />
    <TestEntry testId="7b360a8b-a69d-4543-9494-3453686a4b6c" executionId="be61a968-4ddf-4072-866a-1c7234d8bcf0" testListId="8c84fa94-04c1-424b-9868-57a2d4851a1d" />
    <TestEntry testId="45d9fbe7-d4fc-4a03-8b82-6f2207479441" executionId="b2b9a7fb-524d-4f27-b3b9-dba929868599" testListId="8c84fa94-04c1-424b-9868-57a2d4851a1d" />
    <TestEntry testId="ee83c264-b2de-4ef1-953a-59d989e65b86" executionId="0d30af4b-e05c-4901-9014-cc07ec246e36" testListId="8c84fa94-04c1-424b-9868-57a2d4851a1d" />
    <TestEntry testId="4ed0992b-f0d4-4529-95aa-f8efa93b05b7" executionId="0af9c58c-7578-4187-a392-beeea69558f2" testListId="8c84fa94-04c1-424b-9868-57a2d4851a1d" />
    <TestEntry testId="957caa9c-0c11-4a0e-adde-81b98098ff45" executionId="20155f4f-ae53-4887-86fe-9d5d088cd2db" testListId="8c84fa94-04c1-424b-9868-57a2d4851a1d" />
    <TestEntry testId="71693458-7f70-471f-a18d-a746fed82772" executionId="5cf33acc-0d83-452f-828a-98ca3aa5ef5c" testListId="8c84fa94-04c1-424b-9868-57a2d4851a1d" />
    <TestEntry testId="098f34c4-c4e5-440e-a36a-ef5bd6d95e58" executionId="f64044af-9621-4429-9c0a-b563f17ab0df" testListId="8c84fa94-04c1-424b-9868-57a2d4851a1d" />
    <TestEntry testId="ed4a9c97-a398-4c90-8d18-1e69c50f2e5f" executionId="2b343215-3723-419c-9d84-b4a17fcf1fb3" testListId="8c84fa94-04c1-424b-9868-57a2d4851a1d" />
    <TestEntry testId="9594e31c-3fce-4ac1-a402-3d5490616dd2" executionId="b7fb1395-f69d-404c-88aa-ee1c174f3b79" testListId="8c84fa94-04c1-424b-9868-57a2d4851a1d" />
    <TestEntry testId="648fde80-f580-4480-b860-c1fc4d7a910c" executionId="96542cde-975b-429a-89bc-f228efa1f55b" testListId="8c84fa94-04c1-424b-9868-57a2d4851a1d" />
    <TestEntry testId="45d49b39-f3fe-4443-ad40-f5c80f9c120a" executionId="d00953f6-7a1b-4585-98aa-efbe49631ac5" testListId="8c84fa94-04c1-424b-9868-57a2d4851a1d" />
    <TestEntry testId="af756f8a-bdc0-492b-bacc-28aa9d0866ac" executionId="2fad5fe0-fd3a-43c9-8679-7c3812316fa4" testListId="8c84fa94-04c1-424b-9868-57a2d4851a1d" />
    <TestEntry testId="8e9c50ea-4165-4918-97e4-728e92679593" executionId="b68aee25-1b6c-4246-a6df-af64325bdcd1" testListId="8c84fa94-04c1-424b-9868-57a2d4851a1d" />
    <TestEntry testId="338799eb-f1e7-4a55-8656-7d69c69a28ba" executionId="bbd12964-f997-4180-aa80-5775f9c59f12" testListId="8c84fa94-04c1-424b-9868-57a2d4851a1d" />
    <TestEntry testId="d98fc56f-53c2-4b10-b527-7e0424468294" executionId="5f7724cc-ac7b-41b6-b8e0-da9a0adfa3ee" testListId="8c84fa94-04c1-424b-9868-57a2d4851a1d" />
    <TestEntry testId="382aed0f-3511-4743-b6e1-1d6511000ea4" executionId="7a60e228-e204-4f58-b7f8-dda6f07734df" testListId="8c84fa94-04c1-424b-9868-57a2d4851a1d" />
    <TestEntry testId="f62a3b9f-2ba3-4c21-bd7d-a917ecc647de" executionId="e8f804e1-0681-4fac-bc3e-a3c7faf8b0e4" testListId="8c84fa94-04c1-424b-9868-57a2d4851a1d" />
    <TestEntry testId="1cd41ee0-c776-46c3-a249-b5c53e8709d1" executionId="ec990067-c0c8-4dfa-acde-4c0d5d0bc91a" testListId="8c84fa94-04c1-424b-9868-57a2d4851a1d" />
    <TestEntry testId="b1363dea-c5b2-41ea-a08b-aed9320b93b0" executionId="b62be7ad-6b90-4131-ac94-8f6c292b3e4d" testListId="8c84fa94-04c1-424b-9868-57a2d4851a1d" />
    <TestEntry testId="12fc46ca-930d-4b04-98fb-6294d0631764" executionId="81ea56d3-b8eb-4944-8101-bcb81536ca16" testListId="8c84fa94-04c1-424b-9868-57a2d4851a1d" />
    <TestEntry testId="7bdbcfda-036d-46b8-bfad-e28550e05c8a" executionId="ecd09dfb-4fa7-44c5-ac51-e8ed45f0170d" testListId="8c84fa94-04c1-424b-9868-57a2d4851a1d" />
    <TestEntry testId="88b27751-9e03-49d9-bbef-cea13d27296d" executionId="7f2850e2-b95b-4c94-9df3-dae203ffec6d" testListId="8c84fa94-04c1-424b-9868-57a2d4851a1d" />
    <TestEntry testId="14f18f59-8154-471d-b4bd-6885e72932c2" executionId="2c84ce97-6148-453d-a0ce-ebe3e5a3cc05" testListId="8c84fa94-04c1-424b-9868-57a2d4851a1d" />
    <TestEntry testId="1d1fb159-9ad9-4b86-8fd7-71fbee4eef57" executionId="d315b94c-6b70-4a34-8ad6-9408e82fb8f0" testListId="8c84fa94-04c1-424b-9868-57a2d4851a1d" />
    <TestEntry testId="feb7f5a9-8609-4ebe-9a63-2f510a37589f" executionId="a4508074-e835-44a3-b167-bb026c12f853" testListId="8c84fa94-04c1-424b-9868-57a2d4851a1d" />
    <TestEntry testId="f6cddf04-7c32-4443-80a2-cdb5385e023c" executionId="6e8c43bf-a3ec-49b5-8463-47f96c18a3b7" testListId="8c84fa94-04c1-424b-9868-57a2d4851a1d" />
    <TestEntry testId="971054ba-cdf0-4b2c-8206-5c80f5d7c859" executionId="3dbc6642-cf9d-4c52-80a0-f18b6fca64af" testListId="8c84fa94-04c1-424b-9868-57a2d4851a1d" />
    <TestEntry testId="547a128d-75c7-4c9f-a30c-2f945125fdb3" executionId="f08ead96-4304-4076-a3dd-0392935bc46e" testListId="8c84fa94-04c1-424b-9868-57a2d4851a1d" />
    <TestEntry testId="ace0733f-e873-482c-b32b-6f7d23faf1a2" executionId="6686d7e8-d6d3-45d9-aa24-89988ab7ab56" testListId="8c84fa94-04c1-424b-9868-57a2d4851a1d" />
    <TestEntry testId="e75ab54b-9a9b-4786-954b-d90f2e8a2f05" executionId="29def007-38a3-4a6c-8dda-65ef3dadc4df" testListId="8c84fa94-04c1-424b-9868-57a2d4851a1d" />
    <TestEntry testId="a3115eed-0dcf-4426-9fb4-029c5c6276b1" executionId="006c575d-e03d-4e29-b59e-83d17979e270" testListId="8c84fa94-04c1-424b-9868-57a2d4851a1d" />
    <TestEntry testId="e4b54c15-3ab8-4185-b41d-a973613f9503" executionId="762b2416-1965-4655-93bf-e2ff5c3a0f48" testListId="8c84fa94-04c1-424b-9868-57a2d4851a1d" />
    <TestEntry testId="3e9c2ed5-0025-4814-b729-815985e0b801" executionId="5e990197-9df4-46d0-ac73-677a8b06f5dc" testListId="8c84fa94-04c1-424b-9868-57a2d4851a1d" />
    <TestEntry testId="a9415a46-59bc-4c3a-a75d-b0a9b68374b5" executionId="c5adec2f-e704-4b47-b318-4bdd6f5c0bd6" testListId="8c84fa94-04c1-424b-9868-57a2d4851a1d" />
    <TestEntry testId="71255331-1bae-4bd0-a23f-5e0eac4e5d2e" executionId="2dc155b4-c89b-4e6a-afc4-d3cf74ce828b" testListId="8c84fa94-04c1-424b-9868-57a2d4851a1d" />
    <TestEntry testId="b60c2766-c57b-40d5-83a9-81f586d36dbc" executionId="46388048-c4d0-48ed-9efd-78cb552307ec" testListId="8c84fa94-04c1-424b-9868-57a2d4851a1d" />
    <TestEntry testId="69952bbb-7bec-431c-a41b-039b2912adc1" executionId="9b98c227-1b04-444b-92b0-e7798e38f82d" testListId="8c84fa94-04c1-424b-9868-57a2d4851a1d" />
    <TestEntry testId="038fdbd2-7b23-4054-aea5-dfda0ec19fd7" executionId="0f5d6482-9e66-4c9c-a557-5507bd44fd32" testListId="8c84fa94-04c1-424b-9868-57a2d4851a1d" />
    <TestEntry testId="2585e360-9eca-477f-b516-9f23c554f0f2" executionId="832d6f29-7d6b-4c25-ae70-8c341927ebbe" testListId="8c84fa94-04c1-424b-9868-57a2d4851a1d" />
    <TestEntry testId="07fcbc4d-9006-40a6-a487-8266a1e7bb4a" executionId="c5a9032d-b2ce-46f4-a8dc-ea5196afaeb6" testListId="8c84fa94-04c1-424b-9868-57a2d4851a1d" />
    <TestEntry testId="e9338b88-9141-4956-9ad7-ddb110f7bae6" executionId="49168cb4-7760-44af-bf7b-ef477a89bc88" testListId="8c84fa94-04c1-424b-9868-57a2d4851a1d" />
    <TestEntry testId="6d499c0f-ff11-4b89-9071-347fea40d36e" executionId="4f30e3c0-ff3b-4e4e-b17a-dc3c92ebc3ae" testListId="8c84fa94-04c1-424b-9868-57a2d4851a1d" />
    <TestEntry testId="d4beddba-6f3d-42dd-bbf3-6e7ad1f10642" executionId="7f6c89e2-fdeb-444c-bd1e-70aae2fc06d3" testListId="8c84fa94-04c1-424b-9868-57a2d4851a1d" />
    <TestEntry testId="3b6a0654-d31e-4e5d-953c-fff97107919b" executionId="c09ccdd5-af7d-43e3-a02a-7a8bbe4b7381" testListId="8c84fa94-04c1-424b-9868-57a2d4851a1d" />
    <TestEntry testId="f5b46155-6274-427c-9ca3-1e2c07c299ad" executionId="e0a745db-0e04-4eeb-982c-6f8927fdf876" testListId="8c84fa94-04c1-424b-9868-57a2d4851a1d" />
    <TestEntry testId="8694829e-d787-4b9e-8e33-702df0eb397c" executionId="0c339b45-fda8-450a-907f-21fd984e2547" testListId="8c84fa94-04c1-424b-9868-57a2d4851a1d" />
    <TestEntry testId="5851d3ef-a90d-4e5a-85a9-b6fbc9c7b04b" executionId="a8ebc0fd-c5e9-4289-b271-22e973804e12" testListId="8c84fa94-04c1-424b-9868-57a2d4851a1d" />
    <TestEntry testId="97d60ef9-865a-42ef-b0c7-cee56475fbcf" executionId="c2de5a46-67ac-4265-ac86-4e55a1579329" testListId="8c84fa94-04c1-424b-9868-57a2d4851a1d" />
    <TestEntry testId="020abd8c-0182-4f44-8a9b-df124d6db27a" executionId="af8684e3-d104-4682-9d4f-2ef420394c27" testListId="8c84fa94-04c1-424b-9868-57a2d4851a1d" />
    <TestEntry testId="f2efd014-e80f-4173-8475-b59f0e836335" executionId="6ecccd95-9627-44bc-986b-a8f9a3198558" testListId="8c84fa94-04c1-424b-9868-57a2d4851a1d" />
    <TestEntry testId="bc30c7b5-6ffa-4715-b517-588a24aeae91" executionId="f7660765-b92e-4df3-829f-027a3a1b4c04" testListId="8c84fa94-04c1-424b-9868-57a2d4851a1d" />
    <TestEntry testId="3d842f18-973d-4c2e-8845-fc17a4767f56" executionId="82e8256a-d232-49b7-93d9-5c4a0b905a9d" testListId="8c84fa94-04c1-424b-9868-57a2d4851a1d" />
    <TestEntry testId="9618143b-1143-4eca-a288-37a7169a5c81" executionId="fe3a8dc2-af01-4ac4-b505-e28c7e68a025" testListId="8c84fa94-04c1-424b-9868-57a2d4851a1d" />
    <TestEntry testId="50187a94-2714-415d-9046-00495830c64b" executionId="41bc51db-b6cf-498c-ac2c-da34fcaafcb8" testListId="8c84fa94-04c1-424b-9868-57a2d4851a1d" />
    <TestEntry testId="016b9f71-c2c6-4429-88f2-a78bfc802786" executionId="96853e33-8519-4143-a378-7c9e8a7ab28e" testListId="8c84fa94-04c1-424b-9868-57a2d4851a1d" />
    <TestEntry testId="3516bb55-4a7a-40c1-8464-65049be85055" executionId="ddd3ab32-7f42-4191-a8ee-4ebd95dd15d6" testListId="8c84fa94-04c1-424b-9868-57a2d4851a1d" />
    <TestEntry testId="c95052f7-1291-4f9a-9479-19777d5326dc" executionId="71111172-e32d-499c-8693-a61d3b48adb6" testListId="8c84fa94-04c1-424b-9868-57a2d4851a1d" />
    <TestEntry testId="2198445c-e7f3-4cbc-a5ab-43f81800a7cc" executionId="1592495c-07d5-4073-b52c-b289d77b026f" testListId="8c84fa94-04c1-424b-9868-57a2d4851a1d" />
    <TestEntry testId="52dcfc58-4170-43d6-834e-60cf522e87e1" executionId="37ada225-d438-42a5-b5af-7c6fb29acaa5" testListId="8c84fa94-04c1-424b-9868-57a2d4851a1d" />
    <TestEntry testId="dddd9a99-3028-4d48-a529-ef385e8299e0" executionId="a5290b34-f2bf-4dc5-a6d7-4572af843403" testListId="8c84fa94-04c1-424b-9868-57a2d4851a1d" />
    <TestEntry testId="39b8852a-30c5-4a45-a97b-f41400d6eca1" executionId="730ca5de-9597-4bf1-8dfd-94234567dd43" testListId="8c84fa94-04c1-424b-9868-57a2d4851a1d" />
    <TestEntry testId="12fc509e-1881-4abd-bfd1-725bc0a3b23f" executionId="814f966a-5dad-486c-8333-ef652e62b8ea" testListId="8c84fa94-04c1-424b-9868-57a2d4851a1d" />
    <TestEntry testId="e0fa3a5f-7063-4c1b-ac59-443043abd69c" executionId="25faf648-94bb-485e-936d-48326899a0e8" testListId="8c84fa94-04c1-424b-9868-57a2d4851a1d" />
    <TestEntry testId="ccc08afe-d1be-410f-a68b-986de20cbc7a" executionId="9d707e80-f35f-46c5-a2ca-74e2c3155f93" testListId="8c84fa94-04c1-424b-9868-57a2d4851a1d" />
    <TestEntry testId="f96cd412-c425-4742-bd2d-d7176bf4da09" executionId="a6f145d7-2b8d-48ab-a572-aaf8dd905c13" testListId="8c84fa94-04c1-424b-9868-57a2d4851a1d" />
    <TestEntry testId="4dc25c2e-3c04-449c-bbb2-cdee25d818f0" executionId="bca8bdb2-1c1b-4fb9-9215-30f35d5c7d7c" testListId="8c84fa94-04c1-424b-9868-57a2d4851a1d" />
    <TestEntry testId="18dd59a3-f143-46ff-bb51-f578a5b3ce61" executionId="e631534f-5cf4-4c30-a40d-e0e4d646f417" testListId="8c84fa94-04c1-424b-9868-57a2d4851a1d" />
    <TestEntry testId="4161ed27-c4a0-4ef6-b5d2-4d8319595958" executionId="cb15f117-e721-438f-af40-fdef845a4477" testListId="8c84fa94-04c1-424b-9868-57a2d4851a1d" />
    <TestEntry testId="21776edf-e24c-4dc7-a869-934537b36195" executionId="ab96c7ea-efec-4c8f-a768-b5f23d73731a" testListId="8c84fa94-04c1-424b-9868-57a2d4851a1d" />
    <TestEntry testId="34e79871-7d28-434b-ab52-7d5bbe38e081" executionId="27b2929f-8d64-4eff-9a7e-84e58ba04ff4" testListId="8c84fa94-04c1-424b-9868-57a2d4851a1d" />
    <TestEntry testId="b9f4bc13-550d-404d-bd44-c6ed0f890513" executionId="af67def9-6255-4a28-8bdd-da203f1a446d" testListId="8c84fa94-04c1-424b-9868-57a2d4851a1d" />
    <TestEntry testId="46ed04de-eb51-4b2d-814a-6e5ffa6df3d1" executionId="4c507f55-3f82-4c14-a802-da536c9f6102" testListId="8c84fa94-04c1-424b-9868-57a2d4851a1d" />
    <TestEntry testId="3c4932c9-479d-4fd9-a008-1f34aafabf83" executionId="f2dd47dd-1782-4230-a886-9758d4d20a03" testListId="8c84fa94-04c1-424b-9868-57a2d4851a1d" />
    <TestEntry testId="dee111ff-dddf-45dd-adb2-13435d2c790a" executionId="789cea6f-0470-4ac1-8d50-4cd6945fb910" testListId="8c84fa94-04c1-424b-9868-57a2d4851a1d" />
  </TestEntries>
  <TestLists>
    <TestList name="Results Not in a List" id="8c84fa94-04c1-424b-9868-57a2d4851a1d" />
    <TestList name="All Loaded Results" id="19431567-8539-422a-85d7-44ee4e166bda" />
  </TestLists>
  <ResultSummary outcome="Completed">
    <Counters total="93" executed="93" passed="93" failed="0" error="0" timeout="0" aborted="0" inconclusive="0" passedButRunAborted="0" notRunnable="0" notExecuted="0" disconnected="0" warning="0" completed="0" inProgress="0" pending="0" />
  </ResultSummary>
</TestRun>