<?xml version="1.0" encoding="UTF-8"?>
<TestRun id="61660871-8237-47bd-8764-6ac4165d7930" name="tfsmladm@TFSBUILD11 2015-09-28 09:43:47" runUser="REDMOND\tfsmladm" xmlns="http://microsoft.com/schemas/VisualStudio/TeamTest/2010">
  <Times creation="2015-09-28T09:43:47.9229507-07:00" queuing="2015-09-28T09:43:47.9229507-07:00" start="2015-09-28T09:43:47.9229507-07:00" finish="2015-09-28T09:44:02.5958693-07:00" />
  <TestSettings name="default" id="ee694992-36c4-4658-a7c2-fe7d23a2e0cb">
    <Execution>
      <TestTypeSpecific />
    </Execution>
    <Deployment runDeploymentRoot="tfsmladm_TFSBUILD11 2015-09-28 09_43_47" />
    <Properties />
  </TestSettings>
  <Results>
    <UnitTestResult executionId="f7c10f0a-e182-404f-8c2d-97150d9abedd" testId="695aeef4-8f66-444b-8461-8aa74ae0c67b" testName="SortedDirectoryObjectCollectorTest" computerName="TFSBUILD11" duration="00:00:00.0075573" startTime="2015-09-28T09:43:47.3604096-07:00" endTime="2015-09-28T09:43:47.4697941-07:00" testType="13cdc9d9-ddb5-4fa4-a97d-d965ccfc6d4b" outcome="Passed" testListId="8c84fa94-04c1-424b-9868-57a2d4851a1d" relativeResultsDirectory="f7c10f0a-e182-404f-8c2d-97150d9abedd" />
    <UnitTestResult executionId="f672b2de-55d0-45f1-8813-78943432ad7b" testId="6e8d441c-20cd-f2a4-8ba0-1e2e68de9db1" testName="IsServiceIdentity_ReturnsFalse_WhenNullIsPassed" computerName="TFSBUILD11" duration="00:00:00.2751303" startTime="2015-09-28T09:43:47.4854196-07:00" endTime="2015-09-28T09:43:47.7510629-07:00" testType="13cdc9d9-ddb5-4fa4-a97d-d965ccfc6d4b" outcome="Passed" testListId="8c84fa94-04c1-424b-9868-57a2d4851a1d" relativeResultsDirectory="f672b2de-55d0-45f1-8813-78943432ad7b" />
    <UnitTestResult executionId="627cf08d-82a8-4803-8a54-55fb9c9525f6" testId="2756e1de-0009-fae6-cffc-e18cf92b49e6" testName="IsServiceIdentity_ReturnsFalse_ForVariousUserIdentities" computerName="TFSBUILD11" duration="00:00:00.0746101" startTime="2015-09-28T09:43:47.7510629-07:00" endTime="2015-09-28T09:43:47.8291938-07:00" testType="13cdc9d9-ddb5-4fa4-a97d-d965ccfc6d4b" outcome="Passed" testListId="8c84fa94-04c1-424b-9868-57a2d4851a1d" relativeResultsDirectory="627cf08d-82a8-4803-8a54-55fb9c9525f6" />
    <UnitTestResult executionId="e9777328-28f8-40ec-a434-429dedf166c9" testId="41b288a2-b524-9f33-013e-f6ea2147656c" testName="IsServiceIdentity_ReturnsFalse_ForVariousGroupIdentities" computerName="TFSBUILD11" duration="00:00:00.0116630" startTime="2015-09-28T09:43:47.8291938-07:00" endTime="2015-09-28T09:43:47.8448205-07:00" testType="13cdc9d9-ddb5-4fa4-a97d-d965ccfc6d4b" outcome="Passed" testListId="8c84fa94-04c1-424b-9868-57a2d4851a1d" relativeResultsDirectory="e9777328-28f8-40ec-a434-429dedf166c9" />
    <UnitTestResult executionId="3b800413-e310-46f4-8417-e51a253bd9a6" testId="699ad56d-f127-2d45-b2f5-8719adb6994f" testName="IsServiceIdentity_ReturnsTrue_ForOAuthS2SIdentities" computerName="TFSBUILD11" duration="00:00:00.0097564" startTime="2015-09-28T09:43:47.8448205-07:00" endTime="2015-09-28T09:43:47.8604457-07:00" testType="13cdc9d9-ddb5-4fa4-a97d-d965ccfc6d4b" outcome="Passed" testListId="8c84fa94-04c1-424b-9868-57a2d4851a1d" relativeResultsDirectory="3b800413-e310-46f4-8417-e51a253bd9a6" />
    <UnitTestResult executionId="348ded16-ac25-448a-a6de-b78df7337e41" testId="275d2093-182d-328d-71af-5ab4a796461a" testName="IsServiceIdentity_ReturnsTrue_ForOAuthS2SIdentities_WhereOnlyDescriptorFormatMatches" computerName="TFSBUILD11" duration="00:00:00.0093806" startTime="2015-09-28T09:43:47.8604457-07:00" endTime="2015-09-28T09:43:47.8604457-07:00" testType="13cdc9d9-ddb5-4fa4-a97d-d965ccfc6d4b" outcome="Passed" testListId="8c84fa94-04c1-424b-9868-57a2d4851a1d" relativeResultsDirectory="348ded16-ac25-448a-a6de-b78df7337e41" />
    <UnitTestResult executionId="25603768-b932-4af4-aa5d-43ab3b2b46e3" testId="6b7f9811-305e-3dfd-7350-7302018f23b8" testName="IsServiceIdentity_ReturnsTrue_ForACSS2SIdentities" computerName="TFSBUILD11" duration="00:00:00.0095123" startTime="2015-09-28T09:43:47.8604457-07:00" endTime="2015-09-28T09:43:47.8760710-07:00" testType="13cdc9d9-ddb5-4fa4-a97d-d965ccfc6d4b" outcome="Passed" testListId="8c84fa94-04c1-424b-9868-57a2d4851a1d" relativeResultsDirectory="25603768-b932-4af4-aa5d-43ab3b2b46e3" />
    <UnitTestResult executionId="9721933d-08a2-430c-91a5-01f23945dc57" testId="d0c18b7f-97ef-adb5-7d93-c466a2f8571f" testName="IsServiceIdentity_ReturnsTrue_ForS2SIdentities" computerName="TFSBUILD11" duration="00:00:00.0093132" startTime="2015-09-28T09:43:47.8760710-07:00" endTime="2015-09-28T09:43:47.8760710-07:00" testType="13cdc9d9-ddb5-4fa4-a97d-d965ccfc6d4b" outcome="Passed" testListId="8c84fa94-04c1-424b-9868-57a2d4851a1d" relativeResultsDirectory="9721933d-08a2-430c-91a5-01f23945dc57" />
    <UnitTestResult executionId="07e1e383-2bd5-4286-b803-ba4c82dcaa90" testId="4f68f7e5-53eb-7bac-ad7d-bf85609e18b3" testName="IsServiceIdentity_ChecksGroupMemberships_ForNonDeploymentRequests" computerName="TFSBUILD11" duration="00:00:00.0222321" startTime="2015-09-28T09:43:47.8760710-07:00" endTime="2015-09-28T09:43:47.9073249-07:00" testType="13cdc9d9-ddb5-4fa4-a97d-d965ccfc6d4b" outcome="Passed" testListId="8c84fa94-04c1-424b-9868-57a2d4851a1d" relativeResultsDirectory="07e1e383-2bd5-4286-b803-ba4c82dcaa90" />
    <UnitTestResult executionId="703a7630-3954-4d96-a547-f112b6989493" testId="dc71c986-a689-5c1f-d61c-202b4652a39e" testName="IsServiceIdentity_DoesNotChecksGroupMemberships_ForDeploymentRequests" computerName="TFSBUILD11" duration="00:00:00.0121895" startTime="2015-09-28T09:43:47.9073249-07:00" endTime="2015-09-28T09:43:47.9229507-07:00" testType="13cdc9d9-ddb5-4fa4-a97d-d965ccfc6d4b" outcome="Passed" testListId="8c84fa94-04c1-424b-9868-57a2d4851a1d" relativeResultsDirectory="703a7630-3954-4d96-a547-f112b6989493" />
    <UnitTestResult executionId="53f2bc13-3719-494d-841e-510298535f25" testId="a53c571e-8adf-6882-669d-d0d9d99cd4bb" testName="Install_CreatesScope_CreatesGroups_AndCreatesGroupMemberships_OnDeploymentHost" computerName="TFSBUILD11" duration="00:00:00.0608525" startTime="2015-09-28T09:43:47.9229507-07:00" endTime="2015-09-28T09:43:47.9854563-07:00" testType="13cdc9d9-ddb5-4fa4-a97d-d965ccfc6d4b" outcome="Passed" testListId="8c84fa94-04c1-424b-9868-57a2d4851a1d" relativeResultsDirectory="53f2bc13-3719-494d-841e-510298535f25" />
    <UnitTestResult executionId="69f7819d-4000-44fe-a76d-5e4a9cef8c8d" testId="91746a2e-e972-776d-128e-6cdbfa5bae45" testName="Install_Fails_WhenCreateScopeFails_WithUnexpectedException" computerName="TFSBUILD11" duration="00:00:00.0125223" startTime="2015-09-28T09:43:47.9854563-07:00" endTime="2015-09-28T09:43:48.0010816-07:00" testType="13cdc9d9-ddb5-4fa4-a97d-d965ccfc6d4b" outcome="Passed" testListId="8c84fa94-04c1-424b-9868-57a2d4851a1d" relativeResultsDirectory="69f7819d-4000-44fe-a76d-5e4a9cef8c8d" />
    <UnitTestResult executionId="03370b41-4a07-44d4-b009-4ac61aa5fa84" testId="9ed57a3f-964e-57fd-7e5a-c4e94320acbc" testName="Install_DoesNotFail_WhenCreateScope_ThrowsGroupScopeCreationException" computerName="TFSBUILD11" duration="00:00:00.0228897" startTime="2015-09-28T09:43:48.0010816-07:00" endTime="2015-09-28T09:43:48.0167094-07:00" testType="13cdc9d9-ddb5-4fa4-a97d-d965ccfc6d4b" outcome="Passed" testListId="8c84fa94-04c1-424b-9868-57a2d4851a1d" relativeResultsDirectory="03370b41-4a07-44d4-b009-4ac61aa5fa84" />
    <UnitTestResult executionId="3ca66db9-30a5-4eb8-9dfb-7ae6ac0129b6" testId="713662f9-059e-29dd-5360-d0d74e6ba4cc" testName="Install_DoesANoOp_WhenS2SIsEnabled_AndNonTfsServicePrincipalIsCalling" computerName="TFSBUILD11" duration="00:00:00.0248444" startTime="2015-09-28T09:43:48.0167094-07:00" endTime="2015-09-28T09:43:48.0479611-07:00" testType="13cdc9d9-ddb5-4fa4-a97d-d965ccfc6d4b" outcome="Passed" testListId="8c84fa94-04c1-424b-9868-57a2d4851a1d" relativeResultsDirectory="3ca66db9-30a5-4eb8-9dfb-7ae6ac0129b6" />
    <UnitTestResult executionId="e679c1be-d1b3-4dae-93a6-779a3404c865" testId="0025fda4-4af6-8b9f-7876-977dc09f3d41" testName="Install_DoesANoOp_OnApplicationHost" computerName="TFSBUILD11" duration="00:00:00.0128949" startTime="2015-09-28T09:43:48.0479611-07:00" endTime="2015-09-28T09:43:48.0635866-07:00" testType="13cdc9d9-ddb5-4fa4-a97d-d965ccfc6d4b" outcome="Passed" testListId="8c84fa94-04c1-424b-9868-57a2d4851a1d" relativeResultsDirectory="e679c1be-d1b3-4dae-93a6-779a3404c865" />
    <UnitTestResult executionId="b8491998-d4ef-4939-a862-c05c2b6329c3" testId="d2b66c5a-ffbe-1a8a-d90f-5eb68385e5e2" testName="CacheRefreshes_OnInitialCacheRead" computerName="TFSBUILD11" duration="00:00:00.0454444" startTime="2015-09-28T09:43:48.0635866-07:00" endTime="2015-09-28T09:43:48.0948388-07:00" testType="13cdc9d9-ddb5-4fa4-a97d-d965ccfc6d4b" outcome="Passed" testListId="8c84fa94-04c1-424b-9868-57a2d4851a1d" relativeResultsDirectory="b8491998-d4ef-4939-a862-c05c2b6329c3" />
    <UnitTestResult executionId="cfe2fc92-146c-4b6e-a0f3-63825d37c6a5" testId="bcfc06a5-63d8-856f-a026-29cbd3acd742" testName="CacheDoesNotRefresh_WhenRefreshInvervalHasNotElapsed" computerName="TFSBUILD11" duration="00:00:00.0016045" startTime="2015-09-28T09:43:48.0948388-07:00" endTime="2015-09-28T09:43:48.1104646-07:00" testType="13cdc9d9-ddb5-4fa4-a97d-d965ccfc6d4b" outcome="Passed" testListId="8c84fa94-04c1-424b-9868-57a2d4851a1d" relativeResultsDirectory="cfe2fc92-146c-4b6e-a0f3-63825d37c6a5" />
    <UnitTestResult executionId="3e39a097-f79b-4dbe-a454-287b4f518665" testId="5960eceb-dc9a-b2db-a503-7fcfe769ba34" testName="CacheRefreshes_WhenRefreshInvervalHasElapsed" computerName="TFSBUILD11" duration="00:00:00.0004716" startTime="2015-09-28T09:43:48.1104646-07:00" endTime="2015-09-28T09:43:48.1104646-07:00" testType="13cdc9d9-ddb5-4fa4-a97d-d965ccfc6d4b" outcome="Passed" testListId="8c84fa94-04c1-424b-9868-57a2d4851a1d" relativeResultsDirectory="3e39a097-f79b-4dbe-a454-287b4f518665" />
    <UnitTestResult executionId="2c235bcc-1b39-40ac-b144-b0e98a91ec40" testId="597d2ba0-c5e6-2ef0-5570-ee17cc6b822a" testName="CacheDoesNotRefresh_WhenTwoThreadsAccessSimultaneously" computerName="TFSBUILD11" duration="00:00:00.0006653" startTime="2015-09-28T09:43:48.1104646-07:00" endTime="2015-09-28T09:43:48.1104646-07:00" testType="13cdc9d9-ddb5-4fa4-a97d-d965ccfc6d4b" outcome="Passed" testListId="8c84fa94-04c1-424b-9868-57a2d4851a1d" relativeResultsDirectory="2c235bcc-1b39-40ac-b144-b0e98a91ec40" />
    <UnitTestResult executionId="05cb7040-5166-4099-b366-ea79bdefc0ad" testId="d8eef073-a474-b456-d2ca-788d7b37b828" testName="CacheRefreshes_IfExceptionWasThrownFromRefreshFunction" computerName="TFSBUILD11" duration="00:00:00.0015416" startTime="2015-09-28T09:43:48.1104646-07:00" endTime="2015-09-28T09:43:48.1104646-07:00" testType="13cdc9d9-ddb5-4fa4-a97d-d965ccfc6d4b" outcome="Passed" testListId="8c84fa94-04c1-424b-9868-57a2d4851a1d" relativeResultsDirectory="05cb7040-5166-4099-b366-ea79bdefc0ad" />
    <UnitTestResult executionId="8713ec70-58b8-474e-bedc-8ad812f7a318" testId="b7ab7bdc-0b0e-f608-159c-4c2af69633e1" testName="CacheRefreshes_IfRefreshFunctionIsSlow" computerName="TFSBUILD11" duration="00:00:00.0016591" startTime="2015-09-28T09:43:48.1104646-07:00" endTime="2015-09-28T09:43:48.1104646-07:00" testType="13cdc9d9-ddb5-4fa4-a97d-d965ccfc6d4b" outcome="Passed" testListId="8c84fa94-04c1-424b-9868-57a2d4851a1d" relativeResultsDirectory="8713ec70-58b8-474e-bedc-8ad812f7a318" />
    <UnitTestResult executionId="8416c392-7ef2-4ee2-84bd-2027a97212e8" testId="79a1da82-d0d3-a3a2-1d31-7c942ed88bbd" testName="QueryPermissions_Returns_PreliminaryAcls_OnNewToken" computerName="TFSBUILD11" duration="00:00:00.0297479" startTime="2015-09-28T09:43:48.1104646-07:00" endTime="2015-09-28T09:43:48.1417154-07:00" testType="13cdc9d9-ddb5-4fa4-a97d-d965ccfc6d4b" outcome="Passed" testListId="8c84fa94-04c1-424b-9868-57a2d4851a1d" relativeResultsDirectory="8416c392-7ef2-4ee2-84bd-2027a97212e8" />
    <UnitTestResult executionId="512855f3-1ce9-4fc5-9d1f-42b694818210" testId="aaa8ab73-4d52-8511-fd45-478ac0a58316" testName="TaskCompare_Method_Target" computerName="TFSBUILD11" duration="00:00:00.0012666" startTime="2015-09-28T09:43:48.1417154-07:00" endTime="2015-09-28T09:43:48.1417154-07:00" testType="13cdc9d9-ddb5-4fa4-a97d-d965ccfc6d4b" outcome="Passed" testListId="8c84fa94-04c1-424b-9868-57a2d4851a1d" relativeResultsDirectory="512855f3-1ce9-4fc5-9d1f-42b694818210" />
    <UnitTestResult executionId="544e37f7-8b06-4146-b5e5-dfd5f8f0325d" testId="9434059a-46aa-887e-4398-69c0e2cde615" testName="TaskCompare_Method_Target_Args" computerName="TFSBUILD11" duration="00:00:00.0003373" startTime="2015-09-28T09:43:48.1417154-07:00" endTime="2015-09-28T09:43:48.1417154-07:00" testType="13cdc9d9-ddb5-4fa4-a97d-d965ccfc6d4b" outcome="Passed" testListId="8c84fa94-04c1-424b-9868-57a2d4851a1d" relativeResultsDirectory="544e37f7-8b06-4146-b5e5-dfd5f8f0325d" />
    <UnitTestResult executionId="50d90afa-f8d6-4fc2-a246-e486511777ee" testId="d752db22-c09b-083e-cdad-775c370945f2" testName="LocationStepPerformer_AddLocationData" computerName="TFSBUILD11" duration="00:00:00.0612584" startTime="2015-09-28T09:43:48.1417154-07:00" endTime="2015-09-28T09:43:48.2042205-07:00" testType="13cdc9d9-ddb5-4fa4-a97d-d965ccfc6d4b" outcome="Passed" testListId="8c84fa94-04c1-424b-9868-57a2d4851a1d" relativeResultsDirectory="50d90afa-f8d6-4fc2-a246-e486511777ee" />
    <UnitTestResult executionId="9f88e723-39c7-4aad-a807-78097ef831c6" testId="21aac58f-c375-65fe-a5ea-7c2b43d40796" testName="LocationStepPerformer_RemoveLocationData" computerName="TFSBUILD11" duration="00:00:00.0054704" startTime="2015-09-28T09:43:48.2042205-07:00" endTime="2015-09-28T09:43:48.2042205-07:00" testType="13cdc9d9-ddb5-4fa4-a97d-d965ccfc6d4b" outcome="Passed" testListId="8c84fa94-04c1-424b-9868-57a2d4851a1d" relativeResultsDirectory="9f88e723-39c7-4aad-a807-78097ef831c6" />
    <UnitTestResult executionId="84d52394-63f4-46e5-937c-23c9e09377a8" testId="2d5f5a5c-eeba-2f84-2780-227a752112a4" testName="VssServicingMessageHandler_ValidateHeader" computerName="TFSBUILD11" duration="00:00:00.1222096" startTime="2015-09-28T09:43:48.2042205-07:00" endTime="2015-09-28T09:43:48.3292311-07:00" testType="13cdc9d9-ddb5-4fa4-a97d-d965ccfc6d4b" outcome="Passed" testListId="8c84fa94-04c1-424b-9868-57a2d4851a1d" relativeResultsDirectory="84d52394-63f4-46e5-937c-23c9e09377a8" />
    <UnitTestResult executionId="37e16783-51e6-4841-8e0e-bcc806bd8a4a" testId="8c4b3cfc-191a-5690-2980-c5b491f219d4" testName="VssServicingMessageHandler_ValidateLowPriority" computerName="TFSBUILD11" duration="00:00:00.0022872" startTime="2015-09-28T09:43:48.3292311-07:00" endTime="2015-09-28T09:43:48.3292311-07:00" testType="13cdc9d9-ddb5-4fa4-a97d-d965ccfc6d4b" outcome="Passed" testListId="8c84fa94-04c1-424b-9868-57a2d4851a1d" relativeResultsDirectory="37e16783-51e6-4841-8e0e-bcc806bd8a4a" />
    <UnitTestResult executionId="a2c50c2c-c5cf-4621-95ff-2446da324371" testId="37f4e5db-b0ca-12f7-cfe8-c1db6047c98a" testName="StrongBoxStepPerformer_AddArray" computerName="TFSBUILD11" duration="00:00:00.0654118" startTime="2015-09-28T09:43:48.3292311-07:00" endTime="2015-09-28T09:43:48.4073596-07:00" testType="13cdc9d9-ddb5-4fa4-a97d-d965ccfc6d4b" outcome="Passed" testListId="8c84fa94-04c1-424b-9868-57a2d4851a1d" relativeResultsDirectory="a2c50c2c-c5cf-4621-95ff-2446da324371">
      <Output>
        <StdOut>Adding key=MyKey0 value=v0
Adding key=MyKey1 value=v1
Adding key=MyKey2 value=v2
Adding key=MyKey3 value=v3
Removing key=MyKey4
Removing key=MyKey5</StdOut>
      </Output>
    </UnitTestResult>
    <UnitTestResult executionId="4e07ff64-9daa-48f0-aa66-a1e1acfe2c2b" testId="98b8771c-2e8e-1aab-8925-8cc4dead5f5e" testName="StrongBoxStepPerformer_AddSingle" computerName="TFSBUILD11" duration="00:00:00.0091997" startTime="2015-09-28T09:43:48.4073596-07:00" endTime="2015-09-28T09:43:48.4073596-07:00" testType="13cdc9d9-ddb5-4fa4-a97d-d965ccfc6d4b" outcome="Passed" testListId="8c84fa94-04c1-424b-9868-57a2d4851a1d" relativeResultsDirectory="4e07ff64-9daa-48f0-aa66-a1e1acfe2c2b">
      <Output>
        <StdOut>Adding key=MyKey value=v0|v1|v2|v3</StdOut>
      </Output>
    </UnitTestResult>
    <UnitTestResult executionId="4efebc2d-9701-4c82-b560-a42dc328147c" testId="ba90e7d3-cf8f-2a0d-8ee5-09bccef97c6e" testName="ServicingHostProperties_SortByAccessTimeDesc" computerName="TFSBUILD11" duration="00:00:00.0016244" startTime="2015-09-28T09:43:48.4073596-07:00" endTime="2015-09-28T09:43:48.4073596-07:00" testType="13cdc9d9-ddb5-4fa4-a97d-d965ccfc6d4b" outcome="Passed" testListId="8c84fa94-04c1-424b-9868-57a2d4851a1d" relativeResultsDirectory="4efebc2d-9701-4c82-b560-a42dc328147c" />
    <UnitTestResult executionId="a4d975a3-676e-4190-8b45-a9361c86cf2a" testId="10599a2f-d92e-9ba1-e01e-d69cc9bd9006" testName="RegistryStepPerformer_SetRegistryValue" computerName="TFSBUILD11" duration="00:00:00.0170049" startTime="2015-09-28T09:43:48.4073596-07:00" endTime="2015-09-28T09:43:48.4229869-07:00" testType="13cdc9d9-ddb5-4fa4-a97d-d965ccfc6d4b" outcome="Passed" testListId="8c84fa94-04c1-424b-9868-57a2d4851a1d" relativeResultsDirectory="a4d975a3-676e-4190-8b45-a9361c86cf2a" />
    <UnitTestResult executionId="963fb2d2-058b-48ed-a161-c87fba672ef9" testId="946c5d0d-5ece-87d9-2787-4a11df79ca58" testName="RegistryStepPerformer_SetRegistryValues" computerName="TFSBUILD11" duration="00:00:00.0083691" startTime="2015-09-28T09:43:48.4229869-07:00" endTime="2015-09-28T09:43:48.4386113-07:00" testType="13cdc9d9-ddb5-4fa4-a97d-d965ccfc6d4b" outcome="Passed" testListId="8c84fa94-04c1-424b-9868-57a2d4851a1d" relativeResultsDirectory="963fb2d2-058b-48ed-a161-c87fba672ef9" />
    <UnitTestResult executionId="b0c4bf21-fa46-4d35-9cd4-82fbec836243" testId="562402fb-a1b0-c9e6-d054-fe01347f0856" testName="RegistryStepPerformer_RemoveRegistryEntries" computerName="TFSBUILD11" duration="00:00:00.0113791" startTime="2015-09-28T09:43:48.4386113-07:00" endTime="2015-09-28T09:43:48.4542394-07:00" testType="13cdc9d9-ddb5-4fa4-a97d-d965ccfc6d4b" outcome="Passed" testListId="8c84fa94-04c1-424b-9868-57a2d4851a1d" relativeResultsDirectory="b0c4bf21-fa46-4d35-9cd4-82fbec836243" />
    <UnitTestResult executionId="86d9a508-38a5-4883-a2e8-3f5a99648390" testId="88d305c9-06bf-2939-a518-35ea46789a67" testName="Servicing_GetServiceLevel_Transition" computerName="TFSBUILD11" duration="00:00:00.0106876" startTime="2015-09-28T09:43:48.4542394-07:00" endTime="2015-09-28T09:43:48.4542394-07:00" testType="13cdc9d9-ddb5-4fa4-a97d-d965ccfc6d4b" outcome="Passed" testListId="8c84fa94-04c1-424b-9868-57a2d4851a1d" relativeResultsDirectory="86d9a508-38a5-4883-a2e8-3f5a99648390" />
    <UnitTestResult executionId="6c12ad98-4063-4452-a8f8-ea99696363fa" testId="dbc81115-3ba4-db46-e8a0-b9ad0dcf1538" testName="Servicing_GetDeltaOperations_SingleServiceLevel" computerName="TFSBUILD11" duration="00:00:00.0227538" startTime="2015-09-28T09:43:48.4542394-07:00" endTime="2015-09-28T09:43:48.4854922-07:00" testType="13cdc9d9-ddb5-4fa4-a97d-d965ccfc6d4b" outcome="Passed" testListId="8c84fa94-04c1-424b-9868-57a2d4851a1d" relativeResultsDirectory="6c12ad98-4063-4452-a8f8-ea99696363fa" />
    <UnitTestResult executionId="8a30e113-9771-4741-b2b5-26a59f73227f" testId="16f3262a-b0fb-dfa0-b506-0d850425cc0a" testName="Servicing_GetDeltaOperations_GetServiceLevelFromMap" computerName="TFSBUILD11" duration="00:00:00.0038621" startTime="2015-09-28T09:43:48.4854922-07:00" endTime="2015-09-28T09:43:48.4854922-07:00" testType="13cdc9d9-ddb5-4fa4-a97d-d965ccfc6d4b" outcome="Passed" testListId="8c84fa94-04c1-424b-9868-57a2d4851a1d" relativeResultsDirectory="8a30e113-9771-4741-b2b5-26a59f73227f" />
    <UnitTestResult executionId="8a6ca4b1-44a3-4f0b-9aa7-0145becbe64c" testId="7445d50b-4248-8d68-915c-0c22310bcbfd" testName="Servicing_GetDeltaOperations_EmptyPrefix" computerName="TFSBUILD11" duration="00:00:00.0021973" startTime="2015-09-28T09:43:48.4854922-07:00" endTime="2015-09-28T09:43:48.4854922-07:00" testType="13cdc9d9-ddb5-4fa4-a97d-d965ccfc6d4b" outcome="Passed" testListId="8c84fa94-04c1-424b-9868-57a2d4851a1d" relativeResultsDirectory="8a6ca4b1-44a3-4f0b-9aa7-0145becbe64c" />
    <UnitTestResult executionId="fac3d956-63b8-4520-86cc-65c207ce11a8" testId="ad9e1168-cc62-f310-dc34-e7974fd2643a" testName="Servicing_GetDeltaOperations_PreAndPostStage" computerName="TFSBUILD11" duration="00:00:00.0023765" startTime="2015-09-28T09:43:48.4854922-07:00" endTime="2015-09-28T09:43:48.5011183-07:00" testType="13cdc9d9-ddb5-4fa4-a97d-d965ccfc6d4b" outcome="Passed" testListId="8c84fa94-04c1-424b-9868-57a2d4851a1d" relativeResultsDirectory="fac3d956-63b8-4520-86cc-65c207ce11a8" />
    <UnitTestResult executionId="2dc4f3e6-575c-47a5-a3d5-4c2ff1ec8c37" testId="240ed141-323a-ae4f-1c95-0afadfb3a9af" testName="Servicing_GetDeltaOperations_MultipleServiceLevels_Lockstep" computerName="TFSBUILD11" duration="00:00:00.0075767" startTime="2015-09-28T09:43:48.5011183-07:00" endTime="2015-09-28T09:43:48.5011183-07:00" testType="13cdc9d9-ddb5-4fa4-a97d-d965ccfc6d4b" outcome="Passed" testListId="8c84fa94-04c1-424b-9868-57a2d4851a1d" relativeResultsDirectory="2dc4f3e6-575c-47a5-a3d5-4c2ff1ec8c37" />
    <UnitTestResult executionId="7a6eaa8d-3007-490c-9f93-36d6e4004cc8" testId="fb1a8e29-0b27-1213-5481-fa017ec5fb20" testName="Servicing_GetDeltaOperations_MultipleServiceLevels_Partition_PatchOnly_Lockstep" computerName="TFSBUILD11" duration="00:00:00.0039859" startTime="2015-09-28T09:43:48.5011183-07:00" endTime="2015-09-28T09:43:48.5011183-07:00" testType="13cdc9d9-ddb5-4fa4-a97d-d965ccfc6d4b" outcome="Passed" testListId="8c84fa94-04c1-424b-9868-57a2d4851a1d" relativeResultsDirectory="7a6eaa8d-3007-490c-9f93-36d6e4004cc8" />
    <UnitTestResult executionId="e96386e7-9c97-4bbd-815d-2e972a251c59" testId="cb981858-4c78-d0dc-e20b-12766a2b4564" testName="Servicing_GetDeltaOperations_MultipleServiceLevels_Configuration_PatchOnly_Lockstep" computerName="TFSBUILD11" duration="00:00:00.0039759" startTime="2015-09-28T09:43:48.5011183-07:00" endTime="2015-09-28T09:43:48.5167438-07:00" testType="13cdc9d9-ddb5-4fa4-a97d-d965ccfc6d4b" outcome="Passed" testListId="8c84fa94-04c1-424b-9868-57a2d4851a1d" relativeResultsDirectory="e96386e7-9c97-4bbd-815d-2e972a251c59" />
    <UnitTestResult executionId="eebc5f54-cfee-43f0-86b6-90d8d285a629" testId="1f0dfb45-1413-5ee7-ab72-6d1611617921" testName="Servicing_GetDeltaOperations_MultipleServiceLevels_Independant" computerName="TFSBUILD11" duration="00:00:00.0041560" startTime="2015-09-28T09:43:48.5167438-07:00" endTime="2015-09-28T09:43:48.5167438-07:00" testType="13cdc9d9-ddb5-4fa4-a97d-d965ccfc6d4b" outcome="Passed" testListId="8c84fa94-04c1-424b-9868-57a2d4851a1d" relativeResultsDirectory="eebc5f54-cfee-43f0-86b6-90d8d285a629" />
    <UnitTestResult executionId="97c6c974-f9bd-4559-b9c6-c467261d6589" testId="aee657cc-49dc-11b2-da69-6b7b30b27f4d" testName="GetAccessControlEntries_DoesNotAllowNonSystemContext" computerName="TFSBUILD11" duration="00:00:00.0063800" startTime="2015-09-28T09:43:48.5167438-07:00" endTime="2015-09-28T09:43:48.5167438-07:00" testType="13cdc9d9-ddb5-4fa4-a97d-d965ccfc6d4b" outcome="Passed" testListId="8c84fa94-04c1-424b-9868-57a2d4851a1d" relativeResultsDirectory="97c6c974-f9bd-4559-b9c6-c467261d6589" />
    <UnitTestResult executionId="7728b1d1-0186-4e72-8455-bec093f67ade" testId="dad01e55-cf34-a972-bfeb-d2ec8709254d" testName="GetAccessControlEntries_ReturnsEmptyList_WhenRegistryValuesAreAbsent" computerName="TFSBUILD11" duration="00:00:00.0099330" startTime="2015-09-28T09:43:48.5167438-07:00" endTime="2015-09-28T09:43:48.5323682-07:00" testType="13cdc9d9-ddb5-4fa4-a97d-d965ccfc6d4b" outcome="Passed" testListId="8c84fa94-04c1-424b-9868-57a2d4851a1d" relativeResultsDirectory="7728b1d1-0186-4e72-8455-bec093f67ade" />
    <UnitTestResult executionId="fc0d7925-2f3a-4f26-9f03-757bc643901b" testId="61f081e1-d4cf-78ef-64a6-95631f27cad4" testName="GetAccessControlEntries_ReturnsEmptyList_WhenRegistryValuesArePresent_ButNotDeserializable" computerName="TFSBUILD11" duration="00:00:00.0601772" startTime="2015-09-28T09:43:48.5323682-07:00" endTime="2015-09-28T09:43:48.5948747-07:00" testType="13cdc9d9-ddb5-4fa4-a97d-d965ccfc6d4b" outcome="Passed" testListId="8c84fa94-04c1-424b-9868-57a2d4851a1d" relativeResultsDirectory="fc0d7925-2f3a-4f26-9f03-757bc643901b" />
    <UnitTestResult executionId="38bee31a-99b1-4fef-aa2c-22eaa056a1ea" testId="d11eadf7-ef60-53d8-f1b1-8ebef6071a90" testName="GetAccessControlEntries_ReturnsCorrectEntries_WhenRegistryValuesArePresent" computerName="TFSBUILD11" duration="00:00:00.0888833" startTime="2015-09-28T09:43:48.5948747-07:00" endTime="2015-09-28T09:43:48.6730052-07:00" testType="13cdc9d9-ddb5-4fa4-a97d-d965ccfc6d4b" outcome="Passed" testListId="8c84fa94-04c1-424b-9868-57a2d4851a1d" relativeResultsDirectory="38bee31a-99b1-4fef-aa2c-22eaa056a1ea" />
    <UnitTestResult executionId="0dfe5ef3-6cc8-43dd-b150-25cbcf2a14be" testId="fcade261-cad7-982e-9628-eca3a14a43d5" testName="GetAllAccessControlEntries_DoesNotAllowNonSystemContext" computerName="TFSBUILD11" duration="00:00:00.0054288" startTime="2015-09-28T09:43:48.6730052-07:00" endTime="2015-09-28T09:43:48.6886313-07:00" testType="13cdc9d9-ddb5-4fa4-a97d-d965ccfc6d4b" outcome="Passed" testListId="8c84fa94-04c1-424b-9868-57a2d4851a1d" relativeResultsDirectory="0dfe5ef3-6cc8-43dd-b150-25cbcf2a14be" />
    <UnitTestResult executionId="b7ee5b25-1588-4a41-8b31-5f57e6a76adb" testId="ab19d38a-3129-7f36-1c82-9ad45d589059" testName="GetAllAccessControlEntries_ReturnsCorrectEntries_WhenRegistryValuesArePresent" computerName="TFSBUILD11" duration="00:00:00.0125197" startTime="2015-09-28T09:43:48.6886313-07:00" endTime="2015-09-28T09:43:48.7042574-07:00" testType="13cdc9d9-ddb5-4fa4-a97d-d965ccfc6d4b" outcome="Passed" testListId="8c84fa94-04c1-424b-9868-57a2d4851a1d" relativeResultsDirectory="b7ee5b25-1588-4a41-8b31-5f57e6a76adb" />
    <UnitTestResult executionId="d3622ae3-a8fe-44b4-a661-2cb28f4f78fa" testId="a1be8dde-aa4e-ed9a-6cf7-f5cf02ce0c83" testName="GetAllAccessControlEntries_SkipsMalformedRegistryEntries" computerName="TFSBUILD11" duration="00:00:00.0058709" startTime="2015-09-28T09:43:48.7042574-07:00" endTime="2015-09-28T09:43:48.7042574-07:00" testType="13cdc9d9-ddb5-4fa4-a97d-d965ccfc6d4b" outcome="Passed" testListId="8c84fa94-04c1-424b-9868-57a2d4851a1d" relativeResultsDirectory="d3622ae3-a8fe-44b4-a661-2cb28f4f78fa" />
    <UnitTestResult executionId="32f78dba-60f7-452e-863e-046b28080d4d" testId="3734ea2c-b524-2666-0bba-aaeaa0c2224e" testName="DeleteAccessControlEntries_DoesNotAllowNonSystemContext" computerName="TFSBUILD11" duration="00:00:00.0104535" startTime="2015-09-28T09:43:48.7042574-07:00" endTime="2015-09-28T09:43:48.7198818-07:00" testType="13cdc9d9-ddb5-4fa4-a97d-d965ccfc6d4b" outcome="Passed" testListId="8c84fa94-04c1-424b-9868-57a2d4851a1d" relativeResultsDirectory="32f78dba-60f7-452e-863e-046b28080d4d" />
    <UnitTestResult executionId="93eaa340-73ea-4e73-be0f-78826ad0ff6a" testId="c7f7279f-92ca-0db8-3a29-cc91d225ff5b" testName="DeleteAccessControlEntries_Throws_WhenPassedInAcesIdsAreInvalid" computerName="TFSBUILD11" duration="00:00:00.0093365" startTime="2015-09-28T09:43:48.7198818-07:00" endTime="2015-09-28T09:43:48.7198818-07:00" testType="13cdc9d9-ddb5-4fa4-a97d-d965ccfc6d4b" outcome="Passed" testListId="8c84fa94-04c1-424b-9868-57a2d4851a1d" relativeResultsDirectory="93eaa340-73ea-4e73-be0f-78826ad0ff6a" />
    <UnitTestResult executionId="a6b99eee-8340-404d-9521-8f00ce01f814" testId="3d1a59e1-e8e9-c564-efb8-988196980294" testName="DeleteAccessControlEntries_GetsExclusiveLock" computerName="TFSBUILD11" duration="00:00:00.0335356" startTime="2015-09-28T09:43:48.7198818-07:00" endTime="2015-09-28T09:43:48.7667602-07:00" testType="13cdc9d9-ddb5-4fa4-a97d-d965ccfc6d4b" outcome="Passed" testListId="8c84fa94-04c1-424b-9868-57a2d4851a1d" relativeResultsDirectory="a6b99eee-8340-404d-9521-8f00ce01f814" />
    <UnitTestResult executionId="fb04ae33-5978-42c5-96f1-d1ab44b95306" testId="12174af7-1aa7-6489-2f6b-dcb2bfb1dcea" testName="DeleteAccessControlEntries_OverwritesExistingAcesMinusTheRequestedEntriesToDelete" computerName="TFSBUILD11" duration="00:00:00.0064150" startTime="2015-09-28T09:43:48.7667602-07:00" endTime="2015-09-28T09:43:48.7667602-07:00" testType="13cdc9d9-ddb5-4fa4-a97d-d965ccfc6d4b" outcome="Passed" testListId="8c84fa94-04c1-424b-9868-57a2d4851a1d" relativeResultsDirectory="fb04ae33-5978-42c5-96f1-d1ab44b95306" />
    <UnitTestResult executionId="9fb90fbc-dd12-4fb6-8028-ae9d24ac6f2c" testId="cc18cd7d-e174-9083-8ab1-740d3946988d" testName="DeleteAllAccessControlEntries_DoesNotAllowNonSystemContext" computerName="TFSBUILD11" duration="00:00:00.0059940" startTime="2015-09-28T09:43:48.7667602-07:00" endTime="2015-09-28T09:43:48.7667602-07:00" testType="13cdc9d9-ddb5-4fa4-a97d-d965ccfc6d4b" outcome="Passed" testListId="8c84fa94-04c1-424b-9868-57a2d4851a1d" relativeResultsDirectory="9fb90fbc-dd12-4fb6-8028-ae9d24ac6f2c" />
    <UnitTestResult executionId="127b0b4f-634b-498d-9875-9b3f8775c955" testId="8388c3dd-555b-396b-2774-0ef09d4afaa4" testName="DeleteAllAccessControlEntries_GetsExclusiveLock" computerName="TFSBUILD11" duration="00:00:00.0089366" startTime="2015-09-28T09:43:48.7667602-07:00" endTime="2015-09-28T09:43:48.7823869-07:00" testType="13cdc9d9-ddb5-4fa4-a97d-d965ccfc6d4b" outcome="Passed" testListId="8c84fa94-04c1-424b-9868-57a2d4851a1d" relativeResultsDirectory="127b0b4f-634b-498d-9875-9b3f8775c955" />
    <UnitTestResult executionId="4b8319c0-5069-440d-996e-8a57b931f975" testId="2a6d5b61-cd9a-6abc-61ab-bb0b62b24199" testName="DeleteAllAccessControlEntries_DeletesAllEntries" computerName="TFSBUILD11" duration="00:00:00.0066875" startTime="2015-09-28T09:43:48.7823869-07:00" endTime="2015-09-28T09:43:48.7823869-07:00" testType="13cdc9d9-ddb5-4fa4-a97d-d965ccfc6d4b" outcome="Passed" testListId="8c84fa94-04c1-424b-9868-57a2d4851a1d" relativeResultsDirectory="4b8319c0-5069-440d-996e-8a57b931f975" />
    <UnitTestResult executionId="9e1dc29a-6668-4128-8071-89da15440fe3" testId="32bbf436-0e5b-843b-7ab7-3a57401f4700" testName="SetAccessControlEntries_DoesNotAllowNonSystemContext" computerName="TFSBUILD11" duration="00:00:00.0062637" startTime="2015-09-28T09:43:48.7823869-07:00" endTime="2015-09-28T09:43:48.7980135-07:00" testType="13cdc9d9-ddb5-4fa4-a97d-d965ccfc6d4b" outcome="Passed" testListId="8c84fa94-04c1-424b-9868-57a2d4851a1d" relativeResultsDirectory="9e1dc29a-6668-4128-8071-89da15440fe3" />
    <UnitTestResult executionId="de65d5ec-f500-414b-8b42-ed714f8a1d44" testId="3f95f0d4-b44f-b2f4-4e4d-b4003a210fdb" testName="SetAccessControlEntries_Throws_WhenPassedInAcesAreInvalid" computerName="TFSBUILD11" duration="00:00:00.0074817" startTime="2015-09-28T09:43:48.7980135-07:00" endTime="2015-09-28T09:43:48.7980135-07:00" testType="13cdc9d9-ddb5-4fa4-a97d-d965ccfc6d4b" outcome="Passed" testListId="8c84fa94-04c1-424b-9868-57a2d4851a1d" relativeResultsDirectory="de65d5ec-f500-414b-8b42-ed714f8a1d44" />
    <UnitTestResult executionId="1b2e3f1a-4ed9-492d-a154-d953e13750de" testId="1d1efc31-4771-d0b5-5309-a9e3cde04e44" testName="SetAccessControlEntries_GetsExclusiveLock" computerName="TFSBUILD11" duration="00:00:00.0122521" startTime="2015-09-28T09:43:48.7980135-07:00" endTime="2015-09-28T09:43:48.8136379-07:00" testType="13cdc9d9-ddb5-4fa4-a97d-d965ccfc6d4b" outcome="Passed" testListId="8c84fa94-04c1-424b-9868-57a2d4851a1d" relativeResultsDirectory="1b2e3f1a-4ed9-492d-a154-d953e13750de" />
    <UnitTestResult executionId="97eb734d-930d-411e-a222-c2e07eacc764" testId="3d06933c-cfc4-02ea-9ea6-6e4c6965cdaa" testName="SetAccessControlEntries_OverwritesExistingAces_WhenRequestIsToNotMerge" computerName="TFSBUILD11" duration="00:00:00.0075434" startTime="2015-09-28T09:43:48.8136379-07:00" endTime="2015-09-28T09:43:48.8292640-07:00" testType="13cdc9d9-ddb5-4fa4-a97d-d965ccfc6d4b" outcome="Passed" testListId="8c84fa94-04c1-424b-9868-57a2d4851a1d" relativeResultsDirectory="97eb734d-930d-411e-a222-c2e07eacc764" />
    <UnitTestResult executionId="60a5eff1-a323-417e-a0ff-816e0e3534fc" testId="41250e9c-ab64-2642-feaa-7193bda27bc0" testName="SetAccessControlEntries_MergesAndStoresAces_WhenRequestIsToMerge" computerName="TFSBUILD11" duration="00:00:00.0116474" startTime="2015-09-28T09:43:48.8292640-07:00" endTime="2015-09-28T09:43:48.8292640-07:00" testType="13cdc9d9-ddb5-4fa4-a97d-d965ccfc6d4b" outcome="Passed" testListId="8c84fa94-04c1-424b-9868-57a2d4851a1d" relativeResultsDirectory="60a5eff1-a323-417e-a0ff-816e0e3534fc" />
    <UnitTestResult executionId="8f190011-6281-4cb8-a99c-23572e49f9fb" testId="8b9d10a0-9b2d-164c-a150-1aee0ebe6211" testName="SetAccessControlEntry_DoesNotAllowNonSystemContext" computerName="TFSBUILD11" duration="00:00:00.0067450" startTime="2015-09-28T09:43:48.8292640-07:00" endTime="2015-09-28T09:43:48.8448916-07:00" testType="13cdc9d9-ddb5-4fa4-a97d-d965ccfc6d4b" outcome="Passed" testListId="8c84fa94-04c1-424b-9868-57a2d4851a1d" relativeResultsDirectory="8f190011-6281-4cb8-a99c-23572e49f9fb" />
    <UnitTestResult executionId="3a0e0fb1-ff78-4008-98c4-baa696837dab" testId="777478fb-a1ba-d4f0-c165-62a306f6ac21" testName="SetAccessControlEntry_Throws_WhenPassedInAceIsInvalid" computerName="TFSBUILD11" duration="00:00:00.0180092" startTime="2015-09-28T09:43:48.8448916-07:00" endTime="2015-09-28T09:43:48.8605166-07:00" testType="13cdc9d9-ddb5-4fa4-a97d-d965ccfc6d4b" outcome="Passed" testListId="8c84fa94-04c1-424b-9868-57a2d4851a1d" relativeResultsDirectory="3a0e0fb1-ff78-4008-98c4-baa696837dab" />
    <UnitTestResult executionId="760af42d-0c6a-4cc0-af9d-c16df6540000" testId="cf44f3c0-3b0f-3402-21e8-bbdce962fe65" testName="SetAccessControlEntry_DelegatesToSetAccessControlEntries" computerName="TFSBUILD11" duration="00:00:00.0166038" startTime="2015-09-28T09:43:48.8605166-07:00" endTime="2015-09-28T09:43:48.8761429-07:00" testType="13cdc9d9-ddb5-4fa4-a97d-d965ccfc6d4b" outcome="Passed" testListId="8c84fa94-04c1-424b-9868-57a2d4851a1d" relativeResultsDirectory="760af42d-0c6a-4cc0-af9d-c16df6540000" />
    <UnitTestResult executionId="cf4f1e38-37bb-4057-abd0-974ad50c8fd9" testId="47927386-05d2-0e51-17d3-6daeb5e2f29c" testName="SecurityServiceHelpers_WithModule_ExcludesPermissions" computerName="TFSBUILD11" duration="00:00:00.0292900" startTime="2015-09-28T09:43:48.8761429-07:00" endTime="2015-09-28T09:43:48.9073949-07:00" testType="13cdc9d9-ddb5-4fa4-a97d-d965ccfc6d4b" outcome="Passed" testListId="8c84fa94-04c1-424b-9868-57a2d4851a1d" relativeResultsDirectory="cf4f1e38-37bb-4057-abd0-974ad50c8fd9" />
    <UnitTestResult executionId="28a4c27f-c0df-4ebb-931d-afe6646d7dad" testId="5d0cbccd-7abb-5fe0-9d3c-c5e98ce802e8" testName="SecurityServiceHelpers_WithModule_IncludesPermissions" computerName="TFSBUILD11" duration="00:00:00.0129194" startTime="2015-09-28T09:43:48.9073949-07:00" endTime="2015-09-28T09:43:48.9230213-07:00" testType="13cdc9d9-ddb5-4fa4-a97d-d965ccfc6d4b" outcome="Passed" testListId="8c84fa94-04c1-424b-9868-57a2d4851a1d" relativeResultsDirectory="28a4c27f-c0df-4ebb-931d-afe6646d7dad" />
    <UnitTestResult executionId="9a24aff0-aceb-4a11-b4a8-d0af2c95e16f" testId="d8b06a61-0f67-c51a-cb88-40be2d667051" testName="StakeholderLicensePrototypeModule_DoesNotApplyAtDeploymentLevel" computerName="TFSBUILD11" duration="00:00:00.0130682" startTime="2015-09-28T09:43:48.9230213-07:00" endTime="2015-09-28T09:43:48.9386474-07:00" testType="13cdc9d9-ddb5-4fa4-a97d-d965ccfc6d4b" outcome="Passed" testListId="8c84fa94-04c1-424b-9868-57a2d4851a1d" relativeResultsDirectory="9a24aff0-aceb-4a11-b4a8-d0af2c95e16f" />
    <UnitTestResult executionId="7b3b8b48-cc3f-46de-886f-d6e7515f1761" testId="56d65e3d-37f5-67bf-9a40-73b3135e96a9" testName="StakeholderLicensePrototypeModule_DoesNotApplyWhenIgnoreFlagIsSet" computerName="TFSBUILD11" duration="00:00:00.0121895" startTime="2015-09-28T09:43:48.9386474-07:00" endTime="2015-09-28T09:43:48.9542738-07:00" testType="13cdc9d9-ddb5-4fa4-a97d-d965ccfc6d4b" outcome="Passed" testListId="8c84fa94-04c1-424b-9868-57a2d4851a1d" relativeResultsDirectory="7b3b8b48-cc3f-46de-886f-d6e7515f1761" />
    <UnitTestResult executionId="4e858124-95d8-402f-9bbe-806e33a35206" testId="34ede460-2066-97af-472e-7202a9f3c691" testName="StakeholderLicensePrototypeModule_DoesNotApplyToNonUsers" computerName="TFSBUILD11" duration="00:00:00.0121562" startTime="2015-09-28T09:43:48.9542738-07:00" endTime="2015-09-28T09:43:48.9542738-07:00" testType="13cdc9d9-ddb5-4fa4-a97d-d965ccfc6d4b" outcome="Passed" testListId="8c84fa94-04c1-424b-9868-57a2d4851a1d" relativeResultsDirectory="4e858124-95d8-402f-9bbe-806e33a35206" />
    <UnitTestResult executionId="d075f01f-f22d-4d8d-99d0-d79673a128db" testId="15bf33b9-0848-cae3-57c7-ca02de8f9bdd" testName="StakeholderLicensePrototypeModule_DoesNotApplyToNonStakeholders" computerName="TFSBUILD11" duration="00:00:00.0388237" startTime="2015-09-28T09:43:48.9542738-07:00" endTime="2015-09-28T09:43:49.0011527-07:00" testType="13cdc9d9-ddb5-4fa4-a97d-d965ccfc6d4b" outcome="Passed" testListId="8c84fa94-04c1-424b-9868-57a2d4851a1d" relativeResultsDirectory="d075f01f-f22d-4d8d-99d0-d79673a128db" />
    <UnitTestResult executionId="f75599c7-cdfd-4386-9044-02948345e307" testId="4f78af82-914e-1b48-1f07-bc275100ff85" testName="StakeholderLicensePrototypeModule_WithNoAces" computerName="TFSBUILD11" duration="00:00:00.0214322" startTime="2015-09-28T09:43:49.0011527-07:00" endTime="2015-09-28T09:43:49.0167782-07:00" testType="13cdc9d9-ddb5-4fa4-a97d-d965ccfc6d4b" outcome="Passed" testListId="8c84fa94-04c1-424b-9868-57a2d4851a1d" relativeResultsDirectory="f75599c7-cdfd-4386-9044-02948345e307" />
    <UnitTestResult executionId="015ea3c8-b079-42b3-b965-52b5f56d1e0e" testId="6fbdc8f8-e1da-fa3a-3784-69d6ab74e9f2" testName="StakeholderLicensePrototypeModule_WithOneAce" computerName="TFSBUILD11" duration="00:00:00.0161638" startTime="2015-09-28T09:43:49.0167782-07:00" endTime="2015-09-28T09:43:49.0324055-07:00" testType="13cdc9d9-ddb5-4fa4-a97d-d965ccfc6d4b" outcome="Passed" testListId="8c84fa94-04c1-424b-9868-57a2d4851a1d" relativeResultsDirectory="015ea3c8-b079-42b3-b965-52b5f56d1e0e" />
    <UnitTestResult executionId="efc4f11a-d572-4df6-84d1-b7435a537335" testId="6aab3287-15df-38ad-fe3a-e9018e117dbe" testName="StakeholderLicensePrototypeModule_WithTwoAces" computerName="TFSBUILD11" duration="00:00:00.0158019" startTime="2015-09-28T09:43:49.0324055-07:00" endTime="2015-09-28T09:43:49.0480324-07:00" testType="13cdc9d9-ddb5-4fa4-a97d-d965ccfc6d4b" outcome="Passed" testListId="8c84fa94-04c1-424b-9868-57a2d4851a1d" relativeResultsDirectory="efc4f11a-d572-4df6-84d1-b7435a537335" />
    <UnitTestResult executionId="ae0074c8-e4ee-41e7-90ee-7f205321a37f" testId="7dbe1ae9-be87-b7d4-0c91-83ea0844c6c9" testName="StakeholderLicensePrototypeModule_ExcludesOtherSubjects" computerName="TFSBUILD11" duration="00:00:00.0180334" startTime="2015-09-28T09:43:49.0480324-07:00" endTime="2015-09-28T09:43:49.0792830-07:00" testType="13cdc9d9-ddb5-4fa4-a97d-d965ccfc6d4b" outcome="Passed" testListId="8c84fa94-04c1-424b-9868-57a2d4851a1d" relativeResultsDirectory="ae0074c8-e4ee-41e7-90ee-7f205321a37f" />
    <UnitTestResult executionId="ba222331-dc9c-4222-b7d1-044f037916a2" testId="79f6feb6-c5a9-366d-abda-dc81533dbabf" testName="RegistryExtensionsTests_ReadEntries" computerName="TFSBUILD11" duration="00:00:00.0102900" startTime="2015-09-28T09:43:49.0792830-07:00" endTime="2015-09-28T09:43:49.0792830-07:00" testType="13cdc9d9-ddb5-4fa4-a97d-d965ccfc6d4b" outcome="Passed" testListId="8c84fa94-04c1-424b-9868-57a2d4851a1d" relativeResultsDirectory="ba222331-dc9c-4222-b7d1-044f037916a2" />
    <UnitTestResult executionId="e2e2a642-8420-4bf6-bf98-febd647cfa88" testId="2086c111-8f78-0312-b271-ea65e0643fdd" testName="RegistryPathTests_CheckPath" computerName="TFSBUILD11" duration="00:00:00.0127547" startTime="2015-09-28T09:43:49.0792830-07:00" endTime="2015-09-28T09:43:49.0949091-07:00" testType="13cdc9d9-ddb5-4fa4-a97d-d965ccfc6d4b" outcome="Passed" testListId="8c84fa94-04c1-424b-9868-57a2d4851a1d" relativeResultsDirectory="e2e2a642-8420-4bf6-bf98-febd647cfa88" />
    <UnitTestResult executionId="91d36e5c-75d9-49b9-99cc-f2881e1ce0af" testId="63273116-addf-eeb8-36f1-086a620601c2" testName="RegistryPathTests_ParsePath" computerName="TFSBUILD11" duration="00:00:00.0025016" startTime="2015-09-28T09:43:49.0949091-07:00" endTime="2015-09-28T09:43:49.0949091-07:00" testType="13cdc9d9-ddb5-4fa4-a97d-d965ccfc6d4b" outcome="Passed" testListId="8c84fa94-04c1-424b-9868-57a2d4851a1d" relativeResultsDirectory="91d36e5c-75d9-49b9-99cc-f2881e1ce0af" />
    <UnitTestResult executionId="908f84b6-4d70-421c-b824-b6d583775458" testId="157a288c-a998-9279-21f0-f41667cf4c84" testName="RegistryServiceCacheTests_InsertReadCachablePath" computerName="TFSBUILD11" duration="00:00:00.0910211" startTime="2015-09-28T09:43:49.0949091-07:00" endTime="2015-09-28T09:43:49.2199168-07:00" testType="13cdc9d9-ddb5-4fa4-a97d-d965ccfc6d4b" outcome="Passed" testListId="8c84fa94-04c1-424b-9868-57a2d4851a1d" relativeResultsDirectory="908f84b6-4d70-421c-b824-b6d583775458" />
    <UnitTestResult executionId="476151d4-bdb9-4283-bfcc-dd8c2895a17f" testId="0b27050b-2c53-1e5b-16b1-f5c929fb19c5" testName="RegistryServiceCacheTests_InsertReadCachablePathReadEntries" computerName="TFSBUILD11" duration="00:00:00.0015786" startTime="2015-09-28T09:43:49.2199168-07:00" endTime="2015-09-28T09:43:49.2199168-07:00" testType="13cdc9d9-ddb5-4fa4-a97d-d965ccfc6d4b" outcome="Passed" testListId="8c84fa94-04c1-424b-9868-57a2d4851a1d" relativeResultsDirectory="476151d4-bdb9-4283-bfcc-dd8c2895a17f" />
    <UnitTestResult executionId="c1f7521c-4f14-44dc-a341-b48a3409b2db" testId="9ea8ee1d-586b-a634-d6ad-642a2699b4f2" testName="RegistryServiceCacheTests_InsertReadNonCachable" computerName="TFSBUILD11" duration="00:00:00.0007560" startTime="2015-09-28T09:43:49.2199168-07:00" endTime="2015-09-28T09:43:49.2199168-07:00" testType="13cdc9d9-ddb5-4fa4-a97d-d965ccfc6d4b" outcome="Passed" testListId="8c84fa94-04c1-424b-9868-57a2d4851a1d" relativeResultsDirectory="c1f7521c-4f14-44dc-a341-b48a3409b2db" />
    <UnitTestResult executionId="539bdc3f-fc62-456e-bd17-dc727e3b1b5d" testId="a911a050-966e-2cdc-5e55-2ef32a4de570" testName="RegistryServiceCacheTests_InsertReadSpecialChars" computerName="TFSBUILD11" duration="00:00:00.0020272" startTime="2015-09-28T09:43:49.2199168-07:00" endTime="2015-09-28T09:43:49.2199168-07:00" testType="13cdc9d9-ddb5-4fa4-a97d-d965ccfc6d4b" outcome="Passed" testListId="8c84fa94-04c1-424b-9868-57a2d4851a1d" relativeResultsDirectory="539bdc3f-fc62-456e-bd17-dc727e3b1b5d" />
    <UnitTestResult executionId="43cc02d0-19bc-4df0-a300-f1b265117e06" testId="e5a250aa-8d0c-436e-49a9-02dc90cf1b47" testName="RegistryServiceCacheTests_InsertUpdateSpecialChars" computerName="TFSBUILD11" duration="00:00:00.0009545" startTime="2015-09-28T09:43:49.2199168-07:00" endTime="2015-09-28T09:43:49.2199168-07:00" testType="13cdc9d9-ddb5-4fa4-a97d-d965ccfc6d4b" outcome="Passed" testListId="8c84fa94-04c1-424b-9868-57a2d4851a1d" relativeResultsDirectory="43cc02d0-19bc-4df0-a300-f1b265117e06" />
    <UnitTestResult executionId="204875d7-ba80-432e-99de-83738c885495" testId="2dc58d14-a9a5-ddbc-54d4-76203dfb78bd" testName="RegistryServiceCacheTests_ReadCachableTwice" computerName="TFSBUILD11" duration="00:00:00.0012396" startTime="2015-09-28T09:43:49.2199168-07:00" endTime="2015-09-28T09:43:49.2199168-07:00" testType="13cdc9d9-ddb5-4fa4-a97d-d965ccfc6d4b" outcome="Passed" testListId="8c84fa94-04c1-424b-9868-57a2d4851a1d" relativeResultsDirectory="204875d7-ba80-432e-99de-83738c885495" />
    <UnitTestResult executionId="40d39bb8-6a15-426f-aa81-3cbb1ba2ee20" testId="9842e6f4-7dcd-9b8b-9f51-8eaa5f0a40c6" testName="RegistryServiceCacheTests_ReadUpdatePath" computerName="TFSBUILD11" duration="00:00:00.0008243" startTime="2015-09-28T09:43:49.2199168-07:00" endTime="2015-09-28T09:43:49.2199168-07:00" testType="13cdc9d9-ddb5-4fa4-a97d-d965ccfc6d4b" outcome="Passed" testListId="8c84fa94-04c1-424b-9868-57a2d4851a1d" relativeResultsDirectory="40d39bb8-6a15-426f-aa81-3cbb1ba2ee20" />
    <UnitTestResult executionId="a9814dcd-f742-428d-976e-10c35c0c227d" testId="da66538f-5010-098e-1191-1679852aff41" testName="RegistryServiceCacheTests_ReadOverloads" computerName="TFSBUILD11" duration="00:00:00.0011781" startTime="2015-09-28T09:43:49.2199168-07:00" endTime="2015-09-28T09:43:49.2199168-07:00" testType="13cdc9d9-ddb5-4fa4-a97d-d965ccfc6d4b" outcome="Passed" testListId="8c84fa94-04c1-424b-9868-57a2d4851a1d" relativeResultsDirectory="a9814dcd-f742-428d-976e-10c35c0c227d" />
    <UnitTestResult executionId="0b4a6313-d0cc-466b-8ce8-6fcc2af9df70" testId="d089f6b6-3e38-5ce3-cb2c-6a27171a9b44" testName="RegistryServiceCacheTests_FeatureAvailability" computerName="TFSBUILD11" duration="00:00:00.0113200" startTime="2015-09-28T09:43:49.2199168-07:00" endTime="2015-09-28T09:43:49.2355469-07:00" testType="13cdc9d9-ddb5-4fa4-a97d-d965ccfc6d4b" outcome="Passed" testListId="8c84fa94-04c1-424b-9868-57a2d4851a1d" relativeResultsDirectory="0b4a6313-d0cc-466b-8ce8-6fcc2af9df70" />
    <UnitTestResult executionId="e02d40d8-a15f-47a8-955a-b380724ff5f1" testId="b21f750c-0e45-08bb-6e16-e1fb863a3a68" testName="RegistryTests_SetValue" computerName="TFSBUILD11" duration="00:00:00.0026060" startTime="2015-09-28T09:43:49.2355469-07:00" endTime="2015-09-28T09:43:49.2355469-07:00" testType="13cdc9d9-ddb5-4fa4-a97d-d965ccfc6d4b" outcome="Passed" testListId="8c84fa94-04c1-424b-9868-57a2d4851a1d" relativeResultsDirectory="e02d40d8-a15f-47a8-955a-b380724ff5f1" />
    <UnitTestResult executionId="34393f8b-6670-4cd1-aaf9-53c0a9426622" testId="7e5ccf92-fbc3-ec7c-a63f-616b2ea29c30" testName="RegistryTests_NullAndEmptyStrings" computerName="TFSBUILD11" duration="00:00:00.0012680" startTime="2015-09-28T09:43:49.2355469-07:00" endTime="2015-09-28T09:43:49.2355469-07:00" testType="13cdc9d9-ddb5-4fa4-a97d-d965ccfc6d4b" outcome="Passed" testListId="8c84fa94-04c1-424b-9868-57a2d4851a1d" relativeResultsDirectory="34393f8b-6670-4cd1-aaf9-53c0a9426622" />
    <UnitTestResult executionId="e0915981-fde0-468e-b551-d31e33b26cf1" testId="757ab5eb-4eef-e8d9-85a7-3c190da44d22" testName="TranslateWildCard_DoubleSlashEscaped" computerName="TFSBUILD11" duration="00:00:00.0046836" startTime="2015-09-28T09:43:49.2355469-07:00" endTime="2015-09-28T09:43:49.2511722-07:00" testType="13cdc9d9-ddb5-4fa4-a97d-d965ccfc6d4b" outcome="Passed" testListId="8c84fa94-04c1-424b-9868-57a2d4851a1d" relativeResultsDirectory="e0915981-fde0-468e-b551-d31e33b26cf1" />
    <UnitTestResult executionId="c9a72988-46c4-46af-82ce-6b0c38418380" testId="921188e5-b4ce-5361-e76d-da8aca704241" testName="TranslateWildCard_TwoWildCard" computerName="TFSBUILD11" duration="00:00:00.0003635" startTime="2015-09-28T09:43:49.2511722-07:00" endTime="2015-09-28T09:43:49.2511722-07:00" testType="13cdc9d9-ddb5-4fa4-a97d-d965ccfc6d4b" outcome="Passed" testListId="8c84fa94-04c1-424b-9868-57a2d4851a1d" relativeResultsDirectory="c9a72988-46c4-46af-82ce-6b0c38418380" />
    <UnitTestResult executionId="4b569ce9-02b6-49c1-bdcb-ae3ed85bba5d" testId="401905b8-8b76-0ca4-2f29-ed10bb12c682" testName="TranslateWildCard_WildCardPatterns" computerName="TFSBUILD11" duration="00:00:00.0004337" startTime="2015-09-28T09:43:49.2511722-07:00" endTime="2015-09-28T09:43:49.2511722-07:00" testType="13cdc9d9-ddb5-4fa4-a97d-d965ccfc6d4b" outcome="Passed" testListId="8c84fa94-04c1-424b-9868-57a2d4851a1d" relativeResultsDirectory="4b569ce9-02b6-49c1-bdcb-ae3ed85bba5d" />
    <UnitTestResult executionId="85bf07ae-6562-4025-826a-2be11fccda2b" testId="86ec0385-7c23-0aa6-e521-592e4047cbc8" testName="TranslateWildCard_WildCardPatternsWithEscape" computerName="TFSBUILD11" duration="00:00:00.0004169" startTime="2015-09-28T09:43:49.2511722-07:00" endTime="2015-09-28T09:43:49.2511722-07:00" testType="13cdc9d9-ddb5-4fa4-a97d-d965ccfc6d4b" outcome="Passed" testListId="8c84fa94-04c1-424b-9868-57a2d4851a1d" relativeResultsDirectory="85bf07ae-6562-4025-826a-2be11fccda2b" />
    <UnitTestResult executionId="2f6bfe39-36c6-444a-8bb4-5c3d3b8695ec" testId="e11e8c1f-4507-5425-2e94-4a00e535338a" testName="TranslateWildCard_SqlMatchingCharactersWithoutWildCard" computerName="TFSBUILD11" duration="00:00:00.0003413" startTime="2015-09-28T09:43:49.2511722-07:00" endTime="2015-09-28T09:43:49.2511722-07:00" testType="13cdc9d9-ddb5-4fa4-a97d-d965ccfc6d4b" outcome="Passed" testListId="8c84fa94-04c1-424b-9868-57a2d4851a1d" relativeResultsDirectory="2f6bfe39-36c6-444a-8bb4-5c3d3b8695ec" />
    <UnitTestResult executionId="8fba0f8b-9269-4592-bdeb-fea2512da0bd" testId="04e37c3c-41bb-b331-e223-33f1635762af" testName="TranslateWildCard_SqlMatchingCharactersWithWildCard" computerName="TFSBUILD11" duration="00:00:00.0003401" startTime="2015-09-28T09:43:49.2511722-07:00" endTime="2015-09-28T09:43:49.2511722-07:00" testType="13cdc9d9-ddb5-4fa4-a97d-d965ccfc6d4b" outcome="Passed" testListId="8c84fa94-04c1-424b-9868-57a2d4851a1d" relativeResultsDirectory="8fba0f8b-9269-4592-bdeb-fea2512da0bd" />
    <UnitTestResult executionId="80c7ae21-3e3d-4cde-8ed6-41ba2573a05d" testId="ef07175c-53ab-28b4-8623-bada2f2b31fa" testName="TranslateWildCard_InvalidEscapeCharacter" computerName="TFSBUILD11" duration="00:00:00.0008695" startTime="2015-09-28T09:43:49.2511722-07:00" endTime="2015-09-28T09:43:49.2511722-07:00" testType="13cdc9d9-ddb5-4fa4-a97d-d965ccfc6d4b" outcome="Passed" testListId="8c84fa94-04c1-424b-9868-57a2d4851a1d" relativeResultsDirectory="80c7ae21-3e3d-4cde-8ed6-41ba2573a05d" />
    <UnitTestResult executionId="959d3da2-5e3b-496b-937d-74d516380445" testId="f38f9071-63cb-6696-f986-f11152e5b5b5" testName="Validate_ZeroAllVersionsAllowed" computerName="TFSBUILD11" duration="00:00:00.0014808" startTime="2015-09-28T09:43:49.2511722-07:00" endTime="2015-09-28T09:43:49.2511722-07:00" testType="13cdc9d9-ddb5-4fa4-a97d-d965ccfc6d4b" outcome="Passed" testListId="8c84fa94-04c1-424b-9868-57a2d4851a1d" relativeResultsDirectory="959d3da2-5e3b-496b-937d-74d516380445" />
    <UnitTestResult executionId="effdcfa3-d203-46ec-b4bf-c0fc4853118e" testId="c3bfb64a-d9cf-3117-4727-be0ecaf7de48" testName="Validate_AllVersionsDisallowedWithoutZero" computerName="TFSBUILD11" duration="00:00:00.0008735" startTime="2015-09-28T09:43:49.2511722-07:00" endTime="2015-09-28T09:43:49.2511722-07:00" testType="13cdc9d9-ddb5-4fa4-a97d-d965ccfc6d4b" outcome="Passed" testListId="8c84fa94-04c1-424b-9868-57a2d4851a1d" relativeResultsDirectory="effdcfa3-d203-46ec-b4bf-c0fc4853118e" />
    <UnitTestResult executionId="f620d5c6-0c62-4abf-bad1-6f85027cfa69" testId="c664fcdf-4746-6ac6-e34a-239d52f769ae" testName="Validate_NegativeVersions" computerName="TFSBUILD11" duration="00:00:00.0001132" startTime="2015-09-28T09:43:49.2511722-07:00" endTime="2015-09-28T09:43:49.2511722-07:00" testType="13cdc9d9-ddb5-4fa4-a97d-d965ccfc6d4b" outcome="Passed" testListId="8c84fa94-04c1-424b-9868-57a2d4851a1d" relativeResultsDirectory="f620d5c6-0c62-4abf-bad1-6f85027cfa69" />
    <UnitTestResult executionId="b7ef2c6e-1912-4c21-adf7-cbc9c0352cfd" testId="b0908f98-9eb7-309a-d93d-5cc5aeb3d658" testName="Validate_MaxArtifactLength" computerName="TFSBUILD11" duration="00:00:00.0024322" startTime="2015-09-28T09:43:49.2511722-07:00" endTime="2015-09-28T09:43:49.2511722-07:00" testType="13cdc9d9-ddb5-4fa4-a97d-d965ccfc6d4b" outcome="Passed" testListId="8c84fa94-04c1-424b-9868-57a2d4851a1d" relativeResultsDirectory="b7ef2c6e-1912-4c21-adf7-cbc9c0352cfd" />
    <UnitTestResult executionId="45c8dab7-73d4-4830-b5a0-82c1667c17a9" testId="25ea960b-cc7d-2afb-7584-b7a93d32289d" testName="Validate_MaxMonikerLength" computerName="TFSBUILD11" duration="00:00:00.0007856" startTime="2015-09-28T09:43:49.2511722-07:00" endTime="2015-09-28T09:43:49.2511722-07:00" testType="13cdc9d9-ddb5-4fa4-a97d-d965ccfc6d4b" outcome="Passed" testListId="8c84fa94-04c1-424b-9868-57a2d4851a1d" relativeResultsDirectory="45c8dab7-73d4-4830-b5a0-82c1667c17a9" />
    <UnitTestResult executionId="35047259-b831-4344-ae7e-43841b5be1c2" testId="31dc069d-cb60-a5a9-59cf-7de1c2261f72" testName="ArtifactKind_Clone" computerName="TFSBUILD11" duration="00:00:00.0034753" startTime="2015-09-28T09:43:49.2511722-07:00" endTime="2015-09-28T09:43:49.2667986-07:00" testType="13cdc9d9-ddb5-4fa4-a97d-d965ccfc6d4b" outcome="Passed" testListId="8c84fa94-04c1-424b-9868-57a2d4851a1d" relativeResultsDirectory="35047259-b831-4344-ae7e-43841b5be1c2" />
    <UnitTestResult executionId="fb01ca23-a9ae-40b9-8dca-791cab49ee19" testId="ceb458d2-cfa6-e804-7930-cb910430a485" testName="GetProperties_InvalidColumnName_NoSuffix" computerName="TFSBUILD11" duration="00:00:00.3381409" startTime="2015-09-28T09:43:49.2667986-07:00" endTime="2015-09-28T09:43:49.6105696-07:00" testType="13cdc9d9-ddb5-4fa4-a97d-d965ccfc6d4b" outcome="Passed" testListId="8c84fa94-04c1-424b-9868-57a2d4851a1d" relativeResultsDirectory="fb01ca23-a9ae-40b9-8dca-791cab49ee19" />
    <UnitTestResult executionId="ff291142-16cc-4462-bde6-dd38cbf4d066" testId="32b8942e-c431-66f8-b00d-ddead35c450e" testName="GetProperties_InvalidColumnName_WrongSuffix" computerName="TFSBUILD11" duration="00:00:00.0027921" startTime="2015-09-28T09:43:49.6105696-07:00" endTime="2015-09-28T09:43:49.6105696-07:00" testType="13cdc9d9-ddb5-4fa4-a97d-d965ccfc6d4b" outcome="Passed" testListId="8c84fa94-04c1-424b-9868-57a2d4851a1d" relativeResultsDirectory="ff291142-16cc-4462-bde6-dd38cbf4d066" />
    <UnitTestResult executionId="665849ba-7b4b-4efc-8308-22b8571d813d" testId="c45ac35e-388d-11c2-3a6e-e84668f80876" testName="OperationStatusDefaultsToNotSet" computerName="TFSBUILD11" duration="00:00:00.0011266" startTime="2015-09-28T09:43:49.6105696-07:00" endTime="2015-09-28T09:43:49.6105696-07:00" testType="13cdc9d9-ddb5-4fa4-a97d-d965ccfc6d4b" outcome="Passed" testListId="8c84fa94-04c1-424b-9868-57a2d4851a1d" relativeResultsDirectory="665849ba-7b4b-4efc-8308-22b8571d813d" />
    <UnitTestResult executionId="74e5ab57-419e-49a5-abad-c0c988dd47b9" testId="b019639e-8208-b3ee-b931-62638a2d8873" testName="OperationInheritsOperationReferenceSettings" computerName="TFSBUILD11" duration="00:00:00.0017766" startTime="2015-09-28T09:43:49.6105696-07:00" endTime="2015-09-28T09:43:49.6105696-07:00" testType="13cdc9d9-ddb5-4fa4-a97d-d965ccfc6d4b" outcome="Passed" testListId="8c84fa94-04c1-424b-9868-57a2d4851a1d" relativeResultsDirectory="74e5ab57-419e-49a5-abad-c0c988dd47b9" />
    <UnitTestResult executionId="41bad48e-5540-4011-8f23-755797a3298c" testId="d8855c11-ae49-6b11-4d15-226e7dc1edcf" testName="OperationBuildsSelfLinkAndResultMessage" computerName="TFSBUILD11" duration="00:00:00.0005077" startTime="2015-09-28T09:43:49.6105696-07:00" endTime="2015-09-28T09:43:49.6105696-07:00" testType="13cdc9d9-ddb5-4fa4-a97d-d965ccfc6d4b" outcome="Passed" testListId="8c84fa94-04c1-424b-9868-57a2d4851a1d" relativeResultsDirectory="41bad48e-5540-4011-8f23-755797a3298c" />
    <UnitTestResult executionId="1892aa5b-da75-4b93-b521-20ac88fac92c" testId="80bd3674-dc78-08c6-b3fb-9be75e473f77" testName="QueryingEmptyJobSetYieldsNothing" computerName="TFSBUILD11" duration="00:00:00.2489370" startTime="2015-09-28T09:43:49.6105696-07:00" endTime="2015-09-28T09:43:49.8605897-07:00" testType="13cdc9d9-ddb5-4fa4-a97d-d965ccfc6d4b" outcome="Passed" testListId="8c84fa94-04c1-424b-9868-57a2d4851a1d" relativeResultsDirectory="1892aa5b-da75-4b93-b521-20ac88fac92c" />
    <UnitTestResult executionId="75417a4b-6060-4561-9805-6f84bb463749" testId="172f0303-8d8e-788e-3d56-9b65dac6a831" testName="QueryingNullJobSetYieldsEverything" computerName="TFSBUILD11" duration="00:00:00.0023736" startTime="2015-09-28T09:43:49.8605897-07:00" endTime="2015-09-28T09:43:49.8605897-07:00" testType="13cdc9d9-ddb5-4fa4-a97d-d965ccfc6d4b" outcome="Passed" testListId="8c84fa94-04c1-424b-9868-57a2d4851a1d" relativeResultsDirectory="75417a4b-6060-4561-9805-6f84bb463749" />
    <UnitTestResult executionId="7ee8ab26-e1d9-468e-9ea1-c0c0f2ee3fea" testId="868cc873-6b2b-210e-94f7-3659141de4f9" testName="QueryingSingleJobCallsSpecializedApi" computerName="TFSBUILD11" duration="00:00:00.0025213" startTime="2015-09-28T09:43:49.8605897-07:00" endTime="2015-09-28T09:43:49.8762138-07:00" testType="13cdc9d9-ddb5-4fa4-a97d-d965ccfc6d4b" outcome="Passed" testListId="8c84fa94-04c1-424b-9868-57a2d4851a1d" relativeResultsDirectory="7ee8ab26-e1d9-468e-9ea1-c0c0f2ee3fea" />
    <UnitTestResult executionId="530d7e33-c3ec-4959-979e-6e01b5215b9f" testId="a3758c2e-8532-bd87-5894-705b9e3c964a" testName="QueryingEmptyJobSetViaClientApiYieldsEverything" computerName="TFSBUILD11" duration="00:00:00.0819115" startTime="2015-09-28T09:43:49.8762138-07:00" endTime="2015-09-28T09:43:49.9543463-07:00" testType="13cdc9d9-ddb5-4fa4-a97d-d965ccfc6d4b" outcome="Passed" testListId="8c84fa94-04c1-424b-9868-57a2d4851a1d" relativeResultsDirectory="530d7e33-c3ec-4959-979e-6e01b5215b9f" />
    <UnitTestResult executionId="00e46ef6-73e6-4f81-8505-c8de522a67bf" testId="5632a475-8bb5-913e-76ae-addeb5efe602" testName="QueryingEmptyJobSetYieldsNothing" computerName="TFSBUILD11" duration="00:00:00.1863306" startTime="2015-09-28T09:43:49.9543463-07:00" endTime="2015-09-28T09:43:50.1418597-07:00" testType="13cdc9d9-ddb5-4fa4-a97d-d965ccfc6d4b" outcome="Passed" testListId="8c84fa94-04c1-424b-9868-57a2d4851a1d" relativeResultsDirectory="00e46ef6-73e6-4f81-8505-c8de522a67bf" />
    <UnitTestResult executionId="923ff395-8b61-4d6a-8121-4031102786b9" testId="56d76847-f795-77f9-3b26-647be7639f37" testName="QueryingNullJobSetYieldsEverything" computerName="TFSBUILD11" duration="00:00:00.0054593" startTime="2015-09-28T09:43:50.1418597-07:00" endTime="2015-09-28T09:43:50.1418597-07:00" testType="13cdc9d9-ddb5-4fa4-a97d-d965ccfc6d4b" outcome="Passed" testListId="8c84fa94-04c1-424b-9868-57a2d4851a1d" relativeResultsDirectory="923ff395-8b61-4d6a-8121-4031102786b9" />
    <UnitTestResult executionId="29cb5566-207c-437f-ab41-40d57c383f3a" testId="ca9be802-0b82-1933-c3dc-46598cca11a6" testName="QueryingEmptyJobSetViaClientApiYieldsEverything" computerName="TFSBUILD11" duration="00:00:00.0052525" startTime="2015-09-28T09:43:50.1418597-07:00" endTime="2015-09-28T09:43:50.1574860-07:00" testType="13cdc9d9-ddb5-4fa4-a97d-d965ccfc6d4b" outcome="Passed" testListId="8c84fa94-04c1-424b-9868-57a2d4851a1d" relativeResultsDirectory="29cb5566-207c-437f-ab41-40d57c383f3a" />
    <UnitTestResult executionId="a19568cb-2364-4605-b8d2-fae93fbdd551" testId="ab71bb16-f810-78b6-1277-eea73bc535ce" testName="IdleLevelYieldsLowestPriorityForEveryClass" computerName="TFSBUILD11" duration="00:00:00.0026905" startTime="2015-09-28T09:43:50.1574860-07:00" endTime="2015-09-28T09:43:50.1574860-07:00" testType="13cdc9d9-ddb5-4fa4-a97d-d965ccfc6d4b" outcome="Passed" testListId="8c84fa94-04c1-424b-9868-57a2d4851a1d" relativeResultsDirectory="a19568cb-2364-4605-b8d2-fae93fbdd551" />
    <UnitTestResult executionId="2aa8c934-1fed-4de0-b717-69d1706dcf96" testId="2b6e2499-f99f-254b-b532-76ec7fa5d216" testName="ParseNullAndEmpty" computerName="TFSBUILD11" duration="00:00:00.0017860" startTime="2015-09-28T09:43:50.1574860-07:00" endTime="2015-09-28T09:43:50.1574860-07:00" testType="13cdc9d9-ddb5-4fa4-a97d-d965ccfc6d4b" outcome="Passed" testListId="8c84fa94-04c1-424b-9868-57a2d4851a1d" relativeResultsDirectory="2aa8c934-1fed-4de0-b717-69d1706dcf96" />
    <UnitTestResult executionId="1af21e95-66e8-4193-8481-7611b5956858" testId="ed7e8616-a367-55a2-8553-6b2c5717b36f" testName="ParseRegionSingle" computerName="TFSBUILD11" duration="00:00:00.0001126" startTime="2015-09-28T09:43:50.1574860-07:00" endTime="2015-09-28T09:43:50.1574860-07:00" testType="13cdc9d9-ddb5-4fa4-a97d-d965ccfc6d4b" outcome="Passed" testListId="8c84fa94-04c1-424b-9868-57a2d4851a1d" relativeResultsDirectory="1af21e95-66e8-4193-8481-7611b5956858" />
    <UnitTestResult executionId="06a493e3-90f9-4c35-95e3-d71533aa74df" testId="bced19eb-7849-162f-d926-f5ceb5b0e782" testName="ParseRegionList" computerName="TFSBUILD11" duration="00:00:00.0002588" startTime="2015-09-28T09:43:50.1574860-07:00" endTime="2015-09-28T09:43:50.1574860-07:00" testType="13cdc9d9-ddb5-4fa4-a97d-d965ccfc6d4b" outcome="Passed" testListId="8c84fa94-04c1-424b-9868-57a2d4851a1d" relativeResultsDirectory="06a493e3-90f9-4c35-95e3-d71533aa74df" />
    <UnitTestResult executionId="3016ccca-2291-44e9-b479-037d1bd54dfa" testId="7c5cdbfa-95a2-9986-9830-5eaf5dc87e02" testName="ParseRegionWildCard" computerName="TFSBUILD11" duration="00:00:00.0008035" startTime="2015-09-28T09:43:50.1574860-07:00" endTime="2015-09-28T09:43:50.1574860-07:00" testType="13cdc9d9-ddb5-4fa4-a97d-d965ccfc6d4b" outcome="Passed" testListId="8c84fa94-04c1-424b-9868-57a2d4851a1d" relativeResultsDirectory="3016ccca-2291-44e9-b479-037d1bd54dfa" />
    <UnitTestResult executionId="981d70e2-5d88-41c9-8f9f-da4c8eb3e234" testId="4ba5eb71-4beb-6255-561f-755d8731397f" testName="ParseRegionInvalid" computerName="TFSBUILD11" duration="00:00:00.0004263" startTime="2015-09-28T09:43:50.1574860-07:00" endTime="2015-09-28T09:43:50.1574860-07:00" testType="13cdc9d9-ddb5-4fa4-a97d-d965ccfc6d4b" outcome="Passed" testListId="8c84fa94-04c1-424b-9868-57a2d4851a1d" relativeResultsDirectory="981d70e2-5d88-41c9-8f9f-da4c8eb3e234" />
    <UnitTestResult executionId="133412b1-d1c2-4a84-8fb3-91888bf0bcc4" testId="48df4768-a09a-b4e8-7beb-22880793c27c" testName="ParseRegionComma" computerName="TFSBUILD11" duration="00:00:00.0000742" startTime="2015-09-28T09:43:50.1574860-07:00" endTime="2015-09-28T09:43:50.1574860-07:00" testType="13cdc9d9-ddb5-4fa4-a97d-d965ccfc6d4b" outcome="Passed" testListId="8c84fa94-04c1-424b-9868-57a2d4851a1d" relativeResultsDirectory="133412b1-d1c2-4a84-8fb3-91888bf0bcc4" />
    <UnitTestResult executionId="0e70f707-3317-4ffe-9d03-de9a10d5e87a" testId="698e8f8f-02a5-7e78-4827-52d2d1cc4d9b" testName="ParseWeightSingle" computerName="TFSBUILD11" duration="00:00:00.0001021" startTime="2015-09-28T09:43:50.1574860-07:00" endTime="2015-09-28T09:43:50.1574860-07:00" testType="13cdc9d9-ddb5-4fa4-a97d-d965ccfc6d4b" outcome="Passed" testListId="8c84fa94-04c1-424b-9868-57a2d4851a1d" relativeResultsDirectory="0e70f707-3317-4ffe-9d03-de9a10d5e87a" />
    <UnitTestResult executionId="88452005-624b-4e12-bd5c-dc0a4f8d777b" testId="7e0f10df-cf1d-fd9c-6651-844a8e6ed92b" testName="ParseWeightList" computerName="TFSBUILD11" duration="00:00:00.0001373" startTime="2015-09-28T09:43:50.1574860-07:00" endTime="2015-09-28T09:43:50.1574860-07:00" testType="13cdc9d9-ddb5-4fa4-a97d-d965ccfc6d4b" outcome="Passed" testListId="8c84fa94-04c1-424b-9868-57a2d4851a1d" relativeResultsDirectory="88452005-624b-4e12-bd5c-dc0a4f8d777b" />
    <UnitTestResult executionId="5eb95027-1c68-4bc7-8642-8fd2fbf5ba3d" testId="6ad33cb9-00a8-b73c-031f-02d801368756" testName="ParseWeightNegative" computerName="TFSBUILD11" duration="00:00:00.0003236" startTime="2015-09-28T09:43:50.1574860-07:00" endTime="2015-09-28T09:43:50.1574860-07:00" testType="13cdc9d9-ddb5-4fa4-a97d-d965ccfc6d4b" outcome="Passed" testListId="8c84fa94-04c1-424b-9868-57a2d4851a1d" relativeResultsDirectory="5eb95027-1c68-4bc7-8642-8fd2fbf5ba3d" />
    <UnitTestResult executionId="d6fef033-f15b-49ba-9ca1-9d1f2c2c116e" testId="1620493b-c041-7374-bdb1-71d931a97ee3" testName="ParseWeightTooLarge" computerName="TFSBUILD11" duration="00:00:00.0005145" startTime="2015-09-28T09:43:50.1574860-07:00" endTime="2015-09-28T09:43:50.1574860-07:00" testType="13cdc9d9-ddb5-4fa4-a97d-d965ccfc6d4b" outcome="Passed" testListId="8c84fa94-04c1-424b-9868-57a2d4851a1d" relativeResultsDirectory="d6fef033-f15b-49ba-9ca1-9d1f2c2c116e" />
    <UnitTestResult executionId="afc4dcfc-fb72-4941-8384-3fbae0968d60" testId="8791bb1c-82bb-cf0c-3758-95e76ddc18d5" testName="ParseWeightComma" computerName="TFSBUILD11" duration="00:00:00.0000739" startTime="2015-09-28T09:43:50.1574860-07:00" endTime="2015-09-28T09:43:50.1574860-07:00" testType="13cdc9d9-ddb5-4fa4-a97d-d965ccfc6d4b" outcome="Passed" testListId="8c84fa94-04c1-424b-9868-57a2d4851a1d" relativeResultsDirectory="afc4dcfc-fb72-4941-8384-3fbae0968d60" />
    <UnitTestResult executionId="3f328b46-57c2-4d17-b8f6-94fffb3ed543" testId="5b3f8e0d-9e16-f957-2aa4-9a0bbbdab60b" testName="ParseWeightNonNumber" computerName="TFSBUILD11" duration="00:00:00.0004147" startTime="2015-09-28T09:43:50.1574860-07:00" endTime="2015-09-28T09:43:50.1574860-07:00" testType="13cdc9d9-ddb5-4fa4-a97d-d965ccfc6d4b" outcome="Passed" testListId="8c84fa94-04c1-424b-9868-57a2d4851a1d" relativeResultsDirectory="3f328b46-57c2-4d17-b8f6-94fffb3ed543" />
    <UnitTestResult executionId="4245e7e1-da80-41b9-a2e0-ff5a35b1a6ce" testId="ca3e3896-e83f-775a-edf7-89ec7e9e0671" testName="ParseRegionsAndWeights" computerName="TFSBUILD11" duration="00:00:00.0010646" startTime="2015-09-28T09:43:50.1574860-07:00" endTime="2015-09-28T09:43:50.1574860-07:00" testType="13cdc9d9-ddb5-4fa4-a97d-d965ccfc6d4b" outcome="Passed" testListId="8c84fa94-04c1-424b-9868-57a2d4851a1d" relativeResultsDirectory="4245e7e1-da80-41b9-a2e0-ff5a35b1a6ce" />
    <UnitTestResult executionId="4bec548e-31c4-46b9-8287-6940f8b0968c" testId="437b2e1c-29c5-40bd-a38f-d4179c174ec6" testName="ParseRegionsAndWeightsNotSameSizeLists" computerName="TFSBUILD11" duration="00:00:00.0011690" startTime="2015-09-28T09:43:50.1574860-07:00" endTime="2015-09-28T09:43:50.1574860-07:00" testType="13cdc9d9-ddb5-4fa4-a97d-d965ccfc6d4b" outcome="Passed" testListId="8c84fa94-04c1-424b-9868-57a2d4851a1d" relativeResultsDirectory="4bec548e-31c4-46b9-8287-6940f8b0968c" />
    <UnitTestResult executionId="f6b6dbe5-6883-4759-b5ab-86a47e17d976" testId="5283731e-fce4-ad12-1146-417fb3166b99" testName="ParseRegionsAndWeightsOneInvalidElement" computerName="TFSBUILD11" duration="00:00:00.0003797" startTime="2015-09-28T09:43:50.1574860-07:00" endTime="2015-09-28T09:43:50.1574860-07:00" testType="13cdc9d9-ddb5-4fa4-a97d-d965ccfc6d4b" outcome="Passed" testListId="8c84fa94-04c1-424b-9868-57a2d4851a1d" relativeResultsDirectory="f6b6dbe5-6883-4759-b5ab-86a47e17d976" />
    <UnitTestResult executionId="0abef395-f287-4136-8f72-fa12ab4b22da" testId="d33fd9a3-22a8-625d-acb8-2038540d9465" testName="VssExtensionManagementService_StartEnd" computerName="TFSBUILD11" duration="00:00:00.0164755" startTime="2015-09-28T09:43:50.1574860-07:00" endTime="2015-09-28T09:43:50.1731116-07:00" testType="13cdc9d9-ddb5-4fa4-a97d-d965ccfc6d4b" outcome="Passed" testListId="8c84fa94-04c1-424b-9868-57a2d4851a1d" relativeResultsDirectory="0abef395-f287-4136-8f72-fa12ab4b22da" />
    <UnitTestResult executionId="48f79398-6c69-438b-962e-b95158b7b1b8" testId="cce465df-dabc-1e2c-7c21-b558fd903f72" testName="VssExtensionManagementService_CheckDisposable" computerName="TFSBUILD11" duration="00:00:00.4031061" startTime="2015-09-28T09:43:50.1731116-07:00" endTime="2015-09-28T09:43:50.5793905-07:00" testType="13cdc9d9-ddb5-4fa4-a97d-d965ccfc6d4b" outcome="Passed" testListId="8c84fa94-04c1-424b-9868-57a2d4851a1d" relativeResultsDirectory="48f79398-6c69-438b-962e-b95158b7b1b8" />
    <UnitTestResult executionId="12916d10-9e55-452a-83cf-acd422523163" testId="c3edca98-f5f4-c1ea-da68-8f779c3a4d76" testName="VssExtensionManagementService_CheckRefEqualityExtensionFirst" computerName="TFSBUILD11" duration="00:00:00.1061635" startTime="2015-09-28T09:43:50.5793905-07:00" endTime="2015-09-28T09:43:50.6887713-07:00" testType="13cdc9d9-ddb5-4fa4-a97d-d965ccfc6d4b" outcome="Passed" testListId="8c84fa94-04c1-424b-9868-57a2d4851a1d" relativeResultsDirectory="12916d10-9e55-452a-83cf-acd422523163" />
    <UnitTestResult executionId="c38373a4-ea7b-4a2d-b479-a4f60836f767" testId="241a43ad-3307-a012-471d-0ec4772ea9fa" testName="VssExtensionManagementService_CheckRefEqualityExtensionsFirst" computerName="TFSBUILD11" duration="00:00:00.1073889" startTime="2015-09-28T09:43:50.6887713-07:00" endTime="2015-09-28T09:43:50.7981563-07:00" testType="13cdc9d9-ddb5-4fa4-a97d-d965ccfc6d4b" outcome="Passed" testListId="8c84fa94-04c1-424b-9868-57a2d4851a1d" relativeResultsDirectory="c38373a4-ea7b-4a2d-b479-a4f60836f767" />
    <UnitTestResult executionId="e669d2e2-0193-4f59-a7dd-1a4e994aeec3" testId="7b0173db-0454-2263-589b-d84e56caaea0" testName="VssExtensionManagementService_LoadAllPlugins" computerName="TFSBUILD11" duration="00:00:00.2619264" startTime="2015-09-28T09:43:50.7981563-07:00" endTime="2015-09-28T09:43:51.0637982-07:00" testType="13cdc9d9-ddb5-4fa4-a97d-d965ccfc6d4b" outcome="Passed" testListId="8c84fa94-04c1-424b-9868-57a2d4851a1d" relativeResultsDirectory="e669d2e2-0193-4f59-a7dd-1a4e994aeec3" />
    <UnitTestResult executionId="d67e1668-084d-4aec-8da3-87d51fed649c" testId="97f1acc1-b750-a011-1d4f-6bbef9a3b9ad" testName="VssExtensionManagementService_LoadAllPlugins_LegacyMef" computerName="TFSBUILD11" duration="00:00:00.5879233" startTime="2015-09-28T09:43:51.0637982-07:00" endTime="2015-09-28T09:43:51.6419672-07:00" testType="13cdc9d9-ddb5-4fa4-a97d-d965ccfc6d4b" outcome="Passed" testListId="8c84fa94-04c1-424b-9868-57a2d4851a1d" relativeResultsDirectory="d67e1668-084d-4aec-8da3-87d51fed649c" />
    <UnitTestResult executionId="e59ff622-7076-4d9e-9566-74990ec3e358" testId="5034de75-b916-7ccc-a372-54f6a413bbde" testName="VssExtensionManagementService_TestExtensionExtensionsReferenceEquality" computerName="TFSBUILD11" duration="00:00:00.1022917" startTime="2015-09-28T09:43:51.6419672-07:00" endTime="2015-09-28T09:43:51.7513474-07:00" testType="13cdc9d9-ddb5-4fa4-a97d-d965ccfc6d4b" outcome="Passed" testListId="8c84fa94-04c1-424b-9868-57a2d4851a1d" relativeResultsDirectory="e59ff622-7076-4d9e-9566-74990ec3e358" />
    <UnitTestResult executionId="752df120-c773-4884-9d8e-23056f192f59" testId="a5edfd98-d98b-a5f3-201a-72c23a30bfdd" testName="VssExtensionManagementService_TestUnimplementedExtensionRaw" computerName="TFSBUILD11" duration="00:00:00.0006368" startTime="2015-09-28T09:43:51.7513474-07:00" endTime="2015-09-28T09:43:51.7513474-07:00" testType="13cdc9d9-ddb5-4fa4-a97d-d965ccfc6d4b" outcome="Passed" testListId="8c84fa94-04c1-424b-9868-57a2d4851a1d" relativeResultsDirectory="752df120-c773-4884-9d8e-23056f192f59" />
    <UnitTestResult executionId="024335ae-4c22-418b-9817-dae2b821b210" testId="f5a0f63f-c99e-8ca5-fd83-55b9b0033f87" testName="VssExtensionManagementService_TestUnimplementedExtensionInstanceLevel" computerName="TFSBUILD11" duration="00:00:00.0004457" startTime="2015-09-28T09:43:51.7513474-07:00" endTime="2015-09-28T09:43:51.7513474-07:00" testType="13cdc9d9-ddb5-4fa4-a97d-d965ccfc6d4b" outcome="Passed" testListId="8c84fa94-04c1-424b-9868-57a2d4851a1d" relativeResultsDirectory="024335ae-4c22-418b-9817-dae2b821b210" />
    <UnitTestResult executionId="59c01536-0109-45e7-9a7b-d72c7429609e" testId="277e4987-86e0-a2c6-c516-f984ea21579a" testName="VssExtensionManagementService_TestUnimplementedExtensionServiceLevel" computerName="TFSBUILD11" duration="00:00:00.0003242" startTime="2015-09-28T09:43:51.7513474-07:00" endTime="2015-09-28T09:43:51.7513474-07:00" testType="13cdc9d9-ddb5-4fa4-a97d-d965ccfc6d4b" outcome="Passed" testListId="8c84fa94-04c1-424b-9868-57a2d4851a1d" relativeResultsDirectory="59c01536-0109-45e7-9a7b-d72c7429609e" />
    <UnitTestResult executionId="a3792c4d-1c9c-4883-abd6-2e74cd5320b4" testId="95b832c5-720c-6032-f7ce-90f2f60a9391" testName="VssExtensionManagementService_TestExtensionsLifetimes" computerName="TFSBUILD11" duration="00:00:00.0016674" startTime="2015-09-28T09:43:51.7513474-07:00" endTime="2015-09-28T09:43:51.7513474-07:00" testType="13cdc9d9-ddb5-4fa4-a97d-d965ccfc6d4b" outcome="Passed" testListId="8c84fa94-04c1-424b-9868-57a2d4851a1d" relativeResultsDirectory="a3792c4d-1c9c-4883-abd6-2e74cd5320b4" />
    <UnitTestResult executionId="75608be1-1a70-4fba-8394-1dd97d712b64" testId="0fa0a756-34fe-74a6-755b-fe7314b465fc" testName="VssExtensionManagementService_TestExtensionLifetimes" computerName="TFSBUILD11" duration="00:00:00.0012595" startTime="2015-09-28T09:43:51.7513474-07:00" endTime="2015-09-28T09:43:51.7513474-07:00" testType="13cdc9d9-ddb5-4fa4-a97d-d965ccfc6d4b" outcome="Passed" testListId="8c84fa94-04c1-424b-9868-57a2d4851a1d" relativeResultsDirectory="75608be1-1a70-4fba-8394-1dd97d712b64" />
    <UnitTestResult executionId="37ea28e3-8775-49e6-b6b8-23f0d00b891c" testId="4b23fad7-0a35-0889-3860-e6ac0807ce60" testName="VssExtensionManagementService_TestDeploymentContext" computerName="TFSBUILD11" duration="00:00:00.0009585" startTime="2015-09-28T09:43:51.7513474-07:00" endTime="2015-09-28T09:43:51.7669755-07:00" testType="13cdc9d9-ddb5-4fa4-a97d-d965ccfc6d4b" outcome="Passed" testListId="8c84fa94-04c1-424b-9868-57a2d4851a1d" relativeResultsDirectory="37ea28e3-8775-49e6-b6b8-23f0d00b891c" />
    <UnitTestResult executionId="25c2e1f7-b199-4dfd-b04d-4bbfa1c449b7" testId="c352e5cd-e1cf-a1bf-e1cb-490de9c122c8" testName="VssExtensionManagementService_TestApplicationContext" computerName="TFSBUILD11" duration="00:00:00.0032437" startTime="2015-09-28T09:43:51.7669755-07:00" endTime="2015-09-28T09:43:51.7669755-07:00" testType="13cdc9d9-ddb5-4fa4-a97d-d965ccfc6d4b" outcome="Passed" testListId="8c84fa94-04c1-424b-9868-57a2d4851a1d" relativeResultsDirectory="25c2e1f7-b199-4dfd-b04d-4bbfa1c449b7" />
    <UnitTestResult executionId="5b0788c8-4b3d-458c-8eb0-34bf6fa14994" testId="d75b66ef-2f92-b724-5ed6-eb97381277f9" testName="VssExtensionManagementService_TestCollectionContext" computerName="TFSBUILD11" duration="00:00:00.0035125" startTime="2015-09-28T09:43:51.7669755-07:00" endTime="2015-09-28T09:43:51.7669755-07:00" testType="13cdc9d9-ddb5-4fa4-a97d-d965ccfc6d4b" outcome="Passed" testListId="8c84fa94-04c1-424b-9868-57a2d4851a1d" relativeResultsDirectory="5b0788c8-4b3d-458c-8eb0-34bf6fa14994" />
    <UnitTestResult executionId="59a6973f-92b7-41b9-acea-36b2e1bd7ada" testId="c4a8ae09-ca97-7905-a1ef-e3d5620b9d23" testName="VssExtensionManagementService_TestNoStrategy" computerName="TFSBUILD11" duration="00:00:00.0007674" startTime="2015-09-28T09:43:51.7669755-07:00" endTime="2015-09-28T09:43:51.7669755-07:00" testType="13cdc9d9-ddb5-4fa4-a97d-d965ccfc6d4b" outcome="Passed" testListId="8c84fa94-04c1-424b-9868-57a2d4851a1d" relativeResultsDirectory="59a6973f-92b7-41b9-acea-36b2e1bd7ada" />
    <UnitTestResult executionId="38809ce9-a1d7-44c7-812f-1a4c1978c946" testId="a899dbc4-1ac8-ca1c-4392-47a77ca3b144" testName="VssExtensionManagementService_TestEmptyStrategy" computerName="TFSBUILD11" duration="00:00:00.0007734" startTime="2015-09-28T09:43:51.7669755-07:00" endTime="2015-09-28T09:43:51.7669755-07:00" testType="13cdc9d9-ddb5-4fa4-a97d-d965ccfc6d4b" outcome="Passed" testListId="8c84fa94-04c1-424b-9868-57a2d4851a1d" relativeResultsDirectory="38809ce9-a1d7-44c7-812f-1a4c1978c946" />
    <UnitTestResult executionId="aae584d8-77a3-4b8b-babf-dbebc562a949" testId="f3de95ab-ebe8-51ee-e862-93b297dc4ece" testName="VssExtensionManagementService_TestMultiStrategy" computerName="TFSBUILD11" duration="00:00:00.0007785" startTime="2015-09-28T09:43:51.7669755-07:00" endTime="2015-09-28T09:43:51.7669755-07:00" testType="13cdc9d9-ddb5-4fa4-a97d-d965ccfc6d4b" outcome="Passed" testListId="8c84fa94-04c1-424b-9868-57a2d4851a1d" relativeResultsDirectory="aae584d8-77a3-4b8b-babf-dbebc562a949" />
    <UnitTestResult executionId="6584360f-0f60-46ef-b3b2-080c2d0299bf" testId="d58ff1aa-71ce-b24e-42bd-7bf2c3a31429" testName="VssExtensionManagementService_TestSingleStrategy" computerName="TFSBUILD11" duration="00:00:00.0008473" startTime="2015-09-28T09:43:51.7669755-07:00" endTime="2015-09-28T09:43:51.7669755-07:00" testType="13cdc9d9-ddb5-4fa4-a97d-d965ccfc6d4b" outcome="Passed" testListId="8c84fa94-04c1-424b-9868-57a2d4851a1d" relativeResultsDirectory="6584360f-0f60-46ef-b3b2-080c2d0299bf" />
    <UnitTestResult executionId="5fded6ef-d2cf-4838-80fd-20c1888990e5" testId="bff80c1a-bfeb-db1b-3efa-83a684aee966" testName="VssExtensionManagementService_TestPriority" computerName="TFSBUILD11" duration="00:00:00.0003919" startTime="2015-09-28T09:43:51.7669755-07:00" endTime="2015-09-28T09:43:51.7669755-07:00" testType="13cdc9d9-ddb5-4fa4-a97d-d965ccfc6d4b" outcome="Passed" testListId="8c84fa94-04c1-424b-9868-57a2d4851a1d" relativeResultsDirectory="5fded6ef-d2cf-4838-80fd-20c1888990e5" />
    <UnitTestResult executionId="645ea849-1744-45f5-a574-cb27c4d00e53" testId="0308b1c2-1dda-3e87-e4a0-0b1742979251" testName="SimpleException" computerName="TFSBUILD11" duration="00:00:00.0169972" startTime="2015-09-28T09:43:51.7669755-07:00" endTime="2015-09-28T09:43:51.7826022-07:00" testType="13cdc9d9-ddb5-4fa4-a97d-d965ccfc6d4b" outcome="Passed" testListId="8c84fa94-04c1-424b-9868-57a2d4851a1d" relativeResultsDirectory="645ea849-1744-45f5-a574-cb27c4d00e53" />
    <UnitTestResult executionId="35dd8a7e-5ac5-4870-95be-33c652a91938" testId="497b78ec-9e96-6e49-4246-4e63d839add6" testName="AggregateExceptionTests" computerName="TFSBUILD11" duration="00:00:00.0060384" startTime="2015-09-28T09:43:51.7826022-07:00" endTime="2015-09-28T09:43:51.7982294-07:00" testType="13cdc9d9-ddb5-4fa4-a97d-d965ccfc6d4b" outcome="Passed" testListId="8c84fa94-04c1-424b-9868-57a2d4851a1d" relativeResultsDirectory="35dd8a7e-5ac5-4870-95be-33c652a91938" />
    <UnitTestResult executionId="c45db9ea-490d-41bb-8e71-c63cffd60cae" testId="b3f59ba5-c19b-a007-4243-bbd577fb2f88" testName="TeamFoundationRequestContext_GetExtensions_WhenLifetimeServiceEveryRequest" computerName="TFSBUILD11" startTime="2015-09-28T09:43:51.7982294-07:00" endTime="2015-09-28T09:43:51.7982294-07:00" testType="13cdc9d9-ddb5-4fa4-a97d-d965ccfc6d4b" outcome="NotExecuted" testListId="8c84fa94-04c1-424b-9868-57a2d4851a1d" relativeResultsDirectory="c45db9ea-490d-41bb-8e71-c63cffd60cae" />
    <UnitTestResult executionId="20d1ad4d-cbf2-4745-8454-35746a09c468" testId="c1ab826c-11b3-e986-8e84-75220ecff468" testName="TeamFoundationRequestContext_GetExtensions_WhenLifetimeServiceEveryCall" computerName="TFSBUILD11" startTime="2015-09-28T09:43:51.7982294-07:00" endTime="2015-09-28T09:43:51.7982294-07:00" testType="13cdc9d9-ddb5-4fa4-a97d-d965ccfc6d4b" outcome="NotExecuted" testListId="8c84fa94-04c1-424b-9868-57a2d4851a1d" relativeResultsDirectory="20d1ad4d-cbf2-4745-8454-35746a09c468" />
    <UnitTestResult executionId="262eccda-4b49-447b-a7b6-ef0093adccaa" testId="bb95820a-4a60-5a7f-2048-73397ec456ef" testName="HostManagementService_Construct" computerName="TFSBUILD11" duration="00:00:00.0025932" startTime="2015-09-28T09:43:51.7982294-07:00" endTime="2015-09-28T09:43:51.7982294-07:00" testType="13cdc9d9-ddb5-4fa4-a97d-d965ccfc6d4b" outcome="Passed" testListId="8c84fa94-04c1-424b-9868-57a2d4851a1d" relativeResultsDirectory="262eccda-4b49-447b-a7b6-ef0093adccaa" />
    <UnitTestResult executionId="5d757665-68c0-4772-8ec6-e13d0bac0518" testId="59138ef7-1e00-dc64-651f-ec33cfc8f8d2" testName="HostManagementService_StartEnd_Bad" computerName="TFSBUILD11" duration="00:00:00.0053051" startTime="2015-09-28T09:43:51.7982294-07:00" endTime="2015-09-28T09:43:51.7982294-07:00" testType="13cdc9d9-ddb5-4fa4-a97d-d965ccfc6d4b" outcome="Passed" testListId="8c84fa94-04c1-424b-9868-57a2d4851a1d" relativeResultsDirectory="5d757665-68c0-4772-8ec6-e13d0bac0518" />
    <UnitTestResult executionId="4deff7a4-1985-4602-a0fd-8cbe681b6a12" testId="2565fb99-5f76-fd9a-49dd-a8e22b69db8f" testName="DefaultRequestContext_Constructor" computerName="TFSBUILD11" duration="00:00:00.0078793" startTime="2015-09-28T09:43:51.7982294-07:00" endTime="2015-09-28T09:43:51.8138547-07:00" testType="13cdc9d9-ddb5-4fa4-a97d-d965ccfc6d4b" outcome="Passed" testListId="8c84fa94-04c1-424b-9868-57a2d4851a1d" relativeResultsDirectory="4deff7a4-1985-4602-a0fd-8cbe681b6a12" />
    <UnitTestResult executionId="444826a7-c392-4ab9-b167-8856f41c406c" testId="844be868-a4d5-944d-1f05-b8ee6a5ec3bd" testName="DefaultRequestContext_Elevate" computerName="TFSBUILD11" duration="00:00:00.0041184" startTime="2015-09-28T09:43:51.8138547-07:00" endTime="2015-09-28T09:43:51.8138547-07:00" testType="13cdc9d9-ddb5-4fa4-a97d-d965ccfc6d4b" outcome="Passed" testListId="8c84fa94-04c1-424b-9868-57a2d4851a1d" relativeResultsDirectory="444826a7-c392-4ab9-b167-8856f41c406c" />
    <UnitTestResult executionId="94d77a0c-9217-4b53-9ad5-c31589178a7d" testId="4aaea89d-ca58-64b8-9985-ac8bb9d95102" testName="DefaultRequestContext_To_Throw1" computerName="TFSBUILD11" duration="00:00:00.0046145" startTime="2015-09-28T09:43:51.8138547-07:00" endTime="2015-09-28T09:43:51.8138547-07:00" testType="13cdc9d9-ddb5-4fa4-a97d-d965ccfc6d4b" outcome="Passed" testListId="8c84fa94-04c1-424b-9868-57a2d4851a1d" relativeResultsDirectory="94d77a0c-9217-4b53-9ad5-c31589178a7d" />
    <UnitTestResult executionId="49e4cb37-438f-4f70-8fa7-f4a97363c74b" testId="09704e98-c50a-bcbe-a7c4-92e327d1c8f9" testName="DefaultRequestContext_To_Throw2" computerName="TFSBUILD11" duration="00:00:00.0034138" startTime="2015-09-28T09:43:51.8138547-07:00" endTime="2015-09-28T09:43:51.8294797-07:00" testType="13cdc9d9-ddb5-4fa4-a97d-d965ccfc6d4b" outcome="Passed" testListId="8c84fa94-04c1-424b-9868-57a2d4851a1d" relativeResultsDirectory="49e4cb37-438f-4f70-8fa7-f4a97363c74b" />
    <UnitTestResult executionId="c7cf50e6-4032-4538-8831-bbca5204d535" testId="398eb799-c3de-aff1-827c-7b8f493b30af" testName="DefaultRequestContext_To_Throw3" computerName="TFSBUILD11" duration="00:00:00.0040698" startTime="2015-09-28T09:43:51.8294797-07:00" endTime="2015-09-28T09:43:51.8294797-07:00" testType="13cdc9d9-ddb5-4fa4-a97d-d965ccfc6d4b" outcome="Passed" testListId="8c84fa94-04c1-424b-9868-57a2d4851a1d" relativeResultsDirectory="c7cf50e6-4032-4538-8831-bbca5204d535" />
    <UnitTestResult executionId="72606c14-14a0-4a82-9863-987ccc41a750" testId="52207823-be6f-00c7-99e4-2d021f53ba92" testName="DefaultRequestContext_To_Identity1" computerName="TFSBUILD11" duration="00:00:00.0032466" startTime="2015-09-28T09:43:51.8294797-07:00" endTime="2015-09-28T09:43:51.8294797-07:00" testType="13cdc9d9-ddb5-4fa4-a97d-d965ccfc6d4b" outcome="Passed" testListId="8c84fa94-04c1-424b-9868-57a2d4851a1d" relativeResultsDirectory="72606c14-14a0-4a82-9863-987ccc41a750" />
    <UnitTestResult executionId="5436819c-38f2-45ff-bb05-4304f9d94330" testId="5d42bcc9-346e-96f8-5ef7-476128d7adeb" testName="DefaultRequestContext_To_Identity2" computerName="TFSBUILD11" duration="00:00:00.0080213" startTime="2015-09-28T09:43:51.8294797-07:00" endTime="2015-09-28T09:43:51.8451041-07:00" testType="13cdc9d9-ddb5-4fa4-a97d-d965ccfc6d4b" outcome="Passed" testListId="8c84fa94-04c1-424b-9868-57a2d4851a1d" relativeResultsDirectory="5436819c-38f2-45ff-bb05-4304f9d94330" />
    <UnitTestResult executionId="0eb24647-686d-4968-b66d-6fb1f6e5078d" testId="12136bf0-0204-60a8-5b3f-68c35b2802ac" testName="DeploymentServiceHost_Constructor" computerName="TFSBUILD11" duration="00:00:00.2628278" startTime="2015-09-28T09:43:51.8451041-07:00" endTime="2015-09-28T09:43:52.1107479-07:00" testType="13cdc9d9-ddb5-4fa4-a97d-d965ccfc6d4b" outcome="Passed" testListId="8c84fa94-04c1-424b-9868-57a2d4851a1d" relativeResultsDirectory="0eb24647-686d-4968-b66d-6fb1f6e5078d" />
    <UnitTestResult executionId="62c77b9c-3ec9-4102-b27d-728c9adbe659" testId="7f4dbd4f-d0fe-fbd8-cb23-fde9a7dd8837" testName="DeploymentServiceHost_Constructor_Throw" computerName="TFSBUILD11" duration="00:00:00.0011676" startTime="2015-09-28T09:43:52.1107479-07:00" endTime="2015-09-28T09:43:52.1107479-07:00" testType="13cdc9d9-ddb5-4fa4-a97d-d965ccfc6d4b" outcome="Passed" testListId="8c84fa94-04c1-424b-9868-57a2d4851a1d" relativeResultsDirectory="62c77b9c-3ec9-4102-b27d-728c9adbe659" />
    <UnitTestResult executionId="5dc30d99-4fb4-4101-a6ba-94217a9d2620" testId="31ef56bf-3d9e-f790-76db-a23b4d2547fb" testName="DeploymentServiceHost_Factory" computerName="TFSBUILD11" duration="00:00:00.1686518" startTime="2015-09-28T09:43:52.1107479-07:00" endTime="2015-09-28T09:43:52.2826522-07:00" testType="13cdc9d9-ddb5-4fa4-a97d-d965ccfc6d4b" outcome="Passed" testListId="8c84fa94-04c1-424b-9868-57a2d4851a1d" relativeResultsDirectory="5dc30d99-4fb4-4101-a6ba-94217a9d2620" />
    <UnitTestResult executionId="4307fa7a-020c-44b6-aa7d-d9d2f2b0f651" testId="27a6e4b1-f196-0677-e47b-3f896b2f7f68" testName="IsOnlyWithDeploymentHostTypeThrows" computerName="TFSBUILD11" duration="00:00:00.2257955" startTime="2015-09-28T09:43:52.2826522-07:00" endTime="2015-09-28T09:43:52.5014164-07:00" testType="13cdc9d9-ddb5-4fa4-a97d-d965ccfc6d4b" outcome="Passed" testListId="8c84fa94-04c1-424b-9868-57a2d4851a1d" relativeResultsDirectory="4307fa7a-020c-44b6-aa7d-d9d2f2b0f651" />
    <UnitTestResult executionId="57b3ae75-7960-4fcd-9047-26a96edb807c" testId="bb37da1a-ba32-a3ce-ddea-d293ab97e012" testName="PublishDecisionPoint" computerName="TFSBUILD11" duration="00:00:00.0069290" startTime="2015-09-28T09:43:52.5014164-07:00" endTime="2015-09-28T09:43:52.5170422-07:00" testType="13cdc9d9-ddb5-4fa4-a97d-d965ccfc6d4b" outcome="Passed" testListId="8c84fa94-04c1-424b-9868-57a2d4851a1d" relativeResultsDirectory="57b3ae75-7960-4fcd-9047-26a96edb807c" />
    <UnitTestResult executionId="c649c3ce-4189-45d7-958a-9b713fc9cae3" testId="69c2bd2f-e0ee-cdc3-2bb5-a29be7189804" testName="PublishDecisionPoint_ActionDenied" computerName="TFSBUILD11" duration="00:00:00.0022667" startTime="2015-09-28T09:43:52.5170422-07:00" endTime="2015-09-28T09:43:52.5170422-07:00" testType="13cdc9d9-ddb5-4fa4-a97d-d965ccfc6d4b" outcome="Passed" testListId="8c84fa94-04c1-424b-9868-57a2d4851a1d" relativeResultsDirectory="c649c3ce-4189-45d7-958a-9b713fc9cae3" />
    <UnitTestResult executionId="352b5601-29f0-49d6-ac03-92248165c923" testId="b2ba2260-9055-dbb0-e794-7ddb26fe4f90" testName="PublishNotification" computerName="TFSBUILD11" duration="00:00:00.0724401" startTime="2015-09-28T09:43:52.5170422-07:00" endTime="2015-09-28T09:43:52.5795472-07:00" testType="13cdc9d9-ddb5-4fa4-a97d-d965ccfc6d4b" outcome="Passed" testListId="8c84fa94-04c1-424b-9868-57a2d4851a1d" relativeResultsDirectory="352b5601-29f0-49d6-ac03-92248165c923" />
    <UnitTestResult executionId="2bed15ea-f930-4acc-94d7-71117aa99172" testId="9a5fea46-f618-6e6a-f5c1-51cc588fcd0b" testName="PublishNotification_ServicingContextNoOp" computerName="TFSBUILD11" duration="00:00:00.0020935" startTime="2015-09-28T09:43:52.5795472-07:00" endTime="2015-09-28T09:43:52.5951722-07:00" testType="13cdc9d9-ddb5-4fa4-a97d-d965ccfc6d4b" outcome="Passed" testListId="8c84fa94-04c1-424b-9868-57a2d4851a1d" relativeResultsDirectory="2bed15ea-f930-4acc-94d7-71117aa99172" />
    <UnitTestResult executionId="5f4cf667-1714-4cb2-86ec-ce1da5683f72" testId="6fb3750a-fbe0-b197-a90f-f982b81a5068" testName="SyncPublishNotification" computerName="TFSBUILD11" duration="00:00:00.0010686" startTime="2015-09-28T09:43:52.5951722-07:00" endTime="2015-09-28T09:43:52.5951722-07:00" testType="13cdc9d9-ddb5-4fa4-a97d-d965ccfc6d4b" outcome="Passed" testListId="8c84fa94-04c1-424b-9868-57a2d4851a1d" relativeResultsDirectory="5f4cf667-1714-4cb2-86ec-ce1da5683f72" />
    <UnitTestResult executionId="8c1d29f3-17e5-4452-9e8b-22df82dd87fc" testId="00f17403-733b-afdc-c01d-9161a77ae33e" testName="ConvertIdentity_ConvertsMSAIdentity_ToVisualStudioDirectoryEntity" computerName="TFSBUILD11" duration="00:00:00.0201317" startTime="2015-09-28T09:43:52.5951722-07:00" endTime="2015-09-28T09:43:52.6107835-07:00" testType="13cdc9d9-ddb5-4fa4-a97d-d965ccfc6d4b" outcome="Passed" testListId="8c84fa94-04c1-424b-9868-57a2d4851a1d" relativeResultsDirectory="8c1d29f3-17e5-4452-9e8b-22df82dd87fc" />
    <UnitTestResult executionId="aa2f2c11-9c65-464d-9de5-419160b6daf6" testId="904a04c5-2998-fb77-749f-bf2d4762f847" testName="ConvertIdentity_ConvertsAADIdentity_ToAzureActiveDirectoryEntity" computerName="TFSBUILD11" duration="00:00:00.0158594" startTime="2015-09-28T09:43:52.6107835-07:00" endTime="2015-09-28T09:43:52.6264090-07:00" testType="13cdc9d9-ddb5-4fa4-a97d-d965ccfc6d4b" outcome="Passed" testListId="8c84fa94-04c1-424b-9868-57a2d4851a1d" relativeResultsDirectory="aa2f2c11-9c65-464d-9de5-419160b6daf6" />
    <UnitTestResult executionId="f1ea85c3-8704-48c0-b5b7-0975d13e10f6" testId="97f7270a-c5c3-a71e-c6c2-a22e5243cbc5" testName="ConvertIdentity_ConvertsAADIdentityWithoutObjectId_ToVisualStudioDirectoryEntity" computerName="TFSBUILD11" duration="00:00:00.0158512" startTime="2015-09-28T09:43:52.6264090-07:00" endTime="2015-09-28T09:43:52.6420349-07:00" testType="13cdc9d9-ddb5-4fa4-a97d-d965ccfc6d4b" outcome="Passed" testListId="8c84fa94-04c1-424b-9868-57a2d4851a1d" relativeResultsDirectory="f1ea85c3-8704-48c0-b5b7-0975d13e10f6" />
    <UnitTestResult executionId="45acb641-baeb-43ae-8942-9c9e52b16d8e" testId="ca64a154-865e-6d83-0847-872410b5e458" testName="ConverKeys_ValidatesHost" computerName="TFSBUILD11" duration="00:00:00.0539223" startTime="2015-09-28T09:43:52.6420349-07:00" endTime="2015-09-28T09:43:52.7045402-07:00" testType="13cdc9d9-ddb5-4fa4-a97d-d965ccfc6d4b" outcome="Passed" testListId="8c84fa94-04c1-424b-9868-57a2d4851a1d" relativeResultsDirectory="45acb641-baeb-43ae-8942-9c9e52b16d8e" />
    <UnitTestResult executionId="64a0b818-0ef5-42dd-916f-53473bbef7a6" testId="38e661f9-5d69-2c74-c0c1-7f949eebf26a" testName="ConvertKeys_ValidatesRequest_Throws_WhenNullRequestIsPassed" computerName="TFSBUILD11" duration="00:00:00.0203417" startTime="2015-09-28T09:43:52.7045402-07:00" endTime="2015-09-28T09:43:52.7201663-07:00" testType="13cdc9d9-ddb5-4fa4-a97d-d965ccfc6d4b" outcome="Passed" testListId="8c84fa94-04c1-424b-9868-57a2d4851a1d" relativeResultsDirectory="64a0b818-0ef5-42dd-916f-53473bbef7a6" />
    <UnitTestResult executionId="582bd797-b61b-49b2-a892-b911094ee721" testId="c2c5f563-f53a-323c-02fc-da9387a23ed8" testName="ConvertKeys_DelegatesValidationAndExecution_ToCommandItself" computerName="TFSBUILD11" duration="00:00:00.0319504" startTime="2015-09-28T09:43:52.7201663-07:00" endTime="2015-09-28T09:43:52.7514182-07:00" testType="13cdc9d9-ddb5-4fa4-a97d-d965ccfc6d4b" outcome="Passed" testListId="8c84fa94-04c1-424b-9868-57a2d4851a1d" relativeResultsDirectory="582bd797-b61b-49b2-a892-b911094ee721" />
    <UnitTestResult executionId="1299c4b0-d8ca-43c0-8147-6b350fafecfc" testId="5cfc72ee-62a2-9a8f-3067-6000a946e584" testName="ConvertKeys_ConvertsVisualStudioIdentifierToDirectoryEntityIdentitifier" computerName="TFSBUILD11" duration="00:00:00.0402772" startTime="2015-09-28T09:43:52.7514182-07:00" endTime="2015-09-28T09:43:52.7982966-07:00" testType="13cdc9d9-ddb5-4fa4-a97d-d965ccfc6d4b" outcome="Passed" testListId="8c84fa94-04c1-424b-9868-57a2d4851a1d" relativeResultsDirectory="1299c4b0-d8ca-43c0-8147-6b350fafecfc" />
    <UnitTestResult executionId="9413b28f-5dfa-4a5f-b03c-c625fc3f9a6b" testId="475d9b5c-1e5d-d55b-32d5-ab5face5d207" testName="ConvertKeys_ConvertsSignInAddressToDirectoryEntityIdentitifier" computerName="TFSBUILD11" duration="00:00:00.0149725" startTime="2015-09-28T09:43:52.7982966-07:00" endTime="2015-09-28T09:43:52.8139227-07:00" testType="13cdc9d9-ddb5-4fa4-a97d-d965ccfc6d4b" outcome="Passed" testListId="8c84fa94-04c1-424b-9868-57a2d4851a1d" relativeResultsDirectory="9413b28f-5dfa-4a5f-b03c-c625fc3f9a6b" />
    <UnitTestResult executionId="4d221f39-8623-4894-883d-c5c82658929a" testId="b11641fa-18fe-5c71-ed54-2396e8ddec99" testName="ConvertKeys_ConvertsAADObjectIdentifierToDirectoryEntityIdentitifier" computerName="TFSBUILD11" duration="00:00:00.0275367" startTime="2015-09-28T09:43:52.8139227-07:00" endTime="2015-09-28T09:43:52.8295491-07:00" testType="13cdc9d9-ddb5-4fa4-a97d-d965ccfc6d4b" outcome="Passed" testListId="8c84fa94-04c1-424b-9868-57a2d4851a1d" relativeResultsDirectory="4d221f39-8623-4894-883d-c5c82658929a" />
    <UnitTestResult executionId="76d09565-9904-44e3-882d-c60c3a4b29c4" testId="8aceb1b3-f6c6-c4b3-b20b-6b98108a9f2f" testName="GetEntities_ValidatesHost" computerName="TFSBUILD11" duration="00:00:00.0327551" startTime="2015-09-28T09:43:52.8295491-07:00" endTime="2015-09-28T09:43:52.8764271-07:00" testType="13cdc9d9-ddb5-4fa4-a97d-d965ccfc6d4b" outcome="Passed" testListId="8c84fa94-04c1-424b-9868-57a2d4851a1d" relativeResultsDirectory="76d09565-9904-44e3-882d-c60c3a4b29c4" />
    <UnitTestResult executionId="046f779d-17a3-4915-8a6d-63dfbab62aba" testId="cdc9514a-a76d-4c0e-507f-7583635b37c7" testName="GetObjects_DelegatesValidationAndExecution_ToCommandItself" computerName="TFSBUILD11" duration="00:00:00.0438376" startTime="2015-09-28T09:43:52.8764271-07:00" endTime="2015-09-28T09:43:52.9076799-07:00" testType="13cdc9d9-ddb5-4fa4-a97d-d965ccfc6d4b" outcome="Passed" testListId="8c84fa94-04c1-424b-9868-57a2d4851a1d" relativeResultsDirectory="046f779d-17a3-4915-8a6d-63dfbab62aba" />
    <UnitTestResult executionId="aa29d6bd-4ea4-436d-a714-e0fccfbcd57b" testId="91f9747b-6bfa-c6bf-9852-bb9e12f3ffc2" testName="ImsCacheAncestors_Clone_ReturnsClone" computerName="TFSBUILD11" duration="00:00:00.0039398" startTime="2015-09-28T09:43:52.9076799-07:00" endTime="2015-09-28T09:43:52.9233057-07:00" testType="13cdc9d9-ddb5-4fa4-a97d-d965ccfc6d4b" outcome="Passed" testListId="8c84fa94-04c1-424b-9868-57a2d4851a1d" relativeResultsDirectory="aa29d6bd-4ea4-436d-a714-e0fccfbcd57b" />
    <UnitTestResult executionId="0aca4c1b-b95a-4760-a8c6-9515ca2d51a5" testId="476861a9-ad84-7423-9947-c99740bd9447" testName="ImsCacheChildren_Clone_ReturnsClone" computerName="TFSBUILD11" duration="00:00:00.0035171" startTime="2015-09-28T09:43:52.9233057-07:00" endTime="2015-09-28T09:43:52.9233057-07:00" testType="13cdc9d9-ddb5-4fa4-a97d-d965ccfc6d4b" outcome="Passed" testListId="8c84fa94-04c1-424b-9868-57a2d4851a1d" relativeResultsDirectory="0aca4c1b-b95a-4760-a8c6-9515ca2d51a5" />
    <UnitTestResult executionId="2ae5c656-c1fb-42b6-aa0d-7b7cd84d2a6b" testId="d87125a2-6795-ec70-e6bb-b10c18b6c326" testName="ImsCacheDescendants_Clone_ReturnsClone" computerName="TFSBUILD11" duration="00:00:00.0020457" startTime="2015-09-28T09:43:52.9233057-07:00" endTime="2015-09-28T09:43:52.9233057-07:00" testType="13cdc9d9-ddb5-4fa4-a97d-d965ccfc6d4b" outcome="Passed" testListId="8c84fa94-04c1-424b-9868-57a2d4851a1d" relativeResultsDirectory="2ae5c656-c1fb-42b6-aa0d-7b7cd84d2a6b" />
    <UnitTestResult executionId="824939b0-b9a8-41ba-9bc9-bb6da7f8cc4c" testId="49689b7d-37e2-93a7-8d4d-2eabd3336889" testName="ImsCacheIdentity_Clone_ReturnsClone" computerName="TFSBUILD11" duration="00:00:00.0039523" startTime="2015-09-28T09:43:52.9233057-07:00" endTime="2015-09-28T09:43:52.9233057-07:00" testType="13cdc9d9-ddb5-4fa4-a97d-d965ccfc6d4b" outcome="Passed" testListId="8c84fa94-04c1-424b-9868-57a2d4851a1d" relativeResultsDirectory="824939b0-b9a8-41ba-9bc9-bb6da7f8cc4c" />
    <UnitTestResult executionId="8e14e889-3d16-4cea-89e0-b9f4cad3d8f8" testId="5605d22a-a643-3ce7-9d03-0e99862e7950" testName="ImsCacheIdentityId_Clone_ReturnsClone" computerName="TFSBUILD11" duration="00:00:00.0020966" startTime="2015-09-28T09:43:52.9233057-07:00" endTime="2015-09-28T09:43:52.9233057-07:00" testType="13cdc9d9-ddb5-4fa4-a97d-d965ccfc6d4b" outcome="Passed" testListId="8c84fa94-04c1-424b-9868-57a2d4851a1d" relativeResultsDirectory="8e14e889-3d16-4cea-89e0-b9f4cad3d8f8" />
    <UnitTestResult executionId="ddebdbf1-f645-4e03-92eb-f228e71ab4c9" testId="1848befe-0365-1009-bb3a-bf5079fe54ee" testName="ImsCacheScopeMembership_Clone_ReturnsClone" computerName="TFSBUILD11" duration="00:00:00.0023520" startTime="2015-09-28T09:43:52.9233057-07:00" endTime="2015-09-28T09:43:52.9389307-07:00" testType="13cdc9d9-ddb5-4fa4-a97d-d965ccfc6d4b" outcome="Passed" testListId="8c84fa94-04c1-424b-9868-57a2d4851a1d" relativeResultsDirectory="ddebdbf1-f645-4e03-92eb-f228e71ab4c9" />
    <UnitTestResult executionId="9e8191cc-a47e-4ef8-8d8d-803d718c2a61" testId="d6871e36-5349-ddaa-246e-22d3212fb50b" testName="ImsCacheMruIdentityIds_Clone_ReturnsClone" computerName="TFSBUILD11" duration="00:00:00.0041400" startTime="2015-09-28T09:43:52.9389307-07:00" endTime="2015-09-28T09:43:52.9389307-07:00" testType="13cdc9d9-ddb5-4fa4-a97d-d965ccfc6d4b" outcome="Passed" testListId="8c84fa94-04c1-424b-9868-57a2d4851a1d" relativeResultsDirectory="9e8191cc-a47e-4ef8-8d8d-803d718c2a61" />
    <UnitTestResult executionId="e75d1229-dfc1-47ba-a5d7-57951f2cbc46" testId="27360fd2-945c-cf2d-60ca-d675e0551ae9" testName="ImsCacheIdentitiesByDisplayName_Clone_ReturnsClone" computerName="TFSBUILD11" duration="00:00:00.0027477" startTime="2015-09-28T09:43:52.9389307-07:00" endTime="2015-09-28T09:43:52.9389307-07:00" testType="13cdc9d9-ddb5-4fa4-a97d-d965ccfc6d4b" outcome="Passed" testListId="8c84fa94-04c1-424b-9868-57a2d4851a1d" relativeResultsDirectory="e75d1229-dfc1-47ba-a5d7-57951f2cbc46" />
    <UnitTestResult executionId="eddc64cd-50ba-4c97-90a8-6d79ae8b938c" testId="7f43ca0e-447c-8779-9514-dd4b9013ef1e" testName="ImsCacheIdentitiesByAccountName_Clone_ReturnsClone" computerName="TFSBUILD11" duration="00:00:00.0018924" startTime="2015-09-28T09:43:52.9389307-07:00" endTime="2015-09-28T09:43:52.9389307-07:00" testType="13cdc9d9-ddb5-4fa4-a97d-d965ccfc6d4b" outcome="Passed" testListId="8c84fa94-04c1-424b-9868-57a2d4851a1d" relativeResultsDirectory="eddc64cd-50ba-4c97-90a8-6d79ae8b938c" />
    <UnitTestResult executionId="afe35742-599c-4469-b1a7-a4c9dfdc5509" testId="350649fe-8121-88cb-d2b1-798387e75e1a" testName="ImsCacheIdentityIdByDisplayName_Clone_ReturnsClone" computerName="TFSBUILD11" duration="00:00:00.0017956" startTime="2015-09-28T09:43:52.9389307-07:00" endTime="2015-09-28T09:43:52.9389307-07:00" testType="13cdc9d9-ddb5-4fa4-a97d-d965ccfc6d4b" outcome="Passed" testListId="8c84fa94-04c1-424b-9868-57a2d4851a1d" relativeResultsDirectory="afe35742-599c-4469-b1a7-a4c9dfdc5509" />
    <UnitTestResult executionId="2841653a-1ad4-48ec-b258-33f0349d3a2e" testId="a5e48874-0d90-a73c-3e49-67995c2db188" testName="ImsCacheIdentityIdByEmail_Clone_ReturnsClone" computerName="TFSBUILD11" duration="00:00:00.0010265" startTime="2015-09-28T09:43:52.9389307-07:00" endTime="2015-09-28T09:43:52.9389307-07:00" testType="13cdc9d9-ddb5-4fa4-a97d-d965ccfc6d4b" outcome="Passed" testListId="8c84fa94-04c1-424b-9868-57a2d4851a1d" relativeResultsDirectory="2841653a-1ad4-48ec-b258-33f0349d3a2e" />
    <UnitTestResult executionId="5b1b2a5c-3f6c-4f31-ab63-1fd81faf840d" testId="bc435e09-9d2f-3164-06d5-fab3a786506f" testName="ImsCacheIdentityIdByAccountName_Clone_ReturnsClone" computerName="TFSBUILD11" duration="00:00:00.0010257" startTime="2015-09-28T09:43:52.9389307-07:00" endTime="2015-09-28T09:43:52.9545608-07:00" testType="13cdc9d9-ddb5-4fa4-a97d-d965ccfc6d4b" outcome="Passed" testListId="8c84fa94-04c1-424b-9868-57a2d4851a1d" relativeResultsDirectory="5b1b2a5c-3f6c-4f31-ab63-1fd81faf840d" />
    <UnitTestResult executionId="4f6d9980-403d-4768-a521-d294bbfb44c7" testId="eff2fedd-566d-022f-fd92-4a51b98bfb75" testName="ImsCacheDescriptorKey_Equals_ReturnsTrue_WhenEqual" computerName="TFSBUILD11" duration="00:00:00.0010558" startTime="2015-09-28T09:43:52.9545608-07:00" endTime="2015-09-28T09:43:52.9545608-07:00" testType="13cdc9d9-ddb5-4fa4-a97d-d965ccfc6d4b" outcome="Passed" testListId="8c84fa94-04c1-424b-9868-57a2d4851a1d" relativeResultsDirectory="4f6d9980-403d-4768-a521-d294bbfb44c7" />
    <UnitTestResult executionId="dada9252-1caa-4399-ac3e-c5e58514c9fd" testId="1e1e612c-23c0-46ec-f99b-995f24dea36e" testName="ImsCacheDescriptorKey_Equals_ReturnsFalse_WhenUnequal" computerName="TFSBUILD11" duration="00:00:00.0013417" startTime="2015-09-28T09:43:52.9545608-07:00" endTime="2015-09-28T09:43:52.9545608-07:00" testType="13cdc9d9-ddb5-4fa4-a97d-d965ccfc6d4b" outcome="Passed" testListId="8c84fa94-04c1-424b-9868-57a2d4851a1d" relativeResultsDirectory="dada9252-1caa-4399-ac3e-c5e58514c9fd" />
    <UnitTestResult executionId="1ba103ab-d22c-4c43-912e-4cad8ce38058" testId="936971aa-b96e-235a-2472-280564fa80e9" testName="ImsCacheDescriptorKey_Equals_ReturnsFalse_WhenComparedToNull" computerName="TFSBUILD11" duration="00:00:00.0002406" startTime="2015-09-28T09:43:52.9545608-07:00" endTime="2015-09-28T09:43:52.9545608-07:00" testType="13cdc9d9-ddb5-4fa4-a97d-d965ccfc6d4b" outcome="Passed" testListId="8c84fa94-04c1-424b-9868-57a2d4851a1d" relativeResultsDirectory="1ba103ab-d22c-4c43-912e-4cad8ce38058" />
    <UnitTestResult executionId="9ac61e0f-cd68-48af-9b2a-cb48bd8cc8c9" testId="4bc83fac-7bcf-1c9a-a6db-8dc60f733d7f" testName="ImsCacheUtils_ToDictionary_DedupesKeys" computerName="TFSBUILD11" duration="00:00:00.0117199" startTime="2015-09-28T09:43:52.9545608-07:00" endTime="2015-09-28T09:43:52.9701855-07:00" testType="13cdc9d9-ddb5-4fa4-a97d-d965ccfc6d4b" outcome="Passed" testListId="8c84fa94-04c1-424b-9868-57a2d4851a1d" relativeResultsDirectory="9ac61e0f-cd68-48af-9b2a-cb48bd8cc8c9" />
    <UnitTestResult executionId="4dac16c9-46cb-4733-91a6-fb013ff842d2" testId="08b4e1c8-c0de-8757-d082-ef9b66a94a0c" testName="SerializationOf_ImsCacheIdKeys_DoesNotFail_ForAnyCulture" computerName="TFSBUILD11" duration="00:00:00.0457010" startTime="2015-09-28T09:43:52.9701855-07:00" endTime="2015-09-28T09:43:53.0170652-07:00" testType="13cdc9d9-ddb5-4fa4-a97d-d965ccfc6d4b" outcome="Passed" testListId="8c84fa94-04c1-424b-9868-57a2d4851a1d" relativeResultsDirectory="4dac16c9-46cb-4733-91a6-fb013ff842d2" />
    <UnitTestResult executionId="176464fc-767a-4987-830d-c988d2f5bae8" testId="d1d15168-459b-2933-0f23-917a0625a509" testName="SerializationOf_ImsCacheDescriptorKeys_DoesNotFail_ForAnyCulture" computerName="TFSBUILD11" duration="00:00:00.0206975" startTime="2015-09-28T09:43:53.0170652-07:00" endTime="2015-09-28T09:43:53.0326936-07:00" testType="13cdc9d9-ddb5-4fa4-a97d-d965ccfc6d4b" outcome="Passed" testListId="8c84fa94-04c1-424b-9868-57a2d4851a1d" relativeResultsDirectory="176464fc-767a-4987-830d-c988d2f5bae8" />
    <UnitTestResult executionId="395d1eff-7a33-48f8-8c6a-b954539bb74d" testId="b4eed12d-60e9-b12f-7f9b-0f4cd264f4ca" testName="SerializationOf_ImsCacheScopedIdKeys_DoesNotFail_ForAnyCulture" computerName="TFSBUILD11" duration="00:00:00.0298722" startTime="2015-09-28T09:43:53.0326936-07:00" endTime="2015-09-28T09:43:53.0639450-07:00" testType="13cdc9d9-ddb5-4fa4-a97d-d965ccfc6d4b" outcome="Passed" testListId="8c84fa94-04c1-424b-9868-57a2d4851a1d" relativeResultsDirectory="395d1eff-7a33-48f8-8c6a-b954539bb74d" />
    <UnitTestResult executionId="4f6ffbef-3a9e-40dc-aba2-1ed6f9680e9e" testId="9b645966-e138-ae7f-a848-63c17c55f9aa" testName="SerializationOf_ImsCacheScopedNameKeys_DoesNotFail_ForAnyCulture" computerName="TFSBUILD11" duration="00:00:00.0261557" startTime="2015-09-28T09:43:53.0639450-07:00" endTime="2015-09-28T09:43:53.0795711-07:00" testType="13cdc9d9-ddb5-4fa4-a97d-d965ccfc6d4b" outcome="Passed" testListId="8c84fa94-04c1-424b-9868-57a2d4851a1d" relativeResultsDirectory="4f6ffbef-3a9e-40dc-aba2-1ed6f9680e9e" />
    <UnitTestResult executionId="bd4d9f41-0a17-427d-ad61-14cfece86e1e" testId="a7de81a4-f22b-7996-0ae7-9916f4ce56d7" testName="SerializationOf_ImsCacheDescendants_DoesNotFail_ForAnyCulture" computerName="TFSBUILD11" duration="00:00:00.1143498" startTime="2015-09-28T09:43:53.0795711-07:00" endTime="2015-09-28T09:43:53.2045791-07:00" testType="13cdc9d9-ddb5-4fa4-a97d-d965ccfc6d4b" outcome="Passed" testListId="8c84fa94-04c1-424b-9868-57a2d4851a1d" relativeResultsDirectory="bd4d9f41-0a17-427d-ad61-14cfece86e1e" />
    <UnitTestResult executionId="11264817-6ff1-48cb-ba59-4aa1dc2ddc2c" testId="d78e15d3-7711-ea36-400f-30d918dd0301" testName="SerializationOf_ImsCacheAncestors_DoesNotFail_ForAnyCulture" computerName="TFSBUILD11" duration="00:00:00.0440279" startTime="2015-09-28T09:43:53.2045791-07:00" endTime="2015-09-28T09:43:53.2514572-07:00" testType="13cdc9d9-ddb5-4fa4-a97d-d965ccfc6d4b" outcome="Passed" testListId="8c84fa94-04c1-424b-9868-57a2d4851a1d" relativeResultsDirectory="11264817-6ff1-48cb-ba59-4aa1dc2ddc2c" />
    <UnitTestResult executionId="a2aca650-b523-4311-b198-27a0d4072fe4" testId="02f4d55a-f57b-58aa-f910-88430f0a95ca" testName="SerializationOf_ImsCacheChildren_DoesNotFail_ForAnyCulture" computerName="TFSBUILD11" duration="00:00:00.0872998" startTime="2015-09-28T09:43:53.2514572-07:00" endTime="2015-09-28T09:43:53.3295852-07:00" testType="13cdc9d9-ddb5-4fa4-a97d-d965ccfc6d4b" outcome="Passed" testListId="8c84fa94-04c1-424b-9868-57a2d4851a1d" relativeResultsDirectory="a2aca650-b523-4311-b198-27a0d4072fe4" />
    <UnitTestResult executionId="e2918036-0e17-453a-898c-caf70209d565" testId="de266da4-a983-af84-b7bf-fac381cc93c5" testName="SerializationOf_ImsCacheIdentityIds_DoesNotFail_ForAnyCulture" computerName="TFSBUILD11" duration="00:00:00.0313562" startTime="2015-09-28T09:43:53.3295852-07:00" endTime="2015-09-28T09:43:53.3608365-07:00" testType="13cdc9d9-ddb5-4fa4-a97d-d965ccfc6d4b" outcome="Passed" testListId="8c84fa94-04c1-424b-9868-57a2d4851a1d" relativeResultsDirectory="e2918036-0e17-453a-898c-caf70209d565" />
    <UnitTestResult executionId="b1864b3f-5aff-4eb6-b060-70f3fb58f5b0" testId="2ef1250d-1196-e8fa-a931-2be07569aa13" testName="SerializationOf_ImsCacheScopeMemberships_DoesNotFail_ForAnyCulture" computerName="TFSBUILD11" duration="00:00:00.0227930" startTime="2015-09-28T09:43:53.3608365-07:00" endTime="2015-09-28T09:43:53.3920896-07:00" testType="13cdc9d9-ddb5-4fa4-a97d-d965ccfc6d4b" outcome="Passed" testListId="8c84fa94-04c1-424b-9868-57a2d4851a1d" relativeResultsDirectory="b1864b3f-5aff-4eb6-b060-70f3fb58f5b0" />
    <UnitTestResult executionId="20079388-4e72-4aa6-977a-a990632a6d2f" testId="bffab81c-a309-26df-405b-38a8b41eb9fb" testName="SerializationOf_ImsCacheMruIdentityIds_DoesNotFail_ForAnyCulture" computerName="TFSBUILD11" duration="00:00:00.0463563" startTime="2015-09-28T09:43:53.3920896-07:00" endTime="2015-09-28T09:43:53.4389717-07:00" testType="13cdc9d9-ddb5-4fa4-a97d-d965ccfc6d4b" outcome="Passed" testListId="8c84fa94-04c1-424b-9868-57a2d4851a1d" relativeResultsDirectory="20079388-4e72-4aa6-977a-a990632a6d2f" />
    <UnitTestResult executionId="7957bfe5-f14a-488e-bd6c-3f9f5b1c3db3" testId="6500a168-85f0-c8e4-b189-d183644d85fe" testName="SerializationOf_ImsCacheIdentitiesByDisplayName_DoesNotFail_ForAnyCulture" computerName="TFSBUILD11" duration="00:00:00.0488836" startTime="2015-09-28T09:43:53.4389717-07:00" endTime="2015-09-28T09:43:53.4858508-07:00" testType="13cdc9d9-ddb5-4fa4-a97d-d965ccfc6d4b" outcome="Passed" testListId="8c84fa94-04c1-424b-9868-57a2d4851a1d" relativeResultsDirectory="7957bfe5-f14a-488e-bd6c-3f9f5b1c3db3" />
    <UnitTestResult executionId="241f0c54-cd93-4c73-a1a1-5094166dc573" testId="a2a8ecc4-b550-f7ab-300d-0740d369253a" testName="SerializationOf_ImsCacheIdentitiesByAccountName_DoesNotFail_ForAnyCulture" computerName="TFSBUILD11" duration="00:00:00.0453224" startTime="2015-09-28T09:43:53.4858508-07:00" endTime="2015-09-28T09:43:53.5327283-07:00" testType="13cdc9d9-ddb5-4fa4-a97d-d965ccfc6d4b" outcome="Passed" testListId="8c84fa94-04c1-424b-9868-57a2d4851a1d" relativeResultsDirectory="241f0c54-cd93-4c73-a1a1-5094166dc573" />
    <UnitTestResult executionId="f4acdcb1-49f4-47f8-b1aa-d96ae24b89d1" testId="701bc333-9c81-51b8-3ba2-888311e56127" testName="SerializationOf_ImsCacheDisplayNameSearchIndex_DoesNotFail_ForAnyCulture" computerName="TFSBUILD11" duration="00:00:00.1101281" startTime="2015-09-28T09:43:53.5327283-07:00" endTime="2015-09-28T09:43:53.6421097-07:00" testType="13cdc9d9-ddb5-4fa4-a97d-d965ccfc6d4b" outcome="Passed" testListId="8c84fa94-04c1-424b-9868-57a2d4851a1d" relativeResultsDirectory="f4acdcb1-49f4-47f8-b1aa-d96ae24b89d1" />
    <UnitTestResult executionId="9560097c-12c2-4db5-b914-61e5d6a507e4" testId="2ea6cfdc-5971-8b79-8bff-a930018bd76f" testName="SerializationOf_ImsCacheEmailSearchIndex_DoesNotFail_ForAnyCulture" computerName="TFSBUILD11" duration="00:00:00.0979135" startTime="2015-09-28T09:43:53.6421097-07:00" endTime="2015-09-28T09:43:53.7358678-07:00" testType="13cdc9d9-ddb5-4fa4-a97d-d965ccfc6d4b" outcome="Passed" testListId="8c84fa94-04c1-424b-9868-57a2d4851a1d" relativeResultsDirectory="9560097c-12c2-4db5-b914-61e5d6a507e4" />
    <UnitTestResult executionId="ffb0060c-77c2-4c39-a84b-974e6ce40b36" testId="c7e7ccf9-6877-af34-bc21-0272613a813b" testName="SerializationOf_ImsCacheAccountNameSearchIndex_DoesNotFail_ForAnyCulture" computerName="TFSBUILD11" duration="00:00:00.0935137" startTime="2015-09-28T09:43:53.7358678-07:00" endTime="2015-09-28T09:43:53.8296213-07:00" testType="13cdc9d9-ddb5-4fa4-a97d-d965ccfc6d4b" outcome="Passed" testListId="8c84fa94-04c1-424b-9868-57a2d4851a1d" relativeResultsDirectory="ffb0060c-77c2-4c39-a84b-974e6ce40b36" />
    <UnitTestResult executionId="f2dc5ae6-078f-4ab5-a977-7c952988f13c" testId="56422b13-5e68-d5cb-87e2-3c78ffd8c4ad" testName="ImsCacheOrchestrator_DoesNotFail_WhenKeysAreRepeated" computerName="TFSBUILD11" duration="00:00:00.0427243" startTime="2015-09-28T09:43:53.8296213-07:00" endTime="2015-09-28T09:43:53.8765008-07:00" testType="13cdc9d9-ddb5-4fa4-a97d-d965ccfc6d4b" outcome="Passed" testListId="8c84fa94-04c1-424b-9868-57a2d4851a1d" relativeResultsDirectory="f2dc5ae6-078f-4ab5-a977-7c952988f13c" />
    <UnitTestResult executionId="e3254347-93a5-4057-b0b9-1f339c0a6c32" testId="283087f1-cbc8-1e5f-d925-e2c402fa665c" testName="ImsCacheService_CreateIdentityIdsByEmailSearchIndex_UsesLocalCache" computerName="TFSBUILD11" duration="00:00:00.0922516" startTime="2015-09-28T09:43:53.8765008-07:00" endTime="2015-09-28T09:43:53.9702552-07:00" testType="13cdc9d9-ddb5-4fa4-a97d-d965ccfc6d4b" outcome="Passed" testListId="8c84fa94-04c1-424b-9868-57a2d4851a1d" relativeResultsDirectory="e3254347-93a5-4057-b0b9-1f339c0a6c32" />
    <UnitTestResult executionId="386b38cb-6482-4c80-ae5a-917d627356ef" testId="678646b3-f5d6-01bf-1855-0e0a2e02687f" testName="ImsCacheService_CreateIdentityIdsByAccountNameSearchIndex_UsesLocalCache" computerName="TFSBUILD11" duration="00:00:00.0113771" startTime="2015-09-28T09:43:53.9702552-07:00" endTime="2015-09-28T09:43:53.9858838-07:00" testType="13cdc9d9-ddb5-4fa4-a97d-d965ccfc6d4b" outcome="Passed" testListId="8c84fa94-04c1-424b-9868-57a2d4851a1d" relativeResultsDirectory="386b38cb-6482-4c80-ae5a-917d627356ef" />
    <UnitTestResult executionId="fd47f968-735e-4544-a357-20045c78c487" testId="256562ef-d956-434d-e82e-665438ad96ec" testName="ImsCacheService_SearchIdentityIdsByEmail_UsesLocalCache" computerName="TFSBUILD11" duration="00:00:00.0145305" startTime="2015-09-28T09:43:53.9858838-07:00" endTime="2015-09-28T09:43:54.0015094-07:00" testType="13cdc9d9-ddb5-4fa4-a97d-d965ccfc6d4b" outcome="Passed" testListId="8c84fa94-04c1-424b-9868-57a2d4851a1d" relativeResultsDirectory="fd47f968-735e-4544-a357-20045c78c487" />
    <UnitTestResult executionId="50d2747e-58a8-429a-a373-e134c251f4d0" testId="5922158c-66da-79e4-c54a-b5780b1bcebb" testName="ImsCacheService_SearchIdentityIdsByAccountName_UsesLocalCache" computerName="TFSBUILD11" duration="00:00:00.0107718" startTime="2015-09-28T09:43:54.0015094-07:00" endTime="2015-09-28T09:43:54.0015094-07:00" testType="13cdc9d9-ddb5-4fa4-a97d-d965ccfc6d4b" outcome="Passed" testListId="8c84fa94-04c1-424b-9868-57a2d4851a1d" relativeResultsDirectory="50d2747e-58a8-429a-a373-e134c251f4d0" />
    <UnitTestResult executionId="da4541ac-7013-432b-b64b-e5cadbc8a3a6" testId="7bad93e5-2bbb-62b5-02ba-acab62a68570" testName="ImsCacheService_CreateIdentityIdsByEmailSearchIndex_DoesntCallLocalCache_WhenOperationIsConfiguredOff" computerName="TFSBUILD11" duration="00:00:00.0147080" startTime="2015-09-28T09:43:54.0015094-07:00" endTime="2015-09-28T09:43:54.0171341-07:00" testType="13cdc9d9-ddb5-4fa4-a97d-d965ccfc6d4b" outcome="Passed" testListId="8c84fa94-04c1-424b-9868-57a2d4851a1d" relativeResultsDirectory="da4541ac-7013-432b-b64b-e5cadbc8a3a6" />
    <UnitTestResult executionId="24ac7ad0-bef9-4ba5-809a-8831108b962a" testId="8c989e15-3243-3c8b-ba51-7e3cf79817eb" testName="ImsCacheService_CreateIdentityIdsByAccountNameSearchIndex_DoesntCallLocalCache_WhenOperationIsConfiguredOff" computerName="TFSBUILD11" duration="00:00:00.0112016" startTime="2015-09-28T09:43:54.0171341-07:00" endTime="2015-09-28T09:43:54.0327636-07:00" testType="13cdc9d9-ddb5-4fa4-a97d-d965ccfc6d4b" outcome="Passed" testListId="8c84fa94-04c1-424b-9868-57a2d4851a1d" relativeResultsDirectory="24ac7ad0-bef9-4ba5-809a-8831108b962a" />
    <UnitTestResult executionId="7a5cd258-c8a0-486e-9d61-637f3f0c0cbc" testId="5038b514-0f5c-8eae-5ee0-02a237799c2c" testName="ImsCacheService_CreateIdentityIdsByEmailSearchIndex_UsesRemoteCache" computerName="TFSBUILD11" duration="00:00:00.0161837" startTime="2015-09-28T09:43:54.0327636-07:00" endTime="2015-09-28T09:43:54.0483920-07:00" testType="13cdc9d9-ddb5-4fa4-a97d-d965ccfc6d4b" outcome="Passed" testListId="8c84fa94-04c1-424b-9868-57a2d4851a1d" relativeResultsDirectory="7a5cd258-c8a0-486e-9d61-637f3f0c0cbc" />
    <UnitTestResult executionId="c82b504d-79e4-4546-96a6-478c438010b6" testId="9b1ba3ec-3d13-cab4-9e92-11d811813b65" testName="ImsCacheService_CreateIdentityIdsByAccountNameSearchIndex_UsesRemoteCache" computerName="TFSBUILD11" duration="00:00:00.0197335" startTime="2015-09-28T09:43:54.0483920-07:00" endTime="2015-09-28T09:43:54.0640207-07:00" testType="13cdc9d9-ddb5-4fa4-a97d-d965ccfc6d4b" outcome="Passed" testListId="8c84fa94-04c1-424b-9868-57a2d4851a1d" relativeResultsDirectory="c82b504d-79e4-4546-96a6-478c438010b6" />
    <UnitTestResult executionId="2b03020d-e455-4bcc-b1b5-119f5c9eb2ad" testId="61939a28-6db6-2687-62c7-996b5e6ac31c" testName="ImsCacheService_SearchIdentityIdsByEmail_UsesRemoteCache" computerName="TFSBUILD11" duration="00:00:00.0176642" startTime="2015-09-28T09:43:54.0640207-07:00" endTime="2015-09-28T09:43:54.0796374-07:00" testType="13cdc9d9-ddb5-4fa4-a97d-d965ccfc6d4b" outcome="Passed" testListId="8c84fa94-04c1-424b-9868-57a2d4851a1d" relativeResultsDirectory="2b03020d-e455-4bcc-b1b5-119f5c9eb2ad" />
    <UnitTestResult executionId="b4ac81b3-da35-46b3-8e35-518114ecdaab" testId="8fdfc646-31e4-d7a4-69fe-6d153e4effde" testName="ImsCacheService_SearchIdentityIdsByAccountName_UsesRemoteCache" computerName="TFSBUILD11" duration="00:00:00.0107238" startTime="2015-09-28T09:43:54.0796374-07:00" endTime="2015-09-28T09:43:54.0952652-07:00" testType="13cdc9d9-ddb5-4fa4-a97d-d965ccfc6d4b" outcome="Passed" testListId="8c84fa94-04c1-424b-9868-57a2d4851a1d" relativeResultsDirectory="b4ac81b3-da35-46b3-8e35-518114ecdaab" />
    <UnitTestResult executionId="a45c35c5-f922-4abb-8a98-061b07bc5dd9" testId="2f55c159-b310-56e4-d2d6-8dd4f8e1316f" testName="ImsCacheService_SetIdentitiesByAccountName_ValidatesHost" computerName="TFSBUILD11" duration="00:00:00.0212712" startTime="2015-09-28T09:43:54.0952652-07:00" endTime="2015-09-28T09:43:54.1265177-07:00" testType="13cdc9d9-ddb5-4fa4-a97d-d965ccfc6d4b" outcome="Passed" testListId="8c84fa94-04c1-424b-9868-57a2d4851a1d" relativeResultsDirectory="a45c35c5-f922-4abb-8a98-061b07bc5dd9" />
    <UnitTestResult executionId="28b76c22-8209-47b2-a5de-1eb70da15a79" testId="0d4e8e22-89f6-99e8-b74b-be1e80dbd629" testName="ImsCacheService_SetIdentitiesByAccountName_ChecksFeatureFlag" computerName="TFSBUILD11" duration="00:00:00.0070638" startTime="2015-09-28T09:43:54.1265177-07:00" endTime="2015-09-28T09:43:54.1265177-07:00" testType="13cdc9d9-ddb5-4fa4-a97d-d965ccfc6d4b" outcome="Passed" testListId="8c84fa94-04c1-424b-9868-57a2d4851a1d" relativeResultsDirectory="28b76c22-8209-47b2-a5de-1eb70da15a79" />
    <UnitTestResult executionId="3b50fae7-c720-44dc-8f52-ae2eba0d41fc" testId="664e64b6-1999-dfc4-bd6d-9de32409051d" testName="ImsCacheService_SetIdentitiesByAccountName_ReturnsNull_WhenFeatureFlagIsOff" computerName="TFSBUILD11" duration="00:00:00.0069378" startTime="2015-09-28T09:43:54.1265177-07:00" endTime="2015-09-28T09:43:54.1265177-07:00" testType="13cdc9d9-ddb5-4fa4-a97d-d965ccfc6d4b" outcome="Passed" testListId="8c84fa94-04c1-424b-9868-57a2d4851a1d" relativeResultsDirectory="3b50fae7-c720-44dc-8f52-ae2eba0d41fc" />
    <UnitTestResult executionId="ca580b07-221c-4ac5-999d-c515c70ddeab" testId="bc60550c-8030-dc98-1fea-c3e3b881e4df" testName="ImsCacheService_SetIdentitiesByAccountName_CallsRemoteCache" computerName="TFSBUILD11" duration="00:00:00.0077798" startTime="2015-09-28T09:43:54.1265177-07:00" endTime="2015-09-28T09:43:54.1421427-07:00" testType="13cdc9d9-ddb5-4fa4-a97d-d965ccfc6d4b" outcome="Passed" testListId="8c84fa94-04c1-424b-9868-57a2d4851a1d" relativeResultsDirectory="ca580b07-221c-4ac5-999d-c515c70ddeab" />
    <UnitTestResult executionId="7dfe2cc7-844a-46f9-9680-61265b6659c3" testId="dea64e81-f506-ecc7-c800-c2ebdbcfa6ad" testName="ImsCacheService_SetIdentitiesByAccountName_CallsRemoteCache_WhenDealingWithNonLinkedIdentities" computerName="TFSBUILD11" duration="00:00:00.0126059" startTime="2015-09-28T09:43:54.1421427-07:00" endTime="2015-09-28T09:43:54.1577691-07:00" testType="13cdc9d9-ddb5-4fa4-a97d-d965ccfc6d4b" outcome="Passed" testListId="8c84fa94-04c1-424b-9868-57a2d4851a1d" relativeResultsDirectory="7dfe2cc7-844a-46f9-9680-61265b6659c3" />
    <UnitTestResult executionId="f9794675-44c1-4d29-9def-05baab5361e6" testId="20bd1161-71ec-066f-ae1a-e305bcd488ce" testName="ImsCacheService_SetIdentitiesByAccountName_DoesNotCallRemoteCache_WhenDealingWithLinkedIdentities" computerName="TFSBUILD11" duration="00:00:00.0082616" startTime="2015-09-28T09:43:54.1577691-07:00" endTime="2015-09-28T09:43:54.1577691-07:00" testType="13cdc9d9-ddb5-4fa4-a97d-d965ccfc6d4b" outcome="Passed" testListId="8c84fa94-04c1-424b-9868-57a2d4851a1d" relativeResultsDirectory="f9794675-44c1-4d29-9def-05baab5361e6" />
    <UnitTestResult executionId="fc2eea8b-ac5e-4840-bb52-0f31e43ab03d" testId="8b9e922b-d1c0-8293-6b06-768eabd25959" testName="ImsCacheService_GetIdentitiesById_ValidatesHost" computerName="TFSBUILD11" duration="00:00:00.0134561" startTime="2015-09-28T09:43:54.1577691-07:00" endTime="2015-09-28T09:43:54.1733963-07:00" testType="13cdc9d9-ddb5-4fa4-a97d-d965ccfc6d4b" outcome="Passed" testListId="8c84fa94-04c1-424b-9868-57a2d4851a1d" relativeResultsDirectory="fc2eea8b-ac5e-4840-bb52-0f31e43ab03d" />
    <UnitTestResult executionId="7146adc6-c822-47bb-86cd-a3f0c7f4171c" testId="047cc1e7-364f-12ca-18a1-0436ca797ebb" testName="ImsCacheService_GetIdentitiesById_ChecksFeatureFlag" computerName="TFSBUILD11" duration="00:00:00.0108873" startTime="2015-09-28T09:43:54.1733963-07:00" endTime="2015-09-28T09:43:54.1890227-07:00" testType="13cdc9d9-ddb5-4fa4-a97d-d965ccfc6d4b" outcome="Passed" testListId="8c84fa94-04c1-424b-9868-57a2d4851a1d" relativeResultsDirectory="7146adc6-c822-47bb-86cd-a3f0c7f4171c" />
    <UnitTestResult executionId="be7a5edb-3d9a-4921-bcb0-78d1da21c753" testId="114f05ed-b0af-d6d9-9640-1186995f2e5f" testName="ImsCacheService_GetIdentitiesById_ReturnsNull_WhenFeatureFlagIsOff" computerName="TFSBUILD11" duration="00:00:00.0072516" startTime="2015-09-28T09:43:54.1890227-07:00" endTime="2015-09-28T09:43:54.1890227-07:00" testType="13cdc9d9-ddb5-4fa4-a97d-d965ccfc6d4b" outcome="Passed" testListId="8c84fa94-04c1-424b-9868-57a2d4851a1d" relativeResultsDirectory="be7a5edb-3d9a-4921-bcb0-78d1da21c753" />
    <UnitTestResult executionId="2fea1ef5-ca0c-4ad3-9c70-438258b136f2" testId="09955f50-0e2b-0027-f2e1-3ada5cc65b90" testName="ImsCacheService_GetIdentitiesById_CallsRemoteCache" computerName="TFSBUILD11" duration="00:00:00.0436510" startTime="2015-09-28T09:43:54.1890227-07:00" endTime="2015-09-28T09:43:54.2358991-07:00" testType="13cdc9d9-ddb5-4fa4-a97d-d965ccfc6d4b" outcome="Passed" testListId="8c84fa94-04c1-424b-9868-57a2d4851a1d" relativeResultsDirectory="2fea1ef5-ca0c-4ad3-9c70-438258b136f2" />
    <UnitTestResult executionId="be3455df-01be-4e80-b7f5-a60ac2493ba7" testId="582e5fbf-099a-322b-e1e5-7ab05e23d9df" testName="ImsCacheService_GetIdentitiesById_CanHandleDuplicateKeys" computerName="TFSBUILD11" duration="00:00:00.0157391" startTime="2015-09-28T09:43:54.2358991-07:00" endTime="2015-09-28T09:43:54.2515246-07:00" testType="13cdc9d9-ddb5-4fa4-a97d-d965ccfc6d4b" outcome="Passed" testListId="8c84fa94-04c1-424b-9868-57a2d4851a1d" relativeResultsDirectory="be3455df-01be-4e80-b7f5-a60ac2493ba7" />
    <UnitTestResult executionId="b63af1bd-ee92-47ee-95bc-00f04676503d" testId="15e7e6e7-d4f9-f3ad-d42e-a6425c785514" testName="ImsCacheService_SetIdentitiesById_ValidatesHost" computerName="TFSBUILD11" duration="00:00:00.0207479" startTime="2015-09-28T09:43:54.2515246-07:00" endTime="2015-09-28T09:43:54.2827774-07:00" testType="13cdc9d9-ddb5-4fa4-a97d-d965ccfc6d4b" outcome="Passed" testListId="8c84fa94-04c1-424b-9868-57a2d4851a1d" relativeResultsDirectory="b63af1bd-ee92-47ee-95bc-00f04676503d" />
    <UnitTestResult executionId="5d0642e2-c5f8-4c67-8fb2-4d147c483f3f" testId="f08daec7-b265-68d2-1085-8ffadd7bdd1b" testName="ImsCacheService_SetIdentitiesById_ChecksFeatureFlag" computerName="TFSBUILD11" duration="00:00:00.0102633" startTime="2015-09-28T09:43:54.2827774-07:00" endTime="2015-09-28T09:43:54.2827774-07:00" testType="13cdc9d9-ddb5-4fa4-a97d-d965ccfc6d4b" outcome="Passed" testListId="8c84fa94-04c1-424b-9868-57a2d4851a1d" relativeResultsDirectory="5d0642e2-c5f8-4c67-8fb2-4d147c483f3f" />
    <UnitTestResult executionId="f13ebef0-e1d7-4581-9cda-86c756d80258" testId="a1b861a8-0a37-9957-9db1-d6e0787e6270" testName="ImsCacheService_SetIdentitiesById_ReturnsNull_WhenFeatureFlagIsOff" computerName="TFSBUILD11" duration="00:00:00.0101950" startTime="2015-09-28T09:43:54.2827774-07:00" endTime="2015-09-28T09:43:54.2984029-07:00" testType="13cdc9d9-ddb5-4fa4-a97d-d965ccfc6d4b" outcome="Passed" testListId="8c84fa94-04c1-424b-9868-57a2d4851a1d" relativeResultsDirectory="f13ebef0-e1d7-4581-9cda-86c756d80258" />
    <UnitTestResult executionId="7ce2eecb-8e91-4326-b8bd-c12924b7107e" testId="0f188318-6fe0-57e5-887e-6c1fdd4611b1" testName="ImsCacheService_SetIdentitiesById_CallsRemoteCache" computerName="TFSBUILD11" duration="00:00:00.0309045" startTime="2015-09-28T09:43:54.2984029-07:00" endTime="2015-09-28T09:43:54.3296552-07:00" testType="13cdc9d9-ddb5-4fa4-a97d-d965ccfc6d4b" outcome="Passed" testListId="8c84fa94-04c1-424b-9868-57a2d4851a1d" relativeResultsDirectory="7ce2eecb-8e91-4326-b8bd-c12924b7107e" />
    <UnitTestResult executionId="fba19b4a-1c64-4d4f-a0b1-3a5550399902" testId="35476caf-702f-158d-2566-0abe06859e77" testName="ImsCacheService_SetIdentitiesById_CallsRemoteCache_WhenDealingWithNonLinkedIdentities" computerName="TFSBUILD11" duration="00:00:00.0199321" startTime="2015-09-28T09:43:54.3296552-07:00" endTime="2015-09-28T09:43:54.3452810-07:00" testType="13cdc9d9-ddb5-4fa4-a97d-d965ccfc6d4b" outcome="Passed" testListId="8c84fa94-04c1-424b-9868-57a2d4851a1d" relativeResultsDirectory="fba19b4a-1c64-4d4f-a0b1-3a5550399902" />
    <UnitTestResult executionId="cf7e3e86-b24a-43b3-93cb-b3332394d27c" testId="2a158488-36df-6808-771c-ffb27e837593" testName="ImsCacheService_SetIdentitiesById_DoesNotCallRemoteCache_WhenDealingWithLinkedIdentities" computerName="TFSBUILD11" duration="00:00:00.0121858" startTime="2015-09-28T09:43:54.3452810-07:00" endTime="2015-09-28T09:43:54.3609082-07:00" testType="13cdc9d9-ddb5-4fa4-a97d-d965ccfc6d4b" outcome="Passed" testListId="8c84fa94-04c1-424b-9868-57a2d4851a1d" relativeResultsDirectory="cf7e3e86-b24a-43b3-93cb-b3332394d27c" />
    <UnitTestResult executionId="e2c9efe1-0676-48e2-91e9-85cef16ce66a" testId="70ee8f8b-3078-7c01-0d25-413e481742a0" testName="ImsCacheService_SetIdentitiesByDisplayName_ValidatesHost" computerName="TFSBUILD11" duration="00:00:00.0169608" startTime="2015-09-28T09:43:54.3609082-07:00" endTime="2015-09-28T09:43:54.3765338-07:00" testType="13cdc9d9-ddb5-4fa4-a97d-d965ccfc6d4b" outcome="Passed" testListId="8c84fa94-04c1-424b-9868-57a2d4851a1d" relativeResultsDirectory="e2c9efe1-0676-48e2-91e9-85cef16ce66a" />
    <UnitTestResult executionId="2ec7a416-831d-44d6-abb0-e3ac453dc919" testId="fd841be1-80b7-1926-9473-20b321862df8" testName="ImsCacheService_SetIdentitiesByDisplayName_ChecksFeatureFlag" computerName="TFSBUILD11" duration="00:00:00.0108290" startTime="2015-09-28T09:43:54.3765338-07:00" endTime="2015-09-28T09:43:54.3921605-07:00" testType="13cdc9d9-ddb5-4fa4-a97d-d965ccfc6d4b" outcome="Passed" testListId="8c84fa94-04c1-424b-9868-57a2d4851a1d" relativeResultsDirectory="2ec7a416-831d-44d6-abb0-e3ac453dc919" />
    <UnitTestResult executionId="bc4de5dd-d5d8-469f-9db3-c21b5d162388" testId="16de8969-4532-1a7c-6e54-620563536008" testName="ImsCacheService_SetIdentitiesByDisplayName_ReturnsNull_WhenFeatureFlagIsOff" computerName="TFSBUILD11" duration="00:00:00.0094506" startTime="2015-09-28T09:43:54.3921605-07:00" endTime="2015-09-28T09:43:54.3921605-07:00" testType="13cdc9d9-ddb5-4fa4-a97d-d965ccfc6d4b" outcome="Passed" testListId="8c84fa94-04c1-424b-9868-57a2d4851a1d" relativeResultsDirectory="bc4de5dd-d5d8-469f-9db3-c21b5d162388" />
    <UnitTestResult executionId="bb538ec3-1f24-4da2-b6fc-142261a417ce" testId="81f1ce27-ed91-902c-cad5-0ba4cadfe553" testName="ImsCacheService_SetIdentitiesByDisplayName_CallsRemoteCache" computerName="TFSBUILD11" duration="00:00:00.0097009" startTime="2015-09-28T09:43:54.4077863-07:00" endTime="2015-09-28T09:43:54.4077863-07:00" testType="13cdc9d9-ddb5-4fa4-a97d-d965ccfc6d4b" outcome="Passed" testListId="8c84fa94-04c1-424b-9868-57a2d4851a1d" relativeResultsDirectory="bb538ec3-1f24-4da2-b6fc-142261a417ce" />
    <UnitTestResult executionId="13b7e33a-6fdf-40d7-bc78-18903c713e84" testId="1e0fb0ad-9951-1d56-ef5d-88452fa79ff9" testName="ImsCacheService_SetIdentitiesByDisplayName_CallsRemoteCache_WhenDealingWithNonLinkedIdentities" computerName="TFSBUILD11" duration="00:00:00.0194923" startTime="2015-09-28T09:43:54.4077863-07:00" endTime="2015-09-28T09:43:54.4234113-07:00" testType="13cdc9d9-ddb5-4fa4-a97d-d965ccfc6d4b" outcome="Passed" testListId="8c84fa94-04c1-424b-9868-57a2d4851a1d" relativeResultsDirectory="13b7e33a-6fdf-40d7-bc78-18903c713e84" />
    <UnitTestResult executionId="e4433ab6-3a5e-44d6-96b3-c92854bb7efe" testId="004d8394-a555-b3fe-2e52-9e9fb2044eb0" testName="ImsCacheService_SetIdentitiesByDisplayName_DoesNotCallRemoteCache_WhenDealingWithLinkedIdentities" computerName="TFSBUILD11" duration="00:00:00.0114665" startTime="2015-09-28T09:43:54.4234113-07:00" endTime="2015-09-28T09:43:54.4390379-07:00" testType="13cdc9d9-ddb5-4fa4-a97d-d965ccfc6d4b" outcome="Passed" testListId="8c84fa94-04c1-424b-9868-57a2d4851a1d" relativeResultsDirectory="e4433ab6-3a5e-44d6-96b3-c92854bb7efe" />
    <UnitTestResult executionId="c38c4af4-b001-4ba5-8663-4f68b7dbb103" testId="489894e9-91a2-0cf5-3dbd-c1f789d41aa2" testName="ImsCacheService_SetIdentitiesByDescriptor_ValidatesHost" computerName="TFSBUILD11" duration="00:00:00.0192685" startTime="2015-09-28T09:43:54.4390379-07:00" endTime="2015-09-28T09:43:54.4546640-07:00" testType="13cdc9d9-ddb5-4fa4-a97d-d965ccfc6d4b" outcome="Passed" testListId="8c84fa94-04c1-424b-9868-57a2d4851a1d" relativeResultsDirectory="c38c4af4-b001-4ba5-8663-4f68b7dbb103" />
    <UnitTestResult executionId="6b4e0f54-c805-40fe-aca5-032af0ca8913" testId="6121713f-c1e6-e099-627d-00537ba9a8dc" testName="ImsCacheService_SetIdentitiesByDescriptor_ChecksFeatureFlag" computerName="TFSBUILD11" duration="00:00:00.0100644" startTime="2015-09-28T09:43:54.4546640-07:00" endTime="2015-09-28T09:43:54.4702904-07:00" testType="13cdc9d9-ddb5-4fa4-a97d-d965ccfc6d4b" outcome="Passed" testListId="8c84fa94-04c1-424b-9868-57a2d4851a1d" relativeResultsDirectory="6b4e0f54-c805-40fe-aca5-032af0ca8913" />
    <UnitTestResult executionId="b909cd36-9611-4b20-b048-28a0db7af4e6" testId="678fab75-7104-e8d3-87d4-d846675896f1" testName="ImsCacheService_SetIdentitiesByDescriptor_ReturnsNull_WhenFeatureFlagIsOff" computerName="TFSBUILD11" duration="00:00:00.0098687" startTime="2015-09-28T09:43:54.4702904-07:00" endTime="2015-09-28T09:43:54.4859163-07:00" testType="13cdc9d9-ddb5-4fa4-a97d-d965ccfc6d4b" outcome="Passed" testListId="8c84fa94-04c1-424b-9868-57a2d4851a1d" relativeResultsDirectory="b909cd36-9611-4b20-b048-28a0db7af4e6" />
    <UnitTestResult executionId="bf9ebf0c-6b47-436e-b1e6-a22fddc9acc3" testId="579603d8-814e-380c-3772-3dbebd68ae8e" testName="ImsCacheService_SetIdentitiesByDescriptor_CallsRemoteCache" computerName="TFSBUILD11" duration="00:00:00.0222105" startTime="2015-09-28T09:43:54.4859163-07:00" endTime="2015-09-28T09:43:54.5015421-07:00" testType="13cdc9d9-ddb5-4fa4-a97d-d965ccfc6d4b" outcome="Passed" testListId="8c84fa94-04c1-424b-9868-57a2d4851a1d" relativeResultsDirectory="bf9ebf0c-6b47-436e-b1e6-a22fddc9acc3" />
    <UnitTestResult executionId="adbeeb0c-43c1-4b14-a976-f84c9973d241" testId="b9d5a937-2707-0bf9-e6bf-562ffd6dac0c" testName="ImsCacheService_SetIdentitiesByDescriptor_CallsRemoteCache_WhenDealingWithNonLinkedIdentities" computerName="TFSBUILD11" duration="00:00:00.0179828" startTime="2015-09-28T09:43:54.5015421-07:00" endTime="2015-09-28T09:43:54.5171696-07:00" testType="13cdc9d9-ddb5-4fa4-a97d-d965ccfc6d4b" outcome="Passed" testListId="8c84fa94-04c1-424b-9868-57a2d4851a1d" relativeResultsDirectory="adbeeb0c-43c1-4b14-a976-f84c9973d241" />
    <UnitTestResult executionId="41763edd-fd89-4d41-b77e-768ab7ebcecd" testId="087d9bf3-336d-541e-50d1-59bbb8c27d39" testName="ImsCacheService_SetIdentitiesByDescriptor_DoesNotCallRemoteCache_WhenDealingWithLinkedIdentities" computerName="TFSBUILD11" duration="00:00:00.0110327" startTime="2015-09-28T09:43:54.5171696-07:00" endTime="2015-09-28T09:43:54.5327977-07:00" testType="13cdc9d9-ddb5-4fa4-a97d-d965ccfc6d4b" outcome="Passed" testListId="8c84fa94-04c1-424b-9868-57a2d4851a1d" relativeResultsDirectory="41763edd-fd89-4d41-b77e-768ab7ebcecd" />
    <UnitTestResult executionId="5b00b5d6-d6a9-4d52-92a4-c2872123ae91" testId="48bc5582-232a-317e-5be9-a3d67e544eeb" testName="ImsCacheService_SetIdentitiesInScope_ValidatesHost" computerName="TFSBUILD11" duration="00:00:00.0119204" startTime="2015-09-28T09:43:54.5327977-07:00" endTime="2015-09-28T09:43:54.5484204-07:00" testType="13cdc9d9-ddb5-4fa4-a97d-d965ccfc6d4b" outcome="Passed" testListId="8c84fa94-04c1-424b-9868-57a2d4851a1d" relativeResultsDirectory="5b00b5d6-d6a9-4d52-92a4-c2872123ae91" />
    <UnitTestResult executionId="2d25fa86-7660-4751-87bc-0f641ff45343" testId="19b240a4-78b3-acfa-05cb-310dcdbe993b" testName="ImsCacheService_SetIdentitiesInScope_ChecksFeatureFlag" computerName="TFSBUILD11" duration="00:00:00.0066639" startTime="2015-09-28T09:43:54.5484204-07:00" endTime="2015-09-28T09:43:54.5484204-07:00" testType="13cdc9d9-ddb5-4fa4-a97d-d965ccfc6d4b" outcome="Passed" testListId="8c84fa94-04c1-424b-9868-57a2d4851a1d" relativeResultsDirectory="2d25fa86-7660-4751-87bc-0f641ff45343" />
    <UnitTestResult executionId="833426ff-5ad1-4876-ad35-bd7bcbd47dc6" testId="baf71c00-8666-b4f5-00f2-60fd0924df70" testName="ImsCacheService_SetIdentitiesInScope_ReturnsNull_WhenFeatureFlagIsOff" computerName="TFSBUILD11" duration="00:00:00.0066320" startTime="2015-09-28T09:43:54.5484204-07:00" endTime="2015-09-28T09:43:54.5640471-07:00" testType="13cdc9d9-ddb5-4fa4-a97d-d965ccfc6d4b" outcome="Passed" testListId="8c84fa94-04c1-424b-9868-57a2d4851a1d" relativeResultsDirectory="833426ff-5ad1-4876-ad35-bd7bcbd47dc6" />
    <UnitTestResult executionId="fb543d4c-fda9-4888-b556-1f6302b15672" testId="2c2498e4-b789-4dd1-601f-b8777bd880b5" testName="ImsCacheService_SetIdentitiesInScope_CallsRemoteCache" computerName="TFSBUILD11" duration="00:00:00.0122293" startTime="2015-09-28T09:43:54.5640471-07:00" endTime="2015-09-28T09:43:54.5640471-07:00" testType="13cdc9d9-ddb5-4fa4-a97d-d965ccfc6d4b" outcome="Passed" testListId="8c84fa94-04c1-424b-9868-57a2d4851a1d" relativeResultsDirectory="fb543d4c-fda9-4888-b556-1f6302b15672" />
    <UnitTestResult executionId="47b132b0-a069-4ed6-a6a4-eae6730aac5a" testId="d0ef5671-0f41-ba61-bb81-49076ffcec70" testName="ImsCacheService_SetIdentitiesInScope_DoesNotCallRemoteCache_WhenItemsDontExceedThreshold" computerName="TFSBUILD11" duration="00:00:00.0084366" startTime="2015-09-28T09:43:54.5796732-07:00" endTime="2015-09-28T09:43:54.5796732-07:00" testType="13cdc9d9-ddb5-4fa4-a97d-d965ccfc6d4b" outcome="Passed" testListId="8c84fa94-04c1-424b-9868-57a2d4851a1d" relativeResultsDirectory="47b132b0-a069-4ed6-a6a4-eae6730aac5a" />
    <UnitTestResult executionId="660da295-609d-4016-aa1f-bc5ae6922791" testId="5e465b16-fbd5-f282-76d2-fc3b4f8b1d3d" testName="ImsCacheService_GetIdentitiesInScope_ValidatesHost" computerName="TFSBUILD11" duration="00:00:00.0116809" startTime="2015-09-28T09:43:54.5796732-07:00" endTime="2015-09-28T09:43:54.5952990-07:00" testType="13cdc9d9-ddb5-4fa4-a97d-d965ccfc6d4b" outcome="Passed" testListId="8c84fa94-04c1-424b-9868-57a2d4851a1d" relativeResultsDirectory="660da295-609d-4016-aa1f-bc5ae6922791" />
    <UnitTestResult executionId="615e1880-6bea-44ee-8086-9f76eafa66b6" testId="097b31cf-ef90-1b88-2972-8c8ae68a6386" testName="ImsCacheService_GetIdentitiesInScope_ChecksFeatureFlag" computerName="TFSBUILD11" duration="00:00:00.0093129" startTime="2015-09-28T09:43:54.5952990-07:00" endTime="2015-09-28T09:43:54.5952990-07:00" testType="13cdc9d9-ddb5-4fa4-a97d-d965ccfc6d4b" outcome="Passed" testListId="8c84fa94-04c1-424b-9868-57a2d4851a1d" relativeResultsDirectory="615e1880-6bea-44ee-8086-9f76eafa66b6" />
    <UnitTestResult executionId="e8e11cb6-ddd0-44df-a38c-e457cbb0151f" testId="a16349fa-af28-c400-ece3-87e35b1f4a37" testName="ImsCacheService_GetIdentitiesInScope_ReturnsNull_WhenFeatureFlagIsOff" computerName="TFSBUILD11" duration="00:00:00.0075536" startTime="2015-09-28T09:43:54.5952990-07:00" endTime="2015-09-28T09:43:54.6109252-07:00" testType="13cdc9d9-ddb5-4fa4-a97d-d965ccfc6d4b" outcome="Passed" testListId="8c84fa94-04c1-424b-9868-57a2d4851a1d" relativeResultsDirectory="e8e11cb6-ddd0-44df-a38c-e457cbb0151f" />
    <UnitTestResult executionId="ffade1ad-8b30-4dcf-8742-6d16b534f9c6" testId="1f023322-5851-48d2-7715-c523630b105c" testName="ImsCacheService_GetIdentitiesInScope_CallsOrchestrator" computerName="TFSBUILD11" duration="00:00:00.0139397" startTime="2015-09-28T09:43:54.6109252-07:00" endTime="2015-09-28T09:43:54.6265533-07:00" testType="13cdc9d9-ddb5-4fa4-a97d-d965ccfc6d4b" outcome="Passed" testListId="8c84fa94-04c1-424b-9868-57a2d4851a1d" relativeResultsDirectory="ffade1ad-8b30-4dcf-8742-6d16b534f9c6" />
    <UnitTestResult executionId="31d251a4-193b-4c4a-a189-cd5fc30d7cbf" testId="17e5499c-17f7-26dd-1232-959dd97bbc18" testName="ImsCacheService_GetDescendants_ValidatesHost" computerName="TFSBUILD11" duration="00:00:00.0105264" startTime="2015-09-28T09:43:54.6265533-07:00" endTime="2015-09-28T09:43:54.6421797-07:00" testType="13cdc9d9-ddb5-4fa4-a97d-d965ccfc6d4b" outcome="Passed" testListId="8c84fa94-04c1-424b-9868-57a2d4851a1d" relativeResultsDirectory="31d251a4-193b-4c4a-a189-cd5fc30d7cbf" />
    <UnitTestResult executionId="14e3fced-76c1-4046-9df6-9903bd14110d" testId="9f984390-547b-6a21-a5ce-8f64b780b3f0" testName="ImsCacheService_GetDescendants_ChecksFeatureFlag" computerName="TFSBUILD11" duration="00:00:00.0084476" startTime="2015-09-28T09:43:54.6421797-07:00" endTime="2015-09-28T09:43:54.6421797-07:00" testType="13cdc9d9-ddb5-4fa4-a97d-d965ccfc6d4b" outcome="Passed" testListId="8c84fa94-04c1-424b-9868-57a2d4851a1d" relativeResultsDirectory="14e3fced-76c1-4046-9df6-9903bd14110d" />
    <UnitTestResult executionId="100978a6-8114-49db-bdac-1fe43878ff4e" testId="f8e7efe0-170d-aedf-43ee-aa3cd6dd8055" testName="ImsCacheService_GetDescendants_ReturnsNull_WhenFeatureFlagIsOff" computerName="TFSBUILD11" duration="00:00:00.0061997" startTime="2015-09-28T09:43:54.6421797-07:00" endTime="2015-09-28T09:43:54.6421797-07:00" testType="13cdc9d9-ddb5-4fa4-a97d-d965ccfc6d4b" outcome="Passed" testListId="8c84fa94-04c1-424b-9868-57a2d4851a1d" relativeResultsDirectory="100978a6-8114-49db-bdac-1fe43878ff4e" />
    <UnitTestResult executionId="9b2cc882-4f6c-4ff0-ba86-360b25de20a0" testId="64d4bff7-dd35-1ae3-b2e0-632b8fc79c93" testName="ImsCacheService_GetDescendants_ReturnsEmptySets_IfRequestIsNotForGroups" computerName="TFSBUILD11" duration="00:00:00.0122714" startTime="2015-09-28T09:43:54.6421797-07:00" endTime="2015-09-28T09:43:54.6578038-07:00" testType="13cdc9d9-ddb5-4fa4-a97d-d965ccfc6d4b" outcome="Passed" testListId="8c84fa94-04c1-424b-9868-57a2d4851a1d" relativeResultsDirectory="9b2cc882-4f6c-4ff0-ba86-360b25de20a0" />
    <UnitTestResult executionId="0599c6bd-1bed-4ff7-b11e-10d8b8e79342" testId="58c91b6a-9eb6-53df-1e74-c9fdba0ad8b9" testName="ImsCacheService_GetAncestors_ValidatesHost" computerName="TFSBUILD11" duration="00:00:00.0183349" startTime="2015-09-28T09:43:54.6578038-07:00" endTime="2015-09-28T09:43:54.6734302-07:00" testType="13cdc9d9-ddb5-4fa4-a97d-d965ccfc6d4b" outcome="Passed" testListId="8c84fa94-04c1-424b-9868-57a2d4851a1d" relativeResultsDirectory="0599c6bd-1bed-4ff7-b11e-10d8b8e79342" />
    <UnitTestResult executionId="ca2f7d32-296c-48f2-b43d-c52bd30bb1b2" testId="9b441752-12e4-110c-cd72-7ef1424017bf" testName="ImsCacheService_GetAncestors_ChecksFeatureFlag" computerName="TFSBUILD11" duration="00:00:00.0123300" startTime="2015-09-28T09:43:54.6734302-07:00" endTime="2015-09-28T09:43:54.6890566-07:00" testType="13cdc9d9-ddb5-4fa4-a97d-d965ccfc6d4b" outcome="Passed" testListId="8c84fa94-04c1-424b-9868-57a2d4851a1d" relativeResultsDirectory="ca2f7d32-296c-48f2-b43d-c52bd30bb1b2" />
    <UnitTestResult executionId="95f88e8b-c083-4ba1-adaf-01e95b662a3e" testId="97ddcd5b-c008-ddae-eb9a-a09ccbca3aa9" testName="ImsCacheService_GetAncestors_ReturnsNull_WhenFeatureFlagIsOff" computerName="TFSBUILD11" duration="00:00:00.0119355" startTime="2015-09-28T09:43:54.6890566-07:00" endTime="2015-09-28T09:43:54.7046821-07:00" testType="13cdc9d9-ddb5-4fa4-a97d-d965ccfc6d4b" outcome="Passed" testListId="8c84fa94-04c1-424b-9868-57a2d4851a1d" relativeResultsDirectory="95f88e8b-c083-4ba1-adaf-01e95b662a3e" />
    <UnitTestResult executionId="fe4e918e-545a-4341-a3c9-e520ff3508a3" testId="b92be0d6-a702-9afe-bd87-e8aa2538f1db" testName="ImsCacheService_GetAncestors_CallsOrchestrator" computerName="TFSBUILD11" duration="00:00:00.0312162" startTime="2015-09-28T09:43:54.7046821-07:00" endTime="2015-09-28T09:43:54.7359346-07:00" testType="13cdc9d9-ddb5-4fa4-a97d-d965ccfc6d4b" outcome="Passed" testListId="8c84fa94-04c1-424b-9868-57a2d4851a1d" relativeResultsDirectory="fe4e918e-545a-4341-a3c9-e520ff3508a3" />
    <UnitTestResult executionId="d82ce98c-b718-4fd3-bb4e-21b025ce0afd" testId="673a21be-3f03-b007-4e12-289f697c1435" testName="ImsCacheService_CreateIdentityIdsByDisplayNameSearchIndex_ValidatesHost" computerName="TFSBUILD11" duration="00:00:00.0169255" startTime="2015-09-28T09:43:54.7359346-07:00" endTime="2015-09-28T09:43:54.7515607-07:00" testType="13cdc9d9-ddb5-4fa4-a97d-d965ccfc6d4b" outcome="Passed" testListId="8c84fa94-04c1-424b-9868-57a2d4851a1d" relativeResultsDirectory="d82ce98c-b718-4fd3-bb4e-21b025ce0afd" />
    <UnitTestResult executionId="82399f5d-a02a-4693-9105-35d3098d8567" testId="581e1f50-ed53-b02b-8536-b0f5d60dcb5e" testName="ImsCacheService_SearchIdentityIdsByDisplayName_ValidatesHost" computerName="TFSBUILD11" duration="00:00:00.0132849" startTime="2015-09-28T09:43:54.7515607-07:00" endTime="2015-09-28T09:43:54.7671865-07:00" testType="13cdc9d9-ddb5-4fa4-a97d-d965ccfc6d4b" outcome="Passed" testListId="8c84fa94-04c1-424b-9868-57a2d4851a1d" relativeResultsDirectory="82399f5d-a02a-4693-9105-35d3098d8567" />
    <UnitTestResult executionId="ab57cb8d-93c6-4c07-b966-399db3cf7158" testId="e6331b42-691a-6a72-0d3f-05a7e39cc4fa" testName="ImsCacheService_CreateIdentityIdsByDisplayNameSearchIndex_Throws_WhenDeploymentContextIsUsed" computerName="TFSBUILD11" duration="00:00:00.0086399" startTime="2015-09-28T09:43:54.7671865-07:00" endTime="2015-09-28T09:43:54.7828124-07:00" testType="13cdc9d9-ddb5-4fa4-a97d-d965ccfc6d4b" outcome="Passed" testListId="8c84fa94-04c1-424b-9868-57a2d4851a1d" relativeResultsDirectory="ab57cb8d-93c6-4c07-b966-399db3cf7158" />
    <UnitTestResult executionId="b0601300-23da-4fdf-87f2-410223e2db98" testId="cca16f1f-3c9c-2eaa-72dc-7cc9db74920e" testName="ImsCacheService_SearchIdentityIdsByDisplayName_Throws_WhenDeploymentContextIsUsed" computerName="TFSBUILD11" duration="00:00:00.0107451" startTime="2015-09-28T09:43:54.7828124-07:00" endTime="2015-09-28T09:43:54.7828124-07:00" testType="13cdc9d9-ddb5-4fa4-a97d-d965ccfc6d4b" outcome="Passed" testListId="8c84fa94-04c1-424b-9868-57a2d4851a1d" relativeResultsDirectory="b0601300-23da-4fdf-87f2-410223e2db98" />
    <UnitTestResult executionId="5ae63042-5dd6-4f01-aaae-ae8ce9ee5db9" testId="e68ed36c-b457-de44-2b5c-31ba38f634ee" testName="ImsCacheService_CreateIdentityIdsByDisplayNameSearchIndex_ChecksFeatureFlag" computerName="TFSBUILD11" duration="00:00:00.0094358" startTime="2015-09-28T09:43:54.7828124-07:00" endTime="2015-09-28T09:43:54.7984396-07:00" testType="13cdc9d9-ddb5-4fa4-a97d-d965ccfc6d4b" outcome="Passed" testListId="8c84fa94-04c1-424b-9868-57a2d4851a1d" relativeResultsDirectory="5ae63042-5dd6-4f01-aaae-ae8ce9ee5db9" />
    <UnitTestResult executionId="da1cf8af-fb40-4834-814d-43b30810147e" testId="7e039a6c-6aa3-212e-6525-324503a123e3" testName="ImsCacheService_SearchIdentityIdsByDisplayName_ChecksFeatureFlag" computerName="TFSBUILD11" duration="00:00:00.0087122" startTime="2015-09-28T09:43:54.7984396-07:00" endTime="2015-09-28T09:43:54.8140652-07:00" testType="13cdc9d9-ddb5-4fa4-a97d-d965ccfc6d4b" outcome="Passed" testListId="8c84fa94-04c1-424b-9868-57a2d4851a1d" relativeResultsDirectory="da1cf8af-fb40-4834-814d-43b30810147e" />
    <UnitTestResult executionId="ffd55101-a077-4fda-ba37-483641e5cd2d" testId="dd9343b4-4ae9-cc5e-9382-537c56b6b03f" testName="ImsCacheService_SearchIdentityIdsByDisplayName_ReturnsNull_WhenFeatureFlagIsOff" computerName="TFSBUILD11" duration="00:00:00.0085754" startTime="2015-09-28T09:43:54.8140652-07:00" endTime="2015-09-28T09:43:54.8140652-07:00" testType="13cdc9d9-ddb5-4fa4-a97d-d965ccfc6d4b" outcome="Passed" testListId="8c84fa94-04c1-424b-9868-57a2d4851a1d" relativeResultsDirectory="ffd55101-a077-4fda-ba37-483641e5cd2d" />
    <UnitTestResult executionId="9c5062dd-6e75-4056-878a-c751e63a48c4" testId="e8151b57-7a8e-5b36-e130-2fda604f9e95" testName="ImsCacheService_SearchIdentityIdsByDisplayName_ReturnsNull_WhenOperationIsNotSupported" computerName="TFSBUILD11" duration="00:00:00.0075787" startTime="2015-09-28T09:43:54.8140652-07:00" endTime="2015-09-28T09:43:54.8296910-07:00" testType="13cdc9d9-ddb5-4fa4-a97d-d965ccfc6d4b" outcome="Passed" testListId="8c84fa94-04c1-424b-9868-57a2d4851a1d" relativeResultsDirectory="9c5062dd-6e75-4056-878a-c751e63a48c4" />
    <UnitTestResult executionId="10ca520a-b0b5-4e2c-aac8-5f988ed7d2a4" testId="94be50b1-48d8-b524-69a2-488dbda78831" testName="ImsCacheService_SearchIdentityIdsByDisplayName_Throws_WhenAnEmptyOrNullStringIsPassed" computerName="TFSBUILD11" duration="00:00:00.0158904" startTime="2015-09-28T09:43:54.8296910-07:00" endTime="2015-09-28T09:43:54.8453185-07:00" testType="13cdc9d9-ddb5-4fa4-a97d-d965ccfc6d4b" outcome="Passed" testListId="8c84fa94-04c1-424b-9868-57a2d4851a1d" relativeResultsDirectory="10ca520a-b0b5-4e2c-aac8-5f988ed7d2a4" />
    <UnitTestResult executionId="4b7ed553-d831-4a91-9bea-a74328388854" testId="880ce6f9-d24f-b864-0755-bee1388e2368" testName="ImsCacheService_SearchIdentityIdsByDisplayName_Throws_WhenNullArgumentsArePassed" computerName="TFSBUILD11" duration="00:00:00.0122578" startTime="2015-09-28T09:43:54.8453185-07:00" endTime="2015-09-28T09:43:54.8453185-07:00" testType="13cdc9d9-ddb5-4fa4-a97d-d965ccfc6d4b" outcome="Passed" testListId="8c84fa94-04c1-424b-9868-57a2d4851a1d" relativeResultsDirectory="4b7ed553-d831-4a91-9bea-a74328388854" />
    <UnitTestResult executionId="ffb1cdc4-7b75-4b49-b29b-b11ad77b9d74" testId="10e7b1d4-c28b-5dd8-8d96-1210e532325b" testName="ImsCacheService_CreateIdentityIdsByDisplayNameSearchIndex_UsesLocalCache" computerName="TFSBUILD11" duration="00:00:00.0169650" startTime="2015-09-28T09:43:54.8453185-07:00" endTime="2015-09-28T09:43:54.8765707-07:00" testType="13cdc9d9-ddb5-4fa4-a97d-d965ccfc6d4b" outcome="Passed" testListId="8c84fa94-04c1-424b-9868-57a2d4851a1d" relativeResultsDirectory="ffb1cdc4-7b75-4b49-b29b-b11ad77b9d74" />
    <UnitTestResult executionId="f356995f-e5aa-436f-a74b-fab2af06cfc3" testId="f1de4039-b48b-ce74-8d37-d6e33d07a6f6" testName="ImsCacheService_SearchIdentityIdsByDisplayName_UsesLocalCache" computerName="TFSBUILD11" duration="00:00:00.0156529" startTime="2015-09-28T09:43:54.8765707-07:00" endTime="2015-09-28T09:43:54.8921960-07:00" testType="13cdc9d9-ddb5-4fa4-a97d-d965ccfc6d4b" outcome="Passed" testListId="8c84fa94-04c1-424b-9868-57a2d4851a1d" relativeResultsDirectory="f356995f-e5aa-436f-a74b-fab2af06cfc3" />
    <UnitTestResult executionId="b1304a67-4c07-40b3-af5f-576c7c47d558" testId="2871daaa-1c16-e046-ef41-4b15ee2df484" testName="ImsCacheService_CreateIdentityIdsByDisplayNameSearchIndex_DoesntCallLocalCache_WhenOperationIsConfiguredOff" computerName="TFSBUILD11" duration="00:00:00.0087921" startTime="2015-09-28T09:43:54.8921960-07:00" endTime="2015-09-28T09:43:54.8921960-07:00" testType="13cdc9d9-ddb5-4fa4-a97d-d965ccfc6d4b" outcome="Passed" testListId="8c84fa94-04c1-424b-9868-57a2d4851a1d" relativeResultsDirectory="b1304a67-4c07-40b3-af5f-576c7c47d558" />
    <UnitTestResult executionId="0a867839-d728-452b-80d1-51dc9f79b1bc" testId="f582ae98-7970-829e-9ae7-229d2fd5ba91" testName="ImsCacheService_CreateIdentityIdsByDisplayNameSearchIndex_UsesRemoteCache" computerName="TFSBUILD11" duration="00:00:00.0118334" startTime="2015-09-28T09:43:54.8921960-07:00" endTime="2015-09-28T09:43:54.9078213-07:00" testType="13cdc9d9-ddb5-4fa4-a97d-d965ccfc6d4b" outcome="Passed" testListId="8c84fa94-04c1-424b-9868-57a2d4851a1d" relativeResultsDirectory="0a867839-d728-452b-80d1-51dc9f79b1bc" />
    <UnitTestResult executionId="c5a207a6-05f1-4a17-9a2f-f64d48a19846" testId="b22942e5-553b-d752-0a76-39a63593356f" testName="ImsCacheService_SearchIdentityIdsByDisplayName_UsesRemoteCache" computerName="TFSBUILD11" duration="00:00:00.0133185" startTime="2015-09-28T09:43:54.9078213-07:00" endTime="2015-09-28T09:43:54.9234477-07:00" testType="13cdc9d9-ddb5-4fa4-a97d-d965ccfc6d4b" outcome="Passed" testListId="8c84fa94-04c1-424b-9868-57a2d4851a1d" relativeResultsDirectory="c5a207a6-05f1-4a17-9a2f-f64d48a19846" />
    <UnitTestResult executionId="638f2321-d604-4153-8a5f-901be30fafc5" testId="fe1a3674-bab1-6de1-a8a9-489cda12e8a5" testName="ImsCacheService_SearchIdentityIdsByDisplayName_ReturnsNull_WhenCachesAreStaleOrMissing" computerName="TFSBUILD11" duration="00:00:00.0275828" startTime="2015-09-28T09:43:54.9234477-07:00" endTime="2015-09-28T09:43:54.9546993-07:00" testType="13cdc9d9-ddb5-4fa4-a97d-d965ccfc6d4b" outcome="Passed" testListId="8c84fa94-04c1-424b-9868-57a2d4851a1d" relativeResultsDirectory="638f2321-d604-4153-8a5f-901be30fafc5" />
    <UnitTestResult executionId="9d980ef0-94c9-4573-8769-49a42dd3d435" testId="e26e0aab-4fec-e15f-16f8-bfd906068247" testName="ImsCacheService_SearchIdentityIdsByDisplayName_DoesntCallRemoteCache_WhenOperationIsConfiguredOff" computerName="TFSBUILD11" duration="00:00:00.0117250" startTime="2015-09-28T09:43:54.9546993-07:00" endTime="2015-09-28T09:43:54.9546993-07:00" testType="13cdc9d9-ddb5-4fa4-a97d-d965ccfc6d4b" outcome="Passed" testListId="8c84fa94-04c1-424b-9868-57a2d4851a1d" relativeResultsDirectory="9d980ef0-94c9-4573-8769-49a42dd3d435" />
    <UnitTestResult executionId="9129a8d5-5e6e-43f8-8af6-4d50170c59a5" testId="ad671ab0-fd76-7211-39cc-1de94c919aa1" testName="ImsCacheService_CreateIdentityIdsByDisplayNameSearchIndex_DoesntCallRemoteCache_WhenOperationIsConfiguredOff" computerName="TFSBUILD11" duration="00:00:00.0173362" startTime="2015-09-28T09:43:54.9546993-07:00" endTime="2015-09-28T09:43:54.9703260-07:00" testType="13cdc9d9-ddb5-4fa4-a97d-d965ccfc6d4b" outcome="Passed" testListId="8c84fa94-04c1-424b-9868-57a2d4851a1d" relativeResultsDirectory="9129a8d5-5e6e-43f8-8af6-4d50170c59a5" />
    <UnitTestResult executionId="7990cce5-e165-46f5-8bcb-b3c078c13bdd" testId="29fad960-240f-03f4-5067-5e0c7649a69a" testName="ImsSearchCache_AddIndex_ValidatesHost" computerName="TFSBUILD11" duration="00:00:00.0353250" startTime="2015-09-28T09:43:54.9703260-07:00" endTime="2015-09-28T09:43:55.0172077-07:00" testType="13cdc9d9-ddb5-4fa4-a97d-d965ccfc6d4b" outcome="Passed" testListId="8c84fa94-04c1-424b-9868-57a2d4851a1d" relativeResultsDirectory="7990cce5-e165-46f5-8bcb-b3c078c13bdd" />
    <UnitTestResult executionId="bef89fc4-e88c-4e7a-91f5-19e0d5b6c40a" testId="c2e06f68-f6dc-f4e6-5fb2-5df3867593e3" testName="ImsSearchCache_AddIndex_ChecksFeatureFlag" computerName="TFSBUILD11" duration="00:00:00.0114465" startTime="2015-09-28T09:43:55.0172077-07:00" endTime="2015-09-28T09:43:55.0328333-07:00" testType="13cdc9d9-ddb5-4fa4-a97d-d965ccfc6d4b" outcome="Passed" testListId="8c84fa94-04c1-424b-9868-57a2d4851a1d" relativeResultsDirectory="bef89fc4-e88c-4e7a-91f5-19e0d5b6c40a" />
    <UnitTestResult executionId="2a4fe67d-e423-4846-b3a2-840dec83e650" testId="fd5f77e6-fdfb-2c3f-2234-33dc1c4ec201" testName="ImsSearchCache_SearchIndex_ValidatesHost" computerName="TFSBUILD11" duration="00:00:00.0174091" startTime="2015-09-28T09:43:55.0328333-07:00" endTime="2015-09-28T09:43:55.0484597-07:00" testType="13cdc9d9-ddb5-4fa4-a97d-d965ccfc6d4b" outcome="Passed" testListId="8c84fa94-04c1-424b-9868-57a2d4851a1d" relativeResultsDirectory="2a4fe67d-e423-4846-b3a2-840dec83e650" />
    <UnitTestResult executionId="a005c827-a649-4d2d-ab2c-bee3c1bd8aa1" testId="07183e7e-193b-bbad-d14f-7fc888c3c0af" testName="ImsSearchCache_SearchIndex_ChecksFeatureFlag" computerName="TFSBUILD11" duration="00:00:00.0105670" startTime="2015-09-28T09:43:55.0484597-07:00" endTime="2015-09-28T09:43:55.0484597-07:00" testType="13cdc9d9-ddb5-4fa4-a97d-d965ccfc6d4b" outcome="Passed" testListId="8c84fa94-04c1-424b-9868-57a2d4851a1d" relativeResultsDirectory="a005c827-a649-4d2d-ab2c-bee3c1bd8aa1" />
    <UnitTestResult executionId="be31a453-6c2a-4727-9610-015007cc27ce" testId="de7eeb8e-4b0a-b2c6-2461-7d614b8df601" testName="ImsSearchCache_SearchIndex_ReturnsNull_WhenFeatureFlagIsOff" computerName="TFSBUILD11" duration="00:00:00.0372243" startTime="2015-09-28T09:43:55.0484597-07:00" endTime="2015-09-28T09:43:55.0953369-07:00" testType="13cdc9d9-ddb5-4fa4-a97d-d965ccfc6d4b" outcome="Passed" testListId="8c84fa94-04c1-424b-9868-57a2d4851a1d" relativeResultsDirectory="be31a453-6c2a-4727-9610-015007cc27ce" />
    <UnitTestResult executionId="a7100522-5f54-4d39-88e2-2c681a7fb92c" testId="ee78b984-aafd-a4af-e1a1-e71788725ae0" testName="ImsSearchCache_AddToIndex_ValidatesHost" computerName="TFSBUILD11" duration="00:00:00.0263389" startTime="2015-09-28T09:43:55.0953369-07:00" endTime="2015-09-28T09:43:55.1109644-07:00" testType="13cdc9d9-ddb5-4fa4-a97d-d965ccfc6d4b" outcome="Passed" testListId="8c84fa94-04c1-424b-9868-57a2d4851a1d" relativeResultsDirectory="a7100522-5f54-4d39-88e2-2c681a7fb92c" />
    <UnitTestResult executionId="f17c5758-9eac-41a1-8c32-13f2bea3a2d7" testId="01f4659a-f4c2-8b06-a056-5bf0f099f7a3" testName="ImsSearchCache_AddToIndex_ChecksFeatureFlag" computerName="TFSBUILD11" duration="00:00:00.0149671" startTime="2015-09-28T09:43:55.1109644-07:00" endTime="2015-09-28T09:43:55.1265871-07:00" testType="13cdc9d9-ddb5-4fa4-a97d-d965ccfc6d4b" outcome="Passed" testListId="8c84fa94-04c1-424b-9868-57a2d4851a1d" relativeResultsDirectory="f17c5758-9eac-41a1-8c32-13f2bea3a2d7" />
    <UnitTestResult executionId="bcc4139a-273d-4a42-9feb-01c03e71dfbb" testId="3dbcea54-a20e-3bac-f1b6-0d72365a91f6" testName="ImsSearchCache_HasIndex_ValidatesHost" computerName="TFSBUILD11" duration="00:00:00.0261460" startTime="2015-09-28T09:43:55.1265871-07:00" endTime="2015-09-28T09:43:55.1578396-07:00" testType="13cdc9d9-ddb5-4fa4-a97d-d965ccfc6d4b" outcome="Passed" testListId="8c84fa94-04c1-424b-9868-57a2d4851a1d" relativeResultsDirectory="bcc4139a-273d-4a42-9feb-01c03e71dfbb" />
    <UnitTestResult executionId="dec7b2c9-6d96-4f09-a938-71688548f105" testId="fdbad503-3022-1d03-62e6-97d395f68fde" testName="ImsSearchCache_HasIndex_ChecksFeatureFlag" computerName="TFSBUILD11" duration="00:00:00.0149392" startTime="2015-09-28T09:43:55.1578396-07:00" endTime="2015-09-28T09:43:55.1734666-07:00" testType="13cdc9d9-ddb5-4fa4-a97d-d965ccfc6d4b" outcome="Passed" testListId="8c84fa94-04c1-424b-9868-57a2d4851a1d" relativeResultsDirectory="dec7b2c9-6d96-4f09-a938-71688548f105" />
    <UnitTestResult executionId="701b8c37-f281-412f-a8ee-adda35006c27" testId="733f4c34-f614-d33a-7380-ad7d74b05f16" testName="ImsSearchCache_HasIndex_ReturnsFalse_WhenFeatureFlagIsOff" computerName="TFSBUILD11" duration="00:00:00.0152928" startTime="2015-09-28T09:43:55.1734666-07:00" endTime="2015-09-28T09:43:55.1890933-07:00" testType="13cdc9d9-ddb5-4fa4-a97d-d965ccfc6d4b" outcome="Passed" testListId="8c84fa94-04c1-424b-9868-57a2d4851a1d" relativeResultsDirectory="701b8c37-f281-412f-a8ee-adda35006c27" />
    <UnitTestResult executionId="abee0598-823c-4cbb-bff8-50e99dbd59d7" testId="2de15b9c-1188-7c5f-5b9e-febd1cdef628" testName="ImsSearchCache_RemovesStaleSearchIndex_WhenSearchIndexIsTinyOrSmall" computerName="TFSBUILD11" duration="00:00:00.0840497" startTime="2015-09-28T09:43:55.1890933-07:00" endTime="2015-09-28T09:43:55.2828485-07:00" testType="13cdc9d9-ddb5-4fa4-a97d-d965ccfc6d4b" outcome="Passed" testListId="8c84fa94-04c1-424b-9868-57a2d4851a1d" relativeResultsDirectory="abee0598-823c-4cbb-bff8-50e99dbd59d7" />
    <UnitTestResult executionId="b13a9521-f7f1-41a0-bbb4-dfd816558315" testId="cd5d0fad-c854-8b12-d16a-e09f71521ade" testName="ImsSearchCache_RemovesStaleSearchIndex_WhenSearchIndexIsMidSized" computerName="TFSBUILD11" duration="00:00:00.0619598" startTime="2015-09-28T09:43:55.2828485-07:00" endTime="2015-09-28T09:43:55.3453527-07:00" testType="13cdc9d9-ddb5-4fa4-a97d-d965ccfc6d4b" outcome="Passed" testListId="8c84fa94-04c1-424b-9868-57a2d4851a1d" relativeResultsDirectory="b13a9521-f7f1-41a0-bbb4-dfd816558315" />
    <UnitTestResult executionId="beac62e7-dbfa-4cd5-a599-7fb4bce9c633" testId="19c48477-bcf9-9088-07ba-1fc58bae6167" testName="ImsSearchCache_RemovesStaleSearchIndex_WhenSearchIndexIsLargeSized" computerName="TFSBUILD11" duration="00:00:00.0762096" startTime="2015-09-28T09:43:55.3453527-07:00" endTime="2015-09-28T09:43:55.4078736-07:00" testType="13cdc9d9-ddb5-4fa4-a97d-d965ccfc6d4b" outcome="Passed" testListId="8c84fa94-04c1-424b-9868-57a2d4851a1d" relativeResultsDirectory="beac62e7-dbfa-4cd5-a599-7fb4bce9c633" />
    <UnitTestResult executionId="7ff48935-d985-4c8a-9993-e3c8332ea59f" testId="75a11a73-5c87-e2a9-49d7-65cb50c42209" testName="ImsSearchCache_AddIndex_Throws_WhenNullArgumentsArePassed" computerName="TFSBUILD11" duration="00:00:00.0126344" startTime="2015-09-28T09:43:55.4078736-07:00" endTime="2015-09-28T09:43:55.4234997-07:00" testType="13cdc9d9-ddb5-4fa4-a97d-d965ccfc6d4b" outcome="Passed" testListId="8c84fa94-04c1-424b-9868-57a2d4851a1d" relativeResultsDirectory="7ff48935-d985-4c8a-9993-e3c8332ea59f" />
    <UnitTestResult executionId="7e421e40-eafc-4f37-b9e0-91d29e7add22" testId="780339f7-485d-b1e3-e02d-d97c39e4af30" testName="ImsSearchCache_SearchIndex_Returns_ExpectedResults_ForNonLargeAccounts" computerName="TFSBUILD11" duration="00:00:00.0178178" startTime="2015-09-28T09:43:55.4234997-07:00" endTime="2015-09-28T09:43:55.4391093-07:00" testType="13cdc9d9-ddb5-4fa4-a97d-d965ccfc6d4b" outcome="Passed" testListId="8c84fa94-04c1-424b-9868-57a2d4851a1d" relativeResultsDirectory="7e421e40-eafc-4f37-b9e0-91d29e7add22" />
    <UnitTestResult executionId="1e7795f2-bd29-49e4-ada3-d300061ee8dd" testId="e970ba48-eb37-d6e6-70a8-7f04bfebbf76" testName="ImsSearchCache_SearchIndex_ReturnsNullResults_WhenIndexIsNotPresent" computerName="TFSBUILD11" duration="00:00:00.0120695" startTime="2015-09-28T09:43:55.4391093-07:00" endTime="2015-09-28T09:43:55.4547531-07:00" testType="13cdc9d9-ddb5-4fa4-a97d-d965ccfc6d4b" outcome="Passed" testListId="8c84fa94-04c1-424b-9868-57a2d4851a1d" relativeResultsDirectory="1e7795f2-bd29-49e4-ada3-d300061ee8dd" />
    <UnitTestResult executionId="106cb115-dcfe-4f21-9e55-74e7da171bc2" testId="a3bb278f-44c7-ed8e-6585-aff6a6806de0" testName="ImsSearchCache_SearchIndex_Returns_ExpectedResults_ForLargeAccounts" computerName="TFSBUILD11" duration="00:00:00.0150126" startTime="2015-09-28T09:43:55.4547531-07:00" endTime="2015-09-28T09:43:55.4703780-07:00" testType="13cdc9d9-ddb5-4fa4-a97d-d965ccfc6d4b" outcome="Passed" testListId="8c84fa94-04c1-424b-9868-57a2d4851a1d" relativeResultsDirectory="106cb115-dcfe-4f21-9e55-74e7da171bc2" />
    <UnitTestResult executionId="d0423ea5-69cd-450c-97ca-6cf925203085" testId="f694bb4d-ffae-353f-a315-99454eb16bde" testName="ImsSearchCache_SearchIndex_AfterAddToIndex_Returns_ExpectedResults" computerName="TFSBUILD11" duration="00:00:00.0385384" startTime="2015-09-28T09:43:55.4703780-07:00" endTime="2015-09-28T09:43:55.5172410-07:00" testType="13cdc9d9-ddb5-4fa4-a97d-d965ccfc6d4b" outcome="Passed" testListId="8c84fa94-04c1-424b-9868-57a2d4851a1d" relativeResultsDirectory="d0423ea5-69cd-450c-97ca-6cf925203085" />
    <UnitTestResult executionId="9c65c300-91ef-4a96-bb51-8c40b9a3ec73" testId="af9edaab-a0e5-27a4-8774-f14b758f9ad1" testName="ImsLocalDataCache_Returns_ClonedResults" computerName="TFSBUILD11" duration="00:00:00.0218962" startTime="2015-09-28T09:43:55.5172410-07:00" endTime="2015-09-28T09:43:55.5328660-07:00" testType="13cdc9d9-ddb5-4fa4-a97d-d965ccfc6d4b" outcome="Passed" testListId="8c84fa94-04c1-424b-9868-57a2d4851a1d" relativeResultsDirectory="9c65c300-91ef-4a96-bb51-8c40b9a3ec73" />
    <UnitTestResult executionId="152bc9e3-e821-4212-9173-401c1f483cb4" testId="79c6c742-da31-a6b4-a9d9-8a0f839e22b5" testName="ImsPrefixSearchArray_Throws_WhenPassedNull" computerName="TFSBUILD11" duration="00:00:00.0005532" startTime="2015-09-28T09:43:55.5328660-07:00" endTime="2015-09-28T09:43:55.5328660-07:00" testType="13cdc9d9-ddb5-4fa4-a97d-d965ccfc6d4b" outcome="Passed" testListId="8c84fa94-04c1-424b-9868-57a2d4851a1d" relativeResultsDirectory="152bc9e3-e821-4212-9173-401c1f483cb4" />
    <UnitTestResult executionId="14372ccf-2f8f-4cda-b5f6-8a37a769eaf5" testId="5969c9ce-4537-06f6-a5d0-04e63c930d3c" testName="ImsPrefixSearchArray_Throws_WhenPassedNullKey" computerName="TFSBUILD11" duration="00:00:00.0011721" startTime="2015-09-28T09:43:55.5328660-07:00" endTime="2015-09-28T09:43:55.5328660-07:00" testType="13cdc9d9-ddb5-4fa4-a97d-d965ccfc6d4b" outcome="Passed" testListId="8c84fa94-04c1-424b-9868-57a2d4851a1d" relativeResultsDirectory="14372ccf-2f8f-4cda-b5f6-8a37a769eaf5" />
    <UnitTestResult executionId="487c0af3-2db8-4430-acc1-4b5a96bc65c1" testId="a33b2638-7431-c9bb-af77-143346e5a118" testName="ImsPrefixSearchArray_Throws_WhenPassedNullValue" computerName="TFSBUILD11" duration="00:00:00.0006883" startTime="2015-09-28T09:43:55.5328660-07:00" endTime="2015-09-28T09:43:55.5328660-07:00" testType="13cdc9d9-ddb5-4fa4-a97d-d965ccfc6d4b" outcome="Passed" testListId="8c84fa94-04c1-424b-9868-57a2d4851a1d" relativeResultsDirectory="487c0af3-2db8-4430-acc1-4b5a96bc65c1" />
    <UnitTestResult executionId="b5cc544a-7fc4-4914-84ab-da1f3df3440f" testId="61c30324-fc62-3776-0970-12fcabbb072d" testName="ImsPrefixSearchArray_ReturnsEmptyResults_WhenItIsEmpty" computerName="TFSBUILD11" duration="00:00:00.0013525" startTime="2015-09-28T09:43:55.5328660-07:00" endTime="2015-09-28T09:43:55.5328660-07:00" testType="13cdc9d9-ddb5-4fa4-a97d-d965ccfc6d4b" outcome="Passed" testListId="8c84fa94-04c1-424b-9868-57a2d4851a1d" relativeResultsDirectory="b5cc544a-7fc4-4914-84ab-da1f3df3440f" />
    <UnitTestResult executionId="c0cf9029-ec05-48b2-a8af-f9f48b4e91a9" testId="d22368bd-2a5c-9f8b-98e0-540e9bd89e1a" testName="ImsPrefixSearchArray_Returns_ExpectedResults_WhenThereAreDuplicateKeys" computerName="TFSBUILD11" duration="00:00:00.0012558" startTime="2015-09-28T09:43:55.5328660-07:00" endTime="2015-09-28T09:43:55.5484927-07:00" testType="13cdc9d9-ddb5-4fa4-a97d-d965ccfc6d4b" outcome="Passed" testListId="8c84fa94-04c1-424b-9868-57a2d4851a1d" relativeResultsDirectory="c0cf9029-ec05-48b2-a8af-f9f48b4e91a9" />
    <UnitTestResult executionId="d2bc6a3e-ab18-403a-a5bb-12fd2f74a9e8" testId="2379f36e-ffde-6364-25ef-c63543074d33" testName="ImsPrefixSearchArray_Returns_ExpectedResults" computerName="TFSBUILD11" duration="00:00:00.0025008" startTime="2015-09-28T09:43:55.5484927-07:00" endTime="2015-09-28T09:43:55.5484927-07:00" testType="13cdc9d9-ddb5-4fa4-a97d-d965ccfc6d4b" outcome="Passed" testListId="8c84fa94-04c1-424b-9868-57a2d4851a1d" relativeResultsDirectory="d2bc6a3e-ab18-403a-a5bb-12fd2f74a9e8" />
    <UnitTestResult executionId="3cd8003c-7516-4f6c-abc2-d69e0e1bd236" testId="57716ad4-1230-9d04-cc54-2a499b12ad50" testName="ImsPrefixSearchArray_Returns_ExpectedResults_InAlphabeticalDisplayNameOrder" computerName="TFSBUILD11" duration="00:00:00.0042774" startTime="2015-09-28T09:43:55.5484927-07:00" endTime="2015-09-28T09:43:55.5484927-07:00" testType="13cdc9d9-ddb5-4fa4-a97d-d965ccfc6d4b" outcome="Passed" testListId="8c84fa94-04c1-424b-9868-57a2d4851a1d" relativeResultsDirectory="3cd8003c-7516-4f6c-abc2-d69e0e1bd236" />
    <UnitTestResult executionId="5e46aac7-5ee3-4a8a-90b1-758b80395ee5" testId="583567d0-e727-94d6-a2c4-47831a91e794" testName="ImsPrefixSearchArray_Returns_ExpectedResults_WhenSearchQueryIsInDifferentCase" computerName="TFSBUILD11" duration="00:00:00.0037310" startTime="2015-09-28T09:43:55.5484927-07:00" endTime="2015-09-28T09:43:55.5484927-07:00" testType="13cdc9d9-ddb5-4fa4-a97d-d965ccfc6d4b" outcome="Passed" testListId="8c84fa94-04c1-424b-9868-57a2d4851a1d" relativeResultsDirectory="5e46aac7-5ee3-4a8a-90b1-758b80395ee5" />
    <UnitTestResult executionId="cffe5792-3d32-4d00-ac44-52a632c98488" testId="d353d3a1-4044-5ff4-8481-de62b7edf5a6" testName="ImsPrefixSearchArray_Returns_ExpectedResults_WhenDataSetHasNonEnglishCharacters" computerName="TFSBUILD11" duration="00:00:00.0035202" startTime="2015-09-28T09:43:55.5484927-07:00" endTime="2015-09-28T09:43:55.5484927-07:00" testType="13cdc9d9-ddb5-4fa4-a97d-d965ccfc6d4b" outcome="Passed" testListId="8c84fa94-04c1-424b-9868-57a2d4851a1d" relativeResultsDirectory="cffe5792-3d32-4d00-ac44-52a632c98488" />
    <UnitTestResult executionId="73369d3c-1419-4abc-b591-830ff99ad7f6" testId="c340a5ad-34da-a325-6744-63cf5c3482cb" testName="ImsPrefixSearchTrie_Throws_WhenPassedNull" computerName="TFSBUILD11" duration="00:00:00.0004920" startTime="2015-09-28T09:43:55.5484927-07:00" endTime="2015-09-28T09:43:55.5641182-07:00" testType="13cdc9d9-ddb5-4fa4-a97d-d965ccfc6d4b" outcome="Passed" testListId="8c84fa94-04c1-424b-9868-57a2d4851a1d" relativeResultsDirectory="73369d3c-1419-4abc-b591-830ff99ad7f6" />
    <UnitTestResult executionId="ed2b6c81-0f3b-4ec8-bd53-ef9cc22bcf0d" testId="3e6f2c90-f466-b883-69a3-4c6b85d7264a" testName="ImsPrefixSearchTrie_Throws_WhenPassedNullKey" computerName="TFSBUILD11" duration="00:00:00.0009508" startTime="2015-09-28T09:43:55.5641182-07:00" endTime="2015-09-28T09:43:55.5641182-07:00" testType="13cdc9d9-ddb5-4fa4-a97d-d965ccfc6d4b" outcome="Passed" testListId="8c84fa94-04c1-424b-9868-57a2d4851a1d" relativeResultsDirectory="ed2b6c81-0f3b-4ec8-bd53-ef9cc22bcf0d" />
    <UnitTestResult executionId="db3cb6dd-84f5-43df-b7d5-c98a8a61631b" testId="ea9b6078-5ae8-b75d-d41b-0470dcd2938c" testName="ImsPrefixSearchTrie_Throws_WhenPassedNullValue" computerName="TFSBUILD11" duration="00:00:00.0005754" startTime="2015-09-28T09:43:55.5641182-07:00" endTime="2015-09-28T09:43:55.5641182-07:00" testType="13cdc9d9-ddb5-4fa4-a97d-d965ccfc6d4b" outcome="Passed" testListId="8c84fa94-04c1-424b-9868-57a2d4851a1d" relativeResultsDirectory="db3cb6dd-84f5-43df-b7d5-c98a8a61631b" />
    <UnitTestResult executionId="92568109-0a38-4bb7-a6bb-1cd127b1a307" testId="ab1f30a9-ce63-0924-6694-ae523c24db5a" testName="ImsPrefixSearchTrie_ReturnsEmptyResults_WhenItIsEmpty" computerName="TFSBUILD11" duration="00:00:00.0012296" startTime="2015-09-28T09:43:55.5641182-07:00" endTime="2015-09-28T09:43:55.5641182-07:00" testType="13cdc9d9-ddb5-4fa4-a97d-d965ccfc6d4b" outcome="Passed" testListId="8c84fa94-04c1-424b-9868-57a2d4851a1d" relativeResultsDirectory="92568109-0a38-4bb7-a6bb-1cd127b1a307" />
    <UnitTestResult executionId="854f0300-8a71-4458-a7ad-aac41feb9f90" testId="0d92c910-2a77-f874-e210-4fd887785909" testName="ImsPrefixSearchTrie_Returns_ExpectedResults_WhenThereAreDuplicateKeys" computerName="TFSBUILD11" duration="00:00:00.0011844" startTime="2015-09-28T09:43:55.5641182-07:00" endTime="2015-09-28T09:43:55.5641182-07:00" testType="13cdc9d9-ddb5-4fa4-a97d-d965ccfc6d4b" outcome="Passed" testListId="8c84fa94-04c1-424b-9868-57a2d4851a1d" relativeResultsDirectory="854f0300-8a71-4458-a7ad-aac41feb9f90" />
    <UnitTestResult executionId="072ee234-6c24-4a91-ab96-f1ba15d8a5b7" testId="0eb87c30-2656-7d3f-11fe-7f02fc2d4c7b" testName="ImsPrefixSearchTrie_Returns_ExpectedResults" computerName="TFSBUILD11" duration="00:00:00.0031231" startTime="2015-09-28T09:43:55.5641182-07:00" endTime="2015-09-28T09:43:55.5641182-07:00" testType="13cdc9d9-ddb5-4fa4-a97d-d965ccfc6d4b" outcome="Passed" testListId="8c84fa94-04c1-424b-9868-57a2d4851a1d" relativeResultsDirectory="072ee234-6c24-4a91-ab96-f1ba15d8a5b7" />
    <UnitTestResult executionId="94f49c25-f9b2-4734-a44e-7205f1a91a72" testId="04331cd7-fe89-e7da-b113-7b542323c6cf" testName="ImsPrefixSearchTrie_Returns_ExpectedResults_InAlphabeticalDisplayNameOrder" computerName="TFSBUILD11" duration="00:00:00.0030921" startTime="2015-09-28T09:43:55.5641182-07:00" endTime="2015-09-28T09:43:55.5641182-07:00" testType="13cdc9d9-ddb5-4fa4-a97d-d965ccfc6d4b" outcome="Passed" testListId="8c84fa94-04c1-424b-9868-57a2d4851a1d" relativeResultsDirectory="94f49c25-f9b2-4734-a44e-7205f1a91a72" />
    <UnitTestResult executionId="17bf94ec-f674-4a1e-aa0e-3cc4874c9491" testId="6f4b05dc-cd44-bef0-cfb1-790bc7b278b9" testName="ImsPrefixSearchTrie_Returns_ExpectedResults_WhenSearchQueryIsInDifferentCase" computerName="TFSBUILD11" duration="00:00:00.0043300" startTime="2015-09-28T09:43:55.5641182-07:00" endTime="2015-09-28T09:43:55.5797469-07:00" testType="13cdc9d9-ddb5-4fa4-a97d-d965ccfc6d4b" outcome="Passed" testListId="8c84fa94-04c1-424b-9868-57a2d4851a1d" relativeResultsDirectory="17bf94ec-f674-4a1e-aa0e-3cc4874c9491" />
    <UnitTestResult executionId="aebec50d-47e1-49bc-a0e8-45319c2739e9" testId="2871192a-829b-2fae-5f61-2b03d1ed201a" testName="ImsPrefixSearchTrie_Returns_ExpectedResults_WhenDataSetHasNonEnglishCharacters" computerName="TFSBUILD11" duration="00:00:00.0041924" startTime="2015-09-28T09:43:55.5797469-07:00" endTime="2015-09-28T09:43:55.5797469-07:00" testType="13cdc9d9-ddb5-4fa4-a97d-d965ccfc6d4b" outcome="Passed" testListId="8c84fa94-04c1-424b-9868-57a2d4851a1d" relativeResultsDirectory="aebec50d-47e1-49bc-a0e8-45319c2739e9" />
    <UnitTestResult executionId="0495d975-cf39-46d1-b14b-3c93c63bcc23" testId="69b4e9d1-c26b-6254-bea6-09217db012bd" testName="ImsRemoteCache_Returns_MapWithAllKeysAndNullForValuesNotFound" computerName="TFSBUILD11" duration="00:00:00.0711624" startTime="2015-09-28T09:43:55.5797469-07:00" endTime="2015-09-28T09:43:55.6422488-07:00" testType="13cdc9d9-ddb5-4fa4-a97d-d965ccfc6d4b" outcome="Passed" testListId="8c84fa94-04c1-424b-9868-57a2d4851a1d" relativeResultsDirectory="0495d975-cf39-46d1-b14b-3c93c63bcc23" />
    <UnitTestResult executionId="1c880167-54a8-4d0a-88bc-26b3e76c9f9f" testId="1e850016-6784-ae60-8b01-5b1b6f696a18" testName="Validate_AadIdentityHelper_return_empty_guid_when_descriptor_is_null" computerName="TFSBUILD11" duration="00:00:00.0008189" startTime="2015-09-28T09:43:55.6422488-07:00" endTime="2015-09-28T09:43:55.6578749-07:00" testType="13cdc9d9-ddb5-4fa4-a97d-d965ccfc6d4b" outcome="Passed" testListId="8c84fa94-04c1-424b-9868-57a2d4851a1d" relativeResultsDirectory="1c880167-54a8-4d0a-88bc-26b3e76c9f9f" />
    <UnitTestResult executionId="ce021f3a-0a42-4a05-85c1-ddf9e7ef1dfc" testId="9081c4f5-856d-00de-5e8d-0ed758ff3d84" testName="Validate_AadIdentityHelper_return_empty_guid_when_identifier_is_null" computerName="TFSBUILD11" duration="00:00:00.0002665" startTime="2015-09-28T09:43:55.6578749-07:00" endTime="2015-09-28T09:43:55.6578749-07:00" testType="13cdc9d9-ddb5-4fa4-a97d-d965ccfc6d4b" outcome="Passed" testListId="8c84fa94-04c1-424b-9868-57a2d4851a1d" relativeResultsDirectory="ce021f3a-0a42-4a05-85c1-ddf9e7ef1dfc" />
    <UnitTestResult executionId="05828d71-d8eb-4db4-aa92-714a6b02ef00" testId="b9047a83-626d-582e-684e-39d4f645ffcf" testName="Validate_AadIdentityHelper_return_empty_guid_when_identifier_is_live_id_format" computerName="TFSBUILD11" duration="00:00:00.0005518" startTime="2015-09-28T09:43:55.6578749-07:00" endTime="2015-09-28T09:43:55.6578749-07:00" testType="13cdc9d9-ddb5-4fa4-a97d-d965ccfc6d4b" outcome="Passed" testListId="8c84fa94-04c1-424b-9868-57a2d4851a1d" relativeResultsDirectory="05828d71-d8eb-4db4-aa92-714a6b02ef00" />
    <UnitTestResult executionId="a11d68fc-5b48-4c51-9cce-08266c5cf2bf" testId="9605ad38-1d2c-100e-cd74-ca0f8bfe0d9e" testName="Validate_AadIdentityHelper_return_empty_guid_when_identifier_is_service_identity_format" computerName="TFSBUILD11" duration="00:00:00.0003291" startTime="2015-09-28T09:43:55.6578749-07:00" endTime="2015-09-28T09:43:55.6578749-07:00" testType="13cdc9d9-ddb5-4fa4-a97d-d965ccfc6d4b" outcome="Passed" testListId="8c84fa94-04c1-424b-9868-57a2d4851a1d" relativeResultsDirectory="a11d68fc-5b48-4c51-9cce-08266c5cf2bf" />
    <UnitTestResult executionId="a6a11995-4773-43f6-bf22-e1f690a31e3d" testId="20e3634b-b666-41c4-e03a-40e41ee31e85" testName="Validate_AadIdentityHelper_return_empty_guid_when_identifier_is_not_correct_format" computerName="TFSBUILD11" duration="00:00:00.0003254" startTime="2015-09-28T09:43:55.6578749-07:00" endTime="2015-09-28T09:43:55.6578749-07:00" testType="13cdc9d9-ddb5-4fa4-a97d-d965ccfc6d4b" outcome="Passed" testListId="8c84fa94-04c1-424b-9868-57a2d4851a1d" relativeResultsDirectory="a6a11995-4773-43f6-bf22-e1f690a31e3d" />
    <UnitTestResult executionId="934411bc-c032-4871-babb-563cbc81085a" testId="c3c5b395-5bfc-aff0-c0f9-8b0dd770a8a9" testName="Validate_AadIdentityHelper_return_guid_when_identifier_is_bind_pending" computerName="TFSBUILD11" duration="00:00:00.0003635" startTime="2015-09-28T09:43:55.6578749-07:00" endTime="2015-09-28T09:43:55.6578749-07:00" testType="13cdc9d9-ddb5-4fa4-a97d-d965ccfc6d4b" outcome="Passed" testListId="8c84fa94-04c1-424b-9868-57a2d4851a1d" relativeResultsDirectory="934411bc-c032-4871-babb-563cbc81085a" />
    <UnitTestResult executionId="53cad965-d825-4801-bd01-ecc072a38637" testId="7ee95d7b-3a55-2a40-ff0d-872637fb9817" testName="Validate_AadIdentityHelper_return_guid_when_identifier_is_aad_format" computerName="TFSBUILD11" duration="00:00:00.0004332" startTime="2015-09-28T09:43:55.6578749-07:00" endTime="2015-09-28T09:43:55.6578749-07:00" testType="13cdc9d9-ddb5-4fa4-a97d-d965ccfc6d4b" outcome="Passed" testListId="8c84fa94-04c1-424b-9868-57a2d4851a1d" relativeResultsDirectory="53cad965-d825-4801-bd01-ecc072a38637" />
    <UnitTestResult executionId="00395f82-0de5-4298-957c-25f238775efc" testId="3afc3a8e-ea59-6c00-6c4e-23638d1b2c07" testName="FrameworkIdentityIdMruService_GetMruIdentities_ValidatesHost" computerName="TFSBUILD11" duration="00:00:00.2837595" startTime="2015-09-28T09:43:55.6578749-07:00" endTime="2015-09-28T09:43:55.9391503-07:00" testType="13cdc9d9-ddb5-4fa4-a97d-d965ccfc6d4b" outcome="Passed" testListId="8c84fa94-04c1-424b-9868-57a2d4851a1d" relativeResultsDirectory="00395f82-0de5-4298-957c-25f238775efc" />
    <UnitTestResult executionId="610ea49b-9790-4152-ad35-93ac8de6c6c0" testId="43e6fcd1-ad4f-9fba-76b5-3f3f8fd527fc" testName="FrameworkIdentityIdMruService_AddMruIdentities_ValidatesHost" computerName="TFSBUILD11" duration="00:00:00.0425115" startTime="2015-09-28T09:43:55.9391503-07:00" endTime="2015-09-28T09:43:55.9860289-07:00" testType="13cdc9d9-ddb5-4fa4-a97d-d965ccfc6d4b" outcome="Passed" testListId="8c84fa94-04c1-424b-9868-57a2d4851a1d" relativeResultsDirectory="610ea49b-9790-4152-ad35-93ac8de6c6c0" />
    <UnitTestResult executionId="1a56c2ca-2e51-4a87-9738-c136ce2f75c3" testId="660c9b09-cc5f-4a59-0ce0-af583ddead6f" testName="FrameworkIdentityIdMruService_RemoveMruIdentities_ValidatesHost" computerName="TFSBUILD11" duration="00:00:00.0337339" startTime="2015-09-28T09:43:55.9860289-07:00" endTime="2015-09-28T09:43:56.0172820-07:00" testType="13cdc9d9-ddb5-4fa4-a97d-d965ccfc6d4b" outcome="Passed" testListId="8c84fa94-04c1-424b-9868-57a2d4851a1d" relativeResultsDirectory="1a56c2ca-2e51-4a87-9738-c136ce2f75c3" />
    <UnitTestResult executionId="1c223ab7-6eb6-4281-8df9-158f3c04a37e" testId="9e7272d6-2f5d-2602-9e53-36442458d760" testName="FrameworkIdentityIdMruService_GetMruIdentities_Throws_WhenEmptyContainerIsPassed" computerName="TFSBUILD11" duration="00:00:00.0198140" startTime="2015-09-28T09:43:56.0172820-07:00" endTime="2015-09-28T09:43:56.0329030-07:00" testType="13cdc9d9-ddb5-4fa4-a97d-d965ccfc6d4b" outcome="Passed" testListId="8c84fa94-04c1-424b-9868-57a2d4851a1d" relativeResultsDirectory="1c223ab7-6eb6-4281-8df9-158f3c04a37e" />
    <UnitTestResult executionId="819161cd-ad0a-48c9-bc42-6d6fb14018f9" testId="caa91991-9f80-3f92-93b5-37f95aa704ab" testName="FrameworkIdentityIdMruService_AddMruIdentities_Throws_WhenEmptyContainerIsPassed" computerName="TFSBUILD11" duration="00:00:00.0185386" startTime="2015-09-28T09:43:56.0329030-07:00" endTime="2015-09-28T09:43:56.0641560-07:00" testType="13cdc9d9-ddb5-4fa4-a97d-d965ccfc6d4b" outcome="Passed" testListId="8c84fa94-04c1-424b-9868-57a2d4851a1d" relativeResultsDirectory="819161cd-ad0a-48c9-bc42-6d6fb14018f9" />
    <UnitTestResult executionId="7ea5bef9-cb45-41e5-911d-3fba8fcbae6e" testId="b72669eb-c889-04b5-02ec-14fe778767e1" testName="FrameworkIdentityIdMruService_RemoveMruIdentities_Throws_WhenEmptyContainerIsPassed" computerName="TFSBUILD11" duration="00:00:00.0162440" startTime="2015-09-28T09:43:56.0641560-07:00" endTime="2015-09-28T09:43:56.0797824-07:00" testType="13cdc9d9-ddb5-4fa4-a97d-d965ccfc6d4b" outcome="Passed" testListId="8c84fa94-04c1-424b-9868-57a2d4851a1d" relativeResultsDirectory="7ea5bef9-cb45-41e5-911d-3fba8fcbae6e" />
    <UnitTestResult executionId="c37a2fb2-7fb5-4fd4-bb03-fea1b3daa0f2" testId="d28c4540-97d8-709e-2288-ee2e2b76a782" testName="FrameworkIdentityIdMruService_AddMruIdentities_Throws_WhenNullMruIdentityIdsIsPassed" computerName="TFSBUILD11" duration="00:00:00.0163586" startTime="2015-09-28T09:43:56.0797824-07:00" endTime="2015-09-28T09:43:56.0954066-07:00" testType="13cdc9d9-ddb5-4fa4-a97d-d965ccfc6d4b" outcome="Passed" testListId="8c84fa94-04c1-424b-9868-57a2d4851a1d" relativeResultsDirectory="c37a2fb2-7fb5-4fd4-bb03-fea1b3daa0f2" />
    <UnitTestResult executionId="9fd07d23-b5c2-4302-b44c-5725d6c0c58f" testId="a1dcebbe-7223-3a1e-660e-d4843778f457" testName="FrameworkIdentityIdMruService_RemoveMruIdentities_Throws_WhenNullMruIdentityIdsIsPassed" computerName="TFSBUILD11" duration="00:00:00.0155437" startTime="2015-09-28T09:43:56.0954066-07:00" endTime="2015-09-28T09:43:56.1110330-07:00" testType="13cdc9d9-ddb5-4fa4-a97d-d965ccfc6d4b" outcome="Passed" testListId="8c84fa94-04c1-424b-9868-57a2d4851a1d" relativeResultsDirectory="9fd07d23-b5c2-4302-b44c-5725d6c0c58f" />
    <UnitTestResult executionId="ecfa46ae-0b06-4602-97cb-bb162271fc6b" testId="d830e2c5-50a0-b120-1371-e0f4a07ff6e7" testName="FrameworkIdentityIdMruService_GetMruIdentities_DelegatesToIdentityMruHttpClient" computerName="TFSBUILD11" duration="00:00:00.0410395" startTime="2015-09-28T09:43:56.1110330-07:00" endTime="2015-09-28T09:43:56.1422892-07:00" testType="13cdc9d9-ddb5-4fa4-a97d-d965ccfc6d4b" outcome="Passed" testListId="8c84fa94-04c1-424b-9868-57a2d4851a1d" relativeResultsDirectory="ecfa46ae-0b06-4602-97cb-bb162271fc6b" />
    <UnitTestResult executionId="3fb4abb1-eb89-4404-85d6-9434a742721b" testId="b9034be1-ed24-6ea5-f507-7533d23f677a" testName="FrameworkIdentityIdMruService_AddMruIdentities_DelegatesToIdentityMruHttpClient" computerName="TFSBUILD11" duration="00:00:00.0296788" startTime="2015-09-28T09:43:56.1422892-07:00" endTime="2015-09-28T09:43:56.1735402-07:00" testType="13cdc9d9-ddb5-4fa4-a97d-d965ccfc6d4b" outcome="Passed" testListId="8c84fa94-04c1-424b-9868-57a2d4851a1d" relativeResultsDirectory="3fb4abb1-eb89-4404-85d6-9434a742721b" />
    <UnitTestResult executionId="633683b4-cf69-4da0-b261-8b9a2c552eb7" testId="341befb2-e82f-cee5-cbd5-3a9693b0ab9b" testName="FrameworkIdentityIdMruService_RemoveMruIdentities_DelegatesToIdentityMruHttpClient" computerName="TFSBUILD11" duration="00:00:00.0315249" startTime="2015-09-28T09:43:56.1735402-07:00" endTime="2015-09-28T09:43:56.2047919-07:00" testType="13cdc9d9-ddb5-4fa4-a97d-d965ccfc6d4b" outcome="Passed" testListId="8c84fa94-04c1-424b-9868-57a2d4851a1d" relativeResultsDirectory="633683b4-cf69-4da0-b261-8b9a2c552eb7" />
    <UnitTestResult executionId="1c80c380-5c18-4251-b749-ef545e771343" testId="b20094a3-4bce-9794-0ac9-0f8ec514eca5" testName="FrameworkIdentityIdMruService_GetMruIdentities_DelegatesToIdentityMruHttpClient_UsingAppContext" computerName="TFSBUILD11" duration="00:00:00.0450530" startTime="2015-09-28T09:43:56.2047919-07:00" endTime="2015-09-28T09:43:56.2516717-07:00" testType="13cdc9d9-ddb5-4fa4-a97d-d965ccfc6d4b" outcome="Passed" testListId="8c84fa94-04c1-424b-9868-57a2d4851a1d" relativeResultsDirectory="1c80c380-5c18-4251-b749-ef545e771343" />
    <UnitTestResult executionId="3a4db9fe-ab92-4299-99bc-52b24b117a4b" testId="ed5dbfd1-0448-d06f-4ed3-e8a56a157b1b" testName="FrameworkIdentityIdMruService_AddMruIdentities_DelegatesToIdentityMruHttpClient_UsingAppContext" computerName="TFSBUILD11" duration="00:00:00.0287658" startTime="2015-09-28T09:43:56.2516717-07:00" endTime="2015-09-28T09:43:56.2829225-07:00" testType="13cdc9d9-ddb5-4fa4-a97d-d965ccfc6d4b" outcome="Passed" testListId="8c84fa94-04c1-424b-9868-57a2d4851a1d" relativeResultsDirectory="3a4db9fe-ab92-4299-99bc-52b24b117a4b" />
    <UnitTestResult executionId="fc6ea6cb-d145-4bad-904d-0ffd549d99e9" testId="549ea7c2-bc31-2eaf-6fe1-e08d2ca2cc69" testName="FrameworkIdentityIdMruService_RemoveMruIdentities_DelegatesToIdentityMruHttpClient_UsingAppContext" computerName="TFSBUILD11" duration="00:00:00.0201872" startTime="2015-09-28T09:43:56.2829225-07:00" endTime="2015-09-28T09:43:56.3141750-07:00" testType="13cdc9d9-ddb5-4fa4-a97d-d965ccfc6d4b" outcome="Passed" testListId="8c84fa94-04c1-424b-9868-57a2d4851a1d" relativeResultsDirectory="fc6ea6cb-d145-4bad-904d-0ffd549d99e9" />
    <UnitTestResult executionId="bba82305-167f-4902-97d6-d26dcfd5bf5f" testId="90ed14f1-d7c1-9b94-b437-5235eb783c76" testName="IdentityMruService_ReadMruIdentities_ValidatesHost" computerName="TFSBUILD11" duration="00:00:00.0200205" startTime="2015-09-28T09:43:56.3141750-07:00" endTime="2015-09-28T09:43:56.3298025-07:00" testType="13cdc9d9-ddb5-4fa4-a97d-d965ccfc6d4b" outcome="Passed" testListId="8c84fa94-04c1-424b-9868-57a2d4851a1d" relativeResultsDirectory="bba82305-167f-4902-97d6-d26dcfd5bf5f" />
    <UnitTestResult executionId="56422cab-4adf-4463-b0da-0bc17b0e4229" testId="804933e8-9931-ad4e-e374-bbfb53ff09db" testName="IdentityMruService_AddMruIdentities_ValidatesHost" computerName="TFSBUILD11" duration="00:00:00.0151304" startTime="2015-09-28T09:43:56.3298025-07:00" endTime="2015-09-28T09:43:56.3454275-07:00" testType="13cdc9d9-ddb5-4fa4-a97d-d965ccfc6d4b" outcome="Passed" testListId="8c84fa94-04c1-424b-9868-57a2d4851a1d" relativeResultsDirectory="56422cab-4adf-4463-b0da-0bc17b0e4229" />
    <UnitTestResult executionId="13e96a8d-db71-4c9f-b47a-20497eeb2cf7" testId="33af673d-9367-4c4f-21e2-9bd3fc62de4a" testName="IdentityMruService_DeleteMruIdentities_ValidatesHost" computerName="TFSBUILD11" duration="00:00:00.0149941" startTime="2015-09-28T09:43:56.3454275-07:00" endTime="2015-09-28T09:43:56.3610536-07:00" testType="13cdc9d9-ddb5-4fa4-a97d-d965ccfc6d4b" outcome="Passed" testListId="8c84fa94-04c1-424b-9868-57a2d4851a1d" relativeResultsDirectory="13e96a8d-db71-4c9f-b47a-20497eeb2cf7" />
    <UnitTestResult executionId="6100fd8b-2a54-4955-a52b-cc708043ca51" testId="071fc032-2ba1-c42b-00ad-5c0d7e20cc88" testName="IdentityMruService_ReadMruIdentities_Throws_WhenEmptyContainerIsPassed" computerName="TFSBUILD11" duration="00:00:00.0139161" startTime="2015-09-28T09:43:56.3610536-07:00" endTime="2015-09-28T09:43:56.3766797-07:00" testType="13cdc9d9-ddb5-4fa4-a97d-d965ccfc6d4b" outcome="Passed" testListId="8c84fa94-04c1-424b-9868-57a2d4851a1d" relativeResultsDirectory="6100fd8b-2a54-4955-a52b-cc708043ca51" />
    <UnitTestResult executionId="9710245a-fc71-412b-b0df-093e08bfa719" testId="73d710aa-ebbe-0710-2d23-eb417df3790f" testName="IdentityMruService_AddMruIdentities_Throws_WhenEmptyContainerIsPassed" computerName="TFSBUILD11" duration="00:00:00.0138356" startTime="2015-09-28T09:43:56.3766797-07:00" endTime="2015-09-28T09:43:56.3923052-07:00" testType="13cdc9d9-ddb5-4fa4-a97d-d965ccfc6d4b" outcome="Passed" testListId="8c84fa94-04c1-424b-9868-57a2d4851a1d" relativeResultsDirectory="9710245a-fc71-412b-b0df-093e08bfa719" />
    <UnitTestResult executionId="4ff85204-e361-4ebc-b86a-c8af460b8fed" testId="6043bc81-8a84-2b53-3354-ecca757b6994" testName="IdentityMruService_DeleteMruIdentities_Throws_WhenEmptyContainerIsPassed" computerName="TFSBUILD11" duration="00:00:00.0132055" startTime="2015-09-28T09:43:56.3923052-07:00" endTime="2015-09-28T09:43:56.4079316-07:00" testType="13cdc9d9-ddb5-4fa4-a97d-d965ccfc6d4b" outcome="Passed" testListId="8c84fa94-04c1-424b-9868-57a2d4851a1d" relativeResultsDirectory="4ff85204-e361-4ebc-b86a-c8af460b8fed" />
    <UnitTestResult executionId="376af208-a783-4f04-a465-37bb2638f4d9" testId="df624fb2-1d1c-54f5-469f-ba881592f3b0" testName="IdentityMruService_AddMruIdentities_Throws_WhenNullMruIdentityIdsIsPassed" computerName="TFSBUILD11" duration="00:00:00.0129481" startTime="2015-09-28T09:43:56.4079316-07:00" endTime="2015-09-28T09:43:56.4079316-07:00" testType="13cdc9d9-ddb5-4fa4-a97d-d965ccfc6d4b" outcome="Passed" testListId="8c84fa94-04c1-424b-9868-57a2d4851a1d" relativeResultsDirectory="376af208-a783-4f04-a465-37bb2638f4d9" />
    <UnitTestResult executionId="6e33154a-afb3-4fd2-b4d1-603d345a34b9" testId="d284b915-9373-de30-60e2-7e50bf050057" testName="IdentityMruService_AddMruIdentities_Throws_WhenNullMruIdentitiesIsPassed" computerName="TFSBUILD11" duration="00:00:00.0122657" startTime="2015-09-28T09:43:56.4079316-07:00" endTime="2015-09-28T09:43:56.4235580-07:00" testType="13cdc9d9-ddb5-4fa4-a97d-d965ccfc6d4b" outcome="Passed" testListId="8c84fa94-04c1-424b-9868-57a2d4851a1d" relativeResultsDirectory="6e33154a-afb3-4fd2-b4d1-603d345a34b9" />
    <UnitTestResult executionId="05d966b6-d49a-44c0-b11c-058b3e39a12a" testId="645d0217-8389-adf1-5ef9-498ea8b4b981" testName="IdentityMruService_DeleteMruIdentities_Throws_WhenNullMruIdentityIdsIsPassed" computerName="TFSBUILD11" duration="00:00:00.0117455" startTime="2015-09-28T09:43:56.4235580-07:00" endTime="2015-09-28T09:43:56.4391833-07:00" testType="13cdc9d9-ddb5-4fa4-a97d-d965ccfc6d4b" outcome="Passed" testListId="8c84fa94-04c1-424b-9868-57a2d4851a1d" relativeResultsDirectory="05d966b6-d49a-44c0-b11c-058b3e39a12a" />
    <UnitTestResult executionId="9e230c7f-fae5-40f2-992d-0304681f1ead" testId="88051f23-f180-86d0-17c9-2240dd458c11" testName="IdentityMruService_DeleteMruIdentities_Throws_WhenNullMruIdentitiesIsPassed" computerName="TFSBUILD11" duration="00:00:00.0193162" startTime="2015-09-28T09:43:56.4391833-07:00" endTime="2015-09-28T09:43:56.4548125-07:00" testType="13cdc9d9-ddb5-4fa4-a97d-d965ccfc6d4b" outcome="Passed" testListId="8c84fa94-04c1-424b-9868-57a2d4851a1d" relativeResultsDirectory="9e230c7f-fae5-40f2-992d-0304681f1ead" />
    <UnitTestResult executionId="641d31c3-f3f1-4c45-99b9-c7c10a7ec63c" testId="19ca6313-d958-feef-ad68-55d694fc9f66" testName="IdentityMruService_ReadMruIdentities_Throws_WhenRequestedIdentityIsNotInScope" computerName="TFSBUILD11" duration="00:00:00.0247030" startTime="2015-09-28T09:43:56.4548125-07:00" endTime="2015-09-28T09:43:56.4860613-07:00" testType="13cdc9d9-ddb5-4fa4-a97d-d965ccfc6d4b" outcome="Passed" testListId="8c84fa94-04c1-424b-9868-57a2d4851a1d" relativeResultsDirectory="641d31c3-f3f1-4c45-99b9-c7c10a7ec63c" />
    <UnitTestResult executionId="c751441c-8df4-45fe-9427-8e97a38f985e" testId="956be934-3f05-1867-e2e6-e9070b9b25eb" testName="IdentityMruService_AddMruIdentities_Throws_WhenRequestedIdentityIsNotInScope" computerName="TFSBUILD11" duration="00:00:00.0180519" startTime="2015-09-28T09:43:56.4860613-07:00" endTime="2015-09-28T09:43:56.5016886-07:00" testType="13cdc9d9-ddb5-4fa4-a97d-d965ccfc6d4b" outcome="Passed" testListId="8c84fa94-04c1-424b-9868-57a2d4851a1d" relativeResultsDirectory="c751441c-8df4-45fe-9427-8e97a38f985e" />
    <UnitTestResult executionId="e2990305-c405-4171-9709-93faebabe554" testId="064c0d88-a4f9-540e-2166-8127c18a984e" testName="IdentityMruService_DeleteMruIdentities_Throws_WhenRequestedIdentityIsNotInScope" computerName="TFSBUILD11" duration="00:00:00.0130121" startTime="2015-09-28T09:43:56.5016886-07:00" endTime="2015-09-28T09:43:56.5173113-07:00" testType="13cdc9d9-ddb5-4fa4-a97d-d965ccfc6d4b" outcome="Passed" testListId="8c84fa94-04c1-424b-9868-57a2d4851a1d" relativeResultsDirectory="e2990305-c405-4171-9709-93faebabe554" />
    <UnitTestResult executionId="843fc0e6-0b0e-4d8b-be6f-24b0800a41e5" testId="4c1bf6ac-32c2-c9f4-1eee-346d02080e41" testName="IdentityMruService_ReadMruIdentities_DelegatesToIdentityIdMruService" computerName="TFSBUILD11" duration="00:00:00.0283399" startTime="2015-09-28T09:43:56.5173113-07:00" endTime="2015-09-28T09:43:56.5485638-07:00" testType="13cdc9d9-ddb5-4fa4-a97d-d965ccfc6d4b" outcome="Passed" testListId="8c84fa94-04c1-424b-9868-57a2d4851a1d" relativeResultsDirectory="843fc0e6-0b0e-4d8b-be6f-24b0800a41e5" />
    <UnitTestResult executionId="2d3078c2-5bc6-4a8d-83ce-8604f13d296d" testId="ef2e46ea-3ad1-2673-c3ab-dc878ea66873" testName="IdentityMruService_ReadMruIdentities_Returns_ResolvedIdentitiesInImsScope" computerName="TFSBUILD11" duration="00:00:00.0161052" startTime="2015-09-28T09:43:56.5485638-07:00" endTime="2015-09-28T09:43:56.5641899-07:00" testType="13cdc9d9-ddb5-4fa4-a97d-d965ccfc6d4b" outcome="Passed" testListId="8c84fa94-04c1-424b-9868-57a2d4851a1d" relativeResultsDirectory="2d3078c2-5bc6-4a8d-83ce-8604f13d296d" />
    <UnitTestResult executionId="c9ae9e3c-137d-491e-9eeb-4a29edba2a7f" testId="1e0d33f3-f39d-4428-799e-8362565e068a" testName="IdentityMruService_AddMruIdentities_DelegatesToIdentityIdMruService" computerName="TFSBUILD11" duration="00:00:00.0174415" startTime="2015-09-28T09:43:56.5641899-07:00" endTime="2015-09-28T09:43:56.5798186-07:00" testType="13cdc9d9-ddb5-4fa4-a97d-d965ccfc6d4b" outcome="Passed" testListId="8c84fa94-04c1-424b-9868-57a2d4851a1d" relativeResultsDirectory="c9ae9e3c-137d-491e-9eeb-4a29edba2a7f" />
    <UnitTestResult executionId="85ae68bb-6878-4f5f-85b6-67d3b637a9d7" testId="d3279787-ed82-ffc3-8628-9fdd10542922" testName="IdentityMruService_DeleteMruIdentities_DelegatesToIdentityIdMruService" computerName="TFSBUILD11" duration="00:00:00.0143877" startTime="2015-09-28T09:43:56.5798186-07:00" endTime="2015-09-28T09:43:56.5954441-07:00" testType="13cdc9d9-ddb5-4fa4-a97d-d965ccfc6d4b" outcome="Passed" testListId="8c84fa94-04c1-424b-9868-57a2d4851a1d" relativeResultsDirectory="85ae68bb-6878-4f5f-85b6-67d3b637a9d7" />
    <UnitTestResult executionId="d43924cc-b9e9-4d30-9bb1-ce391b07c4ed" testId="ee4861e9-2d2c-ce6c-6914-efd6ccefb01c" testName="Verify_NormalizeTfsGroupName_does_not_replace_unqualified_accountname" computerName="TFSBUILD11" duration="00:00:00.0009554" startTime="2015-09-28T09:43:56.5954441-07:00" endTime="2015-09-28T09:43:56.5954441-07:00" testType="13cdc9d9-ddb5-4fa4-a97d-d965ccfc6d4b" outcome="Passed" testListId="8c84fa94-04c1-424b-9868-57a2d4851a1d" relativeResultsDirectory="d43924cc-b9e9-4d30-9bb1-ce391b07c4ed" />
    <UnitTestResult executionId="92dc869f-1cfe-4bdc-b353-54d7ff167e76" testId="dbf9ca64-335a-d26b-f450-e1e15426a1ae" testName="Verify_NormalizeTfsGroupName_does_not_replace_tenant_qualified_accountname" computerName="TFSBUILD11" duration="00:00:00.0002150" startTime="2015-09-28T09:43:56.5954441-07:00" endTime="2015-09-28T09:43:56.5954441-07:00" testType="13cdc9d9-ddb5-4fa4-a97d-d965ccfc6d4b" outcome="Passed" testListId="8c84fa94-04c1-424b-9868-57a2d4851a1d" relativeResultsDirectory="92dc869f-1cfe-4bdc-b353-54d7ff167e76" />
    <UnitTestResult executionId="5114314c-0488-49a4-9e8f-f61a664c4b08" testId="7ae6026f-1918-0e9d-b31c-408f1257c77a" testName="Verify_NormalizeTfsGroupName_does_not_replace_collection_qualified_accountname" computerName="TFSBUILD11" duration="00:00:00.0001837" startTime="2015-09-28T09:43:56.5954441-07:00" endTime="2015-09-28T09:43:56.5954441-07:00" testType="13cdc9d9-ddb5-4fa4-a97d-d965ccfc6d4b" outcome="Passed" testListId="8c84fa94-04c1-424b-9868-57a2d4851a1d" relativeResultsDirectory="5114314c-0488-49a4-9e8f-f61a664c4b08" />
    <UnitTestResult executionId="fb911ce4-2778-4a4a-93ee-f12f76a892b2" testId="5b2b92ab-0557-7887-d6a9-79710080049d" testName="Verify_NormalizeTfsGroupName_does_not_replace_scope_qualified_accountname" computerName="TFSBUILD11" duration="00:00:00.0002232" startTime="2015-09-28T09:43:56.5954441-07:00" endTime="2015-09-28T09:43:56.5954441-07:00" testType="13cdc9d9-ddb5-4fa4-a97d-d965ccfc6d4b" outcome="Passed" testListId="8c84fa94-04c1-424b-9868-57a2d4851a1d" relativeResultsDirectory="fb911ce4-2778-4a4a-93ee-f12f76a892b2" />
    <UnitTestResult executionId="484ee803-6dab-4952-b688-2c4634748df0" testId="3b556d94-0de9-dbe8-fc9b-f61a5e8495b1" testName="Verify_NormalizeTfsGroupName_replaces_global_scope_qualified_accountname" computerName="TFSBUILD11" duration="00:00:00.0006021" startTime="2015-09-28T09:43:56.5954441-07:00" endTime="2015-09-28T09:43:56.5954441-07:00" testType="13cdc9d9-ddb5-4fa4-a97d-d965ccfc6d4b" outcome="Passed" testListId="8c84fa94-04c1-424b-9868-57a2d4851a1d" relativeResultsDirectory="484ee803-6dab-4952-b688-2c4634748df0" />
    <UnitTestResult executionId="34895859-d883-4725-95b1-a1015d844c16" testId="aa7f9d9b-ae3d-907f-94c1-6689a1dc416a" testName="Verify_NormalizeTfsGroupName_does_not_replace_global_scope_inside_accountname" computerName="TFSBUILD11" duration="00:00:00.0003996" startTime="2015-09-28T09:43:56.5954441-07:00" endTime="2015-09-28T09:43:56.5954441-07:00" testType="13cdc9d9-ddb5-4fa4-a97d-d965ccfc6d4b" outcome="Passed" testListId="8c84fa94-04c1-424b-9868-57a2d4851a1d" relativeResultsDirectory="34895859-d883-4725-95b1-a1015d844c16" />
    <UnitTestResult executionId="79a9d13b-2619-4112-91f3-64cf8f970b38" testId="56208e55-85c5-9cb4-f4c1-6925ec37b8a4" testName="Verify_NormalizeTfsGroupName_replaces_only_global_scope_at_start_of_accountname" computerName="TFSBUILD11" duration="00:00:00.0002722" startTime="2015-09-28T09:43:56.5954441-07:00" endTime="2015-09-28T09:43:56.5954441-07:00" testType="13cdc9d9-ddb5-4fa4-a97d-d965ccfc6d4b" outcome="Passed" testListId="8c84fa94-04c1-424b-9868-57a2d4851a1d" relativeResultsDirectory="79a9d13b-2619-4112-91f3-64cf8f970b38" />
    <UnitTestResult executionId="b87edebf-ae1a-41be-9746-bb871fac1bac" testId="87c7f746-13da-9500-2cc3-5d2b3150e25c" testName="Verify_NormalizeTfsGroupName_does_not_replace_unqualified_accountname_starting_with_global_scope" computerName="TFSBUILD11" duration="00:00:00.0001865" startTime="2015-09-28T09:43:56.5954441-07:00" endTime="2015-09-28T09:43:56.5954441-07:00" testType="13cdc9d9-ddb5-4fa4-a97d-d965ccfc6d4b" outcome="Passed" testListId="8c84fa94-04c1-424b-9868-57a2d4851a1d" relativeResultsDirectory="b87edebf-ae1a-41be-9746-bb871fac1bac" />
    <UnitTestResult executionId="d3de789e-0655-4760-b9ca-3a63b83f186d" testId="cce84256-ea6f-9e63-b6ac-374141acdef3" testName="Verify_NormalizeTfsGroupName_does_not_replace_lower_case_global_scope" computerName="TFSBUILD11" duration="00:00:00.0001865" startTime="2015-09-28T09:43:56.5954441-07:00" endTime="2015-09-28T09:43:56.5954441-07:00" testType="13cdc9d9-ddb5-4fa4-a97d-d965ccfc6d4b" outcome="Passed" testListId="8c84fa94-04c1-424b-9868-57a2d4851a1d" relativeResultsDirectory="d3de789e-0655-4760-b9ca-3a63b83f186d" />
    <UnitTestResult executionId="415635ba-1d77-485c-9afe-beb4f125980b" testId="869a3265-f927-b9d4-f6e3-992b222d4336" testName="SqlConnectionHelperTests_SetConnectionTimeoutHosted" computerName="TFSBUILD11" duration="00:00:00.0063786" startTime="2015-09-28T09:43:56.5954441-07:00" endTime="2015-09-28T09:43:56.6110677-07:00" testType="13cdc9d9-ddb5-4fa4-a97d-d965ccfc6d4b" outcome="Passed" testListId="8c84fa94-04c1-424b-9868-57a2d4851a1d" relativeResultsDirectory="415635ba-1d77-485c-9afe-beb4f125980b" />
    <UnitTestResult executionId="7c30d409-9d71-47aa-a5c2-c7b8e3bc9792" testId="63e9eba7-b40a-4e5e-ac31-66844851759d" testName="SqlConnectionHelperTests_SetConnectionTimeoutOnPrem" computerName="TFSBUILD11" duration="00:00:00.0002571" startTime="2015-09-28T09:43:56.6110677-07:00" endTime="2015-09-28T09:43:56.6110677-07:00" testType="13cdc9d9-ddb5-4fa4-a97d-d965ccfc6d4b" outcome="Passed" testListId="8c84fa94-04c1-424b-9868-57a2d4851a1d" relativeResultsDirectory="7c30d409-9d71-47aa-a5c2-c7b8e3bc9792" />
    <UnitTestResult executionId="a23b0aeb-459a-4a4e-8141-ed9b345876d0" testId="6e6f12b0-2eb8-3d24-f001-6439653dfcc0" testName="SqlConnectionHelperTests_SanitizeHosted" computerName="TFSBUILD11" duration="00:00:00.0022104" startTime="2015-09-28T09:43:56.6110677-07:00" endTime="2015-09-28T09:43:56.6110677-07:00" testType="13cdc9d9-ddb5-4fa4-a97d-d965ccfc6d4b" outcome="Passed" testListId="8c84fa94-04c1-424b-9868-57a2d4851a1d" relativeResultsDirectory="a23b0aeb-459a-4a4e-8141-ed9b345876d0" />
    <UnitTestResult executionId="d14aa2b0-5b5d-4384-a4c5-3fa9c77879e6" testId="bf24074c-2f17-4848-9fbe-7416e38dec22" testName="SqlConnectionHelperTests_SanitizeHostedNonDefault" computerName="TFSBUILD11" duration="00:00:00.0004258" startTime="2015-09-28T09:43:56.6110677-07:00" endTime="2015-09-28T09:43:56.6110677-07:00" testType="13cdc9d9-ddb5-4fa4-a97d-d965ccfc6d4b" outcome="Passed" testListId="8c84fa94-04c1-424b-9868-57a2d4851a1d" relativeResultsDirectory="d14aa2b0-5b5d-4384-a4c5-3fa9c77879e6" />
    <UnitTestResult executionId="af417e4a-d363-404b-bcc9-9ff83e010865" testId="1faaff2c-cb16-3c15-8d05-c9b1a85419da" testName="SqlConnectionHelperTests_SanitizeOnPrem" computerName="TFSBUILD11" duration="00:00:00.0055620" startTime="2015-09-28T09:43:56.6110677-07:00" endTime="2015-09-28T09:43:56.6110677-07:00" testType="13cdc9d9-ddb5-4fa4-a97d-d965ccfc6d4b" outcome="Passed" testListId="8c84fa94-04c1-424b-9868-57a2d4851a1d" relativeResultsDirectory="af417e4a-d363-404b-bcc9-9ff83e010865" />
    <UnitTestResult executionId="63e30463-a0cc-4f32-9bee-17d879bb064c" testId="a16707bf-dbf0-15c7-d6db-f3b093790861" testName="DBMS_TryParseDatabaseThresholdInterval" computerName="TFSBUILD11" duration="00:00:00.0036417" startTime="2015-09-28T09:43:56.6110677-07:00" endTime="2015-09-28T09:43:56.6266941-07:00" testType="13cdc9d9-ddb5-4fa4-a97d-d965ccfc6d4b" outcome="Passed" testListId="8c84fa94-04c1-424b-9868-57a2d4851a1d" relativeResultsDirectory="63e30463-a0cc-4f32-9bee-17d879bb064c" />
    <UnitTestResult executionId="b2d2bd08-87c2-4504-8c78-7eb4fb34d424" testId="f381117e-96f4-8384-60a7-c8b8078b2c3f" testName="DBMS_UpdateDatabaseSizeStats" computerName="TFSBUILD11" duration="00:00:00.1879553" startTime="2015-09-28T09:43:56.6266941-07:00" endTime="2015-09-28T09:43:56.8142074-07:00" testType="13cdc9d9-ddb5-4fa4-a97d-d965ccfc6d4b" outcome="Passed" testListId="8c84fa94-04c1-424b-9868-57a2d4851a1d" relativeResultsDirectory="b2d2bd08-87c2-4504-8c78-7eb4fb34d424" />
    <UnitTestResult executionId="9e5aed29-b7b8-4474-bafd-327ca2bfe7db" testId="2fc97ddf-2f4d-34dc-aec5-6dc607b6b3c7" testName="FrameworkContributionService_should_return_null_for_unknown_id" computerName="TFSBUILD11" duration="00:00:00.0986775" startTime="2015-09-28T09:43:56.8142074-07:00" endTime="2015-09-28T09:43:56.9235899-07:00" testType="13cdc9d9-ddb5-4fa4-a97d-d965ccfc6d4b" outcome="Passed" testListId="8c84fa94-04c1-424b-9868-57a2d4851a1d" relativeResultsDirectory="9e5aed29-b7b8-4474-bafd-327ca2bfe7db" />
    <UnitTestResult executionId="4d960352-38ad-4e07-9de1-5c0fb75bd64d" testId="1aac4b07-51e4-fb07-5ca6-e6f645dfad0a" testName="FrameworkContributionService_should_return_extension_for_known_id" computerName="TFSBUILD11" duration="00:00:00.0118852" startTime="2015-09-28T09:43:56.9235899-07:00" endTime="2015-09-28T09:43:56.9392163-07:00" testType="13cdc9d9-ddb5-4fa4-a97d-d965ccfc6d4b" outcome="Passed" testListId="8c84fa94-04c1-424b-9868-57a2d4851a1d" relativeResultsDirectory="4d960352-38ad-4e07-9de1-5c0fb75bd64d" />
    <UnitTestResult executionId="045a2678-1970-4b98-8e02-9c21cf1498a8" testId="72f46df3-aa80-965a-eb14-076a7c1593f7" testName="FrameworkContributionService_should_return_no_scopes_for_null_extension" computerName="TFSBUILD11" duration="00:00:00.0012356" startTime="2015-09-28T09:43:56.9392163-07:00" endTime="2015-09-28T09:43:56.9392163-07:00" testType="13cdc9d9-ddb5-4fa4-a97d-d965ccfc6d4b" outcome="Passed" testListId="8c84fa94-04c1-424b-9868-57a2d4851a1d" relativeResultsDirectory="045a2678-1970-4b98-8e02-9c21cf1498a8" />
    <UnitTestResult executionId="f0a9e541-1b0b-4a08-bbed-696e51b79089" testId="42681dc6-d2e6-bbce-8c22-29bae81b8459" testName="FrameworkContributionService_should_return_no_scopes_for_extension_with_null_scopes" computerName="TFSBUILD11" duration="00:00:00.0001925" startTime="2015-09-28T09:43:56.9392163-07:00" endTime="2015-09-28T09:43:56.9392163-07:00" testType="13cdc9d9-ddb5-4fa4-a97d-d965ccfc6d4b" outcome="Passed" testListId="8c84fa94-04c1-424b-9868-57a2d4851a1d" relativeResultsDirectory="f0a9e541-1b0b-4a08-bbed-696e51b79089" />
    <UnitTestResult executionId="a027cd1a-6427-4d3a-b064-c7f0b0cdab23" testId="6fc353d3-01fe-f430-6c8c-e98e27338efc" testName="FrameworkContributionService_should_return_no_scopes_for_extension_with_no_scopes" computerName="TFSBUILD11" duration="00:00:00.0065689" startTime="2015-09-28T09:43:56.9392163-07:00" endTime="2015-09-28T09:43:56.9548424-07:00" testType="13cdc9d9-ddb5-4fa4-a97d-d965ccfc6d4b" outcome="Passed" testListId="8c84fa94-04c1-424b-9868-57a2d4851a1d" relativeResultsDirectory="a027cd1a-6427-4d3a-b064-c7f0b0cdab23" />
    <UnitTestResult executionId="8a978dd9-b245-4a50-a8bd-1285826b83db" testId="6ae3b2ca-7efd-7cfa-60e4-09202603b584" testName="FrameworkContributionService_should_return_no_scopes_for_invalid_scope" computerName="TFSBUILD11" duration="00:00:00.0003185" startTime="2015-09-28T09:43:56.9548424-07:00" endTime="2015-09-28T09:43:56.9704702-07:00" testType="13cdc9d9-ddb5-4fa4-a97d-d965ccfc6d4b" outcome="Passed" testListId="8c84fa94-04c1-424b-9868-57a2d4851a1d" relativeResultsDirectory="8a978dd9-b245-4a50-a8bd-1285826b83db" />
    <UnitTestResult executionId="9a5f05ba-b94f-43e6-bf83-0857447c6400" testId="99eb17ef-c54b-0103-e4ed-d67d23002ceb" testName="FrameworkContributionService_should_return_scope_for_extension" computerName="TFSBUILD11" duration="00:00:00.0013744" startTime="2015-09-28T09:43:56.9704702-07:00" endTime="2015-09-28T09:43:56.9704702-07:00" testType="13cdc9d9-ddb5-4fa4-a97d-d965ccfc6d4b" outcome="Passed" testListId="8c84fa94-04c1-424b-9868-57a2d4851a1d" relativeResultsDirectory="9a5f05ba-b94f-43e6-bf83-0857447c6400" />
    <UnitTestResult executionId="5925d603-ca86-4eee-82e2-859de4e7167a" testId="e724e6f0-f7fd-9671-8fc3-339d5f90d7dc" testName="FrameworkContributionService_should_return_scope_for_extension_case_insensitive" computerName="TFSBUILD11" duration="00:00:00.0008288" startTime="2015-09-28T09:43:56.9704702-07:00" endTime="2015-09-28T09:43:56.9860943-07:00" testType="13cdc9d9-ddb5-4fa4-a97d-d965ccfc6d4b" outcome="Passed" testListId="8c84fa94-04c1-424b-9868-57a2d4851a1d" relativeResultsDirectory="5925d603-ca86-4eee-82e2-859de4e7167a" />
    <UnitTestResult executionId="e654cd30-520a-4ca8-9a67-548952f18080" testId="e13136de-834e-38ea-5b8d-8e14348d659f" testName="FrameworkContributionService_should_return__multiple_scopes_for_extension_sorted_by_title" computerName="TFSBUILD11" duration="00:00:00.0013454" startTime="2015-09-28T09:43:56.9860943-07:00" endTime="2015-09-28T09:43:56.9860943-07:00" testType="13cdc9d9-ddb5-4fa4-a97d-d965ccfc6d4b" outcome="Passed" testListId="8c84fa94-04c1-424b-9868-57a2d4851a1d" relativeResultsDirectory="e654cd30-520a-4ca8-9a67-548952f18080" />
    <UnitTestResult executionId="1ade7538-35d8-4867-b299-3ef4547d1fe5" testId="ef186c94-bf7a-393d-63a2-f3be1114330e" testName="SerializationOfAccountEntitlementsClaim_DoesNotFail_ForAnyCulture" computerName="TFSBUILD11" duration="00:00:00.2705359" startTime="2015-09-28T09:43:56.9860943-07:00" endTime="2015-09-28T09:43:57.2517379-07:00" testType="13cdc9d9-ddb5-4fa4-a97d-d965ccfc6d4b" outcome="Passed" testListId="8c84fa94-04c1-424b-9868-57a2d4851a1d" relativeResultsDirectory="1ade7538-35d8-4867-b299-3ef4547d1fe5" />
    <UnitTestResult executionId="8df94302-445e-4e41-a05c-d8bd0a1a5091" testId="9ec55eff-fe92-bfa9-450b-f3ce5c80284a" testName="ValidateAccountRights_FailsOpen_WhenTooManyErrorsOccur" computerName="TFSBUILD11" startTime="2015-09-28T09:43:57.2517379-07:00" endTime="2015-09-28T09:43:57.2517379-07:00" testType="13cdc9d9-ddb5-4fa4-a97d-d965ccfc6d4b" outcome="NotExecuted" testListId="8c84fa94-04c1-424b-9868-57a2d4851a1d" relativeResultsDirectory="8df94302-445e-4e41-a05c-d8bd0a1a5091" />
    <UnitTestResult executionId="e40ae88a-7df5-4ef9-af9e-0905b12a4bb1" testId="571372ec-cd10-0eca-339b-387287dfb97a" testName="ValidateAccountRights_FailsOpen_WhenTooManyRequestsTimeout" computerName="TFSBUILD11" startTime="2015-09-28T09:43:57.2517379-07:00" endTime="2015-09-28T09:43:57.2517379-07:00" testType="13cdc9d9-ddb5-4fa4-a97d-d965ccfc6d4b" outcome="NotExecuted" testListId="8c84fa94-04c1-424b-9868-57a2d4851a1d" relativeResultsDirectory="e40ae88a-7df5-4ef9-af9e-0905b12a4bb1" />
    <UnitTestResult executionId="a3b56a13-efb3-4fc1-91bd-070a3d417ea1" testId="7ad38f56-f78e-67ee-23e1-69144071829a" testName="GetDefaultLocation_should_return_current_access_mapping_from_request_context" computerName="TFSBUILD11" duration="00:00:00.0041867" startTime="2015-09-28T09:43:57.2517379-07:00" endTime="2015-09-28T09:43:57.2673646-07:00" testType="13cdc9d9-ddb5-4fa4-a97d-d965ccfc6d4b" outcome="Passed" testListId="8c84fa94-04c1-424b-9868-57a2d4851a1d" relativeResultsDirectory="a3b56a13-efb3-4fc1-91bd-070a3d417ea1" />
    <UnitTestResult executionId="ac134e99-3d24-4bed-8122-6e08b2f33697" testId="c33ba110-3bf7-f449-618a-93844f83a847" testName="SetHostToDefault_should_set_authority_of_location_to_default_location" computerName="TFSBUILD11" duration="00:00:00.0022923" startTime="2015-09-28T09:43:57.2673646-07:00" endTime="2015-09-28T09:43:57.2829899-07:00" testType="13cdc9d9-ddb5-4fa4-a97d-d965ccfc6d4b" outcome="Passed" testListId="8c84fa94-04c1-424b-9868-57a2d4851a1d" relativeResultsDirectory="ac134e99-3d24-4bed-8122-6e08b2f33697" />
    <UnitTestResult executionId="6b08d80c-d651-4f58-a3ec-8e6d4bfc2156" testId="fb8e147b-abfe-eacb-04be-a5e9b4b38317" testName="TryCreate_string_should_return_invalid_location_when_location_is_relative" computerName="TFSBUILD11" duration="00:00:00.0008157" startTime="2015-09-28T09:43:57.2829899-07:00" endTime="2015-09-28T09:43:57.2829899-07:00" testType="13cdc9d9-ddb5-4fa4-a97d-d965ccfc6d4b" outcome="Passed" testListId="8c84fa94-04c1-424b-9868-57a2d4851a1d" relativeResultsDirectory="6b08d80c-d651-4f58-a3ec-8e6d4bfc2156" />
    <UnitTestResult executionId="0e7a39ca-1e29-44d6-b60c-bb55e3d09417" testId="516b00e1-9f58-e2e6-0869-a687a126414a" testName="TryCreate_should_return_invalid_location_when_location_scheme_is_not_supported" computerName="TFSBUILD11" duration="00:00:00.0007520" startTime="2015-09-28T09:43:57.2829899-07:00" endTime="2015-09-28T09:43:57.2829899-07:00" testType="13cdc9d9-ddb5-4fa4-a97d-d965ccfc6d4b" outcome="Passed" testListId="8c84fa94-04c1-424b-9868-57a2d4851a1d" relativeResultsDirectory="0e7a39ca-1e29-44d6-b60c-bb55e3d09417" />
    <UnitTestResult executionId="089b416f-ea62-4f0f-9e6e-4c1fe4d7cd9f" testId="e59bbc07-7510-ed6e-0434-907bc1a598db" testName="TryCreate_should_return_valid_location_when_all_locations_are_registered" computerName="TFSBUILD11" duration="00:00:00.0729618" startTime="2015-09-28T09:43:57.2829899-07:00" endTime="2015-09-28T09:43:57.3611207-07:00" testType="13cdc9d9-ddb5-4fa4-a97d-d965ccfc6d4b" outcome="Passed" testListId="8c84fa94-04c1-424b-9868-57a2d4851a1d" relativeResultsDirectory="089b416f-ea62-4f0f-9e6e-4c1fe4d7cd9f" />
    <UnitTestResult executionId="d78197ae-e274-4ecb-8274-786f805a69a1" testId="3aed2112-5558-59fc-bf58-9f46d644390d" testName="TryCreate_should_parse_and_set_next_location_chain_when_all_locations_are_registered" computerName="TFSBUILD11" duration="00:00:00.0019652" startTime="2015-09-28T09:43:57.3611207-07:00" endTime="2015-09-28T09:43:57.3611207-07:00" testType="13cdc9d9-ddb5-4fa4-a97d-d965ccfc6d4b" outcome="Passed" testListId="8c84fa94-04c1-424b-9868-57a2d4851a1d" relativeResultsDirectory="d78197ae-e274-4ecb-8274-786f805a69a1" />
    <UnitTestResult executionId="306d11aa-438f-41ff-bc67-f0a6dabb462f" testId="1e2e352f-2591-fab6-86d9-2bb2b7d57058" testName="TryCreate_should_return_unregistered_next_location_when_any_next_location_in_chain_is_unregistered" computerName="TFSBUILD11" duration="00:00:00.0041261" startTime="2015-09-28T09:43:57.3611207-07:00" endTime="2015-09-28T09:43:57.3767465-07:00" testType="13cdc9d9-ddb5-4fa4-a97d-d965ccfc6d4b" outcome="Passed" testListId="8c84fa94-04c1-424b-9868-57a2d4851a1d" relativeResultsDirectory="306d11aa-438f-41ff-bc67-f0a6dabb462f" />
    <UnitTestResult executionId="03e07cb1-f3ae-46ef-b608-cc376266cdeb" testId="0e107d47-0915-f033-32d9-026912ac8c26" testName="TryCreate_should_replace_next_location_with_default_location_when_any_next_location_is_unregistered" computerName="TFSBUILD11" duration="00:00:00.0061596" startTime="2015-09-28T09:43:57.3767465-07:00" endTime="2015-09-28T09:43:57.3767465-07:00" testType="13cdc9d9-ddb5-4fa4-a97d-d965ccfc6d4b" outcome="Passed" testListId="8c84fa94-04c1-424b-9868-57a2d4851a1d" relativeResultsDirectory="03e07cb1-f3ae-46ef-b608-cc376266cdeb" />
    <UnitTestResult executionId="a94b7dbf-198b-488a-a64b-e3aa102f196a" testId="cdef58f1-5c5b-2bb0-e3f2-67c15b8d57c1" testName="ForceCreateInsecure_should_succeed_when_the_root_URL_is_unregistered" computerName="TFSBUILD11" duration="00:00:00.0001644" startTime="2015-09-28T09:43:57.3767465-07:00" endTime="2015-09-28T09:43:57.3923726-07:00" testType="13cdc9d9-ddb5-4fa4-a97d-d965ccfc6d4b" outcome="Passed" testListId="8c84fa94-04c1-424b-9868-57a2d4851a1d" relativeResultsDirectory="a94b7dbf-198b-488a-a64b-e3aa102f196a" />
    <UnitTestResult executionId="936b05b5-1543-459b-8473-b780aba0f256" testId="6a1124fc-0403-4242-f05e-50a49e5de507" testName="ForceCreateInsecure_should_parse_the_chain_when_the_next_locations_are_registered" computerName="TFSBUILD11" duration="00:00:00.0063840" startTime="2015-09-28T09:43:57.3923726-07:00" endTime="2015-09-28T09:43:57.3923726-07:00" testType="13cdc9d9-ddb5-4fa4-a97d-d965ccfc6d4b" outcome="Passed" testListId="8c84fa94-04c1-424b-9868-57a2d4851a1d" relativeResultsDirectory="936b05b5-1543-459b-8473-b780aba0f256" />
    <UnitTestResult executionId="23aa79c3-677b-4c97-a1d5-7ddf28734d85" testId="8ac61560-3289-2a4b-2f02-39342634dd20" testName="ForceCreateInsecure_should_replace_next_location_with_default_location_when_any_next_location_is_unregistered" computerName="TFSBUILD11" duration="00:00:00.0046025" startTime="2015-09-28T09:43:57.3923726-07:00" endTime="2015-09-28T09:43:57.4079990-07:00" testType="13cdc9d9-ddb5-4fa4-a97d-d965ccfc6d4b" outcome="Passed" testListId="8c84fa94-04c1-424b-9868-57a2d4851a1d" relativeResultsDirectory="23aa79c3-677b-4c97-a1d5-7ddf28734d85" />
    <UnitTestResult executionId="841e002f-9c87-4f93-b7b3-a844e3bca0e1" testId="68607795-0a8b-2576-e5e8-153133df05dc" testName="SafeCatalog_CanGetExportsFromNormalAssembly" computerName="TFSBUILD11" startTime="2015-09-28T09:43:57.4079990-07:00" endTime="2015-09-28T09:43:57.4079990-07:00" testType="13cdc9d9-ddb5-4fa4-a97d-d965ccfc6d4b" outcome="NotExecuted" testListId="8c84fa94-04c1-424b-9868-57a2d4851a1d" relativeResultsDirectory="841e002f-9c87-4f93-b7b3-a844e3bca0e1" />
    <UnitTestResult executionId="43716fd1-50b7-4c6a-948b-5a496d26cfa6" testId="f0b6393d-428a-27c0-0e22-fd4739b38a3b" testName="SafeCatalog_CanGetExportsWhenOtherBaseTypeUnresolvable" computerName="TFSBUILD11" startTime="2015-09-28T09:43:57.4079990-07:00" endTime="2015-09-28T09:43:57.4079990-07:00" testType="13cdc9d9-ddb5-4fa4-a97d-d965ccfc6d4b" outcome="NotExecuted" testListId="8c84fa94-04c1-424b-9868-57a2d4851a1d" relativeResultsDirectory="43716fd1-50b7-4c6a-948b-5a496d26cfa6" />
    <UnitTestResult executionId="681728c3-b0c9-4c48-b41a-c6dc67935c34" testId="8a8fcea6-f079-37a3-ab99-289ea7c74990" testName="SafeCatalog_CanGetExportsWhenOtherAttributeUnresolvable" computerName="TFSBUILD11" startTime="2015-09-28T09:43:57.4079990-07:00" endTime="2015-09-28T09:43:57.4079990-07:00" testType="13cdc9d9-ddb5-4fa4-a97d-d965ccfc6d4b" outcome="NotExecuted" testListId="8c84fa94-04c1-424b-9868-57a2d4851a1d" relativeResultsDirectory="681728c3-b0c9-4c48-b41a-c6dc67935c34" />
    <UnitTestResult executionId="3483e67e-a53c-42e5-b07e-b4150034a082" testId="cc16f67b-c552-02fc-e7f6-f1e49adede96" testName="DatabaseToUserPath_RemovesTrailingSlash_BehindDirectory" computerName="TFSBUILD11" duration="00:00:00.0006650" startTime="2015-09-28T09:43:57.4079990-07:00" endTime="2015-09-28T09:43:57.4079990-07:00" testType="13cdc9d9-ddb5-4fa4-a97d-d965ccfc6d4b" outcome="Passed" testListId="8c84fa94-04c1-424b-9868-57a2d4851a1d" relativeResultsDirectory="3483e67e-a53c-42e5-b07e-b4150034a082" />
    <UnitTestResult executionId="9d05f386-82b1-48ba-831f-d762f91160f5" testId="6ee3bc42-00a5-7623-1b53-72bcb92004e5" testName="DatabaseToUserPath_RemovesTrailingSlash_BehindMachineName" computerName="TFSBUILD11" duration="00:00:00.0001368" startTime="2015-09-28T09:43:57.4079990-07:00" endTime="2015-09-28T09:43:57.4079990-07:00" testType="13cdc9d9-ddb5-4fa4-a97d-d965ccfc6d4b" outcome="Passed" testListId="8c84fa94-04c1-424b-9868-57a2d4851a1d" relativeResultsDirectory="9d05f386-82b1-48ba-831f-d762f91160f5" />
    <UnitTestResult executionId="44dfc2d2-a5ba-4100-b617-6427b028002f" testId="887599b8-5ebc-d51b-c126-cccb5a64e38c" testName="DatabaseToUserPath_DoesNotRemovTrailingSlash_BehindRoot" computerName="TFSBUILD11" duration="00:00:00.0001305" startTime="2015-09-28T09:43:57.4079990-07:00" endTime="2015-09-28T09:43:57.4079990-07:00" testType="13cdc9d9-ddb5-4fa4-a97d-d965ccfc6d4b" outcome="Passed" testListId="8c84fa94-04c1-424b-9868-57a2d4851a1d" relativeResultsDirectory="44dfc2d2-a5ba-4100-b617-6427b028002f" />
    <UnitTestResult executionId="83e6049b-a531-4550-8668-8527c611d71e" testId="20fbe588-4546-a59f-e0e9-909ea67e3667" testName="DeploymentMemoryCacheProxy_ServiceStart_should_throw_unexpected_host_type_when_host_type_is_not_application" computerName="TFSBUILD11" duration="00:00:00.0018110" startTime="2015-09-28T09:43:57.4079990-07:00" endTime="2015-09-28T09:43:57.4548779-07:00" testType="13cdc9d9-ddb5-4fa4-a97d-d965ccfc6d4b" outcome="Passed" testListId="8c84fa94-04c1-424b-9868-57a2d4851a1d" relativeResultsDirectory="83e6049b-a531-4550-8668-8527c611d71e" />
    <UnitTestResult executionId="7e5cdcb9-2049-49be-8ff9-147cec4f6217" testId="a96f065b-808d-94f3-d139-e9135bad420a" testName="DeploymentMemoryCacheProxy_ServiceStart_should_set_cache_container_as_memory_cache_from_deploymenr" computerName="TFSBUILD11" duration="00:00:00.0011548" startTime="2015-09-28T09:43:57.4548779-07:00" endTime="2015-09-28T09:43:57.4548779-07:00" testType="13cdc9d9-ddb5-4fa4-a97d-d965ccfc6d4b" outcome="Passed" testListId="8c84fa94-04c1-424b-9868-57a2d4851a1d" relativeResultsDirectory="7e5cdcb9-2049-49be-8ff9-147cec4f6217" />
    <UnitTestResult executionId="e0a0058d-7e22-4303-af09-8395477d260c" testId="ce431629-0650-834a-afff-42da739f826b" testName="DeploymentMemoryCacheProxy_BuildCacheKey_should_build_key_for_host_id" computerName="TFSBUILD11" duration="00:00:00.0013405" startTime="2015-09-28T09:43:57.4548779-07:00" endTime="2015-09-28T09:43:57.4705038-07:00" testType="13cdc9d9-ddb5-4fa4-a97d-d965ccfc6d4b" outcome="Passed" testListId="8c84fa94-04c1-424b-9868-57a2d4851a1d" relativeResultsDirectory="e0a0058d-7e22-4303-af09-8395477d260c" />
    <UnitTestResult executionId="b9ed5c9c-5289-4dc1-ae3e-a025784e47be" testId="e0f9fe02-f988-4a56-8941-9b9a739311f0" testName="DeploymentMemoryCache_ServiceStart_should_throw_unexpected_host_exception_when_service_host_type_is_not_deployment" computerName="TFSBUILD11" duration="00:00:00.0015542" startTime="2015-09-28T09:43:57.4705038-07:00" endTime="2015-09-28T09:43:57.4705038-07:00" testType="13cdc9d9-ddb5-4fa4-a97d-d965ccfc6d4b" outcome="Passed" testListId="8c84fa94-04c1-424b-9868-57a2d4851a1d" relativeResultsDirectory="b9ed5c9c-5289-4dc1-ae3e-a025784e47be" />
    <UnitTestResult executionId="b975ef86-7469-4f1a-a98f-f7a972c11027" testId="85cb4582-ab1e-7106-3474-a40b2a3d0350" testName="DeploymentMemoryCache_ServiceStart_should_initialize_cache_container" computerName="TFSBUILD11" duration="00:00:00.0491797" startTime="2015-09-28T09:43:57.4705038-07:00" endTime="2015-09-28T09:43:57.5173824-07:00" testType="13cdc9d9-ddb5-4fa4-a97d-d965ccfc6d4b" outcome="Passed" testListId="8c84fa94-04c1-424b-9868-57a2d4851a1d" relativeResultsDirectory="b975ef86-7469-4f1a-a98f-f7a972c11027" />
    <UnitTestResult executionId="0336e4ec-2a72-44b3-aef2-0e0076e7c904" testId="38fbb055-643f-cb6b-716a-5ed16d2e6701" testName="CacheGroupingMaintainsReverseMapping" computerName="TFSBUILD11" duration="00:00:00.0249420" startTime="2015-09-28T09:43:57.5173824-07:00" endTime="2015-09-28T09:43:57.5486372-07:00" testType="13cdc9d9-ddb5-4fa4-a97d-d965ccfc6d4b" outcome="Passed" testListId="8c84fa94-04c1-424b-9868-57a2d4851a1d" relativeResultsDirectory="0336e4ec-2a72-44b3-aef2-0e0076e7c904" />
    <UnitTestResult executionId="21388e18-9440-4a7a-bbb4-f2cffcff8575" testId="09415ade-bcc4-2404-3299-90966ab5635c" testName="CacheGroupingSupportsManyToManyMapping" computerName="TFSBUILD11" duration="00:00:00.0019265" startTime="2015-09-28T09:43:57.5486372-07:00" endTime="2015-09-28T09:43:57.5486372-07:00" testType="13cdc9d9-ddb5-4fa4-a97d-d965ccfc6d4b" outcome="Passed" testListId="8c84fa94-04c1-424b-9868-57a2d4851a1d" relativeResultsDirectory="21388e18-9440-4a7a-bbb4-f2cffcff8575" />
    <UnitTestResult executionId="c6e532d2-2c1f-438b-b792-dbbff35fc612" testId="866c3d65-66b6-f262-8482-4205b179f84d" testName="CacheGroupingMaintainsOneToOneMappingIfReplaceBehaviorIsPassed" computerName="TFSBUILD11" duration="00:00:00.0013789" startTime="2015-09-28T09:43:57.5486372-07:00" endTime="2015-09-28T09:43:57.5486372-07:00" testType="13cdc9d9-ddb5-4fa4-a97d-d965ccfc6d4b" outcome="Passed" testListId="8c84fa94-04c1-424b-9868-57a2d4851a1d" relativeResultsDirectory="c6e532d2-2c1f-438b-b792-dbbff35fc612" />
    <UnitTestResult executionId="cfc3c300-bb82-4da9-a306-0ad11ca96b21" testId="58f07de7-6017-cced-3325-2242722c6405" testName="MultipleGroupingAreSupportedOverSingleCache" computerName="TFSBUILD11" duration="00:00:00.0030293" startTime="2015-09-28T09:43:57.5486372-07:00" endTime="2015-09-28T09:43:57.5486372-07:00" testType="13cdc9d9-ddb5-4fa4-a97d-d965ccfc6d4b" outcome="Passed" testListId="8c84fa94-04c1-424b-9868-57a2d4851a1d" relativeResultsDirectory="cfc3c300-bb82-4da9-a306-0ad11ca96b21" />
    <UnitTestResult executionId="4cfa5d27-3955-4141-9a29-c70cffa46db5" testId="e6e34db3-945a-4fc7-52cd-6d4f4da7c5c0" testName="CacheGroupingDelegateMayReturnNull" computerName="TFSBUILD11" duration="00:00:00.0005876" startTime="2015-09-28T09:43:57.5486372-07:00" endTime="2015-09-28T09:43:57.5486372-07:00" testType="13cdc9d9-ddb5-4fa4-a97d-d965ccfc6d4b" outcome="Passed" testListId="8c84fa94-04c1-424b-9868-57a2d4851a1d" relativeResultsDirectory="4cfa5d27-3955-4141-9a29-c70cffa46db5" />
    <UnitTestResult executionId="8c4a94bc-bf6f-4b14-a076-e5dc71a6182d" testId="68b61e17-d94f-7735-f59d-c9bddbe1351e" testName="SmokeTest" computerName="TFSBUILD11" duration="00:00:00.0041762" startTime="2015-09-28T09:43:57.5486372-07:00" endTime="2015-09-28T09:43:57.5642627-07:00" testType="13cdc9d9-ddb5-4fa4-a97d-d965ccfc6d4b" outcome="Passed" testListId="8c84fa94-04c1-424b-9868-57a2d4851a1d" relativeResultsDirectory="8c4a94bc-bf6f-4b14-a076-e5dc71a6182d" />
    <UnitTestResult executionId="927e88b4-2040-4711-852a-a305a45204b7" testId="84715100-37c7-a5b6-3f03-a3a0319aecd2" testName="TestBasicOperations" computerName="TFSBUILD11" duration="00:00:00.0012623" startTime="2015-09-28T09:43:57.5642627-07:00" endTime="2015-09-28T09:43:57.5642627-07:00" testType="13cdc9d9-ddb5-4fa4-a97d-d965ccfc6d4b" outcome="Passed" testListId="8c84fa94-04c1-424b-9868-57a2d4851a1d" relativeResultsDirectory="927e88b4-2040-4711-852a-a305a45204b7" />
    <UnitTestResult executionId="7d096b7e-af01-4c2d-b6a7-f90063f3327d" testId="65f8e4ae-0e17-25fb-577a-33863716e3ec" testName="PolicyLimitsAmountOfElements" computerName="TFSBUILD11" duration="00:00:00.0004346" startTime="2015-09-28T09:43:57.5642627-07:00" endTime="2015-09-28T09:43:57.5642627-07:00" testType="13cdc9d9-ddb5-4fa4-a97d-d965ccfc6d4b" outcome="Passed" testListId="8c84fa94-04c1-424b-9868-57a2d4851a1d" relativeResultsDirectory="7d096b7e-af01-4c2d-b6a7-f90063f3327d" />
    <UnitTestResult executionId="c6ba8dcf-5143-4a6a-aaac-5669d78c31dc" testId="411ce627-1f57-f6c6-8b83-6632efc8d840" testName="SizePolicyLimitsOverallMemoryFootprint" computerName="TFSBUILD11" duration="00:00:00.0011835" startTime="2015-09-28T09:43:57.5642627-07:00" endTime="2015-09-28T09:43:57.5642627-07:00" testType="13cdc9d9-ddb5-4fa4-a97d-d965ccfc6d4b" outcome="Passed" testListId="8c84fa94-04c1-424b-9868-57a2d4851a1d" relativeResultsDirectory="c6ba8dcf-5143-4a6a-aaac-5669d78c31dc" />
    <UnitTestResult executionId="116fe0ff-94e3-4161-b7f8-fe4adca3e69b" testId="ebe0191f-b7be-4c06-c2fe-2785d3dbc1ef" testName="LengthLimitIsEnforcedForEmptyCache" computerName="TFSBUILD11" duration="00:00:00.0005981" startTime="2015-09-28T09:43:57.5642627-07:00" endTime="2015-09-28T09:43:57.5642627-07:00" testType="13cdc9d9-ddb5-4fa4-a97d-d965ccfc6d4b" outcome="Passed" testListId="8c84fa94-04c1-424b-9868-57a2d4851a1d" relativeResultsDirectory="116fe0ff-94e3-4161-b7f8-fe4adca3e69b" />
    <UnitTestResult executionId="19b57382-9b6a-4b60-968e-023d6154eb84" testId="162ac4ba-4057-e37c-85c7-0f775e640b51" testName="SizeLimitIsEnforcedForEmptyCache" computerName="TFSBUILD11" duration="00:00:00.0003936" startTime="2015-09-28T09:43:57.5642627-07:00" endTime="2015-09-28T09:43:57.5642627-07:00" testType="13cdc9d9-ddb5-4fa4-a97d-d965ccfc6d4b" outcome="Passed" testListId="8c84fa94-04c1-424b-9868-57a2d4851a1d" relativeResultsDirectory="19b57382-9b6a-4b60-968e-023d6154eb84" />
    <UnitTestResult executionId="2b6bfc3f-d0a4-4a10-babb-127dda7389de" testId="8f456c16-91d1-36bc-fc43-363b3afae3d8" testName="SizeProviderIsCalledOutsideTheLock" computerName="TFSBUILD11" duration="00:00:00.0010925" startTime="2015-09-28T09:43:57.5642627-07:00" endTime="2015-09-28T09:43:57.5642627-07:00" testType="13cdc9d9-ddb5-4fa4-a97d-d965ccfc6d4b" outcome="Passed" testListId="8c84fa94-04c1-424b-9868-57a2d4851a1d" relativeResultsDirectory="2b6bfc3f-d0a4-4a10-babb-127dda7389de" />
    <UnitTestResult executionId="6741adaa-d5a4-461f-9816-e9cfc7a864d8" testId="2a778fe3-3205-5710-429c-2944d2edb4c7" testName="ExpiryProviderConstructorValidatesParameters" computerName="TFSBUILD11" duration="00:00:00.0010663" startTime="2015-09-28T09:43:57.5642627-07:00" endTime="2015-09-28T09:43:57.5642627-07:00" testType="13cdc9d9-ddb5-4fa4-a97d-d965ccfc6d4b" outcome="Passed" testListId="8c84fa94-04c1-424b-9868-57a2d4851a1d" relativeResultsDirectory="6741adaa-d5a4-461f-9816-e9cfc7a864d8" />
    <UnitTestResult executionId="d5be2bda-a568-478d-b71d-b787063cc515" testId="3f8fdb1f-2670-ed61-52c1-d18d577f0063" testName="ExpiryProviderAllowsDynamicExpirationDate" computerName="TFSBUILD11" duration="00:00:00.0037978" startTime="2015-09-28T09:43:57.5642627-07:00" endTime="2015-09-28T09:43:57.5642627-07:00" testType="13cdc9d9-ddb5-4fa4-a97d-d965ccfc6d4b" outcome="Passed" testListId="8c84fa94-04c1-424b-9868-57a2d4851a1d" relativeResultsDirectory="d5be2bda-a568-478d-b71d-b787063cc515" />
    <UnitTestResult executionId="c4e00306-30ba-4e9b-8378-9079571d9d64" testId="8700ea6a-1835-3d94-379b-a31a6c06374c" testName="BasicExpiryTests" computerName="TFSBUILD11" duration="00:00:00.0028697" startTime="2015-09-28T09:43:57.5642627-07:00" endTime="2015-09-28T09:43:57.5799002-07:00" testType="13cdc9d9-ddb5-4fa4-a97d-d965ccfc6d4b" outcome="Passed" testListId="8c84fa94-04c1-424b-9868-57a2d4851a1d" relativeResultsDirectory="c4e00306-30ba-4e9b-8378-9079571d9d64" />
    <UnitTestResult executionId="425c1a83-7fe2-4440-a159-b276c8bb5ef8" testId="11368ae5-e54f-af0d-797f-88400728b77c" testName="ValidateDefaultTimestampUpdateRules" computerName="TFSBUILD11" duration="00:00:00.0041198" startTime="2015-09-28T09:43:57.5799002-07:00" endTime="2015-09-28T09:43:57.5799002-07:00" testType="13cdc9d9-ddb5-4fa4-a97d-d965ccfc6d4b" outcome="Passed" testListId="8c84fa94-04c1-424b-9868-57a2d4851a1d" relativeResultsDirectory="425c1a83-7fe2-4440-a159-b276c8bb5ef8" />
    <UnitTestResult executionId="12917faa-11ae-4e5a-93a0-ae14dec54b30" testId="da682c7b-6442-7c64-e017-a3cc852d9759" testName="TestBasicOperations" computerName="TFSBUILD11" duration="00:00:00.0135307" startTime="2015-09-28T09:43:57.5799002-07:00" endTime="2015-09-28T09:43:57.5955255-07:00" testType="13cdc9d9-ddb5-4fa4-a97d-d965ccfc6d4b" outcome="Passed" testListId="8c84fa94-04c1-424b-9868-57a2d4851a1d" relativeResultsDirectory="12917faa-11ae-4e5a-93a0-ae14dec54b30" />
    <UnitTestResult executionId="1e221407-a273-4d93-8e83-4b627c018bf2" testId="8cab18f8-2d33-0233-df28-53ce592887ea" testName="CleanupTaskIsNotRegisteredWhenCleanupIntervalIsZero" computerName="TFSBUILD11" duration="00:00:00.0600970" startTime="2015-09-28T09:43:57.5955255-07:00" endTime="2015-09-28T09:43:57.6580296-07:00" testType="13cdc9d9-ddb5-4fa4-a97d-d965ccfc6d4b" outcome="Passed" testListId="8c84fa94-04c1-424b-9868-57a2d4851a1d" relativeResultsDirectory="1e221407-a273-4d93-8e83-4b627c018bf2" />
    <UnitTestResult executionId="b996702d-e4fc-4a0a-9535-f4eff5263876" testId="b36e88cd-e974-ae90-65c2-eab62b4a25f9" testName="CleanupTaskIsRegisteredWhenCleanupIntervalIsNonZero" computerName="TFSBUILD11" duration="00:00:00.0075835" startTime="2015-09-28T09:43:57.6580296-07:00" endTime="2015-09-28T09:43:57.6580296-07:00" testType="13cdc9d9-ddb5-4fa4-a97d-d965ccfc6d4b" outcome="Passed" testListId="8c84fa94-04c1-424b-9868-57a2d4851a1d" relativeResultsDirectory="b996702d-e4fc-4a0a-9535-f4eff5263876" />
    <UnitTestResult executionId="e017f4de-8456-43c1-a12a-a32e47de0a26" testId="a502e728-5c28-4b61-e707-4a42967bd629" testName="CacheItemLifetimeMayBeControlledWithExpiryProperties" computerName="TFSBUILD11" duration="00:00:00.0102704" startTime="2015-09-28T09:43:57.6580296-07:00" endTime="2015-09-28T09:43:57.6736554-07:00" testType="13cdc9d9-ddb5-4fa4-a97d-d965ccfc6d4b" outcome="Passed" testListId="8c84fa94-04c1-424b-9868-57a2d4851a1d" relativeResultsDirectory="e017f4de-8456-43c1-a12a-a32e47de0a26" />
    <UnitTestResult executionId="f8d77492-6a36-4f76-b64f-0d8a8a311b68" testId="ff825e49-9844-6460-f7d9-0e31c6bb65ea" testName="CacheIsInitializedUponServiceStart" computerName="TFSBUILD11" duration="00:00:00.0690837" startTime="2015-09-28T09:43:57.6736554-07:00" endTime="2015-09-28T09:43:57.7361468-07:00" testType="13cdc9d9-ddb5-4fa4-a97d-d965ccfc6d4b" outcome="Passed" testListId="8c84fa94-04c1-424b-9868-57a2d4851a1d" relativeResultsDirectory="f8d77492-6a36-4f76-b64f-0d8a8a311b68" />
    <UnitTestResult executionId="9e9fffa1-d73e-4e07-b754-3fe638093233" testId="03412fe2-444b-63f0-1c5c-dafa6eb75458" testName="ReadingFromWellFormedCacheProvidesProperCacheInstance" computerName="TFSBUILD11" duration="00:00:00.0583809" startTime="2015-09-28T09:43:57.7361468-07:00" endTime="2015-09-28T09:43:57.7986512-07:00" testType="13cdc9d9-ddb5-4fa4-a97d-d965ccfc6d4b" outcome="Passed" testListId="8c84fa94-04c1-424b-9868-57a2d4851a1d" relativeResultsDirectory="9e9fffa1-d73e-4e07-b754-3fe638093233" />
    <UnitTestResult executionId="25b4eb97-b4fa-4351-a6ae-9c141db5e86c" testId="902e8dce-ec66-8764-9a8c-dc6a7dabcdbb" testName="ResetingCacheCausesReadToReinitialize" computerName="TFSBUILD11" duration="00:00:00.0047837" startTime="2015-09-28T09:43:57.7986512-07:00" endTime="2015-09-28T09:43:57.7986512-07:00" testType="13cdc9d9-ddb5-4fa4-a97d-d965ccfc6d4b" outcome="Passed" testListId="8c84fa94-04c1-424b-9868-57a2d4851a1d" relativeResultsDirectory="25b4eb97-b4fa-4351-a6ae-9c141db5e86c" />
    <UnitTestResult executionId="c5f8e809-2d39-4508-a5c6-19a0553c6e7f" testId="0b271540-db47-1130-723a-fa2d4d726725" testName="ConcurrentUpdateDuringInitializationKeepsCacheUninitialized" computerName="TFSBUILD11" duration="00:00:00.0064645" startTime="2015-09-28T09:43:57.7986512-07:00" endTime="2015-09-28T09:43:57.8142774-07:00" testType="13cdc9d9-ddb5-4fa4-a97d-d965ccfc6d4b" outcome="Passed" testListId="8c84fa94-04c1-424b-9868-57a2d4851a1d" relativeResultsDirectory="c5f8e809-2d39-4508-a5c6-19a0553c6e7f" />
    <UnitTestResult executionId="c98cc236-41f4-4494-8bd4-2605834206e6" testId="7df433ff-e199-662f-20eb-50eb04716a74" testName="UpdateWithoutCollisionsKeepCacheInitialized" computerName="TFSBUILD11" duration="00:00:00.0050218" startTime="2015-09-28T09:43:57.8142774-07:00" endTime="2015-09-28T09:43:57.8142774-07:00" testType="13cdc9d9-ddb5-4fa4-a97d-d965ccfc6d4b" outcome="Passed" testListId="8c84fa94-04c1-424b-9868-57a2d4851a1d" relativeResultsDirectory="c98cc236-41f4-4494-8bd4-2605834206e6" />
    <UnitTestResult executionId="53b2f507-3fc1-42a7-8e8b-ba235f2882d1" testId="e44645e6-e799-0d55-6226-fb676fd611f2" testName="UpdateWithCollisionResetsCache" computerName="TFSBUILD11" duration="00:00:00.0045567" startTime="2015-09-28T09:43:57.8142774-07:00" endTime="2015-09-28T09:43:57.8142774-07:00" testType="13cdc9d9-ddb5-4fa4-a97d-d965ccfc6d4b" outcome="Passed" testListId="8c84fa94-04c1-424b-9868-57a2d4851a1d" relativeResultsDirectory="53b2f507-3fc1-42a7-8e8b-ba235f2882d1" />
    <UnitTestResult executionId="19897251-5bdc-4867-93f4-bc56373c16b0" testId="502c35db-7056-bea6-d79a-2b4d09a2cf0e" testName="LruMemoryCache_Test_Value_Can_Put_Into_Cache" computerName="TFSBUILD11" duration="00:00:00.0069799" startTime="2015-09-28T09:43:57.8142774-07:00" endTime="2015-09-28T09:43:57.8299038-07:00" testType="13cdc9d9-ddb5-4fa4-a97d-d965ccfc6d4b" outcome="Passed" testListId="8c84fa94-04c1-424b-9868-57a2d4851a1d" relativeResultsDirectory="19897251-5bdc-4867-93f4-bc56373c16b0" />
    <UnitTestResult executionId="048a5316-d0c2-4c92-be2a-ea14f81f923f" testId="46ab7655-18af-6fd2-1738-f61e1b147ce1" testName="LruMemoryCache_Test_Values_Can_Be_Removed_From_Cache" computerName="TFSBUILD11" duration="00:00:00.0034935" startTime="2015-09-28T09:43:57.8299038-07:00" endTime="2015-09-28T09:43:57.8299038-07:00" testType="13cdc9d9-ddb5-4fa4-a97d-d965ccfc6d4b" outcome="Passed" testListId="8c84fa94-04c1-424b-9868-57a2d4851a1d" relativeResultsDirectory="048a5316-d0c2-4c92-be2a-ea14f81f923f" />
    <UnitTestResult executionId="4a87f356-545b-40c8-81e5-54945713ea34" testId="aa082a0e-9949-30d5-4897-137c3c599615" testName="LruMemoryCache_Test_Values_Can_Be_Cleared_From_Cache" computerName="TFSBUILD11" duration="00:00:00.0018457" startTime="2015-09-28T09:43:57.8299038-07:00" endTime="2015-09-28T09:43:57.8299038-07:00" testType="13cdc9d9-ddb5-4fa4-a97d-d965ccfc6d4b" outcome="Passed" testListId="8c84fa94-04c1-424b-9868-57a2d4851a1d" relativeResultsDirectory="4a87f356-545b-40c8-81e5-54945713ea34" />
    <UnitTestResult executionId="0862a19f-4bb9-48cc-9664-7a3de1f6648a" testId="4d629a62-93e9-ae32-afcc-26fe115d5146" testName="LruMemoryCache_Test_Cache_Hit_Increases_Counter" computerName="TFSBUILD11" duration="00:00:00.0013098" startTime="2015-09-28T09:43:57.8299038-07:00" endTime="2015-09-28T09:43:57.8299038-07:00" testType="13cdc9d9-ddb5-4fa4-a97d-d965ccfc6d4b" outcome="Passed" testListId="8c84fa94-04c1-424b-9868-57a2d4851a1d" relativeResultsDirectory="0862a19f-4bb9-48cc-9664-7a3de1f6648a" />
    <UnitTestResult executionId="a8865d9d-0ecf-456f-98e5-6ea32e21dfb0" testId="218be8d0-ebe3-ac79-720e-e8449b96125c" testName="LruMemoryCache_Test_Expiry_Is_Returned" computerName="TFSBUILD11" duration="00:00:00.0008533" startTime="2015-09-28T09:43:57.8299038-07:00" endTime="2015-09-28T09:43:57.8299038-07:00" testType="13cdc9d9-ddb5-4fa4-a97d-d965ccfc6d4b" outcome="Passed" testListId="8c84fa94-04c1-424b-9868-57a2d4851a1d" relativeResultsDirectory="a8865d9d-0ecf-456f-98e5-6ea32e21dfb0" />
    <UnitTestResult executionId="dd7b10b6-cba3-4654-9fa7-9cbe548162b4" testId="354349f5-17d5-a446-87f7-483feb14c17d" testName="LruMemoryCache_Test_Lru_Cache_Item_Is_Properly_Filled" computerName="TFSBUILD11" duration="00:00:00.0011935" startTime="2015-09-28T09:43:57.8299038-07:00" endTime="2015-09-28T09:43:57.8455338-07:00" testType="13cdc9d9-ddb5-4fa4-a97d-d965ccfc6d4b" outcome="Passed" testListId="8c84fa94-04c1-424b-9868-57a2d4851a1d" relativeResultsDirectory="dd7b10b6-cba3-4654-9fa7-9cbe548162b4" />
    <UnitTestResult executionId="c7e51162-30d2-4eab-8902-8c6d27c13d4c" testId="71ac1c0b-6958-d8df-74d6-7bb3fdd9eaf2" testName="LruMemoryCache_Test_Lru_Cache_Item_May_Expire" computerName="TFSBUILD11" duration="00:00:00.0016452" startTime="2015-09-28T09:43:57.8455338-07:00" endTime="2015-09-28T09:43:57.8455338-07:00" testType="13cdc9d9-ddb5-4fa4-a97d-d965ccfc6d4b" outcome="Passed" testListId="8c84fa94-04c1-424b-9868-57a2d4851a1d" relativeResultsDirectory="c7e51162-30d2-4eab-8902-8c6d27c13d4c" />
    <UnitTestResult executionId="e7419b73-f2cb-4e8b-90f0-5d8dcf593301" testId="afb1f0b0-19fb-4f64-0c4b-e64e67b15cc9" testName="LruMemoryCache_Test_Lru_Cache_Item_May_Be_Evicted" computerName="TFSBUILD11" duration="00:00:00.0012373" startTime="2015-09-28T09:43:57.8455338-07:00" endTime="2015-09-28T09:43:57.8455338-07:00" testType="13cdc9d9-ddb5-4fa4-a97d-d965ccfc6d4b" outcome="Passed" testListId="8c84fa94-04c1-424b-9868-57a2d4851a1d" relativeResultsDirectory="e7419b73-f2cb-4e8b-90f0-5d8dcf593301" />
    <UnitTestResult executionId="fb631f01-71a9-4259-9446-6919be03b84c" testId="47b1da9d-5790-5c15-c502-68f0d4352909" testName="LruCacheManager_Test_Can_Add_Zero_Weight_Items" computerName="TFSBUILD11" duration="00:00:00.0028575" startTime="2015-09-28T09:43:57.8455338-07:00" endTime="2015-09-28T09:43:57.8455338-07:00" testType="13cdc9d9-ddb5-4fa4-a97d-d965ccfc6d4b" outcome="Passed" testListId="8c84fa94-04c1-424b-9868-57a2d4851a1d" relativeResultsDirectory="fb631f01-71a9-4259-9446-6919be03b84c" />
    <UnitTestResult executionId="b7199adb-fbbf-49e4-9dbe-cb06f5353855" testId="05e4db06-0ea5-94c5-101b-ce2d1871bfbb" testName="LruCacheManager_Test_Can_Exceed_Max_Weight_For_Empty_Cache" computerName="TFSBUILD11" duration="00:00:00.0004511" startTime="2015-09-28T09:43:57.8455338-07:00" endTime="2015-09-28T09:43:57.8455338-07:00" testType="13cdc9d9-ddb5-4fa4-a97d-d965ccfc6d4b" outcome="Passed" testListId="8c84fa94-04c1-424b-9868-57a2d4851a1d" relativeResultsDirectory="b7199adb-fbbf-49e4-9dbe-cb06f5353855" />
    <UnitTestResult executionId="219ade80-d443-40ed-b8b0-d17e92b3a053" testId="fbe48cd7-5a91-d917-cbdb-c3b51bb5691b" testName="LruCacheManager_Test_Exceeding_Max_Weight_Evicts_Items" computerName="TFSBUILD11" duration="00:00:00.0016005" startTime="2015-09-28T09:43:57.8455338-07:00" endTime="2015-09-28T09:43:57.8455338-07:00" testType="13cdc9d9-ddb5-4fa4-a97d-d965ccfc6d4b" outcome="Passed" testListId="8c84fa94-04c1-424b-9868-57a2d4851a1d" relativeResultsDirectory="219ade80-d443-40ed-b8b0-d17e92b3a053" />
    <UnitTestResult executionId="eb2fd48c-2698-4ebb-be58-2d2e57e27a45" testId="ad5e3eb3-a5cf-aae7-3dcc-672d32e6e5d8" testName="LruCacheManager_Test_Items_Are_Evicted_In_Fifo_Order" computerName="TFSBUILD11" duration="00:00:00.0010879" startTime="2015-09-28T09:43:57.8455338-07:00" endTime="2015-09-28T09:43:57.8455338-07:00" testType="13cdc9d9-ddb5-4fa4-a97d-d965ccfc6d4b" outcome="Passed" testListId="8c84fa94-04c1-424b-9868-57a2d4851a1d" relativeResultsDirectory="eb2fd48c-2698-4ebb-be58-2d2e57e27a45" />
    <UnitTestResult executionId="53d04ade-a1fa-4624-b47e-b85eb6fb08ef" testId="3e1a2427-0218-6825-8936-ee84e4e3edf8" testName="LruCacheManager_Test_Recently_Used_Items_Are_Not_Evicted" computerName="TFSBUILD11" duration="00:00:00.0024092" startTime="2015-09-28T09:43:57.8455338-07:00" endTime="2015-09-28T09:43:57.8455338-07:00" testType="13cdc9d9-ddb5-4fa4-a97d-d965ccfc6d4b" outcome="Passed" testListId="8c84fa94-04c1-424b-9868-57a2d4851a1d" relativeResultsDirectory="53d04ade-a1fa-4624-b47e-b85eb6fb08ef" />
    <UnitTestResult executionId="610e2aaa-88a3-4447-8cd7-6bb042fa519d" testId="977a7cd9-ac3e-cebd-5e90-41ceae203e1e" testName="LruCacheManager_Test_Removed_Items_Are_Deleted_From_Lru_List" computerName="TFSBUILD11" duration="00:00:00.0031166" startTime="2015-09-28T09:43:57.8455338-07:00" endTime="2015-09-28T09:43:57.8611597-07:00" testType="13cdc9d9-ddb5-4fa4-a97d-d965ccfc6d4b" outcome="Passed" testListId="8c84fa94-04c1-424b-9868-57a2d4851a1d" relativeResultsDirectory="610e2aaa-88a3-4447-8cd7-6bb042fa519d" />
    <UnitTestResult executionId="e23284f0-916f-49e7-b88b-f2df7c25361b" testId="a60db01f-62bb-c362-68f1-4316cd6b6325" testName="LruCacheManager_Test_Items_May_Be_Evicted_From_Different_Caches" computerName="TFSBUILD11" duration="00:00:00.0020835" startTime="2015-09-28T09:43:57.8611597-07:00" endTime="2015-09-28T09:43:57.8611597-07:00" testType="13cdc9d9-ddb5-4fa4-a97d-d965ccfc6d4b" outcome="Passed" testListId="8c84fa94-04c1-424b-9868-57a2d4851a1d" relativeResultsDirectory="e23284f0-916f-49e7-b88b-f2df7c25361b" />
    <UnitTestResult executionId="9c5c34f0-2609-4937-b70f-21d99cab5b11" testId="d59ba24d-2a21-ba81-9c7f-6fcc4a6e467a" testName="LruCacheManager_Test_Notification_Is_Sent_On_Remove" computerName="TFSBUILD11" duration="00:00:00.0058163" startTime="2015-09-28T09:43:57.8611597-07:00" endTime="2015-09-28T09:43:57.8611597-07:00" testType="13cdc9d9-ddb5-4fa4-a97d-d965ccfc6d4b" outcome="Passed" testListId="8c84fa94-04c1-424b-9868-57a2d4851a1d" relativeResultsDirectory="9c5c34f0-2609-4937-b70f-21d99cab5b11" />
    <UnitTestResult executionId="4ab8bd66-3203-47a1-b6ec-96f0ef2dd18a" testId="996a82f0-95c2-833a-d017-d8fb87de0ad1" testName="LruCacheManager_Test_Notification_Is_Sent_On_Clear" computerName="TFSBUILD11" duration="00:00:00.0016753" startTime="2015-09-28T09:43:57.8611597-07:00" endTime="2015-09-28T09:43:57.8611597-07:00" testType="13cdc9d9-ddb5-4fa4-a97d-d965ccfc6d4b" outcome="Passed" testListId="8c84fa94-04c1-424b-9868-57a2d4851a1d" relativeResultsDirectory="4ab8bd66-3203-47a1-b6ec-96f0ef2dd18a" />
    <UnitTestResult executionId="4d4e539b-ca3b-4cf7-8379-ec192133641d" testId="f6369bde-fec8-f22e-ca05-8b2e99e178d9" testName="LruCacheManager_Test_Notification_Is_Processed" computerName="TFSBUILD11" duration="00:00:00.0041420" startTime="2015-09-28T09:43:57.8611597-07:00" endTime="2015-09-28T09:43:57.8767886-07:00" testType="13cdc9d9-ddb5-4fa4-a97d-d965ccfc6d4b" outcome="Passed" testListId="8c84fa94-04c1-424b-9868-57a2d4851a1d" relativeResultsDirectory="4d4e539b-ca3b-4cf7-8379-ec192133641d" />
    <UnitTestResult executionId="6e07b313-1335-4e72-8657-f6c96cf89e6d" testId="575e8ac1-e58f-37be-c93a-fc6803d7fad6" testName="LruCacheManager_Test_Memory_Cache_Manager" computerName="TFSBUILD11" duration="00:00:00.0072874" startTime="2015-09-28T09:43:57.8767886-07:00" endTime="2015-09-28T09:43:57.8767886-07:00" testType="13cdc9d9-ddb5-4fa4-a97d-d965ccfc6d4b" outcome="Passed" testListId="8c84fa94-04c1-424b-9868-57a2d4851a1d" relativeResultsDirectory="6e07b313-1335-4e72-8657-f6c96cf89e6d" />
    <UnitTestResult executionId="da9fc2c8-c463-4758-a4be-69138cc51150" testId="da4ff380-558f-83eb-51e2-f271e1b6d0da" testName="LruEvictionManager_Test_Ordering" computerName="TFSBUILD11" duration="00:00:00.0074319" startTime="2015-09-28T09:43:57.8767886-07:00" endTime="2015-09-28T09:43:57.8924139-07:00" testType="13cdc9d9-ddb5-4fa4-a97d-d965ccfc6d4b" outcome="Passed" testListId="8c84fa94-04c1-424b-9868-57a2d4851a1d" relativeResultsDirectory="da9fc2c8-c463-4758-a4be-69138cc51150" />
    <UnitTestResult executionId="f0fb341d-19fa-470b-b3e6-0d4fcc5f3695" testId="2e0db415-86fe-b1e4-3501-d253d342f02e" testName="Redis_Serialization_TestRoundtrip" computerName="TFSBUILD11" duration="00:00:00.0429834" startTime="2015-09-28T09:43:57.8924139-07:00" endTime="2015-09-28T09:43:57.9392917-07:00" testType="13cdc9d9-ddb5-4fa4-a97d-d965ccfc6d4b" outcome="Passed" testListId="8c84fa94-04c1-424b-9868-57a2d4851a1d" relativeResultsDirectory="f0fb341d-19fa-470b-b3e6-0d4fcc5f3695" />
    <UnitTestResult executionId="44a683a2-8b1f-43a6-be4d-204dc76d13b7" testId="0e85f293-c66c-172a-730e-0179c1824d94" testName="Redis_Serialization_TestDataContract" computerName="TFSBUILD11" duration="00:00:00.0199258" startTime="2015-09-28T09:43:57.9392917-07:00" endTime="2015-09-28T09:43:57.9549175-07:00" testType="13cdc9d9-ddb5-4fa4-a97d-d965ccfc6d4b" outcome="Passed" testListId="8c84fa94-04c1-424b-9868-57a2d4851a1d" relativeResultsDirectory="44a683a2-8b1f-43a6-be4d-204dc76d13b7" />
    <UnitTestResult executionId="2de977d7-c603-41ff-8347-cb2e7e0c379a" testId="fcbbe19f-b08c-c52a-e765-d4b97db72f95" testName="Redis_Serialization_TestPrivateFields" computerName="TFSBUILD11" duration="00:00:00.0023731" startTime="2015-09-28T09:43:57.9549175-07:00" endTime="2015-09-28T09:43:57.9549175-07:00" testType="13cdc9d9-ddb5-4fa4-a97d-d965ccfc6d4b" outcome="Passed" testListId="8c84fa94-04c1-424b-9868-57a2d4851a1d" relativeResultsDirectory="2de977d7-c603-41ff-8347-cb2e7e0c379a" />
    <UnitTestResult executionId="2930919c-5669-4f9a-b598-2188e83925e7" testId="6235fe87-bd95-8873-795c-6157ee09371a" testName="Redis_Serialization_TestKeyRoundTrip" computerName="TFSBUILD11" duration="00:00:00.0012083" startTime="2015-09-28T09:43:57.9549175-07:00" endTime="2015-09-28T09:43:57.9549175-07:00" testType="13cdc9d9-ddb5-4fa4-a97d-d965ccfc6d4b" outcome="Passed" testListId="8c84fa94-04c1-424b-9868-57a2d4851a1d" relativeResultsDirectory="2930919c-5669-4f9a-b598-2188e83925e7" />
    <UnitTestResult executionId="78440c28-8066-4385-bf3c-ecfe6b16ad5d" testId="b1bc4653-4689-bb72-718f-c3db6b7dad80" testName="Redis_Serialization_TestCompatibilityWithToString" computerName="TFSBUILD11" duration="00:00:00.0003478" startTime="2015-09-28T09:43:57.9549175-07:00" endTime="2015-09-28T09:43:57.9549175-07:00" testType="13cdc9d9-ddb5-4fa4-a97d-d965ccfc6d4b" outcome="Passed" testListId="8c84fa94-04c1-424b-9868-57a2d4851a1d" relativeResultsDirectory="78440c28-8066-4385-bf3c-ecfe6b16ad5d" />
    <UnitTestResult executionId="dd4cf125-0e20-4967-b258-a3e9b287dfbb" testId="80d6e2ab-fa98-8d9a-6ecf-09e35d91cc33" testName="Redis_Serialization_Compression_Disabled_By_Default" computerName="TFSBUILD11" duration="00:00:00.0016073" startTime="2015-09-28T09:43:57.9549175-07:00" endTime="2015-09-28T09:43:57.9549175-07:00" testType="13cdc9d9-ddb5-4fa4-a97d-d965ccfc6d4b" outcome="Passed" testListId="8c84fa94-04c1-424b-9868-57a2d4851a1d" relativeResultsDirectory="dd4cf125-0e20-4967-b258-a3e9b287dfbb" />
    <UnitTestResult executionId="7f82a323-db68-46ab-829f-76ba92a024ef" testId="a87e7322-ba8e-44ae-0222-b9d1f598bc40" testName="Redis_Serialization_Compresses_Reference_Types" computerName="TFSBUILD11" duration="00:00:00.0005728" startTime="2015-09-28T09:43:57.9549175-07:00" endTime="2015-09-28T09:43:57.9549175-07:00" testType="13cdc9d9-ddb5-4fa4-a97d-d965ccfc6d4b" outcome="Passed" testListId="8c84fa94-04c1-424b-9868-57a2d4851a1d" relativeResultsDirectory="7f82a323-db68-46ab-829f-76ba92a024ef" />
    <UnitTestResult executionId="76aba8a3-855a-4505-bab1-715d3f4974c9" testId="57fca449-42f0-f63c-3eb1-ecbb5df02039" testName="Redis_Serialization_Skips_Compressing_Values_Types" computerName="TFSBUILD11" duration="00:00:00.0008061" startTime="2015-09-28T09:43:57.9549175-07:00" endTime="2015-09-28T09:43:57.9549175-07:00" testType="13cdc9d9-ddb5-4fa4-a97d-d965ccfc6d4b" outcome="Passed" testListId="8c84fa94-04c1-424b-9868-57a2d4851a1d" relativeResultsDirectory="76aba8a3-855a-4505-bab1-715d3f4974c9" />
    <UnitTestResult executionId="f0b36caf-c037-4cf1-9a1e-2bcc38068e92" testId="976be17b-1a7b-0a8b-fce9-6537638b338a" testName="Redis_Settings_TestDefaultParameters" computerName="TFSBUILD11" duration="00:00:00.0042788" startTime="2015-09-28T09:43:57.9549175-07:00" endTime="2015-09-28T09:43:57.9705396-07:00" testType="13cdc9d9-ddb5-4fa4-a97d-d965ccfc6d4b" outcome="Passed" testListId="8c84fa94-04c1-424b-9868-57a2d4851a1d" relativeResultsDirectory="f0b36caf-c037-4cf1-9a1e-2bcc38068e92" />
    <UnitTestResult executionId="bd448f12-6353-4004-aac4-1ba07a56da12" testId="d24edd39-78e1-d715-9cfd-a83f9e00a8f0" testName="Constructor_ShouldSetAreaAndFeature" computerName="TFSBUILD11" duration="00:00:00.0039662" startTime="2015-09-28T09:43:57.9705396-07:00" endTime="2015-09-28T09:43:57.9705396-07:00" testType="13cdc9d9-ddb5-4fa4-a97d-d965ccfc6d4b" outcome="Passed" testListId="8c84fa94-04c1-424b-9868-57a2d4851a1d" relativeResultsDirectory="bd448f12-6353-4004-aac4-1ba07a56da12" />
    <UnitTestResult executionId="bd1b8c07-5dbb-428f-a0c0-998d03d222eb" testId="a454d4d8-b87c-06b2-6174-4eb9615e13dd" testName="Constructor_AreaAndFeatureMustNotBeEmpty" computerName="TFSBUILD11" duration="00:00:00.0038877" startTime="2015-09-28T09:43:57.9705396-07:00" endTime="2015-09-28T09:43:57.9705396-07:00" testType="13cdc9d9-ddb5-4fa4-a97d-d965ccfc6d4b" outcome="Passed" testListId="8c84fa94-04c1-424b-9868-57a2d4851a1d" relativeResultsDirectory="bd1b8c07-5dbb-428f-a0c0-998d03d222eb" />
    <UnitTestResult executionId="9002f3db-0c8e-401e-a45e-42b60c0ac315" testId="c3db1582-454c-8656-a8f5-cbff3809013f" testName="Publish_WhenNoProperties_ShouldPublish" computerName="TFSBUILD11" duration="00:00:00.0840432" startTime="2015-09-28T09:43:57.9705396-07:00" endTime="2015-09-28T09:43:58.0642997-07:00" testType="13cdc9d9-ddb5-4fa4-a97d-d965ccfc6d4b" outcome="Passed" testListId="8c84fa94-04c1-424b-9868-57a2d4851a1d" relativeResultsDirectory="9002f3db-0c8e-401e-a45e-42b60c0ac315" />
    <UnitTestResult executionId="cb5b1a17-8860-4b77-902d-790151b87d02" testId="794d0c8f-6e3c-897d-44fe-11331c172760" testName="CreateEvent_SignInCiEvent" computerName="TFSBUILD11" duration="00:00:00.0046114" startTime="2015-09-28T09:43:58.0642997-07:00" endTime="2015-09-28T09:43:58.0642997-07:00" testType="13cdc9d9-ddb5-4fa4-a97d-d965ccfc6d4b" outcome="Passed" testListId="8c84fa94-04c1-424b-9868-57a2d4851a1d" relativeResultsDirectory="cb5b1a17-8860-4b77-902d-790151b87d02" />
    <UnitTestResult executionId="367e5268-9b5d-43bb-a2ec-50446a2e9535" testId="df00dcb7-59e9-8003-6c7c-cd44bd78da46" testName="CreateEvent_SignedInCiEvent" computerName="TFSBUILD11" duration="00:00:00.0001641" startTime="2015-09-28T09:43:58.0642997-07:00" endTime="2015-09-28T09:43:58.0642997-07:00" testType="13cdc9d9-ddb5-4fa4-a97d-d965ccfc6d4b" outcome="Passed" testListId="8c84fa94-04c1-424b-9868-57a2d4851a1d" relativeResultsDirectory="367e5268-9b5d-43bb-a2ec-50446a2e9535" />
    <UnitTestResult executionId="8937b39d-6c93-41e0-b447-e1815e838ef3" testId="122eb9c7-7a29-3fe8-863d-ba9aed706706" testName="CreateEvent_SignOutCiEvent" computerName="TFSBUILD11" duration="00:00:00.0001535" startTime="2015-09-28T09:43:58.0642997-07:00" endTime="2015-09-28T09:43:58.0642997-07:00" testType="13cdc9d9-ddb5-4fa4-a97d-d965ccfc6d4b" outcome="Passed" testListId="8c84fa94-04c1-424b-9868-57a2d4851a1d" relativeResultsDirectory="8937b39d-6c93-41e0-b447-e1815e838ef3" />
    <UnitTestResult executionId="c7673683-80ec-4ca7-a494-da0182923885" testId="d80eef5b-3f45-4b02-649a-48b4b0ae07e7" testName="Source_SetGetCorrectly" computerName="TFSBUILD11" duration="00:00:00.0006024" startTime="2015-09-28T09:43:58.0642997-07:00" endTime="2015-09-28T09:43:58.0642997-07:00" testType="13cdc9d9-ddb5-4fa4-a97d-d965ccfc6d4b" outcome="Passed" testListId="8c84fa94-04c1-424b-9868-57a2d4851a1d" relativeResultsDirectory="c7673683-80ec-4ca7-a494-da0182923885" />
    <UnitTestResult executionId="8ce997ed-c518-48ed-a77c-dfb97e2d88b9" testId="a1735543-0c1b-9305-2f45-85c8f7bd0639" testName="GetUrl_NoEventProperty" computerName="TFSBUILD11" duration="00:00:00.0028509" startTime="2015-09-28T09:43:58.0642997-07:00" endTime="2015-09-28T09:43:58.0642997-07:00" testType="13cdc9d9-ddb5-4fa4-a97d-d965ccfc6d4b" outcome="Passed" testListId="8c84fa94-04c1-424b-9868-57a2d4851a1d" relativeResultsDirectory="8ce997ed-c518-48ed-a77c-dfb97e2d88b9" />
    <UnitTestResult executionId="adb2ecd6-aebc-4196-af0f-08819dcb3bc4" testId="122df83a-88a2-0579-260e-a2ccf3940a42" testName="GetUrl_HasSpecialCharacters" computerName="TFSBUILD11" duration="00:00:00.0003271" startTime="2015-09-28T09:43:58.0642997-07:00" endTime="2015-09-28T09:43:58.0642997-07:00" testType="13cdc9d9-ddb5-4fa4-a97d-d965ccfc6d4b" outcome="Passed" testListId="8c84fa94-04c1-424b-9868-57a2d4851a1d" relativeResultsDirectory="adb2ecd6-aebc-4196-af0f-08819dcb3bc4" />
    <UnitTestResult executionId="816eba4b-8eb2-4f6d-b95f-862cb21a9da9" testId="ad58d9e9-f6b5-2fb2-bebe-8d03be3b2900" testName="GetUrl_WithEventProperties" computerName="TFSBUILD11" duration="00:00:00.0005708" startTime="2015-09-28T09:43:58.0642997-07:00" endTime="2015-09-28T09:43:58.0799224-07:00" testType="13cdc9d9-ddb5-4fa4-a97d-d965ccfc6d4b" outcome="Passed" testListId="8c84fa94-04c1-424b-9868-57a2d4851a1d" relativeResultsDirectory="816eba4b-8eb2-4f6d-b95f-862cb21a9da9" />
    <UnitTestResult executionId="f17389d1-2b3e-49db-8a7c-d47fd7116f51" testId="dcb6f98c-87ec-796a-534d-c19e403744a9" testName="GetUrl_AuthenticationCiEvent" computerName="TFSBUILD11" duration="00:00:00.0009855" startTime="2015-09-28T09:43:58.0799224-07:00" endTime="2015-09-28T09:43:58.0799224-07:00" testType="13cdc9d9-ddb5-4fa4-a97d-d965ccfc6d4b" outcome="Passed" testListId="8c84fa94-04c1-424b-9868-57a2d4851a1d" relativeResultsDirectory="f17389d1-2b3e-49db-8a7c-d47fd7116f51" />
    <UnitTestResult executionId="d7ee1d55-a243-40d1-ba8c-6cd4aac313c8" testId="8c776219-3093-5fc2-8e41-68ed69dd8580" testName="GetUrl_NotSupportedCiEvent" computerName="TFSBUILD11" duration="00:00:00.0009622" startTime="2015-09-28T09:43:58.0799224-07:00" endTime="2015-09-28T09:43:58.0799224-07:00" testType="13cdc9d9-ddb5-4fa4-a97d-d965ccfc6d4b" outcome="Passed" testListId="8c84fa94-04c1-424b-9868-57a2d4851a1d" relativeResultsDirectory="d7ee1d55-a243-40d1-ba8c-6cd4aac313c8" />
    <UnitTestResult executionId="bd3c1dd9-44b2-40b9-ad47-a58dcc461330" testId="bc11c6ff-33b1-514e-0357-469a83fb3bf0" testName="ClaimDescriptorIdentityEquals" computerName="TFSBUILD11" duration="00:00:00.0020790" startTime="2015-09-28T09:43:58.0799224-07:00" endTime="2015-09-28T09:43:58.0799224-07:00" testType="13cdc9d9-ddb5-4fa4-a97d-d965ccfc6d4b" outcome="Passed" testListId="8c84fa94-04c1-424b-9868-57a2d4851a1d" relativeResultsDirectory="bd3c1dd9-44b2-40b9-ad47-a58dcc461330" />
    <UnitTestResult executionId="3cc34e6a-510b-45c5-87b2-5e7838da37cc" testId="d536a2d1-970a-0f82-15cc-c5dc98c55535" testName="ClaimDescriptorEquivalancy" computerName="TFSBUILD11" duration="00:00:00.0025853" startTime="2015-09-28T09:43:58.0799224-07:00" endTime="2015-09-28T09:43:58.0799224-07:00" testType="13cdc9d9-ddb5-4fa4-a97d-d965ccfc6d4b" outcome="Passed" testListId="8c84fa94-04c1-424b-9868-57a2d4851a1d" relativeResultsDirectory="3cc34e6a-510b-45c5-87b2-5e7838da37cc" />
    <UnitTestResult executionId="9a45cb67-219c-4bbc-bfba-5b0d67f488c1" testId="b49f8667-f29c-3dd3-bfe8-d31301ada6db" testName="ClaimDescriptorNonEquivalancy" computerName="TFSBUILD11" duration="00:00:00.0160685" startTime="2015-09-28T09:43:58.0799224-07:00" endTime="2015-09-28T09:43:58.0955502-07:00" testType="13cdc9d9-ddb5-4fa4-a97d-d965ccfc6d4b" outcome="Passed" testListId="8c84fa94-04c1-424b-9868-57a2d4851a1d" relativeResultsDirectory="9a45cb67-219c-4bbc-bfba-5b0d67f488c1" />
    <UnitTestResult executionId="386a8570-16f0-4ae9-9f82-f8f406e4ae56" testId="330e7561-c366-ba71-a1a1-577854bd5e9d" testName="ClaimDescriptorBadData" computerName="TFSBUILD11" duration="00:00:00.0010245" startTime="2015-09-28T09:43:58.0955502-07:00" endTime="2015-09-28T09:43:58.0955502-07:00" testType="13cdc9d9-ddb5-4fa4-a97d-d965ccfc6d4b" outcome="Passed" testListId="8c84fa94-04c1-424b-9868-57a2d4851a1d" relativeResultsDirectory="386a8570-16f0-4ae9-9f82-f8f406e4ae56" />
    <UnitTestResult executionId="5a17448e-4a14-4984-a2f5-5dc5070fa43b" testId="010f39a7-f85d-0751-572f-736dafbac220" testName="CleanupExpiredTraces_Test_OnPrem_Does_Nothing" computerName="TFSBUILD11" duration="00:00:00.0322619" startTime="2015-09-28T09:43:58.0955502-07:00" endTime="2015-09-28T09:43:58.2049313-07:00" testType="13cdc9d9-ddb5-4fa4-a97d-d965ccfc6d4b" outcome="Passed" testListId="8c84fa94-04c1-424b-9868-57a2d4851a1d" relativeResultsDirectory="5a17448e-4a14-4984-a2f5-5dc5070fa43b" />
    <UnitTestResult executionId="b81a56d3-c0c0-4ae1-9832-8b19afc8e2db" testId="1a4f24ae-0e2b-6a30-3975-01188ac3600d" testName="CleanupExpiredTraces_Test_TurnedOff_Does_Nothing" computerName="TFSBUILD11" duration="00:00:00.0120612" startTime="2015-09-28T09:43:58.2049313-07:00" endTime="2015-09-28T09:43:58.2205580-07:00" testType="13cdc9d9-ddb5-4fa4-a97d-d965ccfc6d4b" outcome="Passed" testListId="8c84fa94-04c1-424b-9868-57a2d4851a1d" relativeResultsDirectory="b81a56d3-c0c0-4ae1-9832-8b19afc8e2db" />
    <UnitTestResult executionId="98d53cab-934b-4271-b904-8db77018db60" testId="a2421838-20ff-b07e-0b19-97d3e21172e0" testName="CleanupExpiredTraces_Test_StopingTraces" computerName="TFSBUILD11" duration="00:00:00.0117159" startTime="2015-09-28T09:43:58.2205580-07:00" endTime="2015-09-28T09:43:58.2361835-07:00" testType="13cdc9d9-ddb5-4fa4-a97d-d965ccfc6d4b" outcome="Passed" testListId="8c84fa94-04c1-424b-9868-57a2d4851a1d" relativeResultsDirectory="98d53cab-934b-4271-b904-8db77018db60" />
    <UnitTestResult executionId="edb14dab-772b-4ef0-b143-b3e5dcd5d1df" testId="dfc3ba4e-b63d-961b-7607-f7c95aca6f6e" testName="HostRoutingService_GetAbsoluteVirtualPath_HostedBasic" computerName="TFSBUILD11" duration="00:00:00.0025927" startTime="2015-09-28T09:43:58.2361835-07:00" endTime="2015-09-28T09:43:58.2361835-07:00" testType="13cdc9d9-ddb5-4fa4-a97d-d965ccfc6d4b" outcome="Passed" testListId="8c84fa94-04c1-424b-9868-57a2d4851a1d" relativeResultsDirectory="edb14dab-772b-4ef0-b143-b3e5dcd5d1df" />
    <UnitTestResult executionId="9d678f2b-5784-44d7-be3b-4f8ef9167766" testId="dfd9a859-6e80-2a91-4692-b4aea6dcc337" testName="HostRoutingService_GetAbsoluteVirtualPath_OnPremBasic" computerName="TFSBUILD11" duration="00:00:00.0008143" startTime="2015-09-28T09:43:58.2361835-07:00" endTime="2015-09-28T09:43:58.2361835-07:00" testType="13cdc9d9-ddb5-4fa4-a97d-d965ccfc6d4b" outcome="Passed" testListId="8c84fa94-04c1-424b-9868-57a2d4851a1d" relativeResultsDirectory="9d678f2b-5784-44d7-be3b-4f8ef9167766" />
    <UnitTestResult executionId="fba63426-5c91-40fb-b49d-b1f8318d14ca" testId="b3878e41-b634-0b0a-513b-03087a45aa29" testName="HostRoutingService_GetAbsoluteVirtualPath_ForbiddenHosts" computerName="TFSBUILD11" duration="00:00:00.0005387" startTime="2015-09-28T09:43:58.2361835-07:00" endTime="2015-09-28T09:43:58.2361835-07:00" testType="13cdc9d9-ddb5-4fa4-a97d-d965ccfc6d4b" outcome="Passed" testListId="8c84fa94-04c1-424b-9868-57a2d4851a1d" relativeResultsDirectory="fba63426-5c91-40fb-b49d-b1f8318d14ca" />
    <UnitTestResult executionId="3f004daa-d7d7-4ec5-b5a5-1a108ef67ad3" testId="6f151964-3f38-721a-1e0c-81a68641f533" testName="HostRoutingService_GetSessionHeader_Basic" computerName="TFSBUILD11" duration="00:00:00.0012913" startTime="2015-09-28T09:43:58.2361835-07:00" endTime="2015-09-28T09:43:58.2361835-07:00" testType="13cdc9d9-ddb5-4fa4-a97d-d965ccfc6d4b" outcome="Passed" testListId="8c84fa94-04c1-424b-9868-57a2d4851a1d" relativeResultsDirectory="3f004daa-d7d7-4ec5-b5a5-1a108ef67ad3" />
    <UnitTestResult executionId="0455c1b5-e309-47c6-abe8-8371182de6e1" testId="9b966e7f-b091-083c-9cca-0bea5b39acd0" testName="HostRoutingService_BeginRequest_NullRouteContextReturnsNull" computerName="TFSBUILD11" duration="00:00:00.2853703" startTime="2015-09-28T09:43:58.2361835-07:00" endTime="2015-09-28T09:43:58.5955841-07:00" testType="13cdc9d9-ddb5-4fa4-a97d-d965ccfc6d4b" outcome="Passed" testListId="8c84fa94-04c1-424b-9868-57a2d4851a1d" relativeResultsDirectory="0455c1b5-e309-47c6-abe8-8371182de6e1" />
    <UnitTestResult executionId="11000fda-4bf3-48ef-b0ae-492831ac6385" testId="65cb6da2-db9d-1ac3-1d39-efb0dddaa5cc" testName="HostRoutingService_BeginRequest_RouteContextEmptyGuid" computerName="TFSBUILD11" duration="00:00:00.0067239" startTime="2015-09-28T09:43:58.5955841-07:00" endTime="2015-09-28T09:43:58.5955841-07:00" testType="13cdc9d9-ddb5-4fa4-a97d-d965ccfc6d4b" outcome="Passed" testListId="8c84fa94-04c1-424b-9868-57a2d4851a1d" relativeResultsDirectory="11000fda-4bf3-48ef-b0ae-492831ac6385" />
    <UnitTestResult executionId="ba55e67c-ce4c-479b-ae5a-b7565880a84c" testId="9a4bd56d-a8ec-f504-afb8-fe4c5ca88a09" testName="HostRoutingService_BeginRequest_NormalCreate" computerName="TFSBUILD11" duration="00:00:00.1902753" startTime="2015-09-28T09:43:58.5955841-07:00" endTime="2015-09-28T09:43:58.7987226-07:00" testType="13cdc9d9-ddb5-4fa4-a97d-d965ccfc6d4b" outcome="Passed" testListId="8c84fa94-04c1-424b-9868-57a2d4851a1d" relativeResultsDirectory="ba55e67c-ce4c-479b-ae5a-b7565880a84c" />
    <UnitTestResult executionId="88610318-e3c2-4a53-9320-6cfff56379fa" testId="7e53a9af-0be1-536c-c3c1-56cf258c7aac" testName="HostRoutingService_BeginRequest_OnPremNoHostReturnsNull" computerName="TFSBUILD11" duration="00:00:00.0026040" startTime="2015-09-28T09:43:58.7987226-07:00" endTime="2015-09-28T09:43:58.7987226-07:00" testType="13cdc9d9-ddb5-4fa4-a97d-d965ccfc6d4b" outcome="Passed" testListId="8c84fa94-04c1-424b-9868-57a2d4851a1d" relativeResultsDirectory="88610318-e3c2-4a53-9320-6cfff56379fa" />
    <UnitTestResult executionId="f3da149d-8c2e-41eb-8507-ee586eca1183" testId="c50208b9-b466-ef80-3384-9394f1346dbe" testName="HostRoutingService_BeginRequest_RoutedRequest" computerName="TFSBUILD11" duration="00:00:01.2250494" startTime="2015-09-28T09:43:58.7987226-07:00" endTime="2015-09-28T09:44:00.0331897-07:00" testType="13cdc9d9-ddb5-4fa4-a97d-d965ccfc6d4b" outcome="Passed" testListId="8c84fa94-04c1-424b-9868-57a2d4851a1d" relativeResultsDirectory="f3da149d-8c2e-41eb-8507-ee586eca1183" />
    <UnitTestResult executionId="57c3b962-94b4-459f-8a35-998fdf194d54" testId="f03ce6c7-d7ca-dcf0-69b0-739788b7cf28" testName="HostRoutingService_BeginRequest_FaultIn" computerName="TFSBUILD11" duration="00:00:00.0592914" startTime="2015-09-28T09:44:00.0331897-07:00" endTime="2015-09-28T09:44:00.0956927-07:00" testType="13cdc9d9-ddb5-4fa4-a97d-d965ccfc6d4b" outcome="Passed" testListId="8c84fa94-04c1-424b-9868-57a2d4851a1d" relativeResultsDirectory="57c3b962-94b4-459f-8a35-998fdf194d54" />
    <UnitTestResult executionId="d353b8ff-0a24-4ee0-95eb-5ef3db91d4de" testId="5d55bc61-0e3f-fa72-318e-9ca63c7aca93" testName="DeploymentLevelNoPermissionsThrows" computerName="TFSBUILD11" duration="00:00:00.0749776" startTime="2015-09-28T09:44:00.0956927-07:00" endTime="2015-09-28T09:44:00.1738238-07:00" testType="13cdc9d9-ddb5-4fa4-a97d-d965ccfc6d4b" outcome="Passed" testListId="8c84fa94-04c1-424b-9868-57a2d4851a1d" relativeResultsDirectory="d353b8ff-0a24-4ee0-95eb-5ef3db91d4de" />
    <UnitTestResult executionId="c2b75afd-1656-414f-a912-d6c5e5e7c3a4" testId="e47d9b56-0900-3604-286d-a54e02aad7f4" testName="JobNotFoundThrows" computerName="TFSBUILD11" duration="00:00:00.0941534" startTime="2015-09-28T09:44:00.1738238-07:00" endTime="2015-09-28T09:44:00.2675808-07:00" testType="13cdc9d9-ddb5-4fa4-a97d-d965ccfc6d4b" outcome="Passed" testListId="8c84fa94-04c1-424b-9868-57a2d4851a1d" relativeResultsDirectory="c2b75afd-1656-414f-a912-d6c5e5e7c3a4" />
    <UnitTestResult executionId="a3e1f904-c1aa-4170-8858-a76add204f20" testId="b3bcb665-a493-0659-0dab-1f5d79e8257d" testName="NoPermissionsForJobFoundInQueueThrows" computerName="TFSBUILD11" duration="00:00:00.0055298" startTime="2015-09-28T09:44:00.2675808-07:00" endTime="2015-09-28T09:44:00.2832063-07:00" testType="13cdc9d9-ddb5-4fa4-a97d-d965ccfc6d4b" outcome="Passed" testListId="8c84fa94-04c1-424b-9868-57a2d4851a1d" relativeResultsDirectory="a3e1f904-c1aa-4170-8858-a76add204f20" />
    <UnitTestResult executionId="b1b3e7d8-bbd8-4bd4-ae86-7557d98d1eeb" testId="d9c21c69-b436-b4c7-9af9-b7df885cecd6" testName="NoPermissionsForJobFoundInHistoryThrows" computerName="TFSBUILD11" duration="00:00:00.0053020" startTime="2015-09-28T09:44:00.2832063-07:00" endTime="2015-09-28T09:44:00.2832063-07:00" testType="13cdc9d9-ddb5-4fa4-a97d-d965ccfc6d4b" outcome="Passed" testListId="8c84fa94-04c1-424b-9868-57a2d4851a1d" relativeResultsDirectory="b1b3e7d8-bbd8-4bd4-ae86-7557d98d1eeb" />
    <UnitTestResult executionId="59c2f9d4-c753-4f0a-a952-a480312dae44" testId="6050805e-8029-d3ef-6459-3cbcbd2e55f4" testName="JobFoundInQueueReturnsOperation" computerName="TFSBUILD11" duration="00:00:00.0066699" startTime="2015-09-28T09:44:00.2832063-07:00" endTime="2015-09-28T09:44:00.2988327-07:00" testType="13cdc9d9-ddb5-4fa4-a97d-d965ccfc6d4b" outcome="Passed" testListId="8c84fa94-04c1-424b-9868-57a2d4851a1d" relativeResultsDirectory="59c2f9d4-c753-4f0a-a952-a480312dae44" />
    <UnitTestResult executionId="9fcf8663-089b-46d4-bed1-c7a168f54754" testId="137dab4f-35c0-0246-623a-479beb50297e" testName="JobFoundInHistoryReturnsOperation" computerName="TFSBUILD11" duration="00:00:00.0123570" startTime="2015-09-28T09:44:00.2988327-07:00" endTime="2015-09-28T09:44:00.3144611-07:00" testType="13cdc9d9-ddb5-4fa4-a97d-d965ccfc6d4b" outcome="Passed" testListId="8c84fa94-04c1-424b-9868-57a2d4851a1d" relativeResultsDirectory="9fcf8663-089b-46d4-bed1-c7a168f54754" />
    <UnitTestResult executionId="f7a59150-2219-453a-9635-c0ec735281ee" testId="d9f3e9a8-9223-ae59-352d-550ece81381d" testName="IsNotProductionResultMessageIncluded" computerName="TFSBUILD11" duration="00:00:00.0059960" startTime="2015-09-28T09:44:00.3144611-07:00" endTime="2015-09-28T09:44:00.3144611-07:00" testType="13cdc9d9-ddb5-4fa4-a97d-d965ccfc6d4b" outcome="Passed" testListId="8c84fa94-04c1-424b-9868-57a2d4851a1d" relativeResultsDirectory="f7a59150-2219-453a-9635-c0ec735281ee" />
    <UnitTestResult executionId="bf54922f-b153-46fb-b717-a11c212097c4" testId="5f0a57d7-d218-fd89-f58b-6c920e6edeb1" testName="IsProductionNoResultMessage" computerName="TFSBUILD11" duration="00:00:00.0050605" startTime="2015-09-28T09:44:00.3144611-07:00" endTime="2015-09-28T09:44:00.3300841-07:00" testType="13cdc9d9-ddb5-4fa4-a97d-d965ccfc6d4b" outcome="Passed" testListId="8c84fa94-04c1-424b-9868-57a2d4851a1d" relativeResultsDirectory="bf54922f-b153-46fb-b717-a11c212097c4" />
    <UnitTestResult executionId="563602e2-5342-4233-b539-b92d0af6d1bc" testId="b2e42975-32bf-97f1-e055-61f6a0d69861" testName="JobFoundInDefinitionReturnsOperation" computerName="TFSBUILD11" duration="00:00:00.0055571" startTime="2015-09-28T09:44:00.3300841-07:00" endTime="2015-09-28T09:44:00.3300841-07:00" testType="13cdc9d9-ddb5-4fa4-a97d-d965ccfc6d4b" outcome="Passed" testListId="8c84fa94-04c1-424b-9868-57a2d4851a1d" relativeResultsDirectory="563602e2-5342-4233-b539-b92d0af6d1bc" />
    <UnitTestResult executionId="f779f5f4-1a05-4202-8d1f-46489ff46f31" testId="9ea4ac0a-2ce9-79a0-1c70-e8d555de237e" testName="JobQueueTrumpsHistory" computerName="TFSBUILD11" duration="00:00:00.0066127" startTime="2015-09-28T09:44:00.3300841-07:00" endTime="2015-09-28T09:44:00.3457076-07:00" testType="13cdc9d9-ddb5-4fa4-a97d-d965ccfc6d4b" outcome="Passed" testListId="8c84fa94-04c1-424b-9868-57a2d4851a1d" relativeResultsDirectory="f779f5f4-1a05-4202-8d1f-46489ff46f31" />
    <UnitTestResult executionId="20d1e9be-ac85-4a19-ab33-cf8724f7a6a9" testId="5d80fba4-8980-b342-838b-ea0db55b8961" testName="JobHistoryTrumpsDefinition" computerName="TFSBUILD11" duration="00:00:00.0082127" startTime="2015-09-28T09:44:00.3457076-07:00" endTime="2015-09-28T09:44:00.3613355-07:00" testType="13cdc9d9-ddb5-4fa4-a97d-d965ccfc6d4b" outcome="Passed" testListId="8c84fa94-04c1-424b-9868-57a2d4851a1d" relativeResultsDirectory="20d1e9be-ac85-4a19-ab33-cf8724f7a6a9" />
    <UnitTestResult executionId="27f1f4fd-ddf8-4afc-8af9-c661f44e718d" testId="00ac987d-b8d2-9f71-c1ef-49c9895edb0a" testName="JobStateMapHasAllValues" computerName="TFSBUILD11" duration="00:00:00.0002898" startTime="2015-09-28T09:44:00.3613355-07:00" endTime="2015-09-28T09:44:00.3613355-07:00" testType="13cdc9d9-ddb5-4fa4-a97d-d965ccfc6d4b" outcome="Passed" testListId="8c84fa94-04c1-424b-9868-57a2d4851a1d" relativeResultsDirectory="27f1f4fd-ddf8-4afc-8af9-c661f44e718d" />
    <UnitTestResult executionId="b7ac8f32-d0ce-4ad2-9b75-b16d28761f93" testId="01aa874c-bc97-b307-02a2-2de816963602" testName="JobResultMapHasAllValues" computerName="TFSBUILD11" duration="00:00:00.0002577" startTime="2015-09-28T09:44:00.3613355-07:00" endTime="2015-09-28T09:44:00.3613355-07:00" testType="13cdc9d9-ddb5-4fa4-a97d-d965ccfc6d4b" outcome="Passed" testListId="8c84fa94-04c1-424b-9868-57a2d4851a1d" relativeResultsDirectory="b7ac8f32-d0ce-4ad2-9b75-b16d28761f93" />
    <UnitTestResult executionId="64c9e949-19d5-445e-8799-c2736aee7fde" testId="1d3ba152-39bc-8b54-af20-048cb5e0157b" testName="TryCreateHostRequestContextOnSps" computerName="TFSBUILD11" duration="00:00:00.1416718" startTime="2015-09-28T09:44:00.3613355-07:00" endTime="2015-09-28T09:44:00.5019690-07:00" testType="13cdc9d9-ddb5-4fa4-a97d-d965ccfc6d4b" outcome="Passed" testListId="8c84fa94-04c1-424b-9868-57a2d4851a1d" relativeResultsDirectory="64c9e949-19d5-445e-8799-c2736aee7fde" />
    <UnitTestResult executionId="59151842-0537-48cc-905f-453b1297eed7" testId="eacab587-0a80-e621-8ec9-2ec9360d9a22" testName="TryCreateHostRequestContextOnSpsHostDoesNotExist" computerName="TFSBUILD11" duration="00:00:00.0041909" startTime="2015-09-28T09:44:00.5019690-07:00" endTime="2015-09-28T09:44:00.5175949-07:00" testType="13cdc9d9-ddb5-4fa4-a97d-d965ccfc6d4b" outcome="Passed" testListId="8c84fa94-04c1-424b-9868-57a2d4851a1d" relativeResultsDirectory="59151842-0537-48cc-905f-453b1297eed7" />
    <UnitTestResult executionId="d6becc8a-ad00-41f2-9004-63ace778712f" testId="a9545847-bc0c-a732-32b4-2df76492cb1b" testName="TryCreateHostRequestContextOnSdkSampleHostLoaded" computerName="TFSBUILD11" duration="00:00:00.0053003" startTime="2015-09-28T09:44:00.5175949-07:00" endTime="2015-09-28T09:44:00.5175949-07:00" testType="13cdc9d9-ddb5-4fa4-a97d-d965ccfc6d4b" outcome="Passed" testListId="8c84fa94-04c1-424b-9868-57a2d4851a1d" relativeResultsDirectory="d6becc8a-ad00-41f2-9004-63ace778712f" />
    <UnitTestResult executionId="cc1e624a-a214-4b79-a6b6-f814031956bc" testId="b2e677a5-e82e-2bf6-3161-02f6d48165b9" testName="TryCreateHostRequestContextOnSdkSampleHostNotPresent" computerName="TFSBUILD11" duration="00:00:00.0056268" startTime="2015-09-28T09:44:00.5175949-07:00" endTime="2015-09-28T09:44:00.5332207-07:00" testType="13cdc9d9-ddb5-4fa4-a97d-d965ccfc6d4b" outcome="Passed" testListId="8c84fa94-04c1-424b-9868-57a2d4851a1d" relativeResultsDirectory="cc1e624a-a214-4b79-a6b6-f814031956bc" />
    <UnitTestResult executionId="e232381c-84bc-4e1d-b9dd-b450983dd20a" testId="686c1113-4101-8510-2e32-6f43e71c4ca0" testName="UrlHostResolutionService_add_entries_on_premise" computerName="TFSBUILD11" duration="00:00:00.0094213" startTime="2015-09-28T09:44:00.5332207-07:00" endTime="2015-09-28T09:44:00.5957263-07:00" testType="13cdc9d9-ddb5-4fa4-a97d-d965ccfc6d4b" outcome="Passed" testListId="8c84fa94-04c1-424b-9868-57a2d4851a1d" relativeResultsDirectory="e232381c-84bc-4e1d-b9dd-b450983dd20a" />
    <UnitTestResult executionId="8e0083db-3db1-45e1-b954-23f20b5a4b34" testId="586e2cd6-a2b7-c4a9-cc05-47cac12a83de" testName="UrlHostResolutionService_add_entries_hosted" computerName="TFSBUILD11" duration="00:00:00.0050781" startTime="2015-09-28T09:44:00.5957263-07:00" endTime="2015-09-28T09:44:00.5957263-07:00" testType="13cdc9d9-ddb5-4fa4-a97d-d965ccfc6d4b" outcome="Passed" testListId="8c84fa94-04c1-424b-9868-57a2d4851a1d" relativeResultsDirectory="8e0083db-3db1-45e1-b954-23f20b5a4b34" />
    <UnitTestResult executionId="56c13768-a993-453c-b778-7a6200201a1d" testId="f03b3480-d080-40ce-a0ad-abe7dfd83876" testName="UrlHostResolutionService_add_entries_missing_trailing_slash" computerName="TFSBUILD11" duration="00:00:00.0014793" startTime="2015-09-28T09:44:00.5957263-07:00" endTime="2015-09-28T09:44:00.5957263-07:00" testType="13cdc9d9-ddb5-4fa4-a97d-d965ccfc6d4b" outcome="Passed" testListId="8c84fa94-04c1-424b-9868-57a2d4851a1d" relativeResultsDirectory="56c13768-a993-453c-b778-7a6200201a1d" />
    <UnitTestResult executionId="e8c4f763-57f5-4f94-84e0-55518c6f7d98" testId="06b316bc-3a35-cd50-eb8a-8103ba623fae" testName="UrlHostResolutionService_add_entries_deployment_host" computerName="TFSBUILD11" duration="00:00:00.0017860" startTime="2015-09-28T09:44:00.5957263-07:00" endTime="2015-09-28T09:44:00.6113535-07:00" testType="13cdc9d9-ddb5-4fa4-a97d-d965ccfc6d4b" outcome="Passed" testListId="8c84fa94-04c1-424b-9868-57a2d4851a1d" relativeResultsDirectory="e8c4f763-57f5-4f94-84e0-55518c6f7d98" />
    <UnitTestResult executionId="29427d38-a24e-42fd-9673-d9e92746c610" testId="657499f6-511f-909d-e63f-912223fc6ab1" testName="OAuthS2SSettings_initialize_signing_certificate_does_not_reset_certificate" computerName="TFSBUILD11" duration="00:00:00.0264339" startTime="2015-09-28T09:44:00.6113535-07:00" endTime="2015-09-28T09:44:00.6582316-07:00" testType="13cdc9d9-ddb5-4fa4-a97d-d965ccfc6d4b" outcome="Passed" testListId="8c84fa94-04c1-424b-9868-57a2d4851a1d" relativeResultsDirectory="29427d38-a24e-42fd-9673-d9e92746c610" />
    <UnitTestResult executionId="0dd1dbd0-9c3b-448f-b05a-264026abaa2b" testId="4b4c24ad-0abd-04a3-c637-3174222648cd" testName="OAuthS2SSettings_dispose_does_not_reset_certificate" computerName="TFSBUILD11" duration="00:00:00.0005054" startTime="2015-09-28T09:44:00.6582316-07:00" endTime="2015-09-28T09:44:00.6894852-07:00" testType="13cdc9d9-ddb5-4fa4-a97d-d965ccfc6d4b" outcome="Passed" testListId="8c84fa94-04c1-424b-9868-57a2d4851a1d" relativeResultsDirectory="0dd1dbd0-9c3b-448f-b05a-264026abaa2b" />
    <UnitTestResult executionId="a51a8ab3-9c42-42d7-8d77-2e609412eb79" testId="9ef0edbe-8751-2c85-22c5-6b58edba6130" testName="S2SCredentialsService_generate_new_cache_version_on_new_S2SOAuthCredentials" computerName="TFSBUILD11" duration="00:00:00.0514541" startTime="2015-09-28T09:44:00.6894852-07:00" endTime="2015-09-28T09:44:00.7363641-07:00" testType="13cdc9d9-ddb5-4fa4-a97d-d965ccfc6d4b" outcome="Passed" testListId="8c84fa94-04c1-424b-9868-57a2d4851a1d" relativeResultsDirectory="a51a8ab3-9c42-42d7-8d77-2e609412eb79" />
    <UnitTestResult executionId="53c37de9-5b81-49b0-9c18-7880524370c0" testId="5da5686e-1093-d545-c309-07c96cef804b" testName="HostSyncService_EnsureHostUpdated_ParameterValidation" computerName="TFSBUILD11" duration="00:00:00.0440535" startTime="2015-09-28T09:44:00.7363641-07:00" endTime="2015-09-28T09:44:00.8144958-07:00" testType="13cdc9d9-ddb5-4fa4-a97d-d965ccfc6d4b" outcome="Passed" testListId="8c84fa94-04c1-424b-9868-57a2d4851a1d" relativeResultsDirectory="53c37de9-5b81-49b0-9c18-7880524370c0" />
    <UnitTestResult executionId="45bdece2-c1ef-4395-a589-c34e60d2f3f7" testId="0f8156d7-e432-1733-11b3-df99457f71d5" testName="HostSyncService_EnsureHostUpdated_EarlyBailout" computerName="TFSBUILD11" duration="00:00:00.0044651" startTime="2015-09-28T09:44:00.8144958-07:00" endTime="2015-09-28T09:44:00.8144958-07:00" testType="13cdc9d9-ddb5-4fa4-a97d-d965ccfc6d4b" outcome="Passed" testListId="8c84fa94-04c1-424b-9868-57a2d4851a1d" relativeResultsDirectory="45bdece2-c1ef-4395-a589-c34e60d2f3f7" />
    <UnitTestResult executionId="ebcebe6a-fec8-4bde-8e60-2cd7d263ad3d" testId="fbde34fd-5cd2-98cc-7a3e-cc60debe9dfe" testName="HostSyncService_EnsureHostUpdated_SyncExistingHostsOnly" computerName="TFSBUILD11" duration="00:00:00.0072501" startTime="2015-09-28T09:44:00.8144958-07:00" endTime="2015-09-28T09:44:00.8301208-07:00" testType="13cdc9d9-ddb5-4fa4-a97d-d965ccfc6d4b" outcome="Passed" testListId="8c84fa94-04c1-424b-9868-57a2d4851a1d" relativeResultsDirectory="ebcebe6a-fec8-4bde-8e60-2cd7d263ad3d" />
    <UnitTestResult executionId="66d39f67-1e91-4935-8062-f5bfd14c9c89" testId="af08a91b-cb64-1a2d-d59b-1bf0a0c74864" testName="HostSyncService_EnsureHostUpdated_BadHostInstanceMapping" computerName="TFSBUILD11" duration="00:00:00.0217457" startTime="2015-09-28T09:44:00.8301208-07:00" endTime="2015-09-28T09:44:00.8613713-07:00" testType="13cdc9d9-ddb5-4fa4-a97d-d965ccfc6d4b" outcome="Passed" testListId="8c84fa94-04c1-424b-9868-57a2d4851a1d" relativeResultsDirectory="66d39f67-1e91-4935-8062-f5bfd14c9c89" />
    <UnitTestResult executionId="6c9e3ae3-d769-4f9d-b307-3a6855732732" testId="d0e15bbb-d647-4c4f-e561-8f407f490864" testName="HostSyncService_EnsureHostUpdated_CreateHost" computerName="TFSBUILD11" duration="00:00:00.0118638" startTime="2015-09-28T09:44:00.8613713-07:00" endTime="2015-09-28T09:44:00.8926224-07:00" testType="13cdc9d9-ddb5-4fa4-a97d-d965ccfc6d4b" outcome="Passed" testListId="8c84fa94-04c1-424b-9868-57a2d4851a1d" relativeResultsDirectory="6c9e3ae3-d769-4f9d-b307-3a6855732732" />
    <UnitTestResult executionId="cb8fde4d-e692-4986-802a-5bec96cd8c64" testId="78900ab3-8cdb-5b65-bd5e-af5787d72241" testName="HostSyncService_EnsureHostUpdated_RenameHost" computerName="TFSBUILD11" duration="00:00:00.0110688" startTime="2015-09-28T09:44:00.8926224-07:00" endTime="2015-09-28T09:44:00.9238834-07:00" testType="13cdc9d9-ddb5-4fa4-a97d-d965ccfc6d4b" outcome="Passed" testListId="8c84fa94-04c1-424b-9868-57a2d4851a1d" relativeResultsDirectory="cb8fde4d-e692-4986-802a-5bec96cd8c64" />
    <UnitTestResult executionId="2ca4affe-6a9e-405c-9d04-d17b572782bc" testId="213bdb4d-3277-43a9-fdc1-72e8f722d9e1" testName="HostSyncService_EnsureHostUpdated_ParentHostSync" computerName="TFSBUILD11" duration="00:00:00.0272437" startTime="2015-09-28T09:44:00.9238834-07:00" endTime="2015-09-28T09:44:00.9707609-07:00" testType="13cdc9d9-ddb5-4fa4-a97d-d965ccfc6d4b" outcome="Passed" testListId="8c84fa94-04c1-424b-9868-57a2d4851a1d" relativeResultsDirectory="2ca4affe-6a9e-405c-9d04-d17b572782bc" />
    <UnitTestResult executionId="b099ff71-0883-4aeb-9627-8e8e4bccfb9c" testId="c7130ecf-96dc-8c59-00f6-19ff021aad7f" testName="Should_throw_argumentnull_when_request_context_isnull" computerName="TFSBUILD11" duration="00:00:00.0015664" startTime="2015-09-28T09:44:00.9707609-07:00" endTime="2015-09-28T09:44:01.1113945-07:00" testType="13cdc9d9-ddb5-4fa4-a97d-d965ccfc6d4b" outcome="Passed" testListId="8c84fa94-04c1-424b-9868-57a2d4851a1d" relativeResultsDirectory="b099ff71-0883-4aeb-9627-8e8e4bccfb9c" />
    <UnitTestResult executionId="036e2bba-6521-4c60-aee2-16ddb0c51ee1" testId="2414365d-c975-ad77-762a-4c5ee1c586da" testName="Should_throw_argumentnull_when_key_isnull" computerName="TFSBUILD11" duration="00:00:00.0009540" startTime="2015-09-28T09:44:01.1113945-07:00" endTime="2015-09-28T09:44:01.1270195-07:00" testType="13cdc9d9-ddb5-4fa4-a97d-d965ccfc6d4b" outcome="Passed" testListId="8c84fa94-04c1-424b-9868-57a2d4851a1d" relativeResultsDirectory="036e2bba-6521-4c60-aee2-16ddb0c51ee1" />
    <UnitTestResult executionId="7ac4d4d9-000e-4eb8-9ab0-dc552cefec93" testId="8eac765f-6171-998c-7913-c02d650f564c" testName="Should_return_false_when_redis_is_disabled" computerName="TFSBUILD11" duration="00:00:00.0038374" startTime="2015-09-28T09:44:01.1270195-07:00" endTime="2015-09-28T09:44:01.1270195-07:00" testType="13cdc9d9-ddb5-4fa4-a97d-d965ccfc6d4b" outcome="Passed" testListId="8c84fa94-04c1-424b-9868-57a2d4851a1d" relativeResultsDirectory="7ac4d4d9-000e-4eb8-9ab0-dc552cefec93" />
    <UnitTestResult executionId="9bf7f635-946d-4b6e-ac40-57c5c183469a" testId="d02390f9-2c17-6419-c7c4-363e4f35b828" testName="Should_generate_hash32key_usingusercontext" computerName="TFSBUILD11" duration="00:00:00.0035464" startTime="2015-09-28T09:44:01.1270195-07:00" endTime="2015-09-28T09:44:01.1426453-07:00" testType="13cdc9d9-ddb5-4fa4-a97d-d965ccfc6d4b" outcome="Passed" testListId="8c84fa94-04c1-424b-9868-57a2d4851a1d" relativeResultsDirectory="9bf7f635-946d-4b6e-ac40-57c5c183469a" />
    <UnitTestResult executionId="c482fbbb-8543-49d7-992c-ba94a2ddbaa3" testId="51507127-0af1-6ed7-1ffc-650fe1aa0b64" testName="Should_generate_hash32key_ignoringusercontext_ifusercontextisnull" computerName="TFSBUILD11" duration="00:00:00.0030469" startTime="2015-09-28T09:44:01.1426453-07:00" endTime="2015-09-28T09:44:01.1582714-07:00" testType="13cdc9d9-ddb5-4fa4-a97d-d965ccfc6d4b" outcome="Passed" testListId="8c84fa94-04c1-424b-9868-57a2d4851a1d" relativeResultsDirectory="c482fbbb-8543-49d7-992c-ba94a2ddbaa3" />
    <UnitTestResult executionId="849a3ef5-2807-4a88-b721-6e3d849c19d7" testId="df835bfa-7c3b-cd00-64a9-c018d73e45a8" testName="Should_generate_unique_key" computerName="TFSBUILD11" duration="00:00:00.0008425" startTime="2015-09-28T09:44:01.1582714-07:00" endTime="2015-09-28T09:44:01.1738981-07:00" testType="13cdc9d9-ddb5-4fa4-a97d-d965ccfc6d4b" outcome="Passed" testListId="8c84fa94-04c1-424b-9868-57a2d4851a1d" relativeResultsDirectory="849a3ef5-2807-4a88-b721-6e3d849c19d7" />
    <UnitTestResult executionId="ebde7a47-4ccc-43c7-85e8-13c566b66922" testId="30452b41-7bca-3d9c-7664-a6a41090b773" testName="IdentityExtendedPropertiesCache_FilterUnchangedIdentityProperties_should_not_remove_any_properties_when_feature_is_disabled" computerName="TFSBUILD11" duration="00:00:00.0059920" startTime="2015-09-28T09:44:01.1738981-07:00" endTime="2015-09-28T09:44:01.3301575-07:00" testType="13cdc9d9-ddb5-4fa4-a97d-d965ccfc6d4b" outcome="Passed" testListId="8c84fa94-04c1-424b-9868-57a2d4851a1d" relativeResultsDirectory="ebde7a47-4ccc-43c7-85e8-13c566b66922" />
    <UnitTestResult executionId="57d1da0f-bbfb-4356-bb93-f031844068b1" testId="ba87d3ba-1ba8-92c1-ee05-ae95123f79d8" testName="IdentityExtendedPropertiesCache_FilterUnchangedIdentityProperties_should_remove_unchanged_properties" computerName="TFSBUILD11" duration="00:00:00.0036664" startTime="2015-09-28T09:44:01.3301575-07:00" endTime="2015-09-28T09:44:01.3457842-07:00" testType="13cdc9d9-ddb5-4fa4-a97d-d965ccfc6d4b" outcome="Passed" testListId="8c84fa94-04c1-424b-9868-57a2d4851a1d" relativeResultsDirectory="57d1da0f-bbfb-4356-bb93-f031844068b1" />
    <UnitTestResult executionId="75bb7a9b-ba5d-464a-9d25-936d63bd4822" testId="74b50b2d-2f01-ae8e-d4c4-6a278a9ca023" testName="IdentityExtendedPropertiesCache_FilterUnchangedIdentityProperties_should_not_remove_changed_properties" computerName="TFSBUILD11" duration="00:00:00.0007560" startTime="2015-09-28T09:44:01.3457842-07:00" endTime="2015-09-28T09:44:01.3614088-07:00" testType="13cdc9d9-ddb5-4fa4-a97d-d965ccfc6d4b" outcome="Passed" testListId="8c84fa94-04c1-424b-9868-57a2d4851a1d" relativeResultsDirectory="75bb7a9b-ba5d-464a-9d25-936d63bd4822" />
    <UnitTestResult executionId="cbf846fb-3922-4524-94ca-3d20ae9880e6" testId="027544d4-5ea3-7462-8749-6ea483668592" testName="IdentityExtendedPropertiesCache_FilterUnchangedIdentityProperties_should_not_try_to_get_cached_property_not_in_cache_list" computerName="TFSBUILD11" duration="00:00:00.0021466" startTime="2015-09-28T09:44:01.3614088-07:00" endTime="2015-09-28T09:44:01.3770350-07:00" testType="13cdc9d9-ddb5-4fa4-a97d-d965ccfc6d4b" outcome="Passed" testListId="8c84fa94-04c1-424b-9868-57a2d4851a1d" relativeResultsDirectory="cbf846fb-3922-4524-94ca-3d20ae9880e6" />
    <UnitTestResult executionId="a2f92a69-cb60-4219-9336-7c04d90aec02" testId="2033e3dd-87f7-a2bc-7561-38029163d4cb" testName="IdentityExtendedPropertiesCache_EnrichIdentityProperties_should_not_enrich_anything_when_feature_flag_is_off" computerName="TFSBUILD11" duration="00:00:00.0057963" startTime="2015-09-28T09:44:01.3770350-07:00" endTime="2015-09-28T09:44:01.3926611-07:00" testType="13cdc9d9-ddb5-4fa4-a97d-d965ccfc6d4b" outcome="Passed" testListId="8c84fa94-04c1-424b-9868-57a2d4851a1d" relativeResultsDirectory="a2f92a69-cb60-4219-9336-7c04d90aec02" />
    <UnitTestResult executionId="7cc17e7e-b6e9-43ac-8f4e-088c7c1b2199" testId="46da057b-b8d2-c66d-9ec7-36db799cc59c" testName="IdentityExtendedPropertiesCache_EnrichIdentityProperties_should_add_found_cached_properties" computerName="TFSBUILD11" duration="00:00:00.0011389" startTime="2015-09-28T09:44:01.3926611-07:00" endTime="2015-09-28T09:44:01.3926611-07:00" testType="13cdc9d9-ddb5-4fa4-a97d-d965ccfc6d4b" outcome="Passed" testListId="8c84fa94-04c1-424b-9868-57a2d4851a1d" relativeResultsDirectory="7cc17e7e-b6e9-43ac-8f4e-088c7c1b2199" />
    <UnitTestResult executionId="0ecbffe0-af5e-44f2-9253-06a6638fe15e" testId="230aa7f4-2c4e-ad02-84e2-bac34bdb4734" testName="IdentityExtendedPropertyCache_EnrichIdentityProperties_should_not_enrich_cached_empty_item_properties" computerName="TFSBUILD11" duration="00:00:00.0026860" startTime="2015-09-28T09:44:01.3926611-07:00" endTime="2015-09-28T09:44:01.4082869-07:00" testType="13cdc9d9-ddb5-4fa4-a97d-d965ccfc6d4b" outcome="Passed" testListId="8c84fa94-04c1-424b-9868-57a2d4851a1d" relativeResultsDirectory="0ecbffe0-af5e-44f2-9253-06a6638fe15e" />
    <UnitTestResult executionId="1c65ff8a-01c5-419e-94fa-3ffd955500f1" testId="05d987a6-1932-ceac-44fa-f7eef994e44f" testName="IdentityExtendedPropertyCache_EnrichIdentityProperties_should_not_attempt_to_enrich_item_not_in_whitelist" computerName="TFSBUILD11" duration="00:00:00.0030884" startTime="2015-09-28T09:44:01.4082869-07:00" endTime="2015-09-28T09:44:01.4239130-07:00" testType="13cdc9d9-ddb5-4fa4-a97d-d965ccfc6d4b" outcome="Passed" testListId="8c84fa94-04c1-424b-9868-57a2d4851a1d" relativeResultsDirectory="1c65ff8a-01c5-419e-94fa-3ffd955500f1" />
    <UnitTestResult executionId="3e56996a-e07c-4481-9416-3f91fadb33fc" testId="778108fe-6811-7d44-3a63-626efcd8e57d" testName="IdentityExtendedPropertyCache_EnrichIdentityProperties_should_return_true_when_all_requested_properties_matched_cached" computerName="TFSBUILD11" duration="00:00:00.0003805" startTime="2015-09-28T09:44:01.4239130-07:00" endTime="2015-09-28T09:44:01.4239130-07:00" testType="13cdc9d9-ddb5-4fa4-a97d-d965ccfc6d4b" outcome="Passed" testListId="8c84fa94-04c1-424b-9868-57a2d4851a1d" relativeResultsDirectory="3e56996a-e07c-4481-9416-3f91fadb33fc" />
    <UnitTestResult executionId="69b9fe6c-14db-4cad-9195-c5066dff4e32" testId="98a51b89-0097-970b-7105-7ed63dfbff49" testName="IdentityExtendedPropertyCache_EnrichIdentityProperties_should_return_false_when_not_all_requested_properties_matched_cached" computerName="TFSBUILD11" duration="00:00:00.0026766" startTime="2015-09-28T09:44:01.4239130-07:00" endTime="2015-09-28T09:44:01.4395405-07:00" testType="13cdc9d9-ddb5-4fa4-a97d-d965ccfc6d4b" outcome="Passed" testListId="8c84fa94-04c1-424b-9868-57a2d4851a1d" relativeResultsDirectory="69b9fe6c-14db-4cad-9195-c5066dff4e32" />
    <UnitTestResult executionId="5f4dfda5-9fb1-4d67-818c-3e0cd9fd10b4" testId="49119f19-fe2f-c2eb-bd3e-b75d5bbafe74" testName="IdentityExtendedPropertiesCache_EnrichIdentityProperties_should_return_false_when_any_requested_property_is_not_in_whitelist" computerName="TFSBUILD11" duration="00:00:00.0004755" startTime="2015-09-28T09:44:01.4395405-07:00" endTime="2015-09-28T09:44:01.4551686-07:00" testType="13cdc9d9-ddb5-4fa4-a97d-d965ccfc6d4b" outcome="Passed" testListId="8c84fa94-04c1-424b-9868-57a2d4851a1d" relativeResultsDirectory="5f4dfda5-9fb1-4d67-818c-3e0cd9fd10b4" />
    <UnitTestResult executionId="c2b16650-8aca-40d5-96ba-5fd7a212b3c1" testId="2908959e-264f-96e4-4f76-a7a4f483d6f5" testName="IdentityExtendedPropertyCache_UpdateIdentityProperties_Multiple_should_not_set_or_remove_anything_in_cache_when_feature_flag_is_off" computerName="TFSBUILD11" duration="00:00:00.0057853" startTime="2015-09-28T09:44:01.4551686-07:00" endTime="2015-09-28T09:44:01.4707916-07:00" testType="13cdc9d9-ddb5-4fa4-a97d-d965ccfc6d4b" outcome="Passed" testListId="8c84fa94-04c1-424b-9868-57a2d4851a1d" relativeResultsDirectory="c2b16650-8aca-40d5-96ba-5fd7a212b3c1" />
    <UnitTestResult executionId="a2b7cb9c-a997-4f4a-a4d9-1b7cb9c14cc3" testId="1e614b20-c586-712a-693e-12c279c5982e" testName="IdentityExtendedPropertyCache_UpdatedIdentityProperties_Multiple_should_set_whitelisted_cache_item" computerName="TFSBUILD11" duration="00:00:00.0050576" startTime="2015-09-28T09:44:01.4707916-07:00" endTime="2015-09-28T09:44:01.4864189-07:00" testType="13cdc9d9-ddb5-4fa4-a97d-d965ccfc6d4b" outcome="Passed" testListId="8c84fa94-04c1-424b-9868-57a2d4851a1d" relativeResultsDirectory="a2b7cb9c-a997-4f4a-a4d9-1b7cb9c14cc3" />
    <UnitTestResult executionId="ba4a1f84-6f49-4fa9-b369-c434599aac70" testId="49bf7578-eaf9-0117-8e91-668dcf55edc6" testName="IdentityExtendedPropertyCache_UpdatedIdentityProperties_Multiple_should_remove_whitelisted_cache_item_with_null_value" computerName="TFSBUILD11" duration="00:00:00.0024447" startTime="2015-09-28T09:44:01.4864189-07:00" endTime="2015-09-28T09:44:01.5020438-07:00" testType="13cdc9d9-ddb5-4fa4-a97d-d965ccfc6d4b" outcome="Passed" testListId="8c84fa94-04c1-424b-9868-57a2d4851a1d" relativeResultsDirectory="ba4a1f84-6f49-4fa9-b369-c434599aac70" />
    <UnitTestResult executionId="ae46ff90-895c-4578-89ef-bcfc478965cf" testId="3ad739fe-0c6b-de81-9c95-06eb15294be7" testName="IdentityExtendedPropertyCache_UpdateIdentityProperties_Multiple_should_not_set_or_remove_property_not_in_whitelist" computerName="TFSBUILD11" duration="00:00:00.0035253" startTime="2015-09-28T09:44:01.5020438-07:00" endTime="2015-09-28T09:44:01.5020438-07:00" testType="13cdc9d9-ddb5-4fa4-a97d-d965ccfc6d4b" outcome="Passed" testListId="8c84fa94-04c1-424b-9868-57a2d4851a1d" relativeResultsDirectory="ae46ff90-895c-4578-89ef-bcfc478965cf" />
    <UnitTestResult executionId="40947075-7ba8-41ec-8140-a66903f21aef" testId="aab17f62-5f83-e34f-4a62-ed3e3b7d706b" testName="Verify_IdentityCache_Warming_Is_Performed_On_ReadIdentityByDescriptor" computerName="TFSBUILD11" duration="00:00:00.0494898" startTime="2015-09-28T09:44:01.5020438-07:00" endTime="2015-09-28T09:44:01.5645483-07:00" testType="13cdc9d9-ddb5-4fa4-a97d-d965ccfc6d4b" outcome="Passed" testListId="8c84fa94-04c1-424b-9868-57a2d4851a1d" relativeResultsDirectory="40947075-7ba8-41ec-8140-a66903f21aef" />
    <UnitTestResult executionId="236e75f6-14eb-45cd-b159-8a572d638b0b" testId="ef90d4bf-638c-9436-22b8-8e6973bc7601" testName="Verify_IdentityCache_Warming_Is_Performed_On_ReadIdentityById" computerName="TFSBUILD11" duration="00:00:00.0041927" startTime="2015-09-28T09:44:01.5645483-07:00" endTime="2015-09-28T09:44:01.5645483-07:00" testType="13cdc9d9-ddb5-4fa4-a97d-d965ccfc6d4b" outcome="Passed" testListId="8c84fa94-04c1-424b-9868-57a2d4851a1d" relativeResultsDirectory="236e75f6-14eb-45cd-b159-8a572d638b0b" />
    <UnitTestResult executionId="c2e5103d-4487-495d-b92b-a4b20e5d6388" testId="473ac3a9-9ea9-a19b-f92b-1b29a6926255" testName="Verify_IdentityCache_Warming_Is_Performed_On_ReadIdentitiesBySearchFactor" computerName="TFSBUILD11" duration="00:00:00.0043124" startTime="2015-09-28T09:44:01.5645483-07:00" endTime="2015-09-28T09:44:01.5801738-07:00" testType="13cdc9d9-ddb5-4fa4-a97d-d965ccfc6d4b" outcome="Passed" testListId="8c84fa94-04c1-424b-9868-57a2d4851a1d" relativeResultsDirectory="c2e5103d-4487-495d-b92b-a4b20e5d6388" />
    <UnitTestResult executionId="1b718674-53a3-409d-afda-785e90a6c80c" testId="0eebd122-e0fe-196d-7349-4c323c0df5e5" testName="Verify_No_IdentityCache_Warming_On_Deployment_Cache" computerName="TFSBUILD11" duration="00:00:00.0028159" startTime="2015-09-28T09:44:01.5801738-07:00" endTime="2015-09-28T09:44:01.5801738-07:00" testType="13cdc9d9-ddb5-4fa4-a97d-d965ccfc6d4b" outcome="Passed" testListId="8c84fa94-04c1-424b-9868-57a2d4851a1d" relativeResultsDirectory="1b718674-53a3-409d-afda-785e90a6c80c" />
    <UnitTestResult executionId="5fb4233d-928e-44ff-a0fb-f8ac0807321c" testId="c1297c12-9031-7e11-e70d-0bcf95374197" testName="Verify_No_IdentityCache_Warming_With_Null_Warmer" computerName="TFSBUILD11" duration="00:00:00.0007111" startTime="2015-09-28T09:44:01.5801738-07:00" endTime="2015-09-28T09:44:01.5801738-07:00" testType="13cdc9d9-ddb5-4fa4-a97d-d965ccfc6d4b" outcome="Passed" testListId="8c84fa94-04c1-424b-9868-57a2d4851a1d" relativeResultsDirectory="5fb4233d-928e-44ff-a0fb-f8ac0807321c" />
    <UnitTestResult executionId="49d4e0a7-51ea-4606-98fc-cea15e815f03" testId="2f1f2874-4354-1ffa-89d5-4c8b356563aa" testName="IsValidationRequired_ReturnsFalse_WhenAnArgumentIsNull" computerName="TFSBUILD11" duration="00:00:00.0173647" startTime="2015-09-28T09:44:01.5801738-07:00" endTime="2015-09-28T09:44:01.5958002-07:00" testType="13cdc9d9-ddb5-4fa4-a97d-d965ccfc6d4b" outcome="Passed" testListId="8c84fa94-04c1-424b-9868-57a2d4851a1d" relativeResultsDirectory="49d4e0a7-51ea-4606-98fc-cea15e815f03" />
    <UnitTestResult executionId="53d0f9ec-d853-427b-bca4-c008f9542c15" testId="d0106124-8958-aadc-0535-927a9ba57fc5" testName="IsValidationRequired_ReturnsFalse_WhenFeatureFlagIsOff" computerName="TFSBUILD11" duration="00:00:00.0131646" startTime="2015-09-28T09:44:01.5958002-07:00" endTime="2015-09-28T09:44:01.6114261-07:00" testType="13cdc9d9-ddb5-4fa4-a97d-d965ccfc6d4b" outcome="Passed" testListId="8c84fa94-04c1-424b-9868-57a2d4851a1d" relativeResultsDirectory="53d0f9ec-d853-427b-bca4-c008f9542c15" />
    <UnitTestResult executionId="50507492-ee18-4328-9fbd-c601aabe5333" testId="0bca9cc6-5706-9302-d0ca-5ac03237d6ce" testName="IsValidationRequired_ReturnsFalse_ForServiceIdentities" computerName="TFSBUILD11" duration="00:00:00.0137855" startTime="2015-09-28T09:44:01.6114261-07:00" endTime="2015-09-28T09:44:01.6270533-07:00" testType="13cdc9d9-ddb5-4fa4-a97d-d965ccfc6d4b" outcome="Passed" testListId="8c84fa94-04c1-424b-9868-57a2d4851a1d" relativeResultsDirectory="50507492-ee18-4328-9fbd-c601aabe5333" />
    <UnitTestResult executionId="52780f4e-07c7-49bc-87f8-aa0d86044985" testId="11fc8884-f99b-9875-c8b4-76cc95ffe677" testName="IsValidationRequired_ReturnsFalse_ForNonApplicationLevelRequests" computerName="TFSBUILD11" duration="00:00:00.0182408" startTime="2015-09-28T09:44:01.6270533-07:00" endTime="2015-09-28T09:44:01.6426786-07:00" testType="13cdc9d9-ddb5-4fa4-a97d-d965ccfc6d4b" outcome="Passed" testListId="8c84fa94-04c1-424b-9868-57a2d4851a1d" relativeResultsDirectory="52780f4e-07c7-49bc-87f8-aa0d86044985" />
    <UnitTestResult executionId="813af26d-ab7f-4fa7-b641-0554bf1df372" testId="70c9ebd3-5d6a-fb3e-245f-0e8541fd7472" testName="IsValidationRequired_ReturnsTrue_ForUsersOnApplicationContext_WhenFlagIsTurnedOn" computerName="TFSBUILD11" duration="00:00:00.0112031" startTime="2015-09-28T09:44:01.6426786-07:00" endTime="2015-09-28T09:44:01.6583047-07:00" testType="13cdc9d9-ddb5-4fa4-a97d-d965ccfc6d4b" outcome="Passed" testListId="8c84fa94-04c1-424b-9868-57a2d4851a1d" relativeResultsDirectory="813af26d-ab7f-4fa7-b641-0554bf1df372" />
    <UnitTestResult executionId="eb43aa4d-e3c9-48d1-ade7-82ca9075d3f7" testId="fdf270bb-3b08-803e-2202-caa2bc3c0c8c" testName="ValidateContext_Throws_WhenRequiredArgumentsAreNull" computerName="TFSBUILD11" duration="00:00:00.0160093" startTime="2015-09-28T09:44:01.6583047-07:00" endTime="2015-09-28T09:44:01.6739305-07:00" testType="13cdc9d9-ddb5-4fa4-a97d-d965ccfc6d4b" outcome="Passed" testListId="8c84fa94-04c1-424b-9868-57a2d4851a1d" relativeResultsDirectory="eb43aa4d-e3c9-48d1-ade7-82ca9075d3f7" />
    <UnitTestResult executionId="93be138b-174a-4559-ae9d-9d43bd629103" testId="a38588ba-2756-20ed-11bc-c99dcc012d9d" testName="ValidateContext_DoesNotExecuteOnDeploymentContext" computerName="TFSBUILD11" duration="00:00:00.0177345" startTime="2015-09-28T09:44:01.6739305-07:00" endTime="2015-09-28T09:44:01.6895563-07:00" testType="13cdc9d9-ddb5-4fa4-a97d-d965ccfc6d4b" outcome="Passed" testListId="8c84fa94-04c1-424b-9868-57a2d4851a1d" relativeResultsDirectory="93be138b-174a-4559-ae9d-9d43bd629103" />
    <UnitTestResult executionId="8669857b-8972-40c5-96c4-fcfff1937ef3" testId="594214bd-536f-e5e7-7910-5e142fdd9481" testName="ValidateContext_CallsAuthority_ForAuthoritativeRequests" computerName="TFSBUILD11" duration="00:00:00.1182558" startTime="2015-09-28T09:44:01.6895563-07:00" endTime="2015-09-28T09:44:01.8145652-07:00" testType="13cdc9d9-ddb5-4fa4-a97d-d965ccfc6d4b" outcome="Passed" testListId="8c84fa94-04c1-424b-9868-57a2d4851a1d" relativeResultsDirectory="8669857b-8972-40c5-96c4-fcfff1937ef3" />
    <UnitTestResult executionId="49f5219e-d611-4c60-9b37-939d9f4b780c" testId="1867f4a8-60c4-4986-8874-35c10b61d723" testName="ValidateContext_CallsAuthority_AndUpdatesComplianceValidatedInState_ForAuthoritativeRequests" computerName="TFSBUILD11" duration="00:00:00.0123428" startTime="2015-09-28T09:44:01.8145652-07:00" endTime="2015-09-28T09:44:01.8301910-07:00" testType="13cdc9d9-ddb5-4fa4-a97d-d965ccfc6d4b" outcome="Passed" testListId="8c84fa94-04c1-424b-9868-57a2d4851a1d" relativeResultsDirectory="49f5219e-d611-4c60-9b37-939d9f4b780c" />
    <UnitTestResult executionId="50ceefc8-dfe1-4a4b-8112-80e96cad289e" testId="ba7049a4-b31c-9343-b979-43d64a56f396" testName="ValidateContext_CallsAuthority_AndUpdatesAccountRightInState_ForAuthoritativeRequests_WhenAccountRightsIsMissingInState" computerName="TFSBUILD11" duration="00:00:00.0114565" startTime="2015-09-28T09:44:01.8301910-07:00" endTime="2015-09-28T09:44:01.8301910-07:00" testType="13cdc9d9-ddb5-4fa4-a97d-d965ccfc6d4b" outcome="Passed" testListId="8c84fa94-04c1-424b-9868-57a2d4851a1d" relativeResultsDirectory="50ceefc8-dfe1-4a4b-8112-80e96cad289e" />
    <UnitTestResult executionId="edd45900-1049-4fe2-9787-83269170c829" testId="76a2774d-7abf-ba8c-4fa3-9ec8a0ff98a6" testName="ValidateContext_CallsAuthority_AndDoesntUpdateComplianceValidatedInState_ForAuthoritativeRequests_WhenStateIsInSync" computerName="TFSBUILD11" duration="00:00:00.0123596" startTime="2015-09-28T09:44:01.8301910-07:00" endTime="2015-09-28T09:44:01.8458163-07:00" testType="13cdc9d9-ddb5-4fa4-a97d-d965ccfc6d4b" outcome="Passed" testListId="8c84fa94-04c1-424b-9868-57a2d4851a1d" relativeResultsDirectory="edd45900-1049-4fe2-9787-83269170c829" />
    <UnitTestResult executionId="2fa1a08b-1c6c-40f0-a017-6e65f08fc386" testId="b8244571-6f7b-6c33-a558-081d33744fab" testName="ValidateContext_NoAuthorityCall_ComplianceValidatedNotUpdated_ForNonAuthoritativeRequests_WhenInSync_AndDateMissing" computerName="TFSBUILD11" duration="00:00:00.0139940" startTime="2015-09-28T09:44:01.8458163-07:00" endTime="2015-09-28T09:44:01.8614435-07:00" testType="13cdc9d9-ddb5-4fa4-a97d-d965ccfc6d4b" outcome="Passed" testListId="8c84fa94-04c1-424b-9868-57a2d4851a1d" relativeResultsDirectory="2fa1a08b-1c6c-40f0-a017-6e65f08fc386" />
    <UnitTestResult executionId="f310930a-c5a2-4a60-8f33-aa5669185e08" testId="41f82249-ac6a-6b34-1621-1cab726497bf" testName="ValidateContext_DoesntCallAuthority_AndDoesntUpdateComplianceValidatedInState_ForNonAuthoritativeRequests_WhenStateIsInSync" computerName="TFSBUILD11" duration="00:00:00.0132516" startTime="2015-09-28T09:44:01.8614435-07:00" endTime="2015-09-28T09:44:01.8770688-07:00" testType="13cdc9d9-ddb5-4fa4-a97d-d965ccfc6d4b" outcome="Passed" testListId="8c84fa94-04c1-424b-9868-57a2d4851a1d" relativeResultsDirectory="f310930a-c5a2-4a60-8f33-aa5669185e08" />
    <UnitTestResult executionId="b62461e5-68fa-4641-bcb0-20c6d174644f" testId="7ace3742-2a66-99a1-d0ea-bffa0f5a654e" testName="ValidateContext_DoesntCallAuthority_AndDoesntUpdateComplianceValidatedInState_ForNonAuthoritativeRequests_WhenStateIsInSync_ButAccountRightsAreNone" computerName="TFSBUILD11" duration="00:00:00.1315055" startTime="2015-09-28T09:44:01.8770688-07:00" endTime="2015-09-28T09:44:02.0020763-07:00" testType="13cdc9d9-ddb5-4fa4-a97d-d965ccfc6d4b" outcome="Passed" testListId="8c84fa94-04c1-424b-9868-57a2d4851a1d" relativeResultsDirectory="b62461e5-68fa-4641-bcb0-20c6d174644f" />
    <UnitTestResult executionId="3b90a843-cc89-4b4e-b0d2-6f7816716580" testId="a39b9ca2-2389-232c-7605-df1d849f038a" testName="ValidateContext_CallsAuthority_AndUpdatesComplianceValidatedInState_ForNonAuthoritativeRequests_WhenComplianceIsNullInStateAsWellAsIms" computerName="TFSBUILD11" duration="00:00:00.0107733" startTime="2015-09-28T09:44:02.0020763-07:00" endTime="2015-09-28T09:44:02.0177012-07:00" testType="13cdc9d9-ddb5-4fa4-a97d-d965ccfc6d4b" outcome="Passed" testListId="8c84fa94-04c1-424b-9868-57a2d4851a1d" relativeResultsDirectory="3b90a843-cc89-4b4e-b0d2-6f7816716580" />
    <UnitTestResult executionId="a06de031-7092-437d-86ff-9a0a045fd555" testId="8de116a6-aa87-f641-50d2-ab60528c76aa" testName="ValidateContext_AssignsLicense_AndUpdatesSessionState_ForNonAuthoritiveRequests_WhenSessionStateIsInSync_ButAccountRightsAreMissing" computerName="TFSBUILD11" duration="00:00:00.0315306" startTime="2015-09-28T09:44:02.0177012-07:00" endTime="2015-09-28T09:44:02.0489563-07:00" testType="13cdc9d9-ddb5-4fa4-a97d-d965ccfc6d4b" outcome="Passed" testListId="8c84fa94-04c1-424b-9868-57a2d4851a1d" relativeResultsDirectory="a06de031-7092-437d-86ff-9a0a045fd555" />
    <UnitTestResult executionId="62dbab46-9e9a-4cf0-a845-13ff258b2e3d" testId="638439f4-fb9d-65d5-ed44-9c8d2626be78" testName="ValidateContext_AssignsLicense_AndUpdatesSessionState_ForAuthoritiveRequests_WhenSessionStateIsInSync_ButAccountRightsAreMissing" computerName="TFSBUILD11" duration="00:00:00.0261523" startTime="2015-09-28T09:44:02.0489563-07:00" endTime="2015-09-28T09:44:02.0802083-07:00" testType="13cdc9d9-ddb5-4fa4-a97d-d965ccfc6d4b" outcome="Passed" testListId="8c84fa94-04c1-424b-9868-57a2d4851a1d" relativeResultsDirectory="62dbab46-9e9a-4cf0-a845-13ff258b2e3d" />
    <UnitTestResult executionId="254a7be0-7384-4a22-88e5-316b155e0652" testId="624abf7e-4fd8-df7c-8f49-ab241412ea6c" testName="ValidateContext_AssignsLicense_AndUpdatesSessionState_WhenStateIsNotInSync_AndAccountRightsAreNoneInFetchedState" computerName="TFSBUILD11" duration="00:00:00.0156961" startTime="2015-09-28T09:44:02.0802083-07:00" endTime="2015-09-28T09:44:02.0958341-07:00" testType="13cdc9d9-ddb5-4fa4-a97d-d965ccfc6d4b" outcome="Passed" testListId="8c84fa94-04c1-424b-9868-57a2d4851a1d" relativeResultsDirectory="254a7be0-7384-4a22-88e5-316b155e0652" />
    <UnitTestResult executionId="2aa6b137-7762-4c78-88da-7e6ae8f7dd45" testId="e8785e8c-e6d6-0898-434b-dbabe8eb51d2" testName="DeploymentMemoryCacheBase_Contains_should_throw_argument_null_exception_when_key_is_null" computerName="TFSBUILD11" duration="00:00:00.0004388" startTime="2015-09-28T09:44:02.0958341-07:00" endTime="2015-09-28T09:44:02.0958341-07:00" testType="13cdc9d9-ddb5-4fa4-a97d-d965ccfc6d4b" outcome="Passed" testListId="8c84fa94-04c1-424b-9868-57a2d4851a1d" relativeResultsDirectory="2aa6b137-7762-4c78-88da-7e6ae8f7dd45" />
    <UnitTestResult executionId="57257c6b-98fe-4952-be37-fe038175bca8" testId="284c9624-7310-9ee3-0b91-6aad7a6d8d36" testName="DeploymentMemoryCacheBase_Contains_should_throw_argument_exception_when_key_is_empty" computerName="TFSBUILD11" duration="00:00:00.0002705" startTime="2015-09-28T09:44:02.0958341-07:00" endTime="2015-09-28T09:44:02.0958341-07:00" testType="13cdc9d9-ddb5-4fa4-a97d-d965ccfc6d4b" outcome="Passed" testListId="8c84fa94-04c1-424b-9868-57a2d4851a1d" relativeResultsDirectory="57257c6b-98fe-4952-be37-fe038175bca8" />
    <UnitTestResult executionId="b0a511d3-ae00-426e-8b51-427916ea9393" testId="ca38cac3-da29-cfee-4a62-87729459297f" testName="DeploymentMemoryCacheBase_Contains_should_throw_argument_null_exception_when_region_is_null" computerName="TFSBUILD11" duration="00:00:00.0002685" startTime="2015-09-28T09:44:02.0958341-07:00" endTime="2015-09-28T09:44:02.0958341-07:00" testType="13cdc9d9-ddb5-4fa4-a97d-d965ccfc6d4b" outcome="Passed" testListId="8c84fa94-04c1-424b-9868-57a2d4851a1d" relativeResultsDirectory="b0a511d3-ae00-426e-8b51-427916ea9393" />
    <UnitTestResult executionId="bdbd05e1-177c-469e-a28e-f8327c56f491" testId="0273a505-6f44-3e97-a714-4cf891adaf8a" testName="DeploymentMemoryCacheBase_Contains_should_throw_argument_null_exception_when_region_is_empty" computerName="TFSBUILD11" duration="00:00:00.0002645" startTime="2015-09-28T09:44:02.0958341-07:00" endTime="2015-09-28T09:44:02.0958341-07:00" testType="13cdc9d9-ddb5-4fa4-a97d-d965ccfc6d4b" outcome="Passed" testListId="8c84fa94-04c1-424b-9868-57a2d4851a1d" relativeResultsDirectory="bdbd05e1-177c-469e-a28e-f8327c56f491" />
    <UnitTestResult executionId="021cc389-8f0f-4c69-b2cd-90339388432d" testId="0b0995f3-f5d1-37eb-9b82-b413e0298bda" testName="DeploymentMemoryCacheBase_Contains_should_check_default_region_when_no_region_is_specified" computerName="TFSBUILD11" duration="00:00:00.0017607" startTime="2015-09-28T09:44:02.0958341-07:00" endTime="2015-09-28T09:44:02.0958341-07:00" testType="13cdc9d9-ddb5-4fa4-a97d-d965ccfc6d4b" outcome="Passed" testListId="8c84fa94-04c1-424b-9868-57a2d4851a1d" relativeResultsDirectory="021cc389-8f0f-4c69-b2cd-90339388432d" />
    <UnitTestResult executionId="1a75342d-8ce9-4798-93c3-f29e37079394" testId="4c9bc7dc-0dec-a5fe-656b-9b79d2f55c01" testName="DeploymentMemoryCacheBase_Contains_should_check_named_region_when_region_is_specified" computerName="TFSBUILD11" duration="00:00:00.0009227" startTime="2015-09-28T09:44:02.0958341-07:00" endTime="2015-09-28T09:44:02.0958341-07:00" testType="13cdc9d9-ddb5-4fa4-a97d-d965ccfc6d4b" outcome="Passed" testListId="8c84fa94-04c1-424b-9868-57a2d4851a1d" relativeResultsDirectory="1a75342d-8ce9-4798-93c3-f29e37079394" />
    <UnitTestResult executionId="f76b1077-7a60-4285-a2e0-805bfb045662" testId="945492a8-d245-a098-90d2-1a6a4bfa23ff" testName="DeploymentMemoryCacheBase_GetCount_should_throw_when_region_name_is_null" computerName="TFSBUILD11" duration="00:00:00.0006018" startTime="2015-09-28T09:44:02.0958341-07:00" endTime="2015-09-28T09:44:02.0958341-07:00" testType="13cdc9d9-ddb5-4fa4-a97d-d965ccfc6d4b" outcome="Passed" testListId="8c84fa94-04c1-424b-9868-57a2d4851a1d" relativeResultsDirectory="f76b1077-7a60-4285-a2e0-805bfb045662" />
    <UnitTestResult executionId="4aa9533b-3fb2-4f60-8d0f-2be5e71ff6da" testId="342563ab-beda-aebf-de9a-a2fdb21872d2" testName="DeploymentMemoryCacheBase_GetCount_should_throw_when_region_name_is_empty" computerName="TFSBUILD11" duration="00:00:00.0003487" startTime="2015-09-28T09:44:02.0958341-07:00" endTime="2015-09-28T09:44:02.0958341-07:00" testType="13cdc9d9-ddb5-4fa4-a97d-d965ccfc6d4b" outcome="Passed" testListId="8c84fa94-04c1-424b-9868-57a2d4851a1d" relativeResultsDirectory="4aa9533b-3fb2-4f60-8d0f-2be5e71ff6da" />
    <UnitTestResult executionId="9092f922-1a19-4f40-9305-3f790f57d06f" testId="419c432c-af14-1a13-7ce7-ef6cd0e07395" testName="DeploymentMemoryCacheBase_GetCount_should_return_count_of_items_in_default_region" computerName="TFSBUILD11" duration="00:00:00.0008556" startTime="2015-09-28T09:44:02.0958341-07:00" endTime="2015-09-28T09:44:02.0958341-07:00" testType="13cdc9d9-ddb5-4fa4-a97d-d965ccfc6d4b" outcome="Passed" testListId="8c84fa94-04c1-424b-9868-57a2d4851a1d" relativeResultsDirectory="9092f922-1a19-4f40-9305-3f790f57d06f" />
    <UnitTestResult executionId="c0f84b47-4c89-4f1e-ab63-90d84876be5a" testId="c7116fe5-24e4-1fd0-e3fd-23aec522f97f" testName="DeploymentMemoryCacheBase_GetCount_should_return_count_of_items_in_named_region" computerName="TFSBUILD11" duration="00:00:00.0002392" startTime="2015-09-28T09:44:02.0958341-07:00" endTime="2015-09-28T09:44:02.0958341-07:00" testType="13cdc9d9-ddb5-4fa4-a97d-d965ccfc6d4b" outcome="Passed" testListId="8c84fa94-04c1-424b-9868-57a2d4851a1d" relativeResultsDirectory="c0f84b47-4c89-4f1e-ab63-90d84876be5a" />
    <UnitTestResult executionId="0b5a4d5d-0682-4d84-912b-7bfa4ada7738" testId="2de8d102-ffe9-c850-e9e7-044f018150c8" testName="DeploymentMemoryCacheBase_Remove_should_throw_argument_null_exception_when_key_is_null" computerName="TFSBUILD11" duration="00:00:00.0004158" startTime="2015-09-28T09:44:02.0958341-07:00" endTime="2015-09-28T09:44:02.0958341-07:00" testType="13cdc9d9-ddb5-4fa4-a97d-d965ccfc6d4b" outcome="Passed" testListId="8c84fa94-04c1-424b-9868-57a2d4851a1d" relativeResultsDirectory="0b5a4d5d-0682-4d84-912b-7bfa4ada7738" />
    <UnitTestResult executionId="0a4a4931-d31c-4f03-8940-4656b32985f6" testId="95b6aa5c-7f7f-e2b0-92bd-429d6dc88569" testName="DeploymentMemoryCacheBase_Remove_should_throw_argument_exception_when_key_is_empty" computerName="TFSBUILD11" duration="00:00:00.0002727" startTime="2015-09-28T09:44:02.0958341-07:00" endTime="2015-09-28T09:44:02.0958341-07:00" testType="13cdc9d9-ddb5-4fa4-a97d-d965ccfc6d4b" outcome="Passed" testListId="8c84fa94-04c1-424b-9868-57a2d4851a1d" relativeResultsDirectory="0a4a4931-d31c-4f03-8940-4656b32985f6" />
    <UnitTestResult executionId="9c814fb7-bb37-409a-9260-088deded5d5a" testId="516be3d1-e86f-3188-67b4-0e3e0ef3bdf8" testName="DeploymentMemoryCacheBase_Remove_should_throw_argument_null_exception_when_region_is_null" computerName="TFSBUILD11" duration="00:00:00.0002679" startTime="2015-09-28T09:44:02.0958341-07:00" endTime="2015-09-28T09:44:02.0958341-07:00" testType="13cdc9d9-ddb5-4fa4-a97d-d965ccfc6d4b" outcome="Passed" testListId="8c84fa94-04c1-424b-9868-57a2d4851a1d" relativeResultsDirectory="9c814fb7-bb37-409a-9260-088deded5d5a" />
    <UnitTestResult executionId="cb21c478-56da-4e8c-997f-ee79875aed20" testId="c2d3eba5-709c-4c42-0fed-3b5067ce89ed" testName="DeploymentMemoryCacheBase_Remove_should_throw_argument_null_exception_when_region_is_empty" computerName="TFSBUILD11" duration="00:00:00.0002665" startTime="2015-09-28T09:44:02.0958341-07:00" endTime="2015-09-28T09:44:02.0958341-07:00" testType="13cdc9d9-ddb5-4fa4-a97d-d965ccfc6d4b" outcome="Passed" testListId="8c84fa94-04c1-424b-9868-57a2d4851a1d" relativeResultsDirectory="cb21c478-56da-4e8c-997f-ee79875aed20" />
    <UnitTestResult executionId="ecbbca94-3f15-4836-89d1-273384c0102e" testId="0689842d-6513-683f-3970-1f008fe8f7ed" testName="DeploymentMemoryCacheBase_Remove_should_remove_cached_item_in_default_region" computerName="TFSBUILD11" duration="00:00:00.0013798" startTime="2015-09-28T09:44:02.0958341-07:00" endTime="2015-09-28T09:44:02.1114608-07:00" testType="13cdc9d9-ddb5-4fa4-a97d-d965ccfc6d4b" outcome="Passed" testListId="8c84fa94-04c1-424b-9868-57a2d4851a1d" relativeResultsDirectory="ecbbca94-3f15-4836-89d1-273384c0102e" />
    <UnitTestResult executionId="803e8189-ae78-4d37-ab59-d15aeed83fb8" testId="24bee88e-ca64-ff9c-cd38-5593d6f5cf76" testName="DeploymentMemoryCacheBase_Remove_should_remove_cached_item_from_named_region" computerName="TFSBUILD11" duration="00:00:00.0012506" startTime="2015-09-28T09:44:02.1114608-07:00" endTime="2015-09-28T09:44:02.1114608-07:00" testType="13cdc9d9-ddb5-4fa4-a97d-d965ccfc6d4b" outcome="Passed" testListId="8c84fa94-04c1-424b-9868-57a2d4851a1d" relativeResultsDirectory="803e8189-ae78-4d37-ab59-d15aeed83fb8" />
    <UnitTestResult executionId="ac7a76dc-eada-49a0-baae-d3e8ea2b56db" testId="e5ada720-4c61-f0a4-9b1a-4de8f90703ec" testName="DeploymentMemoryCacheBase_Set_should_throw_argument_null_exception_when_key_is_null" computerName="TFSBUILD11" duration="00:00:00.0003521" startTime="2015-09-28T09:44:02.1114608-07:00" endTime="2015-09-28T09:44:02.1114608-07:00" testType="13cdc9d9-ddb5-4fa4-a97d-d965ccfc6d4b" outcome="Passed" testListId="8c84fa94-04c1-424b-9868-57a2d4851a1d" relativeResultsDirectory="ac7a76dc-eada-49a0-baae-d3e8ea2b56db" />
    <UnitTestResult executionId="ef0d7ce4-9e8d-4c2f-8def-4e52094d7ddb" testId="06594e8c-fdec-07a9-3b4e-88060523192d" testName="DeploymentMemoryCacheBase_Set_should_throw_argument_exception_when_key_is_empty" computerName="TFSBUILD11" duration="00:00:00.0002952" startTime="2015-09-28T09:44:02.1114608-07:00" endTime="2015-09-28T09:44:02.1114608-07:00" testType="13cdc9d9-ddb5-4fa4-a97d-d965ccfc6d4b" outcome="Passed" testListId="8c84fa94-04c1-424b-9868-57a2d4851a1d" relativeResultsDirectory="ef0d7ce4-9e8d-4c2f-8def-4e52094d7ddb" />
    <UnitTestResult executionId="7b933bc0-1f17-4806-b453-90a524ec228a" testId="cb9d6927-0950-ce26-b19b-949e3ec7fafb" testName="DeploymentMemoryCacheBase_Set_should_throw_argument_null_exception_when_region_is_null" computerName="TFSBUILD11" duration="00:00:00.0002759" startTime="2015-09-28T09:44:02.1114608-07:00" endTime="2015-09-28T09:44:02.1114608-07:00" testType="13cdc9d9-ddb5-4fa4-a97d-d965ccfc6d4b" outcome="Passed" testListId="8c84fa94-04c1-424b-9868-57a2d4851a1d" relativeResultsDirectory="7b933bc0-1f17-4806-b453-90a524ec228a" />
    <UnitTestResult executionId="c73b0187-205d-41b5-9faf-6dd74ffbc947" testId="1078a0eb-f3ce-f246-5361-e01a11e10cf9" testName="DeploymentMemoryCacheBase_Set_should_throw_argument_null_exception_when_region_is_empty" computerName="TFSBUILD11" duration="00:00:00.0002690" startTime="2015-09-28T09:44:02.1114608-07:00" endTime="2015-09-28T09:44:02.1114608-07:00" testType="13cdc9d9-ddb5-4fa4-a97d-d965ccfc6d4b" outcome="Passed" testListId="8c84fa94-04c1-424b-9868-57a2d4851a1d" relativeResultsDirectory="c73b0187-205d-41b5-9faf-6dd74ffbc947" />
    <UnitTestResult executionId="0635295f-1035-4efa-86f2-0a79a4c6fa92" testId="ee412ef6-719a-91ed-68b5-8af5825a27cf" testName="DeploymentMemoryCacheBase_Set_should_throw_argument_null_exception_when_value_is_null" computerName="TFSBUILD11" duration="00:00:00.0002995" startTime="2015-09-28T09:44:02.1114608-07:00" endTime="2015-09-28T09:44:02.1114608-07:00" testType="13cdc9d9-ddb5-4fa4-a97d-d965ccfc6d4b" outcome="Passed" testListId="8c84fa94-04c1-424b-9868-57a2d4851a1d" relativeResultsDirectory="0635295f-1035-4efa-86f2-0a79a4c6fa92" />
    <UnitTestResult executionId="c37534d3-185f-4353-b87c-46befe0c37ff" testId="b2056827-4b01-86a7-29ca-d9f7f2ae48ba" testName="DeploymentMemoryCacheBase_Set_should_set_item_in_default_region" computerName="TFSBUILD11" duration="00:00:00.0009309" startTime="2015-09-28T09:44:02.1114608-07:00" endTime="2015-09-28T09:44:02.1114608-07:00" testType="13cdc9d9-ddb5-4fa4-a97d-d965ccfc6d4b" outcome="Passed" testListId="8c84fa94-04c1-424b-9868-57a2d4851a1d" relativeResultsDirectory="c37534d3-185f-4353-b87c-46befe0c37ff" />
    <UnitTestResult executionId="7b6c54e6-2f74-4591-970b-83550021af71" testId="111e2b53-b32c-6b24-6f50-d5766b31d483" testName="DeploymentMemoryCacheBase_Set_should_set_item_in_named_region" computerName="TFSBUILD11" duration="00:00:00.0007611" startTime="2015-09-28T09:44:02.1114608-07:00" endTime="2015-09-28T09:44:02.1114608-07:00" testType="13cdc9d9-ddb5-4fa4-a97d-d965ccfc6d4b" outcome="Passed" testListId="8c84fa94-04c1-424b-9868-57a2d4851a1d" relativeResultsDirectory="7b6c54e6-2f74-4591-970b-83550021af71" />
    <UnitTestResult executionId="ebed33db-5793-4d0c-a9e2-522d9a19e3b7" testId="08930a05-186a-aa24-638d-1c45dea3a185" testName="DeploymentMemoryCacheBase_Get_should_throw_argument_null_exception_when_key_is_null" computerName="TFSBUILD11" duration="00:00:00.0003549" startTime="2015-09-28T09:44:02.1114608-07:00" endTime="2015-09-28T09:44:02.1114608-07:00" testType="13cdc9d9-ddb5-4fa4-a97d-d965ccfc6d4b" outcome="Passed" testListId="8c84fa94-04c1-424b-9868-57a2d4851a1d" relativeResultsDirectory="ebed33db-5793-4d0c-a9e2-522d9a19e3b7" />
    <UnitTestResult executionId="d5481510-c957-4a0f-b52a-6f271c93e9c6" testId="b9d03eac-a11d-c7e0-b17f-e477465ed653" testName="DeploymentMemoryCacheBase_Get_should_throw_argument_exception_when_key_is_empty" computerName="TFSBUILD11" duration="00:00:00.0003595" startTime="2015-09-28T09:44:02.1114608-07:00" endTime="2015-09-28T09:44:02.1114608-07:00" testType="13cdc9d9-ddb5-4fa4-a97d-d965ccfc6d4b" outcome="Passed" testListId="8c84fa94-04c1-424b-9868-57a2d4851a1d" relativeResultsDirectory="d5481510-c957-4a0f-b52a-6f271c93e9c6" />
    <UnitTestResult executionId="530e091a-c063-49fe-bd0e-bedeb107aaa6" testId="1b5870d8-5849-2eb3-5e91-9fd19ca46918" testName="DeploymentMemoryCacheBase_Get_should_throw_argument_null_exception_when_region_is_null" computerName="TFSBUILD11" duration="00:00:00.0003871" startTime="2015-09-28T09:44:02.1114608-07:00" endTime="2015-09-28T09:44:02.1114608-07:00" testType="13cdc9d9-ddb5-4fa4-a97d-d965ccfc6d4b" outcome="Passed" testListId="8c84fa94-04c1-424b-9868-57a2d4851a1d" relativeResultsDirectory="530e091a-c063-49fe-bd0e-bedeb107aaa6" />
    <UnitTestResult executionId="4063ea92-2f2a-49d7-b62f-480d62342e0f" testId="2c8cb5ac-db17-5a5b-a9e0-07994e6c3197" testName="DeploymentMemoryCacheBase_Get_should_throw_argument_null_exception_when_region_is_empty" computerName="TFSBUILD11" duration="00:00:00.0002824" startTime="2015-09-28T09:44:02.1114608-07:00" endTime="2015-09-28T09:44:02.1114608-07:00" testType="13cdc9d9-ddb5-4fa4-a97d-d965ccfc6d4b" outcome="Passed" testListId="8c84fa94-04c1-424b-9868-57a2d4851a1d" relativeResultsDirectory="4063ea92-2f2a-49d7-b62f-480d62342e0f" />
    <UnitTestResult executionId="b02bbea3-60f0-486d-87b8-f2b457f5aeee" testId="d82e544d-ef5b-2aaf-f530-e92014e77778" testName="DeploymentMemoryCacheBase_Get_should_get_cached_item_from_default_region" computerName="TFSBUILD11" duration="00:00:00.0015155" startTime="2015-09-28T09:44:02.1114608-07:00" endTime="2015-09-28T09:44:02.1114608-07:00" testType="13cdc9d9-ddb5-4fa4-a97d-d965ccfc6d4b" outcome="Passed" testListId="8c84fa94-04c1-424b-9868-57a2d4851a1d" relativeResultsDirectory="b02bbea3-60f0-486d-87b8-f2b457f5aeee" />
    <UnitTestResult executionId="ef933046-20f5-4556-9aa8-c68f9e3091cd" testId="a374f723-f1b9-4dc5-8889-f10e669ff3c0" testName="DeploymentMemoryCacheBase_Get_should_get_cached_item_from_named_region" computerName="TFSBUILD11" duration="00:00:00.0009292" startTime="2015-09-28T09:44:02.1114608-07:00" endTime="2015-09-28T09:44:02.1114608-07:00" testType="13cdc9d9-ddb5-4fa4-a97d-d965ccfc6d4b" outcome="Passed" testListId="8c84fa94-04c1-424b-9868-57a2d4851a1d" relativeResultsDirectory="ef933046-20f5-4556-9aa8-c68f9e3091cd" />
    <UnitTestResult executionId="80977c2d-52c7-4a06-8986-9a752a9a62df" testId="6a3cc234-ce33-1a9b-c63e-03746f0f1512" testName="DeploymentMemoryCacheBase_GetOrAdd_should_throw_argument_null_exception_when_key_is_null" computerName="TFSBUILD11" duration="00:00:00.0006866" startTime="2015-09-28T09:44:02.1114608-07:00" endTime="2015-09-28T09:44:02.1114608-07:00" testType="13cdc9d9-ddb5-4fa4-a97d-d965ccfc6d4b" outcome="Passed" testListId="8c84fa94-04c1-424b-9868-57a2d4851a1d" relativeResultsDirectory="80977c2d-52c7-4a06-8986-9a752a9a62df" />
    <UnitTestResult executionId="b4826860-20f8-4cf0-8322-d3af5404cbb5" testId="1a8f7551-defc-b901-29d2-086bca381658" testName="DeploymentMemoryCacheBase_GetOrAdd_should_throw_argument_exception_when_key_is_empty" computerName="TFSBUILD11" duration="00:00:00.0003931" startTime="2015-09-28T09:44:02.1114608-07:00" endTime="2015-09-28T09:44:02.1114608-07:00" testType="13cdc9d9-ddb5-4fa4-a97d-d965ccfc6d4b" outcome="Passed" testListId="8c84fa94-04c1-424b-9868-57a2d4851a1d" relativeResultsDirectory="b4826860-20f8-4cf0-8322-d3af5404cbb5" />
    <UnitTestResult executionId="a83367e2-1b1a-4afa-a03b-f3034d8e69ea" testId="95ed26a8-a806-f1fb-2a8a-b496afd422d8" testName="DeploymentMemoryCacheBase_GetOrAdd_should_throw_argument_null_exception_when_region_is_null" computerName="TFSBUILD11" duration="00:00:00.0003780" startTime="2015-09-28T09:44:02.1114608-07:00" endTime="2015-09-28T09:44:02.1114608-07:00" testType="13cdc9d9-ddb5-4fa4-a97d-d965ccfc6d4b" outcome="Passed" testListId="8c84fa94-04c1-424b-9868-57a2d4851a1d" relativeResultsDirectory="a83367e2-1b1a-4afa-a03b-f3034d8e69ea" />
    <UnitTestResult executionId="ef60ce59-0a62-4b77-b160-0dd3757225db" testId="14c2c6da-790d-70ca-5d56-7eed7296fe39" testName="DeploymentMemoryCacheBase_GetOrAdd_should_throw_argument_null_exception_when_region_is_empty" computerName="TFSBUILD11" duration="00:00:00.0003768" startTime="2015-09-28T09:44:02.1114608-07:00" endTime="2015-09-28T09:44:02.1114608-07:00" testType="13cdc9d9-ddb5-4fa4-a97d-d965ccfc6d4b" outcome="Passed" testListId="8c84fa94-04c1-424b-9868-57a2d4851a1d" relativeResultsDirectory="ef60ce59-0a62-4b77-b160-0dd3757225db" />
    <UnitTestResult executionId="fa622f6a-e98d-4f98-a08f-9fa25818dc71" testId="9768a427-f8c9-18fb-2845-329abd680d78" testName="DeploymentMemoryCacheBase_GetOrAdd_should_throw_argument_null_exception_when_cache_miss_handler_is_null" computerName="TFSBUILD11" duration="00:00:00.0005211" startTime="2015-09-28T09:44:02.1114608-07:00" endTime="2015-09-28T09:44:02.1114608-07:00" testType="13cdc9d9-ddb5-4fa4-a97d-d965ccfc6d4b" outcome="Passed" testListId="8c84fa94-04c1-424b-9868-57a2d4851a1d" relativeResultsDirectory="fa622f6a-e98d-4f98-a08f-9fa25818dc71" />
    <UnitTestResult executionId="cd518065-925a-43b2-a1d8-3da7c8a16dee" testId="064bf6f9-f4e5-6f6e-b39f-38fa5908d5e3" testName="DeploymentMemoryCacheBase_GetOrAdd_should_get_from_default_region_when_cached_item_exists" computerName="TFSBUILD11" duration="00:00:00.0026911" startTime="2015-09-28T09:44:02.1270849-07:00" endTime="2015-09-28T09:44:02.1270849-07:00" testType="13cdc9d9-ddb5-4fa4-a97d-d965ccfc6d4b" outcome="Passed" testListId="8c84fa94-04c1-424b-9868-57a2d4851a1d" relativeResultsDirectory="cd518065-925a-43b2-a1d8-3da7c8a16dee" />
    <UnitTestResult executionId="f052147b-007a-4336-a7eb-a52d37eae593" testId="27018317-de91-4560-8e24-cce748706ba8" testName="DeploymentMemoryCacheBase_GetOrAdd_should_get_from_cache_miss_handler_and_set_cached_item_in_default_region" computerName="TFSBUILD11" duration="00:00:00.0018218" startTime="2015-09-28T09:44:02.1270849-07:00" endTime="2015-09-28T09:44:02.1270849-07:00" testType="13cdc9d9-ddb5-4fa4-a97d-d965ccfc6d4b" outcome="Passed" testListId="8c84fa94-04c1-424b-9868-57a2d4851a1d" relativeResultsDirectory="f052147b-007a-4336-a7eb-a52d37eae593" />
    <UnitTestResult executionId="f6feef3f-ace7-4b37-aced-c21c569939ee" testId="7edd0449-7c75-38ab-3a27-3c723d484c90" testName="DeploymentMemoryCacheBase_GetOrAdd_should_get_from_named_region_when_cached_item_exists" computerName="TFSBUILD11" duration="00:00:00.0017129" startTime="2015-09-28T09:44:02.1270849-07:00" endTime="2015-09-28T09:44:02.1270849-07:00" testType="13cdc9d9-ddb5-4fa4-a97d-d965ccfc6d4b" outcome="Passed" testListId="8c84fa94-04c1-424b-9868-57a2d4851a1d" relativeResultsDirectory="f6feef3f-ace7-4b37-aced-c21c569939ee" />
    <UnitTestResult executionId="860a0a3d-cb72-4bff-9c3b-47cfa4c56872" testId="63e1caf7-01e3-ee44-6c80-641d604b4331" testName="DeploymentMemoryCacheBase_GetOrAdd_should_get_from_cache_miss_handler_and_set_cached_item_in_named_region" computerName="TFSBUILD11" duration="00:00:00.0017797" startTime="2015-09-28T09:44:02.1270849-07:00" endTime="2015-09-28T09:44:02.1270849-07:00" testType="13cdc9d9-ddb5-4fa4-a97d-d965ccfc6d4b" outcome="Passed" testListId="8c84fa94-04c1-424b-9868-57a2d4851a1d" relativeResultsDirectory="860a0a3d-cb72-4bff-9c3b-47cfa4c56872" />
    <UnitTestResult executionId="0d5dcc2a-0522-4d78-a8b2-e04353a0643d" testId="6faad261-d82c-1db6-5b91-c8d6a49f5001" testName="DeploymentMemoryCacheBase_GetValues_should_throw_argument_null_exception_when_keys_is_null" computerName="TFSBUILD11" duration="00:00:00.0015027" startTime="2015-09-28T09:44:02.1270849-07:00" endTime="2015-09-28T09:44:02.1270849-07:00" testType="13cdc9d9-ddb5-4fa4-a97d-d965ccfc6d4b" outcome="Passed" testListId="8c84fa94-04c1-424b-9868-57a2d4851a1d" relativeResultsDirectory="0d5dcc2a-0522-4d78-a8b2-e04353a0643d" />
    <UnitTestResult executionId="4d40dae9-97b9-40cc-82fa-637a14cc9f1a" testId="0f2270c6-4908-9912-e030-54e939cf51f9" testName="DeploymentMemoryCacheBase_GetValues_should_throw_argument_exception_when_keys_is_empty" computerName="TFSBUILD11" duration="00:00:00.0002764" startTime="2015-09-28T09:44:02.1270849-07:00" endTime="2015-09-28T09:44:02.1270849-07:00" testType="13cdc9d9-ddb5-4fa4-a97d-d965ccfc6d4b" outcome="Passed" testListId="8c84fa94-04c1-424b-9868-57a2d4851a1d" relativeResultsDirectory="4d40dae9-97b9-40cc-82fa-637a14cc9f1a" />
    <UnitTestResult executionId="e11726bd-62e4-41aa-850c-622c0acde0dd" testId="680630ae-86ab-6ace-9843-866c2f382040" testName="DeploymentMemoryCacheBase_GetValues_should_throw_argument_null_exception_when_region_is_null" computerName="TFSBUILD11" duration="00:00:00.0002841" startTime="2015-09-28T09:44:02.1270849-07:00" endTime="2015-09-28T09:44:02.1270849-07:00" testType="13cdc9d9-ddb5-4fa4-a97d-d965ccfc6d4b" outcome="Passed" testListId="8c84fa94-04c1-424b-9868-57a2d4851a1d" relativeResultsDirectory="e11726bd-62e4-41aa-850c-622c0acde0dd" />
    <UnitTestResult executionId="30bd31ef-3b9d-4ed8-9c3b-1930071c0318" testId="75a02011-cfb8-173e-0b34-3e0edf1a794e" testName="DeploymentMemoryCacheBase_GetValues_should_throw_argument_null_exception_when_region_is_empty" computerName="TFSBUILD11" duration="00:00:00.0002807" startTime="2015-09-28T09:44:02.1270849-07:00" endTime="2015-09-28T09:44:02.1270849-07:00" testType="13cdc9d9-ddb5-4fa4-a97d-d965ccfc6d4b" outcome="Passed" testListId="8c84fa94-04c1-424b-9868-57a2d4851a1d" relativeResultsDirectory="30bd31ef-3b9d-4ed8-9c3b-1930071c0318" />
    <UnitTestResult executionId="7d904949-48be-4617-8e3a-ab9937212a3b" testId="649ef29f-bb99-551a-aafa-3e235664e39a" testName="DeploymentMemoryCacheBase_GetValues_should_return_values_from_default_region" computerName="TFSBUILD11" duration="00:00:00.0033058" startTime="2015-09-28T09:44:02.1270849-07:00" endTime="2015-09-28T09:44:02.1427107-07:00" testType="13cdc9d9-ddb5-4fa4-a97d-d965ccfc6d4b" outcome="Passed" testListId="8c84fa94-04c1-424b-9868-57a2d4851a1d" relativeResultsDirectory="7d904949-48be-4617-8e3a-ab9937212a3b" />
    <UnitTestResult executionId="d338e51c-c90c-455c-b0f7-3114ffb07637" testId="1d530f5d-c12a-8e35-8543-f857571ad164" testName="DeploymentMemoryCacheBase_GetValues_should_return_values_from_named_region" computerName="TFSBUILD11" duration="00:00:00.0013183" startTime="2015-09-28T09:44:02.1427107-07:00" endTime="2015-09-28T09:44:02.1427107-07:00" testType="13cdc9d9-ddb5-4fa4-a97d-d965ccfc6d4b" outcome="Passed" testListId="8c84fa94-04c1-424b-9868-57a2d4851a1d" relativeResultsDirectory="d338e51c-c90c-455c-b0f7-3114ffb07637" />
    <UnitTestResult executionId="7ba141fb-da81-4b4f-be9f-f0d1fd25f22f" testId="060031e3-c472-6662-285d-086ff7c7bc54" testName="ClientProvider_Can_Get_Client" computerName="TFSBUILD11" duration="00:00:00.0518763" startTime="2015-09-28T09:44:02.1427107-07:00" endTime="2015-09-28T09:44:02.2364705-07:00" testType="13cdc9d9-ddb5-4fa4-a97d-d965ccfc6d4b" outcome="Passed" testListId="8c84fa94-04c1-424b-9868-57a2d4851a1d" relativeResultsDirectory="7ba141fb-da81-4b4f-be9f-f0d1fd25f22f" />
    <UnitTestResult executionId="ccb04631-e3ab-4161-a976-8394642ce8c8" testId="6ad10f86-2a2f-58c3-8872-ce5cb8e11e1c" testName="ClientProvider_Can_Update_Cache" computerName="TFSBUILD11" duration="00:00:00.0018466" startTime="2015-09-28T09:44:02.2364705-07:00" endTime="2015-09-28T09:44:02.2520963-07:00" testType="13cdc9d9-ddb5-4fa4-a97d-d965ccfc6d4b" outcome="Passed" testListId="8c84fa94-04c1-424b-9868-57a2d4851a1d" relativeResultsDirectory="ccb04631-e3ab-4161-a976-8394642ce8c8" />
    <UnitTestResult executionId="13670c03-7bb7-434f-bf8c-31c99ba7a4d5" testId="f94334ce-07e5-cce2-52f8-e4c1bed6e0f6" testName="Should_be_true_when_execution_environment_is_not_hosted" computerName="TFSBUILD11" duration="00:00:00.0022252" startTime="2015-09-28T09:44:02.2520963-07:00" endTime="2015-09-28T09:44:02.3614760-07:00" testType="13cdc9d9-ddb5-4fa4-a97d-d965ccfc6d4b" outcome="Passed" testListId="8c84fa94-04c1-424b-9868-57a2d4851a1d" relativeResultsDirectory="13670c03-7bb7-434f-bf8c-31c99ba7a4d5" />
    <UnitTestResult executionId="c0e80d7c-e8ca-49d8-9541-f2527bf76aa2" testId="a36f82e9-5ef0-b65e-5088-d83c9505b3aa" testName="Should_be_true_when_current_request_has_no_user_context" computerName="TFSBUILD11" duration="00:00:00.0002835" startTime="2015-09-28T09:44:02.3614760-07:00" endTime="2015-09-28T09:44:02.3614760-07:00" testType="13cdc9d9-ddb5-4fa4-a97d-d965ccfc6d4b" outcome="Passed" testListId="8c84fa94-04c1-424b-9868-57a2d4851a1d" relativeResultsDirectory="c0e80d7c-e8ca-49d8-9541-f2527bf76aa2" />
    <UnitTestResult executionId="09ad255f-1678-4303-a203-9b742c6b84c0" testId="262a6451-a8e4-9b98-c5b8-2ee4446f8c7e" testName="Should_be_true_when_request_authentication_validation_feature_is_not_enabled" computerName="TFSBUILD11" duration="00:00:00.0073104" startTime="2015-09-28T09:44:02.3614760-07:00" endTime="2015-09-28T09:44:02.3927288-07:00" testType="13cdc9d9-ddb5-4fa4-a97d-d965ccfc6d4b" outcome="Passed" testListId="8c84fa94-04c1-424b-9868-57a2d4851a1d" relativeResultsDirectory="09ad255f-1678-4303-a203-9b742c6b84c0" />
    <UnitTestResult executionId="eacba608-6699-4817-9f08-2c378429d711" testId="14adc01f-2e14-879b-be71-9ee54c9f287e" testName="Should_be_true_when_request_restriction_label_is_signout" computerName="TFSBUILD11" duration="00:00:00.0018929" startTime="2015-09-28T09:44:02.3927288-07:00" endTime="2015-09-28T09:44:02.4083554-07:00" testType="13cdc9d9-ddb5-4fa4-a97d-d965ccfc6d4b" outcome="Passed" testListId="8c84fa94-04c1-424b-9868-57a2d4851a1d" relativeResultsDirectory="eacba608-6699-4817-9f08-2c378429d711" />
    <UnitTestResult executionId="3a7c7278-a4f3-4e78-9e98-7aad4d515867" testId="04f1f8d6-820b-fd5e-f95e-d6d6793f782f" testName="Should_be_true_when_current_request_uri_contains_forceSignout_flag_with_value_true" computerName="TFSBUILD11" duration="00:00:00.0031934" startTime="2015-09-28T09:44:02.4083554-07:00" endTime="2015-09-28T09:44:02.4239804-07:00" testType="13cdc9d9-ddb5-4fa4-a97d-d965ccfc6d4b" outcome="Passed" testListId="8c84fa94-04c1-424b-9868-57a2d4851a1d" relativeResultsDirectory="3a7c7278-a4f3-4e78-9e98-7aad4d515867" />
    <UnitTestResult executionId="8c30eda7-a2b1-4ca6-9514-d8a12db5b26f" testId="51cca666-4e23-8f0c-6569-f9e503d2441f" testName="Should_be_false_when_validator_returns_false_for_request_validation" computerName="TFSBUILD11" duration="00:00:00.0444486" startTime="2015-09-28T09:44:02.4239804-07:00" endTime="2015-09-28T09:44:02.4864863-07:00" testType="13cdc9d9-ddb5-4fa4-a97d-d965ccfc6d4b" outcome="Passed" testListId="8c84fa94-04c1-424b-9868-57a2d4851a1d" relativeResultsDirectory="8c30eda7-a2b1-4ca6-9514-d8a12db5b26f" />
    <UnitTestResult executionId="42c4e714-01bc-4c14-a5a7-069aaca35f9a" testId="910d54c9-4765-59ab-7a6c-3e02ba9ccc88" testName="Should_completes_invalid_request_only_on_first_failed_validator_result" computerName="TFSBUILD11" duration="00:00:00.0120459" startTime="2015-09-28T09:44:02.4864863-07:00" endTime="2015-09-28T09:44:02.5177379-07:00" testType="13cdc9d9-ddb5-4fa4-a97d-d965ccfc6d4b" outcome="Passed" testListId="8c84fa94-04c1-424b-9868-57a2d4851a1d" relativeResultsDirectory="42c4e714-01bc-4c14-a5a7-069aaca35f9a" />
    <UnitTestResult executionId="b6eedc72-615e-4870-a1bc-0e8bf2726496" testId="0773269f-1356-40f5-7b15-55cd2be91994" testName="Should_return_null_when_no_credential_is_set_in_http_context" computerName="TFSBUILD11" duration="00:00:00.0026751" startTime="2015-09-28T09:44:02.5177379-07:00" endTime="2015-09-28T09:44:02.5333646-07:00" testType="13cdc9d9-ddb5-4fa4-a97d-d965ccfc6d4b" outcome="Passed" testListId="8c84fa94-04c1-424b-9868-57a2d4851a1d" relativeResultsDirectory="b6eedc72-615e-4870-a1bc-0e8bf2726496" />
    <UnitTestResult executionId="f3cdfb3c-b9c5-4a96-b80a-96f562032f4a" testId="32f1fe0d-792c-1eef-5e3e-9610f2ed3b6a" testName="Should_return_credential_previously_set" computerName="TFSBUILD11" duration="00:00:00.0012529" startTime="2015-09-28T09:44:02.5333646-07:00" endTime="2015-09-28T09:44:02.5333646-07:00" testType="13cdc9d9-ddb5-4fa4-a97d-d965ccfc6d4b" outcome="Passed" testListId="8c84fa94-04c1-424b-9868-57a2d4851a1d" relativeResultsDirectory="f3cdfb3c-b9c5-4a96-b80a-96f562032f4a" />
    <UnitTestResult executionId="72ea1c21-46d0-4d7a-8f9a-8ca0f9bab272" testId="bc5eda87-f044-106f-ad1c-38827b757df5" testName="TokenValidator_should_return_valid_with_valid_token" computerName="TFSBUILD11" duration="00:00:00.0013849" startTime="2015-09-28T09:44:02.5333646-07:00" endTime="2015-09-28T09:44:02.5333646-07:00" testType="13cdc9d9-ddb5-4fa4-a97d-d965ccfc6d4b" outcome="Passed" testListId="8c84fa94-04c1-424b-9868-57a2d4851a1d" relativeResultsDirectory="72ea1c21-46d0-4d7a-8f9a-8ca0f9bab272" />
    <UnitTestResult executionId="9ec3ea6b-cc08-4a23-89ac-96780d4ae438" testId="47b0e82d-792e-2f65-7754-68800b22e9f4" testName="TokenValidator_should_return_invalid_with_invalid_token" computerName="TFSBUILD11" duration="00:00:00.0004488" startTime="2015-09-28T09:44:02.5333646-07:00" endTime="2015-09-28T09:44:02.5333646-07:00" testType="13cdc9d9-ddb5-4fa4-a97d-d965ccfc6d4b" outcome="Passed" testListId="8c84fa94-04c1-424b-9868-57a2d4851a1d" relativeResultsDirectory="9ec3ea6b-cc08-4a23-89ac-96780d4ae438" />
  </Results>
  <TestDefinitions>
    <UnitTest name="SortedDirectoryObjectCollectorTest" storage="d:\v2.0\a1\_work\dbded102\bin\release.anycpu\vssf.sdk\ms.tf.framework.server.l0.tests\ms.tf.framework.server.l0.tests.dll" id="695aeef4-8f66-444b-8461-8aa74ae0c67b">
      <Owners>
        <Owner name="wigoo" />
      </Owners>
      <Execution id="f7c10f0a-e182-404f-8c2d-97150d9abedd" />
      <TestMethod codeBase="D:\v2.0\A1\_work\dbded102\bin\Release.AnyCPU\Vssf.Sdk\MS.TF.Framework.Server.L0.Tests\MS.TF.Framework.Server.L0.Tests.dll" adapterTypeName="Microsoft.VisualStudio.TestTools.TestTypes.Unit.UnitTestAdapter" className="Microsoft.VisualStudio.Services.Directories.DiscoveryService.SortedDirectoryObjectCollectorTests" name="SortedDirectoryObjectCollectorTest" />
    </UnitTest>
    <UnitTest name="IsServiceIdentity_ReturnsFalse_WhenNullIsPassed" storage="d:\v2.0\a1\_work\dbded102\bin\release.anycpu\vssf.sdk\ms.tf.framework.server.l0.tests\ms.tf.framework.server.l0.tests.dll" id="6e8d441c-20cd-f2a4-8ba0-1e2e68de9db1">
      <Execution id="f672b2de-55d0-45f1-8813-78943432ad7b" />
      <TestMethod codeBase="D:\v2.0\A1\_work\dbded102\bin\Release.AnyCPU\Vssf.Sdk\MS.TF.Framework.Server.L0.Tests\MS.TF.Framework.Server.L0.Tests.dll" adapterTypeName="Microsoft.VisualStudio.TestTools.TestTypes.Unit.UnitTestAdapter" className="MS.VS.Services.Identity.L0.Tests.IdentityHelperTests" name="IsServiceIdentity_ReturnsFalse_WhenNullIsPassed" />
    </UnitTest>
    <UnitTest name="IsServiceIdentity_ReturnsFalse_ForVariousUserIdentities" storage="d:\v2.0\a1\_work\dbded102\bin\release.anycpu\vssf.sdk\ms.tf.framework.server.l0.tests\ms.tf.framework.server.l0.tests.dll" id="2756e1de-0009-fae6-cffc-e18cf92b49e6">
      <Execution id="627cf08d-82a8-4803-8a54-55fb9c9525f6" />
      <TestMethod codeBase="D:\v2.0\A1\_work\dbded102\bin\Release.AnyCPU\Vssf.Sdk\MS.TF.Framework.Server.L0.Tests\MS.TF.Framework.Server.L0.Tests.dll" adapterTypeName="Microsoft.VisualStudio.TestTools.TestTypes.Unit.UnitTestAdapter" className="MS.VS.Services.Identity.L0.Tests.IdentityHelperTests" name="IsServiceIdentity_ReturnsFalse_ForVariousUserIdentities" />
    </UnitTest>
    <UnitTest name="IsServiceIdentity_ReturnsFalse_ForVariousGroupIdentities" storage="d:\v2.0\a1\_work\dbded102\bin\release.anycpu\vssf.sdk\ms.tf.framework.server.l0.tests\ms.tf.framework.server.l0.tests.dll" id="41b288a2-b524-9f33-013e-f6ea2147656c">
      <Execution id="e9777328-28f8-40ec-a434-429dedf166c9" />
      <TestMethod codeBase="D:\v2.0\A1\_work\dbded102\bin\Release.AnyCPU\Vssf.Sdk\MS.TF.Framework.Server.L0.Tests\MS.TF.Framework.Server.L0.Tests.dll" adapterTypeName="Microsoft.VisualStudio.TestTools.TestTypes.Unit.UnitTestAdapter" className="MS.VS.Services.Identity.L0.Tests.IdentityHelperTests" name="IsServiceIdentity_ReturnsFalse_ForVariousGroupIdentities" />
    </UnitTest>
    <UnitTest name="IsServiceIdentity_ReturnsTrue_ForOAuthS2SIdentities" storage="d:\v2.0\a1\_work\dbded102\bin\release.anycpu\vssf.sdk\ms.tf.framework.server.l0.tests\ms.tf.framework.server.l0.tests.dll" id="699ad56d-f127-2d45-b2f5-8719adb6994f">
      <Execution id="3b800413-e310-46f4-8417-e51a253bd9a6" />
      <TestMethod codeBase="D:\v2.0\A1\_work\dbded102\bin\Release.AnyCPU\Vssf.Sdk\MS.TF.Framework.Server.L0.Tests\MS.TF.Framework.Server.L0.Tests.dll" adapterTypeName="Microsoft.VisualStudio.TestTools.TestTypes.Unit.UnitTestAdapter" className="MS.VS.Services.Identity.L0.Tests.IdentityHelperTests" name="IsServiceIdentity_ReturnsTrue_ForOAuthS2SIdentities" />
    </UnitTest>
    <UnitTest name="IsServiceIdentity_ReturnsTrue_ForOAuthS2SIdentities_WhereOnlyDescriptorFormatMatches" storage="d:\v2.0\a1\_work\dbded102\bin\release.anycpu\vssf.sdk\ms.tf.framework.server.l0.tests\ms.tf.framework.server.l0.tests.dll" id="275d2093-182d-328d-71af-5ab4a796461a">
      <Execution id="348ded16-ac25-448a-a6de-b78df7337e41" />
      <TestMethod codeBase="D:\v2.0\A1\_work\dbded102\bin\Release.AnyCPU\Vssf.Sdk\MS.TF.Framework.Server.L0.Tests\MS.TF.Framework.Server.L0.Tests.dll" adapterTypeName="Microsoft.VisualStudio.TestTools.TestTypes.Unit.UnitTestAdapter" className="MS.VS.Services.Identity.L0.Tests.IdentityHelperTests" name="IsServiceIdentity_ReturnsTrue_ForOAuthS2SIdentities_WhereOnlyDescriptorFormatMatches" />
    </UnitTest>
    <UnitTest name="IsServiceIdentity_ReturnsTrue_ForACSS2SIdentities" storage="d:\v2.0\a1\_work\dbded102\bin\release.anycpu\vssf.sdk\ms.tf.framework.server.l0.tests\ms.tf.framework.server.l0.tests.dll" id="6b7f9811-305e-3dfd-7350-7302018f23b8">
      <Execution id="25603768-b932-4af4-aa5d-43ab3b2b46e3" />
      <TestMethod codeBase="D:\v2.0\A1\_work\dbded102\bin\Release.AnyCPU\Vssf.Sdk\MS.TF.Framework.Server.L0.Tests\MS.TF.Framework.Server.L0.Tests.dll" adapterTypeName="Microsoft.VisualStudio.TestTools.TestTypes.Unit.UnitTestAdapter" className="MS.VS.Services.Identity.L0.Tests.IdentityHelperTests" name="IsServiceIdentity_ReturnsTrue_ForACSS2SIdentities" />
    </UnitTest>
    <UnitTest name="IsServiceIdentity_ReturnsTrue_ForS2SIdentities" storage="d:\v2.0\a1\_work\dbded102\bin\release.anycpu\vssf.sdk\ms.tf.framework.server.l0.tests\ms.tf.framework.server.l0.tests.dll" id="d0c18b7f-97ef-adb5-7d93-c466a2f8571f">
      <Execution id="9721933d-08a2-430c-91a5-01f23945dc57" />
      <TestMethod codeBase="D:\v2.0\A1\_work\dbded102\bin\Release.AnyCPU\Vssf.Sdk\MS.TF.Framework.Server.L0.Tests\MS.TF.Framework.Server.L0.Tests.dll" adapterTypeName="Microsoft.VisualStudio.TestTools.TestTypes.Unit.UnitTestAdapter" className="MS.VS.Services.Identity.L0.Tests.IdentityHelperTests" name="IsServiceIdentity_ReturnsTrue_ForS2SIdentities" />
    </UnitTest>
    <UnitTest name="IsServiceIdentity_ChecksGroupMemberships_ForNonDeploymentRequests" storage="d:\v2.0\a1\_work\dbded102\bin\release.anycpu\vssf.sdk\ms.tf.framework.server.l0.tests\ms.tf.framework.server.l0.tests.dll" id="4f68f7e5-53eb-7bac-ad7d-bf85609e18b3">
      <Execution id="07e1e383-2bd5-4286-b803-ba4c82dcaa90" />
      <TestMethod codeBase="D:\v2.0\A1\_work\dbded102\bin\Release.AnyCPU\Vssf.Sdk\MS.TF.Framework.Server.L0.Tests\MS.TF.Framework.Server.L0.Tests.dll" adapterTypeName="Microsoft.VisualStudio.TestTools.TestTypes.Unit.UnitTestAdapter" className="MS.VS.Services.Identity.L0.Tests.IdentityHelperTests" name="IsServiceIdentity_ChecksGroupMemberships_ForNonDeploymentRequests" />
    </UnitTest>
    <UnitTest name="IsServiceIdentity_DoesNotChecksGroupMemberships_ForDeploymentRequests" storage="d:\v2.0\a1\_work\dbded102\bin\release.anycpu\vssf.sdk\ms.tf.framework.server.l0.tests\ms.tf.framework.server.l0.tests.dll" id="dc71c986-a689-5c1f-d61c-202b4652a39e">
      <Execution id="703a7630-3954-4d96-a547-f112b6989493" />
      <TestMethod codeBase="D:\v2.0\A1\_work\dbded102\bin\Release.AnyCPU\Vssf.Sdk\MS.TF.Framework.Server.L0.Tests\MS.TF.Framework.Server.L0.Tests.dll" adapterTypeName="Microsoft.VisualStudio.TestTools.TestTypes.Unit.UnitTestAdapter" className="MS.VS.Services.Identity.L0.Tests.IdentityHelperTests" name="IsServiceIdentity_DoesNotChecksGroupMemberships_ForDeploymentRequests" />
    </UnitTest>
    <UnitTest name="Install_CreatesScope_CreatesGroups_AndCreatesGroupMemberships_OnDeploymentHost" storage="d:\v2.0\a1\_work\dbded102\bin\release.anycpu\vssf.sdk\ms.tf.framework.server.l0.tests\ms.tf.framework.server.l0.tests.dll" id="a53c571e-8adf-6882-669d-d0d9d99cd4bb">
      <Owners>
        <Owner name="vscsauthztest" />
      </Owners>
      <Execution id="53f2bc13-3719-494d-841e-510298535f25" />
      <TestMethod codeBase="D:\v2.0\A1\_work\dbded102\bin\Release.AnyCPU\Vssf.Sdk\MS.TF.Framework.Server.L0.Tests\MS.TF.Framework.Server.L0.Tests.dll" adapterTypeName="Microsoft.VisualStudio.TestTools.TestTypes.Unit.UnitTestAdapter" className="MS.VS.Services.Identity.L0.Tests.FrameworkIdentityServiceInstallTests" name="Install_CreatesScope_CreatesGroups_AndCreatesGroupMemberships_OnDeploymentHost" />
    </UnitTest>
    <UnitTest name="Install_Fails_WhenCreateScopeFails_WithUnexpectedException" storage="d:\v2.0\a1\_work\dbded102\bin\release.anycpu\vssf.sdk\ms.tf.framework.server.l0.tests\ms.tf.framework.server.l0.tests.dll" id="91746a2e-e972-776d-128e-6cdbfa5bae45">
      <Owners>
        <Owner name="vscsauthztest" />
      </Owners>
      <Execution id="69f7819d-4000-44fe-a76d-5e4a9cef8c8d" />
      <TestMethod codeBase="D:\v2.0\A1\_work\dbded102\bin\Release.AnyCPU\Vssf.Sdk\MS.TF.Framework.Server.L0.Tests\MS.TF.Framework.Server.L0.Tests.dll" adapterTypeName="Microsoft.VisualStudio.TestTools.TestTypes.Unit.UnitTestAdapter" className="MS.VS.Services.Identity.L0.Tests.FrameworkIdentityServiceInstallTests" name="Install_Fails_WhenCreateScopeFails_WithUnexpectedException" />
    </UnitTest>
    <UnitTest name="Install_DoesNotFail_WhenCreateScope_ThrowsGroupScopeCreationException" storage="d:\v2.0\a1\_work\dbded102\bin\release.anycpu\vssf.sdk\ms.tf.framework.server.l0.tests\ms.tf.framework.server.l0.tests.dll" id="9ed57a3f-964e-57fd-7e5a-c4e94320acbc">
      <Owners>
        <Owner name="vscsauthztest" />
      </Owners>
      <Execution id="03370b41-4a07-44d4-b009-4ac61aa5fa84" />
      <TestMethod codeBase="D:\v2.0\A1\_work\dbded102\bin\Release.AnyCPU\Vssf.Sdk\MS.TF.Framework.Server.L0.Tests\MS.TF.Framework.Server.L0.Tests.dll" adapterTypeName="Microsoft.VisualStudio.TestTools.TestTypes.Unit.UnitTestAdapter" className="MS.VS.Services.Identity.L0.Tests.FrameworkIdentityServiceInstallTests" name="Install_DoesNotFail_WhenCreateScope_ThrowsGroupScopeCreationException" />
    </UnitTest>
    <UnitTest name="Install_DoesANoOp_WhenS2SIsEnabled_AndNonTfsServicePrincipalIsCalling" storage="d:\v2.0\a1\_work\dbded102\bin\release.anycpu\vssf.sdk\ms.tf.framework.server.l0.tests\ms.tf.framework.server.l0.tests.dll" id="713662f9-059e-29dd-5360-d0d74e6ba4cc">
      <Owners>
        <Owner name="vscsauthztest" />
      </Owners>
      <Execution id="3ca66db9-30a5-4eb8-9dfb-7ae6ac0129b6" />
      <TestMethod codeBase="D:\v2.0\A1\_work\dbded102\bin\Release.AnyCPU\Vssf.Sdk\MS.TF.Framework.Server.L0.Tests\MS.TF.Framework.Server.L0.Tests.dll" adapterTypeName="Microsoft.VisualStudio.TestTools.TestTypes.Unit.UnitTestAdapter" className="MS.VS.Services.Identity.L0.Tests.FrameworkIdentityServiceInstallTests" name="Install_DoesANoOp_WhenS2SIsEnabled_AndNonTfsServicePrincipalIsCalling" />
    </UnitTest>
    <UnitTest name="Install_DoesANoOp_OnApplicationHost" storage="d:\v2.0\a1\_work\dbded102\bin\release.anycpu\vssf.sdk\ms.tf.framework.server.l0.tests\ms.tf.framework.server.l0.tests.dll" id="0025fda4-4af6-8b9f-7876-977dc09f3d41">
      <Owners>
        <Owner name="vscsauthztest" />
      </Owners>
      <Execution id="e679c1be-d1b3-4dae-93a6-779a3404c865" />
      <TestMethod codeBase="D:\v2.0\A1\_work\dbded102\bin\Release.AnyCPU\Vssf.Sdk\MS.TF.Framework.Server.L0.Tests\MS.TF.Framework.Server.L0.Tests.dll" adapterTypeName="Microsoft.VisualStudio.TestTools.TestTypes.Unit.UnitTestAdapter" className="MS.VS.Services.Identity.L0.Tests.FrameworkIdentityServiceInstallTests" name="Install_DoesANoOp_OnApplicationHost" />
    </UnitTest>
    <UnitTest name="CacheRefreshes_OnInitialCacheRead" storage="d:\v2.0\a1\_work\dbded102\bin\release.anycpu\vssf.sdk\ms.tf.framework.server.l0.tests\ms.tf.framework.server.l0.tests.dll" priority="1" id="d2b66c5a-ffbe-1a8a-d90f-5eb68385e5e2">
      <Owners>
        <Owner name="paveli" />
      </Owners>
      <Execution id="b8491998-d4ef-4939-a862-c05c2b6329c3" />
      <TestMethod codeBase="D:\v2.0\A1\_work\dbded102\bin\Release.AnyCPU\Vssf.Sdk\MS.TF.Framework.Server.L0.Tests\MS.TF.Framework.Server.L0.Tests.dll" adapterTypeName="Microsoft.VisualStudio.TestTools.TestTypes.Unit.UnitTestAdapter" className="MS.VS.Services.Cloud.L0.Tests.VssRefreshCacheTests" name="CacheRefreshes_OnInitialCacheRead" />
    </UnitTest>
    <UnitTest name="CacheDoesNotRefresh_WhenRefreshInvervalHasNotElapsed" storage="d:\v2.0\a1\_work\dbded102\bin\release.anycpu\vssf.sdk\ms.tf.framework.server.l0.tests\ms.tf.framework.server.l0.tests.dll" priority="1" id="bcfc06a5-63d8-856f-a026-29cbd3acd742">
      <Owners>
        <Owner name="paveli" />
      </Owners>
      <Execution id="cfe2fc92-146c-4b6e-a0f3-63825d37c6a5" />
      <TestMethod codeBase="D:\v2.0\A1\_work\dbded102\bin\Release.AnyCPU\Vssf.Sdk\MS.TF.Framework.Server.L0.Tests\MS.TF.Framework.Server.L0.Tests.dll" adapterTypeName="Microsoft.VisualStudio.TestTools.TestTypes.Unit.UnitTestAdapter" className="MS.VS.Services.Cloud.L0.Tests.VssRefreshCacheTests" name="CacheDoesNotRefresh_WhenRefreshInvervalHasNotElapsed" />
    </UnitTest>
    <UnitTest name="CacheRefreshes_WhenRefreshInvervalHasElapsed" storage="d:\v2.0\a1\_work\dbded102\bin\release.anycpu\vssf.sdk\ms.tf.framework.server.l0.tests\ms.tf.framework.server.l0.tests.dll" priority="1" id="5960eceb-dc9a-b2db-a503-7fcfe769ba34">
      <Owners>
        <Owner name="paveli" />
      </Owners>
      <Execution id="3e39a097-f79b-4dbe-a454-287b4f518665" />
      <TestMethod codeBase="D:\v2.0\A1\_work\dbded102\bin\Release.AnyCPU\Vssf.Sdk\MS.TF.Framework.Server.L0.Tests\MS.TF.Framework.Server.L0.Tests.dll" adapterTypeName="Microsoft.VisualStudio.TestTools.TestTypes.Unit.UnitTestAdapter" className="MS.VS.Services.Cloud.L0.Tests.VssRefreshCacheTests" name="CacheRefreshes_WhenRefreshInvervalHasElapsed" />
    </UnitTest>
    <UnitTest name="CacheDoesNotRefresh_WhenTwoThreadsAccessSimultaneously" storage="d:\v2.0\a1\_work\dbded102\bin\release.anycpu\vssf.sdk\ms.tf.framework.server.l0.tests\ms.tf.framework.server.l0.tests.dll" priority="1" id="597d2ba0-c5e6-2ef0-5570-ee17cc6b822a">
      <Owners>
        <Owner name="paveli" />
      </Owners>
      <Execution id="2c235bcc-1b39-40ac-b144-b0e98a91ec40" />
      <TestMethod codeBase="D:\v2.0\A1\_work\dbded102\bin\Release.AnyCPU\Vssf.Sdk\MS.TF.Framework.Server.L0.Tests\MS.TF.Framework.Server.L0.Tests.dll" adapterTypeName="Microsoft.VisualStudio.TestTools.TestTypes.Unit.UnitTestAdapter" className="MS.VS.Services.Cloud.L0.Tests.VssRefreshCacheTests" name="CacheDoesNotRefresh_WhenTwoThreadsAccessSimultaneously" />
    </UnitTest>
    <UnitTest name="CacheRefreshes_IfExceptionWasThrownFromRefreshFunction" storage="d:\v2.0\a1\_work\dbded102\bin\release.anycpu\vssf.sdk\ms.tf.framework.server.l0.tests\ms.tf.framework.server.l0.tests.dll" priority="1" id="d8eef073-a474-b456-d2ca-788d7b37b828">
      <Owners>
        <Owner name="paveli" />
      </Owners>
      <Execution id="05cb7040-5166-4099-b366-ea79bdefc0ad" />
      <TestMethod codeBase="D:\v2.0\A1\_work\dbded102\bin\Release.AnyCPU\Vssf.Sdk\MS.TF.Framework.Server.L0.Tests\MS.TF.Framework.Server.L0.Tests.dll" adapterTypeName="Microsoft.VisualStudio.TestTools.TestTypes.Unit.UnitTestAdapter" className="MS.VS.Services.Cloud.L0.Tests.VssRefreshCacheTests" name="CacheRefreshes_IfExceptionWasThrownFromRefreshFunction" />
    </UnitTest>
    <UnitTest name="CacheRefreshes_IfRefreshFunctionIsSlow" storage="d:\v2.0\a1\_work\dbded102\bin\release.anycpu\vssf.sdk\ms.tf.framework.server.l0.tests\ms.tf.framework.server.l0.tests.dll" priority="1" id="b7ab7bdc-0b0e-f608-159c-4c2af69633e1">
      <Owners>
        <Owner name="paveli" />
      </Owners>
      <Execution id="8713ec70-58b8-474e-bedc-8ad812f7a318" />
      <TestMethod codeBase="D:\v2.0\A1\_work\dbded102\bin\Release.AnyCPU\Vssf.Sdk\MS.TF.Framework.Server.L0.Tests\MS.TF.Framework.Server.L0.Tests.dll" adapterTypeName="Microsoft.VisualStudio.TestTools.TestTypes.Unit.UnitTestAdapter" className="MS.VS.Services.Cloud.L0.Tests.VssRefreshCacheTests" name="CacheRefreshes_IfRefreshFunctionIsSlow" />
    </UnitTest>
    <UnitTest name="QueryPermissions_Returns_PreliminaryAcls_OnNewToken" storage="d:\v2.0\a1\_work\dbded102\bin\release.anycpu\vssf.sdk\ms.tf.framework.server.l0.tests\ms.tf.framework.server.l0.tests.dll" id="79a1da82-d0d3-a3a2-1d31-7c942ed88bbd">
      <Execution id="8416c392-7ef2-4ee2-84bd-2027a97212e8" />
      <TestMethod codeBase="D:\v2.0\A1\_work\dbded102\bin\Release.AnyCPU\Vssf.Sdk\MS.TF.Framework.Server.L0.Tests\MS.TF.Framework.Server.L0.Tests.dll" adapterTypeName="Microsoft.VisualStudio.TestTools.TestTypes.Unit.UnitTestAdapter" className="MS.TF.Framework.Server.L0.Tests.IdentitySecurityNamespaceExtensionTests" name="QueryPermissions_Returns_PreliminaryAcls_OnNewToken" />
    </UnitTest>
    <UnitTest name="TaskCompare_Method_Target" storage="d:\v2.0\a1\_work\dbded102\bin\release.anycpu\vssf.sdk\ms.tf.framework.server.l0.tests\ms.tf.framework.server.l0.tests.dll" id="aaa8ab73-4d52-8511-fd45-478ac0a58316">
      <Execution id="512855f3-1ce9-4fc5-9d1f-42b694818210" />
      <TestMethod codeBase="D:\v2.0\A1\_work\dbded102\bin\Release.AnyCPU\Vssf.Sdk\MS.TF.Framework.Server.L0.Tests\MS.TF.Framework.Server.L0.Tests.dll" adapterTypeName="Microsoft.VisualStudio.TestTools.TestTypes.Unit.UnitTestAdapter" className="MS.TF.Framework.Server.L0.Tests.TaskService.TaskTests" name="TaskCompare_Method_Target" />
    </UnitTest>
    <UnitTest name="TaskCompare_Method_Target_Args" storage="d:\v2.0\a1\_work\dbded102\bin\release.anycpu\vssf.sdk\ms.tf.framework.server.l0.tests\ms.tf.framework.server.l0.tests.dll" id="9434059a-46aa-887e-4398-69c0e2cde615">
      <Execution id="544e37f7-8b06-4146-b5e5-dfd5f8f0325d" />
      <TestMethod codeBase="D:\v2.0\A1\_work\dbded102\bin\Release.AnyCPU\Vssf.Sdk\MS.TF.Framework.Server.L0.Tests\MS.TF.Framework.Server.L0.Tests.dll" adapterTypeName="Microsoft.VisualStudio.TestTools.TestTypes.Unit.UnitTestAdapter" className="MS.TF.Framework.Server.L0.Tests.TaskService.TaskTests" name="TaskCompare_Method_Target_Args" />
    </UnitTest>
    <UnitTest name="LocationStepPerformer_AddLocationData" storage="d:\v2.0\a1\_work\dbded102\bin\release.anycpu\vssf.sdk\ms.tf.framework.server.l0.tests\ms.tf.framework.server.l0.tests.dll" id="d752db22-c09b-083e-cdad-775c370945f2">
      <Owners>
        <Owner name="tfscat" />
      </Owners>
      <Execution id="50d90afa-f8d6-4fc2-a246-e486511777ee" />
      <TestMethod codeBase="D:\v2.0\A1\_work\dbded102\bin\Release.AnyCPU\Vssf.Sdk\MS.TF.Framework.Server.L0.Tests\MS.TF.Framework.Server.L0.Tests.dll" adapterTypeName="Microsoft.VisualStudio.TestTools.TestTypes.Unit.UnitTestAdapter" className="MS.TF.Framework.Server.L0.Tests.Servicing.LocationStepPerformerTests" name="LocationStepPerformer_AddLocationData" />
    </UnitTest>
    <UnitTest name="LocationStepPerformer_RemoveLocationData" storage="d:\v2.0\a1\_work\dbded102\bin\release.anycpu\vssf.sdk\ms.tf.framework.server.l0.tests\ms.tf.framework.server.l0.tests.dll" id="21aac58f-c375-65fe-a5ea-7c2b43d40796">
      <Owners>
        <Owner name="tfscat" />
      </Owners>
      <Execution id="9f88e723-39c7-4aad-a807-78097ef831c6" />
      <TestMethod codeBase="D:\v2.0\A1\_work\dbded102\bin\Release.AnyCPU\Vssf.Sdk\MS.TF.Framework.Server.L0.Tests\MS.TF.Framework.Server.L0.Tests.dll" adapterTypeName="Microsoft.VisualStudio.TestTools.TestTypes.Unit.UnitTestAdapter" className="MS.TF.Framework.Server.L0.Tests.Servicing.LocationStepPerformerTests" name="LocationStepPerformer_RemoveLocationData" />
    </UnitTest>
    <UnitTest name="VssServicingMessageHandler_ValidateHeader" storage="d:\v2.0\a1\_work\dbded102\bin\release.anycpu\vssf.sdk\ms.tf.framework.server.l0.tests\ms.tf.framework.server.l0.tests.dll" id="2d5f5a5c-eeba-2f84-2780-227a752112a4">
      <Execution id="84d52394-63f4-46e5-937c-23c9e09377a8" />
      <TestMethod codeBase="D:\v2.0\A1\_work\dbded102\bin\Release.AnyCPU\Vssf.Sdk\MS.TF.Framework.Server.L0.Tests\MS.TF.Framework.Server.L0.Tests.dll" adapterTypeName="Microsoft.VisualStudio.TestTools.TestTypes.Unit.UnitTestAdapter" className="MS.TF.Framework.Server.L0.Tests.Servicing.VssPriorityHandlerTests" name="VssServicingMessageHandler_ValidateHeader" />
    </UnitTest>
    <UnitTest name="VssServicingMessageHandler_ValidateLowPriority" storage="d:\v2.0\a1\_work\dbded102\bin\release.anycpu\vssf.sdk\ms.tf.framework.server.l0.tests\ms.tf.framework.server.l0.tests.dll" id="8c4b3cfc-191a-5690-2980-c5b491f219d4">
      <Execution id="37e16783-51e6-4841-8e0e-bcc806bd8a4a" />
      <TestMethod codeBase="D:\v2.0\A1\_work\dbded102\bin\Release.AnyCPU\Vssf.Sdk\MS.TF.Framework.Server.L0.Tests\MS.TF.Framework.Server.L0.Tests.dll" adapterTypeName="Microsoft.VisualStudio.TestTools.TestTypes.Unit.UnitTestAdapter" className="MS.TF.Framework.Server.L0.Tests.Servicing.VssPriorityHandlerTests" name="VssServicingMessageHandler_ValidateLowPriority" />
    </UnitTest>
    <UnitTest name="StrongBoxStepPerformer_AddArray" storage="d:\v2.0\a1\_work\dbded102\bin\release.anycpu\vssf.sdk\ms.tf.framework.server.l0.tests\ms.tf.framework.server.l0.tests.dll" id="37f4e5db-b0ca-12f7-cfe8-c1db6047c98a">
      <Owners>
        <Owner name="justinpi" />
      </Owners>
      <Execution id="a2c50c2c-c5cf-4621-95ff-2446da324371" />
      <TestMethod codeBase="D:\v2.0\A1\_work\dbded102\bin\Release.AnyCPU\Vssf.Sdk\MS.TF.Framework.Server.L0.Tests\MS.TF.Framework.Server.L0.Tests.dll" adapterTypeName="Microsoft.VisualStudio.TestTools.TestTypes.Unit.UnitTestAdapter" className="MS.TF.Framework.Server.L0.Tests.Servicing.StrongBoxStepPerformerTests" name="StrongBoxStepPerformer_AddArray" />
    </UnitTest>
    <UnitTest name="StrongBoxStepPerformer_AddSingle" storage="d:\v2.0\a1\_work\dbded102\bin\release.anycpu\vssf.sdk\ms.tf.framework.server.l0.tests\ms.tf.framework.server.l0.tests.dll" id="98b8771c-2e8e-1aab-8925-8cc4dead5f5e">
      <Owners>
        <Owner name="justinpi" />
      </Owners>
      <Execution id="4e07ff64-9daa-48f0-aa66-a1e1acfe2c2b" />
      <TestMethod codeBase="D:\v2.0\A1\_work\dbded102\bin\Release.AnyCPU\Vssf.Sdk\MS.TF.Framework.Server.L0.Tests\MS.TF.Framework.Server.L0.Tests.dll" adapterTypeName="Microsoft.VisualStudio.TestTools.TestTypes.Unit.UnitTestAdapter" className="MS.TF.Framework.Server.L0.Tests.Servicing.StrongBoxStepPerformerTests" name="StrongBoxStepPerformer_AddSingle" />
    </UnitTest>
    <UnitTest name="ServicingHostProperties_SortByAccessTimeDesc" storage="d:\v2.0\a1\_work\dbded102\bin\release.anycpu\vssf.sdk\ms.tf.framework.server.l0.tests\ms.tf.framework.server.l0.tests.dll" id="ba90e7d3-cf8f-2a0d-8ee5-09bccef97c6e">
      <Owners>
        <Owner name="daveken" />
      </Owners>
      <Execution id="4efebc2d-9701-4c82-b560-a42dc328147c" />
      <TestMethod codeBase="D:\v2.0\A1\_work\dbded102\bin\Release.AnyCPU\Vssf.Sdk\MS.TF.Framework.Server.L0.Tests\MS.TF.Framework.Server.L0.Tests.dll" adapterTypeName="Microsoft.VisualStudio.TestTools.TestTypes.Unit.UnitTestAdapter" className="MS.TF.Framework.Server.L0.Tests.Servicing.ServicingHostPropertiesTests" name="ServicingHostProperties_SortByAccessTimeDesc" />
    </UnitTest>
    <UnitTest name="RegistryStepPerformer_SetRegistryValue" storage="d:\v2.0\a1\_work\dbded102\bin\release.anycpu\vssf.sdk\ms.tf.framework.server.l0.tests\ms.tf.framework.server.l0.tests.dll" id="10599a2f-d92e-9ba1-e01e-d69cc9bd9006">
      <Owners>
        <Owner name="tfscat" />
      </Owners>
      <Execution id="a4d975a3-676e-4190-8b45-a9361c86cf2a" />
      <TestMethod codeBase="D:\v2.0\A1\_work\dbded102\bin\Release.AnyCPU\Vssf.Sdk\MS.TF.Framework.Server.L0.Tests\MS.TF.Framework.Server.L0.Tests.dll" adapterTypeName="Microsoft.VisualStudio.TestTools.TestTypes.Unit.UnitTestAdapter" className="MS.TF.Framework.Server.L0.Tests.Servicing.RegistryStepPerformerTests" name="RegistryStepPerformer_SetRegistryValue" />
    </UnitTest>
    <UnitTest name="RegistryStepPerformer_SetRegistryValues" storage="d:\v2.0\a1\_work\dbded102\bin\release.anycpu\vssf.sdk\ms.tf.framework.server.l0.tests\ms.tf.framework.server.l0.tests.dll" id="946c5d0d-5ece-87d9-2787-4a11df79ca58">
      <Owners>
        <Owner name="tfscat" />
      </Owners>
      <Execution id="963fb2d2-058b-48ed-a161-c87fba672ef9" />
      <TestMethod codeBase="D:\v2.0\A1\_work\dbded102\bin\Release.AnyCPU\Vssf.Sdk\MS.TF.Framework.Server.L0.Tests\MS.TF.Framework.Server.L0.Tests.dll" adapterTypeName="Microsoft.VisualStudio.TestTools.TestTypes.Unit.UnitTestAdapter" className="MS.TF.Framework.Server.L0.Tests.Servicing.RegistryStepPerformerTests" name="RegistryStepPerformer_SetRegistryValues" />
    </UnitTest>
    <UnitTest name="RegistryStepPerformer_RemoveRegistryEntries" storage="d:\v2.0\a1\_work\dbded102\bin\release.anycpu\vssf.sdk\ms.tf.framework.server.l0.tests\ms.tf.framework.server.l0.tests.dll" id="562402fb-a1b0-c9e6-d054-fe01347f0856">
      <Owners>
        <Owner name="tfscat" />
      </Owners>
      <Execution id="b0c4bf21-fa46-4d35-9cd4-82fbec836243" />
      <TestMethod codeBase="D:\v2.0\A1\_work\dbded102\bin\Release.AnyCPU\Vssf.Sdk\MS.TF.Framework.Server.L0.Tests\MS.TF.Framework.Server.L0.Tests.dll" adapterTypeName="Microsoft.VisualStudio.TestTools.TestTypes.Unit.UnitTestAdapter" className="MS.TF.Framework.Server.L0.Tests.Servicing.RegistryStepPerformerTests" name="RegistryStepPerformer_RemoveRegistryEntries" />
    </UnitTest>
    <UnitTest name="Servicing_GetServiceLevel_Transition" storage="d:\v2.0\a1\_work\dbded102\bin\release.anycpu\vssf.sdk\ms.tf.framework.server.l0.tests\ms.tf.framework.server.l0.tests.dll" id="88d305c9-06bf-2939-a518-35ea46789a67">
      <Execution id="86d9a508-38a5-4883-a2e8-3f5a99648390" />
      <TestMethod codeBase="D:\v2.0\A1\_work\dbded102\bin\Release.AnyCPU\Vssf.Sdk\MS.TF.Framework.Server.L0.Tests\MS.TF.Framework.Server.L0.Tests.dll" adapterTypeName="Microsoft.VisualStudio.TestTools.TestTypes.Unit.UnitTestAdapter" className="MS.TF.Framework.Server.L0.Tests.Servicing.DeltaOperationTests" name="Servicing_GetServiceLevel_Transition" />
    </UnitTest>
    <UnitTest name="Servicing_GetDeltaOperations_SingleServiceLevel" storage="d:\v2.0\a1\_work\dbded102\bin\release.anycpu\vssf.sdk\ms.tf.framework.server.l0.tests\ms.tf.framework.server.l0.tests.dll" id="dbc81115-3ba4-db46-e8a0-b9ad0dcf1538">
      <Execution id="6c12ad98-4063-4452-a8f8-ea99696363fa" />
      <TestMethod codeBase="D:\v2.0\A1\_work\dbded102\bin\Release.AnyCPU\Vssf.Sdk\MS.TF.Framework.Server.L0.Tests\MS.TF.Framework.Server.L0.Tests.dll" adapterTypeName="Microsoft.VisualStudio.TestTools.TestTypes.Unit.UnitTestAdapter" className="MS.TF.Framework.Server.L0.Tests.Servicing.DeltaOperationTests" name="Servicing_GetDeltaOperations_SingleServiceLevel" />
    </UnitTest>
    <UnitTest name="Servicing_GetDeltaOperations_GetServiceLevelFromMap" storage="d:\v2.0\a1\_work\dbded102\bin\release.anycpu\vssf.sdk\ms.tf.framework.server.l0.tests\ms.tf.framework.server.l0.tests.dll" id="16f3262a-b0fb-dfa0-b506-0d850425cc0a">
      <Execution id="8a30e113-9771-4741-b2b5-26a59f73227f" />
      <TestMethod codeBase="D:\v2.0\A1\_work\dbded102\bin\Release.AnyCPU\Vssf.Sdk\MS.TF.Framework.Server.L0.Tests\MS.TF.Framework.Server.L0.Tests.dll" adapterTypeName="Microsoft.VisualStudio.TestTools.TestTypes.Unit.UnitTestAdapter" className="MS.TF.Framework.Server.L0.Tests.Servicing.DeltaOperationTests" name="Servicing_GetDeltaOperations_GetServiceLevelFromMap" />
    </UnitTest>
    <UnitTest name="Servicing_GetDeltaOperations_EmptyPrefix" storage="d:\v2.0\a1\_work\dbded102\bin\release.anycpu\vssf.sdk\ms.tf.framework.server.l0.tests\ms.tf.framework.server.l0.tests.dll" id="7445d50b-4248-8d68-915c-0c22310bcbfd">
      <Execution id="8a6ca4b1-44a3-4f0b-9aa7-0145becbe64c" />
      <TestMethod codeBase="D:\v2.0\A1\_work\dbded102\bin\Release.AnyCPU\Vssf.Sdk\MS.TF.Framework.Server.L0.Tests\MS.TF.Framework.Server.L0.Tests.dll" adapterTypeName="Microsoft.VisualStudio.TestTools.TestTypes.Unit.UnitTestAdapter" className="MS.TF.Framework.Server.L0.Tests.Servicing.DeltaOperationTests" name="Servicing_GetDeltaOperations_EmptyPrefix" />
    </UnitTest>
    <UnitTest name="Servicing_GetDeltaOperations_PreAndPostStage" storage="d:\v2.0\a1\_work\dbded102\bin\release.anycpu\vssf.sdk\ms.tf.framework.server.l0.tests\ms.tf.framework.server.l0.tests.dll" id="ad9e1168-cc62-f310-dc34-e7974fd2643a">
      <Execution id="fac3d956-63b8-4520-86cc-65c207ce11a8" />
      <TestMethod codeBase="D:\v2.0\A1\_work\dbded102\bin\Release.AnyCPU\Vssf.Sdk\MS.TF.Framework.Server.L0.Tests\MS.TF.Framework.Server.L0.Tests.dll" adapterTypeName="Microsoft.VisualStudio.TestTools.TestTypes.Unit.UnitTestAdapter" className="MS.TF.Framework.Server.L0.Tests.Servicing.DeltaOperationTests" name="Servicing_GetDeltaOperations_PreAndPostStage" />
    </UnitTest>
    <UnitTest name="Servicing_GetDeltaOperations_MultipleServiceLevels_Lockstep" storage="d:\v2.0\a1\_work\dbded102\bin\release.anycpu\vssf.sdk\ms.tf.framework.server.l0.tests\ms.tf.framework.server.l0.tests.dll" id="240ed141-323a-ae4f-1c95-0afadfb3a9af">
      <Execution id="2dc4f3e6-575c-47a5-a3d5-4c2ff1ec8c37" />
      <TestMethod codeBase="D:\v2.0\A1\_work\dbded102\bin\Release.AnyCPU\Vssf.Sdk\MS.TF.Framework.Server.L0.Tests\MS.TF.Framework.Server.L0.Tests.dll" adapterTypeName="Microsoft.VisualStudio.TestTools.TestTypes.Unit.UnitTestAdapter" className="MS.TF.Framework.Server.L0.Tests.Servicing.DeltaOperationTests" name="Servicing_GetDeltaOperations_MultipleServiceLevels_Lockstep" />
    </UnitTest>
    <UnitTest name="Servicing_GetDeltaOperations_MultipleServiceLevels_Partition_PatchOnly_Lockstep" storage="d:\v2.0\a1\_work\dbded102\bin\release.anycpu\vssf.sdk\ms.tf.framework.server.l0.tests\ms.tf.framework.server.l0.tests.dll" id="fb1a8e29-0b27-1213-5481-fa017ec5fb20">
      <Execution id="7a6eaa8d-3007-490c-9f93-36d6e4004cc8" />
      <TestMethod codeBase="D:\v2.0\A1\_work\dbded102\bin\Release.AnyCPU\Vssf.Sdk\MS.TF.Framework.Server.L0.Tests\MS.TF.Framework.Server.L0.Tests.dll" adapterTypeName="Microsoft.VisualStudio.TestTools.TestTypes.Unit.UnitTestAdapter" className="MS.TF.Framework.Server.L0.Tests.Servicing.DeltaOperationTests" name="Servicing_GetDeltaOperations_MultipleServiceLevels_Partition_PatchOnly_Lockstep" />
    </UnitTest>
    <UnitTest name="Servicing_GetDeltaOperations_MultipleServiceLevels_Configuration_PatchOnly_Lockstep" storage="d:\v2.0\a1\_work\dbded102\bin\release.anycpu\vssf.sdk\ms.tf.framework.server.l0.tests\ms.tf.framework.server.l0.tests.dll" id="cb981858-4c78-d0dc-e20b-12766a2b4564">
      <Execution id="e96386e7-9c97-4bbd-815d-2e972a251c59" />
      <TestMethod codeBase="D:\v2.0\A1\_work\dbded102\bin\Release.AnyCPU\Vssf.Sdk\MS.TF.Framework.Server.L0.Tests\MS.TF.Framework.Server.L0.Tests.dll" adapterTypeName="Microsoft.VisualStudio.TestTools.TestTypes.Unit.UnitTestAdapter" className="MS.TF.Framework.Server.L0.Tests.Servicing.DeltaOperationTests" name="Servicing_GetDeltaOperations_MultipleServiceLevels_Configuration_PatchOnly_Lockstep" />
    </UnitTest>
    <UnitTest name="Servicing_GetDeltaOperations_MultipleServiceLevels_Independant" storage="d:\v2.0\a1\_work\dbded102\bin\release.anycpu\vssf.sdk\ms.tf.framework.server.l0.tests\ms.tf.framework.server.l0.tests.dll" id="1f0dfb45-1413-5ee7-ab72-6d1611617921">
      <Execution id="eebc5f54-cfee-43f0-86b6-90d8d285a629" />
      <TestMethod codeBase="D:\v2.0\A1\_work\dbded102\bin\Release.AnyCPU\Vssf.Sdk\MS.TF.Framework.Server.L0.Tests\MS.TF.Framework.Server.L0.Tests.dll" adapterTypeName="Microsoft.VisualStudio.TestTools.TestTypes.Unit.UnitTestAdapter" className="MS.TF.Framework.Server.L0.Tests.Servicing.DeltaOperationTests" name="Servicing_GetDeltaOperations_MultipleServiceLevels_Independant" />
    </UnitTest>
    <UnitTest name="GetAccessControlEntries_DoesNotAllowNonSystemContext" storage="d:\v2.0\a1\_work\dbded102\bin\release.anycpu\vssf.sdk\ms.tf.framework.server.l0.tests\ms.tf.framework.server.l0.tests.dll" id="aee657cc-49dc-11b2-da69-6b7b30b27f4d">
      <Execution id="97c6c974-f9bd-4559-b9c6-c467261d6589" />
      <TestMethod codeBase="D:\v2.0\A1\_work\dbded102\bin\Release.AnyCPU\Vssf.Sdk\MS.TF.Framework.Server.L0.Tests\MS.TF.Framework.Server.L0.Tests.dll" adapterTypeName="Microsoft.VisualStudio.TestTools.TestTypes.Unit.UnitTestAdapter" className="MS.TF.Framework.Server.L0.Tests.Security.SubjectAceStore_GetAccessControlEntriesTests" name="GetAccessControlEntries_DoesNotAllowNonSystemContext" />
    </UnitTest>
    <UnitTest name="GetAccessControlEntries_ReturnsEmptyList_WhenRegistryValuesAreAbsent" storage="d:\v2.0\a1\_work\dbded102\bin\release.anycpu\vssf.sdk\ms.tf.framework.server.l0.tests\ms.tf.framework.server.l0.tests.dll" id="dad01e55-cf34-a972-bfeb-d2ec8709254d">
      <Execution id="7728b1d1-0186-4e72-8455-bec093f67ade" />
      <TestMethod codeBase="D:\v2.0\A1\_work\dbded102\bin\Release.AnyCPU\Vssf.Sdk\MS.TF.Framework.Server.L0.Tests\MS.TF.Framework.Server.L0.Tests.dll" adapterTypeName="Microsoft.VisualStudio.TestTools.TestTypes.Unit.UnitTestAdapter" className="MS.TF.Framework.Server.L0.Tests.Security.SubjectAceStore_GetAccessControlEntriesTests" name="GetAccessControlEntries_ReturnsEmptyList_WhenRegistryValuesAreAbsent" />
    </UnitTest>
    <UnitTest name="GetAccessControlEntries_ReturnsEmptyList_WhenRegistryValuesArePresent_ButNotDeserializable" storage="d:\v2.0\a1\_work\dbded102\bin\release.anycpu\vssf.sdk\ms.tf.framework.server.l0.tests\ms.tf.framework.server.l0.tests.dll" id="61f081e1-d4cf-78ef-64a6-95631f27cad4">
      <Execution id="fc0d7925-2f3a-4f26-9f03-757bc643901b" />
      <TestMethod codeBase="D:\v2.0\A1\_work\dbded102\bin\Release.AnyCPU\Vssf.Sdk\MS.TF.Framework.Server.L0.Tests\MS.TF.Framework.Server.L0.Tests.dll" adapterTypeName="Microsoft.VisualStudio.TestTools.TestTypes.Unit.UnitTestAdapter" className="MS.TF.Framework.Server.L0.Tests.Security.SubjectAceStore_GetAccessControlEntriesTests" name="GetAccessControlEntries_ReturnsEmptyList_WhenRegistryValuesArePresent_ButNotDeserializable" />
    </UnitTest>
    <UnitTest name="GetAccessControlEntries_ReturnsCorrectEntries_WhenRegistryValuesArePresent" storage="d:\v2.0\a1\_work\dbded102\bin\release.anycpu\vssf.sdk\ms.tf.framework.server.l0.tests\ms.tf.framework.server.l0.tests.dll" id="d11eadf7-ef60-53d8-f1b1-8ebef6071a90">
      <Execution id="38bee31a-99b1-4fef-aa2c-22eaa056a1ea" />
      <TestMethod codeBase="D:\v2.0\A1\_work\dbded102\bin\Release.AnyCPU\Vssf.Sdk\MS.TF.Framework.Server.L0.Tests\MS.TF.Framework.Server.L0.Tests.dll" adapterTypeName="Microsoft.VisualStudio.TestTools.TestTypes.Unit.UnitTestAdapter" className="MS.TF.Framework.Server.L0.Tests.Security.SubjectAceStore_GetAccessControlEntriesTests" name="GetAccessControlEntries_ReturnsCorrectEntries_WhenRegistryValuesArePresent" />
    </UnitTest>
    <UnitTest name="GetAllAccessControlEntries_DoesNotAllowNonSystemContext" storage="d:\v2.0\a1\_work\dbded102\bin\release.anycpu\vssf.sdk\ms.tf.framework.server.l0.tests\ms.tf.framework.server.l0.tests.dll" id="fcade261-cad7-982e-9628-eca3a14a43d5">
      <Execution id="0dfe5ef3-6cc8-43dd-b150-25cbcf2a14be" />
      <TestMethod codeBase="D:\v2.0\A1\_work\dbded102\bin\Release.AnyCPU\Vssf.Sdk\MS.TF.Framework.Server.L0.Tests\MS.TF.Framework.Server.L0.Tests.dll" adapterTypeName="Microsoft.VisualStudio.TestTools.TestTypes.Unit.UnitTestAdapter" className="MS.TF.Framework.Server.L0.Tests.Security.SubjectAceStore_GetAccessControlEntriesTests" name="GetAllAccessControlEntries_DoesNotAllowNonSystemContext" />
    </UnitTest>
    <UnitTest name="GetAllAccessControlEntries_ReturnsCorrectEntries_WhenRegistryValuesArePresent" storage="d:\v2.0\a1\_work\dbded102\bin\release.anycpu\vssf.sdk\ms.tf.framework.server.l0.tests\ms.tf.framework.server.l0.tests.dll" id="ab19d38a-3129-7f36-1c82-9ad45d589059">
      <Execution id="b7ee5b25-1588-4a41-8b31-5f57e6a76adb" />
      <TestMethod codeBase="D:\v2.0\A1\_work\dbded102\bin\Release.AnyCPU\Vssf.Sdk\MS.TF.Framework.Server.L0.Tests\MS.TF.Framework.Server.L0.Tests.dll" adapterTypeName="Microsoft.VisualStudio.TestTools.TestTypes.Unit.UnitTestAdapter" className="MS.TF.Framework.Server.L0.Tests.Security.SubjectAceStore_GetAccessControlEntriesTests" name="GetAllAccessControlEntries_ReturnsCorrectEntries_WhenRegistryValuesArePresent" />
    </UnitTest>
    <UnitTest name="GetAllAccessControlEntries_SkipsMalformedRegistryEntries" storage="d:\v2.0\a1\_work\dbded102\bin\release.anycpu\vssf.sdk\ms.tf.framework.server.l0.tests\ms.tf.framework.server.l0.tests.dll" id="a1be8dde-aa4e-ed9a-6cf7-f5cf02ce0c83">
      <Execution id="d3622ae3-a8fe-44b4-a661-2cb28f4f78fa" />
      <TestMethod codeBase="D:\v2.0\A1\_work\dbded102\bin\Release.AnyCPU\Vssf.Sdk\MS.TF.Framework.Server.L0.Tests\MS.TF.Framework.Server.L0.Tests.dll" adapterTypeName="Microsoft.VisualStudio.TestTools.TestTypes.Unit.UnitTestAdapter" className="MS.TF.Framework.Server.L0.Tests.Security.SubjectAceStore_GetAccessControlEntriesTests" name="GetAllAccessControlEntries_SkipsMalformedRegistryEntries" />
    </UnitTest>
    <UnitTest name="DeleteAccessControlEntries_DoesNotAllowNonSystemContext" storage="d:\v2.0\a1\_work\dbded102\bin\release.anycpu\vssf.sdk\ms.tf.framework.server.l0.tests\ms.tf.framework.server.l0.tests.dll" id="3734ea2c-b524-2666-0bba-aaeaa0c2224e">
      <Execution id="32f78dba-60f7-452e-863e-046b28080d4d" />
      <TestMethod codeBase="D:\v2.0\A1\_work\dbded102\bin\Release.AnyCPU\Vssf.Sdk\MS.TF.Framework.Server.L0.Tests\MS.TF.Framework.Server.L0.Tests.dll" adapterTypeName="Microsoft.VisualStudio.TestTools.TestTypes.Unit.UnitTestAdapter" className="MS.TF.Framework.Server.L0.Tests.Security.SubjectAceStore_DeleteAccessControlEntriesTests" name="DeleteAccessControlEntries_DoesNotAllowNonSystemContext" />
    </UnitTest>
    <UnitTest name="DeleteAccessControlEntries_Throws_WhenPassedInAcesIdsAreInvalid" storage="d:\v2.0\a1\_work\dbded102\bin\release.anycpu\vssf.sdk\ms.tf.framework.server.l0.tests\ms.tf.framework.server.l0.tests.dll" id="c7f7279f-92ca-0db8-3a29-cc91d225ff5b">
      <Execution id="93eaa340-73ea-4e73-be0f-78826ad0ff6a" />
      <TestMethod codeBase="D:\v2.0\A1\_work\dbded102\bin\Release.AnyCPU\Vssf.Sdk\MS.TF.Framework.Server.L0.Tests\MS.TF.Framework.Server.L0.Tests.dll" adapterTypeName="Microsoft.VisualStudio.TestTools.TestTypes.Unit.UnitTestAdapter" className="MS.TF.Framework.Server.L0.Tests.Security.SubjectAceStore_DeleteAccessControlEntriesTests" name="DeleteAccessControlEntries_Throws_WhenPassedInAcesIdsAreInvalid" />
    </UnitTest>
    <UnitTest name="DeleteAccessControlEntries_GetsExclusiveLock" storage="d:\v2.0\a1\_work\dbded102\bin\release.anycpu\vssf.sdk\ms.tf.framework.server.l0.tests\ms.tf.framework.server.l0.tests.dll" id="3d1a59e1-e8e9-c564-efb8-988196980294">
      <Execution id="a6b99eee-8340-404d-9521-8f00ce01f814" />
      <TestMethod codeBase="D:\v2.0\A1\_work\dbded102\bin\Release.AnyCPU\Vssf.Sdk\MS.TF.Framework.Server.L0.Tests\MS.TF.Framework.Server.L0.Tests.dll" adapterTypeName="Microsoft.VisualStudio.TestTools.TestTypes.Unit.UnitTestAdapter" className="MS.TF.Framework.Server.L0.Tests.Security.SubjectAceStore_DeleteAccessControlEntriesTests" name="DeleteAccessControlEntries_GetsExclusiveLock" />
    </UnitTest>
    <UnitTest name="DeleteAccessControlEntries_OverwritesExistingAcesMinusTheRequestedEntriesToDelete" storage="d:\v2.0\a1\_work\dbded102\bin\release.anycpu\vssf.sdk\ms.tf.framework.server.l0.tests\ms.tf.framework.server.l0.tests.dll" id="12174af7-1aa7-6489-2f6b-dcb2bfb1dcea">
      <Execution id="fb04ae33-5978-42c5-96f1-d1ab44b95306" />
      <TestMethod codeBase="D:\v2.0\A1\_work\dbded102\bin\Release.AnyCPU\Vssf.Sdk\MS.TF.Framework.Server.L0.Tests\MS.TF.Framework.Server.L0.Tests.dll" adapterTypeName="Microsoft.VisualStudio.TestTools.TestTypes.Unit.UnitTestAdapter" className="MS.TF.Framework.Server.L0.Tests.Security.SubjectAceStore_DeleteAccessControlEntriesTests" name="DeleteAccessControlEntries_OverwritesExistingAcesMinusTheRequestedEntriesToDelete" />
    </UnitTest>
    <UnitTest name="DeleteAllAccessControlEntries_DoesNotAllowNonSystemContext" storage="d:\v2.0\a1\_work\dbded102\bin\release.anycpu\vssf.sdk\ms.tf.framework.server.l0.tests\ms.tf.framework.server.l0.tests.dll" id="cc18cd7d-e174-9083-8ab1-740d3946988d">
      <Execution id="9fb90fbc-dd12-4fb6-8028-ae9d24ac6f2c" />
      <TestMethod codeBase="D:\v2.0\A1\_work\dbded102\bin\Release.AnyCPU\Vssf.Sdk\MS.TF.Framework.Server.L0.Tests\MS.TF.Framework.Server.L0.Tests.dll" adapterTypeName="Microsoft.VisualStudio.TestTools.TestTypes.Unit.UnitTestAdapter" className="MS.TF.Framework.Server.L0.Tests.Security.SubjectAceStore_DeleteAccessControlEntriesTests" name="DeleteAllAccessControlEntries_DoesNotAllowNonSystemContext" />
    </UnitTest>
    <UnitTest name="DeleteAllAccessControlEntries_GetsExclusiveLock" storage="d:\v2.0\a1\_work\dbded102\bin\release.anycpu\vssf.sdk\ms.tf.framework.server.l0.tests\ms.tf.framework.server.l0.tests.dll" id="8388c3dd-555b-396b-2774-0ef09d4afaa4">
      <Execution id="127b0b4f-634b-498d-9875-9b3f8775c955" />
      <TestMethod codeBase="D:\v2.0\A1\_work\dbded102\bin\Release.AnyCPU\Vssf.Sdk\MS.TF.Framework.Server.L0.Tests\MS.TF.Framework.Server.L0.Tests.dll" adapterTypeName="Microsoft.VisualStudio.TestTools.TestTypes.Unit.UnitTestAdapter" className="MS.TF.Framework.Server.L0.Tests.Security.SubjectAceStore_DeleteAccessControlEntriesTests" name="DeleteAllAccessControlEntries_GetsExclusiveLock" />
    </UnitTest>
    <UnitTest name="DeleteAllAccessControlEntries_DeletesAllEntries" storage="d:\v2.0\a1\_work\dbded102\bin\release.anycpu\vssf.sdk\ms.tf.framework.server.l0.tests\ms.tf.framework.server.l0.tests.dll" id="2a6d5b61-cd9a-6abc-61ab-bb0b62b24199">
      <Execution id="4b8319c0-5069-440d-996e-8a57b931f975" />
      <TestMethod codeBase="D:\v2.0\A1\_work\dbded102\bin\Release.AnyCPU\Vssf.Sdk\MS.TF.Framework.Server.L0.Tests\MS.TF.Framework.Server.L0.Tests.dll" adapterTypeName="Microsoft.VisualStudio.TestTools.TestTypes.Unit.UnitTestAdapter" className="MS.TF.Framework.Server.L0.Tests.Security.SubjectAceStore_DeleteAccessControlEntriesTests" name="DeleteAllAccessControlEntries_DeletesAllEntries" />
    </UnitTest>
    <UnitTest name="SetAccessControlEntries_DoesNotAllowNonSystemContext" storage="d:\v2.0\a1\_work\dbded102\bin\release.anycpu\vssf.sdk\ms.tf.framework.server.l0.tests\ms.tf.framework.server.l0.tests.dll" id="32bbf436-0e5b-843b-7ab7-3a57401f4700">
      <Execution id="9e1dc29a-6668-4128-8071-89da15440fe3" />
      <TestMethod codeBase="D:\v2.0\A1\_work\dbded102\bin\Release.AnyCPU\Vssf.Sdk\MS.TF.Framework.Server.L0.Tests\MS.TF.Framework.Server.L0.Tests.dll" adapterTypeName="Microsoft.VisualStudio.TestTools.TestTypes.Unit.UnitTestAdapter" className="MS.TF.Framework.Server.L0.Tests.Security.SubjectAceStore_SetAccessControlEntriesTests" name="SetAccessControlEntries_DoesNotAllowNonSystemContext" />
    </UnitTest>
    <UnitTest name="SetAccessControlEntries_Throws_WhenPassedInAcesAreInvalid" storage="d:\v2.0\a1\_work\dbded102\bin\release.anycpu\vssf.sdk\ms.tf.framework.server.l0.tests\ms.tf.framework.server.l0.tests.dll" id="3f95f0d4-b44f-b2f4-4e4d-b4003a210fdb">
      <Execution id="de65d5ec-f500-414b-8b42-ed714f8a1d44" />
      <TestMethod codeBase="D:\v2.0\A1\_work\dbded102\bin\Release.AnyCPU\Vssf.Sdk\MS.TF.Framework.Server.L0.Tests\MS.TF.Framework.Server.L0.Tests.dll" adapterTypeName="Microsoft.VisualStudio.TestTools.TestTypes.Unit.UnitTestAdapter" className="MS.TF.Framework.Server.L0.Tests.Security.SubjectAceStore_SetAccessControlEntriesTests" name="SetAccessControlEntries_Throws_WhenPassedInAcesAreInvalid" />
    </UnitTest>
    <UnitTest name="SetAccessControlEntries_GetsExclusiveLock" storage="d:\v2.0\a1\_work\dbded102\bin\release.anycpu\vssf.sdk\ms.tf.framework.server.l0.tests\ms.tf.framework.server.l0.tests.dll" id="1d1efc31-4771-d0b5-5309-a9e3cde04e44">
      <Execution id="1b2e3f1a-4ed9-492d-a154-d953e13750de" />
      <TestMethod codeBase="D:\v2.0\A1\_work\dbded102\bin\Release.AnyCPU\Vssf.Sdk\MS.TF.Framework.Server.L0.Tests\MS.TF.Framework.Server.L0.Tests.dll" adapterTypeName="Microsoft.VisualStudio.TestTools.TestTypes.Unit.UnitTestAdapter" className="MS.TF.Framework.Server.L0.Tests.Security.SubjectAceStore_SetAccessControlEntriesTests" name="SetAccessControlEntries_GetsExclusiveLock" />
    </UnitTest>
    <UnitTest name="SetAccessControlEntries_OverwritesExistingAces_WhenRequestIsToNotMerge" storage="d:\v2.0\a1\_work\dbded102\bin\release.anycpu\vssf.sdk\ms.tf.framework.server.l0.tests\ms.tf.framework.server.l0.tests.dll" id="3d06933c-cfc4-02ea-9ea6-6e4c6965cdaa">
      <Execution id="97eb734d-930d-411e-a222-c2e07eacc764" />
      <TestMethod codeBase="D:\v2.0\A1\_work\dbded102\bin\Release.AnyCPU\Vssf.Sdk\MS.TF.Framework.Server.L0.Tests\MS.TF.Framework.Server.L0.Tests.dll" adapterTypeName="Microsoft.VisualStudio.TestTools.TestTypes.Unit.UnitTestAdapter" className="MS.TF.Framework.Server.L0.Tests.Security.SubjectAceStore_SetAccessControlEntriesTests" name="SetAccessControlEntries_OverwritesExistingAces_WhenRequestIsToNotMerge" />
    </UnitTest>
    <UnitTest name="SetAccessControlEntries_MergesAndStoresAces_WhenRequestIsToMerge" storage="d:\v2.0\a1\_work\dbded102\bin\release.anycpu\vssf.sdk\ms.tf.framework.server.l0.tests\ms.tf.framework.server.l0.tests.dll" id="41250e9c-ab64-2642-feaa-7193bda27bc0">
      <Execution id="60a5eff1-a323-417e-a0ff-816e0e3534fc" />
      <TestMethod codeBase="D:\v2.0\A1\_work\dbded102\bin\Release.AnyCPU\Vssf.Sdk\MS.TF.Framework.Server.L0.Tests\MS.TF.Framework.Server.L0.Tests.dll" adapterTypeName="Microsoft.VisualStudio.TestTools.TestTypes.Unit.UnitTestAdapter" className="MS.TF.Framework.Server.L0.Tests.Security.SubjectAceStore_SetAccessControlEntriesTests" name="SetAccessControlEntries_MergesAndStoresAces_WhenRequestIsToMerge" />
    </UnitTest>
    <UnitTest name="SetAccessControlEntry_DoesNotAllowNonSystemContext" storage="d:\v2.0\a1\_work\dbded102\bin\release.anycpu\vssf.sdk\ms.tf.framework.server.l0.tests\ms.tf.framework.server.l0.tests.dll" id="8b9d10a0-9b2d-164c-a150-1aee0ebe6211">
      <Execution id="8f190011-6281-4cb8-a99c-23572e49f9fb" />
      <TestMethod codeBase="D:\v2.0\A1\_work\dbded102\bin\Release.AnyCPU\Vssf.Sdk\MS.TF.Framework.Server.L0.Tests\MS.TF.Framework.Server.L0.Tests.dll" adapterTypeName="Microsoft.VisualStudio.TestTools.TestTypes.Unit.UnitTestAdapter" className="MS.TF.Framework.Server.L0.Tests.Security.SubjectAceStore_SetAccessControlEntryTests" name="SetAccessControlEntry_DoesNotAllowNonSystemContext" />
    </UnitTest>
    <UnitTest name="SetAccessControlEntry_Throws_WhenPassedInAceIsInvalid" storage="d:\v2.0\a1\_work\dbded102\bin\release.anycpu\vssf.sdk\ms.tf.framework.server.l0.tests\ms.tf.framework.server.l0.tests.dll" id="777478fb-a1ba-d4f0-c165-62a306f6ac21">
      <Execution id="3a0e0fb1-ff78-4008-98c4-baa696837dab" />
      <TestMethod codeBase="D:\v2.0\A1\_work\dbded102\bin\Release.AnyCPU\Vssf.Sdk\MS.TF.Framework.Server.L0.Tests\MS.TF.Framework.Server.L0.Tests.dll" adapterTypeName="Microsoft.VisualStudio.TestTools.TestTypes.Unit.UnitTestAdapter" className="MS.TF.Framework.Server.L0.Tests.Security.SubjectAceStore_SetAccessControlEntryTests" name="SetAccessControlEntry_Throws_WhenPassedInAceIsInvalid" />
    </UnitTest>
    <UnitTest name="SetAccessControlEntry_DelegatesToSetAccessControlEntries" storage="d:\v2.0\a1\_work\dbded102\bin\release.anycpu\vssf.sdk\ms.tf.framework.server.l0.tests\ms.tf.framework.server.l0.tests.dll" id="cf44f3c0-3b0f-3402-21e8-bbdce962fe65">
      <Execution id="760af42d-0c6a-4cc0-af9d-c16df6540000" />
      <TestMethod codeBase="D:\v2.0\A1\_work\dbded102\bin\Release.AnyCPU\Vssf.Sdk\MS.TF.Framework.Server.L0.Tests\MS.TF.Framework.Server.L0.Tests.dll" adapterTypeName="Microsoft.VisualStudio.TestTools.TestTypes.Unit.UnitTestAdapter" className="MS.TF.Framework.Server.L0.Tests.Security.SubjectAceStore_SetAccessControlEntryTests" name="SetAccessControlEntry_DelegatesToSetAccessControlEntries" />
    </UnitTest>
    <UnitTest name="SecurityServiceHelpers_WithModule_ExcludesPermissions" storage="d:\v2.0\a1\_work\dbded102\bin\release.anycpu\vssf.sdk\ms.tf.framework.server.l0.tests\ms.tf.framework.server.l0.tests.dll" id="47927386-05d2-0e51-17d3-6daeb5e2f29c">
      <Owners>
        <Owner name="wigoo" />
      </Owners>
      <Execution id="cf4f1e38-37bb-4057-abd0-974ad50c8fd9" />
      <TestMethod codeBase="D:\v2.0\A1\_work\dbded102\bin\Release.AnyCPU\Vssf.Sdk\MS.TF.Framework.Server.L0.Tests\MS.TF.Framework.Server.L0.Tests.dll" adapterTypeName="Microsoft.VisualStudio.TestTools.TestTypes.Unit.UnitTestAdapter" className="MS.TF.Framework.Server.L0.Tests.Security.Module.SecurityServiceHelpersTests" name="SecurityServiceHelpers_WithModule_ExcludesPermissions" />
    </UnitTest>
    <UnitTest name="SecurityServiceHelpers_WithModule_IncludesPermissions" storage="d:\v2.0\a1\_work\dbded102\bin\release.anycpu\vssf.sdk\ms.tf.framework.server.l0.tests\ms.tf.framework.server.l0.tests.dll" id="5d0cbccd-7abb-5fe0-9d3c-c5e98ce802e8">
      <Owners>
        <Owner name="wigoo" />
      </Owners>
      <Execution id="28a4c27f-c0df-4ebb-931d-afe6646d7dad" />
      <TestMethod codeBase="D:\v2.0\A1\_work\dbded102\bin\Release.AnyCPU\Vssf.Sdk\MS.TF.Framework.Server.L0.Tests\MS.TF.Framework.Server.L0.Tests.dll" adapterTypeName="Microsoft.VisualStudio.TestTools.TestTypes.Unit.UnitTestAdapter" className="MS.TF.Framework.Server.L0.Tests.Security.Module.SecurityServiceHelpersTests" name="SecurityServiceHelpers_WithModule_IncludesPermissions" />
    </UnitTest>
    <UnitTest name="StakeholderLicensePrototypeModule_DoesNotApplyAtDeploymentLevel" storage="d:\v2.0\a1\_work\dbded102\bin\release.anycpu\vssf.sdk\ms.tf.framework.server.l0.tests\ms.tf.framework.server.l0.tests.dll" id="d8b06a61-0f67-c51a-cb88-40be2d667051">
      <Owners>
        <Owner name="wigoo" />
      </Owners>
      <Execution id="9a24aff0-aceb-4a11-b4a8-d0af2c95e16f" />
      <TestMethod codeBase="D:\v2.0\A1\_work\dbded102\bin\Release.AnyCPU\Vssf.Sdk\MS.TF.Framework.Server.L0.Tests\MS.TF.Framework.Server.L0.Tests.dll" adapterTypeName="Microsoft.VisualStudio.TestTools.TestTypes.Unit.UnitTestAdapter" className="MS.TF.Framework.Server.L0.Tests.Security.Module.StakeholderLicensePrototypeModuleTests" name="StakeholderLicensePrototypeModule_DoesNotApplyAtDeploymentLevel" />
    </UnitTest>
    <UnitTest name="StakeholderLicensePrototypeModule_DoesNotApplyWhenIgnoreFlagIsSet" storage="d:\v2.0\a1\_work\dbded102\bin\release.anycpu\vssf.sdk\ms.tf.framework.server.l0.tests\ms.tf.framework.server.l0.tests.dll" id="56d65e3d-37f5-67bf-9a40-73b3135e96a9">
      <Owners>
        <Owner name="wigoo" />
      </Owners>
      <Execution id="7b3b8b48-cc3f-46de-886f-d6e7515f1761" />
      <TestMethod codeBase="D:\v2.0\A1\_work\dbded102\bin\Release.AnyCPU\Vssf.Sdk\MS.TF.Framework.Server.L0.Tests\MS.TF.Framework.Server.L0.Tests.dll" adapterTypeName="Microsoft.VisualStudio.TestTools.TestTypes.Unit.UnitTestAdapter" className="MS.TF.Framework.Server.L0.Tests.Security.Module.StakeholderLicensePrototypeModuleTests" name="StakeholderLicensePrototypeModule_DoesNotApplyWhenIgnoreFlagIsSet" />
    </UnitTest>
    <UnitTest name="StakeholderLicensePrototypeModule_DoesNotApplyToNonUsers" storage="d:\v2.0\a1\_work\dbded102\bin\release.anycpu\vssf.sdk\ms.tf.framework.server.l0.tests\ms.tf.framework.server.l0.tests.dll" id="34ede460-2066-97af-472e-7202a9f3c691">
      <Owners>
        <Owner name="wigoo" />
      </Owners>
      <Execution id="4e858124-95d8-402f-9bbe-806e33a35206" />
      <TestMethod codeBase="D:\v2.0\A1\_work\dbded102\bin\Release.AnyCPU\Vssf.Sdk\MS.TF.Framework.Server.L0.Tests\MS.TF.Framework.Server.L0.Tests.dll" adapterTypeName="Microsoft.VisualStudio.TestTools.TestTypes.Unit.UnitTestAdapter" className="MS.TF.Framework.Server.L0.Tests.Security.Module.StakeholderLicensePrototypeModuleTests" name="StakeholderLicensePrototypeModule_DoesNotApplyToNonUsers" />
    </UnitTest>
    <UnitTest name="StakeholderLicensePrototypeModule_DoesNotApplyToNonStakeholders" storage="d:\v2.0\a1\_work\dbded102\bin\release.anycpu\vssf.sdk\ms.tf.framework.server.l0.tests\ms.tf.framework.server.l0.tests.dll" id="15bf33b9-0848-cae3-57c7-ca02de8f9bdd">
      <Owners>
        <Owner name="wigoo" />
      </Owners>
      <Execution id="d075f01f-f22d-4d8d-99d0-d79673a128db" />
      <TestMethod codeBase="D:\v2.0\A1\_work\dbded102\bin\Release.AnyCPU\Vssf.Sdk\MS.TF.Framework.Server.L0.Tests\MS.TF.Framework.Server.L0.Tests.dll" adapterTypeName="Microsoft.VisualStudio.TestTools.TestTypes.Unit.UnitTestAdapter" className="MS.TF.Framework.Server.L0.Tests.Security.Module.StakeholderLicensePrototypeModuleTests" name="StakeholderLicensePrototypeModule_DoesNotApplyToNonStakeholders" />
    </UnitTest>
    <UnitTest name="StakeholderLicensePrototypeModule_WithNoAces" storage="d:\v2.0\a1\_work\dbded102\bin\release.anycpu\vssf.sdk\ms.tf.framework.server.l0.tests\ms.tf.framework.server.l0.tests.dll" id="4f78af82-914e-1b48-1f07-bc275100ff85">
      <Owners>
        <Owner name="wigoo" />
      </Owners>
      <Execution id="f75599c7-cdfd-4386-9044-02948345e307" />
      <TestMethod codeBase="D:\v2.0\A1\_work\dbded102\bin\Release.AnyCPU\Vssf.Sdk\MS.TF.Framework.Server.L0.Tests\MS.TF.Framework.Server.L0.Tests.dll" adapterTypeName="Microsoft.VisualStudio.TestTools.TestTypes.Unit.UnitTestAdapter" className="MS.TF.Framework.Server.L0.Tests.Security.Module.StakeholderLicensePrototypeModuleTests" name="StakeholderLicensePrototypeModule_WithNoAces" />
    </UnitTest>
    <UnitTest name="StakeholderLicensePrototypeModule_WithOneAce" storage="d:\v2.0\a1\_work\dbded102\bin\release.anycpu\vssf.sdk\ms.tf.framework.server.l0.tests\ms.tf.framework.server.l0.tests.dll" id="6fbdc8f8-e1da-fa3a-3784-69d6ab74e9f2">
      <Owners>
        <Owner name="wigoo" />
      </Owners>
      <Execution id="015ea3c8-b079-42b3-b965-52b5f56d1e0e" />
      <TestMethod codeBase="D:\v2.0\A1\_work\dbded102\bin\Release.AnyCPU\Vssf.Sdk\MS.TF.Framework.Server.L0.Tests\MS.TF.Framework.Server.L0.Tests.dll" adapterTypeName="Microsoft.VisualStudio.TestTools.TestTypes.Unit.UnitTestAdapter" className="MS.TF.Framework.Server.L0.Tests.Security.Module.StakeholderLicensePrototypeModuleTests" name="StakeholderLicensePrototypeModule_WithOneAce" />
    </UnitTest>
    <UnitTest name="StakeholderLicensePrototypeModule_WithTwoAces" storage="d:\v2.0\a1\_work\dbded102\bin\release.anycpu\vssf.sdk\ms.tf.framework.server.l0.tests\ms.tf.framework.server.l0.tests.dll" id="6aab3287-15df-38ad-fe3a-e9018e117dbe">
      <Owners>
        <Owner name="wigoo" />
      </Owners>
      <Execution id="efc4f11a-d572-4df6-84d1-b7435a537335" />
      <TestMethod codeBase="D:\v2.0\A1\_work\dbded102\bin\Release.AnyCPU\Vssf.Sdk\MS.TF.Framework.Server.L0.Tests\MS.TF.Framework.Server.L0.Tests.dll" adapterTypeName="Microsoft.VisualStudio.TestTools.TestTypes.Unit.UnitTestAdapter" className="MS.TF.Framework.Server.L0.Tests.Security.Module.StakeholderLicensePrototypeModuleTests" name="StakeholderLicensePrototypeModule_WithTwoAces" />
    </UnitTest>
    <UnitTest name="StakeholderLicensePrototypeModule_ExcludesOtherSubjects" storage="d:\v2.0\a1\_work\dbded102\bin\release.anycpu\vssf.sdk\ms.tf.framework.server.l0.tests\ms.tf.framework.server.l0.tests.dll" id="7dbe1ae9-be87-b7d4-0c91-83ea0844c6c9">
      <Owners>
        <Owner name="wigoo" />
      </Owners>
      <Execution id="ae0074c8-e4ee-41e7-90ee-7f205321a37f" />
      <TestMethod codeBase="D:\v2.0\A1\_work\dbded102\bin\Release.AnyCPU\Vssf.Sdk\MS.TF.Framework.Server.L0.Tests\MS.TF.Framework.Server.L0.Tests.dll" adapterTypeName="Microsoft.VisualStudio.TestTools.TestTypes.Unit.UnitTestAdapter" className="MS.TF.Framework.Server.L0.Tests.Security.Module.StakeholderLicensePrototypeModuleTests" name="StakeholderLicensePrototypeModule_ExcludesOtherSubjects" />
    </UnitTest>
    <UnitTest name="RegistryExtensionsTests_ReadEntries" storage="d:\v2.0\a1\_work\dbded102\bin\release.anycpu\vssf.sdk\ms.tf.framework.server.l0.tests\ms.tf.framework.server.l0.tests.dll" id="79f6feb6-c5a9-366d-abda-dc81533dbabf">
      <Execution id="ba222331-dc9c-4222-b7d1-044f037916a2" />
      <TestMethod codeBase="D:\v2.0\A1\_work\dbded102\bin\Release.AnyCPU\Vssf.Sdk\MS.TF.Framework.Server.L0.Tests\MS.TF.Framework.Server.L0.Tests.dll" adapterTypeName="Microsoft.VisualStudio.TestTools.TestTypes.Unit.UnitTestAdapter" className="MS.TF.Framework.Server.L0.Tests.Registry.RegistryExtensionsTests" name="RegistryExtensionsTests_ReadEntries" />
    </UnitTest>
    <UnitTest name="RegistryPathTests_CheckPath" storage="d:\v2.0\a1\_work\dbded102\bin\release.anycpu\vssf.sdk\ms.tf.framework.server.l0.tests\ms.tf.framework.server.l0.tests.dll" id="2086c111-8f78-0312-b271-ea65e0643fdd">
      <Execution id="e2e2a642-8420-4bf6-bf98-febd647cfa88" />
      <TestMethod codeBase="D:\v2.0\A1\_work\dbded102\bin\Release.AnyCPU\Vssf.Sdk\MS.TF.Framework.Server.L0.Tests\MS.TF.Framework.Server.L0.Tests.dll" adapterTypeName="Microsoft.VisualStudio.TestTools.TestTypes.Unit.UnitTestAdapter" className="MS.TF.Framework.Server.L0.Tests.Registry.RegistryPathTests" name="RegistryPathTests_CheckPath" />
    </UnitTest>
    <UnitTest name="RegistryPathTests_ParsePath" storage="d:\v2.0\a1\_work\dbded102\bin\release.anycpu\vssf.sdk\ms.tf.framework.server.l0.tests\ms.tf.framework.server.l0.tests.dll" id="63273116-addf-eeb8-36f1-086a620601c2">
      <Execution id="91d36e5c-75d9-49b9-99cc-f2881e1ce0af" />
      <TestMethod codeBase="D:\v2.0\A1\_work\dbded102\bin\Release.AnyCPU\Vssf.Sdk\MS.TF.Framework.Server.L0.Tests\MS.TF.Framework.Server.L0.Tests.dll" adapterTypeName="Microsoft.VisualStudio.TestTools.TestTypes.Unit.UnitTestAdapter" className="MS.TF.Framework.Server.L0.Tests.Registry.RegistryPathTests" name="RegistryPathTests_ParsePath" />
    </UnitTest>
    <UnitTest name="RegistryServiceCacheTests_InsertReadCachablePath" storage="d:\v2.0\a1\_work\dbded102\bin\release.anycpu\vssf.sdk\ms.tf.framework.server.l0.tests\ms.tf.framework.server.l0.tests.dll" id="157a288c-a998-9279-21f0-f41667cf4c84">
      <Execution id="908f84b6-4d70-421c-b824-b6d583775458" />
      <TestMethod codeBase="D:\v2.0\A1\_work\dbded102\bin\Release.AnyCPU\Vssf.Sdk\MS.TF.Framework.Server.L0.Tests\MS.TF.Framework.Server.L0.Tests.dll" adapterTypeName="Microsoft.VisualStudio.TestTools.TestTypes.Unit.UnitTestAdapter" className="MS.TF.Framework.Server.L0.Tests.Registry.RegistryServiceCacheTests" name="RegistryServiceCacheTests_InsertReadCachablePath" />
    </UnitTest>
    <UnitTest name="RegistryServiceCacheTests_InsertReadCachablePathReadEntries" storage="d:\v2.0\a1\_work\dbded102\bin\release.anycpu\vssf.sdk\ms.tf.framework.server.l0.tests\ms.tf.framework.server.l0.tests.dll" id="0b27050b-2c53-1e5b-16b1-f5c929fb19c5">
      <Execution id="476151d4-bdb9-4283-bfcc-dd8c2895a17f" />
      <TestMethod codeBase="D:\v2.0\A1\_work\dbded102\bin\Release.AnyCPU\Vssf.Sdk\MS.TF.Framework.Server.L0.Tests\MS.TF.Framework.Server.L0.Tests.dll" adapterTypeName="Microsoft.VisualStudio.TestTools.TestTypes.Unit.UnitTestAdapter" className="MS.TF.Framework.Server.L0.Tests.Registry.RegistryServiceCacheTests" name="RegistryServiceCacheTests_InsertReadCachablePathReadEntries" />
    </UnitTest>
    <UnitTest name="RegistryServiceCacheTests_InsertReadNonCachable" storage="d:\v2.0\a1\_work\dbded102\bin\release.anycpu\vssf.sdk\ms.tf.framework.server.l0.tests\ms.tf.framework.server.l0.tests.dll" id="9ea8ee1d-586b-a634-d6ad-642a2699b4f2">
      <Execution id="c1f7521c-4f14-44dc-a341-b48a3409b2db" />
      <TestMethod codeBase="D:\v2.0\A1\_work\dbded102\bin\Release.AnyCPU\Vssf.Sdk\MS.TF.Framework.Server.L0.Tests\MS.TF.Framework.Server.L0.Tests.dll" adapterTypeName="Microsoft.VisualStudio.TestTools.TestTypes.Unit.UnitTestAdapter" className="MS.TF.Framework.Server.L0.Tests.Registry.RegistryServiceCacheTests" name="RegistryServiceCacheTests_InsertReadNonCachable" />
    </UnitTest>
    <UnitTest name="RegistryServiceCacheTests_InsertReadSpecialChars" storage="d:\v2.0\a1\_work\dbded102\bin\release.anycpu\vssf.sdk\ms.tf.framework.server.l0.tests\ms.tf.framework.server.l0.tests.dll" id="a911a050-966e-2cdc-5e55-2ef32a4de570">
      <Execution id="539bdc3f-fc62-456e-bd17-dc727e3b1b5d" />
      <TestMethod codeBase="D:\v2.0\A1\_work\dbded102\bin\Release.AnyCPU\Vssf.Sdk\MS.TF.Framework.Server.L0.Tests\MS.TF.Framework.Server.L0.Tests.dll" adapterTypeName="Microsoft.VisualStudio.TestTools.TestTypes.Unit.UnitTestAdapter" className="MS.TF.Framework.Server.L0.Tests.Registry.RegistryServiceCacheTests" name="RegistryServiceCacheTests_InsertReadSpecialChars" />
    </UnitTest>
    <UnitTest name="RegistryServiceCacheTests_InsertUpdateSpecialChars" storage="d:\v2.0\a1\_work\dbded102\bin\release.anycpu\vssf.sdk\ms.tf.framework.server.l0.tests\ms.tf.framework.server.l0.tests.dll" id="e5a250aa-8d0c-436e-49a9-02dc90cf1b47">
      <Execution id="43cc02d0-19bc-4df0-a300-f1b265117e06" />
      <TestMethod codeBase="D:\v2.0\A1\_work\dbded102\bin\Release.AnyCPU\Vssf.Sdk\MS.TF.Framework.Server.L0.Tests\MS.TF.Framework.Server.L0.Tests.dll" adapterTypeName="Microsoft.VisualStudio.TestTools.TestTypes.Unit.UnitTestAdapter" className="MS.TF.Framework.Server.L0.Tests.Registry.RegistryServiceCacheTests" name="RegistryServiceCacheTests_InsertUpdateSpecialChars" />
    </UnitTest>
    <UnitTest name="RegistryServiceCacheTests_ReadCachableTwice" storage="d:\v2.0\a1\_work\dbded102\bin\release.anycpu\vssf.sdk\ms.tf.framework.server.l0.tests\ms.tf.framework.server.l0.tests.dll" id="2dc58d14-a9a5-ddbc-54d4-76203dfb78bd">
      <Execution id="204875d7-ba80-432e-99de-83738c885495" />
      <TestMethod codeBase="D:\v2.0\A1\_work\dbded102\bin\Release.AnyCPU\Vssf.Sdk\MS.TF.Framework.Server.L0.Tests\MS.TF.Framework.Server.L0.Tests.dll" adapterTypeName="Microsoft.VisualStudio.TestTools.TestTypes.Unit.UnitTestAdapter" className="MS.TF.Framework.Server.L0.Tests.Registry.RegistryServiceCacheTests" name="RegistryServiceCacheTests_ReadCachableTwice" />
    </UnitTest>
    <UnitTest name="RegistryServiceCacheTests_ReadUpdatePath" storage="d:\v2.0\a1\_work\dbded102\bin\release.anycpu\vssf.sdk\ms.tf.framework.server.l0.tests\ms.tf.framework.server.l0.tests.dll" id="9842e6f4-7dcd-9b8b-9f51-8eaa5f0a40c6">
      <Execution id="40d39bb8-6a15-426f-aa81-3cbb1ba2ee20" />
      <TestMethod codeBase="D:\v2.0\A1\_work\dbded102\bin\Release.AnyCPU\Vssf.Sdk\MS.TF.Framework.Server.L0.Tests\MS.TF.Framework.Server.L0.Tests.dll" adapterTypeName="Microsoft.VisualStudio.TestTools.TestTypes.Unit.UnitTestAdapter" className="MS.TF.Framework.Server.L0.Tests.Registry.RegistryServiceCacheTests" name="RegistryServiceCacheTests_ReadUpdatePath" />
    </UnitTest>
    <UnitTest name="RegistryServiceCacheTests_ReadOverloads" storage="d:\v2.0\a1\_work\dbded102\bin\release.anycpu\vssf.sdk\ms.tf.framework.server.l0.tests\ms.tf.framework.server.l0.tests.dll" id="da66538f-5010-098e-1191-1679852aff41">
      <Execution id="a9814dcd-f742-428d-976e-10c35c0c227d" />
      <TestMethod codeBase="D:\v2.0\A1\_work\dbded102\bin\Release.AnyCPU\Vssf.Sdk\MS.TF.Framework.Server.L0.Tests\MS.TF.Framework.Server.L0.Tests.dll" adapterTypeName="Microsoft.VisualStudio.TestTools.TestTypes.Unit.UnitTestAdapter" className="MS.TF.Framework.Server.L0.Tests.Registry.RegistryServiceCacheTests" name="RegistryServiceCacheTests_ReadOverloads" />
    </UnitTest>
    <UnitTest name="RegistryServiceCacheTests_FeatureAvailability" storage="d:\v2.0\a1\_work\dbded102\bin\release.anycpu\vssf.sdk\ms.tf.framework.server.l0.tests\ms.tf.framework.server.l0.tests.dll" id="d089f6b6-3e38-5ce3-cb2c-6a27171a9b44">
      <Execution id="0b4a6313-d0cc-466b-8ce8-6fcc2af9df70" />
      <TestMethod codeBase="D:\v2.0\A1\_work\dbded102\bin\Release.AnyCPU\Vssf.Sdk\MS.TF.Framework.Server.L0.Tests\MS.TF.Framework.Server.L0.Tests.dll" adapterTypeName="Microsoft.VisualStudio.TestTools.TestTypes.Unit.UnitTestAdapter" className="MS.TF.Framework.Server.L0.Tests.Registry.RegistryServiceCacheTests" name="RegistryServiceCacheTests_FeatureAvailability" />
    </UnitTest>
    <UnitTest name="RegistryTests_SetValue" storage="d:\v2.0\a1\_work\dbded102\bin\release.anycpu\vssf.sdk\ms.tf.framework.server.l0.tests\ms.tf.framework.server.l0.tests.dll" id="b21f750c-0e45-08bb-6e16-e1fb863a3a68">
      <Execution id="e02d40d8-a15f-47a8-955a-b380724ff5f1" />
      <TestMethod codeBase="D:\v2.0\A1\_work\dbded102\bin\Release.AnyCPU\Vssf.Sdk\MS.TF.Framework.Server.L0.Tests\MS.TF.Framework.Server.L0.Tests.dll" adapterTypeName="Microsoft.VisualStudio.TestTools.TestTypes.Unit.UnitTestAdapter" className="MS.TF.Framework.Server.L0.Tests.Registry.RegistryTests" name="RegistryTests_SetValue" />
    </UnitTest>
    <UnitTest name="RegistryTests_NullAndEmptyStrings" storage="d:\v2.0\a1\_work\dbded102\bin\release.anycpu\vssf.sdk\ms.tf.framework.server.l0.tests\ms.tf.framework.server.l0.tests.dll" id="7e5ccf92-fbc3-ec7c-a63f-616b2ea29c30">
      <Execution id="34393f8b-6670-4cd1-aaf9-53c0a9426622" />
      <TestMethod codeBase="D:\v2.0\A1\_work\dbded102\bin\Release.AnyCPU\Vssf.Sdk\MS.TF.Framework.Server.L0.Tests\MS.TF.Framework.Server.L0.Tests.dll" adapterTypeName="Microsoft.VisualStudio.TestTools.TestTypes.Unit.UnitTestAdapter" className="MS.TF.Framework.Server.L0.Tests.Registry.RegistryTests" name="RegistryTests_NullAndEmptyStrings" />
    </UnitTest>
    <UnitTest name="TranslateWildCard_DoubleSlashEscaped" storage="d:\v2.0\a1\_work\dbded102\bin\release.anycpu\vssf.sdk\ms.tf.framework.server.l0.tests\ms.tf.framework.server.l0.tests.dll" id="757ab5eb-4eef-e8d9-85a7-3c190da44d22">
      <Owners>
        <Owner name="chandrur" />
      </Owners>
      <Execution id="e0915981-fde0-468e-b551-d31e33b26cf1" />
      <TestMethod codeBase="D:\v2.0\A1\_work\dbded102\bin\Release.AnyCPU\Vssf.Sdk\MS.TF.Framework.Server.L0.Tests\MS.TF.Framework.Server.L0.Tests.dll" adapterTypeName="Microsoft.VisualStudio.TestTools.TestTypes.Unit.UnitTestAdapter" className="MS.TF.Framework.Server.L0.Tests.PropertyService.ArtifactSpecTests" name="TranslateWildCard_DoubleSlashEscaped" />
    </UnitTest>
    <UnitTest name="TranslateWildCard_TwoWildCard" storage="d:\v2.0\a1\_work\dbded102\bin\release.anycpu\vssf.sdk\ms.tf.framework.server.l0.tests\ms.tf.framework.server.l0.tests.dll" id="921188e5-b4ce-5361-e76d-da8aca704241">
      <Owners>
        <Owner name="chandrur" />
      </Owners>
      <Execution id="c9a72988-46c4-46af-82ce-6b0c38418380" />
      <TestMethod codeBase="D:\v2.0\A1\_work\dbded102\bin\Release.AnyCPU\Vssf.Sdk\MS.TF.Framework.Server.L0.Tests\MS.TF.Framework.Server.L0.Tests.dll" adapterTypeName="Microsoft.VisualStudio.TestTools.TestTypes.Unit.UnitTestAdapter" className="MS.TF.Framework.Server.L0.Tests.PropertyService.ArtifactSpecTests" name="TranslateWildCard_TwoWildCard" />
    </UnitTest>
    <UnitTest name="TranslateWildCard_WildCardPatterns" storage="d:\v2.0\a1\_work\dbded102\bin\release.anycpu\vssf.sdk\ms.tf.framework.server.l0.tests\ms.tf.framework.server.l0.tests.dll" id="401905b8-8b76-0ca4-2f29-ed10bb12c682">
      <Owners>
        <Owner name="chandrur" />
      </Owners>
      <Execution id="4b569ce9-02b6-49c1-bdcb-ae3ed85bba5d" />
      <TestMethod codeBase="D:\v2.0\A1\_work\dbded102\bin\Release.AnyCPU\Vssf.Sdk\MS.TF.Framework.Server.L0.Tests\MS.TF.Framework.Server.L0.Tests.dll" adapterTypeName="Microsoft.VisualStudio.TestTools.TestTypes.Unit.UnitTestAdapter" className="MS.TF.Framework.Server.L0.Tests.PropertyService.ArtifactSpecTests" name="TranslateWildCard_WildCardPatterns" />
    </UnitTest>
    <UnitTest name="TranslateWildCard_WildCardPatternsWithEscape" storage="d:\v2.0\a1\_work\dbded102\bin\release.anycpu\vssf.sdk\ms.tf.framework.server.l0.tests\ms.tf.framework.server.l0.tests.dll" id="86ec0385-7c23-0aa6-e521-592e4047cbc8">
      <Owners>
        <Owner name="chandrur" />
      </Owners>
      <Execution id="85bf07ae-6562-4025-826a-2be11fccda2b" />
      <TestMethod codeBase="D:\v2.0\A1\_work\dbded102\bin\Release.AnyCPU\Vssf.Sdk\MS.TF.Framework.Server.L0.Tests\MS.TF.Framework.Server.L0.Tests.dll" adapterTypeName="Microsoft.VisualStudio.TestTools.TestTypes.Unit.UnitTestAdapter" className="MS.TF.Framework.Server.L0.Tests.PropertyService.ArtifactSpecTests" name="TranslateWildCard_WildCardPatternsWithEscape" />
    </UnitTest>
    <UnitTest name="TranslateWildCard_SqlMatchingCharactersWithoutWildCard" storage="d:\v2.0\a1\_work\dbded102\bin\release.anycpu\vssf.sdk\ms.tf.framework.server.l0.tests\ms.tf.framework.server.l0.tests.dll" id="e11e8c1f-4507-5425-2e94-4a00e535338a">
      <Owners>
        <Owner name="chandrur" />
      </Owners>
      <Execution id="2f6bfe39-36c6-444a-8bb4-5c3d3b8695ec" />
      <TestMethod codeBase="D:\v2.0\A1\_work\dbded102\bin\Release.AnyCPU\Vssf.Sdk\MS.TF.Framework.Server.L0.Tests\MS.TF.Framework.Server.L0.Tests.dll" adapterTypeName="Microsoft.VisualStudio.TestTools.TestTypes.Unit.UnitTestAdapter" className="MS.TF.Framework.Server.L0.Tests.PropertyService.ArtifactSpecTests" name="TranslateWildCard_SqlMatchingCharactersWithoutWildCard" />
    </UnitTest>
    <UnitTest name="TranslateWildCard_SqlMatchingCharactersWithWildCard" storage="d:\v2.0\a1\_work\dbded102\bin\release.anycpu\vssf.sdk\ms.tf.framework.server.l0.tests\ms.tf.framework.server.l0.tests.dll" id="04e37c3c-41bb-b331-e223-33f1635762af">
      <Owners>
        <Owner name="chandrur" />
      </Owners>
      <Execution id="8fba0f8b-9269-4592-bdeb-fea2512da0bd" />
      <TestMethod codeBase="D:\v2.0\A1\_work\dbded102\bin\Release.AnyCPU\Vssf.Sdk\MS.TF.Framework.Server.L0.Tests\MS.TF.Framework.Server.L0.Tests.dll" adapterTypeName="Microsoft.VisualStudio.TestTools.TestTypes.Unit.UnitTestAdapter" className="MS.TF.Framework.Server.L0.Tests.PropertyService.ArtifactSpecTests" name="TranslateWildCard_SqlMatchingCharactersWithWildCard" />
    </UnitTest>
    <UnitTest name="TranslateWildCard_InvalidEscapeCharacter" storage="d:\v2.0\a1\_work\dbded102\bin\release.anycpu\vssf.sdk\ms.tf.framework.server.l0.tests\ms.tf.framework.server.l0.tests.dll" id="ef07175c-53ab-28b4-8623-bada2f2b31fa">
      <Owners>
        <Owner name="chandrur" />
      </Owners>
      <Execution id="80c7ae21-3e3d-4cde-8ed6-41ba2573a05d" />
      <TestMethod codeBase="D:\v2.0\A1\_work\dbded102\bin\Release.AnyCPU\Vssf.Sdk\MS.TF.Framework.Server.L0.Tests\MS.TF.Framework.Server.L0.Tests.dll" adapterTypeName="Microsoft.VisualStudio.TestTools.TestTypes.Unit.UnitTestAdapter" className="MS.TF.Framework.Server.L0.Tests.PropertyService.ArtifactSpecTests" name="TranslateWildCard_InvalidEscapeCharacter" />
    </UnitTest>
    <UnitTest name="Validate_ZeroAllVersionsAllowed" storage="d:\v2.0\a1\_work\dbded102\bin\release.anycpu\vssf.sdk\ms.tf.framework.server.l0.tests\ms.tf.framework.server.l0.tests.dll" id="f38f9071-63cb-6696-f986-f11152e5b5b5">
      <Owners>
        <Owner name="chandrur" />
      </Owners>
      <Execution id="959d3da2-5e3b-496b-937d-74d516380445" />
      <TestMethod codeBase="D:\v2.0\A1\_work\dbded102\bin\Release.AnyCPU\Vssf.Sdk\MS.TF.Framework.Server.L0.Tests\MS.TF.Framework.Server.L0.Tests.dll" adapterTypeName="Microsoft.VisualStudio.TestTools.TestTypes.Unit.UnitTestAdapter" className="MS.TF.Framework.Server.L0.Tests.PropertyService.ArtifactSpecTests" name="Validate_ZeroAllVersionsAllowed" />
    </UnitTest>
    <UnitTest name="Validate_AllVersionsDisallowedWithoutZero" storage="d:\v2.0\a1\_work\dbded102\bin\release.anycpu\vssf.sdk\ms.tf.framework.server.l0.tests\ms.tf.framework.server.l0.tests.dll" id="c3bfb64a-d9cf-3117-4727-be0ecaf7de48">
      <Owners>
        <Owner name="chandrur" />
      </Owners>
      <Execution id="effdcfa3-d203-46ec-b4bf-c0fc4853118e" />
      <TestMethod codeBase="D:\v2.0\A1\_work\dbded102\bin\Release.AnyCPU\Vssf.Sdk\MS.TF.Framework.Server.L0.Tests\MS.TF.Framework.Server.L0.Tests.dll" adapterTypeName="Microsoft.VisualStudio.TestTools.TestTypes.Unit.UnitTestAdapter" className="MS.TF.Framework.Server.L0.Tests.PropertyService.ArtifactSpecTests" name="Validate_AllVersionsDisallowedWithoutZero" />
    </UnitTest>
    <UnitTest name="Validate_NegativeVersions" storage="d:\v2.0\a1\_work\dbded102\bin\release.anycpu\vssf.sdk\ms.tf.framework.server.l0.tests\ms.tf.framework.server.l0.tests.dll" id="c664fcdf-4746-6ac6-e34a-239d52f769ae">
      <Owners>
        <Owner name="chandrur" />
      </Owners>
      <Execution id="f620d5c6-0c62-4abf-bad1-6f85027cfa69" />
      <TestMethod codeBase="D:\v2.0\A1\_work\dbded102\bin\Release.AnyCPU\Vssf.Sdk\MS.TF.Framework.Server.L0.Tests\MS.TF.Framework.Server.L0.Tests.dll" adapterTypeName="Microsoft.VisualStudio.TestTools.TestTypes.Unit.UnitTestAdapter" className="MS.TF.Framework.Server.L0.Tests.PropertyService.ArtifactSpecTests" name="Validate_NegativeVersions" />
    </UnitTest>
    <UnitTest name="Validate_MaxArtifactLength" storage="d:\v2.0\a1\_work\dbded102\bin\release.anycpu\vssf.sdk\ms.tf.framework.server.l0.tests\ms.tf.framework.server.l0.tests.dll" id="b0908f98-9eb7-309a-d93d-5cc5aeb3d658">
      <Owners>
        <Owner name="chandrur" />
      </Owners>
      <Execution id="b7ef2c6e-1912-4c21-adf7-cbc9c0352cfd" />
      <TestMethod codeBase="D:\v2.0\A1\_work\dbded102\bin\Release.AnyCPU\Vssf.Sdk\MS.TF.Framework.Server.L0.Tests\MS.TF.Framework.Server.L0.Tests.dll" adapterTypeName="Microsoft.VisualStudio.TestTools.TestTypes.Unit.UnitTestAdapter" className="MS.TF.Framework.Server.L0.Tests.PropertyService.ArtifactSpecTests" name="Validate_MaxArtifactLength" />
    </UnitTest>
    <UnitTest name="Validate_MaxMonikerLength" storage="d:\v2.0\a1\_work\dbded102\bin\release.anycpu\vssf.sdk\ms.tf.framework.server.l0.tests\ms.tf.framework.server.l0.tests.dll" id="25ea960b-cc7d-2afb-7584-b7a93d32289d">
      <Owners>
        <Owner name="chandrur" />
      </Owners>
      <Execution id="45c8dab7-73d4-4830-b5a0-82c1667c17a9" />
      <TestMethod codeBase="D:\v2.0\A1\_work\dbded102\bin\Release.AnyCPU\Vssf.Sdk\MS.TF.Framework.Server.L0.Tests\MS.TF.Framework.Server.L0.Tests.dll" adapterTypeName="Microsoft.VisualStudio.TestTools.TestTypes.Unit.UnitTestAdapter" className="MS.TF.Framework.Server.L0.Tests.PropertyService.ArtifactSpecTests" name="Validate_MaxMonikerLength" />
    </UnitTest>
    <UnitTest name="ArtifactKind_Clone" storage="d:\v2.0\a1\_work\dbded102\bin\release.anycpu\vssf.sdk\ms.tf.framework.server.l0.tests\ms.tf.framework.server.l0.tests.dll" id="31dc069d-cb60-a5a9-59cf-7de1c2261f72">
      <Owners>
        <Owner name="chandrur" />
      </Owners>
      <Execution id="35047259-b831-4344-ae7e-43841b5be1c2" />
      <TestMethod codeBase="D:\v2.0\A1\_work\dbded102\bin\Release.AnyCPU\Vssf.Sdk\MS.TF.Framework.Server.L0.Tests\MS.TF.Framework.Server.L0.Tests.dll" adapterTypeName="Microsoft.VisualStudio.TestTools.TestTypes.Unit.UnitTestAdapter" className="MS.TF.Framework.Server.L0.Tests.PropertyService.ArtifactSpecTests" name="ArtifactKind_Clone" />
    </UnitTest>
    <UnitTest name="GetProperties_InvalidColumnName_NoSuffix" storage="d:\v2.0\a1\_work\dbded102\bin\release.anycpu\vssf.sdk\ms.tf.framework.server.l0.tests\ms.tf.framework.server.l0.tests.dll" id="ceb458d2-cfa6-e804-7930-cb910430a485">
      <Owners>
        <Owner name="chandrur" />
      </Owners>
      <Execution id="fb01ca23-a9ae-40b9-8dca-791cab49ee19" />
      <TestMethod codeBase="D:\v2.0\A1\_work\dbded102\bin\Release.AnyCPU\Vssf.Sdk\MS.TF.Framework.Server.L0.Tests\MS.TF.Framework.Server.L0.Tests.dll" adapterTypeName="Microsoft.VisualStudio.TestTools.TestTypes.Unit.UnitTestAdapter" className="MS.TF.Framework.Server.L0.Tests.PropertyService.PropertyServiceTests" name="GetProperties_InvalidColumnName_NoSuffix" />
    </UnitTest>
    <UnitTest name="GetProperties_InvalidColumnName_WrongSuffix" storage="d:\v2.0\a1\_work\dbded102\bin\release.anycpu\vssf.sdk\ms.tf.framework.server.l0.tests\ms.tf.framework.server.l0.tests.dll" id="32b8942e-c431-66f8-b00d-ddead35c450e">
      <Owners>
        <Owner name="chandrur" />
      </Owners>
      <Execution id="ff291142-16cc-4462-bde6-dd38cbf4d066" />
      <TestMethod codeBase="D:\v2.0\A1\_work\dbded102\bin\Release.AnyCPU\Vssf.Sdk\MS.TF.Framework.Server.L0.Tests\MS.TF.Framework.Server.L0.Tests.dll" adapterTypeName="Microsoft.VisualStudio.TestTools.TestTypes.Unit.UnitTestAdapter" className="MS.TF.Framework.Server.L0.Tests.PropertyService.PropertyServiceTests" name="GetProperties_InvalidColumnName_WrongSuffix" />
    </UnitTest>
    <UnitTest name="OperationStatusDefaultsToNotSet" storage="d:\v2.0\a1\_work\dbded102\bin\release.anycpu\vssf.sdk\ms.tf.framework.server.l0.tests\ms.tf.framework.server.l0.tests.dll" id="c45ac35e-388d-11c2-3a6e-e84668f80876">
      <Owners>
        <Owner name="johnmo" />
      </Owners>
      <Execution id="665849ba-7b4b-4efc-8308-22b8571d813d" />
      <TestMethod codeBase="D:\v2.0\A1\_work\dbded102\bin\Release.AnyCPU\Vssf.Sdk\MS.TF.Framework.Server.L0.Tests\MS.TF.Framework.Server.L0.Tests.dll" adapterTypeName="Microsoft.VisualStudio.TestTools.TestTypes.Unit.UnitTestAdapter" className="MS.TF.Framework.Server.L0.Tests.Operations.OperationsTests" name="OperationStatusDefaultsToNotSet" />
    </UnitTest>
    <UnitTest name="OperationInheritsOperationReferenceSettings" storage="d:\v2.0\a1\_work\dbded102\bin\release.anycpu\vssf.sdk\ms.tf.framework.server.l0.tests\ms.tf.framework.server.l0.tests.dll" id="b019639e-8208-b3ee-b931-62638a2d8873">
      <Owners>
        <Owner name="johnmo" />
      </Owners>
      <Execution id="74e5ab57-419e-49a5-abad-c0c988dd47b9" />
      <TestMethod codeBase="D:\v2.0\A1\_work\dbded102\bin\Release.AnyCPU\Vssf.Sdk\MS.TF.Framework.Server.L0.Tests\MS.TF.Framework.Server.L0.Tests.dll" adapterTypeName="Microsoft.VisualStudio.TestTools.TestTypes.Unit.UnitTestAdapter" className="MS.TF.Framework.Server.L0.Tests.Operations.OperationsTests" name="OperationInheritsOperationReferenceSettings" />
    </UnitTest>
    <UnitTest name="OperationBuildsSelfLinkAndResultMessage" storage="d:\v2.0\a1\_work\dbded102\bin\release.anycpu\vssf.sdk\ms.tf.framework.server.l0.tests\ms.tf.framework.server.l0.tests.dll" id="d8855c11-ae49-6b11-4d15-226e7dc1edcf">
      <Owners>
        <Owner name="johnmo" />
      </Owners>
      <Execution id="41bad48e-5540-4011-8f23-755797a3298c" />
      <TestMethod codeBase="D:\v2.0\A1\_work\dbded102\bin\Release.AnyCPU\Vssf.Sdk\MS.TF.Framework.Server.L0.Tests\MS.TF.Framework.Server.L0.Tests.dll" adapterTypeName="Microsoft.VisualStudio.TestTools.TestTypes.Unit.UnitTestAdapter" className="MS.TF.Framework.Server.L0.Tests.Operations.OperationsTests" name="OperationBuildsSelfLinkAndResultMessage" />
    </UnitTest>
    <UnitTest name="QueryingEmptyJobSetYieldsNothing" storage="d:\v2.0\a1\_work\dbded102\bin\release.anycpu\vssf.sdk\ms.tf.framework.server.l0.tests\ms.tf.framework.server.l0.tests.dll" priority="1" id="80bd3674-dc78-08c6-b3fb-9be75e473f77">
      <Owners>
        <Owner name="paveli" />
      </Owners>
      <Execution id="1892aa5b-da75-4b93-b521-20ac88fac92c" />
      <TestMethod codeBase="D:\v2.0\A1\_work\dbded102\bin\Release.AnyCPU\Vssf.Sdk\MS.TF.Framework.Server.L0.Tests\MS.TF.Framework.Server.L0.Tests.dll" adapterTypeName="Microsoft.VisualStudio.TestTools.TestTypes.Unit.UnitTestAdapter" className="MS.TF.Framework.Server.L0.Tests.Jobs.JobDefinitionTests" name="QueryingEmptyJobSetYieldsNothing" />
    </UnitTest>
    <UnitTest name="QueryingNullJobSetYieldsEverything" storage="d:\v2.0\a1\_work\dbded102\bin\release.anycpu\vssf.sdk\ms.tf.framework.server.l0.tests\ms.tf.framework.server.l0.tests.dll" priority="1" id="172f0303-8d8e-788e-3d56-9b65dac6a831">
      <Owners>
        <Owner name="paveli" />
      </Owners>
      <Execution id="75417a4b-6060-4561-9805-6f84bb463749" />
      <TestMethod codeBase="D:\v2.0\A1\_work\dbded102\bin\Release.AnyCPU\Vssf.Sdk\MS.TF.Framework.Server.L0.Tests\MS.TF.Framework.Server.L0.Tests.dll" adapterTypeName="Microsoft.VisualStudio.TestTools.TestTypes.Unit.UnitTestAdapter" className="MS.TF.Framework.Server.L0.Tests.Jobs.JobDefinitionTests" name="QueryingNullJobSetYieldsEverything" />
    </UnitTest>
    <UnitTest name="QueryingSingleJobCallsSpecializedApi" storage="d:\v2.0\a1\_work\dbded102\bin\release.anycpu\vssf.sdk\ms.tf.framework.server.l0.tests\ms.tf.framework.server.l0.tests.dll" priority="1" id="868cc873-6b2b-210e-94f7-3659141de4f9">
      <Owners>
        <Owner name="paveli" />
      </Owners>
      <Execution id="7ee8ab26-e1d9-468e-9ea1-c0c0f2ee3fea" />
      <TestMethod codeBase="D:\v2.0\A1\_work\dbded102\bin\Release.AnyCPU\Vssf.Sdk\MS.TF.Framework.Server.L0.Tests\MS.TF.Framework.Server.L0.Tests.dll" adapterTypeName="Microsoft.VisualStudio.TestTools.TestTypes.Unit.UnitTestAdapter" className="MS.TF.Framework.Server.L0.Tests.Jobs.JobDefinitionTests" name="QueryingSingleJobCallsSpecializedApi" />
    </UnitTest>
    <UnitTest name="QueryingEmptyJobSetViaClientApiYieldsEverything" storage="d:\v2.0\a1\_work\dbded102\bin\release.anycpu\vssf.sdk\ms.tf.framework.server.l0.tests\ms.tf.framework.server.l0.tests.dll" priority="1" id="a3758c2e-8532-bd87-5894-705b9e3c964a">
      <Owners>
        <Owner name="paveli" />
      </Owners>
      <Execution id="530d7e33-c3ec-4959-979e-6e01b5215b9f" />
      <TestMethod codeBase="D:\v2.0\A1\_work\dbded102\bin\Release.AnyCPU\Vssf.Sdk\MS.TF.Framework.Server.L0.Tests\MS.TF.Framework.Server.L0.Tests.dll" adapterTypeName="Microsoft.VisualStudio.TestTools.TestTypes.Unit.UnitTestAdapter" className="MS.TF.Framework.Server.L0.Tests.Jobs.JobDefinitionTests" name="QueryingEmptyJobSetViaClientApiYieldsEverything" />
    </UnitTest>
    <UnitTest name="QueryingEmptyJobSetYieldsNothing" storage="d:\v2.0\a1\_work\dbded102\bin\release.anycpu\vssf.sdk\ms.tf.framework.server.l0.tests\ms.tf.framework.server.l0.tests.dll" priority="1" id="5632a475-8bb5-913e-76ae-addeb5efe602">
      <Owners>
        <Owner name="paveli" />
      </Owners>
      <Execution id="00e46ef6-73e6-4f81-8505-c8de522a67bf" />
      <TestMethod codeBase="D:\v2.0\A1\_work\dbded102\bin\Release.AnyCPU\Vssf.Sdk\MS.TF.Framework.Server.L0.Tests\MS.TF.Framework.Server.L0.Tests.dll" adapterTypeName="Microsoft.VisualStudio.TestTools.TestTypes.Unit.UnitTestAdapter" className="MS.TF.Framework.Server.L0.Tests.Jobs.JobHistoryTests" name="QueryingEmptyJobSetYieldsNothing" />
    </UnitTest>
    <UnitTest name="QueryingNullJobSetYieldsEverything" storage="d:\v2.0\a1\_work\dbded102\bin\release.anycpu\vssf.sdk\ms.tf.framework.server.l0.tests\ms.tf.framework.server.l0.tests.dll" priority="1" id="56d76847-f795-77f9-3b26-647be7639f37">
      <Owners>
        <Owner name="paveli" />
      </Owners>
      <Execution id="923ff395-8b61-4d6a-8121-4031102786b9" />
      <TestMethod codeBase="D:\v2.0\A1\_work\dbded102\bin\Release.AnyCPU\Vssf.Sdk\MS.TF.Framework.Server.L0.Tests\MS.TF.Framework.Server.L0.Tests.dll" adapterTypeName="Microsoft.VisualStudio.TestTools.TestTypes.Unit.UnitTestAdapter" className="MS.TF.Framework.Server.L0.Tests.Jobs.JobHistoryTests" name="QueryingNullJobSetYieldsEverything" />
    </UnitTest>
    <UnitTest name="QueryingEmptyJobSetViaClientApiYieldsEverything" storage="d:\v2.0\a1\_work\dbded102\bin\release.anycpu\vssf.sdk\ms.tf.framework.server.l0.tests\ms.tf.framework.server.l0.tests.dll" priority="1" id="ca9be802-0b82-1933-c3dc-46598cca11a6">
      <Owners>
        <Owner name="paveli" />
      </Owners>
      <Execution id="29cb5566-207c-437f-ab41-40d57c383f3a" />
      <TestMethod codeBase="D:\v2.0\A1\_work\dbded102\bin\Release.AnyCPU\Vssf.Sdk\MS.TF.Framework.Server.L0.Tests\MS.TF.Framework.Server.L0.Tests.dll" adapterTypeName="Microsoft.VisualStudio.TestTools.TestTypes.Unit.UnitTestAdapter" className="MS.TF.Framework.Server.L0.Tests.Jobs.JobHistoryTests" name="QueryingEmptyJobSetViaClientApiYieldsEverything" />
    </UnitTest>
    <UnitTest name="IdleLevelYieldsLowestPriorityForEveryClass" storage="d:\v2.0\a1\_work\dbded102\bin\release.anycpu\vssf.sdk\ms.tf.framework.server.l0.tests\ms.tf.framework.server.l0.tests.dll" id="ab71bb16-f810-78b6-1277-eea73bc535ce">
      <Execution id="a19568cb-2364-4605-b8d2-fae93fbdd551" />
      <TestMethod codeBase="D:\v2.0\A1\_work\dbded102\bin\Release.AnyCPU\Vssf.Sdk\MS.TF.Framework.Server.L0.Tests\MS.TF.Framework.Server.L0.Tests.dll" adapterTypeName="Microsoft.VisualStudio.TestTools.TestTypes.Unit.UnitTestAdapter" className="MS.TF.Framework.Server.L0.Tests.Jobs.JobPriorityTests" name="IdleLevelYieldsLowestPriorityForEveryClass" />
    </UnitTest>
    <UnitTest name="ParseNullAndEmpty" storage="d:\v2.0\a1\_work\dbded102\bin\release.anycpu\vssf.sdk\ms.tf.framework.server.l0.tests\ms.tf.framework.server.l0.tests.dll" id="2b6e2499-f99f-254b-b532-76ec7fa5d216">
      <Owners>
        <Owner name="cwishart" />
      </Owners>
      <Execution id="2aa8c934-1fed-4de0-b717-69d1706dcf96" />
      <TestMethod codeBase="D:\v2.0\A1\_work\dbded102\bin\Release.AnyCPU\Vssf.Sdk\MS.TF.Framework.Server.L0.Tests\MS.TF.Framework.Server.L0.Tests.dll" adapterTypeName="Microsoft.VisualStudio.TestTools.TestTypes.Unit.UnitTestAdapter" className="MS.TF.Framework.Server.L0.Tests.InstanceManagement.RegionHelperTests" name="ParseNullAndEmpty" />
    </UnitTest>
    <UnitTest name="ParseRegionSingle" storage="d:\v2.0\a1\_work\dbded102\bin\release.anycpu\vssf.sdk\ms.tf.framework.server.l0.tests\ms.tf.framework.server.l0.tests.dll" id="ed7e8616-a367-55a2-8553-6b2c5717b36f">
      <Owners>
        <Owner name="cwishart" />
      </Owners>
      <Execution id="1af21e95-66e8-4193-8481-7611b5956858" />
      <TestMethod codeBase="D:\v2.0\A1\_work\dbded102\bin\Release.AnyCPU\Vssf.Sdk\MS.TF.Framework.Server.L0.Tests\MS.TF.Framework.Server.L0.Tests.dll" adapterTypeName="Microsoft.VisualStudio.TestTools.TestTypes.Unit.UnitTestAdapter" className="MS.TF.Framework.Server.L0.Tests.InstanceManagement.RegionHelperTests" name="ParseRegionSingle" />
    </UnitTest>
    <UnitTest name="ParseRegionList" storage="d:\v2.0\a1\_work\dbded102\bin\release.anycpu\vssf.sdk\ms.tf.framework.server.l0.tests\ms.tf.framework.server.l0.tests.dll" id="bced19eb-7849-162f-d926-f5ceb5b0e782">
      <Owners>
        <Owner name="cwishart" />
      </Owners>
      <Execution id="06a493e3-90f9-4c35-95e3-d71533aa74df" />
      <TestMethod codeBase="D:\v2.0\A1\_work\dbded102\bin\Release.AnyCPU\Vssf.Sdk\MS.TF.Framework.Server.L0.Tests\MS.TF.Framework.Server.L0.Tests.dll" adapterTypeName="Microsoft.VisualStudio.TestTools.TestTypes.Unit.UnitTestAdapter" className="MS.TF.Framework.Server.L0.Tests.InstanceManagement.RegionHelperTests" name="ParseRegionList" />
    </UnitTest>
    <UnitTest name="ParseRegionWildCard" storage="d:\v2.0\a1\_work\dbded102\bin\release.anycpu\vssf.sdk\ms.tf.framework.server.l0.tests\ms.tf.framework.server.l0.tests.dll" id="7c5cdbfa-95a2-9986-9830-5eaf5dc87e02">
      <Owners>
        <Owner name="cwishart" />
      </Owners>
      <Execution id="3016ccca-2291-44e9-b479-037d1bd54dfa" />
      <TestMethod codeBase="D:\v2.0\A1\_work\dbded102\bin\Release.AnyCPU\Vssf.Sdk\MS.TF.Framework.Server.L0.Tests\MS.TF.Framework.Server.L0.Tests.dll" adapterTypeName="Microsoft.VisualStudio.TestTools.TestTypes.Unit.UnitTestAdapter" className="MS.TF.Framework.Server.L0.Tests.InstanceManagement.RegionHelperTests" name="ParseRegionWildCard" />
    </UnitTest>
    <UnitTest name="ParseRegionInvalid" storage="d:\v2.0\a1\_work\dbded102\bin\release.anycpu\vssf.sdk\ms.tf.framework.server.l0.tests\ms.tf.framework.server.l0.tests.dll" id="4ba5eb71-4beb-6255-561f-755d8731397f">
      <Owners>
        <Owner name="cwishart" />
      </Owners>
      <Execution id="981d70e2-5d88-41c9-8f9f-da4c8eb3e234" />
      <TestMethod codeBase="D:\v2.0\A1\_work\dbded102\bin\Release.AnyCPU\Vssf.Sdk\MS.TF.Framework.Server.L0.Tests\MS.TF.Framework.Server.L0.Tests.dll" adapterTypeName="Microsoft.VisualStudio.TestTools.TestTypes.Unit.UnitTestAdapter" className="MS.TF.Framework.Server.L0.Tests.InstanceManagement.RegionHelperTests" name="ParseRegionInvalid" />
    </UnitTest>
    <UnitTest name="ParseRegionComma" storage="d:\v2.0\a1\_work\dbded102\bin\release.anycpu\vssf.sdk\ms.tf.framework.server.l0.tests\ms.tf.framework.server.l0.tests.dll" id="48df4768-a09a-b4e8-7beb-22880793c27c">
      <Owners>
        <Owner name="cwishart" />
      </Owners>
      <Execution id="133412b1-d1c2-4a84-8fb3-91888bf0bcc4" />
      <TestMethod codeBase="D:\v2.0\A1\_work\dbded102\bin\Release.AnyCPU\Vssf.Sdk\MS.TF.Framework.Server.L0.Tests\MS.TF.Framework.Server.L0.Tests.dll" adapterTypeName="Microsoft.VisualStudio.TestTools.TestTypes.Unit.UnitTestAdapter" className="MS.TF.Framework.Server.L0.Tests.InstanceManagement.RegionHelperTests" name="ParseRegionComma" />
    </UnitTest>
    <UnitTest name="ParseWeightSingle" storage="d:\v2.0\a1\_work\dbded102\bin\release.anycpu\vssf.sdk\ms.tf.framework.server.l0.tests\ms.tf.framework.server.l0.tests.dll" id="698e8f8f-02a5-7e78-4827-52d2d1cc4d9b">
      <Owners>
        <Owner name="cwishart" />
      </Owners>
      <Execution id="0e70f707-3317-4ffe-9d03-de9a10d5e87a" />
      <TestMethod codeBase="D:\v2.0\A1\_work\dbded102\bin\Release.AnyCPU\Vssf.Sdk\MS.TF.Framework.Server.L0.Tests\MS.TF.Framework.Server.L0.Tests.dll" adapterTypeName="Microsoft.VisualStudio.TestTools.TestTypes.Unit.UnitTestAdapter" className="MS.TF.Framework.Server.L0.Tests.InstanceManagement.RegionHelperTests" name="ParseWeightSingle" />
    </UnitTest>
    <UnitTest name="ParseWeightList" storage="d:\v2.0\a1\_work\dbded102\bin\release.anycpu\vssf.sdk\ms.tf.framework.server.l0.tests\ms.tf.framework.server.l0.tests.dll" id="7e0f10df-cf1d-fd9c-6651-844a8e6ed92b">
      <Owners>
        <Owner name="cwishart" />
      </Owners>
      <Execution id="88452005-624b-4e12-bd5c-dc0a4f8d777b" />
      <TestMethod codeBase="D:\v2.0\A1\_work\dbded102\bin\Release.AnyCPU\Vssf.Sdk\MS.TF.Framework.Server.L0.Tests\MS.TF.Framework.Server.L0.Tests.dll" adapterTypeName="Microsoft.VisualStudio.TestTools.TestTypes.Unit.UnitTestAdapter" className="MS.TF.Framework.Server.L0.Tests.InstanceManagement.RegionHelperTests" name="ParseWeightList" />
    </UnitTest>
    <UnitTest name="ParseWeightNegative" storage="d:\v2.0\a1\_work\dbded102\bin\release.anycpu\vssf.sdk\ms.tf.framework.server.l0.tests\ms.tf.framework.server.l0.tests.dll" id="6ad33cb9-00a8-b73c-031f-02d801368756">
      <Owners>
        <Owner name="cwishart" />
      </Owners>
      <Execution id="5eb95027-1c68-4bc7-8642-8fd2fbf5ba3d" />
      <TestMethod codeBase="D:\v2.0\A1\_work\dbded102\bin\Release.AnyCPU\Vssf.Sdk\MS.TF.Framework.Server.L0.Tests\MS.TF.Framework.Server.L0.Tests.dll" adapterTypeName="Microsoft.VisualStudio.TestTools.TestTypes.Unit.UnitTestAdapter" className="MS.TF.Framework.Server.L0.Tests.InstanceManagement.RegionHelperTests" name="ParseWeightNegative" />
    </UnitTest>
    <UnitTest name="ParseWeightTooLarge" storage="d:\v2.0\a1\_work\dbded102\bin\release.anycpu\vssf.sdk\ms.tf.framework.server.l0.tests\ms.tf.framework.server.l0.tests.dll" id="1620493b-c041-7374-bdb1-71d931a97ee3">
      <Owners>
        <Owner name="cwishart" />
      </Owners>
      <Execution id="d6fef033-f15b-49ba-9ca1-9d1f2c2c116e" />
      <TestMethod codeBase="D:\v2.0\A1\_work\dbded102\bin\Release.AnyCPU\Vssf.Sdk\MS.TF.Framework.Server.L0.Tests\MS.TF.Framework.Server.L0.Tests.dll" adapterTypeName="Microsoft.VisualStudio.TestTools.TestTypes.Unit.UnitTestAdapter" className="MS.TF.Framework.Server.L0.Tests.InstanceManagement.RegionHelperTests" name="ParseWeightTooLarge" />
    </UnitTest>
    <UnitTest name="ParseWeightComma" storage="d:\v2.0\a1\_work\dbded102\bin\release.anycpu\vssf.sdk\ms.tf.framework.server.l0.tests\ms.tf.framework.server.l0.tests.dll" id="8791bb1c-82bb-cf0c-3758-95e76ddc18d5">
      <Owners>
        <Owner name="cwishart" />
      </Owners>
      <Execution id="afc4dcfc-fb72-4941-8384-3fbae0968d60" />
      <TestMethod codeBase="D:\v2.0\A1\_work\dbded102\bin\Release.AnyCPU\Vssf.Sdk\MS.TF.Framework.Server.L0.Tests\MS.TF.Framework.Server.L0.Tests.dll" adapterTypeName="Microsoft.VisualStudio.TestTools.TestTypes.Unit.UnitTestAdapter" className="MS.TF.Framework.Server.L0.Tests.InstanceManagement.RegionHelperTests" name="ParseWeightComma" />
    </UnitTest>
    <UnitTest name="ParseWeightNonNumber" storage="d:\v2.0\a1\_work\dbded102\bin\release.anycpu\vssf.sdk\ms.tf.framework.server.l0.tests\ms.tf.framework.server.l0.tests.dll" id="5b3f8e0d-9e16-f957-2aa4-9a0bbbdab60b">
      <Owners>
        <Owner name="cwishart" />
      </Owners>
      <Execution id="3f328b46-57c2-4d17-b8f6-94fffb3ed543" />
      <TestMethod codeBase="D:\v2.0\A1\_work\dbded102\bin\Release.AnyCPU\Vssf.Sdk\MS.TF.Framework.Server.L0.Tests\MS.TF.Framework.Server.L0.Tests.dll" adapterTypeName="Microsoft.VisualStudio.TestTools.TestTypes.Unit.UnitTestAdapter" className="MS.TF.Framework.Server.L0.Tests.InstanceManagement.RegionHelperTests" name="ParseWeightNonNumber" />
    </UnitTest>
    <UnitTest name="ParseRegionsAndWeights" storage="d:\v2.0\a1\_work\dbded102\bin\release.anycpu\vssf.sdk\ms.tf.framework.server.l0.tests\ms.tf.framework.server.l0.tests.dll" id="ca3e3896-e83f-775a-edf7-89ec7e9e0671">
      <Owners>
        <Owner name="cwishart" />
      </Owners>
      <Execution id="4245e7e1-da80-41b9-a2e0-ff5a35b1a6ce" />
      <TestMethod codeBase="D:\v2.0\A1\_work\dbded102\bin\Release.AnyCPU\Vssf.Sdk\MS.TF.Framework.Server.L0.Tests\MS.TF.Framework.Server.L0.Tests.dll" adapterTypeName="Microsoft.VisualStudio.TestTools.TestTypes.Unit.UnitTestAdapter" className="MS.TF.Framework.Server.L0.Tests.InstanceManagement.RegionHelperTests" name="ParseRegionsAndWeights" />
    </UnitTest>
    <UnitTest name="ParseRegionsAndWeightsNotSameSizeLists" storage="d:\v2.0\a1\_work\dbded102\bin\release.anycpu\vssf.sdk\ms.tf.framework.server.l0.tests\ms.tf.framework.server.l0.tests.dll" id="437b2e1c-29c5-40bd-a38f-d4179c174ec6">
      <Owners>
        <Owner name="cwishart" />
      </Owners>
      <Execution id="4bec548e-31c4-46b9-8287-6940f8b0968c" />
      <TestMethod codeBase="D:\v2.0\A1\_work\dbded102\bin\Release.AnyCPU\Vssf.Sdk\MS.TF.Framework.Server.L0.Tests\MS.TF.Framework.Server.L0.Tests.dll" adapterTypeName="Microsoft.VisualStudio.TestTools.TestTypes.Unit.UnitTestAdapter" className="MS.TF.Framework.Server.L0.Tests.InstanceManagement.RegionHelperTests" name="ParseRegionsAndWeightsNotSameSizeLists" />
    </UnitTest>
    <UnitTest name="ParseRegionsAndWeightsOneInvalidElement" storage="d:\v2.0\a1\_work\dbded102\bin\release.anycpu\vssf.sdk\ms.tf.framework.server.l0.tests\ms.tf.framework.server.l0.tests.dll" id="5283731e-fce4-ad12-1146-417fb3166b99">
      <Owners>
        <Owner name="cwishart" />
      </Owners>
      <Execution id="f6b6dbe5-6883-4759-b5ab-86a47e17d976" />
      <TestMethod codeBase="D:\v2.0\A1\_work\dbded102\bin\Release.AnyCPU\Vssf.Sdk\MS.TF.Framework.Server.L0.Tests\MS.TF.Framework.Server.L0.Tests.dll" adapterTypeName="Microsoft.VisualStudio.TestTools.TestTypes.Unit.UnitTestAdapter" className="MS.TF.Framework.Server.L0.Tests.InstanceManagement.RegionHelperTests" name="ParseRegionsAndWeightsOneInvalidElement" />
    </UnitTest>
    <UnitTest name="VssExtensionManagementService_StartEnd" storage="d:\v2.0\a1\_work\dbded102\bin\release.anycpu\vssf.sdk\ms.tf.framework.server.l0.tests\ms.tf.framework.server.l0.tests.dll" id="d33fd9a3-22a8-625d-acb8-2038540d9465">
      <Execution id="0abef395-f287-4136-8f72-fa12ab4b22da" />
      <TestMethod codeBase="D:\v2.0\A1\_work\dbded102\bin\Release.AnyCPU\Vssf.Sdk\MS.TF.Framework.Server.L0.Tests\MS.TF.Framework.Server.L0.Tests.dll" adapterTypeName="Microsoft.VisualStudio.TestTools.TestTypes.Unit.UnitTestAdapter" className="MS.TF.Framework.Server.L0.Tests.Extensioons.VssExtensionManagementServiceTests" name="VssExtensionManagementService_StartEnd" />
    </UnitTest>
    <UnitTest name="VssExtensionManagementService_CheckDisposable" storage="d:\v2.0\a1\_work\dbded102\bin\release.anycpu\vssf.sdk\ms.tf.framework.server.l0.tests\ms.tf.framework.server.l0.tests.dll" id="cce465df-dabc-1e2c-7c21-b558fd903f72">
      <Execution id="48f79398-6c69-438b-962e-b95158b7b1b8" />
      <TestMethod codeBase="D:\v2.0\A1\_work\dbded102\bin\Release.AnyCPU\Vssf.Sdk\MS.TF.Framework.Server.L0.Tests\MS.TF.Framework.Server.L0.Tests.dll" adapterTypeName="Microsoft.VisualStudio.TestTools.TestTypes.Unit.UnitTestAdapter" className="MS.TF.Framework.Server.L0.Tests.Extensioons.VssExtensionManagementServiceTests" name="VssExtensionManagementService_CheckDisposable" />
    </UnitTest>
    <UnitTest name="VssExtensionManagementService_CheckRefEqualityExtensionFirst" storage="d:\v2.0\a1\_work\dbded102\bin\release.anycpu\vssf.sdk\ms.tf.framework.server.l0.tests\ms.tf.framework.server.l0.tests.dll" id="c3edca98-f5f4-c1ea-da68-8f779c3a4d76">
      <Execution id="12916d10-9e55-452a-83cf-acd422523163" />
      <TestMethod codeBase="D:\v2.0\A1\_work\dbded102\bin\Release.AnyCPU\Vssf.Sdk\MS.TF.Framework.Server.L0.Tests\MS.TF.Framework.Server.L0.Tests.dll" adapterTypeName="Microsoft.VisualStudio.TestTools.TestTypes.Unit.UnitTestAdapter" className="MS.TF.Framework.Server.L0.Tests.Extensioons.VssExtensionManagementServiceTests" name="VssExtensionManagementService_CheckRefEqualityExtensionFirst" />
    </UnitTest>
    <UnitTest name="VssExtensionManagementService_CheckRefEqualityExtensionsFirst" storage="d:\v2.0\a1\_work\dbded102\bin\release.anycpu\vssf.sdk\ms.tf.framework.server.l0.tests\ms.tf.framework.server.l0.tests.dll" id="241a43ad-3307-a012-471d-0ec4772ea9fa">
      <Execution id="c38373a4-ea7b-4a2d-b479-a4f60836f767" />
      <TestMethod codeBase="D:\v2.0\A1\_work\dbded102\bin\Release.AnyCPU\Vssf.Sdk\MS.TF.Framework.Server.L0.Tests\MS.TF.Framework.Server.L0.Tests.dll" adapterTypeName="Microsoft.VisualStudio.TestTools.TestTypes.Unit.UnitTestAdapter" className="MS.TF.Framework.Server.L0.Tests.Extensioons.VssExtensionManagementServiceTests" name="VssExtensionManagementService_CheckRefEqualityExtensionsFirst" />
    </UnitTest>
    <UnitTest name="VssExtensionManagementService_LoadAllPlugins" storage="d:\v2.0\a1\_work\dbded102\bin\release.anycpu\vssf.sdk\ms.tf.framework.server.l0.tests\ms.tf.framework.server.l0.tests.dll" id="7b0173db-0454-2263-589b-d84e56caaea0">
      <Execution id="e669d2e2-0193-4f59-a7dd-1a4e994aeec3" />
      <TestMethod codeBase="D:\v2.0\A1\_work\dbded102\bin\Release.AnyCPU\Vssf.Sdk\MS.TF.Framework.Server.L0.Tests\MS.TF.Framework.Server.L0.Tests.dll" adapterTypeName="Microsoft.VisualStudio.TestTools.TestTypes.Unit.UnitTestAdapter" className="MS.TF.Framework.Server.L0.Tests.Extensioons.VssExtensionManagementServiceTests" name="VssExtensionManagementService_LoadAllPlugins" />
    </UnitTest>
    <UnitTest name="VssExtensionManagementService_LoadAllPlugins_LegacyMef" storage="d:\v2.0\a1\_work\dbded102\bin\release.anycpu\vssf.sdk\ms.tf.framework.server.l0.tests\ms.tf.framework.server.l0.tests.dll" id="97f1acc1-b750-a011-1d4f-6bbef9a3b9ad">
      <Execution id="d67e1668-084d-4aec-8da3-87d51fed649c" />
      <TestMethod codeBase="D:\v2.0\A1\_work\dbded102\bin\Release.AnyCPU\Vssf.Sdk\MS.TF.Framework.Server.L0.Tests\MS.TF.Framework.Server.L0.Tests.dll" adapterTypeName="Microsoft.VisualStudio.TestTools.TestTypes.Unit.UnitTestAdapter" className="MS.TF.Framework.Server.L0.Tests.Extensioons.VssExtensionManagementServiceTests" name="VssExtensionManagementService_LoadAllPlugins_LegacyMef" />
    </UnitTest>
    <UnitTest name="VssExtensionManagementService_TestExtensionExtensionsReferenceEquality" storage="d:\v2.0\a1\_work\dbded102\bin\release.anycpu\vssf.sdk\ms.tf.framework.server.l0.tests\ms.tf.framework.server.l0.tests.dll" id="5034de75-b916-7ccc-a372-54f6a413bbde">
      <Execution id="e59ff622-7076-4d9e-9566-74990ec3e358" />
      <TestMethod codeBase="D:\v2.0\A1\_work\dbded102\bin\Release.AnyCPU\Vssf.Sdk\MS.TF.Framework.Server.L0.Tests\MS.TF.Framework.Server.L0.Tests.dll" adapterTypeName="Microsoft.VisualStudio.TestTools.TestTypes.Unit.UnitTestAdapter" className="MS.TF.Framework.Server.L0.Tests.Extensioons.VssExtensionManagementService_ExtensionTests" name="VssExtensionManagementService_TestExtensionExtensionsReferenceEquality" />
    </UnitTest>
    <UnitTest name="VssExtensionManagementService_TestUnimplementedExtensionRaw" storage="d:\v2.0\a1\_work\dbded102\bin\release.anycpu\vssf.sdk\ms.tf.framework.server.l0.tests\ms.tf.framework.server.l0.tests.dll" id="a5edfd98-d98b-a5f3-201a-72c23a30bfdd">
      <Execution id="752df120-c773-4884-9d8e-23056f192f59" />
      <TestMethod codeBase="D:\v2.0\A1\_work\dbded102\bin\Release.AnyCPU\Vssf.Sdk\MS.TF.Framework.Server.L0.Tests\MS.TF.Framework.Server.L0.Tests.dll" adapterTypeName="Microsoft.VisualStudio.TestTools.TestTypes.Unit.UnitTestAdapter" className="MS.TF.Framework.Server.L0.Tests.Extensioons.VssExtensionManagementService_ExtensionTests" name="VssExtensionManagementService_TestUnimplementedExtensionRaw" />
    </UnitTest>
    <UnitTest name="VssExtensionManagementService_TestUnimplementedExtensionInstanceLevel" storage="d:\v2.0\a1\_work\dbded102\bin\release.anycpu\vssf.sdk\ms.tf.framework.server.l0.tests\ms.tf.framework.server.l0.tests.dll" id="f5a0f63f-c99e-8ca5-fd83-55b9b0033f87">
      <Execution id="024335ae-4c22-418b-9817-dae2b821b210" />
      <TestMethod codeBase="D:\v2.0\A1\_work\dbded102\bin\Release.AnyCPU\Vssf.Sdk\MS.TF.Framework.Server.L0.Tests\MS.TF.Framework.Server.L0.Tests.dll" adapterTypeName="Microsoft.VisualStudio.TestTools.TestTypes.Unit.UnitTestAdapter" className="MS.TF.Framework.Server.L0.Tests.Extensioons.VssExtensionManagementService_ExtensionTests" name="VssExtensionManagementService_TestUnimplementedExtensionInstanceLevel" />
    </UnitTest>
    <UnitTest name="VssExtensionManagementService_TestUnimplementedExtensionServiceLevel" storage="d:\v2.0\a1\_work\dbded102\bin\release.anycpu\vssf.sdk\ms.tf.framework.server.l0.tests\ms.tf.framework.server.l0.tests.dll" id="277e4987-86e0-a2c6-c516-f984ea21579a">
      <Execution id="59c01536-0109-45e7-9a7b-d72c7429609e" />
      <TestMethod codeBase="D:\v2.0\A1\_work\dbded102\bin\Release.AnyCPU\Vssf.Sdk\MS.TF.Framework.Server.L0.Tests\MS.TF.Framework.Server.L0.Tests.dll" adapterTypeName="Microsoft.VisualStudio.TestTools.TestTypes.Unit.UnitTestAdapter" className="MS.TF.Framework.Server.L0.Tests.Extensioons.VssExtensionManagementService_ExtensionTests" name="VssExtensionManagementService_TestUnimplementedExtensionServiceLevel" />
    </UnitTest>
    <UnitTest name="VssExtensionManagementService_TestExtensionsLifetimes" storage="d:\v2.0\a1\_work\dbded102\bin\release.anycpu\vssf.sdk\ms.tf.framework.server.l0.tests\ms.tf.framework.server.l0.tests.dll" id="95b832c5-720c-6032-f7ce-90f2f60a9391">
      <Execution id="a3792c4d-1c9c-4883-abd6-2e74cd5320b4" />
      <TestMethod codeBase="D:\v2.0\A1\_work\dbded102\bin\Release.AnyCPU\Vssf.Sdk\MS.TF.Framework.Server.L0.Tests\MS.TF.Framework.Server.L0.Tests.dll" adapterTypeName="Microsoft.VisualStudio.TestTools.TestTypes.Unit.UnitTestAdapter" className="MS.TF.Framework.Server.L0.Tests.Extensioons.VssExtensionManagementService_ExtensionTests" name="VssExtensionManagementService_TestExtensionsLifetimes" />
    </UnitTest>
    <UnitTest name="VssExtensionManagementService_TestExtensionLifetimes" storage="d:\v2.0\a1\_work\dbded102\bin\release.anycpu\vssf.sdk\ms.tf.framework.server.l0.tests\ms.tf.framework.server.l0.tests.dll" id="0fa0a756-34fe-74a6-755b-fe7314b465fc">
      <Execution id="75608be1-1a70-4fba-8394-1dd97d712b64" />
      <TestMethod codeBase="D:\v2.0\A1\_work\dbded102\bin\Release.AnyCPU\Vssf.Sdk\MS.TF.Framework.Server.L0.Tests\MS.TF.Framework.Server.L0.Tests.dll" adapterTypeName="Microsoft.VisualStudio.TestTools.TestTypes.Unit.UnitTestAdapter" className="MS.TF.Framework.Server.L0.Tests.Extensioons.VssExtensionManagementService_ExtensionTests" name="VssExtensionManagementService_TestExtensionLifetimes" />
    </UnitTest>
    <UnitTest name="VssExtensionManagementService_TestDeploymentContext" storage="d:\v2.0\a1\_work\dbded102\bin\release.anycpu\vssf.sdk\ms.tf.framework.server.l0.tests\ms.tf.framework.server.l0.tests.dll" id="4b23fad7-0a35-0889-3860-e6ac0807ce60">
      <Execution id="37ea28e3-8775-49e6-b6b8-23f0d00b891c" />
      <TestMethod codeBase="D:\v2.0\A1\_work\dbded102\bin\Release.AnyCPU\Vssf.Sdk\MS.TF.Framework.Server.L0.Tests\MS.TF.Framework.Server.L0.Tests.dll" adapterTypeName="Microsoft.VisualStudio.TestTools.TestTypes.Unit.UnitTestAdapter" className="MS.TF.Framework.Server.L0.Tests.Extensioons.VssExtensionManagementService_ExtensionTests" name="VssExtensionManagementService_TestDeploymentContext" />
    </UnitTest>
    <UnitTest name="VssExtensionManagementService_TestApplicationContext" storage="d:\v2.0\a1\_work\dbded102\bin\release.anycpu\vssf.sdk\ms.tf.framework.server.l0.tests\ms.tf.framework.server.l0.tests.dll" id="c352e5cd-e1cf-a1bf-e1cb-490de9c122c8">
      <Execution id="25c2e1f7-b199-4dfd-b04d-4bbfa1c449b7" />
      <TestMethod codeBase="D:\v2.0\A1\_work\dbded102\bin\Release.AnyCPU\Vssf.Sdk\MS.TF.Framework.Server.L0.Tests\MS.TF.Framework.Server.L0.Tests.dll" adapterTypeName="Microsoft.VisualStudio.TestTools.TestTypes.Unit.UnitTestAdapter" className="MS.TF.Framework.Server.L0.Tests.Extensioons.VssExtensionManagementService_ExtensionTests" name="VssExtensionManagementService_TestApplicationContext" />
    </UnitTest>
    <UnitTest name="VssExtensionManagementService_TestCollectionContext" storage="d:\v2.0\a1\_work\dbded102\bin\release.anycpu\vssf.sdk\ms.tf.framework.server.l0.tests\ms.tf.framework.server.l0.tests.dll" id="d75b66ef-2f92-b724-5ed6-eb97381277f9">
      <Execution id="5b0788c8-4b3d-458c-8eb0-34bf6fa14994" />
      <TestMethod codeBase="D:\v2.0\A1\_work\dbded102\bin\Release.AnyCPU\Vssf.Sdk\MS.TF.Framework.Server.L0.Tests\MS.TF.Framework.Server.L0.Tests.dll" adapterTypeName="Microsoft.VisualStudio.TestTools.TestTypes.Unit.UnitTestAdapter" className="MS.TF.Framework.Server.L0.Tests.Extensioons.VssExtensionManagementService_ExtensionTests" name="VssExtensionManagementService_TestCollectionContext" />
    </UnitTest>
    <UnitTest name="VssExtensionManagementService_TestNoStrategy" storage="d:\v2.0\a1\_work\dbded102\bin\release.anycpu\vssf.sdk\ms.tf.framework.server.l0.tests\ms.tf.framework.server.l0.tests.dll" id="c4a8ae09-ca97-7905-a1ef-e3d5620b9d23">
      <Execution id="59a6973f-92b7-41b9-acea-36b2e1bd7ada" />
      <TestMethod codeBase="D:\v2.0\A1\_work\dbded102\bin\Release.AnyCPU\Vssf.Sdk\MS.TF.Framework.Server.L0.Tests\MS.TF.Framework.Server.L0.Tests.dll" adapterTypeName="Microsoft.VisualStudio.TestTools.TestTypes.Unit.UnitTestAdapter" className="MS.TF.Framework.Server.L0.Tests.Extensioons.VssExtensionManagementService_ExtensionTests" name="VssExtensionManagementService_TestNoStrategy" />
    </UnitTest>
    <UnitTest name="VssExtensionManagementService_TestEmptyStrategy" storage="d:\v2.0\a1\_work\dbded102\bin\release.anycpu\vssf.sdk\ms.tf.framework.server.l0.tests\ms.tf.framework.server.l0.tests.dll" id="a899dbc4-1ac8-ca1c-4392-47a77ca3b144">
      <Execution id="38809ce9-a1d7-44c7-812f-1a4c1978c946" />
      <TestMethod codeBase="D:\v2.0\A1\_work\dbded102\bin\Release.AnyCPU\Vssf.Sdk\MS.TF.Framework.Server.L0.Tests\MS.TF.Framework.Server.L0.Tests.dll" adapterTypeName="Microsoft.VisualStudio.TestTools.TestTypes.Unit.UnitTestAdapter" className="MS.TF.Framework.Server.L0.Tests.Extensioons.VssExtensionManagementService_ExtensionTests" name="VssExtensionManagementService_TestEmptyStrategy" />
    </UnitTest>
    <UnitTest name="VssExtensionManagementService_TestMultiStrategy" storage="d:\v2.0\a1\_work\dbded102\bin\release.anycpu\vssf.sdk\ms.tf.framework.server.l0.tests\ms.tf.framework.server.l0.tests.dll" id="f3de95ab-ebe8-51ee-e862-93b297dc4ece">
      <Execution id="aae584d8-77a3-4b8b-babf-dbebc562a949" />
      <TestMethod codeBase="D:\v2.0\A1\_work\dbded102\bin\Release.AnyCPU\Vssf.Sdk\MS.TF.Framework.Server.L0.Tests\MS.TF.Framework.Server.L0.Tests.dll" adapterTypeName="Microsoft.VisualStudio.TestTools.TestTypes.Unit.UnitTestAdapter" className="MS.TF.Framework.Server.L0.Tests.Extensioons.VssExtensionManagementService_ExtensionTests" name="VssExtensionManagementService_TestMultiStrategy" />
    </UnitTest>
    <UnitTest name="VssExtensionManagementService_TestSingleStrategy" storage="d:\v2.0\a1\_work\dbded102\bin\release.anycpu\vssf.sdk\ms.tf.framework.server.l0.tests\ms.tf.framework.server.l0.tests.dll" id="d58ff1aa-71ce-b24e-42bd-7bf2c3a31429">
      <Execution id="6584360f-0f60-46ef-b3b2-080c2d0299bf" />
      <TestMethod codeBase="D:\v2.0\A1\_work\dbded102\bin\Release.AnyCPU\Vssf.Sdk\MS.TF.Framework.Server.L0.Tests\MS.TF.Framework.Server.L0.Tests.dll" adapterTypeName="Microsoft.VisualStudio.TestTools.TestTypes.Unit.UnitTestAdapter" className="MS.TF.Framework.Server.L0.Tests.Extensioons.VssExtensionManagementService_ExtensionTests" name="VssExtensionManagementService_TestSingleStrategy" />
    </UnitTest>
    <UnitTest name="VssExtensionManagementService_TestPriority" storage="d:\v2.0\a1\_work\dbded102\bin\release.anycpu\vssf.sdk\ms.tf.framework.server.l0.tests\ms.tf.framework.server.l0.tests.dll" id="bff80c1a-bfeb-db1b-3efa-83a684aee966">
      <Execution id="5fded6ef-d2cf-4838-80fd-20c1888990e5" />
      <TestMethod codeBase="D:\v2.0\A1\_work\dbded102\bin\Release.AnyCPU\Vssf.Sdk\MS.TF.Framework.Server.L0.Tests\MS.TF.Framework.Server.L0.Tests.dll" adapterTypeName="Microsoft.VisualStudio.TestTools.TestTypes.Unit.UnitTestAdapter" className="MS.TF.Framework.Server.L0.Tests.Extensioons.VssExtensionManagementService_ExtensionTests" name="VssExtensionManagementService_TestPriority" />
    </UnitTest>
    <UnitTest name="SimpleException" storage="d:\v2.0\a1\_work\dbded102\bin\release.anycpu\vssf.sdk\ms.tf.framework.server.l0.tests\ms.tf.framework.server.l0.tests.dll" id="0308b1c2-1dda-3e87-e4a0-0b1742979251">
      <Owners>
        <Owner name="chandrur" />
      </Owners>
      <Execution id="645ea849-1744-45f5-a574-cb27c4d00e53" />
      <TestMethod codeBase="D:\v2.0\A1\_work\dbded102\bin\Release.AnyCPU\Vssf.Sdk\MS.TF.Framework.Server.L0.Tests\MS.TF.Framework.Server.L0.Tests.dll" adapterTypeName="Microsoft.VisualStudio.TestTools.TestTypes.Unit.UnitTestAdapter" className="MS.TF.Framework.Server.L0.Tests.HostManagement.ExceptionHandlerUtilityTests" name="SimpleException" />
    </UnitTest>
    <UnitTest name="AggregateExceptionTests" storage="d:\v2.0\a1\_work\dbded102\bin\release.anycpu\vssf.sdk\ms.tf.framework.server.l0.tests\ms.tf.framework.server.l0.tests.dll" id="497b78ec-9e96-6e49-4246-4e63d839add6">
      <Owners>
        <Owner name="chandrur" />
      </Owners>
      <Execution id="35dd8a7e-5ac5-4870-95be-33c652a91938" />
      <TestMethod codeBase="D:\v2.0\A1\_work\dbded102\bin\Release.AnyCPU\Vssf.Sdk\MS.TF.Framework.Server.L0.Tests\MS.TF.Framework.Server.L0.Tests.dll" adapterTypeName="Microsoft.VisualStudio.TestTools.TestTypes.Unit.UnitTestAdapter" className="MS.TF.Framework.Server.L0.Tests.HostManagement.ExceptionHandlerUtilityTests" name="AggregateExceptionTests" />
    </UnitTest>
    <UnitTest name="TeamFoundationRequestContext_GetExtensions_WhenLifetimeServiceEveryRequest" storage="d:\v2.0\a1\_work\dbded102\bin\release.anycpu\vssf.sdk\ms.tf.framework.server.l0.tests\ms.tf.framework.server.l0.tests.dll" id="b3f59ba5-c19b-a007-4243-bbd577fb2f88">
      <Execution id="c45db9ea-490d-41bb-8e71-c63cffd60cae" />
      <TestMethod codeBase="D:\v2.0\A1\_work\dbded102\bin\Release.AnyCPU\Vssf.Sdk\MS.TF.Framework.Server.L0.Tests\MS.TF.Framework.Server.L0.Tests.dll" adapterTypeName="Microsoft.VisualStudio.TestTools.TestTypes.Unit.UnitTestAdapter" className="MS.TF.Framework.Server.L0.Tests.HostManagement.ExtensionTests" name="TeamFoundationRequestContext_GetExtensions_WhenLifetimeServiceEveryRequest" />
    </UnitTest>
    <UnitTest name="TeamFoundationRequestContext_GetExtensions_WhenLifetimeServiceEveryCall" storage="d:\v2.0\a1\_work\dbded102\bin\release.anycpu\vssf.sdk\ms.tf.framework.server.l0.tests\ms.tf.framework.server.l0.tests.dll" id="c1ab826c-11b3-e986-8e84-75220ecff468">
      <Execution id="20d1ad4d-cbf2-4745-8454-35746a09c468" />
      <TestMethod codeBase="D:\v2.0\A1\_work\dbded102\bin\Release.AnyCPU\Vssf.Sdk\MS.TF.Framework.Server.L0.Tests\MS.TF.Framework.Server.L0.Tests.dll" adapterTypeName="Microsoft.VisualStudio.TestTools.TestTypes.Unit.UnitTestAdapter" className="MS.TF.Framework.Server.L0.Tests.HostManagement.ExtensionTests" name="TeamFoundationRequestContext_GetExtensions_WhenLifetimeServiceEveryCall" />
    </UnitTest>
    <UnitTest name="HostManagementService_Construct" storage="d:\v2.0\a1\_work\dbded102\bin\release.anycpu\vssf.sdk\ms.tf.framework.server.l0.tests\ms.tf.framework.server.l0.tests.dll" id="bb95820a-4a60-5a7f-2048-73397ec456ef">
      <Execution id="262eccda-4b49-447b-a7b6-ef0093adccaa" />
      <TestMethod codeBase="D:\v2.0\A1\_work\dbded102\bin\Release.AnyCPU\Vssf.Sdk\MS.TF.Framework.Server.L0.Tests\MS.TF.Framework.Server.L0.Tests.dll" adapterTypeName="Microsoft.VisualStudio.TestTools.TestTypes.Unit.UnitTestAdapter" className="MS.TF.Framework.Server.L0.Tests.HostManagement.HostManagementServiceTests" name="HostManagementService_Construct" />
    </UnitTest>
    <UnitTest name="HostManagementService_StartEnd_Bad" storage="d:\v2.0\a1\_work\dbded102\bin\release.anycpu\vssf.sdk\ms.tf.framework.server.l0.tests\ms.tf.framework.server.l0.tests.dll" id="59138ef7-1e00-dc64-651f-ec33cfc8f8d2">
      <Execution id="5d757665-68c0-4772-8ec6-e13d0bac0518" />
      <TestMethod codeBase="D:\v2.0\A1\_work\dbded102\bin\Release.AnyCPU\Vssf.Sdk\MS.TF.Framework.Server.L0.Tests\MS.TF.Framework.Server.L0.Tests.dll" adapterTypeName="Microsoft.VisualStudio.TestTools.TestTypes.Unit.UnitTestAdapter" className="MS.TF.Framework.Server.L0.Tests.HostManagement.HostManagementServiceTests" name="HostManagementService_StartEnd_Bad" />
    </UnitTest>
    <UnitTest name="DefaultRequestContext_Constructor" storage="d:\v2.0\a1\_work\dbded102\bin\release.anycpu\vssf.sdk\ms.tf.framework.server.l0.tests\ms.tf.framework.server.l0.tests.dll" id="2565fb99-5f76-fd9a-49dd-a8e22b69db8f">
      <Execution id="4deff7a4-1985-4602-a0fd-8cbe681b6a12" />
      <TestMethod codeBase="D:\v2.0\A1\_work\dbded102\bin\Release.AnyCPU\Vssf.Sdk\MS.TF.Framework.Server.L0.Tests\MS.TF.Framework.Server.L0.Tests.dll" adapterTypeName="Microsoft.VisualStudio.TestTools.TestTypes.Unit.UnitTestAdapter" className="MS.TF.Framework.Server.L0.Tests.HostManagement.RequestContextTests" name="DefaultRequestContext_Constructor" />
    </UnitTest>
    <UnitTest name="DefaultRequestContext_Elevate" storage="d:\v2.0\a1\_work\dbded102\bin\release.anycpu\vssf.sdk\ms.tf.framework.server.l0.tests\ms.tf.framework.server.l0.tests.dll" id="844be868-a4d5-944d-1f05-b8ee6a5ec3bd">
      <Execution id="444826a7-c392-4ab9-b167-8856f41c406c" />
      <TestMethod codeBase="D:\v2.0\A1\_work\dbded102\bin\Release.AnyCPU\Vssf.Sdk\MS.TF.Framework.Server.L0.Tests\MS.TF.Framework.Server.L0.Tests.dll" adapterTypeName="Microsoft.VisualStudio.TestTools.TestTypes.Unit.UnitTestAdapter" className="MS.TF.Framework.Server.L0.Tests.HostManagement.RequestContextTests" name="DefaultRequestContext_Elevate" />
    </UnitTest>
    <UnitTest name="DefaultRequestContext_To_Throw1" storage="d:\v2.0\a1\_work\dbded102\bin\release.anycpu\vssf.sdk\ms.tf.framework.server.l0.tests\ms.tf.framework.server.l0.tests.dll" id="4aaea89d-ca58-64b8-9985-ac8bb9d95102">
      <Execution id="94d77a0c-9217-4b53-9ad5-c31589178a7d" />
      <TestMethod codeBase="D:\v2.0\A1\_work\dbded102\bin\Release.AnyCPU\Vssf.Sdk\MS.TF.Framework.Server.L0.Tests\MS.TF.Framework.Server.L0.Tests.dll" adapterTypeName="Microsoft.VisualStudio.TestTools.TestTypes.Unit.UnitTestAdapter" className="MS.TF.Framework.Server.L0.Tests.HostManagement.RequestContextTests" name="DefaultRequestContext_To_Throw1" />
    </UnitTest>
    <UnitTest name="DefaultRequestContext_To_Throw2" storage="d:\v2.0\a1\_work\dbded102\bin\release.anycpu\vssf.sdk\ms.tf.framework.server.l0.tests\ms.tf.framework.server.l0.tests.dll" id="09704e98-c50a-bcbe-a7c4-92e327d1c8f9">
      <Execution id="49e4cb37-438f-4f70-8fa7-f4a97363c74b" />
      <TestMethod codeBase="D:\v2.0\A1\_work\dbded102\bin\Release.AnyCPU\Vssf.Sdk\MS.TF.Framework.Server.L0.Tests\MS.TF.Framework.Server.L0.Tests.dll" adapterTypeName="Microsoft.VisualStudio.TestTools.TestTypes.Unit.UnitTestAdapter" className="MS.TF.Framework.Server.L0.Tests.HostManagement.RequestContextTests" name="DefaultRequestContext_To_Throw2" />
    </UnitTest>
    <UnitTest name="DefaultRequestContext_To_Throw3" storage="d:\v2.0\a1\_work\dbded102\bin\release.anycpu\vssf.sdk\ms.tf.framework.server.l0.tests\ms.tf.framework.server.l0.tests.dll" id="398eb799-c3de-aff1-827c-7b8f493b30af">
      <Execution id="c7cf50e6-4032-4538-8831-bbca5204d535" />
      <TestMethod codeBase="D:\v2.0\A1\_work\dbded102\bin\Release.AnyCPU\Vssf.Sdk\MS.TF.Framework.Server.L0.Tests\MS.TF.Framework.Server.L0.Tests.dll" adapterTypeName="Microsoft.VisualStudio.TestTools.TestTypes.Unit.UnitTestAdapter" className="MS.TF.Framework.Server.L0.Tests.HostManagement.RequestContextTests" name="DefaultRequestContext_To_Throw3" />
    </UnitTest>
    <UnitTest name="DefaultRequestContext_To_Identity1" storage="d:\v2.0\a1\_work\dbded102\bin\release.anycpu\vssf.sdk\ms.tf.framework.server.l0.tests\ms.tf.framework.server.l0.tests.dll" id="52207823-be6f-00c7-99e4-2d021f53ba92">
      <Execution id="72606c14-14a0-4a82-9863-987ccc41a750" />
      <TestMethod codeBase="D:\v2.0\A1\_work\dbded102\bin\Release.AnyCPU\Vssf.Sdk\MS.TF.Framework.Server.L0.Tests\MS.TF.Framework.Server.L0.Tests.dll" adapterTypeName="Microsoft.VisualStudio.TestTools.TestTypes.Unit.UnitTestAdapter" className="MS.TF.Framework.Server.L0.Tests.HostManagement.RequestContextTests" name="DefaultRequestContext_To_Identity1" />
    </UnitTest>
    <UnitTest name="DefaultRequestContext_To_Identity2" storage="d:\v2.0\a1\_work\dbded102\bin\release.anycpu\vssf.sdk\ms.tf.framework.server.l0.tests\ms.tf.framework.server.l0.tests.dll" id="5d42bcc9-346e-96f8-5ef7-476128d7adeb">
      <Execution id="5436819c-38f2-45ff-bb05-4304f9d94330" />
      <TestMethod codeBase="D:\v2.0\A1\_work\dbded102\bin\Release.AnyCPU\Vssf.Sdk\MS.TF.Framework.Server.L0.Tests\MS.TF.Framework.Server.L0.Tests.dll" adapterTypeName="Microsoft.VisualStudio.TestTools.TestTypes.Unit.UnitTestAdapter" className="MS.TF.Framework.Server.L0.Tests.HostManagement.RequestContextTests" name="DefaultRequestContext_To_Identity2" />
    </UnitTest>
    <UnitTest name="DeploymentServiceHost_Constructor" storage="d:\v2.0\a1\_work\dbded102\bin\release.anycpu\vssf.sdk\ms.tf.framework.server.l0.tests\ms.tf.framework.server.l0.tests.dll" id="12136bf0-0204-60a8-5b3f-68c35b2802ac">
      <Execution id="0eb24647-686d-4968-b66d-6fb1f6e5078d" />
      <TestMethod codeBase="D:\v2.0\A1\_work\dbded102\bin\Release.AnyCPU\Vssf.Sdk\MS.TF.Framework.Server.L0.Tests\MS.TF.Framework.Server.L0.Tests.dll" adapterTypeName="Microsoft.VisualStudio.TestTools.TestTypes.Unit.UnitTestAdapter" className="MS.TF.Framework.Server.L0.Tests.HostManagement.ServiceHostTests" name="DeploymentServiceHost_Constructor" />
    </UnitTest>
    <UnitTest name="DeploymentServiceHost_Constructor_Throw" storage="d:\v2.0\a1\_work\dbded102\bin\release.anycpu\vssf.sdk\ms.tf.framework.server.l0.tests\ms.tf.framework.server.l0.tests.dll" id="7f4dbd4f-d0fe-fbd8-cb23-fde9a7dd8837">
      <Execution id="62c77b9c-3ec9-4102-b27d-728c9adbe659" />
      <TestMethod codeBase="D:\v2.0\A1\_work\dbded102\bin\Release.AnyCPU\Vssf.Sdk\MS.TF.Framework.Server.L0.Tests\MS.TF.Framework.Server.L0.Tests.dll" adapterTypeName="Microsoft.VisualStudio.TestTools.TestTypes.Unit.UnitTestAdapter" className="MS.TF.Framework.Server.L0.Tests.HostManagement.ServiceHostTests" name="DeploymentServiceHost_Constructor_Throw" />
    </UnitTest>
    <UnitTest name="DeploymentServiceHost_Factory" storage="d:\v2.0\a1\_work\dbded102\bin\release.anycpu\vssf.sdk\ms.tf.framework.server.l0.tests\ms.tf.framework.server.l0.tests.dll" id="31ef56bf-3d9e-f790-76db-a23b4d2547fb">
      <Execution id="5dc30d99-4fb4-4101-a6ba-94217a9d2620" />
      <TestMethod codeBase="D:\v2.0\A1\_work\dbded102\bin\Release.AnyCPU\Vssf.Sdk\MS.TF.Framework.Server.L0.Tests\MS.TF.Framework.Server.L0.Tests.dll" adapterTypeName="Microsoft.VisualStudio.TestTools.TestTypes.Unit.UnitTestAdapter" className="MS.TF.Framework.Server.L0.Tests.HostManagement.ServiceHostTests" name="DeploymentServiceHost_Factory" />
    </UnitTest>
    <UnitTest name="IsOnlyWithDeploymentHostTypeThrows" storage="d:\v2.0\a1\_work\dbded102\bin\release.anycpu\vssf.sdk\ms.tf.framework.server.l0.tests\ms.tf.framework.server.l0.tests.dll" id="27a6e4b1-f196-0677-e47b-3f896b2f7f68">
      <Execution id="4307fa7a-020c-44b6-aa7d-d9d2f2b0f651" />
      <TestMethod codeBase="D:\v2.0\A1\_work\dbded102\bin\Release.AnyCPU\Vssf.Sdk\MS.TF.Framework.Server.L0.Tests\MS.TF.Framework.Server.L0.Tests.dll" adapterTypeName="Microsoft.VisualStudio.TestTools.TestTypes.Unit.UnitTestAdapter" className="MS.TF.Framework.Server.L0.Tests.HostManagement.ServiceHostTests" name="IsOnlyWithDeploymentHostTypeThrows" />
    </UnitTest>
    <UnitTest name="PublishDecisionPoint" storage="d:\v2.0\a1\_work\dbded102\bin\release.anycpu\vssf.sdk\ms.tf.framework.server.l0.tests\ms.tf.framework.server.l0.tests.dll" id="bb37da1a-ba32-a3ce-ddea-d293ab97e012">
      <Owners>
        <Owner name="chandrur" />
      </Owners>
      <Execution id="57b3ae75-7960-4fcd-9047-26a96edb807c" />
      <TestMethod codeBase="D:\v2.0\A1\_work\dbded102\bin\Release.AnyCPU\Vssf.Sdk\MS.TF.Framework.Server.L0.Tests\MS.TF.Framework.Server.L0.Tests.dll" adapterTypeName="Microsoft.VisualStudio.TestTools.TestTypes.Unit.UnitTestAdapter" className="MS.TF.Framework.Server.L0.Tests.EventService.EventServiceTests" name="PublishDecisionPoint" />
    </UnitTest>
    <UnitTest name="PublishDecisionPoint_ActionDenied" storage="d:\v2.0\a1\_work\dbded102\bin\release.anycpu\vssf.sdk\ms.tf.framework.server.l0.tests\ms.tf.framework.server.l0.tests.dll" id="69c2bd2f-e0ee-cdc3-2bb5-a29be7189804">
      <Owners>
        <Owner name="chandrur" />
      </Owners>
      <Execution id="c649c3ce-4189-45d7-958a-9b713fc9cae3" />
      <TestMethod codeBase="D:\v2.0\A1\_work\dbded102\bin\Release.AnyCPU\Vssf.Sdk\MS.TF.Framework.Server.L0.Tests\MS.TF.Framework.Server.L0.Tests.dll" adapterTypeName="Microsoft.VisualStudio.TestTools.TestTypes.Unit.UnitTestAdapter" className="MS.TF.Framework.Server.L0.Tests.EventService.EventServiceTests" name="PublishDecisionPoint_ActionDenied" />
    </UnitTest>
    <UnitTest name="PublishNotification" storage="d:\v2.0\a1\_work\dbded102\bin\release.anycpu\vssf.sdk\ms.tf.framework.server.l0.tests\ms.tf.framework.server.l0.tests.dll" id="b2ba2260-9055-dbb0-e794-7ddb26fe4f90">
      <Owners>
        <Owner name="chandrur" />
      </Owners>
      <Execution id="352b5601-29f0-49d6-ac03-92248165c923" />
      <TestMethod codeBase="D:\v2.0\A1\_work\dbded102\bin\Release.AnyCPU\Vssf.Sdk\MS.TF.Framework.Server.L0.Tests\MS.TF.Framework.Server.L0.Tests.dll" adapterTypeName="Microsoft.VisualStudio.TestTools.TestTypes.Unit.UnitTestAdapter" className="MS.TF.Framework.Server.L0.Tests.EventService.EventServiceTests" name="PublishNotification" />
    </UnitTest>
    <UnitTest name="PublishNotification_ServicingContextNoOp" storage="d:\v2.0\a1\_work\dbded102\bin\release.anycpu\vssf.sdk\ms.tf.framework.server.l0.tests\ms.tf.framework.server.l0.tests.dll" id="9a5fea46-f618-6e6a-f5c1-51cc588fcd0b">
      <Owners>
        <Owner name="chandrur" />
      </Owners>
      <Execution id="2bed15ea-f930-4acc-94d7-71117aa99172" />
      <TestMethod codeBase="D:\v2.0\A1\_work\dbded102\bin\Release.AnyCPU\Vssf.Sdk\MS.TF.Framework.Server.L0.Tests\MS.TF.Framework.Server.L0.Tests.dll" adapterTypeName="Microsoft.VisualStudio.TestTools.TestTypes.Unit.UnitTestAdapter" className="MS.TF.Framework.Server.L0.Tests.EventService.EventServiceTests" name="PublishNotification_ServicingContextNoOp" />
    </UnitTest>
    <UnitTest name="SyncPublishNotification" storage="d:\v2.0\a1\_work\dbded102\bin\release.anycpu\vssf.sdk\ms.tf.framework.server.l0.tests\ms.tf.framework.server.l0.tests.dll" id="6fb3750a-fbe0-b197-a90f-f982b81a5068">
      <Owners>
        <Owner name="chandrur" />
      </Owners>
      <Execution id="5f4cf667-1714-4cb2-86ec-ce1da5683f72" />
      <TestMethod codeBase="D:\v2.0\A1\_work\dbded102\bin\Release.AnyCPU\Vssf.Sdk\MS.TF.Framework.Server.L0.Tests\MS.TF.Framework.Server.L0.Tests.dll" adapterTypeName="Microsoft.VisualStudio.TestTools.TestTypes.Unit.UnitTestAdapter" className="MS.TF.Framework.Server.L0.Tests.EventService.EventServiceTests" name="SyncPublishNotification" />
    </UnitTest>
    <UnitTest name="ConvertIdentity_ConvertsMSAIdentity_ToVisualStudioDirectoryEntity" storage="d:\v2.0\a1\_work\dbded102\bin\release.anycpu\vssf.sdk\ms.tf.framework.server.l0.tests\ms.tf.framework.server.l0.tests.dll" id="00f17403-733b-afdc-c01d-9161a77ae33e">
      <Owners>
        <Owner name="vscsauthztest" />
      </Owners>
      <Execution id="8c1d29f3-17e5-4452-9e8b-22df82dd87fc" />
      <TestMethod codeBase="D:\v2.0\A1\_work\dbded102\bin\Release.AnyCPU\Vssf.Sdk\MS.TF.Framework.Server.L0.Tests\MS.TF.Framework.Server.L0.Tests.dll" adapterTypeName="Microsoft.VisualStudio.TestTools.TestTypes.Unit.UnitTestAdapter" className="MS.TF.Framework.Server.L0.Tests.Identity.VisualStudioDirectoryIdentityConverterTests" name="ConvertIdentity_ConvertsMSAIdentity_ToVisualStudioDirectoryEntity" />
    </UnitTest>
    <UnitTest name="ConvertIdentity_ConvertsAADIdentity_ToAzureActiveDirectoryEntity" storage="d:\v2.0\a1\_work\dbded102\bin\release.anycpu\vssf.sdk\ms.tf.framework.server.l0.tests\ms.tf.framework.server.l0.tests.dll" id="904a04c5-2998-fb77-749f-bf2d4762f847">
      <Owners>
        <Owner name="vscsauthztest" />
      </Owners>
      <Execution id="aa2f2c11-9c65-464d-9de5-419160b6daf6" />
      <TestMethod codeBase="D:\v2.0\A1\_work\dbded102\bin\Release.AnyCPU\Vssf.Sdk\MS.TF.Framework.Server.L0.Tests\MS.TF.Framework.Server.L0.Tests.dll" adapterTypeName="Microsoft.VisualStudio.TestTools.TestTypes.Unit.UnitTestAdapter" className="MS.TF.Framework.Server.L0.Tests.Identity.VisualStudioDirectoryIdentityConverterTests" name="ConvertIdentity_ConvertsAADIdentity_ToAzureActiveDirectoryEntity" />
    </UnitTest>
    <UnitTest name="ConvertIdentity_ConvertsAADIdentityWithoutObjectId_ToVisualStudioDirectoryEntity" storage="d:\v2.0\a1\_work\dbded102\bin\release.anycpu\vssf.sdk\ms.tf.framework.server.l0.tests\ms.tf.framework.server.l0.tests.dll" id="97f7270a-c5c3-a71e-c6c2-a22e5243cbc5">
      <Owners>
        <Owner name="vscsauthztest" />
      </Owners>
      <Execution id="f1ea85c3-8704-48c0-b5b7-0975d13e10f6" />
      <TestMethod codeBase="D:\v2.0\A1\_work\dbded102\bin\Release.AnyCPU\Vssf.Sdk\MS.TF.Framework.Server.L0.Tests\MS.TF.Framework.Server.L0.Tests.dll" adapterTypeName="Microsoft.VisualStudio.TestTools.TestTypes.Unit.UnitTestAdapter" className="MS.TF.Framework.Server.L0.Tests.Identity.VisualStudioDirectoryIdentityConverterTests" name="ConvertIdentity_ConvertsAADIdentityWithoutObjectId_ToVisualStudioDirectoryEntity" />
    </UnitTest>
    <UnitTest name="ConverKeys_ValidatesHost" storage="d:\v2.0\a1\_work\dbded102\bin\release.anycpu\vssf.sdk\ms.tf.framework.server.l0.tests\ms.tf.framework.server.l0.tests.dll" id="ca64a154-865e-6d83-0847-872410b5e458">
      <Owners>
        <Owner name="vscsauthztest" />
      </Owners>
      <Execution id="45acb641-baeb-43ae-8942-9c9e52b16d8e" />
      <TestMethod codeBase="D:\v2.0\A1\_work\dbded102\bin\Release.AnyCPU\Vssf.Sdk\MS.TF.Framework.Server.L0.Tests\MS.TF.Framework.Server.L0.Tests.dll" adapterTypeName="Microsoft.VisualStudio.TestTools.TestTypes.Unit.UnitTestAdapter" className="MS.TF.Framework.Server.L0.Tests.Identity.FrameworkDirectoryDiscoveryServiceConvertKeysTests" name="ConverKeys_ValidatesHost" />
    </UnitTest>
    <UnitTest name="ConvertKeys_ValidatesRequest_Throws_WhenNullRequestIsPassed" storage="d:\v2.0\a1\_work\dbded102\bin\release.anycpu\vssf.sdk\ms.tf.framework.server.l0.tests\ms.tf.framework.server.l0.tests.dll" id="38e661f9-5d69-2c74-c0c1-7f949eebf26a">
      <Owners>
        <Owner name="vscsauthztest" />
      </Owners>
      <Execution id="64a0b818-0ef5-42dd-916f-53473bbef7a6" />
      <TestMethod codeBase="D:\v2.0\A1\_work\dbded102\bin\Release.AnyCPU\Vssf.Sdk\MS.TF.Framework.Server.L0.Tests\MS.TF.Framework.Server.L0.Tests.dll" adapterTypeName="Microsoft.VisualStudio.TestTools.TestTypes.Unit.UnitTestAdapter" className="MS.TF.Framework.Server.L0.Tests.Identity.FrameworkDirectoryDiscoveryServiceConvertKeysTests" name="ConvertKeys_ValidatesRequest_Throws_WhenNullRequestIsPassed" />
    </UnitTest>
    <UnitTest name="ConvertKeys_DelegatesValidationAndExecution_ToCommandItself" storage="d:\v2.0\a1\_work\dbded102\bin\release.anycpu\vssf.sdk\ms.tf.framework.server.l0.tests\ms.tf.framework.server.l0.tests.dll" id="c2c5f563-f53a-323c-02fc-da9387a23ed8">
      <Owners>
        <Owner name="vscsauthztest" />
      </Owners>
      <Execution id="582bd797-b61b-49b2-a892-b911094ee721" />
      <TestMethod codeBase="D:\v2.0\A1\_work\dbded102\bin\Release.AnyCPU\Vssf.Sdk\MS.TF.Framework.Server.L0.Tests\MS.TF.Framework.Server.L0.Tests.dll" adapterTypeName="Microsoft.VisualStudio.TestTools.TestTypes.Unit.UnitTestAdapter" className="MS.TF.Framework.Server.L0.Tests.Identity.FrameworkDirectoryDiscoveryServiceConvertKeysTests" name="ConvertKeys_DelegatesValidationAndExecution_ToCommandItself" />
    </UnitTest>
    <UnitTest name="ConvertKeys_ConvertsVisualStudioIdentifierToDirectoryEntityIdentitifier" storage="d:\v2.0\a1\_work\dbded102\bin\release.anycpu\vssf.sdk\ms.tf.framework.server.l0.tests\ms.tf.framework.server.l0.tests.dll" id="5cfc72ee-62a2-9a8f-3067-6000a946e584">
      <Owners>
        <Owner name="vscsauthztest" />
      </Owners>
      <Execution id="1299c4b0-d8ca-43c0-8147-6b350fafecfc" />
      <TestMethod codeBase="D:\v2.0\A1\_work\dbded102\bin\Release.AnyCPU\Vssf.Sdk\MS.TF.Framework.Server.L0.Tests\MS.TF.Framework.Server.L0.Tests.dll" adapterTypeName="Microsoft.VisualStudio.TestTools.TestTypes.Unit.UnitTestAdapter" className="MS.TF.Framework.Server.L0.Tests.Identity.FrameworkDirectoryDiscoveryServiceConvertKeysTests" name="ConvertKeys_ConvertsVisualStudioIdentifierToDirectoryEntityIdentitifier" />
    </UnitTest>
    <UnitTest name="ConvertKeys_ConvertsSignInAddressToDirectoryEntityIdentitifier" storage="d:\v2.0\a1\_work\dbded102\bin\release.anycpu\vssf.sdk\ms.tf.framework.server.l0.tests\ms.tf.framework.server.l0.tests.dll" id="475d9b5c-1e5d-d55b-32d5-ab5face5d207">
      <Owners>
        <Owner name="vscsauthztest" />
      </Owners>
      <Execution id="9413b28f-5dfa-4a5f-b03c-c625fc3f9a6b" />
      <TestMethod codeBase="D:\v2.0\A1\_work\dbded102\bin\Release.AnyCPU\Vssf.Sdk\MS.TF.Framework.Server.L0.Tests\MS.TF.Framework.Server.L0.Tests.dll" adapterTypeName="Microsoft.VisualStudio.TestTools.TestTypes.Unit.UnitTestAdapter" className="MS.TF.Framework.Server.L0.Tests.Identity.FrameworkDirectoryDiscoveryServiceConvertKeysTests" name="ConvertKeys_ConvertsSignInAddressToDirectoryEntityIdentitifier" />
    </UnitTest>
    <UnitTest name="ConvertKeys_ConvertsAADObjectIdentifierToDirectoryEntityIdentitifier" storage="d:\v2.0\a1\_work\dbded102\bin\release.anycpu\vssf.sdk\ms.tf.framework.server.l0.tests\ms.tf.framework.server.l0.tests.dll" id="b11641fa-18fe-5c71-ed54-2396e8ddec99">
      <Owners>
        <Owner name="vscsauthztest" />
      </Owners>
      <Execution id="4d221f39-8623-4894-883d-c5c82658929a" />
      <TestMethod codeBase="D:\v2.0\A1\_work\dbded102\bin\Release.AnyCPU\Vssf.Sdk\MS.TF.Framework.Server.L0.Tests\MS.TF.Framework.Server.L0.Tests.dll" adapterTypeName="Microsoft.VisualStudio.TestTools.TestTypes.Unit.UnitTestAdapter" className="MS.TF.Framework.Server.L0.Tests.Identity.FrameworkDirectoryDiscoveryServiceConvertKeysTests" name="ConvertKeys_ConvertsAADObjectIdentifierToDirectoryEntityIdentitifier" />
    </UnitTest>
    <UnitTest name="GetEntities_ValidatesHost" storage="d:\v2.0\a1\_work\dbded102\bin\release.anycpu\vssf.sdk\ms.tf.framework.server.l0.tests\ms.tf.framework.server.l0.tests.dll" id="8aceb1b3-f6c6-c4b3-b20b-6b98108a9f2f">
      <Owners>
        <Owner name="vscsauthztest" />
      </Owners>
      <Execution id="76d09565-9904-44e3-882d-c60c3a4b29c4" />
      <TestMethod codeBase="D:\v2.0\A1\_work\dbded102\bin\Release.AnyCPU\Vssf.Sdk\MS.TF.Framework.Server.L0.Tests\MS.TF.Framework.Server.L0.Tests.dll" adapterTypeName="Microsoft.VisualStudio.TestTools.TestTypes.Unit.UnitTestAdapter" className="MS.TF.Framework.Server.L0.Tests.Identity.FrameworkDirectoryDiscoveryServiceGetEntitiesTests" name="GetEntities_ValidatesHost" />
    </UnitTest>
    <UnitTest name="GetObjects_DelegatesValidationAndExecution_ToCommandItself" storage="d:\v2.0\a1\_work\dbded102\bin\release.anycpu\vssf.sdk\ms.tf.framework.server.l0.tests\ms.tf.framework.server.l0.tests.dll" id="cdc9514a-a76d-4c0e-507f-7583635b37c7">
      <Owners>
        <Owner name="vscsauthztest" />
      </Owners>
      <Execution id="046f779d-17a3-4915-8a6d-63dfbab62aba" />
      <TestMethod codeBase="D:\v2.0\A1\_work\dbded102\bin\Release.AnyCPU\Vssf.Sdk\MS.TF.Framework.Server.L0.Tests\MS.TF.Framework.Server.L0.Tests.dll" adapterTypeName="Microsoft.VisualStudio.TestTools.TestTypes.Unit.UnitTestAdapter" className="MS.TF.Framework.Server.L0.Tests.Identity.FrameworkDirectoryDiscoveryServiceGetEntitiesTests" name="GetObjects_DelegatesValidationAndExecution_ToCommandItself" />
    </UnitTest>
    <UnitTest name="ImsCacheAncestors_Clone_ReturnsClone" storage="d:\v2.0\a1\_work\dbded102\bin\release.anycpu\vssf.sdk\ms.tf.framework.server.l0.tests\ms.tf.framework.server.l0.tests.dll" id="91f9747b-6bfa-c6bf-9852-bb9e12f3ffc2">
      <Owners>
        <Owner name="vscsauthztest" />
      </Owners>
      <Execution id="aa29d6bd-4ea4-436d-a714-e0fccfbcd57b" />
      <TestMethod codeBase="D:\v2.0\A1\_work\dbded102\bin\Release.AnyCPU\Vssf.Sdk\MS.TF.Framework.Server.L0.Tests\MS.TF.Framework.Server.L0.Tests.dll" adapterTypeName="Microsoft.VisualStudio.TestTools.TestTypes.Unit.UnitTestAdapter" className="MS.TF.Framework.Server.L0.Tests.Identity.ImsCacheObjectCloneabilityTests" name="ImsCacheAncestors_Clone_ReturnsClone" />
    </UnitTest>
    <UnitTest name="ImsCacheChildren_Clone_ReturnsClone" storage="d:\v2.0\a1\_work\dbded102\bin\release.anycpu\vssf.sdk\ms.tf.framework.server.l0.tests\ms.tf.framework.server.l0.tests.dll" id="476861a9-ad84-7423-9947-c99740bd9447">
      <Owners>
        <Owner name="vscsauthztest" />
      </Owners>
      <Execution id="0aca4c1b-b95a-4760-a8c6-9515ca2d51a5" />
      <TestMethod codeBase="D:\v2.0\A1\_work\dbded102\bin\Release.AnyCPU\Vssf.Sdk\MS.TF.Framework.Server.L0.Tests\MS.TF.Framework.Server.L0.Tests.dll" adapterTypeName="Microsoft.VisualStudio.TestTools.TestTypes.Unit.UnitTestAdapter" className="MS.TF.Framework.Server.L0.Tests.Identity.ImsCacheObjectCloneabilityTests" name="ImsCacheChildren_Clone_ReturnsClone" />
    </UnitTest>
    <UnitTest name="ImsCacheDescendants_Clone_ReturnsClone" storage="d:\v2.0\a1\_work\dbded102\bin\release.anycpu\vssf.sdk\ms.tf.framework.server.l0.tests\ms.tf.framework.server.l0.tests.dll" id="d87125a2-6795-ec70-e6bb-b10c18b6c326">
      <Owners>
        <Owner name="vscsauthztest" />
      </Owners>
      <Execution id="2ae5c656-c1fb-42b6-aa0d-7b7cd84d2a6b" />
      <TestMethod codeBase="D:\v2.0\A1\_work\dbded102\bin\Release.AnyCPU\Vssf.Sdk\MS.TF.Framework.Server.L0.Tests\MS.TF.Framework.Server.L0.Tests.dll" adapterTypeName="Microsoft.VisualStudio.TestTools.TestTypes.Unit.UnitTestAdapter" className="MS.TF.Framework.Server.L0.Tests.Identity.ImsCacheObjectCloneabilityTests" name="ImsCacheDescendants_Clone_ReturnsClone" />
    </UnitTest>
    <UnitTest name="ImsCacheIdentity_Clone_ReturnsClone" storage="d:\v2.0\a1\_work\dbded102\bin\release.anycpu\vssf.sdk\ms.tf.framework.server.l0.tests\ms.tf.framework.server.l0.tests.dll" id="49689b7d-37e2-93a7-8d4d-2eabd3336889">
      <Owners>
        <Owner name="vscsauthztest" />
      </Owners>
      <Execution id="824939b0-b9a8-41ba-9bc9-bb6da7f8cc4c" />
      <TestMethod codeBase="D:\v2.0\A1\_work\dbded102\bin\Release.AnyCPU\Vssf.Sdk\MS.TF.Framework.Server.L0.Tests\MS.TF.Framework.Server.L0.Tests.dll" adapterTypeName="Microsoft.VisualStudio.TestTools.TestTypes.Unit.UnitTestAdapter" className="MS.TF.Framework.Server.L0.Tests.Identity.ImsCacheObjectCloneabilityTests" name="ImsCacheIdentity_Clone_ReturnsClone" />
    </UnitTest>
    <UnitTest name="ImsCacheIdentityId_Clone_ReturnsClone" storage="d:\v2.0\a1\_work\dbded102\bin\release.anycpu\vssf.sdk\ms.tf.framework.server.l0.tests\ms.tf.framework.server.l0.tests.dll" id="5605d22a-a643-3ce7-9d03-0e99862e7950">
      <Owners>
        <Owner name="vscsauthztest" />
      </Owners>
      <Execution id="8e14e889-3d16-4cea-89e0-b9f4cad3d8f8" />
      <TestMethod codeBase="D:\v2.0\A1\_work\dbded102\bin\Release.AnyCPU\Vssf.Sdk\MS.TF.Framework.Server.L0.Tests\MS.TF.Framework.Server.L0.Tests.dll" adapterTypeName="Microsoft.VisualStudio.TestTools.TestTypes.Unit.UnitTestAdapter" className="MS.TF.Framework.Server.L0.Tests.Identity.ImsCacheObjectCloneabilityTests" name="ImsCacheIdentityId_Clone_ReturnsClone" />
    </UnitTest>
    <UnitTest name="ImsCacheScopeMembership_Clone_ReturnsClone" storage="d:\v2.0\a1\_work\dbded102\bin\release.anycpu\vssf.sdk\ms.tf.framework.server.l0.tests\ms.tf.framework.server.l0.tests.dll" id="1848befe-0365-1009-bb3a-bf5079fe54ee">
      <Owners>
        <Owner name="vscsauthztest" />
      </Owners>
      <Execution id="ddebdbf1-f645-4e03-92eb-f228e71ab4c9" />
      <TestMethod codeBase="D:\v2.0\A1\_work\dbded102\bin\Release.AnyCPU\Vssf.Sdk\MS.TF.Framework.Server.L0.Tests\MS.TF.Framework.Server.L0.Tests.dll" adapterTypeName="Microsoft.VisualStudio.TestTools.TestTypes.Unit.UnitTestAdapter" className="MS.TF.Framework.Server.L0.Tests.Identity.ImsCacheObjectCloneabilityTests" name="ImsCacheScopeMembership_Clone_ReturnsClone" />
    </UnitTest>
    <UnitTest name="ImsCacheMruIdentityIds_Clone_ReturnsClone" storage="d:\v2.0\a1\_work\dbded102\bin\release.anycpu\vssf.sdk\ms.tf.framework.server.l0.tests\ms.tf.framework.server.l0.tests.dll" id="d6871e36-5349-ddaa-246e-22d3212fb50b">
      <Owners>
        <Owner name="vscsauthztest" />
      </Owners>
      <Execution id="9e8191cc-a47e-4ef8-8d8d-803d718c2a61" />
      <TestMethod codeBase="D:\v2.0\A1\_work\dbded102\bin\Release.AnyCPU\Vssf.Sdk\MS.TF.Framework.Server.L0.Tests\MS.TF.Framework.Server.L0.Tests.dll" adapterTypeName="Microsoft.VisualStudio.TestTools.TestTypes.Unit.UnitTestAdapter" className="MS.TF.Framework.Server.L0.Tests.Identity.ImsCacheObjectCloneabilityTests" name="ImsCacheMruIdentityIds_Clone_ReturnsClone" />
    </UnitTest>
    <UnitTest name="ImsCacheIdentitiesByDisplayName_Clone_ReturnsClone" storage="d:\v2.0\a1\_work\dbded102\bin\release.anycpu\vssf.sdk\ms.tf.framework.server.l0.tests\ms.tf.framework.server.l0.tests.dll" id="27360fd2-945c-cf2d-60ca-d675e0551ae9">
      <Owners>
        <Owner name="vscsauthztest" />
      </Owners>
      <Execution id="e75d1229-dfc1-47ba-a5d7-57951f2cbc46" />
      <TestMethod codeBase="D:\v2.0\A1\_work\dbded102\bin\Release.AnyCPU\Vssf.Sdk\MS.TF.Framework.Server.L0.Tests\MS.TF.Framework.Server.L0.Tests.dll" adapterTypeName="Microsoft.VisualStudio.TestTools.TestTypes.Unit.UnitTestAdapter" className="MS.TF.Framework.Server.L0.Tests.Identity.ImsCacheObjectCloneabilityTests" name="ImsCacheIdentitiesByDisplayName_Clone_ReturnsClone" />
    </UnitTest>
    <UnitTest name="ImsCacheIdentitiesByAccountName_Clone_ReturnsClone" storage="d:\v2.0\a1\_work\dbded102\bin\release.anycpu\vssf.sdk\ms.tf.framework.server.l0.tests\ms.tf.framework.server.l0.tests.dll" id="7f43ca0e-447c-8779-9514-dd4b9013ef1e">
      <Owners>
        <Owner name="vscsauthztest" />
      </Owners>
      <Execution id="eddc64cd-50ba-4c97-90a8-6d79ae8b938c" />
      <TestMethod codeBase="D:\v2.0\A1\_work\dbded102\bin\Release.AnyCPU\Vssf.Sdk\MS.TF.Framework.Server.L0.Tests\MS.TF.Framework.Server.L0.Tests.dll" adapterTypeName="Microsoft.VisualStudio.TestTools.TestTypes.Unit.UnitTestAdapter" className="MS.TF.Framework.Server.L0.Tests.Identity.ImsCacheObjectCloneabilityTests" name="ImsCacheIdentitiesByAccountName_Clone_ReturnsClone" />
    </UnitTest>
    <UnitTest name="ImsCacheIdentityIdByDisplayName_Clone_ReturnsClone" storage="d:\v2.0\a1\_work\dbded102\bin\release.anycpu\vssf.sdk\ms.tf.framework.server.l0.tests\ms.tf.framework.server.l0.tests.dll" id="350649fe-8121-88cb-d2b1-798387e75e1a">
      <Owners>
        <Owner name="vscsauthztest" />
      </Owners>
      <Execution id="afe35742-599c-4469-b1a7-a4c9dfdc5509" />
      <TestMethod codeBase="D:\v2.0\A1\_work\dbded102\bin\Release.AnyCPU\Vssf.Sdk\MS.TF.Framework.Server.L0.Tests\MS.TF.Framework.Server.L0.Tests.dll" adapterTypeName="Microsoft.VisualStudio.TestTools.TestTypes.Unit.UnitTestAdapter" className="MS.TF.Framework.Server.L0.Tests.Identity.ImsCacheObjectCloneabilityTests" name="ImsCacheIdentityIdByDisplayName_Clone_ReturnsClone" />
    </UnitTest>
    <UnitTest name="ImsCacheIdentityIdByEmail_Clone_ReturnsClone" storage="d:\v2.0\a1\_work\dbded102\bin\release.anycpu\vssf.sdk\ms.tf.framework.server.l0.tests\ms.tf.framework.server.l0.tests.dll" id="a5e48874-0d90-a73c-3e49-67995c2db188">
      <Owners>
        <Owner name="vscsauthztest" />
      </Owners>
      <Execution id="2841653a-1ad4-48ec-b258-33f0349d3a2e" />
      <TestMethod codeBase="D:\v2.0\A1\_work\dbded102\bin\Release.AnyCPU\Vssf.Sdk\MS.TF.Framework.Server.L0.Tests\MS.TF.Framework.Server.L0.Tests.dll" adapterTypeName="Microsoft.VisualStudio.TestTools.TestTypes.Unit.UnitTestAdapter" className="MS.TF.Framework.Server.L0.Tests.Identity.ImsCacheObjectCloneabilityTests" name="ImsCacheIdentityIdByEmail_Clone_ReturnsClone" />
    </UnitTest>
    <UnitTest name="ImsCacheIdentityIdByAccountName_Clone_ReturnsClone" storage="d:\v2.0\a1\_work\dbded102\bin\release.anycpu\vssf.sdk\ms.tf.framework.server.l0.tests\ms.tf.framework.server.l0.tests.dll" id="bc435e09-9d2f-3164-06d5-fab3a786506f">
      <Owners>
        <Owner name="vscsauthztest" />
      </Owners>
      <Execution id="5b1b2a5c-3f6c-4f31-ab63-1fd81faf840d" />
      <TestMethod codeBase="D:\v2.0\A1\_work\dbded102\bin\Release.AnyCPU\Vssf.Sdk\MS.TF.Framework.Server.L0.Tests\MS.TF.Framework.Server.L0.Tests.dll" adapterTypeName="Microsoft.VisualStudio.TestTools.TestTypes.Unit.UnitTestAdapter" className="MS.TF.Framework.Server.L0.Tests.Identity.ImsCacheObjectCloneabilityTests" name="ImsCacheIdentityIdByAccountName_Clone_ReturnsClone" />
    </UnitTest>
    <UnitTest name="ImsCacheDescriptorKey_Equals_ReturnsTrue_WhenEqual" storage="d:\v2.0\a1\_work\dbded102\bin\release.anycpu\vssf.sdk\ms.tf.framework.server.l0.tests\ms.tf.framework.server.l0.tests.dll" id="eff2fedd-566d-022f-fd92-4a51b98bfb75">
      <Owners>
        <Owner name="vscsauthztest" />
      </Owners>
      <Execution id="4f6d9980-403d-4768-a521-d294bbfb44c7" />
      <TestMethod codeBase="D:\v2.0\A1\_work\dbded102\bin\Release.AnyCPU\Vssf.Sdk\MS.TF.Framework.Server.L0.Tests\MS.TF.Framework.Server.L0.Tests.dll" adapterTypeName="Microsoft.VisualStudio.TestTools.TestTypes.Unit.UnitTestAdapter" className="MS.TF.Framework.Server.L0.Tests.Identity.ImsCacheObjectEqualityTests" name="ImsCacheDescriptorKey_Equals_ReturnsTrue_WhenEqual" />
    </UnitTest>
    <UnitTest name="ImsCacheDescriptorKey_Equals_ReturnsFalse_WhenUnequal" storage="d:\v2.0\a1\_work\dbded102\bin\release.anycpu\vssf.sdk\ms.tf.framework.server.l0.tests\ms.tf.framework.server.l0.tests.dll" id="1e1e612c-23c0-46ec-f99b-995f24dea36e">
      <Owners>
        <Owner name="vscsauthztest" />
      </Owners>
      <Execution id="dada9252-1caa-4399-ac3e-c5e58514c9fd" />
      <TestMethod codeBase="D:\v2.0\A1\_work\dbded102\bin\Release.AnyCPU\Vssf.Sdk\MS.TF.Framework.Server.L0.Tests\MS.TF.Framework.Server.L0.Tests.dll" adapterTypeName="Microsoft.VisualStudio.TestTools.TestTypes.Unit.UnitTestAdapter" className="MS.TF.Framework.Server.L0.Tests.Identity.ImsCacheObjectEqualityTests" name="ImsCacheDescriptorKey_Equals_ReturnsFalse_WhenUnequal" />
    </UnitTest>
    <UnitTest name="ImsCacheDescriptorKey_Equals_ReturnsFalse_WhenComparedToNull" storage="d:\v2.0\a1\_work\dbded102\bin\release.anycpu\vssf.sdk\ms.tf.framework.server.l0.tests\ms.tf.framework.server.l0.tests.dll" id="936971aa-b96e-235a-2472-280564fa80e9">
      <Owners>
        <Owner name="vscsauthztest" />
      </Owners>
      <Execution id="1ba103ab-d22c-4c43-912e-4cad8ce38058" />
      <TestMethod codeBase="D:\v2.0\A1\_work\dbded102\bin\Release.AnyCPU\Vssf.Sdk\MS.TF.Framework.Server.L0.Tests\MS.TF.Framework.Server.L0.Tests.dll" adapterTypeName="Microsoft.VisualStudio.TestTools.TestTypes.Unit.UnitTestAdapter" className="MS.TF.Framework.Server.L0.Tests.Identity.ImsCacheObjectEqualityTests" name="ImsCacheDescriptorKey_Equals_ReturnsFalse_WhenComparedToNull" />
    </UnitTest>
    <UnitTest name="ImsCacheUtils_ToDictionary_DedupesKeys" storage="d:\v2.0\a1\_work\dbded102\bin\release.anycpu\vssf.sdk\ms.tf.framework.server.l0.tests\ms.tf.framework.server.l0.tests.dll" id="4bc83fac-7bcf-1c9a-a6db-8dc60f733d7f">
      <Owners>
        <Owner name="vscsauthztest" />
      </Owners>
      <Execution id="9ac61e0f-cd68-48af-9b2a-cb48bd8cc8c9" />
      <TestMethod codeBase="D:\v2.0\A1\_work\dbded102\bin\Release.AnyCPU\Vssf.Sdk\MS.TF.Framework.Server.L0.Tests\MS.TF.Framework.Server.L0.Tests.dll" adapterTypeName="Microsoft.VisualStudio.TestTools.TestTypes.Unit.UnitTestAdapter" className="MS.TF.Framework.Server.L0.Tests.Identity.ImsCacheObjectEqualityTests" name="ImsCacheUtils_ToDictionary_DedupesKeys" />
    </UnitTest>
    <UnitTest name="SerializationOf_ImsCacheIdKeys_DoesNotFail_ForAnyCulture" storage="d:\v2.0\a1\_work\dbded102\bin\release.anycpu\vssf.sdk\ms.tf.framework.server.l0.tests\ms.tf.framework.server.l0.tests.dll" id="08b4e1c8-c0de-8757-d082-ef9b66a94a0c">
      <Owners>
        <Owner name="vscsauthztest" />
      </Owners>
      <Execution id="4dac16c9-46cb-4733-91a6-fb013ff842d2" />
      <TestMethod codeBase="D:\v2.0\A1\_work\dbded102\bin\Release.AnyCPU\Vssf.Sdk\MS.TF.Framework.Server.L0.Tests\MS.TF.Framework.Server.L0.Tests.dll" adapterTypeName="Microsoft.VisualStudio.TestTools.TestTypes.Unit.UnitTestAdapter" className="MS.TF.Framework.Server.L0.Tests.Identity.ImsCacheObjectSerializationTests" name="SerializationOf_ImsCacheIdKeys_DoesNotFail_ForAnyCulture" />
    </UnitTest>
    <UnitTest name="SerializationOf_ImsCacheDescriptorKeys_DoesNotFail_ForAnyCulture" storage="d:\v2.0\a1\_work\dbded102\bin\release.anycpu\vssf.sdk\ms.tf.framework.server.l0.tests\ms.tf.framework.server.l0.tests.dll" id="d1d15168-459b-2933-0f23-917a0625a509">
      <Owners>
        <Owner name="vscsauthztest" />
      </Owners>
      <Execution id="176464fc-767a-4987-830d-c988d2f5bae8" />
      <TestMethod codeBase="D:\v2.0\A1\_work\dbded102\bin\Release.AnyCPU\Vssf.Sdk\MS.TF.Framework.Server.L0.Tests\MS.TF.Framework.Server.L0.Tests.dll" adapterTypeName="Microsoft.VisualStudio.TestTools.TestTypes.Unit.UnitTestAdapter" className="MS.TF.Framework.Server.L0.Tests.Identity.ImsCacheObjectSerializationTests" name="SerializationOf_ImsCacheDescriptorKeys_DoesNotFail_ForAnyCulture" />
    </UnitTest>
    <UnitTest name="SerializationOf_ImsCacheScopedIdKeys_DoesNotFail_ForAnyCulture" storage="d:\v2.0\a1\_work\dbded102\bin\release.anycpu\vssf.sdk\ms.tf.framework.server.l0.tests\ms.tf.framework.server.l0.tests.dll" id="b4eed12d-60e9-b12f-7f9b-0f4cd264f4ca">
      <Owners>
        <Owner name="vscsauthztest" />
      </Owners>
      <Execution id="395d1eff-7a33-48f8-8c6a-b954539bb74d" />
      <TestMethod codeBase="D:\v2.0\A1\_work\dbded102\bin\Release.AnyCPU\Vssf.Sdk\MS.TF.Framework.Server.L0.Tests\MS.TF.Framework.Server.L0.Tests.dll" adapterTypeName="Microsoft.VisualStudio.TestTools.TestTypes.Unit.UnitTestAdapter" className="MS.TF.Framework.Server.L0.Tests.Identity.ImsCacheObjectSerializationTests" name="SerializationOf_ImsCacheScopedIdKeys_DoesNotFail_ForAnyCulture" />
    </UnitTest>
    <UnitTest name="SerializationOf_ImsCacheScopedNameKeys_DoesNotFail_ForAnyCulture" storage="d:\v2.0\a1\_work\dbded102\bin\release.anycpu\vssf.sdk\ms.tf.framework.server.l0.tests\ms.tf.framework.server.l0.tests.dll" id="9b645966-e138-ae7f-a848-63c17c55f9aa">
      <Owners>
        <Owner name="vscsauthztest" />
      </Owners>
      <Execution id="4f6ffbef-3a9e-40dc-aba2-1ed6f9680e9e" />
      <TestMethod codeBase="D:\v2.0\A1\_work\dbded102\bin\Release.AnyCPU\Vssf.Sdk\MS.TF.Framework.Server.L0.Tests\MS.TF.Framework.Server.L0.Tests.dll" adapterTypeName="Microsoft.VisualStudio.TestTools.TestTypes.Unit.UnitTestAdapter" className="MS.TF.Framework.Server.L0.Tests.Identity.ImsCacheObjectSerializationTests" name="SerializationOf_ImsCacheScopedNameKeys_DoesNotFail_ForAnyCulture" />
    </UnitTest>
    <UnitTest name="SerializationOf_ImsCacheDescendants_DoesNotFail_ForAnyCulture" storage="d:\v2.0\a1\_work\dbded102\bin\release.anycpu\vssf.sdk\ms.tf.framework.server.l0.tests\ms.tf.framework.server.l0.tests.dll" id="a7de81a4-f22b-7996-0ae7-9916f4ce56d7">
      <Owners>
        <Owner name="vscsauthztest" />
      </Owners>
      <Execution id="bd4d9f41-0a17-427d-ad61-14cfece86e1e" />
      <TestMethod codeBase="D:\v2.0\A1\_work\dbded102\bin\Release.AnyCPU\Vssf.Sdk\MS.TF.Framework.Server.L0.Tests\MS.TF.Framework.Server.L0.Tests.dll" adapterTypeName="Microsoft.VisualStudio.TestTools.TestTypes.Unit.UnitTestAdapter" className="MS.TF.Framework.Server.L0.Tests.Identity.ImsCacheObjectSerializationTests" name="SerializationOf_ImsCacheDescendants_DoesNotFail_ForAnyCulture" />
    </UnitTest>
    <UnitTest name="SerializationOf_ImsCacheAncestors_DoesNotFail_ForAnyCulture" storage="d:\v2.0\a1\_work\dbded102\bin\release.anycpu\vssf.sdk\ms.tf.framework.server.l0.tests\ms.tf.framework.server.l0.tests.dll" id="d78e15d3-7711-ea36-400f-30d918dd0301">
      <Owners>
        <Owner name="vscsauthztest" />
      </Owners>
      <Execution id="11264817-6ff1-48cb-ba59-4aa1dc2ddc2c" />
      <TestMethod codeBase="D:\v2.0\A1\_work\dbded102\bin\Release.AnyCPU\Vssf.Sdk\MS.TF.Framework.Server.L0.Tests\MS.TF.Framework.Server.L0.Tests.dll" adapterTypeName="Microsoft.VisualStudio.TestTools.TestTypes.Unit.UnitTestAdapter" className="MS.TF.Framework.Server.L0.Tests.Identity.ImsCacheObjectSerializationTests" name="SerializationOf_ImsCacheAncestors_DoesNotFail_ForAnyCulture" />
    </UnitTest>
    <UnitTest name="SerializationOf_ImsCacheChildren_DoesNotFail_ForAnyCulture" storage="d:\v2.0\a1\_work\dbded102\bin\release.anycpu\vssf.sdk\ms.tf.framework.server.l0.tests\ms.tf.framework.server.l0.tests.dll" id="02f4d55a-f57b-58aa-f910-88430f0a95ca">
      <Owners>
        <Owner name="vscsauthztest" />
      </Owners>
      <Execution id="a2aca650-b523-4311-b198-27a0d4072fe4" />
      <TestMethod codeBase="D:\v2.0\A1\_work\dbded102\bin\Release.AnyCPU\Vssf.Sdk\MS.TF.Framework.Server.L0.Tests\MS.TF.Framework.Server.L0.Tests.dll" adapterTypeName="Microsoft.VisualStudio.TestTools.TestTypes.Unit.UnitTestAdapter" className="MS.TF.Framework.Server.L0.Tests.Identity.ImsCacheObjectSerializationTests" name="SerializationOf_ImsCacheChildren_DoesNotFail_ForAnyCulture" />
    </UnitTest>
    <UnitTest name="SerializationOf_ImsCacheIdentityIds_DoesNotFail_ForAnyCulture" storage="d:\v2.0\a1\_work\dbded102\bin\release.anycpu\vssf.sdk\ms.tf.framework.server.l0.tests\ms.tf.framework.server.l0.tests.dll" id="de266da4-a983-af84-b7bf-fac381cc93c5">
      <Owners>
        <Owner name="vscsauthztest" />
      </Owners>
      <Execution id="e2918036-0e17-453a-898c-caf70209d565" />
      <TestMethod codeBase="D:\v2.0\A1\_work\dbded102\bin\Release.AnyCPU\Vssf.Sdk\MS.TF.Framework.Server.L0.Tests\MS.TF.Framework.Server.L0.Tests.dll" adapterTypeName="Microsoft.VisualStudio.TestTools.TestTypes.Unit.UnitTestAdapter" className="MS.TF.Framework.Server.L0.Tests.Identity.ImsCacheObjectSerializationTests" name="SerializationOf_ImsCacheIdentityIds_DoesNotFail_ForAnyCulture" />
    </UnitTest>
    <UnitTest name="SerializationOf_ImsCacheScopeMemberships_DoesNotFail_ForAnyCulture" storage="d:\v2.0\a1\_work\dbded102\bin\release.anycpu\vssf.sdk\ms.tf.framework.server.l0.tests\ms.tf.framework.server.l0.tests.dll" id="2ef1250d-1196-e8fa-a931-2be07569aa13">
      <Owners>
        <Owner name="vscsauthztest" />
      </Owners>
      <Execution id="b1864b3f-5aff-4eb6-b060-70f3fb58f5b0" />
      <TestMethod codeBase="D:\v2.0\A1\_work\dbded102\bin\Release.AnyCPU\Vssf.Sdk\MS.TF.Framework.Server.L0.Tests\MS.TF.Framework.Server.L0.Tests.dll" adapterTypeName="Microsoft.VisualStudio.TestTools.TestTypes.Unit.UnitTestAdapter" className="MS.TF.Framework.Server.L0.Tests.Identity.ImsCacheObjectSerializationTests" name="SerializationOf_ImsCacheScopeMemberships_DoesNotFail_ForAnyCulture" />
    </UnitTest>
    <UnitTest name="SerializationOf_ImsCacheMruIdentityIds_DoesNotFail_ForAnyCulture" storage="d:\v2.0\a1\_work\dbded102\bin\release.anycpu\vssf.sdk\ms.tf.framework.server.l0.tests\ms.tf.framework.server.l0.tests.dll" id="bffab81c-a309-26df-405b-38a8b41eb9fb">
      <Owners>
        <Owner name="vscsauthztest" />
      </Owners>
      <Execution id="20079388-4e72-4aa6-977a-a990632a6d2f" />
      <TestMethod codeBase="D:\v2.0\A1\_work\dbded102\bin\Release.AnyCPU\Vssf.Sdk\MS.TF.Framework.Server.L0.Tests\MS.TF.Framework.Server.L0.Tests.dll" adapterTypeName="Microsoft.VisualStudio.TestTools.TestTypes.Unit.UnitTestAdapter" className="MS.TF.Framework.Server.L0.Tests.Identity.ImsCacheObjectSerializationTests" name="SerializationOf_ImsCacheMruIdentityIds_DoesNotFail_ForAnyCulture" />
    </UnitTest>
    <UnitTest name="SerializationOf_ImsCacheIdentitiesByDisplayName_DoesNotFail_ForAnyCulture" storage="d:\v2.0\a1\_work\dbded102\bin\release.anycpu\vssf.sdk\ms.tf.framework.server.l0.tests\ms.tf.framework.server.l0.tests.dll" id="6500a168-85f0-c8e4-b189-d183644d85fe">
      <Owners>
        <Owner name="vscsauthztest" />
      </Owners>
      <Execution id="7957bfe5-f14a-488e-bd6c-3f9f5b1c3db3" />
      <TestMethod codeBase="D:\v2.0\A1\_work\dbded102\bin\Release.AnyCPU\Vssf.Sdk\MS.TF.Framework.Server.L0.Tests\MS.TF.Framework.Server.L0.Tests.dll" adapterTypeName="Microsoft.VisualStudio.TestTools.TestTypes.Unit.UnitTestAdapter" className="MS.TF.Framework.Server.L0.Tests.Identity.ImsCacheObjectSerializationTests" name="SerializationOf_ImsCacheIdentitiesByDisplayName_DoesNotFail_ForAnyCulture" />
    </UnitTest>
    <UnitTest name="SerializationOf_ImsCacheIdentitiesByAccountName_DoesNotFail_ForAnyCulture" storage="d:\v2.0\a1\_work\dbded102\bin\release.anycpu\vssf.sdk\ms.tf.framework.server.l0.tests\ms.tf.framework.server.l0.tests.dll" id="a2a8ecc4-b550-f7ab-300d-0740d369253a">
      <Owners>
        <Owner name="vscsauthztest" />
      </Owners>
      <Execution id="241f0c54-cd93-4c73-a1a1-5094166dc573" />
      <TestMethod codeBase="D:\v2.0\A1\_work\dbded102\bin\Release.AnyCPU\Vssf.Sdk\MS.TF.Framework.Server.L0.Tests\MS.TF.Framework.Server.L0.Tests.dll" adapterTypeName="Microsoft.VisualStudio.TestTools.TestTypes.Unit.UnitTestAdapter" className="MS.TF.Framework.Server.L0.Tests.Identity.ImsCacheObjectSerializationTests" name="SerializationOf_ImsCacheIdentitiesByAccountName_DoesNotFail_ForAnyCulture" />
    </UnitTest>
    <UnitTest name="SerializationOf_ImsCacheDisplayNameSearchIndex_DoesNotFail_ForAnyCulture" storage="d:\v2.0\a1\_work\dbded102\bin\release.anycpu\vssf.sdk\ms.tf.framework.server.l0.tests\ms.tf.framework.server.l0.tests.dll" id="701bc333-9c81-51b8-3ba2-888311e56127">
      <Owners>
        <Owner name="vscsauthztest" />
      </Owners>
      <Execution id="f4acdcb1-49f4-47f8-b1aa-d96ae24b89d1" />
      <TestMethod codeBase="D:\v2.0\A1\_work\dbded102\bin\Release.AnyCPU\Vssf.Sdk\MS.TF.Framework.Server.L0.Tests\MS.TF.Framework.Server.L0.Tests.dll" adapterTypeName="Microsoft.VisualStudio.TestTools.TestTypes.Unit.UnitTestAdapter" className="MS.TF.Framework.Server.L0.Tests.Identity.ImsCacheObjectSerializationTests" name="SerializationOf_ImsCacheDisplayNameSearchIndex_DoesNotFail_ForAnyCulture" />
    </UnitTest>
    <UnitTest name="SerializationOf_ImsCacheEmailSearchIndex_DoesNotFail_ForAnyCulture" storage="d:\v2.0\a1\_work\dbded102\bin\release.anycpu\vssf.sdk\ms.tf.framework.server.l0.tests\ms.tf.framework.server.l0.tests.dll" id="2ea6cfdc-5971-8b79-8bff-a930018bd76f">
      <Owners>
        <Owner name="vscsauthztest" />
      </Owners>
      <Execution id="9560097c-12c2-4db5-b914-61e5d6a507e4" />
      <TestMethod codeBase="D:\v2.0\A1\_work\dbded102\bin\Release.AnyCPU\Vssf.Sdk\MS.TF.Framework.Server.L0.Tests\MS.TF.Framework.Server.L0.Tests.dll" adapterTypeName="Microsoft.VisualStudio.TestTools.TestTypes.Unit.UnitTestAdapter" className="MS.TF.Framework.Server.L0.Tests.Identity.ImsCacheObjectSerializationTests" name="SerializationOf_ImsCacheEmailSearchIndex_DoesNotFail_ForAnyCulture" />
    </UnitTest>
    <UnitTest name="SerializationOf_ImsCacheAccountNameSearchIndex_DoesNotFail_ForAnyCulture" storage="d:\v2.0\a1\_work\dbded102\bin\release.anycpu\vssf.sdk\ms.tf.framework.server.l0.tests\ms.tf.framework.server.l0.tests.dll" id="c7e7ccf9-6877-af34-bc21-0272613a813b">
      <Owners>
        <Owner name="vscsauthztest" />
      </Owners>
      <Execution id="ffb0060c-77c2-4c39-a84b-974e6ce40b36" />
      <TestMethod codeBase="D:\v2.0\A1\_work\dbded102\bin\Release.AnyCPU\Vssf.Sdk\MS.TF.Framework.Server.L0.Tests\MS.TF.Framework.Server.L0.Tests.dll" adapterTypeName="Microsoft.VisualStudio.TestTools.TestTypes.Unit.UnitTestAdapter" className="MS.TF.Framework.Server.L0.Tests.Identity.ImsCacheObjectSerializationTests" name="SerializationOf_ImsCacheAccountNameSearchIndex_DoesNotFail_ForAnyCulture" />
    </UnitTest>
    <UnitTest name="ImsCacheOrchestrator_DoesNotFail_WhenKeysAreRepeated" storage="d:\v2.0\a1\_work\dbded102\bin\release.anycpu\vssf.sdk\ms.tf.framework.server.l0.tests\ms.tf.framework.server.l0.tests.dll" id="56422b13-5e68-d5cb-87e2-3c78ffd8c4ad">
      <Owners>
        <Owner name="vscsauthztest" />
      </Owners>
      <Execution id="f2dc5ae6-078f-4ab5-a977-7c952988f13c" />
      <TestMethod codeBase="D:\v2.0\A1\_work\dbded102\bin\Release.AnyCPU\Vssf.Sdk\MS.TF.Framework.Server.L0.Tests\MS.TF.Framework.Server.L0.Tests.dll" adapterTypeName="Microsoft.VisualStudio.TestTools.TestTypes.Unit.UnitTestAdapter" className="MS.TF.Framework.Server.L0.Tests.Identity.ImsCacheOrchestratorTests" name="ImsCacheOrchestrator_DoesNotFail_WhenKeysAreRepeated" />
    </UnitTest>
    <UnitTest name="ImsCacheService_CreateIdentityIdsByEmailSearchIndex_UsesLocalCache" storage="d:\v2.0\a1\_work\dbded102\bin\release.anycpu\vssf.sdk\ms.tf.framework.server.l0.tests\ms.tf.framework.server.l0.tests.dll" id="283087f1-cbc8-1e5f-d925-e2c402fa665c">
      <Owners>
        <Owner name="vscsauthztest" />
      </Owners>
      <Execution id="e3254347-93a5-4057-b0b9-1f339c0a6c32" />
      <TestMethod codeBase="D:\v2.0\A1\_work\dbded102\bin\Release.AnyCPU\Vssf.Sdk\MS.TF.Framework.Server.L0.Tests\MS.TF.Framework.Server.L0.Tests.dll" adapterTypeName="Microsoft.VisualStudio.TestTools.TestTypes.Unit.UnitTestAdapter" className="MS.TF.Framework.Server.L0.Tests.Identity.ImsCacheServiceIndexSearchIdentityIdsTests" name="ImsCacheService_CreateIdentityIdsByEmailSearchIndex_UsesLocalCache" />
    </UnitTest>
    <UnitTest name="ImsCacheService_CreateIdentityIdsByAccountNameSearchIndex_UsesLocalCache" storage="d:\v2.0\a1\_work\dbded102\bin\release.anycpu\vssf.sdk\ms.tf.framework.server.l0.tests\ms.tf.framework.server.l0.tests.dll" id="678646b3-f5d6-01bf-1855-0e0a2e02687f">
      <Owners>
        <Owner name="vscsauthztest" />
      </Owners>
      <Execution id="386b38cb-6482-4c80-ae5a-917d627356ef" />
      <TestMethod codeBase="D:\v2.0\A1\_work\dbded102\bin\Release.AnyCPU\Vssf.Sdk\MS.TF.Framework.Server.L0.Tests\MS.TF.Framework.Server.L0.Tests.dll" adapterTypeName="Microsoft.VisualStudio.TestTools.TestTypes.Unit.UnitTestAdapter" className="MS.TF.Framework.Server.L0.Tests.Identity.ImsCacheServiceIndexSearchIdentityIdsTests" name="ImsCacheService_CreateIdentityIdsByAccountNameSearchIndex_UsesLocalCache" />
    </UnitTest>
    <UnitTest name="ImsCacheService_SearchIdentityIdsByEmail_UsesLocalCache" storage="d:\v2.0\a1\_work\dbded102\bin\release.anycpu\vssf.sdk\ms.tf.framework.server.l0.tests\ms.tf.framework.server.l0.tests.dll" id="256562ef-d956-434d-e82e-665438ad96ec">
      <Owners>
        <Owner name="vscsauthztest" />
      </Owners>
      <Execution id="fd47f968-735e-4544-a357-20045c78c487" />
      <TestMethod codeBase="D:\v2.0\A1\_work\dbded102\bin\Release.AnyCPU\Vssf.Sdk\MS.TF.Framework.Server.L0.Tests\MS.TF.Framework.Server.L0.Tests.dll" adapterTypeName="Microsoft.VisualStudio.TestTools.TestTypes.Unit.UnitTestAdapter" className="MS.TF.Framework.Server.L0.Tests.Identity.ImsCacheServiceIndexSearchIdentityIdsTests" name="ImsCacheService_SearchIdentityIdsByEmail_UsesLocalCache" />
    </UnitTest>
    <UnitTest name="ImsCacheService_SearchIdentityIdsByAccountName_UsesLocalCache" storage="d:\v2.0\a1\_work\dbded102\bin\release.anycpu\vssf.sdk\ms.tf.framework.server.l0.tests\ms.tf.framework.server.l0.tests.dll" id="5922158c-66da-79e4-c54a-b5780b1bcebb">
      <Owners>
        <Owner name="vscsauthztest" />
      </Owners>
      <Execution id="50d2747e-58a8-429a-a373-e134c251f4d0" />
      <TestMethod codeBase="D:\v2.0\A1\_work\dbded102\bin\Release.AnyCPU\Vssf.Sdk\MS.TF.Framework.Server.L0.Tests\MS.TF.Framework.Server.L0.Tests.dll" adapterTypeName="Microsoft.VisualStudio.TestTools.TestTypes.Unit.UnitTestAdapter" className="MS.TF.Framework.Server.L0.Tests.Identity.ImsCacheServiceIndexSearchIdentityIdsTests" name="ImsCacheService_SearchIdentityIdsByAccountName_UsesLocalCache" />
    </UnitTest>
    <UnitTest name="ImsCacheService_CreateIdentityIdsByEmailSearchIndex_DoesntCallLocalCache_WhenOperationIsConfiguredOff" storage="d:\v2.0\a1\_work\dbded102\bin\release.anycpu\vssf.sdk\ms.tf.framework.server.l0.tests\ms.tf.framework.server.l0.tests.dll" id="7bad93e5-2bbb-62b5-02ba-acab62a68570">
      <Owners>
        <Owner name="vscsauthztest" />
      </Owners>
      <Execution id="da4541ac-7013-432b-b64b-e5cadbc8a3a6" />
      <TestMethod codeBase="D:\v2.0\A1\_work\dbded102\bin\Release.AnyCPU\Vssf.Sdk\MS.TF.Framework.Server.L0.Tests\MS.TF.Framework.Server.L0.Tests.dll" adapterTypeName="Microsoft.VisualStudio.TestTools.TestTypes.Unit.UnitTestAdapter" className="MS.TF.Framework.Server.L0.Tests.Identity.ImsCacheServiceIndexSearchIdentityIdsTests" name="ImsCacheService_CreateIdentityIdsByEmailSearchIndex_DoesntCallLocalCache_WhenOperationIsConfiguredOff" />
    </UnitTest>
    <UnitTest name="ImsCacheService_CreateIdentityIdsByAccountNameSearchIndex_DoesntCallLocalCache_WhenOperationIsConfiguredOff" storage="d:\v2.0\a1\_work\dbded102\bin\release.anycpu\vssf.sdk\ms.tf.framework.server.l0.tests\ms.tf.framework.server.l0.tests.dll" id="8c989e15-3243-3c8b-ba51-7e3cf79817eb">
      <Owners>
        <Owner name="vscsauthztest" />
      </Owners>
      <Execution id="24ac7ad0-bef9-4ba5-809a-8831108b962a" />
      <TestMethod codeBase="D:\v2.0\A1\_work\dbded102\bin\Release.AnyCPU\Vssf.Sdk\MS.TF.Framework.Server.L0.Tests\MS.TF.Framework.Server.L0.Tests.dll" adapterTypeName="Microsoft.VisualStudio.TestTools.TestTypes.Unit.UnitTestAdapter" className="MS.TF.Framework.Server.L0.Tests.Identity.ImsCacheServiceIndexSearchIdentityIdsTests" name="ImsCacheService_CreateIdentityIdsByAccountNameSearchIndex_DoesntCallLocalCache_WhenOperationIsConfiguredOff" />
    </UnitTest>
    <UnitTest name="ImsCacheService_CreateIdentityIdsByEmailSearchIndex_UsesRemoteCache" storage="d:\v2.0\a1\_work\dbded102\bin\release.anycpu\vssf.sdk\ms.tf.framework.server.l0.tests\ms.tf.framework.server.l0.tests.dll" id="5038b514-0f5c-8eae-5ee0-02a237799c2c">
      <Owners>
        <Owner name="vscsauthztest" />
      </Owners>
      <Execution id="7a5cd258-c8a0-486e-9d61-637f3f0c0cbc" />
      <TestMethod codeBase="D:\v2.0\A1\_work\dbded102\bin\Release.AnyCPU\Vssf.Sdk\MS.TF.Framework.Server.L0.Tests\MS.TF.Framework.Server.L0.Tests.dll" adapterTypeName="Microsoft.VisualStudio.TestTools.TestTypes.Unit.UnitTestAdapter" className="MS.TF.Framework.Server.L0.Tests.Identity.ImsCacheServiceIndexSearchIdentityIdsTests" name="ImsCacheService_CreateIdentityIdsByEmailSearchIndex_UsesRemoteCache" />
    </UnitTest>
    <UnitTest name="ImsCacheService_CreateIdentityIdsByAccountNameSearchIndex_UsesRemoteCache" storage="d:\v2.0\a1\_work\dbded102\bin\release.anycpu\vssf.sdk\ms.tf.framework.server.l0.tests\ms.tf.framework.server.l0.tests.dll" id="9b1ba3ec-3d13-cab4-9e92-11d811813b65">
      <Owners>
        <Owner name="vscsauthztest" />
      </Owners>
      <Execution id="c82b504d-79e4-4546-96a6-478c438010b6" />
      <TestMethod codeBase="D:\v2.0\A1\_work\dbded102\bin\Release.AnyCPU\Vssf.Sdk\MS.TF.Framework.Server.L0.Tests\MS.TF.Framework.Server.L0.Tests.dll" adapterTypeName="Microsoft.VisualStudio.TestTools.TestTypes.Unit.UnitTestAdapter" className="MS.TF.Framework.Server.L0.Tests.Identity.ImsCacheServiceIndexSearchIdentityIdsTests" name="ImsCacheService_CreateIdentityIdsByAccountNameSearchIndex_UsesRemoteCache" />
    </UnitTest>
    <UnitTest name="ImsCacheService_SearchIdentityIdsByEmail_UsesRemoteCache" storage="d:\v2.0\a1\_work\dbded102\bin\release.anycpu\vssf.sdk\ms.tf.framework.server.l0.tests\ms.tf.framework.server.l0.tests.dll" id="61939a28-6db6-2687-62c7-996b5e6ac31c">
      <Owners>
        <Owner name="vscsauthztest" />
      </Owners>
      <Execution id="2b03020d-e455-4bcc-b1b5-119f5c9eb2ad" />
      <TestMethod codeBase="D:\v2.0\A1\_work\dbded102\bin\Release.AnyCPU\Vssf.Sdk\MS.TF.Framework.Server.L0.Tests\MS.TF.Framework.Server.L0.Tests.dll" adapterTypeName="Microsoft.VisualStudio.TestTools.TestTypes.Unit.UnitTestAdapter" className="MS.TF.Framework.Server.L0.Tests.Identity.ImsCacheServiceIndexSearchIdentityIdsTests" name="ImsCacheService_SearchIdentityIdsByEmail_UsesRemoteCache" />
    </UnitTest>
    <UnitTest name="ImsCacheService_SearchIdentityIdsByAccountName_UsesRemoteCache" storage="d:\v2.0\a1\_work\dbded102\bin\release.anycpu\vssf.sdk\ms.tf.framework.server.l0.tests\ms.tf.framework.server.l0.tests.dll" id="8fdfc646-31e4-d7a4-69fe-6d153e4effde">
      <Owners>
        <Owner name="vscsauthztest" />
      </Owners>
      <Execution id="b4ac81b3-da35-46b3-8e35-518114ecdaab" />
      <TestMethod codeBase="D:\v2.0\A1\_work\dbded102\bin\Release.AnyCPU\Vssf.Sdk\MS.TF.Framework.Server.L0.Tests\MS.TF.Framework.Server.L0.Tests.dll" adapterTypeName="Microsoft.VisualStudio.TestTools.TestTypes.Unit.UnitTestAdapter" className="MS.TF.Framework.Server.L0.Tests.Identity.ImsCacheServiceIndexSearchIdentityIdsTests" name="ImsCacheService_SearchIdentityIdsByAccountName_UsesRemoteCache" />
    </UnitTest>
    <UnitTest name="ImsCacheService_SetIdentitiesByAccountName_ValidatesHost" storage="d:\v2.0\a1\_work\dbded102\bin\release.anycpu\vssf.sdk\ms.tf.framework.server.l0.tests\ms.tf.framework.server.l0.tests.dll" id="2f55c159-b310-56e4-d2d6-8dd4f8e1316f">
      <Owners>
        <Owner name="vscsauthztest" />
      </Owners>
      <Execution id="a45c35c5-f922-4abb-8a98-061b07bc5dd9" />
      <TestMethod codeBase="D:\v2.0\A1\_work\dbded102\bin\Release.AnyCPU\Vssf.Sdk\MS.TF.Framework.Server.L0.Tests\MS.TF.Framework.Server.L0.Tests.dll" adapterTypeName="Microsoft.VisualStudio.TestTools.TestTypes.Unit.UnitTestAdapter" className="MS.TF.Framework.Server.L0.Tests.Identity.ImsCacheServiceSetIdentitiesByAccountNameTests" name="ImsCacheService_SetIdentitiesByAccountName_ValidatesHost" />
    </UnitTest>
    <UnitTest name="ImsCacheService_SetIdentitiesByAccountName_ChecksFeatureFlag" storage="d:\v2.0\a1\_work\dbded102\bin\release.anycpu\vssf.sdk\ms.tf.framework.server.l0.tests\ms.tf.framework.server.l0.tests.dll" id="0d4e8e22-89f6-99e8-b74b-be1e80dbd629">
      <Owners>
        <Owner name="vscsauthztest" />
      </Owners>
      <Execution id="28b76c22-8209-47b2-a5de-1eb70da15a79" />
      <TestMethod codeBase="D:\v2.0\A1\_work\dbded102\bin\Release.AnyCPU\Vssf.Sdk\MS.TF.Framework.Server.L0.Tests\MS.TF.Framework.Server.L0.Tests.dll" adapterTypeName="Microsoft.VisualStudio.TestTools.TestTypes.Unit.UnitTestAdapter" className="MS.TF.Framework.Server.L0.Tests.Identity.ImsCacheServiceSetIdentitiesByAccountNameTests" name="ImsCacheService_SetIdentitiesByAccountName_ChecksFeatureFlag" />
    </UnitTest>
    <UnitTest name="ImsCacheService_SetIdentitiesByAccountName_ReturnsNull_WhenFeatureFlagIsOff" storage="d:\v2.0\a1\_work\dbded102\bin\release.anycpu\vssf.sdk\ms.tf.framework.server.l0.tests\ms.tf.framework.server.l0.tests.dll" id="664e64b6-1999-dfc4-bd6d-9de32409051d">
      <Owners>
        <Owner name="vscsauthztest" />
      </Owners>
      <Execution id="3b50fae7-c720-44dc-8f52-ae2eba0d41fc" />
      <TestMethod codeBase="D:\v2.0\A1\_work\dbded102\bin\Release.AnyCPU\Vssf.Sdk\MS.TF.Framework.Server.L0.Tests\MS.TF.Framework.Server.L0.Tests.dll" adapterTypeName="Microsoft.VisualStudio.TestTools.TestTypes.Unit.UnitTestAdapter" className="MS.TF.Framework.Server.L0.Tests.Identity.ImsCacheServiceSetIdentitiesByAccountNameTests" name="ImsCacheService_SetIdentitiesByAccountName_ReturnsNull_WhenFeatureFlagIsOff" />
    </UnitTest>
    <UnitTest name="ImsCacheService_SetIdentitiesByAccountName_CallsRemoteCache" storage="d:\v2.0\a1\_work\dbded102\bin\release.anycpu\vssf.sdk\ms.tf.framework.server.l0.tests\ms.tf.framework.server.l0.tests.dll" id="bc60550c-8030-dc98-1fea-c3e3b881e4df">
      <Owners>
        <Owner name="vscsauthztest" />
      </Owners>
      <Execution id="ca580b07-221c-4ac5-999d-c515c70ddeab" />
      <TestMethod codeBase="D:\v2.0\A1\_work\dbded102\bin\Release.AnyCPU\Vssf.Sdk\MS.TF.Framework.Server.L0.Tests\MS.TF.Framework.Server.L0.Tests.dll" adapterTypeName="Microsoft.VisualStudio.TestTools.TestTypes.Unit.UnitTestAdapter" className="MS.TF.Framework.Server.L0.Tests.Identity.ImsCacheServiceSetIdentitiesByAccountNameTests" name="ImsCacheService_SetIdentitiesByAccountName_CallsRemoteCache" />
    </UnitTest>
    <UnitTest name="ImsCacheService_SetIdentitiesByAccountName_CallsRemoteCache_WhenDealingWithNonLinkedIdentities" storage="d:\v2.0\a1\_work\dbded102\bin\release.anycpu\vssf.sdk\ms.tf.framework.server.l0.tests\ms.tf.framework.server.l0.tests.dll" id="dea64e81-f506-ecc7-c800-c2ebdbcfa6ad">
      <Owners>
        <Owner name="vscsauthztest" />
      </Owners>
      <Execution id="7dfe2cc7-844a-46f9-9680-61265b6659c3" />
      <TestMethod codeBase="D:\v2.0\A1\_work\dbded102\bin\Release.AnyCPU\Vssf.Sdk\MS.TF.Framework.Server.L0.Tests\MS.TF.Framework.Server.L0.Tests.dll" adapterTypeName="Microsoft.VisualStudio.TestTools.TestTypes.Unit.UnitTestAdapter" className="MS.TF.Framework.Server.L0.Tests.Identity.ImsCacheServiceSetIdentitiesByAccountNameTests" name="ImsCacheService_SetIdentitiesByAccountName_CallsRemoteCache_WhenDealingWithNonLinkedIdentities" />
    </UnitTest>
    <UnitTest name="ImsCacheService_SetIdentitiesByAccountName_DoesNotCallRemoteCache_WhenDealingWithLinkedIdentities" storage="d:\v2.0\a1\_work\dbded102\bin\release.anycpu\vssf.sdk\ms.tf.framework.server.l0.tests\ms.tf.framework.server.l0.tests.dll" id="20bd1161-71ec-066f-ae1a-e305bcd488ce">
      <Owners>
        <Owner name="vscsauthztest" />
      </Owners>
      <Execution id="f9794675-44c1-4d29-9def-05baab5361e6" />
      <TestMethod codeBase="D:\v2.0\A1\_work\dbded102\bin\Release.AnyCPU\Vssf.Sdk\MS.TF.Framework.Server.L0.Tests\MS.TF.Framework.Server.L0.Tests.dll" adapterTypeName="Microsoft.VisualStudio.TestTools.TestTypes.Unit.UnitTestAdapter" className="MS.TF.Framework.Server.L0.Tests.Identity.ImsCacheServiceSetIdentitiesByAccountNameTests" name="ImsCacheService_SetIdentitiesByAccountName_DoesNotCallRemoteCache_WhenDealingWithLinkedIdentities" />
    </UnitTest>
    <UnitTest name="ImsCacheService_GetIdentitiesById_ValidatesHost" storage="d:\v2.0\a1\_work\dbded102\bin\release.anycpu\vssf.sdk\ms.tf.framework.server.l0.tests\ms.tf.framework.server.l0.tests.dll" id="8b9e922b-d1c0-8293-6b06-768eabd25959">
      <Owners>
        <Owner name="vscsauthztest" />
      </Owners>
      <Execution id="fc2eea8b-ac5e-4840-bb52-0f31e43ab03d" />
      <TestMethod codeBase="D:\v2.0\A1\_work\dbded102\bin\Release.AnyCPU\Vssf.Sdk\MS.TF.Framework.Server.L0.Tests\MS.TF.Framework.Server.L0.Tests.dll" adapterTypeName="Microsoft.VisualStudio.TestTools.TestTypes.Unit.UnitTestAdapter" className="MS.TF.Framework.Server.L0.Tests.Identity.ImsCacheServiceGetIdentitiesByIdTests" name="ImsCacheService_GetIdentitiesById_ValidatesHost" />
    </UnitTest>
    <UnitTest name="ImsCacheService_GetIdentitiesById_ChecksFeatureFlag" storage="d:\v2.0\a1\_work\dbded102\bin\release.anycpu\vssf.sdk\ms.tf.framework.server.l0.tests\ms.tf.framework.server.l0.tests.dll" id="047cc1e7-364f-12ca-18a1-0436ca797ebb">
      <Owners>
        <Owner name="vscsauthztest" />
      </Owners>
      <Execution id="7146adc6-c822-47bb-86cd-a3f0c7f4171c" />
      <TestMethod codeBase="D:\v2.0\A1\_work\dbded102\bin\Release.AnyCPU\Vssf.Sdk\MS.TF.Framework.Server.L0.Tests\MS.TF.Framework.Server.L0.Tests.dll" adapterTypeName="Microsoft.VisualStudio.TestTools.TestTypes.Unit.UnitTestAdapter" className="MS.TF.Framework.Server.L0.Tests.Identity.ImsCacheServiceGetIdentitiesByIdTests" name="ImsCacheService_GetIdentitiesById_ChecksFeatureFlag" />
    </UnitTest>
    <UnitTest name="ImsCacheService_GetIdentitiesById_ReturnsNull_WhenFeatureFlagIsOff" storage="d:\v2.0\a1\_work\dbded102\bin\release.anycpu\vssf.sdk\ms.tf.framework.server.l0.tests\ms.tf.framework.server.l0.tests.dll" id="114f05ed-b0af-d6d9-9640-1186995f2e5f">
      <Owners>
        <Owner name="vscsauthztest" />
      </Owners>
      <Execution id="be7a5edb-3d9a-4921-bcb0-78d1da21c753" />
      <TestMethod codeBase="D:\v2.0\A1\_work\dbded102\bin\Release.AnyCPU\Vssf.Sdk\MS.TF.Framework.Server.L0.Tests\MS.TF.Framework.Server.L0.Tests.dll" adapterTypeName="Microsoft.VisualStudio.TestTools.TestTypes.Unit.UnitTestAdapter" className="MS.TF.Framework.Server.L0.Tests.Identity.ImsCacheServiceGetIdentitiesByIdTests" name="ImsCacheService_GetIdentitiesById_ReturnsNull_WhenFeatureFlagIsOff" />
    </UnitTest>
    <UnitTest name="ImsCacheService_GetIdentitiesById_CallsRemoteCache" storage="d:\v2.0\a1\_work\dbded102\bin\release.anycpu\vssf.sdk\ms.tf.framework.server.l0.tests\ms.tf.framework.server.l0.tests.dll" id="09955f50-0e2b-0027-f2e1-3ada5cc65b90">
      <Owners>
        <Owner name="vscsauthztest" />
      </Owners>
      <Execution id="2fea1ef5-ca0c-4ad3-9c70-438258b136f2" />
      <TestMethod codeBase="D:\v2.0\A1\_work\dbded102\bin\Release.AnyCPU\Vssf.Sdk\MS.TF.Framework.Server.L0.Tests\MS.TF.Framework.Server.L0.Tests.dll" adapterTypeName="Microsoft.VisualStudio.TestTools.TestTypes.Unit.UnitTestAdapter" className="MS.TF.Framework.Server.L0.Tests.Identity.ImsCacheServiceGetIdentitiesByIdTests" name="ImsCacheService_GetIdentitiesById_CallsRemoteCache" />
    </UnitTest>
    <UnitTest name="ImsCacheService_GetIdentitiesById_CanHandleDuplicateKeys" storage="d:\v2.0\a1\_work\dbded102\bin\release.anycpu\vssf.sdk\ms.tf.framework.server.l0.tests\ms.tf.framework.server.l0.tests.dll" id="582e5fbf-099a-322b-e1e5-7ab05e23d9df">
      <Owners>
        <Owner name="vscsauthztest" />
      </Owners>
      <Execution id="be3455df-01be-4e80-b7f5-a60ac2493ba7" />
      <TestMethod codeBase="D:\v2.0\A1\_work\dbded102\bin\Release.AnyCPU\Vssf.Sdk\MS.TF.Framework.Server.L0.Tests\MS.TF.Framework.Server.L0.Tests.dll" adapterTypeName="Microsoft.VisualStudio.TestTools.TestTypes.Unit.UnitTestAdapter" className="MS.TF.Framework.Server.L0.Tests.Identity.ImsCacheServiceGetIdentitiesByIdTests" name="ImsCacheService_GetIdentitiesById_CanHandleDuplicateKeys" />
    </UnitTest>
    <UnitTest name="ImsCacheService_SetIdentitiesById_ValidatesHost" storage="d:\v2.0\a1\_work\dbded102\bin\release.anycpu\vssf.sdk\ms.tf.framework.server.l0.tests\ms.tf.framework.server.l0.tests.dll" id="15e7e6e7-d4f9-f3ad-d42e-a6425c785514">
      <Owners>
        <Owner name="vscsauthztest" />
      </Owners>
      <Execution id="b63af1bd-ee92-47ee-95bc-00f04676503d" />
      <TestMethod codeBase="D:\v2.0\A1\_work\dbded102\bin\Release.AnyCPU\Vssf.Sdk\MS.TF.Framework.Server.L0.Tests\MS.TF.Framework.Server.L0.Tests.dll" adapterTypeName="Microsoft.VisualStudio.TestTools.TestTypes.Unit.UnitTestAdapter" className="MS.TF.Framework.Server.L0.Tests.Identity.ImsCacheServiceSetIdentitiesByIdTests" name="ImsCacheService_SetIdentitiesById_ValidatesHost" />
    </UnitTest>
    <UnitTest name="ImsCacheService_SetIdentitiesById_ChecksFeatureFlag" storage="d:\v2.0\a1\_work\dbded102\bin\release.anycpu\vssf.sdk\ms.tf.framework.server.l0.tests\ms.tf.framework.server.l0.tests.dll" id="f08daec7-b265-68d2-1085-8ffadd7bdd1b">
      <Owners>
        <Owner name="vscsauthztest" />
      </Owners>
      <Execution id="5d0642e2-c5f8-4c67-8fb2-4d147c483f3f" />
      <TestMethod codeBase="D:\v2.0\A1\_work\dbded102\bin\Release.AnyCPU\Vssf.Sdk\MS.TF.Framework.Server.L0.Tests\MS.TF.Framework.Server.L0.Tests.dll" adapterTypeName="Microsoft.VisualStudio.TestTools.TestTypes.Unit.UnitTestAdapter" className="MS.TF.Framework.Server.L0.Tests.Identity.ImsCacheServiceSetIdentitiesByIdTests" name="ImsCacheService_SetIdentitiesById_ChecksFeatureFlag" />
    </UnitTest>
    <UnitTest name="ImsCacheService_SetIdentitiesById_ReturnsNull_WhenFeatureFlagIsOff" storage="d:\v2.0\a1\_work\dbded102\bin\release.anycpu\vssf.sdk\ms.tf.framework.server.l0.tests\ms.tf.framework.server.l0.tests.dll" id="a1b861a8-0a37-9957-9db1-d6e0787e6270">
      <Owners>
        <Owner name="vscsauthztest" />
      </Owners>
      <Execution id="f13ebef0-e1d7-4581-9cda-86c756d80258" />
      <TestMethod codeBase="D:\v2.0\A1\_work\dbded102\bin\Release.AnyCPU\Vssf.Sdk\MS.TF.Framework.Server.L0.Tests\MS.TF.Framework.Server.L0.Tests.dll" adapterTypeName="Microsoft.VisualStudio.TestTools.TestTypes.Unit.UnitTestAdapter" className="MS.TF.Framework.Server.L0.Tests.Identity.ImsCacheServiceSetIdentitiesByIdTests" name="ImsCacheService_SetIdentitiesById_ReturnsNull_WhenFeatureFlagIsOff" />
    </UnitTest>
    <UnitTest name="ImsCacheService_SetIdentitiesById_CallsRemoteCache" storage="d:\v2.0\a1\_work\dbded102\bin\release.anycpu\vssf.sdk\ms.tf.framework.server.l0.tests\ms.tf.framework.server.l0.tests.dll" id="0f188318-6fe0-57e5-887e-6c1fdd4611b1">
      <Owners>
        <Owner name="vscsauthztest" />
      </Owners>
      <Execution id="7ce2eecb-8e91-4326-b8bd-c12924b7107e" />
      <TestMethod codeBase="D:\v2.0\A1\_work\dbded102\bin\Release.AnyCPU\Vssf.Sdk\MS.TF.Framework.Server.L0.Tests\MS.TF.Framework.Server.L0.Tests.dll" adapterTypeName="Microsoft.VisualStudio.TestTools.TestTypes.Unit.UnitTestAdapter" className="MS.TF.Framework.Server.L0.Tests.Identity.ImsCacheServiceSetIdentitiesByIdTests" name="ImsCacheService_SetIdentitiesById_CallsRemoteCache" />
    </UnitTest>
    <UnitTest name="ImsCacheService_SetIdentitiesById_CallsRemoteCache_WhenDealingWithNonLinkedIdentities" storage="d:\v2.0\a1\_work\dbded102\bin\release.anycpu\vssf.sdk\ms.tf.framework.server.l0.tests\ms.tf.framework.server.l0.tests.dll" id="35476caf-702f-158d-2566-0abe06859e77">
      <Owners>
        <Owner name="vscsauthztest" />
      </Owners>
      <Execution id="fba19b4a-1c64-4d4f-a0b1-3a5550399902" />
      <TestMethod codeBase="D:\v2.0\A1\_work\dbded102\bin\Release.AnyCPU\Vssf.Sdk\MS.TF.Framework.Server.L0.Tests\MS.TF.Framework.Server.L0.Tests.dll" adapterTypeName="Microsoft.VisualStudio.TestTools.TestTypes.Unit.UnitTestAdapter" className="MS.TF.Framework.Server.L0.Tests.Identity.ImsCacheServiceSetIdentitiesByIdTests" name="ImsCacheService_SetIdentitiesById_CallsRemoteCache_WhenDealingWithNonLinkedIdentities" />
    </UnitTest>
    <UnitTest name="ImsCacheService_SetIdentitiesById_DoesNotCallRemoteCache_WhenDealingWithLinkedIdentities" storage="d:\v2.0\a1\_work\dbded102\bin\release.anycpu\vssf.sdk\ms.tf.framework.server.l0.tests\ms.tf.framework.server.l0.tests.dll" id="2a158488-36df-6808-771c-ffb27e837593">
      <Owners>
        <Owner name="vscsauthztest" />
      </Owners>
      <Execution id="cf7e3e86-b24a-43b3-93cb-b3332394d27c" />
      <TestMethod codeBase="D:\v2.0\A1\_work\dbded102\bin\Release.AnyCPU\Vssf.Sdk\MS.TF.Framework.Server.L0.Tests\MS.TF.Framework.Server.L0.Tests.dll" adapterTypeName="Microsoft.VisualStudio.TestTools.TestTypes.Unit.UnitTestAdapter" className="MS.TF.Framework.Server.L0.Tests.Identity.ImsCacheServiceSetIdentitiesByIdTests" name="ImsCacheService_SetIdentitiesById_DoesNotCallRemoteCache_WhenDealingWithLinkedIdentities" />
    </UnitTest>
    <UnitTest name="ImsCacheService_SetIdentitiesByDisplayName_ValidatesHost" storage="d:\v2.0\a1\_work\dbded102\bin\release.anycpu\vssf.sdk\ms.tf.framework.server.l0.tests\ms.tf.framework.server.l0.tests.dll" id="70ee8f8b-3078-7c01-0d25-413e481742a0">
      <Owners>
        <Owner name="vscsauthztest" />
      </Owners>
      <Execution id="e2c9efe1-0676-48e2-91e9-85cef16ce66a" />
      <TestMethod codeBase="D:\v2.0\A1\_work\dbded102\bin\Release.AnyCPU\Vssf.Sdk\MS.TF.Framework.Server.L0.Tests\MS.TF.Framework.Server.L0.Tests.dll" adapterTypeName="Microsoft.VisualStudio.TestTools.TestTypes.Unit.UnitTestAdapter" className="MS.TF.Framework.Server.L0.Tests.Identity.ImsCacheServiceSetIdentitiesByDisplayNameTests" name="ImsCacheService_SetIdentitiesByDisplayName_ValidatesHost" />
    </UnitTest>
    <UnitTest name="ImsCacheService_SetIdentitiesByDisplayName_ChecksFeatureFlag" storage="d:\v2.0\a1\_work\dbded102\bin\release.anycpu\vssf.sdk\ms.tf.framework.server.l0.tests\ms.tf.framework.server.l0.tests.dll" id="fd841be1-80b7-1926-9473-20b321862df8">
      <Owners>
        <Owner name="vscsauthztest" />
      </Owners>
      <Execution id="2ec7a416-831d-44d6-abb0-e3ac453dc919" />
      <TestMethod codeBase="D:\v2.0\A1\_work\dbded102\bin\Release.AnyCPU\Vssf.Sdk\MS.TF.Framework.Server.L0.Tests\MS.TF.Framework.Server.L0.Tests.dll" adapterTypeName="Microsoft.VisualStudio.TestTools.TestTypes.Unit.UnitTestAdapter" className="MS.TF.Framework.Server.L0.Tests.Identity.ImsCacheServiceSetIdentitiesByDisplayNameTests" name="ImsCacheService_SetIdentitiesByDisplayName_ChecksFeatureFlag" />
    </UnitTest>
    <UnitTest name="ImsCacheService_SetIdentitiesByDisplayName_ReturnsNull_WhenFeatureFlagIsOff" storage="d:\v2.0\a1\_work\dbded102\bin\release.anycpu\vssf.sdk\ms.tf.framework.server.l0.tests\ms.tf.framework.server.l0.tests.dll" id="16de8969-4532-1a7c-6e54-620563536008">
      <Owners>
        <Owner name="vscsauthztest" />
      </Owners>
      <Execution id="bc4de5dd-d5d8-469f-9db3-c21b5d162388" />
      <TestMethod codeBase="D:\v2.0\A1\_work\dbded102\bin\Release.AnyCPU\Vssf.Sdk\MS.TF.Framework.Server.L0.Tests\MS.TF.Framework.Server.L0.Tests.dll" adapterTypeName="Microsoft.VisualStudio.TestTools.TestTypes.Unit.UnitTestAdapter" className="MS.TF.Framework.Server.L0.Tests.Identity.ImsCacheServiceSetIdentitiesByDisplayNameTests" name="ImsCacheService_SetIdentitiesByDisplayName_ReturnsNull_WhenFeatureFlagIsOff" />
    </UnitTest>
    <UnitTest name="ImsCacheService_SetIdentitiesByDisplayName_CallsRemoteCache" storage="d:\v2.0\a1\_work\dbded102\bin\release.anycpu\vssf.sdk\ms.tf.framework.server.l0.tests\ms.tf.framework.server.l0.tests.dll" id="81f1ce27-ed91-902c-cad5-0ba4cadfe553">
      <Owners>
        <Owner name="vscsauthztest" />
      </Owners>
      <Execution id="bb538ec3-1f24-4da2-b6fc-142261a417ce" />
      <TestMethod codeBase="D:\v2.0\A1\_work\dbded102\bin\Release.AnyCPU\Vssf.Sdk\MS.TF.Framework.Server.L0.Tests\MS.TF.Framework.Server.L0.Tests.dll" adapterTypeName="Microsoft.VisualStudio.TestTools.TestTypes.Unit.UnitTestAdapter" className="MS.TF.Framework.Server.L0.Tests.Identity.ImsCacheServiceSetIdentitiesByDisplayNameTests" name="ImsCacheService_SetIdentitiesByDisplayName_CallsRemoteCache" />
    </UnitTest>
    <UnitTest name="ImsCacheService_SetIdentitiesByDisplayName_CallsRemoteCache_WhenDealingWithNonLinkedIdentities" storage="d:\v2.0\a1\_work\dbded102\bin\release.anycpu\vssf.sdk\ms.tf.framework.server.l0.tests\ms.tf.framework.server.l0.tests.dll" id="1e0fb0ad-9951-1d56-ef5d-88452fa79ff9">
      <Owners>
        <Owner name="vscsauthztest" />
      </Owners>
      <Execution id="13b7e33a-6fdf-40d7-bc78-18903c713e84" />
      <TestMethod codeBase="D:\v2.0\A1\_work\dbded102\bin\Release.AnyCPU\Vssf.Sdk\MS.TF.Framework.Server.L0.Tests\MS.TF.Framework.Server.L0.Tests.dll" adapterTypeName="Microsoft.VisualStudio.TestTools.TestTypes.Unit.UnitTestAdapter" className="MS.TF.Framework.Server.L0.Tests.Identity.ImsCacheServiceSetIdentitiesByDisplayNameTests" name="ImsCacheService_SetIdentitiesByDisplayName_CallsRemoteCache_WhenDealingWithNonLinkedIdentities" />
    </UnitTest>
    <UnitTest name="ImsCacheService_SetIdentitiesByDisplayName_DoesNotCallRemoteCache_WhenDealingWithLinkedIdentities" storage="d:\v2.0\a1\_work\dbded102\bin\release.anycpu\vssf.sdk\ms.tf.framework.server.l0.tests\ms.tf.framework.server.l0.tests.dll" id="004d8394-a555-b3fe-2e52-9e9fb2044eb0">
      <Owners>
        <Owner name="vscsauthztest" />
      </Owners>
      <Execution id="e4433ab6-3a5e-44d6-96b3-c92854bb7efe" />
      <TestMethod codeBase="D:\v2.0\A1\_work\dbded102\bin\Release.AnyCPU\Vssf.Sdk\MS.TF.Framework.Server.L0.Tests\MS.TF.Framework.Server.L0.Tests.dll" adapterTypeName="Microsoft.VisualStudio.TestTools.TestTypes.Unit.UnitTestAdapter" className="MS.TF.Framework.Server.L0.Tests.Identity.ImsCacheServiceSetIdentitiesByDisplayNameTests" name="ImsCacheService_SetIdentitiesByDisplayName_DoesNotCallRemoteCache_WhenDealingWithLinkedIdentities" />
    </UnitTest>
    <UnitTest name="ImsCacheService_SetIdentitiesByDescriptor_ValidatesHost" storage="d:\v2.0\a1\_work\dbded102\bin\release.anycpu\vssf.sdk\ms.tf.framework.server.l0.tests\ms.tf.framework.server.l0.tests.dll" id="489894e9-91a2-0cf5-3dbd-c1f789d41aa2">
      <Owners>
        <Owner name="vscsauthztest" />
      </Owners>
      <Execution id="c38c4af4-b001-4ba5-8663-4f68b7dbb103" />
      <TestMethod codeBase="D:\v2.0\A1\_work\dbded102\bin\Release.AnyCPU\Vssf.Sdk\MS.TF.Framework.Server.L0.Tests\MS.TF.Framework.Server.L0.Tests.dll" adapterTypeName="Microsoft.VisualStudio.TestTools.TestTypes.Unit.UnitTestAdapter" className="MS.TF.Framework.Server.L0.Tests.Identity.ImsCacheServiceSetIdentitiesByDescriptorTests" name="ImsCacheService_SetIdentitiesByDescriptor_ValidatesHost" />
    </UnitTest>
    <UnitTest name="ImsCacheService_SetIdentitiesByDescriptor_ChecksFeatureFlag" storage="d:\v2.0\a1\_work\dbded102\bin\release.anycpu\vssf.sdk\ms.tf.framework.server.l0.tests\ms.tf.framework.server.l0.tests.dll" id="6121713f-c1e6-e099-627d-00537ba9a8dc">
      <Owners>
        <Owner name="vscsauthztest" />
      </Owners>
      <Execution id="6b4e0f54-c805-40fe-aca5-032af0ca8913" />
      <TestMethod codeBase="D:\v2.0\A1\_work\dbded102\bin\Release.AnyCPU\Vssf.Sdk\MS.TF.Framework.Server.L0.Tests\MS.TF.Framework.Server.L0.Tests.dll" adapterTypeName="Microsoft.VisualStudio.TestTools.TestTypes.Unit.UnitTestAdapter" className="MS.TF.Framework.Server.L0.Tests.Identity.ImsCacheServiceSetIdentitiesByDescriptorTests" name="ImsCacheService_SetIdentitiesByDescriptor_ChecksFeatureFlag" />
    </UnitTest>
    <UnitTest name="ImsCacheService_SetIdentitiesByDescriptor_ReturnsNull_WhenFeatureFlagIsOff" storage="d:\v2.0\a1\_work\dbded102\bin\release.anycpu\vssf.sdk\ms.tf.framework.server.l0.tests\ms.tf.framework.server.l0.tests.dll" id="678fab75-7104-e8d3-87d4-d846675896f1">
      <Owners>
        <Owner name="vscsauthztest" />
      </Owners>
      <Execution id="b909cd36-9611-4b20-b048-28a0db7af4e6" />
      <TestMethod codeBase="D:\v2.0\A1\_work\dbded102\bin\Release.AnyCPU\Vssf.Sdk\MS.TF.Framework.Server.L0.Tests\MS.TF.Framework.Server.L0.Tests.dll" adapterTypeName="Microsoft.VisualStudio.TestTools.TestTypes.Unit.UnitTestAdapter" className="MS.TF.Framework.Server.L0.Tests.Identity.ImsCacheServiceSetIdentitiesByDescriptorTests" name="ImsCacheService_SetIdentitiesByDescriptor_ReturnsNull_WhenFeatureFlagIsOff" />
    </UnitTest>
    <UnitTest name="ImsCacheService_SetIdentitiesByDescriptor_CallsRemoteCache" storage="d:\v2.0\a1\_work\dbded102\bin\release.anycpu\vssf.sdk\ms.tf.framework.server.l0.tests\ms.tf.framework.server.l0.tests.dll" id="579603d8-814e-380c-3772-3dbebd68ae8e">
      <Owners>
        <Owner name="vscsauthztest" />
      </Owners>
      <Execution id="bf9ebf0c-6b47-436e-b1e6-a22fddc9acc3" />
      <TestMethod codeBase="D:\v2.0\A1\_work\dbded102\bin\Release.AnyCPU\Vssf.Sdk\MS.TF.Framework.Server.L0.Tests\MS.TF.Framework.Server.L0.Tests.dll" adapterTypeName="Microsoft.VisualStudio.TestTools.TestTypes.Unit.UnitTestAdapter" className="MS.TF.Framework.Server.L0.Tests.Identity.ImsCacheServiceSetIdentitiesByDescriptorTests" name="ImsCacheService_SetIdentitiesByDescriptor_CallsRemoteCache" />
    </UnitTest>
    <UnitTest name="ImsCacheService_SetIdentitiesByDescriptor_CallsRemoteCache_WhenDealingWithNonLinkedIdentities" storage="d:\v2.0\a1\_work\dbded102\bin\release.anycpu\vssf.sdk\ms.tf.framework.server.l0.tests\ms.tf.framework.server.l0.tests.dll" id="b9d5a937-2707-0bf9-e6bf-562ffd6dac0c">
      <Owners>
        <Owner name="vscsauthztest" />
      </Owners>
      <Execution id="adbeeb0c-43c1-4b14-a976-f84c9973d241" />
      <TestMethod codeBase="D:\v2.0\A1\_work\dbded102\bin\Release.AnyCPU\Vssf.Sdk\MS.TF.Framework.Server.L0.Tests\MS.TF.Framework.Server.L0.Tests.dll" adapterTypeName="Microsoft.VisualStudio.TestTools.TestTypes.Unit.UnitTestAdapter" className="MS.TF.Framework.Server.L0.Tests.Identity.ImsCacheServiceSetIdentitiesByDescriptorTests" name="ImsCacheService_SetIdentitiesByDescriptor_CallsRemoteCache_WhenDealingWithNonLinkedIdentities" />
    </UnitTest>
    <UnitTest name="ImsCacheService_SetIdentitiesByDescriptor_DoesNotCallRemoteCache_WhenDealingWithLinkedIdentities" storage="d:\v2.0\a1\_work\dbded102\bin\release.anycpu\vssf.sdk\ms.tf.framework.server.l0.tests\ms.tf.framework.server.l0.tests.dll" id="087d9bf3-336d-541e-50d1-59bbb8c27d39">
      <Owners>
        <Owner name="vscsauthztest" />
      </Owners>
      <Execution id="41763edd-fd89-4d41-b77e-768ab7ebcecd" />
      <TestMethod codeBase="D:\v2.0\A1\_work\dbded102\bin\Release.AnyCPU\Vssf.Sdk\MS.TF.Framework.Server.L0.Tests\MS.TF.Framework.Server.L0.Tests.dll" adapterTypeName="Microsoft.VisualStudio.TestTools.TestTypes.Unit.UnitTestAdapter" className="MS.TF.Framework.Server.L0.Tests.Identity.ImsCacheServiceSetIdentitiesByDescriptorTests" name="ImsCacheService_SetIdentitiesByDescriptor_DoesNotCallRemoteCache_WhenDealingWithLinkedIdentities" />
    </UnitTest>
    <UnitTest name="ImsCacheService_SetIdentitiesInScope_ValidatesHost" storage="d:\v2.0\a1\_work\dbded102\bin\release.anycpu\vssf.sdk\ms.tf.framework.server.l0.tests\ms.tf.framework.server.l0.tests.dll" id="48bc5582-232a-317e-5be9-a3d67e544eeb">
      <Owners>
        <Owner name="vscsauthztest" />
      </Owners>
      <Execution id="5b00b5d6-d6a9-4d52-92a4-c2872123ae91" />
      <TestMethod codeBase="D:\v2.0\A1\_work\dbded102\bin\Release.AnyCPU\Vssf.Sdk\MS.TF.Framework.Server.L0.Tests\MS.TF.Framework.Server.L0.Tests.dll" adapterTypeName="Microsoft.VisualStudio.TestTools.TestTypes.Unit.UnitTestAdapter" className="MS.TF.Framework.Server.L0.Tests.Identity.ImsCacheServiceSetIdentitiesInScopeTests" name="ImsCacheService_SetIdentitiesInScope_ValidatesHost" />
    </UnitTest>
    <UnitTest name="ImsCacheService_SetIdentitiesInScope_ChecksFeatureFlag" storage="d:\v2.0\a1\_work\dbded102\bin\release.anycpu\vssf.sdk\ms.tf.framework.server.l0.tests\ms.tf.framework.server.l0.tests.dll" id="19b240a4-78b3-acfa-05cb-310dcdbe993b">
      <Owners>
        <Owner name="vscsauthztest" />
      </Owners>
      <Execution id="2d25fa86-7660-4751-87bc-0f641ff45343" />
      <TestMethod codeBase="D:\v2.0\A1\_work\dbded102\bin\Release.AnyCPU\Vssf.Sdk\MS.TF.Framework.Server.L0.Tests\MS.TF.Framework.Server.L0.Tests.dll" adapterTypeName="Microsoft.VisualStudio.TestTools.TestTypes.Unit.UnitTestAdapter" className="MS.TF.Framework.Server.L0.Tests.Identity.ImsCacheServiceSetIdentitiesInScopeTests" name="ImsCacheService_SetIdentitiesInScope_ChecksFeatureFlag" />
    </UnitTest>
    <UnitTest name="ImsCacheService_SetIdentitiesInScope_ReturnsNull_WhenFeatureFlagIsOff" storage="d:\v2.0\a1\_work\dbded102\bin\release.anycpu\vssf.sdk\ms.tf.framework.server.l0.tests\ms.tf.framework.server.l0.tests.dll" id="baf71c00-8666-b4f5-00f2-60fd0924df70">
      <Owners>
        <Owner name="vscsauthztest" />
      </Owners>
      <Execution id="833426ff-5ad1-4876-ad35-bd7bcbd47dc6" />
      <TestMethod codeBase="D:\v2.0\A1\_work\dbded102\bin\Release.AnyCPU\Vssf.Sdk\MS.TF.Framework.Server.L0.Tests\MS.TF.Framework.Server.L0.Tests.dll" adapterTypeName="Microsoft.VisualStudio.TestTools.TestTypes.Unit.UnitTestAdapter" className="MS.TF.Framework.Server.L0.Tests.Identity.ImsCacheServiceSetIdentitiesInScopeTests" name="ImsCacheService_SetIdentitiesInScope_ReturnsNull_WhenFeatureFlagIsOff" />
    </UnitTest>
    <UnitTest name="ImsCacheService_SetIdentitiesInScope_CallsRemoteCache" storage="d:\v2.0\a1\_work\dbded102\bin\release.anycpu\vssf.sdk\ms.tf.framework.server.l0.tests\ms.tf.framework.server.l0.tests.dll" id="2c2498e4-b789-4dd1-601f-b8777bd880b5">
      <Owners>
        <Owner name="vscsauthztest" />
      </Owners>
      <Execution id="fb543d4c-fda9-4888-b556-1f6302b15672" />
      <TestMethod codeBase="D:\v2.0\A1\_work\dbded102\bin\Release.AnyCPU\Vssf.Sdk\MS.TF.Framework.Server.L0.Tests\MS.TF.Framework.Server.L0.Tests.dll" adapterTypeName="Microsoft.VisualStudio.TestTools.TestTypes.Unit.UnitTestAdapter" className="MS.TF.Framework.Server.L0.Tests.Identity.ImsCacheServiceSetIdentitiesInScopeTests" name="ImsCacheService_SetIdentitiesInScope_CallsRemoteCache" />
    </UnitTest>
    <UnitTest name="ImsCacheService_SetIdentitiesInScope_DoesNotCallRemoteCache_WhenItemsDontExceedThreshold" storage="d:\v2.0\a1\_work\dbded102\bin\release.anycpu\vssf.sdk\ms.tf.framework.server.l0.tests\ms.tf.framework.server.l0.tests.dll" id="d0ef5671-0f41-ba61-bb81-49076ffcec70">
      <Owners>
        <Owner name="vscsauthztest" />
      </Owners>
      <Execution id="47b132b0-a069-4ed6-a6a4-eae6730aac5a" />
      <TestMethod codeBase="D:\v2.0\A1\_work\dbded102\bin\Release.AnyCPU\Vssf.Sdk\MS.TF.Framework.Server.L0.Tests\MS.TF.Framework.Server.L0.Tests.dll" adapterTypeName="Microsoft.VisualStudio.TestTools.TestTypes.Unit.UnitTestAdapter" className="MS.TF.Framework.Server.L0.Tests.Identity.ImsCacheServiceSetIdentitiesInScopeTests" name="ImsCacheService_SetIdentitiesInScope_DoesNotCallRemoteCache_WhenItemsDontExceedThreshold" />
    </UnitTest>
    <UnitTest name="ImsCacheService_GetIdentitiesInScope_ValidatesHost" storage="d:\v2.0\a1\_work\dbded102\bin\release.anycpu\vssf.sdk\ms.tf.framework.server.l0.tests\ms.tf.framework.server.l0.tests.dll" id="5e465b16-fbd5-f282-76d2-fc3b4f8b1d3d">
      <Owners>
        <Owner name="vscsauthztest" />
      </Owners>
      <Execution id="660da295-609d-4016-aa1f-bc5ae6922791" />
      <TestMethod codeBase="D:\v2.0\A1\_work\dbded102\bin\Release.AnyCPU\Vssf.Sdk\MS.TF.Framework.Server.L0.Tests\MS.TF.Framework.Server.L0.Tests.dll" adapterTypeName="Microsoft.VisualStudio.TestTools.TestTypes.Unit.UnitTestAdapter" className="MS.TF.Framework.Server.L0.Tests.Identity.ImsCacheServiceGetIdentitiesInScopeTests" name="ImsCacheService_GetIdentitiesInScope_ValidatesHost" />
    </UnitTest>
    <UnitTest name="ImsCacheService_GetIdentitiesInScope_ChecksFeatureFlag" storage="d:\v2.0\a1\_work\dbded102\bin\release.anycpu\vssf.sdk\ms.tf.framework.server.l0.tests\ms.tf.framework.server.l0.tests.dll" id="097b31cf-ef90-1b88-2972-8c8ae68a6386">
      <Owners>
        <Owner name="vscsauthztest" />
      </Owners>
      <Execution id="615e1880-6bea-44ee-8086-9f76eafa66b6" />
      <TestMethod codeBase="D:\v2.0\A1\_work\dbded102\bin\Release.AnyCPU\Vssf.Sdk\MS.TF.Framework.Server.L0.Tests\MS.TF.Framework.Server.L0.Tests.dll" adapterTypeName="Microsoft.VisualStudio.TestTools.TestTypes.Unit.UnitTestAdapter" className="MS.TF.Framework.Server.L0.Tests.Identity.ImsCacheServiceGetIdentitiesInScopeTests" name="ImsCacheService_GetIdentitiesInScope_ChecksFeatureFlag" />
    </UnitTest>
    <UnitTest name="ImsCacheService_GetIdentitiesInScope_ReturnsNull_WhenFeatureFlagIsOff" storage="d:\v2.0\a1\_work\dbded102\bin\release.anycpu\vssf.sdk\ms.tf.framework.server.l0.tests\ms.tf.framework.server.l0.tests.dll" id="a16349fa-af28-c400-ece3-87e35b1f4a37">
      <Owners>
        <Owner name="vscsauthztest" />
      </Owners>
      <Execution id="e8e11cb6-ddd0-44df-a38c-e457cbb0151f" />
      <TestMethod codeBase="D:\v2.0\A1\_work\dbded102\bin\Release.AnyCPU\Vssf.Sdk\MS.TF.Framework.Server.L0.Tests\MS.TF.Framework.Server.L0.Tests.dll" adapterTypeName="Microsoft.VisualStudio.TestTools.TestTypes.Unit.UnitTestAdapter" className="MS.TF.Framework.Server.L0.Tests.Identity.ImsCacheServiceGetIdentitiesInScopeTests" name="ImsCacheService_GetIdentitiesInScope_ReturnsNull_WhenFeatureFlagIsOff" />
    </UnitTest>
    <UnitTest name="ImsCacheService_GetIdentitiesInScope_CallsOrchestrator" storage="d:\v2.0\a1\_work\dbded102\bin\release.anycpu\vssf.sdk\ms.tf.framework.server.l0.tests\ms.tf.framework.server.l0.tests.dll" id="1f023322-5851-48d2-7715-c523630b105c">
      <Owners>
        <Owner name="vscsauthztest" />
      </Owners>
      <Execution id="ffade1ad-8b30-4dcf-8742-6d16b534f9c6" />
      <TestMethod codeBase="D:\v2.0\A1\_work\dbded102\bin\Release.AnyCPU\Vssf.Sdk\MS.TF.Framework.Server.L0.Tests\MS.TF.Framework.Server.L0.Tests.dll" adapterTypeName="Microsoft.VisualStudio.TestTools.TestTypes.Unit.UnitTestAdapter" className="MS.TF.Framework.Server.L0.Tests.Identity.ImsCacheServiceGetIdentitiesInScopeTests" name="ImsCacheService_GetIdentitiesInScope_CallsOrchestrator" />
    </UnitTest>
    <UnitTest name="ImsCacheService_GetDescendants_ValidatesHost" storage="d:\v2.0\a1\_work\dbded102\bin\release.anycpu\vssf.sdk\ms.tf.framework.server.l0.tests\ms.tf.framework.server.l0.tests.dll" id="17e5499c-17f7-26dd-1232-959dd97bbc18">
      <Owners>
        <Owner name="vscsauthztest" />
      </Owners>
      <Execution id="31d251a4-193b-4c4a-a189-cd5fc30d7cbf" />
      <TestMethod codeBase="D:\v2.0\A1\_work\dbded102\bin\Release.AnyCPU\Vssf.Sdk\MS.TF.Framework.Server.L0.Tests\MS.TF.Framework.Server.L0.Tests.dll" adapterTypeName="Microsoft.VisualStudio.TestTools.TestTypes.Unit.UnitTestAdapter" className="MS.TF.Framework.Server.L0.Tests.Identity.ImsCacheServiceGetDescendantsTests" name="ImsCacheService_GetDescendants_ValidatesHost" />
    </UnitTest>
    <UnitTest name="ImsCacheService_GetDescendants_ChecksFeatureFlag" storage="d:\v2.0\a1\_work\dbded102\bin\release.anycpu\vssf.sdk\ms.tf.framework.server.l0.tests\ms.tf.framework.server.l0.tests.dll" id="9f984390-547b-6a21-a5ce-8f64b780b3f0">
      <Owners>
        <Owner name="vscsauthztest" />
      </Owners>
      <Execution id="14e3fced-76c1-4046-9df6-9903bd14110d" />
      <TestMethod codeBase="D:\v2.0\A1\_work\dbded102\bin\Release.AnyCPU\Vssf.Sdk\MS.TF.Framework.Server.L0.Tests\MS.TF.Framework.Server.L0.Tests.dll" adapterTypeName="Microsoft.VisualStudio.TestTools.TestTypes.Unit.UnitTestAdapter" className="MS.TF.Framework.Server.L0.Tests.Identity.ImsCacheServiceGetDescendantsTests" name="ImsCacheService_GetDescendants_ChecksFeatureFlag" />
    </UnitTest>
    <UnitTest name="ImsCacheService_GetDescendants_ReturnsNull_WhenFeatureFlagIsOff" storage="d:\v2.0\a1\_work\dbded102\bin\release.anycpu\vssf.sdk\ms.tf.framework.server.l0.tests\ms.tf.framework.server.l0.tests.dll" id="f8e7efe0-170d-aedf-43ee-aa3cd6dd8055">
      <Owners>
        <Owner name="vscsauthztest" />
      </Owners>
      <Execution id="100978a6-8114-49db-bdac-1fe43878ff4e" />
      <TestMethod codeBase="D:\v2.0\A1\_work\dbded102\bin\Release.AnyCPU\Vssf.Sdk\MS.TF.Framework.Server.L0.Tests\MS.TF.Framework.Server.L0.Tests.dll" adapterTypeName="Microsoft.VisualStudio.TestTools.TestTypes.Unit.UnitTestAdapter" className="MS.TF.Framework.Server.L0.Tests.Identity.ImsCacheServiceGetDescendantsTests" name="ImsCacheService_GetDescendants_ReturnsNull_WhenFeatureFlagIsOff" />
    </UnitTest>
    <UnitTest name="ImsCacheService_GetDescendants_ReturnsEmptySets_IfRequestIsNotForGroups" storage="d:\v2.0\a1\_work\dbded102\bin\release.anycpu\vssf.sdk\ms.tf.framework.server.l0.tests\ms.tf.framework.server.l0.tests.dll" id="64d4bff7-dd35-1ae3-b2e0-632b8fc79c93">
      <Owners>
        <Owner name="vscsauthztest" />
      </Owners>
      <Execution id="9b2cc882-4f6c-4ff0-ba86-360b25de20a0" />
      <TestMethod codeBase="D:\v2.0\A1\_work\dbded102\bin\Release.AnyCPU\Vssf.Sdk\MS.TF.Framework.Server.L0.Tests\MS.TF.Framework.Server.L0.Tests.dll" adapterTypeName="Microsoft.VisualStudio.TestTools.TestTypes.Unit.UnitTestAdapter" className="MS.TF.Framework.Server.L0.Tests.Identity.ImsCacheServiceGetDescendantsTests" name="ImsCacheService_GetDescendants_ReturnsEmptySets_IfRequestIsNotForGroups" />
    </UnitTest>
    <UnitTest name="ImsCacheService_GetAncestors_ValidatesHost" storage="d:\v2.0\a1\_work\dbded102\bin\release.anycpu\vssf.sdk\ms.tf.framework.server.l0.tests\ms.tf.framework.server.l0.tests.dll" id="58c91b6a-9eb6-53df-1e74-c9fdba0ad8b9">
      <Owners>
        <Owner name="vscsauthztest" />
      </Owners>
      <Execution id="0599c6bd-1bed-4ff7-b11e-10d8b8e79342" />
      <TestMethod codeBase="D:\v2.0\A1\_work\dbded102\bin\Release.AnyCPU\Vssf.Sdk\MS.TF.Framework.Server.L0.Tests\MS.TF.Framework.Server.L0.Tests.dll" adapterTypeName="Microsoft.VisualStudio.TestTools.TestTypes.Unit.UnitTestAdapter" className="MS.TF.Framework.Server.L0.Tests.Identity.ImsCacheServiceGetAncestorsTests" name="ImsCacheService_GetAncestors_ValidatesHost" />
    </UnitTest>
    <UnitTest name="ImsCacheService_GetAncestors_ChecksFeatureFlag" storage="d:\v2.0\a1\_work\dbded102\bin\release.anycpu\vssf.sdk\ms.tf.framework.server.l0.tests\ms.tf.framework.server.l0.tests.dll" id="9b441752-12e4-110c-cd72-7ef1424017bf">
      <Owners>
        <Owner name="vscsauthztest" />
      </Owners>
      <Execution id="ca2f7d32-296c-48f2-b43d-c52bd30bb1b2" />
      <TestMethod codeBase="D:\v2.0\A1\_work\dbded102\bin\Release.AnyCPU\Vssf.Sdk\MS.TF.Framework.Server.L0.Tests\MS.TF.Framework.Server.L0.Tests.dll" adapterTypeName="Microsoft.VisualStudio.TestTools.TestTypes.Unit.UnitTestAdapter" className="MS.TF.Framework.Server.L0.Tests.Identity.ImsCacheServiceGetAncestorsTests" name="ImsCacheService_GetAncestors_ChecksFeatureFlag" />
    </UnitTest>
    <UnitTest name="ImsCacheService_GetAncestors_ReturnsNull_WhenFeatureFlagIsOff" storage="d:\v2.0\a1\_work\dbded102\bin\release.anycpu\vssf.sdk\ms.tf.framework.server.l0.tests\ms.tf.framework.server.l0.tests.dll" id="97ddcd5b-c008-ddae-eb9a-a09ccbca3aa9">
      <Owners>
        <Owner name="vscsauthztest" />
      </Owners>
      <Execution id="95f88e8b-c083-4ba1-adaf-01e95b662a3e" />
      <TestMethod codeBase="D:\v2.0\A1\_work\dbded102\bin\Release.AnyCPU\Vssf.Sdk\MS.TF.Framework.Server.L0.Tests\MS.TF.Framework.Server.L0.Tests.dll" adapterTypeName="Microsoft.VisualStudio.TestTools.TestTypes.Unit.UnitTestAdapter" className="MS.TF.Framework.Server.L0.Tests.Identity.ImsCacheServiceGetAncestorsTests" name="ImsCacheService_GetAncestors_ReturnsNull_WhenFeatureFlagIsOff" />
    </UnitTest>
    <UnitTest name="ImsCacheService_GetAncestors_CallsOrchestrator" storage="d:\v2.0\a1\_work\dbded102\bin\release.anycpu\vssf.sdk\ms.tf.framework.server.l0.tests\ms.tf.framework.server.l0.tests.dll" id="b92be0d6-a702-9afe-bd87-e8aa2538f1db">
      <Owners>
        <Owner name="vscsauthztest" />
      </Owners>
      <Execution id="fe4e918e-545a-4341-a3c9-e520ff3508a3" />
      <TestMethod codeBase="D:\v2.0\A1\_work\dbded102\bin\Release.AnyCPU\Vssf.Sdk\MS.TF.Framework.Server.L0.Tests\MS.TF.Framework.Server.L0.Tests.dll" adapterTypeName="Microsoft.VisualStudio.TestTools.TestTypes.Unit.UnitTestAdapter" className="MS.TF.Framework.Server.L0.Tests.Identity.ImsCacheServiceGetAncestorsTests" name="ImsCacheService_GetAncestors_CallsOrchestrator" />
    </UnitTest>
    <UnitTest name="ImsCacheService_CreateIdentityIdsByDisplayNameSearchIndex_ValidatesHost" storage="d:\v2.0\a1\_work\dbded102\bin\release.anycpu\vssf.sdk\ms.tf.framework.server.l0.tests\ms.tf.framework.server.l0.tests.dll" id="673a21be-3f03-b007-4e12-289f697c1435">
      <Owners>
        <Owner name="vscsauthztest" />
      </Owners>
      <Execution id="d82ce98c-b718-4fd3-bb4e-21b025ce0afd" />
      <TestMethod codeBase="D:\v2.0\A1\_work\dbded102\bin\Release.AnyCPU\Vssf.Sdk\MS.TF.Framework.Server.L0.Tests\MS.TF.Framework.Server.L0.Tests.dll" adapterTypeName="Microsoft.VisualStudio.TestTools.TestTypes.Unit.UnitTestAdapter" className="MS.TF.Framework.Server.L0.Tests.Identity.ImsCacheServiceSearchIdentityIdsByDisplayNameTests" name="ImsCacheService_CreateIdentityIdsByDisplayNameSearchIndex_ValidatesHost" />
    </UnitTest>
    <UnitTest name="ImsCacheService_SearchIdentityIdsByDisplayName_ValidatesHost" storage="d:\v2.0\a1\_work\dbded102\bin\release.anycpu\vssf.sdk\ms.tf.framework.server.l0.tests\ms.tf.framework.server.l0.tests.dll" id="581e1f50-ed53-b02b-8536-b0f5d60dcb5e">
      <Owners>
        <Owner name="vscsauthztest" />
      </Owners>
      <Execution id="82399f5d-a02a-4693-9105-35d3098d8567" />
      <TestMethod codeBase="D:\v2.0\A1\_work\dbded102\bin\Release.AnyCPU\Vssf.Sdk\MS.TF.Framework.Server.L0.Tests\MS.TF.Framework.Server.L0.Tests.dll" adapterTypeName="Microsoft.VisualStudio.TestTools.TestTypes.Unit.UnitTestAdapter" className="MS.TF.Framework.Server.L0.Tests.Identity.ImsCacheServiceSearchIdentityIdsByDisplayNameTests" name="ImsCacheService_SearchIdentityIdsByDisplayName_ValidatesHost" />
    </UnitTest>
    <UnitTest name="ImsCacheService_CreateIdentityIdsByDisplayNameSearchIndex_Throws_WhenDeploymentContextIsUsed" storage="d:\v2.0\a1\_work\dbded102\bin\release.anycpu\vssf.sdk\ms.tf.framework.server.l0.tests\ms.tf.framework.server.l0.tests.dll" id="e6331b42-691a-6a72-0d3f-05a7e39cc4fa">
      <Owners>
        <Owner name="vscsauthztest" />
      </Owners>
      <Execution id="ab57cb8d-93c6-4c07-b966-399db3cf7158" />
      <TestMethod codeBase="D:\v2.0\A1\_work\dbded102\bin\Release.AnyCPU\Vssf.Sdk\MS.TF.Framework.Server.L0.Tests\MS.TF.Framework.Server.L0.Tests.dll" adapterTypeName="Microsoft.VisualStudio.TestTools.TestTypes.Unit.UnitTestAdapter" className="MS.TF.Framework.Server.L0.Tests.Identity.ImsCacheServiceSearchIdentityIdsByDisplayNameTests" name="ImsCacheService_CreateIdentityIdsByDisplayNameSearchIndex_Throws_WhenDeploymentContextIsUsed" />
    </UnitTest>
    <UnitTest name="ImsCacheService_SearchIdentityIdsByDisplayName_Throws_WhenDeploymentContextIsUsed" storage="d:\v2.0\a1\_work\dbded102\bin\release.anycpu\vssf.sdk\ms.tf.framework.server.l0.tests\ms.tf.framework.server.l0.tests.dll" id="cca16f1f-3c9c-2eaa-72dc-7cc9db74920e">
      <Owners>
        <Owner name="vscsauthztest" />
      </Owners>
      <Execution id="b0601300-23da-4fdf-87f2-410223e2db98" />
      <TestMethod codeBase="D:\v2.0\A1\_work\dbded102\bin\Release.AnyCPU\Vssf.Sdk\MS.TF.Framework.Server.L0.Tests\MS.TF.Framework.Server.L0.Tests.dll" adapterTypeName="Microsoft.VisualStudio.TestTools.TestTypes.Unit.UnitTestAdapter" className="MS.TF.Framework.Server.L0.Tests.Identity.ImsCacheServiceSearchIdentityIdsByDisplayNameTests" name="ImsCacheService_SearchIdentityIdsByDisplayName_Throws_WhenDeploymentContextIsUsed" />
    </UnitTest>
    <UnitTest name="ImsCacheService_CreateIdentityIdsByDisplayNameSearchIndex_ChecksFeatureFlag" storage="d:\v2.0\a1\_work\dbded102\bin\release.anycpu\vssf.sdk\ms.tf.framework.server.l0.tests\ms.tf.framework.server.l0.tests.dll" id="e68ed36c-b457-de44-2b5c-31ba38f634ee">
      <Owners>
        <Owner name="vscsauthztest" />
      </Owners>
      <Execution id="5ae63042-5dd6-4f01-aaae-ae8ce9ee5db9" />
      <TestMethod codeBase="D:\v2.0\A1\_work\dbded102\bin\Release.AnyCPU\Vssf.Sdk\MS.TF.Framework.Server.L0.Tests\MS.TF.Framework.Server.L0.Tests.dll" adapterTypeName="Microsoft.VisualStudio.TestTools.TestTypes.Unit.UnitTestAdapter" className="MS.TF.Framework.Server.L0.Tests.Identity.ImsCacheServiceSearchIdentityIdsByDisplayNameTests" name="ImsCacheService_CreateIdentityIdsByDisplayNameSearchIndex_ChecksFeatureFlag" />
    </UnitTest>
    <UnitTest name="ImsCacheService_SearchIdentityIdsByDisplayName_ChecksFeatureFlag" storage="d:\v2.0\a1\_work\dbded102\bin\release.anycpu\vssf.sdk\ms.tf.framework.server.l0.tests\ms.tf.framework.server.l0.tests.dll" id="7e039a6c-6aa3-212e-6525-324503a123e3">
      <Owners>
        <Owner name="vscsauthztest" />
      </Owners>
      <Execution id="da1cf8af-fb40-4834-814d-43b30810147e" />
      <TestMethod codeBase="D:\v2.0\A1\_work\dbded102\bin\Release.AnyCPU\Vssf.Sdk\MS.TF.Framework.Server.L0.Tests\MS.TF.Framework.Server.L0.Tests.dll" adapterTypeName="Microsoft.VisualStudio.TestTools.TestTypes.Unit.UnitTestAdapter" className="MS.TF.Framework.Server.L0.Tests.Identity.ImsCacheServiceSearchIdentityIdsByDisplayNameTests" name="ImsCacheService_SearchIdentityIdsByDisplayName_ChecksFeatureFlag" />
    </UnitTest>
    <UnitTest name="ImsCacheService_SearchIdentityIdsByDisplayName_ReturnsNull_WhenFeatureFlagIsOff" storage="d:\v2.0\a1\_work\dbded102\bin\release.anycpu\vssf.sdk\ms.tf.framework.server.l0.tests\ms.tf.framework.server.l0.tests.dll" id="dd9343b4-4ae9-cc5e-9382-537c56b6b03f">
      <Owners>
        <Owner name="vscsauthztest" />
      </Owners>
      <Execution id="ffd55101-a077-4fda-ba37-483641e5cd2d" />
      <TestMethod codeBase="D:\v2.0\A1\_work\dbded102\bin\Release.AnyCPU\Vssf.Sdk\MS.TF.Framework.Server.L0.Tests\MS.TF.Framework.Server.L0.Tests.dll" adapterTypeName="Microsoft.VisualStudio.TestTools.TestTypes.Unit.UnitTestAdapter" className="MS.TF.Framework.Server.L0.Tests.Identity.ImsCacheServiceSearchIdentityIdsByDisplayNameTests" name="ImsCacheService_SearchIdentityIdsByDisplayName_ReturnsNull_WhenFeatureFlagIsOff" />
    </UnitTest>
    <UnitTest name="ImsCacheService_SearchIdentityIdsByDisplayName_ReturnsNull_WhenOperationIsNotSupported" storage="d:\v2.0\a1\_work\dbded102\bin\release.anycpu\vssf.sdk\ms.tf.framework.server.l0.tests\ms.tf.framework.server.l0.tests.dll" id="e8151b57-7a8e-5b36-e130-2fda604f9e95">
      <Owners>
        <Owner name="vscsauthztest" />
      </Owners>
      <Execution id="9c5062dd-6e75-4056-878a-c751e63a48c4" />
      <TestMethod codeBase="D:\v2.0\A1\_work\dbded102\bin\Release.AnyCPU\Vssf.Sdk\MS.TF.Framework.Server.L0.Tests\MS.TF.Framework.Server.L0.Tests.dll" adapterTypeName="Microsoft.VisualStudio.TestTools.TestTypes.Unit.UnitTestAdapter" className="MS.TF.Framework.Server.L0.Tests.Identity.ImsCacheServiceSearchIdentityIdsByDisplayNameTests" name="ImsCacheService_SearchIdentityIdsByDisplayName_ReturnsNull_WhenOperationIsNotSupported" />
    </UnitTest>
    <UnitTest name="ImsCacheService_SearchIdentityIdsByDisplayName_Throws_WhenAnEmptyOrNullStringIsPassed" storage="d:\v2.0\a1\_work\dbded102\bin\release.anycpu\vssf.sdk\ms.tf.framework.server.l0.tests\ms.tf.framework.server.l0.tests.dll" id="94be50b1-48d8-b524-69a2-488dbda78831">
      <Owners>
        <Owner name="vscsauthztest" />
      </Owners>
      <Execution id="10ca520a-b0b5-4e2c-aac8-5f988ed7d2a4" />
      <TestMethod codeBase="D:\v2.0\A1\_work\dbded102\bin\Release.AnyCPU\Vssf.Sdk\MS.TF.Framework.Server.L0.Tests\MS.TF.Framework.Server.L0.Tests.dll" adapterTypeName="Microsoft.VisualStudio.TestTools.TestTypes.Unit.UnitTestAdapter" className="MS.TF.Framework.Server.L0.Tests.Identity.ImsCacheServiceSearchIdentityIdsByDisplayNameTests" name="ImsCacheService_SearchIdentityIdsByDisplayName_Throws_WhenAnEmptyOrNullStringIsPassed" />
    </UnitTest>
    <UnitTest name="ImsCacheService_SearchIdentityIdsByDisplayName_Throws_WhenNullArgumentsArePassed" storage="d:\v2.0\a1\_work\dbded102\bin\release.anycpu\vssf.sdk\ms.tf.framework.server.l0.tests\ms.tf.framework.server.l0.tests.dll" id="880ce6f9-d24f-b864-0755-bee1388e2368">
      <Owners>
        <Owner name="vscsauthztest" />
      </Owners>
      <Execution id="4b7ed553-d831-4a91-9bea-a74328388854" />
      <TestMethod codeBase="D:\v2.0\A1\_work\dbded102\bin\Release.AnyCPU\Vssf.Sdk\MS.TF.Framework.Server.L0.Tests\MS.TF.Framework.Server.L0.Tests.dll" adapterTypeName="Microsoft.VisualStudio.TestTools.TestTypes.Unit.UnitTestAdapter" className="MS.TF.Framework.Server.L0.Tests.Identity.ImsCacheServiceSearchIdentityIdsByDisplayNameTests" name="ImsCacheService_SearchIdentityIdsByDisplayName_Throws_WhenNullArgumentsArePassed" />
    </UnitTest>
    <UnitTest name="ImsCacheService_CreateIdentityIdsByDisplayNameSearchIndex_UsesLocalCache" storage="d:\v2.0\a1\_work\dbded102\bin\release.anycpu\vssf.sdk\ms.tf.framework.server.l0.tests\ms.tf.framework.server.l0.tests.dll" id="10e7b1d4-c28b-5dd8-8d96-1210e532325b">
      <Owners>
        <Owner name="vscsauthztest" />
      </Owners>
      <Execution id="ffb1cdc4-7b75-4b49-b29b-b11ad77b9d74" />
      <TestMethod codeBase="D:\v2.0\A1\_work\dbded102\bin\Release.AnyCPU\Vssf.Sdk\MS.TF.Framework.Server.L0.Tests\MS.TF.Framework.Server.L0.Tests.dll" adapterTypeName="Microsoft.VisualStudio.TestTools.TestTypes.Unit.UnitTestAdapter" className="MS.TF.Framework.Server.L0.Tests.Identity.ImsCacheServiceSearchIdentityIdsByDisplayNameTests" name="ImsCacheService_CreateIdentityIdsByDisplayNameSearchIndex_UsesLocalCache" />
    </UnitTest>
    <UnitTest name="ImsCacheService_SearchIdentityIdsByDisplayName_UsesLocalCache" storage="d:\v2.0\a1\_work\dbded102\bin\release.anycpu\vssf.sdk\ms.tf.framework.server.l0.tests\ms.tf.framework.server.l0.tests.dll" id="f1de4039-b48b-ce74-8d37-d6e33d07a6f6">
      <Owners>
        <Owner name="vscsauthztest" />
      </Owners>
      <Execution id="f356995f-e5aa-436f-a74b-fab2af06cfc3" />
      <TestMethod codeBase="D:\v2.0\A1\_work\dbded102\bin\Release.AnyCPU\Vssf.Sdk\MS.TF.Framework.Server.L0.Tests\MS.TF.Framework.Server.L0.Tests.dll" adapterTypeName="Microsoft.VisualStudio.TestTools.TestTypes.Unit.UnitTestAdapter" className="MS.TF.Framework.Server.L0.Tests.Identity.ImsCacheServiceSearchIdentityIdsByDisplayNameTests" name="ImsCacheService_SearchIdentityIdsByDisplayName_UsesLocalCache" />
    </UnitTest>
    <UnitTest name="ImsCacheService_CreateIdentityIdsByDisplayNameSearchIndex_DoesntCallLocalCache_WhenOperationIsConfiguredOff" storage="d:\v2.0\a1\_work\dbded102\bin\release.anycpu\vssf.sdk\ms.tf.framework.server.l0.tests\ms.tf.framework.server.l0.tests.dll" id="2871daaa-1c16-e046-ef41-4b15ee2df484">
      <Owners>
        <Owner name="vscsauthztest" />
      </Owners>
      <Execution id="b1304a67-4c07-40b3-af5f-576c7c47d558" />
      <TestMethod codeBase="D:\v2.0\A1\_work\dbded102\bin\Release.AnyCPU\Vssf.Sdk\MS.TF.Framework.Server.L0.Tests\MS.TF.Framework.Server.L0.Tests.dll" adapterTypeName="Microsoft.VisualStudio.TestTools.TestTypes.Unit.UnitTestAdapter" className="MS.TF.Framework.Server.L0.Tests.Identity.ImsCacheServiceSearchIdentityIdsByDisplayNameTests" name="ImsCacheService_CreateIdentityIdsByDisplayNameSearchIndex_DoesntCallLocalCache_WhenOperationIsConfiguredOff" />
    </UnitTest>
    <UnitTest name="ImsCacheService_CreateIdentityIdsByDisplayNameSearchIndex_UsesRemoteCache" storage="d:\v2.0\a1\_work\dbded102\bin\release.anycpu\vssf.sdk\ms.tf.framework.server.l0.tests\ms.tf.framework.server.l0.tests.dll" id="f582ae98-7970-829e-9ae7-229d2fd5ba91">
      <Owners>
        <Owner name="vscsauthztest" />
      </Owners>
      <Execution id="0a867839-d728-452b-80d1-51dc9f79b1bc" />
      <TestMethod codeBase="D:\v2.0\A1\_work\dbded102\bin\Release.AnyCPU\Vssf.Sdk\MS.TF.Framework.Server.L0.Tests\MS.TF.Framework.Server.L0.Tests.dll" adapterTypeName="Microsoft.VisualStudio.TestTools.TestTypes.Unit.UnitTestAdapter" className="MS.TF.Framework.Server.L0.Tests.Identity.ImsCacheServiceSearchIdentityIdsByDisplayNameTests" name="ImsCacheService_CreateIdentityIdsByDisplayNameSearchIndex_UsesRemoteCache" />
    </UnitTest>
    <UnitTest name="ImsCacheService_SearchIdentityIdsByDisplayName_UsesRemoteCache" storage="d:\v2.0\a1\_work\dbded102\bin\release.anycpu\vssf.sdk\ms.tf.framework.server.l0.tests\ms.tf.framework.server.l0.tests.dll" id="b22942e5-553b-d752-0a76-39a63593356f">
      <Owners>
        <Owner name="vscsauthztest" />
      </Owners>
      <Execution id="c5a207a6-05f1-4a17-9a2f-f64d48a19846" />
      <TestMethod codeBase="D:\v2.0\A1\_work\dbded102\bin\Release.AnyCPU\Vssf.Sdk\MS.TF.Framework.Server.L0.Tests\MS.TF.Framework.Server.L0.Tests.dll" adapterTypeName="Microsoft.VisualStudio.TestTools.TestTypes.Unit.UnitTestAdapter" className="MS.TF.Framework.Server.L0.Tests.Identity.ImsCacheServiceSearchIdentityIdsByDisplayNameTests" name="ImsCacheService_SearchIdentityIdsByDisplayName_UsesRemoteCache" />
    </UnitTest>
    <UnitTest name="ImsCacheService_SearchIdentityIdsByDisplayName_ReturnsNull_WhenCachesAreStaleOrMissing" storage="d:\v2.0\a1\_work\dbded102\bin\release.anycpu\vssf.sdk\ms.tf.framework.server.l0.tests\ms.tf.framework.server.l0.tests.dll" id="fe1a3674-bab1-6de1-a8a9-489cda12e8a5">
      <Owners>
        <Owner name="vscsauthztest" />
      </Owners>
      <Execution id="638f2321-d604-4153-8a5f-901be30fafc5" />
      <TestMethod codeBase="D:\v2.0\A1\_work\dbded102\bin\Release.AnyCPU\Vssf.Sdk\MS.TF.Framework.Server.L0.Tests\MS.TF.Framework.Server.L0.Tests.dll" adapterTypeName="Microsoft.VisualStudio.TestTools.TestTypes.Unit.UnitTestAdapter" className="MS.TF.Framework.Server.L0.Tests.Identity.ImsCacheServiceSearchIdentityIdsByDisplayNameTests" name="ImsCacheService_SearchIdentityIdsByDisplayName_ReturnsNull_WhenCachesAreStaleOrMissing" />
    </UnitTest>
    <UnitTest name="ImsCacheService_SearchIdentityIdsByDisplayName_DoesntCallRemoteCache_WhenOperationIsConfiguredOff" storage="d:\v2.0\a1\_work\dbded102\bin\release.anycpu\vssf.sdk\ms.tf.framework.server.l0.tests\ms.tf.framework.server.l0.tests.dll" id="e26e0aab-4fec-e15f-16f8-bfd906068247">
      <Owners>
        <Owner name="vscsauthztest" />
      </Owners>
      <Execution id="9d980ef0-94c9-4573-8769-49a42dd3d435" />
      <TestMethod codeBase="D:\v2.0\A1\_work\dbded102\bin\Release.AnyCPU\Vssf.Sdk\MS.TF.Framework.Server.L0.Tests\MS.TF.Framework.Server.L0.Tests.dll" adapterTypeName="Microsoft.VisualStudio.TestTools.TestTypes.Unit.UnitTestAdapter" className="MS.TF.Framework.Server.L0.Tests.Identity.ImsCacheServiceSearchIdentityIdsByDisplayNameTests" name="ImsCacheService_SearchIdentityIdsByDisplayName_DoesntCallRemoteCache_WhenOperationIsConfiguredOff" />
    </UnitTest>
    <UnitTest name="ImsCacheService_CreateIdentityIdsByDisplayNameSearchIndex_DoesntCallRemoteCache_WhenOperationIsConfiguredOff" storage="d:\v2.0\a1\_work\dbded102\bin\release.anycpu\vssf.sdk\ms.tf.framework.server.l0.tests\ms.tf.framework.server.l0.tests.dll" id="ad671ab0-fd76-7211-39cc-1de94c919aa1">
      <Owners>
        <Owner name="vscsauthztest" />
      </Owners>
      <Execution id="9129a8d5-5e6e-43f8-8af6-4d50170c59a5" />
      <TestMethod codeBase="D:\v2.0\A1\_work\dbded102\bin\Release.AnyCPU\Vssf.Sdk\MS.TF.Framework.Server.L0.Tests\MS.TF.Framework.Server.L0.Tests.dll" adapterTypeName="Microsoft.VisualStudio.TestTools.TestTypes.Unit.UnitTestAdapter" className="MS.TF.Framework.Server.L0.Tests.Identity.ImsCacheServiceSearchIdentityIdsByDisplayNameTests" name="ImsCacheService_CreateIdentityIdsByDisplayNameSearchIndex_DoesntCallRemoteCache_WhenOperationIsConfiguredOff" />
    </UnitTest>
    <UnitTest name="ImsSearchCache_AddIndex_ValidatesHost" storage="d:\v2.0\a1\_work\dbded102\bin\release.anycpu\vssf.sdk\ms.tf.framework.server.l0.tests\ms.tf.framework.server.l0.tests.dll" id="29fad960-240f-03f4-5067-5e0c7649a69a">
      <Owners>
        <Owner name="vscsauthztest" />
      </Owners>
      <Execution id="7990cce5-e165-46f5-8bcb-b3c078c13bdd" />
      <TestMethod codeBase="D:\v2.0\A1\_work\dbded102\bin\Release.AnyCPU\Vssf.Sdk\MS.TF.Framework.Server.L0.Tests\MS.TF.Framework.Server.L0.Tests.dll" adapterTypeName="Microsoft.VisualStudio.TestTools.TestTypes.Unit.UnitTestAdapter" className="MS.TF.Framework.Server.L0.Tests.Identity.ImsLocalSearchCacheTests" name="ImsSearchCache_AddIndex_ValidatesHost" />
    </UnitTest>
    <UnitTest name="ImsSearchCache_AddIndex_ChecksFeatureFlag" storage="d:\v2.0\a1\_work\dbded102\bin\release.anycpu\vssf.sdk\ms.tf.framework.server.l0.tests\ms.tf.framework.server.l0.tests.dll" id="c2e06f68-f6dc-f4e6-5fb2-5df3867593e3">
      <Owners>
        <Owner name="vscsauthztest" />
      </Owners>
      <Execution id="bef89fc4-e88c-4e7a-91f5-19e0d5b6c40a" />
      <TestMethod codeBase="D:\v2.0\A1\_work\dbded102\bin\Release.AnyCPU\Vssf.Sdk\MS.TF.Framework.Server.L0.Tests\MS.TF.Framework.Server.L0.Tests.dll" adapterTypeName="Microsoft.VisualStudio.TestTools.TestTypes.Unit.UnitTestAdapter" className="MS.TF.Framework.Server.L0.Tests.Identity.ImsLocalSearchCacheTests" name="ImsSearchCache_AddIndex_ChecksFeatureFlag" />
    </UnitTest>
    <UnitTest name="ImsSearchCache_SearchIndex_ValidatesHost" storage="d:\v2.0\a1\_work\dbded102\bin\release.anycpu\vssf.sdk\ms.tf.framework.server.l0.tests\ms.tf.framework.server.l0.tests.dll" id="fd5f77e6-fdfb-2c3f-2234-33dc1c4ec201">
      <Owners>
        <Owner name="vscsauthztest" />
      </Owners>
      <Execution id="2a4fe67d-e423-4846-b3a2-840dec83e650" />
      <TestMethod codeBase="D:\v2.0\A1\_work\dbded102\bin\Release.AnyCPU\Vssf.Sdk\MS.TF.Framework.Server.L0.Tests\MS.TF.Framework.Server.L0.Tests.dll" adapterTypeName="Microsoft.VisualStudio.TestTools.TestTypes.Unit.UnitTestAdapter" className="MS.TF.Framework.Server.L0.Tests.Identity.ImsLocalSearchCacheTests" name="ImsSearchCache_SearchIndex_ValidatesHost" />
    </UnitTest>
    <UnitTest name="ImsSearchCache_SearchIndex_ChecksFeatureFlag" storage="d:\v2.0\a1\_work\dbded102\bin\release.anycpu\vssf.sdk\ms.tf.framework.server.l0.tests\ms.tf.framework.server.l0.tests.dll" id="07183e7e-193b-bbad-d14f-7fc888c3c0af">
      <Owners>
        <Owner name="vscsauthztest" />
      </Owners>
      <Execution id="a005c827-a649-4d2d-ab2c-bee3c1bd8aa1" />
      <TestMethod codeBase="D:\v2.0\A1\_work\dbded102\bin\Release.AnyCPU\Vssf.Sdk\MS.TF.Framework.Server.L0.Tests\MS.TF.Framework.Server.L0.Tests.dll" adapterTypeName="Microsoft.VisualStudio.TestTools.TestTypes.Unit.UnitTestAdapter" className="MS.TF.Framework.Server.L0.Tests.Identity.ImsLocalSearchCacheTests" name="ImsSearchCache_SearchIndex_ChecksFeatureFlag" />
    </UnitTest>
    <UnitTest name="ImsSearchCache_SearchIndex_ReturnsNull_WhenFeatureFlagIsOff" storage="d:\v2.0\a1\_work\dbded102\bin\release.anycpu\vssf.sdk\ms.tf.framework.server.l0.tests\ms.tf.framework.server.l0.tests.dll" id="de7eeb8e-4b0a-b2c6-2461-7d614b8df601">
      <Owners>
        <Owner name="vscsauthztest" />
      </Owners>
      <Execution id="be31a453-6c2a-4727-9610-015007cc27ce" />
      <TestMethod codeBase="D:\v2.0\A1\_work\dbded102\bin\Release.AnyCPU\Vssf.Sdk\MS.TF.Framework.Server.L0.Tests\MS.TF.Framework.Server.L0.Tests.dll" adapterTypeName="Microsoft.VisualStudio.TestTools.TestTypes.Unit.UnitTestAdapter" className="MS.TF.Framework.Server.L0.Tests.Identity.ImsLocalSearchCacheTests" name="ImsSearchCache_SearchIndex_ReturnsNull_WhenFeatureFlagIsOff" />
    </UnitTest>
    <UnitTest name="ImsSearchCache_AddToIndex_ValidatesHost" storage="d:\v2.0\a1\_work\dbded102\bin\release.anycpu\vssf.sdk\ms.tf.framework.server.l0.tests\ms.tf.framework.server.l0.tests.dll" id="ee78b984-aafd-a4af-e1a1-e71788725ae0">
      <Owners>
        <Owner name="vscsauthztest" />
      </Owners>
      <Execution id="a7100522-5f54-4d39-88e2-2c681a7fb92c" />
      <TestMethod codeBase="D:\v2.0\A1\_work\dbded102\bin\Release.AnyCPU\Vssf.Sdk\MS.TF.Framework.Server.L0.Tests\MS.TF.Framework.Server.L0.Tests.dll" adapterTypeName="Microsoft.VisualStudio.TestTools.TestTypes.Unit.UnitTestAdapter" className="MS.TF.Framework.Server.L0.Tests.Identity.ImsLocalSearchCacheTests" name="ImsSearchCache_AddToIndex_ValidatesHost" />
    </UnitTest>
    <UnitTest name="ImsSearchCache_AddToIndex_ChecksFeatureFlag" storage="d:\v2.0\a1\_work\dbded102\bin\release.anycpu\vssf.sdk\ms.tf.framework.server.l0.tests\ms.tf.framework.server.l0.tests.dll" id="01f4659a-f4c2-8b06-a056-5bf0f099f7a3">
      <Owners>
        <Owner name="vscsauthztest" />
      </Owners>
      <Execution id="f17c5758-9eac-41a1-8c32-13f2bea3a2d7" />
      <TestMethod codeBase="D:\v2.0\A1\_work\dbded102\bin\Release.AnyCPU\Vssf.Sdk\MS.TF.Framework.Server.L0.Tests\MS.TF.Framework.Server.L0.Tests.dll" adapterTypeName="Microsoft.VisualStudio.TestTools.TestTypes.Unit.UnitTestAdapter" className="MS.TF.Framework.Server.L0.Tests.Identity.ImsLocalSearchCacheTests" name="ImsSearchCache_AddToIndex_ChecksFeatureFlag" />
    </UnitTest>
    <UnitTest name="ImsSearchCache_HasIndex_ValidatesHost" storage="d:\v2.0\a1\_work\dbded102\bin\release.anycpu\vssf.sdk\ms.tf.framework.server.l0.tests\ms.tf.framework.server.l0.tests.dll" id="3dbcea54-a20e-3bac-f1b6-0d72365a91f6">
      <Owners>
        <Owner name="vscsauthztest" />
      </Owners>
      <Execution id="bcc4139a-273d-4a42-9feb-01c03e71dfbb" />
      <TestMethod codeBase="D:\v2.0\A1\_work\dbded102\bin\Release.AnyCPU\Vssf.Sdk\MS.TF.Framework.Server.L0.Tests\MS.TF.Framework.Server.L0.Tests.dll" adapterTypeName="Microsoft.VisualStudio.TestTools.TestTypes.Unit.UnitTestAdapter" className="MS.TF.Framework.Server.L0.Tests.Identity.ImsLocalSearchCacheTests" name="ImsSearchCache_HasIndex_ValidatesHost" />
    </UnitTest>
    <UnitTest name="ImsSearchCache_HasIndex_ChecksFeatureFlag" storage="d:\v2.0\a1\_work\dbded102\bin\release.anycpu\vssf.sdk\ms.tf.framework.server.l0.tests\ms.tf.framework.server.l0.tests.dll" id="fdbad503-3022-1d03-62e6-97d395f68fde">
      <Owners>
        <Owner name="vscsauthztest" />
      </Owners>
      <Execution id="dec7b2c9-6d96-4f09-a938-71688548f105" />
      <TestMethod codeBase="D:\v2.0\A1\_work\dbded102\bin\Release.AnyCPU\Vssf.Sdk\MS.TF.Framework.Server.L0.Tests\MS.TF.Framework.Server.L0.Tests.dll" adapterTypeName="Microsoft.VisualStudio.TestTools.TestTypes.Unit.UnitTestAdapter" className="MS.TF.Framework.Server.L0.Tests.Identity.ImsLocalSearchCacheTests" name="ImsSearchCache_HasIndex_ChecksFeatureFlag" />
    </UnitTest>
    <UnitTest name="ImsSearchCache_HasIndex_ReturnsFalse_WhenFeatureFlagIsOff" storage="d:\v2.0\a1\_work\dbded102\bin\release.anycpu\vssf.sdk\ms.tf.framework.server.l0.tests\ms.tf.framework.server.l0.tests.dll" id="733f4c34-f614-d33a-7380-ad7d74b05f16">
      <Owners>
        <Owner name="vscsauthztest" />
      </Owners>
      <Execution id="701b8c37-f281-412f-a8ee-adda35006c27" />
      <TestMethod codeBase="D:\v2.0\A1\_work\dbded102\bin\Release.AnyCPU\Vssf.Sdk\MS.TF.Framework.Server.L0.Tests\MS.TF.Framework.Server.L0.Tests.dll" adapterTypeName="Microsoft.VisualStudio.TestTools.TestTypes.Unit.UnitTestAdapter" className="MS.TF.Framework.Server.L0.Tests.Identity.ImsLocalSearchCacheTests" name="ImsSearchCache_HasIndex_ReturnsFalse_WhenFeatureFlagIsOff" />
    </UnitTest>
    <UnitTest name="ImsSearchCache_RemovesStaleSearchIndex_WhenSearchIndexIsTinyOrSmall" storage="d:\v2.0\a1\_work\dbded102\bin\release.anycpu\vssf.sdk\ms.tf.framework.server.l0.tests\ms.tf.framework.server.l0.tests.dll" id="2de15b9c-1188-7c5f-5b9e-febd1cdef628">
      <Owners>
        <Owner name="vscsauthztest" />
      </Owners>
      <Execution id="abee0598-823c-4cbb-bff8-50e99dbd59d7" />
      <TestMethod codeBase="D:\v2.0\A1\_work\dbded102\bin\Release.AnyCPU\Vssf.Sdk\MS.TF.Framework.Server.L0.Tests\MS.TF.Framework.Server.L0.Tests.dll" adapterTypeName="Microsoft.VisualStudio.TestTools.TestTypes.Unit.UnitTestAdapter" className="MS.TF.Framework.Server.L0.Tests.Identity.ImsLocalSearchCacheTests" name="ImsSearchCache_RemovesStaleSearchIndex_WhenSearchIndexIsTinyOrSmall" />
    </UnitTest>
    <UnitTest name="ImsSearchCache_RemovesStaleSearchIndex_WhenSearchIndexIsMidSized" storage="d:\v2.0\a1\_work\dbded102\bin\release.anycpu\vssf.sdk\ms.tf.framework.server.l0.tests\ms.tf.framework.server.l0.tests.dll" id="cd5d0fad-c854-8b12-d16a-e09f71521ade">
      <Owners>
        <Owner name="vscsauthztest" />
      </Owners>
      <Execution id="b13a9521-f7f1-41a0-bbb4-dfd816558315" />
      <TestMethod codeBase="D:\v2.0\A1\_work\dbded102\bin\Release.AnyCPU\Vssf.Sdk\MS.TF.Framework.Server.L0.Tests\MS.TF.Framework.Server.L0.Tests.dll" adapterTypeName="Microsoft.VisualStudio.TestTools.TestTypes.Unit.UnitTestAdapter" className="MS.TF.Framework.Server.L0.Tests.Identity.ImsLocalSearchCacheTests" name="ImsSearchCache_RemovesStaleSearchIndex_WhenSearchIndexIsMidSized" />
    </UnitTest>
    <UnitTest name="ImsSearchCache_RemovesStaleSearchIndex_WhenSearchIndexIsLargeSized" storage="d:\v2.0\a1\_work\dbded102\bin\release.anycpu\vssf.sdk\ms.tf.framework.server.l0.tests\ms.tf.framework.server.l0.tests.dll" id="19c48477-bcf9-9088-07ba-1fc58bae6167">
      <Owners>
        <Owner name="vscsauthztest" />
      </Owners>
      <Execution id="beac62e7-dbfa-4cd5-a599-7fb4bce9c633" />
      <TestMethod codeBase="D:\v2.0\A1\_work\dbded102\bin\Release.AnyCPU\Vssf.Sdk\MS.TF.Framework.Server.L0.Tests\MS.TF.Framework.Server.L0.Tests.dll" adapterTypeName="Microsoft.VisualStudio.TestTools.TestTypes.Unit.UnitTestAdapter" className="MS.TF.Framework.Server.L0.Tests.Identity.ImsLocalSearchCacheTests" name="ImsSearchCache_RemovesStaleSearchIndex_WhenSearchIndexIsLargeSized" />
    </UnitTest>
    <UnitTest name="ImsSearchCache_AddIndex_Throws_WhenNullArgumentsArePassed" storage="d:\v2.0\a1\_work\dbded102\bin\release.anycpu\vssf.sdk\ms.tf.framework.server.l0.tests\ms.tf.framework.server.l0.tests.dll" id="75a11a73-5c87-e2a9-49d7-65cb50c42209">
      <Owners>
        <Owner name="vscsauthztest" />
      </Owners>
      <Execution id="7ff48935-d985-4c8a-9993-e3c8332ea59f" />
      <TestMethod codeBase="D:\v2.0\A1\_work\dbded102\bin\Release.AnyCPU\Vssf.Sdk\MS.TF.Framework.Server.L0.Tests\MS.TF.Framework.Server.L0.Tests.dll" adapterTypeName="Microsoft.VisualStudio.TestTools.TestTypes.Unit.UnitTestAdapter" className="MS.TF.Framework.Server.L0.Tests.Identity.ImsLocalSearchCacheTests" name="ImsSearchCache_AddIndex_Throws_WhenNullArgumentsArePassed" />
    </UnitTest>
    <UnitTest name="ImsSearchCache_SearchIndex_Returns_ExpectedResults_ForNonLargeAccounts" storage="d:\v2.0\a1\_work\dbded102\bin\release.anycpu\vssf.sdk\ms.tf.framework.server.l0.tests\ms.tf.framework.server.l0.tests.dll" id="780339f7-485d-b1e3-e02d-d97c39e4af30">
      <Owners>
        <Owner name="vscsauthztest" />
      </Owners>
      <Execution id="7e421e40-eafc-4f37-b9e0-91d29e7add22" />
      <TestMethod codeBase="D:\v2.0\A1\_work\dbded102\bin\Release.AnyCPU\Vssf.Sdk\MS.TF.Framework.Server.L0.Tests\MS.TF.Framework.Server.L0.Tests.dll" adapterTypeName="Microsoft.VisualStudio.TestTools.TestTypes.Unit.UnitTestAdapter" className="MS.TF.Framework.Server.L0.Tests.Identity.ImsLocalSearchCacheTests" name="ImsSearchCache_SearchIndex_Returns_ExpectedResults_ForNonLargeAccounts" />
    </UnitTest>
    <UnitTest name="ImsSearchCache_SearchIndex_ReturnsNullResults_WhenIndexIsNotPresent" storage="d:\v2.0\a1\_work\dbded102\bin\release.anycpu\vssf.sdk\ms.tf.framework.server.l0.tests\ms.tf.framework.server.l0.tests.dll" id="e970ba48-eb37-d6e6-70a8-7f04bfebbf76">
      <Owners>
        <Owner name="vscsauthztest" />
      </Owners>
      <Execution id="1e7795f2-bd29-49e4-ada3-d300061ee8dd" />
      <TestMethod codeBase="D:\v2.0\A1\_work\dbded102\bin\Release.AnyCPU\Vssf.Sdk\MS.TF.Framework.Server.L0.Tests\MS.TF.Framework.Server.L0.Tests.dll" adapterTypeName="Microsoft.VisualStudio.TestTools.TestTypes.Unit.UnitTestAdapter" className="MS.TF.Framework.Server.L0.Tests.Identity.ImsLocalSearchCacheTests" name="ImsSearchCache_SearchIndex_ReturnsNullResults_WhenIndexIsNotPresent" />
    </UnitTest>
    <UnitTest name="ImsSearchCache_SearchIndex_Returns_ExpectedResults_ForLargeAccounts" storage="d:\v2.0\a1\_work\dbded102\bin\release.anycpu\vssf.sdk\ms.tf.framework.server.l0.tests\ms.tf.framework.server.l0.tests.dll" id="a3bb278f-44c7-ed8e-6585-aff6a6806de0">
      <Owners>
        <Owner name="vscsauthztest" />
      </Owners>
      <Execution id="106cb115-dcfe-4f21-9e55-74e7da171bc2" />
      <TestMethod codeBase="D:\v2.0\A1\_work\dbded102\bin\Release.AnyCPU\Vssf.Sdk\MS.TF.Framework.Server.L0.Tests\MS.TF.Framework.Server.L0.Tests.dll" adapterTypeName="Microsoft.VisualStudio.TestTools.TestTypes.Unit.UnitTestAdapter" className="MS.TF.Framework.Server.L0.Tests.Identity.ImsLocalSearchCacheTests" name="ImsSearchCache_SearchIndex_Returns_ExpectedResults_ForLargeAccounts" />
    </UnitTest>
    <UnitTest name="ImsSearchCache_SearchIndex_AfterAddToIndex_Returns_ExpectedResults" storage="d:\v2.0\a1\_work\dbded102\bin\release.anycpu\vssf.sdk\ms.tf.framework.server.l0.tests\ms.tf.framework.server.l0.tests.dll" id="f694bb4d-ffae-353f-a315-99454eb16bde">
      <Owners>
        <Owner name="vscsauthztest" />
      </Owners>
      <Execution id="d0423ea5-69cd-450c-97ca-6cf925203085" />
      <TestMethod codeBase="D:\v2.0\A1\_work\dbded102\bin\Release.AnyCPU\Vssf.Sdk\MS.TF.Framework.Server.L0.Tests\MS.TF.Framework.Server.L0.Tests.dll" adapterTypeName="Microsoft.VisualStudio.TestTools.TestTypes.Unit.UnitTestAdapter" className="MS.TF.Framework.Server.L0.Tests.Identity.ImsLocalSearchCacheTests" name="ImsSearchCache_SearchIndex_AfterAddToIndex_Returns_ExpectedResults" />
    </UnitTest>
    <UnitTest name="ImsLocalDataCache_Returns_ClonedResults" storage="d:\v2.0\a1\_work\dbded102\bin\release.anycpu\vssf.sdk\ms.tf.framework.server.l0.tests\ms.tf.framework.server.l0.tests.dll" id="af9edaab-a0e5-27a4-8774-f14b758f9ad1">
      <Owners>
        <Owner name="vscsauthztest" />
      </Owners>
      <Execution id="9c65c300-91ef-4a96-bb51-8c40b9a3ec73" />
      <TestMethod codeBase="D:\v2.0\A1\_work\dbded102\bin\Release.AnyCPU\Vssf.Sdk\MS.TF.Framework.Server.L0.Tests\MS.TF.Framework.Server.L0.Tests.dll" adapterTypeName="Microsoft.VisualStudio.TestTools.TestTypes.Unit.UnitTestAdapter" className="MS.TF.Framework.Server.L0.Tests.Identity.ImsLocalDataCacheTests" name="ImsLocalDataCache_Returns_ClonedResults" />
    </UnitTest>
    <UnitTest name="ImsPrefixSearchArray_Throws_WhenPassedNull" storage="d:\v2.0\a1\_work\dbded102\bin\release.anycpu\vssf.sdk\ms.tf.framework.server.l0.tests\ms.tf.framework.server.l0.tests.dll" id="79c6c742-da31-a6b4-a9d9-8a0f839e22b5">
      <Owners>
        <Owner name="vscsauthztest" />
      </Owners>
      <Execution id="152bc9e3-e821-4212-9173-401c1f483cb4" />
      <TestMethod codeBase="D:\v2.0\A1\_work\dbded102\bin\Release.AnyCPU\Vssf.Sdk\MS.TF.Framework.Server.L0.Tests\MS.TF.Framework.Server.L0.Tests.dll" adapterTypeName="Microsoft.VisualStudio.TestTools.TestTypes.Unit.UnitTestAdapter" className="MS.TF.Framework.Server.L0.Tests.Identity.ImsPrefixSearchArrayTests" name="ImsPrefixSearchArray_Throws_WhenPassedNull" />
    </UnitTest>
    <UnitTest name="ImsPrefixSearchArray_Throws_WhenPassedNullKey" storage="d:\v2.0\a1\_work\dbded102\bin\release.anycpu\vssf.sdk\ms.tf.framework.server.l0.tests\ms.tf.framework.server.l0.tests.dll" id="5969c9ce-4537-06f6-a5d0-04e63c930d3c">
      <Owners>
        <Owner name="vscsauthztest" />
      </Owners>
      <Execution id="14372ccf-2f8f-4cda-b5f6-8a37a769eaf5" />
      <TestMethod codeBase="D:\v2.0\A1\_work\dbded102\bin\Release.AnyCPU\Vssf.Sdk\MS.TF.Framework.Server.L0.Tests\MS.TF.Framework.Server.L0.Tests.dll" adapterTypeName="Microsoft.VisualStudio.TestTools.TestTypes.Unit.UnitTestAdapter" className="MS.TF.Framework.Server.L0.Tests.Identity.ImsPrefixSearchArrayTests" name="ImsPrefixSearchArray_Throws_WhenPassedNullKey" />
    </UnitTest>
    <UnitTest name="ImsPrefixSearchArray_Throws_WhenPassedNullValue" storage="d:\v2.0\a1\_work\dbded102\bin\release.anycpu\vssf.sdk\ms.tf.framework.server.l0.tests\ms.tf.framework.server.l0.tests.dll" id="a33b2638-7431-c9bb-af77-143346e5a118">
      <Owners>
        <Owner name="vscsauthztest" />
      </Owners>
      <Execution id="487c0af3-2db8-4430-acc1-4b5a96bc65c1" />
      <TestMethod codeBase="D:\v2.0\A1\_work\dbded102\bin\Release.AnyCPU\Vssf.Sdk\MS.TF.Framework.Server.L0.Tests\MS.TF.Framework.Server.L0.Tests.dll" adapterTypeName="Microsoft.VisualStudio.TestTools.TestTypes.Unit.UnitTestAdapter" className="MS.TF.Framework.Server.L0.Tests.Identity.ImsPrefixSearchArrayTests" name="ImsPrefixSearchArray_Throws_WhenPassedNullValue" />
    </UnitTest>
    <UnitTest name="ImsPrefixSearchArray_ReturnsEmptyResults_WhenItIsEmpty" storage="d:\v2.0\a1\_work\dbded102\bin\release.anycpu\vssf.sdk\ms.tf.framework.server.l0.tests\ms.tf.framework.server.l0.tests.dll" id="61c30324-fc62-3776-0970-12fcabbb072d">
      <Owners>
        <Owner name="vscsauthztest" />
      </Owners>
      <Execution id="b5cc544a-7fc4-4914-84ab-da1f3df3440f" />
      <TestMethod codeBase="D:\v2.0\A1\_work\dbded102\bin\Release.AnyCPU\Vssf.Sdk\MS.TF.Framework.Server.L0.Tests\MS.TF.Framework.Server.L0.Tests.dll" adapterTypeName="Microsoft.VisualStudio.TestTools.TestTypes.Unit.UnitTestAdapter" className="MS.TF.Framework.Server.L0.Tests.Identity.ImsPrefixSearchArrayTests" name="ImsPrefixSearchArray_ReturnsEmptyResults_WhenItIsEmpty" />
    </UnitTest>
    <UnitTest name="ImsPrefixSearchArray_Returns_ExpectedResults_WhenThereAreDuplicateKeys" storage="d:\v2.0\a1\_work\dbded102\bin\release.anycpu\vssf.sdk\ms.tf.framework.server.l0.tests\ms.tf.framework.server.l0.tests.dll" id="d22368bd-2a5c-9f8b-98e0-540e9bd89e1a">
      <Owners>
        <Owner name="vscsauthztest" />
      </Owners>
      <Execution id="c0cf9029-ec05-48b2-a8af-f9f48b4e91a9" />
      <TestMethod codeBase="D:\v2.0\A1\_work\dbded102\bin\Release.AnyCPU\Vssf.Sdk\MS.TF.Framework.Server.L0.Tests\MS.TF.Framework.Server.L0.Tests.dll" adapterTypeName="Microsoft.VisualStudio.TestTools.TestTypes.Unit.UnitTestAdapter" className="MS.TF.Framework.Server.L0.Tests.Identity.ImsPrefixSearchArrayTests" name="ImsPrefixSearchArray_Returns_ExpectedResults_WhenThereAreDuplicateKeys" />
    </UnitTest>
    <UnitTest name="ImsPrefixSearchArray_Returns_ExpectedResults" storage="d:\v2.0\a1\_work\dbded102\bin\release.anycpu\vssf.sdk\ms.tf.framework.server.l0.tests\ms.tf.framework.server.l0.tests.dll" id="2379f36e-ffde-6364-25ef-c63543074d33">
      <Owners>
        <Owner name="vscsauthztest" />
      </Owners>
      <Execution id="d2bc6a3e-ab18-403a-a5bb-12fd2f74a9e8" />
      <TestMethod codeBase="D:\v2.0\A1\_work\dbded102\bin\Release.AnyCPU\Vssf.Sdk\MS.TF.Framework.Server.L0.Tests\MS.TF.Framework.Server.L0.Tests.dll" adapterTypeName="Microsoft.VisualStudio.TestTools.TestTypes.Unit.UnitTestAdapter" className="MS.TF.Framework.Server.L0.Tests.Identity.ImsPrefixSearchArrayTests" name="ImsPrefixSearchArray_Returns_ExpectedResults" />
    </UnitTest>
    <UnitTest name="ImsPrefixSearchArray_Returns_ExpectedResults_InAlphabeticalDisplayNameOrder" storage="d:\v2.0\a1\_work\dbded102\bin\release.anycpu\vssf.sdk\ms.tf.framework.server.l0.tests\ms.tf.framework.server.l0.tests.dll" id="57716ad4-1230-9d04-cc54-2a499b12ad50">
      <Owners>
        <Owner name="vscsauthztest" />
      </Owners>
      <Execution id="3cd8003c-7516-4f6c-abc2-d69e0e1bd236" />
      <TestMethod codeBase="D:\v2.0\A1\_work\dbded102\bin\Release.AnyCPU\Vssf.Sdk\MS.TF.Framework.Server.L0.Tests\MS.TF.Framework.Server.L0.Tests.dll" adapterTypeName="Microsoft.VisualStudio.TestTools.TestTypes.Unit.UnitTestAdapter" className="MS.TF.Framework.Server.L0.Tests.Identity.ImsPrefixSearchArrayTests" name="ImsPrefixSearchArray_Returns_ExpectedResults_InAlphabeticalDisplayNameOrder" />
    </UnitTest>
    <UnitTest name="ImsPrefixSearchArray_Returns_ExpectedResults_WhenSearchQueryIsInDifferentCase" storage="d:\v2.0\a1\_work\dbded102\bin\release.anycpu\vssf.sdk\ms.tf.framework.server.l0.tests\ms.tf.framework.server.l0.tests.dll" id="583567d0-e727-94d6-a2c4-47831a91e794">
      <Owners>
        <Owner name="vscsauthztest" />
      </Owners>
      <Execution id="5e46aac7-5ee3-4a8a-90b1-758b80395ee5" />
      <TestMethod codeBase="D:\v2.0\A1\_work\dbded102\bin\Release.AnyCPU\Vssf.Sdk\MS.TF.Framework.Server.L0.Tests\MS.TF.Framework.Server.L0.Tests.dll" adapterTypeName="Microsoft.VisualStudio.TestTools.TestTypes.Unit.UnitTestAdapter" className="MS.TF.Framework.Server.L0.Tests.Identity.ImsPrefixSearchArrayTests" name="ImsPrefixSearchArray_Returns_ExpectedResults_WhenSearchQueryIsInDifferentCase" />
    </UnitTest>
    <UnitTest name="ImsPrefixSearchArray_Returns_ExpectedResults_WhenDataSetHasNonEnglishCharacters" storage="d:\v2.0\a1\_work\dbded102\bin\release.anycpu\vssf.sdk\ms.tf.framework.server.l0.tests\ms.tf.framework.server.l0.tests.dll" id="d353d3a1-4044-5ff4-8481-de62b7edf5a6">
      <Owners>
        <Owner name="vscsauthztest" />
      </Owners>
      <Execution id="cffe5792-3d32-4d00-ac44-52a632c98488" />
      <TestMethod codeBase="D:\v2.0\A1\_work\dbded102\bin\Release.AnyCPU\Vssf.Sdk\MS.TF.Framework.Server.L0.Tests\MS.TF.Framework.Server.L0.Tests.dll" adapterTypeName="Microsoft.VisualStudio.TestTools.TestTypes.Unit.UnitTestAdapter" className="MS.TF.Framework.Server.L0.Tests.Identity.ImsPrefixSearchArrayTests" name="ImsPrefixSearchArray_Returns_ExpectedResults_WhenDataSetHasNonEnglishCharacters" />
    </UnitTest>
    <UnitTest name="ImsPrefixSearchTrie_Throws_WhenPassedNull" storage="d:\v2.0\a1\_work\dbded102\bin\release.anycpu\vssf.sdk\ms.tf.framework.server.l0.tests\ms.tf.framework.server.l0.tests.dll" id="c340a5ad-34da-a325-6744-63cf5c3482cb">
      <Owners>
        <Owner name="vscsauthztest" />
      </Owners>
      <Execution id="73369d3c-1419-4abc-b591-830ff99ad7f6" />
      <TestMethod codeBase="D:\v2.0\A1\_work\dbded102\bin\Release.AnyCPU\Vssf.Sdk\MS.TF.Framework.Server.L0.Tests\MS.TF.Framework.Server.L0.Tests.dll" adapterTypeName="Microsoft.VisualStudio.TestTools.TestTypes.Unit.UnitTestAdapter" className="MS.TF.Framework.Server.L0.Tests.Identity.ImsPrefixSearchTrieTests" name="ImsPrefixSearchTrie_Throws_WhenPassedNull" />
    </UnitTest>
    <UnitTest name="ImsPrefixSearchTrie_Throws_WhenPassedNullKey" storage="d:\v2.0\a1\_work\dbded102\bin\release.anycpu\vssf.sdk\ms.tf.framework.server.l0.tests\ms.tf.framework.server.l0.tests.dll" id="3e6f2c90-f466-b883-69a3-4c6b85d7264a">
      <Owners>
        <Owner name="vscsauthztest" />
      </Owners>
      <Execution id="ed2b6c81-0f3b-4ec8-bd53-ef9cc22bcf0d" />
      <TestMethod codeBase="D:\v2.0\A1\_work\dbded102\bin\Release.AnyCPU\Vssf.Sdk\MS.TF.Framework.Server.L0.Tests\MS.TF.Framework.Server.L0.Tests.dll" adapterTypeName="Microsoft.VisualStudio.TestTools.TestTypes.Unit.UnitTestAdapter" className="MS.TF.Framework.Server.L0.Tests.Identity.ImsPrefixSearchTrieTests" name="ImsPrefixSearchTrie_Throws_WhenPassedNullKey" />
    </UnitTest>
    <UnitTest name="ImsPrefixSearchTrie_Throws_WhenPassedNullValue" storage="d:\v2.0\a1\_work\dbded102\bin\release.anycpu\vssf.sdk\ms.tf.framework.server.l0.tests\ms.tf.framework.server.l0.tests.dll" id="ea9b6078-5ae8-b75d-d41b-0470dcd2938c">
      <Owners>
        <Owner name="vscsauthztest" />
      </Owners>
      <Execution id="db3cb6dd-84f5-43df-b7d5-c98a8a61631b" />
      <TestMethod codeBase="D:\v2.0\A1\_work\dbded102\bin\Release.AnyCPU\Vssf.Sdk\MS.TF.Framework.Server.L0.Tests\MS.TF.Framework.Server.L0.Tests.dll" adapterTypeName="Microsoft.VisualStudio.TestTools.TestTypes.Unit.UnitTestAdapter" className="MS.TF.Framework.Server.L0.Tests.Identity.ImsPrefixSearchTrieTests" name="ImsPrefixSearchTrie_Throws_WhenPassedNullValue" />
    </UnitTest>
    <UnitTest name="ImsPrefixSearchTrie_ReturnsEmptyResults_WhenItIsEmpty" storage="d:\v2.0\a1\_work\dbded102\bin\release.anycpu\vssf.sdk\ms.tf.framework.server.l0.tests\ms.tf.framework.server.l0.tests.dll" id="ab1f30a9-ce63-0924-6694-ae523c24db5a">
      <Owners>
        <Owner name="vscsauthztest" />
      </Owners>
      <Execution id="92568109-0a38-4bb7-a6bb-1cd127b1a307" />
      <TestMethod codeBase="D:\v2.0\A1\_work\dbded102\bin\Release.AnyCPU\Vssf.Sdk\MS.TF.Framework.Server.L0.Tests\MS.TF.Framework.Server.L0.Tests.dll" adapterTypeName="Microsoft.VisualStudio.TestTools.TestTypes.Unit.UnitTestAdapter" className="MS.TF.Framework.Server.L0.Tests.Identity.ImsPrefixSearchTrieTests" name="ImsPrefixSearchTrie_ReturnsEmptyResults_WhenItIsEmpty" />
    </UnitTest>
    <UnitTest name="ImsPrefixSearchTrie_Returns_ExpectedResults_WhenThereAreDuplicateKeys" storage="d:\v2.0\a1\_work\dbded102\bin\release.anycpu\vssf.sdk\ms.tf.framework.server.l0.tests\ms.tf.framework.server.l0.tests.dll" id="0d92c910-2a77-f874-e210-4fd887785909">
      <Owners>
        <Owner name="vscsauthztest" />
      </Owners>
      <Execution id="854f0300-8a71-4458-a7ad-aac41feb9f90" />
      <TestMethod codeBase="D:\v2.0\A1\_work\dbded102\bin\Release.AnyCPU\Vssf.Sdk\MS.TF.Framework.Server.L0.Tests\MS.TF.Framework.Server.L0.Tests.dll" adapterTypeName="Microsoft.VisualStudio.TestTools.TestTypes.Unit.UnitTestAdapter" className="MS.TF.Framework.Server.L0.Tests.Identity.ImsPrefixSearchTrieTests" name="ImsPrefixSearchTrie_Returns_ExpectedResults_WhenThereAreDuplicateKeys" />
    </UnitTest>
    <UnitTest name="ImsPrefixSearchTrie_Returns_ExpectedResults" storage="d:\v2.0\a1\_work\dbded102\bin\release.anycpu\vssf.sdk\ms.tf.framework.server.l0.tests\ms.tf.framework.server.l0.tests.dll" id="0eb87c30-2656-7d3f-11fe-7f02fc2d4c7b">
      <Owners>
        <Owner name="vscsauthztest" />
      </Owners>
      <Execution id="072ee234-6c24-4a91-ab96-f1ba15d8a5b7" />
      <TestMethod codeBase="D:\v2.0\A1\_work\dbded102\bin\Release.AnyCPU\Vssf.Sdk\MS.TF.Framework.Server.L0.Tests\MS.TF.Framework.Server.L0.Tests.dll" adapterTypeName="Microsoft.VisualStudio.TestTools.TestTypes.Unit.UnitTestAdapter" className="MS.TF.Framework.Server.L0.Tests.Identity.ImsPrefixSearchTrieTests" name="ImsPrefixSearchTrie_Returns_ExpectedResults" />
    </UnitTest>
    <UnitTest name="ImsPrefixSearchTrie_Returns_ExpectedResults_InAlphabeticalDisplayNameOrder" storage="d:\v2.0\a1\_work\dbded102\bin\release.anycpu\vssf.sdk\ms.tf.framework.server.l0.tests\ms.tf.framework.server.l0.tests.dll" id="04331cd7-fe89-e7da-b113-7b542323c6cf">
      <Owners>
        <Owner name="vscsauthztest" />
      </Owners>
      <Execution id="94f49c25-f9b2-4734-a44e-7205f1a91a72" />
      <TestMethod codeBase="D:\v2.0\A1\_work\dbded102\bin\Release.AnyCPU\Vssf.Sdk\MS.TF.Framework.Server.L0.Tests\MS.TF.Framework.Server.L0.Tests.dll" adapterTypeName="Microsoft.VisualStudio.TestTools.TestTypes.Unit.UnitTestAdapter" className="MS.TF.Framework.Server.L0.Tests.Identity.ImsPrefixSearchTrieTests" name="ImsPrefixSearchTrie_Returns_ExpectedResults_InAlphabeticalDisplayNameOrder" />
    </UnitTest>
    <UnitTest name="ImsPrefixSearchTrie_Returns_ExpectedResults_WhenSearchQueryIsInDifferentCase" storage="d:\v2.0\a1\_work\dbded102\bin\release.anycpu\vssf.sdk\ms.tf.framework.server.l0.tests\ms.tf.framework.server.l0.tests.dll" id="6f4b05dc-cd44-bef0-cfb1-790bc7b278b9">
      <Owners>
        <Owner name="vscsauthztest" />
      </Owners>
      <Execution id="17bf94ec-f674-4a1e-aa0e-3cc4874c9491" />
      <TestMethod codeBase="D:\v2.0\A1\_work\dbded102\bin\Release.AnyCPU\Vssf.Sdk\MS.TF.Framework.Server.L0.Tests\MS.TF.Framework.Server.L0.Tests.dll" adapterTypeName="Microsoft.VisualStudio.TestTools.TestTypes.Unit.UnitTestAdapter" className="MS.TF.Framework.Server.L0.Tests.Identity.ImsPrefixSearchTrieTests" name="ImsPrefixSearchTrie_Returns_ExpectedResults_WhenSearchQueryIsInDifferentCase" />
    </UnitTest>
    <UnitTest name="ImsPrefixSearchTrie_Returns_ExpectedResults_WhenDataSetHasNonEnglishCharacters" storage="d:\v2.0\a1\_work\dbded102\bin\release.anycpu\vssf.sdk\ms.tf.framework.server.l0.tests\ms.tf.framework.server.l0.tests.dll" id="2871192a-829b-2fae-5f61-2b03d1ed201a">
      <Owners>
        <Owner name="vscsauthztest" />
      </Owners>
      <Execution id="aebec50d-47e1-49bc-a0e8-45319c2739e9" />
      <TestMethod codeBase="D:\v2.0\A1\_work\dbded102\bin\Release.AnyCPU\Vssf.Sdk\MS.TF.Framework.Server.L0.Tests\MS.TF.Framework.Server.L0.Tests.dll" adapterTypeName="Microsoft.VisualStudio.TestTools.TestTypes.Unit.UnitTestAdapter" className="MS.TF.Framework.Server.L0.Tests.Identity.ImsPrefixSearchTrieTests" name="ImsPrefixSearchTrie_Returns_ExpectedResults_WhenDataSetHasNonEnglishCharacters" />
    </UnitTest>
    <UnitTest name="ImsRemoteCache_Returns_MapWithAllKeysAndNullForValuesNotFound" storage="d:\v2.0\a1\_work\dbded102\bin\release.anycpu\vssf.sdk\ms.tf.framework.server.l0.tests\ms.tf.framework.server.l0.tests.dll" id="69b4e9d1-c26b-6254-bea6-09217db012bd">
      <Owners>
        <Owner name="vscsauthztest" />
      </Owners>
      <Execution id="0495d975-cf39-46d1-b14b-3c93c63bcc23" />
      <TestMethod codeBase="D:\v2.0\A1\_work\dbded102\bin\Release.AnyCPU\Vssf.Sdk\MS.TF.Framework.Server.L0.Tests\MS.TF.Framework.Server.L0.Tests.dll" adapterTypeName="Microsoft.VisualStudio.TestTools.TestTypes.Unit.UnitTestAdapter" className="MS.TF.Framework.Server.L0.Tests.Identity.ImsRemoteCacheTests" name="ImsRemoteCache_Returns_MapWithAllKeysAndNullForValuesNotFound" />
    </UnitTest>
    <UnitTest name="Validate_AadIdentityHelper_return_empty_guid_when_descriptor_is_null" storage="d:\v2.0\a1\_work\dbded102\bin\release.anycpu\vssf.sdk\ms.tf.framework.server.l0.tests\ms.tf.framework.server.l0.tests.dll" id="1e850016-6784-ae60-8b01-5b1b6f696a18">
      <Execution id="1c880167-54a8-4d0a-88bc-26b3e76c9f9f" />
      <TestMethod codeBase="D:\v2.0\A1\_work\dbded102\bin\Release.AnyCPU\Vssf.Sdk\MS.TF.Framework.Server.L0.Tests\MS.TF.Framework.Server.L0.Tests.dll" adapterTypeName="Microsoft.VisualStudio.TestTools.TestTypes.Unit.UnitTestAdapter" className="MS.TF.Framework.Server.L0.Tests.Identity.AadIdentityHelperTests" name="Validate_AadIdentityHelper_return_empty_guid_when_descriptor_is_null" />
    </UnitTest>
    <UnitTest name="Validate_AadIdentityHelper_return_empty_guid_when_identifier_is_null" storage="d:\v2.0\a1\_work\dbded102\bin\release.anycpu\vssf.sdk\ms.tf.framework.server.l0.tests\ms.tf.framework.server.l0.tests.dll" id="9081c4f5-856d-00de-5e8d-0ed758ff3d84">
      <Execution id="ce021f3a-0a42-4a05-85c1-ddf9e7ef1dfc" />
      <TestMethod codeBase="D:\v2.0\A1\_work\dbded102\bin\Release.AnyCPU\Vssf.Sdk\MS.TF.Framework.Server.L0.Tests\MS.TF.Framework.Server.L0.Tests.dll" adapterTypeName="Microsoft.VisualStudio.TestTools.TestTypes.Unit.UnitTestAdapter" className="MS.TF.Framework.Server.L0.Tests.Identity.AadIdentityHelperTests" name="Validate_AadIdentityHelper_return_empty_guid_when_identifier_is_null" />
    </UnitTest>
    <UnitTest name="Validate_AadIdentityHelper_return_empty_guid_when_identifier_is_live_id_format" storage="d:\v2.0\a1\_work\dbded102\bin\release.anycpu\vssf.sdk\ms.tf.framework.server.l0.tests\ms.tf.framework.server.l0.tests.dll" id="b9047a83-626d-582e-684e-39d4f645ffcf">
      <Execution id="05828d71-d8eb-4db4-aa92-714a6b02ef00" />
      <TestMethod codeBase="D:\v2.0\A1\_work\dbded102\bin\Release.AnyCPU\Vssf.Sdk\MS.TF.Framework.Server.L0.Tests\MS.TF.Framework.Server.L0.Tests.dll" adapterTypeName="Microsoft.VisualStudio.TestTools.TestTypes.Unit.UnitTestAdapter" className="MS.TF.Framework.Server.L0.Tests.Identity.AadIdentityHelperTests" name="Validate_AadIdentityHelper_return_empty_guid_when_identifier_is_live_id_format" />
    </UnitTest>
    <UnitTest name="Validate_AadIdentityHelper_return_empty_guid_when_identifier_is_service_identity_format" storage="d:\v2.0\a1\_work\dbded102\bin\release.anycpu\vssf.sdk\ms.tf.framework.server.l0.tests\ms.tf.framework.server.l0.tests.dll" id="9605ad38-1d2c-100e-cd74-ca0f8bfe0d9e">
      <Execution id="a11d68fc-5b48-4c51-9cce-08266c5cf2bf" />
      <TestMethod codeBase="D:\v2.0\A1\_work\dbded102\bin\Release.AnyCPU\Vssf.Sdk\MS.TF.Framework.Server.L0.Tests\MS.TF.Framework.Server.L0.Tests.dll" adapterTypeName="Microsoft.VisualStudio.TestTools.TestTypes.Unit.UnitTestAdapter" className="MS.TF.Framework.Server.L0.Tests.Identity.AadIdentityHelperTests" name="Validate_AadIdentityHelper_return_empty_guid_when_identifier_is_service_identity_format" />
    </UnitTest>
    <UnitTest name="Validate_AadIdentityHelper_return_empty_guid_when_identifier_is_not_correct_format" storage="d:\v2.0\a1\_work\dbded102\bin\release.anycpu\vssf.sdk\ms.tf.framework.server.l0.tests\ms.tf.framework.server.l0.tests.dll" id="20e3634b-b666-41c4-e03a-40e41ee31e85">
      <Execution id="a6a11995-4773-43f6-bf22-e1f690a31e3d" />
      <TestMethod codeBase="D:\v2.0\A1\_work\dbded102\bin\Release.AnyCPU\Vssf.Sdk\MS.TF.Framework.Server.L0.Tests\MS.TF.Framework.Server.L0.Tests.dll" adapterTypeName="Microsoft.VisualStudio.TestTools.TestTypes.Unit.UnitTestAdapter" className="MS.TF.Framework.Server.L0.Tests.Identity.AadIdentityHelperTests" name="Validate_AadIdentityHelper_return_empty_guid_when_identifier_is_not_correct_format" />
    </UnitTest>
    <UnitTest name="Validate_AadIdentityHelper_return_guid_when_identifier_is_bind_pending" storage="d:\v2.0\a1\_work\dbded102\bin\release.anycpu\vssf.sdk\ms.tf.framework.server.l0.tests\ms.tf.framework.server.l0.tests.dll" id="c3c5b395-5bfc-aff0-c0f9-8b0dd770a8a9">
      <Execution id="934411bc-c032-4871-babb-563cbc81085a" />
      <TestMethod codeBase="D:\v2.0\A1\_work\dbded102\bin\Release.AnyCPU\Vssf.Sdk\MS.TF.Framework.Server.L0.Tests\MS.TF.Framework.Server.L0.Tests.dll" adapterTypeName="Microsoft.VisualStudio.TestTools.TestTypes.Unit.UnitTestAdapter" className="MS.TF.Framework.Server.L0.Tests.Identity.AadIdentityHelperTests" name="Validate_AadIdentityHelper_return_guid_when_identifier_is_bind_pending" />
    </UnitTest>
    <UnitTest name="Validate_AadIdentityHelper_return_guid_when_identifier_is_aad_format" storage="d:\v2.0\a1\_work\dbded102\bin\release.anycpu\vssf.sdk\ms.tf.framework.server.l0.tests\ms.tf.framework.server.l0.tests.dll" id="7ee95d7b-3a55-2a40-ff0d-872637fb9817">
      <Execution id="53cad965-d825-4801-bd01-ecc072a38637" />
      <TestMethod codeBase="D:\v2.0\A1\_work\dbded102\bin\Release.AnyCPU\Vssf.Sdk\MS.TF.Framework.Server.L0.Tests\MS.TF.Framework.Server.L0.Tests.dll" adapterTypeName="Microsoft.VisualStudio.TestTools.TestTypes.Unit.UnitTestAdapter" className="MS.TF.Framework.Server.L0.Tests.Identity.AadIdentityHelperTests" name="Validate_AadIdentityHelper_return_guid_when_identifier_is_aad_format" />
    </UnitTest>
    <UnitTest name="FrameworkIdentityIdMruService_GetMruIdentities_ValidatesHost" storage="d:\v2.0\a1\_work\dbded102\bin\release.anycpu\vssf.sdk\ms.tf.framework.server.l0.tests\ms.tf.framework.server.l0.tests.dll" id="3afc3a8e-ea59-6c00-6c4e-23638d1b2c07">
      <Owners>
        <Owner name="vscsauthztest" />
      </Owners>
      <Execution id="00395f82-0de5-4298-957c-25f238775efc" />
      <TestMethod codeBase="D:\v2.0\A1\_work\dbded102\bin\Release.AnyCPU\Vssf.Sdk\MS.TF.Framework.Server.L0.Tests\MS.TF.Framework.Server.L0.Tests.dll" adapterTypeName="Microsoft.VisualStudio.TestTools.TestTypes.Unit.UnitTestAdapter" className="MS.TF.Framework.Server.L0.Tests.Identity.FrameworkIdentityIdMruServiceTests" name="FrameworkIdentityIdMruService_GetMruIdentities_ValidatesHost" />
    </UnitTest>
    <UnitTest name="FrameworkIdentityIdMruService_AddMruIdentities_ValidatesHost" storage="d:\v2.0\a1\_work\dbded102\bin\release.anycpu\vssf.sdk\ms.tf.framework.server.l0.tests\ms.tf.framework.server.l0.tests.dll" id="43e6fcd1-ad4f-9fba-76b5-3f3f8fd527fc">
      <Owners>
        <Owner name="vscsauthztest" />
      </Owners>
      <Execution id="610ea49b-9790-4152-ad35-93ac8de6c6c0" />
      <TestMethod codeBase="D:\v2.0\A1\_work\dbded102\bin\Release.AnyCPU\Vssf.Sdk\MS.TF.Framework.Server.L0.Tests\MS.TF.Framework.Server.L0.Tests.dll" adapterTypeName="Microsoft.VisualStudio.TestTools.TestTypes.Unit.UnitTestAdapter" className="MS.TF.Framework.Server.L0.Tests.Identity.FrameworkIdentityIdMruServiceTests" name="FrameworkIdentityIdMruService_AddMruIdentities_ValidatesHost" />
    </UnitTest>
    <UnitTest name="FrameworkIdentityIdMruService_RemoveMruIdentities_ValidatesHost" storage="d:\v2.0\a1\_work\dbded102\bin\release.anycpu\vssf.sdk\ms.tf.framework.server.l0.tests\ms.tf.framework.server.l0.tests.dll" id="660c9b09-cc5f-4a59-0ce0-af583ddead6f">
      <Owners>
        <Owner name="vscsauthztest" />
      </Owners>
      <Execution id="1a56c2ca-2e51-4a87-9738-c136ce2f75c3" />
      <TestMethod codeBase="D:\v2.0\A1\_work\dbded102\bin\Release.AnyCPU\Vssf.Sdk\MS.TF.Framework.Server.L0.Tests\MS.TF.Framework.Server.L0.Tests.dll" adapterTypeName="Microsoft.VisualStudio.TestTools.TestTypes.Unit.UnitTestAdapter" className="MS.TF.Framework.Server.L0.Tests.Identity.FrameworkIdentityIdMruServiceTests" name="FrameworkIdentityIdMruService_RemoveMruIdentities_ValidatesHost" />
    </UnitTest>
    <UnitTest name="FrameworkIdentityIdMruService_GetMruIdentities_Throws_WhenEmptyContainerIsPassed" storage="d:\v2.0\a1\_work\dbded102\bin\release.anycpu\vssf.sdk\ms.tf.framework.server.l0.tests\ms.tf.framework.server.l0.tests.dll" id="9e7272d6-2f5d-2602-9e53-36442458d760">
      <Owners>
        <Owner name="vscsauthztest" />
      </Owners>
      <Execution id="1c223ab7-6eb6-4281-8df9-158f3c04a37e" />
      <TestMethod codeBase="D:\v2.0\A1\_work\dbded102\bin\Release.AnyCPU\Vssf.Sdk\MS.TF.Framework.Server.L0.Tests\MS.TF.Framework.Server.L0.Tests.dll" adapterTypeName="Microsoft.VisualStudio.TestTools.TestTypes.Unit.UnitTestAdapter" className="MS.TF.Framework.Server.L0.Tests.Identity.FrameworkIdentityIdMruServiceTests" name="FrameworkIdentityIdMruService_GetMruIdentities_Throws_WhenEmptyContainerIsPassed" />
    </UnitTest>
    <UnitTest name="FrameworkIdentityIdMruService_AddMruIdentities_Throws_WhenEmptyContainerIsPassed" storage="d:\v2.0\a1\_work\dbded102\bin\release.anycpu\vssf.sdk\ms.tf.framework.server.l0.tests\ms.tf.framework.server.l0.tests.dll" id="caa91991-9f80-3f92-93b5-37f95aa704ab">
      <Owners>
        <Owner name="vscsauthztest" />
      </Owners>
      <Execution id="819161cd-ad0a-48c9-bc42-6d6fb14018f9" />
      <TestMethod codeBase="D:\v2.0\A1\_work\dbded102\bin\Release.AnyCPU\Vssf.Sdk\MS.TF.Framework.Server.L0.Tests\MS.TF.Framework.Server.L0.Tests.dll" adapterTypeName="Microsoft.VisualStudio.TestTools.TestTypes.Unit.UnitTestAdapter" className="MS.TF.Framework.Server.L0.Tests.Identity.FrameworkIdentityIdMruServiceTests" name="FrameworkIdentityIdMruService_AddMruIdentities_Throws_WhenEmptyContainerIsPassed" />
    </UnitTest>
    <UnitTest name="FrameworkIdentityIdMruService_RemoveMruIdentities_Throws_WhenEmptyContainerIsPassed" storage="d:\v2.0\a1\_work\dbded102\bin\release.anycpu\vssf.sdk\ms.tf.framework.server.l0.tests\ms.tf.framework.server.l0.tests.dll" id="b72669eb-c889-04b5-02ec-14fe778767e1">
      <Owners>
        <Owner name="vscsauthztest" />
      </Owners>
      <Execution id="7ea5bef9-cb45-41e5-911d-3fba8fcbae6e" />
      <TestMethod codeBase="D:\v2.0\A1\_work\dbded102\bin\Release.AnyCPU\Vssf.Sdk\MS.TF.Framework.Server.L0.Tests\MS.TF.Framework.Server.L0.Tests.dll" adapterTypeName="Microsoft.VisualStudio.TestTools.TestTypes.Unit.UnitTestAdapter" className="MS.TF.Framework.Server.L0.Tests.Identity.FrameworkIdentityIdMruServiceTests" name="FrameworkIdentityIdMruService_RemoveMruIdentities_Throws_WhenEmptyContainerIsPassed" />
    </UnitTest>
    <UnitTest name="FrameworkIdentityIdMruService_AddMruIdentities_Throws_WhenNullMruIdentityIdsIsPassed" storage="d:\v2.0\a1\_work\dbded102\bin\release.anycpu\vssf.sdk\ms.tf.framework.server.l0.tests\ms.tf.framework.server.l0.tests.dll" id="d28c4540-97d8-709e-2288-ee2e2b76a782">
      <Owners>
        <Owner name="vscsauthztest" />
      </Owners>
      <Execution id="c37a2fb2-7fb5-4fd4-bb03-fea1b3daa0f2" />
      <TestMethod codeBase="D:\v2.0\A1\_work\dbded102\bin\Release.AnyCPU\Vssf.Sdk\MS.TF.Framework.Server.L0.Tests\MS.TF.Framework.Server.L0.Tests.dll" adapterTypeName="Microsoft.VisualStudio.TestTools.TestTypes.Unit.UnitTestAdapter" className="MS.TF.Framework.Server.L0.Tests.Identity.FrameworkIdentityIdMruServiceTests" name="FrameworkIdentityIdMruService_AddMruIdentities_Throws_WhenNullMruIdentityIdsIsPassed" />
    </UnitTest>
    <UnitTest name="FrameworkIdentityIdMruService_RemoveMruIdentities_Throws_WhenNullMruIdentityIdsIsPassed" storage="d:\v2.0\a1\_work\dbded102\bin\release.anycpu\vssf.sdk\ms.tf.framework.server.l0.tests\ms.tf.framework.server.l0.tests.dll" id="a1dcebbe-7223-3a1e-660e-d4843778f457">
      <Owners>
        <Owner name="vscsauthztest" />
      </Owners>
      <Execution id="9fd07d23-b5c2-4302-b44c-5725d6c0c58f" />
      <TestMethod codeBase="D:\v2.0\A1\_work\dbded102\bin\Release.AnyCPU\Vssf.Sdk\MS.TF.Framework.Server.L0.Tests\MS.TF.Framework.Server.L0.Tests.dll" adapterTypeName="Microsoft.VisualStudio.TestTools.TestTypes.Unit.UnitTestAdapter" className="MS.TF.Framework.Server.L0.Tests.Identity.FrameworkIdentityIdMruServiceTests" name="FrameworkIdentityIdMruService_RemoveMruIdentities_Throws_WhenNullMruIdentityIdsIsPassed" />
    </UnitTest>
    <UnitTest name="FrameworkIdentityIdMruService_GetMruIdentities_DelegatesToIdentityMruHttpClient" storage="d:\v2.0\a1\_work\dbded102\bin\release.anycpu\vssf.sdk\ms.tf.framework.server.l0.tests\ms.tf.framework.server.l0.tests.dll" id="d830e2c5-50a0-b120-1371-e0f4a07ff6e7">
      <Owners>
        <Owner name="vscsauthztest" />
      </Owners>
      <Execution id="ecfa46ae-0b06-4602-97cb-bb162271fc6b" />
      <TestMethod codeBase="D:\v2.0\A1\_work\dbded102\bin\Release.AnyCPU\Vssf.Sdk\MS.TF.Framework.Server.L0.Tests\MS.TF.Framework.Server.L0.Tests.dll" adapterTypeName="Microsoft.VisualStudio.TestTools.TestTypes.Unit.UnitTestAdapter" className="MS.TF.Framework.Server.L0.Tests.Identity.FrameworkIdentityIdMruServiceTests" name="FrameworkIdentityIdMruService_GetMruIdentities_DelegatesToIdentityMruHttpClient" />
    </UnitTest>
    <UnitTest name="FrameworkIdentityIdMruService_AddMruIdentities_DelegatesToIdentityMruHttpClient" storage="d:\v2.0\a1\_work\dbded102\bin\release.anycpu\vssf.sdk\ms.tf.framework.server.l0.tests\ms.tf.framework.server.l0.tests.dll" id="b9034be1-ed24-6ea5-f507-7533d23f677a">
      <Owners>
        <Owner name="vscsauthztest" />
      </Owners>
      <Execution id="3fb4abb1-eb89-4404-85d6-9434a742721b" />
      <TestMethod codeBase="D:\v2.0\A1\_work\dbded102\bin\Release.AnyCPU\Vssf.Sdk\MS.TF.Framework.Server.L0.Tests\MS.TF.Framework.Server.L0.Tests.dll" adapterTypeName="Microsoft.VisualStudio.TestTools.TestTypes.Unit.UnitTestAdapter" className="MS.TF.Framework.Server.L0.Tests.Identity.FrameworkIdentityIdMruServiceTests" name="FrameworkIdentityIdMruService_AddMruIdentities_DelegatesToIdentityMruHttpClient" />
    </UnitTest>
    <UnitTest name="FrameworkIdentityIdMruService_RemoveMruIdentities_DelegatesToIdentityMruHttpClient" storage="d:\v2.0\a1\_work\dbded102\bin\release.anycpu\vssf.sdk\ms.tf.framework.server.l0.tests\ms.tf.framework.server.l0.tests.dll" id="341befb2-e82f-cee5-cbd5-3a9693b0ab9b">
      <Owners>
        <Owner name="vscsauthztest" />
      </Owners>
      <Execution id="633683b4-cf69-4da0-b261-8b9a2c552eb7" />
      <TestMethod codeBase="D:\v2.0\A1\_work\dbded102\bin\Release.AnyCPU\Vssf.Sdk\MS.TF.Framework.Server.L0.Tests\MS.TF.Framework.Server.L0.Tests.dll" adapterTypeName="Microsoft.VisualStudio.TestTools.TestTypes.Unit.UnitTestAdapter" className="MS.TF.Framework.Server.L0.Tests.Identity.FrameworkIdentityIdMruServiceTests" name="FrameworkIdentityIdMruService_RemoveMruIdentities_DelegatesToIdentityMruHttpClient" />
    </UnitTest>
    <UnitTest name="FrameworkIdentityIdMruService_GetMruIdentities_DelegatesToIdentityMruHttpClient_UsingAppContext" storage="d:\v2.0\a1\_work\dbded102\bin\release.anycpu\vssf.sdk\ms.tf.framework.server.l0.tests\ms.tf.framework.server.l0.tests.dll" id="b20094a3-4bce-9794-0ac9-0f8ec514eca5">
      <Owners>
        <Owner name="vscsauthztest" />
      </Owners>
      <Execution id="1c80c380-5c18-4251-b749-ef545e771343" />
      <TestMethod codeBase="D:\v2.0\A1\_work\dbded102\bin\Release.AnyCPU\Vssf.Sdk\MS.TF.Framework.Server.L0.Tests\MS.TF.Framework.Server.L0.Tests.dll" adapterTypeName="Microsoft.VisualStudio.TestTools.TestTypes.Unit.UnitTestAdapter" className="MS.TF.Framework.Server.L0.Tests.Identity.FrameworkIdentityIdMruServiceTests" name="FrameworkIdentityIdMruService_GetMruIdentities_DelegatesToIdentityMruHttpClient_UsingAppContext" />
    </UnitTest>
    <UnitTest name="FrameworkIdentityIdMruService_AddMruIdentities_DelegatesToIdentityMruHttpClient_UsingAppContext" storage="d:\v2.0\a1\_work\dbded102\bin\release.anycpu\vssf.sdk\ms.tf.framework.server.l0.tests\ms.tf.framework.server.l0.tests.dll" id="ed5dbfd1-0448-d06f-4ed3-e8a56a157b1b">
      <Owners>
        <Owner name="vscsauthztest" />
      </Owners>
      <Execution id="3a4db9fe-ab92-4299-99bc-52b24b117a4b" />
      <TestMethod codeBase="D:\v2.0\A1\_work\dbded102\bin\Release.AnyCPU\Vssf.Sdk\MS.TF.Framework.Server.L0.Tests\MS.TF.Framework.Server.L0.Tests.dll" adapterTypeName="Microsoft.VisualStudio.TestTools.TestTypes.Unit.UnitTestAdapter" className="MS.TF.Framework.Server.L0.Tests.Identity.FrameworkIdentityIdMruServiceTests" name="FrameworkIdentityIdMruService_AddMruIdentities_DelegatesToIdentityMruHttpClient_UsingAppContext" />
    </UnitTest>
    <UnitTest name="FrameworkIdentityIdMruService_RemoveMruIdentities_DelegatesToIdentityMruHttpClient_UsingAppContext" storage="d:\v2.0\a1\_work\dbded102\bin\release.anycpu\vssf.sdk\ms.tf.framework.server.l0.tests\ms.tf.framework.server.l0.tests.dll" id="549ea7c2-bc31-2eaf-6fe1-e08d2ca2cc69">
      <Owners>
        <Owner name="vscsauthztest" />
      </Owners>
      <Execution id="fc6ea6cb-d145-4bad-904d-0ffd549d99e9" />
      <TestMethod codeBase="D:\v2.0\A1\_work\dbded102\bin\Release.AnyCPU\Vssf.Sdk\MS.TF.Framework.Server.L0.Tests\MS.TF.Framework.Server.L0.Tests.dll" adapterTypeName="Microsoft.VisualStudio.TestTools.TestTypes.Unit.UnitTestAdapter" className="MS.TF.Framework.Server.L0.Tests.Identity.FrameworkIdentityIdMruServiceTests" name="FrameworkIdentityIdMruService_RemoveMruIdentities_DelegatesToIdentityMruHttpClient_UsingAppContext" />
    </UnitTest>
    <UnitTest name="IdentityMruService_ReadMruIdentities_ValidatesHost" storage="d:\v2.0\a1\_work\dbded102\bin\release.anycpu\vssf.sdk\ms.tf.framework.server.l0.tests\ms.tf.framework.server.l0.tests.dll" id="90ed14f1-d7c1-9b94-b437-5235eb783c76">
      <Owners>
        <Owner name="vscsauthztest" />
      </Owners>
      <Execution id="bba82305-167f-4902-97d6-d26dcfd5bf5f" />
      <TestMethod codeBase="D:\v2.0\A1\_work\dbded102\bin\Release.AnyCPU\Vssf.Sdk\MS.TF.Framework.Server.L0.Tests\MS.TF.Framework.Server.L0.Tests.dll" adapterTypeName="Microsoft.VisualStudio.TestTools.TestTypes.Unit.UnitTestAdapter" className="MS.TF.Framework.Server.L0.Tests.Identity.IdentityMruServiceTests" name="IdentityMruService_ReadMruIdentities_ValidatesHost" />
    </UnitTest>
    <UnitTest name="IdentityMruService_AddMruIdentities_ValidatesHost" storage="d:\v2.0\a1\_work\dbded102\bin\release.anycpu\vssf.sdk\ms.tf.framework.server.l0.tests\ms.tf.framework.server.l0.tests.dll" id="804933e8-9931-ad4e-e374-bbfb53ff09db">
      <Owners>
        <Owner name="vscsauthztest" />
      </Owners>
      <Execution id="56422cab-4adf-4463-b0da-0bc17b0e4229" />
      <TestMethod codeBase="D:\v2.0\A1\_work\dbded102\bin\Release.AnyCPU\Vssf.Sdk\MS.TF.Framework.Server.L0.Tests\MS.TF.Framework.Server.L0.Tests.dll" adapterTypeName="Microsoft.VisualStudio.TestTools.TestTypes.Unit.UnitTestAdapter" className="MS.TF.Framework.Server.L0.Tests.Identity.IdentityMruServiceTests" name="IdentityMruService_AddMruIdentities_ValidatesHost" />
    </UnitTest>
    <UnitTest name="IdentityMruService_DeleteMruIdentities_ValidatesHost" storage="d:\v2.0\a1\_work\dbded102\bin\release.anycpu\vssf.sdk\ms.tf.framework.server.l0.tests\ms.tf.framework.server.l0.tests.dll" id="33af673d-9367-4c4f-21e2-9bd3fc62de4a">
      <Owners>
        <Owner name="vscsauthztest" />
      </Owners>
      <Execution id="13e96a8d-db71-4c9f-b47a-20497eeb2cf7" />
      <TestMethod codeBase="D:\v2.0\A1\_work\dbded102\bin\Release.AnyCPU\Vssf.Sdk\MS.TF.Framework.Server.L0.Tests\MS.TF.Framework.Server.L0.Tests.dll" adapterTypeName="Microsoft.VisualStudio.TestTools.TestTypes.Unit.UnitTestAdapter" className="MS.TF.Framework.Server.L0.Tests.Identity.IdentityMruServiceTests" name="IdentityMruService_DeleteMruIdentities_ValidatesHost" />
    </UnitTest>
    <UnitTest name="IdentityMruService_ReadMruIdentities_Throws_WhenEmptyContainerIsPassed" storage="d:\v2.0\a1\_work\dbded102\bin\release.anycpu\vssf.sdk\ms.tf.framework.server.l0.tests\ms.tf.framework.server.l0.tests.dll" id="071fc032-2ba1-c42b-00ad-5c0d7e20cc88">
      <Owners>
        <Owner name="vscsauthztest" />
      </Owners>
      <Execution id="6100fd8b-2a54-4955-a52b-cc708043ca51" />
      <TestMethod codeBase="D:\v2.0\A1\_work\dbded102\bin\Release.AnyCPU\Vssf.Sdk\MS.TF.Framework.Server.L0.Tests\MS.TF.Framework.Server.L0.Tests.dll" adapterTypeName="Microsoft.VisualStudio.TestTools.TestTypes.Unit.UnitTestAdapter" className="MS.TF.Framework.Server.L0.Tests.Identity.IdentityMruServiceTests" name="IdentityMruService_ReadMruIdentities_Throws_WhenEmptyContainerIsPassed" />
    </UnitTest>
    <UnitTest name="IdentityMruService_AddMruIdentities_Throws_WhenEmptyContainerIsPassed" storage="d:\v2.0\a1\_work\dbded102\bin\release.anycpu\vssf.sdk\ms.tf.framework.server.l0.tests\ms.tf.framework.server.l0.tests.dll" id="73d710aa-ebbe-0710-2d23-eb417df3790f">
      <Owners>
        <Owner name="vscsauthztest" />
      </Owners>
      <Execution id="9710245a-fc71-412b-b0df-093e08bfa719" />
      <TestMethod codeBase="D:\v2.0\A1\_work\dbded102\bin\Release.AnyCPU\Vssf.Sdk\MS.TF.Framework.Server.L0.Tests\MS.TF.Framework.Server.L0.Tests.dll" adapterTypeName="Microsoft.VisualStudio.TestTools.TestTypes.Unit.UnitTestAdapter" className="MS.TF.Framework.Server.L0.Tests.Identity.IdentityMruServiceTests" name="IdentityMruService_AddMruIdentities_Throws_WhenEmptyContainerIsPassed" />
    </UnitTest>
    <UnitTest name="IdentityMruService_DeleteMruIdentities_Throws_WhenEmptyContainerIsPassed" storage="d:\v2.0\a1\_work\dbded102\bin\release.anycpu\vssf.sdk\ms.tf.framework.server.l0.tests\ms.tf.framework.server.l0.tests.dll" id="6043bc81-8a84-2b53-3354-ecca757b6994">
      <Owners>
        <Owner name="vscsauthztest" />
      </Owners>
      <Execution id="4ff85204-e361-4ebc-b86a-c8af460b8fed" />
      <TestMethod codeBase="D:\v2.0\A1\_work\dbded102\bin\Release.AnyCPU\Vssf.Sdk\MS.TF.Framework.Server.L0.Tests\MS.TF.Framework.Server.L0.Tests.dll" adapterTypeName="Microsoft.VisualStudio.TestTools.TestTypes.Unit.UnitTestAdapter" className="MS.TF.Framework.Server.L0.Tests.Identity.IdentityMruServiceTests" name="IdentityMruService_DeleteMruIdentities_Throws_WhenEmptyContainerIsPassed" />
    </UnitTest>
    <UnitTest name="IdentityMruService_AddMruIdentities_Throws_WhenNullMruIdentityIdsIsPassed" storage="d:\v2.0\a1\_work\dbded102\bin\release.anycpu\vssf.sdk\ms.tf.framework.server.l0.tests\ms.tf.framework.server.l0.tests.dll" id="df624fb2-1d1c-54f5-469f-ba881592f3b0">
      <Owners>
        <Owner name="vscsauthztest" />
      </Owners>
      <Execution id="376af208-a783-4f04-a465-37bb2638f4d9" />
      <TestMethod codeBase="D:\v2.0\A1\_work\dbded102\bin\Release.AnyCPU\Vssf.Sdk\MS.TF.Framework.Server.L0.Tests\MS.TF.Framework.Server.L0.Tests.dll" adapterTypeName="Microsoft.VisualStudio.TestTools.TestTypes.Unit.UnitTestAdapter" className="MS.TF.Framework.Server.L0.Tests.Identity.IdentityMruServiceTests" name="IdentityMruService_AddMruIdentities_Throws_WhenNullMruIdentityIdsIsPassed" />
    </UnitTest>
    <UnitTest name="IdentityMruService_AddMruIdentities_Throws_WhenNullMruIdentitiesIsPassed" storage="d:\v2.0\a1\_work\dbded102\bin\release.anycpu\vssf.sdk\ms.tf.framework.server.l0.tests\ms.tf.framework.server.l0.tests.dll" id="d284b915-9373-de30-60e2-7e50bf050057">
      <Owners>
        <Owner name="vscsauthztest" />
      </Owners>
      <Execution id="6e33154a-afb3-4fd2-b4d1-603d345a34b9" />
      <TestMethod codeBase="D:\v2.0\A1\_work\dbded102\bin\Release.AnyCPU\Vssf.Sdk\MS.TF.Framework.Server.L0.Tests\MS.TF.Framework.Server.L0.Tests.dll" adapterTypeName="Microsoft.VisualStudio.TestTools.TestTypes.Unit.UnitTestAdapter" className="MS.TF.Framework.Server.L0.Tests.Identity.IdentityMruServiceTests" name="IdentityMruService_AddMruIdentities_Throws_WhenNullMruIdentitiesIsPassed" />
    </UnitTest>
    <UnitTest name="IdentityMruService_DeleteMruIdentities_Throws_WhenNullMruIdentityIdsIsPassed" storage="d:\v2.0\a1\_work\dbded102\bin\release.anycpu\vssf.sdk\ms.tf.framework.server.l0.tests\ms.tf.framework.server.l0.tests.dll" id="645d0217-8389-adf1-5ef9-498ea8b4b981">
      <Owners>
        <Owner name="vscsauthztest" />
      </Owners>
      <Execution id="05d966b6-d49a-44c0-b11c-058b3e39a12a" />
      <TestMethod codeBase="D:\v2.0\A1\_work\dbded102\bin\Release.AnyCPU\Vssf.Sdk\MS.TF.Framework.Server.L0.Tests\MS.TF.Framework.Server.L0.Tests.dll" adapterTypeName="Microsoft.VisualStudio.TestTools.TestTypes.Unit.UnitTestAdapter" className="MS.TF.Framework.Server.L0.Tests.Identity.IdentityMruServiceTests" name="IdentityMruService_DeleteMruIdentities_Throws_WhenNullMruIdentityIdsIsPassed" />
    </UnitTest>
    <UnitTest name="IdentityMruService_DeleteMruIdentities_Throws_WhenNullMruIdentitiesIsPassed" storage="d:\v2.0\a1\_work\dbded102\bin\release.anycpu\vssf.sdk\ms.tf.framework.server.l0.tests\ms.tf.framework.server.l0.tests.dll" id="88051f23-f180-86d0-17c9-2240dd458c11">
      <Owners>
        <Owner name="vscsauthztest" />
      </Owners>
      <Execution id="9e230c7f-fae5-40f2-992d-0304681f1ead" />
      <TestMethod codeBase="D:\v2.0\A1\_work\dbded102\bin\Release.AnyCPU\Vssf.Sdk\MS.TF.Framework.Server.L0.Tests\MS.TF.Framework.Server.L0.Tests.dll" adapterTypeName="Microsoft.VisualStudio.TestTools.TestTypes.Unit.UnitTestAdapter" className="MS.TF.Framework.Server.L0.Tests.Identity.IdentityMruServiceTests" name="IdentityMruService_DeleteMruIdentities_Throws_WhenNullMruIdentitiesIsPassed" />
    </UnitTest>
    <UnitTest name="IdentityMruService_ReadMruIdentities_Throws_WhenRequestedIdentityIsNotInScope" storage="d:\v2.0\a1\_work\dbded102\bin\release.anycpu\vssf.sdk\ms.tf.framework.server.l0.tests\ms.tf.framework.server.l0.tests.dll" id="19ca6313-d958-feef-ad68-55d694fc9f66">
      <Owners>
        <Owner name="vscsauthztest" />
      </Owners>
      <Execution id="641d31c3-f3f1-4c45-99b9-c7c10a7ec63c" />
      <TestMethod codeBase="D:\v2.0\A1\_work\dbded102\bin\Release.AnyCPU\Vssf.Sdk\MS.TF.Framework.Server.L0.Tests\MS.TF.Framework.Server.L0.Tests.dll" adapterTypeName="Microsoft.VisualStudio.TestTools.TestTypes.Unit.UnitTestAdapter" className="MS.TF.Framework.Server.L0.Tests.Identity.IdentityMruServiceTests" name="IdentityMruService_ReadMruIdentities_Throws_WhenRequestedIdentityIsNotInScope" />
    </UnitTest>
    <UnitTest name="IdentityMruService_AddMruIdentities_Throws_WhenRequestedIdentityIsNotInScope" storage="d:\v2.0\a1\_work\dbded102\bin\release.anycpu\vssf.sdk\ms.tf.framework.server.l0.tests\ms.tf.framework.server.l0.tests.dll" id="956be934-3f05-1867-e2e6-e9070b9b25eb">
      <Owners>
        <Owner name="vscsauthztest" />
      </Owners>
      <Execution id="c751441c-8df4-45fe-9427-8e97a38f985e" />
      <TestMethod codeBase="D:\v2.0\A1\_work\dbded102\bin\Release.AnyCPU\Vssf.Sdk\MS.TF.Framework.Server.L0.Tests\MS.TF.Framework.Server.L0.Tests.dll" adapterTypeName="Microsoft.VisualStudio.TestTools.TestTypes.Unit.UnitTestAdapter" className="MS.TF.Framework.Server.L0.Tests.Identity.IdentityMruServiceTests" name="IdentityMruService_AddMruIdentities_Throws_WhenRequestedIdentityIsNotInScope" />
    </UnitTest>
    <UnitTest name="IdentityMruService_DeleteMruIdentities_Throws_WhenRequestedIdentityIsNotInScope" storage="d:\v2.0\a1\_work\dbded102\bin\release.anycpu\vssf.sdk\ms.tf.framework.server.l0.tests\ms.tf.framework.server.l0.tests.dll" id="064c0d88-a4f9-540e-2166-8127c18a984e">
      <Owners>
        <Owner name="vscsauthztest" />
      </Owners>
      <Execution id="e2990305-c405-4171-9709-93faebabe554" />
      <TestMethod codeBase="D:\v2.0\A1\_work\dbded102\bin\Release.AnyCPU\Vssf.Sdk\MS.TF.Framework.Server.L0.Tests\MS.TF.Framework.Server.L0.Tests.dll" adapterTypeName="Microsoft.VisualStudio.TestTools.TestTypes.Unit.UnitTestAdapter" className="MS.TF.Framework.Server.L0.Tests.Identity.IdentityMruServiceTests" name="IdentityMruService_DeleteMruIdentities_Throws_WhenRequestedIdentityIsNotInScope" />
    </UnitTest>
    <UnitTest name="IdentityMruService_ReadMruIdentities_DelegatesToIdentityIdMruService" storage="d:\v2.0\a1\_work\dbded102\bin\release.anycpu\vssf.sdk\ms.tf.framework.server.l0.tests\ms.tf.framework.server.l0.tests.dll" id="4c1bf6ac-32c2-c9f4-1eee-346d02080e41">
      <Owners>
        <Owner name="vscsauthztest" />
      </Owners>
      <Execution id="843fc0e6-0b0e-4d8b-be6f-24b0800a41e5" />
      <TestMethod codeBase="D:\v2.0\A1\_work\dbded102\bin\Release.AnyCPU\Vssf.Sdk\MS.TF.Framework.Server.L0.Tests\MS.TF.Framework.Server.L0.Tests.dll" adapterTypeName="Microsoft.VisualStudio.TestTools.TestTypes.Unit.UnitTestAdapter" className="MS.TF.Framework.Server.L0.Tests.Identity.IdentityMruServiceTests" name="IdentityMruService_ReadMruIdentities_DelegatesToIdentityIdMruService" />
    </UnitTest>
    <UnitTest name="IdentityMruService_ReadMruIdentities_Returns_ResolvedIdentitiesInImsScope" storage="d:\v2.0\a1\_work\dbded102\bin\release.anycpu\vssf.sdk\ms.tf.framework.server.l0.tests\ms.tf.framework.server.l0.tests.dll" id="ef2e46ea-3ad1-2673-c3ab-dc878ea66873">
      <Owners>
        <Owner name="vscsauthztest" />
      </Owners>
      <Execution id="2d3078c2-5bc6-4a8d-83ce-8604f13d296d" />
      <TestMethod codeBase="D:\v2.0\A1\_work\dbded102\bin\Release.AnyCPU\Vssf.Sdk\MS.TF.Framework.Server.L0.Tests\MS.TF.Framework.Server.L0.Tests.dll" adapterTypeName="Microsoft.VisualStudio.TestTools.TestTypes.Unit.UnitTestAdapter" className="MS.TF.Framework.Server.L0.Tests.Identity.IdentityMruServiceTests" name="IdentityMruService_ReadMruIdentities_Returns_ResolvedIdentitiesInImsScope" />
    </UnitTest>
    <UnitTest name="IdentityMruService_AddMruIdentities_DelegatesToIdentityIdMruService" storage="d:\v2.0\a1\_work\dbded102\bin\release.anycpu\vssf.sdk\ms.tf.framework.server.l0.tests\ms.tf.framework.server.l0.tests.dll" id="1e0d33f3-f39d-4428-799e-8362565e068a">
      <Owners>
        <Owner name="vscsauthztest" />
      </Owners>
      <Execution id="c9ae9e3c-137d-491e-9eeb-4a29edba2a7f" />
      <TestMethod codeBase="D:\v2.0\A1\_work\dbded102\bin\Release.AnyCPU\Vssf.Sdk\MS.TF.Framework.Server.L0.Tests\MS.TF.Framework.Server.L0.Tests.dll" adapterTypeName="Microsoft.VisualStudio.TestTools.TestTypes.Unit.UnitTestAdapter" className="MS.TF.Framework.Server.L0.Tests.Identity.IdentityMruServiceTests" name="IdentityMruService_AddMruIdentities_DelegatesToIdentityIdMruService" />
    </UnitTest>
    <UnitTest name="IdentityMruService_DeleteMruIdentities_DelegatesToIdentityIdMruService" storage="d:\v2.0\a1\_work\dbded102\bin\release.anycpu\vssf.sdk\ms.tf.framework.server.l0.tests\ms.tf.framework.server.l0.tests.dll" id="d3279787-ed82-ffc3-8628-9fdd10542922">
      <Owners>
        <Owner name="vscsauthztest" />
      </Owners>
      <Execution id="85ae68bb-6878-4f5f-85b6-67d3b637a9d7" />
      <TestMethod codeBase="D:\v2.0\A1\_work\dbded102\bin\Release.AnyCPU\Vssf.Sdk\MS.TF.Framework.Server.L0.Tests\MS.TF.Framework.Server.L0.Tests.dll" adapterTypeName="Microsoft.VisualStudio.TestTools.TestTypes.Unit.UnitTestAdapter" className="MS.TF.Framework.Server.L0.Tests.Identity.IdentityMruServiceTests" name="IdentityMruService_DeleteMruIdentities_DelegatesToIdentityIdMruService" />
    </UnitTest>
    <UnitTest name="Verify_NormalizeTfsGroupName_does_not_replace_unqualified_accountname" storage="d:\v2.0\a1\_work\dbded102\bin\release.anycpu\vssf.sdk\ms.tf.framework.server.l0.tests\ms.tf.framework.server.l0.tests.dll" id="ee4861e9-2d2c-ce6c-6914-efd6ccefb01c">
      <Execution id="d43924cc-b9e9-4d30-9bb1-ce391b07c4ed" />
      <TestMethod codeBase="D:\v2.0\A1\_work\dbded102\bin\Release.AnyCPU\Vssf.Sdk\MS.TF.Framework.Server.L0.Tests\MS.TF.Framework.Server.L0.Tests.dll" adapterTypeName="Microsoft.VisualStudio.TestTools.TestTypes.Unit.UnitTestAdapter" className="MS.TF.Framework.Server.L0.Tests.Identity.Store.NormalizeTfsGroupNameOnFrameworkTests" name="Verify_NormalizeTfsGroupName_does_not_replace_unqualified_accountname" />
    </UnitTest>
    <UnitTest name="Verify_NormalizeTfsGroupName_does_not_replace_tenant_qualified_accountname" storage="d:\v2.0\a1\_work\dbded102\bin\release.anycpu\vssf.sdk\ms.tf.framework.server.l0.tests\ms.tf.framework.server.l0.tests.dll" id="dbf9ca64-335a-d26b-f450-e1e15426a1ae">
      <Execution id="92dc869f-1cfe-4bdc-b353-54d7ff167e76" />
      <TestMethod codeBase="D:\v2.0\A1\_work\dbded102\bin\Release.AnyCPU\Vssf.Sdk\MS.TF.Framework.Server.L0.Tests\MS.TF.Framework.Server.L0.Tests.dll" adapterTypeName="Microsoft.VisualStudio.TestTools.TestTypes.Unit.UnitTestAdapter" className="MS.TF.Framework.Server.L0.Tests.Identity.Store.NormalizeTfsGroupNameOnFrameworkTests" name="Verify_NormalizeTfsGroupName_does_not_replace_tenant_qualified_accountname" />
    </UnitTest>
    <UnitTest name="Verify_NormalizeTfsGroupName_does_not_replace_collection_qualified_accountname" storage="d:\v2.0\a1\_work\dbded102\bin\release.anycpu\vssf.sdk\ms.tf.framework.server.l0.tests\ms.tf.framework.server.l0.tests.dll" id="7ae6026f-1918-0e9d-b31c-408f1257c77a">
      <Execution id="5114314c-0488-49a4-9e8f-f61a664c4b08" />
      <TestMethod codeBase="D:\v2.0\A1\_work\dbded102\bin\Release.AnyCPU\Vssf.Sdk\MS.TF.Framework.Server.L0.Tests\MS.TF.Framework.Server.L0.Tests.dll" adapterTypeName="Microsoft.VisualStudio.TestTools.TestTypes.Unit.UnitTestAdapter" className="MS.TF.Framework.Server.L0.Tests.Identity.Store.NormalizeTfsGroupNameOnFrameworkTests" name="Verify_NormalizeTfsGroupName_does_not_replace_collection_qualified_accountname" />
    </UnitTest>
    <UnitTest name="Verify_NormalizeTfsGroupName_does_not_replace_scope_qualified_accountname" storage="d:\v2.0\a1\_work\dbded102\bin\release.anycpu\vssf.sdk\ms.tf.framework.server.l0.tests\ms.tf.framework.server.l0.tests.dll" id="5b2b92ab-0557-7887-d6a9-79710080049d">
      <Execution id="fb911ce4-2778-4a4a-93ee-f12f76a892b2" />
      <TestMethod codeBase="D:\v2.0\A1\_work\dbded102\bin\Release.AnyCPU\Vssf.Sdk\MS.TF.Framework.Server.L0.Tests\MS.TF.Framework.Server.L0.Tests.dll" adapterTypeName="Microsoft.VisualStudio.TestTools.TestTypes.Unit.UnitTestAdapter" className="MS.TF.Framework.Server.L0.Tests.Identity.Store.NormalizeTfsGroupNameOnFrameworkTests" name="Verify_NormalizeTfsGroupName_does_not_replace_scope_qualified_accountname" />
    </UnitTest>
    <UnitTest name="Verify_NormalizeTfsGroupName_replaces_global_scope_qualified_accountname" storage="d:\v2.0\a1\_work\dbded102\bin\release.anycpu\vssf.sdk\ms.tf.framework.server.l0.tests\ms.tf.framework.server.l0.tests.dll" id="3b556d94-0de9-dbe8-fc9b-f61a5e8495b1">
      <Execution id="484ee803-6dab-4952-b688-2c4634748df0" />
      <TestMethod codeBase="D:\v2.0\A1\_work\dbded102\bin\Release.AnyCPU\Vssf.Sdk\MS.TF.Framework.Server.L0.Tests\MS.TF.Framework.Server.L0.Tests.dll" adapterTypeName="Microsoft.VisualStudio.TestTools.TestTypes.Unit.UnitTestAdapter" className="MS.TF.Framework.Server.L0.Tests.Identity.Store.NormalizeTfsGroupNameOnFrameworkTests" name="Verify_NormalizeTfsGroupName_replaces_global_scope_qualified_accountname" />
    </UnitTest>
    <UnitTest name="Verify_NormalizeTfsGroupName_does_not_replace_global_scope_inside_accountname" storage="d:\v2.0\a1\_work\dbded102\bin\release.anycpu\vssf.sdk\ms.tf.framework.server.l0.tests\ms.tf.framework.server.l0.tests.dll" id="aa7f9d9b-ae3d-907f-94c1-6689a1dc416a">
      <Execution id="34895859-d883-4725-95b1-a1015d844c16" />
      <TestMethod codeBase="D:\v2.0\A1\_work\dbded102\bin\Release.AnyCPU\Vssf.Sdk\MS.TF.Framework.Server.L0.Tests\MS.TF.Framework.Server.L0.Tests.dll" adapterTypeName="Microsoft.VisualStudio.TestTools.TestTypes.Unit.UnitTestAdapter" className="MS.TF.Framework.Server.L0.Tests.Identity.Store.NormalizeTfsGroupNameOnFrameworkTests" name="Verify_NormalizeTfsGroupName_does_not_replace_global_scope_inside_accountname" />
    </UnitTest>
    <UnitTest name="Verify_NormalizeTfsGroupName_replaces_only_global_scope_at_start_of_accountname" storage="d:\v2.0\a1\_work\dbded102\bin\release.anycpu\vssf.sdk\ms.tf.framework.server.l0.tests\ms.tf.framework.server.l0.tests.dll" id="56208e55-85c5-9cb4-f4c1-6925ec37b8a4">
      <Execution id="79a9d13b-2619-4112-91f3-64cf8f970b38" />
      <TestMethod codeBase="D:\v2.0\A1\_work\dbded102\bin\Release.AnyCPU\Vssf.Sdk\MS.TF.Framework.Server.L0.Tests\MS.TF.Framework.Server.L0.Tests.dll" adapterTypeName="Microsoft.VisualStudio.TestTools.TestTypes.Unit.UnitTestAdapter" className="MS.TF.Framework.Server.L0.Tests.Identity.Store.NormalizeTfsGroupNameOnFrameworkTests" name="Verify_NormalizeTfsGroupName_replaces_only_global_scope_at_start_of_accountname" />
    </UnitTest>
    <UnitTest name="Verify_NormalizeTfsGroupName_does_not_replace_unqualified_accountname_starting_with_global_scope" storage="d:\v2.0\a1\_work\dbded102\bin\release.anycpu\vssf.sdk\ms.tf.framework.server.l0.tests\ms.tf.framework.server.l0.tests.dll" id="87c7f746-13da-9500-2cc3-5d2b3150e25c">
      <Execution id="b87edebf-ae1a-41be-9746-bb871fac1bac" />
      <TestMethod codeBase="D:\v2.0\A1\_work\dbded102\bin\Release.AnyCPU\Vssf.Sdk\MS.TF.Framework.Server.L0.Tests\MS.TF.Framework.Server.L0.Tests.dll" adapterTypeName="Microsoft.VisualStudio.TestTools.TestTypes.Unit.UnitTestAdapter" className="MS.TF.Framework.Server.L0.Tests.Identity.Store.NormalizeTfsGroupNameOnFrameworkTests" name="Verify_NormalizeTfsGroupName_does_not_replace_unqualified_accountname_starting_with_global_scope" />
    </UnitTest>
    <UnitTest name="Verify_NormalizeTfsGroupName_does_not_replace_lower_case_global_scope" storage="d:\v2.0\a1\_work\dbded102\bin\release.anycpu\vssf.sdk\ms.tf.framework.server.l0.tests\ms.tf.framework.server.l0.tests.dll" id="cce84256-ea6f-9e63-b6ac-374141acdef3">
      <Execution id="d3de789e-0655-4760-b9ca-3a63b83f186d" />
      <TestMethod codeBase="D:\v2.0\A1\_work\dbded102\bin\Release.AnyCPU\Vssf.Sdk\MS.TF.Framework.Server.L0.Tests\MS.TF.Framework.Server.L0.Tests.dll" adapterTypeName="Microsoft.VisualStudio.TestTools.TestTypes.Unit.UnitTestAdapter" className="MS.TF.Framework.Server.L0.Tests.Identity.Store.NormalizeTfsGroupNameOnFrameworkTests" name="Verify_NormalizeTfsGroupName_does_not_replace_lower_case_global_scope" />
    </UnitTest>
    <UnitTest name="SqlConnectionHelperTests_SetConnectionTimeoutHosted" storage="d:\v2.0\a1\_work\dbded102\bin\release.anycpu\vssf.sdk\ms.tf.framework.server.l0.tests\ms.tf.framework.server.l0.tests.dll" id="869a3265-f927-b9d4-f6e3-992b222d4336">
      <Execution id="415635ba-1d77-485c-9afe-beb4f125980b" />
      <TestMethod codeBase="D:\v2.0\A1\_work\dbded102\bin\Release.AnyCPU\Vssf.Sdk\MS.TF.Framework.Server.L0.Tests\MS.TF.Framework.Server.L0.Tests.dll" adapterTypeName="Microsoft.VisualStudio.TestTools.TestTypes.Unit.UnitTestAdapter" className="MS.TF.Framework.Server.L0.Tests.Database.SqlConnectionHelperTests" name="SqlConnectionHelperTests_SetConnectionTimeoutHosted" />
    </UnitTest>
    <UnitTest name="SqlConnectionHelperTests_SetConnectionTimeoutOnPrem" storage="d:\v2.0\a1\_work\dbded102\bin\release.anycpu\vssf.sdk\ms.tf.framework.server.l0.tests\ms.tf.framework.server.l0.tests.dll" id="63e9eba7-b40a-4e5e-ac31-66844851759d">
      <Execution id="7c30d409-9d71-47aa-a5c2-c7b8e3bc9792" />
      <TestMethod codeBase="D:\v2.0\A1\_work\dbded102\bin\Release.AnyCPU\Vssf.Sdk\MS.TF.Framework.Server.L0.Tests\MS.TF.Framework.Server.L0.Tests.dll" adapterTypeName="Microsoft.VisualStudio.TestTools.TestTypes.Unit.UnitTestAdapter" className="MS.TF.Framework.Server.L0.Tests.Database.SqlConnectionHelperTests" name="SqlConnectionHelperTests_SetConnectionTimeoutOnPrem" />
    </UnitTest>
    <UnitTest name="SqlConnectionHelperTests_SanitizeHosted" storage="d:\v2.0\a1\_work\dbded102\bin\release.anycpu\vssf.sdk\ms.tf.framework.server.l0.tests\ms.tf.framework.server.l0.tests.dll" id="6e6f12b0-2eb8-3d24-f001-6439653dfcc0">
      <Execution id="a23b0aeb-459a-4a4e-8141-ed9b345876d0" />
      <TestMethod codeBase="D:\v2.0\A1\_work\dbded102\bin\Release.AnyCPU\Vssf.Sdk\MS.TF.Framework.Server.L0.Tests\MS.TF.Framework.Server.L0.Tests.dll" adapterTypeName="Microsoft.VisualStudio.TestTools.TestTypes.Unit.UnitTestAdapter" className="MS.TF.Framework.Server.L0.Tests.Database.SqlConnectionHelperTests" name="SqlConnectionHelperTests_SanitizeHosted" />
    </UnitTest>
    <UnitTest name="SqlConnectionHelperTests_SanitizeHostedNonDefault" storage="d:\v2.0\a1\_work\dbded102\bin\release.anycpu\vssf.sdk\ms.tf.framework.server.l0.tests\ms.tf.framework.server.l0.tests.dll" id="bf24074c-2f17-4848-9fbe-7416e38dec22">
      <Execution id="d14aa2b0-5b5d-4384-a4c5-3fa9c77879e6" />
      <TestMethod codeBase="D:\v2.0\A1\_work\dbded102\bin\Release.AnyCPU\Vssf.Sdk\MS.TF.Framework.Server.L0.Tests\MS.TF.Framework.Server.L0.Tests.dll" adapterTypeName="Microsoft.VisualStudio.TestTools.TestTypes.Unit.UnitTestAdapter" className="MS.TF.Framework.Server.L0.Tests.Database.SqlConnectionHelperTests" name="SqlConnectionHelperTests_SanitizeHostedNonDefault" />
    </UnitTest>
    <UnitTest name="SqlConnectionHelperTests_SanitizeOnPrem" storage="d:\v2.0\a1\_work\dbded102\bin\release.anycpu\vssf.sdk\ms.tf.framework.server.l0.tests\ms.tf.framework.server.l0.tests.dll" id="1faaff2c-cb16-3c15-8d05-c9b1a85419da">
      <Execution id="af417e4a-d363-404b-bcc9-9ff83e010865" />
      <TestMethod codeBase="D:\v2.0\A1\_work\dbded102\bin\Release.AnyCPU\Vssf.Sdk\MS.TF.Framework.Server.L0.Tests\MS.TF.Framework.Server.L0.Tests.dll" adapterTypeName="Microsoft.VisualStudio.TestTools.TestTypes.Unit.UnitTestAdapter" className="MS.TF.Framework.Server.L0.Tests.Database.SqlConnectionHelperTests" name="SqlConnectionHelperTests_SanitizeOnPrem" />
    </UnitTest>
    <UnitTest name="DBMS_TryParseDatabaseThresholdInterval" storage="d:\v2.0\a1\_work\dbded102\bin\release.anycpu\vssf.sdk\ms.tf.framework.server.l0.tests\ms.tf.framework.server.l0.tests.dll" id="a16707bf-dbf0-15c7-d6db-f3b093790861">
      <Execution id="63e30463-a0cc-4f32-9bee-17d879bb064c" />
      <TestMethod codeBase="D:\v2.0\A1\_work\dbded102\bin\Release.AnyCPU\Vssf.Sdk\MS.TF.Framework.Server.L0.Tests\MS.TF.Framework.Server.L0.Tests.dll" adapterTypeName="Microsoft.VisualStudio.TestTools.TestTypes.Unit.UnitTestAdapter" className="MS.TF.Framework.Server.L0.Tests.DatabaseManagementService.DatabaseManagementServiceTests" name="DBMS_TryParseDatabaseThresholdInterval" />
    </UnitTest>
    <UnitTest name="DBMS_UpdateDatabaseSizeStats" storage="d:\v2.0\a1\_work\dbded102\bin\release.anycpu\vssf.sdk\ms.tf.framework.server.l0.tests\ms.tf.framework.server.l0.tests.dll" id="f381117e-96f4-8384-60a7-c8b8078b2c3f">
      <Execution id="b2d2bd08-87c2-4504-8c78-7eb4fb34d424" />
      <TestMethod codeBase="D:\v2.0\A1\_work\dbded102\bin\Release.AnyCPU\Vssf.Sdk\MS.TF.Framework.Server.L0.Tests\MS.TF.Framework.Server.L0.Tests.dll" adapterTypeName="Microsoft.VisualStudio.TestTools.TestTypes.Unit.UnitTestAdapter" className="MS.TF.Framework.Server.L0.Tests.DatabaseManagementService.DatabaseManagementServiceTests" name="DBMS_UpdateDatabaseSizeStats" />
    </UnitTest>
    <UnitTest name="FrameworkContributionService_should_return_null_for_unknown_id" storage="d:\v2.0\a1\_work\dbded102\bin\release.anycpu\vssf.sdk\ms.tf.framework.server.l0.tests\ms.tf.framework.server.l0.tests.dll" id="2fc97ddf-2f4d-34dc-aec5-6dc607b6b3c7">
      <Execution id="9e5aed29-b7b8-4474-bafd-327ca2bfe7db" />
      <TestMethod codeBase="D:\v2.0\A1\_work\dbded102\bin\Release.AnyCPU\Vssf.Sdk\MS.TF.Framework.Server.L0.Tests\MS.TF.Framework.Server.L0.Tests.dll" adapterTypeName="Microsoft.VisualStudio.TestTools.TestTypes.Unit.UnitTestAdapter" className="MS.TF.Framework.Server.L0.Tests.Contributions.FrameworkContributionServiceTests" name="FrameworkContributionService_should_return_null_for_unknown_id" />
    </UnitTest>
    <UnitTest name="FrameworkContributionService_should_return_extension_for_known_id" storage="d:\v2.0\a1\_work\dbded102\bin\release.anycpu\vssf.sdk\ms.tf.framework.server.l0.tests\ms.tf.framework.server.l0.tests.dll" id="1aac4b07-51e4-fb07-5ca6-e6f645dfad0a">
      <Execution id="4d960352-38ad-4e07-9de1-5c0fb75bd64d" />
      <TestMethod codeBase="D:\v2.0\A1\_work\dbded102\bin\Release.AnyCPU\Vssf.Sdk\MS.TF.Framework.Server.L0.Tests\MS.TF.Framework.Server.L0.Tests.dll" adapterTypeName="Microsoft.VisualStudio.TestTools.TestTypes.Unit.UnitTestAdapter" className="MS.TF.Framework.Server.L0.Tests.Contributions.FrameworkContributionServiceTests" name="FrameworkContributionService_should_return_extension_for_known_id" />
    </UnitTest>
    <UnitTest name="FrameworkContributionService_should_return_no_scopes_for_null_extension" storage="d:\v2.0\a1\_work\dbded102\bin\release.anycpu\vssf.sdk\ms.tf.framework.server.l0.tests\ms.tf.framework.server.l0.tests.dll" id="72f46df3-aa80-965a-eb14-076a7c1593f7">
      <Execution id="045a2678-1970-4b98-8e02-9c21cf1498a8" />
      <TestMethod codeBase="D:\v2.0\A1\_work\dbded102\bin\Release.AnyCPU\Vssf.Sdk\MS.TF.Framework.Server.L0.Tests\MS.TF.Framework.Server.L0.Tests.dll" adapterTypeName="Microsoft.VisualStudio.TestTools.TestTypes.Unit.UnitTestAdapter" className="MS.TF.Framework.Server.L0.Tests.Contributions.FrameworkContributionServiceTests" name="FrameworkContributionService_should_return_no_scopes_for_null_extension" />
    </UnitTest>
    <UnitTest name="FrameworkContributionService_should_return_no_scopes_for_extension_with_null_scopes" storage="d:\v2.0\a1\_work\dbded102\bin\release.anycpu\vssf.sdk\ms.tf.framework.server.l0.tests\ms.tf.framework.server.l0.tests.dll" id="42681dc6-d2e6-bbce-8c22-29bae81b8459">
      <Execution id="f0a9e541-1b0b-4a08-bbed-696e51b79089" />
      <TestMethod codeBase="D:\v2.0\A1\_work\dbded102\bin\Release.AnyCPU\Vssf.Sdk\MS.TF.Framework.Server.L0.Tests\MS.TF.Framework.Server.L0.Tests.dll" adapterTypeName="Microsoft.VisualStudio.TestTools.TestTypes.Unit.UnitTestAdapter" className="MS.TF.Framework.Server.L0.Tests.Contributions.FrameworkContributionServiceTests" name="FrameworkContributionService_should_return_no_scopes_for_extension_with_null_scopes" />
    </UnitTest>
    <UnitTest name="FrameworkContributionService_should_return_no_scopes_for_extension_with_no_scopes" storage="d:\v2.0\a1\_work\dbded102\bin\release.anycpu\vssf.sdk\ms.tf.framework.server.l0.tests\ms.tf.framework.server.l0.tests.dll" id="6fc353d3-01fe-f430-6c8c-e98e27338efc">
      <Execution id="a027cd1a-6427-4d3a-b064-c7f0b0cdab23" />
      <TestMethod codeBase="D:\v2.0\A1\_work\dbded102\bin\Release.AnyCPU\Vssf.Sdk\MS.TF.Framework.Server.L0.Tests\MS.TF.Framework.Server.L0.Tests.dll" adapterTypeName="Microsoft.VisualStudio.TestTools.TestTypes.Unit.UnitTestAdapter" className="MS.TF.Framework.Server.L0.Tests.Contributions.FrameworkContributionServiceTests" name="FrameworkContributionService_should_return_no_scopes_for_extension_with_no_scopes" />
    </UnitTest>
    <UnitTest name="FrameworkContributionService_should_return_no_scopes_for_invalid_scope" storage="d:\v2.0\a1\_work\dbded102\bin\release.anycpu\vssf.sdk\ms.tf.framework.server.l0.tests\ms.tf.framework.server.l0.tests.dll" id="6ae3b2ca-7efd-7cfa-60e4-09202603b584">
      <Execution id="8a978dd9-b245-4a50-a8bd-1285826b83db" />
      <TestMethod codeBase="D:\v2.0\A1\_work\dbded102\bin\Release.AnyCPU\Vssf.Sdk\MS.TF.Framework.Server.L0.Tests\MS.TF.Framework.Server.L0.Tests.dll" adapterTypeName="Microsoft.VisualStudio.TestTools.TestTypes.Unit.UnitTestAdapter" className="MS.TF.Framework.Server.L0.Tests.Contributions.FrameworkContributionServiceTests" name="FrameworkContributionService_should_return_no_scopes_for_invalid_scope" />
    </UnitTest>
    <UnitTest name="FrameworkContributionService_should_return_scope_for_extension" storage="d:\v2.0\a1\_work\dbded102\bin\release.anycpu\vssf.sdk\ms.tf.framework.server.l0.tests\ms.tf.framework.server.l0.tests.dll" id="99eb17ef-c54b-0103-e4ed-d67d23002ceb">
      <Execution id="9a5f05ba-b94f-43e6-bf83-0857447c6400" />
      <TestMethod codeBase="D:\v2.0\A1\_work\dbded102\bin\Release.AnyCPU\Vssf.Sdk\MS.TF.Framework.Server.L0.Tests\MS.TF.Framework.Server.L0.Tests.dll" adapterTypeName="Microsoft.VisualStudio.TestTools.TestTypes.Unit.UnitTestAdapter" className="MS.TF.Framework.Server.L0.Tests.Contributions.FrameworkContributionServiceTests" name="FrameworkContributionService_should_return_scope_for_extension" />
    </UnitTest>
    <UnitTest name="FrameworkContributionService_should_return_scope_for_extension_case_insensitive" storage="d:\v2.0\a1\_work\dbded102\bin\release.anycpu\vssf.sdk\ms.tf.framework.server.l0.tests\ms.tf.framework.server.l0.tests.dll" id="e724e6f0-f7fd-9671-8fc3-339d5f90d7dc">
      <Execution id="5925d603-ca86-4eee-82e2-859de4e7167a" />
      <TestMethod codeBase="D:\v2.0\A1\_work\dbded102\bin\Release.AnyCPU\Vssf.Sdk\MS.TF.Framework.Server.L0.Tests\MS.TF.Framework.Server.L0.Tests.dll" adapterTypeName="Microsoft.VisualStudio.TestTools.TestTypes.Unit.UnitTestAdapter" className="MS.TF.Framework.Server.L0.Tests.Contributions.FrameworkContributionServiceTests" name="FrameworkContributionService_should_return_scope_for_extension_case_insensitive" />
    </UnitTest>
    <UnitTest name="FrameworkContributionService_should_return__multiple_scopes_for_extension_sorted_by_title" storage="d:\v2.0\a1\_work\dbded102\bin\release.anycpu\vssf.sdk\ms.tf.framework.server.l0.tests\ms.tf.framework.server.l0.tests.dll" id="e13136de-834e-38ea-5b8d-8e14348d659f">
      <Execution id="e654cd30-520a-4ca8-9a67-548952f18080" />
      <TestMethod codeBase="D:\v2.0\A1\_work\dbded102\bin\Release.AnyCPU\Vssf.Sdk\MS.TF.Framework.Server.L0.Tests\MS.TF.Framework.Server.L0.Tests.dll" adapterTypeName="Microsoft.VisualStudio.TestTools.TestTypes.Unit.UnitTestAdapter" className="MS.TF.Framework.Server.L0.Tests.Contributions.FrameworkContributionServiceTests" name="FrameworkContributionService_should_return__multiple_scopes_for_extension_sorted_by_title" />
    </UnitTest>
    <UnitTest name="SerializationOfAccountEntitlementsClaim_DoesNotFail_ForAnyCulture" storage="d:\v2.0\a1\_work\dbded102\bin\release.anycpu\vssf.sdk\ms.tf.framework.server.l0.tests\ms.tf.framework.server.l0.tests.dll" id="ef186c94-bf7a-393d-63a2-f3be1114330e">
      <Owners>
        <Owner name="vscsauthztest" />
      </Owners>
      <Execution id="1ade7538-35d8-4867-b299-3ef4547d1fe5" />
      <TestMethod codeBase="D:\v2.0\A1\_work\dbded102\bin\Release.AnyCPU\Vssf.Sdk\MS.TF.Framework.Server.L0.Tests\MS.TF.Framework.Server.L0.Tests.dll" adapterTypeName="Microsoft.VisualStudio.TestTools.TestTypes.Unit.UnitTestAdapter" className="MS.TF.Framework.Server.L0.Tests.Compliance.AccountEntitlementsClaimSerializationTests" name="SerializationOfAccountEntitlementsClaim_DoesNotFail_ForAnyCulture" />
    </UnitTest>
    <UnitTest name="ValidateAccountRights_FailsOpen_WhenTooManyErrorsOccur" storage="d:\v2.0\a1\_work\dbded102\bin\release.anycpu\vssf.sdk\ms.tf.framework.server.l0.tests\ms.tf.framework.server.l0.tests.dll" id="9ec55eff-fe92-bfa9-450b-f3ce5c80284a">
      <Owners>
        <Owner name="vscsauthztest" />
      </Owners>
      <Execution id="8df94302-445e-4e41-a05c-d8bd0a1a5091" />
      <TestMethod codeBase="D:\v2.0\A1\_work\dbded102\bin\Release.AnyCPU\Vssf.Sdk\MS.TF.Framework.Server.L0.Tests\MS.TF.Framework.Server.L0.Tests.dll" adapterTypeName="Microsoft.VisualStudio.TestTools.TestTypes.Unit.UnitTestAdapter" className="MS.TF.Framework.Server.L0.Tests.Compliance.FrameworkComplianceServiceTests" name="ValidateAccountRights_FailsOpen_WhenTooManyErrorsOccur" />
    </UnitTest>
    <UnitTest name="ValidateAccountRights_FailsOpen_WhenTooManyRequestsTimeout" storage="d:\v2.0\a1\_work\dbded102\bin\release.anycpu\vssf.sdk\ms.tf.framework.server.l0.tests\ms.tf.framework.server.l0.tests.dll" id="571372ec-cd10-0eca-339b-387287dfb97a">
      <Owners>
        <Owner name="vscsauthztest" />
      </Owners>
      <Execution id="e40ae88a-7df5-4ef9-af9e-0905b12a4bb1" />
      <TestMethod codeBase="D:\v2.0\A1\_work\dbded102\bin\Release.AnyCPU\Vssf.Sdk\MS.TF.Framework.Server.L0.Tests\MS.TF.Framework.Server.L0.Tests.dll" adapterTypeName="Microsoft.VisualStudio.TestTools.TestTypes.Unit.UnitTestAdapter" className="MS.TF.Framework.Server.L0.Tests.Compliance.FrameworkComplianceServiceTests" name="ValidateAccountRights_FailsOpen_WhenTooManyRequestsTimeout" />
    </UnitTest>
    <UnitTest name="GetDefaultLocation_should_return_current_access_mapping_from_request_context" storage="d:\v2.0\a1\_work\dbded102\bin\release.anycpu\vssf.sdk\ms.tf.framework.server.l0.tests\ms.tf.framework.server.l0.tests.dll" id="7ad38f56-f78e-67ee-23e1-69144071829a">
      <Execution id="a3b56a13-efb3-4fc1-91bd-070a3d417ea1" />
      <TestMethod codeBase="D:\v2.0\A1\_work\dbded102\bin\Release.AnyCPU\Vssf.Sdk\MS.TF.Framework.Server.L0.Tests\MS.TF.Framework.Server.L0.Tests.dll" adapterTypeName="Microsoft.VisualStudio.TestTools.TestTypes.Unit.UnitTestAdapter" className="MS.TF.Framework.Server.L0.Tests.Compliance.SecureFlowLocationTests" name="GetDefaultLocation_should_return_current_access_mapping_from_request_context" />
    </UnitTest>
    <UnitTest name="SetHostToDefault_should_set_authority_of_location_to_default_location" storage="d:\v2.0\a1\_work\dbded102\bin\release.anycpu\vssf.sdk\ms.tf.framework.server.l0.tests\ms.tf.framework.server.l0.tests.dll" id="c33ba110-3bf7-f449-618a-93844f83a847">
      <Execution id="ac134e99-3d24-4bed-8122-6e08b2f33697" />
      <TestMethod codeBase="D:\v2.0\A1\_work\dbded102\bin\Release.AnyCPU\Vssf.Sdk\MS.TF.Framework.Server.L0.Tests\MS.TF.Framework.Server.L0.Tests.dll" adapterTypeName="Microsoft.VisualStudio.TestTools.TestTypes.Unit.UnitTestAdapter" className="MS.TF.Framework.Server.L0.Tests.Compliance.SecureFlowLocationTests" name="SetHostToDefault_should_set_authority_of_location_to_default_location" />
    </UnitTest>
    <UnitTest name="TryCreate_string_should_return_invalid_location_when_location_is_relative" storage="d:\v2.0\a1\_work\dbded102\bin\release.anycpu\vssf.sdk\ms.tf.framework.server.l0.tests\ms.tf.framework.server.l0.tests.dll" id="fb8e147b-abfe-eacb-04be-a5e9b4b38317">
      <Execution id="6b08d80c-d651-4f58-a3ec-8e6d4bfc2156" />
      <TestMethod codeBase="D:\v2.0\A1\_work\dbded102\bin\Release.AnyCPU\Vssf.Sdk\MS.TF.Framework.Server.L0.Tests\MS.TF.Framework.Server.L0.Tests.dll" adapterTypeName="Microsoft.VisualStudio.TestTools.TestTypes.Unit.UnitTestAdapter" className="MS.TF.Framework.Server.L0.Tests.Compliance.SecureFlowLocationTests" name="TryCreate_string_should_return_invalid_location_when_location_is_relative" />
    </UnitTest>
    <UnitTest name="TryCreate_should_return_invalid_location_when_location_scheme_is_not_supported" storage="d:\v2.0\a1\_work\dbded102\bin\release.anycpu\vssf.sdk\ms.tf.framework.server.l0.tests\ms.tf.framework.server.l0.tests.dll" id="516b00e1-9f58-e2e6-0869-a687a126414a">
      <Execution id="0e7a39ca-1e29-44d6-b60c-bb55e3d09417" />
      <TestMethod codeBase="D:\v2.0\A1\_work\dbded102\bin\Release.AnyCPU\Vssf.Sdk\MS.TF.Framework.Server.L0.Tests\MS.TF.Framework.Server.L0.Tests.dll" adapterTypeName="Microsoft.VisualStudio.TestTools.TestTypes.Unit.UnitTestAdapter" className="MS.TF.Framework.Server.L0.Tests.Compliance.SecureFlowLocationTests" name="TryCreate_should_return_invalid_location_when_location_scheme_is_not_supported" />
    </UnitTest>
    <UnitTest name="TryCreate_should_return_valid_location_when_all_locations_are_registered" storage="d:\v2.0\a1\_work\dbded102\bin\release.anycpu\vssf.sdk\ms.tf.framework.server.l0.tests\ms.tf.framework.server.l0.tests.dll" id="e59bbc07-7510-ed6e-0434-907bc1a598db">
      <Execution id="089b416f-ea62-4f0f-9e6e-4c1fe4d7cd9f" />
      <TestMethod codeBase="D:\v2.0\A1\_work\dbded102\bin\Release.AnyCPU\Vssf.Sdk\MS.TF.Framework.Server.L0.Tests\MS.TF.Framework.Server.L0.Tests.dll" adapterTypeName="Microsoft.VisualStudio.TestTools.TestTypes.Unit.UnitTestAdapter" className="MS.TF.Framework.Server.L0.Tests.Compliance.SecureFlowLocationTests" name="TryCreate_should_return_valid_location_when_all_locations_are_registered" />
    </UnitTest>
    <UnitTest name="TryCreate_should_parse_and_set_next_location_chain_when_all_locations_are_registered" storage="d:\v2.0\a1\_work\dbded102\bin\release.anycpu\vssf.sdk\ms.tf.framework.server.l0.tests\ms.tf.framework.server.l0.tests.dll" id="3aed2112-5558-59fc-bf58-9f46d644390d">
      <Execution id="d78197ae-e274-4ecb-8274-786f805a69a1" />
      <TestMethod codeBase="D:\v2.0\A1\_work\dbded102\bin\Release.AnyCPU\Vssf.Sdk\MS.TF.Framework.Server.L0.Tests\MS.TF.Framework.Server.L0.Tests.dll" adapterTypeName="Microsoft.VisualStudio.TestTools.TestTypes.Unit.UnitTestAdapter" className="MS.TF.Framework.Server.L0.Tests.Compliance.SecureFlowLocationTests" name="TryCreate_should_parse_and_set_next_location_chain_when_all_locations_are_registered" />
    </UnitTest>
    <UnitTest name="TryCreate_should_return_unregistered_next_location_when_any_next_location_in_chain_is_unregistered" storage="d:\v2.0\a1\_work\dbded102\bin\release.anycpu\vssf.sdk\ms.tf.framework.server.l0.tests\ms.tf.framework.server.l0.tests.dll" id="1e2e352f-2591-fab6-86d9-2bb2b7d57058">
      <Execution id="306d11aa-438f-41ff-bc67-f0a6dabb462f" />
      <TestMethod codeBase="D:\v2.0\A1\_work\dbded102\bin\Release.AnyCPU\Vssf.Sdk\MS.TF.Framework.Server.L0.Tests\MS.TF.Framework.Server.L0.Tests.dll" adapterTypeName="Microsoft.VisualStudio.TestTools.TestTypes.Unit.UnitTestAdapter" className="MS.TF.Framework.Server.L0.Tests.Compliance.SecureFlowLocationTests" name="TryCreate_should_return_unregistered_next_location_when_any_next_location_in_chain_is_unregistered" />
    </UnitTest>
    <UnitTest name="TryCreate_should_replace_next_location_with_default_location_when_any_next_location_is_unregistered" storage="d:\v2.0\a1\_work\dbded102\bin\release.anycpu\vssf.sdk\ms.tf.framework.server.l0.tests\ms.tf.framework.server.l0.tests.dll" id="0e107d47-0915-f033-32d9-026912ac8c26">
      <Execution id="03e07cb1-f3ae-46ef-b608-cc376266cdeb" />
      <TestMethod codeBase="D:\v2.0\A1\_work\dbded102\bin\Release.AnyCPU\Vssf.Sdk\MS.TF.Framework.Server.L0.Tests\MS.TF.Framework.Server.L0.Tests.dll" adapterTypeName="Microsoft.VisualStudio.TestTools.TestTypes.Unit.UnitTestAdapter" className="MS.TF.Framework.Server.L0.Tests.Compliance.SecureFlowLocationTests" name="TryCreate_should_replace_next_location_with_default_location_when_any_next_location_is_unregistered" />
    </UnitTest>
    <UnitTest name="ForceCreateInsecure_should_succeed_when_the_root_URL_is_unregistered" storage="d:\v2.0\a1\_work\dbded102\bin\release.anycpu\vssf.sdk\ms.tf.framework.server.l0.tests\ms.tf.framework.server.l0.tests.dll" id="cdef58f1-5c5b-2bb0-e3f2-67c15b8d57c1">
      <Execution id="a94b7dbf-198b-488a-a64b-e3aa102f196a" />
      <TestMethod codeBase="D:\v2.0\A1\_work\dbded102\bin\Release.AnyCPU\Vssf.Sdk\MS.TF.Framework.Server.L0.Tests\MS.TF.Framework.Server.L0.Tests.dll" adapterTypeName="Microsoft.VisualStudio.TestTools.TestTypes.Unit.UnitTestAdapter" className="MS.TF.Framework.Server.L0.Tests.Compliance.SecureFlowLocationTests" name="ForceCreateInsecure_should_succeed_when_the_root_URL_is_unregistered" />
    </UnitTest>
    <UnitTest name="ForceCreateInsecure_should_parse_the_chain_when_the_next_locations_are_registered" storage="d:\v2.0\a1\_work\dbded102\bin\release.anycpu\vssf.sdk\ms.tf.framework.server.l0.tests\ms.tf.framework.server.l0.tests.dll" id="6a1124fc-0403-4242-f05e-50a49e5de507">
      <Execution id="936b05b5-1543-459b-8473-b780aba0f256" />
      <TestMethod codeBase="D:\v2.0\A1\_work\dbded102\bin\Release.AnyCPU\Vssf.Sdk\MS.TF.Framework.Server.L0.Tests\MS.TF.Framework.Server.L0.Tests.dll" adapterTypeName="Microsoft.VisualStudio.TestTools.TestTypes.Unit.UnitTestAdapter" className="MS.TF.Framework.Server.L0.Tests.Compliance.SecureFlowLocationTests" name="ForceCreateInsecure_should_parse_the_chain_when_the_next_locations_are_registered" />
    </UnitTest>
    <UnitTest name="ForceCreateInsecure_should_replace_next_location_with_default_location_when_any_next_location_is_unregistered" storage="d:\v2.0\a1\_work\dbded102\bin\release.anycpu\vssf.sdk\ms.tf.framework.server.l0.tests\ms.tf.framework.server.l0.tests.dll" id="8ac61560-3289-2a4b-2f02-39342634dd20">
      <Execution id="23aa79c3-677b-4c97-a1d5-7ddf28734d85" />
      <TestMethod codeBase="D:\v2.0\A1\_work\dbded102\bin\Release.AnyCPU\Vssf.Sdk\MS.TF.Framework.Server.L0.Tests\MS.TF.Framework.Server.L0.Tests.dll" adapterTypeName="Microsoft.VisualStudio.TestTools.TestTypes.Unit.UnitTestAdapter" className="MS.TF.Framework.Server.L0.Tests.Compliance.SecureFlowLocationTests" name="ForceCreateInsecure_should_replace_next_location_with_default_location_when_any_next_location_is_unregistered" />
    </UnitTest>
    <UnitTest name="SafeCatalog_CanGetExportsFromNormalAssembly" storage="d:\v2.0\a1\_work\dbded102\bin\release.anycpu\vssf.sdk\ms.tf.framework.server.l0.tests\ms.tf.framework.server.l0.tests.dll" id="68607795-0a8b-2576-e5e8-153133df05dc">
      <Execution id="841e002f-9c87-4f93-b7b3-a844e3bca0e1" />
      <TestMethod codeBase="D:\v2.0\A1\_work\dbded102\bin\Release.AnyCPU\Vssf.Sdk\MS.TF.Framework.Server.L0.Tests\MS.TF.Framework.Server.L0.Tests.dll" adapterTypeName="Microsoft.VisualStudio.TestTools.TestTypes.Unit.UnitTestAdapter" className="MS.TF.Framework.Server.L0.Tests.Common.SafeCatalogTests" name="SafeCatalog_CanGetExportsFromNormalAssembly" />
    </UnitTest>
    <UnitTest name="SafeCatalog_CanGetExportsWhenOtherBaseTypeUnresolvable" storage="d:\v2.0\a1\_work\dbded102\bin\release.anycpu\vssf.sdk\ms.tf.framework.server.l0.tests\ms.tf.framework.server.l0.tests.dll" id="f0b6393d-428a-27c0-0e22-fd4739b38a3b">
      <Execution id="43716fd1-50b7-4c6a-948b-5a496d26cfa6" />
      <TestMethod codeBase="D:\v2.0\A1\_work\dbded102\bin\Release.AnyCPU\Vssf.Sdk\MS.TF.Framework.Server.L0.Tests\MS.TF.Framework.Server.L0.Tests.dll" adapterTypeName="Microsoft.VisualStudio.TestTools.TestTypes.Unit.UnitTestAdapter" className="MS.TF.Framework.Server.L0.Tests.Common.SafeCatalogTests" name="SafeCatalog_CanGetExportsWhenOtherBaseTypeUnresolvable" />
    </UnitTest>
    <UnitTest name="SafeCatalog_CanGetExportsWhenOtherAttributeUnresolvable" storage="d:\v2.0\a1\_work\dbded102\bin\release.anycpu\vssf.sdk\ms.tf.framework.server.l0.tests\ms.tf.framework.server.l0.tests.dll" id="8a8fcea6-f079-37a3-ab99-289ea7c74990">
      <Execution id="681728c3-b0c9-4c48-b41a-c6dc67935c34" />
      <TestMethod codeBase="D:\v2.0\A1\_work\dbded102\bin\Release.AnyCPU\Vssf.Sdk\MS.TF.Framework.Server.L0.Tests\MS.TF.Framework.Server.L0.Tests.dll" adapterTypeName="Microsoft.VisualStudio.TestTools.TestTypes.Unit.UnitTestAdapter" className="MS.TF.Framework.Server.L0.Tests.Common.SafeCatalogTests" name="SafeCatalog_CanGetExportsWhenOtherAttributeUnresolvable" />
    </UnitTest>
    <UnitTest name="DatabaseToUserPath_RemovesTrailingSlash_BehindDirectory" storage="d:\v2.0\a1\_work\dbded102\bin\release.anycpu\vssf.sdk\ms.tf.framework.server.l0.tests\ms.tf.framework.server.l0.tests.dll" id="cc16f67b-c552-02fc-e7f6-f1e49adede96">
      <Execution id="3483e67e-a53c-42e5-b07e-b4150034a082" />
      <TestMethod codeBase="D:\v2.0\A1\_work\dbded102\bin\Release.AnyCPU\Vssf.Sdk\MS.TF.Framework.Server.L0.Tests\MS.TF.Framework.Server.L0.Tests.dll" adapterTypeName="Microsoft.VisualStudio.TestTools.TestTypes.Unit.UnitTestAdapter" className="MS.TF.Framework.Server.L0.Tests.Common.DBPathTests" name="DatabaseToUserPath_RemovesTrailingSlash_BehindDirectory" />
    </UnitTest>
    <UnitTest name="DatabaseToUserPath_RemovesTrailingSlash_BehindMachineName" storage="d:\v2.0\a1\_work\dbded102\bin\release.anycpu\vssf.sdk\ms.tf.framework.server.l0.tests\ms.tf.framework.server.l0.tests.dll" id="6ee3bc42-00a5-7623-1b53-72bcb92004e5">
      <Execution id="9d05f386-82b1-48ba-831f-d762f91160f5" />
      <TestMethod codeBase="D:\v2.0\A1\_work\dbded102\bin\Release.AnyCPU\Vssf.Sdk\MS.TF.Framework.Server.L0.Tests\MS.TF.Framework.Server.L0.Tests.dll" adapterTypeName="Microsoft.VisualStudio.TestTools.TestTypes.Unit.UnitTestAdapter" className="MS.TF.Framework.Server.L0.Tests.Common.DBPathTests" name="DatabaseToUserPath_RemovesTrailingSlash_BehindMachineName" />
    </UnitTest>
    <UnitTest name="DatabaseToUserPath_DoesNotRemovTrailingSlash_BehindRoot" storage="d:\v2.0\a1\_work\dbded102\bin\release.anycpu\vssf.sdk\ms.tf.framework.server.l0.tests\ms.tf.framework.server.l0.tests.dll" id="887599b8-5ebc-d51b-c126-cccb5a64e38c">
      <Execution id="44dfc2d2-a5ba-4100-b617-6427b028002f" />
      <TestMethod codeBase="D:\v2.0\A1\_work\dbded102\bin\Release.AnyCPU\Vssf.Sdk\MS.TF.Framework.Server.L0.Tests\MS.TF.Framework.Server.L0.Tests.dll" adapterTypeName="Microsoft.VisualStudio.TestTools.TestTypes.Unit.UnitTestAdapter" className="MS.TF.Framework.Server.L0.Tests.Common.DBPathTests" name="DatabaseToUserPath_DoesNotRemovTrailingSlash_BehindRoot" />
    </UnitTest>
    <UnitTest name="DeploymentMemoryCacheProxy_ServiceStart_should_throw_unexpected_host_type_when_host_type_is_not_application" storage="d:\v2.0\a1\_work\dbded102\bin\release.anycpu\vssf.sdk\ms.tf.framework.server.l0.tests\ms.tf.framework.server.l0.tests.dll" id="20fbe588-4546-a59f-e0e9-909ea67e3667">
      <Execution id="83e6049b-a531-4550-8668-8527c611d71e" />
      <TestMethod codeBase="D:\v2.0\A1\_work\dbded102\bin\Release.AnyCPU\Vssf.Sdk\MS.TF.Framework.Server.L0.Tests\MS.TF.Framework.Server.L0.Tests.dll" adapterTypeName="Microsoft.VisualStudio.TestTools.TestTypes.Unit.UnitTestAdapter" className="MS.TF.Framework.Server.L0.Tests.Caching.DeploymentMemoryCacheProxyTests" name="DeploymentMemoryCacheProxy_ServiceStart_should_throw_unexpected_host_type_when_host_type_is_not_application" />
    </UnitTest>
    <UnitTest name="DeploymentMemoryCacheProxy_ServiceStart_should_set_cache_container_as_memory_cache_from_deploymenr" storage="d:\v2.0\a1\_work\dbded102\bin\release.anycpu\vssf.sdk\ms.tf.framework.server.l0.tests\ms.tf.framework.server.l0.tests.dll" id="a96f065b-808d-94f3-d139-e9135bad420a">
      <Execution id="7e5cdcb9-2049-49be-8ff9-147cec4f6217" />
      <TestMethod codeBase="D:\v2.0\A1\_work\dbded102\bin\Release.AnyCPU\Vssf.Sdk\MS.TF.Framework.Server.L0.Tests\MS.TF.Framework.Server.L0.Tests.dll" adapterTypeName="Microsoft.VisualStudio.TestTools.TestTypes.Unit.UnitTestAdapter" className="MS.TF.Framework.Server.L0.Tests.Caching.DeploymentMemoryCacheProxyTests" name="DeploymentMemoryCacheProxy_ServiceStart_should_set_cache_container_as_memory_cache_from_deploymenr" />
    </UnitTest>
    <UnitTest name="DeploymentMemoryCacheProxy_BuildCacheKey_should_build_key_for_host_id" storage="d:\v2.0\a1\_work\dbded102\bin\release.anycpu\vssf.sdk\ms.tf.framework.server.l0.tests\ms.tf.framework.server.l0.tests.dll" id="ce431629-0650-834a-afff-42da739f826b">
      <Execution id="e0a0058d-7e22-4303-af09-8395477d260c" />
      <TestMethod codeBase="D:\v2.0\A1\_work\dbded102\bin\Release.AnyCPU\Vssf.Sdk\MS.TF.Framework.Server.L0.Tests\MS.TF.Framework.Server.L0.Tests.dll" adapterTypeName="Microsoft.VisualStudio.TestTools.TestTypes.Unit.UnitTestAdapter" className="MS.TF.Framework.Server.L0.Tests.Caching.DeploymentMemoryCacheProxyTests" name="DeploymentMemoryCacheProxy_BuildCacheKey_should_build_key_for_host_id" />
    </UnitTest>
    <UnitTest name="DeploymentMemoryCache_ServiceStart_should_throw_unexpected_host_exception_when_service_host_type_is_not_deployment" storage="d:\v2.0\a1\_work\dbded102\bin\release.anycpu\vssf.sdk\ms.tf.framework.server.l0.tests\ms.tf.framework.server.l0.tests.dll" id="e0f9fe02-f988-4a56-8941-9b9a739311f0">
      <Execution id="b9ed5c9c-5289-4dc1-ae3e-a025784e47be" />
      <TestMethod codeBase="D:\v2.0\A1\_work\dbded102\bin\Release.AnyCPU\Vssf.Sdk\MS.TF.Framework.Server.L0.Tests\MS.TF.Framework.Server.L0.Tests.dll" adapterTypeName="Microsoft.VisualStudio.TestTools.TestTypes.Unit.UnitTestAdapter" className="MS.TF.Framework.Server.L0.Tests.Caching.DeploymentMemoryCacheTests" name="DeploymentMemoryCache_ServiceStart_should_throw_unexpected_host_exception_when_service_host_type_is_not_deployment" />
    </UnitTest>
    <UnitTest name="DeploymentMemoryCache_ServiceStart_should_initialize_cache_container" storage="d:\v2.0\a1\_work\dbded102\bin\release.anycpu\vssf.sdk\ms.tf.framework.server.l0.tests\ms.tf.framework.server.l0.tests.dll" id="85cb4582-ab1e-7106-3474-a40b2a3d0350">
      <Execution id="b975ef86-7469-4f1a-a98f-f7a972c11027" />
      <TestMethod codeBase="D:\v2.0\A1\_work\dbded102\bin\Release.AnyCPU\Vssf.Sdk\MS.TF.Framework.Server.L0.Tests\MS.TF.Framework.Server.L0.Tests.dll" adapterTypeName="Microsoft.VisualStudio.TestTools.TestTypes.Unit.UnitTestAdapter" className="MS.TF.Framework.Server.L0.Tests.Caching.DeploymentMemoryCacheTests" name="DeploymentMemoryCache_ServiceStart_should_initialize_cache_container" />
    </UnitTest>
    <UnitTest name="CacheGroupingMaintainsReverseMapping" storage="d:\v2.0\a1\_work\dbded102\bin\release.anycpu\vssf.sdk\ms.tf.framework.server.l0.tests\ms.tf.framework.server.l0.tests.dll" priority="1" id="38fbb055-643f-cb6b-716a-5ed16d2e6701">
      <Owners>
        <Owner name="paveli" />
      </Owners>
      <Execution id="0336e4ec-2a72-44b3-aef2-0e0076e7c904" />
      <TestMethod codeBase="D:\v2.0\A1\_work\dbded102\bin\Release.AnyCPU\Vssf.Sdk\MS.TF.Framework.Server.L0.Tests\MS.TF.Framework.Server.L0.Tests.dll" adapterTypeName="Microsoft.VisualStudio.TestTools.TestTypes.Unit.UnitTestAdapter" className="MS.TF.Framework.Server.L0.Tests.Caching.VssMemoryCacheGroupingTests" name="CacheGroupingMaintainsReverseMapping" />
    </UnitTest>
    <UnitTest name="CacheGroupingSupportsManyToManyMapping" storage="d:\v2.0\a1\_work\dbded102\bin\release.anycpu\vssf.sdk\ms.tf.framework.server.l0.tests\ms.tf.framework.server.l0.tests.dll" priority="1" id="09415ade-bcc4-2404-3299-90966ab5635c">
      <Owners>
        <Owner name="paveli" />
      </Owners>
      <Execution id="21388e18-9440-4a7a-bbb4-f2cffcff8575" />
      <TestMethod codeBase="D:\v2.0\A1\_work\dbded102\bin\Release.AnyCPU\Vssf.Sdk\MS.TF.Framework.Server.L0.Tests\MS.TF.Framework.Server.L0.Tests.dll" adapterTypeName="Microsoft.VisualStudio.TestTools.TestTypes.Unit.UnitTestAdapter" className="MS.TF.Framework.Server.L0.Tests.Caching.VssMemoryCacheGroupingTests" name="CacheGroupingSupportsManyToManyMapping" />
    </UnitTest>
    <UnitTest name="CacheGroupingMaintainsOneToOneMappingIfReplaceBehaviorIsPassed" storage="d:\v2.0\a1\_work\dbded102\bin\release.anycpu\vssf.sdk\ms.tf.framework.server.l0.tests\ms.tf.framework.server.l0.tests.dll" priority="1" id="866c3d65-66b6-f262-8482-4205b179f84d">
      <Owners>
        <Owner name="paveli" />
      </Owners>
      <Execution id="c6e532d2-2c1f-438b-b792-dbbff35fc612" />
      <TestMethod codeBase="D:\v2.0\A1\_work\dbded102\bin\Release.AnyCPU\Vssf.Sdk\MS.TF.Framework.Server.L0.Tests\MS.TF.Framework.Server.L0.Tests.dll" adapterTypeName="Microsoft.VisualStudio.TestTools.TestTypes.Unit.UnitTestAdapter" className="MS.TF.Framework.Server.L0.Tests.Caching.VssMemoryCacheGroupingTests" name="CacheGroupingMaintainsOneToOneMappingIfReplaceBehaviorIsPassed" />
    </UnitTest>
    <UnitTest name="MultipleGroupingAreSupportedOverSingleCache" storage="d:\v2.0\a1\_work\dbded102\bin\release.anycpu\vssf.sdk\ms.tf.framework.server.l0.tests\ms.tf.framework.server.l0.tests.dll" priority="1" id="58f07de7-6017-cced-3325-2242722c6405">
      <Owners>
        <Owner name="paveli" />
      </Owners>
      <Execution id="cfc3c300-bb82-4da9-a306-0ad11ca96b21" />
      <TestMethod codeBase="D:\v2.0\A1\_work\dbded102\bin\Release.AnyCPU\Vssf.Sdk\MS.TF.Framework.Server.L0.Tests\MS.TF.Framework.Server.L0.Tests.dll" adapterTypeName="Microsoft.VisualStudio.TestTools.TestTypes.Unit.UnitTestAdapter" className="MS.TF.Framework.Server.L0.Tests.Caching.VssMemoryCacheGroupingTests" name="MultipleGroupingAreSupportedOverSingleCache" />
    </UnitTest>
    <UnitTest name="CacheGroupingDelegateMayReturnNull" storage="d:\v2.0\a1\_work\dbded102\bin\release.anycpu\vssf.sdk\ms.tf.framework.server.l0.tests\ms.tf.framework.server.l0.tests.dll" priority="1" id="e6e34db3-945a-4fc7-52cd-6d4f4da7c5c0">
      <Owners>
        <Owner name="paveli" />
      </Owners>
      <Execution id="4cfa5d27-3955-4141-9a29-c70cffa46db5" />
      <TestMethod codeBase="D:\v2.0\A1\_work\dbded102\bin\Release.AnyCPU\Vssf.Sdk\MS.TF.Framework.Server.L0.Tests\MS.TF.Framework.Server.L0.Tests.dll" adapterTypeName="Microsoft.VisualStudio.TestTools.TestTypes.Unit.UnitTestAdapter" className="MS.TF.Framework.Server.L0.Tests.Caching.VssMemoryCacheGroupingTests" name="CacheGroupingDelegateMayReturnNull" />
    </UnitTest>
    <UnitTest name="SmokeTest" storage="d:\v2.0\a1\_work\dbded102\bin\release.anycpu\vssf.sdk\ms.tf.framework.server.l0.tests\ms.tf.framework.server.l0.tests.dll" priority="1" id="68b61e17-d94f-7735-f59d-c9bddbe1351e">
      <Owners>
        <Owner name="paveli" />
      </Owners>
      <Execution id="8c4a94bc-bf6f-4b14-a076-e5dc71a6182d" />
      <TestMethod codeBase="D:\v2.0\A1\_work\dbded102\bin\Release.AnyCPU\Vssf.Sdk\MS.TF.Framework.Server.L0.Tests\MS.TF.Framework.Server.L0.Tests.dll" adapterTypeName="Microsoft.VisualStudio.TestTools.TestTypes.Unit.UnitTestAdapter" className="MS.TF.Framework.Server.L0.Tests.Caching.VssMemoryCacheListTests" name="SmokeTest" />
    </UnitTest>
    <UnitTest name="TestBasicOperations" storage="d:\v2.0\a1\_work\dbded102\bin\release.anycpu\vssf.sdk\ms.tf.framework.server.l0.tests\ms.tf.framework.server.l0.tests.dll" priority="1" id="84715100-37c7-a5b6-3f03-a3a0319aecd2">
      <Owners>
        <Owner name="paveli" />
      </Owners>
      <Execution id="927e88b4-2040-4711-852a-a305a45204b7" />
      <TestMethod codeBase="D:\v2.0\A1\_work\dbded102\bin\Release.AnyCPU\Vssf.Sdk\MS.TF.Framework.Server.L0.Tests\MS.TF.Framework.Server.L0.Tests.dll" adapterTypeName="Microsoft.VisualStudio.TestTools.TestTypes.Unit.UnitTestAdapter" className="MS.TF.Framework.Server.L0.Tests.Caching.VssMemoryCacheListTests" name="TestBasicOperations" />
    </UnitTest>
    <UnitTest name="PolicyLimitsAmountOfElements" storage="d:\v2.0\a1\_work\dbded102\bin\release.anycpu\vssf.sdk\ms.tf.framework.server.l0.tests\ms.tf.framework.server.l0.tests.dll" priority="1" id="65f8e4ae-0e17-25fb-577a-33863716e3ec">
      <Owners>
        <Owner name="paveli" />
      </Owners>
      <Execution id="7d096b7e-af01-4c2d-b6a7-f90063f3327d" />
      <TestMethod codeBase="D:\v2.0\A1\_work\dbded102\bin\Release.AnyCPU\Vssf.Sdk\MS.TF.Framework.Server.L0.Tests\MS.TF.Framework.Server.L0.Tests.dll" adapterTypeName="Microsoft.VisualStudio.TestTools.TestTypes.Unit.UnitTestAdapter" className="MS.TF.Framework.Server.L0.Tests.Caching.VssMemoryCacheListTests" name="PolicyLimitsAmountOfElements" />
    </UnitTest>
    <UnitTest name="SizePolicyLimitsOverallMemoryFootprint" storage="d:\v2.0\a1\_work\dbded102\bin\release.anycpu\vssf.sdk\ms.tf.framework.server.l0.tests\ms.tf.framework.server.l0.tests.dll" priority="1" id="411ce627-1f57-f6c6-8b83-6632efc8d840">
      <Owners>
        <Owner name="paveli" />
      </Owners>
      <Execution id="c6ba8dcf-5143-4a6a-aaac-5669d78c31dc" />
      <TestMethod codeBase="D:\v2.0\A1\_work\dbded102\bin\Release.AnyCPU\Vssf.Sdk\MS.TF.Framework.Server.L0.Tests\MS.TF.Framework.Server.L0.Tests.dll" adapterTypeName="Microsoft.VisualStudio.TestTools.TestTypes.Unit.UnitTestAdapter" className="MS.TF.Framework.Server.L0.Tests.Caching.VssMemoryCacheListTests" name="SizePolicyLimitsOverallMemoryFootprint" />
    </UnitTest>
    <UnitTest name="LengthLimitIsEnforcedForEmptyCache" storage="d:\v2.0\a1\_work\dbded102\bin\release.anycpu\vssf.sdk\ms.tf.framework.server.l0.tests\ms.tf.framework.server.l0.tests.dll" priority="1" id="ebe0191f-b7be-4c06-c2fe-2785d3dbc1ef">
      <Owners>
        <Owner name="paveli" />
      </Owners>
      <Execution id="116fe0ff-94e3-4161-b7f8-fe4adca3e69b" />
      <TestMethod codeBase="D:\v2.0\A1\_work\dbded102\bin\Release.AnyCPU\Vssf.Sdk\MS.TF.Framework.Server.L0.Tests\MS.TF.Framework.Server.L0.Tests.dll" adapterTypeName="Microsoft.VisualStudio.TestTools.TestTypes.Unit.UnitTestAdapter" className="MS.TF.Framework.Server.L0.Tests.Caching.VssMemoryCacheListTests" name="LengthLimitIsEnforcedForEmptyCache" />
    </UnitTest>
    <UnitTest name="SizeLimitIsEnforcedForEmptyCache" storage="d:\v2.0\a1\_work\dbded102\bin\release.anycpu\vssf.sdk\ms.tf.framework.server.l0.tests\ms.tf.framework.server.l0.tests.dll" priority="1" id="162ac4ba-4057-e37c-85c7-0f775e640b51">
      <Owners>
        <Owner name="paveli" />
      </Owners>
      <Execution id="19b57382-9b6a-4b60-968e-023d6154eb84" />
      <TestMethod codeBase="D:\v2.0\A1\_work\dbded102\bin\Release.AnyCPU\Vssf.Sdk\MS.TF.Framework.Server.L0.Tests\MS.TF.Framework.Server.L0.Tests.dll" adapterTypeName="Microsoft.VisualStudio.TestTools.TestTypes.Unit.UnitTestAdapter" className="MS.TF.Framework.Server.L0.Tests.Caching.VssMemoryCacheListTests" name="SizeLimitIsEnforcedForEmptyCache" />
    </UnitTest>
    <UnitTest name="SizeProviderIsCalledOutsideTheLock" storage="d:\v2.0\a1\_work\dbded102\bin\release.anycpu\vssf.sdk\ms.tf.framework.server.l0.tests\ms.tf.framework.server.l0.tests.dll" priority="1" id="8f456c16-91d1-36bc-fc43-363b3afae3d8">
      <Owners>
        <Owner name="paveli" />
      </Owners>
      <Execution id="2b6bfc3f-d0a4-4a10-babb-127dda7389de" />
      <TestMethod codeBase="D:\v2.0\A1\_work\dbded102\bin\Release.AnyCPU\Vssf.Sdk\MS.TF.Framework.Server.L0.Tests\MS.TF.Framework.Server.L0.Tests.dll" adapterTypeName="Microsoft.VisualStudio.TestTools.TestTypes.Unit.UnitTestAdapter" className="MS.TF.Framework.Server.L0.Tests.Caching.VssMemoryCacheListTests" name="SizeProviderIsCalledOutsideTheLock" />
    </UnitTest>
    <UnitTest name="ExpiryProviderConstructorValidatesParameters" storage="d:\v2.0\a1\_work\dbded102\bin\release.anycpu\vssf.sdk\ms.tf.framework.server.l0.tests\ms.tf.framework.server.l0.tests.dll" priority="1" id="2a778fe3-3205-5710-429c-2944d2edb4c7">
      <Owners>
        <Owner name="paveli" />
      </Owners>
      <Execution id="6741adaa-d5a4-461f-9816-e9cfc7a864d8" />
      <TestMethod codeBase="D:\v2.0\A1\_work\dbded102\bin\Release.AnyCPU\Vssf.Sdk\MS.TF.Framework.Server.L0.Tests\MS.TF.Framework.Server.L0.Tests.dll" adapterTypeName="Microsoft.VisualStudio.TestTools.TestTypes.Unit.UnitTestAdapter" className="MS.TF.Framework.Server.L0.Tests.Caching.VssMemoryCacheListTests" name="ExpiryProviderConstructorValidatesParameters" />
    </UnitTest>
    <UnitTest name="ExpiryProviderAllowsDynamicExpirationDate" storage="d:\v2.0\a1\_work\dbded102\bin\release.anycpu\vssf.sdk\ms.tf.framework.server.l0.tests\ms.tf.framework.server.l0.tests.dll" priority="1" id="3f8fdb1f-2670-ed61-52c1-d18d577f0063">
      <Owners>
        <Owner name="paveli" />
      </Owners>
      <Execution id="d5be2bda-a568-478d-b71d-b787063cc515" />
      <TestMethod codeBase="D:\v2.0\A1\_work\dbded102\bin\Release.AnyCPU\Vssf.Sdk\MS.TF.Framework.Server.L0.Tests\MS.TF.Framework.Server.L0.Tests.dll" adapterTypeName="Microsoft.VisualStudio.TestTools.TestTypes.Unit.UnitTestAdapter" className="MS.TF.Framework.Server.L0.Tests.Caching.VssMemoryCacheListTests" name="ExpiryProviderAllowsDynamicExpirationDate" />
    </UnitTest>
    <UnitTest name="BasicExpiryTests" storage="d:\v2.0\a1\_work\dbded102\bin\release.anycpu\vssf.sdk\ms.tf.framework.server.l0.tests\ms.tf.framework.server.l0.tests.dll" priority="1" id="8700ea6a-1835-3d94-379b-a31a6c06374c">
      <Owners>
        <Owner name="paveli" />
      </Owners>
      <Execution id="c4e00306-30ba-4e9b-8378-9079571d9d64" />
      <TestMethod codeBase="D:\v2.0\A1\_work\dbded102\bin\Release.AnyCPU\Vssf.Sdk\MS.TF.Framework.Server.L0.Tests\MS.TF.Framework.Server.L0.Tests.dll" adapterTypeName="Microsoft.VisualStudio.TestTools.TestTypes.Unit.UnitTestAdapter" className="MS.TF.Framework.Server.L0.Tests.Caching.VssMemoryCacheListTests" name="BasicExpiryTests" />
    </UnitTest>
    <UnitTest name="ValidateDefaultTimestampUpdateRules" storage="d:\v2.0\a1\_work\dbded102\bin\release.anycpu\vssf.sdk\ms.tf.framework.server.l0.tests\ms.tf.framework.server.l0.tests.dll" priority="1" id="11368ae5-e54f-af0d-797f-88400728b77c">
      <Owners>
        <Owner name="paveli" />
      </Owners>
      <Execution id="425c1a83-7fe2-4440-a159-b276c8bb5ef8" />
      <TestMethod codeBase="D:\v2.0\A1\_work\dbded102\bin\Release.AnyCPU\Vssf.Sdk\MS.TF.Framework.Server.L0.Tests\MS.TF.Framework.Server.L0.Tests.dll" adapterTypeName="Microsoft.VisualStudio.TestTools.TestTypes.Unit.UnitTestAdapter" className="MS.TF.Framework.Server.L0.Tests.Caching.VssMemoryCacheListTests" name="ValidateDefaultTimestampUpdateRules" />
    </UnitTest>
    <UnitTest name="TestBasicOperations" storage="d:\v2.0\a1\_work\dbded102\bin\release.anycpu\vssf.sdk\ms.tf.framework.server.l0.tests\ms.tf.framework.server.l0.tests.dll" priority="1" id="da682c7b-6442-7c64-e017-a3cc852d9759">
      <Owners>
        <Owner name="paveli" />
      </Owners>
      <Execution id="12917faa-11ae-4e5a-93a0-ae14dec54b30" />
      <TestMethod codeBase="D:\v2.0\A1\_work\dbded102\bin\Release.AnyCPU\Vssf.Sdk\MS.TF.Framework.Server.L0.Tests\MS.TF.Framework.Server.L0.Tests.dll" adapterTypeName="Microsoft.VisualStudio.TestTools.TestTypes.Unit.UnitTestAdapter" className="MS.TF.Framework.Server.L0.Tests.Caching.VssMemoryCacheServiceTests" name="TestBasicOperations" />
    </UnitTest>
    <UnitTest name="CleanupTaskIsNotRegisteredWhenCleanupIntervalIsZero" storage="d:\v2.0\a1\_work\dbded102\bin\release.anycpu\vssf.sdk\ms.tf.framework.server.l0.tests\ms.tf.framework.server.l0.tests.dll" priority="1" id="8cab18f8-2d33-0233-df28-53ce592887ea">
      <Owners>
        <Owner name="paveli" />
      </Owners>
      <Execution id="1e221407-a273-4d93-8e83-4b627c018bf2" />
      <TestMethod codeBase="D:\v2.0\A1\_work\dbded102\bin\Release.AnyCPU\Vssf.Sdk\MS.TF.Framework.Server.L0.Tests\MS.TF.Framework.Server.L0.Tests.dll" adapterTypeName="Microsoft.VisualStudio.TestTools.TestTypes.Unit.UnitTestAdapter" className="MS.TF.Framework.Server.L0.Tests.Caching.VssMemoryCacheServiceTests" name="CleanupTaskIsNotRegisteredWhenCleanupIntervalIsZero" />
    </UnitTest>
    <UnitTest name="CleanupTaskIsRegisteredWhenCleanupIntervalIsNonZero" storage="d:\v2.0\a1\_work\dbded102\bin\release.anycpu\vssf.sdk\ms.tf.framework.server.l0.tests\ms.tf.framework.server.l0.tests.dll" priority="1" id="b36e88cd-e974-ae90-65c2-eab62b4a25f9">
      <Owners>
        <Owner name="paveli" />
      </Owners>
      <Execution id="b996702d-e4fc-4a0a-9535-f4eff5263876" />
      <TestMethod codeBase="D:\v2.0\A1\_work\dbded102\bin\Release.AnyCPU\Vssf.Sdk\MS.TF.Framework.Server.L0.Tests\MS.TF.Framework.Server.L0.Tests.dll" adapterTypeName="Microsoft.VisualStudio.TestTools.TestTypes.Unit.UnitTestAdapter" className="MS.TF.Framework.Server.L0.Tests.Caching.VssMemoryCacheServiceTests" name="CleanupTaskIsRegisteredWhenCleanupIntervalIsNonZero" />
    </UnitTest>
    <UnitTest name="CacheItemLifetimeMayBeControlledWithExpiryProperties" storage="d:\v2.0\a1\_work\dbded102\bin\release.anycpu\vssf.sdk\ms.tf.framework.server.l0.tests\ms.tf.framework.server.l0.tests.dll" priority="1" id="a502e728-5c28-4b61-e707-4a42967bd629">
      <Owners>
        <Owner name="paveli" />
      </Owners>
      <Execution id="e017f4de-8456-43c1-a12a-a32e47de0a26" />
      <TestMethod codeBase="D:\v2.0\A1\_work\dbded102\bin\Release.AnyCPU\Vssf.Sdk\MS.TF.Framework.Server.L0.Tests\MS.TF.Framework.Server.L0.Tests.dll" adapterTypeName="Microsoft.VisualStudio.TestTools.TestTypes.Unit.UnitTestAdapter" className="MS.TF.Framework.Server.L0.Tests.Caching.VssMemoryCacheServiceTests" name="CacheItemLifetimeMayBeControlledWithExpiryProperties" />
    </UnitTest>
    <UnitTest name="CacheIsInitializedUponServiceStart" storage="d:\v2.0\a1\_work\dbded102\bin\release.anycpu\vssf.sdk\ms.tf.framework.server.l0.tests\ms.tf.framework.server.l0.tests.dll" priority="1" id="ff825e49-9844-6460-f7d9-0e31c6bb65ea">
      <Owners>
        <Owner name="paveli" />
      </Owners>
      <Execution id="f8d77492-6a36-4f76-b64f-0d8a8a311b68" />
      <TestMethod codeBase="D:\v2.0\A1\_work\dbded102\bin\Release.AnyCPU\Vssf.Sdk\MS.TF.Framework.Server.L0.Tests\MS.TF.Framework.Server.L0.Tests.dll" adapterTypeName="Microsoft.VisualStudio.TestTools.TestTypes.Unit.UnitTestAdapter" className="MS.TF.Framework.Server.L0.Tests.Caching.VssVersionedCacheServiceTests" name="CacheIsInitializedUponServiceStart" />
    </UnitTest>
    <UnitTest name="ReadingFromWellFormedCacheProvidesProperCacheInstance" storage="d:\v2.0\a1\_work\dbded102\bin\release.anycpu\vssf.sdk\ms.tf.framework.server.l0.tests\ms.tf.framework.server.l0.tests.dll" priority="1" id="03412fe2-444b-63f0-1c5c-dafa6eb75458">
      <Owners>
        <Owner name="paveli" />
      </Owners>
      <Execution id="9e9fffa1-d73e-4e07-b754-3fe638093233" />
      <TestMethod codeBase="D:\v2.0\A1\_work\dbded102\bin\Release.AnyCPU\Vssf.Sdk\MS.TF.Framework.Server.L0.Tests\MS.TF.Framework.Server.L0.Tests.dll" adapterTypeName="Microsoft.VisualStudio.TestTools.TestTypes.Unit.UnitTestAdapter" className="MS.TF.Framework.Server.L0.Tests.Caching.VssVersionedCacheServiceTests" name="ReadingFromWellFormedCacheProvidesProperCacheInstance" />
    </UnitTest>
    <UnitTest name="ResetingCacheCausesReadToReinitialize" storage="d:\v2.0\a1\_work\dbded102\bin\release.anycpu\vssf.sdk\ms.tf.framework.server.l0.tests\ms.tf.framework.server.l0.tests.dll" priority="1" id="902e8dce-ec66-8764-9a8c-dc6a7dabcdbb">
      <Owners>
        <Owner name="paveli" />
      </Owners>
      <Execution id="25b4eb97-b4fa-4351-a6ae-9c141db5e86c" />
      <TestMethod codeBase="D:\v2.0\A1\_work\dbded102\bin\Release.AnyCPU\Vssf.Sdk\MS.TF.Framework.Server.L0.Tests\MS.TF.Framework.Server.L0.Tests.dll" adapterTypeName="Microsoft.VisualStudio.TestTools.TestTypes.Unit.UnitTestAdapter" className="MS.TF.Framework.Server.L0.Tests.Caching.VssVersionedCacheServiceTests" name="ResetingCacheCausesReadToReinitialize" />
    </UnitTest>
    <UnitTest name="ConcurrentUpdateDuringInitializationKeepsCacheUninitialized" storage="d:\v2.0\a1\_work\dbded102\bin\release.anycpu\vssf.sdk\ms.tf.framework.server.l0.tests\ms.tf.framework.server.l0.tests.dll" priority="1" id="0b271540-db47-1130-723a-fa2d4d726725">
      <Owners>
        <Owner name="paveli" />
      </Owners>
      <Execution id="c5f8e809-2d39-4508-a5c6-19a0553c6e7f" />
      <TestMethod codeBase="D:\v2.0\A1\_work\dbded102\bin\Release.AnyCPU\Vssf.Sdk\MS.TF.Framework.Server.L0.Tests\MS.TF.Framework.Server.L0.Tests.dll" adapterTypeName="Microsoft.VisualStudio.TestTools.TestTypes.Unit.UnitTestAdapter" className="MS.TF.Framework.Server.L0.Tests.Caching.VssVersionedCacheServiceTests" name="ConcurrentUpdateDuringInitializationKeepsCacheUninitialized" />
    </UnitTest>
    <UnitTest name="UpdateWithoutCollisionsKeepCacheInitialized" storage="d:\v2.0\a1\_work\dbded102\bin\release.anycpu\vssf.sdk\ms.tf.framework.server.l0.tests\ms.tf.framework.server.l0.tests.dll" priority="1" id="7df433ff-e199-662f-20eb-50eb04716a74">
      <Owners>
        <Owner name="paveli" />
      </Owners>
      <Execution id="c98cc236-41f4-4494-8bd4-2605834206e6" />
      <TestMethod codeBase="D:\v2.0\A1\_work\dbded102\bin\Release.AnyCPU\Vssf.Sdk\MS.TF.Framework.Server.L0.Tests\MS.TF.Framework.Server.L0.Tests.dll" adapterTypeName="Microsoft.VisualStudio.TestTools.TestTypes.Unit.UnitTestAdapter" className="MS.TF.Framework.Server.L0.Tests.Caching.VssVersionedCacheServiceTests" name="UpdateWithoutCollisionsKeepCacheInitialized" />
    </UnitTest>
    <UnitTest name="UpdateWithCollisionResetsCache" storage="d:\v2.0\a1\_work\dbded102\bin\release.anycpu\vssf.sdk\ms.tf.framework.server.l0.tests\ms.tf.framework.server.l0.tests.dll" priority="1" id="e44645e6-e799-0d55-6226-fb676fd611f2">
      <Owners>
        <Owner name="paveli" />
      </Owners>
      <Execution id="53b2f507-3fc1-42a7-8e8b-ba235f2882d1" />
      <TestMethod codeBase="D:\v2.0\A1\_work\dbded102\bin\Release.AnyCPU\Vssf.Sdk\MS.TF.Framework.Server.L0.Tests\MS.TF.Framework.Server.L0.Tests.dll" adapterTypeName="Microsoft.VisualStudio.TestTools.TestTypes.Unit.UnitTestAdapter" className="MS.TF.Framework.Server.L0.Tests.Caching.VssVersionedCacheServiceTests" name="UpdateWithCollisionResetsCache" />
    </UnitTest>
    <UnitTest name="LruMemoryCache_Test_Value_Can_Put_Into_Cache" storage="d:\v2.0\a1\_work\dbded102\bin\release.anycpu\vssf.sdk\ms.tf.framework.server.l0.tests\ms.tf.framework.server.l0.tests.dll" id="502c35db-7056-bea6-d79a-2b4d09a2cf0e">
      <Execution id="19897251-5bdc-4867-93f4-bc56373c16b0" />
      <TestMethod codeBase="D:\v2.0\A1\_work\dbded102\bin\Release.AnyCPU\Vssf.Sdk\MS.TF.Framework.Server.L0.Tests\MS.TF.Framework.Server.L0.Tests.dll" adapterTypeName="Microsoft.VisualStudio.TestTools.TestTypes.Unit.UnitTestAdapter" className="MS.TF.Framework.Server.L0.Tests.Caching.MemoryCacheTests" name="LruMemoryCache_Test_Value_Can_Put_Into_Cache" />
    </UnitTest>
    <UnitTest name="LruMemoryCache_Test_Values_Can_Be_Removed_From_Cache" storage="d:\v2.0\a1\_work\dbded102\bin\release.anycpu\vssf.sdk\ms.tf.framework.server.l0.tests\ms.tf.framework.server.l0.tests.dll" id="46ab7655-18af-6fd2-1738-f61e1b147ce1">
      <Execution id="048a5316-d0c2-4c92-be2a-ea14f81f923f" />
      <TestMethod codeBase="D:\v2.0\A1\_work\dbded102\bin\Release.AnyCPU\Vssf.Sdk\MS.TF.Framework.Server.L0.Tests\MS.TF.Framework.Server.L0.Tests.dll" adapterTypeName="Microsoft.VisualStudio.TestTools.TestTypes.Unit.UnitTestAdapter" className="MS.TF.Framework.Server.L0.Tests.Caching.MemoryCacheTests" name="LruMemoryCache_Test_Values_Can_Be_Removed_From_Cache" />
    </UnitTest>
    <UnitTest name="LruMemoryCache_Test_Values_Can_Be_Cleared_From_Cache" storage="d:\v2.0\a1\_work\dbded102\bin\release.anycpu\vssf.sdk\ms.tf.framework.server.l0.tests\ms.tf.framework.server.l0.tests.dll" id="aa082a0e-9949-30d5-4897-137c3c599615">
      <Execution id="4a87f356-545b-40c8-81e5-54945713ea34" />
      <TestMethod codeBase="D:\v2.0\A1\_work\dbded102\bin\Release.AnyCPU\Vssf.Sdk\MS.TF.Framework.Server.L0.Tests\MS.TF.Framework.Server.L0.Tests.dll" adapterTypeName="Microsoft.VisualStudio.TestTools.TestTypes.Unit.UnitTestAdapter" className="MS.TF.Framework.Server.L0.Tests.Caching.MemoryCacheTests" name="LruMemoryCache_Test_Values_Can_Be_Cleared_From_Cache" />
    </UnitTest>
    <UnitTest name="LruMemoryCache_Test_Cache_Hit_Increases_Counter" storage="d:\v2.0\a1\_work\dbded102\bin\release.anycpu\vssf.sdk\ms.tf.framework.server.l0.tests\ms.tf.framework.server.l0.tests.dll" id="4d629a62-93e9-ae32-afcc-26fe115d5146">
      <Execution id="0862a19f-4bb9-48cc-9664-7a3de1f6648a" />
      <TestMethod codeBase="D:\v2.0\A1\_work\dbded102\bin\Release.AnyCPU\Vssf.Sdk\MS.TF.Framework.Server.L0.Tests\MS.TF.Framework.Server.L0.Tests.dll" adapterTypeName="Microsoft.VisualStudio.TestTools.TestTypes.Unit.UnitTestAdapter" className="MS.TF.Framework.Server.L0.Tests.Caching.MemoryCacheTests" name="LruMemoryCache_Test_Cache_Hit_Increases_Counter" />
    </UnitTest>
    <UnitTest name="LruMemoryCache_Test_Expiry_Is_Returned" storage="d:\v2.0\a1\_work\dbded102\bin\release.anycpu\vssf.sdk\ms.tf.framework.server.l0.tests\ms.tf.framework.server.l0.tests.dll" id="218be8d0-ebe3-ac79-720e-e8449b96125c">
      <Execution id="a8865d9d-0ecf-456f-98e5-6ea32e21dfb0" />
      <TestMethod codeBase="D:\v2.0\A1\_work\dbded102\bin\Release.AnyCPU\Vssf.Sdk\MS.TF.Framework.Server.L0.Tests\MS.TF.Framework.Server.L0.Tests.dll" adapterTypeName="Microsoft.VisualStudio.TestTools.TestTypes.Unit.UnitTestAdapter" className="MS.TF.Framework.Server.L0.Tests.Caching.MemoryCacheTests" name="LruMemoryCache_Test_Expiry_Is_Returned" />
    </UnitTest>
    <UnitTest name="LruMemoryCache_Test_Lru_Cache_Item_Is_Properly_Filled" storage="d:\v2.0\a1\_work\dbded102\bin\release.anycpu\vssf.sdk\ms.tf.framework.server.l0.tests\ms.tf.framework.server.l0.tests.dll" id="354349f5-17d5-a446-87f7-483feb14c17d">
      <Execution id="dd7b10b6-cba3-4654-9fa7-9cbe548162b4" />
      <TestMethod codeBase="D:\v2.0\A1\_work\dbded102\bin\Release.AnyCPU\Vssf.Sdk\MS.TF.Framework.Server.L0.Tests\MS.TF.Framework.Server.L0.Tests.dll" adapterTypeName="Microsoft.VisualStudio.TestTools.TestTypes.Unit.UnitTestAdapter" className="MS.TF.Framework.Server.L0.Tests.Caching.MemoryCacheTests" name="LruMemoryCache_Test_Lru_Cache_Item_Is_Properly_Filled" />
    </UnitTest>
    <UnitTest name="LruMemoryCache_Test_Lru_Cache_Item_May_Expire" storage="d:\v2.0\a1\_work\dbded102\bin\release.anycpu\vssf.sdk\ms.tf.framework.server.l0.tests\ms.tf.framework.server.l0.tests.dll" id="71ac1c0b-6958-d8df-74d6-7bb3fdd9eaf2">
      <Execution id="c7e51162-30d2-4eab-8902-8c6d27c13d4c" />
      <TestMethod codeBase="D:\v2.0\A1\_work\dbded102\bin\Release.AnyCPU\Vssf.Sdk\MS.TF.Framework.Server.L0.Tests\MS.TF.Framework.Server.L0.Tests.dll" adapterTypeName="Microsoft.VisualStudio.TestTools.TestTypes.Unit.UnitTestAdapter" className="MS.TF.Framework.Server.L0.Tests.Caching.MemoryCacheTests" name="LruMemoryCache_Test_Lru_Cache_Item_May_Expire" />
    </UnitTest>
    <UnitTest name="LruMemoryCache_Test_Lru_Cache_Item_May_Be_Evicted" storage="d:\v2.0\a1\_work\dbded102\bin\release.anycpu\vssf.sdk\ms.tf.framework.server.l0.tests\ms.tf.framework.server.l0.tests.dll" id="afb1f0b0-19fb-4f64-0c4b-e64e67b15cc9">
      <Execution id="e7419b73-f2cb-4e8b-90f0-5d8dcf593301" />
      <TestMethod codeBase="D:\v2.0\A1\_work\dbded102\bin\Release.AnyCPU\Vssf.Sdk\MS.TF.Framework.Server.L0.Tests\MS.TF.Framework.Server.L0.Tests.dll" adapterTypeName="Microsoft.VisualStudio.TestTools.TestTypes.Unit.UnitTestAdapter" className="MS.TF.Framework.Server.L0.Tests.Caching.MemoryCacheTests" name="LruMemoryCache_Test_Lru_Cache_Item_May_Be_Evicted" />
    </UnitTest>
    <UnitTest name="LruCacheManager_Test_Can_Add_Zero_Weight_Items" storage="d:\v2.0\a1\_work\dbded102\bin\release.anycpu\vssf.sdk\ms.tf.framework.server.l0.tests\ms.tf.framework.server.l0.tests.dll" id="47b1da9d-5790-5c15-c502-68f0d4352909">
      <Execution id="fb631f01-71a9-4259-9446-6919be03b84c" />
      <TestMethod codeBase="D:\v2.0\A1\_work\dbded102\bin\Release.AnyCPU\Vssf.Sdk\MS.TF.Framework.Server.L0.Tests\MS.TF.Framework.Server.L0.Tests.dll" adapterTypeName="Microsoft.VisualStudio.TestTools.TestTypes.Unit.UnitTestAdapter" className="MS.TF.Framework.Server.L0.Tests.Caching.MemoryCacheTests" name="LruCacheManager_Test_Can_Add_Zero_Weight_Items" />
    </UnitTest>
    <UnitTest name="LruCacheManager_Test_Can_Exceed_Max_Weight_For_Empty_Cache" storage="d:\v2.0\a1\_work\dbded102\bin\release.anycpu\vssf.sdk\ms.tf.framework.server.l0.tests\ms.tf.framework.server.l0.tests.dll" id="05e4db06-0ea5-94c5-101b-ce2d1871bfbb">
      <Execution id="b7199adb-fbbf-49e4-9dbe-cb06f5353855" />
      <TestMethod codeBase="D:\v2.0\A1\_work\dbded102\bin\Release.AnyCPU\Vssf.Sdk\MS.TF.Framework.Server.L0.Tests\MS.TF.Framework.Server.L0.Tests.dll" adapterTypeName="Microsoft.VisualStudio.TestTools.TestTypes.Unit.UnitTestAdapter" className="MS.TF.Framework.Server.L0.Tests.Caching.MemoryCacheTests" name="LruCacheManager_Test_Can_Exceed_Max_Weight_For_Empty_Cache" />
    </UnitTest>
    <UnitTest name="LruCacheManager_Test_Exceeding_Max_Weight_Evicts_Items" storage="d:\v2.0\a1\_work\dbded102\bin\release.anycpu\vssf.sdk\ms.tf.framework.server.l0.tests\ms.tf.framework.server.l0.tests.dll" id="fbe48cd7-5a91-d917-cbdb-c3b51bb5691b">
      <Execution id="219ade80-d443-40ed-b8b0-d17e92b3a053" />
      <TestMethod codeBase="D:\v2.0\A1\_work\dbded102\bin\Release.AnyCPU\Vssf.Sdk\MS.TF.Framework.Server.L0.Tests\MS.TF.Framework.Server.L0.Tests.dll" adapterTypeName="Microsoft.VisualStudio.TestTools.TestTypes.Unit.UnitTestAdapter" className="MS.TF.Framework.Server.L0.Tests.Caching.MemoryCacheTests" name="LruCacheManager_Test_Exceeding_Max_Weight_Evicts_Items" />
    </UnitTest>
    <UnitTest name="LruCacheManager_Test_Items_Are_Evicted_In_Fifo_Order" storage="d:\v2.0\a1\_work\dbded102\bin\release.anycpu\vssf.sdk\ms.tf.framework.server.l0.tests\ms.tf.framework.server.l0.tests.dll" id="ad5e3eb3-a5cf-aae7-3dcc-672d32e6e5d8">
      <Execution id="eb2fd48c-2698-4ebb-be58-2d2e57e27a45" />
      <TestMethod codeBase="D:\v2.0\A1\_work\dbded102\bin\Release.AnyCPU\Vssf.Sdk\MS.TF.Framework.Server.L0.Tests\MS.TF.Framework.Server.L0.Tests.dll" adapterTypeName="Microsoft.VisualStudio.TestTools.TestTypes.Unit.UnitTestAdapter" className="MS.TF.Framework.Server.L0.Tests.Caching.MemoryCacheTests" name="LruCacheManager_Test_Items_Are_Evicted_In_Fifo_Order" />
    </UnitTest>
    <UnitTest name="LruCacheManager_Test_Recently_Used_Items_Are_Not_Evicted" storage="d:\v2.0\a1\_work\dbded102\bin\release.anycpu\vssf.sdk\ms.tf.framework.server.l0.tests\ms.tf.framework.server.l0.tests.dll" id="3e1a2427-0218-6825-8936-ee84e4e3edf8">
      <Execution id="53d04ade-a1fa-4624-b47e-b85eb6fb08ef" />
      <TestMethod codeBase="D:\v2.0\A1\_work\dbded102\bin\Release.AnyCPU\Vssf.Sdk\MS.TF.Framework.Server.L0.Tests\MS.TF.Framework.Server.L0.Tests.dll" adapterTypeName="Microsoft.VisualStudio.TestTools.TestTypes.Unit.UnitTestAdapter" className="MS.TF.Framework.Server.L0.Tests.Caching.MemoryCacheTests" name="LruCacheManager_Test_Recently_Used_Items_Are_Not_Evicted" />
    </UnitTest>
    <UnitTest name="LruCacheManager_Test_Removed_Items_Are_Deleted_From_Lru_List" storage="d:\v2.0\a1\_work\dbded102\bin\release.anycpu\vssf.sdk\ms.tf.framework.server.l0.tests\ms.tf.framework.server.l0.tests.dll" id="977a7cd9-ac3e-cebd-5e90-41ceae203e1e">
      <Execution id="610e2aaa-88a3-4447-8cd7-6bb042fa519d" />
      <TestMethod codeBase="D:\v2.0\A1\_work\dbded102\bin\Release.AnyCPU\Vssf.Sdk\MS.TF.Framework.Server.L0.Tests\MS.TF.Framework.Server.L0.Tests.dll" adapterTypeName="Microsoft.VisualStudio.TestTools.TestTypes.Unit.UnitTestAdapter" className="MS.TF.Framework.Server.L0.Tests.Caching.MemoryCacheTests" name="LruCacheManager_Test_Removed_Items_Are_Deleted_From_Lru_List" />
    </UnitTest>
    <UnitTest name="LruCacheManager_Test_Items_May_Be_Evicted_From_Different_Caches" storage="d:\v2.0\a1\_work\dbded102\bin\release.anycpu\vssf.sdk\ms.tf.framework.server.l0.tests\ms.tf.framework.server.l0.tests.dll" id="a60db01f-62bb-c362-68f1-4316cd6b6325">
      <Execution id="e23284f0-916f-49e7-b88b-f2df7c25361b" />
      <TestMethod codeBase="D:\v2.0\A1\_work\dbded102\bin\Release.AnyCPU\Vssf.Sdk\MS.TF.Framework.Server.L0.Tests\MS.TF.Framework.Server.L0.Tests.dll" adapterTypeName="Microsoft.VisualStudio.TestTools.TestTypes.Unit.UnitTestAdapter" className="MS.TF.Framework.Server.L0.Tests.Caching.MemoryCacheTests" name="LruCacheManager_Test_Items_May_Be_Evicted_From_Different_Caches" />
    </UnitTest>
    <UnitTest name="LruCacheManager_Test_Notification_Is_Sent_On_Remove" storage="d:\v2.0\a1\_work\dbded102\bin\release.anycpu\vssf.sdk\ms.tf.framework.server.l0.tests\ms.tf.framework.server.l0.tests.dll" id="d59ba24d-2a21-ba81-9c7f-6fcc4a6e467a">
      <Execution id="9c5c34f0-2609-4937-b70f-21d99cab5b11" />
      <TestMethod codeBase="D:\v2.0\A1\_work\dbded102\bin\Release.AnyCPU\Vssf.Sdk\MS.TF.Framework.Server.L0.Tests\MS.TF.Framework.Server.L0.Tests.dll" adapterTypeName="Microsoft.VisualStudio.TestTools.TestTypes.Unit.UnitTestAdapter" className="MS.TF.Framework.Server.L0.Tests.Caching.MemoryCacheTests" name="LruCacheManager_Test_Notification_Is_Sent_On_Remove" />
    </UnitTest>
    <UnitTest name="LruCacheManager_Test_Notification_Is_Sent_On_Clear" storage="d:\v2.0\a1\_work\dbded102\bin\release.anycpu\vssf.sdk\ms.tf.framework.server.l0.tests\ms.tf.framework.server.l0.tests.dll" id="996a82f0-95c2-833a-d017-d8fb87de0ad1">
      <Execution id="4ab8bd66-3203-47a1-b6ec-96f0ef2dd18a" />
      <TestMethod codeBase="D:\v2.0\A1\_work\dbded102\bin\Release.AnyCPU\Vssf.Sdk\MS.TF.Framework.Server.L0.Tests\MS.TF.Framework.Server.L0.Tests.dll" adapterTypeName="Microsoft.VisualStudio.TestTools.TestTypes.Unit.UnitTestAdapter" className="MS.TF.Framework.Server.L0.Tests.Caching.MemoryCacheTests" name="LruCacheManager_Test_Notification_Is_Sent_On_Clear" />
    </UnitTest>
    <UnitTest name="LruCacheManager_Test_Notification_Is_Processed" storage="d:\v2.0\a1\_work\dbded102\bin\release.anycpu\vssf.sdk\ms.tf.framework.server.l0.tests\ms.tf.framework.server.l0.tests.dll" id="f6369bde-fec8-f22e-ca05-8b2e99e178d9">
      <Execution id="4d4e539b-ca3b-4cf7-8379-ec192133641d" />
      <TestMethod codeBase="D:\v2.0\A1\_work\dbded102\bin\Release.AnyCPU\Vssf.Sdk\MS.TF.Framework.Server.L0.Tests\MS.TF.Framework.Server.L0.Tests.dll" adapterTypeName="Microsoft.VisualStudio.TestTools.TestTypes.Unit.UnitTestAdapter" className="MS.TF.Framework.Server.L0.Tests.Caching.MemoryCacheTests" name="LruCacheManager_Test_Notification_Is_Processed" />
    </UnitTest>
    <UnitTest name="LruCacheManager_Test_Memory_Cache_Manager" storage="d:\v2.0\a1\_work\dbded102\bin\release.anycpu\vssf.sdk\ms.tf.framework.server.l0.tests\ms.tf.framework.server.l0.tests.dll" id="575e8ac1-e58f-37be-c93a-fc6803d7fad6">
      <Execution id="6e07b313-1335-4e72-8657-f6c96cf89e6d" />
      <TestMethod codeBase="D:\v2.0\A1\_work\dbded102\bin\Release.AnyCPU\Vssf.Sdk\MS.TF.Framework.Server.L0.Tests\MS.TF.Framework.Server.L0.Tests.dll" adapterTypeName="Microsoft.VisualStudio.TestTools.TestTypes.Unit.UnitTestAdapter" className="MS.TF.Framework.Server.L0.Tests.Caching.MemoryCacheTests" name="LruCacheManager_Test_Memory_Cache_Manager" />
    </UnitTest>
    <UnitTest name="LruEvictionManager_Test_Ordering" storage="d:\v2.0\a1\_work\dbded102\bin\release.anycpu\vssf.sdk\ms.tf.framework.server.l0.tests\ms.tf.framework.server.l0.tests.dll" id="da4ff380-558f-83eb-51e2-f271e1b6d0da">
      <Execution id="da9fc2c8-c463-4758-a4be-69138cc51150" />
      <TestMethod codeBase="D:\v2.0\A1\_work\dbded102\bin\Release.AnyCPU\Vssf.Sdk\MS.TF.Framework.Server.L0.Tests\MS.TF.Framework.Server.L0.Tests.dll" adapterTypeName="Microsoft.VisualStudio.TestTools.TestTypes.Unit.UnitTestAdapter" className="MS.TF.Framework.Server.L0.Tests.Caching.MemoryCacheTests" name="LruEvictionManager_Test_Ordering" />
    </UnitTest>
    <UnitTest name="Redis_Serialization_TestRoundtrip" storage="d:\v2.0\a1\_work\dbded102\bin\release.anycpu\vssf.sdk\ms.tf.framework.server.l0.tests\ms.tf.framework.server.l0.tests.dll" id="2e0db415-86fe-b1e4-3501-d253d342f02e">
      <Execution id="f0fb341d-19fa-470b-b3e6-0d4fcc5f3695" />
      <TestMethod codeBase="D:\v2.0\A1\_work\dbded102\bin\Release.AnyCPU\Vssf.Sdk\MS.TF.Framework.Server.L0.Tests\MS.TF.Framework.Server.L0.Tests.dll" adapterTypeName="Microsoft.VisualStudio.TestTools.TestTypes.Unit.UnitTestAdapter" className="MS.TF.Framework.Server.L0.Tests.Caching.RedisSerializationTests" name="Redis_Serialization_TestRoundtrip" />
    </UnitTest>
    <UnitTest name="Redis_Serialization_TestDataContract" storage="d:\v2.0\a1\_work\dbded102\bin\release.anycpu\vssf.sdk\ms.tf.framework.server.l0.tests\ms.tf.framework.server.l0.tests.dll" id="0e85f293-c66c-172a-730e-0179c1824d94">
      <Execution id="44a683a2-8b1f-43a6-be4d-204dc76d13b7" />
      <TestMethod codeBase="D:\v2.0\A1\_work\dbded102\bin\Release.AnyCPU\Vssf.Sdk\MS.TF.Framework.Server.L0.Tests\MS.TF.Framework.Server.L0.Tests.dll" adapterTypeName="Microsoft.VisualStudio.TestTools.TestTypes.Unit.UnitTestAdapter" className="MS.TF.Framework.Server.L0.Tests.Caching.RedisSerializationTests" name="Redis_Serialization_TestDataContract" />
    </UnitTest>
    <UnitTest name="Redis_Serialization_TestPrivateFields" storage="d:\v2.0\a1\_work\dbded102\bin\release.anycpu\vssf.sdk\ms.tf.framework.server.l0.tests\ms.tf.framework.server.l0.tests.dll" id="fcbbe19f-b08c-c52a-e765-d4b97db72f95">
      <Execution id="2de977d7-c603-41ff-8347-cb2e7e0c379a" />
      <TestMethod codeBase="D:\v2.0\A1\_work\dbded102\bin\Release.AnyCPU\Vssf.Sdk\MS.TF.Framework.Server.L0.Tests\MS.TF.Framework.Server.L0.Tests.dll" adapterTypeName="Microsoft.VisualStudio.TestTools.TestTypes.Unit.UnitTestAdapter" className="MS.TF.Framework.Server.L0.Tests.Caching.RedisSerializationTests" name="Redis_Serialization_TestPrivateFields" />
    </UnitTest>
    <UnitTest name="Redis_Serialization_TestKeyRoundTrip" storage="d:\v2.0\a1\_work\dbded102\bin\release.anycpu\vssf.sdk\ms.tf.framework.server.l0.tests\ms.tf.framework.server.l0.tests.dll" id="6235fe87-bd95-8873-795c-6157ee09371a">
      <Execution id="2930919c-5669-4f9a-b598-2188e83925e7" />
      <TestMethod codeBase="D:\v2.0\A1\_work\dbded102\bin\Release.AnyCPU\Vssf.Sdk\MS.TF.Framework.Server.L0.Tests\MS.TF.Framework.Server.L0.Tests.dll" adapterTypeName="Microsoft.VisualStudio.TestTools.TestTypes.Unit.UnitTestAdapter" className="MS.TF.Framework.Server.L0.Tests.Caching.RedisSerializationTests" name="Redis_Serialization_TestKeyRoundTrip" />
    </UnitTest>
    <UnitTest name="Redis_Serialization_TestCompatibilityWithToString" storage="d:\v2.0\a1\_work\dbded102\bin\release.anycpu\vssf.sdk\ms.tf.framework.server.l0.tests\ms.tf.framework.server.l0.tests.dll" id="b1bc4653-4689-bb72-718f-c3db6b7dad80">
      <Execution id="78440c28-8066-4385-bf3c-ecfe6b16ad5d" />
      <TestMethod codeBase="D:\v2.0\A1\_work\dbded102\bin\Release.AnyCPU\Vssf.Sdk\MS.TF.Framework.Server.L0.Tests\MS.TF.Framework.Server.L0.Tests.dll" adapterTypeName="Microsoft.VisualStudio.TestTools.TestTypes.Unit.UnitTestAdapter" className="MS.TF.Framework.Server.L0.Tests.Caching.RedisSerializationTests" name="Redis_Serialization_TestCompatibilityWithToString" />
    </UnitTest>
    <UnitTest name="Redis_Serialization_Compression_Disabled_By_Default" storage="d:\v2.0\a1\_work\dbded102\bin\release.anycpu\vssf.sdk\ms.tf.framework.server.l0.tests\ms.tf.framework.server.l0.tests.dll" id="80d6e2ab-fa98-8d9a-6ecf-09e35d91cc33">
      <Execution id="dd4cf125-0e20-4967-b258-a3e9b287dfbb" />
      <TestMethod codeBase="D:\v2.0\A1\_work\dbded102\bin\Release.AnyCPU\Vssf.Sdk\MS.TF.Framework.Server.L0.Tests\MS.TF.Framework.Server.L0.Tests.dll" adapterTypeName="Microsoft.VisualStudio.TestTools.TestTypes.Unit.UnitTestAdapter" className="MS.TF.Framework.Server.L0.Tests.Caching.RedisSerializationTests" name="Redis_Serialization_Compression_Disabled_By_Default" />
    </UnitTest>
    <UnitTest name="Redis_Serialization_Compresses_Reference_Types" storage="d:\v2.0\a1\_work\dbded102\bin\release.anycpu\vssf.sdk\ms.tf.framework.server.l0.tests\ms.tf.framework.server.l0.tests.dll" id="a87e7322-ba8e-44ae-0222-b9d1f598bc40">
      <Execution id="7f82a323-db68-46ab-829f-76ba92a024ef" />
      <TestMethod codeBase="D:\v2.0\A1\_work\dbded102\bin\Release.AnyCPU\Vssf.Sdk\MS.TF.Framework.Server.L0.Tests\MS.TF.Framework.Server.L0.Tests.dll" adapterTypeName="Microsoft.VisualStudio.TestTools.TestTypes.Unit.UnitTestAdapter" className="MS.TF.Framework.Server.L0.Tests.Caching.RedisSerializationTests" name="Redis_Serialization_Compresses_Reference_Types" />
    </UnitTest>
    <UnitTest name="Redis_Serialization_Skips_Compressing_Values_Types" storage="d:\v2.0\a1\_work\dbded102\bin\release.anycpu\vssf.sdk\ms.tf.framework.server.l0.tests\ms.tf.framework.server.l0.tests.dll" id="57fca449-42f0-f63c-3eb1-ecbb5df02039">
      <Execution id="76aba8a3-855a-4505-bab1-715d3f4974c9" />
      <TestMethod codeBase="D:\v2.0\A1\_work\dbded102\bin\Release.AnyCPU\Vssf.Sdk\MS.TF.Framework.Server.L0.Tests\MS.TF.Framework.Server.L0.Tests.dll" adapterTypeName="Microsoft.VisualStudio.TestTools.TestTypes.Unit.UnitTestAdapter" className="MS.TF.Framework.Server.L0.Tests.Caching.RedisSerializationTests" name="Redis_Serialization_Skips_Compressing_Values_Types" />
    </UnitTest>
    <UnitTest name="Redis_Settings_TestDefaultParameters" storage="d:\v2.0\a1\_work\dbded102\bin\release.anycpu\vssf.sdk\ms.tf.framework.server.l0.tests\ms.tf.framework.server.l0.tests.dll" id="976be17b-1a7b-0a8b-fce9-6537638b338a">
      <Execution id="f0b36caf-c037-4cf1-9a1e-2bcc38068e92" />
      <TestMethod codeBase="D:\v2.0\A1\_work\dbded102\bin\Release.AnyCPU\Vssf.Sdk\MS.TF.Framework.Server.L0.Tests\MS.TF.Framework.Server.L0.Tests.dll" adapterTypeName="Microsoft.VisualStudio.TestTools.TestTypes.Unit.UnitTestAdapter" className="MS.TF.Framework.Server.L0.Tests.Caching.RedisSettingsTests" name="Redis_Settings_TestDefaultParameters" />
    </UnitTest>
    <UnitTest name="Constructor_ShouldSetAreaAndFeature" storage="d:\v2.0\a1\_work\dbded102\bin\release.anycpu\vssf.sdk\ms.tf.framework.server.l0.tests\ms.tf.framework.server.l0.tests.dll" id="d24edd39-78e1-d715-9cfd-a83f9e00a8f0">
      <Execution id="bd448f12-6353-4004-aac4-1ba07a56da12" />
      <TestMethod codeBase="D:\v2.0\A1\_work\dbded102\bin\Release.AnyCPU\Vssf.Sdk\MS.TF.Framework.Server.L0.Tests\MS.TF.Framework.Server.L0.Tests.dll" adapterTypeName="Microsoft.VisualStudio.TestTools.TestTypes.Unit.UnitTestAdapter" className="MS.TF.Framework.Server.L0.Tests.BusinessIntelligence.CiEventTests" name="Constructor_ShouldSetAreaAndFeature" />
    </UnitTest>
    <UnitTest name="Constructor_AreaAndFeatureMustNotBeEmpty" storage="d:\v2.0\a1\_work\dbded102\bin\release.anycpu\vssf.sdk\ms.tf.framework.server.l0.tests\ms.tf.framework.server.l0.tests.dll" id="a454d4d8-b87c-06b2-6174-4eb9615e13dd">
      <Execution id="bd1b8c07-5dbb-428f-a0c0-998d03d222eb" />
      <TestMethod codeBase="D:\v2.0\A1\_work\dbded102\bin\Release.AnyCPU\Vssf.Sdk\MS.TF.Framework.Server.L0.Tests\MS.TF.Framework.Server.L0.Tests.dll" adapterTypeName="Microsoft.VisualStudio.TestTools.TestTypes.Unit.UnitTestAdapter" className="MS.TF.Framework.Server.L0.Tests.BusinessIntelligence.CiEventTests" name="Constructor_AreaAndFeatureMustNotBeEmpty" />
    </UnitTest>
    <UnitTest name="Publish_WhenNoProperties_ShouldPublish" storage="d:\v2.0\a1\_work\dbded102\bin\release.anycpu\vssf.sdk\ms.tf.framework.server.l0.tests\ms.tf.framework.server.l0.tests.dll" id="c3db1582-454c-8656-a8f5-cbff3809013f">
      <Execution id="9002f3db-0c8e-401e-a45e-42b60c0ac315" />
      <TestMethod codeBase="D:\v2.0\A1\_work\dbded102\bin\Release.AnyCPU\Vssf.Sdk\MS.TF.Framework.Server.L0.Tests\MS.TF.Framework.Server.L0.Tests.dll" adapterTypeName="Microsoft.VisualStudio.TestTools.TestTypes.Unit.UnitTestAdapter" className="MS.TF.Framework.Server.L0.Tests.BusinessIntelligence.CiEventTests" name="Publish_WhenNoProperties_ShouldPublish" />
    </UnitTest>
    <UnitTest name="CreateEvent_SignInCiEvent" storage="d:\v2.0\a1\_work\dbded102\bin\release.anycpu\vssf.sdk\ms.tf.framework.server.l0.tests\ms.tf.framework.server.l0.tests.dll" id="794d0c8f-6e3c-897d-44fe-11331c172760">
      <Execution id="cb5b1a17-8860-4b77-902d-790151b87d02" />
      <TestMethod codeBase="D:\v2.0\A1\_work\dbded102\bin\Release.AnyCPU\Vssf.Sdk\MS.TF.Framework.Server.L0.Tests\MS.TF.Framework.Server.L0.Tests.dll" adapterTypeName="Microsoft.VisualStudio.TestTools.TestTypes.Unit.UnitTestAdapter" className="MS.TF.Framework.Server.L0.Tests.BusinessIntelligence.CiEventFactoryTests" name="CreateEvent_SignInCiEvent" />
    </UnitTest>
    <UnitTest name="CreateEvent_SignedInCiEvent" storage="d:\v2.0\a1\_work\dbded102\bin\release.anycpu\vssf.sdk\ms.tf.framework.server.l0.tests\ms.tf.framework.server.l0.tests.dll" id="df00dcb7-59e9-8003-6c7c-cd44bd78da46">
      <Execution id="367e5268-9b5d-43bb-a2ec-50446a2e9535" />
      <TestMethod codeBase="D:\v2.0\A1\_work\dbded102\bin\Release.AnyCPU\Vssf.Sdk\MS.TF.Framework.Server.L0.Tests\MS.TF.Framework.Server.L0.Tests.dll" adapterTypeName="Microsoft.VisualStudio.TestTools.TestTypes.Unit.UnitTestAdapter" className="MS.TF.Framework.Server.L0.Tests.BusinessIntelligence.CiEventFactoryTests" name="CreateEvent_SignedInCiEvent" />
    </UnitTest>
    <UnitTest name="CreateEvent_SignOutCiEvent" storage="d:\v2.0\a1\_work\dbded102\bin\release.anycpu\vssf.sdk\ms.tf.framework.server.l0.tests\ms.tf.framework.server.l0.tests.dll" id="122eb9c7-7a29-3fe8-863d-ba9aed706706">
      <Execution id="8937b39d-6c93-41e0-b447-e1815e838ef3" />
      <TestMethod codeBase="D:\v2.0\A1\_work\dbded102\bin\Release.AnyCPU\Vssf.Sdk\MS.TF.Framework.Server.L0.Tests\MS.TF.Framework.Server.L0.Tests.dll" adapterTypeName="Microsoft.VisualStudio.TestTools.TestTypes.Unit.UnitTestAdapter" className="MS.TF.Framework.Server.L0.Tests.BusinessIntelligence.CiEventFactoryTests" name="CreateEvent_SignOutCiEvent" />
    </UnitTest>
    <UnitTest name="Source_SetGetCorrectly" storage="d:\v2.0\a1\_work\dbded102\bin\release.anycpu\vssf.sdk\ms.tf.framework.server.l0.tests\ms.tf.framework.server.l0.tests.dll" id="d80eef5b-3f45-4b02-649a-48b4b0ae07e7">
      <Execution id="c7673683-80ec-4ca7-a494-da0182923885" />
      <TestMethod codeBase="D:\v2.0\A1\_work\dbded102\bin\Release.AnyCPU\Vssf.Sdk\MS.TF.Framework.Server.L0.Tests\MS.TF.Framework.Server.L0.Tests.dll" adapterTypeName="Microsoft.VisualStudio.TestTools.TestTypes.Unit.UnitTestAdapter" className="MS.TF.Framework.Server.L0.Tests.BusinessIntelligence.AuthenticationCiEventTests" name="Source_SetGetCorrectly" />
    </UnitTest>
    <UnitTest name="GetUrl_NoEventProperty" storage="d:\v2.0\a1\_work\dbded102\bin\release.anycpu\vssf.sdk\ms.tf.framework.server.l0.tests\ms.tf.framework.server.l0.tests.dll" id="a1735543-0c1b-9305-2f45-85c8f7bd0639">
      <Execution id="8ce997ed-c518-48ed-a77c-dfb97e2d88b9" />
      <TestMethod codeBase="D:\v2.0\A1\_work\dbded102\bin\Release.AnyCPU\Vssf.Sdk\MS.TF.Framework.Server.L0.Tests\MS.TF.Framework.Server.L0.Tests.dll" adapterTypeName="Microsoft.VisualStudio.TestTools.TestTypes.Unit.UnitTestAdapter" className="MS.TF.Framework.Server.L0.Tests.BusinessIntelligence.CiEventUrlUtilityTests" name="GetUrl_NoEventProperty" />
    </UnitTest>
    <UnitTest name="GetUrl_HasSpecialCharacters" storage="d:\v2.0\a1\_work\dbded102\bin\release.anycpu\vssf.sdk\ms.tf.framework.server.l0.tests\ms.tf.framework.server.l0.tests.dll" id="122df83a-88a2-0579-260e-a2ccf3940a42">
      <Execution id="adb2ecd6-aebc-4196-af0f-08819dcb3bc4" />
      <TestMethod codeBase="D:\v2.0\A1\_work\dbded102\bin\Release.AnyCPU\Vssf.Sdk\MS.TF.Framework.Server.L0.Tests\MS.TF.Framework.Server.L0.Tests.dll" adapterTypeName="Microsoft.VisualStudio.TestTools.TestTypes.Unit.UnitTestAdapter" className="MS.TF.Framework.Server.L0.Tests.BusinessIntelligence.CiEventUrlUtilityTests" name="GetUrl_HasSpecialCharacters" />
    </UnitTest>
    <UnitTest name="GetUrl_WithEventProperties" storage="d:\v2.0\a1\_work\dbded102\bin\release.anycpu\vssf.sdk\ms.tf.framework.server.l0.tests\ms.tf.framework.server.l0.tests.dll" id="ad58d9e9-f6b5-2fb2-bebe-8d03be3b2900">
      <Execution id="816eba4b-8eb2-4f6d-b95f-862cb21a9da9" />
      <TestMethod codeBase="D:\v2.0\A1\_work\dbded102\bin\Release.AnyCPU\Vssf.Sdk\MS.TF.Framework.Server.L0.Tests\MS.TF.Framework.Server.L0.Tests.dll" adapterTypeName="Microsoft.VisualStudio.TestTools.TestTypes.Unit.UnitTestAdapter" className="MS.TF.Framework.Server.L0.Tests.BusinessIntelligence.CiEventUrlUtilityTests" name="GetUrl_WithEventProperties" />
    </UnitTest>
    <UnitTest name="GetUrl_AuthenticationCiEvent" storage="d:\v2.0\a1\_work\dbded102\bin\release.anycpu\vssf.sdk\ms.tf.framework.server.l0.tests\ms.tf.framework.server.l0.tests.dll" id="dcb6f98c-87ec-796a-534d-c19e403744a9">
      <Execution id="f17389d1-2b3e-49db-8a7c-d47fd7116f51" />
      <TestMethod codeBase="D:\v2.0\A1\_work\dbded102\bin\Release.AnyCPU\Vssf.Sdk\MS.TF.Framework.Server.L0.Tests\MS.TF.Framework.Server.L0.Tests.dll" adapterTypeName="Microsoft.VisualStudio.TestTools.TestTypes.Unit.UnitTestAdapter" className="MS.TF.Framework.Server.L0.Tests.BusinessIntelligence.CiEventUrlUtilityTests" name="GetUrl_AuthenticationCiEvent" />
    </UnitTest>
    <UnitTest name="GetUrl_NotSupportedCiEvent" storage="d:\v2.0\a1\_work\dbded102\bin\release.anycpu\vssf.sdk\ms.tf.framework.server.l0.tests\ms.tf.framework.server.l0.tests.dll" id="8c776219-3093-5fc2-8e41-68ed69dd8580">
      <Execution id="d7ee1d55-a243-40d1-ba8c-6cd4aac313c8" />
      <TestMethod codeBase="D:\v2.0\A1\_work\dbded102\bin\Release.AnyCPU\Vssf.Sdk\MS.TF.Framework.Server.L0.Tests\MS.TF.Framework.Server.L0.Tests.dll" adapterTypeName="Microsoft.VisualStudio.TestTools.TestTypes.Unit.UnitTestAdapter" className="MS.TF.Framework.Server.L0.Tests.BusinessIntelligence.CiEventUrlUtilityTests" name="GetUrl_NotSupportedCiEvent" />
    </UnitTest>
    <UnitTest name="ClaimDescriptorIdentityEquals" storage="d:\v2.0\a1\_work\dbded102\bin\release.anycpu\vssf.sdk\ms.tf.framework.server.l0.tests\ms.tf.framework.server.l0.tests.dll" id="bc11c6ff-33b1-514e-0357-469a83fb3bf0">
      <Execution id="bd3c1dd9-44b2-40b9-ad47-a58dcc461330" />
      <TestMethod codeBase="D:\v2.0\A1\_work\dbded102\bin\Release.AnyCPU\Vssf.Sdk\MS.TF.Framework.Server.L0.Tests\MS.TF.Framework.Server.L0.Tests.dll" adapterTypeName="Microsoft.VisualStudio.TestTools.TestTypes.Unit.UnitTestAdapter" className="MS.TF.Framework.Server.L0.Tests.Authentication.SubjectDescriptorTests" name="ClaimDescriptorIdentityEquals" />
    </UnitTest>
    <UnitTest name="ClaimDescriptorEquivalancy" storage="d:\v2.0\a1\_work\dbded102\bin\release.anycpu\vssf.sdk\ms.tf.framework.server.l0.tests\ms.tf.framework.server.l0.tests.dll" id="d536a2d1-970a-0f82-15cc-c5dc98c55535">
      <Execution id="3cc34e6a-510b-45c5-87b2-5e7838da37cc" />
      <TestMethod codeBase="D:\v2.0\A1\_work\dbded102\bin\Release.AnyCPU\Vssf.Sdk\MS.TF.Framework.Server.L0.Tests\MS.TF.Framework.Server.L0.Tests.dll" adapterTypeName="Microsoft.VisualStudio.TestTools.TestTypes.Unit.UnitTestAdapter" className="MS.TF.Framework.Server.L0.Tests.Authentication.SubjectDescriptorTests" name="ClaimDescriptorEquivalancy" />
    </UnitTest>
    <UnitTest name="ClaimDescriptorNonEquivalancy" storage="d:\v2.0\a1\_work\dbded102\bin\release.anycpu\vssf.sdk\ms.tf.framework.server.l0.tests\ms.tf.framework.server.l0.tests.dll" id="b49f8667-f29c-3dd3-bfe8-d31301ada6db">
      <Execution id="9a45cb67-219c-4bbc-bfba-5b0d67f488c1" />
      <TestMethod codeBase="D:\v2.0\A1\_work\dbded102\bin\Release.AnyCPU\Vssf.Sdk\MS.TF.Framework.Server.L0.Tests\MS.TF.Framework.Server.L0.Tests.dll" adapterTypeName="Microsoft.VisualStudio.TestTools.TestTypes.Unit.UnitTestAdapter" className="MS.TF.Framework.Server.L0.Tests.Authentication.SubjectDescriptorTests" name="ClaimDescriptorNonEquivalancy" />
    </UnitTest>
    <UnitTest name="ClaimDescriptorBadData" storage="d:\v2.0\a1\_work\dbded102\bin\release.anycpu\vssf.sdk\ms.tf.framework.server.l0.tests\ms.tf.framework.server.l0.tests.dll" id="330e7561-c366-ba71-a1a1-577854bd5e9d">
      <Execution id="386a8570-16f0-4ae9-9f82-f8f406e4ae56" />
      <TestMethod codeBase="D:\v2.0\A1\_work\dbded102\bin\Release.AnyCPU\Vssf.Sdk\MS.TF.Framework.Server.L0.Tests\MS.TF.Framework.Server.L0.Tests.dll" adapterTypeName="Microsoft.VisualStudio.TestTools.TestTypes.Unit.UnitTestAdapter" className="MS.TF.Framework.Server.L0.Tests.Authentication.SubjectDescriptorTests" name="ClaimDescriptorBadData" />
    </UnitTest>
    <UnitTest name="CleanupExpiredTraces_Test_OnPrem_Does_Nothing" storage="d:\v2.0\a1\_work\dbded102\bin\release.anycpu\vssf.sdk\ms.tf.framework.server.l0.tests\ms.tf.framework.server.l0.tests.dll" id="010f39a7-f85d-0751-572f-736dafbac220">
      <Execution id="5a17448e-4a14-4984-a2f5-5dc5070fa43b" />
      <TestMethod codeBase="D:\v2.0\A1\_work\dbded102\bin\Release.AnyCPU\Vssf.Sdk\MS.TF.Framework.Server.L0.Tests\MS.TF.Framework.Server.L0.Tests.dll" adapterTypeName="Microsoft.VisualStudio.TestTools.TestTypes.Unit.UnitTestAdapter" className="MS.TF.Framework.Server.L0.Tests.Tracing.FrameworkDatabaseDataCleanupTests+CleanupExpiredTracesTests" name="CleanupExpiredTraces_Test_OnPrem_Does_Nothing" />
    </UnitTest>
    <UnitTest name="CleanupExpiredTraces_Test_TurnedOff_Does_Nothing" storage="d:\v2.0\a1\_work\dbded102\bin\release.anycpu\vssf.sdk\ms.tf.framework.server.l0.tests\ms.tf.framework.server.l0.tests.dll" id="1a4f24ae-0e2b-6a30-3975-01188ac3600d">
      <Execution id="b81a56d3-c0c0-4ae1-9832-8b19afc8e2db" />
      <TestMethod codeBase="D:\v2.0\A1\_work\dbded102\bin\Release.AnyCPU\Vssf.Sdk\MS.TF.Framework.Server.L0.Tests\MS.TF.Framework.Server.L0.Tests.dll" adapterTypeName="Microsoft.VisualStudio.TestTools.TestTypes.Unit.UnitTestAdapter" className="MS.TF.Framework.Server.L0.Tests.Tracing.FrameworkDatabaseDataCleanupTests+CleanupExpiredTracesTests" name="CleanupExpiredTraces_Test_TurnedOff_Does_Nothing" />
    </UnitTest>
    <UnitTest name="CleanupExpiredTraces_Test_StopingTraces" storage="d:\v2.0\a1\_work\dbded102\bin\release.anycpu\vssf.sdk\ms.tf.framework.server.l0.tests\ms.tf.framework.server.l0.tests.dll" id="a2421838-20ff-b07e-0b19-97d3e21172e0">
      <Execution id="98d53cab-934b-4271-b904-8db77018db60" />
      <TestMethod codeBase="D:\v2.0\A1\_work\dbded102\bin\Release.AnyCPU\Vssf.Sdk\MS.TF.Framework.Server.L0.Tests\MS.TF.Framework.Server.L0.Tests.dll" adapterTypeName="Microsoft.VisualStudio.TestTools.TestTypes.Unit.UnitTestAdapter" className="MS.TF.Framework.Server.L0.Tests.Tracing.FrameworkDatabaseDataCleanupTests+CleanupExpiredTracesTests" name="CleanupExpiredTraces_Test_StopingTraces" />
    </UnitTest>
    <UnitTest name="HostRoutingService_GetAbsoluteVirtualPath_HostedBasic" storage="d:\v2.0\a1\_work\dbded102\bin\release.anycpu\vssf.sdk\ms.tf.framework.server.l0.tests\ms.tf.framework.server.l0.tests.dll" id="dfc3ba4e-b63d-961b-7607-f7c95aca6f6e">
      <Execution id="edb14dab-772b-4ef0-b143-b3e5dcd5d1df" />
      <TestMethod codeBase="D:\v2.0\A1\_work\dbded102\bin\Release.AnyCPU\Vssf.Sdk\MS.TF.Framework.Server.L0.Tests\MS.TF.Framework.Server.L0.Tests.dll" adapterTypeName="Microsoft.VisualStudio.TestTools.TestTypes.Unit.UnitTestAdapter" className="MS.TF.Framework.Server.L0.Tests.HostRouting.HostRoutingServiceTests+GetAbsoluteVirtualPathTests" name="HostRoutingService_GetAbsoluteVirtualPath_HostedBasic" />
    </UnitTest>
    <UnitTest name="HostRoutingService_GetAbsoluteVirtualPath_OnPremBasic" storage="d:\v2.0\a1\_work\dbded102\bin\release.anycpu\vssf.sdk\ms.tf.framework.server.l0.tests\ms.tf.framework.server.l0.tests.dll" id="dfd9a859-6e80-2a91-4692-b4aea6dcc337">
      <Execution id="9d678f2b-5784-44d7-be3b-4f8ef9167766" />
      <TestMethod codeBase="D:\v2.0\A1\_work\dbded102\bin\Release.AnyCPU\Vssf.Sdk\MS.TF.Framework.Server.L0.Tests\MS.TF.Framework.Server.L0.Tests.dll" adapterTypeName="Microsoft.VisualStudio.TestTools.TestTypes.Unit.UnitTestAdapter" className="MS.TF.Framework.Server.L0.Tests.HostRouting.HostRoutingServiceTests+GetAbsoluteVirtualPathTests" name="HostRoutingService_GetAbsoluteVirtualPath_OnPremBasic" />
    </UnitTest>
    <UnitTest name="HostRoutingService_GetAbsoluteVirtualPath_ForbiddenHosts" storage="d:\v2.0\a1\_work\dbded102\bin\release.anycpu\vssf.sdk\ms.tf.framework.server.l0.tests\ms.tf.framework.server.l0.tests.dll" id="b3878e41-b634-0b0a-513b-03087a45aa29">
      <Execution id="fba63426-5c91-40fb-b49d-b1f8318d14ca" />
      <TestMethod codeBase="D:\v2.0\A1\_work\dbded102\bin\Release.AnyCPU\Vssf.Sdk\MS.TF.Framework.Server.L0.Tests\MS.TF.Framework.Server.L0.Tests.dll" adapterTypeName="Microsoft.VisualStudio.TestTools.TestTypes.Unit.UnitTestAdapter" className="MS.TF.Framework.Server.L0.Tests.HostRouting.HostRoutingServiceTests+GetAbsoluteVirtualPathTests" name="HostRoutingService_GetAbsoluteVirtualPath_ForbiddenHosts" />
    </UnitTest>
    <UnitTest name="HostRoutingService_GetSessionHeader_Basic" storage="d:\v2.0\a1\_work\dbded102\bin\release.anycpu\vssf.sdk\ms.tf.framework.server.l0.tests\ms.tf.framework.server.l0.tests.dll" id="6f151964-3f38-721a-1e0c-81a68641f533">
      <Execution id="3f004daa-d7d7-4ec5-b5a5-1a108ef67ad3" />
      <TestMethod codeBase="D:\v2.0\A1\_work\dbded102\bin\Release.AnyCPU\Vssf.Sdk\MS.TF.Framework.Server.L0.Tests\MS.TF.Framework.Server.L0.Tests.dll" adapterTypeName="Microsoft.VisualStudio.TestTools.TestTypes.Unit.UnitTestAdapter" className="MS.TF.Framework.Server.L0.Tests.HostRouting.HostRoutingServiceTests+GetSessionHeaderTests" name="HostRoutingService_GetSessionHeader_Basic" />
    </UnitTest>
    <UnitTest name="HostRoutingService_BeginRequest_NullRouteContextReturnsNull" storage="d:\v2.0\a1\_work\dbded102\bin\release.anycpu\vssf.sdk\ms.tf.framework.server.l0.tests\ms.tf.framework.server.l0.tests.dll" id="9b966e7f-b091-083c-9cca-0bea5b39acd0">
      <Execution id="0455c1b5-e309-47c6-abe8-8371182de6e1" />
      <TestMethod codeBase="D:\v2.0\A1\_work\dbded102\bin\Release.AnyCPU\Vssf.Sdk\MS.TF.Framework.Server.L0.Tests\MS.TF.Framework.Server.L0.Tests.dll" adapterTypeName="Microsoft.VisualStudio.TestTools.TestTypes.Unit.UnitTestAdapter" className="MS.TF.Framework.Server.L0.Tests.HostRouting.HostRoutingServiceTests+BeginRequestTests" name="HostRoutingService_BeginRequest_NullRouteContextReturnsNull" />
    </UnitTest>
    <UnitTest name="HostRoutingService_BeginRequest_RouteContextEmptyGuid" storage="d:\v2.0\a1\_work\dbded102\bin\release.anycpu\vssf.sdk\ms.tf.framework.server.l0.tests\ms.tf.framework.server.l0.tests.dll" id="65cb6da2-db9d-1ac3-1d39-efb0dddaa5cc">
      <Execution id="11000fda-4bf3-48ef-b0ae-492831ac6385" />
      <TestMethod codeBase="D:\v2.0\A1\_work\dbded102\bin\Release.AnyCPU\Vssf.Sdk\MS.TF.Framework.Server.L0.Tests\MS.TF.Framework.Server.L0.Tests.dll" adapterTypeName="Microsoft.VisualStudio.TestTools.TestTypes.Unit.UnitTestAdapter" className="MS.TF.Framework.Server.L0.Tests.HostRouting.HostRoutingServiceTests+BeginRequestTests" name="HostRoutingService_BeginRequest_RouteContextEmptyGuid" />
    </UnitTest>
    <UnitTest name="HostRoutingService_BeginRequest_NormalCreate" storage="d:\v2.0\a1\_work\dbded102\bin\release.anycpu\vssf.sdk\ms.tf.framework.server.l0.tests\ms.tf.framework.server.l0.tests.dll" id="9a4bd56d-a8ec-f504-afb8-fe4c5ca88a09">
      <Execution id="ba55e67c-ce4c-479b-ae5a-b7565880a84c" />
      <TestMethod codeBase="D:\v2.0\A1\_work\dbded102\bin\Release.AnyCPU\Vssf.Sdk\MS.TF.Framework.Server.L0.Tests\MS.TF.Framework.Server.L0.Tests.dll" adapterTypeName="Microsoft.VisualStudio.TestTools.TestTypes.Unit.UnitTestAdapter" className="MS.TF.Framework.Server.L0.Tests.HostRouting.HostRoutingServiceTests+BeginRequestTests" name="HostRoutingService_BeginRequest_NormalCreate" />
    </UnitTest>
    <UnitTest name="HostRoutingService_BeginRequest_OnPremNoHostReturnsNull" storage="d:\v2.0\a1\_work\dbded102\bin\release.anycpu\vssf.sdk\ms.tf.framework.server.l0.tests\ms.tf.framework.server.l0.tests.dll" id="7e53a9af-0be1-536c-c3c1-56cf258c7aac">
      <Execution id="88610318-e3c2-4a53-9320-6cfff56379fa" />
      <TestMethod codeBase="D:\v2.0\A1\_work\dbded102\bin\Release.AnyCPU\Vssf.Sdk\MS.TF.Framework.Server.L0.Tests\MS.TF.Framework.Server.L0.Tests.dll" adapterTypeName="Microsoft.VisualStudio.TestTools.TestTypes.Unit.UnitTestAdapter" className="MS.TF.Framework.Server.L0.Tests.HostRouting.HostRoutingServiceTests+BeginRequestTests" name="HostRoutingService_BeginRequest_OnPremNoHostReturnsNull" />
    </UnitTest>
    <UnitTest name="HostRoutingService_BeginRequest_RoutedRequest" storage="d:\v2.0\a1\_work\dbded102\bin\release.anycpu\vssf.sdk\ms.tf.framework.server.l0.tests\ms.tf.framework.server.l0.tests.dll" id="c50208b9-b466-ef80-3384-9394f1346dbe">
      <Execution id="f3da149d-8c2e-41eb-8507-ee586eca1183" />
      <TestMethod codeBase="D:\v2.0\A1\_work\dbded102\bin\Release.AnyCPU\Vssf.Sdk\MS.TF.Framework.Server.L0.Tests\MS.TF.Framework.Server.L0.Tests.dll" adapterTypeName="Microsoft.VisualStudio.TestTools.TestTypes.Unit.UnitTestAdapter" className="MS.TF.Framework.Server.L0.Tests.HostRouting.HostRoutingServiceTests+BeginRequestTests" name="HostRoutingService_BeginRequest_RoutedRequest" />
    </UnitTest>
    <UnitTest name="HostRoutingService_BeginRequest_FaultIn" storage="d:\v2.0\a1\_work\dbded102\bin\release.anycpu\vssf.sdk\ms.tf.framework.server.l0.tests\ms.tf.framework.server.l0.tests.dll" id="f03ce6c7-d7ca-dcf0-69b0-739788b7cf28">
      <Execution id="57c3b962-94b4-459f-8a35-998fdf194d54" />
      <TestMethod codeBase="D:\v2.0\A1\_work\dbded102\bin\Release.AnyCPU\Vssf.Sdk\MS.TF.Framework.Server.L0.Tests\MS.TF.Framework.Server.L0.Tests.dll" adapterTypeName="Microsoft.VisualStudio.TestTools.TestTypes.Unit.UnitTestAdapter" className="MS.TF.Framework.Server.L0.Tests.HostRouting.HostRoutingServiceTests+BeginRequestTests" name="HostRoutingService_BeginRequest_FaultIn" />
    </UnitTest>
    <UnitTest name="DeploymentLevelNoPermissionsThrows" storage="d:\v2.0\a1\_work\dbded102\bin\release.anycpu\vssf.sdk\ms.tf.framework.server.l0.tests\ms.tf.framework.server.l0.tests.dll" id="5d55bc61-0e3f-fa72-318e-9ca63c7aca93">
      <Owners>
        <Owner name="johnmo" />
      </Owners>
      <Execution id="d353b8ff-0a24-4ee0-95eb-5ef3db91d4de" />
      <TestMethod codeBase="D:\v2.0\A1\_work\dbded102\bin\Release.AnyCPU\Vssf.Sdk\MS.TF.Framework.Server.L0.Tests\MS.TF.Framework.Server.L0.Tests.dll" adapterTypeName="Microsoft.VisualStudio.TestTools.TestTypes.Unit.UnitTestAdapter" className="MS.TF.Framework.Server.L0.Tests.Operations.OperationsUtilityTests+GetOperationReference" name="DeploymentLevelNoPermissionsThrows" />
    </UnitTest>
    <UnitTest name="JobNotFoundThrows" storage="d:\v2.0\a1\_work\dbded102\bin\release.anycpu\vssf.sdk\ms.tf.framework.server.l0.tests\ms.tf.framework.server.l0.tests.dll" id="e47d9b56-0900-3604-286d-a54e02aad7f4">
      <Owners>
        <Owner name="johnmo" />
      </Owners>
      <Execution id="c2b75afd-1656-414f-a912-d6c5e5e7c3a4" />
      <TestMethod codeBase="D:\v2.0\A1\_work\dbded102\bin\Release.AnyCPU\Vssf.Sdk\MS.TF.Framework.Server.L0.Tests\MS.TF.Framework.Server.L0.Tests.dll" adapterTypeName="Microsoft.VisualStudio.TestTools.TestTypes.Unit.UnitTestAdapter" className="MS.TF.Framework.Server.L0.Tests.Operations.OperationsUtilityTests+GetOperationReference" name="JobNotFoundThrows" />
    </UnitTest>
    <UnitTest name="NoPermissionsForJobFoundInQueueThrows" storage="d:\v2.0\a1\_work\dbded102\bin\release.anycpu\vssf.sdk\ms.tf.framework.server.l0.tests\ms.tf.framework.server.l0.tests.dll" id="b3bcb665-a493-0659-0dab-1f5d79e8257d">
      <Owners>
        <Owner name="johnmo" />
      </Owners>
      <Execution id="a3e1f904-c1aa-4170-8858-a76add204f20" />
      <TestMethod codeBase="D:\v2.0\A1\_work\dbded102\bin\Release.AnyCPU\Vssf.Sdk\MS.TF.Framework.Server.L0.Tests\MS.TF.Framework.Server.L0.Tests.dll" adapterTypeName="Microsoft.VisualStudio.TestTools.TestTypes.Unit.UnitTestAdapter" className="MS.TF.Framework.Server.L0.Tests.Operations.OperationsUtilityTests+GetOperationReference" name="NoPermissionsForJobFoundInQueueThrows" />
    </UnitTest>
    <UnitTest name="NoPermissionsForJobFoundInHistoryThrows" storage="d:\v2.0\a1\_work\dbded102\bin\release.anycpu\vssf.sdk\ms.tf.framework.server.l0.tests\ms.tf.framework.server.l0.tests.dll" id="d9c21c69-b436-b4c7-9af9-b7df885cecd6">
      <Owners>
        <Owner name="johnmo" />
      </Owners>
      <Execution id="b1b3e7d8-bbd8-4bd4-ae86-7557d98d1eeb" />
      <TestMethod codeBase="D:\v2.0\A1\_work\dbded102\bin\Release.AnyCPU\Vssf.Sdk\MS.TF.Framework.Server.L0.Tests\MS.TF.Framework.Server.L0.Tests.dll" adapterTypeName="Microsoft.VisualStudio.TestTools.TestTypes.Unit.UnitTestAdapter" className="MS.TF.Framework.Server.L0.Tests.Operations.OperationsUtilityTests+GetOperationReference" name="NoPermissionsForJobFoundInHistoryThrows" />
    </UnitTest>
    <UnitTest name="JobFoundInQueueReturnsOperation" storage="d:\v2.0\a1\_work\dbded102\bin\release.anycpu\vssf.sdk\ms.tf.framework.server.l0.tests\ms.tf.framework.server.l0.tests.dll" id="6050805e-8029-d3ef-6459-3cbcbd2e55f4">
      <Owners>
        <Owner name="johnmo" />
      </Owners>
      <Execution id="59c2f9d4-c753-4f0a-a952-a480312dae44" />
      <TestMethod codeBase="D:\v2.0\A1\_work\dbded102\bin\Release.AnyCPU\Vssf.Sdk\MS.TF.Framework.Server.L0.Tests\MS.TF.Framework.Server.L0.Tests.dll" adapterTypeName="Microsoft.VisualStudio.TestTools.TestTypes.Unit.UnitTestAdapter" className="MS.TF.Framework.Server.L0.Tests.Operations.OperationsUtilityTests+GetOperationReference" name="JobFoundInQueueReturnsOperation" />
    </UnitTest>
    <UnitTest name="JobFoundInHistoryReturnsOperation" storage="d:\v2.0\a1\_work\dbded102\bin\release.anycpu\vssf.sdk\ms.tf.framework.server.l0.tests\ms.tf.framework.server.l0.tests.dll" id="137dab4f-35c0-0246-623a-479beb50297e">
      <Owners>
        <Owner name="johnmo" />
      </Owners>
      <Execution id="9fcf8663-089b-46d4-bed1-c7a168f54754" />
      <TestMethod codeBase="D:\v2.0\A1\_work\dbded102\bin\Release.AnyCPU\Vssf.Sdk\MS.TF.Framework.Server.L0.Tests\MS.TF.Framework.Server.L0.Tests.dll" adapterTypeName="Microsoft.VisualStudio.TestTools.TestTypes.Unit.UnitTestAdapter" className="MS.TF.Framework.Server.L0.Tests.Operations.OperationsUtilityTests+GetOperationReference" name="JobFoundInHistoryReturnsOperation" />
    </UnitTest>
    <UnitTest name="IsNotProductionResultMessageIncluded" storage="d:\v2.0\a1\_work\dbded102\bin\release.anycpu\vssf.sdk\ms.tf.framework.server.l0.tests\ms.tf.framework.server.l0.tests.dll" id="d9f3e9a8-9223-ae59-352d-550ece81381d">
      <Owners>
        <Owner name="johnmo" />
      </Owners>
      <Execution id="f7a59150-2219-453a-9635-c0ec735281ee" />
      <TestMethod codeBase="D:\v2.0\A1\_work\dbded102\bin\Release.AnyCPU\Vssf.Sdk\MS.TF.Framework.Server.L0.Tests\MS.TF.Framework.Server.L0.Tests.dll" adapterTypeName="Microsoft.VisualStudio.TestTools.TestTypes.Unit.UnitTestAdapter" className="MS.TF.Framework.Server.L0.Tests.Operations.OperationsUtilityTests+GetOperationReference" name="IsNotProductionResultMessageIncluded" />
    </UnitTest>
    <UnitTest name="IsProductionNoResultMessage" storage="d:\v2.0\a1\_work\dbded102\bin\release.anycpu\vssf.sdk\ms.tf.framework.server.l0.tests\ms.tf.framework.server.l0.tests.dll" id="5f0a57d7-d218-fd89-f58b-6c920e6edeb1">
      <Owners>
        <Owner name="johnmo" />
      </Owners>
      <Execution id="bf54922f-b153-46fb-b717-a11c212097c4" />
      <TestMethod codeBase="D:\v2.0\A1\_work\dbded102\bin\Release.AnyCPU\Vssf.Sdk\MS.TF.Framework.Server.L0.Tests\MS.TF.Framework.Server.L0.Tests.dll" adapterTypeName="Microsoft.VisualStudio.TestTools.TestTypes.Unit.UnitTestAdapter" className="MS.TF.Framework.Server.L0.Tests.Operations.OperationsUtilityTests+GetOperationReference" name="IsProductionNoResultMessage" />
    </UnitTest>
    <UnitTest name="JobFoundInDefinitionReturnsOperation" storage="d:\v2.0\a1\_work\dbded102\bin\release.anycpu\vssf.sdk\ms.tf.framework.server.l0.tests\ms.tf.framework.server.l0.tests.dll" id="b2e42975-32bf-97f1-e055-61f6a0d69861">
      <Owners>
        <Owner name="johnmo" />
      </Owners>
      <Execution id="563602e2-5342-4233-b539-b92d0af6d1bc" />
      <TestMethod codeBase="D:\v2.0\A1\_work\dbded102\bin\Release.AnyCPU\Vssf.Sdk\MS.TF.Framework.Server.L0.Tests\MS.TF.Framework.Server.L0.Tests.dll" adapterTypeName="Microsoft.VisualStudio.TestTools.TestTypes.Unit.UnitTestAdapter" className="MS.TF.Framework.Server.L0.Tests.Operations.OperationsUtilityTests+GetOperationReference" name="JobFoundInDefinitionReturnsOperation" />
    </UnitTest>
    <UnitTest name="JobQueueTrumpsHistory" storage="d:\v2.0\a1\_work\dbded102\bin\release.anycpu\vssf.sdk\ms.tf.framework.server.l0.tests\ms.tf.framework.server.l0.tests.dll" id="9ea4ac0a-2ce9-79a0-1c70-e8d555de237e">
      <Owners>
        <Owner name="johnmo" />
      </Owners>
      <Execution id="f779f5f4-1a05-4202-8d1f-46489ff46f31" />
      <TestMethod codeBase="D:\v2.0\A1\_work\dbded102\bin\Release.AnyCPU\Vssf.Sdk\MS.TF.Framework.Server.L0.Tests\MS.TF.Framework.Server.L0.Tests.dll" adapterTypeName="Microsoft.VisualStudio.TestTools.TestTypes.Unit.UnitTestAdapter" className="MS.TF.Framework.Server.L0.Tests.Operations.OperationsUtilityTests+GetOperationReference" name="JobQueueTrumpsHistory" />
    </UnitTest>
    <UnitTest name="JobHistoryTrumpsDefinition" storage="d:\v2.0\a1\_work\dbded102\bin\release.anycpu\vssf.sdk\ms.tf.framework.server.l0.tests\ms.tf.framework.server.l0.tests.dll" id="5d80fba4-8980-b342-838b-ea0db55b8961">
      <Owners>
        <Owner name="johnmo" />
      </Owners>
      <Execution id="20d1e9be-ac85-4a19-ab33-cf8724f7a6a9" />
      <TestMethod codeBase="D:\v2.0\A1\_work\dbded102\bin\Release.AnyCPU\Vssf.Sdk\MS.TF.Framework.Server.L0.Tests\MS.TF.Framework.Server.L0.Tests.dll" adapterTypeName="Microsoft.VisualStudio.TestTools.TestTypes.Unit.UnitTestAdapter" className="MS.TF.Framework.Server.L0.Tests.Operations.OperationsUtilityTests+GetOperationReference" name="JobHistoryTrumpsDefinition" />
    </UnitTest>
    <UnitTest name="JobStateMapHasAllValues" storage="d:\v2.0\a1\_work\dbded102\bin\release.anycpu\vssf.sdk\ms.tf.framework.server.l0.tests\ms.tf.framework.server.l0.tests.dll" id="00ac987d-b8d2-9f71-c1ef-49c9895edb0a">
      <Owners>
        <Owner name="johnmo" />
      </Owners>
      <Execution id="27f1f4fd-ddf8-4afc-8af9-c661f44e718d" />
      <TestMethod codeBase="D:\v2.0\A1\_work\dbded102\bin\Release.AnyCPU\Vssf.Sdk\MS.TF.Framework.Server.L0.Tests\MS.TF.Framework.Server.L0.Tests.dll" adapterTypeName="Microsoft.VisualStudio.TestTools.TestTypes.Unit.UnitTestAdapter" className="MS.TF.Framework.Server.L0.Tests.Operations.OperationsUtilityTests+MapTests" name="JobStateMapHasAllValues" />
    </UnitTest>
    <UnitTest name="JobResultMapHasAllValues" storage="d:\v2.0\a1\_work\dbded102\bin\release.anycpu\vssf.sdk\ms.tf.framework.server.l0.tests\ms.tf.framework.server.l0.tests.dll" id="01aa874c-bc97-b307-02a2-2de816963602">
      <Owners>
        <Owner name="johnmo" />
      </Owners>
      <Execution id="b7ac8f32-d0ce-4ad2-9b75-b16d28761f93" />
      <TestMethod codeBase="D:\v2.0\A1\_work\dbded102\bin\Release.AnyCPU\Vssf.Sdk\MS.TF.Framework.Server.L0.Tests\MS.TF.Framework.Server.L0.Tests.dll" adapterTypeName="Microsoft.VisualStudio.TestTools.TestTypes.Unit.UnitTestAdapter" className="MS.TF.Framework.Server.L0.Tests.Operations.OperationsUtilityTests+MapTests" name="JobResultMapHasAllValues" />
    </UnitTest>
    <UnitTest name="TryCreateHostRequestContextOnSps" storage="d:\v2.0\a1\_work\dbded102\bin\release.anycpu\vssf.sdk\ms.tf.framework.server.l0.tests\ms.tf.framework.server.l0.tests.dll" id="1d3ba152-39bc-8b54-af20-048cb5e0157b">
      <Execution id="64c9e949-19d5-445e-8799-c2736aee7fde" />
      <TestMethod codeBase="D:\v2.0\A1\_work\dbded102\bin\Release.AnyCPU\Vssf.Sdk\MS.TF.Framework.Server.L0.Tests\MS.TF.Framework.Server.L0.Tests.dll" adapterTypeName="Microsoft.VisualStudio.TestTools.TestTypes.Unit.UnitTestAdapter" className="MS.TF.Framework.Server.L0.Tests.InstanceManagement.InstanceManagementTests+TryCreateHostRequestContextTests" name="TryCreateHostRequestContextOnSps" />
    </UnitTest>
    <UnitTest name="TryCreateHostRequestContextOnSpsHostDoesNotExist" storage="d:\v2.0\a1\_work\dbded102\bin\release.anycpu\vssf.sdk\ms.tf.framework.server.l0.tests\ms.tf.framework.server.l0.tests.dll" id="eacab587-0a80-e621-8ec9-2ec9360d9a22">
      <Execution id="59151842-0537-48cc-905f-453b1297eed7" />
      <TestMethod codeBase="D:\v2.0\A1\_work\dbded102\bin\Release.AnyCPU\Vssf.Sdk\MS.TF.Framework.Server.L0.Tests\MS.TF.Framework.Server.L0.Tests.dll" adapterTypeName="Microsoft.VisualStudio.TestTools.TestTypes.Unit.UnitTestAdapter" className="MS.TF.Framework.Server.L0.Tests.InstanceManagement.InstanceManagementTests+TryCreateHostRequestContextTests" name="TryCreateHostRequestContextOnSpsHostDoesNotExist" />
    </UnitTest>
    <UnitTest name="TryCreateHostRequestContextOnSdkSampleHostLoaded" storage="d:\v2.0\a1\_work\dbded102\bin\release.anycpu\vssf.sdk\ms.tf.framework.server.l0.tests\ms.tf.framework.server.l0.tests.dll" id="a9545847-bc0c-a732-32b4-2df76492cb1b">
      <Execution id="d6becc8a-ad00-41f2-9004-63ace778712f" />
      <TestMethod codeBase="D:\v2.0\A1\_work\dbded102\bin\Release.AnyCPU\Vssf.Sdk\MS.TF.Framework.Server.L0.Tests\MS.TF.Framework.Server.L0.Tests.dll" adapterTypeName="Microsoft.VisualStudio.TestTools.TestTypes.Unit.UnitTestAdapter" className="MS.TF.Framework.Server.L0.Tests.InstanceManagement.InstanceManagementTests+TryCreateHostRequestContextTests" name="TryCreateHostRequestContextOnSdkSampleHostLoaded" />
    </UnitTest>
    <UnitTest name="TryCreateHostRequestContextOnSdkSampleHostNotPresent" storage="d:\v2.0\a1\_work\dbded102\bin\release.anycpu\vssf.sdk\ms.tf.framework.server.l0.tests\ms.tf.framework.server.l0.tests.dll" id="b2e677a5-e82e-2bf6-3161-02f6d48165b9">
      <Execution id="cc1e624a-a214-4b79-a6b6-f814031956bc" />
      <TestMethod codeBase="D:\v2.0\A1\_work\dbded102\bin\Release.AnyCPU\Vssf.Sdk\MS.TF.Framework.Server.L0.Tests\MS.TF.Framework.Server.L0.Tests.dll" adapterTypeName="Microsoft.VisualStudio.TestTools.TestTypes.Unit.UnitTestAdapter" className="MS.TF.Framework.Server.L0.Tests.InstanceManagement.InstanceManagementTests+TryCreateHostRequestContextTests" name="TryCreateHostRequestContextOnSdkSampleHostNotPresent" />
    </UnitTest>
    <UnitTest name="UrlHostResolutionService_add_entries_on_premise" storage="d:\v2.0\a1\_work\dbded102\bin\release.anycpu\vssf.sdk\ms.tf.framework.server.l0.tests\ms.tf.framework.server.l0.tests.dll" id="686c1113-4101-8510-2e32-6f43e71c4ca0">
      <Execution id="e232381c-84bc-4e1d-b9dd-b450983dd20a" />
      <TestMethod codeBase="D:\v2.0\A1\_work\dbded102\bin\Release.AnyCPU\Vssf.Sdk\MS.TF.Framework.Server.L0.Tests\MS.TF.Framework.Server.L0.Tests.dll" adapterTypeName="Microsoft.VisualStudio.TestTools.TestTypes.Unit.UnitTestAdapter" className="MS.TF.Framework.Server.L0.Tests.S2SAuth.UrlHostResolutionServiceTests+AddHostResolutionEntriesTests" name="UrlHostResolutionService_add_entries_on_premise" />
    </UnitTest>
    <UnitTest name="UrlHostResolutionService_add_entries_hosted" storage="d:\v2.0\a1\_work\dbded102\bin\release.anycpu\vssf.sdk\ms.tf.framework.server.l0.tests\ms.tf.framework.server.l0.tests.dll" id="586e2cd6-a2b7-c4a9-cc05-47cac12a83de">
      <Execution id="8e0083db-3db1-45e1-b954-23f20b5a4b34" />
      <TestMethod codeBase="D:\v2.0\A1\_work\dbded102\bin\Release.AnyCPU\Vssf.Sdk\MS.TF.Framework.Server.L0.Tests\MS.TF.Framework.Server.L0.Tests.dll" adapterTypeName="Microsoft.VisualStudio.TestTools.TestTypes.Unit.UnitTestAdapter" className="MS.TF.Framework.Server.L0.Tests.S2SAuth.UrlHostResolutionServiceTests+AddHostResolutionEntriesTests" name="UrlHostResolutionService_add_entries_hosted" />
    </UnitTest>
    <UnitTest name="UrlHostResolutionService_add_entries_missing_trailing_slash" storage="d:\v2.0\a1\_work\dbded102\bin\release.anycpu\vssf.sdk\ms.tf.framework.server.l0.tests\ms.tf.framework.server.l0.tests.dll" id="f03b3480-d080-40ce-a0ad-abe7dfd83876">
      <Execution id="56c13768-a993-453c-b778-7a6200201a1d" />
      <TestMethod codeBase="D:\v2.0\A1\_work\dbded102\bin\Release.AnyCPU\Vssf.Sdk\MS.TF.Framework.Server.L0.Tests\MS.TF.Framework.Server.L0.Tests.dll" adapterTypeName="Microsoft.VisualStudio.TestTools.TestTypes.Unit.UnitTestAdapter" className="MS.TF.Framework.Server.L0.Tests.S2SAuth.UrlHostResolutionServiceTests+AddHostResolutionEntriesTests" name="UrlHostResolutionService_add_entries_missing_trailing_slash" />
    </UnitTest>
    <UnitTest name="UrlHostResolutionService_add_entries_deployment_host" storage="d:\v2.0\a1\_work\dbded102\bin\release.anycpu\vssf.sdk\ms.tf.framework.server.l0.tests\ms.tf.framework.server.l0.tests.dll" id="06b316bc-3a35-cd50-eb8a-8103ba623fae">
      <Execution id="e8c4f763-57f5-4f94-84e0-55518c6f7d98" />
      <TestMethod codeBase="D:\v2.0\A1\_work\dbded102\bin\Release.AnyCPU\Vssf.Sdk\MS.TF.Framework.Server.L0.Tests\MS.TF.Framework.Server.L0.Tests.dll" adapterTypeName="Microsoft.VisualStudio.TestTools.TestTypes.Unit.UnitTestAdapter" className="MS.TF.Framework.Server.L0.Tests.S2SAuth.UrlHostResolutionServiceTests+AddHostResolutionEntriesTests" name="UrlHostResolutionService_add_entries_deployment_host" />
    </UnitTest>
    <UnitTest name="OAuthS2SSettings_initialize_signing_certificate_does_not_reset_certificate" storage="d:\v2.0\a1\_work\dbded102\bin\release.anycpu\vssf.sdk\ms.tf.framework.server.l0.tests\ms.tf.framework.server.l0.tests.dll" id="657499f6-511f-909d-e63f-912223fc6ab1">
      <Execution id="29427d38-a24e-42fd-9673-d9e92746c610" />
      <TestMethod codeBase="D:\v2.0\A1\_work\dbded102\bin\Release.AnyCPU\Vssf.Sdk\MS.TF.Framework.Server.L0.Tests\MS.TF.Framework.Server.L0.Tests.dll" adapterTypeName="Microsoft.VisualStudio.TestTools.TestTypes.Unit.UnitTestAdapter" className="MS.TF.Framework.Server.L0.Tests.S2SAuth.OAuthS2SSettingsTests+InitializationTests" name="OAuthS2SSettings_initialize_signing_certificate_does_not_reset_certificate" />
    </UnitTest>
    <UnitTest name="OAuthS2SSettings_dispose_does_not_reset_certificate" storage="d:\v2.0\a1\_work\dbded102\bin\release.anycpu\vssf.sdk\ms.tf.framework.server.l0.tests\ms.tf.framework.server.l0.tests.dll" id="4b4c24ad-0abd-04a3-c637-3174222648cd">
      <Execution id="0dd1dbd0-9c3b-448f-b05a-264026abaa2b" />
      <TestMethod codeBase="D:\v2.0\A1\_work\dbded102\bin\Release.AnyCPU\Vssf.Sdk\MS.TF.Framework.Server.L0.Tests\MS.TF.Framework.Server.L0.Tests.dll" adapterTypeName="Microsoft.VisualStudio.TestTools.TestTypes.Unit.UnitTestAdapter" className="MS.TF.Framework.Server.L0.Tests.S2SAuth.OAuthS2SSettingsTests+InitializationTests" name="OAuthS2SSettings_dispose_does_not_reset_certificate" />
    </UnitTest>
    <UnitTest name="S2SCredentialsService_generate_new_cache_version_on_new_S2SOAuthCredentials" storage="d:\v2.0\a1\_work\dbded102\bin\release.anycpu\vssf.sdk\ms.tf.framework.server.l0.tests\ms.tf.framework.server.l0.tests.dll" id="9ef0edbe-8751-2c85-22c5-6b58edba6130">
      <Execution id="a51a8ab3-9c42-42d7-8d77-2e609412eb79" />
      <TestMethod codeBase="D:\v2.0\A1\_work\dbded102\bin\Release.AnyCPU\Vssf.Sdk\MS.TF.Framework.Server.L0.Tests\MS.TF.Framework.Server.L0.Tests.dll" adapterTypeName="Microsoft.VisualStudio.TestTools.TestTypes.Unit.UnitTestAdapter" className="MS.TF.Framework.Server.L0.Tests.S2SAuth.TeamFoundationS2SCredentialsServiceTests+GetS2SCredentialsTests" name="S2SCredentialsService_generate_new_cache_version_on_new_S2SOAuthCredentials" />
    </UnitTest>
    <UnitTest name="HostSyncService_EnsureHostUpdated_ParameterValidation" storage="d:\v2.0\a1\_work\dbded102\bin\release.anycpu\vssf.sdk\ms.tf.framework.server.l0.tests\ms.tf.framework.server.l0.tests.dll" id="5da5686e-1093-d545-c309-07c96cef804b">
      <Execution id="53c37de9-5b81-49b0-9c18-7880524370c0" />
      <TestMethod codeBase="D:\v2.0\A1\_work\dbded102\bin\Release.AnyCPU\Vssf.Sdk\MS.TF.Framework.Server.L0.Tests\MS.TF.Framework.Server.L0.Tests.dll" adapterTypeName="Microsoft.VisualStudio.TestTools.TestTypes.Unit.UnitTestAdapter" className="MS.TF.Framework.Server.L0.Tests.HostManagement.HostSyncServiceTests+EnsureHostUpdatedTests" name="HostSyncService_EnsureHostUpdated_ParameterValidation" />
    </UnitTest>
    <UnitTest name="HostSyncService_EnsureHostUpdated_EarlyBailout" storage="d:\v2.0\a1\_work\dbded102\bin\release.anycpu\vssf.sdk\ms.tf.framework.server.l0.tests\ms.tf.framework.server.l0.tests.dll" id="0f8156d7-e432-1733-11b3-df99457f71d5">
      <Execution id="45bdece2-c1ef-4395-a589-c34e60d2f3f7" />
      <TestMethod codeBase="D:\v2.0\A1\_work\dbded102\bin\Release.AnyCPU\Vssf.Sdk\MS.TF.Framework.Server.L0.Tests\MS.TF.Framework.Server.L0.Tests.dll" adapterTypeName="Microsoft.VisualStudio.TestTools.TestTypes.Unit.UnitTestAdapter" className="MS.TF.Framework.Server.L0.Tests.HostManagement.HostSyncServiceTests+EnsureHostUpdatedTests" name="HostSyncService_EnsureHostUpdated_EarlyBailout" />
    </UnitTest>
    <UnitTest name="HostSyncService_EnsureHostUpdated_SyncExistingHostsOnly" storage="d:\v2.0\a1\_work\dbded102\bin\release.anycpu\vssf.sdk\ms.tf.framework.server.l0.tests\ms.tf.framework.server.l0.tests.dll" id="fbde34fd-5cd2-98cc-7a3e-cc60debe9dfe">
      <Execution id="ebcebe6a-fec8-4bde-8e60-2cd7d263ad3d" />
      <TestMethod codeBase="D:\v2.0\A1\_work\dbded102\bin\Release.AnyCPU\Vssf.Sdk\MS.TF.Framework.Server.L0.Tests\MS.TF.Framework.Server.L0.Tests.dll" adapterTypeName="Microsoft.VisualStudio.TestTools.TestTypes.Unit.UnitTestAdapter" className="MS.TF.Framework.Server.L0.Tests.HostManagement.HostSyncServiceTests+EnsureHostUpdatedTests" name="HostSyncService_EnsureHostUpdated_SyncExistingHostsOnly" />
    </UnitTest>
    <UnitTest name="HostSyncService_EnsureHostUpdated_BadHostInstanceMapping" storage="d:\v2.0\a1\_work\dbded102\bin\release.anycpu\vssf.sdk\ms.tf.framework.server.l0.tests\ms.tf.framework.server.l0.tests.dll" id="af08a91b-cb64-1a2d-d59b-1bf0a0c74864">
      <Execution id="66d39f67-1e91-4935-8062-f5bfd14c9c89" />
      <TestMethod codeBase="D:\v2.0\A1\_work\dbded102\bin\Release.AnyCPU\Vssf.Sdk\MS.TF.Framework.Server.L0.Tests\MS.TF.Framework.Server.L0.Tests.dll" adapterTypeName="Microsoft.VisualStudio.TestTools.TestTypes.Unit.UnitTestAdapter" className="MS.TF.Framework.Server.L0.Tests.HostManagement.HostSyncServiceTests+EnsureHostUpdatedTests" name="HostSyncService_EnsureHostUpdated_BadHostInstanceMapping" />
    </UnitTest>
    <UnitTest name="HostSyncService_EnsureHostUpdated_CreateHost" storage="d:\v2.0\a1\_work\dbded102\bin\release.anycpu\vssf.sdk\ms.tf.framework.server.l0.tests\ms.tf.framework.server.l0.tests.dll" id="d0e15bbb-d647-4c4f-e561-8f407f490864">
      <Execution id="6c9e3ae3-d769-4f9d-b307-3a6855732732" />
      <TestMethod codeBase="D:\v2.0\A1\_work\dbded102\bin\Release.AnyCPU\Vssf.Sdk\MS.TF.Framework.Server.L0.Tests\MS.TF.Framework.Server.L0.Tests.dll" adapterTypeName="Microsoft.VisualStudio.TestTools.TestTypes.Unit.UnitTestAdapter" className="MS.TF.Framework.Server.L0.Tests.HostManagement.HostSyncServiceTests+EnsureHostUpdatedTests" name="HostSyncService_EnsureHostUpdated_CreateHost" />
    </UnitTest>
    <UnitTest name="HostSyncService_EnsureHostUpdated_RenameHost" storage="d:\v2.0\a1\_work\dbded102\bin\release.anycpu\vssf.sdk\ms.tf.framework.server.l0.tests\ms.tf.framework.server.l0.tests.dll" id="78900ab3-8cdb-5b65-bd5e-af5787d72241">
      <Execution id="cb8fde4d-e692-4986-802a-5bec96cd8c64" />
      <TestMethod codeBase="D:\v2.0\A1\_work\dbded102\bin\Release.AnyCPU\Vssf.Sdk\MS.TF.Framework.Server.L0.Tests\MS.TF.Framework.Server.L0.Tests.dll" adapterTypeName="Microsoft.VisualStudio.TestTools.TestTypes.Unit.UnitTestAdapter" className="MS.TF.Framework.Server.L0.Tests.HostManagement.HostSyncServiceTests+EnsureHostUpdatedTests" name="HostSyncService_EnsureHostUpdated_RenameHost" />
    </UnitTest>
    <UnitTest name="HostSyncService_EnsureHostUpdated_ParentHostSync" storage="d:\v2.0\a1\_work\dbded102\bin\release.anycpu\vssf.sdk\ms.tf.framework.server.l0.tests\ms.tf.framework.server.l0.tests.dll" id="213bdb4d-3277-43a9-fdc1-72e8f722d9e1">
      <Execution id="2ca4affe-6a9e-405c-9d04-d17b572782bc" />
      <TestMethod codeBase="D:\v2.0\A1\_work\dbded102\bin\Release.AnyCPU\Vssf.Sdk\MS.TF.Framework.Server.L0.Tests\MS.TF.Framework.Server.L0.Tests.dll" adapterTypeName="Microsoft.VisualStudio.TestTools.TestTypes.Unit.UnitTestAdapter" className="MS.TF.Framework.Server.L0.Tests.HostManagement.HostSyncServiceTests+EnsureHostUpdatedTests" name="HostSyncService_EnsureHostUpdated_ParentHostSync" />
    </UnitTest>
    <UnitTest name="Should_throw_argumentnull_when_request_context_isnull" storage="d:\v2.0\a1\_work\dbded102\bin\release.anycpu\vssf.sdk\ms.tf.framework.server.l0.tests\ms.tf.framework.server.l0.tests.dll" id="c7130ecf-96dc-8c59-00f6-19ff021aad7f">
      <Execution id="b099ff71-0883-4aeb-9627-8e8e4bccfb9c" />
      <TestMethod codeBase="D:\v2.0\A1\_work\dbded102\bin\Release.AnyCPU\Vssf.Sdk\MS.TF.Framework.Server.L0.Tests\MS.TF.Framework.Server.L0.Tests.dll" adapterTypeName="Microsoft.VisualStudio.TestTools.TestTypes.Unit.UnitTestAdapter" className="MS.TF.Framework.Server.L0.Tests.Identity.SecureKeyL2CacheTests+TryGet" name="Should_throw_argumentnull_when_request_context_isnull" />
    </UnitTest>
    <UnitTest name="Should_throw_argumentnull_when_key_isnull" storage="d:\v2.0\a1\_work\dbded102\bin\release.anycpu\vssf.sdk\ms.tf.framework.server.l0.tests\ms.tf.framework.server.l0.tests.dll" id="2414365d-c975-ad77-762a-4c5ee1c586da">
      <Execution id="036e2bba-6521-4c60-aee2-16ddb0c51ee1" />
      <TestMethod codeBase="D:\v2.0\A1\_work\dbded102\bin\Release.AnyCPU\Vssf.Sdk\MS.TF.Framework.Server.L0.Tests\MS.TF.Framework.Server.L0.Tests.dll" adapterTypeName="Microsoft.VisualStudio.TestTools.TestTypes.Unit.UnitTestAdapter" className="MS.TF.Framework.Server.L0.Tests.Identity.SecureKeyL2CacheTests+TryGet" name="Should_throw_argumentnull_when_key_isnull" />
    </UnitTest>
    <UnitTest name="Should_return_false_when_redis_is_disabled" storage="d:\v2.0\a1\_work\dbded102\bin\release.anycpu\vssf.sdk\ms.tf.framework.server.l0.tests\ms.tf.framework.server.l0.tests.dll" id="8eac765f-6171-998c-7913-c02d650f564c">
      <Execution id="7ac4d4d9-000e-4eb8-9ab0-dc552cefec93" />
      <TestMethod codeBase="D:\v2.0\A1\_work\dbded102\bin\Release.AnyCPU\Vssf.Sdk\MS.TF.Framework.Server.L0.Tests\MS.TF.Framework.Server.L0.Tests.dll" adapterTypeName="Microsoft.VisualStudio.TestTools.TestTypes.Unit.UnitTestAdapter" className="MS.TF.Framework.Server.L0.Tests.Identity.SecureKeyL2CacheTests+TryGet" name="Should_return_false_when_redis_is_disabled" />
    </UnitTest>
    <UnitTest name="Should_generate_hash32key_usingusercontext" storage="d:\v2.0\a1\_work\dbded102\bin\release.anycpu\vssf.sdk\ms.tf.framework.server.l0.tests\ms.tf.framework.server.l0.tests.dll" id="d02390f9-2c17-6419-c7c4-363e4f35b828">
      <Execution id="9bf7f635-946d-4b6e-ac40-57c5c183469a" />
      <TestMethod codeBase="D:\v2.0\A1\_work\dbded102\bin\Release.AnyCPU\Vssf.Sdk\MS.TF.Framework.Server.L0.Tests\MS.TF.Framework.Server.L0.Tests.dll" adapterTypeName="Microsoft.VisualStudio.TestTools.TestTypes.Unit.UnitTestAdapter" className="MS.TF.Framework.Server.L0.Tests.Identity.SecureKeyL2CacheTests+GetSecureKeyTests" name="Should_generate_hash32key_usingusercontext" />
    </UnitTest>
    <UnitTest name="Should_generate_hash32key_ignoringusercontext_ifusercontextisnull" storage="d:\v2.0\a1\_work\dbded102\bin\release.anycpu\vssf.sdk\ms.tf.framework.server.l0.tests\ms.tf.framework.server.l0.tests.dll" id="51507127-0af1-6ed7-1ffc-650fe1aa0b64">
      <Execution id="c482fbbb-8543-49d7-992c-ba94a2ddbaa3" />
      <TestMethod codeBase="D:\v2.0\A1\_work\dbded102\bin\Release.AnyCPU\Vssf.Sdk\MS.TF.Framework.Server.L0.Tests\MS.TF.Framework.Server.L0.Tests.dll" adapterTypeName="Microsoft.VisualStudio.TestTools.TestTypes.Unit.UnitTestAdapter" className="MS.TF.Framework.Server.L0.Tests.Identity.SecureKeyL2CacheTests+GetSecureKeyTests" name="Should_generate_hash32key_ignoringusercontext_ifusercontextisnull" />
    </UnitTest>
    <UnitTest name="Should_generate_unique_key" storage="d:\v2.0\a1\_work\dbded102\bin\release.anycpu\vssf.sdk\ms.tf.framework.server.l0.tests\ms.tf.framework.server.l0.tests.dll" id="df835bfa-7c3b-cd00-64a9-c018d73e45a8">
      <Execution id="849a3ef5-2807-4a88-b721-6e3d849c19d7" />
      <TestMethod codeBase="D:\v2.0\A1\_work\dbded102\bin\Release.AnyCPU\Vssf.Sdk\MS.TF.Framework.Server.L0.Tests\MS.TF.Framework.Server.L0.Tests.dll" adapterTypeName="Microsoft.VisualStudio.TestTools.TestTypes.Unit.UnitTestAdapter" className="MS.TF.Framework.Server.L0.Tests.Identity.SecureKeyL2CacheTests+GetSecureKeyTests" name="Should_generate_unique_key" />
    </UnitTest>
    <UnitTest name="IdentityExtendedPropertiesCache_FilterUnchangedIdentityProperties_should_not_remove_any_properties_when_feature_is_disabled" storage="d:\v2.0\a1\_work\dbded102\bin\release.anycpu\vssf.sdk\ms.tf.framework.server.l0.tests\ms.tf.framework.server.l0.tests.dll" id="30452b41-7bca-3d9c-7664-a6a41090b773">
      <Execution id="ebde7a47-4ccc-43c7-85e8-13c566b66922" />
      <TestMethod codeBase="D:\v2.0\A1\_work\dbded102\bin\Release.AnyCPU\Vssf.Sdk\MS.TF.Framework.Server.L0.Tests\MS.TF.Framework.Server.L0.Tests.dll" adapterTypeName="Microsoft.VisualStudio.TestTools.TestTypes.Unit.UnitTestAdapter" className="MS.TF.Framework.Server.L0.Tests.Identity.IdentityPropertiesCacheTests+FilterUnchangedIdentityProperties" name="IdentityExtendedPropertiesCache_FilterUnchangedIdentityProperties_should_not_remove_any_properties_when_feature_is_disabled" />
    </UnitTest>
    <UnitTest name="IdentityExtendedPropertiesCache_FilterUnchangedIdentityProperties_should_remove_unchanged_properties" storage="d:\v2.0\a1\_work\dbded102\bin\release.anycpu\vssf.sdk\ms.tf.framework.server.l0.tests\ms.tf.framework.server.l0.tests.dll" id="ba87d3ba-1ba8-92c1-ee05-ae95123f79d8">
      <Execution id="57d1da0f-bbfb-4356-bb93-f031844068b1" />
      <TestMethod codeBase="D:\v2.0\A1\_work\dbded102\bin\Release.AnyCPU\Vssf.Sdk\MS.TF.Framework.Server.L0.Tests\MS.TF.Framework.Server.L0.Tests.dll" adapterTypeName="Microsoft.VisualStudio.TestTools.TestTypes.Unit.UnitTestAdapter" className="MS.TF.Framework.Server.L0.Tests.Identity.IdentityPropertiesCacheTests+FilterUnchangedIdentityProperties" name="IdentityExtendedPropertiesCache_FilterUnchangedIdentityProperties_should_remove_unchanged_properties" />
    </UnitTest>
    <UnitTest name="IdentityExtendedPropertiesCache_FilterUnchangedIdentityProperties_should_not_remove_changed_properties" storage="d:\v2.0\a1\_work\dbded102\bin\release.anycpu\vssf.sdk\ms.tf.framework.server.l0.tests\ms.tf.framework.server.l0.tests.dll" id="74b50b2d-2f01-ae8e-d4c4-6a278a9ca023">
      <Execution id="75bb7a9b-ba5d-464a-9d25-936d63bd4822" />
      <TestMethod codeBase="D:\v2.0\A1\_work\dbded102\bin\Release.AnyCPU\Vssf.Sdk\MS.TF.Framework.Server.L0.Tests\MS.TF.Framework.Server.L0.Tests.dll" adapterTypeName="Microsoft.VisualStudio.TestTools.TestTypes.Unit.UnitTestAdapter" className="MS.TF.Framework.Server.L0.Tests.Identity.IdentityPropertiesCacheTests+FilterUnchangedIdentityProperties" name="IdentityExtendedPropertiesCache_FilterUnchangedIdentityProperties_should_not_remove_changed_properties" />
    </UnitTest>
    <UnitTest name="IdentityExtendedPropertiesCache_FilterUnchangedIdentityProperties_should_not_try_to_get_cached_property_not_in_cache_list" storage="d:\v2.0\a1\_work\dbded102\bin\release.anycpu\vssf.sdk\ms.tf.framework.server.l0.tests\ms.tf.framework.server.l0.tests.dll" id="027544d4-5ea3-7462-8749-6ea483668592">
      <Execution id="cbf846fb-3922-4524-94ca-3d20ae9880e6" />
      <TestMethod codeBase="D:\v2.0\A1\_work\dbded102\bin\Release.AnyCPU\Vssf.Sdk\MS.TF.Framework.Server.L0.Tests\MS.TF.Framework.Server.L0.Tests.dll" adapterTypeName="Microsoft.VisualStudio.TestTools.TestTypes.Unit.UnitTestAdapter" className="MS.TF.Framework.Server.L0.Tests.Identity.IdentityPropertiesCacheTests+FilterUnchangedIdentityProperties" name="IdentityExtendedPropertiesCache_FilterUnchangedIdentityProperties_should_not_try_to_get_cached_property_not_in_cache_list" />
    </UnitTest>
    <UnitTest name="IdentityExtendedPropertiesCache_EnrichIdentityProperties_should_not_enrich_anything_when_feature_flag_is_off" storage="d:\v2.0\a1\_work\dbded102\bin\release.anycpu\vssf.sdk\ms.tf.framework.server.l0.tests\ms.tf.framework.server.l0.tests.dll" id="2033e3dd-87f7-a2bc-7561-38029163d4cb">
      <Execution id="a2f92a69-cb60-4219-9336-7c04d90aec02" />
      <TestMethod codeBase="D:\v2.0\A1\_work\dbded102\bin\Release.AnyCPU\Vssf.Sdk\MS.TF.Framework.Server.L0.Tests\MS.TF.Framework.Server.L0.Tests.dll" adapterTypeName="Microsoft.VisualStudio.TestTools.TestTypes.Unit.UnitTestAdapter" className="MS.TF.Framework.Server.L0.Tests.Identity.IdentityPropertiesCacheTests+EnrichIdentityProperties" name="IdentityExtendedPropertiesCache_EnrichIdentityProperties_should_not_enrich_anything_when_feature_flag_is_off" />
    </UnitTest>
    <UnitTest name="IdentityExtendedPropertiesCache_EnrichIdentityProperties_should_add_found_cached_properties" storage="d:\v2.0\a1\_work\dbded102\bin\release.anycpu\vssf.sdk\ms.tf.framework.server.l0.tests\ms.tf.framework.server.l0.tests.dll" id="46da057b-b8d2-c66d-9ec7-36db799cc59c">
      <Execution id="7cc17e7e-b6e9-43ac-8f4e-088c7c1b2199" />
      <TestMethod codeBase="D:\v2.0\A1\_work\dbded102\bin\Release.AnyCPU\Vssf.Sdk\MS.TF.Framework.Server.L0.Tests\MS.TF.Framework.Server.L0.Tests.dll" adapterTypeName="Microsoft.VisualStudio.TestTools.TestTypes.Unit.UnitTestAdapter" className="MS.TF.Framework.Server.L0.Tests.Identity.IdentityPropertiesCacheTests+EnrichIdentityProperties" name="IdentityExtendedPropertiesCache_EnrichIdentityProperties_should_add_found_cached_properties" />
    </UnitTest>
    <UnitTest name="IdentityExtendedPropertyCache_EnrichIdentityProperties_should_not_enrich_cached_empty_item_properties" storage="d:\v2.0\a1\_work\dbded102\bin\release.anycpu\vssf.sdk\ms.tf.framework.server.l0.tests\ms.tf.framework.server.l0.tests.dll" id="230aa7f4-2c4e-ad02-84e2-bac34bdb4734">
      <Execution id="0ecbffe0-af5e-44f2-9253-06a6638fe15e" />
      <TestMethod codeBase="D:\v2.0\A1\_work\dbded102\bin\Release.AnyCPU\Vssf.Sdk\MS.TF.Framework.Server.L0.Tests\MS.TF.Framework.Server.L0.Tests.dll" adapterTypeName="Microsoft.VisualStudio.TestTools.TestTypes.Unit.UnitTestAdapter" className="MS.TF.Framework.Server.L0.Tests.Identity.IdentityPropertiesCacheTests+EnrichIdentityProperties" name="IdentityExtendedPropertyCache_EnrichIdentityProperties_should_not_enrich_cached_empty_item_properties" />
    </UnitTest>
    <UnitTest name="IdentityExtendedPropertyCache_EnrichIdentityProperties_should_not_attempt_to_enrich_item_not_in_whitelist" storage="d:\v2.0\a1\_work\dbded102\bin\release.anycpu\vssf.sdk\ms.tf.framework.server.l0.tests\ms.tf.framework.server.l0.tests.dll" id="05d987a6-1932-ceac-44fa-f7eef994e44f">
      <Execution id="1c65ff8a-01c5-419e-94fa-3ffd955500f1" />
      <TestMethod codeBase="D:\v2.0\A1\_work\dbded102\bin\Release.AnyCPU\Vssf.Sdk\MS.TF.Framework.Server.L0.Tests\MS.TF.Framework.Server.L0.Tests.dll" adapterTypeName="Microsoft.VisualStudio.TestTools.TestTypes.Unit.UnitTestAdapter" className="MS.TF.Framework.Server.L0.Tests.Identity.IdentityPropertiesCacheTests+EnrichIdentityProperties" name="IdentityExtendedPropertyCache_EnrichIdentityProperties_should_not_attempt_to_enrich_item_not_in_whitelist" />
    </UnitTest>
    <UnitTest name="IdentityExtendedPropertyCache_EnrichIdentityProperties_should_return_true_when_all_requested_properties_matched_cached" storage="d:\v2.0\a1\_work\dbded102\bin\release.anycpu\vssf.sdk\ms.tf.framework.server.l0.tests\ms.tf.framework.server.l0.tests.dll" id="778108fe-6811-7d44-3a63-626efcd8e57d">
      <Execution id="3e56996a-e07c-4481-9416-3f91fadb33fc" />
      <TestMethod codeBase="D:\v2.0\A1\_work\dbded102\bin\Release.AnyCPU\Vssf.Sdk\MS.TF.Framework.Server.L0.Tests\MS.TF.Framework.Server.L0.Tests.dll" adapterTypeName="Microsoft.VisualStudio.TestTools.TestTypes.Unit.UnitTestAdapter" className="MS.TF.Framework.Server.L0.Tests.Identity.IdentityPropertiesCacheTests+EnrichIdentityProperties" name="IdentityExtendedPropertyCache_EnrichIdentityProperties_should_return_true_when_all_requested_properties_matched_cached" />
    </UnitTest>
    <UnitTest name="IdentityExtendedPropertyCache_EnrichIdentityProperties_should_return_false_when_not_all_requested_properties_matched_cached" storage="d:\v2.0\a1\_work\dbded102\bin\release.anycpu\vssf.sdk\ms.tf.framework.server.l0.tests\ms.tf.framework.server.l0.tests.dll" id="98a51b89-0097-970b-7105-7ed63dfbff49">
      <Execution id="69b9fe6c-14db-4cad-9195-c5066dff4e32" />
      <TestMethod codeBase="D:\v2.0\A1\_work\dbded102\bin\Release.AnyCPU\Vssf.Sdk\MS.TF.Framework.Server.L0.Tests\MS.TF.Framework.Server.L0.Tests.dll" adapterTypeName="Microsoft.VisualStudio.TestTools.TestTypes.Unit.UnitTestAdapter" className="MS.TF.Framework.Server.L0.Tests.Identity.IdentityPropertiesCacheTests+EnrichIdentityProperties" name="IdentityExtendedPropertyCache_EnrichIdentityProperties_should_return_false_when_not_all_requested_properties_matched_cached" />
    </UnitTest>
    <UnitTest name="IdentityExtendedPropertiesCache_EnrichIdentityProperties_should_return_false_when_any_requested_property_is_not_in_whitelist" storage="d:\v2.0\a1\_work\dbded102\bin\release.anycpu\vssf.sdk\ms.tf.framework.server.l0.tests\ms.tf.framework.server.l0.tests.dll" id="49119f19-fe2f-c2eb-bd3e-b75d5bbafe74">
      <Execution id="5f4dfda5-9fb1-4d67-818c-3e0cd9fd10b4" />
      <TestMethod codeBase="D:\v2.0\A1\_work\dbded102\bin\Release.AnyCPU\Vssf.Sdk\MS.TF.Framework.Server.L0.Tests\MS.TF.Framework.Server.L0.Tests.dll" adapterTypeName="Microsoft.VisualStudio.TestTools.TestTypes.Unit.UnitTestAdapter" className="MS.TF.Framework.Server.L0.Tests.Identity.IdentityPropertiesCacheTests+EnrichIdentityProperties" name="IdentityExtendedPropertiesCache_EnrichIdentityProperties_should_return_false_when_any_requested_property_is_not_in_whitelist" />
    </UnitTest>
    <UnitTest name="IdentityExtendedPropertyCache_UpdateIdentityProperties_Multiple_should_not_set_or_remove_anything_in_cache_when_feature_flag_is_off" storage="d:\v2.0\a1\_work\dbded102\bin\release.anycpu\vssf.sdk\ms.tf.framework.server.l0.tests\ms.tf.framework.server.l0.tests.dll" id="2908959e-264f-96e4-4f76-a7a4f483d6f5">
      <Execution id="c2b16650-8aca-40d5-96ba-5fd7a212b3c1" />
      <TestMethod codeBase="D:\v2.0\A1\_work\dbded102\bin\Release.AnyCPU\Vssf.Sdk\MS.TF.Framework.Server.L0.Tests\MS.TF.Framework.Server.L0.Tests.dll" adapterTypeName="Microsoft.VisualStudio.TestTools.TestTypes.Unit.UnitTestAdapter" className="MS.TF.Framework.Server.L0.Tests.Identity.IdentityPropertiesCacheTests+UpdateIdentityProperties_Multiple" name="IdentityExtendedPropertyCache_UpdateIdentityProperties_Multiple_should_not_set_or_remove_anything_in_cache_when_feature_flag_is_off" />
    </UnitTest>
    <UnitTest name="IdentityExtendedPropertyCache_UpdatedIdentityProperties_Multiple_should_set_whitelisted_cache_item" storage="d:\v2.0\a1\_work\dbded102\bin\release.anycpu\vssf.sdk\ms.tf.framework.server.l0.tests\ms.tf.framework.server.l0.tests.dll" id="1e614b20-c586-712a-693e-12c279c5982e">
      <Execution id="a2b7cb9c-a997-4f4a-a4d9-1b7cb9c14cc3" />
      <TestMethod codeBase="D:\v2.0\A1\_work\dbded102\bin\Release.AnyCPU\Vssf.Sdk\MS.TF.Framework.Server.L0.Tests\MS.TF.Framework.Server.L0.Tests.dll" adapterTypeName="Microsoft.VisualStudio.TestTools.TestTypes.Unit.UnitTestAdapter" className="MS.TF.Framework.Server.L0.Tests.Identity.IdentityPropertiesCacheTests+UpdateIdentityProperties_Multiple" name="IdentityExtendedPropertyCache_UpdatedIdentityProperties_Multiple_should_set_whitelisted_cache_item" />
    </UnitTest>
    <UnitTest name="IdentityExtendedPropertyCache_UpdatedIdentityProperties_Multiple_should_remove_whitelisted_cache_item_with_null_value" storage="d:\v2.0\a1\_work\dbded102\bin\release.anycpu\vssf.sdk\ms.tf.framework.server.l0.tests\ms.tf.framework.server.l0.tests.dll" id="49bf7578-eaf9-0117-8e91-668dcf55edc6">
      <Execution id="ba4a1f84-6f49-4fa9-b369-c434599aac70" />
      <TestMethod codeBase="D:\v2.0\A1\_work\dbded102\bin\Release.AnyCPU\Vssf.Sdk\MS.TF.Framework.Server.L0.Tests\MS.TF.Framework.Server.L0.Tests.dll" adapterTypeName="Microsoft.VisualStudio.TestTools.TestTypes.Unit.UnitTestAdapter" className="MS.TF.Framework.Server.L0.Tests.Identity.IdentityPropertiesCacheTests+UpdateIdentityProperties_Multiple" name="IdentityExtendedPropertyCache_UpdatedIdentityProperties_Multiple_should_remove_whitelisted_cache_item_with_null_value" />
    </UnitTest>
    <UnitTest name="IdentityExtendedPropertyCache_UpdateIdentityProperties_Multiple_should_not_set_or_remove_property_not_in_whitelist" storage="d:\v2.0\a1\_work\dbded102\bin\release.anycpu\vssf.sdk\ms.tf.framework.server.l0.tests\ms.tf.framework.server.l0.tests.dll" id="3ad739fe-0c6b-de81-9c95-06eb15294be7">
      <Execution id="ae46ff90-895c-4578-89ef-bcfc478965cf" />
      <TestMethod codeBase="D:\v2.0\A1\_work\dbded102\bin\Release.AnyCPU\Vssf.Sdk\MS.TF.Framework.Server.L0.Tests\MS.TF.Framework.Server.L0.Tests.dll" adapterTypeName="Microsoft.VisualStudio.TestTools.TestTypes.Unit.UnitTestAdapter" className="MS.TF.Framework.Server.L0.Tests.Identity.IdentityPropertiesCacheTests+UpdateIdentityProperties_Multiple" name="IdentityExtendedPropertyCache_UpdateIdentityProperties_Multiple_should_not_set_or_remove_property_not_in_whitelist" />
    </UnitTest>
    <UnitTest name="Verify_IdentityCache_Warming_Is_Performed_On_ReadIdentityByDescriptor" storage="d:\v2.0\a1\_work\dbded102\bin\release.anycpu\vssf.sdk\ms.tf.framework.server.l0.tests\ms.tf.framework.server.l0.tests.dll" id="aab17f62-5f83-e34f-4a62-ed3e3b7d706b">
      <Execution id="40947075-7ba8-41ec-8140-a66903f21aef" />
      <TestMethod codeBase="D:\v2.0\A1\_work\dbded102\bin\Release.AnyCPU\Vssf.Sdk\MS.TF.Framework.Server.L0.Tests\MS.TF.Framework.Server.L0.Tests.dll" adapterTypeName="Microsoft.VisualStudio.TestTools.TestTypes.Unit.UnitTestAdapter" className="MS.TF.Framework.Server.L0.Tests.Identity.IdentityCacheTests+InitialCacheWarmingTests" name="Verify_IdentityCache_Warming_Is_Performed_On_ReadIdentityByDescriptor" />
    </UnitTest>
    <UnitTest name="Verify_IdentityCache_Warming_Is_Performed_On_ReadIdentityById" storage="d:\v2.0\a1\_work\dbded102\bin\release.anycpu\vssf.sdk\ms.tf.framework.server.l0.tests\ms.tf.framework.server.l0.tests.dll" id="ef90d4bf-638c-9436-22b8-8e6973bc7601">
      <Execution id="236e75f6-14eb-45cd-b159-8a572d638b0b" />
      <TestMethod codeBase="D:\v2.0\A1\_work\dbded102\bin\Release.AnyCPU\Vssf.Sdk\MS.TF.Framework.Server.L0.Tests\MS.TF.Framework.Server.L0.Tests.dll" adapterTypeName="Microsoft.VisualStudio.TestTools.TestTypes.Unit.UnitTestAdapter" className="MS.TF.Framework.Server.L0.Tests.Identity.IdentityCacheTests+InitialCacheWarmingTests" name="Verify_IdentityCache_Warming_Is_Performed_On_ReadIdentityById" />
    </UnitTest>
    <UnitTest name="Verify_IdentityCache_Warming_Is_Performed_On_ReadIdentitiesBySearchFactor" storage="d:\v2.0\a1\_work\dbded102\bin\release.anycpu\vssf.sdk\ms.tf.framework.server.l0.tests\ms.tf.framework.server.l0.tests.dll" id="473ac3a9-9ea9-a19b-f92b-1b29a6926255">
      <Execution id="c2e5103d-4487-495d-b92b-a4b20e5d6388" />
      <TestMethod codeBase="D:\v2.0\A1\_work\dbded102\bin\Release.AnyCPU\Vssf.Sdk\MS.TF.Framework.Server.L0.Tests\MS.TF.Framework.Server.L0.Tests.dll" adapterTypeName="Microsoft.VisualStudio.TestTools.TestTypes.Unit.UnitTestAdapter" className="MS.TF.Framework.Server.L0.Tests.Identity.IdentityCacheTests+InitialCacheWarmingTests" name="Verify_IdentityCache_Warming_Is_Performed_On_ReadIdentitiesBySearchFactor" />
    </UnitTest>
    <UnitTest name="Verify_No_IdentityCache_Warming_On_Deployment_Cache" storage="d:\v2.0\a1\_work\dbded102\bin\release.anycpu\vssf.sdk\ms.tf.framework.server.l0.tests\ms.tf.framework.server.l0.tests.dll" id="0eebd122-e0fe-196d-7349-4c323c0df5e5">
      <Execution id="1b718674-53a3-409d-afda-785e90a6c80c" />
      <TestMethod codeBase="D:\v2.0\A1\_work\dbded102\bin\Release.AnyCPU\Vssf.Sdk\MS.TF.Framework.Server.L0.Tests\MS.TF.Framework.Server.L0.Tests.dll" adapterTypeName="Microsoft.VisualStudio.TestTools.TestTypes.Unit.UnitTestAdapter" className="MS.TF.Framework.Server.L0.Tests.Identity.IdentityCacheTests+InitialCacheWarmingTests" name="Verify_No_IdentityCache_Warming_On_Deployment_Cache" />
    </UnitTest>
    <UnitTest name="Verify_No_IdentityCache_Warming_With_Null_Warmer" storage="d:\v2.0\a1\_work\dbded102\bin\release.anycpu\vssf.sdk\ms.tf.framework.server.l0.tests\ms.tf.framework.server.l0.tests.dll" id="c1297c12-9031-7e11-e70d-0bcf95374197">
      <Execution id="5fb4233d-928e-44ff-a0fb-f8ac0807321c" />
      <TestMethod codeBase="D:\v2.0\A1\_work\dbded102\bin\Release.AnyCPU\Vssf.Sdk\MS.TF.Framework.Server.L0.Tests\MS.TF.Framework.Server.L0.Tests.dll" adapterTypeName="Microsoft.VisualStudio.TestTools.TestTypes.Unit.UnitTestAdapter" className="MS.TF.Framework.Server.L0.Tests.Identity.IdentityCacheTests+InitialCacheWarmingTests" name="Verify_No_IdentityCache_Warming_With_Null_Warmer" />
    </UnitTest>
    <UnitTest name="IsValidationRequired_ReturnsFalse_WhenAnArgumentIsNull" storage="d:\v2.0\a1\_work\dbded102\bin\release.anycpu\vssf.sdk\ms.tf.framework.server.l0.tests\ms.tf.framework.server.l0.tests.dll" id="2f1f2874-4354-1ffa-89d5-4c8b356563aa">
      <Owners>
        <Owner name="vscsauthztest" />
      </Owners>
      <Execution id="49d4e0a7-51ea-4606-98fc-cea15e815f03" />
      <TestMethod codeBase="D:\v2.0\A1\_work\dbded102\bin\Release.AnyCPU\Vssf.Sdk\MS.TF.Framework.Server.L0.Tests\MS.TF.Framework.Server.L0.Tests.dll" adapterTypeName="Microsoft.VisualStudio.TestTools.TestTypes.Unit.UnitTestAdapter" className="MS.TF.Framework.Server.L0.Tests.Compliance.AccountRightsComplianceValidatorTests+IsValidationRequiredTests" name="IsValidationRequired_ReturnsFalse_WhenAnArgumentIsNull" />
    </UnitTest>
    <UnitTest name="IsValidationRequired_ReturnsFalse_WhenFeatureFlagIsOff" storage="d:\v2.0\a1\_work\dbded102\bin\release.anycpu\vssf.sdk\ms.tf.framework.server.l0.tests\ms.tf.framework.server.l0.tests.dll" id="d0106124-8958-aadc-0535-927a9ba57fc5">
      <Owners>
        <Owner name="vscsauthztest" />
      </Owners>
      <Execution id="53d0f9ec-d853-427b-bca4-c008f9542c15" />
      <TestMethod codeBase="D:\v2.0\A1\_work\dbded102\bin\Release.AnyCPU\Vssf.Sdk\MS.TF.Framework.Server.L0.Tests\MS.TF.Framework.Server.L0.Tests.dll" adapterTypeName="Microsoft.VisualStudio.TestTools.TestTypes.Unit.UnitTestAdapter" className="MS.TF.Framework.Server.L0.Tests.Compliance.AccountRightsComplianceValidatorTests+IsValidationRequiredTests" name="IsValidationRequired_ReturnsFalse_WhenFeatureFlagIsOff" />
    </UnitTest>
    <UnitTest name="IsValidationRequired_ReturnsFalse_ForServiceIdentities" storage="d:\v2.0\a1\_work\dbded102\bin\release.anycpu\vssf.sdk\ms.tf.framework.server.l0.tests\ms.tf.framework.server.l0.tests.dll" id="0bca9cc6-5706-9302-d0ca-5ac03237d6ce">
      <Owners>
        <Owner name="vscsauthztest" />
      </Owners>
      <Execution id="50507492-ee18-4328-9fbd-c601aabe5333" />
      <TestMethod codeBase="D:\v2.0\A1\_work\dbded102\bin\Release.AnyCPU\Vssf.Sdk\MS.TF.Framework.Server.L0.Tests\MS.TF.Framework.Server.L0.Tests.dll" adapterTypeName="Microsoft.VisualStudio.TestTools.TestTypes.Unit.UnitTestAdapter" className="MS.TF.Framework.Server.L0.Tests.Compliance.AccountRightsComplianceValidatorTests+IsValidationRequiredTests" name="IsValidationRequired_ReturnsFalse_ForServiceIdentities" />
    </UnitTest>
    <UnitTest name="IsValidationRequired_ReturnsFalse_ForNonApplicationLevelRequests" storage="d:\v2.0\a1\_work\dbded102\bin\release.anycpu\vssf.sdk\ms.tf.framework.server.l0.tests\ms.tf.framework.server.l0.tests.dll" id="11fc8884-f99b-9875-c8b4-76cc95ffe677">
      <Owners>
        <Owner name="vscsauthztest" />
      </Owners>
      <Execution id="52780f4e-07c7-49bc-87f8-aa0d86044985" />
      <TestMethod codeBase="D:\v2.0\A1\_work\dbded102\bin\Release.AnyCPU\Vssf.Sdk\MS.TF.Framework.Server.L0.Tests\MS.TF.Framework.Server.L0.Tests.dll" adapterTypeName="Microsoft.VisualStudio.TestTools.TestTypes.Unit.UnitTestAdapter" className="MS.TF.Framework.Server.L0.Tests.Compliance.AccountRightsComplianceValidatorTests+IsValidationRequiredTests" name="IsValidationRequired_ReturnsFalse_ForNonApplicationLevelRequests" />
    </UnitTest>
    <UnitTest name="IsValidationRequired_ReturnsTrue_ForUsersOnApplicationContext_WhenFlagIsTurnedOn" storage="d:\v2.0\a1\_work\dbded102\bin\release.anycpu\vssf.sdk\ms.tf.framework.server.l0.tests\ms.tf.framework.server.l0.tests.dll" id="70c9ebd3-5d6a-fb3e-245f-0e8541fd7472">
      <Owners>
        <Owner name="vscsauthztest" />
      </Owners>
      <Execution id="813af26d-ab7f-4fa7-b641-0554bf1df372" />
      <TestMethod codeBase="D:\v2.0\A1\_work\dbded102\bin\Release.AnyCPU\Vssf.Sdk\MS.TF.Framework.Server.L0.Tests\MS.TF.Framework.Server.L0.Tests.dll" adapterTypeName="Microsoft.VisualStudio.TestTools.TestTypes.Unit.UnitTestAdapter" className="MS.TF.Framework.Server.L0.Tests.Compliance.AccountRightsComplianceValidatorTests+IsValidationRequiredTests" name="IsValidationRequired_ReturnsTrue_ForUsersOnApplicationContext_WhenFlagIsTurnedOn" />
    </UnitTest>
    <UnitTest name="ValidateContext_Throws_WhenRequiredArgumentsAreNull" storage="d:\v2.0\a1\_work\dbded102\bin\release.anycpu\vssf.sdk\ms.tf.framework.server.l0.tests\ms.tf.framework.server.l0.tests.dll" id="fdf270bb-3b08-803e-2202-caa2bc3c0c8c">
      <Owners>
        <Owner name="vscsauthztest" />
      </Owners>
      <Execution id="eb43aa4d-e3c9-48d1-ade7-82ca9075d3f7" />
      <TestMethod codeBase="D:\v2.0\A1\_work\dbded102\bin\Release.AnyCPU\Vssf.Sdk\MS.TF.Framework.Server.L0.Tests\MS.TF.Framework.Server.L0.Tests.dll" adapterTypeName="Microsoft.VisualStudio.TestTools.TestTypes.Unit.UnitTestAdapter" className="MS.TF.Framework.Server.L0.Tests.Compliance.AccountRightsComplianceValidatorTests+ValidateContextTests" name="ValidateContext_Throws_WhenRequiredArgumentsAreNull" />
    </UnitTest>
    <UnitTest name="ValidateContext_DoesNotExecuteOnDeploymentContext" storage="d:\v2.0\a1\_work\dbded102\bin\release.anycpu\vssf.sdk\ms.tf.framework.server.l0.tests\ms.tf.framework.server.l0.tests.dll" id="a38588ba-2756-20ed-11bc-c99dcc012d9d">
      <Owners>
        <Owner name="vscsauthztest" />
      </Owners>
      <Execution id="93be138b-174a-4559-ae9d-9d43bd629103" />
      <TestMethod codeBase="D:\v2.0\A1\_work\dbded102\bin\Release.AnyCPU\Vssf.Sdk\MS.TF.Framework.Server.L0.Tests\MS.TF.Framework.Server.L0.Tests.dll" adapterTypeName="Microsoft.VisualStudio.TestTools.TestTypes.Unit.UnitTestAdapter" className="MS.TF.Framework.Server.L0.Tests.Compliance.AccountRightsComplianceValidatorTests+ValidateContextTests" name="ValidateContext_DoesNotExecuteOnDeploymentContext" />
    </UnitTest>
    <UnitTest name="ValidateContext_CallsAuthority_ForAuthoritativeRequests" storage="d:\v2.0\a1\_work\dbded102\bin\release.anycpu\vssf.sdk\ms.tf.framework.server.l0.tests\ms.tf.framework.server.l0.tests.dll" id="594214bd-536f-e5e7-7910-5e142fdd9481">
      <Owners>
        <Owner name="vscsauthztest" />
      </Owners>
      <Execution id="8669857b-8972-40c5-96c4-fcfff1937ef3" />
      <TestMethod codeBase="D:\v2.0\A1\_work\dbded102\bin\Release.AnyCPU\Vssf.Sdk\MS.TF.Framework.Server.L0.Tests\MS.TF.Framework.Server.L0.Tests.dll" adapterTypeName="Microsoft.VisualStudio.TestTools.TestTypes.Unit.UnitTestAdapter" className="MS.TF.Framework.Server.L0.Tests.Compliance.AccountRightsComplianceValidatorTests+ValidateContextTests" name="ValidateContext_CallsAuthority_ForAuthoritativeRequests" />
    </UnitTest>
    <UnitTest name="ValidateContext_CallsAuthority_AndUpdatesComplianceValidatedInState_ForAuthoritativeRequests" storage="d:\v2.0\a1\_work\dbded102\bin\release.anycpu\vssf.sdk\ms.tf.framework.server.l0.tests\ms.tf.framework.server.l0.tests.dll" id="1867f4a8-60c4-4986-8874-35c10b61d723">
      <Owners>
        <Owner name="vscsauthztest" />
      </Owners>
      <Execution id="49f5219e-d611-4c60-9b37-939d9f4b780c" />
      <TestMethod codeBase="D:\v2.0\A1\_work\dbded102\bin\Release.AnyCPU\Vssf.Sdk\MS.TF.Framework.Server.L0.Tests\MS.TF.Framework.Server.L0.Tests.dll" adapterTypeName="Microsoft.VisualStudio.TestTools.TestTypes.Unit.UnitTestAdapter" className="MS.TF.Framework.Server.L0.Tests.Compliance.AccountRightsComplianceValidatorTests+ValidateContextTests" name="ValidateContext_CallsAuthority_AndUpdatesComplianceValidatedInState_ForAuthoritativeRequests" />
    </UnitTest>
    <UnitTest name="ValidateContext_CallsAuthority_AndUpdatesAccountRightInState_ForAuthoritativeRequests_WhenAccountRightsIsMissingInState" storage="d:\v2.0\a1\_work\dbded102\bin\release.anycpu\vssf.sdk\ms.tf.framework.server.l0.tests\ms.tf.framework.server.l0.tests.dll" id="ba7049a4-b31c-9343-b979-43d64a56f396">
      <Owners>
        <Owner name="vscsauthztest" />
      </Owners>
      <Execution id="50ceefc8-dfe1-4a4b-8112-80e96cad289e" />
      <TestMethod codeBase="D:\v2.0\A1\_work\dbded102\bin\Release.AnyCPU\Vssf.Sdk\MS.TF.Framework.Server.L0.Tests\MS.TF.Framework.Server.L0.Tests.dll" adapterTypeName="Microsoft.VisualStudio.TestTools.TestTypes.Unit.UnitTestAdapter" className="MS.TF.Framework.Server.L0.Tests.Compliance.AccountRightsComplianceValidatorTests+ValidateContextTests" name="ValidateContext_CallsAuthority_AndUpdatesAccountRightInState_ForAuthoritativeRequests_WhenAccountRightsIsMissingInState" />
    </UnitTest>
    <UnitTest name="ValidateContext_CallsAuthority_AndDoesntUpdateComplianceValidatedInState_ForAuthoritativeRequests_WhenStateIsInSync" storage="d:\v2.0\a1\_work\dbded102\bin\release.anycpu\vssf.sdk\ms.tf.framework.server.l0.tests\ms.tf.framework.server.l0.tests.dll" id="76a2774d-7abf-ba8c-4fa3-9ec8a0ff98a6">
      <Owners>
        <Owner name="vscsauthztest" />
      </Owners>
      <Execution id="edd45900-1049-4fe2-9787-83269170c829" />
      <TestMethod codeBase="D:\v2.0\A1\_work\dbded102\bin\Release.AnyCPU\Vssf.Sdk\MS.TF.Framework.Server.L0.Tests\MS.TF.Framework.Server.L0.Tests.dll" adapterTypeName="Microsoft.VisualStudio.TestTools.TestTypes.Unit.UnitTestAdapter" className="MS.TF.Framework.Server.L0.Tests.Compliance.AccountRightsComplianceValidatorTests+ValidateContextTests" name="ValidateContext_CallsAuthority_AndDoesntUpdateComplianceValidatedInState_ForAuthoritativeRequests_WhenStateIsInSync" />
    </UnitTest>
    <UnitTest name="ValidateContext_NoAuthorityCall_ComplianceValidatedNotUpdated_ForNonAuthoritativeRequests_WhenInSync_AndDateMissing" storage="d:\v2.0\a1\_work\dbded102\bin\release.anycpu\vssf.sdk\ms.tf.framework.server.l0.tests\ms.tf.framework.server.l0.tests.dll" id="b8244571-6f7b-6c33-a558-081d33744fab">
      <Owners>
        <Owner name="vscsauthztest" />
      </Owners>
      <Execution id="2fa1a08b-1c6c-40f0-a017-6e65f08fc386" />
      <TestMethod codeBase="D:\v2.0\A1\_work\dbded102\bin\Release.AnyCPU\Vssf.Sdk\MS.TF.Framework.Server.L0.Tests\MS.TF.Framework.Server.L0.Tests.dll" adapterTypeName="Microsoft.VisualStudio.TestTools.TestTypes.Unit.UnitTestAdapter" className="MS.TF.Framework.Server.L0.Tests.Compliance.AccountRightsComplianceValidatorTests+ValidateContextTests" name="ValidateContext_NoAuthorityCall_ComplianceValidatedNotUpdated_ForNonAuthoritativeRequests_WhenInSync_AndDateMissing" />
    </UnitTest>
    <UnitTest name="ValidateContext_DoesntCallAuthority_AndDoesntUpdateComplianceValidatedInState_ForNonAuthoritativeRequests_WhenStateIsInSync" storage="d:\v2.0\a1\_work\dbded102\bin\release.anycpu\vssf.sdk\ms.tf.framework.server.l0.tests\ms.tf.framework.server.l0.tests.dll" id="41f82249-ac6a-6b34-1621-1cab726497bf">
      <Owners>
        <Owner name="vscsauthztest" />
      </Owners>
      <Execution id="f310930a-c5a2-4a60-8f33-aa5669185e08" />
      <TestMethod codeBase="D:\v2.0\A1\_work\dbded102\bin\Release.AnyCPU\Vssf.Sdk\MS.TF.Framework.Server.L0.Tests\MS.TF.Framework.Server.L0.Tests.dll" adapterTypeName="Microsoft.VisualStudio.TestTools.TestTypes.Unit.UnitTestAdapter" className="MS.TF.Framework.Server.L0.Tests.Compliance.AccountRightsComplianceValidatorTests+ValidateContextTests" name="ValidateContext_DoesntCallAuthority_AndDoesntUpdateComplianceValidatedInState_ForNonAuthoritativeRequests_WhenStateIsInSync" />
    </UnitTest>
    <UnitTest name="ValidateContext_DoesntCallAuthority_AndDoesntUpdateComplianceValidatedInState_ForNonAuthoritativeRequests_WhenStateIsInSync_ButAccountRightsAreNone" storage="d:\v2.0\a1\_work\dbded102\bin\release.anycpu\vssf.sdk\ms.tf.framework.server.l0.tests\ms.tf.framework.server.l0.tests.dll" id="7ace3742-2a66-99a1-d0ea-bffa0f5a654e">
      <Owners>
        <Owner name="vscsauthztest" />
      </Owners>
      <Execution id="b62461e5-68fa-4641-bcb0-20c6d174644f" />
      <TestMethod codeBase="D:\v2.0\A1\_work\dbded102\bin\Release.AnyCPU\Vssf.Sdk\MS.TF.Framework.Server.L0.Tests\MS.TF.Framework.Server.L0.Tests.dll" adapterTypeName="Microsoft.VisualStudio.TestTools.TestTypes.Unit.UnitTestAdapter" className="MS.TF.Framework.Server.L0.Tests.Compliance.AccountRightsComplianceValidatorTests+ValidateContextTests" name="ValidateContext_DoesntCallAuthority_AndDoesntUpdateComplianceValidatedInState_ForNonAuthoritativeRequests_WhenStateIsInSync_ButAccountRightsAreNone" />
    </UnitTest>
    <UnitTest name="ValidateContext_CallsAuthority_AndUpdatesComplianceValidatedInState_ForNonAuthoritativeRequests_WhenComplianceIsNullInStateAsWellAsIms" storage="d:\v2.0\a1\_work\dbded102\bin\release.anycpu\vssf.sdk\ms.tf.framework.server.l0.tests\ms.tf.framework.server.l0.tests.dll" id="a39b9ca2-2389-232c-7605-df1d849f038a">
      <Owners>
        <Owner name="vscsauthztest" />
      </Owners>
      <Execution id="3b90a843-cc89-4b4e-b0d2-6f7816716580" />
      <TestMethod codeBase="D:\v2.0\A1\_work\dbded102\bin\Release.AnyCPU\Vssf.Sdk\MS.TF.Framework.Server.L0.Tests\MS.TF.Framework.Server.L0.Tests.dll" adapterTypeName="Microsoft.VisualStudio.TestTools.TestTypes.Unit.UnitTestAdapter" className="MS.TF.Framework.Server.L0.Tests.Compliance.AccountRightsComplianceValidatorTests+ValidateContextTests" name="ValidateContext_CallsAuthority_AndUpdatesComplianceValidatedInState_ForNonAuthoritativeRequests_WhenComplianceIsNullInStateAsWellAsIms" />
    </UnitTest>
    <UnitTest name="ValidateContext_AssignsLicense_AndUpdatesSessionState_ForNonAuthoritiveRequests_WhenSessionStateIsInSync_ButAccountRightsAreMissing" storage="d:\v2.0\a1\_work\dbded102\bin\release.anycpu\vssf.sdk\ms.tf.framework.server.l0.tests\ms.tf.framework.server.l0.tests.dll" id="8de116a6-aa87-f641-50d2-ab60528c76aa">
      <Owners>
        <Owner name="vscsauthztest" />
      </Owners>
      <Execution id="a06de031-7092-437d-86ff-9a0a045fd555" />
      <TestMethod codeBase="D:\v2.0\A1\_work\dbded102\bin\Release.AnyCPU\Vssf.Sdk\MS.TF.Framework.Server.L0.Tests\MS.TF.Framework.Server.L0.Tests.dll" adapterTypeName="Microsoft.VisualStudio.TestTools.TestTypes.Unit.UnitTestAdapter" className="MS.TF.Framework.Server.L0.Tests.Compliance.AccountRightsComplianceValidatorTests+ValidateContextTests" name="ValidateContext_AssignsLicense_AndUpdatesSessionState_ForNonAuthoritiveRequests_WhenSessionStateIsInSync_ButAccountRightsAreMissing" />
    </UnitTest>
    <UnitTest name="ValidateContext_AssignsLicense_AndUpdatesSessionState_ForAuthoritiveRequests_WhenSessionStateIsInSync_ButAccountRightsAreMissing" storage="d:\v2.0\a1\_work\dbded102\bin\release.anycpu\vssf.sdk\ms.tf.framework.server.l0.tests\ms.tf.framework.server.l0.tests.dll" id="638439f4-fb9d-65d5-ed44-9c8d2626be78">
      <Owners>
        <Owner name="vscsauthztest" />
      </Owners>
      <Execution id="62dbab46-9e9a-4cf0-a845-13ff258b2e3d" />
      <TestMethod codeBase="D:\v2.0\A1\_work\dbded102\bin\Release.AnyCPU\Vssf.Sdk\MS.TF.Framework.Server.L0.Tests\MS.TF.Framework.Server.L0.Tests.dll" adapterTypeName="Microsoft.VisualStudio.TestTools.TestTypes.Unit.UnitTestAdapter" className="MS.TF.Framework.Server.L0.Tests.Compliance.AccountRightsComplianceValidatorTests+ValidateContextTests" name="ValidateContext_AssignsLicense_AndUpdatesSessionState_ForAuthoritiveRequests_WhenSessionStateIsInSync_ButAccountRightsAreMissing" />
    </UnitTest>
    <UnitTest name="ValidateContext_AssignsLicense_AndUpdatesSessionState_WhenStateIsNotInSync_AndAccountRightsAreNoneInFetchedState" storage="d:\v2.0\a1\_work\dbded102\bin\release.anycpu\vssf.sdk\ms.tf.framework.server.l0.tests\ms.tf.framework.server.l0.tests.dll" id="624abf7e-4fd8-df7c-8f49-ab241412ea6c">
      <Owners>
        <Owner name="vscsauthztest" />
      </Owners>
      <Execution id="254a7be0-7384-4a22-88e5-316b155e0652" />
      <TestMethod codeBase="D:\v2.0\A1\_work\dbded102\bin\Release.AnyCPU\Vssf.Sdk\MS.TF.Framework.Server.L0.Tests\MS.TF.Framework.Server.L0.Tests.dll" adapterTypeName="Microsoft.VisualStudio.TestTools.TestTypes.Unit.UnitTestAdapter" className="MS.TF.Framework.Server.L0.Tests.Compliance.AccountRightsComplianceValidatorTests+ValidateContextTests" name="ValidateContext_AssignsLicense_AndUpdatesSessionState_WhenStateIsNotInSync_AndAccountRightsAreNoneInFetchedState" />
    </UnitTest>
    <UnitTest name="DeploymentMemoryCacheBase_Contains_should_throw_argument_null_exception_when_key_is_null" storage="d:\v2.0\a1\_work\dbded102\bin\release.anycpu\vssf.sdk\ms.tf.framework.server.l0.tests\ms.tf.framework.server.l0.tests.dll" id="e8785e8c-e6d6-0898-434b-dbabe8eb51d2">
      <Execution id="2aa6b137-7762-4c78-88da-7e6ae8f7dd45" />
      <TestMethod codeBase="D:\v2.0\A1\_work\dbded102\bin\Release.AnyCPU\Vssf.Sdk\MS.TF.Framework.Server.L0.Tests\MS.TF.Framework.Server.L0.Tests.dll" adapterTypeName="Microsoft.VisualStudio.TestTools.TestTypes.Unit.UnitTestAdapter" className="MS.TF.Framework.Server.L0.Tests.Caching.DeploymentMemoryCacheBaseTests+Contains" name="DeploymentMemoryCacheBase_Contains_should_throw_argument_null_exception_when_key_is_null" />
    </UnitTest>
    <UnitTest name="DeploymentMemoryCacheBase_Contains_should_throw_argument_exception_when_key_is_empty" storage="d:\v2.0\a1\_work\dbded102\bin\release.anycpu\vssf.sdk\ms.tf.framework.server.l0.tests\ms.tf.framework.server.l0.tests.dll" id="284c9624-7310-9ee3-0b91-6aad7a6d8d36">
      <Execution id="57257c6b-98fe-4952-be37-fe038175bca8" />
      <TestMethod codeBase="D:\v2.0\A1\_work\dbded102\bin\Release.AnyCPU\Vssf.Sdk\MS.TF.Framework.Server.L0.Tests\MS.TF.Framework.Server.L0.Tests.dll" adapterTypeName="Microsoft.VisualStudio.TestTools.TestTypes.Unit.UnitTestAdapter" className="MS.TF.Framework.Server.L0.Tests.Caching.DeploymentMemoryCacheBaseTests+Contains" name="DeploymentMemoryCacheBase_Contains_should_throw_argument_exception_when_key_is_empty" />
    </UnitTest>
    <UnitTest name="DeploymentMemoryCacheBase_Contains_should_throw_argument_null_exception_when_region_is_null" storage="d:\v2.0\a1\_work\dbded102\bin\release.anycpu\vssf.sdk\ms.tf.framework.server.l0.tests\ms.tf.framework.server.l0.tests.dll" id="ca38cac3-da29-cfee-4a62-87729459297f">
      <Execution id="b0a511d3-ae00-426e-8b51-427916ea9393" />
      <TestMethod codeBase="D:\v2.0\A1\_work\dbded102\bin\Release.AnyCPU\Vssf.Sdk\MS.TF.Framework.Server.L0.Tests\MS.TF.Framework.Server.L0.Tests.dll" adapterTypeName="Microsoft.VisualStudio.TestTools.TestTypes.Unit.UnitTestAdapter" className="MS.TF.Framework.Server.L0.Tests.Caching.DeploymentMemoryCacheBaseTests+Contains" name="DeploymentMemoryCacheBase_Contains_should_throw_argument_null_exception_when_region_is_null" />
    </UnitTest>
    <UnitTest name="DeploymentMemoryCacheBase_Contains_should_throw_argument_null_exception_when_region_is_empty" storage="d:\v2.0\a1\_work\dbded102\bin\release.anycpu\vssf.sdk\ms.tf.framework.server.l0.tests\ms.tf.framework.server.l0.tests.dll" id="0273a505-6f44-3e97-a714-4cf891adaf8a">
      <Execution id="bdbd05e1-177c-469e-a28e-f8327c56f491" />
      <TestMethod codeBase="D:\v2.0\A1\_work\dbded102\bin\Release.AnyCPU\Vssf.Sdk\MS.TF.Framework.Server.L0.Tests\MS.TF.Framework.Server.L0.Tests.dll" adapterTypeName="Microsoft.VisualStudio.TestTools.TestTypes.Unit.UnitTestAdapter" className="MS.TF.Framework.Server.L0.Tests.Caching.DeploymentMemoryCacheBaseTests+Contains" name="DeploymentMemoryCacheBase_Contains_should_throw_argument_null_exception_when_region_is_empty" />
    </UnitTest>
    <UnitTest name="DeploymentMemoryCacheBase_Contains_should_check_default_region_when_no_region_is_specified" storage="d:\v2.0\a1\_work\dbded102\bin\release.anycpu\vssf.sdk\ms.tf.framework.server.l0.tests\ms.tf.framework.server.l0.tests.dll" id="0b0995f3-f5d1-37eb-9b82-b413e0298bda">
      <Execution id="021cc389-8f0f-4c69-b2cd-90339388432d" />
      <TestMethod codeBase="D:\v2.0\A1\_work\dbded102\bin\Release.AnyCPU\Vssf.Sdk\MS.TF.Framework.Server.L0.Tests\MS.TF.Framework.Server.L0.Tests.dll" adapterTypeName="Microsoft.VisualStudio.TestTools.TestTypes.Unit.UnitTestAdapter" className="MS.TF.Framework.Server.L0.Tests.Caching.DeploymentMemoryCacheBaseTests+Contains" name="DeploymentMemoryCacheBase_Contains_should_check_default_region_when_no_region_is_specified" />
    </UnitTest>
    <UnitTest name="DeploymentMemoryCacheBase_Contains_should_check_named_region_when_region_is_specified" storage="d:\v2.0\a1\_work\dbded102\bin\release.anycpu\vssf.sdk\ms.tf.framework.server.l0.tests\ms.tf.framework.server.l0.tests.dll" id="4c9bc7dc-0dec-a5fe-656b-9b79d2f55c01">
      <Execution id="1a75342d-8ce9-4798-93c3-f29e37079394" />
      <TestMethod codeBase="D:\v2.0\A1\_work\dbded102\bin\Release.AnyCPU\Vssf.Sdk\MS.TF.Framework.Server.L0.Tests\MS.TF.Framework.Server.L0.Tests.dll" adapterTypeName="Microsoft.VisualStudio.TestTools.TestTypes.Unit.UnitTestAdapter" className="MS.TF.Framework.Server.L0.Tests.Caching.DeploymentMemoryCacheBaseTests+Contains" name="DeploymentMemoryCacheBase_Contains_should_check_named_region_when_region_is_specified" />
    </UnitTest>
    <UnitTest name="DeploymentMemoryCacheBase_GetCount_should_throw_when_region_name_is_null" storage="d:\v2.0\a1\_work\dbded102\bin\release.anycpu\vssf.sdk\ms.tf.framework.server.l0.tests\ms.tf.framework.server.l0.tests.dll" id="945492a8-d245-a098-90d2-1a6a4bfa23ff">
      <Execution id="f76b1077-7a60-4285-a2e0-805bfb045662" />
      <TestMethod codeBase="D:\v2.0\A1\_work\dbded102\bin\Release.AnyCPU\Vssf.Sdk\MS.TF.Framework.Server.L0.Tests\MS.TF.Framework.Server.L0.Tests.dll" adapterTypeName="Microsoft.VisualStudio.TestTools.TestTypes.Unit.UnitTestAdapter" className="MS.TF.Framework.Server.L0.Tests.Caching.DeploymentMemoryCacheBaseTests+GetCount" name="DeploymentMemoryCacheBase_GetCount_should_throw_when_region_name_is_null" />
    </UnitTest>
    <UnitTest name="DeploymentMemoryCacheBase_GetCount_should_throw_when_region_name_is_empty" storage="d:\v2.0\a1\_work\dbded102\bin\release.anycpu\vssf.sdk\ms.tf.framework.server.l0.tests\ms.tf.framework.server.l0.tests.dll" id="342563ab-beda-aebf-de9a-a2fdb21872d2">
      <Execution id="4aa9533b-3fb2-4f60-8d0f-2be5e71ff6da" />
      <TestMethod codeBase="D:\v2.0\A1\_work\dbded102\bin\Release.AnyCPU\Vssf.Sdk\MS.TF.Framework.Server.L0.Tests\MS.TF.Framework.Server.L0.Tests.dll" adapterTypeName="Microsoft.VisualStudio.TestTools.TestTypes.Unit.UnitTestAdapter" className="MS.TF.Framework.Server.L0.Tests.Caching.DeploymentMemoryCacheBaseTests+GetCount" name="DeploymentMemoryCacheBase_GetCount_should_throw_when_region_name_is_empty" />
    </UnitTest>
    <UnitTest name="DeploymentMemoryCacheBase_GetCount_should_return_count_of_items_in_default_region" storage="d:\v2.0\a1\_work\dbded102\bin\release.anycpu\vssf.sdk\ms.tf.framework.server.l0.tests\ms.tf.framework.server.l0.tests.dll" id="419c432c-af14-1a13-7ce7-ef6cd0e07395">
      <Execution id="9092f922-1a19-4f40-9305-3f790f57d06f" />
      <TestMethod codeBase="D:\v2.0\A1\_work\dbded102\bin\Release.AnyCPU\Vssf.Sdk\MS.TF.Framework.Server.L0.Tests\MS.TF.Framework.Server.L0.Tests.dll" adapterTypeName="Microsoft.VisualStudio.TestTools.TestTypes.Unit.UnitTestAdapter" className="MS.TF.Framework.Server.L0.Tests.Caching.DeploymentMemoryCacheBaseTests+GetCount" name="DeploymentMemoryCacheBase_GetCount_should_return_count_of_items_in_default_region" />
    </UnitTest>
    <UnitTest name="DeploymentMemoryCacheBase_GetCount_should_return_count_of_items_in_named_region" storage="d:\v2.0\a1\_work\dbded102\bin\release.anycpu\vssf.sdk\ms.tf.framework.server.l0.tests\ms.tf.framework.server.l0.tests.dll" id="c7116fe5-24e4-1fd0-e3fd-23aec522f97f">
      <Execution id="c0f84b47-4c89-4f1e-ab63-90d84876be5a" />
      <TestMethod codeBase="D:\v2.0\A1\_work\dbded102\bin\Release.AnyCPU\Vssf.Sdk\MS.TF.Framework.Server.L0.Tests\MS.TF.Framework.Server.L0.Tests.dll" adapterTypeName="Microsoft.VisualStudio.TestTools.TestTypes.Unit.UnitTestAdapter" className="MS.TF.Framework.Server.L0.Tests.Caching.DeploymentMemoryCacheBaseTests+GetCount" name="DeploymentMemoryCacheBase_GetCount_should_return_count_of_items_in_named_region" />
    </UnitTest>
    <UnitTest name="DeploymentMemoryCacheBase_Remove_should_throw_argument_null_exception_when_key_is_null" storage="d:\v2.0\a1\_work\dbded102\bin\release.anycpu\vssf.sdk\ms.tf.framework.server.l0.tests\ms.tf.framework.server.l0.tests.dll" id="2de8d102-ffe9-c850-e9e7-044f018150c8">
      <Execution id="0b5a4d5d-0682-4d84-912b-7bfa4ada7738" />
      <TestMethod codeBase="D:\v2.0\A1\_work\dbded102\bin\Release.AnyCPU\Vssf.Sdk\MS.TF.Framework.Server.L0.Tests\MS.TF.Framework.Server.L0.Tests.dll" adapterTypeName="Microsoft.VisualStudio.TestTools.TestTypes.Unit.UnitTestAdapter" className="MS.TF.Framework.Server.L0.Tests.Caching.DeploymentMemoryCacheBaseTests+Remove" name="DeploymentMemoryCacheBase_Remove_should_throw_argument_null_exception_when_key_is_null" />
    </UnitTest>
    <UnitTest name="DeploymentMemoryCacheBase_Remove_should_throw_argument_exception_when_key_is_empty" storage="d:\v2.0\a1\_work\dbded102\bin\release.anycpu\vssf.sdk\ms.tf.framework.server.l0.tests\ms.tf.framework.server.l0.tests.dll" id="95b6aa5c-7f7f-e2b0-92bd-429d6dc88569">
      <Execution id="0a4a4931-d31c-4f03-8940-4656b32985f6" />
      <TestMethod codeBase="D:\v2.0\A1\_work\dbded102\bin\Release.AnyCPU\Vssf.Sdk\MS.TF.Framework.Server.L0.Tests\MS.TF.Framework.Server.L0.Tests.dll" adapterTypeName="Microsoft.VisualStudio.TestTools.TestTypes.Unit.UnitTestAdapter" className="MS.TF.Framework.Server.L0.Tests.Caching.DeploymentMemoryCacheBaseTests+Remove" name="DeploymentMemoryCacheBase_Remove_should_throw_argument_exception_when_key_is_empty" />
    </UnitTest>
    <UnitTest name="DeploymentMemoryCacheBase_Remove_should_throw_argument_null_exception_when_region_is_null" storage="d:\v2.0\a1\_work\dbded102\bin\release.anycpu\vssf.sdk\ms.tf.framework.server.l0.tests\ms.tf.framework.server.l0.tests.dll" id="516be3d1-e86f-3188-67b4-0e3e0ef3bdf8">
      <Execution id="9c814fb7-bb37-409a-9260-088deded5d5a" />
      <TestMethod codeBase="D:\v2.0\A1\_work\dbded102\bin\Release.AnyCPU\Vssf.Sdk\MS.TF.Framework.Server.L0.Tests\MS.TF.Framework.Server.L0.Tests.dll" adapterTypeName="Microsoft.VisualStudio.TestTools.TestTypes.Unit.UnitTestAdapter" className="MS.TF.Framework.Server.L0.Tests.Caching.DeploymentMemoryCacheBaseTests+Remove" name="DeploymentMemoryCacheBase_Remove_should_throw_argument_null_exception_when_region_is_null" />
    </UnitTest>
    <UnitTest name="DeploymentMemoryCacheBase_Remove_should_throw_argument_null_exception_when_region_is_empty" storage="d:\v2.0\a1\_work\dbded102\bin\release.anycpu\vssf.sdk\ms.tf.framework.server.l0.tests\ms.tf.framework.server.l0.tests.dll" id="c2d3eba5-709c-4c42-0fed-3b5067ce89ed">
      <Execution id="cb21c478-56da-4e8c-997f-ee79875aed20" />
      <TestMethod codeBase="D:\v2.0\A1\_work\dbded102\bin\Release.AnyCPU\Vssf.Sdk\MS.TF.Framework.Server.L0.Tests\MS.TF.Framework.Server.L0.Tests.dll" adapterTypeName="Microsoft.VisualStudio.TestTools.TestTypes.Unit.UnitTestAdapter" className="MS.TF.Framework.Server.L0.Tests.Caching.DeploymentMemoryCacheBaseTests+Remove" name="DeploymentMemoryCacheBase_Remove_should_throw_argument_null_exception_when_region_is_empty" />
    </UnitTest>
    <UnitTest name="DeploymentMemoryCacheBase_Remove_should_remove_cached_item_in_default_region" storage="d:\v2.0\a1\_work\dbded102\bin\release.anycpu\vssf.sdk\ms.tf.framework.server.l0.tests\ms.tf.framework.server.l0.tests.dll" id="0689842d-6513-683f-3970-1f008fe8f7ed">
      <Execution id="ecbbca94-3f15-4836-89d1-273384c0102e" />
      <TestMethod codeBase="D:\v2.0\A1\_work\dbded102\bin\Release.AnyCPU\Vssf.Sdk\MS.TF.Framework.Server.L0.Tests\MS.TF.Framework.Server.L0.Tests.dll" adapterTypeName="Microsoft.VisualStudio.TestTools.TestTypes.Unit.UnitTestAdapter" className="MS.TF.Framework.Server.L0.Tests.Caching.DeploymentMemoryCacheBaseTests+Remove" name="DeploymentMemoryCacheBase_Remove_should_remove_cached_item_in_default_region" />
    </UnitTest>
    <UnitTest name="DeploymentMemoryCacheBase_Remove_should_remove_cached_item_from_named_region" storage="d:\v2.0\a1\_work\dbded102\bin\release.anycpu\vssf.sdk\ms.tf.framework.server.l0.tests\ms.tf.framework.server.l0.tests.dll" id="24bee88e-ca64-ff9c-cd38-5593d6f5cf76">
      <Execution id="803e8189-ae78-4d37-ab59-d15aeed83fb8" />
      <TestMethod codeBase="D:\v2.0\A1\_work\dbded102\bin\Release.AnyCPU\Vssf.Sdk\MS.TF.Framework.Server.L0.Tests\MS.TF.Framework.Server.L0.Tests.dll" adapterTypeName="Microsoft.VisualStudio.TestTools.TestTypes.Unit.UnitTestAdapter" className="MS.TF.Framework.Server.L0.Tests.Caching.DeploymentMemoryCacheBaseTests+Remove" name="DeploymentMemoryCacheBase_Remove_should_remove_cached_item_from_named_region" />
    </UnitTest>
    <UnitTest name="DeploymentMemoryCacheBase_Set_should_throw_argument_null_exception_when_key_is_null" storage="d:\v2.0\a1\_work\dbded102\bin\release.anycpu\vssf.sdk\ms.tf.framework.server.l0.tests\ms.tf.framework.server.l0.tests.dll" id="e5ada720-4c61-f0a4-9b1a-4de8f90703ec">
      <Execution id="ac7a76dc-eada-49a0-baae-d3e8ea2b56db" />
      <TestMethod codeBase="D:\v2.0\A1\_work\dbded102\bin\Release.AnyCPU\Vssf.Sdk\MS.TF.Framework.Server.L0.Tests\MS.TF.Framework.Server.L0.Tests.dll" adapterTypeName="Microsoft.VisualStudio.TestTools.TestTypes.Unit.UnitTestAdapter" className="MS.TF.Framework.Server.L0.Tests.Caching.DeploymentMemoryCacheBaseTests+Set" name="DeploymentMemoryCacheBase_Set_should_throw_argument_null_exception_when_key_is_null" />
    </UnitTest>
    <UnitTest name="DeploymentMemoryCacheBase_Set_should_throw_argument_exception_when_key_is_empty" storage="d:\v2.0\a1\_work\dbded102\bin\release.anycpu\vssf.sdk\ms.tf.framework.server.l0.tests\ms.tf.framework.server.l0.tests.dll" id="06594e8c-fdec-07a9-3b4e-88060523192d">
      <Execution id="ef0d7ce4-9e8d-4c2f-8def-4e52094d7ddb" />
      <TestMethod codeBase="D:\v2.0\A1\_work\dbded102\bin\Release.AnyCPU\Vssf.Sdk\MS.TF.Framework.Server.L0.Tests\MS.TF.Framework.Server.L0.Tests.dll" adapterTypeName="Microsoft.VisualStudio.TestTools.TestTypes.Unit.UnitTestAdapter" className="MS.TF.Framework.Server.L0.Tests.Caching.DeploymentMemoryCacheBaseTests+Set" name="DeploymentMemoryCacheBase_Set_should_throw_argument_exception_when_key_is_empty" />
    </UnitTest>
    <UnitTest name="DeploymentMemoryCacheBase_Set_should_throw_argument_null_exception_when_region_is_null" storage="d:\v2.0\a1\_work\dbded102\bin\release.anycpu\vssf.sdk\ms.tf.framework.server.l0.tests\ms.tf.framework.server.l0.tests.dll" id="cb9d6927-0950-ce26-b19b-949e3ec7fafb">
      <Execution id="7b933bc0-1f17-4806-b453-90a524ec228a" />
      <TestMethod codeBase="D:\v2.0\A1\_work\dbded102\bin\Release.AnyCPU\Vssf.Sdk\MS.TF.Framework.Server.L0.Tests\MS.TF.Framework.Server.L0.Tests.dll" adapterTypeName="Microsoft.VisualStudio.TestTools.TestTypes.Unit.UnitTestAdapter" className="MS.TF.Framework.Server.L0.Tests.Caching.DeploymentMemoryCacheBaseTests+Set" name="DeploymentMemoryCacheBase_Set_should_throw_argument_null_exception_when_region_is_null" />
    </UnitTest>
    <UnitTest name="DeploymentMemoryCacheBase_Set_should_throw_argument_null_exception_when_region_is_empty" storage="d:\v2.0\a1\_work\dbded102\bin\release.anycpu\vssf.sdk\ms.tf.framework.server.l0.tests\ms.tf.framework.server.l0.tests.dll" id="1078a0eb-f3ce-f246-5361-e01a11e10cf9">
      <Execution id="c73b0187-205d-41b5-9faf-6dd74ffbc947" />
      <TestMethod codeBase="D:\v2.0\A1\_work\dbded102\bin\Release.AnyCPU\Vssf.Sdk\MS.TF.Framework.Server.L0.Tests\MS.TF.Framework.Server.L0.Tests.dll" adapterTypeName="Microsoft.VisualStudio.TestTools.TestTypes.Unit.UnitTestAdapter" className="MS.TF.Framework.Server.L0.Tests.Caching.DeploymentMemoryCacheBaseTests+Set" name="DeploymentMemoryCacheBase_Set_should_throw_argument_null_exception_when_region_is_empty" />
    </UnitTest>
    <UnitTest name="DeploymentMemoryCacheBase_Set_should_throw_argument_null_exception_when_value_is_null" storage="d:\v2.0\a1\_work\dbded102\bin\release.anycpu\vssf.sdk\ms.tf.framework.server.l0.tests\ms.tf.framework.server.l0.tests.dll" id="ee412ef6-719a-91ed-68b5-8af5825a27cf">
      <Execution id="0635295f-1035-4efa-86f2-0a79a4c6fa92" />
      <TestMethod codeBase="D:\v2.0\A1\_work\dbded102\bin\Release.AnyCPU\Vssf.Sdk\MS.TF.Framework.Server.L0.Tests\MS.TF.Framework.Server.L0.Tests.dll" adapterTypeName="Microsoft.VisualStudio.TestTools.TestTypes.Unit.UnitTestAdapter" className="MS.TF.Framework.Server.L0.Tests.Caching.DeploymentMemoryCacheBaseTests+Set" name="DeploymentMemoryCacheBase_Set_should_throw_argument_null_exception_when_value_is_null" />
    </UnitTest>
    <UnitTest name="DeploymentMemoryCacheBase_Set_should_set_item_in_default_region" storage="d:\v2.0\a1\_work\dbded102\bin\release.anycpu\vssf.sdk\ms.tf.framework.server.l0.tests\ms.tf.framework.server.l0.tests.dll" id="b2056827-4b01-86a7-29ca-d9f7f2ae48ba">
      <Execution id="c37534d3-185f-4353-b87c-46befe0c37ff" />
      <TestMethod codeBase="D:\v2.0\A1\_work\dbded102\bin\Release.AnyCPU\Vssf.Sdk\MS.TF.Framework.Server.L0.Tests\MS.TF.Framework.Server.L0.Tests.dll" adapterTypeName="Microsoft.VisualStudio.TestTools.TestTypes.Unit.UnitTestAdapter" className="MS.TF.Framework.Server.L0.Tests.Caching.DeploymentMemoryCacheBaseTests+Set" name="DeploymentMemoryCacheBase_Set_should_set_item_in_default_region" />
    </UnitTest>
    <UnitTest name="DeploymentMemoryCacheBase_Set_should_set_item_in_named_region" storage="d:\v2.0\a1\_work\dbded102\bin\release.anycpu\vssf.sdk\ms.tf.framework.server.l0.tests\ms.tf.framework.server.l0.tests.dll" id="111e2b53-b32c-6b24-6f50-d5766b31d483">
      <Execution id="7b6c54e6-2f74-4591-970b-83550021af71" />
      <TestMethod codeBase="D:\v2.0\A1\_work\dbded102\bin\Release.AnyCPU\Vssf.Sdk\MS.TF.Framework.Server.L0.Tests\MS.TF.Framework.Server.L0.Tests.dll" adapterTypeName="Microsoft.VisualStudio.TestTools.TestTypes.Unit.UnitTestAdapter" className="MS.TF.Framework.Server.L0.Tests.Caching.DeploymentMemoryCacheBaseTests+Set" name="DeploymentMemoryCacheBase_Set_should_set_item_in_named_region" />
    </UnitTest>
    <UnitTest name="DeploymentMemoryCacheBase_Get_should_throw_argument_null_exception_when_key_is_null" storage="d:\v2.0\a1\_work\dbded102\bin\release.anycpu\vssf.sdk\ms.tf.framework.server.l0.tests\ms.tf.framework.server.l0.tests.dll" id="08930a05-186a-aa24-638d-1c45dea3a185">
      <Execution id="ebed33db-5793-4d0c-a9e2-522d9a19e3b7" />
      <TestMethod codeBase="D:\v2.0\A1\_work\dbded102\bin\Release.AnyCPU\Vssf.Sdk\MS.TF.Framework.Server.L0.Tests\MS.TF.Framework.Server.L0.Tests.dll" adapterTypeName="Microsoft.VisualStudio.TestTools.TestTypes.Unit.UnitTestAdapter" className="MS.TF.Framework.Server.L0.Tests.Caching.DeploymentMemoryCacheBaseTests+Get" name="DeploymentMemoryCacheBase_Get_should_throw_argument_null_exception_when_key_is_null" />
    </UnitTest>
    <UnitTest name="DeploymentMemoryCacheBase_Get_should_throw_argument_exception_when_key_is_empty" storage="d:\v2.0\a1\_work\dbded102\bin\release.anycpu\vssf.sdk\ms.tf.framework.server.l0.tests\ms.tf.framework.server.l0.tests.dll" id="b9d03eac-a11d-c7e0-b17f-e477465ed653">
      <Execution id="d5481510-c957-4a0f-b52a-6f271c93e9c6" />
      <TestMethod codeBase="D:\v2.0\A1\_work\dbded102\bin\Release.AnyCPU\Vssf.Sdk\MS.TF.Framework.Server.L0.Tests\MS.TF.Framework.Server.L0.Tests.dll" adapterTypeName="Microsoft.VisualStudio.TestTools.TestTypes.Unit.UnitTestAdapter" className="MS.TF.Framework.Server.L0.Tests.Caching.DeploymentMemoryCacheBaseTests+Get" name="DeploymentMemoryCacheBase_Get_should_throw_argument_exception_when_key_is_empty" />
    </UnitTest>
    <UnitTest name="DeploymentMemoryCacheBase_Get_should_throw_argument_null_exception_when_region_is_null" storage="d:\v2.0\a1\_work\dbded102\bin\release.anycpu\vssf.sdk\ms.tf.framework.server.l0.tests\ms.tf.framework.server.l0.tests.dll" id="1b5870d8-5849-2eb3-5e91-9fd19ca46918">
      <Execution id="530e091a-c063-49fe-bd0e-bedeb107aaa6" />
      <TestMethod codeBase="D:\v2.0\A1\_work\dbded102\bin\Release.AnyCPU\Vssf.Sdk\MS.TF.Framework.Server.L0.Tests\MS.TF.Framework.Server.L0.Tests.dll" adapterTypeName="Microsoft.VisualStudio.TestTools.TestTypes.Unit.UnitTestAdapter" className="MS.TF.Framework.Server.L0.Tests.Caching.DeploymentMemoryCacheBaseTests+Get" name="DeploymentMemoryCacheBase_Get_should_throw_argument_null_exception_when_region_is_null" />
    </UnitTest>
    <UnitTest name="DeploymentMemoryCacheBase_Get_should_throw_argument_null_exception_when_region_is_empty" storage="d:\v2.0\a1\_work\dbded102\bin\release.anycpu\vssf.sdk\ms.tf.framework.server.l0.tests\ms.tf.framework.server.l0.tests.dll" id="2c8cb5ac-db17-5a5b-a9e0-07994e6c3197">
      <Execution id="4063ea92-2f2a-49d7-b62f-480d62342e0f" />
      <TestMethod codeBase="D:\v2.0\A1\_work\dbded102\bin\Release.AnyCPU\Vssf.Sdk\MS.TF.Framework.Server.L0.Tests\MS.TF.Framework.Server.L0.Tests.dll" adapterTypeName="Microsoft.VisualStudio.TestTools.TestTypes.Unit.UnitTestAdapter" className="MS.TF.Framework.Server.L0.Tests.Caching.DeploymentMemoryCacheBaseTests+Get" name="DeploymentMemoryCacheBase_Get_should_throw_argument_null_exception_when_region_is_empty" />
    </UnitTest>
    <UnitTest name="DeploymentMemoryCacheBase_Get_should_get_cached_item_from_default_region" storage="d:\v2.0\a1\_work\dbded102\bin\release.anycpu\vssf.sdk\ms.tf.framework.server.l0.tests\ms.tf.framework.server.l0.tests.dll" id="d82e544d-ef5b-2aaf-f530-e92014e77778">
      <Execution id="b02bbea3-60f0-486d-87b8-f2b457f5aeee" />
      <TestMethod codeBase="D:\v2.0\A1\_work\dbded102\bin\Release.AnyCPU\Vssf.Sdk\MS.TF.Framework.Server.L0.Tests\MS.TF.Framework.Server.L0.Tests.dll" adapterTypeName="Microsoft.VisualStudio.TestTools.TestTypes.Unit.UnitTestAdapter" className="MS.TF.Framework.Server.L0.Tests.Caching.DeploymentMemoryCacheBaseTests+Get" name="DeploymentMemoryCacheBase_Get_should_get_cached_item_from_default_region" />
    </UnitTest>
    <UnitTest name="DeploymentMemoryCacheBase_Get_should_get_cached_item_from_named_region" storage="d:\v2.0\a1\_work\dbded102\bin\release.anycpu\vssf.sdk\ms.tf.framework.server.l0.tests\ms.tf.framework.server.l0.tests.dll" id="a374f723-f1b9-4dc5-8889-f10e669ff3c0">
      <Execution id="ef933046-20f5-4556-9aa8-c68f9e3091cd" />
      <TestMethod codeBase="D:\v2.0\A1\_work\dbded102\bin\Release.AnyCPU\Vssf.Sdk\MS.TF.Framework.Server.L0.Tests\MS.TF.Framework.Server.L0.Tests.dll" adapterTypeName="Microsoft.VisualStudio.TestTools.TestTypes.Unit.UnitTestAdapter" className="MS.TF.Framework.Server.L0.Tests.Caching.DeploymentMemoryCacheBaseTests+Get" name="DeploymentMemoryCacheBase_Get_should_get_cached_item_from_named_region" />
    </UnitTest>
    <UnitTest name="DeploymentMemoryCacheBase_GetOrAdd_should_throw_argument_null_exception_when_key_is_null" storage="d:\v2.0\a1\_work\dbded102\bin\release.anycpu\vssf.sdk\ms.tf.framework.server.l0.tests\ms.tf.framework.server.l0.tests.dll" id="6a3cc234-ce33-1a9b-c63e-03746f0f1512">
      <Execution id="80977c2d-52c7-4a06-8986-9a752a9a62df" />
      <TestMethod codeBase="D:\v2.0\A1\_work\dbded102\bin\Release.AnyCPU\Vssf.Sdk\MS.TF.Framework.Server.L0.Tests\MS.TF.Framework.Server.L0.Tests.dll" adapterTypeName="Microsoft.VisualStudio.TestTools.TestTypes.Unit.UnitTestAdapter" className="MS.TF.Framework.Server.L0.Tests.Caching.DeploymentMemoryCacheBaseTests+GetOrAdd" name="DeploymentMemoryCacheBase_GetOrAdd_should_throw_argument_null_exception_when_key_is_null" />
    </UnitTest>
    <UnitTest name="DeploymentMemoryCacheBase_GetOrAdd_should_throw_argument_exception_when_key_is_empty" storage="d:\v2.0\a1\_work\dbded102\bin\release.anycpu\vssf.sdk\ms.tf.framework.server.l0.tests\ms.tf.framework.server.l0.tests.dll" id="1a8f7551-defc-b901-29d2-086bca381658">
      <Execution id="b4826860-20f8-4cf0-8322-d3af5404cbb5" />
      <TestMethod codeBase="D:\v2.0\A1\_work\dbded102\bin\Release.AnyCPU\Vssf.Sdk\MS.TF.Framework.Server.L0.Tests\MS.TF.Framework.Server.L0.Tests.dll" adapterTypeName="Microsoft.VisualStudio.TestTools.TestTypes.Unit.UnitTestAdapter" className="MS.TF.Framework.Server.L0.Tests.Caching.DeploymentMemoryCacheBaseTests+GetOrAdd" name="DeploymentMemoryCacheBase_GetOrAdd_should_throw_argument_exception_when_key_is_empty" />
    </UnitTest>
    <UnitTest name="DeploymentMemoryCacheBase_GetOrAdd_should_throw_argument_null_exception_when_region_is_null" storage="d:\v2.0\a1\_work\dbded102\bin\release.anycpu\vssf.sdk\ms.tf.framework.server.l0.tests\ms.tf.framework.server.l0.tests.dll" id="95ed26a8-a806-f1fb-2a8a-b496afd422d8">
      <Execution id="a83367e2-1b1a-4afa-a03b-f3034d8e69ea" />
      <TestMethod codeBase="D:\v2.0\A1\_work\dbded102\bin\Release.AnyCPU\Vssf.Sdk\MS.TF.Framework.Server.L0.Tests\MS.TF.Framework.Server.L0.Tests.dll" adapterTypeName="Microsoft.VisualStudio.TestTools.TestTypes.Unit.UnitTestAdapter" className="MS.TF.Framework.Server.L0.Tests.Caching.DeploymentMemoryCacheBaseTests+GetOrAdd" name="DeploymentMemoryCacheBase_GetOrAdd_should_throw_argument_null_exception_when_region_is_null" />
    </UnitTest>
    <UnitTest name="DeploymentMemoryCacheBase_GetOrAdd_should_throw_argument_null_exception_when_region_is_empty" storage="d:\v2.0\a1\_work\dbded102\bin\release.anycpu\vssf.sdk\ms.tf.framework.server.l0.tests\ms.tf.framework.server.l0.tests.dll" id="14c2c6da-790d-70ca-5d56-7eed7296fe39">
      <Execution id="ef60ce59-0a62-4b77-b160-0dd3757225db" />
      <TestMethod codeBase="D:\v2.0\A1\_work\dbded102\bin\Release.AnyCPU\Vssf.Sdk\MS.TF.Framework.Server.L0.Tests\MS.TF.Framework.Server.L0.Tests.dll" adapterTypeName="Microsoft.VisualStudio.TestTools.TestTypes.Unit.UnitTestAdapter" className="MS.TF.Framework.Server.L0.Tests.Caching.DeploymentMemoryCacheBaseTests+GetOrAdd" name="DeploymentMemoryCacheBase_GetOrAdd_should_throw_argument_null_exception_when_region_is_empty" />
    </UnitTest>
    <UnitTest name="DeploymentMemoryCacheBase_GetOrAdd_should_throw_argument_null_exception_when_cache_miss_handler_is_null" storage="d:\v2.0\a1\_work\dbded102\bin\release.anycpu\vssf.sdk\ms.tf.framework.server.l0.tests\ms.tf.framework.server.l0.tests.dll" id="9768a427-f8c9-18fb-2845-329abd680d78">
      <Execution id="fa622f6a-e98d-4f98-a08f-9fa25818dc71" />
      <TestMethod codeBase="D:\v2.0\A1\_work\dbded102\bin\Release.AnyCPU\Vssf.Sdk\MS.TF.Framework.Server.L0.Tests\MS.TF.Framework.Server.L0.Tests.dll" adapterTypeName="Microsoft.VisualStudio.TestTools.TestTypes.Unit.UnitTestAdapter" className="MS.TF.Framework.Server.L0.Tests.Caching.DeploymentMemoryCacheBaseTests+GetOrAdd" name="DeploymentMemoryCacheBase_GetOrAdd_should_throw_argument_null_exception_when_cache_miss_handler_is_null" />
    </UnitTest>
    <UnitTest name="DeploymentMemoryCacheBase_GetOrAdd_should_get_from_default_region_when_cached_item_exists" storage="d:\v2.0\a1\_work\dbded102\bin\release.anycpu\vssf.sdk\ms.tf.framework.server.l0.tests\ms.tf.framework.server.l0.tests.dll" id="064bf6f9-f4e5-6f6e-b39f-38fa5908d5e3">
      <Execution id="cd518065-925a-43b2-a1d8-3da7c8a16dee" />
      <TestMethod codeBase="D:\v2.0\A1\_work\dbded102\bin\Release.AnyCPU\Vssf.Sdk\MS.TF.Framework.Server.L0.Tests\MS.TF.Framework.Server.L0.Tests.dll" adapterTypeName="Microsoft.VisualStudio.TestTools.TestTypes.Unit.UnitTestAdapter" className="MS.TF.Framework.Server.L0.Tests.Caching.DeploymentMemoryCacheBaseTests+GetOrAdd" name="DeploymentMemoryCacheBase_GetOrAdd_should_get_from_default_region_when_cached_item_exists" />
    </UnitTest>
    <UnitTest name="DeploymentMemoryCacheBase_GetOrAdd_should_get_from_cache_miss_handler_and_set_cached_item_in_default_region" storage="d:\v2.0\a1\_work\dbded102\bin\release.anycpu\vssf.sdk\ms.tf.framework.server.l0.tests\ms.tf.framework.server.l0.tests.dll" id="27018317-de91-4560-8e24-cce748706ba8">
      <Execution id="f052147b-007a-4336-a7eb-a52d37eae593" />
      <TestMethod codeBase="D:\v2.0\A1\_work\dbded102\bin\Release.AnyCPU\Vssf.Sdk\MS.TF.Framework.Server.L0.Tests\MS.TF.Framework.Server.L0.Tests.dll" adapterTypeName="Microsoft.VisualStudio.TestTools.TestTypes.Unit.UnitTestAdapter" className="MS.TF.Framework.Server.L0.Tests.Caching.DeploymentMemoryCacheBaseTests+GetOrAdd" name="DeploymentMemoryCacheBase_GetOrAdd_should_get_from_cache_miss_handler_and_set_cached_item_in_default_region" />
    </UnitTest>
    <UnitTest name="DeploymentMemoryCacheBase_GetOrAdd_should_get_from_named_region_when_cached_item_exists" storage="d:\v2.0\a1\_work\dbded102\bin\release.anycpu\vssf.sdk\ms.tf.framework.server.l0.tests\ms.tf.framework.server.l0.tests.dll" id="7edd0449-7c75-38ab-3a27-3c723d484c90">
      <Execution id="f6feef3f-ace7-4b37-aced-c21c569939ee" />
      <TestMethod codeBase="D:\v2.0\A1\_work\dbded102\bin\Release.AnyCPU\Vssf.Sdk\MS.TF.Framework.Server.L0.Tests\MS.TF.Framework.Server.L0.Tests.dll" adapterTypeName="Microsoft.VisualStudio.TestTools.TestTypes.Unit.UnitTestAdapter" className="MS.TF.Framework.Server.L0.Tests.Caching.DeploymentMemoryCacheBaseTests+GetOrAdd" name="DeploymentMemoryCacheBase_GetOrAdd_should_get_from_named_region_when_cached_item_exists" />
    </UnitTest>
    <UnitTest name="DeploymentMemoryCacheBase_GetOrAdd_should_get_from_cache_miss_handler_and_set_cached_item_in_named_region" storage="d:\v2.0\a1\_work\dbded102\bin\release.anycpu\vssf.sdk\ms.tf.framework.server.l0.tests\ms.tf.framework.server.l0.tests.dll" id="63e1caf7-01e3-ee44-6c80-641d604b4331">
      <Execution id="860a0a3d-cb72-4bff-9c3b-47cfa4c56872" />
      <TestMethod codeBase="D:\v2.0\A1\_work\dbded102\bin\Release.AnyCPU\Vssf.Sdk\MS.TF.Framework.Server.L0.Tests\MS.TF.Framework.Server.L0.Tests.dll" adapterTypeName="Microsoft.VisualStudio.TestTools.TestTypes.Unit.UnitTestAdapter" className="MS.TF.Framework.Server.L0.Tests.Caching.DeploymentMemoryCacheBaseTests+GetOrAdd" name="DeploymentMemoryCacheBase_GetOrAdd_should_get_from_cache_miss_handler_and_set_cached_item_in_named_region" />
    </UnitTest>
    <UnitTest name="DeploymentMemoryCacheBase_GetValues_should_throw_argument_null_exception_when_keys_is_null" storage="d:\v2.0\a1\_work\dbded102\bin\release.anycpu\vssf.sdk\ms.tf.framework.server.l0.tests\ms.tf.framework.server.l0.tests.dll" id="6faad261-d82c-1db6-5b91-c8d6a49f5001">
      <Execution id="0d5dcc2a-0522-4d78-a8b2-e04353a0643d" />
      <TestMethod codeBase="D:\v2.0\A1\_work\dbded102\bin\Release.AnyCPU\Vssf.Sdk\MS.TF.Framework.Server.L0.Tests\MS.TF.Framework.Server.L0.Tests.dll" adapterTypeName="Microsoft.VisualStudio.TestTools.TestTypes.Unit.UnitTestAdapter" className="MS.TF.Framework.Server.L0.Tests.Caching.DeploymentMemoryCacheBaseTests+GetValues" name="DeploymentMemoryCacheBase_GetValues_should_throw_argument_null_exception_when_keys_is_null" />
    </UnitTest>
    <UnitTest name="DeploymentMemoryCacheBase_GetValues_should_throw_argument_exception_when_keys_is_empty" storage="d:\v2.0\a1\_work\dbded102\bin\release.anycpu\vssf.sdk\ms.tf.framework.server.l0.tests\ms.tf.framework.server.l0.tests.dll" id="0f2270c6-4908-9912-e030-54e939cf51f9">
      <Execution id="4d40dae9-97b9-40cc-82fa-637a14cc9f1a" />
      <TestMethod codeBase="D:\v2.0\A1\_work\dbded102\bin\Release.AnyCPU\Vssf.Sdk\MS.TF.Framework.Server.L0.Tests\MS.TF.Framework.Server.L0.Tests.dll" adapterTypeName="Microsoft.VisualStudio.TestTools.TestTypes.Unit.UnitTestAdapter" className="MS.TF.Framework.Server.L0.Tests.Caching.DeploymentMemoryCacheBaseTests+GetValues" name="DeploymentMemoryCacheBase_GetValues_should_throw_argument_exception_when_keys_is_empty" />
    </UnitTest>
    <UnitTest name="DeploymentMemoryCacheBase_GetValues_should_throw_argument_null_exception_when_region_is_null" storage="d:\v2.0\a1\_work\dbded102\bin\release.anycpu\vssf.sdk\ms.tf.framework.server.l0.tests\ms.tf.framework.server.l0.tests.dll" id="680630ae-86ab-6ace-9843-866c2f382040">
      <Execution id="e11726bd-62e4-41aa-850c-622c0acde0dd" />
      <TestMethod codeBase="D:\v2.0\A1\_work\dbded102\bin\Release.AnyCPU\Vssf.Sdk\MS.TF.Framework.Server.L0.Tests\MS.TF.Framework.Server.L0.Tests.dll" adapterTypeName="Microsoft.VisualStudio.TestTools.TestTypes.Unit.UnitTestAdapter" className="MS.TF.Framework.Server.L0.Tests.Caching.DeploymentMemoryCacheBaseTests+GetValues" name="DeploymentMemoryCacheBase_GetValues_should_throw_argument_null_exception_when_region_is_null" />
    </UnitTest>
    <UnitTest name="DeploymentMemoryCacheBase_GetValues_should_throw_argument_null_exception_when_region_is_empty" storage="d:\v2.0\a1\_work\dbded102\bin\release.anycpu\vssf.sdk\ms.tf.framework.server.l0.tests\ms.tf.framework.server.l0.tests.dll" id="75a02011-cfb8-173e-0b34-3e0edf1a794e">
      <Execution id="30bd31ef-3b9d-4ed8-9c3b-1930071c0318" />
      <TestMethod codeBase="D:\v2.0\A1\_work\dbded102\bin\Release.AnyCPU\Vssf.Sdk\MS.TF.Framework.Server.L0.Tests\MS.TF.Framework.Server.L0.Tests.dll" adapterTypeName="Microsoft.VisualStudio.TestTools.TestTypes.Unit.UnitTestAdapter" className="MS.TF.Framework.Server.L0.Tests.Caching.DeploymentMemoryCacheBaseTests+GetValues" name="DeploymentMemoryCacheBase_GetValues_should_throw_argument_null_exception_when_region_is_empty" />
    </UnitTest>
    <UnitTest name="DeploymentMemoryCacheBase_GetValues_should_return_values_from_default_region" storage="d:\v2.0\a1\_work\dbded102\bin\release.anycpu\vssf.sdk\ms.tf.framework.server.l0.tests\ms.tf.framework.server.l0.tests.dll" id="649ef29f-bb99-551a-aafa-3e235664e39a">
      <Execution id="7d904949-48be-4617-8e3a-ab9937212a3b" />
      <TestMethod codeBase="D:\v2.0\A1\_work\dbded102\bin\Release.AnyCPU\Vssf.Sdk\MS.TF.Framework.Server.L0.Tests\MS.TF.Framework.Server.L0.Tests.dll" adapterTypeName="Microsoft.VisualStudio.TestTools.TestTypes.Unit.UnitTestAdapter" className="MS.TF.Framework.Server.L0.Tests.Caching.DeploymentMemoryCacheBaseTests+GetValues" name="DeploymentMemoryCacheBase_GetValues_should_return_values_from_default_region" />
    </UnitTest>
    <UnitTest name="DeploymentMemoryCacheBase_GetValues_should_return_values_from_named_region" storage="d:\v2.0\a1\_work\dbded102\bin\release.anycpu\vssf.sdk\ms.tf.framework.server.l0.tests\ms.tf.framework.server.l0.tests.dll" id="1d530f5d-c12a-8e35-8543-f857571ad164">
      <Execution id="d338e51c-c90c-455c-b0f7-3114ffb07637" />
      <TestMethod codeBase="D:\v2.0\A1\_work\dbded102\bin\Release.AnyCPU\Vssf.Sdk\MS.TF.Framework.Server.L0.Tests\MS.TF.Framework.Server.L0.Tests.dll" adapterTypeName="Microsoft.VisualStudio.TestTools.TestTypes.Unit.UnitTestAdapter" className="MS.TF.Framework.Server.L0.Tests.Caching.DeploymentMemoryCacheBaseTests+GetValues" name="DeploymentMemoryCacheBase_GetValues_should_return_values_from_named_region" />
    </UnitTest>
    <UnitTest name="ClientProvider_Can_Get_Client" storage="d:\v2.0\a1\_work\dbded102\bin\release.anycpu\vssf.sdk\ms.tf.framework.server.l0.tests\ms.tf.framework.server.l0.tests.dll" id="060031e3-c472-6662-285d-086ff7c7bc54">
      <Execution id="7ba141fb-da81-4b4f-be9f-f0d1fd25f22f" />
      <TestMethod codeBase="D:\v2.0\A1\_work\dbded102\bin\Release.AnyCPU\Vssf.Sdk\MS.TF.Framework.Server.L0.Tests\MS.TF.Framework.Server.L0.Tests.dll" adapterTypeName="Microsoft.VisualStudio.TestTools.TestTypes.Unit.UnitTestAdapter" className="MS.TF.Framework.Server.L0.Tests.BusinessLogic.ClientProviderTests+GetClient" name="ClientProvider_Can_Get_Client" />
    </UnitTest>
    <UnitTest name="ClientProvider_Can_Update_Cache" storage="d:\v2.0\a1\_work\dbded102\bin\release.anycpu\vssf.sdk\ms.tf.framework.server.l0.tests\ms.tf.framework.server.l0.tests.dll" id="6ad10f86-2a2f-58c3-8872-ce5cb8e11e1c">
      <Execution id="ccb04631-e3ab-4161-a976-8394642ce8c8" />
      <TestMethod codeBase="D:\v2.0\A1\_work\dbded102\bin\Release.AnyCPU\Vssf.Sdk\MS.TF.Framework.Server.L0.Tests\MS.TF.Framework.Server.L0.Tests.dll" adapterTypeName="Microsoft.VisualStudio.TestTools.TestTypes.Unit.UnitTestAdapter" className="MS.TF.Framework.Server.L0.Tests.BusinessLogic.ClientProviderTests+GetClient" name="ClientProvider_Can_Update_Cache" />
    </UnitTest>
    <UnitTest name="Should_be_true_when_execution_environment_is_not_hosted" storage="d:\v2.0\a1\_work\dbded102\bin\release.anycpu\vssf.sdk\ms.tf.framework.server.l0.tests\ms.tf.framework.server.l0.tests.dll" id="f94334ce-07e5-cce2-52f8-e4c1bed6e0f6">
      <Execution id="13670c03-7bb7-434f-bf8c-31c99ba7a4d5" />
      <TestMethod codeBase="D:\v2.0\A1\_work\dbded102\bin\Release.AnyCPU\Vssf.Sdk\MS.TF.Framework.Server.L0.Tests\MS.TF.Framework.Server.L0.Tests.dll" adapterTypeName="Microsoft.VisualStudio.TestTools.TestTypes.Unit.UnitTestAdapter" className="MS.TF.Framework.Server.L0.Tests.Authentication.TeamFoundationAuthenticationServiceTests+IsRequestAuthenticationValid" name="Should_be_true_when_execution_environment_is_not_hosted" />
    </UnitTest>
    <UnitTest name="Should_be_true_when_current_request_has_no_user_context" storage="d:\v2.0\a1\_work\dbded102\bin\release.anycpu\vssf.sdk\ms.tf.framework.server.l0.tests\ms.tf.framework.server.l0.tests.dll" id="a36f82e9-5ef0-b65e-5088-d83c9505b3aa">
      <Execution id="c0e80d7c-e8ca-49d8-9541-f2527bf76aa2" />
      <TestMethod codeBase="D:\v2.0\A1\_work\dbded102\bin\Release.AnyCPU\Vssf.Sdk\MS.TF.Framework.Server.L0.Tests\MS.TF.Framework.Server.L0.Tests.dll" adapterTypeName="Microsoft.VisualStudio.TestTools.TestTypes.Unit.UnitTestAdapter" className="MS.TF.Framework.Server.L0.Tests.Authentication.TeamFoundationAuthenticationServiceTests+IsRequestAuthenticationValid" name="Should_be_true_when_current_request_has_no_user_context" />
    </UnitTest>
    <UnitTest name="Should_be_true_when_request_authentication_validation_feature_is_not_enabled" storage="d:\v2.0\a1\_work\dbded102\bin\release.anycpu\vssf.sdk\ms.tf.framework.server.l0.tests\ms.tf.framework.server.l0.tests.dll" id="262a6451-a8e4-9b98-c5b8-2ee4446f8c7e">
      <Execution id="09ad255f-1678-4303-a203-9b742c6b84c0" />
      <TestMethod codeBase="D:\v2.0\A1\_work\dbded102\bin\Release.AnyCPU\Vssf.Sdk\MS.TF.Framework.Server.L0.Tests\MS.TF.Framework.Server.L0.Tests.dll" adapterTypeName="Microsoft.VisualStudio.TestTools.TestTypes.Unit.UnitTestAdapter" className="MS.TF.Framework.Server.L0.Tests.Authentication.TeamFoundationAuthenticationServiceTests+IsRequestAuthenticationValid" name="Should_be_true_when_request_authentication_validation_feature_is_not_enabled" />
    </UnitTest>
    <UnitTest name="Should_be_true_when_request_restriction_label_is_signout" storage="d:\v2.0\a1\_work\dbded102\bin\release.anycpu\vssf.sdk\ms.tf.framework.server.l0.tests\ms.tf.framework.server.l0.tests.dll" id="14adc01f-2e14-879b-be71-9ee54c9f287e">
      <Execution id="eacba608-6699-4817-9f08-2c378429d711" />
      <TestMethod codeBase="D:\v2.0\A1\_work\dbded102\bin\Release.AnyCPU\Vssf.Sdk\MS.TF.Framework.Server.L0.Tests\MS.TF.Framework.Server.L0.Tests.dll" adapterTypeName="Microsoft.VisualStudio.TestTools.TestTypes.Unit.UnitTestAdapter" className="MS.TF.Framework.Server.L0.Tests.Authentication.TeamFoundationAuthenticationServiceTests+IsRequestAuthenticationValid" name="Should_be_true_when_request_restriction_label_is_signout" />
    </UnitTest>
    <UnitTest name="Should_be_true_when_current_request_uri_contains_forceSignout_flag_with_value_true" storage="d:\v2.0\a1\_work\dbded102\bin\release.anycpu\vssf.sdk\ms.tf.framework.server.l0.tests\ms.tf.framework.server.l0.tests.dll" id="04f1f8d6-820b-fd5e-f95e-d6d6793f782f">
      <Execution id="3a7c7278-a4f3-4e78-9e98-7aad4d515867" />
      <TestMethod codeBase="D:\v2.0\A1\_work\dbded102\bin\Release.AnyCPU\Vssf.Sdk\MS.TF.Framework.Server.L0.Tests\MS.TF.Framework.Server.L0.Tests.dll" adapterTypeName="Microsoft.VisualStudio.TestTools.TestTypes.Unit.UnitTestAdapter" className="MS.TF.Framework.Server.L0.Tests.Authentication.TeamFoundationAuthenticationServiceTests+IsRequestAuthenticationValid" name="Should_be_true_when_current_request_uri_contains_forceSignout_flag_with_value_true" />
    </UnitTest>
    <UnitTest name="Should_be_false_when_validator_returns_false_for_request_validation" storage="d:\v2.0\a1\_work\dbded102\bin\release.anycpu\vssf.sdk\ms.tf.framework.server.l0.tests\ms.tf.framework.server.l0.tests.dll" id="51cca666-4e23-8f0c-6569-f9e503d2441f">
      <Execution id="8c30eda7-a2b1-4ca6-9514-d8a12db5b26f" />
      <TestMethod codeBase="D:\v2.0\A1\_work\dbded102\bin\Release.AnyCPU\Vssf.Sdk\MS.TF.Framework.Server.L0.Tests\MS.TF.Framework.Server.L0.Tests.dll" adapterTypeName="Microsoft.VisualStudio.TestTools.TestTypes.Unit.UnitTestAdapter" className="MS.TF.Framework.Server.L0.Tests.Authentication.TeamFoundationAuthenticationServiceTests+IsRequestAuthenticationValid" name="Should_be_false_when_validator_returns_false_for_request_validation" />
    </UnitTest>
    <UnitTest name="Should_completes_invalid_request_only_on_first_failed_validator_result" storage="d:\v2.0\a1\_work\dbded102\bin\release.anycpu\vssf.sdk\ms.tf.framework.server.l0.tests\ms.tf.framework.server.l0.tests.dll" id="910d54c9-4765-59ab-7a6c-3e02ba9ccc88">
      <Execution id="42c4e714-01bc-4c14-a5a7-069aaca35f9a" />
      <TestMethod codeBase="D:\v2.0\A1\_work\dbded102\bin\Release.AnyCPU\Vssf.Sdk\MS.TF.Framework.Server.L0.Tests\MS.TF.Framework.Server.L0.Tests.dll" adapterTypeName="Microsoft.VisualStudio.TestTools.TestTypes.Unit.UnitTestAdapter" className="MS.TF.Framework.Server.L0.Tests.Authentication.TeamFoundationAuthenticationServiceTests+IsRequestAuthenticationValid" name="Should_completes_invalid_request_only_on_first_failed_validator_result" />
    </UnitTest>
    <UnitTest name="Should_return_null_when_no_credential_is_set_in_http_context" storage="d:\v2.0\a1\_work\dbded102\bin\release.anycpu\vssf.sdk\ms.tf.framework.server.l0.tests\ms.tf.framework.server.l0.tests.dll" id="0773269f-1356-40f5-7b15-55cd2be91994">
      <Execution id="b6eedc72-615e-4870-a1bc-0e8bf2726496" />
      <TestMethod codeBase="D:\v2.0\A1\_work\dbded102\bin\Release.AnyCPU\Vssf.Sdk\MS.TF.Framework.Server.L0.Tests\MS.TF.Framework.Server.L0.Tests.dll" adapterTypeName="Microsoft.VisualStudio.TestTools.TestTypes.Unit.UnitTestAdapter" className="MS.TF.Framework.Server.L0.Tests.Authentication.TeamFoundationAuthenticationServiceTests+GetAuthCredentialTests" name="Should_return_null_when_no_credential_is_set_in_http_context" />
    </UnitTest>
    <UnitTest name="Should_return_credential_previously_set" storage="d:\v2.0\a1\_work\dbded102\bin\release.anycpu\vssf.sdk\ms.tf.framework.server.l0.tests\ms.tf.framework.server.l0.tests.dll" id="32f1fe0d-792c-1eef-5e3e-9610f2ed3b6a">
      <Execution id="f3cdfb3c-b9c5-4a96-b80a-96f562032f4a" />
      <TestMethod codeBase="D:\v2.0\A1\_work\dbded102\bin\Release.AnyCPU\Vssf.Sdk\MS.TF.Framework.Server.L0.Tests\MS.TF.Framework.Server.L0.Tests.dll" adapterTypeName="Microsoft.VisualStudio.TestTools.TestTypes.Unit.UnitTestAdapter" className="MS.TF.Framework.Server.L0.Tests.Authentication.TeamFoundationAuthenticationServiceTests+GetAuthCredentialTests" name="Should_return_credential_previously_set" />
    </UnitTest>
    <UnitTest name="TokenValidator_should_return_valid_with_valid_token" storage="d:\v2.0\a1\_work\dbded102\bin\release.anycpu\vssf.sdk\ms.tf.framework.server.l0.tests\ms.tf.framework.server.l0.tests.dll" id="bc5eda87-f044-106f-ad1c-38827b757df5">
      <Execution id="72ea1c21-46d0-4d7a-8f9a-8ca0f9bab272" />
      <TestMethod codeBase="D:\v2.0\A1\_work\dbded102\bin\Release.AnyCPU\Vssf.Sdk\MS.TF.Framework.Server.L0.Tests\MS.TF.Framework.Server.L0.Tests.dll" adapterTypeName="Microsoft.VisualStudio.TestTools.TestTypes.Unit.UnitTestAdapter" className="MS.TF.Framework.Server.L0.Tests.Authentication.TeamFoundationAuthenticationServiceTests+TokenValidatorTests" name="TokenValidator_should_return_valid_with_valid_token" />
    </UnitTest>
    <UnitTest name="TokenValidator_should_return_invalid_with_invalid_token" storage="d:\v2.0\a1\_work\dbded102\bin\release.anycpu\vssf.sdk\ms.tf.framework.server.l0.tests\ms.tf.framework.server.l0.tests.dll" id="47b0e82d-792e-2f65-7754-68800b22e9f4">
      <Execution id="9ec3ea6b-cc08-4a23-89ac-96780d4ae438" />
      <TestMethod codeBase="D:\v2.0\A1\_work\dbded102\bin\Release.AnyCPU\Vssf.Sdk\MS.TF.Framework.Server.L0.Tests\MS.TF.Framework.Server.L0.Tests.dll" adapterTypeName="Microsoft.VisualStudio.TestTools.TestTypes.Unit.UnitTestAdapter" className="MS.TF.Framework.Server.L0.Tests.Authentication.TeamFoundationAuthenticationServiceTests+TokenValidatorTests" name="TokenValidator_should_return_invalid_with_invalid_token" />
    </UnitTest>
  </TestDefinitions>
  <TestEntries>
    <TestEntry testId="695aeef4-8f66-444b-8461-8aa74ae0c67b" executionId="f7c10f0a-e182-404f-8c2d-97150d9abedd" testListId="8c84fa94-04c1-424b-9868-57a2d4851a1d" />
    <TestEntry testId="6e8d441c-20cd-f2a4-8ba0-1e2e68de9db1" executionId="f672b2de-55d0-45f1-8813-78943432ad7b" testListId="8c84fa94-04c1-424b-9868-57a2d4851a1d" />
    <TestEntry testId="2756e1de-0009-fae6-cffc-e18cf92b49e6" executionId="627cf08d-82a8-4803-8a54-55fb9c9525f6" testListId="8c84fa94-04c1-424b-9868-57a2d4851a1d" />
    <TestEntry testId="41b288a2-b524-9f33-013e-f6ea2147656c" executionId="e9777328-28f8-40ec-a434-429dedf166c9" testListId="8c84fa94-04c1-424b-9868-57a2d4851a1d" />
    <TestEntry testId="699ad56d-f127-2d45-b2f5-8719adb6994f" executionId="3b800413-e310-46f4-8417-e51a253bd9a6" testListId="8c84fa94-04c1-424b-9868-57a2d4851a1d" />
    <TestEntry testId="275d2093-182d-328d-71af-5ab4a796461a" executionId="348ded16-ac25-448a-a6de-b78df7337e41" testListId="8c84fa94-04c1-424b-9868-57a2d4851a1d" />
    <TestEntry testId="6b7f9811-305e-3dfd-7350-7302018f23b8" executionId="25603768-b932-4af4-aa5d-43ab3b2b46e3" testListId="8c84fa94-04c1-424b-9868-57a2d4851a1d" />
    <TestEntry testId="d0c18b7f-97ef-adb5-7d93-c466a2f8571f" executionId="9721933d-08a2-430c-91a5-01f23945dc57" testListId="8c84fa94-04c1-424b-9868-57a2d4851a1d" />
    <TestEntry testId="4f68f7e5-53eb-7bac-ad7d-bf85609e18b3" executionId="07e1e383-2bd5-4286-b803-ba4c82dcaa90" testListId="8c84fa94-04c1-424b-9868-57a2d4851a1d" />
    <TestEntry testId="dc71c986-a689-5c1f-d61c-202b4652a39e" executionId="703a7630-3954-4d96-a547-f112b6989493" testListId="8c84fa94-04c1-424b-9868-57a2d4851a1d" />
    <TestEntry testId="a53c571e-8adf-6882-669d-d0d9d99cd4bb" executionId="53f2bc13-3719-494d-841e-510298535f25" testListId="8c84fa94-04c1-424b-9868-57a2d4851a1d" />
    <TestEntry testId="91746a2e-e972-776d-128e-6cdbfa5bae45" executionId="69f7819d-4000-44fe-a76d-5e4a9cef8c8d" testListId="8c84fa94-04c1-424b-9868-57a2d4851a1d" />
    <TestEntry testId="9ed57a3f-964e-57fd-7e5a-c4e94320acbc" executionId="03370b41-4a07-44d4-b009-4ac61aa5fa84" testListId="8c84fa94-04c1-424b-9868-57a2d4851a1d" />
    <TestEntry testId="713662f9-059e-29dd-5360-d0d74e6ba4cc" executionId="3ca66db9-30a5-4eb8-9dfb-7ae6ac0129b6" testListId="8c84fa94-04c1-424b-9868-57a2d4851a1d" />
    <TestEntry testId="0025fda4-4af6-8b9f-7876-977dc09f3d41" executionId="e679c1be-d1b3-4dae-93a6-779a3404c865" testListId="8c84fa94-04c1-424b-9868-57a2d4851a1d" />
    <TestEntry testId="d2b66c5a-ffbe-1a8a-d90f-5eb68385e5e2" executionId="b8491998-d4ef-4939-a862-c05c2b6329c3" testListId="8c84fa94-04c1-424b-9868-57a2d4851a1d" />
    <TestEntry testId="bcfc06a5-63d8-856f-a026-29cbd3acd742" executionId="cfe2fc92-146c-4b6e-a0f3-63825d37c6a5" testListId="8c84fa94-04c1-424b-9868-57a2d4851a1d" />
    <TestEntry testId="5960eceb-dc9a-b2db-a503-7fcfe769ba34" executionId="3e39a097-f79b-4dbe-a454-287b4f518665" testListId="8c84fa94-04c1-424b-9868-57a2d4851a1d" />
    <TestEntry testId="597d2ba0-c5e6-2ef0-5570-ee17cc6b822a" executionId="2c235bcc-1b39-40ac-b144-b0e98a91ec40" testListId="8c84fa94-04c1-424b-9868-57a2d4851a1d" />
    <TestEntry testId="d8eef073-a474-b456-d2ca-788d7b37b828" executionId="05cb7040-5166-4099-b366-ea79bdefc0ad" testListId="8c84fa94-04c1-424b-9868-57a2d4851a1d" />
    <TestEntry testId="b7ab7bdc-0b0e-f608-159c-4c2af69633e1" executionId="8713ec70-58b8-474e-bedc-8ad812f7a318" testListId="8c84fa94-04c1-424b-9868-57a2d4851a1d" />
    <TestEntry testId="79a1da82-d0d3-a3a2-1d31-7c942ed88bbd" executionId="8416c392-7ef2-4ee2-84bd-2027a97212e8" testListId="8c84fa94-04c1-424b-9868-57a2d4851a1d" />
    <TestEntry testId="aaa8ab73-4d52-8511-fd45-478ac0a58316" executionId="512855f3-1ce9-4fc5-9d1f-42b694818210" testListId="8c84fa94-04c1-424b-9868-57a2d4851a1d" />
    <TestEntry testId="9434059a-46aa-887e-4398-69c0e2cde615" executionId="544e37f7-8b06-4146-b5e5-dfd5f8f0325d" testListId="8c84fa94-04c1-424b-9868-57a2d4851a1d" />
    <TestEntry testId="d752db22-c09b-083e-cdad-775c370945f2" executionId="50d90afa-f8d6-4fc2-a246-e486511777ee" testListId="8c84fa94-04c1-424b-9868-57a2d4851a1d" />
    <TestEntry testId="21aac58f-c375-65fe-a5ea-7c2b43d40796" executionId="9f88e723-39c7-4aad-a807-78097ef831c6" testListId="8c84fa94-04c1-424b-9868-57a2d4851a1d" />
    <TestEntry testId="2d5f5a5c-eeba-2f84-2780-227a752112a4" executionId="84d52394-63f4-46e5-937c-23c9e09377a8" testListId="8c84fa94-04c1-424b-9868-57a2d4851a1d" />
    <TestEntry testId="8c4b3cfc-191a-5690-2980-c5b491f219d4" executionId="37e16783-51e6-4841-8e0e-bcc806bd8a4a" testListId="8c84fa94-04c1-424b-9868-57a2d4851a1d" />
    <TestEntry testId="37f4e5db-b0ca-12f7-cfe8-c1db6047c98a" executionId="a2c50c2c-c5cf-4621-95ff-2446da324371" testListId="8c84fa94-04c1-424b-9868-57a2d4851a1d" />
    <TestEntry testId="98b8771c-2e8e-1aab-8925-8cc4dead5f5e" executionId="4e07ff64-9daa-48f0-aa66-a1e1acfe2c2b" testListId="8c84fa94-04c1-424b-9868-57a2d4851a1d" />
    <TestEntry testId="ba90e7d3-cf8f-2a0d-8ee5-09bccef97c6e" executionId="4efebc2d-9701-4c82-b560-a42dc328147c" testListId="8c84fa94-04c1-424b-9868-57a2d4851a1d" />
    <TestEntry testId="10599a2f-d92e-9ba1-e01e-d69cc9bd9006" executionId="a4d975a3-676e-4190-8b45-a9361c86cf2a" testListId="8c84fa94-04c1-424b-9868-57a2d4851a1d" />
    <TestEntry testId="946c5d0d-5ece-87d9-2787-4a11df79ca58" executionId="963fb2d2-058b-48ed-a161-c87fba672ef9" testListId="8c84fa94-04c1-424b-9868-57a2d4851a1d" />
    <TestEntry testId="562402fb-a1b0-c9e6-d054-fe01347f0856" executionId="b0c4bf21-fa46-4d35-9cd4-82fbec836243" testListId="8c84fa94-04c1-424b-9868-57a2d4851a1d" />
    <TestEntry testId="88d305c9-06bf-2939-a518-35ea46789a67" executionId="86d9a508-38a5-4883-a2e8-3f5a99648390" testListId="8c84fa94-04c1-424b-9868-57a2d4851a1d" />
    <TestEntry testId="dbc81115-3ba4-db46-e8a0-b9ad0dcf1538" executionId="6c12ad98-4063-4452-a8f8-ea99696363fa" testListId="8c84fa94-04c1-424b-9868-57a2d4851a1d" />
    <TestEntry testId="16f3262a-b0fb-dfa0-b506-0d850425cc0a" executionId="8a30e113-9771-4741-b2b5-26a59f73227f" testListId="8c84fa94-04c1-424b-9868-57a2d4851a1d" />
    <TestEntry testId="7445d50b-4248-8d68-915c-0c22310bcbfd" executionId="8a6ca4b1-44a3-4f0b-9aa7-0145becbe64c" testListId="8c84fa94-04c1-424b-9868-57a2d4851a1d" />
    <TestEntry testId="ad9e1168-cc62-f310-dc34-e7974fd2643a" executionId="fac3d956-63b8-4520-86cc-65c207ce11a8" testListId="8c84fa94-04c1-424b-9868-57a2d4851a1d" />
    <TestEntry testId="240ed141-323a-ae4f-1c95-0afadfb3a9af" executionId="2dc4f3e6-575c-47a5-a3d5-4c2ff1ec8c37" testListId="8c84fa94-04c1-424b-9868-57a2d4851a1d" />
    <TestEntry testId="fb1a8e29-0b27-1213-5481-fa017ec5fb20" executionId="7a6eaa8d-3007-490c-9f93-36d6e4004cc8" testListId="8c84fa94-04c1-424b-9868-57a2d4851a1d" />
    <TestEntry testId="cb981858-4c78-d0dc-e20b-12766a2b4564" executionId="e96386e7-9c97-4bbd-815d-2e972a251c59" testListId="8c84fa94-04c1-424b-9868-57a2d4851a1d" />
    <TestEntry testId="1f0dfb45-1413-5ee7-ab72-6d1611617921" executionId="eebc5f54-cfee-43f0-86b6-90d8d285a629" testListId="8c84fa94-04c1-424b-9868-57a2d4851a1d" />
    <TestEntry testId="aee657cc-49dc-11b2-da69-6b7b30b27f4d" executionId="97c6c974-f9bd-4559-b9c6-c467261d6589" testListId="8c84fa94-04c1-424b-9868-57a2d4851a1d" />
    <TestEntry testId="dad01e55-cf34-a972-bfeb-d2ec8709254d" executionId="7728b1d1-0186-4e72-8455-bec093f67ade" testListId="8c84fa94-04c1-424b-9868-57a2d4851a1d" />
    <TestEntry testId="61f081e1-d4cf-78ef-64a6-95631f27cad4" executionId="fc0d7925-2f3a-4f26-9f03-757bc643901b" testListId="8c84fa94-04c1-424b-9868-57a2d4851a1d" />
    <TestEntry testId="d11eadf7-ef60-53d8-f1b1-8ebef6071a90" executionId="38bee31a-99b1-4fef-aa2c-22eaa056a1ea" testListId="8c84fa94-04c1-424b-9868-57a2d4851a1d" />
    <TestEntry testId="fcade261-cad7-982e-9628-eca3a14a43d5" executionId="0dfe5ef3-6cc8-43dd-b150-25cbcf2a14be" testListId="8c84fa94-04c1-424b-9868-57a2d4851a1d" />
    <TestEntry testId="ab19d38a-3129-7f36-1c82-9ad45d589059" executionId="b7ee5b25-1588-4a41-8b31-5f57e6a76adb" testListId="8c84fa94-04c1-424b-9868-57a2d4851a1d" />
    <TestEntry testId="a1be8dde-aa4e-ed9a-6cf7-f5cf02ce0c83" executionId="d3622ae3-a8fe-44b4-a661-2cb28f4f78fa" testListId="8c84fa94-04c1-424b-9868-57a2d4851a1d" />
    <TestEntry testId="3734ea2c-b524-2666-0bba-aaeaa0c2224e" executionId="32f78dba-60f7-452e-863e-046b28080d4d" testListId="8c84fa94-04c1-424b-9868-57a2d4851a1d" />
    <TestEntry testId="c7f7279f-92ca-0db8-3a29-cc91d225ff5b" executionId="93eaa340-73ea-4e73-be0f-78826ad0ff6a" testListId="8c84fa94-04c1-424b-9868-57a2d4851a1d" />
    <TestEntry testId="3d1a59e1-e8e9-c564-efb8-988196980294" executionId="a6b99eee-8340-404d-9521-8f00ce01f814" testListId="8c84fa94-04c1-424b-9868-57a2d4851a1d" />
    <TestEntry testId="12174af7-1aa7-6489-2f6b-dcb2bfb1dcea" executionId="fb04ae33-5978-42c5-96f1-d1ab44b95306" testListId="8c84fa94-04c1-424b-9868-57a2d4851a1d" />
    <TestEntry testId="cc18cd7d-e174-9083-8ab1-740d3946988d" executionId="9fb90fbc-dd12-4fb6-8028-ae9d24ac6f2c" testListId="8c84fa94-04c1-424b-9868-57a2d4851a1d" />
    <TestEntry testId="8388c3dd-555b-396b-2774-0ef09d4afaa4" executionId="127b0b4f-634b-498d-9875-9b3f8775c955" testListId="8c84fa94-04c1-424b-9868-57a2d4851a1d" />
    <TestEntry testId="2a6d5b61-cd9a-6abc-61ab-bb0b62b24199" executionId="4b8319c0-5069-440d-996e-8a57b931f975" testListId="8c84fa94-04c1-424b-9868-57a2d4851a1d" />
    <TestEntry testId="32bbf436-0e5b-843b-7ab7-3a57401f4700" executionId="9e1dc29a-6668-4128-8071-89da15440fe3" testListId="8c84fa94-04c1-424b-9868-57a2d4851a1d" />
    <TestEntry testId="3f95f0d4-b44f-b2f4-4e4d-b4003a210fdb" executionId="de65d5ec-f500-414b-8b42-ed714f8a1d44" testListId="8c84fa94-04c1-424b-9868-57a2d4851a1d" />
    <TestEntry testId="1d1efc31-4771-d0b5-5309-a9e3cde04e44" executionId="1b2e3f1a-4ed9-492d-a154-d953e13750de" testListId="8c84fa94-04c1-424b-9868-57a2d4851a1d" />
    <TestEntry testId="3d06933c-cfc4-02ea-9ea6-6e4c6965cdaa" executionId="97eb734d-930d-411e-a222-c2e07eacc764" testListId="8c84fa94-04c1-424b-9868-57a2d4851a1d" />
    <TestEntry testId="41250e9c-ab64-2642-feaa-7193bda27bc0" executionId="60a5eff1-a323-417e-a0ff-816e0e3534fc" testListId="8c84fa94-04c1-424b-9868-57a2d4851a1d" />
    <TestEntry testId="8b9d10a0-9b2d-164c-a150-1aee0ebe6211" executionId="8f190011-6281-4cb8-a99c-23572e49f9fb" testListId="8c84fa94-04c1-424b-9868-57a2d4851a1d" />
    <TestEntry testId="777478fb-a1ba-d4f0-c165-62a306f6ac21" executionId="3a0e0fb1-ff78-4008-98c4-baa696837dab" testListId="8c84fa94-04c1-424b-9868-57a2d4851a1d" />
    <TestEntry testId="cf44f3c0-3b0f-3402-21e8-bbdce962fe65" executionId="760af42d-0c6a-4cc0-af9d-c16df6540000" testListId="8c84fa94-04c1-424b-9868-57a2d4851a1d" />
    <TestEntry testId="47927386-05d2-0e51-17d3-6daeb5e2f29c" executionId="cf4f1e38-37bb-4057-abd0-974ad50c8fd9" testListId="8c84fa94-04c1-424b-9868-57a2d4851a1d" />
    <TestEntry testId="5d0cbccd-7abb-5fe0-9d3c-c5e98ce802e8" executionId="28a4c27f-c0df-4ebb-931d-afe6646d7dad" testListId="8c84fa94-04c1-424b-9868-57a2d4851a1d" />
    <TestEntry testId="d8b06a61-0f67-c51a-cb88-40be2d667051" executionId="9a24aff0-aceb-4a11-b4a8-d0af2c95e16f" testListId="8c84fa94-04c1-424b-9868-57a2d4851a1d" />
    <TestEntry testId="56d65e3d-37f5-67bf-9a40-73b3135e96a9" executionId="7b3b8b48-cc3f-46de-886f-d6e7515f1761" testListId="8c84fa94-04c1-424b-9868-57a2d4851a1d" />
    <TestEntry testId="34ede460-2066-97af-472e-7202a9f3c691" executionId="4e858124-95d8-402f-9bbe-806e33a35206" testListId="8c84fa94-04c1-424b-9868-57a2d4851a1d" />
    <TestEntry testId="15bf33b9-0848-cae3-57c7-ca02de8f9bdd" executionId="d075f01f-f22d-4d8d-99d0-d79673a128db" testListId="8c84fa94-04c1-424b-9868-57a2d4851a1d" />
    <TestEntry testId="4f78af82-914e-1b48-1f07-bc275100ff85" executionId="f75599c7-cdfd-4386-9044-02948345e307" testListId="8c84fa94-04c1-424b-9868-57a2d4851a1d" />
    <TestEntry testId="6fbdc8f8-e1da-fa3a-3784-69d6ab74e9f2" executionId="015ea3c8-b079-42b3-b965-52b5f56d1e0e" testListId="8c84fa94-04c1-424b-9868-57a2d4851a1d" />
    <TestEntry testId="6aab3287-15df-38ad-fe3a-e9018e117dbe" executionId="efc4f11a-d572-4df6-84d1-b7435a537335" testListId="8c84fa94-04c1-424b-9868-57a2d4851a1d" />
    <TestEntry testId="7dbe1ae9-be87-b7d4-0c91-83ea0844c6c9" executionId="ae0074c8-e4ee-41e7-90ee-7f205321a37f" testListId="8c84fa94-04c1-424b-9868-57a2d4851a1d" />
    <TestEntry testId="79f6feb6-c5a9-366d-abda-dc81533dbabf" executionId="ba222331-dc9c-4222-b7d1-044f037916a2" testListId="8c84fa94-04c1-424b-9868-57a2d4851a1d" />
    <TestEntry testId="2086c111-8f78-0312-b271-ea65e0643fdd" executionId="e2e2a642-8420-4bf6-bf98-febd647cfa88" testListId="8c84fa94-04c1-424b-9868-57a2d4851a1d" />
    <TestEntry testId="63273116-addf-eeb8-36f1-086a620601c2" executionId="91d36e5c-75d9-49b9-99cc-f2881e1ce0af" testListId="8c84fa94-04c1-424b-9868-57a2d4851a1d" />
    <TestEntry testId="157a288c-a998-9279-21f0-f41667cf4c84" executionId="908f84b6-4d70-421c-b824-b6d583775458" testListId="8c84fa94-04c1-424b-9868-57a2d4851a1d" />
    <TestEntry testId="0b27050b-2c53-1e5b-16b1-f5c929fb19c5" executionId="476151d4-bdb9-4283-bfcc-dd8c2895a17f" testListId="8c84fa94-04c1-424b-9868-57a2d4851a1d" />
    <TestEntry testId="9ea8ee1d-586b-a634-d6ad-642a2699b4f2" executionId="c1f7521c-4f14-44dc-a341-b48a3409b2db" testListId="8c84fa94-04c1-424b-9868-57a2d4851a1d" />
    <TestEntry testId="a911a050-966e-2cdc-5e55-2ef32a4de570" executionId="539bdc3f-fc62-456e-bd17-dc727e3b1b5d" testListId="8c84fa94-04c1-424b-9868-57a2d4851a1d" />
    <TestEntry testId="e5a250aa-8d0c-436e-49a9-02dc90cf1b47" executionId="43cc02d0-19bc-4df0-a300-f1b265117e06" testListId="8c84fa94-04c1-424b-9868-57a2d4851a1d" />
    <TestEntry testId="2dc58d14-a9a5-ddbc-54d4-76203dfb78bd" executionId="204875d7-ba80-432e-99de-83738c885495" testListId="8c84fa94-04c1-424b-9868-57a2d4851a1d" />
    <TestEntry testId="9842e6f4-7dcd-9b8b-9f51-8eaa5f0a40c6" executionId="40d39bb8-6a15-426f-aa81-3cbb1ba2ee20" testListId="8c84fa94-04c1-424b-9868-57a2d4851a1d" />
    <TestEntry testId="da66538f-5010-098e-1191-1679852aff41" executionId="a9814dcd-f742-428d-976e-10c35c0c227d" testListId="8c84fa94-04c1-424b-9868-57a2d4851a1d" />
    <TestEntry testId="d089f6b6-3e38-5ce3-cb2c-6a27171a9b44" executionId="0b4a6313-d0cc-466b-8ce8-6fcc2af9df70" testListId="8c84fa94-04c1-424b-9868-57a2d4851a1d" />
    <TestEntry testId="b21f750c-0e45-08bb-6e16-e1fb863a3a68" executionId="e02d40d8-a15f-47a8-955a-b380724ff5f1" testListId="8c84fa94-04c1-424b-9868-57a2d4851a1d" />
    <TestEntry testId="7e5ccf92-fbc3-ec7c-a63f-616b2ea29c30" executionId="34393f8b-6670-4cd1-aaf9-53c0a9426622" testListId="8c84fa94-04c1-424b-9868-57a2d4851a1d" />
    <TestEntry testId="757ab5eb-4eef-e8d9-85a7-3c190da44d22" executionId="e0915981-fde0-468e-b551-d31e33b26cf1" testListId="8c84fa94-04c1-424b-9868-57a2d4851a1d" />
    <TestEntry testId="921188e5-b4ce-5361-e76d-da8aca704241" executionId="c9a72988-46c4-46af-82ce-6b0c38418380" testListId="8c84fa94-04c1-424b-9868-57a2d4851a1d" />
    <TestEntry testId="401905b8-8b76-0ca4-2f29-ed10bb12c682" executionId="4b569ce9-02b6-49c1-bdcb-ae3ed85bba5d" testListId="8c84fa94-04c1-424b-9868-57a2d4851a1d" />
    <TestEntry testId="86ec0385-7c23-0aa6-e521-592e4047cbc8" executionId="85bf07ae-6562-4025-826a-2be11fccda2b" testListId="8c84fa94-04c1-424b-9868-57a2d4851a1d" />
    <TestEntry testId="e11e8c1f-4507-5425-2e94-4a00e535338a" executionId="2f6bfe39-36c6-444a-8bb4-5c3d3b8695ec" testListId="8c84fa94-04c1-424b-9868-57a2d4851a1d" />
    <TestEntry testId="04e37c3c-41bb-b331-e223-33f1635762af" executionId="8fba0f8b-9269-4592-bdeb-fea2512da0bd" testListId="8c84fa94-04c1-424b-9868-57a2d4851a1d" />
    <TestEntry testId="ef07175c-53ab-28b4-8623-bada2f2b31fa" executionId="80c7ae21-3e3d-4cde-8ed6-41ba2573a05d" testListId="8c84fa94-04c1-424b-9868-57a2d4851a1d" />
    <TestEntry testId="f38f9071-63cb-6696-f986-f11152e5b5b5" executionId="959d3da2-5e3b-496b-937d-74d516380445" testListId="8c84fa94-04c1-424b-9868-57a2d4851a1d" />
    <TestEntry testId="c3bfb64a-d9cf-3117-4727-be0ecaf7de48" executionId="effdcfa3-d203-46ec-b4bf-c0fc4853118e" testListId="8c84fa94-04c1-424b-9868-57a2d4851a1d" />
    <TestEntry testId="c664fcdf-4746-6ac6-e34a-239d52f769ae" executionId="f620d5c6-0c62-4abf-bad1-6f85027cfa69" testListId="8c84fa94-04c1-424b-9868-57a2d4851a1d" />
    <TestEntry testId="b0908f98-9eb7-309a-d93d-5cc5aeb3d658" executionId="b7ef2c6e-1912-4c21-adf7-cbc9c0352cfd" testListId="8c84fa94-04c1-424b-9868-57a2d4851a1d" />
    <TestEntry testId="25ea960b-cc7d-2afb-7584-b7a93d32289d" executionId="45c8dab7-73d4-4830-b5a0-82c1667c17a9" testListId="8c84fa94-04c1-424b-9868-57a2d4851a1d" />
    <TestEntry testId="31dc069d-cb60-a5a9-59cf-7de1c2261f72" executionId="35047259-b831-4344-ae7e-43841b5be1c2" testListId="8c84fa94-04c1-424b-9868-57a2d4851a1d" />
    <TestEntry testId="ceb458d2-cfa6-e804-7930-cb910430a485" executionId="fb01ca23-a9ae-40b9-8dca-791cab49ee19" testListId="8c84fa94-04c1-424b-9868-57a2d4851a1d" />
    <TestEntry testId="32b8942e-c431-66f8-b00d-ddead35c450e" executionId="ff291142-16cc-4462-bde6-dd38cbf4d066" testListId="8c84fa94-04c1-424b-9868-57a2d4851a1d" />
    <TestEntry testId="c45ac35e-388d-11c2-3a6e-e84668f80876" executionId="665849ba-7b4b-4efc-8308-22b8571d813d" testListId="8c84fa94-04c1-424b-9868-57a2d4851a1d" />
    <TestEntry testId="b019639e-8208-b3ee-b931-62638a2d8873" executionId="74e5ab57-419e-49a5-abad-c0c988dd47b9" testListId="8c84fa94-04c1-424b-9868-57a2d4851a1d" />
    <TestEntry testId="d8855c11-ae49-6b11-4d15-226e7dc1edcf" executionId="41bad48e-5540-4011-8f23-755797a3298c" testListId="8c84fa94-04c1-424b-9868-57a2d4851a1d" />
    <TestEntry testId="80bd3674-dc78-08c6-b3fb-9be75e473f77" executionId="1892aa5b-da75-4b93-b521-20ac88fac92c" testListId="8c84fa94-04c1-424b-9868-57a2d4851a1d" />
    <TestEntry testId="172f0303-8d8e-788e-3d56-9b65dac6a831" executionId="75417a4b-6060-4561-9805-6f84bb463749" testListId="8c84fa94-04c1-424b-9868-57a2d4851a1d" />
    <TestEntry testId="868cc873-6b2b-210e-94f7-3659141de4f9" executionId="7ee8ab26-e1d9-468e-9ea1-c0c0f2ee3fea" testListId="8c84fa94-04c1-424b-9868-57a2d4851a1d" />
    <TestEntry testId="a3758c2e-8532-bd87-5894-705b9e3c964a" executionId="530d7e33-c3ec-4959-979e-6e01b5215b9f" testListId="8c84fa94-04c1-424b-9868-57a2d4851a1d" />
    <TestEntry testId="5632a475-8bb5-913e-76ae-addeb5efe602" executionId="00e46ef6-73e6-4f81-8505-c8de522a67bf" testListId="8c84fa94-04c1-424b-9868-57a2d4851a1d" />
    <TestEntry testId="56d76847-f795-77f9-3b26-647be7639f37" executionId="923ff395-8b61-4d6a-8121-4031102786b9" testListId="8c84fa94-04c1-424b-9868-57a2d4851a1d" />
    <TestEntry testId="ca9be802-0b82-1933-c3dc-46598cca11a6" executionId="29cb5566-207c-437f-ab41-40d57c383f3a" testListId="8c84fa94-04c1-424b-9868-57a2d4851a1d" />
    <TestEntry testId="ab71bb16-f810-78b6-1277-eea73bc535ce" executionId="a19568cb-2364-4605-b8d2-fae93fbdd551" testListId="8c84fa94-04c1-424b-9868-57a2d4851a1d" />
    <TestEntry testId="2b6e2499-f99f-254b-b532-76ec7fa5d216" executionId="2aa8c934-1fed-4de0-b717-69d1706dcf96" testListId="8c84fa94-04c1-424b-9868-57a2d4851a1d" />
    <TestEntry testId="ed7e8616-a367-55a2-8553-6b2c5717b36f" executionId="1af21e95-66e8-4193-8481-7611b5956858" testListId="8c84fa94-04c1-424b-9868-57a2d4851a1d" />
    <TestEntry testId="bced19eb-7849-162f-d926-f5ceb5b0e782" executionId="06a493e3-90f9-4c35-95e3-d71533aa74df" testListId="8c84fa94-04c1-424b-9868-57a2d4851a1d" />
    <TestEntry testId="7c5cdbfa-95a2-9986-9830-5eaf5dc87e02" executionId="3016ccca-2291-44e9-b479-037d1bd54dfa" testListId="8c84fa94-04c1-424b-9868-57a2d4851a1d" />
    <TestEntry testId="4ba5eb71-4beb-6255-561f-755d8731397f" executionId="981d70e2-5d88-41c9-8f9f-da4c8eb3e234" testListId="8c84fa94-04c1-424b-9868-57a2d4851a1d" />
    <TestEntry testId="48df4768-a09a-b4e8-7beb-22880793c27c" executionId="133412b1-d1c2-4a84-8fb3-91888bf0bcc4" testListId="8c84fa94-04c1-424b-9868-57a2d4851a1d" />
    <TestEntry testId="698e8f8f-02a5-7e78-4827-52d2d1cc4d9b" executionId="0e70f707-3317-4ffe-9d03-de9a10d5e87a" testListId="8c84fa94-04c1-424b-9868-57a2d4851a1d" />
    <TestEntry testId="7e0f10df-cf1d-fd9c-6651-844a8e6ed92b" executionId="88452005-624b-4e12-bd5c-dc0a4f8d777b" testListId="8c84fa94-04c1-424b-9868-57a2d4851a1d" />
    <TestEntry testId="6ad33cb9-00a8-b73c-031f-02d801368756" executionId="5eb95027-1c68-4bc7-8642-8fd2fbf5ba3d" testListId="8c84fa94-04c1-424b-9868-57a2d4851a1d" />
    <TestEntry testId="1620493b-c041-7374-bdb1-71d931a97ee3" executionId="d6fef033-f15b-49ba-9ca1-9d1f2c2c116e" testListId="8c84fa94-04c1-424b-9868-57a2d4851a1d" />
    <TestEntry testId="8791bb1c-82bb-cf0c-3758-95e76ddc18d5" executionId="afc4dcfc-fb72-4941-8384-3fbae0968d60" testListId="8c84fa94-04c1-424b-9868-57a2d4851a1d" />
    <TestEntry testId="5b3f8e0d-9e16-f957-2aa4-9a0bbbdab60b" executionId="3f328b46-57c2-4d17-b8f6-94fffb3ed543" testListId="8c84fa94-04c1-424b-9868-57a2d4851a1d" />
    <TestEntry testId="ca3e3896-e83f-775a-edf7-89ec7e9e0671" executionId="4245e7e1-da80-41b9-a2e0-ff5a35b1a6ce" testListId="8c84fa94-04c1-424b-9868-57a2d4851a1d" />
    <TestEntry testId="437b2e1c-29c5-40bd-a38f-d4179c174ec6" executionId="4bec548e-31c4-46b9-8287-6940f8b0968c" testListId="8c84fa94-04c1-424b-9868-57a2d4851a1d" />
    <TestEntry testId="5283731e-fce4-ad12-1146-417fb3166b99" executionId="f6b6dbe5-6883-4759-b5ab-86a47e17d976" testListId="8c84fa94-04c1-424b-9868-57a2d4851a1d" />
    <TestEntry testId="d33fd9a3-22a8-625d-acb8-2038540d9465" executionId="0abef395-f287-4136-8f72-fa12ab4b22da" testListId="8c84fa94-04c1-424b-9868-57a2d4851a1d" />
    <TestEntry testId="cce465df-dabc-1e2c-7c21-b558fd903f72" executionId="48f79398-6c69-438b-962e-b95158b7b1b8" testListId="8c84fa94-04c1-424b-9868-57a2d4851a1d" />
    <TestEntry testId="c3edca98-f5f4-c1ea-da68-8f779c3a4d76" executionId="12916d10-9e55-452a-83cf-acd422523163" testListId="8c84fa94-04c1-424b-9868-57a2d4851a1d" />
    <TestEntry testId="241a43ad-3307-a012-471d-0ec4772ea9fa" executionId="c38373a4-ea7b-4a2d-b479-a4f60836f767" testListId="8c84fa94-04c1-424b-9868-57a2d4851a1d" />
    <TestEntry testId="7b0173db-0454-2263-589b-d84e56caaea0" executionId="e669d2e2-0193-4f59-a7dd-1a4e994aeec3" testListId="8c84fa94-04c1-424b-9868-57a2d4851a1d" />
    <TestEntry testId="97f1acc1-b750-a011-1d4f-6bbef9a3b9ad" executionId="d67e1668-084d-4aec-8da3-87d51fed649c" testListId="8c84fa94-04c1-424b-9868-57a2d4851a1d" />
    <TestEntry testId="5034de75-b916-7ccc-a372-54f6a413bbde" executionId="e59ff622-7076-4d9e-9566-74990ec3e358" testListId="8c84fa94-04c1-424b-9868-57a2d4851a1d" />
    <TestEntry testId="a5edfd98-d98b-a5f3-201a-72c23a30bfdd" executionId="752df120-c773-4884-9d8e-23056f192f59" testListId="8c84fa94-04c1-424b-9868-57a2d4851a1d" />
    <TestEntry testId="f5a0f63f-c99e-8ca5-fd83-55b9b0033f87" executionId="024335ae-4c22-418b-9817-dae2b821b210" testListId="8c84fa94-04c1-424b-9868-57a2d4851a1d" />
    <TestEntry testId="277e4987-86e0-a2c6-c516-f984ea21579a" executionId="59c01536-0109-45e7-9a7b-d72c7429609e" testListId="8c84fa94-04c1-424b-9868-57a2d4851a1d" />
    <TestEntry testId="95b832c5-720c-6032-f7ce-90f2f60a9391" executionId="a3792c4d-1c9c-4883-abd6-2e74cd5320b4" testListId="8c84fa94-04c1-424b-9868-57a2d4851a1d" />
    <TestEntry testId="0fa0a756-34fe-74a6-755b-fe7314b465fc" executionId="75608be1-1a70-4fba-8394-1dd97d712b64" testListId="8c84fa94-04c1-424b-9868-57a2d4851a1d" />
    <TestEntry testId="4b23fad7-0a35-0889-3860-e6ac0807ce60" executionId="37ea28e3-8775-49e6-b6b8-23f0d00b891c" testListId="8c84fa94-04c1-424b-9868-57a2d4851a1d" />
    <TestEntry testId="c352e5cd-e1cf-a1bf-e1cb-490de9c122c8" executionId="25c2e1f7-b199-4dfd-b04d-4bbfa1c449b7" testListId="8c84fa94-04c1-424b-9868-57a2d4851a1d" />
    <TestEntry testId="d75b66ef-2f92-b724-5ed6-eb97381277f9" executionId="5b0788c8-4b3d-458c-8eb0-34bf6fa14994" testListId="8c84fa94-04c1-424b-9868-57a2d4851a1d" />
    <TestEntry testId="c4a8ae09-ca97-7905-a1ef-e3d5620b9d23" executionId="59a6973f-92b7-41b9-acea-36b2e1bd7ada" testListId="8c84fa94-04c1-424b-9868-57a2d4851a1d" />
    <TestEntry testId="a899dbc4-1ac8-ca1c-4392-47a77ca3b144" executionId="38809ce9-a1d7-44c7-812f-1a4c1978c946" testListId="8c84fa94-04c1-424b-9868-57a2d4851a1d" />
    <TestEntry testId="f3de95ab-ebe8-51ee-e862-93b297dc4ece" executionId="aae584d8-77a3-4b8b-babf-dbebc562a949" testListId="8c84fa94-04c1-424b-9868-57a2d4851a1d" />
    <TestEntry testId="d58ff1aa-71ce-b24e-42bd-7bf2c3a31429" executionId="6584360f-0f60-46ef-b3b2-080c2d0299bf" testListId="8c84fa94-04c1-424b-9868-57a2d4851a1d" />
    <TestEntry testId="bff80c1a-bfeb-db1b-3efa-83a684aee966" executionId="5fded6ef-d2cf-4838-80fd-20c1888990e5" testListId="8c84fa94-04c1-424b-9868-57a2d4851a1d" />
    <TestEntry testId="0308b1c2-1dda-3e87-e4a0-0b1742979251" executionId="645ea849-1744-45f5-a574-cb27c4d00e53" testListId="8c84fa94-04c1-424b-9868-57a2d4851a1d" />
    <TestEntry testId="497b78ec-9e96-6e49-4246-4e63d839add6" executionId="35dd8a7e-5ac5-4870-95be-33c652a91938" testListId="8c84fa94-04c1-424b-9868-57a2d4851a1d" />
    <TestEntry testId="b3f59ba5-c19b-a007-4243-bbd577fb2f88" executionId="c45db9ea-490d-41bb-8e71-c63cffd60cae" testListId="8c84fa94-04c1-424b-9868-57a2d4851a1d" />
    <TestEntry testId="c1ab826c-11b3-e986-8e84-75220ecff468" executionId="20d1ad4d-cbf2-4745-8454-35746a09c468" testListId="8c84fa94-04c1-424b-9868-57a2d4851a1d" />
    <TestEntry testId="bb95820a-4a60-5a7f-2048-73397ec456ef" executionId="262eccda-4b49-447b-a7b6-ef0093adccaa" testListId="8c84fa94-04c1-424b-9868-57a2d4851a1d" />
    <TestEntry testId="59138ef7-1e00-dc64-651f-ec33cfc8f8d2" executionId="5d757665-68c0-4772-8ec6-e13d0bac0518" testListId="8c84fa94-04c1-424b-9868-57a2d4851a1d" />
    <TestEntry testId="2565fb99-5f76-fd9a-49dd-a8e22b69db8f" executionId="4deff7a4-1985-4602-a0fd-8cbe681b6a12" testListId="8c84fa94-04c1-424b-9868-57a2d4851a1d" />
    <TestEntry testId="844be868-a4d5-944d-1f05-b8ee6a5ec3bd" executionId="444826a7-c392-4ab9-b167-8856f41c406c" testListId="8c84fa94-04c1-424b-9868-57a2d4851a1d" />
    <TestEntry testId="4aaea89d-ca58-64b8-9985-ac8bb9d95102" executionId="94d77a0c-9217-4b53-9ad5-c31589178a7d" testListId="8c84fa94-04c1-424b-9868-57a2d4851a1d" />
    <TestEntry testId="09704e98-c50a-bcbe-a7c4-92e327d1c8f9" executionId="49e4cb37-438f-4f70-8fa7-f4a97363c74b" testListId="8c84fa94-04c1-424b-9868-57a2d4851a1d" />
    <TestEntry testId="398eb799-c3de-aff1-827c-7b8f493b30af" executionId="c7cf50e6-4032-4538-8831-bbca5204d535" testListId="8c84fa94-04c1-424b-9868-57a2d4851a1d" />
    <TestEntry testId="52207823-be6f-00c7-99e4-2d021f53ba92" executionId="72606c14-14a0-4a82-9863-987ccc41a750" testListId="8c84fa94-04c1-424b-9868-57a2d4851a1d" />
    <TestEntry testId="5d42bcc9-346e-96f8-5ef7-476128d7adeb" executionId="5436819c-38f2-45ff-bb05-4304f9d94330" testListId="8c84fa94-04c1-424b-9868-57a2d4851a1d" />
    <TestEntry testId="12136bf0-0204-60a8-5b3f-68c35b2802ac" executionId="0eb24647-686d-4968-b66d-6fb1f6e5078d" testListId="8c84fa94-04c1-424b-9868-57a2d4851a1d" />
    <TestEntry testId="7f4dbd4f-d0fe-fbd8-cb23-fde9a7dd8837" executionId="62c77b9c-3ec9-4102-b27d-728c9adbe659" testListId="8c84fa94-04c1-424b-9868-57a2d4851a1d" />
    <TestEntry testId="31ef56bf-3d9e-f790-76db-a23b4d2547fb" executionId="5dc30d99-4fb4-4101-a6ba-94217a9d2620" testListId="8c84fa94-04c1-424b-9868-57a2d4851a1d" />
    <TestEntry testId="27a6e4b1-f196-0677-e47b-3f896b2f7f68" executionId="4307fa7a-020c-44b6-aa7d-d9d2f2b0f651" testListId="8c84fa94-04c1-424b-9868-57a2d4851a1d" />
    <TestEntry testId="bb37da1a-ba32-a3ce-ddea-d293ab97e012" executionId="57b3ae75-7960-4fcd-9047-26a96edb807c" testListId="8c84fa94-04c1-424b-9868-57a2d4851a1d" />
    <TestEntry testId="69c2bd2f-e0ee-cdc3-2bb5-a29be7189804" executionId="c649c3ce-4189-45d7-958a-9b713fc9cae3" testListId="8c84fa94-04c1-424b-9868-57a2d4851a1d" />
    <TestEntry testId="b2ba2260-9055-dbb0-e794-7ddb26fe4f90" executionId="352b5601-29f0-49d6-ac03-92248165c923" testListId="8c84fa94-04c1-424b-9868-57a2d4851a1d" />
    <TestEntry testId="9a5fea46-f618-6e6a-f5c1-51cc588fcd0b" executionId="2bed15ea-f930-4acc-94d7-71117aa99172" testListId="8c84fa94-04c1-424b-9868-57a2d4851a1d" />
    <TestEntry testId="6fb3750a-fbe0-b197-a90f-f982b81a5068" executionId="5f4cf667-1714-4cb2-86ec-ce1da5683f72" testListId="8c84fa94-04c1-424b-9868-57a2d4851a1d" />
    <TestEntry testId="00f17403-733b-afdc-c01d-9161a77ae33e" executionId="8c1d29f3-17e5-4452-9e8b-22df82dd87fc" testListId="8c84fa94-04c1-424b-9868-57a2d4851a1d" />
    <TestEntry testId="904a04c5-2998-fb77-749f-bf2d4762f847" executionId="aa2f2c11-9c65-464d-9de5-419160b6daf6" testListId="8c84fa94-04c1-424b-9868-57a2d4851a1d" />
    <TestEntry testId="97f7270a-c5c3-a71e-c6c2-a22e5243cbc5" executionId="f1ea85c3-8704-48c0-b5b7-0975d13e10f6" testListId="8c84fa94-04c1-424b-9868-57a2d4851a1d" />
    <TestEntry testId="ca64a154-865e-6d83-0847-872410b5e458" executionId="45acb641-baeb-43ae-8942-9c9e52b16d8e" testListId="8c84fa94-04c1-424b-9868-57a2d4851a1d" />
    <TestEntry testId="38e661f9-5d69-2c74-c0c1-7f949eebf26a" executionId="64a0b818-0ef5-42dd-916f-53473bbef7a6" testListId="8c84fa94-04c1-424b-9868-57a2d4851a1d" />
    <TestEntry testId="c2c5f563-f53a-323c-02fc-da9387a23ed8" executionId="582bd797-b61b-49b2-a892-b911094ee721" testListId="8c84fa94-04c1-424b-9868-57a2d4851a1d" />
    <TestEntry testId="5cfc72ee-62a2-9a8f-3067-6000a946e584" executionId="1299c4b0-d8ca-43c0-8147-6b350fafecfc" testListId="8c84fa94-04c1-424b-9868-57a2d4851a1d" />
    <TestEntry testId="475d9b5c-1e5d-d55b-32d5-ab5face5d207" executionId="9413b28f-5dfa-4a5f-b03c-c625fc3f9a6b" testListId="8c84fa94-04c1-424b-9868-57a2d4851a1d" />
    <TestEntry testId="b11641fa-18fe-5c71-ed54-2396e8ddec99" executionId="4d221f39-8623-4894-883d-c5c82658929a" testListId="8c84fa94-04c1-424b-9868-57a2d4851a1d" />
    <TestEntry testId="8aceb1b3-f6c6-c4b3-b20b-6b98108a9f2f" executionId="76d09565-9904-44e3-882d-c60c3a4b29c4" testListId="8c84fa94-04c1-424b-9868-57a2d4851a1d" />
    <TestEntry testId="cdc9514a-a76d-4c0e-507f-7583635b37c7" executionId="046f779d-17a3-4915-8a6d-63dfbab62aba" testListId="8c84fa94-04c1-424b-9868-57a2d4851a1d" />
    <TestEntry testId="91f9747b-6bfa-c6bf-9852-bb9e12f3ffc2" executionId="aa29d6bd-4ea4-436d-a714-e0fccfbcd57b" testListId="8c84fa94-04c1-424b-9868-57a2d4851a1d" />
    <TestEntry testId="476861a9-ad84-7423-9947-c99740bd9447" executionId="0aca4c1b-b95a-4760-a8c6-9515ca2d51a5" testListId="8c84fa94-04c1-424b-9868-57a2d4851a1d" />
    <TestEntry testId="d87125a2-6795-ec70-e6bb-b10c18b6c326" executionId="2ae5c656-c1fb-42b6-aa0d-7b7cd84d2a6b" testListId="8c84fa94-04c1-424b-9868-57a2d4851a1d" />
    <TestEntry testId="49689b7d-37e2-93a7-8d4d-2eabd3336889" executionId="824939b0-b9a8-41ba-9bc9-bb6da7f8cc4c" testListId="8c84fa94-04c1-424b-9868-57a2d4851a1d" />
    <TestEntry testId="5605d22a-a643-3ce7-9d03-0e99862e7950" executionId="8e14e889-3d16-4cea-89e0-b9f4cad3d8f8" testListId="8c84fa94-04c1-424b-9868-57a2d4851a1d" />
    <TestEntry testId="1848befe-0365-1009-bb3a-bf5079fe54ee" executionId="ddebdbf1-f645-4e03-92eb-f228e71ab4c9" testListId="8c84fa94-04c1-424b-9868-57a2d4851a1d" />
    <TestEntry testId="d6871e36-5349-ddaa-246e-22d3212fb50b" executionId="9e8191cc-a47e-4ef8-8d8d-803d718c2a61" testListId="8c84fa94-04c1-424b-9868-57a2d4851a1d" />
    <TestEntry testId="27360fd2-945c-cf2d-60ca-d675e0551ae9" executionId="e75d1229-dfc1-47ba-a5d7-57951f2cbc46" testListId="8c84fa94-04c1-424b-9868-57a2d4851a1d" />
    <TestEntry testId="7f43ca0e-447c-8779-9514-dd4b9013ef1e" executionId="eddc64cd-50ba-4c97-90a8-6d79ae8b938c" testListId="8c84fa94-04c1-424b-9868-57a2d4851a1d" />
    <TestEntry testId="350649fe-8121-88cb-d2b1-798387e75e1a" executionId="afe35742-599c-4469-b1a7-a4c9dfdc5509" testListId="8c84fa94-04c1-424b-9868-57a2d4851a1d" />
    <TestEntry testId="a5e48874-0d90-a73c-3e49-67995c2db188" executionId="2841653a-1ad4-48ec-b258-33f0349d3a2e" testListId="8c84fa94-04c1-424b-9868-57a2d4851a1d" />
    <TestEntry testId="bc435e09-9d2f-3164-06d5-fab3a786506f" executionId="5b1b2a5c-3f6c-4f31-ab63-1fd81faf840d" testListId="8c84fa94-04c1-424b-9868-57a2d4851a1d" />
    <TestEntry testId="eff2fedd-566d-022f-fd92-4a51b98bfb75" executionId="4f6d9980-403d-4768-a521-d294bbfb44c7" testListId="8c84fa94-04c1-424b-9868-57a2d4851a1d" />
    <TestEntry testId="1e1e612c-23c0-46ec-f99b-995f24dea36e" executionId="dada9252-1caa-4399-ac3e-c5e58514c9fd" testListId="8c84fa94-04c1-424b-9868-57a2d4851a1d" />
    <TestEntry testId="936971aa-b96e-235a-2472-280564fa80e9" executionId="1ba103ab-d22c-4c43-912e-4cad8ce38058" testListId="8c84fa94-04c1-424b-9868-57a2d4851a1d" />
    <TestEntry testId="4bc83fac-7bcf-1c9a-a6db-8dc60f733d7f" executionId="9ac61e0f-cd68-48af-9b2a-cb48bd8cc8c9" testListId="8c84fa94-04c1-424b-9868-57a2d4851a1d" />
    <TestEntry testId="08b4e1c8-c0de-8757-d082-ef9b66a94a0c" executionId="4dac16c9-46cb-4733-91a6-fb013ff842d2" testListId="8c84fa94-04c1-424b-9868-57a2d4851a1d" />
    <TestEntry testId="d1d15168-459b-2933-0f23-917a0625a509" executionId="176464fc-767a-4987-830d-c988d2f5bae8" testListId="8c84fa94-04c1-424b-9868-57a2d4851a1d" />
    <TestEntry testId="b4eed12d-60e9-b12f-7f9b-0f4cd264f4ca" executionId="395d1eff-7a33-48f8-8c6a-b954539bb74d" testListId="8c84fa94-04c1-424b-9868-57a2d4851a1d" />
    <TestEntry testId="9b645966-e138-ae7f-a848-63c17c55f9aa" executionId="4f6ffbef-3a9e-40dc-aba2-1ed6f9680e9e" testListId="8c84fa94-04c1-424b-9868-57a2d4851a1d" />
    <TestEntry testId="a7de81a4-f22b-7996-0ae7-9916f4ce56d7" executionId="bd4d9f41-0a17-427d-ad61-14cfece86e1e" testListId="8c84fa94-04c1-424b-9868-57a2d4851a1d" />
    <TestEntry testId="d78e15d3-7711-ea36-400f-30d918dd0301" executionId="11264817-6ff1-48cb-ba59-4aa1dc2ddc2c" testListId="8c84fa94-04c1-424b-9868-57a2d4851a1d" />
    <TestEntry testId="02f4d55a-f57b-58aa-f910-88430f0a95ca" executionId="a2aca650-b523-4311-b198-27a0d4072fe4" testListId="8c84fa94-04c1-424b-9868-57a2d4851a1d" />
    <TestEntry testId="de266da4-a983-af84-b7bf-fac381cc93c5" executionId="e2918036-0e17-453a-898c-caf70209d565" testListId="8c84fa94-04c1-424b-9868-57a2d4851a1d" />
    <TestEntry testId="2ef1250d-1196-e8fa-a931-2be07569aa13" executionId="b1864b3f-5aff-4eb6-b060-70f3fb58f5b0" testListId="8c84fa94-04c1-424b-9868-57a2d4851a1d" />
    <TestEntry testId="bffab81c-a309-26df-405b-38a8b41eb9fb" executionId="20079388-4e72-4aa6-977a-a990632a6d2f" testListId="8c84fa94-04c1-424b-9868-57a2d4851a1d" />
    <TestEntry testId="6500a168-85f0-c8e4-b189-d183644d85fe" executionId="7957bfe5-f14a-488e-bd6c-3f9f5b1c3db3" testListId="8c84fa94-04c1-424b-9868-57a2d4851a1d" />
    <TestEntry testId="a2a8ecc4-b550-f7ab-300d-0740d369253a" executionId="241f0c54-cd93-4c73-a1a1-5094166dc573" testListId="8c84fa94-04c1-424b-9868-57a2d4851a1d" />
    <TestEntry testId="701bc333-9c81-51b8-3ba2-888311e56127" executionId="f4acdcb1-49f4-47f8-b1aa-d96ae24b89d1" testListId="8c84fa94-04c1-424b-9868-57a2d4851a1d" />
    <TestEntry testId="2ea6cfdc-5971-8b79-8bff-a930018bd76f" executionId="9560097c-12c2-4db5-b914-61e5d6a507e4" testListId="8c84fa94-04c1-424b-9868-57a2d4851a1d" />
    <TestEntry testId="c7e7ccf9-6877-af34-bc21-0272613a813b" executionId="ffb0060c-77c2-4c39-a84b-974e6ce40b36" testListId="8c84fa94-04c1-424b-9868-57a2d4851a1d" />
    <TestEntry testId="56422b13-5e68-d5cb-87e2-3c78ffd8c4ad" executionId="f2dc5ae6-078f-4ab5-a977-7c952988f13c" testListId="8c84fa94-04c1-424b-9868-57a2d4851a1d" />
    <TestEntry testId="283087f1-cbc8-1e5f-d925-e2c402fa665c" executionId="e3254347-93a5-4057-b0b9-1f339c0a6c32" testListId="8c84fa94-04c1-424b-9868-57a2d4851a1d" />
    <TestEntry testId="678646b3-f5d6-01bf-1855-0e0a2e02687f" executionId="386b38cb-6482-4c80-ae5a-917d627356ef" testListId="8c84fa94-04c1-424b-9868-57a2d4851a1d" />
    <TestEntry testId="256562ef-d956-434d-e82e-665438ad96ec" executionId="fd47f968-735e-4544-a357-20045c78c487" testListId="8c84fa94-04c1-424b-9868-57a2d4851a1d" />
    <TestEntry testId="5922158c-66da-79e4-c54a-b5780b1bcebb" executionId="50d2747e-58a8-429a-a373-e134c251f4d0" testListId="8c84fa94-04c1-424b-9868-57a2d4851a1d" />
    <TestEntry testId="7bad93e5-2bbb-62b5-02ba-acab62a68570" executionId="da4541ac-7013-432b-b64b-e5cadbc8a3a6" testListId="8c84fa94-04c1-424b-9868-57a2d4851a1d" />
    <TestEntry testId="8c989e15-3243-3c8b-ba51-7e3cf79817eb" executionId="24ac7ad0-bef9-4ba5-809a-8831108b962a" testListId="8c84fa94-04c1-424b-9868-57a2d4851a1d" />
    <TestEntry testId="5038b514-0f5c-8eae-5ee0-02a237799c2c" executionId="7a5cd258-c8a0-486e-9d61-637f3f0c0cbc" testListId="8c84fa94-04c1-424b-9868-57a2d4851a1d" />
    <TestEntry testId="9b1ba3ec-3d13-cab4-9e92-11d811813b65" executionId="c82b504d-79e4-4546-96a6-478c438010b6" testListId="8c84fa94-04c1-424b-9868-57a2d4851a1d" />
    <TestEntry testId="61939a28-6db6-2687-62c7-996b5e6ac31c" executionId="2b03020d-e455-4bcc-b1b5-119f5c9eb2ad" testListId="8c84fa94-04c1-424b-9868-57a2d4851a1d" />
    <TestEntry testId="8fdfc646-31e4-d7a4-69fe-6d153e4effde" executionId="b4ac81b3-da35-46b3-8e35-518114ecdaab" testListId="8c84fa94-04c1-424b-9868-57a2d4851a1d" />
    <TestEntry testId="2f55c159-b310-56e4-d2d6-8dd4f8e1316f" executionId="a45c35c5-f922-4abb-8a98-061b07bc5dd9" testListId="8c84fa94-04c1-424b-9868-57a2d4851a1d" />
    <TestEntry testId="0d4e8e22-89f6-99e8-b74b-be1e80dbd629" executionId="28b76c22-8209-47b2-a5de-1eb70da15a79" testListId="8c84fa94-04c1-424b-9868-57a2d4851a1d" />
    <TestEntry testId="664e64b6-1999-dfc4-bd6d-9de32409051d" executionId="3b50fae7-c720-44dc-8f52-ae2eba0d41fc" testListId="8c84fa94-04c1-424b-9868-57a2d4851a1d" />
    <TestEntry testId="bc60550c-8030-dc98-1fea-c3e3b881e4df" executionId="ca580b07-221c-4ac5-999d-c515c70ddeab" testListId="8c84fa94-04c1-424b-9868-57a2d4851a1d" />
    <TestEntry testId="dea64e81-f506-ecc7-c800-c2ebdbcfa6ad" executionId="7dfe2cc7-844a-46f9-9680-61265b6659c3" testListId="8c84fa94-04c1-424b-9868-57a2d4851a1d" />
    <TestEntry testId="20bd1161-71ec-066f-ae1a-e305bcd488ce" executionId="f9794675-44c1-4d29-9def-05baab5361e6" testListId="8c84fa94-04c1-424b-9868-57a2d4851a1d" />
    <TestEntry testId="8b9e922b-d1c0-8293-6b06-768eabd25959" executionId="fc2eea8b-ac5e-4840-bb52-0f31e43ab03d" testListId="8c84fa94-04c1-424b-9868-57a2d4851a1d" />
    <TestEntry testId="047cc1e7-364f-12ca-18a1-0436ca797ebb" executionId="7146adc6-c822-47bb-86cd-a3f0c7f4171c" testListId="8c84fa94-04c1-424b-9868-57a2d4851a1d" />
    <TestEntry testId="114f05ed-b0af-d6d9-9640-1186995f2e5f" executionId="be7a5edb-3d9a-4921-bcb0-78d1da21c753" testListId="8c84fa94-04c1-424b-9868-57a2d4851a1d" />
    <TestEntry testId="09955f50-0e2b-0027-f2e1-3ada5cc65b90" executionId="2fea1ef5-ca0c-4ad3-9c70-438258b136f2" testListId="8c84fa94-04c1-424b-9868-57a2d4851a1d" />
    <TestEntry testId="582e5fbf-099a-322b-e1e5-7ab05e23d9df" executionId="be3455df-01be-4e80-b7f5-a60ac2493ba7" testListId="8c84fa94-04c1-424b-9868-57a2d4851a1d" />
    <TestEntry testId="15e7e6e7-d4f9-f3ad-d42e-a6425c785514" executionId="b63af1bd-ee92-47ee-95bc-00f04676503d" testListId="8c84fa94-04c1-424b-9868-57a2d4851a1d" />
    <TestEntry testId="f08daec7-b265-68d2-1085-8ffadd7bdd1b" executionId="5d0642e2-c5f8-4c67-8fb2-4d147c483f3f" testListId="8c84fa94-04c1-424b-9868-57a2d4851a1d" />
    <TestEntry testId="a1b861a8-0a37-9957-9db1-d6e0787e6270" executionId="f13ebef0-e1d7-4581-9cda-86c756d80258" testListId="8c84fa94-04c1-424b-9868-57a2d4851a1d" />
    <TestEntry testId="0f188318-6fe0-57e5-887e-6c1fdd4611b1" executionId="7ce2eecb-8e91-4326-b8bd-c12924b7107e" testListId="8c84fa94-04c1-424b-9868-57a2d4851a1d" />
    <TestEntry testId="35476caf-702f-158d-2566-0abe06859e77" executionId="fba19b4a-1c64-4d4f-a0b1-3a5550399902" testListId="8c84fa94-04c1-424b-9868-57a2d4851a1d" />
    <TestEntry testId="2a158488-36df-6808-771c-ffb27e837593" executionId="cf7e3e86-b24a-43b3-93cb-b3332394d27c" testListId="8c84fa94-04c1-424b-9868-57a2d4851a1d" />
    <TestEntry testId="70ee8f8b-3078-7c01-0d25-413e481742a0" executionId="e2c9efe1-0676-48e2-91e9-85cef16ce66a" testListId="8c84fa94-04c1-424b-9868-57a2d4851a1d" />
    <TestEntry testId="fd841be1-80b7-1926-9473-20b321862df8" executionId="2ec7a416-831d-44d6-abb0-e3ac453dc919" testListId="8c84fa94-04c1-424b-9868-57a2d4851a1d" />
    <TestEntry testId="16de8969-4532-1a7c-6e54-620563536008" executionId="bc4de5dd-d5d8-469f-9db3-c21b5d162388" testListId="8c84fa94-04c1-424b-9868-57a2d4851a1d" />
    <TestEntry testId="81f1ce27-ed91-902c-cad5-0ba4cadfe553" executionId="bb538ec3-1f24-4da2-b6fc-142261a417ce" testListId="8c84fa94-04c1-424b-9868-57a2d4851a1d" />
    <TestEntry testId="1e0fb0ad-9951-1d56-ef5d-88452fa79ff9" executionId="13b7e33a-6fdf-40d7-bc78-18903c713e84" testListId="8c84fa94-04c1-424b-9868-57a2d4851a1d" />
    <TestEntry testId="004d8394-a555-b3fe-2e52-9e9fb2044eb0" executionId="e4433ab6-3a5e-44d6-96b3-c92854bb7efe" testListId="8c84fa94-04c1-424b-9868-57a2d4851a1d" />
    <TestEntry testId="489894e9-91a2-0cf5-3dbd-c1f789d41aa2" executionId="c38c4af4-b001-4ba5-8663-4f68b7dbb103" testListId="8c84fa94-04c1-424b-9868-57a2d4851a1d" />
    <TestEntry testId="6121713f-c1e6-e099-627d-00537ba9a8dc" executionId="6b4e0f54-c805-40fe-aca5-032af0ca8913" testListId="8c84fa94-04c1-424b-9868-57a2d4851a1d" />
    <TestEntry testId="678fab75-7104-e8d3-87d4-d846675896f1" executionId="b909cd36-9611-4b20-b048-28a0db7af4e6" testListId="8c84fa94-04c1-424b-9868-57a2d4851a1d" />
    <TestEntry testId="579603d8-814e-380c-3772-3dbebd68ae8e" executionId="bf9ebf0c-6b47-436e-b1e6-a22fddc9acc3" testListId="8c84fa94-04c1-424b-9868-57a2d4851a1d" />
    <TestEntry testId="b9d5a937-2707-0bf9-e6bf-562ffd6dac0c" executionId="adbeeb0c-43c1-4b14-a976-f84c9973d241" testListId="8c84fa94-04c1-424b-9868-57a2d4851a1d" />
    <TestEntry testId="087d9bf3-336d-541e-50d1-59bbb8c27d39" executionId="41763edd-fd89-4d41-b77e-768ab7ebcecd" testListId="8c84fa94-04c1-424b-9868-57a2d4851a1d" />
    <TestEntry testId="48bc5582-232a-317e-5be9-a3d67e544eeb" executionId="5b00b5d6-d6a9-4d52-92a4-c2872123ae91" testListId="8c84fa94-04c1-424b-9868-57a2d4851a1d" />
    <TestEntry testId="19b240a4-78b3-acfa-05cb-310dcdbe993b" executionId="2d25fa86-7660-4751-87bc-0f641ff45343" testListId="8c84fa94-04c1-424b-9868-57a2d4851a1d" />
    <TestEntry testId="baf71c00-8666-b4f5-00f2-60fd0924df70" executionId="833426ff-5ad1-4876-ad35-bd7bcbd47dc6" testListId="8c84fa94-04c1-424b-9868-57a2d4851a1d" />
    <TestEntry testId="2c2498e4-b789-4dd1-601f-b8777bd880b5" executionId="fb543d4c-fda9-4888-b556-1f6302b15672" testListId="8c84fa94-04c1-424b-9868-57a2d4851a1d" />
    <TestEntry testId="d0ef5671-0f41-ba61-bb81-49076ffcec70" executionId="47b132b0-a069-4ed6-a6a4-eae6730aac5a" testListId="8c84fa94-04c1-424b-9868-57a2d4851a1d" />
    <TestEntry testId="5e465b16-fbd5-f282-76d2-fc3b4f8b1d3d" executionId="660da295-609d-4016-aa1f-bc5ae6922791" testListId="8c84fa94-04c1-424b-9868-57a2d4851a1d" />
    <TestEntry testId="097b31cf-ef90-1b88-2972-8c8ae68a6386" executionId="615e1880-6bea-44ee-8086-9f76eafa66b6" testListId="8c84fa94-04c1-424b-9868-57a2d4851a1d" />
    <TestEntry testId="a16349fa-af28-c400-ece3-87e35b1f4a37" executionId="e8e11cb6-ddd0-44df-a38c-e457cbb0151f" testListId="8c84fa94-04c1-424b-9868-57a2d4851a1d" />
    <TestEntry testId="1f023322-5851-48d2-7715-c523630b105c" executionId="ffade1ad-8b30-4dcf-8742-6d16b534f9c6" testListId="8c84fa94-04c1-424b-9868-57a2d4851a1d" />
    <TestEntry testId="17e5499c-17f7-26dd-1232-959dd97bbc18" executionId="31d251a4-193b-4c4a-a189-cd5fc30d7cbf" testListId="8c84fa94-04c1-424b-9868-57a2d4851a1d" />
    <TestEntry testId="9f984390-547b-6a21-a5ce-8f64b780b3f0" executionId="14e3fced-76c1-4046-9df6-9903bd14110d" testListId="8c84fa94-04c1-424b-9868-57a2d4851a1d" />
    <TestEntry testId="f8e7efe0-170d-aedf-43ee-aa3cd6dd8055" executionId="100978a6-8114-49db-bdac-1fe43878ff4e" testListId="8c84fa94-04c1-424b-9868-57a2d4851a1d" />
    <TestEntry testId="64d4bff7-dd35-1ae3-b2e0-632b8fc79c93" executionId="9b2cc882-4f6c-4ff0-ba86-360b25de20a0" testListId="8c84fa94-04c1-424b-9868-57a2d4851a1d" />
    <TestEntry testId="58c91b6a-9eb6-53df-1e74-c9fdba0ad8b9" executionId="0599c6bd-1bed-4ff7-b11e-10d8b8e79342" testListId="8c84fa94-04c1-424b-9868-57a2d4851a1d" />
    <TestEntry testId="9b441752-12e4-110c-cd72-7ef1424017bf" executionId="ca2f7d32-296c-48f2-b43d-c52bd30bb1b2" testListId="8c84fa94-04c1-424b-9868-57a2d4851a1d" />
    <TestEntry testId="97ddcd5b-c008-ddae-eb9a-a09ccbca3aa9" executionId="95f88e8b-c083-4ba1-adaf-01e95b662a3e" testListId="8c84fa94-04c1-424b-9868-57a2d4851a1d" />
    <TestEntry testId="b92be0d6-a702-9afe-bd87-e8aa2538f1db" executionId="fe4e918e-545a-4341-a3c9-e520ff3508a3" testListId="8c84fa94-04c1-424b-9868-57a2d4851a1d" />
    <TestEntry testId="673a21be-3f03-b007-4e12-289f697c1435" executionId="d82ce98c-b718-4fd3-bb4e-21b025ce0afd" testListId="8c84fa94-04c1-424b-9868-57a2d4851a1d" />
    <TestEntry testId="581e1f50-ed53-b02b-8536-b0f5d60dcb5e" executionId="82399f5d-a02a-4693-9105-35d3098d8567" testListId="8c84fa94-04c1-424b-9868-57a2d4851a1d" />
    <TestEntry testId="e6331b42-691a-6a72-0d3f-05a7e39cc4fa" executionId="ab57cb8d-93c6-4c07-b966-399db3cf7158" testListId="8c84fa94-04c1-424b-9868-57a2d4851a1d" />
    <TestEntry testId="cca16f1f-3c9c-2eaa-72dc-7cc9db74920e" executionId="b0601300-23da-4fdf-87f2-410223e2db98" testListId="8c84fa94-04c1-424b-9868-57a2d4851a1d" />
    <TestEntry testId="e68ed36c-b457-de44-2b5c-31ba38f634ee" executionId="5ae63042-5dd6-4f01-aaae-ae8ce9ee5db9" testListId="8c84fa94-04c1-424b-9868-57a2d4851a1d" />
    <TestEntry testId="7e039a6c-6aa3-212e-6525-324503a123e3" executionId="da1cf8af-fb40-4834-814d-43b30810147e" testListId="8c84fa94-04c1-424b-9868-57a2d4851a1d" />
    <TestEntry testId="dd9343b4-4ae9-cc5e-9382-537c56b6b03f" executionId="ffd55101-a077-4fda-ba37-483641e5cd2d" testListId="8c84fa94-04c1-424b-9868-57a2d4851a1d" />
    <TestEntry testId="e8151b57-7a8e-5b36-e130-2fda604f9e95" executionId="9c5062dd-6e75-4056-878a-c751e63a48c4" testListId="8c84fa94-04c1-424b-9868-57a2d4851a1d" />
    <TestEntry testId="94be50b1-48d8-b524-69a2-488dbda78831" executionId="10ca520a-b0b5-4e2c-aac8-5f988ed7d2a4" testListId="8c84fa94-04c1-424b-9868-57a2d4851a1d" />
    <TestEntry testId="880ce6f9-d24f-b864-0755-bee1388e2368" executionId="4b7ed553-d831-4a91-9bea-a74328388854" testListId="8c84fa94-04c1-424b-9868-57a2d4851a1d" />
    <TestEntry testId="10e7b1d4-c28b-5dd8-8d96-1210e532325b" executionId="ffb1cdc4-7b75-4b49-b29b-b11ad77b9d74" testListId="8c84fa94-04c1-424b-9868-57a2d4851a1d" />
    <TestEntry testId="f1de4039-b48b-ce74-8d37-d6e33d07a6f6" executionId="f356995f-e5aa-436f-a74b-fab2af06cfc3" testListId="8c84fa94-04c1-424b-9868-57a2d4851a1d" />
    <TestEntry testId="2871daaa-1c16-e046-ef41-4b15ee2df484" executionId="b1304a67-4c07-40b3-af5f-576c7c47d558" testListId="8c84fa94-04c1-424b-9868-57a2d4851a1d" />
    <TestEntry testId="f582ae98-7970-829e-9ae7-229d2fd5ba91" executionId="0a867839-d728-452b-80d1-51dc9f79b1bc" testListId="8c84fa94-04c1-424b-9868-57a2d4851a1d" />
    <TestEntry testId="b22942e5-553b-d752-0a76-39a63593356f" executionId="c5a207a6-05f1-4a17-9a2f-f64d48a19846" testListId="8c84fa94-04c1-424b-9868-57a2d4851a1d" />
    <TestEntry testId="fe1a3674-bab1-6de1-a8a9-489cda12e8a5" executionId="638f2321-d604-4153-8a5f-901be30fafc5" testListId="8c84fa94-04c1-424b-9868-57a2d4851a1d" />
    <TestEntry testId="e26e0aab-4fec-e15f-16f8-bfd906068247" executionId="9d980ef0-94c9-4573-8769-49a42dd3d435" testListId="8c84fa94-04c1-424b-9868-57a2d4851a1d" />
    <TestEntry testId="ad671ab0-fd76-7211-39cc-1de94c919aa1" executionId="9129a8d5-5e6e-43f8-8af6-4d50170c59a5" testListId="8c84fa94-04c1-424b-9868-57a2d4851a1d" />
    <TestEntry testId="29fad960-240f-03f4-5067-5e0c7649a69a" executionId="7990cce5-e165-46f5-8bcb-b3c078c13bdd" testListId="8c84fa94-04c1-424b-9868-57a2d4851a1d" />
    <TestEntry testId="c2e06f68-f6dc-f4e6-5fb2-5df3867593e3" executionId="bef89fc4-e88c-4e7a-91f5-19e0d5b6c40a" testListId="8c84fa94-04c1-424b-9868-57a2d4851a1d" />
    <TestEntry testId="fd5f77e6-fdfb-2c3f-2234-33dc1c4ec201" executionId="2a4fe67d-e423-4846-b3a2-840dec83e650" testListId="8c84fa94-04c1-424b-9868-57a2d4851a1d" />
    <TestEntry testId="07183e7e-193b-bbad-d14f-7fc888c3c0af" executionId="a005c827-a649-4d2d-ab2c-bee3c1bd8aa1" testListId="8c84fa94-04c1-424b-9868-57a2d4851a1d" />
    <TestEntry testId="de7eeb8e-4b0a-b2c6-2461-7d614b8df601" executionId="be31a453-6c2a-4727-9610-015007cc27ce" testListId="8c84fa94-04c1-424b-9868-57a2d4851a1d" />
    <TestEntry testId="ee78b984-aafd-a4af-e1a1-e71788725ae0" executionId="a7100522-5f54-4d39-88e2-2c681a7fb92c" testListId="8c84fa94-04c1-424b-9868-57a2d4851a1d" />
    <TestEntry testId="01f4659a-f4c2-8b06-a056-5bf0f099f7a3" executionId="f17c5758-9eac-41a1-8c32-13f2bea3a2d7" testListId="8c84fa94-04c1-424b-9868-57a2d4851a1d" />
    <TestEntry testId="3dbcea54-a20e-3bac-f1b6-0d72365a91f6" executionId="bcc4139a-273d-4a42-9feb-01c03e71dfbb" testListId="8c84fa94-04c1-424b-9868-57a2d4851a1d" />
    <TestEntry testId="fdbad503-3022-1d03-62e6-97d395f68fde" executionId="dec7b2c9-6d96-4f09-a938-71688548f105" testListId="8c84fa94-04c1-424b-9868-57a2d4851a1d" />
    <TestEntry testId="733f4c34-f614-d33a-7380-ad7d74b05f16" executionId="701b8c37-f281-412f-a8ee-adda35006c27" testListId="8c84fa94-04c1-424b-9868-57a2d4851a1d" />
    <TestEntry testId="2de15b9c-1188-7c5f-5b9e-febd1cdef628" executionId="abee0598-823c-4cbb-bff8-50e99dbd59d7" testListId="8c84fa94-04c1-424b-9868-57a2d4851a1d" />
    <TestEntry testId="cd5d0fad-c854-8b12-d16a-e09f71521ade" executionId="b13a9521-f7f1-41a0-bbb4-dfd816558315" testListId="8c84fa94-04c1-424b-9868-57a2d4851a1d" />
    <TestEntry testId="19c48477-bcf9-9088-07ba-1fc58bae6167" executionId="beac62e7-dbfa-4cd5-a599-7fb4bce9c633" testListId="8c84fa94-04c1-424b-9868-57a2d4851a1d" />
    <TestEntry testId="75a11a73-5c87-e2a9-49d7-65cb50c42209" executionId="7ff48935-d985-4c8a-9993-e3c8332ea59f" testListId="8c84fa94-04c1-424b-9868-57a2d4851a1d" />
    <TestEntry testId="780339f7-485d-b1e3-e02d-d97c39e4af30" executionId="7e421e40-eafc-4f37-b9e0-91d29e7add22" testListId="8c84fa94-04c1-424b-9868-57a2d4851a1d" />
    <TestEntry testId="e970ba48-eb37-d6e6-70a8-7f04bfebbf76" executionId="1e7795f2-bd29-49e4-ada3-d300061ee8dd" testListId="8c84fa94-04c1-424b-9868-57a2d4851a1d" />
    <TestEntry testId="a3bb278f-44c7-ed8e-6585-aff6a6806de0" executionId="106cb115-dcfe-4f21-9e55-74e7da171bc2" testListId="8c84fa94-04c1-424b-9868-57a2d4851a1d" />
    <TestEntry testId="f694bb4d-ffae-353f-a315-99454eb16bde" executionId="d0423ea5-69cd-450c-97ca-6cf925203085" testListId="8c84fa94-04c1-424b-9868-57a2d4851a1d" />
    <TestEntry testId="af9edaab-a0e5-27a4-8774-f14b758f9ad1" executionId="9c65c300-91ef-4a96-bb51-8c40b9a3ec73" testListId="8c84fa94-04c1-424b-9868-57a2d4851a1d" />
    <TestEntry testId="79c6c742-da31-a6b4-a9d9-8a0f839e22b5" executionId="152bc9e3-e821-4212-9173-401c1f483cb4" testListId="8c84fa94-04c1-424b-9868-57a2d4851a1d" />
    <TestEntry testId="5969c9ce-4537-06f6-a5d0-04e63c930d3c" executionId="14372ccf-2f8f-4cda-b5f6-8a37a769eaf5" testListId="8c84fa94-04c1-424b-9868-57a2d4851a1d" />
    <TestEntry testId="a33b2638-7431-c9bb-af77-143346e5a118" executionId="487c0af3-2db8-4430-acc1-4b5a96bc65c1" testListId="8c84fa94-04c1-424b-9868-57a2d4851a1d" />
    <TestEntry testId="61c30324-fc62-3776-0970-12fcabbb072d" executionId="b5cc544a-7fc4-4914-84ab-da1f3df3440f" testListId="8c84fa94-04c1-424b-9868-57a2d4851a1d" />
    <TestEntry testId="d22368bd-2a5c-9f8b-98e0-540e9bd89e1a" executionId="c0cf9029-ec05-48b2-a8af-f9f48b4e91a9" testListId="8c84fa94-04c1-424b-9868-57a2d4851a1d" />
    <TestEntry testId="2379f36e-ffde-6364-25ef-c63543074d33" executionId="d2bc6a3e-ab18-403a-a5bb-12fd2f74a9e8" testListId="8c84fa94-04c1-424b-9868-57a2d4851a1d" />
    <TestEntry testId="57716ad4-1230-9d04-cc54-2a499b12ad50" executionId="3cd8003c-7516-4f6c-abc2-d69e0e1bd236" testListId="8c84fa94-04c1-424b-9868-57a2d4851a1d" />
    <TestEntry testId="583567d0-e727-94d6-a2c4-47831a91e794" executionId="5e46aac7-5ee3-4a8a-90b1-758b80395ee5" testListId="8c84fa94-04c1-424b-9868-57a2d4851a1d" />
    <TestEntry testId="d353d3a1-4044-5ff4-8481-de62b7edf5a6" executionId="cffe5792-3d32-4d00-ac44-52a632c98488" testListId="8c84fa94-04c1-424b-9868-57a2d4851a1d" />
    <TestEntry testId="c340a5ad-34da-a325-6744-63cf5c3482cb" executionId="73369d3c-1419-4abc-b591-830ff99ad7f6" testListId="8c84fa94-04c1-424b-9868-57a2d4851a1d" />
    <TestEntry testId="3e6f2c90-f466-b883-69a3-4c6b85d7264a" executionId="ed2b6c81-0f3b-4ec8-bd53-ef9cc22bcf0d" testListId="8c84fa94-04c1-424b-9868-57a2d4851a1d" />
    <TestEntry testId="ea9b6078-5ae8-b75d-d41b-0470dcd2938c" executionId="db3cb6dd-84f5-43df-b7d5-c98a8a61631b" testListId="8c84fa94-04c1-424b-9868-57a2d4851a1d" />
    <TestEntry testId="ab1f30a9-ce63-0924-6694-ae523c24db5a" executionId="92568109-0a38-4bb7-a6bb-1cd127b1a307" testListId="8c84fa94-04c1-424b-9868-57a2d4851a1d" />
    <TestEntry testId="0d92c910-2a77-f874-e210-4fd887785909" executionId="854f0300-8a71-4458-a7ad-aac41feb9f90" testListId="8c84fa94-04c1-424b-9868-57a2d4851a1d" />
    <TestEntry testId="0eb87c30-2656-7d3f-11fe-7f02fc2d4c7b" executionId="072ee234-6c24-4a91-ab96-f1ba15d8a5b7" testListId="8c84fa94-04c1-424b-9868-57a2d4851a1d" />
    <TestEntry testId="04331cd7-fe89-e7da-b113-7b542323c6cf" executionId="94f49c25-f9b2-4734-a44e-7205f1a91a72" testListId="8c84fa94-04c1-424b-9868-57a2d4851a1d" />
    <TestEntry testId="6f4b05dc-cd44-bef0-cfb1-790bc7b278b9" executionId="17bf94ec-f674-4a1e-aa0e-3cc4874c9491" testListId="8c84fa94-04c1-424b-9868-57a2d4851a1d" />
    <TestEntry testId="2871192a-829b-2fae-5f61-2b03d1ed201a" executionId="aebec50d-47e1-49bc-a0e8-45319c2739e9" testListId="8c84fa94-04c1-424b-9868-57a2d4851a1d" />
    <TestEntry testId="69b4e9d1-c26b-6254-bea6-09217db012bd" executionId="0495d975-cf39-46d1-b14b-3c93c63bcc23" testListId="8c84fa94-04c1-424b-9868-57a2d4851a1d" />
    <TestEntry testId="1e850016-6784-ae60-8b01-5b1b6f696a18" executionId="1c880167-54a8-4d0a-88bc-26b3e76c9f9f" testListId="8c84fa94-04c1-424b-9868-57a2d4851a1d" />
    <TestEntry testId="9081c4f5-856d-00de-5e8d-0ed758ff3d84" executionId="ce021f3a-0a42-4a05-85c1-ddf9e7ef1dfc" testListId="8c84fa94-04c1-424b-9868-57a2d4851a1d" />
    <TestEntry testId="b9047a83-626d-582e-684e-39d4f645ffcf" executionId="05828d71-d8eb-4db4-aa92-714a6b02ef00" testListId="8c84fa94-04c1-424b-9868-57a2d4851a1d" />
    <TestEntry testId="9605ad38-1d2c-100e-cd74-ca0f8bfe0d9e" executionId="a11d68fc-5b48-4c51-9cce-08266c5cf2bf" testListId="8c84fa94-04c1-424b-9868-57a2d4851a1d" />
    <TestEntry testId="20e3634b-b666-41c4-e03a-40e41ee31e85" executionId="a6a11995-4773-43f6-bf22-e1f690a31e3d" testListId="8c84fa94-04c1-424b-9868-57a2d4851a1d" />
    <TestEntry testId="c3c5b395-5bfc-aff0-c0f9-8b0dd770a8a9" executionId="934411bc-c032-4871-babb-563cbc81085a" testListId="8c84fa94-04c1-424b-9868-57a2d4851a1d" />
    <TestEntry testId="7ee95d7b-3a55-2a40-ff0d-872637fb9817" executionId="53cad965-d825-4801-bd01-ecc072a38637" testListId="8c84fa94-04c1-424b-9868-57a2d4851a1d" />
    <TestEntry testId="3afc3a8e-ea59-6c00-6c4e-23638d1b2c07" executionId="00395f82-0de5-4298-957c-25f238775efc" testListId="8c84fa94-04c1-424b-9868-57a2d4851a1d" />
    <TestEntry testId="43e6fcd1-ad4f-9fba-76b5-3f3f8fd527fc" executionId="610ea49b-9790-4152-ad35-93ac8de6c6c0" testListId="8c84fa94-04c1-424b-9868-57a2d4851a1d" />
    <TestEntry testId="660c9b09-cc5f-4a59-0ce0-af583ddead6f" executionId="1a56c2ca-2e51-4a87-9738-c136ce2f75c3" testListId="8c84fa94-04c1-424b-9868-57a2d4851a1d" />
    <TestEntry testId="9e7272d6-2f5d-2602-9e53-36442458d760" executionId="1c223ab7-6eb6-4281-8df9-158f3c04a37e" testListId="8c84fa94-04c1-424b-9868-57a2d4851a1d" />
    <TestEntry testId="caa91991-9f80-3f92-93b5-37f95aa704ab" executionId="819161cd-ad0a-48c9-bc42-6d6fb14018f9" testListId="8c84fa94-04c1-424b-9868-57a2d4851a1d" />
    <TestEntry testId="b72669eb-c889-04b5-02ec-14fe778767e1" executionId="7ea5bef9-cb45-41e5-911d-3fba8fcbae6e" testListId="8c84fa94-04c1-424b-9868-57a2d4851a1d" />
    <TestEntry testId="d28c4540-97d8-709e-2288-ee2e2b76a782" executionId="c37a2fb2-7fb5-4fd4-bb03-fea1b3daa0f2" testListId="8c84fa94-04c1-424b-9868-57a2d4851a1d" />
    <TestEntry testId="a1dcebbe-7223-3a1e-660e-d4843778f457" executionId="9fd07d23-b5c2-4302-b44c-5725d6c0c58f" testListId="8c84fa94-04c1-424b-9868-57a2d4851a1d" />
    <TestEntry testId="d830e2c5-50a0-b120-1371-e0f4a07ff6e7" executionId="ecfa46ae-0b06-4602-97cb-bb162271fc6b" testListId="8c84fa94-04c1-424b-9868-57a2d4851a1d" />
    <TestEntry testId="b9034be1-ed24-6ea5-f507-7533d23f677a" executionId="3fb4abb1-eb89-4404-85d6-9434a742721b" testListId="8c84fa94-04c1-424b-9868-57a2d4851a1d" />
    <TestEntry testId="341befb2-e82f-cee5-cbd5-3a9693b0ab9b" executionId="633683b4-cf69-4da0-b261-8b9a2c552eb7" testListId="8c84fa94-04c1-424b-9868-57a2d4851a1d" />
    <TestEntry testId="b20094a3-4bce-9794-0ac9-0f8ec514eca5" executionId="1c80c380-5c18-4251-b749-ef545e771343" testListId="8c84fa94-04c1-424b-9868-57a2d4851a1d" />
    <TestEntry testId="ed5dbfd1-0448-d06f-4ed3-e8a56a157b1b" executionId="3a4db9fe-ab92-4299-99bc-52b24b117a4b" testListId="8c84fa94-04c1-424b-9868-57a2d4851a1d" />
    <TestEntry testId="549ea7c2-bc31-2eaf-6fe1-e08d2ca2cc69" executionId="fc6ea6cb-d145-4bad-904d-0ffd549d99e9" testListId="8c84fa94-04c1-424b-9868-57a2d4851a1d" />
    <TestEntry testId="90ed14f1-d7c1-9b94-b437-5235eb783c76" executionId="bba82305-167f-4902-97d6-d26dcfd5bf5f" testListId="8c84fa94-04c1-424b-9868-57a2d4851a1d" />
    <TestEntry testId="804933e8-9931-ad4e-e374-bbfb53ff09db" executionId="56422cab-4adf-4463-b0da-0bc17b0e4229" testListId="8c84fa94-04c1-424b-9868-57a2d4851a1d" />
    <TestEntry testId="33af673d-9367-4c4f-21e2-9bd3fc62de4a" executionId="13e96a8d-db71-4c9f-b47a-20497eeb2cf7" testListId="8c84fa94-04c1-424b-9868-57a2d4851a1d" />
    <TestEntry testId="071fc032-2ba1-c42b-00ad-5c0d7e20cc88" executionId="6100fd8b-2a54-4955-a52b-cc708043ca51" testListId="8c84fa94-04c1-424b-9868-57a2d4851a1d" />
    <TestEntry testId="73d710aa-ebbe-0710-2d23-eb417df3790f" executionId="9710245a-fc71-412b-b0df-093e08bfa719" testListId="8c84fa94-04c1-424b-9868-57a2d4851a1d" />
    <TestEntry testId="6043bc81-8a84-2b53-3354-ecca757b6994" executionId="4ff85204-e361-4ebc-b86a-c8af460b8fed" testListId="8c84fa94-04c1-424b-9868-57a2d4851a1d" />
    <TestEntry testId="df624fb2-1d1c-54f5-469f-ba881592f3b0" executionId="376af208-a783-4f04-a465-37bb2638f4d9" testListId="8c84fa94-04c1-424b-9868-57a2d4851a1d" />
    <TestEntry testId="d284b915-9373-de30-60e2-7e50bf050057" executionId="6e33154a-afb3-4fd2-b4d1-603d345a34b9" testListId="8c84fa94-04c1-424b-9868-57a2d4851a1d" />
    <TestEntry testId="645d0217-8389-adf1-5ef9-498ea8b4b981" executionId="05d966b6-d49a-44c0-b11c-058b3e39a12a" testListId="8c84fa94-04c1-424b-9868-57a2d4851a1d" />
    <TestEntry testId="88051f23-f180-86d0-17c9-2240dd458c11" executionId="9e230c7f-fae5-40f2-992d-0304681f1ead" testListId="8c84fa94-04c1-424b-9868-57a2d4851a1d" />
    <TestEntry testId="19ca6313-d958-feef-ad68-55d694fc9f66" executionId="641d31c3-f3f1-4c45-99b9-c7c10a7ec63c" testListId="8c84fa94-04c1-424b-9868-57a2d4851a1d" />
    <TestEntry testId="956be934-3f05-1867-e2e6-e9070b9b25eb" executionId="c751441c-8df4-45fe-9427-8e97a38f985e" testListId="8c84fa94-04c1-424b-9868-57a2d4851a1d" />
    <TestEntry testId="064c0d88-a4f9-540e-2166-8127c18a984e" executionId="e2990305-c405-4171-9709-93faebabe554" testListId="8c84fa94-04c1-424b-9868-57a2d4851a1d" />
    <TestEntry testId="4c1bf6ac-32c2-c9f4-1eee-346d02080e41" executionId="843fc0e6-0b0e-4d8b-be6f-24b0800a41e5" testListId="8c84fa94-04c1-424b-9868-57a2d4851a1d" />
    <TestEntry testId="ef2e46ea-3ad1-2673-c3ab-dc878ea66873" executionId="2d3078c2-5bc6-4a8d-83ce-8604f13d296d" testListId="8c84fa94-04c1-424b-9868-57a2d4851a1d" />
    <TestEntry testId="1e0d33f3-f39d-4428-799e-8362565e068a" executionId="c9ae9e3c-137d-491e-9eeb-4a29edba2a7f" testListId="8c84fa94-04c1-424b-9868-57a2d4851a1d" />
    <TestEntry testId="d3279787-ed82-ffc3-8628-9fdd10542922" executionId="85ae68bb-6878-4f5f-85b6-67d3b637a9d7" testListId="8c84fa94-04c1-424b-9868-57a2d4851a1d" />
    <TestEntry testId="ee4861e9-2d2c-ce6c-6914-efd6ccefb01c" executionId="d43924cc-b9e9-4d30-9bb1-ce391b07c4ed" testListId="8c84fa94-04c1-424b-9868-57a2d4851a1d" />
    <TestEntry testId="dbf9ca64-335a-d26b-f450-e1e15426a1ae" executionId="92dc869f-1cfe-4bdc-b353-54d7ff167e76" testListId="8c84fa94-04c1-424b-9868-57a2d4851a1d" />
    <TestEntry testId="7ae6026f-1918-0e9d-b31c-408f1257c77a" executionId="5114314c-0488-49a4-9e8f-f61a664c4b08" testListId="8c84fa94-04c1-424b-9868-57a2d4851a1d" />
    <TestEntry testId="5b2b92ab-0557-7887-d6a9-79710080049d" executionId="fb911ce4-2778-4a4a-93ee-f12f76a892b2" testListId="8c84fa94-04c1-424b-9868-57a2d4851a1d" />
    <TestEntry testId="3b556d94-0de9-dbe8-fc9b-f61a5e8495b1" executionId="484ee803-6dab-4952-b688-2c4634748df0" testListId="8c84fa94-04c1-424b-9868-57a2d4851a1d" />
    <TestEntry testId="aa7f9d9b-ae3d-907f-94c1-6689a1dc416a" executionId="34895859-d883-4725-95b1-a1015d844c16" testListId="8c84fa94-04c1-424b-9868-57a2d4851a1d" />
    <TestEntry testId="56208e55-85c5-9cb4-f4c1-6925ec37b8a4" executionId="79a9d13b-2619-4112-91f3-64cf8f970b38" testListId="8c84fa94-04c1-424b-9868-57a2d4851a1d" />
    <TestEntry testId="87c7f746-13da-9500-2cc3-5d2b3150e25c" executionId="b87edebf-ae1a-41be-9746-bb871fac1bac" testListId="8c84fa94-04c1-424b-9868-57a2d4851a1d" />
    <TestEntry testId="cce84256-ea6f-9e63-b6ac-374141acdef3" executionId="d3de789e-0655-4760-b9ca-3a63b83f186d" testListId="8c84fa94-04c1-424b-9868-57a2d4851a1d" />
    <TestEntry testId="869a3265-f927-b9d4-f6e3-992b222d4336" executionId="415635ba-1d77-485c-9afe-beb4f125980b" testListId="8c84fa94-04c1-424b-9868-57a2d4851a1d" />
    <TestEntry testId="63e9eba7-b40a-4e5e-ac31-66844851759d" executionId="7c30d409-9d71-47aa-a5c2-c7b8e3bc9792" testListId="8c84fa94-04c1-424b-9868-57a2d4851a1d" />
    <TestEntry testId="6e6f12b0-2eb8-3d24-f001-6439653dfcc0" executionId="a23b0aeb-459a-4a4e-8141-ed9b345876d0" testListId="8c84fa94-04c1-424b-9868-57a2d4851a1d" />
    <TestEntry testId="bf24074c-2f17-4848-9fbe-7416e38dec22" executionId="d14aa2b0-5b5d-4384-a4c5-3fa9c77879e6" testListId="8c84fa94-04c1-424b-9868-57a2d4851a1d" />
    <TestEntry testId="1faaff2c-cb16-3c15-8d05-c9b1a85419da" executionId="af417e4a-d363-404b-bcc9-9ff83e010865" testListId="8c84fa94-04c1-424b-9868-57a2d4851a1d" />
    <TestEntry testId="a16707bf-dbf0-15c7-d6db-f3b093790861" executionId="63e30463-a0cc-4f32-9bee-17d879bb064c" testListId="8c84fa94-04c1-424b-9868-57a2d4851a1d" />
    <TestEntry testId="f381117e-96f4-8384-60a7-c8b8078b2c3f" executionId="b2d2bd08-87c2-4504-8c78-7eb4fb34d424" testListId="8c84fa94-04c1-424b-9868-57a2d4851a1d" />
    <TestEntry testId="2fc97ddf-2f4d-34dc-aec5-6dc607b6b3c7" executionId="9e5aed29-b7b8-4474-bafd-327ca2bfe7db" testListId="8c84fa94-04c1-424b-9868-57a2d4851a1d" />
    <TestEntry testId="1aac4b07-51e4-fb07-5ca6-e6f645dfad0a" executionId="4d960352-38ad-4e07-9de1-5c0fb75bd64d" testListId="8c84fa94-04c1-424b-9868-57a2d4851a1d" />
    <TestEntry testId="72f46df3-aa80-965a-eb14-076a7c1593f7" executionId="045a2678-1970-4b98-8e02-9c21cf1498a8" testListId="8c84fa94-04c1-424b-9868-57a2d4851a1d" />
    <TestEntry testId="42681dc6-d2e6-bbce-8c22-29bae81b8459" executionId="f0a9e541-1b0b-4a08-bbed-696e51b79089" testListId="8c84fa94-04c1-424b-9868-57a2d4851a1d" />
    <TestEntry testId="6fc353d3-01fe-f430-6c8c-e98e27338efc" executionId="a027cd1a-6427-4d3a-b064-c7f0b0cdab23" testListId="8c84fa94-04c1-424b-9868-57a2d4851a1d" />
    <TestEntry testId="6ae3b2ca-7efd-7cfa-60e4-09202603b584" executionId="8a978dd9-b245-4a50-a8bd-1285826b83db" testListId="8c84fa94-04c1-424b-9868-57a2d4851a1d" />
    <TestEntry testId="99eb17ef-c54b-0103-e4ed-d67d23002ceb" executionId="9a5f05ba-b94f-43e6-bf83-0857447c6400" testListId="8c84fa94-04c1-424b-9868-57a2d4851a1d" />
    <TestEntry testId="e724e6f0-f7fd-9671-8fc3-339d5f90d7dc" executionId="5925d603-ca86-4eee-82e2-859de4e7167a" testListId="8c84fa94-04c1-424b-9868-57a2d4851a1d" />
    <TestEntry testId="e13136de-834e-38ea-5b8d-8e14348d659f" executionId="e654cd30-520a-4ca8-9a67-548952f18080" testListId="8c84fa94-04c1-424b-9868-57a2d4851a1d" />
    <TestEntry testId="ef186c94-bf7a-393d-63a2-f3be1114330e" executionId="1ade7538-35d8-4867-b299-3ef4547d1fe5" testListId="8c84fa94-04c1-424b-9868-57a2d4851a1d" />
    <TestEntry testId="9ec55eff-fe92-bfa9-450b-f3ce5c80284a" executionId="8df94302-445e-4e41-a05c-d8bd0a1a5091" testListId="8c84fa94-04c1-424b-9868-57a2d4851a1d" />
    <TestEntry testId="571372ec-cd10-0eca-339b-387287dfb97a" executionId="e40ae88a-7df5-4ef9-af9e-0905b12a4bb1" testListId="8c84fa94-04c1-424b-9868-57a2d4851a1d" />
    <TestEntry testId="7ad38f56-f78e-67ee-23e1-69144071829a" executionId="a3b56a13-efb3-4fc1-91bd-070a3d417ea1" testListId="8c84fa94-04c1-424b-9868-57a2d4851a1d" />
    <TestEntry testId="c33ba110-3bf7-f449-618a-93844f83a847" executionId="ac134e99-3d24-4bed-8122-6e08b2f33697" testListId="8c84fa94-04c1-424b-9868-57a2d4851a1d" />
    <TestEntry testId="fb8e147b-abfe-eacb-04be-a5e9b4b38317" executionId="6b08d80c-d651-4f58-a3ec-8e6d4bfc2156" testListId="8c84fa94-04c1-424b-9868-57a2d4851a1d" />
    <TestEntry testId="516b00e1-9f58-e2e6-0869-a687a126414a" executionId="0e7a39ca-1e29-44d6-b60c-bb55e3d09417" testListId="8c84fa94-04c1-424b-9868-57a2d4851a1d" />
    <TestEntry testId="e59bbc07-7510-ed6e-0434-907bc1a598db" executionId="089b416f-ea62-4f0f-9e6e-4c1fe4d7cd9f" testListId="8c84fa94-04c1-424b-9868-57a2d4851a1d" />
    <TestEntry testId="3aed2112-5558-59fc-bf58-9f46d644390d" executionId="d78197ae-e274-4ecb-8274-786f805a69a1" testListId="8c84fa94-04c1-424b-9868-57a2d4851a1d" />
    <TestEntry testId="1e2e352f-2591-fab6-86d9-2bb2b7d57058" executionId="306d11aa-438f-41ff-bc67-f0a6dabb462f" testListId="8c84fa94-04c1-424b-9868-57a2d4851a1d" />
    <TestEntry testId="0e107d47-0915-f033-32d9-026912ac8c26" executionId="03e07cb1-f3ae-46ef-b608-cc376266cdeb" testListId="8c84fa94-04c1-424b-9868-57a2d4851a1d" />
    <TestEntry testId="cdef58f1-5c5b-2bb0-e3f2-67c15b8d57c1" executionId="a94b7dbf-198b-488a-a64b-e3aa102f196a" testListId="8c84fa94-04c1-424b-9868-57a2d4851a1d" />
    <TestEntry testId="6a1124fc-0403-4242-f05e-50a49e5de507" executionId="936b05b5-1543-459b-8473-b780aba0f256" testListId="8c84fa94-04c1-424b-9868-57a2d4851a1d" />
    <TestEntry testId="8ac61560-3289-2a4b-2f02-39342634dd20" executionId="23aa79c3-677b-4c97-a1d5-7ddf28734d85" testListId="8c84fa94-04c1-424b-9868-57a2d4851a1d" />
    <TestEntry testId="68607795-0a8b-2576-e5e8-153133df05dc" executionId="841e002f-9c87-4f93-b7b3-a844e3bca0e1" testListId="8c84fa94-04c1-424b-9868-57a2d4851a1d" />
    <TestEntry testId="f0b6393d-428a-27c0-0e22-fd4739b38a3b" executionId="43716fd1-50b7-4c6a-948b-5a496d26cfa6" testListId="8c84fa94-04c1-424b-9868-57a2d4851a1d" />
    <TestEntry testId="8a8fcea6-f079-37a3-ab99-289ea7c74990" executionId="681728c3-b0c9-4c48-b41a-c6dc67935c34" testListId="8c84fa94-04c1-424b-9868-57a2d4851a1d" />
    <TestEntry testId="cc16f67b-c552-02fc-e7f6-f1e49adede96" executionId="3483e67e-a53c-42e5-b07e-b4150034a082" testListId="8c84fa94-04c1-424b-9868-57a2d4851a1d" />
    <TestEntry testId="6ee3bc42-00a5-7623-1b53-72bcb92004e5" executionId="9d05f386-82b1-48ba-831f-d762f91160f5" testListId="8c84fa94-04c1-424b-9868-57a2d4851a1d" />
    <TestEntry testId="887599b8-5ebc-d51b-c126-cccb5a64e38c" executionId="44dfc2d2-a5ba-4100-b617-6427b028002f" testListId="8c84fa94-04c1-424b-9868-57a2d4851a1d" />
    <TestEntry testId="20fbe588-4546-a59f-e0e9-909ea67e3667" executionId="83e6049b-a531-4550-8668-8527c611d71e" testListId="8c84fa94-04c1-424b-9868-57a2d4851a1d" />
    <TestEntry testId="a96f065b-808d-94f3-d139-e9135bad420a" executionId="7e5cdcb9-2049-49be-8ff9-147cec4f6217" testListId="8c84fa94-04c1-424b-9868-57a2d4851a1d" />
    <TestEntry testId="ce431629-0650-834a-afff-42da739f826b" executionId="e0a0058d-7e22-4303-af09-8395477d260c" testListId="8c84fa94-04c1-424b-9868-57a2d4851a1d" />
    <TestEntry testId="e0f9fe02-f988-4a56-8941-9b9a739311f0" executionId="b9ed5c9c-5289-4dc1-ae3e-a025784e47be" testListId="8c84fa94-04c1-424b-9868-57a2d4851a1d" />
    <TestEntry testId="85cb4582-ab1e-7106-3474-a40b2a3d0350" executionId="b975ef86-7469-4f1a-a98f-f7a972c11027" testListId="8c84fa94-04c1-424b-9868-57a2d4851a1d" />
    <TestEntry testId="38fbb055-643f-cb6b-716a-5ed16d2e6701" executionId="0336e4ec-2a72-44b3-aef2-0e0076e7c904" testListId="8c84fa94-04c1-424b-9868-57a2d4851a1d" />
    <TestEntry testId="09415ade-bcc4-2404-3299-90966ab5635c" executionId="21388e18-9440-4a7a-bbb4-f2cffcff8575" testListId="8c84fa94-04c1-424b-9868-57a2d4851a1d" />
    <TestEntry testId="866c3d65-66b6-f262-8482-4205b179f84d" executionId="c6e532d2-2c1f-438b-b792-dbbff35fc612" testListId="8c84fa94-04c1-424b-9868-57a2d4851a1d" />
    <TestEntry testId="58f07de7-6017-cced-3325-2242722c6405" executionId="cfc3c300-bb82-4da9-a306-0ad11ca96b21" testListId="8c84fa94-04c1-424b-9868-57a2d4851a1d" />
    <TestEntry testId="e6e34db3-945a-4fc7-52cd-6d4f4da7c5c0" executionId="4cfa5d27-3955-4141-9a29-c70cffa46db5" testListId="8c84fa94-04c1-424b-9868-57a2d4851a1d" />
    <TestEntry testId="68b61e17-d94f-7735-f59d-c9bddbe1351e" executionId="8c4a94bc-bf6f-4b14-a076-e5dc71a6182d" testListId="8c84fa94-04c1-424b-9868-57a2d4851a1d" />
    <TestEntry testId="84715100-37c7-a5b6-3f03-a3a0319aecd2" executionId="927e88b4-2040-4711-852a-a305a45204b7" testListId="8c84fa94-04c1-424b-9868-57a2d4851a1d" />
    <TestEntry testId="65f8e4ae-0e17-25fb-577a-33863716e3ec" executionId="7d096b7e-af01-4c2d-b6a7-f90063f3327d" testListId="8c84fa94-04c1-424b-9868-57a2d4851a1d" />
    <TestEntry testId="411ce627-1f57-f6c6-8b83-6632efc8d840" executionId="c6ba8dcf-5143-4a6a-aaac-5669d78c31dc" testListId="8c84fa94-04c1-424b-9868-57a2d4851a1d" />
    <TestEntry testId="ebe0191f-b7be-4c06-c2fe-2785d3dbc1ef" executionId="116fe0ff-94e3-4161-b7f8-fe4adca3e69b" testListId="8c84fa94-04c1-424b-9868-57a2d4851a1d" />
    <TestEntry testId="162ac4ba-4057-e37c-85c7-0f775e640b51" executionId="19b57382-9b6a-4b60-968e-023d6154eb84" testListId="8c84fa94-04c1-424b-9868-57a2d4851a1d" />
    <TestEntry testId="8f456c16-91d1-36bc-fc43-363b3afae3d8" executionId="2b6bfc3f-d0a4-4a10-babb-127dda7389de" testListId="8c84fa94-04c1-424b-9868-57a2d4851a1d" />
    <TestEntry testId="2a778fe3-3205-5710-429c-2944d2edb4c7" executionId="6741adaa-d5a4-461f-9816-e9cfc7a864d8" testListId="8c84fa94-04c1-424b-9868-57a2d4851a1d" />
    <TestEntry testId="3f8fdb1f-2670-ed61-52c1-d18d577f0063" executionId="d5be2bda-a568-478d-b71d-b787063cc515" testListId="8c84fa94-04c1-424b-9868-57a2d4851a1d" />
    <TestEntry testId="8700ea6a-1835-3d94-379b-a31a6c06374c" executionId="c4e00306-30ba-4e9b-8378-9079571d9d64" testListId="8c84fa94-04c1-424b-9868-57a2d4851a1d" />
    <TestEntry testId="11368ae5-e54f-af0d-797f-88400728b77c" executionId="425c1a83-7fe2-4440-a159-b276c8bb5ef8" testListId="8c84fa94-04c1-424b-9868-57a2d4851a1d" />
    <TestEntry testId="da682c7b-6442-7c64-e017-a3cc852d9759" executionId="12917faa-11ae-4e5a-93a0-ae14dec54b30" testListId="8c84fa94-04c1-424b-9868-57a2d4851a1d" />
    <TestEntry testId="8cab18f8-2d33-0233-df28-53ce592887ea" executionId="1e221407-a273-4d93-8e83-4b627c018bf2" testListId="8c84fa94-04c1-424b-9868-57a2d4851a1d" />
    <TestEntry testId="b36e88cd-e974-ae90-65c2-eab62b4a25f9" executionId="b996702d-e4fc-4a0a-9535-f4eff5263876" testListId="8c84fa94-04c1-424b-9868-57a2d4851a1d" />
    <TestEntry testId="a502e728-5c28-4b61-e707-4a42967bd629" executionId="e017f4de-8456-43c1-a12a-a32e47de0a26" testListId="8c84fa94-04c1-424b-9868-57a2d4851a1d" />
    <TestEntry testId="ff825e49-9844-6460-f7d9-0e31c6bb65ea" executionId="f8d77492-6a36-4f76-b64f-0d8a8a311b68" testListId="8c84fa94-04c1-424b-9868-57a2d4851a1d" />
    <TestEntry testId="03412fe2-444b-63f0-1c5c-dafa6eb75458" executionId="9e9fffa1-d73e-4e07-b754-3fe638093233" testListId="8c84fa94-04c1-424b-9868-57a2d4851a1d" />
    <TestEntry testId="902e8dce-ec66-8764-9a8c-dc6a7dabcdbb" executionId="25b4eb97-b4fa-4351-a6ae-9c141db5e86c" testListId="8c84fa94-04c1-424b-9868-57a2d4851a1d" />
    <TestEntry testId="0b271540-db47-1130-723a-fa2d4d726725" executionId="c5f8e809-2d39-4508-a5c6-19a0553c6e7f" testListId="8c84fa94-04c1-424b-9868-57a2d4851a1d" />
    <TestEntry testId="7df433ff-e199-662f-20eb-50eb04716a74" executionId="c98cc236-41f4-4494-8bd4-2605834206e6" testListId="8c84fa94-04c1-424b-9868-57a2d4851a1d" />
    <TestEntry testId="e44645e6-e799-0d55-6226-fb676fd611f2" executionId="53b2f507-3fc1-42a7-8e8b-ba235f2882d1" testListId="8c84fa94-04c1-424b-9868-57a2d4851a1d" />
    <TestEntry testId="502c35db-7056-bea6-d79a-2b4d09a2cf0e" executionId="19897251-5bdc-4867-93f4-bc56373c16b0" testListId="8c84fa94-04c1-424b-9868-57a2d4851a1d" />
    <TestEntry testId="46ab7655-18af-6fd2-1738-f61e1b147ce1" executionId="048a5316-d0c2-4c92-be2a-ea14f81f923f" testListId="8c84fa94-04c1-424b-9868-57a2d4851a1d" />
    <TestEntry testId="aa082a0e-9949-30d5-4897-137c3c599615" executionId="4a87f356-545b-40c8-81e5-54945713ea34" testListId="8c84fa94-04c1-424b-9868-57a2d4851a1d" />
    <TestEntry testId="4d629a62-93e9-ae32-afcc-26fe115d5146" executionId="0862a19f-4bb9-48cc-9664-7a3de1f6648a" testListId="8c84fa94-04c1-424b-9868-57a2d4851a1d" />
    <TestEntry testId="218be8d0-ebe3-ac79-720e-e8449b96125c" executionId="a8865d9d-0ecf-456f-98e5-6ea32e21dfb0" testListId="8c84fa94-04c1-424b-9868-57a2d4851a1d" />
    <TestEntry testId="354349f5-17d5-a446-87f7-483feb14c17d" executionId="dd7b10b6-cba3-4654-9fa7-9cbe548162b4" testListId="8c84fa94-04c1-424b-9868-57a2d4851a1d" />
    <TestEntry testId="71ac1c0b-6958-d8df-74d6-7bb3fdd9eaf2" executionId="c7e51162-30d2-4eab-8902-8c6d27c13d4c" testListId="8c84fa94-04c1-424b-9868-57a2d4851a1d" />
    <TestEntry testId="afb1f0b0-19fb-4f64-0c4b-e64e67b15cc9" executionId="e7419b73-f2cb-4e8b-90f0-5d8dcf593301" testListId="8c84fa94-04c1-424b-9868-57a2d4851a1d" />
    <TestEntry testId="47b1da9d-5790-5c15-c502-68f0d4352909" executionId="fb631f01-71a9-4259-9446-6919be03b84c" testListId="8c84fa94-04c1-424b-9868-57a2d4851a1d" />
    <TestEntry testId="05e4db06-0ea5-94c5-101b-ce2d1871bfbb" executionId="b7199adb-fbbf-49e4-9dbe-cb06f5353855" testListId="8c84fa94-04c1-424b-9868-57a2d4851a1d" />
    <TestEntry testId="fbe48cd7-5a91-d917-cbdb-c3b51bb5691b" executionId="219ade80-d443-40ed-b8b0-d17e92b3a053" testListId="8c84fa94-04c1-424b-9868-57a2d4851a1d" />
    <TestEntry testId="ad5e3eb3-a5cf-aae7-3dcc-672d32e6e5d8" executionId="eb2fd48c-2698-4ebb-be58-2d2e57e27a45" testListId="8c84fa94-04c1-424b-9868-57a2d4851a1d" />
    <TestEntry testId="3e1a2427-0218-6825-8936-ee84e4e3edf8" executionId="53d04ade-a1fa-4624-b47e-b85eb6fb08ef" testListId="8c84fa94-04c1-424b-9868-57a2d4851a1d" />
    <TestEntry testId="977a7cd9-ac3e-cebd-5e90-41ceae203e1e" executionId="610e2aaa-88a3-4447-8cd7-6bb042fa519d" testListId="8c84fa94-04c1-424b-9868-57a2d4851a1d" />
    <TestEntry testId="a60db01f-62bb-c362-68f1-4316cd6b6325" executionId="e23284f0-916f-49e7-b88b-f2df7c25361b" testListId="8c84fa94-04c1-424b-9868-57a2d4851a1d" />
    <TestEntry testId="d59ba24d-2a21-ba81-9c7f-6fcc4a6e467a" executionId="9c5c34f0-2609-4937-b70f-21d99cab5b11" testListId="8c84fa94-04c1-424b-9868-57a2d4851a1d" />
    <TestEntry testId="996a82f0-95c2-833a-d017-d8fb87de0ad1" executionId="4ab8bd66-3203-47a1-b6ec-96f0ef2dd18a" testListId="8c84fa94-04c1-424b-9868-57a2d4851a1d" />
    <TestEntry testId="f6369bde-fec8-f22e-ca05-8b2e99e178d9" executionId="4d4e539b-ca3b-4cf7-8379-ec192133641d" testListId="8c84fa94-04c1-424b-9868-57a2d4851a1d" />
    <TestEntry testId="575e8ac1-e58f-37be-c93a-fc6803d7fad6" executionId="6e07b313-1335-4e72-8657-f6c96cf89e6d" testListId="8c84fa94-04c1-424b-9868-57a2d4851a1d" />
    <TestEntry testId="da4ff380-558f-83eb-51e2-f271e1b6d0da" executionId="da9fc2c8-c463-4758-a4be-69138cc51150" testListId="8c84fa94-04c1-424b-9868-57a2d4851a1d" />
    <TestEntry testId="2e0db415-86fe-b1e4-3501-d253d342f02e" executionId="f0fb341d-19fa-470b-b3e6-0d4fcc5f3695" testListId="8c84fa94-04c1-424b-9868-57a2d4851a1d" />
    <TestEntry testId="0e85f293-c66c-172a-730e-0179c1824d94" executionId="44a683a2-8b1f-43a6-be4d-204dc76d13b7" testListId="8c84fa94-04c1-424b-9868-57a2d4851a1d" />
    <TestEntry testId="fcbbe19f-b08c-c52a-e765-d4b97db72f95" executionId="2de977d7-c603-41ff-8347-cb2e7e0c379a" testListId="8c84fa94-04c1-424b-9868-57a2d4851a1d" />
    <TestEntry testId="6235fe87-bd95-8873-795c-6157ee09371a" executionId="2930919c-5669-4f9a-b598-2188e83925e7" testListId="8c84fa94-04c1-424b-9868-57a2d4851a1d" />
    <TestEntry testId="b1bc4653-4689-bb72-718f-c3db6b7dad80" executionId="78440c28-8066-4385-bf3c-ecfe6b16ad5d" testListId="8c84fa94-04c1-424b-9868-57a2d4851a1d" />
    <TestEntry testId="80d6e2ab-fa98-8d9a-6ecf-09e35d91cc33" executionId="dd4cf125-0e20-4967-b258-a3e9b287dfbb" testListId="8c84fa94-04c1-424b-9868-57a2d4851a1d" />
    <TestEntry testId="a87e7322-ba8e-44ae-0222-b9d1f598bc40" executionId="7f82a323-db68-46ab-829f-76ba92a024ef" testListId="8c84fa94-04c1-424b-9868-57a2d4851a1d" />
    <TestEntry testId="57fca449-42f0-f63c-3eb1-ecbb5df02039" executionId="76aba8a3-855a-4505-bab1-715d3f4974c9" testListId="8c84fa94-04c1-424b-9868-57a2d4851a1d" />
    <TestEntry testId="976be17b-1a7b-0a8b-fce9-6537638b338a" executionId="f0b36caf-c037-4cf1-9a1e-2bcc38068e92" testListId="8c84fa94-04c1-424b-9868-57a2d4851a1d" />
    <TestEntry testId="d24edd39-78e1-d715-9cfd-a83f9e00a8f0" executionId="bd448f12-6353-4004-aac4-1ba07a56da12" testListId="8c84fa94-04c1-424b-9868-57a2d4851a1d" />
    <TestEntry testId="a454d4d8-b87c-06b2-6174-4eb9615e13dd" executionId="bd1b8c07-5dbb-428f-a0c0-998d03d222eb" testListId="8c84fa94-04c1-424b-9868-57a2d4851a1d" />
    <TestEntry testId="c3db1582-454c-8656-a8f5-cbff3809013f" executionId="9002f3db-0c8e-401e-a45e-42b60c0ac315" testListId="8c84fa94-04c1-424b-9868-57a2d4851a1d" />
    <TestEntry testId="794d0c8f-6e3c-897d-44fe-11331c172760" executionId="cb5b1a17-8860-4b77-902d-790151b87d02" testListId="8c84fa94-04c1-424b-9868-57a2d4851a1d" />
    <TestEntry testId="df00dcb7-59e9-8003-6c7c-cd44bd78da46" executionId="367e5268-9b5d-43bb-a2ec-50446a2e9535" testListId="8c84fa94-04c1-424b-9868-57a2d4851a1d" />
    <TestEntry testId="122eb9c7-7a29-3fe8-863d-ba9aed706706" executionId="8937b39d-6c93-41e0-b447-e1815e838ef3" testListId="8c84fa94-04c1-424b-9868-57a2d4851a1d" />
    <TestEntry testId="d80eef5b-3f45-4b02-649a-48b4b0ae07e7" executionId="c7673683-80ec-4ca7-a494-da0182923885" testListId="8c84fa94-04c1-424b-9868-57a2d4851a1d" />
    <TestEntry testId="a1735543-0c1b-9305-2f45-85c8f7bd0639" executionId="8ce997ed-c518-48ed-a77c-dfb97e2d88b9" testListId="8c84fa94-04c1-424b-9868-57a2d4851a1d" />
    <TestEntry testId="122df83a-88a2-0579-260e-a2ccf3940a42" executionId="adb2ecd6-aebc-4196-af0f-08819dcb3bc4" testListId="8c84fa94-04c1-424b-9868-57a2d4851a1d" />
    <TestEntry testId="ad58d9e9-f6b5-2fb2-bebe-8d03be3b2900" executionId="816eba4b-8eb2-4f6d-b95f-862cb21a9da9" testListId="8c84fa94-04c1-424b-9868-57a2d4851a1d" />
    <TestEntry testId="dcb6f98c-87ec-796a-534d-c19e403744a9" executionId="f17389d1-2b3e-49db-8a7c-d47fd7116f51" testListId="8c84fa94-04c1-424b-9868-57a2d4851a1d" />
    <TestEntry testId="8c776219-3093-5fc2-8e41-68ed69dd8580" executionId="d7ee1d55-a243-40d1-ba8c-6cd4aac313c8" testListId="8c84fa94-04c1-424b-9868-57a2d4851a1d" />
    <TestEntry testId="bc11c6ff-33b1-514e-0357-469a83fb3bf0" executionId="bd3c1dd9-44b2-40b9-ad47-a58dcc461330" testListId="8c84fa94-04c1-424b-9868-57a2d4851a1d" />
    <TestEntry testId="d536a2d1-970a-0f82-15cc-c5dc98c55535" executionId="3cc34e6a-510b-45c5-87b2-5e7838da37cc" testListId="8c84fa94-04c1-424b-9868-57a2d4851a1d" />
    <TestEntry testId="b49f8667-f29c-3dd3-bfe8-d31301ada6db" executionId="9a45cb67-219c-4bbc-bfba-5b0d67f488c1" testListId="8c84fa94-04c1-424b-9868-57a2d4851a1d" />
    <TestEntry testId="330e7561-c366-ba71-a1a1-577854bd5e9d" executionId="386a8570-16f0-4ae9-9f82-f8f406e4ae56" testListId="8c84fa94-04c1-424b-9868-57a2d4851a1d" />
    <TestEntry testId="010f39a7-f85d-0751-572f-736dafbac220" executionId="5a17448e-4a14-4984-a2f5-5dc5070fa43b" testListId="8c84fa94-04c1-424b-9868-57a2d4851a1d" />
    <TestEntry testId="1a4f24ae-0e2b-6a30-3975-01188ac3600d" executionId="b81a56d3-c0c0-4ae1-9832-8b19afc8e2db" testListId="8c84fa94-04c1-424b-9868-57a2d4851a1d" />
    <TestEntry testId="a2421838-20ff-b07e-0b19-97d3e21172e0" executionId="98d53cab-934b-4271-b904-8db77018db60" testListId="8c84fa94-04c1-424b-9868-57a2d4851a1d" />
    <TestEntry testId="dfc3ba4e-b63d-961b-7607-f7c95aca6f6e" executionId="edb14dab-772b-4ef0-b143-b3e5dcd5d1df" testListId="8c84fa94-04c1-424b-9868-57a2d4851a1d" />
    <TestEntry testId="dfd9a859-6e80-2a91-4692-b4aea6dcc337" executionId="9d678f2b-5784-44d7-be3b-4f8ef9167766" testListId="8c84fa94-04c1-424b-9868-57a2d4851a1d" />
    <TestEntry testId="b3878e41-b634-0b0a-513b-03087a45aa29" executionId="fba63426-5c91-40fb-b49d-b1f8318d14ca" testListId="8c84fa94-04c1-424b-9868-57a2d4851a1d" />
    <TestEntry testId="6f151964-3f38-721a-1e0c-81a68641f533" executionId="3f004daa-d7d7-4ec5-b5a5-1a108ef67ad3" testListId="8c84fa94-04c1-424b-9868-57a2d4851a1d" />
    <TestEntry testId="9b966e7f-b091-083c-9cca-0bea5b39acd0" executionId="0455c1b5-e309-47c6-abe8-8371182de6e1" testListId="8c84fa94-04c1-424b-9868-57a2d4851a1d" />
    <TestEntry testId="65cb6da2-db9d-1ac3-1d39-efb0dddaa5cc" executionId="11000fda-4bf3-48ef-b0ae-492831ac6385" testListId="8c84fa94-04c1-424b-9868-57a2d4851a1d" />
    <TestEntry testId="9a4bd56d-a8ec-f504-afb8-fe4c5ca88a09" executionId="ba55e67c-ce4c-479b-ae5a-b7565880a84c" testListId="8c84fa94-04c1-424b-9868-57a2d4851a1d" />
    <TestEntry testId="7e53a9af-0be1-536c-c3c1-56cf258c7aac" executionId="88610318-e3c2-4a53-9320-6cfff56379fa" testListId="8c84fa94-04c1-424b-9868-57a2d4851a1d" />
    <TestEntry testId="c50208b9-b466-ef80-3384-9394f1346dbe" executionId="f3da149d-8c2e-41eb-8507-ee586eca1183" testListId="8c84fa94-04c1-424b-9868-57a2d4851a1d" />
    <TestEntry testId="f03ce6c7-d7ca-dcf0-69b0-739788b7cf28" executionId="57c3b962-94b4-459f-8a35-998fdf194d54" testListId="8c84fa94-04c1-424b-9868-57a2d4851a1d" />
    <TestEntry testId="5d55bc61-0e3f-fa72-318e-9ca63c7aca93" executionId="d353b8ff-0a24-4ee0-95eb-5ef3db91d4de" testListId="8c84fa94-04c1-424b-9868-57a2d4851a1d" />
    <TestEntry testId="e47d9b56-0900-3604-286d-a54e02aad7f4" executionId="c2b75afd-1656-414f-a912-d6c5e5e7c3a4" testListId="8c84fa94-04c1-424b-9868-57a2d4851a1d" />
    <TestEntry testId="b3bcb665-a493-0659-0dab-1f5d79e8257d" executionId="a3e1f904-c1aa-4170-8858-a76add204f20" testListId="8c84fa94-04c1-424b-9868-57a2d4851a1d" />
    <TestEntry testId="d9c21c69-b436-b4c7-9af9-b7df885cecd6" executionId="b1b3e7d8-bbd8-4bd4-ae86-7557d98d1eeb" testListId="8c84fa94-04c1-424b-9868-57a2d4851a1d" />
    <TestEntry testId="6050805e-8029-d3ef-6459-3cbcbd2e55f4" executionId="59c2f9d4-c753-4f0a-a952-a480312dae44" testListId="8c84fa94-04c1-424b-9868-57a2d4851a1d" />
    <TestEntry testId="137dab4f-35c0-0246-623a-479beb50297e" executionId="9fcf8663-089b-46d4-bed1-c7a168f54754" testListId="8c84fa94-04c1-424b-9868-57a2d4851a1d" />
    <TestEntry testId="d9f3e9a8-9223-ae59-352d-550ece81381d" executionId="f7a59150-2219-453a-9635-c0ec735281ee" testListId="8c84fa94-04c1-424b-9868-57a2d4851a1d" />
    <TestEntry testId="5f0a57d7-d218-fd89-f58b-6c920e6edeb1" executionId="bf54922f-b153-46fb-b717-a11c212097c4" testListId="8c84fa94-04c1-424b-9868-57a2d4851a1d" />
    <TestEntry testId="b2e42975-32bf-97f1-e055-61f6a0d69861" executionId="563602e2-5342-4233-b539-b92d0af6d1bc" testListId="8c84fa94-04c1-424b-9868-57a2d4851a1d" />
    <TestEntry testId="9ea4ac0a-2ce9-79a0-1c70-e8d555de237e" executionId="f779f5f4-1a05-4202-8d1f-46489ff46f31" testListId="8c84fa94-04c1-424b-9868-57a2d4851a1d" />
    <TestEntry testId="5d80fba4-8980-b342-838b-ea0db55b8961" executionId="20d1e9be-ac85-4a19-ab33-cf8724f7a6a9" testListId="8c84fa94-04c1-424b-9868-57a2d4851a1d" />
    <TestEntry testId="00ac987d-b8d2-9f71-c1ef-49c9895edb0a" executionId="27f1f4fd-ddf8-4afc-8af9-c661f44e718d" testListId="8c84fa94-04c1-424b-9868-57a2d4851a1d" />
    <TestEntry testId="01aa874c-bc97-b307-02a2-2de816963602" executionId="b7ac8f32-d0ce-4ad2-9b75-b16d28761f93" testListId="8c84fa94-04c1-424b-9868-57a2d4851a1d" />
    <TestEntry testId="1d3ba152-39bc-8b54-af20-048cb5e0157b" executionId="64c9e949-19d5-445e-8799-c2736aee7fde" testListId="8c84fa94-04c1-424b-9868-57a2d4851a1d" />
    <TestEntry testId="eacab587-0a80-e621-8ec9-2ec9360d9a22" executionId="59151842-0537-48cc-905f-453b1297eed7" testListId="8c84fa94-04c1-424b-9868-57a2d4851a1d" />
    <TestEntry testId="a9545847-bc0c-a732-32b4-2df76492cb1b" executionId="d6becc8a-ad00-41f2-9004-63ace778712f" testListId="8c84fa94-04c1-424b-9868-57a2d4851a1d" />
    <TestEntry testId="b2e677a5-e82e-2bf6-3161-02f6d48165b9" executionId="cc1e624a-a214-4b79-a6b6-f814031956bc" testListId="8c84fa94-04c1-424b-9868-57a2d4851a1d" />
    <TestEntry testId="686c1113-4101-8510-2e32-6f43e71c4ca0" executionId="e232381c-84bc-4e1d-b9dd-b450983dd20a" testListId="8c84fa94-04c1-424b-9868-57a2d4851a1d" />
    <TestEntry testId="586e2cd6-a2b7-c4a9-cc05-47cac12a83de" executionId="8e0083db-3db1-45e1-b954-23f20b5a4b34" testListId="8c84fa94-04c1-424b-9868-57a2d4851a1d" />
    <TestEntry testId="f03b3480-d080-40ce-a0ad-abe7dfd83876" executionId="56c13768-a993-453c-b778-7a6200201a1d" testListId="8c84fa94-04c1-424b-9868-57a2d4851a1d" />
    <TestEntry testId="06b316bc-3a35-cd50-eb8a-8103ba623fae" executionId="e8c4f763-57f5-4f94-84e0-55518c6f7d98" testListId="8c84fa94-04c1-424b-9868-57a2d4851a1d" />
    <TestEntry testId="657499f6-511f-909d-e63f-912223fc6ab1" executionId="29427d38-a24e-42fd-9673-d9e92746c610" testListId="8c84fa94-04c1-424b-9868-57a2d4851a1d" />
    <TestEntry testId="4b4c24ad-0abd-04a3-c637-3174222648cd" executionId="0dd1dbd0-9c3b-448f-b05a-264026abaa2b" testListId="8c84fa94-04c1-424b-9868-57a2d4851a1d" />
    <TestEntry testId="9ef0edbe-8751-2c85-22c5-6b58edba6130" executionId="a51a8ab3-9c42-42d7-8d77-2e609412eb79" testListId="8c84fa94-04c1-424b-9868-57a2d4851a1d" />
    <TestEntry testId="5da5686e-1093-d545-c309-07c96cef804b" executionId="53c37de9-5b81-49b0-9c18-7880524370c0" testListId="8c84fa94-04c1-424b-9868-57a2d4851a1d" />
    <TestEntry testId="0f8156d7-e432-1733-11b3-df99457f71d5" executionId="45bdece2-c1ef-4395-a589-c34e60d2f3f7" testListId="8c84fa94-04c1-424b-9868-57a2d4851a1d" />
    <TestEntry testId="fbde34fd-5cd2-98cc-7a3e-cc60debe9dfe" executionId="ebcebe6a-fec8-4bde-8e60-2cd7d263ad3d" testListId="8c84fa94-04c1-424b-9868-57a2d4851a1d" />
    <TestEntry testId="af08a91b-cb64-1a2d-d59b-1bf0a0c74864" executionId="66d39f67-1e91-4935-8062-f5bfd14c9c89" testListId="8c84fa94-04c1-424b-9868-57a2d4851a1d" />
    <TestEntry testId="d0e15bbb-d647-4c4f-e561-8f407f490864" executionId="6c9e3ae3-d769-4f9d-b307-3a6855732732" testListId="8c84fa94-04c1-424b-9868-57a2d4851a1d" />
    <TestEntry testId="78900ab3-8cdb-5b65-bd5e-af5787d72241" executionId="cb8fde4d-e692-4986-802a-5bec96cd8c64" testListId="8c84fa94-04c1-424b-9868-57a2d4851a1d" />
    <TestEntry testId="213bdb4d-3277-43a9-fdc1-72e8f722d9e1" executionId="2ca4affe-6a9e-405c-9d04-d17b572782bc" testListId="8c84fa94-04c1-424b-9868-57a2d4851a1d" />
    <TestEntry testId="c7130ecf-96dc-8c59-00f6-19ff021aad7f" executionId="b099ff71-0883-4aeb-9627-8e8e4bccfb9c" testListId="8c84fa94-04c1-424b-9868-57a2d4851a1d" />
    <TestEntry testId="2414365d-c975-ad77-762a-4c5ee1c586da" executionId="036e2bba-6521-4c60-aee2-16ddb0c51ee1" testListId="8c84fa94-04c1-424b-9868-57a2d4851a1d" />
    <TestEntry testId="8eac765f-6171-998c-7913-c02d650f564c" executionId="7ac4d4d9-000e-4eb8-9ab0-dc552cefec93" testListId="8c84fa94-04c1-424b-9868-57a2d4851a1d" />
    <TestEntry testId="d02390f9-2c17-6419-c7c4-363e4f35b828" executionId="9bf7f635-946d-4b6e-ac40-57c5c183469a" testListId="8c84fa94-04c1-424b-9868-57a2d4851a1d" />
    <TestEntry testId="51507127-0af1-6ed7-1ffc-650fe1aa0b64" executionId="c482fbbb-8543-49d7-992c-ba94a2ddbaa3" testListId="8c84fa94-04c1-424b-9868-57a2d4851a1d" />
    <TestEntry testId="df835bfa-7c3b-cd00-64a9-c018d73e45a8" executionId="849a3ef5-2807-4a88-b721-6e3d849c19d7" testListId="8c84fa94-04c1-424b-9868-57a2d4851a1d" />
    <TestEntry testId="30452b41-7bca-3d9c-7664-a6a41090b773" executionId="ebde7a47-4ccc-43c7-85e8-13c566b66922" testListId="8c84fa94-04c1-424b-9868-57a2d4851a1d" />
    <TestEntry testId="ba87d3ba-1ba8-92c1-ee05-ae95123f79d8" executionId="57d1da0f-bbfb-4356-bb93-f031844068b1" testListId="8c84fa94-04c1-424b-9868-57a2d4851a1d" />
    <TestEntry testId="74b50b2d-2f01-ae8e-d4c4-6a278a9ca023" executionId="75bb7a9b-ba5d-464a-9d25-936d63bd4822" testListId="8c84fa94-04c1-424b-9868-57a2d4851a1d" />
    <TestEntry testId="027544d4-5ea3-7462-8749-6ea483668592" executionId="cbf846fb-3922-4524-94ca-3d20ae9880e6" testListId="8c84fa94-04c1-424b-9868-57a2d4851a1d" />
    <TestEntry testId="2033e3dd-87f7-a2bc-7561-38029163d4cb" executionId="a2f92a69-cb60-4219-9336-7c04d90aec02" testListId="8c84fa94-04c1-424b-9868-57a2d4851a1d" />
    <TestEntry testId="46da057b-b8d2-c66d-9ec7-36db799cc59c" executionId="7cc17e7e-b6e9-43ac-8f4e-088c7c1b2199" testListId="8c84fa94-04c1-424b-9868-57a2d4851a1d" />
    <TestEntry testId="230aa7f4-2c4e-ad02-84e2-bac34bdb4734" executionId="0ecbffe0-af5e-44f2-9253-06a6638fe15e" testListId="8c84fa94-04c1-424b-9868-57a2d4851a1d" />
    <TestEntry testId="05d987a6-1932-ceac-44fa-f7eef994e44f" executionId="1c65ff8a-01c5-419e-94fa-3ffd955500f1" testListId="8c84fa94-04c1-424b-9868-57a2d4851a1d" />
    <TestEntry testId="778108fe-6811-7d44-3a63-626efcd8e57d" executionId="3e56996a-e07c-4481-9416-3f91fadb33fc" testListId="8c84fa94-04c1-424b-9868-57a2d4851a1d" />
    <TestEntry testId="98a51b89-0097-970b-7105-7ed63dfbff49" executionId="69b9fe6c-14db-4cad-9195-c5066dff4e32" testListId="8c84fa94-04c1-424b-9868-57a2d4851a1d" />
    <TestEntry testId="49119f19-fe2f-c2eb-bd3e-b75d5bbafe74" executionId="5f4dfda5-9fb1-4d67-818c-3e0cd9fd10b4" testListId="8c84fa94-04c1-424b-9868-57a2d4851a1d" />
    <TestEntry testId="2908959e-264f-96e4-4f76-a7a4f483d6f5" executionId="c2b16650-8aca-40d5-96ba-5fd7a212b3c1" testListId="8c84fa94-04c1-424b-9868-57a2d4851a1d" />
    <TestEntry testId="1e614b20-c586-712a-693e-12c279c5982e" executionId="a2b7cb9c-a997-4f4a-a4d9-1b7cb9c14cc3" testListId="8c84fa94-04c1-424b-9868-57a2d4851a1d" />
    <TestEntry testId="49bf7578-eaf9-0117-8e91-668dcf55edc6" executionId="ba4a1f84-6f49-4fa9-b369-c434599aac70" testListId="8c84fa94-04c1-424b-9868-57a2d4851a1d" />
    <TestEntry testId="3ad739fe-0c6b-de81-9c95-06eb15294be7" executionId="ae46ff90-895c-4578-89ef-bcfc478965cf" testListId="8c84fa94-04c1-424b-9868-57a2d4851a1d" />
    <TestEntry testId="aab17f62-5f83-e34f-4a62-ed3e3b7d706b" executionId="40947075-7ba8-41ec-8140-a66903f21aef" testListId="8c84fa94-04c1-424b-9868-57a2d4851a1d" />
    <TestEntry testId="ef90d4bf-638c-9436-22b8-8e6973bc7601" executionId="236e75f6-14eb-45cd-b159-8a572d638b0b" testListId="8c84fa94-04c1-424b-9868-57a2d4851a1d" />
    <TestEntry testId="473ac3a9-9ea9-a19b-f92b-1b29a6926255" executionId="c2e5103d-4487-495d-b92b-a4b20e5d6388" testListId="8c84fa94-04c1-424b-9868-57a2d4851a1d" />
    <TestEntry testId="0eebd122-e0fe-196d-7349-4c323c0df5e5" executionId="1b718674-53a3-409d-afda-785e90a6c80c" testListId="8c84fa94-04c1-424b-9868-57a2d4851a1d" />
    <TestEntry testId="c1297c12-9031-7e11-e70d-0bcf95374197" executionId="5fb4233d-928e-44ff-a0fb-f8ac0807321c" testListId="8c84fa94-04c1-424b-9868-57a2d4851a1d" />
    <TestEntry testId="2f1f2874-4354-1ffa-89d5-4c8b356563aa" executionId="49d4e0a7-51ea-4606-98fc-cea15e815f03" testListId="8c84fa94-04c1-424b-9868-57a2d4851a1d" />
    <TestEntry testId="d0106124-8958-aadc-0535-927a9ba57fc5" executionId="53d0f9ec-d853-427b-bca4-c008f9542c15" testListId="8c84fa94-04c1-424b-9868-57a2d4851a1d" />
    <TestEntry testId="0bca9cc6-5706-9302-d0ca-5ac03237d6ce" executionId="50507492-ee18-4328-9fbd-c601aabe5333" testListId="8c84fa94-04c1-424b-9868-57a2d4851a1d" />
    <TestEntry testId="11fc8884-f99b-9875-c8b4-76cc95ffe677" executionId="52780f4e-07c7-49bc-87f8-aa0d86044985" testListId="8c84fa94-04c1-424b-9868-57a2d4851a1d" />
    <TestEntry testId="70c9ebd3-5d6a-fb3e-245f-0e8541fd7472" executionId="813af26d-ab7f-4fa7-b641-0554bf1df372" testListId="8c84fa94-04c1-424b-9868-57a2d4851a1d" />
    <TestEntry testId="fdf270bb-3b08-803e-2202-caa2bc3c0c8c" executionId="eb43aa4d-e3c9-48d1-ade7-82ca9075d3f7" testListId="8c84fa94-04c1-424b-9868-57a2d4851a1d" />
    <TestEntry testId="a38588ba-2756-20ed-11bc-c99dcc012d9d" executionId="93be138b-174a-4559-ae9d-9d43bd629103" testListId="8c84fa94-04c1-424b-9868-57a2d4851a1d" />
    <TestEntry testId="594214bd-536f-e5e7-7910-5e142fdd9481" executionId="8669857b-8972-40c5-96c4-fcfff1937ef3" testListId="8c84fa94-04c1-424b-9868-57a2d4851a1d" />
    <TestEntry testId="1867f4a8-60c4-4986-8874-35c10b61d723" executionId="49f5219e-d611-4c60-9b37-939d9f4b780c" testListId="8c84fa94-04c1-424b-9868-57a2d4851a1d" />
    <TestEntry testId="ba7049a4-b31c-9343-b979-43d64a56f396" executionId="50ceefc8-dfe1-4a4b-8112-80e96cad289e" testListId="8c84fa94-04c1-424b-9868-57a2d4851a1d" />
    <TestEntry testId="76a2774d-7abf-ba8c-4fa3-9ec8a0ff98a6" executionId="edd45900-1049-4fe2-9787-83269170c829" testListId="8c84fa94-04c1-424b-9868-57a2d4851a1d" />
    <TestEntry testId="b8244571-6f7b-6c33-a558-081d33744fab" executionId="2fa1a08b-1c6c-40f0-a017-6e65f08fc386" testListId="8c84fa94-04c1-424b-9868-57a2d4851a1d" />
    <TestEntry testId="41f82249-ac6a-6b34-1621-1cab726497bf" executionId="f310930a-c5a2-4a60-8f33-aa5669185e08" testListId="8c84fa94-04c1-424b-9868-57a2d4851a1d" />
    <TestEntry testId="7ace3742-2a66-99a1-d0ea-bffa0f5a654e" executionId="b62461e5-68fa-4641-bcb0-20c6d174644f" testListId="8c84fa94-04c1-424b-9868-57a2d4851a1d" />
    <TestEntry testId="a39b9ca2-2389-232c-7605-df1d849f038a" executionId="3b90a843-cc89-4b4e-b0d2-6f7816716580" testListId="8c84fa94-04c1-424b-9868-57a2d4851a1d" />
    <TestEntry testId="8de116a6-aa87-f641-50d2-ab60528c76aa" executionId="a06de031-7092-437d-86ff-9a0a045fd555" testListId="8c84fa94-04c1-424b-9868-57a2d4851a1d" />
    <TestEntry testId="638439f4-fb9d-65d5-ed44-9c8d2626be78" executionId="62dbab46-9e9a-4cf0-a845-13ff258b2e3d" testListId="8c84fa94-04c1-424b-9868-57a2d4851a1d" />
    <TestEntry testId="624abf7e-4fd8-df7c-8f49-ab241412ea6c" executionId="254a7be0-7384-4a22-88e5-316b155e0652" testListId="8c84fa94-04c1-424b-9868-57a2d4851a1d" />
    <TestEntry testId="e8785e8c-e6d6-0898-434b-dbabe8eb51d2" executionId="2aa6b137-7762-4c78-88da-7e6ae8f7dd45" testListId="8c84fa94-04c1-424b-9868-57a2d4851a1d" />
    <TestEntry testId="284c9624-7310-9ee3-0b91-6aad7a6d8d36" executionId="57257c6b-98fe-4952-be37-fe038175bca8" testListId="8c84fa94-04c1-424b-9868-57a2d4851a1d" />
    <TestEntry testId="ca38cac3-da29-cfee-4a62-87729459297f" executionId="b0a511d3-ae00-426e-8b51-427916ea9393" testListId="8c84fa94-04c1-424b-9868-57a2d4851a1d" />
    <TestEntry testId="0273a505-6f44-3e97-a714-4cf891adaf8a" executionId="bdbd05e1-177c-469e-a28e-f8327c56f491" testListId="8c84fa94-04c1-424b-9868-57a2d4851a1d" />
    <TestEntry testId="0b0995f3-f5d1-37eb-9b82-b413e0298bda" executionId="021cc389-8f0f-4c69-b2cd-90339388432d" testListId="8c84fa94-04c1-424b-9868-57a2d4851a1d" />
    <TestEntry testId="4c9bc7dc-0dec-a5fe-656b-9b79d2f55c01" executionId="1a75342d-8ce9-4798-93c3-f29e37079394" testListId="8c84fa94-04c1-424b-9868-57a2d4851a1d" />
    <TestEntry testId="945492a8-d245-a098-90d2-1a6a4bfa23ff" executionId="f76b1077-7a60-4285-a2e0-805bfb045662" testListId="8c84fa94-04c1-424b-9868-57a2d4851a1d" />
    <TestEntry testId="342563ab-beda-aebf-de9a-a2fdb21872d2" executionId="4aa9533b-3fb2-4f60-8d0f-2be5e71ff6da" testListId="8c84fa94-04c1-424b-9868-57a2d4851a1d" />
    <TestEntry testId="419c432c-af14-1a13-7ce7-ef6cd0e07395" executionId="9092f922-1a19-4f40-9305-3f790f57d06f" testListId="8c84fa94-04c1-424b-9868-57a2d4851a1d" />
    <TestEntry testId="c7116fe5-24e4-1fd0-e3fd-23aec522f97f" executionId="c0f84b47-4c89-4f1e-ab63-90d84876be5a" testListId="8c84fa94-04c1-424b-9868-57a2d4851a1d" />
    <TestEntry testId="2de8d102-ffe9-c850-e9e7-044f018150c8" executionId="0b5a4d5d-0682-4d84-912b-7bfa4ada7738" testListId="8c84fa94-04c1-424b-9868-57a2d4851a1d" />
    <TestEntry testId="95b6aa5c-7f7f-e2b0-92bd-429d6dc88569" executionId="0a4a4931-d31c-4f03-8940-4656b32985f6" testListId="8c84fa94-04c1-424b-9868-57a2d4851a1d" />
    <TestEntry testId="516be3d1-e86f-3188-67b4-0e3e0ef3bdf8" executionId="9c814fb7-bb37-409a-9260-088deded5d5a" testListId="8c84fa94-04c1-424b-9868-57a2d4851a1d" />
    <TestEntry testId="c2d3eba5-709c-4c42-0fed-3b5067ce89ed" executionId="cb21c478-56da-4e8c-997f-ee79875aed20" testListId="8c84fa94-04c1-424b-9868-57a2d4851a1d" />
    <TestEntry testId="0689842d-6513-683f-3970-1f008fe8f7ed" executionId="ecbbca94-3f15-4836-89d1-273384c0102e" testListId="8c84fa94-04c1-424b-9868-57a2d4851a1d" />
    <TestEntry testId="24bee88e-ca64-ff9c-cd38-5593d6f5cf76" executionId="803e8189-ae78-4d37-ab59-d15aeed83fb8" testListId="8c84fa94-04c1-424b-9868-57a2d4851a1d" />
    <TestEntry testId="e5ada720-4c61-f0a4-9b1a-4de8f90703ec" executionId="ac7a76dc-eada-49a0-baae-d3e8ea2b56db" testListId="8c84fa94-04c1-424b-9868-57a2d4851a1d" />
    <TestEntry testId="06594e8c-fdec-07a9-3b4e-88060523192d" executionId="ef0d7ce4-9e8d-4c2f-8def-4e52094d7ddb" testListId="8c84fa94-04c1-424b-9868-57a2d4851a1d" />
    <TestEntry testId="cb9d6927-0950-ce26-b19b-949e3ec7fafb" executionId="7b933bc0-1f17-4806-b453-90a524ec228a" testListId="8c84fa94-04c1-424b-9868-57a2d4851a1d" />
    <TestEntry testId="1078a0eb-f3ce-f246-5361-e01a11e10cf9" executionId="c73b0187-205d-41b5-9faf-6dd74ffbc947" testListId="8c84fa94-04c1-424b-9868-57a2d4851a1d" />
    <TestEntry testId="ee412ef6-719a-91ed-68b5-8af5825a27cf" executionId="0635295f-1035-4efa-86f2-0a79a4c6fa92" testListId="8c84fa94-04c1-424b-9868-57a2d4851a1d" />
    <TestEntry testId="b2056827-4b01-86a7-29ca-d9f7f2ae48ba" executionId="c37534d3-185f-4353-b87c-46befe0c37ff" testListId="8c84fa94-04c1-424b-9868-57a2d4851a1d" />
    <TestEntry testId="111e2b53-b32c-6b24-6f50-d5766b31d483" executionId="7b6c54e6-2f74-4591-970b-83550021af71" testListId="8c84fa94-04c1-424b-9868-57a2d4851a1d" />
    <TestEntry testId="08930a05-186a-aa24-638d-1c45dea3a185" executionId="ebed33db-5793-4d0c-a9e2-522d9a19e3b7" testListId="8c84fa94-04c1-424b-9868-57a2d4851a1d" />
    <TestEntry testId="b9d03eac-a11d-c7e0-b17f-e477465ed653" executionId="d5481510-c957-4a0f-b52a-6f271c93e9c6" testListId="8c84fa94-04c1-424b-9868-57a2d4851a1d" />
    <TestEntry testId="1b5870d8-5849-2eb3-5e91-9fd19ca46918" executionId="530e091a-c063-49fe-bd0e-bedeb107aaa6" testListId="8c84fa94-04c1-424b-9868-57a2d4851a1d" />
    <TestEntry testId="2c8cb5ac-db17-5a5b-a9e0-07994e6c3197" executionId="4063ea92-2f2a-49d7-b62f-480d62342e0f" testListId="8c84fa94-04c1-424b-9868-57a2d4851a1d" />
    <TestEntry testId="d82e544d-ef5b-2aaf-f530-e92014e77778" executionId="b02bbea3-60f0-486d-87b8-f2b457f5aeee" testListId="8c84fa94-04c1-424b-9868-57a2d4851a1d" />
    <TestEntry testId="a374f723-f1b9-4dc5-8889-f10e669ff3c0" executionId="ef933046-20f5-4556-9aa8-c68f9e3091cd" testListId="8c84fa94-04c1-424b-9868-57a2d4851a1d" />
    <TestEntry testId="6a3cc234-ce33-1a9b-c63e-03746f0f1512" executionId="80977c2d-52c7-4a06-8986-9a752a9a62df" testListId="8c84fa94-04c1-424b-9868-57a2d4851a1d" />
    <TestEntry testId="1a8f7551-defc-b901-29d2-086bca381658" executionId="b4826860-20f8-4cf0-8322-d3af5404cbb5" testListId="8c84fa94-04c1-424b-9868-57a2d4851a1d" />
    <TestEntry testId="95ed26a8-a806-f1fb-2a8a-b496afd422d8" executionId="a83367e2-1b1a-4afa-a03b-f3034d8e69ea" testListId="8c84fa94-04c1-424b-9868-57a2d4851a1d" />
    <TestEntry testId="14c2c6da-790d-70ca-5d56-7eed7296fe39" executionId="ef60ce59-0a62-4b77-b160-0dd3757225db" testListId="8c84fa94-04c1-424b-9868-57a2d4851a1d" />
    <TestEntry testId="9768a427-f8c9-18fb-2845-329abd680d78" executionId="fa622f6a-e98d-4f98-a08f-9fa25818dc71" testListId="8c84fa94-04c1-424b-9868-57a2d4851a1d" />
    <TestEntry testId="064bf6f9-f4e5-6f6e-b39f-38fa5908d5e3" executionId="cd518065-925a-43b2-a1d8-3da7c8a16dee" testListId="8c84fa94-04c1-424b-9868-57a2d4851a1d" />
    <TestEntry testId="27018317-de91-4560-8e24-cce748706ba8" executionId="f052147b-007a-4336-a7eb-a52d37eae593" testListId="8c84fa94-04c1-424b-9868-57a2d4851a1d" />
    <TestEntry testId="7edd0449-7c75-38ab-3a27-3c723d484c90" executionId="f6feef3f-ace7-4b37-aced-c21c569939ee" testListId="8c84fa94-04c1-424b-9868-57a2d4851a1d" />
    <TestEntry testId="63e1caf7-01e3-ee44-6c80-641d604b4331" executionId="860a0a3d-cb72-4bff-9c3b-47cfa4c56872" testListId="8c84fa94-04c1-424b-9868-57a2d4851a1d" />
    <TestEntry testId="6faad261-d82c-1db6-5b91-c8d6a49f5001" executionId="0d5dcc2a-0522-4d78-a8b2-e04353a0643d" testListId="8c84fa94-04c1-424b-9868-57a2d4851a1d" />
    <TestEntry testId="0f2270c6-4908-9912-e030-54e939cf51f9" executionId="4d40dae9-97b9-40cc-82fa-637a14cc9f1a" testListId="8c84fa94-04c1-424b-9868-57a2d4851a1d" />
    <TestEntry testId="680630ae-86ab-6ace-9843-866c2f382040" executionId="e11726bd-62e4-41aa-850c-622c0acde0dd" testListId="8c84fa94-04c1-424b-9868-57a2d4851a1d" />
    <TestEntry testId="75a02011-cfb8-173e-0b34-3e0edf1a794e" executionId="30bd31ef-3b9d-4ed8-9c3b-1930071c0318" testListId="8c84fa94-04c1-424b-9868-57a2d4851a1d" />
    <TestEntry testId="649ef29f-bb99-551a-aafa-3e235664e39a" executionId="7d904949-48be-4617-8e3a-ab9937212a3b" testListId="8c84fa94-04c1-424b-9868-57a2d4851a1d" />
    <TestEntry testId="1d530f5d-c12a-8e35-8543-f857571ad164" executionId="d338e51c-c90c-455c-b0f7-3114ffb07637" testListId="8c84fa94-04c1-424b-9868-57a2d4851a1d" />
    <TestEntry testId="060031e3-c472-6662-285d-086ff7c7bc54" executionId="7ba141fb-da81-4b4f-be9f-f0d1fd25f22f" testListId="8c84fa94-04c1-424b-9868-57a2d4851a1d" />
    <TestEntry testId="6ad10f86-2a2f-58c3-8872-ce5cb8e11e1c" executionId="ccb04631-e3ab-4161-a976-8394642ce8c8" testListId="8c84fa94-04c1-424b-9868-57a2d4851a1d" />
    <TestEntry testId="f94334ce-07e5-cce2-52f8-e4c1bed6e0f6" executionId="13670c03-7bb7-434f-bf8c-31c99ba7a4d5" testListId="8c84fa94-04c1-424b-9868-57a2d4851a1d" />
    <TestEntry testId="a36f82e9-5ef0-b65e-5088-d83c9505b3aa" executionId="c0e80d7c-e8ca-49d8-9541-f2527bf76aa2" testListId="8c84fa94-04c1-424b-9868-57a2d4851a1d" />
    <TestEntry testId="262a6451-a8e4-9b98-c5b8-2ee4446f8c7e" executionId="09ad255f-1678-4303-a203-9b742c6b84c0" testListId="8c84fa94-04c1-424b-9868-57a2d4851a1d" />
    <TestEntry testId="14adc01f-2e14-879b-be71-9ee54c9f287e" executionId="eacba608-6699-4817-9f08-2c378429d711" testListId="8c84fa94-04c1-424b-9868-57a2d4851a1d" />
    <TestEntry testId="04f1f8d6-820b-fd5e-f95e-d6d6793f782f" executionId="3a7c7278-a4f3-4e78-9e98-7aad4d515867" testListId="8c84fa94-04c1-424b-9868-57a2d4851a1d" />
    <TestEntry testId="51cca666-4e23-8f0c-6569-f9e503d2441f" executionId="8c30eda7-a2b1-4ca6-9514-d8a12db5b26f" testListId="8c84fa94-04c1-424b-9868-57a2d4851a1d" />
    <TestEntry testId="910d54c9-4765-59ab-7a6c-3e02ba9ccc88" executionId="42c4e714-01bc-4c14-a5a7-069aaca35f9a" testListId="8c84fa94-04c1-424b-9868-57a2d4851a1d" />
    <TestEntry testId="0773269f-1356-40f5-7b15-55cd2be91994" executionId="b6eedc72-615e-4870-a1bc-0e8bf2726496" testListId="8c84fa94-04c1-424b-9868-57a2d4851a1d" />
    <TestEntry testId="32f1fe0d-792c-1eef-5e3e-9610f2ed3b6a" executionId="f3cdfb3c-b9c5-4a96-b80a-96f562032f4a" testListId="8c84fa94-04c1-424b-9868-57a2d4851a1d" />
    <TestEntry testId="bc5eda87-f044-106f-ad1c-38827b757df5" executionId="72ea1c21-46d0-4d7a-8f9a-8ca0f9bab272" testListId="8c84fa94-04c1-424b-9868-57a2d4851a1d" />
    <TestEntry testId="47b0e82d-792e-2f65-7754-68800b22e9f4" executionId="9ec3ea6b-cc08-4a23-89ac-96780d4ae438" testListId="8c84fa94-04c1-424b-9868-57a2d4851a1d" />
  </TestEntries>
  <TestLists>
    <TestList name="Results Not in a List" id="8c84fa94-04c1-424b-9868-57a2d4851a1d" />
    <TestList name="All Loaded Results" id="19431567-8539-422a-85d7-44ee4e166bda" />
  </TestLists>
  <ResultSummary outcome="Completed">
    <Counters total="631" executed="624" passed="624" failed="0" error="0" timeout="0" aborted="0" inconclusive="0" passedButRunAborted="0" notRunnable="0" notExecuted="0" disconnected="0" warning="0" completed="0" inProgress="0" pending="0" />
    <Output>
      <StdOut>Test 'TeamFoundationRequestContext_GetExtensions_WhenLifetimeServiceEveryRequest' was skipped in the test run.Test 'TeamFoundationRequestContext_GetExtensions_WhenLifetimeServiceEveryCall' was skipped in the test run.Test 'ValidateAccountRights_FailsOpen_WhenTooManyErrorsOccur' was skipped in the test run.Test 'ValidateAccountRights_FailsOpen_WhenTooManyRequestsTimeout' was skipped in the test run.Test 'SafeCatalog_CanGetExportsFromNormalAssembly' was skipped in the test run.Test 'SafeCatalog_CanGetExportsWhenOtherBaseTypeUnresolvable' was skipped in the test run.Test 'SafeCatalog_CanGetExportsWhenOtherAttributeUnresolvable' was skipped in the test run.</StdOut>
    </Output>
  </ResultSummary>
</TestRun>