<?xml version="1.0" encoding="UTF-8"?>
<TestRun id="6acc078a-ccc0-4d4d-a42a-da965f025877" name="tfsmladm@TFSBUILD11 2015-09-28 09:43:26" runUser="REDMOND\tfsmladm" xmlns="http://microsoft.com/schemas/VisualStudio/TeamTest/2010">
  <Times creation="2015-09-28T09:43:26.0151421-07:00" queuing="2015-09-28T09:43:26.0151421-07:00" start="2015-09-28T09:43:26.0151421-07:00" finish="2015-09-28T09:43:26.0620202-07:00" />
  <TestSettings name="default" id="10d8d802-1877-444b-9ac0-95b25486f9cb">
    <Execution>
      <TestTypeSpecific />
    </Execution>
    <Deployment runDeploymentRoot="tfsmladm_TFSBUILD11 2015-09-28 09_43_26" />
    <Properties />
  </TestSettings>
  <Results>
    <UnitTestResult executionId="55da3cf4-5f16-4e6b-9d11-989e37f7fb33" testId="1f3ded51-98a8-b39f-5a34-4026d8640001" testName="BoardColumnCacheService_NormalScenario" computerName="TFSBUILD11" duration="00:00:00.2772602" startTime="2015-09-28T09:43:25.6401152-07:00" endTime="2015-09-28T09:43:25.9526377-07:00" testType="13cdc9d9-ddb5-4fa4-a97d-d965ccfc6d4b" outcome="Passed" testListId="8c84fa94-04c1-424b-9868-57a2d4851a1d" relativeResultsDirectory="55da3cf4-5f16-4e6b-9d11-989e37f7fb33" />
    <UnitTestResult executionId="92a47564-304c-4fbe-a00e-f95a48761367" testId="a505982a-c90b-24f6-bdd4-a8dc39c7a01a" testName="BoardRowCacheService_NormalScenario" computerName="TFSBUILD11" duration="00:00:00.0048770" startTime="2015-09-28T09:43:25.9682644-07:00" endTime="2015-09-28T09:43:25.9682644-07:00" testType="13cdc9d9-ddb5-4fa4-a97d-d965ccfc6d4b" outcome="Passed" testListId="8c84fa94-04c1-424b-9868-57a2d4851a1d" relativeResultsDirectory="92a47564-304c-4fbe-a00e-f95a48761367" />
  </Results>
  <TestDefinitions>
    <UnitTest name="BoardColumnCacheService_NormalScenario" storage="d:\v2.0\a1\_work\dbded102\bin\release.anycpu\tfs.extendedclient\ms.tf.client.l0.tests\ms.tf.client.l0.tests.dll" id="1f3ded51-98a8-b39f-5a34-4026d8640001">
      <Owners>
        <Owner name="vsokanban" />
      </Owners>
      <Execution id="55da3cf4-5f16-4e6b-9d11-989e37f7fb33" />
      <TestMethod codeBase="D:\v2.0\A1\_work\dbded102\bin\Release.AnyCPU\Tfs.ExtendedClient\MS.TF.Client.L0.Tests\MS.TF.Client.L0.Tests.dll" adapterTypeName="Microsoft.VisualStudio.TestTools.TestTypes.Unit.UnitTestAdapter" className="MS.TF.Client.L0.Tests.Board.BoardCacheServiceTests" name="BoardColumnCacheService_NormalScenario" />
    </UnitTest>
    <UnitTest name="BoardRowCacheService_NormalScenario" storage="d:\v2.0\a1\_work\dbded102\bin\release.anycpu\tfs.extendedclient\ms.tf.client.l0.tests\ms.tf.client.l0.tests.dll" id="a505982a-c90b-24f6-bdd4-a8dc39c7a01a">
      <Owners>
        <Owner name="vsokanban" />
      </Owners>
      <Execution id="92a47564-304c-4fbe-a00e-f95a48761367" />
      <TestMethod codeBase="D:\v2.0\A1\_work\dbded102\bin\Release.AnyCPU\Tfs.ExtendedClient\MS.TF.Client.L0.Tests\MS.TF.Client.L0.Tests.dll" adapterTypeName="Microsoft.VisualStudio.TestTools.TestTypes.Unit.UnitTestAdapter" className="MS.TF.Client.L0.Tests.Board.BoardCacheServiceTests" name="BoardRowCacheService_NormalScenario" />
    </UnitTest>
  </TestDefinitions>
  <TestEntries>
    <TestEntry testId="1f3ded51-98a8-b39f-5a34-4026d8640001" executionId="55da3cf4-5f16-4e6b-9d11-989e37f7fb33" testListId="8c84fa94-04c1-424b-9868-57a2d4851a1d" />
    <TestEntry testId="a505982a-c90b-24f6-bdd4-a8dc39c7a01a" executionId="92a47564-304c-4fbe-a00e-f95a48761367" testListId="8c84fa94-04c1-424b-9868-57a2d4851a1d" />
  </TestEntries>
  <TestLists>
    <TestList name="Results Not in a List" id="8c84fa94-04c1-424b-9868-57a2d4851a1d" />
    <TestList name="All Loaded Results" id="19431567-8539-422a-85d7-44ee4e166bda" />
  </TestLists>
  <ResultSummary outcome="Completed">
    <Counters total="2" executed="2" passed="2" failed="0" error="0" timeout="0" aborted="0" inconclusive="0" passedButRunAborted="0" notRunnable="0" notExecuted="0" disconnected="0" warning="0" completed="0" inProgress="0" pending="0" />
  </ResultSummary>
</TestRun>