<?xml version="1.0" encoding="UTF-8"?>
<TestRun id="ce96d13c-f95c-4655-aab2-d9c581a6f0e7" name="tfsmladm@TFSBUILD11 2015-09-28 09:43:44" runUser="REDMOND\tfsmladm" xmlns="http://microsoft.com/schemas/VisualStudio/TeamTest/2010">
  <Times creation="2015-09-28T09:43:44.5945888-07:00" queuing="2015-09-28T09:43:44.5945888-07:00" start="2015-09-28T09:43:44.5945888-07:00" finish="2015-09-28T09:43:45.0008668-07:00" />
  <TestSettings name="default" id="3f5af25e-9003-4595-85bc-66b1322db368">
    <Execution>
      <TestTypeSpecific />
    </Execution>
    <Deployment runDeploymentRoot="tfsmladm_TFSBUILD11 2015-09-28 09_43_44" />
    <Properties />
  </TestSettings>
  <Results>
    <UnitTestResult executionId="b35e0f09-be33-4e4b-8b30-fcb18ded99e6" testId="33973082-de47-bc5b-0d09-0846918ee859" testName="DeleteDirectoryBasics" computerName="TFSBUILD11" duration="00:00:00.0096107" startTime="2015-09-28T09:43:44.4227019-07:00" endTime="2015-09-28T09:43:44.4539535-07:00" testType="13cdc9d9-ddb5-4fa4-a97d-d965ccfc6d4b" outcome="Passed" testListId="8c84fa94-04c1-424b-9868-57a2d4851a1d" relativeResultsDirectory="b35e0f09-be33-4e4b-8b30-fcb18ded99e6" />
    <UnitTestResult executionId="e4e88349-818f-45b5-8dae-b8ab97954c79" testId="f345960d-f72b-6329-2c71-acf8b3e4e100" testName="DeleteDirectoryInvalidPath" computerName="TFSBUILD11" duration="00:00:00.0003180" startTime="2015-09-28T09:43:44.4695796-07:00" endTime="2015-09-28T09:43:44.4695796-07:00" testType="13cdc9d9-ddb5-4fa4-a97d-d965ccfc6d4b" outcome="Passed" testListId="8c84fa94-04c1-424b-9868-57a2d4851a1d" relativeResultsDirectory="e4e88349-818f-45b5-8dae-b8ab97954c79" />
    <UnitTestResult executionId="717922e3-bebf-4999-ad62-5aafc9ec16c3" testId="21fc25d4-cf24-3722-d91e-b53b89625c56" testName="DeleteDirectoryWithReadOnlyFile" computerName="TFSBUILD11" duration="00:00:00.0011221" startTime="2015-09-28T09:43:44.4695796-07:00" endTime="2015-09-28T09:43:44.4695796-07:00" testType="13cdc9d9-ddb5-4fa4-a97d-d965ccfc6d4b" outcome="Passed" testListId="8c84fa94-04c1-424b-9868-57a2d4851a1d" relativeResultsDirectory="717922e3-bebf-4999-ad62-5aafc9ec16c3" />
    <UnitTestResult executionId="c3caa7e4-e68d-443c-85ad-2935802f4a51" testId="7c99b21f-8765-e0fb-0cad-f6146a240ec2" testName="DeleteDirectoryTraversingJunctionPoint" computerName="TFSBUILD11" duration="00:00:00.0090182" startTime="2015-09-28T09:43:44.4695796-07:00" endTime="2015-09-28T09:43:44.4852060-07:00" testType="13cdc9d9-ddb5-4fa4-a97d-d965ccfc6d4b" outcome="Passed" testListId="8c84fa94-04c1-424b-9868-57a2d4851a1d" relativeResultsDirectory="c3caa7e4-e68d-443c-85ad-2935802f4a51" />
    <UnitTestResult executionId="16c88f05-db50-406e-81e0-fcda25586e59" testId="a3db556a-0426-34c3-1764-2bbd216d6167" testName="DeleteDirectoryWithJunctionPoint" computerName="TFSBUILD11" duration="00:00:00.0071000" startTime="2015-09-28T09:43:44.4852060-07:00" endTime="2015-09-28T09:43:44.4852060-07:00" testType="13cdc9d9-ddb5-4fa4-a97d-d965ccfc6d4b" outcome="Passed" testListId="8c84fa94-04c1-424b-9868-57a2d4851a1d" relativeResultsDirectory="16c88f05-db50-406e-81e0-fcda25586e59" />
    <UnitTestResult executionId="b73cf9fd-7090-4e8a-89ae-34152d89fa45" testId="658ed715-1221-dbbe-d126-d17d3ef8f608" testName="DeleteDirectoryLongPath" computerName="TFSBUILD11" duration="00:00:00.0038769" startTime="2015-09-28T09:43:44.4852060-07:00" endTime="2015-09-28T09:43:44.5008316-07:00" testType="13cdc9d9-ddb5-4fa4-a97d-d965ccfc6d4b" outcome="Passed" testListId="8c84fa94-04c1-424b-9868-57a2d4851a1d" relativeResultsDirectory="b73cf9fd-7090-4e8a-89ae-34152d89fa45" />
    <UnitTestResult executionId="fed50015-44fa-406e-b750-e4d7572995b4" testId="8ba23c40-6ca5-59bc-beba-364eeb29960d" testName="EnumSubTree" computerName="TFSBUILD11" duration="00:00:00.0389306" startTime="2015-09-28T09:43:44.5008316-07:00" endTime="2015-09-28T09:43:44.5320835-07:00" testType="13cdc9d9-ddb5-4fa4-a97d-d965ccfc6d4b" outcome="Passed" testListId="8c84fa94-04c1-424b-9868-57a2d4851a1d" relativeResultsDirectory="fed50015-44fa-406e-b750-e4d7572995b4" />
    <UnitTestResult executionId="b5408778-74af-47ea-893d-5eb307bd263a" testId="e24d5689-eee4-584d-d689-f37fa28a57a6" testName="EnumRoots" computerName="TFSBUILD11" duration="00:00:00.0144565" startTime="2015-09-28T09:43:44.5320835-07:00" endTime="2015-09-28T09:43:44.5477099-07:00" testType="13cdc9d9-ddb5-4fa4-a97d-d965ccfc6d4b" outcome="Passed" testListId="8c84fa94-04c1-424b-9868-57a2d4851a1d" relativeResultsDirectory="b5408778-74af-47ea-893d-5eb307bd263a" />
    <UnitTestResult executionId="af7bfbca-a2d2-4cbb-880f-7404e36d24d5" testId="2ded29f1-7c8d-7e74-47c2-1e5680f8cbe1" testName="EnumParents" computerName="TFSBUILD11" duration="00:00:00.0054911" startTime="2015-09-28T09:43:44.5477099-07:00" endTime="2015-09-28T09:43:44.5633363-07:00" testType="13cdc9d9-ddb5-4fa4-a97d-d965ccfc6d4b" outcome="Passed" testListId="8c84fa94-04c1-424b-9868-57a2d4851a1d" relativeResultsDirectory="af7bfbca-a2d2-4cbb-880f-7404e36d24d5" />
    <UnitTestResult executionId="b0939431-0746-420a-8f91-b2efcd8a9bf3" testId="d6de9cfe-23c9-030c-ec21-aea5e46b07ba" testName="Remove" computerName="TFSBUILD11" duration="00:00:00.0030520" startTime="2015-09-28T09:43:44.5633363-07:00" endTime="2015-09-28T09:43:44.5633363-07:00" testType="13cdc9d9-ddb5-4fa4-a97d-d965ccfc6d4b" outcome="Passed" testListId="8c84fa94-04c1-424b-9868-57a2d4851a1d" relativeResultsDirectory="b0939431-0746-420a-8f91-b2efcd8a9bf3" />
    <UnitTestResult executionId="b63a1297-0613-440f-9894-1cc3590162fe" testId="66349d39-f1ef-d20b-436f-785df287676c" testName="Miscellaneous" computerName="TFSBUILD11" duration="00:00:00.0113621" startTime="2015-09-28T09:43:44.5633363-07:00" endTime="2015-09-28T09:43:44.5789621-07:00" testType="13cdc9d9-ddb5-4fa4-a97d-d965ccfc6d4b" outcome="Passed" testListId="8c84fa94-04c1-424b-9868-57a2d4851a1d" relativeResultsDirectory="b63a1297-0613-440f-9894-1cc3590162fe" />
    <UnitTestResult executionId="2c702971-2b85-4b34-a385-6d607af9f2c6" testId="9830696d-1d98-69bc-d97c-d49254cb9adc" testName="SmokeTest" computerName="TFSBUILD11" duration="00:00:00.0179492" startTime="2015-09-28T09:43:44.5789621-07:00" endTime="2015-09-28T09:43:44.5945888-07:00" testType="13cdc9d9-ddb5-4fa4-a97d-d965ccfc6d4b" outcome="Passed" testListId="8c84fa94-04c1-424b-9868-57a2d4851a1d" relativeResultsDirectory="2c702971-2b85-4b34-a385-6d607af9f2c6" />
    <UnitTestResult executionId="e9b9404b-b057-48e8-bfb0-9136fff6cfc9" testId="724131cc-3dcb-b5cf-670f-f66654349251" testName="LengthPolicyLimitsAmountOfElements" computerName="TFSBUILD11" duration="00:00:00.0005122" startTime="2015-09-28T09:43:44.5945888-07:00" endTime="2015-09-28T09:43:44.5945888-07:00" testType="13cdc9d9-ddb5-4fa4-a97d-d965ccfc6d4b" outcome="Passed" testListId="8c84fa94-04c1-424b-9868-57a2d4851a1d" relativeResultsDirectory="e9b9404b-b057-48e8-bfb0-9136fff6cfc9" />
    <UnitTestResult executionId="538fe3bc-2562-46eb-bf7b-372dc4a9ad1f" testId="c7a00163-1803-b5a3-6240-d5e0f090ae58" testName="SizePolicyLimitsOverallMemoryFootprint" computerName="TFSBUILD11" duration="00:00:00.0015192" startTime="2015-09-28T09:43:44.5945888-07:00" endTime="2015-09-28T09:43:44.5945888-07:00" testType="13cdc9d9-ddb5-4fa4-a97d-d965ccfc6d4b" outcome="Passed" testListId="8c84fa94-04c1-424b-9868-57a2d4851a1d" relativeResultsDirectory="538fe3bc-2562-46eb-bf7b-372dc4a9ad1f" />
    <UnitTestResult executionId="b1347865-ec41-44d7-a329-0d2745f13ae0" testId="b2b65e86-230d-a3ba-a1ec-1155cb6e1bff" testName="LengthLimitIsEnforcedForEmptyCache" computerName="TFSBUILD11" duration="00:00:00.0003683" startTime="2015-09-28T09:43:44.5945888-07:00" endTime="2015-09-28T09:43:44.5945888-07:00" testType="13cdc9d9-ddb5-4fa4-a97d-d965ccfc6d4b" outcome="Passed" testListId="8c84fa94-04c1-424b-9868-57a2d4851a1d" relativeResultsDirectory="b1347865-ec41-44d7-a329-0d2745f13ae0" />
    <UnitTestResult executionId="6acfc3af-e04a-43a7-be83-f21ca75deab1" testId="fad5a714-2504-eb18-0be7-1f3d2d4f8a9e" testName="SizeLimitIsEnforcedForEmptyCache" computerName="TFSBUILD11" duration="00:00:00.0004980" startTime="2015-09-28T09:43:44.5945888-07:00" endTime="2015-09-28T09:43:44.5945888-07:00" testType="13cdc9d9-ddb5-4fa4-a97d-d965ccfc6d4b" outcome="Passed" testListId="8c84fa94-04c1-424b-9868-57a2d4851a1d" relativeResultsDirectory="6acfc3af-e04a-43a7-be83-f21ca75deab1" />
    <UnitTestResult executionId="adf950df-6b7d-41c6-bd9e-5723ffbe1bf7" testId="af81773e-1a9e-a87a-6e34-4804393533aa" testName="QueryingInvalidElementReturnsFalse" computerName="TFSBUILD11" duration="00:00:00.0022473" startTime="2015-09-28T09:43:44.5945888-07:00" endTime="2015-09-28T09:43:44.5945888-07:00" testType="13cdc9d9-ddb5-4fa4-a97d-d965ccfc6d4b" outcome="Passed" testListId="8c84fa94-04c1-424b-9868-57a2d4851a1d" relativeResultsDirectory="adf950df-6b7d-41c6-bd9e-5723ffbe1bf7" />
    <UnitTestResult executionId="5f9bc88c-eec9-4399-9c26-9ffe6da5fe90" testId="aad6cda8-c628-0748-e08b-6227b9eb55c0" testName="CanOverwriteInvalidValue" computerName="TFSBUILD11" duration="00:00:00.0010595" startTime="2015-09-28T09:43:44.5945888-07:00" endTime="2015-09-28T09:43:44.5945888-07:00" testType="13cdc9d9-ddb5-4fa4-a97d-d965ccfc6d4b" outcome="Passed" testListId="8c84fa94-04c1-424b-9868-57a2d4851a1d" relativeResultsDirectory="5f9bc88c-eec9-4399-9c26-9ffe6da5fe90" />
    <UnitTestResult executionId="bb7fa894-7687-4d09-b826-cd61a2f61cb6" testId="b7dc5bbc-c2b1-bce3-c48e-0430c775cb1e" testName="SwipeRemovesInvalidValues" computerName="TFSBUILD11" duration="00:00:00.0007950" startTime="2015-09-28T09:43:44.5945888-07:00" endTime="2015-09-28T09:43:44.6102143-07:00" testType="13cdc9d9-ddb5-4fa4-a97d-d965ccfc6d4b" outcome="Passed" testListId="8c84fa94-04c1-424b-9868-57a2d4851a1d" relativeResultsDirectory="bb7fa894-7687-4d09-b826-cd61a2f61cb6" />
    <UnitTestResult executionId="ccccb459-53ae-4a46-89c4-a2aee5433d4d" testId="08ec1f14-0117-ba5d-9138-f6bb28466c21" testName="PolicyIsNotifiedWhenElementIsReplaced" computerName="TFSBUILD11" duration="00:00:00.1603304" startTime="2015-09-28T09:43:44.6102143-07:00" endTime="2015-09-28T09:43:44.7664760-07:00" testType="13cdc9d9-ddb5-4fa4-a97d-d965ccfc6d4b" outcome="Passed" testListId="8c84fa94-04c1-424b-9868-57a2d4851a1d" relativeResultsDirectory="ccccb459-53ae-4a46-89c4-a2aee5433d4d" />
    <UnitTestResult executionId="b9c8fc03-e569-4702-ae72-de7d1bbbccd7" testId="758cbcfc-116e-14b8-2585-717b8360c0f2" testName="ConstructorValidatesParameters" computerName="TFSBUILD11" duration="00:00:00.0009184" startTime="2015-09-28T09:43:44.7664760-07:00" endTime="2015-09-28T09:43:44.7664760-07:00" testType="13cdc9d9-ddb5-4fa4-a97d-d965ccfc6d4b" outcome="Passed" testListId="8c84fa94-04c1-424b-9868-57a2d4851a1d" relativeResultsDirectory="b9c8fc03-e569-4702-ae72-de7d1bbbccd7" />
    <UnitTestResult executionId="522b2f9e-d341-4234-b631-d84fa304ab3d" testId="c579b9b9-83de-e564-eb89-a00928a51df7" testName="NeedRoomReturnsExpectedValuesWhenPolicyIsInitialized" computerName="TFSBUILD11" duration="00:00:00.0019154" startTime="2015-09-28T09:43:44.7664760-07:00" endTime="2015-09-28T09:43:44.7664760-07:00" testType="13cdc9d9-ddb5-4fa4-a97d-d965ccfc6d4b" outcome="Passed" testListId="8c84fa94-04c1-424b-9868-57a2d4851a1d" relativeResultsDirectory="522b2f9e-d341-4234-b631-d84fa304ab3d" />
    <UnitTestResult executionId="a72828c1-63a8-4cfa-a81d-c03a9e4219b9" testId="1a71bd4d-2a60-d03c-b0ac-3fe8fec909e8" testName="NeedRoomReturnsFalseWithinLimits" computerName="TFSBUILD11" duration="00:00:00.0021156" startTime="2015-09-28T09:43:44.7664760-07:00" endTime="2015-09-28T09:43:44.7664760-07:00" testType="13cdc9d9-ddb5-4fa4-a97d-d965ccfc6d4b" outcome="Passed" testListId="8c84fa94-04c1-424b-9868-57a2d4851a1d" relativeResultsDirectory="a72828c1-63a8-4cfa-a81d-c03a9e4219b9" />
    <UnitTestResult executionId="54dbcbf4-9797-4778-9370-e217b3d54c50" testId="71aa54bf-a8ff-97b9-4cc4-7bc67490c6a9" testName="NeedRoomReturnsTrueOutsideLimits" computerName="TFSBUILD11" duration="00:00:00.0011508" startTime="2015-09-28T09:43:44.7664760-07:00" endTime="2015-09-28T09:43:44.7664760-07:00" testType="13cdc9d9-ddb5-4fa4-a97d-d965ccfc6d4b" outcome="Passed" testListId="8c84fa94-04c1-424b-9868-57a2d4851a1d" relativeResultsDirectory="54dbcbf4-9797-4778-9370-e217b3d54c50" />
    <UnitTestResult executionId="849292b6-bde4-4a14-a37d-236cdd510e6c" testId="79422e7a-8bba-a1ca-cd40-04ff59e3adde" testName="NotificationsUpdatePolicyState" computerName="TFSBUILD11" duration="00:00:00.0083299" startTime="2015-09-28T09:43:44.7664760-07:00" endTime="2015-09-28T09:43:44.7821016-07:00" testType="13cdc9d9-ddb5-4fa4-a97d-d965ccfc6d4b" outcome="Passed" testListId="8c84fa94-04c1-424b-9868-57a2d4851a1d" relativeResultsDirectory="849292b6-bde4-4a14-a37d-236cdd510e6c" />
    <UnitTestResult executionId="4923065b-df12-4b02-9f2b-0c2846766a12" testId="1e399394-dec7-4235-c46d-2316bdbb535d" testName="NotificationsThrowIfContractIsViolated" computerName="TFSBUILD11" duration="00:00:00.0017703" startTime="2015-09-28T09:43:44.7821016-07:00" endTime="2015-09-28T09:43:44.7821016-07:00" testType="13cdc9d9-ddb5-4fa4-a97d-d965ccfc6d4b" outcome="Passed" testListId="8c84fa94-04c1-424b-9868-57a2d4851a1d" relativeResultsDirectory="4923065b-df12-4b02-9f2b-0c2846766a12" />
    <UnitTestResult executionId="2348ace1-8914-4e9b-bd1e-2fd9010c2c21" testId="8d9181bd-c321-dcdf-156d-9d824aa99b3e" testName="LengthLimitMayBeAdjusted" computerName="TFSBUILD11" duration="00:00:00.0017382" startTime="2015-09-28T09:43:44.7821016-07:00" endTime="2015-09-28T09:43:44.7821016-07:00" testType="13cdc9d9-ddb5-4fa4-a97d-d965ccfc6d4b" outcome="Passed" testListId="8c84fa94-04c1-424b-9868-57a2d4851a1d" relativeResultsDirectory="2348ace1-8914-4e9b-bd1e-2fd9010c2c21" />
    <UnitTestResult executionId="960f1f74-d62f-4a91-a0f6-f34777fec78d" testId="78030367-dbb1-9da7-f11c-e9f89a616928" testName="SizeLimitMayBeAdjusted" computerName="TFSBUILD11" duration="00:00:00.0020053" startTime="2015-09-28T09:43:44.7821016-07:00" endTime="2015-09-28T09:43:44.7821016-07:00" testType="13cdc9d9-ddb5-4fa4-a97d-d965ccfc6d4b" outcome="Passed" testListId="8c84fa94-04c1-424b-9868-57a2d4851a1d" relativeResultsDirectory="960f1f74-d62f-4a91-a0f6-f34777fec78d" />
    <UnitTestResult executionId="2bd86a68-dac7-411e-a0fd-bc07a0ebf6d6" testId="adb671da-0b3f-5015-5a8d-149c34335f44" testName="InitialCacheSizeIsZero" computerName="TFSBUILD11" duration="00:00:00.0003640" startTime="2015-09-28T09:43:44.7821016-07:00" endTime="2015-09-28T09:43:44.7821016-07:00" testType="13cdc9d9-ddb5-4fa4-a97d-d965ccfc6d4b" outcome="Passed" testListId="8c84fa94-04c1-424b-9868-57a2d4851a1d" relativeResultsDirectory="2bd86a68-dac7-411e-a0fd-bc07a0ebf6d6" />
    <UnitTestResult executionId="d9068e10-893c-42ba-95f0-819da040004a" testId="b16b8339-b54a-5900-14c2-050e82023768" testName="AddingElementIncreasesCacheSize" computerName="TFSBUILD11" duration="00:00:00.0002295" startTime="2015-09-28T09:43:44.7821016-07:00" endTime="2015-09-28T09:43:44.7821016-07:00" testType="13cdc9d9-ddb5-4fa4-a97d-d965ccfc6d4b" outcome="Passed" testListId="8c84fa94-04c1-424b-9868-57a2d4851a1d" relativeResultsDirectory="d9068e10-893c-42ba-95f0-819da040004a" />
    <UnitTestResult executionId="2e098a00-e5be-4ced-974c-018ec0a682ad" testId="1f991548-1a3f-fb98-643d-5aa2081b6575" testName="AddingMultipleElementsIncreasesCacheSize" computerName="TFSBUILD11" duration="00:00:00.0002699" startTime="2015-09-28T09:43:44.7821016-07:00" endTime="2015-09-28T09:43:44.7821016-07:00" testType="13cdc9d9-ddb5-4fa4-a97d-d965ccfc6d4b" outcome="Passed" testListId="8c84fa94-04c1-424b-9868-57a2d4851a1d" relativeResultsDirectory="2e098a00-e5be-4ced-974c-018ec0a682ad" />
    <UnitTestResult executionId="cd537c3e-9fcd-45ff-a835-7899c84b9b04" testId="bbedeced-63ce-10c5-d8b6-11d9f229d1f3" testName="UpdatingElementKeepsCacheSize" computerName="TFSBUILD11" duration="00:00:00.0003020" startTime="2015-09-28T09:43:44.7821016-07:00" endTime="2015-09-28T09:43:44.7821016-07:00" testType="13cdc9d9-ddb5-4fa4-a97d-d965ccfc6d4b" outcome="Passed" testListId="8c84fa94-04c1-424b-9868-57a2d4851a1d" relativeResultsDirectory="cd537c3e-9fcd-45ff-a835-7899c84b9b04" />
    <UnitTestResult executionId="58f22889-acd9-403c-a241-9bfe2cacf99f" testId="132208a3-d3eb-815f-90a3-5998dd7e6f2a" testName="DeletingElementDecreasesCacheSize" computerName="TFSBUILD11" duration="00:00:00.0004573" startTime="2015-09-28T09:43:44.7821016-07:00" endTime="2015-09-28T09:43:44.7821016-07:00" testType="13cdc9d9-ddb5-4fa4-a97d-d965ccfc6d4b" outcome="Passed" testListId="8c84fa94-04c1-424b-9868-57a2d4851a1d" relativeResultsDirectory="58f22889-acd9-403c-a241-9bfe2cacf99f" />
    <UnitTestResult executionId="89c3a8a4-b875-4a5d-84c2-c0282b8ecebf" testId="317b1fdb-a976-82be-97a4-57ec6889e5df" testName="ClearingElementsResetsCacheSize" computerName="TFSBUILD11" duration="00:00:00.0003697" startTime="2015-09-28T09:43:44.7821016-07:00" endTime="2015-09-28T09:43:44.7821016-07:00" testType="13cdc9d9-ddb5-4fa4-a97d-d965ccfc6d4b" outcome="Passed" testListId="8c84fa94-04c1-424b-9868-57a2d4851a1d" relativeResultsDirectory="89c3a8a4-b875-4a5d-84c2-c0282b8ecebf" />
    <UnitTestResult executionId="78495326-4e17-4d3a-8c0c-b55d92fffd0b" testId="c19d9445-04c8-a156-769e-d05dabe5497e" testName="ElementsMayBeAdded" computerName="TFSBUILD11" duration="00:00:00.0001535" startTime="2015-09-28T09:43:44.7821016-07:00" endTime="2015-09-28T09:43:44.7821016-07:00" testType="13cdc9d9-ddb5-4fa4-a97d-d965ccfc6d4b" outcome="Passed" testListId="8c84fa94-04c1-424b-9868-57a2d4851a1d" relativeResultsDirectory="78495326-4e17-4d3a-8c0c-b55d92fffd0b" />
    <UnitTestResult executionId="290af267-00de-4c11-8da1-3545423ccd65" testId="88443a98-a9eb-b7f0-e6f9-033cede707d5" testName="DuplicatedKeysAreRejected" computerName="TFSBUILD11" duration="00:00:00.0001590" startTime="2015-09-28T09:43:44.7821016-07:00" endTime="2015-09-28T09:43:44.7821016-07:00" testType="13cdc9d9-ddb5-4fa4-a97d-d965ccfc6d4b" outcome="Passed" testListId="8c84fa94-04c1-424b-9868-57a2d4851a1d" relativeResultsDirectory="290af267-00de-4c11-8da1-3545423ccd65" />
    <UnitTestResult executionId="d957fed9-73e5-4b49-bb70-0d6161713372" testId="567fdd81-b9f6-55a3-740b-b47dcdb25120" testName="ValueMayBeOverwritten" computerName="TFSBUILD11" duration="00:00:00.0002022" startTime="2015-09-28T09:43:44.7821016-07:00" endTime="2015-09-28T09:43:44.7821016-07:00" testType="13cdc9d9-ddb5-4fa4-a97d-d965ccfc6d4b" outcome="Passed" testListId="8c84fa94-04c1-424b-9868-57a2d4851a1d" relativeResultsDirectory="d957fed9-73e5-4b49-bb70-0d6161713372" />
    <UnitTestResult executionId="3a1e72e8-39b2-4ffd-957d-6f77e5737059" testId="1112323e-7da3-a99f-9d2c-cb5f26390564" testName="CanAddValueAfterItWasRemoved" computerName="TFSBUILD11" duration="00:00:00.0004610" startTime="2015-09-28T09:43:44.7821016-07:00" endTime="2015-09-28T09:43:44.7821016-07:00" testType="13cdc9d9-ddb5-4fa4-a97d-d965ccfc6d4b" outcome="Passed" testListId="8c84fa94-04c1-424b-9868-57a2d4851a1d" relativeResultsDirectory="3a1e72e8-39b2-4ffd-957d-6f77e5737059" />
    <UnitTestResult executionId="852a87ac-e996-4c4b-8d33-25203ad723ce" testId="fc22c72b-17ce-775d-ae8f-3681571b2869" testName="CanAddValueAfterItWasCleared" computerName="TFSBUILD11" duration="00:00:00.0002824" startTime="2015-09-28T09:43:44.7821016-07:00" endTime="2015-09-28T09:43:44.7977280-07:00" testType="13cdc9d9-ddb5-4fa4-a97d-d965ccfc6d4b" outcome="Passed" testListId="8c84fa94-04c1-424b-9868-57a2d4851a1d" relativeResultsDirectory="852a87ac-e996-4c4b-8d33-25203ad723ce" />
    <UnitTestResult executionId="d4d1eff6-77e7-423b-b623-83f8223693da" testId="a1fd0619-3e4e-940c-ee1a-15c1295a0250" testName="AddingValueWithOverwriteIsAllowed" computerName="TFSBUILD11" duration="00:00:00.0001544" startTime="2015-09-28T09:43:44.7977280-07:00" endTime="2015-09-28T09:43:44.7977280-07:00" testType="13cdc9d9-ddb5-4fa4-a97d-d965ccfc6d4b" outcome="Passed" testListId="8c84fa94-04c1-424b-9868-57a2d4851a1d" relativeResultsDirectory="d4d1eff6-77e7-423b-b623-83f8223693da" />
    <UnitTestResult executionId="7dc67c41-9e98-43d7-802a-2f40c958e48a" testId="54e97e5b-924c-f07f-f479-899cdc85e2da" testName="CanAddNullValues" computerName="TFSBUILD11" duration="00:00:00.0000967" startTime="2015-09-28T09:43:44.7977280-07:00" endTime="2015-09-28T09:43:44.7977280-07:00" testType="13cdc9d9-ddb5-4fa4-a97d-d965ccfc6d4b" outcome="Passed" testListId="8c84fa94-04c1-424b-9868-57a2d4851a1d" relativeResultsDirectory="7dc67c41-9e98-43d7-802a-2f40c958e48a" />
    <UnitTestResult executionId="058d6d25-09b4-482e-9a55-ec41cc4c01a7" testId="704acfa0-ea3a-52c7-f4ae-aa2906c56db0" testName="CanRetrieveValueAfterAddingIt" computerName="TFSBUILD11" duration="00:00:00.0002096" startTime="2015-09-28T09:43:44.7977280-07:00" endTime="2015-09-28T09:43:44.7977280-07:00" testType="13cdc9d9-ddb5-4fa4-a97d-d965ccfc6d4b" outcome="Passed" testListId="8c84fa94-04c1-424b-9868-57a2d4851a1d" relativeResultsDirectory="058d6d25-09b4-482e-9a55-ec41cc4c01a7" />
    <UnitTestResult executionId="eedd3687-6a38-4a2d-a714-8de618bfc8f5" testId="1ecd3ddd-58f8-c60f-38a2-0dfea56bce1c" testName="CanRetrieveValueAfterTheFailedAdd" computerName="TFSBUILD11" duration="00:00:00.0002596" startTime="2015-09-28T09:43:44.7977280-07:00" endTime="2015-09-28T09:43:44.7977280-07:00" testType="13cdc9d9-ddb5-4fa4-a97d-d965ccfc6d4b" outcome="Passed" testListId="8c84fa94-04c1-424b-9868-57a2d4851a1d" relativeResultsDirectory="eedd3687-6a38-4a2d-a714-8de618bfc8f5" />
    <UnitTestResult executionId="b608ba2a-e80d-4aa5-84f0-9cdb504afb40" testId="c9a9e4f8-9eb4-2ad7-9e08-fa4413debe5c" testName="CanRetrieveValueAfterItWasUpdated" computerName="TFSBUILD11" duration="00:00:00.0002568" startTime="2015-09-28T09:43:44.7977280-07:00" endTime="2015-09-28T09:43:44.7977280-07:00" testType="13cdc9d9-ddb5-4fa4-a97d-d965ccfc6d4b" outcome="Passed" testListId="8c84fa94-04c1-424b-9868-57a2d4851a1d" relativeResultsDirectory="b608ba2a-e80d-4aa5-84f0-9cdb504afb40" />
    <UnitTestResult executionId="5f83bc9b-29f9-4bd8-afad-c36bcaf09913" testId="e89cdfd4-ddfb-f7b5-1707-4850bc58f0a3" testName="CannnotRetrieveValueAfterItIsRemoved" computerName="TFSBUILD11" duration="00:00:00.0005398" startTime="2015-09-28T09:43:44.7977280-07:00" endTime="2015-09-28T09:43:44.7977280-07:00" testType="13cdc9d9-ddb5-4fa4-a97d-d965ccfc6d4b" outcome="Passed" testListId="8c84fa94-04c1-424b-9868-57a2d4851a1d" relativeResultsDirectory="5f83bc9b-29f9-4bd8-afad-c36bcaf09913" />
    <UnitTestResult executionId="c68be90a-660a-4cbd-a6a8-b33a8a6b068e" testId="61cb2300-5a93-4381-75a4-82ee3449252f" testName="CannnotRetrieveValueAfterCacheIsCleared" computerName="TFSBUILD11" duration="00:00:00.0003985" startTime="2015-09-28T09:43:44.7977280-07:00" endTime="2015-09-28T09:43:44.7977280-07:00" testType="13cdc9d9-ddb5-4fa4-a97d-d965ccfc6d4b" outcome="Passed" testListId="8c84fa94-04c1-424b-9868-57a2d4851a1d" relativeResultsDirectory="c68be90a-660a-4cbd-a6a8-b33a8a6b068e" />
    <UnitTestResult executionId="3ddb5ef5-6cc7-4dfb-9509-4f19bd67e8e7" testId="eeba02e8-fa52-eaef-5b49-9af911e8e928" testName="CanRemoveValue" computerName="TFSBUILD11" duration="00:00:00.0003359" startTime="2015-09-28T09:43:44.7977280-07:00" endTime="2015-09-28T09:43:44.7977280-07:00" testType="13cdc9d9-ddb5-4fa4-a97d-d965ccfc6d4b" outcome="Passed" testListId="8c84fa94-04c1-424b-9868-57a2d4851a1d" relativeResultsDirectory="3ddb5ef5-6cc7-4dfb-9509-4f19bd67e8e7" />
    <UnitTestResult executionId="bea4c4b2-ba75-4099-96d3-dadb152b8695" testId="cc246478-ab17-0bd8-b2f4-47a197dd71aa" testName="CannotRemoveValueAfterItIsAlreadyRemoved" computerName="TFSBUILD11" duration="00:00:00.0005833" startTime="2015-09-28T09:43:44.7977280-07:00" endTime="2015-09-28T09:43:44.7977280-07:00" testType="13cdc9d9-ddb5-4fa4-a97d-d965ccfc6d4b" outcome="Passed" testListId="8c84fa94-04c1-424b-9868-57a2d4851a1d" relativeResultsDirectory="bea4c4b2-ba75-4099-96d3-dadb152b8695" />
    <UnitTestResult executionId="d4d7ae0d-f457-44d6-b2d0-73b860e83d31" testId="ba8d687f-dde2-88d1-88c4-f116e8abf072" testName="CannotRemoveValueAfterCacheIsCleared" computerName="TFSBUILD11" duration="00:00:00.0004465" startTime="2015-09-28T09:43:44.7977280-07:00" endTime="2015-09-28T09:43:44.7977280-07:00" testType="13cdc9d9-ddb5-4fa4-a97d-d965ccfc6d4b" outcome="Passed" testListId="8c84fa94-04c1-424b-9868-57a2d4851a1d" relativeResultsDirectory="d4d7ae0d-f457-44d6-b2d0-73b860e83d31" />
    <UnitTestResult executionId="0c5b3af0-a539-464d-850f-b12af85f76b5" testId="e05edd6b-ceb7-bffe-5259-f915352d1a27" testName="CanClearCache" computerName="TFSBUILD11" duration="00:00:00.0003382" startTime="2015-09-28T09:43:44.7977280-07:00" endTime="2015-09-28T09:43:44.7977280-07:00" testType="13cdc9d9-ddb5-4fa4-a97d-d965ccfc6d4b" outcome="Passed" testListId="8c84fa94-04c1-424b-9868-57a2d4851a1d" relativeResultsDirectory="0c5b3af0-a539-464d-850f-b12af85f76b5" />
    <UnitTestResult executionId="8b792cbc-ed38-4f44-9bbe-b915792c0fc3" testId="9d8fa837-37a8-c6a3-4b57-f53ea82ad9ad" testName="VaidateNotificationsForFailedGet" computerName="TFSBUILD11" duration="00:00:00.0264120" startTime="2015-09-28T09:43:44.7977280-07:00" endTime="2015-09-28T09:43:44.8289802-07:00" testType="13cdc9d9-ddb5-4fa4-a97d-d965ccfc6d4b" outcome="Passed" testListId="8c84fa94-04c1-424b-9868-57a2d4851a1d" relativeResultsDirectory="8b792cbc-ed38-4f44-9bbe-b915792c0fc3" />
    <UnitTestResult executionId="1acc82e3-4911-4b52-8437-a52f2a5c99dd" testId="3dcb859e-ce02-3297-f457-5d01cd181dfa" testName="VaidateNotificationsForSucceededGet" computerName="TFSBUILD11" duration="00:00:00.0208471" startTime="2015-09-28T09:43:44.8289802-07:00" endTime="2015-09-28T09:43:44.8446066-07:00" testType="13cdc9d9-ddb5-4fa4-a97d-d965ccfc6d4b" outcome="Passed" testListId="8c84fa94-04c1-424b-9868-57a2d4851a1d" relativeResultsDirectory="1acc82e3-4911-4b52-8437-a52f2a5c99dd" />
    <UnitTestResult executionId="67a8cc4d-b836-4e1b-aa9b-ec43292cfc5d" testId="d9cf35bd-a4fe-d10c-eeb2-36d855d0f508" testName="VaidateNotificationsForFailedAdd" computerName="TFSBUILD11" duration="00:00:00.0109778" startTime="2015-09-28T09:43:44.8446066-07:00" endTime="2015-09-28T09:43:44.8602321-07:00" testType="13cdc9d9-ddb5-4fa4-a97d-d965ccfc6d4b" outcome="Passed" testListId="8c84fa94-04c1-424b-9868-57a2d4851a1d" relativeResultsDirectory="67a8cc4d-b836-4e1b-aa9b-ec43292cfc5d" />
    <UnitTestResult executionId="17887c26-523c-4622-9a3d-ac74731154de" testId="cc0ed2aa-8e4c-dbe4-1aee-16ce1610d5d9" testName="VaidateNotificationsForSucceededAdd" computerName="TFSBUILD11" duration="00:00:00.0106054" startTime="2015-09-28T09:43:44.8602321-07:00" endTime="2015-09-28T09:43:44.8602321-07:00" testType="13cdc9d9-ddb5-4fa4-a97d-d965ccfc6d4b" outcome="Passed" testListId="8c84fa94-04c1-424b-9868-57a2d4851a1d" relativeResultsDirectory="17887c26-523c-4622-9a3d-ac74731154de" />
    <UnitTestResult executionId="1543c7d5-a367-4003-a5e6-c7817b84fb9a" testId="76c96252-c444-84c8-3fc8-1db02e9fd48d" testName="VaidateNotificationsForUpdate" computerName="TFSBUILD11" duration="00:00:00.0127769" startTime="2015-09-28T09:43:44.8602321-07:00" endTime="2015-09-28T09:43:44.8758582-07:00" testType="13cdc9d9-ddb5-4fa4-a97d-d965ccfc6d4b" outcome="Passed" testListId="8c84fa94-04c1-424b-9868-57a2d4851a1d" relativeResultsDirectory="1543c7d5-a367-4003-a5e6-c7817b84fb9a" />
    <UnitTestResult executionId="b328f076-bab9-4a06-b6ae-d4232f0efa68" testId="a8be1b78-b940-9f9c-4fb4-8b9a6e80a3cc" testName="VaidateNotificationsForSucceededRemove" computerName="TFSBUILD11" duration="00:00:00.0112597" startTime="2015-09-28T09:43:44.8758582-07:00" endTime="2015-09-28T09:43:44.8914846-07:00" testType="13cdc9d9-ddb5-4fa4-a97d-d965ccfc6d4b" outcome="Passed" testListId="8c84fa94-04c1-424b-9868-57a2d4851a1d" relativeResultsDirectory="b328f076-bab9-4a06-b6ae-d4232f0efa68" />
    <UnitTestResult executionId="f41c812b-72b8-4eda-86fd-16aa16f7cbf0" testId="d47d6d0b-127a-82d1-036d-9c9f3c0e7de8" testName="VaidateNotificationsForFailedRemove" computerName="TFSBUILD11" duration="00:00:00.0104245" startTime="2015-09-28T09:43:44.8914846-07:00" endTime="2015-09-28T09:43:44.9071113-07:00" testType="13cdc9d9-ddb5-4fa4-a97d-d965ccfc6d4b" outcome="Passed" testListId="8c84fa94-04c1-424b-9868-57a2d4851a1d" relativeResultsDirectory="f41c812b-72b8-4eda-86fd-16aa16f7cbf0" />
    <UnitTestResult executionId="65e3ccd9-cfb2-498b-91ed-eb49d23f6278" testId="88e1d648-1861-cd47-f67e-6a61e8f1f7ed" testName="VaidateNotificationsForClear" computerName="TFSBUILD11" duration="00:00:00.0117600" startTime="2015-09-28T09:43:44.9071113-07:00" endTime="2015-09-28T09:43:44.9071113-07:00" testType="13cdc9d9-ddb5-4fa4-a97d-d965ccfc6d4b" outcome="Passed" testListId="8c84fa94-04c1-424b-9868-57a2d4851a1d" relativeResultsDirectory="65e3ccd9-cfb2-498b-91ed-eb49d23f6278" />
    <UnitTestResult executionId="cd9c7c98-dad6-4126-bdc9-b7194d1e6065" testId="5ae67603-e08d-d9ab-e52b-c19ccb4d580e" testName="ValidateNotificationsForAddingInvalidValues" computerName="TFSBUILD11" duration="00:00:00.0094904" startTime="2015-09-28T09:43:44.9071113-07:00" endTime="2015-09-28T09:43:44.9227366-07:00" testType="13cdc9d9-ddb5-4fa4-a97d-d965ccfc6d4b" outcome="Passed" testListId="8c84fa94-04c1-424b-9868-57a2d4851a1d" relativeResultsDirectory="cd9c7c98-dad6-4126-bdc9-b7194d1e6065" />
    <UnitTestResult executionId="408b1fd1-1436-40ba-8bd4-9aae1f8bd799" testId="e43a6cf2-6964-5d4d-9dfc-72c83add16b2" testName="ValidateNotificationsForUpdatingInvalidValues" computerName="TFSBUILD11" duration="00:00:00.0107516" startTime="2015-09-28T09:43:44.9227366-07:00" endTime="2015-09-28T09:43:44.9383635-07:00" testType="13cdc9d9-ddb5-4fa4-a97d-d965ccfc6d4b" outcome="Passed" testListId="8c84fa94-04c1-424b-9868-57a2d4851a1d" relativeResultsDirectory="408b1fd1-1436-40ba-8bd4-9aae1f8bd799" />
    <UnitTestResult executionId="4257d102-f89f-4252-b539-d790c9356e62" testId="de04fc6e-783f-1f9b-c764-0382293ff43d" testName="ValidateNotificationsForQueringInvalidValues" computerName="TFSBUILD11" duration="00:00:00.0115438" startTime="2015-09-28T09:43:44.9383635-07:00" endTime="2015-09-28T09:43:44.9383635-07:00" testType="13cdc9d9-ddb5-4fa4-a97d-d965ccfc6d4b" outcome="Passed" testListId="8c84fa94-04c1-424b-9868-57a2d4851a1d" relativeResultsDirectory="4257d102-f89f-4252-b539-d790c9356e62" />
    <UnitTestResult executionId="4346058c-355e-4709-8125-7c25641bbde5" testId="8572b731-320b-9ea9-0f86-7705ee15c9d5" testName="ValidateNotificationsForSwipingInvalidValues" computerName="TFSBUILD11" duration="00:00:00.0128884" startTime="2015-09-28T09:43:44.9383635-07:00" endTime="2015-09-28T09:43:44.9539885-07:00" testType="13cdc9d9-ddb5-4fa4-a97d-d965ccfc6d4b" outcome="Passed" testListId="8c84fa94-04c1-424b-9868-57a2d4851a1d" relativeResultsDirectory="4346058c-355e-4709-8125-7c25641bbde5" />
    <UnitTestResult executionId="fbc7ed7e-b31a-4b5c-bf44-7d6a0ccece32" testId="10878930-6f54-1483-8e55-da26c660fe21" testName="ValidateNotificationsForEvictingInvalidValues" computerName="TFSBUILD11" duration="00:00:00.0038297" startTime="2015-09-28T09:43:44.9539885-07:00" endTime="2015-09-28T09:43:44.9696149-07:00" testType="13cdc9d9-ddb5-4fa4-a97d-d965ccfc6d4b" outcome="Passed" testListId="8c84fa94-04c1-424b-9868-57a2d4851a1d" relativeResultsDirectory="fbc7ed7e-b31a-4b5c-bf44-7d6a0ccece32" />
    <UnitTestResult executionId="398fa482-ba60-4b72-a2d4-32e2ea2b186d" testId="870b698e-95a3-ecf8-6855-28ffc501f01b" testName="ValidateNotificationsForEvictingValidValues" computerName="TFSBUILD11" duration="00:00:00.0034861" startTime="2015-09-28T09:43:44.9696149-07:00" endTime="2015-09-28T09:43:44.9696149-07:00" testType="13cdc9d9-ddb5-4fa4-a97d-d965ccfc6d4b" outcome="Passed" testListId="8c84fa94-04c1-424b-9868-57a2d4851a1d" relativeResultsDirectory="398fa482-ba60-4b72-a2d4-32e2ea2b186d" />
    <UnitTestResult executionId="38d90fee-5ae2-4379-a156-1d74e9bf32cd" testId="69d9dc41-b9fb-4dcd-704d-5355d2cba059" testName="ValidateNotificationsForEvictingVeryLargeValue" computerName="TFSBUILD11" duration="00:00:00.0032179" startTime="2015-09-28T09:43:44.9696149-07:00" endTime="2015-09-28T09:43:44.9696149-07:00" testType="13cdc9d9-ddb5-4fa4-a97d-d965ccfc6d4b" outcome="Passed" testListId="8c84fa94-04c1-424b-9868-57a2d4851a1d" relativeResultsDirectory="38d90fee-5ae2-4379-a156-1d74e9bf32cd" />
    <UnitTestResult executionId="11294590-056f-4126-8477-973b23a23c4d" testId="91e533f3-176f-364c-49a7-315bffb6fde2" testName="ItemsAreNotEvictedAfterCacheIsExpanded" computerName="TFSBUILD11" duration="00:00:00.0011261" startTime="2015-09-28T09:43:44.9696149-07:00" endTime="2015-09-28T09:43:44.9696149-07:00" testType="13cdc9d9-ddb5-4fa4-a97d-d965ccfc6d4b" outcome="Passed" testListId="8c84fa94-04c1-424b-9868-57a2d4851a1d" relativeResultsDirectory="11294590-056f-4126-8477-973b23a23c4d" />
    <UnitTestResult executionId="e760922b-f37f-47e2-811c-ffb6b5802db7" testId="31c6cb22-5b1d-1a51-039a-2d5235b7b750" testName="ItemsAreEvictedAfterCacheIsShrunk" computerName="TFSBUILD11" duration="00:00:00.0012916" startTime="2015-09-28T09:43:44.9696149-07:00" endTime="2015-09-28T09:43:44.9696149-07:00" testType="13cdc9d9-ddb5-4fa4-a97d-d965ccfc6d4b" outcome="Passed" testListId="8c84fa94-04c1-424b-9868-57a2d4851a1d" relativeResultsDirectory="e760922b-f37f-47e2-811c-ffb6b5802db7" />
    <UnitTestResult executionId="ca49d759-d34d-49f1-8be8-7584964d3718" testId="f4a35e57-f4b4-651d-047b-84794d984704" testName="AllItemsAreEvictedIfCacheLengthIsSetToZero" computerName="TFSBUILD11" duration="00:00:00.0013348" startTime="2015-09-28T09:43:44.9696149-07:00" endTime="2015-09-28T09:43:44.9696149-07:00" testType="13cdc9d9-ddb5-4fa4-a97d-d965ccfc6d4b" outcome="Passed" testListId="8c84fa94-04c1-424b-9868-57a2d4851a1d" relativeResultsDirectory="ca49d759-d34d-49f1-8be8-7584964d3718" />
    <UnitTestResult executionId="a8873d5a-3a2d-4fdd-96f9-d27ed9eca00d" testId="8bf62e66-b052-518b-4714-013b6b813d98" testName="SettingCacheLimitToNegativeValueThrowsException" computerName="TFSBUILD11" duration="00:00:00.0003481" startTime="2015-09-28T09:43:44.9696149-07:00" endTime="2015-09-28T09:43:44.9696149-07:00" testType="13cdc9d9-ddb5-4fa4-a97d-d965ccfc6d4b" outcome="Passed" testListId="8c84fa94-04c1-424b-9868-57a2d4851a1d" relativeResultsDirectory="a8873d5a-3a2d-4fdd-96f9-d27ed9eca00d" />
  </Results>
  <TestDefinitions>
    <UnitTest name="DeleteDirectoryBasics" storage="d:\v2.0\a1\_work\dbded102\bin\release.anycpu\vssf.client\ms.tf.common.l0.tests\ms.tf.common.l0.tests.dll" priority="1" id="33973082-de47-bc5b-0d09-0846918ee859">
      <Owners>
        <Owner name="jpricket" />
      </Owners>
      <Execution id="b35e0f09-be33-4e4b-8b30-fcb18ded99e6" />
      <TestMethod codeBase="D:\v2.0\A1\_work\dbded102\bin\Release.AnyCPU\Vssf.Client\MS.TF.Common.L0.Tests\MS.TF.Common.L0.Tests.dll" adapterTypeName="Microsoft.VisualStudio.TestTools.TestTypes.Unit.UnitTestAdapter" className="MS.VS.Services.TFCommon.L0.Tests.FileSpecTests" name="DeleteDirectoryBasics" />
    </UnitTest>
    <UnitTest name="DeleteDirectoryInvalidPath" storage="d:\v2.0\a1\_work\dbded102\bin\release.anycpu\vssf.client\ms.tf.common.l0.tests\ms.tf.common.l0.tests.dll" priority="1" id="f345960d-f72b-6329-2c71-acf8b3e4e100">
      <Owners>
        <Owner name="jpricket" />
      </Owners>
      <Execution id="e4e88349-818f-45b5-8dae-b8ab97954c79" />
      <TestMethod codeBase="D:\v2.0\A1\_work\dbded102\bin\Release.AnyCPU\Vssf.Client\MS.TF.Common.L0.Tests\MS.TF.Common.L0.Tests.dll" adapterTypeName="Microsoft.VisualStudio.TestTools.TestTypes.Unit.UnitTestAdapter" className="MS.VS.Services.TFCommon.L0.Tests.FileSpecTests" name="DeleteDirectoryInvalidPath" />
    </UnitTest>
    <UnitTest name="DeleteDirectoryWithReadOnlyFile" storage="d:\v2.0\a1\_work\dbded102\bin\release.anycpu\vssf.client\ms.tf.common.l0.tests\ms.tf.common.l0.tests.dll" priority="1" id="21fc25d4-cf24-3722-d91e-b53b89625c56">
      <Owners>
        <Owner name="jpricket" />
      </Owners>
      <Execution id="717922e3-bebf-4999-ad62-5aafc9ec16c3" />
      <TestMethod codeBase="D:\v2.0\A1\_work\dbded102\bin\Release.AnyCPU\Vssf.Client\MS.TF.Common.L0.Tests\MS.TF.Common.L0.Tests.dll" adapterTypeName="Microsoft.VisualStudio.TestTools.TestTypes.Unit.UnitTestAdapter" className="MS.VS.Services.TFCommon.L0.Tests.FileSpecTests" name="DeleteDirectoryWithReadOnlyFile" />
    </UnitTest>
    <UnitTest name="DeleteDirectoryTraversingJunctionPoint" storage="d:\v2.0\a1\_work\dbded102\bin\release.anycpu\vssf.client\ms.tf.common.l0.tests\ms.tf.common.l0.tests.dll" priority="1" id="7c99b21f-8765-e0fb-0cad-f6146a240ec2">
      <Owners>
        <Owner name="jpricket" />
      </Owners>
      <Execution id="c3caa7e4-e68d-443c-85ad-2935802f4a51" />
      <TestMethod codeBase="D:\v2.0\A1\_work\dbded102\bin\Release.AnyCPU\Vssf.Client\MS.TF.Common.L0.Tests\MS.TF.Common.L0.Tests.dll" adapterTypeName="Microsoft.VisualStudio.TestTools.TestTypes.Unit.UnitTestAdapter" className="MS.VS.Services.TFCommon.L0.Tests.FileSpecTests" name="DeleteDirectoryTraversingJunctionPoint" />
    </UnitTest>
    <UnitTest name="DeleteDirectoryWithJunctionPoint" storage="d:\v2.0\a1\_work\dbded102\bin\release.anycpu\vssf.client\ms.tf.common.l0.tests\ms.tf.common.l0.tests.dll" priority="1" id="a3db556a-0426-34c3-1764-2bbd216d6167">
      <Owners>
        <Owner name="jpricket" />
      </Owners>
      <Execution id="16c88f05-db50-406e-81e0-fcda25586e59" />
      <TestMethod codeBase="D:\v2.0\A1\_work\dbded102\bin\Release.AnyCPU\Vssf.Client\MS.TF.Common.L0.Tests\MS.TF.Common.L0.Tests.dll" adapterTypeName="Microsoft.VisualStudio.TestTools.TestTypes.Unit.UnitTestAdapter" className="MS.VS.Services.TFCommon.L0.Tests.FileSpecTests" name="DeleteDirectoryWithJunctionPoint" />
    </UnitTest>
    <UnitTest name="DeleteDirectoryLongPath" storage="d:\v2.0\a1\_work\dbded102\bin\release.anycpu\vssf.client\ms.tf.common.l0.tests\ms.tf.common.l0.tests.dll" priority="1" id="658ed715-1221-dbbe-d126-d17d3ef8f608">
      <Owners>
        <Owner name="jpricket" />
      </Owners>
      <Execution id="b73cf9fd-7090-4e8a-89ae-34152d89fa45" />
      <TestMethod codeBase="D:\v2.0\A1\_work\dbded102\bin\Release.AnyCPU\Vssf.Client\MS.TF.Common.L0.Tests\MS.TF.Common.L0.Tests.dll" adapterTypeName="Microsoft.VisualStudio.TestTools.TestTypes.Unit.UnitTestAdapter" className="MS.VS.Services.TFCommon.L0.Tests.FileSpecTests" name="DeleteDirectoryLongPath" />
    </UnitTest>
    <UnitTest name="EnumSubTree" storage="d:\v2.0\a1\_work\dbded102\bin\release.anycpu\vssf.client\ms.tf.common.l0.tests\ms.tf.common.l0.tests.dll" priority="1" id="8ba23c40-6ca5-59bc-beba-364eeb29960d">
      <Owners>
        <Owner name="phkelley" />
      </Owners>
      <Execution id="fed50015-44fa-406e-b750-e4d7572995b4" />
      <TestMethod codeBase="D:\v2.0\A1\_work\dbded102\bin\Release.AnyCPU\Vssf.Client\MS.TF.Common.L0.Tests\MS.TF.Common.L0.Tests.dll" adapterTypeName="Microsoft.VisualStudio.TestTools.TestTypes.Unit.UnitTestAdapter" className="MS.VS.Services.TFCommon.L0.Tests.PathTableTests" name="EnumSubTree" />
    </UnitTest>
    <UnitTest name="EnumRoots" storage="d:\v2.0\a1\_work\dbded102\bin\release.anycpu\vssf.client\ms.tf.common.l0.tests\ms.tf.common.l0.tests.dll" priority="1" id="e24d5689-eee4-584d-d689-f37fa28a57a6">
      <Owners>
        <Owner name="phkelley" />
      </Owners>
      <Execution id="b5408778-74af-47ea-893d-5eb307bd263a" />
      <TestMethod codeBase="D:\v2.0\A1\_work\dbded102\bin\Release.AnyCPU\Vssf.Client\MS.TF.Common.L0.Tests\MS.TF.Common.L0.Tests.dll" adapterTypeName="Microsoft.VisualStudio.TestTools.TestTypes.Unit.UnitTestAdapter" className="MS.VS.Services.TFCommon.L0.Tests.PathTableTests" name="EnumRoots" />
    </UnitTest>
    <UnitTest name="EnumParents" storage="d:\v2.0\a1\_work\dbded102\bin\release.anycpu\vssf.client\ms.tf.common.l0.tests\ms.tf.common.l0.tests.dll" priority="1" id="2ded29f1-7c8d-7e74-47c2-1e5680f8cbe1">
      <Owners>
        <Owner name="phkelley" />
      </Owners>
      <Execution id="af7bfbca-a2d2-4cbb-880f-7404e36d24d5" />
      <TestMethod codeBase="D:\v2.0\A1\_work\dbded102\bin\Release.AnyCPU\Vssf.Client\MS.TF.Common.L0.Tests\MS.TF.Common.L0.Tests.dll" adapterTypeName="Microsoft.VisualStudio.TestTools.TestTypes.Unit.UnitTestAdapter" className="MS.VS.Services.TFCommon.L0.Tests.PathTableTests" name="EnumParents" />
    </UnitTest>
    <UnitTest name="Remove" storage="d:\v2.0\a1\_work\dbded102\bin\release.anycpu\vssf.client\ms.tf.common.l0.tests\ms.tf.common.l0.tests.dll" priority="1" id="d6de9cfe-23c9-030c-ec21-aea5e46b07ba">
      <Owners>
        <Owner name="phkelley" />
      </Owners>
      <Execution id="b0939431-0746-420a-8f91-b2efcd8a9bf3" />
      <TestMethod codeBase="D:\v2.0\A1\_work\dbded102\bin\Release.AnyCPU\Vssf.Client\MS.TF.Common.L0.Tests\MS.TF.Common.L0.Tests.dll" adapterTypeName="Microsoft.VisualStudio.TestTools.TestTypes.Unit.UnitTestAdapter" className="MS.VS.Services.TFCommon.L0.Tests.PathTableTests" name="Remove" />
    </UnitTest>
    <UnitTest name="Miscellaneous" storage="d:\v2.0\a1\_work\dbded102\bin\release.anycpu\vssf.client\ms.tf.common.l0.tests\ms.tf.common.l0.tests.dll" priority="1" id="66349d39-f1ef-d20b-436f-785df287676c">
      <Owners>
        <Owner name="phkelley" />
      </Owners>
      <Execution id="b63a1297-0613-440f-9894-1cc3590162fe" />
      <TestMethod codeBase="D:\v2.0\A1\_work\dbded102\bin\Release.AnyCPU\Vssf.Client\MS.TF.Common.L0.Tests\MS.TF.Common.L0.Tests.dll" adapterTypeName="Microsoft.VisualStudio.TestTools.TestTypes.Unit.UnitTestAdapter" className="MS.VS.Services.TFCommon.L0.Tests.PathTableTests" name="Miscellaneous" />
    </UnitTest>
    <UnitTest name="SmokeTest" storage="d:\v2.0\a1\_work\dbded102\bin\release.anycpu\vssf.client\ms.tf.common.l0.tests\ms.tf.common.l0.tests.dll" priority="1" id="9830696d-1d98-69bc-d97c-d49254cb9adc">
      <Owners>
        <Owner name="paveli" />
      </Owners>
      <Execution id="2c702971-2b85-4b34-a385-6d607af9f2c6" />
      <TestMethod codeBase="D:\v2.0\A1\_work\dbded102\bin\Release.AnyCPU\Vssf.Client\MS.TF.Common.L0.Tests\MS.TF.Common.L0.Tests.dll" adapterTypeName="Microsoft.VisualStudio.TestTools.TestTypes.Unit.UnitTestAdapter" className="MS.VS.Services.TFCommon.L0.Tests.Framework.MemoryCacheListTests" name="SmokeTest" />
    </UnitTest>
    <UnitTest name="LengthPolicyLimitsAmountOfElements" storage="d:\v2.0\a1\_work\dbded102\bin\release.anycpu\vssf.client\ms.tf.common.l0.tests\ms.tf.common.l0.tests.dll" priority="1" id="724131cc-3dcb-b5cf-670f-f66654349251">
      <Owners>
        <Owner name="paveli" />
      </Owners>
      <Execution id="e9b9404b-b057-48e8-bfb0-9136fff6cfc9" />
      <TestMethod codeBase="D:\v2.0\A1\_work\dbded102\bin\Release.AnyCPU\Vssf.Client\MS.TF.Common.L0.Tests\MS.TF.Common.L0.Tests.dll" adapterTypeName="Microsoft.VisualStudio.TestTools.TestTypes.Unit.UnitTestAdapter" className="MS.VS.Services.TFCommon.L0.Tests.Framework.MemoryCacheListTests" name="LengthPolicyLimitsAmountOfElements" />
    </UnitTest>
    <UnitTest name="SizePolicyLimitsOverallMemoryFootprint" storage="d:\v2.0\a1\_work\dbded102\bin\release.anycpu\vssf.client\ms.tf.common.l0.tests\ms.tf.common.l0.tests.dll" priority="1" id="c7a00163-1803-b5a3-6240-d5e0f090ae58">
      <Owners>
        <Owner name="paveli" />
      </Owners>
      <Execution id="538fe3bc-2562-46eb-bf7b-372dc4a9ad1f" />
      <TestMethod codeBase="D:\v2.0\A1\_work\dbded102\bin\Release.AnyCPU\Vssf.Client\MS.TF.Common.L0.Tests\MS.TF.Common.L0.Tests.dll" adapterTypeName="Microsoft.VisualStudio.TestTools.TestTypes.Unit.UnitTestAdapter" className="MS.VS.Services.TFCommon.L0.Tests.Framework.MemoryCacheListTests" name="SizePolicyLimitsOverallMemoryFootprint" />
    </UnitTest>
    <UnitTest name="LengthLimitIsEnforcedForEmptyCache" storage="d:\v2.0\a1\_work\dbded102\bin\release.anycpu\vssf.client\ms.tf.common.l0.tests\ms.tf.common.l0.tests.dll" priority="1" id="b2b65e86-230d-a3ba-a1ec-1155cb6e1bff">
      <Owners>
        <Owner name="paveli" />
      </Owners>
      <Execution id="b1347865-ec41-44d7-a329-0d2745f13ae0" />
      <TestMethod codeBase="D:\v2.0\A1\_work\dbded102\bin\Release.AnyCPU\Vssf.Client\MS.TF.Common.L0.Tests\MS.TF.Common.L0.Tests.dll" adapterTypeName="Microsoft.VisualStudio.TestTools.TestTypes.Unit.UnitTestAdapter" className="MS.VS.Services.TFCommon.L0.Tests.Framework.MemoryCacheListTests" name="LengthLimitIsEnforcedForEmptyCache" />
    </UnitTest>
    <UnitTest name="SizeLimitIsEnforcedForEmptyCache" storage="d:\v2.0\a1\_work\dbded102\bin\release.anycpu\vssf.client\ms.tf.common.l0.tests\ms.tf.common.l0.tests.dll" priority="1" id="fad5a714-2504-eb18-0be7-1f3d2d4f8a9e">
      <Owners>
        <Owner name="paveli" />
      </Owners>
      <Execution id="6acfc3af-e04a-43a7-be83-f21ca75deab1" />
      <TestMethod codeBase="D:\v2.0\A1\_work\dbded102\bin\Release.AnyCPU\Vssf.Client\MS.TF.Common.L0.Tests\MS.TF.Common.L0.Tests.dll" adapterTypeName="Microsoft.VisualStudio.TestTools.TestTypes.Unit.UnitTestAdapter" className="MS.VS.Services.TFCommon.L0.Tests.Framework.MemoryCacheListTests" name="SizeLimitIsEnforcedForEmptyCache" />
    </UnitTest>
    <UnitTest name="QueryingInvalidElementReturnsFalse" storage="d:\v2.0\a1\_work\dbded102\bin\release.anycpu\vssf.client\ms.tf.common.l0.tests\ms.tf.common.l0.tests.dll" priority="1" id="af81773e-1a9e-a87a-6e34-4804393533aa">
      <Owners>
        <Owner name="paveli" />
      </Owners>
      <Execution id="adf950df-6b7d-41c6-bd9e-5723ffbe1bf7" />
      <TestMethod codeBase="D:\v2.0\A1\_work\dbded102\bin\Release.AnyCPU\Vssf.Client\MS.TF.Common.L0.Tests\MS.TF.Common.L0.Tests.dll" adapterTypeName="Microsoft.VisualStudio.TestTools.TestTypes.Unit.UnitTestAdapter" className="MS.VS.Services.TFCommon.L0.Tests.Framework.MemoryCacheListTests" name="QueryingInvalidElementReturnsFalse" />
    </UnitTest>
    <UnitTest name="CanOverwriteInvalidValue" storage="d:\v2.0\a1\_work\dbded102\bin\release.anycpu\vssf.client\ms.tf.common.l0.tests\ms.tf.common.l0.tests.dll" priority="1" id="aad6cda8-c628-0748-e08b-6227b9eb55c0">
      <Owners>
        <Owner name="paveli" />
      </Owners>
      <Execution id="5f9bc88c-eec9-4399-9c26-9ffe6da5fe90" />
      <TestMethod codeBase="D:\v2.0\A1\_work\dbded102\bin\Release.AnyCPU\Vssf.Client\MS.TF.Common.L0.Tests\MS.TF.Common.L0.Tests.dll" adapterTypeName="Microsoft.VisualStudio.TestTools.TestTypes.Unit.UnitTestAdapter" className="MS.VS.Services.TFCommon.L0.Tests.Framework.MemoryCacheListTests" name="CanOverwriteInvalidValue" />
    </UnitTest>
    <UnitTest name="SwipeRemovesInvalidValues" storage="d:\v2.0\a1\_work\dbded102\bin\release.anycpu\vssf.client\ms.tf.common.l0.tests\ms.tf.common.l0.tests.dll" priority="1" id="b7dc5bbc-c2b1-bce3-c48e-0430c775cb1e">
      <Owners>
        <Owner name="paveli" />
      </Owners>
      <Execution id="bb7fa894-7687-4d09-b826-cd61a2f61cb6" />
      <TestMethod codeBase="D:\v2.0\A1\_work\dbded102\bin\Release.AnyCPU\Vssf.Client\MS.TF.Common.L0.Tests\MS.TF.Common.L0.Tests.dll" adapterTypeName="Microsoft.VisualStudio.TestTools.TestTypes.Unit.UnitTestAdapter" className="MS.VS.Services.TFCommon.L0.Tests.Framework.MemoryCacheListTests" name="SwipeRemovesInvalidValues" />
    </UnitTest>
    <UnitTest name="PolicyIsNotifiedWhenElementIsReplaced" storage="d:\v2.0\a1\_work\dbded102\bin\release.anycpu\vssf.client\ms.tf.common.l0.tests\ms.tf.common.l0.tests.dll" priority="1" id="08ec1f14-0117-ba5d-9138-f6bb28466c21">
      <Owners>
        <Owner name="paveli" />
      </Owners>
      <Execution id="ccccb459-53ae-4a46-89c4-a2aee5433d4d" />
      <TestMethod codeBase="D:\v2.0\A1\_work\dbded102\bin\Release.AnyCPU\Vssf.Client\MS.TF.Common.L0.Tests\MS.TF.Common.L0.Tests.dll" adapterTypeName="Microsoft.VisualStudio.TestTools.TestTypes.Unit.UnitTestAdapter" className="MS.VS.Services.TFCommon.L0.Tests.Framework.MemoryCacheListTests" name="PolicyIsNotifiedWhenElementIsReplaced" />
    </UnitTest>
    <UnitTest name="ConstructorValidatesParameters" storage="d:\v2.0\a1\_work\dbded102\bin\release.anycpu\vssf.client\ms.tf.common.l0.tests\ms.tf.common.l0.tests.dll" priority="1" id="758cbcfc-116e-14b8-2585-717b8360c0f2">
      <Owners>
        <Owner name="paveli" />
      </Owners>
      <Execution id="b9c8fc03-e569-4702-ae72-de7d1bbbccd7" />
      <TestMethod codeBase="D:\v2.0\A1\_work\dbded102\bin\Release.AnyCPU\Vssf.Client\MS.TF.Common.L0.Tests\MS.TF.Common.L0.Tests.dll" adapterTypeName="Microsoft.VisualStudio.TestTools.TestTypes.Unit.UnitTestAdapter" className="MS.VS.Services.TFCommon.L0.Tests.Framework.MemoryCachePolicyTests" name="ConstructorValidatesParameters" />
    </UnitTest>
    <UnitTest name="NeedRoomReturnsExpectedValuesWhenPolicyIsInitialized" storage="d:\v2.0\a1\_work\dbded102\bin\release.anycpu\vssf.client\ms.tf.common.l0.tests\ms.tf.common.l0.tests.dll" priority="1" id="c579b9b9-83de-e564-eb89-a00928a51df7">
      <Owners>
        <Owner name="paveli" />
      </Owners>
      <Execution id="522b2f9e-d341-4234-b631-d84fa304ab3d" />
      <TestMethod codeBase="D:\v2.0\A1\_work\dbded102\bin\Release.AnyCPU\Vssf.Client\MS.TF.Common.L0.Tests\MS.TF.Common.L0.Tests.dll" adapterTypeName="Microsoft.VisualStudio.TestTools.TestTypes.Unit.UnitTestAdapter" className="MS.VS.Services.TFCommon.L0.Tests.Framework.MemoryCachePolicyTests" name="NeedRoomReturnsExpectedValuesWhenPolicyIsInitialized" />
    </UnitTest>
    <UnitTest name="NeedRoomReturnsFalseWithinLimits" storage="d:\v2.0\a1\_work\dbded102\bin\release.anycpu\vssf.client\ms.tf.common.l0.tests\ms.tf.common.l0.tests.dll" priority="1" id="1a71bd4d-2a60-d03c-b0ac-3fe8fec909e8">
      <Owners>
        <Owner name="paveli" />
      </Owners>
      <Execution id="a72828c1-63a8-4cfa-a81d-c03a9e4219b9" />
      <TestMethod codeBase="D:\v2.0\A1\_work\dbded102\bin\Release.AnyCPU\Vssf.Client\MS.TF.Common.L0.Tests\MS.TF.Common.L0.Tests.dll" adapterTypeName="Microsoft.VisualStudio.TestTools.TestTypes.Unit.UnitTestAdapter" className="MS.VS.Services.TFCommon.L0.Tests.Framework.MemoryCachePolicyTests" name="NeedRoomReturnsFalseWithinLimits" />
    </UnitTest>
    <UnitTest name="NeedRoomReturnsTrueOutsideLimits" storage="d:\v2.0\a1\_work\dbded102\bin\release.anycpu\vssf.client\ms.tf.common.l0.tests\ms.tf.common.l0.tests.dll" priority="1" id="71aa54bf-a8ff-97b9-4cc4-7bc67490c6a9">
      <Owners>
        <Owner name="paveli" />
      </Owners>
      <Execution id="54dbcbf4-9797-4778-9370-e217b3d54c50" />
      <TestMethod codeBase="D:\v2.0\A1\_work\dbded102\bin\Release.AnyCPU\Vssf.Client\MS.TF.Common.L0.Tests\MS.TF.Common.L0.Tests.dll" adapterTypeName="Microsoft.VisualStudio.TestTools.TestTypes.Unit.UnitTestAdapter" className="MS.VS.Services.TFCommon.L0.Tests.Framework.MemoryCachePolicyTests" name="NeedRoomReturnsTrueOutsideLimits" />
    </UnitTest>
    <UnitTest name="NotificationsUpdatePolicyState" storage="d:\v2.0\a1\_work\dbded102\bin\release.anycpu\vssf.client\ms.tf.common.l0.tests\ms.tf.common.l0.tests.dll" priority="1" id="79422e7a-8bba-a1ca-cd40-04ff59e3adde">
      <Owners>
        <Owner name="paveli" />
      </Owners>
      <Execution id="849292b6-bde4-4a14-a37d-236cdd510e6c" />
      <TestMethod codeBase="D:\v2.0\A1\_work\dbded102\bin\Release.AnyCPU\Vssf.Client\MS.TF.Common.L0.Tests\MS.TF.Common.L0.Tests.dll" adapterTypeName="Microsoft.VisualStudio.TestTools.TestTypes.Unit.UnitTestAdapter" className="MS.VS.Services.TFCommon.L0.Tests.Framework.MemoryCachePolicyTests" name="NotificationsUpdatePolicyState" />
    </UnitTest>
    <UnitTest name="NotificationsThrowIfContractIsViolated" storage="d:\v2.0\a1\_work\dbded102\bin\release.anycpu\vssf.client\ms.tf.common.l0.tests\ms.tf.common.l0.tests.dll" priority="1" id="1e399394-dec7-4235-c46d-2316bdbb535d">
      <Owners>
        <Owner name="paveli" />
      </Owners>
      <Execution id="4923065b-df12-4b02-9f2b-0c2846766a12" />
      <TestMethod codeBase="D:\v2.0\A1\_work\dbded102\bin\Release.AnyCPU\Vssf.Client\MS.TF.Common.L0.Tests\MS.TF.Common.L0.Tests.dll" adapterTypeName="Microsoft.VisualStudio.TestTools.TestTypes.Unit.UnitTestAdapter" className="MS.VS.Services.TFCommon.L0.Tests.Framework.MemoryCachePolicyTests" name="NotificationsThrowIfContractIsViolated" />
    </UnitTest>
    <UnitTest name="LengthLimitMayBeAdjusted" storage="d:\v2.0\a1\_work\dbded102\bin\release.anycpu\vssf.client\ms.tf.common.l0.tests\ms.tf.common.l0.tests.dll" priority="1" id="8d9181bd-c321-dcdf-156d-9d824aa99b3e">
      <Owners>
        <Owner name="paveli" />
      </Owners>
      <Execution id="2348ace1-8914-4e9b-bd1e-2fd9010c2c21" />
      <TestMethod codeBase="D:\v2.0\A1\_work\dbded102\bin\Release.AnyCPU\Vssf.Client\MS.TF.Common.L0.Tests\MS.TF.Common.L0.Tests.dll" adapterTypeName="Microsoft.VisualStudio.TestTools.TestTypes.Unit.UnitTestAdapter" className="MS.VS.Services.TFCommon.L0.Tests.Framework.MemoryCachePolicyTests" name="LengthLimitMayBeAdjusted" />
    </UnitTest>
    <UnitTest name="SizeLimitMayBeAdjusted" storage="d:\v2.0\a1\_work\dbded102\bin\release.anycpu\vssf.client\ms.tf.common.l0.tests\ms.tf.common.l0.tests.dll" priority="1" id="78030367-dbb1-9da7-f11c-e9f89a616928">
      <Owners>
        <Owner name="paveli" />
      </Owners>
      <Execution id="960f1f74-d62f-4a91-a0f6-f34777fec78d" />
      <TestMethod codeBase="D:\v2.0\A1\_work\dbded102\bin\Release.AnyCPU\Vssf.Client\MS.TF.Common.L0.Tests\MS.TF.Common.L0.Tests.dll" adapterTypeName="Microsoft.VisualStudio.TestTools.TestTypes.Unit.UnitTestAdapter" className="MS.VS.Services.TFCommon.L0.Tests.Framework.MemoryCachePolicyTests" name="SizeLimitMayBeAdjusted" />
    </UnitTest>
    <UnitTest name="InitialCacheSizeIsZero" storage="d:\v2.0\a1\_work\dbded102\bin\release.anycpu\vssf.client\ms.tf.common.l0.tests\ms.tf.common.l0.tests.dll" priority="1" id="adb671da-0b3f-5015-5a8d-149c34335f44">
      <Owners>
        <Owner name="paveli" />
      </Owners>
      <Execution id="2bd86a68-dac7-411e-a0fd-bc07a0ebf6d6" />
      <TestMethod codeBase="D:\v2.0\A1\_work\dbded102\bin\Release.AnyCPU\Vssf.Client\MS.TF.Common.L0.Tests\MS.TF.Common.L0.Tests.dll" adapterTypeName="Microsoft.VisualStudio.TestTools.TestTypes.Unit.UnitTestAdapter" className="MS.VS.Services.TFCommon.L0.Tests.Framework.MemoryCacheListTests+CountTests" name="InitialCacheSizeIsZero" />
    </UnitTest>
    <UnitTest name="AddingElementIncreasesCacheSize" storage="d:\v2.0\a1\_work\dbded102\bin\release.anycpu\vssf.client\ms.tf.common.l0.tests\ms.tf.common.l0.tests.dll" priority="1" id="b16b8339-b54a-5900-14c2-050e82023768">
      <Owners>
        <Owner name="paveli" />
      </Owners>
      <Execution id="d9068e10-893c-42ba-95f0-819da040004a" />
      <TestMethod codeBase="D:\v2.0\A1\_work\dbded102\bin\Release.AnyCPU\Vssf.Client\MS.TF.Common.L0.Tests\MS.TF.Common.L0.Tests.dll" adapterTypeName="Microsoft.VisualStudio.TestTools.TestTypes.Unit.UnitTestAdapter" className="MS.VS.Services.TFCommon.L0.Tests.Framework.MemoryCacheListTests+CountTests" name="AddingElementIncreasesCacheSize" />
    </UnitTest>
    <UnitTest name="AddingMultipleElementsIncreasesCacheSize" storage="d:\v2.0\a1\_work\dbded102\bin\release.anycpu\vssf.client\ms.tf.common.l0.tests\ms.tf.common.l0.tests.dll" priority="1" id="1f991548-1a3f-fb98-643d-5aa2081b6575">
      <Owners>
        <Owner name="paveli" />
      </Owners>
      <Execution id="2e098a00-e5be-4ced-974c-018ec0a682ad" />
      <TestMethod codeBase="D:\v2.0\A1\_work\dbded102\bin\Release.AnyCPU\Vssf.Client\MS.TF.Common.L0.Tests\MS.TF.Common.L0.Tests.dll" adapterTypeName="Microsoft.VisualStudio.TestTools.TestTypes.Unit.UnitTestAdapter" className="MS.VS.Services.TFCommon.L0.Tests.Framework.MemoryCacheListTests+CountTests" name="AddingMultipleElementsIncreasesCacheSize" />
    </UnitTest>
    <UnitTest name="UpdatingElementKeepsCacheSize" storage="d:\v2.0\a1\_work\dbded102\bin\release.anycpu\vssf.client\ms.tf.common.l0.tests\ms.tf.common.l0.tests.dll" priority="1" id="bbedeced-63ce-10c5-d8b6-11d9f229d1f3">
      <Owners>
        <Owner name="paveli" />
      </Owners>
      <Execution id="cd537c3e-9fcd-45ff-a835-7899c84b9b04" />
      <TestMethod codeBase="D:\v2.0\A1\_work\dbded102\bin\Release.AnyCPU\Vssf.Client\MS.TF.Common.L0.Tests\MS.TF.Common.L0.Tests.dll" adapterTypeName="Microsoft.VisualStudio.TestTools.TestTypes.Unit.UnitTestAdapter" className="MS.VS.Services.TFCommon.L0.Tests.Framework.MemoryCacheListTests+CountTests" name="UpdatingElementKeepsCacheSize" />
    </UnitTest>
    <UnitTest name="DeletingElementDecreasesCacheSize" storage="d:\v2.0\a1\_work\dbded102\bin\release.anycpu\vssf.client\ms.tf.common.l0.tests\ms.tf.common.l0.tests.dll" priority="1" id="132208a3-d3eb-815f-90a3-5998dd7e6f2a">
      <Owners>
        <Owner name="paveli" />
      </Owners>
      <Execution id="58f22889-acd9-403c-a241-9bfe2cacf99f" />
      <TestMethod codeBase="D:\v2.0\A1\_work\dbded102\bin\Release.AnyCPU\Vssf.Client\MS.TF.Common.L0.Tests\MS.TF.Common.L0.Tests.dll" adapterTypeName="Microsoft.VisualStudio.TestTools.TestTypes.Unit.UnitTestAdapter" className="MS.VS.Services.TFCommon.L0.Tests.Framework.MemoryCacheListTests+CountTests" name="DeletingElementDecreasesCacheSize" />
    </UnitTest>
    <UnitTest name="ClearingElementsResetsCacheSize" storage="d:\v2.0\a1\_work\dbded102\bin\release.anycpu\vssf.client\ms.tf.common.l0.tests\ms.tf.common.l0.tests.dll" priority="1" id="317b1fdb-a976-82be-97a4-57ec6889e5df">
      <Owners>
        <Owner name="paveli" />
      </Owners>
      <Execution id="89c3a8a4-b875-4a5d-84c2-c0282b8ecebf" />
      <TestMethod codeBase="D:\v2.0\A1\_work\dbded102\bin\Release.AnyCPU\Vssf.Client\MS.TF.Common.L0.Tests\MS.TF.Common.L0.Tests.dll" adapterTypeName="Microsoft.VisualStudio.TestTools.TestTypes.Unit.UnitTestAdapter" className="MS.VS.Services.TFCommon.L0.Tests.Framework.MemoryCacheListTests+CountTests" name="ClearingElementsResetsCacheSize" />
    </UnitTest>
    <UnitTest name="ElementsMayBeAdded" storage="d:\v2.0\a1\_work\dbded102\bin\release.anycpu\vssf.client\ms.tf.common.l0.tests\ms.tf.common.l0.tests.dll" priority="1" id="c19d9445-04c8-a156-769e-d05dabe5497e">
      <Owners>
        <Owner name="paveli" />
      </Owners>
      <Execution id="78495326-4e17-4d3a-8c0c-b55d92fffd0b" />
      <TestMethod codeBase="D:\v2.0\A1\_work\dbded102\bin\Release.AnyCPU\Vssf.Client\MS.TF.Common.L0.Tests\MS.TF.Common.L0.Tests.dll" adapterTypeName="Microsoft.VisualStudio.TestTools.TestTypes.Unit.UnitTestAdapter" className="MS.VS.Services.TFCommon.L0.Tests.Framework.MemoryCacheListTests+AddTests" name="ElementsMayBeAdded" />
    </UnitTest>
    <UnitTest name="DuplicatedKeysAreRejected" storage="d:\v2.0\a1\_work\dbded102\bin\release.anycpu\vssf.client\ms.tf.common.l0.tests\ms.tf.common.l0.tests.dll" priority="1" id="88443a98-a9eb-b7f0-e6f9-033cede707d5">
      <Owners>
        <Owner name="paveli" />
      </Owners>
      <Execution id="290af267-00de-4c11-8da1-3545423ccd65" />
      <TestMethod codeBase="D:\v2.0\A1\_work\dbded102\bin\Release.AnyCPU\Vssf.Client\MS.TF.Common.L0.Tests\MS.TF.Common.L0.Tests.dll" adapterTypeName="Microsoft.VisualStudio.TestTools.TestTypes.Unit.UnitTestAdapter" className="MS.VS.Services.TFCommon.L0.Tests.Framework.MemoryCacheListTests+AddTests" name="DuplicatedKeysAreRejected" />
    </UnitTest>
    <UnitTest name="ValueMayBeOverwritten" storage="d:\v2.0\a1\_work\dbded102\bin\release.anycpu\vssf.client\ms.tf.common.l0.tests\ms.tf.common.l0.tests.dll" priority="1" id="567fdd81-b9f6-55a3-740b-b47dcdb25120">
      <Owners>
        <Owner name="paveli" />
      </Owners>
      <Execution id="d957fed9-73e5-4b49-bb70-0d6161713372" />
      <TestMethod codeBase="D:\v2.0\A1\_work\dbded102\bin\Release.AnyCPU\Vssf.Client\MS.TF.Common.L0.Tests\MS.TF.Common.L0.Tests.dll" adapterTypeName="Microsoft.VisualStudio.TestTools.TestTypes.Unit.UnitTestAdapter" className="MS.VS.Services.TFCommon.L0.Tests.Framework.MemoryCacheListTests+AddTests" name="ValueMayBeOverwritten" />
    </UnitTest>
    <UnitTest name="CanAddValueAfterItWasRemoved" storage="d:\v2.0\a1\_work\dbded102\bin\release.anycpu\vssf.client\ms.tf.common.l0.tests\ms.tf.common.l0.tests.dll" priority="1" id="1112323e-7da3-a99f-9d2c-cb5f26390564">
      <Owners>
        <Owner name="paveli" />
      </Owners>
      <Execution id="3a1e72e8-39b2-4ffd-957d-6f77e5737059" />
      <TestMethod codeBase="D:\v2.0\A1\_work\dbded102\bin\Release.AnyCPU\Vssf.Client\MS.TF.Common.L0.Tests\MS.TF.Common.L0.Tests.dll" adapterTypeName="Microsoft.VisualStudio.TestTools.TestTypes.Unit.UnitTestAdapter" className="MS.VS.Services.TFCommon.L0.Tests.Framework.MemoryCacheListTests+AddTests" name="CanAddValueAfterItWasRemoved" />
    </UnitTest>
    <UnitTest name="CanAddValueAfterItWasCleared" storage="d:\v2.0\a1\_work\dbded102\bin\release.anycpu\vssf.client\ms.tf.common.l0.tests\ms.tf.common.l0.tests.dll" priority="1" id="fc22c72b-17ce-775d-ae8f-3681571b2869">
      <Owners>
        <Owner name="paveli" />
      </Owners>
      <Execution id="852a87ac-e996-4c4b-8d33-25203ad723ce" />
      <TestMethod codeBase="D:\v2.0\A1\_work\dbded102\bin\Release.AnyCPU\Vssf.Client\MS.TF.Common.L0.Tests\MS.TF.Common.L0.Tests.dll" adapterTypeName="Microsoft.VisualStudio.TestTools.TestTypes.Unit.UnitTestAdapter" className="MS.VS.Services.TFCommon.L0.Tests.Framework.MemoryCacheListTests+AddTests" name="CanAddValueAfterItWasCleared" />
    </UnitTest>
    <UnitTest name="AddingValueWithOverwriteIsAllowed" storage="d:\v2.0\a1\_work\dbded102\bin\release.anycpu\vssf.client\ms.tf.common.l0.tests\ms.tf.common.l0.tests.dll" priority="1" id="a1fd0619-3e4e-940c-ee1a-15c1295a0250">
      <Owners>
        <Owner name="paveli" />
      </Owners>
      <Execution id="d4d1eff6-77e7-423b-b623-83f8223693da" />
      <TestMethod codeBase="D:\v2.0\A1\_work\dbded102\bin\Release.AnyCPU\Vssf.Client\MS.TF.Common.L0.Tests\MS.TF.Common.L0.Tests.dll" adapterTypeName="Microsoft.VisualStudio.TestTools.TestTypes.Unit.UnitTestAdapter" className="MS.VS.Services.TFCommon.L0.Tests.Framework.MemoryCacheListTests+AddTests" name="AddingValueWithOverwriteIsAllowed" />
    </UnitTest>
    <UnitTest name="CanAddNullValues" storage="d:\v2.0\a1\_work\dbded102\bin\release.anycpu\vssf.client\ms.tf.common.l0.tests\ms.tf.common.l0.tests.dll" priority="1" id="54e97e5b-924c-f07f-f479-899cdc85e2da">
      <Owners>
        <Owner name="paveli" />
      </Owners>
      <Execution id="7dc67c41-9e98-43d7-802a-2f40c958e48a" />
      <TestMethod codeBase="D:\v2.0\A1\_work\dbded102\bin\Release.AnyCPU\Vssf.Client\MS.TF.Common.L0.Tests\MS.TF.Common.L0.Tests.dll" adapterTypeName="Microsoft.VisualStudio.TestTools.TestTypes.Unit.UnitTestAdapter" className="MS.VS.Services.TFCommon.L0.Tests.Framework.MemoryCacheListTests+AddTests" name="CanAddNullValues" />
    </UnitTest>
    <UnitTest name="CanRetrieveValueAfterAddingIt" storage="d:\v2.0\a1\_work\dbded102\bin\release.anycpu\vssf.client\ms.tf.common.l0.tests\ms.tf.common.l0.tests.dll" priority="1" id="704acfa0-ea3a-52c7-f4ae-aa2906c56db0">
      <Owners>
        <Owner name="paveli" />
      </Owners>
      <Execution id="058d6d25-09b4-482e-9a55-ec41cc4c01a7" />
      <TestMethod codeBase="D:\v2.0\A1\_work\dbded102\bin\Release.AnyCPU\Vssf.Client\MS.TF.Common.L0.Tests\MS.TF.Common.L0.Tests.dll" adapterTypeName="Microsoft.VisualStudio.TestTools.TestTypes.Unit.UnitTestAdapter" className="MS.VS.Services.TFCommon.L0.Tests.Framework.MemoryCacheListTests+GetTests" name="CanRetrieveValueAfterAddingIt" />
    </UnitTest>
    <UnitTest name="CanRetrieveValueAfterTheFailedAdd" storage="d:\v2.0\a1\_work\dbded102\bin\release.anycpu\vssf.client\ms.tf.common.l0.tests\ms.tf.common.l0.tests.dll" priority="1" id="1ecd3ddd-58f8-c60f-38a2-0dfea56bce1c">
      <Owners>
        <Owner name="paveli" />
      </Owners>
      <Execution id="eedd3687-6a38-4a2d-a714-8de618bfc8f5" />
      <TestMethod codeBase="D:\v2.0\A1\_work\dbded102\bin\Release.AnyCPU\Vssf.Client\MS.TF.Common.L0.Tests\MS.TF.Common.L0.Tests.dll" adapterTypeName="Microsoft.VisualStudio.TestTools.TestTypes.Unit.UnitTestAdapter" className="MS.VS.Services.TFCommon.L0.Tests.Framework.MemoryCacheListTests+GetTests" name="CanRetrieveValueAfterTheFailedAdd" />
    </UnitTest>
    <UnitTest name="CanRetrieveValueAfterItWasUpdated" storage="d:\v2.0\a1\_work\dbded102\bin\release.anycpu\vssf.client\ms.tf.common.l0.tests\ms.tf.common.l0.tests.dll" priority="1" id="c9a9e4f8-9eb4-2ad7-9e08-fa4413debe5c">
      <Owners>
        <Owner name="paveli" />
      </Owners>
      <Execution id="b608ba2a-e80d-4aa5-84f0-9cdb504afb40" />
      <TestMethod codeBase="D:\v2.0\A1\_work\dbded102\bin\Release.AnyCPU\Vssf.Client\MS.TF.Common.L0.Tests\MS.TF.Common.L0.Tests.dll" adapterTypeName="Microsoft.VisualStudio.TestTools.TestTypes.Unit.UnitTestAdapter" className="MS.VS.Services.TFCommon.L0.Tests.Framework.MemoryCacheListTests+GetTests" name="CanRetrieveValueAfterItWasUpdated" />
    </UnitTest>
    <UnitTest name="CannnotRetrieveValueAfterItIsRemoved" storage="d:\v2.0\a1\_work\dbded102\bin\release.anycpu\vssf.client\ms.tf.common.l0.tests\ms.tf.common.l0.tests.dll" priority="1" id="e89cdfd4-ddfb-f7b5-1707-4850bc58f0a3">
      <Owners>
        <Owner name="paveli" />
      </Owners>
      <Execution id="5f83bc9b-29f9-4bd8-afad-c36bcaf09913" />
      <TestMethod codeBase="D:\v2.0\A1\_work\dbded102\bin\Release.AnyCPU\Vssf.Client\MS.TF.Common.L0.Tests\MS.TF.Common.L0.Tests.dll" adapterTypeName="Microsoft.VisualStudio.TestTools.TestTypes.Unit.UnitTestAdapter" className="MS.VS.Services.TFCommon.L0.Tests.Framework.MemoryCacheListTests+GetTests" name="CannnotRetrieveValueAfterItIsRemoved" />
    </UnitTest>
    <UnitTest name="CannnotRetrieveValueAfterCacheIsCleared" storage="d:\v2.0\a1\_work\dbded102\bin\release.anycpu\vssf.client\ms.tf.common.l0.tests\ms.tf.common.l0.tests.dll" priority="1" id="61cb2300-5a93-4381-75a4-82ee3449252f">
      <Owners>
        <Owner name="paveli" />
      </Owners>
      <Execution id="c68be90a-660a-4cbd-a6a8-b33a8a6b068e" />
      <TestMethod codeBase="D:\v2.0\A1\_work\dbded102\bin\Release.AnyCPU\Vssf.Client\MS.TF.Common.L0.Tests\MS.TF.Common.L0.Tests.dll" adapterTypeName="Microsoft.VisualStudio.TestTools.TestTypes.Unit.UnitTestAdapter" className="MS.VS.Services.TFCommon.L0.Tests.Framework.MemoryCacheListTests+GetTests" name="CannnotRetrieveValueAfterCacheIsCleared" />
    </UnitTest>
    <UnitTest name="CanRemoveValue" storage="d:\v2.0\a1\_work\dbded102\bin\release.anycpu\vssf.client\ms.tf.common.l0.tests\ms.tf.common.l0.tests.dll" priority="1" id="eeba02e8-fa52-eaef-5b49-9af911e8e928">
      <Owners>
        <Owner name="paveli" />
      </Owners>
      <Execution id="3ddb5ef5-6cc7-4dfb-9509-4f19bd67e8e7" />
      <TestMethod codeBase="D:\v2.0\A1\_work\dbded102\bin\Release.AnyCPU\Vssf.Client\MS.TF.Common.L0.Tests\MS.TF.Common.L0.Tests.dll" adapterTypeName="Microsoft.VisualStudio.TestTools.TestTypes.Unit.UnitTestAdapter" className="MS.VS.Services.TFCommon.L0.Tests.Framework.MemoryCacheListTests+RemoveTests" name="CanRemoveValue" />
    </UnitTest>
    <UnitTest name="CannotRemoveValueAfterItIsAlreadyRemoved" storage="d:\v2.0\a1\_work\dbded102\bin\release.anycpu\vssf.client\ms.tf.common.l0.tests\ms.tf.common.l0.tests.dll" priority="1" id="cc246478-ab17-0bd8-b2f4-47a197dd71aa">
      <Owners>
        <Owner name="paveli" />
      </Owners>
      <Execution id="bea4c4b2-ba75-4099-96d3-dadb152b8695" />
      <TestMethod codeBase="D:\v2.0\A1\_work\dbded102\bin\Release.AnyCPU\Vssf.Client\MS.TF.Common.L0.Tests\MS.TF.Common.L0.Tests.dll" adapterTypeName="Microsoft.VisualStudio.TestTools.TestTypes.Unit.UnitTestAdapter" className="MS.VS.Services.TFCommon.L0.Tests.Framework.MemoryCacheListTests+RemoveTests" name="CannotRemoveValueAfterItIsAlreadyRemoved" />
    </UnitTest>
    <UnitTest name="CannotRemoveValueAfterCacheIsCleared" storage="d:\v2.0\a1\_work\dbded102\bin\release.anycpu\vssf.client\ms.tf.common.l0.tests\ms.tf.common.l0.tests.dll" priority="1" id="ba8d687f-dde2-88d1-88c4-f116e8abf072">
      <Owners>
        <Owner name="paveli" />
      </Owners>
      <Execution id="d4d7ae0d-f457-44d6-b2d0-73b860e83d31" />
      <TestMethod codeBase="D:\v2.0\A1\_work\dbded102\bin\Release.AnyCPU\Vssf.Client\MS.TF.Common.L0.Tests\MS.TF.Common.L0.Tests.dll" adapterTypeName="Microsoft.VisualStudio.TestTools.TestTypes.Unit.UnitTestAdapter" className="MS.VS.Services.TFCommon.L0.Tests.Framework.MemoryCacheListTests+RemoveTests" name="CannotRemoveValueAfterCacheIsCleared" />
    </UnitTest>
    <UnitTest name="CanClearCache" storage="d:\v2.0\a1\_work\dbded102\bin\release.anycpu\vssf.client\ms.tf.common.l0.tests\ms.tf.common.l0.tests.dll" priority="1" id="e05edd6b-ceb7-bffe-5259-f915352d1a27">
      <Owners>
        <Owner name="paveli" />
      </Owners>
      <Execution id="0c5b3af0-a539-464d-850f-b12af85f76b5" />
      <TestMethod codeBase="D:\v2.0\A1\_work\dbded102\bin\Release.AnyCPU\Vssf.Client\MS.TF.Common.L0.Tests\MS.TF.Common.L0.Tests.dll" adapterTypeName="Microsoft.VisualStudio.TestTools.TestTypes.Unit.UnitTestAdapter" className="MS.VS.Services.TFCommon.L0.Tests.Framework.MemoryCacheListTests+ClearTests" name="CanClearCache" />
    </UnitTest>
    <UnitTest name="VaidateNotificationsForFailedGet" storage="d:\v2.0\a1\_work\dbded102\bin\release.anycpu\vssf.client\ms.tf.common.l0.tests\ms.tf.common.l0.tests.dll" priority="1" id="9d8fa837-37a8-c6a3-4b57-f53ea82ad9ad">
      <Owners>
        <Owner name="paveli" />
      </Owners>
      <Execution id="8b792cbc-ed38-4f44-9bbe-b915792c0fc3" />
      <TestMethod codeBase="D:\v2.0\A1\_work\dbded102\bin\Release.AnyCPU\Vssf.Client\MS.TF.Common.L0.Tests\MS.TF.Common.L0.Tests.dll" adapterTypeName="Microsoft.VisualStudio.TestTools.TestTypes.Unit.UnitTestAdapter" className="MS.VS.Services.TFCommon.L0.Tests.Framework.MemoryCacheListTests+NotificationTests" name="VaidateNotificationsForFailedGet" />
    </UnitTest>
    <UnitTest name="VaidateNotificationsForSucceededGet" storage="d:\v2.0\a1\_work\dbded102\bin\release.anycpu\vssf.client\ms.tf.common.l0.tests\ms.tf.common.l0.tests.dll" priority="1" id="3dcb859e-ce02-3297-f457-5d01cd181dfa">
      <Owners>
        <Owner name="paveli" />
      </Owners>
      <Execution id="1acc82e3-4911-4b52-8437-a52f2a5c99dd" />
      <TestMethod codeBase="D:\v2.0\A1\_work\dbded102\bin\Release.AnyCPU\Vssf.Client\MS.TF.Common.L0.Tests\MS.TF.Common.L0.Tests.dll" adapterTypeName="Microsoft.VisualStudio.TestTools.TestTypes.Unit.UnitTestAdapter" className="MS.VS.Services.TFCommon.L0.Tests.Framework.MemoryCacheListTests+NotificationTests" name="VaidateNotificationsForSucceededGet" />
    </UnitTest>
    <UnitTest name="VaidateNotificationsForFailedAdd" storage="d:\v2.0\a1\_work\dbded102\bin\release.anycpu\vssf.client\ms.tf.common.l0.tests\ms.tf.common.l0.tests.dll" priority="1" id="d9cf35bd-a4fe-d10c-eeb2-36d855d0f508">
      <Owners>
        <Owner name="paveli" />
      </Owners>
      <Execution id="67a8cc4d-b836-4e1b-aa9b-ec43292cfc5d" />
      <TestMethod codeBase="D:\v2.0\A1\_work\dbded102\bin\Release.AnyCPU\Vssf.Client\MS.TF.Common.L0.Tests\MS.TF.Common.L0.Tests.dll" adapterTypeName="Microsoft.VisualStudio.TestTools.TestTypes.Unit.UnitTestAdapter" className="MS.VS.Services.TFCommon.L0.Tests.Framework.MemoryCacheListTests+NotificationTests" name="VaidateNotificationsForFailedAdd" />
    </UnitTest>
    <UnitTest name="VaidateNotificationsForSucceededAdd" storage="d:\v2.0\a1\_work\dbded102\bin\release.anycpu\vssf.client\ms.tf.common.l0.tests\ms.tf.common.l0.tests.dll" priority="1" id="cc0ed2aa-8e4c-dbe4-1aee-16ce1610d5d9">
      <Owners>
        <Owner name="paveli" />
      </Owners>
      <Execution id="17887c26-523c-4622-9a3d-ac74731154de" />
      <TestMethod codeBase="D:\v2.0\A1\_work\dbded102\bin\Release.AnyCPU\Vssf.Client\MS.TF.Common.L0.Tests\MS.TF.Common.L0.Tests.dll" adapterTypeName="Microsoft.VisualStudio.TestTools.TestTypes.Unit.UnitTestAdapter" className="MS.VS.Services.TFCommon.L0.Tests.Framework.MemoryCacheListTests+NotificationTests" name="VaidateNotificationsForSucceededAdd" />
    </UnitTest>
    <UnitTest name="VaidateNotificationsForUpdate" storage="d:\v2.0\a1\_work\dbded102\bin\release.anycpu\vssf.client\ms.tf.common.l0.tests\ms.tf.common.l0.tests.dll" priority="1" id="76c96252-c444-84c8-3fc8-1db02e9fd48d">
      <Owners>
        <Owner name="paveli" />
      </Owners>
      <Execution id="1543c7d5-a367-4003-a5e6-c7817b84fb9a" />
      <TestMethod codeBase="D:\v2.0\A1\_work\dbded102\bin\Release.AnyCPU\Vssf.Client\MS.TF.Common.L0.Tests\MS.TF.Common.L0.Tests.dll" adapterTypeName="Microsoft.VisualStudio.TestTools.TestTypes.Unit.UnitTestAdapter" className="MS.VS.Services.TFCommon.L0.Tests.Framework.MemoryCacheListTests+NotificationTests" name="VaidateNotificationsForUpdate" />
    </UnitTest>
    <UnitTest name="VaidateNotificationsForSucceededRemove" storage="d:\v2.0\a1\_work\dbded102\bin\release.anycpu\vssf.client\ms.tf.common.l0.tests\ms.tf.common.l0.tests.dll" priority="1" id="a8be1b78-b940-9f9c-4fb4-8b9a6e80a3cc">
      <Owners>
        <Owner name="paveli" />
      </Owners>
      <Execution id="b328f076-bab9-4a06-b6ae-d4232f0efa68" />
      <TestMethod codeBase="D:\v2.0\A1\_work\dbded102\bin\Release.AnyCPU\Vssf.Client\MS.TF.Common.L0.Tests\MS.TF.Common.L0.Tests.dll" adapterTypeName="Microsoft.VisualStudio.TestTools.TestTypes.Unit.UnitTestAdapter" className="MS.VS.Services.TFCommon.L0.Tests.Framework.MemoryCacheListTests+NotificationTests" name="VaidateNotificationsForSucceededRemove" />
    </UnitTest>
    <UnitTest name="VaidateNotificationsForFailedRemove" storage="d:\v2.0\a1\_work\dbded102\bin\release.anycpu\vssf.client\ms.tf.common.l0.tests\ms.tf.common.l0.tests.dll" priority="1" id="d47d6d0b-127a-82d1-036d-9c9f3c0e7de8">
      <Owners>
        <Owner name="paveli" />
      </Owners>
      <Execution id="f41c812b-72b8-4eda-86fd-16aa16f7cbf0" />
      <TestMethod codeBase="D:\v2.0\A1\_work\dbded102\bin\Release.AnyCPU\Vssf.Client\MS.TF.Common.L0.Tests\MS.TF.Common.L0.Tests.dll" adapterTypeName="Microsoft.VisualStudio.TestTools.TestTypes.Unit.UnitTestAdapter" className="MS.VS.Services.TFCommon.L0.Tests.Framework.MemoryCacheListTests+NotificationTests" name="VaidateNotificationsForFailedRemove" />
    </UnitTest>
    <UnitTest name="VaidateNotificationsForClear" storage="d:\v2.0\a1\_work\dbded102\bin\release.anycpu\vssf.client\ms.tf.common.l0.tests\ms.tf.common.l0.tests.dll" priority="1" id="88e1d648-1861-cd47-f67e-6a61e8f1f7ed">
      <Owners>
        <Owner name="paveli" />
      </Owners>
      <Execution id="65e3ccd9-cfb2-498b-91ed-eb49d23f6278" />
      <TestMethod codeBase="D:\v2.0\A1\_work\dbded102\bin\Release.AnyCPU\Vssf.Client\MS.TF.Common.L0.Tests\MS.TF.Common.L0.Tests.dll" adapterTypeName="Microsoft.VisualStudio.TestTools.TestTypes.Unit.UnitTestAdapter" className="MS.VS.Services.TFCommon.L0.Tests.Framework.MemoryCacheListTests+NotificationTests" name="VaidateNotificationsForClear" />
    </UnitTest>
    <UnitTest name="ValidateNotificationsForAddingInvalidValues" storage="d:\v2.0\a1\_work\dbded102\bin\release.anycpu\vssf.client\ms.tf.common.l0.tests\ms.tf.common.l0.tests.dll" priority="1" id="5ae67603-e08d-d9ab-e52b-c19ccb4d580e">
      <Owners>
        <Owner name="paveli" />
      </Owners>
      <Execution id="cd9c7c98-dad6-4126-bdc9-b7194d1e6065" />
      <TestMethod codeBase="D:\v2.0\A1\_work\dbded102\bin\Release.AnyCPU\Vssf.Client\MS.TF.Common.L0.Tests\MS.TF.Common.L0.Tests.dll" adapterTypeName="Microsoft.VisualStudio.TestTools.TestTypes.Unit.UnitTestAdapter" className="MS.VS.Services.TFCommon.L0.Tests.Framework.MemoryCacheListTests+NotificationTests" name="ValidateNotificationsForAddingInvalidValues" />
    </UnitTest>
    <UnitTest name="ValidateNotificationsForUpdatingInvalidValues" storage="d:\v2.0\a1\_work\dbded102\bin\release.anycpu\vssf.client\ms.tf.common.l0.tests\ms.tf.common.l0.tests.dll" priority="1" id="e43a6cf2-6964-5d4d-9dfc-72c83add16b2">
      <Owners>
        <Owner name="paveli" />
      </Owners>
      <Execution id="408b1fd1-1436-40ba-8bd4-9aae1f8bd799" />
      <TestMethod codeBase="D:\v2.0\A1\_work\dbded102\bin\Release.AnyCPU\Vssf.Client\MS.TF.Common.L0.Tests\MS.TF.Common.L0.Tests.dll" adapterTypeName="Microsoft.VisualStudio.TestTools.TestTypes.Unit.UnitTestAdapter" className="MS.VS.Services.TFCommon.L0.Tests.Framework.MemoryCacheListTests+NotificationTests" name="ValidateNotificationsForUpdatingInvalidValues" />
    </UnitTest>
    <UnitTest name="ValidateNotificationsForQueringInvalidValues" storage="d:\v2.0\a1\_work\dbded102\bin\release.anycpu\vssf.client\ms.tf.common.l0.tests\ms.tf.common.l0.tests.dll" priority="1" id="de04fc6e-783f-1f9b-c764-0382293ff43d">
      <Owners>
        <Owner name="paveli" />
      </Owners>
      <Execution id="4257d102-f89f-4252-b539-d790c9356e62" />
      <TestMethod codeBase="D:\v2.0\A1\_work\dbded102\bin\Release.AnyCPU\Vssf.Client\MS.TF.Common.L0.Tests\MS.TF.Common.L0.Tests.dll" adapterTypeName="Microsoft.VisualStudio.TestTools.TestTypes.Unit.UnitTestAdapter" className="MS.VS.Services.TFCommon.L0.Tests.Framework.MemoryCacheListTests+NotificationTests" name="ValidateNotificationsForQueringInvalidValues" />
    </UnitTest>
    <UnitTest name="ValidateNotificationsForSwipingInvalidValues" storage="d:\v2.0\a1\_work\dbded102\bin\release.anycpu\vssf.client\ms.tf.common.l0.tests\ms.tf.common.l0.tests.dll" priority="1" id="8572b731-320b-9ea9-0f86-7705ee15c9d5">
      <Owners>
        <Owner name="paveli" />
      </Owners>
      <Execution id="4346058c-355e-4709-8125-7c25641bbde5" />
      <TestMethod codeBase="D:\v2.0\A1\_work\dbded102\bin\Release.AnyCPU\Vssf.Client\MS.TF.Common.L0.Tests\MS.TF.Common.L0.Tests.dll" adapterTypeName="Microsoft.VisualStudio.TestTools.TestTypes.Unit.UnitTestAdapter" className="MS.VS.Services.TFCommon.L0.Tests.Framework.MemoryCacheListTests+NotificationTests" name="ValidateNotificationsForSwipingInvalidValues" />
    </UnitTest>
    <UnitTest name="ValidateNotificationsForEvictingInvalidValues" storage="d:\v2.0\a1\_work\dbded102\bin\release.anycpu\vssf.client\ms.tf.common.l0.tests\ms.tf.common.l0.tests.dll" priority="1" id="10878930-6f54-1483-8e55-da26c660fe21">
      <Owners>
        <Owner name="paveli" />
      </Owners>
      <Execution id="fbc7ed7e-b31a-4b5c-bf44-7d6a0ccece32" />
      <TestMethod codeBase="D:\v2.0\A1\_work\dbded102\bin\Release.AnyCPU\Vssf.Client\MS.TF.Common.L0.Tests\MS.TF.Common.L0.Tests.dll" adapterTypeName="Microsoft.VisualStudio.TestTools.TestTypes.Unit.UnitTestAdapter" className="MS.VS.Services.TFCommon.L0.Tests.Framework.MemoryCacheListTests+NotificationTests" name="ValidateNotificationsForEvictingInvalidValues" />
    </UnitTest>
    <UnitTest name="ValidateNotificationsForEvictingValidValues" storage="d:\v2.0\a1\_work\dbded102\bin\release.anycpu\vssf.client\ms.tf.common.l0.tests\ms.tf.common.l0.tests.dll" priority="1" id="870b698e-95a3-ecf8-6855-28ffc501f01b">
      <Owners>
        <Owner name="paveli" />
      </Owners>
      <Execution id="398fa482-ba60-4b72-a2d4-32e2ea2b186d" />
      <TestMethod codeBase="D:\v2.0\A1\_work\dbded102\bin\Release.AnyCPU\Vssf.Client\MS.TF.Common.L0.Tests\MS.TF.Common.L0.Tests.dll" adapterTypeName="Microsoft.VisualStudio.TestTools.TestTypes.Unit.UnitTestAdapter" className="MS.VS.Services.TFCommon.L0.Tests.Framework.MemoryCacheListTests+NotificationTests" name="ValidateNotificationsForEvictingValidValues" />
    </UnitTest>
    <UnitTest name="ValidateNotificationsForEvictingVeryLargeValue" storage="d:\v2.0\a1\_work\dbded102\bin\release.anycpu\vssf.client\ms.tf.common.l0.tests\ms.tf.common.l0.tests.dll" priority="1" id="69d9dc41-b9fb-4dcd-704d-5355d2cba059">
      <Owners>
        <Owner name="paveli" />
      </Owners>
      <Execution id="38d90fee-5ae2-4379-a156-1d74e9bf32cd" />
      <TestMethod codeBase="D:\v2.0\A1\_work\dbded102\bin\Release.AnyCPU\Vssf.Client\MS.TF.Common.L0.Tests\MS.TF.Common.L0.Tests.dll" adapterTypeName="Microsoft.VisualStudio.TestTools.TestTypes.Unit.UnitTestAdapter" className="MS.VS.Services.TFCommon.L0.Tests.Framework.MemoryCacheListTests+NotificationTests" name="ValidateNotificationsForEvictingVeryLargeValue" />
    </UnitTest>
    <UnitTest name="ItemsAreNotEvictedAfterCacheIsExpanded" storage="d:\v2.0\a1\_work\dbded102\bin\release.anycpu\vssf.client\ms.tf.common.l0.tests\ms.tf.common.l0.tests.dll" priority="1" id="91e533f3-176f-364c-49a7-315bffb6fde2">
      <Owners>
        <Owner name="paveli" />
      </Owners>
      <Execution id="11294590-056f-4126-8477-973b23a23c4d" />
      <TestMethod codeBase="D:\v2.0\A1\_work\dbded102\bin\Release.AnyCPU\Vssf.Client\MS.TF.Common.L0.Tests\MS.TF.Common.L0.Tests.dll" adapterTypeName="Microsoft.VisualStudio.TestTools.TestTypes.Unit.UnitTestAdapter" className="MS.VS.Services.TFCommon.L0.Tests.Framework.MemoryCacheListTests+NotificationTests" name="ItemsAreNotEvictedAfterCacheIsExpanded" />
    </UnitTest>
    <UnitTest name="ItemsAreEvictedAfterCacheIsShrunk" storage="d:\v2.0\a1\_work\dbded102\bin\release.anycpu\vssf.client\ms.tf.common.l0.tests\ms.tf.common.l0.tests.dll" priority="1" id="31c6cb22-5b1d-1a51-039a-2d5235b7b750">
      <Owners>
        <Owner name="paveli" />
      </Owners>
      <Execution id="e760922b-f37f-47e2-811c-ffb6b5802db7" />
      <TestMethod codeBase="D:\v2.0\A1\_work\dbded102\bin\Release.AnyCPU\Vssf.Client\MS.TF.Common.L0.Tests\MS.TF.Common.L0.Tests.dll" adapterTypeName="Microsoft.VisualStudio.TestTools.TestTypes.Unit.UnitTestAdapter" className="MS.VS.Services.TFCommon.L0.Tests.Framework.MemoryCacheListTests+NotificationTests" name="ItemsAreEvictedAfterCacheIsShrunk" />
    </UnitTest>
    <UnitTest name="AllItemsAreEvictedIfCacheLengthIsSetToZero" storage="d:\v2.0\a1\_work\dbded102\bin\release.anycpu\vssf.client\ms.tf.common.l0.tests\ms.tf.common.l0.tests.dll" priority="1" id="f4a35e57-f4b4-651d-047b-84794d984704">
      <Owners>
        <Owner name="paveli" />
      </Owners>
      <Execution id="ca49d759-d34d-49f1-8be8-7584964d3718" />
      <TestMethod codeBase="D:\v2.0\A1\_work\dbded102\bin\Release.AnyCPU\Vssf.Client\MS.TF.Common.L0.Tests\MS.TF.Common.L0.Tests.dll" adapterTypeName="Microsoft.VisualStudio.TestTools.TestTypes.Unit.UnitTestAdapter" className="MS.VS.Services.TFCommon.L0.Tests.Framework.MemoryCacheListTests+NotificationTests" name="AllItemsAreEvictedIfCacheLengthIsSetToZero" />
    </UnitTest>
    <UnitTest name="SettingCacheLimitToNegativeValueThrowsException" storage="d:\v2.0\a1\_work\dbded102\bin\release.anycpu\vssf.client\ms.tf.common.l0.tests\ms.tf.common.l0.tests.dll" priority="1" id="8bf62e66-b052-518b-4714-013b6b813d98">
      <Owners>
        <Owner name="paveli" />
      </Owners>
      <Execution id="a8873d5a-3a2d-4fdd-96f9-d27ed9eca00d" />
      <TestMethod codeBase="D:\v2.0\A1\_work\dbded102\bin\Release.AnyCPU\Vssf.Client\MS.TF.Common.L0.Tests\MS.TF.Common.L0.Tests.dll" adapterTypeName="Microsoft.VisualStudio.TestTools.TestTypes.Unit.UnitTestAdapter" className="MS.VS.Services.TFCommon.L0.Tests.Framework.MemoryCacheListTests+NotificationTests" name="SettingCacheLimitToNegativeValueThrowsException" />
    </UnitTest>
  </TestDefinitions>
  <TestEntries>
    <TestEntry testId="33973082-de47-bc5b-0d09-0846918ee859" executionId="b35e0f09-be33-4e4b-8b30-fcb18ded99e6" testListId="8c84fa94-04c1-424b-9868-57a2d4851a1d" />
    <TestEntry testId="f345960d-f72b-6329-2c71-acf8b3e4e100" executionId="e4e88349-818f-45b5-8dae-b8ab97954c79" testListId="8c84fa94-04c1-424b-9868-57a2d4851a1d" />
    <TestEntry testId="21fc25d4-cf24-3722-d91e-b53b89625c56" executionId="717922e3-bebf-4999-ad62-5aafc9ec16c3" testListId="8c84fa94-04c1-424b-9868-57a2d4851a1d" />
    <TestEntry testId="7c99b21f-8765-e0fb-0cad-f6146a240ec2" executionId="c3caa7e4-e68d-443c-85ad-2935802f4a51" testListId="8c84fa94-04c1-424b-9868-57a2d4851a1d" />
    <TestEntry testId="a3db556a-0426-34c3-1764-2bbd216d6167" executionId="16c88f05-db50-406e-81e0-fcda25586e59" testListId="8c84fa94-04c1-424b-9868-57a2d4851a1d" />
    <TestEntry testId="658ed715-1221-dbbe-d126-d17d3ef8f608" executionId="b73cf9fd-7090-4e8a-89ae-34152d89fa45" testListId="8c84fa94-04c1-424b-9868-57a2d4851a1d" />
    <TestEntry testId="8ba23c40-6ca5-59bc-beba-364eeb29960d" executionId="fed50015-44fa-406e-b750-e4d7572995b4" testListId="8c84fa94-04c1-424b-9868-57a2d4851a1d" />
    <TestEntry testId="e24d5689-eee4-584d-d689-f37fa28a57a6" executionId="b5408778-74af-47ea-893d-5eb307bd263a" testListId="8c84fa94-04c1-424b-9868-57a2d4851a1d" />
    <TestEntry testId="2ded29f1-7c8d-7e74-47c2-1e5680f8cbe1" executionId="af7bfbca-a2d2-4cbb-880f-7404e36d24d5" testListId="8c84fa94-04c1-424b-9868-57a2d4851a1d" />
    <TestEntry testId="d6de9cfe-23c9-030c-ec21-aea5e46b07ba" executionId="b0939431-0746-420a-8f91-b2efcd8a9bf3" testListId="8c84fa94-04c1-424b-9868-57a2d4851a1d" />
    <TestEntry testId="66349d39-f1ef-d20b-436f-785df287676c" executionId="b63a1297-0613-440f-9894-1cc3590162fe" testListId="8c84fa94-04c1-424b-9868-57a2d4851a1d" />
    <TestEntry testId="9830696d-1d98-69bc-d97c-d49254cb9adc" executionId="2c702971-2b85-4b34-a385-6d607af9f2c6" testListId="8c84fa94-04c1-424b-9868-57a2d4851a1d" />
    <TestEntry testId="724131cc-3dcb-b5cf-670f-f66654349251" executionId="e9b9404b-b057-48e8-bfb0-9136fff6cfc9" testListId="8c84fa94-04c1-424b-9868-57a2d4851a1d" />
    <TestEntry testId="c7a00163-1803-b5a3-6240-d5e0f090ae58" executionId="538fe3bc-2562-46eb-bf7b-372dc4a9ad1f" testListId="8c84fa94-04c1-424b-9868-57a2d4851a1d" />
    <TestEntry testId="b2b65e86-230d-a3ba-a1ec-1155cb6e1bff" executionId="b1347865-ec41-44d7-a329-0d2745f13ae0" testListId="8c84fa94-04c1-424b-9868-57a2d4851a1d" />
    <TestEntry testId="fad5a714-2504-eb18-0be7-1f3d2d4f8a9e" executionId="6acfc3af-e04a-43a7-be83-f21ca75deab1" testListId="8c84fa94-04c1-424b-9868-57a2d4851a1d" />
    <TestEntry testId="af81773e-1a9e-a87a-6e34-4804393533aa" executionId="adf950df-6b7d-41c6-bd9e-5723ffbe1bf7" testListId="8c84fa94-04c1-424b-9868-57a2d4851a1d" />
    <TestEntry testId="aad6cda8-c628-0748-e08b-6227b9eb55c0" executionId="5f9bc88c-eec9-4399-9c26-9ffe6da5fe90" testListId="8c84fa94-04c1-424b-9868-57a2d4851a1d" />
    <TestEntry testId="b7dc5bbc-c2b1-bce3-c48e-0430c775cb1e" executionId="bb7fa894-7687-4d09-b826-cd61a2f61cb6" testListId="8c84fa94-04c1-424b-9868-57a2d4851a1d" />
    <TestEntry testId="08ec1f14-0117-ba5d-9138-f6bb28466c21" executionId="ccccb459-53ae-4a46-89c4-a2aee5433d4d" testListId="8c84fa94-04c1-424b-9868-57a2d4851a1d" />
    <TestEntry testId="758cbcfc-116e-14b8-2585-717b8360c0f2" executionId="b9c8fc03-e569-4702-ae72-de7d1bbbccd7" testListId="8c84fa94-04c1-424b-9868-57a2d4851a1d" />
    <TestEntry testId="c579b9b9-83de-e564-eb89-a00928a51df7" executionId="522b2f9e-d341-4234-b631-d84fa304ab3d" testListId="8c84fa94-04c1-424b-9868-57a2d4851a1d" />
    <TestEntry testId="1a71bd4d-2a60-d03c-b0ac-3fe8fec909e8" executionId="a72828c1-63a8-4cfa-a81d-c03a9e4219b9" testListId="8c84fa94-04c1-424b-9868-57a2d4851a1d" />
    <TestEntry testId="71aa54bf-a8ff-97b9-4cc4-7bc67490c6a9" executionId="54dbcbf4-9797-4778-9370-e217b3d54c50" testListId="8c84fa94-04c1-424b-9868-57a2d4851a1d" />
    <TestEntry testId="79422e7a-8bba-a1ca-cd40-04ff59e3adde" executionId="849292b6-bde4-4a14-a37d-236cdd510e6c" testListId="8c84fa94-04c1-424b-9868-57a2d4851a1d" />
    <TestEntry testId="1e399394-dec7-4235-c46d-2316bdbb535d" executionId="4923065b-df12-4b02-9f2b-0c2846766a12" testListId="8c84fa94-04c1-424b-9868-57a2d4851a1d" />
    <TestEntry testId="8d9181bd-c321-dcdf-156d-9d824aa99b3e" executionId="2348ace1-8914-4e9b-bd1e-2fd9010c2c21" testListId="8c84fa94-04c1-424b-9868-57a2d4851a1d" />
    <TestEntry testId="78030367-dbb1-9da7-f11c-e9f89a616928" executionId="960f1f74-d62f-4a91-a0f6-f34777fec78d" testListId="8c84fa94-04c1-424b-9868-57a2d4851a1d" />
    <TestEntry testId="adb671da-0b3f-5015-5a8d-149c34335f44" executionId="2bd86a68-dac7-411e-a0fd-bc07a0ebf6d6" testListId="8c84fa94-04c1-424b-9868-57a2d4851a1d" />
    <TestEntry testId="b16b8339-b54a-5900-14c2-050e82023768" executionId="d9068e10-893c-42ba-95f0-819da040004a" testListId="8c84fa94-04c1-424b-9868-57a2d4851a1d" />
    <TestEntry testId="1f991548-1a3f-fb98-643d-5aa2081b6575" executionId="2e098a00-e5be-4ced-974c-018ec0a682ad" testListId="8c84fa94-04c1-424b-9868-57a2d4851a1d" />
    <TestEntry testId="bbedeced-63ce-10c5-d8b6-11d9f229d1f3" executionId="cd537c3e-9fcd-45ff-a835-7899c84b9b04" testListId="8c84fa94-04c1-424b-9868-57a2d4851a1d" />
    <TestEntry testId="132208a3-d3eb-815f-90a3-5998dd7e6f2a" executionId="58f22889-acd9-403c-a241-9bfe2cacf99f" testListId="8c84fa94-04c1-424b-9868-57a2d4851a1d" />
    <TestEntry testId="317b1fdb-a976-82be-97a4-57ec6889e5df" executionId="89c3a8a4-b875-4a5d-84c2-c0282b8ecebf" testListId="8c84fa94-04c1-424b-9868-57a2d4851a1d" />
    <TestEntry testId="c19d9445-04c8-a156-769e-d05dabe5497e" executionId="78495326-4e17-4d3a-8c0c-b55d92fffd0b" testListId="8c84fa94-04c1-424b-9868-57a2d4851a1d" />
    <TestEntry testId="88443a98-a9eb-b7f0-e6f9-033cede707d5" executionId="290af267-00de-4c11-8da1-3545423ccd65" testListId="8c84fa94-04c1-424b-9868-57a2d4851a1d" />
    <TestEntry testId="567fdd81-b9f6-55a3-740b-b47dcdb25120" executionId="d957fed9-73e5-4b49-bb70-0d6161713372" testListId="8c84fa94-04c1-424b-9868-57a2d4851a1d" />
    <TestEntry testId="1112323e-7da3-a99f-9d2c-cb5f26390564" executionId="3a1e72e8-39b2-4ffd-957d-6f77e5737059" testListId="8c84fa94-04c1-424b-9868-57a2d4851a1d" />
    <TestEntry testId="fc22c72b-17ce-775d-ae8f-3681571b2869" executionId="852a87ac-e996-4c4b-8d33-25203ad723ce" testListId="8c84fa94-04c1-424b-9868-57a2d4851a1d" />
    <TestEntry testId="a1fd0619-3e4e-940c-ee1a-15c1295a0250" executionId="d4d1eff6-77e7-423b-b623-83f8223693da" testListId="8c84fa94-04c1-424b-9868-57a2d4851a1d" />
    <TestEntry testId="54e97e5b-924c-f07f-f479-899cdc85e2da" executionId="7dc67c41-9e98-43d7-802a-2f40c958e48a" testListId="8c84fa94-04c1-424b-9868-57a2d4851a1d" />
    <TestEntry testId="704acfa0-ea3a-52c7-f4ae-aa2906c56db0" executionId="058d6d25-09b4-482e-9a55-ec41cc4c01a7" testListId="8c84fa94-04c1-424b-9868-57a2d4851a1d" />
    <TestEntry testId="1ecd3ddd-58f8-c60f-38a2-0dfea56bce1c" executionId="eedd3687-6a38-4a2d-a714-8de618bfc8f5" testListId="8c84fa94-04c1-424b-9868-57a2d4851a1d" />
    <TestEntry testId="c9a9e4f8-9eb4-2ad7-9e08-fa4413debe5c" executionId="b608ba2a-e80d-4aa5-84f0-9cdb504afb40" testListId="8c84fa94-04c1-424b-9868-57a2d4851a1d" />
    <TestEntry testId="e89cdfd4-ddfb-f7b5-1707-4850bc58f0a3" executionId="5f83bc9b-29f9-4bd8-afad-c36bcaf09913" testListId="8c84fa94-04c1-424b-9868-57a2d4851a1d" />
    <TestEntry testId="61cb2300-5a93-4381-75a4-82ee3449252f" executionId="c68be90a-660a-4cbd-a6a8-b33a8a6b068e" testListId="8c84fa94-04c1-424b-9868-57a2d4851a1d" />
    <TestEntry testId="eeba02e8-fa52-eaef-5b49-9af911e8e928" executionId="3ddb5ef5-6cc7-4dfb-9509-4f19bd67e8e7" testListId="8c84fa94-04c1-424b-9868-57a2d4851a1d" />
    <TestEntry testId="cc246478-ab17-0bd8-b2f4-47a197dd71aa" executionId="bea4c4b2-ba75-4099-96d3-dadb152b8695" testListId="8c84fa94-04c1-424b-9868-57a2d4851a1d" />
    <TestEntry testId="ba8d687f-dde2-88d1-88c4-f116e8abf072" executionId="d4d7ae0d-f457-44d6-b2d0-73b860e83d31" testListId="8c84fa94-04c1-424b-9868-57a2d4851a1d" />
    <TestEntry testId="e05edd6b-ceb7-bffe-5259-f915352d1a27" executionId="0c5b3af0-a539-464d-850f-b12af85f76b5" testListId="8c84fa94-04c1-424b-9868-57a2d4851a1d" />
    <TestEntry testId="9d8fa837-37a8-c6a3-4b57-f53ea82ad9ad" executionId="8b792cbc-ed38-4f44-9bbe-b915792c0fc3" testListId="8c84fa94-04c1-424b-9868-57a2d4851a1d" />
    <TestEntry testId="3dcb859e-ce02-3297-f457-5d01cd181dfa" executionId="1acc82e3-4911-4b52-8437-a52f2a5c99dd" testListId="8c84fa94-04c1-424b-9868-57a2d4851a1d" />
    <TestEntry testId="d9cf35bd-a4fe-d10c-eeb2-36d855d0f508" executionId="67a8cc4d-b836-4e1b-aa9b-ec43292cfc5d" testListId="8c84fa94-04c1-424b-9868-57a2d4851a1d" />
    <TestEntry testId="cc0ed2aa-8e4c-dbe4-1aee-16ce1610d5d9" executionId="17887c26-523c-4622-9a3d-ac74731154de" testListId="8c84fa94-04c1-424b-9868-57a2d4851a1d" />
    <TestEntry testId="76c96252-c444-84c8-3fc8-1db02e9fd48d" executionId="1543c7d5-a367-4003-a5e6-c7817b84fb9a" testListId="8c84fa94-04c1-424b-9868-57a2d4851a1d" />
    <TestEntry testId="a8be1b78-b940-9f9c-4fb4-8b9a6e80a3cc" executionId="b328f076-bab9-4a06-b6ae-d4232f0efa68" testListId="8c84fa94-04c1-424b-9868-57a2d4851a1d" />
    <TestEntry testId="d47d6d0b-127a-82d1-036d-9c9f3c0e7de8" executionId="f41c812b-72b8-4eda-86fd-16aa16f7cbf0" testListId="8c84fa94-04c1-424b-9868-57a2d4851a1d" />
    <TestEntry testId="88e1d648-1861-cd47-f67e-6a61e8f1f7ed" executionId="65e3ccd9-cfb2-498b-91ed-eb49d23f6278" testListId="8c84fa94-04c1-424b-9868-57a2d4851a1d" />
    <TestEntry testId="5ae67603-e08d-d9ab-e52b-c19ccb4d580e" executionId="cd9c7c98-dad6-4126-bdc9-b7194d1e6065" testListId="8c84fa94-04c1-424b-9868-57a2d4851a1d" />
    <TestEntry testId="e43a6cf2-6964-5d4d-9dfc-72c83add16b2" executionId="408b1fd1-1436-40ba-8bd4-9aae1f8bd799" testListId="8c84fa94-04c1-424b-9868-57a2d4851a1d" />
    <TestEntry testId="de04fc6e-783f-1f9b-c764-0382293ff43d" executionId="4257d102-f89f-4252-b539-d790c9356e62" testListId="8c84fa94-04c1-424b-9868-57a2d4851a1d" />
    <TestEntry testId="8572b731-320b-9ea9-0f86-7705ee15c9d5" executionId="4346058c-355e-4709-8125-7c25641bbde5" testListId="8c84fa94-04c1-424b-9868-57a2d4851a1d" />
    <TestEntry testId="10878930-6f54-1483-8e55-da26c660fe21" executionId="fbc7ed7e-b31a-4b5c-bf44-7d6a0ccece32" testListId="8c84fa94-04c1-424b-9868-57a2d4851a1d" />
    <TestEntry testId="870b698e-95a3-ecf8-6855-28ffc501f01b" executionId="398fa482-ba60-4b72-a2d4-32e2ea2b186d" testListId="8c84fa94-04c1-424b-9868-57a2d4851a1d" />
    <TestEntry testId="69d9dc41-b9fb-4dcd-704d-5355d2cba059" executionId="38d90fee-5ae2-4379-a156-1d74e9bf32cd" testListId="8c84fa94-04c1-424b-9868-57a2d4851a1d" />
    <TestEntry testId="91e533f3-176f-364c-49a7-315bffb6fde2" executionId="11294590-056f-4126-8477-973b23a23c4d" testListId="8c84fa94-04c1-424b-9868-57a2d4851a1d" />
    <TestEntry testId="31c6cb22-5b1d-1a51-039a-2d5235b7b750" executionId="e760922b-f37f-47e2-811c-ffb6b5802db7" testListId="8c84fa94-04c1-424b-9868-57a2d4851a1d" />
    <TestEntry testId="f4a35e57-f4b4-651d-047b-84794d984704" executionId="ca49d759-d34d-49f1-8be8-7584964d3718" testListId="8c84fa94-04c1-424b-9868-57a2d4851a1d" />
    <TestEntry testId="8bf62e66-b052-518b-4714-013b6b813d98" executionId="a8873d5a-3a2d-4fdd-96f9-d27ed9eca00d" testListId="8c84fa94-04c1-424b-9868-57a2d4851a1d" />
  </TestEntries>
  <TestLists>
    <TestList name="Results Not in a List" id="8c84fa94-04c1-424b-9868-57a2d4851a1d" />
    <TestList name="All Loaded Results" id="19431567-8539-422a-85d7-44ee4e166bda" />
  </TestLists>
  <ResultSummary outcome="Completed">
    <Counters total="69" executed="69" passed="69" failed="0" error="0" timeout="0" aborted="0" inconclusive="0" passedButRunAborted="0" notRunnable="0" notExecuted="0" disconnected="0" warning="0" completed="0" inProgress="0" pending="0" />
  </ResultSummary>
</TestRun>