<?xml version="1.0" encoding="UTF-8"?>
<TestRun id="226ff851-d38b-4c11-b749-3d45580bc2ce" name="tfsmladm@TFSBUILD11 2015-09-28 09:43:27" runUser="REDMOND\tfsmladm" xmlns="http://microsoft.com/schemas/VisualStudio/TeamTest/2010">
  <Times creation="2015-09-28T09:43:27.5933793-07:00" queuing="2015-09-28T09:43:27.5933793-07:00" start="2015-09-28T09:43:27.5933793-07:00" finish="2015-09-28T09:43:28.2184238-07:00" />
  <TestSettings name="default" id="60962165-b449-45d1-8efa-c49237b19f38">
    <Execution>
      <TestTypeSpecific />
    </Execution>
    <Deployment runDeploymentRoot="tfsmladm_TFSBUILD11 2015-09-28 09_43_27" />
    <Properties />
  </TestSettings>
  <Results>
    <UnitTestResult executionId="67dfec0b-c232-479b-a244-a5af284cffe3" testId="1740ba22-b9e4-7082-4140-c29ef5a806cb" testName="WillThrowForNullResult" computerName="TFSBUILD11" duration="00:00:00.0097111" startTime="2015-09-28T09:43:27.2964829-07:00" endTime="2015-09-28T09:43:27.3433621-07:00" testType="13cdc9d9-ddb5-4fa4-a97d-d965ccfc6d4b" outcome="Passed" testListId="8c84fa94-04c1-424b-9868-57a2d4851a1d" relativeResultsDirectory="67dfec0b-c232-479b-a244-a5af284cffe3" />
    <UnitTestResult executionId="1a329b39-bbc9-4222-9516-92695b4656bb" testId="3b5d292c-9e1f-ea51-bd97-30b93bd9462f" testName="WillBuildOrderDictionaryForLinkQuery" computerName="TFSBUILD11" duration="00:00:00.0099743" startTime="2015-09-28T09:43:27.3589880-07:00" endTime="2015-09-28T09:43:27.3746138-07:00" testType="13cdc9d9-ddb5-4fa4-a97d-d965ccfc6d4b" outcome="Passed" testListId="8c84fa94-04c1-424b-9868-57a2d4851a1d" relativeResultsDirectory="1a329b39-bbc9-4222-9516-92695b4656bb" />
    <UnitTestResult executionId="4ce64891-2287-4063-a8a8-fb4398bf7f3c" testId="257dabab-1559-fc02-c249-9490e5e04a8d" testName="WillBuildOrderDictionaryForFlatQuery" computerName="TFSBUILD11" duration="00:00:00.0022678" startTime="2015-09-28T09:43:27.3746138-07:00" endTime="2015-09-28T09:43:27.3746138-07:00" testType="13cdc9d9-ddb5-4fa4-a97d-d965ccfc6d4b" outcome="Passed" testListId="8c84fa94-04c1-424b-9868-57a2d4851a1d" relativeResultsDirectory="4ce64891-2287-4063-a8a8-fb4398bf7f3c" />
    <UnitTestResult executionId="70820d2f-b571-403e-b37e-e06cc6109764" testId="fda4964f-96de-9b07-fdcf-eba7ecd24b47" testName="WillEvaluateItemInOwnedPathAsOwned" computerName="TFSBUILD11" duration="00:00:00.1693231" startTime="2015-09-28T09:43:27.3746138-07:00" endTime="2015-09-28T09:43:27.5465013-07:00" testType="13cdc9d9-ddb5-4fa4-a97d-d965ccfc6d4b" outcome="Passed" testListId="8c84fa94-04c1-424b-9868-57a2d4851a1d" relativeResultsDirectory="70820d2f-b571-403e-b37e-e06cc6109764" />
    <UnitTestResult executionId="0a54570e-25cf-48d6-8798-87b23850472d" testId="2bfd6694-40e7-7b96-3102-f444e0ad72df" testName="WillEvaluateItemUnderOwnedPathAsOwned" computerName="TFSBUILD11" duration="00:00:00.0015945" startTime="2015-09-28T09:43:27.5465013-07:00" endTime="2015-09-28T09:43:27.5465013-07:00" testType="13cdc9d9-ddb5-4fa4-a97d-d965ccfc6d4b" outcome="Passed" testListId="8c84fa94-04c1-424b-9868-57a2d4851a1d" relativeResultsDirectory="0a54570e-25cf-48d6-8798-87b23850472d" />
    <UnitTestResult executionId="df7a50e9-afba-4f45-8b30-7ab995e3f7d4" testId="0375095d-e40e-b3ae-a181-1c88f3e7e588" testName="WillEvaluateItemUnderOwnedPathWithoutChildrenAsUnowned" computerName="TFSBUILD11" duration="00:00:00.0008063" startTime="2015-09-28T09:43:27.5465013-07:00" endTime="2015-09-28T09:43:27.5465013-07:00" testType="13cdc9d9-ddb5-4fa4-a97d-d965ccfc6d4b" outcome="Passed" testListId="8c84fa94-04c1-424b-9868-57a2d4851a1d" relativeResultsDirectory="df7a50e9-afba-4f45-8b30-7ab995e3f7d4" />
    <UnitTestResult executionId="47f1cb29-9a6f-4f46-944d-73d836e037cf" testId="0c37189e-8d93-3368-d48c-26aaf0fd87bc" testName="WillThrowForNullArguments" computerName="TFSBUILD11" duration="00:00:00.0005407" startTime="2015-09-28T09:43:27.5465013-07:00" endTime="2015-09-28T09:43:27.5465013-07:00" testType="13cdc9d9-ddb5-4fa4-a97d-d965ccfc6d4b" outcome="Passed" testListId="8c84fa94-04c1-424b-9868-57a2d4851a1d" relativeResultsDirectory="47f1cb29-9a6f-4f46-944d-73d836e037cf" />
    <UnitTestResult executionId="31f72e2b-8da3-4b13-b427-142589c6190b" testId="107e8497-674b-bc00-2da2-383b7094a5b1" testName="WillThrowForNullResult" computerName="TFSBUILD11" duration="00:00:00.0004462" startTime="2015-09-28T09:43:27.5465013-07:00" endTime="2015-09-28T09:43:27.5465013-07:00" testType="13cdc9d9-ddb5-4fa4-a97d-d965ccfc6d4b" outcome="Passed" testListId="8c84fa94-04c1-424b-9868-57a2d4851a1d" relativeResultsDirectory="31f72e2b-8da3-4b13-b427-142589c6190b" />
    <UnitTestResult executionId="dae8afce-6e38-4b6a-b84b-c1e47a662cd4" testId="9ad3d3da-9322-aa7f-af6f-4b285b25cbc7" testName="WillBuildTreeForAndLeafsDrillDownLinkQuery" computerName="TFSBUILD11" duration="00:00:00.0075056" startTime="2015-09-28T09:43:27.5465013-07:00" endTime="2015-09-28T09:43:27.5621283-07:00" testType="13cdc9d9-ddb5-4fa4-a97d-d965ccfc6d4b" outcome="Passed" testListId="8c84fa94-04c1-424b-9868-57a2d4851a1d" relativeResultsDirectory="dae8afce-6e38-4b6a-b84b-c1e47a662cd4" />
    <UnitTestResult executionId="8fbe3c3c-9282-43aa-8b8f-414842e12a3f" testId="96007fc1-4ba3-c9a5-627e-690d6b130db0" testName="WillBuildTreeAndLeafsForDrillUpLinkQuery" computerName="TFSBUILD11" duration="00:00:00.0035273" startTime="2015-09-28T09:43:27.5621283-07:00" endTime="2015-09-28T09:43:27.5621283-07:00" testType="13cdc9d9-ddb5-4fa4-a97d-d965ccfc6d4b" outcome="Passed" testListId="8c84fa94-04c1-424b-9868-57a2d4851a1d" relativeResultsDirectory="8fbe3c3c-9282-43aa-8b8f-414842e12a3f" />
    <UnitTestResult executionId="5b2e8177-c405-4d38-b718-65fe11532a02" testId="7f985d7e-c40c-948a-3bf5-8e9e952df9cf" testName="WillTrimTreeToGivenWorkitems" computerName="TFSBUILD11" duration="00:00:00.0017479" startTime="2015-09-28T09:43:27.5621283-07:00" endTime="2015-09-28T09:43:27.5621283-07:00" testType="13cdc9d9-ddb5-4fa4-a97d-d965ccfc6d4b" outcome="Passed" testListId="8c84fa94-04c1-424b-9868-57a2d4851a1d" relativeResultsDirectory="5b2e8177-c405-4d38-b718-65fe11532a02" />
    <UnitTestResult executionId="ce4dac8a-84aa-41d8-87cc-1cd66d472f69" testId="727b356f-091f-462f-6729-d7761e778e62" testName="WillTrimTreeWithLeafInSubTree" computerName="TFSBUILD11" duration="00:00:00.0009639" startTime="2015-09-28T09:43:27.5621283-07:00" endTime="2015-09-28T09:43:27.5621283-07:00" testType="13cdc9d9-ddb5-4fa4-a97d-d965ccfc6d4b" outcome="Passed" testListId="8c84fa94-04c1-424b-9868-57a2d4851a1d" relativeResultsDirectory="ce4dac8a-84aa-41d8-87cc-1cd66d472f69" />
    <UnitTestResult executionId="2decdd31-bafd-4389-8d5e-d9b1f36c5608" testId="7d8bef2a-de01-a36d-2356-a0ece81f61ec" testName="WillRemoveSubTreesWithoutMatchingLeaf" computerName="TFSBUILD11" duration="00:00:00.0008940" startTime="2015-09-28T09:43:27.5621283-07:00" endTime="2015-09-28T09:43:27.5621283-07:00" testType="13cdc9d9-ddb5-4fa4-a97d-d965ccfc6d4b" outcome="Passed" testListId="8c84fa94-04c1-424b-9868-57a2d4851a1d" relativeResultsDirectory="2decdd31-bafd-4389-8d5e-d9b1f36c5608" />
    <UnitTestResult executionId="249c1214-ae9d-4166-95cc-c82fb42436f5" testId="2594112e-61b1-6dc2-ead6-092d2aefb407" testName="WillMergeTrees" computerName="TFSBUILD11" duration="00:00:00.0015192" startTime="2015-09-28T09:43:27.5621283-07:00" endTime="2015-09-28T09:43:27.5777535-07:00" testType="13cdc9d9-ddb5-4fa4-a97d-d965ccfc6d4b" outcome="Passed" testListId="8c84fa94-04c1-424b-9868-57a2d4851a1d" relativeResultsDirectory="249c1214-ae9d-4166-95cc-c82fb42436f5" />
    <UnitTestResult executionId="33814c54-e46a-4207-b52c-21bb76f37dcc" testId="7d6b23e3-32f7-e897-231f-25657943e23e" testName="WillNotMergeTreesWithoutMatchingLeafs" computerName="TFSBUILD11" duration="00:00:00.0008527" startTime="2015-09-28T09:43:27.5777535-07:00" endTime="2015-09-28T09:43:27.5777535-07:00" testType="13cdc9d9-ddb5-4fa4-a97d-d965ccfc6d4b" outcome="Passed" testListId="8c84fa94-04c1-424b-9868-57a2d4851a1d" relativeResultsDirectory="33814c54-e46a-4207-b52c-21bb76f37dcc" />
    <UnitTestResult executionId="f38c6489-000b-48da-89a8-28fabbda087c" testId="fdf70033-ad23-d3bf-bda8-3f8247808b85" testName="WillMergeTreesWithConflictingLeafs" computerName="TFSBUILD11" duration="00:00:00.0012293" startTime="2015-09-28T09:43:27.5777535-07:00" endTime="2015-09-28T09:43:27.5777535-07:00" testType="13cdc9d9-ddb5-4fa4-a97d-d965ccfc6d4b" outcome="Passed" testListId="8c84fa94-04c1-424b-9868-57a2d4851a1d" relativeResultsDirectory="f38c6489-000b-48da-89a8-28fabbda087c" />
    <UnitTestResult executionId="b27aed9e-4445-4c52-8889-aea44fa2e267" testId="3b0ec87b-fb4f-6192-464d-685cdf0199b9" testName="WillMergeTreesWithLeftLeafBeingRightMiddleElement" computerName="TFSBUILD11" duration="00:00:00.0012979" startTime="2015-09-28T09:43:27.5777535-07:00" endTime="2015-09-28T09:43:27.5777535-07:00" testType="13cdc9d9-ddb5-4fa4-a97d-d965ccfc6d4b" outcome="Passed" testListId="8c84fa94-04c1-424b-9868-57a2d4851a1d" relativeResultsDirectory="b27aed9e-4445-4c52-8889-aea44fa2e267" />
    <UnitTestResult executionId="2240fafc-6cbb-46c4-b205-84d2417f75ed" testId="28390acd-93f6-013f-aa10-59825fea0d02" testName="WillMergeTreesWithMatchingMiddleElement" computerName="TFSBUILD11" duration="00:00:00.0011531" startTime="2015-09-28T09:43:27.5777535-07:00" endTime="2015-09-28T09:43:27.5777535-07:00" testType="13cdc9d9-ddb5-4fa4-a97d-d965ccfc6d4b" outcome="Passed" testListId="8c84fa94-04c1-424b-9868-57a2d4851a1d" relativeResultsDirectory="2240fafc-6cbb-46c4-b205-84d2417f75ed" />
    <UnitTestResult executionId="ec62615e-2b71-42c1-b569-e14c471d4076" testId="d10ddfb2-94bf-bb72-2d21-42547038bc33" testName="NullArgumentsShouldThrow" computerName="TFSBUILD11" duration="00:00:00.0072046" startTime="2015-09-28T09:43:27.5777535-07:00" endTime="2015-09-28T09:43:27.5777535-07:00" testType="13cdc9d9-ddb5-4fa4-a97d-d965ccfc6d4b" outcome="Passed" testListId="8c84fa94-04c1-424b-9868-57a2d4851a1d" relativeResultsDirectory="ec62615e-2b71-42c1-b569-e14c471d4076" />
    <UnitTestResult executionId="dc569991-562e-49fc-9720-d78c0cd7eb5c" testId="1f0b05ed-5473-95c9-3b09-a580141649d2" testName="WithoutShowParentsShouldSucceed" computerName="TFSBUILD11" duration="00:00:00.4291054" startTime="2015-09-28T09:43:27.5777535-07:00" endTime="2015-09-28T09:43:28.0152843-07:00" testType="13cdc9d9-ddb5-4fa4-a97d-d965ccfc6d4b" outcome="Passed" testListId="8c84fa94-04c1-424b-9868-57a2d4851a1d" relativeResultsDirectory="dc569991-562e-49fc-9720-d78c0cd7eb5c" />
    <UnitTestResult executionId="6207c0ed-b4d4-4e75-b7be-affd0d19c74e" testId="86d39563-aafa-0aca-c855-28bd2d5db704" testName="WithShowParentsShouldSucceed" computerName="TFSBUILD11" duration="00:00:00.0279340" startTime="2015-09-28T09:43:28.0152843-07:00" endTime="2015-09-28T09:43:28.0465366-07:00" testType="13cdc9d9-ddb5-4fa4-a97d-d965ccfc6d4b" outcome="Passed" testListId="8c84fa94-04c1-424b-9868-57a2d4851a1d" relativeResultsDirectory="6207c0ed-b4d4-4e75-b7be-affd0d19c74e" />
    <UnitTestResult executionId="bb0eb1d6-b327-417a-847e-2ef1cfdbd261" testId="6152f37b-239c-27e2-98b2-10ed1421ced1" testName="WillInjectIfOrphanItems" computerName="TFSBUILD11" duration="00:00:00.0134522" startTime="2015-09-28T09:43:28.0465366-07:00" endTime="2015-09-28T09:43:28.0621627-07:00" testType="13cdc9d9-ddb5-4fa4-a97d-d965ccfc6d4b" outcome="Passed" testListId="8c84fa94-04c1-424b-9868-57a2d4851a1d" relativeResultsDirectory="bb0eb1d6-b327-417a-847e-2ef1cfdbd261" />
    <UnitTestResult executionId="35d419c7-5571-43b3-a45d-5a901ba4910e" testId="092cd5cb-c91a-ec1f-3cbe-4070f7f948a3" testName="WillNotInjectIfNoOrphanItems" computerName="TFSBUILD11" duration="00:00:00.0078515" startTime="2015-09-28T09:43:28.0621627-07:00" endTime="2015-09-28T09:43:28.0621627-07:00" testType="13cdc9d9-ddb5-4fa4-a97d-d965ccfc6d4b" outcome="Passed" testListId="8c84fa94-04c1-424b-9868-57a2d4851a1d" relativeResultsDirectory="35d419c7-5571-43b3-a45d-5a901ba4910e" />
    <UnitTestResult executionId="374c1875-967d-49fd-a1f5-d4f1094eb050" testId="5157899f-d12c-b63b-2f98-c0f40a2d60a0" testName="WillInjectForHiddenLevelWithinVisibleStack" computerName="TFSBUILD11" duration="00:00:00.0096059" startTime="2015-09-28T09:43:28.0621627-07:00" endTime="2015-09-28T09:43:28.0777885-07:00" testType="13cdc9d9-ddb5-4fa4-a97d-d965ccfc6d4b" outcome="Passed" testListId="8c84fa94-04c1-424b-9868-57a2d4851a1d" relativeResultsDirectory="374c1875-967d-49fd-a1f5-d4f1094eb050" />
    <UnitTestResult executionId="49976354-35ed-4f37-b658-6763c354ed1f" testId="412ad2da-33f9-1dbc-079e-83dfd5bae5c7" testName="WillNotInjectForHiddenLevelAboveVisibleStack" computerName="TFSBUILD11" duration="00:00:00.0083020" startTime="2015-09-28T09:43:28.0777885-07:00" endTime="2015-09-28T09:43:28.0777885-07:00" testType="13cdc9d9-ddb5-4fa4-a97d-d965ccfc6d4b" outcome="Passed" testListId="8c84fa94-04c1-424b-9868-57a2d4851a1d" relativeResultsDirectory="49976354-35ed-4f37-b658-6763c354ed1f" />
    <UnitTestResult executionId="fe0d2ac3-d035-435f-a44d-0e4f0456975a" testId="a8e1c34d-ca99-1b79-c577-a53ec5abe264" testName="WillFlattenEmptyHierarchy" computerName="TFSBUILD11" duration="00:00:00.0119947" startTime="2015-09-28T09:43:28.0777885-07:00" endTime="2015-09-28T09:43:28.0934149-07:00" testType="13cdc9d9-ddb5-4fa4-a97d-d965ccfc6d4b" outcome="Passed" testListId="8c84fa94-04c1-424b-9868-57a2d4851a1d" relativeResultsDirectory="fe0d2ac3-d035-435f-a44d-0e4f0456975a" />
    <UnitTestResult executionId="42a9aaca-dc74-459c-8146-013570f2eca0" testId="feb4f101-3fbe-5c59-5f27-f8d09c675e4a" testName="WillSortChildren" computerName="TFSBUILD11" duration="00:00:00.0141189" startTime="2015-09-28T09:43:28.0934149-07:00" endTime="2015-09-28T09:43:28.1090407-07:00" testType="13cdc9d9-ddb5-4fa4-a97d-d965ccfc6d4b" outcome="Passed" testListId="8c84fa94-04c1-424b-9868-57a2d4851a1d" relativeResultsDirectory="42a9aaca-dc74-459c-8146-013570f2eca0" />
    <UnitTestResult executionId="9e066d89-98e8-4544-9d78-4327e67c70b3" testId="86cb5d59-83d2-8e8a-2259-94a6fea4da46" testName="WillFlattenHierarchy" computerName="TFSBUILD11" duration="00:00:00.0101640" startTime="2015-09-28T09:43:28.1090407-07:00" endTime="2015-09-28T09:43:28.1246671-07:00" testType="13cdc9d9-ddb5-4fa4-a97d-d965ccfc6d4b" outcome="Passed" testListId="8c84fa94-04c1-424b-9868-57a2d4851a1d" relativeResultsDirectory="9e066d89-98e8-4544-9d78-4327e67c70b3" />
    <UnitTestResult executionId="51ddffbb-9493-4cda-a420-abab799164c9" testId="60119532-f65c-0a3b-c982-5c3f30fb65a0" testName="WillPageCorrectlyWithNullData" computerName="TFSBUILD11" duration="00:00:00.0096961" startTime="2015-09-28T09:43:28.1246671-07:00" endTime="2015-09-28T09:43:28.1246671-07:00" testType="13cdc9d9-ddb5-4fa4-a97d-d965ccfc6d4b" outcome="Passed" testListId="8c84fa94-04c1-424b-9868-57a2d4851a1d" relativeResultsDirectory="51ddffbb-9493-4cda-a420-abab799164c9" />
    <UnitTestResult executionId="ab69f45c-7bdf-494c-8a69-e475d8f527b6" testId="c6d1bc8c-58e0-8901-9548-6d56da9af20e" testName="WillPageAllItemsForBacklogLessThanPagesize" computerName="TFSBUILD11" duration="00:00:00.0144227" startTime="2015-09-28T09:43:28.1246671-07:00" endTime="2015-09-28T09:43:28.1402935-07:00" testType="13cdc9d9-ddb5-4fa4-a97d-d965ccfc6d4b" outcome="Passed" testListId="8c84fa94-04c1-424b-9868-57a2d4851a1d" relativeResultsDirectory="ab69f45c-7bdf-494c-8a69-e475d8f527b6" />
    <UnitTestResult executionId="1d90ce40-5061-4763-ac22-0c738634c68b" testId="962306f8-9aac-9ead-4adb-58826902f4fe" testName="WillPageAllItemsForBacklogLessThanPagesizeWithParents" computerName="TFSBUILD11" duration="00:00:00.0083717" startTime="2015-09-28T09:43:28.1402935-07:00" endTime="2015-09-28T09:43:28.1559196-07:00" testType="13cdc9d9-ddb5-4fa4-a97d-d965ccfc6d4b" outcome="Passed" testListId="8c84fa94-04c1-424b-9868-57a2d4851a1d" relativeResultsDirectory="1d90ce40-5061-4763-ac22-0c738634c68b" />
    <UnitTestResult executionId="2d05ad38-bd3d-455f-a823-844efcd4b8be" testId="283b439b-355d-20a8-fc45-523ffa1c9462" testName="WillPageParentsUsingDFSStrategyWhenMoreThanPagesize" computerName="TFSBUILD11" duration="00:00:00.0124262" startTime="2015-09-28T09:43:28.1559196-07:00" endTime="2015-09-28T09:43:28.1715457-07:00" testType="13cdc9d9-ddb5-4fa4-a97d-d965ccfc6d4b" outcome="Passed" testListId="8c84fa94-04c1-424b-9868-57a2d4851a1d" relativeResultsDirectory="2d05ad38-bd3d-455f-a823-844efcd4b8be" />
    <UnitTestResult executionId="90759a10-0196-45d1-b166-8e453cb77348" testId="ab339a63-f18e-42a2-3837-1b2e1d6a0936" testName="WillPageAllParentsAndDrillDownBFSWhenParentsLessThanPageSize" computerName="TFSBUILD11" duration="00:00:00.0099808" startTime="2015-09-28T09:43:28.1715457-07:00" endTime="2015-09-28T09:43:28.1715457-07:00" testType="13cdc9d9-ddb5-4fa4-a97d-d965ccfc6d4b" outcome="Passed" testListId="8c84fa94-04c1-424b-9868-57a2d4851a1d" relativeResultsDirectory="90759a10-0196-45d1-b166-8e453cb77348" />
    <UnitTestResult executionId="abfcc0e9-0207-4d9a-b022-259eec0d47c2" testId="dba7a5c2-dfc0-621a-98df-1a000f48bf35" testName="WillPageDrillDownItemsUsingBFSWhenMoreThanPagesizeAndNoParents" computerName="TFSBUILD11" duration="00:00:00.0067996" startTime="2015-09-28T09:43:28.1715457-07:00" endTime="2015-09-28T09:43:28.1871716-07:00" testType="13cdc9d9-ddb5-4fa4-a97d-d965ccfc6d4b" outcome="Passed" testListId="8c84fa94-04c1-424b-9868-57a2d4851a1d" relativeResultsDirectory="abfcc0e9-0207-4d9a-b022-259eec0d47c2" />
    <UnitTestResult executionId="47ec5e87-8546-43b3-ae55-695383484c2d" testId="b29db4a6-6e8b-8104-47cb-f689f612bd21" testName="WillMaintainOrderForSameElements" computerName="TFSBUILD11" duration="00:00:00.0010672" startTime="2015-09-28T09:43:28.1871716-07:00" endTime="2015-09-28T09:43:28.1871716-07:00" testType="13cdc9d9-ddb5-4fa4-a97d-d965ccfc6d4b" outcome="Passed" testListId="8c84fa94-04c1-424b-9868-57a2d4851a1d" relativeResultsDirectory="47ec5e87-8546-43b3-ae55-695383484c2d" />
    <UnitTestResult executionId="841279f5-61b9-46f4-aba3-6a3891f18912" testId="117d75e1-1a79-6f50-6a22-47cb96c05e5f" testName="WillOrderVirtualItemsToBottom" computerName="TFSBUILD11" duration="00:00:00.0001570" startTime="2015-09-28T09:43:28.1871716-07:00" endTime="2015-09-28T09:43:28.1871716-07:00" testType="13cdc9d9-ddb5-4fa4-a97d-d965ccfc6d4b" outcome="Passed" testListId="8c84fa94-04c1-424b-9868-57a2d4851a1d" relativeResultsDirectory="841279f5-61b9-46f4-aba3-6a3891f18912" />
    <UnitTestResult executionId="a981f73c-9905-40cf-ac57-2c41c52ff15f" testId="a215de87-a470-d52a-9930-616ff7b19e0d" testName="WillOrderOwnedWorkItemsBeforeUnowned" computerName="TFSBUILD11" duration="00:00:00.0016159" startTime="2015-09-28T09:43:28.1871716-07:00" endTime="2015-09-28T09:43:28.1871716-07:00" testType="13cdc9d9-ddb5-4fa4-a97d-d965ccfc6d4b" outcome="Passed" testListId="8c84fa94-04c1-424b-9868-57a2d4851a1d" relativeResultsDirectory="a981f73c-9905-40cf-ac57-2c41c52ff15f" />
    <UnitTestResult executionId="af08858e-20a2-407b-ac56-56ac42ac552a" testId="9cddf5dd-3ff0-362a-8296-321d793e0667" testName="WillOrderUnownedWorkItemsAfterOwned" computerName="TFSBUILD11" duration="00:00:00.0001715" startTime="2015-09-28T09:43:28.1871716-07:00" endTime="2015-09-28T09:43:28.1871716-07:00" testType="13cdc9d9-ddb5-4fa4-a97d-d965ccfc6d4b" outcome="Passed" testListId="8c84fa94-04c1-424b-9868-57a2d4851a1d" relativeResultsDirectory="af08858e-20a2-407b-ac56-56ac42ac552a" />
    <UnitTestResult executionId="cf707855-3719-41a2-8477-012da1fe2fa1" testId="5f68ba83-e048-2af7-62e4-d4f9b9010a46" testName="WillUseOrderFromOwnershipQueryForOwnedItems" computerName="TFSBUILD11" duration="00:00:00.0002227" startTime="2015-09-28T09:43:28.1871716-07:00" endTime="2015-09-28T09:43:28.1871716-07:00" testType="13cdc9d9-ddb5-4fa4-a97d-d965ccfc6d4b" outcome="Passed" testListId="8c84fa94-04c1-424b-9868-57a2d4851a1d" relativeResultsDirectory="cf707855-3719-41a2-8477-012da1fe2fa1" />
    <UnitTestResult executionId="c826199a-602d-40e0-bb38-e92f4a1f1712" testId="f8dcffd9-09ce-5c01-0f2a-8e07dfd20820" testName="WillUseOrderFromDrillDownQueryForUnownedItems" computerName="TFSBUILD11" duration="00:00:00.0001965" startTime="2015-09-28T09:43:28.1871716-07:00" endTime="2015-09-28T09:43:28.1871716-07:00" testType="13cdc9d9-ddb5-4fa4-a97d-d965ccfc6d4b" outcome="Passed" testListId="8c84fa94-04c1-424b-9868-57a2d4851a1d" relativeResultsDirectory="c826199a-602d-40e0-bb38-e92f4a1f1712" />
    <UnitTestResult executionId="a0b14571-df92-456c-ad4e-2ba7ac748721" testId="9db285d5-a145-63c6-e46e-4f03481c377d" testName="WillOrderOwnedParentsBeforeUnownedParents" computerName="TFSBUILD11" duration="00:00:00.0037631" startTime="2015-09-28T09:43:28.1871716-07:00" endTime="2015-09-28T09:43:28.1871716-07:00" testType="13cdc9d9-ddb5-4fa4-a97d-d965ccfc6d4b" outcome="Passed" testListId="8c84fa94-04c1-424b-9868-57a2d4851a1d" relativeResultsDirectory="a0b14571-df92-456c-ad4e-2ba7ac748721" />
    <UnitTestResult executionId="36b00099-c747-4ff6-b565-65ff3625e5e1" testId="4aa45813-9360-48f4-e918-448fb44ec820" testName="WillOrderUnownedParentsAfterOwnedParents" computerName="TFSBUILD11" duration="00:00:00.0008507" startTime="2015-09-28T09:43:28.1871716-07:00" endTime="2015-09-28T09:43:28.1871716-07:00" testType="13cdc9d9-ddb5-4fa4-a97d-d965ccfc6d4b" outcome="Passed" testListId="8c84fa94-04c1-424b-9868-57a2d4851a1d" relativeResultsDirectory="36b00099-c747-4ff6-b565-65ff3625e5e1" />
    <UnitTestResult executionId="90134f27-42fc-4fe4-8704-3159068cb318" testId="c048a388-2f86-8eb0-6bdf-c25ee8164d12" testName="WillOrderOwnedParentsByOrderFieldValue" computerName="TFSBUILD11" duration="00:00:00.0010387" startTime="2015-09-28T09:43:28.1871716-07:00" endTime="2015-09-28T09:43:28.1871716-07:00" testType="13cdc9d9-ddb5-4fa4-a97d-d965ccfc6d4b" outcome="Passed" testListId="8c84fa94-04c1-424b-9868-57a2d4851a1d" relativeResultsDirectory="90134f27-42fc-4fe4-8704-3159068cb318" />
    <UnitTestResult executionId="12e0ad9c-6165-47bc-8ba8-6b041b90cafe" testId="240d1405-6be4-d792-b6ab-f49d618796cc" testName="WillOrderUnownedParentsByTeamFieldValue" computerName="TFSBUILD11" duration="00:00:00.0010490" startTime="2015-09-28T09:43:28.1871716-07:00" endTime="2015-09-28T09:43:28.1871716-07:00" testType="13cdc9d9-ddb5-4fa4-a97d-d965ccfc6d4b" outcome="Passed" testListId="8c84fa94-04c1-424b-9868-57a2d4851a1d" relativeResultsDirectory="12e0ad9c-6165-47bc-8ba8-6b041b90cafe" />
    <UnitTestResult executionId="9a578068-64d4-4e37-956d-5b7ce964c8d2" testId="d7bdf4ce-7451-5163-82fd-8d8cb91aac2e" testName="WillOrderUnownedParentsByOrderFieldValueForSameTeamFieldValue" computerName="TFSBUILD11" duration="00:00:00.0008644" startTime="2015-09-28T09:43:28.1871716-07:00" endTime="2015-09-28T09:43:28.1871716-07:00" testType="13cdc9d9-ddb5-4fa4-a97d-d965ccfc6d4b" outcome="Passed" testListId="8c84fa94-04c1-424b-9868-57a2d4851a1d" relativeResultsDirectory="9a578068-64d4-4e37-956d-5b7ce964c8d2" />
    <UnitTestResult executionId="2b7059ff-8bcc-496c-8529-d7a416e594c1" testId="48ab4151-261b-52dc-fdd9-69752c627281" testName="WillOrderUnownedParentBelowAllItems" computerName="TFSBUILD11" duration="00:00:00.0010345" startTime="2015-09-28T09:43:28.1871716-07:00" endTime="2015-09-28T09:43:28.2027977-07:00" testType="13cdc9d9-ddb5-4fa4-a97d-d965ccfc6d4b" outcome="Passed" testListId="8c84fa94-04c1-424b-9868-57a2d4851a1d" relativeResultsDirectory="2b7059ff-8bcc-496c-8529-d7a416e594c1" />
    <UnitTestResult executionId="2a177b4d-6f32-41b3-acdc-e0f84fcb133e" testId="519deb02-e0be-f255-282d-3363171ffd05" testName="WillOrderOwnedParentAboveAllItems" computerName="TFSBUILD11" duration="00:00:00.0015163" startTime="2015-09-28T09:43:28.2027977-07:00" endTime="2015-09-28T09:43:28.2027977-07:00" testType="13cdc9d9-ddb5-4fa4-a97d-d965ccfc6d4b" outcome="Passed" testListId="8c84fa94-04c1-424b-9868-57a2d4851a1d" relativeResultsDirectory="2a177b4d-6f32-41b3-acdc-e0f84fcb133e" />
  </Results>
  <TestDefinitions>
    <UnitTest name="WillThrowForNullResult" storage="d:\v2.0\a1\_work\dbded102\bin\release.anycpu\tfs.service\ms.tf.agile.server.l0.tests\ms.tf.agile.server.l0.tests.dll" id="1740ba22-b9e4-7082-4140-c29ef5a806cb">
      <Owners>
        <Owner name="vscsbacklogs" />
      </Owners>
      <Execution id="67dfec0b-c232-479b-a244-a5af284cffe3" />
      <TestMethod codeBase="D:\v2.0\A1\_work\dbded102\bin\Release.AnyCPU\Tfs.Service\MS.TF.Agile.Server.L0.Tests\MS.TF.Agile.Server.L0.Tests.dll" adapterTypeName="Microsoft.VisualStudio.TestTools.TestTypes.Unit.UnitTestAdapter" className="MS.TF.Agile.Server.L0.Tests.Backlog.OrderedWorkItemResultTests" name="WillThrowForNullResult" />
    </UnitTest>
    <UnitTest name="WillBuildOrderDictionaryForLinkQuery" storage="d:\v2.0\a1\_work\dbded102\bin\release.anycpu\tfs.service\ms.tf.agile.server.l0.tests\ms.tf.agile.server.l0.tests.dll" id="3b5d292c-9e1f-ea51-bd97-30b93bd9462f">
      <Owners>
        <Owner name="vscsbacklogs" />
      </Owners>
      <Execution id="1a329b39-bbc9-4222-9516-92695b4656bb" />
      <TestMethod codeBase="D:\v2.0\A1\_work\dbded102\bin\Release.AnyCPU\Tfs.Service\MS.TF.Agile.Server.L0.Tests\MS.TF.Agile.Server.L0.Tests.dll" adapterTypeName="Microsoft.VisualStudio.TestTools.TestTypes.Unit.UnitTestAdapter" className="MS.TF.Agile.Server.L0.Tests.Backlog.OrderedWorkItemResultTests" name="WillBuildOrderDictionaryForLinkQuery" />
    </UnitTest>
    <UnitTest name="WillBuildOrderDictionaryForFlatQuery" storage="d:\v2.0\a1\_work\dbded102\bin\release.anycpu\tfs.service\ms.tf.agile.server.l0.tests\ms.tf.agile.server.l0.tests.dll" id="257dabab-1559-fc02-c249-9490e5e04a8d">
      <Owners>
        <Owner name="vscsbacklogs" />
      </Owners>
      <Execution id="4ce64891-2287-4063-a8a8-fb4398bf7f3c" />
      <TestMethod codeBase="D:\v2.0\A1\_work\dbded102\bin\Release.AnyCPU\Tfs.Service\MS.TF.Agile.Server.L0.Tests\MS.TF.Agile.Server.L0.Tests.dll" adapterTypeName="Microsoft.VisualStudio.TestTools.TestTypes.Unit.UnitTestAdapter" className="MS.TF.Agile.Server.L0.Tests.Backlog.OrderedWorkItemResultTests" name="WillBuildOrderDictionaryForFlatQuery" />
    </UnitTest>
    <UnitTest name="WillEvaluateItemInOwnedPathAsOwned" storage="d:\v2.0\a1\_work\dbded102\bin\release.anycpu\tfs.service\ms.tf.agile.server.l0.tests\ms.tf.agile.server.l0.tests.dll" id="fda4964f-96de-9b07-fdcf-eba7ecd24b47">
      <Owners>
        <Owner name="vscsbacklogs" />
      </Owners>
      <Execution id="70820d2f-b571-403e-b37e-e06cc6109764" />
      <TestMethod codeBase="D:\v2.0\A1\_work\dbded102\bin\Release.AnyCPU\Tfs.Service\MS.TF.Agile.Server.L0.Tests\MS.TF.Agile.Server.L0.Tests.dll" adapterTypeName="Microsoft.VisualStudio.TestTools.TestTypes.Unit.UnitTestAdapter" className="MS.TF.Agile.Server.L0.Tests.Backlog.OwnershipEvaluatorTests" name="WillEvaluateItemInOwnedPathAsOwned" />
    </UnitTest>
    <UnitTest name="WillEvaluateItemUnderOwnedPathAsOwned" storage="d:\v2.0\a1\_work\dbded102\bin\release.anycpu\tfs.service\ms.tf.agile.server.l0.tests\ms.tf.agile.server.l0.tests.dll" id="2bfd6694-40e7-7b96-3102-f444e0ad72df">
      <Owners>
        <Owner name="vscsbacklogs" />
      </Owners>
      <Execution id="0a54570e-25cf-48d6-8798-87b23850472d" />
      <TestMethod codeBase="D:\v2.0\A1\_work\dbded102\bin\Release.AnyCPU\Tfs.Service\MS.TF.Agile.Server.L0.Tests\MS.TF.Agile.Server.L0.Tests.dll" adapterTypeName="Microsoft.VisualStudio.TestTools.TestTypes.Unit.UnitTestAdapter" className="MS.TF.Agile.Server.L0.Tests.Backlog.OwnershipEvaluatorTests" name="WillEvaluateItemUnderOwnedPathAsOwned" />
    </UnitTest>
    <UnitTest name="WillEvaluateItemUnderOwnedPathWithoutChildrenAsUnowned" storage="d:\v2.0\a1\_work\dbded102\bin\release.anycpu\tfs.service\ms.tf.agile.server.l0.tests\ms.tf.agile.server.l0.tests.dll" id="0375095d-e40e-b3ae-a181-1c88f3e7e588">
      <Owners>
        <Owner name="vscsbacklogs" />
      </Owners>
      <Execution id="df7a50e9-afba-4f45-8b30-7ab995e3f7d4" />
      <TestMethod codeBase="D:\v2.0\A1\_work\dbded102\bin\Release.AnyCPU\Tfs.Service\MS.TF.Agile.Server.L0.Tests\MS.TF.Agile.Server.L0.Tests.dll" adapterTypeName="Microsoft.VisualStudio.TestTools.TestTypes.Unit.UnitTestAdapter" className="MS.TF.Agile.Server.L0.Tests.Backlog.OwnershipEvaluatorTests" name="WillEvaluateItemUnderOwnedPathWithoutChildrenAsUnowned" />
    </UnitTest>
    <UnitTest name="WillThrowForNullArguments" storage="d:\v2.0\a1\_work\dbded102\bin\release.anycpu\tfs.service\ms.tf.agile.server.l0.tests\ms.tf.agile.server.l0.tests.dll" id="0c37189e-8d93-3368-d48c-26aaf0fd87bc">
      <Owners>
        <Owner name="vscsbacklogs" />
      </Owners>
      <Execution id="47f1cb29-9a6f-4f46-944d-73d836e037cf" />
      <TestMethod codeBase="D:\v2.0\A1\_work\dbded102\bin\Release.AnyCPU\Tfs.Service\MS.TF.Agile.Server.L0.Tests\MS.TF.Agile.Server.L0.Tests.dll" adapterTypeName="Microsoft.VisualStudio.TestTools.TestTypes.Unit.UnitTestAdapter" className="MS.TF.Agile.Server.L0.Tests.Backlog.OrderedWorkItemTreeResultTests+Creation" name="WillThrowForNullArguments" />
    </UnitTest>
    <UnitTest name="WillThrowForNullResult" storage="d:\v2.0\a1\_work\dbded102\bin\release.anycpu\tfs.service\ms.tf.agile.server.l0.tests\ms.tf.agile.server.l0.tests.dll" id="107e8497-674b-bc00-2da2-383b7094a5b1">
      <Owners>
        <Owner name="vscsbacklogs" />
      </Owners>
      <Execution id="31f72e2b-8da3-4b13-b427-142589c6190b" />
      <TestMethod codeBase="D:\v2.0\A1\_work\dbded102\bin\Release.AnyCPU\Tfs.Service\MS.TF.Agile.Server.L0.Tests\MS.TF.Agile.Server.L0.Tests.dll" adapterTypeName="Microsoft.VisualStudio.TestTools.TestTypes.Unit.UnitTestAdapter" className="MS.TF.Agile.Server.L0.Tests.Backlog.OrderedWorkItemTreeResultTests+Creation" name="WillThrowForNullResult" />
    </UnitTest>
    <UnitTest name="WillBuildTreeForAndLeafsDrillDownLinkQuery" storage="d:\v2.0\a1\_work\dbded102\bin\release.anycpu\tfs.service\ms.tf.agile.server.l0.tests\ms.tf.agile.server.l0.tests.dll" id="9ad3d3da-9322-aa7f-af6f-4b285b25cbc7">
      <Owners>
        <Owner name="vscsbacklogs" />
      </Owners>
      <Execution id="dae8afce-6e38-4b6a-b84b-c1e47a662cd4" />
      <TestMethod codeBase="D:\v2.0\A1\_work\dbded102\bin\Release.AnyCPU\Tfs.Service\MS.TF.Agile.Server.L0.Tests\MS.TF.Agile.Server.L0.Tests.dll" adapterTypeName="Microsoft.VisualStudio.TestTools.TestTypes.Unit.UnitTestAdapter" className="MS.TF.Agile.Server.L0.Tests.Backlog.OrderedWorkItemTreeResultTests+BuildTree" name="WillBuildTreeForAndLeafsDrillDownLinkQuery" />
    </UnitTest>
    <UnitTest name="WillBuildTreeAndLeafsForDrillUpLinkQuery" storage="d:\v2.0\a1\_work\dbded102\bin\release.anycpu\tfs.service\ms.tf.agile.server.l0.tests\ms.tf.agile.server.l0.tests.dll" id="96007fc1-4ba3-c9a5-627e-690d6b130db0">
      <Owners>
        <Owner name="vscsbacklogs" />
      </Owners>
      <Execution id="8fbe3c3c-9282-43aa-8b8f-414842e12a3f" />
      <TestMethod codeBase="D:\v2.0\A1\_work\dbded102\bin\Release.AnyCPU\Tfs.Service\MS.TF.Agile.Server.L0.Tests\MS.TF.Agile.Server.L0.Tests.dll" adapterTypeName="Microsoft.VisualStudio.TestTools.TestTypes.Unit.UnitTestAdapter" className="MS.TF.Agile.Server.L0.Tests.Backlog.OrderedWorkItemTreeResultTests+BuildTree" name="WillBuildTreeAndLeafsForDrillUpLinkQuery" />
    </UnitTest>
    <UnitTest name="WillTrimTreeToGivenWorkitems" storage="d:\v2.0\a1\_work\dbded102\bin\release.anycpu\tfs.service\ms.tf.agile.server.l0.tests\ms.tf.agile.server.l0.tests.dll" id="7f985d7e-c40c-948a-3bf5-8e9e952df9cf">
      <Owners>
        <Owner name="vscsbacklogs" />
      </Owners>
      <Execution id="5b2e8177-c405-4d38-b718-65fe11532a02" />
      <TestMethod codeBase="D:\v2.0\A1\_work\dbded102\bin\Release.AnyCPU\Tfs.Service\MS.TF.Agile.Server.L0.Tests\MS.TF.Agile.Server.L0.Tests.dll" adapterTypeName="Microsoft.VisualStudio.TestTools.TestTypes.Unit.UnitTestAdapter" className="MS.TF.Agile.Server.L0.Tests.Backlog.OrderedWorkItemTreeResultTests+Trim" name="WillTrimTreeToGivenWorkitems" />
    </UnitTest>
    <UnitTest name="WillTrimTreeWithLeafInSubTree" storage="d:\v2.0\a1\_work\dbded102\bin\release.anycpu\tfs.service\ms.tf.agile.server.l0.tests\ms.tf.agile.server.l0.tests.dll" id="727b356f-091f-462f-6729-d7761e778e62">
      <Owners>
        <Owner name="vscsbacklogs" />
      </Owners>
      <Execution id="ce4dac8a-84aa-41d8-87cc-1cd66d472f69" />
      <TestMethod codeBase="D:\v2.0\A1\_work\dbded102\bin\Release.AnyCPU\Tfs.Service\MS.TF.Agile.Server.L0.Tests\MS.TF.Agile.Server.L0.Tests.dll" adapterTypeName="Microsoft.VisualStudio.TestTools.TestTypes.Unit.UnitTestAdapter" className="MS.TF.Agile.Server.L0.Tests.Backlog.OrderedWorkItemTreeResultTests+Trim" name="WillTrimTreeWithLeafInSubTree" />
    </UnitTest>
    <UnitTest name="WillRemoveSubTreesWithoutMatchingLeaf" storage="d:\v2.0\a1\_work\dbded102\bin\release.anycpu\tfs.service\ms.tf.agile.server.l0.tests\ms.tf.agile.server.l0.tests.dll" id="7d8bef2a-de01-a36d-2356-a0ece81f61ec">
      <Owners>
        <Owner name="vscsbacklogs" />
      </Owners>
      <Execution id="2decdd31-bafd-4389-8d5e-d9b1f36c5608" />
      <TestMethod codeBase="D:\v2.0\A1\_work\dbded102\bin\Release.AnyCPU\Tfs.Service\MS.TF.Agile.Server.L0.Tests\MS.TF.Agile.Server.L0.Tests.dll" adapterTypeName="Microsoft.VisualStudio.TestTools.TestTypes.Unit.UnitTestAdapter" className="MS.TF.Agile.Server.L0.Tests.Backlog.OrderedWorkItemTreeResultTests+Trim" name="WillRemoveSubTreesWithoutMatchingLeaf" />
    </UnitTest>
    <UnitTest name="WillMergeTrees" storage="d:\v2.0\a1\_work\dbded102\bin\release.anycpu\tfs.service\ms.tf.agile.server.l0.tests\ms.tf.agile.server.l0.tests.dll" id="2594112e-61b1-6dc2-ead6-092d2aefb407">
      <Owners>
        <Owner name="vscsbacklogs" />
      </Owners>
      <Execution id="249c1214-ae9d-4166-95cc-c82fb42436f5" />
      <TestMethod codeBase="D:\v2.0\A1\_work\dbded102\bin\Release.AnyCPU\Tfs.Service\MS.TF.Agile.Server.L0.Tests\MS.TF.Agile.Server.L0.Tests.dll" adapterTypeName="Microsoft.VisualStudio.TestTools.TestTypes.Unit.UnitTestAdapter" className="MS.TF.Agile.Server.L0.Tests.Backlog.OrderedWorkItemTreeResultTests+MergeTree" name="WillMergeTrees" />
    </UnitTest>
    <UnitTest name="WillNotMergeTreesWithoutMatchingLeafs" storage="d:\v2.0\a1\_work\dbded102\bin\release.anycpu\tfs.service\ms.tf.agile.server.l0.tests\ms.tf.agile.server.l0.tests.dll" id="7d6b23e3-32f7-e897-231f-25657943e23e">
      <Owners>
        <Owner name="vscsbacklogs" />
      </Owners>
      <Execution id="33814c54-e46a-4207-b52c-21bb76f37dcc" />
      <TestMethod codeBase="D:\v2.0\A1\_work\dbded102\bin\Release.AnyCPU\Tfs.Service\MS.TF.Agile.Server.L0.Tests\MS.TF.Agile.Server.L0.Tests.dll" adapterTypeName="Microsoft.VisualStudio.TestTools.TestTypes.Unit.UnitTestAdapter" className="MS.TF.Agile.Server.L0.Tests.Backlog.OrderedWorkItemTreeResultTests+MergeTree" name="WillNotMergeTreesWithoutMatchingLeafs" />
    </UnitTest>
    <UnitTest name="WillMergeTreesWithConflictingLeafs" storage="d:\v2.0\a1\_work\dbded102\bin\release.anycpu\tfs.service\ms.tf.agile.server.l0.tests\ms.tf.agile.server.l0.tests.dll" id="fdf70033-ad23-d3bf-bda8-3f8247808b85">
      <Owners>
        <Owner name="vscsbacklogs" />
      </Owners>
      <Execution id="f38c6489-000b-48da-89a8-28fabbda087c" />
      <TestMethod codeBase="D:\v2.0\A1\_work\dbded102\bin\Release.AnyCPU\Tfs.Service\MS.TF.Agile.Server.L0.Tests\MS.TF.Agile.Server.L0.Tests.dll" adapterTypeName="Microsoft.VisualStudio.TestTools.TestTypes.Unit.UnitTestAdapter" className="MS.TF.Agile.Server.L0.Tests.Backlog.OrderedWorkItemTreeResultTests+MergeTree" name="WillMergeTreesWithConflictingLeafs" />
    </UnitTest>
    <UnitTest name="WillMergeTreesWithLeftLeafBeingRightMiddleElement" storage="d:\v2.0\a1\_work\dbded102\bin\release.anycpu\tfs.service\ms.tf.agile.server.l0.tests\ms.tf.agile.server.l0.tests.dll" id="3b0ec87b-fb4f-6192-464d-685cdf0199b9">
      <Owners>
        <Owner name="vscsbacklogs" />
      </Owners>
      <Execution id="b27aed9e-4445-4c52-8889-aea44fa2e267" />
      <TestMethod codeBase="D:\v2.0\A1\_work\dbded102\bin\Release.AnyCPU\Tfs.Service\MS.TF.Agile.Server.L0.Tests\MS.TF.Agile.Server.L0.Tests.dll" adapterTypeName="Microsoft.VisualStudio.TestTools.TestTypes.Unit.UnitTestAdapter" className="MS.TF.Agile.Server.L0.Tests.Backlog.OrderedWorkItemTreeResultTests+MergeTree" name="WillMergeTreesWithLeftLeafBeingRightMiddleElement" />
    </UnitTest>
    <UnitTest name="WillMergeTreesWithMatchingMiddleElement" storage="d:\v2.0\a1\_work\dbded102\bin\release.anycpu\tfs.service\ms.tf.agile.server.l0.tests\ms.tf.agile.server.l0.tests.dll" id="28390acd-93f6-013f-aa10-59825fea0d02">
      <Owners>
        <Owner name="vscsbacklogs" />
      </Owners>
      <Execution id="2240fafc-6cbb-46c4-b205-84d2417f75ed" />
      <TestMethod codeBase="D:\v2.0\A1\_work\dbded102\bin\Release.AnyCPU\Tfs.Service\MS.TF.Agile.Server.L0.Tests\MS.TF.Agile.Server.L0.Tests.dll" adapterTypeName="Microsoft.VisualStudio.TestTools.TestTypes.Unit.UnitTestAdapter" className="MS.TF.Agile.Server.L0.Tests.Backlog.OrderedWorkItemTreeResultTests+MergeTree" name="WillMergeTreesWithMatchingMiddleElement" />
    </UnitTest>
    <UnitTest name="NullArgumentsShouldThrow" storage="d:\v2.0\a1\_work\dbded102\bin\release.anycpu\tfs.service\ms.tf.agile.server.l0.tests\ms.tf.agile.server.l0.tests.dll" id="d10ddfb2-94bf-bb72-2d21-42547038bc33">
      <Owners>
        <Owner name="vscsbacklogs" />
      </Owners>
      <Execution id="ec62615e-2b71-42c1-b569-e14c471d4076" />
      <TestMethod codeBase="D:\v2.0\A1\_work\dbded102\bin\Release.AnyCPU\Tfs.Service\MS.TF.Agile.Server.L0.Tests\MS.TF.Agile.Server.L0.Tests.dll" adapterTypeName="Microsoft.VisualStudio.TestTools.TestTypes.Unit.UnitTestAdapter" className="MS.TF.Agile.Server.L0.Tests.Backlog.ProductBacklogTests+Construction" name="NullArgumentsShouldThrow" />
    </UnitTest>
    <UnitTest name="WithoutShowParentsShouldSucceed" storage="d:\v2.0\a1\_work\dbded102\bin\release.anycpu\tfs.service\ms.tf.agile.server.l0.tests\ms.tf.agile.server.l0.tests.dll" id="1f0b05ed-5473-95c9-3b09-a580141649d2">
      <Owners>
        <Owner name="vscsbacklogs" />
      </Owners>
      <Execution id="dc569991-562e-49fc-9720-d78c0cd7eb5c" />
      <TestMethod codeBase="D:\v2.0\A1\_work\dbded102\bin\Release.AnyCPU\Tfs.Service\MS.TF.Agile.Server.L0.Tests\MS.TF.Agile.Server.L0.Tests.dll" adapterTypeName="Microsoft.VisualStudio.TestTools.TestTypes.Unit.UnitTestAdapter" className="MS.TF.Agile.Server.L0.Tests.Backlog.ProductBacklogTests+Construction" name="WithoutShowParentsShouldSucceed" />
    </UnitTest>
    <UnitTest name="WithShowParentsShouldSucceed" storage="d:\v2.0\a1\_work\dbded102\bin\release.anycpu\tfs.service\ms.tf.agile.server.l0.tests\ms.tf.agile.server.l0.tests.dll" id="86d39563-aafa-0aca-c855-28bd2d5db704">
      <Owners>
        <Owner name="vscsbacklogs" />
      </Owners>
      <Execution id="6207c0ed-b4d4-4e75-b7be-affd0d19c74e" />
      <TestMethod codeBase="D:\v2.0\A1\_work\dbded102\bin\Release.AnyCPU\Tfs.Service\MS.TF.Agile.Server.L0.Tests\MS.TF.Agile.Server.L0.Tests.dll" adapterTypeName="Microsoft.VisualStudio.TestTools.TestTypes.Unit.UnitTestAdapter" className="MS.TF.Agile.Server.L0.Tests.Backlog.ProductBacklogTests+Construction" name="WithShowParentsShouldSucceed" />
    </UnitTest>
    <UnitTest name="WillInjectIfOrphanItems" storage="d:\v2.0\a1\_work\dbded102\bin\release.anycpu\tfs.service\ms.tf.agile.server.l0.tests\ms.tf.agile.server.l0.tests.dll" id="6152f37b-239c-27e2-98b2-10ed1421ced1">
      <Execution id="bb0eb1d6-b327-417a-847e-2ef1cfdbd261" />
      <TestMethod codeBase="D:\v2.0\A1\_work\dbded102\bin\Release.AnyCPU\Tfs.Service\MS.TF.Agile.Server.L0.Tests\MS.TF.Agile.Server.L0.Tests.dll" adapterTypeName="Microsoft.VisualStudio.TestTools.TestTypes.Unit.UnitTestAdapter" className="MS.TF.Agile.Server.L0.Tests.Backlog.ProductBacklogTests+InjectUnparentedNodes" name="WillInjectIfOrphanItems" />
    </UnitTest>
    <UnitTest name="WillNotInjectIfNoOrphanItems" storage="d:\v2.0\a1\_work\dbded102\bin\release.anycpu\tfs.service\ms.tf.agile.server.l0.tests\ms.tf.agile.server.l0.tests.dll" id="092cd5cb-c91a-ec1f-3cbe-4070f7f948a3">
      <Execution id="35d419c7-5571-43b3-a45d-5a901ba4910e" />
      <TestMethod codeBase="D:\v2.0\A1\_work\dbded102\bin\Release.AnyCPU\Tfs.Service\MS.TF.Agile.Server.L0.Tests\MS.TF.Agile.Server.L0.Tests.dll" adapterTypeName="Microsoft.VisualStudio.TestTools.TestTypes.Unit.UnitTestAdapter" className="MS.TF.Agile.Server.L0.Tests.Backlog.ProductBacklogTests+InjectUnparentedNodes" name="WillNotInjectIfNoOrphanItems" />
    </UnitTest>
    <UnitTest name="WillInjectForHiddenLevelWithinVisibleStack" storage="d:\v2.0\a1\_work\dbded102\bin\release.anycpu\tfs.service\ms.tf.agile.server.l0.tests\ms.tf.agile.server.l0.tests.dll" id="5157899f-d12c-b63b-2f98-c0f40a2d60a0">
      <Execution id="374c1875-967d-49fd-a1f5-d4f1094eb050" />
      <TestMethod codeBase="D:\v2.0\A1\_work\dbded102\bin\Release.AnyCPU\Tfs.Service\MS.TF.Agile.Server.L0.Tests\MS.TF.Agile.Server.L0.Tests.dll" adapterTypeName="Microsoft.VisualStudio.TestTools.TestTypes.Unit.UnitTestAdapter" className="MS.TF.Agile.Server.L0.Tests.Backlog.ProductBacklogTests+InjectUnparentedNodes" name="WillInjectForHiddenLevelWithinVisibleStack" />
    </UnitTest>
    <UnitTest name="WillNotInjectForHiddenLevelAboveVisibleStack" storage="d:\v2.0\a1\_work\dbded102\bin\release.anycpu\tfs.service\ms.tf.agile.server.l0.tests\ms.tf.agile.server.l0.tests.dll" id="412ad2da-33f9-1dbc-079e-83dfd5bae5c7">
      <Execution id="49976354-35ed-4f37-b658-6763c354ed1f" />
      <TestMethod codeBase="D:\v2.0\A1\_work\dbded102\bin\Release.AnyCPU\Tfs.Service\MS.TF.Agile.Server.L0.Tests\MS.TF.Agile.Server.L0.Tests.dll" adapterTypeName="Microsoft.VisualStudio.TestTools.TestTypes.Unit.UnitTestAdapter" className="MS.TF.Agile.Server.L0.Tests.Backlog.ProductBacklogTests+InjectUnparentedNodes" name="WillNotInjectForHiddenLevelAboveVisibleStack" />
    </UnitTest>
    <UnitTest name="WillFlattenEmptyHierarchy" storage="d:\v2.0\a1\_work\dbded102\bin\release.anycpu\tfs.service\ms.tf.agile.server.l0.tests\ms.tf.agile.server.l0.tests.dll" id="a8e1c34d-ca99-1b79-c577-a53ec5abe264">
      <Owners>
        <Owner name="vscsbacklogs" />
      </Owners>
      <Execution id="fe0d2ac3-d035-435f-a44d-0e4f0456975a" />
      <TestMethod codeBase="D:\v2.0\A1\_work\dbded102\bin\Release.AnyCPU\Tfs.Service\MS.TF.Agile.Server.L0.Tests\MS.TF.Agile.Server.L0.Tests.dll" adapterTypeName="Microsoft.VisualStudio.TestTools.TestTypes.Unit.UnitTestAdapter" className="MS.TF.Agile.Server.L0.Tests.Backlog.ProductBacklogTests+SortAndFlatten" name="WillFlattenEmptyHierarchy" />
    </UnitTest>
    <UnitTest name="WillSortChildren" storage="d:\v2.0\a1\_work\dbded102\bin\release.anycpu\tfs.service\ms.tf.agile.server.l0.tests\ms.tf.agile.server.l0.tests.dll" id="feb4f101-3fbe-5c59-5f27-f8d09c675e4a">
      <Owners>
        <Owner name="vscsbacklogs" />
      </Owners>
      <Execution id="42a9aaca-dc74-459c-8146-013570f2eca0" />
      <TestMethod codeBase="D:\v2.0\A1\_work\dbded102\bin\Release.AnyCPU\Tfs.Service\MS.TF.Agile.Server.L0.Tests\MS.TF.Agile.Server.L0.Tests.dll" adapterTypeName="Microsoft.VisualStudio.TestTools.TestTypes.Unit.UnitTestAdapter" className="MS.TF.Agile.Server.L0.Tests.Backlog.ProductBacklogTests+SortAndFlatten" name="WillSortChildren" />
    </UnitTest>
    <UnitTest name="WillFlattenHierarchy" storage="d:\v2.0\a1\_work\dbded102\bin\release.anycpu\tfs.service\ms.tf.agile.server.l0.tests\ms.tf.agile.server.l0.tests.dll" id="86cb5d59-83d2-8e8a-2259-94a6fea4da46">
      <Owners>
        <Owner name="vscsbacklogs" />
      </Owners>
      <Execution id="9e066d89-98e8-4544-9d78-4327e67c70b3" />
      <TestMethod codeBase="D:\v2.0\A1\_work\dbded102\bin\Release.AnyCPU\Tfs.Service\MS.TF.Agile.Server.L0.Tests\MS.TF.Agile.Server.L0.Tests.dll" adapterTypeName="Microsoft.VisualStudio.TestTools.TestTypes.Unit.UnitTestAdapter" className="MS.TF.Agile.Server.L0.Tests.Backlog.ProductBacklogTests+SortAndFlatten" name="WillFlattenHierarchy" />
    </UnitTest>
    <UnitTest name="WillPageCorrectlyWithNullData" storage="d:\v2.0\a1\_work\dbded102\bin\release.anycpu\tfs.service\ms.tf.agile.server.l0.tests\ms.tf.agile.server.l0.tests.dll" id="60119532-f65c-0a3b-c982-5c3f30fb65a0">
      <Owners>
        <Owner name="vscsbacklogs" />
      </Owners>
      <Execution id="51ddffbb-9493-4cda-a420-abab799164c9" />
      <TestMethod codeBase="D:\v2.0\A1\_work\dbded102\bin\Release.AnyCPU\Tfs.Service\MS.TF.Agile.Server.L0.Tests\MS.TF.Agile.Server.L0.Tests.dll" adapterTypeName="Microsoft.VisualStudio.TestTools.TestTypes.Unit.UnitTestAdapter" className="MS.TF.Agile.Server.L0.Tests.Backlog.ProductBacklogTests+Paging" name="WillPageCorrectlyWithNullData" />
    </UnitTest>
    <UnitTest name="WillPageAllItemsForBacklogLessThanPagesize" storage="d:\v2.0\a1\_work\dbded102\bin\release.anycpu\tfs.service\ms.tf.agile.server.l0.tests\ms.tf.agile.server.l0.tests.dll" id="c6d1bc8c-58e0-8901-9548-6d56da9af20e">
      <Owners>
        <Owner name="vscsbacklogs" />
      </Owners>
      <Execution id="ab69f45c-7bdf-494c-8a69-e475d8f527b6" />
      <TestMethod codeBase="D:\v2.0\A1\_work\dbded102\bin\Release.AnyCPU\Tfs.Service\MS.TF.Agile.Server.L0.Tests\MS.TF.Agile.Server.L0.Tests.dll" adapterTypeName="Microsoft.VisualStudio.TestTools.TestTypes.Unit.UnitTestAdapter" className="MS.TF.Agile.Server.L0.Tests.Backlog.ProductBacklogTests+Paging" name="WillPageAllItemsForBacklogLessThanPagesize" />
    </UnitTest>
    <UnitTest name="WillPageAllItemsForBacklogLessThanPagesizeWithParents" storage="d:\v2.0\a1\_work\dbded102\bin\release.anycpu\tfs.service\ms.tf.agile.server.l0.tests\ms.tf.agile.server.l0.tests.dll" id="962306f8-9aac-9ead-4adb-58826902f4fe">
      <Owners>
        <Owner name="vscsbacklogs" />
      </Owners>
      <Execution id="1d90ce40-5061-4763-ac22-0c738634c68b" />
      <TestMethod codeBase="D:\v2.0\A1\_work\dbded102\bin\Release.AnyCPU\Tfs.Service\MS.TF.Agile.Server.L0.Tests\MS.TF.Agile.Server.L0.Tests.dll" adapterTypeName="Microsoft.VisualStudio.TestTools.TestTypes.Unit.UnitTestAdapter" className="MS.TF.Agile.Server.L0.Tests.Backlog.ProductBacklogTests+Paging" name="WillPageAllItemsForBacklogLessThanPagesizeWithParents" />
    </UnitTest>
    <UnitTest name="WillPageParentsUsingDFSStrategyWhenMoreThanPagesize" storage="d:\v2.0\a1\_work\dbded102\bin\release.anycpu\tfs.service\ms.tf.agile.server.l0.tests\ms.tf.agile.server.l0.tests.dll" id="283b439b-355d-20a8-fc45-523ffa1c9462">
      <Owners>
        <Owner name="vscsbacklogs" />
      </Owners>
      <Execution id="2d05ad38-bd3d-455f-a823-844efcd4b8be" />
      <TestMethod codeBase="D:\v2.0\A1\_work\dbded102\bin\Release.AnyCPU\Tfs.Service\MS.TF.Agile.Server.L0.Tests\MS.TF.Agile.Server.L0.Tests.dll" adapterTypeName="Microsoft.VisualStudio.TestTools.TestTypes.Unit.UnitTestAdapter" className="MS.TF.Agile.Server.L0.Tests.Backlog.ProductBacklogTests+Paging" name="WillPageParentsUsingDFSStrategyWhenMoreThanPagesize" />
    </UnitTest>
    <UnitTest name="WillPageAllParentsAndDrillDownBFSWhenParentsLessThanPageSize" storage="d:\v2.0\a1\_work\dbded102\bin\release.anycpu\tfs.service\ms.tf.agile.server.l0.tests\ms.tf.agile.server.l0.tests.dll" id="ab339a63-f18e-42a2-3837-1b2e1d6a0936">
      <Owners>
        <Owner name="vscsbacklogs" />
      </Owners>
      <Execution id="90759a10-0196-45d1-b166-8e453cb77348" />
      <TestMethod codeBase="D:\v2.0\A1\_work\dbded102\bin\Release.AnyCPU\Tfs.Service\MS.TF.Agile.Server.L0.Tests\MS.TF.Agile.Server.L0.Tests.dll" adapterTypeName="Microsoft.VisualStudio.TestTools.TestTypes.Unit.UnitTestAdapter" className="MS.TF.Agile.Server.L0.Tests.Backlog.ProductBacklogTests+Paging" name="WillPageAllParentsAndDrillDownBFSWhenParentsLessThanPageSize" />
    </UnitTest>
    <UnitTest name="WillPageDrillDownItemsUsingBFSWhenMoreThanPagesizeAndNoParents" storage="d:\v2.0\a1\_work\dbded102\bin\release.anycpu\tfs.service\ms.tf.agile.server.l0.tests\ms.tf.agile.server.l0.tests.dll" id="dba7a5c2-dfc0-621a-98df-1a000f48bf35">
      <Owners>
        <Owner name="vscsbacklogs" />
      </Owners>
      <Execution id="abfcc0e9-0207-4d9a-b022-259eec0d47c2" />
      <TestMethod codeBase="D:\v2.0\A1\_work\dbded102\bin\Release.AnyCPU\Tfs.Service\MS.TF.Agile.Server.L0.Tests\MS.TF.Agile.Server.L0.Tests.dll" adapterTypeName="Microsoft.VisualStudio.TestTools.TestTypes.Unit.UnitTestAdapter" className="MS.TF.Agile.Server.L0.Tests.Backlog.ProductBacklogTests+Paging" name="WillPageDrillDownItemsUsingBFSWhenMoreThanPagesizeAndNoParents" />
    </UnitTest>
    <UnitTest name="WillMaintainOrderForSameElements" storage="d:\v2.0\a1\_work\dbded102\bin\release.anycpu\tfs.service\ms.tf.agile.server.l0.tests\ms.tf.agile.server.l0.tests.dll" id="b29db4a6-6e8b-8104-47cb-f689f612bd21">
      <Owners>
        <Owner name="vscsbacklogs" />
      </Owners>
      <Execution id="47ec5e87-8546-43b3-ae55-695383484c2d" />
      <TestMethod codeBase="D:\v2.0\A1\_work\dbded102\bin\Release.AnyCPU\Tfs.Service\MS.TF.Agile.Server.L0.Tests\MS.TF.Agile.Server.L0.Tests.dll" adapterTypeName="Microsoft.VisualStudio.TestTools.TestTypes.Unit.UnitTestAdapter" className="MS.TF.Agile.Server.L0.Tests.Backlog.WorkItemComparerTests+Compare" name="WillMaintainOrderForSameElements" />
    </UnitTest>
    <UnitTest name="WillOrderVirtualItemsToBottom" storage="d:\v2.0\a1\_work\dbded102\bin\release.anycpu\tfs.service\ms.tf.agile.server.l0.tests\ms.tf.agile.server.l0.tests.dll" id="117d75e1-1a79-6f50-6a22-47cb96c05e5f">
      <Owners>
        <Owner name="vscsbacklogs" />
      </Owners>
      <Execution id="841279f5-61b9-46f4-aba3-6a3891f18912" />
      <TestMethod codeBase="D:\v2.0\A1\_work\dbded102\bin\Release.AnyCPU\Tfs.Service\MS.TF.Agile.Server.L0.Tests\MS.TF.Agile.Server.L0.Tests.dll" adapterTypeName="Microsoft.VisualStudio.TestTools.TestTypes.Unit.UnitTestAdapter" className="MS.TF.Agile.Server.L0.Tests.Backlog.WorkItemComparerTests+Compare" name="WillOrderVirtualItemsToBottom" />
    </UnitTest>
    <UnitTest name="WillOrderOwnedWorkItemsBeforeUnowned" storage="d:\v2.0\a1\_work\dbded102\bin\release.anycpu\tfs.service\ms.tf.agile.server.l0.tests\ms.tf.agile.server.l0.tests.dll" id="a215de87-a470-d52a-9930-616ff7b19e0d">
      <Owners>
        <Owner name="vscsbacklogs" />
      </Owners>
      <Execution id="a981f73c-9905-40cf-ac57-2c41c52ff15f" />
      <TestMethod codeBase="D:\v2.0\A1\_work\dbded102\bin\Release.AnyCPU\Tfs.Service\MS.TF.Agile.Server.L0.Tests\MS.TF.Agile.Server.L0.Tests.dll" adapterTypeName="Microsoft.VisualStudio.TestTools.TestTypes.Unit.UnitTestAdapter" className="MS.TF.Agile.Server.L0.Tests.Backlog.WorkItemComparerTests+DrillDown" name="WillOrderOwnedWorkItemsBeforeUnowned" />
    </UnitTest>
    <UnitTest name="WillOrderUnownedWorkItemsAfterOwned" storage="d:\v2.0\a1\_work\dbded102\bin\release.anycpu\tfs.service\ms.tf.agile.server.l0.tests\ms.tf.agile.server.l0.tests.dll" id="9cddf5dd-3ff0-362a-8296-321d793e0667">
      <Owners>
        <Owner name="vscsbacklogs" />
      </Owners>
      <Execution id="af08858e-20a2-407b-ac56-56ac42ac552a" />
      <TestMethod codeBase="D:\v2.0\A1\_work\dbded102\bin\Release.AnyCPU\Tfs.Service\MS.TF.Agile.Server.L0.Tests\MS.TF.Agile.Server.L0.Tests.dll" adapterTypeName="Microsoft.VisualStudio.TestTools.TestTypes.Unit.UnitTestAdapter" className="MS.TF.Agile.Server.L0.Tests.Backlog.WorkItemComparerTests+DrillDown" name="WillOrderUnownedWorkItemsAfterOwned" />
    </UnitTest>
    <UnitTest name="WillUseOrderFromOwnershipQueryForOwnedItems" storage="d:\v2.0\a1\_work\dbded102\bin\release.anycpu\tfs.service\ms.tf.agile.server.l0.tests\ms.tf.agile.server.l0.tests.dll" id="5f68ba83-e048-2af7-62e4-d4f9b9010a46">
      <Owners>
        <Owner name="vscsbacklogs" />
      </Owners>
      <Execution id="cf707855-3719-41a2-8477-012da1fe2fa1" />
      <TestMethod codeBase="D:\v2.0\A1\_work\dbded102\bin\Release.AnyCPU\Tfs.Service\MS.TF.Agile.Server.L0.Tests\MS.TF.Agile.Server.L0.Tests.dll" adapterTypeName="Microsoft.VisualStudio.TestTools.TestTypes.Unit.UnitTestAdapter" className="MS.TF.Agile.Server.L0.Tests.Backlog.WorkItemComparerTests+DrillDown" name="WillUseOrderFromOwnershipQueryForOwnedItems" />
    </UnitTest>
    <UnitTest name="WillUseOrderFromDrillDownQueryForUnownedItems" storage="d:\v2.0\a1\_work\dbded102\bin\release.anycpu\tfs.service\ms.tf.agile.server.l0.tests\ms.tf.agile.server.l0.tests.dll" id="f8dcffd9-09ce-5c01-0f2a-8e07dfd20820">
      <Owners>
        <Owner name="vscsbacklogs" />
      </Owners>
      <Execution id="c826199a-602d-40e0-bb38-e92f4a1f1712" />
      <TestMethod codeBase="D:\v2.0\A1\_work\dbded102\bin\Release.AnyCPU\Tfs.Service\MS.TF.Agile.Server.L0.Tests\MS.TF.Agile.Server.L0.Tests.dll" adapterTypeName="Microsoft.VisualStudio.TestTools.TestTypes.Unit.UnitTestAdapter" className="MS.TF.Agile.Server.L0.Tests.Backlog.WorkItemComparerTests+DrillDown" name="WillUseOrderFromDrillDownQueryForUnownedItems" />
    </UnitTest>
    <UnitTest name="WillOrderOwnedParentsBeforeUnownedParents" storage="d:\v2.0\a1\_work\dbded102\bin\release.anycpu\tfs.service\ms.tf.agile.server.l0.tests\ms.tf.agile.server.l0.tests.dll" id="9db285d5-a145-63c6-e46e-4f03481c377d">
      <Owners>
        <Owner name="vscsbacklogs" />
      </Owners>
      <Execution id="a0b14571-df92-456c-ad4e-2ba7ac748721" />
      <TestMethod codeBase="D:\v2.0\A1\_work\dbded102\bin\Release.AnyCPU\Tfs.Service\MS.TF.Agile.Server.L0.Tests\MS.TF.Agile.Server.L0.Tests.dll" adapterTypeName="Microsoft.VisualStudio.TestTools.TestTypes.Unit.UnitTestAdapter" className="MS.TF.Agile.Server.L0.Tests.Backlog.WorkItemComparerTests+DrillDownWithParents" name="WillOrderOwnedParentsBeforeUnownedParents" />
    </UnitTest>
    <UnitTest name="WillOrderUnownedParentsAfterOwnedParents" storage="d:\v2.0\a1\_work\dbded102\bin\release.anycpu\tfs.service\ms.tf.agile.server.l0.tests\ms.tf.agile.server.l0.tests.dll" id="4aa45813-9360-48f4-e918-448fb44ec820">
      <Owners>
        <Owner name="vscsbacklogs" />
      </Owners>
      <Execution id="36b00099-c747-4ff6-b565-65ff3625e5e1" />
      <TestMethod codeBase="D:\v2.0\A1\_work\dbded102\bin\Release.AnyCPU\Tfs.Service\MS.TF.Agile.Server.L0.Tests\MS.TF.Agile.Server.L0.Tests.dll" adapterTypeName="Microsoft.VisualStudio.TestTools.TestTypes.Unit.UnitTestAdapter" className="MS.TF.Agile.Server.L0.Tests.Backlog.WorkItemComparerTests+DrillDownWithParents" name="WillOrderUnownedParentsAfterOwnedParents" />
    </UnitTest>
    <UnitTest name="WillOrderOwnedParentsByOrderFieldValue" storage="d:\v2.0\a1\_work\dbded102\bin\release.anycpu\tfs.service\ms.tf.agile.server.l0.tests\ms.tf.agile.server.l0.tests.dll" id="c048a388-2f86-8eb0-6bdf-c25ee8164d12">
      <Owners>
        <Owner name="vscsbacklogs" />
      </Owners>
      <Execution id="90134f27-42fc-4fe4-8704-3159068cb318" />
      <TestMethod codeBase="D:\v2.0\A1\_work\dbded102\bin\Release.AnyCPU\Tfs.Service\MS.TF.Agile.Server.L0.Tests\MS.TF.Agile.Server.L0.Tests.dll" adapterTypeName="Microsoft.VisualStudio.TestTools.TestTypes.Unit.UnitTestAdapter" className="MS.TF.Agile.Server.L0.Tests.Backlog.WorkItemComparerTests+DrillDownWithParents" name="WillOrderOwnedParentsByOrderFieldValue" />
    </UnitTest>
    <UnitTest name="WillOrderUnownedParentsByTeamFieldValue" storage="d:\v2.0\a1\_work\dbded102\bin\release.anycpu\tfs.service\ms.tf.agile.server.l0.tests\ms.tf.agile.server.l0.tests.dll" id="240d1405-6be4-d792-b6ab-f49d618796cc">
      <Owners>
        <Owner name="vscsbacklogs" />
      </Owners>
      <Execution id="12e0ad9c-6165-47bc-8ba8-6b041b90cafe" />
      <TestMethod codeBase="D:\v2.0\A1\_work\dbded102\bin\Release.AnyCPU\Tfs.Service\MS.TF.Agile.Server.L0.Tests\MS.TF.Agile.Server.L0.Tests.dll" adapterTypeName="Microsoft.VisualStudio.TestTools.TestTypes.Unit.UnitTestAdapter" className="MS.TF.Agile.Server.L0.Tests.Backlog.WorkItemComparerTests+DrillDownWithParents" name="WillOrderUnownedParentsByTeamFieldValue" />
    </UnitTest>
    <UnitTest name="WillOrderUnownedParentsByOrderFieldValueForSameTeamFieldValue" storage="d:\v2.0\a1\_work\dbded102\bin\release.anycpu\tfs.service\ms.tf.agile.server.l0.tests\ms.tf.agile.server.l0.tests.dll" id="d7bdf4ce-7451-5163-82fd-8d8cb91aac2e">
      <Owners>
        <Owner name="vscsbacklogs" />
      </Owners>
      <Execution id="9a578068-64d4-4e37-956d-5b7ce964c8d2" />
      <TestMethod codeBase="D:\v2.0\A1\_work\dbded102\bin\Release.AnyCPU\Tfs.Service\MS.TF.Agile.Server.L0.Tests\MS.TF.Agile.Server.L0.Tests.dll" adapterTypeName="Microsoft.VisualStudio.TestTools.TestTypes.Unit.UnitTestAdapter" className="MS.TF.Agile.Server.L0.Tests.Backlog.WorkItemComparerTests+DrillDownWithParents" name="WillOrderUnownedParentsByOrderFieldValueForSameTeamFieldValue" />
    </UnitTest>
    <UnitTest name="WillOrderUnownedParentBelowAllItems" storage="d:\v2.0\a1\_work\dbded102\bin\release.anycpu\tfs.service\ms.tf.agile.server.l0.tests\ms.tf.agile.server.l0.tests.dll" id="48ab4151-261b-52dc-fdd9-69752c627281">
      <Owners>
        <Owner name="vscsbacklogs" />
      </Owners>
      <Execution id="2b7059ff-8bcc-496c-8529-d7a416e594c1" />
      <TestMethod codeBase="D:\v2.0\A1\_work\dbded102\bin\Release.AnyCPU\Tfs.Service\MS.TF.Agile.Server.L0.Tests\MS.TF.Agile.Server.L0.Tests.dll" adapterTypeName="Microsoft.VisualStudio.TestTools.TestTypes.Unit.UnitTestAdapter" className="MS.TF.Agile.Server.L0.Tests.Backlog.WorkItemComparerTests+DrillDownWithParents" name="WillOrderUnownedParentBelowAllItems" />
    </UnitTest>
    <UnitTest name="WillOrderOwnedParentAboveAllItems" storage="d:\v2.0\a1\_work\dbded102\bin\release.anycpu\tfs.service\ms.tf.agile.server.l0.tests\ms.tf.agile.server.l0.tests.dll" id="519deb02-e0be-f255-282d-3363171ffd05">
      <Owners>
        <Owner name="vscsbacklogs" />
      </Owners>
      <Execution id="2a177b4d-6f32-41b3-acdc-e0f84fcb133e" />
      <TestMethod codeBase="D:\v2.0\A1\_work\dbded102\bin\Release.AnyCPU\Tfs.Service\MS.TF.Agile.Server.L0.Tests\MS.TF.Agile.Server.L0.Tests.dll" adapterTypeName="Microsoft.VisualStudio.TestTools.TestTypes.Unit.UnitTestAdapter" className="MS.TF.Agile.Server.L0.Tests.Backlog.WorkItemComparerTests+DrillDownWithParents" name="WillOrderOwnedParentAboveAllItems" />
    </UnitTest>
  </TestDefinitions>
  <TestEntries>
    <TestEntry testId="1740ba22-b9e4-7082-4140-c29ef5a806cb" executionId="67dfec0b-c232-479b-a244-a5af284cffe3" testListId="8c84fa94-04c1-424b-9868-57a2d4851a1d" />
    <TestEntry testId="3b5d292c-9e1f-ea51-bd97-30b93bd9462f" executionId="1a329b39-bbc9-4222-9516-92695b4656bb" testListId="8c84fa94-04c1-424b-9868-57a2d4851a1d" />
    <TestEntry testId="257dabab-1559-fc02-c249-9490e5e04a8d" executionId="4ce64891-2287-4063-a8a8-fb4398bf7f3c" testListId="8c84fa94-04c1-424b-9868-57a2d4851a1d" />
    <TestEntry testId="fda4964f-96de-9b07-fdcf-eba7ecd24b47" executionId="70820d2f-b571-403e-b37e-e06cc6109764" testListId="8c84fa94-04c1-424b-9868-57a2d4851a1d" />
    <TestEntry testId="2bfd6694-40e7-7b96-3102-f444e0ad72df" executionId="0a54570e-25cf-48d6-8798-87b23850472d" testListId="8c84fa94-04c1-424b-9868-57a2d4851a1d" />
    <TestEntry testId="0375095d-e40e-b3ae-a181-1c88f3e7e588" executionId="df7a50e9-afba-4f45-8b30-7ab995e3f7d4" testListId="8c84fa94-04c1-424b-9868-57a2d4851a1d" />
    <TestEntry testId="0c37189e-8d93-3368-d48c-26aaf0fd87bc" executionId="47f1cb29-9a6f-4f46-944d-73d836e037cf" testListId="8c84fa94-04c1-424b-9868-57a2d4851a1d" />
    <TestEntry testId="107e8497-674b-bc00-2da2-383b7094a5b1" executionId="31f72e2b-8da3-4b13-b427-142589c6190b" testListId="8c84fa94-04c1-424b-9868-57a2d4851a1d" />
    <TestEntry testId="9ad3d3da-9322-aa7f-af6f-4b285b25cbc7" executionId="dae8afce-6e38-4b6a-b84b-c1e47a662cd4" testListId="8c84fa94-04c1-424b-9868-57a2d4851a1d" />
    <TestEntry testId="96007fc1-4ba3-c9a5-627e-690d6b130db0" executionId="8fbe3c3c-9282-43aa-8b8f-414842e12a3f" testListId="8c84fa94-04c1-424b-9868-57a2d4851a1d" />
    <TestEntry testId="7f985d7e-c40c-948a-3bf5-8e9e952df9cf" executionId="5b2e8177-c405-4d38-b718-65fe11532a02" testListId="8c84fa94-04c1-424b-9868-57a2d4851a1d" />
    <TestEntry testId="727b356f-091f-462f-6729-d7761e778e62" executionId="ce4dac8a-84aa-41d8-87cc-1cd66d472f69" testListId="8c84fa94-04c1-424b-9868-57a2d4851a1d" />
    <TestEntry testId="7d8bef2a-de01-a36d-2356-a0ece81f61ec" executionId="2decdd31-bafd-4389-8d5e-d9b1f36c5608" testListId="8c84fa94-04c1-424b-9868-57a2d4851a1d" />
    <TestEntry testId="2594112e-61b1-6dc2-ead6-092d2aefb407" executionId="249c1214-ae9d-4166-95cc-c82fb42436f5" testListId="8c84fa94-04c1-424b-9868-57a2d4851a1d" />
    <TestEntry testId="7d6b23e3-32f7-e897-231f-25657943e23e" executionId="33814c54-e46a-4207-b52c-21bb76f37dcc" testListId="8c84fa94-04c1-424b-9868-57a2d4851a1d" />
    <TestEntry testId="fdf70033-ad23-d3bf-bda8-3f8247808b85" executionId="f38c6489-000b-48da-89a8-28fabbda087c" testListId="8c84fa94-04c1-424b-9868-57a2d4851a1d" />
    <TestEntry testId="3b0ec87b-fb4f-6192-464d-685cdf0199b9" executionId="b27aed9e-4445-4c52-8889-aea44fa2e267" testListId="8c84fa94-04c1-424b-9868-57a2d4851a1d" />
    <TestEntry testId="28390acd-93f6-013f-aa10-59825fea0d02" executionId="2240fafc-6cbb-46c4-b205-84d2417f75ed" testListId="8c84fa94-04c1-424b-9868-57a2d4851a1d" />
    <TestEntry testId="d10ddfb2-94bf-bb72-2d21-42547038bc33" executionId="ec62615e-2b71-42c1-b569-e14c471d4076" testListId="8c84fa94-04c1-424b-9868-57a2d4851a1d" />
    <TestEntry testId="1f0b05ed-5473-95c9-3b09-a580141649d2" executionId="dc569991-562e-49fc-9720-d78c0cd7eb5c" testListId="8c84fa94-04c1-424b-9868-57a2d4851a1d" />
    <TestEntry testId="86d39563-aafa-0aca-c855-28bd2d5db704" executionId="6207c0ed-b4d4-4e75-b7be-affd0d19c74e" testListId="8c84fa94-04c1-424b-9868-57a2d4851a1d" />
    <TestEntry testId="6152f37b-239c-27e2-98b2-10ed1421ced1" executionId="bb0eb1d6-b327-417a-847e-2ef1cfdbd261" testListId="8c84fa94-04c1-424b-9868-57a2d4851a1d" />
    <TestEntry testId="092cd5cb-c91a-ec1f-3cbe-4070f7f948a3" executionId="35d419c7-5571-43b3-a45d-5a901ba4910e" testListId="8c84fa94-04c1-424b-9868-57a2d4851a1d" />
    <TestEntry testId="5157899f-d12c-b63b-2f98-c0f40a2d60a0" executionId="374c1875-967d-49fd-a1f5-d4f1094eb050" testListId="8c84fa94-04c1-424b-9868-57a2d4851a1d" />
    <TestEntry testId="412ad2da-33f9-1dbc-079e-83dfd5bae5c7" executionId="49976354-35ed-4f37-b658-6763c354ed1f" testListId="8c84fa94-04c1-424b-9868-57a2d4851a1d" />
    <TestEntry testId="a8e1c34d-ca99-1b79-c577-a53ec5abe264" executionId="fe0d2ac3-d035-435f-a44d-0e4f0456975a" testListId="8c84fa94-04c1-424b-9868-57a2d4851a1d" />
    <TestEntry testId="feb4f101-3fbe-5c59-5f27-f8d09c675e4a" executionId="42a9aaca-dc74-459c-8146-013570f2eca0" testListId="8c84fa94-04c1-424b-9868-57a2d4851a1d" />
    <TestEntry testId="86cb5d59-83d2-8e8a-2259-94a6fea4da46" executionId="9e066d89-98e8-4544-9d78-4327e67c70b3" testListId="8c84fa94-04c1-424b-9868-57a2d4851a1d" />
    <TestEntry testId="60119532-f65c-0a3b-c982-5c3f30fb65a0" executionId="51ddffbb-9493-4cda-a420-abab799164c9" testListId="8c84fa94-04c1-424b-9868-57a2d4851a1d" />
    <TestEntry testId="c6d1bc8c-58e0-8901-9548-6d56da9af20e" executionId="ab69f45c-7bdf-494c-8a69-e475d8f527b6" testListId="8c84fa94-04c1-424b-9868-57a2d4851a1d" />
    <TestEntry testId="962306f8-9aac-9ead-4adb-58826902f4fe" executionId="1d90ce40-5061-4763-ac22-0c738634c68b" testListId="8c84fa94-04c1-424b-9868-57a2d4851a1d" />
    <TestEntry testId="283b439b-355d-20a8-fc45-523ffa1c9462" executionId="2d05ad38-bd3d-455f-a823-844efcd4b8be" testListId="8c84fa94-04c1-424b-9868-57a2d4851a1d" />
    <TestEntry testId="ab339a63-f18e-42a2-3837-1b2e1d6a0936" executionId="90759a10-0196-45d1-b166-8e453cb77348" testListId="8c84fa94-04c1-424b-9868-57a2d4851a1d" />
    <TestEntry testId="dba7a5c2-dfc0-621a-98df-1a000f48bf35" executionId="abfcc0e9-0207-4d9a-b022-259eec0d47c2" testListId="8c84fa94-04c1-424b-9868-57a2d4851a1d" />
    <TestEntry testId="b29db4a6-6e8b-8104-47cb-f689f612bd21" executionId="47ec5e87-8546-43b3-ae55-695383484c2d" testListId="8c84fa94-04c1-424b-9868-57a2d4851a1d" />
    <TestEntry testId="117d75e1-1a79-6f50-6a22-47cb96c05e5f" executionId="841279f5-61b9-46f4-aba3-6a3891f18912" testListId="8c84fa94-04c1-424b-9868-57a2d4851a1d" />
    <TestEntry testId="a215de87-a470-d52a-9930-616ff7b19e0d" executionId="a981f73c-9905-40cf-ac57-2c41c52ff15f" testListId="8c84fa94-04c1-424b-9868-57a2d4851a1d" />
    <TestEntry testId="9cddf5dd-3ff0-362a-8296-321d793e0667" executionId="af08858e-20a2-407b-ac56-56ac42ac552a" testListId="8c84fa94-04c1-424b-9868-57a2d4851a1d" />
    <TestEntry testId="5f68ba83-e048-2af7-62e4-d4f9b9010a46" executionId="cf707855-3719-41a2-8477-012da1fe2fa1" testListId="8c84fa94-04c1-424b-9868-57a2d4851a1d" />
    <TestEntry testId="f8dcffd9-09ce-5c01-0f2a-8e07dfd20820" executionId="c826199a-602d-40e0-bb38-e92f4a1f1712" testListId="8c84fa94-04c1-424b-9868-57a2d4851a1d" />
    <TestEntry testId="9db285d5-a145-63c6-e46e-4f03481c377d" executionId="a0b14571-df92-456c-ad4e-2ba7ac748721" testListId="8c84fa94-04c1-424b-9868-57a2d4851a1d" />
    <TestEntry testId="4aa45813-9360-48f4-e918-448fb44ec820" executionId="36b00099-c747-4ff6-b565-65ff3625e5e1" testListId="8c84fa94-04c1-424b-9868-57a2d4851a1d" />
    <TestEntry testId="c048a388-2f86-8eb0-6bdf-c25ee8164d12" executionId="90134f27-42fc-4fe4-8704-3159068cb318" testListId="8c84fa94-04c1-424b-9868-57a2d4851a1d" />
    <TestEntry testId="240d1405-6be4-d792-b6ab-f49d618796cc" executionId="12e0ad9c-6165-47bc-8ba8-6b041b90cafe" testListId="8c84fa94-04c1-424b-9868-57a2d4851a1d" />
    <TestEntry testId="d7bdf4ce-7451-5163-82fd-8d8cb91aac2e" executionId="9a578068-64d4-4e37-956d-5b7ce964c8d2" testListId="8c84fa94-04c1-424b-9868-57a2d4851a1d" />
    <TestEntry testId="48ab4151-261b-52dc-fdd9-69752c627281" executionId="2b7059ff-8bcc-496c-8529-d7a416e594c1" testListId="8c84fa94-04c1-424b-9868-57a2d4851a1d" />
    <TestEntry testId="519deb02-e0be-f255-282d-3363171ffd05" executionId="2a177b4d-6f32-41b3-acdc-e0f84fcb133e" testListId="8c84fa94-04c1-424b-9868-57a2d4851a1d" />
  </TestEntries>
  <TestLists>
    <TestList name="Results Not in a List" id="8c84fa94-04c1-424b-9868-57a2d4851a1d" />
    <TestList name="All Loaded Results" id="19431567-8539-422a-85d7-44ee4e166bda" />
  </TestLists>
  <ResultSummary outcome="Completed">
    <Counters total="47" executed="47" passed="47" failed="0" error="0" timeout="0" aborted="0" inconclusive="0" passedButRunAborted="0" notRunnable="0" notExecuted="0" disconnected="0" warning="0" completed="0" inProgress="0" pending="0" />
  </ResultSummary>
</TestRun>