<?xml version="1.0" encoding="UTF-8"?>
<TestRun id="883f52cc-4744-469d-89e6-fe23f0fa47f7" name="tfsmladm@TFSBUILD11 2015-09-28 09:43:42" runUser="REDMOND\tfsmladm" xmlns="http://microsoft.com/schemas/VisualStudio/TeamTest/2010">
  <Times creation="2015-09-28T09:43:42.7663335-07:00" queuing="2015-09-28T09:43:42.7663335-07:00" start="2015-09-28T09:43:42.7663335-07:00" finish="2015-09-28T09:43:46.1415732-07:00" />
  <TestSettings name="default" id="ffd4664a-1ca3-4912-a468-f65f1f0c7acf">
    <Execution>
      <TestTypeSpecific />
    </Execution>
    <Deployment runDeploymentRoot="tfsmladm_TFSBUILD11 2015-09-28 09_43_42" />
    <Properties />
  </TestSettings>
  <Results>
    <UnitTestResult executionId="6dc32b1e-c05b-440c-9b94-cdc8f880b1ab" testId="20a60ec9-b7bc-2fc6-afda-ea8fe5b4a2b9" testName="WillTraceHttpExceptionWhenAHttpExceptionOccursFromAClientDisconnection" computerName="TFSBUILD11" duration="00:00:00.8417143" startTime="2015-09-28T09:43:41.2818530-07:00" endTime="2015-09-28T09:43:42.2037935-07:00" testType="13cdc9d9-ddb5-4fa4-a97d-d965ccfc6d4b" outcome="Passed" testListId="8c84fa94-04c1-424b-9868-57a2d4851a1d" relativeResultsDirectory="6dc32b1e-c05b-440c-9b94-cdc8f880b1ab" />
    <UnitTestResult executionId="e2332c53-59c0-4e36-9f11-97b9d1bead5a" testId="68a0790f-27ac-0732-4a52-d9a5a04f7d62" testName="WillHandleHttpExceptionWhenAHttpExceptionOccursAndClientIsStillConnected" computerName="TFSBUILD11" duration="00:00:00.0541845" startTime="2015-09-28T09:43:42.2194188-07:00" endTime="2015-09-28T09:43:42.2819246-07:00" testType="13cdc9d9-ddb5-4fa4-a97d-d965ccfc6d4b" outcome="Passed" testListId="8c84fa94-04c1-424b-9868-57a2d4851a1d" relativeResultsDirectory="e2332c53-59c0-4e36-9f11-97b9d1bead5a" />
    <UnitTestResult executionId="3630b4e2-65c6-41ea-b034-b851e4955468" testId="bfacb697-592a-b81b-9daa-51ac7f68b3cb" testName="Run_UpdateWorkItemTypeProjectNotFound" computerName="TFSBUILD11" duration="00:00:00.6413660" startTime="2015-09-28T09:43:42.2819246-07:00" endTime="2015-09-28T09:43:42.9225943-07:00" testType="13cdc9d9-ddb5-4fa4-a97d-d965ccfc6d4b" outcome="Passed" testListId="8c84fa94-04c1-424b-9868-57a2d4851a1d" relativeResultsDirectory="3630b4e2-65c6-41ea-b034-b851e4955468" />
    <UnitTestResult executionId="e01be0b7-3c09-498a-9b30-c651705a8827" testId="926700cc-a8ac-2dd0-9906-661718fa5ab6" testName="Run_UpdateWorkItemTypeProjectAdminPermissionDenied" computerName="TFSBUILD11" duration="00:00:00.1374057" startTime="2015-09-28T09:43:42.9225943-07:00" endTime="2015-09-28T09:43:43.0632290-07:00" testType="13cdc9d9-ddb5-4fa4-a97d-d965ccfc6d4b" outcome="Passed" testListId="8c84fa94-04c1-424b-9868-57a2d4851a1d" relativeResultsDirectory="e01be0b7-3c09-498a-9b30-c651705a8827" />
    <UnitTestResult executionId="b81ae574-28c8-4953-ac15-0b763c72cb74" testId="4c17df40-0def-353b-b447-6abed5be050d" testName="TestGetDestroyedWorkItemIds" computerName="TFSBUILD11" duration="00:00:00.1251001" startTime="2015-09-28T09:43:43.0632290-07:00" endTime="2015-09-28T09:43:43.1882396-07:00" testType="13cdc9d9-ddb5-4fa4-a97d-d965ccfc6d4b" outcome="Passed" testListId="8c84fa94-04c1-424b-9868-57a2d4851a1d" relativeResultsDirectory="b81ae574-28c8-4953-ac15-0b763c72cb74" />
    <UnitTestResult executionId="8e095ec8-5123-4492-af3d-23f8818af888" testId="eb030da8-7174-e9a0-77e3-cba42702155c" testName="TestDeserializePackageToWorkItemUpdateResults" computerName="TFSBUILD11" duration="00:00:00.1052894" startTime="2015-09-28T09:43:43.1882396-07:00" endTime="2015-09-28T09:43:43.2976213-07:00" testType="13cdc9d9-ddb5-4fa4-a97d-d965ccfc6d4b" outcome="Passed" testListId="8c84fa94-04c1-424b-9868-57a2d4851a1d" relativeResultsDirectory="8e095ec8-5123-4492-af3d-23f8818af888" />
    <UnitTestResult executionId="03eac105-4c93-4089-a72c-15e198a92e4f" testId="c2b34b31-26b2-664d-05b2-839e77920f53" testName="TestDeserializePackageWorkItemDestroy" computerName="TFSBUILD11" duration="00:00:00.0641907" startTime="2015-09-28T09:43:43.2976213-07:00" endTime="2015-09-28T09:43:43.3601254-07:00" testType="13cdc9d9-ddb5-4fa4-a97d-d965ccfc6d4b" outcome="Passed" testListId="8c84fa94-04c1-424b-9868-57a2d4851a1d" relativeResultsDirectory="03eac105-4c93-4089-a72c-15e198a92e4f" />
    <UnitTestResult executionId="94aaf29b-076d-4eb0-a20d-be57bad147c4" testId="0526af8e-aa24-3cb5-2817-16faf199d682" testName="GetWorkItemIdsForArtifactUris_EmptyResponse" computerName="TFSBUILD11" duration="00:00:00.0265585" startTime="2015-09-28T09:43:43.3601254-07:00" endTime="2015-09-28T09:43:43.3757516-07:00" testType="13cdc9d9-ddb5-4fa4-a97d-d965ccfc6d4b" outcome="Passed" testListId="8c84fa94-04c1-424b-9868-57a2d4851a1d" relativeResultsDirectory="94aaf29b-076d-4eb0-a20d-be57bad147c4" />
    <UnitTestResult executionId="ae4a92b3-4cf6-4f8b-aa27-44748928103f" testId="458f74d9-e65d-04bf-4dc2-56f7d6e50601" testName="GetWorkItemIdsForArtifactUris_NullInput" computerName="TFSBUILD11" duration="00:00:00.0079487" startTime="2015-09-28T09:43:43.3757516-07:00" endTime="2015-09-28T09:43:43.3913774-07:00" testType="13cdc9d9-ddb5-4fa4-a97d-d965ccfc6d4b" outcome="Passed" testListId="8c84fa94-04c1-424b-9868-57a2d4851a1d" relativeResultsDirectory="ae4a92b3-4cf6-4f8b-aa27-44748928103f" />
    <UnitTestResult executionId="573c982c-210f-4d37-8e77-69a5ed374b6d" testId="d2cbc659-e45c-7f32-7428-feb2d147592c" testName="TestFillPayloadWithWorkItemSpanning" computerName="TFSBUILD11" duration="00:00:00.6178800" startTime="2015-09-28T09:43:43.3913774-07:00" endTime="2015-09-28T09:43:44.0007954-07:00" testType="13cdc9d9-ddb5-4fa4-a97d-d965ccfc6d4b" outcome="Passed" testListId="8c84fa94-04c1-424b-9868-57a2d4851a1d" relativeResultsDirectory="573c982c-210f-4d37-8e77-69a5ed374b6d" />
    <UnitTestResult executionId="c9414dc3-8a4b-4bb1-afbc-bf6bdb5f8112" testId="94f4fd5e-3934-806c-e93e-29c2eb706c8f" testName="TestFillPayloadWithWorkItemNonSpanning" computerName="TFSBUILD11" duration="00:00:00.0744389" startTime="2015-09-28T09:43:44.0007954-07:00" endTime="2015-09-28T09:43:44.0789263-07:00" testType="13cdc9d9-ddb5-4fa4-a97d-d965ccfc6d4b" outcome="Passed" testListId="8c84fa94-04c1-424b-9868-57a2d4851a1d" relativeResultsDirectory="c9414dc3-8a4b-4bb1-afbc-bf6bdb5f8112" />
    <UnitTestResult executionId="4abaa463-e695-46e3-9ac4-bb80c2957dd8" testId="c2b89998-28be-e856-879f-4c3850736e96" testName="TestFillPayloadWithWorkItemWorkItemNotFound" computerName="TFSBUILD11" duration="00:00:00.0602039" startTime="2015-09-28T09:43:44.0789263-07:00" endTime="2015-09-28T09:43:44.1414313-07:00" testType="13cdc9d9-ddb5-4fa4-a97d-d965ccfc6d4b" outcome="Passed" testListId="8c84fa94-04c1-424b-9868-57a2d4851a1d" relativeResultsDirectory="4abaa463-e695-46e3-9ac4-bb80c2957dd8" />
    <UnitTestResult executionId="ad07a30e-8b9e-4beb-9931-bcdd395a19fb" testId="bc47b540-1bf3-ffdc-4ca1-c1bb7342f055" testName="TestFillPayloadWithWorkItemXmlWorkItemNotFound" computerName="TFSBUILD11" duration="00:00:00.0580828" startTime="2015-09-28T09:43:44.1414313-07:00" endTime="2015-09-28T09:43:44.2039354-07:00" testType="13cdc9d9-ddb5-4fa4-a97d-d965ccfc6d4b" outcome="Passed" testListId="8c84fa94-04c1-424b-9868-57a2d4851a1d" relativeResultsDirectory="ad07a30e-8b9e-4beb-9931-bcdd395a19fb" />
    <UnitTestResult executionId="2c3cd583-07ca-4bbf-818a-290a526db9a8" testId="e727bf2f-f188-578f-55c6-d27de3e3290c" testName="TestFillPayloadWithWorkItemXml" computerName="TFSBUILD11" duration="00:00:00.5414537" startTime="2015-09-28T09:43:44.2039354-07:00" endTime="2015-09-28T09:43:44.7352235-07:00" testType="13cdc9d9-ddb5-4fa4-a97d-d965ccfc6d4b" outcome="Passed" testListId="8c84fa94-04c1-424b-9868-57a2d4851a1d" relativeResultsDirectory="2c3cd583-07ca-4bbf-818a-290a526db9a8" />
    <UnitTestResult executionId="1091a587-d6c0-4944-92e8-a0d426e059c0" testId="9e344212-c379-df25-d4d0-324d2a5503c8" testName="GroupWithValidOperator" computerName="TFSBUILD11" duration="00:00:00.1325690" startTime="2015-09-28T09:43:44.7352235-07:00" endTime="2015-09-28T09:43:44.8758582-07:00" testType="13cdc9d9-ddb5-4fa4-a97d-d965ccfc6d4b" outcome="Passed" testListId="8c84fa94-04c1-424b-9868-57a2d4851a1d" relativeResultsDirectory="1091a587-d6c0-4944-92e8-a0d426e059c0" />
    <UnitTestResult executionId="c65e290f-5294-4516-9c46-556c90ddea52" testId="7c1a3328-3e48-3906-2ecd-7aa90f2a2053" testName="GroupWithMultipleChildrenAnd" computerName="TFSBUILD11" duration="00:00:00.0050323" startTime="2015-09-28T09:43:44.8758582-07:00" endTime="2015-09-28T09:43:44.8758582-07:00" testType="13cdc9d9-ddb5-4fa4-a97d-d965ccfc6d4b" outcome="Passed" testListId="8c84fa94-04c1-424b-9868-57a2d4851a1d" relativeResultsDirectory="c65e290f-5294-4516-9c46-556c90ddea52" />
    <UnitTestResult executionId="d116afb5-513c-485b-91a6-e6e93d2cf6bd" testId="a69963ca-de1c-423e-0611-e0837af579d9" testName="GroupWithMultipleChildrenOr" computerName="TFSBUILD11" duration="00:00:00.0050790" startTime="2015-09-28T09:43:44.8758582-07:00" endTime="2015-09-28T09:43:44.8914846-07:00" testType="13cdc9d9-ddb5-4fa4-a97d-d965ccfc6d4b" outcome="Passed" testListId="8c84fa94-04c1-424b-9868-57a2d4851a1d" relativeResultsDirectory="d116afb5-513c-485b-91a6-e6e93d2cf6bd" />
    <UnitTestResult executionId="31cde9df-5d54-4030-a31d-8ced14bd71e8" testId="1e7e181f-af71-b0a6-1cec-146c888e6fd1" testName="ValidLinksQueryLeftGroupOnly" computerName="TFSBUILD11" duration="00:00:00.0051037" startTime="2015-09-28T09:43:44.8914846-07:00" endTime="2015-09-28T09:43:44.8914846-07:00" testType="13cdc9d9-ddb5-4fa4-a97d-d965ccfc6d4b" outcome="Passed" testListId="8c84fa94-04c1-424b-9868-57a2d4851a1d" relativeResultsDirectory="31cde9df-5d54-4030-a31d-8ced14bd71e8" />
    <UnitTestResult executionId="b1e14071-eb48-47f0-80ca-4f84fee3e0fe" testId="1b7badfa-c8b6-7d52-d023-82145b227a36" testName="ValidLinksQueryRightGroupOnly" computerName="TFSBUILD11" duration="00:00:00.0048042" startTime="2015-09-28T09:43:44.8914846-07:00" endTime="2015-09-28T09:43:44.8914846-07:00" testType="13cdc9d9-ddb5-4fa4-a97d-d965ccfc6d4b" outcome="Passed" testListId="8c84fa94-04c1-424b-9868-57a2d4851a1d" relativeResultsDirectory="b1e14071-eb48-47f0-80ca-4f84fee3e0fe" />
    <UnitTestResult executionId="f808e039-7d9b-4206-bcda-c2c9b3d2e30d" testId="31cc4fc8-c787-8835-1d63-383ffc00182e" testName="ValidLinksQueryLinkGroupOnly" computerName="TFSBUILD11" duration="00:00:00.0049086" startTime="2015-09-28T09:43:44.8914846-07:00" endTime="2015-09-28T09:43:44.9071113-07:00" testType="13cdc9d9-ddb5-4fa4-a97d-d965ccfc6d4b" outcome="Passed" testListId="8c84fa94-04c1-424b-9868-57a2d4851a1d" relativeResultsDirectory="f808e039-7d9b-4206-bcda-c2c9b3d2e30d" />
    <UnitTestResult executionId="7ae1f599-f3a5-47bd-9ffc-5a7b2a782414" testId="e43aeb10-104c-2e18-4124-f4b920367ca0" testName="ValidLinksQueryAllGroups" computerName="TFSBUILD11" duration="00:00:00.0140961" startTime="2015-09-28T09:43:44.9071113-07:00" endTime="2015-09-28T09:43:44.9227366-07:00" testType="13cdc9d9-ddb5-4fa4-a97d-d965ccfc6d4b" outcome="Passed" testListId="8c84fa94-04c1-424b-9868-57a2d4851a1d" relativeResultsDirectory="7ae1f599-f3a5-47bd-9ffc-5a7b2a782414" />
    <UnitTestResult executionId="4b7b027c-1b3c-4fea-9b4d-ad402c892f6a" testId="02c92501-1db1-de50-dad9-490e9ae8d03f" testName="SortFieldInvalidNullFieldName" computerName="TFSBUILD11" duration="00:00:00.0076421" startTime="2015-09-28T09:43:44.9227366-07:00" endTime="2015-09-28T09:43:44.9227366-07:00" testType="13cdc9d9-ddb5-4fa4-a97d-d965ccfc6d4b" outcome="Passed" testListId="8c84fa94-04c1-424b-9868-57a2d4851a1d" relativeResultsDirectory="4b7b027c-1b3c-4fea-9b4d-ad402c892f6a" />
    <UnitTestResult executionId="456681fa-bda5-4e3b-a608-2ac810e63843" testId="0e9d3f58-349b-0af1-e1f9-ea397238586a" testName="SortFieldInvalidEmptyFieldName" computerName="TFSBUILD11" duration="00:00:00.0052002" startTime="2015-09-28T09:43:44.9227366-07:00" endTime="2015-09-28T09:43:44.9227366-07:00" testType="13cdc9d9-ddb5-4fa4-a97d-d965ccfc6d4b" outcome="Passed" testListId="8c84fa94-04c1-424b-9868-57a2d4851a1d" relativeResultsDirectory="456681fa-bda5-4e3b-a608-2ac810e63843" />
    <UnitTestResult executionId="b4a1f79b-9906-48de-81a0-ac1bcc63ff58" testId="89256860-0bc5-6e9a-8ac7-47cf4222af11" testName="SortFieldInvalidFieldReferenceName" computerName="TFSBUILD11" duration="00:00:00.0051905" startTime="2015-09-28T09:43:44.9227366-07:00" endTime="2015-09-28T09:43:44.9383635-07:00" testType="13cdc9d9-ddb5-4fa4-a97d-d965ccfc6d4b" outcome="Passed" testListId="8c84fa94-04c1-424b-9868-57a2d4851a1d" relativeResultsDirectory="b4a1f79b-9906-48de-81a0-ac1bcc63ff58" />
    <UnitTestResult executionId="0eaf8e6a-f4d8-4625-9470-ea57aba0686d" testId="0ecd0892-cdbf-8e33-b144-84e54cab9dcd" testName="SortFieldFieldNotExist" computerName="TFSBUILD11" duration="00:00:00.0052243" startTime="2015-09-28T09:43:44.9383635-07:00" endTime="2015-09-28T09:43:44.9383635-07:00" testType="13cdc9d9-ddb5-4fa4-a97d-d965ccfc6d4b" outcome="Passed" testListId="8c84fa94-04c1-424b-9868-57a2d4851a1d" relativeResultsDirectory="0eaf8e6a-f4d8-4625-9470-ea57aba0686d" />
    <UnitTestResult executionId="941a1a64-f873-4659-b364-90df967d7713" testId="49d139ca-7041-365a-d5b1-0a45f44003cd" testName="SortFieldInvalidFieldReferenceNameWithTableAlias" computerName="TFSBUILD11" duration="00:00:00.0052511" startTime="2015-09-28T09:43:44.9383635-07:00" endTime="2015-09-28T09:43:44.9383635-07:00" testType="13cdc9d9-ddb5-4fa4-a97d-d965ccfc6d4b" outcome="Passed" testListId="8c84fa94-04c1-424b-9868-57a2d4851a1d" relativeResultsDirectory="941a1a64-f873-4659-b364-90df967d7713" />
    <UnitTestResult executionId="cd915dbe-94fe-4a3c-8ca5-9c4b109c24be" testId="46718e16-5943-e482-7238-35bf1eb0527c" testName="SortFieldFieldNotExistWithTableAlias" computerName="TFSBUILD11" duration="00:00:00.0054308" startTime="2015-09-28T09:43:44.9383635-07:00" endTime="2015-09-28T09:43:44.9539885-07:00" testType="13cdc9d9-ddb5-4fa4-a97d-d965ccfc6d4b" outcome="Passed" testListId="8c84fa94-04c1-424b-9868-57a2d4851a1d" relativeResultsDirectory="cd915dbe-94fe-4a3c-8ca5-9c4b109c24be" />
    <UnitTestResult executionId="c62a0dae-3343-4c2a-9372-5a1f6e0207e4" testId="5e2216bc-de83-c5ab-6691-79eda2d170f0" testName="SortFieldInvalidTableAlias" computerName="TFSBUILD11" duration="00:00:00.0058151" startTime="2015-09-28T09:43:44.9539885-07:00" endTime="2015-09-28T09:43:44.9539885-07:00" testType="13cdc9d9-ddb5-4fa4-a97d-d965ccfc6d4b" outcome="Passed" testListId="8c84fa94-04c1-424b-9868-57a2d4851a1d" relativeResultsDirectory="c62a0dae-3343-4c2a-9372-5a1f6e0207e4" />
    <UnitTestResult executionId="a412c1bc-f1cf-4034-aa59-7e1ed5320409" testId="156ff137-5b9b-4343-b360-c88e7e1a6f8c" testName="SortFieldEmptyTableAlias" computerName="TFSBUILD11" duration="00:00:00.0052826" startTime="2015-09-28T09:43:44.9539885-07:00" endTime="2015-09-28T09:43:44.9696149-07:00" testType="13cdc9d9-ddb5-4fa4-a97d-d965ccfc6d4b" outcome="Passed" testListId="8c84fa94-04c1-424b-9868-57a2d4851a1d" relativeResultsDirectory="a412c1bc-f1cf-4034-aa59-7e1ed5320409" />
    <UnitTestResult executionId="d557a51d-8c82-475c-b2f4-0edc1a9e9382" testId="51095d6f-928a-7b2e-7646-f89f1352d915" testName="SortFieldInvalidTableAliasWithNoBrackets" computerName="TFSBUILD11" duration="00:00:00.0065314" startTime="2015-09-28T09:43:44.9696149-07:00" endTime="2015-09-28T09:43:44.9696149-07:00" testType="13cdc9d9-ddb5-4fa4-a97d-d965ccfc6d4b" outcome="Passed" testListId="8c84fa94-04c1-424b-9868-57a2d4851a1d" relativeResultsDirectory="d557a51d-8c82-475c-b2f4-0edc1a9e9382" />
    <UnitTestResult executionId="f4524c26-c11f-4653-a781-bba2defea715" testId="b618691a-2540-1d3b-714c-9daf974d967c" testName="SortFieldInvalidFieldNameWithNoBrackets" computerName="TFSBUILD11" duration="00:00:00.0057480" startTime="2015-09-28T09:43:44.9696149-07:00" endTime="2015-09-28T09:43:44.9696149-07:00" testType="13cdc9d9-ddb5-4fa4-a97d-d965ccfc6d4b" outcome="Passed" testListId="8c84fa94-04c1-424b-9868-57a2d4851a1d" relativeResultsDirectory="f4524c26-c11f-4653-a781-bba2defea715" />
    <UnitTestResult executionId="4e910f1b-3948-4ddc-ac77-8bfba0ea028c" testId="e1728574-785c-c25b-5d87-966fcf9dc54e" testName="SortFieldInvalidTooManyBrackets" computerName="TFSBUILD11" duration="00:00:00.0050372" startTime="2015-09-28T09:43:44.9696149-07:00" endTime="2015-09-28T09:43:44.9852410-07:00" testType="13cdc9d9-ddb5-4fa4-a97d-d965ccfc6d4b" outcome="Passed" testListId="8c84fa94-04c1-424b-9868-57a2d4851a1d" relativeResultsDirectory="4e910f1b-3948-4ddc-ac77-8bfba0ea028c" />
    <UnitTestResult executionId="1d3c0a85-9c10-42ec-9447-b7f3be488f13" testId="170857aa-9e47-29bf-5db5-8915dcb4ef46" testName="SortFieldInvalidMissingTrailingBrackets" computerName="TFSBUILD11" duration="00:00:00.0061252" startTime="2015-09-28T09:43:44.9852410-07:00" endTime="2015-09-28T09:43:44.9852410-07:00" testType="13cdc9d9-ddb5-4fa4-a97d-d965ccfc6d4b" outcome="Passed" testListId="8c84fa94-04c1-424b-9868-57a2d4851a1d" relativeResultsDirectory="1d3c0a85-9c10-42ec-9447-b7f3be488f13" />
    <UnitTestResult executionId="f2a087d6-f675-4818-b9be-36b61a4f2f2c" testId="916f14a6-b6b6-d90d-501a-b9dc9f2cf846" testName="SortFieldInvalidMissingLeadingBrackets" computerName="TFSBUILD11" duration="00:00:00.0058524" startTime="2015-09-28T09:43:44.9852410-07:00" endTime="2015-09-28T09:43:45.0008668-07:00" testType="13cdc9d9-ddb5-4fa4-a97d-d965ccfc6d4b" outcome="Passed" testListId="8c84fa94-04c1-424b-9868-57a2d4851a1d" relativeResultsDirectory="f2a087d6-f675-4818-b9be-36b61a4f2f2c" />
    <UnitTestResult executionId="c857448c-2b88-41a0-a003-4169f8890de6" testId="6a296a48-56cf-2342-aa07-802f7331b20d" testName="SortFieldValidField" computerName="TFSBUILD11" duration="00:00:00.0058965" startTime="2015-09-28T09:43:45.0008668-07:00" endTime="2015-09-28T09:43:45.0008668-07:00" testType="13cdc9d9-ddb5-4fa4-a97d-d965ccfc6d4b" outcome="Passed" testListId="8c84fa94-04c1-424b-9868-57a2d4851a1d" relativeResultsDirectory="c857448c-2b88-41a0-a003-4169f8890de6" />
    <UnitTestResult executionId="fb39f96f-36e3-4acb-8f83-9f3b711edba7" testId="88018b2b-de20-a736-1fda-8d55c2470073" testName="SortFieldValidFieldWithLeadingTrailingSpaces" computerName="TFSBUILD11" duration="00:00:00.0055856" startTime="2015-09-28T09:43:45.0008668-07:00" endTime="2015-09-28T09:43:45.0008668-07:00" testType="13cdc9d9-ddb5-4fa4-a97d-d965ccfc6d4b" outcome="Passed" testListId="8c84fa94-04c1-424b-9868-57a2d4851a1d" relativeResultsDirectory="fb39f96f-36e3-4acb-8f83-9f3b711edba7" />
    <UnitTestResult executionId="3d55ff33-978e-4dee-8f03-f0ab65d7ae8d" testId="e03d8d0e-8194-4f3c-8ed9-573eb601258a" testName="SortFieldTableAliasLeft" computerName="TFSBUILD11" duration="00:00:00.0055062" startTime="2015-09-28T09:43:45.0008668-07:00" endTime="2015-09-28T09:43:45.0164935-07:00" testType="13cdc9d9-ddb5-4fa4-a97d-d965ccfc6d4b" outcome="Passed" testListId="8c84fa94-04c1-424b-9868-57a2d4851a1d" relativeResultsDirectory="3d55ff33-978e-4dee-8f03-f0ab65d7ae8d" />
    <UnitTestResult executionId="9cb9fb74-9d34-45ac-a249-b1f6d2ba2125" testId="24debf4d-8092-4a7e-479a-5bd91134bb29" testName="SortFieldTableAliasRight" computerName="TFSBUILD11" duration="00:00:00.0048039" startTime="2015-09-28T09:43:45.0164935-07:00" endTime="2015-09-28T09:43:45.0164935-07:00" testType="13cdc9d9-ddb5-4fa4-a97d-d965ccfc6d4b" outcome="Passed" testListId="8c84fa94-04c1-424b-9868-57a2d4851a1d" relativeResultsDirectory="9cb9fb74-9d34-45ac-a249-b1f6d2ba2125" />
    <UnitTestResult executionId="b52fac3a-78c0-4fb1-a3fd-64e15bf86184" testId="0f9a643d-9384-12b9-20ce-3e0edd04902b" testName="SortFieldTableAliasLink" computerName="TFSBUILD11" duration="00:00:00.0047877" startTime="2015-09-28T09:43:45.0164935-07:00" endTime="2015-09-28T09:43:45.0164935-07:00" testType="13cdc9d9-ddb5-4fa4-a97d-d965ccfc6d4b" outcome="Passed" testListId="8c84fa94-04c1-424b-9868-57a2d4851a1d" relativeResultsDirectory="b52fac3a-78c0-4fb1-a3fd-64e15bf86184" />
    <UnitTestResult executionId="a5db7a44-3750-4ff6-8001-1f59e2437f9b" testId="eedc4dee-3ebd-22d5-1379-579755a24ecd" testName="SortFieldSetTableAliasToLinkForLinkType" computerName="TFSBUILD11" duration="00:00:00.0045897" startTime="2015-09-28T09:43:45.0164935-07:00" endTime="2015-09-28T09:43:45.0321199-07:00" testType="13cdc9d9-ddb5-4fa4-a97d-d965ccfc6d4b" outcome="Passed" testListId="8c84fa94-04c1-424b-9868-57a2d4851a1d" relativeResultsDirectory="a5db7a44-3750-4ff6-8001-1f59e2437f9b" />
    <UnitTestResult executionId="59cdee12-a568-4e29-b02b-24139ab3b3b8" testId="84772d2a-ddba-2d3a-4a88-dfceb4910467" testName="NullQueryXml" computerName="TFSBUILD11" duration="00:00:00.0010493" startTime="2015-09-28T09:43:45.0321199-07:00" endTime="2015-09-28T09:43:45.0321199-07:00" testType="13cdc9d9-ddb5-4fa4-a97d-d965ccfc6d4b" outcome="Passed" testListId="8c84fa94-04c1-424b-9868-57a2d4851a1d" relativeResultsDirectory="59cdee12-a568-4e29-b02b-24139ab3b3b8" />
    <UnitTestResult executionId="ea69f519-1ec9-4a0b-ad66-1f826631d38d" testId="8af824ce-8f20-a552-7165-7f5ef84b367e" testName="NullRequestContext" computerName="TFSBUILD11" duration="00:00:00.0042225" startTime="2015-09-28T09:43:45.0321199-07:00" endTime="2015-09-28T09:43:45.0321199-07:00" testType="13cdc9d9-ddb5-4fa4-a97d-d965ccfc6d4b" outcome="Passed" testListId="8c84fa94-04c1-424b-9868-57a2d4851a1d" relativeResultsDirectory="ea69f519-1ec9-4a0b-ad66-1f826631d38d" />
    <UnitTestResult executionId="23f6c00a-484d-4052-9802-30ca9c77cc12" testId="fd44c114-2e8f-1d64-2a91-4bd89bf45a33" testName="EverNotImplemented" computerName="TFSBUILD11" duration="00:00:00.0051882" startTime="2015-09-28T09:43:45.0321199-07:00" endTime="2015-09-28T09:43:45.0321199-07:00" testType="13cdc9d9-ddb5-4fa4-a97d-d965ccfc6d4b" outcome="Passed" testListId="8c84fa94-04c1-424b-9868-57a2d4851a1d" relativeResultsDirectory="23f6c00a-484d-4052-9802-30ca9c77cc12" />
    <UnitTestResult executionId="3782e38a-284b-4e9d-90ec-e671f2ca9d76" testId="964d8145-43fb-be90-3331-bd15767b0f5a" testName="NoAsOf" computerName="TFSBUILD11" duration="00:00:00.0054894" startTime="2015-09-28T09:43:45.0321199-07:00" endTime="2015-09-28T09:43:45.0477457-07:00" testType="13cdc9d9-ddb5-4fa4-a97d-d965ccfc6d4b" outcome="Passed" testListId="8c84fa94-04c1-424b-9868-57a2d4851a1d" relativeResultsDirectory="3782e38a-284b-4e9d-90ec-e671f2ca9d76" />
    <UnitTestResult executionId="18811697-9634-4b2e-8f2c-de17da2918c3" testId="1035ed8f-fa64-361a-5325-220743c04c0e" testName="EmptyAsOf" computerName="TFSBUILD11" duration="00:00:00.0052098" startTime="2015-09-28T09:43:45.0477457-07:00" endTime="2015-09-28T09:43:45.0477457-07:00" testType="13cdc9d9-ddb5-4fa4-a97d-d965ccfc6d4b" outcome="Passed" testListId="8c84fa94-04c1-424b-9868-57a2d4851a1d" relativeResultsDirectory="18811697-9634-4b2e-8f2c-de17da2918c3" />
    <UnitTestResult executionId="fca3d343-50be-4973-b627-d3e528955a15" testId="a89b85cc-e744-e405-b595-df56a13dddc5" testName="InvalidAsOf" computerName="TFSBUILD11" duration="00:00:00.0129037" startTime="2015-09-28T09:43:45.0477457-07:00" endTime="2015-09-28T09:43:45.0633724-07:00" testType="13cdc9d9-ddb5-4fa4-a97d-d965ccfc6d4b" outcome="Passed" testListId="8c84fa94-04c1-424b-9868-57a2d4851a1d" relativeResultsDirectory="fca3d343-50be-4973-b627-d3e528955a15" />
    <UnitTestResult executionId="8ce3ac54-ddb0-431e-83a5-5f6b30fa1ce1" testId="9f98e655-c865-a15f-a255-f8b2a6b7c05b" testName="ValidAsOf" computerName="TFSBUILD11" duration="00:00:00.0079581" startTime="2015-09-28T09:43:45.0633724-07:00" endTime="2015-09-28T09:43:45.0633724-07:00" testType="13cdc9d9-ddb5-4fa4-a97d-d965ccfc6d4b" outcome="Passed" testListId="8c84fa94-04c1-424b-9868-57a2d4851a1d" relativeResultsDirectory="8ce3ac54-ddb0-431e-83a5-5f6b30fa1ce1" />
    <UnitTestResult executionId="4519a8ad-c6d6-4d3f-a293-dcabe8e3c39a" testId="164fee16-75ae-6e12-ff39-830e3e7b17ad" testName="ValidExplicitAsOf" computerName="TFSBUILD11" duration="00:00:00.0068650" startTime="2015-09-28T09:43:45.0789980-07:00" endTime="2015-09-28T09:43:45.0789980-07:00" testType="13cdc9d9-ddb5-4fa4-a97d-d965ccfc6d4b" outcome="Passed" testListId="8c84fa94-04c1-424b-9868-57a2d4851a1d" relativeResultsDirectory="4519a8ad-c6d6-4d3f-a293-dcabe8e3c39a" />
    <UnitTestResult executionId="85fa4a55-7a1a-41b2-b17a-cc08ca3c0e6c" testId="177140e2-203d-0594-f38e-42780503b87d" testName="LinksQueryNoQueryType" computerName="TFSBUILD11" duration="00:00:00.0053495" startTime="2015-09-28T09:43:45.0789980-07:00" endTime="2015-09-28T09:43:45.0789980-07:00" testType="13cdc9d9-ddb5-4fa4-a97d-d965ccfc6d4b" outcome="Passed" testListId="8c84fa94-04c1-424b-9868-57a2d4851a1d" relativeResultsDirectory="85fa4a55-7a1a-41b2-b17a-cc08ca3c0e6c" />
    <UnitTestResult executionId="5ab8bb83-2b5e-4592-89c9-e38382f4e450" testId="9a757d5a-af7c-283b-7ef7-75e404a98c6f" testName="EmptyLinksQuery" computerName="TFSBUILD11" duration="00:00:00.0043693" startTime="2015-09-28T09:43:45.0789980-07:00" endTime="2015-09-28T09:43:45.0946243-07:00" testType="13cdc9d9-ddb5-4fa4-a97d-d965ccfc6d4b" outcome="Passed" testListId="8c84fa94-04c1-424b-9868-57a2d4851a1d" relativeResultsDirectory="5ab8bb83-2b5e-4592-89c9-e38382f4e450" />
    <UnitTestResult executionId="0dcf3569-6d5e-4063-9474-238d5e19712c" testId="811e9e2d-ba3c-63ee-43e9-35cbec230362" testName="LinksQueryNoChild" computerName="TFSBUILD11" duration="00:00:00.0043889" startTime="2015-09-28T09:43:45.0946243-07:00" endTime="2015-09-28T09:43:45.0946243-07:00" testType="13cdc9d9-ddb5-4fa4-a97d-d965ccfc6d4b" outcome="Passed" testListId="8c84fa94-04c1-424b-9868-57a2d4851a1d" relativeResultsDirectory="0dcf3569-6d5e-4063-9474-238d5e19712c" />
    <UnitTestResult executionId="a5f3a7f8-498a-429b-aa2f-e229677491a8" testId="bd746ca4-cb3f-7b6f-bd48-f0a817e3b8af" testName="LinksQueryTooManyChildrean" computerName="TFSBUILD11" duration="00:00:00.0049325" startTime="2015-09-28T09:43:45.0946243-07:00" endTime="2015-09-28T09:43:45.0946243-07:00" testType="13cdc9d9-ddb5-4fa4-a97d-d965ccfc6d4b" outcome="Passed" testListId="8c84fa94-04c1-424b-9868-57a2d4851a1d" relativeResultsDirectory="a5f3a7f8-498a-429b-aa2f-e229677491a8" />
    <UnitTestResult executionId="a824931f-f8a1-4bf5-b0c5-b824d1585cdb" testId="65e17e08-bf99-17f4-8c14-b105940301dd" testName="LinksQueryInvalidChild" computerName="TFSBUILD11" duration="00:00:00.0050949" startTime="2015-09-28T09:43:45.0946243-07:00" endTime="2015-09-28T09:43:45.1102499-07:00" testType="13cdc9d9-ddb5-4fa4-a97d-d965ccfc6d4b" outcome="Passed" testListId="8c84fa94-04c1-424b-9868-57a2d4851a1d" relativeResultsDirectory="a824931f-f8a1-4bf5-b0c5-b824d1585cdb" />
    <UnitTestResult executionId="505baf7c-8fd3-4983-8272-14375ea7a66c" testId="0928c698-d9b9-280b-00bc-a5f3e0efbc3b" testName="WorkItemQueryNoChild" computerName="TFSBUILD11" duration="00:00:00.0048685" startTime="2015-09-28T09:43:45.1102499-07:00" endTime="2015-09-28T09:43:45.1102499-07:00" testType="13cdc9d9-ddb5-4fa4-a97d-d965ccfc6d4b" outcome="Passed" testListId="8c84fa94-04c1-424b-9868-57a2d4851a1d" relativeResultsDirectory="505baf7c-8fd3-4983-8272-14375ea7a66c" />
    <UnitTestResult executionId="59c1ba70-6182-402c-b4fa-3024c7c01edd" testId="176eba66-ce25-4ba0-0a32-8d0f885b9c5d" testName="WorkItemQueryTooManyChildrean" computerName="TFSBUILD11" duration="00:00:00.0050574" startTime="2015-09-28T09:43:45.1102499-07:00" endTime="2015-09-28T09:43:45.1102499-07:00" testType="13cdc9d9-ddb5-4fa4-a97d-d965ccfc6d4b" outcome="Passed" testListId="8c84fa94-04c1-424b-9868-57a2d4851a1d" relativeResultsDirectory="59c1ba70-6182-402c-b4fa-3024c7c01edd" />
    <UnitTestResult executionId="956edf49-4cdb-406a-919c-196414a27fa7" testId="7af1e2b2-b36f-4ae2-34c4-4c9ba2579807" testName="WorkItemQueryInvalidChild" computerName="TFSBUILD11" duration="00:00:00.0059181" startTime="2015-09-28T09:43:45.1102499-07:00" endTime="2015-09-28T09:43:45.1258760-07:00" testType="13cdc9d9-ddb5-4fa4-a97d-d965ccfc6d4b" outcome="Passed" testListId="8c84fa94-04c1-424b-9868-57a2d4851a1d" relativeResultsDirectory="956edf49-4cdb-406a-919c-196414a27fa7" />
    <UnitTestResult executionId="9947c6b6-2f95-4685-8c69-f7de7fbcb7b1" testId="d1bade99-6951-136d-6beb-074f6da3d97b" testName="EmptyRecursionId" computerName="TFSBUILD11" duration="00:00:00.0060922" startTime="2015-09-28T09:43:45.1258760-07:00" endTime="2015-09-28T09:43:45.1258760-07:00" testType="13cdc9d9-ddb5-4fa4-a97d-d965ccfc6d4b" outcome="Passed" testListId="8c84fa94-04c1-424b-9868-57a2d4851a1d" relativeResultsDirectory="9947c6b6-2f95-4685-8c69-f7de7fbcb7b1" />
    <UnitTestResult executionId="fd17c43e-57bd-4f59-8724-edc52fb2a767" testId="c5af3c45-2dc8-eea1-fb39-c71e414b38d9" testName="InvalidRecursionId" computerName="TFSBUILD11" duration="00:00:00.0053097" startTime="2015-09-28T09:43:45.1258760-07:00" endTime="2015-09-28T09:43:45.1258760-07:00" testType="13cdc9d9-ddb5-4fa4-a97d-d965ccfc6d4b" outcome="Passed" testListId="8c84fa94-04c1-424b-9868-57a2d4851a1d" relativeResultsDirectory="fd17c43e-57bd-4f59-8724-edc52fb2a767" />
    <UnitTestResult executionId="46b87c9d-b2a5-471a-be32-b3cf2e60d9a2" testId="c17b61d8-2970-c662-f6bf-6eb0c24b5f7a" testName="ValidRecursionId" computerName="TFSBUILD11" duration="00:00:00.0120132" startTime="2015-09-28T09:43:45.1258760-07:00" endTime="2015-09-28T09:43:45.1415027-07:00" testType="13cdc9d9-ddb5-4fa4-a97d-d965ccfc6d4b" outcome="Passed" testListId="8c84fa94-04c1-424b-9868-57a2d4851a1d" relativeResultsDirectory="46b87c9d-b2a5-471a-be32-b3cf2e60d9a2" />
    <UnitTestResult executionId="dc64c731-66b1-4224-add4-6b4233c73fef" testId="a48fe974-8e77-236f-3b8d-8457adc7598f" testName="ParentFirstWhenNotSet" computerName="TFSBUILD11" duration="00:00:00.0056567" startTime="2015-09-28T09:43:45.1415027-07:00" endTime="2015-09-28T09:43:45.1571282-07:00" testType="13cdc9d9-ddb5-4fa4-a97d-d965ccfc6d4b" outcome="Passed" testListId="8c84fa94-04c1-424b-9868-57a2d4851a1d" relativeResultsDirectory="dc64c731-66b1-4224-add4-6b4233c73fef" />
    <UnitTestResult executionId="87ad5973-adf8-4be3-8859-11ff02b94b56" testId="c4210820-def6-5e0f-dbd7-b52ca14fee23" testName="ParentFirstWhenSetEmpty" computerName="TFSBUILD11" duration="00:00:00.0057306" startTime="2015-09-28T09:43:45.1571282-07:00" endTime="2015-09-28T09:43:45.1571282-07:00" testType="13cdc9d9-ddb5-4fa4-a97d-d965ccfc6d4b" outcome="Passed" testListId="8c84fa94-04c1-424b-9868-57a2d4851a1d" relativeResultsDirectory="87ad5973-adf8-4be3-8859-11ff02b94b56" />
    <UnitTestResult executionId="92920119-7511-4eb3-97e7-ad974dd14766" testId="5d189304-40f0-d441-af76-56d1214f78f2" testName="ParentFirstWhenSetButInvalid" computerName="TFSBUILD11" duration="00:00:00.0063638" startTime="2015-09-28T09:43:45.1571282-07:00" endTime="2015-09-28T09:43:45.1571282-07:00" testType="13cdc9d9-ddb5-4fa4-a97d-d965ccfc6d4b" outcome="Passed" testListId="8c84fa94-04c1-424b-9868-57a2d4851a1d" relativeResultsDirectory="92920119-7511-4eb3-97e7-ad974dd14766" />
    <UnitTestResult executionId="bfd72e1e-6728-447b-97cb-087b1d65a570" testId="b910491d-8c36-a84f-0174-6c71ba724caa" testName="ParentFirstWhenSetToTrue" computerName="TFSBUILD11" duration="00:00:00.0053452" startTime="2015-09-28T09:43:45.1571282-07:00" endTime="2015-09-28T09:43:45.1727543-07:00" testType="13cdc9d9-ddb5-4fa4-a97d-d965ccfc6d4b" outcome="Passed" testListId="8c84fa94-04c1-424b-9868-57a2d4851a1d" relativeResultsDirectory="bfd72e1e-6728-447b-97cb-087b1d65a570" />
    <UnitTestResult executionId="66d0953c-e2df-428e-b292-7a32bfea9742" testId="98865876-8fdc-6500-63b4-5489885351e6" testName="ChildFirstWhenSetToFalse" computerName="TFSBUILD11" duration="00:00:00.0049305" startTime="2015-09-28T09:43:45.1727543-07:00" endTime="2015-09-28T09:43:45.1727543-07:00" testType="13cdc9d9-ddb5-4fa4-a97d-d965ccfc6d4b" outcome="Passed" testListId="8c84fa94-04c1-424b-9868-57a2d4851a1d" relativeResultsDirectory="66d0953c-e2df-428e-b292-7a32bfea9742" />
    <UnitTestResult executionId="cf6383b2-9590-4ca5-a578-ff524456b18b" testId="29750eba-140c-54ae-90bc-2f1f8d4e3060" testName="QueryTypeWorkItems" computerName="TFSBUILD11" duration="00:00:00.0047157" startTime="2015-09-28T09:43:45.1727543-07:00" endTime="2015-09-28T09:43:45.1727543-07:00" testType="13cdc9d9-ddb5-4fa4-a97d-d965ccfc6d4b" outcome="Passed" testListId="8c84fa94-04c1-424b-9868-57a2d4851a1d" relativeResultsDirectory="cf6383b2-9590-4ca5-a578-ff524456b18b" />
    <UnitTestResult executionId="0492ee2c-2e02-47fd-bfca-04ece0a599ec" testId="c6bc2908-0d51-cc33-31f9-fd4c38180bcd" testName="QueryTypeOneHopMayContain" computerName="TFSBUILD11" duration="00:00:00.0051680" startTime="2015-09-28T09:43:45.1727543-07:00" endTime="2015-09-28T09:43:45.1883810-07:00" testType="13cdc9d9-ddb5-4fa4-a97d-d965ccfc6d4b" outcome="Passed" testListId="8c84fa94-04c1-424b-9868-57a2d4851a1d" relativeResultsDirectory="0492ee2c-2e02-47fd-bfca-04ece0a599ec" />
    <UnitTestResult executionId="d96770b3-eade-40e6-bd87-15f4ab6df47b" testId="a8854710-7783-4147-3c06-b1c38c523f1f" testName="QueryTypeOneHopMustContain" computerName="TFSBUILD11" duration="00:00:00.0052349" startTime="2015-09-28T09:43:45.1883810-07:00" endTime="2015-09-28T09:43:45.1883810-07:00" testType="13cdc9d9-ddb5-4fa4-a97d-d965ccfc6d4b" outcome="Passed" testListId="8c84fa94-04c1-424b-9868-57a2d4851a1d" relativeResultsDirectory="d96770b3-eade-40e6-bd87-15f4ab6df47b" />
    <UnitTestResult executionId="ccc99d23-502e-450b-b05e-2458ce314ad9" testId="9b63e345-3b51-20c6-429f-812e2755b3ce" testName="QueryTypeOneHopDoesNotContain" computerName="TFSBUILD11" duration="00:00:00.0048321" startTime="2015-09-28T09:43:45.1883810-07:00" endTime="2015-09-28T09:43:45.1883810-07:00" testType="13cdc9d9-ddb5-4fa4-a97d-d965ccfc6d4b" outcome="Passed" testListId="8c84fa94-04c1-424b-9868-57a2d4851a1d" relativeResultsDirectory="ccc99d23-502e-450b-b05e-2458ce314ad9" />
    <UnitTestResult executionId="707d797e-992c-45ee-92e8-659ae190fe74" testId="a72ac002-9c8b-a7d1-ebc7-4739deae4f79" testName="QueryTypeRecursiveMayContain" computerName="TFSBUILD11" duration="00:00:00.0053776" startTime="2015-09-28T09:43:45.1883810-07:00" endTime="2015-09-28T09:43:45.2040068-07:00" testType="13cdc9d9-ddb5-4fa4-a97d-d965ccfc6d4b" outcome="Passed" testListId="8c84fa94-04c1-424b-9868-57a2d4851a1d" relativeResultsDirectory="707d797e-992c-45ee-92e8-659ae190fe74" />
    <UnitTestResult executionId="b90a6979-8481-4fa4-80d0-0426f0a3a2e5" testId="dacd8180-b3f3-9a6c-1f60-9e6bd8d5cccb" testName="QueryTypeRecursiveMustContain" computerName="TFSBUILD11" duration="00:00:00.0139573" startTime="2015-09-28T09:43:45.2040068-07:00" endTime="2015-09-28T09:43:45.2196332-07:00" testType="13cdc9d9-ddb5-4fa4-a97d-d965ccfc6d4b" outcome="Passed" testListId="8c84fa94-04c1-424b-9868-57a2d4851a1d" relativeResultsDirectory="b90a6979-8481-4fa4-80d0-0426f0a3a2e5" />
    <UnitTestResult executionId="7a1b9ba2-f7fd-4d91-aac2-fa52ec06fac9" testId="bd15a907-72dd-79fb-bb77-b96596401f59" testName="QueryTypeRecursiveDoesNotContain" computerName="TFSBUILD11" duration="00:00:00.0071455" startTime="2015-09-28T09:43:45.2196332-07:00" endTime="2015-09-28T09:43:45.2196332-07:00" testType="13cdc9d9-ddb5-4fa4-a97d-d965ccfc6d4b" outcome="Passed" testListId="8c84fa94-04c1-424b-9868-57a2d4851a1d" relativeResultsDirectory="7a1b9ba2-f7fd-4d91-aac2-fa52ec06fac9" />
    <UnitTestResult executionId="a905314e-81a9-41cb-946e-6af4f535bc30" testId="4db4710b-efe3-04ad-6fc5-e70ff7d1d362" testName="QueryExpressionEmptyColumn" computerName="TFSBUILD11" duration="00:00:00.0048281" startTime="2015-09-28T09:43:45.2196332-07:00" endTime="2015-09-28T09:43:45.2352585-07:00" testType="13cdc9d9-ddb5-4fa4-a97d-d965ccfc6d4b" outcome="Passed" testListId="8c84fa94-04c1-424b-9868-57a2d4851a1d" relativeResultsDirectory="a905314e-81a9-41cb-946e-6af4f535bc30" />
    <UnitTestResult executionId="1afaaa34-db4e-43ab-8333-2293fabda0fd" testId="79418503-ac19-4183-1db4-1940459d69e4" testName="QueryExpressionColumnNotRefName" computerName="TFSBUILD11" duration="00:00:00.0047641" startTime="2015-09-28T09:43:45.2352585-07:00" endTime="2015-09-28T09:43:45.2352585-07:00" testType="13cdc9d9-ddb5-4fa4-a97d-d965ccfc6d4b" outcome="Passed" testListId="8c84fa94-04c1-424b-9868-57a2d4851a1d" relativeResultsDirectory="1afaaa34-db4e-43ab-8333-2293fabda0fd" />
    <UnitTestResult executionId="f84d8d44-07e8-4711-bcd4-d4863367f65c" testId="98d71904-f380-9a67-99d4-94b32d469ec2" testName="QueryExpressionColumnNotExist" computerName="TFSBUILD11" duration="00:00:00.0052135" startTime="2015-09-28T09:43:45.2352585-07:00" endTime="2015-09-28T09:43:45.2352585-07:00" testType="13cdc9d9-ddb5-4fa4-a97d-d965ccfc6d4b" outcome="Passed" testListId="8c84fa94-04c1-424b-9868-57a2d4851a1d" relativeResultsDirectory="f84d8d44-07e8-4711-bcd4-d4863367f65c" />
    <UnitTestResult executionId="1c41801e-18f5-423c-9594-f1d06fd97297" testId="2acf1188-6d7f-cd4f-2ef9-aa87c87aff50" testName="QueryExpressionColumnExist" computerName="TFSBUILD11" duration="00:00:00.0052556" startTime="2015-09-28T09:43:45.2352585-07:00" endTime="2015-09-28T09:43:45.2508849-07:00" testType="13cdc9d9-ddb5-4fa4-a97d-d965ccfc6d4b" outcome="Passed" testListId="8c84fa94-04c1-424b-9868-57a2d4851a1d" relativeResultsDirectory="1c41801e-18f5-423c-9594-f1d06fd97297" />
    <UnitTestResult executionId="417ba81b-f5a8-47e1-a625-a937699620c9" testId="517526d4-7836-be7c-cbf4-4e3b8b8390d9" testName="ExpandConstantsDefaultFalse" computerName="TFSBUILD11" duration="00:00:00.0056257" startTime="2015-09-28T09:43:45.2508849-07:00" endTime="2015-09-28T09:43:45.2508849-07:00" testType="13cdc9d9-ddb5-4fa4-a97d-d965ccfc6d4b" outcome="Passed" testListId="8c84fa94-04c1-424b-9868-57a2d4851a1d" relativeResultsDirectory="417ba81b-f5a8-47e1-a625-a937699620c9" />
    <UnitTestResult executionId="318b6d06-83ef-4be7-91fb-89ca2979c19c" testId="ecf55c92-4cd6-8ab2-7844-b742422cc86a" testName="InvalidExpandConstants" computerName="TFSBUILD11" duration="00:00:00.0050605" startTime="2015-09-28T09:43:45.2508849-07:00" endTime="2015-09-28T09:43:45.2508849-07:00" testType="13cdc9d9-ddb5-4fa4-a97d-d965ccfc6d4b" outcome="Passed" testListId="8c84fa94-04c1-424b-9868-57a2d4851a1d" relativeResultsDirectory="318b6d06-83ef-4be7-91fb-89ca2979c19c" />
    <UnitTestResult executionId="0d4c3f66-3489-4030-b9cc-dc2f21f30b93" testId="bcb3e26f-4dd5-b16b-16b3-fba966cc7982" testName="ValidExpandConstants" computerName="TFSBUILD11" duration="00:00:00.0049897" startTime="2015-09-28T09:43:45.2508849-07:00" endTime="2015-09-28T09:43:45.2665107-07:00" testType="13cdc9d9-ddb5-4fa4-a97d-d965ccfc6d4b" outcome="Passed" testListId="8c84fa94-04c1-424b-9868-57a2d4851a1d" relativeResultsDirectory="0d4c3f66-3489-4030-b9cc-dc2f21f30b93" />
    <UnitTestResult executionId="7b02c33c-f0da-4476-adac-d427d3f37e9c" testId="68609a8c-92d1-917f-e34e-0fdcd5cf7e8d" testName="EmptyQueryOperator" computerName="TFSBUILD11" duration="00:00:00.0072609" startTime="2015-09-28T09:43:45.2665107-07:00" endTime="2015-09-28T09:43:45.2665107-07:00" testType="13cdc9d9-ddb5-4fa4-a97d-d965ccfc6d4b" outcome="Passed" testListId="8c84fa94-04c1-424b-9868-57a2d4851a1d" relativeResultsDirectory="7b02c33c-f0da-4476-adac-d427d3f37e9c" />
    <UnitTestResult executionId="13a84f53-a273-42c4-a831-862a8dede74a" testId="7a57e9d2-d790-caa2-abf5-42dafed5406a" testName="InvalidQueryOperator" computerName="TFSBUILD11" duration="00:00:00.0050389" startTime="2015-09-28T09:43:45.2665107-07:00" endTime="2015-09-28T09:43:45.2821377-07:00" testType="13cdc9d9-ddb5-4fa4-a97d-d965ccfc6d4b" outcome="Passed" testListId="8c84fa94-04c1-424b-9868-57a2d4851a1d" relativeResultsDirectory="13a84f53-a273-42c4-a831-862a8dede74a" />
    <UnitTestResult executionId="704a0482-ad36-4554-8923-96be0c79be3f" testId="81240b92-41a5-c57e-30c5-0806f10e4820" testName="NoQueryExpressionValue" computerName="TFSBUILD11" duration="00:00:00.0046973" startTime="2015-09-28T09:43:45.2821377-07:00" endTime="2015-09-28T09:43:45.2821377-07:00" testType="13cdc9d9-ddb5-4fa4-a97d-d965ccfc6d4b" outcome="Passed" testListId="8c84fa94-04c1-424b-9868-57a2d4851a1d" relativeResultsDirectory="704a0482-ad36-4554-8923-96be0c79be3f" />
    <UnitTestResult executionId="22371e78-6c48-4081-8c95-78e9da54f38a" testId="6e4f8609-ab99-3f6e-78c2-706ccdf2c2b0" testName="MultipleQueryExpressionValue" computerName="TFSBUILD11" duration="00:00:00.0038075" startTime="2015-09-28T09:43:45.2821377-07:00" endTime="2015-09-28T09:43:45.2821377-07:00" testType="13cdc9d9-ddb5-4fa4-a97d-d965ccfc6d4b" outcome="Passed" testListId="8c84fa94-04c1-424b-9868-57a2d4851a1d" relativeResultsDirectory="22371e78-6c48-4081-8c95-78e9da54f38a" />
    <UnitTestResult executionId="8e65f854-3656-4b3c-9cbe-deed27683887" testId="cc321d92-d220-975e-c0dc-b8033caa3a8b" testName="InvalidQueryExpressionValue" computerName="TFSBUILD11" duration="00:00:00.0035174" startTime="2015-09-28T09:43:45.2821377-07:00" endTime="2015-09-28T09:43:45.2977638-07:00" testType="13cdc9d9-ddb5-4fa4-a97d-d965ccfc6d4b" outcome="Passed" testListId="8c84fa94-04c1-424b-9868-57a2d4851a1d" relativeResultsDirectory="8e65f854-3656-4b3c-9cbe-deed27683887" />
    <UnitTestResult executionId="2e0c9028-e28b-4f13-a79a-907bd5fbabc3" testId="f896eba1-1cc4-b023-069a-96391b29de4f" testName="EmptyValueNumber" computerName="TFSBUILD11" duration="00:00:00.0050443" startTime="2015-09-28T09:43:45.2977638-07:00" endTime="2015-09-28T09:43:45.2977638-07:00" testType="13cdc9d9-ddb5-4fa4-a97d-d965ccfc6d4b" outcome="Passed" testListId="8c84fa94-04c1-424b-9868-57a2d4851a1d" relativeResultsDirectory="2e0c9028-e28b-4f13-a79a-907bd5fbabc3" />
    <UnitTestResult executionId="edd05ae5-457c-42d1-9ba3-b564be778615" testId="584c03cd-bd14-aeeb-3451-9adb19d8ac27" testName="InvalidValueNumber" computerName="TFSBUILD11" duration="00:00:00.0092410" startTime="2015-09-28T09:43:45.2977638-07:00" endTime="2015-09-28T09:43:45.2977638-07:00" testType="13cdc9d9-ddb5-4fa4-a97d-d965ccfc6d4b" outcome="Passed" testListId="8c84fa94-04c1-424b-9868-57a2d4851a1d" relativeResultsDirectory="edd05ae5-457c-42d1-9ba3-b564be778615" />
    <UnitTestResult executionId="08e1cf52-15da-4f9c-a1b6-db06bd17dcc8" testId="138fa61b-c4da-88c9-e847-c7253d0596a3" testName="ValidValueNumber" computerName="TFSBUILD11" duration="00:00:00.0066861" startTime="2015-09-28T09:43:45.2977638-07:00" endTime="2015-09-28T09:43:45.3133890-07:00" testType="13cdc9d9-ddb5-4fa4-a97d-d965ccfc6d4b" outcome="Passed" testListId="8c84fa94-04c1-424b-9868-57a2d4851a1d" relativeResultsDirectory="08e1cf52-15da-4f9c-a1b6-db06bd17dcc8" />
    <UnitTestResult executionId="5e6bcc39-922a-4c08-83a2-0e439c8e1bc9" testId="cbaff298-09f5-369d-361a-449c9fb6ac98" testName="EmptyValueDouble" computerName="TFSBUILD11" duration="00:00:00.0049544" startTime="2015-09-28T09:43:45.3133890-07:00" endTime="2015-09-28T09:43:45.3133890-07:00" testType="13cdc9d9-ddb5-4fa4-a97d-d965ccfc6d4b" outcome="Passed" testListId="8c84fa94-04c1-424b-9868-57a2d4851a1d" relativeResultsDirectory="5e6bcc39-922a-4c08-83a2-0e439c8e1bc9" />
    <UnitTestResult executionId="78af1049-1e26-4069-a0db-64da6833522c" testId="44d0a1c1-fd07-6f0f-9409-6ffb93985e1a" testName="InvalidValueDouble" computerName="TFSBUILD11" duration="00:00:00.0050594" startTime="2015-09-28T09:43:45.3133890-07:00" endTime="2015-09-28T09:43:45.3290154-07:00" testType="13cdc9d9-ddb5-4fa4-a97d-d965ccfc6d4b" outcome="Passed" testListId="8c84fa94-04c1-424b-9868-57a2d4851a1d" relativeResultsDirectory="78af1049-1e26-4069-a0db-64da6833522c" />
    <UnitTestResult executionId="91224e54-a82e-4033-aaf7-3d93110cc939" testId="cc0a4130-cdc5-eac3-3c64-bfccead95629" testName="ValidValueDouble" computerName="TFSBUILD11" duration="00:00:00.0051396" startTime="2015-09-28T09:43:45.3290154-07:00" endTime="2015-09-28T09:43:45.3290154-07:00" testType="13cdc9d9-ddb5-4fa4-a97d-d965ccfc6d4b" outcome="Passed" testListId="8c84fa94-04c1-424b-9868-57a2d4851a1d" relativeResultsDirectory="91224e54-a82e-4033-aaf7-3d93110cc939" />
    <UnitTestResult executionId="6024a1f0-4cb1-432a-8278-92e3cb282d79" testId="575c0a1f-154d-2f9c-fad3-a8445549cf96" testName="EmptyValueDateTime" computerName="TFSBUILD11" duration="00:00:00.0047433" startTime="2015-09-28T09:43:45.3290154-07:00" endTime="2015-09-28T09:43:45.3290154-07:00" testType="13cdc9d9-ddb5-4fa4-a97d-d965ccfc6d4b" outcome="Passed" testListId="8c84fa94-04c1-424b-9868-57a2d4851a1d" relativeResultsDirectory="6024a1f0-4cb1-432a-8278-92e3cb282d79" />
    <UnitTestResult executionId="4b885735-5a3c-47ec-98de-8530423ed370" testId="bc029144-0077-8aef-819d-863b402566fc" testName="InvalidValueDateTime" computerName="TFSBUILD11" duration="00:00:00.0048312" startTime="2015-09-28T09:43:45.3290154-07:00" endTime="2015-09-28T09:43:45.3446416-07:00" testType="13cdc9d9-ddb5-4fa4-a97d-d965ccfc6d4b" outcome="Passed" testListId="8c84fa94-04c1-424b-9868-57a2d4851a1d" relativeResultsDirectory="4b885735-5a3c-47ec-98de-8530423ed370" />
    <UnitTestResult executionId="f2189471-6026-4112-93b7-54bda88cef51" testId="442feae1-52bb-d0c2-a92c-d0b01e72cf24" testName="ValidValueDateTime" computerName="TFSBUILD11" duration="00:00:00.0049589" startTime="2015-09-28T09:43:45.3446416-07:00" endTime="2015-09-28T09:43:45.3446416-07:00" testType="13cdc9d9-ddb5-4fa4-a97d-d965ccfc6d4b" outcome="Passed" testListId="8c84fa94-04c1-424b-9868-57a2d4851a1d" relativeResultsDirectory="f2189471-6026-4112-93b7-54bda88cef51" />
    <UnitTestResult executionId="2e498196-a97a-4a9a-9867-15fe56bfa931" testId="51f74ca9-4fef-74f9-7d56-6b6a211f28f9" testName="EmptyValueBoolean" computerName="TFSBUILD11" duration="00:00:00.0047266" startTime="2015-09-28T09:43:45.3446416-07:00" endTime="2015-09-28T09:43:45.3446416-07:00" testType="13cdc9d9-ddb5-4fa4-a97d-d965ccfc6d4b" outcome="Passed" testListId="8c84fa94-04c1-424b-9868-57a2d4851a1d" relativeResultsDirectory="2e498196-a97a-4a9a-9867-15fe56bfa931" />
    <UnitTestResult executionId="e2e8afb9-0fa3-4b9a-883a-0552c3618c56" testId="34c852b5-5871-5b8b-59ec-469856529a49" testName="InvalidValueBoolean" computerName="TFSBUILD11" duration="00:00:00.0048972" startTime="2015-09-28T09:43:45.3446416-07:00" endTime="2015-09-28T09:43:45.3602677-07:00" testType="13cdc9d9-ddb5-4fa4-a97d-d965ccfc6d4b" outcome="Passed" testListId="8c84fa94-04c1-424b-9868-57a2d4851a1d" relativeResultsDirectory="e2e8afb9-0fa3-4b9a-883a-0552c3618c56" />
    <UnitTestResult executionId="82affdf6-771a-45a6-b45d-ec754706e4c7" testId="d412062e-dfac-1b38-1b6b-6d35108c6600" testName="ValidValueBoolean" computerName="TFSBUILD11" duration="00:00:00.0048014" startTime="2015-09-28T09:43:45.3602677-07:00" endTime="2015-09-28T09:43:45.3602677-07:00" testType="13cdc9d9-ddb5-4fa4-a97d-d965ccfc6d4b" outcome="Passed" testListId="8c84fa94-04c1-424b-9868-57a2d4851a1d" relativeResultsDirectory="82affdf6-771a-45a6-b45d-ec754706e4c7" />
    <UnitTestResult executionId="49ab6ca9-9ae3-4143-8788-7e92d52c2b52" testId="38f37734-773b-39a9-5db7-e9c7fb6aa735" testName="EmptyValueGuid" computerName="TFSBUILD11" duration="00:00:00.0047172" startTime="2015-09-28T09:43:45.3602677-07:00" endTime="2015-09-28T09:43:45.3602677-07:00" testType="13cdc9d9-ddb5-4fa4-a97d-d965ccfc6d4b" outcome="Passed" testListId="8c84fa94-04c1-424b-9868-57a2d4851a1d" relativeResultsDirectory="49ab6ca9-9ae3-4143-8788-7e92d52c2b52" />
    <UnitTestResult executionId="83d08843-6d3e-4abc-9d6f-9a0d4b0f556e" testId="0b656b7c-9ff8-290c-7d6c-0b52548c8359" testName="InvalidValueGuid" computerName="TFSBUILD11" duration="00:00:00.0049305" startTime="2015-09-28T09:43:45.3602677-07:00" endTime="2015-09-28T09:43:45.3758938-07:00" testType="13cdc9d9-ddb5-4fa4-a97d-d965ccfc6d4b" outcome="Passed" testListId="8c84fa94-04c1-424b-9868-57a2d4851a1d" relativeResultsDirectory="83d08843-6d3e-4abc-9d6f-9a0d4b0f556e" />
    <UnitTestResult executionId="5c8f2b3a-fa18-41d3-a7d3-8d5edc7bf604" testId="41148008-7a04-9bb2-71b9-1f48081f7072" testName="ValidValueGuid" computerName="TFSBUILD11" duration="00:00:00.0052246" startTime="2015-09-28T09:43:45.3758938-07:00" endTime="2015-09-28T09:43:45.3758938-07:00" testType="13cdc9d9-ddb5-4fa4-a97d-d965ccfc6d4b" outcome="Passed" testListId="8c84fa94-04c1-424b-9868-57a2d4851a1d" relativeResultsDirectory="5c8f2b3a-fa18-41d3-a7d3-8d5edc7bf604" />
    <UnitTestResult executionId="34808fe7-0989-496a-8054-8a0460e217df" testId="80f7a4be-7943-c2c0-d87b-729939137fc7" testName="EmptyValueColumn" computerName="TFSBUILD11" duration="00:00:00.0050935" startTime="2015-09-28T09:43:45.3758938-07:00" endTime="2015-09-28T09:43:45.3758938-07:00" testType="13cdc9d9-ddb5-4fa4-a97d-d965ccfc6d4b" outcome="Passed" testListId="8c84fa94-04c1-424b-9868-57a2d4851a1d" relativeResultsDirectory="34808fe7-0989-496a-8054-8a0460e217df" />
    <UnitTestResult executionId="638b8909-5fcd-475a-87bc-e2439f3ce05d" testId="fa2a53c1-9af0-9b93-69b5-3b2d6a447002" testName="InvalidValueColumnRefName" computerName="TFSBUILD11" duration="00:00:00.0047601" startTime="2015-09-28T09:43:45.3758938-07:00" endTime="2015-09-28T09:43:45.3915199-07:00" testType="13cdc9d9-ddb5-4fa4-a97d-d965ccfc6d4b" outcome="Passed" testListId="8c84fa94-04c1-424b-9868-57a2d4851a1d" relativeResultsDirectory="638b8909-5fcd-475a-87bc-e2439f3ce05d" />
    <UnitTestResult executionId="cd310b87-70c4-4478-9419-4703b549599d" testId="cca6dabb-ccfd-6d93-72f6-b807f60517c4" testName="InvalidValueColumnNotExist" computerName="TFSBUILD11" duration="00:00:00.0086044" startTime="2015-09-28T09:43:45.3915199-07:00" endTime="2015-09-28T09:43:45.3915199-07:00" testType="13cdc9d9-ddb5-4fa4-a97d-d965ccfc6d4b" outcome="Passed" testListId="8c84fa94-04c1-424b-9868-57a2d4851a1d" relativeResultsDirectory="cd310b87-70c4-4478-9419-4703b549599d" />
    <UnitTestResult executionId="1b1ac775-830a-433b-9274-be5a0b6bb38f" testId="fb65c569-8d38-ef24-b0de-fd64a794a0a1" testName="ValidValueColumn" computerName="TFSBUILD11" duration="00:00:00.0066832" startTime="2015-09-28T09:43:45.3915199-07:00" endTime="2015-09-28T09:43:45.4071460-07:00" testType="13cdc9d9-ddb5-4fa4-a97d-d965ccfc6d4b" outcome="Passed" testListId="8c84fa94-04c1-424b-9868-57a2d4851a1d" relativeResultsDirectory="1b1ac775-830a-433b-9274-be5a0b6bb38f" />
    <UnitTestResult executionId="9ad26f59-7380-4709-b39d-1258bbff7bc2" testId="68881bec-43d0-3092-e932-3c3def90a3ee" testName="GroupWithNoChild" computerName="TFSBUILD11" duration="00:00:00.0074774" startTime="2015-09-28T09:43:45.4071460-07:00" endTime="2015-09-28T09:43:45.4071460-07:00" testType="13cdc9d9-ddb5-4fa4-a97d-d965ccfc6d4b" outcome="Passed" testListId="8c84fa94-04c1-424b-9868-57a2d4851a1d" relativeResultsDirectory="9ad26f59-7380-4709-b39d-1258bbff7bc2" />
    <UnitTestResult executionId="36705ded-dc14-4b8c-a773-a534658145bb" testId="1a1a69fe-297a-e88b-c7d9-01053f8242fd" testName="GroupWithNoOperator" computerName="TFSBUILD11" duration="00:00:00.0050599" startTime="2015-09-28T09:43:45.4071460-07:00" endTime="2015-09-28T09:43:45.4071460-07:00" testType="13cdc9d9-ddb5-4fa4-a97d-d965ccfc6d4b" outcome="Passed" testListId="8c84fa94-04c1-424b-9868-57a2d4851a1d" relativeResultsDirectory="36705ded-dc14-4b8c-a773-a534658145bb" />
    <UnitTestResult executionId="80356176-cf24-4f6a-ae1b-5601f890260d" testId="d4fbd6cf-be45-3591-07c0-0b63bbf55047" testName="GroupWithEmptyOperator" computerName="TFSBUILD11" duration="00:00:00.0046847" startTime="2015-09-28T09:43:45.4071460-07:00" endTime="2015-09-28T09:43:45.4227718-07:00" testType="13cdc9d9-ddb5-4fa4-a97d-d965ccfc6d4b" outcome="Passed" testListId="8c84fa94-04c1-424b-9868-57a2d4851a1d" relativeResultsDirectory="80356176-cf24-4f6a-ae1b-5601f890260d" />
    <UnitTestResult executionId="19c003dc-766e-45db-9390-93a42cf7ac2b" testId="c3fffbe8-4819-e9d7-74e8-75814aadc7a9" testName="GroupWithInvalidOperator" computerName="TFSBUILD11" duration="00:00:00.0048210" startTime="2015-09-28T09:43:45.4227718-07:00" endTime="2015-09-28T09:43:45.4227718-07:00" testType="13cdc9d9-ddb5-4fa4-a97d-d965ccfc6d4b" outcome="Passed" testListId="8c84fa94-04c1-424b-9868-57a2d4851a1d" relativeResultsDirectory="19c003dc-766e-45db-9390-93a42cf7ac2b" />
    <UnitTestResult executionId="b0490645-104e-4dbd-9663-10ac05a7c6fa" testId="5982c033-e813-c0cd-e65c-b45513dc845a" testName="NullQueryResult" computerName="TFSBUILD11" duration="00:00:00.0031712" startTime="2015-09-28T09:43:45.4227718-07:00" endTime="2015-09-28T09:43:45.4227718-07:00" testType="13cdc9d9-ddb5-4fa4-a97d-d965ccfc6d4b" outcome="Passed" testListId="8c84fa94-04c1-424b-9868-57a2d4851a1d" relativeResultsDirectory="b0490645-104e-4dbd-9663-10ac05a7c6fa" />
    <UnitTestResult executionId="e187d604-a3dc-4020-a7f6-06e0761b4e3c" testId="ec3242d2-7a45-4092-ae9e-3761ebae0c4d" testName="CountOnlyWorkItemResult" computerName="TFSBUILD11" duration="00:00:00.0008183" startTime="2015-09-28T09:43:45.4227718-07:00" endTime="2015-09-28T09:43:45.4227718-07:00" testType="13cdc9d9-ddb5-4fa4-a97d-d965ccfc6d4b" outcome="Passed" testListId="8c84fa94-04c1-424b-9868-57a2d4851a1d" relativeResultsDirectory="e187d604-a3dc-4020-a7f6-06e0761b4e3c" />
    <UnitTestResult executionId="08e88ae2-f96b-418f-a3db-f601d33e4283" testId="f1172048-5be5-beaf-7190-10b0f465237d" testName="CountOnlyWorkItemLinkResult" computerName="TFSBUILD11" duration="00:00:00.0004169" startTime="2015-09-28T09:43:45.4227718-07:00" endTime="2015-09-28T09:43:45.4227718-07:00" testType="13cdc9d9-ddb5-4fa4-a97d-d965ccfc6d4b" outcome="Passed" testListId="8c84fa94-04c1-424b-9868-57a2d4851a1d" relativeResultsDirectory="08e88ae2-f96b-418f-a3db-f601d33e4283" />
    <UnitTestResult executionId="4df4d63a-5824-4feb-b22d-6d09b8e8ce48" testId="d04176c2-603f-f9f5-9bad-f091a80d9cfc" testName="WorkItemResultEmpty" computerName="TFSBUILD11" duration="00:00:00.0002275" startTime="2015-09-28T09:43:45.4227718-07:00" endTime="2015-09-28T09:43:45.4227718-07:00" testType="13cdc9d9-ddb5-4fa4-a97d-d965ccfc6d4b" outcome="Passed" testListId="8c84fa94-04c1-424b-9868-57a2d4851a1d" relativeResultsDirectory="4df4d63a-5824-4feb-b22d-6d09b8e8ce48" />
    <UnitTestResult executionId="9a194a6f-bd5d-4a6a-9ca6-89487d01af23" testId="b578fadb-7377-4053-331b-3a9923162467" testName="WorkItemResultCompression" computerName="TFSBUILD11" duration="00:00:00.0005697" startTime="2015-09-28T09:43:45.4227718-07:00" endTime="2015-09-28T09:43:45.4227718-07:00" testType="13cdc9d9-ddb5-4fa4-a97d-d965ccfc6d4b" outcome="Passed" testListId="8c84fa94-04c1-424b-9868-57a2d4851a1d" relativeResultsDirectory="9a194a6f-bd5d-4a6a-9ca6-89487d01af23" />
    <UnitTestResult executionId="ed99064f-7f42-4e0d-8a1a-7bc1c96e1fd9" testId="102fc4cf-dcee-40c5-b231-937c7bac7ff1" testName="WorkItemResultComprssionTwoRanges" computerName="TFSBUILD11" duration="00:00:00.0005287" startTime="2015-09-28T09:43:45.4227718-07:00" endTime="2015-09-28T09:43:45.4227718-07:00" testType="13cdc9d9-ddb5-4fa4-a97d-d965ccfc6d4b" outcome="Passed" testListId="8c84fa94-04c1-424b-9868-57a2d4851a1d" relativeResultsDirectory="ed99064f-7f42-4e0d-8a1a-7bc1c96e1fd9" />
    <UnitTestResult executionId="e83419d6-5e8a-4e7c-aceb-8b8cb96e354a" testId="3306bda3-36e6-4b04-9ea5-3afc1050bc7e" testName="WorkItemResultNoCompression" computerName="TFSBUILD11" duration="00:00:00.0013422" startTime="2015-09-28T09:43:45.4227718-07:00" endTime="2015-09-28T09:43:45.4383982-07:00" testType="13cdc9d9-ddb5-4fa4-a97d-d965ccfc6d4b" outcome="Passed" testListId="8c84fa94-04c1-424b-9868-57a2d4851a1d" relativeResultsDirectory="e83419d6-5e8a-4e7c-aceb-8b8cb96e354a" />
    <UnitTestResult executionId="bb7c916a-48f3-438c-9a00-5f3855887cdd" testId="dd6828a7-7280-4474-0637-ba6d462ff1de" testName="WorkItemLinkResultEmpty" computerName="TFSBUILD11" duration="00:00:00.0007369" startTime="2015-09-28T09:43:45.4383982-07:00" endTime="2015-09-28T09:43:45.4383982-07:00" testType="13cdc9d9-ddb5-4fa4-a97d-d965ccfc6d4b" outcome="Passed" testListId="8c84fa94-04c1-424b-9868-57a2d4851a1d" relativeResultsDirectory="bb7c916a-48f3-438c-9a00-5f3855887cdd" />
    <UnitTestResult executionId="26f71cf3-0ce6-4244-bb40-545ec606fbf3" testId="0b7f12f7-cdb8-6e39-f741-4574bec42c26" testName="WorkItemLinkResultOneHopDoesNotContainReadsWorkItemResult" computerName="TFSBUILD11" duration="00:00:00.0003686" startTime="2015-09-28T09:43:45.4383982-07:00" endTime="2015-09-28T09:43:45.4383982-07:00" testType="13cdc9d9-ddb5-4fa4-a97d-d965ccfc6d4b" outcome="Passed" testListId="8c84fa94-04c1-424b-9868-57a2d4851a1d" relativeResultsDirectory="26f71cf3-0ce6-4244-bb40-545ec606fbf3" />
    <UnitTestResult executionId="c099a87a-eca5-4e52-b790-89a11ee04e1f" testId="dd96ecc5-8605-9f2a-ddb9-02e6ba371e1d" testName="WorkItemLinkResultOneHopSkipRootEntry" computerName="TFSBUILD11" duration="00:00:00.0018440" startTime="2015-09-28T09:43:45.4383982-07:00" endTime="2015-09-28T09:43:45.4383982-07:00" testType="13cdc9d9-ddb5-4fa4-a97d-d965ccfc6d4b" outcome="Passed" testListId="8c84fa94-04c1-424b-9868-57a2d4851a1d" relativeResultsDirectory="c099a87a-eca5-4e52-b790-89a11ee04e1f" />
    <UnitTestResult executionId="b171439b-8b13-4739-b6d9-cb55b5c3338d" testId="49749edc-dbb2-f42f-0002-8443c4397239" testName="WorkItemLinkResultOneHopMayContainTranslateRootEntry" computerName="TFSBUILD11" duration="00:00:00.0005725" startTime="2015-09-28T09:43:45.4383982-07:00" endTime="2015-09-28T09:43:45.4383982-07:00" testType="13cdc9d9-ddb5-4fa4-a97d-d965ccfc6d4b" outcome="Passed" testListId="8c84fa94-04c1-424b-9868-57a2d4851a1d" relativeResultsDirectory="b171439b-8b13-4739-b6d9-cb55b5c3338d" />
    <UnitTestResult executionId="aa77a256-000d-44f6-9626-fe7a21e1dc0d" testId="1b80fcfb-fcf6-1e36-19e9-d8b3a06857b5" testName="WorkItemLinkResultRecursiveKeepRootEntry" computerName="TFSBUILD11" duration="00:00:00.0007105" startTime="2015-09-28T09:43:45.4383982-07:00" endTime="2015-09-28T09:43:45.4383982-07:00" testType="13cdc9d9-ddb5-4fa4-a97d-d965ccfc6d4b" outcome="Passed" testListId="8c84fa94-04c1-424b-9868-57a2d4851a1d" relativeResultsDirectory="aa77a256-000d-44f6-9626-fe7a21e1dc0d" />
    <UnitTestResult executionId="a58c7f25-eede-43c9-9966-ebf22fff5182" testId="9e7c6eaf-ff3b-d924-f0a2-bf90a2cade4a" testName="NoWiql" computerName="TFSBUILD11" duration="00:00:00.0027073" startTime="2015-09-28T09:43:45.4383982-07:00" endTime="2015-09-28T09:43:45.4383982-07:00" testType="13cdc9d9-ddb5-4fa4-a97d-d965ccfc6d4b" outcome="Passed" testListId="8c84fa94-04c1-424b-9868-57a2d4851a1d" relativeResultsDirectory="a58c7f25-eede-43c9-9966-ebf22fff5182" />
    <UnitTestResult executionId="bba55c23-61d3-47f5-9c96-b1ccf365a27b" testId="ea5f2f1b-be59-a11d-372a-9266a2aeb295" testName="WiqlWithNoContextNoDayPrecision" computerName="TFSBUILD11" duration="00:00:00.0005558" startTime="2015-09-28T09:43:45.4383982-07:00" endTime="2015-09-28T09:43:45.4383982-07:00" testType="13cdc9d9-ddb5-4fa4-a97d-d965ccfc6d4b" outcome="Passed" testListId="8c84fa94-04c1-424b-9868-57a2d4851a1d" relativeResultsDirectory="bba55c23-61d3-47f5-9c96-b1ccf365a27b" />
    <UnitTestResult executionId="3e9abfad-26d4-439d-9120-a62e480fa8a6" testId="518fa816-c64a-f4d7-6044-20fe1c1a61b3" testName="WiqlWithNoContext" computerName="TFSBUILD11" duration="00:00:00.0004221" startTime="2015-09-28T09:43:45.4383982-07:00" endTime="2015-09-28T09:43:45.4383982-07:00" testType="13cdc9d9-ddb5-4fa4-a97d-d965ccfc6d4b" outcome="Passed" testListId="8c84fa94-04c1-424b-9868-57a2d4851a1d" relativeResultsDirectory="3e9abfad-26d4-439d-9120-a62e480fa8a6" />
    <UnitTestResult executionId="30e26fc3-0e1f-4ae9-8978-0c7b56f87e4e" testId="a13d62d7-efbc-5d9d-9fb9-bdb68f41cc44" testName="WiqlWithContextAndDayPrecision" computerName="TFSBUILD11" duration="00:00:00.0007515" startTime="2015-09-28T09:43:45.4383982-07:00" endTime="2015-09-28T09:43:45.4383982-07:00" testType="13cdc9d9-ddb5-4fa4-a97d-d965ccfc6d4b" outcome="Passed" testListId="8c84fa94-04c1-424b-9868-57a2d4851a1d" relativeResultsDirectory="30e26fc3-0e1f-4ae9-8978-0c7b56f87e4e" />
    <UnitTestResult executionId="006b7bbb-9afb-43a8-b26b-e7e54b9149c2" testId="84941bdd-3821-f035-a615-8a73323efec0" testName="GetStoredQueryItems" computerName="TFSBUILD11" duration="00:00:00.2612392" startTime="2015-09-28T09:43:45.4383982-07:00" endTime="2015-09-28T09:43:45.7040424-07:00" testType="13cdc9d9-ddb5-4fa4-a97d-d965ccfc6d4b" outcome="Passed" testListId="8c84fa94-04c1-424b-9868-57a2d4851a1d" relativeResultsDirectory="006b7bbb-9afb-43a8-b26b-e7e54b9149c2" />
    <UnitTestResult executionId="4c3c83d3-62e5-4a72-9b1d-86c2b82a9c86" testId="c26fc4ef-7728-b70f-0c59-80afeb42b535" testName="GetStoredQueryItemsInvalidProjectId" computerName="TFSBUILD11" duration="00:00:00.0858275" startTime="2015-09-28T09:43:45.7040424-07:00" endTime="2015-09-28T09:43:45.7977991-07:00" testType="13cdc9d9-ddb5-4fa4-a97d-d965ccfc6d4b" outcome="Passed" testListId="8c84fa94-04c1-424b-9868-57a2d4851a1d" relativeResultsDirectory="4c3c83d3-62e5-4a72-9b1d-86c2b82a9c86" />
    <UnitTestResult executionId="bd6aec2d-501f-428a-a1d7-257384eb20dd" testId="cc89d2d0-a770-f112-fe79-8f8e66e297cd" testName="GetStoredQueryItemsOutofRangeProjectId" computerName="TFSBUILD11" duration="00:00:00.0780118" startTime="2015-09-28T09:43:45.7977991-07:00" endTime="2015-09-28T09:43:45.8759296-07:00" testType="13cdc9d9-ddb5-4fa4-a97d-d965ccfc6d4b" outcome="Passed" testListId="8c84fa94-04c1-424b-9868-57a2d4851a1d" relativeResultsDirectory="bd6aec2d-501f-428a-a1d7-257384eb20dd" />
    <UnitTestResult executionId="e984f4b2-f04c-4562-b213-3f18a44c3b1c" testId="ea5e72ef-090d-cec7-624b-2c5c517170f5" testName="GetStoredQueries" computerName="TFSBUILD11" duration="00:00:00.0984036" startTime="2015-09-28T09:43:45.8759296-07:00" endTime="2015-09-28T09:43:45.9696857-07:00" testType="13cdc9d9-ddb5-4fa4-a97d-d965ccfc6d4b" outcome="Passed" testListId="8c84fa94-04c1-424b-9868-57a2d4851a1d" relativeResultsDirectory="e984f4b2-f04c-4562-b213-3f18a44c3b1c" />
    <UnitTestResult executionId="1483a6bb-ec5c-45f3-8a88-5fecc7dba5cc" testId="3e7992bf-079c-d1f4-169c-e1b155ff9969" testName="GetStoredQueriesInvalidProjectId" computerName="TFSBUILD11" duration="00:00:00.0760014" startTime="2015-09-28T09:43:45.9696857-07:00" endTime="2015-09-28T09:43:46.0478166-07:00" testType="13cdc9d9-ddb5-4fa4-a97d-d965ccfc6d4b" outcome="Passed" testListId="8c84fa94-04c1-424b-9868-57a2d4851a1d" relativeResultsDirectory="1483a6bb-ec5c-45f3-8a88-5fecc7dba5cc" />
    <UnitTestResult executionId="e93243d0-95d9-4e8d-9c57-8c4f56c2f538" testId="0c9b7f21-fc73-c1d1-075c-2855e77d983f" testName="GetStoredQueriesOutofRangeProjectId" computerName="TFSBUILD11" duration="00:00:00.0788040" startTime="2015-09-28T09:43:46.0478166-07:00" endTime="2015-09-28T09:43:46.1259465-07:00" testType="13cdc9d9-ddb5-4fa4-a97d-d965ccfc6d4b" outcome="Passed" testListId="8c84fa94-04c1-424b-9868-57a2d4851a1d" relativeResultsDirectory="e93243d0-95d9-4e8d-9c57-8c4f56c2f538" />
  </Results>
  <TestDefinitions>
    <UnitTest name="WillTraceHttpExceptionWhenAHttpExceptionOccursFromAClientDisconnection" storage="d:\v2.0\a1\_work\dbded102\bin\release.anycpu\tfs.service\ms.tf.workitemtracking.server.dataservices.l0.tests\ms.tf.workitemtracking.server.dataservices.l0.tests.dll" id="20a60ec9-b7bc-2fc6-afda-ea8fe5b4a2b9">
      <Execution id="6dc32b1e-c05b-440c-9b94-cdc8f880b1ab" />
      <TestMethod codeBase="D:\v2.0\A1\_work\dbded102\bin\Release.AnyCPU\Tfs.Service\MS.TF.WorkItemTracking.Server.DataServices.L0.Tests\MS.TF.WorkItemTracking.Server.DataServices.L0.Tests.dll" adapterTypeName="Microsoft.VisualStudio.TestTools.TestTypes.Unit.UnitTestAdapter" className="MS.TF.Test.ClientService.AttachFileHandlerTests" name="WillTraceHttpExceptionWhenAHttpExceptionOccursFromAClientDisconnection" />
    </UnitTest>
    <UnitTest name="WillHandleHttpExceptionWhenAHttpExceptionOccursAndClientIsStillConnected" storage="d:\v2.0\a1\_work\dbded102\bin\release.anycpu\tfs.service\ms.tf.workitemtracking.server.dataservices.l0.tests\ms.tf.workitemtracking.server.dataservices.l0.tests.dll" id="68a0790f-27ac-0732-4a52-d9a5a04f7d62">
      <Execution id="e2332c53-59c0-4e36-9f11-97b9d1bead5a" />
      <TestMethod codeBase="D:\v2.0\A1\_work\dbded102\bin\Release.AnyCPU\Tfs.Service\MS.TF.WorkItemTracking.Server.DataServices.L0.Tests\MS.TF.WorkItemTracking.Server.DataServices.L0.Tests.dll" adapterTypeName="Microsoft.VisualStudio.TestTools.TestTypes.Unit.UnitTestAdapter" className="MS.TF.Test.ClientService.AttachFileHandlerTests" name="WillHandleHttpExceptionWhenAHttpExceptionOccursAndClientIsStillConnected" />
    </UnitTest>
    <UnitTest name="Run_UpdateWorkItemTypeProjectNotFound" storage="d:\v2.0\a1\_work\dbded102\bin\release.anycpu\tfs.service\ms.tf.workitemtracking.server.dataservices.l0.tests\ms.tf.workitemtracking.server.dataservices.l0.tests.dll" id="bfacb697-592a-b81b-9daa-51ac7f68b3cb">
      <Execution id="3630b4e2-65c6-41ea-b034-b851e4955468" />
      <TestMethod codeBase="D:\v2.0\A1\_work\dbded102\bin\Release.AnyCPU\Tfs.Service\MS.TF.WorkItemTracking.Server.DataServices.L0.Tests\MS.TF.WorkItemTracking.Server.DataServices.L0.Tests.dll" adapterTypeName="Microsoft.VisualStudio.TestTools.TestTypes.Unit.UnitTestAdapter" className="MS.TF.Test.WorkItemTracking.ClientService.ApiStackRouterTests" name="Run_UpdateWorkItemTypeProjectNotFound" />
    </UnitTest>
    <UnitTest name="Run_UpdateWorkItemTypeProjectAdminPermissionDenied" storage="d:\v2.0\a1\_work\dbded102\bin\release.anycpu\tfs.service\ms.tf.workitemtracking.server.dataservices.l0.tests\ms.tf.workitemtracking.server.dataservices.l0.tests.dll" id="926700cc-a8ac-2dd0-9906-661718fa5ab6">
      <Execution id="e01be0b7-3c09-498a-9b30-c651705a8827" />
      <TestMethod codeBase="D:\v2.0\A1\_work\dbded102\bin\Release.AnyCPU\Tfs.Service\MS.TF.WorkItemTracking.Server.DataServices.L0.Tests\MS.TF.WorkItemTracking.Server.DataServices.L0.Tests.dll" adapterTypeName="Microsoft.VisualStudio.TestTools.TestTypes.Unit.UnitTestAdapter" className="MS.TF.Test.WorkItemTracking.ClientService.ApiStackRouterTests" name="Run_UpdateWorkItemTypeProjectAdminPermissionDenied" />
    </UnitTest>
    <UnitTest name="TestGetDestroyedWorkItemIds" storage="d:\v2.0\a1\_work\dbded102\bin\release.anycpu\tfs.service\ms.tf.workitemtracking.server.dataservices.l0.tests\ms.tf.workitemtracking.server.dataservices.l0.tests.dll" id="4c17df40-0def-353b-b447-6abed5be050d">
      <Execution id="b81ae574-28c8-4953-ac15-0b763c72cb74" />
      <TestMethod codeBase="D:\v2.0\A1\_work\dbded102\bin\Release.AnyCPU\Tfs.Service\MS.TF.WorkItemTracking.Server.DataServices.L0.Tests\MS.TF.WorkItemTracking.Server.DataServices.L0.Tests.dll" adapterTypeName="Microsoft.VisualStudio.TestTools.TestTypes.Unit.UnitTestAdapter" className="MS.TF.Test.WorkItemTracking.ClientService.GetDestroyedWorkItemIdsTests" name="TestGetDestroyedWorkItemIds" />
    </UnitTest>
    <UnitTest name="TestDeserializePackageToWorkItemUpdateResults" storage="d:\v2.0\a1\_work\dbded102\bin\release.anycpu\tfs.service\ms.tf.workitemtracking.server.dataservices.l0.tests\ms.tf.workitemtracking.server.dataservices.l0.tests.dll" id="eb030da8-7174-e9a0-77e3-cba42702155c">
      <Execution id="8e095ec8-5123-4492-af3d-23f8818af888" />
      <TestMethod codeBase="D:\v2.0\A1\_work\dbded102\bin\Release.AnyCPU\Tfs.Service\MS.TF.WorkItemTracking.Server.DataServices.L0.Tests\MS.TF.WorkItemTracking.Server.DataServices.L0.Tests.dll" adapterTypeName="Microsoft.VisualStudio.TestTools.TestTypes.Unit.UnitTestAdapter" className="MS.TF.Test.WorkItemTracking.ClientService.CompatibilityTests" name="TestDeserializePackageToWorkItemUpdateResults" />
    </UnitTest>
    <UnitTest name="TestDeserializePackageWorkItemDestroy" storage="d:\v2.0\a1\_work\dbded102\bin\release.anycpu\tfs.service\ms.tf.workitemtracking.server.dataservices.l0.tests\ms.tf.workitemtracking.server.dataservices.l0.tests.dll" id="c2b34b31-26b2-664d-05b2-839e77920f53">
      <Execution id="03eac105-4c93-4089-a72c-15e198a92e4f" />
      <TestMethod codeBase="D:\v2.0\A1\_work\dbded102\bin\Release.AnyCPU\Tfs.Service\MS.TF.WorkItemTracking.Server.DataServices.L0.Tests\MS.TF.WorkItemTracking.Server.DataServices.L0.Tests.dll" adapterTypeName="Microsoft.VisualStudio.TestTools.TestTypes.Unit.UnitTestAdapter" className="MS.TF.Test.WorkItemTracking.ClientService.CompatibilityTests" name="TestDeserializePackageWorkItemDestroy" />
    </UnitTest>
    <UnitTest name="GetWorkItemIdsForArtifactUris_EmptyResponse" storage="d:\v2.0\a1\_work\dbded102\bin\release.anycpu\tfs.service\ms.tf.workitemtracking.server.dataservices.l0.tests\ms.tf.workitemtracking.server.dataservices.l0.tests.dll" id="0526af8e-aa24-3cb5-2817-16faf199d682">
      <Execution id="94aaf29b-076d-4eb0-a20d-be57bad147c4" />
      <TestMethod codeBase="D:\v2.0\A1\_work\dbded102\bin\Release.AnyCPU\Tfs.Service\MS.TF.WorkItemTracking.Server.DataServices.L0.Tests\MS.TF.WorkItemTracking.Server.DataServices.L0.Tests.dll" adapterTypeName="Microsoft.VisualStudio.TestTools.TestTypes.Unit.UnitTestAdapter" className="MS.TF.Test.WorkItemTracking.ClientService.GetWorkItemIdsForArtifactUrisTests" name="GetWorkItemIdsForArtifactUris_EmptyResponse" />
    </UnitTest>
    <UnitTest name="GetWorkItemIdsForArtifactUris_NullInput" storage="d:\v2.0\a1\_work\dbded102\bin\release.anycpu\tfs.service\ms.tf.workitemtracking.server.dataservices.l0.tests\ms.tf.workitemtracking.server.dataservices.l0.tests.dll" id="458f74d9-e65d-04bf-4dc2-56f7d6e50601">
      <Execution id="ae4a92b3-4cf6-4f8b-aa27-44748928103f" />
      <TestMethod codeBase="D:\v2.0\A1\_work\dbded102\bin\Release.AnyCPU\Tfs.Service\MS.TF.WorkItemTracking.Server.DataServices.L0.Tests\MS.TF.WorkItemTracking.Server.DataServices.L0.Tests.dll" adapterTypeName="Microsoft.VisualStudio.TestTools.TestTypes.Unit.UnitTestAdapter" className="MS.TF.Test.WorkItemTracking.ClientService.GetWorkItemIdsForArtifactUrisTests" name="GetWorkItemIdsForArtifactUris_NullInput" />
    </UnitTest>
    <UnitTest name="TestFillPayloadWithWorkItemSpanning" storage="d:\v2.0\a1\_work\dbded102\bin\release.anycpu\tfs.service\ms.tf.workitemtracking.server.dataservices.l0.tests\ms.tf.workitemtracking.server.dataservices.l0.tests.dll" id="d2cbc659-e45c-7f32-7428-feb2d147592c">
      <Execution id="573c982c-210f-4d37-8e77-69a5ed374b6d" />
      <TestMethod codeBase="D:\v2.0\A1\_work\dbded102\bin\Release.AnyCPU\Tfs.Service\MS.TF.WorkItemTracking.Server.DataServices.L0.Tests\MS.TF.WorkItemTracking.Server.DataServices.L0.Tests.dll" adapterTypeName="Microsoft.VisualStudio.TestTools.TestTypes.Unit.UnitTestAdapter" className="MS.TF.Test.WorkItemTracking.ClientService.PayloadCompatibilityUtilsTests" name="TestFillPayloadWithWorkItemSpanning" />
    </UnitTest>
    <UnitTest name="TestFillPayloadWithWorkItemNonSpanning" storage="d:\v2.0\a1\_work\dbded102\bin\release.anycpu\tfs.service\ms.tf.workitemtracking.server.dataservices.l0.tests\ms.tf.workitemtracking.server.dataservices.l0.tests.dll" id="94f4fd5e-3934-806c-e93e-29c2eb706c8f">
      <Execution id="c9414dc3-8a4b-4bb1-afbc-bf6bdb5f8112" />
      <TestMethod codeBase="D:\v2.0\A1\_work\dbded102\bin\Release.AnyCPU\Tfs.Service\MS.TF.WorkItemTracking.Server.DataServices.L0.Tests\MS.TF.WorkItemTracking.Server.DataServices.L0.Tests.dll" adapterTypeName="Microsoft.VisualStudio.TestTools.TestTypes.Unit.UnitTestAdapter" className="MS.TF.Test.WorkItemTracking.ClientService.PayloadCompatibilityUtilsTests" name="TestFillPayloadWithWorkItemNonSpanning" />
    </UnitTest>
    <UnitTest name="TestFillPayloadWithWorkItemWorkItemNotFound" storage="d:\v2.0\a1\_work\dbded102\bin\release.anycpu\tfs.service\ms.tf.workitemtracking.server.dataservices.l0.tests\ms.tf.workitemtracking.server.dataservices.l0.tests.dll" id="c2b89998-28be-e856-879f-4c3850736e96">
      <Execution id="4abaa463-e695-46e3-9ac4-bb80c2957dd8" />
      <TestMethod codeBase="D:\v2.0\A1\_work\dbded102\bin\Release.AnyCPU\Tfs.Service\MS.TF.WorkItemTracking.Server.DataServices.L0.Tests\MS.TF.WorkItemTracking.Server.DataServices.L0.Tests.dll" adapterTypeName="Microsoft.VisualStudio.TestTools.TestTypes.Unit.UnitTestAdapter" className="MS.TF.Test.WorkItemTracking.ClientService.PayloadCompatibilityUtilsTests" name="TestFillPayloadWithWorkItemWorkItemNotFound" />
    </UnitTest>
    <UnitTest name="TestFillPayloadWithWorkItemXmlWorkItemNotFound" storage="d:\v2.0\a1\_work\dbded102\bin\release.anycpu\tfs.service\ms.tf.workitemtracking.server.dataservices.l0.tests\ms.tf.workitemtracking.server.dataservices.l0.tests.dll" id="bc47b540-1bf3-ffdc-4ca1-c1bb7342f055">
      <Execution id="ad07a30e-8b9e-4beb-9931-bcdd395a19fb" />
      <TestMethod codeBase="D:\v2.0\A1\_work\dbded102\bin\Release.AnyCPU\Tfs.Service\MS.TF.WorkItemTracking.Server.DataServices.L0.Tests\MS.TF.WorkItemTracking.Server.DataServices.L0.Tests.dll" adapterTypeName="Microsoft.VisualStudio.TestTools.TestTypes.Unit.UnitTestAdapter" className="MS.TF.Test.WorkItemTracking.ClientService.PayloadCompatibilityUtilsTests" name="TestFillPayloadWithWorkItemXmlWorkItemNotFound" />
    </UnitTest>
    <UnitTest name="TestFillPayloadWithWorkItemXml" storage="d:\v2.0\a1\_work\dbded102\bin\release.anycpu\tfs.service\ms.tf.workitemtracking.server.dataservices.l0.tests\ms.tf.workitemtracking.server.dataservices.l0.tests.dll" id="e727bf2f-f188-578f-55c6-d27de3e3290c">
      <Execution id="2c3cd583-07ca-4bbf-818a-290a526db9a8" />
      <TestMethod codeBase="D:\v2.0\A1\_work\dbded102\bin\Release.AnyCPU\Tfs.Service\MS.TF.WorkItemTracking.Server.DataServices.L0.Tests\MS.TF.WorkItemTracking.Server.DataServices.L0.Tests.dll" adapterTypeName="Microsoft.VisualStudio.TestTools.TestTypes.Unit.UnitTestAdapter" className="MS.TF.Test.WorkItemTracking.ClientService.PayloadCompatibilityUtilsTests" name="TestFillPayloadWithWorkItemXml" />
    </UnitTest>
    <UnitTest name="GroupWithValidOperator" storage="d:\v2.0\a1\_work\dbded102\bin\release.anycpu\tfs.service\ms.tf.workitemtracking.server.dataservices.l0.tests\ms.tf.workitemtracking.server.dataservices.l0.tests.dll" id="9e344212-c379-df25-d4d0-324d2a5503c8">
      <Execution id="1091a587-d6c0-4944-92e8-a0d426e059c0" />
      <TestMethod codeBase="D:\v2.0\A1\_work\dbded102\bin\Release.AnyCPU\Tfs.Service\MS.TF.WorkItemTracking.Server.DataServices.L0.Tests\MS.TF.WorkItemTracking.Server.DataServices.L0.Tests.dll" adapterTypeName="Microsoft.VisualStudio.TestTools.TestTypes.Unit.UnitTestAdapter" className="MS.TF.Test.WorkItemTracking.ClientService.QueryExpressionDeserializerTests" name="GroupWithValidOperator" />
    </UnitTest>
    <UnitTest name="GroupWithMultipleChildrenAnd" storage="d:\v2.0\a1\_work\dbded102\bin\release.anycpu\tfs.service\ms.tf.workitemtracking.server.dataservices.l0.tests\ms.tf.workitemtracking.server.dataservices.l0.tests.dll" id="7c1a3328-3e48-3906-2ecd-7aa90f2a2053">
      <Execution id="c65e290f-5294-4516-9c46-556c90ddea52" />
      <TestMethod codeBase="D:\v2.0\A1\_work\dbded102\bin\Release.AnyCPU\Tfs.Service\MS.TF.WorkItemTracking.Server.DataServices.L0.Tests\MS.TF.WorkItemTracking.Server.DataServices.L0.Tests.dll" adapterTypeName="Microsoft.VisualStudio.TestTools.TestTypes.Unit.UnitTestAdapter" className="MS.TF.Test.WorkItemTracking.ClientService.QueryExpressionDeserializerTests" name="GroupWithMultipleChildrenAnd" />
    </UnitTest>
    <UnitTest name="GroupWithMultipleChildrenOr" storage="d:\v2.0\a1\_work\dbded102\bin\release.anycpu\tfs.service\ms.tf.workitemtracking.server.dataservices.l0.tests\ms.tf.workitemtracking.server.dataservices.l0.tests.dll" id="a69963ca-de1c-423e-0611-e0837af579d9">
      <Execution id="d116afb5-513c-485b-91a6-e6e93d2cf6bd" />
      <TestMethod codeBase="D:\v2.0\A1\_work\dbded102\bin\Release.AnyCPU\Tfs.Service\MS.TF.WorkItemTracking.Server.DataServices.L0.Tests\MS.TF.WorkItemTracking.Server.DataServices.L0.Tests.dll" adapterTypeName="Microsoft.VisualStudio.TestTools.TestTypes.Unit.UnitTestAdapter" className="MS.TF.Test.WorkItemTracking.ClientService.QueryExpressionDeserializerTests" name="GroupWithMultipleChildrenOr" />
    </UnitTest>
    <UnitTest name="ValidLinksQueryLeftGroupOnly" storage="d:\v2.0\a1\_work\dbded102\bin\release.anycpu\tfs.service\ms.tf.workitemtracking.server.dataservices.l0.tests\ms.tf.workitemtracking.server.dataservices.l0.tests.dll" id="1e7e181f-af71-b0a6-1cec-146c888e6fd1">
      <Execution id="31cde9df-5d54-4030-a31d-8ced14bd71e8" />
      <TestMethod codeBase="D:\v2.0\A1\_work\dbded102\bin\Release.AnyCPU\Tfs.Service\MS.TF.WorkItemTracking.Server.DataServices.L0.Tests\MS.TF.WorkItemTracking.Server.DataServices.L0.Tests.dll" adapterTypeName="Microsoft.VisualStudio.TestTools.TestTypes.Unit.UnitTestAdapter" className="MS.TF.Test.WorkItemTracking.ClientService.QueryExpressionDeserializerTests" name="ValidLinksQueryLeftGroupOnly" />
    </UnitTest>
    <UnitTest name="ValidLinksQueryRightGroupOnly" storage="d:\v2.0\a1\_work\dbded102\bin\release.anycpu\tfs.service\ms.tf.workitemtracking.server.dataservices.l0.tests\ms.tf.workitemtracking.server.dataservices.l0.tests.dll" id="1b7badfa-c8b6-7d52-d023-82145b227a36">
      <Execution id="b1e14071-eb48-47f0-80ca-4f84fee3e0fe" />
      <TestMethod codeBase="D:\v2.0\A1\_work\dbded102\bin\Release.AnyCPU\Tfs.Service\MS.TF.WorkItemTracking.Server.DataServices.L0.Tests\MS.TF.WorkItemTracking.Server.DataServices.L0.Tests.dll" adapterTypeName="Microsoft.VisualStudio.TestTools.TestTypes.Unit.UnitTestAdapter" className="MS.TF.Test.WorkItemTracking.ClientService.QueryExpressionDeserializerTests" name="ValidLinksQueryRightGroupOnly" />
    </UnitTest>
    <UnitTest name="ValidLinksQueryLinkGroupOnly" storage="d:\v2.0\a1\_work\dbded102\bin\release.anycpu\tfs.service\ms.tf.workitemtracking.server.dataservices.l0.tests\ms.tf.workitemtracking.server.dataservices.l0.tests.dll" id="31cc4fc8-c787-8835-1d63-383ffc00182e">
      <Execution id="f808e039-7d9b-4206-bcda-c2c9b3d2e30d" />
      <TestMethod codeBase="D:\v2.0\A1\_work\dbded102\bin\Release.AnyCPU\Tfs.Service\MS.TF.WorkItemTracking.Server.DataServices.L0.Tests\MS.TF.WorkItemTracking.Server.DataServices.L0.Tests.dll" adapterTypeName="Microsoft.VisualStudio.TestTools.TestTypes.Unit.UnitTestAdapter" className="MS.TF.Test.WorkItemTracking.ClientService.QueryExpressionDeserializerTests" name="ValidLinksQueryLinkGroupOnly" />
    </UnitTest>
    <UnitTest name="ValidLinksQueryAllGroups" storage="d:\v2.0\a1\_work\dbded102\bin\release.anycpu\tfs.service\ms.tf.workitemtracking.server.dataservices.l0.tests\ms.tf.workitemtracking.server.dataservices.l0.tests.dll" id="e43aeb10-104c-2e18-4124-f4b920367ca0">
      <Execution id="7ae1f599-f3a5-47bd-9ffc-5a7b2a782414" />
      <TestMethod codeBase="D:\v2.0\A1\_work\dbded102\bin\Release.AnyCPU\Tfs.Service\MS.TF.WorkItemTracking.Server.DataServices.L0.Tests\MS.TF.WorkItemTracking.Server.DataServices.L0.Tests.dll" adapterTypeName="Microsoft.VisualStudio.TestTools.TestTypes.Unit.UnitTestAdapter" className="MS.TF.Test.WorkItemTracking.ClientService.QueryExpressionDeserializerTests" name="ValidLinksQueryAllGroups" />
    </UnitTest>
    <UnitTest name="SortFieldInvalidNullFieldName" storage="d:\v2.0\a1\_work\dbded102\bin\release.anycpu\tfs.service\ms.tf.workitemtracking.server.dataservices.l0.tests\ms.tf.workitemtracking.server.dataservices.l0.tests.dll" id="02c92501-1db1-de50-dad9-490e9ae8d03f">
      <Execution id="4b7b027c-1b3c-4fea-9b4d-ad402c892f6a" />
      <TestMethod codeBase="D:\v2.0\A1\_work\dbded102\bin\Release.AnyCPU\Tfs.Service\MS.TF.WorkItemTracking.Server.DataServices.L0.Tests\MS.TF.WorkItemTracking.Server.DataServices.L0.Tests.dll" adapterTypeName="Microsoft.VisualStudio.TestTools.TestTypes.Unit.UnitTestAdapter" className="MS.TF.Test.WorkItemTracking.ClientService.QueryExpressionDeserializerTests" name="SortFieldInvalidNullFieldName" />
    </UnitTest>
    <UnitTest name="SortFieldInvalidEmptyFieldName" storage="d:\v2.0\a1\_work\dbded102\bin\release.anycpu\tfs.service\ms.tf.workitemtracking.server.dataservices.l0.tests\ms.tf.workitemtracking.server.dataservices.l0.tests.dll" id="0e9d3f58-349b-0af1-e1f9-ea397238586a">
      <Execution id="456681fa-bda5-4e3b-a608-2ac810e63843" />
      <TestMethod codeBase="D:\v2.0\A1\_work\dbded102\bin\Release.AnyCPU\Tfs.Service\MS.TF.WorkItemTracking.Server.DataServices.L0.Tests\MS.TF.WorkItemTracking.Server.DataServices.L0.Tests.dll" adapterTypeName="Microsoft.VisualStudio.TestTools.TestTypes.Unit.UnitTestAdapter" className="MS.TF.Test.WorkItemTracking.ClientService.QueryExpressionDeserializerTests" name="SortFieldInvalidEmptyFieldName" />
    </UnitTest>
    <UnitTest name="SortFieldInvalidFieldReferenceName" storage="d:\v2.0\a1\_work\dbded102\bin\release.anycpu\tfs.service\ms.tf.workitemtracking.server.dataservices.l0.tests\ms.tf.workitemtracking.server.dataservices.l0.tests.dll" id="89256860-0bc5-6e9a-8ac7-47cf4222af11">
      <Execution id="b4a1f79b-9906-48de-81a0-ac1bcc63ff58" />
      <TestMethod codeBase="D:\v2.0\A1\_work\dbded102\bin\Release.AnyCPU\Tfs.Service\MS.TF.WorkItemTracking.Server.DataServices.L0.Tests\MS.TF.WorkItemTracking.Server.DataServices.L0.Tests.dll" adapterTypeName="Microsoft.VisualStudio.TestTools.TestTypes.Unit.UnitTestAdapter" className="MS.TF.Test.WorkItemTracking.ClientService.QueryExpressionDeserializerTests" name="SortFieldInvalidFieldReferenceName" />
    </UnitTest>
    <UnitTest name="SortFieldFieldNotExist" storage="d:\v2.0\a1\_work\dbded102\bin\release.anycpu\tfs.service\ms.tf.workitemtracking.server.dataservices.l0.tests\ms.tf.workitemtracking.server.dataservices.l0.tests.dll" id="0ecd0892-cdbf-8e33-b144-84e54cab9dcd">
      <Execution id="0eaf8e6a-f4d8-4625-9470-ea57aba0686d" />
      <TestMethod codeBase="D:\v2.0\A1\_work\dbded102\bin\Release.AnyCPU\Tfs.Service\MS.TF.WorkItemTracking.Server.DataServices.L0.Tests\MS.TF.WorkItemTracking.Server.DataServices.L0.Tests.dll" adapterTypeName="Microsoft.VisualStudio.TestTools.TestTypes.Unit.UnitTestAdapter" className="MS.TF.Test.WorkItemTracking.ClientService.QueryExpressionDeserializerTests" name="SortFieldFieldNotExist" />
    </UnitTest>
    <UnitTest name="SortFieldInvalidFieldReferenceNameWithTableAlias" storage="d:\v2.0\a1\_work\dbded102\bin\release.anycpu\tfs.service\ms.tf.workitemtracking.server.dataservices.l0.tests\ms.tf.workitemtracking.server.dataservices.l0.tests.dll" id="49d139ca-7041-365a-d5b1-0a45f44003cd">
      <Execution id="941a1a64-f873-4659-b364-90df967d7713" />
      <TestMethod codeBase="D:\v2.0\A1\_work\dbded102\bin\Release.AnyCPU\Tfs.Service\MS.TF.WorkItemTracking.Server.DataServices.L0.Tests\MS.TF.WorkItemTracking.Server.DataServices.L0.Tests.dll" adapterTypeName="Microsoft.VisualStudio.TestTools.TestTypes.Unit.UnitTestAdapter" className="MS.TF.Test.WorkItemTracking.ClientService.QueryExpressionDeserializerTests" name="SortFieldInvalidFieldReferenceNameWithTableAlias" />
    </UnitTest>
    <UnitTest name="SortFieldFieldNotExistWithTableAlias" storage="d:\v2.0\a1\_work\dbded102\bin\release.anycpu\tfs.service\ms.tf.workitemtracking.server.dataservices.l0.tests\ms.tf.workitemtracking.server.dataservices.l0.tests.dll" id="46718e16-5943-e482-7238-35bf1eb0527c">
      <Execution id="cd915dbe-94fe-4a3c-8ca5-9c4b109c24be" />
      <TestMethod codeBase="D:\v2.0\A1\_work\dbded102\bin\Release.AnyCPU\Tfs.Service\MS.TF.WorkItemTracking.Server.DataServices.L0.Tests\MS.TF.WorkItemTracking.Server.DataServices.L0.Tests.dll" adapterTypeName="Microsoft.VisualStudio.TestTools.TestTypes.Unit.UnitTestAdapter" className="MS.TF.Test.WorkItemTracking.ClientService.QueryExpressionDeserializerTests" name="SortFieldFieldNotExistWithTableAlias" />
    </UnitTest>
    <UnitTest name="SortFieldInvalidTableAlias" storage="d:\v2.0\a1\_work\dbded102\bin\release.anycpu\tfs.service\ms.tf.workitemtracking.server.dataservices.l0.tests\ms.tf.workitemtracking.server.dataservices.l0.tests.dll" id="5e2216bc-de83-c5ab-6691-79eda2d170f0">
      <Execution id="c62a0dae-3343-4c2a-9372-5a1f6e0207e4" />
      <TestMethod codeBase="D:\v2.0\A1\_work\dbded102\bin\Release.AnyCPU\Tfs.Service\MS.TF.WorkItemTracking.Server.DataServices.L0.Tests\MS.TF.WorkItemTracking.Server.DataServices.L0.Tests.dll" adapterTypeName="Microsoft.VisualStudio.TestTools.TestTypes.Unit.UnitTestAdapter" className="MS.TF.Test.WorkItemTracking.ClientService.QueryExpressionDeserializerTests" name="SortFieldInvalidTableAlias" />
    </UnitTest>
    <UnitTest name="SortFieldEmptyTableAlias" storage="d:\v2.0\a1\_work\dbded102\bin\release.anycpu\tfs.service\ms.tf.workitemtracking.server.dataservices.l0.tests\ms.tf.workitemtracking.server.dataservices.l0.tests.dll" id="156ff137-5b9b-4343-b360-c88e7e1a6f8c">
      <Execution id="a412c1bc-f1cf-4034-aa59-7e1ed5320409" />
      <TestMethod codeBase="D:\v2.0\A1\_work\dbded102\bin\Release.AnyCPU\Tfs.Service\MS.TF.WorkItemTracking.Server.DataServices.L0.Tests\MS.TF.WorkItemTracking.Server.DataServices.L0.Tests.dll" adapterTypeName="Microsoft.VisualStudio.TestTools.TestTypes.Unit.UnitTestAdapter" className="MS.TF.Test.WorkItemTracking.ClientService.QueryExpressionDeserializerTests" name="SortFieldEmptyTableAlias" />
    </UnitTest>
    <UnitTest name="SortFieldInvalidTableAliasWithNoBrackets" storage="d:\v2.0\a1\_work\dbded102\bin\release.anycpu\tfs.service\ms.tf.workitemtracking.server.dataservices.l0.tests\ms.tf.workitemtracking.server.dataservices.l0.tests.dll" id="51095d6f-928a-7b2e-7646-f89f1352d915">
      <Execution id="d557a51d-8c82-475c-b2f4-0edc1a9e9382" />
      <TestMethod codeBase="D:\v2.0\A1\_work\dbded102\bin\Release.AnyCPU\Tfs.Service\MS.TF.WorkItemTracking.Server.DataServices.L0.Tests\MS.TF.WorkItemTracking.Server.DataServices.L0.Tests.dll" adapterTypeName="Microsoft.VisualStudio.TestTools.TestTypes.Unit.UnitTestAdapter" className="MS.TF.Test.WorkItemTracking.ClientService.QueryExpressionDeserializerTests" name="SortFieldInvalidTableAliasWithNoBrackets" />
    </UnitTest>
    <UnitTest name="SortFieldInvalidFieldNameWithNoBrackets" storage="d:\v2.0\a1\_work\dbded102\bin\release.anycpu\tfs.service\ms.tf.workitemtracking.server.dataservices.l0.tests\ms.tf.workitemtracking.server.dataservices.l0.tests.dll" id="b618691a-2540-1d3b-714c-9daf974d967c">
      <Execution id="f4524c26-c11f-4653-a781-bba2defea715" />
      <TestMethod codeBase="D:\v2.0\A1\_work\dbded102\bin\Release.AnyCPU\Tfs.Service\MS.TF.WorkItemTracking.Server.DataServices.L0.Tests\MS.TF.WorkItemTracking.Server.DataServices.L0.Tests.dll" adapterTypeName="Microsoft.VisualStudio.TestTools.TestTypes.Unit.UnitTestAdapter" className="MS.TF.Test.WorkItemTracking.ClientService.QueryExpressionDeserializerTests" name="SortFieldInvalidFieldNameWithNoBrackets" />
    </UnitTest>
    <UnitTest name="SortFieldInvalidTooManyBrackets" storage="d:\v2.0\a1\_work\dbded102\bin\release.anycpu\tfs.service\ms.tf.workitemtracking.server.dataservices.l0.tests\ms.tf.workitemtracking.server.dataservices.l0.tests.dll" id="e1728574-785c-c25b-5d87-966fcf9dc54e">
      <Execution id="4e910f1b-3948-4ddc-ac77-8bfba0ea028c" />
      <TestMethod codeBase="D:\v2.0\A1\_work\dbded102\bin\Release.AnyCPU\Tfs.Service\MS.TF.WorkItemTracking.Server.DataServices.L0.Tests\MS.TF.WorkItemTracking.Server.DataServices.L0.Tests.dll" adapterTypeName="Microsoft.VisualStudio.TestTools.TestTypes.Unit.UnitTestAdapter" className="MS.TF.Test.WorkItemTracking.ClientService.QueryExpressionDeserializerTests" name="SortFieldInvalidTooManyBrackets" />
    </UnitTest>
    <UnitTest name="SortFieldInvalidMissingTrailingBrackets" storage="d:\v2.0\a1\_work\dbded102\bin\release.anycpu\tfs.service\ms.tf.workitemtracking.server.dataservices.l0.tests\ms.tf.workitemtracking.server.dataservices.l0.tests.dll" id="170857aa-9e47-29bf-5db5-8915dcb4ef46">
      <Execution id="1d3c0a85-9c10-42ec-9447-b7f3be488f13" />
      <TestMethod codeBase="D:\v2.0\A1\_work\dbded102\bin\Release.AnyCPU\Tfs.Service\MS.TF.WorkItemTracking.Server.DataServices.L0.Tests\MS.TF.WorkItemTracking.Server.DataServices.L0.Tests.dll" adapterTypeName="Microsoft.VisualStudio.TestTools.TestTypes.Unit.UnitTestAdapter" className="MS.TF.Test.WorkItemTracking.ClientService.QueryExpressionDeserializerTests" name="SortFieldInvalidMissingTrailingBrackets" />
    </UnitTest>
    <UnitTest name="SortFieldInvalidMissingLeadingBrackets" storage="d:\v2.0\a1\_work\dbded102\bin\release.anycpu\tfs.service\ms.tf.workitemtracking.server.dataservices.l0.tests\ms.tf.workitemtracking.server.dataservices.l0.tests.dll" id="916f14a6-b6b6-d90d-501a-b9dc9f2cf846">
      <Execution id="f2a087d6-f675-4818-b9be-36b61a4f2f2c" />
      <TestMethod codeBase="D:\v2.0\A1\_work\dbded102\bin\Release.AnyCPU\Tfs.Service\MS.TF.WorkItemTracking.Server.DataServices.L0.Tests\MS.TF.WorkItemTracking.Server.DataServices.L0.Tests.dll" adapterTypeName="Microsoft.VisualStudio.TestTools.TestTypes.Unit.UnitTestAdapter" className="MS.TF.Test.WorkItemTracking.ClientService.QueryExpressionDeserializerTests" name="SortFieldInvalidMissingLeadingBrackets" />
    </UnitTest>
    <UnitTest name="SortFieldValidField" storage="d:\v2.0\a1\_work\dbded102\bin\release.anycpu\tfs.service\ms.tf.workitemtracking.server.dataservices.l0.tests\ms.tf.workitemtracking.server.dataservices.l0.tests.dll" id="6a296a48-56cf-2342-aa07-802f7331b20d">
      <Execution id="c857448c-2b88-41a0-a003-4169f8890de6" />
      <TestMethod codeBase="D:\v2.0\A1\_work\dbded102\bin\Release.AnyCPU\Tfs.Service\MS.TF.WorkItemTracking.Server.DataServices.L0.Tests\MS.TF.WorkItemTracking.Server.DataServices.L0.Tests.dll" adapterTypeName="Microsoft.VisualStudio.TestTools.TestTypes.Unit.UnitTestAdapter" className="MS.TF.Test.WorkItemTracking.ClientService.QueryExpressionDeserializerTests" name="SortFieldValidField" />
    </UnitTest>
    <UnitTest name="SortFieldValidFieldWithLeadingTrailingSpaces" storage="d:\v2.0\a1\_work\dbded102\bin\release.anycpu\tfs.service\ms.tf.workitemtracking.server.dataservices.l0.tests\ms.tf.workitemtracking.server.dataservices.l0.tests.dll" id="88018b2b-de20-a736-1fda-8d55c2470073">
      <Execution id="fb39f96f-36e3-4acb-8f83-9f3b711edba7" />
      <TestMethod codeBase="D:\v2.0\A1\_work\dbded102\bin\Release.AnyCPU\Tfs.Service\MS.TF.WorkItemTracking.Server.DataServices.L0.Tests\MS.TF.WorkItemTracking.Server.DataServices.L0.Tests.dll" adapterTypeName="Microsoft.VisualStudio.TestTools.TestTypes.Unit.UnitTestAdapter" className="MS.TF.Test.WorkItemTracking.ClientService.QueryExpressionDeserializerTests" name="SortFieldValidFieldWithLeadingTrailingSpaces" />
    </UnitTest>
    <UnitTest name="SortFieldTableAliasLeft" storage="d:\v2.0\a1\_work\dbded102\bin\release.anycpu\tfs.service\ms.tf.workitemtracking.server.dataservices.l0.tests\ms.tf.workitemtracking.server.dataservices.l0.tests.dll" id="e03d8d0e-8194-4f3c-8ed9-573eb601258a">
      <Execution id="3d55ff33-978e-4dee-8f03-f0ab65d7ae8d" />
      <TestMethod codeBase="D:\v2.0\A1\_work\dbded102\bin\Release.AnyCPU\Tfs.Service\MS.TF.WorkItemTracking.Server.DataServices.L0.Tests\MS.TF.WorkItemTracking.Server.DataServices.L0.Tests.dll" adapterTypeName="Microsoft.VisualStudio.TestTools.TestTypes.Unit.UnitTestAdapter" className="MS.TF.Test.WorkItemTracking.ClientService.QueryExpressionDeserializerTests" name="SortFieldTableAliasLeft" />
    </UnitTest>
    <UnitTest name="SortFieldTableAliasRight" storage="d:\v2.0\a1\_work\dbded102\bin\release.anycpu\tfs.service\ms.tf.workitemtracking.server.dataservices.l0.tests\ms.tf.workitemtracking.server.dataservices.l0.tests.dll" id="24debf4d-8092-4a7e-479a-5bd91134bb29">
      <Execution id="9cb9fb74-9d34-45ac-a249-b1f6d2ba2125" />
      <TestMethod codeBase="D:\v2.0\A1\_work\dbded102\bin\Release.AnyCPU\Tfs.Service\MS.TF.WorkItemTracking.Server.DataServices.L0.Tests\MS.TF.WorkItemTracking.Server.DataServices.L0.Tests.dll" adapterTypeName="Microsoft.VisualStudio.TestTools.TestTypes.Unit.UnitTestAdapter" className="MS.TF.Test.WorkItemTracking.ClientService.QueryExpressionDeserializerTests" name="SortFieldTableAliasRight" />
    </UnitTest>
    <UnitTest name="SortFieldTableAliasLink" storage="d:\v2.0\a1\_work\dbded102\bin\release.anycpu\tfs.service\ms.tf.workitemtracking.server.dataservices.l0.tests\ms.tf.workitemtracking.server.dataservices.l0.tests.dll" id="0f9a643d-9384-12b9-20ce-3e0edd04902b">
      <Execution id="b52fac3a-78c0-4fb1-a3fd-64e15bf86184" />
      <TestMethod codeBase="D:\v2.0\A1\_work\dbded102\bin\Release.AnyCPU\Tfs.Service\MS.TF.WorkItemTracking.Server.DataServices.L0.Tests\MS.TF.WorkItemTracking.Server.DataServices.L0.Tests.dll" adapterTypeName="Microsoft.VisualStudio.TestTools.TestTypes.Unit.UnitTestAdapter" className="MS.TF.Test.WorkItemTracking.ClientService.QueryExpressionDeserializerTests" name="SortFieldTableAliasLink" />
    </UnitTest>
    <UnitTest name="SortFieldSetTableAliasToLinkForLinkType" storage="d:\v2.0\a1\_work\dbded102\bin\release.anycpu\tfs.service\ms.tf.workitemtracking.server.dataservices.l0.tests\ms.tf.workitemtracking.server.dataservices.l0.tests.dll" id="eedc4dee-3ebd-22d5-1379-579755a24ecd">
      <Execution id="a5db7a44-3750-4ff6-8001-1f59e2437f9b" />
      <TestMethod codeBase="D:\v2.0\A1\_work\dbded102\bin\Release.AnyCPU\Tfs.Service\MS.TF.WorkItemTracking.Server.DataServices.L0.Tests\MS.TF.WorkItemTracking.Server.DataServices.L0.Tests.dll" adapterTypeName="Microsoft.VisualStudio.TestTools.TestTypes.Unit.UnitTestAdapter" className="MS.TF.Test.WorkItemTracking.ClientService.QueryExpressionDeserializerTests" name="SortFieldSetTableAliasToLinkForLinkType" />
    </UnitTest>
    <UnitTest name="NullQueryXml" storage="d:\v2.0\a1\_work\dbded102\bin\release.anycpu\tfs.service\ms.tf.workitemtracking.server.dataservices.l0.tests\ms.tf.workitemtracking.server.dataservices.l0.tests.dll" id="84772d2a-ddba-2d3a-4a88-dfceb4910467">
      <Execution id="59cdee12-a568-4e29-b02b-24139ab3b3b8" />
      <TestMethod codeBase="D:\v2.0\A1\_work\dbded102\bin\Release.AnyCPU\Tfs.Service\MS.TF.WorkItemTracking.Server.DataServices.L0.Tests\MS.TF.WorkItemTracking.Server.DataServices.L0.Tests.dll" adapterTypeName="Microsoft.VisualStudio.TestTools.TestTypes.Unit.UnitTestAdapter" className="MS.TF.Test.WorkItemTracking.ClientService.QueryExpressionDeserializerTests" name="NullQueryXml" />
    </UnitTest>
    <UnitTest name="NullRequestContext" storage="d:\v2.0\a1\_work\dbded102\bin\release.anycpu\tfs.service\ms.tf.workitemtracking.server.dataservices.l0.tests\ms.tf.workitemtracking.server.dataservices.l0.tests.dll" id="8af824ce-8f20-a552-7165-7f5ef84b367e">
      <Execution id="ea69f519-1ec9-4a0b-ad66-1f826631d38d" />
      <TestMethod codeBase="D:\v2.0\A1\_work\dbded102\bin\Release.AnyCPU\Tfs.Service\MS.TF.WorkItemTracking.Server.DataServices.L0.Tests\MS.TF.WorkItemTracking.Server.DataServices.L0.Tests.dll" adapterTypeName="Microsoft.VisualStudio.TestTools.TestTypes.Unit.UnitTestAdapter" className="MS.TF.Test.WorkItemTracking.ClientService.QueryExpressionDeserializerTests" name="NullRequestContext" />
    </UnitTest>
    <UnitTest name="EverNotImplemented" storage="d:\v2.0\a1\_work\dbded102\bin\release.anycpu\tfs.service\ms.tf.workitemtracking.server.dataservices.l0.tests\ms.tf.workitemtracking.server.dataservices.l0.tests.dll" id="fd44c114-2e8f-1d64-2a91-4bd89bf45a33">
      <Execution id="23f6c00a-484d-4052-9802-30ca9c77cc12" />
      <TestMethod codeBase="D:\v2.0\A1\_work\dbded102\bin\Release.AnyCPU\Tfs.Service\MS.TF.WorkItemTracking.Server.DataServices.L0.Tests\MS.TF.WorkItemTracking.Server.DataServices.L0.Tests.dll" adapterTypeName="Microsoft.VisualStudio.TestTools.TestTypes.Unit.UnitTestAdapter" className="MS.TF.Test.WorkItemTracking.ClientService.QueryExpressionDeserializerTests" name="EverNotImplemented" />
    </UnitTest>
    <UnitTest name="NoAsOf" storage="d:\v2.0\a1\_work\dbded102\bin\release.anycpu\tfs.service\ms.tf.workitemtracking.server.dataservices.l0.tests\ms.tf.workitemtracking.server.dataservices.l0.tests.dll" id="964d8145-43fb-be90-3331-bd15767b0f5a">
      <Execution id="3782e38a-284b-4e9d-90ec-e671f2ca9d76" />
      <TestMethod codeBase="D:\v2.0\A1\_work\dbded102\bin\Release.AnyCPU\Tfs.Service\MS.TF.WorkItemTracking.Server.DataServices.L0.Tests\MS.TF.WorkItemTracking.Server.DataServices.L0.Tests.dll" adapterTypeName="Microsoft.VisualStudio.TestTools.TestTypes.Unit.UnitTestAdapter" className="MS.TF.Test.WorkItemTracking.ClientService.QueryExpressionDeserializerTests" name="NoAsOf" />
    </UnitTest>
    <UnitTest name="EmptyAsOf" storage="d:\v2.0\a1\_work\dbded102\bin\release.anycpu\tfs.service\ms.tf.workitemtracking.server.dataservices.l0.tests\ms.tf.workitemtracking.server.dataservices.l0.tests.dll" id="1035ed8f-fa64-361a-5325-220743c04c0e">
      <Execution id="18811697-9634-4b2e-8f2c-de17da2918c3" />
      <TestMethod codeBase="D:\v2.0\A1\_work\dbded102\bin\Release.AnyCPU\Tfs.Service\MS.TF.WorkItemTracking.Server.DataServices.L0.Tests\MS.TF.WorkItemTracking.Server.DataServices.L0.Tests.dll" adapterTypeName="Microsoft.VisualStudio.TestTools.TestTypes.Unit.UnitTestAdapter" className="MS.TF.Test.WorkItemTracking.ClientService.QueryExpressionDeserializerTests" name="EmptyAsOf" />
    </UnitTest>
    <UnitTest name="InvalidAsOf" storage="d:\v2.0\a1\_work\dbded102\bin\release.anycpu\tfs.service\ms.tf.workitemtracking.server.dataservices.l0.tests\ms.tf.workitemtracking.server.dataservices.l0.tests.dll" id="a89b85cc-e744-e405-b595-df56a13dddc5">
      <Execution id="fca3d343-50be-4973-b627-d3e528955a15" />
      <TestMethod codeBase="D:\v2.0\A1\_work\dbded102\bin\Release.AnyCPU\Tfs.Service\MS.TF.WorkItemTracking.Server.DataServices.L0.Tests\MS.TF.WorkItemTracking.Server.DataServices.L0.Tests.dll" adapterTypeName="Microsoft.VisualStudio.TestTools.TestTypes.Unit.UnitTestAdapter" className="MS.TF.Test.WorkItemTracking.ClientService.QueryExpressionDeserializerTests" name="InvalidAsOf" />
    </UnitTest>
    <UnitTest name="ValidAsOf" storage="d:\v2.0\a1\_work\dbded102\bin\release.anycpu\tfs.service\ms.tf.workitemtracking.server.dataservices.l0.tests\ms.tf.workitemtracking.server.dataservices.l0.tests.dll" id="9f98e655-c865-a15f-a255-f8b2a6b7c05b">
      <Execution id="8ce3ac54-ddb0-431e-83a5-5f6b30fa1ce1" />
      <TestMethod codeBase="D:\v2.0\A1\_work\dbded102\bin\Release.AnyCPU\Tfs.Service\MS.TF.WorkItemTracking.Server.DataServices.L0.Tests\MS.TF.WorkItemTracking.Server.DataServices.L0.Tests.dll" adapterTypeName="Microsoft.VisualStudio.TestTools.TestTypes.Unit.UnitTestAdapter" className="MS.TF.Test.WorkItemTracking.ClientService.QueryExpressionDeserializerTests" name="ValidAsOf" />
    </UnitTest>
    <UnitTest name="ValidExplicitAsOf" storage="d:\v2.0\a1\_work\dbded102\bin\release.anycpu\tfs.service\ms.tf.workitemtracking.server.dataservices.l0.tests\ms.tf.workitemtracking.server.dataservices.l0.tests.dll" id="164fee16-75ae-6e12-ff39-830e3e7b17ad">
      <Execution id="4519a8ad-c6d6-4d3f-a293-dcabe8e3c39a" />
      <TestMethod codeBase="D:\v2.0\A1\_work\dbded102\bin\Release.AnyCPU\Tfs.Service\MS.TF.WorkItemTracking.Server.DataServices.L0.Tests\MS.TF.WorkItemTracking.Server.DataServices.L0.Tests.dll" adapterTypeName="Microsoft.VisualStudio.TestTools.TestTypes.Unit.UnitTestAdapter" className="MS.TF.Test.WorkItemTracking.ClientService.QueryExpressionDeserializerTests" name="ValidExplicitAsOf" />
    </UnitTest>
    <UnitTest name="LinksQueryNoQueryType" storage="d:\v2.0\a1\_work\dbded102\bin\release.anycpu\tfs.service\ms.tf.workitemtracking.server.dataservices.l0.tests\ms.tf.workitemtracking.server.dataservices.l0.tests.dll" id="177140e2-203d-0594-f38e-42780503b87d">
      <Execution id="85fa4a55-7a1a-41b2-b17a-cc08ca3c0e6c" />
      <TestMethod codeBase="D:\v2.0\A1\_work\dbded102\bin\Release.AnyCPU\Tfs.Service\MS.TF.WorkItemTracking.Server.DataServices.L0.Tests\MS.TF.WorkItemTracking.Server.DataServices.L0.Tests.dll" adapterTypeName="Microsoft.VisualStudio.TestTools.TestTypes.Unit.UnitTestAdapter" className="MS.TF.Test.WorkItemTracking.ClientService.QueryExpressionDeserializerTests" name="LinksQueryNoQueryType" />
    </UnitTest>
    <UnitTest name="EmptyLinksQuery" storage="d:\v2.0\a1\_work\dbded102\bin\release.anycpu\tfs.service\ms.tf.workitemtracking.server.dataservices.l0.tests\ms.tf.workitemtracking.server.dataservices.l0.tests.dll" id="9a757d5a-af7c-283b-7ef7-75e404a98c6f">
      <Execution id="5ab8bb83-2b5e-4592-89c9-e38382f4e450" />
      <TestMethod codeBase="D:\v2.0\A1\_work\dbded102\bin\Release.AnyCPU\Tfs.Service\MS.TF.WorkItemTracking.Server.DataServices.L0.Tests\MS.TF.WorkItemTracking.Server.DataServices.L0.Tests.dll" adapterTypeName="Microsoft.VisualStudio.TestTools.TestTypes.Unit.UnitTestAdapter" className="MS.TF.Test.WorkItemTracking.ClientService.QueryExpressionDeserializerTests" name="EmptyLinksQuery" />
    </UnitTest>
    <UnitTest name="LinksQueryNoChild" storage="d:\v2.0\a1\_work\dbded102\bin\release.anycpu\tfs.service\ms.tf.workitemtracking.server.dataservices.l0.tests\ms.tf.workitemtracking.server.dataservices.l0.tests.dll" id="811e9e2d-ba3c-63ee-43e9-35cbec230362">
      <Execution id="0dcf3569-6d5e-4063-9474-238d5e19712c" />
      <TestMethod codeBase="D:\v2.0\A1\_work\dbded102\bin\Release.AnyCPU\Tfs.Service\MS.TF.WorkItemTracking.Server.DataServices.L0.Tests\MS.TF.WorkItemTracking.Server.DataServices.L0.Tests.dll" adapterTypeName="Microsoft.VisualStudio.TestTools.TestTypes.Unit.UnitTestAdapter" className="MS.TF.Test.WorkItemTracking.ClientService.QueryExpressionDeserializerTests" name="LinksQueryNoChild" />
    </UnitTest>
    <UnitTest name="LinksQueryTooManyChildrean" storage="d:\v2.0\a1\_work\dbded102\bin\release.anycpu\tfs.service\ms.tf.workitemtracking.server.dataservices.l0.tests\ms.tf.workitemtracking.server.dataservices.l0.tests.dll" id="bd746ca4-cb3f-7b6f-bd48-f0a817e3b8af">
      <Execution id="a5f3a7f8-498a-429b-aa2f-e229677491a8" />
      <TestMethod codeBase="D:\v2.0\A1\_work\dbded102\bin\Release.AnyCPU\Tfs.Service\MS.TF.WorkItemTracking.Server.DataServices.L0.Tests\MS.TF.WorkItemTracking.Server.DataServices.L0.Tests.dll" adapterTypeName="Microsoft.VisualStudio.TestTools.TestTypes.Unit.UnitTestAdapter" className="MS.TF.Test.WorkItemTracking.ClientService.QueryExpressionDeserializerTests" name="LinksQueryTooManyChildrean" />
    </UnitTest>
    <UnitTest name="LinksQueryInvalidChild" storage="d:\v2.0\a1\_work\dbded102\bin\release.anycpu\tfs.service\ms.tf.workitemtracking.server.dataservices.l0.tests\ms.tf.workitemtracking.server.dataservices.l0.tests.dll" id="65e17e08-bf99-17f4-8c14-b105940301dd">
      <Execution id="a824931f-f8a1-4bf5-b0c5-b824d1585cdb" />
      <TestMethod codeBase="D:\v2.0\A1\_work\dbded102\bin\Release.AnyCPU\Tfs.Service\MS.TF.WorkItemTracking.Server.DataServices.L0.Tests\MS.TF.WorkItemTracking.Server.DataServices.L0.Tests.dll" adapterTypeName="Microsoft.VisualStudio.TestTools.TestTypes.Unit.UnitTestAdapter" className="MS.TF.Test.WorkItemTracking.ClientService.QueryExpressionDeserializerTests" name="LinksQueryInvalidChild" />
    </UnitTest>
    <UnitTest name="WorkItemQueryNoChild" storage="d:\v2.0\a1\_work\dbded102\bin\release.anycpu\tfs.service\ms.tf.workitemtracking.server.dataservices.l0.tests\ms.tf.workitemtracking.server.dataservices.l0.tests.dll" id="0928c698-d9b9-280b-00bc-a5f3e0efbc3b">
      <Execution id="505baf7c-8fd3-4983-8272-14375ea7a66c" />
      <TestMethod codeBase="D:\v2.0\A1\_work\dbded102\bin\Release.AnyCPU\Tfs.Service\MS.TF.WorkItemTracking.Server.DataServices.L0.Tests\MS.TF.WorkItemTracking.Server.DataServices.L0.Tests.dll" adapterTypeName="Microsoft.VisualStudio.TestTools.TestTypes.Unit.UnitTestAdapter" className="MS.TF.Test.WorkItemTracking.ClientService.QueryExpressionDeserializerTests" name="WorkItemQueryNoChild" />
    </UnitTest>
    <UnitTest name="WorkItemQueryTooManyChildrean" storage="d:\v2.0\a1\_work\dbded102\bin\release.anycpu\tfs.service\ms.tf.workitemtracking.server.dataservices.l0.tests\ms.tf.workitemtracking.server.dataservices.l0.tests.dll" id="176eba66-ce25-4ba0-0a32-8d0f885b9c5d">
      <Execution id="59c1ba70-6182-402c-b4fa-3024c7c01edd" />
      <TestMethod codeBase="D:\v2.0\A1\_work\dbded102\bin\Release.AnyCPU\Tfs.Service\MS.TF.WorkItemTracking.Server.DataServices.L0.Tests\MS.TF.WorkItemTracking.Server.DataServices.L0.Tests.dll" adapterTypeName="Microsoft.VisualStudio.TestTools.TestTypes.Unit.UnitTestAdapter" className="MS.TF.Test.WorkItemTracking.ClientService.QueryExpressionDeserializerTests" name="WorkItemQueryTooManyChildrean" />
    </UnitTest>
    <UnitTest name="WorkItemQueryInvalidChild" storage="d:\v2.0\a1\_work\dbded102\bin\release.anycpu\tfs.service\ms.tf.workitemtracking.server.dataservices.l0.tests\ms.tf.workitemtracking.server.dataservices.l0.tests.dll" id="7af1e2b2-b36f-4ae2-34c4-4c9ba2579807">
      <Execution id="956edf49-4cdb-406a-919c-196414a27fa7" />
      <TestMethod codeBase="D:\v2.0\A1\_work\dbded102\bin\Release.AnyCPU\Tfs.Service\MS.TF.WorkItemTracking.Server.DataServices.L0.Tests\MS.TF.WorkItemTracking.Server.DataServices.L0.Tests.dll" adapterTypeName="Microsoft.VisualStudio.TestTools.TestTypes.Unit.UnitTestAdapter" className="MS.TF.Test.WorkItemTracking.ClientService.QueryExpressionDeserializerTests" name="WorkItemQueryInvalidChild" />
    </UnitTest>
    <UnitTest name="EmptyRecursionId" storage="d:\v2.0\a1\_work\dbded102\bin\release.anycpu\tfs.service\ms.tf.workitemtracking.server.dataservices.l0.tests\ms.tf.workitemtracking.server.dataservices.l0.tests.dll" id="d1bade99-6951-136d-6beb-074f6da3d97b">
      <Execution id="9947c6b6-2f95-4685-8c69-f7de7fbcb7b1" />
      <TestMethod codeBase="D:\v2.0\A1\_work\dbded102\bin\Release.AnyCPU\Tfs.Service\MS.TF.WorkItemTracking.Server.DataServices.L0.Tests\MS.TF.WorkItemTracking.Server.DataServices.L0.Tests.dll" adapterTypeName="Microsoft.VisualStudio.TestTools.TestTypes.Unit.UnitTestAdapter" className="MS.TF.Test.WorkItemTracking.ClientService.QueryExpressionDeserializerTests" name="EmptyRecursionId" />
    </UnitTest>
    <UnitTest name="InvalidRecursionId" storage="d:\v2.0\a1\_work\dbded102\bin\release.anycpu\tfs.service\ms.tf.workitemtracking.server.dataservices.l0.tests\ms.tf.workitemtracking.server.dataservices.l0.tests.dll" id="c5af3c45-2dc8-eea1-fb39-c71e414b38d9">
      <Execution id="fd17c43e-57bd-4f59-8724-edc52fb2a767" />
      <TestMethod codeBase="D:\v2.0\A1\_work\dbded102\bin\Release.AnyCPU\Tfs.Service\MS.TF.WorkItemTracking.Server.DataServices.L0.Tests\MS.TF.WorkItemTracking.Server.DataServices.L0.Tests.dll" adapterTypeName="Microsoft.VisualStudio.TestTools.TestTypes.Unit.UnitTestAdapter" className="MS.TF.Test.WorkItemTracking.ClientService.QueryExpressionDeserializerTests" name="InvalidRecursionId" />
    </UnitTest>
    <UnitTest name="ValidRecursionId" storage="d:\v2.0\a1\_work\dbded102\bin\release.anycpu\tfs.service\ms.tf.workitemtracking.server.dataservices.l0.tests\ms.tf.workitemtracking.server.dataservices.l0.tests.dll" id="c17b61d8-2970-c662-f6bf-6eb0c24b5f7a">
      <Execution id="46b87c9d-b2a5-471a-be32-b3cf2e60d9a2" />
      <TestMethod codeBase="D:\v2.0\A1\_work\dbded102\bin\Release.AnyCPU\Tfs.Service\MS.TF.WorkItemTracking.Server.DataServices.L0.Tests\MS.TF.WorkItemTracking.Server.DataServices.L0.Tests.dll" adapterTypeName="Microsoft.VisualStudio.TestTools.TestTypes.Unit.UnitTestAdapter" className="MS.TF.Test.WorkItemTracking.ClientService.QueryExpressionDeserializerTests" name="ValidRecursionId" />
    </UnitTest>
    <UnitTest name="ParentFirstWhenNotSet" storage="d:\v2.0\a1\_work\dbded102\bin\release.anycpu\tfs.service\ms.tf.workitemtracking.server.dataservices.l0.tests\ms.tf.workitemtracking.server.dataservices.l0.tests.dll" id="a48fe974-8e77-236f-3b8d-8457adc7598f">
      <Execution id="dc64c731-66b1-4224-add4-6b4233c73fef" />
      <TestMethod codeBase="D:\v2.0\A1\_work\dbded102\bin\Release.AnyCPU\Tfs.Service\MS.TF.WorkItemTracking.Server.DataServices.L0.Tests\MS.TF.WorkItemTracking.Server.DataServices.L0.Tests.dll" adapterTypeName="Microsoft.VisualStudio.TestTools.TestTypes.Unit.UnitTestAdapter" className="MS.TF.Test.WorkItemTracking.ClientService.QueryExpressionDeserializerTests" name="ParentFirstWhenNotSet" />
    </UnitTest>
    <UnitTest name="ParentFirstWhenSetEmpty" storage="d:\v2.0\a1\_work\dbded102\bin\release.anycpu\tfs.service\ms.tf.workitemtracking.server.dataservices.l0.tests\ms.tf.workitemtracking.server.dataservices.l0.tests.dll" id="c4210820-def6-5e0f-dbd7-b52ca14fee23">
      <Execution id="87ad5973-adf8-4be3-8859-11ff02b94b56" />
      <TestMethod codeBase="D:\v2.0\A1\_work\dbded102\bin\Release.AnyCPU\Tfs.Service\MS.TF.WorkItemTracking.Server.DataServices.L0.Tests\MS.TF.WorkItemTracking.Server.DataServices.L0.Tests.dll" adapterTypeName="Microsoft.VisualStudio.TestTools.TestTypes.Unit.UnitTestAdapter" className="MS.TF.Test.WorkItemTracking.ClientService.QueryExpressionDeserializerTests" name="ParentFirstWhenSetEmpty" />
    </UnitTest>
    <UnitTest name="ParentFirstWhenSetButInvalid" storage="d:\v2.0\a1\_work\dbded102\bin\release.anycpu\tfs.service\ms.tf.workitemtracking.server.dataservices.l0.tests\ms.tf.workitemtracking.server.dataservices.l0.tests.dll" id="5d189304-40f0-d441-af76-56d1214f78f2">
      <Execution id="92920119-7511-4eb3-97e7-ad974dd14766" />
      <TestMethod codeBase="D:\v2.0\A1\_work\dbded102\bin\Release.AnyCPU\Tfs.Service\MS.TF.WorkItemTracking.Server.DataServices.L0.Tests\MS.TF.WorkItemTracking.Server.DataServices.L0.Tests.dll" adapterTypeName="Microsoft.VisualStudio.TestTools.TestTypes.Unit.UnitTestAdapter" className="MS.TF.Test.WorkItemTracking.ClientService.QueryExpressionDeserializerTests" name="ParentFirstWhenSetButInvalid" />
    </UnitTest>
    <UnitTest name="ParentFirstWhenSetToTrue" storage="d:\v2.0\a1\_work\dbded102\bin\release.anycpu\tfs.service\ms.tf.workitemtracking.server.dataservices.l0.tests\ms.tf.workitemtracking.server.dataservices.l0.tests.dll" id="b910491d-8c36-a84f-0174-6c71ba724caa">
      <Execution id="bfd72e1e-6728-447b-97cb-087b1d65a570" />
      <TestMethod codeBase="D:\v2.0\A1\_work\dbded102\bin\Release.AnyCPU\Tfs.Service\MS.TF.WorkItemTracking.Server.DataServices.L0.Tests\MS.TF.WorkItemTracking.Server.DataServices.L0.Tests.dll" adapterTypeName="Microsoft.VisualStudio.TestTools.TestTypes.Unit.UnitTestAdapter" className="MS.TF.Test.WorkItemTracking.ClientService.QueryExpressionDeserializerTests" name="ParentFirstWhenSetToTrue" />
    </UnitTest>
    <UnitTest name="ChildFirstWhenSetToFalse" storage="d:\v2.0\a1\_work\dbded102\bin\release.anycpu\tfs.service\ms.tf.workitemtracking.server.dataservices.l0.tests\ms.tf.workitemtracking.server.dataservices.l0.tests.dll" id="98865876-8fdc-6500-63b4-5489885351e6">
      <Execution id="66d0953c-e2df-428e-b292-7a32bfea9742" />
      <TestMethod codeBase="D:\v2.0\A1\_work\dbded102\bin\Release.AnyCPU\Tfs.Service\MS.TF.WorkItemTracking.Server.DataServices.L0.Tests\MS.TF.WorkItemTracking.Server.DataServices.L0.Tests.dll" adapterTypeName="Microsoft.VisualStudio.TestTools.TestTypes.Unit.UnitTestAdapter" className="MS.TF.Test.WorkItemTracking.ClientService.QueryExpressionDeserializerTests" name="ChildFirstWhenSetToFalse" />
    </UnitTest>
    <UnitTest name="QueryTypeWorkItems" storage="d:\v2.0\a1\_work\dbded102\bin\release.anycpu\tfs.service\ms.tf.workitemtracking.server.dataservices.l0.tests\ms.tf.workitemtracking.server.dataservices.l0.tests.dll" id="29750eba-140c-54ae-90bc-2f1f8d4e3060">
      <Execution id="cf6383b2-9590-4ca5-a578-ff524456b18b" />
      <TestMethod codeBase="D:\v2.0\A1\_work\dbded102\bin\Release.AnyCPU\Tfs.Service\MS.TF.WorkItemTracking.Server.DataServices.L0.Tests\MS.TF.WorkItemTracking.Server.DataServices.L0.Tests.dll" adapterTypeName="Microsoft.VisualStudio.TestTools.TestTypes.Unit.UnitTestAdapter" className="MS.TF.Test.WorkItemTracking.ClientService.QueryExpressionDeserializerTests" name="QueryTypeWorkItems" />
    </UnitTest>
    <UnitTest name="QueryTypeOneHopMayContain" storage="d:\v2.0\a1\_work\dbded102\bin\release.anycpu\tfs.service\ms.tf.workitemtracking.server.dataservices.l0.tests\ms.tf.workitemtracking.server.dataservices.l0.tests.dll" id="c6bc2908-0d51-cc33-31f9-fd4c38180bcd">
      <Execution id="0492ee2c-2e02-47fd-bfca-04ece0a599ec" />
      <TestMethod codeBase="D:\v2.0\A1\_work\dbded102\bin\Release.AnyCPU\Tfs.Service\MS.TF.WorkItemTracking.Server.DataServices.L0.Tests\MS.TF.WorkItemTracking.Server.DataServices.L0.Tests.dll" adapterTypeName="Microsoft.VisualStudio.TestTools.TestTypes.Unit.UnitTestAdapter" className="MS.TF.Test.WorkItemTracking.ClientService.QueryExpressionDeserializerTests" name="QueryTypeOneHopMayContain" />
    </UnitTest>
    <UnitTest name="QueryTypeOneHopMustContain" storage="d:\v2.0\a1\_work\dbded102\bin\release.anycpu\tfs.service\ms.tf.workitemtracking.server.dataservices.l0.tests\ms.tf.workitemtracking.server.dataservices.l0.tests.dll" id="a8854710-7783-4147-3c06-b1c38c523f1f">
      <Execution id="d96770b3-eade-40e6-bd87-15f4ab6df47b" />
      <TestMethod codeBase="D:\v2.0\A1\_work\dbded102\bin\Release.AnyCPU\Tfs.Service\MS.TF.WorkItemTracking.Server.DataServices.L0.Tests\MS.TF.WorkItemTracking.Server.DataServices.L0.Tests.dll" adapterTypeName="Microsoft.VisualStudio.TestTools.TestTypes.Unit.UnitTestAdapter" className="MS.TF.Test.WorkItemTracking.ClientService.QueryExpressionDeserializerTests" name="QueryTypeOneHopMustContain" />
    </UnitTest>
    <UnitTest name="QueryTypeOneHopDoesNotContain" storage="d:\v2.0\a1\_work\dbded102\bin\release.anycpu\tfs.service\ms.tf.workitemtracking.server.dataservices.l0.tests\ms.tf.workitemtracking.server.dataservices.l0.tests.dll" id="9b63e345-3b51-20c6-429f-812e2755b3ce">
      <Execution id="ccc99d23-502e-450b-b05e-2458ce314ad9" />
      <TestMethod codeBase="D:\v2.0\A1\_work\dbded102\bin\Release.AnyCPU\Tfs.Service\MS.TF.WorkItemTracking.Server.DataServices.L0.Tests\MS.TF.WorkItemTracking.Server.DataServices.L0.Tests.dll" adapterTypeName="Microsoft.VisualStudio.TestTools.TestTypes.Unit.UnitTestAdapter" className="MS.TF.Test.WorkItemTracking.ClientService.QueryExpressionDeserializerTests" name="QueryTypeOneHopDoesNotContain" />
    </UnitTest>
    <UnitTest name="QueryTypeRecursiveMayContain" storage="d:\v2.0\a1\_work\dbded102\bin\release.anycpu\tfs.service\ms.tf.workitemtracking.server.dataservices.l0.tests\ms.tf.workitemtracking.server.dataservices.l0.tests.dll" id="a72ac002-9c8b-a7d1-ebc7-4739deae4f79">
      <Execution id="707d797e-992c-45ee-92e8-659ae190fe74" />
      <TestMethod codeBase="D:\v2.0\A1\_work\dbded102\bin\Release.AnyCPU\Tfs.Service\MS.TF.WorkItemTracking.Server.DataServices.L0.Tests\MS.TF.WorkItemTracking.Server.DataServices.L0.Tests.dll" adapterTypeName="Microsoft.VisualStudio.TestTools.TestTypes.Unit.UnitTestAdapter" className="MS.TF.Test.WorkItemTracking.ClientService.QueryExpressionDeserializerTests" name="QueryTypeRecursiveMayContain" />
    </UnitTest>
    <UnitTest name="QueryTypeRecursiveMustContain" storage="d:\v2.0\a1\_work\dbded102\bin\release.anycpu\tfs.service\ms.tf.workitemtracking.server.dataservices.l0.tests\ms.tf.workitemtracking.server.dataservices.l0.tests.dll" id="dacd8180-b3f3-9a6c-1f60-9e6bd8d5cccb">
      <Execution id="b90a6979-8481-4fa4-80d0-0426f0a3a2e5" />
      <TestMethod codeBase="D:\v2.0\A1\_work\dbded102\bin\Release.AnyCPU\Tfs.Service\MS.TF.WorkItemTracking.Server.DataServices.L0.Tests\MS.TF.WorkItemTracking.Server.DataServices.L0.Tests.dll" adapterTypeName="Microsoft.VisualStudio.TestTools.TestTypes.Unit.UnitTestAdapter" className="MS.TF.Test.WorkItemTracking.ClientService.QueryExpressionDeserializerTests" name="QueryTypeRecursiveMustContain" />
    </UnitTest>
    <UnitTest name="QueryTypeRecursiveDoesNotContain" storage="d:\v2.0\a1\_work\dbded102\bin\release.anycpu\tfs.service\ms.tf.workitemtracking.server.dataservices.l0.tests\ms.tf.workitemtracking.server.dataservices.l0.tests.dll" id="bd15a907-72dd-79fb-bb77-b96596401f59">
      <Execution id="7a1b9ba2-f7fd-4d91-aac2-fa52ec06fac9" />
      <TestMethod codeBase="D:\v2.0\A1\_work\dbded102\bin\Release.AnyCPU\Tfs.Service\MS.TF.WorkItemTracking.Server.DataServices.L0.Tests\MS.TF.WorkItemTracking.Server.DataServices.L0.Tests.dll" adapterTypeName="Microsoft.VisualStudio.TestTools.TestTypes.Unit.UnitTestAdapter" className="MS.TF.Test.WorkItemTracking.ClientService.QueryExpressionDeserializerTests" name="QueryTypeRecursiveDoesNotContain" />
    </UnitTest>
    <UnitTest name="QueryExpressionEmptyColumn" storage="d:\v2.0\a1\_work\dbded102\bin\release.anycpu\tfs.service\ms.tf.workitemtracking.server.dataservices.l0.tests\ms.tf.workitemtracking.server.dataservices.l0.tests.dll" id="4db4710b-efe3-04ad-6fc5-e70ff7d1d362">
      <Execution id="a905314e-81a9-41cb-946e-6af4f535bc30" />
      <TestMethod codeBase="D:\v2.0\A1\_work\dbded102\bin\Release.AnyCPU\Tfs.Service\MS.TF.WorkItemTracking.Server.DataServices.L0.Tests\MS.TF.WorkItemTracking.Server.DataServices.L0.Tests.dll" adapterTypeName="Microsoft.VisualStudio.TestTools.TestTypes.Unit.UnitTestAdapter" className="MS.TF.Test.WorkItemTracking.ClientService.QueryExpressionDeserializerTests" name="QueryExpressionEmptyColumn" />
    </UnitTest>
    <UnitTest name="QueryExpressionColumnNotRefName" storage="d:\v2.0\a1\_work\dbded102\bin\release.anycpu\tfs.service\ms.tf.workitemtracking.server.dataservices.l0.tests\ms.tf.workitemtracking.server.dataservices.l0.tests.dll" id="79418503-ac19-4183-1db4-1940459d69e4">
      <Execution id="1afaaa34-db4e-43ab-8333-2293fabda0fd" />
      <TestMethod codeBase="D:\v2.0\A1\_work\dbded102\bin\Release.AnyCPU\Tfs.Service\MS.TF.WorkItemTracking.Server.DataServices.L0.Tests\MS.TF.WorkItemTracking.Server.DataServices.L0.Tests.dll" adapterTypeName="Microsoft.VisualStudio.TestTools.TestTypes.Unit.UnitTestAdapter" className="MS.TF.Test.WorkItemTracking.ClientService.QueryExpressionDeserializerTests" name="QueryExpressionColumnNotRefName" />
    </UnitTest>
    <UnitTest name="QueryExpressionColumnNotExist" storage="d:\v2.0\a1\_work\dbded102\bin\release.anycpu\tfs.service\ms.tf.workitemtracking.server.dataservices.l0.tests\ms.tf.workitemtracking.server.dataservices.l0.tests.dll" id="98d71904-f380-9a67-99d4-94b32d469ec2">
      <Execution id="f84d8d44-07e8-4711-bcd4-d4863367f65c" />
      <TestMethod codeBase="D:\v2.0\A1\_work\dbded102\bin\Release.AnyCPU\Tfs.Service\MS.TF.WorkItemTracking.Server.DataServices.L0.Tests\MS.TF.WorkItemTracking.Server.DataServices.L0.Tests.dll" adapterTypeName="Microsoft.VisualStudio.TestTools.TestTypes.Unit.UnitTestAdapter" className="MS.TF.Test.WorkItemTracking.ClientService.QueryExpressionDeserializerTests" name="QueryExpressionColumnNotExist" />
    </UnitTest>
    <UnitTest name="QueryExpressionColumnExist" storage="d:\v2.0\a1\_work\dbded102\bin\release.anycpu\tfs.service\ms.tf.workitemtracking.server.dataservices.l0.tests\ms.tf.workitemtracking.server.dataservices.l0.tests.dll" id="2acf1188-6d7f-cd4f-2ef9-aa87c87aff50">
      <Execution id="1c41801e-18f5-423c-9594-f1d06fd97297" />
      <TestMethod codeBase="D:\v2.0\A1\_work\dbded102\bin\Release.AnyCPU\Tfs.Service\MS.TF.WorkItemTracking.Server.DataServices.L0.Tests\MS.TF.WorkItemTracking.Server.DataServices.L0.Tests.dll" adapterTypeName="Microsoft.VisualStudio.TestTools.TestTypes.Unit.UnitTestAdapter" className="MS.TF.Test.WorkItemTracking.ClientService.QueryExpressionDeserializerTests" name="QueryExpressionColumnExist" />
    </UnitTest>
    <UnitTest name="ExpandConstantsDefaultFalse" storage="d:\v2.0\a1\_work\dbded102\bin\release.anycpu\tfs.service\ms.tf.workitemtracking.server.dataservices.l0.tests\ms.tf.workitemtracking.server.dataservices.l0.tests.dll" id="517526d4-7836-be7c-cbf4-4e3b8b8390d9">
      <Execution id="417ba81b-f5a8-47e1-a625-a937699620c9" />
      <TestMethod codeBase="D:\v2.0\A1\_work\dbded102\bin\Release.AnyCPU\Tfs.Service\MS.TF.WorkItemTracking.Server.DataServices.L0.Tests\MS.TF.WorkItemTracking.Server.DataServices.L0.Tests.dll" adapterTypeName="Microsoft.VisualStudio.TestTools.TestTypes.Unit.UnitTestAdapter" className="MS.TF.Test.WorkItemTracking.ClientService.QueryExpressionDeserializerTests" name="ExpandConstantsDefaultFalse" />
    </UnitTest>
    <UnitTest name="InvalidExpandConstants" storage="d:\v2.0\a1\_work\dbded102\bin\release.anycpu\tfs.service\ms.tf.workitemtracking.server.dataservices.l0.tests\ms.tf.workitemtracking.server.dataservices.l0.tests.dll" id="ecf55c92-4cd6-8ab2-7844-b742422cc86a">
      <Execution id="318b6d06-83ef-4be7-91fb-89ca2979c19c" />
      <TestMethod codeBase="D:\v2.0\A1\_work\dbded102\bin\Release.AnyCPU\Tfs.Service\MS.TF.WorkItemTracking.Server.DataServices.L0.Tests\MS.TF.WorkItemTracking.Server.DataServices.L0.Tests.dll" adapterTypeName="Microsoft.VisualStudio.TestTools.TestTypes.Unit.UnitTestAdapter" className="MS.TF.Test.WorkItemTracking.ClientService.QueryExpressionDeserializerTests" name="InvalidExpandConstants" />
    </UnitTest>
    <UnitTest name="ValidExpandConstants" storage="d:\v2.0\a1\_work\dbded102\bin\release.anycpu\tfs.service\ms.tf.workitemtracking.server.dataservices.l0.tests\ms.tf.workitemtracking.server.dataservices.l0.tests.dll" id="bcb3e26f-4dd5-b16b-16b3-fba966cc7982">
      <Execution id="0d4c3f66-3489-4030-b9cc-dc2f21f30b93" />
      <TestMethod codeBase="D:\v2.0\A1\_work\dbded102\bin\Release.AnyCPU\Tfs.Service\MS.TF.WorkItemTracking.Server.DataServices.L0.Tests\MS.TF.WorkItemTracking.Server.DataServices.L0.Tests.dll" adapterTypeName="Microsoft.VisualStudio.TestTools.TestTypes.Unit.UnitTestAdapter" className="MS.TF.Test.WorkItemTracking.ClientService.QueryExpressionDeserializerTests" name="ValidExpandConstants" />
    </UnitTest>
    <UnitTest name="EmptyQueryOperator" storage="d:\v2.0\a1\_work\dbded102\bin\release.anycpu\tfs.service\ms.tf.workitemtracking.server.dataservices.l0.tests\ms.tf.workitemtracking.server.dataservices.l0.tests.dll" id="68609a8c-92d1-917f-e34e-0fdcd5cf7e8d">
      <Execution id="7b02c33c-f0da-4476-adac-d427d3f37e9c" />
      <TestMethod codeBase="D:\v2.0\A1\_work\dbded102\bin\Release.AnyCPU\Tfs.Service\MS.TF.WorkItemTracking.Server.DataServices.L0.Tests\MS.TF.WorkItemTracking.Server.DataServices.L0.Tests.dll" adapterTypeName="Microsoft.VisualStudio.TestTools.TestTypes.Unit.UnitTestAdapter" className="MS.TF.Test.WorkItemTracking.ClientService.QueryExpressionDeserializerTests" name="EmptyQueryOperator" />
    </UnitTest>
    <UnitTest name="InvalidQueryOperator" storage="d:\v2.0\a1\_work\dbded102\bin\release.anycpu\tfs.service\ms.tf.workitemtracking.server.dataservices.l0.tests\ms.tf.workitemtracking.server.dataservices.l0.tests.dll" id="7a57e9d2-d790-caa2-abf5-42dafed5406a">
      <Execution id="13a84f53-a273-42c4-a831-862a8dede74a" />
      <TestMethod codeBase="D:\v2.0\A1\_work\dbded102\bin\Release.AnyCPU\Tfs.Service\MS.TF.WorkItemTracking.Server.DataServices.L0.Tests\MS.TF.WorkItemTracking.Server.DataServices.L0.Tests.dll" adapterTypeName="Microsoft.VisualStudio.TestTools.TestTypes.Unit.UnitTestAdapter" className="MS.TF.Test.WorkItemTracking.ClientService.QueryExpressionDeserializerTests" name="InvalidQueryOperator" />
    </UnitTest>
    <UnitTest name="NoQueryExpressionValue" storage="d:\v2.0\a1\_work\dbded102\bin\release.anycpu\tfs.service\ms.tf.workitemtracking.server.dataservices.l0.tests\ms.tf.workitemtracking.server.dataservices.l0.tests.dll" id="81240b92-41a5-c57e-30c5-0806f10e4820">
      <Execution id="704a0482-ad36-4554-8923-96be0c79be3f" />
      <TestMethod codeBase="D:\v2.0\A1\_work\dbded102\bin\Release.AnyCPU\Tfs.Service\MS.TF.WorkItemTracking.Server.DataServices.L0.Tests\MS.TF.WorkItemTracking.Server.DataServices.L0.Tests.dll" adapterTypeName="Microsoft.VisualStudio.TestTools.TestTypes.Unit.UnitTestAdapter" className="MS.TF.Test.WorkItemTracking.ClientService.QueryExpressionDeserializerTests" name="NoQueryExpressionValue" />
    </UnitTest>
    <UnitTest name="MultipleQueryExpressionValue" storage="d:\v2.0\a1\_work\dbded102\bin\release.anycpu\tfs.service\ms.tf.workitemtracking.server.dataservices.l0.tests\ms.tf.workitemtracking.server.dataservices.l0.tests.dll" id="6e4f8609-ab99-3f6e-78c2-706ccdf2c2b0">
      <Execution id="22371e78-6c48-4081-8c95-78e9da54f38a" />
      <TestMethod codeBase="D:\v2.0\A1\_work\dbded102\bin\Release.AnyCPU\Tfs.Service\MS.TF.WorkItemTracking.Server.DataServices.L0.Tests\MS.TF.WorkItemTracking.Server.DataServices.L0.Tests.dll" adapterTypeName="Microsoft.VisualStudio.TestTools.TestTypes.Unit.UnitTestAdapter" className="MS.TF.Test.WorkItemTracking.ClientService.QueryExpressionDeserializerTests" name="MultipleQueryExpressionValue" />
    </UnitTest>
    <UnitTest name="InvalidQueryExpressionValue" storage="d:\v2.0\a1\_work\dbded102\bin\release.anycpu\tfs.service\ms.tf.workitemtracking.server.dataservices.l0.tests\ms.tf.workitemtracking.server.dataservices.l0.tests.dll" id="cc321d92-d220-975e-c0dc-b8033caa3a8b">
      <Execution id="8e65f854-3656-4b3c-9cbe-deed27683887" />
      <TestMethod codeBase="D:\v2.0\A1\_work\dbded102\bin\Release.AnyCPU\Tfs.Service\MS.TF.WorkItemTracking.Server.DataServices.L0.Tests\MS.TF.WorkItemTracking.Server.DataServices.L0.Tests.dll" adapterTypeName="Microsoft.VisualStudio.TestTools.TestTypes.Unit.UnitTestAdapter" className="MS.TF.Test.WorkItemTracking.ClientService.QueryExpressionDeserializerTests" name="InvalidQueryExpressionValue" />
    </UnitTest>
    <UnitTest name="EmptyValueNumber" storage="d:\v2.0\a1\_work\dbded102\bin\release.anycpu\tfs.service\ms.tf.workitemtracking.server.dataservices.l0.tests\ms.tf.workitemtracking.server.dataservices.l0.tests.dll" id="f896eba1-1cc4-b023-069a-96391b29de4f">
      <Execution id="2e0c9028-e28b-4f13-a79a-907bd5fbabc3" />
      <TestMethod codeBase="D:\v2.0\A1\_work\dbded102\bin\Release.AnyCPU\Tfs.Service\MS.TF.WorkItemTracking.Server.DataServices.L0.Tests\MS.TF.WorkItemTracking.Server.DataServices.L0.Tests.dll" adapterTypeName="Microsoft.VisualStudio.TestTools.TestTypes.Unit.UnitTestAdapter" className="MS.TF.Test.WorkItemTracking.ClientService.QueryExpressionDeserializerTests" name="EmptyValueNumber" />
    </UnitTest>
    <UnitTest name="InvalidValueNumber" storage="d:\v2.0\a1\_work\dbded102\bin\release.anycpu\tfs.service\ms.tf.workitemtracking.server.dataservices.l0.tests\ms.tf.workitemtracking.server.dataservices.l0.tests.dll" id="584c03cd-bd14-aeeb-3451-9adb19d8ac27">
      <Execution id="edd05ae5-457c-42d1-9ba3-b564be778615" />
      <TestMethod codeBase="D:\v2.0\A1\_work\dbded102\bin\Release.AnyCPU\Tfs.Service\MS.TF.WorkItemTracking.Server.DataServices.L0.Tests\MS.TF.WorkItemTracking.Server.DataServices.L0.Tests.dll" adapterTypeName="Microsoft.VisualStudio.TestTools.TestTypes.Unit.UnitTestAdapter" className="MS.TF.Test.WorkItemTracking.ClientService.QueryExpressionDeserializerTests" name="InvalidValueNumber" />
    </UnitTest>
    <UnitTest name="ValidValueNumber" storage="d:\v2.0\a1\_work\dbded102\bin\release.anycpu\tfs.service\ms.tf.workitemtracking.server.dataservices.l0.tests\ms.tf.workitemtracking.server.dataservices.l0.tests.dll" id="138fa61b-c4da-88c9-e847-c7253d0596a3">
      <Execution id="08e1cf52-15da-4f9c-a1b6-db06bd17dcc8" />
      <TestMethod codeBase="D:\v2.0\A1\_work\dbded102\bin\Release.AnyCPU\Tfs.Service\MS.TF.WorkItemTracking.Server.DataServices.L0.Tests\MS.TF.WorkItemTracking.Server.DataServices.L0.Tests.dll" adapterTypeName="Microsoft.VisualStudio.TestTools.TestTypes.Unit.UnitTestAdapter" className="MS.TF.Test.WorkItemTracking.ClientService.QueryExpressionDeserializerTests" name="ValidValueNumber" />
    </UnitTest>
    <UnitTest name="EmptyValueDouble" storage="d:\v2.0\a1\_work\dbded102\bin\release.anycpu\tfs.service\ms.tf.workitemtracking.server.dataservices.l0.tests\ms.tf.workitemtracking.server.dataservices.l0.tests.dll" id="cbaff298-09f5-369d-361a-449c9fb6ac98">
      <Execution id="5e6bcc39-922a-4c08-83a2-0e439c8e1bc9" />
      <TestMethod codeBase="D:\v2.0\A1\_work\dbded102\bin\Release.AnyCPU\Tfs.Service\MS.TF.WorkItemTracking.Server.DataServices.L0.Tests\MS.TF.WorkItemTracking.Server.DataServices.L0.Tests.dll" adapterTypeName="Microsoft.VisualStudio.TestTools.TestTypes.Unit.UnitTestAdapter" className="MS.TF.Test.WorkItemTracking.ClientService.QueryExpressionDeserializerTests" name="EmptyValueDouble" />
    </UnitTest>
    <UnitTest name="InvalidValueDouble" storage="d:\v2.0\a1\_work\dbded102\bin\release.anycpu\tfs.service\ms.tf.workitemtracking.server.dataservices.l0.tests\ms.tf.workitemtracking.server.dataservices.l0.tests.dll" id="44d0a1c1-fd07-6f0f-9409-6ffb93985e1a">
      <Execution id="78af1049-1e26-4069-a0db-64da6833522c" />
      <TestMethod codeBase="D:\v2.0\A1\_work\dbded102\bin\Release.AnyCPU\Tfs.Service\MS.TF.WorkItemTracking.Server.DataServices.L0.Tests\MS.TF.WorkItemTracking.Server.DataServices.L0.Tests.dll" adapterTypeName="Microsoft.VisualStudio.TestTools.TestTypes.Unit.UnitTestAdapter" className="MS.TF.Test.WorkItemTracking.ClientService.QueryExpressionDeserializerTests" name="InvalidValueDouble" />
    </UnitTest>
    <UnitTest name="ValidValueDouble" storage="d:\v2.0\a1\_work\dbded102\bin\release.anycpu\tfs.service\ms.tf.workitemtracking.server.dataservices.l0.tests\ms.tf.workitemtracking.server.dataservices.l0.tests.dll" id="cc0a4130-cdc5-eac3-3c64-bfccead95629">
      <Execution id="91224e54-a82e-4033-aaf7-3d93110cc939" />
      <TestMethod codeBase="D:\v2.0\A1\_work\dbded102\bin\Release.AnyCPU\Tfs.Service\MS.TF.WorkItemTracking.Server.DataServices.L0.Tests\MS.TF.WorkItemTracking.Server.DataServices.L0.Tests.dll" adapterTypeName="Microsoft.VisualStudio.TestTools.TestTypes.Unit.UnitTestAdapter" className="MS.TF.Test.WorkItemTracking.ClientService.QueryExpressionDeserializerTests" name="ValidValueDouble" />
    </UnitTest>
    <UnitTest name="EmptyValueDateTime" storage="d:\v2.0\a1\_work\dbded102\bin\release.anycpu\tfs.service\ms.tf.workitemtracking.server.dataservices.l0.tests\ms.tf.workitemtracking.server.dataservices.l0.tests.dll" id="575c0a1f-154d-2f9c-fad3-a8445549cf96">
      <Execution id="6024a1f0-4cb1-432a-8278-92e3cb282d79" />
      <TestMethod codeBase="D:\v2.0\A1\_work\dbded102\bin\Release.AnyCPU\Tfs.Service\MS.TF.WorkItemTracking.Server.DataServices.L0.Tests\MS.TF.WorkItemTracking.Server.DataServices.L0.Tests.dll" adapterTypeName="Microsoft.VisualStudio.TestTools.TestTypes.Unit.UnitTestAdapter" className="MS.TF.Test.WorkItemTracking.ClientService.QueryExpressionDeserializerTests" name="EmptyValueDateTime" />
    </UnitTest>
    <UnitTest name="InvalidValueDateTime" storage="d:\v2.0\a1\_work\dbded102\bin\release.anycpu\tfs.service\ms.tf.workitemtracking.server.dataservices.l0.tests\ms.tf.workitemtracking.server.dataservices.l0.tests.dll" id="bc029144-0077-8aef-819d-863b402566fc">
      <Execution id="4b885735-5a3c-47ec-98de-8530423ed370" />
      <TestMethod codeBase="D:\v2.0\A1\_work\dbded102\bin\Release.AnyCPU\Tfs.Service\MS.TF.WorkItemTracking.Server.DataServices.L0.Tests\MS.TF.WorkItemTracking.Server.DataServices.L0.Tests.dll" adapterTypeName="Microsoft.VisualStudio.TestTools.TestTypes.Unit.UnitTestAdapter" className="MS.TF.Test.WorkItemTracking.ClientService.QueryExpressionDeserializerTests" name="InvalidValueDateTime" />
    </UnitTest>
    <UnitTest name="ValidValueDateTime" storage="d:\v2.0\a1\_work\dbded102\bin\release.anycpu\tfs.service\ms.tf.workitemtracking.server.dataservices.l0.tests\ms.tf.workitemtracking.server.dataservices.l0.tests.dll" id="442feae1-52bb-d0c2-a92c-d0b01e72cf24">
      <Execution id="f2189471-6026-4112-93b7-54bda88cef51" />
      <TestMethod codeBase="D:\v2.0\A1\_work\dbded102\bin\Release.AnyCPU\Tfs.Service\MS.TF.WorkItemTracking.Server.DataServices.L0.Tests\MS.TF.WorkItemTracking.Server.DataServices.L0.Tests.dll" adapterTypeName="Microsoft.VisualStudio.TestTools.TestTypes.Unit.UnitTestAdapter" className="MS.TF.Test.WorkItemTracking.ClientService.QueryExpressionDeserializerTests" name="ValidValueDateTime" />
    </UnitTest>
    <UnitTest name="EmptyValueBoolean" storage="d:\v2.0\a1\_work\dbded102\bin\release.anycpu\tfs.service\ms.tf.workitemtracking.server.dataservices.l0.tests\ms.tf.workitemtracking.server.dataservices.l0.tests.dll" id="51f74ca9-4fef-74f9-7d56-6b6a211f28f9">
      <Execution id="2e498196-a97a-4a9a-9867-15fe56bfa931" />
      <TestMethod codeBase="D:\v2.0\A1\_work\dbded102\bin\Release.AnyCPU\Tfs.Service\MS.TF.WorkItemTracking.Server.DataServices.L0.Tests\MS.TF.WorkItemTracking.Server.DataServices.L0.Tests.dll" adapterTypeName="Microsoft.VisualStudio.TestTools.TestTypes.Unit.UnitTestAdapter" className="MS.TF.Test.WorkItemTracking.ClientService.QueryExpressionDeserializerTests" name="EmptyValueBoolean" />
    </UnitTest>
    <UnitTest name="InvalidValueBoolean" storage="d:\v2.0\a1\_work\dbded102\bin\release.anycpu\tfs.service\ms.tf.workitemtracking.server.dataservices.l0.tests\ms.tf.workitemtracking.server.dataservices.l0.tests.dll" id="34c852b5-5871-5b8b-59ec-469856529a49">
      <Execution id="e2e8afb9-0fa3-4b9a-883a-0552c3618c56" />
      <TestMethod codeBase="D:\v2.0\A1\_work\dbded102\bin\Release.AnyCPU\Tfs.Service\MS.TF.WorkItemTracking.Server.DataServices.L0.Tests\MS.TF.WorkItemTracking.Server.DataServices.L0.Tests.dll" adapterTypeName="Microsoft.VisualStudio.TestTools.TestTypes.Unit.UnitTestAdapter" className="MS.TF.Test.WorkItemTracking.ClientService.QueryExpressionDeserializerTests" name="InvalidValueBoolean" />
    </UnitTest>
    <UnitTest name="ValidValueBoolean" storage="d:\v2.0\a1\_work\dbded102\bin\release.anycpu\tfs.service\ms.tf.workitemtracking.server.dataservices.l0.tests\ms.tf.workitemtracking.server.dataservices.l0.tests.dll" id="d412062e-dfac-1b38-1b6b-6d35108c6600">
      <Execution id="82affdf6-771a-45a6-b45d-ec754706e4c7" />
      <TestMethod codeBase="D:\v2.0\A1\_work\dbded102\bin\Release.AnyCPU\Tfs.Service\MS.TF.WorkItemTracking.Server.DataServices.L0.Tests\MS.TF.WorkItemTracking.Server.DataServices.L0.Tests.dll" adapterTypeName="Microsoft.VisualStudio.TestTools.TestTypes.Unit.UnitTestAdapter" className="MS.TF.Test.WorkItemTracking.ClientService.QueryExpressionDeserializerTests" name="ValidValueBoolean" />
    </UnitTest>
    <UnitTest name="EmptyValueGuid" storage="d:\v2.0\a1\_work\dbded102\bin\release.anycpu\tfs.service\ms.tf.workitemtracking.server.dataservices.l0.tests\ms.tf.workitemtracking.server.dataservices.l0.tests.dll" id="38f37734-773b-39a9-5db7-e9c7fb6aa735">
      <Execution id="49ab6ca9-9ae3-4143-8788-7e92d52c2b52" />
      <TestMethod codeBase="D:\v2.0\A1\_work\dbded102\bin\Release.AnyCPU\Tfs.Service\MS.TF.WorkItemTracking.Server.DataServices.L0.Tests\MS.TF.WorkItemTracking.Server.DataServices.L0.Tests.dll" adapterTypeName="Microsoft.VisualStudio.TestTools.TestTypes.Unit.UnitTestAdapter" className="MS.TF.Test.WorkItemTracking.ClientService.QueryExpressionDeserializerTests" name="EmptyValueGuid" />
    </UnitTest>
    <UnitTest name="InvalidValueGuid" storage="d:\v2.0\a1\_work\dbded102\bin\release.anycpu\tfs.service\ms.tf.workitemtracking.server.dataservices.l0.tests\ms.tf.workitemtracking.server.dataservices.l0.tests.dll" id="0b656b7c-9ff8-290c-7d6c-0b52548c8359">
      <Execution id="83d08843-6d3e-4abc-9d6f-9a0d4b0f556e" />
      <TestMethod codeBase="D:\v2.0\A1\_work\dbded102\bin\Release.AnyCPU\Tfs.Service\MS.TF.WorkItemTracking.Server.DataServices.L0.Tests\MS.TF.WorkItemTracking.Server.DataServices.L0.Tests.dll" adapterTypeName="Microsoft.VisualStudio.TestTools.TestTypes.Unit.UnitTestAdapter" className="MS.TF.Test.WorkItemTracking.ClientService.QueryExpressionDeserializerTests" name="InvalidValueGuid" />
    </UnitTest>
    <UnitTest name="ValidValueGuid" storage="d:\v2.0\a1\_work\dbded102\bin\release.anycpu\tfs.service\ms.tf.workitemtracking.server.dataservices.l0.tests\ms.tf.workitemtracking.server.dataservices.l0.tests.dll" id="41148008-7a04-9bb2-71b9-1f48081f7072">
      <Execution id="5c8f2b3a-fa18-41d3-a7d3-8d5edc7bf604" />
      <TestMethod codeBase="D:\v2.0\A1\_work\dbded102\bin\Release.AnyCPU\Tfs.Service\MS.TF.WorkItemTracking.Server.DataServices.L0.Tests\MS.TF.WorkItemTracking.Server.DataServices.L0.Tests.dll" adapterTypeName="Microsoft.VisualStudio.TestTools.TestTypes.Unit.UnitTestAdapter" className="MS.TF.Test.WorkItemTracking.ClientService.QueryExpressionDeserializerTests" name="ValidValueGuid" />
    </UnitTest>
    <UnitTest name="EmptyValueColumn" storage="d:\v2.0\a1\_work\dbded102\bin\release.anycpu\tfs.service\ms.tf.workitemtracking.server.dataservices.l0.tests\ms.tf.workitemtracking.server.dataservices.l0.tests.dll" id="80f7a4be-7943-c2c0-d87b-729939137fc7">
      <Execution id="34808fe7-0989-496a-8054-8a0460e217df" />
      <TestMethod codeBase="D:\v2.0\A1\_work\dbded102\bin\Release.AnyCPU\Tfs.Service\MS.TF.WorkItemTracking.Server.DataServices.L0.Tests\MS.TF.WorkItemTracking.Server.DataServices.L0.Tests.dll" adapterTypeName="Microsoft.VisualStudio.TestTools.TestTypes.Unit.UnitTestAdapter" className="MS.TF.Test.WorkItemTracking.ClientService.QueryExpressionDeserializerTests" name="EmptyValueColumn" />
    </UnitTest>
    <UnitTest name="InvalidValueColumnRefName" storage="d:\v2.0\a1\_work\dbded102\bin\release.anycpu\tfs.service\ms.tf.workitemtracking.server.dataservices.l0.tests\ms.tf.workitemtracking.server.dataservices.l0.tests.dll" id="fa2a53c1-9af0-9b93-69b5-3b2d6a447002">
      <Execution id="638b8909-5fcd-475a-87bc-e2439f3ce05d" />
      <TestMethod codeBase="D:\v2.0\A1\_work\dbded102\bin\Release.AnyCPU\Tfs.Service\MS.TF.WorkItemTracking.Server.DataServices.L0.Tests\MS.TF.WorkItemTracking.Server.DataServices.L0.Tests.dll" adapterTypeName="Microsoft.VisualStudio.TestTools.TestTypes.Unit.UnitTestAdapter" className="MS.TF.Test.WorkItemTracking.ClientService.QueryExpressionDeserializerTests" name="InvalidValueColumnRefName" />
    </UnitTest>
    <UnitTest name="InvalidValueColumnNotExist" storage="d:\v2.0\a1\_work\dbded102\bin\release.anycpu\tfs.service\ms.tf.workitemtracking.server.dataservices.l0.tests\ms.tf.workitemtracking.server.dataservices.l0.tests.dll" id="cca6dabb-ccfd-6d93-72f6-b807f60517c4">
      <Execution id="cd310b87-70c4-4478-9419-4703b549599d" />
      <TestMethod codeBase="D:\v2.0\A1\_work\dbded102\bin\Release.AnyCPU\Tfs.Service\MS.TF.WorkItemTracking.Server.DataServices.L0.Tests\MS.TF.WorkItemTracking.Server.DataServices.L0.Tests.dll" adapterTypeName="Microsoft.VisualStudio.TestTools.TestTypes.Unit.UnitTestAdapter" className="MS.TF.Test.WorkItemTracking.ClientService.QueryExpressionDeserializerTests" name="InvalidValueColumnNotExist" />
    </UnitTest>
    <UnitTest name="ValidValueColumn" storage="d:\v2.0\a1\_work\dbded102\bin\release.anycpu\tfs.service\ms.tf.workitemtracking.server.dataservices.l0.tests\ms.tf.workitemtracking.server.dataservices.l0.tests.dll" id="fb65c569-8d38-ef24-b0de-fd64a794a0a1">
      <Execution id="1b1ac775-830a-433b-9274-be5a0b6bb38f" />
      <TestMethod codeBase="D:\v2.0\A1\_work\dbded102\bin\Release.AnyCPU\Tfs.Service\MS.TF.WorkItemTracking.Server.DataServices.L0.Tests\MS.TF.WorkItemTracking.Server.DataServices.L0.Tests.dll" adapterTypeName="Microsoft.VisualStudio.TestTools.TestTypes.Unit.UnitTestAdapter" className="MS.TF.Test.WorkItemTracking.ClientService.QueryExpressionDeserializerTests" name="ValidValueColumn" />
    </UnitTest>
    <UnitTest name="GroupWithNoChild" storage="d:\v2.0\a1\_work\dbded102\bin\release.anycpu\tfs.service\ms.tf.workitemtracking.server.dataservices.l0.tests\ms.tf.workitemtracking.server.dataservices.l0.tests.dll" id="68881bec-43d0-3092-e932-3c3def90a3ee">
      <Execution id="9ad26f59-7380-4709-b39d-1258bbff7bc2" />
      <TestMethod codeBase="D:\v2.0\A1\_work\dbded102\bin\Release.AnyCPU\Tfs.Service\MS.TF.WorkItemTracking.Server.DataServices.L0.Tests\MS.TF.WorkItemTracking.Server.DataServices.L0.Tests.dll" adapterTypeName="Microsoft.VisualStudio.TestTools.TestTypes.Unit.UnitTestAdapter" className="MS.TF.Test.WorkItemTracking.ClientService.QueryExpressionDeserializerTests" name="GroupWithNoChild" />
    </UnitTest>
    <UnitTest name="GroupWithNoOperator" storage="d:\v2.0\a1\_work\dbded102\bin\release.anycpu\tfs.service\ms.tf.workitemtracking.server.dataservices.l0.tests\ms.tf.workitemtracking.server.dataservices.l0.tests.dll" id="1a1a69fe-297a-e88b-c7d9-01053f8242fd">
      <Execution id="36705ded-dc14-4b8c-a773-a534658145bb" />
      <TestMethod codeBase="D:\v2.0\A1\_work\dbded102\bin\Release.AnyCPU\Tfs.Service\MS.TF.WorkItemTracking.Server.DataServices.L0.Tests\MS.TF.WorkItemTracking.Server.DataServices.L0.Tests.dll" adapterTypeName="Microsoft.VisualStudio.TestTools.TestTypes.Unit.UnitTestAdapter" className="MS.TF.Test.WorkItemTracking.ClientService.QueryExpressionDeserializerTests" name="GroupWithNoOperator" />
    </UnitTest>
    <UnitTest name="GroupWithEmptyOperator" storage="d:\v2.0\a1\_work\dbded102\bin\release.anycpu\tfs.service\ms.tf.workitemtracking.server.dataservices.l0.tests\ms.tf.workitemtracking.server.dataservices.l0.tests.dll" id="d4fbd6cf-be45-3591-07c0-0b63bbf55047">
      <Execution id="80356176-cf24-4f6a-ae1b-5601f890260d" />
      <TestMethod codeBase="D:\v2.0\A1\_work\dbded102\bin\Release.AnyCPU\Tfs.Service\MS.TF.WorkItemTracking.Server.DataServices.L0.Tests\MS.TF.WorkItemTracking.Server.DataServices.L0.Tests.dll" adapterTypeName="Microsoft.VisualStudio.TestTools.TestTypes.Unit.UnitTestAdapter" className="MS.TF.Test.WorkItemTracking.ClientService.QueryExpressionDeserializerTests" name="GroupWithEmptyOperator" />
    </UnitTest>
    <UnitTest name="GroupWithInvalidOperator" storage="d:\v2.0\a1\_work\dbded102\bin\release.anycpu\tfs.service\ms.tf.workitemtracking.server.dataservices.l0.tests\ms.tf.workitemtracking.server.dataservices.l0.tests.dll" id="c3fffbe8-4819-e9d7-74e8-75814aadc7a9">
      <Execution id="19c003dc-766e-45db-9390-93a42cf7ac2b" />
      <TestMethod codeBase="D:\v2.0\A1\_work\dbded102\bin\Release.AnyCPU\Tfs.Service\MS.TF.WorkItemTracking.Server.DataServices.L0.Tests\MS.TF.WorkItemTracking.Server.DataServices.L0.Tests.dll" adapterTypeName="Microsoft.VisualStudio.TestTools.TestTypes.Unit.UnitTestAdapter" className="MS.TF.Test.WorkItemTracking.ClientService.QueryExpressionDeserializerTests" name="GroupWithInvalidOperator" />
    </UnitTest>
    <UnitTest name="NullQueryResult" storage="d:\v2.0\a1\_work\dbded102\bin\release.anycpu\tfs.service\ms.tf.workitemtracking.server.dataservices.l0.tests\ms.tf.workitemtracking.server.dataservices.l0.tests.dll" id="5982c033-e813-c0cd-e65c-b45513dc845a">
      <Execution id="b0490645-104e-4dbd-9663-10ac05a7c6fa" />
      <TestMethod codeBase="D:\v2.0\A1\_work\dbded102\bin\Release.AnyCPU\Tfs.Service\MS.TF.WorkItemTracking.Server.DataServices.L0.Tests\MS.TF.WorkItemTracking.Server.DataServices.L0.Tests.dll" adapterTypeName="Microsoft.VisualStudio.TestTools.TestTypes.Unit.UnitTestAdapter" className="MS.TF.Test.WorkItemTracking.ClientService.QueryResultSerializerTests" name="NullQueryResult" />
    </UnitTest>
    <UnitTest name="CountOnlyWorkItemResult" storage="d:\v2.0\a1\_work\dbded102\bin\release.anycpu\tfs.service\ms.tf.workitemtracking.server.dataservices.l0.tests\ms.tf.workitemtracking.server.dataservices.l0.tests.dll" id="ec3242d2-7a45-4092-ae9e-3761ebae0c4d">
      <Execution id="e187d604-a3dc-4020-a7f6-06e0761b4e3c" />
      <TestMethod codeBase="D:\v2.0\A1\_work\dbded102\bin\Release.AnyCPU\Tfs.Service\MS.TF.WorkItemTracking.Server.DataServices.L0.Tests\MS.TF.WorkItemTracking.Server.DataServices.L0.Tests.dll" adapterTypeName="Microsoft.VisualStudio.TestTools.TestTypes.Unit.UnitTestAdapter" className="MS.TF.Test.WorkItemTracking.ClientService.QueryResultSerializerTests" name="CountOnlyWorkItemResult" />
    </UnitTest>
    <UnitTest name="CountOnlyWorkItemLinkResult" storage="d:\v2.0\a1\_work\dbded102\bin\release.anycpu\tfs.service\ms.tf.workitemtracking.server.dataservices.l0.tests\ms.tf.workitemtracking.server.dataservices.l0.tests.dll" id="f1172048-5be5-beaf-7190-10b0f465237d">
      <Execution id="08e88ae2-f96b-418f-a3db-f601d33e4283" />
      <TestMethod codeBase="D:\v2.0\A1\_work\dbded102\bin\Release.AnyCPU\Tfs.Service\MS.TF.WorkItemTracking.Server.DataServices.L0.Tests\MS.TF.WorkItemTracking.Server.DataServices.L0.Tests.dll" adapterTypeName="Microsoft.VisualStudio.TestTools.TestTypes.Unit.UnitTestAdapter" className="MS.TF.Test.WorkItemTracking.ClientService.QueryResultSerializerTests" name="CountOnlyWorkItemLinkResult" />
    </UnitTest>
    <UnitTest name="WorkItemResultEmpty" storage="d:\v2.0\a1\_work\dbded102\bin\release.anycpu\tfs.service\ms.tf.workitemtracking.server.dataservices.l0.tests\ms.tf.workitemtracking.server.dataservices.l0.tests.dll" id="d04176c2-603f-f9f5-9bad-f091a80d9cfc">
      <Execution id="4df4d63a-5824-4feb-b22d-6d09b8e8ce48" />
      <TestMethod codeBase="D:\v2.0\A1\_work\dbded102\bin\Release.AnyCPU\Tfs.Service\MS.TF.WorkItemTracking.Server.DataServices.L0.Tests\MS.TF.WorkItemTracking.Server.DataServices.L0.Tests.dll" adapterTypeName="Microsoft.VisualStudio.TestTools.TestTypes.Unit.UnitTestAdapter" className="MS.TF.Test.WorkItemTracking.ClientService.QueryResultSerializerTests" name="WorkItemResultEmpty" />
    </UnitTest>
    <UnitTest name="WorkItemResultCompression" storage="d:\v2.0\a1\_work\dbded102\bin\release.anycpu\tfs.service\ms.tf.workitemtracking.server.dataservices.l0.tests\ms.tf.workitemtracking.server.dataservices.l0.tests.dll" id="b578fadb-7377-4053-331b-3a9923162467">
      <Execution id="9a194a6f-bd5d-4a6a-9ca6-89487d01af23" />
      <TestMethod codeBase="D:\v2.0\A1\_work\dbded102\bin\Release.AnyCPU\Tfs.Service\MS.TF.WorkItemTracking.Server.DataServices.L0.Tests\MS.TF.WorkItemTracking.Server.DataServices.L0.Tests.dll" adapterTypeName="Microsoft.VisualStudio.TestTools.TestTypes.Unit.UnitTestAdapter" className="MS.TF.Test.WorkItemTracking.ClientService.QueryResultSerializerTests" name="WorkItemResultCompression" />
    </UnitTest>
    <UnitTest name="WorkItemResultComprssionTwoRanges" storage="d:\v2.0\a1\_work\dbded102\bin\release.anycpu\tfs.service\ms.tf.workitemtracking.server.dataservices.l0.tests\ms.tf.workitemtracking.server.dataservices.l0.tests.dll" id="102fc4cf-dcee-40c5-b231-937c7bac7ff1">
      <Execution id="ed99064f-7f42-4e0d-8a1a-7bc1c96e1fd9" />
      <TestMethod codeBase="D:\v2.0\A1\_work\dbded102\bin\Release.AnyCPU\Tfs.Service\MS.TF.WorkItemTracking.Server.DataServices.L0.Tests\MS.TF.WorkItemTracking.Server.DataServices.L0.Tests.dll" adapterTypeName="Microsoft.VisualStudio.TestTools.TestTypes.Unit.UnitTestAdapter" className="MS.TF.Test.WorkItemTracking.ClientService.QueryResultSerializerTests" name="WorkItemResultComprssionTwoRanges" />
    </UnitTest>
    <UnitTest name="WorkItemResultNoCompression" storage="d:\v2.0\a1\_work\dbded102\bin\release.anycpu\tfs.service\ms.tf.workitemtracking.server.dataservices.l0.tests\ms.tf.workitemtracking.server.dataservices.l0.tests.dll" id="3306bda3-36e6-4b04-9ea5-3afc1050bc7e">
      <Execution id="e83419d6-5e8a-4e7c-aceb-8b8cb96e354a" />
      <TestMethod codeBase="D:\v2.0\A1\_work\dbded102\bin\Release.AnyCPU\Tfs.Service\MS.TF.WorkItemTracking.Server.DataServices.L0.Tests\MS.TF.WorkItemTracking.Server.DataServices.L0.Tests.dll" adapterTypeName="Microsoft.VisualStudio.TestTools.TestTypes.Unit.UnitTestAdapter" className="MS.TF.Test.WorkItemTracking.ClientService.QueryResultSerializerTests" name="WorkItemResultNoCompression" />
    </UnitTest>
    <UnitTest name="WorkItemLinkResultEmpty" storage="d:\v2.0\a1\_work\dbded102\bin\release.anycpu\tfs.service\ms.tf.workitemtracking.server.dataservices.l0.tests\ms.tf.workitemtracking.server.dataservices.l0.tests.dll" id="dd6828a7-7280-4474-0637-ba6d462ff1de">
      <Execution id="bb7c916a-48f3-438c-9a00-5f3855887cdd" />
      <TestMethod codeBase="D:\v2.0\A1\_work\dbded102\bin\Release.AnyCPU\Tfs.Service\MS.TF.WorkItemTracking.Server.DataServices.L0.Tests\MS.TF.WorkItemTracking.Server.DataServices.L0.Tests.dll" adapterTypeName="Microsoft.VisualStudio.TestTools.TestTypes.Unit.UnitTestAdapter" className="MS.TF.Test.WorkItemTracking.ClientService.QueryResultSerializerTests" name="WorkItemLinkResultEmpty" />
    </UnitTest>
    <UnitTest name="WorkItemLinkResultOneHopDoesNotContainReadsWorkItemResult" storage="d:\v2.0\a1\_work\dbded102\bin\release.anycpu\tfs.service\ms.tf.workitemtracking.server.dataservices.l0.tests\ms.tf.workitemtracking.server.dataservices.l0.tests.dll" id="0b7f12f7-cdb8-6e39-f741-4574bec42c26">
      <Execution id="26f71cf3-0ce6-4244-bb40-545ec606fbf3" />
      <TestMethod codeBase="D:\v2.0\A1\_work\dbded102\bin\Release.AnyCPU\Tfs.Service\MS.TF.WorkItemTracking.Server.DataServices.L0.Tests\MS.TF.WorkItemTracking.Server.DataServices.L0.Tests.dll" adapterTypeName="Microsoft.VisualStudio.TestTools.TestTypes.Unit.UnitTestAdapter" className="MS.TF.Test.WorkItemTracking.ClientService.QueryResultSerializerTests" name="WorkItemLinkResultOneHopDoesNotContainReadsWorkItemResult" />
    </UnitTest>
    <UnitTest name="WorkItemLinkResultOneHopSkipRootEntry" storage="d:\v2.0\a1\_work\dbded102\bin\release.anycpu\tfs.service\ms.tf.workitemtracking.server.dataservices.l0.tests\ms.tf.workitemtracking.server.dataservices.l0.tests.dll" id="dd96ecc5-8605-9f2a-ddb9-02e6ba371e1d">
      <Execution id="c099a87a-eca5-4e52-b790-89a11ee04e1f" />
      <TestMethod codeBase="D:\v2.0\A1\_work\dbded102\bin\Release.AnyCPU\Tfs.Service\MS.TF.WorkItemTracking.Server.DataServices.L0.Tests\MS.TF.WorkItemTracking.Server.DataServices.L0.Tests.dll" adapterTypeName="Microsoft.VisualStudio.TestTools.TestTypes.Unit.UnitTestAdapter" className="MS.TF.Test.WorkItemTracking.ClientService.QueryResultSerializerTests" name="WorkItemLinkResultOneHopSkipRootEntry" />
    </UnitTest>
    <UnitTest name="WorkItemLinkResultOneHopMayContainTranslateRootEntry" storage="d:\v2.0\a1\_work\dbded102\bin\release.anycpu\tfs.service\ms.tf.workitemtracking.server.dataservices.l0.tests\ms.tf.workitemtracking.server.dataservices.l0.tests.dll" id="49749edc-dbb2-f42f-0002-8443c4397239">
      <Execution id="b171439b-8b13-4739-b6d9-cb55b5c3338d" />
      <TestMethod codeBase="D:\v2.0\A1\_work\dbded102\bin\Release.AnyCPU\Tfs.Service\MS.TF.WorkItemTracking.Server.DataServices.L0.Tests\MS.TF.WorkItemTracking.Server.DataServices.L0.Tests.dll" adapterTypeName="Microsoft.VisualStudio.TestTools.TestTypes.Unit.UnitTestAdapter" className="MS.TF.Test.WorkItemTracking.ClientService.QueryResultSerializerTests" name="WorkItemLinkResultOneHopMayContainTranslateRootEntry" />
    </UnitTest>
    <UnitTest name="WorkItemLinkResultRecursiveKeepRootEntry" storage="d:\v2.0\a1\_work\dbded102\bin\release.anycpu\tfs.service\ms.tf.workitemtracking.server.dataservices.l0.tests\ms.tf.workitemtracking.server.dataservices.l0.tests.dll" id="1b80fcfb-fcf6-1e36-19e9-d8b3a06857b5">
      <Execution id="aa77a256-000d-44f6-9626-fe7a21e1dc0d" />
      <TestMethod codeBase="D:\v2.0\A1\_work\dbded102\bin\Release.AnyCPU\Tfs.Service\MS.TF.WorkItemTracking.Server.DataServices.L0.Tests\MS.TF.WorkItemTracking.Server.DataServices.L0.Tests.dll" adapterTypeName="Microsoft.VisualStudio.TestTools.TestTypes.Unit.UnitTestAdapter" className="MS.TF.Test.WorkItemTracking.ClientService.QueryResultSerializerTests" name="WorkItemLinkResultRecursiveKeepRootEntry" />
    </UnitTest>
    <UnitTest name="NoWiql" storage="d:\v2.0\a1\_work\dbded102\bin\release.anycpu\tfs.service\ms.tf.workitemtracking.server.dataservices.l0.tests\ms.tf.workitemtracking.server.dataservices.l0.tests.dll" id="9e7c6eaf-ff3b-d924-f0a2-bf90a2cade4a">
      <Execution id="a58c7f25-eede-43c9-9966-ebf22fff5182" />
      <TestMethod codeBase="D:\v2.0\A1\_work\dbded102\bin\Release.AnyCPU\Tfs.Service\MS.TF.WorkItemTracking.Server.DataServices.L0.Tests\MS.TF.WorkItemTracking.Server.DataServices.L0.Tests.dll" adapterTypeName="Microsoft.VisualStudio.TestTools.TestTypes.Unit.UnitTestAdapter" className="MS.TF.Test.WorkItemTracking.ClientService.Query.QueryWiqlDeserializerTests" name="NoWiql" />
    </UnitTest>
    <UnitTest name="WiqlWithNoContextNoDayPrecision" storage="d:\v2.0\a1\_work\dbded102\bin\release.anycpu\tfs.service\ms.tf.workitemtracking.server.dataservices.l0.tests\ms.tf.workitemtracking.server.dataservices.l0.tests.dll" id="ea5f2f1b-be59-a11d-372a-9266a2aeb295">
      <Execution id="bba55c23-61d3-47f5-9c96-b1ccf365a27b" />
      <TestMethod codeBase="D:\v2.0\A1\_work\dbded102\bin\Release.AnyCPU\Tfs.Service\MS.TF.WorkItemTracking.Server.DataServices.L0.Tests\MS.TF.WorkItemTracking.Server.DataServices.L0.Tests.dll" adapterTypeName="Microsoft.VisualStudio.TestTools.TestTypes.Unit.UnitTestAdapter" className="MS.TF.Test.WorkItemTracking.ClientService.Query.QueryWiqlDeserializerTests" name="WiqlWithNoContextNoDayPrecision" />
    </UnitTest>
    <UnitTest name="WiqlWithNoContext" storage="d:\v2.0\a1\_work\dbded102\bin\release.anycpu\tfs.service\ms.tf.workitemtracking.server.dataservices.l0.tests\ms.tf.workitemtracking.server.dataservices.l0.tests.dll" id="518fa816-c64a-f4d7-6044-20fe1c1a61b3">
      <Execution id="3e9abfad-26d4-439d-9120-a62e480fa8a6" />
      <TestMethod codeBase="D:\v2.0\A1\_work\dbded102\bin\Release.AnyCPU\Tfs.Service\MS.TF.WorkItemTracking.Server.DataServices.L0.Tests\MS.TF.WorkItemTracking.Server.DataServices.L0.Tests.dll" adapterTypeName="Microsoft.VisualStudio.TestTools.TestTypes.Unit.UnitTestAdapter" className="MS.TF.Test.WorkItemTracking.ClientService.Query.QueryWiqlDeserializerTests" name="WiqlWithNoContext" />
    </UnitTest>
    <UnitTest name="WiqlWithContextAndDayPrecision" storage="d:\v2.0\a1\_work\dbded102\bin\release.anycpu\tfs.service\ms.tf.workitemtracking.server.dataservices.l0.tests\ms.tf.workitemtracking.server.dataservices.l0.tests.dll" id="a13d62d7-efbc-5d9d-9fb9-bdb68f41cc44">
      <Execution id="30e26fc3-0e1f-4ae9-8978-0c7b56f87e4e" />
      <TestMethod codeBase="D:\v2.0\A1\_work\dbded102\bin\Release.AnyCPU\Tfs.Service\MS.TF.WorkItemTracking.Server.DataServices.L0.Tests\MS.TF.WorkItemTracking.Server.DataServices.L0.Tests.dll" adapterTypeName="Microsoft.VisualStudio.TestTools.TestTypes.Unit.UnitTestAdapter" className="MS.TF.Test.WorkItemTracking.ClientService.Query.QueryWiqlDeserializerTests" name="WiqlWithContextAndDayPrecision" />
    </UnitTest>
    <UnitTest name="GetStoredQueryItems" storage="d:\v2.0\a1\_work\dbded102\bin\release.anycpu\tfs.service\ms.tf.workitemtracking.server.dataservices.l0.tests\ms.tf.workitemtracking.server.dataservices.l0.tests.dll" id="84941bdd-3821-f035-a615-8a73323efec0">
      <Execution id="006b7bbb-9afb-43a8-b26b-e7e54b9149c2" />
      <TestMethod codeBase="D:\v2.0\A1\_work\dbded102\bin\Release.AnyCPU\Tfs.Service\MS.TF.WorkItemTracking.Server.DataServices.L0.Tests\MS.TF.WorkItemTracking.Server.DataServices.L0.Tests.dll" adapterTypeName="Microsoft.VisualStudio.TestTools.TestTypes.Unit.UnitTestAdapter" className="MS.TF.Test.WorkItemTracking.ClientService.QueryItemService.GetStoredQueryItemsTests" name="GetStoredQueryItems" />
    </UnitTest>
    <UnitTest name="GetStoredQueryItemsInvalidProjectId" storage="d:\v2.0\a1\_work\dbded102\bin\release.anycpu\tfs.service\ms.tf.workitemtracking.server.dataservices.l0.tests\ms.tf.workitemtracking.server.dataservices.l0.tests.dll" id="c26fc4ef-7728-b70f-0c59-80afeb42b535">
      <Execution id="4c3c83d3-62e5-4a72-9b1d-86c2b82a9c86" />
      <TestMethod codeBase="D:\v2.0\A1\_work\dbded102\bin\Release.AnyCPU\Tfs.Service\MS.TF.WorkItemTracking.Server.DataServices.L0.Tests\MS.TF.WorkItemTracking.Server.DataServices.L0.Tests.dll" adapterTypeName="Microsoft.VisualStudio.TestTools.TestTypes.Unit.UnitTestAdapter" className="MS.TF.Test.WorkItemTracking.ClientService.QueryItemService.GetStoredQueryItemsTests" name="GetStoredQueryItemsInvalidProjectId" />
    </UnitTest>
    <UnitTest name="GetStoredQueryItemsOutofRangeProjectId" storage="d:\v2.0\a1\_work\dbded102\bin\release.anycpu\tfs.service\ms.tf.workitemtracking.server.dataservices.l0.tests\ms.tf.workitemtracking.server.dataservices.l0.tests.dll" id="cc89d2d0-a770-f112-fe79-8f8e66e297cd">
      <Execution id="bd6aec2d-501f-428a-a1d7-257384eb20dd" />
      <TestMethod codeBase="D:\v2.0\A1\_work\dbded102\bin\Release.AnyCPU\Tfs.Service\MS.TF.WorkItemTracking.Server.DataServices.L0.Tests\MS.TF.WorkItemTracking.Server.DataServices.L0.Tests.dll" adapterTypeName="Microsoft.VisualStudio.TestTools.TestTypes.Unit.UnitTestAdapter" className="MS.TF.Test.WorkItemTracking.ClientService.QueryItemService.GetStoredQueryItemsTests" name="GetStoredQueryItemsOutofRangeProjectId" />
    </UnitTest>
    <UnitTest name="GetStoredQueries" storage="d:\v2.0\a1\_work\dbded102\bin\release.anycpu\tfs.service\ms.tf.workitemtracking.server.dataservices.l0.tests\ms.tf.workitemtracking.server.dataservices.l0.tests.dll" id="ea5e72ef-090d-cec7-624b-2c5c517170f5">
      <Execution id="e984f4b2-f04c-4562-b213-3f18a44c3b1c" />
      <TestMethod codeBase="D:\v2.0\A1\_work\dbded102\bin\Release.AnyCPU\Tfs.Service\MS.TF.WorkItemTracking.Server.DataServices.L0.Tests\MS.TF.WorkItemTracking.Server.DataServices.L0.Tests.dll" adapterTypeName="Microsoft.VisualStudio.TestTools.TestTypes.Unit.UnitTestAdapter" className="MS.TF.Test.WorkItemTracking.ClientService.QueryItemService.GetStoredQueryItemsTests" name="GetStoredQueries" />
    </UnitTest>
    <UnitTest name="GetStoredQueriesInvalidProjectId" storage="d:\v2.0\a1\_work\dbded102\bin\release.anycpu\tfs.service\ms.tf.workitemtracking.server.dataservices.l0.tests\ms.tf.workitemtracking.server.dataservices.l0.tests.dll" id="3e7992bf-079c-d1f4-169c-e1b155ff9969">
      <Execution id="1483a6bb-ec5c-45f3-8a88-5fecc7dba5cc" />
      <TestMethod codeBase="D:\v2.0\A1\_work\dbded102\bin\Release.AnyCPU\Tfs.Service\MS.TF.WorkItemTracking.Server.DataServices.L0.Tests\MS.TF.WorkItemTracking.Server.DataServices.L0.Tests.dll" adapterTypeName="Microsoft.VisualStudio.TestTools.TestTypes.Unit.UnitTestAdapter" className="MS.TF.Test.WorkItemTracking.ClientService.QueryItemService.GetStoredQueryItemsTests" name="GetStoredQueriesInvalidProjectId" />
    </UnitTest>
    <UnitTest name="GetStoredQueriesOutofRangeProjectId" storage="d:\v2.0\a1\_work\dbded102\bin\release.anycpu\tfs.service\ms.tf.workitemtracking.server.dataservices.l0.tests\ms.tf.workitemtracking.server.dataservices.l0.tests.dll" id="0c9b7f21-fc73-c1d1-075c-2855e77d983f">
      <Execution id="e93243d0-95d9-4e8d-9c57-8c4f56c2f538" />
      <TestMethod codeBase="D:\v2.0\A1\_work\dbded102\bin\Release.AnyCPU\Tfs.Service\MS.TF.WorkItemTracking.Server.DataServices.L0.Tests\MS.TF.WorkItemTracking.Server.DataServices.L0.Tests.dll" adapterTypeName="Microsoft.VisualStudio.TestTools.TestTypes.Unit.UnitTestAdapter" className="MS.TF.Test.WorkItemTracking.ClientService.QueryItemService.GetStoredQueryItemsTests" name="GetStoredQueriesOutofRangeProjectId" />
    </UnitTest>
  </TestDefinitions>
  <TestEntries>
    <TestEntry testId="20a60ec9-b7bc-2fc6-afda-ea8fe5b4a2b9" executionId="6dc32b1e-c05b-440c-9b94-cdc8f880b1ab" testListId="8c84fa94-04c1-424b-9868-57a2d4851a1d" />
    <TestEntry testId="68a0790f-27ac-0732-4a52-d9a5a04f7d62" executionId="e2332c53-59c0-4e36-9f11-97b9d1bead5a" testListId="8c84fa94-04c1-424b-9868-57a2d4851a1d" />
    <TestEntry testId="bfacb697-592a-b81b-9daa-51ac7f68b3cb" executionId="3630b4e2-65c6-41ea-b034-b851e4955468" testListId="8c84fa94-04c1-424b-9868-57a2d4851a1d" />
    <TestEntry testId="926700cc-a8ac-2dd0-9906-661718fa5ab6" executionId="e01be0b7-3c09-498a-9b30-c651705a8827" testListId="8c84fa94-04c1-424b-9868-57a2d4851a1d" />
    <TestEntry testId="4c17df40-0def-353b-b447-6abed5be050d" executionId="b81ae574-28c8-4953-ac15-0b763c72cb74" testListId="8c84fa94-04c1-424b-9868-57a2d4851a1d" />
    <TestEntry testId="eb030da8-7174-e9a0-77e3-cba42702155c" executionId="8e095ec8-5123-4492-af3d-23f8818af888" testListId="8c84fa94-04c1-424b-9868-57a2d4851a1d" />
    <TestEntry testId="c2b34b31-26b2-664d-05b2-839e77920f53" executionId="03eac105-4c93-4089-a72c-15e198a92e4f" testListId="8c84fa94-04c1-424b-9868-57a2d4851a1d" />
    <TestEntry testId="0526af8e-aa24-3cb5-2817-16faf199d682" executionId="94aaf29b-076d-4eb0-a20d-be57bad147c4" testListId="8c84fa94-04c1-424b-9868-57a2d4851a1d" />
    <TestEntry testId="458f74d9-e65d-04bf-4dc2-56f7d6e50601" executionId="ae4a92b3-4cf6-4f8b-aa27-44748928103f" testListId="8c84fa94-04c1-424b-9868-57a2d4851a1d" />
    <TestEntry testId="d2cbc659-e45c-7f32-7428-feb2d147592c" executionId="573c982c-210f-4d37-8e77-69a5ed374b6d" testListId="8c84fa94-04c1-424b-9868-57a2d4851a1d" />
    <TestEntry testId="94f4fd5e-3934-806c-e93e-29c2eb706c8f" executionId="c9414dc3-8a4b-4bb1-afbc-bf6bdb5f8112" testListId="8c84fa94-04c1-424b-9868-57a2d4851a1d" />
    <TestEntry testId="c2b89998-28be-e856-879f-4c3850736e96" executionId="4abaa463-e695-46e3-9ac4-bb80c2957dd8" testListId="8c84fa94-04c1-424b-9868-57a2d4851a1d" />
    <TestEntry testId="bc47b540-1bf3-ffdc-4ca1-c1bb7342f055" executionId="ad07a30e-8b9e-4beb-9931-bcdd395a19fb" testListId="8c84fa94-04c1-424b-9868-57a2d4851a1d" />
    <TestEntry testId="e727bf2f-f188-578f-55c6-d27de3e3290c" executionId="2c3cd583-07ca-4bbf-818a-290a526db9a8" testListId="8c84fa94-04c1-424b-9868-57a2d4851a1d" />
    <TestEntry testId="9e344212-c379-df25-d4d0-324d2a5503c8" executionId="1091a587-d6c0-4944-92e8-a0d426e059c0" testListId="8c84fa94-04c1-424b-9868-57a2d4851a1d" />
    <TestEntry testId="7c1a3328-3e48-3906-2ecd-7aa90f2a2053" executionId="c65e290f-5294-4516-9c46-556c90ddea52" testListId="8c84fa94-04c1-424b-9868-57a2d4851a1d" />
    <TestEntry testId="a69963ca-de1c-423e-0611-e0837af579d9" executionId="d116afb5-513c-485b-91a6-e6e93d2cf6bd" testListId="8c84fa94-04c1-424b-9868-57a2d4851a1d" />
    <TestEntry testId="1e7e181f-af71-b0a6-1cec-146c888e6fd1" executionId="31cde9df-5d54-4030-a31d-8ced14bd71e8" testListId="8c84fa94-04c1-424b-9868-57a2d4851a1d" />
    <TestEntry testId="1b7badfa-c8b6-7d52-d023-82145b227a36" executionId="b1e14071-eb48-47f0-80ca-4f84fee3e0fe" testListId="8c84fa94-04c1-424b-9868-57a2d4851a1d" />
    <TestEntry testId="31cc4fc8-c787-8835-1d63-383ffc00182e" executionId="f808e039-7d9b-4206-bcda-c2c9b3d2e30d" testListId="8c84fa94-04c1-424b-9868-57a2d4851a1d" />
    <TestEntry testId="e43aeb10-104c-2e18-4124-f4b920367ca0" executionId="7ae1f599-f3a5-47bd-9ffc-5a7b2a782414" testListId="8c84fa94-04c1-424b-9868-57a2d4851a1d" />
    <TestEntry testId="02c92501-1db1-de50-dad9-490e9ae8d03f" executionId="4b7b027c-1b3c-4fea-9b4d-ad402c892f6a" testListId="8c84fa94-04c1-424b-9868-57a2d4851a1d" />
    <TestEntry testId="0e9d3f58-349b-0af1-e1f9-ea397238586a" executionId="456681fa-bda5-4e3b-a608-2ac810e63843" testListId="8c84fa94-04c1-424b-9868-57a2d4851a1d" />
    <TestEntry testId="89256860-0bc5-6e9a-8ac7-47cf4222af11" executionId="b4a1f79b-9906-48de-81a0-ac1bcc63ff58" testListId="8c84fa94-04c1-424b-9868-57a2d4851a1d" />
    <TestEntry testId="0ecd0892-cdbf-8e33-b144-84e54cab9dcd" executionId="0eaf8e6a-f4d8-4625-9470-ea57aba0686d" testListId="8c84fa94-04c1-424b-9868-57a2d4851a1d" />
    <TestEntry testId="49d139ca-7041-365a-d5b1-0a45f44003cd" executionId="941a1a64-f873-4659-b364-90df967d7713" testListId="8c84fa94-04c1-424b-9868-57a2d4851a1d" />
    <TestEntry testId="46718e16-5943-e482-7238-35bf1eb0527c" executionId="cd915dbe-94fe-4a3c-8ca5-9c4b109c24be" testListId="8c84fa94-04c1-424b-9868-57a2d4851a1d" />
    <TestEntry testId="5e2216bc-de83-c5ab-6691-79eda2d170f0" executionId="c62a0dae-3343-4c2a-9372-5a1f6e0207e4" testListId="8c84fa94-04c1-424b-9868-57a2d4851a1d" />
    <TestEntry testId="156ff137-5b9b-4343-b360-c88e7e1a6f8c" executionId="a412c1bc-f1cf-4034-aa59-7e1ed5320409" testListId="8c84fa94-04c1-424b-9868-57a2d4851a1d" />
    <TestEntry testId="51095d6f-928a-7b2e-7646-f89f1352d915" executionId="d557a51d-8c82-475c-b2f4-0edc1a9e9382" testListId="8c84fa94-04c1-424b-9868-57a2d4851a1d" />
    <TestEntry testId="b618691a-2540-1d3b-714c-9daf974d967c" executionId="f4524c26-c11f-4653-a781-bba2defea715" testListId="8c84fa94-04c1-424b-9868-57a2d4851a1d" />
    <TestEntry testId="e1728574-785c-c25b-5d87-966fcf9dc54e" executionId="4e910f1b-3948-4ddc-ac77-8bfba0ea028c" testListId="8c84fa94-04c1-424b-9868-57a2d4851a1d" />
    <TestEntry testId="170857aa-9e47-29bf-5db5-8915dcb4ef46" executionId="1d3c0a85-9c10-42ec-9447-b7f3be488f13" testListId="8c84fa94-04c1-424b-9868-57a2d4851a1d" />
    <TestEntry testId="916f14a6-b6b6-d90d-501a-b9dc9f2cf846" executionId="f2a087d6-f675-4818-b9be-36b61a4f2f2c" testListId="8c84fa94-04c1-424b-9868-57a2d4851a1d" />
    <TestEntry testId="6a296a48-56cf-2342-aa07-802f7331b20d" executionId="c857448c-2b88-41a0-a003-4169f8890de6" testListId="8c84fa94-04c1-424b-9868-57a2d4851a1d" />
    <TestEntry testId="88018b2b-de20-a736-1fda-8d55c2470073" executionId="fb39f96f-36e3-4acb-8f83-9f3b711edba7" testListId="8c84fa94-04c1-424b-9868-57a2d4851a1d" />
    <TestEntry testId="e03d8d0e-8194-4f3c-8ed9-573eb601258a" executionId="3d55ff33-978e-4dee-8f03-f0ab65d7ae8d" testListId="8c84fa94-04c1-424b-9868-57a2d4851a1d" />
    <TestEntry testId="24debf4d-8092-4a7e-479a-5bd91134bb29" executionId="9cb9fb74-9d34-45ac-a249-b1f6d2ba2125" testListId="8c84fa94-04c1-424b-9868-57a2d4851a1d" />
    <TestEntry testId="0f9a643d-9384-12b9-20ce-3e0edd04902b" executionId="b52fac3a-78c0-4fb1-a3fd-64e15bf86184" testListId="8c84fa94-04c1-424b-9868-57a2d4851a1d" />
    <TestEntry testId="eedc4dee-3ebd-22d5-1379-579755a24ecd" executionId="a5db7a44-3750-4ff6-8001-1f59e2437f9b" testListId="8c84fa94-04c1-424b-9868-57a2d4851a1d" />
    <TestEntry testId="84772d2a-ddba-2d3a-4a88-dfceb4910467" executionId="59cdee12-a568-4e29-b02b-24139ab3b3b8" testListId="8c84fa94-04c1-424b-9868-57a2d4851a1d" />
    <TestEntry testId="8af824ce-8f20-a552-7165-7f5ef84b367e" executionId="ea69f519-1ec9-4a0b-ad66-1f826631d38d" testListId="8c84fa94-04c1-424b-9868-57a2d4851a1d" />
    <TestEntry testId="fd44c114-2e8f-1d64-2a91-4bd89bf45a33" executionId="23f6c00a-484d-4052-9802-30ca9c77cc12" testListId="8c84fa94-04c1-424b-9868-57a2d4851a1d" />
    <TestEntry testId="964d8145-43fb-be90-3331-bd15767b0f5a" executionId="3782e38a-284b-4e9d-90ec-e671f2ca9d76" testListId="8c84fa94-04c1-424b-9868-57a2d4851a1d" />
    <TestEntry testId="1035ed8f-fa64-361a-5325-220743c04c0e" executionId="18811697-9634-4b2e-8f2c-de17da2918c3" testListId="8c84fa94-04c1-424b-9868-57a2d4851a1d" />
    <TestEntry testId="a89b85cc-e744-e405-b595-df56a13dddc5" executionId="fca3d343-50be-4973-b627-d3e528955a15" testListId="8c84fa94-04c1-424b-9868-57a2d4851a1d" />
    <TestEntry testId="9f98e655-c865-a15f-a255-f8b2a6b7c05b" executionId="8ce3ac54-ddb0-431e-83a5-5f6b30fa1ce1" testListId="8c84fa94-04c1-424b-9868-57a2d4851a1d" />
    <TestEntry testId="164fee16-75ae-6e12-ff39-830e3e7b17ad" executionId="4519a8ad-c6d6-4d3f-a293-dcabe8e3c39a" testListId="8c84fa94-04c1-424b-9868-57a2d4851a1d" />
    <TestEntry testId="177140e2-203d-0594-f38e-42780503b87d" executionId="85fa4a55-7a1a-41b2-b17a-cc08ca3c0e6c" testListId="8c84fa94-04c1-424b-9868-57a2d4851a1d" />
    <TestEntry testId="9a757d5a-af7c-283b-7ef7-75e404a98c6f" executionId="5ab8bb83-2b5e-4592-89c9-e38382f4e450" testListId="8c84fa94-04c1-424b-9868-57a2d4851a1d" />
    <TestEntry testId="811e9e2d-ba3c-63ee-43e9-35cbec230362" executionId="0dcf3569-6d5e-4063-9474-238d5e19712c" testListId="8c84fa94-04c1-424b-9868-57a2d4851a1d" />
    <TestEntry testId="bd746ca4-cb3f-7b6f-bd48-f0a817e3b8af" executionId="a5f3a7f8-498a-429b-aa2f-e229677491a8" testListId="8c84fa94-04c1-424b-9868-57a2d4851a1d" />
    <TestEntry testId="65e17e08-bf99-17f4-8c14-b105940301dd" executionId="a824931f-f8a1-4bf5-b0c5-b824d1585cdb" testListId="8c84fa94-04c1-424b-9868-57a2d4851a1d" />
    <TestEntry testId="0928c698-d9b9-280b-00bc-a5f3e0efbc3b" executionId="505baf7c-8fd3-4983-8272-14375ea7a66c" testListId="8c84fa94-04c1-424b-9868-57a2d4851a1d" />
    <TestEntry testId="176eba66-ce25-4ba0-0a32-8d0f885b9c5d" executionId="59c1ba70-6182-402c-b4fa-3024c7c01edd" testListId="8c84fa94-04c1-424b-9868-57a2d4851a1d" />
    <TestEntry testId="7af1e2b2-b36f-4ae2-34c4-4c9ba2579807" executionId="956edf49-4cdb-406a-919c-196414a27fa7" testListId="8c84fa94-04c1-424b-9868-57a2d4851a1d" />
    <TestEntry testId="d1bade99-6951-136d-6beb-074f6da3d97b" executionId="9947c6b6-2f95-4685-8c69-f7de7fbcb7b1" testListId="8c84fa94-04c1-424b-9868-57a2d4851a1d" />
    <TestEntry testId="c5af3c45-2dc8-eea1-fb39-c71e414b38d9" executionId="fd17c43e-57bd-4f59-8724-edc52fb2a767" testListId="8c84fa94-04c1-424b-9868-57a2d4851a1d" />
    <TestEntry testId="c17b61d8-2970-c662-f6bf-6eb0c24b5f7a" executionId="46b87c9d-b2a5-471a-be32-b3cf2e60d9a2" testListId="8c84fa94-04c1-424b-9868-57a2d4851a1d" />
    <TestEntry testId="a48fe974-8e77-236f-3b8d-8457adc7598f" executionId="dc64c731-66b1-4224-add4-6b4233c73fef" testListId="8c84fa94-04c1-424b-9868-57a2d4851a1d" />
    <TestEntry testId="c4210820-def6-5e0f-dbd7-b52ca14fee23" executionId="87ad5973-adf8-4be3-8859-11ff02b94b56" testListId="8c84fa94-04c1-424b-9868-57a2d4851a1d" />
    <TestEntry testId="5d189304-40f0-d441-af76-56d1214f78f2" executionId="92920119-7511-4eb3-97e7-ad974dd14766" testListId="8c84fa94-04c1-424b-9868-57a2d4851a1d" />
    <TestEntry testId="b910491d-8c36-a84f-0174-6c71ba724caa" executionId="bfd72e1e-6728-447b-97cb-087b1d65a570" testListId="8c84fa94-04c1-424b-9868-57a2d4851a1d" />
    <TestEntry testId="98865876-8fdc-6500-63b4-5489885351e6" executionId="66d0953c-e2df-428e-b292-7a32bfea9742" testListId="8c84fa94-04c1-424b-9868-57a2d4851a1d" />
    <TestEntry testId="29750eba-140c-54ae-90bc-2f1f8d4e3060" executionId="cf6383b2-9590-4ca5-a578-ff524456b18b" testListId="8c84fa94-04c1-424b-9868-57a2d4851a1d" />
    <TestEntry testId="c6bc2908-0d51-cc33-31f9-fd4c38180bcd" executionId="0492ee2c-2e02-47fd-bfca-04ece0a599ec" testListId="8c84fa94-04c1-424b-9868-57a2d4851a1d" />
    <TestEntry testId="a8854710-7783-4147-3c06-b1c38c523f1f" executionId="d96770b3-eade-40e6-bd87-15f4ab6df47b" testListId="8c84fa94-04c1-424b-9868-57a2d4851a1d" />
    <TestEntry testId="9b63e345-3b51-20c6-429f-812e2755b3ce" executionId="ccc99d23-502e-450b-b05e-2458ce314ad9" testListId="8c84fa94-04c1-424b-9868-57a2d4851a1d" />
    <TestEntry testId="a72ac002-9c8b-a7d1-ebc7-4739deae4f79" executionId="707d797e-992c-45ee-92e8-659ae190fe74" testListId="8c84fa94-04c1-424b-9868-57a2d4851a1d" />
    <TestEntry testId="dacd8180-b3f3-9a6c-1f60-9e6bd8d5cccb" executionId="b90a6979-8481-4fa4-80d0-0426f0a3a2e5" testListId="8c84fa94-04c1-424b-9868-57a2d4851a1d" />
    <TestEntry testId="bd15a907-72dd-79fb-bb77-b96596401f59" executionId="7a1b9ba2-f7fd-4d91-aac2-fa52ec06fac9" testListId="8c84fa94-04c1-424b-9868-57a2d4851a1d" />
    <TestEntry testId="4db4710b-efe3-04ad-6fc5-e70ff7d1d362" executionId="a905314e-81a9-41cb-946e-6af4f535bc30" testListId="8c84fa94-04c1-424b-9868-57a2d4851a1d" />
    <TestEntry testId="79418503-ac19-4183-1db4-1940459d69e4" executionId="1afaaa34-db4e-43ab-8333-2293fabda0fd" testListId="8c84fa94-04c1-424b-9868-57a2d4851a1d" />
    <TestEntry testId="98d71904-f380-9a67-99d4-94b32d469ec2" executionId="f84d8d44-07e8-4711-bcd4-d4863367f65c" testListId="8c84fa94-04c1-424b-9868-57a2d4851a1d" />
    <TestEntry testId="2acf1188-6d7f-cd4f-2ef9-aa87c87aff50" executionId="1c41801e-18f5-423c-9594-f1d06fd97297" testListId="8c84fa94-04c1-424b-9868-57a2d4851a1d" />
    <TestEntry testId="517526d4-7836-be7c-cbf4-4e3b8b8390d9" executionId="417ba81b-f5a8-47e1-a625-a937699620c9" testListId="8c84fa94-04c1-424b-9868-57a2d4851a1d" />
    <TestEntry testId="ecf55c92-4cd6-8ab2-7844-b742422cc86a" executionId="318b6d06-83ef-4be7-91fb-89ca2979c19c" testListId="8c84fa94-04c1-424b-9868-57a2d4851a1d" />
    <TestEntry testId="bcb3e26f-4dd5-b16b-16b3-fba966cc7982" executionId="0d4c3f66-3489-4030-b9cc-dc2f21f30b93" testListId="8c84fa94-04c1-424b-9868-57a2d4851a1d" />
    <TestEntry testId="68609a8c-92d1-917f-e34e-0fdcd5cf7e8d" executionId="7b02c33c-f0da-4476-adac-d427d3f37e9c" testListId="8c84fa94-04c1-424b-9868-57a2d4851a1d" />
    <TestEntry testId="7a57e9d2-d790-caa2-abf5-42dafed5406a" executionId="13a84f53-a273-42c4-a831-862a8dede74a" testListId="8c84fa94-04c1-424b-9868-57a2d4851a1d" />
    <TestEntry testId="81240b92-41a5-c57e-30c5-0806f10e4820" executionId="704a0482-ad36-4554-8923-96be0c79be3f" testListId="8c84fa94-04c1-424b-9868-57a2d4851a1d" />
    <TestEntry testId="6e4f8609-ab99-3f6e-78c2-706ccdf2c2b0" executionId="22371e78-6c48-4081-8c95-78e9da54f38a" testListId="8c84fa94-04c1-424b-9868-57a2d4851a1d" />
    <TestEntry testId="cc321d92-d220-975e-c0dc-b8033caa3a8b" executionId="8e65f854-3656-4b3c-9cbe-deed27683887" testListId="8c84fa94-04c1-424b-9868-57a2d4851a1d" />
    <TestEntry testId="f896eba1-1cc4-b023-069a-96391b29de4f" executionId="2e0c9028-e28b-4f13-a79a-907bd5fbabc3" testListId="8c84fa94-04c1-424b-9868-57a2d4851a1d" />
    <TestEntry testId="584c03cd-bd14-aeeb-3451-9adb19d8ac27" executionId="edd05ae5-457c-42d1-9ba3-b564be778615" testListId="8c84fa94-04c1-424b-9868-57a2d4851a1d" />
    <TestEntry testId="138fa61b-c4da-88c9-e847-c7253d0596a3" executionId="08e1cf52-15da-4f9c-a1b6-db06bd17dcc8" testListId="8c84fa94-04c1-424b-9868-57a2d4851a1d" />
    <TestEntry testId="cbaff298-09f5-369d-361a-449c9fb6ac98" executionId="5e6bcc39-922a-4c08-83a2-0e439c8e1bc9" testListId="8c84fa94-04c1-424b-9868-57a2d4851a1d" />
    <TestEntry testId="44d0a1c1-fd07-6f0f-9409-6ffb93985e1a" executionId="78af1049-1e26-4069-a0db-64da6833522c" testListId="8c84fa94-04c1-424b-9868-57a2d4851a1d" />
    <TestEntry testId="cc0a4130-cdc5-eac3-3c64-bfccead95629" executionId="91224e54-a82e-4033-aaf7-3d93110cc939" testListId="8c84fa94-04c1-424b-9868-57a2d4851a1d" />
    <TestEntry testId="575c0a1f-154d-2f9c-fad3-a8445549cf96" executionId="6024a1f0-4cb1-432a-8278-92e3cb282d79" testListId="8c84fa94-04c1-424b-9868-57a2d4851a1d" />
    <TestEntry testId="bc029144-0077-8aef-819d-863b402566fc" executionId="4b885735-5a3c-47ec-98de-8530423ed370" testListId="8c84fa94-04c1-424b-9868-57a2d4851a1d" />
    <TestEntry testId="442feae1-52bb-d0c2-a92c-d0b01e72cf24" executionId="f2189471-6026-4112-93b7-54bda88cef51" testListId="8c84fa94-04c1-424b-9868-57a2d4851a1d" />
    <TestEntry testId="51f74ca9-4fef-74f9-7d56-6b6a211f28f9" executionId="2e498196-a97a-4a9a-9867-15fe56bfa931" testListId="8c84fa94-04c1-424b-9868-57a2d4851a1d" />
    <TestEntry testId="34c852b5-5871-5b8b-59ec-469856529a49" executionId="e2e8afb9-0fa3-4b9a-883a-0552c3618c56" testListId="8c84fa94-04c1-424b-9868-57a2d4851a1d" />
    <TestEntry testId="d412062e-dfac-1b38-1b6b-6d35108c6600" executionId="82affdf6-771a-45a6-b45d-ec754706e4c7" testListId="8c84fa94-04c1-424b-9868-57a2d4851a1d" />
    <TestEntry testId="38f37734-773b-39a9-5db7-e9c7fb6aa735" executionId="49ab6ca9-9ae3-4143-8788-7e92d52c2b52" testListId="8c84fa94-04c1-424b-9868-57a2d4851a1d" />
    <TestEntry testId="0b656b7c-9ff8-290c-7d6c-0b52548c8359" executionId="83d08843-6d3e-4abc-9d6f-9a0d4b0f556e" testListId="8c84fa94-04c1-424b-9868-57a2d4851a1d" />
    <TestEntry testId="41148008-7a04-9bb2-71b9-1f48081f7072" executionId="5c8f2b3a-fa18-41d3-a7d3-8d5edc7bf604" testListId="8c84fa94-04c1-424b-9868-57a2d4851a1d" />
    <TestEntry testId="80f7a4be-7943-c2c0-d87b-729939137fc7" executionId="34808fe7-0989-496a-8054-8a0460e217df" testListId="8c84fa94-04c1-424b-9868-57a2d4851a1d" />
    <TestEntry testId="fa2a53c1-9af0-9b93-69b5-3b2d6a447002" executionId="638b8909-5fcd-475a-87bc-e2439f3ce05d" testListId="8c84fa94-04c1-424b-9868-57a2d4851a1d" />
    <TestEntry testId="cca6dabb-ccfd-6d93-72f6-b807f60517c4" executionId="cd310b87-70c4-4478-9419-4703b549599d" testListId="8c84fa94-04c1-424b-9868-57a2d4851a1d" />
    <TestEntry testId="fb65c569-8d38-ef24-b0de-fd64a794a0a1" executionId="1b1ac775-830a-433b-9274-be5a0b6bb38f" testListId="8c84fa94-04c1-424b-9868-57a2d4851a1d" />
    <TestEntry testId="68881bec-43d0-3092-e932-3c3def90a3ee" executionId="9ad26f59-7380-4709-b39d-1258bbff7bc2" testListId="8c84fa94-04c1-424b-9868-57a2d4851a1d" />
    <TestEntry testId="1a1a69fe-297a-e88b-c7d9-01053f8242fd" executionId="36705ded-dc14-4b8c-a773-a534658145bb" testListId="8c84fa94-04c1-424b-9868-57a2d4851a1d" />
    <TestEntry testId="d4fbd6cf-be45-3591-07c0-0b63bbf55047" executionId="80356176-cf24-4f6a-ae1b-5601f890260d" testListId="8c84fa94-04c1-424b-9868-57a2d4851a1d" />
    <TestEntry testId="c3fffbe8-4819-e9d7-74e8-75814aadc7a9" executionId="19c003dc-766e-45db-9390-93a42cf7ac2b" testListId="8c84fa94-04c1-424b-9868-57a2d4851a1d" />
    <TestEntry testId="5982c033-e813-c0cd-e65c-b45513dc845a" executionId="b0490645-104e-4dbd-9663-10ac05a7c6fa" testListId="8c84fa94-04c1-424b-9868-57a2d4851a1d" />
    <TestEntry testId="ec3242d2-7a45-4092-ae9e-3761ebae0c4d" executionId="e187d604-a3dc-4020-a7f6-06e0761b4e3c" testListId="8c84fa94-04c1-424b-9868-57a2d4851a1d" />
    <TestEntry testId="f1172048-5be5-beaf-7190-10b0f465237d" executionId="08e88ae2-f96b-418f-a3db-f601d33e4283" testListId="8c84fa94-04c1-424b-9868-57a2d4851a1d" />
    <TestEntry testId="d04176c2-603f-f9f5-9bad-f091a80d9cfc" executionId="4df4d63a-5824-4feb-b22d-6d09b8e8ce48" testListId="8c84fa94-04c1-424b-9868-57a2d4851a1d" />
    <TestEntry testId="b578fadb-7377-4053-331b-3a9923162467" executionId="9a194a6f-bd5d-4a6a-9ca6-89487d01af23" testListId="8c84fa94-04c1-424b-9868-57a2d4851a1d" />
    <TestEntry testId="102fc4cf-dcee-40c5-b231-937c7bac7ff1" executionId="ed99064f-7f42-4e0d-8a1a-7bc1c96e1fd9" testListId="8c84fa94-04c1-424b-9868-57a2d4851a1d" />
    <TestEntry testId="3306bda3-36e6-4b04-9ea5-3afc1050bc7e" executionId="e83419d6-5e8a-4e7c-aceb-8b8cb96e354a" testListId="8c84fa94-04c1-424b-9868-57a2d4851a1d" />
    <TestEntry testId="dd6828a7-7280-4474-0637-ba6d462ff1de" executionId="bb7c916a-48f3-438c-9a00-5f3855887cdd" testListId="8c84fa94-04c1-424b-9868-57a2d4851a1d" />
    <TestEntry testId="0b7f12f7-cdb8-6e39-f741-4574bec42c26" executionId="26f71cf3-0ce6-4244-bb40-545ec606fbf3" testListId="8c84fa94-04c1-424b-9868-57a2d4851a1d" />
    <TestEntry testId="dd96ecc5-8605-9f2a-ddb9-02e6ba371e1d" executionId="c099a87a-eca5-4e52-b790-89a11ee04e1f" testListId="8c84fa94-04c1-424b-9868-57a2d4851a1d" />
    <TestEntry testId="49749edc-dbb2-f42f-0002-8443c4397239" executionId="b171439b-8b13-4739-b6d9-cb55b5c3338d" testListId="8c84fa94-04c1-424b-9868-57a2d4851a1d" />
    <TestEntry testId="1b80fcfb-fcf6-1e36-19e9-d8b3a06857b5" executionId="aa77a256-000d-44f6-9626-fe7a21e1dc0d" testListId="8c84fa94-04c1-424b-9868-57a2d4851a1d" />
    <TestEntry testId="9e7c6eaf-ff3b-d924-f0a2-bf90a2cade4a" executionId="a58c7f25-eede-43c9-9966-ebf22fff5182" testListId="8c84fa94-04c1-424b-9868-57a2d4851a1d" />
    <TestEntry testId="ea5f2f1b-be59-a11d-372a-9266a2aeb295" executionId="bba55c23-61d3-47f5-9c96-b1ccf365a27b" testListId="8c84fa94-04c1-424b-9868-57a2d4851a1d" />
    <TestEntry testId="518fa816-c64a-f4d7-6044-20fe1c1a61b3" executionId="3e9abfad-26d4-439d-9120-a62e480fa8a6" testListId="8c84fa94-04c1-424b-9868-57a2d4851a1d" />
    <TestEntry testId="a13d62d7-efbc-5d9d-9fb9-bdb68f41cc44" executionId="30e26fc3-0e1f-4ae9-8978-0c7b56f87e4e" testListId="8c84fa94-04c1-424b-9868-57a2d4851a1d" />
    <TestEntry testId="84941bdd-3821-f035-a615-8a73323efec0" executionId="006b7bbb-9afb-43a8-b26b-e7e54b9149c2" testListId="8c84fa94-04c1-424b-9868-57a2d4851a1d" />
    <TestEntry testId="c26fc4ef-7728-b70f-0c59-80afeb42b535" executionId="4c3c83d3-62e5-4a72-9b1d-86c2b82a9c86" testListId="8c84fa94-04c1-424b-9868-57a2d4851a1d" />
    <TestEntry testId="cc89d2d0-a770-f112-fe79-8f8e66e297cd" executionId="bd6aec2d-501f-428a-a1d7-257384eb20dd" testListId="8c84fa94-04c1-424b-9868-57a2d4851a1d" />
    <TestEntry testId="ea5e72ef-090d-cec7-624b-2c5c517170f5" executionId="e984f4b2-f04c-4562-b213-3f18a44c3b1c" testListId="8c84fa94-04c1-424b-9868-57a2d4851a1d" />
    <TestEntry testId="3e7992bf-079c-d1f4-169c-e1b155ff9969" executionId="1483a6bb-ec5c-45f3-8a88-5fecc7dba5cc" testListId="8c84fa94-04c1-424b-9868-57a2d4851a1d" />
    <TestEntry testId="0c9b7f21-fc73-c1d1-075c-2855e77d983f" executionId="e93243d0-95d9-4e8d-9c57-8c4f56c2f538" testListId="8c84fa94-04c1-424b-9868-57a2d4851a1d" />
  </TestEntries>
  <TestLists>
    <TestList name="Results Not in a List" id="8c84fa94-04c1-424b-9868-57a2d4851a1d" />
    <TestList name="All Loaded Results" id="19431567-8539-422a-85d7-44ee4e166bda" />
  </TestLists>
  <ResultSummary outcome="Completed">
    <Counters total="128" executed="128" passed="128" failed="0" error="0" timeout="0" aborted="0" inconclusive="0" passedButRunAborted="0" notRunnable="0" notExecuted="0" disconnected="0" warning="0" completed="0" inProgress="0" pending="0" />
  </ResultSummary>
</TestRun>