<?xml version="1.0" encoding="UTF-8"?>
<TestRun id="0f395314-d7ab-401a-8582-96659ed0a78d" name="tfsmladm@TFSBUILD11 2015-09-28 09:43:18" runUser="REDMOND\tfsmladm" xmlns="http://microsoft.com/schemas/VisualStudio/TeamTest/2010">
  <Times creation="2015-09-28T09:43:18.9833924-07:00" queuing="2015-09-28T09:43:18.9833924-07:00" start="2015-09-28T09:43:18.9833924-07:00" finish="2015-09-28T09:43:21.2960569-07:00" />
  <TestSettings name="default" id="50967ed3-4e76-48b8-809b-0564772462f5">
    <Execution>
      <TestTypeSpecific />
    </Execution>
    <Deployment runDeploymentRoot="tfsmladm_TFSBUILD11 2015-09-28 09_43_18" />
    <Properties />
  </TestSettings>
  <Results>
    <UnitTestResult executionId="d5c5b267-da1f-4126-a23b-90666537680f" testId="b2ffb25d-6f1e-b9b4-1974-e734d5f12431" testName="AuthorizationScopeUri_Constructor_WhenNullUri" computerName="TFSBUILD11" duration="00:00:00.0306260" startTime="2015-09-28T09:43:18.8271313-07:00" endTime="2015-09-28T09:43:18.9052619-07:00" testType="13cdc9d9-ddb5-4fa4-a97d-d965ccfc6d4b" outcome="Passed" testListId="8c84fa94-04c1-424b-9868-57a2d4851a1d" relativeResultsDirectory="d5c5b267-da1f-4126-a23b-90666537680f" />
    <UnitTestResult executionId="e6a6dbed-4e39-44b3-ac1e-f2833dcf2354" testId="2cfee36a-100c-4f6f-5ff2-cd128e884f22" testName="AuthorizationScopeUri_Constructor_WhenStringNull" computerName="TFSBUILD11" duration="00:00:00.0027445" startTime="2015-09-28T09:43:18.9208877-07:00" endTime="2015-09-28T09:43:18.9208877-07:00" testType="13cdc9d9-ddb5-4fa4-a97d-d965ccfc6d4b" outcome="Passed" testListId="8c84fa94-04c1-424b-9868-57a2d4851a1d" relativeResultsDirectory="e6a6dbed-4e39-44b3-ac1e-f2833dcf2354" />
    <UnitTestResult executionId="3b04dc0b-df0c-470f-aaac-73441bbd6d77" testId="55153749-43ee-de4c-e263-61ebbb1f30da" testName="AuthorizationScopeUri_Constructor_WhenStringEmpty" computerName="TFSBUILD11" duration="00:00:00.0003552" startTime="2015-09-28T09:43:18.9208877-07:00" endTime="2015-09-28T09:43:18.9208877-07:00" testType="13cdc9d9-ddb5-4fa4-a97d-d965ccfc6d4b" outcome="Passed" testListId="8c84fa94-04c1-424b-9868-57a2d4851a1d" relativeResultsDirectory="3b04dc0b-df0c-470f-aaac-73441bbd6d77" />
    <UnitTestResult executionId="864d60ce-4ab3-41e4-8bc9-2e28dc9f5825" testId="90a45ede-a277-f7dd-19f9-3a08c5833112" testName="AuthorizationScopeUri_Constructor_WhenStringBlank" computerName="TFSBUILD11" duration="00:00:00.0003450" startTime="2015-09-28T09:43:18.9208877-07:00" endTime="2015-09-28T09:43:18.9208877-07:00" testType="13cdc9d9-ddb5-4fa4-a97d-d965ccfc6d4b" outcome="Passed" testListId="8c84fa94-04c1-424b-9868-57a2d4851a1d" relativeResultsDirectory="864d60ce-4ab3-41e4-8bc9-2e28dc9f5825" />
    <UnitTestResult executionId="1bf81d08-d505-4504-b33c-027a789dec93" testId="2cd9d2e7-bf08-d8d4-19c2-458c7480ef31" testName="AuthorizationScopeUri_Constructor_WhenStringInvalid" computerName="TFSBUILD11" duration="00:00:00.0015923" startTime="2015-09-28T09:43:18.9208877-07:00" endTime="2015-09-28T09:43:18.9208877-07:00" testType="13cdc9d9-ddb5-4fa4-a97d-d965ccfc6d4b" outcome="Passed" testListId="8c84fa94-04c1-424b-9868-57a2d4851a1d" relativeResultsDirectory="1bf81d08-d505-4504-b33c-027a789dec93" />
    <UnitTestResult executionId="8c0c1f91-1bc3-4494-b495-6ccceb676822" testId="a028234c-bdc1-d19b-ca46-375c1b7bf109" testName="AuthorizationScopeUri_Constructor_WhenAbsoluteUri" computerName="TFSBUILD11" duration="00:00:00.0011528" startTime="2015-09-28T09:43:18.9208877-07:00" endTime="2015-09-28T09:43:18.9208877-07:00" testType="13cdc9d9-ddb5-4fa4-a97d-d965ccfc6d4b" outcome="Passed" testListId="8c84fa94-04c1-424b-9868-57a2d4851a1d" relativeResultsDirectory="8c0c1f91-1bc3-4494-b495-6ccceb676822" />
    <UnitTestResult executionId="2fb95479-12e4-41b3-8fc3-c28fa179fc9a" testId="9ac7c727-0e01-e136-5fd8-4025df4b0c95" testName="AuthorizationScopeUri_Constructor_WhenWellKnownScope" computerName="TFSBUILD11" duration="00:00:00.0012558" startTime="2015-09-28T09:43:18.9208877-07:00" endTime="2015-09-28T09:43:18.9208877-07:00" testType="13cdc9d9-ddb5-4fa4-a97d-d965ccfc6d4b" outcome="Passed" testListId="8c84fa94-04c1-424b-9868-57a2d4851a1d" relativeResultsDirectory="2fb95479-12e4-41b3-8fc3-c28fa179fc9a" />
    <UnitTestResult executionId="39777584-3bfd-45af-b52b-72b50f30464d" testId="68860ac4-e543-c5ee-bddb-3401113e4f1f" testName="AuthorizationScopeUri_Constructor_WhenAbsolutePath" computerName="TFSBUILD11" duration="00:00:00.0001467" startTime="2015-09-28T09:43:18.9208877-07:00" endTime="2015-09-28T09:43:18.9208877-07:00" testType="13cdc9d9-ddb5-4fa4-a97d-d965ccfc6d4b" outcome="Passed" testListId="8c84fa94-04c1-424b-9868-57a2d4851a1d" relativeResultsDirectory="39777584-3bfd-45af-b52b-72b50f30464d" />
    <UnitTestResult executionId="a3f8e040-88e3-4d4c-96b8-7dd43003f627" testId="2454168f-73c7-e382-cc0a-0e71fc59a133" testName="AuthorizationScopeUri_Constructor_WhenExplicitMethods" computerName="TFSBUILD11" duration="00:00:00.0024826" startTime="2015-09-28T09:43:18.9208877-07:00" endTime="2015-09-28T09:43:18.9208877-07:00" testType="13cdc9d9-ddb5-4fa4-a97d-d965ccfc6d4b" outcome="Passed" testListId="8c84fa94-04c1-424b-9868-57a2d4851a1d" relativeResultsDirectory="a3f8e040-88e3-4d4c-96b8-7dd43003f627" />
    <UnitTestResult executionId="679a0235-0190-420b-bba4-da79cc43a7e5" testId="756013a2-c950-8dc8-e851-5782cfdc3c0b" testName="AuthorizationScopeUri_Constructor_WhenRelativeExplicitMethods" computerName="TFSBUILD11" duration="00:00:00.0004087" startTime="2015-09-28T09:43:18.9365138-07:00" endTime="2015-09-28T09:43:18.9365138-07:00" testType="13cdc9d9-ddb5-4fa4-a97d-d965ccfc6d4b" outcome="Passed" testListId="8c84fa94-04c1-424b-9868-57a2d4851a1d" relativeResultsDirectory="679a0235-0190-420b-bba4-da79cc43a7e5" />
    <UnitTestResult executionId="c426019d-ff5f-450c-a806-73c95531ad70" testId="d2083acc-05a5-af88-efac-97e6ac056657" testName="AuthorizationScopeUri_MatchHost_WhenExact" computerName="TFSBUILD11" duration="00:00:00.0006519" startTime="2015-09-28T09:43:18.9365138-07:00" endTime="2015-09-28T09:43:18.9365138-07:00" testType="13cdc9d9-ddb5-4fa4-a97d-d965ccfc6d4b" outcome="Passed" testListId="8c84fa94-04c1-424b-9868-57a2d4851a1d" relativeResultsDirectory="c426019d-ff5f-450c-a806-73c95531ad70" />
    <UnitTestResult executionId="75c739d7-d927-4061-99ff-9ae281309829" testId="f25dc5b3-634b-65af-7745-cf91156b9779" testName="AuthorizationScopeUri_MatchHost_WhenCaseInsensitive" computerName="TFSBUILD11" duration="00:00:00.0001115" startTime="2015-09-28T09:43:18.9365138-07:00" endTime="2015-09-28T09:43:18.9365138-07:00" testType="13cdc9d9-ddb5-4fa4-a97d-d965ccfc6d4b" outcome="Passed" testListId="8c84fa94-04c1-424b-9868-57a2d4851a1d" relativeResultsDirectory="75c739d7-d927-4061-99ff-9ae281309829" />
    <UnitTestResult executionId="34781306-d5da-4d10-992a-9746a3a5ecd3" testId="41bd206a-dcdf-32ac-af7f-24bb092c4ef4" testName="AuthorizationScopeUri_MatchHost_WhenEqualNumberOfComponentsAndLeadingWildcard" computerName="TFSBUILD11" duration="00:00:00.0001359" startTime="2015-09-28T09:43:18.9365138-07:00" endTime="2015-09-28T09:43:18.9365138-07:00" testType="13cdc9d9-ddb5-4fa4-a97d-d965ccfc6d4b" outcome="Passed" testListId="8c84fa94-04c1-424b-9868-57a2d4851a1d" relativeResultsDirectory="34781306-d5da-4d10-992a-9746a3a5ecd3" />
    <UnitTestResult executionId="433c0da3-b755-43de-8bd8-ef857245a5c8" testId="e0446723-467c-9d68-e70e-fc64796a2080" testName="AuthorizationScopeUri_MatchHost_WhenCaseInsensitiveEqualNumberOfComponentsAndLeadingWildcard" computerName="TFSBUILD11" duration="00:00:00.0001089" startTime="2015-09-28T09:43:18.9365138-07:00" endTime="2015-09-28T09:43:18.9365138-07:00" testType="13cdc9d9-ddb5-4fa4-a97d-d965ccfc6d4b" outcome="Passed" testListId="8c84fa94-04c1-424b-9868-57a2d4851a1d" relativeResultsDirectory="433c0da3-b755-43de-8bd8-ef857245a5c8" />
    <UnitTestResult executionId="e7de8b6b-5518-4b54-9de0-783fa5beb0f8" testId="8262124c-e193-69a1-329a-52482786cfe8" testName="AuthorizationScopeUri_MatchHost_WhenMoreComponents" computerName="TFSBUILD11" duration="00:00:00.0001095" startTime="2015-09-28T09:43:18.9365138-07:00" endTime="2015-09-28T09:43:18.9365138-07:00" testType="13cdc9d9-ddb5-4fa4-a97d-d965ccfc6d4b" outcome="Passed" testListId="8c84fa94-04c1-424b-9868-57a2d4851a1d" relativeResultsDirectory="e7de8b6b-5518-4b54-9de0-783fa5beb0f8" />
    <UnitTestResult executionId="4b0577fa-a865-457d-ba3c-22f047731030" testId="b60f715b-b361-dd08-08d1-f98916984669" testName="AuthorizationScopeUri_MatchHost_NotWhenLessComponents" computerName="TFSBUILD11" duration="00:00:00.0001112" startTime="2015-09-28T09:43:18.9365138-07:00" endTime="2015-09-28T09:43:18.9365138-07:00" testType="13cdc9d9-ddb5-4fa4-a97d-d965ccfc6d4b" outcome="Passed" testListId="8c84fa94-04c1-424b-9868-57a2d4851a1d" relativeResultsDirectory="4b0577fa-a865-457d-ba3c-22f047731030" />
    <UnitTestResult executionId="950d9396-2abb-46ca-915d-c2985af520a4" testId="0e7d6b41-f431-dda6-53be-a5c5f202c82c" testName="Should_throw_argument_null_exception_when_settings_is_null" computerName="TFSBUILD11" duration="00:00:00.0035137" startTime="2015-09-28T09:43:18.9365138-07:00" endTime="2015-09-28T09:43:19.2490363-07:00" testType="13cdc9d9-ddb5-4fa4-a97d-d965ccfc6d4b" outcome="Passed" testListId="8c84fa94-04c1-424b-9868-57a2d4851a1d" relativeResultsDirectory="950d9396-2abb-46ca-915d-c2985af520a4" />
    <UnitTestResult executionId="78d925fa-926c-4556-8860-6b83de774d73" testId="24d5ed58-427f-883d-856b-014598a35b4e" testName="Should_throw_argument_exception_when_targetidentity_is_empty" computerName="TFSBUILD11" duration="00:00:00.0023574" startTime="2015-09-28T09:43:19.2490363-07:00" endTime="2015-09-28T09:43:19.2490363-07:00" testType="13cdc9d9-ddb5-4fa4-a97d-d965ccfc6d4b" outcome="Passed" testListId="8c84fa94-04c1-424b-9868-57a2d4851a1d" relativeResultsDirectory="78d925fa-926c-4556-8860-6b83de774d73" />
    <UnitTestResult executionId="548e1d7f-bb71-41f3-b0ec-c7254c42dd90" testId="39c7c06a-b887-66ce-358e-5ee4623a7102" testName="Should_return_max_validto_date_when_validto_date_is_greater_than_expected_max_date" computerName="TFSBUILD11" duration="00:00:00.0259122" startTime="2015-09-28T09:43:19.2490363-07:00" endTime="2015-09-28T09:43:19.2802888-07:00" testType="13cdc9d9-ddb5-4fa4-a97d-d965ccfc6d4b" outcome="Passed" testListId="8c84fa94-04c1-424b-9868-57a2d4851a1d" relativeResultsDirectory="548e1d7f-bb71-41f3-b0ec-c7254c42dd90" />
    <UnitTestResult executionId="e94b7927-f082-410a-ac89-94b8d406d318" testId="40365532-a718-9702-9b68-063be292ad2a" testName="Should_return_impersonate_validto_date_when_authenticated_identityId_not_match_with_target_identity" computerName="TFSBUILD11" duration="00:00:00.0005950" startTime="2015-09-28T09:43:19.2802888-07:00" endTime="2015-09-28T09:43:19.2802888-07:00" testType="13cdc9d9-ddb5-4fa4-a97d-d965ccfc6d4b" outcome="Passed" testListId="8c84fa94-04c1-424b-9868-57a2d4851a1d" relativeResultsDirectory="e94b7927-f082-410a-ac89-94b8d406d318" />
    <UnitTestResult executionId="64b169a9-68d9-4ed6-9119-d72e9b82f465" testId="eb0119de-109f-6eaa-a964-c89ce1ce9ace" testName="Should_return_default_validto_date_when_authenticated_identityId_match_with_target_identity" computerName="TFSBUILD11" duration="00:00:00.0004744" startTime="2015-09-28T09:43:19.2802888-07:00" endTime="2015-09-28T09:43:19.2959149-07:00" testType="13cdc9d9-ddb5-4fa4-a97d-d965ccfc6d4b" outcome="Passed" testListId="8c84fa94-04c1-424b-9868-57a2d4851a1d" relativeResultsDirectory="64b169a9-68d9-4ed6-9119-d72e9b82f465" />
    <UnitTestResult executionId="56264d5b-6872-460a-9798-cfd0fb444f68" testId="11b5ae1e-844d-4b57-646f-ac240a2b7764" testName="Should_return_max_validto_date_when_validto_date_is_greater_than_expected_max_date_in_update_policy" computerName="TFSBUILD11" duration="00:00:00.0012478" startTime="2015-09-28T09:43:19.2959149-07:00" endTime="2015-09-28T09:43:19.2959149-07:00" testType="13cdc9d9-ddb5-4fa4-a97d-d965ccfc6d4b" outcome="Passed" testListId="8c84fa94-04c1-424b-9868-57a2d4851a1d" relativeResultsDirectory="56264d5b-6872-460a-9798-cfd0fb444f68" />
    <UnitTestResult executionId="2a522c43-fecf-49cf-8d24-fcbb8c7113aa" testId="97f523ec-12bc-eaa9-f045-91293c2dbd63" testName="Should_return_validto_date__null_when_validto_date_is_not_passed_in_update_policy" computerName="TFSBUILD11" duration="00:00:00.0003467" startTime="2015-09-28T09:43:19.2959149-07:00" endTime="2015-09-28T09:43:19.2959149-07:00" testType="13cdc9d9-ddb5-4fa4-a97d-d965ccfc6d4b" outcome="Passed" testListId="8c84fa94-04c1-424b-9868-57a2d4851a1d" relativeResultsDirectory="2a522c43-fecf-49cf-8d24-fcbb8c7113aa" />
    <UnitTestResult executionId="43e1bc9d-3dec-4361-8f4b-0a305739abab" testId="04f30809-2dcc-c4cc-3e71-496cdefb1d0d" testName="Validate_should_throw_argument_exception_when_user_id_is_empty" computerName="TFSBUILD11" duration="00:00:00.0254068" startTime="2015-09-28T09:43:19.2959149-07:00" endTime="2015-09-28T09:43:19.3271683-07:00" testType="13cdc9d9-ddb5-4fa4-a97d-d965ccfc6d4b" outcome="Passed" testListId="8c84fa94-04c1-424b-9868-57a2d4851a1d" relativeResultsDirectory="43e1bc9d-3dec-4361-8f4b-0a305739abab" />
    <UnitTestResult executionId="375a06bf-a96f-4db6-9946-e911e1afdcab" testId="25c873d9-206a-2388-8220-3c5fad403f40" testName="Validate_should_throw_argument_exception_when_registration_id_is_empty" computerName="TFSBUILD11" duration="00:00:00.0004895" startTime="2015-09-28T09:43:19.3271683-07:00" endTime="2015-09-28T09:43:19.3271683-07:00" testType="13cdc9d9-ddb5-4fa4-a97d-d965ccfc6d4b" outcome="Passed" testListId="8c84fa94-04c1-424b-9868-57a2d4851a1d" relativeResultsDirectory="375a06bf-a96f-4db6-9946-e911e1afdcab" />
    <UnitTestResult executionId="5bb1eb1c-e10e-41a7-afe2-b947249864ce" testId="46f8282b-aea9-919f-a04b-84a0f60e3c64" testName="Validate_should_throw_argument_null_exception_when_org_name_is_null" computerName="TFSBUILD11" duration="00:00:00.0006030" startTime="2015-09-28T09:43:19.3271683-07:00" endTime="2015-09-28T09:43:19.3271683-07:00" testType="13cdc9d9-ddb5-4fa4-a97d-d965ccfc6d4b" outcome="Passed" testListId="8c84fa94-04c1-424b-9868-57a2d4851a1d" relativeResultsDirectory="5bb1eb1c-e10e-41a7-afe2-b947249864ce" />
    <UnitTestResult executionId="80f59aaf-cdf7-4bbe-a806-c0431d65bcb5" testId="402cb3e5-766c-ce56-5466-816e8c6962dc" testName="Validate_should_throw_argument_null_exception_when_registration_name_is_null" computerName="TFSBUILD11" duration="00:00:00.0004315" startTime="2015-09-28T09:43:19.3271683-07:00" endTime="2015-09-28T09:43:19.3271683-07:00" testType="13cdc9d9-ddb5-4fa4-a97d-d965ccfc6d4b" outcome="Passed" testListId="8c84fa94-04c1-424b-9868-57a2d4851a1d" relativeResultsDirectory="80f59aaf-cdf7-4bbe-a806-c0431d65bcb5" />
    <UnitTestResult executionId="57a31e9b-8046-4150-a790-d52064ea7e42" testId="94030b7b-4ff2-61b1-b4d1-e3db861935ac" testName="Validate_should_throw_argument_null_exception_when_registration_desc_is_null" computerName="TFSBUILD11" duration="00:00:00.0004332" startTime="2015-09-28T09:43:19.3271683-07:00" endTime="2015-09-28T09:43:19.3271683-07:00" testType="13cdc9d9-ddb5-4fa4-a97d-d965ccfc6d4b" outcome="Passed" testListId="8c84fa94-04c1-424b-9868-57a2d4851a1d" relativeResultsDirectory="57a31e9b-8046-4150-a790-d52064ea7e42" />
    <UnitTestResult executionId="1e2e12ba-ec80-4beb-b019-55a6cb17c17b" testId="5db92ed4-4d70-3046-2993-bc7153161a63" testName="Validate_should_throw_argument_exception_when_registration_location_is_null" computerName="TFSBUILD11" duration="00:00:00.0004625" startTime="2015-09-28T09:43:19.3271683-07:00" endTime="2015-09-28T09:43:19.3271683-07:00" testType="13cdc9d9-ddb5-4fa4-a97d-d965ccfc6d4b" outcome="Passed" testListId="8c84fa94-04c1-424b-9868-57a2d4851a1d" relativeResultsDirectory="1e2e12ba-ec80-4beb-b019-55a6cb17c17b" />
    <UnitTestResult executionId="c0c19a40-455c-46cb-a4a9-13b4d5a7bb01" testId="5eb26699-7f77-e128-d415-3b823d025ecc" testName="Validate_should_throw_argument_null_exception_when_response_types_is_null" computerName="TFSBUILD11" duration="00:00:00.0004377" startTime="2015-09-28T09:43:19.3271683-07:00" endTime="2015-09-28T09:43:19.3271683-07:00" testType="13cdc9d9-ddb5-4fa4-a97d-d965ccfc6d4b" outcome="Passed" testListId="8c84fa94-04c1-424b-9868-57a2d4851a1d" relativeResultsDirectory="c0c19a40-455c-46cb-a4a9-13b4d5a7bb01" />
    <UnitTestResult executionId="297e91b8-82ba-4b2d-9cc2-7eff8a6aa206" testId="3ee27ac6-191c-c605-39a5-81ab625a6ba7" testName="Validate_should_throw_argument_null_exception_when_scopes_is_null" computerName="TFSBUILD11" duration="00:00:00.0004266" startTime="2015-09-28T09:43:19.3271683-07:00" endTime="2015-09-28T09:43:19.3271683-07:00" testType="13cdc9d9-ddb5-4fa4-a97d-d965ccfc6d4b" outcome="Passed" testListId="8c84fa94-04c1-424b-9868-57a2d4851a1d" relativeResultsDirectory="297e91b8-82ba-4b2d-9cc2-7eff8a6aa206" />
    <UnitTestResult executionId="1153ce59-3598-432d-b007-de4689190708" testId="8f8a499c-e6a7-adb2-43c3-393a50e64c3d" testName="Validate_should_throw_argument_null_exception_when_redirect_uri_list_is_null" computerName="TFSBUILD11" duration="00:00:00.0005870" startTime="2015-09-28T09:43:19.3271683-07:00" endTime="2015-09-28T09:43:19.3271683-07:00" testType="13cdc9d9-ddb5-4fa4-a97d-d965ccfc6d4b" outcome="Passed" testListId="8c84fa94-04c1-424b-9868-57a2d4851a1d" relativeResultsDirectory="1153ce59-3598-432d-b007-de4689190708" />
    <UnitTestResult executionId="cf82c629-a303-4797-89b4-44b16f97cdf4" testId="0e30919b-7c18-b633-3829-53a3e013397f" testName="Validate_should_throw_argument_exception_when_redirect_uri_list_is_empty" computerName="TFSBUILD11" duration="00:00:00.0005791" startTime="2015-09-28T09:43:19.3271683-07:00" endTime="2015-09-28T09:43:19.3271683-07:00" testType="13cdc9d9-ddb5-4fa4-a97d-d965ccfc6d4b" outcome="Passed" testListId="8c84fa94-04c1-424b-9868-57a2d4851a1d" relativeResultsDirectory="cf82c629-a303-4797-89b4-44b16f97cdf4" />
    <UnitTestResult executionId="9824f278-0a89-4dda-85eb-1ca302f10c7e" testId="f010b4f4-e045-de4e-799d-1c0135ab4143" testName="Validate_should_throw_argument_exception_when_secure_logo_location_scheme_is_not_https" computerName="TFSBUILD11" duration="00:00:00.0004969" startTime="2015-09-28T09:43:19.3271683-07:00" endTime="2015-09-28T09:43:19.3271683-07:00" testType="13cdc9d9-ddb5-4fa4-a97d-d965ccfc6d4b" outcome="Passed" testListId="8c84fa94-04c1-424b-9868-57a2d4851a1d" relativeResultsDirectory="9824f278-0a89-4dda-85eb-1ca302f10c7e" />
    <UnitTestResult executionId="a0d0f046-a253-4b15-8e24-54a7550c010d" testId="064b5e31-e614-c8fa-19be-20eb050913af" testName="Validate_should_throw_argument_exception_when_scope_is_app_token_and_client_type_is_medium_trust" computerName="TFSBUILD11" duration="00:00:00.0006741" startTime="2015-09-28T09:43:19.3271683-07:00" endTime="2015-09-28T09:43:19.3271683-07:00" testType="13cdc9d9-ddb5-4fa4-a97d-d965ccfc6d4b" outcome="Passed" testListId="8c84fa94-04c1-424b-9868-57a2d4851a1d" relativeResultsDirectory="a0d0f046-a253-4b15-8e24-54a7550c010d" />
    <UnitTestResult executionId="e5d491ee-2937-4230-841a-3605747c5f16" testId="d42b93d9-a9d4-db87-1ad2-79c06e8e9e6e" testName="Validate_should_throw_argument_exception_when_scope_is_app_token_and_client_type_is_confidential" computerName="TFSBUILD11" duration="00:00:00.0003700" startTime="2015-09-28T09:43:19.3271683-07:00" endTime="2015-09-28T09:43:19.3271683-07:00" testType="13cdc9d9-ddb5-4fa4-a97d-d965ccfc6d4b" outcome="Passed" testListId="8c84fa94-04c1-424b-9868-57a2d4851a1d" relativeResultsDirectory="e5d491ee-2937-4230-841a-3605747c5f16" />
    <UnitTestResult executionId="8468a295-5183-47dd-896e-6783406c1826" testId="341f1432-1015-ad42-660b-86cb7a26eee0" testName="Validate_should_not_normalize_scopes_when_scope_configuration_is_not_enabled" computerName="TFSBUILD11" duration="00:00:00.0158065" startTime="2015-09-28T09:43:19.3271683-07:00" endTime="2015-09-28T09:43:19.3427932-07:00" testType="13cdc9d9-ddb5-4fa4-a97d-d965ccfc6d4b" outcome="Passed" testListId="8c84fa94-04c1-424b-9868-57a2d4851a1d" relativeResultsDirectory="8468a295-5183-47dd-896e-6783406c1826" />
    <UnitTestResult executionId="4246abfd-c70d-4af5-a84a-4ecbf355220c" testId="5c572566-185e-653c-ba89-c9bff8b25844" testName="Validate_should_normalize_scopes_when_scope_configuration_is_enabled" computerName="TFSBUILD11" duration="00:00:00.0048847" startTime="2015-09-28T09:43:19.3427932-07:00" endTime="2015-09-28T09:43:19.3584194-07:00" testType="13cdc9d9-ddb5-4fa4-a97d-d965ccfc6d4b" outcome="Passed" testListId="8c84fa94-04c1-424b-9868-57a2d4851a1d" relativeResultsDirectory="4246abfd-c70d-4af5-a84a-4ecbf355220c" />
    <UnitTestResult executionId="81292380-27b5-4c0b-aaf6-d4c17080fa2a" testId="945b787a-efc3-fd1b-eac5-93adac1b6e4d" testName="Validate_should_not_throw_exception_when_response_type_is_not_assertion_and_client_type_is_full_trust" computerName="TFSBUILD11" duration="00:00:00.0005410" startTime="2015-09-28T09:43:19.3584194-07:00" endTime="2015-09-28T09:43:19.3584194-07:00" testType="13cdc9d9-ddb5-4fa4-a97d-d965ccfc6d4b" outcome="Passed" testListId="8c84fa94-04c1-424b-9868-57a2d4851a1d" relativeResultsDirectory="81292380-27b5-4c0b-aaf6-d4c17080fa2a" />
    <UnitTestResult executionId="5be1da13-ee09-4453-bf82-baf7c2de6c56" testId="72ab9170-811e-cd37-b2f5-d1c8c0cca496" testName="GetAccessTokenKey_ThrowsWhen_AccessId_IsGuidEmpty" computerName="TFSBUILD11" duration="00:00:00.0140552" startTime="2015-09-28T09:43:19.3584194-07:00" endTime="2015-09-28T09:43:19.6084366-07:00" testType="13cdc9d9-ddb5-4fa4-a97d-d965ccfc6d4b" outcome="Passed" testListId="8c84fa94-04c1-424b-9868-57a2d4851a1d" relativeResultsDirectory="5be1da13-ee09-4453-bf82-baf7c2de6c56" />
    <UnitTestResult executionId="589e9628-3280-4004-903b-5d2d0ffcc8cc" testId="21ec8e57-bb9e-a91f-e698-0c132fbf4f6b" testName="GetAccessTokenKey_ThrowsWhen_ZeroAccessTokenKeysInSqlResult" computerName="TFSBUILD11" duration="00:00:00.0087335" startTime="2015-09-28T09:43:19.6084366-07:00" endTime="2015-09-28T09:43:19.6240632-07:00" testType="13cdc9d9-ddb5-4fa4-a97d-d965ccfc6d4b" outcome="Passed" testListId="8c84fa94-04c1-424b-9868-57a2d4851a1d" relativeResultsDirectory="589e9628-3280-4004-903b-5d2d0ffcc8cc" />
    <UnitTestResult executionId="62c538ca-daa6-4f8e-a53a-e07eea22717e" testId="29a75df9-24fc-af52-d553-aab19f17eea5" testName="ListAccessTokenKeys_ReturnsEmptyListWhen_SqlResultIsNull" computerName="TFSBUILD11" duration="00:00:00.0638252" startTime="2015-09-28T09:43:19.6240632-07:00" endTime="2015-09-28T09:43:19.7021935-07:00" testType="13cdc9d9-ddb5-4fa4-a97d-d965ccfc6d4b" outcome="Passed" testListId="8c84fa94-04c1-424b-9868-57a2d4851a1d" relativeResultsDirectory="62c538ca-daa6-4f8e-a53a-e07eea22717e" />
    <UnitTestResult executionId="fd59ad36-ee94-4fd6-bd53-45b0fa466b6b" testId="5244acf0-ed73-e345-3cff-dbad51095c2f" testName="Should_error_when_displayname_is_null_or_empty_or_invalid" computerName="TFSBUILD11" duration="00:00:00.0324334" startTime="2015-09-28T09:43:19.7021935-07:00" endTime="2015-09-28T09:43:19.7334460-07:00" testType="13cdc9d9-ddb5-4fa4-a97d-d965ccfc6d4b" outcome="Passed" testListId="8c84fa94-04c1-424b-9868-57a2d4851a1d" relativeResultsDirectory="fd59ad36-ee94-4fd6-bd53-45b0fa466b6b" />
    <UnitTestResult executionId="b25ba8cb-6149-49ee-ae59-4eb3ff33419c" testId="1be2afe3-e53a-2432-b445-4eea2d69c99f" testName="Should_Pass_when_validto_is_greater_than_allowed_lifetime" computerName="TFSBUILD11" duration="00:00:00.4681897" startTime="2015-09-28T09:43:19.7334460-07:00" endTime="2015-09-28T09:43:20.2178552-07:00" testType="13cdc9d9-ddb5-4fa4-a97d-d965ccfc6d4b" outcome="Passed" testListId="8c84fa94-04c1-424b-9868-57a2d4851a1d" relativeResultsDirectory="b25ba8cb-6149-49ee-ae59-4eb3ff33419c" />
    <UnitTestResult executionId="e5083989-3cb7-4d7f-b73f-e402df701a9a" testId="a6726c70-54f0-55e1-4058-f6066295bbb0" testName="Should_error_when_scopes_is_invalid" computerName="TFSBUILD11" duration="00:00:00.0037714" startTime="2015-09-28T09:43:20.2178552-07:00" endTime="2015-09-28T09:43:20.2178552-07:00" testType="13cdc9d9-ddb5-4fa4-a97d-d965ccfc6d4b" outcome="Passed" testListId="8c84fa94-04c1-424b-9868-57a2d4851a1d" relativeResultsDirectory="e5083989-3cb7-4d7f-b73f-e402df701a9a" />
    <UnitTestResult executionId="a1fadd1c-048b-4b6f-8a56-2b23bc19d269" testId="dbe23d23-cc54-a3d3-6d8e-59e0dc435992" testName="Should_error_when_userid_is_empty" computerName="TFSBUILD11" duration="00:00:00.0004622" startTime="2015-09-28T09:43:20.2178552-07:00" endTime="2015-09-28T09:43:20.2334813-07:00" testType="13cdc9d9-ddb5-4fa4-a97d-d965ccfc6d4b" outcome="Passed" testListId="8c84fa94-04c1-424b-9868-57a2d4851a1d" relativeResultsDirectory="a1fadd1c-048b-4b6f-8a56-2b23bc19d269" />
    <UnitTestResult executionId="f517ca26-3d30-48b4-9557-81755db097ad" testId="6ec5b85a-f9a4-8cbd-632f-80ca7f0d9c06" testName="Should_error_when_userid_is_not_found" computerName="TFSBUILD11" duration="00:00:00.0026811" startTime="2015-09-28T09:43:20.2334813-07:00" endTime="2015-09-28T09:43:20.2491068-07:00" testType="13cdc9d9-ddb5-4fa4-a97d-d965ccfc6d4b" outcome="Passed" testListId="8c84fa94-04c1-424b-9868-57a2d4851a1d" relativeResultsDirectory="f517ca26-3d30-48b4-9557-81755db097ad" />
    <UnitTestResult executionId="fdf00e0c-d07b-4818-84c2-4263b0f2deea" testId="93e34b5e-b1c2-dc96-69b6-499308afd734" testName="Should_error_when_userid_is_a_group" computerName="TFSBUILD11" duration="00:00:00.0045135" startTime="2015-09-28T09:43:20.2491068-07:00" endTime="2015-09-28T09:43:20.2647338-07:00" testType="13cdc9d9-ddb5-4fa4-a97d-d965ccfc6d4b" outcome="Passed" testListId="8c84fa94-04c1-424b-9868-57a2d4851a1d" relativeResultsDirectory="fdf00e0c-d07b-4818-84c2-4263b0f2deea" />
    <UnitTestResult executionId="cfcbcfc5-2505-4f6b-9afa-4cc779ef7eb8" testId="20bd3d18-a2f2-28b4-3d57-e54bba1444c0" testName="Should_error_when_request_identity_is_based_on_alternate_credentials" computerName="TFSBUILD11" duration="00:00:00.0225319" startTime="2015-09-28T09:43:20.2647338-07:00" endTime="2015-09-28T09:43:20.2803591-07:00" testType="13cdc9d9-ddb5-4fa4-a97d-d965ccfc6d4b" outcome="Passed" testListId="8c84fa94-04c1-424b-9868-57a2d4851a1d" relativeResultsDirectory="cfcbcfc5-2505-4f6b-9afa-4cc779ef7eb8" />
    <UnitTestResult executionId="c676afae-7361-45f5-b189-bbf1fcff83d8" testId="a0a758c0-d0a3-5768-18db-360389010cac" testName="Should_not_error_when_request_identity_is_based_on_alternate_credentials_and_impersonated" computerName="TFSBUILD11" duration="00:00:00.0039768" startTime="2015-09-28T09:43:20.2803591-07:00" endTime="2015-09-28T09:43:20.2959855-07:00" testType="13cdc9d9-ddb5-4fa4-a97d-d965ccfc6d4b" outcome="Passed" testListId="8c84fa94-04c1-424b-9868-57a2d4851a1d" relativeResultsDirectory="c676afae-7361-45f5-b189-bbf1fcff83d8" />
    <UnitTestResult executionId="731d4ef2-04ac-40a6-9215-4155fee28077" testId="1425e817-5366-acc4-1578-f64b2e2a2805" testName="Should_not_error_when_request_identity_is_based_on_alternate_credentials_and_has_framework_impersonation_perms" computerName="TFSBUILD11" duration="00:00:00.0041343" startTime="2015-09-28T09:43:20.2959855-07:00" endTime="2015-09-28T09:43:20.3272377-07:00" testType="13cdc9d9-ddb5-4fa4-a97d-d965ccfc6d4b" outcome="Passed" testListId="8c84fa94-04c1-424b-9868-57a2d4851a1d" relativeResultsDirectory="731d4ef2-04ac-40a6-9215-4155fee28077" />
    <UnitTestResult executionId="1db0dbb5-5487-4047-b740-3333545cac9c" testId="07797914-ac2b-fd48-1111-3b4f4df0665a" testName="Should_error_when_target_identity_is_service_identity_with_localauthority_domain" computerName="TFSBUILD11" duration="00:00:00.0046856" startTime="2015-09-28T09:43:20.3272377-07:00" endTime="2015-09-28T09:43:20.3428644-07:00" testType="13cdc9d9-ddb5-4fa4-a97d-d965ccfc6d4b" outcome="Passed" testListId="8c84fa94-04c1-424b-9868-57a2d4851a1d" relativeResultsDirectory="1db0dbb5-5487-4047-b740-3333545cac9c" />
    <UnitTestResult executionId="27bab884-e1b0-40df-85b7-9b34f473673c" testId="6ec1736f-f065-10b1-0657-5ebb4d4d4271" testName="Should_error_when_target_identity_is_service_identity_with_default_claimsprovider_domain" computerName="TFSBUILD11" duration="00:00:00.0045365" startTime="2015-09-28T09:43:20.3428644-07:00" endTime="2015-09-28T09:43:20.3584902-07:00" testType="13cdc9d9-ddb5-4fa4-a97d-d965ccfc6d4b" outcome="Passed" testListId="8c84fa94-04c1-424b-9868-57a2d4851a1d" relativeResultsDirectory="27bab884-e1b0-40df-85b7-9b34f473673c" />
    <UnitTestResult executionId="ef24aa62-9e52-4766-9b9d-204aeb04e625" testId="1ed02d67-639a-26cb-a9aa-df23485b8c31" testName="Should_error_when_target_identity_is_deployment_administrator" computerName="TFSBUILD11" duration="00:00:00.0067910" startTime="2015-09-28T09:43:20.3584902-07:00" endTime="2015-09-28T09:43:20.3741169-07:00" testType="13cdc9d9-ddb5-4fa4-a97d-d965ccfc6d4b" outcome="Passed" testListId="8c84fa94-04c1-424b-9868-57a2d4851a1d" relativeResultsDirectory="ef24aa62-9e52-4766-9b9d-204aeb04e625" />
    <UnitTestResult executionId="0ce21d1c-60f6-4a36-a1b2-da05bc30fa7a" testId="77ea693e-d89e-4533-9970-2633e4f8721d" testName="Should_error_when_identity_is_not_same_as_request_identity_and_no_impersonate_permission" computerName="TFSBUILD11" duration="00:00:00.0120760" startTime="2015-09-28T09:43:20.3741169-07:00" endTime="2015-09-28T09:43:20.3897424-07:00" testType="13cdc9d9-ddb5-4fa4-a97d-d965ccfc6d4b" outcome="Passed" testListId="8c84fa94-04c1-424b-9868-57a2d4851a1d" relativeResultsDirectory="0ce21d1c-60f6-4a36-a1b2-da05bc30fa7a" />
    <UnitTestResult executionId="9e788dc0-fcd8-420f-94af-6e3f001316cb" testId="d83f6c13-2bbd-7c44-3357-aec745c68c53" testName="Should_error_when_strong_box_drawer_id_is_empty" computerName="TFSBUILD11" duration="00:00:00.0161916" startTime="2015-09-28T09:43:20.3897424-07:00" endTime="2015-09-28T09:43:20.4053691-07:00" testType="13cdc9d9-ddb5-4fa4-a97d-d965ccfc6d4b" outcome="Passed" testListId="8c84fa94-04c1-424b-9868-57a2d4851a1d" relativeResultsDirectory="9e788dc0-fcd8-420f-94af-6e3f001316cb" />
    <UnitTestResult executionId="1f84eb76-1840-45ff-8e52-63d91539b778" testId="e73cc268-19cd-9618-6997-d75baa79733b" testName="Should_error_when_strong_box_drawer_is_not_found" computerName="TFSBUILD11" duration="00:00:00.0165873" startTime="2015-09-28T09:43:20.4053691-07:00" endTime="2015-09-28T09:43:20.4366210-07:00" testType="13cdc9d9-ddb5-4fa4-a97d-d965ccfc6d4b" outcome="Passed" testListId="8c84fa94-04c1-424b-9868-57a2d4851a1d" relativeResultsDirectory="1f84eb76-1840-45ff-8e52-63d91539b778" />
    <UnitTestResult executionId="51827967-09d8-4957-9a62-959e34174c76" testId="6bdc8693-8b3f-44be-6d57-0c67ccb8a359" testName="Should_error_when_key_secrets_are_not_found" computerName="TFSBUILD11" duration="00:00:00.0142705" startTime="2015-09-28T09:43:20.4366210-07:00" endTime="2015-09-28T09:43:20.4522494-07:00" testType="13cdc9d9-ddb5-4fa4-a97d-d965ccfc6d4b" outcome="Passed" testListId="8c84fa94-04c1-424b-9868-57a2d4851a1d" relativeResultsDirectory="51827967-09d8-4957-9a62-959e34174c76" />
    <UnitTestResult executionId="9a197001-8da7-49f8-bd03-b8391a6725ad" testId="587e9b50-cf10-17d8-9e21-5e1ec39ef84e" testName="Should_error_when_create_access_token_call_failed" computerName="TFSBUILD11" duration="00:00:00.0166223" startTime="2015-09-28T09:43:20.4522494-07:00" endTime="2015-09-28T09:43:20.4834991-07:00" testType="13cdc9d9-ddb5-4fa4-a97d-d965ccfc6d4b" outcome="Passed" testListId="8c84fa94-04c1-424b-9868-57a2d4851a1d" relativeResultsDirectory="9a197001-8da7-49f8-bd03-b8391a6725ad" />
    <UnitTestResult executionId="db3163e8-0c99-4e9f-b03f-bfc22ad270f0" testId="436436a3-f0f8-50f4-aae5-cfaf2978b095" testName="Should_error_when_create_access_token_call_fail_with_scope_not_match" computerName="TFSBUILD11" duration="00:00:00.0168012" startTime="2015-09-28T09:43:20.4834991-07:00" endTime="2015-09-28T09:43:20.4991255-07:00" testType="13cdc9d9-ddb5-4fa4-a97d-d965ccfc6d4b" outcome="Passed" testListId="8c84fa94-04c1-424b-9868-57a2d4851a1d" relativeResultsDirectory="db3163e8-0c99-4e9f-b03f-bfc22ad270f0" />
    <UnitTestResult executionId="823dc20a-f8cb-41c5-8e9f-c8fb265ff196" testId="b5d8f423-8ce9-011b-e205-7150de04c1c5" testName="Should_error_when_create_access_token_call_returns_null" computerName="TFSBUILD11" duration="00:00:00.0289583" startTime="2015-09-28T09:43:20.4991255-07:00" endTime="2015-09-28T09:43:20.5460032-07:00" testType="13cdc9d9-ddb5-4fa4-a97d-d965ccfc6d4b" outcome="Passed" testListId="8c84fa94-04c1-424b-9868-57a2d4851a1d" relativeResultsDirectory="823dc20a-f8cb-41c5-8e9f-c8fb265ff196" />
    <UnitTestResult executionId="128231ec-9e17-42fb-af9a-7e7fa7305696" testId="34bd9f10-1064-6ff3-e062-83236cfcdaf0" testName="Deployment_admin_should_be_able_to_generate_compact_session_token_for_another_user" computerName="TFSBUILD11" duration="00:00:00.0807638" startTime="2015-09-28T09:43:20.5460032-07:00" endTime="2015-09-28T09:43:20.6241344-07:00" testType="13cdc9d9-ddb5-4fa4-a97d-d965ccfc6d4b" outcome="Passed" testListId="8c84fa94-04c1-424b-9868-57a2d4851a1d" relativeResultsDirectory="128231ec-9e17-42fb-af9a-7e7fa7305696" />
    <UnitTestResult executionId="4b3bdc27-858c-4cbe-b2ae-4deea8c3b023" testId="8583867d-1da7-5506-7220-83fb3572c4b8" testName="Deployment_admin_should_be_able_to_generate_self_describing_session_token_for_another_user" computerName="TFSBUILD11" duration="00:00:00.0593275" startTime="2015-09-28T09:43:20.6241344-07:00" endTime="2015-09-28T09:43:20.7022641-07:00" testType="13cdc9d9-ddb5-4fa4-a97d-d965ccfc6d4b" outcome="Passed" testListId="8c84fa94-04c1-424b-9868-57a2d4851a1d" relativeResultsDirectory="4b3bdc27-858c-4cbe-b2ae-4deea8c3b023" />
    <UnitTestResult executionId="b6b5eed1-69c1-45a7-82c2-8421f3ba2d4c" testId="200972b4-59e5-4a3f-ad34-aaa6a9b82683" testName="Generate_compact_session_token_for_self" computerName="TFSBUILD11" duration="00:00:00.0230336" startTime="2015-09-28T09:43:20.7022641-07:00" endTime="2015-09-28T09:43:20.7335166-07:00" testType="13cdc9d9-ddb5-4fa4-a97d-d965ccfc6d4b" outcome="Passed" testListId="8c84fa94-04c1-424b-9868-57a2d4851a1d" relativeResultsDirectory="b6b5eed1-69c1-45a7-82c2-8421f3ba2d4c" />
    <UnitTestResult executionId="d8e0c24d-da20-4afc-b5e6-7e068218d8ba" testId="11f4beae-bb68-9017-ead2-eb338ddf5327" testName="Generate_self_describing_session_token_for_self" computerName="TFSBUILD11" duration="00:00:00.0589344" startTime="2015-09-28T09:43:20.7335166-07:00" endTime="2015-09-28T09:43:20.7960210-07:00" testType="13cdc9d9-ddb5-4fa4-a97d-d965ccfc6d4b" outcome="Passed" testListId="8c84fa94-04c1-424b-9868-57a2d4851a1d" relativeResultsDirectory="d8e0c24d-da20-4afc-b5e6-7e068218d8ba" />
    <UnitTestResult executionId="f4486eeb-f912-4165-8b94-4861951e4712" testId="425cf027-f8ab-3639-5559-64b84e1bfd86" testName="Should_return_null_when_the_flag_is_off" computerName="TFSBUILD11" duration="00:00:00.0023984" startTime="2015-09-28T09:43:20.7960210-07:00" endTime="2015-09-28T09:43:20.8116471-07:00" testType="13cdc9d9-ddb5-4fa4-a97d-d965ccfc6d4b" outcome="Passed" testListId="8c84fa94-04c1-424b-9868-57a2d4851a1d" relativeResultsDirectory="f4486eeb-f912-4165-8b94-4861951e4712" />
    <UnitTestResult executionId="8f7b375e-d1d9-4d9f-a8d5-5b4ba240ce2f" testId="fa4ef5c9-077f-97f3-99a5-2324c258e071" testName="Should_return_client_Id_in_session_token_with_target_accounts" computerName="TFSBUILD11" duration="00:00:00.0584742" startTime="2015-09-28T09:43:20.8116471-07:00" endTime="2015-09-28T09:43:20.8741516-07:00" testType="13cdc9d9-ddb5-4fa4-a97d-d965ccfc6d4b" outcome="Passed" testListId="8c84fa94-04c1-424b-9868-57a2d4851a1d" relativeResultsDirectory="8f7b375e-d1d9-4d9f-a8d5-5b4ba240ce2f" />
    <UnitTestResult executionId="43ce9509-c91d-4d38-968f-6a8dd7e71f31" testId="3c2442c3-47d7-a2bc-88c8-f18941111a70" testName="Should_return_client_Id_in_session_token" computerName="TFSBUILD11" duration="00:00:00.0582962" startTime="2015-09-28T09:43:20.8741516-07:00" endTime="2015-09-28T09:43:20.9366557-07:00" testType="13cdc9d9-ddb5-4fa4-a97d-d965ccfc6d4b" outcome="Passed" testListId="8c84fa94-04c1-424b-9868-57a2d4851a1d" relativeResultsDirectory="43ce9509-c91d-4d38-968f-6a8dd7e71f31" />
    <UnitTestResult executionId="979f7bb4-d669-47ae-a402-3aa5ec573202" testId="650170d2-781a-9ea1-d7be-bd7b194dfca5" testName="Should_error_when_access_token_key_is_null_or_empty" computerName="TFSBUILD11" duration="00:00:00.0031718" startTime="2015-09-28T09:43:20.9366557-07:00" endTime="2015-09-28T09:43:20.9522824-07:00" testType="13cdc9d9-ddb5-4fa4-a97d-d965ccfc6d4b" outcome="Passed" testListId="8c84fa94-04c1-424b-9868-57a2d4851a1d" relativeResultsDirectory="979f7bb4-d669-47ae-a402-3aa5ec573202" />
    <UnitTestResult executionId="a5cb1d5d-15c4-487e-af7f-20c0f402eda1" testId="a0fbcaba-e2f3-c896-6dce-1b58a6bba316" testName="Should_error_when_access_token_key_is_not_valid_format" computerName="TFSBUILD11" duration="00:00:00.0011198" startTime="2015-09-28T09:43:20.9522824-07:00" endTime="2015-09-28T09:43:20.9522824-07:00" testType="13cdc9d9-ddb5-4fa4-a97d-d965ccfc6d4b" outcome="Passed" testListId="8c84fa94-04c1-424b-9868-57a2d4851a1d" relativeResultsDirectory="a5cb1d5d-15c4-487e-af7f-20c0f402eda1" />
    <UnitTestResult executionId="440592d4-3c48-4cc6-997b-58fa97faf88b" testId="8dad8e7f-e1b0-54ae-0fcf-99431cf2a6c8" testName="Should_error_when_the_request_identity_does_not_have_framework_impersonate_permission" computerName="TFSBUILD11" duration="00:00:00.0035401" startTime="2015-09-28T09:43:20.9522824-07:00" endTime="2015-09-28T09:43:20.9835343-07:00" testType="13cdc9d9-ddb5-4fa4-a97d-d965ccfc6d4b" outcome="Passed" testListId="8c84fa94-04c1-424b-9868-57a2d4851a1d" relativeResultsDirectory="440592d4-3c48-4cc6-997b-58fa97faf88b" />
    <UnitTestResult executionId="d1306237-cb24-4115-8cc5-bc8485abfa82" testId="f06dbb9b-1002-18b6-e604-58487febe248" testName="Should_error_when_access_token_key_is_not_mapped_to_an_access_token" computerName="TFSBUILD11" duration="00:00:00.0053916" startTime="2015-09-28T09:43:20.9835343-07:00" endTime="2015-09-28T09:43:20.9835343-07:00" testType="13cdc9d9-ddb5-4fa4-a97d-d965ccfc6d4b" outcome="Passed" testListId="8c84fa94-04c1-424b-9868-57a2d4851a1d" relativeResultsDirectory="d1306237-cb24-4115-8cc5-bc8485abfa82" />
    <UnitTestResult executionId="4a3f0aeb-252f-4c66-9bc8-fa5012061ed3" testId="91b067b1-c257-1500-7c88-9d67bd659e2b" testName="Should_error_when_access_token_key_is_mapped_to_invalid_access_token" computerName="TFSBUILD11" duration="00:00:00.0049706" startTime="2015-09-28T09:43:20.9835343-07:00" endTime="2015-09-28T09:43:20.9991613-07:00" testType="13cdc9d9-ddb5-4fa4-a97d-d965ccfc6d4b" outcome="Passed" testListId="8c84fa94-04c1-424b-9868-57a2d4851a1d" relativeResultsDirectory="4a3f0aeb-252f-4c66-9bc8-fa5012061ed3" />
    <UnitTestResult executionId="8806400b-8790-475a-9215-77243c556a95" testId="01202012-a3a4-8ecc-f557-1d9e24477c67" testName="Should_error_when_get_access_token_key_component_call_return_null" computerName="TFSBUILD11" duration="00:00:00.0048025" startTime="2015-09-28T09:43:20.9991613-07:00" endTime="2015-09-28T09:43:21.0147869-07:00" testType="13cdc9d9-ddb5-4fa4-a97d-d965ccfc6d4b" outcome="Passed" testListId="8c84fa94-04c1-424b-9868-57a2d4851a1d" relativeResultsDirectory="8806400b-8790-475a-9215-77243c556a95" />
    <UnitTestResult executionId="aaa0ab4d-e4a9-4320-8e1c-b21a8b060841" testId="4ecb9103-2e93-0299-b644-8b26d90fcd63" testName="Able_to_exchange_valid_access_token_key_for_an_access_token" computerName="TFSBUILD11" duration="00:00:00.0538611" startTime="2015-09-28T09:43:21.0147869-07:00" endTime="2015-09-28T09:43:21.0772907-07:00" testType="13cdc9d9-ddb5-4fa4-a97d-d965ccfc6d4b" outcome="Passed" testListId="8c84fa94-04c1-424b-9868-57a2d4851a1d" relativeResultsDirectory="aaa0ab4d-e4a9-4320-8e1c-b21a8b060841" />
    <UnitTestResult executionId="4c6fe813-8ec4-41e8-808e-6b29bd4f8f91" testId="eace94a2-467d-c596-3d3e-32acc8119d69" testName="Should_return_null_when_the_flag_is_off" computerName="TFSBUILD11" duration="00:00:00.0015152" startTime="2015-09-28T09:43:21.0772907-07:00" endTime="2015-09-28T09:43:21.0772907-07:00" testType="13cdc9d9-ddb5-4fa4-a97d-d965ccfc6d4b" outcome="Passed" testListId="8c84fa94-04c1-424b-9868-57a2d4851a1d" relativeResultsDirectory="4c6fe813-8ec4-41e8-808e-6b29bd4f8f91" />
    <UnitTestResult executionId="841de266-6406-40c6-b9a2-e6bbc2e3ba93" testId="15d0f271-76c7-c1e2-bac5-b750bc17342f" testName="Should_return_grant_code_expiration_claims_based_on_utc" computerName="TFSBUILD11" startTime="2015-09-28T09:43:21.0772907-07:00" endTime="2015-09-28T09:43:21.0772907-07:00" testType="13cdc9d9-ddb5-4fa4-a97d-d965ccfc6d4b" outcome="NotExecuted" testListId="8c84fa94-04c1-424b-9868-57a2d4851a1d" relativeResultsDirectory="841de266-6406-40c6-b9a2-e6bbc2e3ba93" />
    <UnitTestResult executionId="3e61900a-61dd-4393-9c54-b92b2d17c8b4" testId="41394838-bf94-4e9c-6757-e8fc9f1b70b1" testName="HasImpersonationScope_should_return_false_when_scopes_do_not_match" computerName="TFSBUILD11" duration="00:00:00.0226866" startTime="2015-09-28T09:43:21.0772907-07:00" endTime="2015-09-28T09:43:21.1085438-07:00" testType="13cdc9d9-ddb5-4fa4-a97d-d965ccfc6d4b" outcome="Passed" testListId="8c84fa94-04c1-424b-9868-57a2d4851a1d" relativeResultsDirectory="3e61900a-61dd-4393-9c54-b92b2d17c8b4" />
    <UnitTestResult executionId="801ca176-0e08-4428-aa9e-adc9194aca8c" testId="3e79234c-0bd0-b8e6-c8bf-7b6fd77943a7" testName="HasImpersonationScope_should_return_false_when_scope_does_not_match_impersonation_scope" computerName="TFSBUILD11" duration="00:00:00.0104925" startTime="2015-09-28T09:43:21.1085438-07:00" endTime="2015-09-28T09:43:21.1241691-07:00" testType="13cdc9d9-ddb5-4fa4-a97d-d965ccfc6d4b" outcome="Passed" testListId="8c84fa94-04c1-424b-9868-57a2d4851a1d" relativeResultsDirectory="801ca176-0e08-4428-aa9e-adc9194aca8c" />
    <UnitTestResult executionId="7af5a2e3-adb6-4f47-aee8-05e7c85ebcc4" testId="731417b0-77a9-43f0-80a7-c7ccb0397c22" testName="HasImpersonation_scope_should_return_true_when_scope_matches_impersonation_scope" computerName="TFSBUILD11" duration="00:00:00.0056075" startTime="2015-09-28T09:43:21.1241691-07:00" endTime="2015-09-28T09:43:21.1241691-07:00" testType="13cdc9d9-ddb5-4fa4-a97d-d965ccfc6d4b" outcome="Passed" testListId="8c84fa94-04c1-424b-9868-57a2d4851a1d" relativeResultsDirectory="7af5a2e3-adb6-4f47-aee8-05e7c85ebcc4" />
    <UnitTestResult executionId="db4589c5-bf1e-42b3-b410-70439b6ecf34" testId="7f6d21b5-5b9b-d346-1c99-db273d34aa34" testName="HasImpersonation_scope_should_return_true_when_request_uri_matches_multiple_scopes_incl_impersonation_scope" computerName="TFSBUILD11" duration="00:00:00.0004841" startTime="2015-09-28T09:43:21.1241691-07:00" endTime="2015-09-28T09:43:21.1241691-07:00" testType="13cdc9d9-ddb5-4fa4-a97d-d965ccfc6d4b" outcome="Passed" testListId="8c84fa94-04c1-424b-9868-57a2d4851a1d" relativeResultsDirectory="db4589c5-bf1e-42b3-b410-70439b6ecf34" />
    <UnitTestResult executionId="5bd3173f-6c0f-411c-b92c-d952e6074d22" testId="e69cf4fb-ef34-31a0-8d00-24ff48dc659d" testName="HasImpersonation_scope_should_return_false_when_request_scope_does_not_match_wellknown_impersonation_scope" computerName="TFSBUILD11" duration="00:00:00.0007893" startTime="2015-09-28T09:43:21.1241691-07:00" endTime="2015-09-28T09:43:21.1241691-07:00" testType="13cdc9d9-ddb5-4fa4-a97d-d965ccfc6d4b" outcome="Passed" testListId="8c84fa94-04c1-424b-9868-57a2d4851a1d" relativeResultsDirectory="5bd3173f-6c0f-411c-b92c-d952e6074d22" />
    <UnitTestResult executionId="96a65f26-e801-4014-9395-d7abba7cafd0" testId="77deff89-3e44-510d-b44c-2cc55ae57fcb" testName="Should_throw_argument_exception_when_registration_id_is_invalid" computerName="TFSBUILD11" duration="00:00:00.0016079" startTime="2015-09-28T09:43:21.1241691-07:00" endTime="2015-09-28T09:43:21.1397955-07:00" testType="13cdc9d9-ddb5-4fa4-a97d-d965ccfc6d4b" outcome="Passed" testListId="8c84fa94-04c1-424b-9868-57a2d4851a1d" relativeResultsDirectory="96a65f26-e801-4014-9395-d7abba7cafd0" />
    <UnitTestResult executionId="5fa16d32-f0bb-4e31-9720-7a3ef8587c11" testId="cdb16d4a-ecf1-9dd9-eaeb-38ccea8815be" testName="Should_throw_argument_exception_when_registration_cannot_be_found" computerName="TFSBUILD11" duration="00:00:00.0039315" startTime="2015-09-28T09:43:21.1397955-07:00" endTime="2015-09-28T09:43:21.1397955-07:00" testType="13cdc9d9-ddb5-4fa4-a97d-d965ccfc6d4b" outcome="Passed" testListId="8c84fa94-04c1-424b-9868-57a2d4851a1d" relativeResultsDirectory="5fa16d32-f0bb-4e31-9720-7a3ef8587c11" />
    <UnitTestResult executionId="7f78f806-080f-41ab-a63e-3900996941ae" testId="2369e16f-6489-0712-4598-a81c43008c50" testName="Should_return_registration_for_identity_from_component" computerName="TFSBUILD11" duration="00:00:00.0021654" startTime="2015-09-28T09:43:21.1397955-07:00" endTime="2015-09-28T09:43:21.1554219-07:00" testType="13cdc9d9-ddb5-4fa4-a97d-d965ccfc6d4b" outcome="Passed" testListId="8c84fa94-04c1-424b-9868-57a2d4851a1d" relativeResultsDirectory="7f78f806-080f-41ab-a63e-3900996941ae" />
    <UnitTestResult executionId="f6081e57-7c53-4b90-adad-9df37ef12fae" testId="4a25b6fe-0cc2-98ea-5b23-fe99b8eb0d30" testName="Should_throw_argument_null_when_request_context_is_null" computerName="TFSBUILD11" duration="00:00:00.0009201" startTime="2015-09-28T09:43:21.1554219-07:00" endTime="2015-09-28T09:43:21.1554219-07:00" testType="13cdc9d9-ddb5-4fa4-a97d-d965ccfc6d4b" outcome="Passed" testListId="8c84fa94-04c1-424b-9868-57a2d4851a1d" relativeResultsDirectory="f6081e57-7c53-4b90-adad-9df37ef12fae" />
    <UnitTestResult executionId="afca06c7-e416-412b-b3cd-2071127f1b31" testId="141c4845-262d-74b1-6372-1863649ece06" testName="Should_return_an_empty_list_when_registration_ux_feature_id_disabled" computerName="TFSBUILD11" duration="00:00:00.0024726" startTime="2015-09-28T09:43:21.1554219-07:00" endTime="2015-09-28T09:43:21.1554219-07:00" testType="13cdc9d9-ddb5-4fa4-a97d-d965ccfc6d4b" outcome="Passed" testListId="8c84fa94-04c1-424b-9868-57a2d4851a1d" relativeResultsDirectory="afca06c7-e416-412b-b3cd-2071127f1b31" />
    <UnitTestResult executionId="ab8120b2-071d-49f1-898a-7d90b149f189" testId="9e7c6399-7831-90f0-15b6-a8fccfdefd8a" testName="Should_return_list_of_registrations_for_current_user_from_component" computerName="TFSBUILD11" duration="00:00:00.0048713" startTime="2015-09-28T09:43:21.1554219-07:00" endTime="2015-09-28T09:43:21.1710480-07:00" testType="13cdc9d9-ddb5-4fa4-a97d-d965ccfc6d4b" outcome="Passed" testListId="8c84fa94-04c1-424b-9868-57a2d4851a1d" relativeResultsDirectory="ab8120b2-071d-49f1-898a-7d90b149f189" />
    <UnitTestResult executionId="514a5ea6-ce51-4c8c-9366-298211beb087" testId="387fb066-7744-7235-995c-f5a1921085a0" testName="Should_throw_argument_null_exception_when_request_context_is_null" computerName="TFSBUILD11" duration="00:00:00.0023660" startTime="2015-09-28T09:43:21.1710480-07:00" endTime="2015-09-28T09:43:21.2022996-07:00" testType="13cdc9d9-ddb5-4fa4-a97d-d965ccfc6d4b" outcome="Passed" testListId="8c84fa94-04c1-424b-9868-57a2d4851a1d" relativeResultsDirectory="514a5ea6-ce51-4c8c-9366-298211beb087" />
    <UnitTestResult executionId="52f8d5bf-2109-4063-85e8-67400671c421" testId="e822673e-80e9-4d9a-3f3a-039713f662f1" testName="Should_throw_argument_null_exception_when_registration_is_null" computerName="TFSBUILD11" duration="00:00:00.0004246" startTime="2015-09-28T09:43:21.2022996-07:00" endTime="2015-09-28T09:43:21.2022996-07:00" testType="13cdc9d9-ddb5-4fa4-a97d-d965ccfc6d4b" outcome="Passed" testListId="8c84fa94-04c1-424b-9868-57a2d4851a1d" relativeResultsDirectory="52f8d5bf-2109-4063-85e8-67400671c421" />
    <UnitTestResult executionId="1f4d300a-75ca-41dd-949b-59fcd3bbb2ba" testId="5a060b65-c8dd-095c-7055-129434fbe8a9" testName="Should_validate_and_update_registration_with_component" computerName="TFSBUILD11" duration="00:00:00.0020019" startTime="2015-09-28T09:43:21.2022996-07:00" endTime="2015-09-28T09:43:21.2179257-07:00" testType="13cdc9d9-ddb5-4fa4-a97d-d965ccfc6d4b" outcome="Passed" testListId="8c84fa94-04c1-424b-9868-57a2d4851a1d" relativeResultsDirectory="1f4d300a-75ca-41dd-949b-59fcd3bbb2ba" />
    <UnitTestResult executionId="d991d561-ffa0-41c2-b70d-735f15b1c701" testId="aa0937dd-7eb5-b5fa-da4c-708dbb90d717" testName="Should_throw_argument_null_exception_when_request_context_is_null" computerName="TFSBUILD11" duration="00:00:00.0085094" startTime="2015-09-28T09:43:21.2179257-07:00" endTime="2015-09-28T09:43:21.2335521-07:00" testType="13cdc9d9-ddb5-4fa4-a97d-d965ccfc6d4b" outcome="Passed" testListId="8c84fa94-04c1-424b-9868-57a2d4851a1d" relativeResultsDirectory="d991d561-ffa0-41c2-b70d-735f15b1c701" />
    <UnitTestResult executionId="62398b74-09f7-43a1-9214-f1c2da62b43b" testId="160a8e7c-ddc5-289f-b394-d4f93ab2eee4" testName="Should_throw_argument_null_exception_when_registration_is_null" computerName="TFSBUILD11" duration="00:00:00.0004206" startTime="2015-09-28T09:43:21.2335521-07:00" endTime="2015-09-28T09:43:21.2491797-07:00" testType="13cdc9d9-ddb5-4fa4-a97d-d965ccfc6d4b" outcome="Passed" testListId="8c84fa94-04c1-424b-9868-57a2d4851a1d" relativeResultsDirectory="62398b74-09f7-43a1-9214-f1c2da62b43b" />
    <UnitTestResult executionId="dd1dcb9a-1c72-4855-8cba-14d840269639" testId="e1b2bc3c-0b33-b0d7-794f-f3e043bb0266" testName="Should_validate_and_create_registration_with_component" computerName="TFSBUILD11" duration="00:00:00.0023335" startTime="2015-09-28T09:43:21.2491797-07:00" endTime="2015-09-28T09:43:21.2648041-07:00" testType="13cdc9d9-ddb5-4fa4-a97d-d965ccfc6d4b" outcome="Passed" testListId="8c84fa94-04c1-424b-9868-57a2d4851a1d" relativeResultsDirectory="dd1dcb9a-1c72-4855-8cba-14d840269639" />
    <UnitTestResult executionId="20c391d8-a8c8-4f22-8d8d-cf55fc585307" testId="df906228-3905-21b9-7d13-fa6e61f9c0d0" testName="Should_throw_invalid_access_exception_when_client_type_is_full_trust" computerName="TFSBUILD11" duration="00:00:00.0018349" startTime="2015-09-28T09:43:21.2648041-07:00" endTime="2015-09-28T09:43:21.2648041-07:00" testType="13cdc9d9-ddb5-4fa4-a97d-d965ccfc6d4b" outcome="Passed" testListId="8c84fa94-04c1-424b-9868-57a2d4851a1d" relativeResultsDirectory="20c391d8-a8c8-4f22-8d8d-cf55fc585307" />
    <UnitTestResult executionId="28b7c1e9-7c50-43ef-9740-8ddab85461b4" testId="1ac3893a-fa30-6e17-f1d8-ef67552e2f31" testName="Should_throw_argument_null_exception_when_request_context_is_null" computerName="TFSBUILD11" duration="00:00:00.0015803" startTime="2015-09-28T09:43:21.2648041-07:00" endTime="2015-09-28T09:43:21.2804299-07:00" testType="13cdc9d9-ddb5-4fa4-a97d-d965ccfc6d4b" outcome="Passed" testListId="8c84fa94-04c1-424b-9868-57a2d4851a1d" relativeResultsDirectory="28b7c1e9-7c50-43ef-9740-8ddab85461b4" />
    <UnitTestResult executionId="9cf1a72a-5282-446e-bc61-920c296eabbd" testId="cbd95323-f57f-35b7-c6b2-a02ad110f6e8" testName="Should_throw_argument_null_exception_when_registration_is_null" computerName="TFSBUILD11" duration="00:00:00.0006462" startTime="2015-09-28T09:43:21.2804299-07:00" endTime="2015-09-28T09:43:21.2804299-07:00" testType="13cdc9d9-ddb5-4fa4-a97d-d965ccfc6d4b" outcome="Passed" testListId="8c84fa94-04c1-424b-9868-57a2d4851a1d" relativeResultsDirectory="9cf1a72a-5282-446e-bc61-920c296eabbd" />
  </Results>
  <TestDefinitions>
    <UnitTest name="AuthorizationScopeUri_Constructor_WhenNullUri" storage="d:\v2.0\a1\_work\dbded102\bin\release.anycpu\sps.service\ms.vs.services.delegatedauthorization.l0.tests\ms.vs.services.delegatedauthorization.l0.tests.dll" priority="1" id="b2ffb25d-6f1e-b9b4-1974-e734d5f12431">
      <Owners>
        <Owner name="vscsditeam" />
      </Owners>
      <Execution id="d5c5b267-da1f-4126-a23b-90666537680f" />
      <TestMethod codeBase="D:\v2.0\A1\_work\dbded102\bin\Release.AnyCPU\Sps.Service\MS.VS.Services.DelegatedAuthorization.L0.Tests\MS.VS.Services.DelegatedAuthorization.L0.Tests.dll" adapterTypeName="Microsoft.VisualStudio.TestTools.TestTypes.Unit.UnitTestAdapter" className="MS.VS.Services.DelegatedAuthorization.L0.Tests.AuthorizationScopeUriTests" name="AuthorizationScopeUri_Constructor_WhenNullUri" />
    </UnitTest>
    <UnitTest name="AuthorizationScopeUri_Constructor_WhenStringNull" storage="d:\v2.0\a1\_work\dbded102\bin\release.anycpu\sps.service\ms.vs.services.delegatedauthorization.l0.tests\ms.vs.services.delegatedauthorization.l0.tests.dll" priority="1" id="2cfee36a-100c-4f6f-5ff2-cd128e884f22">
      <Owners>
        <Owner name="vscsditeam" />
      </Owners>
      <Execution id="e6a6dbed-4e39-44b3-ac1e-f2833dcf2354" />
      <TestMethod codeBase="D:\v2.0\A1\_work\dbded102\bin\Release.AnyCPU\Sps.Service\MS.VS.Services.DelegatedAuthorization.L0.Tests\MS.VS.Services.DelegatedAuthorization.L0.Tests.dll" adapterTypeName="Microsoft.VisualStudio.TestTools.TestTypes.Unit.UnitTestAdapter" className="MS.VS.Services.DelegatedAuthorization.L0.Tests.AuthorizationScopeUriTests" name="AuthorizationScopeUri_Constructor_WhenStringNull" />
    </UnitTest>
    <UnitTest name="AuthorizationScopeUri_Constructor_WhenStringEmpty" storage="d:\v2.0\a1\_work\dbded102\bin\release.anycpu\sps.service\ms.vs.services.delegatedauthorization.l0.tests\ms.vs.services.delegatedauthorization.l0.tests.dll" priority="1" id="55153749-43ee-de4c-e263-61ebbb1f30da">
      <Owners>
        <Owner name="vscsditeam" />
      </Owners>
      <Execution id="3b04dc0b-df0c-470f-aaac-73441bbd6d77" />
      <TestMethod codeBase="D:\v2.0\A1\_work\dbded102\bin\Release.AnyCPU\Sps.Service\MS.VS.Services.DelegatedAuthorization.L0.Tests\MS.VS.Services.DelegatedAuthorization.L0.Tests.dll" adapterTypeName="Microsoft.VisualStudio.TestTools.TestTypes.Unit.UnitTestAdapter" className="MS.VS.Services.DelegatedAuthorization.L0.Tests.AuthorizationScopeUriTests" name="AuthorizationScopeUri_Constructor_WhenStringEmpty" />
    </UnitTest>
    <UnitTest name="AuthorizationScopeUri_Constructor_WhenStringBlank" storage="d:\v2.0\a1\_work\dbded102\bin\release.anycpu\sps.service\ms.vs.services.delegatedauthorization.l0.tests\ms.vs.services.delegatedauthorization.l0.tests.dll" priority="1" id="90a45ede-a277-f7dd-19f9-3a08c5833112">
      <Owners>
        <Owner name="vscsditeam" />
      </Owners>
      <Execution id="864d60ce-4ab3-41e4-8bc9-2e28dc9f5825" />
      <TestMethod codeBase="D:\v2.0\A1\_work\dbded102\bin\Release.AnyCPU\Sps.Service\MS.VS.Services.DelegatedAuthorization.L0.Tests\MS.VS.Services.DelegatedAuthorization.L0.Tests.dll" adapterTypeName="Microsoft.VisualStudio.TestTools.TestTypes.Unit.UnitTestAdapter" className="MS.VS.Services.DelegatedAuthorization.L0.Tests.AuthorizationScopeUriTests" name="AuthorizationScopeUri_Constructor_WhenStringBlank" />
    </UnitTest>
    <UnitTest name="AuthorizationScopeUri_Constructor_WhenStringInvalid" storage="d:\v2.0\a1\_work\dbded102\bin\release.anycpu\sps.service\ms.vs.services.delegatedauthorization.l0.tests\ms.vs.services.delegatedauthorization.l0.tests.dll" priority="1" id="2cd9d2e7-bf08-d8d4-19c2-458c7480ef31">
      <Owners>
        <Owner name="vscsditeam" />
      </Owners>
      <Execution id="1bf81d08-d505-4504-b33c-027a789dec93" />
      <TestMethod codeBase="D:\v2.0\A1\_work\dbded102\bin\Release.AnyCPU\Sps.Service\MS.VS.Services.DelegatedAuthorization.L0.Tests\MS.VS.Services.DelegatedAuthorization.L0.Tests.dll" adapterTypeName="Microsoft.VisualStudio.TestTools.TestTypes.Unit.UnitTestAdapter" className="MS.VS.Services.DelegatedAuthorization.L0.Tests.AuthorizationScopeUriTests" name="AuthorizationScopeUri_Constructor_WhenStringInvalid" />
    </UnitTest>
    <UnitTest name="AuthorizationScopeUri_Constructor_WhenAbsoluteUri" storage="d:\v2.0\a1\_work\dbded102\bin\release.anycpu\sps.service\ms.vs.services.delegatedauthorization.l0.tests\ms.vs.services.delegatedauthorization.l0.tests.dll" priority="1" id="a028234c-bdc1-d19b-ca46-375c1b7bf109">
      <Owners>
        <Owner name="vscsditeam" />
      </Owners>
      <Execution id="8c0c1f91-1bc3-4494-b495-6ccceb676822" />
      <TestMethod codeBase="D:\v2.0\A1\_work\dbded102\bin\Release.AnyCPU\Sps.Service\MS.VS.Services.DelegatedAuthorization.L0.Tests\MS.VS.Services.DelegatedAuthorization.L0.Tests.dll" adapterTypeName="Microsoft.VisualStudio.TestTools.TestTypes.Unit.UnitTestAdapter" className="MS.VS.Services.DelegatedAuthorization.L0.Tests.AuthorizationScopeUriTests" name="AuthorizationScopeUri_Constructor_WhenAbsoluteUri" />
    </UnitTest>
    <UnitTest name="AuthorizationScopeUri_Constructor_WhenWellKnownScope" storage="d:\v2.0\a1\_work\dbded102\bin\release.anycpu\sps.service\ms.vs.services.delegatedauthorization.l0.tests\ms.vs.services.delegatedauthorization.l0.tests.dll" priority="1" id="9ac7c727-0e01-e136-5fd8-4025df4b0c95">
      <Owners>
        <Owner name="vscsditeam" />
      </Owners>
      <Execution id="2fb95479-12e4-41b3-8fc3-c28fa179fc9a" />
      <TestMethod codeBase="D:\v2.0\A1\_work\dbded102\bin\Release.AnyCPU\Sps.Service\MS.VS.Services.DelegatedAuthorization.L0.Tests\MS.VS.Services.DelegatedAuthorization.L0.Tests.dll" adapterTypeName="Microsoft.VisualStudio.TestTools.TestTypes.Unit.UnitTestAdapter" className="MS.VS.Services.DelegatedAuthorization.L0.Tests.AuthorizationScopeUriTests" name="AuthorizationScopeUri_Constructor_WhenWellKnownScope" />
    </UnitTest>
    <UnitTest name="AuthorizationScopeUri_Constructor_WhenAbsolutePath" storage="d:\v2.0\a1\_work\dbded102\bin\release.anycpu\sps.service\ms.vs.services.delegatedauthorization.l0.tests\ms.vs.services.delegatedauthorization.l0.tests.dll" priority="1" id="68860ac4-e543-c5ee-bddb-3401113e4f1f">
      <Owners>
        <Owner name="vscsditeam" />
      </Owners>
      <Execution id="39777584-3bfd-45af-b52b-72b50f30464d" />
      <TestMethod codeBase="D:\v2.0\A1\_work\dbded102\bin\Release.AnyCPU\Sps.Service\MS.VS.Services.DelegatedAuthorization.L0.Tests\MS.VS.Services.DelegatedAuthorization.L0.Tests.dll" adapterTypeName="Microsoft.VisualStudio.TestTools.TestTypes.Unit.UnitTestAdapter" className="MS.VS.Services.DelegatedAuthorization.L0.Tests.AuthorizationScopeUriTests" name="AuthorizationScopeUri_Constructor_WhenAbsolutePath" />
    </UnitTest>
    <UnitTest name="AuthorizationScopeUri_Constructor_WhenExplicitMethods" storage="d:\v2.0\a1\_work\dbded102\bin\release.anycpu\sps.service\ms.vs.services.delegatedauthorization.l0.tests\ms.vs.services.delegatedauthorization.l0.tests.dll" priority="1" id="2454168f-73c7-e382-cc0a-0e71fc59a133">
      <Owners>
        <Owner name="vscsditeam" />
      </Owners>
      <Execution id="a3f8e040-88e3-4d4c-96b8-7dd43003f627" />
      <TestMethod codeBase="D:\v2.0\A1\_work\dbded102\bin\Release.AnyCPU\Sps.Service\MS.VS.Services.DelegatedAuthorization.L0.Tests\MS.VS.Services.DelegatedAuthorization.L0.Tests.dll" adapterTypeName="Microsoft.VisualStudio.TestTools.TestTypes.Unit.UnitTestAdapter" className="MS.VS.Services.DelegatedAuthorization.L0.Tests.AuthorizationScopeUriTests" name="AuthorizationScopeUri_Constructor_WhenExplicitMethods" />
    </UnitTest>
    <UnitTest name="AuthorizationScopeUri_Constructor_WhenRelativeExplicitMethods" storage="d:\v2.0\a1\_work\dbded102\bin\release.anycpu\sps.service\ms.vs.services.delegatedauthorization.l0.tests\ms.vs.services.delegatedauthorization.l0.tests.dll" priority="1" id="756013a2-c950-8dc8-e851-5782cfdc3c0b">
      <Owners>
        <Owner name="vscsditeam" />
      </Owners>
      <Execution id="679a0235-0190-420b-bba4-da79cc43a7e5" />
      <TestMethod codeBase="D:\v2.0\A1\_work\dbded102\bin\Release.AnyCPU\Sps.Service\MS.VS.Services.DelegatedAuthorization.L0.Tests\MS.VS.Services.DelegatedAuthorization.L0.Tests.dll" adapterTypeName="Microsoft.VisualStudio.TestTools.TestTypes.Unit.UnitTestAdapter" className="MS.VS.Services.DelegatedAuthorization.L0.Tests.AuthorizationScopeUriTests" name="AuthorizationScopeUri_Constructor_WhenRelativeExplicitMethods" />
    </UnitTest>
    <UnitTest name="AuthorizationScopeUri_MatchHost_WhenExact" storage="d:\v2.0\a1\_work\dbded102\bin\release.anycpu\sps.service\ms.vs.services.delegatedauthorization.l0.tests\ms.vs.services.delegatedauthorization.l0.tests.dll" priority="1" id="d2083acc-05a5-af88-efac-97e6ac056657">
      <Owners>
        <Owner name="vscsditeam" />
      </Owners>
      <Execution id="c426019d-ff5f-450c-a806-73c95531ad70" />
      <TestMethod codeBase="D:\v2.0\A1\_work\dbded102\bin\Release.AnyCPU\Sps.Service\MS.VS.Services.DelegatedAuthorization.L0.Tests\MS.VS.Services.DelegatedAuthorization.L0.Tests.dll" adapterTypeName="Microsoft.VisualStudio.TestTools.TestTypes.Unit.UnitTestAdapter" className="MS.VS.Services.DelegatedAuthorization.L0.Tests.AuthorizationScopeUriTests" name="AuthorizationScopeUri_MatchHost_WhenExact" />
    </UnitTest>
    <UnitTest name="AuthorizationScopeUri_MatchHost_WhenCaseInsensitive" storage="d:\v2.0\a1\_work\dbded102\bin\release.anycpu\sps.service\ms.vs.services.delegatedauthorization.l0.tests\ms.vs.services.delegatedauthorization.l0.tests.dll" priority="1" id="f25dc5b3-634b-65af-7745-cf91156b9779">
      <Owners>
        <Owner name="vscsditeam" />
      </Owners>
      <Execution id="75c739d7-d927-4061-99ff-9ae281309829" />
      <TestMethod codeBase="D:\v2.0\A1\_work\dbded102\bin\Release.AnyCPU\Sps.Service\MS.VS.Services.DelegatedAuthorization.L0.Tests\MS.VS.Services.DelegatedAuthorization.L0.Tests.dll" adapterTypeName="Microsoft.VisualStudio.TestTools.TestTypes.Unit.UnitTestAdapter" className="MS.VS.Services.DelegatedAuthorization.L0.Tests.AuthorizationScopeUriTests" name="AuthorizationScopeUri_MatchHost_WhenCaseInsensitive" />
    </UnitTest>
    <UnitTest name="AuthorizationScopeUri_MatchHost_WhenEqualNumberOfComponentsAndLeadingWildcard" storage="d:\v2.0\a1\_work\dbded102\bin\release.anycpu\sps.service\ms.vs.services.delegatedauthorization.l0.tests\ms.vs.services.delegatedauthorization.l0.tests.dll" priority="1" id="41bd206a-dcdf-32ac-af7f-24bb092c4ef4">
      <Owners>
        <Owner name="vscsditeam" />
      </Owners>
      <Execution id="34781306-d5da-4d10-992a-9746a3a5ecd3" />
      <TestMethod codeBase="D:\v2.0\A1\_work\dbded102\bin\Release.AnyCPU\Sps.Service\MS.VS.Services.DelegatedAuthorization.L0.Tests\MS.VS.Services.DelegatedAuthorization.L0.Tests.dll" adapterTypeName="Microsoft.VisualStudio.TestTools.TestTypes.Unit.UnitTestAdapter" className="MS.VS.Services.DelegatedAuthorization.L0.Tests.AuthorizationScopeUriTests" name="AuthorizationScopeUri_MatchHost_WhenEqualNumberOfComponentsAndLeadingWildcard" />
    </UnitTest>
    <UnitTest name="AuthorizationScopeUri_MatchHost_WhenCaseInsensitiveEqualNumberOfComponentsAndLeadingWildcard" storage="d:\v2.0\a1\_work\dbded102\bin\release.anycpu\sps.service\ms.vs.services.delegatedauthorization.l0.tests\ms.vs.services.delegatedauthorization.l0.tests.dll" priority="1" id="e0446723-467c-9d68-e70e-fc64796a2080">
      <Owners>
        <Owner name="vscsditeam" />
      </Owners>
      <Execution id="433c0da3-b755-43de-8bd8-ef857245a5c8" />
      <TestMethod codeBase="D:\v2.0\A1\_work\dbded102\bin\Release.AnyCPU\Sps.Service\MS.VS.Services.DelegatedAuthorization.L0.Tests\MS.VS.Services.DelegatedAuthorization.L0.Tests.dll" adapterTypeName="Microsoft.VisualStudio.TestTools.TestTypes.Unit.UnitTestAdapter" className="MS.VS.Services.DelegatedAuthorization.L0.Tests.AuthorizationScopeUriTests" name="AuthorizationScopeUri_MatchHost_WhenCaseInsensitiveEqualNumberOfComponentsAndLeadingWildcard" />
    </UnitTest>
    <UnitTest name="AuthorizationScopeUri_MatchHost_WhenMoreComponents" storage="d:\v2.0\a1\_work\dbded102\bin\release.anycpu\sps.service\ms.vs.services.delegatedauthorization.l0.tests\ms.vs.services.delegatedauthorization.l0.tests.dll" priority="1" id="8262124c-e193-69a1-329a-52482786cfe8">
      <Owners>
        <Owner name="vscsditeam" />
      </Owners>
      <Execution id="e7de8b6b-5518-4b54-9de0-783fa5beb0f8" />
      <TestMethod codeBase="D:\v2.0\A1\_work\dbded102\bin\Release.AnyCPU\Sps.Service\MS.VS.Services.DelegatedAuthorization.L0.Tests\MS.VS.Services.DelegatedAuthorization.L0.Tests.dll" adapterTypeName="Microsoft.VisualStudio.TestTools.TestTypes.Unit.UnitTestAdapter" className="MS.VS.Services.DelegatedAuthorization.L0.Tests.AuthorizationScopeUriTests" name="AuthorizationScopeUri_MatchHost_WhenMoreComponents" />
    </UnitTest>
    <UnitTest name="AuthorizationScopeUri_MatchHost_NotWhenLessComponents" storage="d:\v2.0\a1\_work\dbded102\bin\release.anycpu\sps.service\ms.vs.services.delegatedauthorization.l0.tests\ms.vs.services.delegatedauthorization.l0.tests.dll" priority="1" id="b60f715b-b361-dd08-08d1-f98916984669">
      <Owners>
        <Owner name="vscsditeam" />
      </Owners>
      <Execution id="4b0577fa-a865-457d-ba3c-22f047731030" />
      <TestMethod codeBase="D:\v2.0\A1\_work\dbded102\bin\Release.AnyCPU\Sps.Service\MS.VS.Services.DelegatedAuthorization.L0.Tests\MS.VS.Services.DelegatedAuthorization.L0.Tests.dll" adapterTypeName="Microsoft.VisualStudio.TestTools.TestTypes.Unit.UnitTestAdapter" className="MS.VS.Services.DelegatedAuthorization.L0.Tests.AuthorizationScopeUriTests" name="AuthorizationScopeUri_MatchHost_NotWhenLessComponents" />
    </UnitTest>
    <UnitTest name="Should_throw_argument_null_exception_when_settings_is_null" storage="d:\v2.0\a1\_work\dbded102\bin\release.anycpu\sps.service\ms.vs.services.delegatedauthorization.l0.tests\ms.vs.services.delegatedauthorization.l0.tests.dll" id="0e7d6b41-f431-dda6-53be-a5c5f202c82c">
      <Execution id="950d9396-2abb-46ca-915d-c2985af520a4" />
      <TestMethod codeBase="D:\v2.0\A1\_work\dbded102\bin\Release.AnyCPU\Sps.Service\MS.VS.Services.DelegatedAuthorization.L0.Tests\MS.VS.Services.DelegatedAuthorization.L0.Tests.dll" adapterTypeName="Microsoft.VisualStudio.TestTools.TestTypes.Unit.UnitTestAdapter" className="MS.VS.Services.DelegatedAuthorization.L0.Tests.SessionTokenLifetimePolicyTests" name="Should_throw_argument_null_exception_when_settings_is_null" />
    </UnitTest>
    <UnitTest name="Should_throw_argument_exception_when_targetidentity_is_empty" storage="d:\v2.0\a1\_work\dbded102\bin\release.anycpu\sps.service\ms.vs.services.delegatedauthorization.l0.tests\ms.vs.services.delegatedauthorization.l0.tests.dll" id="24d5ed58-427f-883d-856b-014598a35b4e">
      <Execution id="78d925fa-926c-4556-8860-6b83de774d73" />
      <TestMethod codeBase="D:\v2.0\A1\_work\dbded102\bin\Release.AnyCPU\Sps.Service\MS.VS.Services.DelegatedAuthorization.L0.Tests\MS.VS.Services.DelegatedAuthorization.L0.Tests.dll" adapterTypeName="Microsoft.VisualStudio.TestTools.TestTypes.Unit.UnitTestAdapter" className="MS.VS.Services.DelegatedAuthorization.L0.Tests.SessionTokenLifetimePolicyTests" name="Should_throw_argument_exception_when_targetidentity_is_empty" />
    </UnitTest>
    <UnitTest name="Should_return_max_validto_date_when_validto_date_is_greater_than_expected_max_date" storage="d:\v2.0\a1\_work\dbded102\bin\release.anycpu\sps.service\ms.vs.services.delegatedauthorization.l0.tests\ms.vs.services.delegatedauthorization.l0.tests.dll" id="39c7c06a-b887-66ce-358e-5ee4623a7102">
      <Execution id="548e1d7f-bb71-41f3-b0ec-c7254c42dd90" />
      <TestMethod codeBase="D:\v2.0\A1\_work\dbded102\bin\Release.AnyCPU\Sps.Service\MS.VS.Services.DelegatedAuthorization.L0.Tests\MS.VS.Services.DelegatedAuthorization.L0.Tests.dll" adapterTypeName="Microsoft.VisualStudio.TestTools.TestTypes.Unit.UnitTestAdapter" className="MS.VS.Services.DelegatedAuthorization.L0.Tests.SessionTokenLifetimePolicyTests" name="Should_return_max_validto_date_when_validto_date_is_greater_than_expected_max_date" />
    </UnitTest>
    <UnitTest name="Should_return_impersonate_validto_date_when_authenticated_identityId_not_match_with_target_identity" storage="d:\v2.0\a1\_work\dbded102\bin\release.anycpu\sps.service\ms.vs.services.delegatedauthorization.l0.tests\ms.vs.services.delegatedauthorization.l0.tests.dll" id="40365532-a718-9702-9b68-063be292ad2a">
      <Execution id="e94b7927-f082-410a-ac89-94b8d406d318" />
      <TestMethod codeBase="D:\v2.0\A1\_work\dbded102\bin\Release.AnyCPU\Sps.Service\MS.VS.Services.DelegatedAuthorization.L0.Tests\MS.VS.Services.DelegatedAuthorization.L0.Tests.dll" adapterTypeName="Microsoft.VisualStudio.TestTools.TestTypes.Unit.UnitTestAdapter" className="MS.VS.Services.DelegatedAuthorization.L0.Tests.SessionTokenLifetimePolicyTests" name="Should_return_impersonate_validto_date_when_authenticated_identityId_not_match_with_target_identity" />
    </UnitTest>
    <UnitTest name="Should_return_default_validto_date_when_authenticated_identityId_match_with_target_identity" storage="d:\v2.0\a1\_work\dbded102\bin\release.anycpu\sps.service\ms.vs.services.delegatedauthorization.l0.tests\ms.vs.services.delegatedauthorization.l0.tests.dll" id="eb0119de-109f-6eaa-a964-c89ce1ce9ace">
      <Execution id="64b169a9-68d9-4ed6-9119-d72e9b82f465" />
      <TestMethod codeBase="D:\v2.0\A1\_work\dbded102\bin\Release.AnyCPU\Sps.Service\MS.VS.Services.DelegatedAuthorization.L0.Tests\MS.VS.Services.DelegatedAuthorization.L0.Tests.dll" adapterTypeName="Microsoft.VisualStudio.TestTools.TestTypes.Unit.UnitTestAdapter" className="MS.VS.Services.DelegatedAuthorization.L0.Tests.SessionTokenLifetimePolicyTests" name="Should_return_default_validto_date_when_authenticated_identityId_match_with_target_identity" />
    </UnitTest>
    <UnitTest name="Should_return_max_validto_date_when_validto_date_is_greater_than_expected_max_date_in_update_policy" storage="d:\v2.0\a1\_work\dbded102\bin\release.anycpu\sps.service\ms.vs.services.delegatedauthorization.l0.tests\ms.vs.services.delegatedauthorization.l0.tests.dll" id="11b5ae1e-844d-4b57-646f-ac240a2b7764">
      <Execution id="56264d5b-6872-460a-9798-cfd0fb444f68" />
      <TestMethod codeBase="D:\v2.0\A1\_work\dbded102\bin\Release.AnyCPU\Sps.Service\MS.VS.Services.DelegatedAuthorization.L0.Tests\MS.VS.Services.DelegatedAuthorization.L0.Tests.dll" adapterTypeName="Microsoft.VisualStudio.TestTools.TestTypes.Unit.UnitTestAdapter" className="MS.VS.Services.DelegatedAuthorization.L0.Tests.SessionTokenLifetimePolicyTests" name="Should_return_max_validto_date_when_validto_date_is_greater_than_expected_max_date_in_update_policy" />
    </UnitTest>
    <UnitTest name="Should_return_validto_date__null_when_validto_date_is_not_passed_in_update_policy" storage="d:\v2.0\a1\_work\dbded102\bin\release.anycpu\sps.service\ms.vs.services.delegatedauthorization.l0.tests\ms.vs.services.delegatedauthorization.l0.tests.dll" id="97f523ec-12bc-eaa9-f045-91293c2dbd63">
      <Execution id="2a522c43-fecf-49cf-8d24-fcbb8c7113aa" />
      <TestMethod codeBase="D:\v2.0\A1\_work\dbded102\bin\Release.AnyCPU\Sps.Service\MS.VS.Services.DelegatedAuthorization.L0.Tests\MS.VS.Services.DelegatedAuthorization.L0.Tests.dll" adapterTypeName="Microsoft.VisualStudio.TestTools.TestTypes.Unit.UnitTestAdapter" className="MS.VS.Services.DelegatedAuthorization.L0.Tests.SessionTokenLifetimePolicyTests" name="Should_return_validto_date__null_when_validto_date_is_not_passed_in_update_policy" />
    </UnitTest>
    <UnitTest name="Validate_should_throw_argument_exception_when_user_id_is_empty" storage="d:\v2.0\a1\_work\dbded102\bin\release.anycpu\sps.service\ms.vs.services.delegatedauthorization.l0.tests\ms.vs.services.delegatedauthorization.l0.tests.dll" id="04f30809-2dcc-c4cc-3e71-496cdefb1d0d">
      <Execution id="43e1bc9d-3dec-4361-8f4b-0a305739abab" />
      <TestMethod codeBase="D:\v2.0\A1\_work\dbded102\bin\Release.AnyCPU\Sps.Service\MS.VS.Services.DelegatedAuthorization.L0.Tests\MS.VS.Services.DelegatedAuthorization.L0.Tests.dll" adapterTypeName="Microsoft.VisualStudio.TestTools.TestTypes.Unit.UnitTestAdapter" className="MS.VS.Services.DelegatedAuthorization.L0.Tests.RegistrationTests" name="Validate_should_throw_argument_exception_when_user_id_is_empty" />
    </UnitTest>
    <UnitTest name="Validate_should_throw_argument_exception_when_registration_id_is_empty" storage="d:\v2.0\a1\_work\dbded102\bin\release.anycpu\sps.service\ms.vs.services.delegatedauthorization.l0.tests\ms.vs.services.delegatedauthorization.l0.tests.dll" id="25c873d9-206a-2388-8220-3c5fad403f40">
      <Execution id="375a06bf-a96f-4db6-9946-e911e1afdcab" />
      <TestMethod codeBase="D:\v2.0\A1\_work\dbded102\bin\Release.AnyCPU\Sps.Service\MS.VS.Services.DelegatedAuthorization.L0.Tests\MS.VS.Services.DelegatedAuthorization.L0.Tests.dll" adapterTypeName="Microsoft.VisualStudio.TestTools.TestTypes.Unit.UnitTestAdapter" className="MS.VS.Services.DelegatedAuthorization.L0.Tests.RegistrationTests" name="Validate_should_throw_argument_exception_when_registration_id_is_empty" />
    </UnitTest>
    <UnitTest name="Validate_should_throw_argument_null_exception_when_org_name_is_null" storage="d:\v2.0\a1\_work\dbded102\bin\release.anycpu\sps.service\ms.vs.services.delegatedauthorization.l0.tests\ms.vs.services.delegatedauthorization.l0.tests.dll" id="46f8282b-aea9-919f-a04b-84a0f60e3c64">
      <Execution id="5bb1eb1c-e10e-41a7-afe2-b947249864ce" />
      <TestMethod codeBase="D:\v2.0\A1\_work\dbded102\bin\Release.AnyCPU\Sps.Service\MS.VS.Services.DelegatedAuthorization.L0.Tests\MS.VS.Services.DelegatedAuthorization.L0.Tests.dll" adapterTypeName="Microsoft.VisualStudio.TestTools.TestTypes.Unit.UnitTestAdapter" className="MS.VS.Services.DelegatedAuthorization.L0.Tests.RegistrationTests" name="Validate_should_throw_argument_null_exception_when_org_name_is_null" />
    </UnitTest>
    <UnitTest name="Validate_should_throw_argument_null_exception_when_registration_name_is_null" storage="d:\v2.0\a1\_work\dbded102\bin\release.anycpu\sps.service\ms.vs.services.delegatedauthorization.l0.tests\ms.vs.services.delegatedauthorization.l0.tests.dll" id="402cb3e5-766c-ce56-5466-816e8c6962dc">
      <Execution id="80f59aaf-cdf7-4bbe-a806-c0431d65bcb5" />
      <TestMethod codeBase="D:\v2.0\A1\_work\dbded102\bin\Release.AnyCPU\Sps.Service\MS.VS.Services.DelegatedAuthorization.L0.Tests\MS.VS.Services.DelegatedAuthorization.L0.Tests.dll" adapterTypeName="Microsoft.VisualStudio.TestTools.TestTypes.Unit.UnitTestAdapter" className="MS.VS.Services.DelegatedAuthorization.L0.Tests.RegistrationTests" name="Validate_should_throw_argument_null_exception_when_registration_name_is_null" />
    </UnitTest>
    <UnitTest name="Validate_should_throw_argument_null_exception_when_registration_desc_is_null" storage="d:\v2.0\a1\_work\dbded102\bin\release.anycpu\sps.service\ms.vs.services.delegatedauthorization.l0.tests\ms.vs.services.delegatedauthorization.l0.tests.dll" id="94030b7b-4ff2-61b1-b4d1-e3db861935ac">
      <Execution id="57a31e9b-8046-4150-a790-d52064ea7e42" />
      <TestMethod codeBase="D:\v2.0\A1\_work\dbded102\bin\Release.AnyCPU\Sps.Service\MS.VS.Services.DelegatedAuthorization.L0.Tests\MS.VS.Services.DelegatedAuthorization.L0.Tests.dll" adapterTypeName="Microsoft.VisualStudio.TestTools.TestTypes.Unit.UnitTestAdapter" className="MS.VS.Services.DelegatedAuthorization.L0.Tests.RegistrationTests" name="Validate_should_throw_argument_null_exception_when_registration_desc_is_null" />
    </UnitTest>
    <UnitTest name="Validate_should_throw_argument_exception_when_registration_location_is_null" storage="d:\v2.0\a1\_work\dbded102\bin\release.anycpu\sps.service\ms.vs.services.delegatedauthorization.l0.tests\ms.vs.services.delegatedauthorization.l0.tests.dll" id="5db92ed4-4d70-3046-2993-bc7153161a63">
      <Execution id="1e2e12ba-ec80-4beb-b019-55a6cb17c17b" />
      <TestMethod codeBase="D:\v2.0\A1\_work\dbded102\bin\Release.AnyCPU\Sps.Service\MS.VS.Services.DelegatedAuthorization.L0.Tests\MS.VS.Services.DelegatedAuthorization.L0.Tests.dll" adapterTypeName="Microsoft.VisualStudio.TestTools.TestTypes.Unit.UnitTestAdapter" className="MS.VS.Services.DelegatedAuthorization.L0.Tests.RegistrationTests" name="Validate_should_throw_argument_exception_when_registration_location_is_null" />
    </UnitTest>
    <UnitTest name="Validate_should_throw_argument_null_exception_when_response_types_is_null" storage="d:\v2.0\a1\_work\dbded102\bin\release.anycpu\sps.service\ms.vs.services.delegatedauthorization.l0.tests\ms.vs.services.delegatedauthorization.l0.tests.dll" id="5eb26699-7f77-e128-d415-3b823d025ecc">
      <Execution id="c0c19a40-455c-46cb-a4a9-13b4d5a7bb01" />
      <TestMethod codeBase="D:\v2.0\A1\_work\dbded102\bin\Release.AnyCPU\Sps.Service\MS.VS.Services.DelegatedAuthorization.L0.Tests\MS.VS.Services.DelegatedAuthorization.L0.Tests.dll" adapterTypeName="Microsoft.VisualStudio.TestTools.TestTypes.Unit.UnitTestAdapter" className="MS.VS.Services.DelegatedAuthorization.L0.Tests.RegistrationTests" name="Validate_should_throw_argument_null_exception_when_response_types_is_null" />
    </UnitTest>
    <UnitTest name="Validate_should_throw_argument_null_exception_when_scopes_is_null" storage="d:\v2.0\a1\_work\dbded102\bin\release.anycpu\sps.service\ms.vs.services.delegatedauthorization.l0.tests\ms.vs.services.delegatedauthorization.l0.tests.dll" id="3ee27ac6-191c-c605-39a5-81ab625a6ba7">
      <Execution id="297e91b8-82ba-4b2d-9cc2-7eff8a6aa206" />
      <TestMethod codeBase="D:\v2.0\A1\_work\dbded102\bin\Release.AnyCPU\Sps.Service\MS.VS.Services.DelegatedAuthorization.L0.Tests\MS.VS.Services.DelegatedAuthorization.L0.Tests.dll" adapterTypeName="Microsoft.VisualStudio.TestTools.TestTypes.Unit.UnitTestAdapter" className="MS.VS.Services.DelegatedAuthorization.L0.Tests.RegistrationTests" name="Validate_should_throw_argument_null_exception_when_scopes_is_null" />
    </UnitTest>
    <UnitTest name="Validate_should_throw_argument_null_exception_when_redirect_uri_list_is_null" storage="d:\v2.0\a1\_work\dbded102\bin\release.anycpu\sps.service\ms.vs.services.delegatedauthorization.l0.tests\ms.vs.services.delegatedauthorization.l0.tests.dll" id="8f8a499c-e6a7-adb2-43c3-393a50e64c3d">
      <Execution id="1153ce59-3598-432d-b007-de4689190708" />
      <TestMethod codeBase="D:\v2.0\A1\_work\dbded102\bin\Release.AnyCPU\Sps.Service\MS.VS.Services.DelegatedAuthorization.L0.Tests\MS.VS.Services.DelegatedAuthorization.L0.Tests.dll" adapterTypeName="Microsoft.VisualStudio.TestTools.TestTypes.Unit.UnitTestAdapter" className="MS.VS.Services.DelegatedAuthorization.L0.Tests.RegistrationTests" name="Validate_should_throw_argument_null_exception_when_redirect_uri_list_is_null" />
    </UnitTest>
    <UnitTest name="Validate_should_throw_argument_exception_when_redirect_uri_list_is_empty" storage="d:\v2.0\a1\_work\dbded102\bin\release.anycpu\sps.service\ms.vs.services.delegatedauthorization.l0.tests\ms.vs.services.delegatedauthorization.l0.tests.dll" id="0e30919b-7c18-b633-3829-53a3e013397f">
      <Execution id="cf82c629-a303-4797-89b4-44b16f97cdf4" />
      <TestMethod codeBase="D:\v2.0\A1\_work\dbded102\bin\Release.AnyCPU\Sps.Service\MS.VS.Services.DelegatedAuthorization.L0.Tests\MS.VS.Services.DelegatedAuthorization.L0.Tests.dll" adapterTypeName="Microsoft.VisualStudio.TestTools.TestTypes.Unit.UnitTestAdapter" className="MS.VS.Services.DelegatedAuthorization.L0.Tests.RegistrationTests" name="Validate_should_throw_argument_exception_when_redirect_uri_list_is_empty" />
    </UnitTest>
    <UnitTest name="Validate_should_throw_argument_exception_when_secure_logo_location_scheme_is_not_https" storage="d:\v2.0\a1\_work\dbded102\bin\release.anycpu\sps.service\ms.vs.services.delegatedauthorization.l0.tests\ms.vs.services.delegatedauthorization.l0.tests.dll" id="f010b4f4-e045-de4e-799d-1c0135ab4143">
      <Execution id="9824f278-0a89-4dda-85eb-1ca302f10c7e" />
      <TestMethod codeBase="D:\v2.0\A1\_work\dbded102\bin\Release.AnyCPU\Sps.Service\MS.VS.Services.DelegatedAuthorization.L0.Tests\MS.VS.Services.DelegatedAuthorization.L0.Tests.dll" adapterTypeName="Microsoft.VisualStudio.TestTools.TestTypes.Unit.UnitTestAdapter" className="MS.VS.Services.DelegatedAuthorization.L0.Tests.RegistrationTests" name="Validate_should_throw_argument_exception_when_secure_logo_location_scheme_is_not_https" />
    </UnitTest>
    <UnitTest name="Validate_should_throw_argument_exception_when_scope_is_app_token_and_client_type_is_medium_trust" storage="d:\v2.0\a1\_work\dbded102\bin\release.anycpu\sps.service\ms.vs.services.delegatedauthorization.l0.tests\ms.vs.services.delegatedauthorization.l0.tests.dll" id="064b5e31-e614-c8fa-19be-20eb050913af">
      <Execution id="a0d0f046-a253-4b15-8e24-54a7550c010d" />
      <TestMethod codeBase="D:\v2.0\A1\_work\dbded102\bin\Release.AnyCPU\Sps.Service\MS.VS.Services.DelegatedAuthorization.L0.Tests\MS.VS.Services.DelegatedAuthorization.L0.Tests.dll" adapterTypeName="Microsoft.VisualStudio.TestTools.TestTypes.Unit.UnitTestAdapter" className="MS.VS.Services.DelegatedAuthorization.L0.Tests.RegistrationTests" name="Validate_should_throw_argument_exception_when_scope_is_app_token_and_client_type_is_medium_trust" />
    </UnitTest>
    <UnitTest name="Validate_should_throw_argument_exception_when_scope_is_app_token_and_client_type_is_confidential" storage="d:\v2.0\a1\_work\dbded102\bin\release.anycpu\sps.service\ms.vs.services.delegatedauthorization.l0.tests\ms.vs.services.delegatedauthorization.l0.tests.dll" id="d42b93d9-a9d4-db87-1ad2-79c06e8e9e6e">
      <Execution id="e5d491ee-2937-4230-841a-3605747c5f16" />
      <TestMethod codeBase="D:\v2.0\A1\_work\dbded102\bin\Release.AnyCPU\Sps.Service\MS.VS.Services.DelegatedAuthorization.L0.Tests\MS.VS.Services.DelegatedAuthorization.L0.Tests.dll" adapterTypeName="Microsoft.VisualStudio.TestTools.TestTypes.Unit.UnitTestAdapter" className="MS.VS.Services.DelegatedAuthorization.L0.Tests.RegistrationTests" name="Validate_should_throw_argument_exception_when_scope_is_app_token_and_client_type_is_confidential" />
    </UnitTest>
    <UnitTest name="Validate_should_not_normalize_scopes_when_scope_configuration_is_not_enabled" storage="d:\v2.0\a1\_work\dbded102\bin\release.anycpu\sps.service\ms.vs.services.delegatedauthorization.l0.tests\ms.vs.services.delegatedauthorization.l0.tests.dll" id="341f1432-1015-ad42-660b-86cb7a26eee0">
      <Execution id="8468a295-5183-47dd-896e-6783406c1826" />
      <TestMethod codeBase="D:\v2.0\A1\_work\dbded102\bin\Release.AnyCPU\Sps.Service\MS.VS.Services.DelegatedAuthorization.L0.Tests\MS.VS.Services.DelegatedAuthorization.L0.Tests.dll" adapterTypeName="Microsoft.VisualStudio.TestTools.TestTypes.Unit.UnitTestAdapter" className="MS.VS.Services.DelegatedAuthorization.L0.Tests.RegistrationTests" name="Validate_should_not_normalize_scopes_when_scope_configuration_is_not_enabled" />
    </UnitTest>
    <UnitTest name="Validate_should_normalize_scopes_when_scope_configuration_is_enabled" storage="d:\v2.0\a1\_work\dbded102\bin\release.anycpu\sps.service\ms.vs.services.delegatedauthorization.l0.tests\ms.vs.services.delegatedauthorization.l0.tests.dll" id="5c572566-185e-653c-ba89-c9bff8b25844">
      <Execution id="4246abfd-c70d-4af5-a84a-4ecbf355220c" />
      <TestMethod codeBase="D:\v2.0\A1\_work\dbded102\bin\Release.AnyCPU\Sps.Service\MS.VS.Services.DelegatedAuthorization.L0.Tests\MS.VS.Services.DelegatedAuthorization.L0.Tests.dll" adapterTypeName="Microsoft.VisualStudio.TestTools.TestTypes.Unit.UnitTestAdapter" className="MS.VS.Services.DelegatedAuthorization.L0.Tests.RegistrationTests" name="Validate_should_normalize_scopes_when_scope_configuration_is_enabled" />
    </UnitTest>
    <UnitTest name="Validate_should_not_throw_exception_when_response_type_is_not_assertion_and_client_type_is_full_trust" storage="d:\v2.0\a1\_work\dbded102\bin\release.anycpu\sps.service\ms.vs.services.delegatedauthorization.l0.tests\ms.vs.services.delegatedauthorization.l0.tests.dll" id="945b787a-efc3-fd1b-eac5-93adac1b6e4d">
      <Execution id="81292380-27b5-4c0b-aaf6-d4c17080fa2a" />
      <TestMethod codeBase="D:\v2.0\A1\_work\dbded102\bin\Release.AnyCPU\Sps.Service\MS.VS.Services.DelegatedAuthorization.L0.Tests\MS.VS.Services.DelegatedAuthorization.L0.Tests.dll" adapterTypeName="Microsoft.VisualStudio.TestTools.TestTypes.Unit.UnitTestAdapter" className="MS.VS.Services.DelegatedAuthorization.L0.Tests.RegistrationTests" name="Validate_should_not_throw_exception_when_response_type_is_not_assertion_and_client_type_is_full_trust" />
    </UnitTest>
    <UnitTest name="GetAccessTokenKey_ThrowsWhen_AccessId_IsGuidEmpty" storage="d:\v2.0\a1\_work\dbded102\bin\release.anycpu\sps.service\ms.vs.services.delegatedauthorization.l0.tests\ms.vs.services.delegatedauthorization.l0.tests.dll" id="72ab9170-811e-cd37-b2f5-d1c8c0cca496">
      <Execution id="5be1da13-ee09-4453-bf82-baf7c2de6c56" />
      <TestMethod codeBase="D:\v2.0\A1\_work\dbded102\bin\Release.AnyCPU\Sps.Service\MS.VS.Services.DelegatedAuthorization.L0.Tests\MS.VS.Services.DelegatedAuthorization.L0.Tests.dll" adapterTypeName="Microsoft.VisualStudio.TestTools.TestTypes.Unit.UnitTestAdapter" className="MS.VS.Services.DelegatedAuthorization.L0.Testss.PlatformDelegatedAuthorizationServiceTests+PlatformDelegatedAuthorizationService_GetSessionToken" name="GetAccessTokenKey_ThrowsWhen_AccessId_IsGuidEmpty" />
    </UnitTest>
    <UnitTest name="GetAccessTokenKey_ThrowsWhen_ZeroAccessTokenKeysInSqlResult" storage="d:\v2.0\a1\_work\dbded102\bin\release.anycpu\sps.service\ms.vs.services.delegatedauthorization.l0.tests\ms.vs.services.delegatedauthorization.l0.tests.dll" id="21ec8e57-bb9e-a91f-e698-0c132fbf4f6b">
      <Execution id="589e9628-3280-4004-903b-5d2d0ffcc8cc" />
      <TestMethod codeBase="D:\v2.0\A1\_work\dbded102\bin\Release.AnyCPU\Sps.Service\MS.VS.Services.DelegatedAuthorization.L0.Tests\MS.VS.Services.DelegatedAuthorization.L0.Tests.dll" adapterTypeName="Microsoft.VisualStudio.TestTools.TestTypes.Unit.UnitTestAdapter" className="MS.VS.Services.DelegatedAuthorization.L0.Testss.PlatformDelegatedAuthorizationServiceTests+PlatformDelegatedAuthorizationService_GetSessionToken" name="GetAccessTokenKey_ThrowsWhen_ZeroAccessTokenKeysInSqlResult" />
    </UnitTest>
    <UnitTest name="ListAccessTokenKeys_ReturnsEmptyListWhen_SqlResultIsNull" storage="d:\v2.0\a1\_work\dbded102\bin\release.anycpu\sps.service\ms.vs.services.delegatedauthorization.l0.tests\ms.vs.services.delegatedauthorization.l0.tests.dll" id="29a75df9-24fc-af52-d553-aab19f17eea5">
      <Execution id="62c538ca-daa6-4f8e-a53a-e07eea22717e" />
      <TestMethod codeBase="D:\v2.0\A1\_work\dbded102\bin\Release.AnyCPU\Sps.Service\MS.VS.Services.DelegatedAuthorization.L0.Tests\MS.VS.Services.DelegatedAuthorization.L0.Tests.dll" adapterTypeName="Microsoft.VisualStudio.TestTools.TestTypes.Unit.UnitTestAdapter" className="MS.VS.Services.DelegatedAuthorization.L0.Testss.PlatformDelegatedAuthorizationServiceTests+PlatformDelegatedAuthorizationService_ListSessionTokens" name="ListAccessTokenKeys_ReturnsEmptyListWhen_SqlResultIsNull" />
    </UnitTest>
    <UnitTest name="Should_error_when_displayname_is_null_or_empty_or_invalid" storage="d:\v2.0\a1\_work\dbded102\bin\release.anycpu\sps.service\ms.vs.services.delegatedauthorization.l0.tests\ms.vs.services.delegatedauthorization.l0.tests.dll" id="5244acf0-ed73-e345-3cff-dbad51095c2f">
      <Execution id="fd59ad36-ee94-4fd6-bd53-45b0fa466b6b" />
      <TestMethod codeBase="D:\v2.0\A1\_work\dbded102\bin\Release.AnyCPU\Sps.Service\MS.VS.Services.DelegatedAuthorization.L0.Tests\MS.VS.Services.DelegatedAuthorization.L0.Tests.dll" adapterTypeName="Microsoft.VisualStudio.TestTools.TestTypes.Unit.UnitTestAdapter" className="MS.VS.Services.DelegatedAuthorization.L0.Testss.PlatformDelegatedAuthorizationServiceTests+PlatformDelegatedAuthorizationService_IssueSessionToken" name="Should_error_when_displayname_is_null_or_empty_or_invalid" />
    </UnitTest>
    <UnitTest name="Should_Pass_when_validto_is_greater_than_allowed_lifetime" storage="d:\v2.0\a1\_work\dbded102\bin\release.anycpu\sps.service\ms.vs.services.delegatedauthorization.l0.tests\ms.vs.services.delegatedauthorization.l0.tests.dll" id="1be2afe3-e53a-2432-b445-4eea2d69c99f">
      <Execution id="b25ba8cb-6149-49ee-ae59-4eb3ff33419c" />
      <TestMethod codeBase="D:\v2.0\A1\_work\dbded102\bin\Release.AnyCPU\Sps.Service\MS.VS.Services.DelegatedAuthorization.L0.Tests\MS.VS.Services.DelegatedAuthorization.L0.Tests.dll" adapterTypeName="Microsoft.VisualStudio.TestTools.TestTypes.Unit.UnitTestAdapter" className="MS.VS.Services.DelegatedAuthorization.L0.Testss.PlatformDelegatedAuthorizationServiceTests+PlatformDelegatedAuthorizationService_IssueSessionToken" name="Should_Pass_when_validto_is_greater_than_allowed_lifetime" />
    </UnitTest>
    <UnitTest name="Should_error_when_scopes_is_invalid" storage="d:\v2.0\a1\_work\dbded102\bin\release.anycpu\sps.service\ms.vs.services.delegatedauthorization.l0.tests\ms.vs.services.delegatedauthorization.l0.tests.dll" id="a6726c70-54f0-55e1-4058-f6066295bbb0">
      <Execution id="e5083989-3cb7-4d7f-b73f-e402df701a9a" />
      <TestMethod codeBase="D:\v2.0\A1\_work\dbded102\bin\Release.AnyCPU\Sps.Service\MS.VS.Services.DelegatedAuthorization.L0.Tests\MS.VS.Services.DelegatedAuthorization.L0.Tests.dll" adapterTypeName="Microsoft.VisualStudio.TestTools.TestTypes.Unit.UnitTestAdapter" className="MS.VS.Services.DelegatedAuthorization.L0.Testss.PlatformDelegatedAuthorizationServiceTests+PlatformDelegatedAuthorizationService_IssueSessionToken" name="Should_error_when_scopes_is_invalid" />
    </UnitTest>
    <UnitTest name="Should_error_when_userid_is_empty" storage="d:\v2.0\a1\_work\dbded102\bin\release.anycpu\sps.service\ms.vs.services.delegatedauthorization.l0.tests\ms.vs.services.delegatedauthorization.l0.tests.dll" id="dbe23d23-cc54-a3d3-6d8e-59e0dc435992">
      <Execution id="a1fadd1c-048b-4b6f-8a56-2b23bc19d269" />
      <TestMethod codeBase="D:\v2.0\A1\_work\dbded102\bin\Release.AnyCPU\Sps.Service\MS.VS.Services.DelegatedAuthorization.L0.Tests\MS.VS.Services.DelegatedAuthorization.L0.Tests.dll" adapterTypeName="Microsoft.VisualStudio.TestTools.TestTypes.Unit.UnitTestAdapter" className="MS.VS.Services.DelegatedAuthorization.L0.Testss.PlatformDelegatedAuthorizationServiceTests+PlatformDelegatedAuthorizationService_IssueSessionToken" name="Should_error_when_userid_is_empty" />
    </UnitTest>
    <UnitTest name="Should_error_when_userid_is_not_found" storage="d:\v2.0\a1\_work\dbded102\bin\release.anycpu\sps.service\ms.vs.services.delegatedauthorization.l0.tests\ms.vs.services.delegatedauthorization.l0.tests.dll" id="6ec5b85a-f9a4-8cbd-632f-80ca7f0d9c06">
      <Execution id="f517ca26-3d30-48b4-9557-81755db097ad" />
      <TestMethod codeBase="D:\v2.0\A1\_work\dbded102\bin\Release.AnyCPU\Sps.Service\MS.VS.Services.DelegatedAuthorization.L0.Tests\MS.VS.Services.DelegatedAuthorization.L0.Tests.dll" adapterTypeName="Microsoft.VisualStudio.TestTools.TestTypes.Unit.UnitTestAdapter" className="MS.VS.Services.DelegatedAuthorization.L0.Testss.PlatformDelegatedAuthorizationServiceTests+PlatformDelegatedAuthorizationService_IssueSessionToken" name="Should_error_when_userid_is_not_found" />
    </UnitTest>
    <UnitTest name="Should_error_when_userid_is_a_group" storage="d:\v2.0\a1\_work\dbded102\bin\release.anycpu\sps.service\ms.vs.services.delegatedauthorization.l0.tests\ms.vs.services.delegatedauthorization.l0.tests.dll" id="93e34b5e-b1c2-dc96-69b6-499308afd734">
      <Execution id="fdf00e0c-d07b-4818-84c2-4263b0f2deea" />
      <TestMethod codeBase="D:\v2.0\A1\_work\dbded102\bin\Release.AnyCPU\Sps.Service\MS.VS.Services.DelegatedAuthorization.L0.Tests\MS.VS.Services.DelegatedAuthorization.L0.Tests.dll" adapterTypeName="Microsoft.VisualStudio.TestTools.TestTypes.Unit.UnitTestAdapter" className="MS.VS.Services.DelegatedAuthorization.L0.Testss.PlatformDelegatedAuthorizationServiceTests+PlatformDelegatedAuthorizationService_IssueSessionToken" name="Should_error_when_userid_is_a_group" />
    </UnitTest>
    <UnitTest name="Should_error_when_request_identity_is_based_on_alternate_credentials" storage="d:\v2.0\a1\_work\dbded102\bin\release.anycpu\sps.service\ms.vs.services.delegatedauthorization.l0.tests\ms.vs.services.delegatedauthorization.l0.tests.dll" id="20bd3d18-a2f2-28b4-3d57-e54bba1444c0">
      <Execution id="cfcbcfc5-2505-4f6b-9afa-4cc779ef7eb8" />
      <TestMethod codeBase="D:\v2.0\A1\_work\dbded102\bin\Release.AnyCPU\Sps.Service\MS.VS.Services.DelegatedAuthorization.L0.Tests\MS.VS.Services.DelegatedAuthorization.L0.Tests.dll" adapterTypeName="Microsoft.VisualStudio.TestTools.TestTypes.Unit.UnitTestAdapter" className="MS.VS.Services.DelegatedAuthorization.L0.Testss.PlatformDelegatedAuthorizationServiceTests+PlatformDelegatedAuthorizationService_IssueSessionToken" name="Should_error_when_request_identity_is_based_on_alternate_credentials" />
    </UnitTest>
    <UnitTest name="Should_not_error_when_request_identity_is_based_on_alternate_credentials_and_impersonated" storage="d:\v2.0\a1\_work\dbded102\bin\release.anycpu\sps.service\ms.vs.services.delegatedauthorization.l0.tests\ms.vs.services.delegatedauthorization.l0.tests.dll" id="a0a758c0-d0a3-5768-18db-360389010cac">
      <Execution id="c676afae-7361-45f5-b189-bbf1fcff83d8" />
      <TestMethod codeBase="D:\v2.0\A1\_work\dbded102\bin\Release.AnyCPU\Sps.Service\MS.VS.Services.DelegatedAuthorization.L0.Tests\MS.VS.Services.DelegatedAuthorization.L0.Tests.dll" adapterTypeName="Microsoft.VisualStudio.TestTools.TestTypes.Unit.UnitTestAdapter" className="MS.VS.Services.DelegatedAuthorization.L0.Testss.PlatformDelegatedAuthorizationServiceTests+PlatformDelegatedAuthorizationService_IssueSessionToken" name="Should_not_error_when_request_identity_is_based_on_alternate_credentials_and_impersonated" />
    </UnitTest>
    <UnitTest name="Should_not_error_when_request_identity_is_based_on_alternate_credentials_and_has_framework_impersonation_perms" storage="d:\v2.0\a1\_work\dbded102\bin\release.anycpu\sps.service\ms.vs.services.delegatedauthorization.l0.tests\ms.vs.services.delegatedauthorization.l0.tests.dll" id="1425e817-5366-acc4-1578-f64b2e2a2805">
      <Execution id="731d4ef2-04ac-40a6-9215-4155fee28077" />
      <TestMethod codeBase="D:\v2.0\A1\_work\dbded102\bin\Release.AnyCPU\Sps.Service\MS.VS.Services.DelegatedAuthorization.L0.Tests\MS.VS.Services.DelegatedAuthorization.L0.Tests.dll" adapterTypeName="Microsoft.VisualStudio.TestTools.TestTypes.Unit.UnitTestAdapter" className="MS.VS.Services.DelegatedAuthorization.L0.Testss.PlatformDelegatedAuthorizationServiceTests+PlatformDelegatedAuthorizationService_IssueSessionToken" name="Should_not_error_when_request_identity_is_based_on_alternate_credentials_and_has_framework_impersonation_perms" />
    </UnitTest>
    <UnitTest name="Should_error_when_target_identity_is_service_identity_with_localauthority_domain" storage="d:\v2.0\a1\_work\dbded102\bin\release.anycpu\sps.service\ms.vs.services.delegatedauthorization.l0.tests\ms.vs.services.delegatedauthorization.l0.tests.dll" id="07797914-ac2b-fd48-1111-3b4f4df0665a">
      <Execution id="1db0dbb5-5487-4047-b740-3333545cac9c" />
      <TestMethod codeBase="D:\v2.0\A1\_work\dbded102\bin\Release.AnyCPU\Sps.Service\MS.VS.Services.DelegatedAuthorization.L0.Tests\MS.VS.Services.DelegatedAuthorization.L0.Tests.dll" adapterTypeName="Microsoft.VisualStudio.TestTools.TestTypes.Unit.UnitTestAdapter" className="MS.VS.Services.DelegatedAuthorization.L0.Testss.PlatformDelegatedAuthorizationServiceTests+PlatformDelegatedAuthorizationService_IssueSessionToken" name="Should_error_when_target_identity_is_service_identity_with_localauthority_domain" />
    </UnitTest>
    <UnitTest name="Should_error_when_target_identity_is_service_identity_with_default_claimsprovider_domain" storage="d:\v2.0\a1\_work\dbded102\bin\release.anycpu\sps.service\ms.vs.services.delegatedauthorization.l0.tests\ms.vs.services.delegatedauthorization.l0.tests.dll" id="6ec1736f-f065-10b1-0657-5ebb4d4d4271">
      <Execution id="27bab884-e1b0-40df-85b7-9b34f473673c" />
      <TestMethod codeBase="D:\v2.0\A1\_work\dbded102\bin\Release.AnyCPU\Sps.Service\MS.VS.Services.DelegatedAuthorization.L0.Tests\MS.VS.Services.DelegatedAuthorization.L0.Tests.dll" adapterTypeName="Microsoft.VisualStudio.TestTools.TestTypes.Unit.UnitTestAdapter" className="MS.VS.Services.DelegatedAuthorization.L0.Testss.PlatformDelegatedAuthorizationServiceTests+PlatformDelegatedAuthorizationService_IssueSessionToken" name="Should_error_when_target_identity_is_service_identity_with_default_claimsprovider_domain" />
    </UnitTest>
    <UnitTest name="Should_error_when_target_identity_is_deployment_administrator" storage="d:\v2.0\a1\_work\dbded102\bin\release.anycpu\sps.service\ms.vs.services.delegatedauthorization.l0.tests\ms.vs.services.delegatedauthorization.l0.tests.dll" id="1ed02d67-639a-26cb-a9aa-df23485b8c31">
      <Execution id="ef24aa62-9e52-4766-9b9d-204aeb04e625" />
      <TestMethod codeBase="D:\v2.0\A1\_work\dbded102\bin\Release.AnyCPU\Sps.Service\MS.VS.Services.DelegatedAuthorization.L0.Tests\MS.VS.Services.DelegatedAuthorization.L0.Tests.dll" adapterTypeName="Microsoft.VisualStudio.TestTools.TestTypes.Unit.UnitTestAdapter" className="MS.VS.Services.DelegatedAuthorization.L0.Testss.PlatformDelegatedAuthorizationServiceTests+PlatformDelegatedAuthorizationService_IssueSessionToken" name="Should_error_when_target_identity_is_deployment_administrator" />
    </UnitTest>
    <UnitTest name="Should_error_when_identity_is_not_same_as_request_identity_and_no_impersonate_permission" storage="d:\v2.0\a1\_work\dbded102\bin\release.anycpu\sps.service\ms.vs.services.delegatedauthorization.l0.tests\ms.vs.services.delegatedauthorization.l0.tests.dll" id="77ea693e-d89e-4533-9970-2633e4f8721d">
      <Execution id="0ce21d1c-60f6-4a36-a1b2-da05bc30fa7a" />
      <TestMethod codeBase="D:\v2.0\A1\_work\dbded102\bin\Release.AnyCPU\Sps.Service\MS.VS.Services.DelegatedAuthorization.L0.Tests\MS.VS.Services.DelegatedAuthorization.L0.Tests.dll" adapterTypeName="Microsoft.VisualStudio.TestTools.TestTypes.Unit.UnitTestAdapter" className="MS.VS.Services.DelegatedAuthorization.L0.Testss.PlatformDelegatedAuthorizationServiceTests+PlatformDelegatedAuthorizationService_IssueSessionToken" name="Should_error_when_identity_is_not_same_as_request_identity_and_no_impersonate_permission" />
    </UnitTest>
    <UnitTest name="Should_error_when_strong_box_drawer_id_is_empty" storage="d:\v2.0\a1\_work\dbded102\bin\release.anycpu\sps.service\ms.vs.services.delegatedauthorization.l0.tests\ms.vs.services.delegatedauthorization.l0.tests.dll" id="d83f6c13-2bbd-7c44-3357-aec745c68c53">
      <Execution id="9e788dc0-fcd8-420f-94af-6e3f001316cb" />
      <TestMethod codeBase="D:\v2.0\A1\_work\dbded102\bin\Release.AnyCPU\Sps.Service\MS.VS.Services.DelegatedAuthorization.L0.Tests\MS.VS.Services.DelegatedAuthorization.L0.Tests.dll" adapterTypeName="Microsoft.VisualStudio.TestTools.TestTypes.Unit.UnitTestAdapter" className="MS.VS.Services.DelegatedAuthorization.L0.Testss.PlatformDelegatedAuthorizationServiceTests+PlatformDelegatedAuthorizationService_IssueSessionToken" name="Should_error_when_strong_box_drawer_id_is_empty" />
    </UnitTest>
    <UnitTest name="Should_error_when_strong_box_drawer_is_not_found" storage="d:\v2.0\a1\_work\dbded102\bin\release.anycpu\sps.service\ms.vs.services.delegatedauthorization.l0.tests\ms.vs.services.delegatedauthorization.l0.tests.dll" id="e73cc268-19cd-9618-6997-d75baa79733b">
      <Execution id="1f84eb76-1840-45ff-8e52-63d91539b778" />
      <TestMethod codeBase="D:\v2.0\A1\_work\dbded102\bin\Release.AnyCPU\Sps.Service\MS.VS.Services.DelegatedAuthorization.L0.Tests\MS.VS.Services.DelegatedAuthorization.L0.Tests.dll" adapterTypeName="Microsoft.VisualStudio.TestTools.TestTypes.Unit.UnitTestAdapter" className="MS.VS.Services.DelegatedAuthorization.L0.Testss.PlatformDelegatedAuthorizationServiceTests+PlatformDelegatedAuthorizationService_IssueSessionToken" name="Should_error_when_strong_box_drawer_is_not_found" />
    </UnitTest>
    <UnitTest name="Should_error_when_key_secrets_are_not_found" storage="d:\v2.0\a1\_work\dbded102\bin\release.anycpu\sps.service\ms.vs.services.delegatedauthorization.l0.tests\ms.vs.services.delegatedauthorization.l0.tests.dll" id="6bdc8693-8b3f-44be-6d57-0c67ccb8a359">
      <Execution id="51827967-09d8-4957-9a62-959e34174c76" />
      <TestMethod codeBase="D:\v2.0\A1\_work\dbded102\bin\Release.AnyCPU\Sps.Service\MS.VS.Services.DelegatedAuthorization.L0.Tests\MS.VS.Services.DelegatedAuthorization.L0.Tests.dll" adapterTypeName="Microsoft.VisualStudio.TestTools.TestTypes.Unit.UnitTestAdapter" className="MS.VS.Services.DelegatedAuthorization.L0.Testss.PlatformDelegatedAuthorizationServiceTests+PlatformDelegatedAuthorizationService_IssueSessionToken" name="Should_error_when_key_secrets_are_not_found" />
    </UnitTest>
    <UnitTest name="Should_error_when_create_access_token_call_failed" storage="d:\v2.0\a1\_work\dbded102\bin\release.anycpu\sps.service\ms.vs.services.delegatedauthorization.l0.tests\ms.vs.services.delegatedauthorization.l0.tests.dll" id="587e9b50-cf10-17d8-9e21-5e1ec39ef84e">
      <Execution id="9a197001-8da7-49f8-bd03-b8391a6725ad" />
      <TestMethod codeBase="D:\v2.0\A1\_work\dbded102\bin\Release.AnyCPU\Sps.Service\MS.VS.Services.DelegatedAuthorization.L0.Tests\MS.VS.Services.DelegatedAuthorization.L0.Tests.dll" adapterTypeName="Microsoft.VisualStudio.TestTools.TestTypes.Unit.UnitTestAdapter" className="MS.VS.Services.DelegatedAuthorization.L0.Testss.PlatformDelegatedAuthorizationServiceTests+PlatformDelegatedAuthorizationService_IssueSessionToken" name="Should_error_when_create_access_token_call_failed" />
    </UnitTest>
    <UnitTest name="Should_error_when_create_access_token_call_fail_with_scope_not_match" storage="d:\v2.0\a1\_work\dbded102\bin\release.anycpu\sps.service\ms.vs.services.delegatedauthorization.l0.tests\ms.vs.services.delegatedauthorization.l0.tests.dll" id="436436a3-f0f8-50f4-aae5-cfaf2978b095">
      <Execution id="db3163e8-0c99-4e9f-b03f-bfc22ad270f0" />
      <TestMethod codeBase="D:\v2.0\A1\_work\dbded102\bin\Release.AnyCPU\Sps.Service\MS.VS.Services.DelegatedAuthorization.L0.Tests\MS.VS.Services.DelegatedAuthorization.L0.Tests.dll" adapterTypeName="Microsoft.VisualStudio.TestTools.TestTypes.Unit.UnitTestAdapter" className="MS.VS.Services.DelegatedAuthorization.L0.Testss.PlatformDelegatedAuthorizationServiceTests+PlatformDelegatedAuthorizationService_IssueSessionToken" name="Should_error_when_create_access_token_call_fail_with_scope_not_match" />
    </UnitTest>
    <UnitTest name="Should_error_when_create_access_token_call_returns_null" storage="d:\v2.0\a1\_work\dbded102\bin\release.anycpu\sps.service\ms.vs.services.delegatedauthorization.l0.tests\ms.vs.services.delegatedauthorization.l0.tests.dll" id="b5d8f423-8ce9-011b-e205-7150de04c1c5">
      <Execution id="823dc20a-f8cb-41c5-8e9f-c8fb265ff196" />
      <TestMethod codeBase="D:\v2.0\A1\_work\dbded102\bin\Release.AnyCPU\Sps.Service\MS.VS.Services.DelegatedAuthorization.L0.Tests\MS.VS.Services.DelegatedAuthorization.L0.Tests.dll" adapterTypeName="Microsoft.VisualStudio.TestTools.TestTypes.Unit.UnitTestAdapter" className="MS.VS.Services.DelegatedAuthorization.L0.Testss.PlatformDelegatedAuthorizationServiceTests+PlatformDelegatedAuthorizationService_IssueSessionToken" name="Should_error_when_create_access_token_call_returns_null" />
    </UnitTest>
    <UnitTest name="Deployment_admin_should_be_able_to_generate_compact_session_token_for_another_user" storage="d:\v2.0\a1\_work\dbded102\bin\release.anycpu\sps.service\ms.vs.services.delegatedauthorization.l0.tests\ms.vs.services.delegatedauthorization.l0.tests.dll" id="34bd9f10-1064-6ff3-e062-83236cfcdaf0">
      <Execution id="128231ec-9e17-42fb-af9a-7e7fa7305696" />
      <TestMethod codeBase="D:\v2.0\A1\_work\dbded102\bin\Release.AnyCPU\Sps.Service\MS.VS.Services.DelegatedAuthorization.L0.Tests\MS.VS.Services.DelegatedAuthorization.L0.Tests.dll" adapterTypeName="Microsoft.VisualStudio.TestTools.TestTypes.Unit.UnitTestAdapter" className="MS.VS.Services.DelegatedAuthorization.L0.Testss.PlatformDelegatedAuthorizationServiceTests+PlatformDelegatedAuthorizationService_IssueSessionToken" name="Deployment_admin_should_be_able_to_generate_compact_session_token_for_another_user" />
    </UnitTest>
    <UnitTest name="Deployment_admin_should_be_able_to_generate_self_describing_session_token_for_another_user" storage="d:\v2.0\a1\_work\dbded102\bin\release.anycpu\sps.service\ms.vs.services.delegatedauthorization.l0.tests\ms.vs.services.delegatedauthorization.l0.tests.dll" id="8583867d-1da7-5506-7220-83fb3572c4b8">
      <Execution id="4b3bdc27-858c-4cbe-b2ae-4deea8c3b023" />
      <TestMethod codeBase="D:\v2.0\A1\_work\dbded102\bin\Release.AnyCPU\Sps.Service\MS.VS.Services.DelegatedAuthorization.L0.Tests\MS.VS.Services.DelegatedAuthorization.L0.Tests.dll" adapterTypeName="Microsoft.VisualStudio.TestTools.TestTypes.Unit.UnitTestAdapter" className="MS.VS.Services.DelegatedAuthorization.L0.Testss.PlatformDelegatedAuthorizationServiceTests+PlatformDelegatedAuthorizationService_IssueSessionToken" name="Deployment_admin_should_be_able_to_generate_self_describing_session_token_for_another_user" />
    </UnitTest>
    <UnitTest name="Generate_compact_session_token_for_self" storage="d:\v2.0\a1\_work\dbded102\bin\release.anycpu\sps.service\ms.vs.services.delegatedauthorization.l0.tests\ms.vs.services.delegatedauthorization.l0.tests.dll" id="200972b4-59e5-4a3f-ad34-aaa6a9b82683">
      <Execution id="b6b5eed1-69c1-45a7-82c2-8421f3ba2d4c" />
      <TestMethod codeBase="D:\v2.0\A1\_work\dbded102\bin\Release.AnyCPU\Sps.Service\MS.VS.Services.DelegatedAuthorization.L0.Tests\MS.VS.Services.DelegatedAuthorization.L0.Tests.dll" adapterTypeName="Microsoft.VisualStudio.TestTools.TestTypes.Unit.UnitTestAdapter" className="MS.VS.Services.DelegatedAuthorization.L0.Testss.PlatformDelegatedAuthorizationServiceTests+PlatformDelegatedAuthorizationService_IssueSessionToken" name="Generate_compact_session_token_for_self" />
    </UnitTest>
    <UnitTest name="Generate_self_describing_session_token_for_self" storage="d:\v2.0\a1\_work\dbded102\bin\release.anycpu\sps.service\ms.vs.services.delegatedauthorization.l0.tests\ms.vs.services.delegatedauthorization.l0.tests.dll" id="11f4beae-bb68-9017-ead2-eb338ddf5327">
      <Execution id="d8e0c24d-da20-4afc-b5e6-7e068218d8ba" />
      <TestMethod codeBase="D:\v2.0\A1\_work\dbded102\bin\Release.AnyCPU\Sps.Service\MS.VS.Services.DelegatedAuthorization.L0.Tests\MS.VS.Services.DelegatedAuthorization.L0.Tests.dll" adapterTypeName="Microsoft.VisualStudio.TestTools.TestTypes.Unit.UnitTestAdapter" className="MS.VS.Services.DelegatedAuthorization.L0.Testss.PlatformDelegatedAuthorizationServiceTests+PlatformDelegatedAuthorizationService_IssueSessionToken" name="Generate_self_describing_session_token_for_self" />
    </UnitTest>
    <UnitTest name="Should_return_null_when_the_flag_is_off" storage="d:\v2.0\a1\_work\dbded102\bin\release.anycpu\sps.service\ms.vs.services.delegatedauthorization.l0.tests\ms.vs.services.delegatedauthorization.l0.tests.dll" id="425cf027-f8ab-3639-5559-64b84e1bfd86">
      <Execution id="f4486eeb-f912-4165-8b94-4861951e4712" />
      <TestMethod codeBase="D:\v2.0\A1\_work\dbded102\bin\Release.AnyCPU\Sps.Service\MS.VS.Services.DelegatedAuthorization.L0.Tests\MS.VS.Services.DelegatedAuthorization.L0.Tests.dll" adapterTypeName="Microsoft.VisualStudio.TestTools.TestTypes.Unit.UnitTestAdapter" className="MS.VS.Services.DelegatedAuthorization.L0.Testss.PlatformDelegatedAuthorizationServiceTests+PlatformDelegatedAuthorizationService_IssueSessionToken" name="Should_return_null_when_the_flag_is_off" />
    </UnitTest>
    <UnitTest name="Should_return_client_Id_in_session_token_with_target_accounts" storage="d:\v2.0\a1\_work\dbded102\bin\release.anycpu\sps.service\ms.vs.services.delegatedauthorization.l0.tests\ms.vs.services.delegatedauthorization.l0.tests.dll" id="fa4ef5c9-077f-97f3-99a5-2324c258e071">
      <Execution id="8f7b375e-d1d9-4d9f-a8d5-5b4ba240ce2f" />
      <TestMethod codeBase="D:\v2.0\A1\_work\dbded102\bin\Release.AnyCPU\Sps.Service\MS.VS.Services.DelegatedAuthorization.L0.Tests\MS.VS.Services.DelegatedAuthorization.L0.Tests.dll" adapterTypeName="Microsoft.VisualStudio.TestTools.TestTypes.Unit.UnitTestAdapter" className="MS.VS.Services.DelegatedAuthorization.L0.Testss.PlatformDelegatedAuthorizationServiceTests+PlatformDelegatedAuthorizationService_IssueSessionToken" name="Should_return_client_Id_in_session_token_with_target_accounts" />
    </UnitTest>
    <UnitTest name="Should_return_client_Id_in_session_token" storage="d:\v2.0\a1\_work\dbded102\bin\release.anycpu\sps.service\ms.vs.services.delegatedauthorization.l0.tests\ms.vs.services.delegatedauthorization.l0.tests.dll" id="3c2442c3-47d7-a2bc-88c8-f18941111a70">
      <Execution id="43ce9509-c91d-4d38-968f-6a8dd7e71f31" />
      <TestMethod codeBase="D:\v2.0\A1\_work\dbded102\bin\Release.AnyCPU\Sps.Service\MS.VS.Services.DelegatedAuthorization.L0.Tests\MS.VS.Services.DelegatedAuthorization.L0.Tests.dll" adapterTypeName="Microsoft.VisualStudio.TestTools.TestTypes.Unit.UnitTestAdapter" className="MS.VS.Services.DelegatedAuthorization.L0.Testss.PlatformDelegatedAuthorizationServiceTests+PlatformDelegatedAuthorizationService_IssueSessionToken" name="Should_return_client_Id_in_session_token" />
    </UnitTest>
    <UnitTest name="Should_error_when_access_token_key_is_null_or_empty" storage="d:\v2.0\a1\_work\dbded102\bin\release.anycpu\sps.service\ms.vs.services.delegatedauthorization.l0.tests\ms.vs.services.delegatedauthorization.l0.tests.dll" id="650170d2-781a-9ea1-d7be-bd7b194dfca5">
      <Execution id="979f7bb4-d669-47ae-a402-3aa5ec573202" />
      <TestMethod codeBase="D:\v2.0\A1\_work\dbded102\bin\Release.AnyCPU\Sps.Service\MS.VS.Services.DelegatedAuthorization.L0.Tests\MS.VS.Services.DelegatedAuthorization.L0.Tests.dll" adapterTypeName="Microsoft.VisualStudio.TestTools.TestTypes.Unit.UnitTestAdapter" className="MS.VS.Services.DelegatedAuthorization.L0.Testss.PlatformDelegatedAuthorizationServiceTests+PlatformDelegatedAuthorizationService_ExchangeAccessTokenKey" name="Should_error_when_access_token_key_is_null_or_empty" />
    </UnitTest>
    <UnitTest name="Should_error_when_access_token_key_is_not_valid_format" storage="d:\v2.0\a1\_work\dbded102\bin\release.anycpu\sps.service\ms.vs.services.delegatedauthorization.l0.tests\ms.vs.services.delegatedauthorization.l0.tests.dll" id="a0fbcaba-e2f3-c896-6dce-1b58a6bba316">
      <Execution id="a5cb1d5d-15c4-487e-af7f-20c0f402eda1" />
      <TestMethod codeBase="D:\v2.0\A1\_work\dbded102\bin\Release.AnyCPU\Sps.Service\MS.VS.Services.DelegatedAuthorization.L0.Tests\MS.VS.Services.DelegatedAuthorization.L0.Tests.dll" adapterTypeName="Microsoft.VisualStudio.TestTools.TestTypes.Unit.UnitTestAdapter" className="MS.VS.Services.DelegatedAuthorization.L0.Testss.PlatformDelegatedAuthorizationServiceTests+PlatformDelegatedAuthorizationService_ExchangeAccessTokenKey" name="Should_error_when_access_token_key_is_not_valid_format" />
    </UnitTest>
    <UnitTest name="Should_error_when_the_request_identity_does_not_have_framework_impersonate_permission" storage="d:\v2.0\a1\_work\dbded102\bin\release.anycpu\sps.service\ms.vs.services.delegatedauthorization.l0.tests\ms.vs.services.delegatedauthorization.l0.tests.dll" id="8dad8e7f-e1b0-54ae-0fcf-99431cf2a6c8">
      <Execution id="440592d4-3c48-4cc6-997b-58fa97faf88b" />
      <TestMethod codeBase="D:\v2.0\A1\_work\dbded102\bin\Release.AnyCPU\Sps.Service\MS.VS.Services.DelegatedAuthorization.L0.Tests\MS.VS.Services.DelegatedAuthorization.L0.Tests.dll" adapterTypeName="Microsoft.VisualStudio.TestTools.TestTypes.Unit.UnitTestAdapter" className="MS.VS.Services.DelegatedAuthorization.L0.Testss.PlatformDelegatedAuthorizationServiceTests+PlatformDelegatedAuthorizationService_ExchangeAccessTokenKey" name="Should_error_when_the_request_identity_does_not_have_framework_impersonate_permission" />
    </UnitTest>
    <UnitTest name="Should_error_when_access_token_key_is_not_mapped_to_an_access_token" storage="d:\v2.0\a1\_work\dbded102\bin\release.anycpu\sps.service\ms.vs.services.delegatedauthorization.l0.tests\ms.vs.services.delegatedauthorization.l0.tests.dll" id="f06dbb9b-1002-18b6-e604-58487febe248">
      <Execution id="d1306237-cb24-4115-8cc5-bc8485abfa82" />
      <TestMethod codeBase="D:\v2.0\A1\_work\dbded102\bin\Release.AnyCPU\Sps.Service\MS.VS.Services.DelegatedAuthorization.L0.Tests\MS.VS.Services.DelegatedAuthorization.L0.Tests.dll" adapterTypeName="Microsoft.VisualStudio.TestTools.TestTypes.Unit.UnitTestAdapter" className="MS.VS.Services.DelegatedAuthorization.L0.Testss.PlatformDelegatedAuthorizationServiceTests+PlatformDelegatedAuthorizationService_ExchangeAccessTokenKey" name="Should_error_when_access_token_key_is_not_mapped_to_an_access_token" />
    </UnitTest>
    <UnitTest name="Should_error_when_access_token_key_is_mapped_to_invalid_access_token" storage="d:\v2.0\a1\_work\dbded102\bin\release.anycpu\sps.service\ms.vs.services.delegatedauthorization.l0.tests\ms.vs.services.delegatedauthorization.l0.tests.dll" id="91b067b1-c257-1500-7c88-9d67bd659e2b">
      <Execution id="4a3f0aeb-252f-4c66-9bc8-fa5012061ed3" />
      <TestMethod codeBase="D:\v2.0\A1\_work\dbded102\bin\Release.AnyCPU\Sps.Service\MS.VS.Services.DelegatedAuthorization.L0.Tests\MS.VS.Services.DelegatedAuthorization.L0.Tests.dll" adapterTypeName="Microsoft.VisualStudio.TestTools.TestTypes.Unit.UnitTestAdapter" className="MS.VS.Services.DelegatedAuthorization.L0.Testss.PlatformDelegatedAuthorizationServiceTests+PlatformDelegatedAuthorizationService_ExchangeAccessTokenKey" name="Should_error_when_access_token_key_is_mapped_to_invalid_access_token" />
    </UnitTest>
    <UnitTest name="Should_error_when_get_access_token_key_component_call_return_null" storage="d:\v2.0\a1\_work\dbded102\bin\release.anycpu\sps.service\ms.vs.services.delegatedauthorization.l0.tests\ms.vs.services.delegatedauthorization.l0.tests.dll" id="01202012-a3a4-8ecc-f557-1d9e24477c67">
      <Execution id="8806400b-8790-475a-9215-77243c556a95" />
      <TestMethod codeBase="D:\v2.0\A1\_work\dbded102\bin\Release.AnyCPU\Sps.Service\MS.VS.Services.DelegatedAuthorization.L0.Tests\MS.VS.Services.DelegatedAuthorization.L0.Tests.dll" adapterTypeName="Microsoft.VisualStudio.TestTools.TestTypes.Unit.UnitTestAdapter" className="MS.VS.Services.DelegatedAuthorization.L0.Testss.PlatformDelegatedAuthorizationServiceTests+PlatformDelegatedAuthorizationService_ExchangeAccessTokenKey" name="Should_error_when_get_access_token_key_component_call_return_null" />
    </UnitTest>
    <UnitTest name="Able_to_exchange_valid_access_token_key_for_an_access_token" storage="d:\v2.0\a1\_work\dbded102\bin\release.anycpu\sps.service\ms.vs.services.delegatedauthorization.l0.tests\ms.vs.services.delegatedauthorization.l0.tests.dll" id="4ecb9103-2e93-0299-b644-8b26d90fcd63">
      <Execution id="aaa0ab4d-e4a9-4320-8e1c-b21a8b060841" />
      <TestMethod codeBase="D:\v2.0\A1\_work\dbded102\bin\Release.AnyCPU\Sps.Service\MS.VS.Services.DelegatedAuthorization.L0.Tests\MS.VS.Services.DelegatedAuthorization.L0.Tests.dll" adapterTypeName="Microsoft.VisualStudio.TestTools.TestTypes.Unit.UnitTestAdapter" className="MS.VS.Services.DelegatedAuthorization.L0.Testss.PlatformDelegatedAuthorizationServiceTests+PlatformDelegatedAuthorizationService_ExchangeAccessTokenKey" name="Able_to_exchange_valid_access_token_key_for_an_access_token" />
    </UnitTest>
    <UnitTest name="Should_return_null_when_the_flag_is_off" storage="d:\v2.0\a1\_work\dbded102\bin\release.anycpu\sps.service\ms.vs.services.delegatedauthorization.l0.tests\ms.vs.services.delegatedauthorization.l0.tests.dll" id="eace94a2-467d-c596-3d3e-32acc8119d69">
      <Execution id="4c6fe813-8ec4-41e8-808e-6b29bd4f8f91" />
      <TestMethod codeBase="D:\v2.0\A1\_work\dbded102\bin\Release.AnyCPU\Sps.Service\MS.VS.Services.DelegatedAuthorization.L0.Tests\MS.VS.Services.DelegatedAuthorization.L0.Tests.dll" adapterTypeName="Microsoft.VisualStudio.TestTools.TestTypes.Unit.UnitTestAdapter" className="MS.VS.Services.DelegatedAuthorization.L0.Testss.PlatformDelegatedAuthorizationServiceTests+PlatformDelegatedAuthorizationService_ExchangeAccessTokenKey" name="Should_return_null_when_the_flag_is_off" />
    </UnitTest>
    <UnitTest name="Should_return_grant_code_expiration_claims_based_on_utc" storage="d:\v2.0\a1\_work\dbded102\bin\release.anycpu\sps.service\ms.vs.services.delegatedauthorization.l0.tests\ms.vs.services.delegatedauthorization.l0.tests.dll" id="15d0f271-76c7-c1e2-bac5-b750bc17342f">
      <Execution id="841de266-6406-40c6-b9a2-e6bbc2e3ba93" />
      <TestMethod codeBase="D:\v2.0\A1\_work\dbded102\bin\Release.AnyCPU\Sps.Service\MS.VS.Services.DelegatedAuthorization.L0.Tests\MS.VS.Services.DelegatedAuthorization.L0.Tests.dll" adapterTypeName="Microsoft.VisualStudio.TestTools.TestTypes.Unit.UnitTestAdapter" className="MS.VS.Services.DelegatedAuthorization.L0.Testss.PlatformDelegatedAuthorizationServiceTests+PlatformDelegatedAuthorizationService_Authorize" name="Should_return_grant_code_expiration_claims_based_on_utc" />
    </UnitTest>
    <UnitTest name="HasImpersonationScope_should_return_false_when_scopes_do_not_match" storage="d:\v2.0\a1\_work\dbded102\bin\release.anycpu\sps.service\ms.vs.services.delegatedauthorization.l0.tests\ms.vs.services.delegatedauthorization.l0.tests.dll" priority="1" id="41394838-bf94-4e9c-6757-e8fc9f1b70b1">
      <Owners>
        <Owner name="vscsditeam" />
      </Owners>
      <Execution id="3e61900a-61dd-4393-9c54-b92b2d17c8b4" />
      <TestMethod codeBase="D:\v2.0\A1\_work\dbded102\bin\Release.AnyCPU\Sps.Service\MS.VS.Services.DelegatedAuthorization.L0.Tests\MS.VS.Services.DelegatedAuthorization.L0.Tests.dll" adapterTypeName="Microsoft.VisualStudio.TestTools.TestTypes.Unit.UnitTestAdapter" className="MS.VS.Services.DelegatedAuthorization.L0.Tests.AuthorizationScopeConfigurationTests+AuthorizationScopeConfiguration_HasImpersonationScope" name="HasImpersonationScope_should_return_false_when_scopes_do_not_match" />
    </UnitTest>
    <UnitTest name="HasImpersonationScope_should_return_false_when_scope_does_not_match_impersonation_scope" storage="d:\v2.0\a1\_work\dbded102\bin\release.anycpu\sps.service\ms.vs.services.delegatedauthorization.l0.tests\ms.vs.services.delegatedauthorization.l0.tests.dll" priority="1" id="3e79234c-0bd0-b8e6-c8bf-7b6fd77943a7">
      <Owners>
        <Owner name="vscsditeam" />
      </Owners>
      <Execution id="801ca176-0e08-4428-aa9e-adc9194aca8c" />
      <TestMethod codeBase="D:\v2.0\A1\_work\dbded102\bin\Release.AnyCPU\Sps.Service\MS.VS.Services.DelegatedAuthorization.L0.Tests\MS.VS.Services.DelegatedAuthorization.L0.Tests.dll" adapterTypeName="Microsoft.VisualStudio.TestTools.TestTypes.Unit.UnitTestAdapter" className="MS.VS.Services.DelegatedAuthorization.L0.Tests.AuthorizationScopeConfigurationTests+AuthorizationScopeConfiguration_HasImpersonationScope" name="HasImpersonationScope_should_return_false_when_scope_does_not_match_impersonation_scope" />
    </UnitTest>
    <UnitTest name="HasImpersonation_scope_should_return_true_when_scope_matches_impersonation_scope" storage="d:\v2.0\a1\_work\dbded102\bin\release.anycpu\sps.service\ms.vs.services.delegatedauthorization.l0.tests\ms.vs.services.delegatedauthorization.l0.tests.dll" priority="1" id="731417b0-77a9-43f0-80a7-c7ccb0397c22">
      <Owners>
        <Owner name="vscsditeam" />
      </Owners>
      <Execution id="7af5a2e3-adb6-4f47-aee8-05e7c85ebcc4" />
      <TestMethod codeBase="D:\v2.0\A1\_work\dbded102\bin\Release.AnyCPU\Sps.Service\MS.VS.Services.DelegatedAuthorization.L0.Tests\MS.VS.Services.DelegatedAuthorization.L0.Tests.dll" adapterTypeName="Microsoft.VisualStudio.TestTools.TestTypes.Unit.UnitTestAdapter" className="MS.VS.Services.DelegatedAuthorization.L0.Tests.AuthorizationScopeConfigurationTests+AuthorizationScopeConfiguration_HasImpersonationScope" name="HasImpersonation_scope_should_return_true_when_scope_matches_impersonation_scope" />
    </UnitTest>
    <UnitTest name="HasImpersonation_scope_should_return_true_when_request_uri_matches_multiple_scopes_incl_impersonation_scope" storage="d:\v2.0\a1\_work\dbded102\bin\release.anycpu\sps.service\ms.vs.services.delegatedauthorization.l0.tests\ms.vs.services.delegatedauthorization.l0.tests.dll" priority="1" id="7f6d21b5-5b9b-d346-1c99-db273d34aa34">
      <Owners>
        <Owner name="vscsditeam" />
      </Owners>
      <Execution id="db4589c5-bf1e-42b3-b410-70439b6ecf34" />
      <TestMethod codeBase="D:\v2.0\A1\_work\dbded102\bin\Release.AnyCPU\Sps.Service\MS.VS.Services.DelegatedAuthorization.L0.Tests\MS.VS.Services.DelegatedAuthorization.L0.Tests.dll" adapterTypeName="Microsoft.VisualStudio.TestTools.TestTypes.Unit.UnitTestAdapter" className="MS.VS.Services.DelegatedAuthorization.L0.Tests.AuthorizationScopeConfigurationTests+AuthorizationScopeConfiguration_HasImpersonationScope" name="HasImpersonation_scope_should_return_true_when_request_uri_matches_multiple_scopes_incl_impersonation_scope" />
    </UnitTest>
    <UnitTest name="HasImpersonation_scope_should_return_false_when_request_scope_does_not_match_wellknown_impersonation_scope" storage="d:\v2.0\a1\_work\dbded102\bin\release.anycpu\sps.service\ms.vs.services.delegatedauthorization.l0.tests\ms.vs.services.delegatedauthorization.l0.tests.dll" priority="1" id="e69cf4fb-ef34-31a0-8d00-24ff48dc659d">
      <Owners>
        <Owner name="vscsditeam" />
      </Owners>
      <Execution id="5bd3173f-6c0f-411c-b92c-d952e6074d22" />
      <TestMethod codeBase="D:\v2.0\A1\_work\dbded102\bin\Release.AnyCPU\Sps.Service\MS.VS.Services.DelegatedAuthorization.L0.Tests\MS.VS.Services.DelegatedAuthorization.L0.Tests.dll" adapterTypeName="Microsoft.VisualStudio.TestTools.TestTypes.Unit.UnitTestAdapter" className="MS.VS.Services.DelegatedAuthorization.L0.Tests.AuthorizationScopeConfigurationTests+AuthorizationScopeConfiguration_HasImpersonationScope" name="HasImpersonation_scope_should_return_false_when_request_scope_does_not_match_wellknown_impersonation_scope" />
    </UnitTest>
    <UnitTest name="Should_throw_argument_exception_when_registration_id_is_invalid" storage="d:\v2.0\a1\_work\dbded102\bin\release.anycpu\sps.service\ms.vs.services.delegatedauthorization.l0.tests\ms.vs.services.delegatedauthorization.l0.tests.dll" id="77deff89-3e44-510d-b44c-2cc55ae57fcb">
      <Execution id="96a65f26-e801-4014-9395-d7abba7cafd0" />
      <TestMethod codeBase="D:\v2.0\A1\_work\dbded102\bin\Release.AnyCPU\Sps.Service\MS.VS.Services.DelegatedAuthorization.L0.Tests\MS.VS.Services.DelegatedAuthorization.L0.Tests.dll" adapterTypeName="Microsoft.VisualStudio.TestTools.TestTypes.Unit.UnitTestAdapter" className="MS.VS.Services.DelegatedAuthorization.L0.Tests.PlatformDelegatedAuthorizationRegistrationServiceTests+PlatformDelegatedAuthRegistrationTests_Get" name="Should_throw_argument_exception_when_registration_id_is_invalid" />
    </UnitTest>
    <UnitTest name="Should_throw_argument_exception_when_registration_cannot_be_found" storage="d:\v2.0\a1\_work\dbded102\bin\release.anycpu\sps.service\ms.vs.services.delegatedauthorization.l0.tests\ms.vs.services.delegatedauthorization.l0.tests.dll" id="cdb16d4a-ecf1-9dd9-eaeb-38ccea8815be">
      <Execution id="5fa16d32-f0bb-4e31-9720-7a3ef8587c11" />
      <TestMethod codeBase="D:\v2.0\A1\_work\dbded102\bin\Release.AnyCPU\Sps.Service\MS.VS.Services.DelegatedAuthorization.L0.Tests\MS.VS.Services.DelegatedAuthorization.L0.Tests.dll" adapterTypeName="Microsoft.VisualStudio.TestTools.TestTypes.Unit.UnitTestAdapter" className="MS.VS.Services.DelegatedAuthorization.L0.Tests.PlatformDelegatedAuthorizationRegistrationServiceTests+PlatformDelegatedAuthRegistrationTests_Get" name="Should_throw_argument_exception_when_registration_cannot_be_found" />
    </UnitTest>
    <UnitTest name="Should_return_registration_for_identity_from_component" storage="d:\v2.0\a1\_work\dbded102\bin\release.anycpu\sps.service\ms.vs.services.delegatedauthorization.l0.tests\ms.vs.services.delegatedauthorization.l0.tests.dll" id="2369e16f-6489-0712-4598-a81c43008c50">
      <Execution id="7f78f806-080f-41ab-a63e-3900996941ae" />
      <TestMethod codeBase="D:\v2.0\A1\_work\dbded102\bin\Release.AnyCPU\Sps.Service\MS.VS.Services.DelegatedAuthorization.L0.Tests\MS.VS.Services.DelegatedAuthorization.L0.Tests.dll" adapterTypeName="Microsoft.VisualStudio.TestTools.TestTypes.Unit.UnitTestAdapter" className="MS.VS.Services.DelegatedAuthorization.L0.Tests.PlatformDelegatedAuthorizationRegistrationServiceTests+PlatformDelegatedAuthRegistrationTests_Get" name="Should_return_registration_for_identity_from_component" />
    </UnitTest>
    <UnitTest name="Should_throw_argument_null_when_request_context_is_null" storage="d:\v2.0\a1\_work\dbded102\bin\release.anycpu\sps.service\ms.vs.services.delegatedauthorization.l0.tests\ms.vs.services.delegatedauthorization.l0.tests.dll" id="4a25b6fe-0cc2-98ea-5b23-fe99b8eb0d30">
      <Execution id="f6081e57-7c53-4b90-adad-9df37ef12fae" />
      <TestMethod codeBase="D:\v2.0\A1\_work\dbded102\bin\Release.AnyCPU\Sps.Service\MS.VS.Services.DelegatedAuthorization.L0.Tests\MS.VS.Services.DelegatedAuthorization.L0.Tests.dll" adapterTypeName="Microsoft.VisualStudio.TestTools.TestTypes.Unit.UnitTestAdapter" className="MS.VS.Services.DelegatedAuthorization.L0.Tests.PlatformDelegatedAuthorizationRegistrationServiceTests+PlatformDelegatedAuthRegistrationTests_List" name="Should_throw_argument_null_when_request_context_is_null" />
    </UnitTest>
    <UnitTest name="Should_return_an_empty_list_when_registration_ux_feature_id_disabled" storage="d:\v2.0\a1\_work\dbded102\bin\release.anycpu\sps.service\ms.vs.services.delegatedauthorization.l0.tests\ms.vs.services.delegatedauthorization.l0.tests.dll" id="141c4845-262d-74b1-6372-1863649ece06">
      <Execution id="afca06c7-e416-412b-b3cd-2071127f1b31" />
      <TestMethod codeBase="D:\v2.0\A1\_work\dbded102\bin\Release.AnyCPU\Sps.Service\MS.VS.Services.DelegatedAuthorization.L0.Tests\MS.VS.Services.DelegatedAuthorization.L0.Tests.dll" adapterTypeName="Microsoft.VisualStudio.TestTools.TestTypes.Unit.UnitTestAdapter" className="MS.VS.Services.DelegatedAuthorization.L0.Tests.PlatformDelegatedAuthorizationRegistrationServiceTests+PlatformDelegatedAuthRegistrationTests_List" name="Should_return_an_empty_list_when_registration_ux_feature_id_disabled" />
    </UnitTest>
    <UnitTest name="Should_return_list_of_registrations_for_current_user_from_component" storage="d:\v2.0\a1\_work\dbded102\bin\release.anycpu\sps.service\ms.vs.services.delegatedauthorization.l0.tests\ms.vs.services.delegatedauthorization.l0.tests.dll" id="9e7c6399-7831-90f0-15b6-a8fccfdefd8a">
      <Execution id="ab8120b2-071d-49f1-898a-7d90b149f189" />
      <TestMethod codeBase="D:\v2.0\A1\_work\dbded102\bin\Release.AnyCPU\Sps.Service\MS.VS.Services.DelegatedAuthorization.L0.Tests\MS.VS.Services.DelegatedAuthorization.L0.Tests.dll" adapterTypeName="Microsoft.VisualStudio.TestTools.TestTypes.Unit.UnitTestAdapter" className="MS.VS.Services.DelegatedAuthorization.L0.Tests.PlatformDelegatedAuthorizationRegistrationServiceTests+PlatformDelegatedAuthRegistrationTests_List" name="Should_return_list_of_registrations_for_current_user_from_component" />
    </UnitTest>
    <UnitTest name="Should_throw_argument_null_exception_when_request_context_is_null" storage="d:\v2.0\a1\_work\dbded102\bin\release.anycpu\sps.service\ms.vs.services.delegatedauthorization.l0.tests\ms.vs.services.delegatedauthorization.l0.tests.dll" id="387fb066-7744-7235-995c-f5a1921085a0">
      <Execution id="514a5ea6-ce51-4c8c-9366-298211beb087" />
      <TestMethod codeBase="D:\v2.0\A1\_work\dbded102\bin\Release.AnyCPU\Sps.Service\MS.VS.Services.DelegatedAuthorization.L0.Tests\MS.VS.Services.DelegatedAuthorization.L0.Tests.dll" adapterTypeName="Microsoft.VisualStudio.TestTools.TestTypes.Unit.UnitTestAdapter" className="MS.VS.Services.DelegatedAuthorization.L0.Tests.PlatformDelegatedAuthorizationRegistrationServiceTests+PlatformDelegatedAuthRegistrationTests_Update" name="Should_throw_argument_null_exception_when_request_context_is_null" />
    </UnitTest>
    <UnitTest name="Should_throw_argument_null_exception_when_registration_is_null" storage="d:\v2.0\a1\_work\dbded102\bin\release.anycpu\sps.service\ms.vs.services.delegatedauthorization.l0.tests\ms.vs.services.delegatedauthorization.l0.tests.dll" id="e822673e-80e9-4d9a-3f3a-039713f662f1">
      <Execution id="52f8d5bf-2109-4063-85e8-67400671c421" />
      <TestMethod codeBase="D:\v2.0\A1\_work\dbded102\bin\Release.AnyCPU\Sps.Service\MS.VS.Services.DelegatedAuthorization.L0.Tests\MS.VS.Services.DelegatedAuthorization.L0.Tests.dll" adapterTypeName="Microsoft.VisualStudio.TestTools.TestTypes.Unit.UnitTestAdapter" className="MS.VS.Services.DelegatedAuthorization.L0.Tests.PlatformDelegatedAuthorizationRegistrationServiceTests+PlatformDelegatedAuthRegistrationTests_Update" name="Should_throw_argument_null_exception_when_registration_is_null" />
    </UnitTest>
    <UnitTest name="Should_validate_and_update_registration_with_component" storage="d:\v2.0\a1\_work\dbded102\bin\release.anycpu\sps.service\ms.vs.services.delegatedauthorization.l0.tests\ms.vs.services.delegatedauthorization.l0.tests.dll" id="5a060b65-c8dd-095c-7055-129434fbe8a9">
      <Execution id="1f4d300a-75ca-41dd-949b-59fcd3bbb2ba" />
      <TestMethod codeBase="D:\v2.0\A1\_work\dbded102\bin\Release.AnyCPU\Sps.Service\MS.VS.Services.DelegatedAuthorization.L0.Tests\MS.VS.Services.DelegatedAuthorization.L0.Tests.dll" adapterTypeName="Microsoft.VisualStudio.TestTools.TestTypes.Unit.UnitTestAdapter" className="MS.VS.Services.DelegatedAuthorization.L0.Tests.PlatformDelegatedAuthorizationRegistrationServiceTests+PlatformDelegatedAuthRegistrationTests_Update" name="Should_validate_and_update_registration_with_component" />
    </UnitTest>
    <UnitTest name="Should_throw_argument_null_exception_when_request_context_is_null" storage="d:\v2.0\a1\_work\dbded102\bin\release.anycpu\sps.service\ms.vs.services.delegatedauthorization.l0.tests\ms.vs.services.delegatedauthorization.l0.tests.dll" id="aa0937dd-7eb5-b5fa-da4c-708dbb90d717">
      <Execution id="d991d561-ffa0-41c2-b70d-735f15b1c701" />
      <TestMethod codeBase="D:\v2.0\A1\_work\dbded102\bin\Release.AnyCPU\Sps.Service\MS.VS.Services.DelegatedAuthorization.L0.Tests\MS.VS.Services.DelegatedAuthorization.L0.Tests.dll" adapterTypeName="Microsoft.VisualStudio.TestTools.TestTypes.Unit.UnitTestAdapter" className="MS.VS.Services.DelegatedAuthorization.L0.Tests.PlatformDelegatedAuthorizationRegistrationServiceTests+PlatformDelegatedAuthRegistrationTests_Create" name="Should_throw_argument_null_exception_when_request_context_is_null" />
    </UnitTest>
    <UnitTest name="Should_throw_argument_null_exception_when_registration_is_null" storage="d:\v2.0\a1\_work\dbded102\bin\release.anycpu\sps.service\ms.vs.services.delegatedauthorization.l0.tests\ms.vs.services.delegatedauthorization.l0.tests.dll" id="160a8e7c-ddc5-289f-b394-d4f93ab2eee4">
      <Execution id="62398b74-09f7-43a1-9214-f1c2da62b43b" />
      <TestMethod codeBase="D:\v2.0\A1\_work\dbded102\bin\Release.AnyCPU\Sps.Service\MS.VS.Services.DelegatedAuthorization.L0.Tests\MS.VS.Services.DelegatedAuthorization.L0.Tests.dll" adapterTypeName="Microsoft.VisualStudio.TestTools.TestTypes.Unit.UnitTestAdapter" className="MS.VS.Services.DelegatedAuthorization.L0.Tests.PlatformDelegatedAuthorizationRegistrationServiceTests+PlatformDelegatedAuthRegistrationTests_Create" name="Should_throw_argument_null_exception_when_registration_is_null" />
    </UnitTest>
    <UnitTest name="Should_validate_and_create_registration_with_component" storage="d:\v2.0\a1\_work\dbded102\bin\release.anycpu\sps.service\ms.vs.services.delegatedauthorization.l0.tests\ms.vs.services.delegatedauthorization.l0.tests.dll" id="e1b2bc3c-0b33-b0d7-794f-f3e043bb0266">
      <Execution id="dd1dcb9a-1c72-4855-8cba-14d840269639" />
      <TestMethod codeBase="D:\v2.0\A1\_work\dbded102\bin\Release.AnyCPU\Sps.Service\MS.VS.Services.DelegatedAuthorization.L0.Tests\MS.VS.Services.DelegatedAuthorization.L0.Tests.dll" adapterTypeName="Microsoft.VisualStudio.TestTools.TestTypes.Unit.UnitTestAdapter" className="MS.VS.Services.DelegatedAuthorization.L0.Tests.PlatformDelegatedAuthorizationRegistrationServiceTests+PlatformDelegatedAuthRegistrationTests_Create" name="Should_validate_and_create_registration_with_component" />
    </UnitTest>
    <UnitTest name="Should_throw_invalid_access_exception_when_client_type_is_full_trust" storage="d:\v2.0\a1\_work\dbded102\bin\release.anycpu\sps.service\ms.vs.services.delegatedauthorization.l0.tests\ms.vs.services.delegatedauthorization.l0.tests.dll" id="df906228-3905-21b9-7d13-fa6e61f9c0d0">
      <Execution id="20c391d8-a8c8-4f22-8d8d-cf55fc585307" />
      <TestMethod codeBase="D:\v2.0\A1\_work\dbded102\bin\Release.AnyCPU\Sps.Service\MS.VS.Services.DelegatedAuthorization.L0.Tests\MS.VS.Services.DelegatedAuthorization.L0.Tests.dll" adapterTypeName="Microsoft.VisualStudio.TestTools.TestTypes.Unit.UnitTestAdapter" className="MS.VS.Services.DelegatedAuthorization.L0.Tests.PlatformDelegatedAuthorizationRegistrationServiceTests+PlatformDelegatedAuthRegistrationTests_Create" name="Should_throw_invalid_access_exception_when_client_type_is_full_trust" />
    </UnitTest>
    <UnitTest name="Should_throw_argument_null_exception_when_request_context_is_null" storage="d:\v2.0\a1\_work\dbded102\bin\release.anycpu\sps.service\ms.vs.services.delegatedauthorization.l0.tests\ms.vs.services.delegatedauthorization.l0.tests.dll" id="1ac3893a-fa30-6e17-f1d8-ef67552e2f31">
      <Execution id="28b7c1e9-7c50-43ef-9740-8ddab85461b4" />
      <TestMethod codeBase="D:\v2.0\A1\_work\dbded102\bin\Release.AnyCPU\Sps.Service\MS.VS.Services.DelegatedAuthorization.L0.Tests\MS.VS.Services.DelegatedAuthorization.L0.Tests.dll" adapterTypeName="Microsoft.VisualStudio.TestTools.TestTypes.Unit.UnitTestAdapter" className="MS.VS.Services.DelegatedAuthorization.L0.Tests.PlatformDelegatedAuthorizationRegistrationServiceTests+PlatformDelegatedAuthRegistrationTests_GetSecret" name="Should_throw_argument_null_exception_when_request_context_is_null" />
    </UnitTest>
    <UnitTest name="Should_throw_argument_null_exception_when_registration_is_null" storage="d:\v2.0\a1\_work\dbded102\bin\release.anycpu\sps.service\ms.vs.services.delegatedauthorization.l0.tests\ms.vs.services.delegatedauthorization.l0.tests.dll" id="cbd95323-f57f-35b7-c6b2-a02ad110f6e8">
      <Execution id="9cf1a72a-5282-446e-bc61-920c296eabbd" />
      <TestMethod codeBase="D:\v2.0\A1\_work\dbded102\bin\Release.AnyCPU\Sps.Service\MS.VS.Services.DelegatedAuthorization.L0.Tests\MS.VS.Services.DelegatedAuthorization.L0.Tests.dll" adapterTypeName="Microsoft.VisualStudio.TestTools.TestTypes.Unit.UnitTestAdapter" className="MS.VS.Services.DelegatedAuthorization.L0.Tests.PlatformDelegatedAuthorizationRegistrationServiceTests+PlatformDelegatedAuthRegistrationTests_GetSecret" name="Should_throw_argument_null_exception_when_registration_is_null" />
    </UnitTest>
  </TestDefinitions>
  <TestEntries>
    <TestEntry testId="b2ffb25d-6f1e-b9b4-1974-e734d5f12431" executionId="d5c5b267-da1f-4126-a23b-90666537680f" testListId="8c84fa94-04c1-424b-9868-57a2d4851a1d" />
    <TestEntry testId="2cfee36a-100c-4f6f-5ff2-cd128e884f22" executionId="e6a6dbed-4e39-44b3-ac1e-f2833dcf2354" testListId="8c84fa94-04c1-424b-9868-57a2d4851a1d" />
    <TestEntry testId="55153749-43ee-de4c-e263-61ebbb1f30da" executionId="3b04dc0b-df0c-470f-aaac-73441bbd6d77" testListId="8c84fa94-04c1-424b-9868-57a2d4851a1d" />
    <TestEntry testId="90a45ede-a277-f7dd-19f9-3a08c5833112" executionId="864d60ce-4ab3-41e4-8bc9-2e28dc9f5825" testListId="8c84fa94-04c1-424b-9868-57a2d4851a1d" />
    <TestEntry testId="2cd9d2e7-bf08-d8d4-19c2-458c7480ef31" executionId="1bf81d08-d505-4504-b33c-027a789dec93" testListId="8c84fa94-04c1-424b-9868-57a2d4851a1d" />
    <TestEntry testId="a028234c-bdc1-d19b-ca46-375c1b7bf109" executionId="8c0c1f91-1bc3-4494-b495-6ccceb676822" testListId="8c84fa94-04c1-424b-9868-57a2d4851a1d" />
    <TestEntry testId="9ac7c727-0e01-e136-5fd8-4025df4b0c95" executionId="2fb95479-12e4-41b3-8fc3-c28fa179fc9a" testListId="8c84fa94-04c1-424b-9868-57a2d4851a1d" />
    <TestEntry testId="68860ac4-e543-c5ee-bddb-3401113e4f1f" executionId="39777584-3bfd-45af-b52b-72b50f30464d" testListId="8c84fa94-04c1-424b-9868-57a2d4851a1d" />
    <TestEntry testId="2454168f-73c7-e382-cc0a-0e71fc59a133" executionId="a3f8e040-88e3-4d4c-96b8-7dd43003f627" testListId="8c84fa94-04c1-424b-9868-57a2d4851a1d" />
    <TestEntry testId="756013a2-c950-8dc8-e851-5782cfdc3c0b" executionId="679a0235-0190-420b-bba4-da79cc43a7e5" testListId="8c84fa94-04c1-424b-9868-57a2d4851a1d" />
    <TestEntry testId="d2083acc-05a5-af88-efac-97e6ac056657" executionId="c426019d-ff5f-450c-a806-73c95531ad70" testListId="8c84fa94-04c1-424b-9868-57a2d4851a1d" />
    <TestEntry testId="f25dc5b3-634b-65af-7745-cf91156b9779" executionId="75c739d7-d927-4061-99ff-9ae281309829" testListId="8c84fa94-04c1-424b-9868-57a2d4851a1d" />
    <TestEntry testId="41bd206a-dcdf-32ac-af7f-24bb092c4ef4" executionId="34781306-d5da-4d10-992a-9746a3a5ecd3" testListId="8c84fa94-04c1-424b-9868-57a2d4851a1d" />
    <TestEntry testId="e0446723-467c-9d68-e70e-fc64796a2080" executionId="433c0da3-b755-43de-8bd8-ef857245a5c8" testListId="8c84fa94-04c1-424b-9868-57a2d4851a1d" />
    <TestEntry testId="8262124c-e193-69a1-329a-52482786cfe8" executionId="e7de8b6b-5518-4b54-9de0-783fa5beb0f8" testListId="8c84fa94-04c1-424b-9868-57a2d4851a1d" />
    <TestEntry testId="b60f715b-b361-dd08-08d1-f98916984669" executionId="4b0577fa-a865-457d-ba3c-22f047731030" testListId="8c84fa94-04c1-424b-9868-57a2d4851a1d" />
    <TestEntry testId="0e7d6b41-f431-dda6-53be-a5c5f202c82c" executionId="950d9396-2abb-46ca-915d-c2985af520a4" testListId="8c84fa94-04c1-424b-9868-57a2d4851a1d" />
    <TestEntry testId="24d5ed58-427f-883d-856b-014598a35b4e" executionId="78d925fa-926c-4556-8860-6b83de774d73" testListId="8c84fa94-04c1-424b-9868-57a2d4851a1d" />
    <TestEntry testId="39c7c06a-b887-66ce-358e-5ee4623a7102" executionId="548e1d7f-bb71-41f3-b0ec-c7254c42dd90" testListId="8c84fa94-04c1-424b-9868-57a2d4851a1d" />
    <TestEntry testId="40365532-a718-9702-9b68-063be292ad2a" executionId="e94b7927-f082-410a-ac89-94b8d406d318" testListId="8c84fa94-04c1-424b-9868-57a2d4851a1d" />
    <TestEntry testId="eb0119de-109f-6eaa-a964-c89ce1ce9ace" executionId="64b169a9-68d9-4ed6-9119-d72e9b82f465" testListId="8c84fa94-04c1-424b-9868-57a2d4851a1d" />
    <TestEntry testId="11b5ae1e-844d-4b57-646f-ac240a2b7764" executionId="56264d5b-6872-460a-9798-cfd0fb444f68" testListId="8c84fa94-04c1-424b-9868-57a2d4851a1d" />
    <TestEntry testId="97f523ec-12bc-eaa9-f045-91293c2dbd63" executionId="2a522c43-fecf-49cf-8d24-fcbb8c7113aa" testListId="8c84fa94-04c1-424b-9868-57a2d4851a1d" />
    <TestEntry testId="04f30809-2dcc-c4cc-3e71-496cdefb1d0d" executionId="43e1bc9d-3dec-4361-8f4b-0a305739abab" testListId="8c84fa94-04c1-424b-9868-57a2d4851a1d" />
    <TestEntry testId="25c873d9-206a-2388-8220-3c5fad403f40" executionId="375a06bf-a96f-4db6-9946-e911e1afdcab" testListId="8c84fa94-04c1-424b-9868-57a2d4851a1d" />
    <TestEntry testId="46f8282b-aea9-919f-a04b-84a0f60e3c64" executionId="5bb1eb1c-e10e-41a7-afe2-b947249864ce" testListId="8c84fa94-04c1-424b-9868-57a2d4851a1d" />
    <TestEntry testId="402cb3e5-766c-ce56-5466-816e8c6962dc" executionId="80f59aaf-cdf7-4bbe-a806-c0431d65bcb5" testListId="8c84fa94-04c1-424b-9868-57a2d4851a1d" />
    <TestEntry testId="94030b7b-4ff2-61b1-b4d1-e3db861935ac" executionId="57a31e9b-8046-4150-a790-d52064ea7e42" testListId="8c84fa94-04c1-424b-9868-57a2d4851a1d" />
    <TestEntry testId="5db92ed4-4d70-3046-2993-bc7153161a63" executionId="1e2e12ba-ec80-4beb-b019-55a6cb17c17b" testListId="8c84fa94-04c1-424b-9868-57a2d4851a1d" />
    <TestEntry testId="5eb26699-7f77-e128-d415-3b823d025ecc" executionId="c0c19a40-455c-46cb-a4a9-13b4d5a7bb01" testListId="8c84fa94-04c1-424b-9868-57a2d4851a1d" />
    <TestEntry testId="3ee27ac6-191c-c605-39a5-81ab625a6ba7" executionId="297e91b8-82ba-4b2d-9cc2-7eff8a6aa206" testListId="8c84fa94-04c1-424b-9868-57a2d4851a1d" />
    <TestEntry testId="8f8a499c-e6a7-adb2-43c3-393a50e64c3d" executionId="1153ce59-3598-432d-b007-de4689190708" testListId="8c84fa94-04c1-424b-9868-57a2d4851a1d" />
    <TestEntry testId="0e30919b-7c18-b633-3829-53a3e013397f" executionId="cf82c629-a303-4797-89b4-44b16f97cdf4" testListId="8c84fa94-04c1-424b-9868-57a2d4851a1d" />
    <TestEntry testId="f010b4f4-e045-de4e-799d-1c0135ab4143" executionId="9824f278-0a89-4dda-85eb-1ca302f10c7e" testListId="8c84fa94-04c1-424b-9868-57a2d4851a1d" />
    <TestEntry testId="064b5e31-e614-c8fa-19be-20eb050913af" executionId="a0d0f046-a253-4b15-8e24-54a7550c010d" testListId="8c84fa94-04c1-424b-9868-57a2d4851a1d" />
    <TestEntry testId="d42b93d9-a9d4-db87-1ad2-79c06e8e9e6e" executionId="e5d491ee-2937-4230-841a-3605747c5f16" testListId="8c84fa94-04c1-424b-9868-57a2d4851a1d" />
    <TestEntry testId="341f1432-1015-ad42-660b-86cb7a26eee0" executionId="8468a295-5183-47dd-896e-6783406c1826" testListId="8c84fa94-04c1-424b-9868-57a2d4851a1d" />
    <TestEntry testId="5c572566-185e-653c-ba89-c9bff8b25844" executionId="4246abfd-c70d-4af5-a84a-4ecbf355220c" testListId="8c84fa94-04c1-424b-9868-57a2d4851a1d" />
    <TestEntry testId="945b787a-efc3-fd1b-eac5-93adac1b6e4d" executionId="81292380-27b5-4c0b-aaf6-d4c17080fa2a" testListId="8c84fa94-04c1-424b-9868-57a2d4851a1d" />
    <TestEntry testId="72ab9170-811e-cd37-b2f5-d1c8c0cca496" executionId="5be1da13-ee09-4453-bf82-baf7c2de6c56" testListId="8c84fa94-04c1-424b-9868-57a2d4851a1d" />
    <TestEntry testId="21ec8e57-bb9e-a91f-e698-0c132fbf4f6b" executionId="589e9628-3280-4004-903b-5d2d0ffcc8cc" testListId="8c84fa94-04c1-424b-9868-57a2d4851a1d" />
    <TestEntry testId="29a75df9-24fc-af52-d553-aab19f17eea5" executionId="62c538ca-daa6-4f8e-a53a-e07eea22717e" testListId="8c84fa94-04c1-424b-9868-57a2d4851a1d" />
    <TestEntry testId="5244acf0-ed73-e345-3cff-dbad51095c2f" executionId="fd59ad36-ee94-4fd6-bd53-45b0fa466b6b" testListId="8c84fa94-04c1-424b-9868-57a2d4851a1d" />
    <TestEntry testId="1be2afe3-e53a-2432-b445-4eea2d69c99f" executionId="b25ba8cb-6149-49ee-ae59-4eb3ff33419c" testListId="8c84fa94-04c1-424b-9868-57a2d4851a1d" />
    <TestEntry testId="a6726c70-54f0-55e1-4058-f6066295bbb0" executionId="e5083989-3cb7-4d7f-b73f-e402df701a9a" testListId="8c84fa94-04c1-424b-9868-57a2d4851a1d" />
    <TestEntry testId="dbe23d23-cc54-a3d3-6d8e-59e0dc435992" executionId="a1fadd1c-048b-4b6f-8a56-2b23bc19d269" testListId="8c84fa94-04c1-424b-9868-57a2d4851a1d" />
    <TestEntry testId="6ec5b85a-f9a4-8cbd-632f-80ca7f0d9c06" executionId="f517ca26-3d30-48b4-9557-81755db097ad" testListId="8c84fa94-04c1-424b-9868-57a2d4851a1d" />
    <TestEntry testId="93e34b5e-b1c2-dc96-69b6-499308afd734" executionId="fdf00e0c-d07b-4818-84c2-4263b0f2deea" testListId="8c84fa94-04c1-424b-9868-57a2d4851a1d" />
    <TestEntry testId="20bd3d18-a2f2-28b4-3d57-e54bba1444c0" executionId="cfcbcfc5-2505-4f6b-9afa-4cc779ef7eb8" testListId="8c84fa94-04c1-424b-9868-57a2d4851a1d" />
    <TestEntry testId="a0a758c0-d0a3-5768-18db-360389010cac" executionId="c676afae-7361-45f5-b189-bbf1fcff83d8" testListId="8c84fa94-04c1-424b-9868-57a2d4851a1d" />
    <TestEntry testId="1425e817-5366-acc4-1578-f64b2e2a2805" executionId="731d4ef2-04ac-40a6-9215-4155fee28077" testListId="8c84fa94-04c1-424b-9868-57a2d4851a1d" />
    <TestEntry testId="07797914-ac2b-fd48-1111-3b4f4df0665a" executionId="1db0dbb5-5487-4047-b740-3333545cac9c" testListId="8c84fa94-04c1-424b-9868-57a2d4851a1d" />
    <TestEntry testId="6ec1736f-f065-10b1-0657-5ebb4d4d4271" executionId="27bab884-e1b0-40df-85b7-9b34f473673c" testListId="8c84fa94-04c1-424b-9868-57a2d4851a1d" />
    <TestEntry testId="1ed02d67-639a-26cb-a9aa-df23485b8c31" executionId="ef24aa62-9e52-4766-9b9d-204aeb04e625" testListId="8c84fa94-04c1-424b-9868-57a2d4851a1d" />
    <TestEntry testId="77ea693e-d89e-4533-9970-2633e4f8721d" executionId="0ce21d1c-60f6-4a36-a1b2-da05bc30fa7a" testListId="8c84fa94-04c1-424b-9868-57a2d4851a1d" />
    <TestEntry testId="d83f6c13-2bbd-7c44-3357-aec745c68c53" executionId="9e788dc0-fcd8-420f-94af-6e3f001316cb" testListId="8c84fa94-04c1-424b-9868-57a2d4851a1d" />
    <TestEntry testId="e73cc268-19cd-9618-6997-d75baa79733b" executionId="1f84eb76-1840-45ff-8e52-63d91539b778" testListId="8c84fa94-04c1-424b-9868-57a2d4851a1d" />
    <TestEntry testId="6bdc8693-8b3f-44be-6d57-0c67ccb8a359" executionId="51827967-09d8-4957-9a62-959e34174c76" testListId="8c84fa94-04c1-424b-9868-57a2d4851a1d" />
    <TestEntry testId="587e9b50-cf10-17d8-9e21-5e1ec39ef84e" executionId="9a197001-8da7-49f8-bd03-b8391a6725ad" testListId="8c84fa94-04c1-424b-9868-57a2d4851a1d" />
    <TestEntry testId="436436a3-f0f8-50f4-aae5-cfaf2978b095" executionId="db3163e8-0c99-4e9f-b03f-bfc22ad270f0" testListId="8c84fa94-04c1-424b-9868-57a2d4851a1d" />
    <TestEntry testId="b5d8f423-8ce9-011b-e205-7150de04c1c5" executionId="823dc20a-f8cb-41c5-8e9f-c8fb265ff196" testListId="8c84fa94-04c1-424b-9868-57a2d4851a1d" />
    <TestEntry testId="34bd9f10-1064-6ff3-e062-83236cfcdaf0" executionId="128231ec-9e17-42fb-af9a-7e7fa7305696" testListId="8c84fa94-04c1-424b-9868-57a2d4851a1d" />
    <TestEntry testId="8583867d-1da7-5506-7220-83fb3572c4b8" executionId="4b3bdc27-858c-4cbe-b2ae-4deea8c3b023" testListId="8c84fa94-04c1-424b-9868-57a2d4851a1d" />
    <TestEntry testId="200972b4-59e5-4a3f-ad34-aaa6a9b82683" executionId="b6b5eed1-69c1-45a7-82c2-8421f3ba2d4c" testListId="8c84fa94-04c1-424b-9868-57a2d4851a1d" />
    <TestEntry testId="11f4beae-bb68-9017-ead2-eb338ddf5327" executionId="d8e0c24d-da20-4afc-b5e6-7e068218d8ba" testListId="8c84fa94-04c1-424b-9868-57a2d4851a1d" />
    <TestEntry testId="425cf027-f8ab-3639-5559-64b84e1bfd86" executionId="f4486eeb-f912-4165-8b94-4861951e4712" testListId="8c84fa94-04c1-424b-9868-57a2d4851a1d" />
    <TestEntry testId="fa4ef5c9-077f-97f3-99a5-2324c258e071" executionId="8f7b375e-d1d9-4d9f-a8d5-5b4ba240ce2f" testListId="8c84fa94-04c1-424b-9868-57a2d4851a1d" />
    <TestEntry testId="3c2442c3-47d7-a2bc-88c8-f18941111a70" executionId="43ce9509-c91d-4d38-968f-6a8dd7e71f31" testListId="8c84fa94-04c1-424b-9868-57a2d4851a1d" />
    <TestEntry testId="650170d2-781a-9ea1-d7be-bd7b194dfca5" executionId="979f7bb4-d669-47ae-a402-3aa5ec573202" testListId="8c84fa94-04c1-424b-9868-57a2d4851a1d" />
    <TestEntry testId="a0fbcaba-e2f3-c896-6dce-1b58a6bba316" executionId="a5cb1d5d-15c4-487e-af7f-20c0f402eda1" testListId="8c84fa94-04c1-424b-9868-57a2d4851a1d" />
    <TestEntry testId="8dad8e7f-e1b0-54ae-0fcf-99431cf2a6c8" executionId="440592d4-3c48-4cc6-997b-58fa97faf88b" testListId="8c84fa94-04c1-424b-9868-57a2d4851a1d" />
    <TestEntry testId="f06dbb9b-1002-18b6-e604-58487febe248" executionId="d1306237-cb24-4115-8cc5-bc8485abfa82" testListId="8c84fa94-04c1-424b-9868-57a2d4851a1d" />
    <TestEntry testId="91b067b1-c257-1500-7c88-9d67bd659e2b" executionId="4a3f0aeb-252f-4c66-9bc8-fa5012061ed3" testListId="8c84fa94-04c1-424b-9868-57a2d4851a1d" />
    <TestEntry testId="01202012-a3a4-8ecc-f557-1d9e24477c67" executionId="8806400b-8790-475a-9215-77243c556a95" testListId="8c84fa94-04c1-424b-9868-57a2d4851a1d" />
    <TestEntry testId="4ecb9103-2e93-0299-b644-8b26d90fcd63" executionId="aaa0ab4d-e4a9-4320-8e1c-b21a8b060841" testListId="8c84fa94-04c1-424b-9868-57a2d4851a1d" />
    <TestEntry testId="eace94a2-467d-c596-3d3e-32acc8119d69" executionId="4c6fe813-8ec4-41e8-808e-6b29bd4f8f91" testListId="8c84fa94-04c1-424b-9868-57a2d4851a1d" />
    <TestEntry testId="15d0f271-76c7-c1e2-bac5-b750bc17342f" executionId="841de266-6406-40c6-b9a2-e6bbc2e3ba93" testListId="8c84fa94-04c1-424b-9868-57a2d4851a1d" />
    <TestEntry testId="41394838-bf94-4e9c-6757-e8fc9f1b70b1" executionId="3e61900a-61dd-4393-9c54-b92b2d17c8b4" testListId="8c84fa94-04c1-424b-9868-57a2d4851a1d" />
    <TestEntry testId="3e79234c-0bd0-b8e6-c8bf-7b6fd77943a7" executionId="801ca176-0e08-4428-aa9e-adc9194aca8c" testListId="8c84fa94-04c1-424b-9868-57a2d4851a1d" />
    <TestEntry testId="731417b0-77a9-43f0-80a7-c7ccb0397c22" executionId="7af5a2e3-adb6-4f47-aee8-05e7c85ebcc4" testListId="8c84fa94-04c1-424b-9868-57a2d4851a1d" />
    <TestEntry testId="7f6d21b5-5b9b-d346-1c99-db273d34aa34" executionId="db4589c5-bf1e-42b3-b410-70439b6ecf34" testListId="8c84fa94-04c1-424b-9868-57a2d4851a1d" />
    <TestEntry testId="e69cf4fb-ef34-31a0-8d00-24ff48dc659d" executionId="5bd3173f-6c0f-411c-b92c-d952e6074d22" testListId="8c84fa94-04c1-424b-9868-57a2d4851a1d" />
    <TestEntry testId="77deff89-3e44-510d-b44c-2cc55ae57fcb" executionId="96a65f26-e801-4014-9395-d7abba7cafd0" testListId="8c84fa94-04c1-424b-9868-57a2d4851a1d" />
    <TestEntry testId="cdb16d4a-ecf1-9dd9-eaeb-38ccea8815be" executionId="5fa16d32-f0bb-4e31-9720-7a3ef8587c11" testListId="8c84fa94-04c1-424b-9868-57a2d4851a1d" />
    <TestEntry testId="2369e16f-6489-0712-4598-a81c43008c50" executionId="7f78f806-080f-41ab-a63e-3900996941ae" testListId="8c84fa94-04c1-424b-9868-57a2d4851a1d" />
    <TestEntry testId="4a25b6fe-0cc2-98ea-5b23-fe99b8eb0d30" executionId="f6081e57-7c53-4b90-adad-9df37ef12fae" testListId="8c84fa94-04c1-424b-9868-57a2d4851a1d" />
    <TestEntry testId="141c4845-262d-74b1-6372-1863649ece06" executionId="afca06c7-e416-412b-b3cd-2071127f1b31" testListId="8c84fa94-04c1-424b-9868-57a2d4851a1d" />
    <TestEntry testId="9e7c6399-7831-90f0-15b6-a8fccfdefd8a" executionId="ab8120b2-071d-49f1-898a-7d90b149f189" testListId="8c84fa94-04c1-424b-9868-57a2d4851a1d" />
    <TestEntry testId="387fb066-7744-7235-995c-f5a1921085a0" executionId="514a5ea6-ce51-4c8c-9366-298211beb087" testListId="8c84fa94-04c1-424b-9868-57a2d4851a1d" />
    <TestEntry testId="e822673e-80e9-4d9a-3f3a-039713f662f1" executionId="52f8d5bf-2109-4063-85e8-67400671c421" testListId="8c84fa94-04c1-424b-9868-57a2d4851a1d" />
    <TestEntry testId="5a060b65-c8dd-095c-7055-129434fbe8a9" executionId="1f4d300a-75ca-41dd-949b-59fcd3bbb2ba" testListId="8c84fa94-04c1-424b-9868-57a2d4851a1d" />
    <TestEntry testId="aa0937dd-7eb5-b5fa-da4c-708dbb90d717" executionId="d991d561-ffa0-41c2-b70d-735f15b1c701" testListId="8c84fa94-04c1-424b-9868-57a2d4851a1d" />
    <TestEntry testId="160a8e7c-ddc5-289f-b394-d4f93ab2eee4" executionId="62398b74-09f7-43a1-9214-f1c2da62b43b" testListId="8c84fa94-04c1-424b-9868-57a2d4851a1d" />
    <TestEntry testId="e1b2bc3c-0b33-b0d7-794f-f3e043bb0266" executionId="dd1dcb9a-1c72-4855-8cba-14d840269639" testListId="8c84fa94-04c1-424b-9868-57a2d4851a1d" />
    <TestEntry testId="df906228-3905-21b9-7d13-fa6e61f9c0d0" executionId="20c391d8-a8c8-4f22-8d8d-cf55fc585307" testListId="8c84fa94-04c1-424b-9868-57a2d4851a1d" />
    <TestEntry testId="1ac3893a-fa30-6e17-f1d8-ef67552e2f31" executionId="28b7c1e9-7c50-43ef-9740-8ddab85461b4" testListId="8c84fa94-04c1-424b-9868-57a2d4851a1d" />
    <TestEntry testId="cbd95323-f57f-35b7-c6b2-a02ad110f6e8" executionId="9cf1a72a-5282-446e-bc61-920c296eabbd" testListId="8c84fa94-04c1-424b-9868-57a2d4851a1d" />
  </TestEntries>
  <TestLists>
    <TestList name="Results Not in a List" id="8c84fa94-04c1-424b-9868-57a2d4851a1d" />
    <TestList name="All Loaded Results" id="19431567-8539-422a-85d7-44ee4e166bda" />
  </TestLists>
  <ResultSummary outcome="Completed">
    <Counters total="97" executed="96" passed="96" failed="0" error="0" timeout="0" aborted="0" inconclusive="0" passedButRunAborted="0" notRunnable="0" notExecuted="0" disconnected="0" warning="0" completed="0" inProgress="0" pending="0" />
    <Output>
      <StdOut>Test 'Should_return_grant_code_expiration_claims_based_on_utc' was skipped in the test run.</StdOut>
    </Output>
  </ResultSummary>
</TestRun>