<?xml version="1.0" encoding="UTF-8"?>
<TestRun id="381c920a-990f-407c-81e8-f466094aafda" name="tfsmladm@TFSBUILD11 2015-09-28 09:43:47" runUser="REDMOND\tfsmladm" xmlns="http://microsoft.com/schemas/VisualStudio/TeamTest/2010">
  <Times creation="2015-09-28T09:43:47.8291938-07:00" queuing="2015-09-28T09:43:47.8291938-07:00" start="2015-09-28T09:43:47.8291938-07:00" finish="2015-09-28T09:43:47.8604457-07:00" />
  <TestSettings name="default" id="14f82245-5fac-42a0-9d1e-5bd78535cac6">
    <Execution>
      <TestTypeSpecific />
    </Execution>
    <Deployment runDeploymentRoot="tfsmladm_TFSBUILD11 2015-09-28 09_43_47" />
    <Properties />
  </TestSettings>
  <Results>
    <UnitTestResult executionId="634210a3-518b-4b5d-97bd-16e19c3e2c71" testId="c82b5f9d-4eec-66d1-b87f-44e8a421c6ff" testName="VssSignalRApplication_DependencyResolverConfiguredOnStart" computerName="TFSBUILD11" duration="00:00:00.4324104" startTime="2015-09-28T09:43:47.2354013-07:00" endTime="2015-09-28T09:43:47.6885588-07:00" testType="13cdc9d9-ddb5-4fa4-a97d-d965ccfc6d4b" outcome="Passed" testListId="8c84fa94-04c1-424b-9868-57a2d4851a1d" relativeResultsDirectory="634210a3-518b-4b5d-97bd-16e19c3e2c71" />
    <UnitTestResult executionId="481a84fb-64be-4e4b-9bdf-e42b5994eb5a" testId="9722b0fa-f1ac-ef70-2c2a-881d9213ba22" testName="VssSignalRApplication_DependencyResolverUnconfiguredOnStop" computerName="TFSBUILD11" duration="00:00:00.0056689" startTime="2015-09-28T09:43:47.7041846-07:00" endTime="2015-09-28T09:43:47.7041846-07:00" testType="13cdc9d9-ddb5-4fa4-a97d-d965ccfc6d4b" outcome="Passed" testListId="8c84fa94-04c1-424b-9868-57a2d4851a1d" relativeResultsDirectory="481a84fb-64be-4e4b-9bdf-e42b5994eb5a" />
    <UnitTestResult executionId="33ffeace-1d67-4c2e-b118-4841797fe2b9" testId="bd4f2782-dc1b-3d18-0280-954a01df2d19" testName="VssSignalRApplication_DependencyResolverReconfiguredOnRestart" computerName="TFSBUILD11" duration="00:00:00.0058777" startTime="2015-09-28T09:43:47.7041846-07:00" endTime="2015-09-28T09:43:47.7198104-07:00" testType="13cdc9d9-ddb5-4fa4-a97d-d965ccfc6d4b" outcome="Passed" testListId="8c84fa94-04c1-424b-9868-57a2d4851a1d" relativeResultsDirectory="33ffeace-1d67-4c2e-b118-4841797fe2b9" />
    <UnitTestResult executionId="bc4e0b22-dc28-4c0d-9cd7-9219d193a55f" testId="e66b5063-abd4-d1df-ae25-865875339449" testName="VssSignalRApplication_SourceSwitchLevelInitialized" computerName="TFSBUILD11" duration="00:00:00.0061212" startTime="2015-09-28T09:43:47.7198104-07:00" endTime="2015-09-28T09:43:47.7198104-07:00" testType="13cdc9d9-ddb5-4fa4-a97d-d965ccfc6d4b" outcome="Passed" testListId="8c84fa94-04c1-424b-9868-57a2d4851a1d" relativeResultsDirectory="bc4e0b22-dc28-4c0d-9cd7-9219d193a55f" />
    <UnitTestResult executionId="9834a03f-a6d6-4d7a-a38a-3fc3ccc9c40f" testId="cae4f78a-699a-c148-8b8a-a12a46b2d56a" testName="VssSignalRApplication_SourceSwitchLevelChangeNotificationRegistered" computerName="TFSBUILD11" duration="00:00:00.0070579" startTime="2015-09-28T09:43:47.7198104-07:00" endTime="2015-09-28T09:43:47.7354366-07:00" testType="13cdc9d9-ddb5-4fa4-a97d-d965ccfc6d4b" outcome="Passed" testListId="8c84fa94-04c1-424b-9868-57a2d4851a1d" relativeResultsDirectory="9834a03f-a6d6-4d7a-a38a-3fc3ccc9c40f" />
    <UnitTestResult executionId="4e13034d-17e0-4147-a6ac-bdcda658ebc2" testId="318fc474-7bc2-1b97-047f-8c9319d5aa1f" testName="VssSignalRApplication_TraceListenerRegistedForAllSources" computerName="TFSBUILD11" duration="00:00:00.0063610" startTime="2015-09-28T09:43:47.7354366-07:00" endTime="2015-09-28T09:43:47.7354366-07:00" testType="13cdc9d9-ddb5-4fa4-a97d-d965ccfc6d4b" outcome="Passed" testListId="8c84fa94-04c1-424b-9868-57a2d4851a1d" relativeResultsDirectory="4e13034d-17e0-4147-a6ac-bdcda658ebc2" />
    <UnitTestResult executionId="8c70c6d0-da43-4a52-9b1a-0ac078893649" testId="35572064-334b-39f1-577d-eec942047a99" testName="VssSignalRApplication_TraceListenerForwardsToTraceForwarder" computerName="TFSBUILD11" duration="00:00:00.0575407" startTime="2015-09-28T09:43:47.7354366-07:00" endTime="2015-09-28T09:43:47.7979410-07:00" testType="13cdc9d9-ddb5-4fa4-a97d-d965ccfc6d4b" outcome="Passed" testListId="8c84fa94-04c1-424b-9868-57a2d4851a1d" relativeResultsDirectory="8c70c6d0-da43-4a52-9b1a-0ac078893649" />
  </Results>
  <TestDefinitions>
    <UnitTest name="VssSignalRApplication_DependencyResolverConfiguredOnStart" storage="d:\v2.0\a1\_work\dbded102\bin\release.anycpu\vssf.sdk\ms.vs.services.signalr.l0.tests\ms.vs.services.signalr.l0.tests.dll" id="c82b5f9d-4eec-66d1-b87f-44e8a421c6ff">
      <Execution id="634210a3-518b-4b5d-97bd-16e19c3e2c71" />
      <TestMethod codeBase="D:\v2.0\A1\_work\dbded102\bin\Release.AnyCPU\Vssf.Sdk\MS.VS.Services.SignalR.L0.Tests\MS.VS.Services.SignalR.L0.Tests.dll" adapterTypeName="Microsoft.VisualStudio.TestTools.TestTypes.Unit.UnitTestAdapter" className="MS.VS.Services.SignalR.L0.Tests.VssSignalRApplicationTests" name="VssSignalRApplication_DependencyResolverConfiguredOnStart" />
    </UnitTest>
    <UnitTest name="VssSignalRApplication_DependencyResolverUnconfiguredOnStop" storage="d:\v2.0\a1\_work\dbded102\bin\release.anycpu\vssf.sdk\ms.vs.services.signalr.l0.tests\ms.vs.services.signalr.l0.tests.dll" id="9722b0fa-f1ac-ef70-2c2a-881d9213ba22">
      <Execution id="481a84fb-64be-4e4b-9bdf-e42b5994eb5a" />
      <TestMethod codeBase="D:\v2.0\A1\_work\dbded102\bin\Release.AnyCPU\Vssf.Sdk\MS.VS.Services.SignalR.L0.Tests\MS.VS.Services.SignalR.L0.Tests.dll" adapterTypeName="Microsoft.VisualStudio.TestTools.TestTypes.Unit.UnitTestAdapter" className="MS.VS.Services.SignalR.L0.Tests.VssSignalRApplicationTests" name="VssSignalRApplication_DependencyResolverUnconfiguredOnStop" />
    </UnitTest>
    <UnitTest name="VssSignalRApplication_DependencyResolverReconfiguredOnRestart" storage="d:\v2.0\a1\_work\dbded102\bin\release.anycpu\vssf.sdk\ms.vs.services.signalr.l0.tests\ms.vs.services.signalr.l0.tests.dll" id="bd4f2782-dc1b-3d18-0280-954a01df2d19">
      <Execution id="33ffeace-1d67-4c2e-b118-4841797fe2b9" />
      <TestMethod codeBase="D:\v2.0\A1\_work\dbded102\bin\Release.AnyCPU\Vssf.Sdk\MS.VS.Services.SignalR.L0.Tests\MS.VS.Services.SignalR.L0.Tests.dll" adapterTypeName="Microsoft.VisualStudio.TestTools.TestTypes.Unit.UnitTestAdapter" className="MS.VS.Services.SignalR.L0.Tests.VssSignalRApplicationTests" name="VssSignalRApplication_DependencyResolverReconfiguredOnRestart" />
    </UnitTest>
    <UnitTest name="VssSignalRApplication_SourceSwitchLevelInitialized" storage="d:\v2.0\a1\_work\dbded102\bin\release.anycpu\vssf.sdk\ms.vs.services.signalr.l0.tests\ms.vs.services.signalr.l0.tests.dll" id="e66b5063-abd4-d1df-ae25-865875339449">
      <Execution id="bc4e0b22-dc28-4c0d-9cd7-9219d193a55f" />
      <TestMethod codeBase="D:\v2.0\A1\_work\dbded102\bin\Release.AnyCPU\Vssf.Sdk\MS.VS.Services.SignalR.L0.Tests\MS.VS.Services.SignalR.L0.Tests.dll" adapterTypeName="Microsoft.VisualStudio.TestTools.TestTypes.Unit.UnitTestAdapter" className="MS.VS.Services.SignalR.L0.Tests.VssSignalRApplicationTests" name="VssSignalRApplication_SourceSwitchLevelInitialized" />
    </UnitTest>
    <UnitTest name="VssSignalRApplication_SourceSwitchLevelChangeNotificationRegistered" storage="d:\v2.0\a1\_work\dbded102\bin\release.anycpu\vssf.sdk\ms.vs.services.signalr.l0.tests\ms.vs.services.signalr.l0.tests.dll" id="cae4f78a-699a-c148-8b8a-a12a46b2d56a">
      <Execution id="9834a03f-a6d6-4d7a-a38a-3fc3ccc9c40f" />
      <TestMethod codeBase="D:\v2.0\A1\_work\dbded102\bin\Release.AnyCPU\Vssf.Sdk\MS.VS.Services.SignalR.L0.Tests\MS.VS.Services.SignalR.L0.Tests.dll" adapterTypeName="Microsoft.VisualStudio.TestTools.TestTypes.Unit.UnitTestAdapter" className="MS.VS.Services.SignalR.L0.Tests.VssSignalRApplicationTests" name="VssSignalRApplication_SourceSwitchLevelChangeNotificationRegistered" />
    </UnitTest>
    <UnitTest name="VssSignalRApplication_TraceListenerRegistedForAllSources" storage="d:\v2.0\a1\_work\dbded102\bin\release.anycpu\vssf.sdk\ms.vs.services.signalr.l0.tests\ms.vs.services.signalr.l0.tests.dll" id="318fc474-7bc2-1b97-047f-8c9319d5aa1f">
      <Execution id="4e13034d-17e0-4147-a6ac-bdcda658ebc2" />
      <TestMethod codeBase="D:\v2.0\A1\_work\dbded102\bin\Release.AnyCPU\Vssf.Sdk\MS.VS.Services.SignalR.L0.Tests\MS.VS.Services.SignalR.L0.Tests.dll" adapterTypeName="Microsoft.VisualStudio.TestTools.TestTypes.Unit.UnitTestAdapter" className="MS.VS.Services.SignalR.L0.Tests.VssSignalRApplicationTests" name="VssSignalRApplication_TraceListenerRegistedForAllSources" />
    </UnitTest>
    <UnitTest name="VssSignalRApplication_TraceListenerForwardsToTraceForwarder" storage="d:\v2.0\a1\_work\dbded102\bin\release.anycpu\vssf.sdk\ms.vs.services.signalr.l0.tests\ms.vs.services.signalr.l0.tests.dll" id="35572064-334b-39f1-577d-eec942047a99">
      <Execution id="8c70c6d0-da43-4a52-9b1a-0ac078893649" />
      <TestMethod codeBase="D:\v2.0\A1\_work\dbded102\bin\Release.AnyCPU\Vssf.Sdk\MS.VS.Services.SignalR.L0.Tests\MS.VS.Services.SignalR.L0.Tests.dll" adapterTypeName="Microsoft.VisualStudio.TestTools.TestTypes.Unit.UnitTestAdapter" className="MS.VS.Services.SignalR.L0.Tests.VssSignalRApplicationTests" name="VssSignalRApplication_TraceListenerForwardsToTraceForwarder" />
    </UnitTest>
  </TestDefinitions>
  <TestEntries>
    <TestEntry testId="c82b5f9d-4eec-66d1-b87f-44e8a421c6ff" executionId="634210a3-518b-4b5d-97bd-16e19c3e2c71" testListId="8c84fa94-04c1-424b-9868-57a2d4851a1d" />
    <TestEntry testId="9722b0fa-f1ac-ef70-2c2a-881d9213ba22" executionId="481a84fb-64be-4e4b-9bdf-e42b5994eb5a" testListId="8c84fa94-04c1-424b-9868-57a2d4851a1d" />
    <TestEntry testId="bd4f2782-dc1b-3d18-0280-954a01df2d19" executionId="33ffeace-1d67-4c2e-b118-4841797fe2b9" testListId="8c84fa94-04c1-424b-9868-57a2d4851a1d" />
    <TestEntry testId="e66b5063-abd4-d1df-ae25-865875339449" executionId="bc4e0b22-dc28-4c0d-9cd7-9219d193a55f" testListId="8c84fa94-04c1-424b-9868-57a2d4851a1d" />
    <TestEntry testId="cae4f78a-699a-c148-8b8a-a12a46b2d56a" executionId="9834a03f-a6d6-4d7a-a38a-3fc3ccc9c40f" testListId="8c84fa94-04c1-424b-9868-57a2d4851a1d" />
    <TestEntry testId="318fc474-7bc2-1b97-047f-8c9319d5aa1f" executionId="4e13034d-17e0-4147-a6ac-bdcda658ebc2" testListId="8c84fa94-04c1-424b-9868-57a2d4851a1d" />
    <TestEntry testId="35572064-334b-39f1-577d-eec942047a99" executionId="8c70c6d0-da43-4a52-9b1a-0ac078893649" testListId="8c84fa94-04c1-424b-9868-57a2d4851a1d" />
  </TestEntries>
  <TestLists>
    <TestList name="Results Not in a List" id="8c84fa94-04c1-424b-9868-57a2d4851a1d" />
    <TestList name="All Loaded Results" id="19431567-8539-422a-85d7-44ee4e166bda" />
  </TestLists>
  <ResultSummary outcome="Completed">
    <Counters total="7" executed="7" passed="7" failed="0" error="0" timeout="0" aborted="0" inconclusive="0" passedButRunAborted="0" notRunnable="0" notExecuted="0" disconnected="0" warning="0" completed="0" inProgress="0" pending="0" />
  </ResultSummary>
</TestRun>