<?xml version="1.0" encoding="UTF-8"?>
<TestRun id="09725aa6-be14-417e-af5b-048f9e14757b" name="tfsmladm@TFSBUILD11 2015-09-28 09:43:17" runUser="REDMOND\tfsmladm" xmlns="http://microsoft.com/schemas/VisualStudio/TeamTest/2010">
  <Times creation="2015-09-28T09:43:17.2957718-07:00" queuing="2015-09-28T09:43:17.2957718-07:00" start="2015-09-28T09:43:17.3113985-07:00" finish="2015-09-28T09:43:18.0614513-07:00" />
  <TestSettings name="default" id="c710c1f1-02c5-48be-9cb6-5b3fc1c4ef6d">
    <Execution>
      <TestTypeSpecific />
    </Execution>
    <Deployment runDeploymentRoot="tfsmladm_TFSBUILD11 2015-09-28 09_43_17" />
    <Properties />
  </TestSettings>
  <Results>
    <UnitTestResult executionId="111aba2c-8701-4e0d-bd7b-357ba0e96cdf" testId="6d170c96-d7df-148e-095a-4f7694ce9716" testName="InstalledExtensionService_GetInstalledExtension_should_throw_exception_get_installed_extensions_returns_empty_list" computerName="TFSBUILD11" duration="00:00:00.2367756" startTime="2015-09-28T09:43:16.4832141-07:00" endTime="2015-09-28T09:43:17.0770066-07:00" testType="13cdc9d9-ddb5-4fa4-a97d-d965ccfc6d4b" outcome="Passed" testListId="8c84fa94-04c1-424b-9868-57a2d4851a1d" relativeResultsDirectory="111aba2c-8701-4e0d-bd7b-357ba0e96cdf" />
    <UnitTestResult executionId="1777f1be-9d45-470a-8416-e472c9da4354" testId="2f867cb0-2c28-855c-99fb-379df070e3b3" testName="PublishedExtensionService_GetExtensionAsService_should_call_extension_loading_service" computerName="TFSBUILD11" duration="00:00:00.0246339" startTime="2015-09-28T09:43:17.0926324-07:00" endTime="2015-09-28T09:43:17.1707635-07:00" testType="13cdc9d9-ddb5-4fa4-a97d-d965ccfc6d4b" outcome="Passed" testListId="8c84fa94-04c1-424b-9868-57a2d4851a1d" relativeResultsDirectory="1777f1be-9d45-470a-8416-e472c9da4354" />
    <UnitTestResult executionId="e896431b-55ca-4b20-9328-b4c97621ddba" testId="d8f4201d-6ce3-42f4-6cf4-3db093f9e775" testName="PublishedExtensionService_GetExtensionAsService_should_cache_so_that_extension_loading_service_is_not_called_twice" computerName="TFSBUILD11" duration="00:00:00.0138962" startTime="2015-09-28T09:43:17.1707635-07:00" endTime="2015-09-28T09:43:17.1863893-07:00" testType="13cdc9d9-ddb5-4fa4-a97d-d965ccfc6d4b" outcome="Passed" testListId="8c84fa94-04c1-424b-9868-57a2d4851a1d" relativeResultsDirectory="e896431b-55ca-4b20-9328-b4c97621ddba" />
    <UnitTestResult executionId="51fa946a-c84e-4e9e-bb0a-dc72ffe589ed" testId="99ba1f7e-63fd-bb42-c43b-3980f3396186" testName="ContributionManifestService_GetExtension_should_throw_if_null_version" computerName="TFSBUILD11" duration="00:00:00.0031274" startTime="2015-09-28T09:43:17.1863893-07:00" endTime="2015-09-28T09:43:17.2020155-07:00" testType="13cdc9d9-ddb5-4fa4-a97d-d965ccfc6d4b" outcome="Passed" testListId="8c84fa94-04c1-424b-9868-57a2d4851a1d" relativeResultsDirectory="51fa946a-c84e-4e9e-bb0a-dc72ffe589ed" />
    <UnitTestResult executionId="9ef6a87c-d807-4e7e-adb3-709849ea6b7b" testId="180c3dda-7e4c-bb9e-84cb-35e0480f68a4" testName="ContributionManifestService_GetExtension_should_throw_if_empty_guid" computerName="TFSBUILD11" duration="00:00:00.0015169" startTime="2015-09-28T09:43:17.2020155-07:00" endTime="2015-09-28T09:43:17.2020155-07:00" testType="13cdc9d9-ddb5-4fa4-a97d-d965ccfc6d4b" outcome="Passed" testListId="8c84fa94-04c1-424b-9868-57a2d4851a1d" relativeResultsDirectory="9ef6a87c-d807-4e7e-adb3-709849ea6b7b" />
    <UnitTestResult executionId="57041415-8cc8-48f7-9a9b-535949313587" testId="0e0a1105-e6eb-c08d-5506-e7cd306f5a62" testName="ContributionManifestService_GetExtension_should_return_extension_from_extension_loading_service" computerName="TFSBUILD11" duration="00:00:00.0251601" startTime="2015-09-28T09:43:17.2020155-07:00" endTime="2015-09-28T09:43:17.2332674-07:00" testType="13cdc9d9-ddb5-4fa4-a97d-d965ccfc6d4b" outcome="Passed" testListId="8c84fa94-04c1-424b-9868-57a2d4851a1d" relativeResultsDirectory="57041415-8cc8-48f7-9a9b-535949313587" />
    <UnitTestResult executionId="56e97825-8d45-47c7-94b7-5a6fc0f0699b" testId="9b1a8a72-485d-b07d-5950-521eb185f45b" testName="ContributionManifestService_GetExtension_should_return_extension_from_cache_on_second_call" computerName="TFSBUILD11" duration="00:00:00.0073033" startTime="2015-09-28T09:43:17.2332674-07:00" endTime="2015-09-28T09:43:17.2488941-07:00" testType="13cdc9d9-ddb5-4fa4-a97d-d965ccfc6d4b" outcome="Passed" testListId="8c84fa94-04c1-424b-9868-57a2d4851a1d" relativeResultsDirectory="56e97825-8d45-47c7-94b7-5a6fc0f0699b" />
    <UnitTestResult executionId="57b6b0f8-3248-4666-b02e-91472e40cc10" testId="b07de56d-9818-f7cc-1255-dbf2f9031ce4" testName="ContributionManifestService_TryGetExtension_should_return_extension_from_extension_loading_service" computerName="TFSBUILD11" duration="00:00:00.0033171" startTime="2015-09-28T09:43:17.2488941-07:00" endTime="2015-09-28T09:43:17.2488941-07:00" testType="13cdc9d9-ddb5-4fa4-a97d-d965ccfc6d4b" outcome="Passed" testListId="8c84fa94-04c1-424b-9868-57a2d4851a1d" relativeResultsDirectory="57b6b0f8-3248-4666-b02e-91472e40cc10" />
    <UnitTestResult executionId="e89db2ea-a681-4d4f-9bd1-0db2f6771d28" testId="76bdfff3-b582-a500-7fbb-4c8ffd385e97" testName="ContributionManifestService_RegisterNotification_throws_if_not_deployment_context" computerName="TFSBUILD11" duration="00:00:00.0071907" startTime="2015-09-28T09:43:17.2488941-07:00" endTime="2015-09-28T09:43:17.2645196-07:00" testType="13cdc9d9-ddb5-4fa4-a97d-d965ccfc6d4b" outcome="Passed" testListId="8c84fa94-04c1-424b-9868-57a2d4851a1d" relativeResultsDirectory="e89db2ea-a681-4d4f-9bd1-0db2f6771d28" />
    <UnitTestResult executionId="bda4a4be-a5f5-4847-9c19-acb93fd52909" testId="bfcf2475-893f-6fc6-3ed1-d7916d3481a4" testName="ContributionManifestService_RegisterNotification_calls_register_notification_sql_notification_serivce" computerName="TFSBUILD11" duration="00:00:00.0564345" startTime="2015-09-28T09:43:17.2645196-07:00" endTime="2015-09-28T09:43:17.3270243-07:00" testType="13cdc9d9-ddb5-4fa4-a97d-d965ccfc6d4b" outcome="Passed" testListId="8c84fa94-04c1-424b-9868-57a2d4851a1d" relativeResultsDirectory="bda4a4be-a5f5-4847-9c19-acb93fd52909" />
    <UnitTestResult executionId="c74a3ed3-4379-4ebb-b9f0-72a544a62221" testId="bf49d670-43f8-3ef5-ccce-97193fe8a0dd" testName="ExtensionContributionService_GetContributions_should_return_no_contributions_when_no_installed_extensions" computerName="TFSBUILD11" duration="00:00:00.0309969" startTime="2015-09-28T09:43:17.3270243-07:00" endTime="2015-09-28T09:43:17.3582771-07:00" testType="13cdc9d9-ddb5-4fa4-a97d-d965ccfc6d4b" outcome="Passed" testListId="8c84fa94-04c1-424b-9868-57a2d4851a1d" relativeResultsDirectory="c74a3ed3-4379-4ebb-b9f0-72a544a62221" />
    <UnitTestResult executionId="f855b3a2-fdfa-41df-b4b4-d4be6d34b5b0" testId="1423d530-5da2-bda7-4a50-eff7ce474938" testName="ExtensionContributionService_GetContributions_should_return_single_contribution_when_one_returned_with_installed_extension" computerName="TFSBUILD11" duration="00:00:00.0037745" startTime="2015-09-28T09:43:17.3582771-07:00" endTime="2015-09-28T09:43:17.3739030-07:00" testType="13cdc9d9-ddb5-4fa4-a97d-d965ccfc6d4b" outcome="Passed" testListId="8c84fa94-04c1-424b-9868-57a2d4851a1d" relativeResultsDirectory="f855b3a2-fdfa-41df-b4b4-d4be6d34b5b0" />
    <UnitTestResult executionId="abb01910-08cf-4ec7-a99b-7c3eaae2ef26" testId="358be276-174e-ceaf-878d-9e8a820326ab" testName="ExtensionContributionService_GetContributions_should_return_multiple_contributions_when_one_returned_with_each_installed_extension" computerName="TFSBUILD11" duration="00:00:00.0037976" startTime="2015-09-28T09:43:17.3739030-07:00" endTime="2015-09-28T09:43:17.3739030-07:00" testType="13cdc9d9-ddb5-4fa4-a97d-d965ccfc6d4b" outcome="Passed" testListId="8c84fa94-04c1-424b-9868-57a2d4851a1d" relativeResultsDirectory="abb01910-08cf-4ec7-a99b-7c3eaae2ef26" />
    <UnitTestResult executionId="7646dc05-3548-48a0-91f5-9564cfdd2a53" testId="97e8cbf0-503e-d70f-919c-7a1ecf56647b" testName="ExtensionDataService_GetDocumentsInCollection_should_throw_argument_exception_for_empty_collection_name" computerName="TFSBUILD11" duration="00:00:00.0049649" startTime="2015-09-28T09:43:17.3739030-07:00" endTime="2015-09-28T09:43:17.6239207-07:00" testType="13cdc9d9-ddb5-4fa4-a97d-d965ccfc6d4b" outcome="Passed" testListId="8c84fa94-04c1-424b-9868-57a2d4851a1d" relativeResultsDirectory="7646dc05-3548-48a0-91f5-9564cfdd2a53" />
    <UnitTestResult executionId="97f6d7e4-e95e-4848-9307-0d5097fed703" testId="2fa10899-c557-318a-d8b4-11f220011e2f" testName="ExtensionDataService_GetDocumentsInCollection_should_throw_argument_exception_for_empty_scope_type" computerName="TFSBUILD11" duration="00:00:00.0004161" startTime="2015-09-28T09:43:17.6239207-07:00" endTime="2015-09-28T09:43:17.6239207-07:00" testType="13cdc9d9-ddb5-4fa4-a97d-d965ccfc6d4b" outcome="Passed" testListId="8c84fa94-04c1-424b-9868-57a2d4851a1d" relativeResultsDirectory="97f6d7e4-e95e-4848-9307-0d5097fed703" />
    <UnitTestResult executionId="be999618-e3b7-466b-abf0-43671203f442" testId="3b8d9e29-a6e0-6185-ebe1-67a9c5a69c70" testName="ExtensionDataService_GetDocumentsInCollection_should_return_results" computerName="TFSBUILD11" duration="00:00:00.0712859" startTime="2015-09-28T09:43:17.6239207-07:00" endTime="2015-09-28T09:43:17.7020510-07:00" testType="13cdc9d9-ddb5-4fa4-a97d-d965ccfc6d4b" outcome="Passed" testListId="8c84fa94-04c1-424b-9868-57a2d4851a1d" relativeResultsDirectory="be999618-e3b7-466b-abf0-43671203f442" />
    <UnitTestResult executionId="b151266c-637f-42f4-9680-d01728a919af" testId="68a7b7a9-ac54-493a-5352-a04c8441e3a5" testName="ExtensionDataService_GetDocument_should_throw_argument_exception_for_empty_collection_name" computerName="TFSBUILD11" duration="00:00:00.0009403" startTime="2015-09-28T09:43:17.7020510-07:00" endTime="2015-09-28T09:43:17.7020510-07:00" testType="13cdc9d9-ddb5-4fa4-a97d-d965ccfc6d4b" outcome="Passed" testListId="8c84fa94-04c1-424b-9868-57a2d4851a1d" relativeResultsDirectory="b151266c-637f-42f4-9680-d01728a919af" />
    <UnitTestResult executionId="54b954b2-8be4-4bc9-983f-6bfe90e4a090" testId="c1be9e8a-eb79-9963-81c4-93182581bfbe" testName="ExtensionDataService_GetDocument_should_throw_argument_exception_for_empty_scope_type" computerName="TFSBUILD11" duration="00:00:00.0004098" startTime="2015-09-28T09:43:17.7020510-07:00" endTime="2015-09-28T09:43:17.7020510-07:00" testType="13cdc9d9-ddb5-4fa4-a97d-d965ccfc6d4b" outcome="Passed" testListId="8c84fa94-04c1-424b-9868-57a2d4851a1d" relativeResultsDirectory="54b954b2-8be4-4bc9-983f-6bfe90e4a090" />
    <UnitTestResult executionId="b7d73e16-a8af-42f8-9d0d-1e1a9105675f" testId="165517a9-6288-4b13-9e8f-1f575d8b5add" testName="ExtensionDataService_GetDocument_should_throw_argument_exception_for_empty_document_id" computerName="TFSBUILD11" duration="00:00:00.0005122" startTime="2015-09-28T09:43:17.7020510-07:00" endTime="2015-09-28T09:43:17.7020510-07:00" testType="13cdc9d9-ddb5-4fa4-a97d-d965ccfc6d4b" outcome="Passed" testListId="8c84fa94-04c1-424b-9868-57a2d4851a1d" relativeResultsDirectory="b7d73e16-a8af-42f8-9d0d-1e1a9105675f" />
    <UnitTestResult executionId="dbc0488b-1a04-46aa-a812-7e2d6cfa9726" testId="cef3b611-a3c8-cac8-1e16-bd88118338c1" testName="ExtensionDataService_GetDocument_should_return_results" computerName="TFSBUILD11" duration="00:00:00.0064955" startTime="2015-09-28T09:43:17.7020510-07:00" endTime="2015-09-28T09:43:17.7176771-07:00" testType="13cdc9d9-ddb5-4fa4-a97d-d965ccfc6d4b" outcome="Passed" testListId="8c84fa94-04c1-424b-9868-57a2d4851a1d" relativeResultsDirectory="dbc0488b-1a04-46aa-a812-7e2d6cfa9726" />
    <UnitTestResult executionId="276cc5f0-cdb9-41fb-a734-d5b69a114b2a" testId="4336fc29-f006-ebeb-9105-5c9d72147510" testName="ExtensionDataService_SetDocument_should_throw_argument_exception_for_empty_collection_name" computerName="TFSBUILD11" duration="00:00:00.0010729" startTime="2015-09-28T09:43:17.7176771-07:00" endTime="2015-09-28T09:43:17.7176771-07:00" testType="13cdc9d9-ddb5-4fa4-a97d-d965ccfc6d4b" outcome="Passed" testListId="8c84fa94-04c1-424b-9868-57a2d4851a1d" relativeResultsDirectory="276cc5f0-cdb9-41fb-a734-d5b69a114b2a" />
    <UnitTestResult executionId="6d3a5c4d-c4bc-4057-acfc-16acc47661a8" testId="8c3d1707-8c8a-01d2-d4ba-14cefd1ca758" testName="ExtensionDataService_SetDocument_should_throw_argument_exception_for_collection_name_too_long" computerName="TFSBUILD11" duration="00:00:00.0016600" startTime="2015-09-28T09:43:17.7176771-07:00" endTime="2015-09-28T09:43:17.7176771-07:00" testType="13cdc9d9-ddb5-4fa4-a97d-d965ccfc6d4b" outcome="Passed" testListId="8c84fa94-04c1-424b-9868-57a2d4851a1d" relativeResultsDirectory="6d3a5c4d-c4bc-4057-acfc-16acc47661a8" />
    <UnitTestResult executionId="09af4aed-6c90-4bae-b411-d980fe35af33" testId="6781c797-903d-9689-c869-511147a0d64c" testName="ExtensionDataService_SetDocument_should_throw_argument_exception_for_empty_scope_type" computerName="TFSBUILD11" duration="00:00:00.0005489" startTime="2015-09-28T09:43:17.7176771-07:00" endTime="2015-09-28T09:43:17.7176771-07:00" testType="13cdc9d9-ddb5-4fa4-a97d-d965ccfc6d4b" outcome="Passed" testListId="8c84fa94-04c1-424b-9868-57a2d4851a1d" relativeResultsDirectory="09af4aed-6c90-4bae-b411-d980fe35af33" />
    <UnitTestResult executionId="9bf191f3-e53c-40bf-943f-440c0c6b06f2" testId="4fde62c1-698b-017e-3021-2897e336c7a5" testName="ExtensionDataService_SetDocument_should_throw_argument_null_exception_for_null_document" computerName="TFSBUILD11" duration="00:00:00.0004132" startTime="2015-09-28T09:43:17.7176771-07:00" endTime="2015-09-28T09:43:17.7176771-07:00" testType="13cdc9d9-ddb5-4fa4-a97d-d965ccfc6d4b" outcome="Passed" testListId="8c84fa94-04c1-424b-9868-57a2d4851a1d" relativeResultsDirectory="9bf191f3-e53c-40bf-943f-440c0c6b06f2" />
    <UnitTestResult executionId="5aee25eb-fba0-4567-938e-da3f08b97e45" testId="fff610bd-6642-be67-0113-29029fb1d415" testName="ExtensionDataService_SetDocument_should_not_throw_argument_exception_for_null_document_value" computerName="TFSBUILD11" duration="00:00:00.0819235" startTime="2015-09-28T09:43:17.7176771-07:00" endTime="2015-09-28T09:43:17.7958085-07:00" testType="13cdc9d9-ddb5-4fa4-a97d-d965ccfc6d4b" outcome="Passed" testListId="8c84fa94-04c1-424b-9868-57a2d4851a1d" relativeResultsDirectory="5aee25eb-fba0-4567-938e-da3f08b97e45" />
    <UnitTestResult executionId="87fdcb36-928b-4aeb-a4f1-c92c9d1fc655" testId="c795eaa1-c13c-e7a1-9711-5eb3ac1ea43c" testName="ExtensionDataService_SetDocument_should_set_revision_to_one_when_none_is_passed_in" computerName="TFSBUILD11" duration="00:00:00.0078793" startTime="2015-09-28T09:43:17.7958085-07:00" endTime="2015-09-28T09:43:17.8114335-07:00" testType="13cdc9d9-ddb5-4fa4-a97d-d965ccfc6d4b" outcome="Passed" testListId="8c84fa94-04c1-424b-9868-57a2d4851a1d" relativeResultsDirectory="87fdcb36-928b-4aeb-a4f1-c92c9d1fc655" />
    <UnitTestResult executionId="e274168a-7140-42ff-b097-d8c2165339ae" testId="ab54ecc4-3aa2-98c2-31f1-efb813f1c013" testName="ExtensionDataService_SetDocument_should_return_results" computerName="TFSBUILD11" duration="00:00:00.0045949" startTime="2015-09-28T09:43:17.8114335-07:00" endTime="2015-09-28T09:43:17.8114335-07:00" testType="13cdc9d9-ddb5-4fa4-a97d-d965ccfc6d4b" outcome="Passed" testListId="8c84fa94-04c1-424b-9868-57a2d4851a1d" relativeResultsDirectory="e274168a-7140-42ff-b097-d8c2165339ae" />
    <UnitTestResult executionId="2017c51d-b0d0-47a7-b1bb-7100ba5f4e5e" testId="24cf57cc-8464-b194-8632-305aa7fc449f" testName="ExtensionDataService_SetDocument_should_strip_properties_starting_with_double_underscore" computerName="TFSBUILD11" duration="00:00:00.0059602" startTime="2015-09-28T09:43:17.8114335-07:00" endTime="2015-09-28T09:43:17.8114335-07:00" testType="13cdc9d9-ddb5-4fa4-a97d-d965ccfc6d4b" outcome="Passed" testListId="8c84fa94-04c1-424b-9868-57a2d4851a1d" relativeResultsDirectory="2017c51d-b0d0-47a7-b1bb-7100ba5f4e5e" />
    <UnitTestResult executionId="f0477d20-4c96-4de8-9050-c7bd6645cb55" testId="d3b2cf7e-b478-b12b-3bb4-5720c0af7e57" testName="ExtensionDataService_SetDocument_should_not_increment_version_negative_one" computerName="TFSBUILD11" duration="00:00:00.0050269" startTime="2015-09-28T09:43:17.8114335-07:00" endTime="2015-09-28T09:43:17.8270602-07:00" testType="13cdc9d9-ddb5-4fa4-a97d-d965ccfc6d4b" outcome="Passed" testListId="8c84fa94-04c1-424b-9868-57a2d4851a1d" relativeResultsDirectory="f0477d20-4c96-4de8-9050-c7bd6645cb55" />
    <UnitTestResult executionId="50003fa0-b9c8-470e-971e-e850c4f5756b" testId="ed733178-69f5-8ac3-e70e-308fec11cccf" testName="ExtensionDataService_SetDocument_should_generate_id_if_none_provided_in_document" computerName="TFSBUILD11" duration="00:00:00.0029590" startTime="2015-09-28T09:43:17.8270602-07:00" endTime="2015-09-28T09:43:17.8270602-07:00" testType="13cdc9d9-ddb5-4fa4-a97d-d965ccfc6d4b" outcome="Passed" testListId="8c84fa94-04c1-424b-9868-57a2d4851a1d" relativeResultsDirectory="50003fa0-b9c8-470e-971e-e850c4f5756b" />
    <UnitTestResult executionId="bca83ee0-f918-4276-adce-89c5329159cf" testId="19e2efc1-c185-b753-c844-d859abca4fdc" testName="ExtensionDataService_CreateDocument_should_throw_argument_exception_for_empty_collection_name" computerName="TFSBUILD11" duration="00:00:00.0010072" startTime="2015-09-28T09:43:17.8270602-07:00" endTime="2015-09-28T09:43:17.8270602-07:00" testType="13cdc9d9-ddb5-4fa4-a97d-d965ccfc6d4b" outcome="Passed" testListId="8c84fa94-04c1-424b-9868-57a2d4851a1d" relativeResultsDirectory="bca83ee0-f918-4276-adce-89c5329159cf" />
    <UnitTestResult executionId="4bc18b74-38b3-4535-a110-b0620768df01" testId="d822330d-5efc-04ce-ef75-c72d46ca7e03" testName="ExtensionDataService_CreateDocument_should_throw_argument_exception_for_collection_name_too_long" computerName="TFSBUILD11" duration="00:00:00.0004906" startTime="2015-09-28T09:43:17.8270602-07:00" endTime="2015-09-28T09:43:17.8270602-07:00" testType="13cdc9d9-ddb5-4fa4-a97d-d965ccfc6d4b" outcome="Passed" testListId="8c84fa94-04c1-424b-9868-57a2d4851a1d" relativeResultsDirectory="4bc18b74-38b3-4535-a110-b0620768df01" />
    <UnitTestResult executionId="6f3e5a44-6a42-4c44-b2ae-e2676b6c5252" testId="f0e53186-b2e0-81b6-3bfe-3e691bb604bf" testName="ExtensionDataService_CreateDocument_should_throw_argument_exception_for_empty_scope_type" computerName="TFSBUILD11" duration="00:00:00.0004792" startTime="2015-09-28T09:43:17.8270602-07:00" endTime="2015-09-28T09:43:17.8270602-07:00" testType="13cdc9d9-ddb5-4fa4-a97d-d965ccfc6d4b" outcome="Passed" testListId="8c84fa94-04c1-424b-9868-57a2d4851a1d" relativeResultsDirectory="6f3e5a44-6a42-4c44-b2ae-e2676b6c5252" />
    <UnitTestResult executionId="191d2fee-eeda-4a45-af98-7336a53285bc" testId="d0b8d2ce-5f27-5194-2e02-4988664323c3" testName="ExtensionDataService_CreateDocument_should_throw_argument_null_exception_for_null_document" computerName="TFSBUILD11" duration="00:00:00.0003680" startTime="2015-09-28T09:43:17.8270602-07:00" endTime="2015-09-28T09:43:17.8270602-07:00" testType="13cdc9d9-ddb5-4fa4-a97d-d965ccfc6d4b" outcome="Passed" testListId="8c84fa94-04c1-424b-9868-57a2d4851a1d" relativeResultsDirectory="191d2fee-eeda-4a45-af98-7336a53285bc" />
    <UnitTestResult executionId="d67b576f-7005-4cd5-b720-3133fd454c6a" testId="3df62be0-6e9d-b00e-d41d-49b55c78771e" testName="ExtensionDataService_CreateDocument_should_not_throw_argument_exception_for_null_document_value" computerName="TFSBUILD11" duration="00:00:00.0025406" startTime="2015-09-28T09:43:17.8270602-07:00" endTime="2015-09-28T09:43:17.8270602-07:00" testType="13cdc9d9-ddb5-4fa4-a97d-d965ccfc6d4b" outcome="Passed" testListId="8c84fa94-04c1-424b-9868-57a2d4851a1d" relativeResultsDirectory="d67b576f-7005-4cd5-b720-3133fd454c6a" />
    <UnitTestResult executionId="4c26a6c9-4ca9-4a1e-8648-d12545ba6186" testId="f444a754-bd43-8e82-3279-6f04cd78af13" testName="ExtensionDataService_CreateDocument_should_return_results" computerName="TFSBUILD11" duration="00:00:00.0055733" startTime="2015-09-28T09:43:17.8270602-07:00" endTime="2015-09-28T09:43:17.8426854-07:00" testType="13cdc9d9-ddb5-4fa4-a97d-d965ccfc6d4b" outcome="Passed" testListId="8c84fa94-04c1-424b-9868-57a2d4851a1d" relativeResultsDirectory="4c26a6c9-4ca9-4a1e-8648-d12545ba6186" />
    <UnitTestResult executionId="90027232-ea4b-4a95-a59d-7a413100d6a1" testId="554b21af-efec-e6d8-68ff-b98444a73d18" testName="ExtensionDataService_CreateDocument_should_strip_properties_starting_with_double_underscore" computerName="TFSBUILD11" duration="00:00:00.0046159" startTime="2015-09-28T09:43:17.8426854-07:00" endTime="2015-09-28T09:43:17.8426854-07:00" testType="13cdc9d9-ddb5-4fa4-a97d-d965ccfc6d4b" outcome="Passed" testListId="8c84fa94-04c1-424b-9868-57a2d4851a1d" relativeResultsDirectory="90027232-ea4b-4a95-a59d-7a413100d6a1" />
    <UnitTestResult executionId="7acb32c7-8b54-4b11-a9d4-510108b4548b" testId="265b1b02-18e8-8539-f000-155f584efea2" testName="ExtensionDataService_CreateDocument_should_generate_id_if_none_provided_in_document" computerName="TFSBUILD11" duration="00:00:00.0029604" startTime="2015-09-28T09:43:17.8426854-07:00" endTime="2015-09-28T09:43:17.8426854-07:00" testType="13cdc9d9-ddb5-4fa4-a97d-d965ccfc6d4b" outcome="Passed" testListId="8c84fa94-04c1-424b-9868-57a2d4851a1d" relativeResultsDirectory="7acb32c7-8b54-4b11-a9d4-510108b4548b" />
    <UnitTestResult executionId="b1f11bee-27f4-4171-a817-99f16032e260" testId="b35e0404-daac-9a18-48a3-ce082e4aa7ef" testName="ExtensionDataService_UpdateDocument_should_throw_argument_exception_for_empty_collection_name" computerName="TFSBUILD11" duration="00:00:00.0009617" startTime="2015-09-28T09:43:17.8426854-07:00" endTime="2015-09-28T09:43:17.8426854-07:00" testType="13cdc9d9-ddb5-4fa4-a97d-d965ccfc6d4b" outcome="Passed" testListId="8c84fa94-04c1-424b-9868-57a2d4851a1d" relativeResultsDirectory="b1f11bee-27f4-4171-a817-99f16032e260" />
    <UnitTestResult executionId="ac20d914-9e05-4537-8bb8-76472fdb0504" testId="5deea73c-5355-9526-609e-9c6356e72f43" testName="ExtensionDataService_UpdateDocument_should_throw_argument_exception_for_collection_name_too_long" computerName="TFSBUILD11" duration="00:00:00.0005193" startTime="2015-09-28T09:43:17.8426854-07:00" endTime="2015-09-28T09:43:17.8426854-07:00" testType="13cdc9d9-ddb5-4fa4-a97d-d965ccfc6d4b" outcome="Passed" testListId="8c84fa94-04c1-424b-9868-57a2d4851a1d" relativeResultsDirectory="ac20d914-9e05-4537-8bb8-76472fdb0504" />
    <UnitTestResult executionId="e57320fa-8d48-4563-85be-4ef850a59811" testId="f84c2025-8cc6-ac07-4938-ba09e8d45cce" testName="ExtensionDataService_UpdateDocument_should_throw_argument_exception_for_empty_scope_type" computerName="TFSBUILD11" duration="00:00:00.0005088" startTime="2015-09-28T09:43:17.8426854-07:00" endTime="2015-09-28T09:43:17.8426854-07:00" testType="13cdc9d9-ddb5-4fa4-a97d-d965ccfc6d4b" outcome="Passed" testListId="8c84fa94-04c1-424b-9868-57a2d4851a1d" relativeResultsDirectory="e57320fa-8d48-4563-85be-4ef850a59811" />
    <UnitTestResult executionId="26ef1e85-e130-466c-beda-d4de208b14e0" testId="ebce1ed5-e51d-305e-16b0-1abf63ede87c" testName="ExtensionDataService_UpdateDocument_should_throw_argument_null_exception_for_null_document" computerName="TFSBUILD11" duration="00:00:00.0003766" startTime="2015-09-28T09:43:17.8426854-07:00" endTime="2015-09-28T09:43:17.8426854-07:00" testType="13cdc9d9-ddb5-4fa4-a97d-d965ccfc6d4b" outcome="Passed" testListId="8c84fa94-04c1-424b-9868-57a2d4851a1d" relativeResultsDirectory="26ef1e85-e130-466c-beda-d4de208b14e0" />
    <UnitTestResult executionId="335f4430-5308-470c-94dd-1826a24751a9" testId="17cabc99-f290-8e6b-1eab-563e393810e4" testName="ExtensionDataService_UpdateDocument_should_not_throw_argument_exception_for_null_document_value" computerName="TFSBUILD11" duration="00:00:00.0028341" startTime="2015-09-28T09:43:17.8426854-07:00" endTime="2015-09-28T09:43:17.8583118-07:00" testType="13cdc9d9-ddb5-4fa4-a97d-d965ccfc6d4b" outcome="Passed" testListId="8c84fa94-04c1-424b-9868-57a2d4851a1d" relativeResultsDirectory="335f4430-5308-470c-94dd-1826a24751a9" />
    <UnitTestResult executionId="2856d2fa-8c79-4974-88ea-54599e30313f" testId="6f8a55ad-42ef-0466-3717-f11fef0d9afd" testName="ExtensionDataService_UpdateDocument_should_throw_argument_null_exception_for_null_document_revision" computerName="TFSBUILD11" duration="00:00:00.0004107" startTime="2015-09-28T09:43:17.8583118-07:00" endTime="2015-09-28T09:43:17.8583118-07:00" testType="13cdc9d9-ddb5-4fa4-a97d-d965ccfc6d4b" outcome="Passed" testListId="8c84fa94-04c1-424b-9868-57a2d4851a1d" relativeResultsDirectory="2856d2fa-8c79-4974-88ea-54599e30313f" />
    <UnitTestResult executionId="cfbca408-9618-4c1b-a4a2-6e9d5ee6b00c" testId="e1af50e6-27c2-fa71-75d8-184fafdf7463" testName="ExtensionDataService_UpdateDocument_should_throw_argument_null_exception_for_null_document_id" computerName="TFSBUILD11" duration="00:00:00.0003882" startTime="2015-09-28T09:43:17.8583118-07:00" endTime="2015-09-28T09:43:17.8583118-07:00" testType="13cdc9d9-ddb5-4fa4-a97d-d965ccfc6d4b" outcome="Passed" testListId="8c84fa94-04c1-424b-9868-57a2d4851a1d" relativeResultsDirectory="cfbca408-9618-4c1b-a4a2-6e9d5ee6b00c" />
    <UnitTestResult executionId="108f3562-8a27-4ac9-b0b1-1c7927d6af68" testId="b285ad09-48cd-2016-e327-d2265a41d09f" testName="ExtensionDataService_UpdateDocument_should_return_results" computerName="TFSBUILD11" duration="00:00:00.0048016" startTime="2015-09-28T09:43:17.8583118-07:00" endTime="2015-09-28T09:43:17.8583118-07:00" testType="13cdc9d9-ddb5-4fa4-a97d-d965ccfc6d4b" outcome="Passed" testListId="8c84fa94-04c1-424b-9868-57a2d4851a1d" relativeResultsDirectory="108f3562-8a27-4ac9-b0b1-1c7927d6af68" />
    <UnitTestResult executionId="10d5d103-8e0e-4176-a7db-80fb9fc4a229" testId="04d031b5-97cf-16ee-f3cc-39698b07183e" testName="ExtensionDataService_UpdateDocument_should_not_increment_version_negative_one" computerName="TFSBUILD11" duration="00:00:00.0053660" startTime="2015-09-28T09:43:17.8583118-07:00" endTime="2015-09-28T09:43:17.8583118-07:00" testType="13cdc9d9-ddb5-4fa4-a97d-d965ccfc6d4b" outcome="Passed" testListId="8c84fa94-04c1-424b-9868-57a2d4851a1d" relativeResultsDirectory="10d5d103-8e0e-4176-a7db-80fb9fc4a229" />
    <UnitTestResult executionId="f26756ff-658b-4812-91fd-9a1ff022b88c" testId="f3cee916-ae7c-d743-cd7e-78e0a7ae2020" testName="ExtensionDataService_UpdateDocument_should_strip_properties_starting_with_double_underscore" computerName="TFSBUILD11" duration="00:00:00.0062179" startTime="2015-09-28T09:43:17.8583118-07:00" endTime="2015-09-28T09:43:17.8739380-07:00" testType="13cdc9d9-ddb5-4fa4-a97d-d965ccfc6d4b" outcome="Passed" testListId="8c84fa94-04c1-424b-9868-57a2d4851a1d" relativeResultsDirectory="f26756ff-658b-4812-91fd-9a1ff022b88c" />
    <UnitTestResult executionId="56bd3c22-c7ee-4c8a-aec4-8d1bd28a3a57" testId="99c45aa5-230b-ce02-6e60-cb0632806cb0" testName="ExtensionDataService_DeleteDocument_should_throw_argument_exception_for_empty_collection_name" computerName="TFSBUILD11" duration="00:00:00.0046290" startTime="2015-09-28T09:43:17.8739380-07:00" endTime="2015-09-28T09:43:17.8739380-07:00" testType="13cdc9d9-ddb5-4fa4-a97d-d965ccfc6d4b" outcome="Passed" testListId="8c84fa94-04c1-424b-9868-57a2d4851a1d" relativeResultsDirectory="56bd3c22-c7ee-4c8a-aec4-8d1bd28a3a57" />
    <UnitTestResult executionId="209865c8-4c49-4b6f-84b0-d6e3050f5033" testId="78b56950-fce7-3ddc-dc7a-3cfb80945204" testName="ExtensionDataService_DeleteDocument_should_throw_argument_exception_for_empty_scope_type" computerName="TFSBUILD11" duration="00:00:00.0003987" startTime="2015-09-28T09:43:17.8739380-07:00" endTime="2015-09-28T09:43:17.8739380-07:00" testType="13cdc9d9-ddb5-4fa4-a97d-d965ccfc6d4b" outcome="Passed" testListId="8c84fa94-04c1-424b-9868-57a2d4851a1d" relativeResultsDirectory="209865c8-4c49-4b6f-84b0-d6e3050f5033" />
    <UnitTestResult executionId="2b45070f-b783-4876-ad03-69030e55d5c7" testId="d029a60a-438c-73eb-3def-f5b30972d927" testName="ExtensionDataService_DeleteDocument_should_throw_argument_exception_for_empty_document_id" computerName="TFSBUILD11" duration="00:00:00.0003808" startTime="2015-09-28T09:43:17.8739380-07:00" endTime="2015-09-28T09:43:17.8739380-07:00" testType="13cdc9d9-ddb5-4fa4-a97d-d965ccfc6d4b" outcome="Passed" testListId="8c84fa94-04c1-424b-9868-57a2d4851a1d" relativeResultsDirectory="2b45070f-b783-4876-ad03-69030e55d5c7" />
    <UnitTestResult executionId="ce75fa88-cab4-44a4-82c2-76dc8ed08462" testId="254bb920-7990-0bec-0ade-2496c677d5d2" testName="ExtensionDataService_DeleteDocument_should_call_sql_component" computerName="TFSBUILD11" duration="00:00:00.0125306" startTime="2015-09-28T09:43:17.8739380-07:00" endTime="2015-09-28T09:43:17.8895641-07:00" testType="13cdc9d9-ddb5-4fa4-a97d-d965ccfc6d4b" outcome="Passed" testListId="8c84fa94-04c1-424b-9868-57a2d4851a1d" relativeResultsDirectory="ce75fa88-cab4-44a4-82c2-76dc8ed08462" />
    <UnitTestResult executionId="097e0ee1-b646-40c8-bfe4-27eaa18c6331" testId="5c23944b-3137-94e6-4ec4-af81674acace" testName="ExtensionDataService_CheckScopes_should_not_allow_scope_types_outside_of_default_and_user_case_insensitive" computerName="TFSBUILD11" duration="00:00:00.0030216" startTime="2015-09-28T09:43:17.8895641-07:00" endTime="2015-09-28T09:43:17.8895641-07:00" testType="13cdc9d9-ddb5-4fa4-a97d-d965ccfc6d4b" outcome="Passed" testListId="8c84fa94-04c1-424b-9868-57a2d4851a1d" relativeResultsDirectory="097e0ee1-b646-40c8-bfe4-27eaa18c6331" />
    <UnitTestResult executionId="54a107ab-7788-4b8c-9fd6-ee3cecb5dfee" testId="82f6a3ec-7f60-8ddc-ec3e-debd85f2dcd0" testName="ExtensionDataService_CheckScopes_should_not_allow_scope_values_outside_of_current_and_me_case_insensitive" computerName="TFSBUILD11" duration="00:00:00.0058444" startTime="2015-09-28T09:43:17.8895641-07:00" endTime="2015-09-28T09:43:17.9051907-07:00" testType="13cdc9d9-ddb5-4fa4-a97d-d965ccfc6d4b" outcome="Passed" testListId="8c84fa94-04c1-424b-9868-57a2d4851a1d" relativeResultsDirectory="54a107ab-7788-4b8c-9fd6-ee3cecb5dfee" />
    <UnitTestResult executionId="e4072b53-858c-44cd-a996-a339f7478153" testId="80cf664f-057d-8db8-4c81-ea0ccd693058" testName="ExtensionDataService_CheckScopes_uses_current_with_default_scope_type_when_no_value_is_provided" computerName="TFSBUILD11" duration="00:00:00.0057616" startTime="2015-09-28T09:43:17.9051907-07:00" endTime="2015-09-28T09:43:17.9051907-07:00" testType="13cdc9d9-ddb5-4fa4-a97d-d965ccfc6d4b" outcome="Passed" testListId="8c84fa94-04c1-424b-9868-57a2d4851a1d" relativeResultsDirectory="e4072b53-858c-44cd-a996-a339f7478153" />
    <UnitTestResult executionId="1b28da02-d817-4824-9678-724a4e0ec0ce" testId="d0fa13fa-bfda-d500-a1ff-ce716b7a5d8f" testName="ExtensionDataService_GetDocumentsInCollectionByName_should_throw_argument_exception_for_empty_collection_name" computerName="TFSBUILD11" duration="00:00:00.0005424" startTime="2015-09-28T09:43:17.9051907-07:00" endTime="2015-09-28T09:43:17.9051907-07:00" testType="13cdc9d9-ddb5-4fa4-a97d-d965ccfc6d4b" outcome="Passed" testListId="8c84fa94-04c1-424b-9868-57a2d4851a1d" relativeResultsDirectory="1b28da02-d817-4824-9678-724a4e0ec0ce" />
    <UnitTestResult executionId="cac187a1-5def-466b-b193-1cd83a86b063" testId="dc764849-f72e-5f11-06e1-47253c0fe6f9" testName="ExtensionDataService_GetDocumentsInCollectionByName_should_throw_argument_exception_for_empty_scope_type" computerName="TFSBUILD11" duration="00:00:00.0004206" startTime="2015-09-28T09:43:17.9051907-07:00" endTime="2015-09-28T09:43:17.9051907-07:00" testType="13cdc9d9-ddb5-4fa4-a97d-d965ccfc6d4b" outcome="Passed" testListId="8c84fa94-04c1-424b-9868-57a2d4851a1d" relativeResultsDirectory="cac187a1-5def-466b-b193-1cd83a86b063" />
    <UnitTestResult executionId="25fc9e72-2b5b-48bb-b7e9-4737e221256a" testId="f504cda2-c26a-5a4a-ce4d-c02c99fd8c54" testName="ExtensionDataService_GetDocumentsInCollectionByName_should_return_results" computerName="TFSBUILD11" duration="00:00:00.0035447" startTime="2015-09-28T09:43:17.9051907-07:00" endTime="2015-09-28T09:43:17.9208163-07:00" testType="13cdc9d9-ddb5-4fa4-a97d-d965ccfc6d4b" outcome="Passed" testListId="8c84fa94-04c1-424b-9868-57a2d4851a1d" relativeResultsDirectory="25fc9e72-2b5b-48bb-b7e9-4737e221256a" />
    <UnitTestResult executionId="abf3888e-052f-406a-a7e4-26a635a37c8c" testId="3a2e3f03-34ee-6f89-7bef-eec8a0e279cb" testName="ExtensionDataService_GetDocumentByName_should_throw_argument_exception_for_empty_collection_name" computerName="TFSBUILD11" duration="00:00:00.0005481" startTime="2015-09-28T09:43:17.9208163-07:00" endTime="2015-09-28T09:43:17.9208163-07:00" testType="13cdc9d9-ddb5-4fa4-a97d-d965ccfc6d4b" outcome="Passed" testListId="8c84fa94-04c1-424b-9868-57a2d4851a1d" relativeResultsDirectory="abf3888e-052f-406a-a7e4-26a635a37c8c" />
    <UnitTestResult executionId="16199c1f-c412-470d-b775-797eb0563b71" testId="9f044f94-1fb9-c259-e772-b9ff750caf12" testName="ExtensionDataService_GetDocumentByName_should_throw_argument_exception_for_empty_scope_type" computerName="TFSBUILD11" duration="00:00:00.0006061" startTime="2015-09-28T09:43:17.9208163-07:00" endTime="2015-09-28T09:43:17.9208163-07:00" testType="13cdc9d9-ddb5-4fa4-a97d-d965ccfc6d4b" outcome="Passed" testListId="8c84fa94-04c1-424b-9868-57a2d4851a1d" relativeResultsDirectory="16199c1f-c412-470d-b775-797eb0563b71" />
    <UnitTestResult executionId="e84313f3-b633-43f0-81ab-64f7b755f069" testId="b5e7c1f8-9337-661b-904f-8f4b8ac08ed8" testName="ExtensionDataService_GetDocumentByName_should_throw_argument_exception_for_empty_document_id" computerName="TFSBUILD11" duration="00:00:00.0004238" startTime="2015-09-28T09:43:17.9208163-07:00" endTime="2015-09-28T09:43:17.9208163-07:00" testType="13cdc9d9-ddb5-4fa4-a97d-d965ccfc6d4b" outcome="Passed" testListId="8c84fa94-04c1-424b-9868-57a2d4851a1d" relativeResultsDirectory="e84313f3-b633-43f0-81ab-64f7b755f069" />
    <UnitTestResult executionId="f918d562-0e92-43ea-933e-bd0fe934eefb" testId="cb0a5439-dbc8-1e65-2597-366bacdb27ce" testName="ExtensionDataService_GetDocumentByName_should_return_results" computerName="TFSBUILD11" duration="00:00:00.0046751" startTime="2015-09-28T09:43:17.9208163-07:00" endTime="2015-09-28T09:43:17.9208163-07:00" testType="13cdc9d9-ddb5-4fa4-a97d-d965ccfc6d4b" outcome="Passed" testListId="8c84fa94-04c1-424b-9868-57a2d4851a1d" relativeResultsDirectory="f918d562-0e92-43ea-933e-bd0fe934eefb" />
    <UnitTestResult executionId="d07945f8-8f8d-4fa6-87af-23488a3f8be6" testId="357edcd2-7f8f-6323-b330-f4c95fecc880" testName="ExtensionDataService_SetDocumentByName_should_throw_argument_exception_for_empty_collection_name" computerName="TFSBUILD11" duration="00:00:00.0006530" startTime="2015-09-28T09:43:17.9208163-07:00" endTime="2015-09-28T09:43:17.9208163-07:00" testType="13cdc9d9-ddb5-4fa4-a97d-d965ccfc6d4b" outcome="Passed" testListId="8c84fa94-04c1-424b-9868-57a2d4851a1d" relativeResultsDirectory="d07945f8-8f8d-4fa6-87af-23488a3f8be6" />
    <UnitTestResult executionId="d72c2980-17bc-47ba-9c63-d5d858e524f1" testId="4bd1ffb9-1cb6-a7e6-8132-5ef855a358bb" testName="ExtensionDataService_SetDocumentByName_should_throw_argument_exception_for_collection_name_too_long" computerName="TFSBUILD11" duration="00:00:00.0005757" startTime="2015-09-28T09:43:17.9208163-07:00" endTime="2015-09-28T09:43:17.9208163-07:00" testType="13cdc9d9-ddb5-4fa4-a97d-d965ccfc6d4b" outcome="Passed" testListId="8c84fa94-04c1-424b-9868-57a2d4851a1d" relativeResultsDirectory="d72c2980-17bc-47ba-9c63-d5d858e524f1" />
    <UnitTestResult executionId="0adca0b5-1a2c-48ef-98ab-201c6072c1fe" testId="0fc23756-a24b-bcee-cdae-51cc6d420bdc" testName="ExtensionDataService_SetDocumentByName_should_throw_argument_exception_for_empty_scope_type" computerName="TFSBUILD11" duration="00:00:00.0008351" startTime="2015-09-28T09:43:17.9208163-07:00" endTime="2015-09-28T09:43:17.9208163-07:00" testType="13cdc9d9-ddb5-4fa4-a97d-d965ccfc6d4b" outcome="Passed" testListId="8c84fa94-04c1-424b-9868-57a2d4851a1d" relativeResultsDirectory="0adca0b5-1a2c-48ef-98ab-201c6072c1fe" />
    <UnitTestResult executionId="ddb4cb9e-92ca-4fb5-a05c-9d590ac81562" testId="84e4e0e5-a230-217f-86d1-3326580dbec1" testName="ExtensionDataService_SetDocumentByName_should_throw_argument_null_exception_for_null_document" computerName="TFSBUILD11" duration="00:00:00.0004383" startTime="2015-09-28T09:43:17.9208163-07:00" endTime="2015-09-28T09:43:17.9208163-07:00" testType="13cdc9d9-ddb5-4fa4-a97d-d965ccfc6d4b" outcome="Passed" testListId="8c84fa94-04c1-424b-9868-57a2d4851a1d" relativeResultsDirectory="ddb4cb9e-92ca-4fb5-a05c-9d590ac81562" />
    <UnitTestResult executionId="cd8c37ef-5c84-48bd-80e9-c6b3707f15bf" testId="b27cd985-e747-e431-0a78-f51dc3e308a4" testName="ExtensionDataService_SetDocumentByName_should_not_throw_argument_exception_for_null_document_value" computerName="TFSBUILD11" duration="00:00:00.0052949" startTime="2015-09-28T09:43:17.9208163-07:00" endTime="2015-09-28T09:43:17.9364424-07:00" testType="13cdc9d9-ddb5-4fa4-a97d-d965ccfc6d4b" outcome="Passed" testListId="8c84fa94-04c1-424b-9868-57a2d4851a1d" relativeResultsDirectory="cd8c37ef-5c84-48bd-80e9-c6b3707f15bf" />
    <UnitTestResult executionId="4b064b13-dd78-4494-8eed-11926c9cad3d" testId="7c0332f9-b107-2619-5dd2-69b5318bf7ea" testName="ExtensionDataService_SetDocumentByName_should_set_revision_to_one_when_none_is_passed_in" computerName="TFSBUILD11" duration="00:00:00.0056365" startTime="2015-09-28T09:43:17.9364424-07:00" endTime="2015-09-28T09:43:17.9364424-07:00" testType="13cdc9d9-ddb5-4fa4-a97d-d965ccfc6d4b" outcome="Passed" testListId="8c84fa94-04c1-424b-9868-57a2d4851a1d" relativeResultsDirectory="4b064b13-dd78-4494-8eed-11926c9cad3d" />
    <UnitTestResult executionId="738c6859-f636-4bcd-9b81-e8a831ba4aca" testId="06a2b8e8-e19b-0ad6-03a4-2dfebe787252" testName="ExtensionDataService_SetDocumentByName_should_return_results" computerName="TFSBUILD11" duration="00:00:00.0056280" startTime="2015-09-28T09:43:17.9364424-07:00" endTime="2015-09-28T09:43:17.9364424-07:00" testType="13cdc9d9-ddb5-4fa4-a97d-d965ccfc6d4b" outcome="Passed" testListId="8c84fa94-04c1-424b-9868-57a2d4851a1d" relativeResultsDirectory="738c6859-f636-4bcd-9b81-e8a831ba4aca" />
    <UnitTestResult executionId="57adf222-d90a-41df-84a7-ea38e2b912ee" testId="ae561887-cd88-0b20-2e89-f878ed9169ab" testName="ExtensionDataService_SetDocumentByName_should_strip_properties_starting_with_double_underscore" computerName="TFSBUILD11" duration="00:00:00.0057136" startTime="2015-09-28T09:43:17.9364424-07:00" endTime="2015-09-28T09:43:17.9520694-07:00" testType="13cdc9d9-ddb5-4fa4-a97d-d965ccfc6d4b" outcome="Passed" testListId="8c84fa94-04c1-424b-9868-57a2d4851a1d" relativeResultsDirectory="57adf222-d90a-41df-84a7-ea38e2b912ee" />
    <UnitTestResult executionId="0562aab2-5247-4373-9285-5889223cd8d2" testId="1bbced13-6b00-ee1e-add6-83f621285ff8" testName="ExtensionDataService_SetDocumentByName_should_not_increment_version_negative_one" computerName="TFSBUILD11" duration="00:00:00.0049575" startTime="2015-09-28T09:43:17.9520694-07:00" endTime="2015-09-28T09:43:17.9520694-07:00" testType="13cdc9d9-ddb5-4fa4-a97d-d965ccfc6d4b" outcome="Passed" testListId="8c84fa94-04c1-424b-9868-57a2d4851a1d" relativeResultsDirectory="0562aab2-5247-4373-9285-5889223cd8d2" />
    <UnitTestResult executionId="318fed6a-23b7-455a-8770-fea8b3abeda3" testId="d1c5f2a7-7b5b-b894-ca77-fc46c1625d30" testName="ExtensionDataService_SetDocumentByName_should_generate_id_if_none_provided_in_document" computerName="TFSBUILD11" duration="00:00:00.0036900" startTime="2015-09-28T09:43:17.9520694-07:00" endTime="2015-09-28T09:43:17.9520694-07:00" testType="13cdc9d9-ddb5-4fa4-a97d-d965ccfc6d4b" outcome="Passed" testListId="8c84fa94-04c1-424b-9868-57a2d4851a1d" relativeResultsDirectory="318fed6a-23b7-455a-8770-fea8b3abeda3" />
    <UnitTestResult executionId="fda21ead-5364-4848-b2c4-a6bcbb7fbb2a" testId="8e7ecfa7-6c49-cc94-9ef8-094923274d22" testName="ExtensionDataService_CreateDocumentByName_should_throw_argument_exception_for_empty_collection_name" computerName="TFSBUILD11" duration="00:00:00.0007139" startTime="2015-09-28T09:43:17.9520694-07:00" endTime="2015-09-28T09:43:17.9520694-07:00" testType="13cdc9d9-ddb5-4fa4-a97d-d965ccfc6d4b" outcome="Passed" testListId="8c84fa94-04c1-424b-9868-57a2d4851a1d" relativeResultsDirectory="fda21ead-5364-4848-b2c4-a6bcbb7fbb2a" />
    <UnitTestResult executionId="64fb4150-8aa8-404e-858c-50e18668713c" testId="3605c69e-4c73-f095-d816-48c5a2a150e3" testName="ExtensionDataService_CreateDocumentByName_should_throw_argument_exception_for_collection_name_too_long" computerName="TFSBUILD11" duration="00:00:00.0005330" startTime="2015-09-28T09:43:17.9520694-07:00" endTime="2015-09-28T09:43:17.9676952-07:00" testType="13cdc9d9-ddb5-4fa4-a97d-d965ccfc6d4b" outcome="Passed" testListId="8c84fa94-04c1-424b-9868-57a2d4851a1d" relativeResultsDirectory="64fb4150-8aa8-404e-858c-50e18668713c" />
    <UnitTestResult executionId="84dbe7fb-4f67-45b2-9639-edd0ec59d07c" testId="db669c06-677a-406c-9e2e-06cee8b900f6" testName="ExtensionDataService_CreateDocumentByName_should_throw_argument_exception_for_empty_scope_type" computerName="TFSBUILD11" duration="00:00:00.0010382" startTime="2015-09-28T09:43:17.9676952-07:00" endTime="2015-09-28T09:43:17.9676952-07:00" testType="13cdc9d9-ddb5-4fa4-a97d-d965ccfc6d4b" outcome="Passed" testListId="8c84fa94-04c1-424b-9868-57a2d4851a1d" relativeResultsDirectory="84dbe7fb-4f67-45b2-9639-edd0ec59d07c" />
    <UnitTestResult executionId="34ed476d-9b51-404b-bcd4-dc47efc7b053" testId="f7026fef-1968-85fc-50ba-fe2613c3627c" testName="ExtensionDataService_CreateDocumentByName_should_throw_argument_null_exception_for_null_document" computerName="TFSBUILD11" duration="00:00:00.0009449" startTime="2015-09-28T09:43:17.9676952-07:00" endTime="2015-09-28T09:43:17.9676952-07:00" testType="13cdc9d9-ddb5-4fa4-a97d-d965ccfc6d4b" outcome="Passed" testListId="8c84fa94-04c1-424b-9868-57a2d4851a1d" relativeResultsDirectory="34ed476d-9b51-404b-bcd4-dc47efc7b053" />
    <UnitTestResult executionId="66b46044-e2ff-41d0-bdcc-b278be581d6b" testId="33534c05-6556-65cc-04c5-7f07b052b8c9" testName="ExtensionDataService_CreateDocumentByName_should_not_throw_argument_exception_for_null_document_value" computerName="TFSBUILD11" duration="00:00:00.0043010" startTime="2015-09-28T09:43:17.9676952-07:00" endTime="2015-09-28T09:43:17.9676952-07:00" testType="13cdc9d9-ddb5-4fa4-a97d-d965ccfc6d4b" outcome="Passed" testListId="8c84fa94-04c1-424b-9868-57a2d4851a1d" relativeResultsDirectory="66b46044-e2ff-41d0-bdcc-b278be581d6b" />
    <UnitTestResult executionId="bee21687-65d8-4cb4-ba99-00e5b44f7596" testId="16c2ca85-92e5-1160-2a5f-e1ef3c065362" testName="ExtensionDataService_CreateDocumentByName_should_return_results" computerName="TFSBUILD11" duration="00:00:00.0044080" startTime="2015-09-28T09:43:17.9676952-07:00" endTime="2015-09-28T09:43:17.9676952-07:00" testType="13cdc9d9-ddb5-4fa4-a97d-d965ccfc6d4b" outcome="Passed" testListId="8c84fa94-04c1-424b-9868-57a2d4851a1d" relativeResultsDirectory="bee21687-65d8-4cb4-ba99-00e5b44f7596" />
    <UnitTestResult executionId="bb8d41c4-5789-448c-a71f-fd230c3d8c38" testId="47c786fa-9461-697c-e314-729794bf115f" testName="ExtensionDataService_CreateDocumentByName_should_strip_properties_starting_with_double_underscore" computerName="TFSBUILD11" duration="00:00:00.0057531" startTime="2015-09-28T09:43:17.9676952-07:00" endTime="2015-09-28T09:43:17.9833213-07:00" testType="13cdc9d9-ddb5-4fa4-a97d-d965ccfc6d4b" outcome="Passed" testListId="8c84fa94-04c1-424b-9868-57a2d4851a1d" relativeResultsDirectory="bb8d41c4-5789-448c-a71f-fd230c3d8c38" />
    <UnitTestResult executionId="59da3a2b-06e1-4790-aa84-d9fa70948770" testId="bb0cc74f-826a-a7d4-cc3c-dfea1467a3dc" testName="ExtensionDataService_CreateDocumentByName_should_generate_id_if_none_provided_in_document" computerName="TFSBUILD11" duration="00:00:00.0250552" startTime="2015-09-28T09:43:17.9833213-07:00" endTime="2015-09-28T09:43:17.9989477-07:00" testType="13cdc9d9-ddb5-4fa4-a97d-d965ccfc6d4b" outcome="Passed" testListId="8c84fa94-04c1-424b-9868-57a2d4851a1d" relativeResultsDirectory="59da3a2b-06e1-4790-aa84-d9fa70948770" />
    <UnitTestResult executionId="f304356a-2fd3-4bd9-92c0-0db7ae7b9d5a" testId="04cf42cc-8616-a32b-7a01-409546b14be5" testName="ExtensionDataService_UpdateDocumentByName_should_throw_argument_exception_for_empty_collection_name" computerName="TFSBUILD11" duration="00:00:00.0007722" startTime="2015-09-28T09:43:17.9989477-07:00" endTime="2015-09-28T09:43:17.9989477-07:00" testType="13cdc9d9-ddb5-4fa4-a97d-d965ccfc6d4b" outcome="Passed" testListId="8c84fa94-04c1-424b-9868-57a2d4851a1d" relativeResultsDirectory="f304356a-2fd3-4bd9-92c0-0db7ae7b9d5a" />
    <UnitTestResult executionId="bc2c3fdb-e6e8-446a-92f3-994357e626ef" testId="644d6947-17fc-1f55-e209-131042c01033" testName="ExtensionDataService_UpdateDocumentByName_should_throw_argument_exception_for_collection_name_too_long" computerName="TFSBUILD11" duration="00:00:00.0007938" startTime="2015-09-28T09:43:17.9989477-07:00" endTime="2015-09-28T09:43:17.9989477-07:00" testType="13cdc9d9-ddb5-4fa4-a97d-d965ccfc6d4b" outcome="Passed" testListId="8c84fa94-04c1-424b-9868-57a2d4851a1d" relativeResultsDirectory="bc2c3fdb-e6e8-446a-92f3-994357e626ef" />
    <UnitTestResult executionId="4b0fcef8-56e1-4d7d-8dec-c0aaa4912bf5" testId="d28486a0-72bb-7757-1e25-763dd20560c2" testName="ExtensionDataService_UpdateDocumentByName_should_throw_argument_exception_for_empty_scope_type" computerName="TFSBUILD11" duration="00:00:00.0008962" startTime="2015-09-28T09:43:17.9989477-07:00" endTime="2015-09-28T09:43:18.0145730-07:00" testType="13cdc9d9-ddb5-4fa4-a97d-d965ccfc6d4b" outcome="Passed" testListId="8c84fa94-04c1-424b-9868-57a2d4851a1d" relativeResultsDirectory="4b0fcef8-56e1-4d7d-8dec-c0aaa4912bf5" />
    <UnitTestResult executionId="1b708f12-82fe-4dc1-b9ef-08ee24dc4aa0" testId="7fd89523-5745-4bd2-ae5b-ab0941baa328" testName="ExtensionDataService_UpdateDocumentByName_should_throw_argument_null_exception_for_null_document" computerName="TFSBUILD11" duration="00:00:00.0006510" startTime="2015-09-28T09:43:18.0145730-07:00" endTime="2015-09-28T09:43:18.0145730-07:00" testType="13cdc9d9-ddb5-4fa4-a97d-d965ccfc6d4b" outcome="Passed" testListId="8c84fa94-04c1-424b-9868-57a2d4851a1d" relativeResultsDirectory="1b708f12-82fe-4dc1-b9ef-08ee24dc4aa0" />
    <UnitTestResult executionId="e4abd006-a5f6-47a4-8dd9-ad57c820392a" testId="5189cad5-67f4-6afa-e54b-ff9df8e53f94" testName="ExtensionDataService_UpdateDocumentByName_should_not_throw_argument_exception_for_null_document_value" computerName="TFSBUILD11" duration="00:00:00.0043551" startTime="2015-09-28T09:43:18.0145730-07:00" endTime="2015-09-28T09:43:18.0145730-07:00" testType="13cdc9d9-ddb5-4fa4-a97d-d965ccfc6d4b" outcome="Passed" testListId="8c84fa94-04c1-424b-9868-57a2d4851a1d" relativeResultsDirectory="e4abd006-a5f6-47a4-8dd9-ad57c820392a" />
    <UnitTestResult executionId="8a5f655c-605c-49f6-b7b8-ef603915e326" testId="f72c5543-cbdf-cf8a-9d21-918b3eab88c6" testName="ExtensionDataService_UpdateDocumentByName_should_throw_argument_null_exception_for_null_document_revision" computerName="TFSBUILD11" duration="00:00:00.0004792" startTime="2015-09-28T09:43:18.0145730-07:00" endTime="2015-09-28T09:43:18.0145730-07:00" testType="13cdc9d9-ddb5-4fa4-a97d-d965ccfc6d4b" outcome="Passed" testListId="8c84fa94-04c1-424b-9868-57a2d4851a1d" relativeResultsDirectory="8a5f655c-605c-49f6-b7b8-ef603915e326" />
    <UnitTestResult executionId="84ff7092-eb71-4de6-b30e-03061ecb2e89" testId="454cdfc4-5075-0e6e-96aa-6558b254442a" testName="ExtensionDataService_UpdateDocumentByName_should_throw_argument_null_exception_for_null_document_id" computerName="TFSBUILD11" duration="00:00:00.0004249" startTime="2015-09-28T09:43:18.0145730-07:00" endTime="2015-09-28T09:43:18.0145730-07:00" testType="13cdc9d9-ddb5-4fa4-a97d-d965ccfc6d4b" outcome="Passed" testListId="8c84fa94-04c1-424b-9868-57a2d4851a1d" relativeResultsDirectory="84ff7092-eb71-4de6-b30e-03061ecb2e89" />
    <UnitTestResult executionId="a1e4966d-6498-46eb-a521-906ea66d31a1" testId="93b7f916-07cb-16b8-0c1d-06151b9fa00a" testName="ExtensionDataService_UpdateDocumentByName_should_return_results" computerName="TFSBUILD11" duration="00:00:00.0059918" startTime="2015-09-28T09:43:18.0145730-07:00" endTime="2015-09-28T09:43:18.0145730-07:00" testType="13cdc9d9-ddb5-4fa4-a97d-d965ccfc6d4b" outcome="Passed" testListId="8c84fa94-04c1-424b-9868-57a2d4851a1d" relativeResultsDirectory="a1e4966d-6498-46eb-a521-906ea66d31a1" />
    <UnitTestResult executionId="dddabd05-8522-4a51-9fb5-049ac06b55e0" testId="12e2e28a-2d68-61f1-7d94-d5c9ff52e2ac" testName="ExtensionDataService_UpdateDocumentByName_should_not_increment_version_negative_one" computerName="TFSBUILD11" duration="00:00:00.0056595" startTime="2015-09-28T09:43:18.0145730-07:00" endTime="2015-09-28T09:43:18.0301991-07:00" testType="13cdc9d9-ddb5-4fa4-a97d-d965ccfc6d4b" outcome="Passed" testListId="8c84fa94-04c1-424b-9868-57a2d4851a1d" relativeResultsDirectory="dddabd05-8522-4a51-9fb5-049ac06b55e0" />
    <UnitTestResult executionId="2a340c14-ceaf-49bb-9d20-134f88aaf38f" testId="2be7a150-e06f-61eb-93ac-1ef0edc203dd" testName="ExtensionDataService_UpdateDocumentByName_should_strip_properties_starting_with_double_underscore" computerName="TFSBUILD11" duration="00:00:00.0058635" startTime="2015-09-28T09:43:18.0301991-07:00" endTime="2015-09-28T09:43:18.0301991-07:00" testType="13cdc9d9-ddb5-4fa4-a97d-d965ccfc6d4b" outcome="Passed" testListId="8c84fa94-04c1-424b-9868-57a2d4851a1d" relativeResultsDirectory="2a340c14-ceaf-49bb-9d20-134f88aaf38f" />
    <UnitTestResult executionId="826997d4-69fb-49c8-bd6a-754b79d74d54" testId="cc1e799c-aa19-8a5c-e28d-9b55e536c95f" testName="ExtensionDataService_DeleteDocumentByName_should_throw_argument_exception_for_empty_collection_name" computerName="TFSBUILD11" duration="00:00:00.0005211" startTime="2015-09-28T09:43:18.0301991-07:00" endTime="2015-09-28T09:43:18.0301991-07:00" testType="13cdc9d9-ddb5-4fa4-a97d-d965ccfc6d4b" outcome="Passed" testListId="8c84fa94-04c1-424b-9868-57a2d4851a1d" relativeResultsDirectory="826997d4-69fb-49c8-bd6a-754b79d74d54" />
    <UnitTestResult executionId="68cc547f-6066-4e10-a7df-015dcb5e2d79" testId="8fe7c08b-07e3-678b-d1ba-590709c41b42" testName="ExtensionDataService_DeleteDocumentByName_should_throw_argument_exception_for_empty_scope_type" computerName="TFSBUILD11" duration="00:00:00.0004201" startTime="2015-09-28T09:43:18.0301991-07:00" endTime="2015-09-28T09:43:18.0301991-07:00" testType="13cdc9d9-ddb5-4fa4-a97d-d965ccfc6d4b" outcome="Passed" testListId="8c84fa94-04c1-424b-9868-57a2d4851a1d" relativeResultsDirectory="68cc547f-6066-4e10-a7df-015dcb5e2d79" />
    <UnitTestResult executionId="8a224329-3bcb-4f9a-b15f-c6d19c2b2e08" testId="25ab5384-4d5a-d4eb-0ce0-b2a87b0c813d" testName="ExtensionDataService_DeleteDocumentByName_should_throw_argument_exception_for_empty_document_id" computerName="TFSBUILD11" duration="00:00:00.0006363" startTime="2015-09-28T09:43:18.0301991-07:00" endTime="2015-09-28T09:43:18.0301991-07:00" testType="13cdc9d9-ddb5-4fa4-a97d-d965ccfc6d4b" outcome="Passed" testListId="8c84fa94-04c1-424b-9868-57a2d4851a1d" relativeResultsDirectory="8a224329-3bcb-4f9a-b15f-c6d19c2b2e08" />
    <UnitTestResult executionId="4f71f176-063b-48e6-8e04-8fa1474134e1" testId="119ad4a3-f80a-a8fc-494a-489c4c626cf7" testName="ExtensionDataService_DeleteDocumentByName_should_call_sql_component" computerName="TFSBUILD11" duration="00:00:00.0047271" startTime="2015-09-28T09:43:18.0301991-07:00" endTime="2015-09-28T09:43:18.0458257-07:00" testType="13cdc9d9-ddb5-4fa4-a97d-d965ccfc6d4b" outcome="Passed" testListId="8c84fa94-04c1-424b-9868-57a2d4851a1d" relativeResultsDirectory="4f71f176-063b-48e6-8e04-8fa1474134e1" />
  </Results>
  <TestDefinitions>
    <UnitTest name="InstalledExtensionService_GetInstalledExtension_should_throw_exception_get_installed_extensions_returns_empty_list" storage="d:\v2.0\a1\_work\dbded102\bin\release.anycpu\extensionmanagement.service\ms.vs.services.extensionmanagement.server.l0.tests\ms.vs.services.extensionmanagement.server.l0.tests.dll" id="6d170c96-d7df-148e-095a-4f7694ce9716">
      <Execution id="111aba2c-8701-4e0d-bd7b-357ba0e96cdf" />
      <TestMethod codeBase="D:\v2.0\A1\_work\dbded102\bin\Release.AnyCPU\ExtensionManagement.Service\MS.VS.Services.ExtensionManagement.Server.L0.Tests\MS.VS.Services.ExtensionManagement.Server.L0.Tests.dll" adapterTypeName="Microsoft.VisualStudio.TestTools.TestTypes.Unit.UnitTestAdapter" className="MS.VS.Services.ExtensManagement.Server.L0.ExtensionData.InstalledExtensionServiceTests" name="InstalledExtensionService_GetInstalledExtension_should_throw_exception_get_installed_extensions_returns_empty_list" />
    </UnitTest>
    <UnitTest name="PublishedExtensionService_GetExtensionAsService_should_call_extension_loading_service" storage="d:\v2.0\a1\_work\dbded102\bin\release.anycpu\extensionmanagement.service\ms.vs.services.extensionmanagement.server.l0.tests\ms.vs.services.extensionmanagement.server.l0.tests.dll" id="2f867cb0-2c28-855c-99fb-379df070e3b3">
      <Execution id="1777f1be-9d45-470a-8416-e472c9da4354" />
      <TestMethod codeBase="D:\v2.0\A1\_work\dbded102\bin\Release.AnyCPU\ExtensionManagement.Service\MS.VS.Services.ExtensionManagement.Server.L0.Tests\MS.VS.Services.ExtensionManagement.Server.L0.Tests.dll" adapterTypeName="Microsoft.VisualStudio.TestTools.TestTypes.Unit.UnitTestAdapter" className="MS.VS.Services.ExtensManagement.Server.L0.ExtensionData.ExtPublishedExtensionServiceTests" name="PublishedExtensionService_GetExtensionAsService_should_call_extension_loading_service" />
    </UnitTest>
    <UnitTest name="PublishedExtensionService_GetExtensionAsService_should_cache_so_that_extension_loading_service_is_not_called_twice" storage="d:\v2.0\a1\_work\dbded102\bin\release.anycpu\extensionmanagement.service\ms.vs.services.extensionmanagement.server.l0.tests\ms.vs.services.extensionmanagement.server.l0.tests.dll" id="d8f4201d-6ce3-42f4-6cf4-3db093f9e775">
      <Execution id="e896431b-55ca-4b20-9328-b4c97621ddba" />
      <TestMethod codeBase="D:\v2.0\A1\_work\dbded102\bin\Release.AnyCPU\ExtensionManagement.Service\MS.VS.Services.ExtensionManagement.Server.L0.Tests\MS.VS.Services.ExtensionManagement.Server.L0.Tests.dll" adapterTypeName="Microsoft.VisualStudio.TestTools.TestTypes.Unit.UnitTestAdapter" className="MS.VS.Services.ExtensManagement.Server.L0.ExtensionData.ExtPublishedExtensionServiceTests" name="PublishedExtensionService_GetExtensionAsService_should_cache_so_that_extension_loading_service_is_not_called_twice" />
    </UnitTest>
    <UnitTest name="ContributionManifestService_GetExtension_should_throw_if_null_version" storage="d:\v2.0\a1\_work\dbded102\bin\release.anycpu\extensionmanagement.service\ms.vs.services.extensionmanagement.server.l0.tests\ms.vs.services.extensionmanagement.server.l0.tests.dll" id="99ba1f7e-63fd-bb42-c43b-3980f3396186">
      <Execution id="51fa946a-c84e-4e9e-bb0a-dc72ffe589ed" />
      <TestMethod codeBase="D:\v2.0\A1\_work\dbded102\bin\Release.AnyCPU\ExtensionManagement.Service\MS.VS.Services.ExtensionManagement.Server.L0.Tests\MS.VS.Services.ExtensionManagement.Server.L0.Tests.dll" adapterTypeName="Microsoft.VisualStudio.TestTools.TestTypes.Unit.UnitTestAdapter" className="MS.VS.Services.ExtensManagement.Server.L0.ExtensionData.ContributionManifestServiceTests" name="ContributionManifestService_GetExtension_should_throw_if_null_version" />
    </UnitTest>
    <UnitTest name="ContributionManifestService_GetExtension_should_throw_if_empty_guid" storage="d:\v2.0\a1\_work\dbded102\bin\release.anycpu\extensionmanagement.service\ms.vs.services.extensionmanagement.server.l0.tests\ms.vs.services.extensionmanagement.server.l0.tests.dll" id="180c3dda-7e4c-bb9e-84cb-35e0480f68a4">
      <Execution id="9ef6a87c-d807-4e7e-adb3-709849ea6b7b" />
      <TestMethod codeBase="D:\v2.0\A1\_work\dbded102\bin\Release.AnyCPU\ExtensionManagement.Service\MS.VS.Services.ExtensionManagement.Server.L0.Tests\MS.VS.Services.ExtensionManagement.Server.L0.Tests.dll" adapterTypeName="Microsoft.VisualStudio.TestTools.TestTypes.Unit.UnitTestAdapter" className="MS.VS.Services.ExtensManagement.Server.L0.ExtensionData.ContributionManifestServiceTests" name="ContributionManifestService_GetExtension_should_throw_if_empty_guid" />
    </UnitTest>
    <UnitTest name="ContributionManifestService_GetExtension_should_return_extension_from_extension_loading_service" storage="d:\v2.0\a1\_work\dbded102\bin\release.anycpu\extensionmanagement.service\ms.vs.services.extensionmanagement.server.l0.tests\ms.vs.services.extensionmanagement.server.l0.tests.dll" id="0e0a1105-e6eb-c08d-5506-e7cd306f5a62">
      <Execution id="57041415-8cc8-48f7-9a9b-535949313587" />
      <TestMethod codeBase="D:\v2.0\A1\_work\dbded102\bin\Release.AnyCPU\ExtensionManagement.Service\MS.VS.Services.ExtensionManagement.Server.L0.Tests\MS.VS.Services.ExtensionManagement.Server.L0.Tests.dll" adapterTypeName="Microsoft.VisualStudio.TestTools.TestTypes.Unit.UnitTestAdapter" className="MS.VS.Services.ExtensManagement.Server.L0.ExtensionData.ContributionManifestServiceTests" name="ContributionManifestService_GetExtension_should_return_extension_from_extension_loading_service" />
    </UnitTest>
    <UnitTest name="ContributionManifestService_GetExtension_should_return_extension_from_cache_on_second_call" storage="d:\v2.0\a1\_work\dbded102\bin\release.anycpu\extensionmanagement.service\ms.vs.services.extensionmanagement.server.l0.tests\ms.vs.services.extensionmanagement.server.l0.tests.dll" id="9b1a8a72-485d-b07d-5950-521eb185f45b">
      <Execution id="56e97825-8d45-47c7-94b7-5a6fc0f0699b" />
      <TestMethod codeBase="D:\v2.0\A1\_work\dbded102\bin\Release.AnyCPU\ExtensionManagement.Service\MS.VS.Services.ExtensionManagement.Server.L0.Tests\MS.VS.Services.ExtensionManagement.Server.L0.Tests.dll" adapterTypeName="Microsoft.VisualStudio.TestTools.TestTypes.Unit.UnitTestAdapter" className="MS.VS.Services.ExtensManagement.Server.L0.ExtensionData.ContributionManifestServiceTests" name="ContributionManifestService_GetExtension_should_return_extension_from_cache_on_second_call" />
    </UnitTest>
    <UnitTest name="ContributionManifestService_TryGetExtension_should_return_extension_from_extension_loading_service" storage="d:\v2.0\a1\_work\dbded102\bin\release.anycpu\extensionmanagement.service\ms.vs.services.extensionmanagement.server.l0.tests\ms.vs.services.extensionmanagement.server.l0.tests.dll" id="b07de56d-9818-f7cc-1255-dbf2f9031ce4">
      <Execution id="57b6b0f8-3248-4666-b02e-91472e40cc10" />
      <TestMethod codeBase="D:\v2.0\A1\_work\dbded102\bin\Release.AnyCPU\ExtensionManagement.Service\MS.VS.Services.ExtensionManagement.Server.L0.Tests\MS.VS.Services.ExtensionManagement.Server.L0.Tests.dll" adapterTypeName="Microsoft.VisualStudio.TestTools.TestTypes.Unit.UnitTestAdapter" className="MS.VS.Services.ExtensManagement.Server.L0.ExtensionData.ContributionManifestServiceTests" name="ContributionManifestService_TryGetExtension_should_return_extension_from_extension_loading_service" />
    </UnitTest>
    <UnitTest name="ContributionManifestService_RegisterNotification_throws_if_not_deployment_context" storage="d:\v2.0\a1\_work\dbded102\bin\release.anycpu\extensionmanagement.service\ms.vs.services.extensionmanagement.server.l0.tests\ms.vs.services.extensionmanagement.server.l0.tests.dll" id="76bdfff3-b582-a500-7fbb-4c8ffd385e97">
      <Execution id="e89db2ea-a681-4d4f-9bd1-0db2f6771d28" />
      <TestMethod codeBase="D:\v2.0\A1\_work\dbded102\bin\Release.AnyCPU\ExtensionManagement.Service\MS.VS.Services.ExtensionManagement.Server.L0.Tests\MS.VS.Services.ExtensionManagement.Server.L0.Tests.dll" adapterTypeName="Microsoft.VisualStudio.TestTools.TestTypes.Unit.UnitTestAdapter" className="MS.VS.Services.ExtensManagement.Server.L0.ExtensionData.ContributionManifestServiceTests" name="ContributionManifestService_RegisterNotification_throws_if_not_deployment_context" />
    </UnitTest>
    <UnitTest name="ContributionManifestService_RegisterNotification_calls_register_notification_sql_notification_serivce" storage="d:\v2.0\a1\_work\dbded102\bin\release.anycpu\extensionmanagement.service\ms.vs.services.extensionmanagement.server.l0.tests\ms.vs.services.extensionmanagement.server.l0.tests.dll" id="bfcf2475-893f-6fc6-3ed1-d7916d3481a4">
      <Execution id="bda4a4be-a5f5-4847-9c19-acb93fd52909" />
      <TestMethod codeBase="D:\v2.0\A1\_work\dbded102\bin\Release.AnyCPU\ExtensionManagement.Service\MS.VS.Services.ExtensionManagement.Server.L0.Tests\MS.VS.Services.ExtensionManagement.Server.L0.Tests.dll" adapterTypeName="Microsoft.VisualStudio.TestTools.TestTypes.Unit.UnitTestAdapter" className="MS.VS.Services.ExtensManagement.Server.L0.ExtensionData.ContributionManifestServiceTests" name="ContributionManifestService_RegisterNotification_calls_register_notification_sql_notification_serivce" />
    </UnitTest>
    <UnitTest name="ExtensionContributionService_GetContributions_should_return_no_contributions_when_no_installed_extensions" storage="d:\v2.0\a1\_work\dbded102\bin\release.anycpu\extensionmanagement.service\ms.vs.services.extensionmanagement.server.l0.tests\ms.vs.services.extensionmanagement.server.l0.tests.dll" id="bf49d670-43f8-3ef5-ccce-97193fe8a0dd">
      <Execution id="c74a3ed3-4379-4ebb-b9f0-72a544a62221" />
      <TestMethod codeBase="D:\v2.0\A1\_work\dbded102\bin\Release.AnyCPU\ExtensionManagement.Service\MS.VS.Services.ExtensionManagement.Server.L0.Tests\MS.VS.Services.ExtensionManagement.Server.L0.Tests.dll" adapterTypeName="Microsoft.VisualStudio.TestTools.TestTypes.Unit.UnitTestAdapter" className="MS.VS.Services.ExtensManagement.Server.L0.ExtensionData.ExtensionContributionServiceTests" name="ExtensionContributionService_GetContributions_should_return_no_contributions_when_no_installed_extensions" />
    </UnitTest>
    <UnitTest name="ExtensionContributionService_GetContributions_should_return_single_contribution_when_one_returned_with_installed_extension" storage="d:\v2.0\a1\_work\dbded102\bin\release.anycpu\extensionmanagement.service\ms.vs.services.extensionmanagement.server.l0.tests\ms.vs.services.extensionmanagement.server.l0.tests.dll" id="1423d530-5da2-bda7-4a50-eff7ce474938">
      <Execution id="f855b3a2-fdfa-41df-b4b4-d4be6d34b5b0" />
      <TestMethod codeBase="D:\v2.0\A1\_work\dbded102\bin\Release.AnyCPU\ExtensionManagement.Service\MS.VS.Services.ExtensionManagement.Server.L0.Tests\MS.VS.Services.ExtensionManagement.Server.L0.Tests.dll" adapterTypeName="Microsoft.VisualStudio.TestTools.TestTypes.Unit.UnitTestAdapter" className="MS.VS.Services.ExtensManagement.Server.L0.ExtensionData.ExtensionContributionServiceTests" name="ExtensionContributionService_GetContributions_should_return_single_contribution_when_one_returned_with_installed_extension" />
    </UnitTest>
    <UnitTest name="ExtensionContributionService_GetContributions_should_return_multiple_contributions_when_one_returned_with_each_installed_extension" storage="d:\v2.0\a1\_work\dbded102\bin\release.anycpu\extensionmanagement.service\ms.vs.services.extensionmanagement.server.l0.tests\ms.vs.services.extensionmanagement.server.l0.tests.dll" id="358be276-174e-ceaf-878d-9e8a820326ab">
      <Execution id="abb01910-08cf-4ec7-a99b-7c3eaae2ef26" />
      <TestMethod codeBase="D:\v2.0\A1\_work\dbded102\bin\Release.AnyCPU\ExtensionManagement.Service\MS.VS.Services.ExtensionManagement.Server.L0.Tests\MS.VS.Services.ExtensionManagement.Server.L0.Tests.dll" adapterTypeName="Microsoft.VisualStudio.TestTools.TestTypes.Unit.UnitTestAdapter" className="MS.VS.Services.ExtensManagement.Server.L0.ExtensionData.ExtensionContributionServiceTests" name="ExtensionContributionService_GetContributions_should_return_multiple_contributions_when_one_returned_with_each_installed_extension" />
    </UnitTest>
    <UnitTest name="ExtensionDataService_GetDocumentsInCollection_should_throw_argument_exception_for_empty_collection_name" storage="d:\v2.0\a1\_work\dbded102\bin\release.anycpu\extensionmanagement.service\ms.vs.services.extensionmanagement.server.l0.tests\ms.vs.services.extensionmanagement.server.l0.tests.dll" id="97e8cbf0-503e-d70f-919c-7a1ecf56647b">
      <Execution id="7646dc05-3548-48a0-91f5-9564cfdd2a53" />
      <TestMethod codeBase="D:\v2.0\A1\_work\dbded102\bin\Release.AnyCPU\ExtensionManagement.Service\MS.VS.Services.ExtensionManagement.Server.L0.Tests\MS.VS.Services.ExtensionManagement.Server.L0.Tests.dll" adapterTypeName="Microsoft.VisualStudio.TestTools.TestTypes.Unit.UnitTestAdapter" className="MS.VS.Services.ExtensManagement.Server.L0.ExtensionData.ExtensionDataServiceTests" name="ExtensionDataService_GetDocumentsInCollection_should_throw_argument_exception_for_empty_collection_name" />
    </UnitTest>
    <UnitTest name="ExtensionDataService_GetDocumentsInCollection_should_throw_argument_exception_for_empty_scope_type" storage="d:\v2.0\a1\_work\dbded102\bin\release.anycpu\extensionmanagement.service\ms.vs.services.extensionmanagement.server.l0.tests\ms.vs.services.extensionmanagement.server.l0.tests.dll" id="2fa10899-c557-318a-d8b4-11f220011e2f">
      <Execution id="97f6d7e4-e95e-4848-9307-0d5097fed703" />
      <TestMethod codeBase="D:\v2.0\A1\_work\dbded102\bin\Release.AnyCPU\ExtensionManagement.Service\MS.VS.Services.ExtensionManagement.Server.L0.Tests\MS.VS.Services.ExtensionManagement.Server.L0.Tests.dll" adapterTypeName="Microsoft.VisualStudio.TestTools.TestTypes.Unit.UnitTestAdapter" className="MS.VS.Services.ExtensManagement.Server.L0.ExtensionData.ExtensionDataServiceTests" name="ExtensionDataService_GetDocumentsInCollection_should_throw_argument_exception_for_empty_scope_type" />
    </UnitTest>
    <UnitTest name="ExtensionDataService_GetDocumentsInCollection_should_return_results" storage="d:\v2.0\a1\_work\dbded102\bin\release.anycpu\extensionmanagement.service\ms.vs.services.extensionmanagement.server.l0.tests\ms.vs.services.extensionmanagement.server.l0.tests.dll" id="3b8d9e29-a6e0-6185-ebe1-67a9c5a69c70">
      <Execution id="be999618-e3b7-466b-abf0-43671203f442" />
      <TestMethod codeBase="D:\v2.0\A1\_work\dbded102\bin\Release.AnyCPU\ExtensionManagement.Service\MS.VS.Services.ExtensionManagement.Server.L0.Tests\MS.VS.Services.ExtensionManagement.Server.L0.Tests.dll" adapterTypeName="Microsoft.VisualStudio.TestTools.TestTypes.Unit.UnitTestAdapter" className="MS.VS.Services.ExtensManagement.Server.L0.ExtensionData.ExtensionDataServiceTests" name="ExtensionDataService_GetDocumentsInCollection_should_return_results" />
    </UnitTest>
    <UnitTest name="ExtensionDataService_GetDocument_should_throw_argument_exception_for_empty_collection_name" storage="d:\v2.0\a1\_work\dbded102\bin\release.anycpu\extensionmanagement.service\ms.vs.services.extensionmanagement.server.l0.tests\ms.vs.services.extensionmanagement.server.l0.tests.dll" id="68a7b7a9-ac54-493a-5352-a04c8441e3a5">
      <Execution id="b151266c-637f-42f4-9680-d01728a919af" />
      <TestMethod codeBase="D:\v2.0\A1\_work\dbded102\bin\Release.AnyCPU\ExtensionManagement.Service\MS.VS.Services.ExtensionManagement.Server.L0.Tests\MS.VS.Services.ExtensionManagement.Server.L0.Tests.dll" adapterTypeName="Microsoft.VisualStudio.TestTools.TestTypes.Unit.UnitTestAdapter" className="MS.VS.Services.ExtensManagement.Server.L0.ExtensionData.ExtensionDataServiceTests" name="ExtensionDataService_GetDocument_should_throw_argument_exception_for_empty_collection_name" />
    </UnitTest>
    <UnitTest name="ExtensionDataService_GetDocument_should_throw_argument_exception_for_empty_scope_type" storage="d:\v2.0\a1\_work\dbded102\bin\release.anycpu\extensionmanagement.service\ms.vs.services.extensionmanagement.server.l0.tests\ms.vs.services.extensionmanagement.server.l0.tests.dll" id="c1be9e8a-eb79-9963-81c4-93182581bfbe">
      <Execution id="54b954b2-8be4-4bc9-983f-6bfe90e4a090" />
      <TestMethod codeBase="D:\v2.0\A1\_work\dbded102\bin\Release.AnyCPU\ExtensionManagement.Service\MS.VS.Services.ExtensionManagement.Server.L0.Tests\MS.VS.Services.ExtensionManagement.Server.L0.Tests.dll" adapterTypeName="Microsoft.VisualStudio.TestTools.TestTypes.Unit.UnitTestAdapter" className="MS.VS.Services.ExtensManagement.Server.L0.ExtensionData.ExtensionDataServiceTests" name="ExtensionDataService_GetDocument_should_throw_argument_exception_for_empty_scope_type" />
    </UnitTest>
    <UnitTest name="ExtensionDataService_GetDocument_should_throw_argument_exception_for_empty_document_id" storage="d:\v2.0\a1\_work\dbded102\bin\release.anycpu\extensionmanagement.service\ms.vs.services.extensionmanagement.server.l0.tests\ms.vs.services.extensionmanagement.server.l0.tests.dll" id="165517a9-6288-4b13-9e8f-1f575d8b5add">
      <Execution id="b7d73e16-a8af-42f8-9d0d-1e1a9105675f" />
      <TestMethod codeBase="D:\v2.0\A1\_work\dbded102\bin\Release.AnyCPU\ExtensionManagement.Service\MS.VS.Services.ExtensionManagement.Server.L0.Tests\MS.VS.Services.ExtensionManagement.Server.L0.Tests.dll" adapterTypeName="Microsoft.VisualStudio.TestTools.TestTypes.Unit.UnitTestAdapter" className="MS.VS.Services.ExtensManagement.Server.L0.ExtensionData.ExtensionDataServiceTests" name="ExtensionDataService_GetDocument_should_throw_argument_exception_for_empty_document_id" />
    </UnitTest>
    <UnitTest name="ExtensionDataService_GetDocument_should_return_results" storage="d:\v2.0\a1\_work\dbded102\bin\release.anycpu\extensionmanagement.service\ms.vs.services.extensionmanagement.server.l0.tests\ms.vs.services.extensionmanagement.server.l0.tests.dll" id="cef3b611-a3c8-cac8-1e16-bd88118338c1">
      <Execution id="dbc0488b-1a04-46aa-a812-7e2d6cfa9726" />
      <TestMethod codeBase="D:\v2.0\A1\_work\dbded102\bin\Release.AnyCPU\ExtensionManagement.Service\MS.VS.Services.ExtensionManagement.Server.L0.Tests\MS.VS.Services.ExtensionManagement.Server.L0.Tests.dll" adapterTypeName="Microsoft.VisualStudio.TestTools.TestTypes.Unit.UnitTestAdapter" className="MS.VS.Services.ExtensManagement.Server.L0.ExtensionData.ExtensionDataServiceTests" name="ExtensionDataService_GetDocument_should_return_results" />
    </UnitTest>
    <UnitTest name="ExtensionDataService_SetDocument_should_throw_argument_exception_for_empty_collection_name" storage="d:\v2.0\a1\_work\dbded102\bin\release.anycpu\extensionmanagement.service\ms.vs.services.extensionmanagement.server.l0.tests\ms.vs.services.extensionmanagement.server.l0.tests.dll" id="4336fc29-f006-ebeb-9105-5c9d72147510">
      <Execution id="276cc5f0-cdb9-41fb-a734-d5b69a114b2a" />
      <TestMethod codeBase="D:\v2.0\A1\_work\dbded102\bin\Release.AnyCPU\ExtensionManagement.Service\MS.VS.Services.ExtensionManagement.Server.L0.Tests\MS.VS.Services.ExtensionManagement.Server.L0.Tests.dll" adapterTypeName="Microsoft.VisualStudio.TestTools.TestTypes.Unit.UnitTestAdapter" className="MS.VS.Services.ExtensManagement.Server.L0.ExtensionData.ExtensionDataServiceTests" name="ExtensionDataService_SetDocument_should_throw_argument_exception_for_empty_collection_name" />
    </UnitTest>
    <UnitTest name="ExtensionDataService_SetDocument_should_throw_argument_exception_for_collection_name_too_long" storage="d:\v2.0\a1\_work\dbded102\bin\release.anycpu\extensionmanagement.service\ms.vs.services.extensionmanagement.server.l0.tests\ms.vs.services.extensionmanagement.server.l0.tests.dll" id="8c3d1707-8c8a-01d2-d4ba-14cefd1ca758">
      <Execution id="6d3a5c4d-c4bc-4057-acfc-16acc47661a8" />
      <TestMethod codeBase="D:\v2.0\A1\_work\dbded102\bin\Release.AnyCPU\ExtensionManagement.Service\MS.VS.Services.ExtensionManagement.Server.L0.Tests\MS.VS.Services.ExtensionManagement.Server.L0.Tests.dll" adapterTypeName="Microsoft.VisualStudio.TestTools.TestTypes.Unit.UnitTestAdapter" className="MS.VS.Services.ExtensManagement.Server.L0.ExtensionData.ExtensionDataServiceTests" name="ExtensionDataService_SetDocument_should_throw_argument_exception_for_collection_name_too_long" />
    </UnitTest>
    <UnitTest name="ExtensionDataService_SetDocument_should_throw_argument_exception_for_empty_scope_type" storage="d:\v2.0\a1\_work\dbded102\bin\release.anycpu\extensionmanagement.service\ms.vs.services.extensionmanagement.server.l0.tests\ms.vs.services.extensionmanagement.server.l0.tests.dll" id="6781c797-903d-9689-c869-511147a0d64c">
      <Execution id="09af4aed-6c90-4bae-b411-d980fe35af33" />
      <TestMethod codeBase="D:\v2.0\A1\_work\dbded102\bin\Release.AnyCPU\ExtensionManagement.Service\MS.VS.Services.ExtensionManagement.Server.L0.Tests\MS.VS.Services.ExtensionManagement.Server.L0.Tests.dll" adapterTypeName="Microsoft.VisualStudio.TestTools.TestTypes.Unit.UnitTestAdapter" className="MS.VS.Services.ExtensManagement.Server.L0.ExtensionData.ExtensionDataServiceTests" name="ExtensionDataService_SetDocument_should_throw_argument_exception_for_empty_scope_type" />
    </UnitTest>
    <UnitTest name="ExtensionDataService_SetDocument_should_throw_argument_null_exception_for_null_document" storage="d:\v2.0\a1\_work\dbded102\bin\release.anycpu\extensionmanagement.service\ms.vs.services.extensionmanagement.server.l0.tests\ms.vs.services.extensionmanagement.server.l0.tests.dll" id="4fde62c1-698b-017e-3021-2897e336c7a5">
      <Execution id="9bf191f3-e53c-40bf-943f-440c0c6b06f2" />
      <TestMethod codeBase="D:\v2.0\A1\_work\dbded102\bin\Release.AnyCPU\ExtensionManagement.Service\MS.VS.Services.ExtensionManagement.Server.L0.Tests\MS.VS.Services.ExtensionManagement.Server.L0.Tests.dll" adapterTypeName="Microsoft.VisualStudio.TestTools.TestTypes.Unit.UnitTestAdapter" className="MS.VS.Services.ExtensManagement.Server.L0.ExtensionData.ExtensionDataServiceTests" name="ExtensionDataService_SetDocument_should_throw_argument_null_exception_for_null_document" />
    </UnitTest>
    <UnitTest name="ExtensionDataService_SetDocument_should_not_throw_argument_exception_for_null_document_value" storage="d:\v2.0\a1\_work\dbded102\bin\release.anycpu\extensionmanagement.service\ms.vs.services.extensionmanagement.server.l0.tests\ms.vs.services.extensionmanagement.server.l0.tests.dll" id="fff610bd-6642-be67-0113-29029fb1d415">
      <Execution id="5aee25eb-fba0-4567-938e-da3f08b97e45" />
      <TestMethod codeBase="D:\v2.0\A1\_work\dbded102\bin\Release.AnyCPU\ExtensionManagement.Service\MS.VS.Services.ExtensionManagement.Server.L0.Tests\MS.VS.Services.ExtensionManagement.Server.L0.Tests.dll" adapterTypeName="Microsoft.VisualStudio.TestTools.TestTypes.Unit.UnitTestAdapter" className="MS.VS.Services.ExtensManagement.Server.L0.ExtensionData.ExtensionDataServiceTests" name="ExtensionDataService_SetDocument_should_not_throw_argument_exception_for_null_document_value" />
    </UnitTest>
    <UnitTest name="ExtensionDataService_SetDocument_should_set_revision_to_one_when_none_is_passed_in" storage="d:\v2.0\a1\_work\dbded102\bin\release.anycpu\extensionmanagement.service\ms.vs.services.extensionmanagement.server.l0.tests\ms.vs.services.extensionmanagement.server.l0.tests.dll" id="c795eaa1-c13c-e7a1-9711-5eb3ac1ea43c">
      <Execution id="87fdcb36-928b-4aeb-a4f1-c92c9d1fc655" />
      <TestMethod codeBase="D:\v2.0\A1\_work\dbded102\bin\Release.AnyCPU\ExtensionManagement.Service\MS.VS.Services.ExtensionManagement.Server.L0.Tests\MS.VS.Services.ExtensionManagement.Server.L0.Tests.dll" adapterTypeName="Microsoft.VisualStudio.TestTools.TestTypes.Unit.UnitTestAdapter" className="MS.VS.Services.ExtensManagement.Server.L0.ExtensionData.ExtensionDataServiceTests" name="ExtensionDataService_SetDocument_should_set_revision_to_one_when_none_is_passed_in" />
    </UnitTest>
    <UnitTest name="ExtensionDataService_SetDocument_should_return_results" storage="d:\v2.0\a1\_work\dbded102\bin\release.anycpu\extensionmanagement.service\ms.vs.services.extensionmanagement.server.l0.tests\ms.vs.services.extensionmanagement.server.l0.tests.dll" id="ab54ecc4-3aa2-98c2-31f1-efb813f1c013">
      <Execution id="e274168a-7140-42ff-b097-d8c2165339ae" />
      <TestMethod codeBase="D:\v2.0\A1\_work\dbded102\bin\Release.AnyCPU\ExtensionManagement.Service\MS.VS.Services.ExtensionManagement.Server.L0.Tests\MS.VS.Services.ExtensionManagement.Server.L0.Tests.dll" adapterTypeName="Microsoft.VisualStudio.TestTools.TestTypes.Unit.UnitTestAdapter" className="MS.VS.Services.ExtensManagement.Server.L0.ExtensionData.ExtensionDataServiceTests" name="ExtensionDataService_SetDocument_should_return_results" />
    </UnitTest>
    <UnitTest name="ExtensionDataService_SetDocument_should_strip_properties_starting_with_double_underscore" storage="d:\v2.0\a1\_work\dbded102\bin\release.anycpu\extensionmanagement.service\ms.vs.services.extensionmanagement.server.l0.tests\ms.vs.services.extensionmanagement.server.l0.tests.dll" id="24cf57cc-8464-b194-8632-305aa7fc449f">
      <Execution id="2017c51d-b0d0-47a7-b1bb-7100ba5f4e5e" />
      <TestMethod codeBase="D:\v2.0\A1\_work\dbded102\bin\Release.AnyCPU\ExtensionManagement.Service\MS.VS.Services.ExtensionManagement.Server.L0.Tests\MS.VS.Services.ExtensionManagement.Server.L0.Tests.dll" adapterTypeName="Microsoft.VisualStudio.TestTools.TestTypes.Unit.UnitTestAdapter" className="MS.VS.Services.ExtensManagement.Server.L0.ExtensionData.ExtensionDataServiceTests" name="ExtensionDataService_SetDocument_should_strip_properties_starting_with_double_underscore" />
    </UnitTest>
    <UnitTest name="ExtensionDataService_SetDocument_should_not_increment_version_negative_one" storage="d:\v2.0\a1\_work\dbded102\bin\release.anycpu\extensionmanagement.service\ms.vs.services.extensionmanagement.server.l0.tests\ms.vs.services.extensionmanagement.server.l0.tests.dll" id="d3b2cf7e-b478-b12b-3bb4-5720c0af7e57">
      <Execution id="f0477d20-4c96-4de8-9050-c7bd6645cb55" />
      <TestMethod codeBase="D:\v2.0\A1\_work\dbded102\bin\Release.AnyCPU\ExtensionManagement.Service\MS.VS.Services.ExtensionManagement.Server.L0.Tests\MS.VS.Services.ExtensionManagement.Server.L0.Tests.dll" adapterTypeName="Microsoft.VisualStudio.TestTools.TestTypes.Unit.UnitTestAdapter" className="MS.VS.Services.ExtensManagement.Server.L0.ExtensionData.ExtensionDataServiceTests" name="ExtensionDataService_SetDocument_should_not_increment_version_negative_one" />
    </UnitTest>
    <UnitTest name="ExtensionDataService_SetDocument_should_generate_id_if_none_provided_in_document" storage="d:\v2.0\a1\_work\dbded102\bin\release.anycpu\extensionmanagement.service\ms.vs.services.extensionmanagement.server.l0.tests\ms.vs.services.extensionmanagement.server.l0.tests.dll" id="ed733178-69f5-8ac3-e70e-308fec11cccf">
      <Execution id="50003fa0-b9c8-470e-971e-e850c4f5756b" />
      <TestMethod codeBase="D:\v2.0\A1\_work\dbded102\bin\Release.AnyCPU\ExtensionManagement.Service\MS.VS.Services.ExtensionManagement.Server.L0.Tests\MS.VS.Services.ExtensionManagement.Server.L0.Tests.dll" adapterTypeName="Microsoft.VisualStudio.TestTools.TestTypes.Unit.UnitTestAdapter" className="MS.VS.Services.ExtensManagement.Server.L0.ExtensionData.ExtensionDataServiceTests" name="ExtensionDataService_SetDocument_should_generate_id_if_none_provided_in_document" />
    </UnitTest>
    <UnitTest name="ExtensionDataService_CreateDocument_should_throw_argument_exception_for_empty_collection_name" storage="d:\v2.0\a1\_work\dbded102\bin\release.anycpu\extensionmanagement.service\ms.vs.services.extensionmanagement.server.l0.tests\ms.vs.services.extensionmanagement.server.l0.tests.dll" id="19e2efc1-c185-b753-c844-d859abca4fdc">
      <Execution id="bca83ee0-f918-4276-adce-89c5329159cf" />
      <TestMethod codeBase="D:\v2.0\A1\_work\dbded102\bin\Release.AnyCPU\ExtensionManagement.Service\MS.VS.Services.ExtensionManagement.Server.L0.Tests\MS.VS.Services.ExtensionManagement.Server.L0.Tests.dll" adapterTypeName="Microsoft.VisualStudio.TestTools.TestTypes.Unit.UnitTestAdapter" className="MS.VS.Services.ExtensManagement.Server.L0.ExtensionData.ExtensionDataServiceTests" name="ExtensionDataService_CreateDocument_should_throw_argument_exception_for_empty_collection_name" />
    </UnitTest>
    <UnitTest name="ExtensionDataService_CreateDocument_should_throw_argument_exception_for_collection_name_too_long" storage="d:\v2.0\a1\_work\dbded102\bin\release.anycpu\extensionmanagement.service\ms.vs.services.extensionmanagement.server.l0.tests\ms.vs.services.extensionmanagement.server.l0.tests.dll" id="d822330d-5efc-04ce-ef75-c72d46ca7e03">
      <Execution id="4bc18b74-38b3-4535-a110-b0620768df01" />
      <TestMethod codeBase="D:\v2.0\A1\_work\dbded102\bin\Release.AnyCPU\ExtensionManagement.Service\MS.VS.Services.ExtensionManagement.Server.L0.Tests\MS.VS.Services.ExtensionManagement.Server.L0.Tests.dll" adapterTypeName="Microsoft.VisualStudio.TestTools.TestTypes.Unit.UnitTestAdapter" className="MS.VS.Services.ExtensManagement.Server.L0.ExtensionData.ExtensionDataServiceTests" name="ExtensionDataService_CreateDocument_should_throw_argument_exception_for_collection_name_too_long" />
    </UnitTest>
    <UnitTest name="ExtensionDataService_CreateDocument_should_throw_argument_exception_for_empty_scope_type" storage="d:\v2.0\a1\_work\dbded102\bin\release.anycpu\extensionmanagement.service\ms.vs.services.extensionmanagement.server.l0.tests\ms.vs.services.extensionmanagement.server.l0.tests.dll" id="f0e53186-b2e0-81b6-3bfe-3e691bb604bf">
      <Execution id="6f3e5a44-6a42-4c44-b2ae-e2676b6c5252" />
      <TestMethod codeBase="D:\v2.0\A1\_work\dbded102\bin\Release.AnyCPU\ExtensionManagement.Service\MS.VS.Services.ExtensionManagement.Server.L0.Tests\MS.VS.Services.ExtensionManagement.Server.L0.Tests.dll" adapterTypeName="Microsoft.VisualStudio.TestTools.TestTypes.Unit.UnitTestAdapter" className="MS.VS.Services.ExtensManagement.Server.L0.ExtensionData.ExtensionDataServiceTests" name="ExtensionDataService_CreateDocument_should_throw_argument_exception_for_empty_scope_type" />
    </UnitTest>
    <UnitTest name="ExtensionDataService_CreateDocument_should_throw_argument_null_exception_for_null_document" storage="d:\v2.0\a1\_work\dbded102\bin\release.anycpu\extensionmanagement.service\ms.vs.services.extensionmanagement.server.l0.tests\ms.vs.services.extensionmanagement.server.l0.tests.dll" id="d0b8d2ce-5f27-5194-2e02-4988664323c3">
      <Execution id="191d2fee-eeda-4a45-af98-7336a53285bc" />
      <TestMethod codeBase="D:\v2.0\A1\_work\dbded102\bin\Release.AnyCPU\ExtensionManagement.Service\MS.VS.Services.ExtensionManagement.Server.L0.Tests\MS.VS.Services.ExtensionManagement.Server.L0.Tests.dll" adapterTypeName="Microsoft.VisualStudio.TestTools.TestTypes.Unit.UnitTestAdapter" className="MS.VS.Services.ExtensManagement.Server.L0.ExtensionData.ExtensionDataServiceTests" name="ExtensionDataService_CreateDocument_should_throw_argument_null_exception_for_null_document" />
    </UnitTest>
    <UnitTest name="ExtensionDataService_CreateDocument_should_not_throw_argument_exception_for_null_document_value" storage="d:\v2.0\a1\_work\dbded102\bin\release.anycpu\extensionmanagement.service\ms.vs.services.extensionmanagement.server.l0.tests\ms.vs.services.extensionmanagement.server.l0.tests.dll" id="3df62be0-6e9d-b00e-d41d-49b55c78771e">
      <Execution id="d67b576f-7005-4cd5-b720-3133fd454c6a" />
      <TestMethod codeBase="D:\v2.0\A1\_work\dbded102\bin\Release.AnyCPU\ExtensionManagement.Service\MS.VS.Services.ExtensionManagement.Server.L0.Tests\MS.VS.Services.ExtensionManagement.Server.L0.Tests.dll" adapterTypeName="Microsoft.VisualStudio.TestTools.TestTypes.Unit.UnitTestAdapter" className="MS.VS.Services.ExtensManagement.Server.L0.ExtensionData.ExtensionDataServiceTests" name="ExtensionDataService_CreateDocument_should_not_throw_argument_exception_for_null_document_value" />
    </UnitTest>
    <UnitTest name="ExtensionDataService_CreateDocument_should_return_results" storage="d:\v2.0\a1\_work\dbded102\bin\release.anycpu\extensionmanagement.service\ms.vs.services.extensionmanagement.server.l0.tests\ms.vs.services.extensionmanagement.server.l0.tests.dll" id="f444a754-bd43-8e82-3279-6f04cd78af13">
      <Execution id="4c26a6c9-4ca9-4a1e-8648-d12545ba6186" />
      <TestMethod codeBase="D:\v2.0\A1\_work\dbded102\bin\Release.AnyCPU\ExtensionManagement.Service\MS.VS.Services.ExtensionManagement.Server.L0.Tests\MS.VS.Services.ExtensionManagement.Server.L0.Tests.dll" adapterTypeName="Microsoft.VisualStudio.TestTools.TestTypes.Unit.UnitTestAdapter" className="MS.VS.Services.ExtensManagement.Server.L0.ExtensionData.ExtensionDataServiceTests" name="ExtensionDataService_CreateDocument_should_return_results" />
    </UnitTest>
    <UnitTest name="ExtensionDataService_CreateDocument_should_strip_properties_starting_with_double_underscore" storage="d:\v2.0\a1\_work\dbded102\bin\release.anycpu\extensionmanagement.service\ms.vs.services.extensionmanagement.server.l0.tests\ms.vs.services.extensionmanagement.server.l0.tests.dll" id="554b21af-efec-e6d8-68ff-b98444a73d18">
      <Execution id="90027232-ea4b-4a95-a59d-7a413100d6a1" />
      <TestMethod codeBase="D:\v2.0\A1\_work\dbded102\bin\Release.AnyCPU\ExtensionManagement.Service\MS.VS.Services.ExtensionManagement.Server.L0.Tests\MS.VS.Services.ExtensionManagement.Server.L0.Tests.dll" adapterTypeName="Microsoft.VisualStudio.TestTools.TestTypes.Unit.UnitTestAdapter" className="MS.VS.Services.ExtensManagement.Server.L0.ExtensionData.ExtensionDataServiceTests" name="ExtensionDataService_CreateDocument_should_strip_properties_starting_with_double_underscore" />
    </UnitTest>
    <UnitTest name="ExtensionDataService_CreateDocument_should_generate_id_if_none_provided_in_document" storage="d:\v2.0\a1\_work\dbded102\bin\release.anycpu\extensionmanagement.service\ms.vs.services.extensionmanagement.server.l0.tests\ms.vs.services.extensionmanagement.server.l0.tests.dll" id="265b1b02-18e8-8539-f000-155f584efea2">
      <Execution id="7acb32c7-8b54-4b11-a9d4-510108b4548b" />
      <TestMethod codeBase="D:\v2.0\A1\_work\dbded102\bin\Release.AnyCPU\ExtensionManagement.Service\MS.VS.Services.ExtensionManagement.Server.L0.Tests\MS.VS.Services.ExtensionManagement.Server.L0.Tests.dll" adapterTypeName="Microsoft.VisualStudio.TestTools.TestTypes.Unit.UnitTestAdapter" className="MS.VS.Services.ExtensManagement.Server.L0.ExtensionData.ExtensionDataServiceTests" name="ExtensionDataService_CreateDocument_should_generate_id_if_none_provided_in_document" />
    </UnitTest>
    <UnitTest name="ExtensionDataService_UpdateDocument_should_throw_argument_exception_for_empty_collection_name" storage="d:\v2.0\a1\_work\dbded102\bin\release.anycpu\extensionmanagement.service\ms.vs.services.extensionmanagement.server.l0.tests\ms.vs.services.extensionmanagement.server.l0.tests.dll" id="b35e0404-daac-9a18-48a3-ce082e4aa7ef">
      <Execution id="b1f11bee-27f4-4171-a817-99f16032e260" />
      <TestMethod codeBase="D:\v2.0\A1\_work\dbded102\bin\Release.AnyCPU\ExtensionManagement.Service\MS.VS.Services.ExtensionManagement.Server.L0.Tests\MS.VS.Services.ExtensionManagement.Server.L0.Tests.dll" adapterTypeName="Microsoft.VisualStudio.TestTools.TestTypes.Unit.UnitTestAdapter" className="MS.VS.Services.ExtensManagement.Server.L0.ExtensionData.ExtensionDataServiceTests" name="ExtensionDataService_UpdateDocument_should_throw_argument_exception_for_empty_collection_name" />
    </UnitTest>
    <UnitTest name="ExtensionDataService_UpdateDocument_should_throw_argument_exception_for_collection_name_too_long" storage="d:\v2.0\a1\_work\dbded102\bin\release.anycpu\extensionmanagement.service\ms.vs.services.extensionmanagement.server.l0.tests\ms.vs.services.extensionmanagement.server.l0.tests.dll" id="5deea73c-5355-9526-609e-9c6356e72f43">
      <Execution id="ac20d914-9e05-4537-8bb8-76472fdb0504" />
      <TestMethod codeBase="D:\v2.0\A1\_work\dbded102\bin\Release.AnyCPU\ExtensionManagement.Service\MS.VS.Services.ExtensionManagement.Server.L0.Tests\MS.VS.Services.ExtensionManagement.Server.L0.Tests.dll" adapterTypeName="Microsoft.VisualStudio.TestTools.TestTypes.Unit.UnitTestAdapter" className="MS.VS.Services.ExtensManagement.Server.L0.ExtensionData.ExtensionDataServiceTests" name="ExtensionDataService_UpdateDocument_should_throw_argument_exception_for_collection_name_too_long" />
    </UnitTest>
    <UnitTest name="ExtensionDataService_UpdateDocument_should_throw_argument_exception_for_empty_scope_type" storage="d:\v2.0\a1\_work\dbded102\bin\release.anycpu\extensionmanagement.service\ms.vs.services.extensionmanagement.server.l0.tests\ms.vs.services.extensionmanagement.server.l0.tests.dll" id="f84c2025-8cc6-ac07-4938-ba09e8d45cce">
      <Execution id="e57320fa-8d48-4563-85be-4ef850a59811" />
      <TestMethod codeBase="D:\v2.0\A1\_work\dbded102\bin\Release.AnyCPU\ExtensionManagement.Service\MS.VS.Services.ExtensionManagement.Server.L0.Tests\MS.VS.Services.ExtensionManagement.Server.L0.Tests.dll" adapterTypeName="Microsoft.VisualStudio.TestTools.TestTypes.Unit.UnitTestAdapter" className="MS.VS.Services.ExtensManagement.Server.L0.ExtensionData.ExtensionDataServiceTests" name="ExtensionDataService_UpdateDocument_should_throw_argument_exception_for_empty_scope_type" />
    </UnitTest>
    <UnitTest name="ExtensionDataService_UpdateDocument_should_throw_argument_null_exception_for_null_document" storage="d:\v2.0\a1\_work\dbded102\bin\release.anycpu\extensionmanagement.service\ms.vs.services.extensionmanagement.server.l0.tests\ms.vs.services.extensionmanagement.server.l0.tests.dll" id="ebce1ed5-e51d-305e-16b0-1abf63ede87c">
      <Execution id="26ef1e85-e130-466c-beda-d4de208b14e0" />
      <TestMethod codeBase="D:\v2.0\A1\_work\dbded102\bin\Release.AnyCPU\ExtensionManagement.Service\MS.VS.Services.ExtensionManagement.Server.L0.Tests\MS.VS.Services.ExtensionManagement.Server.L0.Tests.dll" adapterTypeName="Microsoft.VisualStudio.TestTools.TestTypes.Unit.UnitTestAdapter" className="MS.VS.Services.ExtensManagement.Server.L0.ExtensionData.ExtensionDataServiceTests" name="ExtensionDataService_UpdateDocument_should_throw_argument_null_exception_for_null_document" />
    </UnitTest>
    <UnitTest name="ExtensionDataService_UpdateDocument_should_not_throw_argument_exception_for_null_document_value" storage="d:\v2.0\a1\_work\dbded102\bin\release.anycpu\extensionmanagement.service\ms.vs.services.extensionmanagement.server.l0.tests\ms.vs.services.extensionmanagement.server.l0.tests.dll" id="17cabc99-f290-8e6b-1eab-563e393810e4">
      <Execution id="335f4430-5308-470c-94dd-1826a24751a9" />
      <TestMethod codeBase="D:\v2.0\A1\_work\dbded102\bin\Release.AnyCPU\ExtensionManagement.Service\MS.VS.Services.ExtensionManagement.Server.L0.Tests\MS.VS.Services.ExtensionManagement.Server.L0.Tests.dll" adapterTypeName="Microsoft.VisualStudio.TestTools.TestTypes.Unit.UnitTestAdapter" className="MS.VS.Services.ExtensManagement.Server.L0.ExtensionData.ExtensionDataServiceTests" name="ExtensionDataService_UpdateDocument_should_not_throw_argument_exception_for_null_document_value" />
    </UnitTest>
    <UnitTest name="ExtensionDataService_UpdateDocument_should_throw_argument_null_exception_for_null_document_revision" storage="d:\v2.0\a1\_work\dbded102\bin\release.anycpu\extensionmanagement.service\ms.vs.services.extensionmanagement.server.l0.tests\ms.vs.services.extensionmanagement.server.l0.tests.dll" id="6f8a55ad-42ef-0466-3717-f11fef0d9afd">
      <Execution id="2856d2fa-8c79-4974-88ea-54599e30313f" />
      <TestMethod codeBase="D:\v2.0\A1\_work\dbded102\bin\Release.AnyCPU\ExtensionManagement.Service\MS.VS.Services.ExtensionManagement.Server.L0.Tests\MS.VS.Services.ExtensionManagement.Server.L0.Tests.dll" adapterTypeName="Microsoft.VisualStudio.TestTools.TestTypes.Unit.UnitTestAdapter" className="MS.VS.Services.ExtensManagement.Server.L0.ExtensionData.ExtensionDataServiceTests" name="ExtensionDataService_UpdateDocument_should_throw_argument_null_exception_for_null_document_revision" />
    </UnitTest>
    <UnitTest name="ExtensionDataService_UpdateDocument_should_throw_argument_null_exception_for_null_document_id" storage="d:\v2.0\a1\_work\dbded102\bin\release.anycpu\extensionmanagement.service\ms.vs.services.extensionmanagement.server.l0.tests\ms.vs.services.extensionmanagement.server.l0.tests.dll" id="e1af50e6-27c2-fa71-75d8-184fafdf7463">
      <Execution id="cfbca408-9618-4c1b-a4a2-6e9d5ee6b00c" />
      <TestMethod codeBase="D:\v2.0\A1\_work\dbded102\bin\Release.AnyCPU\ExtensionManagement.Service\MS.VS.Services.ExtensionManagement.Server.L0.Tests\MS.VS.Services.ExtensionManagement.Server.L0.Tests.dll" adapterTypeName="Microsoft.VisualStudio.TestTools.TestTypes.Unit.UnitTestAdapter" className="MS.VS.Services.ExtensManagement.Server.L0.ExtensionData.ExtensionDataServiceTests" name="ExtensionDataService_UpdateDocument_should_throw_argument_null_exception_for_null_document_id" />
    </UnitTest>
    <UnitTest name="ExtensionDataService_UpdateDocument_should_return_results" storage="d:\v2.0\a1\_work\dbded102\bin\release.anycpu\extensionmanagement.service\ms.vs.services.extensionmanagement.server.l0.tests\ms.vs.services.extensionmanagement.server.l0.tests.dll" id="b285ad09-48cd-2016-e327-d2265a41d09f">
      <Execution id="108f3562-8a27-4ac9-b0b1-1c7927d6af68" />
      <TestMethod codeBase="D:\v2.0\A1\_work\dbded102\bin\Release.AnyCPU\ExtensionManagement.Service\MS.VS.Services.ExtensionManagement.Server.L0.Tests\MS.VS.Services.ExtensionManagement.Server.L0.Tests.dll" adapterTypeName="Microsoft.VisualStudio.TestTools.TestTypes.Unit.UnitTestAdapter" className="MS.VS.Services.ExtensManagement.Server.L0.ExtensionData.ExtensionDataServiceTests" name="ExtensionDataService_UpdateDocument_should_return_results" />
    </UnitTest>
    <UnitTest name="ExtensionDataService_UpdateDocument_should_not_increment_version_negative_one" storage="d:\v2.0\a1\_work\dbded102\bin\release.anycpu\extensionmanagement.service\ms.vs.services.extensionmanagement.server.l0.tests\ms.vs.services.extensionmanagement.server.l0.tests.dll" id="04d031b5-97cf-16ee-f3cc-39698b07183e">
      <Execution id="10d5d103-8e0e-4176-a7db-80fb9fc4a229" />
      <TestMethod codeBase="D:\v2.0\A1\_work\dbded102\bin\Release.AnyCPU\ExtensionManagement.Service\MS.VS.Services.ExtensionManagement.Server.L0.Tests\MS.VS.Services.ExtensionManagement.Server.L0.Tests.dll" adapterTypeName="Microsoft.VisualStudio.TestTools.TestTypes.Unit.UnitTestAdapter" className="MS.VS.Services.ExtensManagement.Server.L0.ExtensionData.ExtensionDataServiceTests" name="ExtensionDataService_UpdateDocument_should_not_increment_version_negative_one" />
    </UnitTest>
    <UnitTest name="ExtensionDataService_UpdateDocument_should_strip_properties_starting_with_double_underscore" storage="d:\v2.0\a1\_work\dbded102\bin\release.anycpu\extensionmanagement.service\ms.vs.services.extensionmanagement.server.l0.tests\ms.vs.services.extensionmanagement.server.l0.tests.dll" id="f3cee916-ae7c-d743-cd7e-78e0a7ae2020">
      <Execution id="f26756ff-658b-4812-91fd-9a1ff022b88c" />
      <TestMethod codeBase="D:\v2.0\A1\_work\dbded102\bin\Release.AnyCPU\ExtensionManagement.Service\MS.VS.Services.ExtensionManagement.Server.L0.Tests\MS.VS.Services.ExtensionManagement.Server.L0.Tests.dll" adapterTypeName="Microsoft.VisualStudio.TestTools.TestTypes.Unit.UnitTestAdapter" className="MS.VS.Services.ExtensManagement.Server.L0.ExtensionData.ExtensionDataServiceTests" name="ExtensionDataService_UpdateDocument_should_strip_properties_starting_with_double_underscore" />
    </UnitTest>
    <UnitTest name="ExtensionDataService_DeleteDocument_should_throw_argument_exception_for_empty_collection_name" storage="d:\v2.0\a1\_work\dbded102\bin\release.anycpu\extensionmanagement.service\ms.vs.services.extensionmanagement.server.l0.tests\ms.vs.services.extensionmanagement.server.l0.tests.dll" id="99c45aa5-230b-ce02-6e60-cb0632806cb0">
      <Execution id="56bd3c22-c7ee-4c8a-aec4-8d1bd28a3a57" />
      <TestMethod codeBase="D:\v2.0\A1\_work\dbded102\bin\Release.AnyCPU\ExtensionManagement.Service\MS.VS.Services.ExtensionManagement.Server.L0.Tests\MS.VS.Services.ExtensionManagement.Server.L0.Tests.dll" adapterTypeName="Microsoft.VisualStudio.TestTools.TestTypes.Unit.UnitTestAdapter" className="MS.VS.Services.ExtensManagement.Server.L0.ExtensionData.ExtensionDataServiceTests" name="ExtensionDataService_DeleteDocument_should_throw_argument_exception_for_empty_collection_name" />
    </UnitTest>
    <UnitTest name="ExtensionDataService_DeleteDocument_should_throw_argument_exception_for_empty_scope_type" storage="d:\v2.0\a1\_work\dbded102\bin\release.anycpu\extensionmanagement.service\ms.vs.services.extensionmanagement.server.l0.tests\ms.vs.services.extensionmanagement.server.l0.tests.dll" id="78b56950-fce7-3ddc-dc7a-3cfb80945204">
      <Execution id="209865c8-4c49-4b6f-84b0-d6e3050f5033" />
      <TestMethod codeBase="D:\v2.0\A1\_work\dbded102\bin\Release.AnyCPU\ExtensionManagement.Service\MS.VS.Services.ExtensionManagement.Server.L0.Tests\MS.VS.Services.ExtensionManagement.Server.L0.Tests.dll" adapterTypeName="Microsoft.VisualStudio.TestTools.TestTypes.Unit.UnitTestAdapter" className="MS.VS.Services.ExtensManagement.Server.L0.ExtensionData.ExtensionDataServiceTests" name="ExtensionDataService_DeleteDocument_should_throw_argument_exception_for_empty_scope_type" />
    </UnitTest>
    <UnitTest name="ExtensionDataService_DeleteDocument_should_throw_argument_exception_for_empty_document_id" storage="d:\v2.0\a1\_work\dbded102\bin\release.anycpu\extensionmanagement.service\ms.vs.services.extensionmanagement.server.l0.tests\ms.vs.services.extensionmanagement.server.l0.tests.dll" id="d029a60a-438c-73eb-3def-f5b30972d927">
      <Execution id="2b45070f-b783-4876-ad03-69030e55d5c7" />
      <TestMethod codeBase="D:\v2.0\A1\_work\dbded102\bin\Release.AnyCPU\ExtensionManagement.Service\MS.VS.Services.ExtensionManagement.Server.L0.Tests\MS.VS.Services.ExtensionManagement.Server.L0.Tests.dll" adapterTypeName="Microsoft.VisualStudio.TestTools.TestTypes.Unit.UnitTestAdapter" className="MS.VS.Services.ExtensManagement.Server.L0.ExtensionData.ExtensionDataServiceTests" name="ExtensionDataService_DeleteDocument_should_throw_argument_exception_for_empty_document_id" />
    </UnitTest>
    <UnitTest name="ExtensionDataService_DeleteDocument_should_call_sql_component" storage="d:\v2.0\a1\_work\dbded102\bin\release.anycpu\extensionmanagement.service\ms.vs.services.extensionmanagement.server.l0.tests\ms.vs.services.extensionmanagement.server.l0.tests.dll" id="254bb920-7990-0bec-0ade-2496c677d5d2">
      <Execution id="ce75fa88-cab4-44a4-82c2-76dc8ed08462" />
      <TestMethod codeBase="D:\v2.0\A1\_work\dbded102\bin\Release.AnyCPU\ExtensionManagement.Service\MS.VS.Services.ExtensionManagement.Server.L0.Tests\MS.VS.Services.ExtensionManagement.Server.L0.Tests.dll" adapterTypeName="Microsoft.VisualStudio.TestTools.TestTypes.Unit.UnitTestAdapter" className="MS.VS.Services.ExtensManagement.Server.L0.ExtensionData.ExtensionDataServiceTests" name="ExtensionDataService_DeleteDocument_should_call_sql_component" />
    </UnitTest>
    <UnitTest name="ExtensionDataService_CheckScopes_should_not_allow_scope_types_outside_of_default_and_user_case_insensitive" storage="d:\v2.0\a1\_work\dbded102\bin\release.anycpu\extensionmanagement.service\ms.vs.services.extensionmanagement.server.l0.tests\ms.vs.services.extensionmanagement.server.l0.tests.dll" id="5c23944b-3137-94e6-4ec4-af81674acace">
      <Execution id="097e0ee1-b646-40c8-bfe4-27eaa18c6331" />
      <TestMethod codeBase="D:\v2.0\A1\_work\dbded102\bin\Release.AnyCPU\ExtensionManagement.Service\MS.VS.Services.ExtensionManagement.Server.L0.Tests\MS.VS.Services.ExtensionManagement.Server.L0.Tests.dll" adapterTypeName="Microsoft.VisualStudio.TestTools.TestTypes.Unit.UnitTestAdapter" className="MS.VS.Services.ExtensManagement.Server.L0.ExtensionData.ExtensionDataServiceTests" name="ExtensionDataService_CheckScopes_should_not_allow_scope_types_outside_of_default_and_user_case_insensitive" />
    </UnitTest>
    <UnitTest name="ExtensionDataService_CheckScopes_should_not_allow_scope_values_outside_of_current_and_me_case_insensitive" storage="d:\v2.0\a1\_work\dbded102\bin\release.anycpu\extensionmanagement.service\ms.vs.services.extensionmanagement.server.l0.tests\ms.vs.services.extensionmanagement.server.l0.tests.dll" id="82f6a3ec-7f60-8ddc-ec3e-debd85f2dcd0">
      <Execution id="54a107ab-7788-4b8c-9fd6-ee3cecb5dfee" />
      <TestMethod codeBase="D:\v2.0\A1\_work\dbded102\bin\Release.AnyCPU\ExtensionManagement.Service\MS.VS.Services.ExtensionManagement.Server.L0.Tests\MS.VS.Services.ExtensionManagement.Server.L0.Tests.dll" adapterTypeName="Microsoft.VisualStudio.TestTools.TestTypes.Unit.UnitTestAdapter" className="MS.VS.Services.ExtensManagement.Server.L0.ExtensionData.ExtensionDataServiceTests" name="ExtensionDataService_CheckScopes_should_not_allow_scope_values_outside_of_current_and_me_case_insensitive" />
    </UnitTest>
    <UnitTest name="ExtensionDataService_CheckScopes_uses_current_with_default_scope_type_when_no_value_is_provided" storage="d:\v2.0\a1\_work\dbded102\bin\release.anycpu\extensionmanagement.service\ms.vs.services.extensionmanagement.server.l0.tests\ms.vs.services.extensionmanagement.server.l0.tests.dll" id="80cf664f-057d-8db8-4c81-ea0ccd693058">
      <Execution id="e4072b53-858c-44cd-a996-a339f7478153" />
      <TestMethod codeBase="D:\v2.0\A1\_work\dbded102\bin\Release.AnyCPU\ExtensionManagement.Service\MS.VS.Services.ExtensionManagement.Server.L0.Tests\MS.VS.Services.ExtensionManagement.Server.L0.Tests.dll" adapterTypeName="Microsoft.VisualStudio.TestTools.TestTypes.Unit.UnitTestAdapter" className="MS.VS.Services.ExtensManagement.Server.L0.ExtensionData.ExtensionDataServiceTests" name="ExtensionDataService_CheckScopes_uses_current_with_default_scope_type_when_no_value_is_provided" />
    </UnitTest>
    <UnitTest name="ExtensionDataService_GetDocumentsInCollectionByName_should_throw_argument_exception_for_empty_collection_name" storage="d:\v2.0\a1\_work\dbded102\bin\release.anycpu\extensionmanagement.service\ms.vs.services.extensionmanagement.server.l0.tests\ms.vs.services.extensionmanagement.server.l0.tests.dll" id="d0fa13fa-bfda-d500-a1ff-ce716b7a5d8f">
      <Execution id="1b28da02-d817-4824-9678-724a4e0ec0ce" />
      <TestMethod codeBase="D:\v2.0\A1\_work\dbded102\bin\Release.AnyCPU\ExtensionManagement.Service\MS.VS.Services.ExtensionManagement.Server.L0.Tests\MS.VS.Services.ExtensionManagement.Server.L0.Tests.dll" adapterTypeName="Microsoft.VisualStudio.TestTools.TestTypes.Unit.UnitTestAdapter" className="MS.VS.Services.ExtensManagement.Server.L0.ExtensionData.ExtensionDataServiceTests" name="ExtensionDataService_GetDocumentsInCollectionByName_should_throw_argument_exception_for_empty_collection_name" />
    </UnitTest>
    <UnitTest name="ExtensionDataService_GetDocumentsInCollectionByName_should_throw_argument_exception_for_empty_scope_type" storage="d:\v2.0\a1\_work\dbded102\bin\release.anycpu\extensionmanagement.service\ms.vs.services.extensionmanagement.server.l0.tests\ms.vs.services.extensionmanagement.server.l0.tests.dll" id="dc764849-f72e-5f11-06e1-47253c0fe6f9">
      <Execution id="cac187a1-5def-466b-b193-1cd83a86b063" />
      <TestMethod codeBase="D:\v2.0\A1\_work\dbded102\bin\Release.AnyCPU\ExtensionManagement.Service\MS.VS.Services.ExtensionManagement.Server.L0.Tests\MS.VS.Services.ExtensionManagement.Server.L0.Tests.dll" adapterTypeName="Microsoft.VisualStudio.TestTools.TestTypes.Unit.UnitTestAdapter" className="MS.VS.Services.ExtensManagement.Server.L0.ExtensionData.ExtensionDataServiceTests" name="ExtensionDataService_GetDocumentsInCollectionByName_should_throw_argument_exception_for_empty_scope_type" />
    </UnitTest>
    <UnitTest name="ExtensionDataService_GetDocumentsInCollectionByName_should_return_results" storage="d:\v2.0\a1\_work\dbded102\bin\release.anycpu\extensionmanagement.service\ms.vs.services.extensionmanagement.server.l0.tests\ms.vs.services.extensionmanagement.server.l0.tests.dll" id="f504cda2-c26a-5a4a-ce4d-c02c99fd8c54">
      <Execution id="25fc9e72-2b5b-48bb-b7e9-4737e221256a" />
      <TestMethod codeBase="D:\v2.0\A1\_work\dbded102\bin\Release.AnyCPU\ExtensionManagement.Service\MS.VS.Services.ExtensionManagement.Server.L0.Tests\MS.VS.Services.ExtensionManagement.Server.L0.Tests.dll" adapterTypeName="Microsoft.VisualStudio.TestTools.TestTypes.Unit.UnitTestAdapter" className="MS.VS.Services.ExtensManagement.Server.L0.ExtensionData.ExtensionDataServiceTests" name="ExtensionDataService_GetDocumentsInCollectionByName_should_return_results" />
    </UnitTest>
    <UnitTest name="ExtensionDataService_GetDocumentByName_should_throw_argument_exception_for_empty_collection_name" storage="d:\v2.0\a1\_work\dbded102\bin\release.anycpu\extensionmanagement.service\ms.vs.services.extensionmanagement.server.l0.tests\ms.vs.services.extensionmanagement.server.l0.tests.dll" id="3a2e3f03-34ee-6f89-7bef-eec8a0e279cb">
      <Execution id="abf3888e-052f-406a-a7e4-26a635a37c8c" />
      <TestMethod codeBase="D:\v2.0\A1\_work\dbded102\bin\Release.AnyCPU\ExtensionManagement.Service\MS.VS.Services.ExtensionManagement.Server.L0.Tests\MS.VS.Services.ExtensionManagement.Server.L0.Tests.dll" adapterTypeName="Microsoft.VisualStudio.TestTools.TestTypes.Unit.UnitTestAdapter" className="MS.VS.Services.ExtensManagement.Server.L0.ExtensionData.ExtensionDataServiceTests" name="ExtensionDataService_GetDocumentByName_should_throw_argument_exception_for_empty_collection_name" />
    </UnitTest>
    <UnitTest name="ExtensionDataService_GetDocumentByName_should_throw_argument_exception_for_empty_scope_type" storage="d:\v2.0\a1\_work\dbded102\bin\release.anycpu\extensionmanagement.service\ms.vs.services.extensionmanagement.server.l0.tests\ms.vs.services.extensionmanagement.server.l0.tests.dll" id="9f044f94-1fb9-c259-e772-b9ff750caf12">
      <Execution id="16199c1f-c412-470d-b775-797eb0563b71" />
      <TestMethod codeBase="D:\v2.0\A1\_work\dbded102\bin\Release.AnyCPU\ExtensionManagement.Service\MS.VS.Services.ExtensionManagement.Server.L0.Tests\MS.VS.Services.ExtensionManagement.Server.L0.Tests.dll" adapterTypeName="Microsoft.VisualStudio.TestTools.TestTypes.Unit.UnitTestAdapter" className="MS.VS.Services.ExtensManagement.Server.L0.ExtensionData.ExtensionDataServiceTests" name="ExtensionDataService_GetDocumentByName_should_throw_argument_exception_for_empty_scope_type" />
    </UnitTest>
    <UnitTest name="ExtensionDataService_GetDocumentByName_should_throw_argument_exception_for_empty_document_id" storage="d:\v2.0\a1\_work\dbded102\bin\release.anycpu\extensionmanagement.service\ms.vs.services.extensionmanagement.server.l0.tests\ms.vs.services.extensionmanagement.server.l0.tests.dll" id="b5e7c1f8-9337-661b-904f-8f4b8ac08ed8">
      <Execution id="e84313f3-b633-43f0-81ab-64f7b755f069" />
      <TestMethod codeBase="D:\v2.0\A1\_work\dbded102\bin\Release.AnyCPU\ExtensionManagement.Service\MS.VS.Services.ExtensionManagement.Server.L0.Tests\MS.VS.Services.ExtensionManagement.Server.L0.Tests.dll" adapterTypeName="Microsoft.VisualStudio.TestTools.TestTypes.Unit.UnitTestAdapter" className="MS.VS.Services.ExtensManagement.Server.L0.ExtensionData.ExtensionDataServiceTests" name="ExtensionDataService_GetDocumentByName_should_throw_argument_exception_for_empty_document_id" />
    </UnitTest>
    <UnitTest name="ExtensionDataService_GetDocumentByName_should_return_results" storage="d:\v2.0\a1\_work\dbded102\bin\release.anycpu\extensionmanagement.service\ms.vs.services.extensionmanagement.server.l0.tests\ms.vs.services.extensionmanagement.server.l0.tests.dll" id="cb0a5439-dbc8-1e65-2597-366bacdb27ce">
      <Execution id="f918d562-0e92-43ea-933e-bd0fe934eefb" />
      <TestMethod codeBase="D:\v2.0\A1\_work\dbded102\bin\Release.AnyCPU\ExtensionManagement.Service\MS.VS.Services.ExtensionManagement.Server.L0.Tests\MS.VS.Services.ExtensionManagement.Server.L0.Tests.dll" adapterTypeName="Microsoft.VisualStudio.TestTools.TestTypes.Unit.UnitTestAdapter" className="MS.VS.Services.ExtensManagement.Server.L0.ExtensionData.ExtensionDataServiceTests" name="ExtensionDataService_GetDocumentByName_should_return_results" />
    </UnitTest>
    <UnitTest name="ExtensionDataService_SetDocumentByName_should_throw_argument_exception_for_empty_collection_name" storage="d:\v2.0\a1\_work\dbded102\bin\release.anycpu\extensionmanagement.service\ms.vs.services.extensionmanagement.server.l0.tests\ms.vs.services.extensionmanagement.server.l0.tests.dll" id="357edcd2-7f8f-6323-b330-f4c95fecc880">
      <Execution id="d07945f8-8f8d-4fa6-87af-23488a3f8be6" />
      <TestMethod codeBase="D:\v2.0\A1\_work\dbded102\bin\Release.AnyCPU\ExtensionManagement.Service\MS.VS.Services.ExtensionManagement.Server.L0.Tests\MS.VS.Services.ExtensionManagement.Server.L0.Tests.dll" adapterTypeName="Microsoft.VisualStudio.TestTools.TestTypes.Unit.UnitTestAdapter" className="MS.VS.Services.ExtensManagement.Server.L0.ExtensionData.ExtensionDataServiceTests" name="ExtensionDataService_SetDocumentByName_should_throw_argument_exception_for_empty_collection_name" />
    </UnitTest>
    <UnitTest name="ExtensionDataService_SetDocumentByName_should_throw_argument_exception_for_collection_name_too_long" storage="d:\v2.0\a1\_work\dbded102\bin\release.anycpu\extensionmanagement.service\ms.vs.services.extensionmanagement.server.l0.tests\ms.vs.services.extensionmanagement.server.l0.tests.dll" id="4bd1ffb9-1cb6-a7e6-8132-5ef855a358bb">
      <Execution id="d72c2980-17bc-47ba-9c63-d5d858e524f1" />
      <TestMethod codeBase="D:\v2.0\A1\_work\dbded102\bin\Release.AnyCPU\ExtensionManagement.Service\MS.VS.Services.ExtensionManagement.Server.L0.Tests\MS.VS.Services.ExtensionManagement.Server.L0.Tests.dll" adapterTypeName="Microsoft.VisualStudio.TestTools.TestTypes.Unit.UnitTestAdapter" className="MS.VS.Services.ExtensManagement.Server.L0.ExtensionData.ExtensionDataServiceTests" name="ExtensionDataService_SetDocumentByName_should_throw_argument_exception_for_collection_name_too_long" />
    </UnitTest>
    <UnitTest name="ExtensionDataService_SetDocumentByName_should_throw_argument_exception_for_empty_scope_type" storage="d:\v2.0\a1\_work\dbded102\bin\release.anycpu\extensionmanagement.service\ms.vs.services.extensionmanagement.server.l0.tests\ms.vs.services.extensionmanagement.server.l0.tests.dll" id="0fc23756-a24b-bcee-cdae-51cc6d420bdc">
      <Execution id="0adca0b5-1a2c-48ef-98ab-201c6072c1fe" />
      <TestMethod codeBase="D:\v2.0\A1\_work\dbded102\bin\Release.AnyCPU\ExtensionManagement.Service\MS.VS.Services.ExtensionManagement.Server.L0.Tests\MS.VS.Services.ExtensionManagement.Server.L0.Tests.dll" adapterTypeName="Microsoft.VisualStudio.TestTools.TestTypes.Unit.UnitTestAdapter" className="MS.VS.Services.ExtensManagement.Server.L0.ExtensionData.ExtensionDataServiceTests" name="ExtensionDataService_SetDocumentByName_should_throw_argument_exception_for_empty_scope_type" />
    </UnitTest>
    <UnitTest name="ExtensionDataService_SetDocumentByName_should_throw_argument_null_exception_for_null_document" storage="d:\v2.0\a1\_work\dbded102\bin\release.anycpu\extensionmanagement.service\ms.vs.services.extensionmanagement.server.l0.tests\ms.vs.services.extensionmanagement.server.l0.tests.dll" id="84e4e0e5-a230-217f-86d1-3326580dbec1">
      <Execution id="ddb4cb9e-92ca-4fb5-a05c-9d590ac81562" />
      <TestMethod codeBase="D:\v2.0\A1\_work\dbded102\bin\Release.AnyCPU\ExtensionManagement.Service\MS.VS.Services.ExtensionManagement.Server.L0.Tests\MS.VS.Services.ExtensionManagement.Server.L0.Tests.dll" adapterTypeName="Microsoft.VisualStudio.TestTools.TestTypes.Unit.UnitTestAdapter" className="MS.VS.Services.ExtensManagement.Server.L0.ExtensionData.ExtensionDataServiceTests" name="ExtensionDataService_SetDocumentByName_should_throw_argument_null_exception_for_null_document" />
    </UnitTest>
    <UnitTest name="ExtensionDataService_SetDocumentByName_should_not_throw_argument_exception_for_null_document_value" storage="d:\v2.0\a1\_work\dbded102\bin\release.anycpu\extensionmanagement.service\ms.vs.services.extensionmanagement.server.l0.tests\ms.vs.services.extensionmanagement.server.l0.tests.dll" id="b27cd985-e747-e431-0a78-f51dc3e308a4">
      <Execution id="cd8c37ef-5c84-48bd-80e9-c6b3707f15bf" />
      <TestMethod codeBase="D:\v2.0\A1\_work\dbded102\bin\Release.AnyCPU\ExtensionManagement.Service\MS.VS.Services.ExtensionManagement.Server.L0.Tests\MS.VS.Services.ExtensionManagement.Server.L0.Tests.dll" adapterTypeName="Microsoft.VisualStudio.TestTools.TestTypes.Unit.UnitTestAdapter" className="MS.VS.Services.ExtensManagement.Server.L0.ExtensionData.ExtensionDataServiceTests" name="ExtensionDataService_SetDocumentByName_should_not_throw_argument_exception_for_null_document_value" />
    </UnitTest>
    <UnitTest name="ExtensionDataService_SetDocumentByName_should_set_revision_to_one_when_none_is_passed_in" storage="d:\v2.0\a1\_work\dbded102\bin\release.anycpu\extensionmanagement.service\ms.vs.services.extensionmanagement.server.l0.tests\ms.vs.services.extensionmanagement.server.l0.tests.dll" id="7c0332f9-b107-2619-5dd2-69b5318bf7ea">
      <Execution id="4b064b13-dd78-4494-8eed-11926c9cad3d" />
      <TestMethod codeBase="D:\v2.0\A1\_work\dbded102\bin\Release.AnyCPU\ExtensionManagement.Service\MS.VS.Services.ExtensionManagement.Server.L0.Tests\MS.VS.Services.ExtensionManagement.Server.L0.Tests.dll" adapterTypeName="Microsoft.VisualStudio.TestTools.TestTypes.Unit.UnitTestAdapter" className="MS.VS.Services.ExtensManagement.Server.L0.ExtensionData.ExtensionDataServiceTests" name="ExtensionDataService_SetDocumentByName_should_set_revision_to_one_when_none_is_passed_in" />
    </UnitTest>
    <UnitTest name="ExtensionDataService_SetDocumentByName_should_return_results" storage="d:\v2.0\a1\_work\dbded102\bin\release.anycpu\extensionmanagement.service\ms.vs.services.extensionmanagement.server.l0.tests\ms.vs.services.extensionmanagement.server.l0.tests.dll" id="06a2b8e8-e19b-0ad6-03a4-2dfebe787252">
      <Execution id="738c6859-f636-4bcd-9b81-e8a831ba4aca" />
      <TestMethod codeBase="D:\v2.0\A1\_work\dbded102\bin\Release.AnyCPU\ExtensionManagement.Service\MS.VS.Services.ExtensionManagement.Server.L0.Tests\MS.VS.Services.ExtensionManagement.Server.L0.Tests.dll" adapterTypeName="Microsoft.VisualStudio.TestTools.TestTypes.Unit.UnitTestAdapter" className="MS.VS.Services.ExtensManagement.Server.L0.ExtensionData.ExtensionDataServiceTests" name="ExtensionDataService_SetDocumentByName_should_return_results" />
    </UnitTest>
    <UnitTest name="ExtensionDataService_SetDocumentByName_should_strip_properties_starting_with_double_underscore" storage="d:\v2.0\a1\_work\dbded102\bin\release.anycpu\extensionmanagement.service\ms.vs.services.extensionmanagement.server.l0.tests\ms.vs.services.extensionmanagement.server.l0.tests.dll" id="ae561887-cd88-0b20-2e89-f878ed9169ab">
      <Execution id="57adf222-d90a-41df-84a7-ea38e2b912ee" />
      <TestMethod codeBase="D:\v2.0\A1\_work\dbded102\bin\Release.AnyCPU\ExtensionManagement.Service\MS.VS.Services.ExtensionManagement.Server.L0.Tests\MS.VS.Services.ExtensionManagement.Server.L0.Tests.dll" adapterTypeName="Microsoft.VisualStudio.TestTools.TestTypes.Unit.UnitTestAdapter" className="MS.VS.Services.ExtensManagement.Server.L0.ExtensionData.ExtensionDataServiceTests" name="ExtensionDataService_SetDocumentByName_should_strip_properties_starting_with_double_underscore" />
    </UnitTest>
    <UnitTest name="ExtensionDataService_SetDocumentByName_should_not_increment_version_negative_one" storage="d:\v2.0\a1\_work\dbded102\bin\release.anycpu\extensionmanagement.service\ms.vs.services.extensionmanagement.server.l0.tests\ms.vs.services.extensionmanagement.server.l0.tests.dll" id="1bbced13-6b00-ee1e-add6-83f621285ff8">
      <Execution id="0562aab2-5247-4373-9285-5889223cd8d2" />
      <TestMethod codeBase="D:\v2.0\A1\_work\dbded102\bin\Release.AnyCPU\ExtensionManagement.Service\MS.VS.Services.ExtensionManagement.Server.L0.Tests\MS.VS.Services.ExtensionManagement.Server.L0.Tests.dll" adapterTypeName="Microsoft.VisualStudio.TestTools.TestTypes.Unit.UnitTestAdapter" className="MS.VS.Services.ExtensManagement.Server.L0.ExtensionData.ExtensionDataServiceTests" name="ExtensionDataService_SetDocumentByName_should_not_increment_version_negative_one" />
    </UnitTest>
    <UnitTest name="ExtensionDataService_SetDocumentByName_should_generate_id_if_none_provided_in_document" storage="d:\v2.0\a1\_work\dbded102\bin\release.anycpu\extensionmanagement.service\ms.vs.services.extensionmanagement.server.l0.tests\ms.vs.services.extensionmanagement.server.l0.tests.dll" id="d1c5f2a7-7b5b-b894-ca77-fc46c1625d30">
      <Execution id="318fed6a-23b7-455a-8770-fea8b3abeda3" />
      <TestMethod codeBase="D:\v2.0\A1\_work\dbded102\bin\Release.AnyCPU\ExtensionManagement.Service\MS.VS.Services.ExtensionManagement.Server.L0.Tests\MS.VS.Services.ExtensionManagement.Server.L0.Tests.dll" adapterTypeName="Microsoft.VisualStudio.TestTools.TestTypes.Unit.UnitTestAdapter" className="MS.VS.Services.ExtensManagement.Server.L0.ExtensionData.ExtensionDataServiceTests" name="ExtensionDataService_SetDocumentByName_should_generate_id_if_none_provided_in_document" />
    </UnitTest>
    <UnitTest name="ExtensionDataService_CreateDocumentByName_should_throw_argument_exception_for_empty_collection_name" storage="d:\v2.0\a1\_work\dbded102\bin\release.anycpu\extensionmanagement.service\ms.vs.services.extensionmanagement.server.l0.tests\ms.vs.services.extensionmanagement.server.l0.tests.dll" id="8e7ecfa7-6c49-cc94-9ef8-094923274d22">
      <Execution id="fda21ead-5364-4848-b2c4-a6bcbb7fbb2a" />
      <TestMethod codeBase="D:\v2.0\A1\_work\dbded102\bin\Release.AnyCPU\ExtensionManagement.Service\MS.VS.Services.ExtensionManagement.Server.L0.Tests\MS.VS.Services.ExtensionManagement.Server.L0.Tests.dll" adapterTypeName="Microsoft.VisualStudio.TestTools.TestTypes.Unit.UnitTestAdapter" className="MS.VS.Services.ExtensManagement.Server.L0.ExtensionData.ExtensionDataServiceTests" name="ExtensionDataService_CreateDocumentByName_should_throw_argument_exception_for_empty_collection_name" />
    </UnitTest>
    <UnitTest name="ExtensionDataService_CreateDocumentByName_should_throw_argument_exception_for_collection_name_too_long" storage="d:\v2.0\a1\_work\dbded102\bin\release.anycpu\extensionmanagement.service\ms.vs.services.extensionmanagement.server.l0.tests\ms.vs.services.extensionmanagement.server.l0.tests.dll" id="3605c69e-4c73-f095-d816-48c5a2a150e3">
      <Execution id="64fb4150-8aa8-404e-858c-50e18668713c" />
      <TestMethod codeBase="D:\v2.0\A1\_work\dbded102\bin\Release.AnyCPU\ExtensionManagement.Service\MS.VS.Services.ExtensionManagement.Server.L0.Tests\MS.VS.Services.ExtensionManagement.Server.L0.Tests.dll" adapterTypeName="Microsoft.VisualStudio.TestTools.TestTypes.Unit.UnitTestAdapter" className="MS.VS.Services.ExtensManagement.Server.L0.ExtensionData.ExtensionDataServiceTests" name="ExtensionDataService_CreateDocumentByName_should_throw_argument_exception_for_collection_name_too_long" />
    </UnitTest>
    <UnitTest name="ExtensionDataService_CreateDocumentByName_should_throw_argument_exception_for_empty_scope_type" storage="d:\v2.0\a1\_work\dbded102\bin\release.anycpu\extensionmanagement.service\ms.vs.services.extensionmanagement.server.l0.tests\ms.vs.services.extensionmanagement.server.l0.tests.dll" id="db669c06-677a-406c-9e2e-06cee8b900f6">
      <Execution id="84dbe7fb-4f67-45b2-9639-edd0ec59d07c" />
      <TestMethod codeBase="D:\v2.0\A1\_work\dbded102\bin\Release.AnyCPU\ExtensionManagement.Service\MS.VS.Services.ExtensionManagement.Server.L0.Tests\MS.VS.Services.ExtensionManagement.Server.L0.Tests.dll" adapterTypeName="Microsoft.VisualStudio.TestTools.TestTypes.Unit.UnitTestAdapter" className="MS.VS.Services.ExtensManagement.Server.L0.ExtensionData.ExtensionDataServiceTests" name="ExtensionDataService_CreateDocumentByName_should_throw_argument_exception_for_empty_scope_type" />
    </UnitTest>
    <UnitTest name="ExtensionDataService_CreateDocumentByName_should_throw_argument_null_exception_for_null_document" storage="d:\v2.0\a1\_work\dbded102\bin\release.anycpu\extensionmanagement.service\ms.vs.services.extensionmanagement.server.l0.tests\ms.vs.services.extensionmanagement.server.l0.tests.dll" id="f7026fef-1968-85fc-50ba-fe2613c3627c">
      <Execution id="34ed476d-9b51-404b-bcd4-dc47efc7b053" />
      <TestMethod codeBase="D:\v2.0\A1\_work\dbded102\bin\Release.AnyCPU\ExtensionManagement.Service\MS.VS.Services.ExtensionManagement.Server.L0.Tests\MS.VS.Services.ExtensionManagement.Server.L0.Tests.dll" adapterTypeName="Microsoft.VisualStudio.TestTools.TestTypes.Unit.UnitTestAdapter" className="MS.VS.Services.ExtensManagement.Server.L0.ExtensionData.ExtensionDataServiceTests" name="ExtensionDataService_CreateDocumentByName_should_throw_argument_null_exception_for_null_document" />
    </UnitTest>
    <UnitTest name="ExtensionDataService_CreateDocumentByName_should_not_throw_argument_exception_for_null_document_value" storage="d:\v2.0\a1\_work\dbded102\bin\release.anycpu\extensionmanagement.service\ms.vs.services.extensionmanagement.server.l0.tests\ms.vs.services.extensionmanagement.server.l0.tests.dll" id="33534c05-6556-65cc-04c5-7f07b052b8c9">
      <Execution id="66b46044-e2ff-41d0-bdcc-b278be581d6b" />
      <TestMethod codeBase="D:\v2.0\A1\_work\dbded102\bin\Release.AnyCPU\ExtensionManagement.Service\MS.VS.Services.ExtensionManagement.Server.L0.Tests\MS.VS.Services.ExtensionManagement.Server.L0.Tests.dll" adapterTypeName="Microsoft.VisualStudio.TestTools.TestTypes.Unit.UnitTestAdapter" className="MS.VS.Services.ExtensManagement.Server.L0.ExtensionData.ExtensionDataServiceTests" name="ExtensionDataService_CreateDocumentByName_should_not_throw_argument_exception_for_null_document_value" />
    </UnitTest>
    <UnitTest name="ExtensionDataService_CreateDocumentByName_should_return_results" storage="d:\v2.0\a1\_work\dbded102\bin\release.anycpu\extensionmanagement.service\ms.vs.services.extensionmanagement.server.l0.tests\ms.vs.services.extensionmanagement.server.l0.tests.dll" id="16c2ca85-92e5-1160-2a5f-e1ef3c065362">
      <Execution id="bee21687-65d8-4cb4-ba99-00e5b44f7596" />
      <TestMethod codeBase="D:\v2.0\A1\_work\dbded102\bin\Release.AnyCPU\ExtensionManagement.Service\MS.VS.Services.ExtensionManagement.Server.L0.Tests\MS.VS.Services.ExtensionManagement.Server.L0.Tests.dll" adapterTypeName="Microsoft.VisualStudio.TestTools.TestTypes.Unit.UnitTestAdapter" className="MS.VS.Services.ExtensManagement.Server.L0.ExtensionData.ExtensionDataServiceTests" name="ExtensionDataService_CreateDocumentByName_should_return_results" />
    </UnitTest>
    <UnitTest name="ExtensionDataService_CreateDocumentByName_should_strip_properties_starting_with_double_underscore" storage="d:\v2.0\a1\_work\dbded102\bin\release.anycpu\extensionmanagement.service\ms.vs.services.extensionmanagement.server.l0.tests\ms.vs.services.extensionmanagement.server.l0.tests.dll" id="47c786fa-9461-697c-e314-729794bf115f">
      <Execution id="bb8d41c4-5789-448c-a71f-fd230c3d8c38" />
      <TestMethod codeBase="D:\v2.0\A1\_work\dbded102\bin\Release.AnyCPU\ExtensionManagement.Service\MS.VS.Services.ExtensionManagement.Server.L0.Tests\MS.VS.Services.ExtensionManagement.Server.L0.Tests.dll" adapterTypeName="Microsoft.VisualStudio.TestTools.TestTypes.Unit.UnitTestAdapter" className="MS.VS.Services.ExtensManagement.Server.L0.ExtensionData.ExtensionDataServiceTests" name="ExtensionDataService_CreateDocumentByName_should_strip_properties_starting_with_double_underscore" />
    </UnitTest>
    <UnitTest name="ExtensionDataService_CreateDocumentByName_should_generate_id_if_none_provided_in_document" storage="d:\v2.0\a1\_work\dbded102\bin\release.anycpu\extensionmanagement.service\ms.vs.services.extensionmanagement.server.l0.tests\ms.vs.services.extensionmanagement.server.l0.tests.dll" id="bb0cc74f-826a-a7d4-cc3c-dfea1467a3dc">
      <Execution id="59da3a2b-06e1-4790-aa84-d9fa70948770" />
      <TestMethod codeBase="D:\v2.0\A1\_work\dbded102\bin\Release.AnyCPU\ExtensionManagement.Service\MS.VS.Services.ExtensionManagement.Server.L0.Tests\MS.VS.Services.ExtensionManagement.Server.L0.Tests.dll" adapterTypeName="Microsoft.VisualStudio.TestTools.TestTypes.Unit.UnitTestAdapter" className="MS.VS.Services.ExtensManagement.Server.L0.ExtensionData.ExtensionDataServiceTests" name="ExtensionDataService_CreateDocumentByName_should_generate_id_if_none_provided_in_document" />
    </UnitTest>
    <UnitTest name="ExtensionDataService_UpdateDocumentByName_should_throw_argument_exception_for_empty_collection_name" storage="d:\v2.0\a1\_work\dbded102\bin\release.anycpu\extensionmanagement.service\ms.vs.services.extensionmanagement.server.l0.tests\ms.vs.services.extensionmanagement.server.l0.tests.dll" id="04cf42cc-8616-a32b-7a01-409546b14be5">
      <Execution id="f304356a-2fd3-4bd9-92c0-0db7ae7b9d5a" />
      <TestMethod codeBase="D:\v2.0\A1\_work\dbded102\bin\Release.AnyCPU\ExtensionManagement.Service\MS.VS.Services.ExtensionManagement.Server.L0.Tests\MS.VS.Services.ExtensionManagement.Server.L0.Tests.dll" adapterTypeName="Microsoft.VisualStudio.TestTools.TestTypes.Unit.UnitTestAdapter" className="MS.VS.Services.ExtensManagement.Server.L0.ExtensionData.ExtensionDataServiceTests" name="ExtensionDataService_UpdateDocumentByName_should_throw_argument_exception_for_empty_collection_name" />
    </UnitTest>
    <UnitTest name="ExtensionDataService_UpdateDocumentByName_should_throw_argument_exception_for_collection_name_too_long" storage="d:\v2.0\a1\_work\dbded102\bin\release.anycpu\extensionmanagement.service\ms.vs.services.extensionmanagement.server.l0.tests\ms.vs.services.extensionmanagement.server.l0.tests.dll" id="644d6947-17fc-1f55-e209-131042c01033">
      <Execution id="bc2c3fdb-e6e8-446a-92f3-994357e626ef" />
      <TestMethod codeBase="D:\v2.0\A1\_work\dbded102\bin\Release.AnyCPU\ExtensionManagement.Service\MS.VS.Services.ExtensionManagement.Server.L0.Tests\MS.VS.Services.ExtensionManagement.Server.L0.Tests.dll" adapterTypeName="Microsoft.VisualStudio.TestTools.TestTypes.Unit.UnitTestAdapter" className="MS.VS.Services.ExtensManagement.Server.L0.ExtensionData.ExtensionDataServiceTests" name="ExtensionDataService_UpdateDocumentByName_should_throw_argument_exception_for_collection_name_too_long" />
    </UnitTest>
    <UnitTest name="ExtensionDataService_UpdateDocumentByName_should_throw_argument_exception_for_empty_scope_type" storage="d:\v2.0\a1\_work\dbded102\bin\release.anycpu\extensionmanagement.service\ms.vs.services.extensionmanagement.server.l0.tests\ms.vs.services.extensionmanagement.server.l0.tests.dll" id="d28486a0-72bb-7757-1e25-763dd20560c2">
      <Execution id="4b0fcef8-56e1-4d7d-8dec-c0aaa4912bf5" />
      <TestMethod codeBase="D:\v2.0\A1\_work\dbded102\bin\Release.AnyCPU\ExtensionManagement.Service\MS.VS.Services.ExtensionManagement.Server.L0.Tests\MS.VS.Services.ExtensionManagement.Server.L0.Tests.dll" adapterTypeName="Microsoft.VisualStudio.TestTools.TestTypes.Unit.UnitTestAdapter" className="MS.VS.Services.ExtensManagement.Server.L0.ExtensionData.ExtensionDataServiceTests" name="ExtensionDataService_UpdateDocumentByName_should_throw_argument_exception_for_empty_scope_type" />
    </UnitTest>
    <UnitTest name="ExtensionDataService_UpdateDocumentByName_should_throw_argument_null_exception_for_null_document" storage="d:\v2.0\a1\_work\dbded102\bin\release.anycpu\extensionmanagement.service\ms.vs.services.extensionmanagement.server.l0.tests\ms.vs.services.extensionmanagement.server.l0.tests.dll" id="7fd89523-5745-4bd2-ae5b-ab0941baa328">
      <Execution id="1b708f12-82fe-4dc1-b9ef-08ee24dc4aa0" />
      <TestMethod codeBase="D:\v2.0\A1\_work\dbded102\bin\Release.AnyCPU\ExtensionManagement.Service\MS.VS.Services.ExtensionManagement.Server.L0.Tests\MS.VS.Services.ExtensionManagement.Server.L0.Tests.dll" adapterTypeName="Microsoft.VisualStudio.TestTools.TestTypes.Unit.UnitTestAdapter" className="MS.VS.Services.ExtensManagement.Server.L0.ExtensionData.ExtensionDataServiceTests" name="ExtensionDataService_UpdateDocumentByName_should_throw_argument_null_exception_for_null_document" />
    </UnitTest>
    <UnitTest name="ExtensionDataService_UpdateDocumentByName_should_not_throw_argument_exception_for_null_document_value" storage="d:\v2.0\a1\_work\dbded102\bin\release.anycpu\extensionmanagement.service\ms.vs.services.extensionmanagement.server.l0.tests\ms.vs.services.extensionmanagement.server.l0.tests.dll" id="5189cad5-67f4-6afa-e54b-ff9df8e53f94">
      <Execution id="e4abd006-a5f6-47a4-8dd9-ad57c820392a" />
      <TestMethod codeBase="D:\v2.0\A1\_work\dbded102\bin\Release.AnyCPU\ExtensionManagement.Service\MS.VS.Services.ExtensionManagement.Server.L0.Tests\MS.VS.Services.ExtensionManagement.Server.L0.Tests.dll" adapterTypeName="Microsoft.VisualStudio.TestTools.TestTypes.Unit.UnitTestAdapter" className="MS.VS.Services.ExtensManagement.Server.L0.ExtensionData.ExtensionDataServiceTests" name="ExtensionDataService_UpdateDocumentByName_should_not_throw_argument_exception_for_null_document_value" />
    </UnitTest>
    <UnitTest name="ExtensionDataService_UpdateDocumentByName_should_throw_argument_null_exception_for_null_document_revision" storage="d:\v2.0\a1\_work\dbded102\bin\release.anycpu\extensionmanagement.service\ms.vs.services.extensionmanagement.server.l0.tests\ms.vs.services.extensionmanagement.server.l0.tests.dll" id="f72c5543-cbdf-cf8a-9d21-918b3eab88c6">
      <Execution id="8a5f655c-605c-49f6-b7b8-ef603915e326" />
      <TestMethod codeBase="D:\v2.0\A1\_work\dbded102\bin\Release.AnyCPU\ExtensionManagement.Service\MS.VS.Services.ExtensionManagement.Server.L0.Tests\MS.VS.Services.ExtensionManagement.Server.L0.Tests.dll" adapterTypeName="Microsoft.VisualStudio.TestTools.TestTypes.Unit.UnitTestAdapter" className="MS.VS.Services.ExtensManagement.Server.L0.ExtensionData.ExtensionDataServiceTests" name="ExtensionDataService_UpdateDocumentByName_should_throw_argument_null_exception_for_null_document_revision" />
    </UnitTest>
    <UnitTest name="ExtensionDataService_UpdateDocumentByName_should_throw_argument_null_exception_for_null_document_id" storage="d:\v2.0\a1\_work\dbded102\bin\release.anycpu\extensionmanagement.service\ms.vs.services.extensionmanagement.server.l0.tests\ms.vs.services.extensionmanagement.server.l0.tests.dll" id="454cdfc4-5075-0e6e-96aa-6558b254442a">
      <Execution id="84ff7092-eb71-4de6-b30e-03061ecb2e89" />
      <TestMethod codeBase="D:\v2.0\A1\_work\dbded102\bin\Release.AnyCPU\ExtensionManagement.Service\MS.VS.Services.ExtensionManagement.Server.L0.Tests\MS.VS.Services.ExtensionManagement.Server.L0.Tests.dll" adapterTypeName="Microsoft.VisualStudio.TestTools.TestTypes.Unit.UnitTestAdapter" className="MS.VS.Services.ExtensManagement.Server.L0.ExtensionData.ExtensionDataServiceTests" name="ExtensionDataService_UpdateDocumentByName_should_throw_argument_null_exception_for_null_document_id" />
    </UnitTest>
    <UnitTest name="ExtensionDataService_UpdateDocumentByName_should_return_results" storage="d:\v2.0\a1\_work\dbded102\bin\release.anycpu\extensionmanagement.service\ms.vs.services.extensionmanagement.server.l0.tests\ms.vs.services.extensionmanagement.server.l0.tests.dll" id="93b7f916-07cb-16b8-0c1d-06151b9fa00a">
      <Execution id="a1e4966d-6498-46eb-a521-906ea66d31a1" />
      <TestMethod codeBase="D:\v2.0\A1\_work\dbded102\bin\Release.AnyCPU\ExtensionManagement.Service\MS.VS.Services.ExtensionManagement.Server.L0.Tests\MS.VS.Services.ExtensionManagement.Server.L0.Tests.dll" adapterTypeName="Microsoft.VisualStudio.TestTools.TestTypes.Unit.UnitTestAdapter" className="MS.VS.Services.ExtensManagement.Server.L0.ExtensionData.ExtensionDataServiceTests" name="ExtensionDataService_UpdateDocumentByName_should_return_results" />
    </UnitTest>
    <UnitTest name="ExtensionDataService_UpdateDocumentByName_should_not_increment_version_negative_one" storage="d:\v2.0\a1\_work\dbded102\bin\release.anycpu\extensionmanagement.service\ms.vs.services.extensionmanagement.server.l0.tests\ms.vs.services.extensionmanagement.server.l0.tests.dll" id="12e2e28a-2d68-61f1-7d94-d5c9ff52e2ac">
      <Execution id="dddabd05-8522-4a51-9fb5-049ac06b55e0" />
      <TestMethod codeBase="D:\v2.0\A1\_work\dbded102\bin\Release.AnyCPU\ExtensionManagement.Service\MS.VS.Services.ExtensionManagement.Server.L0.Tests\MS.VS.Services.ExtensionManagement.Server.L0.Tests.dll" adapterTypeName="Microsoft.VisualStudio.TestTools.TestTypes.Unit.UnitTestAdapter" className="MS.VS.Services.ExtensManagement.Server.L0.ExtensionData.ExtensionDataServiceTests" name="ExtensionDataService_UpdateDocumentByName_should_not_increment_version_negative_one" />
    </UnitTest>
    <UnitTest name="ExtensionDataService_UpdateDocumentByName_should_strip_properties_starting_with_double_underscore" storage="d:\v2.0\a1\_work\dbded102\bin\release.anycpu\extensionmanagement.service\ms.vs.services.extensionmanagement.server.l0.tests\ms.vs.services.extensionmanagement.server.l0.tests.dll" id="2be7a150-e06f-61eb-93ac-1ef0edc203dd">
      <Execution id="2a340c14-ceaf-49bb-9d20-134f88aaf38f" />
      <TestMethod codeBase="D:\v2.0\A1\_work\dbded102\bin\Release.AnyCPU\ExtensionManagement.Service\MS.VS.Services.ExtensionManagement.Server.L0.Tests\MS.VS.Services.ExtensionManagement.Server.L0.Tests.dll" adapterTypeName="Microsoft.VisualStudio.TestTools.TestTypes.Unit.UnitTestAdapter" className="MS.VS.Services.ExtensManagement.Server.L0.ExtensionData.ExtensionDataServiceTests" name="ExtensionDataService_UpdateDocumentByName_should_strip_properties_starting_with_double_underscore" />
    </UnitTest>
    <UnitTest name="ExtensionDataService_DeleteDocumentByName_should_throw_argument_exception_for_empty_collection_name" storage="d:\v2.0\a1\_work\dbded102\bin\release.anycpu\extensionmanagement.service\ms.vs.services.extensionmanagement.server.l0.tests\ms.vs.services.extensionmanagement.server.l0.tests.dll" id="cc1e799c-aa19-8a5c-e28d-9b55e536c95f">
      <Execution id="826997d4-69fb-49c8-bd6a-754b79d74d54" />
      <TestMethod codeBase="D:\v2.0\A1\_work\dbded102\bin\Release.AnyCPU\ExtensionManagement.Service\MS.VS.Services.ExtensionManagement.Server.L0.Tests\MS.VS.Services.ExtensionManagement.Server.L0.Tests.dll" adapterTypeName="Microsoft.VisualStudio.TestTools.TestTypes.Unit.UnitTestAdapter" className="MS.VS.Services.ExtensManagement.Server.L0.ExtensionData.ExtensionDataServiceTests" name="ExtensionDataService_DeleteDocumentByName_should_throw_argument_exception_for_empty_collection_name" />
    </UnitTest>
    <UnitTest name="ExtensionDataService_DeleteDocumentByName_should_throw_argument_exception_for_empty_scope_type" storage="d:\v2.0\a1\_work\dbded102\bin\release.anycpu\extensionmanagement.service\ms.vs.services.extensionmanagement.server.l0.tests\ms.vs.services.extensionmanagement.server.l0.tests.dll" id="8fe7c08b-07e3-678b-d1ba-590709c41b42">
      <Execution id="68cc547f-6066-4e10-a7df-015dcb5e2d79" />
      <TestMethod codeBase="D:\v2.0\A1\_work\dbded102\bin\Release.AnyCPU\ExtensionManagement.Service\MS.VS.Services.ExtensionManagement.Server.L0.Tests\MS.VS.Services.ExtensionManagement.Server.L0.Tests.dll" adapterTypeName="Microsoft.VisualStudio.TestTools.TestTypes.Unit.UnitTestAdapter" className="MS.VS.Services.ExtensManagement.Server.L0.ExtensionData.ExtensionDataServiceTests" name="ExtensionDataService_DeleteDocumentByName_should_throw_argument_exception_for_empty_scope_type" />
    </UnitTest>
    <UnitTest name="ExtensionDataService_DeleteDocumentByName_should_throw_argument_exception_for_empty_document_id" storage="d:\v2.0\a1\_work\dbded102\bin\release.anycpu\extensionmanagement.service\ms.vs.services.extensionmanagement.server.l0.tests\ms.vs.services.extensionmanagement.server.l0.tests.dll" id="25ab5384-4d5a-d4eb-0ce0-b2a87b0c813d">
      <Execution id="8a224329-3bcb-4f9a-b15f-c6d19c2b2e08" />
      <TestMethod codeBase="D:\v2.0\A1\_work\dbded102\bin\Release.AnyCPU\ExtensionManagement.Service\MS.VS.Services.ExtensionManagement.Server.L0.Tests\MS.VS.Services.ExtensionManagement.Server.L0.Tests.dll" adapterTypeName="Microsoft.VisualStudio.TestTools.TestTypes.Unit.UnitTestAdapter" className="MS.VS.Services.ExtensManagement.Server.L0.ExtensionData.ExtensionDataServiceTests" name="ExtensionDataService_DeleteDocumentByName_should_throw_argument_exception_for_empty_document_id" />
    </UnitTest>
    <UnitTest name="ExtensionDataService_DeleteDocumentByName_should_call_sql_component" storage="d:\v2.0\a1\_work\dbded102\bin\release.anycpu\extensionmanagement.service\ms.vs.services.extensionmanagement.server.l0.tests\ms.vs.services.extensionmanagement.server.l0.tests.dll" id="119ad4a3-f80a-a8fc-494a-489c4c626cf7">
      <Execution id="4f71f176-063b-48e6-8e04-8fa1474134e1" />
      <TestMethod codeBase="D:\v2.0\A1\_work\dbded102\bin\Release.AnyCPU\ExtensionManagement.Service\MS.VS.Services.ExtensionManagement.Server.L0.Tests\MS.VS.Services.ExtensionManagement.Server.L0.Tests.dll" adapterTypeName="Microsoft.VisualStudio.TestTools.TestTypes.Unit.UnitTestAdapter" className="MS.VS.Services.ExtensManagement.Server.L0.ExtensionData.ExtensionDataServiceTests" name="ExtensionDataService_DeleteDocumentByName_should_call_sql_component" />
    </UnitTest>
  </TestDefinitions>
  <TestEntries>
    <TestEntry testId="6d170c96-d7df-148e-095a-4f7694ce9716" executionId="111aba2c-8701-4e0d-bd7b-357ba0e96cdf" testListId="8c84fa94-04c1-424b-9868-57a2d4851a1d" />
    <TestEntry testId="2f867cb0-2c28-855c-99fb-379df070e3b3" executionId="1777f1be-9d45-470a-8416-e472c9da4354" testListId="8c84fa94-04c1-424b-9868-57a2d4851a1d" />
    <TestEntry testId="d8f4201d-6ce3-42f4-6cf4-3db093f9e775" executionId="e896431b-55ca-4b20-9328-b4c97621ddba" testListId="8c84fa94-04c1-424b-9868-57a2d4851a1d" />
    <TestEntry testId="99ba1f7e-63fd-bb42-c43b-3980f3396186" executionId="51fa946a-c84e-4e9e-bb0a-dc72ffe589ed" testListId="8c84fa94-04c1-424b-9868-57a2d4851a1d" />
    <TestEntry testId="180c3dda-7e4c-bb9e-84cb-35e0480f68a4" executionId="9ef6a87c-d807-4e7e-adb3-709849ea6b7b" testListId="8c84fa94-04c1-424b-9868-57a2d4851a1d" />
    <TestEntry testId="0e0a1105-e6eb-c08d-5506-e7cd306f5a62" executionId="57041415-8cc8-48f7-9a9b-535949313587" testListId="8c84fa94-04c1-424b-9868-57a2d4851a1d" />
    <TestEntry testId="9b1a8a72-485d-b07d-5950-521eb185f45b" executionId="56e97825-8d45-47c7-94b7-5a6fc0f0699b" testListId="8c84fa94-04c1-424b-9868-57a2d4851a1d" />
    <TestEntry testId="b07de56d-9818-f7cc-1255-dbf2f9031ce4" executionId="57b6b0f8-3248-4666-b02e-91472e40cc10" testListId="8c84fa94-04c1-424b-9868-57a2d4851a1d" />
    <TestEntry testId="76bdfff3-b582-a500-7fbb-4c8ffd385e97" executionId="e89db2ea-a681-4d4f-9bd1-0db2f6771d28" testListId="8c84fa94-04c1-424b-9868-57a2d4851a1d" />
    <TestEntry testId="bfcf2475-893f-6fc6-3ed1-d7916d3481a4" executionId="bda4a4be-a5f5-4847-9c19-acb93fd52909" testListId="8c84fa94-04c1-424b-9868-57a2d4851a1d" />
    <TestEntry testId="bf49d670-43f8-3ef5-ccce-97193fe8a0dd" executionId="c74a3ed3-4379-4ebb-b9f0-72a544a62221" testListId="8c84fa94-04c1-424b-9868-57a2d4851a1d" />
    <TestEntry testId="1423d530-5da2-bda7-4a50-eff7ce474938" executionId="f855b3a2-fdfa-41df-b4b4-d4be6d34b5b0" testListId="8c84fa94-04c1-424b-9868-57a2d4851a1d" />
    <TestEntry testId="358be276-174e-ceaf-878d-9e8a820326ab" executionId="abb01910-08cf-4ec7-a99b-7c3eaae2ef26" testListId="8c84fa94-04c1-424b-9868-57a2d4851a1d" />
    <TestEntry testId="97e8cbf0-503e-d70f-919c-7a1ecf56647b" executionId="7646dc05-3548-48a0-91f5-9564cfdd2a53" testListId="8c84fa94-04c1-424b-9868-57a2d4851a1d" />
    <TestEntry testId="2fa10899-c557-318a-d8b4-11f220011e2f" executionId="97f6d7e4-e95e-4848-9307-0d5097fed703" testListId="8c84fa94-04c1-424b-9868-57a2d4851a1d" />
    <TestEntry testId="3b8d9e29-a6e0-6185-ebe1-67a9c5a69c70" executionId="be999618-e3b7-466b-abf0-43671203f442" testListId="8c84fa94-04c1-424b-9868-57a2d4851a1d" />
    <TestEntry testId="68a7b7a9-ac54-493a-5352-a04c8441e3a5" executionId="b151266c-637f-42f4-9680-d01728a919af" testListId="8c84fa94-04c1-424b-9868-57a2d4851a1d" />
    <TestEntry testId="c1be9e8a-eb79-9963-81c4-93182581bfbe" executionId="54b954b2-8be4-4bc9-983f-6bfe90e4a090" testListId="8c84fa94-04c1-424b-9868-57a2d4851a1d" />
    <TestEntry testId="165517a9-6288-4b13-9e8f-1f575d8b5add" executionId="b7d73e16-a8af-42f8-9d0d-1e1a9105675f" testListId="8c84fa94-04c1-424b-9868-57a2d4851a1d" />
    <TestEntry testId="cef3b611-a3c8-cac8-1e16-bd88118338c1" executionId="dbc0488b-1a04-46aa-a812-7e2d6cfa9726" testListId="8c84fa94-04c1-424b-9868-57a2d4851a1d" />
    <TestEntry testId="4336fc29-f006-ebeb-9105-5c9d72147510" executionId="276cc5f0-cdb9-41fb-a734-d5b69a114b2a" testListId="8c84fa94-04c1-424b-9868-57a2d4851a1d" />
    <TestEntry testId="8c3d1707-8c8a-01d2-d4ba-14cefd1ca758" executionId="6d3a5c4d-c4bc-4057-acfc-16acc47661a8" testListId="8c84fa94-04c1-424b-9868-57a2d4851a1d" />
    <TestEntry testId="6781c797-903d-9689-c869-511147a0d64c" executionId="09af4aed-6c90-4bae-b411-d980fe35af33" testListId="8c84fa94-04c1-424b-9868-57a2d4851a1d" />
    <TestEntry testId="4fde62c1-698b-017e-3021-2897e336c7a5" executionId="9bf191f3-e53c-40bf-943f-440c0c6b06f2" testListId="8c84fa94-04c1-424b-9868-57a2d4851a1d" />
    <TestEntry testId="fff610bd-6642-be67-0113-29029fb1d415" executionId="5aee25eb-fba0-4567-938e-da3f08b97e45" testListId="8c84fa94-04c1-424b-9868-57a2d4851a1d" />
    <TestEntry testId="c795eaa1-c13c-e7a1-9711-5eb3ac1ea43c" executionId="87fdcb36-928b-4aeb-a4f1-c92c9d1fc655" testListId="8c84fa94-04c1-424b-9868-57a2d4851a1d" />
    <TestEntry testId="ab54ecc4-3aa2-98c2-31f1-efb813f1c013" executionId="e274168a-7140-42ff-b097-d8c2165339ae" testListId="8c84fa94-04c1-424b-9868-57a2d4851a1d" />
    <TestEntry testId="24cf57cc-8464-b194-8632-305aa7fc449f" executionId="2017c51d-b0d0-47a7-b1bb-7100ba5f4e5e" testListId="8c84fa94-04c1-424b-9868-57a2d4851a1d" />
    <TestEntry testId="d3b2cf7e-b478-b12b-3bb4-5720c0af7e57" executionId="f0477d20-4c96-4de8-9050-c7bd6645cb55" testListId="8c84fa94-04c1-424b-9868-57a2d4851a1d" />
    <TestEntry testId="ed733178-69f5-8ac3-e70e-308fec11cccf" executionId="50003fa0-b9c8-470e-971e-e850c4f5756b" testListId="8c84fa94-04c1-424b-9868-57a2d4851a1d" />
    <TestEntry testId="19e2efc1-c185-b753-c844-d859abca4fdc" executionId="bca83ee0-f918-4276-adce-89c5329159cf" testListId="8c84fa94-04c1-424b-9868-57a2d4851a1d" />
    <TestEntry testId="d822330d-5efc-04ce-ef75-c72d46ca7e03" executionId="4bc18b74-38b3-4535-a110-b0620768df01" testListId="8c84fa94-04c1-424b-9868-57a2d4851a1d" />
    <TestEntry testId="f0e53186-b2e0-81b6-3bfe-3e691bb604bf" executionId="6f3e5a44-6a42-4c44-b2ae-e2676b6c5252" testListId="8c84fa94-04c1-424b-9868-57a2d4851a1d" />
    <TestEntry testId="d0b8d2ce-5f27-5194-2e02-4988664323c3" executionId="191d2fee-eeda-4a45-af98-7336a53285bc" testListId="8c84fa94-04c1-424b-9868-57a2d4851a1d" />
    <TestEntry testId="3df62be0-6e9d-b00e-d41d-49b55c78771e" executionId="d67b576f-7005-4cd5-b720-3133fd454c6a" testListId="8c84fa94-04c1-424b-9868-57a2d4851a1d" />
    <TestEntry testId="f444a754-bd43-8e82-3279-6f04cd78af13" executionId="4c26a6c9-4ca9-4a1e-8648-d12545ba6186" testListId="8c84fa94-04c1-424b-9868-57a2d4851a1d" />
    <TestEntry testId="554b21af-efec-e6d8-68ff-b98444a73d18" executionId="90027232-ea4b-4a95-a59d-7a413100d6a1" testListId="8c84fa94-04c1-424b-9868-57a2d4851a1d" />
    <TestEntry testId="265b1b02-18e8-8539-f000-155f584efea2" executionId="7acb32c7-8b54-4b11-a9d4-510108b4548b" testListId="8c84fa94-04c1-424b-9868-57a2d4851a1d" />
    <TestEntry testId="b35e0404-daac-9a18-48a3-ce082e4aa7ef" executionId="b1f11bee-27f4-4171-a817-99f16032e260" testListId="8c84fa94-04c1-424b-9868-57a2d4851a1d" />
    <TestEntry testId="5deea73c-5355-9526-609e-9c6356e72f43" executionId="ac20d914-9e05-4537-8bb8-76472fdb0504" testListId="8c84fa94-04c1-424b-9868-57a2d4851a1d" />
    <TestEntry testId="f84c2025-8cc6-ac07-4938-ba09e8d45cce" executionId="e57320fa-8d48-4563-85be-4ef850a59811" testListId="8c84fa94-04c1-424b-9868-57a2d4851a1d" />
    <TestEntry testId="ebce1ed5-e51d-305e-16b0-1abf63ede87c" executionId="26ef1e85-e130-466c-beda-d4de208b14e0" testListId="8c84fa94-04c1-424b-9868-57a2d4851a1d" />
    <TestEntry testId="17cabc99-f290-8e6b-1eab-563e393810e4" executionId="335f4430-5308-470c-94dd-1826a24751a9" testListId="8c84fa94-04c1-424b-9868-57a2d4851a1d" />
    <TestEntry testId="6f8a55ad-42ef-0466-3717-f11fef0d9afd" executionId="2856d2fa-8c79-4974-88ea-54599e30313f" testListId="8c84fa94-04c1-424b-9868-57a2d4851a1d" />
    <TestEntry testId="e1af50e6-27c2-fa71-75d8-184fafdf7463" executionId="cfbca408-9618-4c1b-a4a2-6e9d5ee6b00c" testListId="8c84fa94-04c1-424b-9868-57a2d4851a1d" />
    <TestEntry testId="b285ad09-48cd-2016-e327-d2265a41d09f" executionId="108f3562-8a27-4ac9-b0b1-1c7927d6af68" testListId="8c84fa94-04c1-424b-9868-57a2d4851a1d" />
    <TestEntry testId="04d031b5-97cf-16ee-f3cc-39698b07183e" executionId="10d5d103-8e0e-4176-a7db-80fb9fc4a229" testListId="8c84fa94-04c1-424b-9868-57a2d4851a1d" />
    <TestEntry testId="f3cee916-ae7c-d743-cd7e-78e0a7ae2020" executionId="f26756ff-658b-4812-91fd-9a1ff022b88c" testListId="8c84fa94-04c1-424b-9868-57a2d4851a1d" />
    <TestEntry testId="99c45aa5-230b-ce02-6e60-cb0632806cb0" executionId="56bd3c22-c7ee-4c8a-aec4-8d1bd28a3a57" testListId="8c84fa94-04c1-424b-9868-57a2d4851a1d" />
    <TestEntry testId="78b56950-fce7-3ddc-dc7a-3cfb80945204" executionId="209865c8-4c49-4b6f-84b0-d6e3050f5033" testListId="8c84fa94-04c1-424b-9868-57a2d4851a1d" />
    <TestEntry testId="d029a60a-438c-73eb-3def-f5b30972d927" executionId="2b45070f-b783-4876-ad03-69030e55d5c7" testListId="8c84fa94-04c1-424b-9868-57a2d4851a1d" />
    <TestEntry testId="254bb920-7990-0bec-0ade-2496c677d5d2" executionId="ce75fa88-cab4-44a4-82c2-76dc8ed08462" testListId="8c84fa94-04c1-424b-9868-57a2d4851a1d" />
    <TestEntry testId="5c23944b-3137-94e6-4ec4-af81674acace" executionId="097e0ee1-b646-40c8-bfe4-27eaa18c6331" testListId="8c84fa94-04c1-424b-9868-57a2d4851a1d" />
    <TestEntry testId="82f6a3ec-7f60-8ddc-ec3e-debd85f2dcd0" executionId="54a107ab-7788-4b8c-9fd6-ee3cecb5dfee" testListId="8c84fa94-04c1-424b-9868-57a2d4851a1d" />
    <TestEntry testId="80cf664f-057d-8db8-4c81-ea0ccd693058" executionId="e4072b53-858c-44cd-a996-a339f7478153" testListId="8c84fa94-04c1-424b-9868-57a2d4851a1d" />
    <TestEntry testId="d0fa13fa-bfda-d500-a1ff-ce716b7a5d8f" executionId="1b28da02-d817-4824-9678-724a4e0ec0ce" testListId="8c84fa94-04c1-424b-9868-57a2d4851a1d" />
    <TestEntry testId="dc764849-f72e-5f11-06e1-47253c0fe6f9" executionId="cac187a1-5def-466b-b193-1cd83a86b063" testListId="8c84fa94-04c1-424b-9868-57a2d4851a1d" />
    <TestEntry testId="f504cda2-c26a-5a4a-ce4d-c02c99fd8c54" executionId="25fc9e72-2b5b-48bb-b7e9-4737e221256a" testListId="8c84fa94-04c1-424b-9868-57a2d4851a1d" />
    <TestEntry testId="3a2e3f03-34ee-6f89-7bef-eec8a0e279cb" executionId="abf3888e-052f-406a-a7e4-26a635a37c8c" testListId="8c84fa94-04c1-424b-9868-57a2d4851a1d" />
    <TestEntry testId="9f044f94-1fb9-c259-e772-b9ff750caf12" executionId="16199c1f-c412-470d-b775-797eb0563b71" testListId="8c84fa94-04c1-424b-9868-57a2d4851a1d" />
    <TestEntry testId="b5e7c1f8-9337-661b-904f-8f4b8ac08ed8" executionId="e84313f3-b633-43f0-81ab-64f7b755f069" testListId="8c84fa94-04c1-424b-9868-57a2d4851a1d" />
    <TestEntry testId="cb0a5439-dbc8-1e65-2597-366bacdb27ce" executionId="f918d562-0e92-43ea-933e-bd0fe934eefb" testListId="8c84fa94-04c1-424b-9868-57a2d4851a1d" />
    <TestEntry testId="357edcd2-7f8f-6323-b330-f4c95fecc880" executionId="d07945f8-8f8d-4fa6-87af-23488a3f8be6" testListId="8c84fa94-04c1-424b-9868-57a2d4851a1d" />
    <TestEntry testId="4bd1ffb9-1cb6-a7e6-8132-5ef855a358bb" executionId="d72c2980-17bc-47ba-9c63-d5d858e524f1" testListId="8c84fa94-04c1-424b-9868-57a2d4851a1d" />
    <TestEntry testId="0fc23756-a24b-bcee-cdae-51cc6d420bdc" executionId="0adca0b5-1a2c-48ef-98ab-201c6072c1fe" testListId="8c84fa94-04c1-424b-9868-57a2d4851a1d" />
    <TestEntry testId="84e4e0e5-a230-217f-86d1-3326580dbec1" executionId="ddb4cb9e-92ca-4fb5-a05c-9d590ac81562" testListId="8c84fa94-04c1-424b-9868-57a2d4851a1d" />
    <TestEntry testId="b27cd985-e747-e431-0a78-f51dc3e308a4" executionId="cd8c37ef-5c84-48bd-80e9-c6b3707f15bf" testListId="8c84fa94-04c1-424b-9868-57a2d4851a1d" />
    <TestEntry testId="7c0332f9-b107-2619-5dd2-69b5318bf7ea" executionId="4b064b13-dd78-4494-8eed-11926c9cad3d" testListId="8c84fa94-04c1-424b-9868-57a2d4851a1d" />
    <TestEntry testId="06a2b8e8-e19b-0ad6-03a4-2dfebe787252" executionId="738c6859-f636-4bcd-9b81-e8a831ba4aca" testListId="8c84fa94-04c1-424b-9868-57a2d4851a1d" />
    <TestEntry testId="ae561887-cd88-0b20-2e89-f878ed9169ab" executionId="57adf222-d90a-41df-84a7-ea38e2b912ee" testListId="8c84fa94-04c1-424b-9868-57a2d4851a1d" />
    <TestEntry testId="1bbced13-6b00-ee1e-add6-83f621285ff8" executionId="0562aab2-5247-4373-9285-5889223cd8d2" testListId="8c84fa94-04c1-424b-9868-57a2d4851a1d" />
    <TestEntry testId="d1c5f2a7-7b5b-b894-ca77-fc46c1625d30" executionId="318fed6a-23b7-455a-8770-fea8b3abeda3" testListId="8c84fa94-04c1-424b-9868-57a2d4851a1d" />
    <TestEntry testId="8e7ecfa7-6c49-cc94-9ef8-094923274d22" executionId="fda21ead-5364-4848-b2c4-a6bcbb7fbb2a" testListId="8c84fa94-04c1-424b-9868-57a2d4851a1d" />
    <TestEntry testId="3605c69e-4c73-f095-d816-48c5a2a150e3" executionId="64fb4150-8aa8-404e-858c-50e18668713c" testListId="8c84fa94-04c1-424b-9868-57a2d4851a1d" />
    <TestEntry testId="db669c06-677a-406c-9e2e-06cee8b900f6" executionId="84dbe7fb-4f67-45b2-9639-edd0ec59d07c" testListId="8c84fa94-04c1-424b-9868-57a2d4851a1d" />
    <TestEntry testId="f7026fef-1968-85fc-50ba-fe2613c3627c" executionId="34ed476d-9b51-404b-bcd4-dc47efc7b053" testListId="8c84fa94-04c1-424b-9868-57a2d4851a1d" />
    <TestEntry testId="33534c05-6556-65cc-04c5-7f07b052b8c9" executionId="66b46044-e2ff-41d0-bdcc-b278be581d6b" testListId="8c84fa94-04c1-424b-9868-57a2d4851a1d" />
    <TestEntry testId="16c2ca85-92e5-1160-2a5f-e1ef3c065362" executionId="bee21687-65d8-4cb4-ba99-00e5b44f7596" testListId="8c84fa94-04c1-424b-9868-57a2d4851a1d" />
    <TestEntry testId="47c786fa-9461-697c-e314-729794bf115f" executionId="bb8d41c4-5789-448c-a71f-fd230c3d8c38" testListId="8c84fa94-04c1-424b-9868-57a2d4851a1d" />
    <TestEntry testId="bb0cc74f-826a-a7d4-cc3c-dfea1467a3dc" executionId="59da3a2b-06e1-4790-aa84-d9fa70948770" testListId="8c84fa94-04c1-424b-9868-57a2d4851a1d" />
    <TestEntry testId="04cf42cc-8616-a32b-7a01-409546b14be5" executionId="f304356a-2fd3-4bd9-92c0-0db7ae7b9d5a" testListId="8c84fa94-04c1-424b-9868-57a2d4851a1d" />
    <TestEntry testId="644d6947-17fc-1f55-e209-131042c01033" executionId="bc2c3fdb-e6e8-446a-92f3-994357e626ef" testListId="8c84fa94-04c1-424b-9868-57a2d4851a1d" />
    <TestEntry testId="d28486a0-72bb-7757-1e25-763dd20560c2" executionId="4b0fcef8-56e1-4d7d-8dec-c0aaa4912bf5" testListId="8c84fa94-04c1-424b-9868-57a2d4851a1d" />
    <TestEntry testId="7fd89523-5745-4bd2-ae5b-ab0941baa328" executionId="1b708f12-82fe-4dc1-b9ef-08ee24dc4aa0" testListId="8c84fa94-04c1-424b-9868-57a2d4851a1d" />
    <TestEntry testId="5189cad5-67f4-6afa-e54b-ff9df8e53f94" executionId="e4abd006-a5f6-47a4-8dd9-ad57c820392a" testListId="8c84fa94-04c1-424b-9868-57a2d4851a1d" />
    <TestEntry testId="f72c5543-cbdf-cf8a-9d21-918b3eab88c6" executionId="8a5f655c-605c-49f6-b7b8-ef603915e326" testListId="8c84fa94-04c1-424b-9868-57a2d4851a1d" />
    <TestEntry testId="454cdfc4-5075-0e6e-96aa-6558b254442a" executionId="84ff7092-eb71-4de6-b30e-03061ecb2e89" testListId="8c84fa94-04c1-424b-9868-57a2d4851a1d" />
    <TestEntry testId="93b7f916-07cb-16b8-0c1d-06151b9fa00a" executionId="a1e4966d-6498-46eb-a521-906ea66d31a1" testListId="8c84fa94-04c1-424b-9868-57a2d4851a1d" />
    <TestEntry testId="12e2e28a-2d68-61f1-7d94-d5c9ff52e2ac" executionId="dddabd05-8522-4a51-9fb5-049ac06b55e0" testListId="8c84fa94-04c1-424b-9868-57a2d4851a1d" />
    <TestEntry testId="2be7a150-e06f-61eb-93ac-1ef0edc203dd" executionId="2a340c14-ceaf-49bb-9d20-134f88aaf38f" testListId="8c84fa94-04c1-424b-9868-57a2d4851a1d" />
    <TestEntry testId="cc1e799c-aa19-8a5c-e28d-9b55e536c95f" executionId="826997d4-69fb-49c8-bd6a-754b79d74d54" testListId="8c84fa94-04c1-424b-9868-57a2d4851a1d" />
    <TestEntry testId="8fe7c08b-07e3-678b-d1ba-590709c41b42" executionId="68cc547f-6066-4e10-a7df-015dcb5e2d79" testListId="8c84fa94-04c1-424b-9868-57a2d4851a1d" />
    <TestEntry testId="25ab5384-4d5a-d4eb-0ce0-b2a87b0c813d" executionId="8a224329-3bcb-4f9a-b15f-c6d19c2b2e08" testListId="8c84fa94-04c1-424b-9868-57a2d4851a1d" />
    <TestEntry testId="119ad4a3-f80a-a8fc-494a-489c4c626cf7" executionId="4f71f176-063b-48e6-8e04-8fa1474134e1" testListId="8c84fa94-04c1-424b-9868-57a2d4851a1d" />
  </TestEntries>
  <TestLists>
    <TestList name="Results Not in a List" id="8c84fa94-04c1-424b-9868-57a2d4851a1d" />
    <TestList name="All Loaded Results" id="19431567-8539-422a-85d7-44ee4e166bda" />
  </TestLists>
  <ResultSummary outcome="Completed">
    <Counters total="94" executed="94" passed="94" failed="0" error="0" timeout="0" aborted="0" inconclusive="0" passedButRunAborted="0" notRunnable="0" notExecuted="0" disconnected="0" warning="0" completed="0" inProgress="0" pending="0" />
  </ResultSummary>
</TestRun>