<?xml version="1.0" encoding="UTF-8"?>
<TestRun id="185f39a0-ad24-4460-aea7-423f22a4af3f" name="tfsmladm@TFSBUILD11 2015-09-28 09:43:39" runUser="REDMOND\tfsmladm" xmlns="http://microsoft.com/schemas/VisualStudio/TeamTest/2010">
  <Times creation="2015-09-28T09:43:40.0005118-07:00" queuing="2015-09-28T09:43:40.0005118-07:00" start="2015-09-28T09:43:40.0005118-07:00" finish="2015-09-28T09:43:40.1723985-07:00" />
  <TestSettings name="default" id="8ddc2a4e-85f8-4100-9c4c-3c56a0f84acd">
    <Execution>
      <TestTypeSpecific />
    </Execution>
    <Deployment runDeploymentRoot="tfsmladm_TFSBUILD11 2015-09-28 09_43_39" />
    <Properties />
  </TestSettings>
  <Results>
    <UnitTestResult executionId="fca21cc9-4a74-4a9f-a4ea-28eaf84d2cbc" testId="1c2761de-47c5-b964-d43b-3232d3daf94d" testName="Post_CreatesPackageUsingPostedData" computerName="TFSBUILD11" duration="00:00:00.3452633" startTime="2015-09-28T09:43:39.4535974-07:00" endTime="2015-09-28T09:43:39.8442507-07:00" testType="13cdc9d9-ddb5-4fa4-a97d-d965ccfc6d4b" outcome="Passed" testListId="8c84fa94-04c1-424b-9868-57a2d4851a1d" relativeResultsDirectory="fca21cc9-4a74-4a9f-a4ea-28eaf84d2cbc" />
    <UnitTestResult executionId="30f2399e-7398-44d0-959b-48fc287aa943" testId="dd2f95f0-1278-3ee9-db26-057281cfee03" testName="PackageDownloadEvent_WhenDownloadClicked_CreatePackageDownloadEventIsCalled" computerName="TFSBUILD11" duration="00:00:00.0194411" startTime="2015-09-28T09:43:39.8598766-07:00" endTime="2015-09-28T09:43:39.8755027-07:00" testType="13cdc9d9-ddb5-4fa4-a97d-d965ccfc6d4b" outcome="Passed" testListId="8c84fa94-04c1-424b-9868-57a2d4851a1d" relativeResultsDirectory="30f2399e-7398-44d0-959b-48fc287aa943" />
    <UnitTestResult executionId="8cb53220-f727-43ae-b797-70181862f7fb" testId="54c88e14-6f1d-97cb-04c4-e3ea580fe047" testName="Delete_MakesCallToDeleteSpecifiedPackage" computerName="TFSBUILD11" duration="00:00:00.0161097" startTime="2015-09-28T09:43:39.8755027-07:00" endTime="2015-09-28T09:43:39.8911288-07:00" testType="13cdc9d9-ddb5-4fa4-a97d-d965ccfc6d4b" outcome="Passed" testListId="8c84fa94-04c1-424b-9868-57a2d4851a1d" relativeResultsDirectory="8cb53220-f727-43ae-b797-70181862f7fb" />
    <UnitTestResult executionId="0c9729ba-a63d-4620-9f49-c899bd666e8b" testId="32b6fb09-c017-0e08-3bd1-0ef44cd3eaba" testName="Delete_IfSourceTypeIsUserUpload_CallsFileCOntainerServiceToDeleteAssociatedFiles" computerName="TFSBUILD11" duration="00:00:00.0103452" startTime="2015-09-28T09:43:39.8911288-07:00" endTime="2015-09-28T09:43:39.9067546-07:00" testType="13cdc9d9-ddb5-4fa4-a97d-d965ccfc6d4b" outcome="Passed" testListId="8c84fa94-04c1-424b-9868-57a2d4851a1d" relativeResultsDirectory="0c9729ba-a63d-4620-9f49-c899bd666e8b" />
    <UnitTestResult executionId="1efe755f-c96a-4b88-90b7-42ee08719841" testId="3f93c57a-7675-87ea-e763-d97465e6da9c" testName="Delete_IfSourceTypeIsNotUserUpload_DoesNotCallFileCOntainerServiceToDeleteAssociatedFiles" computerName="TFSBUILD11" duration="00:00:00.0097988" startTime="2015-09-28T09:43:39.9067546-07:00" endTime="2015-09-28T09:43:39.9223813-07:00" testType="13cdc9d9-ddb5-4fa4-a97d-d965ccfc6d4b" outcome="Passed" testListId="8c84fa94-04c1-424b-9868-57a2d4851a1d" relativeResultsDirectory="1efe755f-c96a-4b88-90b7-42ee08719841" />
    <UnitTestResult executionId="2348e30f-ddc0-4992-be11-67fb62b84df5" testId="2524e39e-8b1a-8798-82ea-a1b878c47c15" testName="Delete_ReturnsASuccessJsonResult" computerName="TFSBUILD11" duration="00:00:00.0063851" startTime="2015-09-28T09:43:39.9223813-07:00" endTime="2015-09-28T09:43:39.9223813-07:00" testType="13cdc9d9-ddb5-4fa4-a97d-d965ccfc6d4b" outcome="Passed" testListId="8c84fa94-04c1-424b-9868-57a2d4851a1d" relativeResultsDirectory="2348e30f-ddc0-4992-be11-67fb62b84df5" />
    <UnitTestResult executionId="19cfccf6-64ad-4c4f-9937-043571f45f02" testId="9fc81289-f17e-cddf-307b-fff7ccb5242b" testName="GetUIPackageModelList_ReturnsPackageListJson" computerName="TFSBUILD11" duration="00:00:00.0112016" startTime="2015-09-28T09:43:39.9223813-07:00" endTime="2015-09-28T09:43:39.9380077-07:00" testType="13cdc9d9-ddb5-4fa4-a97d-d965ccfc6d4b" outcome="Passed" testListId="8c84fa94-04c1-424b-9868-57a2d4851a1d" relativeResultsDirectory="19cfccf6-64ad-4c4f-9937-043571f45f02" />
    <UnitTestResult executionId="f5f47e43-7213-4bfb-8c25-032d08fb9bd9" testId="93b87159-0ec6-7ade-60be-63bd96acd42c" testName="GetUIPackageModelList_WhenNoResult_ReturnsEmptyJsonList" computerName="TFSBUILD11" duration="00:00:00.0098699" startTime="2015-09-28T09:43:39.9380077-07:00" endTime="2015-09-28T09:43:39.9536332-07:00" testType="13cdc9d9-ddb5-4fa4-a97d-d965ccfc6d4b" outcome="Passed" testListId="8c84fa94-04c1-424b-9868-57a2d4851a1d" relativeResultsDirectory="f5f47e43-7213-4bfb-8c25-032d08fb9bd9" />
    <UnitTestResult executionId="39b12b42-3e5b-49e5-aeea-8d0c563b0747" testId="d604adf1-edba-dd66-1e2d-802896583876" testName="GetUIPackageModelDetails_ReturnsJsonPackage" computerName="TFSBUILD11" duration="00:00:00.0152109" startTime="2015-09-28T09:43:39.9536332-07:00" endTime="2015-09-28T09:43:39.9692593-07:00" testType="13cdc9d9-ddb5-4fa4-a97d-d965ccfc6d4b" outcome="Passed" testListId="8c84fa94-04c1-424b-9868-57a2d4851a1d" relativeResultsDirectory="39b12b42-3e5b-49e5-aeea-8d0c563b0747" />
    <UnitTestResult executionId="293eb762-d289-40e3-8a60-f84f722de4c7" testId="de0d45f8-0aec-a488-ad0c-b1abfe728e76" testName="Update_UpdatesPackageUsingPostedData" computerName="TFSBUILD11" duration="00:00:00.0199944" startTime="2015-09-28T09:43:39.9692593-07:00" endTime="2015-09-28T09:43:39.9848852-07:00" testType="13cdc9d9-ddb5-4fa4-a97d-d965ccfc6d4b" outcome="Passed" testListId="8c84fa94-04c1-424b-9868-57a2d4851a1d" relativeResultsDirectory="293eb762-d289-40e3-8a60-f84f722de4c7" />
    <UnitTestResult executionId="cf60a650-d0b9-46cb-b114-fbddf163cea5" testId="40badc9d-9eec-24cf-159a-156a565550dd" testName="GetProjectContainerId_ReturnsCorrectContainerId" computerName="TFSBUILD11" duration="00:00:00.0098901" startTime="2015-09-28T09:43:39.9848852-07:00" endTime="2015-09-28T09:43:40.0005118-07:00" testType="13cdc9d9-ddb5-4fa4-a97d-d965ccfc6d4b" outcome="Passed" testListId="8c84fa94-04c1-424b-9868-57a2d4851a1d" relativeResultsDirectory="cf60a650-d0b9-46cb-b114-fbddf163cea5" />
    <UnitTestResult executionId="80bc79c2-612e-428d-9f1c-042c6b3f70d6" testId="e96577e6-7486-7559-d1f7-31520289be02" testName="GetBuild_ReturnsJsonBuild" computerName="TFSBUILD11" duration="00:00:00.0241071" startTime="2015-09-28T09:43:40.0005118-07:00" endTime="2015-09-28T09:43:40.0161377-07:00" testType="13cdc9d9-ddb5-4fa4-a97d-d965ccfc6d4b" outcome="Passed" testListId="8c84fa94-04c1-424b-9868-57a2d4851a1d" relativeResultsDirectory="80bc79c2-612e-428d-9f1c-042c6b3f70d6" />
    <UnitTestResult executionId="12128617-6698-4b62-8ca1-38d251bab437" testId="ee4ce595-76f3-5bdd-622b-f6baf949f8e1" testName="GetBuildDefinitions_ReturnsJsonBuildDefinitionsList" computerName="TFSBUILD11" duration="00:00:00.0105480" startTime="2015-09-28T09:43:40.0161377-07:00" endTime="2015-09-28T09:43:40.0317638-07:00" testType="13cdc9d9-ddb5-4fa4-a97d-d965ccfc6d4b" outcome="Passed" testListId="8c84fa94-04c1-424b-9868-57a2d4851a1d" relativeResultsDirectory="12128617-6698-4b62-8ca1-38d251bab437" />
    <UnitTestResult executionId="b8263c4b-bfb8-4e62-80be-f00e24fe38e4" testId="428fae7b-0f0c-774d-4718-9a32e4a21ec3" testName="GetBuildDefinitions_WhenNoResult_ReturnsEmptyJsonList" computerName="TFSBUILD11" duration="00:00:00.0098406" startTime="2015-09-28T09:43:40.0317638-07:00" endTime="2015-09-28T09:43:40.0473896-07:00" testType="13cdc9d9-ddb5-4fa4-a97d-d965ccfc6d4b" outcome="Passed" testListId="8c84fa94-04c1-424b-9868-57a2d4851a1d" relativeResultsDirectory="b8263c4b-bfb8-4e62-80be-f00e24fe38e4" />
    <UnitTestResult executionId="e58a2092-6bad-4155-adb2-de6b21f049d5" testId="866ded56-5d67-e895-0e9c-16eab7c842e6" testName="GetBuilds_Throws_WhenDefinition_IsNull" computerName="TFSBUILD11" duration="00:00:00.0093112" startTime="2015-09-28T09:43:40.0473896-07:00" endTime="2015-09-28T09:43:40.0473896-07:00" testType="13cdc9d9-ddb5-4fa4-a97d-d965ccfc6d4b" outcome="Passed" testListId="8c84fa94-04c1-424b-9868-57a2d4851a1d" relativeResultsDirectory="e58a2092-6bad-4155-adb2-de6b21f049d5" />
    <UnitTestResult executionId="a580119a-34e7-4c48-b01c-e4bb1a088ac5" testId="30ea75d5-36ec-5fda-0b43-285a38d4cd84" testName="GetBuilds_ReturnsJsonBuildsList" computerName="TFSBUILD11" duration="00:00:00.0353720" startTime="2015-09-28T09:43:40.0473896-07:00" endTime="2015-09-28T09:43:40.0942682-07:00" testType="13cdc9d9-ddb5-4fa4-a97d-d965ccfc6d4b" outcome="Passed" testListId="8c84fa94-04c1-424b-9868-57a2d4851a1d" relativeResultsDirectory="a580119a-34e7-4c48-b01c-e4bb1a088ac5" />
    <UnitTestResult executionId="ed52f8d0-32f8-4fe3-b11d-b87f405635b7" testId="54498c8e-5f88-0a43-06fc-a8bb7375c054" testName="GetBuilds_TopEqualsMax_GetsOnlyMax" computerName="TFSBUILD11" duration="00:00:00.0168171" startTime="2015-09-28T09:43:40.0942682-07:00" endTime="2015-09-28T09:43:40.1098946-07:00" testType="13cdc9d9-ddb5-4fa4-a97d-d965ccfc6d4b" outcome="Passed" testListId="8c84fa94-04c1-424b-9868-57a2d4851a1d" relativeResultsDirectory="ed52f8d0-32f8-4fe3-b11d-b87f405635b7" />
    <UnitTestResult executionId="373b3546-abc2-48aa-8b02-e4373829d5d3" testId="8d2ef002-79b2-44e3-6f40-197051ee754f" testName="GetBuilds_TopMoreThanMax_GetsOnlyMax" computerName="TFSBUILD11" duration="00:00:00.0054601" startTime="2015-09-28T09:43:40.1098946-07:00" endTime="2015-09-28T09:43:40.1098946-07:00" testType="13cdc9d9-ddb5-4fa4-a97d-d965ccfc6d4b" outcome="Passed" testListId="8c84fa94-04c1-424b-9868-57a2d4851a1d" relativeResultsDirectory="373b3546-abc2-48aa-8b02-e4373829d5d3" />
    <UnitTestResult executionId="12910b17-994e-4a9c-bec0-daea4c231cc9" testId="3177f0ac-1764-cdf3-78fe-bd5f773dee29" testName="GetBuilds_SkipMoreThanMax_GetsOnlyMax" computerName="TFSBUILD11" duration="00:00:00.0093297" startTime="2015-09-28T09:43:40.1098946-07:00" endTime="2015-09-28T09:43:40.1255207-07:00" testType="13cdc9d9-ddb5-4fa4-a97d-d965ccfc6d4b" outcome="Passed" testListId="8c84fa94-04c1-424b-9868-57a2d4851a1d" relativeResultsDirectory="12910b17-994e-4a9c-bec0-daea4c231cc9" />
    <UnitTestResult executionId="24030f89-0e08-4352-9fa8-a346618ac923" testId="3a72a482-d6c0-ccd0-90ad-bfa9e5ff8626" testName="GetBuilds_TopPlusSkip_MoreThanMax_GetsOnlyMax" computerName="TFSBUILD11" duration="00:00:00.0085244" startTime="2015-09-28T09:43:40.1255207-07:00" endTime="2015-09-28T09:43:40.1255207-07:00" testType="13cdc9d9-ddb5-4fa4-a97d-d965ccfc6d4b" outcome="Passed" testListId="8c84fa94-04c1-424b-9868-57a2d4851a1d" relativeResultsDirectory="24030f89-0e08-4352-9fa8-a346618ac923" />
    <UnitTestResult executionId="6096e4cc-058c-4bff-9733-645e481f0a1c" testId="59d164bb-fb7d-36dd-5166-6d10bc28aee3" testName="GetAllBuilds_ReturnsJsonBuildsList" computerName="TFSBUILD11" duration="00:00:00.0103531" startTime="2015-09-28T09:43:40.1255207-07:00" endTime="2015-09-28T09:43:40.1411468-07:00" testType="13cdc9d9-ddb5-4fa4-a97d-d965ccfc6d4b" outcome="Passed" testListId="8c84fa94-04c1-424b-9868-57a2d4851a1d" relativeResultsDirectory="6096e4cc-058c-4bff-9733-645e481f0a1c" />
    <UnitTestResult executionId="93ac3dc8-8367-4590-a4dc-a1156be4732d" testId="0aebdb1c-cac4-c2fa-dafe-4dc49aa425f6" testName="ReturnsProjectDownloadPackagePermissionForUser" computerName="TFSBUILD11" duration="00:00:00.0168788" startTime="2015-09-28T09:43:40.1411468-07:00" endTime="2015-09-28T09:43:40.1567738-07:00" testType="13cdc9d9-ddb5-4fa4-a97d-d965ccfc6d4b" outcome="Passed" testListId="8c84fa94-04c1-424b-9868-57a2d4851a1d" relativeResultsDirectory="93ac3dc8-8367-4590-a4dc-a1156be4732d" />
  </Results>
  <TestDefinitions>
    <UnitTest name="Post_CreatesPackageUsingPostedData" storage="d:\v2.0\a1\_work\dbded102\bin\release.anycpu\tfs.service\ms.tf.server.webaccess.projectdownload.l0.tests\ms.tf.server.webaccess.projectdownload.l0.tests.dll" id="1c2761de-47c5-b964-d43b-3232d3daf94d">
      <Owners>
        <Owner name="pspill" />
      </Owners>
      <Execution id="fca21cc9-4a74-4a9f-a4ea-28eaf84d2cbc" />
      <TestMethod codeBase="D:\v2.0\A1\_work\dbded102\bin\Release.AnyCPU\Tfs.Service\MS.TF.Server.WebAccess.ProjectDownload.L0.Tests\MS.TF.Server.WebAccess.ProjectDownload.L0.Tests.dll" adapterTypeName="Microsoft.VisualStudio.TestTools.TestTypes.Unit.UnitTestAdapter" className="MS.TF.Server.WebAccess.ProjectDownload.L0.Tests.Controllers.PackageControllerTests+Post_method" name="Post_CreatesPackageUsingPostedData" />
    </UnitTest>
    <UnitTest name="PackageDownloadEvent_WhenDownloadClicked_CreatePackageDownloadEventIsCalled" storage="d:\v2.0\a1\_work\dbded102\bin\release.anycpu\tfs.service\ms.tf.server.webaccess.projectdownload.l0.tests\ms.tf.server.webaccess.projectdownload.l0.tests.dll" id="dd2f95f0-1278-3ee9-db26-057281cfee03">
      <Owners>
        <Owner name="vscscodeeng" />
      </Owners>
      <Execution id="30f2399e-7398-44d0-959b-48fc287aa943" />
      <TestMethod codeBase="D:\v2.0\A1\_work\dbded102\bin\Release.AnyCPU\Tfs.Service\MS.TF.Server.WebAccess.ProjectDownload.L0.Tests\MS.TF.Server.WebAccess.ProjectDownload.L0.Tests.dll" adapterTypeName="Microsoft.VisualStudio.TestTools.TestTypes.Unit.UnitTestAdapter" className="MS.TF.Server.WebAccess.ProjectDownload.L0.Tests.Controllers.PackageControllerTests+PackageDownloadEvent_method" name="PackageDownloadEvent_WhenDownloadClicked_CreatePackageDownloadEventIsCalled" />
    </UnitTest>
    <UnitTest name="Delete_MakesCallToDeleteSpecifiedPackage" storage="d:\v2.0\a1\_work\dbded102\bin\release.anycpu\tfs.service\ms.tf.server.webaccess.projectdownload.l0.tests\ms.tf.server.webaccess.projectdownload.l0.tests.dll" id="54c88e14-6f1d-97cb-04c4-e3ea580fe047">
      <Owners>
        <Owner name="vscscodeeng" />
      </Owners>
      <Execution id="8cb53220-f727-43ae-b797-70181862f7fb" />
      <TestMethod codeBase="D:\v2.0\A1\_work\dbded102\bin\Release.AnyCPU\Tfs.Service\MS.TF.Server.WebAccess.ProjectDownload.L0.Tests\MS.TF.Server.WebAccess.ProjectDownload.L0.Tests.dll" adapterTypeName="Microsoft.VisualStudio.TestTools.TestTypes.Unit.UnitTestAdapter" className="MS.TF.Server.WebAccess.ProjectDownload.L0.Tests.Controllers.PackageControllerTests+Delete_method" name="Delete_MakesCallToDeleteSpecifiedPackage" />
    </UnitTest>
    <UnitTest name="Delete_IfSourceTypeIsUserUpload_CallsFileCOntainerServiceToDeleteAssociatedFiles" storage="d:\v2.0\a1\_work\dbded102\bin\release.anycpu\tfs.service\ms.tf.server.webaccess.projectdownload.l0.tests\ms.tf.server.webaccess.projectdownload.l0.tests.dll" id="32b6fb09-c017-0e08-3bd1-0ef44cd3eaba">
      <Owners>
        <Owner name="vscscodeeng" />
      </Owners>
      <Execution id="0c9729ba-a63d-4620-9f49-c899bd666e8b" />
      <TestMethod codeBase="D:\v2.0\A1\_work\dbded102\bin\Release.AnyCPU\Tfs.Service\MS.TF.Server.WebAccess.ProjectDownload.L0.Tests\MS.TF.Server.WebAccess.ProjectDownload.L0.Tests.dll" adapterTypeName="Microsoft.VisualStudio.TestTools.TestTypes.Unit.UnitTestAdapter" className="MS.TF.Server.WebAccess.ProjectDownload.L0.Tests.Controllers.PackageControllerTests+Delete_method" name="Delete_IfSourceTypeIsUserUpload_CallsFileCOntainerServiceToDeleteAssociatedFiles" />
    </UnitTest>
    <UnitTest name="Delete_IfSourceTypeIsNotUserUpload_DoesNotCallFileCOntainerServiceToDeleteAssociatedFiles" storage="d:\v2.0\a1\_work\dbded102\bin\release.anycpu\tfs.service\ms.tf.server.webaccess.projectdownload.l0.tests\ms.tf.server.webaccess.projectdownload.l0.tests.dll" id="3f93c57a-7675-87ea-e763-d97465e6da9c">
      <Owners>
        <Owner name="vscscodeeng" />
      </Owners>
      <Execution id="1efe755f-c96a-4b88-90b7-42ee08719841" />
      <TestMethod codeBase="D:\v2.0\A1\_work\dbded102\bin\Release.AnyCPU\Tfs.Service\MS.TF.Server.WebAccess.ProjectDownload.L0.Tests\MS.TF.Server.WebAccess.ProjectDownload.L0.Tests.dll" adapterTypeName="Microsoft.VisualStudio.TestTools.TestTypes.Unit.UnitTestAdapter" className="MS.TF.Server.WebAccess.ProjectDownload.L0.Tests.Controllers.PackageControllerTests+Delete_method" name="Delete_IfSourceTypeIsNotUserUpload_DoesNotCallFileCOntainerServiceToDeleteAssociatedFiles" />
    </UnitTest>
    <UnitTest name="Delete_ReturnsASuccessJsonResult" storage="d:\v2.0\a1\_work\dbded102\bin\release.anycpu\tfs.service\ms.tf.server.webaccess.projectdownload.l0.tests\ms.tf.server.webaccess.projectdownload.l0.tests.dll" id="2524e39e-8b1a-8798-82ea-a1b878c47c15">
      <Owners>
        <Owner name="vscscodeeng" />
      </Owners>
      <Execution id="2348e30f-ddc0-4992-be11-67fb62b84df5" />
      <TestMethod codeBase="D:\v2.0\A1\_work\dbded102\bin\Release.AnyCPU\Tfs.Service\MS.TF.Server.WebAccess.ProjectDownload.L0.Tests\MS.TF.Server.WebAccess.ProjectDownload.L0.Tests.dll" adapterTypeName="Microsoft.VisualStudio.TestTools.TestTypes.Unit.UnitTestAdapter" className="MS.TF.Server.WebAccess.ProjectDownload.L0.Tests.Controllers.PackageControllerTests+Delete_method" name="Delete_ReturnsASuccessJsonResult" />
    </UnitTest>
    <UnitTest name="GetUIPackageModelList_ReturnsPackageListJson" storage="d:\v2.0\a1\_work\dbded102\bin\release.anycpu\tfs.service\ms.tf.server.webaccess.projectdownload.l0.tests\ms.tf.server.webaccess.projectdownload.l0.tests.dll" id="9fc81289-f17e-cddf-307b-fff7ccb5242b">
      <Owners>
        <Owner name="pspill" />
      </Owners>
      <Execution id="19cfccf6-64ad-4c4f-9937-043571f45f02" />
      <TestMethod codeBase="D:\v2.0\A1\_work\dbded102\bin\Release.AnyCPU\Tfs.Service\MS.TF.Server.WebAccess.ProjectDownload.L0.Tests\MS.TF.Server.WebAccess.ProjectDownload.L0.Tests.dll" adapterTypeName="Microsoft.VisualStudio.TestTools.TestTypes.Unit.UnitTestAdapter" className="MS.TF.Server.WebAccess.ProjectDownload.L0.Tests.Controllers.PackageControllerTests+GetUIPackageModelList_method" name="GetUIPackageModelList_ReturnsPackageListJson" />
    </UnitTest>
    <UnitTest name="GetUIPackageModelList_WhenNoResult_ReturnsEmptyJsonList" storage="d:\v2.0\a1\_work\dbded102\bin\release.anycpu\tfs.service\ms.tf.server.webaccess.projectdownload.l0.tests\ms.tf.server.webaccess.projectdownload.l0.tests.dll" id="93b87159-0ec6-7ade-60be-63bd96acd42c">
      <Owners>
        <Owner name="pspill" />
      </Owners>
      <Execution id="f5f47e43-7213-4bfb-8c25-032d08fb9bd9" />
      <TestMethod codeBase="D:\v2.0\A1\_work\dbded102\bin\Release.AnyCPU\Tfs.Service\MS.TF.Server.WebAccess.ProjectDownload.L0.Tests\MS.TF.Server.WebAccess.ProjectDownload.L0.Tests.dll" adapterTypeName="Microsoft.VisualStudio.TestTools.TestTypes.Unit.UnitTestAdapter" className="MS.TF.Server.WebAccess.ProjectDownload.L0.Tests.Controllers.PackageControllerTests+GetUIPackageModelList_method" name="GetUIPackageModelList_WhenNoResult_ReturnsEmptyJsonList" />
    </UnitTest>
    <UnitTest name="GetUIPackageModelDetails_ReturnsJsonPackage" storage="d:\v2.0\a1\_work\dbded102\bin\release.anycpu\tfs.service\ms.tf.server.webaccess.projectdownload.l0.tests\ms.tf.server.webaccess.projectdownload.l0.tests.dll" id="d604adf1-edba-dd66-1e2d-802896583876">
      <Owners>
        <Owner name="pspill" />
      </Owners>
      <Execution id="39b12b42-3e5b-49e5-aeea-8d0c563b0747" />
      <TestMethod codeBase="D:\v2.0\A1\_work\dbded102\bin\Release.AnyCPU\Tfs.Service\MS.TF.Server.WebAccess.ProjectDownload.L0.Tests\MS.TF.Server.WebAccess.ProjectDownload.L0.Tests.dll" adapterTypeName="Microsoft.VisualStudio.TestTools.TestTypes.Unit.UnitTestAdapter" className="MS.TF.Server.WebAccess.ProjectDownload.L0.Tests.Controllers.PackageControllerTests+GetUIPackageModelDetails_method" name="GetUIPackageModelDetails_ReturnsJsonPackage" />
    </UnitTest>
    <UnitTest name="Update_UpdatesPackageUsingPostedData" storage="d:\v2.0\a1\_work\dbded102\bin\release.anycpu\tfs.service\ms.tf.server.webaccess.projectdownload.l0.tests\ms.tf.server.webaccess.projectdownload.l0.tests.dll" id="de0d45f8-0aec-a488-ad0c-b1abfe728e76">
      <Owners>
        <Owner name="vscscodeeng" />
      </Owners>
      <Execution id="293eb762-d289-40e3-8a60-f84f722de4c7" />
      <TestMethod codeBase="D:\v2.0\A1\_work\dbded102\bin\Release.AnyCPU\Tfs.Service\MS.TF.Server.WebAccess.ProjectDownload.L0.Tests\MS.TF.Server.WebAccess.ProjectDownload.L0.Tests.dll" adapterTypeName="Microsoft.VisualStudio.TestTools.TestTypes.Unit.UnitTestAdapter" className="MS.TF.Server.WebAccess.ProjectDownload.L0.Tests.Controllers.PackageControllerTests+Update_method" name="Update_UpdatesPackageUsingPostedData" />
    </UnitTest>
    <UnitTest name="GetProjectContainerId_ReturnsCorrectContainerId" storage="d:\v2.0\a1\_work\dbded102\bin\release.anycpu\tfs.service\ms.tf.server.webaccess.projectdownload.l0.tests\ms.tf.server.webaccess.projectdownload.l0.tests.dll" id="40badc9d-9eec-24cf-159a-156a565550dd">
      <Owners>
        <Owner name="ednorieg" />
      </Owners>
      <Execution id="cf60a650-d0b9-46cb-b114-fbddf163cea5" />
      <TestMethod codeBase="D:\v2.0\A1\_work\dbded102\bin\Release.AnyCPU\Tfs.Service\MS.TF.Server.WebAccess.ProjectDownload.L0.Tests\MS.TF.Server.WebAccess.ProjectDownload.L0.Tests.dll" adapterTypeName="Microsoft.VisualStudio.TestTools.TestTypes.Unit.UnitTestAdapter" className="MS.TF.Server.WebAccess.ProjectDownload.L0.Tests.Controllers.PackageControllerTests+GetProjectContainerId_method" name="GetProjectContainerId_ReturnsCorrectContainerId" />
    </UnitTest>
    <UnitTest name="GetBuild_ReturnsJsonBuild" storage="d:\v2.0\a1\_work\dbded102\bin\release.anycpu\tfs.service\ms.tf.server.webaccess.projectdownload.l0.tests\ms.tf.server.webaccess.projectdownload.l0.tests.dll" id="e96577e6-7486-7559-d1f7-31520289be02">
      <Owners>
        <Owner name="vscscodeeng" />
      </Owners>
      <Execution id="80bc79c2-612e-428d-9f1c-042c6b3f70d6" />
      <TestMethod codeBase="D:\v2.0\A1\_work\dbded102\bin\Release.AnyCPU\Tfs.Service\MS.TF.Server.WebAccess.ProjectDownload.L0.Tests\MS.TF.Server.WebAccess.ProjectDownload.L0.Tests.dll" adapterTypeName="Microsoft.VisualStudio.TestTools.TestTypes.Unit.UnitTestAdapter" className="MS.TF.Server.WebAccess.ProjectDownload.L0.Tests.Controllers.PackageControllerTests+GetBuildMethod" name="GetBuild_ReturnsJsonBuild" />
    </UnitTest>
    <UnitTest name="GetBuildDefinitions_ReturnsJsonBuildDefinitionsList" storage="d:\v2.0\a1\_work\dbded102\bin\release.anycpu\tfs.service\ms.tf.server.webaccess.projectdownload.l0.tests\ms.tf.server.webaccess.projectdownload.l0.tests.dll" id="ee4ce595-76f3-5bdd-622b-f6baf949f8e1">
      <Owners>
        <Owner name="vscscodeeng" />
      </Owners>
      <Execution id="12128617-6698-4b62-8ca1-38d251bab437" />
      <TestMethod codeBase="D:\v2.0\A1\_work\dbded102\bin\Release.AnyCPU\Tfs.Service\MS.TF.Server.WebAccess.ProjectDownload.L0.Tests\MS.TF.Server.WebAccess.ProjectDownload.L0.Tests.dll" adapterTypeName="Microsoft.VisualStudio.TestTools.TestTypes.Unit.UnitTestAdapter" className="MS.TF.Server.WebAccess.ProjectDownload.L0.Tests.Controllers.PackageControllerTests+GetBuilDefinitionsdMethod" name="GetBuildDefinitions_ReturnsJsonBuildDefinitionsList" />
    </UnitTest>
    <UnitTest name="GetBuildDefinitions_WhenNoResult_ReturnsEmptyJsonList" storage="d:\v2.0\a1\_work\dbded102\bin\release.anycpu\tfs.service\ms.tf.server.webaccess.projectdownload.l0.tests\ms.tf.server.webaccess.projectdownload.l0.tests.dll" id="428fae7b-0f0c-774d-4718-9a32e4a21ec3">
      <Owners>
        <Owner name="vscscodeeng" />
      </Owners>
      <Execution id="b8263c4b-bfb8-4e62-80be-f00e24fe38e4" />
      <TestMethod codeBase="D:\v2.0\A1\_work\dbded102\bin\Release.AnyCPU\Tfs.Service\MS.TF.Server.WebAccess.ProjectDownload.L0.Tests\MS.TF.Server.WebAccess.ProjectDownload.L0.Tests.dll" adapterTypeName="Microsoft.VisualStudio.TestTools.TestTypes.Unit.UnitTestAdapter" className="MS.TF.Server.WebAccess.ProjectDownload.L0.Tests.Controllers.PackageControllerTests+GetBuilDefinitionsdMethod" name="GetBuildDefinitions_WhenNoResult_ReturnsEmptyJsonList" />
    </UnitTest>
    <UnitTest name="GetBuilds_Throws_WhenDefinition_IsNull" storage="d:\v2.0\a1\_work\dbded102\bin\release.anycpu\tfs.service\ms.tf.server.webaccess.projectdownload.l0.tests\ms.tf.server.webaccess.projectdownload.l0.tests.dll" id="866ded56-5d67-e895-0e9c-16eab7c842e6">
      <Owners>
        <Owner name="vscscodeeng" />
      </Owners>
      <Execution id="e58a2092-6bad-4155-adb2-de6b21f049d5" />
      <TestMethod codeBase="D:\v2.0\A1\_work\dbded102\bin\Release.AnyCPU\Tfs.Service\MS.TF.Server.WebAccess.ProjectDownload.L0.Tests\MS.TF.Server.WebAccess.ProjectDownload.L0.Tests.dll" adapterTypeName="Microsoft.VisualStudio.TestTools.TestTypes.Unit.UnitTestAdapter" className="MS.TF.Server.WebAccess.ProjectDownload.L0.Tests.Controllers.PackageControllerTests+GetBuildsMethod" name="GetBuilds_Throws_WhenDefinition_IsNull" />
    </UnitTest>
    <UnitTest name="GetBuilds_ReturnsJsonBuildsList" storage="d:\v2.0\a1\_work\dbded102\bin\release.anycpu\tfs.service\ms.tf.server.webaccess.projectdownload.l0.tests\ms.tf.server.webaccess.projectdownload.l0.tests.dll" id="30ea75d5-36ec-5fda-0b43-285a38d4cd84">
      <Owners>
        <Owner name="vscscodeeng" />
      </Owners>
      <Execution id="a580119a-34e7-4c48-b01c-e4bb1a088ac5" />
      <TestMethod codeBase="D:\v2.0\A1\_work\dbded102\bin\Release.AnyCPU\Tfs.Service\MS.TF.Server.WebAccess.ProjectDownload.L0.Tests\MS.TF.Server.WebAccess.ProjectDownload.L0.Tests.dll" adapterTypeName="Microsoft.VisualStudio.TestTools.TestTypes.Unit.UnitTestAdapter" className="MS.TF.Server.WebAccess.ProjectDownload.L0.Tests.Controllers.PackageControllerTests+GetBuildsMethod" name="GetBuilds_ReturnsJsonBuildsList" />
    </UnitTest>
    <UnitTest name="GetBuilds_TopEqualsMax_GetsOnlyMax" storage="d:\v2.0\a1\_work\dbded102\bin\release.anycpu\tfs.service\ms.tf.server.webaccess.projectdownload.l0.tests\ms.tf.server.webaccess.projectdownload.l0.tests.dll" id="54498c8e-5f88-0a43-06fc-a8bb7375c054">
      <Owners>
        <Owner name="vscscodeeng" />
      </Owners>
      <Execution id="ed52f8d0-32f8-4fe3-b11d-b87f405635b7" />
      <TestMethod codeBase="D:\v2.0\A1\_work\dbded102\bin\Release.AnyCPU\Tfs.Service\MS.TF.Server.WebAccess.ProjectDownload.L0.Tests\MS.TF.Server.WebAccess.ProjectDownload.L0.Tests.dll" adapterTypeName="Microsoft.VisualStudio.TestTools.TestTypes.Unit.UnitTestAdapter" className="MS.TF.Server.WebAccess.ProjectDownload.L0.Tests.Controllers.PackageControllerTests+GetBuildsMethod" name="GetBuilds_TopEqualsMax_GetsOnlyMax" />
    </UnitTest>
    <UnitTest name="GetBuilds_TopMoreThanMax_GetsOnlyMax" storage="d:\v2.0\a1\_work\dbded102\bin\release.anycpu\tfs.service\ms.tf.server.webaccess.projectdownload.l0.tests\ms.tf.server.webaccess.projectdownload.l0.tests.dll" id="8d2ef002-79b2-44e3-6f40-197051ee754f">
      <Owners>
        <Owner name="vscscodeeng" />
      </Owners>
      <Execution id="373b3546-abc2-48aa-8b02-e4373829d5d3" />
      <TestMethod codeBase="D:\v2.0\A1\_work\dbded102\bin\Release.AnyCPU\Tfs.Service\MS.TF.Server.WebAccess.ProjectDownload.L0.Tests\MS.TF.Server.WebAccess.ProjectDownload.L0.Tests.dll" adapterTypeName="Microsoft.VisualStudio.TestTools.TestTypes.Unit.UnitTestAdapter" className="MS.TF.Server.WebAccess.ProjectDownload.L0.Tests.Controllers.PackageControllerTests+GetBuildsMethod" name="GetBuilds_TopMoreThanMax_GetsOnlyMax" />
    </UnitTest>
    <UnitTest name="GetBuilds_SkipMoreThanMax_GetsOnlyMax" storage="d:\v2.0\a1\_work\dbded102\bin\release.anycpu\tfs.service\ms.tf.server.webaccess.projectdownload.l0.tests\ms.tf.server.webaccess.projectdownload.l0.tests.dll" id="3177f0ac-1764-cdf3-78fe-bd5f773dee29">
      <Owners>
        <Owner name="vscscodeeng" />
      </Owners>
      <Execution id="12910b17-994e-4a9c-bec0-daea4c231cc9" />
      <TestMethod codeBase="D:\v2.0\A1\_work\dbded102\bin\Release.AnyCPU\Tfs.Service\MS.TF.Server.WebAccess.ProjectDownload.L0.Tests\MS.TF.Server.WebAccess.ProjectDownload.L0.Tests.dll" adapterTypeName="Microsoft.VisualStudio.TestTools.TestTypes.Unit.UnitTestAdapter" className="MS.TF.Server.WebAccess.ProjectDownload.L0.Tests.Controllers.PackageControllerTests+GetBuildsMethod" name="GetBuilds_SkipMoreThanMax_GetsOnlyMax" />
    </UnitTest>
    <UnitTest name="GetBuilds_TopPlusSkip_MoreThanMax_GetsOnlyMax" storage="d:\v2.0\a1\_work\dbded102\bin\release.anycpu\tfs.service\ms.tf.server.webaccess.projectdownload.l0.tests\ms.tf.server.webaccess.projectdownload.l0.tests.dll" id="3a72a482-d6c0-ccd0-90ad-bfa9e5ff8626">
      <Owners>
        <Owner name="vscscodeeng" />
      </Owners>
      <Execution id="24030f89-0e08-4352-9fa8-a346618ac923" />
      <TestMethod codeBase="D:\v2.0\A1\_work\dbded102\bin\Release.AnyCPU\Tfs.Service\MS.TF.Server.WebAccess.ProjectDownload.L0.Tests\MS.TF.Server.WebAccess.ProjectDownload.L0.Tests.dll" adapterTypeName="Microsoft.VisualStudio.TestTools.TestTypes.Unit.UnitTestAdapter" className="MS.TF.Server.WebAccess.ProjectDownload.L0.Tests.Controllers.PackageControllerTests+GetBuildsMethod" name="GetBuilds_TopPlusSkip_MoreThanMax_GetsOnlyMax" />
    </UnitTest>
    <UnitTest name="GetAllBuilds_ReturnsJsonBuildsList" storage="d:\v2.0\a1\_work\dbded102\bin\release.anycpu\tfs.service\ms.tf.server.webaccess.projectdownload.l0.tests\ms.tf.server.webaccess.projectdownload.l0.tests.dll" id="59d164bb-fb7d-36dd-5166-6d10bc28aee3">
      <Owners>
        <Owner name="vscscodeeng" />
      </Owners>
      <Execution id="6096e4cc-058c-4bff-9733-645e481f0a1c" />
      <TestMethod codeBase="D:\v2.0\A1\_work\dbded102\bin\Release.AnyCPU\Tfs.Service\MS.TF.Server.WebAccess.ProjectDownload.L0.Tests\MS.TF.Server.WebAccess.ProjectDownload.L0.Tests.dll" adapterTypeName="Microsoft.VisualStudio.TestTools.TestTypes.Unit.UnitTestAdapter" className="MS.TF.Server.WebAccess.ProjectDownload.L0.Tests.Controllers.PackageControllerTests+GetAllBuildsMethod" name="GetAllBuilds_ReturnsJsonBuildsList" />
    </UnitTest>
    <UnitTest name="ReturnsProjectDownloadPackagePermissionForUser" storage="d:\v2.0\a1\_work\dbded102\bin\release.anycpu\tfs.service\ms.tf.server.webaccess.projectdownload.l0.tests\ms.tf.server.webaccess.projectdownload.l0.tests.dll" id="0aebdb1c-cac4-c2fa-dafe-4dc49aa425f6">
      <Owners>
        <Owner name="vscscodeeng" />
      </Owners>
      <Execution id="93ac3dc8-8367-4590-a4dc-a1156be4732d" />
      <TestMethod codeBase="D:\v2.0\A1\_work\dbded102\bin\Release.AnyCPU\Tfs.Service\MS.TF.Server.WebAccess.ProjectDownload.L0.Tests\MS.TF.Server.WebAccess.ProjectDownload.L0.Tests.dll" adapterTypeName="Microsoft.VisualStudio.TestTools.TestTypes.Unit.UnitTestAdapter" className="MS.TF.Server.WebAccess.ProjectDownload.L0.Tests.Controllers.PackageControllerTests+GetProjectDownloadPermissions_method" name="ReturnsProjectDownloadPackagePermissionForUser" />
    </UnitTest>
  </TestDefinitions>
  <TestEntries>
    <TestEntry testId="1c2761de-47c5-b964-d43b-3232d3daf94d" executionId="fca21cc9-4a74-4a9f-a4ea-28eaf84d2cbc" testListId="8c84fa94-04c1-424b-9868-57a2d4851a1d" />
    <TestEntry testId="dd2f95f0-1278-3ee9-db26-057281cfee03" executionId="30f2399e-7398-44d0-959b-48fc287aa943" testListId="8c84fa94-04c1-424b-9868-57a2d4851a1d" />
    <TestEntry testId="54c88e14-6f1d-97cb-04c4-e3ea580fe047" executionId="8cb53220-f727-43ae-b797-70181862f7fb" testListId="8c84fa94-04c1-424b-9868-57a2d4851a1d" />
    <TestEntry testId="32b6fb09-c017-0e08-3bd1-0ef44cd3eaba" executionId="0c9729ba-a63d-4620-9f49-c899bd666e8b" testListId="8c84fa94-04c1-424b-9868-57a2d4851a1d" />
    <TestEntry testId="3f93c57a-7675-87ea-e763-d97465e6da9c" executionId="1efe755f-c96a-4b88-90b7-42ee08719841" testListId="8c84fa94-04c1-424b-9868-57a2d4851a1d" />
    <TestEntry testId="2524e39e-8b1a-8798-82ea-a1b878c47c15" executionId="2348e30f-ddc0-4992-be11-67fb62b84df5" testListId="8c84fa94-04c1-424b-9868-57a2d4851a1d" />
    <TestEntry testId="9fc81289-f17e-cddf-307b-fff7ccb5242b" executionId="19cfccf6-64ad-4c4f-9937-043571f45f02" testListId="8c84fa94-04c1-424b-9868-57a2d4851a1d" />
    <TestEntry testId="93b87159-0ec6-7ade-60be-63bd96acd42c" executionId="f5f47e43-7213-4bfb-8c25-032d08fb9bd9" testListId="8c84fa94-04c1-424b-9868-57a2d4851a1d" />
    <TestEntry testId="d604adf1-edba-dd66-1e2d-802896583876" executionId="39b12b42-3e5b-49e5-aeea-8d0c563b0747" testListId="8c84fa94-04c1-424b-9868-57a2d4851a1d" />
    <TestEntry testId="de0d45f8-0aec-a488-ad0c-b1abfe728e76" executionId="293eb762-d289-40e3-8a60-f84f722de4c7" testListId="8c84fa94-04c1-424b-9868-57a2d4851a1d" />
    <TestEntry testId="40badc9d-9eec-24cf-159a-156a565550dd" executionId="cf60a650-d0b9-46cb-b114-fbddf163cea5" testListId="8c84fa94-04c1-424b-9868-57a2d4851a1d" />
    <TestEntry testId="e96577e6-7486-7559-d1f7-31520289be02" executionId="80bc79c2-612e-428d-9f1c-042c6b3f70d6" testListId="8c84fa94-04c1-424b-9868-57a2d4851a1d" />
    <TestEntry testId="ee4ce595-76f3-5bdd-622b-f6baf949f8e1" executionId="12128617-6698-4b62-8ca1-38d251bab437" testListId="8c84fa94-04c1-424b-9868-57a2d4851a1d" />
    <TestEntry testId="428fae7b-0f0c-774d-4718-9a32e4a21ec3" executionId="b8263c4b-bfb8-4e62-80be-f00e24fe38e4" testListId="8c84fa94-04c1-424b-9868-57a2d4851a1d" />
    <TestEntry testId="866ded56-5d67-e895-0e9c-16eab7c842e6" executionId="e58a2092-6bad-4155-adb2-de6b21f049d5" testListId="8c84fa94-04c1-424b-9868-57a2d4851a1d" />
    <TestEntry testId="30ea75d5-36ec-5fda-0b43-285a38d4cd84" executionId="a580119a-34e7-4c48-b01c-e4bb1a088ac5" testListId="8c84fa94-04c1-424b-9868-57a2d4851a1d" />
    <TestEntry testId="54498c8e-5f88-0a43-06fc-a8bb7375c054" executionId="ed52f8d0-32f8-4fe3-b11d-b87f405635b7" testListId="8c84fa94-04c1-424b-9868-57a2d4851a1d" />
    <TestEntry testId="8d2ef002-79b2-44e3-6f40-197051ee754f" executionId="373b3546-abc2-48aa-8b02-e4373829d5d3" testListId="8c84fa94-04c1-424b-9868-57a2d4851a1d" />
    <TestEntry testId="3177f0ac-1764-cdf3-78fe-bd5f773dee29" executionId="12910b17-994e-4a9c-bec0-daea4c231cc9" testListId="8c84fa94-04c1-424b-9868-57a2d4851a1d" />
    <TestEntry testId="3a72a482-d6c0-ccd0-90ad-bfa9e5ff8626" executionId="24030f89-0e08-4352-9fa8-a346618ac923" testListId="8c84fa94-04c1-424b-9868-57a2d4851a1d" />
    <TestEntry testId="59d164bb-fb7d-36dd-5166-6d10bc28aee3" executionId="6096e4cc-058c-4bff-9733-645e481f0a1c" testListId="8c84fa94-04c1-424b-9868-57a2d4851a1d" />
    <TestEntry testId="0aebdb1c-cac4-c2fa-dafe-4dc49aa425f6" executionId="93ac3dc8-8367-4590-a4dc-a1156be4732d" testListId="8c84fa94-04c1-424b-9868-57a2d4851a1d" />
  </TestEntries>
  <TestLists>
    <TestList name="Results Not in a List" id="8c84fa94-04c1-424b-9868-57a2d4851a1d" />
    <TestList name="All Loaded Results" id="19431567-8539-422a-85d7-44ee4e166bda" />
  </TestLists>
  <ResultSummary outcome="Completed">
    <Counters total="22" executed="22" passed="22" failed="0" error="0" timeout="0" aborted="0" inconclusive="0" passedButRunAborted="0" notRunnable="0" notExecuted="0" disconnected="0" warning="0" completed="0" inProgress="0" pending="0" />
  </ResultSummary>
</TestRun>